Hash Join  (cost=102767.86..222531.94 rows=1200305 width=0) (actual time=4781.976..10240.153 rows=1209390 loops=1)
  Hash Cond: (mk.movie_id = t.id)
  ->  Seq Scan on movie_keyword mk  (cost=0.00..81003.12 rows=1200305 width=4) (actual time=0.015..3911.014 rows=1209390 loops=1)
        Filter: (keyword_id > 15146)
        Rows Removed by Filter: 3314540
  ->  Hash  (cost=61283.27..61283.27 rows=2528527 width=4) (actual time=4780.218..4780.218 rows=2528312 loops=1)
        Buckets: 131072  Batches: 64  Memory Usage: 2425kB
        ->  Seq Scan on title t  (cost=0.00..61283.27 rows=2528527 width=4) (actual time=0.016..3632.770 rows=2528312 loops=1)
Planning time: 0.715 ms
Execution time: 10422.710 ms
