Hash Join  (cost=73930.12..100859.68 rows=62 width=0) (actual time=1003.093..1420.805 rows=10 loops=1)
  Hash Cond: (mi_idx.movie_id = t.id)
  ->  Seq Scan on movie_info_idx mi_idx  (cost=0.00..25185.44 rows=464934 width=4) (actual time=0.024..367.272 rows=460185 loops=1)
        Filter: (info_type_id > 100)
        Rows Removed by Filter: 919850
  ->  Hash  (cost=73925.90..73925.90 rows=337 width=4) (actual time=995.351..995.351 rows=26 loops=1)
        Buckets: 1024  Batches: 1  Memory Usage: 9kB
        ->  Seq Scan on title t  (cost=0.00..73925.90 rows=337 width=4) (actual time=426.759..995.303 rows=26 loops=1)
              Filter: ((kind_id = 4) AND (production_year = 1978))
              Rows Removed by Filter: 2528286
Planning time: 0.761 ms
Execution time: 1420.897 ms
