Hash Join  (cost=217831.94..603890.44 rows=1073338 width=0) (actual time=8205.893..13131.943 rows=2345795 loops=1)
  Hash Cond: (mi.movie_id = t.id)
  ->  Seq Scan on movie_info mi  (cost=0.00..346232.03 rows=2073893 width=4) (actual time=2983.808..5703.996 rows=2091068 loops=1)
        Filter: (info_type_id < 3)
        Rows Removed by Filter: 12744652
  ->  Hash  (cost=196362.02..196362.02 rows=1308633 width=8) (actual time=5220.783..5220.783 rows=1368516 loops=1)
        Buckets: 131072  Batches: 32  Memory Usage: 2734kB
        ->  Hash Join  (cost=104131.46..196362.02 rows=1308633 width=8) (actual time=2006.491..4796.548 rows=1368516 loops=1)
              Hash Cond: (mc.movie_id = t.id)
              ->  Seq Scan on movie_companies mc  (cost=0.00..51404.11 rows=1486224 width=4) (actual time=0.053..1018.242 rows=1488322 loops=1)
                    Filter: (company_id > 7851)
                    Rows Removed by Filter: 1120807
              ->  Hash  (cost=67604.59..67604.59 rows=2226390 width=4) (actual time=2005.446..2005.446 rows=2224569 loops=1)
                    Buckets: 131072  Batches: 32  Memory Usage: 3463kB
                    ->  Seq Scan on title t  (cost=0.00..67604.59 rows=2226390 width=4) (actual time=0.036..1305.580 rows=2224569 loops=1)
                          Filter: (production_year < 2012)
                          Rows Removed by Filter: 303743
Planning time: 2.582 ms
Execution time: 13402.268 ms
