Hash Join  (cost=147219.96..1076379.89 rows=731689 width=0) (actual time=2993.654..24191.731 rows=1534936 loops=1)
  Hash Cond: (ci.movie_id = t.id)
  ->  Seq Scan on cast_info ci  (cost=0.00..705507.15 rows=18676504 width=4) (actual time=2.289..13808.004 rows=18573124 loops=1)
        Filter: (person_id < 1848489)
        Rows Removed by Filter: 17671220
  ->  Hash  (cost=145594.71..145594.71 rows=99060 width=8) (actual time=2957.811..2957.811 rows=87493 loops=1)
        Buckets: 131072  Batches: 2  Memory Usage: 2772kB
        ->  Hash Join  (cost=69179.59..145594.71 rows=99060 width=8) (actual time=1114.795..2925.921 rows=87493 loops=1)
              Hash Cond: (mc.movie_id = t.id)
              ->  Seq Scan on movie_companies mc  (cost=0.00..44881.29 rows=2609129 width=4) (actual time=0.026..860.353 rows=2609129 loops=1)
              ->  Hash  (cost=67604.59..67604.59 rows=96000 width=4) (actual time=1114.027..1114.027 rows=95005 loops=1)
                    Buckets: 131072  Batches: 2  Memory Usage: 2716kB
                    ->  Seq Scan on title t  (cost=0.00..67604.59 rows=96000 width=4) (actual time=0.023..1074.308 rows=95005 loops=1)
                          Filter: (production_year = 2005)
                          Rows Removed by Filter: 2433307
Planning time: 0.817 ms
Execution time: 24374.031 ms
