Hash Join  (cost=154497.05..510904.70 rows=36499 width=0) (actual time=5150.224..8756.678 rows=159504 loops=1)
  Hash Cond: (mi.movie_id = t.id)
  ->  Seq Scan on movie_info mi  (cost=0.00..346232.03 rows=809768 width=4) (actual time=2247.595..5435.801 rows=802140 loops=1)
        Filter: (info_type_id < 2)
        Rows Removed by Filter: 14033580
  ->  Hash  (cost=152626.44..152626.44 rows=113969 width=8) (actual time=2901.777..2901.777 rows=177475 loops=1)
        Buckets: 131072 (originally 131072)  Batches: 4 (originally 2)  Memory Usage: 3073kB
        ->  Hash Join  (cost=86178.74..152626.44 rows=113969 width=8) (actual time=1426.929..2839.284 rows=177475 loops=1)
              Hash Cond: (mc.movie_id = t.id)
              ->  Seq Scan on movie_companies mc  (cost=0.00..57926.93 rows=385886 width=4) (actual time=0.028..990.291 rows=544308 loops=1)
                    Filter: ((company_id < 1680) AND (company_type_id = 1))
                    Rows Removed by Filter: 2064821
              ->  Hash  (cost=73925.90..73925.90 rows=746787 width=4) (actual time=1426.057..1426.057 rows=650324 loops=1)
                    Buckets: 131072  Batches: 16  Memory Usage: 2453kB
                    ->  Seq Scan on title t  (cost=0.00..73925.90 rows=746787 width=4) (actual time=0.020..1220.084 rows=650324 loops=1)
                          Filter: ((kind_id < 7) AND (production_year > 1982))
                          Rows Removed by Filter: 1877988
Planning time: 1.611 ms
Execution time: 8778.265 ms
