Hash Join  (cost=94811.97..132688.73 rows=234082 width=0) (actual time=1881.515..2875.222 rows=184606 loops=1)
  Hash Cond: (mi_idx.movie_id = t.id)
  ->  Seq Scan on movie_info_idx mi_idx  (cost=0.00..25185.44 rows=464934 width=4) (actual time=0.035..484.505 rows=460185 loops=1)
        Filter: (info_type_id > 100)
        Rows Removed by Filter: 919850
  ->  Hash  (cost=73925.90..73925.90 rows=1273045 width=4) (actual time=1880.473..1880.473 rows=1394954 loops=1)
        Buckets: 131072  Batches: 32  Memory Usage: 2564kB
        ->  Seq Scan on title t  (cost=0.00..73925.90 rows=1273045 width=4) (actual time=0.024..1427.363 rows=1394954 loops=1)
              Filter: ((kind_id > 1) AND (production_year > 1991))
              Rows Removed by Filter: 1133358
Planning time: 0.817 ms
Execution time: 2897.655 ms
