Seq Scan on movie_keyword mk  (cost=0.00..81003.12 rows=1390743 width=0) (actual time=0.022..1496.001 rows=1405291 loops=1)
  Filter: (keyword_id < 1913)
  Rows Removed by Filter: 3118639
Planning time: 0.330 ms
Execution time: 1676.214 ms
