Hash Join  (cost=52285.10..79196.08 rows=50 width=0) (actual time=830.163..1400.042 rows=348 loops=1)
  Hash Cond: (mi_idx.movie_id = t.id)
  ->  Seq Scan on movie_info_idx mi_idx  (cost=0.00..21735.35 rows=1380035 width=4) (actual time=0.016..323.167 rows=1380035 loops=1)
  ->  Hash  (cost=52283.95..52283.95 rows=92 width=8) (actual time=827.225..827.225 rows=447 loops=1)
        Buckets: 1024  Batches: 1  Memory Usage: 26kB
        ->  Nested Loop  (cost=0.43..52283.95 rows=92 width=8) (actual time=0.155..826.918 rows=447 loops=1)
              ->  Seq Scan on movie_companies mc  (cost=0.00..51404.11 rows=104 width=4) (actual time=0.107..810.503 rows=449 loops=1)
                    Filter: (company_id = 5197)
                    Rows Removed by Filter: 2608680
              ->  Index Scan using title_pkey on title t  (cost=0.43..8.45 rows=1 width=4) (actual time=0.035..0.035 rows=1 loops=449)
                    Index Cond: (id = mc.movie_id)
                    Filter: (production_year > 1957)
                    Rows Removed by Filter: 0
Planning time: 0.821 ms
Execution time: 1400.242 ms
