Hash Join  (cost=175753.96..538325.81 rows=96736 width=0) (actual time=4931.120..9749.957 rows=513453 loops=1)
  Hash Cond: (mi.movie_id = t.id)
  ->  Seq Scan on movie_info mi  (cost=0.00..346232.03 rows=1264125 width=4) (actual time=1149.110..5485.113 rows=1288928 loops=1)
        Filter: (info_type_id = 2)
        Rows Removed by Filter: 13546792
  ->  Hash  (cost=172579.28..172579.28 rows=193494 width=8) (actual time=3426.197..3426.197 rows=493737 loops=1)
        Buckets: 131072 (originally 131072)  Batches: 8 (originally 4)  Memory Usage: 3548kB
        ->  Hash Join  (cost=78556.72..172579.28 rows=193494 width=8) (actual time=1283.381..3272.155 rows=493737 loops=1)
              Hash Cond: (mk.movie_id = t.id)
              ->  Seq Scan on movie_keyword mk  (cost=0.00..81003.12 rows=732931 width=4) (actual time=0.032..1392.490 rows=740038 loops=1)
                    Filter: (keyword_id > 25359)
                    Rows Removed by Filter: 3783892
              ->  Hash  (cost=67604.59..67604.59 rows=667531 width=4) (actual time=1282.469..1282.469 rows=662825 loops=1)
                    Buckets: 131072  Batches: 16  Memory Usage: 2486kB
                    ->  Seq Scan on title t  (cost=0.00..67604.59 rows=667531 width=4) (actual time=0.023..1082.395 rows=662825 loops=1)
                          Filter: (kind_id = 1)
                          Rows Removed by Filter: 1865487
Planning time: 1.185 ms
Execution time: 9816.045 ms
