Seq Scan on movie_companies mc  (cost=0.00..51404.11 rows=1857689 width=0) (actual time=0.023..1011.218 rows=1853051 loops=1)
  Filter: (company_id < 36031)
  Rows Removed by Filter: 756078
Planning time: 0.375 ms
Execution time: 1251.125 ms
