Hash Join  (cost=269042.80..883144.47 rows=10859385 width=0) (actual time=5802.551..41260.622 rows=102536694 loops=1)
  Hash Cond: (mi.movie_id = t.id)
  ->  Seq Scan on movie_info mi  (cost=0.00..309384.22 rows=14739122 width=4) (actual time=0.013..6307.999 rows=14835720 loops=1)
  ->  Hash  (cost=238477.92..238477.92 rows=1862950 width=8) (actual time=5801.522..5801.522 rows=1868104 loops=1)
        Buckets: 131072  Batches: 32  Memory Usage: 3375kB
        ->  Hash Join  (cost=102767.86..238477.92 rows=1862950 width=8) (actual time=1933.158..5285.180 rows=1868104 loops=1)
              Hash Cond: (mk.movie_id = t.id)
              ->  Seq Scan on movie_keyword mk  (cost=0.00..81003.12 rows=1862950 width=4) (actual time=0.035..1567.498 rows=1868104 loops=1)
                    Filter: (keyword_id > 7366)
                    Rows Removed by Filter: 2655826
              ->  Hash  (cost=61283.27..61283.27 rows=2528527 width=4) (actual time=1930.240..1930.240 rows=2528312 loops=1)
                    Buckets: 131072  Batches: 64  Memory Usage: 2425kB
                    ->  Seq Scan on title t  (cost=0.00..61283.27 rows=2528527 width=4) (actual time=0.016..1046.056 rows=2528312 loops=1)
Planning time: 1.062 ms
Execution time: 52063.501 ms
