Seq Scan on movie_companies mc  (cost=0.00..51404.11 rows=774519 width=0) (actual time=0.028..911.687 rows=766278 loops=1)
  Filter: (company_id < 1593)
  Rows Removed by Filter: 1842851
Planning time: 1.023 ms
Execution time: 1012.773 ms
