Seq Scan on movie_companies mc  (cost=0.00..51404.11 rows=104 width=0) (actual time=0.041..794.193 rows=2519 loops=1)
  Filter: (company_id = 115)
  Rows Removed by Filter: 2606610
Planning time: 0.411 ms
Execution time: 794.828 ms
