Seq Scan on title t  (cost=0.00..73925.90 rows=337 width=0) (actual time=244.772..1026.828 rows=2 loops=1)
  Filter: ((kind_id = 4) AND (production_year = 1965))
  Rows Removed by Filter: 2528310
Planning time: 0.427 ms
Execution time: 1026.961 ms
