Seq Scan on cast_info ci  (cost=0.00..705507.15 rows=500 width=0) (actual time=2157.193..11458.948 rows=2263 loops=1)
  Filter: (person_id = 2082015)
  Rows Removed by Filter: 36242081
Planning time: 0.339 ms
Execution time: 11459.339 ms
