Hash Join  (cost=74131.99..101089.84 rows=3029 width=0) (actual time=1242.162..1791.955 rows=2184 loops=1)
  Hash Cond: (mi_idx.movie_id = t.id)
  ->  Seq Scan on movie_info_idx mi_idx  (cost=0.00..25185.44 rows=464566 width=4) (actual time=0.019..462.424 rows=459925 loops=1)
        Filter: (info_type_id = 101)
        Rows Removed by Filter: 920110
  ->  Hash  (cost=73925.90..73925.90 rows=16487 width=4) (actual time=1224.156..1224.156 rows=16247 loops=1)
        Buckets: 32768  Batches: 1  Memory Usage: 828kB
        ->  Seq Scan on title t  (cost=0.00..73925.90 rows=16487 width=4) (actual time=2.018..1216.720 rows=16247 loops=1)
              Filter: ((kind_id = 7) AND (production_year = 1993))
              Rows Removed by Filter: 2512065
Planning time: 0.664 ms
Execution time: 1792.472 ms
