Hash Join  (cost=214197.72..359697.51 rows=1928675 width=0) (actual time=4944.310..14523.537 rows=26443187 loops=1)
  Hash Cond: (mk.movie_id = t.id)
  ->  Seq Scan on movie_keyword mk  (cost=0.00..69693.30 rows=4523930 width=4) (actual time=0.016..1410.644 rows=4523930 loops=1)
  ->  Hash  (cost=196511.97..196511.97 rows=1077980 width=8) (actual time=4943.442..4943.442 rows=1274246 loops=1)
        Buckets: 131072 (originally 131072)  Batches: 32 (originally 16)  Memory Usage: 3073kB
        ->  Hash Join  (cost=102767.86..196511.97 rows=1077980 width=8) (actual time=2273.824..4581.724 rows=1274246 loops=1)
              Hash Cond: (mc.movie_id = t.id)
              ->  Seq Scan on movie_companies mc  (cost=0.00..57926.93 rows=1077980 width=4) (actual time=425.030..1133.909 rows=1274246 loops=1)
                    Filter: ((company_id < 80619) AND (company_type_id < 2))
                    Rows Removed by Filter: 1334883
              ->  Hash  (cost=61283.27..61283.27 rows=2528527 width=4) (actual time=1847.416..1847.416 rows=2528312 loops=1)
                    Buckets: 131072  Batches: 64  Memory Usage: 2415kB
                    ->  Seq Scan on title t  (cost=0.00..61283.27 rows=2528527 width=4) (actual time=0.022..1014.503 rows=2528312 loops=1)
Planning time: 1.207 ms
Execution time: 17530.502 ms
