Hash Join  (cost=291900.72..728846.70 rows=3479617 width=0) (actual time=7729.125..17094.067 rows=9509650 loops=1)
  Hash Cond: (mi.movie_id = t.id)
  ->  Seq Scan on movie_info mi  (cost=0.00..346232.03 rows=3623957 width=4) (actual time=1063.095..6052.099 rows=3624977 loops=1)
        Filter: (info_type_id < 4)
        Rows Removed by Filter: 11210743
  ->  Hash  (cost=252069.01..252069.01 rows=2427817 width=8) (actual time=6665.132..6665.132 rows=2427400 loops=1)
        Buckets: 131072  Batches: 32  Memory Usage: 4049kB
        ->  Hash Join  (cost=102767.86..252069.01 rows=2427817 width=8) (actual time=1961.591..5941.351 rows=2427400 loops=1)
              Hash Cond: (mk.movie_id = t.id)
              ->  Seq Scan on movie_keyword mk  (cost=0.00..81003.12 rows=2427817 width=4) (actual time=0.027..1734.699 rows=2427400 loops=1)
                    Filter: (keyword_id < 5758)
                    Rows Removed by Filter: 2096530
              ->  Hash  (cost=61283.27..61283.27 rows=2528527 width=4) (actual time=1960.468..1960.468 rows=2528312 loops=1)
                    Buckets: 131072  Batches: 64  Memory Usage: 2425kB
                    ->  Seq Scan on title t  (cost=0.00..61283.27 rows=2528527 width=4) (actual time=0.311..1096.753 rows=2528312 loops=1)
Planning time: 0.965 ms
Execution time: 18149.397 ms
