Hash Join  (cost=190230.21..345976.89 rows=2223872 width=0) (actual time=4002.113..10253.364 rows=9493625 loops=1)
  Hash Cond: (mk.movie_id = t.id)
  ->  Seq Scan on movie_keyword mk  (cost=0.00..81003.12 rows=4074622 width=4) (actual time=0.024..1931.704 rows=4062203 loops=1)
        Filter: (keyword_id > 348)
        Rows Removed by Filter: 461727
  ->  Hash  (cost=167588.78..167588.78 rows=1380035 width=8) (actual time=4001.387..4001.387 rows=1380035 loops=1)
        Buckets: 131072  Batches: 32  Memory Usage: 2726kB
        ->  Hash Join  (cost=102767.86..167588.78 rows=1380035 width=8) (actual time=1860.320..3637.540 rows=1380035 loops=1)
              Hash Cond: (mi_idx.movie_id = t.id)
              ->  Seq Scan on movie_info_idx mi_idx  (cost=0.00..21735.35 rows=1380035 width=4) (actual time=0.013..401.958 rows=1380035 loops=1)
              ->  Hash  (cost=61283.27..61283.27 rows=2528527 width=4) (actual time=1858.696..1858.696 rows=2528312 loops=1)
                    Buckets: 131072  Batches: 64  Memory Usage: 2415kB
                    ->  Seq Scan on title t  (cost=0.00..61283.27 rows=2528527 width=4) (actual time=0.026..1014.335 rows=2528312 loops=1)
Planning time: 1.134 ms
Execution time: 11388.688 ms
