Hash Join  (cost=709674.80..765877.77 rows=67 width=0) (actual time=33859.808..36537.697 rows=11 loops=1)
  Hash Cond: (mc.movie_id = t.id)
  ->  Seq Scan on movie_companies mc  (cost=0.00..51404.11 rows=1279517 width=4) (actual time=0.016..2831.322 rows=1274246 loops=1)
        Filter: (company_type_id = 1)
        Rows Removed by Filter: 1334883
  ->  Hash  (cost=709673.15..709673.15 rows=132 width=8) (actual time=33461.757..33461.757 rows=1 loops=1)
        Buckets: 1024  Batches: 1  Memory Usage: 9kB
        ->  Nested Loop  (cost=0.43..709673.15 rows=132 width=8) (actual time=1042.802..33461.750 rows=1 loops=1)
              ->  Seq Scan on cast_info ci  (cost=0.00..705507.15 rows=500 width=4) (actual time=1042.650..33419.725 rows=1073 loops=1)
                    Filter: (person_id = 1873865)
                    Rows Removed by Filter: 36243271
              ->  Index Scan using title_pkey on title t  (cost=0.43..8.32 rows=1 width=4) (actual time=0.039..0.039 rows=0 loops=1073)
                    Index Cond: (id = ci.movie_id)
                    Filter: (kind_id = 1)
                    Rows Removed by Filter: 1
Planning time: 1.266 ms
Execution time: 36537.859 ms
