Hash Join  (cost=170900.28..226006.83 rows=44103 width=0) (actual time=3354.373..5237.043 rows=724229 loops=1)
  Hash Cond: (mc.movie_id = t.id)
  ->  Seq Scan on movie_companies mc  (cost=0.00..44881.29 rows=2609129 width=4) (actual time=0.013..677.104 rows=2609129 loops=1)
  ->  Hash  (cost=170366.01..170366.01 rows=42741 width=8) (actual time=3353.955..3353.955 rows=102982 loops=1)
        Buckets: 131072 (originally 65536)  Batches: 2 (originally 1)  Memory Usage: 3073kB
        ->  Hash Join  (cost=83810.17..170366.01 rows=42741 width=8) (actual time=1816.683..3319.707 rows=102982 loops=1)
              Hash Cond: (mk.movie_id = t.id)
              ->  Seq Scan on movie_keyword mk  (cost=0.00..81003.12 rows=109414 width=4) (actual time=0.023..1259.226 rows=121921 loops=1)
                    Filter: (keyword_id < 117)
                    Rows Removed by Filter: 4402009
              ->  Hash  (cost=67604.59..67604.59 rows=987727 width=4) (actual time=1815.859..1815.859 rows=985048 loops=1)
                    Buckets: 131072  Batches: 16  Memory Usage: 3197kB
                    ->  Seq Scan on title t  (cost=0.00..67604.59 rows=987727 width=4) (actual time=0.018..1217.189 rows=985048 loops=1)
                          Filter: (kind_id < 7)
                          Rows Removed by Filter: 1543264
Planning time: 0.751 ms
Execution time: 5328.949 ms
