Hash Join  (cost=76113.69..1129541.60 rows=1910374 width=0) (actual time=1256.759..31070.542 rows=2584366 loops=1)
  Hash Cond: (ci.movie_id = t.id)
  ->  Seq Scan on cast_info ci  (cost=0.00..614943.12 rows=36225612 width=4) (actual time=0.021..12948.162 rows=36244344 loops=1)
  ->  Hash  (cost=73925.90..73925.90 rows=133343 width=4) (actual time=1255.047..1255.047 rows=233692 loops=1)
        Buckets: 131072 (originally 131072)  Batches: 4 (originally 2)  Memory Usage: 3079kB
        ->  Seq Scan on title t  (cost=0.00..73925.90 rows=133343 width=4) (actual time=0.052..1170.907 rows=233692 loops=1)
              Filter: ((kind_id < 7) AND (production_year < 1968))
              Rows Removed by Filter: 2294620
Planning time: 1.251 ms
Execution time: 31374.763 ms
