Hash Join  (cost=156487.41..880763.94 rows=231094 width=0) (actual time=3734.672..15881.011 rows=442597 loops=1)
  Hash Cond: (ci.movie_id = t.id)
  ->  Seq Scan on cast_info ci  (cost=0.00..705507.15 rows=1267583 width=4) (actual time=39.897..11373.065 rows=1172352 loops=1)
        Filter: (person_id < 118822)
        Rows Removed by Filter: 35071992
  ->  Hash  (cost=148924.19..148924.19 rows=460978 width=8) (actual time=3693.840..3693.840 rows=459925 loops=1)
        Buckets: 131072  Batches: 8  Memory Usage: 3275kB
        ->  Hash Join  (cost=102767.86..148924.19 rows=460978 width=8) (actual time=2358.696..3553.902 rows=459925 loops=1)
              Hash Cond: (mi_idx.movie_id = t.id)
              ->  Seq Scan on movie_info_idx mi_idx  (cost=0.00..25185.44 rows=460978 width=4) (actual time=0.033..433.271 rows=459925 loops=1)
                    Filter: (info_type_id < 100)
                    Rows Removed by Filter: 920110
              ->  Hash  (cost=61283.27..61283.27 rows=2528527 width=4) (actual time=2357.445..2357.445 rows=2528312 loops=1)
                    Buckets: 131072  Batches: 64  Memory Usage: 2415kB
                    ->  Seq Scan on title t  (cost=0.00..61283.27 rows=2528527 width=4) (actual time=0.028..1200.205 rows=2528312 loops=1)
Planning time: 1.128 ms
Execution time: 15938.939 ms
