Hash Join  (cost=74426.67..101555.80 rows=21865 width=0) (actual time=3997.694..5202.061 rows=8268 loops=1)
  Hash Cond: (mi_idx.movie_id = t.id)
  ->  Seq Scan on movie_info_idx mi_idx  (cost=0.00..21735.35 rows=1380035 width=4) (actual time=0.029..1247.305 rows=1380035 loops=1)
  ->  Hash  (cost=73925.90..73925.90 rows=40061 width=4) (actual time=3471.599..3471.599 rows=40120 loops=1)
        Buckets: 65536  Batches: 1  Memory Usage: 1923kB
        ->  Seq Scan on title t  (cost=0.00..73925.90 rows=40061 width=4) (actual time=0.058..3451.209 rows=40120 loops=1)
              Filter: ((kind_id = 7) AND (production_year = 2013))
              Rows Removed by Filter: 2488192
Planning time: 4.243 ms
Execution time: 5203.400 ms
