Hash Join  (cost=167863.44..679501.13 rows=2983176 width=0) (actual time=8469.101..41763.690 rows=13269112 loops=1)
  Hash Cond: (mi.movie_id = t.id)
  ->  Seq Scan on movie_info mi  (cost=0.00..309384.22 rows=14739122 width=4) (actual time=0.022..20563.401 rows=14835720 loops=1)
  ->  Hash  (cost=159466.31..159466.31 rows=511770 width=8) (actual time=8467.968..8467.968 rows=379083 loops=1)
        Buckets: 131072  Batches: 8  Memory Usage: 2853kB
        ->  Hash Join  (cost=84197.31..159466.31 rows=511770 width=8) (actual time=4292.152..8322.583 rows=379083 loops=1)
              Hash Cond: (mc.movie_id = t.id)
              ->  Seq Scan on movie_companies mc  (cost=0.00..51404.11 rows=1279517 width=4) (actual time=0.023..2896.252 rows=1274246 loops=1)
                    Filter: (company_type_id < 2)
                    Rows Removed by Filter: 1334883
              ->  Hash  (cost=67604.59..67604.59 rows=1011338 width=4) (actual time=4290.989..4290.989 rows=1012920 loops=1)
                    Buckets: 131072  Batches: 16  Memory Usage: 3250kB
                    ->  Seq Scan on title t  (cost=0.00..67604.59 rows=1011338 width=4) (actual time=0.012..3631.083 rows=1012920 loops=1)
                          Filter: (production_year > 2005)
                          Rows Removed by Filter: 1515392
Planning time: 1.194 ms
Execution time: 43641.228 ms
