Nested Loop  (cost=0.43..709671.90 rows=500 width=0) (actual time=8236.845..33306.881 rows=834 loops=1)
  ->  Seq Scan on cast_info ci  (cost=0.00..705507.15 rows=500 width=4) (actual time=8236.743..33238.032 rows=834 loops=1)
        Filter: (person_id = 2301878)
        Rows Removed by Filter: 36243510
  ->  Index Only Scan using title_pkey on title t  (cost=0.43..8.32 rows=1 width=4) (actual time=0.068..0.082 rows=1 loops=834)
        Index Cond: (id = ci.movie_id)
        Heap Fetches: 834
Planning time: 12.097 ms
Execution time: 33307.150 ms
