Seq Scan on cast_info ci  (cost=0.00..796071.18 rows=1520143 width=0) (actual time=0.020..33313.294 rows=3025807 loops=1)
  Filter: ((person_id < 403689) AND (role_id = 1))
  Rows Removed by Filter: 33218537
Planning time: 2.169 ms
Execution time: 33832.888 ms
