Seq Scan on cast_info ci  (cost=0.00..796071.18 rows=8212435 width=0) (actual time=0.026..42659.989 rows=12670688 loops=1)
  Filter: ((person_id < 2380639) AND (role_id = 1))
  Rows Removed by Filter: 23573656
Planning time: 0.354 ms
Execution time: 44975.376 ms
