Hash Join  (cost=83198.94..1200185.42 rows=8097531 width=0) (actual time=1718.048..69867.644 rows=9421557 loops=1)
  Hash Cond: (ci.movie_id = t.id)
  ->  Seq Scan on cast_info ci  (cost=0.00..614943.12 rows=36225612 width=4) (actual time=0.024..41342.154 rows=36244344 loops=1)
  ->  Hash  (cost=73925.90..73925.90 rows=565203 width=4) (actual time=1717.132..1717.132 rows=641785 loops=1)
        Buckets: 131072  Batches: 8  Memory Usage: 3862kB
        ->  Seq Scan on title t  (cost=0.00..73925.90 rows=565203 width=4) (actual time=0.056..1515.092 rows=641785 loops=1)
              Filter: ((kind_id < 7) AND (production_year < 2006))
              Rows Removed by Filter: 1886527
Planning time: 0.747 ms
Execution time: 71100.160 ms
