Seq Scan on cast_info ci  (cost=0.00..796071.18 rows=11269686 width=0) (actual time=0.007..40705.631 rows=5866439 loops=1)
  Filter: ((person_id < 2601952) AND (role_id > 2))
  Rows Removed by Filter: 30377905
Planning time: 0.354 ms
Execution time: 41782.261 ms
