Nested Loop  (cost=0.43..709671.90 rows=500 width=0) (actual time=1027.597..10281.867 rows=230 loops=1)
  ->  Seq Scan on cast_info ci  (cost=0.00..705507.15 rows=500 width=4) (actual time=1027.518..10263.129 rows=230 loops=1)
        Filter: (person_id = 1452841)
        Rows Removed by Filter: 36244114
  ->  Index Only Scan using title_pkey on title t  (cost=0.43..8.32 rows=1 width=4) (actual time=0.080..0.080 rows=1 loops=230)
        Index Cond: (id = ci.movie_id)
        Heap Fetches: 230
Planning time: 0.661 ms
Execution time: 10282.008 ms
