Hash Join  (cost=814692.69..3495636.29 rows=125078031 width=0) (actual time=41461.090..141446.018 rows=90143809 loops=1)
  Hash Cond: (ci.movie_id = t.id)
  ->  Seq Scan on cast_info ci  (cost=0.00..614943.12 rows=36225612 width=4) (actual time=0.020..45848.969 rows=36244344 loops=1)
  ->  Hash  (cost=671459.01..671459.01 rows=8730375 width=8) (actual time=41458.820..41458.820 rows=3937344 loops=1)
        Buckets: 131072  Batches: 128  Memory Usage: 2189kB
        ->  Hash Join  (cost=98498.33..671459.01 rows=8730375 width=8) (actual time=5325.818..38708.534 rows=3937344 loops=1)
              Hash Cond: (mi.movie_id = t.id)
              ->  Seq Scan on movie_info mi  (cost=0.00..309384.22 rows=14739122 width=4) (actual time=0.013..21194.144 rows=14835720 loops=1)
              ->  Hash  (cost=73925.90..73925.90 rows=1497714 width=4) (actual time=5279.350..5279.350 rows=1478440 loops=1)
                    Buckets: 131072  Batches: 32  Memory Usage: 2656kB
                    ->  Seq Scan on title t  (cost=0.00..73925.90 rows=1497714 width=4) (actual time=126.892..4490.670 rows=1478440 loops=1)
                          Filter: ((production_year > 0) AND (kind_id = 7))
                          Rows Removed by Filter: 1049872
Planning time: 1.110 ms
Execution time: 153746.799 ms
