Hash Join  (cost=840371.59..1468414.71 rows=2109491 width=0) (actual time=65031.113..91731.401 rows=964487 loops=1)
  Hash Cond: (mi.movie_id = t.id)
  ->  Seq Scan on movie_info mi  (cost=0.00..346232.03 rows=9293409 width=4) (actual time=0.011..22535.333 rows=9425200 loops=1)
        Filter: (info_type_id > 5)
        Rows Removed by Filter: 5410520
  ->  Hash  (cost=830955.28..830955.28 rows=573945 width=8) (actual time=62705.696..62705.696 rows=511772 loops=1)
        Buckets: 131072  Batches: 8  Memory Usage: 3610kB
        ->  Hash Join  (cost=74426.67..830955.28 rows=573945 width=8) (actual time=3652.576..59299.941 rows=511772 loops=1)
              Hash Cond: (ci.movie_id = t.id)
              ->  Seq Scan on cast_info ci  (cost=0.00..614943.12 rows=36225612 width=4) (actual time=0.016..39276.478 rows=36244344 loops=1)
              ->  Hash  (cost=73925.90..73925.90 rows=40061 width=4) (actual time=3652.185..3652.185 rows=40120 loops=1)
                    Buckets: 65536  Batches: 1  Memory Usage: 1923kB
                    ->  Seq Scan on title t  (cost=0.00..73925.90 rows=40061 width=4) (actual time=191.782..3630.191 rows=40120 loops=1)
                          Filter: ((kind_id = 7) AND (production_year = 2013))
                          Rows Removed by Filter: 2488192
Planning time: 9.905 ms
Execution time: 91894.276 ms
