Seq Scan on cast_info ci  (cost=0.00..705507.15 rows=5938934 width=0) (actual time=1251.055..34441.907 rows=5852027 loops=1)
  Filter: (person_id < 566719)
  Rows Removed by Filter: 30392317
Planning time: 2.993 ms
Execution time: 35626.282 ms
