Hash Join  (cost=83075.00..461838.09 rows=743 width=0) (actual time=3815.309..24524.532 rows=336 loops=1)
  Hash Cond: (mi.movie_id = t.id)
  ->  Seq Scan on movie_info mi  (cost=0.00..346232.03 rows=8672966 width=4) (actual time=0.015..18893.650 rows=8770496 loops=1)
        Filter: (info_type_id < 12)
        Rows Removed by Filter: 6065224
  ->  Hash  (cost=83072.29..83072.29 rows=217 width=8) (actual time=3749.761..3749.761 rows=15 loops=1)
        Buckets: 1024  Batches: 1  Memory Usage: 9kB
        ->  Nested Loop  (cost=0.43..83072.29 rows=217 width=8) (actual time=95.234..3749.725 rows=15 loops=1)
              ->  Seq Scan on movie_keyword mk  (cost=0.00..81003.12 rows=246 width=4) (actual time=95.171..3748.246 rows=17 loops=1)
                    Filter: (keyword_id = 21194)
                    Rows Removed by Filter: 4523913
              ->  Index Scan using title_pkey on title t  (cost=0.43..8.40 rows=1 width=4) (actual time=0.081..0.081 rows=1 loops=17)
                    Index Cond: (id = mk.movie_id)
                    Filter: (production_year < 2012)
                    Rows Removed by Filter: 0
Planning time: 12.602 ms
Execution time: 24524.797 ms
