Hash Join  (cost=95920.39..660981.77 rows=6714974 width=0) (actual time=6141.412..37958.754 rows=3137047 loops=1)
  Hash Cond: (mi.movie_id = t.id)
  ->  Seq Scan on movie_info mi  (cost=0.00..346232.03 rows=12665229 width=4) (actual time=0.019..20720.069 rows=12744652 loops=1)
        Filter: (info_type_id > 2)
        Rows Removed by Filter: 2091068
  ->  Hash  (cost=73925.90..73925.90 rows=1340599 width=4) (actual time=6140.365..6140.365 rows=1418280 loops=1)
        Buckets: 131072  Batches: 32  Memory Usage: 2590kB
        ->  Seq Scan on title t  (cost=0.00..73925.90 rows=1340599 width=4) (actual time=0.025..4806.424 rows=1418280 loops=1)
              Filter: ((production_year > 1961) AND (kind_id = 7))
              Rows Removed by Filter: 1110032
Planning time: 0.732 ms
Execution time: 38429.519 ms
