Seq Scan on cast_info ci  (cost=0.00..796071.18 rows=6270001 width=0) (actual time=3877.073..41334.952 rows=12670688 loops=1)
  Filter: ((person_id < 1752608) AND (role_id < 2))
  Rows Removed by Filter: 23573656
Planning time: 0.378 ms
Execution time: 43629.544 ms
