Hash Join  (cost=130352.35..1207485.81 rows=4217922 width=0) (actual time=6705.908..81097.023 rows=12070379 loops=1)
  Hash Cond: (ci.movie_id = t.id)
  ->  Seq Scan on cast_info ci  (cost=0.00..614943.12 rows=36225612 width=4) (actual time=0.016..45455.265 rows=36244344 loops=1)
  ->  Hash  (cost=125521.24..125521.24 rows=294409 width=8) (actual time=6705.053..6705.053 rows=436973 loops=1)
        Buckets: 131072 (originally 131072)  Batches: 8 (originally 4)  Memory Usage: 3163kB
        ->  Hash Join  (cost=82776.67..125521.24 rows=294409 width=8) (actual time=3901.461..6544.281 rows=436973 loops=1)
              Hash Cond: (mi_idx.movie_id = t.id)
              ->  Seq Scan on movie_info_idx mi_idx  (cost=0.00..21735.35 rows=1380035 width=4) (actual time=0.008..1559.483 rows=1380035 loops=1)
              ->  Hash  (cost=73925.90..73925.90 rows=539421 width=4) (actual time=3900.559..3900.559 rows=459810 loops=1)
                    Buckets: 131072  Batches: 8  Memory Usage: 3041kB
                    ->  Seq Scan on title t  (cost=0.00..73925.90 rows=539421 width=4) (actual time=0.022..3716.120 rows=459810 loops=1)
                          Filter: ((kind_id < 7) AND (production_year > 2000))
                          Rows Removed by Filter: 2068502
Planning time: 4.639 ms
Execution time: 82946.137 ms
