Hash Join  (cost=68113.45..122176.09 rows=10944 width=0) (actual time=3368.436..6305.508 rows=9166 loops=1)
  Hash Cond: (mc.movie_id = t.id)
  ->  Seq Scan on movie_companies mc  (cost=0.00..51404.11 rows=679757 width=4) (actual time=0.023..2667.979 rows=685271 loops=1)
        Filter: (company_id > 47817)
        Rows Removed by Filter: 1923858
  ->  Hash  (cost=67604.59..67604.59 rows=40709 width=4) (actual time=3367.802..3367.802 rows=38955 loops=1)
        Buckets: 65536  Batches: 1  Memory Usage: 1882kB
        ->  Seq Scan on title t  (cost=0.00..67604.59 rows=40709 width=4) (actual time=0.014..3347.025 rows=38955 loops=1)
              Filter: (production_year = 1997)
              Rows Removed by Filter: 2489357
Planning time: 2.762 ms
Execution time: 6307.342 ms
