Hash Join  (cost=69484.36..133257.17 rows=20347 width=0) (actual time=4107.034..7773.398 rows=42503 loops=1)
  Hash Cond: (mc.movie_id = t.id)
  ->  Seq Scan on movie_companies mc  (cost=0.00..57926.93 rows=449173 width=4) (actual time=0.022..3240.740 rows=774551 loops=1)
        Filter: ((company_id > 22250) AND (company_type_id = 2))
        Rows Removed by Filter: 1834578
  ->  Hash  (cost=67604.59..67604.59 rows=114542 width=4) (actual time=3684.164..3684.164 rows=118234 loops=1)
        Buckets: 131072  Batches: 2  Memory Usage: 3101kB
        ->  Seq Scan on title t  (cost=0.00..67604.59 rows=114542 width=4) (actual time=0.018..3625.430 rows=118234 loops=1)
              Filter: (kind_id = 4)
              Rows Removed by Filter: 2410078
Planning time: 2.393 ms
Execution time: 7805.360 ms
