Hash Join  (cost=437220.94..1235863.92 rows=257184 width=211) (actual time=9963.833..44540.093 rows=3608536 loops=1)
  Hash Cond: (ci.movie_id = t.id)
  ->  Seq Scan on cast_info ci  (cost=0.00..614943.12 rows=36225612 width=42) (actual time=0.014..13123.804 rows=36244344 loops=1)
  ->  Hash  (cost=436996.55..436996.55 rows=17951 width=169) (actual time=9962.722..9962.722 rows=66954 loops=1)
        Buckets: 32768 (originally 32768)  Batches: 8 (originally 1)  Memory Usage: 3908kB
        ->  Hash Join  (cost=67697.55..436996.55 rows=17951 width=169) (actual time=851.767..9879.931 rows=66954 loops=1)
              Hash Cond: (mi.movie_id = t.id)
              ->  Seq Scan on movie_info mi  (cost=0.00..346232.03 rows=6103325 width=75) (actual time=0.020..7500.355 rows=6083429 loops=1)
                    Filter: (info_type_id > 9)
                    Rows Removed by Filter: 8752291
              ->  Hash  (cost=67604.59..67604.59 rows=7437 width=94) (actual time=851.317..851.317 rows=24917 loops=1)
                    Buckets: 32768 (originally 8192)  Batches: 1 (originally 1)  Memory Usage: 3073kB
                    ->  Seq Scan on title t  (cost=0.00..67604.59 rows=7437 width=94) (actual time=0.029..840.317 rows=24917 loops=1)
                          Filter: (production_year = 1992)
                          Rows Removed by Filter: 2503395
Planning time: 8.178 ms
Execution time: 44734.887 ms
