Seq Scan on movie_keyword mk  (cost=0.00..81003.12 rows=3271646 width=0) (actual time=0.025..4504.553 rows=3259510 loops=1)
  Filter: (keyword_id < 14150)
  Rows Removed by Filter: 1264420
Planning time: 0.310 ms
Execution time: 5040.875 ms
