Hash Join  (cost=671339.72..2510612.39 rows=56368936 width=0) (actual time=35492.078..118886.088 rows=42117983 loops=1)
  Hash Cond: (ci.movie_id = t.id)
  ->  Seq Scan on cast_info ci  (cost=0.00..614943.12 rows=36225612 width=4) (actual time=0.015..45138.820 rows=36244344 loops=1)
  ->  Hash  (cost=606788.22..606788.22 rows=3934520 width=8) (actual time=35490.563..35490.563 rows=1554513 loops=1)
        Buckets: 131072  Batches: 64  Memory Usage: 1959kB
        ->  Hash Join  (cost=85000.09..606788.22 rows=3934520 width=8) (actual time=4460.790..34736.073 rows=1554513 loops=1)
              Hash Cond: (mi.movie_id = t.id)
              ->  Seq Scan on movie_info mi  (cost=0.00..309384.22 rows=14739122 width=4) (actual time=0.016..21175.376 rows=14835720 loops=1)
              ->  Hash  (cost=73925.90..73925.90 rows=674975 width=4) (actual time=3773.454..3773.454 rows=739679 loops=1)
                    Buckets: 131072  Batches: 16  Memory Usage: 2660kB
                    ->  Seq Scan on title t  (cost=0.00..73925.90 rows=674975 width=4) (actual time=0.030..3446.129 rows=739679 loops=1)
                          Filter: ((production_year > 2004) AND (kind_id = 7))
                          Rows Removed by Filter: 1788633
Planning time: 1.194 ms
Execution time: 124549.724 ms
