Hash Join  (cost=247992.83..1392502.73 rows=10801574 width=0) (actual time=15489.190..89729.949 rows=27178242 loops=1)
  Hash Cond: (ci.movie_id = t.id)
  ->  Seq Scan on cast_info ci  (cost=0.00..796071.18 rows=20339461 width=4) (actual time=2480.715..51927.764 rows=18665511 loops=1)
        Filter: ((person_id < 3182412) AND (role_id > 1))
        Rows Removed by Filter: 17578833
  ->  Hash  (cost=225961.68..225961.68 rows=1342812 width=8) (actual time=13007.558..13007.558 rows=1361887 loops=1)
        Buckets: 131072  Batches: 32  Memory Usage: 2678kB
        ->  Hash Join  (cost=102767.86..225961.68 rows=1342812 width=8) (actual time=5816.447..12545.163 rows=1361887 loops=1)
              Hash Cond: (mk.movie_id = t.id)
              ->  Seq Scan on movie_keyword mk  (cost=0.00..81003.12 rows=1342812 width=4) (actual time=0.029..4701.577 rows=1361887 loops=1)
                    Filter: (keyword_id < 1775)
                    Rows Removed by Filter: 3162043
              ->  Hash  (cost=61283.27..61283.27 rows=2528527 width=4) (actual time=5815.244..5815.244 rows=2528312 loops=1)
                    Buckets: 131072  Batches: 64  Memory Usage: 2425kB
                    ->  Seq Scan on title t  (cost=0.00..61283.27 rows=2528527 width=4) (actual time=0.017..4176.019 rows=2528312 loops=1)
Planning time: 5.930 ms
Execution time: 93755.003 ms
