Hash Join  (cost=700698.20..1756410.91 rows=18520411 width=0) (actual time=37162.814..83332.063 rows=17087444 loops=1)
  Hash Cond: (ci.movie_id = t.id)
  ->  Seq Scan on cast_info ci  (cost=0.00..705507.15 rows=8691483 width=4) (actual time=0.015..35112.211 rows=8695630 loops=1)
        Filter: (person_id > 2820479)
        Rows Removed by Filter: 27548714
  ->  Hash  (cost=612301.71..612301.71 rows=5387959 width=8) (actual time=37160.904..37160.904 rows=2884117 loops=1)
        Buckets: 131072  Batches: 128  Memory Usage: 1881kB
        ->  Hash Join  (cost=92883.59..612301.71 rows=5387959 width=8) (actual time=5341.239..36163.625 rows=2884117 loops=1)
              Hash Cond: (mi.movie_id = t.id)
              ->  Seq Scan on movie_info mi  (cost=0.00..346232.03 rows=8841901 width=4) (actual time=0.018..23166.447 rows=8950757 loops=1)
                    Filter: (info_type_id > 6)
                    Rows Removed by Filter: 5884963
              ->  Hash  (cost=67604.59..67604.59 rows=1540800 width=4) (actual time=5340.470..5340.470 rows=1543264 loops=1)
                    Buckets: 131072  Batches: 32  Memory Usage: 2728kB
                    ->  Seq Scan on title t  (cost=0.00..67604.59 rows=1540800 width=4) (actual time=0.012..4562.403 rows=1543264 loops=1)
                          Filter: (kind_id = 7)
                          Rows Removed by Filter: 985048
Planning time: 1.291 ms
Execution time: 85645.941 ms
