Hash Join  (cost=233036.72..616238.32 rows=1045025 width=0) (actual time=12118.633..31796.062 rows=2508040 loops=1)
  Hash Cond: (mi.movie_id = t.id)
  ->  Seq Scan on movie_info mi  (cost=0.00..346232.03 rows=1550064 width=4) (actual time=0.013..17380.026 rows=1533909 loops=1)
        Filter: (info_type_id = 3)
        Rows Removed by Filter: 13301811
  ->  Hash  (cost=205069.13..205069.13 rows=1704687 width=8) (actual time=12117.396..12117.396 rows=1707926 loops=1)
        Buckets: 131072  Batches: 32  Memory Usage: 3155kB
        ->  Hash Join  (cost=102767.86..205069.13 rows=1704687 width=8) (actual time=5656.269..11498.746 rows=1707926 loops=1)
              Hash Cond: (mc.movie_id = t.id)
              ->  Seq Scan on movie_companies mc  (cost=0.00..51404.11 rows=1704687 width=4) (actual time=0.020..3579.850 rows=1707926 loops=1)
                    Filter: (company_id > 2909)
                    Rows Removed by Filter: 901203
              ->  Hash  (cost=61283.27..61283.27 rows=2528527 width=4) (actual time=5654.954..5654.954 rows=2528312 loops=1)
                    Buckets: 131072  Batches: 64  Memory Usage: 2415kB
                    ->  Seq Scan on title t  (cost=0.00..61283.27 rows=2528527 width=4) (actual time=0.008..4386.414 rows=2528312 loops=1)
Planning time: 1.148 ms
Execution time: 32133.165 ms
