Hash Join  (cost=151787.05..254486.90 rows=125565 width=0) (actual time=6449.553..11491.663 rows=1206283 loops=1)
  Hash Cond: (mk.movie_id = t.id)
  ->  Seq Scan on movie_keyword mk  (cost=0.00..81003.12 rows=1704819 width=4) (actual time=0.016..3622.769 rows=1712665 loops=1)
        Filter: (keyword_id > 8341)
        Rows Removed by Filter: 2811265
  ->  Hash  (cost=148731.13..148731.13 rows=186234 width=8) (actual time=6445.971..6445.971 rows=338192 loops=1)
        Buckets: 131072 (originally 131072)  Batches: 8 (originally 4)  Memory Usage: 3073kB
        ->  Hash Join  (cost=84497.07..148731.13 rows=186234 width=8) (actual time=3417.813..6326.021 rows=338192 loops=1)
              Hash Cond: (mc.movie_id = t.id)
              ->  Seq Scan on movie_companies mc  (cost=0.00..51404.11 rows=730829 width=4) (actual time=0.034..2273.202 rows=735404 loops=1)
                    Filter: (company_id > 39645)
                    Rows Removed by Filter: 1873725
              ->  Hash  (cost=73925.90..73925.90 rows=644333 width=4) (actual time=3416.971..3416.971 rows=544419 loops=1)
                    Buckets: 131072  Batches: 16  Memory Usage: 2215kB
                    ->  Seq Scan on title t  (cost=0.00..73925.90 rows=644333 width=4) (actual time=0.065..3070.598 rows=544419 loops=1)
                          Filter: ((kind_id < 7) AND (production_year > 1994))
                          Rows Removed by Filter: 1983893
Planning time: 1.217 ms
Execution time: 11663.457 ms
