Seq Scan on title t  (cost=0.00..73925.90 rows=717156 width=0) (actual time=0.018..3518.165 rows=620281 loops=1)
  Filter: ((kind_id < 7) AND (production_year > 1986))
  Rows Removed by Filter: 1908031
Planning time: 0.322 ms
Execution time: 3640.466 ms
