Hash Join  (cost=196092.20..705005.09 rows=1001206 width=0) (actual time=9606.926..40569.814 rows=10715854 loops=1)
  Hash Cond: (mi.movie_id = t.id)
  ->  Seq Scan on movie_info mi  (cost=0.00..309384.22 rows=14739122 width=4) (actual time=0.020..20046.261 rows=14835720 loops=1)
  ->  Hash  (cost=193274.21..193274.21 rows=171759 width=8) (actual time=9606.033..9606.033 rows=175199 loops=1)
        Buckets: 131072  Batches: 4  Memory Usage: 2782kB
        ->  Hash Join  (cost=69179.59..193274.21 rows=171759 width=8) (actual time=2838.165..9512.843 rows=175199 loops=1)
              Hash Cond: (mk.movie_id = t.id)
              ->  Seq Scan on movie_keyword mk  (cost=0.00..69693.30 rows=4523930 width=4) (actual time=0.023..4503.706 rows=4523930 loops=1)
              ->  Hash  (cost=67604.59..67604.59 rows=96000 width=4) (actual time=2836.959..2836.959 rows=95005 loops=1)
                    Buckets: 131072  Batches: 2  Memory Usage: 2722kB
                    ->  Seq Scan on title t  (cost=0.00..67604.59 rows=96000 width=4) (actual time=0.020..2795.783 rows=95005 loops=1)
                          Filter: (production_year = 2005)
                          Rows Removed by Filter: 2433307
Planning time: 1.080 ms
Execution time: 42121.664 ms
