Hash Join  (cost=116583.34..481520.58 rows=28131 width=0) (actual time=4341.098..24444.486 rows=520833 loops=1)
  Hash Cond: (mi.movie_id = t.id)
  ->  Seq Scan on movie_info mi  (cost=0.00..309384.22 rows=14739122 width=4) (actual time=0.013..15754.758 rows=14835720 loops=1)
  ->  Hash  (cost=116523.02..116523.02 rows=4826 width=8) (actual time=4339.848..4339.848 rows=4904 loops=1)
        Buckets: 8192  Batches: 1  Memory Usage: 256kB
        ->  Nested Loop  (cost=0.43..116523.02 rows=4826 width=8) (actual time=155.501..4336.727 rows=4904 loops=1)
              ->  Seq Scan on movie_keyword mk  (cost=0.00..81003.12 rows=4826 width=4) (actual time=155.407..3608.921 rows=4904 loops=1)
                    Filter: (keyword_id = 24382)
                    Rows Removed by Filter: 4519026
              ->  Index Only Scan using title_pkey on title t  (cost=0.43..7.35 rows=1 width=4) (actual time=0.147..0.147 rows=1 loops=4904)
                    Index Cond: (id = mk.movie_id)
                    Heap Fetches: 4904
Planning time: 1.174 ms
Execution time: 24553.885 ms
