Nested Loop  (cost=0.43..82658.17 rows=4175 width=0) (actual time=4.457..2539.650 rows=3401 loops=1)
  ->  Seq Scan on movie_companies mc  (cost=0.00..51404.11 rows=4175 width=4) (actual time=4.413..2217.487 rows=3401 loops=1)
        Filter: (company_id = 11147)
        Rows Removed by Filter: 2605728
  ->  Index Only Scan using title_pkey on title t  (cost=0.43..7.48 rows=1 width=4) (actual time=0.094..0.094 rows=1 loops=3401)
        Index Cond: (id = mc.movie_id)
        Heap Fetches: 3401
Planning time: 0.735 ms
Execution time: 2540.669 ms
