Hash Join  (cost=799351.42..854020.98 rows=404 width=0) (actual time=40375.257..43288.379 rows=38 loops=1)
  Hash Cond: (mc.movie_id = t.id)
  ->  Seq Scan on movie_companies mc  (cost=0.00..44881.29 rows=2609129 width=4) (actual time=0.023..2325.594 rows=2609129 loops=1)
  ->  Hash  (cost=799346.52..799346.52 rows=392 width=8) (actual time=40306.996..40306.996 rows=2240 loops=1)
        Buckets: 4096 (originally 1024)  Batches: 1 (originally 1)  Memory Usage: 120kB
        ->  Nested Loop  (cost=0.43..799346.52 rows=392 width=8) (actual time=12895.320..40305.792 rows=2240 loops=1)
              ->  Seq Scan on cast_info ci  (cost=0.00..796071.18 rows=392 width=4) (actual time=12895.131..40113.152 rows=2240 loops=1)
                    Filter: ((role_id < 7) AND (person_id = 35967))
                    Rows Removed by Filter: 36242104
              ->  Index Only Scan using title_pkey on title t  (cost=0.43..8.35 rows=1 width=4) (actual time=0.085..0.085 rows=1 loops=2240)
                    Index Cond: (id = ci.movie_id)
                    Heap Fetches: 2240
Planning time: 10.623 ms
Execution time: 43288.521 ms
