Nested Loop  (cost=0.43..58358.27 rows=51 width=0) (actual time=0.089..2960.963 rows=1420 loops=1)
  ->  Seq Scan on movie_companies mc  (cost=0.00..57926.93 rows=51 width=4) (actual time=0.028..2669.020 rows=1420 loops=1)
        Filter: ((company_type_id < 2) AND (company_id = 2))
        Rows Removed by Filter: 2607709
  ->  Index Only Scan using title_pkey on title t  (cost=0.43..8.45 rows=1 width=4) (actual time=0.204..0.204 rows=1 loops=1420)
        Index Cond: (id = mc.movie_id)
        Heap Fetches: 1420
Planning time: 0.673 ms
Execution time: 2961.620 ms
