Seq Scan on cast_info ci  (cost=0.00..705507.15 rows=500 width=0) (actual time=6982.778..34476.455 rows=351 loops=1)
  Filter: (person_id = 1320707)
  Rows Removed by Filter: 36243993
Planning time: 0.356 ms
Execution time: 34476.620 ms
