Hash Join  (cost=102767.86..234295.82 rows=1689159 width=0) (actual time=5925.281..13300.696 rows=1698192 loops=1)
  Hash Cond: (mk.movie_id = t.id)
  ->  Seq Scan on movie_keyword mk  (cost=0.00..81003.12 rows=1689159 width=4) (actual time=0.023..4691.457 rows=1698192 loops=1)
        Filter: (keyword_id > 8478)
        Rows Removed by Filter: 2825738
  ->  Hash  (cost=61283.27..61283.27 rows=2528527 width=4) (actual time=5924.290..5924.290 rows=2528312 loops=1)
        Buckets: 131072  Batches: 64  Memory Usage: 2425kB
        ->  Seq Scan on title t  (cost=0.00..61283.27 rows=2528527 width=4) (actual time=0.020..4179.026 rows=2528312 loops=1)
Planning time: 0.677 ms
Execution time: 13515.382 ms
