Hash Join  (cost=576121.49..1549106.44 rows=4635578 width=0) (actual time=44041.029..89605.652 rows=8676368 loops=1)
  Hash Cond: (ci.movie_id = t.id)
  ->  Seq Scan on cast_info ci  (cost=0.00..705507.15 rows=12203201 width=4) (actual time=9079.424..43872.802 rows=12113646 loops=1)
        Filter: (role_id > 3)
        Rows Removed by Filter: 24130698
  ->  Hash  (cost=560363.22..560363.22 rows=960501 width=8) (actual time=34960.508..34960.508 rows=693106 loops=1)
        Buckets: 131072  Batches: 16  Memory Usage: 2664kB
        ->  Hash Join  (cost=70308.29..560363.22 rows=960501 width=8) (actual time=4205.014..34574.218 rows=693106 loops=1)
              Hash Cond: (mi.movie_id = t.id)
              ->  Seq Scan on movie_info mi  (cost=0.00..309384.22 rows=14739122 width=4) (actual time=0.016..21234.409 rows=14835720 loops=1)
              ->  Hash  (cost=67604.59..67604.59 rows=164776 width=4) (actual time=4203.803..4203.803 rows=164307 loops=1)
                    Buckets: 131072  Batches: 4  Memory Usage: 2488kB
                    ->  Seq Scan on title t  (cost=0.00..67604.59 rows=164776 width=4) (actual time=0.021..3935.350 rows=164307 loops=1)
                          Filter: (production_year = 2012)
                          Rows Removed by Filter: 2364005
Planning time: 27.667 ms
Execution time: 90772.997 ms
