Hash Join  (cost=156632.57..253483.04 rows=192380 width=0) (actual time=6077.705..8089.033 rows=807408 loops=1)
  Hash Cond: (mk.movie_id = t.id)
  ->  Seq Scan on movie_keyword mk  (cost=0.00..81003.12 rows=1047079 width=4) (actual time=0.021..1296.246 rows=1057225 loops=1)
        Filter: (keyword_id > 16687)
        Rows Removed by Filter: 3466705
  ->  Hash  (cost=149010.49..149010.49 rows=464566 width=8) (actual time=6076.849..6076.849 rows=459925 loops=1)
        Buckets: 131072  Batches: 8  Memory Usage: 3284kB
        ->  Hash Join  (cost=102767.86..149010.49 rows=464566 width=8) (actual time=4635.265..5936.169 rows=459925 loops=1)
              Hash Cond: (mi_idx.movie_id = t.id)
              ->  Seq Scan on movie_info_idx mi_idx  (cost=0.00..25185.44 rows=464566 width=4) (actual time=0.011..455.984 rows=459925 loops=1)
                    Filter: (info_type_id = 101)
                    Rows Removed by Filter: 920110
              ->  Hash  (cost=61283.27..61283.27 rows=2528527 width=4) (actual time=4633.805..4633.805 rows=2528312 loops=1)
                    Buckets: 131072  Batches: 64  Memory Usage: 2415kB
                    ->  Seq Scan on title t  (cost=0.00..61283.27 rows=2528527 width=4) (actual time=0.019..3412.747 rows=2528312 loops=1)
Planning time: 1.017 ms
Execution time: 8183.870 ms
