Hash Join  (cost=74394.67..918056.61 rows=525611 width=0) (actual time=2833.655..60765.206 rows=537808 loops=1)
  Hash Cond: (ci.movie_id = t.id)
  ->  Seq Scan on cast_info ci  (cost=0.00..705507.15 rows=35439650 width=4) (actual time=0.026..44319.013 rows=35568611 loops=1)
        Filter: (person_id > 71967)
        Rows Removed by Filter: 675733
  ->  Hash  (cost=73925.90..73925.90 rows=37501 width=4) (actual time=2833.128..2833.128 rows=32253 loops=1)
        Buckets: 65536  Batches: 1  Memory Usage: 1646kB
        ->  Seq Scan on title t  (cost=0.00..73925.90 rows=37501 width=4) (actual time=0.138..2817.501 rows=32253 loops=1)
              Filter: ((kind_id < 7) AND (production_year = 2005))
              Rows Removed by Filter: 2496059
Planning time: 0.849 ms
Execution time: 60877.593 ms
