Hash Join  (cost=231429.35..399527.87 rows=3319357 width=0) (actual time=12169.539..26238.703 rows=23362597 loops=1)
  Hash Cond: (mk.movie_id = t.id)
  ->  Seq Scan on movie_keyword mk  (cost=0.00..69693.30 rows=4523930 width=4) (actual time=0.028..4243.015 rows=4523930 loops=1)
  ->  Hash  (cost=200990.55..200990.55 rows=1855264 width=8) (actual time=12168.308..12168.308 rows=1557265 loops=1)
        Buckets: 131072  Batches: 32  Memory Usage: 2969kB
        ->  Hash Join  (cost=97102.97..200990.55 rows=1855264 width=8) (actual time=5356.106..11602.991 rows=1557265 loops=1)
              Hash Cond: (mc.movie_id = t.id)
              ->  Seq Scan on movie_companies mc  (cost=0.00..44881.29 rows=2609129 width=4) (actual time=0.014..3342.202 rows=2609129 loops=1)
              ->  Hash  (cost=67604.59..67604.59 rows=1797951 width=4) (actual time=5334.954..5334.954 rows=1793384 loops=1)
                    Buckets: 131072  Batches: 32  Memory Usage: 2998kB
                    ->  Seq Scan on title t  (cost=0.00..67604.59 rows=1797951 width=4) (actual time=0.035..4539.043 rows=1793384 loops=1)
                          Filter: (production_year > 1988)
                          Rows Removed by Filter: 734928
Planning time: 2.290 ms
Execution time: 29543.083 ms
