Hash Join  (cost=204361.17..1206403.93 rows=1906450 width=0) (actual time=9049.392..59730.657 rows=73851 loops=1)
  Hash Cond: (ci.movie_id = t.id)
  ->  Seq Scan on cast_info ci  (cost=0.00..705507.15 rows=21588017 width=4) (actual time=0.036..39386.821 rows=21691638 loops=1)
        Filter: (person_id > 1434216)
        Rows Removed by Filter: 14552706
  ->  Hash  (cost=200696.97..200696.97 rows=223296 width=8) (actual time=9033.642..9033.642 rows=14244 loops=1)
        Buckets: 131072  Batches: 4  Memory Usage: 1163kB
        ->  Hash Join  (cost=75973.97..200696.97 rows=223296 width=8) (actual time=3942.297..9027.267 rows=14244 loops=1)
              Hash Cond: (mk.movie_id = t.id)
              ->  Seq Scan on movie_keyword mk  (cost=0.00..69693.30 rows=4523930 width=4) (actual time=0.016..3487.472 rows=4523930 loops=1)
              ->  Hash  (cost=73925.90..73925.90 rows=124805 width=4) (actual time=3932.276..3932.276 rows=22607 loops=1)
                    Buckets: 131072  Batches: 2  Memory Usage: 1427kB
                    ->  Seq Scan on title t  (cost=0.00..73925.90 rows=124805 width=4) (actual time=731.443..3315.466 rows=22607 loops=1)
                          Filter: ((production_year < 1956) AND (kind_id = 7))
                          Rows Removed by Filter: 2505705
Planning time: 1.123 ms
Execution time: 59745.676 ms
