Hash Join  (cost=160737.19..957552.93 rows=74463 width=0) (actual time=7476.965..47222.425 rows=128491 loops=1)
  Hash Cond: (ci.movie_id = t.id)
  ->  Seq Scan on cast_info ci  (cost=0.00..614943.12 rows=36225612 width=4) (actual time=0.021..30226.026 rows=36244344 loops=1)
  ->  Hash  (cost=160672.23..160672.23 rows=5197 width=8) (actual time=7476.836..7476.836 rows=7324 loops=1)
        Buckets: 8192  Batches: 1  Memory Usage: 351kB
        ->  Hash Join  (cost=73962.22..160672.23 rows=5197 width=8) (actual time=3196.339..7473.858 rows=7324 loops=1)
              Hash Cond: (mk.movie_id = t.id)
              ->  Seq Scan on movie_keyword mk  (cost=0.00..69693.30 rows=4523930 width=4) (actual time=0.019..3262.273 rows=4523930 loops=1)
              ->  Hash  (cost=73925.90..73925.90 rows=2905 width=4) (actual time=3194.698..3194.698 rows=2773 loops=1)
                    Buckets: 4096  Batches: 1  Memory Usage: 130kB
                    ->  Seq Scan on title t  (cost=0.00..73925.90 rows=2905 width=4) (actual time=145.701..3193.162 rows=2773 loops=1)
                          Filter: ((kind_id < 7) AND (production_year = 1928))
                          Rows Removed by Filter: 2525539
Planning time: 1.092 ms
Execution time: 47249.558 ms
