Nested Loop  (cost=0.43..83072.90 rows=87 width=0) (actual time=376.891..1242.618 rows=17 loops=1)
  ->  Seq Scan on movie_keyword mk  (cost=0.00..81003.12 rows=246 width=4) (actual time=3.252..1235.861 rows=173 loops=1)
        Filter: (keyword_id = 11926)
        Rows Removed by Filter: 4523757
  ->  Index Scan using title_pkey on title t  (cost=0.43..8.40 rows=1 width=4) (actual time=0.036..0.036 rows=0 loops=173)
        Index Cond: (id = mk.movie_id)
        Filter: ((kind_id > 3) AND (production_year < 2005))
        Rows Removed by Filter: 1
Planning time: 0.747 ms
Execution time: 1242.728 ms
