Seq Scan on cast_info ci  (cost=0.00..705507.15 rows=27496587 width=0) (actual time=0.024..13385.366 rows=27510406 loops=1)
  Filter: (person_id < 2817240)
  Rows Removed by Filter: 8733938
Planning time: 0.333 ms
Execution time: 16925.201 ms
