Hash Join  (cost=99502.38..1052614.05 rows=7846023 width=0) (actual time=21277.868..58749.176 rows=7770103 loops=1)
  Hash Cond: (ci.movie_id = t.id)
  ->  Seq Scan on cast_info ci  (cost=0.00..705507.15 rows=12726058 width=4) (actual time=15242.153..41456.150 rows=12670688 loops=1)
        Filter: (role_id = 1)
        Rows Removed by Filter: 23573656
  ->  Hash  (cost=73925.90..73925.90 rows=1558918 width=4) (actual time=6034.347..6034.347 rows=1547034 loops=1)
        Buckets: 131072  Batches: 32  Memory Usage: 2722kB
        ->  Seq Scan on title t  (cost=0.00..73925.90 rows=1558918 width=4) (actual time=0.026..5111.908 rows=1547034 loops=1)
              Filter: ((kind_id > 2) AND (production_year < 2012))
              Rows Removed by Filter: 981278
Planning time: 0.764 ms
Execution time: 59818.800 ms
