Hash Join  (cost=74846.88..103746.58 rows=26780 width=0) (actual time=1377.080..1960.231 rows=56530 loops=1)
  Hash Cond: (mi_idx.movie_id = t.id)
  ->  Seq Scan on movie_info_idx mi_idx  (cost=0.00..25185.44 rows=919057 width=4) (actual time=0.024..439.086 rows=920110 loops=1)
        Filter: (info_type_id > 99)
        Rows Removed by Filter: 459925
  ->  Hash  (cost=73925.90..73925.90 rows=73678 width=4) (actual time=1308.558..1308.558 rows=67907 loops=1)
        Buckets: 131072  Batches: 1  Memory Usage: 3412kB
        ->  Seq Scan on title t  (cost=0.00..73925.90 rows=73678 width=4) (actual time=0.018..1282.497 rows=67907 loops=1)
              Filter: ((production_year > 1987) AND (kind_id = 3))
              Rows Removed by Filter: 2460405
Planning time: 0.998 ms
Execution time: 1967.913 ms
