Hash Join  (cost=83072.49..477789.01 rows=80 width=0) (actual time=1261.471..9539.191 rows=2228 loops=1)
  Hash Cond: (mi.movie_id = t.id)
  ->  Seq Scan on movie_info mi  (cost=0.00..346232.03 rows=12928982 width=4) (actual time=0.022..6518.878 rows=12970088 loops=1)
        Filter: (info_type_id < 18)
        Rows Removed by Filter: 1865632
  ->  Hash  (cost=83072.29..83072.29 rows=16 width=8) (actual time=1202.697..1202.697 rows=13 loops=1)
        Buckets: 1024  Batches: 1  Memory Usage: 9kB
        ->  Nested Loop  (cost=0.43..83072.29 rows=16 width=8) (actual time=200.903..1202.665 rows=13 loops=1)
              ->  Seq Scan on movie_keyword mk  (cost=0.00..81003.12 rows=246 width=4) (actual time=0.131..1196.885 rows=165 loops=1)
                    Filter: (keyword_id = 18701)
                    Rows Removed by Filter: 4523765
              ->  Index Scan using title_pkey on title t  (cost=0.43..8.40 rows=1 width=4) (actual time=0.032..0.032 rows=0 loops=165)
                    Index Cond: (id = mk.movie_id)
                    Filter: (production_year = 2011)
                    Rows Removed by Filter: 1
Planning time: 1.075 ms
Execution time: 9539.754 ms
