Hash Join  (cost=78716.10..576680.37 rows=1701734 width=0) (actual time=1313.543..15265.642 rows=4833305 loops=1)
  Hash Cond: (mi.movie_id = t.id)
  ->  Seq Scan on movie_info mi  (cost=0.00..309384.22 rows=14739122 width=4) (actual time=0.016..5700.932 rows=14835720 loops=1)
  ->  Hash  (cost=73925.90..73925.90 rows=291936 width=4) (actual time=1311.897..1311.897 rows=403476 loops=1)
        Buckets: 131072 (originally 131072)  Batches: 8 (originally 4)  Memory Usage: 3073kB
        ->  Seq Scan on title t  (cost=0.00..73925.90 rows=291936 width=4) (actual time=0.018..1172.970 rows=403476 loops=1)
              Filter: ((kind_id < 3) AND (production_year < 1999))
              Rows Removed by Filter: 2124836
Planning time: 0.782 ms
Execution time: 15860.882 ms
