Seq Scan on movie_keyword mk  (cost=0.00..81003.12 rows=311081 width=0) (actual time=3.908..1188.819 rows=308241 loops=1)
  Filter: (keyword_id > 52840)
  Rows Removed by Filter: 4215689
Planning time: 0.324 ms
Execution time: 1229.310 ms
