Hash Join  (cost=472601.13..514782.20 rows=261559 width=0) (actual time=8627.307..9903.580 rows=783897 loops=1)
  Hash Cond: (mi_idx.movie_id = t.id)
  ->  Seq Scan on movie_info_idx mi_idx  (cost=0.00..21735.35 rows=1380035 width=4) (actual time=0.019..438.466 rows=1380035 loops=1)
  ->  Hash  (cost=464737.70..464737.70 rows=479234 width=8) (actual time=8626.535..8626.535 rows=461824 loops=1)
        Buckets: 131072  Batches: 8  Memory Usage: 3272kB
        ->  Hash Join  (cost=98098.54..464737.70 rows=479234 width=8) (actual time=3841.413..8484.737 rows=461824 loops=1)
              Hash Cond: (mi.movie_id = t.id)
              ->  Seq Scan on movie_info mi  (cost=0.00..346232.03 rows=651960 width=4) (actual time=2007.583..5579.504 rows=660923 loops=1)
                    Filter: (info_type_id = 18)
                    Rows Removed by Filter: 14174797
              ->  Hash  (cost=67604.59..67604.59 rows=1858636 width=4) (actual time=1833.003..1833.003 rows=1852807 loops=1)
                    Buckets: 131072  Batches: 32  Memory Usage: 3075kB
                    ->  Seq Scan on title t  (cost=0.00..67604.59 rows=1858636 width=4) (actual time=0.036..1258.118 rows=1852807 loops=1)
                          Filter: (production_year > 1985)
                          Rows Removed by Filter: 675505
Planning time: 1.132 ms
Execution time: 9995.415 ms
