Hash Join  (cost=117678.76..609588.30 rows=1134260 width=0) (actual time=2553.502..15490.192 rows=3778632 loops=1)
  Hash Cond: (mi.movie_id = t.id)
  ->  Seq Scan on movie_info mi  (cost=0.00..309384.22 rows=14739122 width=4) (actual time=0.014..5957.148 rows=14835720 loops=1)
  ->  Hash  (cost=114485.44..114485.44 rows=194585 width=8) (actual time=2550.698..2550.698 rows=209413 loops=1)
        Buckets: 131072  Batches: 4  Memory Usage: 3078kB
        ->  Hash Join  (cost=73454.11..114485.44 rows=194585 width=8) (actual time=1327.562..2485.074 rows=209413 loops=1)
              Hash Cond: (mi_idx.movie_id = t.id)
              ->  Seq Scan on movie_info_idx mi_idx  (cost=0.00..21735.35 rows=1380035 width=4) (actual time=0.013..466.203 rows=1380035 loops=1)
              ->  Hash  (cost=67604.59..67604.59 rows=356522 width=4) (actual time=1326.694..1326.694 rows=352081 loops=1)
                    Buckets: 131072  Batches: 8  Memory Usage: 2565kB
                    ->  Seq Scan on title t  (cost=0.00..67604.59 rows=356522 width=4) (actual time=0.011..1211.800 rows=352081 loops=1)
                          Filter: (production_year < 1969)
                          Rows Removed by Filter: 2176231
Planning time: 0.807 ms
Execution time: 15913.943 ms
