Hash Join  (cost=572084.85..1548041.67 rows=4138697 width=0) (actual time=13321.210..34512.978 rows=6939692 loops=1)
  Hash Cond: (ci.movie_id = t.id)
  ->  Seq Scan on cast_info ci  (cost=0.00..705507.15 rows=12678567 width=4) (actual time=0.024..12621.604 rows=12629127 loops=1)
        Filter: (person_id < 1245850)
        Rows Removed by Filter: 23615217
  ->  Hash  (cost=558542.43..558542.43 rows=825394 width=8) (actual time=13319.209..13319.209 rows=707392 loops=1)
        Buckets: 131072  Batches: 16  Memory Usage: 2759kB
        ->  Hash Join  (cost=69928.56..558542.43 rows=825394 width=8) (actual time=1183.058..12610.476 rows=707392 loops=1)
              Hash Cond: (mi.movie_id = t.id)
              ->  Seq Scan on movie_info mi  (cost=0.00..309384.22 rows=14739122 width=4) (actual time=0.013..5736.661 rows=14835720 loops=1)
              ->  Hash  (cost=67604.59..67604.59 rows=141598 width=4) (actual time=1182.143..1182.143 rows=141703 loops=1)
                    Buckets: 131072  Batches: 2  Memory Usage: 3517kB
                    ->  Seq Scan on title t  (cost=0.00..67604.59 rows=141598 width=4) (actual time=0.022..1127.343 rows=141703 loops=1)
                          Filter: (production_year = 2010)
                          Rows Removed by Filter: 2386609
Planning time: 1.209 ms
Execution time: 35305.488 ms
