Seq Scan on movie_keyword mk  (cost=0.00..81003.12 rows=321943 width=0) (actual time=0.025..1323.431 rows=339389 loops=1)
  Filter: (keyword_id < 282)
  Rows Removed by Filter: 4184541
Planning time: 0.337 ms
Execution time: 1369.050 ms
