Seq Scan on cast_info ci  (cost=0.00..796071.18 rows=10207432 width=0) (actual time=0.026..16229.697 rows=10941735 loops=1)
  Filter: ((person_id > 565387) AND (role_id > 3))
  Rows Removed by Filter: 25302609
Planning time: 9.217 ms
Execution time: 17567.299 ms
