Hash Join  (cost=212981.98..357826.61 rows=1874860 width=0) (actual time=4636.087..13191.638 rows=23737002 loops=1)
  Hash Cond: (mk.movie_id = t.id)
  ->  Seq Scan on movie_keyword mk  (cost=0.00..69693.30 rows=4523930 width=4) (actual time=0.023..1458.885 rows=4523930 loops=1)
  ->  Hash  (cost=195789.20..195789.20 rows=1047902 width=8) (actual time=4635.174..4635.174 rows=926043 loops=1)
        Buckets: 131072  Batches: 16  Memory Usage: 3337kB
        ->  Hash Join  (cost=102767.86..195789.20 rows=1047902 width=8) (actual time=2033.778..4352.900 rows=926043 loops=1)
              Hash Cond: (mc.movie_id = t.id)
              ->  Seq Scan on movie_companies mc  (cost=0.00..57926.93 rows=1047902 width=4) (actual time=0.031..1130.646 rows=926043 loops=1)
                    Filter: ((company_id > 401) AND (company_type_id < 2))
                    Rows Removed by Filter: 1683086
              ->  Hash  (cost=61283.27..61283.27 rows=2528527 width=4) (actual time=2032.015..2032.015 rows=2528312 loops=1)
                    Buckets: 131072  Batches: 64  Memory Usage: 2415kB
                    ->  Seq Scan on title t  (cost=0.00..61283.27 rows=2528527 width=4) (actual time=0.025..1081.581 rows=2528312 loops=1)
Planning time: 1.129 ms
Execution time: 15607.626 ms
