Hash Join  (cost=78350.52..161024.59 rows=5202 width=0) (actual time=1287.483..2643.415 rows=16280 loops=1)
  Hash Cond: (mk.movie_id = t.id)
  ->  Seq Scan on movie_keyword mk  (cost=0.00..81003.12 rows=48780 width=4) (actual time=0.026..1234.661 rows=45186 loops=1)
        Filter: (keyword_id > 101949)
        Rows Removed by Filter: 4478744
  ->  Hash  (cost=73925.90..73925.90 rows=269649 width=4) (actual time=1286.540..1286.540 rows=382611 loops=1)
        Buckets: 131072 (originally 131072)  Batches: 8 (originally 4)  Memory Usage: 3073kB
        ->  Seq Scan on title t  (cost=0.00..73925.90 rows=269649 width=4) (actual time=0.061..1148.265 rows=382611 loops=1)
              Filter: ((kind_id < 7) AND (production_year < 1990))
              Rows Removed by Filter: 2145701
Planning time: 8.211 ms
Execution time: 2645.944 ms
