Hash Join  (cost=347260.57..1118425.08 rows=22125888 width=0) (actual time=14996.552..109085.093 rows=206611410 loops=1)
  Hash Cond: (mi.movie_id = t.id)
  ->  Seq Scan on movie_info mi  (cost=0.00..309384.22 rows=14739122 width=4) (actual time=0.018..22685.363 rows=14835720 loops=1)
  ->  Hash  (cost=284985.79..284985.79 rows=3795742 width=8) (actual time=14995.327..14995.327 rows=3799422 loops=1)
        Buckets: 131072  Batches: 64  Memory Usage: 3448kB
        ->  Hash Join  (cost=102767.86..284985.79 rows=3795742 width=8) (actual time=4747.511..13665.494 rows=3799422 loops=1)
              Hash Cond: (mk.movie_id = t.id)
              ->  Seq Scan on movie_keyword mk  (cost=0.00..81003.12 rows=3795742 width=4) (actual time=0.013..4433.565 rows=3799422 loops=1)
                    Filter: (keyword_id > 643)
                    Rows Removed by Filter: 724508
              ->  Hash  (cost=61283.27..61283.27 rows=2528527 width=4) (actual time=4745.933..4745.933 rows=2528312 loops=1)
                    Buckets: 131072  Batches: 64  Memory Usage: 2425kB
                    ->  Seq Scan on title t  (cost=0.00..61283.27 rows=2528527 width=4) (actual time=0.015..3323.577 rows=2528312 loops=1)
Planning time: 3.561 ms
Execution time: 137860.505 ms
