Hash Join  (cost=224232.58..1405746.60 rows=9970986 width=0) (actual time=5294.635..44396.716 rows=31619253 loops=1)
  Hash Cond: (ci.movie_id = t.id)
  ->  Seq Scan on cast_info ci  (cost=0.00..614943.12 rows=36225612 width=4) (actual time=0.024..13193.869 rows=36244344 loops=1)
  ->  Hash  (cost=212813.97..212813.97 rows=695969 width=8) (actual time=5291.663..5291.663 rows=953862 loops=1)
        Buckets: 131072  Batches: 16  Memory Usage: 3397kB
        ->  Hash Join  (cost=74449.67..212813.97 rows=695969 width=8) (actual time=1201.234..4998.750 rows=953862 loops=1)
              Hash Cond: (mk.movie_id = t.id)
              ->  Seq Scan on movie_keyword mk  (cost=0.00..81003.12 rows=4217994 width=4) (actual time=0.016..1782.512 rows=4198670 loops=1)
                    Filter: (keyword_id > 262)
                    Rows Removed by Filter: 325260
              ->  Hash  (cost=67604.59..67604.59 rows=417207 width=4) (actual time=1200.228..1200.228 rows=409495 loops=1)
                    Buckets: 131072  Batches: 8  Memory Usage: 2827kB
                    ->  Seq Scan on title t  (cost=0.00..67604.59 rows=417207 width=4) (actual time=0.012..1063.854 rows=409495 loops=1)
                          Filter: (production_year < 1973)
                          Rows Removed by Filter: 2118817
Planning time: 4.734 ms
Execution time: 47929.737 ms
