Seq Scan on cast_info ci  (cost=0.00..796071.18 rows=610006 width=0) (actual time=311.366..13526.664 rows=878288 loops=1)
  Filter: ((person_id > 1668333) AND (role_id = 9))
  Rows Removed by Filter: 35366056
Planning time: 0.344 ms
Execution time: 13634.357 ms
