Hash Join  (cost=451008.90..529435.24 rows=244882 width=0) (actual time=7210.434..9321.138 rows=617965 loops=1)
  Hash Cond: (mc.movie_id = t.id)
  ->  Seq Scan on movie_companies mc  (cost=0.00..44881.29 rows=2609129 width=4) (actual time=0.026..971.146 rows=2609129 loops=1)
  ->  Hash  (cost=447114.43..447114.43 rows=237317 width=8) (actual time=7209.639..7209.639 rows=255798 loops=1)
        Buckets: 131072  Batches: 4  Memory Usage: 3527kB
        ->  Hash Join  (cost=81282.57..447114.43 rows=237317 width=8) (actual time=1789.992..7128.526 rows=255798 loops=1)
              Hash Cond: (mi.movie_id = t.id)
              ->  Seq Scan on movie_info mi  (cost=0.00..346232.03 rows=1338312 width=4) (actual time=528.194..5155.344 rows=1401902 loops=1)
                    Filter: (info_type_id = 7)
                    Rows Removed by Filter: 13433818
              ->  Hash  (cost=73925.90..73925.90 rows=448373 width=4) (actual time=1260.870..1260.870 rows=329492 loops=1)
                    Buckets: 131072  Batches: 8  Memory Usage: 2467kB
                    ->  Seq Scan on title t  (cost=0.00..73925.90 rows=448373 width=4) (actual time=0.028..1150.673 rows=329492 loops=1)
                          Filter: ((production_year < 1992) AND (kind_id = 7))
                          Rows Removed by Filter: 2198820
Planning time: 1.237 ms
Execution time: 9377.316 ms
