Seq Scan on movie_keyword mk  (cost=0.00..81003.12 rows=246 width=0) (actual time=215.558..1027.130 rows=7 loops=1)
  Filter: (keyword_id = 74510)
  Rows Removed by Filter: 4523923
Planning time: 0.996 ms
Execution time: 1027.214 ms
