Nested Loop  (cost=0.43..797488.46 rows=66 width=0) (actual time=6941.554..12395.785 rows=4 loops=1)
  ->  Seq Scan on cast_info ci  (cost=0.00..796071.18 rows=168 width=4) (actual time=6941.424..12395.569 rows=4 loops=1)
        Filter: ((role_id > 3) AND (person_id = 2976142))
        Rows Removed by Filter: 36244340
  ->  Index Scan using title_pkey on title t  (cost=0.43..8.43 rows=1 width=4) (actual time=0.032..0.033 rows=1 loops=4)
        Index Cond: (id = ci.movie_id)
        Filter: (kind_id < 7)
Planning time: 0.759 ms
Execution time: 12395.905 ms
