Seq Scan on movie_companies mc  (cost=0.00..57926.93 rows=815429 width=0) (actual time=352.119..1050.403 rows=1120579 loops=1)
  Filter: ((company_id < 18361) AND (company_type_id < 2))
  Rows Removed by Filter: 1488550
Planning time: 0.338 ms
Execution time: 1187.329 ms
