Hash Join  (cost=951049.43..1098119.02 rows=2057456 width=0) (actual time=46416.245..55976.490 rows=7405685 loops=1)
  Hash Cond: (mk.movie_id = t.id)
  ->  Seq Scan on movie_keyword mk  (cost=0.00..69693.30 rows=4523930 width=4) (actual time=0.024..4275.211 rows=4523930 loops=1)
  ->  Hash  (cost=932181.94..932181.94 rows=1149959 width=8) (actual time=46414.268..46414.268 rows=2768036 loops=1)
        Buckets: 131072 (originally 131072)  Batches: 32 (originally 16)  Memory Usage: 4365kB
        ->  Hash Join  (cost=96651.52..932181.94 rows=1149959 width=8) (actual time=28728.735..45387.568 rows=2768036 loops=1)
              Hash Cond: (ci.movie_id = t.id)
              ->  Seq Scan on cast_info ci  (cost=0.00..796071.18 rows=1642329 width=4) (actual time=23009.763..35314.043 rows=3661279 loops=1)
                    Filter: ((person_id > 2393454) AND (role_id > 9))
                    Rows Removed by Filter: 32583065
              ->  Hash  (cost=67604.59..67604.59 rows=1770475 width=4) (actual time=5717.465..5717.465 rows=1774635 loops=1)
                    Buckets: 131072  Batches: 32  Memory Usage: 2978kB
                    ->  Seq Scan on title t  (cost=0.00..67604.59 rows=1770475 width=4) (actual time=0.024..4651.077 rows=1774635 loops=1)
                          Filter: (kind_id > 2)
                          Rows Removed by Filter: 753677
Planning time: 9.223 ms
Execution time: 57026.163 ms
