Hash Join  (cost=83073.25..447733.66 rows=448 width=0) (actual time=2532.950..8146.533 rows=38 loops=1)
  Hash Cond: (mi.movie_id = t.id)
  ->  Seq Scan on movie_info mi  (cost=0.00..309384.22 rows=14739122 width=4) (actual time=0.015..4240.640 rows=14835720 loops=1)
  ->  Hash  (cost=83072.29..83072.29 rows=77 width=8) (actual time=1292.399..1292.399 rows=1 loops=1)
        Buckets: 1024  Batches: 1  Memory Usage: 9kB
        ->  Nested Loop  (cost=0.43..83072.29 rows=77 width=8) (actual time=1210.846..1292.382 rows=1 loops=1)
              ->  Seq Scan on movie_keyword mk  (cost=0.00..81003.12 rows=246 width=4) (actual time=1210.785..1292.318 rows=1 loops=1)
                    Filter: (keyword_id = 107548)
                    Rows Removed by Filter: 4523929
              ->  Index Scan using title_pkey on title t  (cost=0.43..8.40 rows=1 width=4) (actual time=0.054..0.055 rows=1 loops=1)
                    Index Cond: (id = mk.movie_id)
                    Filter: (production_year > 2007)
Planning time: 2.243 ms
Execution time: 8146.726 ms
