Seq Scan on movie_keyword mk  (cost=0.00..81003.12 rows=2481345 width=0) (actual time=0.029..1117.717 rows=2473213 loops=1)
  Filter: (keyword_id > 3658)
  Rows Removed by Filter: 2050717
Planning time: 0.296 ms
Execution time: 1372.871 ms
