Nested Loop  (cost=0.43..799579.33 rows=420 width=0) (actual time=2062.174..14628.077 rows=196 loops=1)
  ->  Seq Scan on cast_info ci  (cost=0.00..796071.18 rows=420 width=4) (actual time=2062.081..14621.371 rows=196 loops=1)
        Filter: ((role_id < 9) AND (person_id = 739805))
        Rows Removed by Filter: 36244148
  ->  Index Only Scan using title_pkey on title t  (cost=0.43..8.34 rows=1 width=4) (actual time=0.033..0.033 rows=1 loops=196)
        Index Cond: (id = ci.movie_id)
        Heap Fetches: 196
Planning time: 0.745 ms
Execution time: 14628.465 ms
