Hash Join  (cost=527599.30..1598221.96 rows=3325331 width=0) (actual time=14796.245..42267.173 rows=7099995 loops=1)
  Hash Cond: (ci.movie_id = t.id)
  ->  Seq Scan on cast_info ci  (cost=0.00..705507.15 rows=23499554 width=4) (actual time=1659.764..16037.639 rows=23573656 loops=1)
        Filter: (role_id > 1)
        Rows Removed by Filter: 12670688
  ->  Hash  (cost=521728.77..521728.77 rows=357802 width=8) (actual time=13135.204..13135.204 rows=388716 loops=1)
        Buckets: 131072  Batches: 8  Memory Usage: 2905kB
        ->  Hash Join  (cost=69283.60..521728.77 rows=357802 width=8) (actual time=1481.708..12998.490 rows=388716 loops=1)
              Hash Cond: (mi.movie_id = t.id)
              ->  Seq Scan on movie_info mi  (cost=0.00..346232.03 rows=8841901 width=4) (actual time=0.054..6633.215 rows=8950757 loops=1)
                    Filter: (info_type_id > 6)
                    Rows Removed by Filter: 5884963
              ->  Hash  (cost=67604.59..67604.59 rows=102321 width=4) (actual time=954.960..954.960 rows=100537 loops=1)
                    Buckets: 131072  Batches: 2  Memory Usage: 2803kB
                    ->  Seq Scan on title t  (cost=0.00..67604.59 rows=102321 width=4) (actual time=37.598..919.195 rows=100537 loops=1)
                          Filter: (kind_id = 3)
                          Rows Removed by Filter: 2427775
Planning time: 1.096 ms
Execution time: 43094.799 ms
