Seq Scan on movie_companies mc  (cost=0.00..51404.11 rows=104 width=0) (actual time=44.397..874.192 rows=113 loops=1)
  Filter: (company_id = 4224)
  Rows Removed by Filter: 2609016
Planning time: 0.274 ms
Execution time: 874.324 ms
