Hash Join  (cost=102767.86..264086.63 rows=2927240 width=0) (actual time=1879.886..6010.598 rows=2917741 loops=1)
  Hash Cond: (mk.movie_id = t.id)
  ->  Seq Scan on movie_keyword mk  (cost=0.00..81003.12 rows=2927240 width=4) (actual time=0.034..1636.130 rows=2917741 loops=1)
        Filter: (keyword_id > 2487)
        Rows Removed by Filter: 1606189
  ->  Hash  (cost=61283.27..61283.27 rows=2528527 width=4) (actual time=1878.276..1878.276 rows=2528312 loops=1)
        Buckets: 131072  Batches: 64  Memory Usage: 2425kB
        ->  Seq Scan on title t  (cost=0.00..61283.27 rows=2528527 width=4) (actual time=0.023..1000.336 rows=2528312 loops=1)
Planning time: 0.721 ms
Execution time: 6350.591 ms
