Seq Scan on movie_keyword mk  (cost=0.00..81003.12 rows=246 width=0) (actual time=0.269..1318.263 rows=602 loops=1)
  Filter: (keyword_id = 7794)
  Rows Removed by Filter: 4523328
Planning time: 0.314 ms
Execution time: 1318.591 ms
