Seq Scan on movie_companies mc  (cost=0.00..57926.93 rows=53 width=0) (actual time=1547.880..1935.359 rows=584 loops=1)
  Filter: ((company_type_id > 1) AND (company_id = 11313))
  Rows Removed by Filter: 2608545
Planning time: 0.345 ms
Execution time: 1935.613 ms
