Hash Join  (cost=75405.37..884635.39 rows=38291 width=0) (actual time=30244.510..39753.521 rows=189435 loops=1)
  Hash Cond: (ci.movie_id = t.id)
  ->  Seq Scan on cast_info ci  (cost=0.00..796071.18 rows=1074382 width=4) (actual time=26514.546..34542.001 rows=2144094 loops=1)
        Filter: ((person_id < 289370) AND (role_id = 1))
        Rows Removed by Filter: 34100250
  ->  Hash  (cost=73925.90..73925.90 rows=90117 width=4) (actual time=3728.656..3728.656 rows=217597 loops=1)
        Buckets: 131072 (originally 131072)  Batches: 4 (originally 2)  Memory Usage: 3073kB
        ->  Seq Scan on title t  (cost=0.00..73925.90 rows=90117 width=4) (actual time=0.271..3624.326 rows=217597 loops=1)
              Filter: ((kind_id < 2) AND (production_year < 1968))
              Rows Removed by Filter: 2310715
Planning time: 0.771 ms
Execution time: 39778.637 ms
