Seq Scan on cast_info ci  (cost=0.00..705507.15 rows=1197443 width=0) (actual time=28384.542..31132.490 rows=1223533 loops=1)
  Filter: (person_id > 3825033)
  Rows Removed by Filter: 35020811
Planning time: 0.312 ms
Execution time: 31380.178 ms
