Hash Join  (cost=132320.57..258732.54 rows=361893 width=0) (actual time=4430.275..5883.556 rows=290393 loops=1)
  Hash Cond: (mk.movie_id = t.id)
  ->  Seq Scan on movie_keyword mk  (cost=0.00..69693.30 rows=4523930 width=4) (actual time=0.014..1548.482 rows=4523930 loops=1)
  ->  Hash  (cost=129001.20..129001.20 rows=202270 width=8) (actual time=2536.806..2536.806 rows=108200 loops=1)
        Buckets: 131072  Batches: 4  Memory Usage: 2081kB
        ->  Hash Join  (cost=92128.39..129001.20 rows=202270 width=8) (actual time=1539.565..2497.517 rows=108200 loops=1)
              Hash Cond: (mi_idx.movie_id = t.id)
              ->  Seq Scan on movie_info_idx mi_idx  (cost=0.00..25185.44 rows=460978 width=4) (actual time=0.024..465.579 rows=459925 loops=1)
                    Filter: (info_type_id = 99)
                    Rows Removed by Filter: 920110
              ->  Hash  (cost=73925.90..73925.90 rows=1109479 width=4) (actual time=1538.764..1538.764 rows=1201090 loops=1)
                    Buckets: 131072  Batches: 16  Memory Usage: 3674kB
                    ->  Seq Scan on title t  (cost=0.00..73925.90 rows=1109479 width=4) (actual time=0.024..1185.485 rows=1201090 loops=1)
                          Filter: ((production_year > 1987) AND (kind_id = 7))
                          Rows Removed by Filter: 1327222
Planning time: 0.825 ms
Execution time: 5921.650 ms
