Hash Join  (cost=83074.74..109986.57 rows=134 width=0) (actual time=4944.118..4989.401 rows=3 loops=1)
  Hash Cond: (mi_idx.movie_id = t.id)
  ->  Seq Scan on movie_info_idx mi_idx  (cost=0.00..21735.35 rows=1380035 width=4) (actual time=0.013..1068.646 rows=1380035 loops=1)
  ->  Hash  (cost=83071.67..83071.67 rows=246 width=8) (actual time=3546.143..3546.143 rows=1 loops=1)
        Buckets: 1024  Batches: 1  Memory Usage: 9kB
        ->  Nested Loop  (cost=0.43..83071.67 rows=246 width=8) (actual time=3210.936..3546.116 rows=1 loops=1)
              ->  Seq Scan on movie_keyword mk  (cost=0.00..81003.12 rows=246 width=4) (actual time=3210.836..3545.999 rows=1 loops=1)
                    Filter: (keyword_id = 126097)
                    Rows Removed by Filter: 4523929
              ->  Index Only Scan using title_pkey on title t  (cost=0.43..8.40 rows=1 width=4) (actual time=0.077..0.078 rows=1 loops=1)
                    Index Cond: (id = mk.movie_id)
                    Heap Fetches: 1
Planning time: 1.874 ms
Execution time: 4989.498 ms
