Seq Scan on movie_keyword mk  (cost=0.00..81003.12 rows=2968922 width=0) (actual time=0.019..4238.331 rows=2963371 loops=1)
  Filter: (keyword_id > 2337)
  Rows Removed by Filter: 1560559
Planning time: 0.268 ms
Execution time: 4724.320 ms
