Hash Join  (cost=804809.37..934897.32 rows=199500 width=0) (actual time=46086.143..53094.256 rows=1181382 loops=1)
  Hash Cond: (mk.movie_id = t.id)
  ->  Seq Scan on movie_keyword mk  (cost=0.00..69693.30 rows=4523930 width=4) (actual time=0.022..4704.572 rows=4523930 loops=1)
  ->  Hash  (cost=802979.56..802979.56 rows=111505 width=8) (actual time=46084.851..46084.851 rows=127749 loops=1)
        Buckets: 131072  Batches: 2  Memory Usage: 3522kB
        ->  Hash Join  (cost=74531.43..802979.56 rows=111505 width=8) (actual time=3663.721..45977.763 rows=127749 loops=1)
              Hash Cond: (ci.movie_id = t.id)
              ->  Seq Scan on cast_info ci  (cost=0.00..705507.15 rows=5820248 width=4) (actual time=0.023..39888.404 rows=5732694 loops=1)
                    Filter: (role_id > 8)
                    Rows Removed by Filter: 30511650
              ->  Hash  (cost=73925.90..73925.90 rows=48442 width=4) (actual time=3660.910..3660.910 rows=62614 loops=1)
                    Buckets: 65536  Batches: 1  Memory Usage: 2714kB
                    ->  Seq Scan on title t  (cost=0.00..73925.90 rows=48442 width=4) (actual time=0.023..3634.795 rows=62614 loops=1)
                          Filter: ((production_year < 2003) AND (kind_id = 3))
                          Rows Removed by Filter: 2465698
Planning time: 1.121 ms
Execution time: 53284.496 ms
