Seq Scan on movie_keyword mk  (cost=0.00..81003.12 rows=246 width=0) (actual time=0.864..3778.131 rows=574 loops=1)
  Filter: (keyword_id = 746)
  Rows Removed by Filter: 4523356
Planning time: 0.374 ms
Execution time: 3778.503 ms
