Seq Scan on movie_keyword mk  (cost=0.00..81003.12 rows=4187553 width=0) (actual time=0.014..5136.766 rows=4170770 loops=1)
  Filter: (keyword_id > 310)
  Rows Removed by Filter: 353160
Planning time: 0.271 ms
Execution time: 5840.319 ms
