Hash Join  (cost=88295.76..1121309.39 rows=9721403 width=0) (actual time=4785.526..68234.699 rows=11387404 loops=1)
  Hash Cond: (ci.movie_id = t.id)
  ->  Seq Scan on cast_info ci  (cost=0.00..705507.15 rows=19491053 width=4) (actual time=0.025..44935.345 rows=19653432 loops=1)
        Filter: (person_id > 1642486)
        Rows Removed by Filter: 16590912
  ->  Hash  (cost=67604.59..67604.59 rows=1261134 width=4) (actual time=4784.296..4784.296 rows=1260295 loops=1)
        Buckets: 131072  Batches: 32  Memory Usage: 2413kB
        ->  Seq Scan on title t  (cost=0.00..67604.59 rows=1261134 width=4) (actual time=0.021..4234.621 rows=1260295 loops=1)
              Filter: (production_year > 2002)
              Rows Removed by Filter: 1268017
Planning time: 1.718 ms
Execution time: 69885.665 ms
