Seq Scan on movie_keyword mk  (cost=0.00..81003.12 rows=1524235 width=0) (actual time=0.024..4392.051 rows=1534352 loops=1)
  Filter: (keyword_id < 2241)
  Rows Removed by Filter: 2989578
Planning time: 0.292 ms
Execution time: 4645.564 ms
