Seq Scan on title t  (cost=0.00..73925.90 rows=149705 width=0) (actual time=0.007..3307.768 rows=275667 loops=1)
  Filter: ((kind_id < 4) AND (production_year < 1975))
  Rows Removed by Filter: 2252645
Planning time: 19.580 ms
Execution time: 3350.683 ms
