Hash Join  (cost=876973.29..963902.55 rows=27122 width=0) (actual time=35716.833..40795.003 rows=25793 loops=1)
  Hash Cond: (mk.movie_id = t.id)
  ->  Seq Scan on movie_keyword mk  (cost=0.00..69693.30 rows=4523930 width=4) (actual time=0.013..3772.868 rows=4523930 loops=1)
  ->  Hash  (cost=876783.80..876783.80 rows=15159 width=8) (actual time=35715.695..35715.695 rows=16602 loops=1)
        Buckets: 32768 (originally 16384)  Batches: 1 (originally 1)  Memory Usage: 905kB
        ->  Hash Join  (cost=75464.55..876783.80 rows=15159 width=8) (actual time=7242.140..35708.912 rows=16602 loops=1)
              Hash Cond: (ci.movie_id = t.id)
              ->  Seq Scan on cast_info ci  (cost=0.00..796071.18 rows=408928 width=4) (actual time=3247.199..31485.114 rows=378533 loops=1)
                    Filter: ((person_id < 44869) AND (role_id < 10))
                    Rows Removed by Filter: 35865811
              ->  Hash  (cost=73925.90..73925.90 rows=93732 width=4) (actual time=3994.080..3994.080 rows=100592 loops=1)
                    Buckets: 131072  Batches: 2  Memory Usage: 2791kB
                    ->  Seq Scan on title t  (cost=0.00..73925.90 rows=93732 width=4) (actual time=0.045..3952.901 rows=100592 loops=1)
                          Filter: ((kind_id > 1) AND (production_year = 2009))
                          Rows Removed by Filter: 2427720
Planning time: 1.186 ms
Execution time: 40799.574 ms
