Hash Join  (cost=206894.33..351973.38 rows=1894101 width=0) (actual time=11193.668..24317.032 rows=15371900 loops=1)
  Hash Cond: (mk.movie_id = t.id)
  ->  Seq Scan on movie_keyword mk  (cost=0.00..69693.30 rows=4523930 width=4) (actual time=0.021..5432.425 rows=4523930 loops=1)
  ->  Hash  (cost=189525.13..189525.13 rows=1058656 width=8) (actual time=11192.386..11192.386 rows=1055234 loops=1)
        Buckets: 131072  Batches: 16  Memory Usage: 3617kB
        ->  Hash Join  (cost=102767.86..189525.13 rows=1058656 width=8) (actual time=5301.973..10795.047 rows=1055234 loops=1)
              Hash Cond: (mc.movie_id = t.id)
              ->  Seq Scan on movie_companies mc  (cost=0.00..51404.11 rows=1058656 width=4) (actual time=0.019..3641.370 rows=1055234 loops=1)
                    Filter: (company_id < 6227)
                    Rows Removed by Filter: 1553895
              ->  Hash  (cost=61283.27..61283.27 rows=2528527 width=4) (actual time=5300.775..5300.775 rows=2528312 loops=1)
                    Buckets: 131072  Batches: 64  Memory Usage: 2415kB
                    ->  Seq Scan on title t  (cost=0.00..61283.27 rows=2528527 width=4) (actual time=0.022..4129.807 rows=2528312 loops=1)
Planning time: 1.113 ms
Execution time: 26646.837 ms
