Seq Scan on movie_keyword mk  (cost=0.00..81003.12 rows=2391033 width=0) (actual time=0.026..4286.645 rows=2386702 loops=1)
  Filter: (keyword_id > 3974)
  Rows Removed by Filter: 2137228
Planning time: 0.522 ms
Execution time: 4690.307 ms
