Hash Join  (cost=74434.21..135228.57 rows=11791 width=0) (actual time=3337.819..6854.504 rows=4590 loops=1)
  Hash Cond: (mc.movie_id = t.id)
  ->  Seq Scan on movie_companies mc  (cost=0.00..57926.93 rows=733206 width=4) (actual time=0.021..3159.791 rows=1009461 loops=1)
        Filter: ((company_id < 13631) AND (company_type_id = 1))
        Rows Removed by Filter: 1599668
  ->  Hash  (cost=73925.90..73925.90 rows=40664 width=4) (actual time=3336.726..3336.726 rows=40257 loops=1)
        Buckets: 65536  Batches: 1  Memory Usage: 1928kB
        ->  Seq Scan on title t  (cost=0.00..73925.90 rows=40664 width=4) (actual time=0.017..3291.227 rows=40257 loops=1)
              Filter: ((production_year > 2012) AND (kind_id = 7))
              Rows Removed by Filter: 2488055
Planning time: 0.850 ms
Execution time: 6855.348 ms
