Hash Join  (cost=129776.09..217046.47 rows=61234 width=0) (actual time=9856.201..11870.295 rows=382418 loops=1)
  Hash Cond: (mk.movie_id = t.id)
  ->  Seq Scan on movie_keyword mk  (cost=0.00..69693.30 rows=4523930 width=4) (actual time=0.030..3513.218 rows=4523930 loops=1)
  ->  Hash  (cost=129348.28..129348.28 rows=34225 width=8) (actual time=7021.032..7021.032 rows=69532 loops=1)
        Buckets: 131072 (originally 65536)  Batches: 1 (originally 1)  Memory Usage: 3741kB
        ->  Hash Join  (cost=74340.51..129348.28 rows=34225 width=8) (actual time=4029.482..6992.078 rows=69532 loops=1)
              Hash Cond: (mc.movie_id = t.id)
              ->  Seq Scan on movie_companies mc  (cost=0.00..44881.29 rows=2609129 width=4) (actual time=0.014..2693.548 rows=2609129 loops=1)
              ->  Hash  (cost=73925.90..73925.90 rows=33168 width=4) (actual time=3344.380..3344.380 rows=34840 loops=1)
                    Buckets: 65536  Batches: 1  Memory Usage: 1737kB
                    ->  Seq Scan on title t  (cost=0.00..73925.90 rows=33168 width=4) (actual time=0.032..3328.888 rows=34840 loops=1)
                          Filter: ((production_year < 1998) AND (kind_id = 2))
                          Rows Removed by Filter: 2493472
Planning time: 1.180 ms
Execution time: 11929.083 ms
