Hash Join  (cost=83073.03..879580.70 rows=94 width=0) (actual time=2745.326..38856.324 rows=389 loops=1)
  Hash Cond: (ci.movie_id = t.id)
  ->  Seq Scan on cast_info ci  (cost=0.00..705507.15 rows=24266552 width=4) (actual time=0.014..31727.010 rows=24220242 loops=1)
        Filter: (person_id < 2485892)
        Rows Removed by Filter: 12024102
  ->  Hash  (cost=83072.90..83072.90 rows=10 width=8) (actual time=2654.072..2654.072 rows=12 loops=1)
        Buckets: 1024  Batches: 1  Memory Usage: 9kB
        ->  Nested Loop  (cost=0.43..83072.90 rows=10 width=8) (actual time=1473.291..2654.053 rows=12 loops=1)
              ->  Seq Scan on movie_keyword mk  (cost=0.00..81003.12 rows=246 width=4) (actual time=18.047..2550.739 rows=736 loops=1)
                    Filter: (keyword_id = 1885)
                    Rows Removed by Filter: 4523194
              ->  Index Scan using title_pkey on title t  (cost=0.43..8.40 rows=1 width=4) (actual time=0.138..0.138 rows=0 loops=736)
                    Index Cond: (id = mk.movie_id)
                    Filter: ((kind_id = 7) AND (production_year = 2012))
                    Rows Removed by Filter: 1
Planning time: 5.242 ms
Execution time: 38856.755 ms
