Seq Scan on movie_keyword mk  (cost=0.00..81003.12 rows=246 width=0) (actual time=3.756..3437.239 rows=253 loops=1)
  Filter: (keyword_id = 2964)
  Rows Removed by Filter: 4523677
Planning time: 1.410 ms
Execution time: 3437.510 ms
