Hash Join  (cost=78724.21..157934.19 rows=301746 width=0) (actual time=4377.719..8718.920 rows=382751 loops=1)
  Hash Cond: (mc.movie_id = t.id)
  ->  Seq Scan on movie_companies mc  (cost=0.00..44881.29 rows=2609129 width=4) (actual time=0.017..3261.954 rows=2609129 loops=1)
  ->  Hash  (cost=73925.90..73925.90 rows=292424 width=4) (actual time=3770.747..3770.747 rows=231739 loops=1)
        Buckets: 131072  Batches: 4  Memory Usage: 3067kB
        ->  Seq Scan on title t  (cost=0.00..73925.90 rows=292424 width=4) (actual time=0.026..3671.988 rows=231739 loops=1)
              Filter: ((production_year > 2004) AND (kind_id = 1))
              Rows Removed by Filter: 2296573
Planning time: 0.660 ms
Execution time: 8783.004 ms
