Nested Loop  (cost=0.43..28266.72 rows=135 width=0) (actual time=611.587..1056.555 rows=169 loops=1)
  ->  Seq Scan on movie_info_idx mi_idx  (cost=0.00..25185.44 rows=368 width=4) (actual time=611.521..1044.642 rows=260 loops=1)
        Filter: (info_type_id > 101)
        Rows Removed by Filter: 1379775
  ->  Index Scan using title_pkey on title t  (cost=0.43..8.36 rows=1 width=4) (actual time=0.045..0.045 rows=1 loops=260)
        Index Cond: (id = mi_idx.movie_id)
        Filter: (production_year < 1998)
        Rows Removed by Filter: 0
Planning time: 0.766 ms
Execution time: 1056.697 ms
