Hash Join  (cost=139935.83..507815.39 rows=322363 width=0) (actual time=5570.801..25392.802 rows=1124445 loops=1)
  Hash Cond: (mi.movie_id = t.id)
  ->  Seq Scan on movie_info mi  (cost=0.00..309384.22 rows=14739122 width=4) (actual time=0.013..15068.136 rows=14835720 loops=1)
  ->  Hash  (cost=139244.56..139244.56 rows=55302 width=8) (actual time=5570.428..5570.428 rows=40493 loops=1)
        Buckets: 65536  Batches: 1  Memory Usage: 2094kB
        ->  Hash Join  (cost=70308.29..139244.56 rows=55302 width=8) (actual time=3434.848..5553.526 rows=40493 loops=1)
              Hash Cond: (mc.movie_id = t.id)
              ->  Seq Scan on movie_companies mc  (cost=0.00..57926.93 rows=848618 width=4) (actual time=615.124..2231.283 rows=1161751 loops=1)
                    Filter: ((company_id < 22460) AND (company_type_id = 1))
                    Rows Removed by Filter: 1447378
              ->  Hash  (cost=67604.59..67604.59 rows=164776 width=4) (actual time=2818.751..2818.751 rows=164307 loops=1)
                    Buckets: 131072  Batches: 4  Memory Usage: 2482kB
                    ->  Seq Scan on title t  (cost=0.00..67604.59 rows=164776 width=4) (actual time=0.033..2409.744 rows=164307 loops=1)
                          Filter: (production_year = 2012)
                          Rows Removed by Filter: 2364005
Planning time: 2.089 ms
Execution time: 25574.592 ms
