Seq Scan on movie_keyword mk  (cost=0.00..81003.12 rows=2380810 width=0) (actual time=0.015..2979.796 rows=2371781 loops=1)
  Filter: (keyword_id > 4043)
  Rows Removed by Filter: 2152149
Planning time: 0.288 ms
Execution time: 3314.553 ms
