Hash Join  (cost=74663.22..129937.39 rows=60865 width=0) (actual time=2221.964..4825.988 rows=22642 loops=1)
  Hash Cond: (mc.movie_id = t.id)
  ->  Seq Scan on movie_companies mc  (cost=0.00..44881.29 rows=2609129 width=4) (actual time=0.023..1749.766 rows=2609129 loops=1)
  ->  Hash  (cost=73925.90..73925.90 rows=58985 width=4) (actual time=2221.445..2221.445 rows=63200 loops=1)
        Buckets: 65536  Batches: 1  Memory Usage: 2734kB
        ->  Seq Scan on title t  (cost=0.00..73925.90 rows=58985 width=4) (actual time=0.015..2194.924 rows=63200 loops=1)
              Filter: ((kind_id > 4) AND (production_year = 2005))
              Rows Removed by Filter: 2465112
Planning time: 3.476 ms
Execution time: 4829.381 ms
