Nested Loop  (cost=0.43..709671.90 rows=500 width=0) (actual time=4920.031..31775.432 rows=22 loops=1)
  ->  Seq Scan on cast_info ci  (cost=0.00..705507.15 rows=500 width=4) (actual time=4919.928..31773.250 rows=22 loops=1)
        Filter: (person_id = 366575)
        Rows Removed by Filter: 36244322
  ->  Index Only Scan using title_pkey on title t  (cost=0.43..8.32 rows=1 width=4) (actual time=0.093..0.094 rows=1 loops=22)
        Index Cond: (id = ci.movie_id)
        Heap Fetches: 22
Planning time: 0.652 ms
Execution time: 31775.504 ms
