Seq Scan on movie_companies mc  (cost=0.00..51404.11 rows=200868 width=0) (actual time=660.085..1813.781 rows=202454 loops=1)
  Filter: (company_id > 112695)
  Rows Removed by Filter: 2406675
Planning time: 3.789 ms
Execution time: 1842.051 ms
