Hash Join  (cost=986697.41..1154815.16 rows=3320980 width=0) (actual time=45413.561..54033.063 rows=6001352 loops=1)
  Hash Cond: (mk.movie_id = t.id)
  ->  Seq Scan on movie_keyword mk  (cost=0.00..69693.30 rows=4523930 width=4) (actual time=0.024..3954.637 rows=4523930 loops=1)
  ->  Hash  (cost=956244.27..956244.27 rows=1856171 width=8) (actual time=45412.858..45412.858 rows=1963073 loops=1)
        Buckets: 131072  Batches: 32  Memory Usage: 3405kB
        ->  Hash Join  (cost=107308.20..956244.27 rows=1856171 width=8) (actual time=29689.475..44737.447 rows=1963073 loops=1)
              Hash Cond: (ci.movie_id = t.id)
              ->  Seq Scan on cast_info ci  (cost=0.00..796071.18 rows=1939437 width=4) (actual time=24444.391..36956.996 rows=1995839 loops=1)
                    Filter: ((person_id > 1018834) AND (role_id = 4))
                    Rows Removed by Filter: 34248505
              ->  Hash  (cost=67604.59..67604.59 rows=2419969 width=4) (actual time=5243.651..5243.651 rows=2413398 loops=1)
                    Buckets: 131072  Batches: 32  Memory Usage: 3676kB
                    ->  Seq Scan on title t  (cost=0.00..67604.59 rows=2419969 width=4) (actual time=0.026..4025.854 rows=2413398 loops=1)
                          Filter: (production_year > 1912)
                          Rows Removed by Filter: 114914
Planning time: 1.131 ms
Execution time: 54838.446 ms
