Hash Join  (cost=443960.45..483335.18 rows=98025 width=0) (actual time=19181.728..21577.832 rows=1217913 loops=1)
  Hash Cond: (mi_idx.movie_id = t.id)
  ->  Seq Scan on movie_info_idx mi_idx  (cost=0.00..21735.35 rows=1380035 width=4) (actual time=0.027..1314.442 rows=1380035 loops=1)
  ->  Hash  (cost=441013.40..441013.40 rows=179604 width=8) (actual time=19180.727..19180.727 rows=498293 loops=1)
        Buckets: 131072 (originally 131072)  Batches: 8 (originally 4)  Memory Usage: 3458kB
        ->  Hash Join  (cost=83810.17..441013.40 rows=179604 width=8) (actual time=12367.708..19023.744 rows=498293 loops=1)
              Hash Cond: (mi.movie_id = t.id)
              ->  Seq Scan on movie_info mi  (cost=0.00..346232.03 rows=459776 width=4) (actual time=8033.021..14089.768 rows=526764 loops=1)
                    Filter: (info_type_id > 102)
                    Rows Removed by Filter: 14308956
              ->  Hash  (cost=67604.59..67604.59 rows=987727 width=4) (actual time=4332.442..4332.442 rows=985048 loops=1)
                    Buckets: 131072  Batches: 16  Memory Usage: 3197kB
                    ->  Seq Scan on title t  (cost=0.00..67604.59 rows=987727 width=4) (actual time=0.025..3329.031 rows=985048 loops=1)
                          Filter: (kind_id < 7)
                          Rows Removed by Filter: 1543264
Planning time: 1.047 ms
Execution time: 21758.131 ms
