Seq Scan on movie_keyword mk  (cost=0.00..81003.12 rows=1227515 width=0) (actual time=0.021..3305.417 rows=1237815 loops=1)
  Filter: (keyword_id > 14619)
  Rows Removed by Filter: 3286115
Planning time: 0.350 ms
Execution time: 3470.985 ms
