Hash Join  (cost=157407.93..283861.92 rows=556824 width=0) (actual time=6451.128..11864.966 rows=2473460 loops=1)
  Hash Cond: (mk.movie_id = t.id)
  ->  Seq Scan on movie_keyword mk  (cost=0.00..81003.12 rows=3305234 width=4) (actual time=0.015..3352.146 rows=3295523 loops=1)
        Filter: (keyword_id < 14786)
        Rows Removed by Filter: 1228407
  ->  Hash  (cost=150419.26..150419.26 rows=425974 width=8) (actual time=6450.197..6450.197 rows=446798 loops=1)
        Buckets: 131072  Batches: 8  Memory Usage: 3223kB
        ->  Hash Join  (cost=105939.19..150419.26 rows=425974 width=8) (actual time=4573.678..6319.081 rows=446798 loops=1)
              Hash Cond: (mi_idx.movie_id = t.id)
              ->  Seq Scan on movie_info_idx mi_idx  (cost=0.00..25185.44 rows=460978 width=4) (actual time=0.031..959.589 rows=459925 loops=1)
                    Filter: (info_type_id = 99)
                    Rows Removed by Filter: 920110
              ->  Hash  (cost=67604.59..67604.59 rows=2336528 width=4) (actual time=4572.236..4572.236 rows=2328360 loops=1)
                    Buckets: 131072  Batches: 32  Memory Usage: 3585kB
                    ->  Seq Scan on title t  (cost=0.00..67604.59 rows=2336528 width=4) (actual time=0.016..3703.347 rows=2328360 loops=1)
                          Filter: (production_year > 1934)
                          Rows Removed by Filter: 199952
Planning time: 1.674 ms
Execution time: 12152.688 ms
