Seq Scan on movie_keyword mk  (cost=0.00..81003.12 rows=331828 width=0) (actual time=93.208..3387.486 rows=330905 loops=1)
  Filter: (keyword_id > 49923)
  Rows Removed by Filter: 4193025
Planning time: 0.281 ms
Execution time: 3446.412 ms
