Hash Join  (cost=67697.55..154749.59 rows=4707 width=0) (actual time=3150.110..7809.714 rows=1396 loops=1)
  Hash Cond: (mk.movie_id = t.id)
  ->  Seq Scan on movie_keyword mk  (cost=0.00..81003.12 rows=1600492 width=4) (actual time=0.020..4328.476 rows=1613576 loops=1)
        Filter: (keyword_id > 9390)
        Rows Removed by Filter: 2910354
  ->  Hash  (cost=67604.59..67604.59 rows=7437 width=4) (actual time=3126.830..3126.830 rows=7670 loops=1)
        Buckets: 8192  Batches: 1  Memory Usage: 334kB
        ->  Seq Scan on title t  (cost=0.00..67604.59 rows=7437 width=4) (actual time=227.012..3122.766 rows=7670 loops=1)
              Filter: (production_year = 1915)
              Rows Removed by Filter: 2520642
Planning time: 0.641 ms
Execution time: 7810.116 ms
