Hash Join  (cost=102767.86..194595.74 rows=998335 width=0) (actual time=5173.582..9465.479 rows=1274246 loops=1)
  Hash Cond: (mc.movie_id = t.id)
  ->  Seq Scan on movie_companies mc  (cost=0.00..57926.93 rows=998335 width=4) (actual time=12.785..2745.126 rows=1274246 loops=1)
        Filter: ((company_id < 71141) AND (company_type_id < 2))
        Rows Removed by Filter: 1334883
  ->  Hash  (cost=61283.27..61283.27 rows=2528527 width=4) (actual time=5157.516..5157.516 rows=2528312 loops=1)
        Buckets: 131072  Batches: 64  Memory Usage: 2415kB
        ->  Seq Scan on title t  (cost=0.00..61283.27 rows=2528527 width=4) (actual time=0.024..4089.224 rows=2528312 loops=1)
Planning time: 0.676 ms
Execution time: 9649.549 ms
