Seq Scan on movie_keyword mk  (cost=0.00..81003.12 rows=88201 width=0) (actual time=0.216..3483.785 rows=93622 loops=1)
  Filter: (keyword_id < 84)
  Rows Removed by Filter: 4430308
Planning time: 0.282 ms
Execution time: 3498.858 ms
