Hash Join  (cost=75210.03..111614.35 rows=28442 width=0) (actual time=3387.164..5339.966 rows=14214 loops=1)
  Hash Cond: (mi_idx.movie_id = t.id)
  ->  Seq Scan on movie_info_idx mi_idx  (cost=0.00..25185.44 rows=919057 width=4) (actual time=0.018..1538.239 rows=920110 loops=1)
        Filter: (info_type_id > 99)
        Rows Removed by Filter: 459925
  ->  Hash  (cost=73925.90..73925.90 rows=78250 width=4) (actual time=3377.189..3377.189 rows=85111 loops=1)
        Buckets: 131072  Batches: 2  Memory Usage: 2520kB
        ->  Seq Scan on title t  (cost=0.00..73925.90 rows=78250 width=4) (actual time=0.046..3343.034 rows=85111 loops=1)
              Filter: ((kind_id > 4) AND (production_year = 2009))
              Rows Removed by Filter: 2443201
Planning time: 0.649 ms
Execution time: 5350.905 ms
