Hash Join  (cost=129545.11..216696.10 rows=49295 width=0) (actual time=7471.319..12088.065 rows=206578 loops=1)
  Hash Cond: (mk.movie_id = t.id)
  ->  Seq Scan on movie_keyword mk  (cost=0.00..69693.30 rows=4523930 width=4) (actual time=0.008..3448.111 rows=4523930 loops=1)
  ->  Hash  (cost=129200.71..129200.71 rows=27552 width=8) (actual time=6885.732..6885.732 rows=191521 loops=1)
        Buckets: 131072 (originally 32768)  Batches: 2 (originally 1)  Memory Usage: 4765kB
        ->  Hash Join  (cost=74259.67..129200.71 rows=27552 width=8) (actual time=3369.827..6816.915 rows=191521 loops=1)
              Hash Cond: (mc.movie_id = t.id)
              ->  Seq Scan on movie_companies mc  (cost=0.00..44881.29 rows=2609129 width=4) (actual time=0.015..2477.689 rows=2609129 loops=1)
              ->  Hash  (cost=73925.90..73925.90 rows=26701 width=4) (actual time=3008.756..3008.756 rows=101191 loops=1)
                    Buckets: 131072 (originally 32768)  Batches: 2 (originally 1)  Memory Usage: 3073kB
                    ->  Seq Scan on title t  (cost=0.00..73925.90 rows=26701 width=4) (actual time=682.321..2945.532 rows=101191 loops=1)
                          Filter: ((production_year < 1925) AND (kind_id = 1))
                          Rows Removed by Filter: 2427121
Planning time: 1.064 ms
Execution time: 12116.506 ms
