Hash Join  (cost=257595.42..359017.97 rows=1676460 width=0) (actual time=5416.171..8632.384 rows=2411582 loops=1)
  Hash Cond: (mc.movie_id = t.id)
  ->  Seq Scan on movie_companies mc  (cost=0.00..44881.29 rows=2609129 width=4) (actual time=0.008..858.453 rows=2609129 loops=1)
  ->  Hash  (cost=230940.04..230940.04 rows=1624671 width=8) (actual time=5415.271..5415.271 rows=807831 loops=1)
        Buckets: 131072  Batches: 32  Memory Usage: 1997kB
        ->  Hash Join  (cost=98137.04..230940.04 rows=1624671 width=8) (actual time=1923.703..5205.477 rows=807831 loops=1)
              Hash Cond: (mk.movie_id = t.id)
              ->  Seq Scan on movie_keyword mk  (cost=0.00..81003.12 rows=2207433 width=4) (actual time=0.029..1556.917 rows=2207478 loops=1)
                    Filter: (keyword_id < 4456)
                    Rows Removed by Filter: 2316452
              ->  Hash  (cost=67604.59..67604.59 rows=1860996 width=4) (actual time=1921.836..1921.836 rows=1865487 loops=1)
                    Buckets: 131072  Batches: 32  Memory Usage: 3085kB
                    ->  Seq Scan on title t  (cost=0.00..67604.59 rows=1860996 width=4) (actual time=0.013..1323.110 rows=1865487 loops=1)
                          Filter: (kind_id > 1)
                          Rows Removed by Filter: 662825
Planning time: 1.074 ms
Execution time: 8895.977 ms
