Hash Join  (cost=427624.53..1188831.24 rows=286803 width=0) (actual time=7522.708..23271.631 rows=385656 loops=1)
  Hash Cond: (ci.movie_id = t.id)
  ->  Seq Scan on cast_info ci  (cost=0.00..705507.15 rows=14088409 width=4) (actual time=711.049..11994.243 rows=14259587 loops=1)
        Filter: (person_id > 2237692)
        Rows Removed by Filter: 21984757
  ->  Hash  (cost=426981.11..426981.11 rows=51474 width=8) (actual time=6811.220..6811.220 rows=48290 loops=1)
        Buckets: 65536  Batches: 1  Memory Usage: 2399kB
        ->  Hash Join  (cost=70241.71..426981.11 rows=51474 width=8) (actual time=5785.628..6792.298 rows=48290 loops=1)
              Hash Cond: (mi.movie_id = t.id)
              ->  Seq Scan on movie_info mi  (cost=0.00..346232.03 rows=809768 width=4) (actual time=4616.904..5207.332 rows=802140 loops=1)
                    Filter: (info_type_id < 2)
                    Rows Removed by Filter: 14033580
              ->  Hash  (cost=67604.59..67604.59 rows=160730 width=4) (actual time=1167.513..1167.513 rows=160017 loops=1)
                    Buckets: 131072  Batches: 4  Memory Usage: 2442kB
                    ->  Seq Scan on title t  (cost=0.00..67604.59 rows=160730 width=4) (actual time=0.030..1108.175 rows=160017 loops=1)
                          Filter: (production_year = 2011)
                          Rows Removed by Filter: 2368295
Planning time: 1.214 ms
Execution time: 23328.881 ms
