Hash Join  (cost=456199.37..589957.66 rows=537122 width=0) (actual time=7641.775..11921.688 rows=3657751 loops=1)
  Hash Cond: (mk.movie_id = t.id)
  ->  Seq Scan on movie_keyword mk  (cost=0.00..81003.12 rows=3982650 width=4) (actual time=0.016..1800.716 rows=3982530 loops=1)
        Filter: (keyword_id > 382)
        Rows Removed by Filter: 541400
  ->  Hash  (cost=450603.74..450603.74 rows=341011 width=8) (actual time=7640.291..7640.291 rows=248948 loops=1)
        Buckets: 131072  Batches: 8  Memory Usage: 2266kB
        ->  Hash Join  (cost=74050.79..450603.74 rows=341011 width=8) (actual time=1226.300..7563.044 rows=248948 loops=1)
              Hash Cond: (mi.movie_id = t.id)
              ->  Seq Scan on movie_info mi  (cost=0.00..346232.03 rows=2194617 width=4) (actual time=0.016..5227.704 rows=2233850 loops=1)
                    Filter: (info_type_id > 16)
                    Rows Removed by Filter: 12601870
              ->  Hash  (cost=67604.59..67604.59 rows=392896 width=4) (actual time=1225.353..1225.353 rows=391666 loops=1)
                    Buckets: 131072  Batches: 8  Memory Usage: 2759kB
                    ->  Seq Scan on title t  (cost=0.00..67604.59 rows=392896 width=4) (actual time=0.011..1094.224 rows=391666 loops=1)
                          Filter: (production_year > 2010)
                          Rows Removed by Filter: 2136646
Planning time: 0.736 ms
Execution time: 12317.842 ms
