Hash Join  (cost=98864.94..259656.55 rows=2719666 width=0) (actual time=5838.717..12348.226 rows=1486502 loops=1)
  Hash Cond: (mk.movie_id = t.id)
  ->  Seq Scan on movie_keyword mk  (cost=0.00..69693.30 rows=4523930 width=4) (actual time=0.173..3740.912 rows=4523930 loops=1)
  ->  Hash  (cost=73925.90..73925.90 rows=1520083 width=4) (actual time=5837.405..5837.405 rows=1507233 loops=1)
        Buckets: 131072  Batches: 32  Memory Usage: 2686kB
        ->  Seq Scan on title t  (cost=0.00..73925.90 rows=1520083 width=4) (actual time=0.024..4904.237 rows=1507233 loops=1)
              Filter: ((kind_id > 1) AND (production_year < 2011))
              Rows Removed by Filter: 1021079
Planning time: 0.572 ms
Execution time: 12514.995 ms
