Hash Join  (cost=256337.17..1252942.31 rows=10030746 width=0) (actual time=13666.988..84914.664 rows=80284247 loops=1)
  Hash Cond: (ci.movie_id = t.id)
  ->  Seq Scan on cast_info ci  (cost=0.00..705507.15 rows=14352106 width=4) (actual time=0.685..38607.821 rows=14284373 loops=1)
        Filter: (person_id < 1406304)
        Rows Removed by Filter: 21959971
  ->  Hash  (cost=227343.19..227343.19 rows=1767198 width=8) (actual time=13665.153..13665.153 rows=3878469 loops=1)
        Buckets: 131072 (originally 131072)  Batches: 64 (originally 32)  Memory Usage: 3438kB
        ->  Hash Join  (cost=83810.17..227343.19 rows=1767198 width=8) (actual time=4378.847..12547.366 rows=3878469 loops=1)
              Hash Cond: (mk.movie_id = t.id)
              ->  Seq Scan on movie_keyword mk  (cost=0.00..69693.30 rows=4523930 width=4) (actual time=0.012..4564.978 rows=4523930 loops=1)
              ->  Hash  (cost=67604.59..67604.59 rows=987727 width=4) (actual time=4377.950..4377.950 rows=985048 loops=1)
                    Buckets: 131072  Batches: 16  Memory Usage: 3197kB
                    ->  Seq Scan on title t  (cost=0.00..67604.59 rows=987727 width=4) (actual time=0.013..3951.900 rows=985048 loops=1)
                          Filter: (kind_id < 7)
                          Rows Removed by Filter: 1543264
Planning time: 1.097 ms
Execution time: 94433.839 ms
