Hash Join  (cost=102767.86..1664939.64 rows=35191054 width=0) (actual time=1990.211..48263.675 rows=35182587 loops=1)
  Hash Cond: (ci.movie_id = t.id)
  ->  Seq Scan on cast_info ci  (cost=0.00..705507.15 rows=35191054 width=4) (actual time=0.031..17353.073 rows=35182587 loops=1)
        Filter: (person_id < 3856211)
        Rows Removed by Filter: 1061757
  ->  Hash  (cost=61283.27..61283.27 rows=2528527 width=4) (actual time=1989.188..1989.188 rows=2528312 loops=1)
        Buckets: 131072  Batches: 64  Memory Usage: 2415kB
        ->  Seq Scan on title t  (cost=0.00..61283.27 rows=2528527 width=4) (actual time=0.014..1148.874 rows=2528312 loops=1)
Planning time: 0.749 ms
Execution time: 52052.658 ms
