Seq Scan on movie_companies mc  (cost=0.00..51404.11 rows=2957 width=0) (actual time=0.535..875.751 rows=3094 loops=1)
  Filter: (company_id = 68)
  Rows Removed by Filter: 2606035
Planning time: 0.371 ms
Execution time: 876.489 ms
