Hash Join  (cost=186749.99..326616.43 rows=1466240 width=0) (actual time=4678.209..13746.796 rows=26251649 loops=1)
  Hash Cond: (mk.movie_id = t.id)
  ->  Seq Scan on movie_keyword mk  (cost=0.00..69693.30 rows=4523930 width=4) (actual time=0.023..1512.961 rows=4523930 loops=1)
  ->  Hash  (cost=173304.05..173304.05 rows=819515 width=8) (actual time=4677.252..4677.252 rows=1319776 loops=1)
        Buckets: 131072 (originally 131072)  Batches: 32 (originally 16)  Memory Usage: 3073kB
        ->  Hash Join  (cost=86956.38..173304.05 rows=819515 width=8) (actual time=1675.445..4282.245 rows=1319776 loops=1)
              Hash Cond: (mc.movie_id = t.id)
              ->  Seq Scan on movie_companies mc  (cost=0.00..44881.29 rows=2609129 width=4) (actual time=0.016..848.219 rows=2609129 loops=1)
              ->  Hash  (cost=73925.90..73925.90 rows=794198 width=4) (actual time=1674.622..1674.622 rows=707863 loops=1)
                    Buckets: 131072  Batches: 16  Memory Usage: 2579kB
                    ->  Seq Scan on title t  (cost=0.00..73925.90 rows=794198 width=4) (actual time=0.040..1163.109 rows=707863 loops=1)
                          Filter: ((kind_id < 7) AND (production_year > 1973))
                          Rows Removed by Filter: 1820449
Planning time: 1.115 ms
Execution time: 16540.988 ms
