Hash Join  (cost=467877.90..589559.82 rows=563796 width=0) (actual time=8509.703..12191.733 rows=2994707 loops=1)
  Hash Cond: (mk.movie_id = t.id)
  ->  Seq Scan on movie_keyword mk  (cost=0.00..81003.12 rows=2862090 width=4) (actual time=0.017..1612.098 rows=2852422 loops=1)
        Filter: (keyword_id < 8716)
        Rows Removed by Filter: 1671508
  ->  Hash  (cost=459705.80..459705.80 rows=498088 width=8) (actual time=8508.598..8508.598 rows=911851 loops=1)
        Buckets: 131072 (originally 131072)  Batches: 16 (originally 8)  Memory Usage: 3257kB
        ->  Hash Join  (cost=89253.38..459705.80 rows=498088 width=8) (actual time=2468.324..8239.378 rows=911851 loops=1)
              Hash Cond: (mi.movie_id = t.id)
              ->  Seq Scan on movie_info mi  (cost=0.00..346232.03 rows=1348138 width=4) (actual time=903.854..5594.717 rows=1298989 loops=1)
                    Filter: (info_type_id = 4)
                    Rows Removed by Filter: 13536731
              ->  Hash  (cost=73925.90..73925.90 rows=934198 width=4) (actual time=1563.600..1563.600 rows=950693 loops=1)
                    Buckets: 131072  Batches: 16  Memory Usage: 3123kB
                    ->  Seq Scan on title t  (cost=0.00..73925.90 rows=934198 width=4) (actual time=0.020..1261.031 rows=950693 loops=1)
                          Filter: ((kind_id < 7) AND (production_year < 2013))
                          Rows Removed by Filter: 1577619
Planning time: 0.843 ms
Execution time: 12539.238 ms
