Hash Join  (cost=73950.44..795693.04 rows=3354 width=0) (actual time=7174.490..15258.064 rows=2831 loops=1)
  Hash Cond: (ci.movie_id = t.id)
  ->  Seq Scan on cast_info ci  (cost=0.00..705507.15 rows=4320508 width=4) (actual time=6058.037..13433.057 rows=4323018 loops=1)
        Filter: (role_id = 10)
        Rows Removed by Filter: 31921326
  ->  Hash  (cost=73925.90..73925.90 rows=1963 width=4) (actual time=1115.756..1115.756 rows=4606 loops=1)
        Buckets: 8192 (originally 2048)  Batches: 1 (originally 1)  Memory Usage: 226kB
        ->  Seq Scan on title t  (cost=0.00..73925.90 rows=1963 width=4) (actual time=551.334..1113.357 rows=4606 loops=1)
              Filter: ((kind_id = 1) AND (production_year = 1970))
              Rows Removed by Filter: 2523706
Planning time: 0.843 ms
Execution time: 15258.999 ms
