Seq Scan on movie_keyword mk  (cost=0.00..81003.12 rows=1119126 width=0) (actual time=0.026..1402.528 rows=1126225 loops=1)
  Filter: (keyword_id < 1221)
  Rows Removed by Filter: 3397705
Planning time: 0.329 ms
Execution time: 1548.308 ms
