Nested Loop  (cost=0.43..83071.67 rows=246 width=0) (actual time=13.282..1295.872 rows=1041 loops=1)
  ->  Seq Scan on movie_keyword mk  (cost=0.00..81003.12 rows=246 width=4) (actual time=13.200..1253.779 rows=1041 loops=1)
        Filter: (keyword_id = 7601)
        Rows Removed by Filter: 4522889
  ->  Index Only Scan using title_pkey on title t  (cost=0.43..8.40 rows=1 width=4) (actual time=0.039..0.039 rows=1 loops=1041)
        Index Cond: (id = mk.movie_id)
        Heap Fetches: 1041
Planning time: 0.696 ms
Execution time: 1296.381 ms
