Nested Loop  (cost=0.43..83072.29 rows=116 width=0) (actual time=0.188..1290.500 rows=994 loops=1)
  ->  Seq Scan on movie_keyword mk  (cost=0.00..81003.12 rows=246 width=4) (actual time=0.140..1190.716 rows=2411 loops=1)
        Filter: (keyword_id = 2549)
        Rows Removed by Filter: 4521519
  ->  Index Scan using title_pkey on title t  (cost=0.43..8.40 rows=1 width=4) (actual time=0.040..0.040 rows=0 loops=2411)
        Index Cond: (id = mk.movie_id)
        Filter: (production_year > 2003)
        Rows Removed by Filter: 1
Planning time: 0.721 ms
Execution time: 1290.977 ms
