Seq Scan on cast_info ci  (cost=0.00..796071.18 rows=8688903 width=0) (actual time=742.664..15366.998 rows=12670688 loops=1)
  Filter: ((person_id < 2547051) AND (role_id = 1))
  Rows Removed by Filter: 23573656
Planning time: 0.422 ms
Execution time: 16923.275 ms
