Seq Scan on movie_keyword mk  (cost=0.00..81003.12 rows=246 width=0) (actual time=1.984..3199.766 rows=166 loops=1)
  Filter: (keyword_id = 11286)
  Rows Removed by Filter: 4523764
Planning time: 0.328 ms
Execution time: 3199.989 ms
