Seq Scan on movie_keyword mk  (cost=0.00..81003.12 rows=3743847 width=0) (actual time=0.025..1358.185 rows=3739494 loops=1)
  Filter: (keyword_id > 748)
  Rows Removed by Filter: 784436
Planning time: 0.288 ms
Execution time: 1789.852 ms
