Hash Join  (cost=428813.60..516306.91 rows=83527 width=0) (actual time=7616.787..10897.298 rows=3523652 loops=1)
  Hash Cond: (mk.movie_id = t.id)
  ->  Seq Scan on movie_keyword mk  (cost=0.00..69693.30 rows=4523930 width=4) (actual time=0.013..1190.063 rows=4523930 loops=1)
  ->  Hash  (cost=428230.04..428230.04 rows=46685 width=8) (actual time=7616.274..7616.274 rows=133912 loops=1)
        Buckets: 131072 (originally 65536)  Batches: 2 (originally 1)  Memory Usage: 3635kB
        ->  Hash Join  (cost=74740.78..428230.04 rows=46685 width=8) (actual time=2639.777..7568.253 rows=133912 loops=1)
              Hash Cond: (mi.movie_id = t.id)
              ->  Seq Scan on movie_info mi  (cost=0.00..346232.03 rows=1810770 width=4) (actual time=1535.227..5559.557 rows=1865632 loops=1)
                    Filter: (info_type_id > 17)
                    Rows Removed by Filter: 12970088
              ->  Hash  (cost=73925.90..73925.90 rows=65190 width=4) (actual time=1104.130..1104.130 rows=164932 loops=1)
                    Buckets: 131072 (originally 65536)  Batches: 2 (originally 1)  Memory Usage: 3925kB
                    ->  Seq Scan on title t  (cost=0.00..73925.90 rows=65190 width=4) (actual time=2.325..1035.343 rows=164932 loops=1)
                          Filter: ((kind_id < 7) AND (production_year < 1951))
                          Rows Removed by Filter: 2363380
Planning time: 1.119 ms
Execution time: 11277.555 ms
