Hash Join  (cost=75963.92..1065211.64 rows=1153924 width=0) (actual time=1855.513..28070.654 rows=1667217 loops=1)
  Hash Cond: (ci.movie_id = t.id)
  ->  Seq Scan on cast_info ci  (cost=0.00..705507.15 rows=23499554 width=4) (actual time=655.791..15295.512 rows=23573656 loops=1)
        Filter: (role_id > 1)
        Rows Removed by Filter: 12670688
  ->  Hash  (cost=73925.90..73925.90 rows=124161 width=4) (actual time=1198.694..1198.694 rows=256948 loops=1)
        Buckets: 131072 (originally 131072)  Batches: 4 (originally 2)  Memory Usage: 3284kB
        ->  Seq Scan on title t  (cost=0.00..73925.90 rows=124161 width=4) (actual time=440.999..1114.919 rows=256948 loops=1)
              Filter: ((production_year < 1977) AND (kind_id = 1))
              Rows Removed by Filter: 2271364
Planning time: 0.723 ms
Execution time: 28269.802 ms
