Hash Join  (cost=868579.43..1234688.85 rows=145349 width=0) (actual time=12609.152..20661.276 rows=353614 loops=1)
  Hash Cond: (mi.movie_id = t.id)
  ->  Seq Scan on movie_info mi  (cost=0.00..309384.22 rows=14739122 width=4) (actual time=0.008..4330.708 rows=14835720 loops=1)
  ->  Hash  (cost=868267.74..868267.74 rows=24935 width=8) (actual time=12608.699..12608.699 rows=26830 loops=1)
        Buckets: 32768  Batches: 1  Memory Usage: 1305kB
        ->  Hash Join  (cost=68449.54..868267.74 rows=24935 width=8) (actual time=2137.817..12597.928 rows=26830 loops=1)
              Hash Cond: (ci.movie_id = t.id)
              ->  Seq Scan on cast_info ci  (cost=0.00..796071.18 rows=932714 width=4) (actual time=843.871..11022.970 rows=970339 loops=1)
                    Filter: ((person_id < 109990) AND (role_id < 8))
                    Rows Removed by Filter: 35274005
              ->  Hash  (cost=67604.59..67604.59 rows=67596 width=4) (actual time=1293.186..1293.186 rows=67777 loops=1)
                    Buckets: 131072  Batches: 1  Memory Usage: 3407kB
                    ->  Seq Scan on title t  (cost=0.00..67604.59 rows=67596 width=4) (actual time=0.058..1265.549 rows=67777 loops=1)
                          Filter: (production_year = 2003)
                          Rows Removed by Filter: 2460535
Planning time: 1.177 ms
Execution time: 20709.531 ms
