Hash Join  (cost=124186.80..930048.18 rows=57070 width=0) (actual time=6261.794..15663.463 rows=81565 loops=1)
  Hash Cond: (ci.movie_id = t.id)
  ->  Seq Scan on cast_info ci  (cost=0.00..796071.18 rows=730533 width=4) (actual time=3686.367..12877.363 rows=246388 loops=1)
        Filter: ((person_id < 2339435) AND (role_id = 9))
        Rows Removed by Filter: 35997956
  ->  Hash  (cost=120945.67..120945.67 rows=197530 width=8) (actual time=2573.112..2573.112 rows=453658 loops=1)
        Buckets: 131072 (originally 131072)  Batches: 8 (originally 4)  Memory Usage: 3247kB
        ->  Hash Join  (cost=79863.89..120945.67 rows=197530 width=8) (actual time=1252.810..2435.891 rows=453658 loops=1)
              Hash Cond: (mi_idx.movie_id = t.id)
              ->  Seq Scan on movie_info_idx mi_idx  (cost=0.00..21735.35 rows=1380035 width=4) (actual time=0.025..400.866 rows=1380035 loops=1)
              ->  Hash  (cost=73925.90..73925.90 rows=361919 width=4) (actual time=1251.866..1251.866 rows=470371 loops=1)
                    Buckets: 131072  Batches: 8  Memory Usage: 3103kB
                    ->  Seq Scan on title t  (cost=0.00..73925.90 rows=361919 width=4) (actual time=0.028..1118.324 rows=470371 loops=1)
                          Filter: ((kind_id < 7) AND (production_year < 1998))
                          Rows Removed by Filter: 2057941
Planning time: 1.075 ms
Execution time: 15674.874 ms
