Hash Join  (cost=126379.25..1183718.35 rows=2291091 width=0) (actual time=2507.905..34142.561 rows=8224739 loops=1)
  Hash Cond: (ci.movie_id = t.id)
  ->  Seq Scan on cast_info ci  (cost=0.00..614943.12 rows=36225612 width=4) (actual time=0.027..13350.466 rows=36244344 loops=1)
  ->  Hash  (cost=123755.29..123755.29 rows=159917 width=8) (actual time=2507.065..2507.065 rows=305395 loops=1)
        Buckets: 131072  Batches: 4  Memory Usage: 4010kB
        ->  Hash Join  (cost=88195.18..123755.29 rows=159917 width=8) (actual time=1586.100..2441.672 rows=305395 loops=1)
              Hash Cond: (mi_idx.movie_id = t.id)
              ->  Seq Scan on movie_info_idx mi_idx  (cost=0.00..25185.44 rows=464934 width=4) (actual time=0.024..485.169 rows=460185 loops=1)
                    Filter: (info_type_id > 100)
                    Rows Removed by Filter: 919850
              ->  Hash  (cost=73925.90..73925.90 rows=869702 width=4) (actual time=1585.219..1585.219 rows=896788 loops=1)
                    Buckets: 131072  Batches: 16  Memory Usage: 2998kB
                    ->  Seq Scan on title t  (cost=0.00..73925.90 rows=869702 width=4) (actual time=0.013..1283.703 rows=896788 loops=1)
                          Filter: ((kind_id < 7) AND (production_year < 2012))
                          Rows Removed by Filter: 1631524
Planning time: 1.212 ms
Execution time: 35027.368 ms
