Seq Scan on cast_info ci  (cost=0.00..796071.18 rows=3927439 width=0) (actual time=25207.218..35857.671 rows=3973447 loops=1)
  Filter: ((person_id > 58482) AND (role_id = 3))
  Rows Removed by Filter: 32270897
Planning time: 0.334 ms
Execution time: 36459.065 ms
