Hash Join  (cost=891898.02..930417.10 rows=48160 width=0) (actual time=16155.693..16957.704 rows=41355 loops=1)
  Hash Cond: (mi_idx.movie_id = t.id)
  ->  Seq Scan on movie_info_idx mi_idx  (cost=0.00..21735.35 rows=1380035 width=4) (actual time=0.030..431.010 rows=1380035 loops=1)
  ->  Hash  (cost=890450.03..890450.03 rows=88239 width=8) (actual time=16082.519..16082.519 rows=30083 loops=1)
        Buckets: 131072  Batches: 2  Memory Usage: 1609kB
        ->  Hash Join  (cost=87146.10..890450.03 rows=88239 width=8) (actual time=5257.620..16070.469 rows=30083 loops=1)
              Hash Cond: (ci.movie_id = t.id)
              ->  Seq Scan on cast_info ci  (cost=0.00..796071.18 rows=276894 width=4) (actual time=2870.654..13473.607 rows=96039 loops=1)
                    Filter: ((person_id < 2912805) AND (role_id = 11))
                    Rows Removed by Filter: 36148305
              ->  Hash  (cost=73925.90..73925.90 rows=805776 width=4) (actual time=2385.662..2385.662 rows=881945 loops=1)
                    Buckets: 131072  Batches: 16  Memory Usage: 2970kB
                    ->  Seq Scan on title t  (cost=0.00..73925.90 rows=805776 width=4) (actual time=0.034..1451.722 rows=881945 loops=1)
                          Filter: ((production_year > 2001) AND (kind_id = 7))
                          Rows Removed by Filter: 1646367
Planning time: 3.596 ms
Execution time: 16963.597 ms
