Hash Join  (cost=67697.55..432786.99 rows=43351 width=0) (actual time=1089.642..9068.207 rows=137151 loops=1)
  Hash Cond: (mi.movie_id = t.id)
  ->  Seq Scan on movie_info mi  (cost=0.00..309384.22 rows=14739122 width=4) (actual time=0.023..4336.960 rows=14835720 loops=1)
  ->  Hash  (cost=67604.59..67604.59 rows=7437 width=4) (actual time=1089.064..1089.064 rows=21312 loops=1)
        Buckets: 32768 (originally 8192)  Batches: 1 (originally 1)  Memory Usage: 1006kB
        ->  Seq Scan on title t  (cost=0.00..67604.59 rows=7437 width=4) (actual time=0.029..1075.306 rows=21312 loops=1)
              Filter: (production_year = 1989)
              Rows Removed by Filter: 2507000
Planning time: 11.851 ms
Execution time: 9090.426 ms
