Seq Scan on movie_companies mc  (cost=0.00..57926.93 rows=1212423 width=0) (actual time=3.177..1122.415 rows=1103379 loops=1)
  Filter: ((company_id < 105055) AND (company_type_id = 2))
  Rows Removed by Filter: 1505750
Planning time: 0.353 ms
Execution time: 1261.055 ms
