Hash Join  (cost=236966.17..1476001.92 rows=15570453 width=0) (actual time=6644.143..72811.516 rows=141741165 loops=1)
  Hash Cond: (ci.movie_id = t.id)
  ->  Seq Scan on cast_info ci  (cost=0.00..614943.12 rows=36225612 width=4) (actual time=0.014..13487.568 rows=36244344 loops=1)
  ->  Hash  (cost=219135.06..219135.06 rows=1086809 width=8) (actual time=6641.642..6641.642 rows=3042680 loops=1)
        Buckets: 131072 (originally 131072)  Batches: 64 (originally 16)  Memory Usage: 3073kB
        ->  Hash Join  (cost=83891.93..219135.06 rows=1086809 width=8) (actual time=1429.470..5700.338 rows=3042680 loops=1)
              Hash Cond: (mk.movie_id = t.id)
              ->  Seq Scan on movie_keyword mk  (cost=0.00..69693.30 rows=4523930 width=4) (actual time=0.019..1389.675 rows=4523930 loops=1)
              ->  Hash  (cost=73925.90..73925.90 rows=607442 width=4) (actual time=1428.422..1428.422 rows=675690 loops=1)
                    Buckets: 131072  Batches: 8  Memory Usage: 4020kB
                    ->  Seq Scan on title t  (cost=0.00..73925.90 rows=607442 width=4) (actual time=0.024..1199.530 rows=675690 loops=1)
                          Filter: ((kind_id < 7) AND (production_year < 2007))
                          Rows Removed by Filter: 1852622
Planning time: 0.868 ms
Execution time: 88846.191 ms
