Hash Join  (cost=100908.38..465656.76 rows=9242 width=0) (actual time=1910.398..8905.172 rows=82144 loops=1)
  Hash Cond: (mi.movie_id = t.id)
  ->  Seq Scan on movie_info mi  (cost=0.00..309384.22 rows=14739122 width=4) (actual time=0.024..4196.858 rows=14835720 loops=1)
  ->  Hash  (cost=100888.56..100888.56 rows=1586 width=8) (actual time=1881.054..1881.054 rows=4619 loops=1)
        Buckets: 8192 (originally 2048)  Batches: 1 (originally 1)  Memory Usage: 245kB
        ->  Hash Join  (cost=73962.22..100888.56 rows=1586 width=8) (actual time=1249.649..1879.106 rows=4619 loops=1)
              Hash Cond: (mi_idx.movie_id = t.id)
              ->  Seq Scan on movie_info_idx mi_idx  (cost=0.00..21735.35 rows=1380035 width=4) (actual time=0.021..355.538 rows=1380035 loops=1)
              ->  Hash  (cost=73925.90..73925.90 rows=2905 width=4) (actual time=1248.959..1248.959 rows=4339 loops=1)
                    Buckets: 8192 (originally 4096)  Batches: 1 (originally 1)  Memory Usage: 217kB
                    ->  Seq Scan on title t  (cost=0.00..73925.90 rows=2905 width=4) (actual time=0.033..1246.535 rows=4339 loops=1)
                          Filter: ((kind_id < 7) AND (production_year = 1961))
                          Rows Removed by Filter: 2523973
Planning time: 1.195 ms
Execution time: 8917.486 ms
