Seq Scan on title t  (cost=0.00..73925.90 rows=77348 width=0) (actual time=0.030..1144.628 rows=84109 loops=1)
  Filter: ((kind_id = 7) AND (production_year = 2008))
  Rows Removed by Filter: 2444203
Planning time: 0.568 ms
Execution time: 1157.116 ms
