Nested Loop  (cost=0.43..71798.77 rows=583 width=0) (actual time=2.611..867.532 rows=1925 loops=1)
  ->  Seq Scan on movie_companies mc  (cost=0.00..51404.11 rows=2609 width=4) (actual time=2.557..804.998 rows=2407 loops=1)
        Filter: (company_id = 119)
        Rows Removed by Filter: 2606722
  ->  Index Scan using title_pkey on title t  (cost=0.43..7.81 rows=1 width=4) (actual time=0.025..0.025 rows=1 loops=2407)
        Index Cond: (id = mc.movie_id)
        Filter: ((kind_id < 7) AND (production_year < 2006))
        Rows Removed by Filter: 0
Planning time: 0.831 ms
Execution time: 868.130 ms
