Hash Join  (cost=78171.87..204775.20 rows=362601 width=0) (actual time=1256.683..4347.900 rows=403269 loops=1)
  Hash Cond: (mk.movie_id = t.id)
  ->  Seq Scan on movie_keyword mk  (cost=0.00..81003.12 rows=3542720 width=4) (actual time=0.016..1733.834 rows=3532420 loops=1)
        Filter: (keyword_id > 930)
        Rows Removed by Filter: 991510
  ->  Hash  (cost=73925.90..73925.90 rows=258797 width=4) (actual time=1255.725..1255.725 rows=227847 loops=1)
        Buckets: 131072  Batches: 4  Memory Usage: 3038kB
        ->  Seq Scan on title t  (cost=0.00..73925.90 rows=258797 width=4) (actual time=0.070..1177.691 rows=227847 loops=1)
              Filter: ((kind_id < 7) AND (production_year > 2008))
              Rows Removed by Filter: 2300465
Planning time: 0.762 ms
Execution time: 4393.556 ms
