Seq Scan on movie_keyword mk  (cost=0.00..81003.12 rows=629990 width=0) (actual time=0.023..1386.701 rows=640368 loops=1)
  Filter: (keyword_id > 29029)
  Rows Removed by Filter: 3883562
Planning time: 0.313 ms
Execution time: 1468.619 ms
