Hash Join  (cost=102767.86..1432018.07 rows=25511204 width=0) (actual time=3712.439..39611.044 rows=25687675 loops=1)
  Hash Cond: (ci.movie_id = t.id)
  ->  Seq Scan on cast_info ci  (cost=0.00..705507.15 rows=25511204 width=4) (actual time=1733.711..15816.995 rows=25687675 loops=1)
        Filter: (person_id > 1035901)
        Rows Removed by Filter: 10556669
  ->  Hash  (cost=61283.27..61283.27 rows=2528527 width=4) (actual time=1977.298..1977.298 rows=2528312 loops=1)
        Buckets: 131072  Batches: 64  Memory Usage: 2415kB
        ->  Seq Scan on title t  (cost=0.00..61283.27 rows=2528527 width=4) (actual time=0.016..1131.742 rows=2528312 loops=1)
Planning time: 0.707 ms
Execution time: 42631.655 ms
