Seq Scan on movie_keyword mk  (cost=0.00..81003.12 rows=2236292 width=0) (actual time=0.028..1519.856 rows=2228604 loops=1)
  Filter: (keyword_id < 4583)
  Rows Removed by Filter: 2295326
Planning time: 0.310 ms
Execution time: 1803.291 ms
