Seq Scan on movie_keyword mk  (cost=0.00..81003.12 rows=3533979 width=0) (actual time=0.024..1624.747 rows=3524518 loops=1)
  Filter: (keyword_id < 18569)
  Rows Removed by Filter: 999412
Planning time: 0.307 ms
Execution time: 2073.740 ms
