Hash Join  (cost=581706.97..1855039.66 rows=5685056 width=0) (actual time=12726.911..42442.909 rows=5543497 loops=1)
  Hash Cond: (ci.movie_id = t.id)
  ->  Seq Scan on cast_info ci  (cost=0.00..614943.12 rows=36225612 width=4) (actual time=0.005..13154.784 rows=36244344 loops=1)
  ->  Hash  (cost=575195.81..575195.81 rows=396813 width=8) (actual time=12726.048..12726.048 rows=186594 loops=1)
        Buckets: 131072  Batches: 8  Memory Usage: 1914kB
        ->  Hash Join  (cost=75199.97..575195.81 rows=396813 width=8) (actual time=1260.614..12659.288 rows=186594 loops=1)
              Hash Cond: (mi.movie_id = t.id)
              ->  Seq Scan on movie_info mi  (cost=0.00..346232.03 rows=12928982 width=4) (actual time=0.010..6671.458 rows=12970088 loops=1)
                    Filter: (info_type_id < 18)
                    Rows Removed by Filter: 1865632
              ->  Hash  (cost=73925.90..73925.90 rows=77605 width=4) (actual time=1250.618..1250.618 rows=84684 loops=1)
                    Buckets: 131072  Batches: 2  Memory Usage: 2518kB
                    ->  Seq Scan on title t  (cost=0.00..73925.90 rows=77605 width=4) (actual time=0.015..1215.527 rows=84684 loops=1)
                          Filter: ((kind_id = 7) AND (production_year = 2009))
                          Rows Removed by Filter: 2443628
Planning time: 1.140 ms
Execution time: 43050.151 ms
