Hash Join  (cost=199240.43..342350.73 rows=1732526 width=0) (actual time=4214.255..8081.843 rows=1810366 loops=1)
  Hash Cond: (mk.movie_id = t.id)
  ->  Seq Scan on movie_keyword mk  (cost=0.00..69693.30 rows=4523930 width=4) (actual time=0.020..1433.851 rows=4523930 loops=1)
  ->  Hash  (cost=183353.08..183353.08 rows=968348 width=8) (actual time=4213.369..4213.369 rows=452163 loops=1)
        Buckets: 131072  Batches: 16  Memory Usage: 2140kB
        ->  Hash Join  (cost=98137.04..183353.08 rows=968348 width=8) (actual time=1908.018..4084.980 rows=452163 loops=1)
              Hash Cond: (mc.movie_id = t.id)
              ->  Seq Scan on movie_companies mc  (cost=0.00..51404.11 rows=1315690 width=4) (actual time=0.013..1070.307 rows=1323732 loops=1)
                    Filter: (company_id > 11241)
                    Rows Removed by Filter: 1285397
              ->  Hash  (cost=67604.59..67604.59 rows=1860996 width=4) (actual time=1907.162..1907.162 rows=1865487 loops=1)
                    Buckets: 131072  Batches: 32  Memory Usage: 3079kB
                    ->  Seq Scan on title t  (cost=0.00..67604.59 rows=1860996 width=4) (actual time=0.020..1304.339 rows=1865487 loops=1)
                          Filter: (kind_id > 1)
                          Rows Removed by Filter: 662825
Planning time: 1.180 ms
Execution time: 8303.663 ms
