Seq Scan on movie_keyword mk  (cost=0.00..81003.12 rows=246 width=0) (actual time=0.036..1216.700 rows=2049 loops=1)
  Filter: (keyword_id = 1738)
  Rows Removed by Filter: 4521881
Planning time: 0.360 ms
Execution time: 1217.358 ms
