Seq Scan on cast_info ci  (cost=0.00..705507.15 rows=500 width=0) (actual time=7332.672..10685.825 rows=2 loops=1)
  Filter: (person_id = 2599650)
  Rows Removed by Filter: 36244342
Planning time: 0.329 ms
Execution time: 10685.909 ms
