Seq Scan on cast_info ci  (cost=0.00..796071.18 rows=12150466 width=0) (actual time=0.020..14381.468 rows=18719877 loops=1)
  Filter: ((person_id > 1717196) AND (role_id > 1))
  Rows Removed by Filter: 17524467
Planning time: 0.332 ms
Execution time: 16586.541 ms
