Hash Join  (cost=68058.67..913016.10 rows=514544 width=0) (actual time=1055.110..25578.810 rows=555193 loops=1)
  Hash Cond: (ci.movie_id = t.id)
  ->  Seq Scan on cast_info ci  (cost=0.00..705507.15 rows=35814622 width=4) (actual time=0.024..14663.177 rows=35902510 loops=1)
        Filter: (person_id > 39854)
        Rows Removed by Filter: 341834
  ->  Hash  (cost=67604.59..67604.59 rows=36327 width=4) (actual time=1054.673..1054.673 rows=36509 loops=1)
        Buckets: 65536  Batches: 1  Memory Usage: 1796kB
        ->  Seq Scan on title t  (cost=0.00..67604.59 rows=36327 width=4) (actual time=0.031..1039.132 rows=36509 loops=1)
              Filter: (production_year = 1996)
              Rows Removed by Filter: 2491803
Planning time: 0.716 ms
Execution time: 25662.942 ms
