Seq Scan on cast_info ci  (cost=0.00..705507.15 rows=16599304 width=0) (actual time=0.028..11857.753 rows=16451731 loops=1)
  Filter: (person_id < 1629147)
  Rows Removed by Filter: 19792613
Planning time: 0.647 ms
Execution time: 13902.843 ms
