Hash Join  (cost=800624.27..1165312.09 rows=3189 width=0) (actual time=14222.628..23508.246 rows=715227 loops=1)
  Hash Cond: (mi.movie_id = t.id)
  ->  Seq Scan on movie_info mi  (cost=0.00..309384.22 rows=14739122 width=4) (actual time=0.021..4853.774 rows=14835720 loops=1)
  ->  Hash  (cost=800617.43..800617.43 rows=547 width=8) (actual time=14222.427..14222.427 rows=74459 loops=1)
        Buckets: 131072 (originally 1024)  Batches: 1 (originally 1)  Memory Usage: 3933kB
        ->  Nested Loop  (cost=0.43..800617.43 rows=547 width=8) (actual time=3992.983..14187.600 rows=74459 loops=1)
              ->  Seq Scan on cast_info ci  (cost=0.00..796071.18 rows=547 width=4) (actual time=3992.819..11315.981 rows=74459 loops=1)
                    Filter: ((person_id > 4050341) AND (role_id > 10))
                    Rows Removed by Filter: 36169885
              ->  Index Only Scan using title_pkey on title t  (cost=0.43..8.30 rows=1 width=4) (actual time=0.038..0.038 rows=1 loops=74459)
                    Index Cond: (id = ci.movie_id)
                    Heap Fetches: 74459
Planning time: 1.103 ms
Execution time: 23606.703 ms
