Seq Scan on movie_keyword mk  (cost=0.00..81003.12 rows=41017 width=0) (actual time=0.155..1207.065 rows=41840 loops=1)
  Filter: (keyword_id = 117)
  Rows Removed by Filter: 4482090
Planning time: 0.382 ms
Execution time: 1213.972 ms
