Hash Join  (cost=254884.13..780020.30 rows=5206160 width=0) (actual time=5627.736..20053.610 rows=1918606 loops=1)
  Hash Cond: (mi.movie_id = t.id)
  ->  Seq Scan on movie_info mi  (cost=0.00..346232.03 rows=9476311 width=4) (actual time=0.021..6673.980 rows=9565151 loops=1)
        Filter: (info_type_id < 16)
        Rows Removed by Filter: 5270569
  ->  Hash  (cost=232092.89..232092.89 rows=1389139 width=8) (actual time=5606.809..5606.809 rows=340981 loops=1)
        Buckets: 131072  Batches: 32  Memory Usage: 1464kB
        ->  Hash Join  (cost=88767.14..232092.89 rows=1389139 width=8) (actual time=1625.144..5518.711 rows=340981 loops=1)
              Hash Cond: (mk.movie_id = t.id)
              ->  Seq Scan on movie_keyword mk  (cost=0.00..81003.12 rows=3882995 width=4) (actual time=0.024..1849.584 rows=3871270 loops=1)
                    Filter: (keyword_id < 28809)
                    Rows Removed by Filter: 652660
              ->  Hash  (cost=73925.90..73925.90 rows=904579 width=4) (actual time=1624.116..1624.116 rows=992072 loops=1)
                    Buckets: 131072  Batches: 16  Memory Usage: 3218kB
                    ->  Seq Scan on title t  (cost=0.00..73925.90 rows=904579 width=4) (actual time=158.545..1293.572 rows=992072 loops=1)
                          Filter: ((production_year > 1998) AND (kind_id = 7))
                          Rows Removed by Filter: 1536240
Planning time: 1.097 ms
Execution time: 20296.789 ms
