Hash Join  (cost=100089.65..721471.62 rows=11541714 width=0) (actual time=4096.137..20779.355 rows=10574993 loops=1)
  Hash Cond: (mi.movie_id = t.id)
  ->  Seq Scan on movie_info mi  (cost=0.00..309384.22 rows=14739122 width=4) (actual time=0.022..5823.075 rows=14835720 loops=1)
  ->  Hash  (cost=67604.59..67604.59 rows=1980005 width=4) (actual time=4095.242..4095.242 rows=1976617 loops=1)
        Buckets: 131072  Batches: 32  Memory Usage: 3212kB
        ->  Seq Scan on title t  (cost=0.00..67604.59 rows=1980005 width=4) (actual time=0.012..3443.913 rows=1976617 loops=1)
              Filter: (production_year > 1977)
              Rows Removed by Filter: 551695
Planning time: 0.779 ms
Execution time: 21952.709 ms
