Nested Loop  (cost=0.43..83072.29 rows=96 width=0) (actual time=10.406..1249.128 rows=279 loops=1)
  ->  Seq Scan on movie_keyword mk  (cost=0.00..81003.12 rows=246 width=4) (actual time=10.357..1219.293 rows=299 loops=1)
        Filter: (keyword_id = 11267)
        Rows Removed by Filter: 4523631
  ->  Index Scan using title_pkey on title t  (cost=0.43..8.40 rows=1 width=4) (actual time=0.097..0.098 rows=1 loops=299)
        Index Cond: (id = mk.movie_id)
        Filter: (kind_id < 7)
        Rows Removed by Filter: 0
Planning time: 0.719 ms
Execution time: 1249.366 ms
