Seq Scan on movie_companies mc  (cost=0.00..57926.93 rows=1919 width=0) (actual time=296.828..914.668 rows=1840 loops=1)
  Filter: ((company_type_id < 2) AND (company_id = 11244))
  Rows Removed by Filter: 2607289
Planning time: 0.399 ms
Execution time: 915.104 ms
