Hash Join  (cost=493360.23..633935.09 rows=1524383 width=0) (actual time=8827.454..20455.872 rows=37150974 loops=1)
  Hash Cond: (mk.movie_id = t.id)
  ->  Seq Scan on movie_keyword mk  (cost=0.00..69693.30 rows=4523930 width=4) (actual time=0.012..1424.055 rows=4523930 loops=1)
  ->  Hash  (cost=479381.08..479381.08 rows=852012 width=8) (actual time=8825.899..8825.899 rows=900340 loops=1)
        Buckets: 131072  Batches: 16  Memory Usage: 3268kB
        ->  Hash Join  (cost=102767.86..479381.08 rows=852012 width=8) (actual time=1831.093..8553.663 rows=900340 loops=1)
              Hash Cond: (mi.movie_id = t.id)
              ->  Seq Scan on movie_info mi  (cost=0.00..346232.03 rows=852012 width=4) (actual time=0.019..5575.612 rows=900340 loops=1)
                    Filter: (info_type_id > 94)
                    Rows Removed by Filter: 13935380
              ->  Hash  (cost=61283.27..61283.27 rows=2528527 width=4) (actual time=1829.553..1829.553 rows=2528312 loops=1)
                    Buckets: 131072  Batches: 64  Memory Usage: 2425kB
                    ->  Seq Scan on title t  (cost=0.00..61283.27 rows=2528527 width=4) (actual time=0.013..991.012 rows=2528312 loops=1)
Planning time: 1.142 ms
Execution time: 24632.965 ms
