Seq Scan on title t  (cost=0.00..73925.90 rows=200126 width=0) (actual time=0.038..1200.199 rows=332824 loops=1)
  Filter: ((kind_id < 3) AND (production_year < 1989))
  Rows Removed by Filter: 2195488
Planning time: 0.339 ms
Execution time: 1243.039 ms
