Hash Join  (cost=247732.48..775628.90 rows=5657734 width=0) (actual time=7404.545..60654.347 rows=182495330 loops=1)
  Hash Cond: (mi.movie_id = t.id)
  ->  Seq Scan on movie_info mi  (cost=0.00..346232.03 rows=9293409 width=4) (actual time=280.698..6911.208 rows=9425200 loops=1)
        Filter: (info_type_id > 5)
        Rows Removed by Filter: 5410520
  ->  Hash  (cost=222476.71..222476.71 rows=1539342 width=8) (actual time=7122.469..7122.469 rows=3320711 loops=1)
        Buckets: 131072 (originally 131072)  Batches: 64 (originally 32)  Memory Usage: 3181kB
        ->  Hash Join  (cost=81720.25..222476.71 rows=1539342 width=8) (actual time=1329.818..6129.229 rows=3320711 loops=1)
              Hash Cond: (mk.movie_id = t.id)
              ->  Seq Scan on movie_keyword mk  (cost=0.00..69693.30 rows=4523930 width=4) (actual time=0.029..1516.471 rows=4523930 loops=1)
              ->  Hash  (cost=67604.59..67604.59 rows=860373 width=4) (actual time=1328.808..1328.808 rows=854214 loops=1)
                    Buckets: 131072  Batches: 16  Memory Usage: 2906kB
                    ->  Seq Scan on title t  (cost=0.00..67604.59 rows=860373 width=4) (actual time=0.016..1039.634 rows=854214 loops=1)
                          Filter: (kind_id < 4)
                          Rows Removed by Filter: 1674098
Planning time: 3.720 ms
Execution time: 81200.726 ms
