Hash Join  (cost=76243.83..988589.30 rows=950863 width=0) (actual time=1154.221..22191.470 rows=860440 loops=1)
  Hash Cond: (ci.movie_id = t.id)
  ->  Seq Scan on cast_info ci  (cost=0.00..705507.15 rows=17018584 width=4) (actual time=0.020..14187.709 rows=16892628 loops=1)
        Filter: (person_id < 1669914)
        Rows Removed by Filter: 19351716
  ->  Hash  (cost=73925.90..73925.90 rows=141274 width=4) (actual time=1153.254..1153.254 rows=150659 loops=1)
        Buckets: 131072  Batches: 2  Memory Usage: 3673kB
        ->  Seq Scan on title t  (cost=0.00..73925.90 rows=141274 width=4) (actual time=0.012..1097.444 rows=150659 loops=1)
              Filter: ((production_year > 2011) AND (kind_id = 7))
              Rows Removed by Filter: 2377653
Planning time: 0.830 ms
Execution time: 22296.563 ms
