Hash Join  (cost=205712.95..726652.86 rows=3854996 width=0) (actual time=4727.387..35263.420 rows=79296099 loops=1)
  Hash Cond: (mi.movie_id = t.id)
  ->  Seq Scan on movie_info mi  (cost=0.00..309384.22 rows=14739122 width=4) (actual time=0.024..6376.228 rows=14835720 loops=1)
  ->  Hash  (cost=194862.29..194862.29 rows=661333 width=8) (actual time=4726.323..4726.323 rows=1488352 loops=1)
        Buckets: 131072 (originally 131072)  Batches: 32 (originally 16)  Memory Usage: 3073kB
        ->  Hash Join  (cost=83810.17..194862.29 rows=661333 width=8) (actual time=1539.066..4359.478 rows=1488352 loops=1)
              Hash Cond: (mk.movie_id = t.id)
              ->  Seq Scan on movie_keyword mk  (cost=0.00..81003.12 rows=1692975 width=4) (actual time=0.027..1567.949 rows=1700546 loops=1)
                    Filter: (keyword_id < 2652)
                    Rows Removed by Filter: 2823384
              ->  Hash  (cost=67604.59..67604.59 rows=987727 width=4) (actual time=1538.368..1538.368 rows=985048 loops=1)
                    Buckets: 131072  Batches: 16  Memory Usage: 3197kB
                    ->  Seq Scan on title t  (cost=0.00..67604.59 rows=987727 width=4) (actual time=0.025..1243.289 rows=985048 loops=1)
                          Filter: (kind_id < 7)
                          Rows Removed by Filter: 1543264
Planning time: 1.187 ms
Execution time: 43545.651 ms
