Hash Join  (cost=87783.05..1146798.13 rows=7849260 width=0) (actual time=1463.666..31382.649 rows=8087664 loops=1)
  Hash Cond: (ci.movie_id = t.id)
  ->  Seq Scan on cast_info ci  (cost=0.00..705507.15 rows=23499554 width=4) (actual time=0.020..15870.602 rows=23573656 loops=1)
        Filter: (role_id > 1)
        Rows Removed by Filter: 12670688
  ->  Hash  (cost=73925.90..73925.90 rows=844572 width=4) (actual time=1462.503..1462.503 rows=760399 loops=1)
        Buckets: 131072  Batches: 16  Memory Usage: 2698kB
        ->  Seq Scan on title t  (cost=0.00..73925.90 rows=844572 width=4) (actual time=0.033..1222.902 rows=760399 loops=1)
              Filter: ((kind_id < 7) AND (production_year > 1964))
              Rows Removed by Filter: 1767913
Planning time: 3.706 ms
Execution time: 32324.903 ms
