Hash Join  (cost=89484.46..628272.12 rows=5527674 width=0) (actual time=1838.908..18907.820 rows=10480369 loops=1)
  Hash Cond: (mi.movie_id = t.id)
  ->  Seq Scan on movie_info mi  (cost=0.00..309384.22 rows=14739122 width=4) (actual time=0.021..5899.201 rows=14835720 loops=1)
  ->  Hash  (cost=73925.90..73925.90 rows=948284 width=4) (actual time=1837.892..1837.892 rows=942729 loops=1)
        Buckets: 131072  Batches: 16  Memory Usage: 3105kB
        ->  Seq Scan on title t  (cost=0.00..73925.90 rows=948284 width=4) (actual time=0.026..1259.990 rows=942729 loops=1)
              Filter: ((kind_id < 7) AND (production_year > 1911))
              Rows Removed by Filter: 1585583
Planning time: 0.766 ms
Execution time: 20099.172 ms
