Seq Scan on cast_info ci  (cost=0.00..705507.15 rows=12744627 width=0) (actual time=1055.878..11878.687 rows=12701575 loops=1)
  Filter: (person_id < 1252627)
  Rows Removed by Filter: 23542769
Planning time: 0.251 ms
Execution time: 13477.249 ms
