Hash Join  (cost=915858.08..957673.45 rows=240288 width=0) (actual time=17413.894..18457.386 rows=106233 loops=1)
  Hash Cond: (mi_idx.movie_id = t.id)
  ->  Seq Scan on movie_info_idx mi_idx  (cost=0.00..21735.35 rows=1380035 width=4) (actual time=0.029..466.779 rows=1380035 loops=1)
  ->  Hash  (cost=908634.82..908634.82 rows=440261 width=8) (actual time=17413.037..17413.037 rows=101064 loops=1)
        Buckets: 131072  Batches: 8  Memory Usage: 1516kB
        ->  Hash Join  (cost=92883.59..908634.82 rows=440261 width=8) (actual time=9055.332..17381.811 rows=101064 loops=1)
              Hash Cond: (ci.movie_id = t.id)
              ->  Seq Scan on cast_info ci  (cost=0.00..796071.18 rows=722489 width=4) (actual time=7306.508..14910.303 rows=351305 loops=1)
                    Filter: ((person_id < 2957893) AND (role_id = 5))
                    Rows Removed by Filter: 35893039
              ->  Hash  (cost=67604.59..67604.59 rows=1540800 width=4) (actual time=1746.876..1746.876 rows=1543264 loops=1)
                    Buckets: 131072  Batches: 32  Memory Usage: 2722kB
                    ->  Seq Scan on title t  (cost=0.00..67604.59 rows=1540800 width=4) (actual time=143.753..1241.391 rows=1543264 loops=1)
                          Filter: (kind_id = 7)
                          Rows Removed by Filter: 985048
Planning time: 1.175 ms
Execution time: 18469.444 ms
