Seq Scan on cast_info ci  (cost=0.00..705507.15 rows=2842072 width=0) (actual time=139.796..11367.482 rows=2799573 loops=1)
  Filter: (person_id < 269441)
  Rows Removed by Filter: 33444771
Planning time: 0.346 ms
Execution time: 11714.548 ms
