Hash Join  (cost=158496.29..523512.87 rows=36063 width=0) (actual time=2314.965..9598.846 rows=995975 loops=1)
  Hash Cond: (mi.movie_id = t.id)
  ->  Seq Scan on movie_info mi  (cost=0.00..309384.22 rows=14739122 width=4) (actual time=0.014..4204.641 rows=14835720 loops=1)
  ->  Hash  (cost=158418.95..158418.95 rows=6187 width=8) (actual time=2314.799..2314.799 rows=12181 loops=1)
        Buckets: 16384 (originally 8192)  Batches: 1 (originally 1)  Memory Usage: 604kB
        ->  Hash Join  (cost=74155.14..158418.95 rows=6187 width=8) (actual time=1079.347..2310.729 rows=12181 loops=1)
              Hash Cond: (mk.movie_id = t.id)
              ->  Seq Scan on movie_keyword mk  (cost=0.00..81003.12 rows=853017 width=4) (actual time=0.022..1101.327 rows=859330 loops=1)
                    Filter: (keyword_id > 21383)
                    Rows Removed by Filter: 3664600
              ->  Hash  (cost=73925.90..73925.90 rows=18339 width=4) (actual time=1078.891..1078.891 rows=14449 loops=1)
                    Buckets: 32768  Batches: 1  Memory Usage: 764kB
                    ->  Seq Scan on title t  (cost=0.00..73925.90 rows=18339 width=4) (actual time=0.046..1072.308 rows=14449 loops=1)
                          Filter: ((kind_id < 7) AND (production_year = 1998))
                          Rows Removed by Filter: 2513863
Planning time: 1.184 ms
Execution time: 9716.847 ms
