Seq Scan on movie_keyword mk  (cost=0.00..81003.12 rows=335089 width=0) (actual time=0.017..1335.139 rows=333418 loops=1)
  Filter: (keyword_id > 49553)
  Rows Removed by Filter: 4190512
Planning time: 0.303 ms
Execution time: 1378.958 ms
