Hash Join  (cost=211637.43..363273.78 rows=2432331 width=0) (actual time=4868.525..8603.964 rows=1441946 loops=1)
  Hash Cond: (mk.movie_id = t.id)
  ->  Seq Scan on movie_keyword mk  (cost=0.00..69693.30 rows=4523930 width=4) (actual time=0.015..1388.453 rows=4523930 loops=1)
  ->  Hash  (cost=189332.87..189332.87 rows=1359485 width=8) (actual time=4861.354..4861.354 rows=601431 loops=1)
        Buckets: 131072  Batches: 32  Memory Usage: 1741kB
        ->  Hash Join  (cost=95541.49..189332.87 rows=1359485 width=8) (actual time=1930.787..4677.418 rows=601431 loops=1)
              Hash Cond: (mc.movie_id = t.id)
              ->  Seq Scan on movie_companies mc  (cost=0.00..44881.29 rows=2609129 width=4) (actual time=0.027..923.341 rows=2609129 loops=1)
              ->  Hash  (cost=73925.90..73925.90 rows=1317487 width=4) (actual time=1885.793..1885.793 rows=1399348 loops=1)
                    Buckets: 131072  Batches: 32  Memory Usage: 2563kB
                    ->  Seq Scan on title t  (cost=0.00..73925.90 rows=1317487 width=4) (actual time=0.015..1432.733 rows=1399348 loops=1)
                          Filter: ((production_year > 1964) AND (kind_id = 7))
                          Rows Removed by Filter: 1128964
Planning time: 1.198 ms
Execution time: 8767.573 ms
