Hash Join  (cost=196781.67..341392.19 rows=1855648 width=0) (actual time=4578.797..7980.390 rows=1137303 loops=1)
  Hash Cond: (mk.movie_id = t.id)
  ->  Seq Scan on movie_keyword mk  (cost=0.00..69693.30 rows=4523930 width=4) (actual time=0.013..1463.499 rows=4523930 loops=1)
  ->  Hash  (cost=179765.12..179765.12 rows=1037164 width=8) (actual time=4322.174..4322.174 rows=401565 loops=1)
        Buckets: 131072  Batches: 16  Memory Usage: 1991kB
        ->  Hash Join  (cost=90416.96..179765.12 rows=1037164 width=8) (actual time=1742.149..4198.452 rows=401565 loops=1)
              Hash Cond: (mc.movie_id = t.id)
              ->  Seq Scan on movie_companies mc  (cost=0.00..44881.29 rows=2609129 width=4) (actual time=0.016..932.953 rows=2609129 loops=1)
              ->  Hash  (cost=73925.90..73925.90 rows=1005124 width=4) (actual time=1741.122..1741.122 rows=1099095 loops=1)
                    Buckets: 131072  Batches: 16  Memory Usage: 3447kB
                    ->  Seq Scan on title t  (cost=0.00..73925.90 rows=1005124 width=4) (actual time=248.264..1406.321 rows=1099095 loops=1)
                          Filter: ((production_year > 1994) AND (kind_id = 7))
                          Rows Removed by Filter: 1429217
Planning time: 6.289 ms
Execution time: 8127.714 ms
