Hash Join  (cost=268017.50..372469.40 rows=1896196 width=0) (actual time=5879.319..11385.745 rows=13417609 loops=1)
  Hash Cond: (mc.movie_id = t.id)
  ->  Seq Scan on movie_companies mc  (cost=0.00..44881.29 rows=2609129 width=4) (actual time=0.029..918.309 rows=2609129 loops=1)
  ->  Hash  (cost=237868.28..237868.28 rows=1837618 width=8) (actual time=5868.071..5868.071 rows=1845419 loops=1)
        Buckets: 131072  Batches: 32  Memory Usage: 3266kB
        ->  Hash Join  (cost=102767.86..237868.28 rows=1837618 width=8) (actual time=1886.593..5318.221 rows=1845419 loops=1)
              Hash Cond: (mk.movie_id = t.id)
              ->  Seq Scan on movie_keyword mk  (cost=0.00..81003.12 rows=1837618 width=4) (actual time=0.031..1535.729 rows=1845419 loops=1)
                    Filter: (keyword_id < 3065)
                    Rows Removed by Filter: 2678511
              ->  Hash  (cost=61283.27..61283.27 rows=2528527 width=4) (actual time=1884.254..1884.254 rows=2528312 loops=1)
                    Buckets: 131072  Batches: 64  Memory Usage: 2425kB
                    ->  Seq Scan on title t  (cost=0.00..61283.27 rows=2528527 width=4) (actual time=0.012..1036.080 rows=2528312 loops=1)
Planning time: 1.143 ms
Execution time: 12930.795 ms
