Hash Join  (cost=76940.37..595070.22 rows=1012075 width=0) (actual time=1294.920..16799.945 rows=3144284 loops=1)
  Hash Cond: (mi.movie_id = t.id)
  ->  Seq Scan on movie_info mi  (cost=0.00..346232.03 rows=13929354 width=4) (actual time=0.022..7761.269 rows=14033580 loops=1)
        Filter: (info_type_id > 1)
        Rows Removed by Filter: 802140
  ->  Hash  (cost=73925.90..73925.90 rows=183717 width=4) (actual time=1293.895..1293.895 rows=288223 loops=1)
        Buckets: 131072  Batches: 4  Memory Usage: 3568kB
        ->  Seq Scan on title t  (cost=0.00..73925.90 rows=183717 width=4) (actual time=7.596..1196.543 rows=288223 loops=1)
              Filter: ((kind_id < 7) AND (production_year < 1977))
              Rows Removed by Filter: 2240089
Planning time: 0.780 ms
Execution time: 17202.092 ms
