Hash Join  (cost=266028.16..1628834.17 rows=23680312 width=0) (actual time=6383.162..44130.363 rows=22422528 loops=1)
  Hash Cond: (ci.movie_id = t.id)
  ->  Seq Scan on cast_info ci  (cost=0.00..705507.15 rows=32253153 width=4) (actual time=0.026..17050.903 rows=32231096 loops=1)
        Filter: (person_id < 3321660)
        Rows Removed by Filter: 4013248
  ->  Hash  (cost=235570.56..235570.56 rows=1856448 width=8) (actual time=6381.519..6381.519 rows=842209 loops=1)
        Buckets: 131072  Batches: 32  Memory Usage: 2056kB
        ->  Hash Join  (cost=90950.04..235570.56 rows=1856448 width=8) (actual time=1951.237..5587.445 rows=842209 loops=1)
              Hash Cond: (mk.movie_id = t.id)
              ->  Seq Scan on movie_keyword mk  (cost=0.00..69693.30 rows=4523930 width=4) (actual time=0.009..1488.468 rows=4523930 loops=1)
              ->  Hash  (cost=73925.90..73925.90 rows=1037611 width=4) (actual time=1947.817..1947.817 rows=1156310 loops=1)
                    Buckets: 131072  Batches: 16  Memory Usage: 3581kB
                    ->  Seq Scan on title t  (cost=0.00..73925.90 rows=1037611 width=4) (actual time=0.024..1459.526 rows=1156310 loops=1)
                          Filter: ((kind_id > 3) AND (production_year > 1996))
                          Rows Removed by Filter: 1372002
Planning time: 1.204 ms
Execution time: 46602.022 ms
