Hash Join  (cost=133201.67..634106.90 rows=1977329 width=0) (actual time=2918.974..20486.341 rows=13342809 loops=1)
  Hash Cond: (mi.movie_id = t.id)
  ->  Seq Scan on movie_info mi  (cost=0.00..309384.22 rows=14739122 width=4) (actual time=0.015..6430.815 rows=14835720 loops=1)
  ->  Hash  (cost=127635.49..127635.49 rows=339215 width=8) (actual time=2918.073..2918.073 rows=607621 loops=1)
        Buckets: 131072  Batches: 8  Memory Usage: 4018kB
        ->  Hash Join  (cost=84122.85..127635.49 rows=339215 width=8) (actual time=1474.910..2753.388 rows=607621 loops=1)
              Hash Cond: (mi_idx.movie_id = t.id)
              ->  Seq Scan on movie_info_idx mi_idx  (cost=0.00..21735.35 rows=1380035 width=4) (actual time=0.028..442.142 rows=1380035 loops=1)
              ->  Hash  (cost=73925.90..73925.90 rows=621516 width=4) (actual time=1474.080..1474.080 rows=549487 loops=1)
                    Buckets: 131072  Batches: 16  Memory Usage: 2230kB
                    ->  Seq Scan on title t  (cost=0.00..73925.90 rows=621516 width=4) (actual time=538.515..1305.367 rows=549487 loops=1)
                          Filter: ((production_year > 1926) AND (kind_id = 1))
                          Rows Removed by Filter: 1978825
Planning time: 1.221 ms
Execution time: 22081.260 ms
