Hash Join  (cost=116882.02..602318.07 rows=527612 width=0) (actual time=2196.684..14249.964 rows=2184055 loops=1)
  Hash Cond: (mi.movie_id = t.id)
  ->  Seq Scan on movie_info mi  (cost=0.00..309384.22 rows=14739122 width=4) (actual time=0.011..6224.536 rows=14835720 loops=1)
  ->  Hash  (cost=115396.61..115396.61 rows=90513 width=8) (actual time=2195.914..2195.914 rows=127498 loops=1)
        Buckets: 131072  Batches: 2  Memory Usage: 3519kB
        ->  Hash Join  (cost=82008.92..115396.61 rows=90513 width=8) (actual time=1305.543..2144.691 rows=127498 loops=1)
              Hash Cond: (mi_idx.movie_id = t.id)
              ->  Seq Scan on movie_info_idx mi_idx  (cost=0.00..25185.44 rows=464566 width=4) (actual time=0.036..512.542 rows=459925 loops=1)
                    Filter: (info_type_id = 101)
                    Rows Removed by Filter: 920110
              ->  Hash  (cost=73925.90..73925.90 rows=492641 width=4) (actual time=1304.656..1304.656 rows=420285 loops=1)
                    Buckets: 131072  Batches: 8  Memory Usage: 2868kB
                    ->  Seq Scan on title t  (cost=0.00..73925.90 rows=492641 width=4) (actual time=0.018..1167.937 rows=420285 loops=1)
                          Filter: ((kind_id < 7) AND (production_year > 2002))
                          Rows Removed by Filter: 2108027
Planning time: 7.328 ms
Execution time: 14516.127 ms
