Hash Join  (cost=86907.34..173212.44 rows=816457 width=0) (actual time=1552.224..4174.179 rows=1307811 loops=1)
  Hash Cond: (mc.movie_id = t.id)
  ->  Seq Scan on movie_companies mc  (cost=0.00..44881.29 rows=2609129 width=4) (actual time=0.025..904.812 rows=2609129 loops=1)
  ->  Hash  (cost=73925.90..73925.90 rows=791235 width=4) (actual time=1550.617..1550.617 rows=701949 loops=1)
        Buckets: 131072  Batches: 16  Memory Usage: 2566kB
        ->  Seq Scan on title t  (cost=0.00..73925.90 rows=791235 width=4) (actual time=0.043..1327.412 rows=701949 loops=1)
              Filter: ((kind_id < 7) AND (production_year > 1974))
              Rows Removed by Filter: 1826363
Planning time: 0.726 ms
Execution time: 4328.708 ms
