Hash Join  (cost=75342.47..181174.23 rows=70202 width=0) (actual time=2002.632..3570.696 rows=21513 loops=1)
  Hash Cond: (mk.movie_id = t.id)
  ->  Seq Scan on movie_keyword mk  (cost=0.00..81003.12 rows=2057232 width=4) (actual time=0.024..1671.242 rows=2066242 loops=1)
        Filter: (keyword_id < 3664)
        Rows Removed by Filter: 2457688
  ->  Hash  (cost=73925.90..73925.90 rows=86285 width=4) (actual time=1201.057..1201.057 rows=92628 loops=1)
        Buckets: 131072  Batches: 2  Memory Usage: 2659kB
        ->  Seq Scan on title t  (cost=0.00..73925.90 rows=86285 width=4) (actual time=0.032..1163.829 rows=92628 loops=1)
              Filter: ((kind_id = 7) AND (production_year = 2010))
              Rows Removed by Filter: 2435684
Planning time: 0.728 ms
Execution time: 3573.654 ms
