Seq Scan on cast_info ci  (cost=0.00..796071.18 rows=5024270 width=0) (actual time=4113.490..13218.779 rows=10281164 loops=1)
  Filter: ((person_id < 1402066) AND (role_id < 2))
  Rows Removed by Filter: 25963180
Planning time: 0.340 ms
Execution time: 14402.182 ms
