Hash Join  (cost=121022.41..1176576.96 rows=2117339 width=0) (actual time=2320.439..32159.551 rows=5068226 loops=1)
  Hash Cond: (ci.movie_id = t.id)
  ->  Seq Scan on cast_info ci  (cost=0.00..614943.12 rows=36225612 width=4) (actual time=0.029..13422.728 rows=36244344 loops=1)
  ->  Hash  (cost=118597.05..118597.05 rows=147789 width=8) (actual time=2319.194..2319.194 rows=186362 loops=1)
        Buckets: 131072 (originally 131072)  Batches: 4 (originally 2)  Memory Usage: 3073kB
        ->  Hash Join  (cost=78368.68..118597.05 rows=147789 width=8) (actual time=1224.397..2265.903 rows=186362 loops=1)
              Hash Cond: (mi_idx.movie_id = t.id)
              ->  Seq Scan on movie_info_idx mi_idx  (cost=0.00..21735.35 rows=1380035 width=4) (actual time=0.008..441.640 rows=1380035 loops=1)
              ->  Hash  (cost=73925.90..73925.90 rows=270782 width=4) (actual time=1223.607..1223.607 rows=229992 loops=1)
                    Buckets: 131072  Batches: 4  Memory Usage: 3047kB
                    ->  Seq Scan on title t  (cost=0.00..73925.90 rows=270782 width=4) (actual time=0.016..1147.008 rows=229992 loops=1)
                          Filter: ((kind_id < 3) AND (production_year > 2006))
                          Rows Removed by Filter: 2298320
Planning time: 1.223 ms
Execution time: 32734.454 ms
