Hash Join  (cost=84689.96..1215051.73 rows=9399561 width=0) (actual time=1393.430..34354.267 rows=9162292 loops=1)
  Hash Cond: (ci.movie_id = t.id)
  ->  Seq Scan on cast_info ci  (cost=0.00..614943.12 rows=36225612 width=4) (actual time=0.026..13512.362 rows=36244344 loops=1)
  ->  Hash  (cost=73925.90..73925.90 rows=656084 width=4) (actual time=1392.484..1392.484 rows=555560 loops=1)
        Buckets: 131072  Batches: 16  Memory Usage: 2241kB
        ->  Seq Scan on title t  (cost=0.00..73925.90 rows=656084 width=4) (actual time=0.037..1217.934 rows=555560 loops=1)
              Filter: ((kind_id < 7) AND (production_year > 1993))
              Rows Removed by Filter: 1972752
Planning time: 1.124 ms
Execution time: 35338.285 ms
