Hash Join  (cost=74255.97..129193.96 rows=27247 width=0) (actual time=1088.138..2475.527 rows=51151 loops=1)
  Hash Cond: (mc.movie_id = t.id)
  ->  Seq Scan on movie_companies mc  (cost=0.00..44881.29 rows=2609129 width=4) (actual time=0.023..728.911 rows=2609129 loops=1)
  ->  Hash  (cost=73925.90..73925.90 rows=26405 width=4) (actual time=1087.786..1087.786 rows=23926 loops=1)
        Buckets: 32768  Batches: 1  Memory Usage: 1098kB
        ->  Seq Scan on title t  (cost=0.00..73925.90 rows=26405 width=4) (actual time=0.185..1077.563 rows=23926 loops=1)
              Filter: ((kind_id < 7) AND (production_year = 2003))
              Rows Removed by Filter: 2504386
Planning time: 8.687 ms
Execution time: 2483.270 ms
