Nested Loop  (cost=0.43..83072.90 rows=1 width=0) (actual time=222.566..1078.362 rows=3 loops=1)
  ->  Seq Scan on movie_keyword mk  (cost=0.00..81003.12 rows=246 width=4) (actual time=0.330..1043.608 rows=1034 loops=1)
        Filter: (keyword_id = 1069)
        Rows Removed by Filter: 4522896
  ->  Index Scan using title_pkey on title t  (cost=0.43..8.40 rows=1 width=4) (actual time=0.033..0.033 rows=0 loops=1034)
        Index Cond: (id = mk.movie_id)
        Filter: ((kind_id < 2) AND (production_year = 1952))
        Rows Removed by Filter: 1
Planning time: 0.985 ms
Execution time: 1078.475 ms
