Hash Join  (cost=75822.40..107049.83 rows=21249 width=0) (actual time=1282.853..1688.577 rows=817 loops=1)
  Hash Cond: (mi_idx.movie_id = t.id)
  ->  Seq Scan on movie_info_idx mi_idx  (cost=0.00..25185.44 rows=464934 width=4) (actual time=0.019..490.051 rows=460185 loops=1)
        Filter: (info_type_id > 100)
        Rows Removed by Filter: 919850
  ->  Hash  (cost=73925.90..73925.90 rows=115560 width=4) (actual time=1042.551..1042.551 rows=13895 loops=1)
        Buckets: 131072  Batches: 2  Memory Usage: 1270kB
        ->  Seq Scan on title t  (cost=0.00..73925.90 rows=115560 width=4) (actual time=0.019..1036.254 rows=13895 loops=1)
              Filter: ((production_year < 1954) AND (kind_id = 7))
              Rows Removed by Filter: 2514417
Planning time: 0.776 ms
Execution time: 1688.772 ms
