Hash Join  (cost=334664.78..2047655.65 rows=52891969 width=0) (actual time=7411.287..80907.309 rows=182546280 loops=1)
  Hash Cond: (ci.movie_id = t.id)
  ->  Seq Scan on cast_info ci  (cost=0.00..614943.12 rows=36225612 width=4) (actual time=0.021..13849.775 rows=36244344 loops=1)
  ->  Hash  (cost=274094.92..274094.92 rows=3691829 width=8) (actual time=7409.623..7409.623 rows=3493547 loops=1)
        Buckets: 131072  Batches: 64  Memory Usage: 3112kB
        ->  Hash Join  (cost=101458.67..274094.92 rows=3691829 width=8) (actual time=2073.663..6499.695 rows=3493547 loops=1)
              Hash Cond: (mk.movie_id = t.id)
              ->  Seq Scan on movie_keyword mk  (cost=0.00..69693.30 rows=4523930 width=4) (actual time=0.014..1367.795 rows=4523930 loops=1)
              ->  Hash  (cost=67604.59..67604.59 rows=2063447 width=4) (actual time=2072.666..2072.666 rows=2060346 loops=1)
                    Buckets: 131072  Batches: 32  Memory Usage: 3302kB
                    ->  Seq Scan on title t  (cost=0.00..67604.59 rows=2063447 width=4) (actual time=0.024..1399.111 rows=2060346 loops=1)
                          Filter: (production_year > 1971)
                          Rows Removed by Filter: 467966
Planning time: 1.238 ms
Execution time: 100153.407 ms
