Seq Scan on title t  (cost=0.00..73925.90 rows=815691 width=0) (actual time=0.019..1095.825 rows=779908 loops=1)
  Filter: ((kind_id < 4) AND (production_year > 1915))
  Rows Removed by Filter: 1748404
Planning time: 0.347 ms
Execution time: 1189.137 ms
