Seq Scan on cast_info ci  (cost=0.00..705507.15 rows=22168481 width=0) (actual time=0.014..12839.707 rows=22218580 loops=1)
  Filter: (person_id > 1381921)
  Rows Removed by Filter: 14025764
Planning time: 0.364 ms
Execution time: 15626.125 ms
