Hash Join  (cost=102767.86..230360.00 rows=1525601 width=0) (actual time=1981.937..5025.267 rows=1541173 loops=1)
  Hash Cond: (mk.movie_id = t.id)
  ->  Seq Scan on movie_keyword mk  (cost=0.00..81003.12 rows=1525601 width=4) (actual time=0.016..1507.329 rows=1541173 loops=1)
        Filter: (keyword_id > 10285)
        Rows Removed by Filter: 2982757
  ->  Hash  (cost=61283.27..61283.27 rows=2528527 width=4) (actual time=1980.984..1980.984 rows=2528312 loops=1)
        Buckets: 131072  Batches: 64  Memory Usage: 2425kB
        ->  Seq Scan on title t  (cost=0.00..61283.27 rows=2528527 width=4) (actual time=0.015..1125.147 rows=2528312 loops=1)
Planning time: 0.739 ms
Execution time: 5200.666 ms
