Nested Loop  (cost=0.43..83071.67 rows=246 width=0) (actual time=0.531..1322.995 rows=1625 loops=1)
  ->  Seq Scan on movie_keyword mk  (cost=0.00..81003.12 rows=246 width=4) (actual time=0.480..1269.519 rows=1625 loops=1)
        Filter: (keyword_id = 1064)
        Rows Removed by Filter: 4522305
  ->  Index Only Scan using title_pkey on title t  (cost=0.43..8.40 rows=1 width=4) (actual time=0.031..0.032 rows=1 loops=1625)
        Index Cond: (id = mk.movie_id)
        Heap Fetches: 1625
Planning time: 7.853 ms
Execution time: 1323.620 ms
