Seq Scan on cast_info ci  (cost=0.00..705507.15 rows=1347531 width=0) (actual time=0.024..10417.752 rows=1254689 loops=1)
  Filter: (person_id < 126241)
  Rows Removed by Filter: 34989655
Planning time: 0.387 ms
Execution time: 10550.849 ms
