Hash Join  (cost=102767.86..255870.83 rows=2585837 width=0) (actual time=1956.650..6001.086 rows=2576477 loops=1)
  Hash Cond: (mk.movie_id = t.id)
  ->  Seq Scan on movie_keyword mk  (cost=0.00..81003.12 rows=2585837 width=4) (actual time=0.019..1802.306 rows=2576477 loops=1)
        Filter: (keyword_id < 6672)
        Rows Removed by Filter: 1947453
  ->  Hash  (cost=61283.27..61283.27 rows=2528527 width=4) (actual time=1955.764..1955.764 rows=2528312 loops=1)
        Buckets: 131072  Batches: 64  Memory Usage: 2425kB
        ->  Seq Scan on title t  (cost=0.00..61283.27 rows=2528527 width=4) (actual time=0.031..1105.571 rows=2528312 loops=1)
Planning time: 0.741 ms
Execution time: 6280.163 ms
