Seq Scan on movie_keyword mk  (cost=0.00..81003.12 rows=1077003 width=0) (actual time=0.016..1394.493 rows=1086771 loops=1)
  Filter: (keyword_id > 16270)
  Rows Removed by Filter: 3437159
Planning time: 0.319 ms
Execution time: 1541.887 ms
