Hash Join  (cost=81282.57..192522.60 rows=378743 width=0) (actual time=1366.008..4099.604 rows=65395 loops=1)
  Hash Cond: (mk.movie_id = t.id)
  ->  Seq Scan on movie_keyword mk  (cost=0.00..81003.12 rows=2135860 width=4) (actual time=0.023..1523.330 rows=2141270 loops=1)
        Filter: (keyword_id < 3994)
        Rows Removed by Filter: 2382660
  ->  Hash  (cost=73925.90..73925.90 rows=448373 width=4) (actual time=1364.132..1364.132 rows=329492 loops=1)
        Buckets: 131072  Batches: 8  Memory Usage: 2467kB
        ->  Seq Scan on title t  (cost=0.00..73925.90 rows=448373 width=4) (actual time=0.014..1255.629 rows=329492 loops=1)
              Filter: ((production_year < 1992) AND (kind_id = 7))
              Rows Removed by Filter: 2198820
Planning time: 0.823 ms
Execution time: 4107.993 ms
