Hash Join  (cost=180622.25..671770.96 rows=1062975 width=0) (actual time=3689.615..24301.943 rows=32287921 loops=1)
  Hash Cond: (mi.movie_id = t.id)
  ->  Seq Scan on movie_info mi  (cost=0.00..309384.22 rows=14739122 width=4) (actual time=0.013..6117.384 rows=14835720 loops=1)
  ->  Hash  (cost=177629.80..177629.80 rows=182356 width=8) (actual time=3688.800..3688.800 rows=518283 loops=1)
        Buckets: 131072 (originally 131072)  Batches: 8 (originally 4)  Memory Usage: 3666kB
        ->  Hash Join  (cost=81703.78..177629.80 rows=182356 width=8) (actual time=1396.921..3545.949 rows=518283 loops=1)
              Hash Cond: (mk.movie_id = t.id)
              ->  Seq Scan on movie_keyword mk  (cost=0.00..81003.12 rows=972622 width=4) (actual time=0.014..1306.828 rows=973894 loops=1)
                    Filter: (keyword_id < 914)
                    Rows Removed by Filter: 3550036
              ->  Hash  (cost=73925.90..73925.90 rows=474070 width=4) (actual time=1350.966..1350.966 rows=496025 loops=1)
                    Buckets: 131072  Batches: 8  Memory Usage: 3223kB
                    ->  Seq Scan on title t  (cost=0.00..73925.90 rows=474070 width=4) (actual time=524.069..1200.222 rows=496025 loops=1)
                          Filter: ((production_year < 2009) AND (kind_id = 1))
                          Rows Removed by Filter: 2032287
Planning time: 1.226 ms
Execution time: 27997.296 ms
