Hash Join  (cost=192570.95..232763.67 rows=145724 width=0) (actual time=3904.941..4594.801 rows=96585 loops=1)
  Hash Cond: (mi_idx.movie_id = t.id)
  ->  Seq Scan on movie_info_idx mi_idx  (cost=0.00..21735.35 rows=1380035 width=4) (actual time=0.014..453.713 rows=1380035 loops=1)
  ->  Hash  (cost=188190.47..188190.47 rows=266998 width=8) (actual time=3599.117..3599.117 rows=49611 loops=1)
        Buckets: 131072  Batches: 4  Memory Usage: 1516kB
        ->  Hash Join  (cost=92883.59..188190.47 rows=266998 width=8) (actual time=1968.710..3581.654 rows=49611 loops=1)
              Hash Cond: (mk.movie_id = t.id)
              ->  Seq Scan on movie_keyword mk  (cost=0.00..81003.12 rows=438156 width=4) (actual time=0.017..1321.153 rows=433771 loops=1)
                    Filter: (keyword_id > 40415)
                    Rows Removed by Filter: 4090159
              ->  Hash  (cost=67604.59..67604.59 rows=1540800 width=4) (actual time=1756.000..1756.000 rows=1543264 loops=1)
                    Buckets: 131072  Batches: 32  Memory Usage: 2728kB
                    ->  Seq Scan on title t  (cost=0.00..67604.59 rows=1540800 width=4) (actual time=0.008..1245.304 rows=1543264 loops=1)
                          Filter: (kind_id = 7)
                          Rows Removed by Filter: 985048
Planning time: 0.856 ms
Execution time: 4606.207 ms
