Hash Join  (cost=73962.22..930578.50 rows=18493 width=0) (actual time=4617.541..18356.212 rows=10906 loops=1)
  Hash Cond: (ci.movie_id = t.id)
  ->  Seq Scan on cast_info ci  (cost=0.00..796071.18 rows=16096045 width=4) (actual time=3621.782..15244.898 rows=12169463 loops=1)
        Filter: ((person_id < 2558606) AND (role_id > 1))
        Rows Removed by Filter: 24074881
  ->  Hash  (cost=73925.90..73925.90 rows=2905 width=4) (actual time=984.085..984.085 rows=4012 loops=1)
        Buckets: 4096  Batches: 1  Memory Usage: 174kB
        ->  Seq Scan on title t  (cost=0.00..73925.90 rows=2905 width=4) (actual time=362.630..982.155 rows=4012 loops=1)
              Filter: ((kind_id < 7) AND (production_year = 1920))
              Rows Removed by Filter: 2524300
Planning time: 0.578 ms
Execution time: 18358.956 ms
