Hash Join  (cost=151828.88..655754.37 rows=2260456 width=0) (actual time=3478.463..17889.645 rows=5750315 loops=1)
  Hash Cond: (mi.movie_id = t.id)
  ->  Seq Scan on movie_info mi  (cost=0.00..309384.22 rows=14739122 width=4) (actual time=0.015..5847.584 rows=14835720 loops=1)
  ->  Hash  (cost=145466.55..145466.55 rows=387786 width=8) (actual time=3477.674..3477.674 rows=390266 loops=1)
        Buckets: 131072  Batches: 8  Memory Usage: 2945kB
        ->  Hash Join  (cost=102205.59..145466.55 rows=387786 width=8) (actual time=2075.207..3353.261 rows=390266 loops=1)
              Hash Cond: (mi_idx.movie_id = t.id)
              ->  Seq Scan on movie_info_idx mi_idx  (cost=0.00..25185.44 rows=464934 width=4) (actual time=0.016..487.013 rows=460185 loops=1)
                    Filter: (info_type_id > 100)
                    Rows Removed by Filter: 919850
              ->  Hash  (cost=67604.59..67604.59 rows=2108960 width=4) (actual time=2072.146..2072.146 rows=2104137 loops=1)
                    Buckets: 131072  Batches: 32  Memory Usage: 3341kB
                    ->  Seq Scan on title t  (cost=0.00..67604.59 rows=2108960 width=4) (actual time=0.012..1384.605 rows=2104137 loops=1)
                          Filter: (production_year > 1968)
                          Rows Removed by Filter: 424175
Planning time: 1.226 ms
Execution time: 18579.676 ms
