Hash Join  (cost=187291.42..1089531.62 rows=2171144 width=0) (actual time=9088.279..25205.074 rows=2831769 loops=1)
  Hash Cond: (ci.movie_id = t.id)
  ->  Seq Scan on cast_info ci  (cost=0.00..796071.18 rows=7040955 width=4) (actual time=5286.395..14861.874 rows=12670688 loops=1)
        Filter: ((person_id < 1999110) AND (role_id = 1))
        Rows Removed by Filter: 23573656
  ->  Hash  (cost=174499.23..174499.23 rows=779695 width=8) (actual time=3800.239..3800.239 rows=316839 loops=1)
        Buckets: 131072  Batches: 16  Memory Usage: 1784kB
        ->  Hash Join  (cost=92883.59..174499.23 rows=779695 width=8) (actual time=2082.583..3716.794 rows=316839 loops=1)
              Hash Cond: (mc.movie_id = t.id)
              ->  Seq Scan on movie_companies mc  (cost=0.00..51404.11 rows=1279517 width=4) (actual time=319.661..1025.490 rows=1274246 loops=1)
                    Filter: (company_type_id = 1)
                    Rows Removed by Filter: 1334883
              ->  Hash  (cost=67604.59..67604.59 rows=1540800 width=4) (actual time=1761.240..1761.240 rows=1543264 loops=1)
                    Buckets: 131072  Batches: 32  Memory Usage: 2722kB
                    ->  Seq Scan on title t  (cost=0.00..67604.59 rows=1540800 width=4) (actual time=230.450..1272.829 rows=1543264 loops=1)
                          Filter: (kind_id = 7)
                          Rows Removed by Filter: 985048
Planning time: 1.267 ms
Execution time: 25532.659 ms
