Seq Scan on movie_companies mc  (cost=0.00..51404.11 rows=2264934 width=0) (actual time=0.024..1006.575 rows=2261473 loops=1)
  Filter: (company_id < 88485)
  Rows Removed by Filter: 347656
Planning time: 5.086 ms
Execution time: 1294.976 ms
