Seq Scan on cast_info ci  (cost=0.00..796071.18 rows=2188448 width=0) (actual time=0.017..12609.992 rows=3823519 loops=1)
  Filter: ((person_id > 1913129) AND (role_id > 9))
  Rows Removed by Filter: 32420825
Planning time: 0.295 ms
Execution time: 12946.324 ms
