Hash Join  (cost=101956.43..467327.01 rows=71463 width=0) (actual time=1826.628..9505.074 rows=205971 loops=1)
  Hash Cond: (mi.movie_id = t.id)
  ->  Seq Scan on movie_info mi  (cost=0.00..309384.22 rows=14739122 width=4) (actual time=0.017..4113.856 rows=14835720 loops=1)
  ->  Hash  (cost=101803.18..101803.18 rows=12260 width=8) (actual time=1826.486..1826.486 rows=19432 loops=1)
        Buckets: 32768 (originally 16384)  Batches: 1 (originally 1)  Memory Usage: 1016kB
        ->  Hash Join  (cost=74766.48..101803.18 rows=12260 width=8) (actual time=1153.425..1818.416 rows=19432 loops=1)
              Hash Cond: (mi_idx.movie_id = t.id)
              ->  Seq Scan on movie_info_idx mi_idx  (cost=0.00..25185.44 rows=460978 width=4) (actual time=0.013..465.438 rows=459925 loops=1)
                    Filter: (info_type_id < 100)
                    Rows Removed by Filter: 920110
              ->  Hash  (cost=73925.90..73925.90 rows=67246 width=4) (actual time=1152.678..1152.678 rows=94334 loops=1)
                    Buckets: 131072 (originally 131072)  Batches: 2 (originally 1)  Memory Usage: 3073kB
                    ->  Seq Scan on title t  (cost=0.00..73925.90 rows=67246 width=4) (actual time=638.578..1111.630 rows=94334 loops=1)
                          Filter: ((production_year > 1998) AND (kind_id = 4))
                          Rows Removed by Filter: 2433978
Planning time: 1.637 ms
Execution time: 9536.548 ms
