Hash Join  (cost=77621.40..145841.50 rows=113979 width=0) (actual time=1587.228..3202.290 rows=406057 loops=1)
  Hash Cond: (mc.movie_id = t.id)
  ->  Seq Scan on movie_companies mc  (cost=0.00..51404.11 rows=1279517 width=4) (actual time=312.644..1130.834 rows=1274246 loops=1)
        Filter: (company_type_id < 2)
        Rows Removed by Filter: 1334883
  ->  Hash  (cost=73925.90..73925.90 rows=225240 width=4) (actual time=1273.621..1273.621 rows=358146 loops=1)
        Buckets: 131072 (originally 131072)  Batches: 8 (originally 4)  Memory Usage: 3073kB
        ->  Seq Scan on title t  (cost=0.00..73925.90 rows=225240 width=4) (actual time=0.035..1141.795 rows=358146 loops=1)
              Filter: ((kind_id < 3) AND (production_year < 1993))
              Rows Removed by Filter: 2170166
Planning time: 0.746 ms
Execution time: 3248.446 ms
