Hash Join  (cost=83072.93..824085.78 rows=8 width=0) (actual time=1733.500..15748.088 rows=711 loops=1)
  Hash Cond: (ci.movie_id = t.id)
  ->  Seq Scan on cast_info ci  (cost=0.00..705507.15 rows=9468168 width=4) (actual time=506.607..13292.739 rows=9384703 loops=1)
        Filter: (role_id > 4)
        Rows Removed by Filter: 26859641
  ->  Hash  (cost=83072.90..83072.90 rows=2 width=8) (actual time=1182.084..1182.084 rows=27 loops=1)
        Buckets: 1024  Batches: 1  Memory Usage: 10kB
        ->  Nested Loop  (cost=0.43..83072.90 rows=2 width=8) (actual time=25.333..1182.007 rows=27 loops=1)
              ->  Seq Scan on movie_keyword mk  (cost=0.00..81003.12 rows=246 width=4) (actual time=0.088..1159.402 rows=867 loops=1)
                    Filter: (keyword_id = 3065)
                    Rows Removed by Filter: 4523063
              ->  Index Scan using title_pkey on title t  (cost=0.43..8.40 rows=1 width=4) (actual time=0.025..0.025 rows=0 loops=867)
                    Index Cond: (id = mk.movie_id)
                    Filter: ((kind_id = 1) AND (production_year = 2004))
                    Rows Removed by Filter: 1
Planning time: 1.213 ms
Execution time: 15748.712 ms
