Hash Join  (cost=96144.17..905563.02 rows=48668 width=0) (actual time=1834.974..17518.873 rows=104463 loops=1)
  Hash Cond: (ci.movie_id = t.id)
  ->  Seq Scan on cast_info ci  (cost=0.00..796071.18 rows=3429598 width=4) (actual time=0.014..14814.706 rows=4033654 loops=1)
        Filter: ((person_id > 715979) AND (role_id = 10))
        Rows Removed by Filter: 32210690
  ->  Hash  (cost=95695.65..95695.65 rows=35881 width=8) (actual time=1834.108..1834.108 rows=14808 loops=1)
        Buckets: 65536  Batches: 1  Memory Usage: 1091kB
        ->  Hash Join  (cost=68426.36..95695.65 rows=35881 width=8) (actual time=1154.716..1828.551 rows=14808 loops=1)
              Hash Cond: (mi_idx.movie_id = t.id)
              ->  Seq Scan on movie_info_idx mi_idx  (cost=0.00..21735.35 rows=1380035 width=4) (actual time=0.125..316.038 rows=1380035 loops=1)
              ->  Hash  (cost=67604.59..67604.59 rows=65742 width=4) (actual time=1153.325..1153.325 rows=63827 loops=1)
                    Buckets: 131072  Batches: 1  Memory Usage: 3268kB
                    ->  Seq Scan on title t  (cost=0.00..67604.59 rows=65742 width=4) (actual time=0.023..1126.780 rows=63827 loops=1)
                          Filter: (production_year = 2013)
                          Rows Removed by Filter: 2464485
Planning time: 1.205 ms
Execution time: 17533.667 ms
