Seq Scan on cast_info ci  (cost=0.00..705507.15 rows=20867934 width=0) (actual time=0.019..12543.540 rows=20998518 loops=1)
  Filter: (person_id > 1501418)
  Rows Removed by Filter: 15245826
Planning time: 0.241 ms
Execution time: 15130.057 ms
