Hash Join  (cost=83074.74..442900.14 rows=353 width=0) (actual time=1793.702..6928.765 rows=567 loops=1)
  Hash Cond: (mi.movie_id = t.id)
  ->  Seq Scan on movie_info mi  (cost=0.00..346232.03 rows=3623957 width=4) (actual time=620.889..5239.196 rows=3624977 loops=1)
        Filter: (info_type_id < 4)
        Rows Removed by Filter: 11210743
  ->  Hash  (cost=83071.67..83071.67 rows=246 width=8) (actual time=1169.910..1169.910 rows=144 loops=1)
        Buckets: 1024  Batches: 1  Memory Usage: 14kB
        ->  Nested Loop  (cost=0.43..83071.67 rows=246 width=8) (actual time=1.129..1169.676 rows=144 loops=1)
              ->  Seq Scan on movie_keyword mk  (cost=0.00..81003.12 rows=246 width=4) (actual time=1.052..1155.031 rows=144 loops=1)
                    Filter: (keyword_id = 9527)
                    Rows Removed by Filter: 4523786
              ->  Index Only Scan using title_pkey on title t  (cost=0.43..8.40 rows=1 width=4) (actual time=0.098..0.098 rows=1 loops=144)
                    Index Cond: (id = mk.movie_id)
                    Heap Fetches: 144
Planning time: 1.173 ms
Execution time: 6929.077 ms
