Seq Scan on movie_companies mc  (cost=0.00..57926.93 rows=542418 width=0) (actual time=83.277..975.774 rows=259248 loops=1)
  Filter: ((company_id > 13792) AND (company_type_id = 1))
  Rows Removed by Filter: 2349881
Planning time: 0.460 ms
Execution time: 1008.658 ms
