Seq Scan on movie_keyword mk  (cost=0.00..81003.12 rows=846706 width=0) (actual time=0.020..1331.944 rows=853433 loops=1)
  Filter: (keyword_id > 21537)
  Rows Removed by Filter: 3670497
Planning time: 4.610 ms
Execution time: 1438.759 ms
