Hash Join  (cost=156649.15..248268.64 rows=120726 width=0) (actual time=3665.544..5488.703 rows=449855 loops=1)
  Hash Cond: (mk.movie_id = t.id)
  ->  Seq Scan on movie_keyword mk  (cost=0.00..81003.12 rows=656562 width=4) (actual time=0.015..1343.735 rows=655932 loops=1)
        Filter: (keyword_id < 508)
        Rows Removed by Filter: 3867998
  ->  Hash  (cost=149020.47..149020.47 rows=464934 width=8) (actual time=3664.651..3664.651 rows=460185 loops=1)
        Buckets: 131072  Batches: 8  Memory Usage: 3286kB
        ->  Hash Join  (cost=102767.86..149020.47 rows=464934 width=8) (actual time=2252.347..3530.275 rows=460185 loops=1)
              Hash Cond: (mi_idx.movie_id = t.id)
              ->  Seq Scan on movie_info_idx mi_idx  (cost=0.00..25185.44 rows=464934 width=4) (actual time=0.025..502.882 rows=460185 loops=1)
                    Filter: (info_type_id > 100)
                    Rows Removed by Filter: 919850
              ->  Hash  (cost=61283.27..61283.27 rows=2528527 width=4) (actual time=2250.693..2250.693 rows=2528312 loops=1)
                    Buckets: 131072  Batches: 64  Memory Usage: 2415kB
                    ->  Seq Scan on title t  (cost=0.00..61283.27 rows=2528527 width=4) (actual time=0.027..1112.304 rows=2528312 loops=1)
Planning time: 1.669 ms
Execution time: 5539.328 ms
