Seq Scan on movie_companies mc  (cost=0.00..51404.11 rows=618698 width=40) (actual time=110.009..965.835 rows=622422 loops=1)
  Filter: (company_id > 61606)
  Rows Removed by Filter: 1986707
Planning time: 0.392 ms
Execution time: 1001.792 ms
