Hash Join  (cost=28267.96..392925.41 rows=150 width=0) (actual time=402.836..7944.834 rows=44531 loops=1)
  Hash Cond: (mi.movie_id = t.id)
  ->  Seq Scan on movie_info mi  (cost=0.00..309384.22 rows=14739122 width=4) (actual time=0.019..4749.830 rows=14835720 loops=1)
  ->  Hash  (cost=28267.64..28267.64 rows=26 width=8) (actual time=401.616..401.616 rows=137 loops=1)
        Buckets: 1024  Batches: 1  Memory Usage: 14kB
        ->  Nested Loop  (cost=0.43..28267.64 rows=26 width=8) (actual time=356.513..401.534 rows=137 loops=1)
              ->  Seq Scan on movie_info_idx mi_idx  (cost=0.00..25185.44 rows=368 width=4) (actual time=356.404..395.794 rows=260 loops=1)
                    Filter: (info_type_id > 101)
                    Rows Removed by Filter: 1379775
              ->  Index Scan using title_pkey on title t  (cost=0.43..8.37 rows=1 width=4) (actual time=0.021..0.022 rows=1 loops=260)
                    Index Cond: (id = mi_idx.movie_id)
                    Filter: ((production_year < 1989) AND (kind_id = 1))
                    Rows Removed by Filter: 0
Planning time: 9.166 ms
Execution time: 7951.326 ms
