Hash Join  (cost=709673.31..796331.58 rows=23 width=0) (actual time=10777.667..12380.294 rows=8 loops=1)
  Hash Cond: (mk.movie_id = t.id)
  ->  Seq Scan on movie_keyword mk  (cost=0.00..69693.30 rows=4523930 width=4) (actual time=0.018..1008.867 rows=4523930 loops=1)
  ->  Hash  (cost=709673.15..709673.15 rows=13 width=8) (actual time=10608.271..10608.271 rows=2 loops=1)
        Buckets: 1024  Batches: 1  Memory Usage: 9kB
        ->  Nested Loop  (cost=0.43..709673.15 rows=13 width=8) (actual time=5982.713..10608.226 rows=2 loops=1)
              ->  Seq Scan on cast_info ci  (cost=0.00..705507.15 rows=500 width=4) (actual time=5980.936..10601.953 rows=275 loops=1)
                    Filter: (person_id = 2587335)
                    Rows Removed by Filter: 36244069
              ->  Index Scan using title_pkey on title t  (cost=0.43..8.32 rows=1 width=4) (actual time=0.022..0.022 rows=0 loops=275)
                    Index Cond: (id = ci.movie_id)
                    Filter: (production_year > 2012)
                    Rows Removed by Filter: 1
Planning time: 1.140 ms
Execution time: 12380.418 ms
