Hash Join  (cost=444137.16..571127.69 rows=409450 width=0) (actual time=8063.291..12464.147 rows=4086088 loops=1)
  Hash Cond: (mk.movie_id = t.id)
  ->  Seq Scan on movie_keyword mk  (cost=0.00..69693.30 rows=4523930 width=4) (actual time=0.015..1437.511 rows=4523930 loops=1)
  ->  Hash  (cost=440382.52..440382.52 rows=228851 width=8) (actual time=8062.484..8062.484 rows=866160 loops=1)
        Buckets: 131072 (originally 131072)  Batches: 8 (originally 4)  Memory Usage: 5242kB
        ->  Hash Join  (cost=74698.31..440382.52 rows=228851 width=8) (actual time=1988.292..7789.266 rows=866160 loops=1)
              Hash Cond: (mi.movie_id = t.id)
              ->  Seq Scan on movie_info mi  (cost=0.00..346232.03 rows=1338312 width=4) (actual time=706.789..5528.287 rows=1401902 loops=1)
                    Filter: (info_type_id = 7)
                    Rows Removed by Filter: 13433818
              ->  Hash  (cost=67604.59..67604.59 rows=432378 width=4) (actual time=1280.505..1280.505 rows=423779 loops=1)
                    Buckets: 131072  Batches: 8  Memory Usage: 2891kB
                    ->  Seq Scan on title t  (cost=0.00..67604.59 rows=432378 width=4) (actual time=0.018..1135.742 rows=423779 loops=1)
                          Filter: (production_year < 1974)
                          Rows Removed by Filter: 2104533
Planning time: 0.781 ms
Execution time: 12968.582 ms
