Hash Join  (cost=246240.46..410986.86 rows=2921104 width=0) (actual time=6322.575..15480.515 rows=24541378 loops=1)
  Hash Cond: (mk.movie_id = t.id)
  ->  Seq Scan on movie_keyword mk  (cost=0.00..81003.12 rows=3636848 width=4) (actual time=0.016..1784.332 rows=3630606 loops=1)
        Filter: (keyword_id < 20630)
        Rows Removed by Filter: 893324
  ->  Hash  (cost=212920.16..212920.16 rows=2030904 width=8) (actual time=6321.633..6321.633 rows=2025906 loops=1)
        Buckets: 131072  Batches: 32  Memory Usage: 3539kB
        ->  Hash Join  (cost=102767.86..212920.16 rows=2030904 width=8) (actual time=2466.250..5696.075 rows=2025906 loops=1)
              Hash Cond: (mc.movie_id = t.id)
              ->  Seq Scan on movie_companies mc  (cost=0.00..51404.11 rows=2030904 width=4) (actual time=0.021..1100.877 rows=2025906 loops=1)
                    Filter: (company_id < 71001)
                    Rows Removed by Filter: 583223
              ->  Hash  (cost=61283.27..61283.27 rows=2528527 width=4) (actual time=2464.228..2464.228 rows=2528312 loops=1)
                    Buckets: 131072  Batches: 64  Memory Usage: 2415kB
                    ->  Seq Scan on title t  (cost=0.00..61283.27 rows=2528527 width=4) (actual time=0.020..1303.378 rows=2528312 loops=1)
Planning time: 1.228 ms
Execution time: 18237.083 ms
