Hash Join  (cost=149798.67..254768.78 rows=117602 width=0) (actual time=3282.873..6113.533 rows=1244923 loops=1)
  Hash Cond: (mk.movie_id = t.id)
  ->  Seq Scan on movie_keyword mk  (cost=0.00..81003.12 rows=1918659 width=4) (actual time=0.025..1666.430 rows=1929306 loops=1)
        Filter: (keyword_id > 6929)
        Rows Removed by Filter: 2594624
  ->  Hash  (cost=147255.38..147255.38 rows=154983 width=8) (actual time=3281.896..3281.896 rows=322071 loops=1)
        Buckets: 131072 (originally 131072)  Batches: 8 (originally 4)  Memory Usage: 3073kB
        ->  Hash Join  (cost=70069.02..147255.38 rows=154983 width=8) (actual time=1175.609..3183.564 rows=322071 loops=1)
              Hash Cond: (mc.movie_id = t.id)
              ->  Seq Scan on movie_companies mc  (cost=0.00..44881.29 rows=2609129 width=4) (actual time=0.025..973.588 rows=2609129 loops=1)
              ->  Hash  (cost=67604.59..67604.59 rows=150195 width=4) (actual time=1174.917..1174.917 rows=153241 loops=1)
                    Buckets: 131072  Batches: 2  Memory Usage: 3716kB
                    ->  Seq Scan on title t  (cost=0.00..67604.59 rows=150195 width=4) (actual time=0.013..1122.011 rows=153241 loops=1)
                          Filter: (production_year < 1946)
                          Rows Removed by Filter: 2375071
Planning time: 10.084 ms
Execution time: 6270.367 ms
