Hash Join  (cost=139609.47..1016124.04 rows=2214172 width=0) (actual time=6251.116..26272.635 rows=7789212 loops=1)
  Hash Cond: (ci.movie_id = t.id)
  ->  Seq Scan on cast_info ci  (cost=0.00..705507.15 rows=12726058 width=4) (actual time=3161.566..14482.350 rows=12670688 loops=1)
        Filter: (role_id = 1)
        Rows Removed by Filter: 23573656
  ->  Hash  (cost=132391.33..132391.33 rows=439931 width=8) (actual time=3088.566..3088.566 rows=765550 loops=1)
        Buckets: 131072 (originally 131072)  Batches: 16 (originally 8)  Memory Usage: 3073kB
        ->  Hash Join  (cost=87150.54..132391.33 rows=439931 width=8) (actual time=1467.178..2861.563 rows=765550 loops=1)
              Hash Cond: (mi_idx.movie_id = t.id)
              ->  Seq Scan on movie_info_idx mi_idx  (cost=0.00..21735.35 rows=1380035 width=4) (actual time=0.026..432.307 rows=1380035 loops=1)
              ->  Hash  (cost=73925.90..73925.90 rows=806051 width=4) (actual time=1465.974..1465.974 rows=719730 loops=1)
                    Buckets: 131072  Batches: 16  Memory Usage: 2606kB
                    ->  Seq Scan on title t  (cost=0.00..73925.90 rows=806051 width=4) (actual time=0.025..1234.635 rows=719730 loops=1)
                          Filter: ((kind_id < 7) AND (production_year > 1971))
                          Rows Removed by Filter: 1808582
Planning time: 1.217 ms
Execution time: 27234.135 ms
