Hash Join  (cost=82436.85..215746.53 rows=928064 width=0) (actual time=1595.387..5199.284 rows=1803690 loops=1)
  Hash Cond: (mk.movie_id = t.id)
  ->  Seq Scan on movie_keyword mk  (cost=0.00..69693.30 rows=4523930 width=4) (actual time=0.024..1435.286 rows=4523930 loops=1)
  ->  Hash  (cost=73925.90..73925.90 rows=518716 width=4) (actual time=1488.105..1488.105 rows=390957 loops=1)
        Buckets: 131072  Batches: 8  Memory Usage: 2757kB
        ->  Seq Scan on title t  (cost=0.00..73925.90 rows=518716 width=4) (actual time=0.016..1357.739 rows=390957 loops=1)
              Filter: ((production_year > 1978) AND (kind_id = 1))
              Rows Removed by Filter: 2137355
Planning time: 0.767 ms
Execution time: 5407.537 ms
