Hash Join  (cost=73982.55..880049.28 rows=4755 width=0) (actual time=1977.475..12854.322 rows=1228 loops=1)
  Hash Cond: (ci.movie_id = t.id)
  ->  Seq Scan on cast_info ci  (cost=0.00..796071.18 rows=2652800 width=4) (actual time=799.371..10917.975 rows=5388857 loops=1)
        Filter: ((person_id < 723354) AND (role_id < 2))
        Rows Removed by Filter: 30855487
  ->  Hash  (cost=73925.90..73925.90 rows=4532 width=4) (actual time=1167.409..1167.409 rows=1196 loops=1)
        Buckets: 8192  Batches: 1  Memory Usage: 107kB
        ->  Seq Scan on title t  (cost=0.00..73925.90 rows=4532 width=4) (actual time=0.587..1166.504 rows=1196 loops=1)
              Filter: ((kind_id = 7) AND (production_year = 1949))
              Rows Removed by Filter: 2527116
Planning time: 0.840 ms
Execution time: 12854.819 ms
