Hash Join  (cost=154391.37..659067.67 rows=2330838 width=0) (actual time=3564.782..19964.293 rows=6682390 loops=1)
  Hash Cond: (mi.movie_id = t.id)
  ->  Seq Scan on movie_info mi  (cost=0.00..309384.22 rows=14739122 width=4) (actual time=0.011..6405.909 rows=14835720 loops=1)
  ->  Hash  (cost=147831.12..147831.12 rows=399860 width=8) (actual time=3563.699..3563.699 rows=436710 loops=1)
        Buckets: 131072  Batches: 8  Memory Usage: 3172kB
        ->  Hash Join  (cost=104131.46..147831.12 rows=399860 width=8) (actual time=2137.623..3431.440 rows=436710 loops=1)
              Hash Cond: (mi_idx.movie_id = t.id)
              ->  Seq Scan on movie_info_idx mi_idx  (cost=0.00..25185.44 rows=454124 width=4) (actual time=0.015..497.904 rows=459925 loops=1)
                    Filter: (info_type_id = 100)
                    Rows Removed by Filter: 920110
              ->  Hash  (cost=67604.59..67604.59 rows=2226390 width=4) (actual time=2136.443..2136.443 rows=2224569 loops=1)
                    Buckets: 131072  Batches: 32  Memory Usage: 3463kB
                    ->  Seq Scan on title t  (cost=0.00..67604.59 rows=2226390 width=4) (actual time=0.012..1415.731 rows=2224569 loops=1)
                          Filter: (production_year < 2012)
                          Rows Removed by Filter: 303743
Planning time: 1.907 ms
Execution time: 20822.148 ms
