Seq Scan on movie_companies mc  (cost=0.00..57926.93 rows=51 width=0) (actual time=27.443..804.391 rows=14 loops=1)
  Filter: ((company_id = 11773) AND (company_type_id = 1))
  Rows Removed by Filter: 2609115
Planning time: 1.932 ms
Execution time: 804.494 ms
