Seq Scan on movie_keyword mk  (cost=0.00..81003.12 rows=246 width=0) (actual time=1.015..1289.383 rows=3075 loops=1)
  Filter: (keyword_id = 309)
  Rows Removed by Filter: 4520855
Planning time: 0.244 ms
Execution time: 1290.242 ms
