Nested Loop  (cost=0.43..58375.18 rows=53 width=0) (actual time=61.686..376.231 rows=5 loops=1)
  ->  Seq Scan on movie_companies mc  (cost=0.00..57926.93 rows=53 width=4) (actual time=61.592..375.952 rows=5 loops=1)
        Filter: ((company_id = 576) AND (company_type_id = 2))
        Rows Removed by Filter: 2609124
  ->  Index Only Scan using title_pkey on title t  (cost=0.43..8.45 rows=1 width=4) (actual time=0.047..0.048 rows=1 loops=5)
        Index Cond: (id = mc.movie_id)
        Heap Fetches: 5
Planning time: 2.534 ms
Execution time: 376.298 ms
