Hash Join  (cost=84284.84..168316.18 rows=651481 width=0) (actual time=1516.151..4107.768 rows=1266192 loops=1)
  Hash Cond: (mc.movie_id = t.id)
  ->  Seq Scan on movie_companies mc  (cost=0.00..44881.29 rows=2609129 width=4) (actual time=0.012..928.897 rows=2609129 loops=1)
  ->  Hash  (cost=73925.90..73925.90 rows=631355 width=4) (actual time=1515.227..1515.227 rows=634290 loops=1)
        Buckets: 131072  Batches: 16  Memory Usage: 2416kB
        ->  Seq Scan on title t  (cost=0.00..73925.90 rows=631355 width=4) (actual time=455.756..1322.694 rows=634290 loops=1)
              Filter: ((production_year < 2013) AND (kind_id = 1))
              Rows Removed by Filter: 1894022
Planning time: 0.722 ms
Execution time: 4257.428 ms
