Hash Join  (cost=156487.41..290742.49 rows=700735 width=0) (actual time=3269.930..7349.273 rows=2997804 loops=1)
  Hash Cond: (mk.movie_id = t.id)
  ->  Seq Scan on movie_keyword mk  (cost=0.00..81003.12 rows=3843627 width=4) (actual time=0.015..1798.801 rows=3845355 loops=1)
        Filter: (keyword_id > 554)
        Rows Removed by Filter: 678575
  ->  Hash  (cost=148924.19..148924.19 rows=460978 width=8) (actual time=3268.974..3268.974 rows=459925 loops=1)
        Buckets: 131072  Batches: 8  Memory Usage: 3284kB
        ->  Hash Join  (cost=102767.86..148924.19 rows=460978 width=8) (actual time=1886.989..3138.674 rows=459925 loops=1)
              Hash Cond: (mi_idx.movie_id = t.id)
              ->  Seq Scan on movie_info_idx mi_idx  (cost=0.00..25185.44 rows=460978 width=4) (actual time=0.013..481.106 rows=459925 loops=1)
                    Filter: (info_type_id < 100)
                    Rows Removed by Filter: 920110
              ->  Hash  (cost=61283.27..61283.27 rows=2528527 width=4) (actual time=1886.120..1886.120 rows=2528312 loops=1)
                    Buckets: 131072  Batches: 64  Memory Usage: 2415kB
                    ->  Seq Scan on title t  (cost=0.00..61283.27 rows=2528527 width=4) (actual time=0.013..1055.068 rows=2528312 loops=1)
Planning time: 1.119 ms
Execution time: 7674.050 ms
