Hash Join  (cost=94973.51..983158.34 rows=2909334 width=0) (actual time=8839.853..21517.163 rows=4283848 loops=1)
  Hash Cond: (ci.movie_id = t.id)
  ->  Seq Scan on cast_info ci  (cost=0.00..796071.18 rows=4409862 width=4) (actual time=6962.011..14444.847 rows=6953835 loops=1)
        Filter: ((person_id > 1925134) AND (role_id > 4))
        Rows Removed by Filter: 29290509
  ->  Hash  (cost=67604.59..67604.59 rows=1668154 width=4) (actual time=1876.593..1876.593 rows=1674098 loops=1)
        Buckets: 131072  Batches: 32  Memory Usage: 2869kB
        ->  Seq Scan on title t  (cost=0.00..67604.59 rows=1668154 width=4) (actual time=0.043..1342.920 rows=1674098 loops=1)
              Filter: (kind_id > 3)
              Rows Removed by Filter: 854214
Planning time: 0.761 ms
Execution time: 22007.152 ms
