Hash Join  (cost=83810.17..1149534.07 rows=8999061 width=0) (actual time=1482.805..32692.541 rows=9534710 loops=1)
  Hash Cond: (ci.movie_id = t.id)
  ->  Seq Scan on cast_info ci  (cost=0.00..705507.15 rows=23037102 width=4) (actual time=0.018..15372.463 rows=22935249 loops=1)
        Filter: (person_id < 2341342)
        Rows Removed by Filter: 13309095
  ->  Hash  (cost=67604.59..67604.59 rows=987727 width=4) (actual time=1481.713..1481.713 rows=985048 loops=1)
        Buckets: 131072  Batches: 16  Memory Usage: 3188kB
        ->  Seq Scan on title t  (cost=0.00..67604.59 rows=987727 width=4) (actual time=0.006..1182.535 rows=985048 loops=1)
              Filter: (kind_id < 7)
              Rows Removed by Filter: 1543264
Planning time: 0.876 ms
Execution time: 33779.017 ms
