Hash Join  (cost=92735.26..253781.33 rows=2740512 width=0) (actual time=1820.584..6192.047 rows=2269483 loops=1)
  Hash Cond: (mk.movie_id = t.id)
  ->  Seq Scan on movie_keyword mk  (cost=0.00..69693.30 rows=4523930 width=4) (actual time=0.024..1383.578 rows=4523930 loops=1)
  ->  Hash  (cost=67604.59..67604.59 rows=1531734 width=4) (actual time=1819.290..1819.290 rows=1531613 loops=1)
        Buckets: 131072  Batches: 32  Memory Usage: 2716kB
        ->  Seq Scan on title t  (cost=0.00..67604.59 rows=1531734 width=4) (actual time=0.021..1312.606 rows=1531613 loops=1)
              Filter: (production_year > 1997)
              Rows Removed by Filter: 996699
Planning time: 0.856 ms
Execution time: 6444.448 ms
