Hash Join  (cost=52284.46..793298.79 rows=154 width=0) (actual time=734.697..15635.491 rows=114 loops=1)
  Hash Cond: (ci.movie_id = t.id)
  ->  Seq Scan on cast_info ci  (cost=0.00..705507.15 rows=9468168 width=4) (actual time=0.022..13622.748 rows=9384703 loops=1)
        Filter: (role_id > 4)
        Rows Removed by Filter: 26859641
  ->  Hash  (cost=52283.95..52283.95 rows=41 width=8) (actual time=729.507..729.507 rows=12 loops=1)
        Buckets: 1024  Batches: 1  Memory Usage: 9kB
        ->  Nested Loop  (cost=0.43..52283.95 rows=41 width=8) (actual time=43.554..729.485 rows=12 loops=1)
              ->  Seq Scan on movie_companies mc  (cost=0.00..51404.11 rows=104 width=4) (actual time=43.486..728.953 rows=12 loops=1)
                    Filter: (company_id = 3210)
                    Rows Removed by Filter: 2609117
              ->  Index Scan using title_pkey on title t  (cost=0.43..8.45 rows=1 width=4) (actual time=0.039..0.040 rows=1 loops=12)
                    Index Cond: (id = mc.movie_id)
                    Filter: (kind_id < 7)
Planning time: 1.125 ms
Execution time: 15635.735 ms
