Hash Join  (cost=232631.01..399368.94 rows=2717060 width=0) (actual time=5036.770..13189.013 rows=19897803 loops=1)
  Hash Cond: (mk.movie_id = t.id)
  ->  Seq Scan on movie_keyword mk  (cost=0.00..81003.12 rows=4054040 width=4) (actual time=0.014..1788.296 rows=4056664 loops=1)
        Filter: (keyword_id < 38130)
        Rows Removed by Filter: 467266
  ->  Hash  (cost=204827.95..204827.95 rows=1694645 width=8) (actual time=5035.567..5035.567 rows=1695182 loops=1)
        Buckets: 131072  Batches: 32  Memory Usage: 3147kB
        ->  Hash Join  (cost=102767.86..204827.95 rows=1694645 width=8) (actual time=1893.821..4603.179 rows=1695182 loops=1)
              Hash Cond: (mc.movie_id = t.id)
              ->  Seq Scan on movie_companies mc  (cost=0.00..51404.11 rows=1694645 width=4) (actual time=0.036..1046.006 rows=1695182 loops=1)
                    Filter: (company_id > 3098)
                    Rows Removed by Filter: 913947
              ->  Hash  (cost=61283.27..61283.27 rows=2528527 width=4) (actual time=1892.192..1892.192 rows=2528312 loops=1)
                    Buckets: 131072  Batches: 64  Memory Usage: 2415kB
                    ->  Seq Scan on title t  (cost=0.00..61283.27 rows=2528527 width=4) (actual time=0.020..1075.774 rows=2528312 loops=1)
Planning time: 1.152 ms
Execution time: 15331.736 ms
