Seq Scan on title t  (cost=0.00..73925.90 rows=4532 width=0) (actual time=125.198..1123.182 rows=8269 loops=1)
  Filter: ((kind_id = 7) AND (production_year = 1971))
  Rows Removed by Filter: 2520043
Planning time: 0.445 ms
Execution time: 1125.134 ms
