Hash Join  (cost=89240.26..1260414.72 rows=13372430 width=0) (actual time=1685.835..37734.945 rows=15131167 loops=1)
  Hash Cond: (ci.movie_id = t.id)
  ->  Seq Scan on cast_info ci  (cost=0.00..614943.12 rows=36225612 width=4) (actual time=0.016..13485.617 rows=36244344 loops=1)
  ->  Hash  (cost=73925.90..73925.90 rows=933388 width=4) (actual time=1684.765..1684.765 rows=1024206 loops=1)
        Buckets: 131072  Batches: 16  Memory Usage: 3285kB
        ->  Seq Scan on title t  (cost=0.00..73925.90 rows=933388 width=4) (actual time=0.019..1368.479 rows=1024206 loops=1)
              Filter: ((production_year > 1997) AND (kind_id = 7))
              Rows Removed by Filter: 1504106
Planning time: 0.822 ms
Execution time: 39449.900 ms
