Seq Scan on cast_info ci  (cost=0.00..705507.15 rows=12006517 width=0) (actual time=47.932..12055.849 rows=11920882 loops=1)
  Filter: (person_id < 1172383)
  Rows Removed by Filter: 24323462
Planning time: 0.343 ms
Execution time: 13532.322 ms
