Seq Scan on cast_info ci  (cost=0.00..705507.15 rows=500 width=0) (actual time=6803.721..11143.247 rows=336 loops=1)
  Filter: (person_id = 2053698)
  Rows Removed by Filter: 36244008
Planning time: 0.376 ms
Execution time: 11143.377 ms
