Hash Join  (cost=65412.54..430082.45 rows=1399 width=0) (actual time=993.882..8209.793 rows=5060 loops=1)
  Hash Cond: (mi.movie_id = t.id)
  ->  Seq Scan on movie_info mi  (cost=0.00..309384.22 rows=14739122 width=4) (actual time=0.021..4447.746 rows=14835720 loops=1)
  ->  Hash  (cost=65409.54..65409.54 rows=240 width=8) (actual time=993.749..993.749 rows=499 loops=1)
        Buckets: 1024  Batches: 1  Memory Usage: 28kB
        ->  Nested Loop  (cost=0.43..65409.54 rows=240 width=8) (actual time=0.118..993.444 rows=499 loops=1)
              ->  Seq Scan on movie_companies mc  (cost=0.00..57926.93 rows=910 width=4) (actual time=0.086..856.896 rows=3969 loops=1)
                    Filter: ((company_id < 6) AND (company_type_id = 1))
                    Rows Removed by Filter: 2605160
              ->  Index Scan using title_pkey on title t  (cost=0.43..8.21 rows=1 width=4) (actual time=0.034..0.034 rows=0 loops=3969)
                    Index Cond: (id = mc.movie_id)
                    Filter: (kind_id = 1)
                    Rows Removed by Filter: 1
Planning time: 1.208 ms
Execution time: 8211.354 ms
