Hash Join  (cost=86241.46..1158572.14 rows=10140009 width=0) (actual time=1915.580..33429.720 rows=8885060 loops=1)
  Hash Cond: (ci.movie_id = t.id)
  ->  Seq Scan on cast_info ci  (cost=0.00..705507.15 rows=22571583 width=4) (actual time=0.015..14837.872 rows=22622107 loops=1)
        Filter: (person_id > 1341107)
        Rows Removed by Filter: 13622237
  ->  Hash  (cost=67604.59..67604.59 rows=1135910 width=4) (actual time=1914.521..1914.521 rows=1133355 loops=1)
        Buckets: 131072  Batches: 16  Memory Usage: 3516kB
        ->  Seq Scan on title t  (cost=0.00..67604.59 rows=1135910 width=4) (actual time=0.019..1250.996 rows=1133355 loops=1)
              Filter: (production_year < 2002)
              Rows Removed by Filter: 1394957
Planning time: 0.734 ms
Execution time: 34502.733 ms
