Hash Join  (cost=239340.15..853282.54 rows=10844456 width=0) (actual time=5772.160..31036.772 rows=55601770 loops=1)
  Hash Cond: (mi.movie_id = t.id)
  ->  Seq Scan on movie_info mi  (cost=0.00..309384.22 rows=14739122 width=4) (actual time=0.013..5990.900 rows=14835720 loops=1)
  ->  Hash  (cost=208817.29..208817.29 rows=1860389 width=8) (actual time=5771.014..5771.014 rows=1855833 loops=1)
        Buckets: 131072  Batches: 32  Memory Usage: 3330kB
        ->  Hash Join  (cost=102767.86..208817.29 rows=1860389 width=8) (actual time=1979.694..5290.202 rows=1855833 loops=1)
              Hash Cond: (mc.movie_id = t.id)
              ->  Seq Scan on movie_companies mc  (cost=0.00..51404.11 rows=1860389 width=4) (actual time=0.016..1142.332 rows=1855833 loops=1)
                    Filter: (company_id < 36477)
                    Rows Removed by Filter: 753296
              ->  Hash  (cost=61283.27..61283.27 rows=2528527 width=4) (actual time=1978.907..1978.907 rows=2528312 loops=1)
                    Buckets: 131072  Batches: 64  Memory Usage: 2415kB
                    ->  Seq Scan on title t  (cost=0.00..61283.27 rows=2528527 width=4) (actual time=0.020..1128.651 rows=2528312 loops=1)
Planning time: 4.779 ms
Execution time: 36620.851 ms
