Hash Join  (cost=79310.28..159028.32 rows=338652 width=0) (actual time=1463.151..3386.732 rows=217621 loops=1)
  Hash Cond: (mc.movie_id = t.id)
  ->  Seq Scan on movie_companies mc  (cost=0.00..44881.29 rows=2609129 width=4) (actual time=0.009..909.108 rows=2609129 loops=1)
  ->  Hash  (cost=73925.90..73925.90 rows=328190 width=4) (actual time=1241.974..1241.974 rows=217611 loops=1)
        Buckets: 131072  Batches: 8  Memory Usage: 1969kB
        ->  Seq Scan on title t  (cost=0.00..73925.90 rows=328190 width=4) (actual time=196.472..1169.690 rows=217611 loops=1)
              Filter: ((production_year < 1982) AND (kind_id = 7))
              Rows Removed by Filter: 2310701
Planning time: 0.759 ms
Execution time: 3413.336 ms
