Hash Join  (cost=152272.01..519786.25 rows=285832 width=0) (actual time=2919.923..12262.058 rows=2807606 loops=1)
  Hash Cond: (mi.movie_id = t.id)
  ->  Seq Scan on movie_info mi  (cost=0.00..309384.22 rows=14739122 width=4) (actual time=0.010..4451.706 rows=14835720 loops=1)
  ->  Hash  (cost=151659.07..151659.07 rows=49035 width=8) (actual time=2919.558..2919.558 rows=69854 loops=1)
        Buckets: 131072 (originally 65536)  Batches: 1 (originally 1)  Memory Usage: 3753kB
        ->  Hash Join  (cost=88195.18..151659.07 rows=49035 width=8) (actual time=1681.643..2893.912 rows=69854 loops=1)
              Hash Cond: (mc.movie_id = t.id)
              ->  Seq Scan on movie_companies mc  (cost=0.00..57926.93 rows=142561 width=4) (actual time=0.022..940.335 rows=220009 loops=1)
                    Filter: ((company_id < 159) AND (company_type_id < 2))
                    Rows Removed by Filter: 2389120
              ->  Hash  (cost=73925.90..73925.90 rows=869702 width=4) (actual time=1680.884..1680.884 rows=896788 loops=1)
                    Buckets: 131072  Batches: 16  Memory Usage: 2998kB
                    ->  Seq Scan on title t  (cost=0.00..73925.90 rows=869702 width=4) (actual time=0.022..1399.017 rows=896788 loops=1)
                          Filter: ((kind_id < 7) AND (production_year < 2012))
                          Rows Removed by Filter: 1631524
Planning time: 0.770 ms
Execution time: 12645.219 ms
