Hash Join  (cost=78171.87..137398.15 rows=55387 width=0) (actual time=1145.573..2288.970 rows=33080 loops=1)
  Hash Cond: (mc.movie_id = t.id)
  ->  Seq Scan on movie_companies mc  (cost=0.00..51404.11 rows=541147 width=4) (actual time=0.023..858.977 rows=540279 loops=1)
        Filter: (company_id < 531)
        Rows Removed by Filter: 2068850
  ->  Hash  (cost=73925.90..73925.90 rows=258797 width=4) (actual time=1144.422..1144.422 rows=227847 loops=1)
        Buckets: 131072  Batches: 4  Memory Usage: 3032kB
        ->  Seq Scan on title t  (cost=0.00..73925.90 rows=258797 width=4) (actual time=0.008..1067.507 rows=227847 loops=1)
              Filter: ((kind_id < 7) AND (production_year > 2008))
              Rows Removed by Filter: 2300465
Planning time: 0.775 ms
Execution time: 2293.317 ms
