Hash Join  (cost=1024106.24..1621684.80 rows=5857492 width=0) (actual time=19071.734..32030.698 rows=2000754 loops=1)
  Hash Cond: (mi.movie_id = t.id)
  ->  Seq Scan on movie_info mi  (cost=0.00..309384.22 rows=14739122 width=4) (actual time=0.018..5806.465 rows=14835720 loops=1)
  ->  Hash  (cost=1007619.43..1007619.43 rows=1004865 width=8) (actual time=19013.590..19013.590 rows=564930 loops=1)
        Buckets: 131072  Batches: 16  Memory Usage: 2428kB
        ->  Hash Join  (cost=77854.63..1007619.43 rows=1004865 width=8) (actual time=1136.041..18810.388 rows=564930 loops=1)
              Hash Cond: (ci.movie_id = t.id)
              ->  Seq Scan on cast_info ci  (cost=0.00..796071.18 rows=10612525 width=4) (actual time=0.018..14852.349 rows=5662340 loops=1)
                    Filter: ((person_id < 2421413) AND (role_id > 2))
                    Rows Removed by Filter: 30582004
              ->  Hash  (cost=73925.90..73925.90 rows=239418 width=4) (actual time=1135.110..1135.110 rows=256906 loops=1)
                    Buckets: 131072  Batches: 4  Memory Usage: 3296kB
                    ->  Seq Scan on title t  (cost=0.00..73925.90 rows=239418 width=4) (actual time=0.022..1050.488 rows=256906 loops=1)
                          Filter: ((production_year > 2010) AND (kind_id = 7))
                          Rows Removed by Filter: 2271406
Planning time: 1.322 ms
Execution time: 32239.522 ms
