Hash Join  (cost=161836.10..1086796.33 rows=2674332 width=0) (actual time=10675.941..20070.182 rows=2499468 loops=1)
  Hash Cond: (ci.movie_id = t.id)
  ->  Seq Scan on cast_info ci  (cost=0.00..796071.18 rows=8567397 width=4) (actual time=7011.048..13572.339 rows=4240892 loops=1)
        Filter: ((person_id < 2627304) AND (role_id > 3))
        Rows Removed by Filter: 32003452
  ->  Hash  (cost=148886.04..148886.04 rows=789285 width=8) (actual time=3663.399..3663.399 rows=570201 loops=1)
        Buckets: 131072  Batches: 16  Memory Usage: 2428kB
        ->  Hash Join  (cost=97651.71..148886.04 rows=789285 width=8) (actual time=1918.223..3500.064 rows=570201 loops=1)
              Hash Cond: (mi_idx.movie_id = t.id)
              ->  Seq Scan on movie_info_idx mi_idx  (cost=0.00..21735.35 rows=1380035 width=4) (actual time=0.023..518.919 rows=1380035 loops=1)
              ->  Hash  (cost=73925.90..73925.90 rows=1446144 width=4) (actual time=1917.293..1917.293 rows=1429781 loops=1)
                    Buckets: 131072  Batches: 32  Memory Usage: 2594kB
                    ->  Seq Scan on title t  (cost=0.00..73925.90 rows=1446144 width=4) (actual time=0.023..1416.044 rows=1429781 loops=1)
                          Filter: ((kind_id > 2) AND (production_year < 2011))
                          Rows Removed by Filter: 1098531
Planning time: 1.203 ms
Execution time: 20371.867 ms
