Hash Join  (cost=67697.55..862019.21 rows=69118 width=0) (actual time=1066.642..18894.473 rows=15989 loops=1)
  Hash Cond: (ci.movie_id = t.id)
  ->  Seq Scan on cast_info ci  (cost=0.00..705507.15 rows=23499554 width=4) (actual time=0.025..14038.804 rows=23573656 loops=1)
        Filter: (role_id > 1)
        Rows Removed by Filter: 12670688
  ->  Hash  (cost=67604.59..67604.59 rows=7437 width=4) (actual time=1066.317..1066.317 rows=3613 loops=1)
        Buckets: 8192  Batches: 1  Memory Usage: 192kB
        ->  Seq Scan on title t  (cost=0.00..67604.59 rows=7437 width=4) (actual time=0.064..1064.532 rows=3613 loops=1)
              Filter: (production_year = 1919)
              Rows Removed by Filter: 2524699
Planning time: 0.783 ms
Execution time: 18898.256 ms
