Nested Loop  (cost=0.43..52283.69 rows=104 width=0) (actual time=118.119..919.107 rows=18 loops=1)
  ->  Seq Scan on movie_companies mc  (cost=0.00..51404.11 rows=104 width=4) (actual time=118.012..918.381 rows=18 loops=1)
        Filter: (company_id = 25324)
        Rows Removed by Filter: 2609111
  ->  Index Only Scan using title_pkey on title t  (cost=0.43..8.45 rows=1 width=4) (actual time=0.035..0.035 rows=1 loops=18)
        Index Cond: (id = mc.movie_id)
        Heap Fetches: 18
Planning time: 0.559 ms
Execution time: 919.168 ms
