Seq Scan on movie_keyword mk  (cost=0.00..81003.12 rows=246 width=0) (actual time=1.471..1295.153 rows=68 loops=1)
  Filter: (keyword_id = 44093)
  Rows Removed by Filter: 4523862
Planning time: 0.391 ms
Execution time: 1295.303 ms
