Hash Join  (cost=77854.63..444413.11 rows=146771 width=0) (actual time=3155.183..7197.608 rows=797 loops=1)
  Hash Cond: (mi.movie_id = t.id)
  ->  Seq Scan on movie_info mi  (cost=0.00..346232.03 rows=1550064 width=4) (actual time=1966.678..5360.863 rows=1533909 loops=1)
        Filter: (info_type_id = 3)
        Rows Removed by Filter: 13301811
  ->  Hash  (cost=73925.90..73925.90 rows=239418 width=4) (actual time=1186.863..1186.863 rows=256906 loops=1)
        Buckets: 131072  Batches: 4  Memory Usage: 3302kB
        ->  Seq Scan on title t  (cost=0.00..73925.90 rows=239418 width=4) (actual time=0.033..1098.140 rows=256906 loops=1)
              Filter: ((production_year > 2010) AND (kind_id = 7))
              Rows Removed by Filter: 2271406
Planning time: 0.805 ms
Execution time: 7197.820 ms
