Seq Scan on movie_keyword mk  (cost=0.00..81003.12 rows=3307306 width=0) (actual time=0.025..1508.579 rows=3300549 loops=1)
  Filter: (keyword_id > 1546)
  Rows Removed by Filter: 1223381
Planning time: 0.335 ms
Execution time: 1932.084 ms
