Seq Scan on movie_companies mc  (cost=0.00..51404.11 rows=104 width=0) (actual time=1.586..764.992 rows=256 loops=1)
  Filter: (company_id = 2203)
  Rows Removed by Filter: 2608873
Planning time: 0.408 ms
Execution time: 765.164 ms
