Hash Join  (cost=190230.21..1071507.44 rows=2559392 width=0) (actual time=5927.458..18690.925 rows=2564720 loops=1)
  Hash Cond: (ci.movie_id = t.id)
  ->  Seq Scan on cast_info ci  (cost=0.00..796071.18 rows=4689368 width=4) (actual time=1290.246..12067.480 rows=2007734 loops=1)
        Filter: ((person_id < 693513) AND (role_id > 1))
        Rows Removed by Filter: 34236610
  ->  Hash  (cost=167588.78..167588.78 rows=1380035 width=8) (actual time=4287.192..4287.192 rows=1380035 loops=1)
        Buckets: 131072  Batches: 32  Memory Usage: 2708kB
        ->  Hash Join  (cost=102767.86..167588.78 rows=1380035 width=8) (actual time=1912.150..3858.195 rows=1380035 loops=1)
              Hash Cond: (mi_idx.movie_id = t.id)
              ->  Seq Scan on movie_info_idx mi_idx  (cost=0.00..21735.35 rows=1380035 width=4) (actual time=0.024..415.703 rows=1380035 loops=1)
              ->  Hash  (cost=61283.27..61283.27 rows=2528527 width=4) (actual time=1910.805..1910.805 rows=2528312 loops=1)
                    Buckets: 131072  Batches: 64  Memory Usage: 2415kB
                    ->  Seq Scan on title t  (cost=0.00..61283.27 rows=2528527 width=4) (actual time=0.015..1027.648 rows=2528312 loops=1)
Planning time: 1.192 ms
Execution time: 19008.313 ms
