Hash Join  (cost=214142.29..599300.18 rows=934405 width=0) (actual time=5090.208..15987.819 rows=16525350 loops=1)
  Hash Cond: (mi.movie_id = t.id)
  ->  Seq Scan on movie_info mi  (cost=0.00..346232.03 rows=2194617 width=4) (actual time=0.008..6009.367 rows=2233850 loops=1)
        Filter: (info_type_id > 16)
        Rows Removed by Filter: 12601870
  ->  Hash  (cost=196479.12..196479.12 rows=1076574 width=8) (actual time=5089.316..5089.316 rows=1274246 loops=1)
        Buckets: 131072 (originally 131072)  Batches: 32 (originally 16)  Memory Usage: 3073kB
        ->  Hash Join  (cost=102767.86..196479.12 rows=1076574 width=8) (actual time=2050.283..4706.564 rows=1274246 loops=1)
              Hash Cond: (mc.movie_id = t.id)
              ->  Seq Scan on movie_companies mc  (cost=0.00..57926.93 rows=1076574 width=4) (actual time=0.018..1211.949 rows=1274246 loops=1)
                    Filter: ((company_id < 80344) AND (company_type_id < 2))
                    Rows Removed by Filter: 1334883
              ->  Hash  (cost=61283.27..61283.27 rows=2528527 width=4) (actual time=2048.797..2048.797 rows=2528312 loops=1)
                    Buckets: 131072  Batches: 64  Memory Usage: 2415kB
                    ->  Seq Scan on title t  (cost=0.00..61283.27 rows=2528527 width=4) (actual time=0.013..1177.972 rows=2528312 loops=1)
Planning time: 1.179 ms
Execution time: 17684.964 ms
