Nested Loop  (cost=0.43..83072.90 rows=25 width=0) (actual time=136.424..1249.072 rows=17 loops=1)
  ->  Seq Scan on movie_keyword mk  (cost=0.00..81003.12 rows=246 width=4) (actual time=3.400..1240.219 rows=117 loops=1)
        Filter: (keyword_id = 22015)
        Rows Removed by Filter: 4523813
  ->  Index Scan using title_pkey on title t  (cost=0.43..8.40 rows=1 width=4) (actual time=0.071..0.071 rows=0 loops=117)
        Index Cond: (id = mk.movie_id)
        Filter: ((kind_id < 7) AND (production_year > 2008))
        Rows Removed by Filter: 1
Planning time: 1.212 ms
Execution time: 1249.185 ms
