Hash Join  (cost=102767.86..1299684.70 rows=16247979 width=0) (actual time=1806.281..37051.366 rows=20122661 loops=1)
  Hash Cond: (ci.movie_id = t.id)
  ->  Seq Scan on cast_info ci  (cost=0.00..796071.18 rows=16247979 width=4) (actual time=0.025..17511.156 rows=20122661 loops=1)
        Filter: ((person_id < 2972906) AND (role_id < 3))
        Rows Removed by Filter: 16121683
  ->  Hash  (cost=61283.27..61283.27 rows=2528527 width=4) (actual time=1804.990..1804.990 rows=2528312 loops=1)
        Buckets: 131072  Batches: 64  Memory Usage: 2415kB
        ->  Seq Scan on title t  (cost=0.00..61283.27 rows=2528527 width=4) (actual time=0.011..962.199 rows=2528312 loops=1)
Planning time: 0.795 ms
Execution time: 39501.687 ms
