Seq Scan on cast_info ci  (cost=0.00..796071.18 rows=1969396 width=0) (actual time=6736.168..13667.819 rows=3566173 loops=1)
  Filter: ((person_id > 1963597) AND (role_id = 10))
  Rows Removed by Filter: 32678171
Planning time: 0.455 ms
Execution time: 14107.652 ms
