Seq Scan on movie_companies mc  (cost=0.00..51404.11 rows=104 width=0) (actual time=1.269..812.607 rows=131 loops=1)
  Filter: (company_id = 11266)
  Rows Removed by Filter: 2608998
Planning time: 0.426 ms
Execution time: 812.744 ms
