Hash Join  (cost=83810.17..1219473.20 rows=8478193 width=0) (actual time=1442.775..33881.209 rows=8383976 loops=1)
  Hash Cond: (ci.movie_id = t.id)
  ->  Seq Scan on cast_info ci  (cost=0.00..796071.18 rows=21703710 width=4) (actual time=0.020..18554.826 rows=20758818 loops=1)
        Filter: ((person_id < 3528959) AND (role_id > 1))
        Rows Removed by Filter: 15485526
  ->  Hash  (cost=67604.59..67604.59 rows=987727 width=4) (actual time=1441.526..1441.526 rows=985048 loops=1)
        Buckets: 131072  Batches: 16  Memory Usage: 3188kB
        ->  Seq Scan on title t  (cost=0.00..67604.59 rows=987727 width=4) (actual time=0.013..1131.864 rows=985048 loops=1)
              Filter: (kind_id < 7)
              Rows Removed by Filter: 1543264
Planning time: 1.083 ms
Execution time: 34925.104 ms
