Seq Scan on cast_info ci  (cost=0.00..796071.18 rows=1990300 width=0) (actual time=6946.337..13510.445 rows=682194 loops=1)
  Filter: ((person_id < 1212864) AND (role_id > 8))
  Rows Removed by Filter: 35562150
Planning time: 0.318 ms
Execution time: 13597.262 ms
