Hash Join  (cost=101489.21..281565.94 rows=3542976 width=0) (actual time=2257.304..7272.412 rows=4024531 loops=1)
  Hash Cond: (mk.movie_id = t.id)
  ->  Seq Scan on movie_keyword mk  (cost=0.00..81003.12 rows=4337569 width=4) (actual time=0.018..1697.187 rows=4333228 loops=1)
        Filter: (keyword_id < 70842)
        Rows Removed by Filter: 190702
  ->  Hash  (cost=67604.59..67604.59 rows=2065330 width=4) (actual time=2256.170..2256.170 rows=2064552 loops=1)
        Buckets: 131072  Batches: 32  Memory Usage: 3298kB
        ->  Seq Scan on title t  (cost=0.00..67604.59 rows=2065330 width=4) (actual time=0.020..1330.218 rows=2064552 loops=1)
              Filter: (production_year < 2011)
              Rows Removed by Filter: 463760
Planning time: 0.803 ms
Execution time: 7713.359 ms
