Hash Join  (cost=74314.96..440785.14 rows=181426 width=0) (actual time=1283.995..9728.360 rows=96053 loops=1)
  Hash Cond: (mi.movie_id = t.id)
  ->  Seq Scan on movie_info mi  (cost=0.00..309384.22 rows=14739122 width=4) (actual time=0.008..4584.812 rows=14835720 loops=1)
  ->  Hash  (cost=73925.90..73925.90 rows=31124 width=4) (actual time=1282.818..1282.818 rows=35169 loops=1)
        Buckets: 65536 (originally 32768)  Batches: 1 (originally 1)  Memory Usage: 1749kB
        ->  Seq Scan on title t  (cost=0.00..73925.90 rows=31124 width=4) (actual time=0.444..1267.294 rows=35169 loops=1)
              Filter: ((kind_id > 4) AND (production_year = 1999))
              Rows Removed by Filter: 2493143
Planning time: 0.825 ms
Execution time: 9742.230 ms
