Seq Scan on cast_info ci  (cost=0.00..705507.15 rows=6959302 width=0) (actual time=0.210..11411.940 rows=7027331 loops=1)
  Filter: (person_id > 2962423)
  Rows Removed by Filter: 29217013
Planning time: 0.348 ms
Execution time: 12280.437 ms
