Hash Join  (cost=83074.74..109986.57 rows=134 width=0) (actual time=1414.031..1961.356 rows=1759 loops=1)
  Hash Cond: (mi_idx.movie_id = t.id)
  ->  Seq Scan on movie_info_idx mi_idx  (cost=0.00..21735.35 rows=1380035 width=4) (actual time=0.013..291.839 rows=1380035 loops=1)
  ->  Hash  (cost=83071.67..83071.67 rows=246 width=8) (actual time=1413.435..1413.435 rows=681 loops=1)
        Buckets: 1024  Batches: 1  Memory Usage: 35kB
        ->  Nested Loop  (cost=0.43..83071.67 rows=246 width=8) (actual time=0.206..1412.848 rows=681 loops=1)
              ->  Seq Scan on movie_keyword mk  (cost=0.00..81003.12 rows=246 width=4) (actual time=0.136..1391.200 rows=681 loops=1)
                    Filter: (keyword_id = 1699)
                    Rows Removed by Filter: 4523249
              ->  Index Only Scan using title_pkey on title t  (cost=0.43..8.40 rows=1 width=4) (actual time=0.030..0.030 rows=1 loops=681)
                    Index Cond: (id = mk.movie_id)
                    Heap Fetches: 681
Planning time: 1.173 ms
Execution time: 1961.776 ms
