Hash Join  (cost=84341.74..220182.54 rows=1135876 width=0) (actual time=1635.227..5876.829 rows=2860630 loops=1)
  Hash Cond: (mk.movie_id = t.id)
  ->  Seq Scan on movie_keyword mk  (cost=0.00..69693.30 rows=4523930 width=4) (actual time=0.022..1540.011 rows=4523930 loops=1)
  ->  Hash  (cost=73925.90..73925.90 rows=634867 width=4) (actual time=1532.930..1532.930 rows=596465 loops=1)
        Buckets: 131072  Batches: 16  Memory Usage: 2340kB
        ->  Seq Scan on title t  (cost=0.00..73925.90 rows=634867 width=4) (actual time=0.022..1341.011 rows=596465 loops=1)
              Filter: ((production_year > 1914) AND (kind_id = 1))
              Rows Removed by Filter: 1931847
Planning time: 0.718 ms
Execution time: 6229.611 ms
