Seq Scan on cast_info ci  (cost=0.00..705507.15 rows=10356373 width=0) (actual time=3005.833..12119.306 rows=10368348 loops=1)
  Filter: (person_id > 2674048)
  Rows Removed by Filter: 25875996
Planning time: 0.330 ms
Execution time: 13421.142 ms
