Hash Join  (cost=74242.71..449365.28 rows=75210 width=0) (actual time=1173.139..8803.331 rows=133874 loops=1)
  Hash Cond: (mi.movie_id = t.id)
  ->  Seq Scan on movie_info mi  (cost=0.00..346232.03 rows=7503588 width=4) (actual time=0.017..6162.751 rows=7548855 loops=1)
        Filter: (info_type_id > 7)
        Rows Removed by Filter: 7286865
  ->  Hash  (cost=73925.90..73925.90 rows=25344 width=4) (actual time=1172.793..1172.793 rows=15457 loops=1)
        Buckets: 32768  Batches: 1  Memory Usage: 800kB
        ->  Seq Scan on title t  (cost=0.00..73925.90 rows=25344 width=4) (actual time=325.157..1166.673 rows=15457 loops=1)
              Filter: ((kind_id < 2) AND (production_year = 2005))
              Rows Removed by Filter: 2512855
Planning time: 1.128 ms
Execution time: 8825.667 ms
