Seq Scan on movie_keyword mk  (cost=0.00..81003.12 rows=246 width=0) (actual time=5.261..1293.876 rows=1909 loops=1)
  Filter: (keyword_id = 833)
  Rows Removed by Filter: 4522021
Planning time: 0.403 ms
Execution time: 1294.575 ms
