Hash Join  (cost=102767.86..294515.91 rows=4191811 width=0) (actual time=1982.503..7095.082 rows=4192863 loops=1)
  Hash Cond: (mk.movie_id = t.id)
  ->  Seq Scan on movie_keyword mk  (cost=0.00..81003.12 rows=4191811 width=4) (actual time=0.015..1804.234 rows=4192863 loops=1)
        Filter: (keyword_id < 49890)
        Rows Removed by Filter: 331067
  ->  Hash  (cost=61283.27..61283.27 rows=2528527 width=4) (actual time=1981.717..1981.717 rows=2528312 loops=1)
        Buckets: 131072  Batches: 64  Memory Usage: 2425kB
        ->  Seq Scan on title t  (cost=0.00..61283.27 rows=2528527 width=4) (actual time=0.018..1113.141 rows=2528312 loops=1)
Planning time: 0.772 ms
Execution time: 7540.890 ms
