Hash Join  (cost=263115.61..1358776.42 rows=16080893 width=0) (actual time=5838.386..39878.458 rows=35410510 loops=1)
  Hash Cond: (ci.movie_id = t.id)
  ->  Seq Scan on cast_info ci  (cost=0.00..705507.15 rows=15584117 width=4) (actual time=0.016..14293.027 rows=15702331 loops=1)
        Filter: (person_id > 2067057)
        Rows Removed by Filter: 20542013
  ->  Hash  (cost=220309.49..220309.49 rows=2609129 width=8) (actual time=5836.528..5836.528 rows=2609129 loops=1)
        Buckets: 131072  Batches: 64  Memory Usage: 2610kB
        ->  Hash Join  (cost=102767.86..220309.49 rows=2609129 width=8) (actual time=1814.242..5135.273 rows=2609129 loops=1)
              Hash Cond: (mc.movie_id = t.id)
              ->  Seq Scan on movie_companies mc  (cost=0.00..44881.29 rows=2609129 width=4) (actual time=0.017..881.775 rows=2609129 loops=1)
              ->  Hash  (cost=61283.27..61283.27 rows=2528527 width=4) (actual time=1812.926..1812.926 rows=2528312 loops=1)
                    Buckets: 131072  Batches: 64  Memory Usage: 2415kB
                    ->  Seq Scan on title t  (cost=0.00..61283.27 rows=2528527 width=4) (actual time=0.009..1010.076 rows=2528312 loops=1)
Planning time: 1.207 ms
Execution time: 44073.844 ms
