Seq Scan on movie_keyword mk  (cost=0.00..81003.12 rows=246 width=0) (actual time=17.164..1128.216 rows=125 loops=1)
  Filter: (keyword_id = 4610)
  Rows Removed by Filter: 4523805
Planning time: 0.376 ms
Execution time: 1128.412 ms
