Hash Join  (cost=85282.22..231200.66 rows=1190927 width=0) (actual time=2509.216..5512.652 rows=255288 loops=1)
  Hash Cond: (mk.movie_id = t.id)
  ->  Seq Scan on movie_keyword mk  (cost=0.00..81003.12 rows=4350413 width=4) (actual time=0.025..1818.555 rows=4335201 loops=1)
        Filter: (keyword_id > 135)
        Rows Removed by Filter: 188729
  ->  Hash  (cost=73925.90..73925.90 rows=692185 width=4) (actual time=1651.421..1651.421 rows=596495 loops=1)
        Buckets: 131072  Batches: 16  Memory Usage: 2338kB
        ->  Seq Scan on title t  (cost=0.00..73925.90 rows=692185 width=4) (actual time=0.030..1451.246 rows=596495 loops=1)
              Filter: ((production_year < 2002) AND (kind_id = 7))
              Rows Removed by Filter: 1931817
Planning time: 3.899 ms
Execution time: 5544.561 ms
