Seq Scan on title t  (cost=0.00..73925.90 rows=18339 width=0) (actual time=0.120..1002.635 rows=14449 loops=1)
  Filter: ((kind_id < 7) AND (production_year = 1998))
  Rows Removed by Filter: 2513863
Planning time: 0.439 ms
Execution time: 1005.372 ms
