Hash Join  (cost=102767.86..178340.36 rows=322804 width=0) (actual time=2252.637..3366.534 rows=175269 loops=1)
  Hash Cond: (mc.movie_id = t.id)
  ->  Seq Scan on movie_companies mc  (cost=0.00..57926.93 rows=322804 width=4) (actual time=394.022..961.537 rows=175269 loops=1)
        Filter: ((company_id < 817) AND (company_type_id = 2))
        Rows Removed by Filter: 2433860
  ->  Hash  (cost=61283.27..61283.27 rows=2528527 width=4) (actual time=1857.223..1857.223 rows=2528312 loops=1)
        Buckets: 131072  Batches: 64  Memory Usage: 2415kB
        ->  Seq Scan on title t  (cost=0.00..61283.27 rows=2528527 width=4) (actual time=0.015..1014.284 rows=2528312 loops=1)
Planning time: 0.858 ms
Execution time: 3387.839 ms
