Hash Join  (cost=164950.27..306798.77 rows=1628946 width=0) (actual time=3469.383..7199.102 rows=1841238 loops=1)
  Hash Cond: (mk.movie_id = t.id)
  ->  Seq Scan on movie_keyword mk  (cost=0.00..69693.30 rows=4523930 width=4) (actual time=0.026..1471.201 rows=4523930 loops=1)
  ->  Hash  (cost=150012.59..150012.59 rows=910455 width=8) (actual time=3468.129..3468.129 rows=525930 loops=1)
        Buckets: 131072  Batches: 16  Memory Usage: 2319kB
        ->  Hash Join  (cost=94973.51..150012.59 rows=910455 width=8) (actual time=1822.771..3309.678 rows=525930 loops=1)
              Hash Cond: (mi_idx.movie_id = t.id)
              ->  Seq Scan on movie_info_idx mi_idx  (cost=0.00..21735.35 rows=1380035 width=4) (actual time=0.016..463.990 rows=1380035 loops=1)
              ->  Hash  (cost=67604.59..67604.59 rows=1668154 width=4) (actual time=1821.914..1821.914 rows=1674098 loops=1)
                    Buckets: 131072  Batches: 32  Memory Usage: 2869kB
                    ->  Seq Scan on title t  (cost=0.00..67604.59 rows=1668154 width=4) (actual time=0.028..1296.715 rows=1674098 loops=1)
                          Filter: (kind_id > 3)
                          Rows Removed by Filter: 854214
Planning time: 3.838 ms
Execution time: 7394.020 ms
