Hash Join  (cost=121810.99..560182.93 rows=475344 width=0) (actual time=3111.808..13898.356 rows=3713585 loops=1)
  Hash Cond: (mi.movie_id = t.id)
  ->  Seq Scan on movie_info mi  (cost=0.00..346232.03 rows=7503588 width=4) (actual time=0.027..6649.331 rows=7548855 loops=1)
        Filter: (info_type_id > 7)
        Rows Removed by Filter: 7286865
  ->  Hash  (cost=119182.74..119182.74 rows=160180 width=8) (actual time=3110.670..3110.670 rows=377305 loops=1)
        Buckets: 131072 (originally 131072)  Batches: 8 (originally 4)  Memory Usage: 3073kB
        ->  Hash Join  (cost=78741.46..119182.74 rows=160180 width=8) (actual time=1364.021..2992.774 rows=377305 loops=1)
              Hash Cond: (mi_idx.movie_id = t.id)
              ->  Seq Scan on movie_info_idx mi_idx  (cost=0.00..21735.35 rows=1380035 width=4) (actual time=0.021..471.973 rows=1380035 loops=1)
              ->  Hash  (cost=73925.90..73925.90 rows=293484 width=4) (actual time=1362.818..1362.818 rows=411690 loops=1)
                    Buckets: 131072 (originally 131072)  Batches: 8 (originally 4)  Memory Usage: 3073kB
                    ->  Seq Scan on title t  (cost=0.00..73925.90 rows=293484 width=4) (actual time=0.020..1222.940 rows=411690 loops=1)
                          Filter: ((kind_id < 7) AND (production_year < 1993))
                          Rows Removed by Filter: 2116622
Planning time: 1.248 ms
Execution time: 14273.720 ms
