Hash Join  (cost=77187.44..1140243.92 rows=2847631 width=0) (actual time=1108.900..28464.389 rows=948896 loops=1)
  Hash Cond: (ci.movie_id = t.id)
  ->  Seq Scan on cast_info ci  (cost=0.00..614943.12 rows=36225612 width=4) (actual time=0.011..13129.631 rows=36244344 loops=1)
  ->  Hash  (cost=73925.90..73925.90 rows=198763 width=4) (actual time=1102.225..1102.225 rows=95336 loops=1)
        Buckets: 131072  Batches: 4  Memory Usage: 1860kB
        ->  Seq Scan on title t  (cost=0.00..73925.90 rows=198763 width=4) (actual time=211.653..1068.142 rows=95336 loops=1)
              Filter: ((production_year < 1967) AND (kind_id = 7))
              Rows Removed by Filter: 2432976
Planning time: 1.134 ms
Execution time: 28587.105 ms
