Hash Join  (cost=995244.90..1725971.83 rows=4522708 width=0) (actual time=28518.557..43323.743 rows=5433168 loops=1)
  Hash Cond: (mi.movie_id = t.id)
  ->  Seq Scan on movie_info mi  (cost=0.00..309384.22 rows=14739122 width=4) (actual time=0.017..6094.324 rows=14835720 loops=1)
  ->  Hash  (cost=982515.40..982515.40 rows=775880 width=8) (actual time=28503.711..28503.711 rows=792827 loops=1)
        Buckets: 131072  Batches: 16  Memory Usage: 2979kB
        ->  Hash Join  (cost=68438.72..982515.40 rows=775880 width=8) (actual time=1034.371..27860.922 rows=792827 loops=1)
              Hash Cond: (ci.movie_id = t.id)
              ->  Seq Scan on cast_info ci  (cost=0.00..796071.18 rows=29399118 width=4) (actual time=0.029..18429.610 rows=29287949 loops=1)
                    Filter: ((person_id > 234978) AND (role_id < 10))
                    Rows Removed by Filter: 6956395
              ->  Hash  (cost=67604.59..67604.59 rows=66731 width=4) (actual time=1033.677..1033.677 rows=67342 loops=1)
                    Buckets: 131072  Batches: 1  Memory Usage: 3392kB
                    ->  Seq Scan on title t  (cost=0.00..67604.59 rows=66731 width=4) (actual time=0.025..1006.260 rows=67342 loops=1)
                          Filter: (production_year > 2012)
                          Rows Removed by Filter: 2460970
Planning time: 1.114 ms
Execution time: 43978.151 ms
