Hash Join  (cost=156487.41..270244.06 rows=421552 width=0) (actual time=3508.687..6723.678 rows=1788724 loops=1)
  Hash Cond: (mk.movie_id = t.id)
  ->  Seq Scan on movie_keyword mk  (cost=0.00..81003.12 rows=2312268 width=4) (actual time=0.020..1721.190 rows=2310922 loops=1)
        Filter: (keyword_id > 4476)
        Rows Removed by Filter: 2213008
  ->  Hash  (cost=148924.19..148924.19 rows=460978 width=8) (actual time=3507.810..3507.810 rows=459925 loops=1)
        Buckets: 131072  Batches: 8  Memory Usage: 3284kB
        ->  Hash Join  (cost=102767.86..148924.19 rows=460978 width=8) (actual time=2004.730..3364.382 rows=459925 loops=1)
              Hash Cond: (mi_idx.movie_id = t.id)
              ->  Seq Scan on movie_info_idx mi_idx  (cost=0.00..25185.44 rows=460978 width=4) (actual time=0.025..563.325 rows=459925 loops=1)
                    Filter: (info_type_id = 99)
                    Rows Removed by Filter: 920110
              ->  Hash  (cost=61283.27..61283.27 rows=2528527 width=4) (actual time=2002.939..2002.939 rows=2528312 loops=1)
                    Buckets: 131072  Batches: 64  Memory Usage: 2415kB
                    ->  Seq Scan on title t  (cost=0.00..61283.27 rows=2528527 width=4) (actual time=0.017..1177.684 rows=2528312 loops=1)
Planning time: 1.191 ms
Execution time: 6940.160 ms
