Seq Scan on cast_info ci  (cost=0.00..796071.18 rows=154362 width=0) (actual time=9318.772..10864.757 rows=148 loops=1)
  Filter: ((person_id < 69939) AND (role_id = 2))
  Rows Removed by Filter: 36244196
Planning time: 0.302 ms
Execution time: 10864.899 ms
