Seq Scan on movie_companies mc  (cost=0.00..57926.93 rows=2516 width=0) (actual time=0.458..857.402 rows=949 loops=1)
  Filter: ((company_type_id < 2) AND (company_id = 394))
  Rows Removed by Filter: 2608180
Planning time: 0.430 ms
Execution time: 857.667 ms
