Hash Join  (cost=128096.74..255744.32 rows=463354 width=0) (actual time=3349.820..5582.583 rows=314370 loops=1)
  Hash Cond: (mk.movie_id = t.id)
  ->  Seq Scan on movie_keyword mk  (cost=0.00..69693.30 rows=4523930 width=4) (actual time=0.023..1475.916 rows=4523930 loops=1)
  ->  Hash  (cost=123847.50..123847.50 rows=258979 width=8) (actual time=2360.067..2360.067 rows=134070 loops=1)
        Buckets: 131072  Batches: 4  Memory Usage: 2352kB
        ->  Hash Join  (cost=81711.23..123847.50 rows=258979 width=8) (actual time=1684.614..2321.827 rows=134070 loops=1)
              Hash Cond: (mi_idx.movie_id = t.id)
              ->  Seq Scan on movie_info_idx mi_idx  (cost=0.00..21735.35 rows=1380035 width=4) (actual time=0.022..463.024 rows=1380035 loops=1)
              ->  Hash  (cost=73925.90..73925.90 rows=474506 width=4) (actual time=1216.217..1216.217 rows=360459 loops=1)
                    Buckets: 131072  Batches: 8  Memory Usage: 2595kB
                    ->  Seq Scan on title t  (cost=0.00..73925.90 rows=474506 width=4) (actual time=98.904..1101.341 rows=360459 loops=1)
                          Filter: ((production_year < 1994) AND (kind_id = 7))
                          Rows Removed by Filter: 2167853
Planning time: 1.156 ms
Execution time: 5623.932 ms
