Hash Join  (cost=199909.44..1363566.94 rows=9046339 width=0) (actual time=4744.511..44368.266 rows=18520727 loops=1)
  Hash Cond: (ci.movie_id = t.id)
  ->  Seq Scan on cast_info ci  (cost=0.00..705507.15 rows=31554923 width=4) (actual time=0.025..17634.754 rows=31605208 loops=1)
        Filter: (role_id < 10)
        Rows Removed by Filter: 4639136
  ->  Hash  (cost=188016.29..188016.29 rows=724892 width=8) (actual time=4743.478..4743.478 rows=944398 loops=1)
        Buckets: 131072  Batches: 16  Memory Usage: 3332kB
        ->  Hash Join  (cost=102767.86..188016.29 rows=724892 width=8) (actual time=1895.006..4464.231 rows=944398 loops=1)
              Hash Cond: (mc.movie_id = t.id)
              ->  Seq Scan on movie_companies mc  (cost=0.00..57926.93 rows=724892 width=4) (actual time=0.178..1074.601 rows=944398 loops=1)
                    Filter: ((company_id > 10225) AND (company_type_id = 2))
                    Rows Removed by Filter: 1664731
              ->  Hash  (cost=61283.27..61283.27 rows=2528527 width=4) (actual time=1893.085..1893.085 rows=2528312 loops=1)
                    Buckets: 131072  Batches: 64  Memory Usage: 2415kB
                    ->  Seq Scan on title t  (cost=0.00..61283.27 rows=2528527 width=4) (actual time=0.026..1081.776 rows=2528312 loops=1)
Planning time: 1.129 ms
Execution time: 46308.905 ms
