Hash Join  (cost=432580.34..522423.04 rows=55965 width=0) (actual time=6815.360..8667.046 rows=115622 loops=1)
  Hash Cond: (mk.movie_id = t.id)
  ->  Seq Scan on movie_keyword mk  (cost=0.00..81003.12 rows=2207979 width=4) (actual time=0.022..1430.931 rows=2210347 loops=1)
        Filter: (keyword_id < 4460)
        Rows Removed by Filter: 2313583
  ->  Hash  (cost=431779.22..431779.22 rows=64090 width=8) (actual time=6814.318..6814.318 rows=62607 loops=1)
        Buckets: 65536  Batches: 1  Memory Usage: 2958kB
        ->  Hash Join  (cost=69694.50..431779.22 rows=64090 width=8) (actual time=3535.631..6789.751 rows=62607 loops=1)
              Hash Cond: (mi.movie_id = t.id)
              ->  Seq Scan on movie_info mi  (cost=0.00..346232.03 rows=1272478 width=4) (actual time=2506.891..5191.375 rows=1325361 loops=1)
                    Filter: (info_type_id = 8)
                    Rows Removed by Filter: 13510359
              ->  Hash  (cost=67604.59..67604.59 rows=127353 width=4) (actual time=1027.836..1027.836 rows=128696 loops=1)
                    Buckets: 131072  Batches: 2  Memory Usage: 3290kB
                    ->  Seq Scan on title t  (cost=0.00..67604.59 rows=127353 width=4) (actual time=0.025..978.745 rows=128696 loops=1)
                          Filter: (production_year = 2009)
                          Rows Removed by Filter: 2399616
Planning time: 1.147 ms
Execution time: 8682.148 ms
