Hash Join  (cost=175027.18..293156.61 rows=802050 width=0) (actual time=3875.562..7414.016 rows=3349667 loops=1)
  Hash Cond: (mk.movie_id = t.id)
  ->  Seq Scan on movie_keyword mk  (cost=0.00..81003.12 rows=2206614 width=4) (actual time=0.020..1634.183 rows=2205835 loops=1)
        Filter: (keyword_id < 4450)
        Rows Removed by Filter: 2318095
  ->  Hash  (cost=159947.97..159947.97 rows=919057 width=8) (actual time=3874.766..3874.766 rows=920110 loops=1)
        Buckets: 131072  Batches: 16  Memory Usage: 3283kB
        ->  Hash Join  (cost=102767.86..159947.97 rows=919057 width=8) (actual time=1934.914..3600.794 rows=920110 loops=1)
              Hash Cond: (mi_idx.movie_id = t.id)
              ->  Seq Scan on movie_info_idx mi_idx  (cost=0.00..25185.44 rows=919057 width=4) (actual time=0.025..499.903 rows=920110 loops=1)
                    Filter: (info_type_id > 99)
                    Rows Removed by Filter: 459925
              ->  Hash  (cost=61283.27..61283.27 rows=2528527 width=4) (actual time=1932.972..1932.972 rows=2528312 loops=1)
                    Buckets: 131072  Batches: 64  Memory Usage: 2415kB
                    ->  Seq Scan on title t  (cost=0.00..61283.27 rows=2528527 width=4) (actual time=0.018..1071.492 rows=2528312 loops=1)
Planning time: 1.237 ms
Execution time: 7782.884 ms
