Seq Scan on movie_keyword mk  (cost=0.00..81003.12 rows=959404 width=0) (actual time=0.021..1305.599 rows=962841 loops=1)
  Filter: (keyword_id < 905)
  Rows Removed by Filter: 3561089
Planning time: 0.296 ms
Execution time: 1422.349 ms
