Hash Join  (cost=161744.59..1242410.46 rows=4561871 width=0) (actual time=3505.302..36300.387 rows=10136058 loops=1)
  Hash Cond: (ci.movie_id = t.id)
  ->  Seq Scan on cast_info ci  (cost=0.00..614943.12 rows=36225612 width=4) (actual time=0.014..13142.889 rows=36244344 loops=1)
  ->  Hash  (cost=156520.39..156520.39 rows=318416 width=8) (actual time=3504.427..3504.427 rows=385346 loops=1)
        Buckets: 131072  Batches: 8  Memory Usage: 2919kB
        ->  Hash Join  (cost=89762.59..156520.39 rows=318416 width=8) (actual time=1782.895..3385.489 rows=385346 loops=1)
              Hash Cond: (mc.movie_id = t.id)
              ->  Seq Scan on movie_companies mc  (cost=0.00..51404.11 rows=596140 width=4) (actual time=0.025..939.652 rows=593466 loops=1)
                    Filter: (company_id < 686)
                    Rows Removed by Filter: 2015663
              ->  Hash  (cost=67604.59..67604.59 rows=1350560 width=4) (actual time=1781.158..1781.158 rows=1348293 loops=1)
                    Buckets: 131072  Batches: 32  Memory Usage: 2505kB
                    ->  Seq Scan on title t  (cost=0.00..67604.59 rows=1350560 width=4) (actual time=0.009..1326.882 rows=1348293 loops=1)
                          Filter: (production_year < 2005)
                          Rows Removed by Filter: 1180019
Planning time: 1.194 ms
Execution time: 37415.125 ms
