Seq Scan on cast_info ci  (cost=0.00..796071.18 rows=7721946 width=0) (actual time=7656.335..15039.797 rows=12670688 loops=1)
  Filter: ((person_id < 2221100) AND (role_id < 2))
  Rows Removed by Filter: 23573656
Planning time: 0.271 ms
Execution time: 16529.557 ms
