Hash Join  (cost=157022.28..286010.00 rows=573369 width=0) (actual time=3319.364..9119.486 rows=8989163 loops=1)
  Hash Cond: (mk.movie_id = t.id)
  ->  Seq Scan on movie_keyword mk  (cost=0.00..69693.30 rows=4523930 width=4) (actual time=0.021..1548.893 rows=4523930 loops=1)
  ->  Hash  (cost=151764.41..151764.41 rows=320469 width=8) (actual time=3318.534..3318.534 rows=404226 loops=1)
        Buckets: 131072  Batches: 8  Memory Usage: 3025kB
        ->  Hash Join  (cost=83810.17..151764.41 rows=320469 width=8) (actual time=1571.318..3186.412 rows=404226 loops=1)
              Hash Cond: (mc.movie_id = t.id)
              ->  Seq Scan on movie_companies mc  (cost=0.00..51404.11 rows=820383 width=4) (actual time=0.023..884.478 rows=812591 loops=1)
                    Filter: (company_id < 1886)
                    Rows Removed by Filter: 1796538
              ->  Hash  (cost=67604.59..67604.59 rows=987727 width=4) (actual time=1570.369..1570.369 rows=985048 loops=1)
                    Buckets: 131072  Batches: 16  Memory Usage: 3188kB
                    ->  Seq Scan on title t  (cost=0.00..67604.59 rows=987727 width=4) (actual time=0.028..1155.882 rows=985048 loops=1)
                          Filter: (kind_id < 7)
                          Rows Removed by Filter: 1543264
Planning time: 1.136 ms
Execution time: 10145.652 ms
