Hash Join  (cost=475930.71..605382.17 rows=611442 width=0) (actual time=8443.947..12713.396 rows=2706666 loops=1)
  Hash Cond: (mk.movie_id = t.id)
  ->  Seq Scan on movie_keyword mk  (cost=0.00..69693.30 rows=4523930 width=4) (actual time=0.025..1511.456 rows=4523930 loops=1)
  ->  Hash  (cost=470323.85..470323.85 rows=341749 width=8) (actual time=8442.433..8442.433 rows=796696 loops=1)
        Buckets: 131072 (originally 131072)  Batches: 16 (originally 8)  Memory Usage: 3073kB
        ->  Hash Join  (cost=77838.49..470323.85 rows=341749 width=8) (actual time=2736.323..8183.863 rows=796696 loops=1)
              Hash Cond: (mi.movie_id = t.id)
              ->  Seq Scan on movie_info mi  (cost=0.00..346232.03 rows=3623957 width=4) (actual time=1552.074..5118.170 rows=3624977 loops=1)
                    Filter: (info_type_id < 4)
                    Rows Removed by Filter: 11210743
              ->  Hash  (cost=73925.90..73925.90 rows=238447 width=4) (actual time=1155.719..1155.719 rows=200165 loops=1)
                    Buckets: 131072  Batches: 4  Memory Usage: 2790kB
                    ->  Seq Scan on title t  (cost=0.00..73925.90 rows=238447 width=4) (actual time=0.034..1089.825 rows=200165 loops=1)
                          Filter: ((production_year > 2006) AND (kind_id = 1))
                          Rows Removed by Filter: 2328147
Planning time: 1.335 ms
Execution time: 13048.994 ms
