Seq Scan on cast_info ci  (cost=0.00..796071.18 rows=435 width=0) (actual time=14276.555..14947.580 rows=2 loops=1)
  Filter: ((role_id < 10) AND (person_id = 423994))
  Rows Removed by Filter: 36244342
Planning time: 0.413 ms
Execution time: 14947.709 ms
