Seq Scan on cast_info ci  (cost=0.00..705507.15 rows=6731082 width=0) (actual time=2272.542..11963.448 rows=6810013 loops=1)
  Filter: (person_id > 2981086)
  Rows Removed by Filter: 29434331
Planning time: 0.360 ms
Execution time: 12823.411 ms
