Hash Join  (cost=156707.39..220772.72 rows=137580 width=0) (actual time=3534.146..4971.603 rows=443363 loops=1)
  Hash Cond: (mc.movie_id = t.id)
  ->  Seq Scan on movie_companies mc  (cost=0.00..51404.11 rows=835312 width=4) (actual time=0.015..843.871 rows=831457 loops=1)
        Filter: (company_id < 2065)
        Rows Removed by Filter: 1777672
  ->  Hash  (cost=149874.61..149874.61 rows=416462 width=8) (actual time=3533.170..3533.170 rows=440596 loops=1)
        Buckets: 131072  Batches: 8  Memory Usage: 3184kB
        ->  Hash Join  (cost=105647.94..149874.61 rows=416462 width=8) (actual time=2199.445..3423.016 rows=440596 loops=1)
              Hash Cond: (mi_idx.movie_id = t.id)
              ->  Seq Scan on movie_info_idx mi_idx  (cost=0.00..25185.44 rows=454124 width=4) (actual time=0.016..482.232 rows=459925 loops=1)
                    Filter: (info_type_id = 100)
                    Rows Removed by Filter: 920110
              ->  Hash  (cost=67604.59..67604.59 rows=2318828 width=4) (actual time=2198.023..2198.023 rows=2312885 loops=1)
                    Buckets: 131072  Batches: 32  Memory Usage: 3569kB
                    ->  Seq Scan on title t  (cost=0.00..67604.59 rows=2318828 width=4) (actual time=0.024..1435.061 rows=2312885 loops=1)
                          Filter: (production_year > 1940)
                          Rows Removed by Filter: 215427
Planning time: 1.136 ms
Execution time: 5026.522 ms
