Hash Join  (cost=739281.03..2913077.62 rows=88933432 width=0) (actual time=18389.072..73620.939 rows=85708605 loops=1)
  Hash Cond: (ci.movie_id = t.id)
  ->  Seq Scan on cast_info ci  (cost=0.00..614943.12 rows=36225612 width=4) (actual time=0.018..13354.831 rows=36244344 loops=1)
  ->  Hash  (cost=637438.24..637438.24 rows=6207503 width=8) (actual time=18386.338..18386.338 rows=4166737 loops=1)
        Buckets: 131072  Batches: 128  Memory Usage: 2260kB
        ->  Hash Join  (cost=91397.28..637438.24 rows=6207503 width=8) (actual time=1802.886..16502.447 rows=4166737 loops=1)
              Hash Cond: (mi.movie_id = t.id)
              ->  Seq Scan on movie_info mi  (cost=0.00..309384.22 rows=14739122 width=4) (actual time=0.020..6022.334 rows=14835720 loops=1)
              ->  Hash  (cost=73925.90..73925.90 rows=1064910 width=4) (actual time=1801.736..1801.736 rows=1003269 loops=1)
                    Buckets: 131072  Batches: 16  Memory Usage: 3239kB
                    ->  Seq Scan on title t  (cost=0.00..73925.90 rows=1064910 width=4) (actual time=0.021..1346.866 rows=1003269 loops=1)
                          Filter: ((kind_id > 1) AND (production_year < 2006))
                          Rows Removed by Filter: 1525043
Planning time: 1.232 ms
Execution time: 83388.233 ms
