Hash Join  (cost=137477.73..1206216.20 rows=3400725 width=0) (actual time=3049.266..34235.079 rows=5700178 loops=1)
  Hash Cond: (ci.movie_id = t.id)
  ->  Seq Scan on cast_info ci  (cost=0.00..614943.12 rows=36225612 width=4) (actual time=0.019..13433.353 rows=36244344 loops=1)
  ->  Hash  (cost=133582.62..133582.62 rows=237369 width=8) (actual time=3048.494..3048.494 rows=200807 loops=1)
        Buckets: 131072  Batches: 4  Memory Usage: 2991kB
        ->  Hash Join  (cost=95609.53..133582.62 rows=237369 width=8) (actual time=1969.605..2986.695 rows=200807 loops=1)
              Hash Cond: (mi_idx.movie_id = t.id)
              ->  Seq Scan on movie_info_idx mi_idx  (cost=0.00..25185.44 rows=454124 width=4) (actual time=0.010..524.761 rows=459925 loops=1)
                    Filter: (info_type_id = 100)
                    Rows Removed by Filter: 920110
              ->  Hash  (cost=73925.90..73925.90 rows=1321650 width=4) (actual time=1967.954..1967.954 rows=1298128 loops=1)
                    Buckets: 131072  Batches: 32  Memory Usage: 2450kB
                    ->  Seq Scan on title t  (cost=0.00..73925.90 rows=1321650 width=4) (actual time=0.019..1547.388 rows=1298128 loops=1)
                          Filter: ((kind_id > 1) AND (production_year < 2009))
                          Rows Removed by Filter: 1230184
Planning time: 1.148 ms
Execution time: 34892.689 ms
