Hash Join  (cost=74369.53..429139.40 rows=30803 width=0) (actual time=1362.877..7253.699 rows=7018 loops=1)
  Hash Cond: (mi.movie_id = t.id)
  ->  Seq Scan on movie_info mi  (cost=0.00..346232.03 rows=2194617 width=4) (actual time=52.347..5514.029 rows=2233850 loops=1)
        Filter: (info_type_id > 16)
        Rows Removed by Filter: 12601870
  ->  Hash  (cost=73925.90..73925.90 rows=35490 width=4) (actual time=1255.876..1255.876 rows=39698 loops=1)
        Buckets: 65536  Batches: 1  Memory Usage: 1908kB
        ->  Seq Scan on title t  (cost=0.00..73925.90 rows=35490 width=4) (actual time=0.059..1239.177 rows=39698 loops=1)
              Filter: ((kind_id = 7) AND (production_year = 2001))
              Rows Removed by Filter: 2488614
Planning time: 0.749 ms
Execution time: 7255.013 ms
