Hash Join  (cost=52284.99..79196.04 rows=57 width=0) (actual time=1006.733..1496.767 rows=696 loops=1)
  Hash Cond: (mi_idx.movie_id = t.id)
  ->  Seq Scan on movie_info_idx mi_idx  (cost=0.00..21735.35 rows=1380035 width=4) (actual time=0.013..312.836 rows=1380035 loops=1)
  ->  Hash  (cost=52283.69..52283.69 rows=104 width=8) (actual time=936.980..936.980 rows=238 loops=1)
        Buckets: 1024  Batches: 1  Memory Usage: 18kB
        ->  Nested Loop  (cost=0.43..52283.69 rows=104 width=8) (actual time=22.559..936.772 rows=238 loops=1)
              ->  Seq Scan on movie_companies mc  (cost=0.00..51404.11 rows=104 width=4) (actual time=22.462..921.485 rows=238 loops=1)
                    Filter: (company_id = 1429)
                    Rows Removed by Filter: 2608891
              ->  Index Only Scan using title_pkey on title t  (cost=0.43..8.45 rows=1 width=4) (actual time=0.062..0.062 rows=1 loops=238)
                    Index Cond: (id = mc.movie_id)
                    Heap Fetches: 238
Planning time: 2.258 ms
Execution time: 1497.015 ms
