Hash Join  (cost=102767.86..1206167.85 rows=12361527 width=0) (actual time=2004.887..32355.898 rows=12670688 loops=1)
  Hash Cond: (ci.movie_id = t.id)
  ->  Seq Scan on cast_info ci  (cost=0.00..796071.18 rows=12361527 width=4) (actual time=0.025..18429.935 rows=12670688 loops=1)
        Filter: ((person_id < 3855602) AND (role_id = 1))
        Rows Removed by Filter: 23573656
  ->  Hash  (cost=61283.27..61283.27 rows=2528527 width=4) (actual time=2003.437..2003.437 rows=2528312 loops=1)
        Buckets: 131072  Batches: 64  Memory Usage: 2415kB
        ->  Seq Scan on title t  (cost=0.00..61283.27 rows=2528527 width=4) (actual time=0.013..1168.939 rows=2528312 loops=1)
Planning time: 0.879 ms
Execution time: 33866.127 ms
