Hash Join  (cost=368834.77..1033388.68 rows=15910532 width=0) (actual time=9017.704..63191.586 rows=185651664 loops=1)
  Hash Cond: (mi.movie_id = t.id)
  ->  Seq Scan on movie_info mi  (cost=0.00..346232.03 rows=9293409 width=4) (actual time=486.528..6889.371 rows=9425200 loops=1)
        Filter: (info_type_id > 5)
        Rows Removed by Filter: 5410520
  ->  Hash  (cost=297813.56..297813.56 rows=4328897 width=8) (actual time=8529.560..8529.560 rows=4315625 loops=1)
        Buckets: 131072  Batches: 64  Memory Usage: 3760kB
        ->  Hash Join  (cost=102767.86..297813.56 rows=4328897 width=8) (actual time=1953.912..7338.019 rows=4315625 loops=1)
              Hash Cond: (mk.movie_id = t.id)
              ->  Seq Scan on movie_keyword mk  (cost=0.00..81003.12 rows=4328897 width=4) (actual time=0.034..1911.227 rows=4315625 loops=1)
                    Filter: (keyword_id > 137)
                    Rows Removed by Filter: 208305
              ->  Hash  (cost=61283.27..61283.27 rows=2528527 width=4) (actual time=1952.705..1952.705 rows=2528312 loops=1)
                    Buckets: 131072  Batches: 64  Memory Usage: 2425kB
                    ->  Seq Scan on title t  (cost=0.00..61283.27 rows=2528527 width=4) (actual time=0.015..1089.574 rows=2528312 loops=1)
Planning time: 0.707 ms
Execution time: 84256.663 ms
