Hash Join  (cost=643854.63..2347797.40 rows=43195152 width=0) (actual time=15602.700..54872.513 rows=29011071 loops=1)
  Hash Cond: (ci.movie_id = t.id)
  ->  Seq Scan on cast_info ci  (cost=0.00..614943.12 rows=36225612 width=4) (actual time=0.016..14087.611 rows=36244344 loops=1)
  ->  Hash  (cost=594389.16..594389.16 rows=3014997 width=8) (actual time=15599.294..15599.294 rows=1548281 loops=1)
        Buckets: 131072  Batches: 64  Memory Usage: 1929kB
        ->  Hash Join  (cost=82412.27..594389.16 rows=3014997 width=8) (actual time=2167.529..15098.565 rows=1548281 loops=1)
              Hash Cond: (mi.movie_id = t.id)
              ->  Seq Scan on movie_info mi  (cost=0.00..309384.22 rows=14739122 width=4) (actual time=0.025..6622.260 rows=14835720 loops=1)
              ->  Hash  (cost=73925.90..73925.90 rows=517229 width=4) (actual time=1237.463..1237.463 rows=403947 loops=1)
                    Buckets: 131072  Batches: 8  Memory Usage: 2790kB
                    ->  Seq Scan on title t  (cost=0.00..73925.90 rows=517229 width=4) (actual time=8.439..1106.700 rows=403947 loops=1)
                          Filter: ((production_year < 1996) AND (kind_id = 7))
                          Rows Removed by Filter: 2124365
Planning time: 0.734 ms
Execution time: 58128.606 ms
