Nested Loop  (cost=0.43..83071.67 rows=246 width=0) (actual time=1.397..1280.777 rows=1413 loops=1)
  ->  Seq Scan on movie_keyword mk  (cost=0.00..81003.12 rows=246 width=4) (actual time=1.344..1221.356 rows=1413 loops=1)
        Filter: (keyword_id = 4619)
        Rows Removed by Filter: 4522517
  ->  Index Only Scan using title_pkey on title t  (cost=0.43..8.40 rows=1 width=4) (actual time=0.041..0.041 rows=1 loops=1413)
        Index Cond: (id = mk.movie_id)
        Heap Fetches: 1413
Planning time: 0.735 ms
Execution time: 1281.344 ms
