Seq Scan on movie_companies mc  (cost=0.00..51404.11 rows=2142168 width=0) (actual time=0.235..965.059 rows=2146323 loops=1)
  Filter: (company_id > 394)
  Rows Removed by Filter: 462806
Planning time: 0.369 ms
Execution time: 1230.378 ms
