Hash Join  (cost=180200.61..1313703.44 rows=9705266 width=0) (actual time=3778.093..34902.174 rows=7769160 loops=1)
  Hash Cond: (ci.movie_id = t.id)
  ->  Seq Scan on cast_info ci  (cost=0.00..614943.12 rows=36225612 width=4) (actual time=0.018..13439.676 rows=36244344 loops=1)
  ->  Hash  (cost=169085.84..169085.84 rows=677422 width=8) (actual time=3774.913..3774.913 rows=361231 loops=1)
        Buckets: 131072  Batches: 16  Memory Usage: 1900kB
        ->  Hash Join  (cost=84697.09..169085.84 rows=677422 width=8) (actual time=1439.415..3672.953 rows=361231 loops=1)
              Hash Cond: (mc.movie_id = t.id)
              ->  Seq Scan on movie_companies mc  (cost=0.00..44881.29 rows=2609129 width=4) (actual time=0.024..909.268 rows=2609129 loops=1)
              ->  Hash  (cost=73925.90..73925.90 rows=656495 width=4) (actual time=1438.299..1438.299 rows=556797 loops=1)
                    Buckets: 131072  Batches: 16  Memory Usage: 2246kB
                    ->  Seq Scan on title t  (cost=0.00..73925.90 rows=656495 width=4) (actual time=0.018..1257.304 rows=556797 loops=1)
                          Filter: ((production_year < 2001) AND (kind_id = 7))
                          Rows Removed by Filter: 1971515
Planning time: 1.232 ms
Execution time: 35775.921 ms
