Hash Join  (cost=140197.13..915186.88 rows=901954 width=0) (actual time=3822.471..17013.050 rows=1132251 loops=1)
  Hash Cond: (ci.movie_id = t.id)
  ->  Seq Scan on cast_info ci  (cost=0.00..705507.15 rows=5077351 width=4) (actual time=1077.987..11954.949 rows=5133438 loops=1)
        Filter: (person_id > 3153543)
        Rows Removed by Filter: 31110906
  ->  Hash  (cost=132827.45..132827.45 rows=449174 width=8) (actual time=2741.746..2741.746 rows=251721 loops=1)
        Buckets: 131072  Batches: 8  Memory Usage: 2259kB
        ->  Hash Join  (cost=87428.23..132827.45 rows=449174 width=8) (actual time=1679.049..2675.749 rows=251721 loops=1)
              Hash Cond: (mi_idx.movie_id = t.id)
              ->  Seq Scan on movie_info_idx mi_idx  (cost=0.00..21735.35 rows=1380035 width=4) (actual time=0.019..456.942 rows=1380035 loops=1)
              ->  Hash  (cost=73925.90..73925.90 rows=822986 width=4) (actual time=1471.464..1471.464 rows=738761 loops=1)
                    Buckets: 131072  Batches: 16  Memory Usage: 2648kB
                    ->  Seq Scan on title t  (cost=0.00..73925.90 rows=822986 width=4) (actual time=0.023..1234.252 rows=738761 loops=1)
                          Filter: ((production_year < 2005) AND (kind_id = 7))
                          Rows Removed by Filter: 1789551
Planning time: 1.158 ms
Execution time: 17125.569 ms
