Hash Join  (cost=163716.04..278354.86 rows=221981 width=156) (actual time=5437.162..6302.858 rows=205512 loops=1)
  Hash Cond: (mk.movie_id = t.id)
  ->  Seq Scan on movie_keyword mk  (cost=0.00..81003.12 rows=1868503 width=12) (actual time=0.012..1793.015 rows=1876629 loops=1)
        Filter: (keyword_id > 7316)
        Rows Removed by Filter: 2647301
  ->  Hash  (cost=153800.13..153800.13 rows=300393 width=144) (actual time=3627.045..3627.045 rows=135423 loops=1)
        Buckets: 32768  Batches: 16  Memory Usage: 1426kB
        ->  Hash Join  (cost=88868.72..153800.13 rows=300393 width=144) (actual time=2464.304..3537.257 rows=135423 loops=1)
              Hash Cond: (mi_idx.movie_id = t.id)
              ->  Seq Scan on movie_info_idx mi_idx  (cost=0.00..21735.35 rows=1380035 width=50) (actual time=0.013..511.809 rows=1380035 loops=1)
              ->  Hash  (cost=73925.90..73925.90 rows=550385 width=94) (actual time=2117.535..2117.535 rows=602403 loops=1)
                    Buckets: 32768  Batches: 32  Memory Usage: 2409kB
                    ->  Seq Scan on title t  (cost=0.00..73925.90 rows=550385 width=94) (actual time=0.015..1525.616 rows=602403 loops=1)
                          Filter: ((production_year > 2006) AND (kind_id = 7))
                          Rows Removed by Filter: 1925909
Planning time: 1.259 ms
Execution time: 6314.748 ms
