Hash Join  (cost=137810.06..242619.21 rows=273957 width=0) (actual time=2922.740..5179.810 rows=452169 loops=1)
  Hash Cond: (mk.movie_id = t.id)
  ->  Seq Scan on movie_keyword mk  (cost=0.00..81003.12 rows=1682789 width=4) (actual time=0.021..1442.612 rows=1692728 loops=1)
        Filter: (keyword_id > 8533)
        Rows Removed by Filter: 2831202
  ->  Hash  (cost=131056.53..131056.53 rows=411642 width=8) (actual time=2921.146..2921.146 rows=323790 loops=1)
        Buckets: 131072  Batches: 8  Memory Usage: 2623kB
        ->  Hash Join  (cost=86300.63..131056.53 rows=411642 width=8) (actual time=1562.456..2824.120 rows=323790 loops=1)
              Hash Cond: (mi_idx.movie_id = t.id)
              ->  Seq Scan on movie_info_idx mi_idx  (cost=0.00..21735.35 rows=1380035 width=4) (actual time=0.021..476.124 rows=1380035 loops=1)
              ->  Hash  (cost=73925.90..73925.90 rows=754218 width=4) (actual time=1561.120..1561.120 rows=647556 loops=1)
                    Buckets: 131072  Batches: 16  Memory Usage: 2451kB
                    ->  Seq Scan on title t  (cost=0.00..73925.90 rows=754218 width=4) (actual time=0.019..1354.636 rows=647556 loops=1)
                          Filter: ((kind_id > 1) AND (production_year < 2000))
                          Rows Removed by Filter: 1880756
Planning time: 1.217 ms
Execution time: 5227.028 ms
