Hash Join  (cost=684645.67..2589435.80 rows=62746795 width=0) (actual time=20622.089..137310.632 rows=315700194 loops=1)
  Hash Cond: (ci.movie_id = t.id)
  ->  Seq Scan on cast_info ci  (cost=0.00..614943.12 rows=36225612 width=4) (actual time=0.025..13660.281 rows=36244344 loops=1)
  ->  Hash  (cost=612790.55..612790.55 rows=4379690 width=8) (actual time=20620.570..20620.570 rows=9063241 loops=1)
        Buckets: 131072 (originally 131072)  Batches: 128 (originally 64)  Memory Usage: 3804kB
        ->  Hash Join  (cost=86252.72..612790.55 rows=4379690 width=8) (actual time=1673.561..17893.204 rows=9063241 loops=1)
              Hash Cond: (mi.movie_id = t.id)
              ->  Seq Scan on movie_info mi  (cost=0.00..309384.22 rows=14739122 width=4) (actual time=0.019..5859.635 rows=14835720 loops=1)
              ->  Hash  (cost=73925.90..73925.90 rows=751345 width=4) (actual time=1672.658..1672.658 rows=793943 loops=1)
                    Buckets: 131072  Batches: 16  Memory Usage: 2780kB
                    ->  Seq Scan on title t  (cost=0.00..73925.90 rows=751345 width=4) (actual time=0.028..1292.551 rows=793943 loops=1)
                          Filter: ((kind_id < 7) AND (production_year < 2010))
                          Rows Removed by Filter: 1734369
Planning time: 1.261 ms
Execution time: 171997.731 ms
