Hash Join  (cost=1052178.79..1930576.24 rows=30449092 width=0) (actual time=24027.752..45418.568 rows=24636526 loops=1)
  Hash Cond: (mi.movie_id = t.id)
  ->  Seq Scan on movie_info mi  (cost=0.00..309384.22 rows=14739122 width=4) (actual time=0.020..6174.079 rows=14835720 loops=1)
  ->  Hash  (cost=966478.72..966478.72 rows=5223605 width=8) (actual time=23743.222..23743.222 rows=4924379 loops=1)
        Buckets: 131072  Batches: 128  Memory Usage: 2471kB
        ->  Hash Join  (cost=92883.59..966478.72 rows=5223605 width=8) (actual time=5453.359..22335.037 rows=4924379 loops=1)
              Hash Cond: (ci.movie_id = t.id)
              ->  Seq Scan on cast_info ci  (cost=0.00..705507.15 rows=8572187 width=4) (actual time=3589.937..14262.786 rows=8486314 loops=1)
                    Filter: (role_id > 5)
                    Rows Removed by Filter: 27758030
              ->  Hash  (cost=67604.59..67604.59 rows=1540800 width=4) (actual time=1862.037..1862.037 rows=1543264 loops=1)
                    Buckets: 131072  Batches: 32  Memory Usage: 2722kB
                    ->  Seq Scan on title t  (cost=0.00..67604.59 rows=1540800 width=4) (actual time=0.034..1359.589 rows=1543264 loops=1)
                          Filter: (kind_id = 7)
                          Rows Removed by Filter: 985048
Planning time: 1.232 ms
Execution time: 48333.315 ms
