Hash Join  (cost=214186.36..1255994.11 rows=3378983 width=0) (actual time=5356.523..37866.171 rows=20272193 loops=1)
  Hash Cond: (ci.movie_id = t.id)
  ->  Seq Scan on cast_info ci  (cost=0.00..705507.15 rows=23499554 width=4) (actual time=0.017..15920.129 rows=23573656 loops=1)
        Filter: (role_id > 1)
        Rows Removed by Filter: 12670688
  ->  Hash  (cost=208220.67..208220.67 rows=363575 width=8) (actual time=5355.382..5355.382 rows=1166950 loops=1)
        Buckets: 131072 (originally 131072)  Batches: 16 (originally 8)  Memory Usage: 3958kB
        ->  Hash Join  (cost=77815.08..208220.67 rows=363575 width=8) (actual time=1310.288..5004.484 rows=1166950 loops=1)
              Hash Cond: (mk.movie_id = t.id)
              ->  Seq Scan on movie_keyword mk  (cost=0.00..81003.12 rows=3878058 width=4) (actual time=0.022..1725.674 rows=3867619 loops=1)
                    Filter: (keyword_id < 28627)
                    Rows Removed by Filter: 656311
              ->  Hash  (cost=73925.90..73925.90 rows=237054 width=4) (actual time=1309.470..1309.470 rows=349645 loops=1)
                    Buckets: 131072 (originally 131072)  Batches: 8 (originally 4)  Memory Usage: 3073kB
                    ->  Seq Scan on title t  (cost=0.00..73925.90 rows=237054 width=4) (actual time=0.080..1189.201 rows=349645 loops=1)
                          Filter: ((kind_id < 7) AND (production_year < 1986))
                          Rows Removed by Filter: 2178667
Planning time: 1.218 ms
Execution time: 40263.662 ms
