Hash Join  (cost=75199.97..113620.01 rows=42356 width=0) (actual time=1522.816..2216.843 rows=20619 loops=1)
  Hash Cond: (mi_idx.movie_id = t.id)
  ->  Seq Scan on movie_info_idx mi_idx  (cost=0.00..21735.35 rows=1380035 width=4) (actual time=0.020..478.635 rows=1380035 loops=1)
  ->  Hash  (cost=73925.90..73925.90 rows=77605 width=4) (actual time=1270.033..1270.033 rows=84684 loops=1)
        Buckets: 131072  Batches: 2  Memory Usage: 2512kB
        ->  Seq Scan on title t  (cost=0.00..73925.90 rows=77605 width=4) (actual time=320.358..1238.196 rows=84684 loops=1)
              Filter: ((kind_id = 7) AND (production_year = 2009))
              Rows Removed by Filter: 2443628
Planning time: 0.842 ms
Execution time: 2219.718 ms
