Seq Scan on cast_info ci  (cost=0.00..796071.18 rows=2738449 width=0) (actual time=8252.027..14301.045 rows=1630295 loops=1)
  Filter: ((person_id < 2558551) AND (role_id = 3))
  Rows Removed by Filter: 34614049
Planning time: 0.474 ms
Execution time: 14512.905 ms
