Hash Join  (cost=79715.19..606090.52 rows=1925019 width=0) (actual time=1253.739..16332.378 rows=2826296 loops=1)
  Hash Cond: (mi.movie_id = t.id)
  ->  Seq Scan on movie_info mi  (cost=0.00..346232.03 rows=13795764 width=4) (actual time=0.022..7165.873 rows=13838458 loops=1)
        Filter: (info_type_id < 90)
        Rows Removed by Filter: 997262
  ->  Hash  (cost=73925.90..73925.90 rows=352823 width=4) (actual time=1252.796..1252.796 rows=302088 loops=1)
        Buckets: 131072  Batches: 8  Memory Usage: 2348kB
        ->  Seq Scan on title t  (cost=0.00..73925.90 rows=352823 width=4) (actual time=0.025..1136.802 rows=302088 loops=1)
              Filter: ((kind_id < 7) AND (production_year > 2006))
              Rows Removed by Filter: 2226224
Planning time: 0.813 ms
Execution time: 16669.978 ms
