Nested Loop  (cost=0.43..83072.29 rows=175 width=0) (actual time=10.437..1289.615 rows=317 loops=1)
  ->  Seq Scan on movie_keyword mk  (cost=0.00..81003.12 rows=246 width=4) (actual time=10.382..1273.738 rows=371 loops=1)
        Filter: (keyword_id = 1958)
        Rows Removed by Filter: 4523559
  ->  Index Scan using title_pkey on title t  (cost=0.43..8.40 rows=1 width=4) (actual time=0.039..0.040 rows=1 loops=371)
        Index Cond: (id = mk.movie_id)
        Filter: (production_year < 2009)
        Rows Removed by Filter: 0
Planning time: 0.577 ms
Execution time: 1289.897 ms
