Nested Loop  (cost=0.43..83072.29 rows=181 width=0) (actual time=114.801..1318.842 rows=59 loops=1)
  ->  Seq Scan on movie_keyword mk  (cost=0.00..81003.12 rows=246 width=4) (actual time=1.796..1298.797 rows=281 loops=1)
        Filter: (keyword_id = 30555)
        Rows Removed by Filter: 4523649
  ->  Index Scan using title_pkey on title t  (cost=0.43..8.40 rows=1 width=4) (actual time=0.069..0.069 rows=0 loops=281)
        Index Cond: (id = mk.movie_id)
        Filter: (kind_id > 1)
        Rows Removed by Filter: 1
Planning time: 0.601 ms
Execution time: 1318.969 ms
