Seq Scan on movie_keyword mk  (cost=0.00..81003.12 rows=246 width=0) (actual time=0.954..915.494 rows=2005 loops=1)
  Filter: (keyword_id = 3792)
  Rows Removed by Filter: 4521925
Planning time: 0.382 ms
Execution time: 916.131 ms
