Seq Scan on movie_keyword mk  (cost=0.00..81003.12 rows=109414 width=0) (actual time=0.038..1375.973 rows=121921 loops=1)
  Filter: (keyword_id < 117)
  Rows Removed by Filter: 4402009
Planning time: 0.323 ms
Execution time: 1394.262 ms
