Hash Join  (cost=574863.65..1988569.91 rows=9570248 width=0) (actual time=12912.340..48452.938 rows=5204547 loops=1)
  Hash Cond: (ci.movie_id = t.id)
  ->  Seq Scan on cast_info ci  (cost=0.00..705507.15 rows=34230668 width=4) (actual time=0.014..16789.633 rows=34209089 loops=1)
        Filter: (person_id < 3662911)
        Rows Removed by Filter: 2035255
  ->  Hash  (cost=563265.05..563265.05 rows=706928 width=8) (actual time=12911.013..12911.013 rows=287888 loops=1)
        Buckets: 131072  Batches: 16  Memory Usage: 1728kB
        ->  Hash Join  (cost=75915.84..563265.05 rows=706928 width=8) (actual time=1211.164..12570.876 rows=287888 loops=1)
              Hash Cond: (mi.movie_id = t.id)
              ->  Seq Scan on movie_info mi  (cost=0.00..309384.22 rows=14739122 width=4) (actual time=0.019..5711.417 rows=14835720 loops=1)
              ->  Hash  (cost=73925.90..73925.90 rows=121275 width=4) (actual time=1210.285..1210.285 rows=124747 loops=1)
                    Buckets: 131072  Batches: 2  Memory Usage: 3225kB
                    ->  Seq Scan on title t  (cost=0.00..73925.90 rows=121275 width=4) (actual time=0.498..1157.477 rows=124747 loops=1)
                          Filter: ((kind_id > 1) AND (production_year = 2012))
                          Rows Removed by Filter: 2403565
Planning time: 1.541 ms
Execution time: 49093.273 ms
