Seq Scan on cast_info ci  (cost=0.00..796071.18 rows=1416101 width=0) (actual time=2499.978..12519.713 rows=468170 loops=1)
  Filter: ((person_id < 1069795) AND (role_id > 9))
  Rows Removed by Filter: 35776174
Planning time: 0.353 ms
Execution time: 12579.353 ms
