Hash Join  (cost=102767.86..253615.35 rows=2492084 width=0) (actual time=1978.717..5790.723 rows=2485329 loops=1)
  Hash Cond: (mk.movie_id = t.id)
  ->  Seq Scan on movie_keyword mk  (cost=0.00..81003.12 rows=2492084 width=4) (actual time=0.024..1542.210 rows=2485329 loops=1)
        Filter: (keyword_id < 6041)
        Rows Removed by Filter: 2038601
  ->  Hash  (cost=61283.27..61283.27 rows=2528527 width=4) (actual time=1976.156..1976.156 rows=2528312 loops=1)
        Buckets: 131072  Batches: 64  Memory Usage: 2425kB
        ->  Seq Scan on title t  (cost=0.00..61283.27 rows=2528527 width=4) (actual time=0.014..1114.287 rows=2528312 loops=1)
Planning time: 0.788 ms
Execution time: 6080.620 ms
