Seq Scan on cast_info ci  (cost=0.00..705507.15 rows=13430038 width=0) (actual time=1931.526..12060.956 rows=13573582 loops=1)
  Filter: (person_id > 2313747)
  Rows Removed by Filter: 22670762
Planning time: 0.357 ms
Execution time: 13784.072 ms
