Hash Join  (cost=107432.01..288004.70 rows=4343274 width=0) (actual time=2245.563..7307.955 rows=4490223 loops=1)
  Hash Cond: (mk.movie_id = t.id)
  ->  Seq Scan on movie_keyword mk  (cost=0.00..69693.30 rows=4523930 width=4) (actual time=0.016..1293.051 rows=4523930 loops=1)
  ->  Hash  (cost=67604.59..67604.59 rows=2427554 width=4) (actual time=2244.645..2244.645 rows=2421168 loops=1)
        Buckets: 131072  Batches: 32  Memory Usage: 3694kB
        ->  Seq Scan on title t  (cost=0.00..67604.59 rows=2427554 width=4) (actual time=0.022..1260.949 rows=2421168 loops=1)
              Filter: (production_year > 1911)
              Rows Removed by Filter: 107144
Planning time: 0.763 ms
Execution time: 7828.729 ms
