Hash Join  (cost=709678.15..794229.76 rows=187 width=0) (actual time=11147.668..12545.716 rows=303 loops=1)
  Hash Cond: (mk.movie_id = t.id)
  ->  Seq Scan on movie_keyword mk  (cost=0.00..81003.12 rows=945764 width=4) (actual time=0.020..1319.936 rows=957164 loops=1)
        Filter: (keyword_id > 19805)
        Rows Removed by Filter: 3566766
  ->  Hash  (cost=709671.90..709671.90 rows=500 width=8) (actual time=11096.091..11096.091 rows=148 loops=1)
        Buckets: 1024  Batches: 1  Memory Usage: 14kB
        ->  Nested Loop  (cost=0.43..709671.90 rows=500 width=8) (actual time=4710.710..11095.971 rows=148 loops=1)
              ->  Seq Scan on cast_info ci  (cost=0.00..705507.15 rows=500 width=4) (actual time=4710.549..11090.678 rows=148 loops=1)
                    Filter: (person_id = 1253136)
                    Rows Removed by Filter: 36244196
              ->  Index Only Scan using title_pkey on title t  (cost=0.43..8.32 rows=1 width=4) (actual time=0.034..0.034 rows=1 loops=148)
                    Index Cond: (id = ci.movie_id)
                    Heap Fetches: 148
Planning time: 1.266 ms
Execution time: 12545.943 ms
