Seq Scan on cast_info ci  (cost=0.00..796071.18 rows=529767 width=0) (actual time=9346.859..12462.309 rows=490226 loops=1)
  Filter: ((person_id < 1077594) AND (role_id = 8))
  Rows Removed by Filter: 35754118
Planning time: 0.448 ms
Execution time: 12524.003 ms
