Seq Scan on movie_keyword mk  (cost=0.00..81003.12 rows=246 width=0) (actual time=4.326..1193.617 rows=183 loops=1)
  Filter: (keyword_id = 6287)
  Rows Removed by Filter: 4523747
Planning time: 0.396 ms
Execution time: 1193.829 ms
