Hash Join  (cost=102767.86..248897.88 rows=2296055 width=0) (actual time=2025.439..5695.797 rows=2297513 loops=1)
  Hash Cond: (mk.movie_id = t.id)
  ->  Seq Scan on movie_keyword mk  (cost=0.00..81003.12 rows=2296055 width=4) (actual time=0.024..1623.233 rows=2297513 loops=1)
        Filter: (keyword_id < 4925)
        Rows Removed by Filter: 2226417
  ->  Hash  (cost=61283.27..61283.27 rows=2528527 width=4) (actual time=2023.340..2023.340 rows=2528312 loops=1)
        Buckets: 131072  Batches: 64  Memory Usage: 2425kB
        ->  Seq Scan on title t  (cost=0.00..61283.27 rows=2528527 width=4) (actual time=0.024..1155.651 rows=2528312 loops=1)
Planning time: 0.759 ms
Execution time: 5938.693 ms
