Hash Join  (cost=126864.64..877684.32 rows=3058 width=0) (actual time=1522.579..17035.812 rows=2033 loops=1)
  Hash Cond: (ci.movie_id = t.id)
  ->  Seq Scan on cast_info ci  (cost=0.00..614943.12 rows=36225612 width=4) (actual time=0.013..8763.381 rows=36244344 loops=1)
  ->  Hash  (cost=126861.97..126861.97 rows=213 width=8) (actual time=1519.593..1519.593 rows=50 loops=1)
        Buckets: 1024  Batches: 1  Memory Usage: 10kB
        ->  Nested Loop  (cost=0.43..126861.97 rows=213 width=8) (actual time=74.093..1519.465 rows=50 loops=1)
              ->  Seq Scan on movie_keyword mk  (cost=0.00..81003.12 rows=6484 width=4) (actual time=0.251..1298.092 rows=6780 loops=1)
                    Filter: (keyword_id = 1135)
                    Rows Removed by Filter: 4517150
              ->  Index Scan using title_pkey on title t  (cost=0.43..7.06 rows=1 width=4) (actual time=0.032..0.032 rows=0 loops=6780)
                    Index Cond: (id = mk.movie_id)
                    Filter: ((kind_id > 1) AND (production_year = 2007))
                    Rows Removed by Filter: 1
Planning time: 1.159 ms
Execution time: 17037.316 ms
