Nested Loop  (cost=0.43..83072.90 rows=152 width=0) (actual time=5.827..1314.379 rows=341 loops=1)
  ->  Seq Scan on movie_keyword mk  (cost=0.00..81003.12 rows=246 width=4) (actual time=0.558..1278.965 rows=1136 loops=1)
        Filter: (keyword_id = 6019)
        Rows Removed by Filter: 4522794
  ->  Index Scan using title_pkey on title t  (cost=0.43..8.40 rows=1 width=4) (actual time=0.030..0.030 rows=0 loops=1136)
        Index Cond: (id = mk.movie_id)
        Filter: ((kind_id > 2) AND (production_year < 2012))
        Rows Removed by Filter: 1
Planning time: 0.859 ms
Execution time: 1314.689 ms
