Hash Join  (cost=85303.03..1221164.15 rows=9934895 width=0) (actual time=1349.888..36441.445 rows=9805541 loops=1)
  Hash Cond: (ci.movie_id = t.id)
  ->  Seq Scan on cast_info ci  (cost=0.00..614943.12 rows=36225612 width=4) (actual time=0.017..13162.200 rows=36244344 loops=1)
  ->  Hash  (cost=73925.90..73925.90 rows=693450 width=4) (actual time=1348.642..1348.642 rows=595167 loops=1)
        Buckets: 131072  Batches: 16  Memory Usage: 2330kB
        ->  Seq Scan on title t  (cost=0.00..73925.90 rows=693450 width=4) (actual time=0.032..1149.895 rows=595167 loops=1)
              Filter: ((kind_id < 7) AND (production_year > 1989))
              Rows Removed by Filter: 1933145
Planning time: 0.746 ms
Execution time: 37675.595 ms
