Seq Scan on movie_keyword mk  (cost=0.00..81003.12 rows=1405850 width=0) (actual time=0.015..1466.419 rows=1423926 loops=1)
  Filter: (keyword_id < 1962)
  Rows Removed by Filter: 3100004
Planning time: 0.344 ms
Execution time: 1652.526 ms
