Hash Join  (cost=58358.65..86990.59 rows=4 width=0) (actual time=1438.622..1441.906 rows=2 loops=1)
  Hash Cond: (mi_idx.movie_id = t.id)
  ->  Seq Scan on movie_info_idx mi_idx  (cost=0.00..25185.44 rows=919057 width=4) (actual time=0.015..454.945 rows=920110 loops=1)
        Filter: (info_type_id > 99)
        Rows Removed by Filter: 459925
  ->  Hash  (cost=58358.52..58358.52 rows=10 width=8) (actual time=865.268..865.268 rows=3 loops=1)
        Buckets: 1024  Batches: 1  Memory Usage: 9kB
        ->  Nested Loop  (cost=0.43..58358.52 rows=10 width=8) (actual time=590.593..865.258 rows=3 loops=1)
              ->  Seq Scan on movie_companies mc  (cost=0.00..57926.93 rows=51 width=4) (actual time=12.654..839.021 rows=494 loops=1)
                    Filter: ((company_id = 2416) AND (company_type_id = 1))
                    Rows Removed by Filter: 2608635
              ->  Index Scan using title_pkey on title t  (cost=0.43..8.45 rows=1 width=4) (actual time=0.052..0.052 rows=0 loops=494)
                    Index Cond: (id = mc.movie_id)
                    Filter: ((kind_id > 4) AND (production_year > 2007))
                    Rows Removed by Filter: 1
Planning time: 0.936 ms
Execution time: 1442.051 ms
