Hash Join  (cost=94746.51..603066.07 rows=4755937 width=0) (actual time=1766.972..14512.844 rows=1881773 loops=1)
  Hash Cond: (mi.movie_id = t.id)
  ->  Seq Scan on movie_info mi  (cost=0.00..346232.03 rows=9476311 width=4) (actual time=0.011..7210.584 rows=9565151 loops=1)
        Filter: (info_type_id < 16)
        Rows Removed by Filter: 5270569
  ->  Hash  (cost=73925.90..73925.90 rows=1269008 width=4) (actual time=1765.427..1765.427 rows=1233025 loops=1)
        Buckets: 131072  Batches: 32  Memory Usage: 2381kB
        ->  Seq Scan on title t  (cost=0.00..73925.90 rows=1269008 width=4) (actual time=0.009..1359.141 rows=1233025 loops=1)
              Filter: ((kind_id > 4) AND (production_year < 2011))
              Rows Removed by Filter: 1295287
Planning time: 0.723 ms
Execution time: 14724.358 ms
