Seq Scan on movie_companies mc  (cost=0.00..57926.93 rows=1187022 width=0) (actual time=0.025..1216.707 rows=1274246 loops=1)
  Filter: ((company_id < 116930) AND (company_type_id < 2))
  Rows Removed by Filter: 1334883
Planning time: 0.293 ms
Execution time: 1373.251 ms
