Hash Join  (cost=237252.21..607696.28 rows=538658 width=0) (actual time=7967.759..10849.537 rows=1055617 loops=1)
  Hash Cond: (mi.movie_id = t.id)
  ->  Seq Scan on movie_info mi  (cost=0.00..346232.03 rows=1264125 width=4) (actual time=3259.966..5119.601 rows=1288928 loops=1)
        Filter: (info_type_id = 2)
        Rows Removed by Filter: 13546792
  ->  Hash  (cost=219575.29..219575.29 rows=1077434 width=8) (actual time=4674.594..4674.594 rows=1088237 loops=1)
        Buckets: 131072  Batches: 16  Memory Usage: 3821kB
        ->  Hash Join  (cost=102767.86..219575.29 rows=1077434 width=8) (actual time=1933.348..4394.113 rows=1088237 loops=1)
              Hash Cond: (mk.movie_id = t.id)
              ->  Seq Scan on movie_keyword mk  (cost=0.00..81003.12 rows=1077434 width=4) (actual time=0.031..1335.736 rows=1088237 loops=1)
                    Filter: (keyword_id > 16264)
                    Rows Removed by Filter: 3435693
              ->  Hash  (cost=61283.27..61283.27 rows=2528527 width=4) (actual time=1931.630..1931.630 rows=2528312 loops=1)
                    Buckets: 131072  Batches: 64  Memory Usage: 2425kB
                    ->  Seq Scan on title t  (cost=0.00..61283.27 rows=2528527 width=4) (actual time=0.022..1087.152 rows=2528312 loops=1)
Planning time: 1.243 ms
Execution time: 10973.869 ms
