Hash Join  (cost=697320.83..2221309.76 rows=37318580 width=0) (actual time=21833.457..89803.231 rows=145486278 loops=1)
  Hash Cond: (ci.movie_id = t.id)
  ->  Seq Scan on cast_info ci  (cost=0.00..796071.18 rows=18814899 width=4) (actual time=902.708..17756.010 rows=17949088 loops=1)
        Filter: ((person_id > 752320) AND (role_id < 4))
        Rows Removed by Filter: 18295256
  ->  Hash  (cost=615039.47..615039.47 rows=5015229 width=8) (actual time=20928.601..20928.601 rows=9874334 loops=1)
        Buckets: 131072 (originally 131072)  Batches: 256 (originally 128)  Memory Usage: 4028kB
        ->  Hash Join  (cost=81720.25..615039.47 rows=5015229 width=8) (actual time=1447.322..17565.428 rows=9874334 loops=1)
              Hash Cond: (mi.movie_id = t.id)
              ->  Seq Scan on movie_info mi  (cost=0.00..309384.22 rows=14739122 width=4) (actual time=0.025..6192.312 rows=14835720 loops=1)
              ->  Hash  (cost=67604.59..67604.59 rows=860373 width=4) (actual time=1446.403..1446.403 rows=854214 loops=1)
                    Buckets: 131072  Batches: 16  Memory Usage: 2906kB
                    ->  Seq Scan on title t  (cost=0.00..67604.59 rows=860373 width=4) (actual time=0.029..1173.875 rows=854214 loops=1)
                          Filter: (kind_id < 4)
                          Rows Removed by Filter: 1674098
Planning time: 1.183 ms
Execution time: 106500.937 ms
