Seq Scan on movie_companies mc  (cost=0.00..57926.93 rows=53 width=0) (actual time=332.662..806.277 rows=33 loops=1)
  Filter: ((company_id = 9471) AND (company_type_id = 2))
  Rows Removed by Filter: 2609096
Planning time: 0.466 ms
Execution time: 806.374 ms
