Hash Join  (cost=210033.74..750488.20 rows=5683953 width=0) (actual time=4838.934..23201.296 rows=17158385 loops=1)
  Hash Cond: (mi.movie_id = t.id)
  ->  Seq Scan on movie_info mi  (cost=0.00..309384.22 rows=14739122 width=4) (actual time=0.013..6203.446 rows=14835720 loops=1)
  ->  Hash  (cost=194036.07..194036.07 rows=975094 width=8) (actual time=4837.714..4837.714 rows=1138966 loops=1)
        Buckets: 131072  Batches: 16  Memory Usage: 3812kB
        ->  Hash Join  (cost=102767.86..194036.07 rows=975094 width=8) (actual time=1982.695..4480.658 rows=1138966 loops=1)
              Hash Cond: (mc.movie_id = t.id)
              ->  Seq Scan on movie_companies mc  (cost=0.00..57926.93 rows=975094 width=4) (actual time=0.019..1131.957 rows=1138966 loops=1)
                    Filter: ((company_id > 1225) AND (company_type_id > 1))
                    Rows Removed by Filter: 1470163
              ->  Hash  (cost=61283.27..61283.27 rows=2528527 width=4) (actual time=1981.636..1981.636 rows=2528312 loops=1)
                    Buckets: 131072  Batches: 64  Memory Usage: 2415kB
                    ->  Seq Scan on title t  (cost=0.00..61283.27 rows=2528527 width=4) (actual time=0.022..1141.207 rows=2528312 loops=1)
Planning time: 9.379 ms
Execution time: 25226.948 ms
