Hash Join  (cost=268072.88..885138.08 rows=11137137 width=0) (actual time=5553.721..20044.187 rows=4790333 loops=1)
  Hash Cond: (mi.movie_id = t.id)
  ->  Seq Scan on movie_info mi  (cost=0.00..309384.22 rows=14739122 width=4) (actual time=0.018..6297.171 rows=14835720 loops=1)
  ->  Hash  (cost=236726.39..236726.39 rows=1910599 width=8) (actual time=5510.984..5510.984 rows=478838 loops=1)
        Buckets: 131072  Batches: 32  Memory Usage: 1624kB
        ->  Hash Join  (cost=91446.37..236726.39 rows=1910599 width=8) (actual time=2784.182..5358.249 rows=478838 loops=1)
              Hash Cond: (mk.movie_id = t.id)
              ->  Seq Scan on movie_keyword mk  (cost=0.00..69693.30 rows=4523930 width=4) (actual time=0.018..1409.082 rows=4523930 loops=1)
              ->  Hash  (cost=73925.90..73925.90 rows=1067877 width=4) (actual time=1764.959..1764.959 rows=1163273 loops=1)
                    Buckets: 131072  Batches: 16  Memory Usage: 3594kB
                    ->  Seq Scan on title t  (cost=0.00..73925.90 rows=1067877 width=4) (actual time=0.021..1391.682 rows=1163273 loops=1)
                          Filter: ((production_year > 1990) AND (kind_id = 7))
                          Rows Removed by Filter: 1365039
Planning time: 1.208 ms
Execution time: 20564.300 ms
