Hash Join  (cost=80562.70..1043182.72 rows=3476543 width=0) (actual time=1513.239..23721.614 rows=3697571 loops=1)
  Hash Cond: (ci.movie_id = t.id)
  ->  Seq Scan on cast_info ci  (cost=0.00..796071.18 rows=11130510 width=4) (actual time=0.014..15141.241 rows=12194750 loops=1)
        Filter: ((person_id < 1256475) AND (role_id < 10))
        Rows Removed by Filter: 24049594
  ->  Hash  (cost=67604.59..67604.59 rows=789769 width=4) (actual time=1511.580..1511.580 rows=784926 loops=1)
        Buckets: 131072  Batches: 16  Memory Usage: 2749kB
        ->  Seq Scan on title t  (cost=0.00..67604.59 rows=789769 width=4) (actual time=0.023..1227.520 rows=784926 loops=1)
              Filter: (production_year > 2007)
              Rows Removed by Filter: 1743386
Planning time: 5.754 ms
Execution time: 24138.741 ms
