Seq Scan on movie_keyword mk  (cost=0.00..81003.12 rows=4435583 width=0) (actual time=0.013..1690.825 rows=4437580 loops=1)
  Filter: (keyword_id < 85959)
  Rows Removed by Filter: 86350
Planning time: 0.323 ms
Execution time: 2230.854 ms
