Hash Join  (cost=76440.79..510097.74 rows=1327226 width=0) (actual time=2756.580..11282.225 rows=1406687 loops=1)
  Hash Cond: (mi.movie_id = t.id)
  ->  Seq Scan on movie_info mi  (cost=0.00..346232.03 rows=6231111 width=4) (actual time=1379.293..6023.486 rows=6223494 loops=1)
        Filter: (info_type_id > 8)
        Rows Removed by Filter: 8612226
  ->  Hash  (cost=67604.59..67604.59 rows=538576 width=4) (actual time=1376.451..1376.451 rows=538190 loops=1)
        Buckets: 131072  Batches: 8  Memory Usage: 3387kB
        ->  Seq Scan on title t  (cost=0.00..67604.59 rows=538576 width=4) (actual time=0.016..1199.220 rows=538190 loops=1)
              Filter: (production_year < 1982)
              Rows Removed by Filter: 1990122
Planning time: 0.760 ms
Execution time: 11457.079 ms
