Hash Join  (cost=263115.61..444536.91 rows=3818551 width=0) (actual time=6054.522..15470.524 rows=28162182 loops=1)
  Hash Cond: (mk.movie_id = t.id)
  ->  Seq Scan on movie_keyword mk  (cost=0.00..81003.12 rows=3700587 width=4) (actual time=0.018..1717.109 rows=3691820 loops=1)
        Filter: (keyword_id < 22123)
        Rows Removed by Filter: 832110
  ->  Hash  (cost=220309.49..220309.49 rows=2609129 width=8) (actual time=6053.386..6053.386 rows=2609129 loops=1)
        Buckets: 131072  Batches: 64  Memory Usage: 2691kB
        ->  Hash Join  (cost=102767.86..220309.49 rows=2609129 width=8) (actual time=1959.155..5301.616 rows=2609129 loops=1)
              Hash Cond: (mc.movie_id = t.id)
              ->  Seq Scan on movie_companies mc  (cost=0.00..44881.29 rows=2609129 width=4) (actual time=0.013..905.028 rows=2609129 loops=1)
              ->  Hash  (cost=61283.27..61283.27 rows=2528527 width=4) (actual time=1958.040..1958.040 rows=2528312 loops=1)
                    Buckets: 131072  Batches: 64  Memory Usage: 2415kB
                    ->  Seq Scan on title t  (cost=0.00..61283.27 rows=2528527 width=4) (actual time=0.017..1116.808 rows=2528312 loops=1)
Planning time: 2.117 ms
Execution time: 18260.194 ms
