Hash Join  (cost=92883.59..239067.14 rows=1906782 width=0) (actual time=2220.900..5104.001 rows=469473 loops=1)
  Hash Cond: (mk.movie_id = t.id)
  ->  Seq Scan on movie_keyword mk  (cost=0.00..81003.12 rows=3129121 width=4) (actual time=0.018..1741.810 rows=3114141 loops=1)
        Filter: (keyword_id > 1926)
        Rows Removed by Filter: 1409789
  ->  Hash  (cost=67604.59..67604.59 rows=1540800 width=4) (actual time=1802.965..1802.965 rows=1543264 loops=1)
        Buckets: 131072  Batches: 32  Memory Usage: 2728kB
        ->  Seq Scan on title t  (cost=0.00..67604.59 rows=1540800 width=4) (actual time=0.021..1293.561 rows=1543264 loops=1)
              Filter: (kind_id = 7)
              Rows Removed by Filter: 985048
Planning time: 2.873 ms
Execution time: 5147.307 ms
