Hash Join  (cost=69694.50..1122241.23 rows=1824556 width=0) (actual time=1109.576..29094.835 rows=2214955 loops=1)
  Hash Cond: (ci.movie_id = t.id)
  ->  Seq Scan on cast_info ci  (cost=0.00..614943.12 rows=36225612 width=4) (actual time=0.012..13243.099 rows=36244344 loops=1)
  ->  Hash  (cost=67604.59..67604.59 rows=127353 width=4) (actual time=1108.532..1108.532 rows=128696 loops=1)
        Buckets: 131072  Batches: 2  Memory Usage: 3284kB
        ->  Seq Scan on title t  (cost=0.00..67604.59 rows=127353 width=4) (actual time=0.021..1060.588 rows=128696 loops=1)
              Filter: (production_year = 2009)
              Rows Removed by Filter: 2399616
Planning time: 0.760 ms
Execution time: 29373.930 ms
