Hash Join  (cost=190140.91..1295105.41 rows=6927234 width=0) (actual time=4239.535..42771.163 rows=26523371 loops=1)
  Hash Cond: (ci.movie_id = t.id)
  ->  Seq Scan on cast_info ci  (cost=0.00..614943.12 rows=36225612 width=4) (actual time=0.017..13163.821 rows=36244344 loops=1)
  ->  Hash  (cost=182207.94..182207.94 rows=483517 width=8) (actual time=4238.812..4238.812 rows=691807 loops=1)
        Buckets: 131072 (originally 131072)  Batches: 16 (originally 8)  Memory Usage: 3073kB
        ->  Hash Join  (cost=102767.86..182207.94 rows=483517 width=8) (actual time=2322.174..4041.825 rows=691807 loops=1)
              Hash Cond: (mc.movie_id = t.id)
              ->  Seq Scan on movie_companies mc  (cost=0.00..57926.93 rows=483517 width=4) (actual time=336.960..984.789 rows=691807 loops=1)
                    Filter: ((company_id < 4535) AND (company_type_id < 2))
                    Rows Removed by Filter: 1917322
              ->  Hash  (cost=61283.27..61283.27 rows=2528527 width=4) (actual time=1983.998..1983.998 rows=2528312 loops=1)
                    Buckets: 131072  Batches: 64  Memory Usage: 2415kB
                    ->  Seq Scan on title t  (cost=0.00..61283.27 rows=2528527 width=4) (actual time=0.050..1129.378 rows=2528312 loops=1)
Planning time: 1.050 ms
Execution time: 45877.195 ms
