Seq Scan on movie_keyword mk  (cost=0.00..81003.12 rows=2343437 width=0) (actual time=0.025..1362.045 rows=2342726 loops=1)
  Filter: (keyword_id > 4304)
  Rows Removed by Filter: 2181204
Planning time: 1.634 ms
Execution time: 1632.612 ms
