Hash Join  (cost=174277.91..212827.88 rows=49949 width=0) (actual time=3251.397..4163.666 rows=206978 loops=1)
  Hash Cond: (mi_idx.movie_id = t.id)
  ->  Seq Scan on movie_info_idx mi_idx  (cost=0.00..21735.35 rows=1380035 width=4) (actual time=0.017..417.306 rows=1380035 loops=1)
  ->  Hash  (cost=172775.94..172775.94 rows=91517 width=8) (actual time=3250.368..3250.368 rows=146931 loops=1)
        Buckets: 131072  Batches: 2  Memory Usage: 3903kB
        ->  Hash Join  (cost=102767.86..172775.94 rows=91517 width=8) (actual time=1884.895..3206.830 rows=146931 loops=1)
              Hash Cond: (mc.movie_id = t.id)
              ->  Seq Scan on movie_companies mc  (cost=0.00..57926.93 rows=91517 width=4) (actual time=0.019..834.722 rows=146931 loops=1)
                    Filter: ((company_id < 49) AND (company_type_id < 2))
                    Rows Removed by Filter: 2462198
              ->  Hash  (cost=61283.27..61283.27 rows=2528527 width=4) (actual time=1883.946..1883.946 rows=2528312 loops=1)
                    Buckets: 131072  Batches: 64  Memory Usage: 2415kB
                    ->  Seq Scan on title t  (cost=0.00..61283.27 rows=2528527 width=4) (actual time=0.012..1060.292 rows=2528312 loops=1)
Planning time: 1.640 ms
Execution time: 4188.118 ms
