Hash Join  (cost=180401.51..311210.46 rows=722791 width=0) (actual time=3520.635..7953.848 rows=2700992 loops=1)
  Hash Cond: (mk.movie_id = t.id)
  ->  Seq Scan on movie_keyword mk  (cost=0.00..69693.30 rows=4523930 width=4) (actual time=0.018..1461.260 rows=4523930 loops=1)
  ->  Hash  (cost=173772.71..173772.71 rows=403984 width=8) (actual time=3519.668..3519.668 rows=403659 loops=1)
        Buckets: 131072  Batches: 8  Memory Usage: 3009kB
        ->  Hash Join  (cost=102767.86..173772.71 rows=403984 width=8) (actual time=1742.680..3399.113 rows=403659 loops=1)
              Hash Cond: (mc.movie_id = t.id)
              ->  Seq Scan on movie_companies mc  (cost=0.00..51404.11 rows=403984 width=4) (actual time=0.037..910.158 rows=403659 loops=1)
                    Filter: (company_id < 258)
                    Rows Removed by Filter: 2205470
              ->  Hash  (cost=61283.27..61283.27 rows=2528527 width=4) (actual time=1741.025..1741.025 rows=2528312 loops=1)
                    Buckets: 131072  Batches: 64  Memory Usage: 2415kB
                    ->  Seq Scan on title t  (cost=0.00..61283.27 rows=2528527 width=4) (actual time=0.037..958.508 rows=2528312 loops=1)
Planning time: 1.193 ms
Execution time: 8268.750 ms
