Nested Loop  (cost=0.43..709671.90 rows=500 width=0) (actual time=10733.162..11240.205 rows=10 loops=1)
  ->  Seq Scan on cast_info ci  (cost=0.00..705507.15 rows=500 width=4) (actual time=10733.054..11239.087 rows=10 loops=1)
        Filter: (person_id = 1189639)
        Rows Removed by Filter: 36244334
  ->  Index Only Scan using title_pkey on title t  (cost=0.43..8.32 rows=1 width=4) (actual time=0.107..0.107 rows=1 loops=10)
        Index Cond: (id = ci.movie_id)
        Heap Fetches: 10
Planning time: 0.780 ms
Execution time: 11240.282 ms
