Hash Join  (cost=447983.67..1181174.75 rows=31549 width=0) (actual time=7948.397..20189.246 rows=16548 loops=1)
  Hash Cond: (ci.movie_id = t.id)
  ->  Seq Scan on cast_info ci  (cost=0.00..705507.15 rows=7298253 width=4) (actual time=2167.460..13231.249 rows=7451973 loops=1)
        Filter: (role_id = 2)
        Rows Removed by Filter: 28792371
  ->  Hash  (cost=447847.04..447847.04 rows=10930 width=8) (actual time=5780.630..5780.630 rows=3808 loops=1)
        Buckets: 16384  Batches: 1  Memory Usage: 277kB
        ->  Nested Loop  (cost=0.43..447847.04 rows=10930 width=8) (actual time=4043.496..5778.192 rows=3808 loops=1)
              ->  Seq Scan on movie_info mi  (cost=0.00..346232.03 rows=17937 width=4) (actual time=3878.002..5099.441 rows=36985 loops=1)
                    Filter: (info_type_id = 104)
                    Rows Removed by Filter: 14798735
              ->  Index Scan using title_pkey on title t  (cost=0.43..5.66 rows=1 width=4) (actual time=0.018..0.018 rows=0 loops=36985)
                    Index Cond: (id = mi.movie_id)
                    Filter: (kind_id = 7)
                    Rows Removed by Filter: 1
Planning time: 1.233 ms
Execution time: 20193.982 ms
