Hash Join  (cost=200826.49..1005503.36 rows=1302029 width=0) (actual time=4103.789..23652.888 rows=7834431 loops=1)
  Hash Cond: (ci.movie_id = t.id)
  ->  Seq Scan on cast_info ci  (cost=0.00..705507.15 rows=7298253 width=4) (actual time=0.014..13967.543 rows=7451973 loops=1)
        Filter: (role_id = 2)
        Rows Removed by Filter: 28792371
  ->  Hash  (cost=193424.79..193424.79 rows=451096 width=8) (actual time=4102.933..4102.933 rows=725516 loops=1)
        Buckets: 131072 (originally 131072)  Batches: 16 (originally 8)  Memory Usage: 3073kB
        ->  Hash Join  (cost=83963.19..193424.79 rows=451096 width=8) (actual time=1324.611..3898.171 rows=725516 loops=1)
              Hash Cond: (mk.movie_id = t.id)
              ->  Seq Scan on movie_keyword mk  (cost=0.00..81003.12 rows=1864402 width=4) (actual time=0.019..1534.225 rows=1870394 loops=1)
                    Filter: (keyword_id > 7356)
                    Rows Removed by Filter: 2653536
              ->  Hash  (cost=73925.90..73925.90 rows=611783 width=4) (actual time=1323.604..1323.604 rows=480763 loops=1)
                    Buckets: 131072  Batches: 8  Memory Usage: 3148kB
                    ->  Seq Scan on title t  (cost=0.00..73925.90 rows=611783 width=4) (actual time=0.020..1161.418 rows=480763 loops=1)
                          Filter: ((kind_id < 4) AND (production_year > 1988))
                          Rows Removed by Filter: 2047549
Planning time: 1.129 ms
Execution time: 24560.368 ms
