Hash Join  (cost=156487.41..286011.30 rows=636318 width=0) (actual time=3356.087..7130.890 rows=2669627 loops=1)
  Hash Cond: (mk.movie_id = t.id)
  ->  Seq Scan on movie_keyword mk  (cost=0.00..81003.12 rows=3490288 width=4) (actual time=0.023..1703.915 rows=3484998 loops=1)
        Filter: (keyword_id < 17067)
        Rows Removed by Filter: 1038932
  ->  Hash  (cost=148924.19..148924.19 rows=460978 width=8) (actual time=3355.318..3355.318 rows=459925 loops=1)
        Buckets: 131072  Batches: 8  Memory Usage: 3284kB
        ->  Hash Join  (cost=102767.86..148924.19 rows=460978 width=8) (actual time=1958.229..3208.396 rows=459925 loops=1)
              Hash Cond: (mi_idx.movie_id = t.id)
              ->  Seq Scan on movie_info_idx mi_idx  (cost=0.00..25185.44 rows=460978 width=4) (actual time=0.020..452.122 rows=459925 loops=1)
                    Filter: (info_type_id < 100)
                    Rows Removed by Filter: 920110
              ->  Hash  (cost=61283.27..61283.27 rows=2528527 width=4) (actual time=1956.421..1956.421 rows=2528312 loops=1)
                    Buckets: 131072  Batches: 64  Memory Usage: 2415kB
                    ->  Seq Scan on title t  (cost=0.00..61283.27 rows=2528527 width=4) (actual time=0.010..1098.108 rows=2528312 loops=1)
Planning time: 1.131 ms
Execution time: 7418.668 ms
