Hash Join  (cost=58358.90..145017.85 rows=91 width=0) (actual time=1064.592..2649.326 rows=2155 loops=1)
  Hash Cond: (mk.movie_id = t.id)
  ->  Seq Scan on movie_keyword mk  (cost=0.00..69693.30 rows=4523930 width=4) (actual time=0.004..1026.745 rows=4523930 loops=1)
  ->  Hash  (cost=58358.27..58358.27 rows=51 width=8) (actual time=846.401..846.401 rows=39 loops=1)
        Buckets: 1024  Batches: 1  Memory Usage: 10kB
        ->  Nested Loop  (cost=0.43..58358.27 rows=51 width=8) (actual time=25.071..846.351 rows=39 loops=1)
              ->  Seq Scan on movie_companies mc  (cost=0.00..57926.93 rows=51 width=4) (actual time=24.947..844.769 rows=39 loops=1)
                    Filter: ((company_type_id < 2) AND (company_id = 17061))
                    Rows Removed by Filter: 2609090
              ->  Index Only Scan using title_pkey on title t  (cost=0.43..8.45 rows=1 width=4) (actual time=0.035..0.036 rows=1 loops=39)
                    Index Cond: (id = mc.movie_id)
                    Heap Fetches: 39
Planning time: 0.970 ms
Execution time: 2649.730 ms
