Hash Join  (cost=167422.21..208764.59 rows=212690 width=0) (actual time=3461.354..4753.578 rows=649063 loops=1)
  Hash Cond: (mi_idx.movie_id = t.id)
  ->  Seq Scan on movie_info_idx mi_idx  (cost=0.00..21735.35 rows=1380035 width=4) (actual time=0.020..480.705 rows=1380035 loops=1)
  ->  Hash  (cost=161028.03..161028.03 rows=389694 width=8) (actual time=3460.485..3460.485 rows=474765 loops=1)
        Buckets: 131072  Batches: 8  Memory Usage: 3340kB
        ->  Hash Join  (cost=83810.17..161028.03 rows=389694 width=8) (actual time=1473.733..3317.903 rows=474765 loops=1)
              Hash Cond: (mc.movie_id = t.id)
              ->  Seq Scan on movie_companies mc  (cost=0.00..57926.93 rows=997596 width=4) (actual time=0.031..1162.569 rows=700007 loops=1)
                    Filter: ((company_id < 53326) AND (company_type_id > 1))
                    Rows Removed by Filter: 1909122
              ->  Hash  (cost=67604.59..67604.59 rows=987727 width=4) (actual time=1472.393..1472.393 rows=985048 loops=1)
                    Buckets: 131072  Batches: 16  Memory Usage: 3188kB
                    ->  Seq Scan on title t  (cost=0.00..67604.59 rows=987727 width=4) (actual time=0.018..1165.744 rows=985048 loops=1)
                          Filter: (kind_id < 7)
                          Rows Removed by Filter: 1543264
Planning time: 0.730 ms
Execution time: 4825.550 ms
