Hash Join  (cost=98137.04..193356.26 rows=1333322 width=0) (actual time=1874.938..4722.725 rows=959448 loops=1)
  Hash Cond: (mc.movie_id = t.id)
  ->  Seq Scan on movie_companies mc  (cost=0.00..51404.11 rows=1811579 width=4) (actual time=0.022..990.798 rows=1804899 loops=1)
        Filter: (company_id < 29951)
        Rows Removed by Filter: 804230
  ->  Hash  (cost=67604.59..67604.59 rows=1860996 width=4) (actual time=1873.527..1873.527 rows=1865487 loops=1)
        Buckets: 131072  Batches: 32  Memory Usage: 3079kB
        ->  Seq Scan on title t  (cost=0.00..67604.59 rows=1860996 width=4) (actual time=0.022..1272.193 rows=1865487 loops=1)
              Filter: (kind_id > 1)
              Rows Removed by Filter: 662825
Planning time: 0.754 ms
Execution time: 4840.252 ms
