Seq Scan on title t  (cost=0.00..73925.90 rows=5474 width=0) (actual time=0.094..1205.732 rows=17579 loops=1)
  Filter: ((kind_id > 1) AND (production_year = 1990))
  Rows Removed by Filter: 2510733
Planning time: 0.386 ms
Execution time: 1209.401 ms
