Hash Join  (cost=73982.55..102630.93 rows=1647 width=0) (actual time=1228.630..1974.707 rows=1964 loops=1)
  Hash Cond: (mi_idx.movie_id = t.id)
  ->  Seq Scan on movie_info_idx mi_idx  (cost=0.00..25185.44 rows=919057 width=4) (actual time=0.042..561.433 rows=920110 loops=1)
        Filter: (info_type_id > 99)
        Rows Removed by Filter: 459925
  ->  Hash  (cost=73925.90..73925.90 rows=4532 width=4) (actual time=1225.135..1225.135 rows=7858 loops=1)
        Buckets: 8192  Batches: 1  Memory Usage: 341kB
        ->  Seq Scan on title t  (cost=0.00..73925.90 rows=4532 width=4) (actual time=176.541..1221.222 rows=7858 loops=1)
              Filter: ((kind_id = 7) AND (production_year = 1975))
              Rows Removed by Filter: 2520454
Planning time: 3.541 ms
Execution time: 1975.093 ms
