Hash Join  (cost=98137.04..195749.00 rows=340658 width=0) (actual time=1948.083..3945.098 rows=213326 loops=1)
  Hash Cond: (mk.movie_id = t.id)
  ->  Seq Scan on movie_keyword mk  (cost=0.00..81003.12 rows=462851 width=4) (actual time=0.015..1346.119 rows=472545 loops=1)
        Filter: (keyword_id < 359)
        Rows Removed by Filter: 4051385
  ->  Hash  (cost=67604.59..67604.59 rows=1860996 width=4) (actual time=1944.589..1944.589 rows=1865487 loops=1)
        Buckets: 131072  Batches: 32  Memory Usage: 3085kB
        ->  Seq Scan on title t  (cost=0.00..67604.59 rows=1860996 width=4) (actual time=0.023..1313.401 rows=1865487 loops=1)
              Filter: (kind_id > 1)
              Rows Removed by Filter: 662825
Planning time: 0.794 ms
Execution time: 3972.357 ms
