Hash Join  (cost=28268.35..114927.41 rows=102 width=0) (actual time=426.109..2219.095 rows=14201 loops=1)
  Hash Cond: (mk.movie_id = t.id)
  ->  Seq Scan on movie_keyword mk  (cost=0.00..69693.30 rows=4523930 width=4) (actual time=0.020..1026.844 rows=4523930 loops=1)
  ->  Hash  (cost=28267.64..28267.64 rows=57 width=8) (actual time=424.767..424.767 rows=84 loops=1)
        Buckets: 1024  Batches: 1  Memory Usage: 12kB
        ->  Nested Loop  (cost=0.43..28267.64 rows=57 width=8) (actual time=184.702..424.717 rows=84 loops=1)
              ->  Seq Scan on movie_info_idx mi_idx  (cost=0.00..25185.44 rows=368 width=4) (actual time=184.474..417.433 rows=260 loops=1)
                    Filter: (info_type_id > 101)
                    Rows Removed by Filter: 1379775
              ->  Index Scan using title_pkey on title t  (cost=0.43..8.37 rows=1 width=4) (actual time=0.027..0.027 rows=0 loops=260)
                    Index Cond: (id = mi_idx.movie_id)
                    Filter: ((production_year > 1998) AND (kind_id = 1))
                    Rows Removed by Filter: 1
Planning time: 0.827 ms
Execution time: 2225.250 ms
