Seq Scan on movie_keyword mk  (cost=0.00..81003.12 rows=1444710 width=0) (actual time=0.016..1294.180 rows=1456876 loops=1)
  Filter: (keyword_id > 11427)
  Rows Removed by Filter: 3067054
Planning time: 0.355 ms
Execution time: 1484.428 ms
