Hash Join  (cost=187590.65..693550.04 rows=2451046 width=0) (actual time=3284.311..16506.305 rows=2912682 loops=1)
  Hash Cond: (mi.movie_id = t.id)
  ->  Seq Scan on movie_info mi  (cost=0.00..309384.22 rows=14739122 width=4) (actual time=0.013..5948.830 rows=14835720 loops=1)
  ->  Hash  (cost=180691.62..180691.62 rows=420482 width=8) (actual time=3283.403..3283.403 rows=237422 loops=1)
        Buckets: 131072  Batches: 8  Memory Usage: 2198kB
        ->  Hash Join  (cost=102767.86..180691.62 rows=420482 width=8) (actual time=1848.424..3215.687 rows=237422 loops=1)
              Hash Cond: (mc.movie_id = t.id)
              ->  Seq Scan on movie_companies mc  (cost=0.00..57926.93 rows=420482 width=4) (actual time=0.027..820.546 rows=237422 loops=1)
                    Filter: ((company_id < 1919) AND (company_type_id = 2))
                    Rows Removed by Filter: 2371707
              ->  Hash  (cost=61283.27..61283.27 rows=2528527 width=4) (actual time=1847.312..1847.312 rows=2528312 loops=1)
                    Buckets: 131072  Batches: 64  Memory Usage: 2415kB
                    ->  Seq Scan on title t  (cost=0.00..61283.27 rows=2528527 width=4) (actual time=0.018..1035.956 rows=2528312 loops=1)
Planning time: 1.217 ms
Execution time: 16859.175 ms
