Hash Join  (cost=102767.86..227280.37 rows=1397624 width=0) (actual time=1951.938..5127.269 rows=1411578 loops=1)
  Hash Cond: (mk.movie_id = t.id)
  ->  Seq Scan on movie_keyword mk  (cost=0.00..81003.12 rows=1397624 width=4) (actual time=0.015..1447.113 rows=1411578 loops=1)
        Filter: (keyword_id < 1935)
        Rows Removed by Filter: 3112352
  ->  Hash  (cost=61283.27..61283.27 rows=2528527 width=4) (actual time=1950.316..1950.316 rows=2528312 loops=1)
        Buckets: 131072  Batches: 64  Memory Usage: 2425kB
        ->  Seq Scan on title t  (cost=0.00..61283.27 rows=2528527 width=4) (actual time=0.035..1095.579 rows=2528312 loops=1)
Planning time: 0.772 ms
Execution time: 5302.682 ms
