Hash Join  (cost=77134.53..192719.59 rows=212023 width=0) (actual time=1280.752..4303.489 rows=690986 loops=1)
  Hash Cond: (mk.movie_id = t.id)
  ->  Seq Scan on movie_keyword mk  (cost=0.00..81003.12 rows=2741254 width=4) (actual time=0.021..1667.037 rows=2732361 loops=1)
        Filter: (keyword_id < 7766)
        Rows Removed by Filter: 1791569
  ->  Hash  (cost=73925.90..73925.90 rows=195570 width=4) (actual time=1279.860..1279.860 rows=300646 loops=1)
        Buckets: 131072  Batches: 4  Memory Usage: 3676kB
        ->  Seq Scan on title t  (cost=0.00..73925.90 rows=195570 width=4) (actual time=0.019..1178.678 rows=300646 loops=1)
              Filter: ((kind_id < 7) AND (production_year < 1979))
              Rows Removed by Filter: 2227666
Planning time: 0.773 ms
Execution time: 4394.132 ms
