Hash Join  (cost=83074.74..140438.29 rows=155 width=0) (actual time=1284.473..2472.391 rows=67 loops=1)
  Hash Cond: (mc.movie_id = t.id)
  ->  Seq Scan on movie_companies mc  (cost=0.00..51404.11 rows=1588768 width=4) (actual time=0.020..1010.606 rows=1588955 loops=1)
        Filter: (company_id > 5376)
        Rows Removed by Filter: 1020174
  ->  Hash  (cost=83071.67..83071.67 rows=246 width=8) (actual time=1243.857..1243.857 rows=15 loops=1)
        Buckets: 1024  Batches: 1  Memory Usage: 9kB
        ->  Nested Loop  (cost=0.43..83071.67 rows=246 width=8) (actual time=6.009..1243.824 rows=15 loops=1)
              ->  Seq Scan on movie_keyword mk  (cost=0.00..81003.12 rows=246 width=4) (actual time=5.906..1242.960 rows=15 loops=1)
                    Filter: (keyword_id = 15129)
                    Rows Removed by Filter: 4523915
              ->  Index Only Scan using title_pkey on title t  (cost=0.43..8.40 rows=1 width=4) (actual time=0.049..0.050 rows=1 loops=15)
                    Index Cond: (id = mk.movie_id)
                    Heap Fetches: 15
Planning time: 1.189 ms
Execution time: 2472.522 ms
