Hash Join  (cost=102767.86..174912.72 rows=451369 width=0) (actual time=2096.663..3720.339 rows=453640 loops=1)
  Hash Cond: (mc.movie_id = t.id)
  ->  Seq Scan on movie_companies mc  (cost=0.00..51404.11 rows=451369 width=4) (actual time=118.478..919.626 rows=453640 loops=1)
        Filter: (company_id > 76944)
        Rows Removed by Filter: 2155489
  ->  Hash  (cost=61283.27..61283.27 rows=2528527 width=4) (actual time=1976.507..1976.507 rows=2528312 loops=1)
        Buckets: 131072  Batches: 64  Memory Usage: 2415kB
        ->  Seq Scan on title t  (cost=0.00..61283.27 rows=2528527 width=4) (actual time=0.023..1117.833 rows=2528312 loops=1)
Planning time: 0.795 ms
Execution time: 3775.328 ms
