Hash Join  (cost=74452.28..953633.95 rows=353404 width=0) (actual time=1178.315..23703.191 rows=325477 loops=1)
  Hash Cond: (ci.movie_id = t.id)
  ->  Seq Scan on cast_info ci  (cost=0.00..796071.18 rows=21220388 width=4) (actual time=0.025..17369.393 rows=20063220 loops=1)
        Filter: ((person_id < 3422685) AND (role_id > 1))
        Rows Removed by Filter: 16181124
  ->  Hash  (cost=73925.90..73925.90 rows=42110 width=4) (actual time=1177.722..1177.722 rows=33905 loops=1)
        Buckets: 65536  Batches: 1  Memory Usage: 1704kB
        ->  Seq Scan on title t  (cost=0.00..73925.90 rows=42110 width=4) (actual time=0.022..1163.640 rows=33905 loops=1)
              Filter: ((kind_id < 7) AND (production_year = 2006))
              Rows Removed by Filter: 2494407
Planning time: 0.806 ms
Execution time: 23753.628 ms
