Hash Join  (cost=951800.06..4429364.06 rows=184993668 width=0) (actual time=24465.015..166811.642 rows=415377057 loops=1)
  Hash Cond: (ci.movie_id = t.id)
  ->  Seq Scan on cast_info ci  (cost=0.00..614943.12 rows=36225612 width=4) (actual time=0.016..13981.955 rows=36244344 loops=1)
  ->  Hash  (cost=739954.41..739954.41 rows=12912452 width=8) (actual time=24463.498..24463.498 rows=12112151 loops=1)
        Buckets: 131072  Batches: 256  Memory Usage: 2833kB
        ->  Hash Join  (cost=103947.06..739954.41 rows=12912452 width=8) (actual time=2194.191..20263.939 rows=12112151 loops=1)
              Hash Cond: (mi.movie_id = t.id)
              ->  Seq Scan on movie_info mi  (cost=0.00..309384.22 rows=14739122 width=4) (actual time=0.018..6097.511 rows=14835720 loops=1)
              ->  Hash  (cost=67604.59..67604.59 rows=2215158 width=4) (actual time=2191.834..2191.834 rows=2203697 loops=1)
                    Buckets: 131072  Batches: 32  Memory Usage: 3458kB
                    ->  Seq Scan on title t  (cost=0.00..67604.59 rows=2215158 width=4) (actual time=0.029..1447.558 rows=2203697 loops=1)
                          Filter: (production_year > 1960)
                          Rows Removed by Filter: 324615
Planning time: 1.169 ms
Execution time: 213964.354 ms
