Seq Scan on movie_companies mc  (cost=0.00..51404.11 rows=124899 width=0) (actual time=323.469..849.153 rows=124387 loops=1)
  Filter: (company_id > 144121)
  Rows Removed by Filter: 2484742
Planning time: 0.354 ms
Execution time: 864.960 ms
