Hash Join  (cost=145388.23..630231.59 rows=472043 width=0) (actual time=2950.924..14236.429 rows=573232 loops=1)
  Hash Cond: (mi.movie_id = t.id)
  ->  Seq Scan on movie_info mi  (cost=0.00..309384.22 rows=14739122 width=4) (actual time=0.020..6123.398 rows=14835720 loops=1)
  ->  Hash  (cost=144058.98..144058.98 rows=80980 width=8) (actual time=2949.508..2949.508 rows=58335 loops=1)
        Buckets: 131072  Batches: 2  Memory Usage: 2164kB
        ->  Hash Join  (cost=70308.29..144058.98 rows=80980 width=8) (actual time=1742.738..2929.023 rows=58335 loops=1)
              Hash Cond: (mc.movie_id = t.id)
              ->  Seq Scan on movie_companies mc  (cost=0.00..57926.93 rows=1242655 width=4) (actual time=496.908..1179.252 rows=1165085 loops=1)
                    Filter: ((company_id < 123936) AND (company_type_id > 1))
                    Rows Removed by Filter: 1444044
              ->  Hash  (cost=67604.59..67604.59 rows=164776 width=4) (actual time=1076.304..1076.304 rows=164307 loops=1)
                    Buckets: 131072  Batches: 4  Memory Usage: 2482kB
                    ->  Seq Scan on title t  (cost=0.00..67604.59 rows=164776 width=4) (actual time=0.015..988.918 rows=164307 loops=1)
                          Filter: (production_year = 2012)
                          Rows Removed by Filter: 2364005
Planning time: 1.195 ms
Execution time: 14318.080 ms
