Hash Join  (cost=75595.07..199814.55 rows=181945 width=0) (actual time=2376.765..3836.086 rows=1179 loops=1)
  Hash Cond: (mk.movie_id = t.id)
  ->  Seq Scan on movie_keyword mk  (cost=0.00..69693.30 rows=4523930 width=4) (actual time=0.022..1314.301 rows=4523930 loops=1)
  ->  Hash  (cost=73925.90..73925.90 rows=101693 width=4) (actual time=1236.584..1236.584 rows=4015 loops=1)
        Buckets: 131072  Batches: 2  Memory Usage: 1101kB
        ->  Seq Scan on title t  (cost=0.00..73925.90 rows=101693 width=4) (actual time=0.080..1234.080 rows=4015 loops=1)
              Filter: ((production_year < 1951) AND (kind_id = 7))
              Rows Removed by Filter: 2524297
Planning time: 0.727 ms
Execution time: 3836.329 ms
