Seq Scan on cast_info ci  (cost=0.00..796071.18 rows=7295601 width=0) (actual time=1208.897..14094.369 rows=9512639 loops=1)
  Filter: ((person_id < 1298901) AND (role_id < 3))
  Rows Removed by Filter: 26731705
Planning time: 0.304 ms
Execution time: 15242.537 ms
