Hash Join  (cost=100954.74..187654.80 rows=4203 width=0) (actual time=1052.247..2912.080 rows=167059 loops=1)
  Hash Cond: (mk.movie_id = t.id)
  ->  Seq Scan on movie_keyword mk  (cost=0.00..69693.30 rows=4523930 width=4) (actual time=0.042..979.387 rows=4523930 loops=1)
  ->  Hash  (cost=100925.37..100925.37 rows=2349 width=8) (actual time=1050.196..1050.196 rows=6001 loops=1)
        Buckets: 8192 (originally 4096)  Batches: 1 (originally 1)  Memory Usage: 299kB
        ->  Nested Loop  (cost=0.43..100925.37 rows=2349 width=8) (actual time=150.946..1047.027 rows=6001 loops=1)
              ->  Seq Scan on movie_companies mc  (cost=0.00..57926.93 rows=6014 width=4) (actual time=150.883..909.996 rows=6008 loops=1)
                    Filter: ((company_type_id < 2) AND (company_id = 846))
                    Rows Removed by Filter: 2603121
              ->  Index Scan using title_pkey on title t  (cost=0.43..7.14 rows=1 width=4) (actual time=0.022..0.022 rows=1 loops=6008)
                    Index Cond: (id = mc.movie_id)
                    Filter: (kind_id < 7)
                    Rows Removed by Filter: 0
Planning time: 1.192 ms
Execution time: 2942.421 ms
