Seq Scan on movie_keyword mk  (cost=0.00..81003.12 rows=246 width=0) (actual time=3.989..1347.111 rows=40 loops=1)
  Filter: (keyword_id = 22297)
  Rows Removed by Filter: 4523890
Planning time: 0.384 ms
Execution time: 1347.222 ms
