Seq Scan on movie_companies mc  (cost=0.00..57926.93 rows=537931 width=0) (actual time=488.458..1007.293 rows=325265 loops=1)
  Filter: ((company_id < 6170) AND (company_type_id = 2))
  Rows Removed by Filter: 2283864
Planning time: 0.358 ms
Execution time: 1048.620 ms
