Hash Join  (cost=940707.60..1090915.53 rows=1407170 width=0) (actual time=17096.912..21118.339 rows=1395472 loops=1)
  Hash Cond: (mk.movie_id = t.id)
  ->  Seq Scan on movie_keyword mk  (cost=0.00..81003.12 rows=4501095 width=4) (actual time=0.025..1846.142 rows=4501684 loops=1)
        Filter: (keyword_id > 3)
        Rows Removed by Filter: 22246
  ->  Hash  (cost=927738.48..927738.48 rows=790489 width=8) (actual time=17095.838..17095.838 rows=254015 loops=1)
        Buckets: 131072  Batches: 16  Memory Usage: 1654kB
        ->  Hash Join  (cost=102767.86..927738.48 rows=790489 width=8) (actual time=15580.132..17016.242 rows=254015 loops=1)
              Hash Cond: (ci.movie_id = t.id)
              ->  Seq Scan on cast_info ci  (cost=0.00..796071.18 rows=790489 width=4) (actual time=13588.204..14371.037 rows=254015 loops=1)
                    Filter: ((person_id < 2569607) AND (role_id = 9))
                    Rows Removed by Filter: 35990329
              ->  Hash  (cost=61283.27..61283.27 rows=2528527 width=4) (actual time=1990.469..1990.469 rows=2528312 loops=1)
                    Buckets: 131072  Batches: 64  Memory Usage: 2415kB
                    ->  Seq Scan on title t  (cost=0.00..61283.27 rows=2528527 width=4) (actual time=0.014..1150.211 rows=2528312 loops=1)
Planning time: 1.272 ms
Execution time: 21272.098 ms
