Hash Join  (cost=77035.88..116503.72 rows=103436 width=0) (actual time=1082.008..2057.841 rows=29604 loops=1)
  Hash Cond: (mi_idx.movie_id = t.id)
  ->  Seq Scan on movie_info_idx mi_idx  (cost=0.00..21735.35 rows=1380035 width=4) (actual time=0.019..440.938 rows=1380035 loops=1)
  ->  Hash  (cost=73925.90..73925.90 rows=189518 width=4) (actual time=1081.055..1081.055 rows=86916 loops=1)
        Buckets: 131072  Batches: 4  Memory Usage: 1786kB
        ->  Seq Scan on title t  (cost=0.00..73925.90 rows=189518 width=4) (actual time=0.040..1050.466 rows=86916 loops=1)
              Filter: ((production_year < 1966) AND (kind_id = 7))
              Rows Removed by Filter: 2441396
Planning time: 0.794 ms
Execution time: 2061.523 ms
