Seq Scan on movie_keyword mk  (cost=0.00..81003.12 rows=1457024 width=0) (actual time=0.028..1238.207 rows=1467494 loops=1)
  Filter: (keyword_id > 11254)
  Rows Removed by Filter: 3056436
Planning time: 0.342 ms
Execution time: 1417.778 ms
