Hash Join  (cost=69179.59..122526.28 rows=4979 width=0) (actual time=1196.137..2013.654 rows=2939 loops=1)
  Hash Cond: (mc.movie_id = t.id)
  ->  Seq Scan on movie_companies mc  (cost=0.00..51404.11 rows=131143 width=4) (actual time=0.029..761.039 rows=134807 loops=1)
        Filter: (company_id < 27)
        Rows Removed by Filter: 2474322
  ->  Hash  (cost=67604.59..67604.59 rows=96000 width=4) (actual time=1189.127..1189.127 rows=95005 loops=1)
        Buckets: 131072  Batches: 2  Memory Usage: 2716kB
        ->  Seq Scan on title t  (cost=0.00..67604.59 rows=96000 width=4) (actual time=0.042..1149.735 rows=95005 loops=1)
              Filter: (production_year = 2005)
              Rows Removed by Filter: 2433307
Planning time: 0.738 ms
Execution time: 2014.510 ms
