Hash Join  (cost=190230.21..302147.26 rows=818390 width=0) (actual time=4157.605..7965.023 rows=3445081 loops=1)
  Hash Cond: (mk.movie_id = t.id)
  ->  Seq Scan on movie_keyword mk  (cost=0.00..81003.12 rows=1499471 width=4) (actual time=0.026..1596.064 rows=1520674 loops=1)
        Filter: (keyword_id > 10627)
        Rows Removed by Filter: 3003256
  ->  Hash  (cost=167588.78..167588.78 rows=1380035 width=8) (actual time=4155.387..4155.387 rows=1380035 loops=1)
        Buckets: 131072  Batches: 32  Memory Usage: 2726kB
        ->  Hash Join  (cost=102767.86..167588.78 rows=1380035 width=8) (actual time=1819.809..3748.348 rows=1380035 loops=1)
              Hash Cond: (mi_idx.movie_id = t.id)
              ->  Seq Scan on movie_info_idx mi_idx  (cost=0.00..21735.35 rows=1380035 width=4) (actual time=0.024..440.817 rows=1380035 loops=1)
              ->  Hash  (cost=61283.27..61283.27 rows=2528527 width=4) (actual time=1817.925..1817.925 rows=2528312 loops=1)
                    Buckets: 131072  Batches: 64  Memory Usage: 2415kB
                    ->  Seq Scan on title t  (cost=0.00..61283.27 rows=2528527 width=4) (actual time=0.026..989.301 rows=2528312 loops=1)
Planning time: 2.928 ms
Execution time: 8368.025 ms
