Nested Loop  (cost=44377.22..121768.21 rows=5981 width=0) (actual time=896.988..2488.487 rows=21736 loops=1)
  Join Filter: (mc.movie_id = t.id)
  ->  Hash Join  (cost=44376.79..103485.22 rows=30967 width=8) (actual time=896.893..2240.888 rows=21736 loops=1)
        Hash Cond: (mc.movie_id = mi_idx.movie_id)
        ->  Seq Scan on movie_companies mc  (cost=0.00..51404.11 rows=10958 width=4) (actual time=1.029..874.472 rows=10667 loops=1)
              Filter: (company_id = 11)
              Rows Removed by Filter: 2598462
        ->  Hash  (cost=21735.35..21735.35 rows=1380035 width=4) (actual time=846.692..846.692 rows=1380035 loops=1)
              Buckets: 131072  Batches: 32  Memory Usage: 2540kB
              ->  Seq Scan on movie_info_idx mi_idx  (cost=0.00..21735.35 rows=1380035 width=4) (actual time=0.022..432.250 rows=1380035 loops=1)
  ->  Index Only Scan using title_pkey on title t  (cost=0.43..0.58 rows=1 width=4) (actual time=0.011..0.011 rows=1 loops=21736)
        Index Cond: (id = mi_idx.movie_id)
        Heap Fetches: 21736
Planning time: 1.155 ms
Execution time: 2492.477 ms
