Seq Scan on movie_companies mc  (cost=0.00..51404.11 rows=104 width=0) (actual time=1391.598..2546.474 rows=22 loops=1)
  Filter: (company_id = 69196)
  Rows Removed by Filter: 2609107
Planning time: 0.364 ms
Execution time: 2546.559 ms
