Hash Join  (cost=102767.86..213421.75 rows=821709 width=0) (actual time=1990.184..4475.368 rows=830420 loops=1)
  Hash Cond: (mk.movie_id = t.id)
  ->  Seq Scan on movie_keyword mk  (cost=0.00..81003.12 rows=821709 width=4) (actual time=0.026..1460.877 rows=830420 loops=1)
        Filter: (keyword_id > 22164)
        Rows Removed by Filter: 3693510
  ->  Hash  (cost=61283.27..61283.27 rows=2528527 width=4) (actual time=1987.936..1987.936 rows=2528312 loops=1)
        Buckets: 131072  Batches: 64  Memory Usage: 2425kB
        ->  Seq Scan on title t  (cost=0.00..61283.27 rows=2528527 width=4) (actual time=0.026..1133.258 rows=2528312 loops=1)
Planning time: 1.258 ms
Execution time: 4570.591 ms
