Hash Join  (cost=88257.79..1250619.83 rows=12514587 width=0) (actual time=4417.126..81494.335 rows=14297013 loops=1)
  Hash Cond: (ci.movie_id = t.id)
  ->  Seq Scan on cast_info ci  (cost=0.00..614943.12 rows=36225612 width=4) (actual time=0.028..45721.491 rows=36244344 loops=1)
  ->  Hash  (cost=73925.90..73925.90 rows=873511 width=4) (actual time=4409.504..4409.504 rows=957299 loops=1)
        Buckets: 131072  Batches: 16  Memory Usage: 3134kB
        ->  Seq Scan on title t  (cost=0.00..73925.90 rows=873511 width=4) (actual time=0.018..3661.882 rows=957299 loops=1)
              Filter: ((production_year > 1999) AND (kind_id = 7))
              Rows Removed by Filter: 1571013
Planning time: 0.692 ms
Execution time: 83734.237 ms
