Seq Scan on movie_companies mc  (cost=0.00..51404.11 rows=104 width=0) (actual time=7.362..879.429 rows=1039 loops=1)
  Filter: (company_id = 71609)
  Rows Removed by Filter: 2608090
Planning time: 0.441 ms
Execution time: 879.684 ms
