Hash Join  (cost=83073.34..109984.28 rows=46 width=0) (actual time=1308.269..1867.488 rows=6317 loops=1)
  Hash Cond: (mi_idx.movie_id = t.id)
  ->  Seq Scan on movie_info_idx mi_idx  (cost=0.00..21735.35 rows=1380035 width=4) (actual time=0.021..290.782 rows=1380035 loops=1)
  ->  Hash  (cost=83072.29..83072.29 rows=84 width=8) (actual time=1307.819..1307.819 rows=2214 loops=1)
        Buckets: 4096 (originally 1024)  Batches: 1 (originally 1)  Memory Usage: 119kB
        ->  Nested Loop  (cost=0.43..83072.29 rows=84 width=8) (actual time=2.052..1306.252 rows=2214 loops=1)
              ->  Seq Scan on movie_keyword mk  (cost=0.00..81003.12 rows=246 width=4) (actual time=2.011..1208.486 rows=2543 loops=1)
                    Filter: (keyword_id = 1082)
                    Rows Removed by Filter: 4521387
              ->  Index Scan using title_pkey on title t  (cost=0.43..8.40 rows=1 width=4) (actual time=0.037..0.037 rows=1 loops=2543)
                    Index Cond: (id = mk.movie_id)
                    Filter: (kind_id < 4)
                    Rows Removed by Filter: 0
Planning time: 2.779 ms
Execution time: 1868.608 ms
