Seq Scan on title t  (cost=0.00..73925.90 rows=919640 width=0) (actual time=0.028..952.907 rows=870954 loops=1)
  Filter: ((kind_id < 7) AND (production_year > 1926))
  Rows Removed by Filter: 1657358
Planning time: 0.356 ms
Execution time: 1033.086 ms
