Seq Scan on title t  (cost=0.00..73925.90 rows=1367956 width=0) (actual time=0.023..1575.532 rows=1492937 loops=1)
  Filter: ((kind_id > 1) AND (production_year > 1985))
  Rows Removed by Filter: 1035375
Planning time: 0.360 ms
Execution time: 1758.923 ms
