Hash Join  (cost=87162.74..132410.55 rows=440333 width=0) (actual time=1478.208..2942.107 rows=877706 loops=1)
  Hash Cond: (mi_idx.movie_id = t.id)
  ->  Seq Scan on movie_info_idx mi_idx  (cost=0.00..21735.35 rows=1380035 width=4) (actual time=0.016..430.414 rows=1380035 loops=1)
  ->  Hash  (cost=73925.90..73925.90 rows=806787 width=4) (actual time=1477.238..1477.238 rows=843018 loops=1)
        Buckets: 131072  Batches: 16  Memory Usage: 2879kB
        ->  Seq Scan on title t  (cost=0.00..73925.90 rows=806787 width=4) (actual time=0.023..1189.258 rows=843018 loops=1)
              Filter: ((kind_id < 7) AND (production_year < 2011))
              Rows Removed by Filter: 1685294
Planning time: 0.803 ms
Execution time: 3049.441 ms
