Hash Join  (cost=588919.07..2096202.76 rows=27559882 width=0) (actual time=16486.133..88218.889 rows=119927541 loops=1)
  Hash Cond: (ci.movie_id = t.id)
  ->  Seq Scan on cast_info ci  (cost=0.00..705507.15 rows=33837162 width=4) (actual time=0.015..17027.378 rows=33915670 loops=1)
        Filter: (person_id > 226706)
        Rows Removed by Filter: 2328674
  ->  Hash  (cost=555130.96..555130.96 rows=2059449 width=8) (actual time=16485.085..16485.085 rows=4957189 loops=1)
        Buckets: 131072 (originally 131072)  Batches: 128 (originally 32)  Memory Usage: 4056kB
        ->  Hash Join  (cost=83568.99..555130.96 rows=2059449 width=8) (actual time=1601.865..14746.001 rows=4957189 loops=1)
              Hash Cond: (mi.movie_id = t.id)
              ->  Seq Scan on movie_info mi  (cost=0.00..346232.03 rows=8859586 width=4) (actual time=0.026..6889.470 rows=8966694 loops=1)
                    Filter: (info_type_id < 15)
                    Rows Removed by Filter: 5869026
              ->  Hash  (cost=73925.90..73925.90 rows=587767 width=4) (actual time=1600.901..1600.901 rows=594730 loops=1)
                    Buckets: 131072  Batches: 8  Memory Usage: 3657kB
                    ->  Seq Scan on title t  (cost=0.00..73925.90 rows=587767 width=4) (actual time=0.018..1411.520 rows=594730 loops=1)
                          Filter: ((production_year < 2012) AND (kind_id = 1))
                          Rows Removed by Filter: 1933582
Planning time: 1.248 ms
Execution time: 101888.021 ms
