Hash Join  (cost=168556.20..254667.43 rows=802371 width=0) (actual time=3825.682..6573.875 rows=2278559 loops=1)
  Hash Cond: (mc.movie_id = t.id)
  ->  Seq Scan on movie_companies mc  (cost=0.00..44881.29 rows=2609129 width=4) (actual time=0.022..826.219 rows=2609129 loops=1)
  ->  Hash  (cost=155798.41..155798.41 rows=777583 width=8) (actual time=3824.738..3824.738 rows=793531 loops=1)
        Buckets: 131072  Batches: 16  Memory Usage: 2966kB
        ->  Hash Join  (cost=102702.86..155798.41 rows=777583 width=8) (actual time=1983.202..3604.107 rows=793531 loops=1)
              Hash Cond: (mi_idx.movie_id = t.id)
              ->  Seq Scan on movie_info_idx mi_idx  (cost=0.00..25185.44 rows=919057 width=4) (actual time=0.024..540.980 rows=920110 loops=1)
                    Filter: (info_type_id > 99)
                    Rows Removed by Filter: 459925
              ->  Hash  (cost=67604.59..67604.59 rows=2139302 width=4) (actual time=1981.857..1981.857 rows=2132973 loops=1)
                    Buckets: 131072  Batches: 32  Memory Usage: 3371kB
                    ->  Seq Scan on title t  (cost=0.00..67604.59 rows=2139302 width=4) (actual time=0.010..1313.283 rows=2132973 loops=1)
                          Filter: (production_year > 1966)
                          Rows Removed by Filter: 395339
Planning time: 1.422 ms
Execution time: 6841.681 ms
