Hash Join  (cost=417140.65..1150365.64 rows=34938 width=0) (actual time=6747.702..21685.258 rows=68482 loops=1)
  Hash Cond: (ci.movie_id = t.id)
  ->  Seq Scan on cast_info ci  (cost=0.00..705507.15 rows=7298253 width=4) (actual time=288.695..13873.021 rows=7451973 loops=1)
        Filter: (role_id = 2)
        Rows Removed by Filter: 28792371
  ->  Hash  (cost=416989.34..416989.34 rows=12105 width=8) (actual time=6458.441..6458.441 rows=9970 loops=1)
        Buckets: 16384  Batches: 1  Memory Usage: 518kB
        ->  Hash Join  (cost=68191.41..416989.34 rows=12105 width=8) (actual time=4133.493..6454.399 rows=9970 loops=1)
              Hash Cond: (mi.movie_id = t.id)
              ->  Seq Scan on movie_info mi  (cost=0.00..346232.03 rows=651960 width=4) (actual time=3080.549..5233.421 rows=660923 loops=1)
                    Filter: (info_type_id = 18)
                    Rows Removed by Filter: 14174797
              ->  Hash  (cost=67604.59..67604.59 rows=46946 width=4) (actual time=1051.990..1051.990 rows=46583 loops=1)
                    Buckets: 65536  Batches: 1  Memory Usage: 2150kB
                    ->  Seq Scan on title t  (cost=0.00..67604.59 rows=46946 width=4) (actual time=0.042..1032.985 rows=46583 loops=1)
                          Filter: (production_year = 1998)
                          Rows Removed by Filter: 2481729
Planning time: 1.205 ms
Execution time: 21696.148 ms
