Hash Join  (cost=78190.02..1253284.35 rows=1322302 width=136) (actual time=3954.392..29305.430 rows=1459699 loops=1)
  Hash Cond: (ci.movie_id = t.id)
  ->  Seq Scan on cast_info ci  (cost=0.00..705507.15 rows=21289378 width=42) (actual time=2241.900..16145.135 rows=21412211 loops=1)
        Filter: (person_id > 1463411)
        Rows Removed by Filter: 14832133
  ->  Hash  (cost=73925.90..73925.90 rows=157049 width=94) (actual time=1711.987..1711.987 rows=258048 loops=1)
        Buckets: 32768  Batches: 8  Memory Usage: 3778kB
        ->  Seq Scan on title t  (cost=0.00..73925.90 rows=157049 width=94) (actual time=0.084..1614.138 rows=258048 loops=1)
              Filter: ((kind_id < 7) AND (production_year < 1972))
              Rows Removed by Filter: 2270264
Planning time: 0.972 ms
Execution time: 29384.560 ms
