Seq Scan on cast_info ci  (cost=0.00..705507.15 rows=19118487 width=0) (actual time=0.023..12331.560 rows=19006181 loops=1)
  Filter: (person_id < 1897270)
  Rows Removed by Filter: 17238163
Planning time: 0.329 ms
Execution time: 14704.822 ms
