Hash Join  (cost=148712.82..875713.97 rows=90245 width=0) (actual time=3893.518..16454.138 rows=114344 loops=1)
  Hash Cond: (ci.movie_id = t.id)
  ->  Seq Scan on cast_info ci  (cost=0.00..705507.15 rows=1736414 width=4) (actual time=775.610..12663.178 rows=1703543 loops=1)
        Filter: (role_id = 8)
        Rows Removed by Filter: 34540801
  ->  Hash  (cost=146556.15..146556.15 rows=131413 width=8) (actual time=3117.066..3117.066 rows=115325 loops=1)
        Buckets: 131072  Batches: 2  Memory Usage: 3270kB
        ->  Hash Join  (cost=69694.50..146556.15 rows=131413 width=8) (actual time=1142.400..3076.642 rows=115325 loops=1)
              Hash Cond: (mc.movie_id = t.id)
              ->  Seq Scan on movie_companies mc  (cost=0.00..44881.29 rows=2609129 width=4) (actual time=0.029..903.487 rows=2609129 loops=1)
              ->  Hash  (cost=67604.59..67604.59 rows=127353 width=4) (actual time=1141.545..1141.545 rows=128696 loops=1)
                    Buckets: 131072  Batches: 2  Memory Usage: 3284kB
                    ->  Seq Scan on title t  (cost=0.00..67604.59 rows=127353 width=4) (actual time=0.025..1093.253 rows=128696 loops=1)
                          Filter: (production_year = 2009)
                          Rows Removed by Filter: 2399616
Planning time: 1.192 ms
Execution time: 16468.940 ms
