Seq Scan on movie_keyword mk  (cost=0.00..81003.12 rows=2653890 width=0) (actual time=0.026..1457.977 rows=2645709 loops=1)
  Filter: (keyword_id < 7301)
  Rows Removed by Filter: 1878221
Planning time: 0.329 ms
Execution time: 1817.317 ms
