Seq Scan on movie_keyword mk  (cost=0.00..81003.12 rows=246 width=0) (actual time=0.213..1282.842 rows=793 loops=1)
  Filter: (keyword_id = 26823)
  Rows Removed by Filter: 4523137
Planning time: 0.396 ms
Execution time: 1283.191 ms
