Hash Join  (cost=513038.35..1378134.21 rows=2003314 width=0) (actual time=10057.970..27853.255 rows=5611275 loops=1)
  Hash Cond: (ci.movie_id = t.id)
  ->  Seq Scan on cast_info ci  (cost=0.00..796071.18 rows=3784942 width=4) (actual time=1079.256..14476.323 rows=5032991 loops=1)
        Filter: ((person_id > 1244619) AND (role_id > 8))
        Rows Removed by Filter: 31211353
  ->  Hash  (cost=491081.45..491081.45 rows=1338312 width=8) (actual time=8977.513..8977.513 rows=1401902 loops=1)
        Buckets: 131072  Batches: 32  Memory Usage: 2687kB
        ->  Hash Join  (cost=102767.86..491081.45 rows=1338312 width=8) (actual time=5595.551..8556.435 rows=1401902 loops=1)
              Hash Cond: (mi.movie_id = t.id)
              ->  Seq Scan on movie_info mi  (cost=0.00..346232.03 rows=1338312 width=4) (actual time=3770.255..5161.839 rows=1401902 loops=1)
                    Filter: (info_type_id = 7)
                    Rows Removed by Filter: 13433818
              ->  Hash  (cost=61283.27..61283.27 rows=2528527 width=4) (actual time=1823.696..1823.696 rows=2528312 loops=1)
                    Buckets: 131072  Batches: 64  Memory Usage: 2425kB
                    ->  Seq Scan on title t  (cost=0.00..61283.27 rows=2528527 width=4) (actual time=0.030..957.408 rows=2528312 loops=1)
Planning time: 1.267 ms
Execution time: 28533.476 ms
