Hash Join  (cost=115475.81..483895.32 rows=376357 width=0) (actual time=2269.138..10317.789 rows=286437 loops=1)
  Hash Cond: (mi.movie_id = t.id)
  ->  Seq Scan on movie_info mi  (cost=0.00..309384.22 rows=14739122 width=4) (actual time=0.013..4368.862 rows=14835720 loops=1)
  ->  Hash  (cost=114668.75..114668.75 rows=64565 width=8) (actual time=2268.585..2268.585 rows=36324 loops=1)
        Buckets: 65536  Batches: 1  Memory Usage: 1931kB
        ->  Hash Join  (cost=75867.62..114668.75 rows=64565 width=8) (actual time=1390.636..2256.554 rows=36324 loops=1)
              Hash Cond: (mi_idx.movie_id = t.id)
              ->  Seq Scan on movie_info_idx mi_idx  (cost=0.00..21735.35 rows=1380035 width=4) (actual time=0.024..387.448 rows=1380035 loops=1)
              ->  Hash  (cost=73925.90..73925.90 rows=118297 width=4) (actual time=1388.841..1388.841 rows=122606 loops=1)
                    Buckets: 131072  Batches: 2  Memory Usage: 3179kB
                    ->  Seq Scan on title t  (cost=0.00..73925.90 rows=118297 width=4) (actual time=0.028..1339.006 rows=122606 loops=1)
                          Filter: ((kind_id > 1) AND (production_year = 2011))
                          Rows Removed by Filter: 2405706
Planning time: 1.175 ms
Execution time: 10358.659 ms
