Seq Scan on movie_keyword mk  (cost=0.00..81003.12 rows=941507 width=0) (actual time=0.014..1374.564 rows=952514 loops=1)
  Filter: (keyword_id > 19929)
  Rows Removed by Filter: 3571416
Planning time: 0.346 ms
Execution time: 1495.868 ms
