Hash Join  (cost=81025.55..587744.68 rows=2522220 width=0) (actual time=1302.707..16998.534 rows=3890063 loops=1)
  Hash Cond: (mi.movie_id = t.id)
  ->  Seq Scan on movie_info mi  (cost=0.00..309384.22 rows=14739122 width=4) (actual time=0.024..5926.695 rows=14835720 loops=1)
  ->  Hash  (cost=73925.90..73925.90 rows=432692 width=4) (actual time=1301.796..1301.796 rows=368246 loops=1)
        Buckets: 131072  Batches: 8  Memory Usage: 2645kB
        ->  Seq Scan on title t  (cost=0.00..73925.90 rows=432692 width=4) (actual time=0.022..1185.019 rows=368246 loops=1)
              Filter: ((kind_id < 7) AND (production_year > 2004))
              Rows Removed by Filter: 2160066
Planning time: 2.771 ms
Execution time: 17485.958 ms
