Seq Scan on movie_companies mc  (cost=0.00..51404.11 rows=104 width=0) (actual time=13.299..2372.799 rows=42 loops=1)
  Filter: (company_id = 74394)
  Rows Removed by Filter: 2609087
Planning time: 0.364 ms
Execution time: 2372.873 ms
