Hash Join  (cost=287433.17..936390.36 rows=14126038 width=0) (actual time=5705.768..20675.189 rows=6281189 loops=1)
  Hash Cond: (mi.movie_id = t.id)
  ->  Seq Scan on movie_info mi  (cost=0.00..309384.22 rows=14739122 width=4) (actual time=0.008..6199.225 rows=14835720 loops=1)
  ->  Hash  (cost=247674.28..247674.28 rows=2423351 width=8) (actual time=5704.439..5704.439 rows=604445 loops=1)
        Buckets: 131072  Batches: 32  Memory Usage: 1761kB
        ->  Hash Join  (cost=96147.73..247674.28 rows=2423351 width=8) (actual time=2545.936..5539.742 rows=604445 loops=1)
              Hash Cond: (mk.movie_id = t.id)
              ->  Seq Scan on movie_keyword mk  (cost=0.00..69693.30 rows=4523930 width=4) (actual time=0.033..1400.627 rows=4523930 loops=1)
              ->  Hash  (cost=73925.90..73925.90 rows=1354466 width=4) (actual time=1881.535..1881.535 rows=1432013 loops=1)
                    Buckets: 131072  Batches: 32  Memory Usage: 2605kB
                    ->  Seq Scan on title t  (cost=0.00..73925.90 rows=1354466 width=4) (actual time=0.016..1394.967 rows=1432013 loops=1)
                          Filter: ((production_year > 1959) AND (kind_id = 7))
                          Rows Removed by Filter: 1096299
Planning time: 1.186 ms
Execution time: 21407.522 ms
