Hash Join  (cost=83074.74..881790.75 rows=69 width=0) (actual time=8214.907..15812.093 rows=24 loops=1)
  Hash Cond: (ci.movie_id = t.id)
  ->  Seq Scan on cast_info ci  (cost=0.00..796071.18 rows=705104 width=4) (actual time=7282.941..14844.219 rows=330602 loops=1)
        Filter: ((person_id < 2903449) AND (role_id = 5))
        Rows Removed by Filter: 35913742
  ->  Hash  (cost=83071.67..83071.67 rows=246 width=8) (actual time=921.047..921.047 rows=64 loops=1)
        Buckets: 1024  Batches: 1  Memory Usage: 11kB
        ->  Nested Loop  (cost=0.43..83071.67 rows=246 width=8) (actual time=0.342..920.953 rows=64 loops=1)
              ->  Seq Scan on movie_keyword mk  (cost=0.00..81003.12 rows=246 width=4) (actual time=0.284..918.636 rows=64 loops=1)
                    Filter: (keyword_id = 27858)
                    Rows Removed by Filter: 4523866
              ->  Index Only Scan using title_pkey on title t  (cost=0.43..8.40 rows=1 width=4) (actual time=0.031..0.032 rows=1 loops=64)
                    Index Cond: (id = mk.movie_id)
                    Heap Fetches: 64
Planning time: 1.203 ms
Execution time: 15812.214 ms
