Hash Join  (cost=78473.92..112843.05 rows=121819 width=0) (actual time=1349.095..2133.853 rows=84201 loops=1)
  Hash Cond: (mi_idx.movie_id = t.id)
  ->  Seq Scan on movie_info_idx mi_idx  (cost=0.00..25185.44 rows=464934 width=4) (actual time=0.026..486.079 rows=460185 loops=1)
        Filter: (info_type_id > 100)
        Rows Removed by Filter: 919850
  ->  Hash  (cost=67604.59..67604.59 rows=662507 width=4) (actual time=1348.112..1348.112 rows=662065 loops=1)
        Buckets: 131072  Batches: 16  Memory Usage: 2481kB
        ->  Seq Scan on title t  (cost=0.00..67604.59 rows=662507 width=4) (actual time=0.024..1133.458 rows=662065 loops=1)
              Filter: (production_year > 2008)
              Rows Removed by Filter: 1866247
Planning time: 0.793 ms
Execution time: 2142.481 ms
