Hash Join  (cost=513038.35..1447392.00 rows=7021967 width=0) (actual time=9945.116..33945.767 rows=13211196 loops=1)
  Hash Cond: (ci.movie_id = t.id)
  ->  Seq Scan on cast_info ci  (cost=0.00..705507.15 rows=13266886 width=4) (actual time=0.024..13273.712 rows=13233851 loops=1)
        Filter: (person_id < 1305008)
        Rows Removed by Filter: 23010493
  ->  Hash  (cost=491081.45..491081.45 rows=1338312 width=8) (actual time=9943.524..9943.524 rows=1401902 loops=1)
        Buckets: 131072  Batches: 32  Memory Usage: 2687kB
        ->  Hash Join  (cost=102767.86..491081.45 rows=1338312 width=8) (actual time=5653.868..9515.782 rows=1401902 loops=1)
              Hash Cond: (mi.movie_id = t.id)
              ->  Seq Scan on movie_info mi  (cost=0.00..346232.03 rows=1338312 width=4) (actual time=3732.343..5341.801 rows=1401902 loops=1)
                    Filter: (info_type_id = 7)
                    Rows Removed by Filter: 13433818
              ->  Hash  (cost=61283.27..61283.27 rows=2528527 width=4) (actual time=1919.966..1919.966 rows=2528312 loops=1)
                    Buckets: 131072  Batches: 64  Memory Usage: 2425kB
                    ->  Seq Scan on title t  (cost=0.00..61283.27 rows=2528527 width=4) (actual time=0.022..1066.435 rows=2528312 loops=1)
Planning time: 1.269 ms
Execution time: 35554.867 ms
