Hash Join  (cost=87731.24..644625.93 rows=4634656 width=0) (actual time=1784.752..15948.120 rows=1898311 loops=1)
  Hash Cond: (mi.movie_id = t.id)
  ->  Seq Scan on movie_info mi  (cost=0.00..346232.03 rows=13926693 width=4) (actual time=0.014..7384.850 rows=13963496 loops=1)
        Filter: (info_type_id < 98)
        Rows Removed by Filter: 872224
  ->  Hash  (cost=73925.90..73925.90 rows=841467 width=4) (actual time=1783.520..1783.520 rows=921643 loops=1)
        Buckets: 131072  Batches: 16  Memory Usage: 3062kB
        ->  Seq Scan on title t  (cost=0.00..73925.90 rows=841467 width=4) (actual time=351.184..1219.948 rows=921643 loops=1)
              Filter: ((production_year > 2000) AND (kind_id = 7))
              Rows Removed by Filter: 1606669
Planning time: 0.790 ms
Execution time: 16147.507 ms
