Seq Scan on movie_companies mc  (cost=0.00..51404.11 rows=2870 width=0) (actual time=0.127..749.027 rows=3599 loops=1)
  Filter: (company_id = 4625)
  Rows Removed by Filter: 2605530
Planning time: 0.394 ms
Execution time: 749.869 ms
