Seq Scan on cast_info ci  (cost=0.00..705507.15 rows=697182 width=0) (actual time=3432.797..11156.551 rows=726338 loops=1)
  Filter: (person_id > 3922551)
  Rows Removed by Filter: 35518006
Planning time: 0.367 ms
Execution time: 11247.477 ms
