Hash Join  (cost=436049.13..1360301.10 rows=519939 width=0) (actual time=16434.003..28716.696 rows=2100059 loops=1)
  Hash Cond: (ci.movie_id = t.id)
  ->  Seq Scan on cast_info ci  (cost=0.00..796071.18 rows=10594237 width=4) (actual time=8694.741..16782.029 rows=11171790 loops=1)
        Filter: ((person_id > 452765) AND (role_id > 3))
        Rows Removed by Filter: 25072554
  ->  Hash  (cost=434012.95..434012.95 rows=124094 width=8) (actual time=7735.581..7735.581 rows=62081 loops=1)
        Buckets: 131072  Batches: 2  Memory Usage: 2223kB
        ->  Hash Join  (cost=78473.92..434012.95 rows=124094 width=8) (actual time=1578.477..7714.441 rows=62081 loops=1)
              Hash Cond: (mi.movie_id = t.id)
              ->  Seq Scan on movie_info mi  (cost=0.00..346232.03 rows=473617 width=4) (actual time=65.561..5855.727 rows=486554 loops=1)
                    Filter: (info_type_id = 5)
                    Rows Removed by Filter: 14349166
              ->  Hash  (cost=67604.59..67604.59 rows=662507 width=4) (actual time=1510.833..1510.833 rows=662065 loops=1)
                    Buckets: 131072  Batches: 16  Memory Usage: 2487kB
                    ->  Seq Scan on title t  (cost=0.00..67604.59 rows=662507 width=4) (actual time=0.037..1288.205 rows=662065 loops=1)
                          Filter: (production_year > 2008)
                          Rows Removed by Filter: 1866247
Planning time: 1.239 ms
Execution time: 28933.708 ms
