Hash Join  (cost=150646.53..901650.60 rows=21486 width=0) (actual time=2350.935..18527.786 rows=61055 loops=1)
  Hash Cond: (ci.movie_id = t.id)
  ->  Seq Scan on cast_info ci  (cost=0.00..614943.12 rows=36225612 width=4) (actual time=0.012..8856.432 rows=36244344 loops=1)
  ->  Hash  (cost=150627.78..150627.78 rows=1500 width=8) (actual time=2347.858..2347.858 rows=2271 loops=1)
        Buckets: 4096 (originally 2048)  Batches: 1 (originally 1)  Memory Usage: 121kB
        ->  Hash Join  (cost=67697.55..150627.78 rows=1500 width=8) (actual time=919.781..2346.515 rows=2271 loops=1)
              Hash Cond: (mk.movie_id = t.id)
              ->  Seq Scan on movie_keyword mk  (cost=0.00..81003.12 rows=509895 width=4) (actual time=0.014..1316.442 rows=509486 loops=1)
                    Filter: (keyword_id < 373)
                    Rows Removed by Filter: 4014444
              ->  Hash  (cost=67604.59..67604.59 rows=7437 width=4) (actual time=915.360..915.360 rows=11153 loops=1)
                    Buckets: 16384 (originally 8192)  Batches: 1 (originally 1)  Memory Usage: 521kB
                    ->  Seq Scan on title t  (cost=0.00..67604.59 rows=7437 width=4) (actual time=0.028..910.096 rows=11153 loops=1)
                          Filter: (production_year = 1963)
                          Rows Removed by Filter: 2517159
Planning time: 1.124 ms
Execution time: 18539.342 ms
