Seq Scan on cast_info ci  (cost=0.00..705507.15 rows=4232734 width=0) (actual time=1128.558..10807.246 rows=4101543 loops=1)
  Filter: (person_id < 394356)
  Rows Removed by Filter: 32142801
Planning time: 0.956 ms
Execution time: 11277.368 ms
