Seq Scan on cast_info ci  (cost=0.00..796071.18 rows=1935114 width=0) (actual time=0.014..12706.888 rows=660475 loops=1)
  Filter: ((person_id < 1176567) AND (role_id > 8))
  Rows Removed by Filter: 35583869
Planning time: 0.364 ms
Execution time: 12790.232 ms
