Hash Join  (cost=95159.82..1421429.60 rows=24062360 width=0) (actual time=1934.511..43125.050 rows=25599716 loops=1)
  Hash Cond: (ci.movie_id = t.id)
  ->  Seq Scan on cast_info ci  (cost=0.00..614943.12 rows=36225612 width=4) (actual time=0.022..13721.657 rows=36244344 loops=1)
  ->  Hash  (cost=67604.59..67604.59 rows=1679539 width=4) (actual time=1933.567..1933.567 rows=1673541 loops=1)
        Buckets: 131072  Batches: 32  Memory Usage: 2866kB
        ->  Seq Scan on title t  (cost=0.00..67604.59 rows=1679539 width=4) (actual time=0.019..1381.939 rows=1673541 loops=1)
              Filter: (production_year > 1993)
              Rows Removed by Filter: 854771
Planning time: 0.830 ms
Execution time: 46096.511 ms
