Hash Join  (cost=132235.95..852077.76 rows=11084 width=0) (actual time=1922.775..14188.282 rows=93734 loops=1)
  Hash Cond: (ci.movie_id = t.id)
  ->  Seq Scan on cast_info ci  (cost=0.00..705507.15 rows=3793018 width=4) (actual time=331.671..11735.661 rows=3828539 loops=1)
        Filter: (person_id > 3361106)
        Rows Removed by Filter: 32415805
  ->  Hash  (cost=132143.59..132143.59 rows=7389 width=8) (actual time=1590.948..1590.948 rows=9638 loops=1)
        Buckets: 16384 (originally 8192)  Batches: 1 (originally 1)  Memory Usage: 505kB
        ->  Nested Loop  (cost=0.43..132143.59 rows=7389 width=8) (actual time=0.348..1584.998 rows=9638 loops=1)
              ->  Seq Scan on movie_keyword mk  (cost=0.00..81003.12 rows=7389 width=4) (actual time=0.291..1256.324 rows=9638 loops=1)
                    Filter: (keyword_id = 236)
                    Rows Removed by Filter: 4514292
              ->  Index Only Scan using title_pkey on title t  (cost=0.43..6.91 rows=1 width=4) (actual time=0.033..0.033 rows=1 loops=9638)
                    Index Cond: (id = mk.movie_id)
                    Heap Fetches: 9638
Planning time: 0.795 ms
Execution time: 14202.115 ms
