Hash Join  (cost=225907.06..773515.92 rows=4627701 width=0) (actual time=6249.642..47029.857 rows=129104598 loops=1)
  Hash Cond: (mi.movie_id = t.id)
  ->  Seq Scan on movie_info mi  (cost=0.00..309384.22 rows=14739122 width=4) (actual time=0.020..6476.964 rows=14835720 loops=1)
  ->  Hash  (cost=212881.41..212881.41 rows=793892 width=8) (actual time=6247.803..6247.803 rows=2373598 loops=1)
        Buckets: 131072 (originally 131072)  Batches: 32 (originally 16)  Memory Usage: 3906kB
        ->  Hash Join  (cost=81206.46..212881.41 rows=793892 width=8) (actual time=1374.113..5267.659 rows=2373598 loops=1)
              Hash Cond: (mk.movie_id = t.id)
              ->  Seq Scan on movie_keyword mk  (cost=0.00..69693.30 rows=4523930 width=4) (actual time=0.008..1360.239 rows=4523930 loops=1)
              ->  Hash  (cost=73925.90..73925.90 rows=443724 width=4) (actual time=1373.241..1373.241 rows=536860 loops=1)
                    Buckets: 131072  Batches: 8  Memory Usage: 3402kB
                    ->  Seq Scan on title t  (cost=0.00..73925.90 rows=443724 width=4) (actual time=0.026..1188.348 rows=536860 loops=1)
                          Filter: ((kind_id < 7) AND (production_year < 2002))
                          Rows Removed by Filter: 1991452
Planning time: 3.064 ms
Execution time: 60779.646 ms
