Seq Scan on movie_keyword mk  (cost=0.00..81003.12 rows=1863998 width=0) (actual time=0.020..1514.960 rows=1873998 loops=1)
  Filter: (keyword_id < 3177)
  Rows Removed by Filter: 2649932
Planning time: 0.344 ms
Execution time: 1755.215 ms
