Hash Join  (cost=159517.78..262891.36 rows=188193 width=0) (actual time=3641.478..6307.634 rows=1796527 loops=1)
  Hash Cond: (mk.movie_id = t.id)
  ->  Seq Scan on movie_keyword mk  (cost=0.00..81003.12 rows=1675874 width=4) (actual time=0.031..1522.263 rows=1684293 loops=1)
        Filter: (keyword_id < 2616)
        Rows Removed by Filter: 2839637
  ->  Hash  (cost=154858.50..154858.50 rows=283942 width=8) (actual time=3640.587..3640.587 rows=518249 loops=1)
        Buckets: 131072 (originally 131072)  Batches: 8 (originally 4)  Memory Usage: 3553kB
        ->  Hash Join  (cost=72707.20..154858.50 rows=283942 width=8) (actual time=1200.440..3477.812 rows=518249 loops=1)
              Hash Cond: (mc.movie_id = t.id)
              ->  Seq Scan on movie_companies mc  (cost=0.00..51404.11 rows=2308472 width=4) (actual time=0.017..1089.619 rows=2306387 loops=1)
                    Filter: (company_id < 93781)
                    Rows Removed by Filter: 302742
              ->  Hash  (cost=67604.59..67604.59 rows=311009 width=4) (actual time=1199.548..1199.548 rows=309534 loops=1)
                    Buckets: 131072  Batches: 8  Memory Usage: 2378kB
                    ->  Seq Scan on title t  (cost=0.00..67604.59 rows=311009 width=4) (actual time=0.020..1097.646 rows=309534 loops=1)
                          Filter: (production_year < 1966)
                          Rows Removed by Filter: 2218778
Planning time: 1.228 ms
Execution time: 6503.130 ms
