Hash Join  (cost=152196.20..290266.42 rows=1318818 width=0) (actual time=3606.655..8799.657 rows=7478014 loops=1)
  Hash Cond: (mk.movie_id = t.id)
  ->  Seq Scan on movie_keyword mk  (cost=0.00..69693.30 rows=4523930 width=4) (actual time=0.013..1399.594 rows=4523930 loops=1)
  ->  Hash  (cost=140102.24..140102.24 rows=737117 width=8) (actual time=3605.708..3605.708 rows=891238 loops=1)
        Buckets: 131072  Batches: 16  Memory Usage: 3217kB
        ->  Hash Join  (cost=89762.59..140102.24 rows=737117 width=8) (actual time=1774.025..3336.743 rows=891238 loops=1)
              Hash Cond: (mi_idx.movie_id = t.id)
              ->  Seq Scan on movie_info_idx mi_idx  (cost=0.00..21735.35 rows=1380035 width=4) (actual time=0.031..432.179 rows=1380035 loops=1)
              ->  Hash  (cost=67604.59..67604.59 rows=1350560 width=4) (actual time=1772.816..1772.816 rows=1348293 loops=1)
                    Buckets: 131072  Batches: 32  Memory Usage: 2505kB
                    ->  Seq Scan on title t  (cost=0.00..67604.59 rows=1350560 width=4) (actual time=0.020..1324.627 rows=1348293 loops=1)
                          Filter: (production_year < 2005)
                          Rows Removed by Filter: 1180019
Planning time: 1.153 ms
Execution time: 9644.292 ms
