Hash Join  (cost=83072.93..137739.00 rows=54 width=0) (actual time=1334.224..2461.697 rows=273 loops=1)
  Hash Cond: (mc.movie_id = t.id)
  ->  Seq Scan on movie_companies mc  (cost=0.00..44881.29 rows=2609129 width=4) (actual time=0.026..678.633 rows=2609129 loops=1)
  ->  Hash  (cost=83072.29..83072.29 rows=52 width=8) (actual time=1313.828..1313.828 rows=19 loops=1)
        Buckets: 1024  Batches: 1  Memory Usage: 9kB
        ->  Nested Loop  (cost=0.43..83072.29 rows=52 width=8) (actual time=80.233..1313.781 rows=19 loops=1)
              ->  Seq Scan on movie_keyword mk  (cost=0.00..81003.12 rows=246 width=4) (actual time=1.247..1298.887 rows=456 loops=1)
                    Filter: (keyword_id = 5892)
                    Rows Removed by Filter: 4523474
              ->  Index Scan using title_pkey on title t  (cost=0.43..8.40 rows=1 width=4) (actual time=0.031..0.031 rows=0 loops=456)
                    Index Cond: (id = mk.movie_id)
                    Filter: (production_year > 2009)
                    Rows Removed by Filter: 1
Planning time: 1.226 ms
Execution time: 2461.942 ms
