Hash Join  (cost=274807.04..1363031.29 rows=11632246 width=0) (actual time=15327.944..72305.417 rows=23510240 loops=1)
  Hash Cond: (ci.movie_id = t.id)
  ->  Seq Scan on cast_info ci  (cost=0.00..796071.18 rows=13035320 width=4) (actual time=424.566..42630.005 rows=11019064 loops=1)
        Filter: ((person_id > 1626104) AND (role_id < 4))
        Rows Removed by Filter: 25225280
  ->  Hash  (cost=237788.46..237788.46 rows=2256366 width=8) (actual time=14899.360..14899.360 rows=1727725 loops=1)
        Buckets: 131072  Batches: 32  Memory Usage: 3196kB
        ->  Hash Join  (cost=88295.76..237788.46 rows=2256366 width=8) (actual time=5397.115..14302.147 rows=1727725 loops=1)
              Hash Cond: (mk.movie_id = t.id)
              ->  Seq Scan on movie_keyword mk  (cost=0.00..69693.30 rows=4523930 width=4) (actual time=0.024..5226.993 rows=4523930 loops=1)
              ->  Hash  (cost=67604.59..67604.59 rows=1261134 width=4) (actual time=5396.277..5396.277 rows=1260295 loops=1)
                    Buckets: 131072  Batches: 32  Memory Usage: 2421kB
                    ->  Seq Scan on title t  (cost=0.00..67604.59 rows=1261134 width=4) (actual time=0.024..4814.592 rows=1260295 loops=1)
                          Filter: (production_year > 2002)
                          Rows Removed by Filter: 1268017
Planning time: 5.390 ms
Execution time: 75790.134 ms
