Hash Join  (cost=912110.49..1035939.97 rows=149944 width=0) (actual time=14340.410..17039.279 rows=385630 loops=1)
  Hash Cond: (mk.movie_id = t.id)
  ->  Seq Scan on movie_keyword mk  (cost=0.00..69693.30 rows=4523930 width=4) (actual time=0.019..1268.294 rows=4523930 loops=1)
  ->  Hash  (cost=910734.90..910734.90 rows=83807 width=8) (actual time=14339.705..14339.705 rows=34448 loops=1)
        Buckets: 131072  Batches: 2  Memory Usage: 1703kB
        ->  Hash Join  (cost=102767.86..910734.90 rows=83807 width=8) (actual time=6816.752..14326.554 rows=34448 loops=1)
              Hash Cond: (ci.movie_id = t.id)
              ->  Seq Scan on cast_info ci  (cost=0.00..796071.18 rows=83807 width=4) (actual time=4823.156..11888.920 rows=34448 loops=1)
                    Filter: ((person_id < 840381) AND (role_id > 10))
                    Rows Removed by Filter: 36209896
              ->  Hash  (cost=61283.27..61283.27 rows=2528527 width=4) (actual time=1991.375..1991.375 rows=2528312 loops=1)
                    Buckets: 131072  Batches: 64  Memory Usage: 2415kB
                    ->  Seq Scan on title t  (cost=0.00..61283.27 rows=2528527 width=4) (actual time=0.021..1109.102 rows=2528312 loops=1)
Planning time: 1.211 ms
Execution time: 17088.893 ms
