Hash Join  (cost=174865.45..1077196.03 rows=2447854 width=0) (actual time=7842.114..20789.830 rows=2593280 loops=1)
  Hash Cond: (ci.movie_id = t.id)
  ->  Seq Scan on cast_info ci  (cost=0.00..796071.18 rows=6763697 width=4) (actual time=4054.373..14513.888 rows=2845631 loops=1)
        Filter: ((person_id < 2675065) AND (role_id > 4))
        Rows Removed by Filter: 33398713
  ->  Hash  (cost=159851.69..159851.69 rows=915101 width=8) (actual time=3786.796..3786.796 rows=919850 loops=1)
        Buckets: 131072  Batches: 16  Memory Usage: 3269kB
        ->  Hash Join  (cost=102767.86..159851.69 rows=915101 width=8) (actual time=1857.290..3540.779 rows=919850 loops=1)
              Hash Cond: (mi_idx.movie_id = t.id)
              ->  Seq Scan on movie_info_idx mi_idx  (cost=0.00..25185.44 rows=915101 width=4) (actual time=0.036..619.684 rows=919850 loops=1)
                    Filter: (info_type_id < 101)
                    Rows Removed by Filter: 460185
              ->  Hash  (cost=61283.27..61283.27 rows=2528527 width=4) (actual time=1855.723..1855.723 rows=2528312 loops=1)
                    Buckets: 131072  Batches: 64  Memory Usage: 2415kB
                    ->  Seq Scan on title t  (cost=0.00..61283.27 rows=2528527 width=4) (actual time=0.016..1019.672 rows=2528312 loops=1)
Planning time: 1.013 ms
Execution time: 21098.250 ms
