Hash Join  (cost=719511.94..2559991.36 rows=62419664 width=0) (actual time=21983.144..123303.443 rows=268657135 loops=1)
  Hash Cond: (ci.movie_id = t.id)
  ->  Seq Scan on cast_info ci  (cost=0.00..705507.15 rows=27412463 width=4) (actual time=0.019..16322.303 rows=27425306 loops=1)
        Filter: (person_id < 2809982)
        Rows Removed by Filter: 8819038
  ->  Hash  (cost=625051.03..625051.03 rows=5757593 width=8) (actual time=21979.750..21979.750 rows=10872384 loops=1)
        Buckets: 131072 (originally 131072)  Batches: 256 (originally 128)  Memory Usage: 3073kB
        ->  Hash Join  (cost=83810.17..625051.03 rows=5757593 width=8) (actual time=1408.441..18791.377 rows=10872384 loops=1)
              Hash Cond: (mi.movie_id = t.id)
              ->  Seq Scan on movie_info mi  (cost=0.00..309384.22 rows=14739122 width=4) (actual time=0.016..6317.889 rows=14835720 loops=1)
              ->  Hash  (cost=67604.59..67604.59 rows=987727 width=4) (actual time=1407.568..1407.568 rows=985048 loops=1)
                    Buckets: 131072  Batches: 16  Memory Usage: 3197kB
                    ->  Seq Scan on title t  (cost=0.00..67604.59 rows=987727 width=4) (actual time=0.016..1106.881 rows=985048 loops=1)
                          Filter: (kind_id < 7)
                          Rows Removed by Filter: 1543264
Planning time: 1.261 ms
Execution time: 153039.953 ms
