Seq Scan on movie_keyword mk  (cost=0.00..81003.12 rows=1326012 width=0) (actual time=0.025..1375.914 rows=1345582 loops=1)
  Filter: (keyword_id < 1753)
  Rows Removed by Filter: 3178348
Planning time: 0.351 ms
Execution time: 1553.014 ms
