Seq Scan on title t  (cost=0.00..73925.90 rows=400303 width=0) (actual time=0.052..583.520 rows=500611 loops=1)
  Filter: ((kind_id < 7) AND (production_year < 2000))
  Rows Removed by Filter: 2027701
Planning time: 0.399 ms
Execution time: 618.181 ms
