Hash Join  (cost=98137.04..173055.26 rows=354619 width=0) (actual time=1919.523..3778.421 rows=483035 loops=1)
  Hash Cond: (mc.movie_id = t.id)
  ->  Seq Scan on movie_companies mc  (cost=0.00..57926.93 rows=481819 width=4) (actual time=0.027..1043.458 rows=690475 loops=1)
        Filter: ((company_id < 4456) AND (company_type_id = 1))
        Rows Removed by Filter: 1918654
  ->  Hash  (cost=67604.59..67604.59 rows=1860996 width=4) (actual time=1917.427..1917.427 rows=1865487 loops=1)
        Buckets: 131072  Batches: 32  Memory Usage: 3079kB
        ->  Seq Scan on title t  (cost=0.00..67604.59 rows=1860996 width=4) (actual time=0.026..1311.199 rows=1865487 loops=1)
              Filter: (kind_id > 1)
              Rows Removed by Filter: 662825
Planning time: 0.700 ms
Execution time: 3836.801 ms
