Hash Join  (cost=265731.28..1087557.18 rows=3879565 width=0) (actual time=6405.806..25706.328 rows=17802208 loops=1)
  Hash Cond: (ci.movie_id = t.id)
  ->  Seq Scan on cast_info ci  (cost=0.00..705507.15 rows=5507420 width=4) (actual time=0.011..12063.060 rows=5579165 loops=1)
        Filter: (person_id > 3094405)
        Rows Removed by Filter: 30665179
  ->  Hash  (cost=236508.80..236508.80 rows=1781158 width=8) (actual time=6404.372..6404.372 rows=1783062 loops=1)
        Buckets: 131072  Batches: 32  Memory Usage: 3189kB
        ->  Hash Join  (cost=102767.86..236508.80 rows=1781158 width=8) (actual time=1871.166..5302.818 rows=1783062 loops=1)
              Hash Cond: (mk.movie_id = t.id)
              ->  Seq Scan on movie_keyword mk  (cost=0.00..81003.12 rows=1781158 width=4) (actual time=0.021..1567.293 rows=1783062 loops=1)
                    Filter: (keyword_id > 7773)
                    Rows Removed by Filter: 2740868
              ->  Hash  (cost=61283.27..61283.27 rows=2528527 width=4) (actual time=1869.483..1869.483 rows=2528312 loops=1)
                    Buckets: 131072  Batches: 64  Memory Usage: 2425kB
                    ->  Seq Scan on title t  (cost=0.00..61283.27 rows=2528527 width=4) (actual time=0.025..1018.711 rows=2528312 loops=1)
Planning time: 1.295 ms
Execution time: 27668.160 ms
