Hash Join  (cost=83074.74..447745.01 rows=1434 width=0) (actual time=3664.447..23712.103 rows=13985 loops=1)
  Hash Cond: (mi.movie_id = t.id)
  ->  Seq Scan on movie_info mi  (cost=0.00..309384.22 rows=14739122 width=4) (actual time=0.019..16389.319 rows=14835720 loops=1)
  ->  Hash  (cost=83071.67..83071.67 rows=246 width=8) (actual time=3661.259..3661.259 rows=208 loops=1)
        Buckets: 1024  Batches: 1  Memory Usage: 17kB
        ->  Nested Loop  (cost=0.43..83071.67 rows=246 width=8) (actual time=97.508..3660.991 rows=208 loops=1)
              ->  Seq Scan on movie_keyword mk  (cost=0.00..81003.12 rows=246 width=4) (actual time=97.403..3621.216 rows=208 loops=1)
                    Filter: (keyword_id = 7332)
                    Rows Removed by Filter: 4523722
              ->  Index Only Scan using title_pkey on title t  (cost=0.43..8.40 rows=1 width=4) (actual time=0.187..0.187 rows=1 loops=208)
                    Index Cond: (id = mk.movie_id)
                    Heap Fetches: 208
Planning time: 1.132 ms
Execution time: 23716.526 ms
