Hash Join  (cost=82805.75..118692.28 rows=170359 width=0) (actual time=1544.902..2399.500 rows=207141 loops=1)
  Hash Cond: (mi_idx.movie_id = t.id)
  ->  Seq Scan on movie_info_idx mi_idx  (cost=0.00..25185.44 rows=464934 width=4) (actual time=0.022..477.180 rows=460185 loops=1)
        Filter: (info_type_id > 100)
        Rows Removed by Filter: 919850
  ->  Hash  (cost=67604.59..67604.59 rows=926493 width=4) (actual time=1544.218..1544.218 rows=924605 loops=1)
        Buckets: 131072  Batches: 16  Memory Usage: 3056kB
        ->  Seq Scan on title t  (cost=0.00..67604.59 rows=926493 width=4) (actual time=0.014..1251.609 rows=924605 loops=1)
              Filter: (production_year < 1998)
              Rows Removed by Filter: 1603707
Planning time: 0.662 ms
Execution time: 2418.243 ms
