Hash Join  (cost=798791.46..885455.30 rows=580 width=0) (actual time=14263.387..16074.082 rows=1678 loops=1)
  Hash Cond: (mk.movie_id = t.id)
  ->  Seq Scan on movie_keyword mk  (cost=0.00..69693.30 rows=4523930 width=4) (actual time=0.020..1061.592 rows=4523930 loops=1)
  ->  Hash  (cost=798787.41..798787.41 rows=324 width=8) (actual time=14191.108..14191.108 rows=267 loops=1)
        Buckets: 1024  Batches: 1  Memory Usage: 19kB
        ->  Nested Loop  (cost=0.43..798787.41 rows=324 width=8) (actual time=820.315..14190.994 rows=267 loops=1)
              ->  Seq Scan on cast_info ci  (cost=0.00..796071.18 rows=324 width=4) (actual time=820.260..14182.942 rows=267 loops=1)
                    Filter: ((role_id > 1) AND (person_id = 2469161))
                    Rows Removed by Filter: 36244077
              ->  Index Only Scan using title_pkey on title t  (cost=0.43..8.37 rows=1 width=4) (actual time=0.029..0.030 rows=1 loops=267)
                    Index Cond: (id = ci.movie_id)
                    Heap Fetches: 267
Planning time: 8.606 ms
Execution time: 16074.414 ms
