Hash Join  (cost=97477.83..471473.31 rows=63021 width=0) (actual time=1704.406..9185.702 rows=158042 loops=1)
  Hash Cond: (mi.movie_id = t.id)
  ->  Seq Scan on movie_info mi  (cost=0.00..346232.03 rows=7235534 width=4) (actual time=0.014..5879.967 rows=7286865 loops=1)
        Filter: (info_type_id < 8)
        Rows Removed by Filter: 7548855
  ->  Hash  (cost=97202.55..97202.55 rows=22023 width=8) (actual time=1704.173..1704.173 rows=27682 loops=1)
        Buckets: 32768  Batches: 1  Memory Usage: 1338kB
        ->  Hash Join  (cost=68365.25..97202.55 rows=22023 width=8) (actual time=1032.103..1694.793 rows=27682 loops=1)
              Hash Cond: (mi_idx.movie_id = t.id)
              ->  Seq Scan on movie_info_idx mi_idx  (cost=0.00..25185.44 rows=915101 width=4) (actual time=0.014..443.495 rows=919850 loops=1)
                    Filter: (info_type_id < 101)
                    Rows Removed by Filter: 460185
              ->  Hash  (cost=67604.59..67604.59 rows=60853 width=4) (actual time=1031.609..1031.609 rows=62568 loops=1)
                    Buckets: 65536  Batches: 1  Memory Usage: 2712kB
                    ->  Seq Scan on title t  (cost=0.00..67604.59 rows=60853 width=4) (actual time=0.017..1006.177 rows=62568 loops=1)
                          Filter: (production_year = 2002)
                          Rows Removed by Filter: 2465744
Planning time: 1.208 ms
Execution time: 9208.552 ms
