Hash Join  (cost=130324.26..216985.46 rows=317 width=0) (actual time=2101.596..3796.446 rows=2384 loops=1)
  Hash Cond: (mk.movie_id = t.id)
  ->  Seq Scan on movie_keyword mk  (cost=0.00..69693.30 rows=4523930 width=4) (actual time=0.015..959.306 rows=4523930 loops=1)
  ->  Hash  (cost=130322.04..130322.04 rows=177 width=8) (actual time=2099.890..2099.890 rows=449 loops=1)
        Buckets: 1024  Batches: 1  Memory Usage: 26kB
        ->  Hash Join  (cost=73930.12..130322.04 rows=177 width=8) (actual time=1053.959..2099.602 rows=449 loops=1)
              Hash Cond: (mc.movie_id = t.id)
              ->  Seq Scan on movie_companies mc  (cost=0.00..51404.11 rows=1329612 width=4) (actual time=0.011..858.803 rows=1334883 loops=1)
                    Filter: (company_type_id > 1)
                    Rows Removed by Filter: 1274246
              ->  Hash  (cost=73925.90..73925.90 rows=337 width=4) (actual time=1047.862..1047.862 rows=890 loops=1)
                    Buckets: 1024  Batches: 1  Memory Usage: 40kB
                    ->  Seq Scan on title t  (cost=0.00..73925.90 rows=337 width=4) (actual time=5.237..1047.307 rows=890 loops=1)
                          Filter: ((kind_id = 4) AND (production_year = 1988))
                          Rows Removed by Filter: 2527422
Planning time: 0.800 ms
Execution time: 3796.945 ms
