Seq Scan on movie_keyword mk  (cost=0.00..81003.12 rows=246 width=0) (actual time=61.126..1188.533 rows=26 loops=1)
  Filter: (keyword_id = 74893)
  Rows Removed by Filter: 4523904
Planning time: 0.286 ms
Execution time: 1188.622 ms
