Hash Join  (cost=75570.05..551463.75 rows=1819451 width=0) (actual time=1576.963..13326.153 rows=3133206 loops=1)
  Hash Cond: (mi.movie_id = t.id)
  ->  Seq Scan on movie_info mi  (cost=0.00..346232.03 rows=9476311 width=4) (actual time=0.010..6447.064 rows=9565151 loops=1)
        Filter: (info_type_id < 16)
        Rows Removed by Filter: 5270569
  ->  Hash  (cost=67604.59..67604.59 rows=485477 width=4) (actual time=1574.382..1574.382 rows=479601 loops=1)
        Buckets: 131072  Batches: 8  Memory Usage: 3131kB
        ->  Seq Scan on title t  (cost=0.00..67604.59 rows=485477 width=4) (actual time=0.025..1160.480 rows=479601 loops=1)
              Filter: (production_year < 1978)
              Rows Removed by Filter: 2048711
Planning time: 0.843 ms
Execution time: 13692.542 ms
