Hash Join  (cost=201783.25..729555.34 rows=4495317 width=0) (actual time=4858.261..22521.342 rows=14955580 loops=1)
  Hash Cond: (mi.movie_id = t.id)
  ->  Seq Scan on movie_info mi  (cost=0.00..309384.22 rows=14739122 width=4) (actual time=0.014..6196.073 rows=14835720 loops=1)
  ->  Hash  (cost=189130.48..189130.48 rows=771181 width=8) (actual time=4857.483..4857.483 rows=992348 loops=1)
        Buckets: 131072  Batches: 16  Memory Usage: 3460kB
        ->  Hash Join  (cost=102767.86..189130.48 rows=771181 width=8) (actual time=2131.799..4536.913 rows=992348 loops=1)
              Hash Cond: (mc.movie_id = t.id)
              ->  Seq Scan on movie_companies mc  (cost=0.00..57926.93 rows=771181 width=4) (actual time=0.013..1101.978 rows=992348 loops=1)
                    Filter: ((company_id > 7195) AND (company_type_id > 1))
                    Rows Removed by Filter: 1616781
              ->  Hash  (cost=61283.27..61283.27 rows=2528527 width=4) (actual time=2130.395..2130.395 rows=2528312 loops=1)
                    Buckets: 131072  Batches: 64  Memory Usage: 2415kB
                    ->  Seq Scan on title t  (cost=0.00..61283.27 rows=2528527 width=4) (actual time=0.017..1129.799 rows=2528312 loops=1)
Planning time: 1.173 ms
Execution time: 24210.473 ms
