Nested Loop  (cost=0.43..83072.90 rows=173 width=0) (actual time=178.615..1316.855 rows=11 loops=1)
  ->  Seq Scan on movie_keyword mk  (cost=0.00..81003.12 rows=246 width=4) (actual time=6.610..1314.618 rows=47 loops=1)
        Filter: (keyword_id = 22216)
        Rows Removed by Filter: 4523883
  ->  Index Scan using title_pkey on title t  (cost=0.43..8.40 rows=1 width=4) (actual time=0.042..0.042 rows=0 loops=47)
        Index Cond: (id = mk.movie_id)
        Filter: ((kind_id > 1) AND (production_year > 1912))
        Rows Removed by Filter: 1
Planning time: 4.404 ms
Execution time: 1316.980 ms
