Hash Join  (cost=93721.77..191932.81 rows=364970 width=0) (actual time=1891.529..3992.302 rows=73690 loops=1)
  Hash Cond: (mk.movie_id = t.id)
  ->  Seq Scan on movie_keyword mk  (cost=0.00..81003.12 rows=764857 width=4) (actual time=0.014..1455.725 rows=762742 loops=1)
        Filter: (keyword_id < 720)
        Rows Removed by Filter: 3761188
  ->  Hash  (cost=73925.90..73925.90 rows=1206549 width=4) (actual time=1890.430..1890.430 rows=1293155 loops=1)
        Buckets: 131072  Batches: 16  Memory Usage: 3882kB
        ->  Seq Scan on title t  (cost=0.00..73925.90 rows=1206549 width=4) (actual time=226.052..1483.394 rows=1293155 loops=1)
              Filter: ((production_year > 1977) AND (kind_id = 7))
              Rows Removed by Filter: 1235157
Planning time: 0.746 ms
Execution time: 4001.763 ms
