Hash Join  (cost=447254.11..573763.19 rows=369904 width=0) (actual time=7648.602..13795.763 rows=13522012 loops=1)
  Hash Cond: (mk.movie_id = t.id)
  ->  Seq Scan on movie_keyword mk  (cost=0.00..69693.30 rows=4523930 width=4) (actual time=0.012..1458.492 rows=4523930 loops=1)
  ->  Hash  (cost=443861.76..443861.76 rows=206748 width=8) (actual time=7647.377..7647.377 rows=258662 loops=1)
        Buckets: 131072  Batches: 4  Memory Usage: 3557kB
        ->  Hash Join  (cost=85777.42..443861.76 rows=206748 width=8) (actual time=5381.953..7571.185 rows=258662 loops=1)
              Hash Cond: (mi.movie_id = t.id)
              ->  Seq Scan on movie_info mi  (cost=0.00..346232.03 rows=471955 width=4) (actual time=3570.870..5428.839 rows=543367 loops=1)
                    Filter: (info_type_id > 98)
                    Rows Removed by Filter: 14292353
              ->  Hash  (cost=67604.59..67604.59 rows=1107667 width=4) (actual time=1658.163..1658.163 rows=1107925 loops=1)
                    Buckets: 131072  Batches: 16  Memory Usage: 3466kB
                    ->  Seq Scan on title t  (cost=0.00..67604.59 rows=1107667 width=4) (actual time=0.041..1290.234 rows=1107925 loops=1)
                          Filter: (production_year > 2004)
                          Rows Removed by Filter: 1420387
Planning time: 1.726 ms
Execution time: 15253.782 ms
