Hash Join  (cost=28270.40..87414.46 rows=47 width=0) (actual time=1045.943..1391.587 rows=1680 loops=1)
  Hash Cond: (mc.movie_id = t.id)
  ->  Seq Scan on movie_companies mc  (cost=0.00..57926.93 rows=324442 width=4) (actual time=367.078..890.844 rows=470475 loops=1)
        Filter: ((company_id < 917) AND (company_type_id = 1))
        Rows Removed by Filter: 2138654
  ->  Hash  (cost=28265.80..28265.80 rows=368 width=8) (actual time=433.183..433.183 rows=260 loops=1)
        Buckets: 1024  Batches: 1  Memory Usage: 19kB
        ->  Nested Loop  (cost=0.43..28265.80 rows=368 width=8) (actual time=50.874..433.052 rows=260 loops=1)
              ->  Seq Scan on movie_info_idx mi_idx  (cost=0.00..25185.44 rows=368 width=4) (actual time=50.795..415.827 rows=260 loops=1)
                    Filter: (info_type_id > 101)
                    Rows Removed by Filter: 1379775
              ->  Index Only Scan using title_pkey on title t  (cost=0.43..8.36 rows=1 width=4) (actual time=0.065..0.065 rows=1 loops=260)
                    Index Cond: (id = mi_idx.movie_id)
                    Heap Fetches: 260
Planning time: 1.260 ms
Execution time: 1391.936 ms
