Nested Loop  (cost=0.43..797488.04 rows=168 width=0) (actual time=1810.373..38897.982 rows=1 loops=1)
  ->  Seq Scan on cast_info ci  (cost=0.00..796071.18 rows=168 width=4) (actual time=1810.270..38897.875 rows=1 loops=1)
        Filter: ((role_id > 3) AND (person_id = 86801))
        Rows Removed by Filter: 36244343
  ->  Index Only Scan using title_pkey on title t  (cost=0.43..8.42 rows=1 width=4) (actual time=0.089..0.090 rows=1 loops=1)
        Index Cond: (id = ci.movie_id)
        Heap Fetches: 1
Planning time: 0.755 ms
Execution time: 38898.058 ms
