Hash Join  (cost=102767.86..285196.84 rows=3804545 width=0) (actual time=1933.518..6807.236 rows=3801210 loops=1)
  Hash Cond: (mk.movie_id = t.id)
  ->  Seq Scan on movie_keyword mk  (cost=0.00..81003.12 rows=3804545 width=4) (actual time=0.015..1748.104 rows=3801210 loops=1)
        Filter: (keyword_id < 25939)
        Rows Removed by Filter: 722720
  ->  Hash  (cost=61283.27..61283.27 rows=2528527 width=4) (actual time=1931.139..1931.139 rows=2528312 loops=1)
        Buckets: 131072  Batches: 64  Memory Usage: 2425kB
        ->  Seq Scan on title t  (cost=0.00..61283.27 rows=2528527 width=4) (actual time=0.015..1059.360 rows=2528312 loops=1)
Planning time: 0.604 ms
Execution time: 7248.902 ms
