Seq Scan on cast_info ci  (cost=0.00..796071.18 rows=10580487 width=0) (actual time=0.027..13508.846 rows=7746177 loops=1)
  Filter: ((person_id > 2025229) AND (role_id < 4))
  Rows Removed by Filter: 28498167
Planning time: 0.391 ms
Execution time: 14431.017 ms
