Seq Scan on title t  (cost=0.00..73925.90 rows=933388 width=0) (actual time=0.022..1220.634 rows=1024206 loops=1)
  Filter: ((production_year > 1997) AND (kind_id = 7))
  Rows Removed by Filter: 1504106
Planning time: 0.375 ms
Execution time: 1347.828 ms
