Hash Join  (cost=83810.17..898420.04 rows=370702 width=0) (actual time=6341.249..16034.125 rows=1255929 loops=1)
  Hash Cond: (ci.movie_id = t.id)
  ->  Seq Scan on cast_info ci  (cost=0.00..796071.18 rows=948978 width=4) (actual time=4969.969..12189.631 rows=3467603 loops=1)
        Filter: ((person_id > 3050840) AND (role_id > 8))
        Rows Removed by Filter: 32776741
  ->  Hash  (cost=67604.59..67604.59 rows=987727 width=4) (actual time=1370.123..1370.123 rows=985048 loops=1)
        Buckets: 131072  Batches: 16  Memory Usage: 3188kB
        ->  Seq Scan on title t  (cost=0.00..67604.59 rows=987727 width=4) (actual time=0.042..1078.331 rows=985048 loops=1)
              Filter: (kind_id < 7)
              Rows Removed by Filter: 1543264
Planning time: 0.787 ms
Execution time: 16190.823 ms
