Hash Join  (cost=705632.05..2695037.63 rows=75391840 width=0) (actual time=18209.822..105781.185 rows=211201727 loops=1)
  Hash Cond: (ci.movie_id = t.id)
  ->  Seq Scan on cast_info ci  (cost=0.00..614943.12 rows=36225612 width=4) (actual time=0.012..13717.060 rows=36244344 loops=1)
  ->  Hash  (cost=619297.21..619297.21 rows=5262307 width=8) (actual time=18206.767..18206.767 rows=6548403 loops=1)
        Buckets: 131072  Batches: 128  Memory Usage: 3004kB
        ->  Hash Join  (cost=87245.25..619297.21 rows=5262307 width=8) (actual time=1618.652..16374.324 rows=6548403 loops=1)
              Hash Cond: (mi.movie_id = t.id)
              ->  Seq Scan on movie_info mi  (cost=0.00..346232.03 rows=11115165 width=4) (actual time=0.017..7126.259 rows=11210743 loops=1)
                    Filter: (info_type_id > 3)
                    Rows Removed by Filter: 3624977
              ->  Hash  (cost=67604.59..67604.59 rows=1197093 width=4) (actual time=1617.515..1617.515 rows=1195923 loops=1)
                    Buckets: 131072  Batches: 16  Memory Usage: 3662kB
                    ->  Seq Scan on title t  (cost=0.00..67604.59 rows=1197093 width=4) (actual time=0.009..1218.216 rows=1195923 loops=1)
                          Filter: (production_year < 2003)
                          Rows Removed by Filter: 1332389
Planning time: 1.365 ms
Execution time: 128655.485 ms
