Hash Join  (cost=122535.74..209331.08 rows=13730 width=0) (actual time=2263.346..4089.844 rows=158314 loops=1)
  Hash Cond: (mk.movie_id = t.id)
  ->  Seq Scan on movie_keyword mk  (cost=0.00..69693.30 rows=4523930 width=4) (actual time=0.023..945.020 rows=4523930 loops=1)
  ->  Hash  (cost=122439.81..122439.81 rows=7674 width=8) (actual time=2262.688..2262.688 rows=11682 loops=1)
        Buckets: 16384 (originally 8192)  Batches: 1 (originally 1)  Memory Usage: 585kB
        ->  Hash Join  (cost=67697.55..122439.81 rows=7674 width=8) (actual time=1017.155..2257.353 rows=11682 loops=1)
              Hash Cond: (mc.movie_id = t.id)
              ->  Seq Scan on movie_companies mc  (cost=0.00..44881.29 rows=2609129 width=4) (actual time=0.020..680.272 rows=2609129 loops=1)
              ->  Hash  (cost=67604.59..67604.59 rows=7437 width=4) (actual time=1016.755..1016.755 rows=6834 loops=1)
                    Buckets: 8192  Batches: 1  Memory Usage: 305kB
                    ->  Seq Scan on title t  (cost=0.00..67604.59 rows=7437 width=4) (actual time=0.060..1013.020 rows=6834 loops=1)
                          Filter: (production_year = 1953)
                          Rows Removed by Filter: 2521478
Planning time: 1.168 ms
Execution time: 4109.876 ms
