Hash Join  (cost=83950.71..219271.91 rows=1093217 width=0) (actual time=1441.515..5627.872 rows=2881009 loops=1)
  Hash Cond: (mk.movie_id = t.id)
  ->  Seq Scan on movie_keyword mk  (cost=0.00..69693.30 rows=4523930 width=4) (actual time=0.024..1503.225 rows=4523930 loops=1)
  ->  Hash  (cost=73925.90..73925.90 rows=611024 width=4) (actual time=1440.511..1440.511 rows=650218 loops=1)
        Buckets: 131072  Batches: 8  Memory Usage: 3902kB
        ->  Seq Scan on title t  (cost=0.00..73925.90 rows=611024 width=4) (actual time=0.052..1229.570 rows=650218 loops=1)
              Filter: ((kind_id < 4) AND (production_year < 2009))
              Rows Removed by Filter: 1878094
Planning time: 0.737 ms
Execution time: 5966.279 ms
