Hash Join  (cost=365418.15..1511098.19 rows=17237004 width=0) (actual time=13692.264..34033.830 rows=24300599 loops=1)
  Hash Cond: (ci.movie_id = t.id)
  ->  Seq Scan on cast_info ci  (cost=0.00..796071.18 rows=9634152 width=4) (actual time=4822.257..14116.301 rows=7460957 loops=1)
        Filter: ((person_id > 2598350) AND (role_id < 10))
        Rows Removed by Filter: 28783387
  ->  Hash  (cost=291197.02..291197.02 rows=4523930 width=8) (actual time=8868.294..8868.294 rows=4523930 loops=1)
        Buckets: 131072  Batches: 64  Memory Usage: 3816kB
        ->  Hash Join  (cost=102767.86..291197.02 rows=4523930 width=8) (actual time=2153.833..7290.258 rows=4523930 loops=1)
              Hash Cond: (mk.movie_id = t.id)
              ->  Seq Scan on movie_keyword mk  (cost=0.00..69693.30 rows=4523930 width=4) (actual time=0.034..1415.587 rows=4523930 loops=1)
              ->  Hash  (cost=61283.27..61283.27 rows=2528527 width=4) (actual time=2152.381..2152.381 rows=2528312 loops=1)
                    Buckets: 131072  Batches: 64  Memory Usage: 2425kB
                    ->  Seq Scan on title t  (cost=0.00..61283.27 rows=2528527 width=4) (actual time=0.019..1003.201 rows=2528312 loops=1)
Planning time: 1.183 ms
Execution time: 36642.268 ms
