Hash Join  (cost=107073.98..194089.79 rows=35778 width=0) (actual time=1907.707..3868.770 rows=191142 loops=1)
  Hash Cond: (mk.movie_id = t.id)
  ->  Seq Scan on movie_keyword mk  (cost=0.00..69693.30 rows=4523930 width=4) (actual time=0.024..1049.077 rows=4523930 loops=1)
  ->  Hash  (cost=106824.01..106824.01 rows=19997 width=8) (actual time=1907.354..1907.354 rows=27847 loops=1)
        Buckets: 32768  Batches: 1  Memory Usage: 1344kB
        ->  Hash Join  (cost=75752.64..106824.01 rows=19997 width=8) (actual time=1366.498..1897.460 rows=27847 loops=1)
              Hash Cond: (mi_idx.movie_id = t.id)
              ->  Seq Scan on movie_info_idx mi_idx  (cost=0.00..25185.44 rows=454124 width=4) (actual time=0.015..309.912 rows=459925 loops=1)
                    Filter: (info_type_id = 100)
                    Rows Removed by Filter: 920110
              ->  Hash  (cost=73925.90..73925.90 rows=111339 width=4) (actual time=1272.141..1272.141 rows=117920 loops=1)
                    Buckets: 131072  Batches: 2  Memory Usage: 3095kB
                    ->  Seq Scan on title t  (cost=0.00..73925.90 rows=111339 width=4) (actual time=520.293..1230.358 rows=117920 loops=1)
                          Filter: ((production_year > 0) AND (kind_id = 4))
                          Rows Removed by Filter: 2410392
Planning time: 1.173 ms
Execution time: 3893.076 ms
