Hash Join  (cost=192231.41..705323.07 rows=3119473 width=0) (actual time=4528.551..24206.684 rows=26912638 loops=1)
  Hash Cond: (mi.movie_id = t.id)
  ->  Seq Scan on movie_info mi  (cost=0.00..309384.22 rows=14739122 width=4) (actual time=0.009..6106.738 rows=14835720 loops=1)
  ->  Hash  (cost=183451.01..183451.01 rows=535152 width=8) (actual time=4527.632..4527.632 rows=744113 loops=1)
        Buckets: 131072 (originally 131072)  Batches: 16 (originally 8)  Memory Usage: 3073kB
        ->  Hash Join  (cost=102767.86..183451.01 rows=535152 width=8) (actual time=2596.482..4325.299 rows=744113 loops=1)
              Hash Cond: (mc.movie_id = t.id)
              ->  Seq Scan on movie_companies mc  (cost=0.00..57926.93 rows=535152 width=4) (actual time=142.918..954.005 rows=744113 loops=1)
                    Filter: ((company_id < 7056) AND (company_type_id = 1))
                    Rows Removed by Filter: 1865016
              ->  Hash  (cost=61283.27..61283.27 rows=2528527 width=4) (actual time=2452.167..2452.167 rows=2528312 loops=1)
                    Buckets: 131072  Batches: 64  Memory Usage: 2415kB
                    ->  Seq Scan on title t  (cost=0.00..61283.27 rows=2528527 width=4) (actual time=0.022..1086.628 rows=2528312 loops=1)
Planning time: 1.225 ms
Execution time: 27088.530 ms
