Seq Scan on movie_keyword mk  (cost=0.00..81003.12 rows=246 width=0) (actual time=126.086..1201.169 rows=8 loops=1)
  Filter: (keyword_id = 35763)
  Rows Removed by Filter: 4523922
Planning time: 0.390 ms
Execution time: 1201.259 ms
