Seq Scan on movie_keyword mk  (cost=0.00..81003.12 rows=4826 width=0) (actual time=0.181..1220.392 rows=3189 loops=1)
  Filter: (keyword_id = 845)
  Rows Removed by Filter: 4520741
Planning time: 0.377 ms
Execution time: 1221.406 ms
