Hash Join  (cost=709678.15..797412.10 rows=355 width=0) (actual time=12429.656..12713.057 rows=3 loops=1)
  Hash Cond: (mk.movie_id = t.id)
  ->  Seq Scan on movie_keyword mk  (cost=0.00..81003.12 rows=1793940 width=4) (actual time=0.025..1480.953 rows=1799303 loops=1)
        Filter: (keyword_id > 7738)
        Rows Removed by Filter: 2724627
  ->  Hash  (cost=709671.90..709671.90 rows=500 width=8) (actual time=10991.921..10991.921 rows=3 loops=1)
        Buckets: 1024  Batches: 1  Memory Usage: 9kB
        ->  Nested Loop  (cost=0.43..709671.90 rows=500 width=8) (actual time=4736.185..10991.899 rows=3 loops=1)
              ->  Seq Scan on cast_info ci  (cost=0.00..705507.15 rows=500 width=4) (actual time=4732.648..10988.263 rows=3 loops=1)
                    Filter: (person_id = 1600573)
                    Rows Removed by Filter: 36244341
              ->  Index Only Scan using title_pkey on title t  (cost=0.43..8.32 rows=1 width=4) (actual time=1.192..1.193 rows=1 loops=3)
                    Index Cond: (id = ci.movie_id)
                    Heap Fetches: 3
Planning time: 1.235 ms
Execution time: 12715.742 ms
