Hash Join  (cost=99161.12..193873.80 rows=1333403 width=0) (actual time=1913.488..4574.556 rows=1496888 loops=1)
  Hash Cond: (mc.movie_id = t.id)
  ->  Seq Scan on movie_companies mc  (cost=0.00..51404.11 rows=1752906 width=4) (actual time=0.025..1099.651 rows=1745859 loops=1)
        Filter: (company_id < 24078)
        Rows Removed by Filter: 863270
  ->  Hash  (cost=67604.59..67604.59 rows=1923403 width=4) (actual time=1912.071..1912.071 rows=1922849 loops=1)
        Buckets: 131072  Batches: 32  Memory Usage: 3132kB
        ->  Seq Scan on title t  (cost=0.00..67604.59 rows=1923403 width=4) (actual time=0.025..1294.282 rows=1922849 loops=1)
              Filter: (production_year < 2010)
              Rows Removed by Filter: 605463
Planning time: 0.758 ms
Execution time: 4728.430 ms
