Hash Join  (cost=202605.19..638578.39 rows=1846059 width=0) (actual time=4570.596..14255.439 rows=2200386 loops=1)
  Hash Cond: (mi.movie_id = t.id)
  ->  Seq Scan on movie_info mi  (cost=0.00..346232.03 rows=5897221 width=4) (actual time=823.861..5797.109 rows=5884963 loops=1)
        Filter: (info_type_id < 7)
        Rows Removed by Filter: 8950757
  ->  Hash  (cost=189619.11..189619.11 rows=791527 width=8) (actual time=3746.018..3746.018 rows=495221 loops=1)
        Buckets: 131072  Batches: 16  Memory Usage: 2233kB
        ->  Hash Join  (cost=102767.86..189619.11 rows=791527 width=8) (actual time=1845.468..3603.069 rows=495221 loops=1)
              Hash Cond: (mc.movie_id = t.id)
              ->  Seq Scan on movie_companies mc  (cost=0.00..57926.93 rows=791527 width=4) (actual time=31.185..841.174 rows=495221 loops=1)
                    Filter: ((company_id < 14597) AND (company_type_id > 1))
                    Rows Removed by Filter: 2113908
              ->  Hash  (cost=61283.27..61283.27 rows=2528527 width=4) (actual time=1813.023..1813.023 rows=2528312 loops=1)
                    Buckets: 131072  Batches: 64  Memory Usage: 2415kB
                    ->  Seq Scan on title t  (cost=0.00..61283.27 rows=2528527 width=4) (actual time=0.021..1001.741 rows=2528312 loops=1)
Planning time: 1.084 ms
Execution time: 14531.135 ms
