Seq Scan on movie_keyword mk  (cost=0.00..81003.12 rows=1870553 width=0) (actual time=0.025..1424.155 rows=1879184 loops=1)
  Filter: (keyword_id > 7296)
  Rows Removed by Filter: 2644746
Planning time: 0.348 ms
Execution time: 1656.622 ms
