Seq Scan on cast_info ci  (cost=0.00..705507.15 rows=13105152 width=0) (actual time=145.961..12802.719 rows=13063408 loops=1)
  Filter: (person_id < 1290356)
  Rows Removed by Filter: 23180936
Planning time: 0.340 ms
Execution time: 14424.264 ms
