Hash Join  (cost=345671.01..1301496.38 rows=11904522 width=0) (actual time=12649.321..41296.667 rows=64196100 loops=1)
  Hash Cond: (ci.movie_id = t.id)
  ->  Seq Scan on cast_info ci  (cost=0.00..705507.15 rows=7556663 width=4) (actual time=3903.493..13706.189 rows=7436237 loops=1)
        Filter: (role_id > 7)
        Rows Removed by Filter: 28808107
  ->  Hash  (cost=280319.01..280319.01 rows=3983360 width=8) (actual time=8744.458..8744.458 rows=4348171 loops=1)
        Buckets: 131072  Batches: 64  Memory Usage: 3716kB
        ->  Hash Join  (cost=104131.46..280319.01 rows=3983360 width=8) (actual time=2064.277..7239.310 rows=4348171 loops=1)
              Hash Cond: (mk.movie_id = t.id)
              ->  Seq Scan on movie_keyword mk  (cost=0.00..69693.30 rows=4523930 width=4) (actual time=0.054..1457.622 rows=4523930 loops=1)
              ->  Hash  (cost=67604.59..67604.59 rows=2226390 width=4) (actual time=2063.152..2063.152 rows=2224569 loops=1)
                    Buckets: 131072  Batches: 32  Memory Usage: 3472kB
                    ->  Seq Scan on title t  (cost=0.00..67604.59 rows=2226390 width=4) (actual time=0.028..1342.494 rows=2224569 loops=1)
                          Filter: (production_year < 2012)
                          Rows Removed by Filter: 303743
Planning time: 1.265 ms
Execution time: 48217.736 ms
