Seq Scan on title t  (cost=0.00..67604.59 rows=7437 width=0) (actual time=139.012..3259.479 rows=4514 loops=1)
  Filter: (production_year = 1917)
  Rows Removed by Filter: 2523798
Planning time: 0.328 ms
Execution time: 3261.296 ms
