Hash Join  (cost=74437.34..445044.31 rows=100828 width=0) (actual time=2889.286..8409.562 rows=84371 loops=1)
  Hash Cond: (mi.movie_id = t.id)
  ->  Seq Scan on movie_info mi  (cost=0.00..346232.03 rows=6231111 width=4) (actual time=1646.150..5841.100 rows=6223494 loops=1)
        Filter: (info_type_id > 8)
        Rows Removed by Filter: 8612226
  ->  Hash  (cost=73925.90..73925.90 rows=40915 width=4) (actual time=1085.270..1085.270 rows=46448 loops=1)
        Buckets: 65536  Batches: 1  Memory Usage: 2145kB
        ->  Seq Scan on title t  (cost=0.00..73925.90 rows=40915 width=4) (actual time=0.032..1065.339 rows=46448 loops=1)
              Filter: ((production_year > 2006) AND (kind_id = 4))
              Rows Removed by Filter: 2481864
Planning time: 1.430 ms
Execution time: 8422.583 ms
