Hash Join  (cost=68191.41..435583.89 rows=273655 width=0) (actual time=1143.057..9853.138 rows=250661 loops=1)
  Hash Cond: (mi.movie_id = t.id)
  ->  Seq Scan on movie_info mi  (cost=0.00..309384.22 rows=14739122 width=4) (actual time=0.006..4617.729 rows=14835720 loops=1)
  ->  Hash  (cost=67604.59..67604.59 rows=46946 width=4) (actual time=1142.630..1142.630 rows=46583 loops=1)
        Buckets: 65536  Batches: 1  Memory Usage: 2150kB
        ->  Seq Scan on title t  (cost=0.00..67604.59 rows=46946 width=4) (actual time=0.080..1124.042 rows=46583 loops=1)
              Filter: (production_year = 1998)
              Rows Removed by Filter: 2481729
Planning time: 0.664 ms
Execution time: 9890.385 ms
