Hash Join  (cost=83810.17..1162243.26 rows=7032977 width=0) (actual time=2831.512..28628.174 rows=5932477 loops=1)
  Hash Cond: (ci.movie_id = t.id)
  ->  Seq Scan on cast_info ci  (cost=0.00..796071.18 rows=18004035 width=4) (actual time=1173.590..17689.134 rows=15123936 loops=1)
        Filter: ((person_id < 2840675) AND (role_id > 1))
        Rows Removed by Filter: 21120408
  ->  Hash  (cost=67604.59..67604.59 rows=987727 width=4) (actual time=1656.698..1656.698 rows=985048 loops=1)
        Buckets: 131072  Batches: 16  Memory Usage: 3188kB
        ->  Seq Scan on title t  (cost=0.00..67604.59 rows=987727 width=4) (actual time=0.017..1352.947 rows=985048 loops=1)
              Filter: (kind_id < 7)
              Rows Removed by Filter: 1543264
Planning time: 0.824 ms
Execution time: 29347.097 ms
