Hash Join  (cost=58375.80..440145.45 rows=146 width=0) (actual time=742.708..7882.312 rows=32 loops=1)
  Hash Cond: (mi.movie_id = t.id)
  ->  Seq Scan on movie_info mi  (cost=0.00..346232.03 rows=9476311 width=4) (actual time=196.546..6088.021 rows=9565151 loops=1)
        Filter: (info_type_id < 16)
        Rows Removed by Filter: 5270569
  ->  Hash  (cost=58375.31..58375.31 rows=39 width=8) (actual time=509.095..509.095 rows=6 loops=1)
        Buckets: 1024  Batches: 1  Memory Usage: 9kB
        ->  Nested Loop  (cost=0.43..58375.31 rows=39 width=8) (actual time=94.835..509.075 rows=6 loops=1)
              ->  Seq Scan on movie_companies mc  (cost=0.00..57926.93 rows=53 width=4) (actual time=94.766..508.734 rows=6 loops=1)
                    Filter: ((company_type_id > 1) AND (company_id = 4218))
                    Rows Removed by Filter: 2609123
              ->  Index Scan using title_pkey on title t  (cost=0.43..8.45 rows=1 width=4) (actual time=0.048..0.049 rows=1 loops=6)
                    Index Cond: (id = mc.movie_id)
                    Filter: (kind_id > 1)
Planning time: 1.291 ms
Execution time: 7882.487 ms
