Hash Join  (cost=216150.24..1398691.71 rows=10071034 width=0) (actual time=5126.095..38666.062 rows=17278181 loops=1)
  Hash Cond: (ci.movie_id = t.id)
  ->  Seq Scan on cast_info ci  (cost=0.00..614943.12 rows=36225612 width=4) (actual time=0.012..13038.205 rows=36244344 loops=1)
  ->  Hash  (cost=204617.35..204617.35 rows=702952 width=8) (actual time=5124.587..5124.587 rows=299534 loops=1)
        Buckets: 131072  Batches: 16  Memory Usage: 1768kB
        ->  Hash Join  (cost=74050.79..204617.35 rows=702952 width=8) (actual time=1203.244..5041.812 rows=299534 loops=1)
              Hash Cond: (mk.movie_id = t.id)
              ->  Seq Scan on movie_keyword mk  (cost=0.00..69693.30 rows=4523930 width=4) (actual time=0.023..1278.988 rows=4523930 loops=1)
              ->  Hash  (cost=67604.59..67604.59 rows=392896 width=4) (actual time=1199.988..1199.988 rows=391666 loops=1)
                    Buckets: 131072  Batches: 8  Memory Usage: 2759kB
                    ->  Seq Scan on title t  (cost=0.00..67604.59 rows=392896 width=4) (actual time=0.025..1066.998 rows=391666 loops=1)
                          Filter: (production_year > 2010)
                          Rows Removed by Filter: 2136646
Planning time: 1.094 ms
Execution time: 40545.945 ms
