Seq Scan on movie_companies mc  (cost=0.00..57926.93 rows=51 width=0) (actual time=474.826..966.684 rows=20 loops=1)
  Filter: ((company_type_id < 2) AND (company_id = 4437))
  Rows Removed by Filter: 2609109
Planning time: 1.488 ms
Execution time: 966.782 ms
