Hash Join  (cost=74181.07..129057.23 rows=21064 width=0) (actual time=3643.819..7168.464 rows=36638 loops=1)
  Hash Cond: (mc.movie_id = t.id)
  ->  Seq Scan on movie_companies mc  (cost=0.00..44881.29 rows=2609129 width=4) (actual time=0.027..2664.632 rows=2609129 loops=1)
  ->  Hash  (cost=73925.90..73925.90 rows=20413 width=4) (actual time=3643.413..3643.413 rows=17357 loops=1)
        Buckets: 32768  Batches: 1  Memory Usage: 867kB
        ->  Seq Scan on title t  (cost=0.00..73925.90 rows=20413 width=4) (actual time=0.276..3635.385 rows=17357 loops=1)
              Filter: ((kind_id < 7) AND (production_year = 2000))
              Rows Removed by Filter: 2510955
Planning time: 0.726 ms
Execution time: 7174.483 ms
