Hash Join  (cost=67697.55..94648.62 rows=4059 width=0) (actual time=1050.643..1639.473 rows=777 loops=1)
  Hash Cond: (mi_idx.movie_id = t.id)
  ->  Seq Scan on movie_info_idx mi_idx  (cost=0.00..21735.35 rows=1380035 width=4) (actual time=0.424..323.602 rows=1380035 loops=1)
  ->  Hash  (cost=67604.59..67604.59 rows=7437 width=4) (actual time=1049.233..1049.233 rows=2614 loops=1)
        Buckets: 8192  Batches: 1  Memory Usage: 156kB
        ->  Seq Scan on title t  (cost=0.00..67604.59 rows=7437 width=4) (actual time=233.232..1047.987 rows=2614 loops=1)
              Filter: (production_year = 1923)
              Rows Removed by Filter: 2525698
Planning time: 0.788 ms
Execution time: 1639.722 ms
