Hash Join  (cost=102767.86..1242538.41 rows=13873069 width=0) (actual time=1798.722..35325.157 rows=19271338 loops=1)
  Hash Cond: (ci.movie_id = t.id)
  ->  Seq Scan on cast_info ci  (cost=0.00..796071.18 rows=13873069 width=4) (actual time=0.025..17097.067 rows=19271338 loops=1)
        Filter: ((person_id < 2590700) AND (role_id < 3))
        Rows Removed by Filter: 16973006
  ->  Hash  (cost=61283.27..61283.27 rows=2528527 width=4) (actual time=1797.149..1797.149 rows=2528312 loops=1)
        Buckets: 131072  Batches: 64  Memory Usage: 2415kB
        ->  Seq Scan on title t  (cost=0.00..61283.27 rows=2528527 width=4) (actual time=0.019..978.821 rows=2528312 loops=1)
Planning time: 0.638 ms
Execution time: 37418.063 ms
