Seq Scan on cast_info ci  (cost=0.00..705507.15 rows=34589751 width=0) (actual time=0.021..13502.281 rows=34590877 loops=1)
  Filter: (person_id < 3734516)
  Rows Removed by Filter: 1653467
Planning time: 0.327 ms
Execution time: 17842.340 ms
