Seq Scan on movie_keyword mk  (cost=0.00..81003.12 rows=2612819 width=0) (actual time=0.022..1422.392 rows=2603330 loops=1)
  Filter: (keyword_id < 7021)
  Rows Removed by Filter: 1920600
Planning time: 0.376 ms
Execution time: 1740.781 ms
