Seq Scan on cast_info ci  (cost=0.00..705507.15 rows=28864348 width=0) (actual time=0.011..13352.351 rows=28824615 loops=1)
  Filter: (person_id < 2929093)
  Rows Removed by Filter: 7419729
Planning time: 0.232 ms
Execution time: 16899.942 ms
