Seq Scan on cast_info ci  (cost=0.00..796071.18 rows=4169208 width=0) (actual time=0.097..13155.154 rows=9309228 loops=1)
  Filter: ((person_id > 2770720) AND (role_id > 2))
  Rows Removed by Filter: 26935116
Planning time: 0.349 ms
Execution time: 14372.328 ms
