Hash Join  (cost=102767.86..230358.44 rows=1525505 width=0) (actual time=1943.841..5583.812 rows=1540846 loops=1)
  Hash Cond: (mk.movie_id = t.id)
  ->  Seq Scan on movie_keyword mk  (cost=0.00..81003.12 rows=1525505 width=4) (actual time=0.020..1469.362 rows=1540846 loops=1)
        Filter: (keyword_id > 10286)
        Rows Removed by Filter: 2983084
  ->  Hash  (cost=61283.27..61283.27 rows=2528527 width=4) (actual time=1941.893..1941.893 rows=2528312 loops=1)
        Buckets: 131072  Batches: 64  Memory Usage: 2425kB
        ->  Seq Scan on title t  (cost=0.00..61283.27 rows=2528527 width=4) (actual time=0.019..1048.587 rows=2528312 loops=1)
Planning time: 0.769 ms
Execution time: 5753.876 ms
