Seq Scan on movie_companies mc  (cost=0.00..51404.11 rows=1521649 width=0) (actual time=0.018..962.282 rows=1526803 loops=1)
  Filter: (company_id > 6941)
  Rows Removed by Filter: 1082326
Planning time: 0.236 ms
Execution time: 1148.155 ms
