Hash Join  (cost=153059.05..976818.46 rows=730623 width=0) (actual time=3509.315..20529.650 rows=1193543 loops=1)
  Hash Cond: (ci.movie_id = t.id)
  ->  Seq Scan on cast_info ci  (cost=0.00..705507.15 rows=9529609 width=4) (actual time=212.859..12877.854 rows=9356398 loops=1)
        Filter: (person_id < 920709)
        Rows Removed by Filter: 26887946
  ->  Hash  (cost=149877.81..149877.81 rows=193859 width=8) (actual time=3295.685..3295.685 rows=115228 loops=1)
        Buckets: 131072  Batches: 4  Memory Usage: 2144kB
        ->  Hash Join  (cost=74050.79..149877.81 rows=193859 width=8) (actual time=1693.596..3257.408 rows=115228 loops=1)
              Hash Cond: (mc.movie_id = t.id)
              ->  Seq Scan on movie_companies mc  (cost=0.00..57926.93 rows=1247600 width=4) (actual time=367.289..1287.553 rows=1214780 loops=1)
                    Filter: ((company_id > 6) AND (company_type_id = 1))
                    Rows Removed by Filter: 1394349
              ->  Hash  (cost=67604.59..67604.59 rows=392896 width=4) (actual time=1325.441..1325.441 rows=391666 loops=1)
                    Buckets: 131072  Batches: 8  Memory Usage: 2753kB
                    ->  Seq Scan on title t  (cost=0.00..67604.59 rows=392896 width=4) (actual time=0.020..1195.202 rows=391666 loops=1)
                          Filter: (production_year > 2010)
                          Rows Removed by Filter: 2136646
Planning time: 1.237 ms
Execution time: 20683.698 ms
