Hash Join  (cost=73930.97..128600.67 rows=418 width=0) (actual time=1121.986..2205.451 rows=20 loops=1)
  Hash Cond: (mc.movie_id = t.id)
  ->  Seq Scan on movie_companies mc  (cost=0.00..44881.29 rows=2609129 width=4) (actual time=0.016..643.165 rows=2609129 loops=1)
  ->  Hash  (cost=73925.90..73925.90 rows=405 width=4) (actual time=1094.212..1094.212 rows=145 loops=1)
        Buckets: 1024  Batches: 1  Memory Usage: 14kB
        ->  Seq Scan on title t  (cost=0.00..73925.90 rows=405 width=4) (actual time=3.221..1094.040 rows=145 loops=1)
              Filter: ((kind_id > 4) AND (production_year > 2013))
              Rows Removed by Filter: 2528167
Planning time: 0.804 ms
Execution time: 2205.540 ms
