Hash Join  (cost=275190.13..1650815.15 rows=28866884 width=0) (actual time=6120.153..61362.583 rows=97834039 loops=1)
  Hash Cond: (ci.movie_id = t.id)
  ->  Seq Scan on cast_info ci  (cost=0.00..614943.12 rows=36225612 width=4) (actual time=0.016..13106.266 rows=36244344 loops=1)
  ->  Hash  (cost=242132.98..242132.98 rows=2014892 width=8) (actual time=6118.651..6118.651 rows=2019843 loops=1)
        Buckets: 131072  Batches: 32  Memory Usage: 3474kB
        ->  Hash Join  (cost=102767.86..242132.98 rows=2014892 width=8) (actual time=1985.351..5537.864 rows=2019843 loops=1)
              Hash Cond: (mk.movie_id = t.id)
              ->  Seq Scan on movie_keyword mk  (cost=0.00..81003.12 rows=2014892 width=4) (actual time=0.027..1625.050 rows=2019843 loops=1)
                    Filter: (keyword_id > 6130)
                    Rows Removed by Filter: 2504087
              ->  Hash  (cost=61283.27..61283.27 rows=2528527 width=4) (actual time=1816.500..1816.500 rows=2528312 loops=1)
                    Buckets: 131072  Batches: 64  Memory Usage: 2425kB
                    ->  Seq Scan on title t  (cost=0.00..61283.27 rows=2528527 width=4) (actual time=0.020..996.059 rows=2528312 loops=1)
Planning time: 1.198 ms
Execution time: 72299.788 ms
