Seq Scan on movie_companies mc  (cost=0.00..51404.11 rows=1214027 width=0) (actual time=0.012..2652.591 rows=1223869 loops=1)
  Filter: (company_id > 11961)
  Rows Removed by Filter: 1385260
Planning time: 0.311 ms
Execution time: 2860.953 ms
