Seq Scan on movie_keyword mk  (cost=0.00..81003.12 rows=1225773 width=0) (actual time=0.015..1318.000 rows=1235239 loops=1)
  Filter: (keyword_id > 14652)
  Rows Removed by Filter: 3288691
Planning time: 0.389 ms
Execution time: 1465.433 ms
