Seq Scan on cast_info ci  (cost=0.00..705507.15 rows=4785906 width=42) (actual time=50.982..13436.415 rows=4684740 loops=1)
  Filter: (person_id < 453826)
  Rows Removed by Filter: 31559604
Planning time: 1.942 ms
Execution time: 13702.024 ms
