Hash Join  (cost=83882.28..1206995.56 rows=8693911 width=0) (actual time=1769.793..34888.461 rows=8852321 loops=1)
  Hash Cond: (ci.movie_id = t.id)
  ->  Seq Scan on cast_info ci  (cost=0.00..614943.12 rows=36225612 width=4) (actual time=0.022..13311.850 rows=36244344 loops=1)
  ->  Hash  (cost=73925.90..73925.90 rows=606830 width=4) (actual time=1768.439..1768.439 rows=492483 loops=1)
        Buckets: 131072  Batches: 8  Memory Usage: 3201kB
        ->  Seq Scan on title t  (cost=0.00..73925.90 rows=606830 width=4) (actual time=90.720..1367.404 rows=492483 loops=1)
              Filter: ((production_year > 1950) AND (kind_id = 1))
              Rows Removed by Filter: 2035829
Planning time: 0.786 ms
Execution time: 35968.966 ms
