Hash Join  (cost=71408.55..1215817.77 rows=3218040 width=0) (actual time=1350.332..35964.404 rows=3366406 loops=1)
  Hash Cond: (ci.movie_id = t.id)
  ->  Seq Scan on cast_info ci  (cost=0.00..705507.15 rows=35097513 width=4) (actual time=0.024..17170.329 rows=35220846 loops=1)
        Filter: (person_id > 104374)
        Rows Removed by Filter: 1023498
  ->  Hash  (cost=67604.59..67604.59 rows=231837 width=4) (actual time=1349.646..1349.646 rows=231649 loops=1)
        Buckets: 131072  Batches: 4  Memory Usage: 3076kB
        ->  Seq Scan on title t  (cost=0.00..67604.59 rows=231837 width=4) (actual time=0.025..1272.740 rows=231649 loops=1)
              Filter: (production_year > 2011)
              Rows Removed by Filter: 2296663
Planning time: 0.757 ms
Execution time: 36397.983 ms
