Hash Join  (cost=130386.76..495131.75 rows=8907 width=0) (actual time=1759.077..9564.025 rows=81593 loops=1)
  Hash Cond: (mi.movie_id = t.id)
  ->  Seq Scan on movie_info mi  (cost=0.00..309384.22 rows=14739122 width=4) (actual time=0.014..4697.653 rows=14835720 loops=1)
  ->  Hash  (cost=130367.65..130367.65 rows=1528 width=8) (actual time=1758.765..1758.765 rows=5830 loops=1)
        Buckets: 8192 (originally 2048)  Batches: 1 (originally 1)  Memory Usage: 292kB
        ->  Hash Join  (cost=73962.22..130367.65 rows=1528 width=8) (actual time=651.680..1756.275 rows=5830 loops=1)
              Hash Cond: (mc.movie_id = t.id)
              ->  Seq Scan on movie_companies mc  (cost=0.00..51404.11 rows=1329612 width=4) (actual time=0.015..888.096 rows=1334883 loops=1)
                    Filter: (company_type_id > 1)
                    Rows Removed by Filter: 1274246
              ->  Hash  (cost=73925.90..73925.90 rows=2905 width=4) (actual time=651.630..651.630 rows=6090 loops=1)
                    Buckets: 8192 (originally 4096)  Batches: 1 (originally 1)  Memory Usage: 279kB
                    ->  Seq Scan on title t  (cost=0.00..73925.90 rows=2905 width=4) (actual time=1.085..649.647 rows=6090 loops=1)
                          Filter: ((kind_id < 7) AND (production_year = 1968))
                          Rows Removed by Filter: 2522222
Planning time: 1.181 ms
Execution time: 9577.532 ms
