Hash Join  (cost=162211.06..914492.07 rows=149182 width=0) (actual time=3127.231..20037.731 rows=56390 loops=1)
  Hash Cond: (ci.movie_id = t.id)
  ->  Seq Scan on cast_info ci  (cost=0.00..614943.12 rows=36225612 width=4) (actual time=0.014..9582.062 rows=36244344 loops=1)
  ->  Hash  (cost=162080.90..162080.90 rows=10413 width=8) (actual time=3126.419..3126.419 rows=3885 loops=1)
        Buckets: 16384  Batches: 1  Memory Usage: 280kB
        ->  Hash Join  (cost=67697.55..162080.90 rows=10413 width=8) (actual time=1092.779..3124.652 rows=3885 loops=1)
              Hash Cond: (mk.movie_id = t.id)
              ->  Seq Scan on movie_keyword mk  (cost=0.00..81003.12 rows=3540291 width=4) (actual time=0.020..1522.248 rows=3531483 loops=1)
                    Filter: (keyword_id < 18649)
                    Rows Removed by Filter: 992447
              ->  Hash  (cost=67604.59..67604.59 rows=7437 width=4) (actual time=1092.648..1092.648 rows=4012 loops=1)
                    Buckets: 8192  Batches: 1  Memory Usage: 206kB
                    ->  Seq Scan on title t  (cost=0.00..67604.59 rows=7437 width=4) (actual time=246.661..1090.694 rows=4012 loops=1)
                          Filter: (production_year = 1920)
                          Rows Removed by Filter: 2524300
Planning time: 2.914 ms
Execution time: 20047.194 ms
