Seq Scan on cast_info ci  (cost=0.00..705507.15 rows=22285740 width=0) (actual time=0.018..12957.343 rows=22323183 loops=1)
  Filter: (person_id > 1371697)
  Rows Removed by Filter: 13921161
Planning time: 0.334 ms
Execution time: 15743.250 ms
