Seq Scan on movie_companies mc  (cost=0.00..57926.93 rows=1323106 width=0) (actual time=0.022..1191.400 rows=1323130 loops=1)
  Filter: ((company_id < 223865) AND (company_type_id > 1))
  Rows Removed by Filter: 1285999
Planning time: 0.260 ms
Execution time: 1353.597 ms
