Hash Join  (cost=106840.27..1524436.27 rows=29844823 width=0) (actual time=2100.785..47986.116 rows=30410059 loops=1)
  Hash Cond: (ci.movie_id = t.id)
  ->  Seq Scan on cast_info ci  (cost=0.00..705507.15 rows=31554923 width=4) (actual time=0.025..17185.275 rows=31605208 loops=1)
        Filter: (role_id < 10)
        Rows Removed by Filter: 4639136
  ->  Hash  (cost=67604.59..67604.59 rows=2391495 width=4) (actual time=2099.637..2099.637 rows=2388876 loops=1)
        Buckets: 131072  Batches: 32  Memory Usage: 3646kB
        ->  Seq Scan on title t  (cost=0.00..67604.59 rows=2391495 width=4) (actual time=0.019..1369.763 rows=2388876 loops=1)
              Filter: (production_year < 2013)
              Rows Removed by Filter: 139436
Planning time: 0.819 ms
Execution time: 51621.455 ms
