Seq Scan on cast_info ci  (cost=0.00..796071.18 rows=4812280 width=0) (actual time=4449.931..15399.347 rows=7450003 loops=1)
  Filter: ((person_id > 1207479) AND (role_id = 2))
  Rows Removed by Filter: 28794341
Planning time: 0.383 ms
Execution time: 16327.551 ms
