Hash Join  (cost=67697.55..432786.99 rows=43351 width=0) (actual time=3184.645..24119.529 rows=93885 loops=1)
  Hash Cond: (mi.movie_id = t.id)
  ->  Seq Scan on movie_info mi  (cost=0.00..309384.22 rows=14739122 width=4) (actual time=0.012..16257.992 rows=14835720 loops=1)
  ->  Hash  (cost=67604.59..67604.59 rows=7437 width=4) (actual time=3175.692..3175.692 rows=14428 loops=1)
        Buckets: 16384 (originally 8192)  Batches: 1 (originally 1)  Memory Usage: 636kB
        ->  Seq Scan on title t  (cost=0.00..67604.59 rows=7437 width=4) (actual time=0.198..3168.339 rows=14428 loops=1)
              Filter: (production_year = 1978)
              Rows Removed by Filter: 2513884
Planning time: 0.726 ms
Execution time: 24140.101 ms
