Hash Join  (cost=83074.74..111707.54 rows=89 width=0) (actual time=1322.707..1956.971 rows=218 loops=1)
  Hash Cond: (mi_idx.movie_id = t.id)
  ->  Seq Scan on movie_info_idx mi_idx  (cost=0.00..25185.44 rows=919057 width=4) (actual time=0.017..528.058 rows=920110 loops=1)
        Filter: (info_type_id > 99)
        Rows Removed by Filter: 459925
  ->  Hash  (cost=83071.67..83071.67 rows=246 width=8) (actual time=1301.083..1301.083 rows=125 loops=1)
        Buckets: 1024  Batches: 1  Memory Usage: 13kB
        ->  Nested Loop  (cost=0.43..83071.67 rows=246 width=8) (actual time=1.237..1300.912 rows=125 loops=1)
              ->  Seq Scan on movie_keyword mk  (cost=0.00..81003.12 rows=246 width=4) (actual time=1.174..1290.367 rows=125 loops=1)
                    Filter: (keyword_id = 8999)
                    Rows Removed by Filter: 4523805
              ->  Index Only Scan using title_pkey on title t  (cost=0.43..8.40 rows=1 width=4) (actual time=0.079..0.080 rows=1 loops=125)
                    Index Cond: (id = mk.movie_id)
                    Heap Fetches: 125
Planning time: 1.226 ms
Execution time: 1957.157 ms
