Seq Scan on movie_keyword mk  (cost=0.00..81003.12 rows=2899833 width=0) (actual time=0.025..1482.330 rows=2890289 loops=1)
  Filter: (keyword_id < 9083)
  Rows Removed by Filter: 1633641
Planning time: 0.282 ms
Execution time: 1845.903 ms
