Seq Scan on movie_companies mc  (cost=0.00..57926.93 rows=51 width=0) (actual time=4.311..810.205 rows=701 loops=1)
  Filter: ((company_id = 11205) AND (company_type_id = 1))
  Rows Removed by Filter: 2608428
Planning time: 0.436 ms
Execution time: 810.491 ms
