Seq Scan on movie_companies mc  (cost=0.00..57926.93 rows=192130 width=0) (actual time=277.382..860.874 rows=87034 loops=1)
  Filter: ((company_id < 225) AND (company_type_id = 2))
  Rows Removed by Filter: 2522095
Planning time: 0.308 ms
Execution time: 873.120 ms
