Hash Join  (cost=155540.25..1132964.03 rows=3791108 width=0) (actual time=3829.173..30116.275 rows=9302804 loops=1)
  Hash Cond: (ci.movie_id = t.id)
  ->  Seq Scan on cast_info ci  (cost=0.00..796071.18 rows=12138806 width=4) (actual time=0.025..17514.724 rows=11524118 loops=1)
        Filter: ((person_id > 159307) AND (role_id < 2))
        Rows Removed by Filter: 24720226
  ->  Hash  (cost=142584.10..142584.10 rows=789692 width=8) (actual time=3828.147..3828.147 rows=949108 loops=1)
        Buckets: 131072  Batches: 16  Memory Usage: 3351kB
        ->  Hash Join  (cost=91342.70..142584.10 rows=789692 width=8) (actual time=1887.457..3554.505 rows=949108 loops=1)
              Hash Cond: (mi_idx.movie_id = t.id)
              ->  Seq Scan on movie_info_idx mi_idx  (cost=0.00..21735.35 rows=1380035 width=4) (actual time=0.017..499.786 rows=1380035 loops=1)
              ->  Hash  (cost=67604.59..67604.59 rows=1446889 width=4) (actual time=1886.436..1886.436 rows=1443298 loops=1)
                    Buckets: 131072  Batches: 32  Memory Usage: 2608kB
                    ->  Seq Scan on title t  (cost=0.00..67604.59 rows=1446889 width=4) (actual time=0.005..1418.363 rows=1443298 loops=1)
                          Filter: (production_year < 2006)
                          Rows Removed by Filter: 1085014
Planning time: 1.249 ms
Execution time: 31160.861 ms
