Hash Join  (cost=110701.46..596184.86 rows=532046 width=0) (actual time=2180.499..13867.038 rows=1762048 loops=1)
  Hash Cond: (mi.movie_id = t.id)
  ->  Seq Scan on movie_info mi  (cost=0.00..309384.22 rows=14739122 width=4) (actual time=0.018..5974.775 rows=14835720 loops=1)
  ->  Hash  (cost=109203.53..109203.53 rows=91274 width=8) (actual time=2179.775..2179.775 rows=102305 loops=1)
        Buckets: 131072  Batches: 2  Memory Usage: 3032kB
        ->  Hash Join  (cost=75818.69..109203.53 rows=91274 width=8) (actual time=1310.450..2141.940 rows=102305 loops=1)
              Hash Cond: (mi_idx.movie_id = t.id)
              ->  Seq Scan on movie_info_idx mi_idx  (cost=0.00..25185.44 rows=460978 width=4) (actual time=0.024..468.231 rows=459925 loops=1)
                    Filter: (info_type_id < 100)
                    Rows Removed by Filter: 920110
              ->  Hash  (cost=67604.59..67604.59 rows=500648 width=4) (actual time=1309.645..1309.645 rows=494029 loops=1)
                    Buckets: 131072  Batches: 8  Memory Usage: 3188kB
                    ->  Seq Scan on title t  (cost=0.00..67604.59 rows=500648 width=4) (actual time=0.006..1143.944 rows=494029 loops=1)
                          Filter: (production_year < 1979)
                          Rows Removed by Filter: 2034283
Planning time: 1.998 ms
Execution time: 14091.327 ms
