Hash Join  (cost=73950.44..102589.48 rows=714 width=0) (actual time=1111.564..1815.012 rows=488 loops=1)
  Hash Cond: (mi_idx.movie_id = t.id)
  ->  Seq Scan on movie_info_idx mi_idx  (cost=0.00..25185.44 rows=919057 width=4) (actual time=0.020..543.979 rows=920110 loops=1)
        Filter: (info_type_id > 99)
        Rows Removed by Filter: 459925
  ->  Hash  (cost=73925.90..73925.90 rows=1963 width=4) (actual time=1111.011..1111.011 rows=4012 loops=1)
        Buckets: 4096 (originally 2048)  Batches: 1 (originally 1)  Memory Usage: 174kB
        ->  Seq Scan on title t  (cost=0.00..73925.90 rows=1963 width=4) (actual time=413.773..1109.077 rows=4012 loops=1)
              Filter: ((kind_id = 1) AND (production_year = 1920))
              Rows Removed by Filter: 2524300
Planning time: 0.778 ms
Execution time: 1815.232 ms
