Hash Join  (cost=88767.14..217246.81 rows=1038294 width=0) (actual time=5277.408..11818.461 rows=246447 loops=1)
  Hash Cond: (mk.movie_id = t.id)
  ->  Seq Scan on movie_keyword mk  (cost=0.00..81003.12 rows=2902293 width=4) (actual time=0.014..4700.805 rows=2892723 loops=1)
        Filter: (keyword_id < 9115)
        Rows Removed by Filter: 1631207
  ->  Hash  (cost=73925.90..73925.90 rows=904579 width=4) (actual time=4833.790..4833.790 rows=992072 loops=1)
        Buckets: 131072  Batches: 16  Memory Usage: 3218kB
        ->  Seq Scan on title t  (cost=0.00..73925.90 rows=904579 width=4) (actual time=0.012..4104.675 rows=992072 loops=1)
              Filter: ((production_year > 1998) AND (kind_id = 7))
              Rows Removed by Filter: 1536240
Planning time: 0.711 ms
Execution time: 11852.604 ms
