Hash Join  (cost=83072.39..111689.48 rows=3 width=0) (actual time=1313.581..1922.325 rows=138 loops=1)
  Hash Cond: (mi_idx.movie_id = t.id)
  ->  Seq Scan on movie_info_idx mi_idx  (cost=0.00..25185.44 rows=915101 width=4) (actual time=0.017..484.286 rows=919850 loops=1)
        Filter: (info_type_id < 101)
        Rows Removed by Filter: 460185
  ->  Hash  (cost=83072.29..83072.29 rows=8 width=8) (actual time=1313.480..1313.480 rows=70 loops=1)
        Buckets: 1024  Batches: 1  Memory Usage: 11kB
        ->  Nested Loop  (cost=0.43..83072.29 rows=8 width=8) (actual time=11.598..1313.366 rows=70 loops=1)
              ->  Seq Scan on movie_keyword mk  (cost=0.00..81003.12 rows=246 width=4) (actual time=0.038..1216.180 rows=2822 loops=1)
                    Filter: (keyword_id = 1662)
                    Rows Removed by Filter: 4521108
              ->  Index Scan using title_pkey on title t  (cost=0.43..8.40 rows=1 width=4) (actual time=0.034..0.034 rows=0 loops=2822)
                    Index Cond: (id = mk.movie_id)
                    Filter: (production_year = 2004)
                    Rows Removed by Filter: 1
Planning time: 1.239 ms
Execution time: 1922.496 ms
