Seq Scan on cast_info ci  (cost=0.00..705507.15 rows=500 width=0) (actual time=10198.787..10591.748 rows=3 loops=1)
  Filter: (person_id = 3556137)
  Rows Removed by Filter: 36244341
Planning time: 0.379 ms
Execution time: 10591.883 ms
