Hash Join  (cost=1054872.50..1861459.99 rows=23719095 width=0) (actual time=23804.490..67873.714 rows=118433132 loops=1)
  Hash Cond: (mi.movie_id = t.id)
  ->  Seq Scan on movie_info mi  (cost=0.00..309384.22 rows=14739122 width=4) (actual time=0.015..6368.558 rows=14835720 loops=1)
  ->  Hash  (cost=988114.25..988114.25 rows=4069060 width=8) (actual time=23803.222..23803.222 rows=4323578 loops=1)
        Buckets: 131072  Batches: 64  Memory Usage: 3793kB
        ->  Hash Join  (cost=86758.62..988114.25 rows=4069060 width=8) (actual time=1490.732..22593.722 rows=4323578 loops=1)
              Hash Cond: (ci.movie_id = t.id)
              ->  Seq Scan on cast_info ci  (cost=0.00..705507.15 rows=13154636 width=4) (actual time=0.048..13181.569 rows=13111777 loops=1)
                    Filter: (person_id < 1294616)
                    Rows Removed by Filter: 23132567
              ->  Hash  (cost=73925.90..73925.90 rows=782137 width=4) (actual time=1489.742..1489.742 rows=682493 loops=1)
                    Buckets: 131072  Batches: 16  Memory Usage: 2522kB
                    ->  Seq Scan on title t  (cost=0.00..73925.90 rows=782137 width=4) (actual time=0.016..1282.717 rows=682493 loops=1)
                          Filter: ((kind_id < 4) AND (production_year > 1950))
                          Rows Removed by Filter: 1845819
Planning time: 1.276 ms
Execution time: 80797.754 ms
