Nested Loop  (cost=44377.22..936095.95 rows=49301 width=0) (actual time=1205.623..20713.922 rows=180711 loops=1)
  Join Filter: (ci.movie_id = t.id)
  ->  Hash Join  (cost=44376.79..863580.95 rows=122823 width=8) (actual time=1205.547..11965.941 rows=180711 loops=1)
        Hash Cond: (ci.movie_id = mi_idx.movie_id)
        ->  Seq Scan on cast_info ci  (cost=0.00..796071.18 rows=90330 width=4) (actual time=300.681..10664.204 rows=161917 loops=1)
              Filter: ((person_id < 25278) AND (role_id < 2))
              Rows Removed by Filter: 36082427
        ->  Hash  (cost=21735.35..21735.35 rows=1380035 width=4) (actual time=903.230..903.230 rows=1380035 loops=1)
              Buckets: 131072  Batches: 32  Memory Usage: 2540kB
              ->  Seq Scan on movie_info_idx mi_idx  (cost=0.00..21735.35 rows=1380035 width=4) (actual time=0.019..486.018 rows=1380035 loops=1)
  ->  Index Only Scan using title_pkey on title t  (cost=0.43..0.58 rows=1 width=4) (actual time=0.048..0.048 rows=1 loops=180711)
        Index Cond: (id = mi_idx.movie_id)
        Heap Fetches: 180711
Planning time: 1.227 ms
Execution time: 20745.910 ms
