Seq Scan on title t  (cost=0.00..73925.90 rows=162332 width=0) (actual time=0.016..1156.663 rows=162218 loops=1)
  Filter: ((kind_id > 2) AND (production_year > 2011))
  Rows Removed by Filter: 2366094
Planning time: 0.382 ms
Execution time: 1179.512 ms
