Seq Scan on cast_info ci  (cost=0.00..705507.15 rows=33391211 width=0) (actual time=0.018..12308.867 rows=33448570 loops=1)
  Filter: (person_id > 268659)
  Rows Removed by Filter: 2795774
Planning time: 0.347 ms
Execution time: 16091.290 ms
