Hash Join  (cost=102767.86..183297.53 rows=799850 width=0) (actual time=1847.592..3947.353 rows=806303 loops=1)
  Hash Cond: (mc.movie_id = t.id)
  ->  Seq Scan on movie_companies mc  (cost=0.00..51404.11 rows=799850 width=4) (actual time=0.030..940.348 rows=806303 loops=1)
        Filter: (company_id > 29689)
        Rows Removed by Filter: 1802826
  ->  Hash  (cost=61283.27..61283.27 rows=2528527 width=4) (actual time=1846.144..1846.144 rows=2528312 loops=1)
        Buckets: 131072  Batches: 64  Memory Usage: 2415kB
        ->  Seq Scan on title t  (cost=0.00..61283.27 rows=2528527 width=4) (actual time=0.021..994.896 rows=2528312 loops=1)
Planning time: 0.694 ms
Execution time: 4047.031 ms
