Seq Scan on movie_keyword mk  (cost=0.00..81003.12 rows=2336556 width=0) (actual time=0.026..1435.447 rows=2337824 loops=1)
  Filter: (keyword_id < 5169)
  Rows Removed by Filter: 2186106
Planning time: 0.312 ms
Execution time: 1718.910 ms
