Seq Scan on cast_info ci  (cost=0.00..796071.18 rows=435 width=0) (actual time=14052.438..14851.678 rows=26 loops=1)
  Filter: ((role_id < 10) AND (person_id = 1209820))
  Rows Removed by Filter: 36244318
Planning time: 0.446 ms
Execution time: 14851.812 ms
