Hash Join  (cost=102767.86..794053.89 rows=13929354 width=0) (actual time=5541.815..45242.587 rows=14033580 loops=1)
  Hash Cond: (mi.movie_id = t.id)
  ->  Seq Scan on movie_info mi  (cost=0.00..346232.03 rows=13929354 width=4) (actual time=0.026..24191.077 rows=14033580 loops=1)
        Filter: (info_type_id > 1)
        Rows Removed by Filter: 802140
  ->  Hash  (cost=61283.27..61283.27 rows=2528527 width=4) (actual time=5540.259..5540.259 rows=2528312 loops=1)
        Buckets: 131072  Batches: 64  Memory Usage: 2425kB
        ->  Seq Scan on title t  (cost=0.00..61283.27 rows=2528527 width=4) (actual time=0.014..4228.244 rows=2528312 loops=1)
Planning time: 0.648 ms
Execution time: 47263.853 ms
