Seq Scan on movie_keyword mk  (cost=0.00..81003.12 rows=246 width=0) (actual time=26.554..1240.917 rows=47 loops=1)
  Filter: (keyword_id = 17540)
  Rows Removed by Filter: 4523883
Planning time: 0.343 ms
Execution time: 1241.048 ms
