Seq Scan on cast_info ci  (cost=0.00..705507.15 rows=15955176 width=0) (actual time=10655.070..35686.951 rows=16084431 loops=1)
  Filter: (person_id > 2025243)
  Rows Removed by Filter: 20159913
Planning time: 0.347 ms
Execution time: 38417.267 ms
