Seq Scan on cast_info ci  (cost=0.00..796071.18 rows=22605 width=0) (actual time=6628.683..11301.077 rows=179467 loops=1)
  Filter: ((person_id > 3596995) AND (role_id = 11))
  Rows Removed by Filter: 36064877
Planning time: 0.414 ms
Execution time: 11322.648 ms
