Hash Join  (cost=73948.15..876112.40 rows=1142 width=0) (actual time=8790.889..13044.177 rows=1 loops=1)
  Hash Cond: (ci.movie_id = t.id)
  ->  Seq Scan on cast_info ci  (cost=0.00..796071.18 rows=1621771 width=4) (actual time=7711.375..11935.125 rows=553051 loops=1)
        Filter: ((person_id < 973557) AND (role_id > 8))
        Rows Removed by Filter: 35691293
  ->  Hash  (cost=73925.90..73925.90 rows=1780 width=4) (actual time=981.369..981.369 rows=4085 loops=1)
        Buckets: 4096 (originally 2048)  Batches: 1 (originally 1)  Memory Usage: 176kB
        ->  Seq Scan on title t  (cost=0.00..73925.90 rows=1780 width=4) (actual time=311.542..979.445 rows=4085 loops=1)
              Filter: ((production_year < 1899) AND (kind_id = 1))
              Rows Removed by Filter: 2524227
Planning time: 2.187 ms
Execution time: 13044.296 ms
