Hash Join  (cost=121022.41..233829.97 rows=150251 width=0) (actual time=2422.144..5208.911 rows=862868 loops=1)
  Hash Cond: (mk.movie_id = t.id)
  ->  Seq Scan on movie_keyword mk  (cost=0.00..81003.12 rows=2570646 width=4) (actual time=0.025..1701.377 rows=2560171 loops=1)
        Filter: (keyword_id > 3430)
        Rows Removed by Filter: 1963759
  ->  Hash  (cost=118597.05..118597.05 rows=147789 width=8) (actual time=2420.501..2420.501 rows=186362 loops=1)
        Buckets: 131072 (originally 131072)  Batches: 4 (originally 2)  Memory Usage: 3073kB
        ->  Hash Join  (cost=78368.68..118597.05 rows=147789 width=8) (actual time=1230.548..2357.856 rows=186362 loops=1)
              Hash Cond: (mi_idx.movie_id = t.id)
              ->  Seq Scan on movie_info_idx mi_idx  (cost=0.00..21735.35 rows=1380035 width=4) (actual time=0.023..509.257 rows=1380035 loops=1)
              ->  Hash  (cost=73925.90..73925.90 rows=270782 width=4) (actual time=1229.696..1229.696 rows=229992 loops=1)
                    Buckets: 131072  Batches: 4  Memory Usage: 3047kB
                    ->  Seq Scan on title t  (cost=0.00..73925.90 rows=270782 width=4) (actual time=0.037..1147.563 rows=229992 loops=1)
                          Filter: ((kind_id < 3) AND (production_year > 2006))
                          Rows Removed by Filter: 2298320
Planning time: 1.140 ms
Execution time: 5296.225 ms
