Seq Scan on movie_companies mc  (cost=0.00..57926.93 rows=260473 width=0) (actual time=328.999..550.374 rows=516356 loops=1)
  Filter: ((company_id > 73520) AND (company_type_id > 1))
  Rows Removed by Filter: 2092773
Planning time: 0.351 ms
Execution time: 585.573 ms
