Seq Scan on cast_info ci  (cost=0.00..796071.18 rows=14118222 width=0) (actual time=0.022..15177.172 rows=19573343 loops=1)
  Filter: ((person_id > 1417023) AND (role_id > 1))
  Rows Removed by Filter: 16671001
Planning time: 0.392 ms
Execution time: 17573.956 ms
