Hash Join  (cost=80661.47..551042.31 rows=1508853 width=0) (actual time=1592.201..14261.851 rows=3877618 loops=1)
  Hash Cond: (mi.movie_id = t.id)
  ->  Seq Scan on movie_info mi  (cost=0.00..346232.03 rows=9293409 width=4) (actual time=89.725..7041.659 rows=9425200 loops=1)
        Filter: (info_type_id > 5)
        Rows Removed by Filter: 5410520
  ->  Hash  (cost=73925.90..73925.90 rows=410525 width=4) (actual time=1393.137..1393.137 rows=456146 loops=1)
        Buckets: 131072  Batches: 8  Memory Usage: 3048kB
        ->  Seq Scan on title t  (cost=0.00..73925.90 rows=410525 width=4) (actual time=0.033..1243.788 rows=456146 loops=1)
              Filter: ((production_year < 2007) AND (kind_id = 1))
              Rows Removed by Filter: 2072166
Planning time: 0.763 ms
Execution time: 14635.938 ms
