Hash Join  (cost=67612.84..868739.88 rows=352 width=0) (actual time=6797.676..12946.733 rows=2154 loops=1)
  Hash Cond: (ci.movie_id = t.id)
  ->  Seq Scan on cast_info ci  (cost=0.00..796071.18 rows=1347290 width=4) (actual time=5774.940..11461.098 rows=2673178 loops=1)
        Filter: ((person_id < 355887) AND (role_id = 1))
        Rows Removed by Filter: 33571166
  ->  Hash  (cost=67604.59..67604.59 rows=660 width=4) (actual time=1022.063..1022.063 rows=3515 loops=1)
        Buckets: 4096 (originally 1024)  Batches: 1 (originally 1)  Memory Usage: 156kB
        ->  Seq Scan on title t  (cost=0.00..67604.59 rows=660 width=4) (actual time=2.109..1020.183 rows=3515 loops=1)
              Filter: (production_year > 2013)
              Rows Removed by Filter: 2524797
Planning time: 0.812 ms
Execution time: 12947.449 ms
