Hash Join  (cost=146145.24..243823.49 rows=27450 width=0) (actual time=2874.559..5120.715 rows=19809 loops=1)
  Hash Cond: (mk.movie_id = t.id)
  ->  Seq Scan on movie_keyword mk  (cost=0.00..81003.12 rows=4373499 width=4) (actual time=0.023..1564.870 rows=4360169 loops=1)
        Filter: (keyword_id > 117)
        Rows Removed by Filter: 163761
  ->  Hash  (cost=145946.86..145946.86 rows=15870 width=8) (actual time=2873.807..2873.807 rows=11528 loops=1)
        Buckets: 16384  Batches: 1  Memory Usage: 579kB
        ->  Hash Join  (cost=83580.70..145946.86 rows=15870 width=8) (actual time=1880.101..2869.860 rows=11528 loops=1)
              Hash Cond: (mc.movie_id = t.id)
              ->  Seq Scan on movie_companies mc  (cost=0.00..57926.93 rows=41208 width=4) (actual time=0.087..832.065 rows=17551 loops=1)
                    Filter: ((company_id < 19) AND (company_type_id = 2))
                    Rows Removed by Filter: 2591578
              ->  Hash  (cost=67604.59..67604.59 rows=973769 width=4) (actual time=1878.943..1878.943 rows=971188 loops=1)
                    Buckets: 131072  Batches: 16  Memory Usage: 3161kB
                    ->  Seq Scan on title t  (cost=0.00..67604.59 rows=973769 width=4) (actual time=0.014..1262.988 rows=971188 loops=1)
                          Filter: (production_year < 1999)
                          Rows Removed by Filter: 1557124
Planning time: 1.126 ms
Execution time: 5123.581 ms
