Hash Join  (cost=129547.14..885008.28 rows=223128 width=0) (actual time=10420.146..19357.381 rows=458487 loops=1)
  Hash Cond: (ci.movie_id = t.id)
  ->  Seq Scan on cast_info ci  (cost=0.00..705507.15 rows=12726058 width=4) (actual time=7671.884..13546.054 rows=12670688 loops=1)
        Filter: (role_id = 1)
        Rows Removed by Filter: 23573656
  ->  Hash  (cost=128992.97..128992.97 rows=44333 width=8) (actual time=2747.607..2747.607 rows=36287 loops=1)
        Buckets: 65536  Batches: 1  Memory Usage: 1930kB
        ->  Hash Join  (cost=68191.41..128992.97 rows=44333 width=8) (actual time=1071.459..2733.490 rows=36287 loops=1)
              Hash Cond: (mc.movie_id = t.id)
              ->  Seq Scan on movie_companies mc  (cost=0.00..51404.11 rows=2387765 width=4) (actual time=1.420..1100.062 rows=2387655 loops=1)
                    Filter: (company_id > 74)
                    Rows Removed by Filter: 221474
              ->  Hash  (cost=67604.59..67604.59 rows=46946 width=4) (actual time=1068.858..1068.858 rows=46583 loops=1)
                    Buckets: 65536  Batches: 1  Memory Usage: 2150kB
                    ->  Seq Scan on title t  (cost=0.00..67604.59 rows=46946 width=4) (actual time=0.031..1048.990 rows=46583 loops=1)
                          Filter: (production_year = 1998)
                          Rows Removed by Filter: 2481729
Planning time: 3.434 ms
Execution time: 19418.598 ms
