Seq Scan on cast_info ci  (cost=0.00..796071.18 rows=276 width=0) (actual time=14865.202..38025.395 rows=26 loops=1)
  Filter: ((role_id < 3) AND (person_id = 2439046))
  Rows Removed by Filter: 36244318
Planning time: 0.315 ms
Execution time: 38025.511 ms
