Seq Scan on title t  (cost=0.00..73925.90 rows=143294 width=0) (actual time=0.105..1137.138 rows=39745 loops=1)
  Filter: ((production_year < 1959) AND (kind_id = 7))
  Rows Removed by Filter: 2488567
Planning time: 0.390 ms
Execution time: 1143.935 ms
