Seq Scan on cast_info ci  (cost=0.00..705507.15 rows=500 width=0) (actual time=202.385..11409.881 rows=23 loops=1)
  Filter: (person_id = 3061588)
  Rows Removed by Filter: 36244321
Planning time: 0.378 ms
Execution time: 11409.971 ms
