Seq Scan on movie_keyword mk  (cost=0.00..81003.12 rows=4328065 width=0) (actual time=0.013..1552.583 rows=4311912 loops=1)
  Filter: (keyword_id > 140)
  Rows Removed by Filter: 212018
Planning time: 0.318 ms
Execution time: 2089.232 ms
