Seq Scan on movie_keyword mk  (cost=0.00..81003.12 rows=4072 width=0) (actual time=0.090..1295.170 rows=4151 loops=1)
  Filter: (keyword_id = 3644)
  Rows Removed by Filter: 4519779
Planning time: 0.348 ms
Execution time: 1296.169 ms
