Hash Join  (cost=142704.60..895493.93 rows=200016 width=0) (actual time=1220.290..20223.052 rows=275564 loops=1)
  Hash Cond: (ci.movie_id = t.id)
  ->  Seq Scan on cast_info ci  (cost=0.00..614943.12 rows=36225612 width=4) (actual time=0.022..9594.239 rows=36244344 loops=1)
  ->  Hash  (cost=142530.09..142530.09 rows=13961 width=8) (actual time=1219.856..1219.856 rows=14470 loops=1)
        Buckets: 16384  Batches: 1  Memory Usage: 694kB
        ->  Nested Loop  (cost=0.43..142530.09 rows=13961 width=8) (actual time=0.099..1212.749 rows=14470 loops=1)
              ->  Seq Scan on movie_companies mc  (cost=0.00..57926.93 rows=13961 width=4) (actual time=0.037..882.965 rows=14470 loops=1)
                    Filter: ((company_type_id > 1) AND (company_id = 27))
                    Rows Removed by Filter: 2594659
              ->  Index Only Scan using title_pkey on title t  (cost=0.43..6.05 rows=1 width=4) (actual time=0.022..0.022 rows=1 loops=14470)
                    Index Cond: (id = mc.movie_id)
                    Heap Fetches: 14470
Planning time: 1.218 ms
Execution time: 20266.416 ms
