Hash Join  (cost=79303.65..202142.41 rows=765634 width=0) (actual time=1572.488..4703.032 rows=1062771 loops=1)
  Hash Cond: (mk.movie_id = t.id)
  ->  Seq Scan on movie_keyword mk  (cost=0.00..81003.12 rows=2715011 width=4) (actual time=0.022..1643.275 rows=2709650 loops=1)
        Filter: (keyword_id > 2956)
        Rows Removed by Filter: 1814280
  ->  Hash  (cost=67604.59..67604.59 rows=713045 width=4) (actual time=1571.386..1571.386 rows=707186 loops=1)
        Buckets: 131072  Batches: 16  Memory Usage: 2584kB
        ->  Seq Scan on title t  (cost=0.00..67604.59 rows=713045 width=4) (actual time=0.713..1323.217 rows=707186 loops=1)
              Filter: (production_year < 1991)
              Rows Removed by Filter: 1821126
Planning time: 0.724 ms
Execution time: 4821.709 ms
