Hash Join  (cost=83074.74..137742.81 rows=254 width=0) (actual time=1388.209..2563.992 rows=90 loops=1)
  Hash Cond: (mc.movie_id = t.id)
  ->  Seq Scan on movie_companies mc  (cost=0.00..44881.29 rows=2609129 width=4) (actual time=0.012..675.637 rows=2609129 loops=1)
  ->  Hash  (cost=83071.67..83071.67 rows=246 width=8) (actual time=1374.079..1374.079 rows=4342 loops=1)
        Buckets: 8192 (originally 1024)  Batches: 1 (originally 1)  Memory Usage: 234kB
        ->  Nested Loop  (cost=0.43..83071.67 rows=246 width=8) (actual time=25.030..1372.180 rows=4342 loops=1)
              ->  Seq Scan on movie_keyword mk  (cost=0.00..81003.12 rows=246 width=4) (actual time=24.928..1329.674 rows=4342 loops=1)
                    Filter: (keyword_id = 29033)
                    Rows Removed by Filter: 4519588
              ->  Index Only Scan using title_pkey on title t  (cost=0.43..8.40 rows=1 width=4) (actual time=0.009..0.009 rows=1 loops=4342)
                    Index Cond: (id = mk.movie_id)
                    Heap Fetches: 4342
Planning time: 1.116 ms
Execution time: 2564.125 ms
