Hash Join  (cost=238116.48..1481631.01 rows=16006442 width=0) (actual time=4930.999..37371.691 rows=5988728 loops=1)
  Hash Cond: (ci.movie_id = t.id)
  ->  Seq Scan on cast_info ci  (cost=0.00..614943.12 rows=36225612 width=4) (actual time=0.013..13185.198 rows=36244344 loops=1)
  ->  Hash  (cost=219785.98..219785.98 rows=1117240 width=8) (actual time=4929.775..4929.775 rows=244943 loops=1)
        Buckets: 131072  Batches: 16  Memory Usage: 1600kB
        ->  Hash Join  (cost=84171.54..219785.98 rows=1117240 width=8) (actual time=3539.551..4856.435 rows=244943 loops=1)
              Hash Cond: (mk.movie_id = t.id)
              ->  Seq Scan on movie_keyword mk  (cost=0.00..69693.30 rows=4523930 width=4) (actual time=0.013..1432.518 rows=4523930 loops=1)
              ->  Hash  (cost=73925.90..73925.90 rows=624451 width=4) (actual time=1400.811..1400.811 rows=521141 loops=1)
                    Buckets: 131072  Batches: 16  Memory Usage: 2174kB
                    ->  Seq Scan on title t  (cost=0.00..73925.90 rows=624451 width=4) (actual time=0.007..1220.318 rows=521141 loops=1)
                          Filter: ((production_year < 2000) AND (kind_id = 7))
                          Rows Removed by Filter: 2007171
Planning time: 0.822 ms
Execution time: 38061.309 ms
