Hash Join  (cost=78556.72..878286.59 rows=19529 width=0) (actual time=1936.297..12564.102 rows=40171 loops=1)
  Hash Cond: (ci.movie_id = t.id)
  ->  Seq Scan on cast_info ci  (cost=0.00..796071.18 rows=73973 width=4) (actual time=667.161..11114.315 rows=121363 loops=1)
        Filter: ((person_id < 20664) AND (role_id < 2))
        Rows Removed by Filter: 36122981
  ->  Hash  (cost=67604.59..67604.59 rows=667531 width=4) (actual time=1268.196..1268.196 rows=662825 loops=1)
        Buckets: 131072  Batches: 16  Memory Usage: 2476kB
        ->  Seq Scan on title t  (cost=0.00..67604.59 rows=667531 width=4) (actual time=0.035..1063.528 rows=662825 loops=1)
              Filter: (kind_id = 1)
              Rows Removed by Filter: 1865487
Planning time: 6.939 ms
Execution time: 12569.363 ms
