Hash Join  (cost=180149.93..313916.85 rows=388101 width=0) (actual time=3716.000..7872.096 rows=2518936 loops=1)
  Hash Cond: (mk.movie_id = t.id)
  ->  Seq Scan on movie_keyword mk  (cost=0.00..81003.12 rows=4147677 width=4) (actual time=0.013..1825.284 rows=4149614 loops=1)
        Filter: (keyword_id < 45351)
        Rows Removed by Filter: 374316
  ->  Hash  (cost=176267.48..176267.48 rows=236596 width=8) (actual time=3714.974..3714.974 rows=353292 loops=1)
        Buckets: 131072 (originally 131072)  Batches: 8 (originally 4)  Memory Usage: 3073kB
        ->  Hash Join  (cost=102767.86..176267.48 rows=236596 width=8) (actual time=2087.025..3596.403 rows=353292 loops=1)
              Hash Cond: (mc.movie_id = t.id)
              ->  Seq Scan on movie_companies mc  (cost=0.00..57926.93 rows=236596 width=4) (actual time=139.609..917.444 rows=353292 loops=1)
                    Filter: ((company_id < 424) AND (company_type_id < 2))
                    Rows Removed by Filter: 2255837
              ->  Hash  (cost=61283.27..61283.27 rows=2528527 width=4) (actual time=1946.087..1946.087 rows=2528312 loops=1)
                    Buckets: 131072  Batches: 64  Memory Usage: 2415kB
                    ->  Seq Scan on title t  (cost=0.00..61283.27 rows=2528527 width=4) (actual time=0.032..1117.189 rows=2528312 loops=1)
Planning time: 1.172 ms
Execution time: 8166.331 ms
