Seq Scan on movie_companies mc  (cost=0.00..57926.93 rows=33897 width=0) (actual time=381.427..762.857 rows=65449 loops=1)
  Filter: ((company_id > 179832) AND (company_type_id = 2))
  Rows Removed by Filter: 2543680
Planning time: 6.066 ms
Execution time: 771.615 ms
