Seq Scan on movie_keyword mk  (cost=0.00..81003.12 rows=1349502 width=0) (actual time=0.027..1591.482 rows=1366322 loops=1)
  Filter: (keyword_id < 1792)
  Rows Removed by Filter: 3157608
Planning time: 0.314 ms
Execution time: 1763.643 ms
