Hash Join  (cost=74050.79..145966.15 rows=147521 width=0) (actual time=1276.960..2822.190 rows=71362 loops=1)
  Hash Cond: (mc.movie_id = t.id)
  ->  Seq Scan on movie_companies mc  (cost=0.00..57926.93 rows=949390 width=4) (actual time=0.023..1130.749 rows=796724 loops=1)
        Filter: ((company_id > 1020) AND (company_type_id < 2))
        Rows Removed by Filter: 1812405
  ->  Hash  (cost=67604.59..67604.59 rows=392896 width=4) (actual time=1275.784..1275.784 rows=391666 loops=1)
        Buckets: 131072  Batches: 8  Memory Usage: 2753kB
        ->  Seq Scan on title t  (cost=0.00..67604.59 rows=392896 width=4) (actual time=0.015..1145.744 rows=391666 loops=1)
              Filter: (production_year > 2010)
              Rows Removed by Filter: 2136646
Planning time: 0.757 ms
Execution time: 2831.410 ms
