Hash Join  (cost=67697.55..432786.99 rows=43351 width=0) (actual time=1024.610..7906.831 rows=34447 loops=1)
  Hash Cond: (mi.movie_id = t.id)
  ->  Seq Scan on movie_info mi  (cost=0.00..309384.22 rows=14739122 width=4) (actual time=0.019..4074.193 rows=14835720 loops=1)
  ->  Hash  (cost=67604.59..67604.59 rows=7437 width=4) (actual time=1024.489..1024.489 rows=2206 loops=1)
        Buckets: 8192  Batches: 1  Memory Usage: 142kB
        ->  Seq Scan on title t  (cost=0.00..67604.59 rows=7437 width=4) (actual time=0.062..1023.311 rows=2206 loops=1)
              Filter: (production_year = 1941)
              Rows Removed by Filter: 2526106
Planning time: 0.770 ms
Execution time: 7913.101 ms
