Seq Scan on movie_companies mc  (cost=0.00..51404.11 rows=1632836 width=0) (actual time=0.010..981.092 rows=1621540 loops=1)
  Filter: (company_id < 17137)
  Rows Removed by Filter: 987589
Planning time: 0.345 ms
Execution time: 1177.508 ms
