Seq Scan on movie_keyword mk  (cost=0.00..81003.12 rows=1297079 width=0) (actual time=0.016..3787.473 rows=1313430 loops=1)
  Filter: (keyword_id > 13390)
  Rows Removed by Filter: 3210500
Planning time: 0.319 ms
Execution time: 4005.540 ms
