Hash Join  (cost=106476.10..193405.68 rows=27154 width=0) (actual time=1873.801..3711.994 rows=42820 loops=1)
  Hash Cond: (mk.movie_id = t.id)
  ->  Seq Scan on movie_keyword mk  (cost=0.00..69693.30 rows=4523930 width=4) (actual time=0.029..988.676 rows=4523930 loops=1)
  ->  Hash  (cost=106286.39..106286.39 rows=15177 width=8) (actual time=1873.351..1873.351 rows=12008 loops=1)
        Buckets: 16384  Batches: 1  Memory Usage: 598kB
        ->  Hash Join  (cost=75292.52..106286.39 rows=15177 width=8) (actual time=1204.972..1868.643 rows=12008 loops=1)
              Hash Cond: (mi_idx.movie_id = t.id)
              ->  Seq Scan on movie_info_idx mi_idx  (cost=0.00..25185.44 rows=460978 width=4) (actual time=0.015..475.519 rows=459925 loops=1)
                    Filter: (info_type_id < 100)
                    Rows Removed by Filter: 920110
              ->  Hash  (cost=73925.90..73925.90 rows=83249 width=4) (actual time=1204.024..1204.024 rows=101793 loops=1)
                    Buckets: 131072  Batches: 2  Memory Usage: 2803kB
                    ->  Seq Scan on title t  (cost=0.00..73925.90 rows=83249 width=4) (actual time=0.078..1165.521 rows=101793 loops=1)
                          Filter: ((kind_id > 1) AND (production_year = 2007))
                          Rows Removed by Filter: 2426519
Planning time: 1.173 ms
Execution time: 3717.784 ms
