Hash Join  (cost=156487.41..1027841.53 rows=2234270 width=0) (actual time=3562.232..24698.886 rows=4777832 loops=1)
  Hash Cond: (ci.movie_id = t.id)
  ->  Seq Scan on cast_info ci  (cost=0.00..705507.15 rows=12255272 width=4) (actual time=228.895..13853.389 rows=12162036 loops=1)
        Filter: (person_id < 1198117)
        Rows Removed by Filter: 24082308
  ->  Hash  (cost=148924.19..148924.19 rows=460978 width=8) (actual time=3332.414..3332.414 rows=459925 loops=1)
        Buckets: 131072  Batches: 8  Memory Usage: 3275kB
        ->  Hash Join  (cost=102767.86..148924.19 rows=460978 width=8) (actual time=1906.609..3196.275 rows=459925 loops=1)
              Hash Cond: (mi_idx.movie_id = t.id)
              ->  Seq Scan on movie_info_idx mi_idx  (cost=0.00..25185.44 rows=460978 width=4) (actual time=0.022..478.148 rows=459925 loops=1)
                    Filter: (info_type_id < 100)
                    Rows Removed by Filter: 920110
              ->  Hash  (cost=61283.27..61283.27 rows=2528527 width=4) (actual time=1905.076..1905.076 rows=2528312 loops=1)
                    Buckets: 131072  Batches: 64  Memory Usage: 2415kB
                    ->  Seq Scan on title t  (cost=0.00..61283.27 rows=2528527 width=4) (actual time=0.021..1091.472 rows=2528312 loops=1)
Planning time: 1.248 ms
Execution time: 25215.206 ms
