Seq Scan on movie_keyword mk  (cost=0.00..81003.12 rows=1941798 width=0) (actual time=0.032..3574.891 rows=1949755 loops=1)
  Filter: (keyword_id > 6623)
  Rows Removed by Filter: 2574175
Planning time: 0.361 ms
Execution time: 3931.197 ms
