Hash Join  (cost=156487.41..957850.88 rows=47541 width=0) (actual time=34298.734..46591.335 rows=50589 loops=1)
  Hash Cond: (ci.movie_id = t.id)
  ->  Seq Scan on cast_info ci  (cost=0.00..796071.18 rows=260767 width=4) (actual time=26026.486..38121.889 rows=88939 loops=1)
        Filter: ((person_id < 2776235) AND (role_id > 10))
        Rows Removed by Filter: 36155405
  ->  Hash  (cost=148924.19..148924.19 rows=460978 width=8) (actual time=8271.054..8271.054 rows=459925 loops=1)
        Buckets: 131072  Batches: 8  Memory Usage: 3275kB
        ->  Hash Join  (cost=102767.86..148924.19 rows=460978 width=8) (actual time=5599.964..8118.946 rows=459925 loops=1)
              Hash Cond: (mi_idx.movie_id = t.id)
              ->  Seq Scan on movie_info_idx mi_idx  (cost=0.00..25185.44 rows=460978 width=4) (actual time=14.872..1689.876 rows=459925 loops=1)
                    Filter: (info_type_id < 100)
                    Rows Removed by Filter: 920110
              ->  Hash  (cost=61283.27..61283.27 rows=2528527 width=4) (actual time=5583.206..5583.206 rows=2528312 loops=1)
                    Buckets: 131072  Batches: 64  Memory Usage: 2415kB
                    ->  Seq Scan on title t  (cost=0.00..61283.27 rows=2528527 width=4) (actual time=0.027..4496.848 rows=2528312 loops=1)
Planning time: 1.262 ms
Execution time: 46604.767 ms
