Hash Join  (cost=160232.35..682111.05 rows=3942978 width=0) (actual time=8958.961..42679.635 rows=4831244 loops=1)
  Hash Cond: (mi.movie_id = t.id)
  ->  Seq Scan on movie_info mi  (cost=0.00..309384.22 rows=14739122 width=4) (actual time=0.013..22126.413 rows=14835720 loops=1)
  ->  Hash  (cost=149134.02..149134.02 rows=676426 width=8) (actual time=8957.403..8957.403 rows=500090 loops=1)
        Buckets: 131072  Batches: 16  Memory Usage: 2260kB
        ->  Hash Join  (cost=98137.04..149134.02 rows=676426 width=8) (actual time=5333.470..8758.745 rows=500090 loops=1)
              Hash Cond: (mi_idx.movie_id = t.id)
              ->  Seq Scan on movie_info_idx mi_idx  (cost=0.00..25185.44 rows=919057 width=4) (actual time=0.020..1875.032 rows=920110 loops=1)
                    Filter: (info_type_id > 99)
                    Rows Removed by Filter: 459925
              ->  Hash  (cost=67604.59..67604.59 rows=1860996 width=4) (actual time=5332.051..5332.051 rows=1865487 loops=1)
                    Buckets: 131072  Batches: 32  Memory Usage: 3079kB
                    ->  Seq Scan on title t  (cost=0.00..67604.59 rows=1860996 width=4) (actual time=0.012..4501.144 rows=1865487 loops=1)
                          Filter: (kind_id > 1)
                          Rows Removed by Filter: 662825
Planning time: 2.820 ms
Execution time: 43351.949 ms
