Hash Join  (cost=88220.42..175664.08 rows=899014 width=0) (actual time=4582.315..10758.910 rows=1471551 loops=1)
  Hash Cond: (mc.movie_id = t.id)
  ->  Seq Scan on movie_companies mc  (cost=0.00..44881.29 rows=2609129 width=4) (actual time=0.014..3406.510 rows=2609129 loops=1)
  ->  Hash  (cost=73925.90..73925.90 rows=871241 width=4) (actual time=4581.508..4581.508 rows=786640 loops=1)
        Buckets: 131072  Batches: 16  Memory Usage: 2754kB
        ->  Seq Scan on title t  (cost=0.00..73925.90 rows=871241 width=4) (actual time=0.023..3897.501 rows=786640 loops=1)
              Filter: ((kind_id < 7) AND (production_year > 1958))
              Rows Removed by Filter: 1741672
Planning time: 1.117 ms
Execution time: 10980.987 ms
