Hash Join  (cost=70652.59..155995.94 rows=721 width=0) (actual time=3100.030..7381.206 rows=4714 loops=1)
  Hash Cond: (mk.movie_id = t.id)
  ->  Seq Scan on movie_keyword mk  (cost=0.00..81003.12 rows=1155470 width=4) (actual time=0.025..4067.093 rows=1159861 loops=1)
        Filter: (keyword_id < 1382)
        Rows Removed by Filter: 3364069
  ->  Hash  (cost=70632.87..70632.87 rows=1578 width=8) (actual time=3003.533..3003.533 rows=3549 loops=1)
        Buckets: 4096 (originally 2048)  Batches: 1 (originally 1)  Memory Usage: 171kB
        ->  Nested Loop  (cost=0.43..70632.87 rows=1578 width=8) (actual time=0.406..3001.109 rows=3549 loops=1)
              ->  Seq Scan on movie_companies mc  (cost=0.00..57926.93 rows=1578 width=4) (actual time=0.352..2705.050 rows=3549 loops=1)
                    Filter: ((company_type_id < 2) AND (company_id = 46))
                    Rows Removed by Filter: 2605580
              ->  Index Only Scan using title_pkey on title t  (cost=0.43..8.04 rows=1 width=4) (actual time=0.082..0.083 rows=1 loops=3549)
                    Index Cond: (id = mc.movie_id)
                    Heap Fetches: 3549
Planning time: 1.135 ms
Execution time: 7382.112 ms
