Hash Join  (cost=448038.86..585667.77 rows=354305 width=0) (actual time=26508.376..32867.199 rows=628651 loops=1)
  Hash Cond: (mk.movie_id = t.id)
  ->  Seq Scan on movie_keyword mk  (cost=0.00..69693.30 rows=4523930 width=4) (actual time=0.037..3955.533 rows=4523930 loops=1)
  ->  Hash  (cost=444789.49..444789.49 rows=198029 width=8) (actual time=26506.502..26506.502 rows=151442 loops=1)
        Buckets: 131072  Batches: 4  Memory Usage: 2502kB
        ->  Hash Join  (cost=68438.72..444789.49 rows=198029 width=8) (actual time=5121.789..25290.947 rows=151442 loops=1)
              Hash Cond: (mi.movie_id = t.id)
              ->  Seq Scan on movie_info mi  (cost=0.00..346232.03 rows=7503588 width=4) (actual time=1684.598..19413.307 rows=7548855 loops=1)
                    Filter: (info_type_id > 7)
                    Rows Removed by Filter: 7286865
              ->  Hash  (cost=67604.59..67604.59 rows=66731 width=4) (actual time=3436.419..3436.419 rows=67342 loops=1)
                    Buckets: 131072  Batches: 1  Memory Usage: 3392kB
                    ->  Seq Scan on title t  (cost=0.00..67604.59 rows=66731 width=4) (actual time=0.030..3398.375 rows=67342 loops=1)
                          Filter: (production_year > 2012)
                          Rows Removed by Filter: 2460970
Planning time: 1.178 ms
Execution time: 32969.657 ms
