Seq Scan on cast_info ci  (cost=0.00..796071.18 rows=1247324 width=0) (actual time=24500.541..28801.937 rows=868234 loops=1)
  Filter: ((person_id < 1101524) AND (role_id = 3))
  Rows Removed by Filter: 35376110
Planning time: 0.404 ms
Execution time: 28929.332 ms
