Hash Join  (cost=84037.34..219622.50 rows=908299 width=0) (actual time=8785.018..12025.870 rows=225761 loops=1)
  Hash Cond: (mk.movie_id = t.id)
  ->  Seq Scan on movie_keyword mk  (cost=0.00..81003.12 rows=3726678 width=4) (actual time=0.015..5276.942 rows=3724083 loops=1)
        Filter: (keyword_id < 23111)
        Rows Removed by Filter: 799847
  ->  Hash  (cost=73925.90..73925.90 rows=616275 width=4) (actual time=4183.344..4183.344 rows=676927 loops=1)
        Buckets: 131072  Batches: 16  Memory Usage: 2522kB
        ->  Seq Scan on title t  (cost=0.00..73925.90 rows=616275 width=4) (actual time=934.450..3842.791 rows=676927 loops=1)
              Filter: ((production_year > 2005) AND (kind_id = 7))
              Rows Removed by Filter: 1851385
Planning time: 0.708 ms
Execution time: 12055.639 ms
