Hash Join  (cost=709678.15..1074363.23 rows=2915 width=0) (actual time=35340.915..54064.835 rows=527 loops=1)
  Hash Cond: (mi.movie_id = t.id)
  ->  Seq Scan on movie_info mi  (cost=0.00..309384.22 rows=14739122 width=4) (actual time=0.008..17052.625 rows=14835720 loops=1)
  ->  Hash  (cost=709671.90..709671.90 rows=500 width=8) (actual time=33384.141..33384.141 rows=361 loops=1)
        Buckets: 1024  Batches: 1  Memory Usage: 23kB
        ->  Nested Loop  (cost=0.43..709671.90 rows=500 width=8) (actual time=6197.594..33383.956 rows=361 loops=1)
              ->  Seq Scan on cast_info ci  (cost=0.00..705507.15 rows=500 width=4) (actual time=6197.394..33369.316 rows=361 loops=1)
                    Filter: (person_id = 1522004)
                    Rows Removed by Filter: 36243983
              ->  Index Only Scan using title_pkey on title t  (cost=0.43..8.32 rows=1 width=4) (actual time=0.039..0.040 rows=1 loops=361)
                    Index Cond: (id = ci.movie_id)
                    Heap Fetches: 361
Planning time: 5.116 ms
Execution time: 54065.091 ms
