Hash Join  (cost=76399.17..1132387.64 rows=2159631 width=0) (actual time=3208.937..62943.644 rows=198925 loops=1)
  Hash Cond: (ci.movie_id = t.id)
  ->  Seq Scan on cast_info ci  (cost=0.00..614943.12 rows=36225612 width=4) (actual time=0.020..42448.823 rows=36244344 loops=1)
  ->  Hash  (cost=73925.90..73925.90 rows=150741 width=4) (actual time=3207.068..3207.068 rows=25797 loops=1)
        Buckets: 131072  Batches: 2  Memory Usage: 1479kB
        ->  Seq Scan on title t  (cost=0.00..73925.90 rows=150741 width=4) (actual time=0.245..3195.204 rows=25797 loops=1)
              Filter: ((kind_id > 1) AND (production_year < 1956))
              Rows Removed by Filter: 2502515
Planning time: 0.741 ms
Execution time: 62978.334 ms
