Hash Join  (cost=190230.21..1424048.61 rows=16768254 width=0) (actual time=9857.227..90249.475 rows=34589589 loops=1)
  Hash Cond: (ci.movie_id = t.id)
  ->  Seq Scan on cast_info ci  (cost=0.00..705507.15 rows=30723122 width=4) (actual time=0.020..45146.441 rows=30824381 loops=1)
        Filter: (person_id > 522934)
        Rows Removed by Filter: 5419963
  ->  Hash  (cost=167588.78..167588.78 rows=1380035 width=8) (actual time=9855.897..9855.897 rows=1380035 loops=1)
        Buckets: 131072  Batches: 32  Memory Usage: 2708kB
        ->  Hash Join  (cost=102767.86..167588.78 rows=1380035 width=8) (actual time=5583.226..9421.810 rows=1380035 loops=1)
              Hash Cond: (mi_idx.movie_id = t.id)
              ->  Seq Scan on movie_info_idx mi_idx  (cost=0.00..21735.35 rows=1380035 width=4) (actual time=0.027..1735.008 rows=1380035 loops=1)
              ->  Hash  (cost=61283.27..61283.27 rows=2528527 width=4) (actual time=5581.656..5581.656 rows=2528312 loops=1)
                    Buckets: 131072  Batches: 64  Memory Usage: 2415kB
                    ->  Seq Scan on title t  (cost=0.00..61283.27 rows=2528527 width=4) (actual time=0.015..4405.592 rows=2528312 loops=1)
Planning time: 1.094 ms
Execution time: 95394.103 ms
