Seq Scan on movie_companies mc  (cost=0.00..57926.93 rows=874483 width=0) (actual time=0.016..2847.830 rows=555410 loops=1)
  Filter: ((company_id < 21394) AND (company_type_id = 2))
  Rows Removed by Filter: 2053719
Planning time: 0.428 ms
Execution time: 2922.880 ms
