Hash Join  (cost=372323.24..1338028.87 rows=8118866 width=0) (actual time=18523.255..69279.306 rows=30127014 loops=1)
  Hash Cond: (ci.movie_id = t.id)
  ->  Seq Scan on cast_info ci  (cost=0.00..796071.18 rows=4649705 width=4) (actual time=32.580..37630.031 rows=5193315 loops=1)
        Filter: ((person_id < 560580) AND (role_id < 8))
        Rows Removed by Filter: 31051029
  ->  Hash  (cost=299887.87..299887.87 rows=4415070 width=8) (actual time=18385.869..18385.869 rows=4415407 loops=1)
        Buckets: 131072  Batches: 64  Memory Usage: 3744kB
        ->  Hash Join  (cost=102767.86..299887.87 rows=4415070 width=8) (actual time=6587.296..16850.663 rows=4415407 loops=1)
              Hash Cond: (mk.movie_id = t.id)
              ->  Seq Scan on movie_keyword mk  (cost=0.00..81003.12 rows=4415070 width=4) (actual time=0.031..5220.265 rows=4415407 loops=1)
                    Filter: (keyword_id < 80432)
                    Rows Removed by Filter: 108523
              ->  Hash  (cost=61283.27..61283.27 rows=2528527 width=4) (actual time=6585.883..6585.883 rows=2528312 loops=1)
                    Buckets: 131072  Batches: 64  Memory Usage: 2425kB
                    ->  Seq Scan on title t  (cost=0.00..61283.27 rows=2528527 width=4) (actual time=0.017..4296.533 rows=2528312 loops=1)
Planning time: 1.113 ms
Execution time: 73256.798 ms
