Seq Scan on movie_keyword mk  (cost=0.00..81003.12 rows=2012780 width=0) (actual time=6.674..4059.125 rows=2018239 loops=1)
  Filter: (keyword_id > 6142)
  Rows Removed by Filter: 2505691
Planning time: 1.902 ms
Execution time: 4403.210 ms
