Hash Join  (cost=149091.20..286097.15 rows=1231492 width=0) (actual time=7147.226..14889.770 rows=3629292 loops=1)
  Hash Cond: (mk.movie_id = t.id)
  ->  Seq Scan on movie_keyword mk  (cost=0.00..69693.30 rows=4523930 width=4) (actual time=0.012..4243.568 rows=4523930 loops=1)
  ->  Hash  (cost=137798.33..137798.33 rows=688309 width=8) (actual time=7145.774..7145.774 rows=585034 loops=1)
        Buckets: 131072  Batches: 16  Memory Usage: 2451kB
        ->  Hash Join  (cost=88295.76..137798.33 rows=688309 width=8) (actual time=4547.176..6945.420 rows=585034 loops=1)
              Hash Cond: (mi_idx.movie_id = t.id)
              ->  Seq Scan on movie_info_idx mi_idx  (cost=0.00..21735.35 rows=1380035 width=4) (actual time=0.013..1180.403 rows=1380035 loops=1)
              ->  Hash  (cost=67604.59..67604.59 rows=1261134 width=4) (actual time=4546.068..4546.068 rows=1260295 loops=1)
                    Buckets: 131072  Batches: 32  Memory Usage: 2413kB
                    ->  Seq Scan on title t  (cost=0.00..67604.59 rows=1261134 width=4) (actual time=0.014..3996.620 rows=1260295 loops=1)
                          Filter: (production_year > 2002)
                          Rows Removed by Filter: 1268017
Planning time: 1.107 ms
Execution time: 15389.361 ms
