Hash Join  (cost=167766.94..556016.30 rows=494661 width=0) (actual time=18059.230..29323.956 rows=3684762 loops=1)
  Hash Cond: (mi.movie_id = t.id)
  ->  Seq Scan on movie_info mi  (cost=0.00..346232.03 rows=3068194 width=4) (actual time=8575.088..16551.299 rows=3036719 loops=1)
        Filter: (info_type_id = 16)
        Rows Removed by Filter: 11799001
  ->  Hash  (cost=161078.25..161078.25 rows=407655 width=8) (actual time=9482.700..9482.700 rows=563504 loops=1)
        Buckets: 131072  Batches: 8  Memory Usage: 3756kB
        ->  Hash Join  (cost=80408.18..161078.25 rows=407655 width=8) (actual time=4038.729..9265.832 rows=563504 loops=1)
              Hash Cond: (mc.movie_id = t.id)
              ->  Seq Scan on movie_companies mc  (cost=0.00..44881.29 rows=2609129 width=4) (actual time=0.017..3347.046 rows=2609129 loops=1)
              ->  Hash  (cost=73925.90..73925.90 rows=395062 width=4) (actual time=4037.699..4037.699 rows=335993 loops=1)
                    Buckets: 131072  Batches: 8  Memory Usage: 2492kB
                    ->  Seq Scan on title t  (cost=0.00..73925.90 rows=395062 width=4) (actual time=0.036..3670.612 rows=335993 loops=1)
                          Filter: ((kind_id < 7) AND (production_year > 2005))
                          Rows Removed by Filter: 2192319
Planning time: 1.200 ms
Execution time: 29840.689 ms
