Seq Scan on movie_keyword mk  (cost=0.00..81003.12 rows=246 width=0) (actual time=13.899..3534.224 rows=123 loops=1)
  Filter: (keyword_id = 37338)
  Rows Removed by Filter: 4523807
Planning time: 0.472 ms
Execution time: 3534.442 ms
