Nested Loop  (cost=0.43..799702.19 rows=435 width=0) (actual time=15124.029..38675.044 rows=786 loops=1)
  ->  Seq Scan on cast_info ci  (cost=0.00..796071.18 rows=435 width=4) (actual time=15123.891..38619.071 rows=786 loops=1)
        Filter: ((role_id < 10) AND (person_id = 1518211))
        Rows Removed by Filter: 36243558
  ->  Index Only Scan using title_pkey on title t  (cost=0.43..8.34 rows=1 width=4) (actual time=0.070..0.070 rows=1 loops=786)
        Index Cond: (id = ci.movie_id)
        Heap Fetches: 786
Planning time: 3.492 ms
Execution time: 38675.325 ms
