Seq Scan on movie_keyword mk  (cost=0.00..81003.12 rows=246 width=0) (actual time=16.740..3062.332 rows=134 loops=1)
  Filter: (keyword_id = 13763)
  Rows Removed by Filter: 4523796
Planning time: 0.395 ms
Execution time: 3062.552 ms
