Seq Scan on cast_info ci  (cost=0.00..796071.18 rows=324 width=0) (actual time=24426.694..37334.162 rows=15 loops=1)
  Filter: ((role_id > 1) AND (person_id = 3534891))
  Rows Removed by Filter: 36244329
Planning time: 0.425 ms
Execution time: 37334.311 ms
