Seq Scan on cast_info ci  (cost=0.00..796071.18 rows=345203 width=0) (actual time=7815.943..38168.958 rows=651290 loops=1)
  Filter: ((person_id > 2251656) AND (role_id = 5))
  Rows Removed by Filter: 35593054
Planning time: 6.632 ms
Execution time: 38306.417 ms
