Seq Scan on cast_info ci  (cost=0.00..796071.18 rows=3192721 width=0) (actual time=1673.720..42430.543 rows=4153335 loops=1)
  Filter: ((person_id > 1117276) AND (role_id > 9))
  Rows Removed by Filter: 32091009
Planning time: 0.377 ms
Execution time: 43105.937 ms
