Hash Join  (cost=129915.89..220689.76 rows=37900 width=0) (actual time=7689.704..12712.126 rows=19524 loops=1)
  Hash Cond: (mk.movie_id = t.id)
  ->  Seq Scan on movie_keyword mk  (cost=0.00..81003.12 rows=2504463 width=4) (actual time=0.027..4606.104 rows=2498398 loops=1)
        Filter: (keyword_id < 6104)
        Rows Removed by Filter: 2025532
  ->  Hash  (cost=129437.59..129437.59 rows=38264 width=8) (actual time=7466.112..7466.112 rows=13210 loops=1)
        Buckets: 65536  Batches: 1  Memory Usage: 1029kB
        ->  Hash Join  (cost=74389.43..129437.59 rows=38264 width=8) (actual time=4959.391..7458.147 rows=13210 loops=1)
              Hash Cond: (mc.movie_id = t.id)
              ->  Seq Scan on movie_companies mc  (cost=0.00..44881.29 rows=2609129 width=4) (actual time=0.019..3053.156 rows=2609129 loops=1)
              ->  Hash  (cost=73925.90..73925.90 rows=37082 width=4) (actual time=3315.207..3315.207 rows=41935 loops=1)
                    Buckets: 65536  Batches: 1  Memory Usage: 1987kB
                    ->  Seq Scan on title t  (cost=0.00..73925.90 rows=37082 width=4) (actual time=615.276..3293.248 rows=41935 loops=1)
                          Filter: ((kind_id = 7) AND (production_year = 2002))
                          Rows Removed by Filter: 2486377
Planning time: 1.100 ms
Execution time: 12719.279 ms
