Hash Join  (cost=67697.55..121270.90 rows=1688 width=0) (actual time=2971.258..5166.262 rows=4261 loops=1)
  Hash Cond: (mc.movie_id = t.id)
  ->  Seq Scan on movie_companies mc  (cost=0.00..51404.11 rows=573963 width=4) (actual time=1.094..2053.539 rows=575960 loops=1)
        Filter: (company_id > 71124)
        Rows Removed by Filter: 2033169
  ->  Hash  (cost=67604.59..67604.59 rows=7437 width=4) (actual time=2969.378..2969.378 rows=19861 loops=1)
        Buckets: 32768 (originally 8192)  Batches: 1 (originally 1)  Memory Usage: 955kB
        ->  Seq Scan on title t  (cost=0.00..67604.59 rows=7437 width=4) (actual time=0.018..2959.225 rows=19861 loops=1)
              Filter: (production_year = 1988)
              Rows Removed by Filter: 2508451
Planning time: 0.711 ms
Execution time: 5167.350 ms
