Hash Join  (cost=124079.37..882357.14 rows=748860 width=0) (actual time=7787.028..64408.139 rows=1623960 loops=1)
  Hash Cond: (ci.movie_id = t.id)
  ->  Seq Scan on cast_info ci  (cost=0.00..614943.12 rows=36225612 width=4) (actual time=0.023..39562.547 rows=36244344 loops=1)
  ->  Hash  (cost=123426.00..123426.00 rows=52270 width=8) (actual time=7786.615..7786.615 rows=41638 loops=1)
        Buckets: 65536  Batches: 1  Memory Usage: 2139kB
        ->  Hash Join  (cost=68237.77..123426.00 rows=52270 width=8) (actual time=3487.526..7766.504 rows=41638 loops=1)
              Hash Cond: (mc.movie_id = t.id)
              ->  Seq Scan on movie_companies mc  (cost=0.00..44881.29 rows=2609129 width=4) (actual time=0.015..3162.700 rows=2609129 loops=1)
              ->  Hash  (cost=67604.59..67604.59 rows=50655 width=4) (actual time=3487.129..3487.129 rows=50564 loops=1)
                    Buckets: 65536  Batches: 1  Memory Usage: 2290kB
                    ->  Seq Scan on title t  (cost=0.00..67604.59 rows=50655 width=4) (actual time=0.007..3456.723 rows=50564 loops=1)
                          Filter: (production_year = 1999)
                          Rows Removed by Filter: 2477748
Planning time: 1.404 ms
Execution time: 64729.198 ms
