Hash Join  (cost=83074.16..470994.64 rows=659 width=0) (actual time=4502.056..25931.746 rows=156 loops=1)
  Hash Cond: (mi.movie_id = t.id)
  ->  Seq Scan on movie_info mi  (cost=0.00..346232.03 rows=11115165 width=4) (actual time=985.390..20166.121 rows=11210743 loops=1)
        Filter: (info_type_id > 3)
        Rows Removed by Filter: 3624977
  ->  Hash  (cost=83072.29..83072.29 rows=150 width=8) (actual time=3479.098..3479.098 rows=33 loops=1)
        Buckets: 1024  Batches: 1  Memory Usage: 10kB
        ->  Nested Loop  (cost=0.43..83072.29 rows=150 width=8) (actual time=1198.334..3479.057 rows=33 loops=1)
              ->  Seq Scan on movie_keyword mk  (cost=0.00..81003.12 rows=246 width=4) (actual time=1.441..3401.424 rows=471 loops=1)
                    Filter: (keyword_id = 8679)
                    Rows Removed by Filter: 4523459
              ->  Index Scan using title_pkey on title t  (cost=0.43..8.40 rows=1 width=4) (actual time=0.162..0.162 rows=0 loops=471)
                    Index Cond: (id = mk.movie_id)
                    Filter: (kind_id = 7)
                    Rows Removed by Filter: 1
Planning time: 1.142 ms
Execution time: 25931.996 ms
