Seq Scan on movie_keyword mk  (cost=0.00..81003.12 rows=246 width=0) (actual time=22.230..3700.257 rows=635 loops=1)
  Filter: (keyword_id = 5972)
  Rows Removed by Filter: 4523295
Planning time: 3.017 ms
Execution time: 3700.726 ms
