Seq Scan on title t  (cost=0.00..73925.90 rows=28459 width=0) (actual time=0.056..3247.141 rows=16117 loops=1)
  Filter: ((kind_id < 2) AND (production_year = 2006))
  Rows Removed by Filter: 2512195
Planning time: 3.159 ms
Execution time: 3249.844 ms
