Seq Scan on movie_keyword mk  (cost=0.00..81003.12 rows=1618254 width=0) (actual time=0.025..3850.355 rows=1627711 loops=1)
  Filter: (keyword_id > 9159)
  Rows Removed by Filter: 2896219
Planning time: 3.061 ms
Execution time: 4124.565 ms
