Hash Join  (cost=52284.74..803082.94 rows=903 width=0) (actual time=2908.032..44458.793 rows=29 loops=1)
  Hash Cond: (ci.movie_id = t.id)
  ->  Seq Scan on cast_info ci  (cost=0.00..614943.12 rows=36225612 width=4) (actual time=0.012..32993.694 rows=36244344 loops=1)
  ->  Hash  (cost=52283.95..52283.95 rows=63 width=8) (actual time=2484.867..2484.867 rows=1 loops=1)
        Buckets: 1024  Batches: 1  Memory Usage: 9kB
        ->  Nested Loop  (cost=0.43..52283.95 rows=63 width=8) (actual time=372.273..2484.860 rows=1 loops=1)
              ->  Seq Scan on movie_companies mc  (cost=0.00..51404.11 rows=104 width=4) (actual time=372.200..2405.146 rows=327 loops=1)
                    Filter: (company_id = 3580)
                    Rows Removed by Filter: 2608802
              ->  Index Scan using title_pkey on title t  (cost=0.43..8.45 rows=1 width=4) (actual time=0.242..0.242 rows=0 loops=327)
                    Index Cond: (id = mc.movie_id)
                    Filter: (kind_id = 7)
                    Rows Removed by Filter: 1
Planning time: 1.259 ms
Execution time: 44458.950 ms
