Hash Join  (cost=1075408.78..1737207.98 rows=15437085 width=0) (actual time=53518.922..100097.019 rows=52251563 loops=1)
  Hash Cond: (mi.movie_id = t.id)
  ->  Seq Scan on movie_info mi  (cost=0.00..346232.03 rows=9476311 width=4) (actual time=0.027..22351.197 rows=9565151 loops=1)
        Filter: (info_type_id < 16)
        Rows Removed by Filter: 5270569
  ->  Hash  (cost=1007831.06..1007831.06 rows=4119017 width=8) (actual time=53515.095..53515.095 rows=6436190 loops=1)
        Buckets: 131072 (originally 131072)  Batches: 128 (originally 64)  Memory Usage: 3073kB
        ->  Hash Join  (cost=102767.86..1007831.06 rows=4119017 width=8) (actual time=5612.696..51223.727 rows=6436190 loops=1)
              Hash Cond: (ci.movie_id = t.id)
              ->  Seq Scan on cast_info ci  (cost=0.00..796071.18 rows=4119017 width=4) (actual time=0.015..38291.549 rows=6436190 loops=1)
                    Filter: ((person_id > 3011841) AND (role_id > 1))
                    Rows Removed by Filter: 29808154
              ->  Hash  (cost=61283.27..61283.27 rows=2528527 width=4) (actual time=5611.397..5611.397 rows=2528312 loops=1)
                    Buckets: 131072  Batches: 64  Memory Usage: 2415kB
                    ->  Seq Scan on title t  (cost=0.00..61283.27 rows=2528527 width=4) (actual time=0.022..4148.801 rows=2528312 loops=1)
Planning time: 9.204 ms
Execution time: 107186.486 ms
