Hash Join  (cost=74657.14..162361.82 rows=104664 width=0) (actual time=5064.173..7571.008 rows=28930 loops=1)
  Hash Cond: (mk.movie_id = t.id)
  ->  Seq Scan on movie_keyword mk  (cost=0.00..69693.30 rows=4523930 width=4) (actual time=0.025..2965.475 rows=4523930 loops=1)
  ->  Hash  (cost=73925.90..73925.90 rows=58499 width=4) (actual time=3553.216..3553.216 rows=62752 loops=1)
        Buckets: 65536  Batches: 1  Memory Usage: 2719kB
        ->  Seq Scan on title t  (cost=0.00..73925.90 rows=58499 width=4) (actual time=653.952..3527.061 rows=62752 loops=1)
              Filter: ((kind_id = 7) AND (production_year = 2005))
              Rows Removed by Filter: 2465560
Planning time: 12.342 ms
Execution time: 7574.994 ms
