Seq Scan on movie_companies mc  (cost=0.00..57926.93 rows=820859 width=0) (actual time=5.181..3040.994 rows=614794 loops=1)
  Filter: ((company_id > 3391) AND (company_type_id = 1))
  Rows Removed by Filter: 1994335
Planning time: 0.357 ms
Execution time: 3142.227 ms
