Hash Join  (cost=78846.40..158162.32 rows=309439 width=0) (actual time=3981.399..9244.110 rows=833733 loops=1)
  Hash Cond: (mc.movie_id = t.id)
  ->  Seq Scan on movie_companies mc  (cost=0.00..44881.29 rows=2609129 width=4) (actual time=0.021..3374.329 rows=2609129 loops=1)
  ->  Hash  (cost=73925.90..73925.90 rows=299880 width=4) (actual time=3812.044..3812.044 rows=391036 loops=1)
        Buckets: 131072 (originally 131072)  Batches: 8 (originally 4)  Memory Usage: 3073kB
        ->  Seq Scan on title t  (cost=0.00..73925.90 rows=299880 width=4) (actual time=1113.046..3665.046 rows=391036 loops=1)
              Filter: ((production_year < 2002) AND (kind_id = 1))
              Rows Removed by Filter: 2137276
Planning time: 0.752 ms
Execution time: 9369.958 ms
