Seq Scan on cast_info ci  (cost=0.00..796071.18 rows=11197252 width=42) (actual time=0.011..19167.368 rows=12670688 loops=1)
  Filter: ((person_id < 3257186) AND (role_id = 1))
  Rows Removed by Filter: 23573656
Planning time: 0.702 ms
Execution time: 19861.147 ms
