Hash Join  (cost=102767.86..252321.91 rows=2438334 width=0) (actual time=5387.497..13688.255 rows=2428886 loops=1)
  Hash Cond: (mk.movie_id = t.id)
  ->  Seq Scan on movie_keyword mk  (cost=0.00..81003.12 rows=2438334 width=4) (actual time=0.019..5111.968 rows=2428886 loops=1)
        Filter: (keyword_id > 3757)
        Rows Removed by Filter: 2095044
  ->  Hash  (cost=61283.27..61283.27 rows=2528527 width=4) (actual time=5386.701..5386.701 rows=2528312 loops=1)
        Buckets: 131072  Batches: 64  Memory Usage: 2425kB
        ->  Seq Scan on title t  (cost=0.00..61283.27 rows=2528527 width=4) (actual time=0.020..4227.172 rows=2528312 loops=1)
Planning time: 0.576 ms
Execution time: 14013.689 ms
