Seq Scan on cast_info ci  (cost=0.00..796071.18 rows=190296 width=0) (actual time=22032.711..32961.276 rows=1435508 loops=1)
  Filter: ((person_id > 3743558) AND (role_id = 10))
  Rows Removed by Filter: 34808836
Planning time: 0.371 ms
Execution time: 33200.037 ms
