Hash Join  (cost=83074.74..137742.81 rows=254 width=0) (actual time=2773.665..5435.754 rows=4740 loops=1)
  Hash Cond: (mc.movie_id = t.id)
  ->  Seq Scan on movie_companies mc  (cost=0.00..44881.29 rows=2609129 width=4) (actual time=0.011..2088.589 rows=2609129 loops=1)
  ->  Hash  (cost=83071.67..83071.67 rows=246 width=8) (actual time=2771.723..2771.723 rows=654 loops=1)
        Buckets: 1024  Batches: 1  Memory Usage: 34kB
        ->  Nested Loop  (cost=0.43..83071.67 rows=246 width=8) (actual time=0.522..2771.087 rows=654 loops=1)
              ->  Seq Scan on movie_keyword mk  (cost=0.00..81003.12 rows=246 width=4) (actual time=0.473..2686.224 rows=654 loops=1)
                    Filter: (keyword_id = 3361)
                    Rows Removed by Filter: 4523276
              ->  Index Only Scan using title_pkey on title t  (cost=0.43..8.40 rows=1 width=4) (actual time=0.127..0.127 rows=1 loops=654)
                    Index Cond: (id = mk.movie_id)
                    Heap Fetches: 654
Planning time: 1.188 ms
Execution time: 5436.645 ms
