Nested Loop  (cost=0.43..125019.85 rows=6183 width=0) (actual time=0.261..3699.522 rows=6790 loops=1)
  ->  Seq Scan on movie_keyword mk  (cost=0.00..81003.12 rows=6183 width=4) (actual time=0.197..2917.639 rows=6790 loops=1)
        Filter: (keyword_id = 495)
        Rows Removed by Filter: 4517140
  ->  Index Only Scan using title_pkey on title t  (cost=0.43..7.11 rows=1 width=4) (actual time=0.114..0.114 rows=1 loops=6790)
        Index Cond: (id = mk.movie_id)
        Heap Fetches: 6790
Planning time: 1.045 ms
Execution time: 3701.637 ms
