Seq Scan on cast_info ci  (cost=0.00..796071.18 rows=6781385 width=0) (actual time=3765.637..35748.725 rows=567040 loops=1)
  Filter: ((person_id > 1660998) AND (role_id < 2))
  Rows Removed by Filter: 35677304
Planning time: 0.364 ms
Execution time: 35893.390 ms
