Seq Scan on cast_info ci  (cost=0.00..796071.18 rows=15854585 width=0) (actual time=0.020..44130.883 rows=20313213 loops=1)
  Filter: ((person_id > 1148661) AND (role_id > 1))
  Rows Removed by Filter: 15931131
Planning time: 0.349 ms
Execution time: 47812.437 ms
