Hash Join  (cost=116904.86..1032199.92 rows=328485 width=0) (actual time=6376.539..49151.793 rows=868763 loops=1)
  Hash Cond: (ci.movie_id = t.id)
  ->  Seq Scan on cast_info ci  (cost=0.00..796071.18 rows=9998942 width=4) (actual time=0.013..37960.189 rows=6942579 loops=1)
        Filter: ((person_id > 2300931) AND (role_id < 5))
        Rows Removed by Filter: 29301765
  ->  Hash  (cost=115541.52..115541.52 rows=83067 width=8) (actual time=6375.524..6375.524 rows=237402 loops=1)
        Buckets: 131072 (originally 131072)  Batches: 4 (originally 2)  Memory Usage: 3351kB
        ->  Hash Join  (cost=76423.37..115541.52 rows=83067 width=8) (actual time=3998.915..6294.482 rows=237402 loops=1)
              Hash Cond: (mi_idx.movie_id = t.id)
              ->  Seq Scan on movie_info_idx mi_idx  (cost=0.00..21735.35 rows=1380035 width=4) (actual time=0.013..1608.801 rows=1380035 loops=1)
              ->  Hash  (cost=73925.90..73925.90 rows=152197 width=4) (actual time=3722.842..3722.842 rows=287134 loops=1)
                    Buckets: 131072 (originally 131072)  Batches: 4 (originally 2)  Memory Usage: 3548kB
                    ->  Seq Scan on title t  (cost=0.00..73925.90 rows=152197 width=4) (actual time=49.515..3600.268 rows=287134 loops=1)
                          Filter: ((production_year < 1984) AND (kind_id = 1))
                          Rows Removed by Filter: 2241178
Planning time: 1.149 ms
Execution time: 49281.656 ms
