Hash Join  (cost=709678.15..1063691.37 rows=410 width=0) (actual time=38468.513..46110.333 rows=147 loops=1)
  Hash Cond: (mi.movie_id = t.id)
  ->  Seq Scan on movie_info mi  (cost=0.00..346232.03 rows=2073893 width=4) (actual time=7245.258..14555.724 rows=2091068 loops=1)
        Filter: (info_type_id < 3)
        Rows Removed by Filter: 12744652
  ->  Hash  (cost=709671.90..709671.90 rows=500 width=8) (actual time=31179.855..31179.855 rows=108 loops=1)
        Buckets: 1024  Batches: 1  Memory Usage: 13kB
        ->  Nested Loop  (cost=0.43..709671.90 rows=500 width=8) (actual time=16982.059..31179.776 rows=108 loops=1)
              ->  Seq Scan on cast_info ci  (cost=0.00..705507.15 rows=500 width=4) (actual time=16980.120..31171.895 rows=108 loops=1)
                    Filter: (person_id = 1225713)
                    Rows Removed by Filter: 36244236
              ->  Index Only Scan using title_pkey on title t  (cost=0.43..8.32 rows=1 width=4) (actual time=0.071..0.072 rows=1 loops=108)
                    Index Cond: (id = ci.movie_id)
                    Heap Fetches: 108
Planning time: 1.203 ms
Execution time: 46110.587 ms
