Seq Scan on title t  (cost=0.00..73925.90 rows=1317487 width=0) (actual time=0.017..3462.568 rows=1399348 loops=1)
  Filter: ((production_year > 1964) AND (kind_id = 7))
  Rows Removed by Filter: 1128964
Planning time: 0.370 ms
Execution time: 3692.503 ms
