Seq Scan on title t  (cost=0.00..67604.59 rows=2370663 width=0) (actual time=0.020..4036.655 rows=2366946 loops=1)
  Filter: (production_year > 1920)
  Rows Removed by Filter: 161366
Planning time: 0.336 ms
Execution time: 4382.310 ms
