Hash Join  (cost=137734.95..234292.94 rows=127605 width=0) (actual time=6839.712..11395.781 rows=80906 loops=1)
  Hash Cond: (mk.movie_id = t.id)
  ->  Seq Scan on movie_keyword mk  (cost=0.00..81003.12 rows=1139149 width=4) (actual time=0.022..3933.896 rows=1147395 loops=1)
        Filter: (keyword_id < 1316)
        Rows Removed by Filter: 3376535
  ->  Hash  (cost=133087.45..133087.45 rows=283240 width=8) (actual time=6838.887..6838.887 rows=147460 loops=1)
        Buckets: 131072  Batches: 4  Memory Usage: 2468kB
        ->  Hash Join  (cost=93093.72..133087.45 rows=283240 width=8) (actual time=4584.170..6789.691 rows=147460 loops=1)
              Hash Cond: (mi_idx.movie_id = t.id)
              ->  Seq Scan on movie_info_idx mi_idx  (cost=0.00..25185.44 rows=460978 width=4) (actual time=0.026..1612.896 rows=459925 loops=1)
                    Filter: (info_type_id = 99)
                    Rows Removed by Filter: 920110
              ->  Hash  (cost=67604.59..67604.59 rows=1553611 width=4) (actual time=4583.044..4583.044 rows=1555864 loops=1)
                    Buckets: 131072  Batches: 32  Memory Usage: 2734kB
                    ->  Seq Scan on title t  (cost=0.00..67604.59 rows=1553611 width=4) (actual time=0.012..3972.722 rows=1555864 loops=1)
                          Filter: (kind_id > 4)
                          Rows Removed by Filter: 972448
Planning time: 1.119 ms
Execution time: 11407.222 ms
