Hash Join  (cost=100895.46..155570.07 rows=909 width=0) (actual time=5669.459..8792.283 rows=3718 loops=1)
  Hash Cond: (mc.movie_id = t.id)
  ->  Seq Scan on movie_companies mc  (cost=0.00..44881.29 rows=2609129 width=4) (actual time=0.010..2340.515 rows=2609129 loops=1)
  ->  Hash  (cost=100884.44..100884.44 rows=881 width=8) (actual time=5669.405..5669.405 rows=2351 loops=1)
        Buckets: 4096 (originally 1024)  Batches: 1 (originally 1)  Memory Usage: 124kB
        ->  Hash Join  (cost=73987.23..100884.44 rows=881 width=8) (actual time=4173.602..5668.329 rows=2351 loops=1)
              Hash Cond: (mi_idx.movie_id = t.id)
              ->  Seq Scan on movie_info_idx mi_idx  (cost=0.00..25185.44 rows=454124 width=4) (actual time=0.014..1366.259 rows=459925 loops=1)
                    Filter: (info_type_id = 100)
                    Rows Removed by Filter: 920110
              ->  Hash  (cost=73925.90..73925.90 rows=4906 width=4) (actual time=4173.329..4173.329 rows=14894 loops=1)
                    Buckets: 16384 (originally 8192)  Batches: 1 (originally 1)  Memory Usage: 652kB
                    ->  Seq Scan on title t  (cost=0.00..73925.90 rows=4906 width=4) (actual time=0.046..4165.627 rows=14894 loops=1)
                          Filter: ((kind_id > 3) AND (production_year = 1990))
                          Rows Removed by Filter: 2513418
Planning time: 0.958 ms
Execution time: 8793.245 ms
