Hash Join  (cost=73982.55..825421.01 rows=64929 width=0) (actual time=3711.218..50313.796 rows=126307 loops=1)
  Hash Cond: (ci.movie_id = t.id)
  ->  Seq Scan on cast_info ci  (cost=0.00..614943.12 rows=36225612 width=4) (actual time=0.029..34217.120 rows=36244344 loops=1)
  ->  Hash  (cost=73925.90..73925.90 rows=4532 width=4) (actual time=3710.718..3710.718 rows=8404 loops=1)
        Buckets: 16384 (originally 8192)  Batches: 1 (originally 1)  Memory Usage: 424kB
        ->  Seq Scan on title t  (cost=0.00..73925.90 rows=4532 width=4) (actual time=0.038..3706.222 rows=8404 loops=1)
              Filter: ((kind_id = 7) AND (production_year = 1983))
              Rows Removed by Filter: 2519908
Planning time: 0.774 ms
Execution time: 50337.073 ms
