Seq Scan on cast_info ci  (cost=0.00..796071.18 rows=3434506 width=0) (actual time=6768.897..35181.636 rows=2110321 loops=1)
  Filter: ((person_id < 734946) AND (role_id > 2))
  Rows Removed by Filter: 34134023
Planning time: 0.331 ms
Execution time: 35556.839 ms
