Seq Scan on movie_keyword mk  (cost=0.00..81003.12 rows=3349321 width=0) (actual time=0.025..3868.798 rows=3336838 loops=1)
  Filter: (keyword_id < 15639)
  Rows Removed by Filter: 1187092
Planning time: 1.705 ms
Execution time: 4439.414 ms
