Seq Scan on movie_companies mc  (cost=0.00..57926.93 rows=402683 width=0) (actual time=0.017..2927.362 rows=726923 loops=1)
  Filter: ((company_id > 30789) AND (company_type_id > 1))
  Rows Removed by Filter: 1882206
Planning time: 0.304 ms
Execution time: 3040.166 ms
