Hash Join  (cost=150356.28..595805.50 rows=1100773 width=0) (actual time=8824.176..35806.788 rows=3716593 loops=1)
  Hash Cond: (mi.movie_id = t.id)
  ->  Seq Scan on movie_info mi  (cost=0.00..346232.03 rows=7503588 width=4) (actual time=0.018..20764.390 rows=7548855 loops=1)
        Filter: (info_type_id > 7)
        Rows Removed by Filter: 7286865
  ->  Hash  (cost=144270.61..144270.61 rows=370934 width=8) (actual time=8823.210..8823.210 rows=416027 loops=1)
        Buckets: 131072  Batches: 8  Memory Usage: 3071kB
        ->  Hash Join  (cost=101489.21..144270.61 rows=370934 width=8) (actual time=6482.701..8689.924 rows=416027 loops=1)
              Hash Cond: (mi_idx.movie_id = t.id)
              ->  Seq Scan on movie_info_idx mi_idx  (cost=0.00..25185.44 rows=454124 width=4) (actual time=0.022..1448.824 rows=459925 loops=1)
                    Filter: (info_type_id = 100)
                    Rows Removed by Filter: 920110
              ->  Hash  (cost=67604.59..67604.59 rows=2065330 width=4) (actual time=6481.863..6481.863 rows=2064552 loops=1)
                    Buckets: 131072  Batches: 32  Memory Usage: 3289kB
                    ->  Seq Scan on title t  (cost=0.00..67604.59 rows=2065330 width=4) (actual time=0.012..4905.106 rows=2064552 loops=1)
                          Filter: (production_year < 2011)
                          Rows Removed by Filter: 463760
Planning time: 1.070 ms
Execution time: 36304.447 ms
