Nested Loop  (cost=0.43..83072.90 rows=71 width=0) (actual time=1868.952..3829.336 rows=1 loops=1)
  ->  Seq Scan on movie_keyword mk  (cost=0.00..81003.12 rows=246 width=4) (actual time=0.378..3756.849 rows=320 loops=1)
        Filter: (keyword_id = 22334)
        Rows Removed by Filter: 4523610
  ->  Index Scan using title_pkey on title t  (cost=0.43..8.40 rows=1 width=4) (actual time=0.224..0.224 rows=0 loops=320)
        Index Cond: (id = mk.movie_id)
        Filter: ((production_year > 2003) AND (kind_id = 7))
        Rows Removed by Filter: 1
Planning time: 9.140 ms
Execution time: 3829.454 ms
