Hash Join  (cost=156487.41..1186543.56 rows=3162326 width=0) (actual time=7489.662..66385.642 rows=7704918 loops=1)
  Hash Cond: (ci.movie_id = t.id)
  ->  Seq Scan on cast_info ci  (cost=0.00..796071.18 rows=17345790 width=4) (actual time=0.030..41604.408 rows=20958071 loops=1)
        Filter: ((person_id > 916800) AND (role_id > 1))
        Rows Removed by Filter: 15286273
  ->  Hash  (cost=148924.19..148924.19 rows=460978 width=8) (actual time=7488.794..7488.794 rows=459925 loops=1)
        Buckets: 131072  Batches: 8  Memory Usage: 3275kB
        ->  Hash Join  (cost=102767.86..148924.19 rows=460978 width=8) (actual time=4819.416..7355.240 rows=459925 loops=1)
              Hash Cond: (mi_idx.movie_id = t.id)
              ->  Seq Scan on movie_info_idx mi_idx  (cost=0.00..25185.44 rows=460978 width=4) (actual time=0.014..1524.719 rows=459925 loops=1)
                    Filter: (info_type_id = 99)
                    Rows Removed by Filter: 920110
              ->  Hash  (cost=61283.27..61283.27 rows=2528527 width=4) (actual time=4817.796..4817.796 rows=2528312 loops=1)
                    Buckets: 131072  Batches: 64  Memory Usage: 2415kB
                    ->  Seq Scan on title t  (cost=0.00..61283.27 rows=2528527 width=4) (actual time=0.012..3847.111 rows=2528312 loops=1)
Planning time: 19.465 ms
Execution time: 67420.520 ms
