Seq Scan on movie_keyword mk  (cost=0.00..81003.12 rows=3099325 width=0) (actual time=0.025..1535.146 rows=3083828 loops=1)
  Filter: (keyword_id > 2007)
  Rows Removed by Filter: 1440102
Planning time: 0.333 ms
Execution time: 1922.144 ms
