Seq Scan on movie_keyword mk  (cost=0.00..81003.12 rows=3083222 width=0) (actual time=0.018..4218.214 rows=3065077 loops=1)
  Filter: (keyword_id > 2062)
  Rows Removed by Filter: 1458853
Planning time: 0.319 ms
Execution time: 4691.936 ms
