Hash Join  (cost=158607.07..1168680.20 rows=3940576 width=0) (actual time=4169.539..32901.915 rows=8558670 loops=1)
  Hash Cond: (ci.movie_id = t.id)
  ->  Seq Scan on cast_info ci  (cost=0.00..705507.15 rows=22784866 width=4) (actual time=0.019..14800.960 rows=22656363 loops=1)
        Filter: (person_id < 2312465)
        Rows Removed by Filter: 13587981
  ->  Hash  (cost=151431.80..151431.80 rows=437301 width=8) (actual time=4168.768..4168.768 rows=454952 loops=1)
        Buckets: 131072  Batches: 8  Memory Usage: 3252kB
        ->  Hash Join  (cost=106623.69..151431.80 rows=437301 width=8) (actual time=2222.129..4024.299 rows=454952 loops=1)
              Hash Cond: (mi_idx.movie_id = t.id)
              ->  Seq Scan on movie_info_idx mi_idx  (cost=0.00..25185.44 rows=464934 width=4) (actual time=0.019..491.031 rows=460185 loops=1)
                    Filter: (info_type_id > 100)
                    Rows Removed by Filter: 919850
              ->  Hash  (cost=67604.59..67604.59 rows=2378248 width=4) (actual time=2221.275..2221.275 rows=2374571 loops=1)
                    Buckets: 131072  Batches: 32  Memory Usage: 3635kB
                    ->  Seq Scan on title t  (cost=0.00..67604.59 rows=2378248 width=4) (actual time=0.017..1471.597 rows=2374571 loops=1)
                          Filter: (production_year > 1918)
                          Rows Removed by Filter: 153741
Planning time: 1.206 ms
Execution time: 33908.103 ms
