Seq Scan on title t  (cost=0.00..73925.90 rows=349092 width=0) (actual time=65.576..3180.929 rows=265275 loops=1)
  Filter: ((kind_id < 2) AND (production_year > 2001))
  Rows Removed by Filter: 2263037
Planning time: 0.290 ms
Execution time: 3218.161 ms
