Hash Join  (cost=102767.86..216248.02 rows=2169234 width=0) (actual time=1921.621..5602.842 rows=2163653 loops=1)
  Hash Cond: (mc.movie_id = t.id)
  ->  Seq Scan on movie_companies mc  (cost=0.00..51404.11 rows=2169234 width=4) (actual time=0.022..1230.317 rows=2163653 loops=1)
        Filter: (company_id < 77718)
        Rows Removed by Filter: 445476
  ->  Hash  (cost=61283.27..61283.27 rows=2528527 width=4) (actual time=1920.558..1920.558 rows=2528312 loops=1)
        Buckets: 131072  Batches: 64  Memory Usage: 2415kB
        ->  Seq Scan on title t  (cost=0.00..61283.27 rows=2528527 width=4) (actual time=0.023..1049.618 rows=2528312 loops=1)
Planning time: 0.727 ms
Execution time: 5838.118 ms
