Hash Join  (cost=102767.86..225149.61 rows=1309085 width=0) (actual time=5041.301..10965.211 rows=1317096 loops=1)
  Hash Cond: (mk.movie_id = t.id)
  ->  Seq Scan on movie_keyword mk  (cost=0.00..81003.12 rows=1309085 width=4) (actual time=0.028..4219.456 rows=1317096 loops=1)
        Filter: (keyword_id < 1727)
        Rows Removed by Filter: 3206834
  ->  Hash  (cost=61283.27..61283.27 rows=2528527 width=4) (actual time=5040.132..5040.132 rows=2528312 loops=1)
        Buckets: 131072  Batches: 64  Memory Usage: 2425kB
        ->  Seq Scan on title t  (cost=0.00..61283.27 rows=2528527 width=4) (actual time=0.011..3926.464 rows=2528312 loops=1)
Planning time: 0.640 ms
Execution time: 11136.645 ms
