Hash Join  (cost=102767.86..971504.03 rows=2609292 width=0) (actual time=18618.340..28151.128 rows=1582501 loops=1)
  Hash Cond: (ci.movie_id = t.id)
  ->  Seq Scan on cast_info ci  (cost=0.00..796071.18 rows=2609292 width=4) (actual time=16060.436..23877.645 rows=1582501 loops=1)
        Filter: ((person_id < 2411311) AND (role_id = 3))
        Rows Removed by Filter: 34661843
  ->  Hash  (cost=61283.27..61283.27 rows=2528527 width=4) (actual time=2556.592..2556.592 rows=2528312 loops=1)
        Buckets: 131072  Batches: 64  Memory Usage: 2415kB
        ->  Seq Scan on title t  (cost=0.00..61283.27 rows=2528527 width=4) (actual time=0.026..1407.146 rows=2528312 loops=1)
Planning time: 0.650 ms
Execution time: 28335.256 ms
