Seq Scan on movie_keyword mk  (cost=0.00..81003.12 rows=246 width=0) (actual time=158.067..3355.018 rows=43 loops=1)
  Filter: (keyword_id = 16924)
  Rows Removed by Filter: 4523887
Planning time: 0.364 ms
Execution time: 3355.155 ms
