Seq Scan on movie_keyword mk  (cost=0.00..81003.12 rows=2876841 width=0) (actual time=0.027..1473.948 rows=2871200 loops=1)
  Filter: (keyword_id < 8849)
  Rows Removed by Filter: 1652730
Planning time: 0.309 ms
Execution time: 1839.574 ms
