Hash Join  (cost=75369.78..157206.99 rows=1427 width=0) (actual time=1291.677..2587.372 rows=4662 loops=1)
  Hash Cond: (mk.movie_id = t.id)
  ->  Seq Scan on movie_keyword mk  (cost=0.00..81003.12 rows=41017 width=4) (actual time=0.042..1290.543 rows=41840 loops=1)
        Filter: (keyword_id = 117)
        Rows Removed by Filter: 4482090
  ->  Hash  (cost=73925.90..73925.90 rows=87990 width=4) (actual time=1263.212..1263.212 rows=90655 loops=1)
        Buckets: 131072  Batches: 2  Memory Usage: 2628kB
        ->  Seq Scan on title t  (cost=0.00..73925.90 rows=87990 width=4) (actual time=0.012..1227.938 rows=90655 loops=1)
              Filter: ((production_year > 0) AND (kind_id = 2))
              Rows Removed by Filter: 2437657
Planning time: 1.455 ms
Execution time: 2588.170 ms
