Hash Join  (cost=102767.86..219604.26 rows=2308695 width=0) (actual time=2182.121..5499.480 rows=2306523 loops=1)
  Hash Cond: (mc.movie_id = t.id)
  ->  Seq Scan on movie_companies mc  (cost=0.00..51404.11 rows=2308695 width=4) (actual time=0.020..1226.581 rows=2306523 loops=1)
        Filter: (company_id < 93806)
        Rows Removed by Filter: 302606
  ->  Hash  (cost=61283.27..61283.27 rows=2528527 width=4) (actual time=2180.472..2180.472 rows=2528312 loops=1)
        Buckets: 131072  Batches: 64  Memory Usage: 2415kB
        ->  Seq Scan on title t  (cost=0.00..61283.27 rows=2528527 width=4) (actual time=0.023..1121.389 rows=2528312 loops=1)
Planning time: 3.637 ms
Execution time: 5725.683 ms
