Hash Join  (cost=93093.72..986590.40 rows=2961062 width=0) (actual time=4977.710..16019.556 rows=1445681 loops=1)
  Hash Cond: (ci.movie_id = t.id)
  ->  Seq Scan on cast_info ci  (cost=0.00..796071.18 rows=4819176 width=4) (actual time=3255.375..12229.655 rows=2808033 loops=1)
        Filter: ((person_id > 3091285) AND (role_id < 10))
        Rows Removed by Filter: 33436311
  ->  Hash  (cost=67604.59..67604.59 rows=1553611 width=4) (actual time=1720.239..1720.239 rows=1555864 loops=1)
        Buckets: 131072  Batches: 32  Memory Usage: 2734kB
        ->  Seq Scan on title t  (cost=0.00..67604.59 rows=1553611 width=4) (actual time=0.022..1230.678 rows=1555864 loops=1)
              Filter: (kind_id > 4)
              Rows Removed by Filter: 972448
Planning time: 0.554 ms
Execution time: 16175.868 ms
