Hash Join  (cost=130758.03..496045.78 rows=63182 width=0) (actual time=2195.582..9453.518 rows=45428 loops=1)
  Hash Cond: (mi.movie_id = t.id)
  ->  Seq Scan on movie_info mi  (cost=0.00..309384.22 rows=14739122 width=4) (actual time=0.014..4358.466 rows=14835720 loops=1)
  ->  Hash  (cost=130622.54..130622.54 rows=10839 width=8) (actual time=2195.166..2195.166 rows=2746 loops=1)
        Buckets: 16384  Batches: 1  Memory Usage: 236kB
        ->  Hash Join  (cost=76444.38..130622.54 rows=10839 width=8) (actual time=1246.558..2193.999 rows=2746 loops=1)
              Hash Cond: (mc.movie_id = t.id)
              ->  Seq Scan on movie_companies mc  (cost=0.00..51404.11 rows=178576 width=4) (actual time=0.038..865.837 rows=180633 loops=1)
                    Filter: (company_id < 36)
                    Rows Removed by Filter: 2428496
              ->  Hash  (cost=73925.90..73925.90 rows=153478 width=4) (actual time=1243.339..1243.339 rows=134760 loops=1)
                    Buckets: 131072  Batches: 4  Memory Usage: 2216kB
                    ->  Seq Scan on title t  (cost=0.00..73925.90 rows=153478 width=4) (actual time=0.024..1197.908 rows=134760 loops=1)
                          Filter: ((kind_id < 7) AND (production_year > 2010))
                          Rows Removed by Filter: 2393552
Planning time: 1.181 ms
Execution time: 9461.699 ms
