Hash Join  (cost=69460.45..153711.95 rows=10448 width=0) (actual time=1037.493..2472.850 rows=8496 loops=1)
  Hash Cond: (mk.movie_id = t.id)
  ->  Seq Scan on movie_keyword mk  (cost=0.00..81003.12 rows=233573 width=4) (actual time=0.025..1335.861 rows=245191 loops=1)
        Filter: (keyword_id < 212)
        Rows Removed by Filter: 4278739
  ->  Hash  (cost=67604.59..67604.59 rows=113109 width=4) (actual time=1026.653..1026.653 rows=119565 loops=1)
        Buckets: 131072  Batches: 2  Memory Usage: 3121kB
        ->  Seq Scan on title t  (cost=0.00..67604.59 rows=113109 width=4) (actual time=0.033..979.853 rows=119565 loops=1)
              Filter: (production_year = 2007)
              Rows Removed by Filter: 2408747
Planning time: 0.719 ms
Execution time: 2474.339 ms
