Hash Join  (cost=83074.74..483222.26 rows=1398 width=0) (actual time=1182.850..10013.910 rows=957 loops=1)
  Hash Cond: (mi.movie_id = t.id)
  ->  Seq Scan on movie_info mi  (cost=0.00..346232.03 rows=14373737 width=4) (actual time=0.012..6885.553 rows=14407069 loops=1)
        Filter: (info_type_id < 105)
        Rows Removed by Filter: 428651
  ->  Hash  (cost=83071.67..83071.67 rows=246 width=8) (actual time=1132.991..1132.991 rows=31 loops=1)
        Buckets: 1024  Batches: 1  Memory Usage: 10kB
        ->  Nested Loop  (cost=0.43..83071.67 rows=246 width=8) (actual time=43.239..1132.940 rows=31 loops=1)
              ->  Seq Scan on movie_keyword mk  (cost=0.00..81003.12 rows=246 width=4) (actual time=43.138..1131.734 rows=31 loops=1)
                    Filter: (keyword_id = 76865)
                    Rows Removed by Filter: 4523899
              ->  Index Only Scan using title_pkey on title t  (cost=0.43..8.40 rows=1 width=4) (actual time=0.032..0.033 rows=1 loops=31)
                    Index Cond: (id = mk.movie_id)
                    Heap Fetches: 31
Planning time: 1.125 ms
Execution time: 10014.382 ms
