Seq Scan on movie_keyword mk  (cost=0.00..81003.12 rows=332084 width=0) (actual time=0.015..1170.402 rows=331045 loops=1)
  Filter: (keyword_id > 49894)
  Rows Removed by Filter: 4192885
Planning time: 0.318 ms
Execution time: 1223.461 ms
