Seq Scan on cast_info ci  (cost=0.00..705507.15 rows=17547287 width=0) (actual time=0.028..12402.344 rows=17419110 loops=1)
  Filter: (person_id < 1722505)
  Rows Removed by Filter: 18825234
Planning time: 0.339 ms
Execution time: 14606.727 ms
