Seq Scan on movie_companies mc  (cost=0.00..57926.93 rows=53 width=0) (actual time=3.053..825.332 rows=515 loops=1)
  Filter: ((company_id = 1236) AND (company_type_id = 2))
  Rows Removed by Filter: 2608614
Planning time: 0.403 ms
Execution time: 825.550 ms
