Seq Scan on movie_keyword mk  (cost=0.00..81003.12 rows=759841 width=0) (actual time=0.022..1324.683 rows=766129 loops=1)
  Filter: (keyword_id > 24407)
  Rows Removed by Filter: 3757801
Planning time: 1.567 ms
Execution time: 1423.624 ms
