Seq Scan on cast_info ci  (cost=0.00..796071.18 rows=435 width=0) (actual time=13865.763..14911.053 rows=122 loops=1)
  Filter: ((role_id < 10) AND (person_id = 2718133))
  Rows Removed by Filter: 36244222
Planning time: 0.422 ms
Execution time: 14911.226 ms
