Hash Join  (cost=83074.74..139466.19 rows=129 width=0) (actual time=1512.586..2217.960 rows=14 loops=1)
  Hash Cond: (mc.movie_id = t.id)
  ->  Seq Scan on movie_companies mc  (cost=0.00..51404.11 rows=1329612 width=4) (actual time=32.972..897.711 rows=1334883 loops=1)
        Filter: (company_type_id = 2)
        Rows Removed by Filter: 1274246
  ->  Hash  (cost=83071.67..83071.67 rows=246 width=8) (actual time=1142.394..1142.394 rows=6 loops=1)
        Buckets: 1024  Batches: 1  Memory Usage: 9kB
        ->  Nested Loop  (cost=0.43..83071.67 rows=246 width=8) (actual time=252.975..1142.381 rows=6 loops=1)
              ->  Seq Scan on movie_keyword mk  (cost=0.00..81003.12 rows=246 width=4) (actual time=252.847..1142.004 rows=6 loops=1)
                    Filter: (keyword_id = 56539)
                    Rows Removed by Filter: 4523924
              ->  Index Only Scan using title_pkey on title t  (cost=0.43..8.40 rows=1 width=4) (actual time=0.051..0.052 rows=1 loops=6)
                    Index Cond: (id = mk.movie_id)
                    Heap Fetches: 6
Planning time: 1.182 ms
Execution time: 2218.070 ms
