Seq Scan on movie_keyword mk  (cost=0.00..81003.12 rows=613820 width=0) (actual time=0.025..4286.556 rows=613834 loops=1)
  Filter: (keyword_id < 465)
  Rows Removed by Filter: 3910096
Planning time: 0.293 ms
Execution time: 4390.194 ms
