Seq Scan on movie_keyword mk  (cost=0.00..81003.12 rows=2437419 width=0) (actual time=0.025..1554.429 rows=2428712 loops=1)
  Filter: (keyword_id > 3760)
  Rows Removed by Filter: 2095218
Planning time: 0.328 ms
Execution time: 1848.074 ms
