Seq Scan on cast_info ci  (cost=0.00..796071.18 rows=176 width=0) (actual time=9828.954..12874.426 rows=4 loops=1)
  Filter: ((role_id < 2) AND (person_id = 549156))
  Rows Removed by Filter: 36244340
Planning time: 0.421 ms
Execution time: 12874.571 ms
