Seq Scan on cast_info ci  (cost=0.00..796071.18 rows=11038251 width=0) (actual time=0.020..13803.114 rows=4717748 loops=1)
  Filter: ((person_id < 1669652) AND (role_id > 1))
  Rows Removed by Filter: 31526596
Planning time: 0.370 ms
Execution time: 14400.593 ms
