Hash Join  (cost=83810.17..1191510.52 rows=10059095 width=0) (actual time=1382.891..33383.530 rows=10427818 loops=1)
  Hash Cond: (ci.movie_id = t.id)
  ->  Seq Scan on cast_info ci  (cost=0.00..705507.15 rows=25750731 width=4) (actual time=0.023..15008.005 rows=25943689 loops=1)
        Filter: (person_id > 1012794)
        Rows Removed by Filter: 10300655
  ->  Hash  (cost=67604.59..67604.59 rows=987727 width=4) (actual time=1381.689..1381.689 rows=985048 loops=1)
        Buckets: 131072  Batches: 16  Memory Usage: 3188kB
        ->  Seq Scan on title t  (cost=0.00..67604.59 rows=987727 width=4) (actual time=0.031..1073.657 rows=985048 loops=1)
              Filter: (kind_id < 7)
              Rows Removed by Filter: 1543264
Planning time: 0.748 ms
Execution time: 34450.128 ms
