Hash Join  (cost=95012.63..181767.71 rows=9704 width=0) (actual time=1394.286..3209.079 rows=54045 loops=1)
  Hash Cond: (mk.movie_id = t.id)
  ->  Seq Scan on movie_keyword mk  (cost=0.00..69693.30 rows=4523930 width=4) (actual time=0.022..964.364 rows=4523930 loops=1)
  ->  Hash  (cost=94944.83..94944.83 rows=5424 width=8) (actual time=1393.721..1393.721 rows=7144 loops=1)
        Buckets: 8192  Batches: 1  Memory Usage: 344kB
        ->  Hash Join  (cost=67976.49..94944.83 rows=5424 width=8) (actual time=771.258..1390.485 rows=7144 loops=1)
              Hash Cond: (mi_idx.movie_id = t.id)
              ->  Seq Scan on movie_info_idx mi_idx  (cost=0.00..25185.44 rows=460978 width=4) (actual time=0.020..479.794 rows=459925 loops=1)
                    Filter: (info_type_id < 100)
                    Rows Removed by Filter: 920110
              ->  Hash  (cost=67604.59..67604.59 rows=29752 width=4) (actual time=771.000..771.000 rows=30027 loops=1)
                    Buckets: 32768  Batches: 1  Memory Usage: 1312kB
                    ->  Seq Scan on title t  (cost=0.00..67604.59 rows=29752 width=4) (actual time=0.046..759.946 rows=30027 loops=1)
                          Filter: (production_year = 1994)
                          Rows Removed by Filter: 2498285
Planning time: 1.360 ms
Execution time: 3216.530 ms
