Hash Join  (cost=79863.89..160061.98 rows=373456 width=0) (actual time=1460.258..3814.827 rows=955522 loops=1)
  Hash Cond: (mc.movie_id = t.id)
  ->  Seq Scan on movie_companies mc  (cost=0.00..44881.29 rows=2609129 width=4) (actual time=0.018..873.554 rows=2609129 loops=1)
  ->  Hash  (cost=73925.90..73925.90 rows=361919 width=4) (actual time=1459.164..1459.164 rows=470371 loops=1)
        Buckets: 131072  Batches: 8  Memory Usage: 3103kB
        ->  Seq Scan on title t  (cost=0.00..73925.90 rows=361919 width=4) (actual time=0.024..1306.890 rows=470371 loops=1)
              Filter: ((kind_id < 7) AND (production_year < 1998))
              Rows Removed by Filter: 2057941
Planning time: 0.787 ms
Execution time: 3920.554 ms
