Seq Scan on movie_keyword mk  (cost=0.00..81003.12 rows=246 width=0) (actual time=10.195..1117.999 rows=380 loops=1)
  Filter: (keyword_id = 620)
  Rows Removed by Filter: 4523550
Planning time: 0.224 ms
Execution time: 1118.257 ms
