Seq Scan on title t  (cost=0.00..73925.90 rows=835683 width=0) (actual time=0.021..3543.799 rows=749869 loops=1)
  Filter: ((kind_id < 7) AND (production_year > 1966))
  Rows Removed by Filter: 1778443
Planning time: 6.232 ms
Execution time: 3667.749 ms
