Hash Join  (cost=117882.27..507786.01 rows=138889 width=0) (actual time=3129.336..8931.508 rows=74222 loops=1)
  Hash Cond: (mi.movie_id = t.id)
  ->  Seq Scan on movie_info mi  (cost=0.00..346232.03 rows=3623957 width=4) (actual time=943.199..5466.144 rows=3624977 loops=1)
        Filter: (info_type_id < 4)
        Rows Removed by Filter: 11210743
  ->  Hash  (cost=116291.94..116291.94 rows=96906 width=8) (actual time=2185.220..2185.220 rows=52622 loops=1)
        Buckets: 131072  Batches: 2  Memory Usage: 2061kB
        ->  Hash Join  (cost=82778.48..116291.94 rows=96906 width=8) (actual time=1380.256..2164.814 rows=52622 loops=1)
              Hash Cond: (mi_idx.movie_id = t.id)
              ->  Seq Scan on movie_info_idx mi_idx  (cost=0.00..25185.44 rows=454124 width=4) (actual time=0.021..474.059 rows=459925 loops=1)
                    Filter: (info_type_id = 100)
                    Rows Removed by Filter: 920110
              ->  Hash  (cost=73925.90..73925.90 rows=539566 width=4) (actual time=1379.326..1379.326 rows=428248 loops=1)
                    Buckets: 131072  Batches: 8  Memory Usage: 2890kB
                    ->  Seq Scan on title t  (cost=0.00..73925.90 rows=539566 width=4) (actual time=0.026..1234.798 rows=428248 loops=1)
                          Filter: ((production_year < 1997) AND (kind_id = 7))
                          Rows Removed by Filter: 2100064
Planning time: 1.299 ms
Execution time: 8941.641 ms
