Hash Join  (cost=159937.65..1305509.70 rows=10880195 width=0) (actual time=3432.003..39441.672 rows=15121035 loops=1)
  Hash Cond: (ci.movie_id = t.id)
  ->  Seq Scan on cast_info ci  (cost=0.00..614943.12 rows=36225612 width=4) (actual time=0.029..13091.504 rows=36244344 loops=1)
  ->  Hash  (cost=147477.76..147477.76 rows=759431 width=8) (actual time=3430.026..3430.026 rows=423864 loops=1)
        Buckets: 131072  Batches: 16  Memory Usage: 2058kB
        ->  Hash Join  (cost=96754.97..147477.76 rows=759431 width=8) (actual time=2156.197..3325.032 rows=423864 loops=1)
              Hash Cond: (mi_idx.movie_id = t.id)
              ->  Seq Scan on movie_info_idx mi_idx  (cost=0.00..21735.35 rows=1380035 width=4) (actual time=0.027..458.472 rows=1380035 loops=1)
              ->  Hash  (cost=73925.90..73925.90 rows=1391445 width=4) (actual time=1974.539..1974.539 rows=1468207 loops=1)
                    Buckets: 131072  Batches: 32  Memory Usage: 2639kB
                    ->  Seq Scan on title t  (cost=0.00..73925.90 rows=1391445 width=4) (actual time=0.026..1519.065 rows=1468207 loops=1)
                          Filter: ((production_year > 1952) AND (kind_id = 7))
                          Rows Removed by Filter: 1060105
Planning time: 1.184 ms
Execution time: 41134.106 ms
