Hash Join  (cost=69347.06..100389.20 rows=19073 width=0) (actual time=1467.250..1890.004 rows=7424 loops=1)
  Hash Cond: (mi_idx.movie_id = t.id)
  ->  Seq Scan on movie_info_idx mi_idx  (cost=0.00..25185.44 rows=454124 width=4) (actual time=0.016..466.339 rows=459925 loops=1)
        Filter: (info_type_id = 100)
        Rows Removed by Filter: 920110
  ->  Hash  (cost=67604.59..67604.59 rows=106198 width=4) (actual time=1235.233..1235.233 rows=106827 loops=1)
        Buckets: 131072  Batches: 2  Memory Usage: 2897kB
        ->  Seq Scan on title t  (cost=0.00..67604.59 rows=106198 width=4) (actual time=40.490..1194.594 rows=106827 loops=1)
              Filter: (production_year < 1927)
              Rows Removed by Filter: 2421485
Planning time: 0.812 ms
Execution time: 1891.710 ms
