Hash Join  (cost=166856.41..307192.54 rows=1504809 width=0) (actual time=4314.674..8747.081 rows=2718510 loops=1)
  Hash Cond: (mk.movie_id = t.id)
  ->  Seq Scan on movie_keyword mk  (cost=0.00..69693.30 rows=4523930 width=4) (actual time=0.025..1486.692 rows=4523930 loops=1)
  ->  Hash  (cost=153057.01..153057.01 rows=841072 width=8) (actual time=4312.670..4312.670 rows=691935 loops=1)
        Buckets: 131072  Batches: 16  Memory Usage: 2733kB
        ->  Hash Join  (cost=99208.77..153057.01 rows=841072 width=8) (actual time=2045.322..4101.811 rows=691935 loops=1)
              Hash Cond: (mi_idx.movie_id = t.id)
              ->  Seq Scan on movie_info_idx mi_idx  (cost=0.00..21735.35 rows=1380035 width=4) (actual time=0.020..543.535 rows=1380035 loops=1)
              ->  Hash  (cost=73925.90..73925.90 rows=1541029 width=4) (actual time=2043.664..2043.664 rows=1659933 loops=1)
                    Buckets: 131072  Batches: 32  Memory Usage: 2854kB
                    ->  Seq Scan on title t  (cost=0.00..73925.90 rows=1541029 width=4) (actual time=0.024..1494.025 rows=1659933 loops=1)
                          Filter: ((kind_id > 1) AND (production_year > 1969))
                          Rows Removed by Filter: 868379
Planning time: 1.186 ms
Execution time: 9064.596 ms
