Hash Join  (cost=1424404.14..2917869.98 rows=74279608 width=0) (actual time=35155.764..103275.387 rows=180282730 loops=1)
  Hash Cond: (mi.movie_id = t.id)
  ->  Seq Scan on movie_info mi  (cost=0.00..309384.22 rows=14739122 width=4) (actual time=0.010..6121.872 rows=14835720 loops=1)
  ->  Hash  (cost=1215341.88..1215341.88 rows=12742821 width=8) (actual time=35154.061..35154.061 rows=14489281 loops=1)
        Buckets: 131072  Batches: 256  Memory Usage: 3310kB
        ->  Hash Join  (cost=102767.86..1215341.88 rows=12742821 width=8) (actual time=1990.830..30859.428 rows=14489281 loops=1)
              Hash Cond: (ci.movie_id = t.id)
              ->  Seq Scan on cast_info ci  (cost=0.00..796071.18 rows=12742821 width=4) (actual time=9.413..15852.278 rows=14489281 loops=1)
                    Filter: ((person_id < 1598411) AND (role_id < 7))
                    Rows Removed by Filter: 21755063
              ->  Hash  (cost=61283.27..61283.27 rows=2528527 width=4) (actual time=1961.304..1961.304 rows=2528312 loops=1)
                    Buckets: 131072  Batches: 64  Memory Usage: 2415kB
                    ->  Seq Scan on title t  (cost=0.00..61283.27 rows=2528527 width=4) (actual time=0.015..1134.083 rows=2528312 loops=1)
Planning time: 0.788 ms
Execution time: 125768.700 ms
