Seq Scan on cast_info ci  (cost=0.00..705507.15 rows=12117435 width=0) (actual time=2191.313..11740.259 rows=12180921 loops=1)
  Filter: (person_id > 2468301)
  Rows Removed by Filter: 24063423
Planning time: 0.293 ms
Execution time: 13245.092 ms
