Seq Scan on movie_keyword mk  (cost=0.00..81003.12 rows=2547660 width=0) (actual time=0.020..4162.318 rows=2538551 loops=1)
  Filter: (keyword_id < 6354)
  Rows Removed by Filter: 1985379
Planning time: 0.267 ms
Execution time: 4647.946 ms
