Hash Join  (cost=73950.44..132618.68 rows=153 width=0) (actual time=4767.866..6008.575 rows=1777 loops=1)
  Hash Cond: (mc.movie_id = t.id)
  ->  Seq Scan on movie_companies mc  (cost=0.00..57926.93 rows=197273 width=4) (actual time=1122.241..2492.918 rows=392537 loops=1)
        Filter: ((company_id > 83073) AND (company_type_id = 2))
        Rows Removed by Filter: 2216592
  ->  Hash  (cost=73925.90..73925.90 rows=1963 width=4) (actual time=3419.301..3419.301 rows=3753 loops=1)
        Buckets: 4096 (originally 2048)  Batches: 1 (originally 1)  Memory Usage: 164kB
        ->  Seq Scan on title t  (cost=0.00..73925.90 rows=1963 width=4) (actual time=1995.349..3417.086 rows=3753 loops=1)
              Filter: ((kind_id = 1) AND (production_year = 1965))
              Rows Removed by Filter: 2524559
Planning time: 0.730 ms
Execution time: 6009.080 ms
