Hash Join  (cost=152619.21..919858.75 rows=97753 width=0) (actual time=8305.751..55006.946 rows=424667 loops=1)
  Hash Cond: (ci.movie_id = t.id)
  ->  Seq Scan on cast_info ci  (cost=0.00..705507.15 rows=16201301 width=4) (actual time=0.024..42475.142 rows=16121683 loops=1)
        Filter: (role_id > 2)
        Rows Removed by Filter: 20122661
  ->  Hash  (cost=152428.51..152428.51 rows=15256 width=8) (actual time=8305.335..8305.335 rows=15092 loops=1)
        Buckets: 16384  Batches: 1  Memory Usage: 718kB
        ->  Hash Join  (cost=68191.41..152428.51 rows=15256 width=8) (actual time=3483.718..8299.330 rows=15092 loops=1)
              Hash Cond: (mk.movie_id = t.id)
              ->  Seq Scan on movie_keyword mk  (cost=0.00..81003.12 rows=821709 width=4) (actual time=0.023..4531.714 rows=830420 loops=1)
                    Filter: (keyword_id > 22164)
                    Rows Removed by Filter: 3693510
              ->  Hash  (cost=67604.59..67604.59 rows=46946 width=4) (actual time=3477.704..3477.704 rows=46583 loops=1)
                    Buckets: 65536  Batches: 1  Memory Usage: 2150kB
                    ->  Seq Scan on title t  (cost=0.00..67604.59 rows=46946 width=4) (actual time=0.060..3456.084 rows=46583 loops=1)
                          Filter: (production_year = 1998)
                          Rows Removed by Filter: 2481729
Planning time: 13.201 ms
Execution time: 55080.486 ms
