Seq Scan on cast_info ci  (cost=0.00..705507.15 rows=16848085 width=0) (actual time=0.030..36024.263 rows=16704630 loops=1)
  Filter: (person_id < 1653682)
  Rows Removed by Filter: 19539714
Planning time: 0.380 ms
Execution time: 38753.155 ms
