Seq Scan on movie_keyword mk  (cost=0.00..81003.12 rows=4222 width=0) (actual time=0.118..3542.865 rows=3726 loops=1)
  Filter: (keyword_id = 1753)
  Rows Removed by Filter: 4520204
Planning time: 0.312 ms
Execution time: 3544.032 ms
