Seq Scan on cast_info ci  (cost=0.00..796071.18 rows=22748637 width=0) (actual time=0.026..49515.925 rows=22390941 loops=1)
  Filter: ((person_id < 3832610) AND (role_id > 1))
  Rows Removed by Filter: 13853403
Planning time: 0.848 ms
Execution time: 53522.412 ms
