Hash Join  (cost=129496.65..897434.35 rows=167567 width=0) (actual time=24679.589..57241.236 rows=939796 loops=1)
  Hash Cond: (ci.movie_id = t.id)
  ->  Seq Scan on cast_info ci  (cost=0.00..705507.15 rows=16201301 width=4) (actual time=17255.763..43870.299 rows=16121683 loops=1)
        Filter: (role_id > 2)
        Rows Removed by Filter: 20122661
  ->  Hash  (cost=129169.75..129169.75 rows=26152 width=8) (actual time=7423.372..7423.372 rows=33733 loops=1)
        Buckets: 65536 (originally 32768)  Batches: 1 (originally 1)  Memory Usage: 1830kB
        ->  Hash Join  (cost=74242.71..129169.75 rows=26152 width=8) (actual time=3513.573..7389.907 rows=33733 loops=1)
              Hash Cond: (mc.movie_id = t.id)
              ->  Seq Scan on movie_companies mc  (cost=0.00..44881.29 rows=2609129 width=4) (actual time=0.041..2940.380 rows=2609129 loops=1)
              ->  Hash  (cost=73925.90..73925.90 rows=25344 width=4) (actual time=3513.198..3513.198 rows=15457 loops=1)
                    Buckets: 32768  Batches: 1  Memory Usage: 800kB
                    ->  Seq Scan on title t  (cost=0.00..73925.90 rows=25344 width=4) (actual time=0.070..3506.248 rows=15457 loops=1)
                          Filter: ((kind_id = 1) AND (production_year = 2005))
                          Rows Removed by Filter: 2512855
Planning time: 3.662 ms
Execution time: 57414.264 ms
