Hash Join  (cost=74603.76..101632.40 rows=9971 width=0) (actual time=3757.061..5569.143 rows=13368 loops=1)
  Hash Cond: (mi_idx.movie_id = t.id)
  ->  Seq Scan on movie_info_idx mi_idx  (cost=0.00..25185.44 rows=464934 width=4) (actual time=0.022..1585.489 rows=460185 loops=1)
        Filter: (info_type_id > 100)
        Rows Removed by Filter: 919850
  ->  Hash  (cost=73925.90..73925.90 rows=54228 width=4) (actual time=3756.599..3756.599 rows=39342 loops=1)
        Buckets: 65536  Batches: 1  Memory Usage: 1896kB
        ->  Seq Scan on title t  (cost=0.00..73925.90 rows=54228 width=4) (actual time=0.020..3729.322 rows=39342 loops=1)
              Filter: ((production_year < 2003) AND (kind_id = 4))
              Rows Removed by Filter: 2488970
Planning time: 0.707 ms
Execution time: 5571.862 ms
