Hash Join  (cost=156209.36..287618.53 rows=653829 width=0) (actual time=8262.959..16930.234 rows=2773916 loops=1)
  Hash Cond: (mk.movie_id = t.id)
  ->  Seq Scan on movie_keyword mk  (cost=0.00..81003.12 rows=3640467 width=4) (actual time=0.017..5445.291 rows=3633549 loops=1)
        Filter: (keyword_id < 20710)
        Rows Removed by Filter: 890381
  ->  Hash  (cost=148758.81..148758.81 rows=454124 width=8) (actual time=8262.221..8262.221 rows=459925 loops=1)
        Buckets: 131072  Batches: 8  Memory Usage: 3284kB
        ->  Hash Join  (cost=102767.86..148758.81 rows=454124 width=8) (actual time=5795.624..8107.214 rows=459925 loops=1)
              Hash Cond: (mi_idx.movie_id = t.id)
              ->  Seq Scan on movie_info_idx mi_idx  (cost=0.00..25185.44 rows=454124 width=4) (actual time=0.023..1451.212 rows=459925 loops=1)
                    Filter: (info_type_id = 100)
                    Rows Removed by Filter: 920110
              ->  Hash  (cost=61283.27..61283.27 rows=2528527 width=4) (actual time=5793.909..5793.909 rows=2528312 loops=1)
                    Buckets: 131072  Batches: 64  Memory Usage: 2415kB
                    ->  Seq Scan on title t  (cost=0.00..61283.27 rows=2528527 width=4) (actual time=0.012..4593.323 rows=2528312 loops=1)
Planning time: 1.021 ms
Execution time: 17329.927 ms
