Hash Join  (cost=94699.36..900995.62 rows=4359 width=0) (actual time=32545.415..49418.751 rows=2682 loops=1)
  Hash Cond: (ci.movie_id = t.id)
  ->  Seq Scan on cast_info ci  (cost=0.00..796071.18 rows=2715068 width=4) (actual time=28691.336..44951.829 rows=2713811 loops=1)
        Filter: ((person_id > 26003) AND (role_id = 4))
        Rows Removed by Filter: 33530533
  ->  Hash  (cost=94648.62..94648.62 rows=4059 width=8) (actual time=3852.419..3852.419 rows=1273 loops=1)
        Buckets: 4096  Batches: 1  Memory Usage: 82kB
        ->  Hash Join  (cost=67697.55..94648.62 rows=4059 width=8) (actual time=2392.345..3851.847 rows=1273 loops=1)
              Hash Cond: (mi_idx.movie_id = t.id)
              ->  Seq Scan on movie_info_idx mi_idx  (cost=0.00..21735.35 rows=1380035 width=4) (actual time=0.026..1053.240 rows=1380035 loops=1)
              ->  Hash  (cost=67604.59..67604.59 rows=7437 width=4) (actual time=2391.666..2391.666 rows=2915 loops=1)
                    Buckets: 8192  Batches: 1  Memory Usage: 167kB
                    ->  Seq Scan on title t  (cost=0.00..67604.59 rows=7437 width=4) (actual time=0.059..2390.046 rows=2915 loops=1)
                          Filter: (production_year = 1927)
                          Rows Removed by Filter: 2525397
Planning time: 1.105 ms
Execution time: 49419.460 ms
