Hash Join  (cost=190230.21..270837.32 rows=763566 width=0) (actual time=9277.063..14198.127 rows=1989440 loops=1)
  Hash Cond: (mc.movie_id = t.id)
  ->  Seq Scan on movie_companies mc  (cost=0.00..51404.11 rows=1399021 width=4) (actual time=0.022..3149.365 rows=1408759 loops=1)
        Filter: (company_id > 10889)
        Rows Removed by Filter: 1200370
  ->  Hash  (cost=167588.78..167588.78 rows=1380035 width=8) (actual time=9276.015..9276.015 rows=1380035 loops=1)
        Buckets: 131072  Batches: 32  Memory Usage: 2708kB
        ->  Hash Join  (cost=102767.86..167588.78 rows=1380035 width=8) (actual time=5400.484..8835.258 rows=1380035 loops=1)
              Hash Cond: (mi_idx.movie_id = t.id)
              ->  Seq Scan on movie_info_idx mi_idx  (cost=0.00..21735.35 rows=1380035 width=4) (actual time=0.024..1731.683 rows=1380035 loops=1)
              ->  Hash  (cost=61283.27..61283.27 rows=2528527 width=4) (actual time=5399.435..5399.435 rows=2528312 loops=1)
                    Buckets: 131072  Batches: 64  Memory Usage: 2415kB
                    ->  Seq Scan on title t  (cost=0.00..61283.27 rows=2528527 width=4) (actual time=0.007..4290.066 rows=2528312 loops=1)
Planning time: 6.843 ms
Execution time: 14513.114 ms
