Seq Scan on cast_info ci  (cost=0.00..705507.15 rows=10729071 width=0) (actual time=10.278..34644.982 rows=10576059 loops=1)
  Filter: (person_id < 1037819)
  Rows Removed by Filter: 25668285
Planning time: 0.310 ms
Execution time: 36561.841 ms
