Seq Scan on movie_keyword mk  (cost=0.00..81003.12 rows=2327968 width=0) (actual time=0.020..4231.578 rows=2327343 loops=1)
  Filter: (keyword_id > 4372)
  Rows Removed by Filter: 2196587
Planning time: 0.292 ms
Execution time: 4642.079 ms
