Seq Scan on movie_keyword mk  (cost=0.00..81003.12 rows=750977 width=0) (actual time=0.025..3659.251 rows=757655 loops=1)
  Filter: (keyword_id > 24709)
  Rows Removed by Filter: 3766275
Planning time: 0.306 ms
Execution time: 3770.326 ms
