Hash Join  (cost=83073.82..109984.97 rows=67 width=0) (actual time=3661.420..5107.144 rows=4499 loops=1)
  Hash Cond: (mi_idx.movie_id = t.id)
  ->  Seq Scan on movie_info_idx mi_idx  (cost=0.00..21735.35 rows=1380035 width=4) (actual time=0.018..1066.127 rows=1380035 loops=1)
  ->  Hash  (cost=83072.29..83072.29 rows=123 width=8) (actual time=3660.767..3660.767 rows=1921 loops=1)
        Buckets: 2048 (originally 1024)  Batches: 1 (originally 1)  Memory Usage: 92kB
        ->  Nested Loop  (cost=0.43..83072.29 rows=123 width=8) (actual time=1.012..3659.215 rows=1921 loops=1)
              ->  Seq Scan on movie_keyword mk  (cost=0.00..81003.12 rows=246 width=4) (actual time=0.436..3235.191 rows=3040 loops=1)
                    Filter: (keyword_id = 580)
                    Rows Removed by Filter: 4520890
              ->  Index Scan using title_pkey on title t  (cost=0.43..8.40 rows=1 width=4) (actual time=0.138..0.138 rows=1 loops=3040)
                    Index Cond: (id = mk.movie_id)
                    Filter: (production_year < 2004)
                    Rows Removed by Filter: 0
Planning time: 1.095 ms
Execution time: 5116.798 ms
