Seq Scan on movie_keyword mk  (cost=0.00..81003.12 rows=2813816 width=0) (actual time=0.023..4135.248 rows=2807610 loops=1)
  Filter: (keyword_id < 8284)
  Rows Removed by Filter: 1716320
Planning time: 0.298 ms
Execution time: 4659.251 ms
