Seq Scan on movie_keyword mk  (cost=0.00..81003.12 rows=246 width=0) (actual time=50.933..3934.088 rows=28 loops=1)
  Filter: (keyword_id = 33523)
  Rows Removed by Filter: 4523902
Planning time: 2.288 ms
Execution time: 3934.233 ms
