Seq Scan on cast_info ci  (cost=0.00..796071.18 rows=324 width=0) (actual time=24266.492..36935.122 rows=536 loops=1)
  Filter: ((role_id > 1) AND (person_id = 2196263))
  Rows Removed by Filter: 36243808
Planning time: 0.397 ms
Execution time: 36935.295 ms
