Nested Loop  (cost=0.43..83072.90 rows=8 width=0) (actual time=3575.196..3647.588 rows=1 loops=1)
  ->  Seq Scan on movie_keyword mk  (cost=0.00..81003.12 rows=246 width=4) (actual time=2.794..3543.374 rows=1980 loops=1)
        Filter: (keyword_id = 772)
        Rows Removed by Filter: 4521950
  ->  Index Scan using title_pkey on title t  (cost=0.43..8.40 rows=1 width=4) (actual time=0.049..0.049 rows=0 loops=1980)
        Index Cond: (id = mk.movie_id)
        Filter: ((kind_id = 7) AND (production_year = 2010))
        Rows Removed by Filter: 1
Planning time: 0.724 ms
Execution time: 3647.697 ms
