Hash Join  (cost=84417.00..182135.05 rows=329920 width=0) (actual time=4884.101..10382.102 rows=439744 loops=1)
  Hash Cond: (mk.movie_id = t.id)
  ->  Seq Scan on movie_keyword mk  (cost=0.00..81003.12 rows=814060 width=4) (actual time=0.027..4577.319 rows=817844 loops=1)
        Filter: (keyword_id > 22373)
        Rows Removed by Filter: 3706086
  ->  Hash  (cost=67604.59..67604.59 rows=1024753 width=4) (actual time=4882.622..4882.622 rows=1021752 loops=1)
        Buckets: 131072  Batches: 16  Memory Usage: 3281kB
        ->  Seq Scan on title t  (cost=0.00..67604.59 rows=1024753 width=4) (actual time=0.017..4211.353 rows=1021752 loops=1)
              Filter: (production_year < 2000)
              Rows Removed by Filter: 1506560
Planning time: 3.909 ms
Execution time: 10453.695 ms
