Hash Join  (cost=83074.74..109989.30 rows=45 width=0) (actual time=3649.609..5126.203 rows=60 loops=1)
  Hash Cond: (mi_idx.movie_id = t.id)
  ->  Seq Scan on movie_info_idx mi_idx  (cost=0.00..25185.44 rows=460978 width=4) (actual time=0.032..1377.345 rows=459925 loops=1)
        Filter: (info_type_id < 100)
        Rows Removed by Filter: 920110
  ->  Hash  (cost=83071.67..83071.67 rows=246 width=8) (actual time=3648.911..3648.911 rows=90 loops=1)
        Buckets: 1024  Batches: 1  Memory Usage: 12kB
        ->  Nested Loop  (cost=0.43..83071.67 rows=246 width=8) (actual time=42.864..3648.771 rows=90 loops=1)
              ->  Seq Scan on movie_keyword mk  (cost=0.00..81003.12 rows=246 width=4) (actual time=42.766..3614.448 rows=90 loops=1)
                    Filter: (keyword_id = 9115)
                    Rows Removed by Filter: 4523840
              ->  Index Only Scan using title_pkey on title t  (cost=0.43..8.40 rows=1 width=4) (actual time=0.375..0.376 rows=1 loops=90)
                    Index Cond: (id = mk.movie_id)
                    Heap Fetches: 90
Planning time: 1.089 ms
Execution time: 5126.333 ms
