Hash Join  (cost=52284.99..136309.95 rows=33 width=0) (actual time=6504.972..7139.319 rows=70 loops=1)
  Hash Cond: (mk.movie_id = t.id)
  ->  Seq Scan on movie_keyword mk  (cost=0.00..81003.12 rows=805733 width=4) (actual time=0.023..4123.511 rows=804289 loops=1)
        Filter: (keyword_id < 782)
        Rows Removed by Filter: 3719641
  ->  Hash  (cost=52283.69..52283.69 rows=104 width=8) (actual time=2818.532..2818.532 rows=2 loops=1)
        Buckets: 1024  Batches: 1  Memory Usage: 9kB
        ->  Nested Loop  (cost=0.43..52283.69 rows=104 width=8) (actual time=2546.501..2818.527 rows=2 loops=1)
              ->  Seq Scan on movie_companies mc  (cost=0.00..51404.11 rows=104 width=4) (actual time=2546.407..2818.425 rows=2 loops=1)
                    Filter: (company_id = 12517)
                    Rows Removed by Filter: 2609127
              ->  Index Only Scan using title_pkey on title t  (cost=0.43..8.45 rows=1 width=4) (actual time=0.040..0.040 rows=1 loops=2)
                    Index Cond: (id = mc.movie_id)
                    Heap Fetches: 2
Planning time: 1.051 ms
Execution time: 7139.426 ms
