Nested Loop  (cost=0.43..133008.67 rows=7540 width=0) (actual time=0.344..4999.696 rows=7668 loops=1)
  ->  Seq Scan on movie_keyword mk  (cost=0.00..81003.12 rows=7540 width=4) (actual time=0.290..3732.614 rows=7668 loops=1)
        Filter: (keyword_id = 231)
        Rows Removed by Filter: 4516262
  ->  Index Only Scan using title_pkey on title t  (cost=0.43..6.89 rows=1 width=4) (actual time=0.164..0.164 rows=1 loops=7668)
        Index Cond: (id = mk.movie_id)
        Heap Fetches: 7668
Planning time: 0.640 ms
Execution time: 5002.513 ms
