Hash Join  (cost=75342.47..199226.28 rows=154377 width=0) (actual time=8078.637..10394.368 rows=48813 loops=1)
  Hash Cond: (mk.movie_id = t.id)
  ->  Seq Scan on movie_keyword mk  (cost=0.00..69693.30 rows=4523930 width=4) (actual time=0.022..4570.379 rows=4523930 loops=1)
  ->  Hash  (cost=73925.90..73925.90 rows=86285 width=4) (actual time=3097.817..3097.817 rows=92628 loops=1)
        Buckets: 131072  Batches: 2  Memory Usage: 2659kB
        ->  Seq Scan on title t  (cost=0.00..73925.90 rows=86285 width=4) (actual time=0.012..3032.259 rows=92628 loops=1)
              Filter: ((kind_id = 7) AND (production_year = 2010))
              Rows Removed by Filter: 2435684
Planning time: 1.394 ms
Execution time: 10419.697 ms
