Hash Join  (cost=160729.40..957507.32 rows=70670 width=0) (actual time=7246.039..55165.914 rows=424391 loops=1)
  Hash Cond: (ci.movie_id = t.id)
  ->  Seq Scan on cast_info ci  (cost=0.00..614943.12 rows=36225612 width=4) (actual time=0.017..35696.689 rows=36244344 loops=1)
  ->  Hash  (cost=160667.73..160667.73 rows=4933 width=8) (actual time=7241.269..7241.269 rows=23725 loops=1)
        Buckets: 32768 (originally 8192)  Batches: 1 (originally 1)  Memory Usage: 1183kB
        ->  Hash Join  (cost=73960.37..160667.73 rows=4933 width=8) (actual time=3151.022..7230.262 rows=23725 loops=1)
              Hash Cond: (mk.movie_id = t.id)
              ->  Seq Scan on movie_keyword mk  (cost=0.00..69693.30 rows=4523930 width=4) (actual time=0.020..2990.068 rows=4523930 loops=1)
              ->  Hash  (cost=73925.90..73925.90 rows=2757 width=4) (actual time=3102.760..3102.760 rows=4737 loops=1)
                    Buckets: 8192 (originally 4096)  Batches: 1 (originally 1)  Memory Usage: 231kB
                    ->  Seq Scan on title t  (cost=0.00..73925.90 rows=2757 width=4) (actual time=1517.430..3100.331 rows=4737 loops=1)
                          Filter: ((kind_id = 4) AND (production_year = 2002))
                          Rows Removed by Filter: 2523575
Planning time: 9.822 ms
Execution time: 55242.455 ms
