Hash Join  (cost=251332.16..822935.87 rows=8603180 width=0) (actual time=16178.256..98550.963 rows=188693502 loops=1)
  Hash Cond: (mi.movie_id = t.id)
  ->  Seq Scan on movie_info mi  (cost=0.00..309384.22 rows=14739122 width=4) (actual time=0.017..21389.418 rows=14835720 loops=1)
  ->  Hash  (cost=227117.50..227117.50 rows=1475893 width=8) (actual time=16176.355..16176.355 rows=3247940 loops=1)
        Buckets: 131072 (originally 131072)  Batches: 64 (originally 32)  Memory Usage: 3122kB
        ->  Hash Join  (cost=83810.17..227117.50 rows=1475893 width=8) (actual time=5730.874..14863.222 rows=3247940 loops=1)
              Hash Cond: (mk.movie_id = t.id)
              ->  Seq Scan on movie_keyword mk  (cost=0.00..81003.12 rows=3778206 width=4) (actual time=0.025..5294.222 rows=3772162 loops=1)
                    Filter: (keyword_id < 24888)
                    Rows Removed by Filter: 751768
              ->  Hash  (cost=67604.59..67604.59 rows=987727 width=4) (actual time=5729.721..5729.721 rows=985048 loops=1)
                    Buckets: 131072  Batches: 16  Memory Usage: 3197kB
                    ->  Seq Scan on title t  (cost=0.00..67604.59 rows=987727 width=4) (actual time=0.026..4349.666 rows=985048 loops=1)
                          Filter: (kind_id < 7)
                          Rows Removed by Filter: 1543264
Planning time: 1.090 ms
Execution time: 124206.089 ms
