Hash Join  (cost=82567.99..165110.70 rows=543518 width=0) (actual time=4460.703..9037.755 rows=754927 loops=1)
  Hash Cond: (mc.movie_id = t.id)
  ->  Seq Scan on movie_companies mc  (cost=0.00..44881.29 rows=2609129 width=4) (actual time=0.024..2875.285 rows=2609129 loops=1)
  ->  Hash  (cost=73925.90..73925.90 rows=526727 width=4) (actual time=4459.785..4459.785 rows=399363 loops=1)
        Buckets: 131072  Batches: 8  Memory Usage: 2788kB
        ->  Seq Scan on title t  (cost=0.00..73925.90 rows=526727 width=4) (actual time=0.027..4141.333 rows=399363 loops=1)
              Filter: ((production_year > 1976) AND (kind_id = 1))
              Rows Removed by Filter: 2128949
Planning time: 0.722 ms
Execution time: 9132.793 ms
