Hash Join  (cost=439232.89..1221204.34 rows=79061 width=0) (actual time=24777.311..60999.758 rows=131099 loops=1)
  Hash Cond: (ci.movie_id = t.id)
  ->  Seq Scan on cast_info ci  (cost=0.00..705507.15 rows=7567366 width=4) (actual time=2930.356..36128.768 rows=7484357 loops=1)
        Filter: (person_id < 724801)
        Rows Removed by Filter: 28759987
  ->  Hash  (cost=438902.66..438902.66 rows=26418 width=8) (actual time=21841.201..21841.201 rows=26923 loops=1)
        Buckets: 32768  Batches: 1  Memory Usage: 1308kB
        ->  Hash Join  (cost=73982.55..438902.66 rows=26418 width=8) (actual time=3023.699..21820.857 rows=26923 loops=1)
              Hash Cond: (mi.movie_id = t.id)
              ->  Seq Scan on movie_info mi  (cost=0.00..309384.22 rows=14739122 width=4) (actual time=0.015..14312.238 rows=14835720 loops=1)
              ->  Hash  (cost=73925.90..73925.90 rows=4532 width=4) (actual time=3011.257..3011.257 rows=8269 loops=1)
                    Buckets: 16384 (originally 8192)  Batches: 1 (originally 1)  Memory Usage: 419kB
                    ->  Seq Scan on title t  (cost=0.00..73925.90 rows=4532 width=4) (actual time=545.126..3001.959 rows=8269 loops=1)
                          Filter: ((kind_id = 7) AND (production_year = 1971))
                          Rows Removed by Filter: 2520043
Planning time: 12.145 ms
Execution time: 61028.288 ms
