Hash Join  (cost=513437.85..1392678.90 rows=2458517 width=0) (actual time=35149.559..76727.325 rows=6333784 loops=1)
  Hash Cond: (ci.movie_id = t.id)
  ->  Seq Scan on cast_info ci  (cost=0.00..796071.18 rows=4611120 width=4) (actual time=9082.293..40656.061 rows=9456946 loops=1)
        Filter: ((person_id < 1291796) AND (role_id < 2))
        Rows Removed by Filter: 26787398
  ->  Hash  (cost=491319.12..491319.12 rows=1348138 width=8) (actual time=26066.362..26066.362 rows=1298989 loops=1)
        Buckets: 131072  Batches: 32  Memory Usage: 2598kB
        ->  Hash Join  (cost=102767.86..491319.12 rows=1348138 width=8) (actual time=14831.537..25415.310 rows=1298989 loops=1)
              Hash Cond: (mi.movie_id = t.id)
              ->  Seq Scan on movie_info mi  (cost=0.00..346232.03 rows=1348138 width=4) (actual time=8851.520..16856.980 rows=1298989 loops=1)
                    Filter: (info_type_id = 4)
                    Rows Removed by Filter: 13536731
              ->  Hash  (cost=61283.27..61283.27 rows=2528527 width=4) (actual time=5976.997..5976.997 rows=2528312 loops=1)
                    Buckets: 131072  Batches: 64  Memory Usage: 2425kB
                    ->  Seq Scan on title t  (cost=0.00..61283.27 rows=2528527 width=4) (actual time=0.017..4294.901 rows=2528312 loops=1)
Planning time: 1.134 ms
Execution time: 77820.318 ms
