Hash Join  (cost=457281.72..1323823.62 rows=1288703 width=0) (actual time=36570.602..69435.518 rows=41655 loops=1)
  Hash Cond: (ci.movie_id = t.id)
  ->  Seq Scan on cast_info ci  (cost=0.00..705507.15 rows=12726058 width=4) (actual time=14469.866..39611.177 rows=12670688 loops=1)
        Filter: (role_id = 1)
        Rows Removed by Filter: 23573656
  ->  Hash  (cost=453080.08..453080.08 rows=256051 width=8) (actual time=22099.256..22099.256 rows=5541 loops=1)
        Buckets: 131072  Batches: 4  Memory Usage: 1076kB
        ->  Hash Join  (cost=92883.59..453080.08 rows=256051 width=8) (actual time=18994.815..22096.448 rows=5541 loops=1)
              Hash Cond: (mi.movie_id = t.id)
              ->  Seq Scan on movie_info mi  (cost=0.00..346232.03 rows=420192 width=4) (actual time=13055.988..15217.645 rows=465636 loops=1)
                    Filter: (info_type_id > 103)
                    Rows Removed by Filter: 14370084
              ->  Hash  (cost=67604.59..67604.59 rows=1540800 width=4) (actual time=5625.212..5625.212 rows=1543264 loops=1)
                    Buckets: 131072  Batches: 32  Memory Usage: 2728kB
                    ->  Seq Scan on title t  (cost=0.00..67604.59 rows=1540800 width=4) (actual time=0.037..4767.305 rows=1543264 loops=1)
                          Filter: (kind_id = 7)
                          Rows Removed by Filter: 985048
Planning time: 1.196 ms
Execution time: 69444.212 ms
