Hash Join  (cost=70592.26..109990.37 rows=99363 width=0) (actual time=3282.159..5925.206 rows=94612 loops=1)
  Hash Cond: (mi_idx.movie_id = t.id)
  ->  Seq Scan on movie_info_idx mi_idx  (cost=0.00..21735.35 rows=1380035 width=4) (actual time=0.024..1865.831 rows=1380035 loops=1)
  ->  Hash  (cost=67604.59..67604.59 rows=182054 width=4) (actual time=3263.720..3263.720 rows=180956 loops=1)
        Buckets: 131072  Batches: 4  Memory Usage: 2612kB
        ->  Seq Scan on title t  (cost=0.00..67604.59 rows=182054 width=4) (actual time=0.100..3145.327 rows=180956 loops=1)
              Filter: (production_year < 1953)
              Rows Removed by Filter: 2347356
Planning time: 13.987 ms
Execution time: 5939.352 ms
