Seq Scan on movie_companies mc  (cost=0.00..57926.93 rows=441574 width=0) (actual time=1670.614..2772.449 rows=125420 loops=1)
  Filter: ((company_id > 20863) AND (company_type_id = 1))
  Rows Removed by Filter: 2483709
Planning time: 0.381 ms
Execution time: 2790.765 ms
