Seq Scan on movie_info_idx mi_idx  (cost=0.00..25185.44 rows=915101 width=50) (actual time=0.027..623.323 rows=919850 loops=1)
  Filter: (info_type_id < 101)
  Rows Removed by Filter: 460185
Planning time: 4.516 ms
Execution time: 689.562 ms
