Hash Join  (cost=147645.05..284858.41 rows=297032 width=156) (actual time=3581.610..9131.791 rows=4422321 loops=1)
  Hash Cond: (mk.movie_id = t.id)
  ->  Seq Scan on movie_keyword mk  (cost=0.00..69693.30 rows=4523930 width=12) (actual time=0.018..1465.676 rows=4523930 loops=1)
  ->  Hash  (cost=142164.83..142164.83 rows=166018 width=144) (actual time=3581.131..3581.131 rows=390434 loops=1)
        Buckets: 32768 (originally 32768)  Batches: 16 (originally 8)  Memory Usage: 3841kB
        ->  Hash Join  (cost=82184.17..142164.83 rows=166018 width=144) (actual time=1830.166..3321.067 rows=390434 loops=1)
              Hash Cond: (mi_idx.movie_id = t.id)
              ->  Seq Scan on movie_info_idx mi_idx  (cost=0.00..21735.35 rows=1380035 width=50) (actual time=0.017..466.531 rows=1380035 loops=1)
              ->  Hash  (cost=73925.90..73925.90 rows=304181 width=94) (actual time=1829.515..1829.515 rows=422218 loops=1)
                    Buckets: 32768  Batches: 16  Memory Usage: 3146kB
                    ->  Seq Scan on title t  (cost=0.00..73925.90 rows=304181 width=94) (actual time=0.028..1658.577 rows=422218 loops=1)
                          Filter: ((kind_id < 7) AND (production_year < 1994))
                          Rows Removed by Filter: 2106094
Planning time: 4.862 ms
Execution time: 9382.226 ms
