Hash Join  (cost=84618.84..125347.71 rows=236897 width=0) (actual time=3111.498..5002.879 rows=506070 loops=1)
  Hash Cond: (mi_idx.movie_id = t.id)
  ->  Seq Scan on movie_info_idx mi_idx  (cost=0.00..25185.44 rows=919057 width=4) (actual time=0.020..1161.829 rows=920110 loops=1)
        Filter: (info_type_id > 99)
        Rows Removed by Filter: 459925
  ->  Hash  (cost=73925.90..73925.90 rows=651755 width=4) (actual time=3110.444..3110.444 rows=711179 loops=1)
        Buckets: 131072  Batches: 16  Memory Usage: 2590kB
        ->  Seq Scan on title t  (cost=0.00..73925.90 rows=651755 width=4) (actual time=0.018..2867.099 rows=711179 loops=1)
              Filter: ((kind_id < 7) AND (production_year < 2008))
              Rows Removed by Filter: 1817133
Planning time: 0.483 ms
Execution time: 5062.258 ms
