Hash Join  (cost=102951.43..468024.78 rows=41743 width=0) (actual time=4748.896..25723.583 rows=263190 loops=1)
  Hash Cond: (mi.movie_id = t.id)
  ->  Seq Scan on movie_info mi  (cost=0.00..309384.22 rows=14739122 width=4) (actual time=0.009..16734.851 rows=14835720 loops=1)
  ->  Hash  (cost=102861.92..102861.92 rows=7161 width=8) (actual time=4747.073..4747.073 rows=13998 loops=1)
        Buckets: 16384 (originally 8192)  Batches: 1 (originally 1)  Memory Usage: 675kB
        ->  Hash Join  (cost=74173.24..102861.92 rows=7161 width=8) (actual time=3232.126..4741.569 rows=13998 loops=1)
              Hash Cond: (mi_idx.movie_id = t.id)
              ->  Seq Scan on movie_info_idx mi_idx  (cost=0.00..25185.44 rows=915101 width=4) (actual time=0.013..1299.196 rows=919850 loops=1)
                    Filter: (info_type_id < 101)
                    Rows Removed by Filter: 460185
              ->  Hash  (cost=73925.90..73925.90 rows=19787 width=4) (actual time=3231.919..3231.919 rows=15791 loops=1)
                    Buckets: 32768  Batches: 1  Memory Usage: 812kB
                    ->  Seq Scan on title t  (cost=0.00..73925.90 rows=19787 width=4) (actual time=0.320..3224.236 rows=15791 loops=1)
                          Filter: ((kind_id < 7) AND (production_year = 1999))
                          Rows Removed by Filter: 2512521
Planning time: 1.127 ms
Execution time: 25763.230 ms
