Seq Scan on movie_companies mc  (cost=0.00..51404.11 rows=16785 width=0) (actual time=162.845..2681.500 rows=16220 loops=1)
  Filter: (company_id = 166)
  Rows Removed by Filter: 2592909
Planning time: 4.220 ms
Execution time: 2683.727 ms
