Hash Join  (cost=102767.86..232643.83 rows=1620483 width=0) (actual time=1863.935..4860.213 rows=1629251 loops=1)
  Hash Cond: (mk.movie_id = t.id)
  ->  Seq Scan on movie_keyword mk  (cost=0.00..81003.12 rows=1620483 width=4) (actual time=0.022..1498.341 rows=1629251 loops=1)
        Filter: (keyword_id > 9130)
        Rows Removed by Filter: 2894679
  ->  Hash  (cost=61283.27..61283.27 rows=2528527 width=4) (actual time=1861.129..1861.129 rows=2528312 loops=1)
        Buckets: 131072  Batches: 64  Memory Usage: 2425kB
        ->  Seq Scan on title t  (cost=0.00..61283.27 rows=2528527 width=4) (actual time=0.020..1052.715 rows=2528312 loops=1)
Planning time: 0.699 ms
Execution time: 5028.261 ms
