Hash Join  (cost=149091.20..671708.57 rows=4012248 width=0) (actual time=7014.123..37756.223 rows=8148199 loops=1)
  Hash Cond: (mi.movie_id = t.id)
  ->  Seq Scan on movie_info mi  (cost=0.00..309384.22 rows=14739122 width=4) (actual time=0.025..18761.111 rows=14835720 loops=1)
  ->  Hash  (cost=137798.33..137798.33 rows=688309 width=8) (actual time=7012.510..7012.510 rows=585034 loops=1)
        Buckets: 131072  Batches: 16  Memory Usage: 2449kB
        ->  Hash Join  (cost=88295.76..137798.33 rows=688309 width=8) (actual time=4470.106..6838.399 rows=585034 loops=1)
              Hash Cond: (mi_idx.movie_id = t.id)
              ->  Seq Scan on movie_info_idx mi_idx  (cost=0.00..21735.35 rows=1380035 width=4) (actual time=0.013..1190.896 rows=1380035 loops=1)
              ->  Hash  (cost=67604.59..67604.59 rows=1261134 width=4) (actual time=4468.513..4468.513 rows=1260295 loops=1)
                    Buckets: 131072  Batches: 32  Memory Usage: 2413kB
                    ->  Seq Scan on title t  (cost=0.00..67604.59 rows=1261134 width=4) (actual time=0.019..3998.287 rows=1260295 loops=1)
                          Filter: (production_year > 2002)
                          Rows Removed by Filter: 1268017
Planning time: 1.185 ms
Execution time: 38795.078 ms
