Hash Join  (cost=84457.35..155872.40 rows=197645 width=0) (actual time=4304.629..7369.056 rows=417775 loops=1)
  Hash Cond: (mc.movie_id = t.id)
  ->  Seq Scan on movie_companies mc  (cost=0.00..57926.93 rows=778577 width=4) (actual time=0.011..2579.390 rows=563058 loops=1)
        Filter: ((company_id > 5413) AND (company_type_id = 1))
        Rows Removed by Filter: 2046071
  ->  Hash  (cost=73925.90..73925.90 rows=641876 width=4) (actual time=4303.697..4303.697 rows=627207 loops=1)
        Buckets: 131072  Batches: 16  Memory Usage: 2398kB
        ->  Seq Scan on title t  (cost=0.00..73925.90 rows=641876 width=4) (actual time=1035.818..4051.649 rows=627207 loops=1)
              Filter: ((production_year > 1910) AND (kind_id = 1))
              Rows Removed by Filter: 1901105
Planning time: 0.494 ms
Execution time: 7414.419 ms
