Hash Join  (cost=102767.86..1546392.89 rows=30264485 width=0) (actual time=4599.596..73686.919 rows=30220882 loops=1)
  Hash Cond: (ci.movie_id = t.id)
  ->  Seq Scan on cast_info ci  (cost=0.00..705507.15 rows=30264485 width=4) (actual time=0.016..41058.319 rows=30220882 loops=1)
        Filter: (person_id < 3045600)
        Rows Removed by Filter: 6023462
  ->  Hash  (cost=61283.27..61283.27 rows=2528527 width=4) (actual time=4598.002..4598.002 rows=2528312 loops=1)
        Buckets: 131072  Batches: 64  Memory Usage: 2415kB
        ->  Seq Scan on title t  (cost=0.00..61283.27 rows=2528527 width=4) (actual time=0.870..3572.727 rows=2528312 loops=1)
Planning time: 4.247 ms
Execution time: 77316.475 ms
