Hash Join  (cost=102767.86..293341.95 rows=4143075 width=0) (actual time=5372.557..13328.380 rows=4145116 loops=1)
  Hash Cond: (mk.movie_id = t.id)
  ->  Seq Scan on movie_keyword mk  (cost=0.00..81003.12 rows=4143075 width=4) (actual time=0.015..4392.464 rows=4145116 loops=1)
        Filter: (keyword_id < 45039)
        Rows Removed by Filter: 378814
  ->  Hash  (cost=61283.27..61283.27 rows=2528527 width=4) (actual time=5370.325..5370.325 rows=2528312 loops=1)
        Buckets: 131072  Batches: 64  Memory Usage: 2425kB
        ->  Seq Scan on title t  (cost=0.00..61283.27 rows=2528527 width=4) (actual time=0.013..4297.832 rows=2528312 loops=1)
Planning time: 0.663 ms
Execution time: 13815.878 ms
