Nested Loop  (cost=0.43..58375.45 rows=19 width=0) (actual time=2091.633..2547.174 rows=2 loops=1)
  ->  Seq Scan on movie_companies mc  (cost=0.00..57926.93 rows=53 width=4) (actual time=1465.573..2546.955 rows=6 loops=1)
        Filter: ((company_type_id > 1) AND (company_id = 1688))
        Rows Removed by Filter: 2609123
  ->  Index Scan using title_pkey on title t  (cost=0.43..8.45 rows=1 width=4) (actual time=0.034..0.034 rows=0 loops=6)
        Index Cond: (id = mc.movie_id)
        Filter: ((kind_id < 7) AND (production_year > 1953))
        Rows Removed by Filter: 1
Planning time: 2.899 ms
Execution time: 2547.288 ms
