Hash Join  (cost=101956.38..157372.76 rows=932485 width=0) (actual time=4951.222..7342.045 rows=749919 loops=1)
  Hash Cond: (mi_idx.movie_id = t.id)
  ->  Seq Scan on movie_info_idx mi_idx  (cost=0.00..21735.35 rows=1380035 width=4) (actual time=0.025..1183.313 rows=1380035 loops=1)
  ->  Hash  (cost=73925.90..73925.90 rows=1708518 width=4) (actual time=4948.567..4948.567 rows=1799560 loops=1)
        Buckets: 131072  Batches: 32  Memory Usage: 3006kB
        ->  Seq Scan on title t  (cost=0.00..73925.90 rows=1708518 width=4) (actual time=0.027..4245.494 rows=1799560 loops=1)
              Filter: ((kind_id > 1) AND (production_year > 1939))
              Rows Removed by Filter: 728752
Planning time: 0.647 ms
Execution time: 7419.588 ms
