Seq Scan on movie_keyword mk  (cost=0.00..81003.12 rows=3313024 width=0) (actual time=0.014..1589.593 rows=3311271 loops=1)
  Filter: (keyword_id > 1526)
  Rows Removed by Filter: 1212659
Planning time: 0.318 ms
Execution time: 1986.688 ms
