Hash Join  (cost=154498.19..641750.28 rows=697817 width=0) (actual time=3120.912..13811.785 rows=309657 loops=1)
  Hash Cond: (mi.movie_id = t.id)
  ->  Seq Scan on movie_info mi  (cost=0.00..309384.22 rows=14739122 width=4) (actual time=0.007..5633.128 rows=14835720 loops=1)
  ->  Hash  (cost=152533.79..152533.79 rows=119712 width=8) (actual time=3120.140..3120.140 rows=63211 loops=1)
        Buckets: 131072  Batches: 2  Memory Usage: 2258kB
        ->  Hash Join  (cost=77854.63..152533.79 rows=119712 width=8) (actual time=1600.557..3098.624 rows=63211 loops=1)
              Hash Cond: (mc.movie_id = t.id)
              ->  Seq Scan on movie_companies mc  (cost=0.00..57926.93 rows=1264294 width=4) (actual time=279.560..1179.381 rows=1312144 loops=1)
                    Filter: ((company_id > 19) AND (company_type_id > 1))
                    Rows Removed by Filter: 1296985
              ->  Hash  (cost=73925.90..73925.90 rows=239418 width=4) (actual time=1320.197..1320.197 rows=256906 loops=1)
                    Buckets: 131072  Batches: 4  Memory Usage: 3296kB
                    ->  Seq Scan on title t  (cost=0.00..73925.90 rows=239418 width=4) (actual time=110.167..1237.288 rows=256906 loops=1)
                          Filter: ((production_year > 2010) AND (kind_id = 7))
                          Rows Removed by Filter: 2271406
Planning time: 1.082 ms
Execution time: 13851.365 ms
