Hash Join  (cost=263115.61..1439622.12 rows=15669586 width=0) (actual time=11163.316..38683.070 rows=30141329 loops=1)
  Hash Cond: (ci.movie_id = t.id)
  ->  Seq Scan on cast_info ci  (cost=0.00..796071.18 rows=15185516 width=4) (actual time=5247.296..17471.832 rows=13807739 loops=1)
        Filter: ((person_id < 3610310) AND (role_id > 2))
        Rows Removed by Filter: 22436605
  ->  Hash  (cost=220309.49..220309.49 rows=2609129 width=8) (actual time=5914.442..5914.442 rows=2609129 loops=1)
        Buckets: 131072  Batches: 64  Memory Usage: 2610kB
        ->  Hash Join  (cost=102767.86..220309.49 rows=2609129 width=8) (actual time=1947.944..5280.308 rows=2609129 loops=1)
              Hash Cond: (mc.movie_id = t.id)
              ->  Seq Scan on movie_companies mc  (cost=0.00..44881.29 rows=2609129 width=4) (actual time=0.026..873.452 rows=2609129 loops=1)
              ->  Hash  (cost=61283.27..61283.27 rows=2528527 width=4) (actual time=1946.709..1946.709 rows=2528312 loops=1)
                    Buckets: 131072  Batches: 64  Memory Usage: 2415kB
                    ->  Seq Scan on title t  (cost=0.00..61283.27 rows=2528527 width=4) (actual time=0.019..1099.163 rows=2528312 loops=1)
Planning time: 0.771 ms
Execution time: 42051.859 ms
