Seq Scan on movie_companies mc  (cost=0.00..57926.93 rows=952006 width=0) (actual time=0.031..971.836 rows=639506 loops=1)
  Filter: ((company_id < 37762) AND (company_type_id > 1))
  Rows Removed by Filter: 1969623
Planning time: 0.362 ms
Execution time: 1051.449 ms
