Seq Scan on cast_info ci  (cost=0.00..796071.18 rows=3200450 width=0) (actual time=17588.508..32053.967 rows=1073061 loops=1)
  Filter: ((person_id < 1986326) AND (role_id > 8))
  Rows Removed by Filter: 35171283
Planning time: 1.419 ms
Execution time: 32208.597 ms
