Hash Join  (cost=736616.80..2734474.67 rows=71806569 width=0) (actual time=19363.488..64696.405 rows=51816703 loops=1)
  Hash Cond: (ci.movie_id = t.id)
  ->  Seq Scan on cast_info ci  (cost=0.00..614943.12 rows=36225612 width=4) (actual time=0.020..13933.316 rows=36244344 loops=1)
  ->  Hash  (cost=654387.09..654387.09 rows=5012057 width=8) (actual time=19360.946..19360.946 rows=2527981 loops=1)
        Buckets: 131072  Batches: 128  Memory Usage: 1760kB
        ->  Hash Join  (cost=88391.98..654387.09 rows=5012057 width=8) (actual time=1714.792..18019.715 rows=2527981 loops=1)
              Hash Cond: (mi.movie_id = t.id)
              ->  Seq Scan on movie_info mi  (cost=0.00..346232.03 rows=14373737 width=4) (actual time=0.025..7590.474 rows=14407069 loops=1)
                    Filter: (info_type_id < 105)
                    Rows Removed by Filter: 428651
              ->  Hash  (cost=73925.90..73925.90 rows=881686 width=4) (actual time=1714.076..1714.076 rows=801513 loops=1)
                    Buckets: 131072  Batches: 16  Memory Usage: 2792kB
                    ->  Seq Scan on title t  (cost=0.00..73925.90 rows=881686 width=4) (actual time=195.622..1193.084 rows=801513 loops=1)
                          Filter: ((production_year < 2006) AND (kind_id = 7))
                          Rows Removed by Filter: 1726799
Planning time: 1.154 ms
Execution time: 70189.487 ms
