Seq Scan on movie_companies mc  (cost=0.00..57926.93 rows=608447 width=0) (actual time=36.406..963.353 rows=393199 loops=1)
  Filter: ((company_id < 10486) AND (company_type_id = 2))
  Rows Removed by Filter: 2215930
Planning time: 0.240 ms
Execution time: 1009.166 ms
