Nested Loop  (cost=0.43..709671.90 rows=500 width=0) (actual time=7234.264..10725.800 rows=208 loops=1)
  ->  Seq Scan on cast_info ci  (cost=0.00..705507.15 rows=500 width=4) (actual time=7234.173..10720.353 rows=208 loops=1)
        Filter: (person_id = 2244459)
        Rows Removed by Filter: 36244136
  ->  Index Only Scan using title_pkey on title t  (cost=0.43..8.32 rows=1 width=4) (actual time=0.025..0.025 rows=1 loops=208)
        Index Cond: (id = ci.movie_id)
        Heap Fetches: 208
Planning time: 0.751 ms
Execution time: 10725.928 ms
