Seq Scan on movie_keyword mk  (cost=0.00..81003.12 rows=2886600 width=0) (actual time=0.020..1493.843 rows=2877533 loops=1)
  Filter: (keyword_id < 8937)
  Rows Removed by Filter: 1646397
Planning time: 0.250 ms
Execution time: 1848.941 ms
