Seq Scan on movie_keyword mk  (cost=0.00..81003.12 rows=246 width=0) (actual time=5.834..1276.051 rows=524 loops=1)
  Filter: (keyword_id = 3525)
  Rows Removed by Filter: 4523406
Planning time: 0.413 ms
Execution time: 1276.379 ms
