Seq Scan on movie_keyword mk  (cost=0.00..81003.12 rows=2133656 width=0) (actual time=0.024..1456.681 rows=2133814 loops=1)
  Filter: (keyword_id > 5537)
  Rows Removed by Filter: 2390116
Planning time: 0.324 ms
Execution time: 1727.560 ms
