Seq Scan on movie_keyword mk  (cost=0.00..81003.12 rows=2145936 width=0) (actual time=0.013..1438.266 rows=2153382 loops=1)
  Filter: (keyword_id < 4062)
  Rows Removed by Filter: 2370548
Planning time: 0.319 ms
Execution time: 1714.431 ms
