Hash Join  (cost=74065.08..128845.49 rows=11489 width=0) (actual time=1155.882..2402.706 rows=11312 loops=1)
  Hash Cond: (mc.movie_id = t.id)
  ->  Seq Scan on movie_companies mc  (cost=0.00..44881.29 rows=2609129 width=4) (actual time=0.037..716.486 rows=2609129 loops=1)
  ->  Hash  (cost=73925.90..73925.90 rows=11134 width=4) (actual time=1155.611..1155.611 rows=5631 loops=1)
        Buckets: 16384  Batches: 1  Memory Usage: 326kB
        ->  Seq Scan on title t  (cost=0.00..73925.90 rows=11134 width=4) (actual time=354.838..1152.678 rows=5631 loops=1)
              Filter: ((production_year < 1966) AND (kind_id = 2))
              Rows Removed by Filter: 2522681
Planning time: 2.724 ms
Execution time: 2404.542 ms
