Hash Join  (cost=74626.82..833449.43 rows=803345 width=0) (actual time=2727.787..55986.899 rows=1812045 loops=1)
  Hash Cond: (ci.movie_id = t.id)
  ->  Seq Scan on cast_info ci  (cost=0.00..614943.12 rows=36225612 width=4) (actual time=0.013..32069.990 rows=36244344 loops=1)
  ->  Hash  (cost=73925.90..73925.90 rows=56073 width=4) (actual time=2726.920..2726.920 rows=180127 loops=1)
        Buckets: 131072 (originally 65536)  Batches: 4 (originally 1)  Memory Usage: 3073kB
        ->  Seq Scan on title t  (cost=0.00..73925.90 rows=56073 width=4) (actual time=231.208..2651.514 rows=180127 loops=1)
              Filter: ((production_year < 1957) AND (kind_id = 1))
              Rows Removed by Filter: 2348185
Planning time: 0.657 ms
Execution time: 56228.101 ms
