Nested Loop  (cost=0.43..447802.20 rows=17937 width=0) (actual time=3094.877..11192.342 rows=61128 loops=1)
  ->  Seq Scan on movie_info mi  (cost=0.00..346232.03 rows=17937 width=4) (actual time=3094.750..4242.339 rows=61128 loops=1)
        Filter: (info_type_id = 103)
        Rows Removed by Filter: 14774592
  ->  Index Only Scan using title_pkey on title t  (cost=0.43..5.65 rows=1 width=4) (actual time=0.113..0.113 rows=1 loops=61128)
        Index Cond: (id = mi.movie_id)
        Heap Fetches: 61128
Planning time: 5.031 ms
Execution time: 11205.743 ms
