Hash Join  (cost=80976.84..162139.91 rows=443454 width=0) (actual time=1005.230..3375.280 rows=621470 loops=1)
  Hash Cond: (mc.movie_id = t.id)
  ->  Seq Scan on movie_companies mc  (cost=0.00..44881.29 rows=2609129 width=4) (actual time=0.020..967.392 rows=2609129 loops=1)
  ->  Hash  (cost=73925.90..73925.90 rows=429755 width=4) (actual time=1004.467..1004.467 rows=333645 loops=1)
        Buckets: 131072  Batches: 8  Memory Usage: 2494kB
        ->  Seq Scan on title t  (cost=0.00..73925.90 rows=429755 width=4) (actual time=0.018..906.054 rows=333645 loops=1)
              Filter: ((kind_id < 3) AND (production_year > 1999))
              Rows Removed by Filter: 2194667
Planning time: 0.692 ms
Execution time: 3440.761 ms
