Seq Scan on movie_keyword mk  (cost=0.00..81003.12 rows=4469931 width=0) (actual time=0.011..1599.437 rows=4472232 loops=1)
  Filter: (keyword_id > 51)
  Rows Removed by Filter: 51698
Planning time: 0.315 ms
Execution time: 2154.988 ms
