Hash Join  (cost=614818.81..1884559.72 rows=15509629 width=0) (actual time=16236.443..52917.328 rows=27694549 loops=1)
  Hash Cond: (ci.movie_id = t.id)
  ->  Seq Scan on cast_info ci  (cost=0.00..796071.18 rows=17390241 width=4) (actual time=0.021..17902.389 rows=20973450 loops=1)
        Filter: ((person_id > 911160) AND (role_id > 1))
        Rows Removed by Filter: 15270894
  ->  Hash  (cost=577821.21..577821.21 rows=2255088 width=8) (actual time=16234.187..16234.187 rows=3564659 loops=1)
        Buckets: 131072 (originally 131072)  Batches: 64 (originally 32)  Memory Usage: 3249kB
        ->  Hash Join  (cost=73952.40..577821.21 rows=2255088 width=8) (actual time=1183.371..14921.854 rows=3564659 loops=1)
              Hash Cond: (mi.movie_id = t.id)
              ->  Seq Scan on movie_info mi  (cost=0.00..309384.22 rows=14739122 width=4) (actual time=0.009..6131.967 rows=14835720 loops=1)
              ->  Hash  (cost=67604.59..67604.59 rows=386865 width=4) (actual time=1182.071..1182.071 rows=381430 loops=1)
                    Buckets: 131072  Batches: 8  Memory Usage: 2699kB
                    ->  Seq Scan on title t  (cost=0.00..67604.59 rows=386865 width=4) (actual time=0.030..1055.542 rows=381430 loops=1)
                          Filter: (production_year < 1971)
                          Rows Removed by Filter: 2146882
Planning time: 1.140 ms
Execution time: 56094.698 ms
