Hash Join  (cost=82008.92..459817.60 rows=427584 width=0) (actual time=1282.516..7649.041 rows=820498 loops=1)
  Hash Cond: (mi.movie_id = t.id)
  ->  Seq Scan on movie_info mi  (cost=0.00..346232.03 rows=2194617 width=4) (actual time=0.024..5004.813 rows=2233850 loops=1)
        Filter: (info_type_id > 16)
        Rows Removed by Filter: 12601870
  ->  Hash  (cost=73925.90..73925.90 rows=492641 width=4) (actual time=1281.373..1281.373 rows=420285 loops=1)
        Buckets: 131072  Batches: 8  Memory Usage: 2875kB
        ->  Seq Scan on title t  (cost=0.00..73925.90 rows=492641 width=4) (actual time=0.029..1140.264 rows=420285 loops=1)
              Filter: ((kind_id < 7) AND (production_year > 2002))
              Rows Removed by Filter: 2108027
Planning time: 0.983 ms
Execution time: 7758.257 ms
