Seq Scan on cast_info ci  (cost=0.00..705507.15 rows=500 width=0) (actual time=2774.137..10803.383 rows=1 loops=1)
  Filter: (person_id = 926508)
  Rows Removed by Filter: 36244343
Planning time: 0.355 ms
Execution time: 10803.485 ms
