Seq Scan on movie_keyword mk  (cost=0.00..81003.12 rows=1830246 width=0) (actual time=0.008..1359.338 rows=1836381 loops=1)
  Filter: (keyword_id < 3037)
  Rows Removed by Filter: 2687549
Planning time: 0.332 ms
Execution time: 1570.282 ms
