Seq Scan on cast_info ci  (cost=0.00..796071.18 rows=25639523 width=0) (actual time=0.024..16822.025 rows=26859641 loops=1)
  Filter: ((person_id < 3761961) AND (role_id < 5))
  Rows Removed by Filter: 9384703
Planning time: 0.360 ms
Execution time: 19964.622 ms
