Hash Join  (cost=198040.87..1331729.07 rows=9723303 width=0) (actual time=4676.304..46183.100 rows=35223415 loops=1)
  Hash Cond: (ci.movie_id = t.id)
  ->  Seq Scan on cast_info ci  (cost=0.00..614943.12 rows=36225612 width=4) (actual time=0.023..13412.380 rows=36244344 loops=1)
  ->  Hash  (cost=186905.36..186905.36 rows=678681 width=8) (actual time=4675.276..4675.276 rows=927919 loops=1)
        Buckets: 131072  Batches: 16  Memory Usage: 3266kB
        ->  Hash Join  (cost=102767.86..186905.36 rows=678681 width=8) (actual time=2082.879..4394.974 rows=927919 loops=1)
              Hash Cond: (mc.movie_id = t.id)
              ->  Seq Scan on movie_companies mc  (cost=0.00..57926.93 rows=678681 width=4) (actual time=0.014..1100.452 rows=927919 loops=1)
                    Filter: ((company_id < 11813) AND (company_type_id = 1))
                    Rows Removed by Filter: 1681210
              ->  Hash  (cost=61283.27..61283.27 rows=2528527 width=4) (actual time=2081.824..2081.824 rows=2528312 loops=1)
                    Buckets: 131072  Batches: 64  Memory Usage: 2415kB
                    ->  Seq Scan on title t  (cost=0.00..61283.27 rows=2528527 width=4) (actual time=0.026..1218.843 rows=2528312 loops=1)
Planning time: 1.177 ms
Execution time: 50297.856 ms
