Seq Scan on cast_info ci  (cost=0.00..705507.15 rows=22272450 width=0) (actual time=0.012..35238.120 rows=22309970 loops=1)
  Filter: (person_id > 1373150)
  Rows Removed by Filter: 13934374
Planning time: 0.264 ms
Execution time: 38661.244 ms
