Seq Scan on movie_companies mc  (cost=0.00..57926.93 rows=154966 width=0) (actual time=438.711..826.679 rows=304987 loops=1)
  Filter: ((company_id > 93372) AND (company_type_id = 2))
  Rows Removed by Filter: 2304142
Planning time: 0.372 ms
Execution time: 865.801 ms
