Hash Join  (cost=102767.86..188359.85 rows=1010208 width=0) (actual time=1939.691..3980.966 rows=1011218 loops=1)
  Hash Cond: (mc.movie_id = t.id)
  ->  Seq Scan on movie_companies mc  (cost=0.00..51404.11 rows=1010208 width=4) (actual time=0.021..864.148 rows=1011218 loops=1)
        Filter: (company_id < 5044)
        Rows Removed by Filter: 1597911
  ->  Hash  (cost=61283.27..61283.27 rows=2528527 width=4) (actual time=1937.755..1937.755 rows=2528312 loops=1)
        Buckets: 131072  Batches: 64  Memory Usage: 2415kB
        ->  Seq Scan on title t  (cost=0.00..61283.27 rows=2528527 width=4) (actual time=0.017..1115.661 rows=2528312 loops=1)
Planning time: 0.783 ms
Execution time: 4098.225 ms
