Hash Join  (cost=65409.97..816204.15 rows=501 width=0) (actual time=965.308..16986.761 rows=3969 loops=1)
  Hash Cond: (ci.movie_id = t.id)
  ->  Seq Scan on cast_info ci  (cost=0.00..614943.12 rows=36225612 width=4) (actual time=0.012..9071.885 rows=36244344 loops=1)
  ->  Hash  (cost=65409.54..65409.54 rows=35 width=8) (actual time=963.910..963.910 rows=117 loops=1)
        Buckets: 1024  Batches: 1  Memory Usage: 13kB
        ->  Nested Loop  (cost=0.43..65409.54 rows=35 width=8) (actual time=24.156..963.771 rows=117 loops=1)
              ->  Seq Scan on movie_companies mc  (cost=0.00..57926.93 rows=910 width=4) (actual time=0.367..814.572 rows=3969 loops=1)
                    Filter: ((company_id < 6) AND (company_type_id < 2))
                    Rows Removed by Filter: 2605160
              ->  Index Scan using title_pkey on title t  (cost=0.43..8.21 rows=1 width=4) (actual time=0.037..0.037 rows=0 loops=3969)
                    Index Cond: (id = mc.movie_id)
                    Filter: (production_year = 2005)
                    Rows Removed by Filter: 1
Planning time: 1.217 ms
Execution time: 16988.754 ms
