Seq Scan on movie_keyword mk  (cost=0.00..81003.12 rows=826293 width=0) (actual time=0.017..1263.159 rows=834648 loops=1)
  Filter: (keyword_id > 22049)
  Rows Removed by Filter: 3689282
Planning time: 0.240 ms
Execution time: 1364.418 ms
