Hash Join  (cost=82131.75..152182.30 rows=201395 width=0) (actual time=2530.832..4029.488 rows=371944 loops=1)
  Hash Cond: (mc.movie_id = t.id)
  ->  Seq Scan on movie_companies mc  (cost=0.00..57926.93 rows=575110 width=4) (actual time=280.739..1061.541 rows=865060 loops=1)
        Filter: ((company_id > 13378) AND (company_type_id > 1))
        Rows Removed by Filter: 1744069
  ->  Hash  (cost=67604.59..67604.59 rows=885453 width=4) (actual time=2248.803..2248.803 rows=885650 loops=1)
        Buckets: 131072  Batches: 16  Memory Usage: 2972kB
        ->  Seq Scan on title t  (cost=0.00..67604.59 rows=885453 width=4) (actual time=0.018..1168.702 rows=885650 loops=1)
              Filter: (production_year < 1997)
              Rows Removed by Filter: 1642662
Planning time: 6.184 ms
Execution time: 4075.866 ms
