Seq Scan on cast_info ci  (cost=0.00..705507.15 rows=7321983 width=0) (actual time=1.535..11850.338 rows=7272351 loops=1)
  Filter: (person_id < 702912)
  Rows Removed by Filter: 28971993
Planning time: 0.336 ms
Execution time: 12764.828 ms
