Hash Join  (cost=92883.59..174385.55 rows=776087 width=0) (actual time=2110.373..4151.994 rows=518277 loops=1)
  Hash Cond: (mc.movie_id = t.id)
  ->  Seq Scan on movie_companies mc  (cost=0.00..51404.11 rows=1273596 width=4) (actual time=0.030..1000.437 rows=1263574 loops=1)
        Filter: (company_id < 11203)
        Rows Removed by Filter: 1345555
  ->  Hash  (cost=67604.59..67604.59 rows=1540800 width=4) (actual time=2109.199..2109.199 rows=1543264 loops=1)
        Buckets: 131072  Batches: 32  Memory Usage: 2722kB
        ->  Seq Scan on title t  (cost=0.00..67604.59 rows=1540800 width=4) (actual time=0.012..1317.080 rows=1543264 loops=1)
              Filter: (kind_id = 7)
              Rows Removed by Filter: 985048
Planning time: 0.743 ms
Execution time: 4217.363 ms
