Seq Scan on cast_info ci  (cost=0.00..796071.18 rows=6265118 width=0) (actual time=8840.523..13531.985 rows=3627470 loops=1)
  Filter: ((person_id < 1839668) AND (role_id > 3))
  Rows Removed by Filter: 32616874
Planning time: 0.360 ms
Execution time: 13964.090 ms
