Seq Scan on cast_info ci  (cost=0.00..796071.18 rows=11480959 width=0) (actual time=5664.112..16043.720 rows=10209703 loops=1)
  Filter: ((person_id > 328769) AND (role_id < 2))
  Rows Removed by Filter: 26034641
Planning time: 0.238 ms
Execution time: 17267.045 ms
