Hash Join  (cost=171455.96..969337.73 rows=229058 width=0) (actual time=4210.656..22312.607 rows=54168 loops=1)
  Hash Cond: (ci.movie_id = t.id)
  ->  Seq Scan on cast_info ci  (cost=0.00..705507.15 rows=24022411 width=4) (actual time=942.025..14934.908 rows=24130698 loops=1)
        Filter: (role_id < 4)
        Rows Removed by Filter: 12113646
  ->  Hash  (cost=171154.58..171154.58 rows=24110 width=8) (actual time=3268.125..3268.125 rows=5188 loops=1)
        Buckets: 32768  Batches: 1  Memory Usage: 459kB
        ->  Hash Join  (cost=102767.86..171154.58 rows=24110 width=8) (actual time=2098.409..3265.507 rows=5188 loops=1)
              Hash Cond: (mc.movie_id = t.id)
              ->  Seq Scan on movie_companies mc  (cost=0.00..57926.93 rows=24110 width=4) (actual time=0.921..719.803 rows=5188 loops=1)
                    Filter: ((company_type_id > 1) AND (company_id = 19))
                    Rows Removed by Filter: 2603941
              ->  Hash  (cost=61283.27..61283.27 rows=2528527 width=4) (actual time=2096.753..2096.753 rows=2528312 loops=1)
                    Buckets: 131072  Batches: 64  Memory Usage: 2415kB
                    ->  Seq Scan on title t  (cost=0.00..61283.27 rows=2528527 width=4) (actual time=0.012..1234.298 rows=2528312 loops=1)
Planning time: 1.111 ms
Execution time: 22322.620 ms
