Hash Join  (cost=68438.72..130712.90 rows=28583 width=0) (actual time=1089.091..2391.755 rows=17809 loops=1)
  Hash Cond: (mc.movie_id = t.id)
  ->  Seq Scan on movie_companies mc  (cost=0.00..57926.93 rows=1083043 width=4) (actual time=0.023..1057.470 rows=848249 loops=1)
        Filter: ((company_id < 74864) AND (company_type_id > 1))
        Rows Removed by Filter: 1760880
  ->  Hash  (cost=67604.59..67604.59 rows=66731 width=4) (actual time=1088.277..1088.277 rows=67342 loops=1)
        Buckets: 131072  Batches: 1  Memory Usage: 3392kB
        ->  Seq Scan on title t  (cost=0.00..67604.59 rows=66731 width=4) (actual time=0.013..1059.511 rows=67342 loops=1)
              Filter: (production_year > 2012)
              Rows Removed by Filter: 2460970
Planning time: 0.739 ms
Execution time: 2394.645 ms
