Hash Join  (cost=96184.51..228899.70 rows=1471068 width=0) (actual time=3254.245..4983.911 rows=340193 loops=1)
  Hash Cond: (mk.movie_id = t.id)
  ->  Seq Scan on movie_keyword mk  (cost=0.00..81003.12 rows=2741703 width=4) (actual time=0.014..1577.611 rows=2733297 loops=1)
        Filter: (keyword_id < 7768)
        Rows Removed by Filter: 1790633
  ->  Hash  (cost=73925.90..73925.90 rows=1356688 width=4) (actual time=1889.291..1889.291 rows=1327781 loops=1)
        Buckets: 131072  Batches: 32  Memory Usage: 2485kB
        ->  Seq Scan on title t  (cost=0.00..73925.90 rows=1356688 width=4) (actual time=0.019..1450.404 rows=1327781 loops=1)
              Filter: ((production_year < 2012) AND (kind_id = 7))
              Rows Removed by Filter: 1200531
Planning time: 0.912 ms
Execution time: 5024.775 ms
