Hash Join  (cost=104131.46..181344.47 rows=431231 width=0) (actual time=2084.210..4035.101 rows=660428 loops=1)
  Hash Cond: (mc.movie_id = t.id)
  ->  Seq Scan on movie_companies mc  (cost=0.00..57926.93 rows=489752 width=4) (actual time=0.018..998.575 rows=699722 loops=1)
        Filter: ((company_id < 4706) AND (company_type_id < 2))
        Rows Removed by Filter: 1909407
  ->  Hash  (cost=67604.59..67604.59 rows=2226390 width=4) (actual time=2082.507..2082.507 rows=2224569 loops=1)
        Buckets: 131072  Batches: 32  Memory Usage: 3463kB
        ->  Seq Scan on title t  (cost=0.00..67604.59 rows=2226390 width=4) (actual time=0.006..1366.443 rows=2224569 loops=1)
              Filter: (production_year < 2012)
              Rows Removed by Filter: 303743
Planning time: 0.762 ms
Execution time: 4115.627 ms
