Seq Scan on movie_keyword mk  (cost=0.00..81003.12 rows=3584964 width=0) (actual time=0.019..1306.550 rows=3574433 loops=1)
  Filter: (keyword_id < 20003)
  Rows Removed by Filter: 949497
Planning time: 0.310 ms
Execution time: 1685.893 ms
