Hash Join  (cost=1079978.02..1311191.64 rows=7571584 width=0) (actual time=25998.395..39269.854 rows=35795390 loops=1)
  Hash Cond: (mk.movie_id = t.id)
  ->  Seq Scan on movie_keyword mk  (cost=0.00..69693.30 rows=4523930 width=4) (actual time=0.023..1538.522 rows=4523930 loops=1)
  ->  Hash  (cost=1010547.90..1010547.90 rows=4231930 width=8) (actual time=25997.126..25997.126 rows=7449297 loops=1)
        Buckets: 131072 (originally 131072)  Batches: 128 (originally 64)  Memory Usage: 3326kB
        ->  Hash Join  (cost=102767.86..1010547.90 rows=4231930 width=8) (actual time=2644.978..23775.615 rows=7449297 loops=1)
              Hash Cond: (ci.movie_id = t.id)
              ->  Seq Scan on cast_info ci  (cost=0.00..796071.18 rows=4231930 width=4) (actual time=197.601..14738.765 rows=7449297 loops=1)
                    Filter: ((person_id > 1489364) AND (role_id = 2))
                    Rows Removed by Filter: 28795047
              ->  Hash  (cost=61283.27..61283.27 rows=2528527 width=4) (actual time=2446.020..2446.020 rows=2528312 loops=1)
                    Buckets: 131072  Batches: 64  Memory Usage: 2415kB
                    ->  Seq Scan on title t  (cost=0.00..61283.27 rows=2528527 width=4) (actual time=0.015..1038.050 rows=2528312 loops=1)
Planning time: 1.344 ms
Execution time: 43388.550 ms
