Hash Join  (cost=221254.58..779906.23 rows=4091799 width=0) (actual time=4633.815..22514.015 rows=5614812 loops=1)
  Hash Cond: (mi.movie_id = t.id)
  ->  Seq Scan on movie_info mi  (cost=0.00..346232.03 rows=14592968 width=4) (actual time=0.026..7589.186 rows=14637966 loops=1)
        Filter: (info_type_id < 107)
        Rows Removed by Filter: 197754
  ->  Hash  (cost=209622.24..209622.24 rows=708987 width=8) (actual time=4632.735..4632.735 rows=382302 loops=1)
        Buckets: 131072  Batches: 16  Memory Usage: 1998kB
        ->  Hash Join  (cost=101224.08..209622.24 rows=708987 width=8) (actual time=2133.844..4519.011 rows=382302 loops=1)
              Hash Cond: (mk.movie_id = t.id)
              ->  Seq Scan on movie_keyword mk  (cost=0.00..81003.12 rows=1077434 width=4) (actual time=0.028..1511.233 rows=1088237 loops=1)
                    Filter: (keyword_id > 16264)
                    Rows Removed by Filter: 3435693
              ->  Hash  (cost=73925.90..73925.90 rows=1663854 width=4) (actual time=2128.873..2128.873 rows=1774110 loops=1)
                    Buckets: 131072  Batches: 32  Memory Usage: 2984kB
                    ->  Seq Scan on title t  (cost=0.00..73925.90 rows=1663854 width=4) (actual time=0.012..1553.298 rows=1774110 loops=1)
                          Filter: ((kind_id > 1) AND (production_year > 1955))
                          Rows Removed by Filter: 754202
Planning time: 1.117 ms
Execution time: 23129.679 ms
