Hash Join  (cost=70241.71..999592.66 rows=1163213 width=0) (actual time=1127.103..22862.431 rows=1102988 loops=1)
  Hash Cond: (ci.movie_id = t.id)
  ->  Seq Scan on cast_info ci  (cost=0.00..705507.15 rows=18299112 width=4) (actual time=5.159..14336.257 rows=18191662 loops=1)
        Filter: (person_id < 1806147)
        Rows Removed by Filter: 18052682
  ->  Hash  (cost=67604.59..67604.59 rows=160730 width=4) (actual time=1102.739..1102.739 rows=160017 loops=1)
        Buckets: 131072  Batches: 4  Memory Usage: 2436kB
        ->  Seq Scan on title t  (cost=0.00..67604.59 rows=160730 width=4) (actual time=0.036..1044.210 rows=160017 loops=1)
              Filter: (production_year = 2011)
              Rows Removed by Filter: 2368295
Planning time: 0.664 ms
Execution time: 22986.165 ms
