Seq Scan on movie_keyword mk  (cost=0.00..81003.12 rows=3626552 width=0) (actual time=0.025..1518.957 rows=3618974 loops=1)
  Filter: (keyword_id > 858)
  Rows Removed by Filter: 904956
Planning time: 0.297 ms
Execution time: 1957.880 ms
