Seq Scan on movie_keyword mk  (cost=0.00..81003.12 rows=4482430 width=0) (actual time=0.010..1544.435 rows=4485181 loops=1)
  Filter: (keyword_id > 43)
  Rows Removed by Filter: 38749
Planning time: 0.244 ms
Execution time: 2084.459 ms
