Seq Scan on title t  (cost=0.00..67604.59 rows=273081 width=0) (actual time=0.025..1161.487 rows=273902 loops=1)
  Filter: (production_year < 1963)
  Rows Removed by Filter: 2254410
Planning time: 0.307 ms
Execution time: 1198.261 ms
