Hash Join  (cost=261372.03..449077.72 rows=4005649 width=0) (actual time=6712.449..16980.227 rows=30903203 loops=1)
  Hash Cond: (mk.movie_id = t.id)
  ->  Seq Scan on movie_keyword mk  (cost=0.00..81003.12 rows=4043372 width=4) (actual time=0.012..1798.485 rows=4047211 loops=1)
        Filter: (keyword_id < 37475)
        Rows Removed by Filter: 476719
  ->  Hash  (cost=220275.32..220275.32 rows=2504937 width=8) (actual time=6711.350..6711.350 rows=2516709 loops=1)
        Buckets: 131072  Batches: 64  Memory Usage: 2636kB
        ->  Hash Join  (cost=107432.01..220275.32 rows=2504937 width=8) (actual time=2232.519..5943.976 rows=2516709 loops=1)
              Hash Cond: (mc.movie_id = t.id)
              ->  Seq Scan on movie_companies mc  (cost=0.00..44881.29 rows=2609129 width=4) (actual time=0.019..1101.448 rows=2609129 loops=1)
              ->  Hash  (cost=67604.59..67604.59 rows=2427554 width=4) (actual time=2231.676..2231.676 rows=2421168 loops=1)
                    Buckets: 131072  Batches: 32  Memory Usage: 3685kB
                    ->  Seq Scan on title t  (cost=0.00..67604.59 rows=2427554 width=4) (actual time=0.028..1467.058 rows=2421168 loops=1)
                          Filter: (production_year > 1911)
                          Rows Removed by Filter: 107144
Planning time: 1.037 ms
Execution time: 20188.287 ms
