Seq Scan on title t  (cost=0.00..67604.59 rows=2078618 width=0) (actual time=0.019..885.887 rows=2074788 loops=1)
  Filter: (production_year > 1970)
  Rows Removed by Filter: 453524
Planning time: 0.314 ms
Execution time: 1076.156 ms
