Hash Join  (cost=128733.99..651894.10 rows=1481798 width=0) (actual time=2922.800..15401.792 rows=1350756 loops=1)
  Hash Cond: (mi.movie_id = t.id)
  ->  Seq Scan on movie_info mi  (cost=0.00..346232.03 rows=13929354 width=4) (actual time=0.016..7147.652 rows=14033580 loops=1)
        Filter: (info_type_id > 1)
        Rows Removed by Filter: 802140
  ->  Hash  (cost=124320.69..124320.69 rows=268984 width=8) (actual time=2240.962..2240.962 rows=141291 loops=1)
        Buckets: 131072  Batches: 4  Memory Usage: 2423kB
        ->  Hash Join  (cost=82012.37..124320.69 rows=268984 width=8) (actual time=1466.338..2202.135 rows=141291 loops=1)
              Hash Cond: (mi_idx.movie_id = t.id)
              ->  Seq Scan on movie_info_idx mi_idx  (cost=0.00..21735.35 rows=1380035 width=4) (actual time=0.024..420.303 rows=1380035 loops=1)
              ->  Hash  (cost=73925.90..73925.90 rows=492837 width=4) (actual time=1171.250..1171.250 rows=379345 loops=1)
                    Buckets: 131072  Batches: 8  Memory Usage: 2677kB
                    ->  Seq Scan on title t  (cost=0.00..73925.90 rows=492837 width=4) (actual time=0.023..923.012 rows=379345 loops=1)
                          Filter: ((production_year < 1995) AND (kind_id = 7))
                          Rows Removed by Filter: 2148967
Planning time: 1.035 ms
Execution time: 15558.645 ms
