Hash Join  (cost=110006.11..595190.95 rows=504090 width=0) (actual time=2131.640..14048.485 rows=1681086 loops=1)
  Hash Cond: (mi.movie_id = t.id)
  ->  Seq Scan on movie_info mi  (cost=0.00..309384.22 rows=14739122 width=4) (actual time=0.025..5966.437 rows=14835720 loops=1)
  ->  Hash  (cost=108587.13..108587.13 rows=86478 width=8) (actual time=2130.708..2130.708 rows=95219 loops=1)
        Buckets: 131072  Batches: 2  Memory Usage: 2895kB
        ->  Hash Join  (cost=75321.41..108587.13 rows=86478 width=8) (actual time=1268.745..2094.203 rows=95219 loops=1)
              Hash Cond: (mi_idx.movie_id = t.id)
              ->  Seq Scan on movie_info_idx mi_idx  (cost=0.00..25185.44 rows=464934 width=4) (actual time=0.022..486.881 rows=460185 loops=1)
                    Filter: (info_type_id > 100)
                    Rows Removed by Filter: 919850
              ->  Hash  (cost=67604.59..67604.59 rows=470306 width=4) (actual time=1266.030..1266.030 rows=465563 loops=1)
                    Buckets: 131072  Batches: 8  Memory Usage: 3063kB
                    ->  Seq Scan on title t  (cost=0.00..67604.59 rows=470306 width=4) (actual time=0.019..1109.920 rows=465563 loops=1)
                          Filter: (production_year < 1977)
                          Rows Removed by Filter: 2062749
Planning time: 1.133 ms
Execution time: 14252.060 ms
