Seq Scan on movie_keyword mk  (cost=0.00..81003.12 rows=246 width=0) (actual time=4.942..1260.806 rows=1469 loops=1)
  Filter: (keyword_id = 2128)
  Rows Removed by Filter: 4522461
Planning time: 0.247 ms
Execution time: 1261.375 ms
