Seq Scan on cast_info ci  (cost=0.00..705507.15 rows=18038535 width=0) (actual time=3.243..13099.574 rows=17897089 loops=1)
  Filter: (person_id < 1773854)
  Rows Removed by Filter: 18347255
Planning time: 0.314 ms
Execution time: 15348.851 ms
