Hash Join  (cost=101399.05..921208.72 rows=147462 width=0) (actual time=1808.117..20996.251 rows=163956 loops=1)
  Hash Cond: (ci.movie_id = t.id)
  ->  Seq Scan on cast_info ci  (cost=0.00..705507.15 rows=30087427 width=4) (actual time=0.014..13499.708 rows=30034947 loops=1)
        Filter: (person_id < 3030107)
        Rows Removed by Filter: 6209397
  ->  Hash  (cost=101244.14..101244.14 rows=12393 width=8) (actual time=1807.798..1807.798 rows=6327 loops=1)
        Buckets: 16384  Batches: 1  Memory Usage: 376kB
        ->  Hash Join  (cost=74209.73..101244.14 rows=12393 width=8) (actual time=1136.418..1805.179 rows=6327 loops=1)
              Hash Cond: (mi_idx.movie_id = t.id)
              ->  Seq Scan on movie_info_idx mi_idx  (cost=0.00..21735.35 rows=1380035 width=4) (actual time=0.025..348.236 rows=1380035 loops=1)
              ->  Hash  (cost=73925.90..73925.90 rows=22706 width=4) (actual time=1135.938..1135.938 rows=25785 loops=1)
                    Buckets: 32768  Batches: 1  Memory Usage: 1163kB
                    ->  Seq Scan on title t  (cost=0.00..73925.90 rows=22706 width=4) (actual time=0.051..1124.673 rows=25785 loops=1)
                          Filter: ((kind_id < 4) AND (production_year > 2012))
                          Rows Removed by Filter: 2502527
Planning time: 2.639 ms
Execution time: 21023.408 ms
