Hash Join  (cost=150343.00..515275.28 rows=27636 width=0) (actual time=2349.090..9474.898 rows=261813 loops=1)
  Hash Cond: (mi.movie_id = t.id)
  ->  Seq Scan on movie_info mi  (cost=0.00..309384.22 rows=14739122 width=4) (actual time=0.014..4300.805 rows=14835720 loops=1)
  ->  Hash  (cost=150283.73..150283.73 rows=4741 width=8) (actual time=2348.212..2348.212 rows=3788 loops=1)
        Buckets: 8192  Batches: 1  Memory Usage: 212kB
        ->  Hash Join  (cost=68100.81..150283.73 rows=4741 width=8) (actual time=980.627..2346.423 rows=3788 loops=1)
              Hash Cond: (mk.movie_id = t.id)
              ->  Seq Scan on movie_keyword mk  (cost=0.00..81003.12 rows=301970 width=4) (actual time=0.026..1300.031 rows=297552 loops=1)
                    Filter: (keyword_id > 54154)
                    Rows Removed by Filter: 4226378
              ->  Hash  (cost=67604.59..67604.59 rows=39698 width=4) (actual time=980.109..980.109 rows=36437 loops=1)
                    Buckets: 65536  Batches: 1  Memory Usage: 1793kB
                    ->  Seq Scan on title t  (cost=0.00..67604.59 rows=39698 width=4) (actual time=0.021..964.412 rows=36437 loops=1)
                          Filter: (production_year = 1995)
                          Rows Removed by Filter: 2491875
Planning time: 1.192 ms
Execution time: 9505.720 ms
