Seq Scan on movie_companies mc  (cost=0.00..51404.11 rows=1324401 width=0) (actual time=0.018..974.097 rows=1333738 loops=1)
  Filter: (company_id > 11203)
  Rows Removed by Filter: 1275391
Planning time: 0.327 ms
Execution time: 1137.416 ms
