Hash Join  (cost=102767.86..1018823.20 rows=4575764 width=0) (actual time=3936.435..19053.238 rows=4378899 loops=1)
  Hash Cond: (ci.movie_id = t.id)
  ->  Seq Scan on cast_info ci  (cost=0.00..796071.18 rows=4575764 width=4) (actual time=2125.037..12981.461 rows=4378899 loops=1)
        Filter: ((person_id < 2303773) AND (role_id = 2))
        Rows Removed by Filter: 31865445
  ->  Hash  (cost=61283.27..61283.27 rows=2528527 width=4) (actual time=1810.056..1810.056 rows=2528312 loops=1)
        Buckets: 131072  Batches: 64  Memory Usage: 2415kB
        ->  Seq Scan on title t  (cost=0.00..61283.27 rows=2528527 width=4) (actual time=0.024..986.879 rows=2528312 loops=1)
Planning time: 0.719 ms
Execution time: 19559.259 ms
