Seq Scan on cast_info ci  (cost=0.00..705507.15 rows=15151850 width=0) (actual time=4411.443..12367.257 rows=15297830 loops=1)
  Filter: (person_id > 2111806)
  Rows Removed by Filter: 20946514
Planning time: 0.328 ms
Execution time: 14266.421 ms
