Seq Scan on movie_info mi  (cost=0.00..346232.03 rows=925089 width=0) (actual time=1444.522..5275.925 rows=975639 loops=1)
  Filter: (info_type_id > 91)
  Rows Removed by Filter: 13860081
Planning time: 0.335 ms
Execution time: 5405.004 ms
