Hash Join  (cost=335858.40..2022681.71 rows=50344710 width=0) (actual time=7862.489..80093.965 rows=167037949 loops=1)
  Hash Cond: (ci.movie_id = t.id)
  ->  Seq Scan on cast_info ci  (cost=0.00..614943.12 rows=36225612 width=4) (actual time=0.014..14279.924 rows=36244344 loops=1)
  ->  Hash  (cost=278206.00..278206.00 rows=3514032 width=8) (actual time=7860.793..7860.793 rows=3507161 loops=1)
        Buckets: 131072  Batches: 64  Memory Usage: 3187kB
        ->  Hash Join  (cost=102767.86..278206.00 rows=3514032 width=8) (actual time=1932.756..6828.563 rows=3507161 loops=1)
              Hash Cond: (mk.movie_id = t.id)
              ->  Seq Scan on movie_keyword mk  (cost=0.00..81003.12 rows=3514032 width=4) (actual time=0.016..1832.568 rows=3507161 loops=1)
                    Filter: (keyword_id < 17746)
                    Rows Removed by Filter: 1016769
              ->  Hash  (cost=61283.27..61283.27 rows=2528527 width=4) (actual time=1931.263..1931.263 rows=2528312 loops=1)
                    Buckets: 131072  Batches: 64  Memory Usage: 2425kB
                    ->  Seq Scan on title t  (cost=0.00..61283.27 rows=2528527 width=4) (actual time=0.020..1105.429 rows=2528312 loops=1)
Planning time: 1.115 ms
Execution time: 98673.980 ms
