Hash Join  (cost=80827.88..150800.75 rows=212857 width=0) (actual time=1492.501..2357.836 rows=123249 loops=1)
  Hash Cond: (mc.movie_id = t.id)
  ->  Seq Scan on movie_companies mc  (cost=0.00..51404.11 rows=1279517 width=4) (actual time=397.723..720.049 rows=1274246 loops=1)
        Filter: (company_type_id < 2)
        Rows Removed by Filter: 1334883
  ->  Hash  (cost=73925.90..73925.90 rows=420638 width=4) (actual time=1093.761..1093.761 rows=301535 loops=1)
        Buckets: 131072  Batches: 8  Memory Usage: 2337kB
        ->  Seq Scan on title t  (cost=0.00..73925.90 rows=420638 width=4) (actual time=0.352..1010.647 rows=301535 loops=1)
              Filter: ((production_year < 1990) AND (kind_id = 7))
              Rows Removed by Filter: 2226777
Planning time: 0.738 ms
Execution time: 2373.260 ms
