Hash Join  (cost=301514.78..1840020.12 rows=40314610 width=0) (actual time=7181.584..68767.069 rows=134508031 loops=1)
  Hash Cond: (ci.movie_id = t.id)
  ->  Seq Scan on cast_info ci  (cost=0.00..614943.12 rows=36225612 width=4) (actual time=0.016..13500.811 rows=36244344 loops=1)
  ->  Hash  (cost=255348.57..255348.57 rows=2813937 width=8) (actual time=7179.521..7179.521 rows=2351567 loops=1)
        Buckets: 131072  Batches: 64  Memory Usage: 2451kB
        ->  Hash Join  (cost=93408.25..255348.57 rows=2813937 width=8) (actual time=1891.599..6445.183 rows=2351567 loops=1)
              Hash Cond: (mk.movie_id = t.id)
              ->  Seq Scan on movie_keyword mk  (cost=0.00..69693.30 rows=4523930 width=4) (actual time=0.016..1387.476 rows=4523930 loops=1)
              ->  Hash  (cost=67604.59..67604.59 rows=1572773 width=4) (actual time=1890.369..1890.369 rows=1570568 loops=1)
                    Buckets: 131072  Batches: 32  Memory Usage: 2759kB
                    ->  Seq Scan on title t  (cost=0.00..67604.59 rows=1572773 width=4) (actual time=0.017..1332.450 rows=1570568 loops=1)
                          Filter: (production_year > 1996)
                          Rows Removed by Filter: 957744
Planning time: 0.846 ms
Execution time: 82807.620 ms
