Hash Join  (cost=188224.42..319734.06 rows=780360 width=0) (actual time=4304.136..9750.181 rows=10425427 loops=1)
  Hash Cond: (mk.movie_id = t.id)
  ->  Seq Scan on movie_keyword mk  (cost=0.00..69693.30 rows=4523930 width=4) (actual time=0.024..1389.465 rows=4523930 loops=1)
  ->  Hash  (cost=181068.41..181068.41 rows=436161 width=8) (actual time=4303.094..4303.094 rows=627824 loops=1)
        Buckets: 131072 (originally 131072)  Batches: 16 (originally 8)  Memory Usage: 3073kB
        ->  Hash Join  (cost=102767.86..181068.41 rows=436161 width=8) (actual time=2480.719..4097.973 rows=627824 loops=1)
              Hash Cond: (mc.movie_id = t.id)
              ->  Seq Scan on movie_companies mc  (cost=0.00..57926.93 rows=436161 width=4) (actual time=307.955..966.148 rows=627824 loops=1)
                    Filter: ((company_id < 2690) AND (company_type_id = 1))
                    Rows Removed by Filter: 1981305
              ->  Hash  (cost=61283.27..61283.27 rows=2528527 width=4) (actual time=2171.494..2171.494 rows=2528312 loops=1)
                    Buckets: 131072  Batches: 64  Memory Usage: 2415kB
                    ->  Seq Scan on title t  (cost=0.00..61283.27 rows=2528527 width=4) (actual time=0.022..996.541 rows=2528312 loops=1)
Planning time: 1.121 ms
Execution time: 10796.366 ms
