Hash Join  (cost=190230.21..273759.12 rows=857207 width=0) (actual time=4149.748..6906.793 rows=2567422 loops=1)
  Hash Cond: (mc.movie_id = t.id)
  ->  Seq Scan on movie_companies mc  (cost=0.00..51404.11 rows=1570592 width=4) (actual time=0.025..1079.059 rows=1561624 loops=1)
        Filter: (company_id < 15032)
        Rows Removed by Filter: 1047505
  ->  Hash  (cost=167588.78..167588.78 rows=1380035 width=8) (actual time=4148.897..4148.897 rows=1380035 loops=1)
        Buckets: 131072  Batches: 32  Memory Usage: 2708kB
        ->  Hash Join  (cost=102767.86..167588.78 rows=1380035 width=8) (actual time=1872.422..3776.452 rows=1380035 loops=1)
              Hash Cond: (mi_idx.movie_id = t.id)
              ->  Seq Scan on movie_info_idx mi_idx  (cost=0.00..21735.35 rows=1380035 width=4) (actual time=0.025..503.950 rows=1380035 loops=1)
              ->  Hash  (cost=61283.27..61283.27 rows=2528527 width=4) (actual time=1871.233..1871.233 rows=2528312 loops=1)
                    Buckets: 131072  Batches: 64  Memory Usage: 2415kB
                    ->  Seq Scan on title t  (cost=0.00..61283.27 rows=2528527 width=4) (actual time=0.015..1034.276 rows=2528312 loops=1)
Planning time: 1.107 ms
Execution time: 7232.693 ms
