Hash Join  (cost=58358.98..409331.71 rows=23 width=0) (actual time=1312.390..6274.776 rows=4 loops=1)
  Hash Cond: (mi.movie_id = t.id)
  ->  Seq Scan on movie_info mi  (cost=0.00..346232.03 rows=1264125 width=4) (actual time=127.123..5234.520 rows=1288928 loops=1)
        Filter: (info_type_id = 2)
        Rows Removed by Filter: 13546792
  ->  Hash  (cost=58358.39..58358.39 rows=47 width=8) (actual time=864.354..864.354 rows=4 loops=1)
        Buckets: 1024  Batches: 1  Memory Usage: 9kB
        ->  Nested Loop  (cost=0.43..58358.39 rows=47 width=8) (actual time=231.536..864.342 rows=4 loops=1)
              ->  Seq Scan on movie_companies mc  (cost=0.00..57926.93 rows=51 width=4) (actual time=231.475..864.160 rows=4 loops=1)
                    Filter: ((company_type_id < 2) AND (company_id = 36079))
                    Rows Removed by Filter: 2609125
              ->  Index Scan using title_pkey on title t  (cost=0.43..8.45 rows=1 width=4) (actual time=0.040..0.041 rows=1 loops=4)
                    Index Cond: (id = mc.movie_id)
                    Filter: (production_year > 1932)
Planning time: 1.218 ms
Execution time: 6274.944 ms
