Seq Scan on title t  (cost=0.00..73925.90 rows=1154950 width=0) (actual time=0.017..1346.182 rows=1267884 loops=1)
  Filter: ((kind_id > 2) AND (production_year > 1994))
  Rows Removed by Filter: 1260428
Planning time: 0.242 ms
Execution time: 1501.230 ms
