Seq Scan on movie_keyword mk  (cost=0.00..81003.12 rows=3722806 width=0) (actual time=0.025..1526.110 rows=3716866 loops=1)
  Filter: (keyword_id < 22941)
  Rows Removed by Filter: 807064
Planning time: 0.342 ms
Execution time: 1975.377 ms
