Seq Scan on movie_keyword mk  (cost=0.00..81003.12 rows=2240530 width=0) (actual time=0.019..1213.487 rows=2238368 loops=1)
  Filter: (keyword_id > 4851)
  Rows Removed by Filter: 2285562
Planning time: 0.197 ms
Execution time: 1452.319 ms
