Hash Join  (cost=81714.14..214063.57 rows=849239 width=0) (actual time=1401.677..4992.177 rows=1533763 loops=1)
  Hash Cond: (mk.movie_id = t.id)
  ->  Seq Scan on movie_keyword mk  (cost=0.00..69693.30 rows=4523930 width=4) (actual time=0.023..1452.637 rows=4523930 loops=1)
  ->  Hash  (cost=73925.90..73925.90 rows=474659 width=4) (actual time=1400.772..1400.772 rows=345685 loops=1)
        Buckets: 131072  Batches: 8  Memory Usage: 2556kB
        ->  Seq Scan on title t  (cost=0.00..73925.90 rows=474659 width=4) (actual time=229.731..1282.752 rows=345685 loops=1)
              Filter: ((kind_id < 2) AND (production_year > 1988))
              Rows Removed by Filter: 2182627
Planning time: 0.735 ms
Execution time: 5155.993 ms
