Hash Join  (cost=179202.66..1379972.25 rows=16253441 width=0) (actual time=4101.566..44550.293 rows=35466126 loops=1)
  Hash Cond: (ci.movie_id = t.id)
  ->  Seq Scan on cast_info ci  (cost=0.00..614943.12 rows=36225612 width=4) (actual time=0.007..13277.652 rows=36244344 loops=1)
  ->  Hash  (cost=160589.65..160589.65 rows=1134481 width=8) (actual time=4100.602..4100.602 rows=1152401 loops=1)
        Buckets: 131072  Batches: 16  Memory Usage: 3845kB
        ->  Hash Join  (cost=101707.31..160589.65 rows=1134481 width=8) (actual time=1928.021..3763.646 rows=1152401 loops=1)
              Hash Cond: (mi_idx.movie_id = t.id)
              ->  Seq Scan on movie_info_idx mi_idx  (cost=0.00..21735.35 rows=1380035 width=4) (actual time=0.025..451.735 rows=1380035 loops=1)
              ->  Hash  (cost=67604.59..67604.59 rows=2078618 width=4) (actual time=1926.461..1926.461 rows=2074788 loops=1)
                    Buckets: 131072  Batches: 32  Memory Usage: 3309kB
                    ->  Seq Scan on title t  (cost=0.00..67604.59 rows=2078618 width=4) (actual time=0.018..1256.594 rows=2074788 loops=1)
                          Filter: (production_year > 1970)
                          Rows Removed by Filter: 453524
Planning time: 1.179 ms
Execution time: 48585.591 ms
