Hash Join  (cost=102767.86..1151369.59 rows=13847913 width=0) (actual time=1853.845..27224.566 rows=14024065 loops=1)
  Hash Cond: (ci.movie_id = t.id)
  ->  Seq Scan on cast_info ci  (cost=0.00..705507.15 rows=13847913 width=4) (actual time=0.019..13581.019 rows=14024065 loops=1)
        Filter: (person_id > 2264160)
        Rows Removed by Filter: 22220279
  ->  Hash  (cost=61283.27..61283.27 rows=2528527 width=4) (actual time=1852.250..1852.250 rows=2528312 loops=1)
        Buckets: 131072  Batches: 64  Memory Usage: 2415kB
        ->  Seq Scan on title t  (cost=0.00..61283.27 rows=2528527 width=4) (actual time=0.007..1003.696 rows=2528312 loops=1)
Planning time: 4.054 ms
Execution time: 28817.450 ms
