Seq Scan on movie_keyword mk  (cost=0.00..81003.12 rows=3498846 width=0) (actual time=0.032..1670.481 rows=3495329 loops=1)
  Filter: (keyword_id < 17309)
  Rows Removed by Filter: 1028601
Planning time: 4.440 ms
Execution time: 2095.822 ms
