Hash Join  (cost=88123.34..986004.11 rows=2247875 width=0) (actual time=2831.838..16185.028 rows=1000860 loops=1)
  Hash Cond: (ci.movie_id = t.id)
  ->  Seq Scan on cast_info ci  (cost=0.00..796071.18 rows=6568489 width=4) (actual time=1339.138..12947.472 rows=2783165 loops=1)
        Filter: ((person_id < 977106) AND (role_id > 1))
        Rows Removed by Filter: 33461179
  ->  Hash  (cost=73925.90..73925.90 rows=865315 width=4) (actual time=1476.185..1476.185 rows=778683 loops=1)
        Buckets: 131072  Batches: 16  Memory Usage: 2738kB
        ->  Seq Scan on title t  (cost=0.00..73925.90 rows=865315 width=4) (actual time=0.034..1233.760 rows=778683 loops=1)
              Filter: ((kind_id < 7) AND (production_year > 1960))
              Rows Removed by Filter: 1749629
Planning time: 5.343 ms
Execution time: 16289.491 ms
