Hash Join  (cost=76263.51..201213.56 rows=201581 width=0) (actual time=1183.839..3711.406 rows=30632 loops=1)
  Hash Cond: (mk.movie_id = t.id)
  ->  Seq Scan on movie_keyword mk  (cost=0.00..81003.12 rows=3578166 width=4) (actual time=0.020..1459.428 rows=3564636 loops=1)
        Filter: (keyword_id < 19805)
        Rows Removed by Filter: 959294
  ->  Hash  (cost=73925.90..73925.90 rows=142448 width=4) (actual time=1178.388..1178.388 rows=151188 loops=1)
        Buckets: 131072  Batches: 2  Memory Usage: 3688kB
        ->  Seq Scan on title t  (cost=0.00..73925.90 rows=142448 width=4) (actual time=0.015..1120.444 rows=151188 loops=1)
              Filter: ((kind_id > 4) AND (production_year > 2011))
              Rows Removed by Filter: 2377124
Planning time: 0.710 ms
Execution time: 3714.998 ms
