Hash Join  (cost=139597.14..267257.62 rows=693589 width=0) (actual time=3787.447..8331.953 rows=6731934 loops=1)
  Hash Cond: (mk.movie_id = t.id)
  ->  Seq Scan on movie_keyword mk  (cost=0.00..81003.12 rows=3253193 width=4) (actual time=0.021..1715.326 rows=3244350 loops=1)
        Filter: (keyword_id > 1651)
        Rows Removed by Filter: 1279580
  ->  Hash  (cost=130752.54..130752.54 rows=539088 width=8) (actual time=3786.572..3786.572 rows=954317 loops=1)
        Buckets: 131072 (originally 131072)  Batches: 16 (originally 8)  Memory Usage: 3370kB
        ->  Hash Join  (cost=83810.17..130752.54 rows=539088 width=8) (actual time=1529.962..3521.041 rows=954317 loops=1)
              Hash Cond: (mi_idx.movie_id = t.id)
              ->  Seq Scan on movie_info_idx mi_idx  (cost=0.00..21735.35 rows=1380035 width=4) (actual time=0.022..414.656 rows=1380035 loops=1)
              ->  Hash  (cost=67604.59..67604.59 rows=987727 width=4) (actual time=1529.104..1529.104 rows=985048 loops=1)
                    Buckets: 131072  Batches: 16  Memory Usage: 3188kB
                    ->  Seq Scan on title t  (cost=0.00..67604.59 rows=987727 width=4) (actual time=0.021..1225.297 rows=985048 loops=1)
                          Filter: (kind_id < 7)
                          Rows Removed by Filter: 1543264
Planning time: 3.317 ms
Execution time: 9015.523 ms
