Nested Loop  (cost=0.43..83072.29 rows=162 width=0) (actual time=3.459..1239.715 rows=126 loops=1)
  ->  Seq Scan on movie_keyword mk  (cost=0.00..81003.12 rows=246 width=4) (actual time=3.399..1226.392 rows=161 loops=1)
        Filter: (keyword_id = 10707)
        Rows Removed by Filter: 4523769
  ->  Index Scan using title_pkey on title t  (cost=0.43..8.40 rows=1 width=4) (actual time=0.079..0.079 rows=1 loops=161)
        Index Cond: (id = mk.movie_id)
        Filter: (production_year < 2008)
        Rows Removed by Filter: 0
Planning time: 0.547 ms
Execution time: 1239.906 ms
