Hash Join  (cost=98137.04..1300990.46 rows=17880529 width=0) (actual time=1976.095..35953.737 rows=17600977 loops=1)
  Hash Cond: (ci.movie_id = t.id)
  ->  Seq Scan on cast_info ci  (cost=0.00..705507.15 rows=24294196 width=4) (actual time=0.018..15415.562 rows=24396287 loops=1)
        Filter: (person_id > 1164062)
        Rows Removed by Filter: 11848057
  ->  Hash  (cost=67604.59..67604.59 rows=1860996 width=4) (actual time=1975.109..1975.109 rows=1865487 loops=1)
        Buckets: 131072  Batches: 32  Memory Usage: 3079kB
        ->  Seq Scan on title t  (cost=0.00..67604.59 rows=1860996 width=4) (actual time=0.014..1400.656 rows=1865487 loops=1)
              Filter: (kind_id > 1)
              Rows Removed by Filter: 662825
Planning time: 0.807 ms
Execution time: 37888.558 ms
