Seq Scan on cast_info ci  (cost=0.00..796071.18 rows=7778083 width=0) (actual time=3571.880..15508.634 rows=4120036 loops=1)
  Filter: ((person_id < 3002150) AND (role_id > 4))
  Rows Removed by Filter: 32124308
Planning time: 0.361 ms
Execution time: 16009.444 ms
