Hash Join  (cost=94666.80..244770.38 rows=2113843 width=0) (actual time=1890.418..5847.499 rows=1780371 loops=1)
  Hash Cond: (mk.movie_id = t.id)
  ->  Seq Scan on movie_keyword mk  (cost=0.00..81003.12 rows=3240406 width=4) (actual time=0.014..1804.731 rows=3226888 loops=1)
        Filter: (keyword_id > 1683)
        Rows Removed by Filter: 1297042
  ->  Hash  (cost=67604.59..67604.59 rows=1649457 width=4) (actual time=1888.930..1888.930 rows=1643514 loops=1)
        Buckets: 131072  Batches: 32  Memory Usage: 2839kB
        ->  Seq Scan on title t  (cost=0.00..67604.59 rows=1649457 width=4) (actual time=0.010..1338.197 rows=1643514 loops=1)
              Filter: (production_year > 1994)
              Rows Removed by Filter: 884798
Planning time: 0.540 ms
Execution time: 6030.893 ms
