Hash Join  (cost=204955.20..349739.14 rows=1869890 width=0) (actual time=5214.039..14220.442 rows=24923953 loops=1)
  Hash Cond: (mk.movie_id = t.id)
  ->  Seq Scan on movie_keyword mk  (cost=0.00..69693.30 rows=4523930 width=4) (actual time=0.020..1492.850 rows=4523930 loops=1)
  ->  Hash  (cost=187808.15..187808.15 rows=1045124 width=8) (actual time=5212.984..5212.984 rows=1151325 loops=1)
        Buckets: 131072  Batches: 16  Memory Usage: 3897kB
        ->  Hash Join  (cost=101489.21..187808.15 rows=1045124 width=8) (actual time=2566.787..4838.762 rows=1151325 loops=1)
              Hash Cond: (mc.movie_id = t.id)
              ->  Seq Scan on movie_companies mc  (cost=0.00..51404.11 rows=1279517 width=4) (actual time=214.230..1082.185 rows=1274246 loops=1)
                    Filter: (company_type_id = 1)
                    Rows Removed by Filter: 1334883
              ->  Hash  (cost=67604.59..67604.59 rows=2065330 width=4) (actual time=2351.713..2351.713 rows=2064552 loops=1)
                    Buckets: 131072  Batches: 32  Memory Usage: 3289kB
                    ->  Seq Scan on title t  (cost=0.00..67604.59 rows=2065330 width=4) (actual time=0.041..1389.783 rows=2064552 loops=1)
                          Filter: (production_year < 2011)
                          Rows Removed by Filter: 463760
Planning time: 11.638 ms
Execution time: 16903.021 ms
