Seq Scan on cast_info ci  (cost=0.00..796071.18 rows=8224208 width=0) (actual time=0.024..14133.183 rows=3432530 loops=1)
  Filter: ((person_id > 1260716) AND (role_id = 1))
  Rows Removed by Filter: 32811814
Planning time: 0.435 ms
Execution time: 14528.381 ms
