Nested Loop  (cost=0.43..65685.63 rows=3 width=0) (actual time=459.750..711.629 rows=1 loops=1)
  ->  Seq Scan on movie_companies mc  (cost=0.00..57926.93 rows=945 width=4) (actual time=1.164..532.259 rows=743 loops=1)
        Filter: ((company_id < 6) AND (company_type_id = 2))
        Rows Removed by Filter: 2608386
  ->  Index Scan using title_pkey on title t  (cost=0.43..8.20 rows=1 width=4) (actual time=0.241..0.241 rows=0 loops=743)
        Index Cond: (id = mc.movie_id)
        Filter: (production_year = 1978)
        Rows Removed by Filter: 1
Planning time: 0.829 ms
Execution time: 711.733 ms
