Seq Scan on cast_info ci  (cost=0.00..705507.15 rows=500 width=0) (actual time=8363.878..10838.267 rows=1637 loops=1)
  Filter: (person_id = 2432728)
  Rows Removed by Filter: 36242707
Planning time: 0.389 ms
Execution time: 10838.577 ms
