Seq Scan on title t  (cost=0.00..73925.90 rows=1226204 width=94) (actual time=0.029..1176.532 rows=1351187 loops=1)
  Filter: ((kind_id > 3) AND (production_year > 1985))
  Rows Removed by Filter: 1177125
Planning time: 0.517 ms
Execution time: 1235.939 ms
