Hash Join  (cost=1071594.56..1934294.34 rows=28977924 width=0) (actual time=27264.920..73947.061 rows=132208866 loops=1)
  Hash Cond: (mi.movie_id = t.id)
  ->  Seq Scan on movie_info mi  (cost=0.00..309384.22 rows=14739122 width=4) (actual time=0.023..6059.194 rows=14835720 loops=1)
  ->  Hash  (cost=990035.27..990035.27 rows=4971223 width=8) (actual time=27262.598..27262.598 rows=5440084 loops=1)
        Buckets: 131072  Batches: 128  Memory Usage: 2806kB
        ->  Hash Join  (cost=83810.17..990035.27 rows=4971223 width=8) (actual time=1483.714..25631.413 rows=5440084 loops=1)
              Hash Cond: (ci.movie_id = t.id)
              ->  Seq Scan on cast_info ci  (cost=0.00..705507.15 rows=12726058 width=4) (actual time=0.022..15102.481 rows=12670688 loops=1)
                    Filter: (role_id < 2)
                    Rows Removed by Filter: 23573656
              ->  Hash  (cost=67604.59..67604.59 rows=987727 width=4) (actual time=1482.588..1482.588 rows=985048 loops=1)
                    Buckets: 131072  Batches: 16  Memory Usage: 3188kB
                    ->  Seq Scan on title t  (cost=0.00..67604.59 rows=987727 width=4) (actual time=0.030..1179.559 rows=985048 loops=1)
                          Filter: (kind_id < 7)
                          Rows Removed by Filter: 1543264
Planning time: 1.330 ms
Execution time: 88022.988 ms
