Hash Join  (cost=797556.62..824467.12 rows=2 width=0) (actual time=12079.760..12342.814 rows=3 loops=1)
  Hash Cond: (mi_idx.movie_id = t.id)
  ->  Seq Scan on movie_info_idx mi_idx  (cost=0.00..21735.35 rows=1380035 width=4) (actual time=0.009..297.736 rows=1380035 loops=1)
  ->  Hash  (cost=797556.58..797556.58 rows=3 width=8) (actual time=11804.301..11804.301 rows=1 loops=1)
        Buckets: 1024  Batches: 1  Memory Usage: 9kB
        ->  Nested Loop  (cost=0.43..797556.58 rows=3 width=8) (actual time=4207.795..11804.288 rows=1 loops=1)
              ->  Seq Scan on cast_info ci  (cost=0.00..796071.18 rows=176 width=4) (actual time=4207.397..11787.885 rows=1608 loops=1)
                    Filter: ((person_id = 1119033) AND (role_id = 1))
                    Rows Removed by Filter: 36242736
              ->  Index Scan using title_pkey on title t  (cost=0.43..8.43 rows=1 width=4) (actual time=0.010..0.010 rows=0 loops=1608)
                    Index Cond: (id = ci.movie_id)
                    Filter: ((kind_id < 4) AND (production_year = 2007))
                    Rows Removed by Filter: 1
Planning time: 2.046 ms
Execution time: 12342.968 ms
