Seq Scan on cast_info ci  (cost=0.00..705507.15 rows=4238639 width=0) (actual time=1660.237..11031.088 rows=4291332 loops=1)
  Filter: (person_id > 3275162)
  Rows Removed by Filter: 31953012
Planning time: 0.332 ms
Execution time: 11495.157 ms
