Seq Scan on movie_info mi  (cost=0.00..346232.03 rows=952493 width=0) (actual time=907.022..5446.947 rows=1000392 loops=1)
  Filter: (info_type_id > 88)
  Rows Removed by Filter: 13835328
Planning time: 0.381 ms
Execution time: 5578.219 ms
