Hash Join  (cost=92883.59..1412798.85 rows=19609030 width=0) (actual time=1873.166..42252.407 rows=19132682 loops=1)
  Hash Cond: (ci.movie_id = t.id)
  ->  Seq Scan on cast_info ci  (cost=0.00..705507.15 rows=32179363 width=4) (actual time=186.866..16669.627 rows=32318699 loops=1)
        Filter: (person_id > 375978)
        Rows Removed by Filter: 3925645
  ->  Hash  (cost=67604.59..67604.59 rows=1540800 width=4) (actual time=1684.850..1684.850 rows=1543264 loops=1)
        Buckets: 131072  Batches: 32  Memory Usage: 2722kB
        ->  Seq Scan on title t  (cost=0.00..67604.59 rows=1540800 width=4) (actual time=0.026..1172.139 rows=1543264 loops=1)
              Filter: (kind_id = 7)
              Rows Removed by Filter: 985048
Planning time: 0.760 ms
Execution time: 44451.715 ms
