Seq Scan on movie_companies mc  (cost=0.00..51404.11 rows=933055 width=0) (actual time=0.017..818.102 rows=941384 loops=1)
  Filter: (company_id > 18966)
  Rows Removed by Filter: 1667745
Planning time: 0.295 ms
Execution time: 920.434 ms
