Seq Scan on movie_companies mc  (cost=0.00..51404.11 rows=3044 width=0) (actual time=30.689..889.999 rows=3415 loops=1)
  Filter: (company_id = 122)
  Rows Removed by Filter: 2605714
Planning time: 0.385 ms
Execution time: 890.547 ms
