Seq Scan on movie_keyword mk  (cost=0.00..81003.12 rows=246 width=0) (actual time=8.056..1298.761 rows=3 loops=1)
  Filter: (keyword_id = 95798)
  Rows Removed by Filter: 4523927
Planning time: 0.360 ms
Execution time: 1298.840 ms
