Hash Join  (cost=132719.82..1085386.35 rows=2143540 width=0) (actual time=6122.372..25846.777 rows=2483016 loops=1)
  Hash Cond: (ci.movie_id = t.id)
  ->  Seq Scan on cast_info ci  (cost=0.00..705507.15 rows=19427739 width=4) (actual time=3190.964..14329.945 rows=19595516 loops=1)
        Filter: (person_id > 1648730)
        Rows Removed by Filter: 16648828
  ->  Hash  (cost=128142.54..128142.54 rows=278982 width=8) (actual time=2930.338..2930.338 rows=157734 loops=1)
        Buckets: 131072  Batches: 4  Memory Usage: 2576kB
        ->  Hash Join  (cost=86573.65..128142.54 rows=278982 width=8) (actual time=1948.765..2887.355 rows=157734 loops=1)
              Hash Cond: (mi_idx.movie_id = t.id)
              ->  Seq Scan on movie_info_idx mi_idx  (cost=0.00..25185.44 rows=915101 width=4) (actual time=0.020..601.189 rows=919850 loops=1)
                    Filter: (info_type_id < 101)
                    Rows Removed by Filter: 460185
              ->  Hash  (cost=73925.90..73925.90 rows=770860 width=4) (actual time=1437.892..1437.892 rows=682281 loops=1)
                    Buckets: 131072  Batches: 16  Memory Usage: 2522kB
                    ->  Seq Scan on title t  (cost=0.00..73925.90 rows=770860 width=4) (actual time=228.160..1214.188 rows=682281 loops=1)
                          Filter: ((production_year < 2004) AND (kind_id = 7))
                          Rows Removed by Filter: 1846031
Planning time: 1.227 ms
Execution time: 26135.125 ms
