Hash Join  (cost=101680.83..188671.63 rows=33277 width=0) (actual time=2262.843..3884.645 rows=41928 loops=1)
  Hash Cond: (mk.movie_id = t.id)
  ->  Seq Scan on movie_keyword mk  (cost=0.00..69693.30 rows=4523930 width=4) (actual time=0.019..1054.781 rows=4523930 loops=1)
  ->  Hash  (cost=101448.34..101448.34 rows=18599 width=8) (actual time=1954.411..1954.411 rows=16122 loops=1)
        Buckets: 32768  Batches: 1  Memory Usage: 886kB
        ->  Hash Join  (cost=74351.87..101448.34 rows=18599 width=8) (actual time=1301.093..1948.475 rows=16122 loops=1)
              Hash Cond: (mi_idx.movie_id = t.id)
              ->  Seq Scan on movie_info_idx mi_idx  (cost=0.00..21735.35 rows=1380035 width=4) (actual time=0.016..280.535 rows=1380035 loops=1)
              ->  Hash  (cost=73925.90..73925.90 rows=34077 width=4) (actual time=1300.645..1300.645 rows=85258 loops=1)
                    Buckets: 131072 (originally 65536)  Batches: 1 (originally 1)  Memory Usage: 4022kB
                    ->  Seq Scan on title t  (cost=0.00..73925.90 rows=34077 width=4) (actual time=15.398..1267.571 rows=85258 loops=1)
                          Filter: ((kind_id < 7) AND (production_year < 1920))
                          Rows Removed by Filter: 2443054
Planning time: 1.179 ms
Execution time: 3890.642 ms
