Hash Join  (cost=78473.92..599486.27 rows=3861842 width=0) (actual time=1313.669..15143.540 rows=3121272 loops=1)
  Hash Cond: (mi.movie_id = t.id)
  ->  Seq Scan on movie_info mi  (cost=0.00..309384.22 rows=14739122 width=4) (actual time=0.018..5819.262 rows=14835720 loops=1)
  ->  Hash  (cost=67604.59..67604.59 rows=662507 width=4) (actual time=1312.600..1312.600 rows=662065 loops=1)
        Buckets: 131072  Batches: 16  Memory Usage: 2487kB
        ->  Seq Scan on title t  (cost=0.00..67604.59 rows=662507 width=4) (actual time=0.018..1094.217 rows=662065 loops=1)
              Filter: (production_year > 2008)
              Rows Removed by Filter: 1866247
Planning time: 0.727 ms
Execution time: 15494.159 ms
