Seq Scan on movie_keyword mk  (cost=0.00..81003.12 rows=133911 width=0) (actual time=0.020..1331.460 rows=130737 loops=1)
  Filter: (keyword_id > 76297)
  Rows Removed by Filter: 4393193
Planning time: 0.332 ms
Execution time: 1349.394 ms
