Seq Scan on movie_companies mc  (cost=0.00..57926.93 rows=939939 width=0) (actual time=0.029..864.706 rows=624777 loops=1)
  Filter: ((company_id < 33967) AND (company_type_id = 2))
  Rows Removed by Filter: 1984352
Planning time: 0.403 ms
Execution time: 927.758 ms
