Hash Join  (cost=67942.77..123652.43 rows=11944 width=0) (actual time=1134.201..2281.814 rows=12789 loops=1)
  Hash Cond: (mc.movie_id = t.id)
  ->  Seq Scan on movie_companies mc  (cost=0.00..51404.11 rows=1116295 width=4) (actual time=0.021..878.427 rows=1113656 loops=1)
        Filter: (company_id < 7851)
        Rows Removed by Filter: 1495473
  ->  Hash  (cost=67604.59..67604.59 rows=27055 width=4) (actual time=1133.713..1133.713 rows=26775 loops=1)
        Buckets: 32768  Batches: 1  Memory Usage: 1198kB
        ->  Seq Scan on title t  (cost=0.00..67604.59 rows=27055 width=4) (actual time=0.023..1122.334 rows=26775 loops=1)
              Filter: (production_year = 1993)
              Rows Removed by Filter: 2501537
Planning time: 3.646 ms
Execution time: 2283.936 ms
