Seq Scan on cast_info ci  (cost=0.00..796071.18 rows=224 width=0) (actual time=9893.785..13663.877 rows=114 loops=1)
  Filter: ((role_id > 2) AND (person_id = 3077104))
  Rows Removed by Filter: 36244230
Planning time: 0.467 ms
Execution time: 13663.994 ms
