Hash Join  (cost=70308.29..1180673.05 rows=2156612 width=0) (actual time=1246.335..32557.940 rows=2155279 loops=1)
  Hash Cond: (ci.movie_id = t.id)
  ->  Seq Scan on cast_info ci  (cost=0.00..705507.15 rows=33093730 width=4) (actual time=0.026..16582.900 rows=33061136 loops=1)
        Filter: (person_id < 3475181)
        Rows Removed by Filter: 3183208
  ->  Hash  (cost=67604.59..67604.59 rows=164776 width=4) (actual time=1245.291..1245.291 rows=164307 loops=1)
        Buckets: 131072  Batches: 4  Memory Usage: 2482kB
        ->  Seq Scan on title t  (cost=0.00..67604.59 rows=164776 width=4) (actual time=0.031..1187.274 rows=164307 loops=1)
              Filter: (production_year = 2012)
              Rows Removed by Filter: 2364005
Planning time: 0.770 ms
Execution time: 32838.156 ms
