Hash Join  (cost=493240.56..635386.33 rows=1653374 width=0) (actual time=9680.925..14939.471 rows=6866087 loops=1)
  Hash Cond: (mk.movie_id = t.id)
  ->  Seq Scan on movie_keyword mk  (cost=0.00..69693.30 rows=4523930 width=4) (actual time=0.010..1298.646 rows=4523930 loops=1)
  ->  Hash  (cost=478079.21..478079.21 rows=924108 width=8) (actual time=9679.662..9679.662 rows=1224671 loops=1)
        Buckets: 131072  Batches: 16  Memory Usage: 4024kB
        ->  Hash Join  (cost=78183.26..478079.21 rows=924108 width=8) (actual time=3846.538..9295.387 rows=1224671 loops=1)
              Hash Cond: (mi.movie_id = t.id)
              ->  Seq Scan on movie_info mi  (cost=0.00..346232.03 rows=3623957 width=4) (actual time=2471.887..5380.020 rows=3624977 loops=1)
                    Filter: (info_type_id < 4)
                    Rows Removed by Filter: 11210743
              ->  Hash  (cost=67604.59..67604.59 rows=644774 width=4) (actual time=1373.551..1373.551 rows=642973 loops=1)
                    Buckets: 131072  Batches: 16  Memory Usage: 2439kB
                    ->  Seq Scan on title t  (cost=0.00..67604.59 rows=644774 width=4) (actual time=0.037..1155.808 rows=642973 loops=1)
                          Filter: (production_year < 1988)
                          Rows Removed by Filter: 1885339
Planning time: 0.759 ms
Execution time: 15719.776 ms
