Hash Join  (cost=83810.17..219039.10 rows=1271891 width=0) (actual time=1758.433..5741.243 rows=2803165 loops=1)
  Hash Cond: (mk.movie_id = t.id)
  ->  Seq Scan on movie_keyword mk  (cost=0.00..81003.12 rows=3255970 width=4) (actual time=0.013..1712.434 rows=3247231 loops=1)
        Filter: (keyword_id < 13899)
        Rows Removed by Filter: 1276699
  ->  Hash  (cost=67604.59..67604.59 rows=987727 width=4) (actual time=1757.716..1757.716 rows=985048 loops=1)
        Buckets: 131072  Batches: 16  Memory Usage: 3197kB
        ->  Seq Scan on title t  (cost=0.00..67604.59 rows=987727 width=4) (actual time=0.019..1195.246 rows=985048 loops=1)
              Filter: (kind_id < 7)
              Rows Removed by Filter: 1543264
Planning time: 0.741 ms
Execution time: 6054.696 ms
