Hash Join  (cost=447224.15..604099.13 rows=541538 width=0) (actual time=11137.940..13410.009 rows=178735 loops=1)
  Hash Cond: (mk.movie_id = t.id)
  ->  Seq Scan on movie_keyword mk  (cost=0.00..69693.30 rows=4523930 width=4) (actual time=0.016..1428.733 rows=4523930 loops=1)
  ->  Hash  (cost=442257.68..442257.68 rows=302678 width=8) (actual time=10326.496..10326.496 rows=126499 loops=1)
        Buckets: 131072  Batches: 4  Memory Usage: 2256kB
        ->  Hash Join  (cost=74574.97..442257.68 rows=302678 width=8) (actual time=1395.629..10182.070 rows=126499 loops=1)
              Hash Cond: (mi.movie_id = t.id)
              ->  Seq Scan on movie_info mi  (cost=0.00..309384.22 rows=14739122 width=4) (actual time=0.026..4580.725 rows=14835720 loops=1)
              ->  Hash  (cost=73925.90..73925.90 rows=51925 width=4) (actual time=1272.737..1272.737 rows=56480 loops=1)
                    Buckets: 65536  Batches: 1  Memory Usage: 2498kB
                    ->  Seq Scan on title t  (cost=0.00..73925.90 rows=51925 width=4) (actual time=282.368..1249.416 rows=56480 loops=1)
                          Filter: ((kind_id = 7) AND (production_year = 2004))
                          Rows Removed by Filter: 2471832
Planning time: 1.248 ms
Execution time: 13429.887 ms
