Hash Join  (cost=67697.55..123915.11 rows=3746 width=0) (actual time=1091.787..2116.324 rows=5410 loops=1)
  Hash Cond: (mc.movie_id = t.id)
  ->  Seq Scan on movie_companies mc  (cost=0.00..51404.11 rows=1273596 width=4) (actual time=0.026..803.577 rows=1263574 loops=1)
        Filter: (company_id < 11203)
        Rows Removed by Filter: 1345555
  ->  Hash  (cost=67604.59..67604.59 rows=7437 width=4) (actual time=1091.683..1091.683 rows=8902 loops=1)
        Buckets: 16384 (originally 8192)  Batches: 1 (originally 1)  Memory Usage: 441kB
        ->  Seq Scan on title t  (cost=0.00..67604.59 rows=7437 width=4) (actual time=194.574..1087.805 rows=8902 loops=1)
              Filter: (production_year = 1913)
              Rows Removed by Filter: 2519410
Planning time: 0.766 ms
Execution time: 2117.464 ms
