Seq Scan on title t  (cost=0.00..73925.90 rows=308510 width=0) (actual time=0.030..1063.681 rows=266599 loops=1)
  Filter: ((kind_id < 7) AND (production_year > 2007))
  Rows Removed by Filter: 2261713
Planning time: 0.311 ms
Execution time: 1098.988 ms
