Hash Join  (cost=365418.15..2064727.52 rows=50689131 width=0) (actual time=8757.699..78381.499 rows=162235989 loops=1)
  Hash Cond: (ci.movie_id = t.id)
  ->  Seq Scan on cast_info ci  (cost=0.00..705507.15 rows=28331304 width=4) (actual time=0.007..15917.099 rows=28368243 loops=1)
        Filter: (person_id < 2890669)
        Rows Removed by Filter: 7876101
  ->  Hash  (cost=291197.02..291197.02 rows=4523930 width=8) (actual time=8755.773..8755.773 rows=4523930 loops=1)
        Buckets: 131072  Batches: 64  Memory Usage: 3816kB
        ->  Hash Join  (cost=102767.86..291197.02 rows=4523930 width=8) (actual time=1907.044..7426.209 rows=4523930 loops=1)
              Hash Cond: (mk.movie_id = t.id)
              ->  Seq Scan on movie_keyword mk  (cost=0.00..69693.30 rows=4523930 width=4) (actual time=0.019..1486.602 rows=4523930 loops=1)
              ->  Hash  (cost=61283.27..61283.27 rows=2528527 width=4) (actual time=1905.133..1905.133 rows=2528312 loops=1)
                    Buckets: 131072  Batches: 64  Memory Usage: 2425kB
                    ->  Seq Scan on title t  (cost=0.00..61283.27 rows=2528527 width=4) (actual time=0.024..1033.153 rows=2528312 loops=1)
Planning time: 1.191 ms
Execution time: 96365.112 ms
