Seq Scan on cast_info ci  (cost=0.00..796071.18 rows=124214 width=0) (actual time=5052.916..12438.318 rows=18358 loops=1)
  Filter: ((person_id < 1518278) AND (role_id = 7))
  Rows Removed by Filter: 36225986
Planning time: 0.472 ms
Execution time: 12440.988 ms
