Seq Scan on movie_keyword mk  (cost=0.00..81003.12 rows=2158381 width=0) (actual time=0.021..1546.105 rows=2156573 loops=1)
  Filter: (keyword_id > 5360)
  Rows Removed by Filter: 2367357
Planning time: 0.358 ms
Execution time: 1815.709 ms
