Hash Join  (cost=166564.38..670104.12 rows=2224281 width=0) (actual time=3829.941..16893.253 rows=2183184 loops=1)
  Hash Cond: (mi.movie_id = t.id)
  ->  Seq Scan on movie_info mi  (cost=0.00..309384.22 rows=14739122 width=4) (actual time=0.010..6096.412 rows=14835720 loops=1)
  ->  Hash  (cost=160303.63..160303.63 rows=381580 width=8) (actual time=3726.020..3726.020 rows=244089 loops=1)
        Buckets: 131072  Batches: 8  Memory Usage: 2220kB
        ->  Hash Join  (cost=79993.30..160303.63 rows=381580 width=8) (actual time=1307.503..3645.582 rows=244089 loops=1)
              Hash Cond: (mc.movie_id = t.id)
              ->  Seq Scan on movie_companies mc  (cost=0.00..44881.29 rows=2609129 width=4) (actual time=0.015..819.107 rows=2609129 loops=1)
              ->  Hash  (cost=73925.90..73925.90 rows=369792 width=4) (actual time=1306.684..1306.684 rows=253766 loops=1)
                    Buckets: 131072  Batches: 8  Memory Usage: 2127kB
                    ->  Seq Scan on title t  (cost=0.00..73925.90 rows=369792 width=4) (actual time=0.009..1223.504 rows=253766 loops=1)
                          Filter: ((production_year < 1986) AND (kind_id = 7))
                          Rows Removed by Filter: 2274546
Planning time: 2.668 ms
Execution time: 17153.067 ms
