Hash Join  (cost=709678.15..1084063.47 rows=1484 width=0) (actual time=10770.063..17735.816 rows=3630 loops=1)
  Hash Cond: (mi.movie_id = t.id)
  ->  Seq Scan on movie_info mi  (cost=0.00..346232.03 rows=7503588 width=4) (actual time=280.506..6141.748 rows=7548855 loops=1)
        Filter: (info_type_id > 7)
        Rows Removed by Filter: 7286865
  ->  Hash  (cost=709671.90..709671.90 rows=500 width=8) (actual time=10482.244..10482.244 rows=487 loops=1)
        Buckets: 1024  Batches: 1  Memory Usage: 28kB
        ->  Nested Loop  (cost=0.43..709671.90 rows=500 width=8) (actual time=1178.001..10481.986 rows=487 loops=1)
              ->  Seq Scan on cast_info ci  (cost=0.00..705507.15 rows=500 width=4) (actual time=1177.836..10471.350 rows=487 loops=1)
                    Filter: (person_id = 902436)
                    Rows Removed by Filter: 36243857
              ->  Index Only Scan using title_pkey on title t  (cost=0.43..8.32 rows=1 width=4) (actual time=0.021..0.021 rows=1 loops=487)
                    Index Cond: (id = ci.movie_id)
                    Heap Fetches: 487
Planning time: 1.105 ms
Execution time: 17736.489 ms
