Seq Scan on cast_info ci  (cost=0.00..796071.18 rows=8467361 width=0) (actual time=5978.092..15057.389 rows=4219332 loops=1)
  Filter: ((person_id < 2594998) AND (role_id > 3))
  Rows Removed by Filter: 32025012
Planning time: 0.265 ms
Execution time: 15604.332 ms
