Seq Scan on movie_companies mc  (cost=0.00..57926.93 rows=775513 width=0) (actual time=123.740..1041.578 rows=560486 loops=1)
  Filter: ((company_id > 5584) AND (company_type_id < 2))
  Rows Removed by Filter: 2048643
Planning time: 0.338 ms
Execution time: 1114.402 ms
