Hash Join  (cost=1189266.43..2386837.24 rows=53455167 width=0) (actual time=26102.357..76372.474 rows=128578932 loops=1)
  Hash Cond: (mi.movie_id = t.id)
  ->  Seq Scan on movie_info mi  (cost=0.00..309384.22 rows=14739122 width=4) (actual time=0.011..6526.550 rows=14835720 loops=1)
  ->  Hash  (cost=1038815.11..1038815.11 rows=9170345 width=8) (actual time=26100.142..26100.142 rows=9177849 loops=1)
        Buckets: 131072  Batches: 128  Memory Usage: 3827kB
        ->  Hash Join  (cost=102767.86..1038815.11 rows=9170345 width=8) (actual time=2372.616..23374.066 rows=9177849 loops=1)
              Hash Cond: (ci.movie_id = t.id)
              ->  Seq Scan on cast_info ci  (cost=0.00..705507.15 rows=9170345 width=4) (actual time=0.014..13043.197 rows=9177849 loops=1)
                    Filter: (person_id > 2782353)
                    Rows Removed by Filter: 27066495
              ->  Hash  (cost=61283.27..61283.27 rows=2528527 width=4) (actual time=2370.701..2370.701 rows=2528312 loops=1)
                    Buckets: 131072  Batches: 64  Memory Usage: 2415kB
                    ->  Seq Scan on title t  (cost=0.00..61283.27 rows=2528527 width=4) (actual time=0.004..1207.569 rows=2528312 loops=1)
Planning time: 3.442 ms
Execution time: 91254.928 ms
