Hash Join  (cost=98098.54..711931.75 rows=10834238 width=0) (actual time=2219.768..19986.384 rows=9754720 loops=1)
  Hash Cond: (mi.movie_id = t.id)
  ->  Seq Scan on movie_info mi  (cost=0.00..309384.22 rows=14739122 width=4) (actual time=0.030..6119.168 rows=14835720 loops=1)
  ->  Hash  (cost=67604.59..67604.59 rows=1858636 width=4) (actual time=2218.400..2218.400 rows=1852807 loops=1)
        Buckets: 131072  Batches: 32  Memory Usage: 3075kB
        ->  Seq Scan on title t  (cost=0.00..67604.59 rows=1858636 width=4) (actual time=0.014..1327.138 rows=1852807 loops=1)
              Filter: (production_year > 1985)
              Rows Removed by Filter: 675505
Planning time: 0.709 ms
Execution time: 21038.857 ms
