Hash Join  (cost=58375.85..87007.94 rows=19 width=0) (actual time=1054.566..1673.670 rows=1654 loops=1)
  Hash Cond: (mi_idx.movie_id = t.id)
  ->  Seq Scan on movie_info_idx mi_idx  (cost=0.00..25185.44 rows=919057 width=4) (actual time=0.021..482.799 rows=920110 loops=1)
        Filter: (info_type_id > 99)
        Rows Removed by Filter: 459925
  ->  Hash  (cost=58375.18..58375.18 rows=53 width=8) (actual time=1047.658..1047.658 rows=1587 loops=1)
        Buckets: 2048 (originally 1024)  Batches: 1 (originally 1)  Memory Usage: 78kB
        ->  Nested Loop  (cost=0.43..58375.18 rows=53 width=8) (actual time=286.845..1046.839 rows=1587 loops=1)
              ->  Seq Scan on movie_companies mc  (cost=0.00..57926.93 rows=53 width=4) (actual time=286.774..1003.428 rows=1587 loops=1)
                    Filter: ((company_type_id > 1) AND (company_id = 3111))
                    Rows Removed by Filter: 2607542
              ->  Index Only Scan using title_pkey on title t  (cost=0.43..8.45 rows=1 width=4) (actual time=0.026..0.027 rows=1 loops=1587)
                    Index Cond: (id = mc.movie_id)
                    Heap Fetches: 1587
Planning time: 1.764 ms
Execution time: 1674.055 ms
