Hash Join  (cost=160393.69..972535.33 rows=45825 width=0) (actual time=7396.814..17305.084 rows=53935 loops=1)
  Hash Cond: (ci.movie_id = t.id)
  ->  Seq Scan on cast_info ci  (cost=0.00..796071.18 rows=4163257 width=4) (actual time=4544.389..13097.922 rows=8489581 loops=1)
        Filter: ((person_id < 1155955) AND (role_id < 2))
        Rows Removed by Filter: 27754763
  ->  Hash  (cost=160045.80..160045.80 rows=27831 width=8) (actual time=2851.527..2851.527 rows=7603 loops=1)
        Buckets: 32768  Batches: 1  Memory Usage: 553kB
        ->  Hash Join  (cost=74747.02..160045.80 rows=27831 width=8) (actual time=1313.842..2848.811 rows=7603 loops=1)
              Hash Cond: (mk.movie_id = t.id)
              ->  Seq Scan on movie_keyword mk  (cost=0.00..81003.12 rows=1071294 width=4) (actual time=0.028..1432.632 rows=1081487 loops=1)
                    Filter: (keyword_id < 1088)
                    Rows Removed by Filter: 3442443
              ->  Hash  (cost=73925.90..73925.90 rows=65689 width=4) (actual time=1179.289..1179.289 rows=74524 loops=1)
                    Buckets: 131072  Batches: 1  Memory Usage: 3644kB
                    ->  Seq Scan on title t  (cost=0.00..73925.90 rows=65689 width=4) (actual time=0.034..1149.212 rows=74524 loops=1)
                          Filter: ((kind_id = 7) AND (production_year = 2006))
                          Rows Removed by Filter: 2453788
Planning time: 1.266 ms
Execution time: 17312.592 ms
