Hash Join  (cost=102767.86..226659.38 rows=1371840 width=0) (actual time=1866.968..5052.474 rows=1387549 loops=1)
  Hash Cond: (mk.movie_id = t.id)
  ->  Seq Scan on movie_keyword mk  (cost=0.00..81003.12 rows=1371840 width=4) (actual time=0.034..1518.771 rows=1387549 loops=1)
        Filter: (keyword_id > 12017)
        Rows Removed by Filter: 3136381
  ->  Hash  (cost=61283.27..61283.27 rows=2528527 width=4) (actual time=1864.617..1864.617 rows=2528312 loops=1)
        Buckets: 131072  Batches: 64  Memory Usage: 2425kB
        ->  Seq Scan on title t  (cost=0.00..61283.27 rows=2528527 width=4) (actual time=0.004..1004.086 rows=2528312 loops=1)
Planning time: 0.777 ms
Execution time: 5201.829 ms
