Nested Loop  (cost=44377.22..117395.36 rows=1745 width=0) (actual time=892.189..2049.198 rows=1319 loops=1)
  Join Filter: (mc.movie_id = t.id)
  ->  Hash Join  (cost=44376.79..108781.68 rows=14528 width=8) (actual time=892.130..1958.988 rows=6086 loops=1)
        Hash Cond: (mc.movie_id = mi_idx.movie_id)
        ->  Seq Scan on movie_companies mc  (cost=0.00..57926.93 rows=5141 width=4) (actual time=41.242..911.376 rows=3040 loops=1)
              Filter: ((company_type_id > 1) AND (company_id = 2561))
              Rows Removed by Filter: 2606089
        ->  Hash  (cost=21735.35..21735.35 rows=1380035 width=4) (actual time=823.127..823.127 rows=1380035 loops=1)
              Buckets: 131072  Batches: 32  Memory Usage: 2540kB
              ->  Seq Scan on movie_info_idx mi_idx  (cost=0.00..21735.35 rows=1380035 width=4) (actual time=0.031..407.266 rows=1380035 loops=1)
  ->  Index Scan using title_pkey on title t  (cost=0.43..0.58 rows=1 width=4) (actual time=0.014..0.014 rows=0 loops=6086)
        Index Cond: (id = mi_idx.movie_id)
        Filter: (production_year > 1996)
        Rows Removed by Filter: 1
Planning time: 1.132 ms
Execution time: 2049.607 ms
