Hash Join  (cost=171604.02..882112.55 rows=24920 width=0) (actual time=9116.183..15837.331 rows=51924 loops=1)
  Hash Cond: (ci.movie_id = t.id)
  ->  Seq Scan on cast_info ci  (cost=0.00..705507.15 rows=350181 width=4) (actual time=5375.620..11923.766 rows=316118 loops=1)
        Filter: (role_id > 10)
        Rows Removed by Filter: 35928226
  ->  Hash  (cost=168651.77..168651.77 rows=179940 width=8) (actual time=3739.451..3739.451 rows=181249 loops=1)
        Buckets: 131072  Batches: 4  Memory Usage: 2801kB
        ->  Hash Join  (cost=104131.46..168651.77 rows=179940 width=8) (actual time=2304.632..3685.878 rows=181249 loops=1)
              Hash Cond: (mc.movie_id = t.id)
              ->  Seq Scan on movie_companies mc  (cost=0.00..51404.11 rows=204359 width=4) (actual time=0.033..864.326 rows=205906 loops=1)
                    Filter: (company_id > 111759)
                    Rows Removed by Filter: 2403223
              ->  Hash  (cost=67604.59..67604.59 rows=2226390 width=4) (actual time=2303.813..2303.813 rows=2224569 loops=1)
                    Buckets: 131072  Batches: 32  Memory Usage: 3463kB
                    ->  Seq Scan on title t  (cost=0.00..67604.59 rows=2226390 width=4) (actual time=0.022..1336.607 rows=2224569 loops=1)
                          Filter: (production_year < 2012)
                          Rows Removed by Filter: 303743
Planning time: 1.125 ms
Execution time: 15844.424 ms
