Seq Scan on movie_companies mc  (cost=0.00..51404.11 rows=104 width=0) (actual time=158.673..736.548 rows=177 loops=1)
  Filter: (company_id = 73690)
  Rows Removed by Filter: 2608952
Planning time: 0.834 ms
Execution time: 736.659 ms
