Hash Join  (cost=131002.19..884444.10 rows=265274 width=0) (actual time=2064.070..17899.914 rows=283160 loops=1)
  Hash Cond: (ci.movie_id = t.id)
  ->  Seq Scan on cast_info ci  (cost=0.00..614943.12 rows=36225612 width=4) (actual time=0.012..8186.478 rows=36244344 loops=1)
  ->  Hash  (cost=130770.74..130770.74 rows=18516 width=8) (actual time=2063.275..2063.275 rows=10156 loops=1)
        Buckets: 32768  Batches: 1  Memory Usage: 653kB
        ->  Hash Join  (cost=74383.28..130770.74 rows=18516 width=8) (actual time=843.018..2059.178 rows=10156 loops=1)
              Hash Cond: (mc.movie_id = t.id)
              ->  Seq Scan on movie_companies mc  (cost=0.00..51404.11 rows=1279517 width=4) (actual time=30.088..971.305 rows=1274246 loops=1)
                    Filter: (company_type_id = 1)
                    Rows Removed by Filter: 1334883
              ->  Hash  (cost=73925.90..73925.90 rows=36590 width=4) (actual time=812.361..812.361 rows=42576 loops=1)
                    Buckets: 65536  Batches: 1  Memory Usage: 2009kB
                    ->  Seq Scan on title t  (cost=0.00..73925.90 rows=36590 width=4) (actual time=0.031..798.263 rows=42576 loops=1)
                          Filter: ((kind_id > 2) AND (production_year = 2000))
                          Rows Removed by Filter: 2485736
Planning time: 1.190 ms
Execution time: 17940.696 ms
