Hash Join  (cost=102767.86..183359.96 rows=531395 width=0) (actual time=1888.042..4304.095 rows=741128 loops=1)
  Hash Cond: (mc.movie_id = t.id)
  ->  Seq Scan on movie_companies mc  (cost=0.00..57926.93 rows=531395 width=4) (actual time=0.017..1047.587 rows=741128 loops=1)
        Filter: ((company_id < 6893) AND (company_type_id < 2))
        Rows Removed by Filter: 1868001
  ->  Hash  (cost=61283.27..61283.27 rows=2528527 width=4) (actual time=1886.676..1886.676 rows=2528312 loops=1)
        Buckets: 131072  Batches: 64  Memory Usage: 2415kB
        ->  Seq Scan on title t  (cost=0.00..61283.27 rows=2528527 width=4) (actual time=0.009..1039.019 rows=2528312 loops=1)
Planning time: 1.106 ms
Execution time: 4389.400 ms
