Seq Scan on movie_keyword mk  (cost=0.00..81003.12 rows=246 width=0) (actual time=14.622..1245.632 rows=6 loops=1)
  Filter: (keyword_id = 33799)
  Rows Removed by Filter: 4523924
Planning time: 0.324 ms
Execution time: 1245.708 ms
