Hash Join  (cost=208472.79..1355302.32 rows=10617682 width=0) (actual time=5346.072..45750.833 rows=32259731 loops=1)
  Hash Cond: (ci.movie_id = t.id)
  ->  Seq Scan on cast_info ci  (cost=0.00..705507.15 rows=28668949 width=4) (actual time=0.016..17234.386 rows=28808107 loops=1)
        Filter: (role_id < 8)
        Rows Removed by Filter: 7436237
  ->  Hash  (cost=193108.14..193108.14 rows=936452 width=8) (actual time=5345.173..5345.173 rows=1238873 loops=1)
        Buckets: 131072  Batches: 16  Memory Usage: 4023kB
        ->  Hash Join  (cost=102767.86..193108.14 rows=936452 width=8) (actual time=2731.142..4975.703 rows=1238873 loops=1)
              Hash Cond: (mc.movie_id = t.id)
              ->  Seq Scan on movie_companies mc  (cost=0.00..57926.93 rows=936452 width=4) (actual time=441.049..1231.741 rows=1238873 loops=1)
                    Filter: ((company_id < 44729) AND (company_type_id = 1))
                    Rows Removed by Filter: 1370256
              ->  Hash  (cost=61283.27..61283.27 rows=2528527 width=4) (actual time=2288.775..2288.775 rows=2528312 loops=1)
                    Buckets: 131072  Batches: 64  Memory Usage: 2415kB
                    ->  Seq Scan on title t  (cost=0.00..61283.27 rows=2528527 width=4) (actual time=0.016..1208.576 rows=2528312 loops=1)
Planning time: 1.226 ms
Execution time: 49201.350 ms
