Hash Join  (cost=86138.21..173381.85 rows=668267 width=0) (actual time=1782.061..4443.678 rows=405892 loops=1)
  Hash Cond: (mc.movie_id = t.id)
  ->  Seq Scan on movie_companies mc  (cost=0.00..51404.11 rows=2270096 width=4) (actual time=0.025..1166.057 rows=2275487 loops=1)
        Filter: (company_id > 164)
        Rows Removed by Filter: 333642
  ->  Hash  (cost=73925.90..73925.90 rows=744344 width=4) (actual time=1780.945..1780.945 rows=796638 loops=1)
        Buckets: 131072  Batches: 16  Memory Usage: 2779kB
        ->  Seq Scan on title t  (cost=0.00..73925.90 rows=744344 width=4) (actual time=0.016..1526.217 rows=796638 loops=1)
              Filter: ((kind_id > 1) AND (production_year > 2005))
              Rows Removed by Filter: 1731674
Planning time: 0.747 ms
Execution time: 4491.872 ms
