Hash Join  (cost=113349.02..190199.21 rows=130567 width=0) (actual time=2324.807..4189.943 rows=183471 loops=1)
  Hash Cond: (mc.movie_id = t.id)
  ->  Seq Scan on movie_companies mc  (cost=0.00..44881.29 rows=2609129 width=4) (actual time=0.014..926.957 rows=2609129 loops=1)
  ->  Hash  (cost=111272.36..111272.36 rows=126533 width=8) (actual time=2323.760..2323.760 rows=69471 loops=1)
        Buckets: 131072  Batches: 2  Memory Usage: 2377kB
        ->  Hash Join  (cost=71408.55..111272.36 rows=126533 width=8) (actual time=1204.101..2300.569 rows=69471 loops=1)
              Hash Cond: (mi_idx.movie_id = t.id)
              ->  Seq Scan on movie_info_idx mi_idx  (cost=0.00..21735.35 rows=1380035 width=4) (actual time=0.023..519.291 rows=1380035 loops=1)
              ->  Hash  (cost=67604.59..67604.59 rows=231837 width=4) (actual time=1203.054..1203.054 rows=231649 loops=1)
                    Buckets: 131072  Batches: 4  Memory Usage: 3076kB
                    ->  Seq Scan on title t  (cost=0.00..67604.59 rows=231837 width=4) (actual time=0.022..1124.452 rows=231649 loops=1)
                          Filter: (production_year > 2011)
                          Rows Removed by Filter: 2296663
Planning time: 1.209 ms
Execution time: 4213.939 ms
