Seq Scan on cast_info ci  (cost=0.00..705507.15 rows=29843201 width=0) (actual time=0.023..13587.839 rows=29769577 loops=1)
  Filter: (person_id < 3009011)
  Rows Removed by Filter: 6474767
Planning time: 0.505 ms
Execution time: 17358.312 ms
