Hash Join  (cost=123385.82..618283.04 rows=1414328 width=0) (actual time=2639.249..17395.448 rows=9123452 loops=1)
  Hash Cond: (mi.movie_id = t.id)
  ->  Seq Scan on movie_info mi  (cost=0.00..309384.22 rows=14739122 width=4) (actual time=0.014..5780.554 rows=14835720 loops=1)
  ->  Hash  (cost=119404.94..119404.94 rows=242631 width=8) (actual time=2606.919..2606.919 rows=420020 loops=1)
        Buckets: 131072 (originally 131072)  Batches: 8 (originally 4)  Memory Usage: 3092kB
        ->  Hash Join  (cost=78556.72..119404.94 rows=242631 width=8) (actual time=1235.102..2471.985 rows=420020 loops=1)
              Hash Cond: (mi_idx.movie_id = t.id)
              ->  Seq Scan on movie_info_idx mi_idx  (cost=0.00..25185.44 rows=919057 width=4) (actual time=0.029..540.947 rows=920110 loops=1)
                    Filter: (info_type_id > 99)
                    Rows Removed by Filter: 459925
              ->  Hash  (cost=67604.59..67604.59 rows=667531 width=4) (actual time=1234.091..1234.091 rows=662825 loops=1)
                    Buckets: 131072  Batches: 16  Memory Usage: 2476kB
                    ->  Seq Scan on title t  (cost=0.00..67604.59 rows=667531 width=4) (actual time=0.023..1031.667 rows=662825 loops=1)
                          Filter: (kind_id = 1)
                          Rows Removed by Filter: 1865487
Planning time: 1.192 ms
Execution time: 18446.154 ms
