Hash Join  (cost=106782.28..161625.65 rows=17784 width=0) (actual time=2004.226..3242.039 rows=30847 loops=1)
  Hash Cond: (mc.movie_id = t.id)
  ->  Seq Scan on movie_companies mc  (cost=0.00..44881.29 rows=2609129 width=4) (actual time=0.014..657.481 rows=2609129 loops=1)
  ->  Hash  (cost=106566.84..106566.84 rows=17235 width=8) (actual time=2003.943..2003.943 rows=11483 loops=1)
        Buckets: 32768  Batches: 1  Memory Usage: 705kB
        ->  Hash Join  (cost=75464.55..106566.84 rows=17235 width=8) (actual time=1288.241..1999.348 rows=11483 loops=1)
              Hash Cond: (mi_idx.movie_id = t.id)
              ->  Seq Scan on movie_info_idx mi_idx  (cost=0.00..25185.44 rows=464934 width=4) (actual time=0.031..398.369 rows=460185 loops=1)
                    Filter: (info_type_id > 100)
                    Rows Removed by Filter: 919850
              ->  Hash  (cost=73925.90..73925.90 rows=93732 width=4) (actual time=1286.705..1286.705 rows=100592 loops=1)
                    Buckets: 131072  Batches: 2  Memory Usage: 2791kB
                    ->  Seq Scan on title t  (cost=0.00..73925.90 rows=93732 width=4) (actual time=0.056..1248.163 rows=100592 loops=1)
                          Filter: ((kind_id > 1) AND (production_year = 2009))
                          Rows Removed by Filter: 2427720
Planning time: 1.208 ms
Execution time: 3246.697 ms
