Seq Scan on movie_keyword mk  (cost=0.00..81003.12 rows=246 width=0) (actual time=0.336..1182.642 rows=312 loops=1)
  Filter: (keyword_id = 7441)
  Rows Removed by Filter: 4523618
Planning time: 0.357 ms
Execution time: 1182.890 ms
