Hash Join  (cost=94657.25..178394.67 rows=394 width=0) (actual time=1591.859..3119.262 rows=5570 loops=1)
  Hash Cond: (mk.movie_id = t.id)
  ->  Seq Scan on movie_keyword mk  (cost=0.00..81003.12 rows=728096 width=4) (actual time=0.017..1394.334 rows=736698 loops=1)
        Filter: (keyword_id > 25566)
        Rows Removed by Filter: 3787232
  ->  Hash  (cost=94640.16..94640.16 rows=1367 width=8) (actual time=1591.237..1591.237 rows=4766 loops=1)
        Buckets: 8192 (originally 2048)  Batches: 1 (originally 1)  Memory Usage: 251kB
        ->  Hash Join  (cost=67697.55..94640.16 rows=1367 width=8) (actual time=1037.329..1588.951 rows=4766 loops=1)
              Hash Cond: (mi_idx.movie_id = t.id)
              ->  Seq Scan on movie_info_idx mi_idx  (cost=0.00..25185.44 rows=464934 width=4) (actual time=0.029..439.032 rows=460185 loops=1)
                    Filter: (info_type_id > 100)
                    Rows Removed by Filter: 919850
              ->  Hash  (cost=67604.59..67604.59 rows=7437 width=4) (actual time=1037.139..1037.139 rows=19440 loops=1)
                    Buckets: 32768 (originally 8192)  Batches: 1 (originally 1)  Memory Usage: 940kB
                    ->  Seq Scan on title t  (cost=0.00..67604.59 rows=7437 width=4) (actual time=0.016..1028.154 rows=19440 loops=1)
                          Filter: (production_year = 1986)
                          Rows Removed by Filter: 2508872
Planning time: 8.123 ms
Execution time: 3120.571 ms
