Nested Loop  (cost=44377.22..190097.11 rows=25822 width=0) (actual time=868.068..4369.518 rows=55281 loops=1)
  Join Filter: (mc.movie_id = t.id)
  ->  Hash Join  (cost=44376.79..111158.53 rows=133703 width=8) (actual time=867.992..2049.396 rows=55281 loops=1)
        Hash Cond: (mc.movie_id = mi_idx.movie_id)
        ->  Seq Scan on movie_companies mc  (cost=0.00..51404.11 rows=47312 width=4) (actual time=4.063..938.044 rows=47252 loops=1)
              Filter: (company_id = 19)
              Rows Removed by Filter: 2561877
        ->  Hash  (cost=21735.35..21735.35 rows=1380035 width=4) (actual time=831.026..831.026 rows=1380035 loops=1)
              Buckets: 131072  Batches: 32  Memory Usage: 2540kB
              ->  Seq Scan on movie_info_idx mi_idx  (cost=0.00..21735.35 rows=1380035 width=4) (actual time=0.022..421.879 rows=1380035 loops=1)
  ->  Index Only Scan using title_pkey on title t  (cost=0.43..0.58 rows=1 width=4) (actual time=0.041..0.041 rows=1 loops=55281)
        Index Cond: (id = mi_idx.movie_id)
        Heap Fetches: 55281
Planning time: 1.331 ms
Execution time: 4380.167 ms
