Hash Join  (cost=106646.72..461254.67 rows=14611 width=0) (actual time=2984.779..7849.205 rows=15917 loops=1)
  Hash Cond: (mi.movie_id = t.id)
  ->  Seq Scan on movie_info mi  (cost=0.00..346232.03 rows=2194617 width=4) (actual time=966.446..5445.117 rows=2233850 loops=1)
        Filter: (info_type_id > 16)
        Rows Removed by Filter: 12601870
  ->  Hash  (cost=106436.30..106436.30 rows=16834 width=8) (actual time=1981.547..1981.547 rows=11483 loops=1)
        Buckets: 32768  Batches: 1  Memory Usage: 705kB
        ->  Hash Join  (cost=75464.55..106436.30 rows=16834 width=8) (actual time=1289.125..1977.298 rows=11483 loops=1)
              Hash Cond: (mi_idx.movie_id = t.id)
              ->  Seq Scan on movie_info_idx mi_idx  (cost=0.00..25185.44 rows=454124 width=4) (actual time=0.029..508.718 rows=459925 loops=1)
                    Filter: (info_type_id = 100)
                    Rows Removed by Filter: 920110
              ->  Hash  (cost=73925.90..73925.90 rows=93732 width=4) (actual time=1288.075..1288.075 rows=100592 loops=1)
                    Buckets: 131072  Batches: 2  Memory Usage: 2791kB
                    ->  Seq Scan on title t  (cost=0.00..73925.90 rows=93732 width=4) (actual time=0.023..1248.416 rows=100592 loops=1)
                          Filter: ((kind_id > 1) AND (production_year = 2009))
                          Rows Removed by Filter: 2427720
Planning time: 1.186 ms
Execution time: 7852.206 ms
