Hash Join  (cost=101366.90..466353.40 rows=33058 width=0) (actual time=2091.074..9360.899 rows=27532 loops=1)
  Hash Cond: (mi.movie_id = t.id)
  ->  Seq Scan on movie_info mi  (cost=0.00..309384.22 rows=14739122 width=4) (actual time=0.022..4525.750 rows=14835720 loops=1)
  ->  Hash  (cost=101296.01..101296.01 rows=5671 width=8) (actual time=1886.387..1886.387 rows=3473 loops=1)
        Buckets: 8192  Batches: 1  Memory Usage: 200kB
        ->  Hash Join  (cost=74311.74..101296.01 rows=5671 width=8) (actual time=1288.289..1884.765 rows=3473 loops=1)
              Hash Cond: (mi_idx.movie_id = t.id)
              ->  Seq Scan on movie_info_idx mi_idx  (cost=0.00..25185.44 rows=464566 width=4) (actual time=0.022..463.283 rows=459925 loops=1)
                    Filter: (info_type_id = 101)
                    Rows Removed by Filter: 920110
              ->  Hash  (cost=73925.90..73925.90 rows=30867 width=4) (actual time=1288.101..1288.101 rows=34773 loops=1)
                    Buckets: 65536 (originally 32768)  Batches: 1 (originally 1)  Memory Usage: 1735kB
                    ->  Seq Scan on title t  (cost=0.00..73925.90 rows=30867 width=4) (actual time=0.027..1273.087 rows=34773 loops=1)
                          Filter: ((kind_id = 7) AND (production_year = 1999))
                          Rows Removed by Filter: 2493539
Planning time: 1.223 ms
Execution time: 9365.328 ms
