Hash Join  (cost=75574.02..561625.91 rows=585297 width=0) (actual time=1227.885..12247.167 rows=181424 loops=1)
  Hash Cond: (mi.movie_id = t.id)
  ->  Seq Scan on movie_info mi  (cost=0.00..309384.22 rows=14739122 width=4) (actual time=0.005..5889.284 rows=14835720 loops=1)
  ->  Hash  (cost=73925.90..73925.90 rows=100409 width=4) (actual time=1070.227..1070.227 rows=110402 loops=1)
        Buckets: 131072  Batches: 2  Memory Usage: 2970kB
        ->  Seq Scan on title t  (cost=0.00..73925.90 rows=100409 width=4) (actual time=301.390..1024.839 rows=110402 loops=1)
              Filter: ((kind_id = 7) AND (production_year = 2012))
              Rows Removed by Filter: 2417910
Planning time: 0.518 ms
Execution time: 12270.449 ms
