Seq Scan on cast_info ci  (cost=0.00..796071.18 rows=4047030 width=0) (actual time=3287.866..13488.768 rows=8241893 loops=1)
  Filter: ((person_id < 1123368) AND (role_id < 2))
  Rows Removed by Filter: 28002451
Planning time: 0.344 ms
Execution time: 14532.125 ms
