Seq Scan on movie_keyword mk  (cost=0.00..81003.12 rows=3508918 width=0) (actual time=0.025..1569.262 rows=3503148 loops=1)
  Filter: (keyword_id > 992)
  Rows Removed by Filter: 1020782
Planning time: 0.301 ms
Execution time: 2017.564 ms
