Hash Join  (cost=83074.74..933327.96 rows=1405 width=0) (actual time=5625.769..17240.196 rows=841 loops=1)
  Hash Cond: (ci.movie_id = t.id)
  ->  Seq Scan on cast_info ci  (cost=0.00..796071.18 rows=14444797 width=4) (actual time=4421.021..14289.508 rows=13005366 loops=1)
        Filter: ((person_id > 973533) AND (role_id < 3))
        Rows Removed by Filter: 23238978
  ->  Hash  (cost=83071.67..83071.67 rows=246 width=8) (actual time=1185.433..1185.433 rows=55 loops=1)
        Buckets: 1024  Batches: 1  Memory Usage: 11kB
        ->  Nested Loop  (cost=0.43..83071.67 rows=246 width=8) (actual time=101.261..1185.363 rows=55 loops=1)
              ->  Seq Scan on movie_keyword mk  (cost=0.00..81003.12 rows=246 width=4) (actual time=101.120..1182.927 rows=55 loops=1)
                    Filter: (keyword_id = 25009)
                    Rows Removed by Filter: 4523875
              ->  Index Only Scan using title_pkey on title t  (cost=0.43..8.40 rows=1 width=4) (actual time=0.037..0.038 rows=1 loops=55)
                    Index Cond: (id = mk.movie_id)
                    Heap Fetches: 55
Planning time: 1.183 ms
Execution time: 17240.897 ms
