Hash Join  (cost=217858.32..1125730.11 rows=3332633 width=0) (actual time=5172.117..20557.419 rows=2652838 loops=1)
  Hash Cond: (ci.movie_id = t.id)
  ->  Seq Scan on cast_info ci  (cost=0.00..796071.18 rows=6337677 width=4) (actual time=0.018..13146.044 rows=2694278 loops=1)
        Filter: ((person_id < 942199) AND (role_id > 1))
        Rows Removed by Filter: 33550066
  ->  Hash  (cost=196044.17..196044.17 rows=1329612 width=8) (actual time=5170.914..5170.914 rows=1334883 loops=1)
        Buckets: 131072  Batches: 32  Memory Usage: 2639kB
        ->  Hash Join  (cost=102767.86..196044.17 rows=1329612 width=8) (actual time=2565.980..4774.141 rows=1334883 loops=1)
              Hash Cond: (mc.movie_id = t.id)
              ->  Seq Scan on movie_companies mc  (cost=0.00..51404.11 rows=1329612 width=4) (actual time=302.492..963.698 rows=1334883 loops=1)
                    Filter: (company_type_id > 1)
                    Rows Removed by Filter: 1274246
              ->  Hash  (cost=61283.27..61283.27 rows=2528527 width=4) (actual time=2262.083..2262.083 rows=2528312 loops=1)
                    Buckets: 131072  Batches: 64  Memory Usage: 2415kB
                    ->  Seq Scan on title t  (cost=0.00..61283.27 rows=2528527 width=4) (actual time=0.039..948.853 rows=2528312 loops=1)
Planning time: 0.834 ms
Execution time: 20836.049 ms
