Hash Join  (cost=493624.70..1311989.88 rows=194295 width=0) (actual time=18522.769..24460.390 rows=243035 loops=1)
  Hash Cond: (ci.movie_id = t.id)
  ->  Seq Scan on cast_info ci  (cost=0.00..796071.18 rows=1487612 width=4) (actual time=8795.246..13955.477 rows=1588042 loops=1)
        Filter: ((person_id > 1621596) AND (role_id = 4))
        Rows Removed by Filter: 34656302
  ->  Hash  (cost=488205.63..488205.63 rows=330246 width=8) (actual time=9726.294..9726.294 rows=303588 loops=1)
        Buckets: 131072  Batches: 8  Memory Usage: 2483kB
        ->  Hash Join  (cost=69928.56..488205.63 rows=330246 width=8) (actual time=1233.738..9619.307 rows=303588 loops=1)
              Hash Cond: (mi.movie_id = t.id)
              ->  Seq Scan on movie_info mi  (cost=0.00..346232.03 rows=5897221 width=4) (actual time=42.461..6028.540 rows=5884963 loops=1)
                    Filter: (info_type_id < 7)
                    Rows Removed by Filter: 8950757
              ->  Hash  (cost=67604.59..67604.59 rows=141598 width=4) (actual time=1190.475..1190.475 rows=141703 loops=1)
                    Buckets: 131072  Batches: 2  Memory Usage: 3517kB
                    ->  Seq Scan on title t  (cost=0.00..67604.59 rows=141598 width=4) (actual time=0.036..1135.600 rows=141703 loops=1)
                          Filter: (production_year = 2010)
                          Rows Removed by Filter: 2386609
Planning time: 1.289 ms
Execution time: 24486.016 ms
