Nested Loop  (cost=0.43..83071.67 rows=246 width=0) (actual time=58.555..1166.695 rows=63 loops=1)
  ->  Seq Scan on movie_keyword mk  (cost=0.00..81003.12 rows=246 width=4) (actual time=58.489..1164.273 rows=63 loops=1)
        Filter: (keyword_id = 25990)
        Rows Removed by Filter: 4523867
  ->  Index Only Scan using title_pkey on title t  (cost=0.43..8.40 rows=1 width=4) (actual time=0.033..0.034 rows=1 loops=63)
        Index Cond: (id = mk.movie_id)
        Heap Fetches: 63
Planning time: 1.180 ms
Execution time: 1166.817 ms
