Hash Join  (cost=74222.22..440259.94 rows=138180 width=0) (actual time=1171.921..10208.538 rows=655690 loops=1)
  Hash Cond: (mi.movie_id = t.id)
  ->  Seq Scan on movie_info mi  (cost=0.00..309384.22 rows=14739122 width=4) (actual time=0.019..4321.660 rows=14835720 loops=1)
  ->  Hash  (cost=73925.90..73925.90 rows=23705 width=4) (actual time=1171.701..1171.701 rows=59846 loops=1)
        Buckets: 65536 (originally 32768)  Batches: 1 (originally 1)  Memory Usage: 2616kB
        ->  Seq Scan on title t  (cost=0.00..73925.90 rows=23705 width=4) (actual time=0.026..1148.755 rows=59846 loops=1)
              Filter: ((kind_id < 7) AND (production_year < 1915))
              Rows Removed by Filter: 2468466
Planning time: 0.741 ms
Execution time: 10295.747 ms
