Nested Loop  (cost=0.43..52283.69 rows=104 width=0) (actual time=362.243..848.486 rows=23 loops=1)
  ->  Seq Scan on movie_companies mc  (cost=0.00..51404.11 rows=104 width=4) (actual time=362.165..847.457 rows=23 loops=1)
        Filter: (company_id = 21770)
        Rows Removed by Filter: 2609106
  ->  Index Only Scan using title_pkey on title t  (cost=0.43..8.45 rows=1 width=4) (actual time=0.039..0.040 rows=1 loops=23)
        Index Cond: (id = mc.movie_id)
        Heap Fetches: 23
Planning time: 1.367 ms
Execution time: 848.574 ms
