Hash Join  (cost=167325.73..532752.74 rows=77106 width=0) (actual time=3123.803..11552.818 rows=2784899 loops=1)
  Hash Cond: (mi.movie_id = t.id)
  ->  Seq Scan on movie_info mi  (cost=0.00..309384.22 rows=14739122 width=4) (actual time=0.015..4568.246 rows=14835720 loops=1)
  ->  Hash  (cost=167160.38..167160.38 rows=13228 width=8) (actual time=3123.637..3123.637 rows=29029 loops=1)
        Buckets: 32768 (originally 16384)  Batches: 1 (originally 1)  Memory Usage: 1390kB
        ->  Hash Join  (cost=74056.90..167160.38 rows=13228 width=8) (actual time=1162.052..3113.702 rows=29029 loops=1)
              Hash Cond: (mk.movie_id = t.id)
              ->  Seq Scan on movie_keyword mk  (cost=0.00..81003.12 rows=3191485 width=4) (actual time=0.018..1532.694 rows=3177108 loops=1)
                    Filter: (keyword_id < 12658)
                    Rows Removed by Filter: 1346822
              ->  Hash  (cost=73925.90..73925.90 rows=10480 width=4) (actual time=1090.003..1090.003 rows=5587 loops=1)
                    Buckets: 16384  Batches: 1  Memory Usage: 325kB
                    ->  Seq Scan on title t  (cost=0.00..73925.90 rows=10480 width=4) (actual time=0.098..1087.472 rows=5587 loops=1)
                          Filter: ((kind_id = 1) AND (production_year = 1995))
                          Rows Removed by Filter: 2522725
Planning time: 5.539 ms
Execution time: 11895.238 ms
