Hash Join  (cost=91959.31..952709.11 rows=5032595 width=0) (actual time=3741.628..21549.435 rows=5808329 loops=1)
  Hash Cond: (ci.movie_id = t.id)
  ->  Seq Scan on cast_info ci  (cost=0.00..705507.15 rows=8572187 width=4) (actual time=2082.433..13805.135 rows=8486314 loops=1)
        Filter: (role_id > 5)
        Rows Removed by Filter: 27758030
  ->  Hash  (cost=67604.59..67604.59 rows=1484458 width=4) (actual time=1657.845..1657.845 rows=1485030 loops=1)
        Buckets: 131072  Batches: 32  Memory Usage: 2655kB
        ->  Seq Scan on title t  (cost=0.00..67604.59 rows=1484458 width=4) (actual time=0.035..1181.615 rows=1485030 loops=1)
              Filter: (production_year > 1998)
              Rows Removed by Filter: 1043282
Planning time: 0.769 ms
Execution time: 22193.309 ms
