Hash Join  (cost=58375.85..458169.83 rows=299 width=0) (actual time=1224.813..9105.357 rows=326 loops=1)
  Hash Cond: (mi.movie_id = t.id)
  ->  Seq Scan on movie_info mi  (cost=0.00..346232.03 rows=14282391 width=4) (actual time=0.025..6220.164 rows=14308956 loops=1)
        Filter: (info_type_id < 103)
        Rows Removed by Filter: 526764
  ->  Hash  (cost=58375.18..58375.18 rows=53 width=8) (actual time=979.305..979.305 rows=28 loops=1)
        Buckets: 1024  Batches: 1  Memory Usage: 10kB
        ->  Nested Loop  (cost=0.43..58375.18 rows=53 width=8) (actual time=102.885..979.286 rows=28 loops=1)
              ->  Seq Scan on movie_companies mc  (cost=0.00..57926.93 rows=53 width=4) (actual time=102.800..978.451 rows=28 loops=1)
                    Filter: ((company_type_id > 1) AND (company_id = 78915))
                    Rows Removed by Filter: 2609101
              ->  Index Only Scan using title_pkey on title t  (cost=0.43..8.45 rows=1 width=4) (actual time=0.028..0.028 rows=1 loops=28)
                    Index Cond: (id = mc.movie_id)
                    Heap Fetches: 28
Planning time: 1.150 ms
Execution time: 9105.548 ms
