Hash Join  (cost=77642.13..784986.71 rows=6834 width=0) (actual time=1866.973..11885.965 rows=2763 loops=1)
  Hash Cond: (ci.movie_id = t.id)
  ->  Seq Scan on cast_info ci  (cost=0.00..705507.15 rows=76291 width=4) (actual time=468.257..10685.563 rows=68420 loops=1)
        Filter: (person_id < 7956)
        Rows Removed by Filter: 36175924
  ->  Hash  (cost=73925.90..73925.90 rows=226498 width=4) (actual time=1152.328..1152.328 rows=120787 loops=1)
        Buckets: 131072  Batches: 4  Memory Usage: 2083kB
        ->  Seq Scan on title t  (cost=0.00..73925.90 rows=226498 width=4) (actual time=0.033..1105.230 rows=120787 loops=1)
              Filter: ((production_year < 1970) AND (kind_id = 7))
              Rows Removed by Filter: 2407525
Planning time: 0.778 ms
Execution time: 11886.434 ms
