Hash Join  (cost=91673.71..638761.93 rows=6305630 width=0) (actual time=2082.563..15727.882 rows=2691416 loops=1)
  Hash Cond: (mi.movie_id = t.id)
  ->  Seq Scan on movie_info mi  (cost=0.00..309384.22 rows=14739122 width=4) (actual time=0.029..5917.315 rows=14835720 loops=1)
  ->  Hash  (cost=73925.90..73925.90 rows=1081744 width=4) (actual time=1696.846..1696.846 rows=1176905 loops=1)
        Buckets: 131072  Batches: 16  Memory Usage: 3625kB
        ->  Seq Scan on title t  (cost=0.00..73925.90 rows=1081744 width=4) (actual time=0.019..1328.779 rows=1176905 loops=1)
              Filter: ((production_year > 1989) AND (kind_id = 7))
              Rows Removed by Filter: 1351407
Planning time: 0.755 ms
Execution time: 15993.148 ms
