Hash Join  (cost=101943.71..854458.10 rows=172528 width=0) (actual time=1763.441..19501.478 rows=355958 loops=1)
  Hash Cond: (ci.movie_id = t.id)
  ->  Seq Scan on cast_info ci  (cost=0.00..614943.12 rows=36225612 width=4) (actual time=0.022..8556.064 rows=36244344 loops=1)
  ->  Hash  (cost=101793.18..101793.18 rows=12042 width=8) (actual time=1763.199..1763.199 rows=19373 loops=1)
        Buckets: 32768 (originally 16384)  Batches: 1 (originally 1)  Memory Usage: 1013kB
        ->  Hash Join  (cost=74745.21..101793.18 rows=12042 width=8) (actual time=1154.827..1754.294 rows=19373 loops=1)
              Hash Cond: (mi_idx.movie_id = t.id)
              ->  Seq Scan on movie_info_idx mi_idx  (cost=0.00..25185.44 rows=464566 width=4) (actual time=0.017..436.911 rows=459925 loops=1)
                    Filter: (info_type_id = 101)
                    Rows Removed by Filter: 920110
              ->  Hash  (cost=73925.90..73925.90 rows=65544 width=4) (actual time=1154.154..1154.154 rows=62209 loops=1)
                    Buckets: 131072  Batches: 1  Memory Usage: 3212kB
                    ->  Seq Scan on title t  (cost=0.00..73925.90 rows=65544 width=4) (actual time=361.045..1129.593 rows=62209 loops=1)
                          Filter: ((production_year < 2006) AND (kind_id = 4))
                          Rows Removed by Filter: 2466103
Planning time: 2.373 ms
Execution time: 19557.608 ms
