Hash Join  (cost=184636.68..553387.69 rows=409511 width=0) (actual time=3620.620..11392.564 rows=218103 loops=1)
  Hash Cond: (mi.movie_id = t.id)
  ->  Seq Scan on movie_info mi  (cost=0.00..309384.22 rows=14739122 width=4) (actual time=0.010..4235.433 rows=14835720 loops=1)
  ->  Hash  (cost=183758.53..183758.53 rows=70252 width=8) (actual time=3606.270..3606.270 rows=21778 loops=1)
        Buckets: 131072  Batches: 1  Memory Usage: 1875kB
        ->  Hash Join  (cost=75195.76..183758.53 rows=70252 width=8) (actual time=2308.448..3598.025 rows=21778 loops=1)
              Hash Cond: (mk.movie_id = t.id)
              ->  Seq Scan on movie_keyword mk  (cost=0.00..81003.12 rows=2296569 width=4) (actual time=0.021..1601.566 rows=2299305 loops=1)
                    Filter: (keyword_id < 4928)
                    Rows Removed by Filter: 2224625
              ->  Hash  (cost=73925.90..73925.90 rows=77348 width=4) (actual time=1252.845..1252.845 rows=84109 loops=1)
                    Buckets: 131072  Batches: 2  Memory Usage: 2515kB
                    ->  Seq Scan on title t  (cost=0.00..73925.90 rows=77348 width=4) (actual time=0.028..1218.937 rows=84109 loops=1)
                          Filter: ((kind_id = 7) AND (production_year = 2008))
                          Rows Removed by Filter: 2444203
Planning time: 1.205 ms
Execution time: 11421.557 ms
