Hash Join  (cost=83074.74..456447.06 rows=704 width=0) (actual time=1361.576..8166.288 rows=23684 loops=1)
  Hash Cond: (mi.movie_id = t.id)
  ->  Seq Scan on movie_info mi  (cost=0.00..346232.03 rows=7235534 width=4) (actual time=0.014..5665.621 rows=7286865 loops=1)
        Filter: (info_type_id < 8)
        Rows Removed by Filter: 7548855
  ->  Hash  (cost=83071.67..83071.67 rows=246 width=8) (actual time=1360.951..1360.951 rows=1748 loops=1)
        Buckets: 2048 (originally 1024)  Batches: 1 (originally 1)  Memory Usage: 85kB
        ->  Nested Loop  (cost=0.43..83071.67 rows=246 width=8) (actual time=2.931..1359.660 rows=1748 loops=1)
              ->  Seq Scan on movie_keyword mk  (cost=0.00..81003.12 rows=246 width=4) (actual time=2.881..1280.546 rows=1748 loops=1)
                    Filter: (keyword_id = 574)
                    Rows Removed by Filter: 4522182
              ->  Index Only Scan using title_pkey on title t  (cost=0.43..8.40 rows=1 width=4) (actual time=0.044..0.044 rows=1 loops=1748)
                    Index Cond: (id = mk.movie_id)
                    Heap Fetches: 1748
Planning time: 2.870 ms
Execution time: 8170.587 ms
