Hash Join  (cost=207746.07..1110276.23 rows=1724680 width=0) (actual time=4420.875..27922.369 rows=13194148 loops=1)
  Hash Cond: (ci.movie_id = t.id)
  ->  Seq Scan on cast_info ci  (cost=0.00..705507.15 rows=13935841 width=4) (actual time=0.049..13571.456 rows=14119281 loops=1)
        Filter: (person_id > 2253904)
        Rows Removed by Filter: 22125063
  ->  Hash  (cost=202611.49..202611.49 rows=312927 width=8) (actual time=4419.839..4419.839 rows=379694 loops=1)
        Buckets: 131072  Batches: 8  Memory Usage: 2807kB
        ->  Hash Join  (cost=76796.18..202611.49 rows=312927 width=8) (actual time=1208.504..4301.812 rows=379694 loops=1)
              Hash Cond: (mk.movie_id = t.id)
              ->  Seq Scan on movie_keyword mk  (cost=0.00..69693.30 rows=4523930 width=4) (actual time=0.020..1381.948 rows=4523930 loops=1)
              ->  Hash  (cost=73925.90..73925.90 rows=174902 width=4) (actual time=1126.655..1126.655 rows=160286 loops=1)
                    Buckets: 131072  Batches: 4  Memory Usage: 2442kB
                    ->  Seq Scan on title t  (cost=0.00..73925.90 rows=174902 width=4) (actual time=0.020..963.537 rows=160286 loops=1)
                          Filter: ((kind_id < 2) AND (production_year > 2008))
                          Rows Removed by Filter: 2368026
Planning time: 1.194 ms
Execution time: 29487.932 ms
