Hash Join  (cost=76379.89..159038.14 rows=551873 width=0) (actual time=1505.786..3832.604 rows=409251 loops=1)
  Hash Cond: (mc.movie_id = t.id)
  ->  Seq Scan on movie_companies mc  (cost=0.00..44881.29 rows=2609129 width=4) (actual time=0.011..959.196 rows=2609129 loops=1)
  ->  Hash  (cost=67604.59..67604.59 rows=534824 width=4) (actual time=1504.913..1504.913 rows=533369 loops=1)
        Buckets: 131072  Batches: 8  Memory Usage: 3369kB
        ->  Seq Scan on title t  (cost=0.00..67604.59 rows=534824 width=4) (actual time=0.013..1325.700 rows=533369 loops=1)
              Filter: (production_year > 2009)
              Rows Removed by Filter: 1994943
Planning time: 1.799 ms
Execution time: 3884.005 ms
