Seq Scan on movie_companies mc  (cost=0.00..51404.11 rows=104 width=0) (actual time=214.815..767.680 rows=35 loops=1)
  Filter: (company_id = 61476)
  Rows Removed by Filter: 2609094
Planning time: 0.382 ms
Execution time: 767.775 ms
