Nested Loop  (cost=0.43..799267.85 rows=16 width=0) (actual time=7975.675..14224.395 rows=3 loops=1)
  ->  Seq Scan on cast_info ci  (cost=0.00..796071.18 rows=382 width=4) (actual time=7975.438..14222.116 rows=136 loops=1)
        Filter: ((role_id < 6) AND (person_id = 2488369))
        Rows Removed by Filter: 36244208
  ->  Index Scan using title_pkey on title t  (cost=0.43..8.36 rows=1 width=4) (actual time=0.016..0.016 rows=0 loops=136)
        Index Cond: (id = ci.movie_id)
        Filter: ((production_year > 2010) AND (kind_id = 1))
        Rows Removed by Filter: 1
Planning time: 0.893 ms
Execution time: 14224.518 ms
