Seq Scan on title t  (cost=0.00..73925.90 rows=81662 width=0) (actual time=415.386..1007.927 rows=22 loops=1)
  Filter: ((production_year < 1938) AND (kind_id = 7))
  Rows Removed by Filter: 2528290
Planning time: 0.389 ms
Execution time: 1008.061 ms
