Hash Join  (cost=74601.78..171166.65 rows=83952 width=0) (actual time=1129.034..3888.661 rows=547074 loops=1)
  Hash Cond: (mk.movie_id = t.id)
  ->  Seq Scan on movie_keyword mk  (cost=0.00..81003.12 rows=3925926 width=4) (actual time=0.016..1348.278 rows=3920932 loops=1)
        Filter: (keyword_id > 446)
        Rows Removed by Filter: 602998
  ->  Hash  (cost=73925.90..73925.90 rows=54070 width=4) (actual time=1054.173..1054.173 rows=177199 loops=1)
        Buckets: 131072 (originally 65536)  Batches: 4 (originally 1)  Memory Usage: 3073kB
        ->  Seq Scan on title t  (cost=0.00..73925.90 rows=54070 width=4) (actual time=0.031..977.859 rows=177199 loops=1)
              Filter: ((production_year < 1956) AND (kind_id = 1))
              Rows Removed by Filter: 2351113
Planning time: 0.825 ms
Execution time: 3957.891 ms
