Hash Join  (cost=103781.64..194143.46 rows=39936 width=0) (actual time=1943.890..3928.079 rows=37953 loops=1)
  Hash Cond: (mk.movie_id = t.id)
  ->  Seq Scan on movie_keyword mk  (cost=0.00..81003.12 rows=2389156 width=4) (actual time=0.021..1541.114 rows=2387625 loops=1)
        Filter: (keyword_id < 5529)
        Rows Removed by Filter: 2136305
  ->  Hash  (cost=103253.31..103253.31 rows=42266 width=8) (actual time=1943.176..1943.176 rows=23155 loops=1)
        Buckets: 65536  Batches: 1  Memory Usage: 1417kB
        ->  Hash Join  (cost=71408.55..103253.31 rows=42266 width=8) (actual time=1261.689..1933.280 rows=23155 loops=1)
              Hash Cond: (mi_idx.movie_id = t.id)
              ->  Seq Scan on movie_info_idx mi_idx  (cost=0.00..25185.44 rows=460978 width=4) (actual time=0.016..423.463 rows=459925 loops=1)
                    Filter: (info_type_id = 99)
                    Rows Removed by Filter: 920110
              ->  Hash  (cost=67604.59..67604.59 rows=231837 width=4) (actual time=1260.833..1260.833 rows=231649 loops=1)
                    Buckets: 131072  Batches: 4  Memory Usage: 3076kB
                    ->  Seq Scan on title t  (cost=0.00..67604.59 rows=231837 width=4) (actual time=0.020..1181.184 rows=231649 loops=1)
                          Filter: (production_year > 2011)
                          Rows Removed by Filter: 2296663
Planning time: 1.184 ms
Execution time: 3933.876 ms
