Seq Scan on movie_keyword mk  (cost=0.00..81003.12 rows=246 width=0) (actual time=0.483..1367.479 rows=3642 loops=1)
  Filter: (keyword_id = 10833)
  Rows Removed by Filter: 4520288
Planning time: 0.383 ms
Execution time: 1368.429 ms
