Seq Scan on cast_info ci  (cost=0.00..796071.18 rows=21505 width=0) (actual time=1290.806..10221.602 rows=12809 loops=1)
  Filter: ((person_id < 5161) AND (role_id > 2))
  Rows Removed by Filter: 36231535
Planning time: 0.344 ms
Execution time: 10223.437 ms
