Hash Join  (cost=952803.65..1098551.74 rows=1949005 width=0) (actual time=17927.904..22097.659 rows=3141024 loops=1)
  Hash Cond: (mk.movie_id = t.id)
  ->  Seq Scan on movie_keyword mk  (cost=0.00..69693.30 rows=4523930 width=4) (actual time=0.022..1410.353 rows=4523930 loops=1)
  ->  Hash  (cost=934930.86..934930.86 rows=1089343 width=8) (actual time=17926.940..17926.940 rows=844000 loops=1)
        Buckets: 131072  Batches: 16  Memory Usage: 3085kB
        ->  Hash Join  (cost=102767.86..934930.86 rows=1089343 width=8) (actual time=11746.874..17650.148 rows=844000 loops=1)
              Hash Cond: (ci.movie_id = t.id)
              ->  Seq Scan on cast_info ci  (cost=0.00..796071.18 rows=1089343 width=4) (actual time=9717.341..14472.018 rows=844000 loops=1)
                    Filter: ((person_id < 2305443) AND (role_id = 8))
                    Rows Removed by Filter: 35400344
              ->  Hash  (cost=61283.27..61283.27 rows=2528527 width=4) (actual time=2028.318..2028.318 rows=2528312 loops=1)
                    Buckets: 131072  Batches: 64  Memory Usage: 2415kB
                    ->  Seq Scan on title t  (cost=0.00..61283.27 rows=2528527 width=4) (actual time=0.026..1169.662 rows=2528312 loops=1)
Planning time: 1.183 ms
Execution time: 22446.940 ms
