Hash Join  (cost=58358.90..423017.80 rows=297 width=0) (actual time=813.534..7781.024 rows=2685 loops=1)
  Hash Cond: (mi.movie_id = t.id)
  ->  Seq Scan on movie_info mi  (cost=0.00..309384.22 rows=14739122 width=4) (actual time=0.026..4315.139 rows=14835720 loops=1)
  ->  Hash  (cost=58358.27..58358.27 rows=51 width=8) (actual time=812.317..812.317 rows=89 loops=1)
        Buckets: 1024  Batches: 1  Memory Usage: 12kB
        ->  Nested Loop  (cost=0.43..58358.27 rows=51 width=8) (actual time=445.482..812.243 rows=89 loops=1)
              ->  Seq Scan on movie_companies mc  (cost=0.00..57926.93 rows=51 width=4) (actual time=445.353..807.144 rows=89 loops=1)
                    Filter: ((company_id = 3057) AND (company_type_id = 1))
                    Rows Removed by Filter: 2609040
              ->  Index Only Scan using title_pkey on title t  (cost=0.43..8.45 rows=1 width=4) (actual time=0.055..0.056 rows=1 loops=89)
                    Index Cond: (id = mc.movie_id)
                    Heap Fetches: 89
Planning time: 1.161 ms
Execution time: 7781.685 ms
