Seq Scan on movie_keyword mk  (cost=0.00..81003.12 rows=246 width=0) (actual time=0.785..1307.919 rows=1092 loops=1)
  Filter: (keyword_id = 5990)
  Rows Removed by Filter: 4522838
Planning time: 0.382 ms
Execution time: 1308.434 ms
