Seq Scan on cast_info ci  (cost=0.00..705507.15 rows=8077057 width=0) (actual time=3648.160..11830.091 rows=8041287 loops=1)
  Filter: (person_id > 2876231)
  Rows Removed by Filter: 28203057
Planning time: 0.317 ms
Execution time: 12909.972 ms
