Hash Join  (cost=102767.86..248910.23 rows=2296569 width=0) (actual time=1981.702..5757.728 rows=2299305 loops=1)
  Hash Cond: (mk.movie_id = t.id)
  ->  Seq Scan on movie_keyword mk  (cost=0.00..81003.12 rows=2296569 width=4) (actual time=0.030..1674.455 rows=2299305 loops=1)
        Filter: (keyword_id < 4928)
        Rows Removed by Filter: 2224625
  ->  Hash  (cost=61283.27..61283.27 rows=2528527 width=4) (actual time=1979.294..1979.294 rows=2528312 loops=1)
        Buckets: 131072  Batches: 64  Memory Usage: 2425kB
        ->  Seq Scan on title t  (cost=0.00..61283.27 rows=2528527 width=4) (actual time=0.009..1117.855 rows=2528312 loops=1)
Planning time: 0.734 ms
Execution time: 6027.474 ms
