Hash Join  (cost=197473.08..341150.38 rows=1779026 width=0) (actual time=4677.515..7731.100 rows=475029 loops=1)
  Hash Cond: (mk.movie_id = t.id)
  ->  Seq Scan on movie_keyword mk  (cost=0.00..69693.30 rows=4523930 width=4) (actual time=0.009..1371.150 rows=4523930 loops=1)
  ->  Hash  (cost=181158.86..181158.86 rows=994338 width=8) (actual time=4235.746..4235.746 rows=263740 loops=1)
        Buckets: 131072  Batches: 16  Memory Usage: 1665kB
        ->  Hash Join  (cost=92883.59..181158.86 rows=994338 width=8) (actual time=2010.473..4157.607 rows=263740 loops=1)
              Hash Cond: (mc.movie_id = t.id)
              ->  Seq Scan on movie_companies mc  (cost=0.00..51404.11 rows=1631756 width=4) (actual time=0.020..1091.328 rows=1630856 loops=1)
                    Filter: (company_id > 4339)
                    Rows Removed by Filter: 978273
              ->  Hash  (cost=67604.59..67604.59 rows=1540800 width=4) (actual time=1970.277..1970.277 rows=1543264 loops=1)
                    Buckets: 131072  Batches: 32  Memory Usage: 2722kB
                    ->  Seq Scan on title t  (cost=0.00..67604.59 rows=1540800 width=4) (actual time=172.452..1252.511 rows=1543264 loops=1)
                          Filter: (kind_id = 7)
                          Rows Removed by Filter: 985048
Planning time: 0.665 ms
Execution time: 7787.928 ms
