Hash Join  (cost=154654.97..538510.42 rows=77562 width=0) (actual time=2514.861..10485.209 rows=805072 loops=1)
  Hash Cond: (mi.movie_id = t.id)
  ->  Seq Scan on movie_info mi  (cost=0.00..309384.22 rows=14739122 width=4) (actual time=0.013..4691.522 rows=14835720 loops=1)
  ->  Hash  (cost=154488.65..154488.65 rows=13306 width=8) (actual time=2514.494..2514.494 rows=19504 loops=1)
        Buckets: 32768 (originally 16384)  Batches: 1 (originally 1)  Memory Usage: 1018kB
        ->  Hash Join  (cost=67697.55..154488.65 rows=13306 width=8) (actual time=1009.409..2508.116 rows=19504 loops=1)
              Hash Cond: (mk.movie_id = t.id)
              ->  Seq Scan on movie_keyword mk  (cost=0.00..69693.30 rows=4523930 width=4) (actual time=0.006..763.191 rows=4523930 loops=1)
              ->  Hash  (cost=67604.59..67604.59 rows=7437 width=4) (actual time=1007.875..1007.875 rows=8628 loops=1)
                    Buckets: 16384 (originally 8192)  Batches: 1 (originally 1)  Memory Usage: 432kB
                    ->  Seq Scan on title t  (cost=0.00..67604.59 rows=7437 width=4) (actual time=0.068..1003.430 rows=8628 loops=1)
                          Filter: (production_year = 1956)
                          Rows Removed by Filter: 2519684
Planning time: 1.231 ms
Execution time: 10587.425 ms
