Hash Join  (cost=78556.72..203728.79 rows=772538 width=0) (actual time=1607.638..5154.429 rows=1883600 loops=1)
  Hash Cond: (mk.movie_id = t.id)
  ->  Seq Scan on movie_keyword mk  (cost=0.00..81003.12 rows=2926282 width=4) (actual time=0.013..1645.292 rows=2913580 loops=1)
        Filter: (keyword_id < 9427)
        Rows Removed by Filter: 1610350
  ->  Hash  (cost=67604.59..67604.59 rows=667531 width=4) (actual time=1606.756..1606.756 rows=662825 loops=1)
        Buckets: 131072  Batches: 16  Memory Usage: 2486kB
        ->  Seq Scan on title t  (cost=0.00..67604.59 rows=667531 width=4) (actual time=0.016..1120.019 rows=662825 loops=1)
              Filter: (kind_id < 2)
              Rows Removed by Filter: 1865487
Planning time: 0.522 ms
Execution time: 5392.205 ms
