Hash Join  (cost=70308.29..180496.16 rows=152266 width=0) (actual time=1175.376..3546.471 rows=51715 loops=1)
  Hash Cond: (mk.movie_id = t.id)
  ->  Seq Scan on movie_keyword mk  (cost=0.00..81003.12 rows=2336556 width=4) (actual time=0.024..1576.720 rows=2337824 loops=1)
        Filter: (keyword_id < 5169)
        Rows Removed by Filter: 2186106
  ->  Hash  (cost=67604.59..67604.59 rows=164776 width=4) (actual time=1174.079..1174.079 rows=164307 loops=1)
        Buckets: 131072  Batches: 4  Memory Usage: 2488kB
        ->  Seq Scan on title t  (cost=0.00..67604.59 rows=164776 width=4) (actual time=0.023..1116.275 rows=164307 loops=1)
              Filter: (production_year = 2012)
              Rows Removed by Filter: 2364005
Planning time: 0.749 ms
Execution time: 3551.731 ms
