Seq Scan on movie_keyword mk  (cost=0.00..81003.12 rows=575800 width=0) (actual time=0.024..1439.136 rows=573647 loops=1)
  Filter: (keyword_id > 32026)
  Rows Removed by Filter: 3950283
Planning time: 0.339 ms
Execution time: 1517.887 ms
