Hash Join  (cost=73982.55..160721.67 rows=8108 width=0) (actual time=1697.081..2960.765 rows=3661 loops=1)
  Hash Cond: (mk.movie_id = t.id)
  ->  Seq Scan on movie_keyword mk  (cost=0.00..69693.30 rows=4523930 width=4) (actual time=0.023..921.858 rows=4523930 loops=1)
  ->  Hash  (cost=73925.90..73925.90 rows=4532 width=4) (actual time=1237.914..1237.914 rows=8269 loops=1)
        Buckets: 16384 (originally 8192)  Batches: 1 (originally 1)  Memory Usage: 419kB
        ->  Seq Scan on title t  (cost=0.00..73925.90 rows=4532 width=4) (actual time=0.020..1233.877 rows=8269 loops=1)
              Filter: ((kind_id = 7) AND (production_year = 1971))
              Rows Removed by Filter: 2520043
Planning time: 0.755 ms
Execution time: 2961.429 ms
