Seq Scan on movie_companies mc  (cost=0.00..51404.11 rows=104 width=0) (actual time=28.127..845.077 rows=379 loops=1)
  Filter: (company_id = 1005)
  Rows Removed by Filter: 2608750
Planning time: 0.382 ms
Execution time: 845.248 ms
