Hash Join  (cost=216611.40..1176262.79 rows=3635233 width=0) (actual time=5445.044..30037.043 rows=10938144 loops=1)
  Hash Cond: (ci.movie_id = t.id)
  ->  Seq Scan on cast_info ci  (cost=0.00..796071.18 rows=10713571 width=4) (actual time=840.793..15945.761 rows=14175831 loops=1)
        Filter: ((person_id < 1928508) AND (role_id < 3))
        Rows Removed by Filter: 22068513
  ->  Hash  (cost=202534.93..202534.93 rows=857957 width=8) (actual time=4603.376..4603.376 rows=591032 loops=1)
        Buckets: 131072  Batches: 16  Memory Usage: 2494kB
        ->  Hash Join  (cost=84197.31..202534.93 rows=857957 width=8) (actual time=1689.784..4463.866 rows=591032 loops=1)
              Hash Cond: (mk.movie_id = t.id)
              ->  Seq Scan on movie_keyword mk  (cost=0.00..81003.12 rows=2145047 width=4) (actual time=0.032..1587.952 rows=2152934 loops=1)
                    Filter: (keyword_id < 4056)
                    Rows Removed by Filter: 2370996
              ->  Hash  (cost=67604.59..67604.59 rows=1011338 width=4) (actual time=1687.824..1687.824 rows=1012920 loops=1)
                    Buckets: 131072  Batches: 16  Memory Usage: 3257kB
                    ->  Seq Scan on title t  (cost=0.00..67604.59 rows=1011338 width=4) (actual time=0.022..1331.607 rows=1012920 loops=1)
                          Filter: (production_year > 2005)
                          Rows Removed by Filter: 1515392
Planning time: 1.033 ms
Execution time: 31225.748 ms
