Hash Join  (cost=96603.40..1333831.12 rows=19802455 width=0) (actual time=1891.104..39595.054 rows=20923737 loops=1)
  Hash Cond: (ci.movie_id = t.id)
  ->  Seq Scan on cast_info ci  (cost=0.00..614943.12 rows=36225612 width=4) (actual time=0.023..13909.125 rows=36244344 loops=1)
  ->  Hash  (cost=73925.90..73925.90 rows=1382200 width=4) (actual time=1889.750..1889.750 rows=1460524 loops=1)
        Buckets: 131072  Batches: 32  Memory Usage: 2630kB
        ->  Seq Scan on title t  (cost=0.00..73925.90 rows=1382200 width=4) (actual time=0.019..1431.486 rows=1460524 loops=1)
              Filter: ((production_year > 1954) AND (kind_id = 7))
              Rows Removed by Filter: 1067788
Planning time: 0.765 ms
Execution time: 41765.022 ms
