Seq Scan on movie_info mi  (cost=0.00..346232.03 rows=13631341 width=75) (actual time=0.021..7982.066 rows=13669232 loops=1)
  Filter: (info_type_id < 47)
  Rows Removed by Filter: 1166488
Planning time: 0.417 ms
Execution time: 8804.067 ms
