Hash Join  (cost=94699.36..935937.90 rows=57856 width=0) (actual time=1735.204..23586.230 rows=498675 loops=1)
  Hash Cond: (ci.movie_id = t.id)
  ->  Seq Scan on cast_info ci  (cost=0.00..705507.15 rows=36040755 width=4) (actual time=0.021..13963.620 rows=36097549 loops=1)
        Filter: (person_id > 18116)
        Rows Removed by Filter: 146795
  ->  Hash  (cost=94648.62..94648.62 rows=4059 width=8) (actual time=1734.769..1734.769 rows=17033 loops=1)
        Buckets: 32768 (originally 4096)  Batches: 1 (originally 1)  Memory Usage: 922kB
        ->  Hash Join  (cost=67697.55..94648.62 rows=4059 width=8) (actual time=1023.748..1728.325 rows=17033 loops=1)
              Hash Cond: (mi_idx.movie_id = t.id)
              ->  Seq Scan on movie_info_idx mi_idx  (cost=0.00..21735.35 rows=1380035 width=4) (actual time=0.022..389.563 rows=1380035 loops=1)
              ->  Hash  (cost=67604.59..67604.59 rows=7437 width=4) (actual time=1023.628..1023.628 rows=21312 loops=1)
                    Buckets: 32768 (originally 8192)  Batches: 1 (originally 1)  Memory Usage: 1006kB
                    ->  Seq Scan on title t  (cost=0.00..67604.59 rows=7437 width=4) (actual time=0.023..1013.942 rows=21312 loops=1)
                          Filter: (production_year = 1989)
                          Rows Removed by Filter: 2507000
Planning time: 1.181 ms
Execution time: 23657.429 ms
