Seq Scan on cast_info ci  (cost=0.00..796071.18 rows=298219 width=0) (actual time=345.110..14125.941 rows=110834 loops=1)
  Filter: ((person_id < 3110834) AND (role_id > 10))
  Rows Removed by Filter: 36133510
Planning time: 0.357 ms
Execution time: 14140.350 ms
