Seq Scan on title t  (cost=0.00..73925.90 rows=2905 width=0) (actual time=0.058..1086.369 rows=3172 loops=1)
  Filter: ((kind_id < 7) AND (production_year = 1953))
  Rows Removed by Filter: 2525140
Planning time: 0.376 ms
Execution time: 1087.279 ms
