Hash Join  (cost=101278.60..853463.19 rows=139536 width=0) (actual time=1599.456..19724.432 rows=484519 loops=1)
  Hash Cond: (ci.movie_id = t.id)
  ->  Seq Scan on cast_info ci  (cost=0.00..614943.12 rows=36225612 width=4) (actual time=0.015..9341.144 rows=36244344 loops=1)
  ->  Hash  (cost=101156.85..101156.85 rows=9740 width=8) (actual time=1599.179..1599.179 rows=16269 loops=1)
        Buckets: 16384  Batches: 1  Memory Usage: 764kB
        ->  Hash Join  (cost=74148.97..101156.85 rows=9740 width=8) (actual time=963.029..1593.852 rows=16269 loops=1)
              Hash Cond: (mi_idx.movie_id = t.id)
              ->  Seq Scan on movie_info_idx mi_idx  (cost=0.00..21735.35 rows=1380035 width=4) (actual time=0.020..347.176 rows=1380035 loops=1)
              ->  Hash  (cost=73925.90..73925.90 rows=17845 width=4) (actual time=962.810..962.810 rows=10782 loops=1)
                    Buckets: 32768  Batches: 1  Memory Usage: 636kB
                    ->  Seq Scan on title t  (cost=0.00..73925.90 rows=17845 width=4) (actual time=463.569..958.448 rows=10782 loops=1)
                          Filter: ((kind_id < 2) AND (production_year = 2003))
                          Rows Removed by Filter: 2517530
Planning time: 1.066 ms
Execution time: 19796.748 ms
