Hash Join  (cost=1058532.62..1823865.97 rows=21579471 width=0) (actual time=20260.283..45332.190 rows=45423867 loops=1)
  Hash Cond: (mi.movie_id = t.id)
  ->  Seq Scan on movie_info mi  (cost=0.00..309384.22 rows=14739122 width=4) (actual time=0.021..6602.592 rows=14835720 loops=1)
  ->  Hash  (cost=997796.59..997796.59 rows=3702003 width=8) (actual time=20256.769..20256.769 rows=1775164 loops=1)
        Buckets: 131072  Batches: 64  Memory Usage: 2169kB
        ->  Hash Join  (cost=102767.86..997796.59 rows=3702003 width=8) (actual time=13259.057..19695.729 rows=1775164 loops=1)
              Hash Cond: (ci.movie_id = t.id)
              ->  Seq Scan on cast_info ci  (cost=0.00..796071.18 rows=3702003 width=4) (actual time=11328.008..15860.382 rows=1775164 loops=1)
                    Filter: ((person_id < 3137695) AND (role_id = 10))
                    Rows Removed by Filter: 34469180
              ->  Hash  (cost=61283.27..61283.27 rows=2528527 width=4) (actual time=1929.871..1929.871 rows=2528312 loops=1)
                    Buckets: 131072  Batches: 64  Memory Usage: 2415kB
                    ->  Seq Scan on title t  (cost=0.00..61283.27 rows=2528527 width=4) (actual time=0.015..1092.341 rows=2528312 loops=1)
Planning time: 1.207 ms
Execution time: 50310.898 ms
