Nested Loop  (cost=0.43..798787.41 rows=324 width=0) (actual time=3250.606..13988.229 rows=21 loops=1)
  ->  Seq Scan on cast_info ci  (cost=0.00..796071.18 rows=324 width=4) (actual time=3250.527..13987.747 rows=21 loops=1)
        Filter: ((role_id > 1) AND (person_id = 2004009))
        Rows Removed by Filter: 36244323
  ->  Index Only Scan using title_pkey on title t  (cost=0.43..8.37 rows=1 width=4) (actual time=0.019..0.020 rows=1 loops=21)
        Index Cond: (id = ci.movie_id)
        Heap Fetches: 21
Planning time: 0.743 ms
Execution time: 13988.623 ms
