Seq Scan on movie_companies mc  (cost=0.00..51404.11 rows=2023994 width=0) (actual time=0.024..964.871 rows=2016685 loops=1)
  Filter: (company_id < 69856)
  Rows Removed by Filter: 592444
Planning time: 0.323 ms
Execution time: 1222.947 ms
