Seq Scan on movie_keyword mk  (cost=0.00..81003.12 rows=246 width=0) (actual time=0.122..864.269 rows=2923 loops=1)
  Filter: (keyword_id = 1535)
  Rows Removed by Filter: 4521007
Planning time: 0.382 ms
Execution time: 865.014 ms
