Hash Join  (cost=102767.86..989171.89 rows=3343560 width=0) (actual time=1950.156..21571.466 rows=6714866 loops=1)
  Hash Cond: (ci.movie_id = t.id)
  ->  Seq Scan on cast_info ci  (cost=0.00..796071.18 rows=3343560 width=4) (actual time=0.019..13583.412 rows=6714866 loops=1)
        Filter: ((person_id < 919632) AND (role_id < 2))
        Rows Removed by Filter: 29529478
  ->  Hash  (cost=61283.27..61283.27 rows=2528527 width=4) (actual time=1948.602..1948.602 rows=2528312 loops=1)
        Buckets: 131072  Batches: 64  Memory Usage: 2415kB
        ->  Seq Scan on title t  (cost=0.00..61283.27 rows=2528527 width=4) (actual time=0.019..1100.283 rows=2528312 loops=1)
Planning time: 0.834 ms
Execution time: 22314.605 ms
