Hash Join  (cost=141355.54..504493.77 rows=75969 width=0) (actual time=3326.633..9220.126 rows=73414 loops=1)
  Hash Cond: (mi.movie_id = t.id)
  ->  Seq Scan on movie_info mi  (cost=0.00..346232.03 rows=1348138 width=4) (actual time=0.015..5362.891 rows=1298989 loops=1)
        Filter: (info_type_id = 4)
        Rows Removed by Filter: 13536731
  ->  Hash  (cost=139017.46..139017.46 rows=142486 width=8) (actual time=3325.807..3325.807 rows=96649 loops=1)
        Buckets: 131072  Batches: 2  Memory Usage: 2916kB
        ->  Hash Join  (cost=74050.79..139017.46 rows=142486 width=8) (actual time=1327.694..3289.223 rows=96649 loops=1)
              Hash Cond: (mc.movie_id = t.id)
              ->  Seq Scan on movie_companies mc  (cost=0.00..51404.11 rows=916987 width=4) (actual time=0.021..949.286 rows=918590 loops=1)
                    Filter: (company_id < 3139)
                    Rows Removed by Filter: 1690539
              ->  Hash  (cost=67604.59..67604.59 rows=392896 width=4) (actual time=1326.487..1326.487 rows=391666 loops=1)
                    Buckets: 131072  Batches: 8  Memory Usage: 2753kB
                    ->  Seq Scan on title t  (cost=0.00..67604.59 rows=392896 width=4) (actual time=0.023..1197.299 rows=391666 loops=1)
                          Filter: (production_year > 2010)
                          Rows Removed by Filter: 2136646
Planning time: 1.175 ms
Execution time: 9230.371 ms
