Seq Scan on movie_companies mc  (cost=0.00..57926.93 rows=299583 width=0) (actual time=0.020..930.130 rows=593195 loops=1)
  Filter: ((company_id > 69160) AND (company_type_id > 1))
  Rows Removed by Filter: 2015934
Planning time: 0.335 ms
Execution time: 1005.268 ms
