Hash Join  (cost=68438.72..819530.13 rows=299714 width=0) (actual time=4068.747..16437.396 rows=333925 loops=1)
  Hash Cond: (ci.movie_id = t.id)
  ->  Seq Scan on cast_info ci  (cost=0.00..705507.15 rows=11356564 width=4) (actual time=2931.220..11661.839 rows=11348622 loops=1)
        Filter: (person_id > 2564949)
        Rows Removed by Filter: 24895722
  ->  Hash  (cost=67604.59..67604.59 rows=66731 width=4) (actual time=1136.663..1136.663 rows=67342 loops=1)
        Buckets: 131072  Batches: 1  Memory Usage: 3392kB
        ->  Seq Scan on title t  (cost=0.00..67604.59 rows=66731 width=4) (actual time=0.025..1107.872 rows=67342 loops=1)
              Filter: (production_year > 2012)
              Rows Removed by Filter: 2460970
Planning time: 2.046 ms
Execution time: 16486.667 ms
