Hash Join  (cost=188665.16..696274.55 rows=2605646 width=0) (actual time=3907.917..23305.642 rows=21858360 loops=1)
  Hash Cond: (mi.movie_id = t.id)
  ->  Seq Scan on movie_info mi  (cost=0.00..309384.22 rows=14739122 width=4) (actual time=0.016..6045.317 rows=14835720 loops=1)
  ->  Hash  (cost=181330.61..181330.61 rows=447004 width=8) (actual time=3906.892..3906.892 rows=646034 loops=1)
        Buckets: 131072 (originally 131072)  Batches: 16 (originally 8)  Memory Usage: 3073kB
        ->  Hash Join  (cost=102767.86..181330.61 rows=447004 width=8) (actual time=1917.656..3723.112 rows=646034 loops=1)
              Hash Cond: (mc.movie_id = t.id)
              ->  Seq Scan on movie_companies mc  (cost=0.00..57926.93 rows=447004 width=4) (actual time=0.033..930.680 rows=646034 loops=1)
                    Filter: ((company_id < 3042) AND (company_type_id = 1))
                    Rows Removed by Filter: 1963095
              ->  Hash  (cost=61283.27..61283.27 rows=2528527 width=4) (actual time=1916.187..1916.187 rows=2528312 loops=1)
                    Buckets: 131072  Batches: 64  Memory Usage: 2415kB
                    ->  Seq Scan on title t  (cost=0.00..61283.27 rows=2528527 width=4) (actual time=0.014..1087.810 rows=2528312 loops=1)
Planning time: 1.133 ms
Execution time: 25911.165 ms
