Seq Scan on cast_info ci  (cost=0.00..796071.18 rows=396 width=0) (actual time=8632.735..14845.799 rows=400 loops=1)
  Filter: ((role_id < 8) AND (person_id = 2276091))
  Rows Removed by Filter: 36243944
Planning time: 0.432 ms
Execution time: 14846.520 ms
