Hash Join  (cost=709678.08..1059517.33 rows=112 width=0) (actual time=13382.556..16587.964 rows=7 loops=1)
  Hash Cond: (mi.movie_id = t.id)
  ->  Seq Scan on movie_info mi  (cost=0.00..346232.03 rows=961628 width=4) (actual time=2143.431..5450.551 rows=1013173 loops=1)
        Filter: (info_type_id > 86)
        Rows Removed by Filter: 13822547
  ->  Hash  (cost=709674.40..709674.40 rows=294 width=8) (actual time=11001.033..11001.033 rows=30 loops=1)
        Buckets: 1024  Batches: 1  Memory Usage: 10kB
        ->  Nested Loop  (cost=0.43..709674.40 rows=294 width=8) (actual time=7815.728..11000.970 rows=30 loops=1)
              ->  Seq Scan on cast_info ci  (cost=0.00..705507.15 rows=500 width=4) (actual time=7814.879..10994.093 rows=63 loops=1)
                    Filter: (person_id = 1388915)
                    Rows Removed by Filter: 36244281
              ->  Index Scan using title_pkey on title t  (cost=0.43..8.32 rows=1 width=4) (actual time=0.108..0.108 rows=0 loops=63)
                    Index Cond: (id = ci.movie_id)
                    Filter: ((production_year > 1906) AND (kind_id = 7))
                    Rows Removed by Filter: 1
Planning time: 1.133 ms
Execution time: 16588.088 ms
