Hash Join  (cost=58358.90..85269.67 rows=28 width=0) (actual time=927.960..1526.478 rows=960 loops=1)
  Hash Cond: (mi_idx.movie_id = t.id)
  ->  Seq Scan on movie_info_idx mi_idx  (cost=0.00..21735.35 rows=1380035 width=4) (actual time=0.021..320.733 rows=1380035 loops=1)
  ->  Hash  (cost=58358.27..58358.27 rows=51 width=8) (actual time=926.573..926.573 rows=1020 loops=1)
        Buckets: 1024  Batches: 1  Memory Usage: 48kB
        ->  Nested Loop  (cost=0.43..58358.27 rows=51 width=8) (actual time=3.938..925.952 rows=1020 loops=1)
              ->  Seq Scan on movie_companies mc  (cost=0.00..57926.93 rows=51 width=4) (actual time=3.872..885.346 rows=1020 loops=1)
                    Filter: ((company_type_id < 2) AND (company_id = 128))
                    Rows Removed by Filter: 2608109
              ->  Index Only Scan using title_pkey on title t  (cost=0.43..8.45 rows=1 width=4) (actual time=0.038..0.039 rows=1 loops=1020)
                    Index Cond: (id = mc.movie_id)
                    Heap Fetches: 1020
Planning time: 1.108 ms
Execution time: 1526.805 ms
