Hash Join  (cost=28270.91..392946.36 rows=1952 width=0) (actual time=503.068..7302.510 rows=86238 loops=1)
  Hash Cond: (mi.movie_id = t.id)
  ->  Seq Scan on movie_info mi  (cost=0.00..309384.22 rows=14739122 width=4) (actual time=0.013..4095.290 rows=14835720 loops=1)
  ->  Hash  (cost=28266.72..28266.72 rows=335 width=8) (actual time=403.849..403.849 rows=231 loops=1)
        Buckets: 1024  Batches: 1  Memory Usage: 18kB
        ->  Nested Loop  (cost=0.43..28266.72 rows=335 width=8) (actual time=170.034..403.728 rows=231 loops=1)
              ->  Seq Scan on movie_info_idx mi_idx  (cost=0.00..25185.44 rows=368 width=4) (actual time=169.981..397.397 rows=260 loops=1)
                    Filter: (info_type_id > 101)
                    Rows Removed by Filter: 1379775
              ->  Index Scan using title_pkey on title t  (cost=0.43..8.36 rows=1 width=4) (actual time=0.023..0.024 rows=1 loops=260)
                    Index Cond: (id = mi_idx.movie_id)
                    Filter: (production_year > 1949)
                    Rows Removed by Filter: 0
Planning time: 1.998 ms
Execution time: 7314.774 ms
