Hash Join  (cost=102767.86..280223.64 rows=3597825 width=0) (actual time=1957.891..6661.301 rows=3592732 loops=1)
  Hash Cond: (mk.movie_id = t.id)
  ->  Seq Scan on movie_keyword mk  (cost=0.00..81003.12 rows=3597825 width=4) (actual time=0.029..1708.373 rows=3592732 loops=1)
        Filter: (keyword_id < 20321)
        Rows Removed by Filter: 931198
  ->  Hash  (cost=61283.27..61283.27 rows=2528527 width=4) (actual time=1956.667..1956.667 rows=2528312 loops=1)
        Buckets: 131072  Batches: 64  Memory Usage: 2425kB
        ->  Seq Scan on title t  (cost=0.00..61283.27 rows=2528527 width=4) (actual time=0.023..1119.915 rows=2528312 loops=1)
Planning time: 0.916 ms
Execution time: 7075.789 ms
