Seq Scan on cast_info ci  (cost=0.00..796071.18 rows=8131948 width=0) (actual time=0.024..15904.116 rows=8725042 loops=1)
  Filter: ((person_id > 484552) AND (role_id > 4))
  Rows Removed by Filter: 27519302
Planning time: 0.263 ms
Execution time: 16991.292 ms
