Hash Join  (cost=481915.06..1554922.22 rows=6203347 width=0) (actual time=10923.385..49956.132 rows=48960262 loops=1)
  Hash Cond: (ci.movie_id = t.id)
  ->  Seq Scan on cast_info ci  (cost=0.00..796071.18 rows=18296397 width=4) (actual time=1449.086..17972.887 rows=17937661 loops=1)
        Filter: ((person_id > 294416) AND (role_id < 3))
        Rows Removed by Filter: 18306683
  ->  Hash  (cost=467849.92..467849.92 rows=857291 width=8) (actual time=9473.111..9473.111 rows=1863158 loops=1)
        Buckets: 131072 (originally 131072)  Batches: 32 (originally 16)  Memory Usage: 3160kB
        ->  Hash Join  (cost=83810.17..467849.92 rows=857291 width=8) (actual time=1583.225..8881.377 rows=1863158 loops=1)
              Hash Cond: (mi.movie_id = t.id)
              ->  Seq Scan on movie_info mi  (cost=0.00..346232.03 rows=2194617 width=4) (actual time=124.878..5545.454 rows=2233850 loops=1)
                    Filter: (info_type_id > 16)
                    Rows Removed by Filter: 12601870
              ->  Hash  (cost=67604.59..67604.59 rows=987727 width=4) (actual time=1457.517..1457.517 rows=985048 loops=1)
                    Buckets: 131072  Batches: 16  Memory Usage: 3197kB
                    ->  Seq Scan on title t  (cost=0.00..67604.59 rows=987727 width=4) (actual time=0.028..1142.529 rows=985048 loops=1)
                          Filter: (kind_id < 7)
                          Rows Removed by Filter: 1543264
Planning time: 1.177 ms
Execution time: 55408.374 ms
