Hash Join  (cost=71623.76..158287.24 rows=544 width=0) (actual time=993.632..2749.743 rows=1681 loops=1)
  Hash Cond: (mk.movie_id = t.id)
  ->  Seq Scan on movie_keyword mk  (cost=0.00..69693.30 rows=4523930 width=4) (actual time=0.012..1023.881 rows=4523930 loops=1)
  ->  Hash  (cost=71619.96..71619.96 rows=304 width=8) (actual time=963.990..963.990 rows=214 loops=1)
        Buckets: 1024  Batches: 1  Memory Usage: 17kB
        ->  Nested Loop  (cost=0.43..71619.96 rows=304 width=8) (actual time=6.604..963.802 rows=214 loops=1)
              ->  Seq Scan on movie_companies mc  (cost=0.00..57926.93 rows=1706 width=4) (actual time=6.532..895.645 rows=2396 loops=1)
                    Filter: ((company_type_id < 2) AND (company_id = 419))
                    Rows Removed by Filter: 2606733
              ->  Index Scan using title_pkey on title t  (cost=0.43..8.02 rows=1 width=4) (actual time=0.028..0.028 rows=0 loops=2396)
                    Index Cond: (id = mc.movie_id)
                    Filter: ((production_year > 1992) AND (kind_id = 1))
                    Rows Removed by Filter: 1
Planning time: 0.816 ms
Execution time: 2750.127 ms
