Hash Join  (cost=102767.86..955273.67 rows=1934808 width=0) (actual time=1971.632..18151.113 rows=1988874 loops=1)
  Hash Cond: (ci.movie_id = t.id)
  ->  Seq Scan on cast_info ci  (cost=0.00..796071.18 rows=1934808 width=4) (actual time=0.021..14047.754 rows=1988874 loops=1)
        Filter: ((person_id > 1024729) AND (role_id = 4))
        Rows Removed by Filter: 34255470
  ->  Hash  (cost=61283.27..61283.27 rows=2528527 width=4) (actual time=1969.845..1969.845 rows=2528312 loops=1)
        Buckets: 131072  Batches: 64  Memory Usage: 2415kB
        ->  Seq Scan on title t  (cost=0.00..61283.27 rows=2528527 width=4) (actual time=0.012..1143.867 rows=2528312 loops=1)
Planning time: 0.781 ms
Execution time: 18388.875 ms
