Seq Scan on cast_info ci  (cost=0.00..796071.18 rows=20807244 width=0) (actual time=0.013..17086.506 rows=24130698 loops=1)
  Filter: ((person_id < 3185522) AND (role_id < 4))
  Rows Removed by Filter: 12113646
Planning time: 0.351 ms
Execution time: 20060.901 ms
