Seq Scan on movie_keyword mk  (cost=0.00..81003.12 rows=1830127 width=0) (actual time=0.021..1404.172 rows=1835881 loops=1)
  Filter: (keyword_id > 7592)
  Rows Removed by Filter: 2688049
Planning time: 0.256 ms
Execution time: 1637.419 ms
