Seq Scan on cast_info ci  (cost=0.00..705507.15 rows=10889037 width=0) (actual time=1918.200..12353.554 rows=10895453 loops=1)
  Filter: (person_id > 2616897)
  Rows Removed by Filter: 25348891
Planning time: 0.441 ms
Execution time: 13733.802 ms
