Seq Scan on cast_info ci  (cost=0.00..796071.18 rows=23916126 width=0) (actual time=0.050..16940.859 rows=26669889 loops=1)
  Filter: ((person_id < 3041335) AND (role_id < 8))
  Rows Removed by Filter: 9574455
Planning time: 0.394 ms
Execution time: 20128.161 ms
