Seq Scan on movie_keyword mk  (cost=0.00..81003.12 rows=3296190 width=0) (actual time=0.026..1162.211 rows=3288721 loops=1)
  Filter: (keyword_id > 1568)
  Rows Removed by Filter: 1235209
Planning time: 0.353 ms
Execution time: 1482.976 ms
