Hash Join  (cost=190230.21..1030057.25 rows=1230222 width=0) (actual time=16250.653..20168.946 rows=1898569 loops=1)
  Hash Cond: (ci.movie_id = t.id)
  ->  Seq Scan on cast_info ci  (cost=0.00..796071.18 rows=2254037 width=4) (actual time=11820.376..14387.656 rows=1457533 loops=1)
        Filter: ((person_id < 2043308) AND (role_id = 3))
        Rows Removed by Filter: 34786811
  ->  Hash  (cost=167588.78..167588.78 rows=1380035 width=8) (actual time=4428.898..4428.898 rows=1380035 loops=1)
        Buckets: 131072  Batches: 32  Memory Usage: 2708kB
        ->  Hash Join  (cost=102767.86..167588.78 rows=1380035 width=8) (actual time=2034.152..4038.693 rows=1380035 loops=1)
              Hash Cond: (mi_idx.movie_id = t.id)
              ->  Seq Scan on movie_info_idx mi_idx  (cost=0.00..21735.35 rows=1380035 width=4) (actual time=0.021..476.209 rows=1380035 loops=1)
              ->  Hash  (cost=61283.27..61283.27 rows=2528527 width=4) (actual time=2032.464..2032.464 rows=2528312 loops=1)
                    Buckets: 131072  Batches: 64  Memory Usage: 2415kB
                    ->  Seq Scan on title t  (cost=0.00..61283.27 rows=2528527 width=4) (actual time=0.018..1209.263 rows=2528312 loops=1)
Planning time: 1.704 ms
Execution time: 20361.245 ms
