Hash Join  (cost=202046.68..1106156.81 rows=511599 width=0) (actual time=11818.385..20745.536 rows=936359 loops=1)
  Hash Cond: (ci.movie_id = t.id)
  ->  Seq Scan on cast_info ci  (cost=0.00..796071.18 rows=7983595 width=4) (actual time=7835.065..14944.340 rows=4074759 loops=1)
        Filter: ((person_id < 2417973) AND (role_id > 3))
        Rows Removed by Filter: 32169585
  ->  Hash  (cost=199388.29..199388.29 rows=162031 width=8) (actual time=3982.340..3982.340 rows=112138 loops=1)
        Buckets: 131072  Batches: 4  Memory Usage: 2079kB
        ->  Hash Join  (cost=75411.94..199388.29 rows=162031 width=8) (actual time=1037.847..3934.637 rows=112138 loops=1)
              Hash Cond: (mk.movie_id = t.id)
              ->  Seq Scan on movie_keyword mk  (cost=0.00..69693.30 rows=4523930 width=4) (actual time=0.028..1486.811 rows=4523930 loops=1)
              ->  Hash  (cost=73925.90..73925.90 rows=90563 width=4) (actual time=973.203..973.203 rows=80990 loops=1)
                    Buckets: 131072  Batches: 2  Memory Usage: 2456kB
                    ->  Seq Scan on title t  (cost=0.00..73925.90 rows=90563 width=4) (actual time=0.027..899.221 rows=80990 loops=1)
                          Filter: ((kind_id < 7) AND (production_year > 2011))
                          Rows Removed by Filter: 2447322
Planning time: 0.775 ms
Execution time: 20855.347 ms
