Seq Scan on movie_keyword mk  (cost=0.00..81003.12 rows=246 width=0) (actual time=0.083..1278.077 rows=2386 loops=1)
  Filter: (keyword_id = 232)
  Rows Removed by Filter: 4521544
Planning time: 4.897 ms
Execution time: 1278.781 ms
