Hash Join  (cost=75533.21..199670.61 rows=175237 width=0) (actual time=2744.228..3828.995 rows=44705 loops=1)
  Hash Cond: (mk.movie_id = t.id)
  ->  Seq Scan on movie_keyword mk  (cost=0.00..69693.30 rows=4523930 width=4) (actual time=0.011..1310.908 rows=4523930 loops=1)
  ->  Hash  (cost=73925.90..73925.90 rows=97944 width=4) (actual time=1142.688..1142.688 rows=106247 loops=1)
        Buckets: 131072  Batches: 2  Memory Usage: 2896kB
        ->  Seq Scan on title t  (cost=0.00..73925.90 rows=97944 width=4) (actual time=0.019..1102.422 rows=106247 loops=1)
              Filter: ((kind_id = 7) AND (production_year = 2011))
              Rows Removed by Filter: 2422065
Planning time: 0.536 ms
Execution time: 3834.941 ms
