Hash Join  (cost=128478.61..1088512.01 rows=1801047 width=0) (actual time=4996.261..27511.247 rows=5021820 loops=1)
  Hash Cond: (ci.movie_id = t.id)
  ->  Seq Scan on cast_info ci  (cost=0.00..796071.18 rows=12499671 width=4) (actual time=2249.288..17386.175 rows=12670688 loops=1)
        Filter: ((person_id < 3933330) AND (role_id < 2))
        Rows Removed by Filter: 23573656
  ->  Hash  (cost=122500.50..122500.50 rows=364329 width=8) (actual time=2746.166..2746.166 rows=435281 loops=1)
        Buckets: 131072  Batches: 8  Memory Usage: 3158kB
        ->  Hash Join  (cost=78556.72..122500.50 rows=364329 width=8) (actual time=1430.814..2654.136 rows=435281 loops=1)
              Hash Cond: (mi_idx.movie_id = t.id)
              ->  Seq Scan on movie_info_idx mi_idx  (cost=0.00..21735.35 rows=1380035 width=4) (actual time=0.026..480.504 rows=1380035 loops=1)
              ->  Hash  (cost=67604.59..67604.59 rows=667531 width=4) (actual time=1429.927..1429.927 rows=662834 loops=1)
                    Buckets: 131072  Batches: 16  Memory Usage: 2478kB
                    ->  Seq Scan on title t  (cost=0.00..67604.59 rows=667531 width=4) (actual time=0.023..1215.870 rows=662834 loops=1)
                          Filter: (production_year < 1989)
                          Rows Removed by Filter: 1865478
Planning time: 1.219 ms
Execution time: 28039.766 ms
