Seq Scan on cast_info ci  (cost=0.00..705507.15 rows=12305645 width=0) (actual time=7.473..12356.075 rows=12219546 loops=1)
  Filter: (person_id < 1203724)
  Rows Removed by Filter: 24024798
Planning time: 0.352 ms
Execution time: 13890.431 ms
