Seq Scan on movie_keyword mk  (cost=0.00..81003.12 rows=38084 width=0) (actual time=0.063..1221.351 rows=28021 loops=1)
  Filter: (keyword_id < 36)
  Rows Removed by Filter: 4495909
Planning time: 0.270 ms
Execution time: 1226.013 ms
