Hash Join  (cost=975687.59..1077539.05 rows=1707552 width=0) (actual time=20374.117..23493.597 rows=2444114 loops=1)
  Hash Cond: (mc.movie_id = t.id)
  ->  Seq Scan on movie_companies mc  (cost=0.00..44881.29 rows=2609129 width=4) (actual time=0.014..893.940 rows=2609129 loops=1)
  ->  Hash  (cost=948537.57..948537.57 rows=1654802 width=8) (actual time=20372.648..20372.648 rows=1703543 loops=1)
        Buckets: 131072  Batches: 32  Memory Usage: 3085kB
        ->  Hash Join  (cost=102767.86..948537.57 rows=1654802 width=8) (actual time=1939.972..19896.116 rows=1703543 loops=1)
              Hash Cond: (ci.movie_id = t.id)
              ->  Seq Scan on cast_info ci  (cost=0.00..796071.18 rows=1654802 width=4) (actual time=0.025..15785.355 rows=1703543 loops=1)
                    Filter: ((person_id < 3719541) AND (role_id = 8))
                    Rows Removed by Filter: 34540801
              ->  Hash  (cost=61283.27..61283.27 rows=2528527 width=4) (actual time=1938.685..1938.685 rows=2528312 loops=1)
                    Buckets: 131072  Batches: 64  Memory Usage: 2415kB
                    ->  Seq Scan on title t  (cost=0.00..61283.27 rows=2528527 width=4) (actual time=0.028..1114.409 rows=2528312 loops=1)
Planning time: 3.709 ms
Execution time: 23769.115 ms
