Seq Scan on cast_info ci  (cost=0.00..705507.15 rows=27031667 width=0) (actual time=0.015..13671.802 rows=27189759 loops=1)
  Filter: (person_id > 891406)
  Rows Removed by Filter: 9054585
Planning time: 0.266 ms
Execution time: 17054.562 ms
