Hash Join  (cost=102767.86..212853.44 rows=798059 width=0) (actual time=1843.968..4377.390 rows=797854 loops=1)
  Hash Cond: (mk.movie_id = t.id)
  ->  Seq Scan on movie_keyword mk  (cost=0.00..81003.12 rows=798059 width=4) (actual time=0.023..1469.471 rows=797854 loops=1)
        Filter: (keyword_id < 769)
        Rows Removed by Filter: 3726076
  ->  Hash  (cost=61283.27..61283.27 rows=2528527 width=4) (actual time=1842.002..1842.002 rows=2528312 loops=1)
        Buckets: 131072  Batches: 64  Memory Usage: 2425kB
        ->  Seq Scan on title t  (cost=0.00..61283.27 rows=2528527 width=4) (actual time=0.016..992.682 rows=2528312 loops=1)
Planning time: 0.819 ms
Execution time: 4476.695 ms
