Hash Join  (cost=102767.86..176390.53 rows=241707 width=0) (actual time=2038.448..3742.087 rows=478534 loops=1)
  Hash Cond: (mc.movie_id = t.id)
  ->  Seq Scan on movie_companies mc  (cost=0.00..57926.93 rows=241707 width=4) (actual time=93.812..996.746 rows=478534 loops=1)
        Filter: ((company_id > 75436) AND (company_type_id > 1))
        Rows Removed by Filter: 2130595
  ->  Hash  (cost=61283.27..61283.27 rows=2528527 width=4) (actual time=1942.891..1942.891 rows=2528312 loops=1)
        Buckets: 131072  Batches: 64  Memory Usage: 2415kB
        ->  Seq Scan on title t  (cost=0.00..61283.27 rows=2528527 width=4) (actual time=0.024..1130.394 rows=2528312 loops=1)
Planning time: 0.736 ms
Execution time: 3798.688 ms
