Seq Scan on movie_companies mc  (cost=0.00..57926.93 rows=51 width=0) (actual time=330.943..822.859 rows=2 loops=1)
  Filter: ((company_id = 42921) AND (company_type_id = 1))
  Rows Removed by Filter: 2609127
Planning time: 0.421 ms
Execution time: 822.935 ms
