Hash Join  (cost=93408.25..1403964.92 rows=22532749 width=0) (actual time=1767.050..40511.227 rows=24061121 loops=1)
  Hash Cond: (ci.movie_id = t.id)
  ->  Seq Scan on cast_info ci  (cost=0.00..614943.12 rows=36225612 width=4) (actual time=0.022..13499.852 rows=36244344 loops=1)
  ->  Hash  (cost=67604.59..67604.59 rows=1572773 width=4) (actual time=1765.766..1765.766 rows=1570568 loops=1)
        Buckets: 131072  Batches: 32  Memory Usage: 2751kB
        ->  Seq Scan on title t  (cost=0.00..67604.59 rows=1572773 width=4) (actual time=0.017..1266.248 rows=1570568 loops=1)
              Filter: (production_year > 1996)
              Rows Removed by Filter: 957744
Planning time: 0.790 ms
Execution time: 43116.662 ms
