Seq Scan on movie_keyword mk  (cost=0.00..81003.12 rows=1650765 width=0) (actual time=0.018..1372.297 rows=1660839 loops=1)
  Filter: (keyword_id < 2549)
  Rows Removed by Filter: 2863091
Planning time: 0.327 ms
Execution time: 1578.834 ms
