Hash Join  (cost=67697.55..782341.69 rows=7111 width=0) (actual time=791.711..12486.200 rows=8422 loops=1)
  Hash Cond: (ci.movie_id = t.id)
  ->  Seq Scan on cast_info ci  (cost=0.00..705507.15 rows=2417568 width=4) (actual time=0.023..11078.576 rows=2468644 loops=1)
        Filter: (person_id > 3581306)
        Rows Removed by Filter: 33775700
  ->  Hash  (cost=67604.59..67604.59 rows=7437 width=4) (actual time=791.348..791.348 rows=14926 loops=1)
        Buckets: 16384 (originally 8192)  Batches: 1 (originally 1)  Memory Usage: 653kB
        ->  Seq Scan on title t  (cost=0.00..67604.59 rows=7437 width=4) (actual time=0.107..785.592 rows=14926 loops=1)
              Filter: (production_year = 1979)
              Rows Removed by Filter: 2513386
Planning time: 0.803 ms
Execution time: 12487.882 ms
