Hash Join  (cost=52284.62..138943.25 rows=59 width=0) (actual time=1134.572..2530.878 rows=509 loops=1)
  Hash Cond: (mk.movie_id = t.id)
  ->  Seq Scan on movie_keyword mk  (cost=0.00..69693.30 rows=4523930 width=4) (actual time=0.018..891.574 rows=4523930 loops=1)
  ->  Hash  (cost=52284.21..52284.21 rows=33 width=8) (actual time=890.655..890.655 rows=20 loops=1)
        Buckets: 1024  Batches: 1  Memory Usage: 9kB
        ->  Nested Loop  (cost=0.43..52284.21 rows=33 width=8) (actual time=121.832..890.622 rows=20 loops=1)
              ->  Seq Scan on movie_companies mc  (cost=0.00..51404.11 rows=104 width=4) (actual time=89.438..886.562 rows=97 loops=1)
                    Filter: (company_id = 17192)
                    Rows Removed by Filter: 2609032
              ->  Index Scan using title_pkey on title t  (cost=0.43..8.45 rows=1 width=4) (actual time=0.040..0.040 rows=0 loops=97)
                    Index Cond: (id = mc.movie_id)
                    Filter: ((kind_id < 7) AND (production_year > 1970))
                    Rows Removed by Filter: 1
Planning time: 0.814 ms
Execution time: 2531.035 ms
