Hash Join  (cost=101425.44..157671.51 rows=6536 width=0) (actual time=1874.977..3124.612 rows=50298 loops=1)
  Hash Cond: (mc.movie_id = t.id)
  ->  Seq Scan on movie_companies mc  (cost=0.00..51404.11 rows=1273760 width=4) (actual time=0.025..982.401 rows=1284118 loops=1)
        Filter: (company_id > 11385)
        Rows Removed by Filter: 1325011
  ->  Hash  (cost=101263.26..101263.26 rows=12974 width=8) (actual time=1874.823..1874.823 rows=28828 loops=1)
        Buckets: 32768 (originally 16384)  Batches: 1 (originally 1)  Memory Usage: 1383kB
        ->  Hash Join  (cost=74223.04..101263.26 rows=12974 width=8) (actual time=1171.963..1864.013 rows=28828 loops=1)
              Hash Cond: (mi_idx.movie_id = t.id)
              ->  Seq Scan on movie_info_idx mi_idx  (cost=0.00..21735.35 rows=1380035 width=4) (actual time=0.010..367.914 rows=1380035 loops=1)
              ->  Hash  (cost=73925.90..73925.90 rows=23771 width=4) (actual time=1171.749..1171.749 rows=20633 loops=1)
                    Buckets: 32768  Batches: 1  Memory Usage: 982kB
                    ->  Seq Scan on title t  (cost=0.00..73925.90 rows=23771 width=4) (actual time=0.022..1163.012 rows=20633 loops=1)
                          Filter: ((kind_id < 7) AND (production_year = 2002))
                          Rows Removed by Filter: 2507679
Planning time: 1.196 ms
Execution time: 3131.272 ms
