Hash Join  (cost=92883.59..179634.25 rows=734993 width=0) (actual time=1638.601..3675.934 rows=316839 loops=1)
  Hash Cond: (mc.movie_id = t.id)
  ->  Seq Scan on movie_companies mc  (cost=0.00..57926.93 rows=1206159 width=4) (actual time=0.025..1086.293 rows=1274246 loops=1)
        Filter: ((company_id < 132783) AND (company_type_id < 2))
        Rows Removed by Filter: 1334883
  ->  Hash  (cost=67604.59..67604.59 rows=1540800 width=4) (actual time=1637.043..1637.043 rows=1543264 loops=1)
        Buckets: 131072  Batches: 32  Memory Usage: 2722kB
        ->  Seq Scan on title t  (cost=0.00..67604.59 rows=1540800 width=4) (actual time=305.625..1156.425 rows=1543264 loops=1)
              Filter: (kind_id = 7)
              Rows Removed by Filter: 985048
Planning time: 0.822 ms
Execution time: 3714.590 ms
