Seq Scan on movie_keyword mk  (cost=0.00..81003.12 rows=1532783 width=0) (actual time=0.030..1432.949 rows=1540940 loops=1)
  Filter: (keyword_id < 2273)
  Rows Removed by Filter: 2982990
Planning time: 0.345 ms
Execution time: 1625.152 ms
