Hash Join  (cost=74545.71..129722.88 rows=51165 width=0) (actual time=1144.863..2475.009 rows=76894 loops=1)
  Hash Cond: (mc.movie_id = t.id)
  ->  Seq Scan on movie_companies mc  (cost=0.00..44881.29 rows=2609129 width=4) (actual time=0.012..624.485 rows=2609129 loops=1)
  ->  Hash  (cost=73925.90..73925.90 rows=49584 width=4) (actual time=1144.473..1144.473 rows=38752 loops=1)
        Buckets: 65536  Batches: 1  Memory Usage: 1875kB
        ->  Seq Scan on title t  (cost=0.00..73925.90 rows=49584 width=4) (actual time=0.156..1127.707 rows=38752 loops=1)
              Filter: ((kind_id < 7) AND (production_year = 2008))
              Rows Removed by Filter: 2489560
Planning time: 0.795 ms
Execution time: 2486.291 ms
