Seq Scan on cast_info ci  (cost=0.00..705507.15 rows=500 width=0) (actual time=7532.415..10710.831 rows=137 loops=1)
  Filter: (person_id = 2032850)
  Rows Removed by Filter: 36244207
Planning time: 0.393 ms
Execution time: 10710.939 ms
