Hash Join  (cost=184655.16..553481.02 rows=416992 width=0) (actual time=3587.094..11685.286 rows=2925917 loops=1)
  Hash Cond: (mi.movie_id = t.id)
  ->  Seq Scan on movie_info mi  (cost=0.00..309384.22 rows=14739122 width=4) (actual time=0.012..4066.952 rows=14835720 loops=1)
  ->  Hash  (cost=183760.96..183760.96 rows=71536 width=8) (actual time=3586.305..3586.305 rows=51649 loops=1)
        Buckets: 131072  Batches: 1  Memory Usage: 3042kB
        ->  Hash Join  (cost=75220.98..183760.96 rows=71536 width=8) (actual time=1203.455..3569.590 rows=51649 loops=1)
              Hash Cond: (mk.movie_id = t.id)
              ->  Seq Scan on movie_keyword mk  (cost=0.00..81003.12 rows=2292933 width=4) (actual time=0.013..1678.536 rows=2299207 loops=1)
                    Filter: (keyword_id > 4560)
                    Rows Removed by Filter: 2224723
              ->  Hash  (cost=73925.90..73925.90 rows=78886 width=4) (actual time=1202.006..1202.006 rows=74127 loops=1)
                    Buckets: 131072  Batches: 2  Memory Usage: 2334kB
                    ->  Seq Scan on title t  (cost=0.00..73925.90 rows=78886 width=4) (actual time=0.070..1174.339 rows=74127 loops=1)
                          Filter: ((kind_id < 4) AND (production_year > 2011))
                          Rows Removed by Filter: 2454185
Planning time: 0.936 ms
Execution time: 12038.346 ms
