Hash Join  (cost=102767.86..238423.93 rows=1860735 width=0) (actual time=2306.886..5661.066 rows=1870348 loops=1)
  Hash Cond: (mk.movie_id = t.id)
  ->  Seq Scan on movie_keyword mk  (cost=0.00..81003.12 rows=1860735 width=4) (actual time=0.015..1531.758 rows=1870348 loops=1)
        Filter: (keyword_id < 3163)
        Rows Removed by Filter: 2653582
  ->  Hash  (cost=61283.27..61283.27 rows=2528527 width=4) (actual time=2304.935..2304.935 rows=2528312 loops=1)
        Buckets: 131072  Batches: 64  Memory Usage: 2425kB
        ->  Seq Scan on title t  (cost=0.00..61283.27 rows=2528527 width=4) (actual time=0.016..1166.729 rows=2528312 loops=1)
Planning time: 0.739 ms
Execution time: 5878.878 ms
