Seq Scan on movie_companies mc  (cost=0.00..57926.93 rows=342005 width=0) (actual time=327.220..949.980 rows=648669 loops=1)
  Filter: ((company_id > 49412) AND (company_type_id > 1))
  Rows Removed by Filter: 1960460
Planning time: 0.341 ms
Execution time: 1033.880 ms
