Seq Scan on cast_info ci  (cost=0.00..796071.18 rows=22272145 width=0) (actual time=0.025..17667.848 rows=21639005 loops=1)
  Filter: ((person_id < 3681697) AND (role_id > 1))
  Rows Removed by Filter: 14605339
Planning time: 0.438 ms
Execution time: 20341.075 ms
