Seq Scan on movie_keyword mk  (cost=0.00..81003.12 rows=246 width=0) (actual time=1055.810..1260.662 rows=1 loops=1)
  Filter: (keyword_id = 117843)
  Rows Removed by Filter: 4523929
Planning time: 0.414 ms
Execution time: 1260.760 ms
