Hash Join  (cost=207601.23..240139.18 rows=63339 width=0) (actual time=3884.454..4676.390 rows=264710 loops=1)
  Hash Cond: (mi_idx.movie_id = t.id)
  ->  Seq Scan on movie_info_idx mi_idx  (cost=0.00..25185.44 rows=464566 width=4) (actual time=0.019..466.757 rows=459925 loops=1)
        Filter: (info_type_id = 101)
        Rows Removed by Filter: 920110
  ->  Hash  (cost=201944.99..201944.99 rows=344739 width=8) (actual time=3883.664..3883.664 rows=343107 loops=1)
        Buckets: 131072  Batches: 8  Memory Usage: 2724kB
        ->  Hash Join  (cost=102767.86..201944.99 rows=344739 width=8) (actual time=1922.088..3795.510 rows=343107 loops=1)
              Hash Cond: (mk.movie_id = t.id)
              ->  Seq Scan on movie_keyword mk  (cost=0.00..81003.12 rows=344739 width=4) (actual time=0.025..1248.646 rows=343107 loops=1)
                    Filter: (keyword_id > 48458)
                    Rows Removed by Filter: 4180823
              ->  Hash  (cost=61283.27..61283.27 rows=2528527 width=4) (actual time=1920.525..1920.525 rows=2528312 loops=1)
                    Buckets: 131072  Batches: 64  Memory Usage: 2425kB
                    ->  Seq Scan on title t  (cost=0.00..61283.27 rows=2528527 width=4) (actual time=0.016..1057.560 rows=2528312 loops=1)
Planning time: 1.144 ms
Execution time: 4706.178 ms
