Hash Join  (cost=365418.15..1356284.89 rows=9197736 width=0) (actual time=8653.252..29379.230 rows=20392277 loops=1)
  Hash Cond: (ci.movie_id = t.id)
  ->  Seq Scan on cast_info ci  (cost=0.00..796071.18 rows=5140823 width=4) (actual time=68.262..13417.775 rows=3068241 loops=1)
        Filter: ((person_id < 1493161) AND (role_id > 3))
        Rows Removed by Filter: 33176103
  ->  Hash  (cost=291197.02..291197.02 rows=4523930 width=8) (actual time=8583.105..8583.105 rows=4523930 loops=1)
        Buckets: 131072  Batches: 64  Memory Usage: 3816kB
        ->  Hash Join  (cost=102767.86..291197.02 rows=4523930 width=8) (actual time=2000.602..7348.522 rows=4523930 loops=1)
              Hash Cond: (mk.movie_id = t.id)
              ->  Seq Scan on movie_keyword mk  (cost=0.00..69693.30 rows=4523930 width=4) (actual time=0.027..1391.976 rows=4523930 loops=1)
              ->  Hash  (cost=61283.27..61283.27 rows=2528527 width=4) (actual time=1998.866..1998.866 rows=2528312 loops=1)
                    Buckets: 131072  Batches: 64  Memory Usage: 2425kB
                    ->  Seq Scan on title t  (cost=0.00..61283.27 rows=2528527 width=4) (actual time=0.024..1107.705 rows=2528312 loops=1)
Planning time: 1.164 ms
Execution time: 31578.825 ms
