Seq Scan on movie_companies mc  (cost=0.00..51404.11 rows=203460 width=0) (actual time=0.011..772.339 rows=203291 loops=1)
  Filter: (company_id < 67)
  Rows Removed by Filter: 2405838
Planning time: 0.264 ms
Execution time: 798.154 ms
