Hash Join  (cost=171751.15..1028168.36 rows=198324 width=0) (actual time=5045.198..21788.143 rows=43867 loops=1)
  Hash Cond: (ci.movie_id = t.id)
  ->  Seq Scan on cast_info ci  (cost=0.00..796071.18 rows=15563412 width=4) (actual time=1900.814..15129.114 rows=20199630 loops=1)
        Filter: ((person_id > 1195740) AND (role_id > 1))
        Rows Removed by Filter: 16044714
  ->  Hash  (cost=171348.38..171348.38 rows=32221 width=8) (actual time=3143.655..3143.655 rows=6578 loops=1)
        Buckets: 32768  Batches: 1  Memory Usage: 513kB
        ->  Hash Join  (cost=102767.86..171348.38 rows=32221 width=8) (actual time=2074.680..3140.971 rows=6578 loops=1)
              Hash Cond: (mc.movie_id = t.id)
              ->  Seq Scan on movie_companies mc  (cost=0.00..57926.93 rows=32221 width=4) (actual time=176.976..806.440 rows=6578 loops=1)
                    Filter: ((company_id = 6) AND (company_type_id = 2))
                    Rows Removed by Filter: 2602551
              ->  Hash  (cost=61283.27..61283.27 rows=2528527 width=4) (actual time=1890.943..1890.943 rows=2528312 loops=1)
                    Buckets: 131072  Batches: 64  Memory Usage: 2415kB
                    ->  Seq Scan on title t  (cost=0.00..61283.27 rows=2528527 width=4) (actual time=0.033..1042.736 rows=2528312 loops=1)
Planning time: 0.865 ms
Execution time: 21795.759 ms
