Nested Loop  (cost=0.43..83072.29 rows=11 width=0) (actual time=8.052..1209.224 rows=165 loops=1)
  ->  Seq Scan on movie_keyword mk  (cost=0.00..81003.12 rows=246 width=4) (actual time=0.193..1127.192 rows=3040 loops=1)
        Filter: (keyword_id = 580)
        Rows Removed by Filter: 4520890
  ->  Index Scan using title_pkey on title t  (cost=0.43..8.40 rows=1 width=4) (actual time=0.026..0.026 rows=0 loops=3040)
        Index Cond: (id = mk.movie_id)
        Filter: (production_year = 2007)
        Rows Removed by Filter: 1
Planning time: 3.265 ms
Execution time: 1209.427 ms
