Hash Join  (cost=120893.03..246513.10 rows=296903 width=0) (actual time=2277.276..5676.131 rows=715991 loops=1)
  Hash Cond: (mk.movie_id = t.id)
  ->  Seq Scan on movie_keyword mk  (cost=0.00..69693.30 rows=4523930 width=4) (actual time=0.013..1367.523 rows=4523930 loops=1)
  ->  Hash  (cost=118169.71..118169.71 rows=165946 width=8) (actual time=2275.541..2275.541 rows=123044 loops=1)
        Buckets: 131072  Batches: 4  Memory Usage: 2225kB
        ->  Hash Join  (cost=82423.69..118169.71 rows=165946 width=8) (actual time=1381.003..2234.623 rows=123044 loops=1)
              Hash Cond: (mi_idx.movie_id = t.id)
              ->  Seq Scan on movie_info_idx mi_idx  (cost=0.00..25185.44 rows=464566 width=4) (actual time=0.025..431.779 rows=459925 loops=1)
                    Filter: (info_type_id = 101)
                    Rows Removed by Filter: 920110
              ->  Hash  (cost=67604.59..67604.59 rows=903208 width=4) (actual time=1380.183..1380.183 rows=904491 loops=1)
                    Buckets: 131072  Batches: 16  Memory Usage: 3010kB
                    ->  Seq Scan on title t  (cost=0.00..67604.59 rows=903208 width=4) (actual time=0.024..1095.850 rows=904491 loops=1)
                          Filter: (production_year > 2006)
                          Rows Removed by Filter: 1623821
Planning time: 1.080 ms
Execution time: 5758.718 ms
