Hash Join  (cost=272224.43..826902.84 rows=7565425 width=0) (actual time=5793.716..19917.036 rows=10819888 loops=1)
  Hash Cond: (mi.movie_id = t.id)
  ->  Seq Scan on movie_info mi  (cost=0.00..346232.03 rows=9767026 width=4) (actual time=0.023..6739.477 rows=9911754 loops=1)
        Filter: (info_type_id > 4)
        Rows Removed by Filter: 4923966
  ->  Hash  (cost=240091.33..240091.33 rows=1958568 width=8) (actual time=5792.154..5792.154 rows=961180 loops=1)
        Buckets: 131072  Batches: 32  Memory Usage: 2216kB
        ->  Hash Join  (cost=98137.04..240091.33 rows=1958568 width=8) (actual time=2022.403..5499.107 rows=961180 loops=1)
              Hash Cond: (mk.movie_id = t.id)
              ->  Seq Scan on movie_keyword mk  (cost=0.00..81003.12 rows=2661097 width=4) (actual time=0.013..1710.083 rows=2651044 loops=1)
                    Filter: (keyword_id > 3172)
                    Rows Removed by Filter: 1872886
              ->  Hash  (cost=67604.59..67604.59 rows=1860996 width=4) (actual time=2020.959..2020.959 rows=1865487 loops=1)
                    Buckets: 131072  Batches: 32  Memory Usage: 3085kB
                    ->  Seq Scan on title t  (cost=0.00..67604.59 rows=1860996 width=4) (actual time=0.020..1408.934 rows=1865487 loops=1)
                          Filter: (kind_id > 1)
                          Rows Removed by Filter: 662825
Planning time: 1.149 ms
Execution time: 21090.775 ms
