Hash Join  (cost=78930.19..123087.17 rows=376750 width=0) (actual time=1341.807..2710.432 rows=452314 loops=1)
  Hash Cond: (mi_idx.movie_id = t.id)
  ->  Seq Scan on movie_info_idx mi_idx  (cost=0.00..21735.35 rows=1380035 width=4) (actual time=0.025..504.484 rows=1380035 loops=1)
  ->  Hash  (cost=67604.59..67604.59 rows=690288 width=4) (actual time=1340.991..1340.991 rows=684146 loops=1)
        Buckets: 131072  Batches: 16  Memory Usage: 2525kB
        ->  Seq Scan on title t  (cost=0.00..67604.59 rows=690288 width=4) (actual time=0.021..1117.544 rows=684146 loops=1)
              Filter: (production_year < 1990)
              Rows Removed by Filter: 1844166
Planning time: 0.758 ms
Execution time: 2766.497 ms
