Seq Scan on cast_info ci  (cost=0.00..796071.18 rows=11283582 width=0) (actual time=6907.640..13691.983 rows=8973928 loops=1)
  Filter: ((person_id > 2219698) AND (role_id < 8))
  Rows Removed by Filter: 27270416
Planning time: 0.840 ms
Execution time: 14822.533 ms
