Seq Scan on title t  (cost=0.00..67604.59 rows=606846 width=0) (actual time=0.016..1014.222 rows=603411 loops=1)
  Filter: (production_year < 1986)
  Rows Removed by Filter: 1924901
Planning time: 0.350 ms
Execution time: 1092.421 ms
