Hash Join  (cost=75915.84..200561.68 rows=216980 width=0) (actual time=1353.089..4162.609 rows=50573 loops=1)
  Hash Cond: (mk.movie_id = t.id)
  ->  Seq Scan on movie_keyword mk  (cost=0.00..69693.30 rows=4523930 width=4) (actual time=0.008..1395.662 rows=4523930 loops=1)
  ->  Hash  (cost=73925.90..73925.90 rows=121275 width=4) (actual time=1351.317..1351.317 rows=124747 loops=1)
        Buckets: 131072  Batches: 2  Memory Usage: 3225kB
        ->  Seq Scan on title t  (cost=0.00..73925.90 rows=121275 width=4) (actual time=0.017..1298.800 rows=124747 loops=1)
              Filter: ((kind_id > 1) AND (production_year = 2012))
              Rows Removed by Filter: 2403565
Planning time: 0.507 ms
Execution time: 4169.667 ms
