Hash Join  (cost=75558.15..152022.98 rows=102630 width=0) (actual time=1357.055..3197.835 rows=200265 loops=1)
  Hash Cond: (mc.movie_id = t.id)
  ->  Seq Scan on movie_companies mc  (cost=0.00..44881.29 rows=2609129 width=4) (actual time=0.031..842.870 rows=2609129 loops=1)
  ->  Hash  (cost=73925.90..73925.90 rows=99460 width=4) (actual time=1356.125..1356.125 rows=100458 loops=1)
        Buckets: 131072  Batches: 2  Memory Usage: 2795kB
        ->  Seq Scan on title t  (cost=0.00..73925.90 rows=99460 width=4) (actual time=0.028..1316.359 rows=100458 loops=1)
              Filter: ((production_year > 0) AND (kind_id = 3))
              Rows Removed by Filter: 2427854
Planning time: 1.030 ms
Execution time: 3224.119 ms
