Seq Scan on movie_companies mc  (cost=0.00..57926.93 rows=1053324 width=0) (actual time=0.030..1075.754 rows=787682 loops=1)
  Filter: ((company_id < 71961) AND (company_type_id = 2))
  Rows Removed by Filter: 1821447
Planning time: 0.414 ms
Execution time: 1173.023 ms
