Seq Scan on movie_keyword mk  (cost=0.00..81003.12 rows=3081172 width=0) (actual time=0.023..1468.196 rows=3062415 loops=1)
  Filter: (keyword_id > 2069)
  Rows Removed by Filter: 1461515
Planning time: 0.251 ms
Execution time: 1846.528 ms
