Hash Join  (cost=160823.02..1051508.92 rows=60295 width=0) (actual time=4236.063..23238.663 rows=40497 loops=1)
  Hash Cond: (ci.movie_id = t.id)
  ->  Seq Scan on cast_info ci  (cost=0.00..796071.18 rows=18802359 width=4) (actual time=1151.440..16793.391 rows=21560375 loops=1)
        Filter: ((person_id > 694731) AND (role_id > 1))
        Rows Removed by Filter: 14683969
  ->  Hash  (cost=160721.67..160721.67 rows=8108 width=8) (actual time=3082.736..3082.736 rows=5214 loops=1)
        Buckets: 8192  Batches: 1  Memory Usage: 268kB
        ->  Hash Join  (cost=73982.55..160721.67 rows=8108 width=8) (actual time=2427.413..3080.915 rows=5214 loops=1)
              Hash Cond: (mk.movie_id = t.id)
              ->  Seq Scan on movie_keyword mk  (cost=0.00..69693.30 rows=4523930 width=4) (actual time=0.022..963.175 rows=4523930 loops=1)
              ->  Hash  (cost=73925.90..73925.90 rows=4532 width=4) (actual time=1288.443..1288.443 rows=6682 loops=1)
                    Buckets: 8192  Batches: 1  Memory Usage: 299kB
                    ->  Seq Scan on title t  (cost=0.00..73925.90 rows=4532 width=4) (actual time=0.098..1284.971 rows=6682 loops=1)
                          Filter: ((kind_id = 7) AND (production_year = 1959))
                          Rows Removed by Filter: 2521630
Planning time: 0.823 ms
Execution time: 23244.791 ms
