Hash Join  (cost=102767.86..976486.79 rows=2816354 width=0) (actual time=1863.386..19537.447 rows=3193120 loops=1)
  Hash Cond: (ci.movie_id = t.id)
  ->  Seq Scan on cast_info ci  (cost=0.00..796071.18 rows=2816354 width=4) (actual time=0.020..14320.982 rows=3193120 loops=1)
        Filter: ((person_id > 1034991) AND (role_id = 3))
        Rows Removed by Filter: 33051224
  ->  Hash  (cost=61283.27..61283.27 rows=2528527 width=4) (actual time=1862.253..1862.253 rows=2528312 loops=1)
        Buckets: 131072  Batches: 64  Memory Usage: 2415kB
        ->  Seq Scan on title t  (cost=0.00..61283.27 rows=2528527 width=4) (actual time=0.010..1048.935 rows=2528312 loops=1)
Planning time: 0.800 ms
Execution time: 19936.441 ms
