Seq Scan on cast_info ci  (cost=0.00..796071.18 rows=3332149 width=0) (actual time=9335.522..14515.582 rows=4004058 loops=1)
  Filter: ((person_id > 799637) AND (role_id = 10))
  Rows Removed by Filter: 32240286
Planning time: 0.420 ms
Execution time: 15022.226 ms
