Seq Scan on cast_info ci  (cost=0.00..705507.15 rows=500 width=0) (actual time=8386.137..10790.345 rows=54 loops=1)
  Filter: (person_id = 2716423)
  Rows Removed by Filter: 36244290
Planning time: 2.367 ms
Execution time: 10790.440 ms
