Seq Scan on title t  (cost=0.00..73925.90 rows=805776 width=0) (actual time=0.027..1116.527 rows=881945 loops=1)
  Filter: ((production_year > 2001) AND (kind_id = 7))
  Rows Removed by Filter: 1646367
Planning time: 0.386 ms
Execution time: 1225.137 ms
