Hash Join  (cost=67697.55..127581.12 rows=1523 width=0) (actual time=1173.901..1711.220 rows=1349 loops=1)
  Hash Cond: (mc.movie_id = t.id)
  ->  Seq Scan on movie_companies mc  (cost=0.00..57926.93 rows=517708 width=4) (actual time=290.447..789.272 rows=225735 loops=1)
        Filter: ((company_id > 14602) AND (company_type_id < 2))
        Rows Removed by Filter: 2383394
  ->  Hash  (cost=67604.59..67604.59 rows=7437 width=4) (actual time=883.348..883.348 rows=14349 loops=1)
        Buckets: 16384 (originally 8192)  Batches: 1 (originally 1)  Memory Usage: 633kB
        ->  Seq Scan on title t  (cost=0.00..67604.59 rows=7437 width=4) (actual time=0.057..877.116 rows=14349 loops=1)
              Filter: (production_year = 1969)
              Rows Removed by Filter: 2513963
Planning time: 1.061 ms
Execution time: 1711.639 ms
