Hash Join  (cost=91446.37..236726.39 rows=1910599 width=0) (actual time=3824.410..5431.597 rows=478838 loops=1)
  Hash Cond: (mk.movie_id = t.id)
  ->  Seq Scan on movie_keyword mk  (cost=0.00..69693.30 rows=4523930 width=4) (actual time=0.017..1489.347 rows=4523930 loops=1)
  ->  Hash  (cost=73925.90..73925.90 rows=1067877 width=4) (actual time=1730.449..1730.449 rows=1163273 loops=1)
        Buckets: 131072  Batches: 16  Memory Usage: 3594kB
        ->  Seq Scan on title t  (cost=0.00..73925.90 rows=1067877 width=4) (actual time=111.463..1335.803 rows=1163273 loops=1)
              Filter: ((production_year > 1990) AND (kind_id = 7))
              Rows Removed by Filter: 1365039
Planning time: 0.750 ms
Execution time: 5489.302 ms
