Hash Join  (cost=80372.21..210938.91 rows=702967 width=0) (actual time=1817.024..4457.894 rows=139743 loops=1)
  Hash Cond: (mk.movie_id = t.id)
  ->  Seq Scan on movie_keyword mk  (cost=0.00..69693.30 rows=4523930 width=4) (actual time=0.019..1437.870 rows=4523930 loops=1)
  ->  Hash  (cost=73925.90..73925.90 rows=392904 width=4) (actual time=1262.284..1262.284 rows=277350 loops=1)
        Buckets: 131072  Batches: 8  Memory Usage: 2237kB
        ->  Seq Scan on title t  (cost=0.00..73925.90 rows=392904 width=4) (actual time=0.019..1163.340 rows=277350 loops=1)
              Filter: ((production_year < 1988) AND (kind_id = 7))
              Rows Removed by Filter: 2250962
Planning time: 4.957 ms
Execution time: 4473.716 ms
