Seq Scan on movie_companies mc  (cost=0.00..51404.11 rows=289199 width=0) (actual time=101.394..764.739 rows=293212 loops=1)
  Filter: (company_id > 94783)
  Rows Removed by Filter: 2315917
Planning time: 0.346 ms
Execution time: 804.955 ms
