Hash Join  (cost=303739.64..1127113.50 rows=4648253 width=0) (actual time=12506.805..29855.371 rows=33349118 loops=1)
  Hash Cond: (ci.movie_id = t.id)
  ->  Seq Scan on cast_info ci  (cost=0.00..705507.15 rows=4320508 width=4) (actual time=5872.661..13311.761 rows=4323018 loops=1)
        Filter: (role_id = 10)
        Rows Removed by Filter: 31921326
  ->  Hash  (cost=259108.44..259108.44 rows=2720336 width=8) (actual time=6632.138..6632.138 rows=2719840 loops=1)
        Buckets: 131072  Batches: 64  Memory Usage: 2700kB
        ->  Hash Join  (cost=102767.86..259108.44 rows=2720336 width=8) (actual time=2006.850..5960.864 rows=2719840 loops=1)
              Hash Cond: (mk.movie_id = t.id)
              ->  Seq Scan on movie_keyword mk  (cost=0.00..81003.12 rows=2720336 width=4) (actual time=0.038..1727.862 rows=2719840 loops=1)
                    Filter: (keyword_id < 7695)
                    Rows Removed by Filter: 1804090
              ->  Hash  (cost=61283.27..61283.27 rows=2528527 width=4) (actual time=2005.761..2005.761 rows=2528312 loops=1)
                    Buckets: 131072  Batches: 64  Memory Usage: 2425kB
                    ->  Seq Scan on title t  (cost=0.00..61283.27 rows=2528527 width=4) (actual time=0.019..1127.441 rows=2528312 loops=1)
Planning time: 1.153 ms
Execution time: 33355.472 ms
