Seq Scan on movie_companies mc  (cost=0.00..57926.93 rows=53 width=0) (actual time=522.642..1056.424 rows=688 loops=1)
  Filter: ((company_type_id > 1) AND (company_id = 21092))
  Rows Removed by Filter: 2608441
Planning time: 6.877 ms
Execution time: 1056.697 ms
