Hash Join  (cost=140296.12..263845.74 rows=339321 width=0) (actual time=4917.051..5867.756 rows=262166 loops=1)
  Hash Cond: (mk.movie_id = t.id)
  ->  Seq Scan on movie_keyword mk  (cost=0.00..81003.12 rows=3298210 width=4) (actual time=0.022..1671.393 rows=3288691 loops=1)
        Filter: (keyword_id < 14653)
        Rows Removed by Filter: 1235239
  ->  Hash  (cost=136027.42..136027.42 rows=260136 width=8) (actual time=2903.740..2903.740 rows=141856 loops=1)
        Buckets: 131072  Batches: 4  Memory Usage: 2413kB
        ->  Hash Join  (cost=97335.96..136027.42 rows=260136 width=8) (actual time=2017.593..2860.680 rows=141856 loops=1)
              Hash Cond: (mi_idx.movie_id = t.id)
              ->  Seq Scan on movie_info_idx mi_idx  (cost=0.00..25185.44 rows=460978 width=4) (actual time=0.029..497.390 rows=459925 loops=1)
                    Filter: (info_type_id < 100)
                    Rows Removed by Filter: 920110
              ->  Hash  (cost=73925.90..73925.90 rows=1426884 width=4) (actual time=1864.465..1864.465 rows=1478437 loops=1)
                    Buckets: 131072  Batches: 32  Memory Usage: 2651kB
                    ->  Seq Scan on title t  (cost=0.00..73925.90 rows=1426884 width=4) (actual time=139.099..1395.915 rows=1478437 loops=1)
                          Filter: ((production_year > 1932) AND (kind_id = 7))
                          Rows Removed by Filter: 1049875
Planning time: 1.204 ms
Execution time: 5901.790 ms
