Hash Join  (cost=95087.33..245204.80 rows=2307643 width=0) (actual time=1913.208..6338.091 rows=1271355 loops=1)
  Hash Cond: (mk.movie_id = t.id)
  ->  Seq Scan on movie_keyword mk  (cost=0.00..69693.30 rows=4523930 width=4) (actual time=0.024..1530.630 rows=4523930 loops=1)
  ->  Hash  (cost=73925.90..73925.90 rows=1289794 width=4) (actual time=1911.564..1911.564 rows=1413747 loops=1)
        Buckets: 131072  Batches: 32  Memory Usage: 2592kB
        ->  Seq Scan on title t  (cost=0.00..73925.90 rows=1289794 width=4) (actual time=0.027..1437.103 rows=1413747 loops=1)
              Filter: ((kind_id > 1) AND (production_year > 1990))
              Rows Removed by Filter: 1114565
Planning time: 0.791 ms
Execution time: 6493.626 ms
