Hash Join  (cost=436163.94..1192549.28 rows=559614 width=0) (actual time=6103.107..25393.460 rows=628251 loops=1)
  Hash Cond: (ci.movie_id = t.id)
  ->  Seq Scan on cast_info ci  (cost=0.00..614943.12 rows=36225612 width=4) (actual time=0.020..8978.067 rows=36244344 loops=1)
  ->  Hash  (cost=435675.67..435675.67 rows=39061 width=8) (actual time=6102.300..6102.300 rows=44445 loops=1)
        Buckets: 65536  Batches: 1  Memory Usage: 2249kB
        ->  Hash Join  (cost=75325.87..435675.67 rows=39061 width=8) (actual time=1727.839..6087.915 rows=44445 loops=1)
              Hash Cond: (mi.movie_id = t.id)
              ->  Seq Scan on movie_info mi  (cost=0.00..346232.03 rows=1158179 width=4) (actual time=584.861..4570.279 rows=1204709 loops=1)
                    Filter: (info_type_id > 18)
                    Rows Removed by Filter: 13631011
              ->  Hash  (cost=73925.90..73925.90 rows=85277 width=4) (actual time=1115.287..1115.287 rows=90655 loops=1)
                    Buckets: 131072  Batches: 2  Memory Usage: 2628kB
                    ->  Seq Scan on title t  (cost=0.00..73925.90 rows=85277 width=4) (actual time=0.039..1078.783 rows=90655 loops=1)
                          Filter: ((production_year > 1917) AND (kind_id = 2))
                          Rows Removed by Filter: 2437657
Planning time: 1.043 ms
Execution time: 25493.236 ms
