Hash Join  (cost=248717.43..1763885.24 rows=11434766 width=148) (actual time=7486.964..91078.989 rows=85978887 loops=1)
  Hash Cond: (ci.movie_id = t.id)
  ->  Seq Scan on cast_info ci  (cost=0.00..614943.12 rows=36225612 width=42) (actual time=0.026..14091.386 rows=36244344 loops=1)
  ->  Hash  (cost=225489.68..225489.68 rows=798140 width=106) (actual time=7486.035..7486.035 rows=1780612 loops=1)
        Buckets: 32768 (originally 32768)  Batches: 64 (originally 32)  Memory Usage: 3841kB
        ->  Hash Join  (cost=94420.17..225489.68 rows=798140 width=106) (actual time=2190.698..6103.200 rows=1780612 loops=1)
              Hash Cond: (mk.movie_id = t.id)
              ->  Seq Scan on movie_keyword mk  (cost=0.00..81003.12 rows=2043195 width=12) (actual time=0.014..1853.134 rows=2051093 loops=1)
                    Filter: (keyword_id < 3660)
                    Rows Removed by Filter: 2472837
              ->  Hash  (cost=67604.59..67604.59 rows=987727 width=94) (actual time=2188.863..2188.863 rows=985048 loops=1)
                    Buckets: 32768  Batches: 64  Memory Usage: 1954kB
                    ->  Seq Scan on title t  (cost=0.00..67604.59 rows=987727 width=94) (actual time=0.014..1410.810 rows=985048 loops=1)
                          Filter: (kind_id < 7)
                          Rows Removed by Filter: 1543264
Planning time: 1.435 ms
Execution time: 95656.430 ms
