Seq Scan on movie_keyword mk  (cost=0.00..81003.12 rows=3115979 width=0) (actual time=0.023..1499.977 rows=3102362 loops=1)
  Filter: (keyword_id < 11739)
  Rows Removed by Filter: 1421568
Planning time: 0.365 ms
Execution time: 1868.208 ms
