Seq Scan on cast_info ci  (cost=0.00..796071.18 rows=304919 width=0) (actual time=1092.799..14993.556 rows=297977 loops=1)
  Filter: ((person_id > 442422) AND (role_id > 10))
  Rows Removed by Filter: 35946367
Planning time: 0.384 ms
Execution time: 15030.165 ms
