Seq Scan on movie_companies mc  (cost=0.00..51404.11 rows=2234360 width=0) (actual time=0.024..986.565 rows=2234443 loops=1)
  Filter: (company_id > 216)
  Rows Removed by Filter: 374686
Planning time: 0.367 ms
Execution time: 1270.733 ms
