Hash Join  (cost=125256.91..202988.93 rows=194550 width=0) (actual time=2808.609..5081.273 rows=1042896 loops=1)
  Hash Cond: (mc.movie_id = t.id)
  ->  Seq Scan on movie_companies mc  (cost=0.00..44881.29 rows=2609129 width=4) (actual time=0.019..981.687 rows=2609129 loops=1)
  ->  Hash  (cost=122163.16..122163.16 rows=188540 width=8) (actual time=2635.824..2635.824 rows=280752 loops=1)
        Buckets: 131072  Batches: 4  Memory Usage: 3765kB
        ->  Hash Join  (cost=82436.85..122163.16 rows=188540 width=8) (actual time=1640.643..2544.126 rows=280752 loops=1)
              Hash Cond: (mi_idx.movie_id = t.id)
              ->  Seq Scan on movie_info_idx mi_idx  (cost=0.00..25185.44 rows=919057 width=4) (actual time=0.023..551.473 rows=920110 loops=1)
                    Filter: (info_type_id > 99)
                    Rows Removed by Filter: 459925
              ->  Hash  (cost=73925.90..73925.90 rows=518716 width=4) (actual time=1417.426..1417.426 rows=390957 loops=1)
                    Buckets: 131072  Batches: 8  Memory Usage: 2749kB
                    ->  Seq Scan on title t  (cost=0.00..73925.90 rows=518716 width=4) (actual time=0.016..1292.408 rows=390957 loops=1)
                          Filter: ((production_year > 1978) AND (kind_id = 1))
                          Rows Removed by Filter: 2137355
Planning time: 6.190 ms
Execution time: 5212.284 ms
