Seq Scan on cast_info ci  (cost=0.00..796071.18 rows=1865546 width=0) (actual time=3177.907..13042.774 rows=1292189 loops=1)
  Filter: ((person_id < 1659127) AND (role_id = 3))
  Rows Removed by Filter: 34952155
Planning time: 0.384 ms
Execution time: 13205.391 ms
