Hash Join  (cost=212051.99..1353058.93 rows=11200540 width=0) (actual time=4928.436..43065.356 rows=34517592 loops=1)
  Hash Cond: (ci.movie_id = t.id)
  ->  Seq Scan on cast_info ci  (cost=0.00..705507.15 rows=27631571 width=4) (actual time=0.012..16316.996 rows=27651701 loops=1)
        Filter: (person_id < 2828886)
        Rows Removed by Filter: 8592643
  ->  Hash  (cost=195236.17..195236.17 rows=1024946 width=8) (actual time=4927.218..4927.218 rows=1274246 loops=1)
        Buckets: 131072 (originally 131072)  Batches: 32 (originally 16)  Memory Usage: 3073kB
        ->  Hash Join  (cost=102767.86..195236.17 rows=1024946 width=8) (actual time=2145.765..4597.133 rows=1274246 loops=1)
              Hash Cond: (mc.movie_id = t.id)
              ->  Seq Scan on movie_companies mc  (cost=0.00..57926.93 rows=1024946 width=4) (actual time=21.169..1150.125 rows=1274246 loops=1)
                    Filter: ((company_id < 73090) AND (company_type_id < 2))
                    Rows Removed by Filter: 1334883
              ->  Hash  (cost=61283.27..61283.27 rows=2528527 width=4) (actual time=2123.274..2123.274 rows=2528312 loops=1)
                    Buckets: 131072  Batches: 64  Memory Usage: 2415kB
                    ->  Seq Scan on title t  (cost=0.00..61283.27 rows=2528527 width=4) (actual time=0.027..1269.443 rows=2528312 loops=1)
Planning time: 1.214 ms
Execution time: 46683.189 ms
