Seq Scan on movie_keyword mk  (cost=0.00..81003.12 rows=246 width=0) (actual time=2.484..1265.240 rows=502 loops=1)
  Filter: (keyword_id = 3289)
  Rows Removed by Filter: 4523428
Planning time: 0.398 ms
Execution time: 1265.559 ms
