Hash Join  (cost=259657.11..433288.03 rows=3588119 width=0) (actual time=7071.891..17836.462 rows=29271562 loops=1)
  Hash Cond: (mk.movie_id = t.id)
  ->  Seq Scan on movie_keyword mk  (cost=0.00..81003.12 rows=3676520 width=4) (actual time=0.017..1763.452 rows=3670771 loops=1)
        Filter: (keyword_id > 813)
        Rows Removed by Filter: 853159
  ->  Hash  (cost=219170.50..219170.50 rows=2467729 width=8) (actual time=7070.234..7070.234 rows=2530916 loops=1)
        Buckets: 131072  Batches: 64  Memory Usage: 2646kB
        ->  Hash Join  (cost=106840.27..219170.50 rows=2467729 width=8) (actual time=2253.019..6277.743 rows=2530916 loops=1)
              Hash Cond: (mc.movie_id = t.id)
              ->  Seq Scan on movie_companies mc  (cost=0.00..44881.29 rows=2609129 width=4) (actual time=0.014..968.335 rows=2609129 loops=1)
              ->  Hash  (cost=67604.59..67604.59 rows=2391495 width=4) (actual time=2251.941..2251.941 rows=2388876 loops=1)
                    Buckets: 131072  Batches: 32  Memory Usage: 3646kB
                    ->  Seq Scan on title t  (cost=0.00..67604.59 rows=2391495 width=4) (actual time=0.014..1482.019 rows=2388876 loops=1)
                          Filter: (production_year < 2013)
                          Rows Removed by Filter: 139436
Planning time: 1.167 ms
Execution time: 21319.247 ms
