Hash Join  (cost=83074.71..137742.23 rows=200 width=0) (actual time=1258.396..2392.224 rows=3247 loops=1)
  Hash Cond: (mc.movie_id = t.id)
  ->  Seq Scan on movie_companies mc  (cost=0.00..44881.29 rows=2609129 width=4) (actual time=0.013..655.133 rows=2609129 loops=1)
  ->  Hash  (cost=83072.29..83072.29 rows=194 width=8) (actual time=1258.300..1258.300 rows=337 loops=1)
        Buckets: 1024  Batches: 1  Memory Usage: 22kB
        ->  Nested Loop  (cost=0.43..83072.29 rows=194 width=8) (actual time=1.512..1257.962 rows=337 loops=1)
              ->  Seq Scan on movie_keyword mk  (cost=0.00..81003.12 rows=246 width=4) (actual time=1.463..1231.098 rows=533 loops=1)
                    Filter: (keyword_id = 5037)
                    Rows Removed by Filter: 4523397
              ->  Index Scan using title_pkey on title t  (cost=0.43..8.40 rows=1 width=4) (actual time=0.048..0.048 rows=1 loops=533)
                    Index Cond: (id = mk.movie_id)
                    Filter: (production_year > 1976)
                    Rows Removed by Filter: 0
Planning time: 1.248 ms
Execution time: 2392.895 ms
