Seq Scan on movie_keyword mk  (cost=0.00..81003.12 rows=2549137 width=0) (actual time=0.023..1556.286 rows=2545729 loops=1)
  Filter: (keyword_id > 3481)
  Rows Removed by Filter: 1978201
Planning time: 0.232 ms
Execution time: 1866.095 ms
