Seq Scan on movie_companies mc  (cost=0.00..51404.11 rows=104 width=0) (actual time=298.604..718.390 rows=12 loops=1)
  Filter: (company_id = 72756)
  Rows Removed by Filter: 2609117
Planning time: 0.391 ms
Execution time: 718.467 ms
