Seq Scan on movie_keyword mk  (cost=0.00..81003.12 rows=2928929 width=0) (actual time=0.031..1449.342 rows=2922793 loops=1)
  Filter: (keyword_id > 2481)
  Rows Removed by Filter: 1601137
Planning time: 0.363 ms
Execution time: 1826.048 ms
