Seq Scan on movie_keyword mk  (cost=0.00..81003.12 rows=1340058 width=0) (actual time=0.022..1428.264 rows=1356795 loops=1)
  Filter: (keyword_id < 1768)
  Rows Removed by Filter: 3167135
Planning time: 0.364 ms
Execution time: 1609.425 ms
