Hash Join  (cost=74547.79..832464.67 rows=712771 width=0) (actual time=1295.828..22685.842 rows=806203 loops=1)
  Hash Cond: (ci.movie_id = t.id)
  ->  Seq Scan on cast_info ci  (cost=0.00..614943.12 rows=36225612 width=4) (actual time=0.032..9205.738 rows=36244344 loops=1)
  ->  Hash  (cost=73925.90..73925.90 rows=49751 width=4) (actual time=1295.378..1295.378 rows=56995 loops=1)
        Buckets: 65536  Batches: 1  Memory Usage: 2516kB
        ->  Seq Scan on title t  (cost=0.00..73925.90 rows=49751 width=4) (actual time=0.015..1271.485 rows=56995 loops=1)
              Filter: ((kind_id > 1) AND (production_year = 2003))
              Rows Removed by Filter: 2471317
Planning time: 0.970 ms
Execution time: 22803.022 ms
