Seq Scan on movie_companies mc  (cost=0.00..51404.11 rows=1026096 width=0) (actual time=0.013..898.006 rows=1025808 loops=1)
  Filter: (company_id < 5541)
  Rows Removed by Filter: 1583321
Planning time: 0.367 ms
Execution time: 1021.600 ms
