Hash Join  (cost=120812.40..1171968.83 rows=1689221 width=0) (actual time=2269.321..28455.631 rows=1969285 loops=1)
  Hash Cond: (ci.movie_id = t.id)
  ->  Seq Scan on cast_info ci  (cost=0.00..614943.12 rows=36225612 width=4) (actual time=0.011..13193.922 rows=36244344 loops=1)
  ->  Hash  (cost=118877.57..118877.57 rows=117907 width=8) (actual time=2268.488..2268.488 rows=66175 loops=1)
        Buckets: 131072  Batches: 2  Memory Usage: 2322kB
        ->  Hash Join  (cost=84697.09..118877.57 rows=117907 width=8) (actual time=1719.421..2245.111 rows=66175 loops=1)
              Hash Cond: (mi_idx.movie_id = t.id)
              ->  Seq Scan on movie_info_idx mi_idx  (cost=0.00..25185.44 rows=454124 width=4) (actual time=0.021..497.144 rows=459925 loops=1)
                    Filter: (info_type_id = 100)
                    Rows Removed by Filter: 920110
              ->  Hash  (cost=73925.90..73925.90 rows=656495 width=4) (actual time=1417.345..1417.345 rows=556797 loops=1)
                    Buckets: 131072  Batches: 16  Memory Usage: 2246kB
                    ->  Seq Scan on title t  (cost=0.00..73925.90 rows=656495 width=4) (actual time=0.028..1238.550 rows=556797 loops=1)
                          Filter: ((production_year < 2001) AND (kind_id = 7))
                          Rows Removed by Filter: 1971515
Planning time: 1.246 ms
Execution time: 28691.150 ms
