Seq Scan on cast_info ci  (cost=0.00..796071.18 rows=13296208 width=0) (actual time=1150.747..15953.786 rows=14333038 loops=1)
  Filter: ((person_id > 618421) AND (role_id > 2))
  Rows Removed by Filter: 21911306
Planning time: 0.391 ms
Execution time: 17701.763 ms
