Seq Scan on cast_info ci  (cost=0.00..796071.18 rows=429485 width=0) (actual time=3026.972..10177.801 rows=682597 loops=1)
  Filter: ((person_id > 3929725) AND (role_id > 1))
  Rows Removed by Filter: 35561747
Planning time: 0.358 ms
Execution time: 10246.590 ms
