Hash Join  (cost=106840.27..1026613.91 rows=4856734 width=0) (actual time=5653.399..16657.981 rows=2077500 loops=1)
  Hash Cond: (ci.movie_id = t.id)
  ->  Seq Scan on cast_info ci  (cost=0.00..796071.18 rows=5135023 width=4) (actual time=3555.418..12464.310 rows=2164980 loops=1)
        Filter: ((person_id < 759152) AND (role_id > 1))
        Rows Removed by Filter: 34079364
  ->  Hash  (cost=67604.59..67604.59 rows=2391495 width=4) (actual time=2062.732..2062.732 rows=2388876 loops=1)
        Buckets: 131072  Batches: 32  Memory Usage: 3646kB
        ->  Seq Scan on title t  (cost=0.00..67604.59 rows=2391495 width=4) (actual time=0.030..1321.340 rows=2388876 loops=1)
              Filter: (production_year < 2013)
              Rows Removed by Filter: 139436
Planning time: 0.762 ms
Execution time: 16900.469 ms
