Hash Join  (cost=145414.09..658257.80 rows=3096277 width=0) (actual time=3848.982..18131.009 rows=3415548 loops=1)
  Hash Cond: (mi.movie_id = t.id)
  ->  Seq Scan on movie_info mi  (cost=0.00..309384.22 rows=14739122 width=4) (actual time=0.021..6181.003 rows=14835720 loops=1)
  ->  Hash  (cost=136699.43..136699.43 rows=531173 width=8) (actual time=3848.209..3848.209 rows=380133 loops=1)
        Buckets: 131072  Batches: 8  Memory Usage: 2884kB
        ->  Hash Join  (cost=89893.22..136699.43 rows=531173 width=8) (actual time=2295.333..3731.687 rows=380133 loops=1)
              Hash Cond: (mi_idx.movie_id = t.id)
              ->  Seq Scan on movie_info_idx mi_idx  (cost=0.00..21735.35 rows=1380035 width=4) (actual time=0.018..521.589 rows=1380035 loops=1)
              ->  Hash  (cost=73925.90..73925.90 rows=973225 width=4) (actual time=2294.523..2294.523 rows=1057588 loops=1)
                    Buckets: 131072  Batches: 16  Memory Usage: 3355kB
                    ->  Seq Scan on title t  (cost=0.00..73925.90 rows=973225 width=4) (actual time=0.016..1367.003 rows=1057588 loops=1)
                          Filter: ((kind_id > 1) AND (production_year > 2001))
                          Rows Removed by Filter: 1470724
Planning time: 1.325 ms
Execution time: 18569.358 ms
