Seq Scan on cast_info ci  (cost=0.00..796071.18 rows=244858 width=0) (actual time=4343.692..14077.126 rows=273333 loops=1)
  Filter: ((person_id > 1058320) AND (role_id > 10))
  Rows Removed by Filter: 35971011
Planning time: 0.353 ms
Execution time: 14112.058 ms
