Hash Join  (cost=78335.05..206195.13 rows=480804 width=0) (actual time=1231.529..4993.684 rows=557589 loops=1)
  Hash Cond: (mk.movie_id = t.id)
  ->  Seq Scan on movie_keyword mk  (cost=0.00..69693.30 rows=4523930 width=4) (actual time=0.012..1502.545 rows=4523930 loops=1)
  ->  Hash  (cost=73925.90..73925.90 rows=268732 width=4) (actual time=1230.337..1230.337 rows=226985 loops=1)
        Buckets: 131072  Batches: 4  Memory Usage: 3028kB
        ->  Seq Scan on title t  (cost=0.00..73925.90 rows=268732 width=4) (actual time=0.024..1152.811 rows=226985 loops=1)
              Filter: ((kind_id < 4) AND (production_year > 2007))
              Rows Removed by Filter: 2301327
Planning time: 0.755 ms
Execution time: 5058.024 ms
