Hash Join  (cost=246391.14..1173191.94 rows=6666126 width=0) (actual time=5665.610..30174.495 rows=21556750 loops=1)
  Hash Cond: (ci.movie_id = t.id)
  ->  Seq Scan on cast_info ci  (cost=0.00..705507.15 rows=12933171 width=4) (actual time=127.747..13161.988 rows=12897207 loops=1)
        Filter: (person_id < 1273493)
        Rows Removed by Filter: 23347137
  ->  Hash  (cost=225009.20..225009.20 rows=1303275 width=8) (actual time=5536.452..5536.452 rows=1310291 loops=1)
        Buckets: 131072  Batches: 32  Memory Usage: 2620kB
        ->  Hash Join  (cost=102767.86..225009.20 rows=1303275 width=8) (actual time=2110.592..5158.531 rows=1310291 loops=1)
              Hash Cond: (mk.movie_id = t.id)
              ->  Seq Scan on movie_keyword mk  (cost=0.00..81003.12 rows=1303275 width=4) (actual time=0.023..1555.322 rows=1310291 loops=1)
                    Filter: (keyword_id < 1717)
                    Rows Removed by Filter: 3213639
              ->  Hash  (cost=61283.27..61283.27 rows=2528527 width=4) (actual time=2108.844..2108.844 rows=2528312 loops=1)
                    Buckets: 131072  Batches: 64  Memory Usage: 2425kB
                    ->  Seq Scan on title t  (cost=0.00..61283.27 rows=2528527 width=4) (actual time=0.012..1020.095 rows=2528312 loops=1)
Planning time: 1.168 ms
Execution time: 32515.985 ms
