Hash Join  (cost=217849.60..301405.79 rows=617067 width=0) (actual time=4470.763..7282.164 rows=3633872 loops=1)
  Hash Cond: (mc.movie_id = t.id)
  ->  Seq Scan on movie_companies mc  (cost=0.00..44881.29 rows=2609129 width=4) (actual time=0.020..867.402 rows=2609129 loops=1)
  ->  Hash  (cost=208038.55..208038.55 rows=598004 width=8) (actual time=4469.975..4469.975 rows=601971 loops=1)
        Buckets: 131072  Batches: 8  Memory Usage: 4000kB
        ->  Hash Join  (cost=102767.86..208038.55 rows=598004 width=8) (actual time=1951.120..4276.902 rows=601971 loops=1)
              Hash Cond: (mk.movie_id = t.id)
              ->  Seq Scan on movie_keyword mk  (cost=0.00..81003.12 rows=598004 width=4) (actual time=0.028..1376.338 rows=601971 loops=1)
                    Filter: (keyword_id < 446)
                    Rows Removed by Filter: 3921959
              ->  Hash  (cost=61283.27..61283.27 rows=2528527 width=4) (actual time=1948.930..1948.930 rows=2528312 loops=1)
                    Buckets: 131072  Batches: 64  Memory Usage: 2425kB
                    ->  Seq Scan on title t  (cost=0.00..61283.27 rows=2528527 width=4) (actual time=0.019..1073.702 rows=2528312 loops=1)
Planning time: 1.111 ms
Execution time: 7639.188 ms
