Seq Scan on movie_keyword mk  (cost=0.00..81003.12 rows=2611660 width=0) (actual time=0.023..1489.207 rows=2602562 loops=1)
  Filter: (keyword_id > 3309)
  Rows Removed by Filter: 1921368
Planning time: 0.341 ms
Execution time: 1820.750 ms
