Seq Scan on movie_keyword mk  (cost=0.00..81003.12 rows=246 width=0) (actual time=0.380..1234.847 rows=2111 loops=1)
  Filter: (keyword_id = 2489)
  Rows Removed by Filter: 4521819
Planning time: 0.414 ms
Execution time: 1235.523 ms
