Hash Join  (cost=326871.86..1048276.36 rows=19189077 width=0) (actual time=7811.872..59215.244 rows=170288848 loops=1)
  Hash Cond: (mi.movie_id = t.id)
  ->  Seq Scan on movie_info mi  (cost=0.00..309384.22 rows=14739122 width=4) (actual time=0.018..6192.905 rows=14835720 loops=1)
  ->  Hash  (cost=272862.78..272862.78 rows=3291926 width=8) (actual time=7810.729..7810.729 rows=3280161 loops=1)
        Buckets: 131072  Batches: 64  Memory Usage: 3124kB
        ->  Hash Join  (cost=102767.86..272862.78 rows=3291926 width=8) (actual time=1955.818..6814.641 rows=3280161 loops=1)
              Hash Cond: (mk.movie_id = t.id)
              ->  Seq Scan on movie_keyword mk  (cost=0.00..81003.12 rows=3291926 width=4) (actual time=0.014..1723.458 rows=3280161 loops=1)
                    Filter: (keyword_id < 14534)
                    Rows Removed by Filter: 1243769
              ->  Hash  (cost=61283.27..61283.27 rows=2528527 width=4) (actual time=1954.919..1954.919 rows=2528312 loops=1)
                    Buckets: 131072  Batches: 64  Memory Usage: 2425kB
                    ->  Seq Scan on title t  (cost=0.00..61283.27 rows=2528527 width=4) (actual time=0.019..1092.830 rows=2528312 loops=1)
Planning time: 1.879 ms
Execution time: 77802.405 ms
