Seq Scan on title t  (cost=0.00..73925.90 rows=5006 width=0) (actual time=413.880..1053.387 rows=16891 loops=1)
  Filter: ((production_year < 1907) AND (kind_id = 1))
  Rows Removed by Filter: 2511421
Planning time: 0.377 ms
Execution time: 1056.287 ms
