Seq Scan on movie_keyword mk  (cost=0.00..81003.12 rows=246 width=0) (actual time=0.460..1173.068 rows=2373 loops=1)
  Filter: (keyword_id = 7633)
  Rows Removed by Filter: 4521557
Planning time: 0.392 ms
Execution time: 1173.846 ms
