Hash Join  (cost=74184.73..444293.68 rows=51026 width=0) (actual time=1290.185..7890.179 rows=107602 loops=1)
  Hash Cond: (mi.movie_id = t.id)
  ->  Seq Scan on movie_info mi  (cost=0.00..346232.03 rows=6231111 width=4) (actual time=381.655..5804.761 rows=6223494 loops=1)
        Filter: (info_type_id > 8)
        Rows Removed by Filter: 8612226
  ->  Hash  (cost=73925.90..73925.90 rows=20706 width=4) (actual time=907.893..907.893 rows=15444 loops=1)
        Buckets: 32768  Batches: 1  Memory Usage: 799kB
        ->  Seq Scan on title t  (cost=0.00..73925.90 rows=20706 width=4) (actual time=0.118..900.558 rows=15444 loops=1)
              Filter: ((kind_id < 4) AND (production_year = 2002))
              Rows Removed by Filter: 2512868
Planning time: 0.747 ms
Execution time: 7906.366 ms
