Nested Loop  (cost=0.43..83072.90 rows=8 width=0) (actual time=4.468..1196.768 rows=30 loops=1)
  ->  Seq Scan on movie_keyword mk  (cost=0.00..81003.12 rows=246 width=4) (actual time=1.180..1170.393 rows=546 loops=1)
        Filter: (keyword_id = 537)
        Rows Removed by Filter: 4523384
  ->  Index Scan using title_pkey on title t  (cost=0.43..8.40 rows=1 width=4) (actual time=0.047..0.047 rows=0 loops=546)
        Index Cond: (id = mk.movie_id)
        Filter: ((production_year < 2009) AND (kind_id = 4))
        Rows Removed by Filter: 1
Planning time: 0.761 ms
Execution time: 1196.893 ms
