Hash Join  (cost=101669.52..188655.87 rows=32831 width=0) (actual time=1760.651..3631.678 rows=285030 loops=1)
  Hash Cond: (mk.movie_id = t.id)
  ->  Seq Scan on movie_keyword mk  (cost=0.00..69693.30 rows=4523930 width=4) (actual time=0.022..950.139 rows=4523930 loops=1)
  ->  Hash  (cost=101440.15..101440.15 rows=18350 width=8) (actual time=1760.381..1760.381 rows=25891 loops=1)
        Buckets: 32768  Batches: 1  Memory Usage: 1268kB
        ->  Hash Join  (cost=74346.17..101440.15 rows=18350 width=8) (actual time=1140.465..1751.905 rows=25891 loops=1)
              Hash Cond: (mi_idx.movie_id = t.id)
              ->  Seq Scan on movie_info_idx mi_idx  (cost=0.00..21735.35 rows=1380035 width=4) (actual time=0.014..348.618 rows=1380035 loops=1)
              ->  Hash  (cost=73925.90..73925.90 rows=33621 width=4) (actual time=1081.085..1081.085 rows=28104 loops=1)
                    Buckets: 65536  Batches: 1  Memory Usage: 1501kB
                    ->  Seq Scan on title t  (cost=0.00..73925.90 rows=33621 width=4) (actual time=0.025..1067.292 rows=28104 loops=1)
                          Filter: ((kind_id < 2) AND (production_year = 2009))
                          Rows Removed by Filter: 2500208
Planning time: 1.134 ms
Execution time: 3667.530 ms
