Hash Join  (cost=80605.23..211481.32 rows=728305 width=0) (actual time=1365.321..4537.132 rows=184002 loops=1)
  Hash Cond: (mk.movie_id = t.id)
  ->  Seq Scan on movie_keyword mk  (cost=0.00..69693.30 rows=4523930 width=4) (actual time=0.018..1337.048 rows=4523930 loops=1)
  ->  Hash  (cost=73925.90..73925.90 rows=407066 width=4) (actual time=1340.927..1340.927 rows=436028 loops=1)
        Buckets: 131072  Batches: 8  Memory Usage: 2949kB
        ->  Seq Scan on title t  (cost=0.00..73925.90 rows=407066 width=4) (actual time=0.043..1195.126 rows=436028 loops=1)
              Filter: ((kind_id > 4) AND (production_year > 2008))
              Rows Removed by Filter: 2092284
Planning time: 0.748 ms
Execution time: 4558.917 ms
