Hash Join  (cost=73962.22..100888.56 rows=1586 width=0) (actual time=1131.097..1710.856 rows=7085 loops=1)
  Hash Cond: (mi_idx.movie_id = t.id)
  ->  Seq Scan on movie_info_idx mi_idx  (cost=0.00..21735.35 rows=1380035 width=4) (actual time=0.020..303.135 rows=1380035 loops=1)
  ->  Hash  (cost=73925.90..73925.90 rows=2905 width=4) (actual time=1130.051..1130.051 rows=5914 loops=1)
        Buckets: 8192 (originally 4096)  Batches: 1 (originally 1)  Memory Usage: 272kB
        ->  Seq Scan on title t  (cost=0.00..73925.90 rows=2905 width=4) (actual time=0.116..1126.709 rows=5914 loops=1)
              Filter: ((kind_id < 7) AND (production_year = 1974))
              Rows Removed by Filter: 2522398
Planning time: 0.780 ms
Execution time: 1712.067 ms
