Seq Scan on movie_keyword mk  (cost=0.00..81003.12 rows=4272025 width=0) (actual time=0.014..1559.716 rows=4274305 loops=1)
  Filter: (keyword_id < 60507)
  Rows Removed by Filter: 249625
Planning time: 0.327 ms
Execution time: 2095.010 ms
