Seq Scan on movie_keyword mk  (cost=0.00..81003.12 rows=1516599 width=0) (actual time=0.016..1254.247 rows=1534684 loops=1)
  Filter: (keyword_id > 10393)
  Rows Removed by Filter: 2989246
Planning time: 2.281 ms
Execution time: 1434.618 ms
