Hash Join  (cost=96735.51..468159.84 rows=636814 width=0) (actual time=5601.518..7906.916 rows=222085 loops=1)
  Hash Cond: (mi.movie_id = t.id)
  ->  Seq Scan on movie_info mi  (cost=0.00..346232.03 rows=1158179 width=4) (actual time=3664.692..5212.715 rows=1204709 loops=1)
        Filter: (info_type_id > 18)
        Rows Removed by Filter: 13631011
  ->  Hash  (cost=73925.90..73925.90 rows=1390288 width=4) (actual time=1789.232..1789.232 rows=1518592 loops=1)
        Buckets: 131072  Batches: 32  Memory Usage: 2709kB
        ->  Seq Scan on title t  (cost=0.00..73925.90 rows=1390288 width=4) (actual time=0.041..1319.987 rows=1518592 loops=1)
              Filter: ((kind_id > 1) AND (production_year > 1983))
              Rows Removed by Filter: 1009720
Planning time: 0.871 ms
Execution time: 7934.738 ms
