Seq Scan on movie_keyword mk  (cost=0.00..81003.12 rows=1722051 width=0) (actual time=0.027..1361.258 rows=1725303 loops=1)
  Filter: (keyword_id < 2794)
  Rows Removed by Filter: 2798627
Planning time: 0.330 ms
Execution time: 1590.648 ms
