Hash Join  (cost=102767.86..261652.52 rows=2826064 width=0) (actual time=1956.044..6121.174 rows=2817747 loops=1)
  Hash Cond: (mk.movie_id = t.id)
  ->  Seq Scan on movie_keyword mk  (cost=0.00..81003.12 rows=2826064 width=4) (actual time=6.590..1632.660 rows=2817747 loops=1)
        Filter: (keyword_id > 2681)
        Rows Removed by Filter: 1706183
  ->  Hash  (cost=61283.27..61283.27 rows=2528527 width=4) (actual time=1948.001..1948.001 rows=2528312 loops=1)
        Buckets: 131072  Batches: 64  Memory Usage: 2425kB
        ->  Seq Scan on title t  (cost=0.00..61283.27 rows=2528527 width=4) (actual time=0.016..1072.917 rows=2528312 loops=1)
Planning time: 0.519 ms
Execution time: 6469.219 ms
