Hash Join  (cost=122535.74..951294.01 rows=26242 width=0) (actual time=2281.725..20122.138 rows=102261 loops=1)
  Hash Cond: (ci.movie_id = t.id)
  ->  Seq Scan on cast_info ci  (cost=0.00..796071.18 rows=8646578 width=4) (actual time=0.026..15685.689 rows=12670688 loops=1)
        Filter: ((person_id < 2529305) AND (role_id = 1))
        Rows Removed by Filter: 23573656
  ->  Hash  (cost=122439.81..122439.81 rows=7674 width=8) (actual time=2281.593..2281.593 rows=5607 loops=1)
        Buckets: 8192  Batches: 1  Memory Usage: 284kB
        ->  Hash Join  (cost=67697.55..122439.81 rows=7674 width=8) (actual time=1090.870..2279.173 rows=5607 loops=1)
              Hash Cond: (mc.movie_id = t.id)
              ->  Seq Scan on movie_companies mc  (cost=0.00..44881.29 rows=2609129 width=4) (actual time=0.022..685.349 rows=2609129 loops=1)
              ->  Hash  (cost=67604.59..67604.59 rows=7437 width=4) (actual time=1090.664..1090.664 rows=2291 loops=1)
                    Buckets: 8192  Batches: 1  Memory Usage: 145kB
                    ->  Seq Scan on title t  (cost=0.00..67604.59 rows=7437 width=4) (actual time=6.444..1089.393 rows=2291 loops=1)
                          Filter: (production_year = 1947)
                          Rows Removed by Filter: 2526021
Planning time: 1.677 ms
Execution time: 20136.820 ms
