Hash Join  (cost=354513.80..1136826.63 rows=23170719 width=0) (actual time=8162.233..69159.976 rows=205000792 loops=1)
  Hash Cond: (mi.movie_id = t.id)
  ->  Seq Scan on movie_info mi  (cost=0.00..309384.22 rows=14739122 width=4) (actual time=0.012..6455.451 rows=14835720 loops=1)
  ->  Hash  (cost=289298.49..289298.49 rows=3974985 width=8) (actual time=8160.385..8160.385 rows=3979007 loops=1)
        Buckets: 131072  Batches: 64  Memory Usage: 3554kB
        ->  Hash Join  (cost=102767.86..289298.49 rows=3974985 width=8) (actual time=1999.134..7058.027 rows=3979007 loops=1)
              Hash Cond: (mk.movie_id = t.id)
              ->  Seq Scan on movie_keyword mk  (cost=0.00..81003.12 rows=3974985 width=4) (actual time=0.020..1813.315 rows=3979007 loops=1)
                    Filter: (keyword_id < 33737)
                    Rows Removed by Filter: 544923
              ->  Hash  (cost=61283.27..61283.27 rows=2528527 width=4) (actual time=1998.037..1998.037 rows=2528312 loops=1)
                    Buckets: 131072  Batches: 64  Memory Usage: 2425kB
                    ->  Seq Scan on title t  (cost=0.00..61283.27 rows=2528527 width=4) (actual time=0.011..1145.482 rows=2528312 loops=1)
Planning time: 1.139 ms
Execution time: 92369.766 ms
