Seq Scan on movie_companies mc  (cost=0.00..57926.93 rows=51 width=0) (actual time=0.285..869.513 rows=588 loops=1)
  Filter: ((company_type_id < 2) AND (company_id = 3016))
  Rows Removed by Filter: 2608541
Planning time: 0.410 ms
Execution time: 869.767 ms
