Hash Join  (cost=263115.61..416237.89 rows=2620873 width=0) (actual time=6277.770..13522.588 rows=20364823 loops=1)
  Hash Cond: (mk.movie_id = t.id)
  ->  Seq Scan on movie_keyword mk  (cost=0.00..81003.12 rows=2539908 width=4) (actual time=0.024..1702.210 rows=2539218 loops=1)
        Filter: (keyword_id > 3510)
        Rows Removed by Filter: 1984712
  ->  Hash  (cost=220309.49..220309.49 rows=2609129 width=8) (actual time=6273.253..6273.253 rows=2609129 loops=1)
        Buckets: 131072  Batches: 64  Memory Usage: 2691kB
        ->  Hash Join  (cost=102767.86..220309.49 rows=2609129 width=8) (actual time=1999.684..5508.707 rows=2609129 loops=1)
              Hash Cond: (mc.movie_id = t.id)
              ->  Seq Scan on movie_companies mc  (cost=0.00..44881.29 rows=2609129 width=4) (actual time=0.019..931.111 rows=2609129 loops=1)
              ->  Hash  (cost=61283.27..61283.27 rows=2528527 width=4) (actual time=1997.736..1997.736 rows=2528312 loops=1)
                    Buckets: 131072  Batches: 64  Memory Usage: 2415kB
                    ->  Seq Scan on title t  (cost=0.00..61283.27 rows=2528527 width=4) (actual time=0.019..1173.636 rows=2528312 loops=1)
Planning time: 1.148 ms
Execution time: 15565.379 ms
