Hash Join  (cost=254684.96..1562778.33 rows=22292916 width=0) (actual time=7435.389..87752.804 rows=186900408 loops=1)
  Hash Cond: (ci.movie_id = t.id)
  ->  Seq Scan on cast_info ci  (cost=0.00..614943.12 rows=36225612 width=4) (actual time=0.015..14060.864 rows=36244344 loops=1)
  ->  Hash  (cost=229155.55..229155.55 rows=1556033 width=8) (actual time=7433.449..7433.449 rows=3752349 loops=1)
        Buckets: 131072 (originally 131072)  Batches: 64 (originally 32)  Memory Usage: 3365kB
        ->  Hash Join  (cost=88195.18..229155.55 rows=1556033 width=8) (actual time=1722.133..6340.293 rows=3752349 loops=1)
              Hash Cond: (mk.movie_id = t.id)
              ->  Seq Scan on movie_keyword mk  (cost=0.00..69693.30 rows=4523930 width=4) (actual time=0.011..1486.603 rows=4523930 loops=1)
              ->  Hash  (cost=73925.90..73925.90 rows=869702 width=4) (actual time=1720.785..1720.785 rows=896788 loops=1)
                    Buckets: 131072  Batches: 16  Memory Usage: 3007kB
                    ->  Seq Scan on title t  (cost=0.00..73925.90 rows=869702 width=4) (actual time=0.019..1434.348 rows=896788 loops=1)
                          Filter: ((kind_id < 7) AND (production_year < 2012))
                          Rows Removed by Filter: 1631524
Planning time: 0.758 ms
Execution time: 108909.227 ms
