Seq Scan on movie_companies mc  (cost=0.00..51404.11 rows=345131 width=0) (actual time=0.025..915.031 rows=349047 loops=1)
  Filter: (company_id > 88364)
  Rows Removed by Filter: 2260082
Planning time: 0.339 ms
Execution time: 959.215 ms
