Hash Join  (cost=67817.94..94763.16 rows=3112 width=0) (actual time=1288.670..1655.882 rows=2174 loops=1)
  Hash Cond: (mi_idx.movie_id = t.id)
  ->  Seq Scan on movie_info_idx mi_idx  (cost=0.00..25185.44 rows=460978 width=4) (actual time=0.024..455.927 rows=459925 loops=1)
        Filter: (info_type_id = 99)
        Rows Removed by Filter: 920110
  ->  Hash  (cost=67604.59..67604.59 rows=17068 width=4) (actual time=1099.496..1099.496 rows=15788 loops=1)
        Buckets: 32768  Batches: 1  Memory Usage: 812kB
        ->  Seq Scan on title t  (cost=0.00..67604.59 rows=17068 width=4) (actual time=189.866..1092.931 rows=15788 loops=1)
              Filter: (production_year < 1906)
              Rows Removed by Filter: 2512524
Planning time: 0.836 ms
Execution time: 1656.427 ms
