Hash Join  (cost=190230.21..1064287.19 rows=5231922 width=0) (actual time=6621.761..25427.392 rows=11190301 loops=1)
  Hash Cond: (ci.movie_id = t.id)
  ->  Seq Scan on cast_info ci  (cost=0.00..705507.15 rows=9586029 width=4) (actual time=1456.754..12184.868 rows=9407440 loops=1)
        Filter: (person_id < 925786)
        Rows Removed by Filter: 26836904
  ->  Hash  (cost=167588.78..167588.78 rows=1380035 width=8) (actual time=4848.788..4848.788 rows=1380035 loops=1)
        Buckets: 131072  Batches: 32  Memory Usage: 2708kB
        ->  Hash Join  (cost=102767.86..167588.78 rows=1380035 width=8) (actual time=1868.254..4441.645 rows=1380035 loops=1)
              Hash Cond: (mi_idx.movie_id = t.id)
              ->  Seq Scan on movie_info_idx mi_idx  (cost=0.00..21735.35 rows=1380035 width=4) (actual time=0.021..497.808 rows=1380035 loops=1)
              ->  Hash  (cost=61283.27..61283.27 rows=2528527 width=4) (actual time=1866.187..1866.187 rows=2528312 loops=1)
                    Buckets: 131072  Batches: 64  Memory Usage: 2415kB
                    ->  Seq Scan on title t  (cost=0.00..61283.27 rows=2528527 width=4) (actual time=0.028..1038.482 rows=2528312 loops=1)
Planning time: 1.203 ms
Execution time: 26739.440 ms
