Hash Join  (cost=73994.33..100934.69 rows=2988 width=0) (actual time=1161.096..1740.522 rows=1056 loops=1)
  Hash Cond: (mi_idx.movie_id = t.id)
  ->  Seq Scan on movie_info_idx mi_idx  (cost=0.00..21735.35 rows=1380035 width=4) (actual time=0.012..319.076 rows=1380035 loops=1)
  ->  Hash  (cost=73925.90..73925.90 rows=5474 width=4) (actual time=1142.043..1142.043 rows=4487 loops=1)
        Buckets: 8192  Batches: 1  Memory Usage: 222kB
        ->  Seq Scan on title t  (cost=0.00..73925.90 rows=5474 width=4) (actual time=0.127..1139.648 rows=4487 loops=1)
              Filter: ((kind_id > 1) AND (production_year = 1954))
              Rows Removed by Filter: 2523825
Planning time: 0.732 ms
Execution time: 1740.795 ms
