Hash Join  (cost=109065.45..593786.43 rows=460604 width=0) (actual time=2065.493..13695.136 rows=1548366 loops=1)
  Hash Cond: (mi.movie_id = t.id)
  ->  Seq Scan on movie_info mi  (cost=0.00..309384.22 rows=14739122 width=4) (actual time=0.011..6115.744 rows=14835720 loops=1)
  ->  Hash  (cost=107768.72..107768.72 rows=79018 width=8) (actual time=2064.758..2064.758 rows=88479 loops=1)
        Buckets: 131072  Batches: 2  Memory Usage: 2762kB
        ->  Hash Join  (cost=74823.14..107768.72 rows=79018 width=8) (actual time=1251.782..2040.139 rows=88479 loops=1)
              Hash Cond: (mi_idx.movie_id = t.id)
              ->  Seq Scan on movie_info_idx mi_idx  (cost=0.00..25185.44 rows=454124 width=4) (actual time=0.009..509.892 rows=459925 loops=1)
                    Filter: (info_type_id = 100)
                    Rows Removed by Filter: 920110
              ->  Hash  (cost=67604.59..67604.59 rows=439964 width=4) (actual time=1251.011..1251.011 rows=437515 loops=1)
                    Buckets: 131072  Batches: 8  Memory Usage: 2944kB
                    ->  Seq Scan on title t  (cost=0.00..67604.59 rows=439964 width=4) (actual time=0.038..1093.194 rows=437515 loops=1)
                          Filter: (production_year < 1975)
                          Rows Removed by Filter: 2090797
Planning time: 1.156 ms
Execution time: 13882.933 ms
