Hash Join  (cost=167322.81..205772.63 rows=44134 width=0) (actual time=3284.380..4134.278 rows=107981 loops=1)
  Hash Cond: (mi_idx.movie_id = t.id)
  ->  Seq Scan on movie_info_idx mi_idx  (cost=0.00..21735.35 rows=1380035 width=4) (actual time=0.016..392.962 rows=1380035 loops=1)
  ->  Hash  (cost=165996.01..165996.01 rows=80864 width=8) (actual time=3283.083..3283.083 rows=84071 loops=1)
        Buckets: 131072  Batches: 2  Memory Usage: 2662kB
        ->  Hash Join  (cost=102767.86..165996.01 rows=80864 width=8) (actual time=1957.754..3254.463 rows=84071 loops=1)
              Hash Cond: (mc.movie_id = t.id)
              ->  Seq Scan on movie_companies mc  (cost=0.00..51404.11 rows=80864 width=4) (actual time=0.096..840.375 rows=84071 loops=1)
                    Filter: (company_id < 19)
                    Rows Removed by Filter: 2525058
              ->  Hash  (cost=61283.27..61283.27 rows=2528527 width=4) (actual time=1943.005..1943.005 rows=2528312 loops=1)
                    Buckets: 131072  Batches: 64  Memory Usage: 2415kB
                    ->  Seq Scan on title t  (cost=0.00..61283.27 rows=2528527 width=4) (actual time=0.020..1108.238 rows=2528312 loops=1)
Planning time: 1.229 ms
Execution time: 4148.090 ms
