Hash Join  (cost=131627.91..866537.89 rows=95328 width=0) (actual time=2475.758..16063.339 rows=320533 loops=1)
  Hash Cond: (ci.movie_id = t.id)
  ->  Seq Scan on cast_info ci  (cost=0.00..705507.15 rows=7586546 width=4) (actual time=6.235..11641.374 rows=7501762 loops=1)
        Filter: (person_id < 726537)
        Rows Removed by Filter: 28742582
  ->  Hash  (cost=131230.76..131230.76 rows=31772 width=8) (actual time=2469.241..2469.241 rows=35457 loops=1)
        Buckets: 65536 (originally 32768)  Batches: 1 (originally 1)  Memory Usage: 1898kB
        ->  Hash Join  (cost=74710.74..131230.76 rows=31772 width=8) (actual time=1238.365..2455.404 rows=35457 loops=1)
              Hash Cond: (mc.movie_id = t.id)
              ->  Seq Scan on movie_companies mc  (cost=0.00..51404.11 rows=1279517 width=4) (actual time=49.733..949.758 rows=1274246 loops=1)
                    Filter: (company_type_id < 2)
                    Rows Removed by Filter: 1334883
              ->  Hash  (cost=73925.90..73925.90 rows=62787 width=4) (actual time=1188.207..1188.207 rows=53770 loops=1)
                    Buckets: 65536  Batches: 1  Memory Usage: 2403kB
                    ->  Seq Scan on title t  (cost=0.00..73925.90 rows=62787 width=4) (actual time=0.022..1167.081 rows=53770 loops=1)
                          Filter: ((kind_id < 7) AND (production_year = 2011))
                          Rows Removed by Filter: 2474542
Planning time: 7.410 ms
Execution time: 16104.155 ms
