Seq Scan on cast_info ci  (cost=0.00..705507.15 rows=500 width=0) (actual time=6239.731..11013.102 rows=356 loops=1)
  Filter: (person_id = 512909)
  Rows Removed by Filter: 36243988
Planning time: 0.387 ms
Execution time: 11013.217 ms
