Hash Join  (cost=107774.22..868913.61 rows=1035022 width=0) (actual time=2109.676..22486.197 rows=1493885 loops=1)
  Hash Cond: (ci.movie_id = t.id)
  ->  Seq Scan on cast_info ci  (cost=0.00..614943.12 rows=36225612 width=4) (actual time=0.018..9378.188 rows=36244344 loops=1)
  ->  Hash  (cost=106871.17..106871.17 rows=72244 width=8) (actual time=2108.973..2108.973 rows=43850 loops=1)
        Buckets: 131072  Batches: 1  Memory Usage: 2737kB
        ->  Hash Join  (cost=74050.79..106871.17 rows=72244 width=8) (actual time=1257.557..2092.039 rows=43850 loops=1)
              Hash Cond: (mi_idx.movie_id = t.id)
              ->  Seq Scan on movie_info_idx mi_idx  (cost=0.00..25185.44 rows=464934 width=4) (actual time=0.023..542.915 rows=460185 loops=1)
                    Filter: (info_type_id > 100)
                    Rows Removed by Filter: 919850
              ->  Hash  (cost=67604.59..67604.59 rows=392896 width=4) (actual time=1256.716..1256.716 rows=391666 loops=1)
                    Buckets: 131072  Batches: 8  Memory Usage: 2753kB
                    ->  Seq Scan on title t  (cost=0.00..67604.59 rows=392896 width=4) (actual time=0.018..1129.571 rows=391666 loops=1)
                          Filter: (production_year > 2010)
                          Rows Removed by Filter: 2136646
Planning time: 3.032 ms
Execution time: 22689.085 ms
