Seq Scan on movie_companies mc  (cost=0.00..51404.11 rows=104 width=0) (actual time=141.516..789.249 rows=16 loops=1)
  Filter: (company_id = 93107)
  Rows Removed by Filter: 2609113
Planning time: 0.385 ms
Execution time: 789.335 ms
