Hash Join  (cost=286521.15..1268101.96 rows=11075465 width=0) (actual time=6415.034..37708.044 rows=41990051 loops=1)
  Hash Cond: (ci.movie_id = t.id)
  ->  Seq Scan on cast_info ci  (cost=0.00..705507.15 rows=12203201 width=4) (actual time=0.021..14632.740 rows=12113646 loops=1)
        Filter: (role_id > 3)
        Rows Removed by Filter: 24130698
  ->  Hash  (cost=248870.43..248870.43 rows=2294858 width=8) (actual time=6413.629..6413.629 rows=2295971 loops=1)
        Buckets: 131072  Batches: 32  Memory Usage: 3811kB
        ->  Hash Join  (cost=102767.86..248870.43 rows=2294858 width=8) (actual time=1844.524..5721.999 rows=2295971 loops=1)
              Hash Cond: (mk.movie_id = t.id)
              ->  Seq Scan on movie_keyword mk  (cost=0.00..81003.12 rows=2294858 width=4) (actual time=0.017..1651.967 rows=2295971 loops=1)
                    Filter: (keyword_id < 4918)
                    Rows Removed by Filter: 2227959
              ->  Hash  (cost=61283.27..61283.27 rows=2528527 width=4) (actual time=1843.181..1843.181 rows=2528312 loops=1)
                    Buckets: 131072  Batches: 64  Memory Usage: 2425kB
                    ->  Seq Scan on title t  (cost=0.00..61283.27 rows=2528527 width=4) (actual time=0.029..1014.959 rows=2528312 loops=1)
Planning time: 1.125 ms
Execution time: 42366.019 ms
