Hash Join  (cost=164013.06..533410.47 rows=111240 width=0) (actual time=3506.209..9748.684 rows=1988893 loops=1)
  Hash Cond: (mi.movie_id = t.id)
  ->  Seq Scan on movie_info mi  (cost=0.00..346232.03 rows=5880796 width=4) (actual time=543.849..5262.348 rows=5869026 loops=1)
        Filter: (info_type_id > 13)
        Rows Removed by Filter: 8966694
  ->  Hash  (cost=163415.20..163415.20 rows=47829 width=8) (actual time=2959.412..2959.412 rows=47232 loops=1)
        Buckets: 65536  Batches: 1  Memory Usage: 2357kB
        ->  Hash Join  (cost=74710.74..163415.20 rows=47829 width=8) (actual time=1109.162..2944.073 rows=47232 loops=1)
              Hash Cond: (mk.movie_id = t.id)
              ->  Seq Scan on movie_keyword mk  (cost=0.00..81003.12 rows=1926145 width=4) (actual time=0.033..1476.649 rows=1937096 loops=1)
                    Filter: (keyword_id > 6830)
                    Rows Removed by Filter: 2586834
              ->  Hash  (cost=73925.90..73925.90 rows=62787 width=4) (actual time=1108.719..1108.719 rows=53770 loops=1)
                    Buckets: 65536  Batches: 1  Memory Usage: 2403kB
                    ->  Seq Scan on title t  (cost=0.00..73925.90 rows=62787 width=4) (actual time=0.020..1085.512 rows=53770 loops=1)
                          Filter: ((kind_id < 7) AND (production_year = 2011))
                          Rows Removed by Filter: 2474542
Planning time: 1.139 ms
Execution time: 9970.629 ms
