Hash Join  (cost=75572.24..199761.64 rows=179536 width=0) (actual time=1093.285..3950.591 rows=467744 loops=1)
  Hash Cond: (mk.movie_id = t.id)
  ->  Seq Scan on movie_keyword mk  (cost=0.00..69693.30 rows=4523930 width=4) (actual time=0.024..1339.746 rows=4523930 loops=1)
  ->  Hash  (cost=73925.90..73925.90 rows=100347 width=4) (actual time=1092.352..1092.352 rows=117918 loops=1)
        Buckets: 131072  Batches: 2  Memory Usage: 3101kB
        ->  Seq Scan on title t  (cost=0.00..73925.90 rows=100347 width=4) (actual time=0.021..1048.762 rows=117918 loops=1)
              Filter: ((production_year > 1960) AND (kind_id = 4))
              Rows Removed by Filter: 2410394
Planning time: 0.785 ms
Execution time: 4011.492 ms
