Seq Scan on movie_keyword mk  (cost=0.00..81003.12 rows=1652290 width=0) (actual time=0.024..1502.580 rows=1665575 loops=1)
  Filter: (keyword_id < 2554)
  Rows Removed by Filter: 2858355
Planning time: 0.365 ms
Execution time: 1712.813 ms
