Hash Join  (cost=128478.61..630945.76 rows=2123723 width=0) (actual time=3061.470..17717.110 rows=7315370 loops=1)
  Hash Cond: (mi.movie_id = t.id)
  ->  Seq Scan on movie_info mi  (cost=0.00..309384.22 rows=14739122 width=4) (actual time=0.018..5943.016 rows=14835720 loops=1)
  ->  Hash  (cost=122500.50..122500.50 rows=364329 width=8) (actual time=3060.541..3060.541 rows=435281 loops=1)
        Buckets: 131072  Batches: 8  Memory Usage: 3167kB
        ->  Hash Join  (cost=78556.72..122500.50 rows=364329 width=8) (actual time=1665.024..2941.379 rows=435281 loops=1)
              Hash Cond: (mi_idx.movie_id = t.id)
              ->  Seq Scan on movie_info_idx mi_idx  (cost=0.00..21735.35 rows=1380035 width=4) (actual time=0.015..445.359 rows=1380035 loops=1)
              ->  Hash  (cost=67604.59..67604.59 rows=667531 width=4) (actual time=1663.079..1663.079 rows=662834 loops=1)
                    Buckets: 131072  Batches: 16  Memory Usage: 2478kB
                    ->  Seq Scan on title t  (cost=0.00..67604.59 rows=667531 width=4) (actual time=0.016..1205.797 rows=662834 loops=1)
                          Filter: (production_year < 1989)
                          Rows Removed by Filter: 1865478
Planning time: 1.207 ms
Execution time: 18565.007 ms
