Seq Scan on movie_companies mc  (cost=0.00..51404.11 rows=2522 width=0) (actual time=0.167..721.886 rows=2256 loops=1)
  Filter: (company_id = 352)
  Rows Removed by Filter: 2606873
Planning time: 0.383 ms
Execution time: 722.414 ms
