Hash Join  (cost=52284.99..416946.98 rows=606 width=0) (actual time=1087.382..7467.614 rows=1294 loops=1)
  Hash Cond: (mi.movie_id = t.id)
  ->  Seq Scan on movie_info mi  (cost=0.00..309384.22 rows=14739122 width=4) (actual time=0.009..4029.044 rows=14835720 loops=1)
  ->  Hash  (cost=52283.69..52283.69 rows=104 width=8) (actual time=764.787..764.787 rows=100 loops=1)
        Buckets: 1024  Batches: 1  Memory Usage: 12kB
        ->  Nested Loop  (cost=0.43..52283.69 rows=104 width=8) (actual time=8.132..764.705 rows=100 loops=1)
              ->  Seq Scan on movie_companies mc  (cost=0.00..51404.11 rows=104 width=4) (actual time=7.990..762.852 rows=100 loops=1)
                    Filter: (company_id = 34217)
                    Rows Removed by Filter: 2609029
              ->  Index Only Scan using title_pkey on title t  (cost=0.43..8.45 rows=1 width=4) (actual time=0.016..0.016 rows=1 loops=100)
                    Index Cond: (id = mc.movie_id)
                    Heap Fetches: 100
Planning time: 1.149 ms
Execution time: 7467.996 ms
