Hash Join  (cost=674338.02..2528375.16 rows=57806190 width=0) (actual time=15584.210..60660.571 rows=40326603 loops=1)
  Hash Cond: (ci.movie_id = t.id)
  ->  Seq Scan on cast_info ci  (cost=0.00..614943.12 rows=36225612 width=4) (actual time=0.013..13545.771 rows=36244344 loops=1)
  ->  Hash  (cost=608140.54..608140.54 rows=4034839 width=8) (actual time=15581.450..15581.450 rows=2055671 loops=1)
        Buckets: 131072  Batches: 64  Memory Usage: 2243kB
        ->  Hash Join  (cost=85282.22..608140.54 rows=4034839 width=8) (actual time=1433.946..14981.428 rows=2055671 loops=1)
              Hash Cond: (mi.movie_id = t.id)
              ->  Seq Scan on movie_info mi  (cost=0.00..309384.22 rows=14739122 width=4) (actual time=0.025..5747.990 rows=14835720 loops=1)
              ->  Hash  (cost=73925.90..73925.90 rows=692185 width=4) (actual time=1432.648..1432.648 rows=596495 loops=1)
                    Buckets: 131072  Batches: 16  Memory Usage: 2338kB
                    ->  Seq Scan on title t  (cost=0.00..73925.90 rows=692185 width=4) (actual time=253.128..1232.718 rows=596495 loops=1)
                          Filter: ((production_year < 2002) AND (kind_id = 7))
                          Rows Removed by Filter: 1931817
Planning time: 1.283 ms
Execution time: 65425.580 ms
