Hash Join  (cost=107609.88..162475.45 rows=23976 width=0) (actual time=2153.438..3144.897 rows=45002 loops=1)
  Hash Cond: (mc.movie_id = t.id)
  ->  Seq Scan on movie_companies mc  (cost=0.00..51404.11 rows=859120 width=4) (actual time=132.603..904.777 rows=865456 loops=1)
        Filter: (company_id > 23893)
        Rows Removed by Filter: 1743673
  ->  Hash  (cost=106727.83..106727.83 rows=70564 width=8) (actual time=2020.035..2020.035 rows=43838 loops=1)
        Buckets: 131072  Batches: 1  Memory Usage: 2737kB
        ->  Hash Join  (cost=74050.79..106727.83 rows=70564 width=8) (actual time=1255.710..2002.582 rows=43838 loops=1)
              Hash Cond: (mi_idx.movie_id = t.id)
              ->  Seq Scan on movie_info_idx mi_idx  (cost=0.00..25185.44 rows=454124 width=4) (actual time=0.036..452.803 rows=459925 loops=1)
                    Filter: (info_type_id = 100)
                    Rows Removed by Filter: 920110
              ->  Hash  (cost=67604.59..67604.59 rows=392896 width=4) (actual time=1254.628..1254.628 rows=391666 loops=1)
                    Buckets: 131072  Batches: 8  Memory Usage: 2753kB
                    ->  Seq Scan on title t  (cost=0.00..67604.59 rows=392896 width=4) (actual time=0.022..1122.370 rows=391666 loops=1)
                          Filter: (production_year > 2010)
                          Rows Removed by Filter: 2136646
Planning time: 1.168 ms
Execution time: 3151.633 ms
