Seq Scan on movie_companies mc  (cost=0.00..51404.11 rows=104 width=0) (actual time=2.992..820.083 rows=169 loops=1)
  Filter: (company_id = 203)
  Rows Removed by Filter: 2608960
Planning time: 0.340 ms
Execution time: 820.182 ms
