Hash Join  (cost=105515.80..183608.19 rows=735252 width=0) (actual time=2040.021..4105.453 rows=732364 loops=1)
  Hash Cond: (mc.movie_id = t.id)
  ->  Seq Scan on movie_companies mc  (cost=0.00..51404.11 rows=804551 width=4) (actual time=0.024..971.280 rows=811139 loops=1)
        Filter: (company_id > 29121)
        Rows Removed by Filter: 1797990
  ->  Hash  (cost=67604.59..67604.59 rows=2310737 width=4) (actual time=2039.267..2039.267 rows=2304707 loops=1)
        Buckets: 131072  Batches: 32  Memory Usage: 3559kB
        ->  Seq Scan on title t  (cost=0.00..67604.59 rows=2310737 width=4) (actual time=0.012..1321.930 rows=2304707 loops=1)
              Filter: (production_year > 1944)
              Rows Removed by Filter: 223605
Planning time: 0.660 ms
Execution time: 4199.718 ms
