Nested Loop  (cost=0.43..709673.15 rows=22 width=0) (actual time=4878.376..10624.196 rows=6 loops=1)
  ->  Seq Scan on cast_info ci  (cost=0.00..705507.15 rows=500 width=4) (actual time=3644.225..10620.602 rows=54 loops=1)
        Filter: (person_id = 465150)
        Rows Removed by Filter: 36244290
  ->  Index Scan using title_pkey on title t  (cost=0.43..8.32 rows=1 width=4) (actual time=0.065..0.065 rows=0 loops=54)
        Index Cond: (id = ci.movie_id)
        Filter: (production_year = 2007)
        Rows Removed by Filter: 1
Planning time: 0.765 ms
Execution time: 10624.345 ms
