Hash Join  (cost=83074.47..137741.81 rows=180 width=0) (actual time=1202.108..2332.369 rows=2046 loops=1)
  Hash Cond: (mc.movie_id = t.id)
  ->  Seq Scan on movie_companies mc  (cost=0.00..44881.29 rows=2609129 width=4) (actual time=0.014..664.924 rows=2609129 loops=1)
  ->  Hash  (cost=83072.29..83072.29 rows=175 width=8) (actual time=1199.989..1199.989 rows=211 loops=1)
        Buckets: 1024  Batches: 1  Memory Usage: 17kB
        ->  Nested Loop  (cost=0.43..83072.29 rows=175 width=8) (actual time=10.742..1199.755 rows=211 loops=1)
              ->  Seq Scan on movie_keyword mk  (cost=0.00..81003.12 rows=246 width=4) (actual time=10.688..1191.171 rows=227 loops=1)
                    Filter: (keyword_id = 22245)
                    Rows Removed by Filter: 4523703
              ->  Index Scan using title_pkey on title t  (cost=0.43..8.40 rows=1 width=4) (actual time=0.034..0.035 rows=1 loops=227)
                    Index Cond: (id = mk.movie_id)
                    Filter: (production_year < 2009)
                    Rows Removed by Filter: 0
Planning time: 1.160 ms
Execution time: 2332.873 ms
