Hash Join  (cost=152965.22..971925.43 rows=7907 width=0) (actual time=2544.217..18970.936 rows=42016 loops=1)
  Hash Cond: (ci.movie_id = t.id)
  ->  Seq Scan on cast_info ci  (cost=0.00..796071.18 rows=6082656 width=4) (actual time=0.025..15135.258 rows=7450666 loops=1)
        Filter: ((person_id > 574915) AND (role_id = 2))
        Rows Removed by Filter: 28793678
  ->  Hash  (cost=152924.13..152924.13 rows=3287 width=8) (actual time=2543.499..2543.499 rows=7235 loops=1)
        Buckets: 8192 (originally 4096)  Batches: 1 (originally 1)  Memory Usage: 347kB
        ->  Hash Join  (cost=67697.55..152924.13 rows=3287 width=8) (actual time=895.104..2540.106 rows=7235 loops=1)
              Hash Cond: (mk.movie_id = t.id)
              ->  Seq Scan on movie_keyword mk  (cost=0.00..81003.12 rows=1117490 width=4) (actual time=0.019..1420.613 rows=1123900 loops=1)
                    Filter: (keyword_id < 1213)
                    Rows Removed by Filter: 3400030
              ->  Hash  (cost=67604.59..67604.59 rows=7437 width=4) (actual time=895.000..895.000 rows=15000 loops=1)
                    Buckets: 16384 (originally 8192)  Batches: 1 (originally 1)  Memory Usage: 656kB
                    ->  Seq Scan on title t  (cost=0.00..67604.59 rows=7437 width=4) (actual time=0.194..888.127 rows=15000 loops=1)
                          Filter: (production_year = 1970)
                          Rows Removed by Filter: 2513312
Planning time: 1.222 ms
Execution time: 18977.552 ms
