Seq Scan on movie_keyword mk  (cost=0.00..81003.12 rows=4443533 width=0) (actual time=0.010..1543.711 rows=4444805 loops=1)
  Filter: (keyword_id < 88101)
  Rows Removed by Filter: 79125
Planning time: 0.274 ms
Execution time: 2074.750 ms
