Hash Join  (cost=102767.86..992683.23 rows=3489489 width=0) (actual time=1842.128..16160.217 rows=2137709 loops=1)
  Hash Cond: (ci.movie_id = t.id)
  ->  Seq Scan on cast_info ci  (cost=0.00..796071.18 rows=3489489 width=4) (actual time=0.170..11851.594 rows=2137709 loops=1)
        Filter: ((person_id < 747628) AND (role_id > 2))
        Rows Removed by Filter: 34106635
  ->  Hash  (cost=61283.27..61283.27 rows=2528527 width=4) (actual time=1840.613..1840.613 rows=2528312 loops=1)
        Buckets: 131072  Batches: 64  Memory Usage: 2415kB
        ->  Seq Scan on title t  (cost=0.00..61283.27 rows=2528527 width=4) (actual time=0.020..972.364 rows=2528312 loops=1)
Planning time: 0.796 ms
Execution time: 16426.367 ms
