Hash Join  (cost=190230.21..271502.22 rows=784840 width=0) (actual time=4634.118..7078.695 rows=2375157 loops=1)
  Hash Cond: (mc.movie_id = t.id)
  ->  Seq Scan on movie_companies mc  (cost=0.00..51404.11 rows=1437999 width=4) (actual time=0.014..984.832 rows=1429486 loops=1)
        Filter: (company_id < 12638)
        Rows Removed by Filter: 1179643
  ->  Hash  (cost=167588.78..167588.78 rows=1380035 width=8) (actual time=4633.019..4633.019 rows=1380035 loops=1)
        Buckets: 131072  Batches: 32  Memory Usage: 2708kB
        ->  Hash Join  (cost=102767.86..167588.78 rows=1380035 width=8) (actual time=2061.116..4241.302 rows=1380035 loops=1)
              Hash Cond: (mi_idx.movie_id = t.id)
              ->  Seq Scan on movie_info_idx mi_idx  (cost=0.00..21735.35 rows=1380035 width=4) (actual time=0.031..470.419 rows=1380035 loops=1)
              ->  Hash  (cost=61283.27..61283.27 rows=2528527 width=4) (actual time=2059.299..2059.299 rows=2528312 loops=1)
                    Buckets: 131072  Batches: 64  Memory Usage: 2415kB
                    ->  Seq Scan on title t  (cost=0.00..61283.27 rows=2528527 width=4) (actual time=0.018..1226.877 rows=2528312 loops=1)
Planning time: 1.169 ms
Execution time: 7336.975 ms
