Hash Join  (cost=156632.57..601634.69 rows=1329384 width=0) (actual time=3144.751..14333.422 rows=2916438 loops=1)
  Hash Cond: (mi.movie_id = t.id)
  ->  Seq Scan on movie_info mi  (cost=0.00..346232.03 rows=7235534 width=4) (actual time=0.015..6637.795 rows=7286865 loops=1)
        Filter: (info_type_id < 8)
        Rows Removed by Filter: 7548855
  ->  Hash  (cost=149010.49..149010.49 rows=464566 width=8) (actual time=3143.730..3143.730 rows=459925 loops=1)
        Buckets: 131072  Batches: 8  Memory Usage: 3284kB
        ->  Hash Join  (cost=102767.86..149010.49 rows=464566 width=8) (actual time=1797.084..2995.884 rows=459925 loops=1)
              Hash Cond: (mi_idx.movie_id = t.id)
              ->  Seq Scan on movie_info_idx mi_idx  (cost=0.00..25185.44 rows=464566 width=4) (actual time=0.015..403.501 rows=459925 loops=1)
                    Filter: (info_type_id = 101)
                    Rows Removed by Filter: 920110
              ->  Hash  (cost=61283.27..61283.27 rows=2528527 width=4) (actual time=1795.904..1795.904 rows=2528312 loops=1)
                    Buckets: 131072  Batches: 64  Memory Usage: 2415kB
                    ->  Seq Scan on title t  (cost=0.00..61283.27 rows=2528527 width=4) (actual time=0.026..919.242 rows=2528312 loops=1)
Planning time: 1.145 ms
Execution time: 14677.966 ms
