Hash Join  (cost=79094.49..119737.23 rows=171926 width=0) (actual time=1152.199..2279.051 rows=215128 loops=1)
  Hash Cond: (mi_idx.movie_id = t.id)
  ->  Seq Scan on movie_info_idx mi_idx  (cost=0.00..21735.35 rows=1380035 width=4) (actual time=0.022..435.536 rows=1380035 loops=1)
  ->  Hash  (cost=73925.90..73925.90 rows=315007 width=4) (actual time=1151.238..1151.238 rows=244789 loops=1)
        Buckets: 131072  Batches: 8  Memory Usage: 2099kB
        ->  Seq Scan on title t  (cost=0.00..73925.90 rows=315007 width=4) (actual time=548.530..1069.537 rows=244789 loops=1)
              Filter: ((production_year > 2003) AND (kind_id = 1))
              Rows Removed by Filter: 2283523
Planning time: 0.820 ms
Execution time: 2305.793 ms
