Hash Join  (cost=426698.45..1182691.66 rows=520409 width=0) (actual time=7112.125..26581.450 rows=3205647 loops=1)
  Hash Cond: (ci.movie_id = t.id)
  ->  Seq Scan on cast_info ci  (cost=0.00..614943.12 rows=36225612 width=4) (actual time=0.013..8610.710 rows=36244344 loops=1)
  ->  Hash  (cost=426244.40..426244.40 rows=36324 width=8) (actual time=7111.643..7111.643 rows=46996 loops=1)
        Buckets: 65536  Batches: 1  Memory Usage: 2348kB
        ->  Hash Join  (cost=69374.09..426244.40 rows=36324 width=8) (actual time=1086.098..7094.233 rows=46996 loops=1)
              Hash Cond: (mi.movie_id = t.id)
              ->  Seq Scan on movie_info mi  (cost=0.00..346232.03 rows=852012 width=4) (actual time=0.027..5651.547 rows=900340 loops=1)
                    Filter: (info_type_id > 94)
                    Rows Removed by Filter: 13935380
              ->  Hash  (cost=67604.59..67604.59 rows=107800 width=4) (actual time=1085.328..1085.328 rows=108429 loops=1)
                    Buckets: 131072  Batches: 2  Memory Usage: 2938kB
                    ->  Seq Scan on title t  (cost=0.00..67604.59 rows=107800 width=4) (actual time=0.021..1041.633 rows=108429 loops=1)
                          Filter: (production_year = 2006)
                          Rows Removed by Filter: 2419883
Planning time: 0.838 ms
Execution time: 27009.173 ms
