Seq Scan on cast_info ci  (cost=0.00..705507.15 rows=22999941 width=0) (actual time=0.028..11954.083 rows=23056556 loops=1)
  Filter: (person_id > 1301581)
  Rows Removed by Filter: 13187788
Planning time: 0.343 ms
Execution time: 14716.647 ms
