Hash Join  (cost=69090.10..107630.63 rows=49405 width=0) (actual time=1287.032..1965.907 rows=113058 loops=1)
  Hash Cond: (mi_idx.movie_id = t.id)
  ->  Seq Scan on movie_info_idx mi_idx  (cost=0.00..21735.35 rows=1380035 width=4) (actual time=0.011..425.415 rows=1380035 loops=1)
  ->  Hash  (cost=67604.59..67604.59 rows=90521 width=4) (actual time=1041.367..1041.367 rows=90852 loops=1)
        Buckets: 131072  Batches: 2  Memory Usage: 2626kB
        ->  Seq Scan on title t  (cost=0.00..67604.59 rows=90521 width=4) (actual time=0.010..1007.895 rows=90852 loops=1)
              Filter: (kind_id = 2)
              Rows Removed by Filter: 2437460
Planning time: 1.595 ms
Execution time: 1980.718 ms
