Hash Join  (cost=660094.64..2012106.37 rows=34038332 width=0) (actual time=13739.684..48901.414 rows=41371568 loops=1)
  Hash Cond: (ci.movie_id = t.id)
  ->  Seq Scan on cast_info ci  (cost=0.00..705507.15 rows=17309972 width=4) (actual time=0.026..14411.939 rows=17423010 loops=1)
        Filter: (person_id > 1875210)
        Rows Removed by Filter: 18821334
  ->  Hash  (cost=578520.44..578520.44 rows=4972096 width=8) (actual time=13737.859..13737.859 rows=4923966 loops=1)
        Buckets: 131072  Batches: 128  Memory Usage: 2524kB
        ->  Hash Join  (cost=102767.86..578520.44 rows=4972096 width=8) (actual time=1940.043..12422.885 rows=4923966 loops=1)
              Hash Cond: (mi.movie_id = t.id)
              ->  Seq Scan on movie_info mi  (cost=0.00..346232.03 rows=4972096 width=4) (actual time=6.276..6027.797 rows=4923966 loops=1)
                    Filter: (info_type_id < 5)
                    Rows Removed by Filter: 9911754
              ->  Hash  (cost=61283.27..61283.27 rows=2528527 width=4) (actual time=1932.738..1932.738 rows=2528312 loops=1)
                    Buckets: 131072  Batches: 64  Memory Usage: 2425kB
                    ->  Seq Scan on title t  (cost=0.00..61283.27 rows=2528527 width=4) (actual time=0.014..1075.850 rows=2528312 loops=1)
Planning time: 1.125 ms
Execution time: 53401.901 ms
