Hash Join  (cost=73928.38..100839.94 rows=108 width=0) (actual time=1390.520..1670.912 rows=3 loops=1)
  Hash Cond: (mi_idx.movie_id = t.id)
  ->  Seq Scan on movie_info_idx mi_idx  (cost=0.00..21735.35 rows=1380035 width=4) (actual time=0.012..312.576 rows=1380035 loops=1)
  ->  Hash  (cost=73925.90..73925.90 rows=198 width=4) (actual time=1083.101..1083.101 rows=3303 loops=1)
        Buckets: 4096 (originally 1024)  Batches: 1 (originally 1)  Memory Usage: 149kB
        ->  Seq Scan on title t  (cost=0.00..73925.90 rows=198 width=4) (actual time=22.494..1081.427 rows=3303 loops=1)
              Filter: ((kind_id < 3) AND (production_year > 2013))
              Rows Removed by Filter: 2525009
Planning time: 0.779 ms
Execution time: 1670.995 ms
