Hash Join  (cost=161635.37..962815.19 rows=510861 width=0) (actual time=2972.218..19954.591 rows=2400 loops=1)
  Hash Cond: (ci.movie_id = t.id)
  ->  Seq Scan on cast_info ci  (cost=0.00..614943.12 rows=36225612 width=4) (actual time=0.013..9024.402 rows=36244344 loops=1)
  ->  Hash  (cost=161189.65..161189.65 rows=35658 width=8) (actual time=2971.569..2971.569 rows=188 loops=1)
        Buckets: 65536  Batches: 1  Memory Usage: 520kB
        ->  Hash Join  (cost=74175.03..161189.65 rows=35658 width=8) (actual time=1167.494..2971.434 rows=188 loops=1)
              Hash Cond: (mk.movie_id = t.id)
              ->  Seq Scan on movie_keyword mk  (cost=0.00..69693.30 rows=4523930 width=4) (actual time=0.023..1011.537 rows=4523930 loops=1)
              ->  Hash  (cost=73925.90..73925.90 rows=19930 width=4) (actual time=1155.815..1155.815 rows=30 loops=1)
                    Buckets: 32768  Batches: 1  Memory Usage: 258kB
                    ->  Seq Scan on title t  (cost=0.00..73925.90 rows=19930 width=4) (actual time=666.384..1155.752 rows=30 loops=1)
                          Filter: ((production_year < 1975) AND (kind_id = 4))
                          Rows Removed by Filter: 2528282
Planning time: 3.610 ms
Execution time: 19955.300 ms
