Hash Join  (cost=95656.52..461036.37 rows=72394 width=0) (actual time=1706.789..10014.218 rows=227861 loops=1)
  Hash Cond: (mi.movie_id = t.id)
  ->  Seq Scan on movie_info mi  (cost=0.00..309384.22 rows=14739122 width=4) (actual time=0.011..4652.870 rows=14835720 loops=1)
  ->  Hash  (cost=95501.29..95501.29 rows=12419 width=8) (actual time=1706.443..1706.443 rows=15100 loops=1)
        Buckets: 16384  Batches: 1  Memory Usage: 718kB
        ->  Hash Join  (cost=68449.54..95501.29 rows=12419 width=8) (actual time=1112.554..1699.959 rows=15100 loops=1)
              Hash Cond: (mi_idx.movie_id = t.id)
              ->  Seq Scan on movie_info_idx mi_idx  (cost=0.00..25185.44 rows=464566 width=4) (actual time=0.015..438.108 rows=459925 loops=1)
                    Filter: (info_type_id = 101)
                    Rows Removed by Filter: 920110
              ->  Hash  (cost=67604.59..67604.59 rows=67596 width=4) (actual time=1111.728..1111.728 rows=67777 loops=1)
                    Buckets: 131072  Batches: 1  Memory Usage: 3407kB
                    ->  Seq Scan on title t  (cost=0.00..67604.59 rows=67596 width=4) (actual time=0.024..1084.136 rows=67777 loops=1)
                          Filter: (production_year = 2003)
                          Rows Removed by Filter: 2460535
Planning time: 1.119 ms
Execution time: 10050.146 ms
