Hash Join  (cost=128786.93..213310.66 rows=2085 width=0) (actual time=2290.421..3807.632 rows=6785 loops=1)
  Hash Cond: (mk.movie_id = t.id)
  ->  Seq Scan on movie_keyword mk  (cost=0.00..81003.12 rows=933267 width=4) (actual time=2.349..1355.433 rows=939944 loops=1)
        Filter: (keyword_id > 20169)
        Rows Removed by Filter: 3583986
  ->  Hash  (cost=128716.33..128716.33 rows=5648 width=8) (actual time=2285.863..2285.863 rows=10179 loops=1)
        Buckets: 16384 (originally 8192)  Batches: 1 (originally 1)  Memory Usage: 526kB
        ->  Hash Join  (cost=73994.33..128716.33 rows=5648 width=8) (actual time=1215.071..2281.528 rows=10179 loops=1)
              Hash Cond: (mc.movie_id = t.id)
              ->  Seq Scan on movie_companies mc  (cost=0.00..44881.29 rows=2609129 width=4) (actual time=0.015..539.434 rows=2609129 loops=1)
              ->  Hash  (cost=73925.90..73925.90 rows=5474 width=4) (actual time=1214.881..1214.881 rows=9913 loops=1)
                    Buckets: 16384 (originally 8192)  Batches: 1 (originally 1)  Memory Usage: 477kB
                    ->  Seq Scan on title t  (cost=0.00..73925.90 rows=5474 width=4) (actual time=0.641..1209.712 rows=9913 loops=1)
                          Filter: ((kind_id > 1) AND (production_year = 1977))
                          Rows Removed by Filter: 2518399
Planning time: 1.167 ms
Execution time: 3808.911 ms
