Hash Join  (cost=300220.87..989763.29 rows=16202968 width=0) (actual time=5900.241..21212.335 rows=8534424 loops=1)
  Hash Cond: (mi.movie_id = t.id)
  ->  Seq Scan on movie_info mi  (cost=0.00..309384.22 rows=14739122 width=4) (actual time=0.020..6287.922 rows=14835720 loops=1)
  ->  Hash  (cost=254616.21..254616.21 rows=2779653 width=8) (actual time=5885.108..5885.108 rows=730679 loops=1)
        Buckets: 131072  Batches: 64  Memory Usage: 1455kB
        ->  Hash Join  (cost=93093.72..254616.21 rows=2779653 width=8) (actual time=1749.367..5646.453 rows=730679 loops=1)
              Hash Cond: (mk.movie_id = t.id)
              ->  Seq Scan on movie_keyword mk  (cost=0.00..69693.30 rows=4523930 width=4) (actual time=0.013..1448.181 rows=4523930 loops=1)
              ->  Hash  (cost=67604.59..67604.59 rows=1553611 width=4) (actual time=1692.465..1692.465 rows=1555864 loops=1)
                    Buckets: 131072  Batches: 32  Memory Usage: 2740kB
                    ->  Seq Scan on title t  (cost=0.00..67604.59 rows=1553611 width=4) (actual time=0.022..1173.522 rows=1555864 loops=1)
                          Filter: (kind_id > 4)
                          Rows Removed by Filter: 972448
Planning time: 1.222 ms
Execution time: 22144.743 ms
