Hash Join  (cost=79082.94..1159146.43 rows=4503232 width=0) (actual time=1326.997..31122.921 rows=2249829 loops=1)
  Hash Cond: (ci.movie_id = t.id)
  ->  Seq Scan on cast_info ci  (cost=0.00..614943.12 rows=36225612 width=4) (actual time=0.023..13512.590 rows=36244344 loops=1)
  ->  Hash  (cost=73925.90..73925.90 rows=314323 width=4) (actual time=1325.984..1325.984 rows=201761 loops=1)
        Buckets: 131072  Batches: 8  Memory Usage: 1902kB
        ->  Seq Scan on title t  (cost=0.00..73925.90 rows=314323 width=4) (actual time=0.039..1259.103 rows=201761 loops=1)
              Filter: ((production_year < 1980) AND (kind_id = 7))
              Rows Removed by Filter: 2326551
Planning time: 0.785 ms
Execution time: 31396.871 ms
