Hash Join  (cost=365418.15..1336413.20 rows=8165829 width=0) (actual time=8705.578..39070.195 rows=50268495 loops=1)
  Hash Cond: (ci.movie_id = t.id)
  ->  Seq Scan on cast_info ci  (cost=0.00..796071.18 rows=4564067 width=4) (actual time=0.016..13605.414 rows=7108985 loops=1)
        Filter: ((person_id > 2956146) AND (role_id > 1))
        Rows Removed by Filter: 29135359
  ->  Hash  (cost=291197.02..291197.02 rows=4523930 width=8) (actual time=8703.307..8703.307 rows=4523930 loops=1)
        Buckets: 131072  Batches: 64  Memory Usage: 3816kB
        ->  Hash Join  (cost=102767.86..291197.02 rows=4523930 width=8) (actual time=2137.912..7434.255 rows=4523930 loops=1)
              Hash Cond: (mk.movie_id = t.id)
              ->  Seq Scan on movie_keyword mk  (cost=0.00..69693.30 rows=4523930 width=4) (actual time=0.029..1600.094 rows=4523930 loops=1)
              ->  Hash  (cost=61283.27..61283.27 rows=2528527 width=4) (actual time=2134.945..2134.945 rows=2528312 loops=1)
                    Buckets: 131072  Batches: 64  Memory Usage: 2425kB
                    ->  Seq Scan on title t  (cost=0.00..61283.27 rows=2528527 width=4) (actual time=0.014..1106.754 rows=2528312 loops=1)
Planning time: 2.558 ms
Execution time: 44778.746 ms
