Seq Scan on movie_companies mc  (cost=0.00..51404.11 rows=2405504 width=0) (actual time=0.022..1027.499 rows=2404029 loops=1)
  Filter: (company_id < 111956)
  Rows Removed by Filter: 205100
Planning time: 0.317 ms
Execution time: 1327.958 ms
