Hash Join  (cost=79572.46..580782.83 rows=2005945 width=0) (actual time=1307.676..14849.659 rows=3056710 loops=1)
  Hash Cond: (mi.movie_id = t.id)
  ->  Seq Scan on movie_info mi  (cost=0.00..309384.22 rows=14739122 width=4) (actual time=0.014..6273.474 rows=14835720 loops=1)
  ->  Hash  (cost=73925.90..73925.90 rows=344124 width=4) (actual time=1306.669..1306.669 rows=277148 loops=1)
        Buckets: 131072  Batches: 8  Memory Usage: 2241kB
        ->  Seq Scan on title t  (cost=0.00..73925.90 rows=344124 width=4) (actual time=0.012..1216.135 rows=277148 loops=1)
              Filter: ((kind_id < 4) AND (production_year > 2005))
              Rows Removed by Filter: 2251164
Planning time: 0.758 ms
Execution time: 15179.564 ms
