Hash Join  (cost=172459.06..1277766.09 rows=6960587 width=0) (actual time=3707.832..45575.689 rows=37042143 loops=1)
  Hash Cond: (ci.movie_id = t.id)
  ->  Seq Scan on cast_info ci  (cost=0.00..614943.12 rows=36225612 width=4) (actual time=0.022..13393.712 rows=36244344 loops=1)
  ->  Hash  (cost=164487.99..164487.99 rows=485845 width=8) (actual time=3706.848..3706.848 rows=955045 loops=1)
        Buckets: 131072 (originally 131072)  Batches: 16 (originally 8)  Memory Usage: 3349kB
        ->  Hash Join  (cost=89678.24..164487.99 rows=485845 width=8) (actual time=1739.763..3442.900 rows=955045 loops=1)
              Hash Cond: (mc.movie_id = t.id)
              ->  Seq Scan on movie_companies mc  (cost=0.00..51404.11 rows=1279517 width=4) (actual time=294.320..986.062 rows=1274246 loops=1)
                    Filter: (company_type_id < 2)
                    Rows Removed by Filter: 1334883
              ->  Hash  (cost=73925.90..73925.90 rows=960107 width=4) (actual time=1444.632..1444.632 rows=977778 loops=1)
                    Buckets: 131072  Batches: 16  Memory Usage: 3172kB
                    ->  Seq Scan on title t  (cost=0.00..73925.90 rows=960107 width=4) (actual time=0.034..1133.829 rows=977778 loops=1)
                          Filter: ((kind_id < 7) AND (production_year > 0))
                          Rows Removed by Filter: 1550534
Planning time: 1.150 ms
Execution time: 49717.531 ms
