Nested Loop  (cost=0.43..83072.90 rows=41 width=0) (actual time=18.039..838.534 rows=129 loops=1)
  ->  Seq Scan on movie_keyword mk  (cost=0.00..81003.12 rows=246 width=4) (actual time=0.536..809.854 rows=1545 loops=1)
        Filter: (keyword_id = 4853)
        Rows Removed by Filter: 4522385
  ->  Index Scan using title_pkey on title t  (cost=0.43..8.40 rows=1 width=4) (actual time=0.018..0.018 rows=0 loops=1545)
        Index Cond: (id = mk.movie_id)
        Filter: ((kind_id > 1) AND (production_year < 1984))
        Rows Removed by Filter: 1
Planning time: 0.805 ms
Execution time: 838.717 ms
