Seq Scan on cast_info ci  (cost=0.00..796071.18 rows=5822223 width=0) (actual time=4875.545..13126.635 rows=7464965 loops=1)
  Filter: ((person_id < 1018370) AND (role_id < 3))
  Rows Removed by Filter: 28779379
Planning time: 0.385 ms
Execution time: 14065.471 ms
