Hash Join  (cost=88381.15..134324.34 rows=480870 width=0) (actual time=2200.442..3498.973 rows=396321 loops=1)
  Hash Cond: (mi_idx.movie_id = t.id)
  ->  Seq Scan on movie_info_idx mi_idx  (cost=0.00..21735.35 rows=1380035 width=4) (actual time=0.024..501.105 rows=1380035 loops=1)
  ->  Hash  (cost=73925.90..73925.90 rows=881060 width=4) (actual time=2199.207..2199.207 rows=795183 loops=1)
        Buckets: 131072  Batches: 16  Memory Usage: 2773kB
        ->  Seq Scan on title t  (cost=0.00..73925.90 rows=881060 width=4) (actual time=0.019..1362.431 rows=795183 loops=1)
              Filter: ((kind_id > 1) AND (production_year < 2003))
              Rows Removed by Filter: 1733129
Planning time: 0.784 ms
Execution time: 3541.809 ms
