Seq Scan on title t  (cost=0.00..73925.90 rows=72418 width=0) (actual time=284.797..1040.549 rows=3 loops=1)
  Filter: ((production_year < 1933) AND (kind_id = 7))
  Rows Removed by Filter: 2528309
Planning time: 0.436 ms
Execution time: 1040.691 ms
