Hash Join  (cost=202249.75..710891.08 rows=975749 width=0) (actual time=6121.898..18588.724 rows=4809861 loops=1)
  Hash Cond: (mi.movie_id = t.id)
  ->  Seq Scan on movie_info mi  (cost=0.00..309384.22 rows=14739122 width=4) (actual time=0.022..6141.800 rows=14835720 loops=1)
  ->  Hash  (cost=199503.35..199503.35 rows=167392 width=8) (actual time=4628.482..4628.482 rows=442981 loops=1)
        Buckets: 131072 (originally 131072)  Batches: 8 (originally 4)  Memory Usage: 3179kB
        ->  Hash Join  (cost=75461.39..199503.35 rows=167392 width=8) (actual time=1755.604..4484.674 rows=442981 loops=1)
              Hash Cond: (mk.movie_id = t.id)
              ->  Seq Scan on movie_keyword mk  (cost=0.00..69693.30 rows=4523930 width=4) (actual time=0.014..1535.466 rows=4523930 loops=1)
              ->  Hash  (cost=73925.90..73925.90 rows=93559 width=4) (actual time=1465.501..1465.501 rows=104574 loops=1)
                    Buckets: 131072  Batches: 2  Memory Usage: 2863kB
                    ->  Seq Scan on title t  (cost=0.00..73925.90 rows=93559 width=4) (actual time=0.015..1426.100 rows=104574 loops=1)
                          Filter: ((production_year < 2011) AND (kind_id = 4))
                          Rows Removed by Filter: 2423738
Planning time: 6.827 ms
Execution time: 19102.642 ms
