Hash Join  (cost=269773.36..426891.05 rows=1256365 width=146) (actual time=7498.287..14180.785 rows=6274794 loops=1)
  Hash Cond: (mk.movie_id = t.id)
  ->  Seq Scan on movie_keyword mk  (cost=0.00..69693.30 rows=4523930 width=12) (actual time=0.025..1353.543 rows=4523930 loops=1)
  ->  Hash  (cost=247279.72..247279.72 rows=702211 width=134) (actual time=7496.298..7496.298 rows=935587 loops=1)
        Buckets: 32768 (originally 32768)  Batches: 64 (originally 32)  Memory Usage: 3841kB
        ->  Hash Join  (cost=129928.86..247279.72 rows=702211 width=134) (actual time=3458.509..6786.654 rows=935587 loops=1)
              Hash Cond: (mc.movie_id = t.id)
              ->  Seq Scan on movie_companies mc  (cost=0.00..57926.93 rows=702211 width=40) (actual time=50.450..1133.389 rows=935587 loops=1)
                    Filter: ((company_id > 11137) AND (company_type_id = 2))
                    Rows Removed by Filter: 1673542
              ->  Hash  (cost=61283.27..61283.27 rows=2528527 width=94) (actual time=3407.132..3407.132 rows=2528312 loops=1)
                    Buckets: 32768  Batches: 128  Memory Usage: 2453kB
                    ->  Seq Scan on title t  (cost=0.00..61283.27 rows=2528527 width=94) (actual time=0.016..1296.840 rows=2528312 loops=1)
Planning time: 1.514 ms
Execution time: 14509.291 ms
