Hash Join  (cost=709677.95..796342.86 rows=687 width=0) (actual time=11243.041..12722.757 rows=38 loops=1)
  Hash Cond: (mk.movie_id = t.id)
  ->  Seq Scan on movie_keyword mk  (cost=0.00..69693.30 rows=4523930 width=4) (actual time=0.013..1065.704 rows=4523930 loops=1)
  ->  Hash  (cost=709673.15..709673.15 rows=384 width=8) (actual time=10854.808..10854.808 rows=422 loops=1)
        Buckets: 1024  Batches: 1  Memory Usage: 25kB
        ->  Nested Loop  (cost=0.43..709673.15 rows=384 width=8) (actual time=6252.083..10854.600 rows=422 loops=1)
              ->  Seq Scan on cast_info ci  (cost=0.00..705507.15 rows=500 width=4) (actual time=6251.919..10849.031 rows=424 loops=1)
                    Filter: (person_id = 662605)
                    Rows Removed by Filter: 36243920
              ->  Index Scan using title_pkey on title t  (cost=0.43..8.32 rows=1 width=4) (actual time=0.012..0.012 rows=1 loops=424)
                    Index Cond: (id = ci.movie_id)
                    Filter: (production_year > 1980)
                    Rows Removed by Filter: 0
Planning time: 1.253 ms
Execution time: 12722.911 ms
