Seq Scan on movie_keyword mk  (cost=0.00..81003.12 rows=1729304 width=0) (actual time=0.022..858.467 rows=1735830 loops=1)
  Filter: (keyword_id < 2837)
  Rows Removed by Filter: 2788100
Planning time: 0.318 ms
Execution time: 1007.241 ms
