Hash Join  (cost=80741.23..122323.83 rows=226712 width=0) (actual time=1300.241..2523.944 rows=509973 loops=1)
  Hash Cond: (mi_idx.movie_id = t.id)
  ->  Seq Scan on movie_info_idx mi_idx  (cost=0.00..21735.35 rows=1380035 width=4) (actual time=0.016..483.707 rows=1380035 loops=1)
  ->  Hash  (cost=73925.90..73925.90 rows=415386 width=4) (actual time=1299.557..1299.557 rows=510848 loops=1)
        Buckets: 131072  Batches: 8  Memory Usage: 3281kB
        ->  Seq Scan on title t  (cost=0.00..73925.90 rows=415386 width=4) (actual time=0.014..1140.743 rows=510848 loops=1)
              Filter: ((kind_id < 6) AND (production_year < 2001))
              Rows Removed by Filter: 2017464
Planning time: 0.554 ms
Execution time: 2572.358 ms
