Nested Loop  (cost=0.43..58358.39 rows=1 width=0) (actual time=71.026..835.509 rows=4 loops=1)
  ->  Seq Scan on movie_companies mc  (cost=0.00..57926.93 rows=51 width=4) (actual time=1.379..830.293 rows=126 loops=1)
        Filter: ((company_id = 12703) AND (company_type_id = 1))
        Rows Removed by Filter: 2609003
  ->  Index Scan using title_pkey on title t  (cost=0.43..8.45 rows=1 width=4) (actual time=0.040..0.040 rows=0 loops=126)
        Index Cond: (id = mc.movie_id)
        Filter: (production_year = 2013)
        Rows Removed by Filter: 1
Planning time: 0.758 ms
Execution time: 835.627 ms
