Hash Join  (cost=89240.26..166827.19 rows=387476 width=0) (actual time=1938.011..3490.909 rows=68954 loops=1)
  Hash Cond: (mc.movie_id = t.id)
  ->  Seq Scan on movie_companies mc  (cost=0.00..57926.93 rows=1049665 width=4) (actual time=292.257..1223.521 rows=927412 loops=1)
        Filter: ((company_id > 400) AND (company_type_id < 2))
        Rows Removed by Filter: 1681717
  ->  Hash  (cost=73925.90..73925.90 rows=933388 width=4) (actual time=1644.203..1644.203 rows=1024206 loops=1)
        Buckets: 131072  Batches: 16  Memory Usage: 3285kB
        ->  Seq Scan on title t  (cost=0.00..73925.90 rows=933388 width=4) (actual time=299.900..1328.294 rows=1024206 loops=1)
              Filter: ((production_year > 1997) AND (kind_id = 7))
              Rows Removed by Filter: 1504106
Planning time: 0.810 ms
Execution time: 3499.800 ms
