Hash Join  (cost=69460.45..156927.98 rows=22428 width=0) (actual time=855.041..2404.846 rows=20740 loops=1)
  Hash Cond: (mk.movie_id = t.id)
  ->  Seq Scan on movie_keyword mk  (cost=0.00..81003.12 rows=501367 width=4) (actual time=0.018..1344.647 rows=502634 loops=1)
        Filter: (keyword_id < 365)
        Rows Removed by Filter: 4021296
  ->  Hash  (cost=67604.59..67604.59 rows=113109 width=4) (actual time=805.905..805.905 rows=119565 loops=1)
        Buckets: 131072  Batches: 2  Memory Usage: 3121kB
        ->  Seq Scan on title t  (cost=0.00..67604.59 rows=113109 width=4) (actual time=0.018..730.186 rows=119565 loops=1)
              Filter: (production_year = 2007)
              Rows Removed by Filter: 2408747
Planning time: 0.559 ms
Execution time: 2408.075 ms
