Seq Scan on cast_info ci  (cost=0.00..705507.15 rows=4460996 width=0) (actual time=170.708..11042.998 rows=4334259 loops=1)
  Filter: (person_id < 418075)
  Rows Removed by Filter: 31910085
Planning time: 0.369 ms
Execution time: 11586.506 ms
