Seq Scan on movie_keyword mk  (cost=0.00..81003.12 rows=701194 width=0) (actual time=0.022..1356.765 rows=699472 loops=1)
  Filter: (keyword_id < 585)
  Rows Removed by Filter: 3824458
Planning time: 0.350 ms
Execution time: 1445.041 ms
