Hash Join  (cost=85754.88..223472.99 rows=1289907 width=0) (actual time=1397.003..5816.552 rows=3043625 loops=1)
  Hash Cond: (mk.movie_id = t.id)
  ->  Seq Scan on movie_keyword mk  (cost=0.00..69693.30 rows=4523930 width=4) (actual time=0.021..1418.665 rows=4523930 loops=1)
  ->  Hash  (cost=73925.90..73925.90 rows=720958 width=4) (actual time=1396.018..1396.018 rows=687120 loops=1)
        Buckets: 131072  Batches: 16  Memory Usage: 2540kB
        ->  Seq Scan on title t  (cost=0.00..73925.90 rows=720958 width=4) (actual time=0.021..1169.703 rows=687120 loops=1)
              Filter: ((kind_id < 3) AND (production_year > 1914))
              Rows Removed by Filter: 1841192
Planning time: 0.767 ms
Execution time: 6193.120 ms
