Hash Join  (cost=76379.89..173303.37 rows=213867 width=0) (actual time=1378.714..3532.631 rows=119915 loops=1)
  Hash Cond: (mk.movie_id = t.id)
  ->  Seq Scan on movie_keyword mk  (cost=0.00..81003.12 rows=1011117 width=4) (actual time=0.025..1286.105 rows=1018449 loops=1)
        Filter: (keyword_id > 17704)
        Rows Removed by Filter: 3505481
  ->  Hash  (cost=67604.59..67604.59 rows=534824 width=4) (actual time=1377.441..1377.441 rows=533369 loops=1)
        Buckets: 131072  Batches: 8  Memory Usage: 3376kB
        ->  Seq Scan on title t  (cost=0.00..67604.59 rows=534824 width=4) (actual time=0.020..1201.694 rows=533369 loops=1)
              Filter: (production_year > 2009)
              Rows Removed by Filter: 1994943
Planning time: 0.800 ms
Execution time: 3548.102 ms
