Hash Join  (cost=162269.98..1001727.86 rows=187736 width=0) (actual time=5617.836..20969.591 rows=500286 loops=1)
  Hash Cond: (ci.movie_id = t.id)
  ->  Seq Scan on cast_info ci  (cost=0.00..796071.18 rows=8301865 width=4) (actual time=2643.823..15225.315 rows=12670688 loops=1)
        Filter: ((person_id < 2410131) AND (role_id = 1))
        Rows Removed by Filter: 23573656
  ->  Hash  (cost=161555.23..161555.23 rows=57180 width=8) (actual time=2973.431..2973.431 rows=32202 loops=1)
        Buckets: 65536  Batches: 1  Memory Usage: 1770kB
        ->  Hash Join  (cost=74325.39..161555.23 rows=57180 width=8) (actual time=1006.800..2961.769 rows=32202 loops=1)
              Hash Cond: (mk.movie_id = t.id)
              ->  Seq Scan on movie_keyword mk  (cost=0.00..69693.30 rows=4523930 width=4) (actual time=0.031..1092.091 rows=4523930 loops=1)
              ->  Hash  (cost=73925.90..73925.90 rows=31959 width=4) (actual time=988.992..988.992 rows=18823 loops=1)
                    Buckets: 32768  Batches: 1  Memory Usage: 918kB
                    ->  Seq Scan on title t  (cost=0.00..73925.90 rows=31959 width=4) (actual time=326.125..981.196 rows=18823 loops=1)
                          Filter: ((production_year > 2007) AND (kind_id = 3))
                          Rows Removed by Filter: 2509489
Planning time: 1.149 ms
Execution time: 21036.070 ms
