Nested Loop  (cost=0.43..58358.27 rows=51 width=0) (actual time=131.791..832.941 rows=176 loops=1)
  ->  Seq Scan on movie_companies mc  (cost=0.00..57926.93 rows=51 width=4) (actual time=131.717..824.226 rows=176 loops=1)
        Filter: ((company_type_id < 2) AND (company_id = 1064))
        Rows Removed by Filter: 2608953
  ->  Index Only Scan using title_pkey on title t  (cost=0.43..8.45 rows=1 width=4) (actual time=0.048..0.048 rows=1 loops=176)
        Index Cond: (id = mc.movie_id)
        Heap Fetches: 176
Planning time: 0.773 ms
Execution time: 833.063 ms
