Seq Scan on movie_companies mc  (cost=0.00..57926.93 rows=889010 width=0) (actual time=0.397..1075.501 rows=568088 loops=1)
  Filter: ((company_id < 23532) AND (company_type_id = 2))
  Rows Removed by Filter: 2041041
Planning time: 0.433 ms
Execution time: 1155.802 ms
