Hash Join  (cost=73962.22..438787.48 rows=16934 width=0) (actual time=1002.916..8052.827 rows=34832 loops=1)
  Hash Cond: (mi.movie_id = t.id)
  ->  Seq Scan on movie_info mi  (cost=0.00..309384.22 rows=14739122 width=4) (actual time=0.012..4204.774 rows=14835720 loops=1)
  ->  Hash  (cost=73925.90..73925.90 rows=2905 width=4) (actual time=1001.516..1001.516 rows=2201 loops=1)
        Buckets: 4096  Batches: 1  Memory Usage: 110kB
        ->  Seq Scan on title t  (cost=0.00..73925.90 rows=2905 width=4) (actual time=334.080..1000.329 rows=2201 loops=1)
              Filter: ((kind_id < 7) AND (production_year = 1940))
              Rows Removed by Filter: 2526111
Planning time: 0.542 ms
Execution time: 8059.353 ms
