Hash Join  (cost=101661.22..923207.31 rows=47891 width=0) (actual time=4791.830..14625.780 rows=92531 loops=1)
  Hash Cond: (ci.movie_id = t.id)
  ->  Seq Scan on cast_info ci  (cost=0.00..796071.18 rows=6665599 width=4) (actual time=3109.218..12003.410 rows=3741067 loops=1)
        Filter: ((person_id > 2844740) AND (role_id < 8))
        Rows Removed by Filter: 32503277
  ->  Hash  (cost=101434.13..101434.13 rows=18167 width=8) (actual time=1682.068..1682.068 rows=35988 loops=1)
        Buckets: 65536 (originally 32768)  Batches: 1 (originally 1)  Memory Usage: 1918kB
        ->  Hash Join  (cost=74341.98..101434.13 rows=18167 width=8) (actual time=1223.087..1669.242 rows=35988 loops=1)
              Hash Cond: (mi_idx.movie_id = t.id)
              ->  Seq Scan on movie_info_idx mi_idx  (cost=0.00..21735.35 rows=1380035 width=4) (actual time=0.020..192.881 rows=1380035 loops=1)
              ->  Hash  (cost=73925.90..73925.90 rows=33286 width=4) (actual time=1222.701..1222.701 rows=28113 loops=1)
                    Buckets: 65536  Batches: 1  Memory Usage: 1501kB
                    ->  Seq Scan on title t  (cost=0.00..73925.90 rows=33286 width=4) (actual time=0.034..1205.336 rows=28113 loops=1)
                          Filter: ((kind_id < 7) AND (production_year = 2004))
                          Rows Removed by Filter: 2500199
Planning time: 1.191 ms
Execution time: 14638.644 ms
