Seq Scan on movie_companies mc  (cost=0.00..57926.93 rows=839941 width=0) (actual time=462.766..1037.242 rows=528769 loops=1)
  Filter: ((company_id < 17690) AND (company_type_id = 2))
  Rows Removed by Filter: 2080360
Planning time: 0.347 ms
Execution time: 1105.120 ms
