Hash Join  (cost=101583.57..162166.48 rows=2268 width=0) (actual time=1883.979..3042.811 rows=5518 loops=1)
  Hash Cond: (mc.movie_id = t.id)
  ->  Seq Scan on movie_companies mc  (cost=0.00..57926.93 rows=702211 width=4) (actual time=0.029..978.232 rows=935587 loops=1)
        Filter: ((company_id > 11137) AND (company_type_id = 2))
        Rows Removed by Filter: 1673542
  ->  Hash  (cost=101481.51..101481.51 rows=8165 width=8) (actual time=1883.482..1883.482 rows=8832 loops=1)
        Buckets: 16384 (originally 8192)  Batches: 1 (originally 1)  Memory Usage: 473kB
        ->  Hash Join  (cost=74485.76..101481.51 rows=8165 width=8) (actual time=1315.381..1879.558 rows=8832 loops=1)
              Hash Cond: (mi_idx.movie_id = t.id)
              ->  Seq Scan on movie_info_idx mi_idx  (cost=0.00..25185.44 rows=460978 width=4) (actual time=0.026..418.411 rows=459925 loops=1)
                    Filter: (info_type_id < 100)
                    Rows Removed by Filter: 920110
              ->  Hash  (cost=73925.90..73925.90 rows=44788 width=4) (actual time=1314.865..1314.865 rows=52864 loops=1)
                    Buckets: 65536  Batches: 1  Memory Usage: 2371kB
                    ->  Seq Scan on title t  (cost=0.00..73925.90 rows=44788 width=4) (actual time=0.059..1290.682 rows=52864 loops=1)
                          Filter: ((kind_id > 1) AND (production_year = 2002))
                          Rows Removed by Filter: 2475448
Planning time: 1.227 ms
Execution time: 3044.281 ms
