Seq Scan on cast_info ci  (cost=0.00..796071.18 rows=8999149 width=0) (actual time=0.058..13631.311 rows=5201836 loops=1)
  Filter: ((person_id < 2007881) AND (role_id > 2))
  Rows Removed by Filter: 31042508
Planning time: 0.438 ms
Execution time: 14292.016 ms
