Hash Join  (cost=83074.74..833899.15 rows=3524 width=0) (actual time=1335.195..16971.763 rows=715 loops=1)
  Hash Cond: (ci.movie_id = t.id)
  ->  Seq Scan on cast_info ci  (cost=0.00..614943.12 rows=36225612 width=4) (actual time=0.024..8917.927 rows=36244344 loops=1)
  ->  Hash  (cost=83071.67..83071.67 rows=246 width=8) (actual time=1232.870..1232.870 rows=9 loops=1)
        Buckets: 1024  Batches: 1  Memory Usage: 9kB
        ->  Nested Loop  (cost=0.43..83071.67 rows=246 width=8) (actual time=592.520..1232.846 rows=9 loops=1)
              ->  Seq Scan on movie_keyword mk  (cost=0.00..81003.12 rows=246 width=4) (actual time=592.444..1232.346 rows=9 loops=1)
                    Filter: (keyword_id = 82035)
                    Rows Removed by Filter: 4523921
              ->  Index Only Scan using title_pkey on title t  (cost=0.43..8.40 rows=1 width=4) (actual time=0.046..0.047 rows=1 loops=9)
                    Index Cond: (id = mk.movie_id)
                    Heap Fetches: 9
Planning time: 1.140 ms
Execution time: 16972.533 ms
