Seq Scan on movie_keyword mk  (cost=0.00..81003.12 rows=2341372 width=0) (actual time=0.032..1267.152 rows=2341392 loops=1)
  Filter: (keyword_id < 5199)
  Rows Removed by Filter: 2182538
Planning time: 0.338 ms
Execution time: 1528.725 ms
