Hash Join  (cost=128478.61..262116.60 rows=567450 width=0) (actual time=3033.359..8061.219 rows=6516419 loops=1)
  Hash Cond: (mk.movie_id = t.id)
  ->  Seq Scan on movie_keyword mk  (cost=0.00..81003.12 rows=3938230 width=4) (actual time=0.016..1799.430 rows=3939290 loops=1)
        Filter: (keyword_id < 31396)
        Rows Removed by Filter: 584640
  ->  Hash  (cost=122500.50..122500.50 rows=364329 width=8) (actual time=3032.454..3032.454 rows=629900 loops=1)
        Buckets: 131072 (originally 131072)  Batches: 16 (originally 8)  Memory Usage: 3073kB
        ->  Hash Join  (cost=78556.72..122500.50 rows=364329 width=8) (actual time=1403.740..2826.533 rows=629900 loops=1)
              Hash Cond: (mi_idx.movie_id = t.id)
              ->  Seq Scan on movie_info_idx mi_idx  (cost=0.00..21735.35 rows=1380035 width=4) (actual time=0.017..479.198 rows=1380035 loops=1)
              ->  Hash  (cost=67604.59..67604.59 rows=667531 width=4) (actual time=1402.826..1402.826 rows=662825 loops=1)
                    Buckets: 131072  Batches: 16  Memory Usage: 2476kB
                    ->  Seq Scan on title t  (cost=0.00..67604.59 rows=667531 width=4) (actual time=0.278..1195.558 rows=662825 loops=1)
                          Filter: (kind_id = 1)
                          Rows Removed by Filter: 1865487
Planning time: 0.997 ms
Execution time: 8788.172 ms
