Hash Join  (cost=73205.47..1157247.20 rows=4890456 width=0) (actual time=1241.386..30740.385 rows=3629497 loops=1)
  Hash Cond: (ci.movie_id = t.id)
  ->  Seq Scan on cast_info ci  (cost=0.00..614943.12 rows=36225612 width=4) (actual time=0.025..12818.503 rows=36244344 loops=1)
  ->  Hash  (cost=67604.59..67604.59 rows=341351 width=4) (actual time=1240.476..1240.476 rows=337846 loops=1)
        Buckets: 131072  Batches: 8  Memory Usage: 2501kB
        ->  Seq Scan on title t  (cost=0.00..67604.59 rows=341351 width=4) (actual time=0.026..1127.281 rows=337846 loops=1)
              Filter: (production_year < 1968)
              Rows Removed by Filter: 2190466
Planning time: 0.783 ms
Execution time: 31158.744 ms
