Seq Scan on cast_info ci  (cost=0.00..796071.18 rows=233478 width=0) (actual time=3607.224..12113.499 rows=189499 loops=1)
  Filter: ((person_id < 1137697) AND (role_id = 6))
  Rows Removed by Filter: 36054845
Planning time: 0.594 ms
Execution time: 12136.220 ms
