Hash Join  (cost=625198.58..2237281.42 rows=34252957 width=0) (actual time=15129.783..50183.148 rows=20898209 loops=1)
  Hash Cond: (ci.movie_id = t.id)
  ->  Seq Scan on cast_info ci  (cost=0.00..614943.12 rows=36225612 width=4) (actual time=0.020..13264.180 rows=36244344 loops=1)
  ->  Hash  (cost=585973.11..585973.11 rows=2390837 width=8) (actual time=15128.002..15128.002 rows=1224547 loops=1)
        Buckets: 131072  Batches: 32  Memory Usage: 2465kB
        ->  Hash Join  (cost=80655.82..585973.11 rows=2390837 width=8) (actual time=1512.765..14759.619 rows=1224547 loops=1)
              Hash Cond: (mi.movie_id = t.id)
              ->  Seq Scan on movie_info mi  (cost=0.00..309384.22 rows=14739122 width=4) (actual time=0.037..6008.549 rows=14835720 loops=1)
              ->  Hash  (cost=73925.90..73925.90 rows=410153 width=4) (actual time=1477.960..1477.960 rows=292158 loops=1)
                    Buckets: 131072  Batches: 8  Memory Usage: 2302kB
                    ->  Seq Scan on title t  (cost=0.00..73925.90 rows=410153 width=4) (actual time=0.021..1241.251 rows=292158 loops=1)
                          Filter: ((kind_id > 4) AND (production_year < 1989))
                          Rows Removed by Filter: 2236154
Planning time: 1.274 ms
Execution time: 52257.410 ms
