Hash Join  (cost=99161.12..268810.54 rows=3022393 width=0) (actual time=1916.568..6837.189 rows=3548018 loops=1)
  Hash Cond: (mk.movie_id = t.id)
  ->  Seq Scan on movie_keyword mk  (cost=0.00..81003.12 rows=3973272 width=4) (actual time=0.015..1788.732 rows=3976458 loops=1)
        Filter: (keyword_id < 33628)
        Rows Removed by Filter: 547472
  ->  Hash  (cost=67604.59..67604.59 rows=1923403 width=4) (actual time=1915.634..1915.634 rows=1922849 loops=1)
        Buckets: 131072  Batches: 32  Memory Usage: 3141kB
        ->  Seq Scan on title t  (cost=0.00..67604.59 rows=1923403 width=4) (actual time=0.020..1285.194 rows=1922849 loops=1)
              Filter: (production_year < 2010)
              Rows Removed by Filter: 605463
Planning time: 0.817 ms
Execution time: 7202.372 ms
