Seq Scan on movie_keyword mk  (cost=0.00..81003.12 rows=246 width=0) (actual time=0.843..1373.368 rows=1799 loops=1)
  Filter: (keyword_id = 77)
  Rows Removed by Filter: 4522131
Planning time: 0.362 ms
Execution time: 1374.057 ms
