Seq Scan on cast_info ci  (cost=0.00..796071.18 rows=11928803 width=0) (actual time=5850.460..14308.530 rows=6596853 loops=1)
  Filter: ((person_id < 2753325) AND (role_id > 2))
  Rows Removed by Filter: 29647491
Planning time: 0.371 ms
Execution time: 15095.836 ms
