Hash Join  (cost=96931.79..147755.45 rows=765318 width=0) (actual time=3987.661..5419.835 rows=425304 loops=1)
  Hash Cond: (mi_idx.movie_id = t.id)
  ->  Seq Scan on movie_info_idx mi_idx  (cost=0.00..21735.35 rows=1380035 width=4) (actual time=0.019..476.225 rows=1380035 loops=1)
  ->  Hash  (cost=73925.90..73925.90 rows=1402231 width=4) (actual time=1824.028..1824.028 rows=1476468 loops=1)
        Buckets: 131072  Batches: 32  Memory Usage: 2649kB
        ->  Seq Scan on title t  (cost=0.00..73925.90 rows=1402231 width=4) (actual time=226.285..1340.545 rows=1476468 loops=1)
              Filter: ((production_year > 1949) AND (kind_id = 7))
              Rows Removed by Filter: 1051844
Planning time: 0.815 ms
Execution time: 5471.409 ms
