Hash Join  (cost=119089.56..243393.29 rows=188869 width=0) (actual time=2499.155..6275.368 rows=2454923 loops=1)
  Hash Cond: (mk.movie_id = t.id)
  ->  Seq Scan on movie_keyword mk  (cost=0.00..69693.30 rows=4523930 width=4) (actual time=0.023..1491.439 rows=4523930 loops=1)
  ->  Hash  (cost=117357.02..117357.02 rows=105563 width=8) (actual time=2498.271..2498.271 rows=200928 loops=1)
        Buckets: 131072 (originally 131072)  Batches: 4 (originally 2)  Memory Usage: 3073kB
        ->  Hash Join  (cost=83568.99..117357.02 rows=105563 width=8) (actual time=1549.144..2429.831 rows=200928 loops=1)
              Hash Cond: (mi_idx.movie_id = t.id)
              ->  Seq Scan on movie_info_idx mi_idx  (cost=0.00..25185.44 rows=454124 width=4) (actual time=0.016..490.584 rows=459925 loops=1)
                    Filter: (info_type_id = 100)
                    Rows Removed by Filter: 920110
              ->  Hash  (cost=73925.90..73925.90 rows=587767 width=4) (actual time=1548.278..1548.278 rows=594730 loops=1)
                    Buckets: 131072  Batches: 8  Memory Usage: 3648kB
                    ->  Seq Scan on title t  (cost=0.00..73925.90 rows=587767 width=4) (actual time=666.946..1354.570 rows=594730 loops=1)
                          Filter: ((production_year < 2012) AND (kind_id = 1))
                          Rows Removed by Filter: 1933582
Planning time: 0.791 ms
Execution time: 6560.525 ms
