Hash Join  (cost=357333.47..2122254.19 rows=57947151 width=0) (actual time=8638.056..83422.296 rows=192526188 loops=1)
  Hash Cond: (ci.movie_id = t.id)
  ->  Seq Scan on cast_info ci  (cost=0.00..614943.12 rows=36225612 width=4) (actual time=0.019..13809.737 rows=36244344 loops=1)
  ->  Hash  (cost=290975.00..290975.00 rows=4044678 width=8) (actual time=8636.549..8636.549 rows=4048137 loops=1)
        Buckets: 131072  Batches: 64  Memory Usage: 3513kB
        ->  Hash Join  (cost=102767.86..290975.00 rows=4044678 width=8) (actual time=2010.074..7481.710 rows=4048137 loops=1)
              Hash Cond: (mk.movie_id = t.id)
              ->  Seq Scan on movie_keyword mk  (cost=0.00..81003.12 rows=4044678 width=4) (actual time=0.035..1864.654 rows=4048137 loops=1)
                    Filter: (keyword_id < 37539)
                    Rows Removed by Filter: 475793
              ->  Hash  (cost=61283.27..61283.27 rows=2528527 width=4) (actual time=2008.628..2008.628 rows=2528312 loops=1)
                    Buckets: 131072  Batches: 64  Memory Usage: 2425kB
                    ->  Seq Scan on title t  (cost=0.00..61283.27 rows=2528527 width=4) (actual time=0.015..1148.178 rows=2528312 loops=1)
Planning time: 1.173 ms
Execution time: 103116.865 ms
