Seq Scan on cast_info ci  (cost=0.00..796071.18 rows=359411 width=0) (actual time=1595.972..11730.395 rows=238692 loops=1)
  Filter: ((person_id < 304520) AND (role_id = 3))
  Rows Removed by Filter: 36005652
Planning time: 0.446 ms
Execution time: 11760.450 ms
