Hash Join  (cost=73994.33..166392.24 rows=6541 width=0) (actual time=1179.602..3257.127 rows=12682 loops=1)
  Hash Cond: (mk.movie_id = t.id)
  ->  Seq Scan on movie_keyword mk  (cost=0.00..81003.12 rows=3021166 width=4) (actual time=0.045..1592.263 rows=3001864 loops=1)
        Filter: (keyword_id < 10582)
        Rows Removed by Filter: 1522066
  ->  Hash  (cost=73925.90..73925.90 rows=5474 width=4) (actual time=1179.348..1179.348 rows=13598 loops=1)
        Buckets: 16384 (originally 8192)  Batches: 1 (originally 1)  Memory Usage: 607kB
        ->  Seq Scan on title t  (cost=0.00..73925.90 rows=5474 width=4) (actual time=0.066..1172.689 rows=13598 loops=1)
              Filter: ((kind_id > 1) AND (production_year = 1985))
              Rows Removed by Filter: 2514714
Planning time: 0.811 ms
Execution time: 3259.093 ms
