Seq Scan on movie_keyword mk  (cost=0.00..81003.12 rows=246 width=0) (actual time=249.217..1249.119 rows=4 loops=1)
  Filter: (keyword_id = 49566)
  Rows Removed by Filter: 4523926
Planning time: 0.411 ms
Execution time: 1249.192 ms
