Hash Join  (cost=709678.15..764348.83 rows=516 width=0) (actual time=11212.397..12393.589 rows=306 loops=1)
  Hash Cond: (mc.movie_id = t.id)
  ->  Seq Scan on movie_companies mc  (cost=0.00..44881.29 rows=2609129 width=4) (actual time=0.012..815.499 rows=2609129 loops=1)
  ->  Hash  (cost=709671.90..709671.90 rows=500 width=8) (actual time=11118.111..11118.111 rows=153 loops=1)
        Buckets: 1024  Batches: 1  Memory Usage: 14kB
        ->  Nested Loop  (cost=0.43..709671.90 rows=500 width=8) (actual time=10241.111..11118.016 rows=153 loops=1)
              ->  Seq Scan on cast_info ci  (cost=0.00..705507.15 rows=500 width=4) (actual time=10240.911..11115.393 rows=153 loops=1)
                    Filter: (person_id = 3998450)
                    Rows Removed by Filter: 36244191
              ->  Index Only Scan using title_pkey on title t  (cost=0.43..8.32 rows=1 width=4) (actual time=0.015..0.016 rows=1 loops=153)
                    Index Cond: (id = ci.movie_id)
                    Heap Fetches: 153
Planning time: 1.272 ms
Execution time: 12393.775 ms
