Hash Join  (cost=216575.43..259572.90 rows=309199 width=0) (actual time=4469.359..6361.701 rows=1157526 loops=1)
  Hash Cond: (mi_idx.movie_id = t.id)
  ->  Seq Scan on movie_info_idx mi_idx  (cost=0.00..21735.35 rows=1380035 width=4) (actual time=0.013..463.956 rows=1380035 loops=1)
  ->  Hash  (cost=207280.93..207280.93 rows=566520 width=8) (actual time=4468.512..4468.512 rows=567281 loops=1)
        Buckets: 131072  Batches: 8  Memory Usage: 3830kB
        ->  Hash Join  (cost=102767.86..207280.93 rows=566520 width=8) (actual time=2013.184..4300.423 rows=567281 loops=1)
              Hash Cond: (mk.movie_id = t.id)
              ->  Seq Scan on movie_keyword mk  (cost=0.00..81003.12 rows=566520 width=4) (actual time=0.030..1404.491 rows=567281 loops=1)
                    Filter: (keyword_id < 402)
                    Rows Removed by Filter: 3956649
              ->  Hash  (cost=61283.27..61283.27 rows=2528527 width=4) (actual time=2010.633..2010.633 rows=2528312 loops=1)
                    Buckets: 131072  Batches: 64  Memory Usage: 2425kB
                    ->  Seq Scan on title t  (cost=0.00..61283.27 rows=2528527 width=4) (actual time=0.018..1148.912 rows=2528312 loops=1)
Planning time: 1.149 ms
Execution time: 6500.940 ms
