Nested Loop  (cost=0.43..58375.18 rows=53 width=0) (actual time=54.712..937.492 rows=5 loops=1)
  ->  Seq Scan on movie_companies mc  (cost=0.00..57926.93 rows=53 width=4) (actual time=54.566..937.152 rows=5 loops=1)
        Filter: ((company_type_id > 1) AND (company_id = 74001))
        Rows Removed by Filter: 2609124
  ->  Index Only Scan using title_pkey on title t  (cost=0.43..8.45 rows=1 width=4) (actual time=0.060..0.061 rows=1 loops=5)
        Index Cond: (id = mc.movie_id)
        Heap Fetches: 5
Planning time: 0.754 ms
Execution time: 937.561 ms
