Hash Join  (cost=94699.36..935315.28 rows=57590 width=0) (actual time=1754.675..22117.261 rows=8871 loops=1)
  Hash Cond: (ci.movie_id = t.id)
  ->  Seq Scan on cast_info ci  (cost=0.00..705507.15 rows=35875431 width=4) (actual time=0.023..15457.458 rows=35928226 loops=1)
        Filter: (role_id < 11)
        Rows Removed by Filter: 316118
  ->  Hash  (cost=94648.62..94648.62 rows=4059 width=8) (actual time=1753.456..1753.456 rows=603 loops=1)
        Buckets: 4096  Batches: 1  Memory Usage: 56kB
        ->  Hash Join  (cost=67697.55..94648.62 rows=4059 width=8) (actual time=1340.139..1753.117 rows=603 loops=1)
              Hash Cond: (mi_idx.movie_id = t.id)
              ->  Seq Scan on movie_info_idx mi_idx  (cost=0.00..21735.35 rows=1380035 width=4) (actual time=0.026..376.987 rows=1380035 loops=1)
              ->  Hash  (cost=67604.59..67604.59 rows=7437 width=4) (actual time=1074.746..1074.746 rows=3613 loops=1)
                    Buckets: 8192  Batches: 1  Memory Usage: 192kB
                    ->  Seq Scan on title t  (cost=0.00..67604.59 rows=7437 width=4) (actual time=357.071..1072.970 rows=3613 loops=1)
                          Filter: (production_year = 1919)
                          Rows Removed by Filter: 2524699
Planning time: 1.216 ms
Execution time: 22119.479 ms
