Seq Scan on movie_keyword mk  (cost=0.00..81003.12 rows=2912596 width=0) (actual time=0.015..1571.477 rows=2900812 loops=1)
  Filter: (keyword_id < 9249)
  Rows Removed by Filter: 1623118
Planning time: 0.361 ms
Execution time: 1947.447 ms
