Hash Join  (cost=78556.72..204135.69 rows=780095 width=0) (actual time=1515.904..5385.984 rows=1899945 loops=1)
  Hash Cond: (mk.movie_id = t.id)
  ->  Seq Scan on movie_keyword mk  (cost=0.00..81003.12 rows=2954904 width=4) (actual time=0.022..1784.179 rows=2937331 loops=1)
        Filter: (keyword_id < 9802)
        Rows Removed by Filter: 1586599
  ->  Hash  (cost=67604.59..67604.59 rows=667531 width=4) (actual time=1514.450..1514.450 rows=662825 loops=1)
        Buckets: 131072  Batches: 16  Memory Usage: 2486kB
        ->  Seq Scan on title t  (cost=0.00..67604.59 rows=667531 width=4) (actual time=8.172..1288.575 rows=662825 loops=1)
              Filter: (kind_id = 1)
              Rows Removed by Filter: 1865487
Planning time: 1.382 ms
Execution time: 5588.585 ms
