Seq Scan on movie_info mi  (cost=0.00..346232.03 rows=5263441 width=0) (actual time=231.278..5812.364 rows=5270569 loops=1)
  Filter: (info_type_id > 15)
  Rows Removed by Filter: 9565151
Planning time: 0.383 ms
Execution time: 6465.543 ms
