Hash Join  (cost=467639.58..1574150.98 rows=7077830 width=0) (actual time=8004.859..37528.072 rows=1691182 loops=1)
  Hash Cond: (ci.movie_id = t.id)
  ->  Seq Scan on cast_info ci  (cost=0.00..614943.12 rows=36225612 width=4) (actual time=0.015..13883.190 rows=36244344 loops=1)
  ->  Hash  (cost=459534.23..459534.23 rows=494028 width=8) (actual time=8002.446..8002.446 rows=37204 loops=1)
        Buckets: 131072  Batches: 8  Memory Usage: 1205kB
        ->  Hash Join  (cost=89240.26..459534.23 rows=494028 width=8) (actual time=4703.969..7991.516 rows=37204 loops=1)
              Hash Cond: (mi.movie_id = t.id)
              ->  Seq Scan on movie_info mi  (cost=0.00..346232.03 rows=1338312 width=4) (actual time=2910.132..5482.689 rows=1401902 loops=1)
                    Filter: (info_type_id = 7)
                    Rows Removed by Filter: 13433818
              ->  Hash  (cost=73925.90..73925.90 rows=933388 width=4) (actual time=1792.554..1792.554 rows=1024206 loops=1)
                    Buckets: 131072  Batches: 16  Memory Usage: 3291kB
                    ->  Seq Scan on title t  (cost=0.00..73925.90 rows=933388 width=4) (actual time=0.036..1466.583 rows=1024206 loops=1)
                          Filter: ((production_year > 1997) AND (kind_id = 7))
                          Rows Removed by Filter: 1504106
Planning time: 1.232 ms
Execution time: 37732.353 ms
