Hash Join  (cost=862126.39..948849.11 rows=6468 width=0) (actual time=12688.680..13047.326 rows=2097 loops=1)
  Hash Cond: (mk.movie_id = t.id)
  ->  Seq Scan on movie_keyword mk  (cost=0.00..69693.30 rows=4523930 width=4) (actual time=0.013..907.800 rows=4523930 loops=1)
  ->  Hash  (cost=862081.21..862081.21 rows=3615 width=8) (actual time=11385.410..11385.410 rows=797 loops=1)
        Buckets: 4096  Batches: 1  Memory Usage: 64kB
        ->  Nested Loop  (cost=0.43..862081.21 rows=3615 width=8) (actual time=654.233..11385.016 rows=797 loops=1)
              ->  Seq Scan on cast_info ci  (cost=0.00..796071.18 rows=10106 width=4) (actual time=653.005..11305.894 rows=3333 loops=1)
                    Filter: ((person_id < 95736) AND (role_id > 10))
                    Rows Removed by Filter: 36241011
              ->  Index Scan using title_pkey on title t  (cost=0.43..6.52 rows=1 width=4) (actual time=0.023..0.023 rows=0 loops=3333)
                    Index Cond: (id = ci.movie_id)
                    Filter: ((production_year > 1998) AND (kind_id = 7))
                    Rows Removed by Filter: 1
Planning time: 1.301 ms
Execution time: 13047.800 ms
