Hash Join  (cost=118875.47..1048998.23 rows=501517 width=0) (actual time=2409.873..21517.765 rows=1038383 loops=1)
  Hash Cond: (ci.movie_id = t.id)
  ->  Seq Scan on cast_info ci  (cost=0.00..796071.18 rows=11121174 width=4) (actual time=60.646..14498.585 rows=12183883 loops=1)
        Filter: ((person_id < 1255240) AND (role_id < 10))
        Rows Removed by Filter: 24060461
  ->  Hash  (cost=117004.15..117004.15 rows=114026 width=8) (actual time=2348.405..2348.405 rows=115961 loops=1)
        Buckets: 131072  Batches: 2  Memory Usage: 3275kB
        ->  Hash Join  (cost=77354.40..117004.15 rows=114026 width=8) (actual time=1303.380..2312.633 rows=115961 loops=1)
              Hash Cond: (mi_idx.movie_id = t.id)
              ->  Seq Scan on movie_info_idx mi_idx  (cost=0.00..21735.35 rows=1380035 width=4) (actual time=0.025..450.550 rows=1380035 loops=1)
              ->  Hash  (cost=73925.90..73925.90 rows=208920 width=4) (actual time=1302.495..1302.495 rows=183835 loops=1)
                    Buckets: 131072  Batches: 4  Memory Usage: 2649kB
                    ->  Seq Scan on title t  (cost=0.00..73925.90 rows=208920 width=4) (actual time=0.019..1242.126 rows=183835 loops=1)
                          Filter: ((kind_id < 7) AND (production_year > 2009))
                          Rows Removed by Filter: 2344477
Planning time: 4.760 ms
Execution time: 21641.399 ms
