Seq Scan on movie_keyword mk  (cost=0.00..81003.12 rows=246 width=0) (actual time=100.684..1351.700 rows=5 loops=1)
  Filter: (keyword_id = 18740)
  Rows Removed by Filter: 4523925
Planning time: 1.196 ms
Execution time: 1351.817 ms
