Hash Join  (cost=78556.72..1033453.02 rows=4587202 width=0) (actual time=1150.596..25063.750 rows=4764351 loops=1)
  Hash Cond: (ci.movie_id = t.id)
  ->  Seq Scan on cast_info ci  (cost=0.00..705507.15 rows=17375767 width=4) (actual time=0.023..13331.179 rows=17504279 loops=1)
        Filter: (person_id > 1867866)
        Rows Removed by Filter: 18740065
  ->  Hash  (cost=67604.59..67604.59 rows=667531 width=4) (actual time=1149.480..1149.480 rows=662825 loops=1)
        Buckets: 131072  Batches: 16  Memory Usage: 2476kB
        ->  Seq Scan on title t  (cost=0.00..67604.59 rows=667531 width=4) (actual time=0.020..922.244 rows=662825 loops=1)
              Filter: (kind_id = 1)
              Rows Removed by Filter: 1865487
Planning time: 0.832 ms
Execution time: 25635.277 ms
