Nested Loop  (cost=0.43..58375.18 rows=53 width=0) (actual time=105.106..962.307 rows=44 loops=1)
  ->  Seq Scan on movie_companies mc  (cost=0.00..57926.93 rows=53 width=4) (actual time=103.805..957.302 rows=44 loops=1)
        Filter: ((company_type_id > 1) AND (company_id = 76678))
        Rows Removed by Filter: 2609085
  ->  Index Only Scan using title_pkey on title t  (cost=0.43..8.45 rows=1 width=4) (actual time=0.112..0.112 rows=1 loops=44)
        Index Cond: (id = mc.movie_id)
        Heap Fetches: 44
Planning time: 0.768 ms
Execution time: 962.396 ms
