Seq Scan on movie_companies mc  (cost=0.00..51404.11 rows=104 width=0) (actual time=155.434..869.964 rows=43 loops=1)
  Filter: (company_id = 16746)
  Rows Removed by Filter: 2609086
Planning time: 8.647 ms
Execution time: 870.091 ms
