Hash Join  (cost=100809.69..251857.41 rows=2137778 width=0) (actual time=1981.616..6209.502 rows=1107559 loops=1)
  Hash Cond: (mk.movie_id = t.id)
  ->  Seq Scan on movie_keyword mk  (cost=0.00..81003.12 rows=3298763 width=4) (actual time=0.009..1632.765 rows=3289605 loops=1)
        Filter: (keyword_id > 1559)
        Rows Removed by Filter: 1234325
  ->  Hash  (cost=73925.90..73925.90 rows=1638623 width=4) (actual time=1979.652..1979.652 rows=1629839 loops=1)
        Buckets: 131072  Batches: 32  Memory Usage: 2819kB
        ->  Seq Scan on title t  (cost=0.00..73925.90 rows=1638623 width=4) (actual time=0.010..1430.951 rows=1629839 loops=1)
              Filter: ((kind_id > 1) AND (production_year < 2012))
              Rows Removed by Filter: 898473
Planning time: 0.827 ms
Execution time: 6349.935 ms
