Hash Join  (cost=102767.86..848279.52 rows=1251970 width=0) (actual time=8223.739..14975.142 rows=1277310 loops=1)
  Hash Cond: (ci.movie_id = t.id)
  ->  Seq Scan on cast_info ci  (cost=0.00..705507.15 rows=1251970 width=4) (actual time=6187.341..11549.333 rows=1277310 loops=1)
        Filter: (person_id > 3814671)
        Rows Removed by Filter: 34967034
  ->  Hash  (cost=61283.27..61283.27 rows=2528527 width=4) (actual time=2034.900..2034.900 rows=2528312 loops=1)
        Buckets: 131072  Batches: 64  Memory Usage: 2415kB
        ->  Seq Scan on title t  (cost=0.00..61283.27 rows=2528527 width=4) (actual time=0.025..1181.532 rows=2528312 loops=1)
Planning time: 0.588 ms
Execution time: 15123.718 ms
