Hash Join  (cost=80874.21..610984.42 rows=4714428 width=0) (actual time=1508.138..16400.066 rows=6325697 loops=1)
  Hash Cond: (mi.movie_id = t.id)
  ->  Seq Scan on movie_info mi  (cost=0.00..309384.22 rows=14739122 width=4) (actual time=0.011..5927.634 rows=14835720 loops=1)
  ->  Hash  (cost=67604.59..67604.59 rows=808770 width=4) (actual time=1507.157..1507.157 rows=812704 loops=1)
        Buckets: 131072  Batches: 16  Memory Usage: 2819kB
        ->  Seq Scan on title t  (cost=0.00..67604.59 rows=808770 width=4) (actual time=0.015..1228.315 rows=812704 loops=1)
              Filter: (production_year < 1995)
              Rows Removed by Filter: 1715608
Planning time: 0.772 ms
Execution time: 17149.024 ms
