Nested Loop  (cost=0.43..83072.29 rows=150 width=0) (actual time=4.557..1325.746 rows=45 loops=1)
  ->  Seq Scan on movie_keyword mk  (cost=0.00..81003.12 rows=246 width=4) (actual time=4.518..1313.168 rows=328 loops=1)
        Filter: (keyword_id = 7442)
        Rows Removed by Filter: 4523602
  ->  Index Scan using title_pkey on title t  (cost=0.43..8.40 rows=1 width=4) (actual time=0.036..0.036 rows=0 loops=328)
        Index Cond: (id = mk.movie_id)
        Filter: (kind_id = 7)
        Rows Removed by Filter: 1
Planning time: 0.794 ms
Execution time: 1325.880 ms
