Seq Scan on movie_companies mc  (cost=0.00..51404.11 rows=1403524 width=0) (actual time=0.021..1008.754 rows=1410814 loops=1)
  Filter: (company_id > 10762)
  Rows Removed by Filter: 1198315
Planning time: 0.364 ms
Execution time: 1183.669 ms
