Hash Join  (cost=154473.00..289694.25 rows=1085021 width=0) (actual time=3589.745..8418.125 rows=5789567 loops=1)
  Hash Cond: (mk.movie_id = t.id)
  ->  Seq Scan on movie_keyword mk  (cost=0.00..69693.30 rows=4523930 width=4) (actual time=0.009..1383.271 rows=4523930 loops=1)
  ->  Hash  (cost=144523.46..144523.46 rows=606443 width=8) (actual time=3589.151..3589.151 rows=712546 loops=1)
        Buckets: 131072 (originally 131072)  Batches: 16 (originally 8)  Memory Usage: 3073kB
        ->  Hash Join  (cost=94978.31..144523.46 rows=606443 width=8) (actual time=1929.702..3381.447 rows=712546 loops=1)
              Hash Cond: (mi_idx.movie_id = t.id)
              ->  Seq Scan on movie_info_idx mi_idx  (cost=0.00..25185.44 rows=919057 width=4) (actual time=0.023..504.655 rows=920110 loops=1)
                    Filter: (info_type_id > 99)
                    Rows Removed by Filter: 459925
              ->  Hash  (cost=67604.59..67604.59 rows=1668458 width=4) (actual time=1928.311..1928.311 rows=1671292 loops=1)
                    Buckets: 131072  Batches: 32  Memory Usage: 2858kB
                    ->  Seq Scan on title t  (cost=0.00..67604.59 rows=1668458 width=4) (actual time=0.007..1373.883 rows=1671292 loops=1)
                          Filter: (production_year < 2008)
                          Rows Removed by Filter: 857020
Planning time: 1.481 ms
Execution time: 9091.285 ms
