Seq Scan on movie_keyword mk  (cost=0.00..81003.12 rows=2470166 width=0) (actual time=0.022..1459.939 rows=2466447 loops=1)
  Filter: (keyword_id < 5935)
  Rows Removed by Filter: 2057483
Planning time: 0.317 ms
Execution time: 1765.824 ms
