Seq Scan on cast_info ci  (cost=0.00..796071.18 rows=9364658 width=0) (actual time=1866.360..13006.789 rows=3995728 loops=1)
  Filter: ((person_id < 1414510) AND (role_id > 1))
  Rows Removed by Filter: 32248616
Planning time: 0.375 ms
Execution time: 13505.194 ms
