Hash Join  (cost=102767.86..1189228.47 rows=15421259 width=0) (actual time=2081.117..28748.329 rows=15297708 loops=1)
  Hash Cond: (ci.movie_id = t.id)
  ->  Seq Scan on cast_info ci  (cost=0.00..705507.15 rows=15421259 width=4) (actual time=1.541..13240.521 rows=15297708 loops=1)
        Filter: (person_id < 1506673)
        Rows Removed by Filter: 20946636
  ->  Hash  (cost=61283.27..61283.27 rows=2528527 width=4) (actual time=2019.872..2019.872 rows=2528312 loops=1)
        Buckets: 131072  Batches: 64  Memory Usage: 2415kB
        ->  Seq Scan on title t  (cost=0.00..61283.27 rows=2528527 width=4) (actual time=0.021..1170.830 rows=2528312 loops=1)
Planning time: 0.776 ms
Execution time: 30450.630 ms
