Seq Scan on movie_keyword mk  (cost=0.00..81003.12 rows=246 width=0) (actual time=7.299..1348.160 rows=255 loops=1)
  Filter: (keyword_id = 5078)
  Rows Removed by Filter: 4523675
Planning time: 0.409 ms
Execution time: 1348.404 ms
