Hash Join  (cost=149663.86..666662.26 rows=3485646 width=0) (actual time=3240.997..16849.787 rows=2494320 loops=1)
  Hash Cond: (mi.movie_id = t.id)
  ->  Seq Scan on movie_info mi  (cost=0.00..309384.22 rows=14739122 width=4) (actual time=0.014..5946.700 rows=14835720 loops=1)
  ->  Hash  (cost=139853.24..139853.24 rows=597970 width=8) (actual time=3138.468..3138.468 rows=320523 loops=1)
        Buckets: 131072  Batches: 8  Memory Usage: 2590kB
        ->  Hash Join  (cost=91901.05..139853.24 rows=597970 width=8) (actual time=1745.705..3042.543 rows=320523 loops=1)
              Hash Cond: (mi_idx.movie_id = t.id)
              ->  Seq Scan on movie_info_idx mi_idx  (cost=0.00..21735.35 rows=1380035 width=4) (actual time=0.024..422.703 rows=1380035 loops=1)
              ->  Hash  (cost=73925.90..73925.90 rows=1095612 width=4) (actual time=1744.815..1744.815 rows=1189548 loops=1)
                    Buckets: 131072  Batches: 16  Memory Usage: 3647kB
                    ->  Seq Scan on title t  (cost=0.00..73925.90 rows=1095612 width=4) (actual time=317.031..1370.811 rows=1189548 loops=1)
                          Filter: ((production_year > 1988) AND (kind_id = 7))
                          Rows Removed by Filter: 1338764
Planning time: 1.248 ms
Execution time: 17166.560 ms
