Hash Join  (cost=320987.28..1513669.55 rows=22929713 width=0) (actual time=6581.899..34645.014 rows=22961556 loops=1)
  Hash Cond: (ci.movie_id = t.id)
  ->  Seq Scan on cast_info ci  (cost=0.00..705507.15 rows=17412956 width=4) (actual time=0.035..14024.768 rows=17539896 loops=1)
        Filter: (person_id > 1863715)
        Rows Removed by Filter: 18704448
  ->  Hash  (cost=266360.12..266360.12 rows=3329613 width=8) (actual time=6579.312..6579.312 rows=1637255 loops=1)
        Buckets: 131072  Batches: 64  Memory Usage: 2002kB
        ->  Hash Join  (cost=98137.04..266360.12 rows=3329613 width=8) (actual time=2051.897..6131.171 rows=1637255 loops=1)
              Hash Cond: (mk.movie_id = t.id)
              ->  Seq Scan on movie_keyword mk  (cost=0.00..69693.30 rows=4523930 width=4) (actual time=0.020..1440.090 rows=4523930 loops=1)
              ->  Hash  (cost=67604.59..67604.59 rows=1860996 width=4) (actual time=2050.459..2050.459 rows=1865487 loops=1)
                    Buckets: 131072  Batches: 32  Memory Usage: 3085kB
                    ->  Seq Scan on title t  (cost=0.00..67604.59 rows=1860996 width=4) (actual time=0.019..1446.508 rows=1865487 loops=1)
                          Filter: (kind_id > 1)
                          Rows Removed by Filter: 662825
Planning time: 1.122 ms
Execution time: 37094.328 ms
