Seq Scan on cast_info ci  (cost=0.00..796071.18 rows=310132 width=0) (actual time=6662.819..14337.564 rows=116747 loops=1)
  Filter: ((person_id < 3291876) AND (role_id > 10))
  Rows Removed by Filter: 36127597
Planning time: 0.365 ms
Execution time: 14353.140 ms
