Nested Loop  (cost=0.43..83071.67 rows=246 width=0) (actual time=273.748..1240.968 rows=4 loops=1)
  ->  Seq Scan on movie_keyword mk  (cost=0.00..81003.12 rows=246 width=4) (actual time=273.663..1240.646 rows=4 loops=1)
        Filter: (keyword_id = 36097)
        Rows Removed by Filter: 4523926
  ->  Index Only Scan using title_pkey on title t  (cost=0.43..8.40 rows=1 width=4) (actual time=0.069..0.070 rows=1 loops=4)
        Index Cond: (id = mk.movie_id)
        Heap Fetches: 4
Planning time: 0.605 ms
Execution time: 1241.022 ms
