Seq Scan on cast_info ci  (cost=0.00..796071.18 rows=12818520 width=0) (actual time=5427.146..15768.611 rows=8515231 loops=1)
  Filter: ((person_id < 2914019) AND (role_id > 2))
  Rows Removed by Filter: 27729113
Planning time: 0.362 ms
Execution time: 16828.316 ms
