Seq Scan on cast_info ci  (cost=0.00..705507.15 rows=6028648 width=0) (actual time=23.857..11597.618 rows=5938334 loops=1)
  Filter: (person_id < 574445)
  Rows Removed by Filter: 30306010
Planning time: 0.382 ms
Execution time: 12334.200 ms
