Hash Join  (cost=79775.76..112387.29 rows=65560 width=0) (actual time=1378.659..2166.712 rows=144897 loops=1)
  Hash Cond: (mi_idx.movie_id = t.id)
  ->  Seq Scan on movie_info_idx mi_idx  (cost=0.00..25185.44 rows=464934 width=4) (actual time=0.012..458.444 rows=460185 loops=1)
        Filter: (info_type_id > 100)
        Rows Removed by Filter: 919850
  ->  Hash  (cost=73925.90..73925.90 rows=356548 width=4) (actual time=1353.369..1353.369 rows=424572 loops=1)
        Buckets: 131072  Batches: 8  Memory Usage: 2898kB
        ->  Seq Scan on title t  (cost=0.00..73925.90 rows=356548 width=4) (actual time=0.863..1221.899 rows=424572 loops=1)
              Filter: ((production_year < 2005) AND (kind_id = 1))
              Rows Removed by Filter: 2103740
Planning time: 1.004 ms
Execution time: 2185.043 ms
