Hash Join  (cost=218871.71..1169306.05 rows=3273063 width=0) (actual time=6081.493..38554.648 rows=41340679 loops=1)
  Hash Cond: (ci.movie_id = t.id)
  ->  Seq Scan on cast_info ci  (cost=0.00..796071.18 rows=10246546 width=4) (actual time=930.211..16018.589 rows=12443271 loops=1)
        Filter: ((person_id > 1309629) AND (role_id > 2))
        Rows Removed by Filter: 23801073
  ->  Hash  (cost=205619.60..205619.60 rows=807689 width=8) (actual time=5149.887..5149.887 rows=1971072 loops=1)
        Buckets: 131072 (originally 131072)  Batches: 32 (originally 16)  Memory Usage: 3426kB
        ->  Hash Join  (cost=78556.72..205619.60 rows=807689 width=8) (actual time=1635.094..4683.204 rows=1971072 loops=1)
              Hash Cond: (mk.movie_id = t.id)
              ->  Seq Scan on movie_keyword mk  (cost=0.00..81003.12 rows=3059430 width=4) (actual time=0.031..1638.239 rows=3047529 loops=1)
                    Filter: (keyword_id < 11139)
                    Rows Removed by Filter: 1476401
              ->  Hash  (cost=67604.59..67604.59 rows=667531 width=4) (actual time=1289.210..1289.210 rows=662825 loops=1)
                    Buckets: 131072  Batches: 16  Memory Usage: 2486kB
                    ->  Seq Scan on title t  (cost=0.00..67604.59 rows=667531 width=4) (actual time=141.760..1082.581 rows=662825 loops=1)
                          Filter: (kind_id = 1)
                          Rows Removed by Filter: 1865487
Planning time: 1.240 ms
Execution time: 43185.432 ms
