Hash Join  (cost=162561.87..968243.30 rows=961026 width=0) (actual time=3185.399..29476.278 rows=4050993 loops=1)
  Hash Cond: (ci.movie_id = t.id)
  ->  Seq Scan on cast_info ci  (cost=0.00..614943.12 rows=36225612 width=4) (actual time=0.023..9278.031 rows=36244344 loops=1)
  ->  Hash  (cost=161723.38..161723.38 rows=67079 width=8) (actual time=3184.558..3184.558 rows=119247 loops=1)
        Buckets: 131072 (originally 131072)  Batches: 2 (originally 1)  Memory Usage: 3315kB
        ->  Hash Join  (cost=74394.55..161723.38 rows=67079 width=8) (actual time=1254.229..3139.845 rows=119247 loops=1)
              Hash Cond: (mk.movie_id = t.id)
              ->  Seq Scan on movie_keyword mk  (cost=0.00..69693.30 rows=4523930 width=4) (actual time=0.023..989.998 rows=4523930 loops=1)
              ->  Hash  (cost=73925.90..73925.90 rows=37492 width=4) (actual time=1253.846..1253.846 rows=49168 loops=1)
                    Buckets: 65536  Batches: 1  Memory Usage: 2241kB
                    ->  Seq Scan on title t  (cost=0.00..73925.90 rows=37492 width=4) (actual time=587.987..1235.258 rows=49168 loops=1)
                          Filter: ((production_year < 1998) AND (kind_id = 3))
                          Rows Removed by Filter: 2479144
Planning time: 1.206 ms
Execution time: 29961.809 ms
