Seq Scan on movie_keyword mk  (cost=0.00..81003.12 rows=4305238 width=0) (actual time=0.026..1312.590 rows=4303549 loops=1)
  Filter: (keyword_id < 64661)
  Rows Removed by Filter: 220381
Planning time: 0.342 ms
Execution time: 1770.669 ms
