Hash Join  (cost=245152.20..798779.07 rows=6918392 width=0) (actual time=5291.045..17712.813 rows=2908503 loops=1)
  Hash Cond: (mi.movie_id = t.id)
  ->  Seq Scan on movie_info mi  (cost=0.00..309384.22 rows=14739122 width=4) (actual time=0.007..5964.530 rows=14835720 loops=1)
  ->  Hash  (cost=225679.38..225679.38 rows=1186865 width=8) (actual time=5014.637..5014.637 rows=271297 loops=1)
        Buckets: 131072  Batches: 16  Memory Usage: 1679kB
        ->  Hash Join  (cost=87428.23..225679.38 rows=1186865 width=8) (actual time=2786.125..4931.350 rows=271297 loops=1)
              Hash Cond: (mk.movie_id = t.id)
              ->  Seq Scan on movie_keyword mk  (cost=0.00..81003.12 rows=3646501 width=4) (actual time=0.024..1741.165 rows=3636915 loops=1)
                    Filter: (keyword_id > 837)
                    Rows Removed by Filter: 887015
              ->  Hash  (cost=73925.90..73925.90 rows=822986 width=4) (actual time=1512.673..1512.673 rows=738761 loops=1)
                    Buckets: 131072  Batches: 16  Memory Usage: 2654kB
                    ->  Seq Scan on title t  (cost=0.00..73925.90 rows=822986 width=4) (actual time=73.494..1270.468 rows=738761 loops=1)
                          Filter: ((production_year < 2005) AND (kind_id = 7))
                          Rows Removed by Filter: 1789551
Planning time: 1.247 ms
Execution time: 17999.094 ms
