Hash Join  (cost=74629.72..134256.72 rows=46091 width=0) (actual time=1096.487..2631.889 rows=106276 loops=1)
  Hash Cond: (mc.movie_id = t.id)
  ->  Seq Scan on movie_companies mc  (cost=0.00..51404.11 rows=2069861 width=4) (actual time=0.026..1007.669 rows=2065062 loops=1)
        Filter: (company_id < 72073)
        Rows Removed by Filter: 544067
  ->  Hash  (cost=73925.90..73925.90 rows=56305 width=4) (actual time=1096.096..1096.096 rows=57640 loops=1)
        Buckets: 65536  Batches: 1  Memory Usage: 2539kB
        ->  Seq Scan on title t  (cost=0.00..73925.90 rows=56305 width=4) (actual time=0.033..1073.333 rows=57640 loops=1)
              Filter: ((production_year > 1996) AND (kind_id = 2))
              Rows Removed by Filter: 2470672
Planning time: 0.787 ms
Execution time: 2645.914 ms
