Hash Join  (cost=709678.54..764348.51 rows=444 width=0) (actual time=11462.310..12158.844 rows=4 loops=1)
  Hash Cond: (mc.movie_id = t.id)
  ->  Seq Scan on movie_companies mc  (cost=0.00..44881.29 rows=2609129 width=4) (actual time=0.012..618.335 rows=2609129 loops=1)
  ->  Hash  (cost=709673.15..709673.15 rows=431 width=8) (actual time=11077.407..11077.407 rows=163 loops=1)
        Buckets: 1024  Batches: 1  Memory Usage: 15kB
        ->  Nested Loop  (cost=0.43..709673.15 rows=431 width=8) (actual time=5890.847..11077.320 rows=163 loops=1)
              ->  Seq Scan on cast_info ci  (cost=0.00..705507.15 rows=500 width=4) (actual time=5890.755..11058.140 rows=163 loops=1)
                    Filter: (person_id = 1475490)
                    Rows Removed by Filter: 36244181
              ->  Index Scan using title_pkey on title t  (cost=0.43..8.32 rows=1 width=4) (actual time=0.116..0.117 rows=1 loops=163)
                    Index Cond: (id = ci.movie_id)
                    Filter: (production_year > 1963)
Planning time: 1.190 ms
Execution time: 12159.010 ms
