Hash Join  (cost=74547.77..133141.58 rows=35842 width=0) (actual time=1280.843..2708.917 rows=47701 loops=1)
  Hash Cond: (mc.movie_id = t.id)
  ->  Seq Scan on movie_companies mc  (cost=0.00..51404.11 rows=1821674 width=4) (actual time=0.022..977.827 rows=1813854 loops=1)
        Filter: (company_id < 31101)
        Rows Removed by Filter: 795275
  ->  Hash  (cost=73925.90..73925.90 rows=49749 width=4) (actual time=1280.443..1280.443 rows=44012 loops=1)
        Buckets: 65536  Batches: 1  Memory Usage: 2060kB
        ->  Seq Scan on title t  (cost=0.00..73925.90 rows=49749 width=4) (actual time=0.030..1262.202 rows=44012 loops=1)
              Filter: ((kind_id < 7) AND (production_year = 2009))
              Rows Removed by Filter: 2484300
Planning time: 6.744 ms
Execution time: 2716.150 ms
