Hash Join  (cost=91342.70..1338090.26 rows=20729239 width=0) (actual time=1733.851..39596.782 rows=19853880 loops=1)
  Hash Cond: (ci.movie_id = t.id)
  ->  Seq Scan on cast_info ci  (cost=0.00..614943.12 rows=36225612 width=4) (actual time=0.016..13323.815 rows=36244344 loops=1)
  ->  Hash  (cost=67604.59..67604.59 rows=1446889 width=4) (actual time=1732.410..1732.410 rows=1443298 loops=1)
        Buckets: 131072  Batches: 32  Memory Usage: 2608kB
        ->  Seq Scan on title t  (cost=0.00..67604.59 rows=1446889 width=4) (actual time=0.015..1263.826 rows=1443298 loops=1)
              Filter: (production_year < 2006)
              Rows Removed by Filter: 1085014
Planning time: 0.759 ms
Execution time: 41919.025 ms
