Hash Join  (cost=128636.78..220007.07 rows=8177 width=0) (actual time=2191.740..4223.848 rows=126911 loops=1)
  Hash Cond: (mk.movie_id = t.id)
  ->  Seq Scan on movie_keyword mk  (cost=0.00..81003.12 rows=2742772 width=4) (actual time=0.016..1541.760 rows=2738476 loops=1)
        Filter: (keyword_id < 7773)
        Rows Removed by Filter: 1785454
  ->  Hash  (cost=128542.55..128542.55 rows=7538 width=8) (actual time=2191.503..2191.503 rows=13590 loops=1)
        Buckets: 16384 (originally 8192)  Batches: 1 (originally 1)  Memory Usage: 659kB
        ->  Hash Join  (cost=74242.71..128542.55 rows=7538 width=8) (actual time=1176.249..2185.850 rows=13590 loops=1)
              Hash Cond: (mc.movie_id = t.id)
              ->  Seq Scan on movie_companies mc  (cost=0.00..51404.11 rows=752094 width=4) (actual time=0.014..842.583 rows=756714 loops=1)
                    Filter: (company_id > 35923)
                    Rows Removed by Filter: 1852415
              ->  Hash  (cost=73925.90..73925.90 rows=25344 width=4) (actual time=1176.048..1176.048 rows=15457 loops=1)
                    Buckets: 32768  Batches: 1  Memory Usage: 800kB
                    ->  Seq Scan on title t  (cost=0.00..73925.90 rows=25344 width=4) (actual time=0.036..1169.518 rows=15457 loops=1)
                          Filter: ((kind_id = 1) AND (production_year = 2005))
                          Rows Removed by Filter: 2512855
Planning time: 1.153 ms
Execution time: 4239.821 ms
