Hash Join  (cost=75773.42..200230.07 rows=201461 width=0) (actual time=1321.454..4989.828 rows=751849 loops=1)
  Hash Cond: (mk.movie_id = t.id)
  ->  Seq Scan on movie_keyword mk  (cost=0.00..69693.30 rows=4523930 width=4) (actual time=0.019..1447.314 rows=4523930 loops=1)
  ->  Hash  (cost=73925.90..73925.90 rows=112601 width=4) (actual time=1320.176..1320.176 rows=212417 loops=1)
        Buckets: 131072 (originally 131072)  Batches: 4 (originally 2)  Memory Usage: 3073kB
        ->  Seq Scan on title t  (cost=0.00..73925.90 rows=112601 width=4) (actual time=0.176..1232.138 rows=212417 loops=1)
              Filter: ((kind_id < 7) AND (production_year < 1964))
              Rows Removed by Filter: 2315895
Planning time: 0.561 ms
Execution time: 5082.832 ms
