Hash Join  (cost=130419.83..215997.36 rows=24139 width=0) (actual time=2753.796..4551.007 rows=200098 loops=1)
  Hash Cond: (mk.movie_id = t.id)
  ->  Seq Scan on movie_keyword mk  (cost=0.00..81003.12 rows=1155470 width=4) (actual time=0.014..1357.463 rows=1159861 loops=1)
        Filter: (keyword_id < 1382)
        Rows Removed by Filter: 3364069
  ->  Hash  (cost=129759.55..129759.55 rows=52823 width=8) (actual time=2753.208..2753.208 rows=122471 loops=1)
        Buckets: 131072 (originally 65536)  Batches: 2 (originally 1)  Memory Usage: 3425kB
        ->  Hash Join  (cost=74565.79..129759.55 rows=52823 width=8) (actual time=1142.069..2702.786 rows=122471 loops=1)
              Hash Cond: (mc.movie_id = t.id)
              ->  Seq Scan on movie_companies mc  (cost=0.00..44881.29 rows=2609129 width=4) (actual time=0.024..761.294 rows=2609129 loops=1)
              ->  Hash  (cost=73925.90..73925.90 rows=51191 width=4) (actual time=1141.683..1141.683 rows=65982 loops=1)
                    Buckets: 131072 (originally 65536)  Batches: 1 (originally 1)  Memory Usage: 3344kB
                    ->  Seq Scan on title t  (cost=0.00..73925.90 rows=51191 width=4) (actual time=155.355..1115.048 rows=65982 loops=1)
                          Filter: ((production_year < 2004) AND (kind_id = 3))
                          Rows Removed by Filter: 2462330
Planning time: 1.166 ms
Execution time: 4577.467 ms
