Seq Scan on title t  (cost=0.00..73925.90 rows=1175 width=0) (actual time=647.687..1187.319 rows=529 loops=1)
  Filter: ((production_year > 2011) AND (kind_id = 6))
  Rows Removed by Filter: 2527783
Planning time: 0.415 ms
Execution time: 1187.613 ms
