Seq Scan on cast_info ci  (cost=0.00..796071.18 rows=10394964 width=0) (actual time=1929.888..16160.726 rows=6671439 loops=1)
  Filter: ((person_id < 3111773) AND (role_id > 3))
  Rows Removed by Filter: 29572905
Planning time: 0.342 ms
Execution time: 16992.854 ms
