Seq Scan on movie_keyword mk  (cost=0.00..81003.12 rows=2711589 width=0) (actual time=0.015..1515.208 rows=2707785 loops=1)
  Filter: (keyword_id > 2969)
  Rows Removed by Filter: 1816145
Planning time: 0.340 ms
Execution time: 1871.629 ms
