Hash Join  (cost=102767.86..216800.39 rows=962056 width=0) (actual time=2309.771..5059.063 rows=966214 loops=1)
  Hash Cond: (mk.movie_id = t.id)
  ->  Seq Scan on movie_keyword mk  (cost=0.00..81003.12 rows=962056 width=4) (actual time=0.028..1538.819 rows=966214 loops=1)
        Filter: (keyword_id < 910)
        Rows Removed by Filter: 3557716
  ->  Hash  (cost=61283.27..61283.27 rows=2528527 width=4) (actual time=2307.217..2307.217 rows=2528312 loops=1)
        Buckets: 131072  Batches: 64  Memory Usage: 2425kB
        ->  Seq Scan on title t  (cost=0.00..61283.27 rows=2528527 width=4) (actual time=0.016..1144.086 rows=2528312 loops=1)
Planning time: 0.729 ms
Execution time: 5178.269 ms
