Seq Scan on movie_keyword mk  (cost=0.00..81003.12 rows=1570508 width=0) (actual time=0.039..1486.851 rows=1578654 loops=1)
  Filter: (keyword_id < 2394)
  Rows Removed by Filter: 2945276
Planning time: 0.354 ms
Execution time: 1684.948 ms
