Hash Join  (cost=186191.02..218828.47 rows=69305 width=0) (actual time=4565.190..5392.883 rows=320178 loops=1)
  Hash Cond: (mi_idx.movie_id = t.id)
  ->  Seq Scan on movie_info_idx mi_idx  (cost=0.00..25185.44 rows=454124 width=4) (actual time=0.013..489.482 rows=459925 loops=1)
        Filter: (info_type_id = 100)
        Rows Removed by Filter: 920110
  ->  Hash  (cost=179859.44..179859.44 rows=385886 width=8) (actual time=4564.380..4564.380 rows=544308 loops=1)
        Buckets: 131072  Batches: 8  Memory Usage: 3670kB
        ->  Hash Join  (cost=102767.86..179859.44 rows=385886 width=8) (actual time=2762.072..4408.603 rows=544308 loops=1)
              Hash Cond: (mc.movie_id = t.id)
              ->  Seq Scan on movie_companies mc  (cost=0.00..57926.93 rows=385886 width=4) (actual time=147.003..949.569 rows=544308 loops=1)
                    Filter: ((company_id < 1680) AND (company_type_id < 2))
                    Rows Removed by Filter: 2064821
              ->  Hash  (cost=61283.27..61283.27 rows=2528527 width=4) (actual time=2613.748..2613.748 rows=2528312 loops=1)
                    Buckets: 131072  Batches: 64  Memory Usage: 2415kB
                    ->  Seq Scan on title t  (cost=0.00..61283.27 rows=2528527 width=4) (actual time=0.013..1129.345 rows=2528312 loops=1)
Planning time: 1.585 ms
Execution time: 5422.825 ms
