Hash Join  (cost=125637.39..1124198.67 rows=2047784 width=0) (actual time=2534.367..30160.876 rows=3147822 loops=1)
  Hash Cond: (ci.movie_id = t.id)
  ->  Seq Scan on cast_info ci  (cost=0.00..705507.15 rows=23499554 width=4) (actual time=0.018..16708.761 rows=23573656 loops=1)
        Filter: (role_id > 1)
        Rows Removed by Filter: 12670688
  ->  Hash  (cost=122022.15..122022.15 rows=220339 width=8) (actual time=2533.568..2533.568 rows=96867 loops=1)
        Buckets: 131072  Batches: 4  Memory Usage: 1961kB
        ->  Hash Join  (cost=80549.28..122022.15 rows=220339 width=8) (actual time=1444.141..2505.139 rows=96867 loops=1)
              Hash Cond: (mi_idx.movie_id = t.id)
              ->  Seq Scan on movie_info_idx mi_idx  (cost=0.00..21735.35 rows=1380035 width=4) (actual time=0.007..464.410 rows=1380035 loops=1)
              ->  Hash  (cost=73925.90..73925.90 rows=403710 width=4) (actual time=1373.566..1373.566 rows=434218 loops=1)
                    Buckets: 131072  Batches: 8  Memory Usage: 2935kB
                    ->  Seq Scan on title t  (cost=0.00..73925.90 rows=403710 width=4) (actual time=0.020..1238.405 rows=434218 loops=1)
                          Filter: ((production_year > 2008) AND (kind_id = 7))
                          Rows Removed by Filter: 2094094
Planning time: 1.202 ms
Execution time: 30553.922 ms
