Seq Scan on cast_info ci  (cost=0.00..796071.18 rows=12135680 width=0) (actual time=1670.905..17012.874 rows=11517696 loops=1)
  Filter: ((person_id > 160181) AND (role_id < 2))
  Rows Removed by Filter: 24726648
Planning time: 0.372 ms
Execution time: 18417.438 ms
