Seq Scan on movie_keyword mk  (cost=0.00..81003.12 rows=246 width=0) (actual time=2.934..1242.474 rows=76 loops=1)
  Filter: (keyword_id = 32630)
  Rows Removed by Filter: 4523854
Planning time: 0.394 ms
Execution time: 1242.632 ms
