Hash Join  (cost=75071.77..808426.35 rows=351160 width=0) (actual time=8907.061..12898.961 rows=80091 loops=1)
  Hash Cond: (ci.movie_id = t.id)
  ->  Seq Scan on cast_info ci  (cost=0.00..705507.15 rows=1950888 width=4) (actual time=7476.180..10470.745 rows=1989246 loops=1)
        Filter: (person_id > 3670959)
        Rows Removed by Filter: 34255098
  ->  Hash  (cost=67604.59..67604.59 rows=455135 width=4) (actual time=1429.695..1429.695 rows=451569 loops=1)
        Buckets: 131072  Batches: 8  Memory Usage: 3003kB
        ->  Seq Scan on title t  (cost=0.00..67604.59 rows=455135 width=4) (actual time=0.026..1284.333 rows=451569 loops=1)
              Filter: (production_year < 1976)
              Rows Removed by Filter: 2076743
Planning time: 0.809 ms
Execution time: 12909.633 ms
