Seq Scan on movie_companies mc  (cost=0.00..57926.93 rows=80973 width=0) (actual time=239.018..838.398 rows=157312 loops=1)
  Filter: ((company_id > 128912) AND (company_type_id = 2))
  Rows Removed by Filter: 2451817
Planning time: 0.294 ms
Execution time: 858.081 ms
