Seq Scan on movie_keyword mk  (cost=0.00..81003.12 rows=246 width=0) (actual time=3.278..1237.809 rows=759 loops=1)
  Filter: (keyword_id = 994)
  Rows Removed by Filter: 4523171
Planning time: 0.438 ms
Execution time: 1238.136 ms
