Seq Scan on movie_companies mc  (cost=0.00..51404.11 rows=1133433 width=0) (actual time=0.020..959.690 rows=1141896 loops=1)
  Filter: (company_id > 13273)
  Rows Removed by Filter: 1467233
Planning time: 0.343 ms
Execution time: 1109.331 ms
