Hash Join  (cost=365418.15..2232914.62 rows=59422919 width=0) (actual time=9493.030..92371.524 rows=197882195 loops=1)
  Hash Cond: (ci.movie_id = t.id)
  ->  Seq Scan on cast_info ci  (cost=0.00..705507.15 rows=33212816 width=4) (actual time=0.028..17113.296 rows=33308193 loops=1)
        Filter: (person_id > 285642)
        Rows Removed by Filter: 2936151
  ->  Hash  (cost=291197.02..291197.02 rows=4523930 width=8) (actual time=9492.106..9492.106 rows=4523930 loops=1)
        Buckets: 131072  Batches: 64  Memory Usage: 3816kB
        ->  Hash Join  (cost=102767.86..291197.02 rows=4523930 width=8) (actual time=2106.906..7636.414 rows=4523930 loops=1)
              Hash Cond: (mk.movie_id = t.id)
              ->  Seq Scan on movie_keyword mk  (cost=0.00..69693.30 rows=4523930 width=4) (actual time=0.014..1477.961 rows=4523930 loops=1)
              ->  Hash  (cost=61283.27..61283.27 rows=2528527 width=4) (actual time=2105.248..2105.248 rows=2528312 loops=1)
                    Buckets: 131072  Batches: 64  Memory Usage: 2425kB
                    ->  Seq Scan on title t  (cost=0.00..61283.27 rows=2528527 width=4) (actual time=0.019..1219.137 rows=2528312 loops=1)
Planning time: 13.424 ms
Execution time: 114638.479 ms
