Seq Scan on movie_companies mc  (cost=0.00..57926.93 rows=1041012 width=0) (actual time=0.020..1102.767 rows=1274246 loops=1)
  Filter: ((company_id < 74748) AND (company_type_id = 1))
  Rows Removed by Filter: 1334883
Planning time: 0.405 ms
Execution time: 1257.744 ms
