Seq Scan on movie_companies mc  (cost=0.00..51404.11 rows=2046274 width=0) (actual time=0.022..1088.261 rows=2049277 loops=1)
  Filter: (company_id > 594)
  Rows Removed by Filter: 559852
Planning time: 0.316 ms
Execution time: 1332.925 ms
