Seq Scan on movie_keyword mk  (cost=0.00..81003.12 rows=246 width=0) (actual time=2.429..1395.760 rows=256 loops=1)
  Filter: (keyword_id = 7445)
  Rows Removed by Filter: 4523674
Planning time: 0.404 ms
Execution time: 1396.023 ms
