Seq Scan on cast_info ci  (cost=0.00..796071.18 rows=1621762 width=0) (actual time=429.856..11860.040 rows=3253978 loops=1)
  Filter: ((person_id < 435181) AND (role_id = 1))
  Rows Removed by Filter: 32990366
Planning time: 0.329 ms
Execution time: 12261.568 ms
