Hash Join  (cost=170096.55..211885.47 rows=238744 width=0) (actual time=4454.899..6060.766 rows=1860954 loops=1)
  Hash Cond: (mi_idx.movie_id = t.id)
  ->  Seq Scan on movie_info_idx mi_idx  (cost=0.00..21735.35 rows=1380035 width=4) (actual time=0.014..461.386 rows=1380035 loops=1)
  ->  Hash  (cost=162919.67..162919.67 rows=437431 width=8) (actual time=4453.624..4453.624 rows=957407 loops=1)
        Buckets: 131072 (originally 131072)  Batches: 16 (originally 8)  Memory Usage: 3354kB
        ->  Hash Join  (cost=83810.17..162919.67 rows=437431 width=8) (actual time=1891.415..4147.161 rows=957407 loops=1)
              Hash Cond: (mc.movie_id = t.id)
              ->  Seq Scan on movie_companies mc  (cost=0.00..57926.93 rows=1119799 width=4) (actual time=0.023..1148.584 rows=1274246 loops=1)
                    Filter: ((company_id < 90782) AND (company_type_id = 1))
                    Rows Removed by Filter: 1334883
              ->  Hash  (cost=67604.59..67604.59 rows=987727 width=4) (actual time=1890.342..1890.342 rows=985048 loops=1)
                    Buckets: 131072  Batches: 16  Memory Usage: 3188kB
                    ->  Seq Scan on title t  (cost=0.00..67604.59 rows=987727 width=4) (actual time=0.021..1129.820 rows=985048 loops=1)
                          Filter: (kind_id < 7)
                          Rows Removed by Filter: 1543264
Planning time: 1.219 ms
Execution time: 6252.681 ms
