Hash Join  (cost=75758.65..114497.56 rows=60942 width=0) (actual time=1293.994..2093.029 rows=144 loops=1)
  Hash Cond: (mi_idx.movie_id = t.id)
  ->  Seq Scan on movie_info_idx mi_idx  (cost=0.00..21735.35 rows=1380035 width=4) (actual time=0.029..419.515 rows=1380035 loops=1)
  ->  Hash  (cost=73925.90..73925.90 rows=111660 width=4) (actual time=1271.753..1271.753 rows=488 loops=1)
        Buckets: 131072  Batches: 2  Memory Usage: 1034kB
        ->  Seq Scan on title t  (cost=0.00..73925.90 rows=111660 width=4) (actual time=1.681..1271.211 rows=488 loops=1)
              Filter: ((kind_id > 1) AND (production_year < 1947))
              Rows Removed by Filter: 2527824
Planning time: 0.758 ms
Execution time: 2093.153 ms
