Hash Join  (cost=104445.35..868842.84 rows=2051690 width=0) (actual time=3597.668..16033.527 rows=2062471 loops=1)
  Hash Cond: (ci.movie_id = t.id)
  ->  Seq Scan on cast_info ci  (cost=0.00..705507.15 rows=2310288 width=4) (actual time=1219.208..11488.644 rows=2256697 loops=1)
        Filter: (person_id < 219805)
        Rows Removed by Filter: 33987647
  ->  Hash  (cost=67604.59..67604.59 rows=2245501 width=4) (actual time=2377.546..2377.546 rows=2235103 loops=1)
        Buckets: 131072  Batches: 32  Memory Usage: 3482kB
        ->  Seq Scan on title t  (cost=0.00..67604.59 rows=2245501 width=4) (actual time=0.021..1417.643 rows=2235103 loops=1)
              Filter: (production_year > 1957)
              Rows Removed by Filter: 293209
Planning time: 0.584 ms
Execution time: 16273.437 ms
