Hash Join  (cost=102767.86..297586.37 rows=4319470 width=0) (actual time=2007.847..7515.929 rows=4302531 loops=1)
  Hash Cond: (mk.movie_id = t.id)
  ->  Seq Scan on movie_keyword mk  (cost=0.00..81003.12 rows=4319470 width=4) (actual time=0.017..1852.331 rows=4302531 loops=1)
        Filter: (keyword_id > 171)
        Rows Removed by Filter: 221399
  ->  Hash  (cost=61283.27..61283.27 rows=2528527 width=4) (actual time=2006.110..2006.110 rows=2528312 loops=1)
        Buckets: 131072  Batches: 64  Memory Usage: 2425kB
        ->  Seq Scan on title t  (cost=0.00..61283.27 rows=2528527 width=4) (actual time=0.023..1159.201 rows=2528312 loops=1)
Planning time: 0.756 ms
Execution time: 8004.588 ms
