Hash Join  (cost=68191.41..95358.11 rows=25622 width=0) (actual time=1164.823..1863.094 rows=28786 loops=1)
  Hash Cond: (mi_idx.movie_id = t.id)
  ->  Seq Scan on movie_info_idx mi_idx  (cost=0.00..21735.35 rows=1380035 width=4) (actual time=0.021..347.440 rows=1380035 loops=1)
  ->  Hash  (cost=67604.59..67604.59 rows=46946 width=4) (actual time=1164.447..1164.447 rows=46583 loops=1)
        Buckets: 65536  Batches: 1  Memory Usage: 2150kB
        ->  Seq Scan on title t  (cost=0.00..67604.59 rows=46946 width=4) (actual time=0.037..1144.169 rows=46583 loops=1)
              Filter: (production_year = 1998)
              Rows Removed by Filter: 2481729
Planning time: 0.792 ms
Execution time: 1867.445 ms
