Hash Join  (cost=128786.93..493772.09 rows=32923 width=0) (actual time=2391.205..10050.148 rows=87293 loops=1)
  Hash Cond: (mi.movie_id = t.id)
  ->  Seq Scan on movie_info mi  (cost=0.00..309384.22 rows=14739122 width=4) (actual time=0.017..4447.936 rows=14835720 loops=1)
  ->  Hash  (cost=128716.33..128716.33 rows=5648 width=8) (actual time=2388.798..2388.798 rows=9248 loops=1)
        Buckets: 16384 (originally 8192)  Batches: 1 (originally 1)  Memory Usage: 490kB
        ->  Hash Join  (cost=73994.33..128716.33 rows=5648 width=8) (actual time=1188.803..2384.647 rows=9248 loops=1)
              Hash Cond: (mc.movie_id = t.id)
              ->  Seq Scan on movie_companies mc  (cost=0.00..44881.29 rows=2609129 width=4) (actual time=0.018..648.535 rows=2609129 loops=1)
              ->  Hash  (cost=73925.90..73925.90 rows=5474 width=4) (actual time=1185.199..1185.199 rows=6736 loops=1)
                    Buckets: 8192  Batches: 1  Memory Usage: 301kB
                    ->  Seq Scan on title t  (cost=0.00..73925.90 rows=5474 width=4) (actual time=0.365..1181.806 rows=6736 loops=1)
                          Filter: ((kind_id > 1) AND (production_year = 1958))
                          Rows Removed by Filter: 2521576
Planning time: 1.750 ms
Execution time: 10062.652 ms
