Nested Loop  (cost=0.43..83072.29 rows=96 width=0) (actual time=0.063..1243.615 rows=2778 loops=1)
  ->  Seq Scan on movie_keyword mk  (cost=0.00..81003.12 rows=246 width=4) (actual time=0.037..1136.517 rows=3641 loops=1)
        Filter: (keyword_id = 2888)
        Rows Removed by Filter: 4520289
  ->  Index Scan using title_pkey on title t  (cost=0.43..8.40 rows=1 width=4) (actual time=0.028..0.029 rows=1 loops=3641)
        Index Cond: (id = mk.movie_id)
        Filter: (kind_id < 7)
        Rows Removed by Filter: 0
Planning time: 0.775 ms
Execution time: 1244.672 ms
