Hash Join  (cost=106840.27..219170.50 rows=2467729 width=0) (actual time=2682.613..6063.497 rows=2530916 loops=1)
  Hash Cond: (mc.movie_id = t.id)
  ->  Seq Scan on movie_companies mc  (cost=0.00..44881.29 rows=2609129 width=4) (actual time=0.025..921.748 rows=2609129 loops=1)
  ->  Hash  (cost=67604.59..67604.59 rows=2391495 width=4) (actual time=2681.353..2681.353 rows=2388876 loops=1)
        Buckets: 131072  Batches: 32  Memory Usage: 3646kB
        ->  Seq Scan on title t  (cost=0.00..67604.59 rows=2391495 width=4) (actual time=0.016..1412.452 rows=2388876 loops=1)
              Filter: (production_year < 2013)
              Rows Removed by Filter: 139436
Planning time: 0.757 ms
Execution time: 6357.669 ms
