Hash Join  (cost=313001.45..893894.70 rows=10116625 width=0) (actual time=7450.901..31153.245 rows=46951541 loops=1)
  Hash Cond: (mi.movie_id = t.id)
  ->  Seq Scan on movie_info mi  (cost=0.00..346232.03 rows=8673596 width=4) (actual time=0.015..6449.500 rows=8786582 loops=1)
        Filter: (info_type_id < 13)
        Rows Removed by Filter: 6049138
  ->  Hash  (cost=264615.47..264615.47 rows=2949199 width=8) (actual time=7449.652..7449.652 rows=2940058 loops=1)
        Buckets: 131072  Batches: 64  Memory Usage: 2926kB
        ->  Hash Join  (cost=102767.86..264615.47 rows=2949199 width=8) (actual time=2598.885..6711.076 rows=2940058 loops=1)
              Hash Cond: (mk.movie_id = t.id)
              ->  Seq Scan on movie_keyword mk  (cost=0.00..81003.12 rows=2949199 width=4) (actual time=0.013..1728.553 rows=2940058 loops=1)
                    Filter: (keyword_id > 2409)
                    Rows Removed by Filter: 1583872
              ->  Hash  (cost=61283.27..61283.27 rows=2528527 width=4) (actual time=2598.091..2598.091 rows=2528312 loops=1)
                    Buckets: 131072  Batches: 64  Memory Usage: 2425kB
                    ->  Seq Scan on title t  (cost=0.00..61283.27 rows=2528527 width=4) (actual time=0.021..1059.984 rows=2528312 loops=1)
Planning time: 2.180 ms
Execution time: 36391.211 ms
