Seq Scan on movie_companies mc  (cost=0.00..51404.11 rows=104 width=0) (actual time=5.489..882.712 rows=691 loops=1)
  Filter: (company_id = 3451)
  Rows Removed by Filter: 2608438
Planning time: 0.436 ms
Execution time: 882.934 ms
