Seq Scan on cast_info ci  (cost=0.00..796071.18 rows=176 width=0) (actual time=10687.799..10892.463 rows=1 loops=1)
  Filter: ((person_id = 597634) AND (role_id = 1))
  Rows Removed by Filter: 36244343
Planning time: 0.406 ms
Execution time: 10892.568 ms
