Hash Join  (cost=169925.91..678002.06 rows=2649423 width=0) (actual time=4133.849..26475.980 rows=42783771 loops=1)
  Hash Cond: (mi.movie_id = t.id)
  ->  Seq Scan on movie_info mi  (cost=0.00..309384.22 rows=14739122 width=4) (actual time=0.021..6132.103 rows=14835720 loops=1)
  ->  Hash  (cost=162468.48..162468.48 rows=454514 width=8) (actual time=4132.981..4132.981 rows=1025508 loops=1)
        Buckets: 131072 (originally 131072)  Batches: 16 (originally 8)  Memory Usage: 3609kB
        ->  Hash Join  (cost=81152.82..162468.48 rows=454514 width=8) (actual time=1529.863..3795.018 rows=1025508 loops=1)
              Hash Cond: (mc.movie_id = t.id)
              ->  Seq Scan on movie_companies mc  (cost=0.00..44881.29 rows=2609129 width=4) (actual time=0.017..866.760 rows=2609129 loops=1)
              ->  Hash  (cost=73925.90..73925.90 rows=440473 width=4) (actual time=1280.388..1280.388 rows=473918 loops=1)
                    Buckets: 131072  Batches: 8  Memory Usage: 3117kB
                    ->  Seq Scan on title t  (cost=0.00..73925.90 rows=440473 width=4) (actual time=462.004..1131.053 rows=473918 loops=1)
                          Filter: ((kind_id < 2) AND (production_year < 2008))
                          Rows Removed by Filter: 2054394
Planning time: 1.059 ms
Execution time: 30778.702 ms
