Seq Scan on cast_info ci  (cost=0.00..705507.15 rows=500 width=0) (actual time=3235.708..10695.643 rows=549 loops=1)
  Filter: (person_id = 1214508)
  Rows Removed by Filter: 36243795
Planning time: 0.345 ms
Execution time: 10695.803 ms
