Hash Join  (cost=214302.41..779827.31 rows=6757926 width=0) (actual time=5055.118..19153.635 rows=5032107 loops=1)
  Hash Cond: (mi.movie_id = t.id)
  ->  Seq Scan on movie_info mi  (cost=0.00..346232.03 rows=12665229 width=4) (actual time=0.014..7243.722 rows=12744652 loops=1)
        Filter: (info_type_id > 2)
        Rows Removed by Filter: 2091068
  ->  Hash  (cost=192166.74..192166.74 rows=1349174 width=8) (actual time=4898.279..4898.279 rows=671843 loops=1)
        Buckets: 131072  Batches: 32  Memory Usage: 1825kB
        ->  Hash Join  (cost=92883.59..192166.74 rows=1349174 width=8) (actual time=1852.143..4684.920 rows=671843 loops=1)
              Hash Cond: (mc.movie_id = t.id)
              ->  Seq Scan on movie_companies mc  (cost=0.00..51404.11 rows=2214060 width=4) (actual time=0.029..1237.655 rows=2208445 loops=1)
                    Filter: (company_id < 82212)
                    Rows Removed by Filter: 400684
              ->  Hash  (cost=67604.59..67604.59 rows=1540800 width=4) (actual time=1850.875..1850.875 rows=1543264 loops=1)
                    Buckets: 131072  Batches: 32  Memory Usage: 2722kB
                    ->  Seq Scan on title t  (cost=0.00..67604.59 rows=1540800 width=4) (actual time=60.176..1382.739 rows=1543264 loops=1)
                          Filter: (kind_id = 7)
                          Rows Removed by Filter: 985048
Planning time: 5.504 ms
Execution time: 19668.277 ms
