Hash Join  (cost=80493.69..222359.98 rows=714138 width=0) (actual time=1408.112..5943.476 rows=2170799 loops=1)
  Hash Cond: (mk.movie_id = t.id)
  ->  Seq Scan on movie_keyword mk  (cost=0.00..81003.12 rows=4510875 width=4) (actual time=0.021..1878.950 rows=4513567 loops=1)
        Filter: (keyword_id < 124779)
        Rows Removed by Filter: 10363
  ->  Hash  (cost=73925.90..73925.90 rows=400303 width=4) (actual time=1407.412..1407.412 rows=500611 loops=1)
        Buckets: 131072  Batches: 8  Memory Usage: 3243kB
        ->  Seq Scan on title t  (cost=0.00..73925.90 rows=400303 width=4) (actual time=0.021..1241.847 rows=500611 loops=1)
              Filter: ((kind_id < 7) AND (production_year < 2000))
              Rows Removed by Filter: 2027701
Planning time: 0.776 ms
Execution time: 6202.964 ms
