Seq Scan on movie_keyword mk  (cost=0.00..81003.12 rows=1918584 width=0) (actual time=0.022..1514.806 rows=1929162 loops=1)
  Filter: (keyword_id > 6930)
  Rows Removed by Filter: 2594768
Planning time: 0.297 ms
Execution time: 1756.132 ms
