Hash Join  (cost=245497.88..1642557.54 rows=30953448 width=0) (actual time=6149.014..55885.889 rows=68688642 loops=1)
  Hash Cond: (ci.movie_id = t.id)
  ->  Seq Scan on cast_info ci  (cost=0.00..614943.12 rows=36225612 width=4) (actual time=0.032..13346.283 rows=36244344 loops=1)
  ->  Hash  (cost=210051.21..210051.21 rows=2160533 width=8) (actual time=6147.714..6147.714 rows=1927360 loops=1)
        Buckets: 131072  Batches: 32  Memory Usage: 3341kB
        ->  Hash Join  (cost=101955.95..210051.21 rows=2160533 width=8) (actual time=2028.302..5604.427 rows=1927360 loops=1)
              Hash Cond: (mc.movie_id = t.id)
              ->  Seq Scan on movie_companies mc  (cost=0.00..44881.29 rows=2609129 width=4) (actual time=0.013..1056.573 rows=2609129 loops=1)
              ->  Hash  (cost=67604.59..67604.59 rows=2093789 width=4) (actual time=2026.629..2026.629 rows=2089788 loops=1)
                    Buckets: 131072  Batches: 32  Memory Usage: 3324kB
                    ->  Seq Scan on title t  (cost=0.00..67604.59 rows=2093789 width=4) (actual time=0.014..1358.508 rows=2089788 loops=1)
                          Filter: (production_year > 1969)
                          Rows Removed by Filter: 438524
Planning time: 1.162 ms
Execution time: 63470.138 ms
