Seq Scan on cast_info ci  (cost=0.00..705507.15 rows=16594710 width=0) (actual time=2839.182..11277.842 rows=16725703 loops=1)
  Filter: (person_id > 1954670)
  Rows Removed by Filter: 19518641
Planning time: 0.354 ms
Execution time: 13280.177 ms
