Hash Join  (cost=67697.55..94648.62 rows=4059 width=0) (actual time=1008.934..1592.460 rows=624 loops=1)
  Hash Cond: (mi_idx.movie_id = t.id)
  ->  Seq Scan on movie_info_idx mi_idx  (cost=0.00..21735.35 rows=1380035 width=4) (actual time=0.022..304.183 rows=1380035 loops=1)
  ->  Hash  (cost=67604.59..67604.59 rows=7437 width=4) (actual time=1005.323..1005.323 rows=5945 loops=1)
        Buckets: 8192  Batches: 1  Memory Usage: 274kB
        ->  Seq Scan on title t  (cost=0.00..67604.59 rows=7437 width=4) (actual time=462.670..1002.559 rows=5945 loops=1)
              Filter: (production_year = 1911)
              Rows Removed by Filter: 2522367
Planning time: 0.922 ms
Execution time: 1592.717 ms
