Hash Join  (cost=177333.29..1274754.91 rows=6192945 width=0) (actual time=3347.796..30867.204 rows=32618 loops=1)
  Hash Cond: (ci.movie_id = t.id)
  ->  Seq Scan on cast_info ci  (cost=0.00..614943.12 rows=36225612 width=4) (actual time=0.015..13086.337 rows=36244344 loops=1)
  ->  Hash  (cost=170240.99..170240.99 rows=432264 width=8) (actual time=3332.460..3332.460 rows=1764 loops=1)
        Buckets: 131072  Batches: 8  Memory Usage: 1033kB
        ->  Hash Join  (cost=92883.59..170240.99 rows=432264 width=8) (actual time=2087.198..3331.212 rows=1764 loops=1)
              Hash Cond: (mc.movie_id = t.id)
              ->  Seq Scan on movie_companies mc  (cost=0.00..57926.93 rows=709366 width=4) (actual time=383.811..1122.082 rows=493991 loops=1)
                    Filter: ((company_id > 9353) AND (company_type_id = 1))
                    Rows Removed by Filter: 2115138
              ->  Hash  (cost=67604.59..67604.59 rows=1540800 width=4) (actual time=1702.049..1702.049 rows=1543264 loops=1)
                    Buckets: 131072  Batches: 32  Memory Usage: 2722kB
                    ->  Seq Scan on title t  (cost=0.00..67604.59 rows=1540800 width=4) (actual time=0.027..1209.284 rows=1543264 loops=1)
                          Filter: (kind_id = 7)
                          Rows Removed by Filter: 985048
Planning time: 1.218 ms
Execution time: 30874.414 ms
