Nested Loop  (cost=0.43..52283.95 rows=7 width=0) (actual time=46.499..752.797 rows=3 loops=1)
  ->  Seq Scan on movie_companies mc  (cost=0.00..51404.11 rows=104 width=4) (actual time=10.302..746.860 rows=149 loops=1)
        Filter: (company_id = 990)
        Rows Removed by Filter: 2608980
  ->  Index Scan using title_pkey on title t  (cost=0.43..8.45 rows=1 width=4) (actual time=0.037..0.037 rows=0 loops=149)
        Index Cond: (id = mc.movie_id)
        Filter: (production_year = 2011)
        Rows Removed by Filter: 1
Planning time: 0.797 ms
Execution time: 752.906 ms
