Hash Join  (cost=71408.55..148180.25 rows=179719 width=0) (actual time=1142.405..3166.712 rows=105545 loops=1)
  Hash Cond: (mc.movie_id = t.id)
  ->  Seq Scan on movie_companies mc  (cost=0.00..51404.11 rows=1960107 width=4) (actual time=0.026..1119.284 rows=1955082 loops=1)
        Filter: (company_id < 53865)
        Rows Removed by Filter: 654047
  ->  Hash  (cost=67604.59..67604.59 rows=231837 width=4) (actual time=1141.275..1141.275 rows=231649 loops=1)
        Buckets: 131072  Batches: 4  Memory Usage: 3076kB
        ->  Seq Scan on title t  (cost=0.00..67604.59 rows=231837 width=4) (actual time=0.013..1056.579 rows=231649 loops=1)
              Filter: (production_year > 2011)
              Rows Removed by Filter: 2296663
Planning time: 1.199 ms
Execution time: 3181.566 ms
