Hash Join  (cost=155832.22..520946.95 rows=76291 width=0) (actual time=2950.247..9441.084 rows=251519 loops=1)
  Hash Cond: (mi.movie_id = t.id)
  ->  Seq Scan on movie_info mi  (cost=0.00..346232.03 rows=3623957 width=4) (actual time=0.020..5668.062 rows=3624977 loops=1)
        Filter: (info_type_id < 4)
        Rows Removed by Filter: 11210743
  ->  Hash  (cost=155166.83..155166.83 rows=53231 width=8) (actual time=2949.820..2949.820 rows=65035 loops=1)
        Buckets: 65536  Batches: 1  Memory Usage: 3053kB
        ->  Hash Join  (cost=67976.49..155166.83 rows=53231 width=8) (actual time=1073.979..2928.291 rows=65035 loops=1)
              Hash Cond: (mk.movie_id = t.id)
              ->  Seq Scan on movie_keyword mk  (cost=0.00..69693.30 rows=4523930 width=4) (actual time=0.029..963.801 rows=4523930 loops=1)
              ->  Hash  (cost=67604.59..67604.59 rows=29752 width=4) (actual time=1073.511..1073.511 rows=30027 loops=1)
                    Buckets: 32768  Batches: 1  Memory Usage: 1312kB
                    ->  Seq Scan on title t  (cost=0.00..67604.59 rows=29752 width=4) (actual time=0.013..1060.585 rows=30027 loops=1)
                          Filter: (production_year = 1994)
                          Rows Removed by Filter: 2498285
Planning time: 1.129 ms
Execution time: 9472.972 ms
