Seq Scan on movie_keyword mk  (cost=0.00..81003.12 rows=619895 width=0) (actual time=0.020..1355.427 rows=619430 loops=1)
  Filter: (keyword_id > 29447)
  Rows Removed by Filter: 3904500
Planning time: 0.321 ms
Execution time: 1433.847 ms
