Seq Scan on movie_keyword mk  (cost=0.00..81003.12 rows=246 width=0) (actual time=1161.500..1319.507 rows=1 loops=1)
  Filter: (keyword_id = 120180)
  Rows Removed by Filter: 4523929
Planning time: 0.343 ms
Execution time: 1319.579 ms
