Hash Join  (cost=96168.68..917717.67 rows=94242 width=0) (actual time=4785.723..17111.319 rows=46848 loops=1)
  Hash Cond: (ci.movie_id = t.id)
  ->  Seq Scan on cast_info ci  (cost=0.00..796071.18 rows=6542772 width=4) (actual time=3083.415..14753.530 rows=2795955 loops=1)
        Filter: ((person_id < 2583420) AND (role_id > 4))
        Rows Removed by Filter: 33448389
  ->  Hash  (cost=95713.42..95713.42 rows=36421 width=8) (actual time=1701.394..1701.394 rows=14811 loops=1)
        Buckets: 65536  Batches: 1  Memory Usage: 1091kB
        ->  Hash Join  (cost=68438.72..95713.42 rows=36421 width=8) (actual time=1071.021..1696.182 rows=14811 loops=1)
              Hash Cond: (mi_idx.movie_id = t.id)
              ->  Seq Scan on movie_info_idx mi_idx  (cost=0.00..21735.35 rows=1380035 width=4) (actual time=0.026..298.030 rows=1380035 loops=1)
              ->  Hash  (cost=67604.59..67604.59 rows=66731 width=4) (actual time=1069.940..1069.940 rows=67342 loops=1)
                    Buckets: 131072  Batches: 1  Memory Usage: 3392kB
                    ->  Seq Scan on title t  (cost=0.00..67604.59 rows=66731 width=4) (actual time=0.027..1042.635 rows=67342 loops=1)
                          Filter: (production_year > 2012)
                          Rows Removed by Filter: 2460970
Planning time: 0.764 ms
Execution time: 17118.699 ms
