Hash Join  (cost=106934.74..219346.95 rows=2473628 width=0) (actual time=2278.444..5532.125 rows=2453341 loops=1)
  Hash Cond: (mc.movie_id = t.id)
  ->  Seq Scan on movie_companies mc  (cost=0.00..44881.29 rows=2609129 width=4) (actual time=0.012..925.081 rows=2609129 loops=1)
  ->  Hash  (cost=67604.59..67604.59 rows=2397212 width=4) (actual time=2277.203..2277.203 rows=2388701 loops=1)
        Buckets: 131072  Batches: 32  Memory Usage: 3650kB
        ->  Seq Scan on title t  (cost=0.00..67604.59 rows=2397212 width=4) (actual time=0.016..1524.946 rows=2388701 loops=1)
              Filter: (production_year > 1915)
              Rows Removed by Filter: 139611
Planning time: 0.739 ms
Execution time: 5808.419 ms
