Seq Scan on title t  (cost=0.00..67604.59 rows=1531734 width=0) (actual time=0.020..1340.159 rows=1531613 loops=1)
  Filter: (production_year > 1997)
  Rows Removed by Filter: 996699
Planning time: 0.318 ms
Execution time: 1538.696 ms
