Hash Join  (cost=102767.86..231340.30 rows=1566358 width=0) (actual time=2339.382..5388.564 rows=1582820 loops=1)
  Hash Cond: (mk.movie_id = t.id)
  ->  Seq Scan on movie_keyword mk  (cost=0.00..81003.12 rows=1566358 width=4) (actual time=0.021..1486.571 rows=1582820 loops=1)
        Filter: (keyword_id > 9837)
        Rows Removed by Filter: 2941110
  ->  Hash  (cost=61283.27..61283.27 rows=2528527 width=4) (actual time=2335.804..2335.804 rows=2528312 loops=1)
        Buckets: 131072  Batches: 64  Memory Usage: 2425kB
        ->  Seq Scan on title t  (cost=0.00..61283.27 rows=2528527 width=4) (actual time=0.020..1203.125 rows=2528312 loops=1)
Planning time: 0.856 ms
Execution time: 5567.162 ms
