Seq Scan on movie_keyword mk  (cost=0.00..81003.12 rows=246 width=0) (actual time=111.096..1254.694 rows=81 loops=1)
  Filter: (keyword_id = 5490)
  Rows Removed by Filter: 4523849
Planning time: 0.347 ms
Execution time: 1254.832 ms
