Hash Join  (cost=58375.44..85285.97 rows=5 width=0) (actual time=933.228..1333.873 rows=12 loops=1)
  Hash Cond: (mi_idx.movie_id = t.id)
  ->  Seq Scan on movie_info_idx mi_idx  (cost=0.00..21735.35 rows=1380035 width=4) (actual time=0.026..270.549 rows=1380035 loops=1)
  ->  Hash  (cost=58375.31..58375.31 rows=10 width=8) (actual time=826.429..826.429 rows=123 loops=1)
        Buckets: 1024  Batches: 1  Memory Usage: 13kB
        ->  Nested Loop  (cost=0.43..58375.31 rows=10 width=8) (actual time=1.330..826.335 rows=123 loops=1)
              ->  Seq Scan on movie_companies mc  (cost=0.00..57926.93 rows=53 width=4) (actual time=1.283..815.923 rows=159 loops=1)
                    Filter: ((company_id = 70096) AND (company_type_id = 2))
                    Rows Removed by Filter: 2608970
              ->  Index Scan using title_pkey on title t  (cost=0.43..8.45 rows=1 width=4) (actual time=0.063..0.064 rows=1 loops=159)
                    Index Cond: (id = mc.movie_id)
                    Filter: (production_year < 1979)
                    Rows Removed by Filter: 0
Planning time: 1.165 ms
Execution time: 1333.988 ms
