Seq Scan on cast_info ci  (cost=0.00..705507.15 rows=13871573 width=0) (actual time=0.020..12546.514 rows=14049170 loops=1)
  Filter: (person_id > 2261365)
  Rows Removed by Filter: 22195174
Planning time: 0.334 ms
Execution time: 14277.480 ms
