Hash Join  (cost=67697.55..154941.90 rows=4857 width=0) (actual time=1108.235..2751.509 rows=12658 loops=1)
  Hash Cond: (mk.movie_id = t.id)
  ->  Seq Scan on movie_keyword mk  (cost=0.00..81003.12 rows=1651375 width=4) (actual time=0.030..1353.624 rows=1663280 loops=1)
        Filter: (keyword_id < 2551)
        Rows Removed by Filter: 2860650
  ->  Hash  (cost=67604.59..67604.59 rows=7437 width=4) (actual time=1107.930..1107.930 rows=13736 loops=1)
        Buckets: 16384 (originally 8192)  Batches: 1 (originally 1)  Memory Usage: 611kB
        ->  Seq Scan on title t  (cost=0.00..67604.59 rows=7437 width=4) (actual time=0.025..1101.214 rows=13736 loops=1)
              Filter: (production_year = 1974)
              Rows Removed by Filter: 2514576
Planning time: 0.727 ms
Execution time: 2753.504 ms
