Seq Scan on movie_companies mc  (cost=0.00..51404.11 rows=1008128 width=0) (actual time=0.019..859.400 rows=1009779 loops=1)
  Filter: (company_id < 4976)
  Rows Removed by Filter: 1599350
Planning time: 0.722 ms
Execution time: 980.021 ms
