Hash Join  (cost=197566.41..242575.01 rows=426412 width=0) (actual time=4389.848..5652.253 rows=700689 loops=1)
  Hash Cond: (mi_idx.movie_id = t.id)
  ->  Seq Scan on movie_info_idx mi_idx  (cost=0.00..21735.35 rows=1380035 width=4) (actual time=0.022..410.966 rows=1380035 loops=1)
  ->  Hash  (cost=184748.40..184748.40 rows=781281 width=8) (actual time=4388.794..4388.794 rows=572094 loops=1)
        Buckets: 131072  Batches: 16  Memory Usage: 2413kB
        ->  Hash Join  (cost=98137.04..184748.40 rows=781281 width=8) (actual time=2347.415..4220.191 rows=572094 loops=1)
              Hash Cond: (mc.movie_id = t.id)
              ->  Seq Scan on movie_companies mc  (cost=0.00..57926.93 rows=1061523 width=4) (actual time=375.927..1183.902 rows=1194521 loops=1)
                    Filter: ((company_id > 483) AND (company_type_id = 2))
                    Rows Removed by Filter: 1414608
              ->  Hash  (cost=67604.59..67604.59 rows=1860996 width=4) (actual time=1970.663..1970.663 rows=1865487 loops=1)
                    Buckets: 131072  Batches: 32  Memory Usage: 3079kB
                    ->  Seq Scan on title t  (cost=0.00..67604.59 rows=1860996 width=4) (actual time=0.034..1368.190 rows=1865487 loops=1)
                          Filter: (kind_id > 1)
                          Rows Removed by Filter: 662825
Planning time: 1.666 ms
Execution time: 5737.029 ms
