Seq Scan on movie_companies mc  (cost=0.00..57926.93 rows=1052293 width=0) (actual time=0.023..1111.759 rows=1193774 loops=1)
  Filter: ((company_id > 531) AND (company_type_id > 1))
  Rows Removed by Filter: 1415355
Planning time: 0.338 ms
Execution time: 1254.210 ms
