Seq Scan on movie_companies mc  (cost=0.00..51404.11 rows=240662 width=0) (actual time=537.641..797.268 rows=243248 loops=1)
  Filter: (company_id > 102383)
  Rows Removed by Filter: 2365881
Planning time: 0.312 ms
Execution time: 828.077 ms
