Hash Join  (cost=212476.49..357049.04 rows=1852551 width=0) (actual time=12886.474..22941.930 rows=7804892 loops=1)
  Hash Cond: (mk.movie_id = t.id)
  ->  Seq Scan on movie_keyword mk  (cost=0.00..69693.30 rows=4523930 width=4) (actual time=0.014..4702.059 rows=4523930 loops=1)
  ->  Hash  (cost=195488.58..195488.58 rows=1035433 width=8) (actual time=12885.371..12885.371 rows=1178145 loops=1)
        Buckets: 131072  Batches: 16  Memory Usage: 3911kB
        ->  Hash Join  (cost=102767.86..195488.58 rows=1035433 width=8) (actual time=7688.518..12424.819 rows=1178145 loops=1)
              Hash Cond: (mc.movie_id = t.id)
              ->  Seq Scan on movie_companies mc  (cost=0.00..57926.93 rows=1035433 width=4) (actual time=1290.725..3738.400 rows=1178145 loops=1)
                    Filter: ((company_id > 620) AND (company_type_id = 2))
                    Rows Removed by Filter: 1430984
              ->  Hash  (cost=61283.27..61283.27 rows=2528527 width=4) (actual time=6396.564..6396.564 rows=2528312 loops=1)
                    Buckets: 131072  Batches: 64  Memory Usage: 2415kB
                    ->  Seq Scan on title t  (cost=0.00..61283.27 rows=2528527 width=4) (actual time=0.031..4489.490 rows=2528312 loops=1)
Planning time: 1.279 ms
Execution time: 24029.570 ms
