Hash Join  (cost=347561.72..1119189.45 rows=22169309 width=0) (actual time=8170.766..66032.512 rows=195692396 loops=1)
  Hash Cond: (mi.movie_id = t.id)
  ->  Seq Scan on movie_info mi  (cost=0.00..309384.22 rows=14739122 width=4) (actual time=0.022..6499.193 rows=14835720 loops=1)
  ->  Hash  (cost=285164.84..285164.84 rows=3803191 width=8) (actual time=8168.604..8168.604 rows=3799244 loops=1)
        Buckets: 131072  Batches: 64  Memory Usage: 3448kB
        ->  Hash Join  (cost=102767.86..285164.84 rows=3803191 width=8) (actual time=2050.285..7037.301 rows=3799244 loops=1)
              Hash Cond: (mk.movie_id = t.id)
              ->  Seq Scan on movie_keyword mk  (cost=0.00..81003.12 rows=3803191 width=4) (actual time=0.020..1763.432 rows=3799244 loops=1)
                    Filter: (keyword_id < 25881)
                    Rows Removed by Filter: 724686
              ->  Hash  (cost=61283.27..61283.27 rows=2528527 width=4) (actual time=2049.140..2049.140 rows=2528312 loops=1)
                    Buckets: 131072  Batches: 64  Memory Usage: 2425kB
                    ->  Seq Scan on title t  (cost=0.00..61283.27 rows=2528527 width=4) (actual time=0.008..1205.918 rows=2528312 loops=1)
Planning time: 1.191 ms
Execution time: 87258.868 ms
