Hash Join  (cost=757950.42..2236743.56 rows=43775932 width=0) (actual time=58485.256..109294.345 rows=36911673 loops=1)
  Hash Cond: (ci.movie_id = t.id)
  ->  Seq Scan on cast_info ci  (cost=0.00..705507.15 rows=16201301 width=4) (actual time=17191.518..43934.557 rows=16121683 loops=1)
        Filter: (role_id > 2)
        Rows Removed by Filter: 20122661
  ->  Hash  (cost=645861.39..645861.39 rows=6832083 width=8) (actual time=41292.171..41292.171 rows=3282219 loops=1)
        Buckets: 131072  Batches: 128  Memory Usage: 1992kB
        ->  Hash Join  (cost=93155.63..645861.39 rows=6832083 width=8) (actual time=5690.217..40121.740 rows=3282219 loops=1)
              Hash Cond: (mi.movie_id = t.id)
              ->  Seq Scan on movie_info mi  (cost=0.00..309384.22 rows=14739122 width=4) (actual time=0.028..22098.857 rows=14835720 loops=1)
              ->  Hash  (cost=73925.90..73925.90 rows=1172058 width=4) (actual time=5269.707..5269.707 rows=1128906 loops=1)
                    Buckets: 131072  Batches: 16  Memory Usage: 3509kB
                    ->  Seq Scan on title t  (cost=0.00..73925.90 rows=1172058 width=4) (actual time=0.022..4514.467 rows=1128906 loops=1)
                          Filter: ((production_year < 2010) AND (kind_id = 7))
                          Rows Removed by Filter: 1399406
Planning time: 1.179 ms
Execution time: 114519.141 ms
