Nested Loop  (cost=0.43..709673.15 rows=249 width=0) (actual time=2832.741..11341.924 rows=17 loops=1)
  ->  Seq Scan on cast_info ci  (cost=0.00..705507.15 rows=500 width=4) (actual time=2832.605..11341.496 rows=20 loops=1)
        Filter: (person_id = 2635847)
        Rows Removed by Filter: 36244324
  ->  Index Scan using title_pkey on title t  (cost=0.43..8.32 rows=1 width=4) (actual time=0.017..0.017 rows=1 loops=20)
        Index Cond: (id = ci.movie_id)
        Filter: (production_year > 2002)
        Rows Removed by Filter: 0
Planning time: 0.704 ms
Execution time: 11342.041 ms
