Seq Scan on title t  (cost=0.00..73925.90 rows=757566 width=0) (actual time=0.022..3543.064 rows=773297 loops=1)
  Filter: ((kind_id < 4) AND (production_year < 2012))
  Rows Removed by Filter: 1755015
Planning time: 0.378 ms
Execution time: 3683.156 ms
