Seq Scan on title t  (cost=0.00..73925.90 rows=754218 width=0) (actual time=0.013..3935.115 rows=647556 loops=1)
  Filter: ((kind_id > 1) AND (production_year < 2000))
  Rows Removed by Filter: 1880756
Planning time: 0.334 ms
Execution time: 4035.610 ms
