Hash Join  (cost=85838.47..575885.02 rows=2804518 width=0) (actual time=1755.273..29768.756 rows=4192989 loops=1)
  Hash Cond: (mi.movie_id = t.id)
  ->  Seq Scan on movie_info mi  (cost=0.00..346232.03 rows=9767026 width=4) (actual time=87.046..19837.777 rows=9911754 loops=1)
        Filter: (info_type_id > 4)
        Rows Removed by Filter: 4923966
  ->  Hash  (cost=73925.90..73925.90 rows=726045 width=4) (actual time=1666.538..1666.538 rows=628133 loops=1)
        Buckets: 131072  Batches: 16  Memory Usage: 2411kB
        ->  Seq Scan on title t  (cost=0.00..73925.90 rows=726045 width=4) (actual time=0.051..1456.015 rows=628133 loops=1)
              Filter: ((kind_id < 7) AND (production_year > 1985))
              Rows Removed by Filter: 1900179
Planning time: 0.762 ms
Execution time: 30364.610 ms
