Hash Join  (cost=156209.36..241867.43 rows=436661 width=0) (actual time=3685.132..6398.381 rows=1271136 loops=1)
  Hash Cond: (mc.movie_id = t.id)
  ->  Seq Scan on movie_companies mc  (cost=0.00..51404.11 rows=2431294 width=4) (actual time=0.015..1139.049 rows=2428527 loops=1)
        Filter: (company_id > 34)
        Rows Removed by Filter: 180602
  ->  Hash  (cost=148758.81..148758.81 rows=454124 width=8) (actual time=3684.486..3684.486 rows=459925 loops=1)
        Buckets: 131072  Batches: 8  Memory Usage: 3275kB
        ->  Hash Join  (cost=102767.86..148758.81 rows=454124 width=8) (actual time=2290.225..3556.151 rows=459925 loops=1)
              Hash Cond: (mi_idx.movie_id = t.id)
              ->  Seq Scan on movie_info_idx mi_idx  (cost=0.00..25185.44 rows=454124 width=4) (actual time=0.012..486.160 rows=459925 loops=1)
                    Filter: (info_type_id = 100)
                    Rows Removed by Filter: 920110
              ->  Hash  (cost=61283.27..61283.27 rows=2528527 width=4) (actual time=2289.094..2289.094 rows=2528312 loops=1)
                    Buckets: 131072  Batches: 64  Memory Usage: 2415kB
                    ->  Seq Scan on title t  (cost=0.00..61283.27 rows=2528527 width=4) (actual time=0.006..1193.653 rows=2528312 loops=1)
Planning time: 0.723 ms
Execution time: 6554.988 ms
