Seq Scan on movie_keyword mk  (cost=0.00..81003.12 rows=3921 width=0) (actual time=0.906..4206.021 rows=3195 loops=1)
  Filter: (keyword_id = 438)
  Rows Removed by Filter: 4520735
Planning time: 0.343 ms
Execution time: 4207.201 ms
