Hash Join  (cost=101625.48..156190.44 rows=8441 width=0) (actual time=5515.479..8401.933 rows=19790 loops=1)
  Hash Cond: (mc.movie_id = t.id)
  ->  Seq Scan on movie_companies mc  (cost=0.00..51404.11 rows=820383 width=4) (actual time=0.022..2662.285 rows=812591 loops=1)
        Filter: (company_id < 1886)
        Rows Removed by Filter: 1796538
  ->  Hash  (cost=101300.28..101300.28 rows=26016 width=8) (actual time=5515.207..5515.207 rows=20225 loops=1)
        Buckets: 32768  Batches: 1  Memory Usage: 1047kB
        ->  Hash Join  (cost=69928.56..101300.28 rows=26016 width=8) (actual time=3602.504..5506.085 rows=20225 loops=1)
              Hash Cond: (mi_idx.movie_id = t.id)
              ->  Seq Scan on movie_info_idx mi_idx  (cost=0.00..25185.44 rows=464566 width=4) (actual time=0.009..1606.721 rows=459925 loops=1)
                    Filter: (info_type_id = 101)
                    Rows Removed by Filter: 920110
              ->  Hash  (cost=67604.59..67604.59 rows=141598 width=4) (actual time=3601.750..3601.750 rows=141703 loops=1)
                    Buckets: 131072  Batches: 2  Memory Usage: 3511kB
                    ->  Seq Scan on title t  (cost=0.00..67604.59 rows=141598 width=4) (actual time=0.019..3219.330 rows=141703 loops=1)
                          Filter: (production_year = 2010)
                          Rows Removed by Filter: 2386609
Planning time: 1.220 ms
Execution time: 8405.326 ms
