Hash Join  (cost=455941.77..586797.24 rows=726643 width=0) (actual time=8381.867..11745.114 rows=1152610 loops=1)
  Hash Cond: (mk.movie_id = t.id)
  ->  Seq Scan on movie_keyword mk  (cost=0.00..69693.30 rows=4523930 width=4) (actual time=0.013..1344.940 rows=4523930 loops=1)
  ->  Hash  (cost=449278.06..449278.06 rows=406137 width=8) (actual time=8380.772..8380.772 rows=462407 loops=1)
        Buckets: 131072  Batches: 8  Memory Usage: 3283kB
        ->  Hash Join  (cost=78473.92..449278.06 rows=406137 width=8) (actual time=6013.066..7930.128 rows=462407 loops=1)
              Hash Cond: (mi.movie_id = t.id)
              ->  Seq Scan on movie_info mi  (cost=0.00..346232.03 rows=1550064 width=4) (actual time=4609.157..5662.632 rows=1533909 loops=1)
                    Filter: (info_type_id = 3)
                    Rows Removed by Filter: 13301811
              ->  Hash  (cost=67604.59..67604.59 rows=662507 width=4) (actual time=1402.777..1402.777 rows=662065 loops=1)
                    Buckets: 131072  Batches: 16  Memory Usage: 2487kB
                    ->  Seq Scan on title t  (cost=0.00..67604.59 rows=662507 width=4) (actual time=0.035..1177.148 rows=662065 loops=1)
                          Filter: (production_year > 2008)
                          Rows Removed by Filter: 1866247
Planning time: 0.946 ms
Execution time: 11863.800 ms
