Seq Scan on movie_companies mc  (cost=0.00..57926.93 rows=51 width=0) (actual time=884.012..2489.645 rows=5 loops=1)
  Filter: ((company_type_id < 2) AND (company_id = 3699))
  Rows Removed by Filter: 2609124
Planning time: 0.439 ms
Execution time: 2489.743 ms
