Seq Scan on cast_info ci  (cost=0.00..796071.18 rows=219063 width=0) (actual time=9417.142..38040.425 rows=79151 loops=1)
  Filter: ((person_id < 2297712) AND (role_id > 10))
  Rows Removed by Filter: 36165193
Planning time: 0.363 ms
Execution time: 38050.627 ms
