Seq Scan on cast_info ci  (cost=0.00..705507.15 rows=26659148 width=0) (actual time=0.018..36938.654 rows=26708283 loops=1)
  Filter: (person_id < 2752324)
  Rows Removed by Filter: 9536061
Planning time: 0.350 ms
Execution time: 41750.121 ms
