Hash Join  (cost=101868.86..467183.37 rows=65859 width=0) (actual time=4885.430..27744.254 rows=196100 loops=1)
  Hash Cond: (mi.movie_id = t.id)
  ->  Seq Scan on movie_info mi  (cost=0.00..309384.22 rows=14739122 width=4) (actual time=0.015..17969.357 rows=14835720 loops=1)
  ->  Hash  (cost=101727.64..101727.64 rows=11298 width=8) (actual time=4883.629..4883.629 rows=12487 loops=1)
        Buckets: 16384  Batches: 1  Memory Usage: 616kB
        ->  Hash Join  (cost=74700.55..101727.64 rows=11298 width=8) (actual time=3307.711..4877.918 rows=12487 loops=1)
              Hash Cond: (mi_idx.movie_id = t.id)
              ->  Seq Scan on movie_info_idx mi_idx  (cost=0.00..25185.44 rows=460978 width=4) (actual time=0.017..1348.432 rows=459925 loops=1)
                    Filter: (info_type_id = 99)
                    Rows Removed by Filter: 920110
              ->  Hash  (cost=73925.90..73925.90 rows=61972 width=4) (actual time=3307.343..3307.343 rows=53356 loops=1)
                    Buckets: 65536  Batches: 1  Memory Usage: 2388kB
                    ->  Seq Scan on title t  (cost=0.00..73925.90 rows=61972 width=4) (actual time=0.035..3278.680 rows=53356 loops=1)
                          Filter: ((kind_id < 6) AND (production_year = 2011))
                          Rows Removed by Filter: 2474956
Planning time: 3.453 ms
Execution time: 27778.115 ms
