Hash Join  (cost=74745.21..102013.42 rows=35773 width=0) (actual time=3373.999..4943.554 rows=58119 loops=1)
  Hash Cond: (mi_idx.movie_id = t.id)
  ->  Seq Scan on movie_info_idx mi_idx  (cost=0.00..21735.35 rows=1380035 width=4) (actual time=0.009..1121.333 rows=1380035 loops=1)
  ->  Hash  (cost=73925.90..73925.90 rows=65544 width=4) (actual time=3373.304..3373.304 rows=62209 loops=1)
        Buckets: 131072  Batches: 1  Memory Usage: 3212kB
        ->  Seq Scan on title t  (cost=0.00..73925.90 rows=65544 width=4) (actual time=0.027..3339.759 rows=62209 loops=1)
              Filter: ((production_year < 2006) AND (kind_id = 4))
              Rows Removed by Filter: 2466103
Planning time: 0.751 ms
Execution time: 4974.202 ms
