Seq Scan on movie_companies mc  (cost=0.00..57926.93 rows=996975 width=0) (actual time=594.980..2867.490 rows=1274246 loops=1)
  Filter: ((company_id < 71061) AND (company_type_id = 1))
  Rows Removed by Filter: 1334883
Planning time: 2.083 ms
Execution time: 3067.168 ms
