Seq Scan on movie_companies mc  (cost=0.00..51404.11 rows=104 width=0) (actual time=6.130..2433.079 rows=1086 loops=1)
  Filter: (company_id = 11264)
  Rows Removed by Filter: 2608043
Planning time: 0.355 ms
Execution time: 2433.445 ms
