Seq Scan on cast_info ci  (cost=0.00..796071.18 rows=276 width=0) (actual time=4690.041..39093.753 rows=60 loops=1)
  Filter: ((role_id < 3) AND (person_id = 1488270))
  Rows Removed by Filter: 36244284
Planning time: 14.598 ms
Execution time: 39101.968 ms
