Hash Join  (cost=101109.48..465952.23 rows=18682 width=0) (actual time=1566.845..9422.958 rows=134899 loops=1)
  Hash Cond: (mi.movie_id = t.id)
  ->  Seq Scan on movie_info mi  (cost=0.00..309384.22 rows=14739122 width=4) (actual time=0.028..4652.905 rows=14835720 loops=1)
  ->  Hash  (cost=101069.42..101069.42 rows=3205 width=8) (actual time=1566.663..1566.663 rows=5420 loops=1)
        Buckets: 8192 (originally 4096)  Batches: 1 (originally 1)  Memory Usage: 276kB
        ->  Hash Join  (cost=74148.97..101069.42 rows=3205 width=8) (actual time=1008.808..1564.355 rows=5420 loops=1)
              Hash Cond: (mi_idx.movie_id = t.id)
              ->  Seq Scan on movie_info_idx mi_idx  (cost=0.00..25185.44 rows=454124 width=4) (actual time=0.030..459.082 rows=459925 loops=1)
                    Filter: (info_type_id = 100)
                    Rows Removed by Filter: 920110
              ->  Hash  (cost=73925.90..73925.90 rows=17845 width=4) (actual time=1008.590..1008.590 rows=10782 loops=1)
                    Buckets: 32768  Batches: 1  Memory Usage: 636kB
                    ->  Seq Scan on title t  (cost=0.00..73925.90 rows=17845 width=4) (actual time=177.468..1003.934 rows=10782 loops=1)
                          Filter: ((kind_id = 1) AND (production_year = 2003))
                          Rows Removed by Filter: 2517530
Planning time: 1.088 ms
Execution time: 9444.097 ms
