Seq Scan on movie_keyword mk  (cost=0.00..81003.12 rows=3822249 width=0) (actual time=0.022..4465.342 rows=3816440 loops=1)
  Filter: (keyword_id < 26697)
  Rows Removed by Filter: 707490
Planning time: 0.311 ms
Execution time: 5163.627 ms
