Hash Join  (cost=83074.62..833890.58 rows=2681 width=0) (actual time=4162.847..49379.690 rows=36367 loops=1)
  Hash Cond: (ci.movie_id = t.id)
  ->  Seq Scan on cast_info ci  (cost=0.00..614943.12 rows=36225612 width=4) (actual time=0.007..35024.607 rows=36244344 loops=1)
  ->  Hash  (cost=83072.29..83072.29 rows=187 width=8) (actual time=4162.519..4162.519 rows=786 loops=1)
        Buckets: 1024  Batches: 1  Memory Usage: 39kB
        ->  Nested Loop  (cost=0.43..83072.29 rows=187 width=8) (actual time=0.795..4161.718 rows=786 loops=1)
              ->  Seq Scan on movie_keyword mk  (cost=0.00..81003.12 rows=246 width=4) (actual time=0.741..3986.625 rows=851 loops=1)
                    Filter: (keyword_id = 384)
                    Rows Removed by Filter: 4523079
              ->  Index Scan using title_pkey on title t  (cost=0.43..8.40 rows=1 width=4) (actual time=0.203..0.204 rows=1 loops=851)
                    Index Cond: (id = mk.movie_id)
                    Filter: (production_year < 2010)
                    Rows Removed by Filter: 0
Planning time: 14.959 ms
Execution time: 49394.172 ms
