Hash Join  (cost=172551.57..559226.69 rows=359530 width=0) (actual time=9330.150..31022.253 rows=117727 loops=1)
  Hash Cond: (mi.movie_id = t.id)
  ->  Seq Scan on movie_info mi  (cost=0.00..309384.22 rows=14739122 width=4) (actual time=0.014..17047.143 rows=14835720 loops=1)
  ->  Hash  (cost=171780.60..171780.60 rows=61678 width=8) (actual time=9135.448..9135.448 rows=14181 loops=1)
        Buckets: 65536  Batches: 1  Memory Usage: 1066kB
        ->  Hash Join  (cost=74389.43..171780.60 rows=61678 width=8) (actual time=6477.683..9130.366 rows=14181 loops=1)
              Hash Cond: (mk.movie_id = t.id)
              ->  Seq Scan on movie_keyword mk  (cost=0.00..81003.12 rows=4205670 width=4) (actual time=0.020..4384.815 rows=4185086 loops=1)
                    Filter: (keyword_id > 275)
                    Rows Removed by Filter: 338844
              ->  Hash  (cost=73925.90..73925.90 rows=37082 width=4) (actual time=3677.345..3677.345 rows=41935 loops=1)
                    Buckets: 65536  Batches: 1  Memory Usage: 1987kB
                    ->  Seq Scan on title t  (cost=0.00..73925.90 rows=37082 width=4) (actual time=48.517..3657.348 rows=41935 loops=1)
                          Filter: ((kind_id = 7) AND (production_year = 2002))
                          Rows Removed by Filter: 2486377
Planning time: 1.185 ms
Execution time: 31040.253 ms
