Hash Join  (cost=160318.10..287684.31 rows=440218 width=0) (actual time=8196.389..17925.174 rows=7343708 loops=1)
  Hash Cond: (mk.movie_id = t.id)
  ->  Seq Scan on movie_keyword mk  (cost=0.00..69693.30 rows=4523930 width=4) (actual time=0.012..4608.685 rows=4523930 loops=1)
  ->  Hash  (cost=156280.50..156280.50 rows=246048 width=8) (actual time=8195.561..8195.561 rows=311491 loops=1)
        Buckets: 131072 (originally 131072)  Batches: 8 (originally 4)  Memory Usage: 4058kB
        ->  Hash Join  (cost=77838.49..156280.50 rows=246048 width=8) (actual time=2969.636..8024.243 rows=311491 loops=1)
              Hash Cond: (mc.movie_id = t.id)
              ->  Seq Scan on movie_companies mc  (cost=0.00..44881.29 rows=2609129 width=4) (actual time=0.020..3381.014 rows=2609129 loops=1)
              ->  Hash  (cost=73925.90..73925.90 rows=238447 width=4) (actual time=2968.870..2968.870 rows=200165 loops=1)
                    Buckets: 131072  Batches: 4  Memory Usage: 2784kB
                    ->  Seq Scan on title t  (cost=0.00..73925.90 rows=238447 width=4) (actual time=316.557..2884.372 rows=200165 loops=1)
                          Filter: ((production_year > 2006) AND (kind_id = 1))
                          Rows Removed by Filter: 2328147
Planning time: 6.422 ms
Execution time: 19058.876 ms
