Seq Scan on movie_keyword mk  (cost=0.00..81003.12 rows=2142037 width=0) (actual time=0.026..4004.734 rows=2140230 loops=1)
  Filter: (keyword_id > 5477)
  Rows Removed by Filter: 2383700
Planning time: 1.173 ms
Execution time: 4337.575 ms
