Hash Join  (cost=101089.50..495938.51 rows=13331 width=0) (actual time=4045.052..26150.925 rows=75621 loops=1)
  Hash Cond: (mi.movie_id = t.id)
  ->  Seq Scan on movie_info mi  (cost=0.00..346232.03 rows=12928982 width=4) (actual time=0.014..18950.712 rows=12970088 loops=1)
        Filter: (info_type_id < 18)
        Rows Removed by Filter: 1865632
  ->  Hash  (cost=101056.91..101056.91 rows=2607 width=8) (actual time=4044.218..4044.218 rows=5381 loops=1)
        Buckets: 8192 (originally 4096)  Batches: 1 (originally 1)  Memory Usage: 275kB
        ->  Hash Join  (cost=74103.28..101056.91 rows=2607 width=8) (actual time=2740.799..4041.456 rows=5381 loops=1)
              Hash Cond: (mi_idx.movie_id = t.id)
              ->  Seq Scan on movie_info_idx mi_idx  (cost=0.00..25185.44 rows=464566 width=4) (actual time=0.020..1172.742 rows=459925 loops=1)
                    Filter: (info_type_id = 101)
                    Rows Removed by Filter: 920110
              ->  Hash  (cost=73925.90..73925.90 rows=14190 width=4) (actual time=2740.614..2740.614 rows=12208 loops=1)
                    Buckets: 16384  Batches: 1  Memory Usage: 558kB
                    ->  Seq Scan on title t  (cost=0.00..73925.90 rows=14190 width=4) (actual time=0.266..2734.732 rows=12208 loops=1)
                          Filter: ((kind_id < 7) AND (production_year = 1996))
                          Rows Removed by Filter: 2516104
Planning time: 1.613 ms
Execution time: 26167.380 ms
