Hash Join  (cost=272599.66..883449.62 rows=10554716 width=0) (actual time=12711.602..54406.330 rows=13845187 loops=1)
  Hash Cond: (mi.movie_id = t.id)
  ->  Seq Scan on movie_info mi  (cost=0.00..309384.22 rows=14739122 width=4) (actual time=0.016..21411.448 rows=14835720 loops=1)
  ->  Hash  (cost=242893.12..242893.12 rows=1810683 width=8) (actual time=12709.869..12709.869 rows=971246 loops=1)
        Buckets: 131072  Batches: 32  Memory Usage: 2258kB
        ->  Hash Join  (cost=92421.85..242893.12 rows=1810683 width=8) (actual time=5064.128..12361.740 rows=971246 loops=1)
              Hash Cond: (mk.movie_id = t.id)
              ->  Seq Scan on movie_keyword mk  (cost=0.00..81003.12 rows=4061150 width=4) (actual time=0.016..4596.189 rows=4064483 loops=1)
                    Filter: (keyword_id < 38638)
                    Rows Removed by Filter: 459447
              ->  Hash  (cost=73925.90..73925.90 rows=1127356 width=4) (actual time=5060.723..5060.723 rows=1234845 loops=1)
                    Buckets: 131072  Batches: 16  Memory Usage: 3752kB
                    ->  Seq Scan on title t  (cost=0.00..73925.90 rows=1127356 width=4) (actual time=0.021..4365.472 rows=1234845 loops=1)
                          Filter: ((kind_id > 1) AND (production_year > 1997))
                          Rows Removed by Filter: 1293467
Planning time: 8.367 ms
Execution time: 56374.836 ms
