Seq Scan on movie_companies mc  (cost=0.00..51404.11 rows=1360234 width=0) (actual time=0.011..2724.227 rows=1346235 loops=1)
  Filter: (company_id < 11539)
  Rows Removed by Filter: 1262894
Planning time: 0.296 ms
Execution time: 2979.914 ms
