Seq Scan on cast_info ci  (cost=0.00..705507.15 rows=500 width=0) (actual time=14965.879..33248.371 rows=14 loops=1)
  Filter: (person_id = 3557242)
  Rows Removed by Filter: 36244330
Planning time: 0.338 ms
Execution time: 33248.479 ms
