Seq Scan on movie_companies mc  (cost=0.00..57926.93 rows=1097023 width=0) (actual time=0.025..3164.746 rows=875059 loops=1)
  Filter: ((company_id < 76617) AND (company_type_id > 1))
  Rows Removed by Filter: 1734070
Planning time: 2.481 ms
Execution time: 3322.104 ms
