Seq Scan on movie_companies mc  (cost=0.00..51404.11 rows=104 width=0) (actual time=0.250..2065.624 rows=2434 loops=1)
  Filter: (company_id = 13114)
  Rows Removed by Filter: 2606695
Planning time: 0.446 ms
Execution time: 2066.234 ms
