Seq Scan on movie_keyword mk  (cost=0.00..81003.12 rows=540354 width=0) (actual time=0.026..3949.614 rows=536229 loops=1)
  Filter: (keyword_id > 34249)
  Rows Removed by Filter: 3987701
Planning time: 0.333 ms
Execution time: 4072.649 ms
