Seq Scan on title t  (cost=0.00..73925.90 rows=651694 width=0) (actual time=0.015..4038.501 rows=532575 loops=1)
  Filter: ((kind_id > 1) AND (production_year < 1997))
  Rows Removed by Filter: 1995737
Planning time: 0.321 ms
Execution time: 4121.987 ms
