Hash Join  (cost=81417.85..589625.70 rows=2661792 width=0) (actual time=7495.073..36326.142 rows=4368210 loops=1)
  Hash Cond: (mi.movie_id = t.id)
  ->  Seq Scan on movie_info mi  (cost=0.00..309384.22 rows=14739122 width=4) (actual time=0.006..20219.786 rows=14835720 loops=1)
  ->  Hash  (cost=73925.90..73925.90 rows=456636 width=4) (actual time=4825.690..4825.690 rows=330279 loops=1)
        Buckets: 131072  Batches: 8  Memory Usage: 2490kB
        ->  Seq Scan on title t  (cost=0.00..73925.90 rows=456636 width=4) (actual time=0.014..4399.441 rows=330279 loops=1)
              Filter: ((production_year > 1991) AND (kind_id = 1))
              Rows Removed by Filter: 2198033
Planning time: 0.815 ms
Execution time: 36913.582 ms
