Hash Join  (cost=102767.86..285962.74 rows=3836416 width=0) (actual time=7012.169..17193.970 rows=3838851 loops=1)
  Hash Cond: (mk.movie_id = t.id)
  ->  Seq Scan on movie_keyword mk  (cost=0.00..81003.12 rows=3836416 width=4) (actual time=0.015..5259.316 rows=3838851 loops=1)
        Filter: (keyword_id > 562)
        Rows Removed by Filter: 685079
  ->  Hash  (cost=61283.27..61283.27 rows=2528527 width=4) (actual time=7010.767..7010.767 rows=2528312 loops=1)
        Buckets: 131072  Batches: 64  Memory Usage: 2425kB
        ->  Seq Scan on title t  (cost=0.00..61283.27 rows=2528527 width=4) (actual time=0.013..5161.228 rows=2528312 loops=1)
Planning time: 0.745 ms
Execution time: 17786.364 ms
