Hash Join  (cost=72956.84..113704.57 rows=178025 width=0) (actual time=4646.817..7909.833 rows=189650 loops=1)
  Hash Cond: (mi_idx.movie_id = t.id)
  ->  Seq Scan on movie_info_idx mi_idx  (cost=0.00..21735.35 rows=1380035 width=4) (actual time=0.013..1570.773 rows=1380035 loops=1)
  ->  Hash  (cost=67604.59..67604.59 rows=326180 width=4) (actual time=4645.957..4645.957 rows=323245 loops=1)
        Buckets: 131072  Batches: 8  Memory Usage: 2437kB
        ->  Seq Scan on title t  (cost=0.00..67604.59 rows=326180 width=4) (actual time=0.013..3886.500 rows=323245 loops=1)
              Filter: (production_year < 1967)
              Rows Removed by Filter: 2205067
Planning time: 1.052 ms
Execution time: 7935.772 ms
