Hash Join  (cost=78988.28..1189422.67 rows=2989124 width=0) (actual time=5530.709..79729.647 rows=2729651 loops=1)
  Hash Cond: (ci.movie_id = t.id)
  ->  Seq Scan on cast_info ci  (cost=0.00..796071.18 rows=24498658 width=4) (actual time=1317.755..56880.970 rows=24167872 loops=1)
        Filter: ((person_id > 500424) AND (role_id < 8))
        Rows Removed by Filter: 12076472
  ->  Hash  (cost=73925.90..73925.90 rows=308510 width=4) (actual time=4210.767..4210.767 rows=266599 loops=1)
        Buckets: 131072  Batches: 8  Memory Usage: 2191kB
        ->  Seq Scan on title t  (cost=0.00..73925.90 rows=308510 width=4) (actual time=0.030..3706.351 rows=266599 loops=1)
              Filter: ((kind_id < 7) AND (production_year > 2007))
              Rows Removed by Filter: 2261713
Planning time: 0.808 ms
Execution time: 80146.854 ms
