Seq Scan on cast_info ci  (cost=0.00..796071.18 rows=11255874 width=0) (actual time=0.026..42490.639 rows=11547907 loops=1)
  Filter: ((person_id > 266393) AND (role_id > 3))
  Rows Removed by Filter: 24696437
Planning time: 0.342 ms
Execution time: 44516.544 ms
