Nested Loop  (cost=0.43..83072.29 rows=172 width=0) (actual time=1046.884..3037.611 rows=5 loops=1)
  ->  Seq Scan on movie_keyword mk  (cost=0.00..81003.12 rows=246 width=4) (actual time=20.345..3017.024 rows=98 loops=1)
        Filter: (keyword_id = 40542)
        Rows Removed by Filter: 4523832
  ->  Index Scan using title_pkey on title t  (cost=0.43..8.40 rows=1 width=4) (actual time=0.206..0.206 rows=0 loops=98)
        Index Cond: (id = mk.movie_id)
        Filter: (kind_id > 2)
        Rows Removed by Filter: 1
Planning time: 0.710 ms
Execution time: 3037.705 ms
