Hash Join  (cost=174865.45..255183.90 rows=448515 width=0) (actual time=9175.231..14537.516 rows=1541322 loops=1)
  Hash Cond: (mc.movie_id = t.id)
  ->  Seq Scan on movie_companies mc  (cost=0.00..57926.93 rows=1239298 width=4) (actual time=0.020..3722.069 rows=1274246 loops=1)
        Filter: ((company_id < 168777) AND (company_type_id < 2))
        Rows Removed by Filter: 1334883
  ->  Hash  (cost=159851.69..159851.69 rows=915101 width=8) (actual time=9174.462..9174.462 rows=919850 loops=1)
        Buckets: 131072  Batches: 16  Memory Usage: 3269kB
        ->  Hash Join  (cost=102767.86..159851.69 rows=915101 width=8) (actual time=5648.959..8847.735 rows=919850 loops=1)
              Hash Cond: (mi_idx.movie_id = t.id)
              ->  Seq Scan on movie_info_idx mi_idx  (cost=0.00..25185.44 rows=915101 width=4) (actual time=0.015..1682.164 rows=919850 loops=1)
                    Filter: (info_type_id < 101)
                    Rows Removed by Filter: 460185
              ->  Hash  (cost=61283.27..61283.27 rows=2528527 width=4) (actual time=5642.186..5642.186 rows=2528312 loops=1)
                    Buckets: 131072  Batches: 64  Memory Usage: 2415kB
                    ->  Seq Scan on title t  (cost=0.00..61283.27 rows=2528527 width=4) (actual time=0.009..4041.778 rows=2528312 loops=1)
Planning time: 1.963 ms
Execution time: 14819.009 ms
