Hash Join  (cost=506868.32..1612767.43 rows=8615160 width=0) (actual time=14600.398..38820.403 rows=10017180 loops=1)
  Hash Cond: (ci.movie_id = t.id)
  ->  Seq Scan on cast_info ci  (cost=0.00..796071.18 rows=18956622 width=4) (actual time=4715.478..17122.911 rows=17832183 loops=1)
        Filter: ((person_id > 1021089) AND (role_id < 5))
        Rows Removed by Filter: 18412161
  ->  Hash  (cost=488015.17..488015.17 rows=1149132 width=8) (actual time=9883.758..9883.758 rows=1141472 loops=1)
        Buckets: 131072  Batches: 16  Memory Usage: 3809kB
        ->  Hash Join  (cost=105067.44..488015.17 rows=1149132 width=8) (actual time=3858.483..9546.155 rows=1141472 loops=1)
              Hash Cond: (mi.movie_id = t.id)
              ->  Seq Scan on movie_info mi  (cost=0.00..346232.03 rows=1272478 width=4) (actual time=1640.042..5634.265 rows=1325361 loops=1)
                    Filter: (info_type_id = 8)
                    Rows Removed by Filter: 13510359
              ->  Hash  (cost=67604.59..67604.59 rows=2283428 width=4) (actual time=2217.614..2217.614 rows=2275262 loops=1)
                    Buckets: 131072  Batches: 32  Memory Usage: 3536kB
                    ->  Seq Scan on title t  (cost=0.00..67604.59 rows=2283428 width=4) (actual time=0.019..1477.603 rows=2275262 loops=1)
                          Filter: (production_year > 1952)
                          Rows Removed by Filter: 253050
Planning time: 1.126 ms
Execution time: 39940.549 ms
