Hash Join  (cost=195658.27..1344412.21 rows=11189977 width=0) (actual time=10064.715..87187.146 rows=24979705 loops=1)
  Hash Cond: (ci.movie_id = t.id)
  ->  Seq Scan on cast_info ci  (cost=0.00..614943.12 rows=36225612 width=4) (actual time=0.024..45113.995 rows=36244344 loops=1)
  ->  Hash  (cost=182844.10..182844.10 rows=781054 width=8) (actual time=10063.718..10063.718 rows=770537 loops=1)
        Buckets: 131072  Batches: 16  Memory Usage: 2898kB
        ->  Hash Join  (cost=102767.86..182844.10 rows=781054 width=8) (actual time=5494.061..9814.358 rows=770537 loops=1)
              Hash Cond: (mc.movie_id = t.id)
              ->  Seq Scan on movie_companies mc  (cost=0.00..51404.11 rows=781054 width=4) (actual time=0.015..2978.681 rows=770537 loops=1)
                    Filter: (company_id < 1639)
                    Rows Removed by Filter: 1838592
              ->  Hash  (cost=61283.27..61283.27 rows=2528527 width=4) (actual time=5493.158..5493.158 rows=2528312 loops=1)
                    Buckets: 131072  Batches: 64  Memory Usage: 2415kB
                    ->  Seq Scan on title t  (cost=0.00..61283.27 rows=2528527 width=4) (actual time=0.013..4269.600 rows=2528312 loops=1)
Planning time: 1.147 ms
Execution time: 90657.389 ms
