Seq Scan on title t  (cost=0.00..73925.90 rows=1449225 width=0) (actual time=0.010..4320.408 rows=1478438 loops=1)
  Filter: ((production_year > 1918) AND (kind_id = 7))
  Rows Removed by Filter: 1049874
Planning time: 0.356 ms
Execution time: 4535.034 ms
