Hash Join  (cost=28268.62..87998.50 rows=15 width=0) (actual time=1991.628..4134.800 rows=858 loops=1)
  Hash Cond: (mc.movie_id = t.id)
  ->  Seq Scan on movie_companies mc  (cost=0.00..57926.93 rows=480744 width=4) (actual time=0.015..2599.140 rows=688757 loops=1)
        Filter: ((company_id < 4406) AND (company_type_id < 2))
        Rows Removed by Filter: 1920372
  ->  Hash  (cost=28267.64..28267.64 rows=79 width=8) (actual time=1432.027..1432.027 rows=74 loops=1)
        Buckets: 1024  Batches: 1  Memory Usage: 11kB
        ->  Nested Loop  (cost=0.43..28267.64 rows=79 width=8) (actual time=201.576..1431.978 rows=74 loops=1)
              ->  Seq Scan on movie_info_idx mi_idx  (cost=0.00..25185.44 rows=368 width=4) (actual time=201.362..1403.481 rows=260 loops=1)
                    Filter: (info_type_id > 101)
                    Rows Removed by Filter: 1379775
              ->  Index Scan using title_pkey on title t  (cost=0.43..8.37 rows=1 width=4) (actual time=0.109..0.109 rows=0 loops=260)
                    Index Cond: (id = mi_idx.movie_id)
                    Filter: ((kind_id < 7) AND (production_year > 2000))
                    Rows Removed by Filter: 1
Planning time: 2.745 ms
Execution time: 4135.071 ms
