Hash Join  (cost=239202.64..332035.76 rows=1289959 width=0) (actual time=13182.080..18224.247 rows=740330 loops=1)
  Hash Cond: (mc.movie_id = t.id)
  ->  Seq Scan on movie_companies mc  (cost=0.00..44881.29 rows=2609129 width=4) (actual time=0.012..2844.804 rows=2609129 loops=1)
  ->  Hash  (cost=218692.26..218692.26 rows=1250110 width=8) (actual time=12763.035..12763.035 rows=313696 loops=1)
        Buckets: 131072  Batches: 32  Memory Usage: 1404kB
        ->  Hash Join  (cost=92883.59..218692.26 rows=1250110 width=8) (actual time=6626.284..12667.687 rows=313696 loops=1)
              Hash Cond: (mk.movie_id = t.id)
              ->  Seq Scan on movie_keyword mk  (cost=0.00..81003.12 rows=2051490 width=4) (actual time=0.027..4898.927 rows=2054602 loops=1)
                    Filter: (keyword_id > 5946)
                    Rows Removed by Filter: 2469328
              ->  Hash  (cost=67604.59..67604.59 rows=1540800 width=4) (actual time=5527.175..5527.175 rows=1543264 loops=1)
                    Buckets: 131072  Batches: 32  Memory Usage: 2728kB
                    ->  Seq Scan on title t  (cost=0.00..67604.59 rows=1540800 width=4) (actual time=0.017..4458.475 rows=1543264 loops=1)
                          Filter: (kind_id = 7)
                          Rows Removed by Filter: 985048
Planning time: 1.167 ms
Execution time: 18325.581 ms
