Hash Join  (cost=114640.51..239236.40 rows=212885 width=0) (actual time=6570.971..12719.097 rows=447627 loops=1)
  Hash Cond: (mk.movie_id = t.id)
  ->  Seq Scan on movie_keyword mk  (cost=0.00..69693.30 rows=4523930 width=4) (actual time=0.024..4116.278 rows=4523930 loops=1)
  ->  Hash  (cost=112688.19..112688.19 rows=118986 width=8) (actual time=6570.153..6570.153 rows=84174 loops=1)
        Buckets: 131072  Batches: 2  Memory Usage: 2671kB
        ->  Hash Join  (cost=78473.92..112688.19 rows=118986 width=8) (actual time=4517.603..6529.417 rows=84174 loops=1)
              Hash Cond: (mi_idx.movie_id = t.id)
              ->  Seq Scan on movie_info_idx mi_idx  (cost=0.00..25185.44 rows=454124 width=4) (actual time=0.013..1638.462 rows=459925 loops=1)
                    Filter: (info_type_id = 100)
                    Rows Removed by Filter: 920110
              ->  Hash  (cost=67604.59..67604.59 rows=662507 width=4) (actual time=4516.325..4516.325 rows=662065 loops=1)
                    Buckets: 131072  Batches: 16  Memory Usage: 2481kB
                    ->  Seq Scan on title t  (cost=0.00..67604.59 rows=662507 width=4) (actual time=0.022..4081.573 rows=662065 loops=1)
                          Filter: (production_year > 2008)
                          Rows Removed by Filter: 1866247
Planning time: 1.189 ms
Execution time: 12789.483 ms
