Hash Join  (cost=163413.95..530220.77 rows=215090 width=0) (actual time=7766.831..31046.475 rows=3676184 loops=1)
  Hash Cond: (mi.movie_id = t.id)
  ->  Seq Scan on movie_info mi  (cost=0.00..309384.22 rows=14739122 width=4) (actual time=0.014..16943.057 rows=14835720 loops=1)
  ->  Hash  (cost=162952.71..162952.71 rows=36899 width=8) (actual time=7746.727..7746.727 rows=67689 loops=1)
        Buckets: 131072 (originally 65536)  Batches: 1 (originally 1)  Memory Usage: 3669kB
        ->  Hash Join  (cost=74547.77..162952.71 rows=36899 width=8) (actual time=3372.054..7717.504 rows=67689 loops=1)
              Hash Cond: (mk.movie_id = t.id)
              ->  Seq Scan on movie_keyword mk  (cost=0.00..81003.12 rows=1875421 width=4) (actual time=0.041..3853.016 rows=1887403 loops=1)
                    Filter: (keyword_id < 3226)
                    Rows Removed by Filter: 2636527
              ->  Hash  (cost=73925.90..73925.90 rows=49749 width=4) (actual time=3371.649..3371.649 rows=44012 loops=1)
                    Buckets: 65536  Batches: 1  Memory Usage: 2060kB
                    ->  Seq Scan on title t  (cost=0.00..73925.90 rows=49749 width=4) (actual time=0.023..3346.469 rows=44012 loops=1)
                          Filter: ((kind_id < 7) AND (production_year = 2009))
                          Rows Removed by Filter: 2484300
Planning time: 1.161 ms
Execution time: 31639.616 ms
