Hash Join  (cost=150654.28..971521.50 rows=363451 width=0) (actual time=30952.270..45726.442 rows=271668 loops=1)
  Hash Cond: (ci.movie_id = t.id)
  ->  Seq Scan on cast_info ci  (cost=0.00..796071.18 rows=1640940 width=4) (actual time=23033.249..37310.844 rows=559827 loops=1)
        Filter: ((person_id < 986953) AND (role_id > 8))
        Rows Removed by Filter: 35684517
  ->  Hash  (cost=141465.74..141465.74 rows=560043 width=8) (actual time=7917.359..7917.359 rows=283812 loops=1)
        Buckets: 131072  Batches: 8  Memory Usage: 2409kB
        ->  Hash Join  (cost=92883.59..141465.74 rows=560043 width=8) (actual time=5487.963..7815.450 rows=283812 loops=1)
              Hash Cond: (mi_idx.movie_id = t.id)
              ->  Seq Scan on movie_info_idx mi_idx  (cost=0.00..25185.44 rows=919057 width=4) (actual time=0.035..1506.164 rows=920110 loops=1)
                    Filter: (info_type_id > 99)
                    Rows Removed by Filter: 459925
              ->  Hash  (cost=67604.59..67604.59 rows=1540800 width=4) (actual time=5336.142..5336.142 rows=1543264 loops=1)
                    Buckets: 131072  Batches: 32  Memory Usage: 2722kB
                    ->  Seq Scan on title t  (cost=0.00..67604.59 rows=1540800 width=4) (actual time=0.018..4292.056 rows=1543264 loops=1)
                          Filter: (kind_id = 7)
                          Rows Removed by Filter: 985048
Planning time: 4.173 ms
Execution time: 45764.411 ms
