Seq Scan on title t  (cost=0.00..67604.59 rows=7437 width=94) (actual time=0.051..1575.164 rows=24917 loops=1)
  Filter: (production_year = 1992)
  Rows Removed by Filter: 2503395
Planning time: 0.620 ms
Execution time: 1577.097 ms
