Hash Join  (cost=78183.26..112296.68 rows=115802 width=0) (actual time=3625.407..5463.854 rows=139984 loops=1)
  Hash Cond: (mi_idx.movie_id = t.id)
  ->  Seq Scan on movie_info_idx mi_idx  (cost=0.00..25185.44 rows=454124 width=4) (actual time=0.023..1419.998 rows=459925 loops=1)
        Filter: (info_type_id = 100)
        Rows Removed by Filter: 920110
  ->  Hash  (cost=67604.59..67604.59 rows=644774 width=4) (actual time=3624.159..3624.159 rows=642973 loops=1)
        Buckets: 131072  Batches: 16  Memory Usage: 2432kB
        ->  Seq Scan on title t  (cost=0.00..67604.59 rows=644774 width=4) (actual time=0.020..3376.219 rows=642973 loops=1)
              Filter: (production_year < 1988)
              Rows Removed by Filter: 1885339
Planning time: 0.665 ms
Execution time: 5481.880 ms
