Seq Scan on cast_info ci  (cost=0.00..796071.18 rows=8992211 width=0) (actual time=0.022..10516.095 rows=10799744 loops=1)
  Filter: ((person_id < 1332216) AND (role_id < 4))
  Rows Removed by Filter: 25444600
Planning time: 0.342 ms
Execution time: 11699.288 ms
