Seq Scan on movie_keyword mk  (cost=0.00..81003.12 rows=4438580 width=0) (actual time=0.009..4252.860 rows=4433914 loops=1)
  Filter: (keyword_id > 76)
  Rows Removed by Filter: 90016
Planning time: 0.316 ms
Execution time: 4998.055 ms
