Nested Loop  (cost=0.43..709674.40 rows=261 width=0) (actual time=12184.434..32208.424 rows=455 loops=1)
  ->  Seq Scan on cast_info ci  (cost=0.00..705507.15 rows=500 width=4) (actual time=12117.346..32064.003 rows=771 loops=1)
        Filter: (person_id = 2225885)
        Rows Removed by Filter: 36243573
  ->  Index Scan using title_pkey on title t  (cost=0.43..8.32 rows=1 width=4) (actual time=0.186..0.187 rows=1 loops=771)
        Index Cond: (id = ci.movie_id)
        Filter: ((production_year > 1964) AND (kind_id = 7))
        Rows Removed by Filter: 0
Planning time: 0.738 ms
Execution time: 32208.656 ms
