Nested Loop  (cost=0.43..748637.54 rows=6038 width=0) (actual time=1094.747..27869.222 rows=2397 loops=1)
  ->  Seq Scan on cast_info ci  (cost=0.00..705507.15 rows=6038 width=4) (actual time=1094.655..27744.473 rows=2397 loops=1)
        Filter: (person_id = 1304809)
        Rows Removed by Filter: 36241947
  ->  Index Only Scan using title_pkey on title t  (cost=0.43..7.13 rows=1 width=4) (actual time=0.051..0.051 rows=1 loops=2397)
        Index Cond: (id = ci.movie_id)
        Heap Fetches: 2397
Planning time: 0.797 ms
Execution time: 27869.849 ms
