Hash Join  (cost=129522.47..939913.57 rows=39501 width=0) (actual time=6691.259..46229.047 rows=17360 loops=1)
  Hash Cond: (ci.movie_id = t.id)
  ->  Seq Scan on cast_info ci  (cost=0.00..796071.18 rows=3713309 width=4) (actual time=0.015..39294.497 rows=650976 loops=1)
        Filter: ((person_id < 1821688) AND (role_id = 2))
        Rows Removed by Filter: 35593368
  ->  Hash  (cost=129186.25..129186.25 rows=26898 width=8) (actual time=6690.874..6690.874 rows=40318 loops=1)
        Buckets: 65536 (originally 32768)  Batches: 1 (originally 1)  Memory Usage: 2087kB
        ->  Hash Join  (cost=74251.74..129186.25 rows=26898 width=8) (actual time=3219.973..6666.962 rows=40318 loops=1)
              Hash Cond: (mc.movie_id = t.id)
              ->  Seq Scan on movie_companies mc  (cost=0.00..44881.29 rows=2609129 width=4) (actual time=0.013..2501.409 rows=2609129 loops=1)
              ->  Hash  (cost=73925.90..73925.90 rows=26067 width=4) (actual time=3219.593..3219.593 rows=27085 loops=1)
                    Buckets: 32768  Batches: 1  Memory Usage: 1209kB
                    ->  Seq Scan on title t  (cost=0.00..73925.90 rows=26067 width=4) (actual time=0.757..3206.851 rows=27085 loops=1)
                          Filter: ((kind_id < 7) AND (production_year > 2012))
                          Rows Removed by Filter: 2501227
Planning time: 1.108 ms
Execution time: 46231.873 ms
