Hash Join  (cost=102767.86..238738.05 rows=1873789 width=0) (actual time=5555.700..12758.495 rows=1881093 loops=1)
  Hash Cond: (mk.movie_id = t.id)
  ->  Seq Scan on movie_keyword mk  (cost=0.00..81003.12 rows=1873789 width=4) (actual time=0.023..4674.689 rows=1881093 loops=1)
        Filter: (keyword_id < 3219)
        Rows Removed by Filter: 2642837
  ->  Hash  (cost=61283.27..61283.27 rows=2528527 width=4) (actual time=5547.641..5547.641 rows=2528312 loops=1)
        Buckets: 131072  Batches: 64  Memory Usage: 2425kB
        ->  Seq Scan on title t  (cost=0.00..61283.27 rows=2528527 width=4) (actual time=0.011..4326.691 rows=2528312 loops=1)
Planning time: 12.559 ms
Execution time: 13056.532 ms
