Nested Loop  (cost=0.43..111570.07 rows=4072 width=0) (actual time=0.224..3446.215 rows=4211 loops=1)
  ->  Seq Scan on movie_keyword mk  (cost=0.00..81003.12 rows=4072 width=4) (actual time=0.164..2943.433 rows=4211 loops=1)
        Filter: (keyword_id = 19735)
        Rows Removed by Filter: 4519719
  ->  Index Only Scan using title_pkey on title t  (cost=0.43..7.50 rows=1 width=4) (actual time=0.117..0.118 rows=1 loops=4211)
        Index Cond: (id = mk.movie_id)
        Heap Fetches: 4211
Planning time: 0.635 ms
Execution time: 3447.610 ms
