Nested Loop  (cost=0.43..52283.69 rows=104 width=0) (actual time=12.666..2775.844 rows=2248 loops=1)
  ->  Seq Scan on movie_companies mc  (cost=0.00..51404.11 rows=104 width=4) (actual time=12.580..2527.395 rows=2248 loops=1)
        Filter: (company_id = 21)
        Rows Removed by Filter: 2606881
  ->  Index Only Scan using title_pkey on title t  (cost=0.43..8.45 rows=1 width=4) (actual time=0.109..0.110 rows=1 loops=2248)
        Index Cond: (id = mc.movie_id)
        Heap Fetches: 2248
Planning time: 4.593 ms
Execution time: 2776.501 ms
