Hash Join  (cost=161677.83..915042.08 rows=257512 width=0) (actual time=8600.332..60682.444 rows=2663444 loops=1)
  Hash Cond: (ci.movie_id = t.id)
  ->  Seq Scan on cast_info ci  (cost=0.00..614943.12 rows=36225612 width=4) (actual time=0.012..37827.170 rows=36244344 loops=1)
  ->  Hash  (cost=161453.15..161453.15 rows=17974 width=8) (actual time=8599.719..8599.719 rows=32328 loops=1)
        Buckets: 32768  Batches: 1  Memory Usage: 1519kB
        ->  Hash Join  (cost=74281.64..161453.15 rows=17974 width=8) (actual time=3281.657..8578.622 rows=32328 loops=1)
              Hash Cond: (mk.movie_id = t.id)
              ->  Seq Scan on movie_keyword mk  (cost=0.00..81003.12 rows=1596972 width=4) (actual time=0.022..4889.866 rows=1606189 loops=1)
                    Filter: (keyword_id < 2488)
                    Rows Removed by Filter: 2917741
              ->  Hash  (cost=73925.90..73925.90 rows=28459 width=4) (actual time=3254.738..3254.738 rows=16117 loops=1)
                    Buckets: 32768  Batches: 1  Memory Usage: 823kB
                    ->  Seq Scan on title t  (cost=0.00..73925.90 rows=28459 width=4) (actual time=0.044..3246.474 rows=16117 loops=1)
                          Filter: ((kind_id = 1) AND (production_year = 2006))
                          Rows Removed by Filter: 2512195
Planning time: 1.131 ms
Execution time: 61213.456 ms
