Hash Join  (cost=83074.74..141749.28 rows=189 width=0) (actual time=1289.853..2461.881 rows=987 loops=1)
  Hash Cond: (mc.movie_id = t.id)
  ->  Seq Scan on movie_companies mc  (cost=0.00..51404.11 rows=1938275 width=4) (actual time=0.028..909.704 rows=1933314 loops=1)
        Filter: (company_id < 49462)
        Rows Removed by Filter: 675815
  ->  Hash  (cost=83071.67..83071.67 rows=246 width=8) (actual time=1289.290..1289.290 rows=89 loops=1)
        Buckets: 1024  Batches: 1  Memory Usage: 12kB
        ->  Nested Loop  (cost=0.43..83071.67 rows=246 width=8) (actual time=54.007..1289.164 rows=89 loops=1)
              ->  Seq Scan on movie_keyword mk  (cost=0.00..81003.12 rows=246 width=4) (actual time=53.911..1284.770 rows=89 loops=1)
                    Filter: (keyword_id = 6062)
                    Rows Removed by Filter: 4523841
              ->  Index Only Scan using title_pkey on title t  (cost=0.43..8.40 rows=1 width=4) (actual time=0.043..0.044 rows=1 loops=89)
                    Index Cond: (id = mk.movie_id)
                    Heap Fetches: 89
Planning time: 0.879 ms
Execution time: 2462.184 ms
