Hash Join  (cost=102767.86..285773.99 rows=3828493 width=0) (actual time=5231.159..13461.342 rows=3831419 loops=1)
  Hash Cond: (mk.movie_id = t.id)
  ->  Seq Scan on movie_keyword mk  (cost=0.00..81003.12 rows=3828493 width=4) (actual time=0.024..4763.820 rows=3831419 loops=1)
        Filter: (keyword_id > 571)
        Rows Removed by Filter: 692511
  ->  Hash  (cost=61283.27..61283.27 rows=2528527 width=4) (actual time=5226.390..5226.390 rows=2528312 loops=1)
        Buckets: 131072  Batches: 64  Memory Usage: 2425kB
        ->  Seq Scan on title t  (cost=0.00..61283.27 rows=2528527 width=4) (actual time=0.021..3989.538 rows=2528312 loops=1)
Planning time: 4.687 ms
Execution time: 13916.054 ms
