Seq Scan on movie_keyword mk  (cost=0.00..81003.12 rows=2658605 width=0) (actual time=0.018..1442.923 rows=2651726 loops=1)
  Filter: (keyword_id < 7347)
  Rows Removed by Filter: 1872204
Planning time: 0.312 ms
Execution time: 1754.891 ms
