Hash Join  (cost=128708.54..837599.67 rows=2405 width=0) (actual time=5812.854..13431.551 rows=5323 loops=1)
  Hash Cond: (ci.movie_id = t.id)
  ->  Seq Scan on cast_info ci  (cost=0.00..705507.15 rows=895980 width=4) (actual time=4399.812..11865.272 rows=898389 loops=1)
        Filter: (role_id = 5)
        Rows Removed by Filter: 35345955
  ->  Hash  (cost=128623.72..128623.72 rows=6786 width=8) (actual time=1411.868..1411.868 rows=5733 loops=1)
        Buckets: 8192  Batches: 1  Memory Usage: 288kB
        ->  Nested Loop  (cost=0.43..128623.72 rows=6786 width=8) (actual time=0.372..1408.390 rows=5733 loops=1)
              ->  Seq Scan on movie_keyword mk  (cost=0.00..81003.12 rows=6786 width=4) (actual time=0.291..1248.930 rows=5733 loops=1)
                    Filter: (keyword_id = 249)
                    Rows Removed by Filter: 4518197
              ->  Index Only Scan using title_pkey on title t  (cost=0.43..7.01 rows=1 width=4) (actual time=0.027..0.027 rows=1 loops=5733)
                    Index Cond: (id = mk.movie_id)
                    Heap Fetches: 5733
Planning time: 4.612 ms
Execution time: 13432.682 ms
