Nested Loop  (cost=0.43..799704.37 rows=136 width=0) (actual time=17503.003..30410.459 rows=3 loops=1)
  ->  Seq Scan on cast_info ci  (cost=0.00..796071.18 rows=435 width=4) (actual time=6410.896..30398.068 rows=797 loops=1)
        Filter: ((role_id < 10) AND (person_id = 465655))
        Rows Removed by Filter: 36243547
  ->  Index Scan using title_pkey on title t  (cost=0.43..8.34 rows=1 width=4) (actual time=0.015..0.015 rows=0 loops=797)
        Index Cond: (id = ci.movie_id)
        Filter: ((kind_id > 1) AND (production_year < 2001))
        Rows Removed by Filter: 1
Planning time: 15.516 ms
Execution time: 30410.585 ms
