Seq Scan on cast_info ci  (cost=0.00..705507.15 rows=9588344 width=0) (actual time=698.325..29267.042 rows=9556664 loops=1)
  Filter: (person_id > 2750676)
  Rows Removed by Filter: 26687680
Planning time: 0.363 ms
Execution time: 30732.309 ms
