Seq Scan on movie_keyword mk  (cost=0.00..81003.12 rows=933233 width=0) (actual time=0.027..1357.954 rows=939587 loops=1)
  Filter: (keyword_id > 20170)
  Rows Removed by Filter: 3584343
Planning time: 0.322 ms
Execution time: 1475.824 ms
