Hash Join  (cost=100464.49..466140.62 rows=102021 width=0) (actual time=4903.927..24825.130 rows=283445 loops=1)
  Hash Cond: (mi.movie_id = t.id)
  ->  Seq Scan on movie_info mi  (cost=0.00..309384.22 rows=14739122 width=4) (actual time=0.020..15365.541 rows=14835720 loops=1)
  ->  Hash  (cost=100245.71..100245.71 rows=17502 width=8) (actual time=4903.627..4903.627 rows=19289 loops=1)
        Buckets: 32768  Batches: 1  Memory Usage: 1010kB
        ->  Hash Join  (cost=69179.59..100245.71 rows=17502 width=8) (actual time=3212.203..4895.394 rows=19289 loops=1)
              Hash Cond: (mi_idx.movie_id = t.id)
              ->  Seq Scan on movie_info_idx mi_idx  (cost=0.00..25185.44 rows=460978 width=4) (actual time=0.014..1460.699 rows=459925 loops=1)
                    Filter: (info_type_id < 100)
                    Rows Removed by Filter: 920110
              ->  Hash  (cost=67604.59..67604.59 rows=96000 width=4) (actual time=3211.464..3211.464 rows=95005 loops=1)
                    Buckets: 131072  Batches: 2  Memory Usage: 2716kB
                    ->  Seq Scan on title t  (cost=0.00..67604.59 rows=96000 width=4) (actual time=0.015..3134.077 rows=95005 loops=1)
                          Filter: (production_year = 2005)
                          Rows Removed by Filter: 2433307
Planning time: 1.054 ms
Execution time: 24893.285 ms
