Seq Scan on cast_info ci  (cost=0.00..796071.18 rows=20873895 width=0) (actual time=0.019..17020.720 rows=19490479 loops=1)
  Filter: ((person_id < 3308539) AND (role_id > 1))
  Rows Removed by Filter: 16753865
Planning time: 0.368 ms
Execution time: 19460.199 ms
