Nested Loop  (cost=0.43..58375.31 rows=27 width=0) (actual time=77.470..1920.191 rows=450 loops=1)
  ->  Seq Scan on movie_companies mc  (cost=0.00..57926.93 rows=53 width=4) (actual time=77.412..1877.489 rows=656 loops=1)
        Filter: ((company_id = 7939) AND (company_type_id = 2))
        Rows Removed by Filter: 2608473
  ->  Index Scan using title_pkey on title t  (cost=0.43..8.45 rows=1 width=4) (actual time=0.064..0.064 rows=1 loops=656)
        Index Cond: (id = mc.movie_id)
        Filter: (production_year < 2004)
        Rows Removed by Filter: 0
Planning time: 0.792 ms
Execution time: 1920.408 ms
