Hash Join  (cost=166206.12..304501.47 rows=1337332 width=0) (actual time=4499.861..9871.889 rows=6564070 loops=1)
  Hash Cond: (mk.movie_id = t.id)
  ->  Seq Scan on movie_keyword mk  (cost=0.00..69693.30 rows=4523930 width=4) (actual time=0.014..1302.340 rows=4523930 loops=1)
  ->  Hash  (cost=153942.80..153942.80 rows=747465 width=8) (actual time=4499.057..4499.057 rows=832054 loops=1)
        Buckets: 131072  Batches: 16  Memory Usage: 3071kB
        ->  Hash Join  (cost=101489.21..153942.80 rows=747465 width=8) (actual time=2083.243..4247.364 rows=832054 loops=1)
              Hash Cond: (mi_idx.movie_id = t.id)
              ->  Seq Scan on movie_info_idx mi_idx  (cost=0.00..25185.44 rows=915101 width=4) (actual time=0.028..530.184 rows=919850 loops=1)
                    Filter: (info_type_id < 101)
                    Rows Removed by Filter: 460185
              ->  Hash  (cost=67604.59..67604.59 rows=2065330 width=4) (actual time=2082.173..2082.173 rows=2064552 loops=1)
                    Buckets: 131072  Batches: 32  Memory Usage: 3289kB
                    ->  Seq Scan on title t  (cost=0.00..67604.59 rows=2065330 width=4) (actual time=0.013..1427.992 rows=2064552 loops=1)
                          Filter: (production_year < 2011)
                          Rows Removed by Filter: 463760
Planning time: 1.233 ms
Execution time: 10682.648 ms
