Hash Join  (cost=102111.51..856924.35 rows=402360 width=0) (actual time=1816.804..20374.355 rows=629052 loops=1)
  Hash Cond: (ci.movie_id = t.id)
  ->  Seq Scan on cast_info ci  (cost=0.00..614943.12 rows=36225612 width=4) (actual time=0.023..8774.325 rows=36244344 loops=1)
  ->  Hash  (cost=101760.45..101760.45 rows=28085 width=8) (actual time=1816.105..1816.105 rows=35415 loops=1)
        Buckets: 65536 (originally 32768)  Batches: 1 (originally 1)  Memory Usage: 1896kB
        ->  Hash Join  (cost=74569.12..101760.45 rows=28085 width=8) (actual time=1326.355..1803.226 rows=35415 loops=1)
              Hash Cond: (mi_idx.movie_id = t.id)
              ->  Seq Scan on movie_info_idx mi_idx  (cost=0.00..21735.35 rows=1380035 width=4) (actual time=0.020..262.915 rows=1380035 loops=1)
              ->  Hash  (cost=73925.90..73925.90 rows=51457 width=4) (actual time=1209.045..1209.045 rows=34605 loops=1)
                    Buckets: 65536  Batches: 1  Memory Usage: 1729kB
                    ->  Seq Scan on title t  (cost=0.00..73925.90 rows=51457 width=4) (actual time=618.647..1196.537 rows=34605 loops=1)
                          Filter: ((production_year < 2002) AND (kind_id = 4))
                          Rows Removed by Filter: 2493707
Planning time: 1.293 ms
Execution time: 20462.158 ms
