Hash Join  (cost=173249.70..307092.50 rows=1099322 width=0) (actual time=4007.145..8407.120 rows=4579436 loops=1)
  Hash Cond: (mk.movie_id = t.id)
  ->  Seq Scan on movie_keyword mk  (cost=0.00..81003.12 rows=3337722 width=4) (actual time=0.024..1697.066 rows=3331125 loops=1)
        Filter: (keyword_id > 1438)
        Rows Removed by Filter: 1192805
  ->  Hash  (cost=159585.66..159585.66 rows=832803 width=8) (actual time=4006.422..4006.422 rows=864488 loops=1)
        Buckets: 131072  Batches: 16  Memory Usage: 3150kB
        ->  Hash Join  (cost=105357.69..159585.66 rows=832803 width=8) (actual time=2246.184..3778.198 rows=864488 loops=1)
              Hash Cond: (mi_idx.movie_id = t.id)
              ->  Seq Scan on movie_info_idx mi_idx  (cost=0.00..25185.44 rows=915101 width=4) (actual time=0.019..495.557 rows=919850 loops=1)
                    Filter: (info_type_id < 101)
                    Rows Removed by Filter: 460185
              ->  Hash  (cost=67604.59..67604.59 rows=2301128 width=4) (actual time=2245.357..2245.357 rows=2292034 loops=1)
                    Buckets: 131072  Batches: 32  Memory Usage: 3546kB
                    ->  Seq Scan on title t  (cost=0.00..67604.59 rows=2301128 width=4) (actual time=0.018..1484.130 rows=2292034 loops=1)
                          Filter: (production_year > 1949)
                          Rows Removed by Filter: 236278
Planning time: 4.926 ms
Execution time: 8949.898 ms
