Seq Scan on movie_keyword mk  (cost=0.00..81003.12 rows=3873093 width=0) (actual time=0.019..1494.788 rows=3862961 loops=1)
  Filter: (keyword_id < 28444)
  Rows Removed by Filter: 660969
Planning time: 0.305 ms
Execution time: 1948.199 ms
