Seq Scan on movie_companies mc  (cost=0.00..57926.93 rows=51 width=0) (actual time=480.694..953.224 rows=4 loops=1)
  Filter: ((company_type_id < 2) AND (company_id = 4335))
  Rows Removed by Filter: 2609125
Planning time: 0.385 ms
Execution time: 953.316 ms
