Hash Join  (cost=102767.86..245040.30 rows=2135712 width=0) (actual time=2030.389..5532.128 rows=2140181 loops=1)
  Hash Cond: (mk.movie_id = t.id)
  ->  Seq Scan on movie_keyword mk  (cost=0.00..81003.12 rows=2135712 width=4) (actual time=0.030..1562.536 rows=2140181 loops=1)
        Filter: (keyword_id < 3993)
        Rows Removed by Filter: 2383749
  ->  Hash  (cost=61283.27..61283.27 rows=2528527 width=4) (actual time=2029.673..2029.673 rows=2528312 loops=1)
        Buckets: 131072  Batches: 64  Memory Usage: 2425kB
        ->  Seq Scan on title t  (cost=0.00..61283.27 rows=2528527 width=4) (actual time=0.020..1148.263 rows=2528312 loops=1)
Planning time: 0.713 ms
Execution time: 5766.624 ms
