Hash Join  (cost=595449.56..2061059.13 rows=19994424 width=0) (actual time=13205.071..44966.365 rows=10944310 loops=1)
  Hash Cond: (ci.movie_id = t.id)
  ->  Seq Scan on cast_info ci  (cost=0.00..614943.12 rows=36225612 width=4) (actual time=0.016..13119.658 rows=36244344 loops=1)
  ->  Hash  (cost=572552.56..572552.56 rows=1395600 width=8) (actual time=13203.675..13203.675 rows=450268 loops=1)
        Buckets: 131072  Batches: 32  Memory Usage: 1572kB
        ->  Hash Join  (cost=77854.63..572552.56 rows=1395600 width=8) (actual time=1323.381..13068.983 rows=450268 loops=1)
              Hash Cond: (mi.movie_id = t.id)
              ->  Seq Scan on movie_info mi  (cost=0.00..309384.22 rows=14739122 width=4) (actual time=0.020..5845.982 rows=14835720 loops=1)
              ->  Hash  (cost=73925.90..73925.90 rows=239418 width=4) (actual time=1171.906..1171.906 rows=256906 loops=1)
                    Buckets: 131072  Batches: 4  Memory Usage: 3302kB
                    ->  Seq Scan on title t  (cost=0.00..73925.90 rows=239418 width=4) (actual time=0.028..1081.072 rows=256906 loops=1)
                          Filter: ((production_year > 2010) AND (kind_id = 7))
                          Rows Removed by Filter: 2271406
Planning time: 1.181 ms
Execution time: 46113.207 ms
