Seq Scan on title t  (cost=0.00..73925.90 rows=2905 width=0) (actual time=0.023..1093.653 rows=6093 loops=1)
  Filter: ((kind_id < 7) AND (production_year = 1977))
  Rows Removed by Filter: 2522219
Planning time: 0.383 ms
Execution time: 1095.187 ms
