Seq Scan on movie_keyword mk  (cost=0.00..81003.12 rows=246 width=0) (actual time=0.151..1319.128 rows=1145 loops=1)
  Filter: (keyword_id = 16270)
  Rows Removed by Filter: 4522785
Planning time: 0.343 ms
Execution time: 1319.574 ms
