Hash Join  (cost=74459.87..136052.40 rows=43921 width=0) (actual time=1096.126..2556.183 rows=92152 loops=1)
  Hash Cond: (mc.movie_id = t.id)
  ->  Seq Scan on movie_companies mc  (cost=0.00..51404.11 rows=2599790 width=4) (actual time=0.031..906.155 rows=2600638 loops=1)
        Filter: (company_id < 226844)
        Rows Removed by Filter: 8491
  ->  Hash  (cost=73925.90..73925.90 rows=42717 width=4) (actual time=1037.330..1037.330 rows=40813 loops=1)
        Buckets: 65536  Batches: 1  Memory Usage: 1947kB
        ->  Seq Scan on title t  (cost=0.00..73925.90 rows=42717 width=4) (actual time=0.038..1020.393 rows=40813 loops=1)
              Filter: ((production_year > 2003) AND (kind_id = 2))
              Rows Removed by Filter: 2487499
Planning time: 3.551 ms
Execution time: 2568.032 ms
