Seq Scan on movie_companies mc  (cost=0.00..57926.93 rows=51 width=0) (actual time=627.631..914.613 rows=2 loops=1)
  Filter: ((company_type_id < 2) AND (company_id = 58197))
  Rows Removed by Filter: 2609127
Planning time: 0.381 ms
Execution time: 914.701 ms
