Seq Scan on title t  (cost=0.00..73925.90 rows=667472 width=0) (actual time=0.029..1074.073 rows=677535 loops=1)
  Filter: ((kind_id < 3) AND (production_year < 2012))
  Rows Removed by Filter: 1850777
Planning time: 0.321 ms
Execution time: 1157.111 ms
