Hash Join  (cost=73982.55..438902.66 rows=26418 width=0) (actual time=1127.948..8422.638 rows=17501 loops=1)
  Hash Cond: (mi.movie_id = t.id)
  ->  Seq Scan on movie_info mi  (cost=0.00..309384.22 rows=14739122 width=4) (actual time=0.017..4310.862 rows=14835720 loops=1)
  ->  Hash  (cost=73925.90..73925.90 rows=4532 width=4) (actual time=1126.900..1126.900 rows=3303 loops=1)
        Buckets: 8192  Batches: 1  Memory Usage: 181kB
        ->  Seq Scan on title t  (cost=0.00..73925.90 rows=4532 width=4) (actual time=0.057..1125.043 rows=3303 loops=1)
              Filter: ((kind_id = 7) AND (production_year = 1952))
              Rows Removed by Filter: 2525009
Planning time: 0.733 ms
Execution time: 8425.367 ms
