Seq Scan on cast_info ci  (cost=0.00..796071.18 rows=140153 width=0) (actual time=889.425..12781.708 rows=238333 loops=1)
  Filter: ((person_id > 2190696) AND (role_id > 10))
  Rows Removed by Filter: 36006011
Planning time: 0.357 ms
Execution time: 12810.482 ms
