Seq Scan on title t  (cost=0.00..73925.90 rows=931054 width=0) (actual time=0.017..1324.677 rows=852178 loops=1)
  Filter: ((kind_id > 1) AND (production_year < 2004))
  Rows Removed by Filter: 1676134
Planning time: 0.239 ms
Execution time: 1443.912 ms
