Seq Scan on cast_info ci  (cost=0.00..796071.18 rows=3569198 width=0) (actual time=6004.390..13064.892 rows=7169503 loops=1)
  Filter: ((person_id < 980963) AND (role_id < 2))
  Rows Removed by Filter: 29074841
Planning time: 3.949 ms
Execution time: 13982.301 ms
