Hash Join  (cost=102767.86..1062092.73 rows=6374012 width=0) (actual time=2950.295..17941.366 rows=2704983 loops=1)
  Hash Cond: (ci.movie_id = t.id)
  ->  Seq Scan on cast_info ci  (cost=0.00..796071.18 rows=6374012 width=4) (actual time=830.852..13028.926 rows=2704983 loops=1)
        Filter: ((person_id < 946662) AND (role_id > 1))
        Rows Removed by Filter: 33539361
  ->  Hash  (cost=61283.27..61283.27 rows=2528527 width=4) (actual time=2118.286..2118.286 rows=2528312 loops=1)
        Buckets: 131072  Batches: 64  Memory Usage: 2415kB
        ->  Seq Scan on title t  (cost=0.00..61283.27 rows=2528527 width=4) (actual time=0.021..1005.749 rows=2528312 loops=1)
Planning time: 0.734 ms
Execution time: 18243.024 ms
