Seq Scan on cast_info ci  (cost=0.00..705507.15 rows=34967196 width=0) (actual time=0.022..13803.530 rows=34961010 loops=1)
  Filter: (person_id < 3813446)
  Rows Removed by Filter: 1283334
Planning time: 0.322 ms
Execution time: 18055.281 ms
