Hash Join  (cost=82257.13..215328.11 rows=908494 width=0) (actual time=1688.322..5580.648 rows=2619657 loops=1)
  Hash Cond: (mk.movie_id = t.id)
  ->  Seq Scan on movie_keyword mk  (cost=0.00..69693.30 rows=4523930 width=4) (actual time=0.011..1517.086 rows=4523930 loops=1)
  ->  Hash  (cost=73925.90..73925.90 rows=507778 width=4) (actual time=1416.180..1416.180 rows=524129 loops=1)
        Buckets: 131072  Batches: 8  Memory Usage: 3348kB
        ->  Seq Scan on title t  (cost=0.00..73925.90 rows=507778 width=4) (actual time=176.350..1234.713 rows=524129 loops=1)
              Filter: ((production_year < 2010) AND (kind_id = 1))
              Rows Removed by Filter: 2004183
Planning time: 0.540 ms
Execution time: 5900.780 ms
