Hash Join  (cost=163116.82..537835.39 rows=135330 width=0) (actual time=4166.859..10228.918 rows=622059 loops=1)
  Hash Cond: (mi.movie_id = t.id)
  ->  Seq Scan on movie_info mi  (cost=0.00..346232.03 rows=7235534 width=4) (actual time=1299.990..5711.850 rows=7286865 loops=1)
        Filter: (info_type_id < 8)
        Rows Removed by Filter: 7548855
  ->  Hash  (cost=162525.67..162525.67 rows=47292 width=8) (actual time=2828.402..2828.402 rows=46222 loops=1)
        Buckets: 65536  Batches: 1  Memory Usage: 2318kB
        ->  Hash Join  (cost=69694.50..162525.67 rows=47292 width=8) (actual time=1098.329..2812.803 rows=46222 loops=1)
              Hash Cond: (mk.movie_id = t.id)
              ->  Seq Scan on movie_keyword mk  (cost=0.00..81003.12 rows=938966 width=4) (actual time=0.043..1369.567 rows=948989 loops=1)
                    Filter: (keyword_id > 20003)
                    Rows Removed by Filter: 3574941
              ->  Hash  (cost=67604.59..67604.59 rows=127353 width=4) (actual time=1097.010..1097.010 rows=128696 loops=1)
                    Buckets: 131072  Batches: 2  Memory Usage: 3290kB
                    ->  Seq Scan on title t  (cost=0.00..67604.59 rows=127353 width=4) (actual time=0.022..1045.227 rows=128696 loops=1)
                          Filter: (production_year = 2009)
                          Rows Removed by Filter: 2399616
Planning time: 6.721 ms
Execution time: 10309.297 ms
