Hash Join  (cost=237395.15..1608578.78 rows=28434545 width=0) (actual time=5849.242..55529.109 rows=64963938 loops=1)
  Hash Cond: (ci.movie_id = t.id)
  ->  Seq Scan on cast_info ci  (cost=0.00..614943.12 rows=36225612 width=4) (actual time=0.015..13426.451 rows=36244344 loops=1)
  ->  Hash  (cost=204833.21..204833.21 rows=1984715 width=8) (actual time=5848.556..5848.556 rows=2175302 loops=1)
        Buckets: 131072  Batches: 32  Memory Usage: 3650kB
        ->  Hash Join  (cost=99161.12..204833.21 rows=1984715 width=8) (actual time=2049.677..5210.686 rows=2175302 loops=1)
              Hash Cond: (mc.movie_id = t.id)
              ->  Seq Scan on movie_companies mc  (cost=0.00..44881.29 rows=2609129 width=4) (actual time=0.010..866.675 rows=2609129 loops=1)
              ->  Hash  (cost=67604.59..67604.59 rows=1923403 width=4) (actual time=2048.755..2048.755 rows=1922849 loops=1)
                    Buckets: 131072  Batches: 32  Memory Usage: 3132kB
                    ->  Seq Scan on title t  (cost=0.00..67604.59 rows=1923403 width=4) (actual time=0.022..1428.341 rows=1922849 loops=1)
                          Filter: (production_year < 2010)
                          Rows Removed by Filter: 605463
Planning time: 0.772 ms
Execution time: 62604.811 ms
