Hash Join  (cost=52284.29..138942.81 rows=48 width=0) (actual time=928.285..2854.200 rows=16665 loops=1)
  Hash Cond: (mk.movie_id = t.id)
  ->  Seq Scan on movie_keyword mk  (cost=0.00..69693.30 rows=4523930 width=4) (actual time=0.014..1133.781 rows=4523930 loops=1)
  ->  Hash  (cost=52283.95..52283.95 rows=27 width=8) (actual time=904.054..904.054 rows=603 loops=1)
        Buckets: 1024  Batches: 1  Memory Usage: 32kB
        ->  Nested Loop  (cost=0.43..52283.95 rows=27 width=8) (actual time=122.888..903.648 rows=603 loops=1)
              ->  Seq Scan on movie_companies mc  (cost=0.00..51404.11 rows=104 width=4) (actual time=6.903..859.858 rows=859 loops=1)
                    Filter: (company_id = 862)
                    Rows Removed by Filter: 2608270
              ->  Index Scan using title_pkey on title t  (cost=0.43..8.45 rows=1 width=4) (actual time=0.050..0.050 rows=1 loops=859)
                    Index Cond: (id = mc.movie_id)
                    Filter: (kind_id = 1)
                    Rows Removed by Filter: 0
Planning time: 1.145 ms
Execution time: 2856.553 ms
