Hash Join  (cost=156209.36..255120.73 rows=216914 width=0) (actual time=3285.509..5588.894 rows=878880 loops=1)
  Hash Cond: (mk.movie_id = t.id)
  ->  Seq Scan on movie_keyword mk  (cost=0.00..81003.12 rows=1207761 width=4) (actual time=0.040..1529.779 rows=1204821 loops=1)
        Filter: (keyword_id < 1515)
        Rows Removed by Filter: 3319109
  ->  Hash  (cost=148758.81..148758.81 rows=454124 width=8) (actual time=3284.769..3284.769 rows=459925 loops=1)
        Buckets: 131072  Batches: 8  Memory Usage: 3284kB
        ->  Hash Join  (cost=102767.86..148758.81 rows=454124 width=8) (actual time=1915.674..3146.478 rows=459925 loops=1)
              Hash Cond: (mi_idx.movie_id = t.id)
              ->  Seq Scan on movie_info_idx mi_idx  (cost=0.00..25185.44 rows=454124 width=4) (actual time=0.016..434.115 rows=459925 loops=1)
                    Filter: (info_type_id = 100)
                    Rows Removed by Filter: 920110
              ->  Hash  (cost=61283.27..61283.27 rows=2528527 width=4) (actual time=1913.886..1913.886 rows=2528312 loops=1)
                    Buckets: 131072  Batches: 64  Memory Usage: 2415kB
                    ->  Seq Scan on title t  (cost=0.00..61283.27 rows=2528527 width=4) (actual time=0.021..1091.158 rows=2528312 loops=1)
Planning time: 2.324 ms
Execution time: 5677.464 ms
