Seq Scan on title t  (cost=0.00..73925.90 rows=1303620 width=0) (actual time=0.017..1275.548 rows=1383104 loops=1)
  Filter: ((production_year > 1966) AND (kind_id = 7))
  Rows Removed by Filter: 1145208
Planning time: 0.245 ms
Execution time: 1451.330 ms
