Hash Join  (cost=92883.59..192963.13 rows=420836 width=0) (actual time=2187.232..4051.726 rows=111985 loops=1)
  Hash Cond: (mk.movie_id = t.id)
  ->  Seq Scan on movie_keyword mk  (cost=0.00..81003.12 rows=690612 width=4) (actual time=0.022..1292.118 rows=695973 loops=1)
        Filter: (keyword_id > 27077)
        Rows Removed by Filter: 3827957
  ->  Hash  (cost=67604.59..67604.59 rows=1540800 width=4) (actual time=2186.280..2186.280 rows=1543264 loops=1)
        Buckets: 131072  Batches: 32  Memory Usage: 2728kB
        ->  Seq Scan on title t  (cost=0.00..67604.59 rows=1540800 width=4) (actual time=0.029..1370.641 rows=1543264 loops=1)
              Filter: (kind_id = 7)
              Rows Removed by Filter: 985048
Planning time: 2.094 ms
Execution time: 4064.029 ms
