Hash Join  (cost=102767.86..479087.17 rows=839833 width=0) (actual time=5796.357..8602.505 rows=885922 loops=1)
  Hash Cond: (mi.movie_id = t.id)
  ->  Seq Scan on movie_info mi  (cost=0.00..346232.03 rows=839833 width=4) (actual time=3692.089..5278.642 rows=885922 loops=1)
        Filter: (info_type_id > 96)
        Rows Removed by Filter: 13949798
  ->  Hash  (cost=61283.27..61283.27 rows=2528527 width=4) (actual time=2097.994..2097.994 rows=2528312 loops=1)
        Buckets: 131072  Batches: 64  Memory Usage: 2425kB
        ->  Seq Scan on title t  (cost=0.00..61283.27 rows=2528527 width=4) (actual time=0.021..1202.305 rows=2528312 loops=1)
Planning time: 0.755 ms
Execution time: 8705.002 ms
