Hash Join  (cost=79715.42..200964.92 rows=418552 width=0) (actual time=1548.543..4476.731 rows=126760 loops=1)
  Hash Cond: (mk.movie_id = t.id)
  ->  Seq Scan on movie_keyword mk  (cost=0.00..81003.12 rows=2999428 width=4) (actual time=0.021..1678.884 rows=2986860 loops=1)
        Filter: (keyword_id > 2242)
        Rows Removed by Filter: 1537070
  ->  Hash  (cost=73925.90..73925.90 rows=352841 width=4) (actual time=1543.643..1543.643 rows=371999 loops=1)
        Buckets: 131072  Batches: 8  Memory Usage: 2671kB
        ->  Seq Scan on title t  (cost=0.00..73925.90 rows=352841 width=4) (actual time=0.021..1175.858 rows=371999 loops=1)
              Filter: ((kind_id > 3) AND (production_year > 2009))
              Rows Removed by Filter: 2156313
Planning time: 0.692 ms
Execution time: 4492.273 ms
