Hash Join  (cost=121838.37..487133.06 rows=63876 width=0) (actual time=1058.407..5950.324 rows=168036 loops=1)
  Hash Cond: (mi.movie_id = t.id)
  ->  Seq Scan on movie_info mi  (cost=0.00..309384.22 rows=14739122 width=4) (actual time=0.015..2555.851 rows=14835720 loops=1)
  ->  Hash  (cost=121701.40..121701.40 rows=10958 width=8) (actual time=1056.065..1056.065 rows=10667 loops=1)
        Buckets: 16384  Batches: 1  Memory Usage: 545kB
        ->  Nested Loop  (cost=0.43..121701.40 rows=10958 width=8) (actual time=0.155..1050.851 rows=10667 loops=1)
              ->  Seq Scan on movie_companies mc  (cost=0.00..51404.11 rows=10958 width=4) (actual time=0.066..805.911 rows=10667 loops=1)
                    Filter: (company_id = 11)
                    Rows Removed by Filter: 2598462
              ->  Index Only Scan using title_pkey on title t  (cost=0.43..6.41 rows=1 width=4) (actual time=0.022..0.022 rows=1 loops=10667)
                    Index Cond: (id = mc.movie_id)
                    Heap Fetches: 10667
Planning time: 1.836 ms
Execution time: 5965.644 ms
