Hash Join  (cost=194477.32..1206569.66 rows=3591804 width=0) (actual time=4059.601..29300.590 rows=4310501 loops=1)
  Hash Cond: (ci.movie_id = t.id)
  ->  Seq Scan on cast_info ci  (cost=0.00..796071.18 rows=15376832 width=4) (actual time=92.630..16060.863 rows=16758537 loops=1)
        Filter: ((person_id < 1733355) AND (role_id < 10))
        Rows Removed by Filter: 19485807
  ->  Hash  (cost=184786.48..184786.48 rows=590627 width=8) (actual time=3966.186..3966.186 rows=376484 loops=1)
        Buckets: 131072  Batches: 8  Memory Usage: 2859kB
        ->  Hash Join  (cost=102767.86..184786.48 rows=590627 width=8) (actual time=2438.048..3850.968 rows=376484 loops=1)
              Hash Cond: (mc.movie_id = t.id)
              ->  Seq Scan on movie_companies mc  (cost=0.00..57926.93 rows=590627 width=4) (actual time=388.936..1012.597 rows=376484 loops=1)
                    Filter: ((company_id < 9190) AND (company_type_id = 2))
                    Rows Removed by Filter: 2232645
              ->  Hash  (cost=61283.27..61283.27 rows=2528527 width=4) (actual time=2047.817..2047.817 rows=2528312 loops=1)
                    Buckets: 131072  Batches: 64  Memory Usage: 2415kB
                    ->  Seq Scan on title t  (cost=0.00..61283.27 rows=2528527 width=4) (actual time=0.025..1193.761 rows=2528312 loops=1)
Planning time: 1.193 ms
Execution time: 29775.286 ms
