Seq Scan on cast_info ci  (cost=0.00..796071.18 rows=11894993 width=0) (actual time=0.025..15898.428 rows=12670688 loops=1)
  Filter: ((person_id < 3591592) AND (role_id = 1))
  Rows Removed by Filter: 23573656
Planning time: 0.342 ms
Execution time: 17332.635 ms
