Seq Scan on cast_info ci  (cost=0.00..796071.18 rows=10366180 width=0) (actual time=0.020..14364.264 rows=13607869 loops=1)
  Filter: ((person_id < 1857086) AND (role_id < 3))
  Rows Removed by Filter: 22636475
Planning time: 0.366 ms
Execution time: 16010.275 ms
