Hash Join  (cost=796985.39..851651.34 rows=44 width=0) (actual time=13271.468..14093.956 rows=5 loops=1)
  Hash Cond: (mc.movie_id = t.id)
  ->  Seq Scan on movie_companies mc  (cost=0.00..44881.29 rows=2609129 width=4) (actual time=0.015..705.295 rows=2609129 loops=1)
  ->  Hash  (cost=796984.86..796984.86 rows=42 width=8) (actual time=12925.066..12925.066 rows=4 loops=1)
        Buckets: 1024  Batches: 1  Memory Usage: 9kB
        ->  Nested Loop  (cost=0.43..796984.86 rows=42 width=8) (actual time=5529.120..12925.039 rows=4 loops=1)
              ->  Seq Scan on cast_info ci  (cost=0.00..796071.18 rows=108 width=4) (actual time=5529.021..12924.804 rows=4 loops=1)
                    Filter: ((role_id > 6) AND (person_id = 802377))
                    Rows Removed by Filter: 36244340
              ->  Index Scan using title_pkey on title t  (cost=0.43..8.45 rows=1 width=4) (actual time=0.047..0.048 rows=1 loops=4)
                    Index Cond: (id = ci.movie_id)
                    Filter: (kind_id < 7)
Planning time: 1.167 ms
Execution time: 14094.123 ms
