Seq Scan on movie_keyword mk  (cost=0.00..81003.12 rows=2646646 width=0) (actual time=0.008..1137.985 rows=2638181 loops=1)
  Filter: (keyword_id < 7273)
  Rows Removed by Filter: 1885749
Planning time: 0.296 ms
Execution time: 1408.416 ms
