Nested Loop  (cost=0.43..799703.28 rows=170 width=0) (actual time=5850.945..13761.463 rows=10 loops=1)
  ->  Seq Scan on cast_info ci  (cost=0.00..796071.18 rows=435 width=4) (actual time=5850.868..13756.919 rows=272 loops=1)
        Filter: ((role_id < 10) AND (person_id = 1771361))
        Rows Removed by Filter: 36244072
  ->  Index Scan using title_pkey on title t  (cost=0.43..8.34 rows=1 width=4) (actual time=0.016..0.016 rows=0 loops=272)
        Index Cond: (id = ci.movie_id)
        Filter: (kind_id < 7)
        Rows Removed by Filter: 1
Planning time: 3.000 ms
Execution time: 13761.590 ms
