Hash Join  (cost=182171.94..1321968.90 rows=10317979 width=0) (actual time=4038.607..35449.117 rows=8353742 loops=1)
  Hash Cond: (ci.movie_id = t.id)
  ->  Seq Scan on cast_info ci  (cost=0.00..614943.12 rows=36225612 width=4) (actual time=0.015..13241.722 rows=36244344 loops=1)
  ->  Hash  (cost=170355.58..170355.58 rows=720189 width=8) (actual time=4037.405..4037.405 rows=390377 loops=1)
        Buckets: 131072  Batches: 16  Memory Usage: 1972kB
        ->  Hash Join  (cost=85377.17..170355.58 rows=720189 width=8) (actual time=1492.773..3907.020 rows=390377 loops=1)
              Hash Cond: (mc.movie_id = t.id)
              ->  Seq Scan on movie_companies mc  (cost=0.00..44881.29 rows=2609129 width=4) (actual time=0.017..962.205 rows=2609129 loops=1)
              ->  Hash  (cost=73925.90..73925.90 rows=697941 width=4) (actual time=1491.358..1491.358 rows=604056 loops=1)
                    Buckets: 131072  Batches: 16  Memory Usage: 2349kB
                    ->  Seq Scan on title t  (cost=0.00..73925.90 rows=697941 width=4) (actual time=0.034..1296.944 rows=604056 loops=1)
                          Filter: ((kind_id > 4) AND (production_year < 2002))
                          Rows Removed by Filter: 1924256
Planning time: 1.045 ms
Execution time: 36406.089 ms
