Hash Join  (cost=74124.64..132422.93 rows=11369 width=0) (actual time=1046.832..2329.216 rows=11698 loops=1)
  Hash Cond: (mc.movie_id = t.id)
  ->  Seq Scan on movie_companies mc  (cost=0.00..51404.11 rows=1808129 width=4) (actual time=0.011..961.988 rows=1801419 loops=1)
        Filter: (company_id < 29558)
        Rows Removed by Filter: 807710
  ->  Hash  (cost=73925.90..73925.90 rows=15899 width=4) (actual time=1046.599..1046.599 rows=8276 loops=1)
        Buckets: 16384  Batches: 1  Memory Usage: 419kB
        ->  Seq Scan on title t  (cost=0.00..73925.90 rows=15899 width=4) (actual time=647.790..1042.878 rows=8276 loops=1)
              Filter: ((production_year > 2010) AND (kind_id = 3))
              Rows Removed by Filter: 2520036
Planning time: 0.767 ms
Execution time: 2331.477 ms
