Seq Scan on movie_keyword mk  (cost=0.00..81003.12 rows=3651857 width=0) (actual time=0.017..1620.641 rows=3645663 loops=1)
  Filter: (keyword_id > 831)
  Rows Removed by Filter: 878267
Planning time: 0.239 ms
Execution time: 2074.720 ms
