Hash Join  (cost=73929.23..794433.46 rows=421 width=0) (actual time=2214.726..14435.011 rows=398 loops=1)
  Hash Cond: (ci.movie_id = t.id)
  ->  Seq Scan on cast_info ci  (cost=0.00..705507.15 rows=3998100 width=4) (actual time=1120.181..12807.150 rows=4008037 loops=1)
        Filter: (role_id = 3)
        Rows Removed by Filter: 32236307
  ->  Hash  (cost=73925.90..73925.90 rows=266 width=4) (actual time=1071.109..1071.109 rows=668 loops=1)
        Buckets: 1024  Batches: 1  Memory Usage: 32kB
        ->  Seq Scan on title t  (cost=0.00..73925.90 rows=266 width=4) (actual time=0.746..1070.563 rows=668 loops=1)
              Filter: ((kind_id = 2) AND (production_year = 1976))
              Rows Removed by Filter: 2527644
Planning time: 0.752 ms
Execution time: 14435.323 ms
