Hash Join  (cost=102123.10..468431.01 rows=165197 width=0) (actual time=1826.109..9632.518 rows=113469 loops=1)
  Hash Cond: (mi.movie_id = t.id)
  ->  Seq Scan on movie_info mi  (cost=0.00..309384.22 rows=14739122 width=4) (actual time=0.002..4582.091 rows=14835720 loops=1)
  ->  Hash  (cost=101768.85..101768.85 rows=28340 width=8) (actual time=1820.454..1820.454 rows=15120 loops=1)
        Buckets: 32768  Batches: 1  Memory Usage: 847kB
        ->  Hash Join  (cost=74574.97..101768.85 rows=28340 width=8) (actual time=1420.542..1815.619 rows=15120 loops=1)
              Hash Cond: (mi_idx.movie_id = t.id)
              ->  Seq Scan on movie_info_idx mi_idx  (cost=0.00..21735.35 rows=1380035 width=4) (actual time=0.020..295.401 rows=1380035 loops=1)
              ->  Hash  (cost=73925.90..73925.90 rows=51925 width=4) (actual time=1182.101..1182.101 rows=56480 loops=1)
                    Buckets: 65536  Batches: 1  Memory Usage: 2498kB
                    ->  Seq Scan on title t  (cost=0.00..73925.90 rows=51925 width=4) (actual time=361.894..1160.007 rows=56480 loops=1)
                          Filter: ((kind_id = 7) AND (production_year = 2004))
                          Rows Removed by Filter: 2471832
Planning time: 4.351 ms
Execution time: 9647.625 ms
