Hash Join  (cost=122535.74..209331.08 rows=13730 width=0) (actual time=2096.086..3959.731 rows=153856 loops=1)
  Hash Cond: (mk.movie_id = t.id)
  ->  Seq Scan on movie_keyword mk  (cost=0.00..69693.30 rows=4523930 width=4) (actual time=0.023..1060.332 rows=4523930 loops=1)
  ->  Hash  (cost=122439.81..122439.81 rows=7674 width=8) (actual time=2095.179..2095.179 rows=7181 loops=1)
        Buckets: 8192  Batches: 1  Memory Usage: 345kB
        ->  Hash Join  (cost=67697.55..122439.81 rows=7674 width=8) (actual time=998.472..2092.050 rows=7181 loops=1)
              Hash Cond: (mc.movie_id = t.id)
              ->  Seq Scan on movie_companies mc  (cost=0.00..44881.29 rows=2609129 width=4) (actual time=0.021..585.552 rows=2609129 loops=1)
              ->  Hash  (cost=67604.59..67604.59 rows=7437 width=4) (actual time=998.360..998.360 rows=2467 loops=1)
                    Buckets: 8192  Batches: 1  Memory Usage: 151kB
                    ->  Seq Scan on title t  (cost=0.00..67604.59 rows=7437 width=4) (actual time=0.075..997.001 rows=2467 loops=1)
                          Filter: (production_year = 1935)
                          Rows Removed by Filter: 2525845
Planning time: 1.040 ms
Execution time: 3980.278 ms
