Hash Join  (cost=986979.79..1092800.53 rows=1995480 width=0) (actual time=16284.686..19330.400 rows=2782332 loops=1)
  Hash Cond: (mc.movie_id = t.id)
  ->  Seq Scan on movie_companies mc  (cost=0.00..44881.29 rows=2609129 width=4) (actual time=0.022..877.269 rows=2609129 loops=1)
  ->  Hash  (cost=955251.86..955251.86 rows=1933835 width=8) (actual time=16283.513..16283.513 rows=1163626 loops=1)
        Buckets: 131072  Batches: 32  Memory Usage: 2420kB
        ->  Hash Join  (cost=102767.86..955251.86 rows=1933835 width=8) (actual time=2017.974..15933.633 rows=1163626 loops=1)
              Hash Cond: (ci.movie_id = t.id)
              ->  Seq Scan on cast_info ci  (cost=0.00..796071.18 rows=1933835 width=4) (actual time=84.338..12272.541 rows=1163626 loops=1)
                    Filter: ((person_id < 403347) AND (role_id > 2))
                    Rows Removed by Filter: 35080718
              ->  Hash  (cost=61283.27..61283.27 rows=2528527 width=4) (actual time=1932.602..1932.602 rows=2528312 loops=1)
                    Buckets: 131072  Batches: 64  Memory Usage: 2415kB
                    ->  Seq Scan on title t  (cost=0.00..61283.27 rows=2528527 width=4) (actual time=0.025..1039.185 rows=2528312 loops=1)
Planning time: 1.159 ms
Execution time: 19663.735 ms
