Hash Join  (cost=796393.04..1184308.60 rows=167 width=0) (actual time=11170.991..18560.013 rows=229 loops=1)
  Hash Cond: (mi.movie_id = t.id)
  ->  Seq Scan on movie_info mi  (cost=0.00..346232.03 rows=11115165 width=4) (actual time=0.018..6014.490 rows=11210743 loops=1)
        Filter: (info_type_id > 3)
        Rows Removed by Filter: 3624977
  ->  Hash  (cost=796392.56..796392.56 rows=38 width=8) (actual time=11060.372..11060.372 rows=74 loops=1)
        Buckets: 1024  Batches: 1  Memory Usage: 11kB
        ->  Nested Loop  (cost=0.43..796392.56 rows=38 width=8) (actual time=8677.822..11060.339 rows=74 loops=1)
              ->  Seq Scan on cast_info ci  (cost=0.00..796071.18 rows=38 width=4) (actual time=8677.716..11059.449 rows=74 loops=1)
                    Filter: ((person_id = 1014286) AND (role_id = 4))
                    Rows Removed by Filter: 36244270
              ->  Index Only Scan using title_pkey on title t  (cost=0.43..8.45 rows=1 width=4) (actual time=0.011..0.011 rows=1 loops=74)
                    Index Cond: (id = ci.movie_id)
                    Heap Fetches: 74
Planning time: 5.263 ms
Execution time: 18560.182 ms
