Hash Join  (cost=81282.57..588976.76 rows=2613626 width=0) (actual time=1268.801..14435.384 rows=1332417 loops=1)
  Hash Cond: (mi.movie_id = t.id)
  ->  Seq Scan on movie_info mi  (cost=0.00..309384.22 rows=14739122 width=4) (actual time=0.024..5882.442 rows=14835720 loops=1)
  ->  Hash  (cost=73925.90..73925.90 rows=448373 width=4) (actual time=1132.386..1132.386 rows=329492 loops=1)
        Buckets: 131072  Batches: 8  Memory Usage: 2467kB
        ->  Seq Scan on title t  (cost=0.00..73925.90 rows=448373 width=4) (actual time=0.024..1025.189 rows=329492 loops=1)
              Filter: ((production_year < 1992) AND (kind_id = 7))
              Rows Removed by Filter: 2198820
Planning time: 0.859 ms
Execution time: 14599.063 ms
