Hash Join  (cost=263115.61..437140.80 rows=3505533 width=0) (actual time=6374.598..16634.957 rows=27176404 loops=1)
  Hash Cond: (mk.movie_id = t.id)
  ->  Seq Scan on movie_keyword mk  (cost=0.00..81003.12 rows=3397239 width=4) (actual time=0.026..1792.451 rows=3388658 loops=1)
        Filter: (keyword_id > 1258)
        Rows Removed by Filter: 1135272
  ->  Hash  (cost=220309.49..220309.49 rows=2609129 width=8) (actual time=6372.652..6372.652 rows=2609129 loops=1)
        Buckets: 131072  Batches: 64  Memory Usage: 2691kB
        ->  Hash Join  (cost=102767.86..220309.49 rows=2609129 width=8) (actual time=1956.262..5563.894 rows=2609129 loops=1)
              Hash Cond: (mc.movie_id = t.id)
              ->  Seq Scan on movie_companies mc  (cost=0.00..44881.29 rows=2609129 width=4) (actual time=0.011..979.921 rows=2609129 loops=1)
              ->  Hash  (cost=61283.27..61283.27 rows=2528527 width=4) (actual time=1955.418..1955.418 rows=2528312 loops=1)
                    Buckets: 131072  Batches: 64  Memory Usage: 2415kB
                    ->  Seq Scan on title t  (cost=0.00..61283.27 rows=2528527 width=4) (actual time=0.016..1107.102 rows=2528312 loops=1)
Planning time: 1.046 ms
Execution time: 19794.565 ms
