Hash Join  (cost=84175.84..848230.85 rows=987798 width=0) (actual time=8411.407..15885.821 rows=561464 loops=1)
  Hash Cond: (ci.movie_id = t.id)
  ->  Seq Scan on cast_info ci  (cost=0.00..705507.15 rows=3998100 width=4) (actual time=6948.698..12467.526 rows=4008037 loops=1)
        Filter: (role_id = 3)
        Rows Removed by Filter: 32236307
  ->  Hash  (cost=73925.90..73925.90 rows=624715 width=4) (actual time=1461.017..1461.017 rows=501928 loops=1)
        Buckets: 131072  Batches: 16  Memory Usage: 2129kB
        ->  Seq Scan on title t  (cost=0.00..73925.90 rows=624715 width=4) (actual time=0.045..1290.613 rows=501928 loops=1)
              Filter: ((kind_id > 1) AND (production_year < 1996))
              Rows Removed by Filter: 2026384
Planning time: 0.763 ms
Execution time: 15953.736 ms
