Hash Join  (cost=126672.36..252205.69 rows=289829 width=0) (actual time=2578.326..5613.615 rows=207003 loops=1)
  Hash Cond: (mk.movie_id = t.id)
  ->  Seq Scan on movie_keyword mk  (cost=0.00..69693.30 rows=4523930 width=4) (actual time=0.023..1474.507 rows=4523930 loops=1)
  ->  Hash  (cost=124014.46..124014.46 rows=161992 width=8) (actual time=2362.807..2362.807 rows=89977 loops=1)
        Buckets: 131072  Batches: 4  Memory Usage: 1911kB
        ->  Hash Join  (cost=88391.98..124014.46 rows=161992 width=8) (actual time=1686.969..2332.919 rows=89977 loops=1)
              Hash Cond: (mi_idx.movie_id = t.id)
              ->  Seq Scan on movie_info_idx mi_idx  (cost=0.00..25185.44 rows=464566 width=4) (actual time=0.022..485.297 rows=459925 loops=1)
                    Filter: (info_type_id = 101)
                    Rows Removed by Filter: 920110
              ->  Hash  (cost=73925.90..73925.90 rows=881686 width=4) (actual time=1444.222..1444.222 rows=801513 loops=1)
                    Buckets: 131072  Batches: 16  Memory Usage: 2786kB
                    ->  Seq Scan on title t  (cost=0.00..73925.90 rows=881686 width=4) (actual time=190.257..1204.909 rows=801513 loops=1)
                          Filter: ((production_year < 2006) AND (kind_id = 7))
                          Rows Removed by Filter: 1726799
Planning time: 1.106 ms
Execution time: 5641.162 ms
