Seq Scan on movie_companies mc  (cost=0.00..57926.93 rows=802751 width=0) (actual time=0.018..574.258 rows=1102796 loops=1)
  Filter: ((company_id < 17274) AND (company_type_id = 1))
  Rows Removed by Filter: 1506333
Planning time: 0.388 ms
Execution time: 659.189 ms
