Seq Scan on cast_info ci  (cost=0.00..796071.18 rows=2694267 width=0) (actual time=1667.277..15611.522 rows=2701865 loops=1)
  Filter: ((person_id > 50398) AND (role_id = 4))
  Rows Removed by Filter: 33542479
Planning time: 0.373 ms
Execution time: 15948.383 ms
