Hash Join  (cost=74391.93..132219.27 rows=24300 width=0) (actual time=1133.090..2544.494 rows=16475 loops=1)
  Hash Cond: (mc.movie_id = t.id)
  ->  Seq Scan on movie_companies mc  (cost=0.00..51404.11 rows=1648062 width=4) (actual time=0.027..1006.042 rows=1638563 loops=1)
        Filter: (company_id < 17682)
        Rows Removed by Filter: 970566
  ->  Hash  (cost=73925.90..73925.90 rows=37282 width=4) (actual time=1132.600..1132.600 rows=42986 loops=1)
        Buckets: 65536  Batches: 1  Memory Usage: 2024kB
        ->  Seq Scan on title t  (cost=0.00..73925.90 rows=37282 width=4) (actual time=0.004..1114.096 rows=42986 loops=1)
              Filter: ((kind_id > 1) AND (production_year = 1999))
              Rows Removed by Filter: 2485326
Planning time: 0.754 ms
Execution time: 2547.418 ms
