Hash Join  (cost=75292.52..199110.01 rows=148945 width=0) (actual time=1328.600..4080.218 rows=82798 loops=1)
  Hash Cond: (mk.movie_id = t.id)
  ->  Seq Scan on movie_keyword mk  (cost=0.00..69693.30 rows=4523930 width=4) (actual time=0.018..1349.860 rows=4523930 loops=1)
  ->  Hash  (cost=73925.90..73925.90 rows=83249 width=4) (actual time=1327.639..1327.639 rows=101793 loops=1)
        Buckets: 131072  Batches: 2  Memory Usage: 2809kB
        ->  Seq Scan on title t  (cost=0.00..73925.90 rows=83249 width=4) (actual time=0.032..1285.912 rows=101793 loops=1)
              Filter: ((kind_id > 1) AND (production_year = 2007))
              Rows Removed by Filter: 2426519
Planning time: 0.762 ms
Execution time: 4090.913 ms
