Hash Join  (cost=72333.74..128541.55 rows=33004 width=0) (actual time=1078.362..2152.989 rows=55505 loops=1)
  Hash Cond: (mc.movie_id = t.id)
  ->  Seq Scan on movie_companies mc  (cost=0.00..51404.11 rows=289510 width=4) (actual time=0.016..880.763 rows=295705 loops=1)
        Filter: (company_id > 94756)
        Rows Removed by Filter: 2313424
  ->  Hash  (cost=67604.59..67604.59 rows=288252 width=4) (actual time=1077.537..1077.537 rows=285055 loops=1)
        Buckets: 131072  Batches: 4  Memory Usage: 3527kB
        ->  Seq Scan on title t  (cost=0.00..67604.59 rows=288252 width=4) (actual time=0.008..980.499 rows=285055 loops=1)
              Filter: (production_year < 1964)
              Rows Removed by Filter: 2243257
Planning time: 0.751 ms
Execution time: 2160.289 ms
