Hash Join  (cost=102767.86..298785.96 rows=4369291 width=0) (actual time=2451.277..7731.101 rows=4371719 loops=1)
  Hash Cond: (mk.movie_id = t.id)
  ->  Seq Scan on movie_keyword mk  (cost=0.00..81003.12 rows=4369291 width=4) (actual time=0.016..1491.903 rows=4371719 loops=1)
        Filter: (keyword_id < 73656)
        Rows Removed by Filter: 152211
  ->  Hash  (cost=61283.27..61283.27 rows=2528527 width=4) (actual time=2447.601..2447.601 rows=2528312 loops=1)
        Buckets: 131072  Batches: 64  Memory Usage: 2425kB
        ->  Seq Scan on title t  (cost=0.00..61283.27 rows=2528527 width=4) (actual time=0.010..1078.517 rows=2528312 loops=1)
Planning time: 0.561 ms
Execution time: 8209.607 ms
