Hash Join  (cost=149071.55..278041.16 rows=571857 width=0) (actual time=3328.680..7339.434 rows=958346 loops=1)
  Hash Cond: (mk.movie_id = t.id)
  ->  Seq Scan on movie_keyword mk  (cost=0.00..69693.30 rows=4523930 width=4) (actual time=0.030..1466.426 rows=4523930 loops=1)
  ->  Hash  (cost=143827.25..143827.25 rows=319624 width=8) (actual time=3326.605..3326.605 rows=249986 loops=1)
        Buckets: 131072  Batches: 8  Memory Usage: 2254kB
        ->  Hash Join  (cost=102689.68..143827.25 rows=319624 width=8) (actual time=2175.881..3258.186 rows=249986 loops=1)
              Hash Cond: (mi_idx.movie_id = t.id)
              ->  Seq Scan on movie_info_idx mi_idx  (cost=0.00..25185.44 rows=460978 width=4) (actual time=0.022..529.654 rows=459925 loops=1)
                    Filter: (info_type_id = 99)
                    Rows Removed by Filter: 920110
              ->  Hash  (cost=73925.90..73925.90 rows=1753182 width=4) (actual time=2174.498..2174.498 rows=1799905 loops=1)
                    Buckets: 131072  Batches: 32  Memory Usage: 3007kB
                    ->  Seq Scan on title t  (cost=0.00..73925.90 rows=1753182 width=4) (actual time=0.024..1585.321 rows=1799905 loops=1)
                          Filter: ((kind_id > 1) AND (production_year > 1917))
                          Rows Removed by Filter: 728407
Planning time: 1.125 ms
Execution time: 7454.525 ms
