Hash Join  (cost=28268.78..114929.77 rows=295 width=0) (actual time=439.138..2152.541 rows=27622 loops=1)
  Hash Cond: (mk.movie_id = t.id)
  ->  Seq Scan on movie_keyword mk  (cost=0.00..69693.30 rows=4523930 width=4) (actual time=0.010..946.154 rows=4523930 loops=1)
  ->  Hash  (cost=28266.72..28266.72 rows=165 width=8) (actual time=435.187..435.187 rows=192 loops=1)
        Buckets: 1024  Batches: 1  Memory Usage: 16kB
        ->  Nested Loop  (cost=0.43..28266.72 rows=165 width=8) (actual time=157.197..435.087 rows=192 loops=1)
              ->  Seq Scan on movie_info_idx mi_idx  (cost=0.00..25185.44 rows=368 width=4) (actual time=157.139..414.213 rows=260 loops=1)
                    Filter: (info_type_id > 101)
                    Rows Removed by Filter: 1379775
              ->  Index Scan using title_pkey on title t  (cost=0.43..8.36 rows=1 width=4) (actual time=0.079..0.080 rows=1 loops=260)
                    Index Cond: (id = mi_idx.movie_id)
                    Filter: (production_year < 2002)
                    Rows Removed by Filter: 0
Planning time: 3.883 ms
Execution time: 2156.165 ms
