Hash Join  (cost=215833.08..1401142.57 rows=11696979 width=0) (actual time=4806.728..43613.348 rows=29918625 loops=1)
  Hash Cond: (ci.movie_id = t.id)
  ->  Seq Scan on cast_info ci  (cost=0.00..796071.18 rows=23115071 width=4) (actual time=0.020..18112.025 rows=25417024 loops=1)
        Filter: ((person_id < 2742527) AND (role_id < 10))
        Rows Removed by Filter: 10827320
  ->  Hash  (cost=194840.12..194840.12 rows=1279517 width=8) (actual time=4805.572..4805.572 rows=1274246 loops=1)
        Buckets: 131072  Batches: 32  Memory Usage: 2553kB
        ->  Hash Join  (cost=102767.86..194840.12 rows=1279517 width=8) (actual time=2357.822..4436.116 rows=1274246 loops=1)
              Hash Cond: (mc.movie_id = t.id)
              ->  Seq Scan on movie_companies mc  (cost=0.00..51404.11 rows=1279517 width=4) (actual time=388.845..1026.366 rows=1274246 loops=1)
                    Filter: (company_type_id < 2)
                    Rows Removed by Filter: 1334883
              ->  Hash  (cost=61283.27..61283.27 rows=2528527 width=4) (actual time=1967.728..1967.728 rows=2528312 loops=1)
                    Buckets: 131072  Batches: 64  Memory Usage: 2415kB
                    ->  Seq Scan on title t  (cost=0.00..61283.27 rows=2528527 width=4) (actual time=0.017..1140.352 rows=2528312 loops=1)
Planning time: 1.124 ms
Execution time: 47042.252 ms
