Nested Loop  (cost=0.43..83071.67 rows=246 width=0) (actual time=0.543..1184.756 rows=3922 loops=1)
  ->  Seq Scan on movie_keyword mk  (cost=0.00..81003.12 rows=246 width=4) (actual time=0.490..1107.720 rows=3922 loops=1)
        Filter: (keyword_id = 3658)
        Rows Removed by Filter: 4520008
  ->  Index Only Scan using title_pkey on title t  (cost=0.43..8.40 rows=1 width=4) (actual time=0.019..0.019 rows=1 loops=3922)
        Index Cond: (id = mk.movie_id)
        Heap Fetches: 3922
Planning time: 0.768 ms
Execution time: 1185.880 ms
