Seq Scan on cast_info ci  (cost=0.00..796071.18 rows=28038 width=0) (actual time=10498.314..11251.808 rows=181513 loops=1)
  Filter: ((person_id > 3510103) AND (role_id > 10))
  Rows Removed by Filter: 36062831
Planning time: 0.318 ms
Execution time: 11274.540 ms
