Seq Scan on movie_keyword mk  (cost=0.00..81003.12 rows=1684475 width=0) (actual time=0.025..1414.808 rows=1691891 loops=1)
  Filter: (keyword_id < 2632)
  Rows Removed by Filter: 2832039
Planning time: 0.327 ms
Execution time: 1631.092 ms
