Hash Join  (cost=83074.74..447745.01 rows=1434 width=0) (actual time=1058.404..7835.824 rows=62995 loops=1)
  Hash Cond: (mi.movie_id = t.id)
  ->  Seq Scan on movie_info mi  (cost=0.00..309384.22 rows=14739122 width=4) (actual time=0.017..3937.680 rows=14835720 loops=1)
  ->  Hash  (cost=83071.67..83071.67 rows=246 width=8) (actual time=1050.917..1050.917 rows=1339 loops=1)
        Buckets: 2048 (originally 1024)  Batches: 1 (originally 1)  Memory Usage: 69kB
        ->  Nested Loop  (cost=0.43..83071.67 rows=246 width=8) (actual time=5.081..1050.038 rows=1339 loops=1)
              ->  Seq Scan on movie_keyword mk  (cost=0.00..81003.12 rows=246 width=4) (actual time=4.985..988.215 rows=1339 loops=1)
                    Filter: (keyword_id = 4834)
                    Rows Removed by Filter: 4522591
              ->  Index Only Scan using title_pkey on title t  (cost=0.43..8.40 rows=1 width=4) (actual time=0.045..0.045 rows=1 loops=1339)
                    Index Cond: (id = mk.movie_id)
                    Heap Fetches: 1339
Planning time: 1.142 ms
Execution time: 7845.830 ms
