Hash Join  (cost=422968.67..510140.21 rows=51351 width=0) (actual time=6215.746..8091.981 rows=95681 loops=1)
  Hash Cond: (mk.movie_id = t.id)
  ->  Seq Scan on movie_keyword mk  (cost=0.00..69693.30 rows=4523930 width=4) (actual time=0.016..1055.078 rows=4523930 loops=1)
  ->  Hash  (cost=422609.90..422609.90 rows=28701 width=8) (actual time=6214.525..6214.525 rows=10424 loops=1)
        Buckets: 32768  Batches: 1  Memory Usage: 664kB
        ->  Hash Join  (cost=70241.71..422609.90 rows=28701 width=8) (actual time=3855.371..6210.548 rows=10424 loops=1)
              Hash Cond: (mi.movie_id = t.id)
              ->  Seq Scan on movie_info mi  (cost=0.00..346232.03 rows=451508 width=4) (actual time=2702.559..4718.143 rows=474443 loops=1)
                    Filter: (info_type_id = 6)
                    Rows Removed by Filter: 14361277
              ->  Hash  (cost=67604.59..67604.59 rows=160730 width=4) (actual time=1151.916..1151.916 rows=160017 loops=1)
                    Buckets: 131072  Batches: 4  Memory Usage: 2442kB
                    ->  Seq Scan on title t  (cost=0.00..67604.59 rows=160730 width=4) (actual time=0.028..1094.763 rows=160017 loops=1)
                          Filter: (production_year = 2011)
                          Rows Removed by Filter: 2368295
Planning time: 5.283 ms
Execution time: 8104.688 ms
