Hash Join  (cost=77945.24..599689.39 rows=1349604 width=0) (actual time=1189.950..14604.105 rows=636974 loops=1)
  Hash Cond: (mi.movie_id = t.id)
  ->  Seq Scan on movie_info mi  (cost=0.00..346232.03 rows=13929354 width=4) (actual time=0.022..7215.455 rows=14033580 loops=1)
        Filter: (info_type_id > 1)
        Rows Removed by Filter: 802140
  ->  Hash  (cost=73925.90..73925.90 rows=244987 width=4) (actual time=1189.213..1189.213 rows=137824 loops=1)
        Buckets: 131072  Batches: 4  Memory Usage: 2239kB
        ->  Seq Scan on title t  (cost=0.00..73925.90 rows=244987 width=4) (actual time=172.059..1138.551 rows=137824 loops=1)
              Filter: ((production_year < 1972) AND (kind_id = 7))
              Rows Removed by Filter: 2390488
Planning time: 0.790 ms
Execution time: 14678.157 ms
