Hash Join  (cost=156632.57..1239638.90 rows=3909392 width=0) (actual time=3363.502..33914.286 rows=7255874 loops=1)
  Hash Cond: (ci.movie_id = t.id)
  ->  Seq Scan on cast_info ci  (cost=0.00..796071.18 rows=21277930 width=4) (actual time=0.016..18113.395 rows=20148887 loops=1)
        Filter: ((person_id < 3435115) AND (role_id > 1))
        Rows Removed by Filter: 16095457
  ->  Hash  (cost=149010.49..149010.49 rows=464566 width=8) (actual time=3362.649..3362.649 rows=459925 loops=1)
        Buckets: 131072  Batches: 8  Memory Usage: 3275kB
        ->  Hash Join  (cost=102767.86..149010.49 rows=464566 width=8) (actual time=1905.220..3220.218 rows=459925 loops=1)
              Hash Cond: (mi_idx.movie_id = t.id)
              ->  Seq Scan on movie_info_idx mi_idx  (cost=0.00..25185.44 rows=464566 width=4) (actual time=0.031..485.316 rows=459925 loops=1)
                    Filter: (info_type_id = 101)
                    Rows Removed by Filter: 920110
              ->  Hash  (cost=61283.27..61283.27 rows=2528527 width=4) (actual time=1903.599..1903.599 rows=2528312 loops=1)
                    Buckets: 131072  Batches: 64  Memory Usage: 2415kB
                    ->  Seq Scan on title t  (cost=0.00..61283.27 rows=2528527 width=4) (actual time=0.021..1031.810 rows=2528312 loops=1)
Planning time: 1.213 ms
Execution time: 34751.704 ms
