Hash Join  (cost=974416.05..1675826.36 rows=15588567 width=0) (actual time=21103.822..57906.673 rows=96711910 loops=1)
  Hash Cond: (mi.movie_id = t.id)
  ->  Seq Scan on movie_info mi  (cost=0.00..309384.22 rows=14739122 width=4) (actual time=0.025..6468.489 rows=14835720 loops=1)
  ->  Hash  (cost=930540.91..930540.91 rows=2674251 width=8) (actual time=21096.224..21096.224 rows=2931033 loops=1)
        Buckets: 131072  Batches: 64  Memory Usage: 2890kB
        ->  Hash Join  (cost=78556.72..930540.91 rows=2674251 width=8) (actual time=1387.289..20188.907 rows=2931033 loops=1)
              Hash Cond: (ci.movie_id = t.id)
              ->  Seq Scan on cast_info ci  (cost=0.00..705507.15 rows=10129741 width=4) (actual time=0.032..12713.915 rows=10160499 loops=1)
                    Filter: (person_id > 2700054)
                    Rows Removed by Filter: 26083845
              ->  Hash  (cost=67604.59..67604.59 rows=667531 width=4) (actual time=1386.493..1386.493 rows=662825 loops=1)
                    Buckets: 131072  Batches: 16  Memory Usage: 2476kB
                    ->  Seq Scan on title t  (cost=0.00..67604.59 rows=667531 width=4) (actual time=169.836..1177.981 rows=662825 loops=1)
                          Filter: (kind_id = 1)
                          Rows Removed by Filter: 1865487
Planning time: 0.844 ms
Execution time: 68356.947 ms
