Seq Scan on movie_keyword mk  (cost=0.00..81003.12 rows=3663856 width=0) (actual time=0.021..1087.756 rows=3656280 loops=1)
  Filter: (keyword_id < 21227)
  Rows Removed by Filter: 867650
Planning time: 0.229 ms
Execution time: 1420.991 ms
