Hash Join  (cost=82423.69..1193130.10 rows=9480204 width=0) (actual time=3191.769..32621.532 rows=10986724 loops=1)
  Hash Cond: (ci.movie_id = t.id)
  ->  Seq Scan on cast_info ci  (cost=0.00..705507.15 rows=26539792 width=4) (actual time=1736.661..15076.533 rows=26740897 loops=1)
        Filter: (person_id > 934698)
        Rows Removed by Filter: 9503447
  ->  Hash  (cost=67604.59..67604.59 rows=903208 width=4) (actual time=1453.934..1453.934 rows=904491 loops=1)
        Buckets: 131072  Batches: 16  Memory Usage: 3010kB
        ->  Seq Scan on title t  (cost=0.00..67604.59 rows=903208 width=4) (actual time=0.032..1156.955 rows=904491 loops=1)
              Filter: (production_year > 2006)
              Rows Removed by Filter: 1623821
Planning time: 0.813 ms
Execution time: 33757.951 ms
