Hash Join  (cost=98137.04..1357193.24 rows=19931134 width=0) (actual time=1848.371..38940.914 rows=19359256 loops=1)
  Hash Cond: (ci.movie_id = t.id)
  ->  Seq Scan on cast_info ci  (cost=0.00..705507.15 rows=27080343 width=4) (actual time=0.021..15515.520 rows=27097595 loops=1)
        Filter: (person_id < 2784286)
        Rows Removed by Filter: 9146749
  ->  Hash  (cost=67604.59..67604.59 rows=1860996 width=4) (actual time=1847.283..1847.283 rows=1865487 loops=1)
        Buckets: 131072  Batches: 32  Memory Usage: 3079kB
        ->  Seq Scan on title t  (cost=0.00..67604.59 rows=1860996 width=4) (actual time=0.013..1249.589 rows=1865487 loops=1)
              Filter: (kind_id > 1)
              Rows Removed by Filter: 662825
Planning time: 0.831 ms
Execution time: 41206.093 ms
