Hash Join  (cost=140144.19..268701.47 rows=538024 width=0) (actual time=3065.584..6465.021 rows=1835630 loops=1)
  Hash Cond: (mk.movie_id = t.id)
  ->  Seq Scan on movie_keyword mk  (cost=0.00..69693.30 rows=4523930 width=4) (actual time=0.024..1285.525 rows=4523930 loops=1)
  ->  Hash  (cost=135210.27..135210.27 rows=300714 width=8) (actual time=3064.820..3064.820 rows=277936 loops=1)
        Buckets: 131072  Batches: 4  Memory Usage: 3738kB
        ->  Hash Join  (cost=94666.80..135210.27 rows=300714 width=8) (actual time=1798.362..2968.537 rows=277936 loops=1)
              Hash Cond: (mi_idx.movie_id = t.id)
              ->  Seq Scan on movie_info_idx mi_idx  (cost=0.00..25185.44 rows=460978 width=4) (actual time=0.017..544.074 rows=459925 loops=1)
                    Filter: (info_type_id = 99)
                    Rows Removed by Filter: 920110
              ->  Hash  (cost=67604.59..67604.59 rows=1649457 width=4) (actual time=1797.119..1797.119 rows=1643514 loops=1)
                    Buckets: 131072  Batches: 32  Memory Usage: 2831kB
                    ->  Seq Scan on title t  (cost=0.00..67604.59 rows=1649457 width=4) (actual time=0.024..1262.028 rows=1643514 loops=1)
                          Filter: (production_year > 1994)
                          Rows Removed by Filter: 884798
Planning time: 1.688 ms
Execution time: 6682.247 ms
