Hash Join  (cost=449514.42..1456548.37 rows=2350890 width=0) (actual time=12083.530..30952.665 rows=2306072 loops=1)
  Hash Cond: (ci.movie_id = t.id)
  ->  Seq Scan on cast_info ci  (cost=0.00..705507.15 rows=15523989 width=4) (actual time=1718.177..13864.449 rows=15644161 loops=1)
        Filter: (person_id > 2073256)
        Rows Removed by Filter: 20600183
  ->  Hash  (cost=443232.04..443232.04 rows=382910 width=8) (actual time=10363.735..10363.735 rows=174766 loops=1)
        Buckets: 131072  Batches: 8  Memory Usage: 1877kB
        ->  Hash Join  (cost=74747.02..443232.04 rows=382910 width=8) (actual time=1218.290..10112.160 rows=174766 loops=1)
              Hash Cond: (mi.movie_id = t.id)
              ->  Seq Scan on movie_info mi  (cost=0.00..309384.22 rows=14739122 width=4) (actual time=0.021..4714.371 rows=14835720 loops=1)
              ->  Hash  (cost=73925.90..73925.90 rows=65689 width=4) (actual time=1217.595..1217.595 rows=74524 loops=1)
                    Buckets: 131072  Batches: 1  Memory Usage: 3644kB
                    ->  Seq Scan on title t  (cost=0.00..73925.90 rows=65689 width=4) (actual time=0.024..1187.402 rows=74524 loops=1)
                          Filter: ((kind_id = 7) AND (production_year = 2006))
                          Rows Removed by Filter: 2453788
Planning time: 1.256 ms
Execution time: 31196.725 ms
