Seq Scan on cast_info ci  (cost=0.00..705507.15 rows=28401722 width=0) (actual time=0.023..13199.874 rows=28427632 loops=1)
  Filter: (person_id < 2896119)
  Rows Removed by Filter: 7816712
Planning time: 0.368 ms
Execution time: 16731.231 ms
