Hash Join  (cost=83072.49..109983.06 rows=9 width=0) (actual time=1300.045..1848.688 rows=57 loops=1)
  Hash Cond: (mi_idx.movie_id = t.id)
  ->  Seq Scan on movie_info_idx mi_idx  (cost=0.00..21735.35 rows=1380035 width=4) (actual time=0.025..312.946 rows=1380035 loops=1)
  ->  Hash  (cost=83072.29..83072.29 rows=16 width=8) (actual time=1285.976..1285.976 rows=37 loops=1)
        Buckets: 1024  Batches: 1  Memory Usage: 10kB
        ->  Nested Loop  (cost=0.43..83072.29 rows=16 width=8) (actual time=6.514..1285.895 rows=37 loops=1)
              ->  Seq Scan on movie_keyword mk  (cost=0.00..81003.12 rows=246 width=4) (actual time=2.961..1203.743 rows=2223 loops=1)
                    Filter: (keyword_id = 11172)
                    Rows Removed by Filter: 4521707
              ->  Index Scan using title_pkey on title t  (cost=0.43..8.40 rows=1 width=4) (actual time=0.036..0.036 rows=0 loops=2223)
                    Index Cond: (id = mk.movie_id)
                    Filter: (production_year = 2011)
                    Rows Removed by Filter: 1
Planning time: 1.124 ms
Execution time: 1848.846 ms
