Seq Scan on cast_info ci  (cost=0.00..796071.18 rows=4376412 width=0) (actual time=9737.683..14437.662 rows=5240274 loops=1)
  Filter: ((person_id > 871992) AND (role_id > 8))
  Rows Removed by Filter: 31004070
Planning time: 0.340 ms
Execution time: 15067.279 ms
