Nested Loop  (cost=0.43..867323.85 rows=11149 width=136) (actual time=1521.990..17413.682 rows=3194 loops=1)
  ->  Seq Scan on cast_info ci  (cost=0.00..796071.18 rows=11149 width=42) (actual time=1521.943..17324.017 rows=3194 loops=1)
        Filter: ((role_id < 9) AND (person_id = 318300))
        Rows Removed by Filter: 36241150
  ->  Index Scan using title_pkey on title t  (cost=0.43..6.38 rows=1 width=94) (actual time=0.027..0.027 rows=1 loops=3194)
        Index Cond: (id = ci.movie_id)
Planning time: 5.913 ms
Execution time: 17414.060 ms
