Hash Join  (cost=83074.74..109986.57 rows=134 width=0) (actual time=1421.070..1975.152 rows=307 loops=1)
  Hash Cond: (mi_idx.movie_id = t.id)
  ->  Seq Scan on movie_info_idx mi_idx  (cost=0.00..21735.35 rows=1380035 width=4) (actual time=0.023..332.723 rows=1380035 loops=1)
  ->  Hash  (cost=83071.67..83071.67 rows=246 width=8) (actual time=1396.719..1396.719 rows=120 loops=1)
        Buckets: 1024  Batches: 1  Memory Usage: 13kB
        ->  Nested Loop  (cost=0.43..83071.67 rows=246 width=8) (actual time=23.462..1396.554 rows=120 loops=1)
              ->  Seq Scan on movie_keyword mk  (cost=0.00..81003.12 rows=246 width=4) (actual time=23.375..1388.661 rows=120 loops=1)
                    Filter: (keyword_id = 3846)
                    Rows Removed by Filter: 4523810
              ->  Index Only Scan using title_pkey on title t  (cost=0.43..8.40 rows=1 width=4) (actual time=0.060..0.061 rows=1 loops=120)
                    Index Cond: (id = mk.movie_id)
                    Heap Fetches: 120
Planning time: 1.173 ms
Execution time: 1975.338 ms
