Seq Scan on movie_keyword mk  (cost=0.00..81003.12 rows=246 width=0) (actual time=14.278..943.749 rows=106 loops=1)
  Filter: (keyword_id = 25677)
  Rows Removed by Filter: 4523824
Planning time: 0.386 ms
Execution time: 943.899 ms
