Hash Join  (cost=809889.77..2862094.04 rows=80610426 width=0) (actual time=18410.055..81723.776 rows=122040906 loops=1)
  Hash Cond: (ci.movie_id = t.id)
  ->  Seq Scan on cast_info ci  (cost=0.00..705507.15 rows=23499554 width=4) (actual time=0.023..16777.316 rows=23573656 loops=1)
        Filter: (role_id > 1)
        Rows Removed by Filter: 12670688
  ->  Hash  (cost=667587.82..667587.82 rows=8673596 width=8) (actual time=18408.865..18408.865 rows=8786582 loops=1)
        Buckets: 131072  Batches: 128  Memory Usage: 3697kB
        ->  Hash Join  (cost=102767.86..667587.82 rows=8673596 width=8) (actual time=1851.595..16081.022 rows=8786582 loops=1)
              Hash Cond: (mi.movie_id = t.id)
              ->  Seq Scan on movie_info mi  (cost=0.00..346232.03 rows=8673596 width=4) (actual time=0.035..6620.788 rows=8786582 loops=1)
                    Filter: (info_type_id < 13)
                    Rows Removed by Filter: 6049138
              ->  Hash  (cost=61283.27..61283.27 rows=2528527 width=4) (actual time=1850.679..1850.679 rows=2528312 loops=1)
                    Buckets: 131072  Batches: 64  Memory Usage: 2425kB
                    ->  Seq Scan on title t  (cost=0.00..61283.27 rows=2528527 width=4) (actual time=0.027..1004.834 rows=2528312 loops=1)
Planning time: 1.121 ms
Execution time: 94724.101 ms
