Seq Scan on movie_companies mc  (cost=0.00..57926.93 rows=53 width=0) (actual time=0.244..873.026 rows=490 loops=1)
  Filter: ((company_type_id > 1) AND (company_id = 16432))
  Rows Removed by Filter: 2608639
Planning time: 0.403 ms
Execution time: 873.240 ms
