Seq Scan on movie_keyword mk  (cost=0.00..81003.12 rows=246 width=0) (actual time=0.520..1273.684 rows=436 loops=1)
  Filter: (keyword_id = 11769)
  Rows Removed by Filter: 4523494
Planning time: 0.372 ms
Execution time: 1273.998 ms
