Hash Join  (cost=222972.34..1407464.53 rows=10260895 width=0) (actual time=6118.590..57923.955 rows=89720094 loops=1)
  Hash Cond: (ci.movie_id = t.id)
  ->  Seq Scan on cast_info ci  (cost=0.00..614943.12 rows=36225612 width=4) (actual time=0.011..12943.457 rows=36244344 loops=1)
  ->  Hash  (cost=211221.78..211221.78 rows=716205 width=8) (actual time=6117.629..6117.629 rows=2175857 loops=1)
        Buckets: 131072 (originally 131072)  Batches: 32 (originally 16)  Memory Usage: 3642kB
        ->  Hash Join  (cost=80493.69..211221.78 rows=716205 width=8) (actual time=1515.255..5488.446 rows=2175857 loops=1)
              Hash Cond: (mk.movie_id = t.id)
              ->  Seq Scan on movie_keyword mk  (cost=0.00..69693.30 rows=4523930 width=4) (actual time=0.031..1472.105 rows=4523930 loops=1)
              ->  Hash  (cost=73925.90..73925.90 rows=400303 width=4) (actual time=1514.404..1514.404 rows=500611 loops=1)
                    Buckets: 131072  Batches: 8  Memory Usage: 3243kB
                    ->  Seq Scan on title t  (cost=0.00..73925.90 rows=400303 width=4) (actual time=0.021..1340.171 rows=500611 loops=1)
                          Filter: ((kind_id < 7) AND (production_year < 2000))
                          Rows Removed by Filter: 2027701
Planning time: 1.169 ms
Execution time: 67971.772 ms
