Hash Join  (cost=73962.22..132254.45 rows=112 width=0) (actual time=1620.299..1962.718 rows=266 loops=1)
  Hash Cond: (mc.movie_id = t.id)
  ->  Seq Scan on movie_companies mc  (cost=0.00..57926.93 rows=97115 width=4) (actual time=480.840..793.040 rows=191215 loops=1)
        Filter: ((company_id > 116246) AND (company_type_id = 2))
        Rows Removed by Filter: 2417914
  ->  Hash  (cost=73925.90..73925.90 rows=2905 width=4) (actual time=1139.158..1139.158 rows=1937 loops=1)
        Buckets: 4096  Batches: 1  Memory Usage: 101kB
        ->  Seq Scan on title t  (cost=0.00..73925.90 rows=2905 width=4) (actual time=19.580..1137.980 rows=1937 loops=1)
              Filter: ((kind_id < 7) AND (production_year = 1946))
              Rows Removed by Filter: 2526375
Planning time: 0.717 ms
Execution time: 1962.885 ms
