Seq Scan on movie_companies mc  (cost=0.00..51404.11 rows=2292247 width=0) (actual time=0.011..1026.411 rows=2292536 loops=1)
  Filter: (company_id < 91850)
  Rows Removed by Filter: 316593
Planning time: 0.236 ms
Execution time: 1302.148 ms
