Hash Join  (cost=180647.94..315067.91 rows=1019193 width=0) (actual time=4592.341..13972.776 rows=28990280 loops=1)
  Hash Cond: (mk.movie_id = t.id)
  ->  Seq Scan on movie_keyword mk  (cost=0.00..69693.30 rows=4523930 width=4) (actual time=0.012..1599.711 rows=4523930 loops=1)
  ->  Hash  (cost=171301.32..171301.32 rows=569650 width=8) (actual time=4591.411..4591.411 rows=1216475 loops=1)
        Buckets: 131072 (originally 131072)  Batches: 16 (originally 8)  Memory Usage: 4077kB
        ->  Hash Join  (cost=83568.99..171301.32 rows=569650 width=8) (actual time=1455.812..4244.559 rows=1216475 loops=1)
              Hash Cond: (mc.movie_id = t.id)
              ->  Seq Scan on movie_companies mc  (cost=0.00..51404.11 rows=2450590 width=4) (actual time=0.023..1273.022 rows=2447019 loops=1)
                    Filter: (company_id > 27)
                    Rows Removed by Filter: 162110
              ->  Hash  (cost=73925.90..73925.90 rows=587767 width=4) (actual time=1454.818..1454.818 rows=594730 loops=1)
                    Buckets: 131072  Batches: 8  Memory Usage: 3648kB
                    ->  Seq Scan on title t  (cost=0.00..73925.90 rows=587767 width=4) (actual time=0.023..1278.027 rows=594730 loops=1)
                          Filter: ((production_year < 2012) AND (kind_id = 1))
                          Rows Removed by Filter: 1933582
Planning time: 1.106 ms
Execution time: 16918.048 ms
