Seq Scan on cast_info ci  (cost=0.00..796071.18 rows=224 width=0) (actual time=5937.891..14024.495 rows=2 loops=1)
  Filter: ((role_id > 2) AND (person_id = 3235558))
  Rows Removed by Filter: 36244342
Planning time: 0.385 ms
Execution time: 14024.594 ms
