Hash Join  (cost=52285.01..138944.57 rows=152 width=0) (actual time=1891.812..2463.652 rows=3 loops=1)
  Hash Cond: (mk.movie_id = t.id)
  ->  Seq Scan on movie_keyword mk  (cost=0.00..69693.30 rows=4523930 width=4) (actual time=0.018..964.416 rows=4523930 loops=1)
  ->  Hash  (cost=52283.95..52283.95 rows=85 width=8) (actual time=755.264..755.264 rows=60 loops=1)
        Buckets: 1024  Batches: 1  Memory Usage: 11kB
        ->  Nested Loop  (cost=0.43..52283.95 rows=85 width=8) (actual time=0.350..755.202 rows=60 loops=1)
              ->  Seq Scan on movie_companies mc  (cost=0.00..51404.11 rows=104 width=4) (actual time=0.300..753.391 rows=60 loops=1)
                    Filter: (company_id = 18428)
                    Rows Removed by Filter: 2609069
              ->  Index Scan using title_pkey on title t  (cost=0.43..8.45 rows=1 width=4) (actual time=0.027..0.028 rows=1 loops=60)
                    Index Cond: (id = mc.movie_id)
                    Filter: (production_year < 2011)
Planning time: 1.241 ms
Execution time: 2463.800 ms
