Hash Join  (cost=79715.19..571355.85 rows=1550976 width=0) (actual time=1582.849..15100.412 rows=2016446 loops=1)
  Hash Cond: (mi.movie_id = t.id)
  ->  Seq Scan on movie_info mi  (cost=0.00..346232.03 rows=11115165 width=4) (actual time=239.842..7291.307 rows=11210743 loops=1)
        Filter: (info_type_id > 3)
        Rows Removed by Filter: 3624977
  ->  Hash  (cost=73925.90..73925.90 rows=352823 width=4) (actual time=1342.204..1342.204 rows=302088 loops=1)
        Buckets: 131072  Batches: 8  Memory Usage: 2348kB
        ->  Seq Scan on title t  (cost=0.00..73925.90 rows=352823 width=4) (actual time=0.044..1239.948 rows=302088 loops=1)
              Filter: ((kind_id < 7) AND (production_year > 2006))
              Rows Removed by Filter: 2226224
Planning time: 0.881 ms
Execution time: 15350.609 ms
