Seq Scan on movie_keyword mk  (cost=0.00..81003.12 rows=3172916 width=0) (actual time=0.016..1676.112 rows=3161464 loops=1)
  Filter: (keyword_id < 12314)
  Rows Removed by Filter: 1362466
Planning time: 0.910 ms
Execution time: 2083.998 ms
