Hash Join  (cost=799705.40..886366.48 rows=304 width=0) (actual time=15172.508..16357.596 rows=1 loops=1)
  Hash Cond: (mk.movie_id = t.id)
  ->  Seq Scan on movie_keyword mk  (cost=0.00..69693.30 rows=4523930 width=4) (actual time=0.012..1016.784 rows=4523930 loops=1)
  ->  Hash  (cost=799703.28..799703.28 rows=170 width=8) (actual time=14586.448..14586.448 rows=1 loops=1)
        Buckets: 1024  Batches: 1  Memory Usage: 9kB
        ->  Nested Loop  (cost=0.43..799703.28 rows=170 width=8) (actual time=13931.263..14586.407 rows=1 loops=1)
              ->  Seq Scan on cast_info ci  (cost=0.00..796071.18 rows=435 width=4) (actual time=13931.195..14578.214 rows=82 loops=1)
                    Filter: ((role_id < 10) AND (person_id = 1221217))
                    Rows Removed by Filter: 36244262
              ->  Index Scan using title_pkey on title t  (cost=0.43..8.34 rows=1 width=4) (actual time=0.099..0.099 rows=0 loops=82)
                    Index Cond: (id = ci.movie_id)
                    Filter: (kind_id < 7)
                    Rows Removed by Filter: 1
Planning time: 1.207 ms
Execution time: 16357.726 ms
