Hash Join  (cost=174865.45..277832.97 rows=438343 width=0) (actual time=4180.920..6875.147 rows=1771274 loops=1)
  Hash Cond: (mk.movie_id = t.id)
  ->  Seq Scan on movie_keyword mk  (cost=0.00..81003.12 rows=1211192 width=4) (actual time=0.062..1480.831 rows=1212659 loops=1)
        Filter: (keyword_id < 1527)
        Rows Removed by Filter: 3311271
  ->  Hash  (cost=159851.69..159851.69 rows=915101 width=8) (actual time=4179.742..4179.742 rows=919850 loops=1)
        Buckets: 131072  Batches: 16  Memory Usage: 3282kB
        ->  Hash Join  (cost=102767.86..159851.69 rows=915101 width=8) (actual time=1902.580..3905.026 rows=919850 loops=1)
              Hash Cond: (mi_idx.movie_id = t.id)
              ->  Seq Scan on movie_info_idx mi_idx  (cost=0.00..25185.44 rows=915101 width=4) (actual time=0.014..564.891 rows=919850 loops=1)
                    Filter: (info_type_id < 101)
                    Rows Removed by Filter: 460185
              ->  Hash  (cost=61283.27..61283.27 rows=2528527 width=4) (actual time=1901.696..1901.696 rows=2528312 loops=1)
                    Buckets: 131072  Batches: 64  Memory Usage: 2415kB
                    ->  Seq Scan on title t  (cost=0.00..61283.27 rows=2528527 width=4) (actual time=0.016..1063.390 rows=2528312 loops=1)
Planning time: 1.129 ms
Execution time: 7096.909 ms
