Hash Join  (cost=83074.74..833899.15 rows=3524 width=0) (actual time=1335.814..18067.143 rows=34735 loops=1)
  Hash Cond: (ci.movie_id = t.id)
  ->  Seq Scan on cast_info ci  (cost=0.00..614943.12 rows=36225612 width=4) (actual time=0.013..9213.972 rows=36244344 loops=1)
  ->  Hash  (cost=83071.67..83071.67 rows=246 width=8) (actual time=1335.725..1335.725 rows=1513 loops=1)
        Buckets: 2048 (originally 1024)  Batches: 1 (originally 1)  Memory Usage: 76kB
        ->  Nested Loop  (cost=0.43..83071.67 rows=246 width=8) (actual time=4.515..1334.577 rows=1513 loops=1)
              ->  Seq Scan on movie_keyword mk  (cost=0.00..81003.12 rows=246 width=4) (actual time=4.446..1268.347 rows=1513 loops=1)
                    Filter: (keyword_id = 783)
                    Rows Removed by Filter: 4522417
              ->  Index Only Scan using title_pkey on title t  (cost=0.43..8.40 rows=1 width=4) (actual time=0.042..0.043 rows=1 loops=1513)
                    Index Cond: (id = mk.movie_id)
                    Heap Fetches: 1513
Planning time: 1.272 ms
Execution time: 18075.172 ms
