Seq Scan on cast_info ci  (cost=0.00..796071.18 rows=176 width=0) (actual time=8651.381..11050.582 rows=465 loops=1)
  Filter: ((person_id = 559104) AND (role_id = 1))
  Rows Removed by Filter: 36243879
Planning time: 0.456 ms
Execution time: 11050.765 ms
