Hash Join  (cost=73986.94..825475.69 rows=69958 width=0) (actual time=962.396..17888.566 rows=113286 loops=1)
  Hash Cond: (ci.movie_id = t.id)
  ->  Seq Scan on cast_info ci  (cost=0.00..614943.12 rows=36225612 width=4) (actual time=0.006..8547.585 rows=36244344 loops=1)
  ->  Hash  (cost=73925.90..73925.90 rows=4883 width=4) (actual time=962.142..962.142 rows=9263 loops=1)
        Buckets: 16384 (originally 8192)  Batches: 1 (originally 1)  Memory Usage: 454kB
        ->  Seq Scan on title t  (cost=0.00..73925.90 rows=4883 width=4) (actual time=427.106..957.884 rows=9263 loops=1)
              Filter: ((kind_id = 4) AND (production_year = 2006))
              Rows Removed by Filter: 2519049
Planning time: 0.791 ms
Execution time: 17909.686 ms
