Seq Scan on movie_keyword mk  (cost=0.00..81003.12 rows=1504594 width=0) (actual time=0.025..1447.111 rows=1522717 loops=1)
  Filter: (keyword_id > 10557)
  Rows Removed by Filter: 3001213
Planning time: 0.336 ms
Execution time: 1636.222 ms
