Seq Scan on movie_companies mc  (cost=0.00..57926.93 rows=51 width=0) (actual time=77.500..752.567 rows=136 loops=1)
  Filter: ((company_id = 1127) AND (company_type_id = 1))
  Rows Removed by Filter: 2608993
Planning time: 0.419 ms
Execution time: 752.693 ms
