Hash Join  (cost=130043.83..227547.78 rows=69926 width=0) (actual time=3734.367..4349.582 rows=16538 loops=1)
  Hash Cond: (mk.movie_id = t.id)
  ->  Seq Scan on movie_keyword mk  (cost=0.00..81003.12 rows=4213750 width=4) (actual time=0.012..1586.101 rows=4190264 loops=1)
        Filter: (keyword_id > 270)
        Rows Removed by Filter: 333666
  ->  Hash  (cost=129519.33..129519.33 rows=41960 width=8) (actual time=2126.604..2126.604 rows=13319 loops=1)
        Buckets: 65536  Batches: 1  Memory Usage: 1033kB
        ->  Hash Join  (cost=74434.21..129519.33 rows=41960 width=8) (actual time=1060.400..2122.517 rows=13319 loops=1)
              Hash Cond: (mc.movie_id = t.id)
              ->  Seq Scan on movie_companies mc  (cost=0.00..44881.29 rows=2609129 width=4) (actual time=0.004..486.856 rows=2609129 loops=1)
              ->  Hash  (cost=73925.90..73925.90 rows=40664 width=4) (actual time=1031.438..1031.438 rows=40257 loops=1)
                    Buckets: 65536  Batches: 1  Memory Usage: 1928kB
                    ->  Seq Scan on title t  (cost=0.00..73925.90 rows=40664 width=4) (actual time=153.822..1015.296 rows=40257 loops=1)
                          Filter: ((production_year > 2012) AND (kind_id = 7))
                          Rows Removed by Filter: 2488055
Planning time: 0.771 ms
Execution time: 4352.005 ms
