Hash Join  (cost=180131.62..212001.29 rows=43056 width=0) (actual time=3590.562..4428.132 rows=179292 loops=1)
  Hash Cond: (mi_idx.movie_id = t.id)
  ->  Seq Scan on movie_info_idx mi_idx  (cost=0.00..25185.44 rows=460978 width=4) (actual time=0.028..510.528 rows=459925 loops=1)
        Filter: (info_type_id < 100)
        Rows Removed by Filter: 920110
  ->  Hash  (cost=176256.52..176256.52 rows=236168 width=8) (actual time=3589.676..3589.676 rows=352752 loops=1)
        Buckets: 131072 (originally 131072)  Batches: 8 (originally 4)  Memory Usage: 3073kB
        ->  Hash Join  (cost=102767.86..176256.52 rows=236168 width=8) (actual time=2153.508..3479.956 rows=352752 loops=1)
              Hash Cond: (mc.movie_id = t.id)
              ->  Seq Scan on movie_companies mc  (cost=0.00..57926.93 rows=236168 width=4) (actual time=247.526..873.602 rows=352752 loops=1)
                    Filter: ((company_id < 421) AND (company_type_id = 1))
                    Rows Removed by Filter: 2256377
              ->  Hash  (cost=61283.27..61283.27 rows=2528527 width=4) (actual time=1904.696..1904.696 rows=2528312 loops=1)
                    Buckets: 131072  Batches: 64  Memory Usage: 2415kB
                    ->  Seq Scan on title t  (cost=0.00..61283.27 rows=2528527 width=4) (actual time=0.010..1070.202 rows=2528312 loops=1)
Planning time: 1.148 ms
Execution time: 4447.555 ms
