Seq Scan on movie_keyword mk  (cost=0.00..81003.12 rows=2720277 width=0) (actual time=0.014..1527.153 rows=2713747 loops=1)
  Filter: (keyword_id > 2936)
  Rows Removed by Filter: 1810183
Planning time: 0.342 ms
Execution time: 1866.896 ms
