Hash Join  (cost=284521.01..1246177.82 rows=6419393 width=0) (actual time=6953.497..30475.929 rows=23425500 loops=1)
  Hash Cond: (ci.movie_id = t.id)
  ->  Seq Scan on cast_info ci  (cost=0.00..796071.18 rows=7228740 width=4) (actual time=0.213..13079.947 rows=7841374 loops=1)
        Filter: ((person_id < 800979) AND (role_id < 10))
        Rows Removed by Filter: 28402970
  ->  Hash  (cost=247681.17..247681.17 rows=2245427 width=8) (actual time=6737.322..6737.322 rows=2245671 loops=1)
        Buckets: 131072  Batches: 32  Memory Usage: 3748kB
        ->  Hash Join  (cost=102767.86..247681.17 rows=2245427 width=8) (actual time=2028.644..5907.979 rows=2245671 loops=1)
              Hash Cond: (mk.movie_id = t.id)
              ->  Seq Scan on movie_keyword mk  (cost=0.00..81003.12 rows=2245427 width=4) (actual time=0.026..1695.895 rows=2245671 loops=1)
                    Filter: (keyword_id > 4822)
                    Rows Removed by Filter: 2278259
              ->  Hash  (cost=61283.27..61283.27 rows=2528527 width=4) (actual time=2026.886..2026.886 rows=2528312 loops=1)
                    Buckets: 131072  Batches: 64  Memory Usage: 2425kB
                    ->  Seq Scan on title t  (cost=0.00..61283.27 rows=2528527 width=4) (actual time=0.012..1180.301 rows=2528312 loops=1)
Planning time: 1.233 ms
Execution time: 33350.224 ms
