Hash Join  (cost=69223.25..555163.46 rows=574828 width=0) (actual time=1011.881..12719.985 rows=1061861 loops=1)
  Hash Cond: (mi.movie_id = t.id)
  ->  Seq Scan on movie_info mi  (cost=0.00..309384.22 rows=14739122 width=4) (actual time=0.011..5971.157 rows=14835720 loops=1)
  ->  Hash  (cost=67604.59..67604.59 rows=98613 width=4) (actual time=1011.085..1011.085 rows=98579 loops=1)
        Buckets: 131072  Batches: 2  Memory Usage: 2760kB
        ->  Seq Scan on title t  (cost=0.00..67604.59 rows=98613 width=4) (actual time=105.573..974.065 rows=98579 loops=1)
              Filter: (production_year < 1924)
              Rows Removed by Filter: 2429733
Planning time: 0.787 ms
Execution time: 12855.659 ms
