Hash Join  (cost=187291.42..317018.24 rows=961670 width=0) (actual time=4142.865..7101.974 rows=650996 loops=1)
  Hash Cond: (mk.movie_id = t.id)
  ->  Seq Scan on movie_keyword mk  (cost=0.00..81003.12 rows=3118665 width=4) (actual time=0.012..1746.631 rows=3100034 loops=1)
        Filter: (keyword_id > 1960)
        Rows Removed by Filter: 1423896
  ->  Hash  (cost=174499.23..174499.23 rows=779695 width=8) (actual time=3866.449..3866.449 rows=316839 loops=1)
        Buckets: 131072  Batches: 16  Memory Usage: 1789kB
        ->  Hash Join  (cost=92883.59..174499.23 rows=779695 width=8) (actual time=2125.206..3769.241 rows=316839 loops=1)
              Hash Cond: (mc.movie_id = t.id)
              ->  Seq Scan on movie_companies mc  (cost=0.00..51404.11 rows=1279517 width=4) (actual time=388.842..1052.860 rows=1274246 loops=1)
                    Filter: (company_type_id < 2)
                    Rows Removed by Filter: 1334883
              ->  Hash  (cost=67604.59..67604.59 rows=1540800 width=4) (actual time=1734.825..1734.825 rows=1543264 loops=1)
                    Buckets: 131072  Batches: 32  Memory Usage: 2722kB
                    ->  Seq Scan on title t  (cost=0.00..67604.59 rows=1540800 width=4) (actual time=296.550..1244.679 rows=1543264 loops=1)
                          Filter: (kind_id = 7)
                          Rows Removed by Filter: 985048
Planning time: 0.842 ms
Execution time: 7177.619 ms
