Seq Scan on movie_keyword mk  (cost=0.00..81003.12 rows=2631063 width=0) (actual time=0.031..1367.782 rows=2624565 loops=1)
  Filter: (keyword_id < 7121)
  Rows Removed by Filter: 1899365
Planning time: 0.325 ms
Execution time: 1675.701 ms
