Hash Join  (cost=189464.06..307171.72 rows=480183 width=0) (actual time=3352.689..6512.477 rows=1513503 loops=1)
  Hash Cond: (mk.movie_id = t.id)
  ->  Seq Scan on movie_keyword mk  (cost=0.00..81003.12 rows=2601256 width=4) (actual time=0.008..1683.900 rows=2581173 loops=1)
        Filter: (keyword_id > 3339)
        Rows Removed by Filter: 1942757
  ->  Hash  (cost=181805.59..181805.59 rows=466757 width=8) (actual time=3350.680..3350.680 rows=157327 loops=1)
        Buckets: 131072  Batches: 8  Memory Usage: 1812kB
        ->  Hash Join  (cost=102767.86..181805.59 rows=466757 width=8) (actual time=1865.998..3300.421 rows=157327 loops=1)
              Hash Cond: (mc.movie_id = t.id)
              ->  Seq Scan on movie_companies mc  (cost=0.00..57926.93 rows=466757 width=4) (actual time=0.021..889.901 rows=157327 loops=1)
                    Filter: ((company_id > 18110) AND (company_type_id = 1))
                    Rows Removed by Filter: 2451802
              ->  Hash  (cost=61283.27..61283.27 rows=2528527 width=4) (actual time=1864.591..1864.591 rows=2528312 loops=1)
                    Buckets: 131072  Batches: 64  Memory Usage: 2415kB
                    ->  Seq Scan on title t  (cost=0.00..61283.27 rows=2528527 width=4) (actual time=0.023..992.191 rows=2528312 loops=1)
Planning time: 1.145 ms
Execution time: 6698.078 ms
