Hash Join  (cost=176831.91..298368.55 rows=989094 width=0) (actual time=4624.384..8209.327 rows=3824837 loops=1)
  Hash Cond: (mk.movie_id = t.id)
  ->  Seq Scan on movie_keyword mk  (cost=0.00..81003.12 rows=2279352 width=4) (actual time=0.014..1612.504 rows=2279395 loops=1)
        Filter: (keyword_id > 4619)
        Rows Removed by Filter: 2244535
  ->  Hash  (cost=158829.66..158829.66 rows=1097220 width=8) (actual time=4623.612..4623.612 rows=1104607 loops=1)
        Buckets: 131072  Batches: 16  Memory Usage: 3746kB
        ->  Hash Join  (cost=100586.94..158829.66 rows=1097220 width=8) (actual time=1969.343..4303.939 rows=1104607 loops=1)
              Hash Cond: (mi_idx.movie_id = t.id)
              ->  Seq Scan on movie_info_idx mi_idx  (cost=0.00..21735.35 rows=1380035 width=4) (actual time=0.011..482.587 rows=1380035 loops=1)
              ->  Hash  (cost=67604.59..67604.59 rows=2010348 width=4) (actual time=1968.573..1968.573 rows=2004649 loops=1)
                    Buckets: 131072  Batches: 32  Memory Usage: 3233kB
                    ->  Seq Scan on title t  (cost=0.00..67604.59 rows=2010348 width=4) (actual time=0.016..1315.394 rows=2004649 loops=1)
                          Filter: (production_year > 1975)
                          Rows Removed by Filter: 523663
Planning time: 1.143 ms
Execution time: 8622.152 ms
