Seq Scan on movie_keyword mk  (cost=0.00..81003.12 rows=842054 width=0) (actual time=0.027..1278.466 rows=841659 loops=1)
  Filter: (keyword_id < 807)
  Rows Removed by Filter: 3682271
Planning time: 0.332 ms
Execution time: 1389.285 ms
