Seq Scan on movie_companies mc  (cost=0.00..51404.11 rows=1320026 width=0) (actual time=0.021..807.321 rows=1327975 loops=1)
  Filter: (company_id > 11222)
  Rows Removed by Filter: 1281154
Planning time: 0.312 ms
Execution time: 969.222 ms
