Hash Join  (cost=831878.97..901120.55 rows=171628 width=0) (actual time=14270.696..16068.692 rows=740945 loops=1)
  Hash Cond: (mc.movie_id = t.id)
  ->  Seq Scan on movie_companies mc  (cost=0.00..51404.11 rows=1279517 width=4) (actual time=0.017..1001.657 rows=1274246 loops=1)
        Filter: (company_type_id = 1)
        Rows Removed by Filter: 1334883
  ->  Hash  (cost=826314.42..826314.42 rows=339164 width=8) (actual time=14269.739..14269.739 rows=368639 loops=1)
        Buckets: 131072  Batches: 8  Memory Usage: 2802kB
        ->  Hash Join  (cost=102767.86..826314.42 rows=339164 width=8) (actual time=8755.728..14159.108 rows=368639 loops=1)
              Hash Cond: (ci.movie_id = t.id)
              ->  Seq Scan on cast_info ci  (cost=0.00..705507.15 rows=339164 width=4) (actual time=6188.812..10882.479 rows=368639 loops=1)
                    Filter: (person_id > 3994136)
                    Rows Removed by Filter: 35875705
              ->  Hash  (cost=61283.27..61283.27 rows=2528527 width=4) (actual time=2565.095..2565.095 rows=2528312 loops=1)
                    Buckets: 131072  Batches: 64  Memory Usage: 2415kB
                    ->  Seq Scan on title t  (cost=0.00..61283.27 rows=2528527 width=4) (actual time=0.034..1108.672 rows=2528312 loops=1)
Planning time: 1.184 ms
Execution time: 16150.803 ms
