Seq Scan on cast_info ci  (cost=0.00..796071.18 rows=435 width=0) (actual time=9419.816..14874.714 rows=17 loops=1)
  Filter: ((role_id < 10) AND (person_id = 2934484))
  Rows Removed by Filter: 36244327
Planning time: 0.441 ms
Execution time: 14874.857 ms
