Hash Join  (cost=84121.39..144815.99 rows=5925 width=0) (actual time=3051.636..3131.761 rows=1 loops=1)
  Hash Cond: (mc.movie_id = t.id)
  ->  Seq Scan on movie_companies mc  (cost=0.00..57926.93 rows=24110 width=4) (actual time=110.462..829.287 rows=5188 loops=1)
        Filter: ((company_id = 19) AND (company_type_id = 2))
        Rows Removed by Filter: 2603941
  ->  Hash  (cost=73925.90..73925.90 rows=621399 width=4) (actual time=2205.292..2205.292 rows=680061 loops=1)
        Buckets: 131072  Batches: 16  Memory Usage: 2524kB
        ->  Seq Scan on title t  (cost=0.00..73925.90 rows=621399 width=4) (actual time=0.038..1353.989 rows=680061 loops=1)
              Filter: ((kind_id > 4) AND (production_year > 2005))
              Rows Removed by Filter: 1848251
Planning time: 0.788 ms
Execution time: 3131.826 ms
