Hash Join  (cost=170297.11..536770.45 rows=181743 width=0) (actual time=3035.866..12480.577 rows=2619152 loops=1)
  Hash Cond: (mi.movie_id = t.id)
  ->  Seq Scan on movie_info mi  (cost=0.00..309384.22 rows=14739122 width=4) (actual time=0.017..4618.898 rows=14835720 loops=1)
  ->  Hash  (cost=169907.39..169907.39 rows=31178 width=8) (actual time=3035.607..3035.607 rows=70344 loops=1)
        Buckets: 131072 (originally 32768)  Batches: 1 (originally 1)  Memory Usage: 3772kB
        ->  Hash Join  (cost=83810.17..169907.39 rows=31178 width=8) (actual time=1514.293..3011.399 rows=70344 loops=1)
              Hash Cond: (mk.movie_id = t.id)
              ->  Seq Scan on movie_keyword mk  (cost=0.00..81003.12 rows=79815 width=4) (actual time=0.026..1272.830 rows=84961 loops=1)
                    Filter: (keyword_id < 73)
                    Rows Removed by Filter: 4438969
              ->  Hash  (cost=67604.59..67604.59 rows=987727 width=4) (actual time=1513.239..1513.239 rows=985048 loops=1)
                    Buckets: 131072  Batches: 16  Memory Usage: 3197kB
                    ->  Seq Scan on title t  (cost=0.00..67604.59 rows=987727 width=4) (actual time=0.018..1188.257 rows=985048 loops=1)
                          Filter: (kind_id < 7)
                          Rows Removed by Filter: 1543264
Planning time: 1.080 ms
Execution time: 12829.643 ms
