Hash Join  (cost=175027.18..303485.77 rows=1049091 width=0) (actual time=4439.906..9009.937 rows=4468973 loops=1)
  Hash Cond: (mk.movie_id = t.id)
  ->  Seq Scan on movie_keyword mk  (cost=0.00..81003.12 rows=2886279 width=4) (actual time=0.025..1748.365 rows=2875756 loops=1)
        Filter: (keyword_id > 2506)
        Rows Removed by Filter: 1648174
  ->  Hash  (cost=159947.97..159947.97 rows=919057 width=8) (actual time=4438.926..4438.926 rows=920110 loops=1)
        Buckets: 131072  Batches: 16  Memory Usage: 3283kB
        ->  Hash Join  (cost=102767.86..159947.97 rows=919057 width=8) (actual time=2562.142..4180.712 rows=920110 loops=1)
              Hash Cond: (mi_idx.movie_id = t.id)
              ->  Seq Scan on movie_info_idx mi_idx  (cost=0.00..25185.44 rows=919057 width=4) (actual time=0.029..523.649 rows=920110 loops=1)
                    Filter: (info_type_id > 99)
                    Rows Removed by Filter: 459925
              ->  Hash  (cost=61283.27..61283.27 rows=2528527 width=4) (actual time=2560.895..2560.895 rows=2528312 loops=1)
                    Buckets: 131072  Batches: 64  Memory Usage: 2415kB
                    ->  Seq Scan on title t  (cost=0.00..61283.27 rows=2528527 width=4) (actual time=0.023..1086.946 rows=2528312 loops=1)
Planning time: 1.268 ms
Execution time: 9470.477 ms
