Nested Loop  (cost=0.43..796536.34 rows=55 width=0) (actual time=614.348..10827.171 rows=1730 loops=1)
  ->  Seq Scan on cast_info ci  (cost=0.00..796071.18 rows=55 width=4) (actual time=614.258..10811.802 rows=1730 loops=1)
        Filter: ((person_id = 2031507) AND (role_id = 3))
        Rows Removed by Filter: 36242614
  ->  Index Only Scan using title_pkey on title t  (cost=0.43..8.45 rows=1 width=4) (actual time=0.008..0.008 rows=1 loops=1730)
        Index Cond: (id = ci.movie_id)
        Heap Fetches: 1730
Planning time: 0.803 ms
Execution time: 10827.681 ms
