Hash Join  (cost=102767.86..202178.52 rows=354433 width=0) (actual time=2014.503..4046.606 rows=351603 loops=1)
  Hash Cond: (mk.movie_id = t.id)
  ->  Seq Scan on movie_keyword mk  (cost=0.00..81003.12 rows=354433 width=4) (actual time=0.029..1369.198 rows=351603 loops=1)
        Filter: (keyword_id > 47358)
        Rows Removed by Filter: 4172327
  ->  Hash  (cost=61283.27..61283.27 rows=2528527 width=4) (actual time=2012.291..2012.291 rows=2528312 loops=1)
        Buckets: 131072  Batches: 64  Memory Usage: 2425kB
        ->  Seq Scan on title t  (cost=0.00..61283.27 rows=2528527 width=4) (actual time=0.015..1139.610 rows=2528312 loops=1)
Planning time: 0.738 ms
Execution time: 4086.475 ms
