Nested Loop  (cost=44377.22..153011.80 rows=13159 width=0) (actual time=863.444..2088.945 rows=4209 loops=1)
  Join Filter: (mc.movie_id = t.id)
  ->  Hash Join  (cost=44376.79..112785.31 rows=68134 width=8) (actual time=863.350..2034.745 rows=4209 loops=1)
        Hash Cond: (mc.movie_id = mi_idx.movie_id)
        ->  Seq Scan on movie_companies mc  (cost=0.00..57926.93 rows=24110 width=4) (actual time=0.165..935.005 rows=5188 loops=1)
              Filter: ((company_type_id > 1) AND (company_id = 19))
              Rows Removed by Filter: 2603941
        ->  Hash  (cost=21735.35..21735.35 rows=1380035 width=4) (actual time=848.138..848.138 rows=1380035 loops=1)
              Buckets: 131072  Batches: 32  Memory Usage: 2540kB
              ->  Seq Scan on movie_info_idx mi_idx  (cost=0.00..21735.35 rows=1380035 width=4) (actual time=0.029..441.437 rows=1380035 loops=1)
  ->  Index Only Scan using title_pkey on title t  (cost=0.43..0.58 rows=1 width=4) (actual time=0.012..0.012 rows=1 loops=4209)
        Index Cond: (id = mi_idx.movie_id)
        Heap Fetches: 4209
Planning time: 1.247 ms
Execution time: 2089.883 ms
