Hash Join  (cost=456125.87..1175042.00 rows=145006 width=0) (actual time=14877.225..22562.291 rows=831286 loops=1)
  Hash Cond: (ci.movie_id = t.id)
  ->  Seq Scan on cast_info ci  (cost=0.00..705507.15 rows=895980 width=4) (actual time=6096.657..12929.250 rows=898389 loops=1)
        Filter: (role_id = 5)
        Rows Removed by Filter: 35345955
  ->  Hash  (cost=449411.66..449411.66 rows=409217 width=8) (actual time=8779.575..8779.575 rows=1109857 loops=1)
        Buckets: 131072 (originally 131072)  Batches: 16 (originally 8)  Memory Usage: 3731kB
        ->  Hash Join  (cost=78556.72..449411.66 rows=409217 width=8) (actual time=2594.430..8449.664 rows=1109857 loops=1)
              Hash Cond: (mi.movie_id = t.id)
              ->  Seq Scan on movie_info mi  (cost=0.00..346232.03 rows=1550064 width=4) (actual time=1087.106..5861.478 rows=1533909 loops=1)
                    Filter: (info_type_id = 3)
                    Rows Removed by Filter: 13301811
              ->  Hash  (cost=67604.59..67604.59 rows=667531 width=4) (actual time=1412.645..1412.645 rows=662825 loops=1)
                    Buckets: 131072  Batches: 16  Memory Usage: 2485kB
                    ->  Seq Scan on title t  (cost=0.00..67604.59 rows=667531 width=4) (actual time=317.243..1190.927 rows=662825 loops=1)
                          Filter: (kind_id = 1)
                          Rows Removed by Filter: 1865487
Planning time: 1.271 ms
Execution time: 22664.513 ms
