Hash Join  (cost=83073.70..109984.53 rows=35 width=0) (actual time=1391.176..1759.212 rows=68 loops=1)
  Hash Cond: (mi_idx.movie_id = t.id)
  ->  Seq Scan on movie_info_idx mi_idx  (cost=0.00..21735.35 rows=1380035 width=4) (actual time=0.061..308.372 rows=1380035 loops=1)
  ->  Hash  (cost=83072.90..83072.90 rows=64 width=8) (actual time=1216.340..1216.340 rows=23 loops=1)
        Buckets: 1024  Batches: 1  Memory Usage: 9kB
        ->  Nested Loop  (cost=0.43..83072.90 rows=64 width=8) (actual time=30.106..1216.296 rows=23 loops=1)
              ->  Seq Scan on movie_keyword mk  (cost=0.00..81003.12 rows=246 width=4) (actual time=30.055..1214.035 rows=51 loops=1)
                    Filter: (keyword_id = 24332)
                    Rows Removed by Filter: 4523879
              ->  Index Scan using title_pkey on title t  (cost=0.43..8.40 rows=1 width=4) (actual time=0.039..0.039 rows=0 loops=51)
                    Index Cond: (id = mk.movie_id)
                    Filter: ((kind_id < 7) AND (production_year > 1993))
                    Rows Removed by Filter: 1
Planning time: 5.807 ms
Execution time: 1759.358 ms
