Seq Scan on movie_keyword mk  (cost=0.00..81003.12 rows=333520 width=0) (actual time=0.021..1452.261 rows=331955 loops=1)
  Filter: (keyword_id > 49731)
  Rows Removed by Filter: 4191975
Planning time: 0.314 ms
Execution time: 1496.575 ms
