Seq Scan on cast_info ci  (cost=0.00..705507.15 rows=500 width=0) (actual time=4053.572..10633.457 rows=39 loops=1)
  Filter: (person_id = 2947393)
  Rows Removed by Filter: 36244305
Planning time: 0.374 ms
Execution time: 10633.583 ms
