Hash Join  (cost=425546.38..514775.20 rows=23011 width=0) (actual time=6906.895..8944.262 rows=78467 loops=1)
  Hash Cond: (mk.movie_id = t.id)
  ->  Seq Scan on movie_keyword mk  (cost=0.00..81003.12 rows=2132156 width=4) (actual time=0.024..1635.269 rows=2136661 loops=1)
        Filter: (keyword_id < 3969)
        Rows Removed by Filter: 2387269
  ->  Hash  (cost=425205.27..425205.27 rows=27289 width=8) (actual time=6906.418..6906.418 rows=25148 loops=1)
        Buckets: 32768  Batches: 1  Memory Usage: 1239kB
        ->  Hash Join  (cost=69002.72..425205.27 rows=27289 width=8) (actual time=2910.267..6896.468 rows=25148 loops=1)
              Hash Cond: (mi.movie_id = t.id)
              ->  Seq Scan on movie_info mi  (cost=0.00..346232.03 rows=809768 width=4) (actual time=1473.867..4785.951 rows=802140 loops=1)
                    Filter: (info_type_id < 2)
                    Rows Removed by Filter: 14033580
              ->  Hash  (cost=67604.59..67604.59 rows=85211 width=4) (actual time=1435.567..1435.567 rows=84593 loops=1)
                    Buckets: 131072  Batches: 2  Memory Usage: 2524kB
                    ->  Seq Scan on title t  (cost=0.00..67604.59 rows=85211 width=4) (actual time=0.037..1150.134 rows=84593 loops=1)
                          Filter: (production_year = 2004)
                          Rows Removed by Filter: 2443719
Planning time: 1.216 ms
Execution time: 8955.493 ms
