Seq Scan on movie_keyword mk  (cost=0.00..81003.12 rows=3958315 width=0) (actual time=0.025..1712.638 rows=3961832 loops=1)
  Filter: (keyword_id < 32675)
  Rows Removed by Filter: 562098
Planning time: 0.364 ms
Execution time: 2260.534 ms
