Hash Join  (cost=161137.99..931221.13 rows=94568 width=0) (actual time=6520.892..18657.241 rows=78348 loops=1)
  Hash Cond: (ci.movie_id = t.id)
  ->  Seq Scan on cast_info ci  (cost=0.00..705507.15 rows=12726058 width=4) (actual time=3643.337..13525.550 rows=12670688 loops=1)
        Filter: (role_id = 1)
        Rows Removed by Filter: 23573656
  ->  Hash  (cost=160903.12..160903.12 rows=18790 width=8) (actual time=2876.595..2876.595 rows=12273 loops=1)
        Buckets: 32768  Batches: 1  Memory Usage: 736kB
        ->  Hash Join  (cost=74057.18..160903.12 rows=18790 width=8) (actual time=1027.240..2871.960 rows=12273 loops=1)
              Hash Cond: (mk.movie_id = t.id)
              ->  Seq Scan on movie_keyword mk  (cost=0.00..69693.30 rows=4523930 width=4) (actual time=0.025..1036.201 rows=4523930 loops=1)
              ->  Hash  (cost=73925.90..73925.90 rows=10502 width=4) (actual time=1026.431..1026.431 rows=6334 loops=1)
                    Buckets: 16384  Batches: 1  Memory Usage: 351kB
                    ->  Seq Scan on title t  (cost=0.00..73925.90 rows=10502 width=4) (actual time=150.980..1023.542 rows=6334 loops=1)
                          Filter: ((production_year > 2011) AND (kind_id = 4))
                          Rows Removed by Filter: 2521978
Planning time: 1.199 ms
Execution time: 18668.358 ms
