Hash Join  (cost=175027.18..251359.86 rows=354320 width=0) (actual time=4537.329..5808.735 rows=553221 loops=1)
  Hash Cond: (mc.movie_id = t.id)
  ->  Seq Scan on movie_companies mc  (cost=0.00..57926.93 rows=974812 width=4) (actual time=468.744..1138.728 rows=667663 loops=1)
        Filter: ((company_id < 45241) AND (company_type_id > 1))
        Rows Removed by Filter: 1941466
  ->  Hash  (cost=159947.97..159947.97 rows=919057 width=8) (actual time=4067.777..4067.777 rows=920110 loops=1)
        Buckets: 131072  Batches: 16  Memory Usage: 3269kB
        ->  Hash Join  (cost=102767.86..159947.97 rows=919057 width=8) (actual time=1840.742..3779.388 rows=920110 loops=1)
              Hash Cond: (mi_idx.movie_id = t.id)
              ->  Seq Scan on movie_info_idx mi_idx  (cost=0.00..25185.44 rows=919057 width=4) (actual time=0.045..592.527 rows=920110 loops=1)
                    Filter: (info_type_id > 99)
                    Rows Removed by Filter: 459925
              ->  Hash  (cost=61283.27..61283.27 rows=2528527 width=4) (actual time=1839.810..1839.810 rows=2528312 loops=1)
                    Buckets: 131072  Batches: 64  Memory Usage: 2415kB
                    ->  Seq Scan on title t  (cost=0.00..61283.27 rows=2528527 width=4) (actual time=0.018..1019.771 rows=2528312 loops=1)
Planning time: 1.236 ms
Execution time: 5868.543 ms
