Nested Loop  (cost=0.43..58358.52 rows=11 width=0) (actual time=48.703..863.842 rows=24 loops=1)
  ->  Seq Scan on movie_companies mc  (cost=0.00..57926.93 rows=51 width=4) (actual time=48.625..859.371 rows=150 loops=1)
        Filter: ((company_type_id = 1) AND (company_id = 18979))
        Rows Removed by Filter: 2608979
  ->  Index Scan using title_pkey on title t  (cost=0.43..8.45 rows=1 width=4) (actual time=0.028..0.028 rows=0 loops=150)
        Index Cond: (id = mc.movie_id)
        Filter: ((production_year < 2011) AND (kind_id = 1))
        Rows Removed by Filter: 1
Planning time: 0.800 ms
Execution time: 863.975 ms
