Seq Scan on movie_keyword mk  (cost=0.00..81003.12 rows=2297082 width=0) (actual time=0.026..1461.520 rows=2302694 loops=1)
  Filter: (keyword_id < 4931)
  Rows Removed by Filter: 2221236
Planning time: 0.335 ms
Execution time: 1748.597 ms
