Seq Scan on movie_keyword mk  (cost=0.00..81003.12 rows=3696999 width=0) (actual time=0.017..1149.550 rows=3688425 loops=1)
  Filter: (keyword_id < 22033)
  Rows Removed by Filter: 835505
Planning time: 0.315 ms
Execution time: 1532.925 ms
