Seq Scan on movie_keyword mk  (cost=0.00..81003.12 rows=246 width=0) (actual time=25.319..1328.589 rows=24 loops=1)
  Filter: (keyword_id = 27352)
  Rows Removed by Filter: 4523906
Planning time: 0.857 ms
Execution time: 1328.685 ms
