Seq Scan on movie_keyword mk  (cost=0.00..81003.12 rows=4059331 width=0) (actual time=0.027..1283.251 rows=4062730 loops=1)
  Filter: (keyword_id < 38508)
  Rows Removed by Filter: 461200
Planning time: 0.341 ms
Execution time: 1721.612 ms
