Seq Scan on movie_companies mc  (cost=0.00..57926.93 rows=51 width=0) (actual time=230.608..833.890 rows=24 loops=1)
  Filter: ((company_id = 3296) AND (company_type_id = 1))
  Rows Removed by Filter: 2609105
Planning time: 0.410 ms
Execution time: 834.009 ms
