Seq Scan on cast_info ci  (cost=0.00..705507.15 rows=8289798 width=0) (actual time=0.037..12210.625 rows=8184662 loops=1)
  Filter: (person_id < 799960)
  Rows Removed by Filter: 28059682
Planning time: 0.340 ms
Execution time: 13234.521 ms
