Hash Join  (cost=190230.21..311371.30 rows=1114170 width=0) (actual time=4578.014..8507.198 rows=4647398 loops=1)
  Hash Cond: (mk.movie_id = t.id)
  ->  Seq Scan on movie_keyword mk  (cost=0.00..81003.12 rows=2041404 width=4) (actual time=0.016..1629.934 rows=2043678 loops=1)
        Filter: (keyword_id < 3654)
        Rows Removed by Filter: 2480252
  ->  Hash  (cost=167588.78..167588.78 rows=1380035 width=8) (actual time=4576.785..4576.785 rows=1380035 loops=1)
        Buckets: 131072  Batches: 32  Memory Usage: 2726kB
        ->  Hash Join  (cost=102767.86..167588.78 rows=1380035 width=8) (actual time=2323.335..4159.130 rows=1380035 loops=1)
              Hash Cond: (mi_idx.movie_id = t.id)
              ->  Seq Scan on movie_info_idx mi_idx  (cost=0.00..21735.35 rows=1380035 width=4) (actual time=0.018..408.181 rows=1380035 loops=1)
              ->  Hash  (cost=61283.27..61283.27 rows=2528527 width=4) (actual time=2321.852..2321.852 rows=2528312 loops=1)
                    Buckets: 131072  Batches: 64  Memory Usage: 2415kB
                    ->  Seq Scan on title t  (cost=0.00..61283.27 rows=2528527 width=4) (actual time=0.026..1228.177 rows=2528312 loops=1)
Planning time: 1.180 ms
Execution time: 9073.784 ms
