Hash Join  (cost=874303.07..1026893.16 rows=2510605 width=0) (actual time=16143.848..19933.888 rows=1332774 loops=1)
  Hash Cond: (mk.movie_id = t.id)
  ->  Seq Scan on movie_keyword mk  (cost=0.00..69693.30 rows=4523930 width=4) (actual time=0.011..1471.899 rows=4523930 loops=1)
  ->  Hash  (cost=851280.65..851280.65 rows=1403234 width=8) (actual time=15905.996..15905.996 rows=1322279 loops=1)
        Buckets: 131072  Batches: 32  Memory Usage: 2637kB
        ->  Hash Join  (cost=98498.33..851280.65 rows=1403234 width=8) (actual time=2145.962..15520.860 rows=1322279 loops=1)
              Hash Cond: (ci.movie_id = t.id)
              ->  Seq Scan on cast_info ci  (cost=0.00..705507.15 rows=2369021 width=4) (actual time=0.032..11566.000 rows=2308343 loops=1)
                    Filter: (person_id < 224847)
                    Rows Removed by Filter: 33936001
              ->  Hash  (cost=73925.90..73925.90 rows=1497714 width=4) (actual time=2144.522..2144.522 rows=1478440 loops=1)
                    Buckets: 131072  Batches: 32  Memory Usage: 2651kB
                    ->  Seq Scan on title t  (cost=0.00..73925.90 rows=1497714 width=4) (actual time=0.027..1661.956 rows=1478440 loops=1)
                          Filter: ((production_year > 0) AND (kind_id = 7))
                          Rows Removed by Filter: 1049872
Planning time: 4.943 ms
Execution time: 20103.080 ms
