Seq Scan on movie_keyword mk  (cost=0.00..81003.12 rows=665910 width=0) (actual time=0.014..1198.670 rows=664261 loops=1)
  Filter: (keyword_id < 519)
  Rows Removed by Filter: 3859669
Planning time: 4.363 ms
Execution time: 1284.948 ms
