Seq Scan on movie_companies mc  (cost=0.00..57926.93 rows=16730 width=0) (actual time=77.833..797.415 rows=31604 loops=1)
  Filter: ((company_id > 206360) AND (company_type_id > 1))
  Rows Removed by Filter: 2577525
Planning time: 1.849 ms
Execution time: 801.635 ms
