Seq Scan on movie_companies mc  (cost=0.00..57926.93 rows=635501 width=0) (actual time=548.514..989.551 rows=397245 loops=1)
  Filter: ((company_id > 11312) AND (company_type_id = 1))
  Rows Removed by Filter: 2211884
Planning time: 0.471 ms
Execution time: 1042.440 ms
