Seq Scan on movie_keyword mk  (cost=0.00..81003.12 rows=1596690 width=0) (actual time=0.018..1400.620 rows=1604296 loops=1)
  Filter: (keyword_id < 2487)
  Rows Removed by Filter: 2919634
Planning time: 0.247 ms
Execution time: 1601.454 ms
