Hash Join  (cost=97066.09..845757.36 rows=1289822 width=0) (actual time=2032.627..14543.165 rows=1133092 loops=1)
  Hash Cond: (ci.movie_id = t.id)
  ->  Seq Scan on cast_info ci  (cost=0.00..705507.15 rows=1816180 width=4) (actual time=27.458..10659.623 rows=1855208 loops=1)
        Filter: (person_id > 3695567)
        Rows Removed by Filter: 34389136
  ->  Hash  (cost=67604.59..67604.59 rows=1795720 width=4) (actual time=2004.028..2004.028 rows=1794153 loops=1)
        Buckets: 131072  Batches: 32  Memory Usage: 2992kB
        ->  Seq Scan on title t  (cost=0.00..67604.59 rows=1795720 width=4) (actual time=0.022..1426.772 rows=1794153 loops=1)
              Filter: (production_year < 2009)
              Rows Removed by Filter: 734159
Planning time: 0.750 ms
Execution time: 14681.394 ms
