Hash Join  (cost=85435.26..593764.02 rows=3083587 width=0) (actual time=1578.853..14972.464 rows=6354138 loops=1)
  Hash Cond: (mi.movie_id = t.id)
  ->  Seq Scan on movie_info mi  (cost=0.00..346232.03 rows=11115165 width=4) (actual time=0.013..6738.266 rows=11210743 loops=1)
        Filter: (info_type_id > 3)
        Rows Removed by Filter: 3624977
  ->  Hash  (cost=73925.90..73925.90 rows=701468 width=4) (actual time=1577.731..1577.731 rows=749931 loops=1)
        Buckets: 131072  Batches: 16  Memory Usage: 2682kB
        ->  Seq Scan on title t  (cost=0.00..73925.90 rows=701468 width=4) (actual time=0.023..1331.745 rows=749931 loops=1)
              Filter: ((kind_id < 7) AND (production_year < 2009))
              Rows Removed by Filter: 1778381
Planning time: 0.768 ms
Execution time: 15623.690 ms
