Hash Join  (cost=77229.49..108949.62 rows=37019 width=0) (actual time=1476.822..2297.375 rows=95365 loops=1)
  Hash Cond: (mi_idx.movie_id = t.id)
  ->  Seq Scan on movie_info_idx mi_idx  (cost=0.00..25185.44 rows=464934 width=4) (actual time=0.019..505.198 rows=460185 loops=1)
        Filter: (info_type_id > 100)
        Rows Removed by Filter: 919850
  ->  Hash  (cost=73925.90..73925.90 rows=201327 width=4) (actual time=1475.892..1475.892 rows=338889 loops=1)
        Buckets: 131072  Batches: 4  Memory Usage: 4004kB
        ->  Seq Scan on title t  (cost=0.00..73925.90 rows=201327 width=4) (actual time=0.063..1367.330 rows=338889 loops=1)
              Filter: ((kind_id < 4) AND (production_year < 1985))
              Rows Removed by Filter: 2189423
Planning time: 0.750 ms
Execution time: 2310.393 ms
