Hash Join  (cost=102767.86..238936.72 rows=1882076 width=0) (actual time=1920.151..5389.359 rows=1894445 loops=1)
  Hash Cond: (mk.movie_id = t.id)
  ->  Seq Scan on movie_keyword mk  (cost=0.00..81003.12 rows=1882076 width=4) (actual time=0.018..1648.357 rows=1894445 loops=1)
        Filter: (keyword_id < 3243)
        Rows Removed by Filter: 2629485
  ->  Hash  (cost=61283.27..61283.27 rows=2528527 width=4) (actual time=1917.812..1917.812 rows=2528312 loops=1)
        Buckets: 131072  Batches: 64  Memory Usage: 2425kB
        ->  Seq Scan on title t  (cost=0.00..61283.27 rows=2528527 width=4) (actual time=0.008..1054.249 rows=2528312 loops=1)
Planning time: 0.780 ms
Execution time: 5611.745 ms
