Hash Join  (cost=134855.80..161889.34 rows=12306 width=0) (actual time=2622.861..3249.427 rows=50911 loops=1)
  Hash Cond: (mi_idx.movie_id = t.id)
  ->  Seq Scan on movie_info_idx mi_idx  (cost=0.00..21735.35 rows=1380035 width=4) (actual time=0.010..319.012 rows=1380035 loops=1)
  ->  Hash  (cost=134573.96..134573.96 rows=22547 width=8) (actual time=2622.643..2622.643 rows=29778 loops=1)
        Buckets: 32768  Batches: 1  Memory Usage: 1420kB
        ->  Hash Join  (cost=69179.59..134573.96 rows=22547 width=8) (actual time=1195.987..2611.373 rows=29778 loops=1)
              Hash Cond: (mc.movie_id = t.id)
              ->  Seq Scan on movie_companies mc  (cost=0.00..57926.93 rows=593858 width=4) (actual time=0.055..1068.399 rows=876047 loops=1)
                    Filter: ((company_id > 12740) AND (company_type_id > 1))
                    Rows Removed by Filter: 1733082
              ->  Hash  (cost=67604.59..67604.59 rows=96000 width=4) (actual time=1195.151..1195.151 rows=95005 loops=1)
                    Buckets: 131072  Batches: 2  Memory Usage: 2716kB
                    ->  Seq Scan on title t  (cost=0.00..67604.59 rows=96000 width=4) (actual time=0.022..1158.230 rows=95005 loops=1)
                          Filter: (production_year = 2005)
                          Rows Removed by Filter: 2433307
Planning time: 1.152 ms
Execution time: 3256.014 ms
