Seq Scan on movie_keyword mk  (cost=0.00..81003.12 rows=246 width=0) (actual time=196.407..1299.840 rows=5 loops=1)
  Filter: (keyword_id = 29700)
  Rows Removed by Filter: 4523925
Planning time: 0.403 ms
Execution time: 1299.933 ms
