Hash Join  (cost=225947.18..312349.69 rows=823499 width=0) (actual time=4556.043..7845.057 rows=5057852 loops=1)
  Hash Cond: (mc.movie_id = t.id)
  ->  Seq Scan on movie_companies mc  (cost=0.00..44881.29 rows=2609129 width=4) (actual time=0.021..928.922 rows=2609129 loops=1)
  ->  Hash  (cost=212853.44..212853.44 rows=798059 width=8) (actual time=4555.284..4555.284 rows=797854 loops=1)
        Buckets: 131072  Batches: 16  Memory Usage: 2999kB
        ->  Hash Join  (cost=102767.86..212853.44 rows=798059 width=8) (actual time=1875.858..4325.978 rows=797854 loops=1)
              Hash Cond: (mk.movie_id = t.id)
              ->  Seq Scan on movie_keyword mk  (cost=0.00..81003.12 rows=798059 width=4) (actual time=0.026..1399.102 rows=797854 loops=1)
                    Filter: (keyword_id < 769)
                    Rows Removed by Filter: 3726076
              ->  Hash  (cost=61283.27..61283.27 rows=2528527 width=4) (actual time=1874.975..1874.975 rows=2528312 loops=1)
                    Buckets: 131072  Batches: 64  Memory Usage: 2425kB
                    ->  Seq Scan on title t  (cost=0.00..61283.27 rows=2528527 width=4) (actual time=0.020..1054.252 rows=2528312 loops=1)
Planning time: 1.100 ms
Execution time: 8380.711 ms
