Seq Scan on movie_companies mc  (cost=0.00..51404.11 rows=1191543 width=0) (actual time=79.246..966.797 rows=1201228 loops=1)
  Filter: (company_id > 12311)
  Rows Removed by Filter: 1407901
Planning time: 0.320 ms
Execution time: 1113.768 ms
