Hash Join  (cost=120698.25..197432.34 rows=122157 width=0) (actual time=2327.144..4411.597 rows=602383 loops=1)
  Hash Cond: (mc.movie_id = t.id)
  ->  Seq Scan on movie_companies mc  (cost=0.00..44881.29 rows=2609129 width=4) (actual time=0.014..844.432 rows=2609129 loops=1)
  ->  Hash  (cost=118755.46..118755.46 rows=118383 width=8) (actual time=2326.459..2326.459 rows=183177 loops=1)
        Buckets: 131072 (originally 131072)  Batches: 4 (originally 2)  Memory Usage: 3073kB
        ->  Hash Join  (cost=84497.07..118755.46 rows=118383 width=8) (actual time=1329.827..2259.726 rows=183177 loops=1)
              Hash Cond: (mi_idx.movie_id = t.id)
              ->  Seq Scan on movie_info_idx mi_idx  (cost=0.00..25185.44 rows=464566 width=4) (actual time=0.017..546.592 rows=459925 loops=1)
                    Filter: (info_type_id = 101)
                    Rows Removed by Filter: 920110
              ->  Hash  (cost=73925.90..73925.90 rows=644333 width=4) (actual time=1328.724..1328.724 rows=544419 loops=1)
                    Buckets: 131072  Batches: 16  Memory Usage: 2215kB
                    ->  Seq Scan on title t  (cost=0.00..73925.90 rows=644333 width=4) (actual time=0.025..1162.647 rows=544419 loops=1)
                          Filter: ((kind_id < 7) AND (production_year > 1994))
                          Rows Removed by Filter: 1983893
Planning time: 1.171 ms
Execution time: 4482.537 ms
