Seq Scan on movie_keyword mk  (cost=0.00..81003.12 rows=4025818 width=0) (actual time=0.013..1513.098 rows=4031729 loops=1)
  Filter: (keyword_id < 36615)
  Rows Removed by Filter: 492201
Planning time: 0.321 ms
Execution time: 2020.273 ms
