Hash Join  (cost=160823.02..543464.74 rows=23204 width=0) (actual time=3191.295..10091.485 rows=13980 loops=1)
  Hash Cond: (mi.movie_id = t.id)
  ->  Seq Scan on movie_info mi  (cost=0.00..346232.03 rows=7235534 width=4) (actual time=0.013..5895.492 rows=7286865 loops=1)
        Filter: (info_type_id < 8)
        Rows Removed by Filter: 7548855
  ->  Hash  (cost=160721.67..160721.67 rows=8108 width=8) (actual time=3098.072..3098.072 rows=3874 loops=1)
        Buckets: 8192  Batches: 1  Memory Usage: 216kB
        ->  Hash Join  (cost=73982.55..160721.67 rows=8108 width=8) (actual time=1212.040..3096.693 rows=3874 loops=1)
              Hash Cond: (mk.movie_id = t.id)
              ->  Seq Scan on movie_keyword mk  (cost=0.00..69693.30 rows=4523930 width=4) (actual time=0.025..1018.370 rows=4523930 loops=1)
              ->  Hash  (cost=73925.90..73925.90 rows=4532 width=4) (actual time=1211.439..1211.439 rows=11542 loops=1)
                    Buckets: 16384 (originally 8192)  Batches: 1 (originally 1)  Memory Usage: 534kB
                    ->  Seq Scan on title t  (cost=0.00..73925.90 rows=4532 width=4) (actual time=0.162..1205.936 rows=11542 loops=1)
                          Filter: ((kind_id = 7) AND (production_year = 1988))
                          Rows Removed by Filter: 2516770
Planning time: 3.690 ms
Execution time: 10093.660 ms
