Hash Join  (cost=84407.80..1212236.66 rows=9152969 width=0) (actual time=1707.510..34407.672 rows=10271372 loops=1)
  Hash Cond: (ci.movie_id = t.id)
  ->  Seq Scan on cast_info ci  (cost=0.00..614943.12 rows=36225612 width=4) (actual time=0.017..13120.367 rows=36244344 loops=1)
  ->  Hash  (cost=73925.90..73925.90 rows=638872 width=4) (actual time=1706.637..1706.637 rows=613492 loops=1)
        Buckets: 131072  Batches: 16  Memory Usage: 2370kB
        ->  Seq Scan on title t  (cost=0.00..73925.90 rows=638872 width=4) (actual time=30.852..1248.238 rows=613492 loops=1)
              Filter: ((production_year > 1912) AND (kind_id = 1))
              Rows Removed by Filter: 1914820
Planning time: 0.754 ms
Execution time: 35636.099 ms
