Hash Join  (cost=83074.74..447745.01 rows=1434 width=0) (actual time=1306.966..8217.827 rows=124193 loops=1)
  Hash Cond: (mi.movie_id = t.id)
  ->  Seq Scan on movie_info mi  (cost=0.00..309384.22 rows=14739122 width=4) (actual time=0.017..4094.182 rows=14835720 loops=1)
  ->  Hash  (cost=83071.67..83071.67 rows=246 width=8) (actual time=1306.790..1306.790 rows=2215 loops=1)
        Buckets: 4096 (originally 1024)  Batches: 1 (originally 1)  Memory Usage: 119kB
        ->  Nested Loop  (cost=0.43..83071.67 rows=246 width=8) (actual time=1.561..1305.161 rows=2215 loops=1)
              ->  Seq Scan on movie_keyword mk  (cost=0.00..81003.12 rows=246 width=4) (actual time=1.502..1218.104 rows=2215 loops=1)
                    Filter: (keyword_id = 486)
                    Rows Removed by Filter: 4521715
              ->  Index Only Scan using title_pkey on title t  (cost=0.43..8.40 rows=1 width=4) (actual time=0.038..0.038 rows=1 loops=2215)
                    Index Cond: (id = mk.movie_id)
                    Heap Fetches: 2215
Planning time: 1.212 ms
Execution time: 8235.601 ms
