Hash Join  (cost=102767.86..1274741.95 rows=15211379 width=0) (actual time=4572.429..28845.686 rows=13542679 loops=1)
  Hash Cond: (ci.movie_id = t.id)
  ->  Seq Scan on cast_info ci  (cost=0.00..796071.18 rows=15211379 width=4) (actual time=2666.456..15790.719 rows=13542679 loops=1)
        Filter: ((person_id > 1306951) AND (role_id < 4))
        Rows Removed by Filter: 22701665
  ->  Hash  (cost=61283.27..61283.27 rows=2528527 width=4) (actual time=1903.999..1903.999 rows=2528312 loops=1)
        Buckets: 131072  Batches: 64  Memory Usage: 2415kB
        ->  Seq Scan on title t  (cost=0.00..61283.27 rows=2528527 width=4) (actual time=1.264..1081.631 rows=2528312 loops=1)
Planning time: 0.735 ms
Execution time: 30358.630 ms
