Seq Scan on movie_companies mc  (cost=0.00..51404.11 rows=1817531 width=0) (actual time=0.012..875.620 rows=1810740 loops=1)
  Filter: (company_id < 30629)
  Rows Removed by Filter: 798389
Planning time: 1.291 ms
Execution time: 1102.211 ms
