Hash Join  (cost=246743.67..719305.30 rows=3754336 width=0) (actual time=5660.409..18148.071 rows=16350665 loops=1)
  Hash Cond: (mi.movie_id = t.id)
  ->  Seq Scan on movie_info mi  (cost=0.00..346232.03 rows=7235534 width=4) (actual time=0.010..5180.546 rows=7286865 loops=1)
        Filter: (info_type_id < 8)
        Rows Removed by Filter: 7548855
  ->  Hash  (cost=225218.80..225218.80 rows=1311989 width=8) (actual time=5659.481..5659.481 rows=1320444 loops=1)
        Buckets: 131072  Batches: 32  Memory Usage: 2713kB
        ->  Hash Join  (cost=102767.86..225218.80 rows=1311989 width=8) (actual time=1825.622..5286.118 rows=1320444 loops=1)
              Hash Cond: (mk.movie_id = t.id)
              ->  Seq Scan on movie_keyword mk  (cost=0.00..81003.12 rows=1311989 width=4) (actual time=0.025..1383.041 rows=1320444 loops=1)
                    Filter: (keyword_id < 1732)
                    Rows Removed by Filter: 3203486
              ->  Hash  (cost=61283.27..61283.27 rows=2528527 width=4) (actual time=1824.125..1824.125 rows=2528312 loops=1)
                    Buckets: 131072  Batches: 64  Memory Usage: 2425kB
                    ->  Seq Scan on title t  (cost=0.00..61283.27 rows=2528527 width=4) (actual time=0.023..987.728 rows=2528312 loops=1)
Planning time: 1.185 ms
Execution time: 19888.788 ms
