Seq Scan on movie_keyword mk  (cost=0.00..81003.12 rows=480987 width=0) (actual time=0.020..1446.708 rows=477074 loops=1)
  Filter: (keyword_id > 37454)
  Rows Removed by Filter: 4046856
Planning time: 0.318 ms
Execution time: 1509.416 ms
