Hash Join  (cost=134401.28..636479.29 rows=2087305 width=0) (actual time=2876.038..18462.797 rows=9984876 loops=1)
  Hash Cond: (mi.movie_id = t.id)
  ->  Seq Scan on movie_info mi  (cost=0.00..309384.22 rows=14739122 width=4) (actual time=0.012..6159.786 rows=14835720 loops=1)
  ->  Hash  (cost=128526.26..128526.26 rows=358082 width=8) (actual time=2872.890..2872.890 rows=563853 loops=1)
        Buckets: 131072  Batches: 8  Memory Usage: 3801kB
        ->  Hash Join  (cost=84689.96..128526.26 rows=358082 width=8) (actual time=1323.074..2692.888 rows=563853 loops=1)
              Hash Cond: (mi_idx.movie_id = t.id)
              ->  Seq Scan on movie_info_idx mi_idx  (cost=0.00..21735.35 rows=1380035 width=4) (actual time=0.015..464.023 rows=1380035 loops=1)
              ->  Hash  (cost=73925.90..73925.90 rows=656084 width=4) (actual time=1321.895..1321.895 rows=555560 loops=1)
                    Buckets: 131072  Batches: 16  Memory Usage: 2241kB
                    ->  Seq Scan on title t  (cost=0.00..73925.90 rows=656084 width=4) (actual time=0.017..1131.051 rows=555560 loops=1)
                          Filter: ((kind_id < 7) AND (production_year > 1993))
                          Rows Removed by Filter: 1972752
Planning time: 1.166 ms
Execution time: 19602.893 ms
