Seq Scan on movie_keyword mk  (cost=0.00..81003.12 rows=246 width=0) (actual time=17.542..1255.638 rows=106 loops=1)
  Filter: (keyword_id = 5724)
  Rows Removed by Filter: 4523824
Planning time: 0.383 ms
Execution time: 1255.818 ms
