Seq Scan on movie_keyword mk  (cost=0.00..81003.12 rows=4435976 width=0) (actual time=0.014..1347.417 rows=4437976 loops=1)
  Filter: (keyword_id < 86065)
  Rows Removed by Filter: 85954
Planning time: 0.323 ms
Execution time: 1828.644 ms
