Seq Scan on movie_companies mc  (cost=0.00..57926.93 rows=837014 width=0) (actual time=138.097..1057.493 rows=524055 loops=1)
  Filter: ((company_id < 17460) AND (company_type_id > 1))
  Rows Removed by Filter: 2085074
Planning time: 0.339 ms
Execution time: 1121.942 ms
