Hash Join  (cost=95402.93..150167.60 rows=9915 width=0) (actual time=1258.262..2528.279 rows=30793 loops=1)
  Hash Cond: (mc.movie_id = t.id)
  ->  Seq Scan on movie_companies mc  (cost=0.00..44881.29 rows=2609129 width=4) (actual time=0.016..681.559 rows=2609129 loops=1)
  ->  Hash  (cost=95282.82..95282.82 rows=9609 width=8) (actual time=1257.737..1257.737 rows=11519 loops=1)
        Buckets: 16384  Batches: 1  Memory Usage: 578kB
        ->  Hash Join  (cost=68257.79..95282.82 rows=9609 width=8) (actual time=847.222..1253.857 rows=11519 loops=1)
              Hash Cond: (mi_idx.movie_id = t.id)
              ->  Seq Scan on movie_info_idx mi_idx  (cost=0.00..25185.44 rows=464934 width=4) (actual time=0.017..289.727 rows=460185 loops=1)
                    Filter: (info_type_id > 100)
                    Rows Removed by Filter: 919850
              ->  Hash  (cost=67604.59..67604.59 rows=52256 width=4) (actual time=846.816..846.816 rows=53013 loops=1)
                    Buckets: 65536  Batches: 1  Memory Usage: 2376kB
                    ->  Seq Scan on title t  (cost=0.00..67604.59 rows=52256 width=4) (actual time=0.038..826.013 rows=53013 loops=1)
                          Filter: (production_year = 2000)
                          Rows Removed by Filter: 2475299
Planning time: 1.157 ms
Execution time: 2533.441 ms
