Hash Join  (cost=94642.16..149321.68 rows=1399 width=0) (actual time=1576.437..2651.452 rows=10645 loops=1)
  Hash Cond: (mc.movie_id = t.id)
  ->  Seq Scan on movie_companies mc  (cost=0.00..44881.29 rows=2609129 width=4) (actual time=0.012..567.760 rows=2609129 loops=1)
  ->  Hash  (cost=94625.21..94625.21 rows=1356 width=8) (actual time=1576.351..1576.351 rows=3507 loops=1)
        Buckets: 4096 (originally 2048)  Batches: 1 (originally 1)  Memory Usage: 169kB
        ->  Hash Join  (cost=67697.55..94625.21 rows=1356 width=8) (actual time=1030.590..1574.607 rows=3507 loops=1)
              Hash Cond: (mi_idx.movie_id = t.id)
              ->  Seq Scan on movie_info_idx mi_idx  (cost=0.00..25185.44 rows=460978 width=4) (actual time=0.018..433.387 rows=459925 loops=1)
                    Filter: (info_type_id < 100)
                    Rows Removed by Filter: 920110
              ->  Hash  (cost=67604.59..67604.59 rows=7437 width=4) (actual time=1030.495..1030.495 rows=14601 loops=1)
                    Buckets: 16384 (originally 8192)  Batches: 1 (originally 1)  Memory Usage: 642kB
                    ->  Seq Scan on title t  (cost=0.00..67604.59 rows=7437 width=4) (actual time=0.033..1023.697 rows=14601 loops=1)
                          Filter: (production_year = 1967)
                          Rows Removed by Filter: 2513711
Planning time: 1.169 ms
Execution time: 2653.373 ms
