Hash Join  (cost=615208.79..2178107.73 rows=29465175 width=0) (actual time=15652.891..76312.595 rows=106220042 loops=1)
  Hash Cond: (ci.movie_id = t.id)
  ->  Seq Scan on cast_info ci  (cost=0.00..614943.12 rows=36225612 width=4) (actual time=0.006..13754.176 rows=36244344 loops=1)
  ->  Hash  (cost=581466.64..581466.64 rows=2056652 width=8) (actual time=15652.205..15652.205 rows=3117949 loops=1)
        Buckets: 131072 (originally 131072)  Batches: 64 (originally 32)  Memory Usage: 3073kB
        ->  Hash Join  (cost=79715.19..581466.64 rows=2056652 width=8) (actual time=1161.354..14772.865 rows=3117949 loops=1)
              Hash Cond: (mi.movie_id = t.id)
              ->  Seq Scan on movie_info mi  (cost=0.00..309384.22 rows=14739122 width=4) (actual time=0.009..5964.220 rows=14835720 loops=1)
              ->  Hash  (cost=73925.90..73925.90 rows=352823 width=4) (actual time=1160.558..1160.558 rows=302088 loops=1)
                    Buckets: 131072  Batches: 8  Memory Usage: 2348kB
                    ->  Seq Scan on title t  (cost=0.00..73925.90 rows=352823 width=4) (actual time=0.056..1053.923 rows=302088 loops=1)
                          Filter: ((kind_id < 7) AND (production_year > 2006))
                          Rows Removed by Filter: 2226224
Planning time: 1.134 ms
Execution time: 88498.729 ms
