Hash Join  (cost=129990.29..256033.64 rows=331631 width=0) (actual time=3812.153..6037.607 rows=244415 loops=1)
  Hash Cond: (mk.movie_id = t.id)
  ->  Seq Scan on movie_keyword mk  (cost=0.00..69693.30 rows=4523930 width=4) (actual time=0.012..1440.193 rows=4523930 loops=1)
  ->  Hash  (cost=126948.35..126948.35 rows=185356 width=8) (actual time=2843.035..2843.035 rows=103238 loops=1)
        Buckets: 131072  Batches: 4  Memory Usage: 2038kB
        ->  Hash Join  (cost=90606.68..126948.35 rows=185356 width=8) (actual time=1914.408..2806.679 rows=103238 loops=1)
              Hash Cond: (mi_idx.movie_id = t.id)
              ->  Seq Scan on movie_info_idx mi_idx  (cost=0.00..25185.44 rows=460978 width=4) (actual time=0.026..464.638 rows=459925 loops=1)
                    Filter: (info_type_id = 99)
                    Rows Removed by Filter: 920110
              ->  Hash  (cost=73925.90..73925.90 rows=1016702 width=4) (actual time=1614.710..1614.710 rows=960113 loops=1)
                    Buckets: 131072  Batches: 16  Memory Usage: 3135kB
                    ->  Seq Scan on title t  (cost=0.00..73925.90 rows=1016702 width=4) (actual time=0.019..1315.910 rows=960113 loops=1)
                          Filter: ((production_year < 2008) AND (kind_id = 7))
                          Rows Removed by Filter: 1568199
Planning time: 1.192 ms
Execution time: 6069.936 ms
