Seq Scan on title t  (cost=0.00..73925.90 rows=751345 width=94) (actual time=0.023..1641.573 rows=793943 loops=1)
  Filter: ((kind_id < 7) AND (production_year < 2010))
  Rows Removed by Filter: 1734369
Planning time: 0.406 ms
Execution time: 1687.327 ms
