Hash Join  (cost=216772.71..1379825.57 rows=6629334 width=0) (actual time=4941.489..44688.530 rows=31314732 loops=1)
  Hash Cond: (ci.movie_id = t.id)
  ->  Seq Scan on cast_info ci  (cost=0.00..705507.15 rows=30368264 width=4) (actual time=0.014..16388.801 rows=30357435 loops=1)
        Filter: (person_id < 3055555)
        Rows Removed by Filter: 5886909
  ->  Hash  (cost=207716.05..207716.05 rows=551973 width=8) (actual time=4939.215..4939.215 rows=667415 loops=1)
        Buckets: 131072 (originally 131072)  Batches: 16 (originally 8)  Memory Usage: 3073kB
        ->  Hash Join  (cost=78988.28..207716.05 rows=551973 width=8) (actual time=1197.857..4737.252 rows=667415 loops=1)
              Hash Cond: (mk.movie_id = t.id)
              ->  Seq Scan on movie_keyword mk  (cost=0.00..69693.30 rows=4523930 width=4) (actual time=0.026..1539.981 rows=4523930 loops=1)
              ->  Hash  (cost=73925.90..73925.90 rows=308510 width=4) (actual time=1196.470..1196.470 rows=266599 loops=1)
                    Buckets: 131072  Batches: 8  Memory Usage: 2198kB
                    ->  Seq Scan on title t  (cost=0.00..73925.90 rows=308510 width=4) (actual time=0.058..1105.909 rows=266599 loops=1)
                          Filter: ((kind_id < 7) AND (production_year > 2007))
                          Rows Removed by Filter: 2261713
Planning time: 1.307 ms
Execution time: 48467.344 ms
