Seq Scan on movie_keyword mk  (cost=0.00..81003.12 rows=246 width=0) (actual time=52.237..1212.087 rows=66 loops=1)
  Filter: (keyword_id = 13812)
  Rows Removed by Filter: 4523864
Planning time: 0.377 ms
Execution time: 1212.228 ms
