Hash Join  (cost=76940.37..158944.26 rows=1668 width=0) (actual time=1281.706..2603.304 rows=4462 loops=1)
  Hash Cond: (mk.movie_id = t.id)
  ->  Seq Scan on movie_keyword mk  (cost=0.00..81003.12 rows=22957 width=4) (actual time=0.324..1266.513 rows=22479 loops=1)
        Filter: (keyword_id < 5)
        Rows Removed by Filter: 4501451
  ->  Hash  (cost=73925.90..73925.90 rows=183717 width=4) (actual time=1280.101..1280.101 rows=288223 loops=1)
        Buckets: 131072  Batches: 4  Memory Usage: 3569kB
        ->  Seq Scan on title t  (cost=0.00..73925.90 rows=183717 width=4) (actual time=0.136..1184.935 rows=288223 loops=1)
              Filter: ((kind_id < 7) AND (production_year < 1977))
              Rows Removed by Filter: 2240089
Planning time: 0.872 ms
Execution time: 2604.590 ms
