Hash Join  (cost=97599.19..876917.29 rows=183328 width=0) (actual time=3236.793..18863.705 rows=200414 loops=1)
  Hash Cond: (ci.movie_id = t.id)
  ->  Seq Scan on cast_info ci  (cost=0.00..705507.15 rows=19194041 width=4) (actual time=1242.039..12864.574 rows=19340316 loops=1)
        Filter: (person_id > 1671209)
        Rows Removed by Filter: 16904028
  ->  Hash  (cost=97297.30..97297.30 rows=24151 width=8) (actual time=1994.280..1994.280 rows=9874 loops=1)
        Buckets: 32768  Batches: 1  Memory Usage: 642kB
        ->  Hash Join  (cost=68438.72..97297.30 rows=24151 width=8) (actual time=1277.649..1990.040 rows=9874 loops=1)
              Hash Cond: (mi_idx.movie_id = t.id)
              ->  Seq Scan on movie_info_idx mi_idx  (cost=0.00..25185.44 rows=915101 width=4) (actual time=0.036..493.739 rows=919850 loops=1)
                    Filter: (info_type_id < 101)
                    Rows Removed by Filter: 460185
              ->  Hash  (cost=67604.59..67604.59 rows=66731 width=4) (actual time=1276.195..1276.195 rows=67342 loops=1)
                    Buckets: 131072  Batches: 1  Memory Usage: 3392kB
                    ->  Seq Scan on title t  (cost=0.00..67604.59 rows=66731 width=4) (actual time=0.015..1247.831 rows=67342 loops=1)
                          Filter: (production_year > 2012)
                          Rows Removed by Filter: 2460970
Planning time: 1.188 ms
Execution time: 18893.692 ms
