Hash Join  (cost=132375.11..159377.62 rows=9203 width=0) (actual time=2016.862..2585.216 rows=8015 loops=1)
  Hash Cond: (mi_idx.movie_id = t.id)
  ->  Seq Scan on movie_info_idx mi_idx  (cost=0.00..21735.35 rows=1380035 width=4) (actual time=0.015..299.011 rows=1380035 loops=1)
  ->  Hash  (cost=132164.34..132164.34 rows=16861 width=8) (actual time=2016.506..2016.506 rows=5568 loops=1)
        Buckets: 32768  Batches: 1  Memory Usage: 474kB
        ->  Hash Join  (cost=69687.24..132164.34 rows=16861 width=8) (actual time=1067.396..2013.957 rows=5568 loops=1)
              Hash Cond: (mc.movie_id = t.id)
              ->  Seq Scan on movie_companies mc  (cost=0.00..57926.93 rows=335883 width=4) (actual time=0.026..859.523 rows=183393 loops=1)
                    Filter: ((company_id < 895) AND (company_type_id > 1))
                    Rows Removed by Filter: 2425736
              ->  Hash  (cost=67604.59..67604.59 rows=126932 width=4) (actual time=1066.378..1066.378 rows=122861 loops=1)
                    Buckets: 131072  Batches: 2  Memory Usage: 3191kB
                    ->  Seq Scan on title t  (cost=0.00..67604.59 rows=126932 width=4) (actual time=0.017..1021.082 rows=122861 loops=1)
                          Filter: (production_year = 2008)
                          Rows Removed by Filter: 2405451
Planning time: 4.036 ms
Execution time: 2586.566 ms
