Hash Join  (cost=89253.38..231619.68 rows=1671426 width=0) (actual time=1678.887..6280.613 rows=3829069 loops=1)
  Hash Cond: (mk.movie_id = t.id)
  ->  Seq Scan on movie_keyword mk  (cost=0.00..69693.30 rows=4523930 width=4) (actual time=0.021..1458.943 rows=4523930 loops=1)
  ->  Hash  (cost=73925.90..73925.90 rows=934198 width=4) (actual time=1677.883..1677.883 rows=950693 loops=1)
        Buckets: 131072  Batches: 16  Memory Usage: 3123kB
        ->  Seq Scan on title t  (cost=0.00..73925.90 rows=934198 width=4) (actual time=0.015..1379.639 rows=950693 loops=1)
              Filter: ((kind_id < 7) AND (production_year < 2013))
              Rows Removed by Filter: 1577619
Planning time: 0.765 ms
Execution time: 6674.457 ms
