Seq Scan on movie_companies mc  (cost=0.00..57926.93 rows=702211 width=0) (actual time=0.007..1106.114 rows=935587 loops=1)
  Filter: ((company_id > 11137) AND (company_type_id > 1))
  Rows Removed by Filter: 1673542
Planning time: 0.258 ms
Execution time: 1229.988 ms
