Seq Scan on movie_keyword mk  (cost=0.00..81003.12 rows=1709464 width=0) (actual time=0.023..1454.678 rows=1715311 loops=1)
  Filter: (keyword_id > 8291)
  Rows Removed by Filter: 2808619
Planning time: 0.329 ms
Execution time: 1676.087 ms
