Hash Join  (cost=78556.72..119347.66 rows=241587 width=0) (actual time=1487.679..2510.220 rows=419760 loops=1)
  Hash Cond: (mi_idx.movie_id = t.id)
  ->  Seq Scan on movie_info_idx mi_idx  (cost=0.00..25185.44 rows=915101 width=4) (actual time=0.025..488.814 rows=919850 loops=1)
        Filter: (info_type_id < 101)
        Rows Removed by Filter: 460185
  ->  Hash  (cost=67604.59..67604.59 rows=667531 width=4) (actual time=1343.561..1343.561 rows=662825 loops=1)
        Buckets: 131072  Batches: 16  Memory Usage: 2476kB
        ->  Seq Scan on title t  (cost=0.00..67604.59 rows=667531 width=4) (actual time=0.300..1146.361 rows=662825 loops=1)
              Filter: (kind_id = 1)
              Rows Removed by Filter: 1865487
Planning time: 0.703 ms
Execution time: 2562.135 ms
