Seq Scan on movie_keyword mk  (cost=0.00..81003.12 rows=246 width=0) (actual time=3.885..1354.916 rows=512 loops=1)
  Filter: (keyword_id = 5370)
  Rows Removed by Filter: 4523418
Planning time: 0.782 ms
Execution time: 1355.241 ms
