Seq Scan on cast_info ci  (cost=0.00..705507.15 rows=26342188 width=0) (actual time=0.019..13086.236 rows=26557882 loops=1)
  Filter: (person_id > 951806)
  Rows Removed by Filter: 9686462
Planning time: 0.330 ms
Execution time: 16361.382 ms
