Seq Scan on movie_keyword mk  (cost=0.00..81003.12 rows=1008121 width=0) (actual time=0.024..1349.194 rows=1010879 loops=1)
  Filter: (keyword_id < 980)
  Rows Removed by Filter: 3513051
Planning time: 0.303 ms
Execution time: 1484.893 ms
