Seq Scan on cast_info ci  (cost=0.00..796071.18 rows=176 width=0) (actual time=9630.786..10697.174 rows=43 loops=1)
  Filter: ((person_id = 1460264) AND (role_id = 1))
  Rows Removed by Filter: 36244301
Planning time: 0.421 ms
Execution time: 10697.295 ms
