Hash Join  (cost=84417.00..447298.46 rows=328180 width=0) (actual time=1471.736..7828.183 rows=381443 loops=1)
  Hash Cond: (mi.movie_id = t.id)
  ->  Seq Scan on movie_info mi  (cost=0.00..346232.03 rows=809768 width=4) (actual time=0.010..5710.023 rows=802140 loops=1)
        Filter: (info_type_id < 2)
        Rows Removed by Filter: 14033580
  ->  Hash  (cost=67604.59..67604.59 rows=1024753 width=4) (actual time=1470.637..1470.637 rows=1021752 loops=1)
        Buckets: 131072  Batches: 16  Memory Usage: 3282kB
        ->  Seq Scan on title t  (cost=0.00..67604.59 rows=1024753 width=4) (actual time=0.018..1149.143 rows=1021752 loops=1)
              Filter: (production_year < 2000)
              Rows Removed by Filter: 1506560
Planning time: 0.726 ms
Execution time: 7869.350 ms
