Seq Scan on movie_keyword mk  (cost=0.00..81003.12 rows=246 width=0) (actual time=15.338..1353.410 rows=237 loops=1)
  Filter: (keyword_id = 4116)
  Rows Removed by Filter: 4523693
Planning time: 0.547 ms
Execution time: 1353.646 ms
