Hash Join  (cost=52284.99..416946.98 rows=606 width=0) (actual time=1021.968..7867.620 rows=35 loops=1)
  Hash Cond: (mi.movie_id = t.id)
  ->  Seq Scan on movie_info mi  (cost=0.00..309384.22 rows=14739122 width=4) (actual time=0.016..4398.433 rows=14835720 loops=1)
  ->  Hash  (cost=52283.69..52283.69 rows=104 width=8) (actual time=817.138..817.138 rows=14 loops=1)
        Buckets: 1024  Batches: 1  Memory Usage: 9kB
        ->  Nested Loop  (cost=0.43..52283.69 rows=104 width=8) (actual time=699.817..817.129 rows=14 loops=1)
              ->  Seq Scan on movie_companies mc  (cost=0.00..51404.11 rows=104 width=4) (actual time=699.747..816.943 rows=14 loops=1)
                    Filter: (company_id = 85166)
                    Rows Removed by Filter: 2609115
              ->  Index Only Scan using title_pkey on title t  (cost=0.43..8.45 rows=1 width=4) (actual time=0.011..0.011 rows=1 loops=14)
                    Index Cond: (id = mc.movie_id)
                    Heap Fetches: 14
Planning time: 1.163 ms
Execution time: 7867.733 ms
