Hash Join  (cost=106527.69..929601.71 rows=43033 width=0) (actual time=1977.805..20755.794 rows=211734 loops=1)
  Hash Cond: (ci.movie_id = t.id)
  ->  Seq Scan on cast_info ci  (cost=0.00..796071.18 rows=7086000 width=4) (actual time=0.019..16802.285 rows=7451973 loops=1)
        Filter: ((person_id < 3852487) AND (role_id = 2))
        Rows Removed by Filter: 28792371
  ->  Hash  (cost=106335.74..106335.74 rows=15356 width=8) (actual time=1977.593..1977.593 rows=34626 loops=1)
        Buckets: 65536 (originally 16384)  Batches: 1 (originally 1)  Memory Usage: 1865kB
        ->  Hash Join  (cost=75297.62..106335.74 rows=15356 width=8) (actual time=1500.706..1964.173 rows=34626 loops=1)
              Hash Cond: (mi_idx.movie_id = t.id)
              ->  Seq Scan on movie_info_idx mi_idx  (cost=0.00..25185.44 rows=464566 width=4) (actual time=0.014..483.741 rows=459925 loops=1)
                    Filter: (info_type_id = 101)
                    Rows Removed by Filter: 920110
              ->  Hash  (cost=73925.90..73925.90 rows=83577 width=4) (actual time=1271.671..1271.671 rows=92182 loops=1)
                    Buckets: 131072  Batches: 2  Memory Usage: 2649kB
                    ->  Seq Scan on title t  (cost=0.00..73925.90 rows=83577 width=4) (actual time=224.274..1234.759 rows=92182 loops=1)
                          Filter: ((production_year < 2011) AND (kind_id = 3))
                          Rows Removed by Filter: 2436130
Planning time: 1.223 ms
Execution time: 20785.136 ms
