Hash Join  (cost=260223.39..1292707.63 rows=11253558 width=0) (actual time=8381.810..41521.037 rows=45695382 loops=1)
  Hash Cond: (ci.movie_id = t.id)
  ->  Seq Scan on cast_info ci  (cost=0.00..705507.15 rows=16201301 width=4) (actual time=2330.653..15694.428 rows=16121683 loops=1)
        Filter: (role_id > 2)
        Rows Removed by Filter: 20122661
  ->  Hash  (cost=231408.19..231408.19 rows=1756336 width=8) (actual time=6050.006..6050.006 rows=1401264 loops=1)
        Buckets: 131072  Batches: 32  Memory Usage: 2773kB
        ->  Hash Join  (cost=90260.67..231408.19 rows=1756336 width=8) (actual time=1659.155..5676.469 rows=1401264 loops=1)
              Hash Cond: (mk.movie_id = t.id)
              ->  Seq Scan on movie_keyword mk  (cost=0.00..81003.12 rows=3216007 width=4) (actual time=0.033..1757.681 rows=3207040 loops=1)
                    Filter: (keyword_id > 1725)
                    Rows Removed by Filter: 1316890
              ->  Hash  (cost=67604.59..67604.59 rows=1380887 width=4) (actual time=1657.935..1657.935 rows=1381453 loops=1)
                    Buckets: 131072  Batches: 32  Memory Usage: 2551kB
                    ->  Seq Scan on title t  (cost=0.00..67604.59 rows=1380887 width=4) (actual time=0.017..1200.443 rows=1381453 loops=1)
                          Filter: (production_year > 2000)
                          Rows Removed by Filter: 1146859
Planning time: 1.156 ms
Execution time: 46788.810 ms
