Seq Scan on cast_info ci  (cost=0.00..796071.18 rows=17773548 width=0) (actual time=0.038..15462.766 rows=14739977 loops=1)
  Filter: ((person_id < 2808796) AND (role_id > 1))
  Rows Removed by Filter: 21504367
Planning time: 0.604 ms
Execution time: 17268.570 ms
