Hash Join  (cost=52284.99..412108.35 rows=149 width=0) (actual time=1284.743..6365.000 rows=175 loops=1)
  Hash Cond: (mi.movie_id = t.id)
  ->  Seq Scan on movie_info mi  (cost=0.00..346232.03 rows=3623957 width=4) (actual time=407.517..4986.839 rows=3624977 loops=1)
        Filter: (info_type_id < 4)
        Rows Removed by Filter: 11210743
  ->  Hash  (cost=52283.69..52283.69 rows=104 width=8) (actual time=859.896..859.896 rows=84 loops=1)
        Buckets: 1024  Batches: 1  Memory Usage: 12kB
        ->  Nested Loop  (cost=0.43..52283.69 rows=104 width=8) (actual time=748.357..859.841 rows=84 loops=1)
              ->  Seq Scan on movie_companies mc  (cost=0.00..51404.11 rows=104 width=4) (actual time=748.261..858.515 rows=84 loops=1)
                    Filter: (company_id = 78327)
                    Rows Removed by Filter: 2609045
              ->  Index Only Scan using title_pkey on title t  (cost=0.43..8.45 rows=1 width=4) (actual time=0.014..0.015 rows=1 loops=84)
                    Index Cond: (id = mc.movie_id)
                    Heap Fetches: 84
Planning time: 1.186 ms
Execution time: 6365.147 ms
