Seq Scan on cast_info ci  (cost=0.00..796071.18 rows=1638312 width=0) (actual time=11829.611..15403.800 rows=1703543 loops=1)
  Filter: ((person_id < 3653469) AND (role_id = 8))
  Rows Removed by Filter: 34540801
Planning time: 0.425 ms
Execution time: 15610.010 ms
