Hash Join  (cost=707973.74..2288905.31 rows=40535204 width=0) (actual time=21724.756..99469.570 rows=184852900 loops=1)
  Hash Cond: (ci.movie_id = t.id)
  ->  Seq Scan on cast_info ci  (cost=0.00..705507.15 rows=25508834 width=4) (actual time=0.026..15863.847 rows=25683232 loops=1)
        Filter: (person_id > 1036211)
        Rows Removed by Filter: 10561112
  ->  Hash  (cost=642052.80..642052.80 rows=4017995 width=8) (actual time=21721.638..21721.638 rows=8324238 loops=1)
        Buckets: 131072 (originally 131072)  Batches: 128 (originally 64)  Memory Usage: 3569kB
        ->  Hash Join  (cost=85435.26..642052.80 rows=4017995 width=8) (actual time=1647.379..19060.337 rows=8324238 loops=1)
              Hash Cond: (mi.movie_id = t.id)
              ->  Seq Scan on movie_info mi  (cost=0.00..346232.03 rows=14483353 width=4) (actual time=0.025..7362.174 rows=14528932 loops=1)
                    Filter: (info_type_id < 106)
                    Rows Removed by Filter: 306788
              ->  Hash  (cost=73925.90..73925.90 rows=701468 width=4) (actual time=1646.559..1646.559 rows=749931 loops=1)
                    Buckets: 131072  Batches: 16  Memory Usage: 2682kB
                    ->  Seq Scan on title t  (cost=0.00..73925.90 rows=701468 width=4) (actual time=0.015..1408.471 rows=749931 loops=1)
                          Filter: ((kind_id < 7) AND (production_year < 2009))
                          Rows Removed by Filter: 1778381
Planning time: 1.382 ms
Execution time: 120184.387 ms
