Seq Scan on movie_keyword mk  (cost=0.00..81003.12 rows=2961442 width=0) (actual time=0.015..1506.040 rows=2952595 loops=1)
  Filter: (keyword_id > 2365)
  Rows Removed by Filter: 1571335
Planning time: 0.348 ms
Execution time: 1871.469 ms
