Hash Join  (cost=436282.05..1257864.18 rows=186285 width=0) (actual time=6934.093..22100.406 rows=169372 loops=1)
  Hash Cond: (ci.movie_id = t.id)
  ->  Seq Scan on cast_info ci  (cost=0.00..796071.18 rows=6306161 width=4) (actual time=113.945..12958.634 rows=9694134 loops=1)
        Filter: ((person_id > 2739777) AND (role_id > 1))
        Rows Removed by Filter: 26550210
  ->  Hash  (cost=435348.39..435348.39 rows=74693 width=8) (actual time=6818.516..6818.516 rows=27876 loops=1)
        Buckets: 131072  Batches: 1  Memory Usage: 2113kB
        ->  Hash Join  (cost=82012.37..435348.39 rows=74693 width=8) (actual time=1757.149..6806.905 rows=27876 loops=1)
              Hash Cond: (mi.movie_id = t.id)
              ->  Seq Scan on movie_info mi  (cost=0.00..346232.03 rows=383217 width=4) (actual time=427.364..5278.856 rows=368218 loops=1)
                    Filter: (info_type_id = 17)
                    Rows Removed by Filter: 14467502
              ->  Hash  (cost=73925.90..73925.90 rows=492837 width=4) (actual time=1291.725..1291.725 rows=379345 loops=1)
                    Buckets: 131072  Batches: 8  Memory Usage: 2683kB
                    ->  Seq Scan on title t  (cost=0.00..73925.90 rows=492837 width=4) (actual time=0.028..1165.433 rows=379345 loops=1)
                          Filter: ((production_year < 1995) AND (kind_id = 7))
                          Rows Removed by Filter: 2148967
Planning time: 1.191 ms
Execution time: 22123.928 ms
