Seq Scan on title t  (cost=0.00..67604.59 rows=7437 width=0) (actual time=0.113..1039.808 rows=1965 loops=1)
  Filter: (production_year = 1946)
  Rows Removed by Filter: 2526347
Planning time: 0.377 ms
Execution time: 1040.468 ms
