Nested Loop  (cost=0.43..52283.69 rows=104 width=0) (actual time=216.319..872.482 rows=213 loops=1)
  ->  Seq Scan on movie_companies mc  (cost=0.00..51404.11 rows=104 width=4) (actual time=216.241..864.755 rows=213 loops=1)
        Filter: (company_id = 11980)
        Rows Removed by Filter: 2608916
  ->  Index Only Scan using title_pkey on title t  (cost=0.43..8.45 rows=1 width=4) (actual time=0.034..0.035 rows=1 loops=213)
        Index Cond: (id = mc.movie_id)
        Heap Fetches: 213
Planning time: 1.511 ms
Execution time: 872.629 ms
