Seq Scan on movie_companies mc  (cost=0.00..57926.93 rows=414594 width=0) (actual time=0.025..947.477 rows=741422 loops=1)
  Filter: ((company_id > 28295) AND (company_type_id = 2))
  Rows Removed by Filter: 1867707
Planning time: 0.430 ms
Execution time: 1047.603 ms
