Hash Join  (cost=439232.89..1434424.86 rows=299530 width=0) (actual time=9147.669..28871.568 rows=63221 loops=1)
  Hash Cond: (ci.movie_id = t.id)
  ->  Seq Scan on cast_info ci  (cost=0.00..705507.15 rows=28668949 width=4) (actual time=403.009..15063.813 rows=28808107 loops=1)
        Filter: (role_id < 8)
        Rows Removed by Filter: 7436237
  ->  Hash  (cost=438902.66..438902.66 rows=26418 width=8) (actual time=8737.731..8737.731 rows=8319 loops=1)
        Buckets: 32768  Batches: 1  Memory Usage: 581kB
        ->  Hash Join  (cost=73982.55..438902.66 rows=26418 width=8) (actual time=1196.034..8733.150 rows=8319 loops=1)
              Hash Cond: (mi.movie_id = t.id)
              ->  Seq Scan on movie_info mi  (cost=0.00..309384.22 rows=14739122 width=4) (actual time=0.023..4710.382 rows=14835720 loops=1)
              ->  Hash  (cost=73925.90..73925.90 rows=4532 width=4) (actual time=1160.040..1160.040 rows=2043 loops=1)
                    Buckets: 8192  Batches: 1  Memory Usage: 136kB
                    ->  Seq Scan on title t  (cost=0.00..73925.90 rows=4532 width=4) (actual time=0.496..1158.631 rows=2043 loops=1)
                          Filter: ((kind_id = 7) AND (production_year = 1950))
                          Rows Removed by Filter: 2526269
Planning time: 1.155 ms
Execution time: 28881.372 ms
