Hash Join  (cost=190230.21..1134920.44 rows=4592784 width=0) (actual time=7332.619..23700.420 rows=6474602 loops=1)
  Hash Cond: (ci.movie_id = t.id)
  ->  Seq Scan on cast_info ci  (cost=0.00..796071.18 rows=8414989 width=4) (actual time=2960.279..14162.881 rows=5046222 loops=1)
        Filter: ((person_id < 1864050) AND (role_id > 2))
        Rows Removed by Filter: 31198122
  ->  Hash  (cost=167588.78..167588.78 rows=1380035 width=8) (actual time=4370.937..4370.937 rows=1380035 loops=1)
        Buckets: 131072  Batches: 32  Memory Usage: 2708kB
        ->  Hash Join  (cost=102767.86..167588.78 rows=1380035 width=8) (actual time=1840.017..3861.631 rows=1380035 loops=1)
              Hash Cond: (mi_idx.movie_id = t.id)
              ->  Seq Scan on movie_info_idx mi_idx  (cost=0.00..21735.35 rows=1380035 width=4) (actual time=0.030..492.994 rows=1380035 loops=1)
              ->  Hash  (cost=61283.27..61283.27 rows=2528527 width=4) (actual time=1838.005..1838.005 rows=2528312 loops=1)
                    Buckets: 131072  Batches: 64  Memory Usage: 2415kB
                    ->  Seq Scan on title t  (cost=0.00..61283.27 rows=2528527 width=4) (actual time=0.026..996.984 rows=2528312 loops=1)
Planning time: 0.783 ms
Execution time: 24449.343 ms
