Seq Scan on movie_companies mc  (cost=0.00..51404.11 rows=1037725 width=0) (actual time=59.210..856.937 rows=1046582 loops=1)
  Filter: (company_id > 15055)
  Rows Removed by Filter: 1562547
Planning time: 0.336 ms
Execution time: 988.388 ms
