Hash Join  (cost=123385.82..1055317.74 rows=1033841 width=0) (actual time=13171.367..23632.407 rows=3422224 loops=1)
  Hash Cond: (ci.movie_id = t.id)
  ->  Seq Scan on cast_info ci  (cost=0.00..796071.18 rows=10773953 width=4) (actual time=10476.250..15766.504 rows=8710073 loops=1)
        Filter: ((person_id > 528628) AND (role_id < 2))
        Rows Removed by Filter: 27534271
  ->  Hash  (cost=119404.94..119404.94 rows=242631 width=8) (actual time=2694.144..2694.144 rows=420020 loops=1)
        Buckets: 131072 (originally 131072)  Batches: 8 (originally 4)  Memory Usage: 3079kB
        ->  Hash Join  (cost=78556.72..119404.94 rows=242631 width=8) (actual time=1318.792..2571.457 rows=420020 loops=1)
              Hash Cond: (mi_idx.movie_id = t.id)
              ->  Seq Scan on movie_info_idx mi_idx  (cost=0.00..25185.44 rows=919057 width=4) (actual time=0.026..597.051 rows=920110 loops=1)
                    Filter: (info_type_id > 99)
                    Rows Removed by Filter: 459925
              ->  Hash  (cost=67604.59..67604.59 rows=667531 width=4) (actual time=1317.776..1317.776 rows=662825 loops=1)
                    Buckets: 131072  Batches: 16  Memory Usage: 2476kB
                    ->  Seq Scan on title t  (cost=0.00..67604.59 rows=667531 width=4) (actual time=0.018..1090.329 rows=662825 loops=1)
                          Filter: (kind_id = 1)
                          Rows Removed by Filter: 1865487
Planning time: 1.220 ms
Execution time: 24071.323 ms
