Seq Scan on movie_keyword mk  (cost=0.00..81003.12 rows=246 width=0) (actual time=8.595..1167.237 rows=1693 loops=1)
  Filter: (keyword_id = 766)
  Rows Removed by Filter: 4522237
Planning time: 0.381 ms
Execution time: 1167.859 ms
