Seq Scan on movie_keyword mk  (cost=0.00..81003.12 rows=246 width=0) (actual time=42.943..1286.490 rows=95 loops=1)
  Filter: (keyword_id = 17015)
  Rows Removed by Filter: 4523835
Planning time: 0.416 ms
Execution time: 1286.663 ms
