Hash Join  (cost=204291.06..735917.82 rows=4856584 width=0) (actual time=5076.679..30156.037 rows=44552618 loops=1)
  Hash Cond: (mi.movie_id = t.id)
  ->  Seq Scan on movie_info mi  (cost=0.00..309384.22 rows=14739122 width=4) (actual time=0.019..6131.660 rows=14835720 loops=1)
  ->  Hash  (cost=190621.59..190621.59 rows=833157 width=8) (actual time=5075.683..5075.683 rows=1143022 loops=1)
        Buckets: 131072  Batches: 16  Memory Usage: 3867kB
        ->  Hash Join  (cost=102767.86..190621.59 rows=833157 width=8) (actual time=1943.042..4713.275 rows=1143022 loops=1)
              Hash Cond: (mc.movie_id = t.id)
              ->  Seq Scan on movie_companies mc  (cost=0.00..57926.93 rows=833157 width=4) (actual time=0.018..1135.353 rows=1143022 loops=1)
                    Filter: ((company_id < 20225) AND (company_type_id = 1))
                    Rows Removed by Filter: 1466107
              ->  Hash  (cost=61283.27..61283.27 rows=2528527 width=4) (actual time=1941.101..1941.101 rows=2528312 loops=1)
                    Buckets: 131072  Batches: 64  Memory Usage: 2415kB
                    ->  Seq Scan on title t  (cost=0.00..61283.27 rows=2528527 width=4) (actual time=0.016..1098.023 rows=2528312 loops=1)
Planning time: 1.424 ms
Execution time: 35522.714 ms
