Hash Join  (cost=83074.74..447745.01 rows=1434 width=0) (actual time=1303.861..8310.859 rows=6758 loops=1)
  Hash Cond: (mi.movie_id = t.id)
  ->  Seq Scan on movie_info mi  (cost=0.00..309384.22 rows=14739122 width=4) (actual time=0.011..4330.919 rows=14835720 loops=1)
  ->  Hash  (cost=83071.67..83071.67 rows=246 width=8) (actual time=1303.399..1303.399 rows=119 loops=1)
        Buckets: 1024  Batches: 1  Memory Usage: 13kB
        ->  Nested Loop  (cost=0.43..83071.67 rows=246 width=8) (actual time=42.049..1303.241 rows=119 loops=1)
              ->  Seq Scan on movie_keyword mk  (cost=0.00..81003.12 rows=246 width=4) (actual time=41.935..1292.041 rows=119 loops=1)
                    Filter: (keyword_id = 26654)
                    Rows Removed by Filter: 4523811
              ->  Index Only Scan using title_pkey on title t  (cost=0.43..8.40 rows=1 width=4) (actual time=0.089..0.089 rows=1 loops=119)
                    Index Cond: (id = mk.movie_id)
                    Heap Fetches: 119
Planning time: 2.442 ms
Execution time: 8312.443 ms
