Seq Scan on movie_companies mc  (cost=0.00..51404.11 rows=1538562 width=0) (actual time=0.026..920.851 rows=1526545 loops=1)
  Filter: (company_id < 14335)
  Rows Removed by Filter: 1082584
Planning time: 0.374 ms
Execution time: 1109.076 ms
