Seq Scan on movie_companies mc  (cost=0.00..57926.93 rows=123416 width=0) (actual time=0.020..775.178 rows=188342 loops=1)
  Filter: ((company_id < 115) AND (company_type_id = 1))
  Rows Removed by Filter: 2420787
Planning time: 0.585 ms
Execution time: 799.984 ms
