Hash Join  (cost=190230.21..329750.85 rows=1703563 width=0) (actual time=4522.114..10358.774 rows=7226697 loops=1)
  Hash Cond: (mk.movie_id = t.id)
  ->  Seq Scan on movie_keyword mk  (cost=0.00..81003.12 rows=3121301 width=4) (actual time=0.024..1839.166 rows=3102738 loops=1)
        Filter: (keyword_id > 1951)
        Rows Removed by Filter: 1421192
  ->  Hash  (cost=167588.78..167588.78 rows=1380035 width=8) (actual time=4521.087..4521.087 rows=1380035 loops=1)
        Buckets: 131072  Batches: 32  Memory Usage: 2726kB
        ->  Hash Join  (cost=102767.86..167588.78 rows=1380035 width=8) (actual time=2220.832..4138.830 rows=1380035 loops=1)
              Hash Cond: (mi_idx.movie_id = t.id)
              ->  Seq Scan on movie_info_idx mi_idx  (cost=0.00..21735.35 rows=1380035 width=4) (actual time=0.011..515.264 rows=1380035 loops=1)
              ->  Hash  (cost=61283.27..61283.27 rows=2528527 width=4) (actual time=2219.475..2219.475 rows=2528312 loops=1)
                    Buckets: 131072  Batches: 64  Memory Usage: 2415kB
                    ->  Seq Scan on title t  (cost=0.00..61283.27 rows=2528527 width=4) (actual time=0.009..1089.325 rows=2528312 loops=1)
Planning time: 0.789 ms
Execution time: 11167.931 ms
