Hash Join  (cost=83073.49..442896.73 rows=138 width=0) (actual time=2605.241..7570.317 rows=13224 loops=1)
  Hash Cond: (mi.movie_id = t.id)
  ->  Seq Scan on movie_info mi  (cost=0.00..346232.03 rows=3623957 width=4) (actual time=1222.322..5602.183 rows=3624977 loops=1)
        Filter: (info_type_id < 4)
        Rows Removed by Filter: 11210743
  ->  Hash  (cost=83072.29..83072.29 rows=96 width=8) (actual time=1381.772..1381.772 rows=2739 loops=1)
        Buckets: 4096 (originally 1024)  Batches: 1 (originally 1)  Memory Usage: 139kB
        ->  Nested Loop  (cost=0.43..83072.29 rows=96 width=8) (actual time=1.365..1379.842 rows=2739 loops=1)
              ->  Seq Scan on movie_keyword mk  (cost=0.00..81003.12 rows=246 width=4) (actual time=1.302..1266.338 rows=2867 loops=1)
                    Filter: (keyword_id = 731)
                    Rows Removed by Filter: 4521063
              ->  Index Scan using title_pkey on title t  (cost=0.43..8.40 rows=1 width=4) (actual time=0.038..0.038 rows=1 loops=2867)
                    Index Cond: (id = mk.movie_id)
                    Filter: (kind_id < 7)
                    Rows Removed by Filter: 0
Planning time: 3.978 ms
Execution time: 7573.306 ms
