Seq Scan on movie_companies mc  (cost=0.00..51404.11 rows=1702874 width=0) (actual time=0.017..942.869 rows=1694303 loops=1)
  Filter: (company_id < 20468)
  Rows Removed by Filter: 914826
Planning time: 0.374 ms
Execution time: 1151.126 ms
