Hash Join  (cost=67697.55..881710.23 rows=84442 width=0) (actual time=1050.302..21142.033 rows=161247 loops=1)
  Hash Cond: (ci.movie_id = t.id)
  ->  Seq Scan on cast_info ci  (cost=0.00..705507.15 rows=28709630 width=4) (actual time=0.014..12992.232 rows=28805435 loops=1)
        Filter: (person_id > 720150)
        Rows Removed by Filter: 7438909
  ->  Hash  (cost=67604.59..67604.59 rows=7437 width=4) (actual time=1050.216..1050.216 rows=14428 loops=1)
        Buckets: 16384 (originally 8192)  Batches: 1 (originally 1)  Memory Usage: 636kB
        ->  Seq Scan on title t  (cost=0.00..67604.59 rows=7437 width=4) (actual time=0.039..1043.118 rows=14428 loops=1)
              Filter: (production_year = 1978)
              Rows Removed by Filter: 2513884
Planning time: 0.787 ms
Execution time: 21169.725 ms
