Seq Scan on movie_companies mc  (cost=0.00..51404.11 rows=104 width=0) (actual time=14.212..647.063 rows=125 loops=1)
  Filter: (company_id = 15187)
  Rows Removed by Filter: 2609004
Planning time: 0.328 ms
Execution time: 647.156 ms
