Seq Scan on cast_info ci  (cost=0.00..796071.18 rows=1408196 width=0) (actual time=531.389..11386.871 rows=601042 loops=1)
  Filter: ((person_id < 207025) AND (role_id > 1))
  Rows Removed by Filter: 35643302
Planning time: 0.370 ms
Execution time: 11462.828 ms
