Seq Scan on cast_info ci  (cost=0.00..796071.18 rows=224 width=0) (actual time=7825.679..12811.129 rows=1 loops=1)
  Filter: ((role_id > 2) AND (person_id = 2167173))
  Rows Removed by Filter: 36244343
Planning time: 9.768 ms
Execution time: 12811.245 ms
