Seq Scan on cast_info ci  (cost=0.00..796071.18 rows=4027898 width=0) (actual time=2757.149..12335.463 rows=8196659 loops=1)
  Filter: ((person_id < 1117559) AND (role_id = 1))
  Rows Removed by Filter: 28047685
Planning time: 0.484 ms
Execution time: 13341.081 ms
