Hash Join  (cost=162910.07..1138369.47 rows=6157587 width=0) (actual time=3694.353..30536.661 rows=13383477 loops=1)
  Hash Cond: (ci.movie_id = t.id)
  ->  Seq Scan on cast_info ci  (cost=0.00..705507.15 rows=17724902 width=4) (actual time=0.015..14444.333 rows=17842563 loops=1)
        Filter: (person_id > 1829499)
        Rows Removed by Filter: 18401781
  ->  Hash  (cost=148498.02..148498.02 rows=878404 width=8) (actual time=3693.248..3693.248 rows=810457 loops=1)
        Buckets: 131072  Batches: 16  Memory Usage: 3002kB
        ->  Hash Join  (cost=94009.45..148498.02 rows=878404 width=8) (actual time=1843.609..3456.948 rows=810457 loops=1)
              Hash Cond: (mi_idx.movie_id = t.id)
              ->  Seq Scan on movie_info_idx mi_idx  (cost=0.00..21735.35 rows=1380035 width=4) (actual time=0.014..449.482 rows=1380035 loops=1)
              ->  Hash  (cost=67604.59..67604.59 rows=1609429 width=4) (actual time=1842.133..1842.133 rows=1607077 loops=1)
                    Buckets: 131072  Batches: 32  Memory Usage: 2791kB
                    ->  Seq Scan on title t  (cost=0.00..67604.59 rows=1609429 width=4) (actual time=0.012..1364.308 rows=1607077 loops=1)
                          Filter: (production_year > 1995)
                          Rows Removed by Filter: 921235
Planning time: 1.251 ms
Execution time: 32131.380 ms
