Hash Join  (cost=340815.96..1102075.22 rows=21197563 width=0) (actual time=7833.098..61906.387 rows=185873275 loops=1)
  Hash Cond: (mi.movie_id = t.id)
  ->  Seq Scan on movie_info mi  (cost=0.00..309384.22 rows=14739122 width=4) (actual time=0.008..6302.188 rows=14835720 loops=1)
  ->  Hash  (cost=281153.88..281153.88 rows=3636486 width=8) (actual time=7830.025..7830.025 rows=3629833 loops=1)
        Buckets: 131072  Batches: 64  Memory Usage: 3345kB
        ->  Hash Join  (cost=102767.86..281153.88 rows=3636486 width=8) (actual time=2013.458..6836.755 rows=3629833 loops=1)
              Hash Cond: (mk.movie_id = t.id)
              ->  Seq Scan on movie_keyword mk  (cost=0.00..81003.12 rows=3636486 width=4) (actual time=0.017..1811.528 rows=3629833 loops=1)
                    Filter: (keyword_id < 20622)
                    Rows Removed by Filter: 894097
              ->  Hash  (cost=61283.27..61283.27 rows=2528527 width=4) (actual time=2012.772..2012.772 rows=2528312 loops=1)
                    Buckets: 131072  Batches: 64  Memory Usage: 2425kB
                    ->  Seq Scan on title t  (cost=0.00..61283.27 rows=2528527 width=4) (actual time=0.011..1131.869 rows=2528312 loops=1)
Planning time: 0.947 ms
Execution time: 81252.977 ms
