Seq Scan on movie_keyword mk  (cost=0.00..81003.12 rows=2233860 width=0) (actual time=0.022..1444.119 rows=2232114 loops=1)
  Filter: (keyword_id > 4890)
  Rows Removed by Filter: 2291816
Planning time: 0.342 ms
Execution time: 1721.208 ms
