Hash Join  (cost=73962.22..100888.56 rows=1586 width=0) (actual time=1042.976..1665.383 rows=4000 loops=1)
  Hash Cond: (mi_idx.movie_id = t.id)
  ->  Seq Scan on movie_info_idx mi_idx  (cost=0.00..21735.35 rows=1380035 width=4) (actual time=0.010..343.032 rows=1380035 loops=1)
  ->  Hash  (cost=73925.90..73925.90 rows=2905 width=4) (actual time=1042.862..1042.862 rows=3316 loops=1)
        Buckets: 4096  Batches: 1  Memory Usage: 149kB
        ->  Seq Scan on title t  (cost=0.00..73925.90 rows=2905 width=4) (actual time=0.038..1041.266 rows=3316 loops=1)
              Filter: ((kind_id < 7) AND (production_year = 1955))
              Rows Removed by Filter: 2524996
Planning time: 0.769 ms
Execution time: 1666.105 ms
