Seq Scan on cast_info ci  (cost=0.00..705507.15 rows=500 width=0) (actual time=688.790..11342.471 rows=286 loops=1)
  Filter: (person_id = 2674588)
  Rows Removed by Filter: 36244058
Planning time: 13.627 ms
Execution time: 11342.600 ms
