Seq Scan on cast_info ci  (cost=0.00..705507.15 rows=500 width=0) (actual time=7120.833..10985.847 rows=6 loops=1)
  Filter: (person_id = 2237927)
  Rows Removed by Filter: 36244338
Planning time: 0.290 ms
Execution time: 10985.926 ms
