Hash Join  (cost=77838.49..176283.01 rows=124492 width=0) (actual time=1096.568..3102.622 rows=164663 loops=1)
  Hash Cond: (mk.movie_id = t.id)
  ->  Seq Scan on movie_keyword mk  (cost=0.00..81003.12 rows=1320127 width=4) (actual time=0.016..1420.417 rows=1330471 loops=1)
        Filter: (keyword_id < 1739)
        Rows Removed by Filter: 3193459
  ->  Hash  (cost=73925.90..73925.90 rows=238447 width=4) (actual time=1095.645..1095.645 rows=200165 loops=1)
        Buckets: 131072  Batches: 4  Memory Usage: 2790kB
        ->  Seq Scan on title t  (cost=0.00..73925.90 rows=238447 width=4) (actual time=507.389..1034.559 rows=200165 loops=1)
              Filter: ((production_year > 2006) AND (kind_id = 1))
              Rows Removed by Filter: 2328147
Planning time: 0.990 ms
Execution time: 3123.176 ms
