Seq Scan on movie_keyword mk  (cost=0.00..81003.12 rows=246 width=0) (actual time=0.350..1286.852 rows=1726 loops=1)
  Filter: (keyword_id = 3779)
  Rows Removed by Filter: 4522204
Planning time: 0.395 ms
Execution time: 1287.517 ms
