Nested Loop  (cost=0.43..83071.67 rows=246 width=0) (actual time=0.422..1097.718 rows=597 loops=1)
  ->  Seq Scan on movie_keyword mk  (cost=0.00..81003.12 rows=246 width=4) (actual time=0.352..1081.001 rows=597 loops=1)
        Filter: (keyword_id = 4593)
        Rows Removed by Filter: 4523333
  ->  Index Only Scan using title_pkey on title t  (cost=0.43..8.40 rows=1 width=4) (actual time=0.026..0.026 rows=1 loops=597)
        Index Cond: (id = mk.movie_id)
        Heap Fetches: 597
Planning time: 0.721 ms
Execution time: 1098.036 ms
