Seq Scan on movie_keyword mk  (cost=0.00..81003.12 rows=101188 width=0) (actual time=0.024..1314.875 rows=109861 loops=1)
  Filter: (keyword_id < 108)
  Rows Removed by Filter: 4414069
Planning time: 2.999 ms
Execution time: 1332.368 ms
