Seq Scan on movie_keyword mk  (cost=0.00..81003.12 rows=4096326 width=0) (actual time=0.021..1585.919 rows=4082957 loops=1)
  Filter: (keyword_id > 341)
  Rows Removed by Filter: 440973
Planning time: 0.331 ms
Execution time: 2095.653 ms
