Hash Join  (cost=101707.31..209587.03 rows=2144878 width=0) (actual time=2014.736..5232.405 rows=1908369 loops=1)
  Hash Cond: (mc.movie_id = t.id)
  ->  Seq Scan on movie_companies mc  (cost=0.00..44881.29 rows=2609129 width=4) (actual time=0.015..962.618 rows=2609129 loops=1)
  ->  Hash  (cost=67604.59..67604.59 rows=2078618 width=4) (actual time=2013.463..2013.463 rows=2074788 loops=1)
        Buckets: 131072  Batches: 32  Memory Usage: 3309kB
        ->  Seq Scan on title t  (cost=0.00..67604.59 rows=2078618 width=4) (actual time=0.021..1369.268 rows=2074788 loops=1)
              Filter: (production_year > 1970)
              Rows Removed by Filter: 453524
Planning time: 1.012 ms
Execution time: 5450.838 ms
