Seq Scan on movie_companies mc  (cost=0.00..57926.93 rows=1171123 width=0) (actual time=0.020..1038.745 rows=1103944 loops=1)
  Filter: ((company_id > 73) AND (company_type_id < 2))
  Rows Removed by Filter: 1505185
Planning time: 0.366 ms
Execution time: 1135.766 ms
