Hash Join  (cost=73962.22..100855.84 rows=522 width=0) (actual time=1148.902..1737.575 rows=2568 loops=1)
  Hash Cond: (mi_idx.movie_id = t.id)
  ->  Seq Scan on movie_info_idx mi_idx  (cost=0.00..25185.44 rows=454124 width=4) (actual time=0.029..496.281 rows=459925 loops=1)
        Filter: (info_type_id = 100)
        Rows Removed by Filter: 920110
  ->  Hash  (cost=73925.90..73925.90 rows=2905 width=4) (actual time=1148.573..1148.573 rows=6735 loops=1)
        Buckets: 8192 (originally 4096)  Batches: 1 (originally 1)  Memory Usage: 301kB
        ->  Seq Scan on title t  (cost=0.00..73925.90 rows=2905 width=4) (actual time=0.961..1145.160 rows=6735 loops=1)
              Filter: ((kind_id < 7) AND (production_year = 1980))
              Rows Removed by Filter: 2521577
Planning time: 0.735 ms
Execution time: 1738.303 ms
