Hash Join  (cost=152196.20..1294484.39 rows=10560501 width=0) (actual time=3691.895..42562.252 rows=24921683 loops=1)
  Hash Cond: (ci.movie_id = t.id)
  ->  Seq Scan on cast_info ci  (cost=0.00..614943.12 rows=36225612 width=4) (actual time=0.024..13112.463 rows=36244344 loops=1)
  ->  Hash  (cost=140102.24..140102.24 rows=737117 width=8) (actual time=3690.932..3690.932 rows=891238 loops=1)
        Buckets: 131072  Batches: 16  Memory Usage: 3205kB
        ->  Hash Join  (cost=89762.59..140102.24 rows=737117 width=8) (actual time=1716.330..3422.622 rows=891238 loops=1)
              Hash Cond: (mi_idx.movie_id = t.id)
              ->  Seq Scan on movie_info_idx mi_idx  (cost=0.00..21735.35 rows=1380035 width=4) (actual time=0.026..442.986 rows=1380035 loops=1)
              ->  Hash  (cost=67604.59..67604.59 rows=1350560 width=4) (actual time=1715.163..1715.163 rows=1348293 loops=1)
                    Buckets: 131072  Batches: 32  Memory Usage: 2505kB
                    ->  Seq Scan on title t  (cost=0.00..67604.59 rows=1350560 width=4) (actual time=0.023..1273.000 rows=1348293 loops=1)
                          Filter: (production_year < 2005)
                          Rows Removed by Filter: 1180019
Planning time: 1.164 ms
Execution time: 45366.669 ms
