Hash Join  (cost=98137.04..909797.46 rows=303525 width=0) (actual time=8066.416..14912.448 rows=434609 loops=1)
  Hash Cond: (ci.movie_id = t.id)
  ->  Seq Scan on cast_info ci  (cost=0.00..796071.18 rows=412398 width=4) (actual time=6063.160..12135.531 rows=632341 loops=1)
        Filter: ((person_id > 3100027) AND (role_id = 4))
        Rows Removed by Filter: 35612003
  ->  Hash  (cost=67604.59..67604.59 rows=1860996 width=4) (actual time=2001.255..2001.255 rows=1865487 loops=1)
        Buckets: 131072  Batches: 32  Memory Usage: 3079kB
        ->  Seq Scan on title t  (cost=0.00..67604.59 rows=1860996 width=4) (actual time=0.013..1409.562 rows=1865487 loops=1)
              Filter: (kind_id > 1)
              Rows Removed by Filter: 662825
Planning time: 8.946 ms
Execution time: 14965.691 ms
