Hash Join  (cost=156487.41..225272.01 rows=123348 width=0) (actual time=3396.830..4963.263 rows=183954 loops=1)
  Hash Cond: (mc.movie_id = t.id)
  ->  Seq Scan on movie_companies mc  (cost=0.00..57926.93 rows=676582 width=4) (actual time=110.852..973.633 rows=429708 loops=1)
        Filter: ((company_id < 11373) AND (company_type_id = 2))
        Rows Removed by Filter: 2179421
  ->  Hash  (cost=148924.19..148924.19 rows=460978 width=8) (actual time=3283.619..3283.619 rows=459925 loops=1)
        Buckets: 131072  Batches: 8  Memory Usage: 3275kB
        ->  Hash Join  (cost=102767.86..148924.19 rows=460978 width=8) (actual time=1927.607..3138.279 rows=459925 loops=1)
              Hash Cond: (mi_idx.movie_id = t.id)
              ->  Seq Scan on movie_info_idx mi_idx  (cost=0.00..25185.44 rows=460978 width=4) (actual time=0.026..399.697 rows=459925 loops=1)
                    Filter: (info_type_id < 100)
                    Rows Removed by Filter: 920110
              ->  Hash  (cost=61283.27..61283.27 rows=2528527 width=4) (actual time=1926.402..1926.402 rows=2528312 loops=1)
                    Buckets: 131072  Batches: 64  Memory Usage: 2415kB
                    ->  Seq Scan on title t  (cost=0.00..61283.27 rows=2528527 width=4) (actual time=0.015..1084.830 rows=2528312 loops=1)
Planning time: 1.222 ms
Execution time: 4985.757 ms
