Hash Join  (cost=52284.99..416946.98 rows=606 width=0) (actual time=818.654..7815.173 rows=509 loops=1)
  Hash Cond: (mi.movie_id = t.id)
  ->  Seq Scan on movie_info mi  (cost=0.00..309384.22 rows=14739122 width=4) (actual time=0.016..4453.217 rows=14835720 loops=1)
  ->  Hash  (cost=52283.69..52283.69 rows=104 width=8) (actual time=774.357..774.357 rows=103 loops=1)
        Buckets: 1024  Batches: 1  Memory Usage: 13kB
        ->  Nested Loop  (cost=0.43..52283.69 rows=104 width=8) (actual time=19.151..774.272 rows=103 loops=1)
              ->  Seq Scan on movie_companies mc  (cost=0.00..51404.11 rows=104 width=4) (actual time=19.058..771.974 rows=103 loops=1)
                    Filter: (company_id = 289)
                    Rows Removed by Filter: 2609026
              ->  Index Only Scan using title_pkey on title t  (cost=0.43..8.45 rows=1 width=4) (actual time=0.020..0.020 rows=1 loops=103)
                    Index Cond: (id = mc.movie_id)
                    Heap Fetches: 103
Planning time: 6.478 ms
Execution time: 7815.475 ms
