Seq Scan on title t  (cost=0.00..73925.90 rows=26803 width=0) (actual time=746.551..1122.549 rows=814 loops=1)
  Filter: ((production_year < 1985) AND (kind_id = 4))
  Rows Removed by Filter: 2527498
Planning time: 0.389 ms
Execution time: 1122.890 ms
