Nested Loop  (cost=0.43..83072.90 rows=56 width=0) (actual time=0.263..1329.359 rows=410 loops=1)
  ->  Seq Scan on movie_keyword mk  (cost=0.00..81003.12 rows=246 width=4) (actual time=0.225..1266.408 rows=1228 loops=1)
        Filter: (keyword_id = 925)
        Rows Removed by Filter: 4522702
  ->  Index Scan using title_pkey on title t  (cost=0.43..8.40 rows=1 width=4) (actual time=0.050..0.050 rows=0 loops=1228)
        Index Cond: (id = mk.movie_id)
        Filter: ((production_year > 1964) AND (kind_id = 1))
        Rows Removed by Filter: 1
Planning time: 1.945 ms
Execution time: 1329.664 ms
