Seq Scan on movie_companies mc  (cost=0.00..51404.11 rows=104 width=0) (actual time=3.274..811.516 rows=68 loops=1)
  Filter: (company_id = 14264)
  Rows Removed by Filter: 2609061
Planning time: 0.354 ms
Execution time: 811.608 ms
