Hash Join  (cost=89586.92..232396.54 rows=1707859 width=0) (actual time=1573.572..5596.100 rows=719867 loops=1)
  Hash Cond: (mk.movie_id = t.id)
  ->  Seq Scan on movie_keyword mk  (cost=0.00..69693.30 rows=4523930 width=4) (actual time=0.022..1481.049 rows=4523930 loops=1)
  ->  Hash  (cost=73925.90..73925.90 rows=954561 width=4) (actual time=1572.425..1572.425 rows=873022 loops=1)
        Buckets: 131072  Batches: 16  Memory Usage: 2951kB
        ->  Seq Scan on title t  (cost=0.00..73925.90 rows=954561 width=4) (actual time=0.013..1279.801 rows=873022 loops=1)
              Filter: ((kind_id > 3) AND (production_year < 2006))
              Rows Removed by Filter: 1655290
Planning time: 0.756 ms
Execution time: 5681.689 ms
