Hash Join  (cost=181078.66..561452.64 rows=604514 width=0) (actual time=4981.382..10790.149 rows=358380 loops=1)
  Hash Cond: (mi.movie_id = t.id)
  ->  Seq Scan on movie_info mi  (cost=0.00..346232.03 rows=2194617 width=4) (actual time=1022.611..5762.449 rows=2233850 loops=1)
        Filter: (info_type_id > 16)
        Rows Removed by Filter: 12601870
  ->  Hash  (cost=169651.53..169651.53 rows=696491 width=8) (actual time=3934.961..3934.961 rows=287550 loops=1)
        Buckets: 131072  Batches: 16  Memory Usage: 1714kB
        ->  Hash Join  (cost=85000.09..169651.53 rows=696491 width=8) (actual time=1624.774..3845.247 rows=287550 loops=1)
              Hash Cond: (mc.movie_id = t.id)
              ->  Seq Scan on movie_companies mc  (cost=0.00..44881.29 rows=2609129 width=4) (actual time=0.027..931.274 rows=2609129 loops=1)
              ->  Hash  (cost=73925.90..73925.90 rows=674975 width=4) (actual time=1530.066..1530.066 rows=739679 loops=1)
                    Buckets: 131072  Batches: 16  Memory Usage: 2654kB
                    ->  Seq Scan on title t  (cost=0.00..73925.90 rows=674975 width=4) (actual time=72.218..1290.518 rows=739679 loops=1)
                          Filter: ((production_year > 2004) AND (kind_id = 7))
                          Rows Removed by Filter: 1788633
Planning time: 1.169 ms
Execution time: 10833.644 ms
