Hash Join  (cost=67697.55..432786.99 rows=43351 width=0) (actual time=888.232..7004.249 rows=35217 loops=1)
  Hash Cond: (mi.movie_id = t.id)
  ->  Seq Scan on movie_info mi  (cost=0.00..309384.22 rows=14739122 width=4) (actual time=0.006..3495.962 rows=14835720 loops=1)
  ->  Hash  (cost=67604.59..67604.59 rows=7437 width=4) (actual time=859.933..859.933 rows=2467 loops=1)
        Buckets: 8192  Batches: 1  Memory Usage: 151kB
        ->  Seq Scan on title t  (cost=0.00..67604.59 rows=7437 width=4) (actual time=273.119..858.803 rows=2467 loops=1)
              Filter: (production_year = 1935)
              Rows Removed by Filter: 2525845
Planning time: 0.770 ms
Execution time: 7010.573 ms
