Hash Join  (cost=515342.27..676356.68 rows=2737946 width=0) (actual time=9906.570..18119.856 rows=18884340 loops=1)
  Hash Cond: (mk.movie_id = t.id)
  ->  Seq Scan on movie_keyword mk  (cost=0.00..69693.30 rows=4523930 width=4) (actual time=0.012..1602.385 rows=4523930 loops=1)
  ->  Hash  (cost=490235.52..490235.52 rows=1530300 width=8) (actual time=9905.832..9905.832 rows=1633598 loops=1)
        Buckets: 131072  Batches: 32  Memory Usage: 3102kB
        ->  Hash Join  (cost=88295.76..490235.52 rows=1530300 width=8) (actual time=4550.808..9426.890 rows=1633598 loops=1)
              Hash Cond: (mi.movie_id = t.id)
              ->  Seq Scan on movie_info mi  (cost=0.00..346232.03 rows=3068194 width=4) (actual time=2810.741..5476.590 rows=3036719 loops=1)
                    Filter: (info_type_id = 16)
                    Rows Removed by Filter: 11799001
              ->  Hash  (cost=67604.59..67604.59 rows=1261134 width=4) (actual time=1738.507..1738.507 rows=1260295 loops=1)
                    Buckets: 131072  Batches: 32  Memory Usage: 2420kB
                    ->  Seq Scan on title t  (cost=0.00..67604.59 rows=1261134 width=4) (actual time=0.024..1313.521 rows=1260295 loops=1)
                          Filter: (production_year > 2002)
                          Rows Removed by Filter: 1268017
Planning time: 1.173 ms
Execution time: 20326.811 ms
