Seq Scan on cast_info ci  (cost=0.00..796071.18 rows=8304990 width=0) (actual time=0.019..13827.156 rows=11231571 loops=1)
  Filter: ((person_id > 1733672) AND (role_id > 2))
  Rows Removed by Filter: 25012773
Planning time: 0.379 ms
Execution time: 15149.939 ms
