Hash Join  (cost=102767.86..259037.01 rows=2717417 width=0) (actual time=1979.030..6297.025 rows=2717801 loops=1)
  Hash Cond: (mk.movie_id = t.id)
  ->  Seq Scan on movie_keyword mk  (cost=0.00..81003.12 rows=2717417 width=4) (actual time=0.030..1690.656 rows=2717801 loops=1)
        Filter: (keyword_id < 7682)
        Rows Removed by Filter: 1806129
  ->  Hash  (cost=61283.27..61283.27 rows=2528527 width=4) (actual time=1978.187..1978.187 rows=2528312 loops=1)
        Buckets: 131072  Batches: 64  Memory Usage: 2425kB
        ->  Seq Scan on title t  (cost=0.00..61283.27 rows=2528527 width=4) (actual time=0.012..1116.826 rows=2528312 loops=1)
Planning time: 3.037 ms
Execution time: 6622.325 ms
