Seq Scan on movie_keyword mk  (cost=0.00..81003.12 rows=656562 width=0) (actual time=0.028..1371.516 rows=655932 loops=1)
  Filter: (keyword_id < 508)
  Rows Removed by Filter: 3867998
Planning time: 0.334 ms
Execution time: 1456.996 ms
