Hash Join  (cost=150592.51..1193667.07 rows=3834716 width=0) (actual time=3427.927..33544.957 rows=8457984 loops=1)
  Hash Cond: (ci.movie_id = t.id)
  ->  Seq Scan on cast_info ci  (cost=0.00..705507.15 rows=25751272 width=4) (actual time=0.016..15504.814 rows=25943917 loops=1)
        Filter: (person_id > 1012742)
        Rows Removed by Filter: 10300427
  ->  Hash  (cost=144414.86..144414.86 rows=376532 width=8) (actual time=3427.153..3427.153 rows=416027 loops=1)
        Buckets: 131072  Batches: 8  Memory Usage: 3062kB
        ->  Hash Join  (cost=101489.21..144414.86 rows=376532 width=8) (actual time=2082.460..3296.119 rows=416027 loops=1)
              Hash Cond: (mi_idx.movie_id = t.id)
              ->  Seq Scan on movie_info_idx mi_idx  (cost=0.00..25185.44 rows=460978 width=4) (actual time=0.015..456.681 rows=459925 loops=1)
                    Filter: (info_type_id < 100)
                    Rows Removed by Filter: 920110
              ->  Hash  (cost=67604.59..67604.59 rows=2065330 width=4) (actual time=2081.214..2081.214 rows=2064552 loops=1)
                    Buckets: 131072  Batches: 32  Memory Usage: 3289kB
                    ->  Seq Scan on title t  (cost=0.00..67604.59 rows=2065330 width=4) (actual time=0.002..1403.485 rows=2064552 loops=1)
                          Filter: (production_year < 2011)
                          Rows Removed by Filter: 463760
Planning time: 0.828 ms
Execution time: 34498.559 ms
