Hash Join  (cost=93155.63..208257.32 rows=844751 width=0) (actual time=2085.429..4160.997 rows=218356 loops=1)
  Hash Cond: (mk.movie_id = t.id)
  ->  Seq Scan on movie_keyword mk  (cost=0.00..81003.12 rows=1822415 width=4) (actual time=0.010..1439.912 rows=1828743 loops=1)
        Filter: (keyword_id > 7632)
        Rows Removed by Filter: 2695187
  ->  Hash  (cost=73925.90..73925.90 rows=1172058 width=4) (actual time=1705.651..1705.651 rows=1128906 loops=1)
        Buckets: 131072  Batches: 16  Memory Usage: 3509kB
        ->  Seq Scan on title t  (cost=0.00..73925.90 rows=1172058 width=4) (actual time=0.017..1325.495 rows=1128906 loops=1)
              Filter: ((production_year < 2010) AND (kind_id = 7))
              Rows Removed by Filter: 1399406
Planning time: 0.792 ms
Execution time: 4186.015 ms
