Nested Loop  (cost=0.43..798788.22 rows=86 width=0) (actual time=9595.683..13503.440 rows=55 loops=1)
  ->  Seq Scan on cast_info ci  (cost=0.00..796071.18 rows=324 width=4) (actual time=9595.597..13502.425 rows=55 loops=1)
        Filter: ((role_id > 1) AND (person_id = 30632))
        Rows Removed by Filter: 36244289
  ->  Index Scan using title_pkey on title t  (cost=0.43..8.38 rows=1 width=4) (actual time=0.016..0.017 rows=1 loops=55)
        Index Cond: (id = ci.movie_id)
        Filter: (kind_id = 1)
Planning time: 0.860 ms
Execution time: 13503.582 ms
