Seq Scan on movie_keyword mk  (cost=0.00..81003.12 rows=246 width=0) (actual time=22.637..1309.968 rows=112 loops=1)
  Filter: (keyword_id = 12821)
  Rows Removed by Filter: 4523818
Planning time: 0.397 ms
Execution time: 1310.144 ms
