Hash Join  (cost=74834.24..131460.47 rows=37172 width=0) (actual time=1291.609..2517.393 rows=116365 loops=1)
  Hash Cond: (mc.movie_id = t.id)
  ->  Seq Scan on movie_companies mc  (cost=0.00..51404.11 rows=1293439 width=4) (actual time=0.030..908.675 rows=1284781 loops=1)
        Filter: (company_id < 11241)
        Rows Removed by Filter: 1324348
  ->  Hash  (cost=73925.90..73925.90 rows=72667 width=4) (actual time=1252.237..1252.237 rows=85275 loops=1)
        Buckets: 131072  Batches: 1  Memory Usage: 4022kB
        ->  Seq Scan on title t  (cost=0.00..73925.90 rows=72667 width=4) (actual time=455.013..1220.682 rows=85275 loops=1)
              Filter: ((production_year < 2009) AND (kind_id = 3))
              Rows Removed by Filter: 2443037
Planning time: 0.807 ms
Execution time: 2532.429 ms
