Hash Join  (cost=100509.00..853825.12 rows=252696 width=0) (actual time=1569.800..19766.586 rows=585374 loops=1)
  Hash Cond: (ci.movie_id = t.id)
  ->  Seq Scan on cast_info ci  (cost=0.00..614943.12 rows=36225612 width=4) (actual time=0.010..8882.968 rows=36244344 loops=1)
  ->  Hash  (cost=100288.53..100288.53 rows=17638 width=8) (actual time=1569.574..1569.574 rows=19289 loops=1)
        Buckets: 32768  Batches: 1  Memory Usage: 1010kB
        ->  Hash Join  (cost=69179.59..100288.53 rows=17638 width=8) (actual time=1070.851..1562.924 rows=19289 loops=1)
              Hash Cond: (mi_idx.movie_id = t.id)
              ->  Seq Scan on movie_info_idx mi_idx  (cost=0.00..25185.44 rows=464566 width=4) (actual time=0.014..296.871 rows=459925 loops=1)
                    Filter: (info_type_id = 101)
                    Rows Removed by Filter: 920110
              ->  Hash  (cost=67604.59..67604.59 rows=96000 width=4) (actual time=1070.090..1070.090 rows=95005 loops=1)
                    Buckets: 131072  Batches: 2  Memory Usage: 2716kB
                    ->  Seq Scan on title t  (cost=0.00..67604.59 rows=96000 width=4) (actual time=0.015..1034.038 rows=95005 loops=1)
                          Filter: (production_year = 2005)
                          Rows Removed by Filter: 2433307
Planning time: 1.222 ms
Execution time: 19856.281 ms
