Seq Scan on movie_keyword mk  (cost=0.00..81003.12 rows=246 width=0) (actual time=36.670..1281.527 rows=18 loops=1)
  Filter: (keyword_id = 14755)
  Rows Removed by Filter: 4523912
Planning time: 0.362 ms
Execution time: 1281.630 ms
