Hash Join  (cost=83073.36..440811.57 rows=45 width=0) (actual time=4041.673..7085.708 rows=74 loops=1)
  Hash Cond: (mi.movie_id = t.id)
  ->  Seq Scan on movie_info mi  (cost=0.00..346232.03 rows=3068194 width=4) (actual time=1649.423..5484.935 rows=3036719 loops=1)
        Filter: (info_type_id = 16)
        Rows Removed by Filter: 11799001
  ->  Hash  (cost=83072.90..83072.90 rows=37 width=8) (actual time=1180.881..1180.881 rows=2 loops=1)
        Buckets: 1024  Batches: 1  Memory Usage: 9kB
        ->  Nested Loop  (cost=0.43..83072.90 rows=37 width=8) (actual time=254.523..1180.870 rows=2 loops=1)
              ->  Seq Scan on movie_keyword mk  (cost=0.00..81003.12 rows=246 width=4) (actual time=1.064..1179.724 rows=24 loops=1)
                    Filter: (keyword_id = 20121)
                    Rows Removed by Filter: 4523906
              ->  Index Scan using title_pkey on title t  (cost=0.43..8.40 rows=1 width=4) (actual time=0.042..0.042 rows=0 loops=24)
                    Index Cond: (id = mk.movie_id)
                    Filter: ((kind_id < 3) AND (production_year > 2002))
                    Rows Removed by Filter: 1
Planning time: 1.387 ms
Execution time: 7085.850 ms
