Seq Scan on movie_companies mc  (cost=0.00..51404.11 rows=1408244 width=0) (actual time=0.011..969.683 rows=1397746 loops=1)
  Filter: (company_id < 12167)
  Rows Removed by Filter: 1211383
Planning time: 1.120 ms
Execution time: 1144.392 ms
