Hash Join  (cost=100888.25..155559.24 rows=547 width=0) (actual time=1742.329..2844.592 rows=12353 loops=1)
  Hash Cond: (mc.movie_id = t.id)
  ->  Seq Scan on movie_companies mc  (cost=0.00..44881.29 rows=2609129 width=4) (actual time=0.017..574.667 rows=2609129 loops=1)
  ->  Hash  (cost=100881.62..100881.62 rows=530 width=8) (actual time=1742.058..1742.058 rows=3705 loops=1)
        Buckets: 4096 (originally 1024)  Batches: 1 (originally 1)  Memory Usage: 177kB
        ->  Hash Join  (cost=73962.22..100881.62 rows=530 width=8) (actual time=1216.331..1740.205 rows=3705 loops=1)
              Hash Cond: (mi_idx.movie_id = t.id)
              ->  Seq Scan on movie_info_idx mi_idx  (cost=0.00..25185.44 rows=460978 width=4) (actual time=0.028..434.360 rows=459925 loops=1)
                    Filter: (info_type_id < 100)
                    Rows Removed by Filter: 920110
              ->  Hash  (cost=73925.90..73925.90 rows=2905 width=4) (actual time=1215.809..1215.809 rows=8319 loops=1)
                    Buckets: 16384 (originally 4096)  Batches: 1 (originally 1)  Memory Usage: 421kB
                    ->  Seq Scan on title t  (cost=0.00..73925.90 rows=2905 width=4) (actual time=0.039..1211.603 rows=8319 loops=1)
                          Filter: ((kind_id < 7) AND (production_year = 1988))
                          Rows Removed by Filter: 2519993
Planning time: 2.396 ms
Execution time: 2846.819 ms
