Hash Join  (cost=52284.99..803089.06 rows=1490 width=0) (actual time=857.920..17130.615 rows=37549 loops=1)
  Hash Cond: (ci.movie_id = t.id)
  ->  Seq Scan on cast_info ci  (cost=0.00..614943.12 rows=36225612 width=4) (actual time=0.009..8752.289 rows=36244344 loops=1)
  ->  Hash  (cost=52283.69..52283.69 rows=104 width=8) (actual time=857.866..857.866 rows=1859 loops=1)
        Buckets: 2048 (originally 1024)  Batches: 1 (originally 1)  Memory Usage: 89kB
        ->  Nested Loop  (cost=0.43..52283.69 rows=104 width=8) (actual time=0.384..856.671 rows=1859 loops=1)
              ->  Seq Scan on movie_companies mc  (cost=0.00..51404.11 rows=104 width=4) (actual time=0.352..758.732 rows=1859 loops=1)
                    Filter: (company_id = 594)
                    Rows Removed by Filter: 2607270
              ->  Index Only Scan using title_pkey on title t  (cost=0.43..8.45 rows=1 width=4) (actual time=0.051..0.052 rows=1 loops=1859)
                    Index Cond: (id = mc.movie_id)
                    Heap Fetches: 1859
Planning time: 0.810 ms
Execution time: 17138.759 ms
