Hash Join  (cost=74199.63..101153.65 rows=3992 width=0) (actual time=1172.507..1775.181 rows=4711 loops=1)
  Hash Cond: (mi_idx.movie_id = t.id)
  ->  Seq Scan on movie_info_idx mi_idx  (cost=0.00..25185.44 rows=460978 width=4) (actual time=0.033..478.376 rows=459925 loops=1)
        Filter: (info_type_id < 100)
        Rows Removed by Filter: 920110
  ->  Hash  (cost=73925.90..73925.90 rows=21898 width=4) (actual time=1171.637..1171.637 rows=24691 loops=1)
        Buckets: 32768  Batches: 1  Memory Usage: 1125kB
        ->  Seq Scan on title t  (cost=0.00..73925.90 rows=21898 width=4) (actual time=0.029..1160.638 rows=24691 loops=1)
              Filter: ((kind_id > 1) AND (production_year = 1994))
              Rows Removed by Filter: 2503621
Planning time: 0.846 ms
Execution time: 1776.147 ms
