Seq Scan on movie_keyword mk  (cost=0.00..81003.12 rows=1175982 width=0) (actual time=0.015..1424.119 rows=1187433 loops=1)
  Filter: (keyword_id > 15616)
  Rows Removed by Filter: 3336497
Planning time: 0.341 ms
Execution time: 1576.953 ms
