Seq Scan on movie_keyword mk  (cost=0.00..81003.12 rows=1562488 width=0) (actual time=0.021..1395.162 rows=1570237 loops=1)
  Filter: (keyword_id < 2365)
  Rows Removed by Filter: 2953693
Planning time: 0.359 ms
Execution time: 1612.971 ms
