Hash Join  (cost=202128.16..1368775.29 rows=12931797 width=0) (actual time=4562.160..46264.508 rows=36603882 loops=1)
  Hash Cond: (ci.movie_id = t.id)
  ->  Seq Scan on cast_info ci  (cost=0.00..614943.12 rows=36225612 width=4) (actual time=0.021..13333.209 rows=36244344 loops=1)
  ->  Hash  (cost=187319.26..187319.26 rows=902632 width=8) (actual time=4561.141..4561.141 rows=1044291 loops=1)
        Buckets: 131072  Batches: 16  Memory Usage: 3565kB
        ->  Hash Join  (cost=97066.09..187319.26 rows=902632 width=8) (actual time=1854.784..4247.013 rows=1044291 loops=1)
              Hash Cond: (mc.movie_id = t.id)
              ->  Seq Scan on movie_companies mc  (cost=0.00..57926.93 rows=1270983 width=4) (actual time=0.023..1134.666 rows=1274246 loops=1)
                    Filter: ((company_id < 219836) AND (company_type_id = 1))
                    Rows Removed by Filter: 1334883
              ->  Hash  (cost=67604.59..67604.59 rows=1795720 width=4) (actual time=1853.581..1853.581 rows=1794153 loops=1)
                    Buckets: 131072  Batches: 32  Memory Usage: 2992kB
                    ->  Seq Scan on title t  (cost=0.00..67604.59 rows=1795720 width=4) (actual time=0.015..1292.954 rows=1794153 loops=1)
                          Filter: (production_year < 2009)
                          Rows Removed by Filter: 734159
Planning time: 1.236 ms
Execution time: 50388.406 ms
