Hash Join  (cost=214777.69..257359.40 rows=284923 width=0) (actual time=4444.505..5879.985 rows=1047311 loops=1)
  Hash Cond: (mi_idx.movie_id = t.id)
  ->  Seq Scan on movie_info_idx mi_idx  (cost=0.00..21735.35 rows=1380035 width=4) (actual time=0.025..475.040 rows=1380035 loops=1)
  ->  Hash  (cost=206212.17..206212.17 rows=522042 width=8) (actual time=4443.613..4443.613 rows=518241 loops=1)
        Buckets: 131072  Batches: 8  Memory Usage: 3586kB
        ->  Hash Join  (cost=102767.86..206212.17 rows=522042 width=8) (actual time=2005.380..4278.906 rows=518241 loops=1)
              Hash Cond: (mk.movie_id = t.id)
              ->  Seq Scan on movie_keyword mk  (cost=0.00..81003.12 rows=522042 width=4) (actual time=0.015..1384.818 rows=518241 loops=1)
                    Filter: (keyword_id < 381)
                    Rows Removed by Filter: 4005689
              ->  Hash  (cost=61283.27..61283.27 rows=2528527 width=4) (actual time=2003.396..2003.396 rows=2528312 loops=1)
                    Buckets: 131072  Batches: 64  Memory Usage: 2425kB
                    ->  Seq Scan on title t  (cost=0.00..61283.27 rows=2528527 width=4) (actual time=0.014..1141.903 rows=2528312 loops=1)
Planning time: 1.352 ms
Execution time: 6011.075 ms
