Seq Scan on cast_info ci  (cost=0.00..705507.15 rows=500 width=0) (actual time=1570.413..10244.246 rows=2 loops=1)
  Filter: (person_id = 2332030)
  Rows Removed by Filter: 36244342
Planning time: 0.408 ms
Execution time: 10244.339 ms
