Hash Join  (cost=76653.59..202279.48 rows=297385 width=0) (actual time=1248.669..4892.926 rows=1281855 loops=1)
  Hash Cond: (mk.movie_id = t.id)
  ->  Seq Scan on movie_keyword mk  (cost=0.00..69693.30 rows=4523930 width=4) (actual time=0.010..1411.873 rows=4523930 loops=1)
  ->  Hash  (cost=73925.90..73925.90 rows=166215 width=4) (actual time=1247.583..1247.583 rows=301084 loops=1)
        Buckets: 131072  Batches: 4  Memory Usage: 3680kB
        ->  Seq Scan on title t  (cost=0.00..73925.90 rows=166215 width=4) (actual time=59.917..1151.193 rows=301084 loops=1)
              Filter: ((production_year < 1987) AND (kind_id = 1))
              Rows Removed by Filter: 2227228
Planning time: 0.714 ms
Execution time: 5039.157 ms
