Hash Join  (cost=102767.86..281480.64 rows=3650071 width=0) (actual time=2199.770..7047.463 rows=3641832 loops=1)
  Hash Cond: (mk.movie_id = t.id)
  ->  Seq Scan on movie_keyword mk  (cost=0.00..81003.12 rows=3650071 width=4) (actual time=0.013..1759.129 rows=3641832 loops=1)
        Filter: (keyword_id > 833)
        Rows Removed by Filter: 882098
  ->  Hash  (cost=61283.27..61283.27 rows=2528527 width=4) (actual time=2198.463..2198.463 rows=2528312 loops=1)
        Buckets: 131072  Batches: 64  Memory Usage: 2425kB
        ->  Seq Scan on title t  (cost=0.00..61283.27 rows=2528527 width=4) (actual time=0.015..1066.764 rows=2528312 loops=1)
Planning time: 0.763 ms
Execution time: 7487.608 ms
