Seq Scan on movie_companies mc  (cost=0.00..57926.93 rows=1177481 width=0) (actual time=0.025..1049.944 rows=1266390 loops=1)
  Filter: ((company_id > 159) AND (company_type_id = 2))
  Rows Removed by Filter: 1342739
Planning time: 0.404 ms
Execution time: 1210.429 ms
