Seq Scan on cast_info ci  (cost=0.00..796071.18 rows=174067 width=0) (actual time=1422.599..12757.488 rows=243901 loops=1)
  Filter: ((person_id > 1795894) AND (role_id > 10))
  Rows Removed by Filter: 36000443
Planning time: 0.384 ms
Execution time: 12787.250 ms
