Hash Join  (cost=199003.35..712709.00 rows=1450383 width=0) (actual time=4674.413..20471.306 rows=8714885 loops=1)
  Hash Cond: (mi.movie_id = t.id)
  ->  Seq Scan on movie_info mi  (cost=0.00..309384.22 rows=14739122 width=4) (actual time=0.025..6017.166 rows=14835720 loops=1)
  ->  Hash  (cost=194921.15..194921.15 rows=248816 width=8) (actual time=4545.292..4545.292 rows=314002 loops=1)
        Buckets: 131072 (originally 131072)  Batches: 8 (originally 4)  Memory Usage: 4043kB
        ->  Hash Join  (cost=69886.95..194921.15 rows=248816 width=8) (actual time=1159.783..3957.310 rows=314002 loops=1)
              Hash Cond: (mk.movie_id = t.id)
              ->  Seq Scan on movie_keyword mk  (cost=0.00..69693.30 rows=4523930 width=4) (actual time=0.024..1286.001 rows=4523930 loops=1)
              ->  Hash  (cost=67604.59..67604.59 rows=139069 width=4) (actual time=1158.961..1158.961 rows=141131 loops=1)
                    Buckets: 131072  Batches: 2  Memory Usage: 3508kB
                    ->  Seq Scan on title t  (cost=0.00..67604.59 rows=139069 width=4) (actual time=3.129..1106.382 rows=141131 loops=1)
                          Filter: (production_year < 1940)
                          Rows Removed by Filter: 2387181
Planning time: 1.168 ms
Execution time: 21447.835 ms
