Seq Scan on movie_keyword mk  (cost=0.00..81003.12 rows=3958708 width=0) (actual time=0.023..1491.288 rows=3962131 loops=1)
  Filter: (keyword_id < 32700)
  Rows Removed by Filter: 561799
Planning time: 0.345 ms
Execution time: 1984.225 ms
