Seq Scan on movie_keyword mk  (cost=0.00..81003.12 rows=1322985 width=0) (actual time=0.019..1465.762 rows=1337500 loops=1)
  Filter: (keyword_id > 12840)
  Rows Removed by Filter: 3186430
Planning time: 0.211 ms
Execution time: 1645.575 ms
