Nested Loop  (cost=0.43..58375.18 rows=53 width=0) (actual time=652.569..928.198 rows=2 loops=1)
  ->  Seq Scan on movie_companies mc  (cost=0.00..57926.93 rows=53 width=4) (actual time=649.774..925.346 rows=2 loops=1)
        Filter: ((company_type_id > 1) AND (company_id = 208536))
        Rows Removed by Filter: 2609127
  ->  Index Only Scan using title_pkey on title t  (cost=0.43..8.45 rows=1 width=4) (actual time=1.412..1.413 rows=1 loops=2)
        Index Cond: (id = mc.movie_id)
        Heap Fetches: 2
Planning time: 0.798 ms
Execution time: 928.271 ms
