Hash Join  (cost=174126.60..548844.11 rows=135223 width=0) (actual time=3083.571..11685.338 rows=689501 loops=1)
  Hash Cond: (mi.movie_id = t.id)
  ->  Seq Scan on movie_info mi  (cost=0.00..346232.03 rows=7235534 width=4) (actual time=0.014..5948.450 rows=7286865 loops=1)
        Filter: (info_type_id < 8)
        Rows Removed by Filter: 7548855
  ->  Hash  (cost=173535.92..173535.92 rows=47255 width=8) (actual time=3082.769..3082.769 rows=88241 loops=1)
        Buckets: 131072 (originally 65536)  Batches: 2 (originally 1)  Memory Usage: 3073kB
        ->  Hash Join  (cost=75306.34..173535.92 rows=47255 width=8) (actual time=1492.408..3053.767 rows=88241 loops=1)
              Hash Cond: (mk.movie_id = t.id)
              ->  Seq Scan on movie_keyword mk  (cost=0.00..81003.12 rows=1420506 width=4) (actual time=0.022..1383.815 rows=1435193 loops=1)
                    Filter: (keyword_id < 1993)
                    Rows Removed by Filter: 3088737
              ->  Hash  (cost=73925.90..73925.90 rows=84115 width=4) (actual time=1187.186..1187.186 rows=88043 loops=1)
                    Buckets: 131072  Batches: 2  Memory Usage: 2580kB
                    ->  Seq Scan on title t  (cost=0.00..73925.90 rows=84115 width=4) (actual time=494.042..1154.749 rows=88043 loops=1)
                          Filter: ((production_year > 1970) AND (kind_id = 3))
                          Rows Removed by Filter: 2440269
Planning time: 1.181 ms
Execution time: 11772.701 ms
