Hash Join  (cost=166635.08..193695.85 rows=15028 width=0) (actual time=3114.222..3457.329 rows=9465 loops=1)
  Hash Cond: (mi_idx.movie_id = t.id)
  ->  Seq Scan on movie_info_idx mi_idx  (cost=0.00..21735.35 rows=1380035 width=4) (actual time=0.017..331.044 rows=1380035 loops=1)
  ->  Hash  (cost=166290.88..166290.88 rows=27536 width=8) (actual time=2842.606..2842.606 rows=6454 loops=1)
        Buckets: 32768  Batches: 1  Memory Usage: 509kB
        ->  Hash Join  (cost=75342.47..166290.88 rows=27536 width=8) (actual time=1668.178..2840.250 rows=6454 loops=1)
              Hash Cond: (mk.movie_id = t.id)
              ->  Seq Scan on movie_keyword mk  (cost=0.00..81003.12 rows=806913 width=4) (actual time=0.015..1351.822 rows=809825 loops=1)
                    Filter: (keyword_id < 784)
                    Rows Removed by Filter: 3714105
              ->  Hash  (cost=73925.90..73925.90 rows=86285 width=4) (actual time=1203.877..1203.877 rows=92628 loops=1)
                    Buckets: 131072  Batches: 2  Memory Usage: 2659kB
                    ->  Seq Scan on title t  (cost=0.00..73925.90 rows=86285 width=4) (actual time=0.030..1167.407 rows=92628 loops=1)
                          Filter: ((kind_id = 7) AND (production_year = 2010))
                          Rows Removed by Filter: 2435684
Planning time: 10.315 ms
Execution time: 3458.843 ms
