Seq Scan on movie_companies mc  (cost=0.00..57926.93 rows=51 width=0) (actual time=346.850..882.354 rows=18 loops=1)
  Filter: ((company_type_id < 2) AND (company_id = 16393))
  Rows Removed by Filter: 2609111
Planning time: 0.438 ms
Execution time: 882.466 ms
