Hash Join  (cost=76120.03..529785.13 rows=467495 width=0) (actual time=1165.073..11578.151 rows=562602 loops=1)
  Hash Cond: (mi.movie_id = t.id)
  ->  Seq Scan on movie_info mi  (cost=0.00..346232.03 rows=8841901 width=4) (actual time=0.020..6796.021 rows=8950757 loops=1)
        Filter: (info_type_id > 6)
        Rows Removed by Filter: 5884963
  ->  Hash  (cost=73925.90..73925.90 rows=133690 width=4) (actual time=1164.383..1164.383 rows=120471 loops=1)
        Buckets: 131072  Batches: 2  Memory Usage: 3147kB
        ->  Seq Scan on title t  (cost=0.00..73925.90 rows=133690 width=4) (actual time=0.013..1117.850 rows=120471 loops=1)
              Filter: ((kind_id < 4) AND (production_year > 2010))
              Rows Removed by Filter: 2407841
Planning time: 0.757 ms
Execution time: 11652.835 ms
