Hash Join  (cost=223117.68..1448010.98 rows=18601814 width=0) (actual time=5034.517..45603.151 rows=31203958 loops=1)
  Hash Cond: (ci.movie_id = t.id)
  ->  Seq Scan on cast_info ci  (cost=0.00..614943.12 rows=36225612 width=4) (actual time=0.019..13057.798 rows=36244344 loops=1)
  ->  Hash  (cost=201815.73..201815.73 rows=1298396 width=8) (actual time=5033.618..5033.618 rows=1274598 loops=1)
        Buckets: 131072  Batches: 32  Memory Usage: 2566kB
        ->  Hash Join  (cost=102767.86..201815.73 rows=1298396 width=8) (actual time=2107.846..4676.165 rows=1274598 loops=1)
              Hash Cond: (mc.movie_id = t.id)
              ->  Seq Scan on movie_companies mc  (cost=0.00..57926.93 rows=1298396 width=4) (actual time=86.928..1218.020 rows=1274598 loops=1)
                    Filter: ((company_id < 183628) AND (company_type_id > 1))
                    Rows Removed by Filter: 1334531
              ->  Hash  (cost=61283.27..61283.27 rows=2528527 width=4) (actual time=2019.654..2019.654 rows=2528312 loops=1)
                    Buckets: 131072  Batches: 64  Memory Usage: 2415kB
                    ->  Seq Scan on title t  (cost=0.00..61283.27 rows=2528527 width=4) (actual time=0.019..1186.255 rows=2528312 loops=1)
Planning time: 1.217 ms
Execution time: 49324.361 ms
