Hash Join  (cost=74444.26..441517.41 rows=241723 width=0) (actual time=1306.286..9850.384 rows=416874 loops=1)
  Hash Cond: (mi.movie_id = t.id)
  ->  Seq Scan on movie_info mi  (cost=0.00..309384.22 rows=14739122 width=4) (actual time=0.016..4154.946 rows=14835720 loops=1)
  ->  Hash  (cost=73925.90..73925.90 rows=41468 width=4) (actual time=1305.908..1305.908 rows=53899 loops=1)
        Buckets: 65536  Batches: 1  Memory Usage: 2407kB
        ->  Seq Scan on title t  (cost=0.00..73925.90 rows=41468 width=4) (actual time=629.827..1286.040 rows=53899 loops=1)
              Filter: ((production_year < 2000) AND (kind_id = 3))
              Rows Removed by Filter: 2474413
Planning time: 0.541 ms
Execution time: 9908.350 ms
