Hash Join  (cost=102767.86..247000.27 rows=2217187 width=0) (actual time=1860.134..5496.198 rows=2214628 loops=1)
  Hash Cond: (mk.movie_id = t.id)
  ->  Seq Scan on movie_keyword mk  (cost=0.00..81003.12 rows=2217187 width=4) (actual time=0.026..1460.034 rows=2214628 loops=1)
        Filter: (keyword_id < 4500)
        Rows Removed by Filter: 2309302
  ->  Hash  (cost=61283.27..61283.27 rows=2528527 width=4) (actual time=1858.668..1858.668 rows=2528312 loops=1)
        Buckets: 131072  Batches: 64  Memory Usage: 2425kB
        ->  Seq Scan on title t  (cost=0.00..61283.27 rows=2528527 width=4) (actual time=0.013..963.388 rows=2528312 loops=1)
Planning time: 0.731 ms
Execution time: 5777.458 ms
