Nested Loop  (cost=0.43..122254.92 rows=2238 width=0) (actual time=40.608..1431.280 rows=4736 loops=1)
  ->  Seq Scan on movie_keyword mk  (cost=0.00..81003.12 rows=5730 width=4) (actual time=1.770..1287.819 rows=4797 loops=1)
        Filter: (keyword_id = 11662)
        Rows Removed by Filter: 4519133
  ->  Index Scan using title_pkey on title t  (cost=0.43..7.19 rows=1 width=4) (actual time=0.029..0.029 rows=1 loops=4797)
        Index Cond: (id = mk.movie_id)
        Filter: (kind_id < 7)
        Rows Removed by Filter: 0
Planning time: 0.795 ms
Execution time: 1432.624 ms
