Hash Join  (cost=131282.10..199237.48 rows=99008 width=0) (actual time=2828.800..4410.942 rows=185090 loops=1)
  Hash Cond: (mc.movie_id = t.id)
  ->  Seq Scan on movie_companies mc  (cost=0.00..51404.11 rows=1279517 width=4) (actual time=0.012..1013.455 rows=1274246 loops=1)
        Filter: (company_type_id < 2)
        Rows Removed by Filter: 1334883
  ->  Hash  (cost=128071.40..128071.40 rows=195656 width=8) (actual time=2828.060..2828.060 rows=164443 loops=1)
        Buckets: 131072  Batches: 4  Memory Usage: 2636kB
        ->  Hash Join  (cost=91397.28..128071.40 rows=195656 width=8) (actual time=1878.122..2779.948 rows=164443 loops=1)
              Hash Cond: (mi_idx.movie_id = t.id)
              ->  Seq Scan on movie_info_idx mi_idx  (cost=0.00..25185.44 rows=464566 width=4) (actual time=0.013..459.752 rows=459925 loops=1)
                    Filter: (info_type_id = 101)
                    Rows Removed by Filter: 920110
              ->  Hash  (cost=73925.90..73925.90 rows=1064910 width=4) (actual time=1876.984..1876.984 rows=1003269 loops=1)
                    Buckets: 131072  Batches: 16  Memory Usage: 3233kB
                    ->  Seq Scan on title t  (cost=0.00..73925.90 rows=1064910 width=4) (actual time=0.016..1363.175 rows=1003269 loops=1)
                          Filter: ((kind_id > 1) AND (production_year < 2006))
                          Rows Removed by Filter: 1525043
Planning time: 1.192 ms
Execution time: 4432.689 ms
