Hash Join  (cost=227851.12..1538955.59 rows=22586030 width=0) (actual time=5815.974..50260.897 rows=52997962 loops=1)
  Hash Cond: (ci.movie_id = t.id)
  ->  Seq Scan on cast_info ci  (cost=0.00..614943.12 rows=36225612 width=4) (actual time=0.018..13220.687 rows=36244344 loops=1)
  ->  Hash  (cost=201985.97..201985.97 rows=1576492 width=8) (actual time=5815.070..5815.070 rows=1568382 loops=1)
        Buckets: 131072  Batches: 32  Memory Usage: 2899kB
        ->  Hash Join  (cost=102767.86..201985.97 rows=1576492 width=8) (actual time=2478.723..5364.906 rows=1568382 loops=1)
              Hash Cond: (mc.movie_id = t.id)
              ->  Seq Scan on movie_companies mc  (cost=0.00..51404.11 rows=1576492 width=4) (actual time=0.022..1145.232 rows=1568382 loops=1)
                    Filter: (company_id < 15199)
                    Rows Removed by Filter: 1040747
              ->  Hash  (cost=61283.27..61283.27 rows=2528527 width=4) (actual time=2477.712..2477.712 rows=2528312 loops=1)
                    Buckets: 131072  Batches: 64  Memory Usage: 2415kB
                    ->  Seq Scan on title t  (cost=0.00..61283.27 rows=2528527 width=4) (actual time=0.017..1118.833 rows=2528312 loops=1)
Planning time: 1.223 ms
Execution time: 55958.548 ms
