Hash Join  (cost=100887.51..851728.39 rows=5171 width=0) (actual time=1518.894..17792.289 rows=43718 loops=1)
  Hash Cond: (ci.movie_id = t.id)
  ->  Seq Scan on cast_info ci  (cost=0.00..614943.12 rows=36225612 width=4) (actual time=0.020..8802.920 rows=36244344 loops=1)
  ->  Hash  (cost=100882.99..100882.99 rows=361 width=8) (actual time=1518.068..1518.068 rows=1769 loops=1)
        Buckets: 2048 (originally 1024)  Batches: 1 (originally 1)  Memory Usage: 86kB
        ->  Hash Join  (cost=73950.44..100882.99 rows=361 width=8) (actual time=1011.985..1517.178 rows=1769 loops=1)
              Hash Cond: (mi_idx.movie_id = t.id)
              ->  Seq Scan on movie_info_idx mi_idx  (cost=0.00..25185.44 rows=464934 width=4) (actual time=0.015..425.366 rows=460185 loops=1)
                    Filter: (info_type_id > 100)
                    Rows Removed by Filter: 919850
              ->  Hash  (cost=73925.90..73925.90 rows=1963 width=4) (actual time=1011.803..1011.803 rows=4302 loops=1)
                    Buckets: 8192 (originally 2048)  Batches: 1 (originally 1)  Memory Usage: 216kB
                    ->  Seq Scan on title t  (cost=0.00..73925.90 rows=1963 width=4) (actual time=432.928..1009.767 rows=4302 loops=1)
                          Filter: ((kind_id = 1) AND (production_year = 1969))
                          Rows Removed by Filter: 2524010
Planning time: 1.247 ms
Execution time: 17801.928 ms
