Hash Join  (cost=74019.21..162662.93 rows=5968 width=0) (actual time=1022.637..2808.906 rows=5074 loops=1)
  Hash Cond: (mk.movie_id = t.id)
  ->  Seq Scan on movie_keyword mk  (cost=0.00..81003.12 rows=2021578 width=4) (actual time=0.024..1467.364 rows=2027340 loops=1)
        Filter: (keyword_id > 6092)
        Rows Removed by Filter: 2496590
  ->  Hash  (cost=73925.90..73925.90 rows=7464 width=4) (actual time=1020.880..1020.880 rows=5186 loops=1)
        Buckets: 8192  Batches: 1  Memory Usage: 247kB
        ->  Seq Scan on title t  (cost=0.00..73925.90 rows=7464 width=4) (actual time=25.950..1018.542 rows=5186 loops=1)
              Filter: ((kind_id = 4) AND (production_year = 2012))
              Rows Removed by Filter: 2523126
Planning time: 0.751 ms
Execution time: 2809.830 ms
