Seq Scan on cast_info ci  (cost=0.00..705507.15 rows=1791316 width=0) (actual time=2097.423..11259.760 rows=1718929 loops=1)
  Filter: (person_id < 171059)
  Rows Removed by Filter: 34525415
Planning time: 0.338 ms
Execution time: 11480.435 ms
