Hash Join  (cost=139597.14..503797.60 rows=246926 width=0) (actual time=3293.330..10421.077 rows=2581661 loops=1)
  Hash Cond: (mi.movie_id = t.id)
  ->  Seq Scan on movie_info mi  (cost=0.00..346232.03 rows=1158179 width=4) (actual time=0.012..5864.563 rows=1204709 loops=1)
        Filter: (info_type_id > 18)
        Rows Removed by Filter: 13631011
  ->  Hash  (cost=130752.54..130752.54 rows=539088 width=8) (actual time=3292.319..3292.319 rows=954317 loops=1)
        Buckets: 131072 (originally 131072)  Batches: 16 (originally 8)  Memory Usage: 3371kB
        ->  Hash Join  (cost=83810.17..130752.54 rows=539088 width=8) (actual time=1490.940..3018.194 rows=954317 loops=1)
              Hash Cond: (mi_idx.movie_id = t.id)
              ->  Seq Scan on movie_info_idx mi_idx  (cost=0.00..21735.35 rows=1380035 width=4) (actual time=0.022..461.597 rows=1380035 loops=1)
              ->  Hash  (cost=67604.59..67604.59 rows=987727 width=4) (actual time=1489.725..1489.725 rows=985048 loops=1)
                    Buckets: 131072  Batches: 16  Memory Usage: 3188kB
                    ->  Seq Scan on title t  (cost=0.00..67604.59 rows=987727 width=4) (actual time=0.027..1170.375 rows=985048 loops=1)
                          Filter: (kind_id < 7)
                          Rows Removed by Filter: 1543264
Planning time: 1.253 ms
Execution time: 10701.258 ms
