Hash Join  (cost=121178.01..586732.17 rows=580279 width=0) (actual time=2945.445..12040.791 rows=441081 loops=1)
  Hash Cond: (mi.movie_id = t.id)
  ->  Seq Scan on movie_info mi  (cost=0.00..346232.03 rows=9767026 width=4) (actual time=725.369..6562.656 rows=9911754 loops=1)
        Filter: (info_type_id > 4)
        Rows Removed by Filter: 4923966
  ->  Hash  (cost=118713.20..118713.20 rows=150225 width=8) (actual time=2219.188..2219.188 rows=50166 loops=1)
        Buckets: 131072  Batches: 2  Memory Usage: 2013kB
        ->  Hash Join  (cost=78442.47..118713.20 rows=150225 width=8) (actual time=1206.129..2201.748 rows=50166 loops=1)
              Hash Cond: (mi_idx.movie_id = t.id)
              ->  Seq Scan on movie_info_idx mi_idx  (cost=0.00..21735.35 rows=1380035 width=4) (actual time=0.023..424.379 rows=1380035 loops=1)
              ->  Hash  (cost=73925.90..73925.90 rows=275245 width=4) (actual time=1205.301..1205.301 rows=145521 loops=1)
                    Buckets: 131072  Batches: 4  Memory Usage: 2302kB
                    ->  Seq Scan on title t  (cost=0.00..73925.90 rows=275245 width=4) (actual time=0.032..1153.459 rows=145521 loops=1)
                          Filter: ((kind_id > 3) AND (production_year < 1973))
                          Rows Removed by Filter: 2382791
Planning time: 1.419 ms
Execution time: 12097.603 ms
