Seq Scan on cast_info ci  (cost=0.00..705507.15 rows=34954677 width=0) (actual time=0.011..13890.642 rows=35066108 loops=1)
  Filter: (person_id > 119195)
  Rows Removed by Filter: 1178236
Planning time: 0.328 ms
Execution time: 18114.788 ms
