Hash Join  (cost=74173.24..439982.58 rows=115341 width=0) (actual time=1127.447..8670.200 rows=185057 loops=1)
  Hash Cond: (mi.movie_id = t.id)
  ->  Seq Scan on movie_info mi  (cost=0.00..309384.22 rows=14739122 width=4) (actual time=0.038..4092.481 rows=14835720 loops=1)
  ->  Hash  (cost=73925.90..73925.90 rows=19787 width=4) (actual time=1127.108..1127.108 rows=15791 loops=1)
        Buckets: 32768  Batches: 1  Memory Usage: 812kB
        ->  Seq Scan on title t  (cost=0.00..73925.90 rows=19787 width=4) (actual time=0.317..1119.829 rows=15791 loops=1)
              Filter: ((kind_id < 7) AND (production_year = 1999))
              Rows Removed by Filter: 2512521
Planning time: 1.599 ms
Execution time: 8698.354 ms
