Hash Join  (cost=74814.85..136137.83 rows=23694 width=0) (actual time=1648.388..3066.664 rows=82675 loops=1)
  Hash Cond: (mc.movie_id = t.id)
  ->  Seq Scan on movie_companies mc  (cost=0.00..57926.93 rows=842427 width=4) (actual time=376.757..1120.565 rows=530524 loops=1)
        Filter: ((company_id < 17915) AND (company_type_id > 1))
        Rows Removed by Filter: 2078605
  ->  Hash  (cost=73925.90..73925.90 rows=71116 width=4) (actual time=1268.815..1268.815 rows=170723 loops=1)
        Buckets: 131072 (originally 131072)  Batches: 2 (originally 1)  Memory Usage: 4028kB
        ->  Seq Scan on title t  (cost=0.00..73925.90 rows=71116 width=4) (actual time=0.145..1201.686 rows=170723 loops=1)
              Filter: ((kind_id < 7) AND (production_year < 1953))
              Rows Removed by Filter: 2357589
Planning time: 0.804 ms
Execution time: 3077.253 ms
