Hash Join  (cost=188355.46..258389.26 rows=80857 width=0) (actual time=4675.127..5747.198 rows=156327 loops=1)
  Hash Cond: (mc.movie_id = t.id)
  ->  Seq Scan on movie_companies mc  (cost=0.00..57926.93 rows=900344 width=4) (actual time=516.647..1133.184 rows=579065 loops=1)
        Filter: ((company_id < 25022) AND (company_type_id = 2))
        Rows Removed by Filter: 2030064
  ->  Hash  (cost=184628.97..184628.97 rows=227079 width=8) (actual time=4041.421..4041.421 rows=178664 loops=1)
        Buckets: 131072  Batches: 4  Memory Usage: 2774kB
        ->  Hash Join  (cost=91123.00..184628.97 rows=227079 width=8) (actual time=1957.669..3983.439 rows=178664 loops=1)
              Hash Cond: (mk.movie_id = t.id)
              ->  Seq Scan on movie_keyword mk  (cost=0.00..81003.12 rows=400549 width=4) (actual time=0.033..1504.478 rows=394843 loops=1)
                    Filter: (keyword_id > 43704)
                    Rows Removed by Filter: 4129087
              ->  Hash  (cost=67604.59..67604.59 rows=1433473 width=4) (actual time=1956.780..1956.780 rows=1434466 loops=1)
                    Buckets: 131072  Batches: 32  Memory Usage: 2608kB
                    ->  Seq Scan on title t  (cost=0.00..67604.59 rows=1433473 width=4) (actual time=0.025..1465.265 rows=1434466 loops=1)
                          Filter: (production_year > 1999)
                          Rows Removed by Filter: 1093846
Planning time: 1.191 ms
Execution time: 5767.836 ms
