Seq Scan on movie_keyword mk  (cost=0.00..81003.12 rows=2170519 width=0) (actual time=0.009..1542.587 rows=2170065 loops=1)
  Filter: (keyword_id > 5274)
  Rows Removed by Filter: 2353865
Planning time: 0.519 ms
Execution time: 1811.229 ms
