Hash Join  (cost=83074.74..137742.81 rows=254 width=0) (actual time=1328.398..2487.717 rows=24665 loops=1)
  Hash Cond: (mc.movie_id = t.id)
  ->  Seq Scan on movie_companies mc  (cost=0.00..44881.29 rows=2609129 width=4) (actual time=0.028..658.379 rows=2609129 loops=1)
  ->  Hash  (cost=83071.67..83071.67 rows=246 width=8) (actual time=1328.127..1328.127 rows=2742 loops=1)
        Buckets: 4096 (originally 1024)  Batches: 1 (originally 1)  Memory Usage: 140kB
        ->  Nested Loop  (cost=0.43..83071.67 rows=246 width=8) (actual time=0.094..1326.358 rows=2742 loops=1)
              ->  Seq Scan on movie_keyword mk  (cost=0.00..81003.12 rows=246 width=4) (actual time=0.035..1213.535 rows=2742 loops=1)
                    Filter: (keyword_id = 3037)
                    Rows Removed by Filter: 4521188
              ->  Index Only Scan using title_pkey on title t  (cost=0.43..8.40 rows=1 width=4) (actual time=0.040..0.040 rows=1 loops=2742)
                    Index Cond: (id = mk.movie_id)
                    Heap Fetches: 2742
Planning time: 3.349 ms
Execution time: 2491.289 ms
