Hash Join  (cost=130022.30..886733.86 rows=592240 width=0) (actual time=2500.267..20278.321 rows=460800 loops=1)
  Hash Cond: (ci.movie_id = t.id)
  ->  Seq Scan on cast_info ci  (cost=0.00..614943.12 rows=36225612 width=4) (actual time=0.008..8929.575 rows=36244344 loops=1)
  ->  Hash  (cost=129505.57..129505.57 rows=41338 width=8) (actual time=2499.394..2499.394 rows=13309 loops=1)
        Buckets: 65536  Batches: 1  Memory Usage: 1032kB
        ->  Hash Join  (cost=74426.67..129505.57 rows=41338 width=8) (actual time=1573.520..2493.822 rows=13309 loops=1)
              Hash Cond: (mc.movie_id = t.id)
              ->  Seq Scan on movie_companies mc  (cost=0.00..44881.29 rows=2609129 width=4) (actual time=0.016..639.947 rows=2609129 loops=1)
              ->  Hash  (cost=73925.90..73925.90 rows=40061 width=4) (actual time=1162.134..1162.134 rows=40120 loops=1)
                    Buckets: 65536  Batches: 1  Memory Usage: 1923kB
                    ->  Seq Scan on title t  (cost=0.00..73925.90 rows=40061 width=4) (actual time=0.038..1145.047 rows=40120 loops=1)
                          Filter: ((kind_id = 7) AND (production_year = 2013))
                          Rows Removed by Filter: 2488192
Planning time: 3.661 ms
Execution time: 20339.889 ms
