Hash Join  (cost=446110.90..582367.25 rows=241649 width=0) (actual time=8937.749..11714.831 rows=49566 loops=1)
  Hash Cond: (mk.movie_id = t.id)
  ->  Seq Scan on movie_keyword mk  (cost=0.00..69693.30 rows=4523930 width=4) (actual time=0.013..1462.231 rows=4523930 loops=1)
  ->  Hash  (cost=443894.61..443894.61 rows=135063 width=8) (actual time=8922.232..8922.232 rows=105581 loops=1)
        Buckets: 131072  Batches: 2  Memory Usage: 3081kB
        ->  Hash Join  (cost=68173.50..443894.61 rows=135063 width=8) (actual time=2688.467..8875.050 rows=105581 loops=1)
              Hash Cond: (mi.movie_id = t.id)
              ->  Seq Scan on movie_info mi  (cost=0.00..346232.03 rows=7503588 width=4) (actual time=558.738..6087.492 rows=7548855 loops=1)
                    Filter: (info_type_id > 7)
                    Rows Removed by Filter: 7286865
              ->  Hash  (cost=67604.59..67604.59 rows=45513 width=4) (actual time=1009.843..1009.843 rows=42820 loops=1)
                    Buckets: 65536  Batches: 1  Memory Usage: 2018kB
                    ->  Seq Scan on title t  (cost=0.00..67604.59 rows=45513 width=4) (actual time=185.459..992.228 rows=42820 loops=1)
                          Filter: (production_year < 1913)
                          Rows Removed by Filter: 2485492
Planning time: 2.551 ms
Execution time: 11721.462 ms
