Nested Loop  (cost=0.43..709674.40 rows=20 width=0) (actual time=6911.178..11360.498 rows=4 loops=1)
  ->  Seq Scan on cast_info ci  (cost=0.00..705507.15 rows=500 width=4) (actual time=6910.638..11359.909 rows=18 loops=1)
        Filter: (person_id = 3435830)
        Rows Removed by Filter: 36244326
  ->  Index Scan using title_pkey on title t  (cost=0.43..8.32 rows=1 width=4) (actual time=0.030..0.030 rows=0 loops=18)
        Index Cond: (id = ci.movie_id)
        Filter: ((kind_id = 7) AND (production_year = 2012))
        Rows Removed by Filter: 1
Planning time: 3.453 ms
Execution time: 11360.602 ms
