Hash Join  (cost=128252.65..193723.73 rows=74714 width=0) (actual time=2690.284..3870.840 rows=134755 loops=1)
  Hash Cond: (mc.movie_id = t.id)
  ->  Seq Scan on movie_companies mc  (cost=0.00..51404.11 rows=1093556 width=4) (actual time=0.013..939.910 rows=1086400 loops=1)
        Filter: (company_id < 7126)
        Rows Removed by Filter: 1522729
  ->  Hash  (cost=125418.24..125418.24 rows=172753 width=8) (actual time=2466.806..2466.806 rows=96715 loops=1)
        Buckets: 131072  Batches: 4  Memory Usage: 1970kB
        ->  Hash Join  (cost=89472.60..125418.24 rows=172753 width=8) (actual time=1512.412..2434.931 rows=96715 loops=1)
              Hash Cond: (mi_idx.movie_id = t.id)
              ->  Seq Scan on movie_info_idx mi_idx  (cost=0.00..25185.44 rows=460978 width=4) (actual time=0.036..498.410 rows=459925 loops=1)
                    Filter: (info_type_id < 100)
                    Rows Removed by Filter: 920110
              ->  Hash  (cost=73925.90..73925.90 rows=947576 width=4) (actual time=1511.512..1511.512 rows=876037 loops=1)
                    Buckets: 131072  Batches: 16  Memory Usage: 2949kB
                    ->  Seq Scan on title t  (cost=0.00..73925.90 rows=947576 width=4) (actual time=0.013..1238.412 rows=876037 loops=1)
                          Filter: ((production_year < 2007) AND (kind_id = 7))
                          Rows Removed by Filter: 1652275
Planning time: 1.239 ms
Execution time: 3886.814 ms
