Hash Join  (cost=67697.55..124126.82 rows=3911 width=0) (actual time=1091.789..2246.482 rows=8794 loops=1)
  Hash Cond: (mc.movie_id = t.id)
  ->  Seq Scan on movie_companies mc  (cost=0.00..51404.11 rows=1329612 width=4) (actual time=0.028..891.120 rows=1334883 loops=1)
        Filter: (company_type_id = 2)
        Rows Removed by Filter: 1274246
  ->  Hash  (cost=67604.59..67604.59 rows=7437 width=4) (actual time=1091.610..1091.610 rows=14779 loops=1)
        Buckets: 16384 (originally 8192)  Batches: 1 (originally 1)  Memory Usage: 648kB
        ->  Seq Scan on title t  (cost=0.00..67604.59 rows=7437 width=4) (actual time=0.123..1084.438 rows=14779 loops=1)
              Filter: (production_year = 1980)
              Rows Removed by Filter: 2513533
Planning time: 0.791 ms
Execution time: 2248.078 ms
