Seq Scan on movie_keyword mk  (cost=0.00..81003.12 rows=4359772 width=0) (actual time=0.028..1738.113 rows=4345923 loops=1)
  Filter: (keyword_id > 123)
  Rows Removed by Filter: 178007
Planning time: 0.376 ms
Execution time: 2277.645 ms
