Hash Join  (cost=128786.93..529655.05 rows=32352 width=0) (actual time=2530.727..11554.655 rows=83553 loops=1)
  Hash Cond: (mi.movie_id = t.id)
  ->  Seq Scan on movie_info mi  (cost=0.00..346232.03 rows=14483353 width=4) (actual time=0.008..6470.673 rows=14528932 loops=1)
        Filter: (info_type_id < 106)
        Rows Removed by Filter: 306788
  ->  Hash  (cost=128716.33..128716.33 rows=5648 width=8) (actual time=2529.764..2529.764 rows=9249 loops=1)
        Buckets: 16384 (originally 8192)  Batches: 1 (originally 1)  Memory Usage: 490kB
        ->  Hash Join  (cost=73994.33..128716.33 rows=5648 width=8) (actual time=1326.252..2525.504 rows=9249 loops=1)
              Hash Cond: (mc.movie_id = t.id)
              ->  Seq Scan on movie_companies mc  (cost=0.00..44881.29 rows=2609129 width=4) (actual time=0.017..644.626 rows=2609129 loops=1)
              ->  Hash  (cost=73925.90..73925.90 rows=5474 width=4) (actual time=1323.321..1323.321 rows=10313 loops=1)
                    Buckets: 16384 (originally 8192)  Batches: 1 (originally 1)  Memory Usage: 491kB
                    ->  Seq Scan on title t  (cost=0.00..73925.90 rows=5474 width=4) (actual time=0.030..1317.844 rows=10313 loops=1)
                          Filter: ((kind_id > 1) AND (production_year = 1980))
                          Rows Removed by Filter: 2517999
Planning time: 4.571 ms
Execution time: 11567.523 ms
