Hash Join  (cost=102767.86..973375.21 rows=2687026 width=0) (actual time=5765.989..20072.523 rows=2728943 loops=1)
  Hash Cond: (ci.movie_id = t.id)
  ->  Seq Scan on cast_info ci  (cost=0.00..796071.18 rows=2687026 width=4) (actual time=3780.627..15469.100 rows=2728943 loops=1)
        Filter: ((person_id < 3935079) AND (role_id = 4))
        Rows Removed by Filter: 33515401
  ->  Hash  (cost=61283.27..61283.27 rows=2528527 width=4) (actual time=1983.191..1983.191 rows=2528312 loops=1)
        Buckets: 131072  Batches: 64  Memory Usage: 2415kB
        ->  Seq Scan on title t  (cost=0.00..61283.27 rows=2528527 width=4) (actual time=0.025..1100.786 rows=2528312 loops=1)
Planning time: 3.032 ms
Execution time: 20392.001 ms
