Seq Scan on movie_keyword mk  (cost=0.00..81003.12 rows=814834 width=0) (actual time=0.046..1287.947 rows=820953 loops=1)
  Filter: (keyword_id > 22339)
  Rows Removed by Filter: 3702977
Planning time: 0.362 ms
Execution time: 1393.880 ms
