Hash Join  (cost=160717.46..544061.23 rows=26397 width=0) (actual time=2773.325..10791.990 rows=1955435 loops=1)
  Hash Cond: (mi.movie_id = t.id)
  ->  Seq Scan on movie_info mi  (cost=0.00..309384.22 rows=14739122 width=4) (actual time=0.019..4303.066 rows=14835720 loops=1)
  ->  Hash  (cost=160660.86..160660.86 rows=4528 width=8) (actual time=2772.542..2772.542 rows=29968 loops=1)
        Buckets: 32768 (originally 8192)  Batches: 1 (originally 1)  Memory Usage: 1427kB
        ->  Hash Join  (cost=73957.54..160660.86 rows=4528 width=8) (actual time=999.308..2762.197 rows=29968 loops=1)
              Hash Cond: (mk.movie_id = t.id)
              ->  Seq Scan on movie_keyword mk  (cost=0.00..69693.30 rows=4523930 width=4) (actual time=0.024..934.376 rows=4523930 loops=1)
              ->  Hash  (cost=73925.90..73925.90 rows=2531 width=4) (actual time=997.161..997.161 rows=6521 loops=1)
                    Buckets: 8192 (originally 4096)  Batches: 1 (originally 1)  Memory Usage: 294kB
                    ->  Seq Scan on title t  (cost=0.00..73925.90 rows=2531 width=4) (actual time=2.444..993.894 rows=6521 loops=1)
                          Filter: ((kind_id < 4) AND (production_year = 1980))
                          Rows Removed by Filter: 2521791
Planning time: 1.483 ms
Execution time: 11029.389 ms
