Hash Join  (cost=102767.86..296231.24 rows=4263154 width=0) (actual time=1903.831..7256.025 rows=4264651 loops=1)
  Hash Cond: (mk.movie_id = t.id)
  ->  Seq Scan on movie_keyword mk  (cost=0.00..81003.12 rows=4263154 width=4) (actual time=0.020..1826.100 rows=4264651 loops=1)
        Filter: (keyword_id < 59415)
        Rows Removed by Filter: 259279
  ->  Hash  (cost=61283.27..61283.27 rows=2528527 width=4) (actual time=1902.525..1902.525 rows=2528312 loops=1)
        Buckets: 131072  Batches: 64  Memory Usage: 2425kB
        ->  Seq Scan on title t  (cost=0.00..61283.27 rows=2528527 width=4) (actual time=0.011..1025.705 rows=2528312 loops=1)
Planning time: 1.912 ms
Execution time: 7701.230 ms
