Seq Scan on cast_info ci  (cost=0.00..705507.15 rows=18016637 width=0) (actual time=3615.545..11329.719 rows=18160073 loops=1)
  Filter: (person_id > 1794657)
  Rows Removed by Filter: 18084271
Planning time: 0.340 ms
Execution time: 13359.807 ms
