Hash Join  (cost=102767.86..213856.58 rows=839729 width=0) (actual time=1933.891..4423.005 rows=844241 loops=1)
  Hash Cond: (mk.movie_id = t.id)
  ->  Seq Scan on movie_keyword mk  (cost=0.00..81003.12 rows=839729 width=4) (actual time=0.024..1390.379 rows=844241 loops=1)
        Filter: (keyword_id > 21712)
        Rows Removed by Filter: 3679689
  ->  Hash  (cost=61283.27..61283.27 rows=2528527 width=4) (actual time=1931.738..1931.738 rows=2528312 loops=1)
        Buckets: 131072  Batches: 64  Memory Usage: 2425kB
        ->  Seq Scan on title t  (cost=0.00..61283.27 rows=2528527 width=4) (actual time=0.009..1056.379 rows=2528312 loops=1)
Planning time: 0.742 ms
Execution time: 4526.677 ms
