Hash Join  (cost=183943.15..738946.48 rows=7047437 width=0) (actual time=4727.074..22458.237 rows=18207582 loops=1)
  Hash Cond: (mi.movie_id = t.id)
  ->  Seq Scan on movie_info mi  (cost=0.00..309384.22 rows=14739122 width=4) (actual time=0.013..5938.739 rows=14835720 loops=1)
  ->  Hash  (cost=164107.62..164107.62 rows=1209003 width=8) (actual time=4726.244..4726.244 rows=1240299 loops=1)
        Buckets: 131072  Batches: 16  Memory Usage: 4073kB
        ->  Hash Join  (cost=103947.06..164107.62 rows=1209003 width=8) (actual time=2172.671..4344.658 rows=1240299 loops=1)
              Hash Cond: (mi_idx.movie_id = t.id)
              ->  Seq Scan on movie_info_idx mi_idx  (cost=0.00..21735.35 rows=1380035 width=4) (actual time=0.023..448.784 rows=1380035 loops=1)
              ->  Hash  (cost=67604.59..67604.59 rows=2215158 width=4) (actual time=2171.323..2171.323 rows=2203697 loops=1)
                    Buckets: 131072  Batches: 32  Memory Usage: 3448kB
                    ->  Seq Scan on title t  (cost=0.00..67604.59 rows=2215158 width=4) (actual time=0.021..1441.587 rows=2203697 loops=1)
                          Filter: (production_year > 1960)
                          Rows Removed by Filter: 324615
Planning time: 1.191 ms
Execution time: 24421.502 ms
