Hash Join  (cost=102767.86..1002444.70 rows=7658812 width=0) (actual time=2573.715..21353.507 rows=7563563 loops=1)
  Hash Cond: (ci.movie_id = t.id)
  ->  Seq Scan on cast_info ci  (cost=0.00..705507.15 rows=7658812 width=4) (actual time=687.441..12173.782 rows=7563563 loops=1)
        Filter: (person_id < 733078)
        Rows Removed by Filter: 28680781
  ->  Hash  (cost=61283.27..61283.27 rows=2528527 width=4) (actual time=1865.006..1865.006 rows=2528312 loops=1)
        Buckets: 131072  Batches: 64  Memory Usage: 2415kB
        ->  Seq Scan on title t  (cost=0.00..61283.27 rows=2528527 width=4) (actual time=0.015..1027.585 rows=2528312 loops=1)
Planning time: 0.765 ms
Execution time: 22277.968 ms
