Hash Join  (cost=100857.93..155647.65 rows=895920 width=0) (actual time=2108.525..3769.283 rows=737184 loops=1)
  Hash Cond: (mi_idx.movie_id = t.id)
  ->  Seq Scan on movie_info_idx mi_idx  (cost=0.00..21735.35 rows=1380035 width=4) (actual time=0.020..423.993 rows=1380035 loops=1)
  ->  Hash  (cost=73925.90..73925.90 rows=1641522 width=4) (actual time=2106.171..2106.171 rows=1755233 loops=1)
        Buckets: 131072  Batches: 32  Memory Usage: 2957kB
        ->  Seq Scan on title t  (cost=0.00..73925.90 rows=1641522 width=4) (actual time=0.029..1546.731 rows=1755233 loops=1)
              Filter: ((kind_id > 1) AND (production_year > 1958))
              Rows Removed by Filter: 773079
Planning time: 0.790 ms
Execution time: 3864.526 ms
