Hash Join  (cost=74246.92..101207.84 rows=4682 width=0) (actual time=1082.504..1651.664 rows=2180 loops=1)
  Hash Cond: (mi_idx.movie_id = t.id)
  ->  Seq Scan on movie_info_idx mi_idx  (cost=0.00..25185.44 rows=460978 width=4) (actual time=0.009..442.063 rows=459925 loops=1)
        Filter: (info_type_id = 99)
        Rows Removed by Filter: 920110
  ->  Hash  (cost=73925.90..73925.90 rows=25681 width=4) (actual time=1082.302..1082.302 rows=23707 loops=1)
        Buckets: 32768  Batches: 1  Memory Usage: 1090kB
        ->  Seq Scan on title t  (cost=0.00..73925.90 rows=25681 width=4) (actual time=0.024..1072.321 rows=23707 loops=1)
              Filter: ((kind_id < 7) AND (production_year = 2013))
              Rows Removed by Filter: 2504605
Planning time: 0.823 ms
Execution time: 1652.313 ms
