Seq Scan on movie_keyword mk  (cost=0.00..81003.12 rows=3895303 width=0) (actual time=0.025..1610.088 rows=3895751 loops=1)
  Filter: (keyword_id > 486)
  Rows Removed by Filter: 628179
Planning time: 0.329 ms
Execution time: 2113.057 ms
