Seq Scan on title t  (cost=0.00..73925.90 rows=773456 width=0) (actual time=0.020..1199.830 rows=683462 loops=1)
  Filter: ((kind_id < 7) AND (production_year > 1977))
  Rows Removed by Filter: 1844850
Planning time: 0.329 ms
Execution time: 1284.943 ms
