Hash Join  (cost=472215.56..554866.69 rows=551361 width=0) (actual time=8383.367..11163.701 rows=1535708 loops=1)
  Hash Cond: (mc.movie_id = t.id)
  ->  Seq Scan on movie_companies mc  (cost=0.00..44881.29 rows=2609129 width=4) (actual time=0.019..1033.618 rows=2609129 loops=1)
  ->  Hash  (cost=463448.46..463448.46 rows=534328 width=8) (actual time=8382.469..8382.469 rows=565177 loops=1)
        Buckets: 131072  Batches: 8  Memory Usage: 3797kB
        ->  Hash Join  (cost=94978.31..463448.46 rows=534328 width=8) (actual time=3520.845..8232.171 rows=565177 loops=1)
              Hash Cond: (mi.movie_id = t.id)
              ->  Seq Scan on movie_info mi  (cost=0.00..346232.03 rows=809768 width=4) (actual time=1762.774..5336.194 rows=802140 loops=1)
                    Filter: (info_type_id < 2)
                    Rows Removed by Filter: 14033580
              ->  Hash  (cost=67604.59..67604.59 rows=1668458 width=4) (actual time=1757.165..1757.165 rows=1671292 loops=1)
                    Buckets: 131072  Batches: 32  Memory Usage: 2867kB
                    ->  Seq Scan on title t  (cost=0.00..67604.59 rows=1668458 width=4) (actual time=0.021..1200.889 rows=1671292 loops=1)
                          Filter: (production_year < 2008)
                          Rows Removed by Filter: 857020
Planning time: 1.162 ms
Execution time: 11343.518 ms
