Hash Join  (cost=79181.47..208165.90 rows=573040 width=0) (actual time=1216.924..4790.451 rows=102991 loops=1)
  Hash Cond: (mk.movie_id = t.id)
  ->  Seq Scan on movie_keyword mk  (cost=0.00..69693.30 rows=4523930 width=4) (actual time=0.021..1367.520 rows=4523930 loops=1)
  ->  Hash  (cost=73925.90..73925.90 rows=320285 width=4) (actual time=1205.601..1205.601 rows=185954 loops=1)
        Buckets: 131072  Batches: 8  Memory Usage: 1839kB
        ->  Seq Scan on title t  (cost=0.00..73925.90 rows=320285 width=4) (actual time=0.253..1141.768 rows=185954 loops=1)
              Filter: ((kind_id > 3) AND (production_year < 1978))
              Rows Removed by Filter: 2342358
Planning time: 0.698 ms
Execution time: 4804.009 ms
