Seq Scan on movie_companies mc  (cost=0.00..51404.11 rows=1766342 width=0) (actual time=0.026..1036.433 rows=1757107 loops=1)
  Filter: (company_id < 24976)
  Rows Removed by Filter: 852022
Planning time: 0.357 ms
Execution time: 1254.148 ms
