Nested Loop  (cost=0.43..71777.49 rows=1728 width=0) (actual time=550.243..940.751 rows=2 loops=1)
  ->  Seq Scan on movie_companies mc  (cost=0.00..57926.93 rows=1728 width=4) (actual time=550.158..940.603 rows=2 loops=1)
        Filter: ((company_type_id > 1) AND (company_id = 428))
        Rows Removed by Filter: 2609127
  ->  Index Only Scan using title_pkey on title t  (cost=0.43..8.01 rows=1 width=4) (actual time=0.061..0.062 rows=1 loops=2)
        Index Cond: (id = mc.movie_id)
        Heap Fetches: 2
Planning time: 0.723 ms
Execution time: 940.822 ms
