Hash Join  (cost=200076.64..627825.44 rows=1570136 width=0) (actual time=5943.053..15587.926 rows=7453377 loops=1)
  Hash Cond: (mi.movie_id = t.id)
  ->  Seq Scan on movie_info mi  (cost=0.00..346232.03 rows=5445713 width=4) (actual time=1342.061..6187.390 rows=5410520 loops=1)
        Filter: (info_type_id < 6)
        Rows Removed by Filter: 9425200
  ->  Hash  (cost=188115.66..188115.66 rows=729038 width=8) (actual time=4599.946..4599.946 rows=1004885 loops=1)
        Buckets: 131072  Batches: 16  Memory Usage: 3527kB
        ->  Hash Join  (cost=102767.86..188115.66 rows=729038 width=8) (actual time=1926.568..4305.642 rows=1004885 loops=1)
              Hash Cond: (mc.movie_id = t.id)
              ->  Seq Scan on movie_companies mc  (cost=0.00..57926.93 rows=729038 width=4) (actual time=0.032..1106.071 rows=1004885 loops=1)
                    Filter: ((company_id < 13508) AND (company_type_id = 1))
                    Rows Removed by Filter: 1604244
              ->  Hash  (cost=61283.27..61283.27 rows=2528527 width=4) (actual time=1925.146..1925.146 rows=2528312 loops=1)
                    Buckets: 131072  Batches: 64  Memory Usage: 2415kB
                    ->  Seq Scan on title t  (cost=0.00..61283.27 rows=2528527 width=4) (actual time=0.023..1093.781 rows=2528312 loops=1)
Planning time: 2.065 ms
Execution time: 16449.702 ms
