Seq Scan on movie_keyword mk  (cost=0.00..81003.12 rows=3295411 width=0) (actual time=0.021..1410.899 rows=3284639 loops=1)
  Filter: (keyword_id < 14600)
  Rows Removed by Filter: 1239291
Planning time: 0.363 ms
Execution time: 1829.875 ms
