Seq Scan on movie_companies mc  (cost=0.00..51404.11 rows=176301 width=0) (actual time=0.011..838.901 rows=176539 loops=1)
  Filter: (company_id > 121530)
  Rows Removed by Filter: 2432590
Planning time: 0.341 ms
Execution time: 862.364 ms
