Hash Join  (cost=466438.00..591521.10 rows=587847 width=0) (actual time=7931.125..11943.619 rows=3235682 loops=1)
  Hash Cond: (mk.movie_id = t.id)
  ->  Seq Scan on movie_keyword mk  (cost=0.00..81003.12 rows=3144136 width=4) (actual time=0.025..1623.599 rows=3130973 loops=1)
        Filter: (keyword_id > 1878)
        Rows Removed by Filter: 1392957
  ->  Hash  (cost=458681.64..458681.64 rows=472749 width=8) (actual time=7929.793..7929.793 rows=972111 loops=1)
        Buckets: 131072 (originally 131072)  Batches: 16 (originally 8)  Memory Usage: 3409kB
        ->  Hash Join  (cost=89338.33..458681.64 rows=472749 width=8) (actual time=2994.184..7664.343 rows=972111 loops=1)
              Hash Cond: (mi.movie_id = t.id)
              ->  Seq Scan on movie_info mi  (cost=0.00..346232.03 rows=1272478 width=4) (actual time=1376.768..4947.185 rows=1325361 loops=1)
                    Filter: (info_type_id = 8)
                    Rows Removed by Filter: 13510359
              ->  Hash  (cost=73925.90..73925.90 rows=939394 width=4) (actual time=1616.577..1616.577 rows=917932 loops=1)
                    Buckets: 131072  Batches: 16  Memory Usage: 3050kB
                    ->  Seq Scan on title t  (cost=0.00..73925.90 rows=939394 width=4) (actual time=0.045..1318.971 rows=917932 loops=1)
                          Filter: ((kind_id < 7) AND (production_year > 1914))
                          Rows Removed by Filter: 1610380
Planning time: 1.214 ms
Execution time: 12265.046 ms
