Seq Scan on cast_info ci  (cost=0.00..705507.15 rows=33867541 width=0) (actual time=0.040..13450.191 rows=33841046 loops=1)
  Filter: (person_id < 3593101)
  Rows Removed by Filter: 2403298
Planning time: 0.315 ms
Execution time: 17719.805 ms
