Nested Loop  (cost=0.43..798851.07 rows=332 width=0) (actual time=9966.319..14074.080 rows=1 loops=1)
  ->  Seq Scan on cast_info ci  (cost=0.00..796071.18 rows=332 width=4) (actual time=9966.206..14073.962 rows=1 loops=1)
        Filter: ((role_id < 4) AND (person_id = 2310839))
        Rows Removed by Filter: 36244343
  ->  Index Only Scan using title_pkey on title t  (cost=0.43..8.36 rows=1 width=4) (actual time=0.071..0.072 rows=1 loops=1)
        Index Cond: (id = ci.movie_id)
        Heap Fetches: 1
Planning time: 0.803 ms
Execution time: 14074.158 ms
