Hash Join  (cost=92421.85..183508.31 rows=1163293 width=0) (actual time=1778.480..4524.721 rows=759143 loops=1)
  Hash Cond: (mc.movie_id = t.id)
  ->  Seq Scan on movie_companies mc  (cost=0.00..44881.29 rows=2609129 width=4) (actual time=0.021..996.761 rows=2609129 loops=1)
  ->  Hash  (cost=73925.90..73925.90 rows=1127356 width=4) (actual time=1777.585..1777.585 rows=1234845 loops=1)
        Buckets: 131072  Batches: 16  Memory Usage: 3745kB
        ->  Seq Scan on title t  (cost=0.00..73925.90 rows=1127356 width=4) (actual time=0.015..1387.063 rows=1234845 loops=1)
              Filter: ((kind_id > 1) AND (production_year > 1997))
              Rows Removed by Filter: 1293467
Planning time: 3.761 ms
Execution time: 4621.508 ms
