Hash Join  (cost=357724.09..2160597.81 rows=61641759 width=0) (actual time=8390.058..90285.284 rows=215406952 loops=1)
  Hash Cond: (ci.movie_id = t.id)
  ->  Seq Scan on cast_info ci  (cost=0.00..614943.12 rows=36225612 width=4) (actual time=0.019..13831.342 rows=36244344 loops=1)
  ->  Hash  (cost=287135.10..287135.10 rows=4302559 width=8) (actual time=8389.102..8389.102 rows=4482327 loops=1)
        Buckets: 131072  Batches: 64  Memory Usage: 3786kB
        ->  Hash Join  (cost=107058.56..287135.10 rows=4302559 width=8) (actual time=2245.912..7057.443 rows=4482327 loops=1)
              Hash Cond: (mk.movie_id = t.id)
              ->  Seq Scan on movie_keyword mk  (cost=0.00..69693.30 rows=4523930 width=4) (actual time=0.012..1476.354 rows=4523930 loops=1)
              ->  Hash  (cost=67604.59..67604.59 rows=2404798 width=4) (actual time=2243.839..2243.839 rows=2396371 loops=1)
                    Buckets: 131072  Batches: 32  Memory Usage: 3667kB
                    ->  Seq Scan on title t  (cost=0.00..67604.59 rows=2404798 width=4) (actual time=0.018..1451.280 rows=2396371 loops=1)
                          Filter: (production_year > 1914)
                          Rows Removed by Filter: 131941
Planning time: 0.792 ms
Execution time: 113039.948 ms
