Hash Join  (cost=157814.18..508912.13 rows=12545 width=0) (actual time=5188.450..6906.203 rows=29341 loops=1)
  Hash Cond: (mi.movie_id = t.id)
  ->  Seq Scan on movie_info mi  (cost=0.00..346232.03 rows=1264125 width=4) (actual time=2211.940..3607.116 rows=1288928 loops=1)
        Filter: (info_type_id = 2)
        Rows Removed by Filter: 13546792
  ->  Hash  (cost=157500.53..157500.53 rows=25092 width=8) (actual time=2974.774..2974.774 rows=34593 loops=1)
        Buckets: 65536 (originally 32768)  Batches: 1 (originally 1)  Memory Usage: 1864kB
        ->  Hash Join  (cost=98137.04..157500.53 rows=25092 width=8) (actual time=1772.608..2961.953 rows=34593 loops=1)
              Hash Cond: (mc.movie_id = t.id)
              ->  Seq Scan on movie_companies mc  (cost=0.00..51404.11 rows=34093 width=4) (actual time=0.277..835.551 rows=36136 loops=1)
                    Filter: (company_id = 160)
                    Rows Removed by Filter: 2572993
              ->  Hash  (cost=67604.59..67604.59 rows=1860996 width=4) (actual time=1769.955..1769.955 rows=1865487 loops=1)
                    Buckets: 131072  Batches: 32  Memory Usage: 3079kB
                    ->  Seq Scan on title t  (cost=0.00..67604.59 rows=1860996 width=4) (actual time=0.012..1184.533 rows=1865487 loops=1)
                          Filter: (kind_id > 1)
                          Rows Removed by Filter: 662825
Planning time: 1.217 ms
Execution time: 6910.429 ms
