Seq Scan on cast_info ci  (cost=0.00..796071.18 rows=24 width=0) (actual time=7730.007..10937.501 rows=3 loops=1)
  Filter: ((person_id = 3145285) AND (role_id = 8))
  Rows Removed by Filter: 36244341
Planning time: 0.441 ms
Execution time: 10937.623 ms
