Hash Join  (cost=140838.10..1242232.50 rows=6579725 width=0) (actual time=3161.092..35007.499 rows=9238152 loops=1)
  Hash Cond: (ci.movie_id = t.id)
  ->  Seq Scan on cast_info ci  (cost=0.00..614943.12 rows=36225612 width=4) (actual time=0.014..13144.347 rows=36244344 loops=1)
  ->  Hash  (cost=133303.33..133303.33 rows=459261 width=8) (actual time=3160.131..3160.131 rows=227043 loops=1)
        Buckets: 131072  Batches: 8  Memory Usage: 2121kB
        ->  Hash Join  (cost=87731.24..133303.33 rows=459261 width=8) (actual time=1522.186..3093.066 rows=227043 loops=1)
              Hash Cond: (mi_idx.movie_id = t.id)
              ->  Seq Scan on movie_info_idx mi_idx  (cost=0.00..21735.35 rows=1380035 width=4) (actual time=0.021..415.210 rows=1380035 loops=1)
              ->  Hash  (cost=73925.90..73925.90 rows=841467 width=4) (actual time=1521.119..1521.119 rows=921643 loops=1)
                    Buckets: 131072  Batches: 16  Memory Usage: 3057kB
                    ->  Seq Scan on title t  (cost=0.00..73925.90 rows=841467 width=4) (actual time=0.026..1230.165 rows=921643 loops=1)
                          Filter: ((production_year > 2000) AND (kind_id = 7))
                          Rows Removed by Filter: 1606669
Planning time: 1.227 ms
Execution time: 36115.900 ms
