Seq Scan on movie_companies mc  (cost=0.00..57926.93 rows=947807 width=0) (actual time=5.041..1086.512 rows=634494 loops=1)
  Filter: ((company_id < 36397) AND (company_type_id > 1))
  Rows Removed by Filter: 1974635
Planning time: 0.253 ms
Execution time: 1178.928 ms
