Seq Scan on movie_companies mc  (cost=0.00..57926.93 rows=619903 width=0) (actual time=0.015..952.375 rows=888987 loops=1)
  Filter: ((company_id > 11923) AND (company_type_id = 2))
  Rows Removed by Filter: 1720142
Planning time: 0.394 ms
Execution time: 1067.886 ms
