Seq Scan on movie_keyword mk  (cost=0.00..81003.12 rows=3854843 width=0) (actual time=0.021..1529.218 rows=3849189 loops=1)
  Filter: (keyword_id < 27791)
  Rows Removed by Filter: 674741
Planning time: 0.491 ms
Execution time: 2014.631 ms
