Seq Scan on movie_keyword mk  (cost=0.00..81003.12 rows=1046265 width=0) (actual time=0.017..1423.328 rows=1056325 loops=1)
  Filter: (keyword_id > 16710)
  Rows Removed by Filter: 3467605
Planning time: 0.307 ms
Execution time: 1557.599 ms
