Hash Join  (cost=94699.36..846070.04 rows=58152 width=0) (actual time=1787.908..18130.604 rows=7710 loops=1)
  Hash Cond: (ci.movie_id = t.id)
  ->  Seq Scan on cast_info ci  (cost=0.00..614943.12 rows=36225612 width=4) (actual time=0.023..9481.894 rows=36244344 loops=1)
  ->  Hash  (cost=94648.62..94648.62 rows=4059 width=8) (actual time=1773.820..1773.820 rows=861 loops=1)
        Buckets: 4096  Batches: 1  Memory Usage: 66kB
        ->  Hash Join  (cost=67697.55..94648.62 rows=4059 width=8) (actual time=1149.739..1773.397 rows=861 loops=1)
              Hash Cond: (mi_idx.movie_id = t.id)
              ->  Seq Scan on movie_info_idx mi_idx  (cost=0.00..21735.35 rows=1380035 width=4) (actual time=0.028..345.548 rows=1380035 loops=1)
              ->  Hash  (cost=67604.59..67604.59 rows=7437 width=4) (actual time=1148.989..1148.989 rows=4597 loops=1)
                    Buckets: 8192  Batches: 1  Memory Usage: 226kB
                    ->  Seq Scan on title t  (cost=0.00..67604.59 rows=7437 width=4) (actual time=108.319..1146.782 rows=4597 loops=1)
                          Filter: (production_year = 1910)
                          Rows Removed by Filter: 2523715
Planning time: 1.233 ms
Execution time: 18132.378 ms
