Hash Join  (cost=193485.20..645490.18 rows=1680050 width=0) (actual time=4884.321..17030.534 rows=7431714 loops=1)
  Hash Cond: (mi.movie_id = t.id)
  ->  Seq Scan on movie_info mi  (cost=0.00..346232.03 rows=7503588 width=4) (actual time=561.705..6729.141 rows=7548855 loops=1)
        Filter: (info_type_id > 7)
        Rows Removed by Filter: 7286865
  ->  Hash  (cost=184196.50..184196.50 rows=566136 width=8) (actual time=4321.742..4321.742 rows=859099 loops=1)
        Buckets: 131072 (originally 131072)  Batches: 16 (originally 8)  Memory Usage: 3137kB
        ->  Hash Join  (cost=102767.86..184196.50 rows=566136 width=8) (actual time=1975.530..4071.889 rows=859099 loops=1)
              Hash Cond: (mc.movie_id = t.id)
              ->  Seq Scan on movie_companies mc  (cost=0.00..57926.93 rows=566136 width=4) (actual time=0.042..873.169 rows=859099 loops=1)
                    Filter: ((company_id > 13695) AND (company_type_id = 2))
                    Rows Removed by Filter: 1750030
              ->  Hash  (cost=61283.27..61283.27 rows=2528527 width=4) (actual time=1974.451..1974.451 rows=2528312 loops=1)
                    Buckets: 131072  Batches: 64  Memory Usage: 2415kB
                    ->  Seq Scan on title t  (cost=0.00..61283.27 rows=2528527 width=4) (actual time=0.009..1137.475 rows=2528312 loops=1)
Planning time: 1.225 ms
Execution time: 17900.524 ms
