Hash Join  (cost=75546.38..535435.78 rows=370121 width=0) (actual time=1588.133..11327.475 rows=71661 loops=1)
  Hash Cond: (mi.movie_id = t.id)
  ->  Seq Scan on movie_info mi  (cost=0.00..346232.03 rows=9476311 width=4) (actual time=0.026..6661.501 rows=9565151 loops=1)
        Filter: (info_type_id < 16)
        Rows Removed by Filter: 5270569
  ->  Hash  (cost=73925.90..73925.90 rows=98758 width=4) (actual time=1319.279..1319.279 rows=106661 loops=1)
        Buckets: 131072  Batches: 2  Memory Usage: 2903kB
        ->  Seq Scan on title t  (cost=0.00..73925.90 rows=98758 width=4) (actual time=0.032..1279.628 rows=106661 loops=1)
              Filter: ((kind_id > 4) AND (production_year = 2011))
              Rows Removed by Filter: 2421651
Planning time: 0.823 ms
Execution time: 11337.249 ms
