Nested Loop  (cost=0.43..83072.29 rows=26 width=0) (actual time=999.724..1338.881 rows=1 loops=1)
  ->  Seq Scan on movie_keyword mk  (cost=0.00..81003.12 rows=246 width=4) (actual time=13.403..1338.190 rows=15 loops=1)
        Filter: (keyword_id = 40110)
        Rows Removed by Filter: 4523915
  ->  Index Scan using title_pkey on title t  (cost=0.43..8.40 rows=1 width=4) (actual time=0.041..0.041 rows=0 loops=15)
        Index Cond: (id = mk.movie_id)
        Filter: (production_year < 1962)
        Rows Removed by Filter: 1
Planning time: 1.090 ms
Execution time: 1339.001 ms
