Hash Join  (cost=95465.71..133389.02 rows=235791 width=0) (actual time=1946.753..2841.811 rows=131988 loops=1)
  Hash Cond: (mi_idx.movie_id = t.id)
  ->  Seq Scan on movie_info_idx mi_idx  (cost=0.00..25185.44 rows=454124 width=4) (actual time=0.030..489.649 rows=459925 loops=1)
        Filter: (info_type_id = 100)
        Rows Removed by Filter: 920110
  ->  Hash  (cost=73925.90..73925.90 rows=1312864 width=4) (actual time=1867.801..1867.801 rows=1391524 loops=1)
        Buckets: 131072  Batches: 32  Memory Usage: 2555kB
        ->  Seq Scan on title t  (cost=0.00..73925.90 rows=1312864 width=4) (actual time=0.022..1437.372 rows=1391524 loops=1)
              Filter: ((production_year > 1965) AND (kind_id = 7))
              Rows Removed by Filter: 1136788
Planning time: 0.815 ms
Execution time: 2858.113 ms
