Seq Scan on cast_info ci  (cost=0.00..705507.15 rows=500 width=0) (actual time=6991.013..11280.749 rows=174 loops=1)
  Filter: (person_id = 3997594)
  Rows Removed by Filter: 36244170
Planning time: 0.427 ms
Execution time: 11280.870 ms
