Seq Scan on movie_companies mc  (cost=0.00..57926.93 rows=250511 width=0) (actual time=115.360..945.853 rows=131732 loops=1)
  Filter: ((company_id < 428) AND (company_type_id > 1))
  Rows Removed by Filter: 2477397
Planning time: 0.350 ms
Execution time: 962.511 ms
