Hash Join  (cost=102767.86..769981.84 rows=12928982 width=0) (actual time=1939.142..20204.946 rows=12970088 loops=1)
  Hash Cond: (mi.movie_id = t.id)
  ->  Seq Scan on movie_info mi  (cost=0.00..346232.03 rows=12928982 width=4) (actual time=0.020..6951.807 rows=12970088 loops=1)
        Filter: (info_type_id < 18)
        Rows Removed by Filter: 1865632
  ->  Hash  (cost=61283.27..61283.27 rows=2528527 width=4) (actual time=1937.105..1937.105 rows=2528312 loops=1)
        Buckets: 131072  Batches: 64  Memory Usage: 2425kB
        ->  Seq Scan on title t  (cost=0.00..61283.27 rows=2528527 width=4) (actual time=0.032..1077.460 rows=2528312 loops=1)
Planning time: 0.557 ms
Execution time: 21794.180 ms
