Nested Loop  (cost=0.43..83072.90 rows=37 width=0) (actual time=570.088..1270.587 rows=29 loops=1)
  ->  Seq Scan on movie_keyword mk  (cost=0.00..81003.12 rows=246 width=4) (actual time=2.403..1254.156 rows=495 loops=1)
        Filter: (keyword_id = 3865)
        Rows Removed by Filter: 4523435
  ->  Index Scan using title_pkey on title t  (cost=0.43..8.40 rows=1 width=4) (actual time=0.032..0.032 rows=0 loops=495)
        Index Cond: (id = mk.movie_id)
        Filter: ((production_year < 1987) AND (kind_id = 7))
        Rows Removed by Filter: 1
Planning time: 0.789 ms
Execution time: 1270.729 ms
