Hash Join  (cost=86519.03..225252.38 rows=1373231 width=0) (actual time=2103.607..5868.876 rows=2726392 loops=1)
  Hash Cond: (mk.movie_id = t.id)
  ->  Seq Scan on movie_keyword mk  (cost=0.00..69693.30 rows=4523930 width=4) (actual time=0.029..1510.816 rows=4523930 loops=1)
  ->  Hash  (cost=73925.90..73925.90 rows=767530 width=4) (actual time=2102.382..2102.382 rows=677132 loops=1)
        Buckets: 131072  Batches: 16  Memory Usage: 2520kB
        ->  Seq Scan on title t  (cost=0.00..73925.90 rows=767530 width=4) (actual time=0.018..1274.627 rows=677132 loops=1)
              Filter: ((kind_id < 7) AND (production_year > 1978))
              Rows Removed by Filter: 1851180
Planning time: 0.775 ms
Execution time: 6101.045 ms
