Hash Join  (cost=114895.04..989848.18 rows=313329 width=0) (actual time=2935.664..24004.599 rows=2469832 loops=1)
  Hash Cond: (ci.movie_id = t.id)
  ->  Seq Scan on cast_info ci  (cost=0.00..796071.18 rows=6510047 width=4) (actual time=325.612..15311.502 rows=12670688 loops=1)
        Filter: ((person_id < 1832946) AND (role_id = 1))
        Rows Removed by Filter: 23573656
  ->  Hash  (cost=112897.81..112897.81 rows=121698 width=8) (actual time=2609.209..2609.209 rows=209880 loops=1)
        Buckets: 131072 (originally 131072)  Batches: 4 (originally 2)  Memory Usage: 3075kB
        ->  Hash Join  (cost=78556.72..112897.81 rows=121698 width=8) (actual time=1407.923..2536.614 rows=209880 loops=1)
              Hash Cond: (mi_idx.movie_id = t.id)
              ->  Seq Scan on movie_info_idx mi_idx  (cost=0.00..25185.44 rows=460978 width=4) (actual time=0.030..536.708 rows=459925 loops=1)
                    Filter: (info_type_id = 99)
                    Rows Removed by Filter: 920110
              ->  Hash  (cost=67604.59..67604.59 rows=667531 width=4) (actual time=1406.944..1406.944 rows=662825 loops=1)
                    Buckets: 131072  Batches: 16  Memory Usage: 2476kB
                    ->  Seq Scan on title t  (cost=0.00..67604.59 rows=667531 width=4) (actual time=436.276..1200.167 rows=662825 loops=1)
                          Filter: (kind_id = 1)
                          Rows Removed by Filter: 1865487
Planning time: 1.253 ms
Execution time: 24293.303 ms
