Seq Scan on movie_companies mc  (cost=0.00..57926.93 rows=522019 width=0) (actual time=0.014..996.050 rows=831541 loops=1)
  Filter: ((company_id > 15433) AND (company_type_id > 1))
  Rows Removed by Filter: 1777588
Planning time: 0.339 ms
Execution time: 1098.151 ms
