Seq Scan on movie_companies mc  (cost=0.00..51404.11 rows=1562442 width=0) (actual time=0.017..895.059 rows=1552002 loops=1)
  Filter: (company_id < 14814)
  Rows Removed by Filter: 1057127
Planning time: 0.329 ms
Execution time: 1087.466 ms
