Hash Join  (cost=102767.86..176263.11 rows=507516 width=0) (actual time=1955.633..3684.063 rows=504645 loops=1)
  Hash Cond: (mc.movie_id = t.id)
  ->  Seq Scan on movie_companies mc  (cost=0.00..51404.11 rows=507516 width=4) (actual time=0.023..870.099 rows=504645 loops=1)
        Filter: (company_id < 453)
        Rows Removed by Filter: 2104484
  ->  Hash  (cost=61283.27..61283.27 rows=2528527 width=4) (actual time=1954.716..1954.716 rows=2528312 loops=1)
        Buckets: 131072  Batches: 64  Memory Usage: 2415kB
        ->  Seq Scan on title t  (cost=0.00..61283.27 rows=2528527 width=4) (actual time=0.018..1100.798 rows=2528312 loops=1)
Planning time: 0.783 ms
Execution time: 3742.275 ms
