Hash Join  (cost=79715.19..174778.69 rows=136554 width=0) (actual time=1374.710..3344.531 rows=189934 loops=1)
  Hash Cond: (mk.movie_id = t.id)
  ->  Seq Scan on movie_keyword mk  (cost=0.00..81003.12 rows=978622 width=4) (actual time=0.026..1469.607 rows=982361 loops=1)
        Filter: (keyword_id > 18856)
        Rows Removed by Filter: 3541569
  ->  Hash  (cost=73925.90..73925.90 rows=352823 width=4) (actual time=1373.908..1373.908 rows=302088 loops=1)
        Buckets: 131072  Batches: 8  Memory Usage: 2349kB
        ->  Seq Scan on title t  (cost=0.00..73925.90 rows=352823 width=4) (actual time=0.056..1270.283 rows=302088 loops=1)
              Filter: ((kind_id < 7) AND (production_year > 2006))
              Rows Removed by Filter: 2226224
Planning time: 0.743 ms
Execution time: 3367.436 ms
