Seq Scan on cast_info ci  (cost=0.00..705507.15 rows=15127001 width=0) (actual time=0.067..11829.556 rows=15001389 loops=1)
  Filter: (person_id < 1480689)
  Rows Removed by Filter: 21242955
Planning time: 0.331 ms
Execution time: 13640.533 ms
