Seq Scan on movie_keyword mk  (cost=0.00..81003.12 rows=4065251 width=0) (actual time=0.025..1567.293 rows=4068680 loops=1)
  Filter: (keyword_id < 38931)
  Rows Removed by Filter: 455250
Planning time: 0.319 ms
Execution time: 2065.614 ms
