Seq Scan on movie_companies mc  (cost=0.00..51404.11 rows=104 width=0) (actual time=115.982..852.409 rows=1 loops=1)
  Filter: (company_id = 183388)
  Rows Removed by Filter: 2609128
Planning time: 0.386 ms
Execution time: 852.480 ms
