Seq Scan on movie_keyword mk  (cost=0.00..81003.12 rows=246 width=0) (actual time=182.645..1378.033 rows=4 loops=1)
  Filter: (keyword_id = 86654)
  Rows Removed by Filter: 4523926
Planning time: 0.439 ms
Execution time: 1378.126 ms
