Hash Join  (cost=112358.21..216455.03 rows=716352 width=134) (actual time=2797.095..5461.743 rows=504337 loops=1)
  Hash Cond: (mc.movie_id = t.id)
  ->  Seq Scan on movie_companies mc  (cost=0.00..51404.11 rows=1279517 width=40) (actual time=0.021..1302.526 rows=1274246 loops=1)
        Filter: (company_type_id < 2)
        Rows Removed by Filter: 1334883
  ->  Hash  (cost=73925.90..73925.90 rows=1415624 width=94) (actual time=2796.508..2796.508 rows=1398720 loops=1)
        Buckets: 32768  Batches: 64  Memory Usage: 2752kB
        ->  Seq Scan on title t  (cost=0.00..73925.90 rows=1415624 width=94) (actual time=0.018..1547.315 rows=1398720 loops=1)
              Filter: ((kind_id > 1) AND (production_year < 2010))
              Rows Removed by Filter: 1129592
Planning time: 0.970 ms
Execution time: 5489.395 ms
