Seq Scan on title t  (cost=0.00..67604.59 rows=1540800 width=94) (actual time=0.011..605.052 rows=1543264 loops=1)
  Filter: (kind_id = 7)
  Rows Removed by Filter: 985048
Planning time: 1.858 ms
Execution time: 663.612 ms
