Seq Scan on movie_keyword mk  (cost=0.00..81003.12 rows=634993 width=0) (actual time=0.023..1353.524 rows=644711 loops=1)
  Filter: (keyword_id > 29028)
  Rows Removed by Filter: 3879219
Planning time: 0.347 ms
Execution time: 1435.457 ms
