Hash Join  (cost=663721.01..2514297.62 rows=52369608 width=0) (actual time=19054.931..131418.980 rows=300524324 loops=1)
  Hash Cond: (ci.movie_id = t.id)
  ->  Seq Scan on cast_info ci  (cost=0.00..705507.15 rows=34030745 width=4) (actual time=0.017..16444.062 rows=34112761 loops=1)
        Filter: (person_id > 209335)
        Rows Removed by Filter: 2131583
  ->  Hash  (cost=599881.92..599881.92 rows=3891127 width=8) (actual time=19051.519..19051.519 rows=8301049 loops=1)
        Buckets: 131072 (originally 131072)  Batches: 128 (originally 64)  Memory Usage: 3567kB
        ->  Hash Join  (cost=78556.72..599881.92 rows=3891127 width=8) (actual time=1212.587..16600.987 rows=8301049 loops=1)
              Hash Cond: (mi.movie_id = t.id)
              ->  Seq Scan on movie_info mi  (cost=0.00..309384.22 rows=14739122 width=4) (actual time=0.026..5761.657 rows=14835720 loops=1)
              ->  Hash  (cost=67604.59..67604.59 rows=667531 width=4) (actual time=1211.713..1211.713 rows=662825 loops=1)
                    Buckets: 131072  Batches: 16  Memory Usage: 2485kB
                    ->  Seq Scan on title t  (cost=0.00..67604.59 rows=667531 width=4) (actual time=21.769..1015.634 rows=662825 loops=1)
                          Filter: (kind_id = 1)
                          Rows Removed by Filter: 1865487
Planning time: 1.263 ms
Execution time: 164586.065 ms
