Seq Scan on movie_keyword mk  (cost=0.00..81003.12 rows=246 width=0) (actual time=2.617..1330.005 rows=255 loops=1)
  Filter: (keyword_id = 9499)
  Rows Removed by Filter: 4523675
Planning time: 0.370 ms
Execution time: 1330.248 ms
