Seq Scan on movie_companies mc  (cost=0.00..51404.11 rows=199082 width=0) (actual time=0.045..862.818 rows=196698 loops=1)
  Filter: (company_id < 54)
  Rows Removed by Filter: 2412431
Planning time: 0.299 ms
Execution time: 889.123 ms
