Hash Join  (cost=513437.85..1423640.72 rows=3435646 width=0) (actual time=16974.479..32028.164 rows=4594761 loops=1)
  Hash Cond: (ci.movie_id = t.id)
  ->  Seq Scan on cast_info ci  (cost=0.00..796071.18 rows=6443795 width=4) (actual time=7014.261..16503.388 rows=7450814 loops=1)
        Filter: ((person_id > 395261) AND (role_id = 2))
        Rows Removed by Filter: 28793530
  ->  Hash  (cost=491319.12..491319.12 rows=1348138 width=8) (actual time=9958.727..9958.727 rows=1298989 loops=1)
        Buckets: 131072  Batches: 32  Memory Usage: 2598kB
        ->  Hash Join  (cost=102767.86..491319.12 rows=1348138 width=8) (actual time=2903.179..9561.484 rows=1298989 loops=1)
              Hash Cond: (mi.movie_id = t.id)
              ->  Seq Scan on movie_info mi  (cost=0.00..346232.03 rows=1348138 width=4) (actual time=245.051..5355.657 rows=1298989 loops=1)
                    Filter: (info_type_id = 4)
                    Rows Removed by Filter: 13536731
              ->  Hash  (cost=61283.27..61283.27 rows=2528527 width=4) (actual time=2656.810..2656.810 rows=2528312 loops=1)
                    Buckets: 131072  Batches: 64  Memory Usage: 2425kB
                    ->  Seq Scan on title t  (cost=0.00..61283.27 rows=2528527 width=4) (actual time=0.013..1048.903 rows=2528312 loops=1)
Planning time: 1.242 ms
Execution time: 32581.584 ms
