Seq Scan on cast_info ci  (cost=0.00..796071.18 rows=4007120 width=0) (actual time=1496.639..13522.155 rows=1929979 loops=1)
  Filter: ((person_id < 1982998) AND (role_id = 2))
  Rows Removed by Filter: 34314365
Planning time: 2.028 ms
Execution time: 13744.163 ms
