Nested Loop  (cost=0.43..58358.39 rows=38 width=0) (actual time=537.871..880.565 rows=456 loops=1)
  ->  Seq Scan on movie_companies mc  (cost=0.00..57926.93 rows=51 width=4) (actual time=537.790..868.344 rows=456 loops=1)
        Filter: ((company_type_id < 2) AND (company_id = 12323))
        Rows Removed by Filter: 2608673
  ->  Index Scan using title_pkey on title t  (cost=0.43..8.45 rows=1 width=4) (actual time=0.026..0.026 rows=1 loops=456)
        Index Cond: (id = mc.movie_id)
        Filter: (kind_id > 1)
Planning time: 0.860 ms
Execution time: 880.820 ms
