Hash Join  (cost=561280.27..1609306.29 rows=10011680 width=0) (actual time=12232.861..41555.528 rows=25431942 loops=1)
  Hash Cond: (ci.movie_id = t.id)
  ->  Seq Scan on cast_info ci  (cost=0.00..796071.18 rows=10101128 width=4) (actual time=0.019..16947.747 rows=10878443 loops=1)
        Filter: ((person_id > 591848) AND (role_id > 3))
        Rows Removed by Filter: 25365901
  ->  Hash  (cost=520163.57..520163.57 rows=2506136 width=8) (actual time=12231.943..12231.943 rows=2599585 loops=1)
        Buckets: 131072  Batches: 64  Memory Usage: 2615kB
        ->  Hash Join  (cost=101489.21..520163.57 rows=2506136 width=8) (actual time=4151.567..11157.467 rows=2599585 loops=1)
              Hash Cond: (mi.movie_id = t.id)
              ->  Seq Scan on movie_info mi  (cost=0.00..346232.03 rows=3068194 width=4) (actual time=1978.772..5879.736 rows=3036719 loops=1)
                    Filter: (info_type_id = 16)
                    Rows Removed by Filter: 11799001
              ->  Hash  (cost=67604.59..67604.59 rows=2065330 width=4) (actual time=2171.285..2171.285 rows=2064552 loops=1)
                    Buckets: 131072  Batches: 32  Memory Usage: 3298kB
                    ->  Seq Scan on title t  (cost=0.00..67604.59 rows=2065330 width=4) (actual time=0.013..1488.661 rows=2064552 loops=1)
                          Filter: (production_year < 2011)
                          Rows Removed by Filter: 463760
Planning time: 1.257 ms
Execution time: 44356.125 ms
