Hash Join  (cost=444020.88..1198309.92 rows=204702 width=0) (actual time=11274.528..23506.015 rows=637878 loops=1)
  Hash Cond: (ci.movie_id = t.id)
  ->  Seq Scan on cast_info ci  (cost=0.00..705507.15 rows=3998100 width=4) (actual time=3237.996..13222.981 rows=4008037 loops=1)
        Filter: (role_id = 3)
        Rows Removed by Filter: 32236307
  ->  Hash  (cost=441896.63..441896.63 rows=129460 width=8) (actual time=8035.231..8035.231 rows=779026 loops=1)
        Buckets: 131072 (originally 131072)  Batches: 16 (originally 2)  Memory Usage: 3073kB
        ->  Hash Join  (cost=77939.33..441896.63 rows=129460 width=8) (actual time=5796.299..7792.059 rows=779026 loops=1)
              Hash Cond: (mi.movie_id = t.id)
              ->  Seq Scan on movie_info mi  (cost=0.00..346232.03 rows=1338312 width=4) (actual time=4239.488..5579.239 rows=1401902 loops=1)
                    Filter: (info_type_id = 7)
                    Rows Removed by Filter: 13433818
              ->  Hash  (cost=73925.90..73925.90 rows=244594 width=4) (actual time=1278.035..1278.035 rows=359543 loops=1)
                    Buckets: 131072 (originally 131072)  Batches: 8 (originally 4)  Memory Usage: 3073kB
                    ->  Seq Scan on title t  (cost=0.00..73925.90 rows=244594 width=4) (actual time=252.731..1154.630 rows=359543 loops=1)
                          Filter: ((production_year < 1998) AND (kind_id = 1))
                          Rows Removed by Filter: 2168769
Planning time: 1.167 ms
Execution time: 23574.156 ms
