Hash Join  (cost=156649.15..280204.50 rows=558896 width=0) (actual time=3411.510..7017.003 rows=2358923 loops=1)
  Hash Cond: (mk.movie_id = t.id)
  ->  Seq Scan on movie_keyword mk  (cost=0.00..81003.12 rows=3039538 width=4) (actual time=0.032..1731.103 rows=3023427 loops=1)
        Filter: (keyword_id < 10833)
        Rows Removed by Filter: 1500503
  ->  Hash  (cost=149020.47..149020.47 rows=464934 width=8) (actual time=3410.712..3410.712 rows=460185 loops=1)
        Buckets: 131072  Batches: 8  Memory Usage: 3286kB
        ->  Hash Join  (cost=102767.86..149020.47 rows=464934 width=8) (actual time=1962.505..3275.362 rows=460185 loops=1)
              Hash Cond: (mi_idx.movie_id = t.id)
              ->  Seq Scan on movie_info_idx mi_idx  (cost=0.00..25185.44 rows=464934 width=4) (actual time=0.024..509.696 rows=460185 loops=1)
                    Filter: (info_type_id > 100)
                    Rows Removed by Filter: 919850
              ->  Hash  (cost=61283.27..61283.27 rows=2528527 width=4) (actual time=1960.444..1960.444 rows=2528312 loops=1)
                    Buckets: 131072  Batches: 64  Memory Usage: 2415kB
                    ->  Seq Scan on title t  (cost=0.00..61283.27 rows=2528527 width=4) (actual time=0.026..1130.337 rows=2528312 loops=1)
Planning time: 3.929 ms
Execution time: 7285.143 ms
