Seq Scan on movie_companies mc  (cost=0.00..57926.93 rows=1109 width=0) (actual time=0.064..940.986 rows=1776 loops=1)
  Filter: ((company_type_id < 2) AND (company_id = 1461))
  Rows Removed by Filter: 2607353
Planning time: 0.414 ms
Execution time: 941.478 ms
