Hash Join  (cost=87162.74..642012.31 rows=4443644 width=0) (actual time=1471.048..18147.148 rows=8946031 loops=1)
  Hash Cond: (mi.movie_id = t.id)
  ->  Seq Scan on movie_info mi  (cost=0.00..346232.03 rows=13926693 width=4) (actual time=0.026..7434.060 rows=13963496 loops=1)
        Filter: (info_type_id < 98)
        Rows Removed by Filter: 872224
  ->  Hash  (cost=73925.90..73925.90 rows=806787 width=4) (actual time=1470.095..1470.095 rows=843018 loops=1)
        Buckets: 131072  Batches: 16  Memory Usage: 2888kB
        ->  Seq Scan on title t  (cost=0.00..73925.90 rows=806787 width=4) (actual time=0.018..1187.557 rows=843018 loops=1)
              Filter: ((kind_id < 7) AND (production_year < 2011))
              Rows Removed by Filter: 1685294
Planning time: 0.817 ms
Execution time: 19171.879 ms
