Hash Join  (cost=491644.87..1434689.25 rows=5083073 width=0) (actual time=8792.397..32483.333 rows=7421149 loops=1)
  Hash Cond: (ci.movie_id = t.id)
  ->  Seq Scan on cast_info ci  (cost=0.00..705507.15 rows=15874002 width=4) (actual time=0.025..13417.874 rows=15770681 loops=1)
        Filter: (person_id < 1558065)
        Rows Removed by Filter: 20473663
  ->  Hash  (cost=478361.00..478361.00 rows=809669 width=8) (actual time=8791.464..8791.464 rows=802140 loops=1)
        Buckets: 131072  Batches: 16  Memory Usage: 2973kB
        ->  Hash Join  (cost=102767.86..478361.00 rows=809669 width=8) (actual time=3011.823..8573.125 rows=802140 loops=1)
              Hash Cond: (mi.movie_id = t.id)
              ->  Seq Scan on movie_info mi  (cost=0.00..346232.03 rows=809669 width=4) (actual time=1016.343..5484.027 rows=802140 loops=1)
                    Filter: (info_type_id = 1)
                    Rows Removed by Filter: 14033580
              ->  Hash  (cost=61283.27..61283.27 rows=2528527 width=4) (actual time=1994.370..1994.370 rows=2528312 loops=1)
                    Buckets: 131072  Batches: 64  Memory Usage: 2425kB
                    ->  Seq Scan on title t  (cost=0.00..61283.27 rows=2528527 width=4) (actual time=0.016..1111.644 rows=2528312 loops=1)
Planning time: 1.726 ms
Execution time: 33339.409 ms
