Hash Join  (cost=841467.52..1598980.88 rows=3579770 width=0) (actual time=22906.282..36737.750 rows=4280835 loops=1)
  Hash Cond: (mi.movie_id = t.id)
  ->  Seq Scan on movie_info mi  (cost=0.00..309384.22 rows=14739122 width=4) (actual time=0.013..6392.597 rows=14835720 loops=1)
  ->  Hash  (cost=831392.05..831392.05 rows=614117 width=8) (actual time=22901.137..22901.137 rows=668260 loops=1)
        Buckets: 131072  Batches: 16  Memory Usage: 2598kB
        ->  Hash Join  (cost=74461.72..831392.05 rows=614117 width=8) (actual time=1308.106..22431.471 rows=668260 loops=1)
              Hash Cond: (ci.movie_id = t.id)
              ->  Seq Scan on cast_info ci  (cost=0.00..614943.12 rows=36225612 width=4) (actual time=0.023..9355.257 rows=36244344 loops=1)
              ->  Hash  (cost=73925.90..73925.90 rows=42865 width=4) (actual time=1307.742..1307.742 rows=49850 loops=1)
                    Buckets: 65536  Batches: 1  Memory Usage: 2265kB
                    ->  Seq Scan on title t  (cost=0.00..73925.90 rows=42865 width=4) (actual time=0.030..1286.732 rows=49850 loops=1)
                          Filter: ((kind_id > 1) AND (production_year = 2001))
                          Rows Removed by Filter: 2478462
Planning time: 1.177 ms
Execution time: 37165.488 ms
