Hash Join  (cost=135671.36..500793.15 rows=46586 width=0) (actual time=1567.940..8808.813 rows=281889 loops=1)
  Hash Cond: (mi.movie_id = t.id)
  ->  Seq Scan on movie_info mi  (cost=0.00..309384.22 rows=14739122 width=4) (actual time=0.012..4117.729 rows=14835720 loops=1)
  ->  Hash  (cost=135571.46..135571.46 rows=7992 width=8) (actual time=1567.762..1567.762 rows=7673 loops=1)
        Buckets: 8192  Batches: 1  Memory Usage: 364kB
        ->  Nested Loop  (cost=0.43..135571.46 rows=7992 width=8) (actual time=0.225..1563.261 rows=7673 loops=1)
              ->  Seq Scan on movie_keyword mk  (cost=0.00..81003.12 rows=7992 width=4) (actual time=0.166..1298.340 rows=7673 loops=1)
                    Filter: (keyword_id = 7078)
                    Rows Removed by Filter: 4516257
              ->  Index Only Scan using title_pkey on title t  (cost=0.43..6.82 rows=1 width=4) (actual time=0.033..0.034 rows=1 loops=7673)
                    Index Cond: (id = mk.movie_id)
                    Heap Fetches: 7673
Planning time: 3.019 ms
Execution time: 8848.869 ms
