Hash Join  (cost=86372.90..141430.39 rows=14195 width=0) (actual time=1459.641..2305.265 rows=3321 loops=1)
  Hash Cond: (mc.movie_id = t.id)
  ->  Seq Scan on movie_companies mc  (cost=0.00..51404.11 rows=47312 width=4) (actual time=0.025..718.704 rows=47252 loops=1)
        Filter: (company_id = 19)
        Rows Removed by Filter: 2561877
  ->  Hash  (cost=73925.90..73925.90 rows=758640 width=4) (actual time=1456.353..1456.353 rows=663849 loops=1)
        Buckets: 131072  Batches: 16  Memory Usage: 2483kB
        ->  Seq Scan on title t  (cost=0.00..73925.90 rows=758640 width=4) (actual time=0.032..1241.820 rows=663849 loops=1)
              Filter: ((kind_id < 7) AND (production_year > 1980))
              Rows Removed by Filter: 1864463
Planning time: 0.767 ms
Execution time: 2305.844 ms
