Hash Join  (cost=96190.11..151236.33 rows=38069 width=0) (actual time=1788.782..3167.707 rows=125898 loops=1)
  Hash Cond: (mc.movie_id = t.id)
  ->  Seq Scan on movie_companies mc  (cost=0.00..44881.29 rows=2609129 width=4) (actual time=0.013..699.691 rows=2609129 loops=1)
  ->  Hash  (cost=95728.95..95728.95 rows=36893 width=8) (actual time=1788.311..1788.311 rows=45309 loops=1)
        Buckets: 65536  Batches: 1  Memory Usage: 2282kB
        ->  Hash Join  (cost=68449.54..95728.95 rows=36893 width=8) (actual time=1015.581..1772.851 rows=45309 loops=1)
              Hash Cond: (mi_idx.movie_id = t.id)
              ->  Seq Scan on movie_info_idx mi_idx  (cost=0.00..21735.35 rows=1380035 width=4) (actual time=0.015..391.077 rows=1380035 loops=1)
              ->  Hash  (cost=67604.59..67604.59 rows=67596 width=4) (actual time=1014.885..1014.885 rows=67777 loops=1)
                    Buckets: 131072  Batches: 1  Memory Usage: 3407kB
                    ->  Seq Scan on title t  (cost=0.00..67604.59 rows=67596 width=4) (actual time=0.046..987.970 rows=67777 loops=1)
                          Filter: (production_year = 2003)
                          Rows Removed by Filter: 2460535
Planning time: 1.202 ms
Execution time: 3184.361 ms
