Seq Scan on movie_keyword mk  (cost=0.00..81003.12 rows=246 width=0) (actual time=4.166..1323.788 rows=255 loops=1)
  Filter: (keyword_id = 264)
  Rows Removed by Filter: 4523675
Planning time: 0.423 ms
Execution time: 1324.024 ms
