Hash Join  (cost=193262.71..330153.86 rows=1222012 width=0) (actual time=4365.556..8335.686 rows=2923914 loops=1)
  Hash Cond: (mk.movie_id = t.id)
  ->  Seq Scan on movie_keyword mk  (cost=0.00..69693.30 rows=4523930 width=4) (actual time=0.019..1452.548 rows=4523930 loops=1)
  ->  Hash  (cost=182056.08..182056.08 rows=683010 width=8) (actual time=4364.093..4364.093 rows=597920 loops=1)
        Buckets: 131072  Batches: 16  Memory Usage: 2472kB
        ->  Hash Join  (cost=98137.04..182056.08 rows=683010 width=8) (actual time=1987.152..4184.197 rows=597920 loops=1)
              Hash Cond: (mc.movie_id = t.id)
              ->  Seq Scan on movie_companies mc  (cost=0.00..57926.93 rows=928002 width=4) (actual time=0.011..1101.568 rows=1233809 loops=1)
                    Filter: ((company_id < 42103) AND (company_type_id = 1))
                    Rows Removed by Filter: 1375320
              ->  Hash  (cost=67604.59..67604.59 rows=1860996 width=4) (actual time=1986.335..1986.335 rows=1865487 loops=1)
                    Buckets: 131072  Batches: 32  Memory Usage: 3079kB
                    ->  Seq Scan on title t  (cost=0.00..67604.59 rows=1860996 width=4) (actual time=0.017..1394.028 rows=1865487 loops=1)
                          Filter: (kind_id > 1)
                          Rows Removed by Filter: 662825
Planning time: 1.164 ms
Execution time: 8644.910 ms
