Hash Join  (cost=175027.18..1064414.49 rows=2145936 width=0) (actual time=3749.168..25125.541 rows=4713870 loops=1)
  Hash Cond: (ci.movie_id = t.id)
  ->  Seq Scan on cast_info ci  (cost=0.00..796071.18 rows=5903939 width=4) (actual time=0.018..16237.644 rows=7450629 loops=1)
        Filter: ((person_id > 662550) AND (role_id = 2))
        Rows Removed by Filter: 28793715
  ->  Hash  (cost=159947.97..159947.97 rows=919057 width=8) (actual time=3748.247..3748.247 rows=920110 loops=1)
        Buckets: 131072  Batches: 16  Memory Usage: 3269kB
        ->  Hash Join  (cost=102767.86..159947.97 rows=919057 width=8) (actual time=1961.442..3513.534 rows=920110 loops=1)
              Hash Cond: (mi_idx.movie_id = t.id)
              ->  Seq Scan on movie_info_idx mi_idx  (cost=0.00..25185.44 rows=919057 width=4) (actual time=0.014..526.361 rows=920110 loops=1)
                    Filter: (info_type_id > 99)
                    Rows Removed by Filter: 459925
              ->  Hash  (cost=61283.27..61283.27 rows=2528527 width=4) (actual time=1960.538..1960.538 rows=2528312 loops=1)
                    Buckets: 131072  Batches: 64  Memory Usage: 2415kB
                    ->  Seq Scan on title t  (cost=0.00..61283.27 rows=2528527 width=4) (actual time=0.015..1113.924 rows=2528312 loops=1)
Planning time: 1.207 ms
Execution time: 25621.998 ms
