Seq Scan on movie_keyword mk  (cost=0.00..81003.12 rows=246 width=0) (actual time=22.751..1359.294 rows=461 loops=1)
  Filter: (keyword_id = 3266)
  Rows Removed by Filter: 4523469
Planning time: 0.352 ms
Execution time: 1370.741 ms
