Hash Join  (cost=128677.97..885115.32 rows=564818 width=0) (actual time=2458.269..27558.448 rows=167567 loops=1)
  Hash Cond: (ci.movie_id = t.id)
  ->  Seq Scan on cast_info ci  (cost=0.00..614943.12 rows=36225612 width=4) (actual time=0.021..9870.273 rows=36244344 loops=1)
  ->  Hash  (cost=128185.17..128185.17 rows=39424 width=8) (actual time=2455.019..2455.019 rows=83177 loops=1)
        Buckets: 131072 (originally 65536)  Batches: 2 (originally 1)  Memory Usage: 3073kB
        ->  Hash Join  (cost=68173.50..128185.17 rows=39424 width=8) (actual time=1089.488..2417.940 rows=83177 loops=1)
              Hash Cond: (mc.movie_id = t.id)
              ->  Seq Scan on movie_companies mc  (cost=0.00..51404.11 rows=2190219 width=4) (actual time=0.017..966.925 rows=2189320 loops=1)
                    Filter: (company_id > 292)
                    Rows Removed by Filter: 419809
              ->  Hash  (cost=67604.59..67604.59 rows=45513 width=4) (actual time=917.574..917.574 rows=42820 loops=1)
                    Buckets: 65536  Batches: 1  Memory Usage: 2018kB
                    ->  Seq Scan on title t  (cost=0.00..67604.59 rows=45513 width=4) (actual time=229.117..898.262 rows=42820 loops=1)
                          Filter: (production_year < 1913)
                          Rows Removed by Filter: 2485492
Planning time: 0.823 ms
Execution time: 27582.256 ms
