Hash Join  (cost=108425.96..860037.19 rows=241421 width=0) (actual time=1868.486..17370.410 rows=633210 loops=1)
  Hash Cond: (ci.movie_id = t.id)
  ->  Seq Scan on cast_info ci  (cost=0.00..705507.15 rows=11650637 width=4) (actual time=0.017..11990.285 rows=11687800 loops=1)
        Filter: (person_id > 2523691)
        Rows Removed by Filter: 24556544
  ->  Hash  (cost=107771.02..107771.02 rows=52395 width=8) (actual time=1867.573..1867.573 rows=57870 loops=1)
        Buckets: 65536  Batches: 1  Memory Usage: 2773kB
        ->  Hash Join  (cost=69179.59..107771.02 rows=52395 width=8) (actual time=983.205..1850.107 rows=57870 loops=1)
              Hash Cond: (mi_idx.movie_id = t.id)
              ->  Seq Scan on movie_info_idx mi_idx  (cost=0.00..21735.35 rows=1380035 width=4) (actual time=0.031..406.268 rows=1380035 loops=1)
              ->  Hash  (cost=67604.59..67604.59 rows=96000 width=4) (actual time=982.432..982.432 rows=95005 loops=1)
                    Buckets: 131072  Batches: 2  Memory Usage: 2716kB
                    ->  Seq Scan on title t  (cost=0.00..67604.59 rows=96000 width=4) (actual time=0.028..946.749 rows=95005 loops=1)
                          Filter: (production_year = 2005)
                          Rows Removed by Filter: 2433307
Planning time: 1.177 ms
Execution time: 17453.484 ms
