Hash Join  (cost=89253.38..923867.36 rows=844909 width=0) (actual time=1707.477..18187.532 rows=641574 loops=1)
  Hash Cond: (ci.movie_id = t.id)
  ->  Seq Scan on cast_info ci  (cost=0.00..796071.18 rows=2286856 width=4) (actual time=97.552..15301.564 rows=1906389 loops=1)
        Filter: ((person_id < 3047998) AND (role_id = 4))
        Rows Removed by Filter: 34337955
  ->  Hash  (cost=73925.90..73925.90 rows=934198 width=4) (actual time=1608.766..1608.766 rows=950693 loops=1)
        Buckets: 131072  Batches: 16  Memory Usage: 3114kB
        ->  Seq Scan on title t  (cost=0.00..73925.90 rows=934198 width=4) (actual time=0.017..1313.418 rows=950693 loops=1)
              Filter: ((kind_id < 7) AND (production_year < 2013))
              Rows Removed by Filter: 1577619
Planning time: 1.477 ms
Execution time: 18265.790 ms
