Hash Join  (cost=83810.17..174789.17 rows=154434 width=0) (actual time=1545.777..3670.199 rows=349727 loops=1)
  Hash Cond: (mk.movie_id = t.id)
  ->  Seq Scan on movie_keyword mk  (cost=0.00..81003.12 rows=395342 width=4) (actual time=0.028..1427.005 rows=391022 loops=1)
        Filter: (keyword_id > 44057)
        Rows Removed by Filter: 4132908
  ->  Hash  (cost=67604.59..67604.59 rows=987727 width=4) (actual time=1543.551..1543.551 rows=985048 loops=1)
        Buckets: 131072  Batches: 16  Memory Usage: 3197kB
        ->  Seq Scan on title t  (cost=0.00..67604.59 rows=987727 width=4) (actual time=0.014..1215.632 rows=985048 loops=1)
              Filter: (kind_id < 7)
              Rows Removed by Filter: 1543264
Planning time: 0.731 ms
Execution time: 3710.143 ms
