Hash Join  (cost=84618.84..507823.85 rows=1356708 width=0) (actual time=1783.044..10717.418 rows=2421214 loops=1)
  Hash Cond: (mi.movie_id = t.id)
  ->  Seq Scan on movie_info mi  (cost=0.00..346232.03 rows=5263441 width=4) (actual time=307.347..6083.431 rows=5270569 loops=1)
        Filter: (info_type_id > 15)
        Rows Removed by Filter: 9565151
  ->  Hash  (cost=73925.90..73925.90 rows=651755 width=4) (actual time=1397.219..1397.219 rows=711179 loops=1)
        Buckets: 131072  Batches: 16  Memory Usage: 2599kB
        ->  Seq Scan on title t  (cost=0.00..73925.90 rows=651755 width=4) (actual time=0.061..1166.962 rows=711179 loops=1)
              Filter: ((kind_id < 7) AND (production_year < 2008))
              Rows Removed by Filter: 1817133
Planning time: 1.499 ms
Execution time: 11009.202 ms
