Seq Scan on movie_keyword mk  (cost=0.00..81003.12 rows=246 width=0) (actual time=15.778..1144.386 rows=205 loops=1)
  Filter: (keyword_id = 1194)
  Rows Removed by Filter: 4523725
Planning time: 0.416 ms
Execution time: 1144.550 ms
