Seq Scan on movie_keyword mk  (cost=0.00..81003.12 rows=1524160 width=0) (actual time=0.023..1438.597 rows=1539065 loops=1)
  Filter: (keyword_id > 10300)
  Rows Removed by Filter: 2984865
Planning time: 3.505 ms
Execution time: 1636.784 ms
