Hash Join  (cost=83810.17..233664.17 rows=1641235 width=0) (actual time=1449.893..5928.368 rows=3584118 loops=1)
  Hash Cond: (mk.movie_id = t.id)
  ->  Seq Scan on movie_keyword mk  (cost=0.00..81003.12 rows=4201471 width=4) (actual time=0.022..1837.930 rows=4180076 loops=1)
        Filter: (keyword_id > 283)
        Rows Removed by Filter: 343854
  ->  Hash  (cost=67604.59..67604.59 rows=987727 width=4) (actual time=1448.793..1448.793 rows=985048 loops=1)
        Buckets: 131072  Batches: 16  Memory Usage: 3197kB
        ->  Seq Scan on title t  (cost=0.00..67604.59 rows=987727 width=4) (actual time=0.012..1142.219 rows=985048 loops=1)
              Filter: (kind_id < 7)
              Rows Removed by Filter: 1543264
Planning time: 0.736 ms
Execution time: 6290.910 ms
