Hash Join  (cost=181968.21..317800.67 rows=1135143 width=0) (actual time=5310.641..7754.183 rows=545036 loops=1)
  Hash Cond: (mk.movie_id = t.id)
  ->  Seq Scan on movie_keyword mk  (cost=0.00..69693.30 rows=4523930 width=4) (actual time=0.017..1473.889 rows=4523930 loops=1)
  ->  Hash  (cost=171558.49..171558.49 rows=634457 width=8) (actual time=3957.776..3957.776 rows=283683 loops=1)
        Buckets: 131072  Batches: 16  Memory Usage: 1720kB
        ->  Hash Join  (cost=93721.77..171558.49 rows=634457 width=8) (actual time=1853.405..3873.580 rows=283683 loops=1)
              Hash Cond: (mc.movie_id = t.id)
              ->  Seq Scan on movie_companies mc  (cost=0.00..51404.11 rows=1329612 width=4) (actual time=0.015..1082.889 rows=1334883 loops=1)
                    Filter: (company_type_id = 2)
                    Rows Removed by Filter: 1274246
              ->  Hash  (cost=73925.90..73925.90 rows=1206549 width=4) (actual time=1852.407..1852.407 rows=1293155 loops=1)
                    Buckets: 131072  Batches: 16  Memory Usage: 3876kB
                    ->  Seq Scan on title t  (cost=0.00..73925.90 rows=1206549 width=4) (actual time=373.934..1451.790 rows=1293155 loops=1)
                          Filter: ((production_year > 1977) AND (kind_id = 7))
                          Rows Removed by Filter: 1235157
Planning time: 1.315 ms
Execution time: 7822.791 ms
