Seq Scan on movie_keyword mk  (cost=0.00..81003.12 rows=261394 width=0) (actual time=108.000..1328.966 rows=260064 loops=1)
  Filter: (keyword_id > 59339)
  Rows Removed by Filter: 4263866
Planning time: 0.370 ms
Execution time: 1364.452 ms
