Seq Scan on movie_keyword mk  (cost=0.00..81003.12 rows=437083 width=0) (actual time=0.036..1073.545 rows=432461 loops=1)
  Filter: (keyword_id > 40510)
  Rows Removed by Filter: 4091469
Planning time: 0.336 ms
Execution time: 1124.664 ms
