Seq Scan on movie_companies mc  (cost=0.00..57926.93 rows=369459 width=0) (actual time=0.028..982.364 rows=685762 loops=1)
  Filter: ((company_id > 40726) AND (company_type_id = 2))
  Rows Removed by Filter: 1923367
Planning time: 7.828 ms
Execution time: 1071.362 ms
