Hash Join  (cost=77299.57..440083.92 rows=103454 width=0) (actual time=1341.503..7018.299 rows=350649 loops=1)
  Hash Cond: (mi.movie_id = t.id)
  ->  Seq Scan on movie_info mi  (cost=0.00..346232.03 rows=1272478 width=4) (actual time=0.014..4930.146 rows=1325361 loops=1)
        Filter: (info_type_id = 8)
        Rows Removed by Filter: 13510359
  ->  Hash  (cost=73925.90..73925.90 rows=205573 width=4) (actual time=1340.787..1340.787 rows=336290 loops=1)
        Buckets: 131072  Batches: 4  Memory Usage: 3989kB
        ->  Seq Scan on title t  (cost=0.00..73925.90 rows=205573 width=4) (actual time=655.841..1227.819 rows=336290 loops=1)
              Filter: ((production_year < 1994) AND (kind_id = 1))
              Rows Removed by Filter: 2192022
Planning time: 0.863 ms
Execution time: 7058.730 ms
