Hash Join  (cost=85449.15..129718.91 rows=383327 width=0) (actual time=1413.849..2798.770 rows=624051 loops=1)
  Hash Cond: (mi_idx.movie_id = t.id)
  ->  Seq Scan on movie_info_idx mi_idx  (cost=0.00..21735.35 rows=1380035 width=4) (actual time=0.020..435.635 rows=1380035 loops=1)
  ->  Hash  (cost=73925.90..73925.90 rows=702340 width=4) (actual time=1412.798..1412.798 rows=603836 loops=1)
        Buckets: 131072  Batches: 16  Memory Usage: 2349kB
        ->  Seq Scan on title t  (cost=0.00..73925.90 rows=702340 width=4) (actual time=0.021..1216.606 rows=603836 loops=1)
              Filter: ((kind_id < 7) AND (production_year > 1988))
              Rows Removed by Filter: 1924476
Planning time: 0.878 ms
Execution time: 2877.834 ms
