Hash Join  (cost=100399.99..1416966.85 rows=23117768 width=0) (actual time=2140.160..42364.965 rows=24779828 loops=1)
  Hash Cond: (ci.movie_id = t.id)
  ->  Seq Scan on cast_info ci  (cost=0.00..614943.12 rows=36225612 width=4) (actual time=0.024..13045.675 rows=36244344 loops=1)
  ->  Hash  (cost=73925.90..73925.90 rows=1613607 width=4) (actual time=2139.043..2139.043 rows=1724951 loops=1)
        Buckets: 131072  Batches: 32  Memory Usage: 2924kB
        ->  Seq Scan on title t  (cost=0.00..73925.90 rows=1613607 width=4) (actual time=0.021..1580.017 rows=1724951 loops=1)
              Filter: ((kind_id > 1) AND (production_year > 1962))
              Rows Removed by Filter: 803361
Planning time: 0.803 ms
Execution time: 45154.032 ms
