Seq Scan on title t  (cost=0.00..73925.90 rows=5474 width=0) (actual time=0.169..1228.224 rows=9371 loops=1)
  Filter: ((kind_id > 1) AND (production_year = 1972))
  Rows Removed by Filter: 2518941
Planning time: 0.368 ms
Execution time: 1230.673 ms
