Nested Loop  (cost=0.43..83072.29 rows=116 width=0) (actual time=1.457..1298.350 rows=223 loops=1)
  ->  Seq Scan on movie_keyword mk  (cost=0.00..81003.12 rows=246 width=4) (actual time=1.395..1255.513 rows=836 loops=1)
        Filter: (keyword_id = 15222)
        Rows Removed by Filter: 4523094
  ->  Index Scan using title_pkey on title t  (cost=0.43..8.40 rows=1 width=4) (actual time=0.050..0.050 rows=0 loops=836)
        Index Cond: (id = mk.movie_id)
        Filter: (production_year > 2003)
        Rows Removed by Filter: 1
Planning time: 8.204 ms
Execution time: 1298.603 ms
