Nested Loop  (cost=0.43..83072.90 rows=51 width=0) (actual time=0.117..1363.947 rows=1332 loops=1)
  ->  Seq Scan on movie_keyword mk  (cost=0.00..81003.12 rows=246 width=4) (actual time=0.064..1280.080 rows=2013 loops=1)
        Filter: (keyword_id = 2123)
        Rows Removed by Filter: 4521917
  ->  Index Scan using title_pkey on title t  (cost=0.43..8.40 rows=1 width=4) (actual time=0.040..0.041 rows=1 loops=2013)
        Index Cond: (id = mk.movie_id)
        Filter: ((kind_id < 7) AND (production_year < 2005))
        Rows Removed by Filter: 0
Planning time: 0.794 ms
Execution time: 1364.505 ms
