Hash Join  (cost=85894.26..611071.85 rows=4252167 width=0) (actual time=1373.048..14601.883 rows=2152654 loops=1)
  Hash Cond: (mi.movie_id = t.id)
  ->  Seq Scan on movie_info mi  (cost=0.00..309384.22 rows=14739122 width=4) (actual time=0.016..5913.448 rows=14835720 loops=1)
  ->  Hash  (cost=73925.90..73925.90 rows=729468 width=4) (actual time=1371.932..1371.932 rows=638430 loops=1)
        Buckets: 131072  Batches: 16  Memory Usage: 2431kB
        ->  Seq Scan on title t  (cost=0.00..73925.90 rows=729468 width=4) (actual time=0.015..1164.575 rows=638430 loops=1)
              Filter: ((production_year < 2003) AND (kind_id = 7))
              Rows Removed by Filter: 1889882
Planning time: 0.662 ms
Execution time: 14842.501 ms
