Seq Scan on movie_keyword mk  (cost=0.00..81003.12 rows=246 width=0) (actual time=0.162..1321.019 rows=271 loops=1)
  Filter: (keyword_id = 1872)
  Rows Removed by Filter: 4523659
Planning time: 0.382 ms
Execution time: 1321.262 ms
