Hash Join  (cost=77062.89..1110116.33 rows=5357897 width=0) (actual time=1318.487..31167.224 rows=3761809 loops=1)
  Hash Cond: (ci.movie_id = t.id)
  ->  Seq Scan on cast_info ci  (cost=0.00..705507.15 rows=23499554 width=4) (actual time=0.022..15957.125 rows=23573656 loops=1)
        Filter: (role_id > 1)
        Rows Removed by Filter: 12670688
  ->  Hash  (cost=67604.59..67604.59 rows=576504 width=4) (actual time=1317.649..1317.649 rows=568449 loops=1)
        Buckets: 131072  Batches: 8  Memory Usage: 3513kB
        ->  Seq Scan on title t  (cost=0.00..67604.59 rows=576504 width=4) (actual time=0.031..1123.137 rows=568449 loops=1)
              Filter: (production_year < 1984)
              Rows Removed by Filter: 1959863
Planning time: 0.797 ms
Execution time: 31640.960 ms
