Seq Scan on movie_companies mc  (cost=0.00..57926.93 rows=163831 width=0) (actual time=0.022..917.340 rows=260596 loops=1)
  Filter: ((company_id < 164) AND (company_type_id < 2))
  Rows Removed by Filter: 2348533
Planning time: 0.240 ms
Execution time: 954.453 ms
