Hash Join  (cost=160872.73..544523.47 rows=57090 width=0) (actual time=2971.178..10652.903 rows=340704 loops=1)
  Hash Cond: (mi.movie_id = t.id)
  ->  Seq Scan on movie_info mi  (cost=0.00..309384.22 rows=14739122 width=4) (actual time=0.007..4413.793 rows=14835720 loops=1)
  ->  Hash  (cost=160750.31..160750.31 rows=9794 width=8) (actual time=2968.596..2968.596 rows=21367 loops=1)
        Buckets: 32768 (originally 16384)  Batches: 1 (originally 1)  Memory Usage: 1091kB
        ->  Hash Join  (cost=73994.33..160750.31 rows=9794 width=8) (actual time=1140.378..2960.402 rows=21367 loops=1)
              Hash Cond: (mk.movie_id = t.id)
              ->  Seq Scan on movie_keyword mk  (cost=0.00..69693.30 rows=4523930 width=4) (actual time=0.010..929.219 rows=4523930 loops=1)
              ->  Hash  (cost=73925.90..73925.90 rows=5474 width=4) (actual time=1139.722..1139.722 rows=16373 loops=1)
                    Buckets: 16384 (originally 8192)  Batches: 1 (originally 1)  Memory Usage: 704kB
                    ->  Seq Scan on title t  (cost=0.00..73925.90 rows=5474 width=4) (actual time=0.313..1129.401 rows=16373 loops=1)
                          Filter: ((kind_id > 1) AND (production_year = 1989))
                          Rows Removed by Filter: 2511939
Planning time: 1.124 ms
Execution time: 10698.257 ms
