Hash Join  (cost=69274.78..451127.71 rows=8474 width=0) (actual time=1825.886..7876.566 rows=3117 loops=1)
  Hash Cond: (mi.movie_id = t.id)
  ->  Seq Scan on movie_info mi  (cost=0.00..346232.03 rows=9476311 width=4) (actual time=820.958..5530.191 rows=9565151 loops=1)
        Filter: (info_type_id < 16)
        Rows Removed by Filter: 5270569
  ->  Hash  (cost=69246.52..69246.52 rows=2261 width=8) (actual time=959.944..959.944 rows=1876 loops=1)
        Buckets: 4096  Batches: 1  Memory Usage: 106kB
        ->  Nested Loop  (cost=0.43..69246.52 rows=2261 width=8) (actual time=19.898..958.863 rows=1876 loops=1)
              ->  Seq Scan on movie_companies mc  (cost=0.00..51404.11 rows=2261 width=4) (actual time=19.788..872.703 rows=1876 loops=1)
                    Filter: (company_id = 448)
                    Rows Removed by Filter: 2607253
              ->  Index Only Scan using title_pkey on title t  (cost=0.43..7.88 rows=1 width=4) (actual time=0.045..0.045 rows=1 loops=1876)
                    Index Cond: (id = mc.movie_id)
                    Heap Fetches: 1876
Planning time: 1.118 ms
Execution time: 7877.280 ms
