Hash Join  (cost=95982.60..261343.25 rows=3094670 width=0) (actual time=1939.053..6217.649 rows=2687336 loops=1)
  Hash Cond: (mk.movie_id = t.id)
  ->  Seq Scan on movie_keyword mk  (cost=0.00..69693.30 rows=4523930 width=4) (actual time=0.024..1449.167 rows=4523930 loops=1)
  ->  Hash  (cost=67604.59..67604.59 rows=1729681 width=4) (actual time=1937.421..1937.421 rows=1725233 loops=1)
        Buckets: 131072  Batches: 32  Memory Usage: 2931kB
        ->  Seq Scan on title t  (cost=0.00..67604.59 rows=1729681 width=4) (actual time=0.028..1363.960 rows=1725233 loops=1)
              Filter: (production_year > 1991)
              Rows Removed by Filter: 803079
Planning time: 0.855 ms
Execution time: 6509.551 ms
