Hash Join  (cost=162029.42..956614.64 rows=95474 width=0) (actual time=4685.921..22380.009 rows=630169 loops=1)
  Hash Cond: (ci.movie_id = t.id)
  ->  Seq Scan on cast_info ci  (cost=0.00..705507.15 rows=23499554 width=4) (actual time=1520.641..14564.146 rows=23573656 loops=1)
        Filter: (role_id > 1)
        Rows Removed by Filter: 12670688
  ->  Hash  (cost=161901.00..161901.00 rows=10273 width=8) (actual time=3164.644..3164.644 rows=27513 loops=1)
        Buckets: 32768 (originally 16384)  Batches: 1 (originally 1)  Memory Usage: 1331kB
        ->  Hash Join  (cost=67697.55..161901.00 rows=10273 width=8) (actual time=1081.048..3153.928 rows=27513 loops=1)
              Hash Cond: (mk.movie_id = t.id)
              ->  Seq Scan on movie_keyword mk  (cost=0.00..81003.12 rows=3492693 width=4) (actual time=0.033..1508.461 rows=3487786 loops=1)
                    Filter: (keyword_id < 17135)
                    Rows Removed by Filter: 1036144
              ->  Hash  (cost=67604.59..67604.59 rows=7437 width=4) (actual time=1079.636..1079.636 rows=14770 loops=1)
                    Buckets: 16384 (originally 8192)  Batches: 1 (originally 1)  Memory Usage: 648kB
                    ->  Seq Scan on title t  (cost=0.00..67604.59 rows=7437 width=4) (actual time=0.300..1072.547 rows=14770 loops=1)
                          Filter: (production_year = 1982)
                          Rows Removed by Filter: 2513542
Planning time: 4.888 ms
Execution time: 22465.603 ms
