Hash Join  (cost=225163.01..1170936.41 rows=4989537 width=0) (actual time=8597.172..31958.285 rows=18079555 loops=1)
  Hash Cond: (ci.movie_id = t.id)
  ->  Seq Scan on cast_info ci  (cost=0.00..705507.15 rows=16201301 width=4) (actual time=3601.461..15099.446 rows=16121683 loops=1)
        Filter: (role_id > 2)
        Rows Removed by Filter: 20122661
  ->  Hash  (cost=212387.09..212387.09 rows=778714 width=8) (actual time=4994.460..4994.460 rows=787129 loops=1)
        Buckets: 131072  Batches: 16  Memory Usage: 2980kB
        ->  Hash Join  (cost=102767.86..212387.09 rows=778714 width=8) (actual time=2274.919..4762.003 rows=787129 loops=1)
              Hash Cond: (mk.movie_id = t.id)
              ->  Seq Scan on movie_keyword mk  (cost=0.00..81003.12 rows=778714 width=4) (actual time=0.029..1446.864 rows=787129 loops=1)
                    Filter: (keyword_id > 23925)
                    Rows Removed by Filter: 3736801
              ->  Hash  (cost=61283.27..61283.27 rows=2528527 width=4) (actual time=2274.044..2274.044 rows=2528312 loops=1)
                    Buckets: 131072  Batches: 64  Memory Usage: 2425kB
                    ->  Seq Scan on title t  (cost=0.00..61283.27 rows=2528527 width=4) (actual time=0.014..1109.773 rows=2528312 loops=1)
Planning time: 0.825 ms
Execution time: 33895.743 ms
