Hash Join  (cost=98347.17..222396.64 rows=1309148 width=0) (actual time=2101.067..5105.825 rows=1198977 loops=1)
  Hash Cond: (mk.movie_id = t.id)
  ->  Seq Scan on movie_keyword mk  (cost=0.00..81003.12 rows=1766573 width=4) (actual time=0.017..1522.737 rows=1773432 loops=1)
        Filter: (keyword_id < 2879)
        Rows Removed by Filter: 2750498
  ->  Hash  (cost=67604.59..67604.59 rows=1873807 width=4) (actual time=2100.257..2100.257 rows=1871198 loops=1)
        Buckets: 131072  Batches: 32  Memory Usage: 3096kB
        ->  Seq Scan on title t  (cost=0.00..67604.59 rows=1873807 width=4) (actual time=0.023..1482.316 rows=1871198 loops=1)
              Filter: (production_year > 1984)
              Rows Removed by Filter: 657114
Planning time: 0.588 ms
Execution time: 5242.219 ms
