Seq Scan on movie_keyword mk  (cost=0.00..81003.12 rows=3948601 width=0) (actual time=0.031..1565.140 rows=3945802 loops=1)
  Filter: (keyword_id > 408)
  Rows Removed by Filter: 578128
Planning time: 0.369 ms
Execution time: 2068.293 ms
