Hash Join  (cost=455975.37..1260514.29 rows=4835 width=0) (actual time=10970.142..20183.537 rows=39225 loops=1)
  Hash Cond: (ci.movie_id = t.id)
  ->  Seq Scan on cast_info ci  (cost=0.00..796071.18 rows=1122589 width=4) (actual time=2563.688..11613.228 rows=777741 loops=1)
        Filter: ((person_id < 982252) AND (role_id = 3))
        Rows Removed by Filter: 35466603
  ->  Hash  (cost=455839.28..455839.28 rows=10887 width=8) (actual time=8403.524..8403.524 rows=69338 loops=1)
        Buckets: 131072 (originally 16384)  Batches: 1 (originally 1)  Memory Usage: 3733kB
        ->  Hash Join  (cost=73962.22..455839.28 rows=10887 width=8) (actual time=1783.511..8375.335 rows=69338 loops=1)
              Hash Cond: (mi.movie_id = t.id)
              ->  Seq Scan on movie_info mi  (cost=0.00..346232.03 rows=9476311 width=4) (actual time=760.118..5771.403 rows=9565151 loops=1)
                    Filter: (info_type_id < 16)
                    Rows Removed by Filter: 5270569
              ->  Hash  (cost=73925.90..73925.90 rows=2905 width=4) (actual time=1020.501..1020.501 rows=9474 loops=1)
                    Buckets: 16384 (originally 4096)  Batches: 1 (originally 1)  Memory Usage: 462kB
                    ->  Seq Scan on title t  (cost=0.00..73925.90 rows=2905 width=4) (actual time=0.099..1015.815 rows=9474 loops=1)
                          Filter: ((kind_id < 7) AND (production_year = 1991))
                          Rows Removed by Filter: 2518838
Planning time: 5.635 ms
Execution time: 20187.756 ms
