Hash Join  (cost=52284.99..138944.89 rows=186 width=0) (actual time=701.431..2415.870 rows=1611 loops=1)
  Hash Cond: (mk.movie_id = t.id)
  ->  Seq Scan on movie_keyword mk  (cost=0.00..69693.30 rows=4523930 width=4) (actual time=0.022..982.965 rows=4523930 loops=1)
  ->  Hash  (cost=52283.69..52283.69 rows=104 width=8) (actual time=677.948..677.948 rows=296 loops=1)
        Buckets: 1024  Batches: 1  Memory Usage: 20kB
        ->  Nested Loop  (cost=0.43..52283.69 rows=104 width=8) (actual time=9.423..677.781 rows=296 loops=1)
              ->  Seq Scan on movie_companies mc  (cost=0.00..51404.11 rows=104 width=4) (actual time=9.323..669.926 rows=296 loops=1)
                    Filter: (company_id = 6799)
                    Rows Removed by Filter: 2608833
              ->  Index Only Scan using title_pkey on title t  (cost=0.43..8.45 rows=1 width=4) (actual time=0.025..0.025 rows=1 loops=296)
                    Index Cond: (id = mc.movie_id)
                    Heap Fetches: 296
Planning time: 1.170 ms
Execution time: 2416.258 ms
