Hash Join  (cost=120434.75..485407.14 rows=31646 width=0) (actual time=1532.328..8966.456 rows=378894 loops=1)
  Hash Cond: (mi.movie_id = t.id)
  ->  Seq Scan on movie_info mi  (cost=0.00..309384.22 rows=14739122 width=4) (actual time=0.019..4356.015 rows=14835720 loops=1)
  ->  Hash  (cost=120366.89..120366.89 rows=5429 width=8) (actual time=1532.216..1532.216 rows=4702 loops=1)
        Buckets: 8192  Batches: 1  Memory Usage: 248kB
        ->  Nested Loop  (cost=0.43..120366.89 rows=5429 width=8) (actual time=20.358..1529.340 rows=4702 loops=1)
              ->  Seq Scan on movie_keyword mk  (cost=0.00..81003.12 rows=5429 width=4) (actual time=20.268..1364.358 rows=4702 loops=1)
                    Filter: (keyword_id = 275)
                    Rows Removed by Filter: 4519228
              ->  Index Only Scan using title_pkey on title t  (cost=0.43..7.24 rows=1 width=4) (actual time=0.034..0.034 rows=1 loops=4702)
                    Index Cond: (id = mk.movie_id)
                    Heap Fetches: 4702
Planning time: 1.082 ms
Execution time: 9018.329 ms
