Hash Join  (cost=87955.30..838784.00 rows=3954 width=0) (actual time=1075.166..16848.538 rows=3257 loops=1)
  Hash Cond: (ci.movie_id = t.id)
  ->  Seq Scan on cast_info ci  (cost=0.00..614943.12 rows=36225612 width=4) (actual time=0.022..9019.932 rows=36244344 loops=1)
  ->  Hash  (cost=87951.85..87951.85 rows=276 width=8) (actual time=1072.785..1072.785 rows=23 loops=1)
        Buckets: 1024  Batches: 1  Memory Usage: 9kB
        ->  Nested Loop  (cost=0.43..87951.85 rows=276 width=8) (actual time=336.725..1072.747 rows=23 loops=1)
              ->  Seq Scan on movie_companies mc  (cost=0.00..57926.93 rows=3989 width=4) (actual time=167.384..972.385 rows=3185 loops=1)
                    Filter: ((company_type_id > 1) AND (company_id = 159))
                    Rows Removed by Filter: 2605944
              ->  Index Scan using title_pkey on title t  (cost=0.43..7.52 rows=1 width=4) (actual time=0.031..0.031 rows=0 loops=3185)
                    Index Cond: (id = mc.movie_id)
                    Filter: ((production_year > 2008) AND (kind_id = 1))
                    Rows Removed by Filter: 1
Planning time: 1.248 ms
Execution time: 16850.335 ms
