Hash Join  (cost=76444.38..141426.07 rows=32192 width=0) (actual time=1135.786..2787.332 rows=88285 loops=1)
  Hash Cond: (mc.movie_id = t.id)
  ->  Seq Scan on movie_companies mc  (cost=0.00..57926.93 rows=530355 width=4) (actual time=0.020..1079.537 rows=834513 loops=1)
        Filter: ((company_id > 14970) AND (company_type_id = 2))
        Rows Removed by Filter: 1774616
  ->  Hash  (cost=73925.90..73925.90 rows=153478 width=4) (actual time=1135.053..1135.053 rows=134760 loops=1)
        Buckets: 131072  Batches: 4  Memory Usage: 2216kB
        ->  Seq Scan on title t  (cost=0.00..73925.90 rows=153478 width=4) (actual time=0.022..1089.206 rows=134760 loops=1)
              Filter: ((kind_id < 7) AND (production_year > 2010))
              Rows Removed by Filter: 2393552
Planning time: 5.076 ms
Execution time: 2799.094 ms
