Hash Join  (cost=1310833.51..2574475.54 rows=57920598 width=0) (actual time=35149.715..101584.608 rows=195716508 loops=1)
  Hash Cond: (mi.movie_id = t.id)
  ->  Seq Scan on movie_info mi  (cost=0.00..309384.22 rows=14739122 width=4) (actual time=0.022..6557.788 rows=14835720 loops=1)
  ->  Hash  (cost=1147813.52..1147813.52 rows=9936399 width=8) (actual time=35144.655..35144.655 rows=15456085 loops=1)
        Buckets: 131072  Batches: 256  Memory Usage: 3439kB
        ->  Hash Join  (cost=102767.86..1147813.52 rows=9936399 width=8) (actual time=3639.108..30984.930 rows=15456085 loops=1)
              Hash Cond: (ci.movie_id = t.id)
              ->  Seq Scan on cast_info ci  (cost=0.00..796071.18 rows=9936399 width=4) (actual time=1740.275..16258.414 rows=15456085 loops=1)
                    Filter: ((person_id > 2093994) AND (role_id > 1))
                    Rows Removed by Filter: 20788259
              ->  Hash  (cost=61283.27..61283.27 rows=2528527 width=4) (actual time=1897.529..1897.529 rows=2528312 loops=1)
                    Buckets: 131072  Batches: 64  Memory Usage: 2415kB
                    ->  Seq Scan on title t  (cost=0.00..61283.27 rows=2528527 width=4) (actual time=0.022..1049.034 rows=2528312 loops=1)
Planning time: 1.303 ms
Execution time: 122856.930 ms
