Seq Scan on cast_info ci  (cost=0.00..705507.15 rows=18723451 width=0) (actual time=0.026..12868.975 rows=18865462 loops=1)
  Filter: (person_id > 1717912)
  Rows Removed by Filter: 17378882
Planning time: 0.346 ms
Execution time: 15219.504 ms
