Hash Join  (cost=58375.85..85286.62 rows=29 width=0) (actual time=943.528..1493.205 rows=138 loops=1)
  Hash Cond: (mi_idx.movie_id = t.id)
  ->  Seq Scan on movie_info_idx mi_idx  (cost=0.00..21735.35 rows=1380035 width=4) (actual time=0.017..323.944 rows=1380035 loops=1)
  ->  Hash  (cost=58375.18..58375.18 rows=53 width=8) (actual time=922.599..922.599 rows=125 loops=1)
        Buckets: 1024  Batches: 1  Memory Usage: 13kB
        ->  Nested Loop  (cost=0.43..58375.18 rows=53 width=8) (actual time=200.644..922.488 rows=125 loops=1)
              ->  Seq Scan on movie_companies mc  (cost=0.00..57926.93 rows=53 width=4) (actual time=200.546..900.086 rows=125 loops=1)
                    Filter: ((company_type_id > 1) AND (company_id = 1135))
                    Rows Removed by Filter: 2609004
              ->  Index Only Scan using title_pkey on title t  (cost=0.43..8.45 rows=1 width=4) (actual time=0.177..0.177 rows=1 loops=125)
                    Index Cond: (id = mc.movie_id)
                    Heap Fetches: 125
Planning time: 1.202 ms
Execution time: 1493.354 ms
