Hash Join  (cost=253340.88..429092.72 rows=3947589 width=0) (actual time=6580.856..17297.852 rows=32165013 loops=1)
  Hash Cond: (mk.movie_id = t.id)
  ->  Seq Scan on movie_keyword mk  (cost=0.00..69693.30 rows=4523930 width=4) (actual time=0.012..1520.554 rows=4523930 loops=1)
  ->  Hash  (cost=217141.92..217141.92 rows=2206397 width=8) (actual time=6579.547..6579.547 rows=2205767 loops=1)
        Buckets: 131072  Batches: 32  Memory Usage: 3773kB
        ->  Hash Join  (cost=102767.86..217141.92 rows=2206397 width=8) (actual time=2008.320..5925.884 rows=2205767 loops=1)
              Hash Cond: (mc.movie_id = t.id)
              ->  Seq Scan on movie_companies mc  (cost=0.00..51404.11 rows=2206397 width=4) (actual time=0.018..1237.847 rows=2205767 loops=1)
                    Filter: (company_id > 253)
                    Rows Removed by Filter: 403362
              ->  Hash  (cost=61283.27..61283.27 rows=2528527 width=4) (actual time=2006.355..2006.355 rows=2528312 loops=1)
                    Buckets: 131072  Batches: 64  Memory Usage: 2415kB
                    ->  Seq Scan on title t  (cost=0.00..61283.27 rows=2528527 width=4) (actual time=0.015..1146.002 rows=2528312 loops=1)
Planning time: 1.238 ms
Execution time: 20794.389 ms
