Seq Scan on movie_keyword mk  (cost=0.00..81003.12 rows=3181118 width=0) (actual time=0.025..1355.888 rows=3160369 loops=1)
  Filter: (keyword_id > 1775)
  Rows Removed by Filter: 1363561
Planning time: 0.340 ms
Execution time: 1723.006 ms
