Seq Scan on movie_companies mc  (cost=0.00..57926.93 rows=1073374 width=0) (actual time=95.719..1117.498 rows=829538 loops=1)
  Filter: ((company_id < 73968) AND (company_type_id = 2))
  Rows Removed by Filter: 1779591
Planning time: 0.384 ms
Execution time: 1220.682 ms
