Seq Scan on cast_info ci  (cost=0.00..705507.15 rows=12339702 width=0) (actual time=483.904..12224.011 rows=12435423 loops=1)
  Filter: (person_id > 2440832)
  Rows Removed by Filter: 23808921
Planning time: 0.374 ms
Execution time: 13769.801 ms
