Nested Loop  (cost=0.43..83072.90 rows=46 width=0) (actual time=2.060..1406.631 rows=1027 loops=1)
  ->  Seq Scan on movie_keyword mk  (cost=0.00..81003.12 rows=246 width=4) (actual time=0.388..1285.310 rows=3434 loops=1)
        Filter: (keyword_id = 140)
        Rows Removed by Filter: 4520496
  ->  Index Scan using title_pkey on title t  (cost=0.43..8.40 rows=1 width=4) (actual time=0.034..0.035 rows=0 loops=3434)
        Index Cond: (id = mk.movie_id)
        Filter: ((kind_id < 4) AND (production_year > 2000))
        Rows Removed by Filter: 1
Planning time: 0.783 ms
Execution time: 1407.083 ms
