Seq Scan on movie_keyword mk  (cost=0.00..81003.12 rows=2132897 width=0) (actual time=0.020..1464.097 rows=2136800 loops=1)
  Filter: (keyword_id < 3974)
  Rows Removed by Filter: 2387130
Planning time: 0.344 ms
Execution time: 1731.108 ms
