Hash Join  (cost=76242.82..153301.28 rows=145694 width=0) (actual time=1152.839..3206.790 rows=175365 loops=1)
  Hash Cond: (mc.movie_id = t.id)
  ->  Seq Scan on movie_companies mc  (cost=0.00..44881.29 rows=2609129 width=4) (actual time=0.014..992.084 rows=2609129 loops=1)
  ->  Hash  (cost=73925.90..73925.90 rows=141193 width=4) (actual time=1151.947..1151.947 rows=132182 loops=1)
        Buckets: 131072  Batches: 2  Memory Usage: 3340kB
        ->  Seq Scan on title t  (cost=0.00..73925.90 rows=141193 width=4) (actual time=555.349..1104.925 rows=132182 loops=1)
              Filter: ((production_year > 2009) AND (kind_id = 1))
              Rows Removed by Filter: 2396130
Planning time: 1.912 ms
Execution time: 3238.536 ms
