Hash Join  (cost=940479.24..1020813.60 rows=547350 width=0) (actual time=15415.844..18139.695 rows=2207647 loops=1)
  Hash Cond: (mc.movie_id = t.id)
  ->  Seq Scan on movie_companies mc  (cost=0.00..51404.11 rows=1763397 width=4) (actual time=0.017..1060.232 rows=1768237 loops=1)
        Filter: (company_id > 2215)
        Rows Removed by Filter: 840892
  ->  Hash  (cost=927602.72..927602.72 rows=784842 width=8) (actual time=15414.877..15414.877 rows=1548348 loops=1)
        Buckets: 131072 (originally 131072)  Batches: 32 (originally 16)  Memory Usage: 3073kB
        ->  Hash Join  (cost=102767.86..927602.72 rows=784842 width=8) (actual time=7560.895..15009.780 rows=1548348 loops=1)
              Hash Cond: (ci.movie_id = t.id)
              ->  Seq Scan on cast_info ci  (cost=0.00..796071.18 rows=784842 width=4) (actual time=5570.039..11417.256 rows=1548348 loops=1)
                    Filter: ((person_id < 212516) AND (role_id = 1))
                    Rows Removed by Filter: 34695996
              ->  Hash  (cost=61283.27..61283.27 rows=2528527 width=4) (actual time=1989.630..1989.630 rows=2528312 loops=1)
                    Buckets: 131072  Batches: 64  Memory Usage: 2415kB
                    ->  Seq Scan on title t  (cost=0.00..61283.27 rows=2528527 width=4) (actual time=0.022..1128.584 rows=2528312 loops=1)
Planning time: 1.158 ms
Execution time: 18368.367 ms
