Seq Scan on movie_companies mc  (cost=0.00..57926.93 rows=208852 width=0) (actual time=22.359..862.626 rows=95472 loops=1)
  Filter: ((company_id < 264) AND (company_type_id > 1))
  Rows Removed by Filter: 2513657
Planning time: 0.373 ms
Execution time: 874.160 ms
