Seq Scan on movie_companies mc  (cost=0.00..51404.11 rows=187245 width=0) (actual time=364.598..792.609 rows=187938 loops=1)
  Filter: (company_id > 117407)
  Rows Removed by Filter: 2421191
Planning time: 0.368 ms
Execution time: 816.414 ms
