Hash Join  (cost=83072.91..137738.45 rows=1 width=0) (actual time=1424.069..2262.522 rows=5 loops=1)
  Hash Cond: (mc.movie_id = t.id)
  ->  Seq Scan on movie_companies mc  (cost=0.00..44881.29 rows=2609129 width=4) (actual time=0.014..605.882 rows=2609129 loops=1)
  ->  Hash  (cost=83072.90..83072.90 rows=1 width=8) (actual time=1209.802..1209.802 rows=2 loops=1)
        Buckets: 1024  Batches: 1  Memory Usage: 9kB
        ->  Nested Loop  (cost=0.43..83072.90 rows=1 width=8) (actual time=105.182..1209.792 rows=2 loops=1)
              ->  Seq Scan on movie_keyword mk  (cost=0.00..81003.12 rows=246 width=4) (actual time=1.796..1188.466 rows=844 loops=1)
                    Filter: (keyword_id = 2845)
                    Rows Removed by Filter: 4523086
              ->  Index Scan using title_pkey on title t  (cost=0.43..8.40 rows=1 width=4) (actual time=0.024..0.024 rows=0 loops=844)
                    Index Cond: (id = mk.movie_id)
                    Filter: ((kind_id < 7) AND (production_year = 1975))
                    Rows Removed by Filter: 1
Planning time: 3.204 ms
Execution time: 2262.684 ms
