Hash Join  (cost=133580.69..213837.03 rows=377681 width=0) (actual time=3024.974..5348.863 rows=855400 loops=1)
  Hash Cond: (mc.movie_id = t.id)
  ->  Seq Scan on movie_companies mc  (cost=0.00..44881.29 rows=2609129 width=4) (actual time=0.024..923.468 rows=2609129 loops=1)
  ->  Hash  (cost=127575.52..127575.52 rows=366014 width=8) (actual time=3024.163..3024.163 rows=287134 loops=1)
        Buckets: 131072  Batches: 8  Memory Usage: 2417kB
        ->  Hash Join  (cost=84197.31..127575.52 rows=366014 width=8) (actual time=1605.354..2935.977 rows=287134 loops=1)
              Hash Cond: (mi_idx.movie_id = t.id)
              ->  Seq Scan on movie_info_idx mi_idx  (cost=0.00..25185.44 rows=915101 width=4) (actual time=0.027..610.921 rows=919850 loops=1)
                    Filter: (info_type_id < 101)
                    Rows Removed by Filter: 460185
              ->  Hash  (cost=67604.59..67604.59 rows=1011338 width=4) (actual time=1604.163..1604.163 rows=1012920 loops=1)
                    Buckets: 131072  Batches: 16  Memory Usage: 3250kB
                    ->  Seq Scan on title t  (cost=0.00..67604.59 rows=1011338 width=4) (actual time=0.016..1277.807 rows=1012920 loops=1)
                          Filter: (production_year > 2005)
                          Rows Removed by Filter: 1515392
Planning time: 1.202 ms
Execution time: 5455.330 ms
