Seq Scan on movie_keyword mk  (cost=0.00..81003.12 rows=246 width=0) (actual time=1.607..1255.178 rows=982 loops=1)
  Filter: (keyword_id = 3546)
  Rows Removed by Filter: 4522948
Planning time: 0.390 ms
Execution time: 1255.601 ms
