Hash Join  (cost=73982.55..102630.93 rows=1647 width=0) (actual time=1521.473..1884.720 rows=3018 loops=1)
  Hash Cond: (mi_idx.movie_id = t.id)
  ->  Seq Scan on movie_info_idx mi_idx  (cost=0.00..25185.44 rows=919057 width=4) (actual time=0.031..510.738 rows=920110 loops=1)
        Filter: (info_type_id > 99)
        Rows Removed by Filter: 459925
  ->  Hash  (cost=73925.90..73925.90 rows=4532 width=4) (actual time=1200.215..1200.215 rows=11996 loops=1)
        Buckets: 16384 (originally 8192)  Batches: 1 (originally 1)  Memory Usage: 550kB
        ->  Seq Scan on title t  (cost=0.00..73925.90 rows=4532 width=4) (actual time=0.078..1194.532 rows=11996 loops=1)
              Filter: ((kind_id = 7) AND (production_year = 1987))
              Rows Removed by Filter: 2516316
Planning time: 0.826 ms
Execution time: 1885.377 ms
