Nested Loop  (cost=0.43..87805.67 rows=1162 width=0) (actual time=378.941..938.461 rows=255 loops=1)
  ->  Seq Scan on movie_companies mc  (cost=0.00..57926.93 rows=3967 width=4) (actual time=378.872..925.615 rows=413 loops=1)
        Filter: ((company_type_id < 2) AND (company_id = 424))
        Rows Removed by Filter: 2608716
  ->  Index Scan using title_pkey on title t  (cost=0.43..7.52 rows=1 width=4) (actual time=0.029..0.030 rows=1 loops=413)
        Index Cond: (id = mc.movie_id)
        Filter: ((kind_id < 4) AND (production_year > 1963))
        Rows Removed by Filter: 0
Planning time: 2.274 ms
Execution time: 938.700 ms
