Hash Join  (cost=81025.55..212460.13 rows=774154 width=0) (actual time=1478.034..4902.593 rows=1119106 loops=1)
  Hash Cond: (mk.movie_id = t.id)
  ->  Seq Scan on movie_keyword mk  (cost=0.00..69693.30 rows=4523930 width=4) (actual time=0.006..1310.716 rows=4523930 loops=1)
  ->  Hash  (cost=73925.90..73925.90 rows=432692 width=4) (actual time=1477.216..1477.216 rows=368246 loops=1)
        Buckets: 131072  Batches: 8  Memory Usage: 2646kB
        ->  Seq Scan on title t  (cost=0.00..73925.90 rows=432692 width=4) (actual time=0.020..1343.256 rows=368246 loops=1)
              Filter: ((kind_id < 7) AND (production_year > 2004))
              Rows Removed by Filter: 2160066
Planning time: 0.672 ms
Execution time: 5036.097 ms
