Seq Scan on movie_keyword mk  (cost=0.00..81003.12 rows=1361810 width=0) (actual time=0.025..1509.149 rows=1375857 loops=1)
  Filter: (keyword_id > 12114)
  Rows Removed by Filter: 3148073
Planning time: 0.364 ms
Execution time: 1681.555 ms
