Hash Join  (cost=102767.86..825347.51 rows=298985 width=0) (actual time=7121.877..13881.684 rows=328448 loops=1)
  Hash Cond: (ci.movie_id = t.id)
  ->  Seq Scan on cast_info ci  (cost=0.00..705507.15 rows=298985 width=4) (actual time=5107.369..11195.161 rows=328448 loops=1)
        Filter: (person_id > 4002127)
        Rows Removed by Filter: 35915896
  ->  Hash  (cost=61283.27..61283.27 rows=2528527 width=4) (actual time=2013.505..2013.505 rows=2528312 loops=1)
        Buckets: 131072  Batches: 64  Memory Usage: 2415kB
        ->  Seq Scan on title t  (cost=0.00..61283.27 rows=2528527 width=4) (actual time=0.018..1148.395 rows=2528312 loops=1)
Planning time: 0.740 ms
Execution time: 13923.493 ms
