Hash Join  (cost=194416.76..231834.87 rows=77321 width=0) (actual time=4053.748..4506.363 rows=46956 loops=1)
  Hash Cond: (mi_idx.movie_id = t.id)
  ->  Seq Scan on movie_info_idx mi_idx  (cost=0.00..25185.44 rows=919057 width=4) (actual time=0.024..526.973 rows=920110 loops=1)
        Filter: (info_type_id > 99)
        Rows Removed by Filter: 459925
  ->  Hash  (cost=190926.66..190926.66 rows=212728 width=8) (actual time=3599.699..3599.699 rows=36001 loops=1)
        Buckets: 131072  Batches: 4  Memory Usage: 1383kB
        ->  Hash Join  (cost=97835.13..190926.66 rows=212728 width=8) (actual time=2821.748..3586.817 rows=36001 loops=1)
              Hash Cond: (mk.movie_id = t.id)
              ->  Seq Scan on movie_keyword mk  (cost=0.00..81003.12 rows=369099 width=4) (actual time=0.031..1235.915 rows=367715 loops=1)
                    Filter: (keyword_id > 45836)
                    Rows Removed by Filter: 4156215
              ->  Hash  (cost=73925.90..73925.90 rows=1457298 width=4) (actual time=1912.346..1912.346 rows=1438183 loops=1)
                    Buckets: 131072  Batches: 32  Memory Usage: 2610kB
                    ->  Seq Scan on title t  (cost=0.00..73925.90 rows=1457298 width=4) (actual time=93.222..1432.233 rows=1438183 loops=1)
                          Filter: ((production_year < 2013) AND (kind_id = 7))
                          Rows Removed by Filter: 1090129
Planning time: 1.232 ms
Execution time: 4512.289 ms
