Hash Join  (cost=75234.22..195071.03 rows=102228 width=0) (actual time=1251.502..3842.654 rows=142491 loops=1)
  Hash Cond: (mk.movie_id = t.id)
  ->  Seq Scan on movie_keyword mk  (cost=0.00..81003.12 rows=3243041 width=4) (actual time=0.025..1570.549 rows=3232880 loops=1)
        Filter: (keyword_id < 13692)
        Rows Removed by Filter: 1291050
  ->  Hash  (cost=73925.90..73925.90 rows=79705 width=4) (actual time=1250.709..1250.709 rows=82805 loops=1)
        Buckets: 131072  Batches: 2  Memory Usage: 2488kB
        ->  Seq Scan on title t  (cost=0.00..73925.90 rows=79705 width=4) (actual time=0.027..1218.376 rows=82805 loops=1)
              Filter: ((production_year < 2012) AND (kind_id = 2))
              Rows Removed by Filter: 2445507
Planning time: 0.783 ms
Execution time: 3859.804 ms
