Seq Scan on movie_companies mc  (cost=0.00..51404.11 rows=104 width=0) (actual time=14.570..748.851 rows=28 loops=1)
  Filter: (company_id = 52963)
  Rows Removed by Filter: 2609101
Planning time: 0.389 ms
Execution time: 748.936 ms
