Seq Scan on movie_keyword mk  (cost=0.00..81003.12 rows=4150908 width=0) (actual time=0.017..1295.454 rows=4152715 loops=1)
  Filter: (keyword_id < 45570)
  Rows Removed by Filter: 371215
Planning time: 0.374 ms
Execution time: 1732.998 ms
