Hash Join  (cost=100490.78..213570.51 rows=858131 width=0) (actual time=2036.366..4543.378 rows=487742 loops=1)
  Hash Cond: (mk.movie_id = t.id)
  ->  Seq Scan on movie_keyword mk  (cost=0.00..81003.12 rows=1340058 width=4) (actual time=0.011..1411.836 rows=1356795 loops=1)
        Filter: (keyword_id < 1768)
        Rows Removed by Filter: 3167135
  ->  Hash  (cost=73925.90..73925.90 rows=1619190 width=4) (actual time=2035.465..2035.465 rows=1731921 loops=1)
        Buckets: 131072  Batches: 32  Memory Usage: 2937kB
        ->  Seq Scan on title t  (cost=0.00..73925.90 rows=1619190 width=4) (actual time=0.020..1445.383 rows=1731921 loops=1)
              Filter: ((kind_id > 1) AND (production_year > 1961))
              Rows Removed by Filter: 796391
Planning time: 0.851 ms
Execution time: 4602.254 ms
