Nested Loop  (cost=32807.94..109896.55 rows=3192 width=0) (actual time=1023.113..1479.214 rows=346 loops=1)
  Join Filter: (mc.movie_id = t.id)
  ->  Hash Join  (cost=32807.51..95891.18 rows=16528 width=8) (actual time=1022.354..1464.342 rows=346 loops=1)
        Hash Cond: (mc.movie_id = mi_idx.movie_id)
        ->  Seq Scan on movie_companies mc  (cost=0.00..57926.93 rows=17374 width=4) (actual time=427.377..800.197 rows=619 loops=1)
              Filter: ((company_id = 160) AND (company_type_id = 2))
              Rows Removed by Filter: 2608510
        ->  Hash  (cost=25185.44..25185.44 rows=464566 width=4) (actual time=594.230..594.230 rows=459925 loops=1)
              Buckets: 131072  Batches: 8  Memory Usage: 3050kB
              ->  Seq Scan on movie_info_idx mi_idx  (cost=0.00..25185.44 rows=464566 width=4) (actual time=0.047..446.128 rows=459925 loops=1)
                    Filter: (info_type_id = 101)
                    Rows Removed by Filter: 920110
  ->  Index Only Scan using title_pkey on title t  (cost=0.43..0.83 rows=1 width=4) (actual time=0.041..0.042 rows=1 loops=346)
        Index Cond: (id = mi_idx.movie_id)
        Heap Fetches: 346
Planning time: 1.270 ms
Execution time: 1479.420 ms
