Hash Join  (cost=263210.81..713663.70 rows=3379939 width=0) (actual time=6882.685..16634.500 rows=8743696 loops=1)
  Hash Cond: (mi.movie_id = t.id)
  ->  Seq Scan on movie_info mi  (cost=0.00..346232.03 rows=4972096 width=4) (actual time=949.624..5748.831 rows=4923966 loops=1)
        Filter: (info_type_id < 5)
        Rows Removed by Filter: 9911754
  ->  Hash  (cost=235010.23..235010.23 rows=1718846 width=8) (actual time=5923.693..5923.693 rows=1728552 loops=1)
        Buckets: 131072  Batches: 32  Memory Usage: 3204kB
        ->  Hash Join  (cost=102767.86..235010.23 rows=1718846 width=8) (actual time=1922.047..5445.298 rows=1728552 loops=1)
              Hash Cond: (mk.movie_id = t.id)
              ->  Seq Scan on movie_keyword mk  (cost=0.00..81003.12 rows=1718846 width=4) (actual time=0.031..1595.152 rows=1728552 loops=1)
                    Filter: (keyword_id > 8190)
                    Rows Removed by Filter: 2795378
              ->  Hash  (cost=61283.27..61283.27 rows=2528527 width=4) (actual time=1920.699..1920.699 rows=2528312 loops=1)
                    Buckets: 131072  Batches: 64  Memory Usage: 2425kB
                    ->  Seq Scan on title t  (cost=0.00..61283.27 rows=2528527 width=4) (actual time=0.015..1058.110 rows=2528312 loops=1)
Planning time: 1.219 ms
Execution time: 17565.905 ms
