Hash Join  (cost=87180.69..236936.98 rows=1857629 width=0) (actual time=1613.867..5521.479 rows=1386199 loops=1)
  Hash Cond: (mk.movie_id = t.id)
  ->  Seq Scan on movie_keyword mk  (cost=0.00..81003.12 rows=3936501 width=4) (actual time=0.018..1788.720 rows=3929022 loops=1)
        Filter: (keyword_id > 432)
        Rows Removed by Filter: 594908
  ->  Hash  (cost=67604.59..67604.59 rows=1193208 width=4) (actual time=1612.772..1612.772 rows=1192518 loops=1)
        Buckets: 131072  Batches: 16  Memory Usage: 3654kB
        ->  Seq Scan on title t  (cost=0.00..67604.59 rows=1193208 width=4) (actual time=0.023..1236.521 rows=1192518 loops=1)
              Filter: (production_year > 2003)
              Rows Removed by Filter: 1335794
Planning time: 0.734 ms
Execution time: 5677.037 ms
