Seq Scan on title t  (cost=0.00..73925.90 rows=432692 width=94) (actual time=0.015..1450.534 rows=368246 loops=1)
  Filter: ((kind_id < 7) AND (production_year > 2004))
  Rows Removed by Filter: 2160066
Planning time: 0.568 ms
Execution time: 1471.159 ms
