Hash Join  (cost=102767.86..226320.61 rows=1357762 width=0) (actual time=1994.706..4669.791 rows=1369553 loops=1)
  Hash Cond: (mk.movie_id = t.id)
  ->  Seq Scan on movie_keyword mk  (cost=0.00..81003.12 rows=1357762 width=4) (actual time=0.015..1427.308 rows=1369553 loops=1)
        Filter: (keyword_id > 12189)
        Rows Removed by Filter: 3154377
  ->  Hash  (cost=61283.27..61283.27 rows=2528527 width=4) (actual time=1993.308..1993.308 rows=2528312 loops=1)
        Buckets: 131072  Batches: 64  Memory Usage: 2425kB
        ->  Seq Scan on title t  (cost=0.00..61283.27 rows=2528527 width=4) (actual time=0.022..1095.523 rows=2528312 loops=1)
Planning time: 1.170 ms
Execution time: 4798.905 ms
