Seq Scan on cast_info ci  (cost=0.00..796071.18 rows=8174019 width=0) (actual time=1.276..12170.738 rows=3474995 loops=1)
  Filter: ((person_id < 1236868) AND (role_id > 1))
  Rows Removed by Filter: 32769349
Planning time: 0.362 ms
Execution time: 12586.645 ms
