Hash Join  (cost=100960.39..220993.96 rows=1198667 width=0) (actual time=2395.693..5265.745 rows=1135513 loops=1)
  Hash Cond: (mk.movie_id = t.id)
  ->  Seq Scan on movie_keyword mk  (cost=0.00..81003.12 rows=1490756 width=4) (actual time=0.019..1463.404 rows=1500860 loops=1)
        Filter: (keyword_id < 2163)
        Rows Removed by Filter: 3023070
  ->  Hash  (cost=67604.59..67604.59 rows=2033104 width=4) (actual time=2393.793..2393.793 rows=2032439 loops=1)
        Buckets: 131072  Batches: 32  Memory Usage: 3269kB
        ->  Seq Scan on title t  (cost=0.00..67604.59 rows=2033104 width=4) (actual time=0.022..1518.888 rows=2032439 loops=1)
              Filter: (production_year > 1973)
              Rows Removed by Filter: 495873
Planning time: 0.817 ms
Execution time: 5407.272 ms
