Seq Scan on title t  (cost=0.00..73925.90 rows=51925 width=0) (actual time=0.055..1141.200 rows=56480 loops=1)
  Filter: ((kind_id > 6) AND (production_year = 2004))
  Rows Removed by Filter: 2471832
Planning time: 0.396 ms
Execution time: 1150.256 ms
