Seq Scan on movie_companies mc  (cost=0.00..51404.11 rows=2321038 width=0) (actual time=0.018..1020.705 rows=2326253 loops=1)
  Filter: (company_id > 150)
  Rows Removed by Filter: 282876
Planning time: 0.231 ms
Execution time: 1314.692 ms
