Seq Scan on movie_keyword mk  (cost=0.00..81003.12 rows=246 width=0) (actual time=613.678..1110.536 rows=1 loops=1)
  Filter: (keyword_id = 30130)
  Rows Removed by Filter: 4523929
Planning time: 0.595 ms
Execution time: 1110.622 ms
