Hash Join  (cost=74529.47..441999.99 rows=281460 width=0) (actual time=1166.769..9438.708 rows=284082 loops=1)
  Hash Cond: (mi.movie_id = t.id)
  ->  Seq Scan on movie_info mi  (cost=0.00..309384.22 rows=14739122 width=4) (actual time=0.021..4297.827 rows=14835720 loops=1)
  ->  Hash  (cost=73925.90..73925.90 rows=48285 width=4) (actual time=1166.364..1166.364 rows=34476 loops=1)
        Buckets: 65536  Batches: 1  Memory Usage: 1725kB
        ->  Seq Scan on title t  (cost=0.00..73925.90 rows=48285 width=4) (actual time=0.032..1153.418 rows=34476 loops=1)
              Filter: ((production_year > 2003) AND (kind_id = 3))
              Rows Removed by Filter: 2493836
Planning time: 0.772 ms
Execution time: 9480.998 ms
