Seq Scan on movie_companies mc  (cost=0.00..57926.93 rows=1007169 width=0) (actual time=0.021..1166.834 rows=1274246 loops=1)
  Filter: ((company_id < 71637) AND (company_type_id < 2))
  Rows Removed by Filter: 1334883
Planning time: 0.365 ms
Execution time: 1327.644 ms
