Hash Join  (cost=668047.90..1973378.79 rows=26858025 width=0) (actual time=18063.072..76525.753 rows=130540727 loops=1)
  Hash Cond: (ci.movie_id = t.id)
  ->  Seq Scan on cast_info ci  (cost=0.00..705507.15 rows=17757352 width=4) (actual time=0.014..14433.385 rows=17871572 loops=1)
        Filter: (person_id > 1825843)
        Rows Removed by Filter: 18372772
  ->  Hash  (cost=605302.89..605302.89 rows=3824401 width=8) (actual time=18058.514..18058.514 rows=6120743 loops=1)
        Buckets: 131072 (originally 131072)  Batches: 128 (originally 64)  Memory Usage: 3073kB
        ->  Hash Join  (cost=84689.96..605302.89 rows=3824401 width=8) (actual time=1295.779..16040.950 rows=6120743 loops=1)
              Hash Cond: (mi.movie_id = t.id)
              ->  Seq Scan on movie_info mi  (cost=0.00..309384.22 rows=14739122 width=4) (actual time=0.012..5960.202 rows=14835720 loops=1)
              ->  Hash  (cost=73925.90..73925.90 rows=656084 width=4) (actual time=1294.602..1294.602 rows=555560 loops=1)
                    Buckets: 131072  Batches: 16  Memory Usage: 2249kB
                    ->  Seq Scan on title t  (cost=0.00..73925.90 rows=656084 width=4) (actual time=0.006..1104.518 rows=555560 loops=1)
                          Filter: ((kind_id < 7) AND (production_year > 1993))
                          Rows Removed by Filter: 1972752
Planning time: 1.191 ms
Execution time: 91019.975 ms
