Seq Scan on movie_companies mc  (cost=0.00..51404.11 rows=1484388 width=0) (actual time=0.018..966.827 rows=1473941 loops=1)
  Filter: (company_id < 13460)
  Rows Removed by Filter: 1135188
Planning time: 0.352 ms
Execution time: 1160.758 ms
