Hash Join  (cost=67697.55..420773.22 rows=5326 width=0) (actual time=1436.725..6314.388 rows=3222 loops=1)
  Hash Cond: (mi.movie_id = t.id)
  ->  Seq Scan on movie_info mi  (cost=0.00..346232.03 rows=1810770 width=4) (actual time=303.126..4925.411 rows=1865632 loops=1)
        Filter: (info_type_id > 17)
        Rows Removed by Filter: 12970088
  ->  Hash  (cost=67604.59..67604.59 rows=7437 width=4) (actual time=1104.829..1104.829 rows=1831 loops=1)
        Buckets: 8192  Batches: 1  Memory Usage: 129kB
        ->  Seq Scan on title t  (cost=0.00..67604.59 rows=7437 width=4) (actual time=63.645..1103.816 rows=1831 loops=1)
              Filter: (production_year = 1944)
              Rows Removed by Filter: 2526481
Planning time: 1.744 ms
Execution time: 6315.034 ms
