Hash Join  (cost=78741.46..110991.04 rows=53964 width=0) (actual time=1299.691..2086.813 rows=125865 loops=1)
  Hash Cond: (mi_idx.movie_id = t.id)
  ->  Seq Scan on movie_info_idx mi_idx  (cost=0.00..25185.44 rows=464934 width=4) (actual time=0.020..436.476 rows=460185 loops=1)
        Filter: (info_type_id > 100)
        Rows Removed by Filter: 919850
  ->  Hash  (cost=73925.90..73925.90 rows=293484 width=4) (actual time=1298.694..1298.694 rows=411690 loops=1)
        Buckets: 131072 (originally 131072)  Batches: 8 (originally 4)  Memory Usage: 3073kB
        ->  Seq Scan on title t  (cost=0.00..73925.90 rows=293484 width=4) (actual time=0.066..1158.884 rows=411690 loops=1)
              Filter: ((kind_id < 7) AND (production_year < 1993))
              Rows Removed by Filter: 2116622
Planning time: 0.755 ms
Execution time: 2104.050 ms
