Hash Join  (cost=931579.17..1072200.16 rows=1528195 width=0) (actual time=17220.430..30169.378 rows=42398364 loops=1)
  Hash Cond: (mk.movie_id = t.id)
  ->  Seq Scan on movie_keyword mk  (cost=0.00..69693.30 rows=4523930 width=4) (actual time=0.027..1413.123 rows=4523930 loops=1)
  ->  Hash  (cost=917565.38..917565.38 rows=854143 width=8) (actual time=17217.640..17217.640 rows=1174130 loops=1)
        Buckets: 131072  Batches: 16  Memory Usage: 3934kB
        ->  Hash Join  (cost=83810.17..917565.38 rows=854143 width=8) (actual time=1511.854..16853.027 rows=1174130 loops=1)
              Hash Cond: (ci.movie_id = t.id)
              ->  Seq Scan on cast_info ci  (cost=0.00..796071.18 rows=2186559 width=4) (actual time=0.027..13080.985 rows=3634357 loops=1)
                    Filter: ((person_id > 1757232) AND (role_id = 10))
                    Rows Removed by Filter: 32609987
              ->  Hash  (cost=67604.59..67604.59 rows=987727 width=4) (actual time=1511.137..1511.137 rows=985048 loops=1)
                    Buckets: 131072  Batches: 16  Memory Usage: 3188kB
                    ->  Seq Scan on title t  (cost=0.00..67604.59 rows=987727 width=4) (actual time=0.025..1203.212 rows=985048 loops=1)
                          Filter: (kind_id < 7)
                          Rows Removed by Filter: 1543264
Planning time: 2.676 ms
Execution time: 34965.037 ms
