Nested Loop  (cost=0.43..709673.15 rows=305 width=0) (actual time=9923.663..11126.385 rows=79 loops=1)
  ->  Seq Scan on cast_info ci  (cost=0.00..705507.15 rows=500 width=4) (actual time=9923.436..11124.912 rows=87 loops=1)
        Filter: (person_id = 3322593)
        Rows Removed by Filter: 36244257
  ->  Index Scan using title_pkey on title t  (cost=0.43..8.32 rows=1 width=4) (actual time=0.016..0.016 rows=1 loops=87)
        Index Cond: (id = ci.movie_id)
        Filter: (kind_id = 7)
        Rows Removed by Filter: 0
Planning time: 1.673 ms
Execution time: 11126.530 ms
