Hash Join  (cost=92883.59..251298.76 rows=2301043 width=0) (actual time=2380.580..6215.538 rows=523919 loops=1)
  Hash Cond: (mk.movie_id = t.id)
  ->  Seq Scan on movie_keyword mk  (cost=0.00..81003.12 rows=3776123 width=4) (actual time=0.019..1791.699 rows=3770537 loops=1)
        Filter: (keyword_id < 24817)
        Rows Removed by Filter: 753393
  ->  Hash  (cost=67604.59..67604.59 rows=1540800 width=4) (actual time=2379.395..2379.395 rows=1543264 loops=1)
        Buckets: 131072  Batches: 32  Memory Usage: 2728kB
        ->  Seq Scan on title t  (cost=0.00..67604.59 rows=1540800 width=4) (actual time=0.013..1246.946 rows=1543264 loops=1)
              Filter: (kind_id = 7)
              Rows Removed by Filter: 985048
Planning time: 0.877 ms
Execution time: 6278.952 ms
