Hash Join  (cost=139635.72..1238245.35 rows=6308550 width=0) (actual time=3123.562..41039.381 rows=23558091 loops=1)
  Hash Cond: (ci.movie_id = t.id)
  ->  Seq Scan on cast_info ci  (cost=0.00..614943.12 rows=36225612 width=4) (actual time=0.016..13684.585 rows=36244344 loops=1)
  ->  Hash  (cost=132410.55..132410.55 rows=440333 width=8) (actual time=3122.543..3122.543 rows=877706 loops=1)
        Buckets: 131072 (originally 131072)  Batches: 16 (originally 8)  Memory Usage: 3171kB
        ->  Hash Join  (cost=87162.74..132410.55 rows=440333 width=8) (actual time=1385.486..2862.654 rows=877706 loops=1)
              Hash Cond: (mi_idx.movie_id = t.id)
              ->  Seq Scan on movie_info_idx mi_idx  (cost=0.00..21735.35 rows=1380035 width=4) (actual time=0.009..454.426 rows=1380035 loops=1)
              ->  Hash  (cost=73925.90..73925.90 rows=806787 width=4) (actual time=1384.822..1384.822 rows=843018 loops=1)
                    Buckets: 131072  Batches: 16  Memory Usage: 2879kB
                    ->  Seq Scan on title t  (cost=0.00..73925.90 rows=806787 width=4) (actual time=0.012..1099.594 rows=843018 loops=1)
                          Filter: ((kind_id < 7) AND (production_year < 2011))
                          Rows Removed by Filter: 1685294
Planning time: 1.181 ms
Execution time: 43655.201 ms
