Hash Join  (cost=74245.23..828694.32 rows=365992 width=0) (actual time=1153.040..19573.685 rows=293908 loops=1)
  Hash Cond: (ci.movie_id = t.id)
  ->  Seq Scan on cast_info ci  (cost=0.00..614943.12 rows=36225612 width=4) (actual time=0.011..9402.821 rows=36244344 loops=1)
  ->  Hash  (cost=73925.90..73925.90 rows=25546 width=4) (actual time=1152.803..1152.803 rows=16319 loops=1)
        Buckets: 32768  Batches: 1  Memory Usage: 830kB
        ->  Seq Scan on title t  (cost=0.00..73925.90 rows=25546 width=4) (actual time=0.054..1145.316 rows=16319 loops=1)
              Filter: ((kind_id < 3) AND (production_year = 2004))
              Rows Removed by Filter: 2511993
Planning time: 0.783 ms
Execution time: 19624.735 ms
