Hash Join  (cost=817971.62..946490.53 rows=534888 width=0) (actual time=14345.180..19307.242 rows=6645455 loops=1)
  Hash Cond: (mk.movie_id = t.id)
  ->  Seq Scan on movie_keyword mk  (cost=0.00..69693.30 rows=4523930 width=4) (actual time=0.018..1459.926 rows=4523930 loops=1)
  ->  Hash  (cost=813066.60..813066.60 rows=298961 width=8) (actual time=14344.068..14344.068 rows=388778 loops=1)
        Buckets: 131072 (originally 131072)  Batches: 8 (originally 4)  Memory Usage: 3073kB
        ->  Hash Join  (cost=80193.64..813066.60 rows=298961 width=8) (actual time=1742.459..14213.845 rows=388778 loops=1)
              Hash Cond: (ci.movie_id = t.id)
              ->  Seq Scan on cast_info ci  (cost=0.00..705507.15 rows=1978987 width=4) (actual time=92.597..11449.748 rows=1923375 loops=1)
                    Filter: (person_id < 188617)
                    Rows Removed by Filter: 34320969
              ->  Hash  (cost=73925.90..73925.90 rows=381979 width=4) (actual time=1649.176..1649.176 rows=440029 loops=1)
                    Buckets: 131072  Batches: 8  Memory Usage: 2968kB
                    ->  Seq Scan on title t  (cost=0.00..73925.90 rows=381979 width=4) (actual time=161.138..1254.174 rows=440029 loops=1)
                          Filter: ((kind_id < 2) AND (production_year < 2006))
                          Rows Removed by Filter: 2088283
Planning time: 3.694 ms
Execution time: 20113.468 ms
