Seq Scan on movie_companies mc  (cost=0.00..51404.11 rows=940460 width=0) (actual time=0.023..972.082 rows=949372 loops=1)
  Filter: (company_id > 18630)
  Rows Removed by Filter: 1659757
Planning time: 0.355 ms
Execution time: 1091.563 ms
