Hash Join  (cost=202448.17..695774.48 rows=1267038 width=0) (actual time=3971.354..19493.413 rows=13394409 loops=1)
  Hash Cond: (mi.movie_id = t.id)
  ->  Seq Scan on movie_info mi  (cost=0.00..309384.22 rows=14739122 width=4) (actual time=0.020..6347.778 rows=14835720 loops=1)
  ->  Hash  (cost=198881.13..198881.13 rows=217363 width=8) (actual time=3970.642..3970.642 rows=219359 loops=1)
        Buckets: 131072  Batches: 4  Memory Usage: 3198kB
        ->  Hash Join  (cost=102767.86..198881.13 rows=217363 width=8) (actual time=2007.666..3901.551 rows=219359 loops=1)
              Hash Cond: (mk.movie_id = t.id)
              ->  Seq Scan on movie_keyword mk  (cost=0.00..81003.12 rows=217363 width=4) (actual time=0.024..1317.948 rows=219359 loops=1)
                    Filter: (keyword_id > 64915)
                    Rows Removed by Filter: 4304571
              ->  Hash  (cost=61283.27..61283.27 rows=2528527 width=4) (actual time=2005.000..2005.000 rows=2528312 loops=1)
                    Buckets: 131072  Batches: 64  Memory Usage: 2425kB
                    ->  Seq Scan on title t  (cost=0.00..61283.27 rows=2528527 width=4) (actual time=0.014..1133.458 rows=2528312 loops=1)
Planning time: 2.129 ms
Execution time: 20900.055 ms
