Hash Join  (cost=100809.69..246087.94 rows=1943965 width=0) (actual time=2132.352..5692.035 rows=1017730 loops=1)
  Hash Cond: (mk.movie_id = t.id)
  ->  Seq Scan on movie_keyword mk  (cost=0.00..81003.12 rows=2999695 width=4) (actual time=0.025..1794.497 rows=2987554 loops=1)
        Filter: (keyword_id > 2241)
        Rows Removed by Filter: 1536376
  ->  Hash  (cost=73925.90..73925.90 rows=1638623 width=4) (actual time=2129.844..2129.844 rows=1629839 loops=1)
        Buckets: 131072  Batches: 32  Memory Usage: 2819kB
        ->  Seq Scan on title t  (cost=0.00..73925.90 rows=1638623 width=4) (actual time=0.015..1572.742 rows=1629839 loops=1)
              Filter: ((kind_id > 1) AND (production_year < 2012))
              Rows Removed by Filter: 898473
Planning time: 0.841 ms
Execution time: 5791.563 ms
