Hash Join  (cost=160585.84..292430.44 rows=807856 width=0) (actual time=3742.044..7795.683 rows=3461651 loops=1)
  Hash Cond: (mk.movie_id = t.id)
  ->  Seq Scan on movie_keyword mk  (cost=0.00..69693.30 rows=4523930 width=4) (actual time=0.018..1453.900 rows=4523930 loops=1)
  ->  Hash  (cost=153177.73..153177.73 rows=451529 width=8) (actual time=3741.148..3741.148 rows=459864 loops=1)
        Buckets: 131072  Batches: 8  Memory Usage: 3284kB
        ->  Hash Join  (cost=107924.17..153177.73 rows=451529 width=8) (actual time=2300.595..3603.472 rows=459864 loops=1)
              Hash Cond: (mi_idx.movie_id = t.id)
              ->  Seq Scan on movie_info_idx mi_idx  (cost=0.00..25185.44 rows=464566 width=4) (actual time=0.011..510.284 rows=459925 loops=1)
                    Filter: (info_type_id = 101)
                    Rows Removed by Filter: 920110
              ->  Hash  (cost=67604.59..67604.59 rows=2457567 width=4) (actual time=2299.342..2299.342 rows=2452703 loops=1)
                    Buckets: 131072  Batches: 64  Memory Usage: 2374kB
                    ->  Seq Scan on title t  (cost=0.00..67604.59 rows=2457567 width=4) (actual time=0.025..1455.759 rows=2452703 loops=1)
                          Filter: (production_year < 2014)
                          Rows Removed by Filter: 75609
Planning time: 1.192 ms
Execution time: 8171.677 ms
