Hash Join  (cost=232764.00..791669.89 rows=5686508 width=0) (actual time=6517.583..62682.298 rows=200569551 loops=1)
  Hash Cond: (mi.movie_id = t.id)
  ->  Seq Scan on movie_info mi  (cost=0.00..309384.22 rows=14739122 width=4) (actual time=0.015..6520.391 rows=14835720 loops=1)
  ->  Hash  (cost=216758.85..216758.85 rows=975532 width=8) (actual time=6515.827..6515.827 rows=2713936 loops=1)
        Buckets: 131072 (originally 131072)  Batches: 64 (originally 16)  Memory Usage: 3073kB
        ->  Hash Join  (cost=82871.49..216758.85 rows=975532 width=8) (actual time=1516.621..5752.442 rows=2713936 loops=1)
              Hash Cond: (mk.movie_id = t.id)
              ->  Seq Scan on movie_keyword mk  (cost=0.00..69693.30 rows=4523930 width=4) (actual time=0.021..1435.239 rows=4523930 loops=1)
              ->  Hash  (cost=73925.90..73925.90 rows=545247 width=4) (actual time=1515.488..1515.488 rows=557319 loops=1)
                    Buckets: 131072  Batches: 8  Memory Usage: 3494kB
                    ->  Seq Scan on title t  (cost=0.00..73925.90 rows=545247 width=4) (actual time=0.009..1339.593 rows=557319 loops=1)
                          Filter: ((production_year < 2011) AND (kind_id = 1))
                          Rows Removed by Filter: 1970993
Planning time: 1.185 ms
Execution time: 83860.734 ms
