Nested Loop  (cost=0.43..788364.22 rows=1 width=0) (actual time=12023.818..12798.675 rows=1 loops=1)
  ->  Nested Loop  (cost=0.00..788355.89 rows=1 width=8) (actual time=12023.672..12798.528 rows=1 loops=1)
        Join Filter: (ci.movie_id = mk.movie_id)
        Rows Removed by Join Filter: 10849
        ->  Seq Scan on cast_info ci  (cost=0.00..705507.15 rows=500 width=4) (actual time=10738.456..11510.528 rows=25 loops=1)
              Filter: (person_id = 1491491)
              Rows Removed by Filter: 36244319
        ->  Materialize  (cost=0.00..81004.35 rows=246 width=4) (actual time=0.085..51.429 rows=434 loops=25)
              ->  Seq Scan on movie_keyword mk  (cost=0.00..81003.12 rows=246 width=4) (actual time=2.055..1284.284 rows=434 loops=1)
                    Filter: (keyword_id = 1001)
                    Rows Removed by Filter: 4523496
  ->  Index Scan using title_pkey on title t  (cost=0.43..8.32 rows=1 width=4) (actual time=0.063..0.064 rows=1 loops=1)
        Index Cond: (id = ci.movie_id)
        Filter: (production_year < 2006)
Planning time: 0.996 ms
Execution time: 12798.803 ms
