Hash Join  (cost=74024.09..160822.67 rows=14054 width=0) (actual time=1051.700..2888.937 rows=34830 loops=1)
  Hash Cond: (mk.movie_id = t.id)
  ->  Seq Scan on movie_keyword mk  (cost=0.00..69693.30 rows=4523930 width=4) (actual time=0.024..1011.369 rows=4523930 loops=1)
  ->  Hash  (cost=73925.90..73925.90 rows=7855 width=4) (actual time=1050.959..1050.959 rows=5336 loops=1)
        Buckets: 8192  Batches: 1  Memory Usage: 252kB
        ->  Seq Scan on title t  (cost=0.00..73925.90 rows=7855 width=4) (actual time=501.026..1048.385 rows=5336 loops=1)
              Filter: ((kind_id = 1) AND (production_year = 1994))
              Rows Removed by Filter: 2522976
Planning time: 5.157 ms
Execution time: 2893.576 ms
