Hash Join  (cost=102767.86..266672.97 rows=3034707 width=0) (actual time=1962.022..6228.684 rows=3018863 loops=1)
  Hash Cond: (mk.movie_id = t.id)
  ->  Seq Scan on movie_keyword mk  (cost=0.00..81003.12 rows=3034707 width=4) (actual time=0.023..1644.832 rows=3018863 loops=1)
        Filter: (keyword_id < 10767)
        Rows Removed by Filter: 1505067
  ->  Hash  (cost=61283.27..61283.27 rows=2528527 width=4) (actual time=1953.778..1953.778 rows=2528312 loops=1)
        Buckets: 131072  Batches: 64  Memory Usage: 2425kB
        ->  Seq Scan on title t  (cost=0.00..61283.27 rows=2528527 width=4) (actual time=0.021..1099.310 rows=2528312 loops=1)
Planning time: 0.763 ms
Execution time: 6575.472 ms
