Hash Join  (cost=133125.88..502799.54 rows=7496 width=0) (actual time=2478.940..8933.721 rows=4080 loops=1)
  Hash Cond: (mi.movie_id = t.id)
  ->  Seq Scan on movie_info mi  (cost=0.00..346232.03 rows=6231111 width=4) (actual time=0.011..6011.110 rows=6223494 loops=1)
        Filter: (info_type_id > 8)
        Rows Removed by Filter: 8612226
  ->  Hash  (cost=133087.86..133087.86 rows=3042 width=8) (actual time=2017.454..2017.454 rows=776 loops=1)
        Buckets: 4096  Batches: 1  Memory Usage: 63kB
        ->  Hash Join  (cost=74574.97..133087.86 rows=3042 width=8) (actual time=1355.837..2017.083 rows=776 loops=1)
              Hash Cond: (mc.movie_id = t.id)
              ->  Seq Scan on movie_companies mc  (cost=0.00..57926.93 rows=148143 width=4) (actual time=240.688..881.220 rows=65308 loops=1)
                    Filter: ((company_id < 159) AND (company_type_id = 2))
                    Rows Removed by Filter: 2543821
              ->  Hash  (cost=73925.90..73925.90 rows=51925 width=4) (actual time=1110.295..1110.295 rows=56480 loops=1)
                    Buckets: 65536  Batches: 1  Memory Usage: 2498kB
                    ->  Seq Scan on title t  (cost=0.00..73925.90 rows=51925 width=4) (actual time=0.070..1087.906 rows=56480 loops=1)
                          Filter: ((kind_id = 7) AND (production_year = 2004))
                          Rows Removed by Filter: 2471832
Planning time: 4.251 ms
Execution time: 8934.643 ms
