Hash Join  (cost=102767.86..236038.20 rows=1761552 width=0) (actual time=1942.674..5133.095 rows=1766283 loops=1)
  Hash Cond: (mk.movie_id = t.id)
  ->  Seq Scan on movie_keyword mk  (cost=0.00..81003.12 rows=1761552 width=4) (actual time=0.022..1498.161 rows=1766283 loops=1)
        Filter: (keyword_id > 7850)
        Rows Removed by Filter: 2757647
  ->  Hash  (cost=61283.27..61283.27 rows=2528527 width=4) (actual time=1940.325..1940.325 rows=2528312 loops=1)
        Buckets: 131072  Batches: 64  Memory Usage: 2425kB
        ->  Seq Scan on title t  (cost=0.00..61283.27 rows=2528527 width=4) (actual time=0.011..1085.889 rows=2528312 loops=1)
Planning time: 0.819 ms
Execution time: 5339.756 ms
