Seq Scan on movie_keyword mk  (cost=0.00..81003.12 rows=578562 width=0) (actual time=0.025..1392.086 rows=575966 loops=1)
  Filter: (keyword_id > 31850)
  Rows Removed by Filter: 3947964
Planning time: 0.376 ms
Execution time: 1465.482 ms
