Hash Join  (cost=160232.35..296979.70 rows=1210232 width=0) (actual time=3346.098..7520.343 rows=1916974 loops=1)
  Hash Cond: (mk.movie_id = t.id)
  ->  Seq Scan on movie_keyword mk  (cost=0.00..69693.30 rows=4523930 width=4) (actual time=0.024..1561.519 rows=4523930 loops=1)
  ->  Hash  (cost=149134.02..149134.02 rows=676426 width=8) (actual time=3345.245..3345.245 rows=500090 loops=1)
        Buckets: 131072  Batches: 16  Memory Usage: 2259kB
        ->  Hash Join  (cost=98137.04..149134.02 rows=676426 width=8) (actual time=1756.010..3197.620 rows=500090 loops=1)
              Hash Cond: (mi_idx.movie_id = t.id)
              ->  Seq Scan on movie_info_idx mi_idx  (cost=0.00..25185.44 rows=919057 width=4) (actual time=0.014..555.051 rows=920110 loops=1)
                    Filter: (info_type_id > 99)
                    Rows Removed by Filter: 459925
              ->  Hash  (cost=67604.59..67604.59 rows=1860996 width=4) (actual time=1754.802..1754.802 rows=1865487 loops=1)
                    Buckets: 131072  Batches: 32  Memory Usage: 3079kB
                    ->  Seq Scan on title t  (cost=0.00..67604.59 rows=1860996 width=4) (actual time=0.023..1165.960 rows=1865487 loops=1)
                          Filter: (kind_id > 1)
                          Rows Removed by Filter: 662825
Planning time: 1.163 ms
Execution time: 7734.152 ms
