Hash Join  (cost=240281.00..1172547.56 rows=5911614 width=0) (actual time=11560.638..25312.188 rows=2262354 loops=1)
  Hash Cond: (ci.movie_id = t.id)
  ->  Seq Scan on cast_info ci  (cost=0.00..705507.15 rows=12726058 width=4) (actual time=6618.323..14271.424 rows=12670688 loops=1)
        Filter: (role_id = 1)
        Rows Removed by Filter: 23573656
  ->  Hash  (cost=221009.85..221009.85 rows=1174572 width=8) (actual time=4940.003..4940.003 rows=257615 loops=1)
        Buckets: 131072  Batches: 16  Memory Usage: 1634kB
        ->  Hash Join  (cost=84697.09..221009.85 rows=1174572 width=8) (actual time=2239.601..4865.010 rows=257615 loops=1)
              Hash Cond: (mk.movie_id = t.id)
              ->  Seq Scan on movie_keyword mk  (cost=0.00..69693.30 rows=4523930 width=4) (actual time=0.021..1387.194 rows=4523930 loops=1)
              ->  Hash  (cost=73925.90..73925.90 rows=656495 width=4) (actual time=1448.723..1448.723 rows=556797 loops=1)
                    Buckets: 131072  Batches: 16  Memory Usage: 2252kB
                    ->  Seq Scan on title t  (cost=0.00..73925.90 rows=656495 width=4) (actual time=162.840..1260.025 rows=556797 loops=1)
                          Filter: ((production_year < 2001) AND (kind_id = 7))
                          Rows Removed by Filter: 1971515
Planning time: 1.297 ms
Execution time: 25572.056 ms
