Hash Join  (cost=74356.84..172607.92 rows=60511 width=0) (actual time=1090.293..3413.356 rows=34138 loops=1)
  Hash Cond: (mk.movie_id = t.id)
  ->  Seq Scan on movie_keyword mk  (cost=0.00..81003.12 rows=4438092 width=4) (actual time=0.024..1633.466 rows=4432115 loops=1)
        Filter: (keyword_id > 77)
        Rows Removed by Filter: 91815
  ->  Hash  (cost=73925.90..73925.90 rows=34475 width=4) (actual time=1085.491..1085.491 rows=39896 loops=1)
        Buckets: 65536  Batches: 1  Memory Usage: 1915kB
        ->  Seq Scan on title t  (cost=0.00..73925.90 rows=34475 width=4) (actual time=0.025..1068.687 rows=39896 loops=1)
              Filter: ((kind_id > 3) AND (production_year = 2000))
              Rows Removed by Filter: 2488416
Planning time: 0.803 ms
Execution time: 3418.196 ms
