Seq Scan on movie_companies mc  (cost=0.00..51404.11 rows=104 width=0) (actual time=170.547..859.647 rows=5 loops=1)
  Filter: (company_id = 71773)
  Rows Removed by Filter: 2609124
Planning time: 2.098 ms
Execution time: 859.720 ms
