Hash Join  (cost=173813.41..326794.00 rows=1793277 width=0) (actual time=4246.895..10333.868 rows=9071530 loops=1)
  Hash Cond: (mk.movie_id = t.id)
  ->  Seq Scan on movie_keyword mk  (cost=0.00..81003.12 rows=4319387 width=4) (actual time=0.016..1858.718 rows=4318128 loops=1)
        Filter: (keyword_id < 67366)
        Rows Removed by Filter: 205802
  ->  Hash  (cost=156590.32..156590.32 rows=1049767 width=8) (actual time=4245.667..4245.667 rows=1187646 loops=1)
        Buckets: 131072  Batches: 16  Memory Usage: 3946kB
        ->  Hash Join  (cost=99161.12..156590.32 rows=1049767 width=8) (actual time=2086.426..3894.263 rows=1187646 loops=1)
              Hash Cond: (mi_idx.movie_id = t.id)
              ->  Seq Scan on movie_info_idx mi_idx  (cost=0.00..21735.35 rows=1380035 width=4) (actual time=0.022..488.537 rows=1380035 loops=1)
              ->  Hash  (cost=67604.59..67604.59 rows=1923403 width=4) (actual time=2085.718..2085.718 rows=1922849 loops=1)
                    Buckets: 131072  Batches: 32  Memory Usage: 3132kB
                    ->  Seq Scan on title t  (cost=0.00..67604.59 rows=1923403 width=4) (actual time=0.021..1455.835 rows=1922849 loops=1)
                          Filter: (production_year < 2010)
                          Rows Removed by Filter: 605463
Planning time: 1.177 ms
Execution time: 11421.245 ms
