Hash Join  (cost=102207.05..808453.51 rows=2281 width=0) (actual time=8200.037..11994.214 rows=8174 loops=1)
  Hash Cond: (ci.movie_id = t.id)
  ->  Seq Scan on cast_info ci  (cost=0.00..705507.15 rows=191067 width=4) (actual time=6443.959..10205.407 rows=216087 loops=1)
        Filter: (person_id > 4023590)
        Rows Removed by Filter: 36028257
  ->  Hash  (cost=101829.69..101829.69 rows=30189 width=8) (actual time=1755.620..1755.620 rows=39380 loops=1)
        Buckets: 65536 (originally 32768)  Batches: 1 (originally 1)  Memory Usage: 2051kB
        ->  Hash Join  (cost=74617.32..101829.69 rows=30189 width=8) (actual time=1322.754..1743.772 rows=39380 loops=1)
              Hash Cond: (mi_idx.movie_id = t.id)
              ->  Seq Scan on movie_info_idx mi_idx  (cost=0.00..21735.35 rows=1380035 width=4) (actual time=0.029..174.891 rows=1380035 loops=1)
              ->  Hash  (cost=73925.90..73925.90 rows=55313 width=4) (actual time=1322.273..1322.273 rows=49075 loops=1)
                    Buckets: 65536  Batches: 1  Memory Usage: 2238kB
                    ->  Seq Scan on title t  (cost=0.00..73925.90 rows=55313 width=4) (actual time=0.126..1301.451 rows=49075 loops=1)
                          Filter: ((kind_id < 7) AND (production_year = 2010))
                          Rows Removed by Filter: 2479237
Planning time: 2.357 ms
Execution time: 11995.271 ms
