Seq Scan on cast_info ci  (cost=0.00..705507.15 rows=500 width=0) (actual time=1264.740..9846.938 rows=28 loops=1)
  Filter: (person_id = 1776501)
  Rows Removed by Filter: 36244316
Planning time: 0.391 ms
Execution time: 9847.013 ms
