Seq Scan on movie_keyword mk  (cost=0.00..81003.12 rows=246 width=0) (actual time=15.531..1285.369 rows=727 loops=1)
  Filter: (keyword_id = 46138)
  Rows Removed by Filter: 4523203
Planning time: 0.377 ms
Execution time: 1285.691 ms
