Seq Scan on cast_info ci  (cost=0.00..705507.15 rows=16066310 width=0) (actual time=0.025..11376.487 rows=15957667 loops=1)
  Filter: (person_id < 1577802)
  Rows Removed by Filter: 20286677
Planning time: 0.380 ms
Execution time: 13264.216 ms
