Seq Scan on movie_keyword mk  (cost=0.00..81003.12 rows=777236 width=0) (actual time=0.022..1247.178 rows=778904 loops=1)
  Filter: (keyword_id < 743)
  Rows Removed by Filter: 3745026
Planning time: 0.330 ms
Execution time: 1337.682 ms
