Hash Join  (cost=560504.10..1916122.60 rows=14937314 width=0) (actual time=14186.506..55991.596 rows=33586370 loops=1)
  Hash Cond: (ci.movie_id = t.id)
  ->  Seq Scan on cast_info ci  (cost=0.00..705507.15 rows=32403761 width=4) (actual time=0.014..16198.864 rows=32385014 loops=1)
        Filter: (person_id < 3354229)
        Rows Removed by Filter: 3859330
  ->  Hash  (cost=541380.26..541380.26 rows=1165587 width=8) (actual time=14184.588..14184.588 rows=2375398 loops=1)
        Buckets: 131072 (originally 131072)  Batches: 32 (originally 16)  Memory Usage: 3885kB
        ->  Hash Join  (cost=72707.20..541380.26 rows=1165587 width=8) (actual time=1082.365..13156.775 rows=2375398 loops=1)
              Hash Cond: (mi.movie_id = t.id)
              ->  Seq Scan on movie_info mi  (cost=0.00..346232.03 rows=9476311 width=4) (actual time=0.021..6369.877 rows=9565151 loops=1)
                    Filter: (info_type_id < 16)
                    Rows Removed by Filter: 5270569
              ->  Hash  (cost=67604.59..67604.59 rows=311009 width=4) (actual time=1081.464..1081.464 rows=309534 loops=1)
                    Buckets: 131072  Batches: 8  Memory Usage: 2384kB
                    ->  Seq Scan on title t  (cost=0.00..67604.59 rows=311009 width=4) (actual time=0.018..977.870 rows=309534 loops=1)
                          Filter: (production_year < 1966)
                          Rows Removed by Filter: 2218778
Planning time: 1.258 ms
Execution time: 59691.938 ms
