Seq Scan on movie_companies mc  (cost=0.00..51404.11 rows=1013266 width=0) (actual time=0.030..893.643 rows=1013105 loops=1)
  Filter: (company_id < 5144)
  Rows Removed by Filter: 1596024
Planning time: 0.318 ms
Execution time: 1023.845 ms
