Seq Scan on movie_keyword mk  (cost=0.00..81003.12 rows=3387685 width=0) (actual time=0.030..1645.781 rows=3377245 loops=1)
  Filter: (keyword_id < 16264)
  Rows Removed by Filter: 1146685
Planning time: 0.338 ms
Execution time: 2068.335 ms
