Seq Scan on movie_companies mc  (cost=0.00..57926.93 rows=481389 width=0) (actual time=410.826..1026.095 rows=689597 loops=1)
  Filter: ((company_id < 4436) AND (company_type_id = 1))
  Rows Removed by Filter: 1919532
Planning time: 0.385 ms
Execution time: 1108.630 ms
