Seq Scan on movie_keyword mk  (cost=0.00..81003.12 rows=4438841 width=0) (actual time=0.025..1493.425 rows=4440739 loops=1)
  Filter: (keyword_id < 86837)
  Rows Removed by Filter: 83191
Planning time: 0.321 ms
Execution time: 2023.879 ms
