Hash Join  (cost=156209.36..224160.45 rows=198609 width=0) (actual time=3545.756..5264.104 rows=631539 loops=1)
  Hash Cond: (mc.movie_id = t.id)
  ->  Seq Scan on movie_companies mc  (cost=0.00..51404.11 rows=1105838 width=4) (actual time=0.015..989.840 rows=1096781 loops=1)
        Filter: (company_id < 7500)
        Rows Removed by Filter: 1512348
  ->  Hash  (cost=148758.81..148758.81 rows=454124 width=8) (actual time=3544.800..3544.800 rows=459925 loops=1)
        Buckets: 131072  Batches: 8  Memory Usage: 3275kB
        ->  Hash Join  (cost=102767.86..148758.81 rows=454124 width=8) (actual time=1921.302..3394.003 rows=459925 loops=1)
              Hash Cond: (mi_idx.movie_id = t.id)
              ->  Seq Scan on movie_info_idx mi_idx  (cost=0.00..25185.44 rows=454124 width=4) (actual time=0.020..506.387 rows=459925 loops=1)
                    Filter: (info_type_id = 100)
                    Rows Removed by Filter: 920110
              ->  Hash  (cost=61283.27..61283.27 rows=2528527 width=4) (actual time=1919.458..1919.458 rows=2528312 loops=1)
                    Buckets: 131072  Batches: 64  Memory Usage: 2415kB
                    ->  Seq Scan on title t  (cost=0.00..61283.27 rows=2528527 width=4) (actual time=0.019..1052.352 rows=2528312 loops=1)
Planning time: 1.266 ms
Execution time: 5332.529 ms
