Hash Join  (cost=74426.67..883253.52 rows=418827 width=0) (actual time=1613.444..21543.812 rows=391203 loops=1)
  Hash Cond: (ci.movie_id = t.id)
  ->  Seq Scan on cast_info ci  (cost=0.00..705507.15 rows=26435049 width=4) (actual time=845.772..12952.725 rows=26644204 loops=1)
        Filter: (person_id > 943513)
        Rows Removed by Filter: 9600140
  ->  Hash  (cost=73925.90..73925.90 rows=40061 width=4) (actual time=767.192..767.192 rows=40120 loops=1)
        Buckets: 65536  Batches: 1  Memory Usage: 1923kB
        ->  Seq Scan on title t  (cost=0.00..73925.90 rows=40061 width=4) (actual time=0.041..754.316 rows=40120 loops=1)
              Filter: ((kind_id = 7) AND (production_year = 2013))
              Rows Removed by Filter: 2488192
Planning time: 0.571 ms
Execution time: 21599.967 ms
