Seq Scan on cast_info ci  (cost=0.00..796071.18 rows=6562375 width=0) (actual time=0.011..13555.251 rows=10143173 loops=1)
  Filter: ((person_id > 2701672) AND (role_id > 1))
  Rows Removed by Filter: 26101171
Planning time: 0.375 ms
Execution time: 14824.453 ms
