Hash Join  (cost=101124.38..195841.44 rows=9113 width=0) (actual time=1317.640..3466.076 rows=113801 loops=1)
  Hash Cond: (mk.movie_id = t.id)
  ->  Seq Scan on movie_keyword mk  (cost=0.00..81003.12 rows=3632749 width=4) (actual time=0.009..1579.078 rows=3627342 loops=1)
        Filter: (keyword_id > 847)
        Rows Removed by Filter: 896588
  ->  Hash  (cost=101045.09..101045.09 rows=6343 width=8) (actual time=1314.634..1314.634 rows=14217 loops=1)
        Buckets: 16384 (originally 8192)  Batches: 1 (originally 1)  Memory Usage: 684kB
        ->  Hash Join  (cost=74071.18..101045.09 rows=6343 width=8) (actual time=987.185..1311.383 rows=14217 loops=1)
              Hash Cond: (mi_idx.movie_id = t.id)
              ->  Seq Scan on movie_info_idx mi_idx  (cost=0.00..21735.35 rows=1380035 width=4) (actual time=0.017..142.902 rows=1380035 loops=1)
              ->  Hash  (cost=73925.90..73925.90 rows=11622 width=4) (actual time=987.054..987.054 rows=11141 loops=1)
                    Buckets: 16384  Batches: 1  Memory Usage: 520kB
                    ->  Seq Scan on title t  (cost=0.00..73925.90 rows=11622 width=4) (actual time=0.070..982.335 rows=11141 loops=1)
                          Filter: ((kind_id < 7) AND (production_year = 1994))
                          Rows Removed by Filter: 2517171
Planning time: 0.723 ms
Execution time: 3480.523 ms
