Seq Scan on title t  (cost=0.00..73925.90 rows=147917 width=0) (actual time=0.020..1131.746 rows=46427 loops=1)
  Filter: ((production_year < 1960) AND (kind_id = 7))
  Rows Removed by Filter: 2481885
Planning time: 0.359 ms
Execution time: 1139.137 ms
