Hash Join  (cost=102767.86..221453.37 rows=1155470 width=0) (actual time=1847.520..4635.875 rows=1159861 loops=1)
  Hash Cond: (mk.movie_id = t.id)
  ->  Seq Scan on movie_keyword mk  (cost=0.00..81003.12 rows=1155470 width=4) (actual time=0.018..1468.065 rows=1159861 loops=1)
        Filter: (keyword_id < 1382)
        Rows Removed by Filter: 3364069
  ->  Hash  (cost=61283.27..61283.27 rows=2528527 width=4) (actual time=1845.393..1845.393 rows=2528312 loops=1)
        Buckets: 131072  Batches: 64  Memory Usage: 2425kB
        ->  Seq Scan on title t  (cost=0.00..61283.27 rows=2528527 width=4) (actual time=0.019..979.607 rows=2528312 loops=1)
Planning time: 0.739 ms
Execution time: 4776.318 ms
