Hash Join  (cost=128695.20..483183.06 rows=2602 width=0) (actual time=2638.140..8034.444 rows=175069 loops=1)
  Hash Cond: (mi.movie_id = t.id)
  ->  Seq Scan on movie_info mi  (cost=0.00..346232.03 rows=2194617 width=4) (actual time=251.140..5192.030 rows=2233850 loops=1)
        Filter: (info_type_id > 16)
        Rows Removed by Filter: 12601870
  ->  Hash  (cost=128657.72..128657.72 rows=2998 width=8) (actual time=2386.888..2386.888 rows=12843 loops=1)
        Buckets: 16384 (originally 4096)  Batches: 1 (originally 1)  Memory Usage: 630kB
        ->  Hash Join  (cost=73962.22..128657.72 rows=2998 width=8) (actual time=1145.085..2381.554 rows=12843 loops=1)
              Hash Cond: (mc.movie_id = t.id)
              ->  Seq Scan on movie_companies mc  (cost=0.00..44881.29 rows=2609129 width=4) (actual time=0.025..670.571 rows=2609129 loops=1)
              ->  Hash  (cost=73925.90..73925.90 rows=2905 width=4) (actual time=1144.741..1144.741 rows=6735 loops=1)
                    Buckets: 8192 (originally 4096)  Batches: 1 (originally 1)  Memory Usage: 301kB
                    ->  Seq Scan on title t  (cost=0.00..73925.90 rows=2905 width=4) (actual time=0.978..1141.009 rows=6735 loops=1)
                          Filter: ((kind_id < 7) AND (production_year = 1980))
                          Rows Removed by Filter: 2521577
Planning time: 1.944 ms
Execution time: 8057.573 ms
