Seq Scan on title t  (cost=0.00..73925.90 rows=434506 width=0) (actual time=0.022..3202.100 rows=315167 loops=1)
  Filter: ((production_year < 1991) AND (kind_id = 7))
  Rows Removed by Filter: 2213145
Planning time: 0.359 ms
Execution time: 3248.917 ms
