Hash Join  (cost=156649.15..949709.07 rows=1176334 width=0) (actual time=4279.954..19478.262 rows=2616673 loops=1)
  Hash Cond: (ci.movie_id = t.id)
  ->  Seq Scan on cast_info ci  (cost=0.00..705507.15 rows=6397449 width=4) (actual time=978.943..12405.644 rows=6488838 loops=1)
        Filter: (person_id > 3007712)
        Rows Removed by Filter: 29755506
  ->  Hash  (cost=149020.47..149020.47 rows=464934 width=8) (actual time=3300.126..3300.126 rows=460185 loops=1)
        Buckets: 131072  Batches: 8  Memory Usage: 3276kB
        ->  Hash Join  (cost=102767.86..149020.47 rows=464934 width=8) (actual time=1998.202..3169.174 rows=460185 loops=1)
              Hash Cond: (mi_idx.movie_id = t.id)
              ->  Seq Scan on movie_info_idx mi_idx  (cost=0.00..25185.44 rows=464934 width=4) (actual time=0.024..423.724 rows=460185 loops=1)
                    Filter: (info_type_id > 100)
                    Rows Removed by Filter: 919850
              ->  Hash  (cost=61283.27..61283.27 rows=2528527 width=4) (actual time=1996.859..1996.859 rows=2528312 loops=1)
                    Buckets: 131072  Batches: 64  Memory Usage: 2415kB
                    ->  Seq Scan on title t  (cost=0.00..61283.27 rows=2528527 width=4) (actual time=0.010..1174.354 rows=2528312 loops=1)
Planning time: 5.046 ms
Execution time: 19765.231 ms
