Seq Scan on cast_info ci  (cost=0.00..705507.15 rows=23411241 width=0) (actual time=0.035..12406.641 rows=23312260 loops=1)
  Filter: (person_id < 2384590)
  Rows Removed by Filter: 12932084
Planning time: 0.330 ms
Execution time: 15252.995 ms
