Seq Scan on movie_keyword mk  (cost=0.00..81003.12 rows=246 width=0) (actual time=0.162..1382.898 rows=1030 loops=1)
  Filter: (keyword_id = 4754)
  Rows Removed by Filter: 4522900
Planning time: 0.370 ms
Execution time: 1383.329 ms
