Hash Join  (cost=191392.45..1106336.17 rows=3047675 width=0) (actual time=11578.169..27072.227 rows=6027814 loops=1)
  Hash Cond: (ci.movie_id = t.id)
  ->  Seq Scan on cast_info ci  (cost=0.00..796071.18 rows=7287677 width=4) (actual time=6761.040..17124.144 rows=7451973 loops=1)
        Filter: ((person_id < 4051149) AND (role_id = 2))
        Rows Removed by Filter: 28792371
  ->  Hash  (cost=174043.71..174043.71 rows=1057419 width=8) (actual time=4815.517..4815.517 rows=1367473 loops=1)
        Buckets: 131072 (originally 131072)  Batches: 32 (originally 16)  Memory Usage: 3073kB
        ->  Hash Join  (cost=84417.00..174043.71 rows=1057419 width=8) (actual time=1577.452..4407.173 rows=1367473 loops=1)
              Hash Cond: (mc.movie_id = t.id)
              ->  Seq Scan on movie_companies mc  (cost=0.00..44881.29 rows=2609129 width=4) (actual time=0.023..930.819 rows=2609129 loops=1)
              ->  Hash  (cost=67604.59..67604.59 rows=1024753 width=4) (actual time=1576.498..1576.498 rows=1021752 loops=1)
                    Buckets: 131072  Batches: 16  Memory Usage: 3274kB
                    ->  Seq Scan on title t  (cost=0.00..67604.59 rows=1024753 width=4) (actual time=0.035..1249.872 rows=1021752 loops=1)
                          Filter: (production_year < 2000)
                          Rows Removed by Filter: 1506560
Planning time: 1.191 ms
Execution time: 27665.553 ms
