Hash Join  (cost=199688.57..740361.05 rows=5704355 width=0) (actual time=4314.259..18879.402 rows=6069210 loops=1)
  Hash Cond: (mi.movie_id = t.id)
  ->  Seq Scan on movie_info mi  (cost=0.00..309384.22 rows=14739122 width=4) (actual time=0.027..6006.282 rows=14835720 loops=1)
  ->  Hash  (cost=183633.15..183633.15 rows=978594 width=8) (actual time=4313.004..4313.004 rows=694263 loops=1)
        Buckets: 131072  Batches: 16  Memory Usage: 2722kB
        ->  Hash Join  (cost=98137.04..183633.15 rows=978594 width=8) (actual time=2008.070..4091.289 rows=694263 loops=1)
              Hash Cond: (mc.movie_id = t.id)
              ->  Seq Scan on movie_companies mc  (cost=0.00..51404.11 rows=1329612 width=4) (actual time=168.772..995.453 rows=1334883 loops=1)
                    Filter: (company_type_id = 2)
                    Rows Removed by Filter: 1274246
              ->  Hash  (cost=67604.59..67604.59 rows=1860996 width=4) (actual time=1838.455..1838.455 rows=1865487 loops=1)
                    Buckets: 131072  Batches: 32  Memory Usage: 3079kB
                    ->  Seq Scan on title t  (cost=0.00..67604.59 rows=1860996 width=4) (actual time=0.024..1247.796 rows=1865487 loops=1)
                          Filter: (kind_id > 1)
                          Rows Removed by Filter: 662825
Planning time: 1.140 ms
Execution time: 19561.656 ms
