Hash Join  (cost=210142.06..731784.51 rows=2194164 width=0) (actual time=5153.431..30065.910 rows=53845491 loops=1)
  Hash Cond: (mi.movie_id = t.id)
  ->  Seq Scan on movie_info mi  (cost=0.00..309384.22 rows=14739122 width=4) (actual time=0.011..6263.755 rows=14835720 loops=1)
  ->  Hash  (cost=203965.90..203965.90 rows=376413 width=8) (actual time=5151.161..5151.161 rows=1231165 loops=1)
        Buckets: 131072 (originally 131072)  Batches: 32 (originally 8)  Memory Usage: 3073kB
        ->  Hash Join  (cost=77377.73..203965.90 rows=376413 width=8) (actual time=1362.999..4756.355 rows=1231165 loops=1)
              Hash Cond: (mk.movie_id = t.id)
              ->  Seq Scan on movie_keyword mk  (cost=0.00..69693.30 rows=4523930 width=4) (actual time=0.025..1365.375 rows=4523930 loops=1)
              ->  Hash  (cost=73925.90..73925.90 rows=210386 width=4) (actual time=1362.105..1362.105 rows=320579 loops=1)
                    Buckets: 131072  Batches: 4  Memory Usage: 3849kB
                    ->  Seq Scan on title t  (cost=0.00..73925.90 rows=210386 width=4) (actual time=0.040..1258.767 rows=320579 loops=1)
                          Filter: ((kind_id < 7) AND (production_year < 1982))
                          Rows Removed by Filter: 2207733
Planning time: 1.104 ms
Execution time: 35689.202 ms
