Hash Join  (cost=74209.39..157814.72 rows=6079 width=0) (actual time=3116.010..6402.378 rows=38 loops=1)
  Hash Cond: (mk.movie_id = t.id)
  ->  Seq Scan on movie_keyword mk  (cost=0.00..81003.12 rows=677709 width=4) (actual time=0.016..3231.799 rows=684618 loops=1)
        Filter: (keyword_id > 27505)
        Rows Removed by Filter: 3839312
  ->  Hash  (cost=73925.90..73925.90 rows=22679 width=4) (actual time=3034.174..3034.174 rows=96 loops=1)
        Buckets: 32768  Batches: 1  Memory Usage: 260kB
        ->  Seq Scan on title t  (cost=0.00..73925.90 rows=22679 width=4) (actual time=1254.034..3034.040 rows=96 loops=1)
              Filter: ((production_year < 1979) AND (kind_id = 4))
              Rows Removed by Filter: 2528216
Planning time: 0.828 ms
Execution time: 6402.592 ms
