Hash Join  (cost=1018504.83..3211703.82 rows=95431797 width=0) (actual time=25182.052..104951.468 rows=207120809 loops=1)
  Hash Cond: (ci.movie_id = t.id)
  ->  Seq Scan on cast_info ci  (cost=0.00..705507.15 rows=16371523 width=4) (actual time=0.024..14307.667 rows=16503291 loops=1)
        Filter: (person_id > 1979052)
        Rows Removed by Filter: 19741053
  ->  Hash  (cost=776690.81..776690.81 rows=14739122 width=8) (actual time=25179.306..25179.306 rows=14835720 loops=1)
        Buckets: 131072  Batches: 256  Memory Usage: 3268kB
        ->  Hash Join  (cost=102767.86..776690.81 rows=14739122 width=8) (actual time=1954.522..20859.348 rows=14835720 loops=1)
              Hash Cond: (mi.movie_id = t.id)
              ->  Seq Scan on movie_info mi  (cost=0.00..309384.22 rows=14739122 width=4) (actual time=0.016..6373.196 rows=14835720 loops=1)
              ->  Hash  (cost=61283.27..61283.27 rows=2528527 width=4) (actual time=1953.223..1953.223 rows=2528312 loops=1)
                    Buckets: 131072  Batches: 64  Memory Usage: 2425kB
                    ->  Seq Scan on title t  (cost=0.00..61283.27 rows=2528527 width=4) (actual time=0.015..1063.230 rows=2528312 loops=1)
Planning time: 1.197 ms
Execution time: 127777.573 ms
