Seq Scan on movie_keyword mk  (cost=0.00..81003.12 rows=1084603 width=0) (actual time=0.034..1373.185 rows=1089221 loops=1)
  Filter: (keyword_id < 1116)
  Rows Removed by Filter: 3434709
Planning time: 0.320 ms
Execution time: 1511.794 ms
