Seq Scan on title t  (cost=0.00..73925.90 rows=351302 width=0) (actual time=0.014..2893.810 rows=233910 loops=1)
  Filter: ((production_year < 1984) AND (kind_id = 7))
  Rows Removed by Filter: 2294402
Planning time: 0.408 ms
Execution time: 2933.393 ms
