Hash Join  (cost=915744.43..952818.70 rows=62820 width=0) (actual time=43602.179..45636.579 rows=84344 loops=1)
  Hash Cond: (mi_idx.movie_id = t.id)
  ->  Seq Scan on movie_info_idx mi_idx  (cost=0.00..25185.44 rows=915101 width=4) (actual time=0.019..1545.124 rows=919850 loops=1)
        Filter: (info_type_id < 101)
        Rows Removed by Filter: 460185
  ->  Hash  (cost=912895.70..912895.70 rows=173579 width=8) (actual time=43600.231..43600.231 rows=71007 loops=1)
        Buckets: 131072  Batches: 4  Memory Usage: 1715kB
        ->  Hash Join  (cost=102767.86..912895.70 rows=173579 width=8) (actual time=14437.566..43575.802 rows=71007 loops=1)
              Hash Cond: (ci.movie_id = t.id)
              ->  Seq Scan on cast_info ci  (cost=0.00..796071.18 rows=173579 width=4) (actual time=8591.460..37271.090 rows=71007 loops=1)
                    Filter: ((person_id < 1763943) AND (role_id > 10))
                    Rows Removed by Filter: 36173337
              ->  Hash  (cost=61283.27..61283.27 rows=2528527 width=4) (actual time=5844.686..5844.686 rows=2528312 loops=1)
                    Buckets: 131072  Batches: 64  Memory Usage: 2415kB
                    ->  Seq Scan on title t  (cost=0.00..61283.27 rows=2528527 width=4) (actual time=0.026..4320.019 rows=2528312 loops=1)
Planning time: 1.017 ms
Execution time: 45648.458 ms
