Hash Join  (cost=76379.89..589451.42 rows=3117561 width=0) (actual time=1323.334..14608.111 rows=2433915 loops=1)
  Hash Cond: (mi.movie_id = t.id)
  ->  Seq Scan on movie_info mi  (cost=0.00..309384.22 rows=14739122 width=4) (actual time=0.016..5943.924 rows=14835720 loops=1)
  ->  Hash  (cost=67604.59..67604.59 rows=534824 width=4) (actual time=1320.372..1320.372 rows=533369 loops=1)
        Buckets: 131072  Batches: 8  Memory Usage: 3376kB
        ->  Seq Scan on title t  (cost=0.00..67604.59 rows=534824 width=4) (actual time=0.023..1142.218 rows=533369 loops=1)
              Filter: (production_year > 2009)
              Rows Removed by Filter: 1994943
Planning time: 0.744 ms
Execution time: 14874.249 ms
