Hash Join  (cost=91879.05..211448.20 rows=933875 width=0) (actual time=7087.339..12356.685 rows=203142 loops=1)
  Hash Cond: (mk.movie_id = t.id)
  ->  Seq Scan on movie_keyword mk  (cost=0.00..81003.12 rows=2157938 width=4) (actual time=0.016..4740.771 rows=2162559 loops=1)
        Filter: (keyword_id < 4143)
        Rows Removed by Filter: 2361371
  ->  Hash  (cost=73925.90..73925.90 rows=1094252 width=4) (actual time=5453.485..5453.485 rows=1044222 loops=1)
        Buckets: 131072  Batches: 16  Memory Usage: 3325kB
        ->  Seq Scan on title t  (cost=0.00..73925.90 rows=1094252 width=4) (actual time=499.886..4979.118 rows=1044222 loops=1)
              Filter: ((production_year < 2009) AND (kind_id = 7))
              Rows Removed by Filter: 1484090
Planning time: 0.782 ms
Execution time: 12382.030 ms
