Hash Join  (cost=424015.47..1182371.61 rows=756696 width=0) (actual time=21093.845..73102.008 rows=5041544 loops=1)
  Hash Cond: (ci.movie_id = t.id)
  ->  Seq Scan on cast_info ci  (cost=0.00..614943.12 rows=36225612 width=4) (actual time=0.015..35105.059 rows=36244344 loops=1)
  ->  Hash  (cost=423355.26..423355.26 rows=52817 width=8) (actual time=21093.431..21093.431 rows=62437 loops=1)
        Buckets: 65536  Batches: 1  Memory Usage: 2951kB
        ->  Hash Join  (cost=68365.25..423355.26 rows=52817 width=8) (actual time=4755.895..21065.289 rows=62437 loops=1)
              Hash Cond: (mi.movie_id = t.id)
              ->  Seq Scan on movie_info mi  (cost=0.00..346232.03 rows=2194617 width=4) (actual time=1500.182..17079.094 rows=2233850 loops=1)
                    Filter: (info_type_id > 16)
                    Rows Removed by Filter: 12601870
              ->  Hash  (cost=67604.59..67604.59 rows=60853 width=4) (actual time=3255.320..3255.320 rows=62568 loops=1)
                    Buckets: 65536  Batches: 1  Memory Usage: 2712kB
                    ->  Seq Scan on title t  (cost=0.00..67604.59 rows=60853 width=4) (actual time=0.056..3225.563 rows=62568 loops=1)
                          Filter: (production_year = 2002)
                          Rows Removed by Filter: 2465744
Planning time: 1.082 ms
Execution time: 73975.169 ms
