Hash Join  (cost=171170.94..561191.93 rows=210711 width=0) (actual time=11036.070..40500.282 rows=7761501 loops=1)
  Hash Cond: (mi.movie_id = t.id)
  ->  Seq Scan on movie_info mi  (cost=0.00..346232.03 rows=11115165 width=4) (actual time=0.017..23137.166 rows=11210743 loops=1)
        Filter: (info_type_id > 3)
        Rows Removed by Filter: 3624977
  ->  Hash  (cost=170571.78..170571.78 rows=47933 width=8) (actual time=8795.740..8795.740 rows=119677 loops=1)
        Buckets: 131072 (originally 65536)  Batches: 2 (originally 1)  Memory Usage: 3362kB
        ->  Hash Join  (cost=83810.17..170571.78 rows=47933 width=8) (actual time=4514.771..8723.555 rows=119677 loops=1)
              Hash Cond: (mk.movie_id = t.id)
              ->  Seq Scan on movie_keyword mk  (cost=0.00..81003.12 rows=122707 width=4) (actual time=0.024..3724.730 rows=119677 loops=1)
                    Filter: (keyword_id > 78101)
                    Rows Removed by Filter: 4404253
              ->  Hash  (cost=67604.59..67604.59 rows=987727 width=4) (actual time=4513.766..4513.766 rows=985048 loops=1)
                    Buckets: 131072  Batches: 16  Memory Usage: 3197kB
                    ->  Seq Scan on title t  (cost=0.00..67604.59 rows=987727 width=4) (actual time=0.021..3766.167 rows=985048 loops=1)
                          Filter: (kind_id < 7)
                          Rows Removed by Filter: 1543264
Planning time: 1.038 ms
Execution time: 41777.469 ms
