Hash Join  (cost=102767.86..286232.61 rows=3847608 width=0) (actual time=5215.251..14492.879 rows=3842644 loops=1)
  Hash Cond: (mk.movie_id = t.id)
  ->  Seq Scan on movie_keyword mk  (cost=0.00..81003.12 rows=3847608 width=4) (actual time=0.021..5163.949 rows=3842644 loops=1)
        Filter: (keyword_id < 27551)
        Rows Removed by Filter: 681286
  ->  Hash  (cost=61283.27..61283.27 rows=2528527 width=4) (actual time=5214.295..5214.295 rows=2528312 loops=1)
        Buckets: 131072  Batches: 64  Memory Usage: 2425kB
        ->  Seq Scan on title t  (cost=0.00..61283.27 rows=2528527 width=4) (actual time=0.013..3759.291 rows=2528312 loops=1)
Planning time: 8.759 ms
Execution time: 15047.709 ms
