Nested Loop  (cost=0.43..798385.45 rows=276 width=0) (actual time=4873.216..30215.383 rows=269 loops=1)
  ->  Seq Scan on cast_info ci  (cost=0.00..796071.18 rows=276 width=4) (actual time=4873.030..30195.767 rows=269 loops=1)
        Filter: ((person_id < 966) AND (role_id = 8))
        Rows Removed by Filter: 36244075
  ->  Index Only Scan using title_pkey on title t  (cost=0.43..8.38 rows=1 width=4) (actual time=0.072..0.072 rows=1 loops=269)
        Index Cond: (id = ci.movie_id)
        Heap Fetches: 269
Planning time: 3.940 ms
Execution time: 30215.535 ms
