Hash Join  (cost=74344.78..129356.08 rows=34578 width=0) (actual time=3223.843..6723.508 rows=46075 loops=1)
  Hash Cond: (mc.movie_id = t.id)
  ->  Seq Scan on movie_companies mc  (cost=0.00..44881.29 rows=2609129 width=4) (actual time=0.012..2565.701 rows=2609129 loops=1)
  ->  Hash  (cost=73925.90..73925.90 rows=33510 width=4) (actual time=3223.395..3223.395 rows=22107 loops=1)
        Buckets: 65536  Batches: 1  Memory Usage: 1290kB
        ->  Seq Scan on title t  (cost=0.00..73925.90 rows=33510 width=4) (actual time=1258.839..3208.332 rows=22107 loops=1)
              Filter: ((kind_id = 1) AND (production_year = 2008))
              Rows Removed by Filter: 2506205
Planning time: 0.715 ms
Execution time: 6730.521 ms
