Seq Scan on movie_keyword mk  (cost=0.00..81003.12 rows=1459689 width=0) (actual time=0.020..3823.591 rows=1469793 loops=1)
  Filter: (keyword_id > 11213)
  Rows Removed by Filter: 3054137
Planning time: 0.319 ms
Execution time: 4091.776 ms
