Seq Scan on title t  (cost=0.00..67604.59 rows=7437 width=0) (actual time=0.013..948.690 rows=14770 loops=1)
  Filter: (production_year = 1982)
  Rows Removed by Filter: 2513542
Planning time: 4.861 ms
Execution time: 952.279 ms
