Nested Loop  (cost=0.43..798788.22 rows=127 width=0) (actual time=28528.096..38956.919 rows=1 loops=1)
  ->  Seq Scan on cast_info ci  (cost=0.00..796071.18 rows=324 width=4) (actual time=28527.946..38935.612 rows=261 loops=1)
        Filter: ((role_id > 1) AND (person_id = 3333333))
        Rows Removed by Filter: 36244083
  ->  Index Scan using title_pkey on title t  (cost=0.43..8.38 rows=1 width=4) (actual time=0.081..0.081 rows=0 loops=261)
        Index Cond: (id = ci.movie_id)
        Filter: (kind_id < 7)
        Rows Removed by Filter: 1
Planning time: 0.746 ms
Execution time: 38957.031 ms
