Seq Scan on movie_keyword mk  (cost=0.00..81003.12 rows=121024 width=0) (actual time=0.029..3363.325 rows=118453 loops=1)
  Filter: (keyword_id > 78372)
  Rows Removed by Filter: 4405477
Planning time: 0.323 ms
Execution time: 3380.657 ms
