Hash Join  (cost=75227.65..458210.15 rows=96274 width=0) (actual time=9593.598..22680.406 rows=108372 loops=1)
  Hash Cond: (mi.movie_id = t.id)
  ->  Seq Scan on movie_info mi  (cost=0.00..346232.03 rows=3068194 width=4) (actual time=5658.196..17012.871 rows=3036719 loops=1)
        Filter: (info_type_id = 16)
        Rows Removed by Filter: 11799001
  ->  Hash  (cost=73925.90..73925.90 rows=79340 width=4) (actual time=3934.438..3934.438 rows=92312 loops=1)
        Buckets: 131072  Batches: 2  Memory Usage: 2654kB
        ->  Seq Scan on title t  (cost=0.00..73925.90 rows=79340 width=4) (actual time=0.028..3891.314 rows=92312 loops=1)
              Filter: ((kind_id > 1) AND (production_year = 2006))
              Rows Removed by Filter: 2436000
Planning time: 0.753 ms
Execution time: 22700.190 ms
