Hash Join  (cost=1389523.66..2810957.58 rows=69255506 width=0) (actual time=70402.361..153133.015 rows=138972487 loops=1)
  Hash Cond: (mi.movie_id = t.id)
  ->  Seq Scan on movie_info mi  (cost=0.00..309384.22 rows=14739122 width=4) (actual time=0.013..23793.212 rows=14835720 loops=1)
  ->  Hash  (cost=1194602.08..1194602.08 rows=11880926 width=8) (actual time=70400.273..70400.273 rows=10992093 loops=1)
        Buckets: 131072  Batches: 256  Memory Usage: 2780kB
        ->  Hash Join  (cost=102767.86..1194602.08 rows=11880926 width=8) (actual time=30193.844..66082.918 rows=10992093 loops=1)
              Hash Cond: (ci.movie_id = t.id)
              ->  Seq Scan on cast_info ci  (cost=0.00..796071.18 rows=11880926 width=4) (actual time=25579.760..46471.532 rows=10992093 loops=1)
                    Filter: ((person_id > 228359) AND (role_id = 1))
                    Rows Removed by Filter: 25252251
              ->  Hash  (cost=61283.27..61283.27 rows=2528527 width=4) (actual time=4612.951..4612.951 rows=2528312 loops=1)
                    Buckets: 131072  Batches: 64  Memory Usage: 2415kB
                    ->  Seq Scan on title t  (cost=0.00..61283.27 rows=2528527 width=4) (actual time=0.024..3593.886 rows=2528312 loops=1)
Planning time: 1.219 ms
Execution time: 172932.378 ms
