Seq Scan on movie_companies mc  (cost=0.00..57926.93 rows=443325 width=0) (actual time=1141.073..2646.664 rows=252961 loops=1)
  Filter: ((company_id < 2561) AND (company_type_id > 1))
  Rows Removed by Filter: 2356168
Planning time: 8.555 ms
Execution time: 2721.323 ms
