Seq Scan on cast_info ci  (cost=0.00..796071.18 rows=929061 width=0) (actual time=36279.969..37673.933 rows=419568 loops=1)
  Filter: ((person_id < 2963313) AND (role_id = 9))
  Rows Removed by Filter: 35824776
Planning time: 1.872 ms
Execution time: 37745.191 ms
