Hash Join  (cost=330768.97..1564100.71 rows=20689807 width=0) (actual time=17527.875..109867.141 rows=89159318 loops=1)
  Hash Cond: (ci.movie_id = t.id)
  ->  Seq Scan on cast_info ci  (cost=0.00..796071.18 rows=15440078 width=4) (actual time=0.015..48309.175 rows=20149878 loops=1)
        Filter: ((person_id > 1216903) AND (role_id > 1))
        Rows Removed by Filter: 16094466
  ->  Hash  (cost=275179.93..275179.93 rows=3388243 width=8) (actual time=17525.697..17525.697 rows=3378865 loops=1)
        Buckets: 131072  Batches: 64  Memory Usage: 3108kB
        ->  Hash Join  (cost=102767.86..275179.93 rows=3388243 width=8) (actual time=5495.727..16231.741 rows=3378865 loops=1)
              Hash Cond: (mk.movie_id = t.id)
              ->  Seq Scan on movie_keyword mk  (cost=0.00..81003.12 rows=3388243 width=4) (actual time=0.019..6191.503 rows=3378865 loops=1)
                    Filter: (keyword_id > 1302)
                    Rows Removed by Filter: 1145065
              ->  Hash  (cost=61283.27..61283.27 rows=2528527 width=4) (actual time=5489.818..5489.818 rows=2528312 loops=1)
                    Buckets: 131072  Batches: 64  Memory Usage: 2425kB
                    ->  Seq Scan on title t  (cost=0.00..61283.27 rows=2528527 width=4) (actual time=0.011..4283.125 rows=2528312 loops=1)
Planning time: 3.093 ms
Execution time: 123199.114 ms
