Seq Scan on movie_keyword mk  (cost=0.00..81003.12 rows=246 width=0) (actual time=155.264..4177.872 rows=43 loops=1)
  Filter: (keyword_id = 7936)
  Rows Removed by Filter: 4523887
Planning time: 3.375 ms
Execution time: 4178.044 ms
