Hash Join  (cost=144134.36..237972.71 rows=71420 width=0) (actual time=8744.671..14391.354 rows=284134 loops=1)
  Hash Cond: (mk.movie_id = t.id)
  ->  Seq Scan on movie_keyword mk  (cost=0.00..81003.12 rows=3232273 width=4) (actual time=0.013..4822.573 rows=3222096 loops=1)
        Filter: (keyword_id > 1697)
        Rows Removed by Filter: 1301834
  ->  Hash  (cost=143435.99..143435.99 rows=55870 width=8) (actual time=8742.985..8742.985 rows=46645 loops=1)
        Buckets: 65536  Batches: 1  Memory Usage: 2335kB
        ->  Hash Join  (cost=69374.09..143435.99 rows=55870 width=8) (actual time=5104.398..8719.677 rows=46645 loops=1)
              Hash Cond: (mc.movie_id = t.id)
              ->  Seq Scan on movie_companies mc  (cost=0.00..57926.93 rows=1310471 width=4) (actual time=1301.644..3535.700 rows=1298330 loops=1)
                    Filter: ((company_id < 202224) AND (company_type_id > 1))
                    Rows Removed by Filter: 1310799
              ->  Hash  (cost=67604.59..67604.59 rows=107800 width=4) (actual time=3319.335..3319.335 rows=108429 loops=1)
                    Buckets: 131072  Batches: 2  Memory Usage: 2931kB
                    ->  Seq Scan on title t  (cost=0.00..67604.59 rows=107800 width=4) (actual time=0.024..3136.025 rows=108429 loops=1)
                          Filter: (production_year = 2006)
                          Rows Removed by Filter: 2419883
Planning time: 4.340 ms
Execution time: 14446.291 ms
