Hash Join  (cost=143761.26..264457.53 rows=639655 width=0) (actual time=8516.442..16645.815 rows=1693970 loops=1)
  Hash Cond: (mk.movie_id = t.id)
  ->  Seq Scan on movie_keyword mk  (cost=0.00..81003.12 rows=2675358 width=4) (actual time=0.017..6049.867 rows=2669563 loops=1)
        Filter: (keyword_id < 7465)
        Rows Removed by Filter: 1854367
  ->  Hash  (cost=133842.40..133842.40 rows=604549 width=8) (actual time=8515.357..8515.357 rows=488617 loops=1)
        Buckets: 131072  Batches: 8  Memory Usage: 3414kB
        ->  Hash Join  (cost=85777.42..133842.40 rows=604549 width=8) (actual time=5004.834..8006.217 rows=488617 loops=1)
              Hash Cond: (mi_idx.movie_id = t.id)
              ->  Seq Scan on movie_info_idx mi_idx  (cost=0.00..21735.35 rows=1380035 width=4) (actual time=0.011..1597.053 rows=1380035 loops=1)
              ->  Hash  (cost=67604.59..67604.59 rows=1107667 width=4) (actual time=5003.827..5003.827 rows=1107925 loops=1)
                    Buckets: 131072  Batches: 16  Memory Usage: 3460kB
                    ->  Seq Scan on title t  (cost=0.00..67604.59 rows=1107667 width=4) (actual time=0.014..4128.292 rows=1107925 loops=1)
                          Filter: (production_year > 2004)
                          Rows Removed by Filter: 1420387
Planning time: 1.053 ms
Execution time: 16879.237 ms
