Hash Join  (cost=175252.07..320629.64 rows=1918654 width=0) (actual time=9721.924..20349.622 rows=7390427 loops=1)
  Hash Cond: (mk.movie_id = t.id)
  ->  Seq Scan on movie_keyword mk  (cost=0.00..69693.30 rows=4523930 width=4) (actual time=0.013..5062.429 rows=4523930 loops=1)
  ->  Hash  (cost=157658.33..157658.33 rows=1072379 width=8) (actual time=9719.265..9719.265 rows=1072836 loops=1)
        Buckets: 131072  Batches: 16  Memory Usage: 3668kB
        ->  Hash Join  (cost=99841.01..157658.33 rows=1072379 width=8) (actual time=6309.054..9350.476 rows=1072836 loops=1)
              Hash Cond: (mi_idx.movie_id = t.id)
              ->  Seq Scan on movie_info_idx mi_idx  (cost=0.00..21735.35 rows=1380035 width=4) (actual time=0.021..1508.274 rows=1380035 loops=1)
              ->  Hash  (cost=67604.59..67604.59 rows=1964834 width=4) (actual time=6307.754..6307.754 rows=1962189 loops=1)
                    Buckets: 131072  Batches: 32  Memory Usage: 3187kB
                    ->  Seq Scan on title t  (cost=0.00..67604.59 rows=1964834 width=4) (actual time=0.019..4963.235 rows=1962189 loops=1)
                          Filter: (production_year > 1978)
                          Rows Removed by Filter: 566123
Planning time: 1.096 ms
Execution time: 21405.462 ms
