Hash Join  (cost=221953.94..1127897.28 rows=3468888 width=0) (actual time=26478.929..62396.383 rows=1613305 loops=1)
  Hash Cond: (ci.movie_id = t.id)
  ->  Seq Scan on cast_info ci  (cost=0.00..705507.15 rows=12726058 width=4) (actual time=15289.457..43264.047 rows=12670688 loops=1)
        Filter: (role_id = 1)
        Rows Removed by Filter: 23573656
  ->  Hash  (cost=210645.57..210645.57 rows=689230 width=8) (actual time=11187.494..11187.494 rows=184735 loops=1)
        Buckets: 131072  Batches: 16  Memory Usage: 1457kB
        ->  Hash Join  (cost=80246.23..210645.57 rows=689230 width=8) (actual time=4144.265..11110.827 rows=184735 loops=1)
              Hash Cond: (mk.movie_id = t.id)
              ->  Seq Scan on movie_keyword mk  (cost=0.00..69693.30 rows=4523930 width=4) (actual time=0.032..4412.567 rows=4523930 loops=1)
              ->  Hash  (cost=73925.90..73925.90 rows=385226 width=4) (actual time=4139.139..4139.139 rows=249532 loops=1)
                    Buckets: 131072  Batches: 8  Memory Usage: 2119kB
                    ->  Seq Scan on title t  (cost=0.00..73925.90 rows=385226 width=4) (actual time=0.029..4016.187 rows=249532 loops=1)
                          Filter: ((kind_id > 1) AND (production_year < 1981))
                          Rows Removed by Filter: 2278780
Planning time: 1.229 ms
Execution time: 62628.214 ms
