Seq Scan on movie_keyword mk  (cost=0.00..81003.12 rows=246 width=0) (actual time=39.909..3272.644 rows=50 loops=1)
  Filter: (keyword_id = 4775)
  Rows Removed by Filter: 4523880
Planning time: 0.319 ms
Execution time: 3272.782 ms
