Hash Join  (cost=127161.76..628341.28 rows=2003057 width=0) (actual time=6992.138..36184.691 rows=6839112 loops=1)
  Hash Cond: (mi.movie_id = t.id)
  ->  Seq Scan on movie_info mi  (cost=0.00..309384.22 rows=14739122 width=4) (actual time=0.009..18458.852 rows=14835720 loops=1)
  ->  Hash  (cost=121523.40..121523.40 rows=343629 width=8) (actual time=6976.998..6976.998 rows=404622 loops=1)
        Buckets: 131072  Batches: 8  Memory Usage: 3022kB
        ->  Hash Join  (cost=77934.62..121523.40 rows=343629 width=8) (actual time=4012.865..6818.144 rows=404622 loops=1)
              Hash Cond: (mi_idx.movie_id = t.id)
              ->  Seq Scan on movie_info_idx mi_idx  (cost=0.00..21735.35 rows=1380035 width=4) (actual time=0.015..1559.073 rows=1380035 loops=1)
              ->  Hash  (cost=67604.59..67604.59 rows=629603 width=4) (actual time=4011.764..4011.764 rows=622851 loops=1)
                    Buckets: 131072  Batches: 16  Memory Usage: 2387kB
                    ->  Seq Scan on title t  (cost=0.00..67604.59 rows=629603 width=4) (actual time=0.013..3763.090 rows=622851 loops=1)
                          Filter: (production_year < 1987)
                          Rows Removed by Filter: 1905461
Planning time: 7.157 ms
Execution time: 37126.116 ms
