Seq Scan on movie_companies mc  (cost=0.00..57926.93 rows=53 width=0) (actual time=0.380..2335.856 rows=1101 loops=1)
  Filter: ((company_id = 11961) AND (company_type_id = 2))
  Rows Removed by Filter: 2608028
Planning time: 5.064 ms
Execution time: 2336.209 ms
