Seq Scan on cast_info ci  (cost=0.00..796071.18 rows=4502362 width=0) (actual time=0.015..14085.385 rows=4030594 loops=1)
  Filter: ((person_id < 2260643) AND (role_id = 2))
  Rows Removed by Filter: 32213750
Planning time: 0.416 ms
Execution time: 14550.030 ms
