Hash Join  (cost=58375.46..85285.95 rows=1 width=0) (actual time=3983.957..4313.761 rows=6 loops=1)
  Hash Cond: (mi_idx.movie_id = t.id)
  ->  Seq Scan on movie_info_idx mi_idx  (cost=0.00..21735.35 rows=1380035 width=4) (actual time=0.028..1363.098 rows=1380035 loops=1)
  ->  Hash  (cost=58375.45..58375.45 rows=1 width=8) (actual time=2587.937..2587.937 rows=2 loops=1)
        Buckets: 1024  Batches: 1  Memory Usage: 9kB
        ->  Nested Loop  (cost=0.43..58375.45 rows=1 width=8) (actual time=1281.199..2587.927 rows=2 loops=1)
              ->  Seq Scan on movie_companies mc  (cost=0.00..57926.93 rows=53 width=4) (actual time=276.045..2577.823 rows=48 loops=1)
                    Filter: ((company_type_id > 1) AND (company_id = 4548))
                    Rows Removed by Filter: 2609081
              ->  Index Scan using title_pkey on title t  (cost=0.43..8.45 rows=1 width=4) (actual time=0.207..0.207 rows=0 loops=48)
                    Index Cond: (id = mc.movie_id)
                    Filter: ((kind_id < 2) AND (production_year = 2005))
                    Rows Removed by Filter: 1
Planning time: 7.288 ms
Execution time: 4313.902 ms
