Seq Scan on movie_keyword mk  (cost=0.00..81003.12 rows=246 width=0) (actual time=7.485..3335.954 rows=21 loops=1)
  Filter: (keyword_id = 27073)
  Rows Removed by Filter: 4523909
Planning time: 0.444 ms
Execution time: 3336.066 ms
