Seq Scan on cast_info ci  (cost=0.00..796071.18 rows=7451149 width=0) (actual time=135.501..36453.487 rows=3047734 loops=1)
  Filter: ((person_id > 2307797) AND (role_id < 3))
  Rows Removed by Filter: 33196610
Planning time: 1.731 ms
Execution time: 36958.847 ms
