Seq Scan on movie_keyword mk  (cost=0.00..81003.12 rows=847410 width=12) (actual time=0.013..1729.811 rows=849012 loops=1)
  Filter: (keyword_id < 813)
  Rows Removed by Filter: 3674918
Planning time: 0.346 ms
Execution time: 1783.454 ms
