Nested Loop  (cost=0.43..83072.29 rows=151 width=0) (actual time=11.169..3476.611 rows=1963 loops=1)
  ->  Seq Scan on movie_keyword mk  (cost=0.00..81003.12 rows=246 width=4) (actual time=11.098..3142.383 rows=2305 loops=1)
        Filter: (keyword_id = 835)
        Rows Removed by Filter: 4521625
  ->  Index Scan using title_pkey on title t  (cost=0.43..8.40 rows=1 width=4) (actual time=0.143..0.144 rows=1 loops=2305)
        Index Cond: (id = mk.movie_id)
        Filter: (production_year < 2007)
        Rows Removed by Filter: 0
Planning time: 8.359 ms
Execution time: 3492.116 ms
