Hash Join  (cost=102767.86..989282.93 rows=3348178 width=0) (actual time=33227.654..54260.289 rows=5764196 loops=1)
  Hash Cond: (ci.movie_id = t.id)
  ->  Seq Scan on cast_info ci  (cost=0.00..796071.18 rows=3348178 width=4) (actual time=27827.012..41798.839 rows=5764196 loops=1)
        Filter: ((person_id > 1952029) AND (role_id = 2))
        Rows Removed by Filter: 30480148
  ->  Hash  (cost=61283.27..61283.27 rows=2528527 width=4) (actual time=5398.718..5398.718 rows=2528312 loops=1)
        Buckets: 131072  Batches: 64  Memory Usage: 2415kB
        ->  Seq Scan on title t  (cost=0.00..61283.27 rows=2528527 width=4) (actual time=0.022..4213.349 rows=2528312 loops=1)
Planning time: 3.899 ms
Execution time: 55075.789 ms
