Hash Join  (cost=102431.42..157459.46 rows=36251 width=0) (actual time=4370.981..7365.816 rows=98703 loops=1)
  Hash Cond: (mc.movie_id = t.id)
  ->  Seq Scan on movie_companies mc  (cost=0.00..44881.29 rows=2609129 width=4) (actual time=0.011..2166.780 rows=2609129 loops=1)
  ->  Hash  (cost=101992.28..101992.28 rows=35131 width=8) (actual time=4370.567..4370.567 rows=32067 loops=1)
        Buckets: 65536  Batches: 1  Memory Usage: 1765kB
        ->  Hash Join  (cost=74730.49..101992.28 rows=35131 width=8) (actual time=2777.355..4359.103 rows=32067 loops=1)
              Hash Cond: (mi_idx.movie_id = t.id)
              ->  Seq Scan on movie_info_idx mi_idx  (cost=0.00..21735.35 rows=1380035 width=4) (actual time=0.021..1083.706 rows=1380035 loops=1)
              ->  Hash  (cost=73925.90..73925.90 rows=64367 width=4) (actual time=2776.988..2776.988 rows=53905 loops=1)
                    Buckets: 65536  Batches: 1  Memory Usage: 2408kB
                    ->  Seq Scan on title t  (cost=0.00..73925.90 rows=64367 width=4) (actual time=0.257..2753.730 rows=53905 loops=1)
                          Filter: ((kind_id < 7) AND (production_year = 2012))
                          Rows Removed by Filter: 2474407
Planning time: 1.139 ms
Execution time: 7379.887 ms
