Nested Loop  (cost=0.43..83072.29 rows=175 width=0) (actual time=0.099..1257.783 rows=2072 loops=1)
  ->  Seq Scan on movie_keyword mk  (cost=0.00..81003.12 rows=246 width=4) (actual time=0.052..1180.577 rows=2412 loops=1)
        Filter: (keyword_id = 1138)
        Rows Removed by Filter: 4521518
  ->  Index Scan using title_pkey on title t  (cost=0.43..8.40 rows=1 width=4) (actual time=0.031..0.031 rows=1 loops=2412)
        Index Cond: (id = mk.movie_id)
        Filter: (production_year < 2009)
        Rows Removed by Filter: 0
Planning time: 0.792 ms
Execution time: 1258.625 ms
