Hash Join  (cost=191670.36..1302191.94 rows=7468141 width=0) (actual time=9984.154..86589.551 rows=28290906 loops=1)
  Hash Cond: (ci.movie_id = t.id)
  ->  Seq Scan on cast_info ci  (cost=0.00..614943.12 rows=36225612 width=4) (actual time=0.011..42473.501 rows=36244344 loops=1)
  ->  Hash  (cost=183117.46..183117.46 rows=521272 width=8) (actual time=9981.262..9981.262 rows=730658 loops=1)
        Buckets: 131072 (originally 131072)  Batches: 16 (originally 8)  Memory Usage: 3073kB
        ->  Hash Join  (cost=102767.86..183117.46 rows=521272 width=8) (actual time=6372.927..9682.333 rows=730658 loops=1)
              Hash Cond: (mc.movie_id = t.id)
              ->  Seq Scan on movie_companies mc  (cost=0.00..57926.93 rows=521272 width=4) (actual time=1076.359..3125.559 rows=730658 loops=1)
                    Filter: ((company_id < 6307) AND (company_type_id < 2))
                    Rows Removed by Filter: 1878471
              ->  Hash  (cost=61283.27..61283.27 rows=2528527 width=4) (actual time=5295.208..5295.208 rows=2528312 loops=1)
                    Buckets: 131072  Batches: 64  Memory Usage: 2415kB
                    ->  Seq Scan on title t  (cost=0.00..61283.27 rows=2528527 width=4) (actual time=0.018..4085.051 rows=2528312 loops=1)
Planning time: 2.631 ms
Execution time: 90772.042 ms
