Seq Scan on movie_info mi  (cost=0.00..346232.03 rows=17937 width=0) (actual time=10974.421..13818.657 rows=16086 loops=1)
  Filter: (info_type_id = 12)
  Rows Removed by Filter: 14819634
Planning time: 4.962 ms
Execution time: 13820.961 ms
