Hash Join  (cost=75458.68..438143.32 rows=49810 width=0) (actual time=9872.151..19458.659 rows=31543 loops=1)
  Hash Cond: (mi.movie_id = t.id)
  ->  Seq Scan on movie_info mi  (cost=0.00..346232.03 rows=1348138 width=4) (actual time=6251.274..15046.434 rows=1298989 loops=1)
        Filter: (info_type_id = 4)
        Rows Removed by Filter: 13536731
  ->  Hash  (cost=73925.90..73925.90 rows=93422 width=4) (actual time=3619.762..3619.762 rows=100754 loops=1)
        Buckets: 131072  Batches: 2  Memory Usage: 2808kB
        ->  Seq Scan on title t  (cost=0.00..73925.90 rows=93422 width=4) (actual time=0.042..3574.785 rows=100754 loops=1)
              Filter: ((kind_id > 1) AND (production_year = 2008))
              Rows Removed by Filter: 2427558
Planning time: 0.778 ms
Execution time: 19463.642 ms
