Seq Scan on movie_companies mc  (cost=0.00..51404.11 rows=104 width=0) (actual time=388.256..2439.675 rows=12 loops=1)
  Filter: (company_id = 153303)
  Rows Removed by Filter: 2609117
Planning time: 0.374 ms
Execution time: 2439.751 ms
