Nested Loop  (cost=0.43..847334.86 rows=2521 width=0) (actual time=15703.926..44277.489 rows=64606 loops=1)
  ->  Seq Scan on cast_info ci  (cost=0.00..796071.18 rows=7408 width=4) (actual time=15703.861..28718.079 rows=165360 loops=1)
        Filter: ((person_id > 3908834) AND (role_id > 10))
        Rows Removed by Filter: 36078984
  ->  Index Scan using title_pkey on title t  (cost=0.43..6.91 rows=1 width=4) (actual time=0.093..0.094 rows=0 loops=165360)
        Index Cond: (id = ci.movie_id)
        Filter: (kind_id < 4)
        Rows Removed by Filter: 1
Planning time: 6.542 ms
Execution time: 44294.413 ms
