Seq Scan on movie_keyword mk  (cost=0.00..81003.12 rows=1985295 width=0) (actual time=0.019..4384.350 rows=1988440 loops=1)
  Filter: (keyword_id < 3514)
  Rows Removed by Filter: 2535490
Planning time: 0.310 ms
Execution time: 4747.857 ms
