Hash Join  (cost=802797.30..841534.84 rows=60906 width=0) (actual time=41138.266..42159.500 rows=106650 loops=1)
  Hash Cond: (mi_idx.movie_id = t.id)
  ->  Seq Scan on movie_info_idx mi_idx  (cost=0.00..21735.35 rows=1380035 width=4) (actual time=0.023..1525.529 rows=1380035 loops=1)
  ->  Hash  (cost=800966.37..800966.37 rows=111594 width=8) (actual time=40031.451..40031.451 rows=97158 loops=1)
        Buckets: 131072  Batches: 2  Memory Usage: 2925kB
        ->  Hash Join  (cost=87146.10..800966.37 rows=111594 width=8) (actual time=34794.388..40001.096 rows=97158 loops=1)
              Hash Cond: (ci.movie_id = t.id)
              ->  Seq Scan on cast_info ci  (cost=0.00..705507.15 rows=350181 width=4) (actual time=30111.540..34984.488 rows=316118 loops=1)
                    Filter: (role_id > 10)
                    Rows Removed by Filter: 35928226
              ->  Hash  (cost=73925.90..73925.90 rows=805776 width=4) (actual time=4681.541..4681.541 rows=881945 loops=1)
                    Buckets: 131072  Batches: 16  Memory Usage: 2970kB
                    ->  Seq Scan on title t  (cost=0.00..73925.90 rows=805776 width=4) (actual time=0.035..4124.524 rows=881945 loops=1)
                          Filter: ((production_year > 2001) AND (kind_id = 7))
                          Rows Removed by Filter: 1646367
Planning time: 2.259 ms
Execution time: 42173.427 ms
