Hash Join  (cost=102767.86..213346.57 rows=818559 width=0) (actual time=6211.490..11690.725 rows=825890 loops=1)
  Hash Cond: (mk.movie_id = t.id)
  ->  Seq Scan on movie_keyword mk  (cost=0.00..81003.12 rows=818559 width=4) (actual time=0.016..4344.679 rows=825890 loops=1)
        Filter: (keyword_id > 22243)
        Rows Removed by Filter: 3698040
  ->  Hash  (cost=61283.27..61283.27 rows=2528527 width=4) (actual time=6210.822..6210.822 rows=2528312 loops=1)
        Buckets: 131072  Batches: 64  Memory Usage: 2425kB
        ->  Seq Scan on title t  (cost=0.00..61283.27 rows=2528527 width=4) (actual time=0.013..4632.566 rows=2528312 loops=1)
Planning time: 0.648 ms
Execution time: 11799.534 ms
