Seq Scan on movie_keyword mk  (cost=0.00..81003.12 rows=4335769 width=0) (actual time=0.029..5276.952 rows=4332254 loops=1)
  Filter: (keyword_id < 70498)
  Rows Removed by Filter: 191676
Planning time: 10.730 ms
Execution time: 6143.645 ms
