Seq Scan on movie_companies mc  (cost=0.00..57926.93 rows=397648 width=0) (actual time=269.762..3063.062 rows=80133 loops=1)
  Filter: ((company_id > 28339) AND (company_type_id < 2))
  Rows Removed by Filter: 2528996
Planning time: 1.119 ms
Execution time: 3080.330 ms
