Hash Join  (cost=73950.44..100868.13 rows=358 width=0) (actual time=2536.895..3814.130 rows=1717 loops=1)
  Hash Cond: (mi_idx.movie_id = t.id)
  ->  Seq Scan on movie_info_idx mi_idx  (cost=0.00..25185.44 rows=460978 width=4) (actual time=0.017..1168.614 rows=459925 loops=1)
        Filter: (info_type_id < 100)
        Rows Removed by Filter: 920110
  ->  Hash  (cost=73925.90..73925.90 rows=1963 width=4) (actual time=2536.687..2536.687 rows=4125 loops=1)
        Buckets: 8192 (originally 2048)  Batches: 1 (originally 1)  Memory Usage: 210kB
        ->  Seq Scan on title t  (cost=0.00..73925.90 rows=1963 width=4) (actual time=0.187..2534.472 rows=4125 loops=1)
              Filter: ((kind_id = 1) AND (production_year = 1977))
              Rows Removed by Filter: 2524187
Planning time: 5.238 ms
Execution time: 3814.653 ms
