Hash Join  (cost=83074.16..109985.46 rows=82 width=0) (actual time=5092.041..5683.755 rows=189 loops=1)
  Hash Cond: (mi_idx.movie_id = t.id)
  ->  Seq Scan on movie_info_idx mi_idx  (cost=0.00..21735.35 rows=1380035 width=4) (actual time=0.013..1070.600 rows=1380035 loops=1)
  ->  Hash  (cost=83072.29..83072.29 rows=150 width=8) (actual time=4257.411..4257.411 rows=269 loops=1)
        Buckets: 1024  Batches: 1  Memory Usage: 19kB
        ->  Nested Loop  (cost=0.43..83072.29 rows=150 width=8) (actual time=5.622..4257.158 rows=269 loops=1)
              ->  Seq Scan on movie_keyword mk  (cost=0.00..81003.12 rows=246 width=4) (actual time=1.867..3816.366 rows=1668 loops=1)
                    Filter: (keyword_id = 263)
                    Rows Removed by Filter: 4522262
              ->  Index Scan using title_pkey on title t  (cost=0.43..8.40 rows=1 width=4) (actual time=0.263..0.263 rows=0 loops=1668)
                    Index Cond: (id = mk.movie_id)
                    Filter: (kind_id = 7)
                    Rows Removed by Filter: 1
Planning time: 1.171 ms
Execution time: 5683.952 ms
