Hash Join  (cost=74118.09..902607.11 rows=51727 width=0) (actual time=3444.635..50632.151 rows=57697 loops=1)
  Hash Cond: (ci.movie_id = t.id)
  ->  Seq Scan on cast_info ci  (cost=0.00..796071.18 rows=8506818 width=4) (actual time=0.018..43641.931 rows=12670688 loops=1)
        Filter: ((person_id < 2480194) AND (role_id < 2))
        Rows Removed by Filter: 23573656
  ->  Hash  (cost=73925.90..73925.90 rows=15375 width=4) (actual time=3444.457..3444.457 rows=8740 loops=1)
        Buckets: 16384  Batches: 1  Memory Usage: 436kB
        ->  Seq Scan on title t  (cost=0.00..73925.90 rows=15375 width=4) (actual time=1711.337..3440.224 rows=8740 loops=1)
              Filter: ((kind_id = 1) AND (production_year = 2001))
              Rows Removed by Filter: 2519572
Planning time: 0.618 ms
Execution time: 50656.403 ms
