Hash Join  (cost=102767.86..199491.54 rows=1201769 width=0) (actual time=5387.246..10447.123 rows=1150147 loops=1)
  Hash Cond: (mc.movie_id = t.id)
  ->  Seq Scan on movie_companies mc  (cost=0.00..57926.93 rows=1201769 width=4) (actual time=346.356..3561.185 rows=1150147 loops=1)
        Filter: ((company_id > 27) AND (company_type_id = 1))
        Rows Removed by Filter: 1458982
  ->  Hash  (cost=61283.27..61283.27 rows=2528527 width=4) (actual time=5039.957..5039.957 rows=2528312 loops=1)
        Buckets: 131072  Batches: 64  Memory Usage: 2415kB
        ->  Seq Scan on title t  (cost=0.00..61283.27 rows=2528527 width=4) (actual time=0.029..3792.117 rows=2528312 loops=1)
Planning time: 2.702 ms
Execution time: 10614.259 ms
