Hash Join  (cost=320987.28..840813.68 rows=7765573 width=0) (actual time=16565.825..35483.866 rows=7822202 loops=1)
  Hash Cond: (mi.movie_id = t.id)
  ->  Seq Scan on movie_info mi  (cost=0.00..346232.03 rows=5897221 width=4) (actual time=4330.940..17073.098 rows=5884963 loops=1)
        Filter: (info_type_id < 7)
        Rows Removed by Filter: 8950757
  ->  Hash  (cost=266360.12..266360.12 rows=3329613 width=8) (actual time=12233.482..12233.482 rows=1637255 loops=1)
        Buckets: 131072  Batches: 64  Memory Usage: 2032kB
        ->  Hash Join  (cost=98137.04..266360.12 rows=3329613 width=8) (actual time=4093.437..11666.540 rows=1637255 loops=1)
              Hash Cond: (mk.movie_id = t.id)
              ->  Seq Scan on movie_keyword mk  (cost=0.00..69693.30 rows=4523930 width=4) (actual time=0.041..4013.508 rows=4523930 loops=1)
              ->  Hash  (cost=67604.59..67604.59 rows=1860996 width=4) (actual time=4091.695..4091.695 rows=1865487 loops=1)
                    Buckets: 131072  Batches: 32  Memory Usage: 3085kB
                    ->  Seq Scan on title t  (cost=0.00..67604.59 rows=1860996 width=4) (actual time=0.025..3209.620 rows=1865487 loops=1)
                          Filter: (kind_id > 1)
                          Rows Removed by Filter: 662825
Planning time: 1.048 ms
Execution time: 36408.857 ms
