Hash Join  (cost=1025677.70..1699960.68 rows=14772925 width=0) (actual time=23893.600..62553.802 rows=111384238 loops=1)
  Hash Cond: (mi.movie_id = t.id)
  ->  Seq Scan on movie_info mi  (cost=0.00..309384.22 rows=14739122 width=4) (actual time=0.032..5967.868 rows=14835720 loops=1)
  ->  Hash  (cost=984098.62..984098.62 rows=2534326 width=8) (actual time=23889.181..23889.181 rows=3063744 loops=1)
        Buckets: 131072  Batches: 64  Memory Usage: 2957kB
        ->  Hash Join  (cost=83810.17..984098.62 rows=2534326 width=8) (actual time=1516.184..22911.532 rows=3063744 loops=1)
              Hash Cond: (ci.movie_id = t.id)
              ->  Seq Scan on cast_info ci  (cost=0.00..796071.18 rows=6487735 width=4) (actual time=0.016..16220.826 rows=7456653 loops=1)
                    Filter: ((person_id > 855852) AND (role_id > 5))
                    Rows Removed by Filter: 28787691
              ->  Hash  (cost=67604.59..67604.59 rows=987727 width=4) (actual time=1515.492..1515.492 rows=985048 loops=1)
                    Buckets: 131072  Batches: 16  Memory Usage: 3188kB
                    ->  Seq Scan on title t  (cost=0.00..67604.59 rows=987727 width=4) (actual time=0.021..1201.139 rows=985048 loops=1)
                          Filter: (kind_id < 7)
                          Rows Removed by Filter: 1543264
Planning time: 1.228 ms
Execution time: 74086.694 ms
