Hash Join  (cost=264162.78..677657.09 rows=2114232 width=0) (actual time=12158.705..22761.952 rows=13051208 loops=1)
  Hash Cond: (mi.movie_id = t.id)
  ->  Seq Scan on movie_info mi  (cost=0.00..346232.03 rows=3068194 width=4) (actual time=0.027..6299.636 rows=3036719 loops=1)
        Filter: (info_type_id = 16)
        Rows Removed by Filter: 11799001
  ->  Hash  (cost=235576.30..235576.30 rows=1742358 width=8) (actual time=12157.571..12157.571 rows=1751800 loops=1)
        Buckets: 131072  Batches: 32  Memory Usage: 3231kB
        ->  Hash Join  (cost=102767.86..235576.30 rows=1742358 width=8) (actual time=5411.371..11658.136 rows=1751800 loops=1)
              Hash Cond: (mk.movie_id = t.id)
              ->  Seq Scan on movie_keyword mk  (cost=0.00..81003.12 rows=1742358 width=4) (actual time=0.015..4316.356 rows=1751800 loops=1)
                    Filter: (keyword_id < 2860)
                    Rows Removed by Filter: 2772130
              ->  Hash  (cost=61283.27..61283.27 rows=2528527 width=4) (actual time=5409.099..5409.099 rows=2528312 loops=1)
                    Buckets: 131072  Batches: 64  Memory Usage: 2425kB
                    ->  Seq Scan on title t  (cost=0.00..61283.27 rows=2528527 width=4) (actual time=0.016..4307.195 rows=2528312 loops=1)
Planning time: 1.121 ms
Execution time: 24000.619 ms
