Seq Scan on title t  (cost=0.00..73925.90 rows=1094252 width=0) (actual time=109.670..1229.241 rows=1044222 loops=1)
  Filter: ((production_year < 2009) AND (kind_id = 7))
  Rows Removed by Filter: 1484090
Planning time: 0.382 ms
Execution time: 1359.066 ms
