Nested Loop  (cost=0.43..798385.45 rows=276 width=0) (actual time=2016.609..13617.719 rows=13 loops=1)
  ->  Seq Scan on cast_info ci  (cost=0.00..796071.18 rows=276 width=4) (actual time=2016.454..13617.323 rows=13 loops=1)
        Filter: ((role_id < 3) AND (person_id = 80101))
        Rows Removed by Filter: 36244331
  ->  Index Only Scan using title_pkey on title t  (cost=0.43..8.38 rows=1 width=4) (actual time=0.025..0.026 rows=1 loops=13)
        Index Cond: (id = ci.movie_id)
        Heap Fetches: 13
Planning time: 0.786 ms
Execution time: 13617.799 ms
