Hash Join  (cost=83073.54..111705.80 rows=36 width=0) (actual time=1217.789..1821.678 rows=143 loops=1)
  Hash Cond: (mi_idx.movie_id = t.id)
  ->  Seq Scan on movie_info_idx mi_idx  (cost=0.00..25185.44 rows=919057 width=4) (actual time=0.020..484.049 rows=920110 loops=1)
        Filter: (info_type_id > 99)
        Rows Removed by Filter: 459925
  ->  Hash  (cost=83072.29..83072.29 rows=100 width=8) (actual time=1215.681..1215.681 rows=81 loops=1)
        Buckets: 1024  Batches: 1  Memory Usage: 12kB
        ->  Nested Loop  (cost=0.43..83072.29 rows=100 width=8) (actual time=0.634..1215.570 rows=81 loops=1)
              ->  Seq Scan on movie_keyword mk  (cost=0.00..81003.12 rows=246 width=4) (actual time=0.596..1208.958 rows=210 loops=1)
                    Filter: (keyword_id = 1355)
                    Rows Removed by Filter: 4523720
              ->  Index Scan using title_pkey on title t  (cost=0.43..8.40 rows=1 width=4) (actual time=0.028..0.029 rows=0 loops=210)
                    Index Cond: (id = mk.movie_id)
                    Filter: (production_year < 2000)
                    Rows Removed by Filter: 1
Planning time: 1.177 ms
Execution time: 1821.878 ms
