Hash Join  (cost=477150.74..588504.36 rows=382395 width=0) (actual time=8386.159..11336.203 rows=1663096 loops=1)
  Hash Cond: (mk.movie_id = t.id)
  ->  Seq Scan on movie_keyword mk  (cost=0.00..81003.12 rows=2141479 width=4) (actual time=0.014..1552.818 rows=2139836 loops=1)
        Filter: (keyword_id > 5481)
        Rows Removed by Filter: 2384094
  ->  Hash  (cost=469742.89..469742.89 rows=451508 width=8) (actual time=8385.112..8385.112 rows=474443 loops=1)
        Buckets: 131072  Batches: 8  Memory Usage: 3350kB
        ->  Hash Join  (cost=102767.86..469742.89 rows=451508 width=8) (actual time=6196.972..8240.731 rows=474443 loops=1)
              Hash Cond: (mi.movie_id = t.id)
              ->  Seq Scan on movie_info mi  (cost=0.00..346232.03 rows=451508 width=4) (actual time=4341.577..5574.678 rows=474443 loops=1)
                    Filter: (info_type_id = 6)
                    Rows Removed by Filter: 14361277
              ->  Hash  (cost=61283.27..61283.27 rows=2528527 width=4) (actual time=1854.064..1854.064 rows=2528312 loops=1)
                    Buckets: 131072  Batches: 64  Memory Usage: 2425kB
                    ->  Seq Scan on title t  (cost=0.00..61283.27 rows=2528527 width=4) (actual time=0.020..982.054 rows=2528312 loops=1)
Planning time: 1.063 ms
Execution time: 11535.938 ms
