Hash Join  (cost=102767.86..1055287.20 rows=9854904 width=0) (actual time=2009.712..24055.208 rows=9656422 loops=1)
  Hash Cond: (ci.movie_id = t.id)
  ->  Seq Scan on cast_info ci  (cost=0.00..705507.15 rows=9854904 width=4) (actual time=2.646..12984.921 rows=9656422 loops=1)
        Filter: (person_id < 949259)
        Rows Removed by Filter: 26587922
  ->  Hash  (cost=61283.27..61283.27 rows=2528527 width=4) (actual time=1979.591..1979.591 rows=2528312 loops=1)
        Buckets: 131072  Batches: 64  Memory Usage: 2415kB
        ->  Seq Scan on title t  (cost=0.00..61283.27 rows=2528527 width=4) (actual time=0.026..1126.857 rows=2528312 loops=1)
Planning time: 0.740 ms
Execution time: 25135.628 ms
