Hash Join  (cost=87646.84..164962.46 rows=503637 width=0) (actual time=1432.843..4196.066 rows=900597 loops=1)
  Hash Cond: (mc.movie_id = t.id)
  ->  Seq Scan on movie_companies mc  (cost=0.00..51404.11 rows=1522703 width=4) (actual time=0.031..1094.146 rows=1509514 loops=1)
        Filter: (company_id < 14069)
        Rows Removed by Filter: 1099615
  ->  Hash  (cost=73925.90..73925.90 rows=836315 width=4) (actual time=1428.031..1428.031 rows=847424 loops=1)
        Buckets: 131072  Batches: 16  Memory Usage: 2882kB
        ->  Seq Scan on title t  (cost=0.00..73925.90 rows=836315 width=4) (actual time=0.012..1162.551 rows=847424 loops=1)
              Filter: ((kind_id < 4) AND (production_year > 0))
              Rows Removed by Filter: 1680888
Planning time: 2.231 ms
Execution time: 4310.809 ms
