Seq Scan on title t  (cost=0.00..73925.90 rows=32108 width=0) (actual time=3.482..3247.640 rows=36085 loops=1)
  Filter: ((kind_id > 4) AND (production_year = 2000))
  Rows Removed by Filter: 2492227
Planning time: 0.360 ms
Execution time: 3254.231 ms
