Seq Scan on cast_info ci  (cost=0.00..705507.15 rows=35058758 width=0) (actual time=0.019..32309.822 rows=35181198 loops=1)
  Filter: (person_id > 108687)
  Rows Removed by Filter: 1063146
Planning time: 0.336 ms
Execution time: 37384.891 ms
