Hash Join  (cost=101425.44..459320.62 rows=15743 width=0) (actual time=2550.586..8003.579 rows=94512 loops=1)
  Hash Cond: (mi.movie_id = t.id)
  ->  Seq Scan on movie_info mi  (cost=0.00..346232.03 rows=3068194 width=4) (actual time=738.265..5516.819 rows=3036719 loops=1)
        Filter: (info_type_id = 16)
        Rows Removed by Filter: 11799001
  ->  Hash  (cost=101263.26..101263.26 rows=12974 width=8) (actual time=1812.055..1812.055 rows=28828 loops=1)
        Buckets: 32768 (originally 16384)  Batches: 1 (originally 1)  Memory Usage: 1383kB
        ->  Hash Join  (cost=74223.04..101263.26 rows=12974 width=8) (actual time=1110.083..1798.909 rows=28828 loops=1)
              Hash Cond: (mi_idx.movie_id = t.id)
              ->  Seq Scan on movie_info_idx mi_idx  (cost=0.00..21735.35 rows=1380035 width=4) (actual time=0.027..343.818 rows=1380035 loops=1)
              ->  Hash  (cost=73925.90..73925.90 rows=23771 width=4) (actual time=1109.709..1109.709 rows=20633 loops=1)
                    Buckets: 32768  Batches: 1  Memory Usage: 982kB
                    ->  Seq Scan on title t  (cost=0.00..73925.90 rows=23771 width=4) (actual time=0.025..1100.842 rows=20633 loops=1)
                          Filter: ((kind_id < 7) AND (production_year = 2002))
                          Rows Removed by Filter: 2507679
Planning time: 2.521 ms
Execution time: 8016.253 ms
