Seq Scan on cast_info ci  (cost=0.00..705507.15 rows=10300381 width=0) (actual time=0.066..11970.359 rows=10310039 loops=1)
  Filter: (person_id > 2680683)
  Rows Removed by Filter: 25934305
Planning time: 0.354 ms
Execution time: 13236.467 ms
