Seq Scan on title t  (cost=0.00..73925.90 rows=71427 width=0) (actual time=0.030..1249.987 rows=78478 loops=1)
  Filter: ((production_year > 1976) AND (kind_id = 2))
  Rows Removed by Filter: 2449834
Planning time: 0.355 ms
Execution time: 1262.124 ms
