Nested Loop  (cost=0.43..709671.90 rows=500 width=0) (actual time=4093.347..10183.153 rows=64 loops=1)
  ->  Seq Scan on cast_info ci  (cost=0.00..705507.15 rows=500 width=4) (actual time=4093.144..10176.935 rows=64 loops=1)
        Filter: (person_id = 3619468)
        Rows Removed by Filter: 36244280
  ->  Index Only Scan using title_pkey on title t  (cost=0.43..8.32 rows=1 width=4) (actual time=0.095..0.095 rows=1 loops=64)
        Index Cond: (id = ci.movie_id)
        Heap Fetches: 64
Planning time: 0.729 ms
Execution time: 10183.239 ms
