Seq Scan on cast_info ci  (cost=0.00..705507.15 rows=500 width=0) (actual time=274.393..10134.067 rows=258 loops=1)
  Filter: (person_id = 577590)
  Rows Removed by Filter: 36244086
Planning time: 0.269 ms
Execution time: 10134.210 ms
