Seq Scan on movie_keyword mk  (cost=0.00..81003.12 rows=2293148 width=0) (actual time=0.027..1431.944 rows=2294623 loops=1)
  Filter: (keyword_id < 4908)
  Rows Removed by Filter: 2229307
Planning time: 0.324 ms
Execution time: 1737.056 ms
