Hash Join  (cost=120605.43..197664.46 rows=145751 width=0) (actual time=2931.993..4852.942 rows=514483 loops=1)
  Hash Cond: (mc.movie_id = t.id)
  ->  Seq Scan on movie_companies mc  (cost=0.00..44881.29 rows=2609129 width=4) (actual time=0.028..872.749 rows=2609129 loops=1)
  ->  Hash  (cost=118287.83..118287.83 rows=141248 width=8) (actual time=2931.057..2931.057 rows=155682 loops=1)
        Buckets: 131072  Batches: 2  Memory Usage: 4052kB
        ->  Hash Join  (cost=78171.87..118287.83 rows=141248 width=8) (actual time=1777.200..2882.773 rows=155682 loops=1)
              Hash Cond: (mi_idx.movie_id = t.id)
              ->  Seq Scan on movie_info_idx mi_idx  (cost=0.00..21735.35 rows=1380035 width=4) (actual time=0.023..476.339 rows=1380035 loops=1)
              ->  Hash  (cost=73925.90..73925.90 rows=258797 width=4) (actual time=1776.341..1776.341 rows=227847 loops=1)
                    Buckets: 131072  Batches: 4  Memory Usage: 3032kB
                    ->  Seq Scan on title t  (cost=0.00..73925.90 rows=258797 width=4) (actual time=0.087..1024.466 rows=227847 loops=1)
                          Filter: ((kind_id < 7) AND (production_year > 2008))
                          Rows Removed by Filter: 2300465
Planning time: 1.222 ms
Execution time: 4917.396 ms
