Hash Join  (cost=74251.74..130778.97 rows=13707 width=0) (actual time=960.339..2149.745 rows=27601 loops=1)
  Hash Cond: (mc.movie_id = t.id)
  ->  Seq Scan on movie_companies mc  (cost=0.00..51404.11 rows=1329612 width=4) (actual time=0.024..863.800 rows=1334883 loops=1)
        Filter: (company_type_id = 2)
        Rows Removed by Filter: 1274246
  ->  Hash  (cost=73925.90..73925.90 rows=26067 width=4) (actual time=959.740..959.740 rows=27085 loops=1)
        Buckets: 32768  Batches: 1  Memory Usage: 1209kB
        ->  Seq Scan on title t  (cost=0.00..73925.90 rows=26067 width=4) (actual time=0.174..948.820 rows=27085 loops=1)
              Filter: ((kind_id < 7) AND (production_year > 2012))
              Rows Removed by Filter: 2501227
Planning time: 0.546 ms
Execution time: 2153.734 ms
