Hash Join  (cost=52284.50..803076.97 rows=330 width=0) (actual time=1035.297..16162.569 rows=69 loops=1)
  Hash Cond: (ci.movie_id = t.id)
  ->  Seq Scan on cast_info ci  (cost=0.00..614943.12 rows=36225612 width=4) (actual time=0.018..8594.954 rows=36244344 loops=1)
  ->  Hash  (cost=52284.21..52284.21 rows=23 width=8) (actual time=895.151..895.151 rows=4 loops=1)
        Buckets: 1024  Batches: 1  Memory Usage: 9kB
        ->  Nested Loop  (cost=0.43..52284.21 rows=23 width=8) (actual time=328.298..895.138 rows=4 loops=1)
              ->  Seq Scan on movie_companies mc  (cost=0.00..51404.11 rows=104 width=4) (actual time=8.709..873.677 rows=828 loops=1)
                    Filter: (company_id = 2416)
                    Rows Removed by Filter: 2608301
              ->  Index Scan using title_pkey on title t  (cost=0.43..8.45 rows=1 width=4) (actual time=0.025..0.025 rows=0 loops=828)
                    Index Cond: (id = mc.movie_id)
                    Filter: ((production_year > 2006) AND (kind_id = 7))
                    Rows Removed by Filter: 1
Planning time: 1.251 ms
Execution time: 16162.791 ms
