Seq Scan on movie_keyword mk  (cost=0.00..81003.12 rows=246 width=0) (actual time=0.037..1245.313 rows=1754 loops=1)
  Filter: (keyword_id = 37)
  Rows Removed by Filter: 4522176
Planning time: 0.340 ms
Execution time: 1245.879 ms
