Seq Scan on movie_companies mc  (cost=0.00..51404.11 rows=104 width=0) (actual time=10.713..796.448 rows=64 loops=1)
  Filter: (company_id = 1881)
  Rows Removed by Filter: 2609065
Planning time: 0.409 ms
Execution time: 796.571 ms
