Seq Scan on title t  (cost=0.00..73925.90 rows=266993 width=0) (actual time=0.014..1047.597 rows=216282 loops=1)
  Filter: ((production_year > 2005) AND (kind_id = 1))
  Rows Removed by Filter: 2312030
Planning time: 0.379 ms
Execution time: 1076.416 ms
