Seq Scan on movie_keyword mk  (cost=0.00..81003.12 rows=4303957 width=0) (actual time=0.027..1392.308 rows=4302419 loops=1)
  Filter: (keyword_id < 64442)
  Rows Removed by Filter: 221511
Planning time: 0.307 ms
Execution time: 1868.451 ms
