Nested Loop  (cost=0.43..83071.67 rows=246 width=0) (actual time=0.241..1249.952 rows=4059 loops=1)
  ->  Seq Scan on movie_keyword mk  (cost=0.00..81003.12 rows=246 width=4) (actual time=0.193..849.276 rows=4059 loops=1)
        Filter: (keyword_id = 648)
        Rows Removed by Filter: 4519871
  ->  Index Only Scan using title_pkey on title t  (cost=0.43..8.40 rows=1 width=4) (actual time=0.098..0.098 rows=1 loops=4059)
        Index Cond: (id = mk.movie_id)
        Heap Fetches: 4059
Planning time: 1.173 ms
Execution time: 1250.967 ms
