Seq Scan on cast_info ci  (cost=0.00..705507.15 rows=1544445 width=0) (actual time=636.209..11093.094 rows=1464666 loops=1)
  Filter: (person_id < 147407)
  Rows Removed by Filter: 34779678
Planning time: 0.296 ms
Execution time: 11273.436 ms
