Hash Join  (cost=162488.28..961352.62 rows=3848 width=0) (actual time=9561.335..13450.540 rows=7929 loops=1)
  Hash Cond: (ci.movie_id = t.id)
  ->  Seq Scan on cast_info ci  (cost=0.00..796071.18 rows=734583 width=4) (actual time=8191.895..11839.880 rows=1241378 loops=1)
        Filter: ((person_id > 2739062) AND (role_id = 4))
        Rows Removed by Filter: 35002966
  ->  Hash  (cost=162322.71..162322.71 rows=13245 width=8) (actual time=1368.407..1368.407 rows=10524 loops=1)
        Buckets: 16384  Batches: 1  Memory Usage: 540kB
        ->  Nested Loop  (cost=0.43..162322.71 rows=13245 width=8) (actual time=375.654..1363.900 rows=10524 loops=1)
              ->  Seq Scan on movie_keyword mk  (cost=0.00..81003.12 rows=13245 width=4) (actual time=375.498..1253.629 rows=10524 loops=1)
                    Filter: (keyword_id > 124643)
                    Rows Removed by Filter: 4513406
              ->  Index Only Scan using title_pkey on title t  (cost=0.43..6.13 rows=1 width=4) (actual time=0.010..0.010 rows=1 loops=10524)
                    Index Cond: (id = mk.movie_id)
                    Heap Fetches: 10524
Planning time: 0.773 ms
Execution time: 13451.947 ms
