Hash Join  (cost=215833.08..343818.38 rows=1278025 width=0) (actual time=4673.896..10762.850 rows=14165543 loops=1)
  Hash Cond: (mk.movie_id = t.id)
  ->  Seq Scan on movie_keyword mk  (cost=0.00..81003.12 rows=2525578 width=4) (actual time=0.027..1631.583 rows=2513219 loops=1)
        Filter: (keyword_id < 6224)
        Rows Removed by Filter: 2010711
  ->  Hash  (cost=194840.12..194840.12 rows=1279517 width=8) (actual time=4672.166..4672.166 rows=1274246 loops=1)
        Buckets: 131072  Batches: 32  Memory Usage: 2633kB
        ->  Hash Join  (cost=102767.86..194840.12 rows=1279517 width=8) (actual time=1943.092..4335.014 rows=1274246 loops=1)
              Hash Cond: (mc.movie_id = t.id)
              ->  Seq Scan on movie_companies mc  (cost=0.00..51404.11 rows=1279517 width=4) (actual time=0.017..976.520 rows=1274246 loops=1)
                    Filter: (company_type_id = 1)
                    Rows Removed by Filter: 1334883
              ->  Hash  (cost=61283.27..61283.27 rows=2528527 width=4) (actual time=1942.203..1942.203 rows=2528312 loops=1)
                    Buckets: 131072  Batches: 64  Memory Usage: 2415kB
                    ->  Seq Scan on title t  (cost=0.00..61283.27 rows=2528527 width=4) (actual time=0.022..1101.979 rows=2528312 loops=1)
Planning time: 1.141 ms
Execution time: 12343.651 ms
