Hash Join  (cost=161431.47..546186.77 rows=167546 width=0) (actual time=2997.304..11276.448 rows=8249191 loops=1)
  Hash Cond: (mi.movie_id = t.id)
  ->  Seq Scan on movie_info mi  (cost=0.00..309384.22 rows=14739122 width=4) (actual time=0.018..3592.668 rows=14835720 loops=1)
  ->  Hash  (cost=161072.18..161072.18 rows=28743 width=8) (actual time=2996.698..2996.698 rows=68834 loops=1)
        Buckets: 131072 (originally 32768)  Batches: 1 (originally 1)  Memory Usage: 3713kB
        ->  Hash Join  (cost=74126.72..161072.18 rows=28743 width=8) (actual time=1166.479..2974.469 rows=68834 loops=1)
              Hash Cond: (mk.movie_id = t.id)
              ->  Seq Scan on movie_keyword mk  (cost=0.00..69693.30 rows=4523930 width=4) (actual time=0.022..961.392 rows=4523930 loops=1)
              ->  Hash  (cost=73925.90..73925.90 rows=16065 width=4) (actual time=1165.967..1165.967 rows=9704 loops=1)
                    Buckets: 16384  Batches: 1  Memory Usage: 470kB
                    ->  Seq Scan on title t  (cost=0.00..73925.90 rows=16065 width=4) (actual time=0.091..1161.665 rows=9704 loops=1)
                          Filter: ((kind_id = 1) AND (production_year = 2002))
                          Rows Removed by Filter: 2518608
Planning time: 1.151 ms
Execution time: 12110.235 ms
