Nested Loop  (cost=81396.48..480680.61 rows=12968 width=0) (actual time=5696.843..7339.840 rows=77236 loops=1)
  ->  Hash Join  (cost=81396.05..443428.58 rows=67007 width=8) (actual time=5696.781..6876.601 rows=77236 loops=1)
        Hash Cond: (mi.movie_id = mc.movie_id)
        ->  Seq Scan on movie_info mi  (cost=0.00..346232.03 rows=17937 width=4) (actual time=3945.692..4592.603 rows=6482 loops=1)
              Filter: (info_type_id = 54)
              Rows Removed by Filter: 14829238
        ->  Hash  (cost=51404.11..51404.11 rows=1828075 width=4) (actual time=1748.752..1748.752 rows=1837692 loops=1)
              Buckets: 131072  Batches: 32  Memory Usage: 3090kB
              ->  Seq Scan on movie_companies mc  (cost=0.00..51404.11 rows=1828075 width=4) (actual time=0.032..1164.284 rows=1837692 loops=1)
                    Filter: (company_id > 1639)
                    Rows Removed by Filter: 771437
  ->  Index Only Scan using title_pkey on title t  (cost=0.43..0.55 rows=1 width=4) (actual time=0.005..0.006 rows=1 loops=77236)
        Index Cond: (id = mc.movie_id)
        Heap Fetches: 77236
Planning time: 1.156 ms
Execution time: 7352.787 ms
