Seq Scan on cast_info ci  (cost=0.00..705507.15 rows=7088994 width=0) (actual time=0.014..34955.270 rows=7157727 loops=1)
  Filter: (person_id > 2951769)
  Rows Removed by Filter: 29086617
Planning time: 0.331 ms
Execution time: 36088.075 ms
