Seq Scan on movie_companies mc  (cost=0.00..57926.93 rows=791203 width=0) (actual time=1035.761..2773.798 rows=495151 loops=1)
  Filter: ((company_id < 14582) AND (company_type_id = 2))
  Rows Removed by Filter: 2113978
Planning time: 0.402 ms
Execution time: 2873.703 ms
