Nested Loop  (cost=0.43..52283.69 rows=104 width=0) (actual time=22.284..2721.780 rows=1189 loops=1)
  ->  Seq Scan on movie_companies mc  (cost=0.00..51404.11 rows=104 width=4) (actual time=22.205..2516.191 rows=1189 loops=1)
        Filter: (company_id = 11856)
        Rows Removed by Filter: 2607940
  ->  Index Only Scan using title_pkey on title t  (cost=0.43..8.45 rows=1 width=4) (actual time=0.171..0.172 rows=1 loops=1189)
        Index Cond: (id = mc.movie_id)
        Heap Fetches: 1189
Planning time: 0.749 ms
Execution time: 2722.246 ms
