Hash Join  (cost=101545.30..162366.29 rows=4688 width=0) (actual time=6311.135..8506.372 rows=60 loops=1)
  Hash Cond: (mc.movie_id = t.id)
  ->  Seq Scan on movie_companies mc  (cost=0.00..57926.93 rows=759246 width=4) (actual time=1030.335..3102.687 rows=543927 loops=1)
        Filter: ((company_id > 6269) AND (company_type_id < 2))
        Rows Removed by Filter: 2065202
  ->  Hash  (cost=101350.13..101350.13 rows=15614 width=8) (actual time=5263.208..5263.208 rows=9801 loops=1)
        Buckets: 16384  Batches: 1  Memory Usage: 511kB
        ->  Hash Join  (cost=74283.51..101350.13 rows=15614 width=8) (actual time=4410.590..5259.399 rows=9801 loops=1)
              Hash Cond: (mi_idx.movie_id = t.id)
              ->  Seq Scan on movie_info_idx mi_idx  (cost=0.00..21735.35 rows=1380035 width=4) (actual time=0.030..1109.001 rows=1380035 loops=1)
              ->  Hash  (cost=73925.90..73925.90 rows=28608 width=4) (actual time=3679.195..3679.195 rows=32134 loops=1)
                    Buckets: 32768  Batches: 1  Memory Usage: 1386kB
                    ->  Seq Scan on title t  (cost=0.00..73925.90 rows=28608 width=4) (actual time=0.028..3660.737 rows=32134 loops=1)
                          Filter: ((kind_id = 7) AND (production_year = 1998))
                          Rows Removed by Filter: 2496178
Planning time: 1.256 ms
Execution time: 8506.580 ms
