Seq Scan on cast_info ci  (cost=0.00..705507.15 rows=111227 width=0) (actual time=5822.762..31523.937 rows=100098 loops=1)
  Filter: (person_id < 11418)
  Rows Removed by Filter: 36144246
Planning time: 0.321 ms
Execution time: 31538.779 ms
