Hash Join  (cost=709678.15..1074363.23 rows=2915 width=0) (actual time=29979.164..49101.810 rows=238 loops=1)
  Hash Cond: (mi.movie_id = t.id)
  ->  Seq Scan on movie_info mi  (cost=0.00..309384.22 rows=14739122 width=4) (actual time=0.013..16027.538 rows=14835720 loops=1)
  ->  Hash  (cost=709671.90..709671.90 rows=500 width=8) (actual time=29433.059..29433.059 rows=70 loops=1)
        Buckets: 1024  Batches: 1  Memory Usage: 11kB
        ->  Nested Loop  (cost=0.43..709671.90 rows=500 width=8) (actual time=7992.776..29432.987 rows=70 loops=1)
              ->  Seq Scan on cast_info ci  (cost=0.00..705507.15 rows=500 width=4) (actual time=7992.561..29428.165 rows=70 loops=1)
                    Filter: (person_id = 2741701)
                    Rows Removed by Filter: 36244274
              ->  Index Only Scan using title_pkey on title t  (cost=0.43..8.32 rows=1 width=4) (actual time=0.066..0.066 rows=1 loops=70)
                    Index Cond: (id = ci.movie_id)
                    Heap Fetches: 70
Planning time: 1.241 ms
Execution time: 49102.020 ms
