Seq Scan on movie_keyword mk  (cost=0.00..81003.12 rows=359985 width=0) (actual time=0.025..4064.057 rows=357965 loops=1)
  Filter: (keyword_id > 46728)
  Rows Removed by Filter: 4165965
Planning time: 4.391 ms
Execution time: 4130.258 ms
