Seq Scan on movie_companies mc  (cost=0.00..51404.11 rows=1781914 width=0) (actual time=0.024..3407.068 rows=1789065 loops=1)
  Filter: (company_id > 1949)
  Rows Removed by Filter: 820064
Planning time: 0.328 ms
Execution time: 3726.816 ms
