Seq Scan on movie_keyword mk  (cost=0.00..81003.12 rows=246 width=0) (actual time=42.367..3896.142 rows=738 loops=1)
  Filter: (keyword_id = 622)
  Rows Removed by Filter: 4523192
Planning time: 0.374 ms
Execution time: 3896.686 ms
