Seq Scan on cast_info ci  (cost=0.00..796071.18 rows=6372856 width=0) (actual time=0.016..43097.712 rows=7451973 loops=1)
  Filter: ((person_id < 3220631) AND (role_id = 2))
  Rows Removed by Filter: 28792371
Planning time: 0.355 ms
Execution time: 44529.532 ms
