Hash Join  (cost=431881.53..1183622.27 rows=95163 width=0) (actual time=20607.221..65384.108 rows=119922 loops=1)
  Hash Cond: (ci.movie_id = t.id)
  ->  Seq Scan on cast_info ci  (cost=0.00..614943.12 rows=36225612 width=4) (actual time=0.020..32940.718 rows=36244344 loops=1)
  ->  Hash  (cost=431798.50..431798.50 rows=6642 width=8) (actual time=20606.904..20606.904 rows=10226 loops=1)
        Buckets: 16384 (originally 8192)  Batches: 1 (originally 1)  Memory Usage: 528kB
        ->  Hash Join  (cost=73994.33..431798.50 rows=6642 width=8) (actual time=5418.275..20598.469 rows=10226 loops=1)
              Hash Cond: (mi.movie_id = t.id)
              ->  Seq Scan on movie_info mi  (cost=0.00..346232.03 rows=3068194 width=4) (actual time=1448.977..15780.877 rows=3036719 loops=1)
                    Filter: (info_type_id = 16)
                    Rows Removed by Filter: 11799001
              ->  Hash  (cost=73925.90..73925.90 rows=5474 width=4) (actual time=3968.747..3968.747 rows=10047 loops=1)
                    Buckets: 16384 (originally 8192)  Batches: 1 (originally 1)  Memory Usage: 482kB
                    ->  Seq Scan on title t  (cost=0.00..73925.90 rows=5474 width=4) (actual time=2.112..3962.967 rows=10047 loops=1)
                          Filter: ((kind_id > 1) AND (production_year = 1969))
                          Rows Removed by Filter: 2518265
Planning time: 2.037 ms
Execution time: 65415.209 ms
