Hash Join  (cost=851652.75..1632388.47 rows=5756106 width=0) (actual time=63640.250..97914.770 rows=5391240 loops=1)
  Hash Cond: (mi.movie_id = t.id)
  ->  Seq Scan on movie_info mi  (cost=0.00..309384.22 rows=14739122 width=4) (actual time=0.017..21377.597 rows=14835720 loops=1)
  ->  Hash  (cost=835451.35..835451.35 rows=987472 width=8) (actual time=62877.215..62877.215 rows=1292350 loops=1)
        Buckets: 131072 (originally 131072)  Batches: 32 (originally 16)  Memory Usage: 3073kB
        ->  Hash Join  (cost=74787.47..835451.35 rows=987472 width=8) (actual time=3085.707..59566.076 rows=1292350 loops=1)
              Hash Cond: (ci.movie_id = t.id)
              ->  Seq Scan on cast_info ci  (cost=0.00..614943.12 rows=36225612 width=4) (actual time=0.016..38803.301 rows=36244344 loops=1)
              ->  Hash  (cost=73925.90..73925.90 rows=68925 width=4) (actual time=3085.034..3085.034 rows=84076 loops=1)
                    Buckets: 131072  Batches: 1  Memory Usage: 3980kB
                    ->  Seq Scan on title t  (cost=0.00..73925.90 rows=68925 width=4) (actual time=0.019..3043.008 rows=84076 loops=1)
                          Filter: ((kind_id = 7) AND (production_year = 2007))
                          Rows Removed by Filter: 2444236
Planning time: 1.266 ms
Execution time: 98750.613 ms
