Seq Scan on movie_keyword mk  (cost=0.00..81003.12 rows=106585 width=0) (actual time=416.393..3856.703 rows=105528 loops=1)
  Filter: (keyword_id > 81045)
  Rows Removed by Filter: 4418402
Planning time: 0.303 ms
Execution time: 3872.795 ms
