Hash Join  (cost=275069.94..1206444.88 rows=8926008 width=0) (actual time=15404.084..68566.738 rows=30131154 loops=1)
  Hash Cond: (ci.movie_id = t.id)
  ->  Seq Scan on cast_info ci  (cost=0.00..705507.15 rows=9971944 width=4) (actual time=0.014..37097.513 rows=9960389 loops=1)
        Filter: (person_id > 2718317)
        Rows Removed by Filter: 26283955
  ->  Hash  (cost=237936.50..237936.50 rows=2263315 width=8) (actual time=15401.870..15401.870 rows=2917498 loops=1)
        Buckets: 131072 (originally 131072)  Batches: 64 (originally 32)  Memory Usage: 3073kB
        ->  Hash Join  (cost=88359.31..237936.50 rows=2263315 width=8) (actual time=5289.832..13931.539 rows=2917498 loops=1)
              Hash Cond: (mk.movie_id = t.id)
              ->  Seq Scan on movie_keyword mk  (cost=0.00..69693.30 rows=4523930 width=4) (actual time=0.019..4771.817 rows=4523930 loops=1)
              ->  Hash  (cost=67604.59..67604.59 rows=1265018 width=4) (actual time=5288.395..5288.395 rows=1263700 loops=1)
                    Buckets: 131072  Batches: 32  Memory Usage: 2418kB
                    ->  Seq Scan on title t  (cost=0.00..67604.59 rows=1265018 width=4) (actual time=0.041..4582.718 rows=1263700 loops=1)
                          Filter: (production_year < 2004)
                          Rows Removed by Filter: 1264612
Planning time: 2.108 ms
Execution time: 72677.668 ms
