Seq Scan on movie_keyword mk  (cost=0.00..81003.12 rows=1152503 width=0) (actual time=0.031..3740.364 rows=1156580 loops=1)
  Filter: (keyword_id < 1370)
  Rows Removed by Filter: 3367350
Planning time: 0.290 ms
Execution time: 3902.251 ms
