Seq Scan on movie_companies mc  (cost=0.00..51404.11 rows=104 width=0) (actual time=137.887..2599.260 rows=1202 loops=1)
  Filter: (company_id = 44018)
  Rows Removed by Filter: 2607927
Planning time: 0.337 ms
Execution time: 2599.590 ms
