Seq Scan on movie_keyword mk  (cost=0.00..81003.12 rows=246 width=0) (actual time=54.501..3040.950 rows=71 loops=1)
  Filter: (keyword_id = 74141)
  Rows Removed by Filter: 4523859
Planning time: 0.345 ms
Execution time: 3041.115 ms
