Nested Loop  (cost=354003.67..1155041.98 rows=32 width=0) (actual time=42933.579..42991.637 rows=6 loops=1)
  Join Filter: (ci.movie_id = t.id)
  ->  Hash Join  (cost=354003.24..1154870.96 rows=203 width=8) (actual time=42933.502..42988.678 rows=6 loops=1)
        Hash Cond: (ci.movie_id = mi.movie_id)
        ->  Seq Scan on cast_info ci  (cost=0.00..796071.18 rows=435 width=4) (actual time=970.108..30702.448 rows=354 loops=1)
              Filter: ((role_id < 10) AND (person_id = 1355945))
              Rows Removed by Filter: 36243990
        ->  Hash  (cost=346232.03..346232.03 rows=473617 width=4) (actual time=12215.834..12215.834 rows=486554 loops=1)
              Buckets: 131072  Batches: 8  Memory Usage: 3146kB
              ->  Seq Scan on movie_info mi  (cost=0.00..346232.03 rows=473617 width=4) (actual time=4329.458..12012.658 rows=486554 loops=1)
                    Filter: (info_type_id = 5)
                    Rows Removed by Filter: 14349166
  ->  Index Scan using title_pkey on title t  (cost=0.43..0.83 rows=1 width=4) (actual time=0.488..0.488 rows=1 loops=6)
        Index Cond: (id = mi.movie_id)
        Filter: (kind_id < 7)
Planning time: 1.246 ms
Execution time: 42991.796 ms
