Seq Scan on movie_companies mc  (cost=0.00..57926.93 rows=244424 width=0) (actual time=891.699..1822.305 rows=482595 loops=1)
  Filter: ((company_id > 75082) AND (company_type_id > 1))
  Rows Removed by Filter: 2126534
Planning time: 5.984 ms
Execution time: 1890.736 ms
