Seq Scan on movie_keyword mk  (cost=0.00..81003.12 rows=3956333 width=0) (actual time=0.019..4588.057 rows=3953632 loops=1)
  Filter: (keyword_id > 404)
  Rows Removed by Filter: 570298
Planning time: 0.253 ms
Execution time: 5303.231 ms
