Seq Scan on movie_companies mc  (cost=0.00..51404.11 rows=2427437 width=0) (actual time=0.019..1036.256 rows=2426610 loops=1)
  Filter: (company_id < 119346)
  Rows Removed by Filter: 182519
Planning time: 0.428 ms
Execution time: 1332.543 ms
