Seq Scan on movie_keyword mk  (cost=0.00..81003.12 rows=3285588 width=0) (actual time=0.025..4947.505 rows=3273335 loops=1)
  Filter: (keyword_id < 14414)
  Rows Removed by Filter: 1250595
Planning time: 9.228 ms
Execution time: 5517.196 ms
