Hash Join  (cost=709674.80..1074338.42 rows=769 width=0) (actual time=32986.420..50039.743 rows=210 loops=1)
  Hash Cond: (mi.movie_id = t.id)
  ->  Seq Scan on movie_info mi  (cost=0.00..309384.22 rows=14739122 width=4) (actual time=0.022..15427.469 rows=14835720 loops=1)
  ->  Hash  (cost=709673.15..709673.15 rows=132 width=8) (actual time=31350.509..31350.509 rows=16 loops=1)
        Buckets: 1024  Batches: 1  Memory Usage: 9kB
        ->  Nested Loop  (cost=0.43..709673.15 rows=132 width=8) (actual time=28201.759..31350.487 rows=16 loops=1)
              ->  Seq Scan on cast_info ci  (cost=0.00..705507.15 rows=500 width=4) (actual time=28189.180..31337.516 rows=16 loops=1)
                    Filter: (person_id = 3538748)
                    Rows Removed by Filter: 36244328
              ->  Index Scan using title_pkey on title t  (cost=0.43..8.32 rows=1 width=4) (actual time=0.806..0.807 rows=1 loops=16)
                    Index Cond: (id = ci.movie_id)
                    Filter: (kind_id = 1)
Planning time: 5.188 ms
Execution time: 50040.004 ms
