Hash Join  (cost=102767.86..278114.25 rows=3510232 width=0) (actual time=1848.577..6812.032 rows=3503114 loops=1)
  Hash Cond: (mk.movie_id = t.id)
  ->  Seq Scan on movie_keyword mk  (cost=0.00..81003.12 rows=3510232 width=4) (actual time=0.010..1722.357 rows=3503114 loops=1)
        Filter: (keyword_id < 17631)
        Rows Removed by Filter: 1020816
  ->  Hash  (cost=61283.27..61283.27 rows=2528527 width=4) (actual time=1846.904..1846.904 rows=2528312 loops=1)
        Buckets: 131072  Batches: 64  Memory Usage: 2425kB
        ->  Seq Scan on title t  (cost=0.00..61283.27 rows=2528527 width=4) (actual time=0.011..984.552 rows=2528312 loops=1)
Planning time: 0.712 ms
Execution time: 7228.117 ms
