Hash Join  (cost=73962.22..438787.48 rows=16934 width=0) (actual time=1134.543..8485.056 rows=63282 loops=1)
  Hash Cond: (mi.movie_id = t.id)
  ->  Seq Scan on movie_info mi  (cost=0.00..309384.22 rows=14739122 width=4) (actual time=0.014..4196.250 rows=14835720 loops=1)
  ->  Hash  (cost=73925.90..73925.90 rows=2905 width=4) (actual time=1134.454..1134.454 rows=6093 loops=1)
        Buckets: 8192 (originally 4096)  Batches: 1 (originally 1)  Memory Usage: 279kB
        ->  Seq Scan on title t  (cost=0.00..73925.90 rows=2905 width=4) (actual time=0.033..1131.351 rows=6093 loops=1)
              Filter: ((kind_id < 7) AND (production_year = 1977))
              Rows Removed by Filter: 2522219
Planning time: 0.771 ms
Execution time: 8496.539 ms
