Hash Join  (cost=275111.06..903769.53 rows=12223664 width=0) (actual time=5560.045..20045.653 rows=5402440 loops=1)
  Hash Cond: (mi.movie_id = t.id)
  ->  Seq Scan on movie_info mi  (cost=0.00..309384.22 rows=14739122 width=4) (actual time=0.022..6069.834 rows=14835720 loops=1)
  ->  Hash  (cost=240706.62..240706.62 rows=2096995 width=8) (actual time=5505.161..5505.161 rows=502304 loops=1)
        Buckets: 131072  Batches: 32  Memory Usage: 1624kB
        ->  Hash Join  (cost=93155.63..240706.62 rows=2096995 width=8) (actual time=1632.610..5353.416 rows=502304 loops=1)
              Hash Cond: (mk.movie_id = t.id)
              ->  Seq Scan on movie_keyword mk  (cost=0.00..69693.30 rows=4523930 width=4) (actual time=0.016..1511.901 rows=4523930 loops=1)
              ->  Hash  (cost=73925.90..73925.90 rows=1172058 width=4) (actual time=1631.623..1631.623 rows=1128906 loops=1)
                    Buckets: 131072  Batches: 16  Memory Usage: 3509kB
                    ->  Seq Scan on title t  (cost=0.00..73925.90 rows=1172058 width=4) (actual time=0.022..1269.498 rows=1128906 loops=1)
                          Filter: ((production_year < 2010) AND (kind_id = 7))
                          Rows Removed by Filter: 1399406
Planning time: 3.343 ms
Execution time: 20675.584 ms
