Hash Join  (cost=150953.19..266697.67 rows=186196 width=0) (actual time=6792.214..11399.681 rows=8505484 loops=1)
  Hash Cond: (mk.movie_id = t.id)
  ->  Seq Scan on movie_keyword mk  (cost=0.00..81003.12 rows=2786506 width=4) (actual time=0.026..1552.692 rows=2776753 loops=1)
        Filter: (keyword_id < 7990)
        Rows Removed by Filter: 1747177
  ->  Hash  (cost=148181.21..148181.21 rows=168958 width=8) (actual time=6791.287..6791.287 rows=346367 loops=1)
        Buckets: 131072 (originally 131072)  Batches: 8 (originally 4)  Memory Usage: 3073kB
        ->  Hash Join  (cost=78556.72..148181.21 rows=168958 width=8) (actual time=5480.685..6676.074 rows=346367 loops=1)
              Hash Cond: (mc.movie_id = t.id)
              ->  Seq Scan on movie_companies mc  (cost=0.00..57926.93 rows=639993 width=4) (actual time=832.321..2225.293 rows=871322 loops=1)
                    Filter: ((company_id < 11269) AND (company_type_id < 2))
                    Rows Removed by Filter: 1737807
              ->  Hash  (cost=67604.59..67604.59 rows=667531 width=4) (actual time=3560.777..3560.777 rows=662825 loops=1)
                    Buckets: 131072  Batches: 16  Memory Usage: 2476kB
                    ->  Seq Scan on title t  (cost=0.00..67604.59 rows=667531 width=4) (actual time=332.941..3297.022 rows=662825 loops=1)
                          Filter: (kind_id = 1)
                          Rows Removed by Filter: 1865487
Planning time: 1.142 ms
Execution time: 12354.966 ms
