Nested Loop  (cost=0.43..709673.15 rows=486 width=0) (actual time=3076.324..10887.137 rows=20 loops=1)
  ->  Seq Scan on cast_info ci  (cost=0.00..705507.15 rows=500 width=4) (actual time=3076.243..10886.788 rows=20 loops=1)
        Filter: (person_id = 3989925)
        Rows Removed by Filter: 36244324
  ->  Index Scan using title_pkey on title t  (cost=0.43..8.32 rows=1 width=4) (actual time=0.015..0.016 rows=1 loops=20)
        Index Cond: (id = ci.movie_id)
        Filter: (production_year > 0)
Planning time: 0.808 ms
Execution time: 10887.265 ms
