Hash Join  (cost=213363.37..358413.28 rows=1891687 width=0) (actual time=4652.803..12729.100 rows=23760224 loops=1)
  Hash Cond: (mk.movie_id = t.id)
  ->  Seq Scan on movie_keyword mk  (cost=0.00..69693.30 rows=4523930 width=4) (actual time=0.018..952.551 rows=4523930 loops=1)
  ->  Hash  (cost=196016.03..196016.03 rows=1057307 width=8) (actual time=4651.923..4651.923 rows=933355 loops=1)
        Buckets: 131072  Batches: 16  Memory Usage: 3354kB
        ->  Hash Join  (cost=102767.86..196016.03 rows=1057307 width=8) (actual time=1950.598..4386.716 rows=933355 loops=1)
              Hash Cond: (mc.movie_id = t.id)
              ->  Seq Scan on movie_companies mc  (cost=0.00..57926.93 rows=1057307 width=4) (actual time=0.027..1219.407 rows=933355 loops=1)
                    Filter: ((company_id > 364) AND (company_type_id = 1))
                    Rows Removed by Filter: 1675774
              ->  Hash  (cost=61283.27..61283.27 rows=2528527 width=4) (actual time=1948.740..1948.740 rows=2528312 loops=1)
                    Buckets: 131072  Batches: 64  Memory Usage: 2415kB
                    ->  Seq Scan on title t  (cost=0.00..61283.27 rows=2528527 width=4) (actual time=0.027..1098.542 rows=2528312 loops=1)
Planning time: 1.247 ms
Execution time: 15347.550 ms
