Hash Join  (cost=94642.16..192069.36 rows=2345 width=0) (actual time=1535.337..3882.825 rows=25482 loops=1)
  Hash Cond: (mk.movie_id = t.id)
  ->  Seq Scan on movie_keyword mk  (cost=0.00..81003.12 rows=4373499 width=4) (actual time=0.011..1689.133 rows=4360169 loops=1)
        Filter: (keyword_id > 117)
        Rows Removed by Filter: 163761
  ->  Hash  (cost=94625.21..94625.21 rows=1356 width=8) (actual time=1534.660..1534.660 rows=3796 loops=1)
        Buckets: 4096 (originally 2048)  Batches: 1 (originally 1)  Memory Usage: 181kB
        ->  Hash Join  (cost=67697.55..94625.21 rows=1356 width=8) (actual time=1018.352..1532.806 rows=3796 loops=1)
              Hash Cond: (mi_idx.movie_id = t.id)
              ->  Seq Scan on movie_info_idx mi_idx  (cost=0.00..25185.44 rows=460978 width=4) (actual time=0.009..406.161 rows=459925 loops=1)
                    Filter: (info_type_id < 100)
                    Rows Removed by Filter: 920110
              ->  Hash  (cost=67604.59..67604.59 rows=7437 width=4) (actual time=1018.155..1018.155 rows=14926 loops=1)
                    Buckets: 16384 (originally 8192)  Batches: 1 (originally 1)  Memory Usage: 653kB
                    ->  Seq Scan on title t  (cost=0.00..67604.59 rows=7437 width=4) (actual time=0.022..1010.905 rows=14926 loops=1)
                          Filter: (production_year = 1979)
                          Rows Removed by Filter: 2513386
Planning time: 2.022 ms
Execution time: 3886.610 ms
