Hash Join  (cost=162999.55..514510.45 rows=26019 width=0) (actual time=6318.909..8678.324 rows=151474 loops=1)
  Hash Cond: (mi.movie_id = t.id)
  ->  Seq Scan on movie_info mi  (cost=0.00..346232.03 rows=1338312 width=4) (actual time=3085.050..5163.563 rows=1401902 loops=1)
        Filter: (info_type_id = 7)
        Rows Removed by Filter: 13433818
  ->  Hash  (cost=162385.05..162385.05 rows=49160 width=8) (actual time=3232.814..3232.814 rows=56661 loops=1)
        Buckets: 65536  Batches: 1  Memory Usage: 2726kB
        ->  Hash Join  (cost=68058.67..162385.05 rows=49160 width=8) (actual time=1094.876..3214.314 rows=56661 loops=1)
              Hash Cond: (mk.movie_id = t.id)
              ->  Seq Scan on movie_keyword mk  (cost=0.00..81003.12 rows=3421774 width=4) (actual time=0.034..1577.679 rows=3411871 loops=1)
                    Filter: (keyword_id > 1138)
                    Rows Removed by Filter: 1112059
              ->  Hash  (cost=67604.59..67604.59 rows=36327 width=4) (actual time=1094.027..1094.027 rows=36509 loops=1)
                    Buckets: 65536  Batches: 1  Memory Usage: 1796kB
                    ->  Seq Scan on title t  (cost=0.00..67604.59 rows=36327 width=4) (actual time=0.030..1077.999 rows=36509 loops=1)
                          Filter: (production_year = 1996)
                          Rows Removed by Filter: 2491803
Planning time: 1.182 ms
Execution time: 8697.467 ms
