Hash Join  (cost=480097.23..1617753.78 rows=10109640 width=0) (actual time=7940.811..35910.432 rows=245597 loops=1)
  Hash Cond: (ci.movie_id = t.id)
  ->  Seq Scan on cast_info ci  (cost=0.00..614943.12 rows=36225612 width=4) (actual time=0.023..13250.216 rows=36244344 loops=1)
  ->  Hash  (cost=468519.64..468519.64 rows=705647 width=8) (actual time=7937.675..7937.675 rows=10430 loops=1)
        Buckets: 131072  Batches: 16  Memory Usage: 1050kB
        ->  Hash Join  (cost=92811.40..468519.64 rows=705647 width=8) (actual time=5779.357..7933.487 rows=10430 loops=1)
              Hash Cond: (mi.movie_id = t.id)
              ->  Seq Scan on movie_info mi  (cost=0.00..346232.03 rows=1550064 width=4) (actual time=3945.273..5199.343 rows=1533909 loops=1)
                    Filter: (info_type_id = 3)
                    Rows Removed by Filter: 13301811
              ->  Hash  (cost=73925.90..73925.90 rows=1151080 width=4) (actual time=1832.792..1832.792 rows=1244530 loops=1)
                    Buckets: 131072  Batches: 16  Memory Usage: 3777kB
                    ->  Seq Scan on title t  (cost=0.00..73925.90 rows=1151080 width=4) (actual time=0.032..1449.782 rows=1244530 loops=1)
                          Filter: ((production_year > 1983) AND (kind_id = 7))
                          Rows Removed by Filter: 1283782
Planning time: 1.499 ms
Execution time: 35941.427 ms
