Hash Join  (cost=190230.21..327912.02 rows=1644596 width=0) (actual time=4656.340..9606.310 rows=6957715 loops=1)
  Hash Cond: (mk.movie_id = t.id)
  ->  Seq Scan on movie_keyword mk  (cost=0.00..81003.12 rows=3013260 width=4) (actual time=0.023..1677.363 rows=2993790 loops=1)
        Filter: (keyword_id < 10474)
        Rows Removed by Filter: 1530140
  ->  Hash  (cost=167588.78..167588.78 rows=1380035 width=8) (actual time=4655.076..4655.076 rows=1380035 loops=1)
        Buckets: 131072  Batches: 32  Memory Usage: 2726kB
        ->  Hash Join  (cost=102767.86..167588.78 rows=1380035 width=8) (actual time=1998.926..4257.829 rows=1380035 loops=1)
              Hash Cond: (mi_idx.movie_id = t.id)
              ->  Seq Scan on movie_info_idx mi_idx  (cost=0.00..21735.35 rows=1380035 width=4) (actual time=0.018..504.457 rows=1380035 loops=1)
              ->  Hash  (cost=61283.27..61283.27 rows=2528527 width=4) (actual time=1997.259..1997.259 rows=2528312 loops=1)
                    Buckets: 131072  Batches: 64  Memory Usage: 2415kB
                    ->  Seq Scan on title t  (cost=0.00..61283.27 rows=2528527 width=4) (actual time=0.017..1124.352 rows=2528312 loops=1)
Planning time: 1.130 ms
Execution time: 10449.241 ms
