Hash Join  (cost=78249.37..442380.60 rows=139454 width=0) (actual time=3155.476..6679.498 rows=180436 loops=1)
  Hash Cond: (mi.movie_id = t.id)
  ->  Seq Scan on movie_info mi  (cost=0.00..346232.03 rows=1338312 width=4) (actual time=2093.616..4839.344 rows=1401902 loops=1)
        Filter: (info_type_id = 7)
        Rows Removed by Filter: 13433818
  ->  Hash  (cost=73925.90..73925.90 rows=263477 width=4) (actual time=1060.757..1060.757 rows=153864 loops=1)
        Buckets: 131072  Batches: 4  Memory Usage: 2382kB
        ->  Seq Scan on title t  (cost=0.00..73925.90 rows=263477 width=4) (actual time=0.044..1005.778 rows=153864 loops=1)
              Filter: ((production_year < 1974) AND (kind_id = 7))
              Rows Removed by Filter: 2374448
Planning time: 0.772 ms
Execution time: 6702.489 ms
