Hash Join  (cost=133167.21..884870.77 rows=43441 width=0) (actual time=4600.237..17749.754 rows=49348 loops=1)
  Hash Cond: (ci.movie_id = t.id)
  ->  Seq Scan on cast_info ci  (cost=0.00..705507.15 rows=12203201 width=4) (actual time=2230.490..13568.016 rows=12113646 loops=1)
        Filter: (role_id > 3)
        Rows Removed by Filter: 24130698
  ->  Hash  (cost=133054.70..133054.70 rows=9001 width=8) (actual time=2369.344..2369.344 rows=1543 loops=1)
        Buckets: 16384  Batches: 1  Memory Usage: 189kB
        ->  Hash Join  (cost=78556.72..133054.70 rows=9001 width=8) (actual time=1408.300..2368.656 rows=1543 loops=1)
              Hash Cond: (mc.movie_id = t.id)
              ->  Seq Scan on movie_companies mc  (cost=0.00..51404.11 rows=34093 width=4) (actual time=0.044..849.266 rows=36136 loops=1)
                    Filter: (company_id = 160)
                    Rows Removed by Filter: 2572993
              ->  Hash  (cost=67604.59..67604.59 rows=667531 width=4) (actual time=1390.556..1390.556 rows=662825 loops=1)
                    Buckets: 131072  Batches: 16  Memory Usage: 2476kB
                    ->  Seq Scan on title t  (cost=0.00..67604.59 rows=667531 width=4) (actual time=312.522..1175.826 rows=662825 loops=1)
                          Filter: (kind_id = 1)
                          Rows Removed by Filter: 1865487
Planning time: 1.227 ms
Execution time: 17758.854 ms
