Seq Scan on movie_keyword mk  (cost=0.00..81003.12 rows=3790135 width=0) (actual time=0.030..1583.538 rows=3782062 loops=1)
  Filter: (keyword_id < 25322)
  Rows Removed by Filter: 741868
Planning time: 0.365 ms
Execution time: 2041.659 ms
