Hash Join  (cost=89780.46..165415.18 rows=508157 width=0) (actual time=1991.881..3819.691 rows=220538 loops=1)
  Hash Cond: (mc.movie_id = t.id)
  ->  Seq Scan on movie_companies mc  (cost=0.00..51404.11 rows=1329612 width=4) (actual time=0.031..958.196 rows=1334883 loops=1)
        Filter: (company_type_id > 1)
        Rows Removed by Filter: 1274246
  ->  Hash  (cost=73925.90..73925.90 rows=966364 width=4) (actual time=1988.078..1988.078 rows=1056944 loops=1)
        Buckets: 131072  Batches: 16  Memory Usage: 3356kB
        ->  Seq Scan on title t  (cost=0.00..73925.90 rows=966364 width=4) (actual time=0.233..1357.054 rows=1056944 loops=1)
              Filter: ((kind_id > 4) AND (production_year > 1996))
              Rows Removed by Filter: 1471368
Planning time: 2.694 ms
Execution time: 3844.717 ms
