Seq Scan on movie_companies mc  (cost=0.00..57926.93 rows=686102 width=0) (actual time=0.033..928.177 rows=926013 loops=1)
  Filter: ((company_id > 11156) AND (company_type_id = 2))
  Rows Removed by Filter: 1683116
Planning time: 0.367 ms
Execution time: 1042.559 ms
