Seq Scan on movie_companies mc  (cost=0.00..57926.93 rows=385527 width=0) (actual time=66.016..890.126 rows=69080 loops=1)
  Filter: ((company_id > 31250) AND (company_type_id = 1))
  Rows Removed by Filter: 2540049
Planning time: 0.516 ms
Execution time: 899.197 ms
