Hash Join  (cost=671884.81..2050516.33 rows=36341267 width=0) (actual time=17504.450..65039.934 rows=100585900 loops=1)
  Hash Cond: (ci.movie_id = t.id)
  ->  Seq Scan on cast_info ci  (cost=0.00..705507.15 rows=17458137 width=4) (actual time=3587.891..13939.678 rows=17582691 loops=1)
        Filter: (person_id > 1858672)
        Rows Removed by Filter: 18661653
  ->  Hash  (cost=585530.80..585530.80 rows=5263441 width=8) (actual time=13910.060..13910.060 rows=5270569 loops=1)
        Buckets: 131072  Batches: 128  Memory Usage: 2642kB
        ->  Hash Join  (cost=102767.86..585530.80 rows=5263441 width=8) (actual time=2136.608..12371.808 rows=5270569 loops=1)
              Hash Cond: (mi.movie_id = t.id)
              ->  Seq Scan on movie_info mi  (cost=0.00..346232.03 rows=5263441 width=4) (actual time=276.514..5811.180 rows=5270569 loops=1)
                    Filter: (info_type_id > 15)
                    Rows Removed by Filter: 9565151
              ->  Hash  (cost=61283.27..61283.27 rows=2528527 width=4) (actual time=1858.204..1858.204 rows=2528312 loops=1)
                    Buckets: 131072  Batches: 64  Memory Usage: 2425kB
                    ->  Seq Scan on title t  (cost=0.00..61283.27 rows=2528527 width=4) (actual time=0.021..996.875 rows=2528312 loops=1)
Planning time: 1.223 ms
Execution time: 76800.517 ms
