Hash Join  (cost=316931.95..965287.02 rows=13391527 width=0) (actual time=7387.985..48929.130 rows=143644957 loops=1)
  Hash Cond: (mi.movie_id = t.id)
  ->  Seq Scan on movie_info mi  (cost=0.00..346232.03 rows=11115165 width=4) (actual time=0.015..7443.997 rows=11210743 loops=1)
        Filter: (info_type_id > 3)
        Rows Removed by Filter: 3624977
  ->  Hash  (cost=266952.40..266952.40 rows=3046364 width=8) (actual time=7385.767..7385.767 rows=3035209 loops=1)
        Buckets: 131072  Batches: 64  Memory Usage: 2978kB
        ->  Hash Join  (cost=102767.86..266952.40 rows=3046364 width=8) (actual time=2055.412..6490.009 rows=3035209 loops=1)
              Hash Cond: (mk.movie_id = t.id)
              ->  Seq Scan on movie_keyword mk  (cost=0.00..81003.12 rows=3046364 width=4) (actual time=0.022..1729.494 rows=3035209 loops=1)
                    Filter: (keyword_id < 10938)
                    Rows Removed by Filter: 1488721
              ->  Hash  (cost=61283.27..61283.27 rows=2528527 width=4) (actual time=2052.824..2052.824 rows=2528312 loops=1)
                    Buckets: 131072  Batches: 64  Memory Usage: 2425kB
                    ->  Seq Scan on title t  (cost=0.00..61283.27 rows=2528527 width=4) (actual time=0.017..1199.762 rows=2528312 loops=1)
Planning time: 1.186 ms
Execution time: 63258.459 ms
