Seq Scan on title t  (cost=0.00..67604.59 rows=1995176 width=0) (actual time=0.011..1215.289 rows=1990655 loops=1)
  Filter: (production_year > 1976)
  Rows Removed by Filter: 537657
Planning time: 0.327 ms
Execution time: 1454.055 ms
