Hash Join  (cost=80384.28..584673.43 rows=2294522 width=0) (actual time=1348.505..14423.495 rows=1045446 loops=1)
  Hash Cond: (mi.movie_id = t.id)
  ->  Seq Scan on movie_info mi  (cost=0.00..309384.22 rows=14739122 width=4) (actual time=0.015..6319.903 rows=14835720 loops=1)
  ->  Hash  (cost=73925.90..73925.90 rows=393630 width=4) (actual time=1347.413..1347.413 rows=401187 loops=1)
        Buckets: 131072  Batches: 8  Memory Usage: 2800kB
        ->  Seq Scan on title t  (cost=0.00..73925.90 rows=393630 width=4) (actual time=0.015..1214.466 rows=401187 loops=1)
              Filter: ((kind_id > 1) AND (production_year > 2009))
              Rows Removed by Filter: 2127125
Planning time: 0.723 ms
Execution time: 14531.915 ms
