Hash Join  (cost=185939.14..585081.14 rows=285331 width=219) (actual time=6078.912..13311.257 rows=1434307 loops=1)
  Hash Cond: (mi.movie_id = t.id)
  ->  Seq Scan on movie_info mi  (cost=0.00..346232.03 rows=1338312 width=75) (actual time=1688.383..7385.710 rows=1401902 loops=1)
        Filter: (info_type_id = 7)
        Rows Removed by Filter: 13433818
  ->  Hash  (cost=168144.54..168144.54 rows=539088 width=144) (actual time=4388.710..4388.710 rows=954317 loops=1)
        Buckets: 32768 (originally 32768)  Batches: 64 (originally 32)  Memory Usage: 3841kB
        ->  Hash Join  (cost=94420.17..168144.54 rows=539088 width=144) (actual time=1986.603..3816.397 rows=954317 loops=1)
              Hash Cond: (mi_idx.movie_id = t.id)
              ->  Seq Scan on movie_info_idx mi_idx  (cost=0.00..21735.35 rows=1380035 width=50) (actual time=0.012..444.300 rows=1380035 loops=1)
              ->  Hash  (cost=67604.59..67604.59 rows=987727 width=94) (actual time=1985.358..1985.358 rows=985048 loops=1)
                    Buckets: 32768  Batches: 64  Memory Usage: 1938kB
                    ->  Seq Scan on title t  (cost=0.00..67604.59 rows=987727 width=94) (actual time=0.012..1556.644 rows=985048 loops=1)
                          Filter: (kind_id < 7)
                          Rows Removed by Filter: 1543264
Planning time: 1.311 ms
Execution time: 13387.433 ms
