Seq Scan on movie_keyword mk  (cost=0.00..81003.12 rows=246 width=0) (actual time=0.118..1270.931 rows=1240 loops=1)
  Filter: (keyword_id = 1120)
  Rows Removed by Filter: 4522690
Planning time: 0.373 ms
Execution time: 1271.396 ms
