Seq Scan on movie_keyword mk  (cost=0.00..81003.12 rows=1016102 width=0) (actual time=0.026..3806.465 rows=1022350 loops=1)
  Filter: (keyword_id > 17563)
  Rows Removed by Filter: 3501580
Planning time: 0.317 ms
Execution time: 3965.642 ms
