Hash Join  (cost=248007.44..772731.71 rows=5168869 width=0) (actual time=6036.970..16400.941 rows=2242686 loops=1)
  Hash Cond: (mi.movie_id = t.id)
  ->  Seq Scan on movie_info mi  (cost=0.00..346232.03 rows=9476311 width=4) (actual time=0.023..6947.900 rows=9565151 loops=1)
        Filter: (info_type_id < 16)
        Rows Removed by Filter: 5270569
  ->  Hash  (cost=225379.58..225379.58 rows=1379189 width=8) (actual time=5005.558..5005.558 rows=306813 loops=1)
        Buckets: 131072  Batches: 32  Memory Usage: 1383kB
        ->  Hash Join  (cost=86573.65..225379.58 rows=1379189 width=8) (actual time=1506.093..4911.901 rows=306813 loops=1)
              Hash Cond: (mk.movie_id = t.id)
              ->  Seq Scan on movie_keyword mk  (cost=0.00..69693.30 rows=4523930 width=4) (actual time=0.017..1350.973 rows=4523930 loops=1)
              ->  Hash  (cost=73925.90..73925.90 rows=770860 width=4) (actual time=1505.321..1505.321 rows=682281 loops=1)
                    Buckets: 131072  Batches: 16  Memory Usage: 2528kB
                    ->  Seq Scan on title t  (cost=0.00..73925.90 rows=770860 width=4) (actual time=0.017..1282.456 rows=682281 loops=1)
                          Filter: ((production_year < 2004) AND (kind_id = 7))
                          Rows Removed by Filter: 1846031
Planning time: 1.199 ms
Execution time: 16626.746 ms
