Seq Scan on cast_info ci  (cost=0.00..796071.18 rows=6876431 width=0) (actual time=5726.235..17626.569 rows=10819302 loops=1)
  Filter: ((person_id > 2087819) AND (role_id > 2))
  Rows Removed by Filter: 25425042
Planning time: 0.225 ms
Execution time: 19037.240 ms
