Hash Join  (cost=190230.21..321653.87 rows=1443885 width=0) (actual time=4320.352..8942.059 rows=6129681 loops=1)
  Hash Cond: (mk.movie_id = t.id)
  ->  Seq Scan on movie_keyword mk  (cost=0.00..81003.12 rows=2645514 width=4) (actual time=0.017..1572.129 rows=2630758 loops=1)
        Filter: (keyword_id > 3235)
        Rows Removed by Filter: 1893172
  ->  Hash  (cost=167588.78..167588.78 rows=1380035 width=8) (actual time=4319.195..4319.195 rows=1380035 loops=1)
        Buckets: 131072  Batches: 32  Memory Usage: 2726kB
        ->  Hash Join  (cost=102767.86..167588.78 rows=1380035 width=8) (actual time=1870.226..3893.244 rows=1380035 loops=1)
              Hash Cond: (mi_idx.movie_id = t.id)
              ->  Seq Scan on movie_info_idx mi_idx  (cost=0.00..21735.35 rows=1380035 width=4) (actual time=0.023..466.133 rows=1380035 loops=1)
              ->  Hash  (cost=61283.27..61283.27 rows=2528527 width=4) (actual time=1869.201..1869.201 rows=2528312 loops=1)
                    Buckets: 131072  Batches: 64  Memory Usage: 2415kB
                    ->  Seq Scan on title t  (cost=0.00..61283.27 rows=2528527 width=4) (actual time=0.009..1037.798 rows=2528312 loops=1)
Planning time: 1.365 ms
Execution time: 9657.546 ms
