Seq Scan on movie_keyword mk  (cost=0.00..81003.12 rows=552259 width=0) (actual time=0.028..1367.983 rows=549545 loops=1)
  Filter: (keyword_id > 33526)
  Rows Removed by Filter: 3974385
Planning time: 0.324 ms
Execution time: 1438.163 ms
