Hash Join  (cost=177047.39..1344302.93 rows=6644204 width=0) (actual time=3413.533..39645.382 rows=6495162 loops=1)
  Hash Cond: (ci.movie_id = t.id)
  ->  Seq Scan on cast_info ci  (cost=0.00..705507.15 rows=34021693 width=4) (actual time=0.023..16643.522 rows=34002127 loops=1)
        Filter: (person_id < 3623661)
        Rows Removed by Filter: 2242217
  ->  Hash  (cost=168945.84..168945.84 rows=493804 width=8) (actual time=3412.524..3412.524 rows=274527 loops=1)
        Buckets: 131072  Batches: 8  Memory Usage: 2370kB
        ->  Hash Join  (cost=96651.52..168945.84 rows=493804 width=8) (actual time=1850.186..3345.004 rows=274527 loops=1)
              Hash Cond: (mc.movie_id = t.id)
              ->  Seq Scan on movie_companies mc  (cost=0.00..51404.11 rows=705232 width=4) (actual time=0.013..867.536 rows=710402 loops=1)
                    Filter: (company_id > 43863)
                    Rows Removed by Filter: 1898727
              ->  Hash  (cost=67604.59..67604.59 rows=1770475 width=4) (actual time=1848.350..1848.350 rows=1774635 loops=1)
                    Buckets: 131072  Batches: 32  Memory Usage: 2978kB
                    ->  Seq Scan on title t  (cost=0.00..67604.59 rows=1770475 width=4) (actual time=0.023..1270.156 rows=1774635 loops=1)
                          Filter: (kind_id > 2)
                          Rows Removed by Filter: 753677
Planning time: 1.534 ms
Execution time: 40426.472 ms
