Nested Loop  (cost=0.43..83072.90 rows=76 width=0) (actual time=24.780..3449.187 rows=418 loops=1)
  ->  Seq Scan on movie_keyword mk  (cost=0.00..81003.12 rows=246 width=4) (actual time=13.881..3264.021 rows=697 loops=1)
        Filter: (keyword_id = 890)
        Rows Removed by Filter: 4523233
  ->  Index Scan using title_pkey on title t  (cost=0.43..8.40 rows=1 width=4) (actual time=0.264..0.264 rows=1 loops=697)
        Index Cond: (id = mk.movie_id)
        Filter: ((kind_id < 7) AND (production_year > 1976))
        Rows Removed by Filter: 0
Planning time: 0.726 ms
Execution time: 3449.505 ms
