Hash Join  (cost=438863.84..1417702.49 rows=163933 width=0) (actual time=8472.015..29604.407 rows=2873823 loops=1)
  Hash Cond: (ci.movie_id = t.id)
  ->  Seq Scan on cast_info ci  (cost=0.00..614943.12 rows=36225612 width=4) (actual time=0.013..9575.749 rows=36244344 loops=1)
  ->  Hash  (cost=438720.80..438720.80 rows=11443 width=8) (actual time=8471.755..8471.755 rows=60414 loops=1)
        Buckets: 65536 (originally 16384)  Batches: 1 (originally 1)  Memory Usage: 2872kB
        ->  Hash Join  (cost=73950.44..438720.80 rows=11443 width=8) (actual time=1214.108..8445.130 rows=60414 loops=1)
              Hash Cond: (mi.movie_id = t.id)
              ->  Seq Scan on movie_info mi  (cost=0.00..309384.22 rows=14739122 width=4) (actual time=0.015..4247.396 rows=14835720 loops=1)
              ->  Hash  (cost=73925.90..73925.90 rows=1963 width=4) (actual time=1214.036..1214.036 rows=4643 loops=1)
                    Buckets: 8192 (originally 2048)  Batches: 1 (originally 1)  Memory Usage: 228kB
                    ->  Seq Scan on title t  (cost=0.00..73925.90 rows=1963 width=4) (actual time=47.082..1211.739 rows=4643 loops=1)
                          Filter: ((kind_id = 1) AND (production_year = 1986))
                          Rows Removed by Filter: 2523669
Planning time: 1.184 ms
Execution time: 29972.080 ms
