Seq Scan on title t  (cost=0.00..67604.59 rows=341351 width=0) (actual time=0.026..1100.123 rows=337846 loops=1)
  Filter: (production_year < 1968)
  Rows Removed by Filter: 2190466
Planning time: 0.345 ms
Execution time: 1142.181 ms
