Nested Loop  (cost=0.43..83072.29 rows=1 width=0) (actual time=325.354..1229.772 rows=3 loops=1)
  ->  Seq Scan on movie_keyword mk  (cost=0.00..81003.12 rows=246 width=4) (actual time=1.635..1205.516 rows=539 loops=1)
        Filter: (keyword_id = 248)
        Rows Removed by Filter: 4523391
  ->  Index Scan using title_pkey on title t  (cost=0.43..8.40 rows=1 width=4) (actual time=0.044..0.044 rows=0 loops=539)
        Index Cond: (id = mk.movie_id)
        Filter: (production_year = 1970)
        Rows Removed by Filter: 1
Planning time: 0.516 ms
Execution time: 1229.861 ms
