Hash Join  (cost=82871.49..152565.31 rows=151473 width=0) (actual time=6507.540..9454.458 rows=396538 loops=1)
  Hash Cond: (mc.movie_id = t.id)
  ->  Seq Scan on movie_companies mc  (cost=0.00..57926.93 rows=702440 width=4) (actual time=293.525..2896.997 rows=967531 loops=1)
        Filter: ((company_id < 12539) AND (company_type_id = 1))
        Rows Removed by Filter: 1641598
  ->  Hash  (cost=73925.90..73925.90 rows=545247 width=4) (actual time=5253.953..5253.953 rows=557319 loops=1)
        Buckets: 131072  Batches: 8  Memory Usage: 3485kB
        ->  Seq Scan on title t  (cost=0.00..73925.90 rows=545247 width=4) (actual time=1330.307..4395.987 rows=557319 loops=1)
              Filter: ((production_year < 2011) AND (kind_id = 1))
              Rows Removed by Filter: 1970993
Planning time: 7.851 ms
Execution time: 9506.279 ms
