Seq Scan on cast_info ci  (cost=0.00..705507.15 rows=21245322 width=0) (actual time=0.021..37987.201 rows=21093134 loops=1)
  Filter: (person_id < 2129657)
  Rows Removed by Filter: 15151210
Planning time: 0.220 ms
Execution time: 41789.633 ms
