Seq Scan on movie_keyword mk  (cost=0.00..81003.12 rows=495622 width=0) (actual time=0.030..4714.302 rows=489542 loops=1)
  Filter: (keyword_id > 36737)
  Rows Removed by Filter: 4034388
Planning time: 0.307 ms
Execution time: 4794.068 ms
