Seq Scan on movie_companies mc  (cost=0.00..51404.11 rows=1421436 width=0) (actual time=0.025..2831.155 rows=1426491 loops=1)
  Filter: (company_id > 10262)
  Rows Removed by Filter: 1182638
Planning time: 0.280 ms
Execution time: 3072.075 ms
