Hash Join  (cost=233111.07..687294.47 rows=2426681 width=0) (actual time=14215.928..37027.042 rows=1734028 loops=1)
  Hash Cond: (mi.movie_id = t.id)
  ->  Seq Scan on movie_info mi  (cost=0.00..346232.03 rows=6231111 width=4) (actual time=2770.623..21109.063 rows=6223494 loops=1)
        Filter: (info_type_id > 8)
        Rows Removed by Filter: 8612226
  ->  Hash  (cost=216955.01..216955.01 rows=984725 width=8) (actual time=11444.102..11444.102 rows=247643 loops=1)
        Buckets: 131072  Batches: 16  Memory Usage: 1652kB
        ->  Hash Join  (cost=82955.72..216955.01 rows=984725 width=8) (actual time=4965.579..11344.937 rows=247643 loops=1)
              Hash Cond: (mk.movie_id = t.id)
              ->  Seq Scan on movie_keyword mk  (cost=0.00..69693.30 rows=4523930 width=4) (actual time=0.034..4369.976 rows=4523930 loops=1)
              ->  Hash  (cost=73925.90..73925.90 rows=550385 width=4) (actual time=4272.117..4272.117 rows=602403 loops=1)
                    Buckets: 131072  Batches: 8  Memory Usage: 3678kB
                    ->  Seq Scan on title t  (cost=0.00..73925.90 rows=550385 width=4) (actual time=204.686..4038.126 rows=602403 loops=1)
                          Filter: ((production_year > 2006) AND (kind_id = 7))
                          Rows Removed by Filter: 1925909
Planning time: 1.084 ms
Execution time: 37271.895 ms
