Hash Join  (cost=90745.35..235094.03 rows=1834164 width=0) (actual time=5127.609..13252.931 rows=492123 loops=1)
  Hash Cond: (mk.movie_id = t.id)
  ->  Seq Scan on movie_keyword mk  (cost=0.00..69693.30 rows=4523930 width=4) (actual time=0.011..4834.365 rows=4523930 loops=1)
  ->  Hash  (cost=73925.90..73925.90 rows=1025156 width=4) (actual time=5118.253..5118.253 rows=970290 loops=1)
        Buckets: 131072  Batches: 16  Memory Usage: 3164kB
        ->  Seq Scan on title t  (cost=0.00..73925.90 rows=1025156 width=4) (actual time=2.033..4701.983 rows=970290 loops=1)
              Filter: ((kind_id > 4) AND (production_year < 2008))
              Rows Removed by Filter: 1558022
Planning time: 1.311 ms
Execution time: 13321.406 ms
