Hash Join  (cost=75292.52..143585.98 rows=45855 width=0) (actual time=3517.926..7039.033 rows=23670 loops=1)
  Hash Cond: (mc.movie_id = t.id)
  ->  Seq Scan on movie_companies mc  (cost=0.00..51404.11 rows=1392746 width=4) (actual time=76.853..2861.100 rows=1404912 loops=1)
        Filter: (company_id > 11066)
        Rows Removed by Filter: 1204217
  ->  Hash  (cost=73925.90..73925.90 rows=83249 width=4) (actual time=3440.184..3440.184 rows=101793 loops=1)
        Buckets: 131072  Batches: 2  Memory Usage: 2803kB
        ->  Seq Scan on title t  (cost=0.00..73925.90 rows=83249 width=4) (actual time=0.027..3400.428 rows=101793 loops=1)
              Filter: ((kind_id > 1) AND (production_year = 2007))
              Rows Removed by Filter: 2426519
Planning time: 0.762 ms
Execution time: 7043.291 ms
