Hash Join  (cost=83074.74..109986.57 rows=134 width=0) (actual time=1304.840..1836.100 rows=54 loops=1)
  Hash Cond: (mi_idx.movie_id = t.id)
  ->  Seq Scan on movie_info_idx mi_idx  (cost=0.00..21735.35 rows=1380035 width=4) (actual time=0.016..296.731 rows=1380035 loops=1)
  ->  Hash  (cost=83071.67..83071.67 rows=246 width=8) (actual time=1291.070..1291.070 rows=25 loops=1)
        Buckets: 1024  Batches: 1  Memory Usage: 9kB
        ->  Nested Loop  (cost=0.43..83071.67 rows=246 width=8) (actual time=34.875..1291.029 rows=25 loops=1)
              ->  Seq Scan on movie_keyword mk  (cost=0.00..81003.12 rows=246 width=4) (actual time=34.790..1289.783 rows=25 loops=1)
                    Filter: (keyword_id = 12460)
                    Rows Removed by Filter: 4523905
              ->  Index Only Scan using title_pkey on title t  (cost=0.43..8.40 rows=1 width=4) (actual time=0.043..0.044 rows=1 loops=25)
                    Index Cond: (id = mk.movie_id)
                    Heap Fetches: 25
Planning time: 1.153 ms
Execution time: 1836.216 ms
