Nested Loop  (cost=0.43..83071.67 rows=246 width=0) (actual time=0.131..4721.586 rows=3432 loops=1)
  ->  Seq Scan on movie_keyword mk  (cost=0.00..81003.12 rows=246 width=4) (actual time=0.068..4085.483 rows=3432 loops=1)
        Filter: (keyword_id = 3219)
        Rows Removed by Filter: 4520498
  ->  Index Only Scan using title_pkey on title t  (cost=0.43..8.40 rows=1 width=4) (actual time=0.179..0.181 rows=1 loops=3432)
        Index Cond: (id = mk.movie_id)
        Heap Fetches: 3432
Planning time: 0.799 ms
Execution time: 4723.186 ms
