Hash Join  (cost=797488.55..853562.61 rows=4 width=0) (actual time=41409.177..44353.682 rows=3 loops=1)
  Hash Cond: (mc.movie_id = t.id)
  ->  Seq Scan on movie_companies mc  (cost=0.00..51404.11 rows=1245311 width=4) (actual time=0.011..3056.607 rows=1235854 loops=1)
        Filter: (company_id < 11146)
        Rows Removed by Filter: 1373275
  ->  Hash  (cost=797488.46..797488.46 rows=7 width=8) (actual time=41068.252..41068.252 rows=1 loops=1)
        Buckets: 1024  Batches: 1  Memory Usage: 9kB
        ->  Nested Loop  (cost=0.43..797488.46 rows=7 width=8) (actual time=19275.730..41068.211 rows=1 loops=1)
              ->  Seq Scan on cast_info ci  (cost=0.00..796071.18 rows=168 width=4) (actual time=9135.987..41059.069 rows=40 loops=1)
                    Filter: ((role_id > 3) AND (person_id = 881775))
                    Rows Removed by Filter: 36244304
              ->  Index Scan using title_pkey on title t  (cost=0.43..8.43 rows=1 width=4) (actual time=0.226..0.226 rows=0 loops=40)
                    Index Cond: (id = ci.movie_id)
                    Filter: (production_year = 2006)
                    Rows Removed by Filter: 1
Planning time: 1.165 ms
Execution time: 44353.809 ms
