Hash Join  (cost=194639.79..338237.21 rows=1772539 width=0) (actual time=11500.791..28530.511 rows=33274720 loops=1)
  Hash Cond: (mk.movie_id = t.id)
  ->  Seq Scan on movie_keyword mk  (cost=0.00..69693.30 rows=4523930 width=4) (actual time=0.021..4643.063 rows=4523930 loops=1)
  ->  Hash  (cost=178385.89..178385.89 rows=990712 width=8) (actual time=11499.524..11499.524 rows=1880201 loops=1)
        Buckets: 131072 (originally 131072)  Batches: 32 (originally 16)  Memory Usage: 3387kB
        ->  Hash Join  (cost=89678.24..178385.89 rows=990712 width=8) (actual time=4443.252..10821.923 rows=1880201 loops=1)
              Hash Cond: (mc.movie_id = t.id)
              ->  Seq Scan on movie_companies mc  (cost=0.00..44881.29 rows=2609129 width=4) (actual time=0.012..3129.254 rows=2609129 loops=1)
              ->  Hash  (cost=73925.90..73925.90 rows=960107 width=4) (actual time=4442.212..4442.212 rows=977778 loops=1)
                    Buckets: 131072  Batches: 16  Memory Usage: 3172kB
                    ->  Seq Scan on title t  (cost=0.00..73925.90 rows=960107 width=4) (actual time=0.019..3998.860 rows=977778 loops=1)
                          Filter: ((kind_id < 7) AND (production_year > 0))
                          Rows Removed by Filter: 1550534
Planning time: 1.022 ms
Execution time: 33005.079 ms
