Seq Scan on movie_keyword mk  (cost=0.00..81003.12 rows=4409377 width=0) (actual time=0.024..3777.657 rows=4410302 loops=1)
  Filter: (keyword_id < 79414)
  Rows Removed by Filter: 113628
Planning time: 0.294 ms
Execution time: 4490.476 ms
