Seq Scan on movie_keyword mk  (cost=0.00..81003.12 rows=3919747 width=0) (actual time=0.013..5104.572 rows=3917184 loops=1)
  Filter: (keyword_id > 459)
  Rows Removed by Filter: 606746
Planning time: 4.848 ms
Execution time: 5829.416 ms
