Nested Loop  (cost=0.43..65685.63 rows=36 width=0) (actual time=862.148..2448.038 rows=55 loops=1)
  ->  Seq Scan on movie_companies mc  (cost=0.00..57926.93 rows=945 width=4) (actual time=861.632..2305.761 rows=743 loops=1)
        Filter: ((company_id < 6) AND (company_type_id > 1))
        Rows Removed by Filter: 2608386
  ->  Index Scan using title_pkey on title t  (cost=0.43..8.20 rows=1 width=4) (actual time=0.188..0.188 rows=0 loops=743)
        Index Cond: (id = mc.movie_id)
        Filter: (production_year = 2005)
        Rows Removed by Filter: 1
Planning time: 0.751 ms
Execution time: 2448.179 ms
