Seq Scan on movie_keyword mk  (cost=0.00..81003.12 rows=3495133 width=0) (actual time=0.025..5302.179 rows=3490288 loops=1)
  Filter: (keyword_id < 17204)
  Rows Removed by Filter: 1033642
Planning time: 0.373 ms
Execution time: 5965.157 ms
