Hash Join  (cost=275113.47..898545.20 rows=11733790 width=0) (actual time=14615.495..78359.628 rows=110456299 loops=1)
  Hash Cond: (mi.movie_id = t.id)
  ->  Seq Scan on movie_info mi  (cost=0.00..309384.22 rows=14739122 width=4) (actual time=0.027..22712.609 rows=14835720 loops=1)
  ->  Hash  (cost=242087.52..242087.52 rows=2012956 width=8) (actual time=14614.091..14614.091 rows=2018342 loops=1)
        Buckets: 131072  Batches: 32  Memory Usage: 3555kB
        ->  Hash Join  (cost=102767.86..242087.52 rows=2012956 width=8) (actual time=5857.236..13873.646 rows=2018342 loops=1)
              Hash Cond: (mk.movie_id = t.id)
              ->  Seq Scan on movie_keyword mk  (cost=0.00..81003.12 rows=2012956 width=4) (actual time=0.025..5114.768 rows=2018342 loops=1)
                    Filter: (keyword_id > 6141)
                    Rows Removed by Filter: 2505588
              ->  Hash  (cost=61283.27..61283.27 rows=2528527 width=4) (actual time=5855.962..5855.962 rows=2528312 loops=1)
                    Buckets: 131072  Batches: 64  Memory Usage: 2425kB
                    ->  Seq Scan on title t  (cost=0.00..61283.27 rows=2528527 width=4) (actual time=0.010..4456.352 rows=2528312 loops=1)
Planning time: 1.077 ms
Execution time: 93693.543 ms
