Seq Scan on cast_info ci  (cost=0.00..705507.15 rows=23823410 width=0) (actual time=0.023..13027.207 rows=23743570 loops=1)
  Filter: (person_id < 2433051)
  Rows Removed by Filter: 12500774
Planning time: 0.337 ms
Execution time: 16031.009 ms
