Seq Scan on movie_companies mc  (cost=0.00..51404.11 rows=104 width=0) (actual time=55.904..2297.965 rows=24 loops=1)
  Filter: (company_id = 16111)
  Rows Removed by Filter: 2609105
Planning time: 0.502 ms
Execution time: 2298.075 ms
