Seq Scan on movie_companies mc  (cost=0.00..57926.93 rows=1241135 width=0) (actual time=0.022..3004.834 rows=1209113 loops=1)
  Filter: ((company_id > 12) AND (company_type_id = 1))
  Rows Removed by Filter: 1400016
Planning time: 0.324 ms
Execution time: 3219.820 ms
