Seq Scan on movie_keyword mk  (cost=0.00..81003.12 rows=2651540 width=0) (actual time=0.016..4501.038 rows=2644238 loops=1)
  Filter: (keyword_id > 3213)
  Rows Removed by Filter: 1879692
Planning time: 0.323 ms
Execution time: 5079.756 ms
