Seq Scan on movie_keyword mk  (cost=0.00..81003.12 rows=297400 width=0) (actual time=119.811..1307.109 rows=293818 loops=1)
  Filter: (keyword_id > 54813)
  Rows Removed by Filter: 4230112
Planning time: 0.366 ms
Execution time: 1350.874 ms
