Hash Join  (cost=160737.19..957552.93 rows=74463 width=0) (actual time=8009.300..53419.141 rows=863356 loops=1)
  Hash Cond: (ci.movie_id = t.id)
  ->  Seq Scan on cast_info ci  (cost=0.00..614943.12 rows=36225612 width=4) (actual time=0.017..33276.861 rows=36244344 loops=1)
  ->  Hash  (cost=160672.23..160672.23 rows=5197 width=8) (actual time=8009.166..8009.166 rows=25757 loops=1)
        Buckets: 32768 (originally 8192)  Batches: 1 (originally 1)  Memory Usage: 1263kB
        ->  Hash Join  (cost=73962.22..160672.23 rows=5197 width=8) (actual time=3290.386..7999.557 rows=25757 loops=1)
              Hash Cond: (mk.movie_id = t.id)
              ->  Seq Scan on movie_keyword mk  (cost=0.00..69693.30 rows=4523930 width=4) (actual time=0.030..3542.516 rows=4523930 loops=1)
              ->  Hash  (cost=73925.90..73925.90 rows=2905 width=4) (actual time=3290.284..3290.284 rows=6232 loops=1)
                    Buckets: 8192 (originally 4096)  Batches: 1 (originally 1)  Memory Usage: 284kB
                    ->  Seq Scan on title t  (cost=0.00..73925.90 rows=2905 width=4) (actual time=6.894..3286.948 rows=6232 loops=1)
                          Filter: ((kind_id < 7) AND (production_year = 1970))
                          Rows Removed by Filter: 2522080
Planning time: 1.169 ms
Execution time: 53596.724 ms
