Seq Scan on movie_keyword mk  (cost=0.00..81003.12 rows=1391368 width=0) (actual time=0.027..4293.882 rows=1406536 loops=1)
  Filter: (keyword_id < 1915)
  Rows Removed by Filter: 3117394
Planning time: 0.276 ms
Execution time: 4524.682 ms
