Hash Join  (cost=110878.98..219100.30 rows=78290 width=0) (actual time=4699.408..10693.013 rows=137394 loops=1)
  Hash Cond: (mk.movie_id = t.id)
  ->  Seq Scan on movie_keyword mk  (cost=0.00..81003.12 rows=2256610 width=4) (actual time=0.024..4997.485 rows=2260589 loops=1)
        Filter: (keyword_id < 4691)
        Rows Removed by Filter: 2263341
  ->  Hash  (cost=109439.43..109439.43 rows=87724 width=8) (actual time=4681.018..4681.018 rows=62055 loops=1)
        Buckets: 131072  Batches: 2  Memory Usage: 2236kB
        ->  Hash Join  (cost=70241.71..109439.43 rows=87724 width=8) (actual time=2777.988..4653.880 rows=62055 loops=1)
              Hash Cond: (mi_idx.movie_id = t.id)
              ->  Seq Scan on movie_info_idx mi_idx  (cost=0.00..21735.35 rows=1380035 width=4) (actual time=0.028..1153.462 rows=1380035 loops=1)
              ->  Hash  (cost=67604.59..67604.59 rows=160730 width=4) (actual time=2777.164..2777.164 rows=160017 loops=1)
                    Buckets: 131072  Batches: 4  Memory Usage: 2436kB
                    ->  Seq Scan on title t  (cost=0.00..67604.59 rows=160730 width=4) (actual time=0.022..2717.666 rows=160017 loops=1)
                          Filter: (production_year = 2011)
                          Rows Removed by Filter: 2368295
Planning time: 1.159 ms
Execution time: 10712.284 ms
