Hash Join  (cost=83074.74..137742.81 rows=254 width=0) (actual time=3727.118..6568.158 rows=2318 loops=1)
  Hash Cond: (mc.movie_id = t.id)
  ->  Seq Scan on movie_companies mc  (cost=0.00..44881.29 rows=2609129 width=4) (actual time=0.023..2237.935 rows=2609129 loops=1)
  ->  Hash  (cost=83071.67..83071.67 rows=246 width=8) (actual time=3697.361..3697.361 rows=169 loops=1)
        Buckets: 1024  Batches: 1  Memory Usage: 15kB
        ->  Nested Loop  (cost=0.43..83071.67 rows=246 width=8) (actual time=2.467..3697.055 rows=169 loops=1)
              ->  Seq Scan on movie_keyword mk  (cost=0.00..81003.12 rows=246 width=4) (actual time=2.410..3662.670 rows=169 loops=1)
                    Filter: (keyword_id = 7272)
                    Rows Removed by Filter: 4523761
              ->  Index Only Scan using title_pkey on title t  (cost=0.43..8.40 rows=1 width=4) (actual time=0.197..0.198 rows=1 loops=169)
                    Index Cond: (id = mk.movie_id)
                    Heap Fetches: 169
Planning time: 26.594 ms
Execution time: 6572.335 ms
