Seq Scan on title t  (cost=0.00..73925.90 rows=1714101 width=0) (actual time=0.023..4119.193 rows=1799876 loops=1)
  Filter: ((kind_id > 1) AND (production_year > 1936))
  Rows Removed by Filter: 728436
Planning time: 0.338 ms
Execution time: 4437.292 ms
