Hash Join  (cost=92883.59..1139132.14 rows=10788454 width=0) (actual time=4311.249..62386.954 rows=10820901 loops=1)
  Hash Cond: (ci.movie_id = t.id)
  ->  Seq Scan on cast_info ci  (cost=0.00..705507.15 rows=17704373 width=4) (actual time=0.021..42236.204 rows=17818324 loops=1)
        Filter: (person_id > 1831812)
        Rows Removed by Filter: 18426020
  ->  Hash  (cost=67604.59..67604.59 rows=1540800 width=4) (actual time=4310.461..4310.461 rows=1543264 loops=1)
        Buckets: 131072  Batches: 32  Memory Usage: 2722kB
        ->  Seq Scan on title t  (cost=0.00..67604.59 rows=1540800 width=4) (actual time=0.009..3676.550 rows=1543264 loops=1)
              Filter: (kind_id = 7)
              Rows Removed by Filter: 985048
Planning time: 0.793 ms
Execution time: 63881.270 ms
