Hash Join  (cost=156632.57..235787.28 rows=355589 width=0) (actual time=3408.222..5706.377 rows=1002714 loops=1)
  Hash Cond: (mc.movie_id = t.id)
  ->  Seq Scan on movie_companies mc  (cost=0.00..51404.11 rows=1935388 width=4) (actual time=0.023..1129.809 rows=1942203 loops=1)
        Filter: (company_id > 1025)
        Rows Removed by Filter: 666926
  ->  Hash  (cost=149010.49..149010.49 rows=464566 width=8) (actual time=3407.383..3407.383 rows=459925 loops=1)
        Buckets: 131072  Batches: 8  Memory Usage: 3275kB
        ->  Hash Join  (cost=102767.86..149010.49 rows=464566 width=8) (actual time=2001.765..3274.191 rows=459925 loops=1)
              Hash Cond: (mi_idx.movie_id = t.id)
              ->  Seq Scan on movie_info_idx mi_idx  (cost=0.00..25185.44 rows=464566 width=4) (actual time=0.030..474.837 rows=459925 loops=1)
                    Filter: (info_type_id = 101)
                    Rows Removed by Filter: 920110
              ->  Hash  (cost=61283.27..61283.27 rows=2528527 width=4) (actual time=2000.866..2000.866 rows=2528312 loops=1)
                    Buckets: 131072  Batches: 64  Memory Usage: 2415kB
                    ->  Seq Scan on title t  (cost=0.00..61283.27 rows=2528527 width=4) (actual time=0.013..1132.821 rows=2528312 loops=1)
Planning time: 1.760 ms
Execution time: 5810.977 ms
