Hash Join  (cost=102767.86..300918.75 rows=4457955 width=0) (actual time=6015.169..17087.054 rows=4456145 loops=1)
  Hash Cond: (mk.movie_id = t.id)
  ->  Seq Scan on movie_keyword mk  (cost=0.00..81003.12 rows=4457955 width=4) (actual time=0.017..6009.033 rows=4456145 loops=1)
        Filter: (keyword_id > 57)
        Rows Removed by Filter: 67785
  ->  Hash  (cost=61283.27..61283.27 rows=2528527 width=4) (actual time=6011.475..6011.475 rows=2528312 loops=1)
        Buckets: 131072  Batches: 64  Memory Usage: 2425kB
        ->  Seq Scan on title t  (cost=0.00..61283.27 rows=2528527 width=4) (actual time=0.021..4413.842 rows=2528312 loops=1)
Planning time: 0.757 ms
Execution time: 17710.595 ms
