Seq Scan on movie_keyword mk  (cost=0.00..81003.12 rows=246 width=0) (actual time=256.961..3776.729 rows=18 loops=1)
  Filter: (keyword_id = 39084)
  Rows Removed by Filter: 4523912
Planning time: 0.368 ms
Execution time: 3776.856 ms
