Seq Scan on movie_keyword mk  (cost=0.00..81003.12 rows=3518500 width=0) (actual time=0.025..4712.543 rows=3514847 loops=1)
  Filter: (keyword_id > 975)
  Rows Removed by Filter: 1009083
Planning time: 14.331 ms
Execution time: 5395.077 ms
