Seq Scan on movie_keyword mk  (cost=0.00..81003.12 rows=2158530 width=0) (actual time=0.026..4715.908 rows=2162652 loops=1)
  Filter: (keyword_id < 4147)
  Rows Removed by Filter: 2361278
Planning time: 15.370 ms
Execution time: 5105.975 ms
