Seq Scan on movie_companies mc  (cost=0.00..57926.93 rows=919709 width=0) (actual time=936.591..3254.917 rows=1102754 loops=1)
  Filter: ((company_id > 1741) AND (company_type_id = 2))
  Rows Removed by Filter: 1506375
Planning time: 11.411 ms
Execution time: 3484.402 ms
