Seq Scan on movie_companies mc  (cost=0.00..51404.11 rows=104 width=0) (actual time=2.566..2285.620 rows=129 loops=1)
  Filter: (company_id = 407)
  Rows Removed by Filter: 2609000
Planning time: 0.438 ms
Execution time: 2285.788 ms
