Seq Scan on movie_keyword mk  (cost=0.00..81003.12 rows=586478 width=0) (actual time=0.033..3297.625 rows=590840 loops=1)
  Filter: (keyword_id < 430)
  Rows Removed by Filter: 3933090
Planning time: 0.327 ms
Execution time: 3379.715 ms
