Hash Join  (cost=88835.59..457777.47 rows=454338 width=0) (actual time=7455.162..19656.388 rows=798375 loops=1)
  Hash Cond: (mi.movie_id = t.id)
  ->  Seq Scan on movie_info mi  (cost=0.00..346232.03 rows=1264125 width=4) (actual time=3820.933..14682.300 rows=1288928 loops=1)
        Filter: (info_type_id = 2)
        Rows Removed by Filter: 13546792
  ->  Hash  (cost=73925.90..73925.90 rows=908775 width=4) (actual time=3633.343..3633.343 rows=841882 loops=1)
        Buckets: 131072  Batches: 16  Memory Usage: 2885kB
        ->  Seq Scan on title t  (cost=0.00..73925.90 rows=908775 width=4) (actual time=0.026..3227.045 rows=841882 loops=1)
              Filter: ((kind_id < 7) AND (production_year > 1937))
              Rows Removed by Filter: 1686430
Planning time: 0.734 ms
Execution time: 19758.322 ms
