Hash Join  (cost=442094.73..1201097.42 rows=288063 width=0) (actual time=26872.823..64236.852 rows=5966027 loops=1)
  Hash Cond: (ci.movie_id = t.id)
  ->  Seq Scan on cast_info ci  (cost=0.00..705507.15 rows=4320508 width=4) (actual time=6375.026..38592.272 rows=4323018 loops=1)
        Filter: (role_id = 10)
        Rows Removed by Filter: 31921326
  ->  Hash  (cost=439328.40..439328.40 rows=168586 width=8) (actual time=20496.706..20496.706 rows=197421 loops=1)
        Buckets: 131072  Batches: 4  Memory Usage: 2903kB
        ->  Hash Join  (cost=82423.69..439328.40 rows=168586 width=8) (actual time=17609.106..20421.225 rows=197421 loops=1)
              Hash Cond: (mi.movie_id = t.id)
              ->  Seq Scan on movie_info mi  (cost=0.00..346232.03 rows=471955 width=4) (actual time=12620.060..15361.056 rows=543367 loops=1)
                    Filter: (info_type_id > 98)
                    Rows Removed by Filter: 14292353
              ->  Hash  (cost=67604.59..67604.59 rows=903208 width=4) (actual time=4498.749..4498.749 rows=904491 loops=1)
                    Buckets: 131072  Batches: 16  Memory Usage: 3017kB
                    ->  Seq Scan on title t  (cost=0.00..67604.59 rows=903208 width=4) (actual time=0.027..4120.772 rows=904491 loops=1)
                          Filter: (production_year > 2006)
                          Rows Removed by Filter: 1623821
Planning time: 1.206 ms
Execution time: 65104.633 ms
