Seq Scan on movie_keyword mk  (cost=0.00..81003.12 rows=6183 width=0) (actual time=0.029..1317.389 rows=5871 loops=1)
  Filter: (keyword_id = 2860)
  Rows Removed by Filter: 4518059
Planning time: 4.441 ms
Execution time: 1318.840 ms
