Seq Scan on cast_info ci  (cost=0.00..705507.15 rows=8262210 width=0) (actual time=0.020..35983.567 rows=8151406 loops=1)
  Filter: (person_id < 796810)
  Rows Removed by Filter: 28092938
Planning time: 0.340 ms
Execution time: 37501.766 ms
