Seq Scan on movie_keyword mk  (cost=0.00..81003.12 rows=3121301 width=0) (actual time=0.023..4819.730 rows=3102738 loops=1)
  Filter: (keyword_id > 1951)
  Rows Removed by Filter: 1421192
Planning time: 0.272 ms
Execution time: 5369.378 ms
