Hash Join  (cost=290155.66..890058.04 rows=10217654 width=0) (actual time=15280.022..48080.496 rows=5256042 loops=1)
  Hash Cond: (mi.movie_id = t.id)
  ->  Seq Scan on movie_info mi  (cost=0.00..346232.03 rows=11115165 width=4) (actual time=658.173..23665.552 rows=11210743 loops=1)
        Filter: (info_type_id > 3)
        Rows Removed by Filter: 3624977
  ->  Hash  (cost=252021.19..252021.19 rows=2324357 width=8) (actual time=14619.735..14619.735 rows=565396 loops=1)
        Buckets: 131072  Batches: 32  Memory Usage: 1709kB
        ->  Hash Join  (cost=92883.59..252021.19 rows=2324357 width=8) (actual time=5031.090..13954.194 rows=565396 loops=1)
              Hash Cond: (mk.movie_id = t.id)
              ->  Seq Scan on movie_keyword mk  (cost=0.00..81003.12 rows=3814382 width=4) (actual time=0.033..5892.831 rows=3813541 loops=1)
                    Filter: (keyword_id > 606)
                    Rows Removed by Filter: 710389
              ->  Hash  (cost=67604.59..67604.59 rows=1540800 width=4) (actual time=5029.818..5029.818 rows=1543264 loops=1)
                    Buckets: 131072  Batches: 32  Memory Usage: 2728kB
                    ->  Seq Scan on title t  (cost=0.00..67604.59 rows=1540800 width=4) (actual time=61.845..4298.862 rows=1543264 loops=1)
                          Filter: (kind_id = 7)
                          Rows Removed by Filter: 985048
Planning time: 1.122 ms
Execution time: 48790.509 ms
