Hash Join  (cost=85692.35..170944.05 rows=740017 width=0) (actual time=4148.751..10211.242 rows=1150139 loops=1)
  Hash Cond: (mc.movie_id = t.id)
  ->  Seq Scan on movie_companies mc  (cost=0.00..44881.29 rows=2609129 width=4) (actual time=0.013..3766.167 rows=2609129 loops=1)
  ->  Hash  (cost=73925.90..73925.90 rows=717156 width=4) (actual time=4147.552..4147.552 rows=620281 loops=1)
        Buckets: 131072  Batches: 16  Memory Usage: 2386kB
        ->  Seq Scan on title t  (cost=0.00..73925.90 rows=717156 width=4) (actual time=0.026..3905.996 rows=620281 loops=1)
              Filter: ((kind_id < 7) AND (production_year > 1986))
              Rows Removed by Filter: 1908031
Planning time: 0.772 ms
Execution time: 10396.608 ms
