Hash Join  (cost=130602.32..489045.01 rows=70494 width=0) (actual time=22132.432..29497.954 rows=538940 loops=1)
  Hash Cond: (mi.movie_id = t.id)
  ->  Seq Scan on movie_info mi  (cost=0.00..346232.03 rows=3068194 width=4) (actual time=12083.231..17414.549 rows=3036719 loops=1)
        Filter: (info_type_id = 16)
        Rows Removed by Filter: 11799001
  ->  Hash  (cost=129876.13..129876.13 rows=58095 width=8) (actual time=9520.701..9520.701 rows=299495 loops=1)
        Buckets: 131072 (originally 65536)  Batches: 2 (originally 1)  Memory Usage: 6877kB
        ->  Hash Join  (cost=74629.65..129876.13 rows=58095 width=8) (actual time=4255.297..9369.662 rows=299495 loops=1)
              Hash Cond: (mc.movie_id = t.id)
              ->  Seq Scan on movie_companies mc  (cost=0.00..44881.29 rows=2609129 width=4) (actual time=0.032..3180.373 rows=2609129 loops=1)
              ->  Hash  (cost=73925.90..73925.90 rows=56300 width=4) (actual time=4224.185..4224.185 rows=145502 loops=1)
                    Buckets: 131072 (originally 65536)  Batches: 2 (originally 1)  Memory Usage: 3579kB
                    ->  Seq Scan on title t  (cost=0.00..73925.90 rows=56300 width=4) (actual time=0.029..3751.379 rows=145502 loops=1)
                          Filter: ((kind_id < 7) AND (production_year < 1942))
                          Rows Removed by Filter: 2382810
Planning time: 1.073 ms
Execution time: 29594.982 ms
