Seq Scan on cast_info ci  (cost=0.00..705507.15 rows=34383110 width=0) (actual time=0.020..42334.780 rows=34472676 loops=1)
  Filter: (person_id > 176086)
  Rows Removed by Filter: 1771668
Planning time: 0.293 ms
Execution time: 48454.577 ms
