Seq Scan on movie_keyword mk  (cost=0.00..81003.12 rows=2741593 width=0) (actual time=0.030..4113.870 rows=2732361 loops=1)
  Filter: (keyword_id > 2893)
  Rows Removed by Filter: 1791569
Planning time: 0.272 ms
Execution time: 4543.427 ms
