Hash Join  (cost=106332.13..193242.46 rows=25229 width=0) (actual time=4294.445..8559.166 rows=20045 loops=1)
  Hash Cond: (mk.movie_id = t.id)
  ->  Seq Scan on movie_keyword mk  (cost=0.00..69693.30 rows=4523930 width=4) (actual time=0.016..3096.110 rows=4523930 loops=1)
  ->  Hash  (cost=106155.87..106155.87 rows=14101 width=8) (actual time=4289.457..4289.457 rows=6329 loops=1)
        Buckets: 16384  Batches: 1  Memory Usage: 376kB
        ->  Hash Join  (cost=75195.76..106155.87 rows=14101 width=8) (actual time=2772.988..4286.568 rows=6329 loops=1)
              Hash Cond: (mi_idx.movie_id = t.id)
              ->  Seq Scan on movie_info_idx mi_idx  (cost=0.00..25185.44 rows=460978 width=4) (actual time=0.014..1251.075 rows=459925 loops=1)
                    Filter: (info_type_id = 99)
                    Rows Removed by Filter: 920110
              ->  Hash  (cost=73925.90..73925.90 rows=77348 width=4) (actual time=2771.928..2771.928 rows=84109 loops=1)
                    Buckets: 131072  Batches: 2  Memory Usage: 2509kB
                    ->  Seq Scan on title t  (cost=0.00..73925.90 rows=77348 width=4) (actual time=0.019..2722.908 rows=84109 loops=1)
                          Filter: ((kind_id = 7) AND (production_year = 2008))
                          Rows Removed by Filter: 2444203
Planning time: 10.197 ms
Execution time: 8562.166 ms
