Nested Loop  (cost=0.43..709674.40 rows=35 width=0) (actual time=9087.514..28191.186 rows=1 loops=1)
  ->  Seq Scan on cast_info ci  (cost=0.00..705507.15 rows=500 width=4) (actual time=9087.278..28150.986 rows=430 loops=1)
        Filter: (person_id = 207742)
        Rows Removed by Filter: 36243914
  ->  Index Scan using title_pkey on title t  (cost=0.43..8.32 rows=1 width=4) (actual time=0.093..0.093 rows=0 loops=430)
        Index Cond: (id = ci.movie_id)
        Filter: ((production_year > 2008) AND (kind_id = 1))
        Rows Removed by Filter: 1
Planning time: 0.772 ms
Execution time: 28191.297 ms
