Hash Join  (cost=69928.56..133874.66 rows=55376 width=0) (actual time=2797.369..5816.141 rows=49546 loops=1)
  Hash Cond: (mc.movie_id = t.id)
  ->  Seq Scan on movie_companies mc  (cost=0.00..51404.11 rows=988859 width=4) (actual time=0.022..2268.357 rows=998348 loops=1)
        Filter: (company_id > 16734)
        Rows Removed by Filter: 1610781
  ->  Hash  (cost=67604.59..67604.59 rows=141598 width=4) (actual time=2796.572..2796.572 rows=141703 loops=1)
        Buckets: 131072  Batches: 2  Memory Usage: 3511kB
        ->  Seq Scan on title t  (cost=0.00..67604.59 rows=141598 width=4) (actual time=0.018..2718.333 rows=141703 loops=1)
              Filter: (production_year = 2010)
              Rows Removed by Filter: 2386609
Planning time: 0.690 ms
Execution time: 5830.155 ms
