Hash Join  (cost=67697.55..821301.72 rows=37430 width=0) (actual time=19541.896..46526.929 rows=84930 loops=1)
  Hash Cond: (ci.movie_id = t.id)
  ->  Seq Scan on cast_info ci  (cost=0.00..705507.15 rows=12726058 width=4) (actual time=16405.199..39214.820 rows=12670688 loops=1)
        Filter: (role_id = 1)
        Rows Removed by Filter: 23573656
  ->  Hash  (cost=67604.59..67604.59 rows=7437 width=4) (actual time=3135.874..3135.874 rows=13623 loops=1)
        Buckets: 16384 (originally 8192)  Batches: 1 (originally 1)  Memory Usage: 607kB
        ->  Seq Scan on title t  (cost=0.00..67604.59 rows=7437 width=4) (actual time=5.532..3128.684 rows=13623 loops=1)
              Filter: (production_year = 1972)
              Rows Removed by Filter: 2514689
Planning time: 0.783 ms
Execution time: 46544.080 ms
