Hash Join  (cost=94072.72..186590.54 rows=1267130 width=0) (actual time=4971.660..11156.807 rows=928706 loops=1)
  Hash Cond: (mc.movie_id = t.id)
  ->  Seq Scan on movie_companies mc  (cost=0.00..44881.29 rows=2609129 width=4) (actual time=0.023..3588.933 rows=2609129 loops=1)
  ->  Hash  (cost=73925.90..73925.90 rows=1227985 width=4) (actual time=4970.599..4970.599 rows=1197374 loops=1)
        Buckets: 131072  Batches: 32  Memory Usage: 2340kB
        ->  Seq Scan on title t  (cost=0.00..73925.90 rows=1227985 width=4) (actual time=0.015..4417.245 rows=1197374 loops=1)
              Filter: ((kind_id > 1) AND (production_year < 2008))
              Rows Removed by Filter: 1330938
Planning time: 0.826 ms
Execution time: 11288.212 ms
