Hash Join  (cost=83072.43..833863.32 rows=177 width=0) (actual time=1291.364..16797.300 rows=6383 loops=1)
  Hash Cond: (ci.movie_id = t.id)
  ->  Seq Scan on cast_info ci  (cost=0.00..614943.12 rows=36225612 width=4) (actual time=0.026..8901.654 rows=36244344 loops=1)
  ->  Hash  (cost=83072.29..83072.29 rows=12 width=8) (actual time=1291.186..1291.186 rows=86 loops=1)
        Buckets: 1024  Batches: 1  Memory Usage: 12kB
        ->  Nested Loop  (cost=0.43..83072.29 rows=12 width=8) (actual time=2.390..1291.032 rows=86 loops=1)
              ->  Seq Scan on movie_keyword mk  (cost=0.00..81003.12 rows=246 width=4) (actual time=0.127..1229.659 rows=1802 loops=1)
                    Filter: (keyword_id = 1045)
                    Rows Removed by Filter: 4522128
              ->  Index Scan using title_pkey on title t  (cost=0.43..8.40 rows=1 width=4) (actual time=0.033..0.033 rows=0 loops=1802)
                    Index Cond: (id = mk.movie_id)
                    Filter: (production_year = 2008)
                    Rows Removed by Filter: 1
Planning time: 1.183 ms
Execution time: 16800.147 ms
