Hash Join  (cost=94574.69..992216.72 rows=2908611 width=0) (actual time=5750.967..52092.061 rows=4055090 loops=1)
  Hash Cond: (ci.movie_id = t.id)
  ->  Seq Scan on cast_info ci  (cost=0.00..796071.18 rows=5843663 width=4) (actual time=0.016..38235.372 rows=9016874 loops=1)
        Filter: ((person_id > 2794847) AND (role_id > 1))
        Rows Removed by Filter: 27227470
  ->  Hash  (cost=73925.90..73925.90 rows=1258543 width=4) (actual time=5749.691..5749.691 rows=1221534 loops=1)
        Buckets: 131072  Batches: 32  Memory Usage: 2363kB
        ->  Seq Scan on title t  (cost=0.00..73925.90 rows=1258543 width=4) (actual time=0.013..4510.111 rows=1221534 loops=1)
              Filter: ((production_year < 2011) AND (kind_id = 7))
              Rows Removed by Filter: 1306778
Planning time: 0.798 ms
Execution time: 52691.775 ms
