Seq Scan on movie_companies mc  (cost=0.00..51404.11 rows=275507 width=0) (actual time=0.027..2532.426 rows=271432 loops=1)
  Filter: (company_id < 145)
  Rows Removed by Filter: 2337697
Planning time: 8.751 ms
Execution time: 2569.804 ms
