Seq Scan on title t  (cost=0.00..67604.59 rows=2457567 width=0) (actual time=0.021..4195.371 rows=2452703 loops=1)
  Filter: (production_year < 2014)
  Rows Removed by Filter: 75609
Planning time: 0.335 ms
Execution time: 4633.390 ms
