Hash Join  (cost=133566.15..230239.13 rows=30528 width=0) (actual time=7523.224..12994.904 rows=889137 loops=1)
  Hash Cond: (mk.movie_id = t.id)
  ->  Seq Scan on movie_keyword mk  (cost=0.00..81003.12 rows=4097221 width=4) (actual time=0.015..4268.168 rows=4102723 loops=1)
        Filter: (keyword_id < 41429)
        Rows Removed by Filter: 421207
  ->  Hash  (cost=133330.65..133330.65 rows=18840 width=8) (actual time=7517.770..7517.770 rows=38301 loops=1)
        Buckets: 65536 (originally 32768)  Batches: 1 (originally 1)  Memory Usage: 2009kB
        ->  Hash Join  (cost=74223.04..133330.65 rows=18840 width=8) (actual time=3283.562..7501.402 rows=38301 loops=1)
              Hash Cond: (mc.movie_id = t.id)
              ->  Seq Scan on movie_companies mc  (cost=0.00..51404.11 rows=2004025 width=4) (actual time=0.026..3559.842 rows=2008969 loops=1)
                    Filter: (company_id > 687)
                    Rows Removed by Filter: 600160
              ->  Hash  (cost=73925.90..73925.90 rows=23771 width=4) (actual time=3283.220..3283.220 rows=20633 loops=1)
                    Buckets: 32768  Batches: 1  Memory Usage: 982kB
                    ->  Seq Scan on title t  (cost=0.00..73925.90 rows=23771 width=4) (actual time=8.981..3269.668 rows=20633 loops=1)
                          Filter: ((kind_id < 7) AND (production_year = 2002))
                          Rows Removed by Filter: 2507679
Planning time: 1.078 ms
Execution time: 13151.507 ms
