Hash Join  (cost=101064.52..852573.61 rows=71985 width=0) (actual time=5059.542..54519.229 rows=324221 loops=1)
  Hash Cond: (ci.movie_id = t.id)
  ->  Seq Scan on cast_info ci  (cost=0.00..614943.12 rows=36225612 width=4) (actual time=0.018..37329.359 rows=36244344 loops=1)
  ->  Hash  (cost=101001.71..101001.71 rows=5025 width=8) (actual time=5054.190..5054.190 rows=10573 loops=1)
        Buckets: 16384 (originally 8192)  Batches: 1 (originally 1)  Memory Usage: 542kB
        ->  Hash Join  (cost=74040.98..101001.71 rows=5025 width=8) (actual time=3439.391..5048.817 rows=10573 loops=1)
              Hash Cond: (mi_idx.movie_id = t.id)
              ->  Seq Scan on movie_info_idx mi_idx  (cost=0.00..21735.35 rows=1380035 width=4) (actual time=0.023..1194.125 rows=1380035 loops=1)
              ->  Hash  (cost=73925.90..73925.90 rows=9206 width=4) (actual time=3438.923..3438.923 rows=7999 loops=1)
                    Buckets: 16384  Batches: 1  Memory Usage: 410kB
                    ->  Seq Scan on title t  (cost=0.00..73925.90 rows=9206 width=4) (actual time=0.244..3434.652 rows=7999 loops=1)
                          Filter: ((kind_id < 4) AND (production_year = 1993))
                          Rows Removed by Filter: 2520313
Planning time: 1.137 ms
Execution time: 54590.635 ms
