Seq Scan on movie_companies mc  (cost=0.00..57926.93 rows=835400 width=0) (actual time=30.915..2332.456 rows=1046731 loops=1)
  Filter: ((company_id > 4155) AND (company_type_id = 2))
  Rows Removed by Filter: 1562398
Planning time: 0.320 ms
Execution time: 2502.323 ms
