Nested Loop  (cost=0.43..65685.63 rows=369 width=0) (actual time=0.373..2382.436 rows=431 loops=1)
  ->  Seq Scan on movie_companies mc  (cost=0.00..57926.93 rows=945 width=4) (actual time=0.324..2293.821 rows=743 loops=1)
        Filter: ((company_id < 6) AND (company_type_id = 2))
        Rows Removed by Filter: 2608386
  ->  Index Scan using title_pkey on title t  (cost=0.43..8.20 rows=1 width=4) (actual time=0.118..0.118 rows=1 loops=743)
        Index Cond: (id = mc.movie_id)
        Filter: (kind_id < 7)
        Rows Removed by Filter: 0
Planning time: 0.790 ms
Execution time: 2382.721 ms
