Seq Scan on title t  (cost=0.00..73925.90 rows=415212 width=0) (actual time=0.013..3262.654 rows=303236 loops=1)
  Filter: ((kind_id < 2) AND (production_year > 1996))
  Rows Removed by Filter: 2225076
Planning time: 0.458 ms
Execution time: 3305.626 ms
