Seq Scan on movie_keyword mk  (cost=0.00..81003.12 rows=246 width=0) (actual time=953.351..3017.963 rows=1 loops=1)
  Filter: (keyword_id = 129529)
  Rows Removed by Filter: 4523929
Planning time: 0.323 ms
Execution time: 3018.048 ms
