Seq Scan on movie_keyword mk  (cost=0.00..81003.12 rows=3679736 width=0) (actual time=0.024..4061.084 rows=3673619 loops=1)
  Filter: (keyword_id < 21600)
  Rows Removed by Filter: 850311
Planning time: 0.345 ms
Execution time: 4667.680 ms
