Hash Join  (cost=156209.36..283507.94 rows=598563 width=0) (actual time=8594.097..17636.830 rows=2587758 loops=1)
  Hash Cond: (mk.movie_id = t.id)
  ->  Seq Scan on movie_keyword mk  (cost=0.00..81003.12 rows=3332753 width=4) (actual time=0.017..5417.410 rows=3324959 loops=1)
        Filter: (keyword_id > 1457)
        Rows Removed by Filter: 1198971
  ->  Hash  (cost=148758.81..148758.81 rows=454124 width=8) (actual time=8593.235..8593.235 rows=459925 loops=1)
        Buckets: 131072  Batches: 8  Memory Usage: 3284kB
        ->  Hash Join  (cost=102767.86..148758.81 rows=454124 width=8) (actual time=5831.650..8432.566 rows=459925 loops=1)
              Hash Cond: (mi_idx.movie_id = t.id)
              ->  Seq Scan on movie_info_idx mi_idx  (cost=0.00..25185.44 rows=454124 width=4) (actual time=0.015..1642.207 rows=459925 loops=1)
                    Filter: (info_type_id = 100)
                    Rows Removed by Filter: 920110
              ->  Hash  (cost=61283.27..61283.27 rows=2528527 width=4) (actual time=5767.041..5767.041 rows=2528312 loops=1)
                    Buckets: 131072  Batches: 64  Memory Usage: 2415kB
                    ->  Seq Scan on title t  (cost=0.00..61283.27 rows=2528527 width=4) (actual time=0.011..4241.477 rows=2528312 loops=1)
Planning time: 2.135 ms
Execution time: 18070.240 ms
