Hash Join  (cost=102431.42..899268.59 rows=2737 width=0) (actual time=19090.576..38372.015 rows=3037 loops=1)
  Hash Cond: (ci.movie_id = t.id)
  ->  Seq Scan on cast_info ci  (cost=0.00..796071.18 rows=196964 width=4) (actual time=13929.710..33188.023 rows=79145 loops=1)
        Filter: ((person_id < 588781) AND (role_id = 9))
        Rows Removed by Filter: 36165199
  ->  Hash  (cost=101992.28..101992.28 rows=35131 width=8) (actual time=5160.200..5160.200 rows=32067 loops=1)
        Buckets: 65536  Batches: 1  Memory Usage: 1765kB
        ->  Hash Join  (cost=74730.49..101992.28 rows=35131 width=8) (actual time=3584.665..5144.308 rows=32067 loops=1)
              Hash Cond: (mi_idx.movie_id = t.id)
              ->  Seq Scan on movie_info_idx mi_idx  (cost=0.00..21735.35 rows=1380035 width=4) (actual time=0.020..1098.119 rows=1380035 loops=1)
              ->  Hash  (cost=73925.90..73925.90 rows=64367 width=4) (actual time=3584.122..3584.122 rows=53905 loops=1)
                    Buckets: 65536  Batches: 1  Memory Usage: 2408kB
                    ->  Seq Scan on title t  (cost=0.00..73925.90 rows=64367 width=4) (actual time=0.117..3559.177 rows=53905 loops=1)
                          Filter: ((kind_id < 7) AND (production_year = 2012))
                          Rows Removed by Filter: 2474407
Planning time: 1.234 ms
Execution time: 38372.936 ms
