Hash Join  (cost=263779.92..366742.27 rows=1788142 width=0) (actual time=14175.028..23701.993 rows=12634823 loops=1)
  Hash Cond: (mc.movie_id = t.id)
  ->  Seq Scan on movie_companies mc  (cost=0.00..44881.29 rows=2609129 width=4) (actual time=6.306..3692.209 rows=2609129 loops=1)
  ->  Hash  (cost=235348.64..235348.64 rows=1732902 width=8) (actual time=14167.484..14167.484 rows=1742119 loops=1)
        Buckets: 131072  Batches: 32  Memory Usage: 3139kB
        ->  Hash Join  (cost=102767.86..235348.64 rows=1732902 width=8) (actual time=6300.192..13500.291 rows=1742119 loops=1)
              Hash Cond: (mk.movie_id = t.id)
              ->  Seq Scan on movie_keyword mk  (cost=0.00..81003.12 rows=1732902 width=4) (actual time=0.028..4556.779 rows=1742119 loops=1)
                    Filter: (keyword_id < 2849)
                    Rows Removed by Filter: 2781811
              ->  Hash  (cost=61283.27..61283.27 rows=2528527 width=4) (actual time=6299.134..6299.134 rows=2528312 loops=1)
                    Buckets: 131072  Batches: 64  Memory Usage: 2425kB
                    ->  Seq Scan on title t  (cost=0.00..61283.27 rows=2528527 width=4) (actual time=0.025..4931.792 rows=2528312 loops=1)
Planning time: 1.052 ms
Execution time: 25450.597 ms
