Hash Join  (cost=463148.20..589128.92 rows=326568 width=0) (actual time=22545.325..30946.419 rows=782173 loops=1)
  Hash Cond: (mk.movie_id = t.id)
  ->  Seq Scan on movie_keyword mk  (cost=0.00..69693.30 rows=4523930 width=4) (actual time=0.023..5028.081 rows=4523930 loops=1)
  ->  Hash  (cost=460153.62..460153.62 rows=182526 width=8) (actual time=22543.485..22543.485 rows=185995 loops=1)
        Buckets: 131072  Batches: 4  Memory Usage: 2832kB
        ->  Hash Join  (cost=69694.50..460153.62 rows=182526 width=8) (actual time=4065.877..22457.299 rows=185995 loops=1)
              Hash Cond: (mi.movie_id = t.id)
              ->  Seq Scan on movie_info mi  (cost=0.00..346232.03 rows=3623957 width=4) (actual time=466.223..16685.615 rows=3624977 loops=1)
                    Filter: (info_type_id < 4)
                    Rows Removed by Filter: 11210743
              ->  Hash  (cost=67604.59..67604.59 rows=127353 width=4) (actual time=3598.721..3598.721 rows=128696 loops=1)
                    Buckets: 131072  Batches: 2  Memory Usage: 3290kB
                    ->  Seq Scan on title t  (cost=0.00..67604.59 rows=127353 width=4) (actual time=0.033..3537.471 rows=128696 loops=1)
                          Filter: (production_year = 2009)
                          Rows Removed by Filter: 2399616
Planning time: 1.158 ms
Execution time: 31069.022 ms
