Seq Scan on movie_keyword mk  (cost=0.00..81003.12 rows=4471882 width=0) (actual time=0.020..4859.124 rows=4475978 loops=1)
  Filter: (keyword_id > 47)
  Rows Removed by Filter: 47952
Planning time: 0.285 ms
Execution time: 5670.952 ms
