Seq Scan on movie_companies mc  (cost=0.00..51404.11 rows=1615329 width=0) (actual time=0.018..3106.607 rows=1605827 loops=1)
  Filter: (company_id < 16586)
  Rows Removed by Filter: 1003302
Planning time: 0.309 ms
Execution time: 3385.561 ms
