Hash Join  (cost=155945.44..906897.65 rows=16299 width=0) (actual time=7953.244..52464.880 rows=3868 loops=1)
  Hash Cond: (ci.movie_id = t.id)
  ->  Seq Scan on cast_info ci  (cost=0.00..614943.12 rows=36225612 width=4) (actual time=0.017..35341.857 rows=36244344 loops=1)
  ->  Hash  (cost=155931.22..155931.22 rows=1138 width=8) (actual time=7717.097..7717.097 rows=38 loops=1)
        Buckets: 2048  Batches: 1  Memory Usage: 18kB
        ->  Hash Join  (cost=74753.85..155931.22 rows=1138 width=8) (actual time=6562.046..7717.051 rows=38 loops=1)
              Hash Cond: (mk.movie_id = t.id)
              ->  Seq Scan on movie_keyword mk  (cost=0.00..81003.12 rows=43429 width=4) (actual time=0.031..4090.054 rows=40094 loops=1)
                    Filter: (keyword_id > 104559)
                    Rows Removed by Filter: 4483836
              ->  Hash  (cost=73925.90..73925.90 rows=66236 width=4) (actual time=3602.676..3602.676 rows=74971 loops=1)
                    Buckets: 131072  Batches: 1  Memory Usage: 3660kB
                    ->  Seq Scan on title t  (cost=0.00..73925.90 rows=66236 width=4) (actual time=0.018..3564.378 rows=74971 loops=1)
                          Filter: ((kind_id > 4) AND (production_year = 2006))
                          Rows Removed by Filter: 2453341
Planning time: 1.185 ms
Execution time: 52466.202 ms
