Hash Join  (cost=174865.45..1113367.49 rows=3310134 width=0) (actual time=3820.101..30706.118 rows=9596240 loops=1)
  Hash Cond: (ci.movie_id = t.id)
  ->  Seq Scan on cast_info ci  (cost=0.00..796071.18 rows=9146273 width=4) (actual time=0.014..16875.961 rows=12670688 loops=1)
        Filter: ((person_id < 2692844) AND (role_id < 2))
        Rows Removed by Filter: 23573656
  ->  Hash  (cost=159851.69..159851.69 rows=915101 width=8) (actual time=3819.012..3819.012 rows=919850 loops=1)
        Buckets: 131072  Batches: 16  Memory Usage: 3269kB
        ->  Hash Join  (cost=102767.86..159851.69 rows=915101 width=8) (actual time=1909.711..3560.283 rows=919850 loops=1)
              Hash Cond: (mi_idx.movie_id = t.id)
              ->  Seq Scan on movie_info_idx mi_idx  (cost=0.00..25185.44 rows=915101 width=4) (actual time=0.008..527.798 rows=919850 loops=1)
                    Filter: (info_type_id < 101)
                    Rows Removed by Filter: 460185
              ->  Hash  (cost=61283.27..61283.27 rows=2528527 width=4) (actual time=1907.576..1907.576 rows=2528312 loops=1)
                    Buckets: 131072  Batches: 64  Memory Usage: 2415kB
                    ->  Seq Scan on title t  (cost=0.00..61283.27 rows=2528527 width=4) (actual time=0.014..1087.951 rows=2528312 loops=1)
Planning time: 12.173 ms
Execution time: 31906.929 ms
