Seq Scan on movie_companies mc  (cost=0.00..57926.93 rows=419999 width=0) (actual time=696.635..1071.363 rows=101209 loops=1)
  Filter: ((company_id > 24064) AND (company_type_id = 1))
  Rows Removed by Filter: 2507920
Planning time: 18.954 ms
Execution time: 1084.046 ms
