Hash Join  (cost=423740.13..450778.00 rows=12739 width=0) (actual time=6449.469..7111.398 rows=95913 loops=1)
  Hash Cond: (mi_idx.movie_id = t.id)
  ->  Seq Scan on movie_info_idx mi_idx  (cost=0.00..21735.35 rows=1380035 width=4) (actual time=0.024..336.497 rows=1380035 loops=1)
  ->  Hash  (cost=423448.38..423448.38 rows=23340 width=8) (actual time=6449.225..6449.225 rows=51305 loops=1)
        Buckets: 65536 (originally 32768)  Batches: 1 (originally 1)  Memory Usage: 2517kB
        ->  Hash Join  (cost=69090.10..423448.38 rows=23340 width=8) (actual time=3111.239..6432.577 rows=51305 loops=1)
              Hash Cond: (mi.movie_id = t.id)
              ->  Seq Scan on movie_info mi  (cost=0.00..346232.03 rows=651960 width=4) (actual time=1811.478..4884.707 rows=660923 loops=1)
                    Filter: (info_type_id = 18)
                    Rows Removed by Filter: 14174797
              ->  Hash  (cost=67604.59..67604.59 rows=90521 width=4) (actual time=1298.991..1298.991 rows=90852 loops=1)
                    Buckets: 131072  Batches: 2  Memory Usage: 2632kB
                    ->  Seq Scan on title t  (cost=0.00..67604.59 rows=90521 width=4) (actual time=0.022..1089.033 rows=90852 loops=1)
                          Filter: (kind_id = 2)
                          Rows Removed by Filter: 2437460
Planning time: 1.080 ms
Execution time: 7121.818 ms
