Hash Join  (cost=114432.54..871968.61 rows=674693 width=0) (actual time=4979.906..44842.395 rows=949122 loops=1)
  Hash Cond: (ci.movie_id = t.id)
  ->  Seq Scan on cast_info ci  (cost=0.00..614943.12 rows=36225612 width=4) (actual time=0.029..28335.421 rows=36244344 loops=1)
  ->  Hash  (cost=113843.88..113843.88 rows=47093 width=8) (actual time=4979.039..4979.039 rows=21303 loops=1)
        Buckets: 65536  Batches: 1  Memory Usage: 1345kB
        ->  Hash Join  (cost=75342.47..113843.88 rows=47093 width=8) (actual time=3665.115..4971.668 rows=21303 loops=1)
              Hash Cond: (mi_idx.movie_id = t.id)
              ->  Seq Scan on movie_info_idx mi_idx  (cost=0.00..21735.35 rows=1380035 width=4) (actual time=0.032..1158.816 rows=1380035 loops=1)
              ->  Hash  (cost=73925.90..73925.90 rows=86285 width=4) (actual time=3313.573..3313.573 rows=92628 loops=1)
                    Buckets: 131072  Batches: 2  Memory Usage: 2653kB
                    ->  Seq Scan on title t  (cost=0.00..73925.90 rows=86285 width=4) (actual time=395.159..3264.774 rows=92628 loops=1)
                          Filter: ((kind_id = 7) AND (production_year = 2010))
                          Rows Removed by Filter: 2435684
Planning time: 1.103 ms
Execution time: 44984.766 ms
