Hash Join  (cost=547165.20..728724.53 rows=3701298 width=0) (actual time=24007.699..38359.852 rows=28287924 loops=1)
  Hash Cond: (mk.movie_id = t.id)
  ->  Seq Scan on movie_keyword mk  (cost=0.00..81003.12 rows=4295046 width=4) (actual time=0.015..4761.321 rows=4281524 loops=1)
        Filter: (keyword_id > 196)
        Rows Removed by Filter: 242406
  ->  Hash  (cost=511415.91..511415.91 rows=2178983 width=8) (actual time=24006.791..24006.791 rows=2248320 loops=1)
        Buckets: 131072  Batches: 32  Memory Usage: 3854kB
        ->  Hash Join  (cost=97066.09..511415.91 rows=2178983 width=8) (actual time=15186.763..23294.326 rows=2248320 loops=1)
              Hash Cond: (mi.movie_id = t.id)
              ->  Seq Scan on movie_info mi  (cost=0.00..346232.03 rows=3068194 width=4) (actual time=10530.673..15809.690 rows=3036719 loops=1)
                    Filter: (info_type_id = 16)
                    Rows Removed by Filter: 11799001
              ->  Hash  (cost=67604.59..67604.59 rows=1795720 width=4) (actual time=4654.539..4654.539 rows=1794153 loops=1)
                    Buckets: 131072  Batches: 32  Memory Usage: 3001kB
                    ->  Seq Scan on title t  (cost=0.00..67604.59 rows=1795720 width=4) (actual time=0.028..3905.909 rows=1794153 loops=1)
                          Filter: (production_year < 2009)
                          Rows Removed by Filter: 734159
Planning time: 5.046 ms
Execution time: 41680.411 ms
