Hash Join  (cost=92883.59..160794.45 rows=338021 width=0) (actual time=2286.438..3180.507 rows=146052 loops=1)
  Hash Cond: (mc.movie_id = t.id)
  ->  Seq Scan on movie_companies mc  (cost=0.00..51404.11 rows=554708 width=4) (actual time=0.013..903.177 rows=558687 loops=1)
        Filter: (company_id > 71653)
        Rows Removed by Filter: 2050442
  ->  Hash  (cost=67604.59..67604.59 rows=1540800 width=4) (actual time=1705.339..1705.339 rows=1543264 loops=1)
        Buckets: 131072  Batches: 32  Memory Usage: 2722kB
        ->  Seq Scan on title t  (cost=0.00..67604.59 rows=1540800 width=4) (actual time=64.745..1211.758 rows=1543264 loops=1)
              Filter: (kind_id = 7)
              Rows Removed by Filter: 985048
Planning time: 0.718 ms
Execution time: 3198.897 ms
