Seq Scan on movie_keyword mk  (cost=0.00..81003.12 rows=115472 width=0) (actual time=0.030..3042.294 rows=114270 loops=1)
  Filter: (keyword_id > 79266)
  Rows Removed by Filter: 4409660
Planning time: 0.315 ms
Execution time: 3058.572 ms
