Seq Scan on movie_companies mc  (cost=0.00..51404.11 rows=1954537 width=0) (actual time=0.021..2506.020 rows=1960702 loops=1)
  Filter: (company_id > 868)
  Rows Removed by Filter: 648427
Planning time: 4.874 ms
Execution time: 2795.297 ms
