Hash Join  (cost=152668.27..637455.11 rows=466791 width=0) (actual time=8695.427..32278.035 rows=385963 loops=1)
  Hash Cond: (mi.movie_id = t.id)
  ->  Seq Scan on movie_info mi  (cost=0.00..309384.22 rows=14739122 width=4) (actual time=0.023..18212.748 rows=14835720 loops=1)
  ->  Hash  (cost=151354.28..151354.28 rows=80079 width=8) (actual time=7606.917..7606.917 rows=35914 loops=1)
        Buckets: 131072  Batches: 2  Memory Usage: 1741kB
        ->  Hash Join  (cost=75199.97..151354.28 rows=80079 width=8) (actual time=3886.515..7592.360 rows=35914 loops=1)
              Hash Cond: (mc.movie_id = t.id)
              ->  Seq Scan on movie_companies mc  (cost=0.00..44881.29 rows=2609129 width=4) (actual time=0.023..2678.708 rows=2609129 loops=1)
              ->  Hash  (cost=73925.90..73925.90 rows=77605 width=4) (actual time=3885.518..3885.518 rows=84684 loops=1)
                    Buckets: 131072  Batches: 2  Memory Usage: 2512kB
                    ->  Seq Scan on title t  (cost=0.00..73925.90 rows=77605 width=4) (actual time=0.028..3829.022 rows=84684 loops=1)
                          Filter: ((kind_id = 7) AND (production_year = 2009))
                          Rows Removed by Filter: 2443628
Planning time: 1.128 ms
Execution time: 32330.214 ms
