Seq Scan on movie_keyword mk  (cost=0.00..81003.12 rows=246 width=12) (actual time=0.076..1496.719 rows=3052 loops=1)
  Filter: (keyword_id = 3666)
  Rows Removed by Filter: 4520878
Planning time: 0.268 ms
Execution time: 1497.009 ms
