Seq Scan on movie_companies mc  (cost=0.00..51404.11 rows=1893606 width=0) (actual time=0.013..1001.759 rows=1904688 loops=1)
  Filter: (company_id > 1310)
  Rows Removed by Filter: 704441
Planning time: 0.359 ms
Execution time: 1238.788 ms
