Hash Join  (cost=155620.60..210467.04 rows=18092 width=0) (actual time=2640.929..4041.282 rows=109208 loops=1)
  Hash Cond: (mc.movie_id = t.id)
  ->  Seq Scan on movie_companies mc  (cost=0.00..44881.29 rows=2609129 width=4) (actual time=0.031..800.654 rows=2609129 loops=1)
  ->  Hash  (cost=155401.43..155401.43 rows=17533 width=8) (actual time=2640.401..2640.401 rows=14692 loops=1)
        Buckets: 32768  Batches: 1  Memory Usage: 830kB
        ->  Hash Join  (cost=69687.24..155401.43 rows=17533 width=8) (actual time=1240.320..2634.432 rows=14692 loops=1)
              Hash Cond: (mk.movie_id = t.id)
              ->  Seq Scan on movie_keyword mk  (cost=0.00..81003.12 rows=349264 width=4) (actual time=0.025..1238.217 rows=363692 loops=1)
                    Filter: (keyword_id < 335)
                    Rows Removed by Filter: 4160238
              ->  Hash  (cost=67604.59..67604.59 rows=126932 width=4) (actual time=1239.046..1239.046 rows=122861 loops=1)
                    Buckets: 131072  Batches: 2  Memory Usage: 3197kB
                    ->  Seq Scan on title t  (cost=0.00..67604.59 rows=126932 width=4) (actual time=0.034..1186.179 rows=122861 loops=1)
                          Filter: (production_year = 2008)
                          Rows Removed by Filter: 2405451
Planning time: 1.092 ms
Execution time: 4056.089 ms
