Hash Join  (cost=264453.37..916993.27 rows=14461807 width=0) (actual time=6228.946..35965.050 rows=65707527 loops=1)
  Hash Cond: (mi.movie_id = t.id)
  ->  Seq Scan on movie_info mi  (cost=0.00..309384.22 rows=14739122 width=4) (actual time=0.025..6268.717 rows=14835720 loops=1)
  ->  Hash  (cost=223749.46..223749.46 rows=2480953 width=8) (actual time=6228.016..6228.016 rows=2477806 loops=1)
        Buckets: 131072  Batches: 64  Memory Usage: 2614kB
        ->  Hash Join  (cost=102767.86..223749.46 rows=2480953 width=8) (actual time=1984.657..5535.929 rows=2477806 loops=1)
              Hash Cond: (mc.movie_id = t.id)
              ->  Seq Scan on movie_companies mc  (cost=0.00..51404.11 rows=2480953 width=4) (actual time=0.020..1226.530 rows=2477806 loops=1)
                    Filter: (company_id > 19)
                    Rows Removed by Filter: 131323
              ->  Hash  (cost=61283.27..61283.27 rows=2528527 width=4) (actual time=1983.354..1983.354 rows=2528312 loops=1)
                    Buckets: 131072  Batches: 64  Memory Usage: 2415kB
                    ->  Seq Scan on title t  (cost=0.00..61283.27 rows=2528527 width=4) (actual time=0.018..1132.643 rows=2528312 loops=1)
Planning time: 1.121 ms
Execution time: 43327.464 ms
