Hash Join  (cost=102767.86..193381.10 rows=1218900 width=0) (actual time=1968.653..4067.129 rows=1206226 loops=1)
  Hash Cond: (mc.movie_id = t.id)
  ->  Seq Scan on movie_companies mc  (cost=0.00..51404.11 rows=1218900 width=4) (actual time=0.022..1011.203 rows=1206226 loops=1)
        Filter: (company_id < 11137)
        Rows Removed by Filter: 1402903
  ->  Hash  (cost=61283.27..61283.27 rows=2528527 width=4) (actual time=1967.408..1967.408 rows=2528312 loops=1)
        Buckets: 131072  Batches: 64  Memory Usage: 2415kB
        ->  Seq Scan on title t  (cost=0.00..61283.27 rows=2528527 width=4) (actual time=0.024..1123.576 rows=2528312 loops=1)
Planning time: 0.849 ms
Execution time: 4161.436 ms
