Hash Join  (cost=217248.57..300593.50 rows=601740 width=0) (actual time=4183.460..7257.776 rows=3541215 loops=1)
  Hash Cond: (mc.movie_id = t.id)
  ->  Seq Scan on movie_companies mc  (cost=0.00..44881.29 rows=2609129 width=4) (actual time=0.011..845.474 rows=2609129 loops=1)
  ->  Hash  (cost=207681.19..207681.19 rows=583151 width=8) (actual time=4182.687..4182.687 rows=586790 loops=1)
        Buckets: 131072  Batches: 8  Memory Usage: 3925kB
        ->  Hash Join  (cost=102767.86..207681.19 rows=583151 width=8) (actual time=1959.248..4034.837 rows=586790 loops=1)
              Hash Cond: (mk.movie_id = t.id)
              ->  Seq Scan on movie_keyword mk  (cost=0.00..81003.12 rows=583151 width=4) (actual time=0.026..1254.650 rows=586790 loops=1)
                    Filter: (keyword_id < 423)
                    Rows Removed by Filter: 3937140
              ->  Hash  (cost=61283.27..61283.27 rows=2528527 width=4) (actual time=1957.301..1957.301 rows=2528312 loops=1)
                    Buckets: 131072  Batches: 64  Memory Usage: 2425kB
                    ->  Seq Scan on title t  (cost=0.00..61283.27 rows=2528527 width=4) (actual time=0.025..1077.941 rows=2528312 loops=1)
Planning time: 1.195 ms
Execution time: 7688.404 ms
