Hash Join  (cost=80988.46..119995.34 rows=155782 width=0) (actual time=1323.253..2447.511 rows=365040 loops=1)
  Hash Cond: (mi_idx.movie_id = t.id)
  ->  Seq Scan on movie_info_idx mi_idx  (cost=0.00..25185.44 rows=915101 width=4) (actual time=0.013..565.268 rows=919850 loops=1)
        Filter: (info_type_id < 101)
        Rows Removed by Filter: 460185
  ->  Hash  (cost=73925.90..73925.90 rows=430444 width=4) (actual time=1322.187..1322.187 rows=527346 loops=1)
        Buckets: 131072  Batches: 8  Memory Usage: 3354kB
        ->  Seq Scan on title t  (cost=0.00..73925.90 rows=430444 width=4) (actual time=0.018..1157.384 rows=527346 loops=1)
              Filter: ((kind_id < 4) AND (production_year < 2004))
              Rows Removed by Filter: 2000966
Planning time: 0.746 ms
Execution time: 2486.983 ms
