Seq Scan on movie_companies mc  (cost=0.00..57926.93 rows=313207 width=0) (actual time=0.021..908.479 rows=609535 loops=1)
  Filter: ((company_id > 62581) AND (company_type_id > 1))
  Rows Removed by Filter: 1999594
Planning time: 0.401 ms
Execution time: 981.733 ms
