Seq Scan on cast_info ci  (cost=0.00..796071.18 rows=3676679 width=0) (actual time=4599.792..14581.561 rows=4113832 loops=1)
  Filter: ((person_id > 513685) AND (role_id = 10))
  Rows Removed by Filter: 32130512
Planning time: 0.375 ms
Execution time: 15112.369 ms
