Hash Join  (cost=82556.68..165089.51 rows=542831 width=0) (actual time=1494.011..4054.609 rows=379433 loops=1)
  Hash Cond: (mc.movie_id = t.id)
  ->  Seq Scan on movie_companies mc  (cost=0.00..44881.29 rows=2609129 width=4) (actual time=0.219..953.011 rows=2609129 loops=1)
  ->  Hash  (cost=73925.90..73925.90 rows=526062 width=4) (actual time=1492.672..1492.672 rows=397756 loops=1)
        Buckets: 131072  Batches: 8  Memory Usage: 2761kB
        ->  Seq Scan on title t  (cost=0.00..73925.90 rows=526062 width=4) (actual time=0.015..1361.368 rows=397756 loops=1)
              Filter: ((kind_id > 2) AND (production_year < 1993))
              Rows Removed by Filter: 2130556
Planning time: 0.781 ms
Execution time: 4099.033 ms
