Hash Join  (cost=709678.58..766071.01 rows=228 width=0) (actual time=11514.362..12091.180 rows=1 loops=1)
  Hash Cond: (mc.movie_id = t.id)
  ->  Seq Scan on movie_companies mc  (cost=0.00..51404.11 rows=1329612 width=4) (actual time=237.159..990.956 rows=1334883 loops=1)
        Filter: (company_type_id = 2)
        Rows Removed by Filter: 1274246
  ->  Hash  (cost=709673.15..709673.15 rows=434 width=8) (actual time=10929.119..10929.119 rows=1 loops=1)
        Buckets: 1024  Batches: 1  Memory Usage: 9kB
        ->  Nested Loop  (cost=0.43..709673.15 rows=434 width=8) (actual time=282.419..10929.099 rows=1 loops=1)
              ->  Seq Scan on cast_info ci  (cost=0.00..705507.15 rows=500 width=4) (actual time=282.353..10928.802 rows=7 loops=1)
                    Filter: (person_id = 3482699)
                    Rows Removed by Filter: 36244337
              ->  Index Scan using title_pkey on title t  (cost=0.43..8.32 rows=1 width=4) (actual time=0.034..0.034 rows=0 loops=7)
                    Index Cond: (id = ci.movie_id)
                    Filter: (production_year > 1962)
                    Rows Removed by Filter: 1
Planning time: 2.883 ms
Execution time: 12091.328 ms
