Hash Join  (cost=194639.79..1190757.65 rows=7257353 width=0) (actual time=5839.339..38617.272 rows=29147376 loops=1)
  Hash Cond: (ci.movie_id = t.id)
  ->  Seq Scan on cast_info ci  (cost=0.00..705507.15 rows=18522449 width=4) (actual time=0.012..13930.090 rows=18688166 loops=1)
        Filter: (person_id > 1737474)
        Rows Removed by Filter: 17556178
  ->  Hash  (cost=178385.89..178385.89 rows=990712 width=8) (actual time=5838.394..5838.394 rows=1880201 loops=1)
        Buckets: 131072 (originally 131072)  Batches: 32 (originally 16)  Memory Usage: 3306kB
        ->  Hash Join  (cost=89678.24..178385.89 rows=990712 width=8) (actual time=1681.174..4630.798 rows=1880201 loops=1)
              Hash Cond: (mc.movie_id = t.id)
              ->  Seq Scan on movie_companies mc  (cost=0.00..44881.29 rows=2609129 width=4) (actual time=0.016..930.421 rows=2609129 loops=1)
              ->  Hash  (cost=73925.90..73925.90 rows=960107 width=4) (actual time=1680.268..1680.268 rows=977778 loops=1)
                    Buckets: 131072  Batches: 16  Memory Usage: 3172kB
                    ->  Seq Scan on title t  (cost=0.00..73925.90 rows=960107 width=4) (actual time=0.014..1379.959 rows=977778 loops=1)
                          Filter: ((kind_id < 7) AND (production_year > 0))
                          Rows Removed by Filter: 1550534
Planning time: 0.766 ms
Execution time: 41833.154 ms
