Hash Join  (cost=82012.37..592472.43 rows=2872813 width=0) (actual time=1281.007..14277.616 rows=1481669 loops=1)
  Hash Cond: (mi.movie_id = t.id)
  ->  Seq Scan on movie_info mi  (cost=0.00..309384.22 rows=14739122 width=4) (actual time=0.018..6308.073 rows=14835720 loops=1)
  ->  Hash  (cost=73925.90..73925.90 rows=492837 width=4) (actual time=1280.116..1280.116 rows=379345 loops=1)
        Buckets: 131072  Batches: 8  Memory Usage: 2683kB
        ->  Seq Scan on title t  (cost=0.00..73925.90 rows=492837 width=4) (actual time=36.071..1154.322 rows=379345 loops=1)
              Filter: ((production_year < 1995) AND (kind_id = 7))
              Rows Removed by Filter: 2148967
Planning time: 0.588 ms
Execution time: 14422.945 ms
