Hash Join  (cost=83074.74..109986.57 rows=134 width=0) (actual time=1359.468..1913.887 rows=4302 loops=1)
  Hash Cond: (mi_idx.movie_id = t.id)
  ->  Seq Scan on movie_info_idx mi_idx  (cost=0.00..21735.35 rows=1380035 width=4) (actual time=0.024..305.592 rows=1380035 loops=1)
  ->  Hash  (cost=83071.67..83071.67 rows=246 width=8) (actual time=1358.593..1358.593 rows=1679 loops=1)
        Buckets: 2048 (originally 1024)  Batches: 1 (originally 1)  Memory Usage: 82kB
        ->  Nested Loop  (cost=0.43..83071.67 rows=246 width=8) (actual time=1.183..1357.363 rows=1679 loops=1)
              ->  Seq Scan on movie_keyword mk  (cost=0.00..81003.12 rows=246 width=4) (actual time=1.112..1292.779 rows=1679 loops=1)
                    Filter: (keyword_id = 42)
                    Rows Removed by Filter: 4522251
              ->  Index Only Scan using title_pkey on title t  (cost=0.43..8.40 rows=1 width=4) (actual time=0.037..0.037 rows=1 loops=1679)
                    Index Cond: (id = mk.movie_id)
                    Heap Fetches: 1679
Planning time: 1.198 ms
Execution time: 1914.685 ms
