Hash Join  (cost=102353.06..189608.77 rows=59767 width=0) (actual time=2089.837..4702.416 rows=146152 loops=1)
  Hash Cond: (mk.movie_id = t.id)
  ->  Seq Scan on movie_keyword mk  (cost=0.00..69693.30 rows=4523930 width=4) (actual time=0.018..2019.078 rows=4523930 loops=1)
  ->  Hash  (cost=101935.50..101935.50 rows=33405 width=8) (actual time=1835.049..1835.049 rows=26859 loops=1)
        Buckets: 65536  Batches: 1  Memory Usage: 1562kB
        ->  Hash Join  (cost=74690.97..101935.50 rows=33405 width=8) (actual time=1128.839..1825.242 rows=26859 loops=1)
              Hash Cond: (mi_idx.movie_id = t.id)
              ->  Seq Scan on movie_info_idx mi_idx  (cost=0.00..21735.35 rows=1380035 width=4) (actual time=0.017..348.740 rows=1380035 loops=1)
              ->  Hash  (cost=73925.90..73925.90 rows=61205 width=4) (actual time=1111.756..1111.756 rows=61581 loops=1)
                    Buckets: 65536  Batches: 1  Memory Usage: 2677kB
                    ->  Seq Scan on title t  (cost=0.00..73925.90 rows=61205 width=4) (actual time=0.014..1087.946 rows=61581 loops=1)
                          Filter: ((production_year > 2011) AND (kind_id = 1))
                          Rows Removed by Filter: 2466731
Planning time: 6.086 ms
Execution time: 4720.858 ms
