Hash Join  (cost=101014.01..155699.25 rows=1972 width=0) (actual time=1627.075..2777.797 rows=10613 loops=1)
  Hash Cond: (mc.movie_id = t.id)
  ->  Seq Scan on movie_companies mc  (cost=0.00..44881.29 rows=2609129 width=4) (actual time=0.023..661.875 rows=2609129 loops=1)
  ->  Hash  (cost=100990.12..100990.12 rows=1911 width=8) (actual time=1626.694..1626.694 rows=2546 loops=1)
        Buckets: 4096 (originally 2048)  Batches: 1 (originally 1)  Memory Usage: 132kB
        ->  Hash Join  (cost=74056.90..100990.12 rows=1911 width=8) (actual time=1073.449..1625.370 rows=2546 loops=1)
              Hash Cond: (mi_idx.movie_id = t.id)
              ->  Seq Scan on movie_info_idx mi_idx  (cost=0.00..25185.44 rows=460978 width=4) (actual time=0.025..468.933 rows=459925 loops=1)
                    Filter: (info_type_id < 100)
                    Rows Removed by Filter: 920110
              ->  Hash  (cost=73925.90..73925.90 rows=10480 width=4) (actual time=1072.971..1072.971 rows=5587 loops=1)
                    Buckets: 16384  Batches: 1  Memory Usage: 325kB
                    ->  Seq Scan on title t  (cost=0.00..73925.90 rows=10480 width=4) (actual time=21.190..1070.218 rows=5587 loops=1)
                          Filter: ((kind_id = 1) AND (production_year = 1995))
                          Rows Removed by Filter: 2522725
Planning time: 1.186 ms
Execution time: 2779.666 ms
