Seq Scan on movie_companies mc  (cost=0.00..57926.93 rows=481149 width=0) (actual time=118.072..905.920 rows=177630 loops=1)
  Filter: ((company_id > 16975) AND (company_type_id = 1))
  Rows Removed by Filter: 2431499
Planning time: 0.379 ms
Execution time: 928.641 ms
