Hash Join  (cost=176735.81..215854.42 rows=83112 width=0) (actual time=3198.142..4142.459 rows=95648 loops=1)
  Hash Cond: (mi_idx.movie_id = t.id)
  ->  Seq Scan on movie_info_idx mi_idx  (cost=0.00..21735.35 rows=1380035 width=4) (actual time=0.019..480.322 rows=1380035 loops=1)
  ->  Hash  (cost=174237.33..174237.33 rows=152279 width=8) (actual time=3197.331..3197.331 rows=68493 loops=1)
        Buckets: 131072  Batches: 2  Memory Usage: 2364kB
        ->  Hash Join  (cost=102767.86..174237.33 rows=152279 width=8) (actual time=2311.851..3175.418 rows=68493 loops=1)
              Hash Cond: (mc.movie_id = t.id)
              ->  Seq Scan on movie_companies mc  (cost=0.00..57926.93 rows=152279 width=4) (actual time=435.306..865.153 rows=68493 loops=1)
                    Filter: ((company_id < 160) AND (company_type_id > 1))
                    Rows Removed by Filter: 2540636
              ->  Hash  (cost=61283.27..61283.27 rows=2528527 width=4) (actual time=1874.686..1874.686 rows=2528312 loops=1)
                    Buckets: 131072  Batches: 64  Memory Usage: 2415kB
                    ->  Seq Scan on title t  (cost=0.00..61283.27 rows=2528527 width=4) (actual time=0.027..1073.460 rows=2528312 loops=1)
Planning time: 1.234 ms
Execution time: 4155.294 ms
