Hash Join  (cost=154654.97..993800.25 rows=44861 width=0) (actual time=5282.281..19187.790 rows=35890 loops=1)
  Hash Cond: (ci.movie_id = t.id)
  ->  Seq Scan on cast_info ci  (cost=0.00..796071.18 rows=8525096 width=4) (actual time=2752.006..14682.912 rows=12670688 loops=1)
        Filter: ((person_id < 2485973) AND (role_id = 1))
        Rows Removed by Filter: 23573656
  ->  Hash  (cost=154488.65..154488.65 rows=13306 width=8) (actual time=2525.034..2525.034 rows=4754 loops=1)
        Buckets: 16384  Batches: 1  Memory Usage: 314kB
        ->  Hash Join  (cost=67697.55..154488.65 rows=13306 width=8) (actual time=799.407..2522.938 rows=4754 loops=1)
              Hash Cond: (mk.movie_id = t.id)
              ->  Seq Scan on movie_keyword mk  (cost=0.00..69693.30 rows=4523930 width=4) (actual time=0.017..909.979 rows=4523930 loops=1)
              ->  Hash  (cost=67604.59..67604.59 rows=7437 width=4) (actual time=798.287..798.287 rows=5835 loops=1)
                    Buckets: 8192  Batches: 1  Memory Usage: 270kB
                    ->  Seq Scan on title t  (cost=0.00..67604.59 rows=7437 width=4) (actual time=80.707..796.121 rows=5835 loops=1)
                          Filter: (production_year = 1916)
                          Rows Removed by Filter: 2522477
Planning time: 5.600 ms
Execution time: 19193.411 ms
