Hash Join  (cost=95029.13..185621.76 rows=139451 width=0) (actual time=2422.042..4121.126 rows=56258 loops=1)
  Hash Cond: (mk.movie_id = t.id)
  ->  Seq Scan on movie_keyword mk  (cost=0.00..81003.12 rows=274133 width=4) (actual time=0.009..1322.528 rows=293882 loops=1)
        Filter: (keyword_id < 239)
        Rows Removed by Filter: 4230048
  ->  Hash  (cost=73925.90..73925.90 rows=1286258 width=4) (actual time=2417.026..2417.026 rows=1406024 loops=1)
        Buckets: 131072  Batches: 32  Memory Usage: 2587kB
        ->  Seq Scan on title t  (cost=0.00..73925.90 rows=1286258 width=4) (actual time=0.012..1638.945 rows=1406024 loops=1)
              Filter: ((kind_id > 3) AND (production_year > 1979))
              Rows Removed by Filter: 1122288
Planning time: 0.522 ms
Execution time: 4127.707 ms
