Hash Join  (cost=605537.65..823499.67 rows=6483825 width=0) (actual time=13289.679..21494.927 rows=17797517 loops=1)
  Hash Cond: (mk.movie_id = t.id)
  ->  Seq Scan on movie_keyword mk  (cost=0.00..69693.30 rows=4523930 width=4) (actual time=0.014..1430.440 rows=4523930 loops=1)
  ->  Hash  (cost=546081.18..546081.18 rows=3623957 width=8) (actual time=13287.958..13287.958 rows=3624977 loops=1)
        Buckets: 131072  Batches: 64  Memory Usage: 3261kB
        ->  Hash Join  (cost=102767.86..546081.18 rows=3623957 width=8) (actual time=1904.597..11962.226 rows=3624977 loops=1)
              Hash Cond: (mi.movie_id = t.id)
              ->  Seq Scan on movie_info mi  (cost=0.00..346232.03 rows=3623957 width=4) (actual time=0.019..5865.538 rows=3624977 loops=1)
                    Filter: (info_type_id < 4)
                    Rows Removed by Filter: 11210743
              ->  Hash  (cost=61283.27..61283.27 rows=2528527 width=4) (actual time=1903.532..1903.532 rows=2528312 loops=1)
                    Buckets: 131072  Batches: 64  Memory Usage: 2425kB
                    ->  Seq Scan on title t  (cost=0.00..61283.27 rows=2528527 width=4) (actual time=0.025..1033.702 rows=2528312 loops=1)
Planning time: 1.117 ms
Execution time: 23533.829 ms
