Seq Scan on movie_keyword mk  (cost=0.00..81003.12 rows=246 width=0) (actual time=5.062..1197.862 rows=591 loops=1)
  Filter: (keyword_id = 10093)
  Rows Removed by Filter: 4523339
Planning time: 0.364 ms
Execution time: 1198.169 ms
