Hash Join  (cost=154694.75..520008.56 rows=65788 width=0) (actual time=1698.742..9185.507 rows=173043 loops=1)
  Hash Cond: (mi.movie_id = t.id)
  ->  Seq Scan on movie_info mi  (cost=0.00..309384.22 rows=14739122 width=4) (actual time=0.012..4433.830 rows=14835720 loops=1)
  ->  Hash  (cost=154553.67..154553.67 rows=11286 width=8) (actual time=1695.343..1695.343 rows=6222 loops=1)
        Buckets: 16384  Batches: 1  Memory Usage: 372kB
        ->  Nested Loop  (cost=0.43..154553.67 rows=11286 width=8) (actual time=352.324..1691.893 rows=6222 loops=1)
              ->  Seq Scan on movie_companies mc  (cost=0.00..57926.93 rows=16719 width=4) (actual time=352.262..906.624 rows=35517 loops=1)
                    Filter: ((company_type_id < 2) AND (company_id = 160))
                    Rows Removed by Filter: 2573612
              ->  Index Scan using title_pkey on title t  (cost=0.43..5.77 rows=1 width=4) (actual time=0.022..0.022 rows=0 loops=35517)
                    Index Cond: (id = mc.movie_id)
                    Filter: (production_year > 1992)
                    Rows Removed by Filter: 1
Planning time: 2.190 ms
Execution time: 9210.034 ms
