Hash Join  (cost=162167.25..942790.30 rows=306037 width=0) (actual time=5071.083..19857.759 rows=495746 loops=1)
  Hash Cond: (ci.movie_id = t.id)
  ->  Seq Scan on cast_info ci  (cost=0.00..705507.15 rows=14411110 width=4) (actual time=1912.157..12701.904 rows=14567103 loops=1)
        Filter: (person_id > 2201713)
        Rows Removed by Filter: 21677241
  ->  Hash  (cost=161496.05..161496.05 rows=53696 width=8) (actual time=3158.462..3158.462 rows=68961 loops=1)
        Buckets: 131072 (originally 65536)  Batches: 1 (originally 1)  Memory Usage: 3718kB
        ->  Hash Join  (cost=74301.05..161496.05 rows=53696 width=8) (actual time=1207.757..3134.737 rows=68961 loops=1)
              Hash Cond: (mk.movie_id = t.id)
              ->  Seq Scan on movie_keyword mk  (cost=0.00..69693.30 rows=4523930 width=4) (actual time=0.027..1061.139 rows=4523930 loops=1)
              ->  Hash  (cost=73925.90..73925.90 rows=30012 width=4) (actual time=1207.503..1207.503 rows=28831 loops=1)
                    Buckets: 32768  Batches: 1  Memory Usage: 1270kB
                    ->  Seq Scan on title t  (cost=0.00..73925.90 rows=30012 width=4) (actual time=0.034..1193.824 rows=28831 loops=1)
                          Filter: ((production_year > 2008) AND (kind_id = 4))
                          Rows Removed by Filter: 2499481
Planning time: 5.166 ms
Execution time: 19921.340 ms
