Hash Join  (cost=95982.60..198898.71 rows=1784818 width=0) (actual time=1851.138..4946.859 rows=1483200 loops=1)
  Hash Cond: (mc.movie_id = t.id)
  ->  Seq Scan on movie_companies mc  (cost=0.00..44881.29 rows=2609129 width=4) (actual time=0.012..989.969 rows=2609129 loops=1)
  ->  Hash  (cost=67604.59..67604.59 rows=1729681 width=4) (actual time=1850.040..1850.040 rows=1725233 loops=1)
        Buckets: 131072  Batches: 32  Memory Usage: 2923kB
        ->  Seq Scan on title t  (cost=0.00..67604.59 rows=1729681 width=4) (actual time=0.016..1323.567 rows=1725233 loops=1)
              Filter: (production_year > 1991)
              Rows Removed by Filter: 803079
Planning time: 0.718 ms
Execution time: 5128.417 ms
