Hash Join  (cost=73982.55..160721.67 rows=8108 width=0) (actual time=1355.133..3095.006 rows=3673 loops=1)
  Hash Cond: (mk.movie_id = t.id)
  ->  Seq Scan on movie_keyword mk  (cost=0.00..69693.30 rows=4523930 width=4) (actual time=0.022..1021.437 rows=4523930 loops=1)
  ->  Hash  (cost=73925.90..73925.90 rows=4532 width=4) (actual time=1247.131..1247.131 rows=7824 loops=1)
        Buckets: 8192  Batches: 1  Memory Usage: 340kB
        ->  Seq Scan on title t  (cost=0.00..73925.90 rows=4532 width=4) (actual time=0.036..1243.369 rows=7824 loops=1)
              Filter: ((kind_id = 7) AND (production_year = 1965))
              Rows Removed by Filter: 2520488
Planning time: 0.724 ms
Execution time: 3095.575 ms
