Hash Join  (cost=75461.39..151842.33 rows=96541 width=0) (actual time=1492.529..3046.019 rows=143787 loops=1)
  Hash Cond: (mc.movie_id = t.id)
  ->  Seq Scan on movie_companies mc  (cost=0.00..44881.29 rows=2609129 width=4) (actual time=0.019..858.153 rows=2609129 loops=1)
  ->  Hash  (cost=73925.90..73925.90 rows=93559 width=4) (actual time=1240.203..1240.203 rows=104574 loops=1)
        Buckets: 131072  Batches: 2  Memory Usage: 2857kB
        ->  Seq Scan on title t  (cost=0.00..73925.90 rows=93559 width=4) (actual time=0.040..1203.708 rows=104574 loops=1)
              Filter: ((production_year < 2011) AND (kind_id = 4))
              Rows Removed by Filter: 2423738
Planning time: 0.721 ms
Execution time: 3063.420 ms
