Hash Join  (cost=74426.67..161801.46 rows=71675 width=0) (actual time=1746.280..2615.251 rows=8804 loops=1)
  Hash Cond: (mk.movie_id = t.id)
  ->  Seq Scan on movie_keyword mk  (cost=0.00..69693.30 rows=4523930 width=4) (actual time=0.011..650.274 rows=4523930 loops=1)
  ->  Hash  (cost=73925.90..73925.90 rows=40061 width=4) (actual time=1296.398..1296.398 rows=40120 loops=1)
        Buckets: 65536  Batches: 1  Memory Usage: 1923kB
        ->  Seq Scan on title t  (cost=0.00..73925.90 rows=40061 width=4) (actual time=0.052..1280.025 rows=40120 loops=1)
              Filter: ((kind_id = 7) AND (production_year = 2013))
              Rows Removed by Filter: 2488192
Planning time: 0.760 ms
Execution time: 2616.493 ms
