Hash Join  (cost=85777.42..452032.81 rows=431262 width=0) (actual time=3025.010..7821.856 rows=444883 loops=1)
  Hash Cond: (mi.movie_id = t.id)
  ->  Seq Scan on movie_info mi  (cost=0.00..346232.03 rows=984464 width=4) (actual time=1303.092..5505.203 rows=1039881 loops=1)
        Filter: (info_type_id > 80)
        Rows Removed by Filter: 13795839
  ->  Hash  (cost=67604.59..67604.59 rows=1107667 width=4) (actual time=1567.133..1567.133 rows=1107925 loops=1)
        Buckets: 131072  Batches: 16  Memory Usage: 3466kB
        ->  Seq Scan on title t  (cost=0.00..67604.59 rows=1107667 width=4) (actual time=0.022..1217.088 rows=1107925 loops=1)
              Filter: (production_year > 2004)
              Rows Removed by Filter: 1420387
Planning time: 0.709 ms
Execution time: 7866.818 ms
