Seq Scan on movie_companies mc  (cost=0.00..57926.93 rows=201089 width=0) (actual time=0.033..922.237 rows=314112 loops=1)
  Filter: ((company_id < 265) AND (company_type_id < 2))
  Rows Removed by Filter: 2295017
Planning time: 0.327 ms
Execution time: 961.877 ms
