Hash Join  (cost=110830.48..596044.37 rows=506797 width=0) (actual time=2206.968..13887.410 rows=1626266 loops=1)
  Hash Cond: (mi.movie_id = t.id)
  ->  Seq Scan on movie_info mi  (cost=0.00..309384.22 rows=14739122 width=4) (actual time=0.014..6242.394 rows=14835720 loops=1)
  ->  Hash  (cost=109403.70..109403.70 rows=86942 width=8) (actual time=2201.900..2201.900 rows=82892 loops=1)
        Buckets: 131072  Batches: 2  Memory Usage: 2639kB
        ->  Hash Join  (cost=70218.80..109403.70 rows=86942 width=8) (actual time=1174.345..2174.279 rows=82892 loops=1)
              Hash Cond: (mi_idx.movie_id = t.id)
              ->  Seq Scan on movie_info_idx mi_idx  (cost=0.00..21735.35 rows=1380035 width=4) (actual time=0.031..435.604 rows=1380035 loops=1)
              ->  Hash  (cost=67604.59..67604.59 rows=159297 width=4) (actual time=1148.291..1148.291 rows=164184 loops=1)
                    Buckets: 131072  Batches: 4  Memory Usage: 2464kB
                    ->  Seq Scan on title t  (cost=0.00..67604.59 rows=159297 width=4) (actual time=1.382..1095.143 rows=164184 loops=1)
                          Filter: (production_year < 1950)
                          Rows Removed by Filter: 2364128
Planning time: 1.161 ms
Execution time: 14090.499 ms
