Hash Join  (cost=204272.41..735871.52 rows=4854019 width=0) (actual time=4720.440..22432.723 rows=15757484 loops=1)
  Hash Cond: (mi.movie_id = t.id)
  ->  Seq Scan on movie_info mi  (cost=0.00..309384.22 rows=14739122 width=4) (actual time=0.017..6437.408 rows=14835720 loops=1)
  ->  Hash  (cost=190610.44..190610.44 rows=832717 width=8) (actual time=4719.349..4719.349 rows=1043572 loops=1)
        Buckets: 131072  Batches: 16  Memory Usage: 3587kB
        ->  Hash Join  (cost=102767.86..190610.44 rows=832717 width=8) (actual time=2104.192..4418.405 rows=1043572 loops=1)
              Hash Cond: (mc.movie_id = t.id)
              ->  Seq Scan on movie_companies mc  (cost=0.00..57926.93 rows=832717 width=4) (actual time=0.043..993.776 rows=1043572 loops=1)
                    Filter: ((company_id > 4283) AND (company_type_id > 1))
                    Rows Removed by Filter: 1565557
              ->  Hash  (cost=61283.27..61283.27 rows=2528527 width=4) (actual time=2102.527..2102.527 rows=2528312 loops=1)
                    Buckets: 131072  Batches: 64  Memory Usage: 2415kB
                    ->  Seq Scan on title t  (cost=0.00..61283.27 rows=2528527 width=4) (actual time=0.011..1264.947 rows=2528312 loops=1)
Planning time: 2.628 ms
Execution time: 24141.795 ms
