Hash Join  (cost=140305.86..873629.07 rows=44762 width=0) (actual time=6769.839..16674.726 rows=30213 loops=1)
  Hash Cond: (ci.movie_id = t.id)
  ->  Seq Scan on cast_info ci  (cost=0.00..705507.15 rows=7298253 width=4) (actual time=4338.853..12886.151 rows=7451973 loops=1)
        Filter: (role_id = 2)
        Rows Removed by Filter: 28792371
  ->  Hash  (cost=140112.01..140112.01 rows=15508 width=8) (actual time=2430.308..2430.308 rows=10880 loops=1)
        Buckets: 16384  Batches: 1  Memory Usage: 553kB
        ->  Hash Join  (cost=79366.51..140112.01 rows=15508 width=8) (actual time=1464.742..2426.279 rows=10880 loops=1)
              Hash Cond: (mc.movie_id = t.id)
              ->  Seq Scan on movie_companies mc  (cost=0.00..57926.93 rows=118263 width=4) (actual time=0.074..867.175 rows=53070 loops=1)
                    Filter: ((company_id < 92) AND (company_type_id = 2))
                    Rows Removed by Filter: 2556059
              ->  Hash  (cost=73925.90..73925.90 rows=331568 width=4) (actual time=1463.761..1463.761 rows=445194 loops=1)
                    Buckets: 131072  Batches: 8  Memory Usage: 2992kB
                    ->  Seq Scan on title t  (cost=0.00..73925.90 rows=331568 width=4) (actual time=0.051..1322.880 rows=445194 loops=1)
                          Filter: ((kind_id < 7) AND (production_year < 1996))
                          Rows Removed by Filter: 2083118
Planning time: 1.214 ms
Execution time: 16680.568 ms
