Seq Scan on cast_info ci  (cost=0.00..796071.18 rows=276 width=0) (actual time=12384.660..13964.929 rows=42 loops=1)
  Filter: ((role_id < 3) AND (person_id = 2334654))
  Rows Removed by Filter: 36244302
Planning time: 0.298 ms
Execution time: 13965.044 ms
