Hash Join  (cost=118191.21..501552.99 rows=124903 width=0) (actual time=6633.097..9803.823 rows=674606 loops=1)
  Hash Cond: (mi.movie_id = t.id)
  ->  Seq Scan on movie_info mi  (cost=0.00..346232.03 rows=3068194 width=4) (actual time=2743.923..5233.385 rows=3036719 loops=1)
        Filter: (info_type_id = 16)
        Rows Removed by Filter: 11799001
  ->  Hash  (cost=116501.54..116501.54 rows=102934 width=8) (actual time=2531.372..2531.372 rows=246614 loops=1)
        Buckets: 131072 (originally 131072)  Batches: 4 (originally 2)  Memory Usage: 3443kB
        ->  Hash Join  (cost=78593.13..116501.54 rows=102934 width=8) (actual time=1550.870..2451.635 rows=246614 loops=1)
              Hash Cond: (mi_idx.movie_id = t.id)
              ->  Seq Scan on movie_info_idx mi_idx  (cost=0.00..25185.44 rows=915101 width=4) (actual time=0.015..620.699 rows=919850 loops=1)
                    Filter: (info_type_id < 101)
                    Rows Removed by Filter: 460185
              ->  Hash  (cost=73925.90..73925.90 rows=284418 width=4) (actual time=1300.713..1300.713 rows=382296 loops=1)
                    Buckets: 131072 (originally 131072)  Batches: 8 (originally 4)  Memory Usage: 3073kB
                    ->  Seq Scan on title t  (cost=0.00..73925.90 rows=284418 width=4) (actual time=366.357..1169.368 rows=382296 loops=1)
                          Filter: ((kind_id < 2) AND (production_year < 2001))
                          Rows Removed by Filter: 2146016
Planning time: 1.196 ms
Execution time: 9880.473 ms
