Hash Join  (cost=58375.85..809172.60 rows=759 width=0) (actual time=824.793..16634.180 rows=8199 loops=1)
  Hash Cond: (ci.movie_id = t.id)
  ->  Seq Scan on cast_info ci  (cost=0.00..614943.12 rows=36225612 width=4) (actual time=0.024..9074.772 rows=36244344 loops=1)
  ->  Hash  (cost=58375.18..58375.18 rows=53 width=8) (actual time=820.721..820.721 rows=108 loops=1)
        Buckets: 1024  Batches: 1  Memory Usage: 13kB
        ->  Nested Loop  (cost=0.43..58375.18 rows=53 width=8) (actual time=224.048..820.612 rows=108 loops=1)
              ->  Seq Scan on movie_companies mc  (cost=0.00..57926.93 rows=53 width=4) (actual time=223.966..814.254 rows=108 loops=1)
                    Filter: ((company_id = 6227) AND (company_type_id = 2))
                    Rows Removed by Filter: 2609021
              ->  Index Only Scan using title_pkey on title t  (cost=0.43..8.45 rows=1 width=4) (actual time=0.056..0.056 rows=1 loops=108)
                    Index Cond: (id = mc.movie_id)
                    Heap Fetches: 108
Planning time: 1.166 ms
Execution time: 16637.342 ms
