Hash Join  (cost=709675.03..1079277.42 rows=370 width=0) (actual time=11703.168..17607.928 rows=172 loops=1)
  Hash Cond: (mi.movie_id = t.id)
  ->  Seq Scan on movie_info mi  (cost=0.00..346232.03 rows=6231111 width=4) (actual time=778.102..5842.629 rows=6223494 loops=1)
        Filter: (info_type_id > 8)
        Rows Removed by Filter: 8612226
  ->  Hash  (cost=709673.15..709673.15 rows=150 width=8) (actual time=10896.170..10896.170 rows=55 loops=1)
        Buckets: 1024  Batches: 1  Memory Usage: 11kB
        ->  Nested Loop  (cost=0.43..709673.15 rows=150 width=8) (actual time=2464.396..10896.069 rows=55 loops=1)
              ->  Seq Scan on cast_info ci  (cost=0.00..705507.15 rows=500 width=4) (actual time=2464.319..10881.451 rows=311 loops=1)
                    Filter: (person_id = 1769037)
                    Rows Removed by Filter: 36244033
              ->  Index Scan using title_pkey on title t  (cost=0.43..8.32 rows=1 width=4) (actual time=0.046..0.046 rows=0 loops=311)
                    Index Cond: (id = ci.movie_id)
                    Filter: (kind_id < 3)
                    Rows Removed by Filter: 1
Planning time: 1.145 ms
Execution time: 17608.190 ms
