Seq Scan on movie_companies mc  (cost=0.00..51404.11 rows=461830 width=0) (actual time=0.011..780.854 rows=458080 loops=1)
  Filter: (company_id < 394)
  Rows Removed by Filter: 2151049
Planning time: 0.344 ms
Execution time: 839.036 ms
