Seq Scan on cast_info ci  (cost=0.00..796071.18 rows=436953 width=0) (actual time=8632.565..11288.849 rows=805838 loops=1)
  Filter: ((person_id > 3062259) AND (role_id = 4))
  Rows Removed by Filter: 35438506
Planning time: 6.394 ms
Execution time: 11387.063 ms
