Hash Join  (cost=95523.84..893670.20 rows=4751 width=0) (actual time=7579.803..13248.236 rows=22561 loops=1)
  Hash Cond: (ci.movie_id = t.id)
  ->  Seq Scan on cast_info ci  (cost=0.00..796071.18 rows=540714 width=4) (actual time=5709.693..11145.410 rows=1049632 loops=1)
        Filter: ((person_id < 146890) AND (role_id = 1))
        Rows Removed by Filter: 35194712
  ->  Hash  (cost=95246.11..95246.11 rows=22218 width=8) (actual time=1860.619..1860.619 rows=26998 loops=1)
        Buckets: 32768  Batches: 1  Memory Usage: 1311kB
        ->  Hash Join  (cost=68113.45..95246.11 rows=22218 width=8) (actual time=1227.097..1851.149 rows=26998 loops=1)
              Hash Cond: (mi_idx.movie_id = t.id)
              ->  Seq Scan on movie_info_idx mi_idx  (cost=0.00..21735.35 rows=1380035 width=4) (actual time=0.033..296.964 rows=1380035 loops=1)
              ->  Hash  (cost=67604.59..67604.59 rows=40709 width=4) (actual time=1226.690..1226.690 rows=38955 loops=1)
                    Buckets: 65536  Batches: 1  Memory Usage: 1882kB
                    ->  Seq Scan on title t  (cost=0.00..67604.59 rows=40709 width=4) (actual time=0.034..1210.088 rows=38955 loops=1)
                          Filter: (production_year = 1997)
                          Rows Removed by Filter: 2489357
Planning time: 0.765 ms
Execution time: 13251.667 ms
