Hash Join  (cost=58375.85..150166.06 rows=60 width=0) (actual time=973.888..2746.745 rows=90 loops=1)
  Hash Cond: (mk.movie_id = t.id)
  ->  Seq Scan on movie_keyword mk  (cost=0.00..81003.12 rows=2876397 width=4) (actual time=0.024..1539.778 rows=2870370 loops=1)
        Filter: (keyword_id < 8845)
        Rows Removed by Filter: 1653560
  ->  Hash  (cost=58375.18..58375.18 rows=53 width=8) (actual time=784.674..784.674 rows=1090 loops=1)
        Buckets: 2048 (originally 1024)  Batches: 1 (originally 1)  Memory Usage: 59kB
        ->  Nested Loop  (cost=0.43..58375.18 rows=53 width=8) (actual time=240.425..784.192 rows=1090 loops=1)
              ->  Seq Scan on movie_companies mc  (cost=0.00..57926.93 rows=53 width=4) (actual time=240.331..762.802 rows=1090 loops=1)
                    Filter: ((company_id = 73705) AND (company_type_id = 2))
                    Rows Removed by Filter: 2608039
              ->  Index Only Scan using title_pkey on title t  (cost=0.43..8.45 rows=1 width=4) (actual time=0.019..0.019 rows=1 loops=1090)
                    Index Cond: (id = mc.movie_id)
                    Heap Fetches: 1090
Planning time: 1.162 ms
Execution time: 2746.881 ms
