Hash Join  (cost=798789.81..885450.12 rows=227 width=0) (actual time=14879.088..16180.088 rows=583 loops=1)
  Hash Cond: (mk.movie_id = t.id)
  ->  Seq Scan on movie_keyword mk  (cost=0.00..69693.30 rows=4523930 width=4) (actual time=0.019..999.022 rows=4523930 loops=1)
  ->  Hash  (cost=798788.22..798788.22 rows=127 width=8) (actual time=14394.058..14394.058 rows=20 loops=1)
        Buckets: 1024  Batches: 1  Memory Usage: 9kB
        ->  Nested Loop  (cost=0.43..798788.22 rows=127 width=8) (actual time=2529.648..14393.983 rows=20 loops=1)
              ->  Seq Scan on cast_info ci  (cost=0.00..796071.18 rows=324 width=4) (actual time=2529.497..14390.187 rows=155 loops=1)
                    Filter: ((role_id > 1) AND (person_id = 237757))
                    Rows Removed by Filter: 36244189
              ->  Index Scan using title_pkey on title t  (cost=0.43..8.38 rows=1 width=4) (actual time=0.023..0.023 rows=0 loops=155)
                    Index Cond: (id = ci.movie_id)
                    Filter: (kind_id < 7)
                    Rows Removed by Filter: 1
Planning time: 1.096 ms
Execution time: 16180.394 ms
