Hash Join  (cost=981253.27..1586539.40 rows=8977796 width=0) (actual time=14770.553..30988.833 rows=9615838 loops=1)
  Hash Cond: (mi.movie_id = t.id)
  ->  Seq Scan on movie_info mi  (cost=0.00..346232.03 rows=12665229 width=4) (actual time=0.011..6920.928 rows=12744652 loops=1)
        Filter: (info_type_id > 2)
        Rows Removed by Filter: 2091068
  ->  Hash  (cost=951846.82..951846.82 rows=1792356 width=8) (actual time=14769.015..14769.015 rows=765986 loops=1)
        Buckets: 131072  Batches: 32  Memory Usage: 1965kB
        ->  Hash Join  (cost=102767.86..951846.82 rows=1792356 width=8) (actual time=2401.518..14533.806 rows=765986 loops=1)
              Hash Cond: (ci.movie_id = t.id)
              ->  Seq Scan on cast_info ci  (cost=0.00..796071.18 rows=1792356 width=4) (actual time=501.988..11261.617 rows=765986 loops=1)
                    Filter: ((person_id < 261380) AND (role_id > 1))
                    Rows Removed by Filter: 35478358
              ->  Hash  (cost=61283.27..61283.27 rows=2528527 width=4) (actual time=1898.373..1898.373 rows=2528312 loops=1)
                    Buckets: 131072  Batches: 64  Memory Usage: 2415kB
                    ->  Seq Scan on title t  (cost=0.00..61283.27 rows=2528527 width=4) (actual time=0.024..1047.584 rows=2528312 loops=1)
Planning time: 2.872 ms
Execution time: 32031.094 ms
