Seq Scan on movie_companies mc  (cost=0.00..57926.93 rows=994523 width=0) (actual time=219.063..1170.136 rows=1151778 loops=1)
  Filter: ((company_id > 885) AND (company_type_id = 2))
  Rows Removed by Filter: 1457351
Planning time: 0.422 ms
Execution time: 1319.473 ms
