Hash Join  (cost=77354.40..155376.73 rows=215580 width=0) (actual time=1099.038..3082.093 rows=263784 loops=1)
  Hash Cond: (mc.movie_id = t.id)
  ->  Seq Scan on movie_companies mc  (cost=0.00..44881.29 rows=2609129 width=4) (actual time=0.019..915.325 rows=2609129 loops=1)
  ->  Hash  (cost=73925.90..73925.90 rows=208920 width=4) (actual time=1098.174..1098.174 rows=183835 loops=1)
        Buckets: 131072  Batches: 4  Memory Usage: 2649kB
        ->  Seq Scan on title t  (cost=0.00..73925.90 rows=208920 width=4) (actual time=0.090..1038.541 rows=183835 loops=1)
              Filter: ((kind_id < 7) AND (production_year > 2009))
              Rows Removed by Filter: 2344477
Planning time: 0.741 ms
Execution time: 3110.544 ms
