Seq Scan on title t  (cost=0.00..73925.90 rows=51191 width=0) (actual time=99.039..1088.496 rows=65982 loops=1)
  Filter: ((production_year < 2004) AND (kind_id = 3))
  Rows Removed by Filter: 2462330
Planning time: 15.780 ms
Execution time: 1097.345 ms
