Nested Loop  (cost=0.43..83072.29 rows=1 width=0) (actual time=37.843..1188.893 rows=7 loops=1)
  ->  Seq Scan on movie_keyword mk  (cost=0.00..81003.12 rows=246 width=4) (actual time=1.668..1151.575 rows=2290 loops=1)
        Filter: (keyword_id = 20342)
        Rows Removed by Filter: 4521640
  ->  Index Scan using title_pkey on title t  (cost=0.43..8.40 rows=1 width=4) (actual time=0.016..0.016 rows=0 loops=2290)
        Index Cond: (id = mk.movie_id)
        Filter: (production_year = 1990)
        Rows Removed by Filter: 1
Planning time: 0.676 ms
Execution time: 1188.987 ms
