Hash Join  (cost=195703.76..954539.69 rows=804677 width=0) (actual time=3759.993..24159.433 rows=3186630 loops=1)
  Hash Cond: (ci.movie_id = t.id)
  ->  Seq Scan on cast_info ci  (cost=0.00..614943.12 rows=36225612 width=4) (actual time=0.011..8908.107 rows=36244344 loops=1)
  ->  Hash  (cost=195001.68..195001.68 rows=56166 width=8) (actual time=3759.594..3759.594 rows=52717 loops=1)
        Buckets: 65536  Batches: 1  Memory Usage: 2572kB
        ->  Hash Join  (cost=102767.86..195001.68 rows=56166 width=8) (actual time=2146.749..3744.493 rows=52717 loops=1)
              Hash Cond: (mk.movie_id = t.id)
              ->  Seq Scan on movie_keyword mk  (cost=0.00..81003.12 rows=56166 width=4) (actual time=0.086..1220.312 rows=52717 loops=1)
                    Filter: (keyword_id > 98347)
                    Rows Removed by Filter: 4471213
              ->  Hash  (cost=61283.27..61283.27 rows=2528527 width=4) (actual time=2143.403..2143.403 rows=2528312 loops=1)
                    Buckets: 131072  Batches: 64  Memory Usage: 2425kB
                    ->  Seq Scan on title t  (cost=0.00..61283.27 rows=2528527 width=4) (actual time=0.021..1007.419 rows=2528312 loops=1)
Planning time: 1.189 ms
Execution time: 24578.686 ms
