Hash Join  (cost=79366.51..193152.31 rows=320713 width=0) (actual time=1291.830..4432.868 rows=1013618 loops=1)
  Hash Cond: (mk.movie_id = t.id)
  ->  Seq Scan on movie_keyword mk  (cost=0.00..81003.12 rows=2445747 width=4) (actual time=0.019..1552.134 rows=2446778 loops=1)
        Filter: (keyword_id < 5831)
        Rows Removed by Filter: 2077152
  ->  Hash  (cost=73925.90..73925.90 rows=331568 width=4) (actual time=1290.765..1290.765 rows=445194 loops=1)
        Buckets: 131072  Batches: 8  Memory Usage: 2999kB
        ->  Seq Scan on title t  (cost=0.00..73925.90 rows=331568 width=4) (actual time=0.009..1145.758 rows=445194 loops=1)
              Filter: ((kind_id < 7) AND (production_year < 1996))
              Rows Removed by Filter: 2083118
Planning time: 0.623 ms
Execution time: 4555.456 ms
