Hash Join  (cost=89338.33..125131.88 rows=168715 width=0) (actual time=1461.366..2395.507 rows=313707 loops=1)
  Hash Cond: (mi_idx.movie_id = t.id)
  ->  Seq Scan on movie_info_idx mi_idx  (cost=0.00..25185.44 rows=454124 width=4) (actual time=0.026..468.894 rows=459925 loops=1)
        Filter: (info_type_id = 100)
        Rows Removed by Filter: 920110
  ->  Hash  (cost=73925.90..73925.90 rows=939394 width=4) (actual time=1460.260..1460.260 rows=917932 loops=1)
        Buckets: 131072  Batches: 16  Memory Usage: 3041kB
        ->  Seq Scan on title t  (cost=0.00..73925.90 rows=939394 width=4) (actual time=0.020..1170.035 rows=917932 loops=1)
              Filter: ((kind_id < 7) AND (production_year > 1914))
              Rows Removed by Filter: 1610380
Planning time: 0.762 ms
Execution time: 2431.973 ms
