Seq Scan on movie_companies mc  (cost=0.00..57926.93 rows=53 width=0) (actual time=0.909..849.649 rows=88 loops=1)
  Filter: ((company_id = 353) AND (company_type_id = 2))
  Rows Removed by Filter: 2609041
Planning time: 0.430 ms
Execution time: 849.785 ms
