Hash Join  (cost=105939.19..284528.28 rows=4180414 width=0) (actual time=2055.194..6836.373 rows=4313246 loops=1)
  Hash Cond: (mk.movie_id = t.id)
  ->  Seq Scan on movie_keyword mk  (cost=0.00..69693.30 rows=4523930 width=4) (actual time=0.014..1360.268 rows=4523930 loops=1)
  ->  Hash  (cost=67604.59..67604.59 rows=2336528 width=4) (actual time=2053.693..2053.693 rows=2328360 loops=1)
        Buckets: 131072  Batches: 32  Memory Usage: 3594kB
        ->  Seq Scan on title t  (cost=0.00..67604.59 rows=2336528 width=4) (actual time=0.029..1299.229 rows=2328360 loops=1)
              Filter: (production_year > 1934)
              Rows Removed by Filter: 199952
Planning time: 0.764 ms
Execution time: 7317.993 ms
