Seq Scan on movie_keyword mk  (cost=0.00..81003.12 rows=3565587 width=0) (actual time=0.019..1454.455 rows=3561091 loops=1)
  Filter: (keyword_id > 903)
  Rows Removed by Filter: 962839
Planning time: 0.324 ms
Execution time: 1887.020 ms
