Seq Scan on movie_keyword mk  (cost=0.00..81003.12 rows=246 width=0) (actual time=328.184..1244.553 rows=13 loops=1)
  Filter: (keyword_id = 85757)
  Rows Removed by Filter: 4523917
Planning time: 0.432 ms
Execution time: 1244.652 ms
