Hash Join  (cost=92883.59..898431.72 rows=111394 width=0) (actual time=9439.581..15837.685 rows=25358 loops=1)
  Hash Cond: (ci.movie_id = t.id)
  ->  Seq Scan on cast_info ci  (cost=0.00..796071.18 rows=182803 width=4) (actual time=7786.557..13928.143 rows=47415 loops=1)
        Filter: ((person_id < 2320314) AND (role_id = 7))
        Rows Removed by Filter: 36196929
  ->  Hash  (cost=67604.59..67604.59 rows=1540800 width=4) (actual time=1650.986..1650.986 rows=1543264 loops=1)
        Buckets: 131072  Batches: 32  Memory Usage: 2722kB
        ->  Seq Scan on title t  (cost=0.00..67604.59 rows=1540800 width=4) (actual time=0.041..1154.099 rows=1543264 loops=1)
              Filter: (kind_id = 7)
              Rows Removed by Filter: 985048
Planning time: 0.792 ms
Execution time: 15840.328 ms
