Seq Scan on title t  (cost=0.00..67604.59 rows=7437 width=0) (actual time=531.337..1092.166 rows=2493 loops=1)
  Filter: (production_year = 1934)
  Rows Removed by Filter: 2525819
Planning time: 0.377 ms
Execution time: 1092.890 ms
