Hash Join  (cost=102767.86..1337789.07 rows=17831510 width=0) (actual time=2379.928..37796.037 rows=16515574 loops=1)
  Hash Cond: (ci.movie_id = t.id)
  ->  Seq Scan on cast_info ci  (cost=0.00..796071.18 rows=17831510 width=4) (actual time=0.023..16761.226 rows=16515574 loops=1)
        Filter: ((person_id > 1345478) AND (role_id < 8))
        Rows Removed by Filter: 19728770
  ->  Hash  (cost=61283.27..61283.27 rows=2528527 width=4) (actual time=2378.565..2378.565 rows=2528312 loops=1)
        Buckets: 131072  Batches: 64  Memory Usage: 2415kB
        ->  Seq Scan on title t  (cost=0.00..61283.27 rows=2528527 width=4) (actual time=0.012..1139.447 rows=2528312 loops=1)
Planning time: 0.806 ms
Execution time: 39699.688 ms
