Hash Join  (cost=82606.92..1194283.00 rows=7580592 width=0) (actual time=1388.627..35692.455 rows=9012036 loops=1)
  Hash Cond: (ci.movie_id = t.id)
  ->  Seq Scan on cast_info ci  (cost=0.00..614943.12 rows=36225612 width=4) (actual time=0.015..13061.178 rows=36244344 loops=1)
  ->  Hash  (cost=73925.90..73925.90 rows=529121 width=4) (actual time=1387.530..1387.530 rows=594471 loops=1)
        Buckets: 131072  Batches: 8  Memory Usage: 3653kB
        ->  Seq Scan on title t  (cost=0.00..73925.90 rows=529121 width=4) (actual time=0.022..1193.519 rows=594471 loops=1)
              Filter: ((kind_id < 4) AND (production_year < 2007))
              Rows Removed by Filter: 1933841
Planning time: 0.755 ms
Execution time: 36699.815 ms
