Hash Join  (cost=74545.71..832438.65 rows=710378 width=0) (actual time=1110.687..21260.756 rows=629369 loops=1)
  Hash Cond: (ci.movie_id = t.id)
  ->  Seq Scan on cast_info ci  (cost=0.00..614943.12 rows=36225612 width=4) (actual time=0.008..9008.390 rows=36244344 loops=1)
  ->  Hash  (cost=73925.90..73925.90 rows=49584 width=4) (actual time=1110.313..1110.313 rows=38752 loops=1)
        Buckets: 65536  Batches: 1  Memory Usage: 1875kB
        ->  Seq Scan on title t  (cost=0.00..73925.90 rows=49584 width=4) (actual time=0.021..1094.074 rows=38752 loops=1)
              Filter: ((kind_id < 7) AND (production_year = 2008))
              Rows Removed by Filter: 2489560
Planning time: 0.833 ms
Execution time: 21355.359 ms
