Seq Scan on movie_companies mc  (cost=0.00..51404.11 rows=822660 width=0) (actual time=0.018..852.458 rows=831647 loops=1)
  Filter: (company_id > 27169)
  Rows Removed by Filter: 1777482
Planning time: 0.365 ms
Execution time: 957.107 ms
