Hash Join  (cost=83072.57..109983.18 rows=12 width=0) (actual time=736.341..1090.933 rows=156 loops=1)
  Hash Cond: (mi_idx.movie_id = t.id)
  ->  Seq Scan on movie_info_idx mi_idx  (cost=0.00..21735.35 rows=1380035 width=4) (actual time=0.019..182.194 rows=1380035 loops=1)
  ->  Hash  (cost=83072.29..83072.29 rows=23 width=8) (actual time=735.243..735.243 rows=62 loops=1)
        Buckets: 1024  Batches: 1  Memory Usage: 11kB
        ->  Nested Loop  (cost=0.43..83072.29 rows=23 width=8) (actual time=73.719..735.143 rows=62 loops=1)
              ->  Seq Scan on movie_keyword mk  (cost=0.00..81003.12 rows=246 width=4) (actual time=0.633..704.450 rows=1749 loops=1)
                    Filter: (keyword_id = 1221)
                    Rows Removed by Filter: 4522181
              ->  Index Scan using title_pkey on title t  (cost=0.43..8.40 rows=1 width=4) (actual time=0.017..0.017 rows=0 loops=1749)
                    Index Cond: (id = mk.movie_id)
                    Filter: (production_year > 2011)
                    Rows Removed by Filter: 1
Planning time: 1.030 ms
Execution time: 1091.085 ms
