Hash Join  (cost=102767.86..236063.85 rows=1762638 width=0) (actual time=1848.003..5149.168 rows=1770095 loops=1)
  Hash Cond: (mk.movie_id = t.id)
  ->  Seq Scan on movie_keyword mk  (cost=0.00..81003.12 rows=1762638 width=4) (actual time=0.021..1581.929 rows=1770095 loops=1)
        Filter: (keyword_id < 2869)
        Rows Removed by Filter: 2753835
  ->  Hash  (cost=61283.27..61283.27 rows=2528527 width=4) (actual time=1847.080..1847.080 rows=2528312 loops=1)
        Buckets: 131072  Batches: 64  Memory Usage: 2425kB
        ->  Seq Scan on title t  (cost=0.00..61283.27 rows=2528527 width=4) (actual time=0.010..993.996 rows=2528312 loops=1)
Planning time: 0.739 ms
Execution time: 5352.672 ms
