Hash Join  (cost=137708.86..218591.85 rows=423146 width=0) (actual time=6695.119..9705.398 rows=2808383 loops=1)
  Hash Cond: (mc.movie_id = t.id)
  ->  Seq Scan on movie_companies mc  (cost=0.00..44881.29 rows=2609129 width=4) (actual time=0.009..888.011 rows=2609129 loops=1)
  ->  Hash  (cost=130980.94..130980.94 rows=410074 width=8) (actual time=6694.009..6694.009 rows=838326 loops=1)
        Buckets: 131072 (originally 131072)  Batches: 16 (originally 8)  Memory Usage: 3076kB
        ->  Hash Join  (cost=86252.72..130980.94 rows=410074 width=8) (actual time=1522.897..6456.444 rows=838326 loops=1)
              Hash Cond: (mi_idx.movie_id = t.id)
              ->  Seq Scan on movie_info_idx mi_idx  (cost=0.00..21735.35 rows=1380035 width=4) (actual time=0.018..3928.640 rows=1380035 loops=1)
              ->  Hash  (cost=73925.90..73925.90 rows=751345 width=4) (actual time=1520.202..1520.202 rows=793943 loops=1)
                    Buckets: 131072  Batches: 16  Memory Usage: 2771kB
                    ->  Seq Scan on title t  (cost=0.00..73925.90 rows=751345 width=4) (actual time=0.024..1277.361 rows=793943 loops=1)
                          Filter: ((kind_id < 7) AND (production_year < 2010))
                          Rows Removed by Filter: 1734369
Planning time: 1.206 ms
Execution time: 9999.892 ms
