Hash Join  (cost=102767.86..812658.87 rows=14702584 width=0) (actual time=1865.883..21878.567 rows=14785453 loops=1)
  Hash Cond: (mi.movie_id = t.id)
  ->  Seq Scan on movie_info mi  (cost=0.00..346232.03 rows=14702584 width=4) (actual time=0.022..7783.949 rows=14785453 loops=1)
        Filter: (info_type_id < 108)
        Rows Removed by Filter: 50267
  ->  Hash  (cost=61283.27..61283.27 rows=2528527 width=4) (actual time=1864.527..1864.527 rows=2528312 loops=1)
        Buckets: 131072  Batches: 64  Memory Usage: 2425kB
        ->  Seq Scan on title t  (cost=0.00..61283.27 rows=2528527 width=4) (actual time=0.016..1022.796 rows=2528312 loops=1)
Planning time: 1.580 ms
Execution time: 23513.665 ms
