Hash Join  (cost=93341.87..241140.45 rows=2117354 width=0) (actual time=3967.631..5393.219 rows=526478 loops=1)
  Hash Cond: (mk.movie_id = t.id)
  ->  Seq Scan on movie_keyword mk  (cost=0.00..69693.30 rows=4523930 width=4) (actual time=0.028..1398.497 rows=4523930 loops=1)
  ->  Hash  (cost=73925.90..73925.90 rows=1183437 width=4) (actual time=1840.074..1840.074 rows=1268635 loops=1)
        Buckets: 131072  Batches: 16  Memory Usage: 3829kB
        ->  Seq Scan on title t  (cost=0.00..73925.90 rows=1183437 width=4) (actual time=267.652..1428.534 rows=1268635 loops=1)
              Filter: ((production_year > 1980) AND (kind_id = 7))
              Rows Removed by Filter: 1259677
Planning time: 0.733 ms
Execution time: 5452.652 ms
