Nested Loop  (cost=0.43..709674.40 rows=12 width=0) (actual time=3280.075..11743.277 rows=7 loops=1)
  ->  Seq Scan on cast_info ci  (cost=0.00..705507.15 rows=500 width=4) (actual time=3271.682..11666.556 rows=3610 loops=1)
        Filter: (person_id = 254557)
        Rows Removed by Filter: 36240734
  ->  Index Scan using title_pkey on title t  (cost=0.43..8.32 rows=1 width=4) (actual time=0.021..0.021 rows=0 loops=3610)
        Index Cond: (id = ci.movie_id)
        Filter: ((production_year > 1994) AND (kind_id = 2))
        Rows Removed by Filter: 1
Planning time: 0.822 ms
Execution time: 11743.402 ms
