Hash Join  (cost=102767.86..235775.39 rows=1750671 width=0) (actual time=2026.583..5358.543 rows=1755350 loops=1)
  Hash Cond: (mk.movie_id = t.id)
  ->  Seq Scan on movie_keyword mk  (cost=0.00..81003.12 rows=1750671 width=4) (actual time=0.017..1634.431 rows=1755350 loops=1)
        Filter: (keyword_id > 7905)
        Rows Removed by Filter: 2768580
  ->  Hash  (cost=61283.27..61283.27 rows=2528527 width=4) (actual time=2024.644..2024.644 rows=2528312 loops=1)
        Buckets: 131072  Batches: 64  Memory Usage: 2425kB
        ->  Seq Scan on title t  (cost=0.00..61283.27 rows=2528527 width=4) (actual time=0.010..1151.190 rows=2528312 loops=1)
Planning time: 0.842 ms
Execution time: 5559.596 ms
