Hash Join  (cost=78325.14..157189.12 rows=276645 width=0) (actual time=1766.321..3427.023 rows=174098 loops=1)
  Hash Cond: (mc.movie_id = t.id)
  ->  Seq Scan on movie_companies mc  (cost=0.00..44881.29 rows=2609129 width=4) (actual time=0.026..1052.161 rows=2609129 loops=1)
  ->  Hash  (cost=73925.90..73925.90 rows=268099 width=4) (actual time=1278.778..1278.778 rows=161686 loops=1)
        Buckets: 131072  Batches: 4  Memory Usage: 2444kB
        ->  Seq Scan on title t  (cost=0.00..73925.90 rows=268099 width=4) (actual time=0.021..1224.042 rows=161686 loops=1)
              Filter: ((production_year < 1975) AND (kind_id = 7))
              Rows Removed by Filter: 2366626
Planning time: 0.746 ms
Execution time: 3446.427 ms
