Hash Join  (cost=141769.55..248107.56 rows=68153 width=0) (actual time=3193.465..5533.399 rows=330962 loops=1)
  Hash Cond: (mk.movie_id = t.id)
  ->  Seq Scan on movie_keyword mk  (cost=0.00..81003.12 rows=2104360 width=4) (actual time=0.033..1615.437 rows=2103194 loops=1)
        Filter: (keyword_id > 5710)
        Rows Removed by Filter: 2420736
  ->  Hash  (cost=140425.93..140425.93 rows=81890 width=8) (actual time=3184.256..3184.256 rows=73369 loops=1)
        Buckets: 131072  Batches: 2  Memory Usage: 2468kB
        ->  Hash Join  (cost=74050.79..140425.93 rows=81890 width=8) (actual time=1401.811..3157.916 rows=73369 loops=1)
              Hash Cond: (mc.movie_id = t.id)
              ->  Seq Scan on movie_companies mc  (cost=0.00..57926.93 rows=527015 width=4) (actual time=0.024..1047.237 rows=736780 loops=1)
                    Filter: ((company_id < 6629) AND (company_type_id = 1))
                    Rows Removed by Filter: 1872349
              ->  Hash  (cost=67604.59..67604.59 rows=392896 width=4) (actual time=1400.928..1400.928 rows=391666 loops=1)
                    Buckets: 131072  Batches: 8  Memory Usage: 2753kB
                    ->  Seq Scan on title t  (cost=0.00..67604.59 rows=392896 width=4) (actual time=0.017..1267.943 rows=391666 loops=1)
                          Filter: (production_year > 2010)
                          Rows Removed by Filter: 2136646
Planning time: 7.124 ms
Execution time: 5576.161 ms
