Hash Join  (cost=73992.58..438959.44 rows=31093 width=0) (actual time=1129.321..8930.671 rows=125607 loops=1)
  Hash Cond: (mi.movie_id = t.id)
  ->  Seq Scan on movie_info mi  (cost=0.00..309384.22 rows=14739122 width=4) (actual time=0.014..4317.172 rows=14835720 loops=1)
  ->  Hash  (cost=73925.90..73925.90 rows=5334 width=4) (actual time=1122.320..1122.320 rows=13851 loops=1)
        Buckets: 16384 (originally 8192)  Batches: 1 (originally 1)  Memory Usage: 615kB
        ->  Seq Scan on title t  (cost=0.00..73925.90 rows=5334 width=4) (actual time=567.764..1116.530 rows=13851 loops=1)
              Filter: ((kind_id < 7) AND (production_year < 1904))
              Rows Removed by Filter: 2514461
Planning time: 0.773 ms
Execution time: 8949.871 ms
