Hash Join  (cost=132432.15..219149.80 rows=5961 width=0) (actual time=3792.365..4464.166 rows=10179 loops=1)
  Hash Cond: (mk.movie_id = t.id)
  ->  Seq Scan on movie_keyword mk  (cost=0.00..69693.30 rows=4523930 width=4) (actual time=0.012..1037.435 rows=4523930 loops=1)
  ->  Hash  (cost=132390.50..132390.50 rows=3332 width=8) (actual time=2625.441..2625.441 rows=4411 loops=1)
        Buckets: 8192 (originally 4096)  Batches: 1 (originally 1)  Memory Usage: 237kB
        ->  Hash Join  (cost=73982.55..132390.50 rows=3332 width=8) (actual time=1510.914..2623.405 rows=4411 loops=1)
              Hash Cond: (mc.movie_id = t.id)
              ->  Seq Scan on movie_companies mc  (cost=0.00..51404.11 rows=1858803 width=4) (actual time=0.029..1036.648 rows=1854144 loops=1)
                    Filter: (company_id < 36215)
                    Rows Removed by Filter: 754985
              ->  Hash  (cost=73925.90..73925.90 rows=4532 width=4) (actual time=1203.627..1203.627 rows=14325 loops=1)
                    Buckets: 16384 (originally 8192)  Batches: 1 (originally 1)  Memory Usage: 632kB
                    ->  Seq Scan on title t  (cost=0.00..73925.90 rows=4532 width=4) (actual time=0.068..1197.273 rows=14325 loops=1)
                          Filter: ((kind_id > 6) AND (production_year = 1991))
                          Rows Removed by Filter: 2513987
Planning time: 1.134 ms
Execution time: 4465.736 ms
