Hash Join  (cost=74118.09..827110.00 rows=220274 width=0) (actual time=1130.709..18961.703 rows=178931 loops=1)
  Hash Cond: (ci.movie_id = t.id)
  ->  Seq Scan on cast_info ci  (cost=0.00..614943.12 rows=36225612 width=4) (actual time=0.016..9437.028 rows=36244344 loops=1)
  ->  Hash  (cost=73925.90..73925.90 rows=15375 width=4) (actual time=1130.328..1130.328 rows=8740 loops=1)
        Buckets: 16384  Batches: 1  Memory Usage: 436kB
        ->  Seq Scan on title t  (cost=0.00..73925.90 rows=15375 width=4) (actual time=281.804..1126.539 rows=8740 loops=1)
              Filter: ((kind_id < 2) AND (production_year = 2001))
              Rows Removed by Filter: 2519572
Planning time: 0.831 ms
Execution time: 18996.273 ms
