Seq Scan on cast_info ci  (cost=0.00..705507.15 rows=3878095 width=0) (actual time=7762.370..11422.711 rows=3921803 loops=1)
  Filter: (person_id > 3340814)
  Rows Removed by Filter: 32322541
Planning time: 0.346 ms
Execution time: 11916.016 ms
