Hash Join  (cost=140735.11..639619.92 rows=1787985 width=0) (actual time=2954.773..16251.434 rows=1568553 loops=1)
  Hash Cond: (mi.movie_id = t.id)
  ->  Seq Scan on movie_info mi  (cost=0.00..309384.22 rows=14739122 width=4) (actual time=0.011..6107.416 rows=14835720 loops=1)
  ->  Hash  (cost=135701.95..135701.95 rows=306733 width=8) (actual time=2953.928..2953.928 rows=175310 loops=1)
        Buckets: 131072  Batches: 8  Memory Usage: 1887kB
        ->  Hash Join  (cost=94973.51..135701.95 rows=306733 width=8) (actual time=1872.474..2898.258 rows=175310 loops=1)
              Hash Cond: (mi_idx.movie_id = t.id)
              ->  Seq Scan on movie_info_idx mi_idx  (cost=0.00..25185.44 rows=464934 width=4) (actual time=0.015..464.299 rows=460185 loops=1)
                    Filter: (info_type_id > 100)
                    Rows Removed by Filter: 919850
              ->  Hash  (cost=67604.59..67604.59 rows=1668154 width=4) (actual time=1871.479..1871.479 rows=1674098 loops=1)
                    Buckets: 131072  Batches: 32  Memory Usage: 2869kB
                    ->  Seq Scan on title t  (cost=0.00..67604.59 rows=1668154 width=4) (actual time=0.023..1357.214 rows=1674098 loops=1)
                          Filter: (kind_id > 3)
                          Rows Removed by Filter: 854214
Planning time: 1.281 ms
Execution time: 16431.689 ms
