Hash Join  (cost=156845.23..687043.62 rows=4722744 width=0) (actual time=3562.488..21245.588 rows=10366445 loops=1)
  Hash Cond: (mi.movie_id = t.id)
  ->  Seq Scan on movie_info mi  (cost=0.00..309384.22 rows=14739122 width=4) (actual time=0.027..6242.538 rows=14835720 loops=1)
  ->  Hash  (cost=143552.76..143552.76 rows=810197 width=8) (actual time=3561.554..3561.554 rows=729984 loops=1)
        Buckets: 131072  Batches: 16  Memory Usage: 2812kB
        ->  Hash Join  (cost=91959.31..143552.76 rows=810197 width=8) (actual time=1749.091..3343.349 rows=729984 loops=1)
              Hash Cond: (mi_idx.movie_id = t.id)
              ->  Seq Scan on movie_info_idx mi_idx  (cost=0.00..21735.35 rows=1380035 width=4) (actual time=0.010..476.425 rows=1380035 loops=1)
              ->  Hash  (cost=67604.59..67604.59 rows=1484458 width=4) (actual time=1747.895..1747.895 rows=1485030 loops=1)
                    Buckets: 131072  Batches: 32  Memory Usage: 2655kB
                    ->  Seq Scan on title t  (cost=0.00..67604.59 rows=1484458 width=4) (actual time=0.036..1245.692 rows=1485030 loops=1)
                          Filter: (production_year > 1998)
                          Rows Removed by Filter: 1043282
Planning time: 1.240 ms
Execution time: 22403.605 ms
