Hash Join  (cost=171751.15..265023.12 rows=40321 width=0) (actual time=3221.515..5277.053 rows=7683 loops=1)
  Hash Cond: (mk.movie_id = t.id)
  ->  Seq Scan on movie_keyword mk  (cost=0.00..81003.12 rows=3164171 width=4) (actual time=0.014..1578.792 rows=3149315 loops=1)
        Filter: (keyword_id < 12152)
        Rows Removed by Filter: 1374615
  ->  Hash  (cost=171348.38..171348.38 rows=32221 width=8) (actual time=3213.927..3213.927 rows=6578 loops=1)
        Buckets: 32768  Batches: 1  Memory Usage: 513kB
        ->  Hash Join  (cost=102767.86..171348.38 rows=32221 width=8) (actual time=2036.734..3211.007 rows=6578 loops=1)
              Hash Cond: (mc.movie_id = t.id)
              ->  Seq Scan on movie_companies mc  (cost=0.00..57926.93 rows=32221 width=4) (actual time=0.039..934.543 rows=6578 loops=1)
                    Filter: ((company_type_id > 1) AND (company_id = 6))
                    Rows Removed by Filter: 2602551
              ->  Hash  (cost=61283.27..61283.27 rows=2528527 width=4) (actual time=1887.196..1887.196 rows=2528312 loops=1)
                    Buckets: 131072  Batches: 64  Memory Usage: 2415kB
                    ->  Seq Scan on title t  (cost=0.00..61283.27 rows=2528527 width=4) (actual time=0.017..1076.367 rows=2528312 loops=1)
Planning time: 1.128 ms
Execution time: 5278.524 ms
