Hash Join  (cost=73957.54..160660.86 rows=4528 width=0) (actual time=1151.446..2951.613 rows=14179 loops=1)
  Hash Cond: (mk.movie_id = t.id)
  ->  Seq Scan on movie_keyword mk  (cost=0.00..69693.30 rows=4523930 width=4) (actual time=0.020..1010.383 rows=4523930 loops=1)
  ->  Hash  (cost=73925.90..73925.90 rows=2531 width=4) (actual time=1147.287..1147.287 rows=3675 loops=1)
        Buckets: 4096  Batches: 1  Memory Usage: 162kB
        ->  Seq Scan on title t  (cost=0.00..73925.90 rows=2531 width=4) (actual time=0.178..1145.402 rows=3675 loops=1)
              Filter: ((kind_id < 4) AND (production_year = 1958))
              Rows Removed by Filter: 2524637
Planning time: 0.725 ms
Execution time: 2953.640 ms
