Hash Join  (cost=856544.60..3729250.06 rows=139337316 width=0) (actual time=22103.970..149565.970 rows=342444088 loops=1)
  Hash Cond: (ci.movie_id = t.id)
  ->  Seq Scan on cast_info ci  (cost=0.00..614943.12 rows=36225612 width=4) (actual time=0.013..13887.834 rows=36244344 loops=1)
  ->  Hash  (cost=696982.79..696982.79 rows=9725665 width=8) (actual time=22098.405..22098.405 rows=11024969 loops=1)
        Buckets: 131072 (originally 131072)  Batches: 256 (originally 128)  Memory Usage: 3073kB
        ->  Hash Join  (cost=94978.31..696982.79 rows=9725665 width=8) (actual time=1940.242..19084.974 rows=11024969 loops=1)
              Hash Cond: (mi.movie_id = t.id)
              ->  Seq Scan on movie_info mi  (cost=0.00..309384.22 rows=14739122 width=4) (actual time=0.012..6226.696 rows=14835720 loops=1)
              ->  Hash  (cost=67604.59..67604.59 rows=1668458 width=4) (actual time=1939.245..1939.245 rows=1671292 loops=1)
                    Buckets: 131072  Batches: 32  Memory Usage: 2867kB
                    ->  Seq Scan on title t  (cost=0.00..67604.59 rows=1668458 width=4) (actual time=0.015..1381.512 rows=1671292 loops=1)
                          Filter: (production_year < 2008)
                          Rows Removed by Filter: 857020
Planning time: 1.192 ms
Execution time: 190872.785 ms
