Hash Join  (cost=500476.68..547795.05 rows=560988 width=0) (actual time=23097.799..26058.632 rows=2448260 loops=1)
  Hash Cond: (mi_idx.movie_id = t.id)
  ->  Seq Scan on movie_info_idx mi_idx  (cost=0.00..21735.35 rows=1380035 width=4) (actual time=0.020..1368.918 rows=1380035 loops=1)
  ->  Hash  (cost=483612.51..483612.51 rows=1027854 width=8) (actual time=23096.879..23096.879 rows=1083166 loops=1)
        Buckets: 131072  Batches: 16  Memory Usage: 3615kB
        ->  Hash Join  (cost=102767.86..483612.51 rows=1027854 width=8) (actual time=13543.517..22764.284 rows=1083166 loops=1)
              Hash Cond: (mi.movie_id = t.id)
              ->  Seq Scan on movie_info mi  (cost=0.00..346232.03 rows=1027854 width=4) (actual time=8185.616..15654.522 rows=1083166 loops=1)
                    Filter: (info_type_id > 70)
                    Rows Removed by Filter: 13752554
              ->  Hash  (cost=61283.27..61283.27 rows=2528527 width=4) (actual time=5354.973..5354.973 rows=2528312 loops=1)
                    Buckets: 131072  Batches: 64  Memory Usage: 2425kB
                    ->  Seq Scan on title t  (cost=0.00..61283.27 rows=2528527 width=4) (actual time=0.023..3938.804 rows=2528312 loops=1)
Planning time: 1.104 ms
Execution time: 26370.519 ms
