Seq Scan on cast_info ci  (cost=0.00..705507.15 rows=12426333 width=0) (actual time=1743.688..33552.687 rows=12350349 loops=1)
  Filter: (person_id < 1217158)
  Rows Removed by Filter: 23893995
Planning time: 0.323 ms
Execution time: 35525.667 ms
