Seq Scan on movie_companies mc  (cost=0.00..57926.93 rows=1015970 width=0) (actual time=0.015..1114.774 rows=1274246 loops=1)
  Filter: ((company_id < 72166) AND (company_type_id < 2))
  Rows Removed by Filter: 1334883
Planning time: 3.445 ms
Execution time: 1272.904 ms
