Hash Join  (cost=75195.76..932034.11 rows=389266 width=0) (actual time=3707.430..49578.921 rows=555339 loops=1)
  Hash Cond: (ci.movie_id = t.id)
  ->  Seq Scan on cast_info ci  (cost=0.00..705507.15 rows=12725211 width=4) (actual time=0.015..38602.654 rows=12843053 loops=1)
        Filter: (person_id > 2394913)
        Rows Removed by Filter: 23401291
  ->  Hash  (cost=73925.90..73925.90 rows=77348 width=4) (actual time=3706.761..3706.761 rows=84109 loops=1)
        Buckets: 131072  Batches: 2  Memory Usage: 2509kB
        ->  Seq Scan on title t  (cost=0.00..73925.90 rows=77348 width=4) (actual time=0.016..3668.009 rows=84109 loops=1)
              Filter: ((kind_id = 7) AND (production_year = 2008))
              Rows Removed by Filter: 2444203
Planning time: 0.829 ms
Execution time: 49665.056 ms
