Seq Scan on movie_companies mc  (cost=0.00..51404.11 rows=1617135 width=0) (actual time=0.025..2331.578 rows=1614668 loops=1)
  Filter: (company_id > 4619)
  Rows Removed by Filter: 994461
Planning time: 0.301 ms
Execution time: 2547.178 ms
