Hash Join  (cost=227336.78..772291.16 rows=6105643 width=0) (actual time=10048.508..73726.760 rows=141568616 loops=1)
  Hash Cond: (mi.movie_id = t.id)
  ->  Seq Scan on movie_info mi  (cost=0.00..309384.22 rows=14739122 width=4) (actual time=0.018..19734.919 rows=14835720 loops=1)
  ->  Hash  (cost=210151.83..210151.83 rows=1047436 width=8) (actual time=10047.523..10047.523 rows=2271500 loops=1)
        Buckets: 131072 (originally 131072)  Batches: 32 (originally 16)  Memory Usage: 3866kB
        ->  Hash Join  (cost=83810.17..210151.83 rows=1047436 width=8) (actual time=3887.075..9421.424 rows=2271500 loops=1)
              Hash Cond: (mk.movie_id = t.id)
              ->  Seq Scan on movie_keyword mk  (cost=0.00..81003.12 rows=2681378 width=4) (actual time=0.015..3549.761 rows=2669259 loops=1)
                    Filter: (keyword_id > 3085)
                    Rows Removed by Filter: 1854671
              ->  Hash  (cost=67604.59..67604.59 rows=987727 width=4) (actual time=3884.329..3884.329 rows=985048 loops=1)
                    Buckets: 131072  Batches: 16  Memory Usage: 3197kB
                    ->  Seq Scan on title t  (cost=0.00..67604.59 rows=987727 width=4) (actual time=0.050..3477.700 rows=985048 loops=1)
                          Filter: (kind_id < 7)
                          Rows Removed by Filter: 1543264
Planning time: 1.055 ms
Execution time: 90753.263 ms
