Seq Scan on cast_info ci  (cost=0.00..796071.18 rows=2907182 width=0) (actual time=926.621..37271.684 rows=6593884 loops=1)
  Filter: ((person_id > 2999442) AND (role_id > 2))
  Rows Removed by Filter: 29650460
Planning time: 0.358 ms
Execution time: 38330.882 ms
