Seq Scan on cast_info ci  (cost=0.00..705507.15 rows=6544249 width=0) (actual time=44.275..34018.913 rows=6459728 loops=1)
  Filter: (person_id < 623869)
  Rows Removed by Filter: 29784616
Planning time: 3.381 ms
Execution time: 35013.950 ms
