Hash Join  (cost=107308.20..226447.10 rows=1226314 width=0) (actual time=6026.103..12830.171 rows=1281301 loops=1)
  Hash Cond: (mk.movie_id = t.id)
  ->  Seq Scan on movie_keyword mk  (cost=0.00..81003.12 rows=1281326 width=4) (actual time=0.015..4062.807 rows=1291410 loops=1)
        Filter: (keyword_id > 13685)
        Rows Removed by Filter: 3232520
  ->  Hash  (cost=67604.59..67604.59 rows=2419969 width=4) (actual time=6024.342..6024.342 rows=2413398 loops=1)
        Buckets: 131072  Batches: 32  Memory Usage: 3686kB
        ->  Seq Scan on title t  (cost=0.00..67604.59 rows=2419969 width=4) (actual time=0.019..4927.949 rows=2413398 loops=1)
              Filter: (production_year > 1912)
              Rows Removed by Filter: 114914
Planning time: 0.699 ms
Execution time: 12994.298 ms
