Hash Join  (cost=175027.18..243602.35 rows=324754 width=0) (actual time=8411.878..12348.828 rows=843883 loops=1)
  Hash Cond: (mc.movie_id = t.id)
  ->  Seq Scan on movie_companies mc  (cost=0.00..51404.11 rows=893470 width=4) (actual time=0.014..2968.646 rows=900846 loops=1)
        Filter: (company_id > 21368)
        Rows Removed by Filter: 1708283
  ->  Hash  (cost=159947.97..159947.97 rows=919057 width=8) (actual time=8411.004..8411.004 rows=920110 loops=1)
        Buckets: 131072  Batches: 16  Memory Usage: 3269kB
        ->  Hash Join  (cost=102767.86..159947.97 rows=919057 width=8) (actual time=5088.870..8135.273 rows=920110 loops=1)
              Hash Cond: (mi_idx.movie_id = t.id)
              ->  Seq Scan on movie_info_idx mi_idx  (cost=0.00..25185.44 rows=919057 width=4) (actual time=0.022..1791.513 rows=920110 loops=1)
                    Filter: (info_type_id > 99)
                    Rows Removed by Filter: 459925
              ->  Hash  (cost=61283.27..61283.27 rows=2528527 width=4) (actual time=5087.248..5087.248 rows=2528312 loops=1)
                    Buckets: 131072  Batches: 64  Memory Usage: 2415kB
                    ->  Seq Scan on title t  (cost=0.00..61283.27 rows=2528527 width=4) (actual time=0.017..4080.447 rows=2528312 loops=1)
Planning time: 13.186 ms
Execution time: 12460.411 ms
