Seq Scan on title t  (cost=0.00..73925.90 rows=36979 width=0) (actual time=438.885..2320.585 rows=1 loops=1)
  Filter: ((production_year < 1915) AND (kind_id = 7))
  Rows Removed by Filter: 2528311
Planning time: 1.177 ms
Execution time: 2320.721 ms
