Hash Join  (cost=102767.86..958204.04 rows=5820248 width=0) (actual time=7519.597..20964.178 rows=5732694 loops=1)
  Hash Cond: (ci.movie_id = t.id)
  ->  Seq Scan on cast_info ci  (cost=0.00..705507.15 rows=5820248 width=4) (actual time=5636.091..13660.570 rows=5732694 loops=1)
        Filter: (role_id > 8)
        Rows Removed by Filter: 30511650
  ->  Hash  (cost=61283.27..61283.27 rows=2528527 width=4) (actual time=1881.918..1881.918 rows=2528312 loops=1)
        Buckets: 131072  Batches: 64  Memory Usage: 2415kB
        ->  Seq Scan on title t  (cost=0.00..61283.27 rows=2528527 width=4) (actual time=0.016..1013.779 rows=2528312 loops=1)
Planning time: 0.731 ms
Execution time: 21600.440 ms
