Seq Scan on cast_info ci  (cost=0.00..796071.18 rows=8159540 width=42) (actual time=0.020..17364.905 rows=10579467 loops=1)
  Filter: ((person_id < 1445767) AND (role_id < 3))
  Rows Removed by Filter: 25664877
Planning time: 0.540 ms
Execution time: 17958.164 ms
