Hash Join  (cost=87247.62..617556.77 rows=4733123 width=0) (actual time=4079.101..32846.907 rows=7938672 loops=1)
  Hash Cond: (mi.movie_id = t.id)
  ->  Seq Scan on movie_info mi  (cost=0.00..309384.22 rows=14739122 width=4) (actual time=0.024..17293.732 rows=14835720 loops=1)
  ->  Hash  (cost=73925.90..73925.90 rows=811977 width=4) (actual time=4078.068..4078.068 rows=725903 loops=1)
        Buckets: 131072  Batches: 16  Memory Usage: 2630kB
        ->  Seq Scan on title t  (cost=0.00..73925.90 rows=811977 width=4) (actual time=0.011..3789.057 rows=725903 loops=1)
              Filter: ((kind_id < 7) AND (production_year > 1970))
              Rows Removed by Filter: 1802409
Planning time: 0.719 ms
Execution time: 33908.264 ms
