Hash Join  (cost=467813.85..603015.35 rows=1083347 width=0) (actual time=22958.536..33474.593 rows=8794937 loops=1)
  Hash Cond: (mk.movie_id = t.id)
  ->  Seq Scan on movie_keyword mk  (cost=0.00..69693.30 rows=4523930 width=4) (actual time=0.014..4831.856 rows=4523930 loops=1)
  ->  Hash  (cost=457879.01..457879.01 rows=605507 width=8) (actual time=22957.466..22957.466 rows=1519569 loops=1)
        Buckets: 131072 (originally 131072)  Batches: 32 (originally 8)  Memory Usage: 3073kB
        ->  Hash Join  (cost=83810.17..457879.01 rows=605507 width=8) (actual time=13593.690..22467.108 rows=1519569 loops=1)
              Hash Cond: (mi.movie_id = t.id)
              ->  Seq Scan on movie_info mi  (cost=0.00..346232.03 rows=1550064 width=4) (actual time=9165.706..16438.870 rows=1533909 loops=1)
                    Filter: (info_type_id = 3)
                    Rows Removed by Filter: 13301811
              ->  Hash  (cost=67604.59..67604.59 rows=987727 width=4) (actual time=4427.081..4427.081 rows=985048 loops=1)
                    Buckets: 131072  Batches: 16  Memory Usage: 3197kB
                    ->  Seq Scan on title t  (cost=0.00..67604.59 rows=987727 width=4) (actual time=0.018..3958.726 rows=985048 loops=1)
                          Filter: (kind_id < 7)
                          Rows Removed by Filter: 1543264
Planning time: 5.497 ms
Execution time: 34617.328 ms
