Hash Join  (cost=160701.30..187618.29 rows=2859 width=0) (actual time=2700.790..3215.572 rows=886 loops=1)
  Hash Cond: (mi_idx.movie_id = t.id)
  ->  Seq Scan on movie_info_idx mi_idx  (cost=0.00..25185.44 rows=454124 width=4) (actual time=0.016..430.972 rows=459925 loops=1)
        Filter: (info_type_id = 100)
        Rows Removed by Filter: 920110
  ->  Hash  (cost=160502.35..160502.35 rows=15916 width=8) (actual time=2700.501..2700.501 rows=6176 loops=1)
        Buckets: 16384  Batches: 1  Memory Usage: 370kB
        ->  Hash Join  (cost=76379.89..160502.35 rows=15916 width=8) (actual time=1318.130..2697.868 rows=6176 loops=1)
              Hash Cond: (mk.movie_id = t.id)
              ->  Seq Scan on movie_keyword mk  (cost=0.00..81003.12 rows=75248 width=4) (actual time=0.042..1264.695 rows=72496 loops=1)
                    Filter: (keyword_id = 335)
                    Rows Removed by Filter: 4451434
              ->  Hash  (cost=67604.59..67604.59 rows=534824 width=4) (actual time=1316.453..1316.453 rows=533369 loops=1)
                    Buckets: 131072  Batches: 8  Memory Usage: 3376kB
                    ->  Seq Scan on title t  (cost=0.00..67604.59 rows=534824 width=4) (actual time=0.019..1134.664 rows=533369 loops=1)
                          Filter: (production_year > 2009)
                          Rows Removed by Filter: 1994943
Planning time: 0.799 ms
Execution time: 3215.947 ms
