Hash Join  (cost=101255.86..155967.26 rows=4586 width=0) (actual time=4564.954..7644.815 rows=4283 loops=1)
  Hash Cond: (mc.movie_id = t.id)
  ->  Seq Scan on movie_companies mc  (cost=0.00..44881.29 rows=2609129 width=4) (actual time=0.018..2412.094 rows=2609129 loops=1)
  ->  Hash  (cost=101200.30..101200.30 rows=4445 width=8) (actual time=4564.706..4564.706 rows=2677 loops=1)
        Buckets: 8192  Batches: 1  Memory Usage: 169kB
        ->  Hash Join  (cost=74228.29..101200.30 rows=4445 width=8) (actual time=3743.776..4563.545 rows=2677 loops=1)
              Hash Cond: (mi_idx.movie_id = t.id)
              ->  Seq Scan on movie_info_idx mi_idx  (cost=0.00..25185.44 rows=464566 width=4) (actual time=0.012..1137.447 rows=459925 loops=1)
                    Filter: (info_type_id = 101)
                    Rows Removed by Filter: 920110
              ->  Hash  (cost=73925.90..73925.90 rows=24191 width=4) (actual time=3242.907..3242.907 rows=24602 loops=1)
                    Buckets: 32768  Batches: 1  Memory Usage: 1121kB
                    ->  Seq Scan on title t  (cost=0.00..73925.90 rows=24191 width=4) (actual time=0.013..3231.828 rows=24602 loops=1)
                          Filter: ((kind_id = 7) AND (production_year = 1995))
                          Rows Removed by Filter: 2503710
Planning time: 2.661 ms
Execution time: 7645.583 ms
