Hash Join  (cost=102712.15..830362.03 rows=6318 width=0) (actual time=4754.904..41109.151 rows=2288 loops=1)
  Hash Cond: (ci.movie_id = t.id)
  ->  Seq Scan on cast_info ci  (cost=0.00..705507.15 rows=5887882 width=4) (actual time=0.025..35040.026 rows=5919718 loops=1)
        Filter: (person_id > 3052626)
        Rows Removed by Filter: 30324626
  ->  Hash  (cost=102678.24..102678.24 rows=2713 width=8) (actual time=4720.742..4720.742 rows=896 loops=1)
        Buckets: 4096  Batches: 1  Memory Usage: 67kB
        ->  Hash Join  (cost=74019.21..102678.24 rows=2713 width=8) (actual time=3013.792..4720.111 rows=896 loops=1)
              Hash Cond: (mi_idx.movie_id = t.id)
              ->  Seq Scan on movie_info_idx mi_idx  (cost=0.00..25185.44 rows=919057 width=4) (actual time=0.013..1503.034 rows=920110 loops=1)
                    Filter: (info_type_id > 99)
                    Rows Removed by Filter: 459925
              ->  Hash  (cost=73925.90..73925.90 rows=7464 width=4) (actual time=3013.622..3013.622 rows=5186 loops=1)
                    Buckets: 8192  Batches: 1  Memory Usage: 247kB
                    ->  Seq Scan on title t  (cost=0.00..73925.90 rows=7464 width=4) (actual time=1379.587..3010.984 rows=5186 loops=1)
                          Filter: ((kind_id = 4) AND (production_year = 2012))
                          Rows Removed by Filter: 2523126
Planning time: 1.214 ms
Execution time: 41110.051 ms
