Hash Join  (cost=71408.55..868899.81 rows=669166 width=0) (actual time=27427.573..48010.538 rows=666776 loops=1)
  Hash Cond: (ci.movie_id = t.id)
  ->  Seq Scan on cast_info ci  (cost=0.00..705507.15 rows=7298253 width=4) (actual time=23999.679..40467.816 rows=7451973 loops=1)
        Filter: (role_id = 2)
        Rows Removed by Filter: 28792371
  ->  Hash  (cost=67604.59..67604.59 rows=231837 width=4) (actual time=3426.846..3426.846 rows=231649 loops=1)
        Buckets: 131072  Batches: 4  Memory Usage: 3076kB
        ->  Seq Scan on title t  (cost=0.00..67604.59 rows=231837 width=4) (actual time=0.014..3314.237 rows=231649 loops=1)
              Filter: (production_year > 2011)
              Rows Removed by Filter: 2296663
Planning time: 0.708 ms
Execution time: 48102.137 ms
