Hash Join  (cost=74341.98..879964.05 rows=32391 width=0) (actual time=7847.628..36615.112 rows=12757 loops=1)
  Hash Cond: (ci.movie_id = t.id)
  ->  Seq Scan on cast_info ci  (cost=0.00..796071.18 rows=2460527 width=4) (actual time=4297.473..32877.281 rows=1029318 loops=1)
        Filter: ((person_id < 351758) AND (role_id > 1))
        Rows Removed by Filter: 35215026
  ->  Hash  (cost=73925.90..73925.90 rows=33286 width=4) (actual time=3378.858..3378.858 rows=28113 loops=1)
        Buckets: 65536  Batches: 1  Memory Usage: 1501kB
        ->  Seq Scan on title t  (cost=0.00..73925.90 rows=33286 width=4) (actual time=0.031..3366.387 rows=28113 loops=1)
              Filter: ((kind_id < 7) AND (production_year = 2004))
              Rows Removed by Filter: 2500199
Planning time: 7.279 ms
Execution time: 36617.902 ms
