Nested Loop  (cost=0.43..83072.90 rows=5 width=0) (actual time=165.234..3935.732 rows=8 loops=1)
  ->  Seq Scan on movie_keyword mk  (cost=0.00..81003.12 rows=246 width=4) (actual time=0.245..3554.174 rows=1677 loops=1)
        Filter: (keyword_id = 2185)
        Rows Removed by Filter: 4522253
  ->  Index Scan using title_pkey on title t  (cost=0.43..8.40 rows=1 width=4) (actual time=0.226..0.226 rows=0 loops=1677)
        Index Cond: (id = mk.movie_id)
        Filter: ((kind_id > 1) AND (production_year = 2003))
        Rows Removed by Filter: 1
Planning time: 5.517 ms
Execution time: 3935.859 ms
