Nested Loop  (cost=0.43..52284.21 rows=18 width=0) (actual time=27.832..1851.275 rows=177 loops=1)
  ->  Seq Scan on movie_companies mc  (cost=0.00..51404.11 rows=104 width=4) (actual time=0.471..1773.606 rows=2523 loops=1)
        Filter: (company_id = 10584)
        Rows Removed by Filter: 2606606
  ->  Index Scan using title_pkey on title t  (cost=0.43..8.45 rows=1 width=4) (actual time=0.030..0.030 rows=0 loops=2523)
        Index Cond: (id = mc.movie_id)
        Filter: ((kind_id < 7) AND (production_year < 2002))
        Rows Removed by Filter: 1
Planning time: 0.778 ms
Execution time: 1851.420 ms
