Seq Scan on movie_keyword mk  (cost=0.00..81003.12 rows=1133438 width=0) (actual time=0.020..2618.765 rows=1139793 loops=1)
  Filter: (keyword_id < 1291)
  Rows Removed by Filter: 3384137
Planning time: 0.419 ms
Execution time: 2776.762 ms
