Hash Join  (cost=130022.30..217419.93 rows=73960 width=0) (actual time=6905.469..8273.901 rows=17360 loops=1)
  Hash Cond: (mk.movie_id = t.id)
  ->  Seq Scan on movie_keyword mk  (cost=0.00..69693.30 rows=4523930 width=4) (actual time=0.023..2678.498 rows=4523930 loops=1)
  ->  Hash  (cost=129505.57..129505.57 rows=41338 width=8) (actual time=4598.934..4598.934 rows=13309 loops=1)
        Buckets: 65536  Batches: 1  Memory Usage: 1032kB
        ->  Hash Join  (cost=74426.67..129505.57 rows=41338 width=8) (actual time=2824.202..4592.058 rows=13309 loops=1)
              Hash Cond: (mc.movie_id = t.id)
              ->  Seq Scan on movie_companies mc  (cost=0.00..44881.29 rows=2609129 width=4) (actual time=0.032..1093.584 rows=2609129 loops=1)
              ->  Hash  (cost=73925.90..73925.90 rows=40061 width=4) (actual time=2823.471..2823.471 rows=40120 loops=1)
                    Buckets: 65536  Batches: 1  Memory Usage: 1923kB
                    ->  Seq Scan on title t  (cost=0.00..73925.90 rows=40061 width=4) (actual time=0.023..2803.345 rows=40120 loops=1)
                          Filter: ((kind_id = 7) AND (production_year = 2013))
                          Rows Removed by Filter: 2488192
Planning time: 4.707 ms
Execution time: 8276.554 ms
