Seq Scan on cast_info ci  (cost=0.00..796071.18 rows=324 width=0) (actual time=4162.065..39110.105 rows=1531 loops=1)
  Filter: ((role_id > 1) AND (person_id = 153744))
  Rows Removed by Filter: 36242813
Planning time: 0.374 ms
Execution time: 39110.503 ms
