Nested Loop  (cost=0.43..83072.29 rows=189 width=0) (actual time=4.668..1378.000 rows=183 loops=1)
  ->  Seq Scan on movie_keyword mk  (cost=0.00..81003.12 rows=246 width=4) (actual time=4.594..1357.396 rows=229 loops=1)
        Filter: (keyword_id = 12082)
        Rows Removed by Filter: 4523701
  ->  Index Scan using title_pkey on title t  (cost=0.43..8.40 rows=1 width=4) (actual time=0.086..0.087 rows=1 loops=229)
        Index Cond: (id = mk.movie_id)
        Filter: (production_year > 1980)
        Rows Removed by Filter: 0
Planning time: 0.779 ms
Execution time: 1378.241 ms
