Hash Join  (cost=639835.35..2323985.92 rows=41268436 width=0) (actual time=36633.067..171158.066 rows=215730800 loops=1)
  Hash Cond: (ci.movie_id = t.id)
  ->  Seq Scan on cast_info ci  (cost=0.00..614943.12 rows=36225612 width=4) (actual time=0.021..47562.883 rows=36244344 loops=1)
  ->  Hash  (cost=592575.94..592575.94 rows=2880513 width=8) (actual time=36629.473..36629.473 rows=6611605 loops=1)
        Buckets: 131072 (originally 131072)  Batches: 128 (originally 64)  Memory Usage: 3073kB
        ->  Hash Join  (cost=82033.88..592575.94 rows=2880513 width=8) (actual time=3449.185..33193.009 rows=6611605 loops=1)
              Hash Cond: (mi.movie_id = t.id)
              ->  Seq Scan on movie_info mi  (cost=0.00..309384.22 rows=14739122 width=4) (actual time=0.018..18160.168 rows=14835720 loops=1)
              ->  Hash  (cost=73925.90..73925.90 rows=494158 width=4) (actual time=3448.209..3448.209 rows=581419 loops=1)
                    Buckets: 131072  Batches: 8  Memory Usage: 3601kB
                    ->  Seq Scan on title t  (cost=0.00..73925.90 rows=494158 width=4) (actual time=0.030..3241.709 rows=581419 loops=1)
                          Filter: ((kind_id < 7) AND (production_year < 2004))
                          Rows Removed by Filter: 1946893
Planning time: 1.215 ms
Execution time: 197137.262 ms
