Seq Scan on cast_info ci  (cost=0.00..705507.15 rows=500 width=0) (actual time=16521.900..29968.609 rows=19 loops=1)
  Filter: (person_id = 514737)
  Rows Removed by Filter: 36244325
Planning time: 2.546 ms
Execution time: 29968.710 ms
