Hash Join  (cost=266412.10..940386.66 rows=14743983 width=0) (actual time=12133.520..62175.878 rows=65988421 loops=1)
  Hash Cond: (mi.movie_id = t.id)
  ->  Seq Scan on movie_info mi  (cost=0.00..309384.22 rows=14739122 width=4) (actual time=0.021..21255.684 rows=14835720 loops=1)
  ->  Hash  (cost=224914.09..224914.09 rows=2529361 width=8) (actual time=12131.623..12131.623 rows=2529439 loops=1)
        Buckets: 131072  Batches: 64  Memory Usage: 2642kB
        ->  Hash Join  (cost=102767.86..224914.09 rows=2529361 width=8) (actual time=5214.112..11381.781 rows=2529439 loops=1)
              Hash Cond: (mc.movie_id = t.id)
              ->  Seq Scan on movie_companies mc  (cost=0.00..51404.11 rows=2529361 width=4) (actual time=0.013..3399.935 rows=2529439 loops=1)
                    Filter: (company_id < 170270)
                    Rows Removed by Filter: 79690
              ->  Hash  (cost=61283.27..61283.27 rows=2528527 width=4) (actual time=5213.156..5213.156 rows=2528312 loops=1)
                    Buckets: 131072  Batches: 64  Memory Usage: 2415kB
                    ->  Seq Scan on title t  (cost=0.00..61283.27 rows=2528527 width=4) (actual time=0.004..3911.423 rows=2528312 loops=1)
Planning time: 15.659 ms
Execution time: 69952.185 ms
