Hash Join  (cost=105440.90..283368.10 rows=4126125 width=0) (actual time=5768.214..15061.660 rows=4023495 loops=1)
  Hash Cond: (mk.movie_id = t.id)
  ->  Seq Scan on movie_keyword mk  (cost=0.00..69693.30 rows=4523930 width=4) (actual time=0.016..4562.973 rows=4523930 loops=1)
  ->  Hash  (cost=67604.59..67604.59 rows=2306185 width=4) (actual time=5765.857..5765.857 rows=2298721 loops=1)
        Buckets: 131072  Batches: 32  Memory Usage: 3562kB
        ->  Seq Scan on title t  (cost=0.00..67604.59 rows=2306185 width=4) (actual time=0.024..4745.896 rows=2298721 loops=1)
              Filter: (production_year > 1947)
              Rows Removed by Filter: 229591
Planning time: 0.678 ms
Execution time: 15524.830 ms
