Seq Scan on cast_info ci  (cost=0.00..796071.18 rows=168 width=0) (actual time=1385.169..13619.490 rows=1 loops=1)
  Filter: ((role_id > 3) AND (person_id = 2927370))
  Rows Removed by Filter: 36244343
Planning time: 0.403 ms
Execution time: 13619.616 ms
