Hash Join  (cost=83073.49..109984.23 rows=26 width=0) (actual time=3624.461..5135.394 rows=33 loops=1)
  Hash Cond: (mi_idx.movie_id = t.id)
  ->  Seq Scan on movie_info_idx mi_idx  (cost=0.00..21735.35 rows=1380035 width=4) (actual time=0.016..1220.117 rows=1380035 loops=1)
  ->  Hash  (cost=83072.90..83072.90 rows=47 width=8) (actual time=3618.434..3618.434 rows=13 loops=1)
        Buckets: 1024  Batches: 1  Memory Usage: 9kB
        ->  Nested Loop  (cost=0.43..83072.90 rows=47 width=8) (actual time=976.929..3618.409 rows=13 loops=1)
              ->  Seq Scan on movie_keyword mk  (cost=0.00..81003.12 rows=246 width=4) (actual time=9.747..3558.282 rows=295 loops=1)
                    Filter: (keyword_id = 4577)
                    Rows Removed by Filter: 4523635
              ->  Index Scan using title_pkey on title t  (cost=0.43..8.40 rows=1 width=4) (actual time=0.201..0.201 rows=0 loops=295)
                    Index Cond: (id = mk.movie_id)
                    Filter: ((production_year > 2007) AND (kind_id = 7))
                    Rows Removed by Filter: 1
Planning time: 1.076 ms
Execution time: 5135.523 ms
