Hash Join  (cost=130777.50..905463.58 rows=432002 width=0) (actual time=7521.604..53826.044 rows=1369882 loops=1)
  Hash Cond: (ci.movie_id = t.id)
  ->  Seq Scan on cast_info ci  (cost=0.00..705507.15 rows=17295710 width=4) (actual time=0.018..39007.294 rows=17180427 loops=1)
        Filter: (person_id < 1696899)
        Rows Removed by Filter: 19063917
  ->  Hash  (cost=129988.05..129988.05 rows=63156 width=8) (actual time=7521.063..7521.063 rows=76139 loops=1)
        Buckets: 131072 (originally 65536)  Batches: 1 (originally 1)  Memory Usage: 3999kB
        ->  Hash Join  (cost=74690.97..129988.05 rows=63156 width=8) (actual time=3496.414..7485.169 rows=76139 loops=1)
              Hash Cond: (mc.movie_id = t.id)
              ->  Seq Scan on movie_companies mc  (cost=0.00..44881.29 rows=2609129 width=4) (actual time=0.027..2920.827 rows=2609129 loops=1)
              ->  Hash  (cost=73925.90..73925.90 rows=61205 width=4) (actual time=3496.060..3496.060 rows=61581 loops=1)
                    Buckets: 65536  Batches: 1  Memory Usage: 2677kB
                    ->  Seq Scan on title t  (cost=0.00..73925.90 rows=61205 width=4) (actual time=1757.961..3462.740 rows=61581 loops=1)
                          Filter: ((production_year > 2011) AND (kind_id = 1))
                          Rows Removed by Filter: 2466731
Planning time: 17.452 ms
Execution time: 54082.540 ms
