Seq Scan on movie_keyword mk  (cost=0.00..81003.12 rows=1062507 width=0) (actual time=0.021..4205.582 rows=1071965 loops=1)
  Filter: (keyword_id > 16472)
  Rows Removed by Filter: 3451965
Planning time: 0.391 ms
Execution time: 4363.550 ms
