Seq Scan on movie_keyword mk  (cost=0.00..81003.12 rows=246 width=0) (actual time=28.527..3422.226 rows=379 loops=1)
  Filter: (keyword_id = 426)
  Rows Removed by Filter: 4523551
Planning time: 0.386 ms
Execution time: 3422.584 ms
