Seq Scan on movie_companies mc  (cost=0.00..57926.93 rows=44023 width=0) (actual time=1893.934..2766.610 rows=86431 loops=1)
  Filter: ((company_id > 165915) AND (company_type_id = 2))
  Rows Removed by Filter: 2522698
Planning time: 0.362 ms
Execution time: 2787.148 ms
