Seq Scan on cast_info ci  (cost=0.00..705507.15 rows=16999540 width=0) (actual time=0.019..36243.534 rows=16875154 loops=1)
  Filter: (person_id < 1668015)
  Rows Removed by Filter: 19369190
Planning time: 0.306 ms
Execution time: 38958.768 ms
