Hash Join  (cost=132235.95..497322.59 rows=43071 width=0) (actual time=4113.527..24361.118 rows=410314 loops=1)
  Hash Cond: (mi.movie_id = t.id)
  ->  Seq Scan on movie_info mi  (cost=0.00..309384.22 rows=14739122 width=4) (actual time=0.024..15947.973 rows=14835720 loops=1)
  ->  Hash  (cost=132143.59..132143.59 rows=7389 width=8) (actual time=4113.197..4113.197 rows=7704 loops=1)
        Buckets: 8192  Batches: 1  Memory Usage: 365kB
        ->  Nested Loop  (cost=0.43..132143.59 rows=7389 width=8) (actual time=14.193..4108.395 rows=7704 loops=1)
              ->  Seq Scan on movie_keyword mk  (cost=0.00..81003.12 rows=7389 width=4) (actual time=14.095..3037.438 rows=7704 loops=1)
                    Filter: (keyword_id = 797)
                    Rows Removed by Filter: 4516226
              ->  Index Only Scan using title_pkey on title t  (cost=0.43..6.91 rows=1 width=4) (actual time=0.137..0.138 rows=1 loops=7704)
                    Index Cond: (id = mk.movie_id)
                    Heap Fetches: 7704
Planning time: 1.057 ms
Execution time: 24435.775 ms
