Hash Join  (cost=425851.20..1241951.16 rows=28897 width=0) (actual time=20584.063..53634.457 rows=35609 loops=1)
  Hash Cond: (ci.movie_id = t.id)
  ->  Seq Scan on cast_info ci  (cost=0.00..796071.18 rows=5263947 width=4) (actual time=0.031..31674.044 rows=3251467 loops=1)
        Filter: ((person_id < 1147057) AND (role_id > 2))
        Rows Removed by Filter: 32992877
  ->  Hash  (cost=425677.68..425677.68 rows=13881 width=8) (actual time=20583.821..20583.821 rows=62801 loops=1)
        Buckets: 65536 (originally 16384)  Batches: 1 (originally 1)  Memory Usage: 2966kB
        ->  Hash Join  (cost=74251.33..425677.68 rows=13881 width=8) (actual time=7109.486..20561.047 rows=62801 loops=1)
              Hash Cond: (mi.movie_id = t.id)
              ->  Seq Scan on movie_info mi  (cost=0.00..346232.03 rows=1348138 width=4) (actual time=2739.227..16353.234 rows=1298989 loops=1)
                    Filter: (info_type_id = 4)
                    Rows Removed by Filter: 13536731
              ->  Hash  (cost=73925.90..73925.90 rows=26034 width=4) (actual time=3629.007..3629.007 rows=98576 loops=1)
                    Buckets: 131072 (originally 32768)  Batches: 2 (originally 1)  Memory Usage: 3073kB
                    ->  Seq Scan on title t  (cost=0.00..73925.90 rows=26034 width=4) (actual time=0.035..3582.567 rows=98576 loops=1)
                          Filter: ((production_year < 1924) AND (kind_id = 1))
                          Rows Removed by Filter: 2429736
Planning time: 1.182 ms
Execution time: 53640.220 ms
