Seq Scan on movie_keyword mk  (cost=0.00..81003.12 rows=246 width=0) (actual time=16.544..3812.234 rows=90 loops=1)
  Filter: (keyword_id = 37777)
  Rows Removed by Filter: 4523840
Planning time: 0.407 ms
Execution time: 3812.372 ms
