Hash Join  (cost=103887.15..163409.45 rows=3837 width=0) (actual time=6404.443..8700.970 rows=34306 loops=1)
  Hash Cond: (mc.movie_id = t.id)
  ->  Seq Scan on movie_companies mc  (cost=0.00..57926.93 rows=415199 width=4) (actual time=905.997..2913.810 rows=742414 loops=1)
        Filter: ((company_id > 28148) AND (company_type_id = 2))
        Rows Removed by Filter: 1866715
  ->  Hash  (cost=103595.06..103595.06 rows=23367 width=8) (actual time=5498.169..5498.169 rows=59752 loops=1)
        Buckets: 65536 (originally 32768)  Batches: 1 (originally 1)  Memory Usage: 2847kB
        ->  Hash Join  (cost=74729.49..103595.06 rows=23367 width=8) (actual time=3537.794..5462.871 rows=59752 loops=1)
              Hash Cond: (mi_idx.movie_id = t.id)
              ->  Seq Scan on movie_info_idx mi_idx  (cost=0.00..25185.44 rows=919057 width=4) (actual time=0.023..1659.600 rows=920110 loops=1)
                    Filter: (info_type_id > 99)
                    Rows Removed by Filter: 459925
              ->  Hash  (cost=73925.90..73925.90 rows=64287 width=4) (actual time=3537.351..3537.351 rows=68918 loops=1)
                    Buckets: 131072 (originally 65536)  Batches: 1 (originally 1)  Memory Usage: 3447kB
                    ->  Seq Scan on title t  (cost=0.00..73925.90 rows=64287 width=4) (actual time=0.024..3504.298 rows=68918 loops=1)
                          Filter: ((production_year < 2009) AND (kind_id = 2))
                          Rows Removed by Filter: 2459394
Planning time: 0.863 ms
Execution time: 8705.645 ms
