Hash Join  (cost=142971.63..275450.88 rows=859922 width=0) (actual time=7205.468..14462.703 rows=2630886 loops=1)
  Hash Cond: (mk.movie_id = t.id)
  ->  Seq Scan on movie_keyword mk  (cost=0.00..69693.30 rows=4523930 width=4) (actual time=0.016..4265.129 rows=4523930 loops=1)
  ->  Hash  (cost=135085.75..135085.75 rows=480630 width=8) (actual time=7204.220..7204.220 rows=417730 loops=1)
        Buckets: 131072  Batches: 8  Memory Usage: 3071kB
        ->  Hash Join  (cost=89299.55..135085.75 rows=480630 width=8) (actual time=4661.794..7067.316 rows=417730 loops=1)
              Hash Cond: (mi_idx.movie_id = t.id)
              ->  Seq Scan on movie_info_idx mi_idx  (cost=0.00..25185.44 rows=919057 width=4) (actual time=0.020..1498.621 rows=920110 loops=1)
                    Filter: (info_type_id > 99)
                    Rows Removed by Filter: 459925
              ->  Hash  (cost=67604.59..67604.59 rows=1322317 width=4) (actual time=4660.819..4660.819 rows=1322863 loops=1)
                    Buckets: 131072  Batches: 32  Memory Usage: 2481kB
                    ->  Seq Scan on title t  (cost=0.00..67604.59 rows=1322317 width=4) (actual time=0.022..4112.596 rows=1322863 loops=1)
                          Filter: (production_year > 2001)
                          Rows Removed by Filter: 1205449
Planning time: 1.116 ms
Execution time: 14831.066 ms
