Nested Loop  (cost=25190.47..106244.60 rows=1 width=0) (actual time=4388.843..4626.468 rows=1 loops=1)
  ->  Hash Join  (cost=25190.04..106236.22 rows=1 width=8) (actual time=4388.776..4626.400 rows=1 loops=1)
        Hash Cond: (mk.movie_id = mi_idx.movie_id)
        ->  Seq Scan on movie_keyword mk  (cost=0.00..81003.12 rows=246 width=4) (actual time=47.987..3473.073 rows=126 loops=1)
              Filter: (keyword_id = 3250)
              Rows Removed by Filter: 4523804
        ->  Hash  (cost=25185.44..25185.44 rows=368 width=4) (actual time=1153.104..1153.104 rows=260 loops=1)
              Buckets: 1024  Batches: 1  Memory Usage: 18kB
              ->  Seq Scan on movie_info_idx mi_idx  (cost=0.00..25185.44 rows=368 width=4) (actual time=810.402..1153.018 rows=260 loops=1)
                    Filter: (info_type_id > 101)
                    Rows Removed by Filter: 1379775
  ->  Index Scan using title_pkey on title t  (cost=0.43..8.36 rows=1 width=4) (actual time=0.045..0.046 rows=1 loops=1)
        Index Cond: (id = mi_idx.movie_id)
        Filter: (production_year > 0)
Planning time: 1.239 ms
Execution time: 4626.572 ms
