Hash Join  (cost=74283.51..440607.03 rows=166760 width=0) (actual time=2787.195..22910.786 rows=81730 loops=1)
  Hash Cond: (mi.movie_id = t.id)
  ->  Seq Scan on movie_info mi  (cost=0.00..309384.22 rows=14739122 width=4) (actual time=0.014..15416.102 rows=14835720 loops=1)
  ->  Hash  (cost=73925.90..73925.90 rows=28608 width=4) (actual time=2507.817..2507.817 rows=32134 loops=1)
        Buckets: 32768  Batches: 1  Memory Usage: 1386kB
        ->  Seq Scan on title t  (cost=0.00..73925.90 rows=28608 width=4) (actual time=0.045..2494.262 rows=32134 loops=1)
              Filter: ((kind_id = 7) AND (production_year = 1998))
              Rows Removed by Filter: 2496178
Planning time: 2.748 ms
Execution time: 22923.717 ms
