Seq Scan on movie_keyword mk  (cost=0.00..81003.12 rows=2431052 width=0) (actual time=0.017..3901.549 rows=2422937 loops=1)
  Filter: (keyword_id > 3782)
  Rows Removed by Filter: 2100993
Planning time: 0.299 ms
Execution time: 4284.885 ms
