Nested Loop  (cost=0.43..83072.29 rows=108 width=0) (actual time=4.269..4008.942 rows=511 loops=1)
  ->  Seq Scan on movie_keyword mk  (cost=0.00..81003.12 rows=246 width=4) (actual time=3.593..3500.320 rows=1316 loops=1)
        Filter: (keyword_id = 3908)
        Rows Removed by Filter: 4522614
  ->  Index Scan using title_pkey on title t  (cost=0.43..8.40 rows=1 width=4) (actual time=0.385..0.385 rows=0 loops=1316)
        Index Cond: (id = mk.movie_id)
        Filter: (production_year > 2004)
        Rows Removed by Filter: 1
Planning time: 4.206 ms
Execution time: 4009.348 ms
