Seq Scan on movie_companies mc  (cost=0.00..57926.93 rows=728 width=0) (actual time=359.601..2221.542 rows=2237 loops=1)
  Filter: ((company_id < 5) AND (company_type_id = 1))
  Rows Removed by Filter: 2606892
Planning time: 0.371 ms
Execution time: 2222.163 ms
