Seq Scan on movie_keyword mk  (cost=0.00..81003.12 rows=2281884 width=0) (actual time=0.016..1414.636 rows=2285232 loops=1)
  Filter: (keyword_id > 4608)
  Rows Removed by Filter: 2238698
Planning time: 0.383 ms
Execution time: 1701.265 ms
