Nested Loop  (cost=0.43..132143.59 rows=7389 width=0) (actual time=0.098..3937.950 rows=7704 loops=1)
  ->  Seq Scan on movie_keyword mk  (cost=0.00..81003.12 rows=7389 width=4) (actual time=0.027..2977.794 rows=7704 loops=1)
        Filter: (keyword_id = 797)
        Rows Removed by Filter: 4516226
  ->  Index Only Scan using title_pkey on title t  (cost=0.43..6.91 rows=1 width=4) (actual time=0.122..0.124 rows=1 loops=7704)
        Index Cond: (id = mk.movie_id)
        Heap Fetches: 7704
Planning time: 0.733 ms
Execution time: 3940.378 ms
