Seq Scan on movie_companies mc  (cost=0.00..57926.93 rows=760942 width=0) (actual time=138.920..1099.764 rows=979508 loops=1)
  Filter: ((company_id > 7838) AND (company_type_id > 1))
  Rows Removed by Filter: 1629621
Planning time: 0.314 ms
Execution time: 1218.891 ms
