Hash Join  (cost=160661.49..543894.63 rows=15331 width=0) (actual time=6695.903..13711.316 rows=137018 loops=1)
  Hash Cond: (mi.movie_id = t.id)
  ->  Seq Scan on movie_info mi  (cost=0.00..309384.22 rows=14739122 width=4) (actual time=0.023..4181.213 rows=14835720 loops=1)
  ->  Hash  (cost=160628.62..160628.62 rows=2630 width=8) (actual time=6666.477..6666.477 rows=7281 loops=1)
        Buckets: 8192 (originally 4096)  Batches: 1 (originally 1)  Memory Usage: 349kB
        ->  Hash Join  (cost=73944.28..160628.62 rows=2630 width=8) (actual time=3450.765..6663.434 rows=7281 loops=1)
              Hash Cond: (mk.movie_id = t.id)
              ->  Seq Scan on movie_keyword mk  (cost=0.00..69693.30 rows=4523930 width=4) (actual time=0.012..2558.867 rows=4523930 loops=1)
              ->  Hash  (cost=73925.90..73925.90 rows=1470 width=4) (actual time=3134.348..3134.348 rows=2056 loops=1)
                    Buckets: 4096 (originally 2048)  Batches: 1 (originally 1)  Memory Usage: 105kB
                    ->  Seq Scan on title t  (cost=0.00..73925.90 rows=1470 width=4) (actual time=923.894..3133.000 rows=2056 loops=1)
                          Filter: ((kind_id = 3) AND (production_year = 1996))
                          Rows Removed by Filter: 2526256
Planning time: 1.106 ms
Execution time: 13729.804 ms
