Hash Join  (cost=260902.88..802960.49 rows=6419245 width=0) (actual time=5917.452..36095.099 rows=82004126 loops=1)
  Hash Cond: (mi.movie_id = t.id)
  ->  Seq Scan on movie_info mi  (cost=0.00..346232.03 rows=9767026 width=4) (actual time=198.595..7213.862 rows=9911754 loops=1)
        Filter: (info_type_id > 4)
        Rows Removed by Filter: 4923966
  ->  Hash  (cost=233637.88..233637.88 rows=1661840 width=8) (actual time=5715.288..5715.288 rows=1669843 loops=1)
        Buckets: 131072  Batches: 32  Memory Usage: 3134kB
        ->  Hash Join  (cost=102767.86..233637.88 rows=1661840 width=8) (actual time=2088.824..5238.863 rows=1669843 loops=1)
              Hash Cond: (mk.movie_id = t.id)
              ->  Seq Scan on movie_keyword mk  (cost=0.00..81003.12 rows=1661840 width=4) (actual time=0.034..1507.281 rows=1669843 loops=1)
                    Filter: (keyword_id > 8716)
                    Rows Removed by Filter: 2854087
              ->  Hash  (cost=61283.27..61283.27 rows=2528527 width=4) (actual time=2086.976..2086.976 rows=2528312 loops=1)
                    Buckets: 131072  Batches: 64  Memory Usage: 2425kB
                    ->  Seq Scan on title t  (cost=0.00..61283.27 rows=2528527 width=4) (actual time=0.023..913.747 rows=2528312 loops=1)
Planning time: 1.091 ms
Execution time: 44855.645 ms
