Nested Loop  (cost=0.43..709673.15 rows=371 width=0) (actual time=4224.929..10940.667 rows=133 loops=1)
  ->  Seq Scan on cast_info ci  (cost=0.00..705507.15 rows=500 width=4) (actual time=4224.769..10927.687 rows=135 loops=1)
        Filter: (person_id = 1368399)
        Rows Removed by Filter: 36244209
  ->  Index Scan using title_pkey on title t  (cost=0.43..8.32 rows=1 width=4) (actual time=0.094..0.095 rows=1 loops=135)
        Index Cond: (id = ci.movie_id)
        Filter: (production_year > 1984)
        Rows Removed by Filter: 0
Planning time: 0.571 ms
Execution time: 10940.805 ms
