Seq Scan on movie_keyword mk  (cost=0.00..81003.12 rows=4406433 width=0) (actual time=0.015..1561.307 rows=4408211 loops=1)
  Filter: (keyword_id < 78940)
  Rows Removed by Filter: 115719
Planning time: 0.338 ms
Execution time: 2095.469 ms
