Hash Join  (cost=465835.78..1395891.87 rows=3508104 width=0) (actual time=14716.020..34840.446 rows=9022875 loops=1)
  Hash Cond: (ci.movie_id = t.id)
  ->  Seq Scan on cast_info ci  (cost=0.00..705507.15 rows=16201301 width=4) (actual time=5953.329..14890.942 rows=16121683 loops=1)
        Filter: (role_id > 2)
        Rows Removed by Filter: 20122661
  ->  Hash  (cost=456852.93..456852.93 rows=547508 width=8) (actual time=8761.699..8761.699 rows=1068150 loops=1)
        Buckets: 131072 (originally 131072)  Batches: 16 (originally 8)  Memory Usage: 3621kB
        ->  Hash Join  (cost=78556.72..456852.93 rows=547508 width=8) (actual time=2458.296..8436.345 rows=1068150 loops=1)
              Hash Cond: (mi.movie_id = t.id)
              ->  Seq Scan on movie_info mi  (cost=0.00..346232.03 rows=2073893 width=4) (actual time=803.675..5624.209 rows=2091068 loops=1)
                    Filter: (info_type_id < 3)
                    Rows Removed by Filter: 12744652
              ->  Hash  (cost=67604.59..67604.59 rows=667531 width=4) (actual time=1312.806..1312.806 rows=662825 loops=1)
                    Buckets: 131072  Batches: 16  Memory Usage: 2485kB
                    ->  Seq Scan on title t  (cost=0.00..67604.59 rows=667531 width=4) (actual time=406.224..1106.770 rows=662825 loops=1)
                          Filter: (kind_id = 1)
                          Rows Removed by Filter: 1865487
Planning time: 1.157 ms
Execution time: 35915.077 ms
