Seq Scan on cast_info ci  (cost=0.00..705507.15 rows=21519248 width=0) (actual time=0.064..12421.329 rows=21370287 loops=1)
  Filter: (person_id < 2164443)
  Rows Removed by Filter: 14874057
Planning time: 0.331 ms
Execution time: 15012.611 ms
