Hash Join  (cost=124155.79..921682.65 rows=562 width=0) (actual time=12622.785..14358.204 rows=424 loops=1)
  Hash Cond: (ci.movie_id = t.id)
  ->  Seq Scan on cast_info ci  (cost=0.00..796071.18 rows=386682 width=4) (actual time=11138.544..12763.104 rows=843545 loops=1)
        Filter: ((person_id > 2460049) AND (role_id = 9))
        Rows Removed by Filter: 35400799
  ->  Hash  (cost=124109.85..124109.85 rows=3676 width=8) (actual time=1476.265..1476.265 rows=575 loops=1)
        Buckets: 4096  Batches: 1  Memory Usage: 55kB
        ->  Nested Loop  (cost=0.43..124109.85 rows=3676 width=8) (actual time=5.759..1475.815 rows=575 loops=1)
              ->  Seq Scan on movie_keyword mk  (cost=0.00..81003.12 rows=6032 width=4) (actual time=5.642..1223.065 rows=6525 loops=1)
                    Filter: (keyword_id = 70)
                    Rows Removed by Filter: 4517405
              ->  Index Scan using title_pkey on title t  (cost=0.43..7.14 rows=1 width=4) (actual time=0.038..0.038 rows=0 loops=6525)
                    Index Cond: (id = mk.movie_id)
                    Filter: (kind_id = 7)
                    Rows Removed by Filter: 1
Planning time: 1.268 ms
Execution time: 14358.469 ms
