Seq Scan on movie_companies mc  (cost=0.00..57926.93 rows=616655 width=0) (actual time=914.867..2651.663 rows=372231 loops=1)
  Filter: ((company_id > 11445) AND (company_type_id < 2))
  Rows Removed by Filter: 2236898
Planning time: 3.409 ms
Execution time: 2718.043 ms
