Nested Loop  (cost=0.43..447802.20 rows=17937 width=0) (actual time=4130.655..5594.594 rows=6621 loops=1)
  ->  Seq Scan on movie_info mi  (cost=0.00..346232.03 rows=17937 width=4) (actual time=4130.502..5417.917 rows=6621 loops=1)
        Filter: (info_type_id = 85)
        Rows Removed by Filter: 14829099
  ->  Index Only Scan using title_pkey on title t  (cost=0.43..5.65 rows=1 width=4) (actual time=0.026..0.026 rows=1 loops=6621)
        Index Cond: (id = mi.movie_id)
        Heap Fetches: 6621
Planning time: 0.712 ms
Execution time: 5596.232 ms
