Seq Scan on movie_keyword mk  (cost=0.00..81003.12 rows=246 width=0) (actual time=2.984..1292.414 rows=67 loops=1)
  Filter: (keyword_id = 19415)
  Rows Removed by Filter: 4523863
Planning time: 0.395 ms
Execution time: 1292.560 ms
