Hash Join  (cost=84417.00..228756.47 rows=1833443 width=0) (actual time=1456.849..6156.904 rows=2420800 loops=1)
  Hash Cond: (mk.movie_id = t.id)
  ->  Seq Scan on movie_keyword mk  (cost=0.00..69693.30 rows=4523930 width=4) (actual time=0.018..1455.273 rows=4523930 loops=1)
  ->  Hash  (cost=67604.59..67604.59 rows=1024753 width=4) (actual time=1456.011..1456.011 rows=1021752 loops=1)
        Buckets: 131072  Batches: 16  Memory Usage: 3281kB
        ->  Seq Scan on title t  (cost=0.00..67604.59 rows=1024753 width=4) (actual time=0.016..1132.027 rows=1021752 loops=1)
              Filter: (production_year < 2000)
              Rows Removed by Filter: 1506560
Planning time: 0.755 ms
Execution time: 6423.802 ms
