Hash Join  (cost=190230.21..1112852.29 rows=3885163 width=0) (actual time=4189.473..30112.394 rows=14406374 loops=1)
  Hash Cond: (ci.movie_id = t.id)
  ->  Seq Scan on cast_info ci  (cost=0.00..796071.18 rows=7118471 width=4) (actual time=0.024..16056.066 rows=12670688 loops=1)
        Filter: ((person_id < 2024390) AND (role_id < 2))
        Rows Removed by Filter: 23573656
  ->  Hash  (cost=167588.78..167588.78 rows=1380035 width=8) (actual time=4188.504..4188.504 rows=1380035 loops=1)
        Buckets: 131072  Batches: 32  Memory Usage: 2708kB
        ->  Hash Join  (cost=102767.86..167588.78 rows=1380035 width=8) (actual time=1904.337..3825.521 rows=1380035 loops=1)
              Hash Cond: (mi_idx.movie_id = t.id)
              ->  Seq Scan on movie_info_idx mi_idx  (cost=0.00..21735.35 rows=1380035 width=4) (actual time=0.025..525.921 rows=1380035 loops=1)
              ->  Hash  (cost=61283.27..61283.27 rows=2528527 width=4) (actual time=1902.808..1902.808 rows=2528312 loops=1)
                    Buckets: 131072  Batches: 64  Memory Usage: 2415kB
                    ->  Seq Scan on title t  (cost=0.00..61283.27 rows=2528527 width=4) (actual time=0.015..1067.148 rows=2528312 loops=1)
Planning time: 1.507 ms
Execution time: 31713.191 ms
