Seq Scan on cast_info ci  (cost=0.00..705507.15 rows=33928995 width=0) (actual time=0.033..14040.693 rows=33903071 loops=1)
  Filter: (person_id < 3605284)
  Rows Removed by Filter: 2341273
Planning time: 0.451 ms
Execution time: 18326.444 ms
