Hash Join  (cost=58375.85..85286.62 rows=29 width=0) (actual time=1350.655..1797.130 rows=96 loops=1)
  Hash Cond: (mi_idx.movie_id = t.id)
  ->  Seq Scan on movie_info_idx mi_idx  (cost=0.00..21735.35 rows=1380035 width=4) (actual time=0.017..332.376 rows=1380035 loops=1)
  ->  Hash  (cost=58375.18..58375.18 rows=53 width=8) (actual time=1209.120..1209.120 rows=1101 loops=1)
        Buckets: 2048 (originally 1024)  Batches: 1 (originally 1)  Memory Usage: 60kB
        ->  Nested Loop  (cost=0.43..58375.18 rows=53 width=8) (actual time=315.861..1208.649 rows=1101 loops=1)
              ->  Seq Scan on movie_companies mc  (cost=0.00..57926.93 rows=53 width=4) (actual time=315.772..674.143 rows=1101 loops=1)
                    Filter: ((company_id = 11961) AND (company_type_id = 2))
                    Rows Removed by Filter: 2608028
              ->  Index Only Scan using title_pkey on title t  (cost=0.43..8.45 rows=1 width=4) (actual time=0.485..0.485 rows=1 loops=1101)
                    Index Cond: (id = mc.movie_id)
                    Heap Fetches: 1101
Planning time: 1.214 ms
Execution time: 1797.228 ms
