Hash Join  (cost=366354.36..2164078.00 rows=61140343 width=0) (actual time=8766.585..89586.073 rows=202981656 loops=1)
  Hash Cond: (ci.movie_id = t.id)
  ->  Seq Scan on cast_info ci  (cost=0.00..614943.12 rows=36225612 width=4) (actual time=0.023..14257.381 rows=36244344 loops=1)
  ->  Hash  (cost=296338.85..296338.85 rows=4267561 width=8) (actual time=8765.477..8765.477 rows=4267702 loops=1)
        Buckets: 131072  Batches: 64  Memory Usage: 3653kB
        ->  Hash Join  (cost=102767.86..296338.85 rows=4267561 width=8) (actual time=1900.251..7484.284 rows=4267702 loops=1)
              Hash Cond: (mk.movie_id = t.id)
              ->  Seq Scan on movie_keyword mk  (cost=0.00..81003.12 rows=4267561 width=4) (actual time=0.024..1869.881 rows=4267702 loops=1)
                    Filter: (keyword_id < 59957)
                    Rows Removed by Filter: 256228
              ->  Hash  (cost=61283.27..61283.27 rows=2528527 width=4) (actual time=1898.836..1898.836 rows=2528312 loops=1)
                    Buckets: 131072  Batches: 64  Memory Usage: 2425kB
                    ->  Seq Scan on title t  (cost=0.00..61283.27 rows=2528527 width=4) (actual time=0.015..1042.266 rows=2528312 loops=1)
Planning time: 1.166 ms
Execution time: 111218.855 ms
