Hash Join  (cost=119472.56..196073.34 rows=112526 width=0) (actual time=2296.848..4477.830 rows=628058 loops=1)
  Hash Cond: (mc.movie_id = t.id)
  ->  Seq Scan on movie_companies mc  (cost=0.00..44881.29 rows=2609129 width=4) (actual time=0.025..940.316 rows=2609129 loops=1)
  ->  Hash  (cost=117683.43..117683.43 rows=109050 width=8) (actual time=2296.062..2296.062 rows=177260 loops=1)
        Buckets: 131072 (originally 131072)  Batches: 4 (originally 2)  Memory Usage: 3073kB
        ->  Hash Join  (cost=83739.83..117683.43 rows=109050 width=8) (actual time=1392.178..2235.095 rows=177260 loops=1)
              Hash Cond: (mi_idx.movie_id = t.id)
              ->  Seq Scan on movie_info_idx mi_idx  (cost=0.00..25185.44 rows=460978 width=4) (actual time=0.019..465.301 rows=459925 loops=1)
                    Filter: (info_type_id < 100)
                    Rows Removed by Filter: 920110
              ->  Hash  (cost=73925.90..73925.90 rows=598154 width=4) (actual time=1391.301..1391.301 rows=477841 loops=1)
                    Buckets: 131072  Batches: 8  Memory Usage: 3134kB
                    ->  Seq Scan on title t  (cost=0.00..73925.90 rows=598154 width=4) (actual time=0.030..1234.467 rows=477841 loops=1)
                          Filter: ((kind_id < 3) AND (production_year > 1976))
                          Rows Removed by Filter: 2050471
Planning time: 1.156 ms
Execution time: 4556.919 ms
