Hash Join  (cost=81987.19..214699.41 rows=879018 width=0) (actual time=1432.513..4894.668 rows=305899 loops=1)
  Hash Cond: (mk.movie_id = t.id)
  ->  Seq Scan on movie_keyword mk  (cost=0.00..69693.30 rows=4523930 width=4) (actual time=0.013..1461.666 rows=4523930 loops=1)
  ->  Hash  (cost=73925.90..73925.90 rows=491303 width=4) (actual time=1431.132..1431.132 rows=352208 loops=1)
        Buckets: 131072  Batches: 8  Memory Usage: 2567kB
        ->  Seq Scan on title t  (cost=0.00..73925.90 rows=491303 width=4) (actual time=0.016..1309.753 rows=352208 loops=1)
              Filter: ((kind_id > 1) AND (production_year < 1989))
              Rows Removed by Filter: 2176104
Planning time: 0.713 ms
Execution time: 4924.501 ms
