Hash Join  (cost=98137.04..203053.33 rows=1687094 width=0) (actual time=1912.729..4816.220 rows=1254935 loops=1)
  Hash Cond: (mc.movie_id = t.id)
  ->  Seq Scan on movie_companies mc  (cost=0.00..51404.11 rows=2292247 width=4) (actual time=0.009..1085.620 rows=2292536 loops=1)
        Filter: (company_id < 91850)
        Rows Removed by Filter: 316593
  ->  Hash  (cost=67604.59..67604.59 rows=1860996 width=4) (actual time=1911.908..1911.908 rows=1865487 loops=1)
        Buckets: 131072  Batches: 32  Memory Usage: 3079kB
        ->  Seq Scan on title t  (cost=0.00..67604.59 rows=1860996 width=4) (actual time=0.019..1296.744 rows=1865487 loops=1)
              Filter: (kind_id > 1)
              Rows Removed by Filter: 662825
Planning time: 0.518 ms
Execution time: 4967.202 ms
