Hash Join  (cost=230861.70..1399996.92 rows=13174005 width=0) (actual time=4762.217..48532.940 rows=44257200 loops=1)
  Hash Cond: (ci.movie_id = t.id)
  ->  Seq Scan on cast_info ci  (cost=0.00..614943.12 rows=36225612 width=4) (actual time=0.021..13822.697 rows=36244344 loops=1)
  ->  Hash  (cost=215775.48..215775.48 rows=919538 width=8) (actual time=4761.305..4761.305 rows=909252 loops=1)
        Buckets: 131072  Batches: 16  Memory Usage: 3287kB
        ->  Hash Join  (cost=102767.86..215775.48 rows=919538 width=8) (actual time=1971.101..4521.069 rows=909252 loops=1)
              Hash Cond: (mk.movie_id = t.id)
              ->  Seq Scan on movie_keyword mk  (cost=0.00..81003.12 rows=919538 width=4) (actual time=0.024..1505.945 rows=909252 loops=1)
                    Filter: (keyword_id > 20342)
                    Rows Removed by Filter: 3614678
              ->  Hash  (cost=61283.27..61283.27 rows=2528527 width=4) (actual time=1969.826..1969.826 rows=2528312 loops=1)
                    Buckets: 131072  Batches: 64  Memory Usage: 2425kB
                    ->  Seq Scan on title t  (cost=0.00..61283.27 rows=2528527 width=4) (actual time=0.019..1117.211 rows=2528312 loops=1)
Planning time: 1.084 ms
Execution time: 53291.100 ms
