Hash Join  (cost=307959.69..1632970.87 rows=27738083 width=0) (actual time=6365.687..39429.185 rows=22984931 loops=1)
  Hash Cond: (ci.movie_id = t.id)
  ->  Seq Scan on cast_info ci  (cost=0.00..705507.15 rows=23499554 width=4) (actual time=367.148..16656.684 rows=23573656 loops=1)
        Filter: (role_id > 1)
        Rows Removed by Filter: 12670688
  ->  Hash  (cost=258993.34..258993.34 rows=2984588 width=8) (actual time=5997.205..5997.205 rows=1203219 loops=1)
        Buckets: 131072  Batches: 64  Memory Usage: 1737kB
        ->  Hash Join  (cost=94973.51..258993.34 rows=2984588 width=8) (actual time=1742.810..5635.536 rows=1203219 loops=1)
              Hash Cond: (mk.movie_id = t.id)
              ->  Seq Scan on movie_keyword mk  (cost=0.00..69693.30 rows=4523930 width=4) (actual time=0.030..1337.813 rows=4523930 loops=1)
              ->  Hash  (cost=67604.59..67604.59 rows=1668154 width=4) (actual time=1738.322..1738.322 rows=1674098 loops=1)
                    Buckets: 131072  Batches: 32  Memory Usage: 2875kB
                    ->  Seq Scan on title t  (cost=0.00..67604.59 rows=1668154 width=4) (actual time=0.019..1192.536 rows=1674098 loops=1)
                          Filter: (kind_id > 3)
                          Rows Removed by Filter: 854214
Planning time: 1.178 ms
Execution time: 41976.335 ms
