Hash Join  (cost=188737.73..296736.17 rows=517087 width=0) (actual time=6201.065..7216.546 rows=252983 loops=1)
  Hash Cond: (mk.movie_id = t.id)
  ->  Seq Scan on movie_keyword mk  (cost=0.00..81003.12 rows=1613717 width=4) (actual time=0.016..1621.672 rows=1625160 loops=1)
        Filter: (keyword_id > 9218)
        Rows Removed by Filter: 2898770
  ->  Hash  (cost=175444.97..175444.97 rows=810221 width=8) (actual time=4785.766..4785.766 rows=400469 loops=1)
        Buckets: 131072  Batches: 16  Memory Usage: 1995kB
        ->  Hash Join  (cost=92883.59..175444.97 rows=810221 width=8) (actual time=2004.845..4581.354 rows=400469 loops=1)
              Hash Cond: (mc.movie_id = t.id)
              ->  Seq Scan on movie_companies mc  (cost=0.00..51404.11 rows=1329612 width=4) (actual time=222.618..1117.548 rows=1334883 loops=1)
                    Filter: (company_type_id > 1)
                    Rows Removed by Filter: 1274246
              ->  Hash  (cost=67604.59..67604.59 rows=1540800 width=4) (actual time=1780.983..1780.983 rows=1543264 loops=1)
                    Buckets: 131072  Batches: 32  Memory Usage: 2722kB
                    ->  Seq Scan on title t  (cost=0.00..67604.59 rows=1540800 width=4) (actual time=0.039..1284.953 rows=1543264 loops=1)
                          Filter: (kind_id = 7)
                          Rows Removed by Filter: 985048
Planning time: 1.209 ms
Execution time: 7246.950 ms
