Seq Scan on movie_companies mc  (cost=0.00..51404.11 rows=104 width=0) (actual time=8.231..775.181 rows=418 loops=1)
  Filter: (company_id = 455)
  Rows Removed by Filter: 2608711
Planning time: 0.326 ms
Execution time: 775.303 ms
