Seq Scan on movie_keyword mk  (cost=0.00..81003.12 rows=4219069 width=0) (actual time=0.024..1542.926 rows=4221727 loops=1)
  Filter: (keyword_id < 53737)
  Rows Removed by Filter: 302203
Planning time: 0.289 ms
Execution time: 2054.321 ms
