Hash Join  (cost=83661.18..117577.08 rows=108180 width=0) (actual time=1570.696..2181.554 rows=59076 loops=1)
  Hash Cond: (mi_idx.movie_id = t.id)
  ->  Seq Scan on movie_info_idx mi_idx  (cost=0.00..25185.44 rows=460978 width=4) (actual time=0.023..480.985 rows=459925 loops=1)
        Filter: (info_type_id = 99)
        Rows Removed by Filter: 920110
  ->  Hash  (cost=73925.90..73925.90 rows=593382 width=4) (actual time=1369.000..1369.000 rows=486368 loops=1)
        Buckets: 131072  Batches: 8  Memory Usage: 3147kB
        ->  Seq Scan on title t  (cost=0.00..73925.90 rows=593382 width=4) (actual time=0.017..1211.532 rows=486368 loops=1)
              Filter: ((production_year < 1999) AND (kind_id = 7))
              Rows Removed by Filter: 2041944
Planning time: 0.776 ms
Execution time: 2189.595 ms
