Hash Join  (cost=89602.09..232431.71 rows=1709458 width=0) (actual time=1613.816..5140.803 rows=461591 loops=1)
  Hash Cond: (mk.movie_id = t.id)
  ->  Seq Scan on movie_keyword mk  (cost=0.00..69693.30 rows=4523930 width=4) (actual time=0.022..1441.539 rows=4523930 loops=1)
  ->  Hash  (cost=73925.90..73925.90 rows=955455 width=4) (actual time=1609.477..1609.477 rows=885784 loops=1)
        Buckets: 131072  Batches: 16  Memory Usage: 2977kB
        ->  Seq Scan on title t  (cost=0.00..73925.90 rows=955455 width=4) (actual time=0.013..1312.271 rows=885784 loops=1)
              Filter: ((kind_id > 4) AND (production_year < 2007))
              Rows Removed by Filter: 1642528
Planning time: 0.722 ms
Execution time: 5192.947 ms
