Hash Join  (cost=215816.45..1183504.70 rows=4103126 width=0) (actual time=4205.525..30513.217 rows=11258590 loops=1)
  Hash Cond: (ci.movie_id = t.id)
  ->  Seq Scan on cast_info ci  (cost=0.00..705507.15 rows=18941290 width=4) (actual time=0.020..14406.596 rows=18852641 loops=1)
        Filter: (person_id < 1878073)
        Rows Removed by Filter: 17391703
  ->  Hash  (cost=206829.73..206829.73 rows=547738 width=8) (actual time=4204.706..4204.706 rows=547506 loops=1)
        Buckets: 131072  Batches: 8  Memory Usage: 3731kB
        ->  Hash Join  (cost=102767.86..206829.73 rows=547738 width=8) (actual time=1887.151..4055.861 rows=547506 loops=1)
              Hash Cond: (mk.movie_id = t.id)
              ->  Seq Scan on movie_keyword mk  (cost=0.00..81003.12 rows=547738 width=4) (actual time=0.019..1364.816 rows=547506 loops=1)
                    Filter: (keyword_id < 394)
                    Rows Removed by Filter: 3976424
              ->  Hash  (cost=61283.27..61283.27 rows=2528527 width=4) (actual time=1886.303..1886.303 rows=2528312 loops=1)
                    Buckets: 131072  Batches: 64  Memory Usage: 2425kB
                    ->  Seq Scan on title t  (cost=0.00..61283.27 rows=2528527 width=4) (actual time=0.013..1035.503 rows=2528312 loops=1)
Planning time: 1.125 ms
Execution time: 31779.462 ms
