Seq Scan on movie_keyword mk  (cost=0.00..81003.12 rows=2410671 width=0) (actual time=0.019..1516.081 rows=2405079 loops=1)
  Filter: (keyword_id > 3875)
  Rows Removed by Filter: 2118851
Planning time: 0.220 ms
Execution time: 1817.941 ms
