Hash Join  (cost=154344.90..1202483.33 rows=1395427 width=0) (actual time=3184.056..29896.356 rows=1645071 loops=1)
  Hash Cond: (ci.movie_id = t.id)
  ->  Seq Scan on cast_info ci  (cost=0.00..614943.12 rows=36225612 width=4) (actual time=0.012..13140.054 rows=36244344 loops=1)
  ->  Hash  (cost=152746.40..152746.40 rows=97400 width=8) (actual time=3183.371..3183.371 rows=73452 loops=1)
        Buckets: 131072  Batches: 2  Memory Usage: 2458kB
        ->  Hash Join  (cost=87162.74..152746.40 rows=97400 width=8) (actual time=1561.587..3163.225 rows=73452 loops=1)
              Hash Cond: (mc.movie_id = t.id)
              ->  Seq Scan on movie_companies mc  (cost=0.00..57926.93 rows=305259 width=4) (actual time=144.632..849.707 rows=165339 loops=1)
                    Filter: ((company_id < 687) AND (company_type_id = 2))
                    Rows Removed by Filter: 2443790
              ->  Hash  (cost=73925.90..73925.90 rows=806787 width=4) (actual time=1416.120..1416.120 rows=843018 loops=1)
                    Buckets: 131072  Batches: 16  Memory Usage: 2879kB
                    ->  Seq Scan on title t  (cost=0.00..73925.90 rows=806787 width=4) (actual time=0.033..1155.543 rows=843018 loops=1)
                          Filter: ((kind_id < 7) AND (production_year < 2011))
                          Rows Removed by Filter: 1685294
Planning time: 8.238 ms
Execution time: 30112.233 ms
