Hash Join  (cost=77474.80..570734.85 rows=1260912 width=0) (actual time=1259.092..15467.817 rows=3694311 loops=1)
  Hash Cond: (mi.movie_id = t.id)
  ->  Seq Scan on movie_info mi  (cost=0.00..309384.22 rows=14739122 width=4) (actual time=0.026..6146.051 rows=14835720 loops=1)
  ->  Hash  (cost=73925.90..73925.90 rows=216312 width=4) (actual time=1258.272..1258.272 rows=327454 loops=1)
        Buckets: 131072  Batches: 4  Memory Usage: 3908kB
        ->  Seq Scan on title t  (cost=0.00..73925.90 rows=216312 width=4) (actual time=0.028..1147.237 rows=327454 loops=1)
              Filter: ((kind_id < 7) AND (production_year < 1983))
              Rows Removed by Filter: 2200858
Planning time: 0.750 ms
Execution time: 15926.604 ms
