Hash Join  (cost=106311.64..150921.20 rows=430123 width=0) (actual time=2203.915..3473.022 rows=453194 loops=1)
  Hash Cond: (mi_idx.movie_id = t.id)
  ->  Seq Scan on movie_info_idx mi_idx  (cost=0.00..25185.44 rows=460978 width=4) (actual time=0.015..458.365 rows=459925 loops=1)
        Filter: (info_type_id < 100)
        Rows Removed by Filter: 920110
  ->  Hash  (cost=67604.59..67604.59 rows=2359284 width=4) (actual time=2202.921..2202.921 rows=2355024 loops=1)
        Buckets: 131072  Batches: 32  Memory Usage: 3614kB
        ->  Seq Scan on title t  (cost=0.00..67604.59 rows=2359284 width=4) (actual time=0.021..1456.065 rows=2355024 loops=1)
              Filter: (production_year > 1924)
              Rows Removed by Filter: 173288
Planning time: 0.505 ms
Execution time: 3528.931 ms
