Hash Join  (cost=131449.18..258751.41 rows=435019 width=0) (actual time=3144.138..6569.744 rows=1321257 loops=1)
  Hash Cond: (mk.movie_id = t.id)
  ->  Seq Scan on movie_keyword mk  (cost=0.00..69693.30 rows=4523930 width=4) (actual time=0.332..1443.244 rows=4523930 loops=1)
  ->  Hash  (cost=127459.91..127459.91 rows=243142 width=8) (actual time=3142.945..3142.945 rows=208899 loops=1)
        Buckets: 131072  Batches: 4  Memory Usage: 3067kB
        ->  Hash Join  (cost=89299.55..127459.91 rows=243142 width=8) (actual time=2008.147..3075.253 rows=208899 loops=1)
              Hash Cond: (mi_idx.movie_id = t.id)
              ->  Seq Scan on movie_info_idx mi_idx  (cost=0.00..25185.44 rows=464934 width=4) (actual time=0.019..549.560 rows=460185 loops=1)
                    Filter: (info_type_id > 100)
                    Rows Removed by Filter: 919850
              ->  Hash  (cost=67604.59..67604.59 rows=1322317 width=4) (actual time=2007.125..2007.125 rows=1322863 loops=1)
                    Buckets: 131072  Batches: 32  Memory Usage: 2481kB
                    ->  Seq Scan on title t  (cost=0.00..67604.59 rows=1322317 width=4) (actual time=0.015..1274.097 rows=1322863 loops=1)
                          Filter: (production_year > 2001)
                          Rows Removed by Filter: 1205449
Planning time: 0.766 ms
Execution time: 6727.658 ms
