Hash Join  (cost=153937.32..504967.11 rows=5729 width=0) (actual time=3801.969..6232.362 rows=9626 loops=1)
  Hash Cond: (mi.movie_id = t.id)
  ->  Seq Scan on movie_info mi  (cost=0.00..346232.03 rows=1264125 width=4) (actual time=1873.369..4664.643 rows=1288928 loops=1)
        Filter: (info_type_id = 2)
        Rows Removed by Filter: 13546792
  ->  Hash  (cost=153794.07..153794.07 rows=11460 width=8) (actual time=1343.638..1343.638 rows=9042 loops=1)
        Buckets: 16384  Batches: 1  Memory Usage: 482kB
        ->  Nested Loop  (cost=0.43..153794.07 rows=11460 width=8) (actual time=299.709..1339.682 rows=9042 loops=1)
              ->  Seq Scan on movie_keyword mk  (cost=0.00..81003.12 rows=11460 width=4) (actual time=299.600..1220.684 rows=9042 loops=1)
                    Filter: (keyword_id > 125923)
                    Rows Removed by Filter: 4514888
              ->  Index Only Scan using title_pkey on title t  (cost=0.43..6.34 rows=1 width=4) (actual time=0.012..0.013 rows=1 loops=9042)
                    Index Cond: (id = mk.movie_id)
                    Heap Fetches: 9042
Planning time: 1.139 ms
Execution time: 6233.882 ms
