Hash Join  (cost=138635.34..266075.65 rows=446327 width=0) (actual time=2806.707..5831.710 rows=348160 loops=1)
  Hash Cond: (mk.movie_id = t.id)
  ->  Seq Scan on movie_keyword mk  (cost=0.00..69693.30 rows=4523930 width=4) (actual time=0.016..1336.431 rows=4523930 loops=1)
  ->  Hash  (cost=134542.07..134542.07 rows=249462 width=8) (actual time=2805.935..2805.935 rows=131569 loops=1)
        Buckets: 131072  Batches: 4  Memory Usage: 2312kB
        ->  Hash Join  (cost=96184.51..134542.07 rows=249462 width=8) (actual time=2118.724..2760.459 rows=131569 loops=1)
              Hash Cond: (mi_idx.movie_id = t.id)
              ->  Seq Scan on movie_info_idx mi_idx  (cost=0.00..25185.44 rows=464934 width=4) (actual time=0.026..467.045 rows=460185 loops=1)
                    Filter: (info_type_id > 100)
                    Rows Removed by Filter: 919850
              ->  Hash  (cost=73925.90..73925.90 rows=1356688 width=4) (actual time=1765.994..1765.994 rows=1327781 loops=1)
                    Buckets: 131072  Batches: 32  Memory Usage: 2479kB
                    ->  Seq Scan on title t  (cost=0.00..73925.90 rows=1356688 width=4) (actual time=0.027..1350.095 rows=1327781 loops=1)
                          Filter: ((production_year < 2012) AND (kind_id = 7))
                          Rows Removed by Filter: 1200531
Planning time: 1.219 ms
Execution time: 5872.060 ms
