Seq Scan on movie_keyword mk  (cost=0.00..81003.12 rows=246 width=0) (actual time=2.002..1473.265 rows=246 loops=1)
  Filter: (keyword_id = 2690)
  Rows Removed by Filter: 4523684
Planning time: 5.357 ms
Execution time: 1473.515 ms
