Hash Join  (cost=58358.97..423017.00 rows=210 width=0) (actual time=1062.824..7735.994 rows=42 loops=1)
  Hash Cond: (mi.movie_id = t.id)
  ->  Seq Scan on movie_info mi  (cost=0.00..309384.22 rows=14739122 width=4) (actual time=0.017..4251.712 rows=14835720 loops=1)
  ->  Hash  (cost=58358.52..58358.52 rows=36 width=8) (actual time=897.137..897.137 rows=4 loops=1)
        Buckets: 1024  Batches: 1  Memory Usage: 9kB
        ->  Nested Loop  (cost=0.43..58358.52 rows=36 width=8) (actual time=302.487..897.123 rows=4 loops=1)
              ->  Seq Scan on movie_companies mc  (cost=0.00..57926.93 rows=51 width=4) (actual time=302.421..896.915 rows=4 loops=1)
                    Filter: ((company_id = 47098) AND (company_type_id = 1))
                    Rows Removed by Filter: 2609125
              ->  Index Scan using title_pkey on title t  (cost=0.43..8.45 rows=1 width=4) (actual time=0.045..0.045 rows=1 loops=4)
                    Index Cond: (id = mc.movie_id)
                    Filter: ((kind_id > 1) AND (production_year > 1915))
Planning time: 1.148 ms
Execution time: 7736.169 ms
