Seq Scan on title t  (cost=0.00..73925.90 rows=1844 width=0) (actual time=0.034..741.975 rows=2300 loops=1)
  Filter: ((kind_id = 4) AND (production_year = 1997))
  Rows Removed by Filter: 2526012
Planning time: 0.426 ms
Execution time: 742.634 ms
