Seq Scan on cast_info ci  (cost=0.00..796071.18 rows=80 width=0) (actual time=448.310..13107.072 rows=85 loops=1)
  Filter: ((role_id > 8) AND (person_id = 3825803))
  Rows Removed by Filter: 36244259
Planning time: 0.410 ms
Execution time: 13107.207 ms
