Hash Join  (cost=67697.55..871974.12 rows=6386 width=0) (actual time=3882.734..15434.722 rows=513 loops=1)
  Hash Cond: (ci.movie_id = t.id)
  ->  Seq Scan on cast_info ci  (cost=0.00..796071.18 rows=2171075 width=4) (actual time=2760.831..13750.219 rows=3629784 loops=1)
        Filter: ((person_id > 1771756) AND (role_id = 10))
        Rows Removed by Filter: 32614560
  ->  Hash  (cost=67604.59..67604.59 rows=7437 width=4) (actual time=1121.179..1121.179 rows=2202 loops=1)
        Buckets: 8192  Batches: 1  Memory Usage: 142kB
        ->  Seq Scan on title t  (cost=0.00..67604.59 rows=7437 width=4) (actual time=168.808..1119.968 rows=2202 loops=1)
              Filter: (production_year = 1940)
              Rows Removed by Filter: 2526110
Planning time: 0.826 ms
Execution time: 15435.141 ms
