Seq Scan on movie_keyword mk  (cost=0.00..81003.12 rows=1230262 width=0) (actual time=0.020..1323.762 rows=1241603 loops=1)
  Filter: (keyword_id > 14567)
  Rows Removed by Filter: 3282327
Planning time: 0.328 ms
Execution time: 1478.327 ms
