Hash Join  (cost=114811.45..475399.46 rows=76615 width=0) (actual time=2340.236..8200.774 rows=17094 loops=1)
  Hash Cond: (mi.movie_id = t.id)
  ->  Seq Scan on movie_info mi  (cost=0.00..346232.03 rows=3623957 width=4) (actual time=250.398..5373.749 rows=3624977 loops=1)
        Filter: (info_type_id < 4)
        Rows Removed by Filter: 11210743
  ->  Hash  (cost=114143.25..114143.25 rows=53456 width=8) (actual time=2089.397..2089.397 rows=24084 loops=1)
        Buckets: 65536  Batches: 1  Memory Usage: 1453kB
        ->  Hash Join  (cost=75533.21..114143.25 rows=53456 width=8) (actual time=1476.653..2081.317 rows=24084 loops=1)
              Hash Cond: (mi_idx.movie_id = t.id)
              ->  Seq Scan on movie_info_idx mi_idx  (cost=0.00..21735.35 rows=1380035 width=4) (actual time=0.029..457.040 rows=1380035 loops=1)
              ->  Hash  (cost=73925.90..73925.90 rows=97944 width=4) (actual time=1149.303..1149.303 rows=106247 loops=1)
                    Buckets: 131072  Batches: 2  Memory Usage: 2890kB
                    ->  Seq Scan on title t  (cost=0.00..73925.90 rows=97944 width=4) (actual time=80.592..1110.388 rows=106247 loops=1)
                          Filter: ((kind_id = 7) AND (production_year = 2011))
                          Rows Removed by Filter: 2422065
Planning time: 1.194 ms
Execution time: 8203.327 ms
