Hash Join  (cost=163023.83..526286.83 rows=130418 width=0) (actual time=5215.575..9771.709 rows=396711 loops=1)
  Hash Cond: (mi.movie_id = t.id)
  ->  Seq Scan on movie_info mi  (cost=0.00..346232.03 rows=1272478 width=4) (actual time=1606.911..5331.876 rows=1325361 loops=1)
        Filter: (info_type_id = 8)
        Rows Removed by Filter: 13510359
  ->  Hash  (cost=158771.42..158771.42 rows=259153 width=8) (actual time=3607.726..3607.726 rows=439611 loops=1)
        Buckets: 131072 (originally 131072)  Batches: 8 (originally 4)  Memory Usage: 3220kB
        ->  Hash Join  (cost=87245.25..158771.42 rows=259153 width=8) (actual time=1812.031..3467.396 rows=439611 loops=1)
              Hash Cond: (mc.movie_id = t.id)
              ->  Seq Scan on movie_companies mc  (cost=0.00..57926.93 rows=547388 width=4) (actual time=92.904..1049.818 rows=757551 loops=1)
                    Filter: ((company_id < 7848) AND (company_type_id < 2))
                    Rows Removed by Filter: 1851578
              ->  Hash  (cost=67604.59..67604.59 rows=1197093 width=4) (actual time=1717.972..1717.972 rows=1195923 loops=1)
                    Buckets: 131072  Batches: 16  Memory Usage: 3653kB
                    ->  Seq Scan on title t  (cost=0.00..67604.59 rows=1197093 width=4) (actual time=0.029..1347.481 rows=1195923 loops=1)
                          Filter: (production_year < 2003)
                          Rows Removed by Filter: 1332389
Planning time: 1.329 ms
Execution time: 9819.544 ms
