Seq Scan on movie_keyword mk  (cost=0.00..81003.12 rows=2130915 width=0) (actual time=0.027..1440.592 rows=2130278 loops=1)
  Filter: (keyword_id > 5554)
  Rows Removed by Filter: 2393652
Planning time: 0.309 ms
Execution time: 1715.620 ms
