Hash Join  (cost=102767.86..288751.94 rows=3952305 width=0) (actual time=1876.854..6937.578 rows=3955486 loops=1)
  Hash Cond: (mk.movie_id = t.id)
  ->  Seq Scan on movie_keyword mk  (cost=0.00..81003.12 rows=3952305 width=4) (actual time=0.019..1759.935 rows=3955486 loops=1)
        Filter: (keyword_id < 32292)
        Rows Removed by Filter: 568444
  ->  Hash  (cost=61283.27..61283.27 rows=2528527 width=4) (actual time=1874.903..1874.903 rows=2528312 loops=1)
        Buckets: 131072  Batches: 64  Memory Usage: 2425kB
        ->  Seq Scan on title t  (cost=0.00..61283.27 rows=2528527 width=4) (actual time=0.019..1026.414 rows=2528312 loops=1)
Planning time: 0.785 ms
Execution time: 7414.556 ms
