Hash Join  (cost=128520.78..622521.43 rows=1330271 width=0) (actual time=2941.529..18375.414 rows=9002360 loops=1)
  Hash Cond: (mi.movie_id = t.id)
  ->  Seq Scan on movie_info mi  (cost=0.00..309384.22 rows=14739122 width=4) (actual time=0.014..6164.747 rows=14835720 loops=1)
  ->  Hash  (cost=124776.14..124776.14 rows=228211 width=8) (actual time=2940.878..2940.878 rows=409672 loops=1)
        Buckets: 131072 (originally 131072)  Batches: 8 (originally 4)  Memory Usage: 3073kB
        ->  Hash Join  (cost=84227.13..124776.14 rows=228211 width=8) (actual time=1677.338..2808.939 rows=409672 loops=1)
              Hash Cond: (mi_idx.movie_id = t.id)
              ->  Seq Scan on movie_info_idx mi_idx  (cost=0.00..25185.44 rows=919057 width=4) (actual time=0.029..529.505 rows=920110 loops=1)
                    Filter: (info_type_id > 99)
                    Rows Removed by Filter: 459925
              ->  Hash  (cost=73925.90..73925.90 rows=627858 width=4) (actual time=1640.981..1640.981 rows=574666 loops=1)
                    Buckets: 131072  Batches: 16  Memory Usage: 2285kB
                    ->  Seq Scan on title t  (cost=0.00..73925.90 rows=627858 width=4) (actual time=272.111..1256.681 rows=574666 loops=1)
                          Filter: ((kind_id < 2) AND (production_year > 1918))
                          Rows Removed by Filter: 1953646
Planning time: 1.201 ms
Execution time: 19433.856 ms
