Seq Scan on movie_keyword mk  (cost=0.00..81003.12 rows=246 width=0) (actual time=0.275..1318.454 rows=1706 loops=1)
  Filter: (keyword_id = 521)
  Rows Removed by Filter: 4522224
Planning time: 0.392 ms
Execution time: 1319.111 ms
