Seq Scan on cast_info ci  (cost=0.00..705507.15 rows=500 width=0) (actual time=642.052..10725.272 rows=402 loops=1)
  Filter: (person_id = 692244)
  Rows Removed by Filter: 36243942
Planning time: 0.397 ms
Execution time: 10725.418 ms
