Seq Scan on movie_info_idx mi_idx  (cost=0.00..25185.44 rows=464934 width=50) (actual time=0.023..520.165 rows=460185 loops=1)
  Filter: (info_type_id > 100)
  Rows Removed by Filter: 919850
Planning time: 0.420 ms
Execution time: 549.095 ms
