Hash Join  (cost=181106.21..672622.01 rows=1097384 width=0) (actual time=3379.403..20323.922 rows=16790320 loops=1)
  Hash Cond: (mi.movie_id = t.id)
  ->  Seq Scan on movie_info mi  (cost=0.00..309384.22 rows=14739122 width=4) (actual time=0.009..5783.906 rows=14835720 loops=1)
  ->  Hash  (cost=178016.97..178016.97 rows=188259 width=8) (actual time=3378.515..3378.515 rows=323037 loops=1)
        Buckets: 131072 (originally 131072)  Batches: 8 (originally 4)  Memory Usage: 3073kB
        ->  Hash Join  (cost=83113.43..178016.97 rows=188259 width=8) (actual time=1344.255..3283.265 rows=323037 loops=1)
              Hash Cond: (mk.movie_id = t.id)
              ->  Seq Scan on movie_keyword mk  (cost=0.00..81003.12 rows=850088 width=4) (actual time=0.026..1407.967 rows=854176 loops=1)
                    Filter: (keyword_id < 816)
                    Rows Removed by Filter: 3669754
              ->  Hash  (cost=73925.90..73925.90 rows=559962 width=4) (actual time=1343.423..1343.423 rows=477167 loops=1)
                    Buckets: 131072  Batches: 8  Memory Usage: 3126kB
                    ->  Seq Scan on title t  (cost=0.00..73925.90 rows=559962 width=4) (actual time=0.056..1187.418 rows=477167 loops=1)
                          Filter: ((kind_id < 7) AND (production_year > 1999))
                          Rows Removed by Filter: 2051145
Planning time: 1.209 ms
Execution time: 22287.319 ms
