Hash Join  (cost=74314.96..129301.64 rows=32116 width=0) (actual time=1255.234..2481.501 rows=10820 loops=1)
  Hash Cond: (mc.movie_id = t.id)
  ->  Seq Scan on movie_companies mc  (cost=0.00..44881.29 rows=2609129 width=4) (actual time=0.022..572.015 rows=2609129 loops=1)
  ->  Hash  (cost=73925.90..73925.90 rows=31124 width=4) (actual time=1254.609..1254.609 rows=35169 loops=1)
        Buckets: 65536 (originally 32768)  Batches: 1 (originally 1)  Memory Usage: 1749kB
        ->  Seq Scan on title t  (cost=0.00..73925.90 rows=31124 width=4) (actual time=0.019..1239.206 rows=35169 loops=1)
              Filter: ((kind_id > 4) AND (production_year = 1999))
              Rows Removed by Filter: 2493143
Planning time: 0.778 ms
Execution time: 2483.358 ms
