Hash Join  (cost=141820.76..1199017.24 rows=3621456 width=0) (actual time=5944.120..33849.772 rows=10356144 loops=1)
  Hash Cond: (ci.movie_id = t.id)
  ->  Seq Scan on cast_info ci  (cost=0.00..796071.18 rows=19291137 width=4) (actual time=2790.650..17286.297 rows=16992241 loops=1)
        Filter: ((person_id < 3000469) AND (role_id > 1))
        Rows Removed by Filter: 19252103
  ->  Hash  (cost=134032.37..134032.37 rows=474671 width=8) (actual time=3152.061..3152.061 rows=915677 loops=1)
        Buckets: 131072 (originally 131072)  Batches: 16 (originally 8)  Memory Usage: 3265kB
        ->  Hash Join  (cost=88195.18..134032.37 rows=474671 width=8) (actual time=1355.692..2868.224 rows=915677 loops=1)
              Hash Cond: (mi_idx.movie_id = t.id)
              ->  Seq Scan on movie_info_idx mi_idx  (cost=0.00..21735.35 rows=1380035 width=4) (actual time=0.026..426.542 rows=1380035 loops=1)
              ->  Hash  (cost=73925.90..73925.90 rows=869702 width=4) (actual time=1354.623..1354.623 rows=896788 loops=1)
                    Buckets: 131072  Batches: 16  Memory Usage: 2998kB
                    ->  Seq Scan on title t  (cost=0.00..73925.90 rows=869702 width=4) (actual time=0.031..1064.829 rows=896788 loops=1)
                          Filter: ((kind_id < 7) AND (production_year < 2012))
                          Rows Removed by Filter: 1631524
Planning time: 1.230 ms
Execution time: 35008.950 ms
