Hash Join  (cost=74330.09..133294.99 rows=3423 width=0) (actual time=1674.835..2320.816 rows=11715 loops=1)
  Hash Cond: (mc.movie_id = t.id)
  ->  Seq Scan on movie_companies mc  (cost=0.00..57926.93 rows=267663 width=4) (actual time=475.984..989.303 rows=529390 loops=1)
        Filter: ((company_id > 72776) AND (company_type_id > 1))
        Rows Removed by Filter: 2079739
  ->  Hash  (cost=73925.90..73925.90 rows=32335 width=4) (actual time=1198.544..1198.544 rows=29827 loops=1)
        Buckets: 32768  Batches: 1  Memory Usage: 1305kB
        ->  Seq Scan on title t  (cost=0.00..73925.90 rows=32335 width=4) (actual time=1.207..1186.088 rows=29827 loops=1)
              Filter: ((production_year > 2006) AND (kind_id = 2))
              Rows Removed by Filter: 2498485
Planning time: 0.797 ms
Execution time: 2322.543 ms
