Hash Join  (cost=74701.90..101729.19 rows=11318 width=0) (actual time=1459.026..1904.389 rows=37701 loops=1)
  Hash Cond: (mi_idx.movie_id = t.id)
  ->  Seq Scan on movie_info_idx mi_idx  (cost=0.00..25185.44 rows=460978 width=4) (actual time=0.016..457.065 rows=459925 loops=1)
        Filter: (info_type_id < 100)
        Rows Removed by Filter: 920110
  ->  Hash  (cost=73925.90..73925.90 rows=62080 width=4) (actual time=1226.947..1226.947 rows=186209 loops=1)
        Buckets: 131072 (originally 65536)  Batches: 4 (originally 1)  Memory Usage: 3073kB
        ->  Seq Scan on title t  (cost=0.00..73925.90 rows=62080 width=4) (actual time=0.022..1152.805 rows=186209 loops=1)
              Filter: ((production_year < 1959) AND (kind_id = 1))
              Rows Removed by Filter: 2342103
Planning time: 0.829 ms
Execution time: 1908.486 ms
