Nested Loop  (cost=0.43..58375.18 rows=53 width=0) (actual time=656.803..929.611 rows=55 loops=1)
  ->  Seq Scan on movie_companies mc  (cost=0.00..57926.93 rows=53 width=4) (actual time=656.721..928.753 rows=55 loops=1)
        Filter: ((company_type_id > 1) AND (company_id = 125148))
        Rows Removed by Filter: 2609074
  ->  Index Only Scan using title_pkey on title t  (cost=0.43..8.45 rows=1 width=4) (actual time=0.014..0.015 rows=1 loops=55)
        Index Cond: (id = mc.movie_id)
        Heap Fetches: 55
Planning time: 0.759 ms
Execution time: 929.692 ms
