Hash Join  (cost=74015.19..160801.03 rows=12780 width=0) (actual time=1458.148..2976.484 rows=34124 loops=1)
  Hash Cond: (mk.movie_id = t.id)
  ->  Seq Scan on movie_keyword mk  (cost=0.00..69693.30 rows=4523930 width=4) (actual time=0.014..975.044 rows=4523930 loops=1)
  ->  Hash  (cost=73925.90..73925.90 rows=7143 width=4) (actual time=1172.785..1172.785 rows=5068 loops=1)
        Buckets: 8192  Batches: 1  Memory Usage: 243kB
        ->  Seq Scan on title t  (cost=0.00..73925.90 rows=7143 width=4) (actual time=289.087..1170.456 rows=5068 loops=1)
              Filter: ((kind_id = 1) AND (production_year = 1993))
              Rows Removed by Filter: 2523244
Planning time: 2.508 ms
Execution time: 2981.097 ms
