Hash Join  (cost=83810.17..179474.48 rows=272767 width=0) (actual time=1425.029..3473.058 rows=590046 loops=1)
  Hash Cond: (mk.movie_id = t.id)
  ->  Seq Scan on movie_keyword mk  (cost=0.00..81003.12 rows=698269 width=4) (actual time=0.027..1394.804 rows=702927 loops=1)
        Filter: (keyword_id > 26823)
        Rows Removed by Filter: 3821003
  ->  Hash  (cost=67604.59..67604.59 rows=987727 width=4) (actual time=1423.837..1423.837 rows=985048 loops=1)
        Buckets: 131072  Batches: 16  Memory Usage: 3197kB
        ->  Seq Scan on title t  (cost=0.00..67604.59 rows=987727 width=4) (actual time=0.020..1107.566 rows=985048 loops=1)
              Filter: (kind_id < 7)
              Rows Removed by Filter: 1543264
Planning time: 0.756 ms
Execution time: 3541.922 ms
