Nested Loop  (cost=0.43..58358.27 rows=51 width=0) (actual time=2.450..935.756 rows=304 loops=1)
  ->  Seq Scan on movie_companies mc  (cost=0.00..57926.93 rows=51 width=4) (actual time=2.401..918.689 rows=304 loops=1)
        Filter: ((company_type_id < 2) AND (company_id = 11684))
        Rows Removed by Filter: 2608825
  ->  Index Only Scan using title_pkey on title t  (cost=0.43..8.45 rows=1 width=4) (actual time=0.054..0.055 rows=1 loops=304)
        Index Cond: (id = mc.movie_id)
        Heap Fetches: 304
Planning time: 0.778 ms
Execution time: 935.963 ms
