Hash Join  (cost=102767.86..190707.72 rows=836734 width=0) (actual time=1923.430..3970.156 rows=635832 loops=1)
  Hash Cond: (mc.movie_id = t.id)
  ->  Seq Scan on movie_companies mc  (cost=0.00..57926.93 rows=836734 width=4) (actual time=0.023..1161.004 rows=635832 loops=1)
        Filter: ((company_id > 2880) AND (company_type_id = 1))
        Rows Removed by Filter: 1973297
  ->  Hash  (cost=61283.27..61283.27 rows=2528527 width=4) (actual time=1922.564..1922.564 rows=2528312 loops=1)
        Buckets: 131072  Batches: 64  Memory Usage: 2415kB
        ->  Seq Scan on title t  (cost=0.00..61283.27 rows=2528527 width=4) (actual time=0.017..1095.103 rows=2528312 loops=1)
Planning time: 0.726 ms
Execution time: 4040.777 ms
