Hash Join  (cost=83073.15..470990.07 rows=305 width=0) (actual time=1457.254..9250.807 rows=6144 loops=1)
  Hash Cond: (mi.movie_id = t.id)
  ->  Seq Scan on movie_info mi  (cost=0.00..346232.03 rows=11115165 width=4) (actual time=0.022..6488.048 rows=11210743 loops=1)
        Filter: (info_type_id > 3)
        Rows Removed by Filter: 3624977
  ->  Hash  (cost=83072.29..83072.29 rows=69 width=8) (actual time=1215.309..1215.309 rows=107 loops=1)
        Buckets: 1024  Batches: 1  Memory Usage: 13kB
        ->  Nested Loop  (cost=0.43..83072.29 rows=69 width=8) (actual time=3.183..1215.174 rows=107 loops=1)
              ->  Seq Scan on movie_keyword mk  (cost=0.00..81003.12 rows=246 width=4) (actual time=0.721..1204.389 rows=303 loops=1)
                    Filter: (keyword_id = 2496)
                    Rows Removed by Filter: 4523627
              ->  Index Scan using title_pkey on title t  (cost=0.43..8.40 rows=1 width=4) (actual time=0.033..0.033 rows=0 loops=303)
                    Index Cond: (id = mk.movie_id)
                    Filter: (production_year < 1991)
                    Rows Removed by Filter: 1
Planning time: 1.168 ms
Execution time: 9252.198 ms
