Hash Join  (cost=76600.09..115819.06 rows=88949 width=0) (actual time=1287.502..2299.405 rows=195738 loops=1)
  Hash Cond: (mi_idx.movie_id = t.id)
  ->  Seq Scan on movie_info_idx mi_idx  (cost=0.00..21735.35 rows=1380035 width=4) (actual time=0.024..398.088 rows=1380035 loops=1)
  ->  Hash  (cost=73925.90..73925.90 rows=162975 width=4) (actual time=1286.334..1286.334 rows=264037 loops=1)
        Buckets: 131072  Batches: 4  Memory Usage: 3348kB
        ->  Seq Scan on title t  (cost=0.00..73925.90 rows=162975 width=4) (actual time=0.191..1194.545 rows=264037 loops=1)
              Filter: ((kind_id < 7) AND (production_year < 1973))
              Rows Removed by Filter: 2264275
Planning time: 0.713 ms
Execution time: 2323.673 ms
