Hash Join  (cost=196905.99..237569.95 rows=235490 width=0) (actual time=4609.003..6133.198 rows=1089202 loops=1)
  Hash Cond: (mi_idx.movie_id = t.id)
  ->  Seq Scan on movie_info_idx mi_idx  (cost=0.00..25185.44 rows=915101 width=4) (actual time=0.022..633.254 rows=919850 loops=1)
        Filter: (info_type_id < 101)
        Rows Removed by Filter: 460185
  ->  Hash  (cost=186230.42..186230.42 rows=650685 width=8) (actual time=4608.206..4608.206 rows=886933 loops=1)
        Buckets: 131072  Batches: 16  Memory Usage: 3164kB
        ->  Hash Join  (cost=102767.86..186230.42 rows=650685 width=8) (actual time=2265.332..4372.517 rows=886933 loops=1)
              Hash Cond: (mc.movie_id = t.id)
              ->  Seq Scan on movie_companies mc  (cost=0.00..57926.93 rows=650685 width=4) (actual time=0.026..1038.626 rows=886933 loops=1)
                    Filter: ((company_id < 11369) AND (company_type_id = 1))
                    Rows Removed by Filter: 1722196
              ->  Hash  (cost=61283.27..61283.27 rows=2528527 width=4) (actual time=2264.030..2264.030 rows=2528312 loops=1)
                    Buckets: 131072  Batches: 64  Memory Usage: 2415kB
                    ->  Seq Scan on title t  (cost=0.00..61283.27 rows=2528527 width=4) (actual time=0.018..1127.871 rows=2528312 loops=1)
Planning time: 1.161 ms
Execution time: 6268.841 ms
