Hash Join  (cost=159687.03..265664.50 rows=177199 width=0) (actual time=3814.562..7022.551 rows=3724025 loops=1)
  Hash Cond: (mk.movie_id = t.id)
  ->  Seq Scan on movie_keyword mk  (cost=0.00..81003.12 rows=1928096 width=4) (actual time=0.013..1553.084 rows=1944805 loops=1)
        Filter: (keyword_id < 3355)
        Rows Removed by Filter: 2579125
  ->  Hash  (cost=155874.26..155874.26 rows=232381 width=8) (actual time=3813.832..3813.832 rows=685163 loops=1)
        Buckets: 131072 (originally 131072)  Batches: 16 (originally 4)  Memory Usage: 3073kB
        ->  Hash Join  (cost=77620.93..155874.26 rows=232381 width=8) (actual time=1265.901..3584.860 rows=685163 loops=1)
              Hash Cond: (mc.movie_id = t.id)
              ->  Seq Scan on movie_companies mc  (cost=0.00..44881.29 rows=2609129 width=4) (actual time=0.026..862.167 rows=2609129 loops=1)
              ->  Hash  (cost=73925.90..73925.90 rows=225202 width=4) (actual time=1265.268..1265.268 rows=334539 loops=1)
                    Buckets: 131072  Batches: 4  Memory Usage: 3966kB
                    ->  Seq Scan on title t  (cost=0.00..73925.90 rows=225202 width=4) (actual time=0.013..1149.060 rows=334539 loops=1)
                          Filter: ((kind_id < 7) AND (production_year < 1984))
                          Rows Removed by Filter: 2193773
Planning time: 1.106 ms
Execution time: 7396.703 ms
