Hash Join  (cost=161236.07..545605.06 rows=128916 width=0) (actual time=2938.899..11140.829 rows=4299945 loops=1)
  Hash Cond: (mi.movie_id = t.id)
  ->  Seq Scan on movie_info mi  (cost=0.00..309384.22 rows=14739122 width=4) (actual time=0.012..4018.279 rows=14835720 loops=1)
  ->  Hash  (cost=160959.61..160959.61 rows=22116 width=8) (actual time=2938.675..2938.675 rows=53174 loops=1)
        Buckets: 65536 (originally 32768)  Batches: 1 (originally 1)  Memory Usage: 2590kB
        ->  Hash Join  (cost=74080.42..160959.61 rows=22116 width=8) (actual time=1131.080..2920.355 rows=53174 loops=1)
              Hash Cond: (mk.movie_id = t.id)
              ->  Seq Scan on movie_keyword mk  (cost=0.00..69693.30 rows=4523930 width=4) (actual time=0.018..960.612 rows=4523930 loops=1)
              ->  Hash  (cost=73925.90..73925.90 rows=12361 width=4) (actual time=1130.947..1130.947 rows=9619 loops=1)
                    Buckets: 16384  Batches: 1  Memory Usage: 467kB
                    ->  Seq Scan on title t  (cost=0.00..73925.90 rows=12361 width=4) (actual time=0.159..1126.478 rows=9619 loops=1)
                          Filter: ((kind_id < 4) AND (production_year = 1996))
                          Rows Removed by Filter: 2518693
Planning time: 1.202 ms
Execution time: 11656.769 ms
