Seq Scan on movie_keyword mk  (cost=0.00..81003.12 rows=3937931 width=0) (actual time=0.025..1436.384 rows=3939063 loops=1)
  Filter: (keyword_id < 31379)
  Rows Removed by Filter: 584867
Planning time: 0.307 ms
Execution time: 1922.665 ms
