Seq Scan on cast_info ci  (cost=0.00..705507.15 rows=1271537 width=0) (actual time=130.423..11709.276 rows=1178667 loops=1)
  Filter: (person_id < 119262)
  Rows Removed by Filter: 35065677
Planning time: 0.351 ms
Execution time: 11857.683 ms
