Hash Join  (cost=79775.76..149821.80 rows=187489 width=0) (actual time=2222.648..3442.432 rows=418454 loops=1)
  Hash Cond: (mc.movie_id = t.id)
  ->  Seq Scan on movie_companies mc  (cost=0.00..51404.11 rows=1329612 width=4) (actual time=437.524..990.234 rows=1334883 loops=1)
        Filter: (company_type_id = 2)
        Rows Removed by Filter: 1274246
  ->  Hash  (cost=73925.90..73925.90 rows=356548 width=4) (actual time=1418.665..1418.665 rows=424572 loops=1)
        Buckets: 131072  Batches: 8  Memory Usage: 2898kB
        ->  Seq Scan on title t  (cost=0.00..73925.90 rows=356548 width=4) (actual time=378.809..1291.979 rows=424572 loops=1)
              Filter: ((production_year < 2005) AND (kind_id = 1))
              Rows Removed by Filter: 2103740
Planning time: 0.747 ms
Execution time: 3494.613 ms
