Hash Join  (cost=95159.82..259427.36 rows=3004958 width=0) (actual time=1839.031..6127.445 rows=2565921 loops=1)
  Hash Cond: (mk.movie_id = t.id)
  ->  Seq Scan on movie_keyword mk  (cost=0.00..69693.30 rows=4523930 width=4) (actual time=0.026..1410.354 rows=4523930 loops=1)
  ->  Hash  (cost=67604.59..67604.59 rows=1679539 width=4) (actual time=1837.255..1837.255 rows=1673541 loops=1)
        Buckets: 131072  Batches: 32  Memory Usage: 2874kB
        ->  Seq Scan on title t  (cost=0.00..67604.59 rows=1679539 width=4) (actual time=0.018..1248.949 rows=1673541 loops=1)
              Filter: (production_year > 1993)
              Rows Removed by Filter: 854771
Planning time: 0.752 ms
Execution time: 6423.500 ms
