Seq Scan on cast_info ci  (cost=0.00..796071.18 rows=4996350 width=0) (actual time=0.025..11123.668 rows=2957919 loops=1)
  Filter: ((person_id > 3067205) AND (role_id < 10))
  Rows Removed by Filter: 33286425
Planning time: 0.366 ms
Execution time: 11453.324 ms
