Nested Loop  (cost=0.43..83072.90 rows=79 width=0) (actual time=171.816..1317.302 rows=19 loops=1)
  ->  Seq Scan on movie_keyword mk  (cost=0.00..81003.12 rows=246 width=4) (actual time=75.161..1308.982 rows=137 loops=1)
        Filter: (keyword_id = 37349)
        Rows Removed by Filter: 4523793
  ->  Index Scan using title_pkey on title t  (cost=0.43..8.40 rows=1 width=4) (actual time=0.058..0.058 rows=0 loops=137)
        Index Cond: (id = mk.movie_id)
        Filter: ((kind_id > 1) AND (production_year > 2004))
        Rows Removed by Filter: 1
Planning time: 0.764 ms
Execution time: 1317.428 ms
