Seq Scan on movie_keyword mk  (cost=0.00..81003.12 rows=2039928 width=0) (actual time=0.025..1534.546 rows=2043445 loops=1)
  Filter: (keyword_id < 3649)
  Rows Removed by Filter: 2480485
Planning time: 0.295 ms
Execution time: 1788.140 ms
