Hash Join  (cost=107928.35..221201.97 rows=2536169 width=0) (actual time=2266.593..5542.942 rows=2584553 loops=1)
  Hash Cond: (mc.movie_id = t.id)
  ->  Seq Scan on movie_companies mc  (cost=0.00..44881.29 rows=2609129 width=4) (actual time=0.024..900.572 rows=2609129 loops=1)
  ->  Hash  (cost=67604.59..67604.59 rows=2457821 width=4) (actual time=2265.234..2265.234 rows=2456218 loops=1)
        Buckets: 131072  Batches: 64  Memory Usage: 2375kB
        ->  Seq Scan on title t  (cost=0.00..67604.59 rows=2457821 width=4) (actual time=0.010..1449.386 rows=2456218 loops=1)
              Filter: (production_year > 0)
              Rows Removed by Filter: 72094
Planning time: 0.752 ms
Execution time: 5820.440 ms
