Hash Join  (cost=83074.74..111707.54 rows=89 width=0) (actual time=1305.531..1968.894 rows=2078 loops=1)
  Hash Cond: (mi_idx.movie_id = t.id)
  ->  Seq Scan on movie_info_idx mi_idx  (cost=0.00..25185.44 rows=919057 width=4) (actual time=0.027..522.440 rows=920110 loops=1)
        Filter: (info_type_id > 99)
        Rows Removed by Filter: 459925
  ->  Hash  (cost=83071.67..83071.67 rows=246 width=8) (actual time=1302.760..1302.760 rows=1513 loops=1)
        Buckets: 2048 (originally 1024)  Batches: 1 (originally 1)  Memory Usage: 76kB
        ->  Nested Loop  (cost=0.43..83071.67 rows=246 width=8) (actual time=0.173..1301.656 rows=1513 loops=1)
              ->  Seq Scan on movie_keyword mk  (cost=0.00..81003.12 rows=246 width=4) (actual time=0.126..1239.413 rows=1513 loops=1)
                    Filter: (keyword_id = 518)
                    Rows Removed by Filter: 4522417
              ->  Index Only Scan using title_pkey on title t  (cost=0.43..8.40 rows=1 width=4) (actual time=0.039..0.040 rows=1 loops=1513)
                    Index Cond: (id = mk.movie_id)
                    Heap Fetches: 1513
Planning time: 1.186 ms
Execution time: 1969.394 ms
