Seq Scan on cast_info ci  (cost=0.00..796071.18 rows=3729353 width=0) (actual time=13331.873..15460.415 rows=1803058 loops=1)
  Filter: ((person_id < 3170886) AND (role_id = 10))
  Rows Removed by Filter: 34441286
Planning time: 0.389 ms
Execution time: 15685.614 ms
