Seq Scan on title t  (cost=0.00..73925.90 rows=71119 width=0) (actual time=0.020..1317.783 rows=84234 loops=1)
  Filter: ((kind_id > 3) AND (production_year = 2006))
  Rows Removed by Filter: 2444078
Planning time: 0.391 ms
Execution time: 1331.023 ms
