Hash Join  (cost=68173.50..129696.52 rows=46346 width=0) (actual time=1236.111..2842.632 rows=83130 loops=1)
  Hash Cond: (mc.movie_id = t.id)
  ->  Seq Scan on movie_companies mc  (cost=0.00..51404.11 rows=2574787 width=4) (actual time=0.021..1116.903 rows=2575906 loops=1)
        Filter: (company_id < 205038)
        Rows Removed by Filter: 33223
  ->  Hash  (cost=67604.59..67604.59 rows=45513 width=4) (actual time=1108.164..1108.164 rows=42820 loops=1)
        Buckets: 65536  Batches: 1  Memory Usage: 2018kB
        ->  Seq Scan on title t  (cost=0.00..67604.59 rows=45513 width=4) (actual time=0.019..1091.738 rows=42820 loops=1)
              Filter: (production_year < 1913)
              Rows Removed by Filter: 2485492
Planning time: 1.139 ms
Execution time: 2853.688 ms
