Seq Scan on movie_keyword mk  (cost=0.00..81003.12 rows=828366 width=0) (actual time=0.025..1315.321 rows=836634 loops=1)
  Filter: (keyword_id > 21997)
  Rows Removed by Filter: 3687296
Planning time: 0.610 ms
Execution time: 1418.156 ms
