Seq Scan on movie_companies mc  (cost=0.00..57926.93 rows=497987 width=0) (actual time=517.936..907.842 rows=196806 loops=1)
  Filter: ((company_id > 15800) AND (company_type_id < 2))
  Rows Removed by Filter: 2412323
Planning time: 0.333 ms
Execution time: 933.985 ms
