Hash Join  (cost=102767.86..196510.80 rows=1077908 width=0) (actual time=2262.264..4912.034 rows=1274246 loops=1)
  Hash Cond: (mc.movie_id = t.id)
  ->  Seq Scan on movie_companies mc  (cost=0.00..57926.93 rows=1077908 width=4) (actual time=183.821..1236.142 rows=1274246 loops=1)
        Filter: ((company_id < 80605) AND (company_type_id = 1))
        Rows Removed by Filter: 1334883
  ->  Hash  (cost=61283.27..61283.27 rows=2528527 width=4) (actual time=2077.004..2077.004 rows=2528312 loops=1)
        Buckets: 131072  Batches: 64  Memory Usage: 2415kB
        ->  Seq Scan on title t  (cost=0.00..61283.27 rows=2528527 width=4) (actual time=0.027..1226.265 rows=2528312 loops=1)
Planning time: 0.753 ms
Execution time: 5059.235 ms
