Hash Join  (cost=80129.01..1021988.05 rows=1652535 width=0) (actual time=3131.646..23856.732 rows=1479763 loops=1)
  Hash Cond: (ci.movie_id = t.id)
  ->  Seq Scan on cast_info ci  (cost=0.00..796071.18 rows=11051603 width=4) (actual time=1870.856..16796.943 rows=12670688 loops=1)
        Filter: ((person_id < 3196620) AND (role_id = 1))
        Rows Removed by Filter: 23573656
  ->  Hash  (cost=73925.90..73925.90 rows=378088 width=4) (actual time=1260.041..1260.041 rows=299442 loops=1)
        Buckets: 131072  Batches: 8  Memory Usage: 2340kB
        ->  Seq Scan on title t  (cost=0.00..73925.90 rows=378088 width=4) (actual time=0.026..1161.905 rows=299442 loops=1)
              Filter: ((kind_id < 3) AND (production_year > 2002))
              Rows Removed by Filter: 2228870
Planning time: 1.069 ms
Execution time: 24022.869 ms
