Seq Scan on cast_info ci  (cost=0.00..796071.18 rows=176 width=0) (actual time=10391.042..10765.742 rows=170 loops=1)
  Filter: ((person_id = 1267773) AND (role_id = 1))
  Rows Removed by Filter: 36244174
Planning time: 0.380 ms
Execution time: 10765.836 ms
