Hash Join  (cost=102767.86..198486.13 rows=1159959 width=0) (actual time=1937.585..4871.282 rows=1265771 loops=1)
  Hash Cond: (mc.movie_id = t.id)
  ->  Seq Scan on movie_companies mc  (cost=0.00..57926.93 rows=1159959 width=4) (actual time=0.010..1183.414 rows=1265771 loops=1)
        Filter: ((company_id > 160) AND (company_type_id > 1))
        Rows Removed by Filter: 1343358
  ->  Hash  (cost=61283.27..61283.27 rows=2528527 width=4) (actual time=1935.577..1935.577 rows=2528312 loops=1)
        Buckets: 131072  Batches: 64  Memory Usage: 2415kB
        ->  Seq Scan on title t  (cost=0.00..61283.27 rows=2528527 width=4) (actual time=0.017..1106.887 rows=2528312 loops=1)
Planning time: 0.763 ms
Execution time: 5015.854 ms
