Hash Join  (cost=81437.64..458808.09 rows=397361 width=0) (actual time=2374.174..7729.875 rows=155878 loops=1)
  Hash Cond: (mi.movie_id = t.id)
  ->  Seq Scan on movie_info mi  (cost=0.00..346232.03 rows=2194617 width=4) (actual time=1027.939..5277.228 rows=2233850 loops=1)
        Filter: (info_type_id > 16)
        Rows Removed by Filter: 12601870
  ->  Hash  (cost=73925.90..73925.90 rows=457819 width=4) (actual time=1334.090..1334.090 rows=344212 loops=1)
        Buckets: 131072  Batches: 8  Memory Usage: 2529kB
        ->  Seq Scan on title t  (cost=0.00..73925.90 rows=457819 width=4) (actual time=0.027..1216.677 rows=344212 loops=1)
              Filter: ((production_year < 1993) AND (kind_id = 7))
              Rows Removed by Filter: 2184100
Planning time: 0.577 ms
Execution time: 7750.600 ms
