Hash Join  (cost=83074.74..451427.09 rows=574 width=0) (actual time=3014.046..7870.425 rows=40463 loops=1)
  Hash Cond: (mi.movie_id = t.id)
  ->  Seq Scan on movie_info mi  (cost=0.00..346232.03 rows=5897221 width=4) (actual time=1740.978..5620.251 rows=5884963 loops=1)
        Filter: (info_type_id < 7)
        Rows Removed by Filter: 8950757
  ->  Hash  (cost=83071.67..83071.67 rows=246 width=8) (actual time=1256.005..1256.005 rows=5252 loops=1)
        Buckets: 8192 (originally 1024)  Batches: 1 (originally 1)  Memory Usage: 270kB
        ->  Nested Loop  (cost=0.43..83071.67 rows=246 width=8) (actual time=0.290..1252.968 rows=5252 loops=1)
              ->  Seq Scan on movie_keyword mk  (cost=0.00..81003.12 rows=246 width=4) (actual time=0.177..1132.414 rows=5252 loops=1)
                    Filter: (keyword_id = 3311)
                    Rows Removed by Filter: 4518678
              ->  Index Only Scan using title_pkey on title t  (cost=0.43..8.40 rows=1 width=4) (actual time=0.022..0.022 rows=1 loops=5252)
                    Index Cond: (id = mk.movie_id)
                    Heap Fetches: 5252
Planning time: 0.763 ms
Execution time: 7877.008 ms
