Seq Scan on title t  (cost=0.00..73925.90 rows=37382 width=0) (actual time=0.014..666.503 rows=33190 loops=1)
  Filter: ((kind_id = 1) AND (production_year = 2010))
  Rows Removed by Filter: 2495122
Planning time: 0.478 ms
Execution time: 671.446 ms
