Seq Scan on movie_keyword mk  (cost=0.00..81003.12 rows=3766070 width=0) (actual time=0.025..1453.892 rows=3764857 loops=1)
  Filter: (keyword_id > 707)
  Rows Removed by Filter: 759073
Planning time: 0.318 ms
Execution time: 1925.957 ms
