Hash Join  (cost=160364.78..655537.58 rows=1440087 width=0) (actual time=3569.498..15405.980 rows=690897 loops=1)
  Hash Cond: (mi.movie_id = t.id)
  ->  Seq Scan on movie_info mi  (cost=0.00..309384.22 rows=14739122 width=4) (actual time=0.023..6124.842 rows=14835720 loops=1)
  ->  Hash  (cost=156310.65..156310.65 rows=247050 width=8) (actual time=3124.929..3124.929 rows=106005 loops=1)
        Buckets: 131072  Batches: 4  Memory Usage: 2078kB
        ->  Hash Join  (cost=77854.63..156310.65 rows=247050 width=8) (actual time=1122.081..3090.185 rows=106005 loops=1)
              Hash Cond: (mc.movie_id = t.id)
              ->  Seq Scan on movie_companies mc  (cost=0.00..44881.29 rows=2609129 width=4) (actual time=0.302..861.017 rows=2609129 loops=1)
              ->  Hash  (cost=73925.90..73925.90 rows=239418 width=4) (actual time=1120.632..1120.632 rows=256906 loops=1)
                    Buckets: 131072  Batches: 4  Memory Usage: 3296kB
                    ->  Seq Scan on title t  (cost=0.00..73925.90 rows=239418 width=4) (actual time=0.012..1034.413 rows=256906 loops=1)
                          Filter: ((production_year > 2010) AND (kind_id = 7))
                          Rows Removed by Filter: 2271406
Planning time: 1.204 ms
Execution time: 15490.852 ms
