Seq Scan on movie_keyword mk  (cost=0.00..81003.12 rows=246 width=0) (actual time=75.586..1389.956 rows=8 loops=1)
  Filter: (keyword_id = 40636)
  Rows Removed by Filter: 4523922
Planning time: 0.393 ms
Execution time: 1390.053 ms
