Hash Join  (cost=473552.19..1305514.64 rows=491260 width=0) (actual time=19436.666..27511.776 rows=1811397 loops=1)
  Hash Cond: (ci.movie_id = t.id)
  ->  Seq Scan on cast_info ci  (cost=0.00..705507.15 rows=7298253 width=4) (actual time=8203.173..12170.438 rows=7451973 loops=1)
        Filter: (role_id = 2)
        Rows Removed by Filter: 28792371
  ->  Hash  (cost=470759.69..470759.69 rows=170200 width=8) (actual time=11232.524..11232.524 rows=283751 loops=1)
        Buckets: 131072  Batches: 4  Memory Usage: 3753kB
        ->  Hash Join  (cost=74341.98..470759.69 rows=170200 width=8) (actual time=689.310..9924.747 rows=283751 loops=1)
              Hash Cond: (mi.movie_id = t.id)
              ->  Seq Scan on movie_info mi  (cost=0.00..346232.03 rows=12928982 width=4) (actual time=0.025..6345.960 rows=12970088 loops=1)
                    Filter: (info_type_id < 18)
                    Rows Removed by Filter: 1865632
              ->  Hash  (cost=73925.90..73925.90 rows=33286 width=4) (actual time=688.245..688.245 rows=28113 loops=1)
                    Buckets: 65536  Batches: 1  Memory Usage: 1501kB
                    ->  Seq Scan on title t  (cost=0.00..73925.90 rows=33286 width=4) (actual time=0.021..679.523 rows=28113 loops=1)
                          Filter: ((kind_id < 7) AND (production_year = 2004))
                          Rows Removed by Filter: 2500199
Planning time: 1.261 ms
Execution time: 27734.253 ms
