Hash Join  (cost=96376.07..190891.10 rows=1411951 width=0) (actual time=2169.184..4651.420 rows=661536 loops=1)
  Hash Cond: (mc.movie_id = t.id)
  ->  Seq Scan on movie_companies mc  (cost=0.00..44881.29 rows=2609129 width=4) (actual time=0.021..802.259 rows=2609129 loops=1)
  ->  Hash  (cost=73925.90..73925.90 rows=1368333 width=4) (actual time=2168.414..2168.414 rows=1444787 loops=1)
        Buckets: 131072  Batches: 32  Memory Usage: 2613kB
        ->  Seq Scan on title t  (cost=0.00..73925.90 rows=1368333 width=4) (actual time=0.026..1390.330 rows=1444787 loops=1)
              Filter: ((production_year > 1957) AND (kind_id = 7))
              Rows Removed by Filter: 1083525
Planning time: 0.788 ms
Execution time: 4730.103 ms
