Hash Join  (cost=154344.22..671700.97 rows=3519181 width=0) (actual time=3472.540..16939.455 rows=3137106 loops=1)
  Hash Cond: (mi.movie_id = t.id)
  ->  Seq Scan on movie_info mi  (cost=0.00..309384.22 rows=14739122 width=4) (actual time=0.015..6101.256 rows=14835720 loops=1)
  ->  Hash  (cost=144438.68..144438.68 rows=603723 width=8) (actual time=3471.243..3471.243 rows=350620 loops=1)
        Buckets: 131072  Batches: 8  Memory Usage: 2743kB
        ->  Hash Join  (cost=94973.51..144438.68 rows=603723 width=8) (actual time=1942.705..3361.768 rows=350620 loops=1)
              Hash Cond: (mi_idx.movie_id = t.id)
              ->  Seq Scan on movie_info_idx mi_idx  (cost=0.00..25185.44 rows=915101 width=4) (actual time=0.025..585.526 rows=919850 loops=1)
                    Filter: (info_type_id < 101)
                    Rows Removed by Filter: 460185
              ->  Hash  (cost=67604.59..67604.59 rows=1668154 width=4) (actual time=1937.424..1937.424 rows=1674098 loops=1)
                    Buckets: 131072  Batches: 32  Memory Usage: 2869kB
                    ->  Seq Scan on title t  (cost=0.00..67604.59 rows=1668154 width=4) (actual time=0.020..1391.036 rows=1674098 loops=1)
                          Filter: (kind_id > 3)
                          Rows Removed by Filter: 854214
Planning time: 1.169 ms
Execution time: 17285.387 ms
