Hash Join  (cost=448355.13..1240947.80 rows=237707 width=0) (actual time=13965.320..24034.542 rows=60721 loops=1)
  Hash Cond: (ci.movie_id = t.id)
  ->  Seq Scan on cast_info ci  (cost=0.00..705507.15 rows=7298253 width=4) (actual time=6395.825..14024.587 rows=7451973 loops=1)
        Filter: (role_id = 2)
        Rows Removed by Filter: 28792371
  ->  Hash  (cost=447003.69..447003.69 rows=82355 width=8) (actual time=7568.203..7568.203 rows=14455 loops=1)
        Buckets: 131072  Batches: 2  Memory Usage: 1310kB
        ->  Hash Join  (cost=75574.02..447003.69 rows=82355 width=8) (actual time=4153.805..7561.991 rows=14455 loops=1)
              Hash Cond: (mi.movie_id = t.id)
              ->  Seq Scan on movie_info mi  (cost=0.00..346232.03 rows=2073893 width=4) (actual time=2954.720..5588.333 rows=2091068 loops=1)
                    Filter: (info_type_id < 3)
                    Rows Removed by Filter: 12744652
              ->  Hash  (cost=73925.90..73925.90 rows=100409 width=4) (actual time=1197.860..1197.860 rows=110402 loops=1)
                    Buckets: 131072  Batches: 2  Memory Usage: 2970kB
                    ->  Seq Scan on title t  (cost=0.00..73925.90 rows=100409 width=4) (actual time=0.039..1152.181 rows=110402 loops=1)
                          Filter: ((kind_id = 7) AND (production_year = 2012))
                          Rows Removed by Filter: 2417910
Planning time: 1.131 ms
Execution time: 24043.890 ms
