Seq Scan on movie_keyword mk  (cost=0.00..81003.12 rows=4221683 width=0) (actual time=0.022..1524.547 rows=4225615 loops=1)
  Filter: (keyword_id < 54114)
  Rows Removed by Filter: 298315
Planning time: 0.314 ms
Execution time: 2037.427 ms
