Seq Scan on movie_keyword mk  (cost=0.00..81003.12 rows=246 width=0) (actual time=15.135..1282.961 rows=342 loops=1)
  Filter: (keyword_id = 226)
  Rows Removed by Filter: 4523588
Planning time: 0.350 ms
Execution time: 1283.220 ms
