Hash Join  (cost=124288.63..1179282.75 rows=2062799 width=0) (actual time=2369.674..29471.661 rows=2577660 loops=1)
  Hash Cond: (ci.movie_id = t.id)
  ->  Seq Scan on cast_info ci  (cost=0.00..614943.12 rows=36225612 width=4) (actual time=0.015..12965.276 rows=36244344 loops=1)
  ->  Hash  (cost=121925.85..121925.85 rows=143982 width=8) (actual time=2368.868..2368.868 rows=90768 loops=1)
        Buckets: 131072  Batches: 2  Memory Usage: 2799kB
        ->  Hash Join  (cost=86883.93..121925.85 rows=143982 width=8) (actual time=1537.542..2338.550 rows=90768 loops=1)
              Hash Cond: (mi_idx.movie_id = t.id)
              ->  Seq Scan on movie_info_idx mi_idx  (cost=0.00..25185.44 rows=460978 width=4) (actual time=0.009..443.060 rows=459925 loops=1)
                    Filter: (info_type_id = 99)
                    Rows Removed by Filter: 920110
              ->  Hash  (cost=73925.90..73925.90 rows=789762 width=4) (actual time=1536.459..1536.459 rows=685785 loops=1)
                    Buckets: 131072  Batches: 16  Memory Usage: 2530kB
                    ->  Seq Scan on title t  (cost=0.00..73925.90 rows=789762 width=4) (actual time=0.018..1315.023 rows=685785 loops=1)
                          Filter: ((kind_id > 3) AND (production_year < 2003))
                          Rows Removed by Filter: 1842527
Planning time: 0.907 ms
Execution time: 29797.788 ms
