Hash Join  (cost=90234.05..211630.67 rows=926373 width=0) (actual time=1727.237..4447.066 rows=502771 loops=1)
  Hash Cond: (mk.movie_id = t.id)
  ->  Seq Scan on movie_keyword mk  (cost=0.00..81003.12 rows=2356469 width=4) (actual time=0.030..1529.951 rows=2355883 loops=1)
        Filter: (keyword_id < 5295)
        Rows Removed by Filter: 2168047
  ->  Hash  (cost=73925.90..73925.90 rows=994012 width=4) (actual time=1725.760..1725.760 rows=923721 loops=1)
        Buckets: 131072  Batches: 16  Memory Usage: 3063kB
        ->  Seq Scan on title t  (cost=0.00..73925.90 rows=994012 width=4) (actual time=0.026..1419.301 rows=923721 loops=1)
              Filter: ((kind_id > 1) AND (production_year < 2005))
              Rows Removed by Filter: 1604591
Planning time: 0.754 ms
Execution time: 4498.558 ms
