Hash Join  (cost=129780.31..222415.05 rows=40661 width=0) (actual time=2525.068..4733.954 rows=899306 loops=1)
  Hash Cond: (mk.movie_id = t.id)
  ->  Seq Scan on movie_keyword mk  (cost=0.00..81003.12 rows=2993334 width=4) (actual time=0.031..1497.278 rows=2979313 loops=1)
        Filter: (keyword_id < 10233)
        Rows Removed by Filter: 1544617
  ->  Hash  (cost=129350.97..129350.97 rows=34347 width=8) (actual time=2524.641..2524.641 rows=59122 loops=1)
        Buckets: 65536  Batches: 1  Memory Usage: 2822kB
        ->  Hash Join  (cost=74341.98..129350.97 rows=34347 width=8) (actual time=1168.675..2502.631 rows=59122 loops=1)
              Hash Cond: (mc.movie_id = t.id)
              ->  Seq Scan on movie_companies mc  (cost=0.00..44881.29 rows=2609129 width=4) (actual time=0.022..676.965 rows=2609129 loops=1)
              ->  Hash  (cost=73925.90..73925.90 rows=33286 width=4) (actual time=1168.321..1168.321 rows=28113 loops=1)
                    Buckets: 65536  Batches: 1  Memory Usage: 1501kB
                    ->  Seq Scan on title t  (cost=0.00..73925.90 rows=33286 width=4) (actual time=0.015..1156.393 rows=28113 loops=1)
                          Filter: ((kind_id < 7) AND (production_year = 2004))
                          Rows Removed by Filter: 2500199
Planning time: 1.168 ms
Execution time: 4843.277 ms
