Seq Scan on movie_keyword mk  (cost=0.00..81003.12 rows=2144831 width=0) (actual time=0.021..1427.059 rows=2142291 loops=1)
  Filter: (keyword_id > 5457)
  Rows Removed by Filter: 2381639
Planning time: 0.327 ms
Execution time: 1692.545 ms
