Seq Scan on movie_keyword mk  (cost=0.00..81003.12 rows=3815178 width=0) (actual time=0.020..1561.628 rows=3814291 loops=1)
  Filter: (keyword_id > 604)
  Rows Removed by Filter: 709639
Planning time: 0.288 ms
Execution time: 2027.862 ms
