Seq Scan on title t  (cost=0.00..73925.90 rows=587767 width=0) (actual time=0.012..1118.819 rows=594730 loops=1)
  Filter: ((kind_id < 2) AND (production_year < 2012))
  Rows Removed by Filter: 1933582
Planning time: 0.371 ms
Execution time: 1194.154 ms
