Seq Scan on movie_keyword mk  (cost=0.00..81003.12 rows=3464006 width=0) (actual time=0.019..1471.710 rows=3460435 loops=1)
  Filter: (keyword_id < 16508)
  Rows Removed by Filter: 1063495
Planning time: 0.218 ms
Execution time: 1898.898 ms
