Hash Join  (cost=182491.79..1316155.78 rows=9720982 width=0) (actual time=3859.021..39482.899 rows=15407762 loops=1)
  Hash Cond: (ci.movie_id = t.id)
  ->  Seq Scan on cast_info ci  (cost=0.00..614943.12 rows=36225612 width=4) (actual time=0.021..13348.815 rows=36244344 loops=1)
  ->  Hash  (cost=171359.30..171359.30 rows=678519 width=8) (actual time=3858.041..3858.041 rows=493833 loops=1)
        Buckets: 131072  Batches: 16  Memory Usage: 2211kB
        ->  Hash Join  (cost=92883.59..171359.30 rows=678519 width=8) (actual time=1717.434..3714.171 rows=493833 loops=1)
              Hash Cond: (mc.movie_id = t.id)
              ->  Seq Scan on movie_companies mc  (cost=0.00..51404.11 rows=1113483 width=4) (actual time=0.018..1041.603 rows=1110068 loops=1)
                    Filter: (company_id < 7755)
                    Rows Removed by Filter: 1499061
              ->  Hash  (cost=67604.59..67604.59 rows=1540800 width=4) (actual time=1716.158..1716.158 rows=1543264 loops=1)
                    Buckets: 131072  Batches: 32  Memory Usage: 2722kB
                    ->  Seq Scan on title t  (cost=0.00..67604.59 rows=1540800 width=4) (actual time=0.019..1233.134 rows=1543264 loops=1)
                          Filter: (kind_id = 7)
                          Rows Removed by Filter: 985048
Planning time: 1.185 ms
Execution time: 41226.047 ms
