Hash Join  (cost=101955.95..730414.54 rows=12204976 width=0) (actual time=2031.534..19170.704 rows=11308106 loops=1)
  Hash Cond: (mi.movie_id = t.id)
  ->  Seq Scan on movie_info mi  (cost=0.00..309384.22 rows=14739122 width=4) (actual time=0.010..5943.351 rows=14835720 loops=1)
  ->  Hash  (cost=67604.59..67604.59 rows=2093789 width=4) (actual time=2030.011..2030.011 rows=2089788 loops=1)
        Buckets: 131072  Batches: 32  Memory Usage: 3333kB
        ->  Seq Scan on title t  (cost=0.00..67604.59 rows=2093789 width=4) (actual time=0.015..1344.551 rows=2089788 loops=1)
              Filter: (production_year > 1969)
              Rows Removed by Filter: 438524
Planning time: 0.722 ms
Execution time: 20349.773 ms
