Hash Join  (cost=91879.05..128555.74 rows=196528 width=0) (actual time=1697.691..2466.460 rows=109567 loops=1)
  Hash Cond: (mi_idx.movie_id = t.id)
  ->  Seq Scan on movie_info_idx mi_idx  (cost=0.00..25185.44 rows=454124 width=4) (actual time=0.018..438.274 rows=459925 loops=1)
        Filter: (info_type_id = 100)
        Rows Removed by Filter: 920110
  ->  Hash  (cost=73925.90..73925.90 rows=1094252 width=4) (actual time=1605.110..1605.110 rows=1044222 loops=1)
        Buckets: 131072  Batches: 16  Memory Usage: 3319kB
        ->  Seq Scan on title t  (cost=0.00..73925.90 rows=1094252 width=4) (actual time=0.029..1289.924 rows=1044222 loops=1)
              Filter: ((production_year < 2009) AND (kind_id = 7))
              Rows Removed by Filter: 1484090
Planning time: 0.780 ms
Execution time: 2479.265 ms
