Seq Scan on cast_info ci  (cost=0.00..796071.18 rows=16120473 width=0) (actual time=0.031..16009.619 rows=16084365 loops=1)
  Filter: ((person_id > 17707) AND (role_id > 2))
  Rows Removed by Filter: 20159979
Planning time: 3.467 ms
Execution time: 17887.068 ms
