Hash Join  (cost=102767.86..1157676.31 rows=14109988 width=0) (actual time=1932.955..27126.852 rows=14274142 loops=1)
  Hash Cond: (ci.movie_id = t.id)
  ->  Seq Scan on cast_info ci  (cost=0.00..705507.15 rows=14109988 width=4) (actual time=0.022..13439.026 rows=14274142 loops=1)
        Filter: (person_id > 2235399)
        Rows Removed by Filter: 21970202
  ->  Hash  (cost=61283.27..61283.27 rows=2528527 width=4) (actual time=1931.715..1931.715 rows=2528312 loops=1)
        Buckets: 131072  Batches: 64  Memory Usage: 2415kB
        ->  Seq Scan on title t  (cost=0.00..61283.27 rows=2528527 width=4) (actual time=0.029..1090.702 rows=2528312 loops=1)
Planning time: 0.995 ms
Execution time: 28792.308 ms
