Hash Join  (cost=58358.90..86976.15 rows=18 width=0) (actual time=853.801..1534.953 rows=568 loops=1)
  Hash Cond: (mi_idx.movie_id = t.id)
  ->  Seq Scan on movie_info_idx mi_idx  (cost=0.00..25185.44 rows=915101 width=4) (actual time=0.020..554.039 rows=919850 loops=1)
        Filter: (info_type_id < 101)
        Rows Removed by Filter: 460185
  ->  Hash  (cost=58358.27..58358.27 rows=51 width=8) (actual time=850.726..850.726 rows=289 loops=1)
        Buckets: 1024  Batches: 1  Memory Usage: 20kB
        ->  Nested Loop  (cost=0.43..58358.27 rows=51 width=8) (actual time=2.822..850.519 rows=289 loops=1)
              ->  Seq Scan on movie_companies mc  (cost=0.00..57926.93 rows=51 width=4) (actual time=2.765..827.314 rows=289 loops=1)
                    Filter: ((company_id = 1609) AND (company_type_id = 1))
                    Rows Removed by Filter: 2608840
              ->  Index Only Scan using title_pkey on title t  (cost=0.43..8.45 rows=1 width=4) (actual time=0.078..0.079 rows=1 loops=289)
                    Index Cond: (id = mc.movie_id)
                    Heap Fetches: 289
Planning time: 1.196 ms
Execution time: 1535.214 ms
