Hash Join  (cost=102767.86..247897.60 rows=2254438 width=0) (actual time=1952.253..5899.249 rows=2258272 loops=1)
  Hash Cond: (mk.movie_id = t.id)
  ->  Seq Scan on movie_keyword mk  (cost=0.00..81003.12 rows=2254438 width=4) (actual time=0.016..1604.971 rows=2258272 loops=1)
        Filter: (keyword_id < 4678)
        Rows Removed by Filter: 2265658
  ->  Hash  (cost=61283.27..61283.27 rows=2528527 width=4) (actual time=1951.211..1951.211 rows=2528312 loops=1)
        Buckets: 131072  Batches: 64  Memory Usage: 2425kB
        ->  Seq Scan on title t  (cost=0.00..61283.27 rows=2528527 width=4) (actual time=0.011..1099.061 rows=2528312 loops=1)
Planning time: 0.386 ms
Execution time: 6164.157 ms
