Hash Join  (cost=126388.17..478436.55 rows=361 width=0) (actual time=3543.495..6964.720 rows=630 loops=1)
  Hash Cond: (mi.movie_id = t.id)
  ->  Seq Scan on movie_info mi  (cost=0.00..346232.03 rows=1550064 width=4) (actual time=1651.308..4835.643 rows=1533909 loops=1)
        Filter: (info_type_id = 3)
        Rows Removed by Filter: 13301811
  ->  Hash  (cost=126380.81..126380.81 rows=589 width=8) (actual time=1890.990..1890.990 rows=1310 loops=1)
        Buckets: 2048 (originally 1024)  Batches: 1 (originally 1)  Memory Usage: 68kB
        ->  Hash Join  (cost=67697.55..126380.81 rows=589 width=8) (actual time=1141.937..1890.392 rows=1310 loops=1)
              Hash Cond: (mc.movie_id = t.id)
              ->  Seq Scan on movie_companies mc  (cost=0.00..57926.93 rows=200116 width=4) (actual time=101.237..824.377 rows=92911 loops=1)
                    Filter: ((company_id < 240) AND (company_type_id = 2))
                    Rows Removed by Filter: 2516218
              ->  Hash  (cost=67604.59..67604.59 rows=7437 width=4) (actual time=1038.517..1038.517 rows=14601 loops=1)
                    Buckets: 16384 (originally 8192)  Batches: 1 (originally 1)  Memory Usage: 642kB
                    ->  Seq Scan on title t  (cost=0.00..67604.59 rows=7437 width=4) (actual time=0.029..1031.760 rows=14601 loops=1)
                          Filter: (production_year = 1967)
                          Rows Removed by Filter: 2513711
Planning time: 5.192 ms
Execution time: 6965.119 ms
