Hash Join  (cost=74127.78..101126.40 rows=8814 width=0) (actual time=1586.865..1763.932 rows=9 loops=1)
  Hash Cond: (mi_idx.movie_id = t.id)
  ->  Seq Scan on movie_info_idx mi_idx  (cost=0.00..21735.35 rows=1380035 width=4) (actual time=0.017..347.571 rows=1380035 loops=1)
  ->  Hash  (cost=73925.90..73925.90 rows=16150 width=4) (actual time=1155.439..1155.439 rows=9 loops=1)
        Buckets: 16384  Batches: 1  Memory Usage: 129kB
        ->  Seq Scan on title t  (cost=0.00..73925.90 rows=16150 width=4) (actual time=114.788..1155.417 rows=9 loops=1)
              Filter: ((production_year < 1969) AND (kind_id = 4))
              Rows Removed by Filter: 2528303
Planning time: 0.768 ms
Execution time: 1764.056 ms
