Seq Scan on cast_info ci  (cost=0.00..705507.15 rows=478364 width=0) (actual time=10030.532..11174.601 rows=504731 loops=1)
  Filter: (person_id > 3965779)
  Rows Removed by Filter: 35739613
Planning time: 0.337 ms
Execution time: 11239.367 ms
