Hash Join  (cost=102767.86..224958.51 rows=2531233 width=0) (actual time=1915.085..5595.578 rows=2528534 loops=1)
  Hash Cond: (mc.movie_id = t.id)
  ->  Seq Scan on movie_companies mc  (cost=0.00..51404.11 rows=2531233 width=4) (actual time=0.015..1168.448 rows=2528534 loops=1)
        Filter: (company_id > 11)
        Rows Removed by Filter: 80595
  ->  Hash  (cost=61283.27..61283.27 rows=2528527 width=4) (actual time=1913.793..1913.793 rows=2528312 loops=1)
        Buckets: 131072  Batches: 64  Memory Usage: 2415kB
        ->  Seq Scan on title t  (cost=0.00..61283.27 rows=2528527 width=4) (actual time=0.019..1055.171 rows=2528312 loops=1)
Planning time: 0.714 ms
Execution time: 5902.331 ms
