Seq Scan on movie_companies mc  (cost=0.00..51404.11 rows=1123161 width=0) (actual time=0.027..908.442 rows=1134129 loops=1)
  Filter: (company_id > 13494)
  Rows Removed by Filter: 1475000
Planning time: 0.308 ms
Execution time: 1052.937 ms
