Hash Join  (cost=75915.84..143348.48 rows=35966 width=0) (actual time=1356.357..3147.216 rows=25321 loops=1)
  Hash Cond: (mc.movie_id = t.id)
  ->  Seq Scan on movie_companies mc  (cost=0.00..57926.93 rows=749879 width=4) (actual time=0.043..1085.215 rows=966759 loops=1)
        Filter: ((company_id > 8363) AND (company_type_id > 1))
        Rows Removed by Filter: 1642370
  ->  Hash  (cost=73925.90..73925.90 rows=121275 width=4) (actual time=1355.438..1355.438 rows=124747 loops=1)
        Buckets: 131072  Batches: 2  Memory Usage: 3219kB
        ->  Seq Scan on title t  (cost=0.00..73925.90 rows=121275 width=4) (actual time=0.008..1310.941 rows=124747 loops=1)
              Filter: ((kind_id > 1) AND (production_year = 2012))
              Rows Removed by Filter: 2403565
Planning time: 0.726 ms
Execution time: 3151.144 ms
