Seq Scan on title t  (cost=0.00..73925.90 rows=424889 width=0) (actual time=0.021..1123.020 rows=309098 loops=1)
  Filter: ((kind_id < 2) AND (production_year > 1995))
  Rows Removed by Filter: 2219214
Planning time: 0.343 ms
Execution time: 1160.011 ms
