Hash Join  (cost=549882.55..725676.76 rows=3951026 width=0) (actual time=10355.593..14077.112 rows=778468 loops=1)
  Hash Cond: (mk.movie_id = t.id)
  ->  Seq Scan on movie_keyword mk  (cost=0.00..69693.30 rows=4523930 width=4) (actual time=0.020..1542.980 rows=4523930 loops=1)
  ->  Hash  (cost=513651.58..513651.58 rows=2208318 width=8) (actual time=10354.472..10354.472 rows=535381 loops=1)
        Buckets: 131072  Batches: 32  Memory Usage: 1667kB
        ->  Hash Join  (cost=92883.59..513651.58 rows=2208318 width=8) (actual time=3092.902..10200.585 rows=535381 loops=1)
              Hash Cond: (mi.movie_id = t.id)
              ->  Seq Scan on movie_info mi  (cost=0.00..346232.03 rows=3623957 width=4) (actual time=883.299..5870.046 rows=3624977 loops=1)
                    Filter: (info_type_id < 4)
                    Rows Removed by Filter: 11210743
              ->  Hash  (cost=67604.59..67604.59 rows=1540800 width=4) (actual time=2208.408..2208.408 rows=1543264 loops=1)
                    Buckets: 131072  Batches: 32  Memory Usage: 2728kB
                    ->  Seq Scan on title t  (cost=0.00..67604.59 rows=1540800 width=4) (actual time=57.159..1350.532 rows=1543264 loops=1)
                          Filter: (kind_id = 7)
                          Rows Removed by Filter: 985048
Planning time: 2.758 ms
Execution time: 14168.188 ms
