Hash Join  (cost=156632.57..230763.41 rows=197265 width=0) (actual time=4062.386..5899.758 rows=770661 loops=1)
  Hash Cond: (mc.movie_id = t.id)
  ->  Seq Scan on movie_companies mc  (cost=0.00..57926.93 rows=1073669 width=4) (actual time=142.181..1083.133 rows=1274246 loops=1)
        Filter: ((company_id < 79776) AND (company_type_id = 1))
        Rows Removed by Filter: 1334883
  ->  Hash  (cost=149010.49..149010.49 rows=464566 width=8) (actual time=3919.527..3919.527 rows=459925 loops=1)
        Buckets: 131072  Batches: 8  Memory Usage: 3275kB
        ->  Hash Join  (cost=102767.86..149010.49 rows=464566 width=8) (actual time=2561.204..3789.616 rows=459925 loops=1)
              Hash Cond: (mi_idx.movie_id = t.id)
              ->  Seq Scan on movie_info_idx mi_idx  (cost=0.00..25185.44 rows=464566 width=4) (actual time=0.023..475.381 rows=459925 loops=1)
                    Filter: (info_type_id = 101)
                    Rows Removed by Filter: 920110
              ->  Hash  (cost=61283.27..61283.27 rows=2528527 width=4) (actual time=2560.198..2560.198 rows=2528312 loops=1)
                    Buckets: 131072  Batches: 64  Memory Usage: 2415kB
                    ->  Seq Scan on title t  (cost=0.00..61283.27 rows=2528527 width=4) (actual time=0.008..1165.800 rows=2528312 loops=1)
Planning time: 1.626 ms
Execution time: 6002.546 ms
