Seq Scan on movie_companies mc  (cost=0.00..51404.11 rows=104 width=0) (actual time=5.892..849.529 rows=778 loops=1)
  Filter: (company_id = 284)
  Rows Removed by Filter: 2608351
Planning time: 0.358 ms
Execution time: 849.819 ms
