Hash Join  (cost=184864.80..1102387.70 rows=3526552 width=0) (actual time=4222.888..26049.558 rows=4877355 loops=1)
  Hash Cond: (ci.movie_id = t.id)
  ->  Seq Scan on cast_info ci  (cost=0.00..705507.15 rows=15086729 width=4) (actual time=0.031..13661.879 rows=15243585 loops=1)
        Filter: (person_id > 2117903)
        Rows Removed by Filter: 21000759
  ->  Hash  (cost=175167.70..175167.70 rows=591048 width=8) (actual time=4221.998..4221.998 rows=316839 loops=1)
        Buckets: 131072  Batches: 8  Memory Usage: 2557kB
        ->  Hash Join  (cost=92883.59..175167.70 rows=591048 width=8) (actual time=1827.399..4155.203 rows=316839 loops=1)
              Hash Cond: (mc.movie_id = t.id)
              ->  Seq Scan on movie_companies mc  (cost=0.00..57926.93 rows=969939 width=4) (actual time=27.720..1284.194 rows=1259478 loops=1)
                    Filter: ((company_id < 58250) AND (company_type_id < 2))
                    Rows Removed by Filter: 1349651
              ->  Hash  (cost=67604.59..67604.59 rows=1540800 width=4) (actual time=1798.092..1798.092 rows=1543264 loops=1)
                    Buckets: 131072  Batches: 32  Memory Usage: 2722kB
                    ->  Seq Scan on title t  (cost=0.00..67604.59 rows=1540800 width=4) (actual time=0.025..1324.135 rows=1543264 loops=1)
                          Filter: (kind_id = 7)
                          Rows Removed by Filter: 985048
Planning time: 1.985 ms
Execution time: 26629.246 ms
