Seq Scan on movie_companies mc  (cost=0.00..57926.93 rows=91822 width=0) (actual time=0.021..845.119 rows=181176 loops=1)
  Filter: ((company_id > 119880) AND (company_type_id > 1))
  Rows Removed by Filter: 2427953
Planning time: 0.317 ms
Execution time: 868.210 ms
