Hash Join  (cost=466546.67..1540490.94 rows=3907516 width=0) (actual time=8180.516..42068.790 rows=8656212 loops=1)
  Hash Cond: (ci.movie_id = t.id)
  ->  Seq Scan on cast_info ci  (cost=0.00..614943.12 rows=36225612 width=4) (actual time=0.037..13430.043 rows=36244344 loops=1)
  ->  Hash  (cost=462071.39..462071.39 rows=272742 width=8) (actual time=8179.661..8179.661 rows=264783 loops=1)
        Buckets: 131072  Batches: 4  Memory Usage: 3609kB
        ->  Hash Join  (cost=100836.57..462071.39 rows=272742 width=8) (actual time=5657.509..8096.168 rows=264783 loops=1)
              Hash Cond: (mi.movie_id = t.id)
              ->  Seq Scan on movie_info mi  (cost=0.00..346232.03 rows=340474 width=4) (actual time=3712.586..5481.932 rows=328857 loops=1)
                    Filter: (info_type_id = 98)
                    Rows Removed by Filter: 14506863
              ->  Hash  (cost=67604.59..67604.59 rows=2025519 width=4) (actual time=1943.809..1943.809 rows=2018703 loops=1)
                    Buckets: 131072  Batches: 32  Memory Usage: 3256kB
                    ->  Seq Scan on title t  (cost=0.00..67604.59 rows=2025519 width=4) (actual time=0.036..1307.778 rows=2018703 loops=1)
                          Filter: (production_year > 1974)
                          Rows Removed by Filter: 509609
Planning time: 1.190 ms
Execution time: 43150.667 ms
