Hash Join  (cost=169987.98..290157.75 rows=386688 width=0) (actual time=3827.961..6782.508 rows=964201 loops=1)
  Hash Cond: (mk.movie_id = t.id)
  ->  Seq Scan on movie_keyword mk  (cost=0.00..81003.12 rows=2940472 width=4) (actual time=0.025..1588.277 rows=2929413 loops=1)
        Filter: (keyword_id > 2440)
        Rows Removed by Filter: 1594517
  ->  Hash  (cost=164532.54..164532.54 rows=332515 width=8) (actual time=3825.801..3825.801 rows=320637 loops=1)
        Buckets: 131072  Batches: 8  Memory Usage: 2596kB
        ->  Hash Join  (cost=89201.08..164532.54 rows=332515 width=8) (actual time=1649.182..3737.708 rows=320637 loops=1)
              Hash Cond: (mc.movie_id = t.id)
              ->  Seq Scan on movie_companies mc  (cost=0.00..57926.93 rows=903033 width=4) (actual time=0.030..1236.868 rows=1212904 loops=1)
                    Filter: ((company_id < 33571) AND (company_type_id < 2))
                    Rows Removed by Filter: 1396225
              ->  Hash  (cost=73925.90..73925.90 rows=931054 width=4) (actual time=1647.851..1647.851 rows=852178 loops=1)
                    Buckets: 131072  Batches: 16  Memory Usage: 2899kB
                    ->  Seq Scan on title t  (cost=0.00..73925.90 rows=931054 width=4) (actual time=0.016..1380.726 rows=852178 loops=1)
                          Filter: ((kind_id > 1) AND (production_year < 2004))
                          Rows Removed by Filter: 1676134
Planning time: 1.762 ms
Execution time: 6883.436 ms
