Hash Join  (cost=102767.86..270081.40 rows=3176395 width=0) (actual time=2310.841..7100.357 rows=3157712 loops=1)
  Hash Cond: (mk.movie_id = t.id)
  ->  Seq Scan on movie_keyword mk  (cost=0.00..81003.12 rows=3176395 width=4) (actual time=0.009..1713.201 rows=3157712 loops=1)
        Filter: (keyword_id > 1787)
        Rows Removed by Filter: 1366218
  ->  Hash  (cost=61283.27..61283.27 rows=2528527 width=4) (actual time=2309.242..2309.242 rows=2528312 loops=1)
        Buckets: 131072  Batches: 64  Memory Usage: 2425kB
        ->  Seq Scan on title t  (cost=0.00..61283.27 rows=2528527 width=4) (actual time=0.025..1170.904 rows=2528312 loops=1)
Planning time: 0.708 ms
Execution time: 7466.784 ms
