Seq Scan on cast_info ci  (cost=0.00..796071.18 rows=11555704 width=0) (actual time=5707.077..16953.438 rows=10356361 loops=1)
  Filter: ((person_id > 310788) AND (role_id < 2))
  Rows Removed by Filter: 25887983
Planning time: 0.343 ms
Execution time: 18229.953 ms
