Hash Join  (cost=83074.74..435121.02 rows=151 width=0) (actual time=2921.694..7001.301 rows=252 loops=1)
  Hash Cond: (mi.movie_id = t.id)
  ->  Seq Scan on movie_info mi  (cost=0.00..346232.03 rows=1550064 width=4) (actual time=1617.116..5500.752 rows=1533909 loops=1)
        Filter: (info_type_id = 3)
        Rows Removed by Filter: 13301811
  ->  Hash  (cost=83071.67..83071.67 rows=246 width=8) (actual time=1296.791..1296.791 rows=113 loops=1)
        Buckets: 1024  Batches: 1  Memory Usage: 13kB
        ->  Nested Loop  (cost=0.43..83071.67 rows=246 width=8) (actual time=7.914..1296.646 rows=113 loops=1)
              ->  Seq Scan on movie_keyword mk  (cost=0.00..81003.12 rows=246 width=4) (actual time=7.820..1168.101 rows=113 loops=1)
                    Filter: (keyword_id = 14619)
                    Rows Removed by Filter: 4523817
              ->  Index Only Scan using title_pkey on title t  (cost=0.43..8.40 rows=1 width=4) (actual time=1.133..1.133 rows=1 loops=113)
                    Index Cond: (id = mk.movie_id)
                    Heap Fetches: 113
Planning time: 1.155 ms
Execution time: 7001.477 ms
