Hash Join  (cost=450305.41..1302433.77 rows=1077520 width=0) (actual time=9218.580..37349.605 rows=9534417 loops=1)
  Hash Cond: (ci.movie_id = t.id)
  ->  Seq Scan on cast_info ci  (cost=0.00..614943.12 rows=36225612 width=4) (actual time=0.022..10221.969 rows=36244344 loops=1)
  ->  Hash  (cost=449365.28..449365.28 rows=75210 width=8) (actual time=9217.706..9217.706 rows=133874 loops=1)
        Buckets: 131072 (originally 131072)  Batches: 2 (originally 1)  Memory Usage: 3716kB
        ->  Hash Join  (cost=74242.71..449365.28 rows=75210 width=8) (actual time=1945.393..9160.893 rows=133874 loops=1)
              Hash Cond: (mi.movie_id = t.id)
              ->  Seq Scan on movie_info mi  (cost=0.00..346232.03 rows=7503588 width=4) (actual time=712.581..6549.221 rows=7548855 loops=1)
                    Filter: (info_type_id > 7)
                    Rows Removed by Filter: 7286865
              ->  Hash  (cost=73925.90..73925.90 rows=25344 width=4) (actual time=1068.794..1068.794 rows=15457 loops=1)
                    Buckets: 32768  Batches: 1  Memory Usage: 800kB
                    ->  Seq Scan on title t  (cost=0.00..73925.90 rows=25344 width=4) (actual time=124.248..1061.779 rows=15457 loops=1)
                          Filter: ((kind_id < 2) AND (production_year = 2005))
                          Rows Removed by Filter: 2512855
Planning time: 1.196 ms
Execution time: 38513.308 ms
