Hash Join  (cost=263115.61..1451750.18 rows=20015754 width=0) (actual time=7190.800..46713.836 rows=43156665 loops=1)
  Hash Cond: (ci.movie_id = t.id)
  ->  Seq Scan on cast_info ci  (cost=0.00..705507.15 rows=19397421 width=4) (actual time=882.097..15052.359 rows=19560113 loops=1)
        Filter: (person_id > 1651720)
        Rows Removed by Filter: 16684231
  ->  Hash  (cost=220309.49..220309.49 rows=2609129 width=8) (actual time=6307.955..6307.955 rows=2609129 loops=1)
        Buckets: 131072  Batches: 64  Memory Usage: 2610kB
        ->  Hash Join  (cost=102767.86..220309.49 rows=2609129 width=8) (actual time=2073.506..5557.014 rows=2609129 loops=1)
              Hash Cond: (mc.movie_id = t.id)
              ->  Seq Scan on movie_companies mc  (cost=0.00..44881.29 rows=2609129 width=4) (actual time=0.023..949.851 rows=2609129 loops=1)
              ->  Hash  (cost=61283.27..61283.27 rows=2528527 width=4) (actual time=2072.705..2072.705 rows=2528312 loops=1)
                    Buckets: 131072  Batches: 64  Memory Usage: 2415kB
                    ->  Seq Scan on title t  (cost=0.00..61283.27 rows=2528527 width=4) (actual time=0.019..1177.581 rows=2528312 loops=1)
Planning time: 1.125 ms
Execution time: 51648.325 ms
