Nested Loop  (cost=0.43..798385.45 rows=276 width=0) (actual time=9791.852..14651.686 rows=1 loops=1)
  ->  Seq Scan on cast_info ci  (cost=0.00..796071.18 rows=276 width=4) (actual time=9791.747..14651.571 rows=1 loops=1)
        Filter: ((role_id < 3) AND (person_id = 1195551))
        Rows Removed by Filter: 36244343
  ->  Index Only Scan using title_pkey on title t  (cost=0.43..8.38 rows=1 width=4) (actual time=0.078..0.080 rows=1 loops=1)
        Index Cond: (id = ci.movie_id)
        Heap Fetches: 1
Planning time: 10.138 ms
Execution time: 14651.773 ms
