Hash Join  (cost=83074.74..137742.81 rows=254 width=0) (actual time=1347.887..2510.844 rows=13210 loops=1)
  Hash Cond: (mc.movie_id = t.id)
  ->  Seq Scan on movie_companies mc  (cost=0.00..44881.29 rows=2609129 width=4) (actual time=0.016..662.661 rows=2609129 loops=1)
  ->  Hash  (cost=83071.67..83071.67 rows=246 width=8) (actual time=1346.980..1346.980 rows=1119 loops=1)
        Buckets: 2048 (originally 1024)  Batches: 1 (originally 1)  Memory Usage: 60kB
        ->  Nested Loop  (cost=0.43..83071.67 rows=246 width=8) (actual time=0.898..1346.067 rows=1119 loops=1)
              ->  Seq Scan on movie_keyword mk  (cost=0.00..81003.12 rows=246 width=4) (actual time=0.841..1279.105 rows=1119 loops=1)
                    Filter: (keyword_id = 5265)
                    Rows Removed by Filter: 4522811
              ->  Index Only Scan using title_pkey on title t  (cost=0.43..8.40 rows=1 width=4) (actual time=0.058..0.058 rows=1 loops=1119)
                    Index Cond: (id = mk.movie_id)
                    Heap Fetches: 1119
Planning time: 1.126 ms
Execution time: 2512.932 ms
