Seq Scan on movie_keyword mk  (cost=0.00..81003.12 rows=1816168 width=0) (actual time=0.023..1444.196 rows=1816646 loops=1)
  Filter: (keyword_id > 7639)
  Rows Removed by Filter: 2707284
Planning time: 0.312 ms
Execution time: 1673.882 ms
