Seq Scan on movie_keyword mk  (cost=0.00..81003.12 rows=668725 width=0) (actual time=0.023..1293.723 rows=674251 loops=1)
  Filter: (keyword_id > 27803)
  Rows Removed by Filter: 3849679
Planning time: 0.308 ms
Execution time: 1378.962 ms
