Seq Scan on movie_keyword mk  (cost=0.00..81003.12 rows=4403291 width=0) (actual time=0.020..1596.215 rows=4405759 loops=1)
  Filter: (keyword_id < 78434)
  Rows Removed by Filter: 118171
Planning time: 0.323 ms
Execution time: 2142.278 ms
