Seq Scan on cast_info ci  (cost=0.00..705507.15 rows=27825821 width=0) (actual time=0.018..13783.126 rows=27878298 loops=1)
  Filter: (person_id < 2847018)
  Rows Removed by Filter: 8366046
Planning time: 0.354 ms
Execution time: 17279.019 ms
