Hash Join  (cost=311057.97..1862408.71 rows=41565054 width=0) (actual time=7009.365..72026.816 rows=137452195 loops=1)
  Hash Cond: (ci.movie_id = t.id)
  ->  Seq Scan on cast_info ci  (cost=0.00..614943.12 rows=36225612 width=4) (actual time=0.014..13742.782 rows=36244344 loops=1)
  ->  Hash  (cost=263459.76..263459.76 rows=2901217 width=8) (actual time=7008.169..7008.169 rows=2891867 loops=1)
        Buckets: 131072  Batches: 64  Memory Usage: 2808kB
        ->  Hash Join  (cost=102767.86..263459.76 rows=2901217 width=8) (actual time=2023.410..6246.642 rows=2891867 loops=1)
              Hash Cond: (mk.movie_id = t.id)
              ->  Seq Scan on movie_keyword mk  (cost=0.00..81003.12 rows=2901217 width=4) (actual time=0.019..1780.681 rows=2891867 loops=1)
                    Filter: (keyword_id < 9101)
                    Rows Removed by Filter: 1632063
              ->  Hash  (cost=61283.27..61283.27 rows=2528527 width=4) (actual time=2020.630..2020.630 rows=2528312 loops=1)
                    Buckets: 131072  Batches: 64  Memory Usage: 2425kB
                    ->  Seq Scan on title t  (cost=0.00..61283.27 rows=2528527 width=4) (actual time=0.021..1197.900 rows=2528312 loops=1)
Planning time: 1.016 ms
Execution time: 87086.202 ms
