Seq Scan on movie_keyword mk  (cost=0.00..81003.12 rows=246 width=0) (actual time=148.305..1320.500 rows=18 loops=1)
  Filter: (keyword_id = 16981)
  Rows Removed by Filter: 4523912
Planning time: 1.647 ms
Execution time: 1320.613 ms
