Hash Join  (cost=73962.22..160672.23 rows=5197 width=106) (actual time=1721.173..3909.136 rows=36061 loops=1)
  Hash Cond: (mk.movie_id = t.id)
  ->  Seq Scan on movie_keyword mk  (cost=0.00..69693.30 rows=4523930 width=12) (actual time=0.012..1340.974 rows=4523930 loops=1)
  ->  Hash  (cost=73925.90..73925.90 rows=2905 width=94) (actual time=1721.083..1721.083 rows=7085 loops=1)
        Buckets: 8192 (originally 4096)  Batches: 1 (originally 1)  Memory Usage: 840kB
        ->  Seq Scan on title t  (cost=0.00..73925.90 rows=2905 width=94) (actual time=1.936..1716.821 rows=7085 loops=1)
              Filter: ((kind_id < 7) AND (production_year = 1983))
              Rows Removed by Filter: 2521227
Planning time: 0.971 ms
Execution time: 3911.606 ms
