Hash Join  (cost=251805.02..429540.35 rows=4110338 width=0) (actual time=7733.360..18634.143 rows=33923100 loops=1)
  Hash Cond: (mk.movie_id = t.id)
  ->  Seq Scan on movie_keyword mk  (cost=0.00..69693.30 rows=4523930 width=4) (actual time=0.013..1399.271 rows=4523930 loops=1)
  ->  Hash  (cost=214113.01..214113.01 rows=2297361 width=8) (actual time=7718.936..7718.936 rows=2416390 loops=1)
        Buckets: 131072  Batches: 32  Memory Usage: 4023kB
        ->  Hash Join  (cost=104131.46..214113.01 rows=2297361 width=8) (actual time=2863.495..6314.093 rows=2416390 loops=1)
              Hash Cond: (mc.movie_id = t.id)
              ->  Seq Scan on movie_companies mc  (cost=0.00..44881.29 rows=2609129 width=4) (actual time=0.025..947.163 rows=2609129 loops=1)
              ->  Hash  (cost=67604.59..67604.59 rows=2226390 width=4) (actual time=2862.452..2862.452 rows=2224569 loops=1)
                    Buckets: 131072  Batches: 32  Memory Usage: 3463kB
                    ->  Seq Scan on title t  (cost=0.00..67604.59 rows=2226390 width=4) (actual time=0.013..1380.695 rows=2224569 loops=1)
                          Filter: (production_year < 2012)
                          Rows Removed by Filter: 303743
Planning time: 1.107 ms
Execution time: 22272.702 ms
