Seq Scan on movie_companies mc  (cost=0.00..51404.11 rows=104 width=0) (actual time=7.140..829.595 rows=591 loops=1)
  Filter: (company_id = 91419)
  Rows Removed by Filter: 2608538
Planning time: 0.289 ms
Execution time: 829.808 ms
