Seq Scan on cast_info ci  (cost=0.00..705507.15 rows=500 width=0) (actual time=1829.971..10709.769 rows=2390 loops=1)
  Filter: (person_id = 364071)
  Rows Removed by Filter: 36241954
Planning time: 0.399 ms
Execution time: 10710.180 ms
