Nested Loop  (cost=0.43..83072.29 rows=11 width=0) (actual time=5.337..1434.780 rows=60 loops=1)
  ->  Seq Scan on movie_keyword mk  (cost=0.00..81003.12 rows=246 width=4) (actual time=0.028..1281.452 rows=3076 loops=1)
        Filter: (keyword_id = 2199)
        Rows Removed by Filter: 4520854
  ->  Index Scan using title_pkey on title t  (cost=0.43..8.40 rows=1 width=4) (actual time=0.049..0.049 rows=0 loops=3076)
        Index Cond: (id = mk.movie_id)
        Filter: (kind_id = 4)
        Rows Removed by Filter: 1
Planning time: 0.731 ms
Execution time: 1434.953 ms
