Seq Scan on movie_keyword mk  (cost=0.00..81003.12 rows=2682310 width=0) (actual time=0.013..1579.859 rows=2670775 loops=1)
  Filter: (keyword_id > 3081)
  Rows Removed by Filter: 1853155
Planning time: 0.316 ms
Execution time: 1905.336 ms
