Seq Scan on cast_info ci  (cost=0.00..796071.18 rows=13672881 width=0) (actual time=1038.551..15465.622 rows=14578126 loops=1)
  Filter: ((person_id > 538102) AND (role_id > 2))
  Rows Removed by Filter: 21666218
Planning time: 0.363 ms
Execution time: 17244.230 ms
