Seq Scan on cast_info ci  (cost=0.00..796071.18 rows=4346952 width=0) (actual time=0.024..13727.282 rows=8883079 loops=1)
  Filter: ((person_id < 1211322) AND (role_id = 1))
  Rows Removed by Filter: 27361265
Planning time: 0.414 ms
Execution time: 14851.474 ms
