Hash Join  (cost=923507.07..1056467.82 rows=899471 width=0) (actual time=15533.846..19425.636 rows=1645124 loops=1)
  Hash Cond: (mk.movie_id = t.id)
  ->  Seq Scan on movie_keyword mk  (cost=0.00..69693.30 rows=4523930 width=4) (actual time=0.044..1423.894 rows=4523930 loops=1)
  ->  Hash  (cost=915258.89..915258.89 rows=502735 width=8) (actual time=15532.051..15532.051 rows=945049 loops=1)
        Buckets: 131072 (originally 131072)  Batches: 16 (originally 8)  Memory Usage: 3333kB
        ->  Hash Join  (cost=98137.04..915258.89 rows=502735 width=8) (actual time=4966.602..15224.378 rows=945049 loops=1)
              Hash Cond: (ci.movie_id = t.id)
              ->  Seq Scan on cast_info ci  (cost=0.00..796071.18 rows=683064 width=4) (actual time=3070.809..11333.231 rows=1355313 loops=1)
                    Filter: ((person_id < 185876) AND (role_id = 1))
                    Rows Removed by Filter: 34889031
              ->  Hash  (cost=67604.59..67604.59 rows=1860996 width=4) (actual time=1894.884..1894.884 rows=1865487 loops=1)
                    Buckets: 131072  Batches: 32  Memory Usage: 3079kB
                    ->  Seq Scan on title t  (cost=0.00..67604.59 rows=1860996 width=4) (actual time=0.035..1324.318 rows=1865487 loops=1)
                          Filter: (kind_id > 1)
                          Rows Removed by Filter: 662825
Planning time: 1.182 ms
Execution time: 19615.265 ms
