Hash Join  (cost=82997.89..597196.54 rows=3223272 width=0) (actual time=1666.411..15514.832 rows=2007946 loops=1)
  Hash Cond: (mi.movie_id = t.id)
  ->  Seq Scan on movie_info mi  (cost=0.00..309384.22 rows=14739122 width=4) (actual time=0.015..6467.134 rows=14835720 loops=1)
  ->  Hash  (cost=73925.90..73925.90 rows=552959 width=4) (actual time=1665.129..1665.129 rows=424680 loops=1)
        Buckets: 131072  Batches: 8  Memory Usage: 2887kB
        ->  Seq Scan on title t  (cost=0.00..73925.90 rows=552959 width=4) (actual time=0.017..1211.396 rows=424680 loops=1)
              Filter: ((kind_id > 1) AND (production_year < 1993))
              Rows Removed by Filter: 2103632
Planning time: 0.738 ms
Execution time: 15742.370 ms
