Seq Scan on cast_info ci  (cost=0.00..705507.15 rows=13149231 width=0) (actual time=19.947..12150.682 rows=13108408 loops=1)
  Filter: (person_id < 1294086)
  Rows Removed by Filter: 23135936
Planning time: 0.336 ms
Execution time: 13776.422 ms
