Hash Join  (cost=102767.86..1052558.53 rows=5977815 width=0) (actual time=6109.256..23810.604 rows=7636762 loops=1)
  Hash Cond: (ci.movie_id = t.id)
  ->  Seq Scan on cast_info ci  (cost=0.00..796071.18 rows=5977815 width=4) (actual time=4151.600..15271.375 rows=7636762 loops=1)
        Filter: ((person_id > 1313459) AND (role_id > 4))
        Rows Removed by Filter: 28607582
  ->  Hash  (cost=61283.27..61283.27 rows=2528527 width=4) (actual time=1956.609..1956.609 rows=2528312 loops=1)
        Buckets: 131072  Batches: 64  Memory Usage: 2415kB
        ->  Seq Scan on title t  (cost=0.00..61283.27 rows=2528527 width=4) (actual time=0.018..1074.168 rows=2528312 loops=1)
Planning time: 0.848 ms
Execution time: 24674.113 ms
