Hash Join  (cost=263115.61..1218531.13 rows=6312439 width=0) (actual time=11083.775..30302.697 rows=23483146 loops=1)
  Hash Cond: (ci.movie_id = t.id)
  ->  Seq Scan on cast_info ci  (cost=0.00..796071.18 rows=6117433 width=4) (actual time=5218.106..13177.357 rows=9420727 loops=1)
        Filter: ((person_id > 2762580) AND (role_id > 1))
        Rows Removed by Filter: 26823617
  ->  Hash  (cost=220309.49..220309.49 rows=2609129 width=8) (actual time=5863.233..5863.233 rows=2609129 loops=1)
        Buckets: 131072  Batches: 64  Memory Usage: 2610kB
        ->  Hash Join  (cost=102767.86..220309.49 rows=2609129 width=8) (actual time=1958.992..5242.163 rows=2609129 loops=1)
              Hash Cond: (mc.movie_id = t.id)
              ->  Seq Scan on movie_companies mc  (cost=0.00..44881.29 rows=2609129 width=4) (actual time=0.018..956.978 rows=2609129 loops=1)
              ->  Hash  (cost=61283.27..61283.27 rows=2528527 width=4) (actual time=1957.844..1957.844 rows=2528312 loops=1)
                    Buckets: 131072  Batches: 64  Memory Usage: 2415kB
                    ->  Seq Scan on title t  (cost=0.00..61283.27 rows=2528527 width=4) (actual time=0.029..1101.707 rows=2528312 loops=1)
Planning time: 1.177 ms
Execution time: 32832.169 ms
