Seq Scan on movie_companies mc  (cost=0.00..51404.11 rows=2592489 width=0) (actual time=0.020..980.520 rows=2593767 loops=1)
  Filter: (company_id < 220499)
  Rows Removed by Filter: 15362
Planning time: 0.257 ms
Execution time: 1296.099 ms
