Hash Join  (cost=83074.09..833883.88 rows=2069 width=0) (actual time=1208.316..15088.790 rows=10653 loops=1)
  Hash Cond: (ci.movie_id = t.id)
  ->  Seq Scan on cast_info ci  (cost=0.00..614943.12 rows=36225612 width=4) (actual time=0.017..7367.000 rows=36244344 loops=1)
  ->  Hash  (cost=83072.29..83072.29 rows=144 width=8) (actual time=1205.648..1205.648 rows=163 loops=1)
        Buckets: 1024  Batches: 1  Memory Usage: 15kB
        ->  Nested Loop  (cost=0.43..83072.29 rows=144 width=8) (actual time=17.191..1205.465 rows=163 loops=1)
              ->  Seq Scan on movie_keyword mk  (cost=0.00..81003.12 rows=246 width=4) (actual time=14.999..1188.249 rows=411 loops=1)
                    Filter: (keyword_id = 3799)
                    Rows Removed by Filter: 4523519
              ->  Index Scan using title_pkey on title t  (cost=0.43..8.40 rows=1 width=4) (actual time=0.040..0.040 rows=0 loops=411)
                    Index Cond: (id = mk.movie_id)
                    Filter: (production_year > 1998)
                    Rows Removed by Filter: 1
Planning time: 1.155 ms
Execution time: 15092.119 ms
