Seq Scan on cast_info ci  (cost=0.00..705507.15 rows=31832933 width=0) (actual time=0.021..13429.808 rows=31983449 loops=1)
  Filter: (person_id > 410697)
  Rows Removed by Filter: 4260895
Planning time: 0.372 ms
Execution time: 17377.465 ms
