Seq Scan on movie_keyword mk  (cost=0.00..81003.12 rows=1736123 width=0) (actual time=0.018..1157.390 rows=1745382 loops=1)
  Filter: (keyword_id > 8004)
  Rows Removed by Filter: 2778548
Planning time: 0.221 ms
Execution time: 1339.742 ms
