Seq Scan on movie_companies mc  (cost=0.00..51404.11 rows=104 width=0) (actual time=322.732..749.159 rows=1163 loops=1)
  Filter: (company_id = 426)
  Rows Removed by Filter: 2607966
Planning time: 0.350 ms
Execution time: 749.522 ms
