Seq Scan on cast_info ci  (cost=0.00..705507.15 rows=17664512 width=0) (actual time=0.017..12987.880 rows=17785482 loops=1)
  Filter: (person_id > 1836303)
  Rows Removed by Filter: 18458862
Planning time: 0.304 ms
Execution time: 15183.283 ms
