Hash Join  (cost=74590.21..424029.06 rows=17020 width=0) (actual time=1688.345..6638.332 rows=26915 loops=1)
  Hash Cond: (mi.movie_id = t.id)
  ->  Seq Scan on movie_info mi  (cost=0.00..346232.03 rows=809768 width=4) (actual time=480.957..5206.329 rows=802140 loops=1)
        Filter: (info_type_id < 2)
        Rows Removed by Filter: 14033580
  ->  Hash  (cost=73925.90..73925.90 rows=53144 width=4) (actual time=1206.981..1206.981 rows=53797 loops=1)
        Buckets: 65536  Batches: 1  Memory Usage: 2404kB
        ->  Seq Scan on title t  (cost=0.00..73925.90 rows=53144 width=4) (actual time=0.039..1181.908 rows=53797 loops=1)
              Filter: ((production_year > 1998) AND (kind_id = 2))
              Rows Removed by Filter: 2474515
Planning time: 0.769 ms
Execution time: 6641.295 ms
