Hash Join  (cost=80166.74..438467.60 rows=121820 width=0) (actual time=4972.129..7475.148 rows=270051 loops=1)
  Hash Cond: (mi.movie_id = t.id)
  ->  Seq Scan on movie_info mi  (cost=0.00..346232.03 rows=809768 width=4) (actual time=3641.901..5638.688 rows=802140 loops=1)
        Filter: (info_type_id < 2)
        Rows Removed by Filter: 14033580
  ->  Hash  (cost=73925.90..73925.90 rows=380387 width=4) (actual time=1329.103..1329.103 rows=484820 loops=1)
        Buckets: 131072  Batches: 8  Memory Usage: 3174kB
        ->  Seq Scan on title t  (cost=0.00..73925.90 rows=380387 width=4) (actual time=0.045..1158.594 rows=484820 loops=1)
              Filter: ((kind_id < 7) AND (production_year < 1999))
              Rows Removed by Filter: 2043492
Planning time: 0.755 ms
Execution time: 7504.188 ms
