Seq Scan on cast_info ci  (cost=0.00..796071.18 rows=2338332 width=0) (actual time=718.164..12128.946 rows=4741587 loops=1)
  Filter: ((person_id < 636287) AND (role_id = 1))
  Rows Removed by Filter: 31502757
Planning time: 0.429 ms
Execution time: 12694.936 ms
