Hash Join  (cost=102767.86..1668908.14 rows=35356008 width=0) (actual time=1928.382..47694.506 rows=35341498 loops=1)
  Hash Cond: (ci.movie_id = t.id)
  ->  Seq Scan on cast_info ci  (cost=0.00..705507.15 rows=35356008 width=4) (actual time=0.024..17517.599 rows=35341498 loops=1)
        Filter: (person_id < 3888570)
        Rows Removed by Filter: 902846
  ->  Hash  (cost=61283.27..61283.27 rows=2528527 width=4) (actual time=1927.498..1927.498 rows=2528312 loops=1)
        Buckets: 131072  Batches: 64  Memory Usage: 2415kB
        ->  Seq Scan on title t  (cost=0.00..61283.27 rows=2528527 width=4) (actual time=0.017..1085.598 rows=2528312 loops=1)
Planning time: 0.713 ms
Execution time: 51518.982 ms
