Seq Scan on title t  (cost=0.00..73925.90 rows=4532 width=0) (actual time=0.087..1048.007 rows=5918 loops=1)
  Filter: ((kind_id = 7) AND (production_year = 1962))
  Rows Removed by Filter: 2522394
Planning time: 0.406 ms
Execution time: 1049.361 ms
