Hash Join  (cost=166608.60..207814.65 rows=204756 width=0) (actual time=3828.442..5295.994 rows=1450724 loops=1)
  Hash Cond: (mi_idx.movie_id = t.id)
  ->  Seq Scan on movie_info_idx mi_idx  (cost=0.00..21735.35 rows=1380035 width=4) (actual time=0.020..420.203 rows=1380035 loops=1)
  ->  Hash  (cost=160453.13..160453.13 rows=375158 width=8) (actual time=3827.496..3827.496 rows=757592 loops=1)
        Buckets: 131072 (originally 131072)  Batches: 16 (originally 8)  Memory Usage: 3073kB
        ->  Hash Join  (cost=83810.17..160453.13 rows=375158 width=8) (actual time=1737.294..3619.587 rows=757592 loops=1)
              Hash Cond: (mc.movie_id = t.id)
              ->  Seq Scan on movie_companies mc  (cost=0.00..57926.93 rows=960384 width=4) (actual time=0.025..1109.264 rows=813876 loops=1)
                    Filter: ((company_id > 846) AND (company_type_id < 2))
                    Rows Removed by Filter: 1795253
              ->  Hash  (cost=67604.59..67604.59 rows=987727 width=4) (actual time=1736.217..1736.217 rows=985048 loops=1)
                    Buckets: 131072  Batches: 16  Memory Usage: 3188kB
                    ->  Seq Scan on title t  (cost=0.00..67604.59 rows=987727 width=4) (actual time=0.017..1142.126 rows=985048 loops=1)
                          Filter: (kind_id < 7)
                          Rows Removed by Filter: 1543264
Planning time: 1.552 ms
Execution time: 5464.585 ms
