Seq Scan on movie_keyword mk  (cost=0.00..81003.12 rows=583663 width=0) (actual time=0.021..1396.012 rows=581576 loops=1)
  Filter: (keyword_id > 31525)
  Rows Removed by Filter: 3942354
Planning time: 0.353 ms
Execution time: 1468.762 ms
