Hash Join  (cost=82811.28..461235.46 rows=470034 width=0) (actual time=2217.207..9267.701 rows=226230 loops=1)
  Hash Cond: (mi.movie_id = t.id)
  ->  Seq Scan on movie_info mi  (cost=0.00..346232.03 rows=2194617 width=4) (actual time=665.716..5722.950 rows=2233850 loops=1)
        Filter: (info_type_id > 16)
        Rows Removed by Filter: 12601870
  ->  Hash  (cost=73925.90..73925.90 rows=541550 width=4) (actual time=1540.939..1540.939 rows=404953 loops=1)
        Buckets: 131072  Batches: 8  Memory Usage: 2803kB
        ->  Seq Scan on title t  (cost=0.00..73925.90 rows=541550 width=4) (actual time=0.027..1393.783 rows=404953 loops=1)
              Filter: ((kind_id > 1) AND (production_year < 1992))
              Rows Removed by Filter: 2123359
Planning time: 0.840 ms
Execution time: 9298.497 ms
