Hash Join  (cost=190230.21..1226387.46 rows=7525837 width=0) (actual time=4376.797..30822.592 rows=12614199 loops=1)
  Hash Cond: (ci.movie_id = t.id)
  ->  Seq Scan on cast_info ci  (cost=0.00..796071.18 rows=13788986 width=4) (actual time=0.023..17104.699 rows=10653735 loops=1)
        Filter: ((person_id < 3108532) AND (role_id > 2))
        Rows Removed by Filter: 25590609
  ->  Hash  (cost=167588.78..167588.78 rows=1380035 width=8) (actual time=4375.158..4375.158 rows=1380035 loops=1)
        Buckets: 131072  Batches: 32  Memory Usage: 2708kB
        ->  Hash Join  (cost=102767.86..167588.78 rows=1380035 width=8) (actual time=1958.458..3974.716 rows=1380035 loops=1)
              Hash Cond: (mi_idx.movie_id = t.id)
              ->  Seq Scan on movie_info_idx mi_idx  (cost=0.00..21735.35 rows=1380035 width=4) (actual time=0.013..513.647 rows=1380035 loops=1)
              ->  Hash  (cost=61283.27..61283.27 rows=2528527 width=4) (actual time=1956.347..1956.347 rows=2528312 loops=1)
                    Buckets: 131072  Batches: 64  Memory Usage: 2415kB
                    ->  Seq Scan on title t  (cost=0.00..61283.27 rows=2528527 width=4) (actual time=0.011..1133.306 rows=2528312 loops=1)
Planning time: 1.147 ms
Execution time: 32366.423 ms
