Seq Scan on cast_info ci  (cost=0.00..705507.15 rows=500 width=0) (actual time=2973.287..11004.421 rows=1 loops=1)
  Filter: (person_id = 1597718)
  Rows Removed by Filter: 36244343
Planning time: 0.246 ms
Execution time: 11004.496 ms
