Hash Join  (cost=86935.43..616059.84 rows=4622048 width=0) (actual time=1822.649..17409.866 rows=3036902 loops=1)
  Hash Cond: (mi.movie_id = t.id)
  ->  Seq Scan on movie_info mi  (cost=0.00..309384.22 rows=14739122 width=4) (actual time=0.016..6234.080 rows=14835720 loops=1)
  ->  Hash  (cost=73925.90..73925.90 rows=792922 width=4) (actual time=1820.911..1820.911 rows=692469 loops=1)
        Buckets: 131072  Batches: 16  Memory Usage: 2555kB
        ->  Seq Scan on title t  (cost=0.00..73925.90 rows=792922 width=4) (actual time=0.030..1290.870 rows=692469 loops=1)
              Filter: ((kind_id > 1) AND (production_year < 2001))
              Rows Removed by Filter: 1835843
Planning time: 3.821 ms
Execution time: 17797.249 ms
