Hash Join  (cost=474179.29..1611294.47 rows=10056904 width=0) (actual time=9036.114..49887.163 rows=40232531 loops=1)
  Hash Cond: (ci.movie_id = t.id)
  ->  Seq Scan on cast_info ci  (cost=0.00..614943.12 rows=36225612 width=4) (actual time=0.009..13607.293 rows=36244344 loops=1)
  ->  Hash  (cost=462661.71..462661.71 rows=701966 width=8) (actual time=9035.039..9035.039 rows=887374 loops=1)
        Buckets: 131072  Batches: 16  Memory Usage: 3140kB
        ->  Hash Join  (cost=80874.21..462661.71 rows=701966 width=8) (actual time=1333.665..8795.743 rows=887374 loops=1)
              Hash Cond: (mi.movie_id = t.id)
              ->  Seq Scan on movie_info mi  (cost=0.00..346232.03 rows=2194617 width=4) (actual time=0.021..5415.296 rows=2233850 loops=1)
                    Filter: (info_type_id > 16)
                    Rows Removed by Filter: 12601870
              ->  Hash  (cost=67604.59..67604.59 rows=808770 width=4) (actual time=1332.744..1332.744 rows=812704 loops=1)
                    Buckets: 131072  Batches: 16  Memory Usage: 2819kB
                    ->  Seq Scan on title t  (cost=0.00..67604.59 rows=808770 width=4) (actual time=0.021..1069.565 rows=812704 loops=1)
                          Filter: (production_year < 1995)
                          Rows Removed by Filter: 1715608
Planning time: 1.098 ms
Execution time: 54243.185 ms
