Seq Scan on movie_keyword mk  (cost=0.00..81003.12 rows=3584874 width=0) (actual time=0.016..1522.891 rows=3579610 loops=1)
  Filter: (keyword_id > 880)
  Rows Removed by Filter: 944320
Planning time: 0.332 ms
Execution time: 1987.240 ms
