Hash Join  (cost=110960.63..868723.50 rows=697366 width=0) (actual time=1905.947..23797.225 rows=1839592 loops=1)
  Hash Cond: (ci.movie_id = t.id)
  ->  Seq Scan on cast_info ci  (cost=0.00..614943.12 rows=36225612 width=4) (actual time=0.011..9388.093 rows=36244344 loops=1)
  ->  Hash  (cost=110352.18..110352.18 rows=48676 width=8) (actual time=1905.566..1905.566 rows=58024 loops=1)
        Buckets: 65536  Batches: 1  Memory Usage: 2779kB
        ->  Hash Join  (cost=78306.32..110352.18 rows=48676 width=8) (actual time=1368.366..1883.748 rows=58024 loops=1)
              Hash Cond: (mi_idx.movie_id = t.id)
              ->  Seq Scan on movie_info_idx mi_idx  (cost=0.00..25185.44 rows=460978 width=4) (actual time=0.025..437.143 rows=459925 loops=1)
                    Filter: (info_type_id = 99)
                    Rows Removed by Filter: 920110
              ->  Hash  (cost=73925.90..73925.90 rows=266993 width=4) (actual time=1196.729..1196.729 rows=216282 loops=1)
                    Buckets: 131072  Batches: 4  Memory Usage: 2928kB
                    ->  Seq Scan on title t  (cost=0.00..73925.90 rows=266993 width=4) (actual time=0.025..1122.660 rows=216282 loops=1)
                          Filter: ((production_year > 2005) AND (kind_id = 1))
                          Rows Removed by Filter: 2312030
Planning time: 3.545 ms
Execution time: 24045.754 ms
