Seq Scan on cast_info ci  (cost=0.00..705507.15 rows=7951014 width=0) (actual time=1307.679..10275.862 rows=7933297 loops=1)
  Filter: (person_id > 2886189)
  Rows Removed by Filter: 28311047
Planning time: 0.360 ms
Execution time: 11139.047 ms
