Nested Loop  (cost=0.43..52283.95 rows=66 width=0) (actual time=172.094..765.032 rows=4 loops=1)
  ->  Seq Scan on movie_companies mc  (cost=0.00..51404.11 rows=104 width=4) (actual time=172.024..764.756 rows=4 loops=1)
        Filter: (company_id = 25015)
        Rows Removed by Filter: 2609125
  ->  Index Scan using title_pkey on title t  (cost=0.43..8.45 rows=1 width=4) (actual time=0.059..0.060 rows=1 loops=4)
        Index Cond: (id = mc.movie_id)
        Filter: (production_year > 1995)
Planning time: 0.800 ms
Execution time: 765.148 ms
