Hash Join  (cost=85113.64..195032.86 rows=496464 width=0) (actual time=1991.399..4511.955 rows=230810 loops=1)
  Hash Cond: (mk.movie_id = t.id)
  ->  Seq Scan on movie_keyword mk  (cost=0.00..81003.12 rows=1840920 width=4) (actual time=0.014..1564.088 rows=1849785 loops=1)
        Filter: (keyword_id < 3078)
        Rows Removed by Filter: 2674145
  ->  Hash  (cost=73925.90..73925.90 rows=681899 width=4) (actual time=1990.292..1990.292 rows=565062 loops=1)
        Buckets: 131072  Batches: 16  Memory Usage: 2272kB
        ->  Seq Scan on title t  (cost=0.00..73925.90 rows=681899 width=4) (actual time=0.021..1232.672 rows=565062 loops=1)
              Filter: ((kind_id > 1) AND (production_year < 1998))
              Rows Removed by Filter: 1963250
Planning time: 0.792 ms
Execution time: 4541.614 ms
