Nested Loop  (cost=0.43..83071.67 rows=246 width=0) (actual time=6.499..1244.929 rows=79 loops=1)
  ->  Seq Scan on movie_keyword mk  (cost=0.00..81003.12 rows=246 width=4) (actual time=6.422..1242.257 rows=79 loops=1)
        Filter: (keyword_id = 33161)
        Rows Removed by Filter: 4523851
  ->  Index Only Scan using title_pkey on title t  (cost=0.43..8.40 rows=1 width=4) (actual time=0.030..0.031 rows=1 loops=79)
        Index Cond: (id = mk.movie_id)
        Heap Fetches: 79
Planning time: 0.768 ms
Execution time: 1245.049 ms
