Hash Join  (cost=180649.24..671573.21 rows=1041904 width=0) (actual time=3523.799..15036.943 rows=327587 loops=1)
  Hash Cond: (mi.movie_id = t.id)
  ->  Seq Scan on movie_info mi  (cost=0.00..309384.22 rows=14739122 width=4) (actual time=0.014..6097.109 rows=14835720 loops=1)
  ->  Hash  (cost=177715.97..177715.97 rows=178741 width=8) (actual time=3302.701..3302.701 rows=34969 loops=1)
        Buckets: 131072  Batches: 4  Memory Usage: 1377kB
        ->  Hash Join  (cost=84037.34..177715.97 rows=178741 width=8) (actual time=1762.353..3289.571 rows=34969 loops=1)
              Hash Cond: (mk.movie_id = t.id)
              ->  Seq Scan on movie_keyword mk  (cost=0.00..81003.12 rows=733359 width=4) (actual time=0.015..1394.727 rows=733369 loops=1)
                    Filter: (keyword_id < 656)
                    Rows Removed by Filter: 3790561
              ->  Hash  (cost=73925.90..73925.90 rows=616275 width=4) (actual time=1309.791..1309.791 rows=676927 loops=1)
                    Buckets: 131072  Batches: 16  Memory Usage: 2522kB
                    ->  Seq Scan on title t  (cost=0.00..73925.90 rows=616275 width=4) (actual time=0.019..1097.315 rows=676927 loops=1)
                          Filter: ((production_year > 2005) AND (kind_id = 7))
                          Rows Removed by Filter: 1851385
Planning time: 0.842 ms
Execution time: 15076.342 ms
