Hash Join  (cost=102767.86..190478.22 rows=827165 width=0) (actual time=2032.585..4203.933 rows=1040079 loops=1)
  Hash Cond: (mc.movie_id = t.id)
  ->  Seq Scan on movie_companies mc  (cost=0.00..57926.93 rows=827165 width=4) (actual time=0.017..1040.031 rows=1040079 loops=1)
        Filter: ((company_id > 4535) AND (company_type_id = 2))
        Rows Removed by Filter: 1569050
  ->  Hash  (cost=61283.27..61283.27 rows=2528527 width=4) (actual time=2031.619..2031.619 rows=2528312 loops=1)
        Buckets: 131072  Batches: 64  Memory Usage: 2415kB
        ->  Seq Scan on title t  (cost=0.00..61283.27 rows=2528527 width=4) (actual time=0.014..1074.867 rows=2528312 loops=1)
Planning time: 0.787 ms
Execution time: 4316.932 ms
