Hash Join  (cost=162456.25..1016531.36 rows=710494 width=0) (actual time=2985.510..22818.794 rows=318723 loops=1)
  Hash Cond: (ci.movie_id = t.id)
  ->  Seq Scan on cast_info ci  (cost=0.00..705507.15 rows=28292610 width=4) (actual time=0.024..13674.097 rows=28327855 loops=1)
        Filter: (person_id < 2887612)
        Rows Removed by Filter: 7916489
  ->  Hash  (cost=161662.54..161662.54 rows=63497 width=8) (actual time=2983.984..2983.984 rows=12851 loops=1)
        Buckets: 65536  Batches: 1  Memory Usage: 1014kB
        ->  Hash Join  (cost=74369.53..161662.54 rows=63497 width=8) (actual time=1337.011..2979.730 rows=12851 loops=1)
              Hash Cond: (mk.movie_id = t.id)
              ->  Seq Scan on movie_keyword mk  (cost=0.00..69693.30 rows=4523930 width=4) (actual time=0.019..1031.540 rows=4523930 loops=1)
              ->  Hash  (cost=73925.90..73925.90 rows=35490 width=4) (actual time=1109.093..1109.093 rows=39698 loops=1)
                    Buckets: 65536  Batches: 1  Memory Usage: 1908kB
                    ->  Seq Scan on title t  (cost=0.00..73925.90 rows=35490 width=4) (actual time=0.021..1092.781 rows=39698 loops=1)
                          Filter: ((kind_id = 7) AND (production_year = 2001))
                          Rows Removed by Filter: 2488614
Planning time: 1.223 ms
Execution time: 22861.216 ms
