Hash Join  (cost=83073.39..137739.82 rows=91 width=0) (actual time=1208.504..2249.877 rows=80 loops=1)
  Hash Cond: (mc.movie_id = t.id)
  ->  Seq Scan on movie_companies mc  (cost=0.00..44881.29 rows=2609129 width=4) (actual time=0.013..594.941 rows=2609129 loops=1)
  ->  Hash  (cost=83072.29..83072.29 rows=88 width=8) (actual time=1191.355..1191.355 rows=12 loops=1)
        Buckets: 1024  Batches: 1  Memory Usage: 9kB
        ->  Nested Loop  (cost=0.43..83072.29 rows=88 width=8) (actual time=145.960..1191.322 rows=12 loops=1)
              ->  Seq Scan on movie_keyword mk  (cost=0.00..81003.12 rows=246 width=4) (actual time=1.604..1177.634 rows=319 loops=1)
                    Filter: (keyword_id = 9897)
                    Rows Removed by Filter: 4523611
              ->  Index Scan using title_pkey on title t  (cost=0.43..8.40 rows=1 width=4) (actual time=0.041..0.041 rows=0 loops=319)
                    Index Cond: (id = mk.movie_id)
                    Filter: (production_year > 2006)
                    Rows Removed by Filter: 1
Planning time: 0.779 ms
Execution time: 2250.014 ms
