Hash Join  (cost=81720.25..158933.98 rows=362108 width=0) (actual time=1960.135..3977.745 rows=783735 loops=1)
  Hash Cond: (mc.movie_id = t.id)
  ->  Seq Scan on movie_companies mc  (cost=0.00..57926.93 rows=1064190 width=4) (actual time=0.015..1078.169 rows=1194548 loops=1)
        Filter: ((company_id > 475) AND (company_type_id > 1))
        Rows Removed by Filter: 1414581
  ->  Hash  (cost=67604.59..67604.59 rows=860373 width=4) (actual time=1959.080..1959.080 rows=854214 loops=1)
        Buckets: 131072  Batches: 16  Memory Usage: 2897kB
        ->  Seq Scan on title t  (cost=0.00..67604.59 rows=860373 width=4) (actual time=0.017..1247.355 rows=854214 loops=1)
              Filter: (kind_id < 4)
              Rows Removed by Filter: 1674098
Planning time: 0.770 ms
Execution time: 4066.651 ms
