Seq Scan on movie_companies mc  (cost=0.00..57926.93 rows=972558 width=0) (actual time=25.488..1112.991 rows=825461 loops=1)
  Filter: ((company_id > 774) AND (company_type_id < 2))
  Rows Removed by Filter: 1783668
Planning time: 0.324 ms
Execution time: 1215.498 ms
