Seq Scan on cast_info ci  (cost=0.00..705507.15 rows=20841326 width=0) (actual time=0.015..12424.549 rows=20974379 loops=1)
  Filter: (person_id > 1503900)
  Rows Removed by Filter: 15269965
Planning time: 0.338 ms
Execution time: 15001.572 ms
