Seq Scan on movie_keyword mk  (cost=0.00..81003.12 rows=2650374 width=0) (actual time=0.022..1477.540 rows=2642837 loops=1)
  Filter: (keyword_id > 3218)
  Rows Removed by Filter: 1881093
Planning time: 0.356 ms
Execution time: 1799.140 ms
