Hash Join  (cost=212514.25..357106.84 rows=1854155 width=0) (actual time=4983.040..13607.288 rows=23488705 loops=1)
  Hash Cond: (mk.movie_id = t.id)
  ->  Seq Scan on movie_keyword mk  (cost=0.00..69693.30 rows=4523930 width=4) (actual time=0.014..1439.997 rows=4523930 loops=1)
  ->  Hash  (cost=195511.14..195511.14 rows=1036329 width=8) (actual time=4982.166..4982.166 rows=913523 loops=1)
        Buckets: 131072  Batches: 16  Memory Usage: 3307kB
        ->  Hash Join  (cost=102767.86..195511.14 rows=1036329 width=8) (actual time=2277.379..4685.514 rows=913523 loops=1)
              Hash Cond: (mc.movie_id = t.id)
              ->  Seq Scan on movie_companies mc  (cost=0.00..57926.93 rows=1036329 width=4) (actual time=0.023..1191.263 rows=913523 loops=1)
                    Filter: ((company_id > 432) AND (company_type_id = 1))
                    Rows Removed by Filter: 1695606
              ->  Hash  (cost=61283.27..61283.27 rows=2528527 width=4) (actual time=2275.195..2275.195 rows=2528312 loops=1)
                    Buckets: 131072  Batches: 64  Memory Usage: 2415kB
                    ->  Seq Scan on title t  (cost=0.00..61283.27 rows=2528527 width=4) (actual time=0.029..1154.904 rows=2528312 loops=1)
Planning time: 1.191 ms
Execution time: 16245.236 ms
