Nested Loop  (cost=0.43..709674.40 rows=64 width=0) (actual time=4933.070..11124.404 rows=49 loops=1)
  ->  Seq Scan on cast_info ci  (cost=0.00..705507.15 rows=500 width=4) (actual time=4932.977..11123.588 rows=49 loops=1)
        Filter: (person_id = 3528784)
        Rows Removed by Filter: 36244295
  ->  Index Scan using title_pkey on title t  (cost=0.43..8.32 rows=1 width=4) (actual time=0.015..0.015 rows=1 loops=49)
        Index Cond: (id = ci.movie_id)
        Filter: ((production_year > 2009) AND (kind_id = 7))
Planning time: 3.015 ms
Execution time: 11124.544 ms
