Hash Join  (cost=586146.02..2025550.07 rows=26259486 width=0) (actual time=13774.509..91789.939 rows=190273281 loops=1)
  Hash Cond: (ci.movie_id = t.id)
  ->  Seq Scan on cast_info ci  (cost=0.00..614943.12 rows=36225612 width=4) (actual time=0.022..13739.008 rows=36244344 loops=1)
  ->  Hash  (cost=556074.81..556074.81 rows=1832897 width=8) (actual time=13772.578..13772.578 rows=2940550 loops=1)
        Buckets: 131072 (originally 131072)  Batches: 64 (originally 32)  Memory Usage: 3073kB
        ->  Hash Join  (cost=82108.53..556074.81 rows=1832897 width=8) (actual time=1352.394..12942.716 rows=2940550 loops=1)
              Hash Cond: (mi.movie_id = t.id)
              ->  Seq Scan on movie_info mi  (cost=0.00..346232.03 rows=9293409 width=4) (actual time=0.024..6543.047 rows=9425200 loops=1)
                    Filter: (info_type_id > 5)
                    Rows Removed by Filter: 5410520
              ->  Hash  (cost=73925.90..73925.90 rows=498690 width=4) (actual time=1351.406..1351.406 rows=369177 loops=1)
                    Buckets: 131072  Batches: 8  Memory Usage: 2661kB
                    ->  Seq Scan on title t  (cost=0.00..73925.90 rows=498690 width=4) (actual time=179.436..1225.334 rows=369177 loops=1)
                          Filter: ((production_year > 1983) AND (kind_id = 1))
                          Rows Removed by Filter: 2159135
Planning time: 1.226 ms
Execution time: 112010.801 ms
