Hash Join  (cost=106840.27..488209.32 rows=1095412 width=0) (actual time=3245.843..9310.706 rows=1176875 loops=1)
  Hash Cond: (mi.movie_id = t.id)
  ->  Seq Scan on movie_info mi  (cost=0.00..346232.03 rows=1158179 width=4) (actual time=871.741..5597.637 rows=1204709 loops=1)
        Filter: (info_type_id > 18)
        Rows Removed by Filter: 13631011
  ->  Hash  (cost=67604.59..67604.59 rows=2391495 width=4) (actual time=2371.723..2371.723 rows=2388876 loops=1)
        Buckets: 131072  Batches: 32  Memory Usage: 3656kB
        ->  Seq Scan on title t  (cost=0.00..67604.59 rows=2391495 width=4) (actual time=0.023..1366.295 rows=2388876 loops=1)
              Filter: (production_year < 2013)
              Rows Removed by Filter: 139436
Planning time: 0.560 ms
Execution time: 9438.589 ms
