Seq Scan on movie_companies mc  (cost=0.00..51404.11 rows=1298363 width=0) (actual time=0.029..848.578 rows=1307303 loops=1)
  Filter: (company_id > 11299)
  Rows Removed by Filter: 1301826
Planning time: 0.323 ms
Execution time: 1014.923 ms
