Nested Loop  (cost=0.43..52283.69 rows=104 width=0) (actual time=117.445..787.906 rows=88 loops=1)
  ->  Seq Scan on movie_companies mc  (cost=0.00..51404.11 rows=104 width=4) (actual time=117.349..784.982 rows=88 loops=1)
        Filter: (company_id = 7304)
        Rows Removed by Filter: 2609041
  ->  Index Only Scan using title_pkey on title t  (cost=0.43..8.45 rows=1 width=4) (actual time=0.031..0.031 rows=1 loops=88)
        Index Cond: (id = mc.movie_id)
        Heap Fetches: 88
Planning time: 0.541 ms
Execution time: 787.998 ms
