Hash Join  (cost=102767.86..288226.91 rows=3930457 width=0) (actual time=1998.764..6959.979 rows=3929100 loops=1)
  Hash Cond: (mk.movie_id = t.id)
  ->  Seq Scan on movie_keyword mk  (cost=0.00..81003.12 rows=3930457 width=4) (actual time=0.014..1780.505 rows=3929100 loops=1)
        Filter: (keyword_id < 30953)
        Rows Removed by Filter: 594830
  ->  Hash  (cost=61283.27..61283.27 rows=2528527 width=4) (actual time=1997.626..1997.626 rows=2528312 loops=1)
        Buckets: 131072  Batches: 64  Memory Usage: 2425kB
        ->  Seq Scan on title t  (cost=0.00..61283.27 rows=2528527 width=4) (actual time=0.036..1137.008 rows=2528312 loops=1)
Planning time: 0.771 ms
Execution time: 7404.215 ms
