Seq Scan on movie_keyword mk  (cost=0.00..81003.12 rows=246 width=0) (actual time=14.143..1278.890 rows=66 loops=1)
  Filter: (keyword_id = 17036)
  Rows Removed by Filter: 4523864
Planning time: 1.185 ms
Execution time: 1279.056 ms
