Hash Join  (cost=709678.15..764348.83 rows=516 width=0) (actual time=11841.151..12909.428 rows=75 loops=1)
  Hash Cond: (mc.movie_id = t.id)
  ->  Seq Scan on movie_companies mc  (cost=0.00..44881.29 rows=2609129 width=4) (actual time=0.015..619.702 rows=2609129 loops=1)
  ->  Hash  (cost=709671.90..709671.90 rows=500 width=8) (actual time=11838.340..11838.340 rows=45 loops=1)
        Buckets: 1024  Batches: 1  Memory Usage: 10kB
        ->  Nested Loop  (cost=0.43..709671.90 rows=500 width=8) (actual time=444.164..11838.286 rows=45 loops=1)
              ->  Seq Scan on cast_info ci  (cost=0.00..705507.15 rows=500 width=4) (actual time=444.061..11837.127 rows=45 loops=1)
                    Filter: (person_id = 1304978)
                    Rows Removed by Filter: 36244299
              ->  Index Only Scan using title_pkey on title t  (cost=0.43..8.32 rows=1 width=4) (actual time=0.022..0.023 rows=1 loops=45)
                    Index Cond: (id = ci.movie_id)
                    Heap Fetches: 45
Planning time: 1.201 ms
Execution time: 12909.559 ms
