Seq Scan on title t  (cost=0.00..73925.90 rows=429755 width=0) (actual time=0.021..1135.875 rows=333645 loops=1)
  Filter: ((kind_id < 3) AND (production_year > 1999))
  Rows Removed by Filter: 2194667
Planning time: 0.331 ms
Execution time: 1181.016 ms
