Seq Scan on movie_keyword mk  (cost=0.00..81003.12 rows=246 width=0) (actual time=45.563..1273.985 rows=15 loops=1)
  Filter: (keyword_id = 1172)
  Rows Removed by Filter: 4523915
Planning time: 0.359 ms
Execution time: 1274.082 ms
