Hash Join  (cost=156359.91..524723.64 rows=1711 width=0) (actual time=4656.571..8732.325 rows=4924 loops=1)
  Hash Cond: (mi.movie_id = t.id)
  ->  Seq Scan on movie_info mi  (cost=0.00..346232.03 rows=5897221 width=4) (actual time=2341.736..5619.372 rows=5884963 loops=1)
        Filter: (info_type_id < 7)
        Rows Removed by Filter: 8950757
  ->  Hash  (cost=156350.74..156350.74 rows=734 width=8) (actual time=2235.901..2235.901 rows=781 loops=1)
        Buckets: 1024  Batches: 1  Memory Usage: 39kB
        ->  Hash Join  (cost=73990.33..156350.74 rows=734 width=8) (actual time=1138.102..2235.389 rows=781 loops=1)
              Hash Cond: (mk.movie_id = t.id)
              ->  Seq Scan on movie_keyword mk  (cost=0.00..81003.12 rows=359985 width=4) (actual time=49.077..1203.482 rows=357965 loops=1)
                    Filter: (keyword_id > 46728)
                    Rows Removed by Filter: 4165965
              ->  Hash  (cost=73925.90..73925.90 rows=5154 width=4) (actual time=967.650..967.650 rows=3618 loops=1)
                    Buckets: 8192  Batches: 1  Memory Usage: 192kB
                    ->  Seq Scan on title t  (cost=0.00..73925.90 rows=5154 width=4) (actual time=375.879..965.801 rows=3618 loops=1)
                          Filter: ((kind_id = 3) AND (production_year = 2009))
                          Rows Removed by Filter: 2524694
Planning time: 1.236 ms
Execution time: 8733.401 ms
