Hash Join  (cost=190230.21..1140289.12 rows=4764956 width=0) (actual time=4195.674..22828.717 rows=5114750 loops=1)
  Hash Cond: (ci.movie_id = t.id)
  ->  Seq Scan on cast_info ci  (cost=0.00..796071.18 rows=8730445 width=4) (actual time=0.026..14907.168 rows=4534025 loops=1)
        Filter: ((person_id > 1108616) AND (role_id = 1))
        Rows Removed by Filter: 31710319
  ->  Hash  (cost=167588.78..167588.78 rows=1380035 width=8) (actual time=4194.447..4194.447 rows=1380035 loops=1)
        Buckets: 131072  Batches: 32  Memory Usage: 2708kB
        ->  Hash Join  (cost=102767.86..167588.78 rows=1380035 width=8) (actual time=1855.771..3811.192 rows=1380035 loops=1)
              Hash Cond: (mi_idx.movie_id = t.id)
              ->  Seq Scan on movie_info_idx mi_idx  (cost=0.00..21735.35 rows=1380035 width=4) (actual time=0.014..483.827 rows=1380035 loops=1)
              ->  Hash  (cost=61283.27..61283.27 rows=2528527 width=4) (actual time=1854.187..1854.187 rows=2528312 loops=1)
                    Buckets: 131072  Batches: 64  Memory Usage: 2415kB
                    ->  Seq Scan on title t  (cost=0.00..61283.27 rows=2528527 width=4) (actual time=0.011..1044.485 rows=2528312 loops=1)
Planning time: 7.424 ms
Execution time: 23400.806 ms
