Hash Join  (cost=81711.23..152838.55 rows=249516 width=0) (actual time=2358.383..3593.882 rows=161573 loops=1)
  Hash Cond: (mc.movie_id = t.id)
  ->  Seq Scan on movie_companies mc  (cost=0.00..51404.11 rows=1329612 width=4) (actual time=0.023..950.693 rows=1334883 loops=1)
        Filter: (company_type_id > 1)
        Rows Removed by Filter: 1274246
  ->  Hash  (cost=73925.90..73925.90 rows=474506 width=4) (actual time=1931.455..1931.455 rows=360459 loops=1)
        Buckets: 131072  Batches: 8  Memory Usage: 2595kB
        ->  Seq Scan on title t  (cost=0.00..73925.90 rows=474506 width=4) (actual time=0.016..1107.866 rows=360459 loops=1)
              Filter: ((production_year < 1994) AND (kind_id = 7))
              Rows Removed by Filter: 2167853
Planning time: 0.790 ms
Execution time: 3614.278 ms
