Hash Join  (cost=219464.77..755678.41 rows=5286473 width=0) (actual time=6343.111..45919.706 rows=111420345 loops=1)
  Hash Cond: (mi.movie_id = t.id)
  ->  Seq Scan on movie_info mi  (cost=0.00..309384.22 rows=14739122 width=4) (actual time=0.016..6251.140 rows=14835720 loops=1)
  ->  Hash  (cost=204585.46..204585.46 rows=906905 width=8) (actual time=6341.920..6341.920 rows=2013411 loops=1)
        Buckets: 131072 (originally 131072)  Batches: 32 (originally 16)  Memory Usage: 3555kB
        ->  Hash Join  (cost=83810.17..204585.46 rows=906905 width=8) (actual time=2322.220..5715.265 rows=2013411 loops=1)
              Hash Cond: (mk.movie_id = t.id)
              ->  Seq Scan on movie_keyword mk  (cost=0.00..81003.12 rows=2321628 width=4) (actual time=0.026..1590.462 rows=2323833 loops=1)
                    Filter: (keyword_id < 5076)
                    Rows Removed by Filter: 2200097
              ->  Hash  (cost=67604.59..67604.59 rows=987727 width=4) (actual time=2321.199..2321.199 rows=985048 loops=1)
                    Buckets: 131072  Batches: 16  Memory Usage: 3197kB
                    ->  Seq Scan on title t  (cost=0.00..67604.59 rows=987727 width=4) (actual time=0.021..1265.698 rows=985048 loops=1)
                          Filter: (kind_id < 7)
                          Rows Removed by Filter: 1543264
Planning time: 2.433 ms
Execution time: 58132.860 ms
