Hash Join  (cost=1018504.83..3115703.40 rows=89025690 width=0) (actual time=25799.052..101140.280 rows=198411963 loops=1)
  Hash Cond: (ci.movie_id = t.id)
  ->  Seq Scan on cast_info ci  (cost=0.00..705507.15 rows=15272542 width=4) (actual time=0.030..14475.147 rows=15153321 loops=1)
        Filter: (person_id < 1494265)
        Rows Removed by Filter: 21091023
  ->  Hash  (cost=776690.81..776690.81 rows=14739122 width=8) (actual time=25797.597..25797.597 rows=14835720 loops=1)
        Buckets: 131072  Batches: 256  Memory Usage: 3268kB
        ->  Hash Join  (cost=102767.86..776690.81 rows=14739122 width=8) (actual time=2083.456..21267.913 rows=14835720 loops=1)
              Hash Cond: (mi.movie_id = t.id)
              ->  Seq Scan on movie_info mi  (cost=0.00..309384.22 rows=14739122 width=4) (actual time=0.006..6207.223 rows=14835720 loops=1)
              ->  Hash  (cost=61283.27..61283.27 rows=2528527 width=4) (actual time=2082.285..2082.285 rows=2528312 loops=1)
                    Buckets: 131072  Batches: 64  Memory Usage: 2425kB
                    ->  Seq Scan on title t  (cost=0.00..61283.27 rows=2528527 width=4) (actual time=0.011..1194.447 rows=2528312 loops=1)
Planning time: 1.250 ms
Execution time: 122299.441 ms
