Seq Scan on movie_companies mc  (cost=0.00..51404.11 rows=2459752 width=0) (actual time=0.024..1011.062 rows=2461089 loops=1)
  Filter: (company_id < 132871)
  Rows Removed by Filter: 148040
Planning time: 0.294 ms
Execution time: 1319.860 ms
