Hash Join  (cost=74148.38..439841.78 rows=103747 width=0) (actual time=1073.067..8707.296 rows=102464 loops=1)
  Hash Cond: (mi.movie_id = t.id)
  ->  Seq Scan on movie_info mi  (cost=0.00..309384.22 rows=14739122 width=4) (actual time=0.022..4208.110 rows=14835720 loops=1)
  ->  Hash  (cost=73925.90..73925.90 rows=17798 width=4) (actual time=1072.679..1072.679 rows=13346 loops=1)
        Buckets: 32768  Batches: 1  Memory Usage: 726kB
        ->  Seq Scan on title t  (cost=0.00..73925.90 rows=17798 width=4) (actual time=104.647..1067.108 rows=13346 loops=1)
              Filter: ((production_year > 2010) AND (kind_id = 4))
              Rows Removed by Filter: 2514966
Planning time: 0.785 ms
Execution time: 8724.199 ms
