Hash Join  (cost=118520.81..483475.60 rows=29886 width=0) (actual time=1389.659..8053.676 rows=109311 loops=1)
  Hash Cond: (mi.movie_id = t.id)
  ->  Seq Scan on movie_info mi  (cost=0.00..309384.22 rows=14739122 width=4) (actual time=0.017..3853.419 rows=14835720 loops=1)
  ->  Hash  (cost=118456.73..118456.73 rows=5127 width=8) (actual time=1389.233..1389.233 rows=4676 loops=1)
        Buckets: 8192  Batches: 1  Memory Usage: 247kB
        ->  Nested Loop  (cost=0.43..118456.73 rows=5127 width=8) (actual time=20.268..1386.340 rows=4676 loops=1)
              ->  Seq Scan on movie_keyword mk  (cost=0.00..81003.12 rows=5127 width=4) (actual time=20.175..1269.305 rows=4676 loops=1)
                    Filter: (keyword_id = 2849)
                    Rows Removed by Filter: 4519254
              ->  Index Only Scan using title_pkey on title t  (cost=0.43..7.30 rows=1 width=4) (actual time=0.024..0.024 rows=1 loops=4676)
                    Index Cond: (id = mk.movie_id)
                    Heap Fetches: 4676
Planning time: 2.776 ms
Execution time: 8070.352 ms
