Hash Join  (cost=106338.40..161149.92 rows=14599 width=0) (actual time=2050.896..3167.013 rows=17983 loops=1)
  Hash Cond: (mc.movie_id = t.id)
  ->  Seq Scan on movie_companies mc  (cost=0.00..44881.29 rows=2609129 width=4) (actual time=0.013..701.097 rows=2609129 loops=1)
  ->  Hash  (cost=106161.55..106161.55 rows=14148 width=8) (actual time=1920.953..1920.953 rows=6873 loops=1)
        Buckets: 16384  Batches: 1  Memory Usage: 397kB
        ->  Hash Join  (cost=75199.97..106161.55 rows=14148 width=8) (actual time=1262.257..1918.157 rows=6873 loops=1)
              Hash Cond: (mi_idx.movie_id = t.id)
              ->  Seq Scan on movie_info_idx mi_idx  (cost=0.00..25185.44 rows=460978 width=4) (actual time=0.017..472.079 rows=459925 loops=1)
                    Filter: (info_type_id = 99)
                    Rows Removed by Filter: 920110
              ->  Hash  (cost=73925.90..73925.90 rows=77605 width=4) (actual time=1261.059..1261.059 rows=84684 loops=1)
                    Buckets: 131072  Batches: 2  Memory Usage: 2512kB
                    ->  Seq Scan on title t  (cost=0.00..73925.90 rows=77605 width=4) (actual time=146.558..1229.367 rows=84684 loops=1)
                          Filter: ((kind_id = 7) AND (production_year = 2009))
                          Rows Removed by Filter: 2443628
Planning time: 1.190 ms
Execution time: 3169.635 ms
