Hash Join  (cost=102767.86..946525.22 rows=1571211 width=0) (actual time=7400.101..17343.613 rows=2473287 loops=1)
  Hash Cond: (ci.movie_id = t.id)
  ->  Seq Scan on cast_info ci  (cost=0.00..796071.18 rows=1571211 width=4) (actual time=4773.258..11374.959 rows=2473287 loops=1)
        Filter: ((person_id > 3580409) AND (role_id > 1))
        Rows Removed by Filter: 33771057
  ->  Hash  (cost=61283.27..61283.27 rows=2528527 width=4) (actual time=2625.344..2625.344 rows=2528312 loops=1)
        Buckets: 131072  Batches: 64  Memory Usage: 2415kB
        ->  Seq Scan on title t  (cost=0.00..61283.27 rows=2528527 width=4) (actual time=0.021..1138.485 rows=2528312 loops=1)
Planning time: 0.738 ms
Execution time: 17634.086 ms
