Hash Join  (cost=102767.86..298496.72 rows=4357276 width=0) (actual time=2010.169..7301.678 rows=4342256 loops=1)
  Hash Cond: (mk.movie_id = t.id)
  ->  Seq Scan on movie_keyword mk  (cost=0.00..81003.12 rows=4357276 width=4) (actual time=0.020..1848.061 rows=4342256 loops=1)
        Filter: (keyword_id > 132)
        Rows Removed by Filter: 181674
  ->  Hash  (cost=61283.27..61283.27 rows=2528527 width=4) (actual time=2007.718..2007.718 rows=2528312 loops=1)
        Buckets: 131072  Batches: 64  Memory Usage: 2425kB
        ->  Seq Scan on title t  (cost=0.00..61283.27 rows=2528527 width=4) (actual time=0.019..1150.873 rows=2528312 loops=1)
Planning time: 0.677 ms
Execution time: 7799.167 ms
