Hash Join  (cost=124000.71..1186444.62 rows=2787973 width=0) (actual time=3118.335..35311.722 rows=12479189 loops=1)
  Hash Cond: (ci.movie_id = t.id)
  ->  Seq Scan on cast_info ci  (cost=0.00..614943.12 rows=36225612 width=4) (actual time=0.024..13557.063 rows=36244344 loops=1)
  ->  Hash  (cost=120807.23..120807.23 rows=194599 width=8) (actual time=3117.461..3117.461 rows=434269 loops=1)
        Buckets: 131072 (originally 131072)  Batches: 8 (originally 4)  Memory Usage: 3152kB
        ->  Hash Join  (cost=79775.76..120807.23 rows=194599 width=8) (actual time=2039.880..3002.586 rows=434269 loops=1)
              Hash Cond: (mi_idx.movie_id = t.id)
              ->  Seq Scan on movie_info_idx mi_idx  (cost=0.00..21735.35 rows=1380035 width=4) (actual time=0.024..468.241 rows=1380035 loops=1)
              ->  Hash  (cost=73925.90..73925.90 rows=356548 width=4) (actual time=1475.551..1475.551 rows=424572 loops=1)
                    Buckets: 131072  Batches: 8  Memory Usage: 2898kB
                    ->  Seq Scan on title t  (cost=0.00..73925.90 rows=356548 width=4) (actual time=613.990..1341.846 rows=424572 loops=1)
                          Filter: ((production_year < 2005) AND (kind_id = 1))
                          Rows Removed by Filter: 2103740
Planning time: 1.155 ms
Execution time: 36598.943 ms
