Hash Join  (cost=70308.29..136482.97 rows=75366 width=0) (actual time=1157.559..2636.077 rows=49432 loops=1)
  Hash Cond: (mc.movie_id = t.id)
  ->  Seq Scan on movie_companies mc  (cost=0.00..51404.11 rows=1156510 width=4) (actual time=0.025..965.606 rows=1152481 loops=1)
        Filter: (company_id < 9078)
        Rows Removed by Filter: 1456648
  ->  Hash  (cost=67604.59..67604.59 rows=164776 width=4) (actual time=1156.725..1156.725 rows=164307 loops=1)
        Buckets: 131072  Batches: 4  Memory Usage: 2482kB
        ->  Seq Scan on title t  (cost=0.00..67604.59 rows=164776 width=4) (actual time=0.018..1098.292 rows=164307 loops=1)
              Filter: (production_year = 2012)
              Rows Removed by Filter: 2364005
Planning time: 0.747 ms
Execution time: 2643.885 ms
