Hash Join  (cost=199934.97..306556.70 rows=515556 width=0) (actual time=4443.432..7386.457 rows=3633906 loops=1)
  Hash Cond: (mk.movie_id = t.id)
  ->  Seq Scan on movie_keyword mk  (cost=0.00..81003.12 rows=1470145 width=4) (actual time=0.016..1491.053 rows=1487974 loops=1)
        Filter: (keyword_id < 2130)
        Rows Removed by Filter: 3035956
  ->  Hash  (cost=185387.06..185387.06 rows=886713 width=8) (actual time=4442.650..4442.650 rows=883350 loops=1)
        Buckets: 131072  Batches: 16  Memory Usage: 3199kB
        ->  Hash Join  (cost=102767.86..185387.06 rows=886713 width=8) (actual time=2122.135..4213.046 rows=883350 loops=1)
              Hash Cond: (mc.movie_id = t.id)
              ->  Seq Scan on movie_companies mc  (cost=0.00..51404.11 rows=886713 width=4) (actual time=0.022..1053.158 rows=883350 loops=1)
                    Filter: (company_id < 2653)
                    Rows Removed by Filter: 1725779
              ->  Hash  (cost=61283.27..61283.27 rows=2528527 width=4) (actual time=2120.229..2120.229 rows=2528312 loops=1)
                    Buckets: 131072  Batches: 64  Memory Usage: 2415kB
                    ->  Seq Scan on title t  (cost=0.00..61283.27 rows=2528527 width=4) (actual time=0.025..1255.582 rows=2528312 loops=1)
Planning time: 3.658 ms
Execution time: 7735.372 ms
