Hash Join  (cost=426704.33..453837.39 rows=22257 width=0) (actual time=6818.036..7476.099 rows=40393 loops=1)
  Hash Cond: (mi_idx.movie_id = t.id)
  ->  Seq Scan on movie_info_idx mi_idx  (cost=0.00..21735.35 rows=1380035 width=4) (actual time=0.025..320.023 rows=1380035 loops=1)
  ->  Hash  (cost=426194.58..426194.58 rows=40780 width=8) (actual time=6817.473..6817.473 rows=42583 loops=1)
        Buckets: 65536  Batches: 1  Memory Usage: 2176kB
        ->  Hash Join  (cost=69694.50..426194.58 rows=40780 width=8) (actual time=3297.878..6801.619 rows=42583 loops=1)
              Hash Cond: (mi.movie_id = t.id)
              ->  Seq Scan on movie_info mi  (cost=0.00..346232.03 rows=809669 width=4) (actual time=2175.224..5346.289 rows=802140 loops=1)
                    Filter: (info_type_id = 1)
                    Rows Removed by Filter: 14033580
              ->  Hash  (cost=67604.59..67604.59 rows=127353 width=4) (actual time=1121.711..1121.711 rows=128696 loops=1)
                    Buckets: 131072  Batches: 2  Memory Usage: 3290kB
                    ->  Seq Scan on title t  (cost=0.00..67604.59 rows=127353 width=4) (actual time=0.026..1065.587 rows=128696 loops=1)
                          Filter: (production_year = 2009)
                          Rows Removed by Filter: 2399616
Planning time: 1.146 ms
Execution time: 7482.092 ms
