Seq Scan on cast_info ci  (cost=0.00..705507.15 rows=500 width=0) (actual time=560.712..11174.931 rows=919 loops=1)
  Filter: (person_id = 2301359)
  Rows Removed by Filter: 36243425
Planning time: 0.367 ms
Execution time: 11175.162 ms
