Seq Scan on movie_keyword mk  (cost=0.00..81003.12 rows=2406726 width=0) (actual time=0.019..776.810 rows=2402793 loops=1)
  Filter: (keyword_id > 3893)
  Rows Removed by Filter: 2121137
Planning time: 0.233 ms
Execution time: 969.535 ms
