Hash Join  (cost=330746.93..1309489.32 rows=12685319 width=0) (actual time=15509.616..39988.157 rows=57571312 loops=1)
  Hash Cond: (ci.movie_id = t.id)
  ->  Seq Scan on cast_info ci  (cost=0.00..705507.15 rows=9468168 width=4) (actual time=7842.252..13925.720 rows=9384703 loops=1)
        Filter: (role_id > 4)
        Rows Removed by Filter: 26859641
  ->  Hash  (cost=275166.86..275166.86 rows=3387685 width=8) (actual time=7665.498..7665.498 rows=3377245 loops=1)
        Buckets: 131072  Batches: 64  Memory Usage: 3107kB
        ->  Hash Join  (cost=102767.86..275166.86 rows=3387685 width=8) (actual time=1970.793..6707.176 rows=3377245 loops=1)
              Hash Cond: (mk.movie_id = t.id)
              ->  Seq Scan on movie_keyword mk  (cost=0.00..81003.12 rows=3387685 width=4) (actual time=0.035..1838.324 rows=3377245 loops=1)
                    Filter: (keyword_id < 16264)
                    Rows Removed by Filter: 1146685
              ->  Hash  (cost=61283.27..61283.27 rows=2528527 width=4) (actual time=1967.836..1967.836 rows=2528312 loops=1)
                    Buckets: 131072  Batches: 64  Memory Usage: 2425kB
                    ->  Seq Scan on title t  (cost=0.00..61283.27 rows=2528527 width=4) (actual time=0.015..1121.851 rows=2528312 loops=1)
Planning time: 1.161 ms
Execution time: 46298.049 ms
