Hash Join  (cost=102054.55..157025.45 rows=30537 width=0) (actual time=2546.591..3754.695 rows=48903 loops=1)
  Hash Cond: (mc.movie_id = t.id)
  ->  Seq Scan on movie_companies mc  (cost=0.00..44881.29 rows=2609129 width=4) (actual time=0.017..595.080 rows=2609129 loops=1)
  ->  Hash  (cost=101684.63..101684.63 rows=29594 width=8) (actual time=2546.336..2546.336 rows=18218 loops=1)
        Buckets: 32768  Batches: 1  Memory Usage: 968kB
        ->  Hash Join  (cost=70308.29..101684.63 rows=29594 width=8) (actual time=1891.448..2539.305 rows=18218 loops=1)
              Hash Cond: (mi_idx.movie_id = t.id)
              ->  Seq Scan on movie_info_idx mi_idx  (cost=0.00..25185.44 rows=454124 width=4) (actual time=0.034..433.900 rows=459925 loops=1)
                    Filter: (info_type_id = 100)
                    Rows Removed by Filter: 920110
              ->  Hash  (cost=67604.59..67604.59 rows=164776 width=4) (actual time=1890.491..1890.491 rows=164307 loops=1)
                    Buckets: 131072  Batches: 4  Memory Usage: 2482kB
                    ->  Seq Scan on title t  (cost=0.00..67604.59 rows=164776 width=4) (actual time=0.023..1155.983 rows=164307 loops=1)
                          Filter: (production_year = 2012)
                          Rows Removed by Filter: 2364005
Planning time: 1.151 ms
Execution time: 3761.773 ms
