Hash Join  (cost=73982.55..902352.37 rows=15364 width=0) (actual time=1678.782..17677.138 rows=64449 loops=1)
  Hash Cond: (ci.movie_id = t.id)
  ->  Seq Scan on cast_info ci  (cost=0.00..796071.18 rows=8571998 width=4) (actual time=1.436..14005.559 rows=11076876 loops=1)
        Filter: ((person_id < 1516046) AND (role_id < 3))
        Rows Removed by Filter: 25167468
  ->  Hash  (cost=73925.90..73925.90 rows=4532 width=4) (actual time=1278.683..1278.683 rows=13632 loops=1)
        Buckets: 16384 (originally 8192)  Batches: 1 (originally 1)  Memory Usage: 608kB
        ->  Seq Scan on title t  (cost=0.00..73925.90 rows=4532 width=4) (actual time=0.091..1272.332 rows=13632 loops=1)
              Filter: ((kind_id > 6) AND (production_year = 1990))
              Rows Removed by Filter: 2514680
Planning time: 0.823 ms
Execution time: 17691.909 ms
