Hash Join  (cost=75195.76..890604.81 rows=49061 width=0) (actual time=4083.986..14686.565 rows=206974 loops=1)
  Hash Cond: (ci.movie_id = t.id)
  ->  Seq Scan on cast_info ci  (cost=0.00..796071.18 rows=1603803 width=4) (actual time=2907.952..11835.406 rows=4351592 loops=1)
        Filter: ((person_id > 2717441) AND (role_id > 8))
        Rows Removed by Filter: 31892752
  ->  Hash  (cost=73925.90..73925.90 rows=77348 width=4) (actual time=1173.352..1173.352 rows=84109 loops=1)
        Buckets: 131072  Batches: 2  Memory Usage: 2509kB
        ->  Seq Scan on title t  (cost=0.00..73925.90 rows=77348 width=4) (actual time=0.037..1142.370 rows=84109 loops=1)
              Filter: ((kind_id = 7) AND (production_year = 2008))
              Rows Removed by Filter: 2444203
Planning time: 0.836 ms
Execution time: 14714.004 ms
