Seq Scan on movie_companies mc  (cost=0.00..51404.11 rows=104 width=0) (actual time=4.829..730.722 rows=1037 loops=1)
  Filter: (company_id = 1685)
  Rows Removed by Filter: 2608092
Planning time: 0.385 ms
Execution time: 731.038 ms
