Hash Join  (cost=96144.17..905641.60 rows=48954 width=0) (actual time=1501.976..16096.127 rows=75489 loops=1)
  Hash Cond: (ci.movie_id = t.id)
  ->  Seq Scan on cast_info ci  (cost=0.00..796071.18 rows=3449790 width=4) (actual time=0.020..13314.378 rows=6212694 loops=1)
        Filter: ((person_id > 1895341) AND (role_id = 2))
        Rows Removed by Filter: 30031650
  ->  Hash  (cost=95695.65..95695.65 rows=35881 width=8) (actual time=1501.175..1501.175 rows=14808 loops=1)
        Buckets: 65536  Batches: 1  Memory Usage: 1091kB
        ->  Hash Join  (cost=68426.36..95695.65 rows=35881 width=8) (actual time=886.799..1495.450 rows=14808 loops=1)
              Hash Cond: (mi_idx.movie_id = t.id)
              ->  Seq Scan on movie_info_idx mi_idx  (cost=0.00..21735.35 rows=1380035 width=4) (actual time=0.021..272.496 rows=1380035 loops=1)
              ->  Hash  (cost=67604.59..67604.59 rows=65742 width=4) (actual time=885.570..885.570 rows=63827 loops=1)
                    Buckets: 131072  Batches: 1  Memory Usage: 3268kB
                    ->  Seq Scan on title t  (cost=0.00..67604.59 rows=65742 width=4) (actual time=0.022..859.197 rows=63827 loops=1)
                          Filter: (production_year = 2013)
                          Rows Removed by Filter: 2464485
Planning time: 1.149 ms
Execution time: 16107.362 ms
