Hash Join  (cost=158730.38..1301510.80 rows=10608418 width=0) (actual time=3289.425..37450.209 rows=13909305 loops=1)
  Hash Cond: (ci.movie_id = t.id)
  ->  Seq Scan on cast_info ci  (cost=0.00..614943.12 rows=36225612 width=4) (actual time=0.023..13156.806 rows=36244344 loops=1)
  ->  Hash  (cost=146581.61..146581.61 rows=740462 width=8) (actual time=3288.264..3288.264 rows=394707 loops=1)
        Buckets: 131072  Batches: 16  Memory Usage: 1989kB
        ->  Hash Join  (cost=96184.51..146581.61 rows=740462 width=8) (actual time=1804.255..3181.517 rows=394707 loops=1)
              Hash Cond: (mi_idx.movie_id = t.id)
              ->  Seq Scan on movie_info_idx mi_idx  (cost=0.00..21735.35 rows=1380035 width=4) (actual time=0.014..438.402 rows=1380035 loops=1)
              ->  Hash  (cost=73925.90..73925.90 rows=1356688 width=4) (actual time=1803.102..1803.102 rows=1327781 loops=1)
                    Buckets: 131072  Batches: 32  Memory Usage: 2479kB
                    ->  Seq Scan on title t  (cost=0.00..73925.90 rows=1356688 width=4) (actual time=0.024..1375.304 rows=1327781 loops=1)
                          Filter: ((production_year < 2012) AND (kind_id = 7))
                          Rows Removed by Filter: 1200531
Planning time: 1.685 ms
Execution time: 39043.641 ms
