Seq Scan on movie_keyword mk  (cost=0.00..81003.12 rows=2458275 width=0) (actual time=0.024..1493.618 rows=2453279 loops=1)
  Filter: (keyword_id < 5882)
  Rows Removed by Filter: 2070651
Planning time: 0.376 ms
Execution time: 1800.688 ms
