Seq Scan on cast_info ci  (cost=0.00..705507.15 rows=14678937 width=0) (actual time=0.018..12125.828 rows=14846480 loops=1)
  Filter: (person_id > 2167926)
  Rows Removed by Filter: 21397864
Planning time: 0.358 ms
Execution time: 13894.817 ms
