Hash Join  (cost=102767.86..1043673.60 rows=5608527 width=0) (actual time=5209.712..17906.583 rows=2561763 loops=1)
  Hash Cond: (ci.movie_id = t.id)
  ->  Seq Scan on cast_info ci  (cost=0.00..796071.18 rows=5608527 width=4) (actual time=3272.429..13600.247 rows=2561763 loops=1)
        Filter: ((person_id < 2156724) AND (role_id > 4))
        Rows Removed by Filter: 33682581
  ->  Hash  (cost=61283.27..61283.27 rows=2528527 width=4) (actual time=1936.253..1936.253 rows=2528312 loops=1)
        Buckets: 131072  Batches: 64  Memory Usage: 2415kB
        ->  Seq Scan on title t  (cost=0.00..61283.27 rows=2528527 width=4) (actual time=0.022..1101.417 rows=2528312 loops=1)
Planning time: 0.766 ms
Execution time: 18177.745 ms
