Seq Scan on title t  (cost=0.00..73925.90 rows=2230 width=0) (actual time=0.158..1096.265 rows=4794 loops=1)
  Filter: ((kind_id < 3) AND (production_year = 1974))
  Rows Removed by Filter: 2523518
Planning time: 0.406 ms
Execution time: 1097.605 ms
