Hash Join  (cost=187291.42..987467.49 rows=1929004 width=0) (actual time=5236.937..18292.141 rows=1672925 loops=1)
  Hash Cond: (ci.movie_id = t.id)
  ->  Seq Scan on cast_info ci  (cost=0.00..705507.15 rows=6255702 width=4) (actual time=1711.165..11567.288 rows=6143939 loops=1)
        Filter: (person_id < 593291)
        Rows Removed by Filter: 30100405
  ->  Hash  (cost=174499.23..174499.23 rows=779695 width=8) (actual time=3494.144..3494.144 rows=316839 loops=1)
        Buckets: 131072  Batches: 16  Memory Usage: 1784kB
        ->  Hash Join  (cost=92883.59..174499.23 rows=779695 width=8) (actual time=1826.807..3420.482 rows=316839 loops=1)
              Hash Cond: (mc.movie_id = t.id)
              ->  Seq Scan on movie_companies mc  (cost=0.00..51404.11 rows=1279517 width=4) (actual time=224.552..942.792 rows=1274246 loops=1)
                    Filter: (company_type_id = 1)
                    Rows Removed by Filter: 1334883
              ->  Hash  (cost=67604.59..67604.59 rows=1540800 width=4) (actual time=1600.713..1600.713 rows=1543264 loops=1)
                    Buckets: 131072  Batches: 32  Memory Usage: 2722kB
                    ->  Seq Scan on title t  (cost=0.00..67604.59 rows=1540800 width=4) (actual time=0.024..1115.796 rows=1543264 loops=1)
                          Filter: (kind_id = 7)
                          Rows Removed by Filter: 985048
Planning time: 0.651 ms
Execution time: 18481.025 ms
