Hash Join  (cost=453429.57..1310056.51 rows=1195580 width=0) (actual time=10449.848..27667.754 rows=5720262 loops=1)
  Hash Cond: (ci.movie_id = t.id)
  ->  Seq Scan on cast_info ci  (cost=0.00..705507.15 rows=11950129 width=4) (actual time=2853.834..13066.456 rows=12015110 loops=1)
        Filter: (person_id > 2486884)
        Rows Removed by Filter: 24229234
  ->  Hash  (cost=449278.41..449278.41 rows=252973 width=8) (actual time=7594.882..7594.882 rows=348118 loops=1)
        Buckets: 131072 (originally 131072)  Batches: 8 (originally 4)  Memory Usage: 3073kB
        ->  Hash Join  (cost=89762.59..449278.41 rows=252973 width=8) (actual time=2597.244..7492.321 rows=348118 loops=1)
              Hash Cond: (mi.movie_id = t.id)
              ->  Seq Scan on movie_info mi  (cost=0.00..346232.03 rows=473617 width=4) (actual time=940.926..5279.849 rows=486554 loops=1)
                    Filter: (info_type_id = 5)
                    Rows Removed by Filter: 14349166
              ->  Hash  (cost=67604.59..67604.59 rows=1350560 width=4) (actual time=1655.440..1655.440 rows=1348293 loops=1)
                    Buckets: 131072  Batches: 32  Memory Usage: 2514kB
                    ->  Seq Scan on title t  (cost=0.00..67604.59 rows=1350560 width=4) (actual time=0.020..1198.611 rows=1348293 loops=1)
                          Filter: (production_year < 2005)
                          Rows Removed by Filter: 1180019
Planning time: 1.201 ms
Execution time: 28335.024 ms
