Hash Join  (cost=100885.02..470510.10 rows=2640 width=0) (actual time=2097.940..8789.555 rows=41225 loops=1)
  Hash Cond: (mi.movie_id = t.id)
  ->  Seq Scan on movie_info mi  (cost=0.00..346232.03 rows=6231111 width=4) (actual time=163.342..6004.088 rows=6223494 loops=1)
        Filter: (info_type_id > 8)
        Rows Removed by Filter: 8612226
  ->  Hash  (cost=100871.63..100871.63 rows=1071 width=8) (actual time=1778.889..1778.889 rows=4594 loops=1)
        Buckets: 8192 (originally 2048)  Batches: 1 (originally 1)  Memory Usage: 244kB
        ->  Hash Join  (cost=73950.44..100871.63 rows=1071 width=8) (actual time=1163.256..1777.004 rows=4594 loops=1)
              Hash Cond: (mi_idx.movie_id = t.id)
              ->  Seq Scan on movie_info_idx mi_idx  (cost=0.00..21735.35 rows=1380035 width=4) (actual time=0.025..332.313 rows=1380035 loops=1)
              ->  Hash  (cost=73925.90..73925.90 rows=1963 width=4) (actual time=1162.583..1162.583 rows=3792 loops=1)
                    Buckets: 4096 (originally 2048)  Batches: 1 (originally 1)  Memory Usage: 166kB
                    ->  Seq Scan on title t  (cost=0.00..73925.90 rows=1963 width=4) (actual time=608.700..1160.745 rows=3792 loops=1)
                          Filter: ((kind_id = 1) AND (production_year = 1966))
                          Rows Removed by Filter: 2524520
Planning time: 1.188 ms
Execution time: 8795.712 ms
