Seq Scan on movie_info mi  (cost=0.00..346232.03 rows=12665229 width=75) (actual time=0.009..6526.924 rows=12744652 loops=1)
  Filter: (info_type_id > 2)
  Rows Removed by Filter: 2091068
Planning time: 1.724 ms
Execution time: 7225.415 ms
