Nested Loop  (cost=0.43..797488.88 rows=67 width=0) (actual time=9606.502..12554.556 rows=1638 loops=1)
  ->  Seq Scan on cast_info ci  (cost=0.00..796071.18 rows=168 width=4) (actual time=122.805..12521.689 rows=1683 loops=1)
        Filter: ((role_id > 3) AND (person_id = 3162716))
        Rows Removed by Filter: 36242661
  ->  Index Scan using title_pkey on title t  (cost=0.43..8.43 rows=1 width=4) (actual time=0.019..0.019 rows=1 loops=1683)
        Index Cond: (id = ci.movie_id)
        Filter: ((kind_id > 2) AND (production_year > 1999))
        Rows Removed by Filter: 0
Planning time: 0.880 ms
Execution time: 12555.045 ms
