Hash Join  (cost=92883.59..167925.90 rows=357610 width=0) (actual time=1768.750..3855.055 rows=316463 loops=1)
  Hash Cond: (mc.movie_id = t.id)
  ->  Seq Scan on movie_companies mc  (cost=0.00..57926.93 rows=586855 width=4) (actual time=82.023..1032.508 rows=794823 loops=1)
        Filter: ((company_id < 10583) AND (company_type_id = 1))
        Rows Removed by Filter: 1814306
  ->  Hash  (cost=67604.59..67604.59 rows=1540800 width=4) (actual time=1685.084..1685.084 rows=1543264 loops=1)
        Buckets: 131072  Batches: 32  Memory Usage: 2722kB
        ->  Seq Scan on title t  (cost=0.00..67604.59 rows=1540800 width=4) (actual time=0.017..1182.756 rows=1543264 loops=1)
              Filter: (kind_id = 7)
              Rows Removed by Filter: 985048
Planning time: 0.862 ms
Execution time: 3891.369 ms
