Seq Scan on movie_keyword mk  (cost=0.00..81003.12 rows=3066256 width=0) (actual time=0.023..1595.281 rows=3055575 loops=1)
  Filter: (keyword_id < 11244)
  Rows Removed by Filter: 1468355
Planning time: 0.349 ms
Execution time: 1973.640 ms
