Seq Scan on movie_companies mc  (cost=0.00..57926.93 rows=808766 width=0) (actual time=0.904..988.039 rows=597777 loops=1)
  Filter: ((company_id > 3915) AND (company_type_id = 1))
  Rows Removed by Filter: 2011352
Planning time: 0.232 ms
Execution time: 1066.116 ms
