Hash Join  (cost=798855.22..1163530.50 rows=1935 width=0) (actual time=14606.316..20925.232 rows=271 loops=1)
  Hash Cond: (mi.movie_id = t.id)
  ->  Seq Scan on movie_info mi  (cost=0.00..309384.22 rows=14739122 width=4) (actual time=0.017..4119.242 rows=14835720 loops=1)
  ->  Hash  (cost=798851.07..798851.07 rows=332 width=8) (actual time=14110.529..14110.529 rows=81 loops=1)
        Buckets: 1024  Batches: 1  Memory Usage: 12kB
        ->  Nested Loop  (cost=0.43..798851.07 rows=332 width=8) (actual time=13231.569..14110.470 rows=81 loops=1)
              ->  Seq Scan on cast_info ci  (cost=0.00..796071.18 rows=332 width=4) (actual time=13231.465..14106.608 rows=81 loops=1)
                    Filter: ((role_id < 4) AND (person_id = 3048601))
                    Rows Removed by Filter: 36244263
              ->  Index Only Scan using title_pkey on title t  (cost=0.43..8.36 rows=1 width=4) (actual time=0.046..0.047 rows=1 loops=81)
                    Index Cond: (id = ci.movie_id)
                    Heap Fetches: 81
Planning time: 1.214 ms
Execution time: 20925.505 ms
