Hash Join  (cost=154768.44..285687.10 rows=731862 width=0) (actual time=3515.172..7655.435 rows=3383049 loops=1)
  Hash Cond: (mk.movie_id = t.id)
  ->  Seq Scan on movie_keyword mk  (cost=0.00..69693.30 rows=4523930 width=4) (actual time=0.023..1442.857 rows=4523930 loops=1)
  ->  Hash  (cost=148057.27..148057.27 rows=409054 width=8) (actual time=3514.362..3514.362 rows=436710 loops=1)
        Buckets: 131072  Batches: 8  Memory Usage: 3172kB
        ->  Hash Join  (cost=104131.46..148057.27 rows=409054 width=8) (actual time=2168.676..3384.951 rows=436710 loops=1)
              Hash Cond: (mi_idx.movie_id = t.id)
              ->  Seq Scan on movie_info_idx mi_idx  (cost=0.00..25185.44 rows=464566 width=4) (actual time=0.022..455.469 rows=459925 loops=1)
                    Filter: (info_type_id = 101)
                    Rows Removed by Filter: 920110
              ->  Hash  (cost=67604.59..67604.59 rows=2226390 width=4) (actual time=2167.890..2167.890 rows=2224569 loops=1)
                    Buckets: 131072  Batches: 32  Memory Usage: 3463kB
                    ->  Seq Scan on title t  (cost=0.00..67604.59 rows=2226390 width=4) (actual time=0.021..1446.625 rows=2224569 loops=1)
                          Filter: (production_year < 2012)
                          Rows Removed by Filter: 303743
Planning time: 1.156 ms
Execution time: 8033.177 ms
