Hash Join  (cost=144126.27..1219902.22 rows=4085773 width=0) (actual time=3128.601..34343.821 rows=7077574 loops=1)
  Hash Cond: (ci.movie_id = t.id)
  ->  Seq Scan on cast_info ci  (cost=0.00..614943.12 rows=36225612 width=4) (actual time=0.013..13032.838 rows=36244344 loops=1)
  ->  Hash  (cost=139446.46..139446.46 rows=285185 width=8) (actual time=3127.748..3127.748 rows=232000 loops=1)
        Buckets: 131072  Batches: 4  Memory Usage: 3288kB
        ->  Hash Join  (cost=99392.34..139446.46 rows=285185 width=8) (actual time=2000.455..3057.096 rows=232000 loops=1)
              Hash Cond: (mi_idx.movie_id = t.id)
              ->  Seq Scan on movie_info_idx mi_idx  (cost=0.00..25185.44 rows=464566 width=4) (actual time=0.024..461.364 rows=459925 loops=1)
                    Filter: (info_type_id = 101)
                    Rows Removed by Filter: 920110
              ->  Hash  (cost=73925.90..73925.90 rows=1552195 width=4) (actual time=1999.325..1999.325 rows=1669980 loops=1)
                    Buckets: 131072  Batches: 32  Memory Usage: 2865kB
                    ->  Seq Scan on title t  (cost=0.00..73925.90 rows=1552195 width=4) (actual time=0.014..1460.467 rows=1669980 loops=1)
                          Filter: ((kind_id > 1) AND (production_year > 1968))
                          Rows Removed by Filter: 858332
Planning time: 5.019 ms
Execution time: 35208.651 ms
