Seq Scan on movie_keyword mk  (cost=0.00..81003.12 rows=2456633 width=0) (actual time=0.031..1456.775 rows=2441338 loops=1)
  Filter: (keyword_id > 3697)
  Rows Removed by Filter: 2082592
Planning time: 0.330 ms
Execution time: 1759.343 ms
