Seq Scan on cast_info ci  (cost=0.00..705507.15 rows=500 width=0) (actual time=5279.412..11011.318 rows=1 loops=1)
  Filter: (person_id = 1395438)
  Rows Removed by Filter: 36244343
Planning time: 0.337 ms
Execution time: 11011.415 ms
