Hash Join  (cost=94574.69..139880.08 rows=457449 width=0) (actual time=2208.376..2995.172 rows=247082 loops=1)
  Hash Cond: (mi_idx.movie_id = t.id)
  ->  Seq Scan on movie_info_idx mi_idx  (cost=0.00..25185.44 rows=919057 width=4) (actual time=0.033..513.568 rows=920110 loops=1)
        Filter: (info_type_id > 99)
        Rows Removed by Filter: 459925
  ->  Hash  (cost=73925.90..73925.90 rows=1258543 width=4) (actual time=1742.210..1742.210 rows=1221534 loops=1)
        Buckets: 131072  Batches: 32  Memory Usage: 2363kB
        ->  Seq Scan on title t  (cost=0.00..73925.90 rows=1258543 width=4) (actual time=271.159..1339.831 rows=1221534 loops=1)
              Filter: ((production_year < 2011) AND (kind_id = 7))
              Rows Removed by Filter: 1306778
Planning time: 0.753 ms
Execution time: 3027.307 ms
