Hash Join  (cost=88359.31..952588.22 rows=1909158 width=0) (actual time=8120.241..15860.749 rows=537146 loops=1)
  Hash Cond: (ci.movie_id = t.id)
  ->  Seq Scan on cast_info ci  (cost=0.00..796071.18 rows=3816039 width=4) (actual time=6417.523..13270.967 rows=1119038 loops=1)
        Filter: ((person_id < 1878073) AND (role_id = 2))
        Rows Removed by Filter: 35125306
  ->  Hash  (cost=67604.59..67604.59 rows=1265018 width=4) (actual time=1697.163..1697.163 rows=1263700 loops=1)
        Buckets: 131072  Batches: 32  Memory Usage: 2410kB
        ->  Seq Scan on title t  (cost=0.00..67604.59 rows=1265018 width=4) (actual time=0.022..1278.550 rows=1263700 loops=1)
              Filter: (production_year < 2004)
              Rows Removed by Filter: 1264612
Planning time: 0.825 ms
Execution time: 15921.504 ms
