Hash Join  (cost=160318.10..1230333.98 rows=3525072 width=0) (actual time=4112.450..39333.476 rows=14612693 loops=1)
  Hash Cond: (ci.movie_id = t.id)
  ->  Seq Scan on cast_info ci  (cost=0.00..614943.12 rows=36225612 width=4) (actual time=0.012..13368.191 rows=36244344 loops=1)
  ->  Hash  (cost=156280.50..156280.50 rows=246048 width=8) (actual time=4111.560..4111.560 rows=311491 loops=1)
        Buckets: 131072 (originally 131072)  Batches: 8 (originally 4)  Memory Usage: 4025kB
        ->  Hash Join  (cost=77838.49..156280.50 rows=246048 width=8) (actual time=1395.327..4016.935 rows=311491 loops=1)
              Hash Cond: (mc.movie_id = t.id)
              ->  Seq Scan on movie_companies mc  (cost=0.00..44881.29 rows=2609129 width=4) (actual time=0.027..969.961 rows=2609129 loops=1)
              ->  Hash  (cost=73925.90..73925.90 rows=238447 width=4) (actual time=1394.509..1394.509 rows=200165 loops=1)
                    Buckets: 131072  Batches: 4  Memory Usage: 2784kB
                    ->  Seq Scan on title t  (cost=0.00..73925.90 rows=238447 width=4) (actual time=575.519..1328.879 rows=200165 loops=1)
                          Filter: ((production_year > 2006) AND (kind_id = 1))
                          Rows Removed by Filter: 2328147
Planning time: 1.195 ms
Execution time: 41087.829 ms
