Seq Scan on cast_info ci  (cost=0.00..796071.18 rows=10465497 width=0) (actual time=9085.133..15051.997 rows=8108962 loops=1)
  Filter: ((person_id > 611592) AND (role_id = 1))
  Rows Removed by Filter: 28135382
Planning time: 0.379 ms
Execution time: 16003.544 ms
