Seq Scan on movie_keyword mk  (cost=0.00..81003.12 rows=246 width=0) (actual time=0.112..1207.068 rows=159 loops=1)
  Filter: (keyword_id = 18708)
  Rows Removed by Filter: 4523771
Planning time: 0.357 ms
Execution time: 1207.279 ms
