Hash Join  (cost=76120.03..564241.93 rows=779297 width=0) (actual time=1297.707..12901.617 rows=1165671 loops=1)
  Hash Cond: (mi.movie_id = t.id)
  ->  Seq Scan on movie_info mi  (cost=0.00..309384.22 rows=14739122 width=4) (actual time=0.024..5998.024 rows=14835720 loops=1)
  ->  Hash  (cost=73925.90..73925.90 rows=133690 width=4) (actual time=1296.989..1296.989 rows=120471 loops=1)
        Buckets: 131072  Batches: 2  Memory Usage: 3147kB
        ->  Seq Scan on title t  (cost=0.00..73925.90 rows=133690 width=4) (actual time=0.026..1251.720 rows=120471 loops=1)
              Filter: ((kind_id < 4) AND (production_year > 2010))
              Rows Removed by Filter: 2407841
Planning time: 0.811 ms
Execution time: 13042.683 ms
