Hash Join  (cost=1333978.24..2651616.21 rows=61254402 width=0) (actual time=35917.958..103300.146 rows=205486878 loops=1)
  Hash Cond: (mi.movie_id = t.id)
  ->  Seq Scan on movie_info mi  (cost=0.00..309384.22 rows=14739122 width=4) (actual time=0.032..6357.738 rows=14835720 loops=1)
  ->  Hash  (cost=1161575.24..1161575.24 rows=10508320 width=8) (actual time=35916.985..35916.985 rows=16355229 loops=1)
        Buckets: 131072  Batches: 256  Memory Usage: 3571kB
        ->  Hash Join  (cost=102767.86..1161575.24 rows=10508320 width=8) (actual time=4901.688..31231.396 rows=16355229 loops=1)
              Hash Cond: (ci.movie_id = t.id)
              ->  Seq Scan on cast_info ci  (cost=0.00..796071.18 rows=10508320 width=4) (actual time=2846.995..15880.660 rows=16355229 loops=1)
                    Filter: ((person_id > 1997339) AND (role_id > 1))
                    Rows Removed by Filter: 19889115
              ->  Hash  (cost=61283.27..61283.27 rows=2528527 width=4) (actual time=2053.109..2053.109 rows=2528312 loops=1)
                    Buckets: 131072  Batches: 64  Memory Usage: 2415kB
                    ->  Seq Scan on title t  (cost=0.00..61283.27 rows=2528527 width=4) (actual time=0.628..1222.726 rows=2528312 loops=1)
Planning time: 1.167 ms
Execution time: 125064.212 ms
