Hash Join  (cost=100885.02..455356.16 rows=930 width=0) (actual time=4022.728..7198.063 rows=18806 loops=1)
  Hash Cond: (mi.movie_id = t.id)
  ->  Seq Scan on movie_info mi  (cost=0.00..346232.03 rows=2194617 width=4) (actual time=2153.777..5183.978 rows=2233850 loops=1)
        Filter: (info_type_id > 16)
        Rows Removed by Filter: 12601870
  ->  Hash  (cost=100871.63..100871.63 rows=1071 width=8) (actual time=1744.522..1744.522 rows=3535 loops=1)
        Buckets: 4096 (originally 2048)  Batches: 1 (originally 1)  Memory Usage: 171kB
        ->  Hash Join  (cost=73950.44..100871.63 rows=1071 width=8) (actual time=1295.163..1743.075 rows=3535 loops=1)
              Hash Cond: (mi_idx.movie_id = t.id)
              ->  Seq Scan on movie_info_idx mi_idx  (cost=0.00..21735.35 rows=1380035 width=4) (actual time=0.031..303.654 rows=1380035 loops=1)
              ->  Hash  (cost=73925.90..73925.90 rows=1963 width=4) (actual time=1168.269..1168.269 rows=2801 loops=1)
                    Buckets: 4096 (originally 2048)  Batches: 1 (originally 1)  Memory Usage: 131kB
                    ->  Seq Scan on title t  (cost=0.00..73925.90 rows=1963 width=4) (actual time=0.112..1166.802 rows=2801 loops=1)
                          Filter: ((kind_id = 1) AND (production_year = 1955))
                          Rows Removed by Filter: 2525511
Planning time: 1.205 ms
Execution time: 7200.205 ms
