Hash Join  (cost=1198246.81..2233582.23 rows=41703908 width=0) (actual time=16671.763..34963.716 rows=16278822 loops=1)
  Hash Cond: (mi.movie_id = t.id)
  ->  Seq Scan on movie_info mi  (cost=0.00..309384.22 rows=14739122 width=4) (actual time=0.026..5733.090 rows=14835720 loops=1)
  ->  Hash  (cost=1080869.91..1080869.91 rows=7154392 width=8) (actual time=16665.760..16665.760 rows=1319182 loops=1)
        Buckets: 131072  Batches: 128  Memory Usage: 1451kB
        ->  Hash Join  (cost=102767.86..1080869.91 rows=7154392 width=8) (actual time=3153.005..16264.569 rows=1319182 loops=1)
              Hash Cond: (ci.movie_id = t.id)
              ->  Seq Scan on cast_info ci  (cost=0.00..796071.18 rows=7154392 width=4) (actual time=1194.070..12775.209 rows=1319182 loops=1)
                    Filter: ((person_id > 1556526) AND (role_id = 1))
                    Rows Removed by Filter: 34925162
              ->  Hash  (cost=61283.27..61283.27 rows=2528527 width=4) (actual time=1957.410..1957.410 rows=2528312 loops=1)
                    Buckets: 131072  Batches: 64  Memory Usage: 2415kB
                    ->  Seq Scan on title t  (cost=0.00..61283.27 rows=2528527 width=4) (actual time=0.018..1116.961 rows=2528312 loops=1)
Planning time: 1.351 ms
Execution time: 36831.747 ms
