Hash Join  (cost=100032.85..818446.70 rows=220379 width=0) (actual time=9715.341..15789.595 rows=199054 loops=1)
  Hash Cond: (ci.movie_id = t.id)
  ->  Seq Scan on cast_info ci  (cost=0.00..705507.15 rows=350181 width=4) (actual time=7350.614..12991.502 rows=316118 loops=1)
        Filter: (role_id > 10)
        Rows Removed by Filter: 35928226
  ->  Hash  (cost=73925.90..73925.90 rows=1591276 width=4) (actual time=2363.129..2363.129 rows=1709435 loops=1)
        Buckets: 131072  Batches: 32  Memory Usage: 2907kB
        ->  Seq Scan on title t  (cost=0.00..73925.90 rows=1591276 width=4) (actual time=0.329..1505.258 rows=1709435 loops=1)
              Filter: ((kind_id > 1) AND (production_year > 1964))
              Rows Removed by Filter: 818877
Planning time: 0.782 ms
Execution time: 15810.388 ms
