Seq Scan on movie_keyword mk  (cost=0.00..81003.12 rows=103129 width=0) (actual time=0.042..1305.736 rows=117394 loops=1)
  Filter: (keyword_id < 115)
  Rows Removed by Filter: 4406536
Planning time: 0.317 ms
Execution time: 1322.933 ms
