Hash Join  (cost=102767.86..1416238.38 rows=21091775 width=0) (actual time=1886.081..41954.928 rows=22565187 loops=1)
  Hash Cond: (ci.movie_id = t.id)
  ->  Seq Scan on cast_info ci  (cost=0.00..796071.18 rows=21091775 width=4) (actual time=0.019..19156.414 rows=22565187 loops=1)
        Filter: ((person_id > 344501) AND (role_id > 1))
        Rows Removed by Filter: 13679157
  ->  Hash  (cost=61283.27..61283.27 rows=2528527 width=4) (actual time=1884.980..1884.980 rows=2528312 loops=1)
        Buckets: 131072  Batches: 64  Memory Usage: 2415kB
        ->  Seq Scan on title t  (cost=0.00..61283.27 rows=2528527 width=4) (actual time=0.021..1049.940 rows=2528312 loops=1)
Planning time: 1.120 ms
Execution time: 44524.861 ms
