Hash Join  (cost=102767.86..209243.68 rows=648043 width=0) (actual time=2539.421..4817.546 rows=658761 loops=1)
  Hash Cond: (mk.movie_id = t.id)
  ->  Seq Scan on movie_keyword mk  (cost=0.00..81003.12 rows=648043 width=4) (actual time=0.024..1396.919 rows=658761 loops=1)
        Filter: (keyword_id > 28547)
        Rows Removed by Filter: 3865169
  ->  Hash  (cost=61283.27..61283.27 rows=2528527 width=4) (actual time=2536.595..2536.595 rows=2528312 loops=1)
        Buckets: 131072  Batches: 64  Memory Usage: 2425kB
        ->  Seq Scan on title t  (cost=0.00..61283.27 rows=2528527 width=4) (actual time=0.019..1067.090 rows=2528312 loops=1)
Planning time: 0.698 ms
Execution time: 4894.007 ms
