Hash Join  (cost=89677.01..232606.08 rows=1717604 width=0) (actual time=1751.143..6227.311 rows=3858890 loops=1)
  Hash Cond: (mk.movie_id = t.id)
  ->  Seq Scan on movie_keyword mk  (cost=0.00..69693.30 rows=4523930 width=4) (actual time=0.023..1502.202 rows=4523930 loops=1)
  ->  Hash  (cost=73925.90..73925.90 rows=960008 width=4) (actual time=1750.325..1750.325 rows=974400 loops=1)
        Buckets: 131072  Batches: 16  Memory Usage: 3174kB
        ->  Seq Scan on title t  (cost=0.00..73925.90 rows=960008 width=4) (actual time=0.021..1444.294 rows=974400 loops=1)
              Filter: ((kind_id < 7) AND (production_year < 2014))
              Rows Removed by Filter: 1553912
Planning time: 0.772 ms
Execution time: 6654.890 ms
