Seq Scan on title t  (cost=0.00..73925.90 rows=42865 width=0) (actual time=0.026..1135.010 rows=49850 loops=1)
  Filter: ((kind_id > 1) AND (production_year = 2001))
  Rows Removed by Filter: 2478462
Planning time: 0.357 ms
Execution time: 1143.016 ms
