Hash Join  (cost=95266.94..151553.04 rows=8380 width=0) (actual time=1787.957..2262.540 rows=10824 loops=1)
  Hash Cond: (mc.movie_id = t.id)
  ->  Seq Scan on movie_companies mc  (cost=0.00..51404.11 rows=1279517 width=4) (actual time=289.302..794.200 rows=1274246 loops=1)
        Filter: (company_type_id < 2)
        Rows Removed by Filter: 1334883
  ->  Hash  (cost=95059.94..95059.94 rows=16560 width=8) (actual time=1259.491..1259.491 rows=10038 loops=1)
        Buckets: 32768  Batches: 1  Memory Usage: 649kB
        ->  Hash Join  (cost=67983.86..95059.94 rows=16560 width=8) (actual time=609.737..1255.565 rows=10038 loops=1)
              Hash Cond: (mi_idx.movie_id = t.id)
              ->  Seq Scan on movie_info_idx mi_idx  (cost=0.00..21735.35 rows=1380035 width=4) (actual time=0.029..329.229 rows=1380035 loops=1)
              ->  Hash  (cost=67604.59..67604.59 rows=30342 width=4) (actual time=609.429..609.429 rows=29105 loops=1)
                    Buckets: 32768  Batches: 1  Memory Usage: 1280kB
                    ->  Seq Scan on title t  (cost=0.00..67604.59 rows=30342 width=4) (actual time=101.109..602.506 rows=29105 loops=1)
                          Filter: (production_year < 1911)
                          Rows Removed by Filter: 2499207
Planning time: 2.500 ms
Execution time: 2264.232 ms
