Hash Join  (cost=74058.02..160905.16 rows=18910 width=0) (actual time=1013.584..2929.314 rows=54088 loops=1)
  Hash Cond: (mk.movie_id = t.id)
  ->  Seq Scan on movie_keyword mk  (cost=0.00..69693.30 rows=4523930 width=4) (actual time=0.023..1033.721 rows=4523930 loops=1)
  ->  Hash  (cost=73925.90..73925.90 rows=10569 width=4) (actual time=1013.187..1013.187 rows=10528 loops=1)
        Buckets: 16384  Batches: 1  Memory Usage: 499kB
        ->  Seq Scan on title t  (cost=0.00..73925.90 rows=10569 width=4) (actual time=0.048..1008.219 rows=10528 loops=1)
              Filter: ((kind_id < 7) AND (production_year = 1993))
              Rows Removed by Filter: 2517784
Planning time: 0.898 ms
Execution time: 2936.934 ms
