Hash Join  (cost=143126.44..510710.22 rows=292786 width=0) (actual time=3022.724..11170.035 rows=180900 loops=1)
  Hash Cond: (mi.movie_id = t.id)
  ->  Seq Scan on movie_info mi  (cost=0.00..309384.22 rows=14739122 width=4) (actual time=0.018..4306.121 rows=14835720 loops=1)
  ->  Hash  (cost=142498.59..142498.59 rows=50228 width=8) (actual time=3020.985..3020.985 rows=31242 loops=1)
        Buckets: 65536  Batches: 1  Memory Usage: 1733kB
        ->  Hash Join  (cost=75574.02..142498.59 rows=50228 width=8) (actual time=1236.894..3008.837 rows=31242 loops=1)
              Hash Cond: (mc.movie_id = t.id)
              ->  Seq Scan on movie_companies mc  (cost=0.00..51404.11 rows=1264847 width=4) (actual time=0.028..986.138 rows=1257407 loops=1)
                    Filter: (company_id < 11165)
                    Rows Removed by Filter: 1351722
              ->  Hash  (cost=73925.90..73925.90 rows=100409 width=4) (actual time=1109.077..1109.077 rows=110402 loops=1)
                    Buckets: 131072  Batches: 2  Memory Usage: 2964kB
                    ->  Seq Scan on title t  (cost=0.00..73925.90 rows=100409 width=4) (actual time=0.050..1063.660 rows=110402 loops=1)
                          Filter: ((kind_id = 7) AND (production_year = 2012))
                          Rows Removed by Filter: 2417910
Planning time: 1.185 ms
Execution time: 11194.341 ms
