Seq Scan on movie_keyword mk  (cost=0.00..81003.12 rows=10707 width=0) (actual time=0.077..680.005 rows=9226 loops=1)
  Filter: (keyword_id = 875)
  Rows Removed by Filter: 4514704
Planning time: 0.338 ms
Execution time: 681.568 ms
