Hash Join  (cost=73950.44..420876.64 rows=143 width=0) (actual time=6471.962..6795.454 rows=731 loops=1)
  Hash Cond: (mi.movie_id = t.id)
  ->  Seq Scan on movie_info mi  (cost=0.00..346232.03 rows=184730 width=4) (actual time=5250.003..5602.031 rows=180112 loops=1)
        Filter: (info_type_id = 13)
        Rows Removed by Filter: 14655608
  ->  Hash  (cost=73925.90..73925.90 rows=1963 width=4) (actual time=1164.872..1164.872 rows=2736 loops=1)
        Buckets: 4096 (originally 2048)  Batches: 1 (originally 1)  Memory Usage: 129kB
        ->  Seq Scan on title t  (cost=0.00..73925.90 rows=1963 width=4) (actual time=168.770..1163.534 rows=2736 loops=1)
              Filter: ((kind_id = 1) AND (production_year = 1953))
              Rows Removed by Filter: 2525576
Planning time: 0.821 ms
Execution time: 6795.739 ms
