Hash Join  (cost=214717.67..754310.23 rows=3876472 width=0) (actual time=4839.112..26049.371 rows=35660126 loops=1)
  Hash Cond: (mi.movie_id = t.id)
  ->  Seq Scan on movie_info mi  (cost=0.00..309384.22 rows=14739122 width=4) (actual time=0.019..5886.247 rows=14835720 loops=1)
  ->  Hash  (cost=203806.96..203806.96 rows=665017 width=8) (actual time=4837.844..4837.844 rows=941707 loops=1)
        Buckets: 131072  Batches: 16  Memory Usage: 3416kB
        ->  Hash Join  (cost=73702.75..203806.96 rows=665017 width=8) (actual time=1178.468..4557.599 rows=941707 loops=1)
              Hash Cond: (mk.movie_id = t.id)
              ->  Seq Scan on movie_keyword mk  (cost=0.00..69693.30 rows=4523930 width=4) (actual time=0.023..1297.270 rows=4523930 loops=1)
              ->  Hash  (cost=67604.59..67604.59 rows=371693 width=4) (actual time=1177.430..1177.430 rows=366430 loops=1)
                    Buckets: 131072  Batches: 8  Memory Usage: 2633kB
                    ->  Seq Scan on title t  (cost=0.00..67604.59 rows=371693 width=4) (actual time=0.016..1054.221 rows=366430 loops=1)
                          Filter: (production_year < 1970)
                          Rows Removed by Filter: 2161882
Planning time: 1.108 ms
Execution time: 30015.094 ms
