Seq Scan on movie_keyword mk  (cost=0.00..81003.12 rows=246 width=0) (actual time=10.772..1276.883 rows=6 loops=1)
  Filter: (keyword_id = 67979)
  Rows Removed by Filter: 4523924
Planning time: 0.302 ms
Execution time: 1276.973 ms
