Hash Join  (cost=184768.05..1353041.86 rows=13090064 width=0) (actual time=4512.251..47034.320 rows=29443949 loops=1)
  Hash Cond: (ci.movie_id = t.id)
  ->  Seq Scan on cast_info ci  (cost=0.00..614943.12 rows=36225612 width=4) (actual time=0.017..12745.451 rows=36244344 loops=1)
  ->  Hash  (cost=169777.06..169777.06 rows=913679 width=8) (actual time=4511.437..4511.437 rows=1248606 loops=1)
        Buckets: 131072 (originally 131072)  Batches: 32 (originally 16)  Memory Usage: 4080kB
        ->  Hash Join  (cost=82131.75..169777.06 rows=913679 width=8) (actual time=1379.836..4136.164 rows=1248606 loops=1)
              Hash Cond: (mc.movie_id = t.id)
              ->  Seq Scan on movie_companies mc  (cost=0.00..44881.29 rows=2609129 width=4) (actual time=0.013..903.326 rows=2609129 loops=1)
              ->  Hash  (cost=67604.59..67604.59 rows=885453 width=4) (actual time=1378.864..1378.864 rows=885650 loops=1)
                    Buckets: 131072  Batches: 16  Memory Usage: 2972kB
                    ->  Seq Scan on title t  (cost=0.00..67604.59 rows=885453 width=4) (actual time=0.018..1099.554 rows=885650 loops=1)
                          Filter: (production_year < 1997)
                          Rows Removed by Filter: 1642662
Planning time: 2.886 ms
Execution time: 50236.322 ms
