Seq Scan on title t  (cost=0.00..73925.90 rows=815243 width=0) (actual time=0.020..1385.963 rows=876186 loops=1)
  Filter: ((kind_id > 1) AND (production_year > 2004))
  Rows Removed by Filter: 1652126
Planning time: 0.339 ms
Execution time: 1498.464 ms
