Nested Loop  (cost=0.43..709674.40 rows=239 width=0) (actual time=3760.119..10765.974 rows=1 loops=1)
  ->  Seq Scan on cast_info ci  (cost=0.00..705507.15 rows=500 width=4) (actual time=3759.903..10765.695 rows=6 loops=1)
        Filter: (person_id = 1938269)
        Rows Removed by Filter: 36244338
  ->  Index Scan using title_pkey on title t  (cost=0.43..8.32 rows=1 width=4) (actual time=0.037..0.038 rows=0 loops=6)
        Index Cond: (id = ci.movie_id)
        Filter: ((production_year > 1977) AND (kind_id = 7))
        Rows Removed by Filter: 1
Planning time: 11.727 ms
Execution time: 10766.138 ms
