Hash Join  (cost=116745.18..183741.59 rows=44911 width=0) (actual time=2280.638..3991.025 rows=410378 loops=1)
  Hash Cond: (mc.movie_id = t.id)
  ->  Seq Scan on movie_companies mc  (cost=0.00..51404.11 rows=1279517 width=4) (actual time=0.021..1055.754 rows=1274246 loops=1)
        Filter: (company_type_id = 1)
        Rows Removed by Filter: 1334883
  ->  Hash  (cost=115288.79..115288.79 rows=88751 width=8) (actual time=2279.950..2279.950 rows=201108 loops=1)
        Buckets: 131072 (originally 131072)  Batches: 4 (originally 2)  Memory Usage: 3073kB
        ->  Hash Join  (cost=82033.88..115288.79 rows=88751 width=8) (actual time=1377.423..2215.416 rows=201108 loops=1)
              Hash Cond: (mi_idx.movie_id = t.id)
              ->  Seq Scan on movie_info_idx mi_idx  (cost=0.00..25185.44 rows=454124 width=4) (actual time=0.011..466.137 rows=459925 loops=1)
                    Filter: (info_type_id = 100)
                    Rows Removed by Filter: 920110
              ->  Hash  (cost=73925.90..73925.90 rows=494158 width=4) (actual time=1376.736..1376.736 rows=581419 loops=1)
                    Buckets: 131072  Batches: 8  Memory Usage: 3592kB
                    ->  Seq Scan on title t  (cost=0.00..73925.90 rows=494158 width=4) (actual time=0.021..1189.411 rows=581419 loops=1)
                          Filter: ((kind_id < 7) AND (production_year < 2004))
                          Rows Removed by Filter: 1946893
Planning time: 0.931 ms
Execution time: 4040.791 ms
