Hash Join  (cost=74119.74..101114.86 rows=8464 width=0) (actual time=1280.912..1889.716 rows=15425 loops=1)
  Hash Cond: (mi_idx.movie_id = t.id)
  ->  Seq Scan on movie_info_idx mi_idx  (cost=0.00..21735.35 rows=1380035 width=4) (actual time=0.014..298.044 rows=1380035 loops=1)
  ->  Hash  (cost=73925.90..73925.90 rows=15507 width=4) (actual time=1280.529..1280.529 rows=11835 loops=1)
        Buckets: 16384  Batches: 1  Memory Usage: 545kB
        ->  Seq Scan on title t  (cost=0.00..73925.90 rows=15507 width=4) (actual time=0.207..1274.892 rows=11835 loops=1)
              Filter: ((kind_id < 7) AND (production_year = 1995))
              Rows Removed by Filter: 2516477
Planning time: 0.466 ms
Execution time: 1892.135 ms
