Seq Scan on cast_info ci  (cost=0.00..796071.18 rows=4096654 width=0) (actual time=4365.781..12940.537 rows=9162906 loops=1)
  Filter: ((person_id > 2783151) AND (role_id > 2))
  Rows Removed by Filter: 27081438
Planning time: 0.332 ms
Execution time: 14082.073 ms
