Hash Join  (cost=266347.72..1469762.92 rows=18887924 width=0) (actual time=8109.185..48788.484 rows=61824538 loops=1)
  Hash Cond: (ci.movie_id = t.id)
  ->  Seq Scan on cast_info ci  (cost=0.00..705507.15 rows=23499554 width=4) (actual time=1385.739..16420.365 rows=23573656 loops=1)
        Filter: (role_id > 1)
        Rows Removed by Filter: 12670688
  ->  Hash  (cost=233004.71..233004.71 rows=2032321 width=8) (actual time=6721.334..6721.334 rows=2644064 loops=1)
        Buckets: 131072 (originally 131072)  Batches: 64 (originally 32)  Memory Usage: 3073kB
        ->  Hash Join  (cost=86241.46..233004.71 rows=2032321 width=8) (actual time=1540.651..5979.631 rows=2644064 loops=1)
              Hash Cond: (mk.movie_id = t.id)
              ->  Seq Scan on movie_keyword mk  (cost=0.00..69693.30 rows=4523930 width=4) (actual time=0.031..1484.899 rows=4523930 loops=1)
              ->  Hash  (cost=67604.59..67604.59 rows=1135910 width=4) (actual time=1539.546..1539.546 rows=1133355 loops=1)
                    Buckets: 131072  Batches: 16  Memory Usage: 3523kB
                    ->  Seq Scan on title t  (cost=0.00..67604.59 rows=1135910 width=4) (actual time=0.029..1163.371 rows=1133355 loops=1)
                          Filter: (production_year < 2002)
                          Rows Removed by Filter: 1394957
Planning time: 1.459 ms
Execution time: 55352.534 ms
