Hash Join  (cost=74103.28..919909.42 rows=73332 width=0) (actual time=1229.024..20060.811 rows=85406 loops=1)
  Hash Cond: (ci.movie_id = t.id)
  ->  Seq Scan on cast_info ci  (cost=0.00..796071.18 rows=13067103 width=4) (actual time=0.027..15909.971 rows=14181714 loops=1)
        Filter: ((person_id > 671215) AND (role_id > 2))
        Rows Removed by Filter: 22062630
  ->  Hash  (cost=73925.90..73925.90 rows=14190 width=4) (actual time=1228.704..1228.704 rows=12208 loops=1)
        Buckets: 16384  Batches: 1  Memory Usage: 558kB
        ->  Seq Scan on title t  (cost=0.00..73925.90 rows=14190 width=4) (actual time=0.094..1222.866 rows=12208 loops=1)
              Filter: ((kind_id < 7) AND (production_year = 1996))
              Rows Removed by Filter: 2516104
Planning time: 0.739 ms
Execution time: 20076.820 ms
