Hash Join  (cost=75330.27..106255.32 rows=15365 width=0) (actual time=1374.926..1864.889 rows=37680 loops=1)
  Hash Cond: (mi_idx.movie_id = t.id)
  ->  Seq Scan on movie_info_idx mi_idx  (cost=0.00..25185.44 rows=454124 width=4) (actual time=0.024..491.470 rows=459925 loops=1)
        Filter: (info_type_id = 100)
        Rows Removed by Filter: 920110
  ->  Hash  (cost=73925.90..73925.90 rows=85549 width=4) (actual time=1175.173..1175.173 rows=90655 loops=1)
        Buckets: 131072  Batches: 2  Memory Usage: 2622kB
        ->  Seq Scan on title t  (cost=0.00..73925.90 rows=85549 width=4) (actual time=0.023..1141.265 rows=90655 loops=1)
              Filter: ((production_year > 1916) AND (kind_id = 2))
              Rows Removed by Filter: 2437657
Planning time: 0.686 ms
Execution time: 1870.062 ms
