Seq Scan on movie_keyword mk  (cost=0.00..81003.12 rows=2568247 width=0) (actual time=0.027..1444.553 rows=2560618 loops=1)
  Filter: (keyword_id < 6480)
  Rows Removed by Filter: 1963312
Planning time: 0.276 ms
Execution time: 1755.298 ms
