Hash Join  (cost=110215.89..594828.69 rows=450489 width=0) (actual time=2104.836..13153.059 rows=810507 loops=1)
  Hash Cond: (mi.movie_id = t.id)
  ->  Seq Scan on movie_info mi  (cost=0.00..309384.22 rows=14739122 width=4) (actual time=0.006..5848.893 rows=14835720 loops=1)
  ->  Hash  (cost=108947.86..108947.86 rows=77282 width=8) (actual time=2096.663..2096.663 rows=60683 loops=1)
        Buckets: 131072  Batches: 2  Memory Usage: 2214kB
        ->  Hash Join  (cost=69928.56..108947.86 rows=77282 width=8) (actual time=1112.885..2074.397 rows=60683 loops=1)
              Hash Cond: (mi_idx.movie_id = t.id)
              ->  Seq Scan on movie_info_idx mi_idx  (cost=0.00..21735.35 rows=1380035 width=4) (actual time=0.015..469.354 rows=1380035 loops=1)
              ->  Hash  (cost=67604.59..67604.59 rows=141598 width=4) (actual time=1112.001..1112.001 rows=141703 loops=1)
                    Buckets: 131072  Batches: 2  Memory Usage: 3511kB
                    ->  Seq Scan on title t  (cost=0.00..67604.59 rows=141598 width=4) (actual time=0.021..1059.827 rows=141703 loops=1)
                          Filter: (production_year = 2010)
                          Rows Removed by Filter: 2386609
Planning time: 0.783 ms
Execution time: 13255.421 ms
