Hash Join  (cost=122789.99..232421.39 rows=159797 width=0) (actual time=2792.146..5742.576 rows=1551798 loops=1)
  Hash Cond: (mk.movie_id = t.id)
  ->  Seq Scan on movie_keyword mk  (cost=0.00..81003.12 rows=2277681 width=4) (actual time=0.025..1559.475 rows=2274931 loops=1)
        Filter: (keyword_id > 4629)
        Rows Removed by Filter: 2248999
  ->  Hash  (cost=119879.54..119879.54 rows=177396 width=8) (actual time=2791.329..2791.329 rows=318019 loops=1)
        Buckets: 131072 (originally 131072)  Batches: 8 (originally 4)  Memory Usage: 3073kB
        ->  Hash Join  (cost=83810.17..119879.54 rows=177396 width=8) (actual time=1389.383..2678.248 rows=318019 loops=1)
              Hash Cond: (mi_idx.movie_id = t.id)
              ->  Seq Scan on movie_info_idx mi_idx  (cost=0.00..25185.44 rows=454124 width=4) (actual time=0.019..456.167 rows=459925 loops=1)
                    Filter: (info_type_id = 100)
                    Rows Removed by Filter: 920110
              ->  Hash  (cost=67604.59..67604.59 rows=987727 width=4) (actual time=1388.382..1388.382 rows=985048 loops=1)
                    Buckets: 131072  Batches: 16  Memory Usage: 3188kB
                    ->  Seq Scan on title t  (cost=0.00..67604.59 rows=987727 width=4) (actual time=0.028..1089.236 rows=985048 loops=1)
                          Filter: (kind_id < 7)
                          Rows Removed by Filter: 1543264
Planning time: 1.314 ms
Execution time: 5925.931 ms
