Hash Join  (cost=210249.87..579959.64 rows=493395 width=0) (actual time=7907.328..11529.884 rows=1094662 loops=1)
  Hash Cond: (mi.movie_id = t.id)
  ->  Seq Scan on movie_info mi  (cost=0.00..346232.03 rows=1272478 width=4) (actual time=3023.450..5617.804 rows=1325361 loops=1)
        Filter: (info_type_id = 8)
        Rows Removed by Filter: 13510359
  ->  Hash  (cost=194164.62..194164.62 rows=980420 width=8) (actual time=4883.008..4883.008 rows=1141984 loops=1)
        Buckets: 131072  Batches: 16  Memory Usage: 3820kB
        ->  Hash Join  (cost=102767.86..194164.62 rows=980420 width=8) (actual time=2252.521..4588.032 rows=1141984 loops=1)
              Hash Cond: (mc.movie_id = t.id)
              ->  Seq Scan on movie_companies mc  (cost=0.00..57926.93 rows=980420 width=4) (actual time=168.472..1255.544 rows=1141984 loops=1)
                    Filter: ((company_id > 1129) AND (company_type_id = 2))
                    Rows Removed by Filter: 1467145
              ->  Hash  (cost=61283.27..61283.27 rows=2528527 width=4) (actual time=2082.786..2082.786 rows=2528312 loops=1)
                    Buckets: 131072  Batches: 64  Memory Usage: 2415kB
                    ->  Seq Scan on title t  (cost=0.00..61283.27 rows=2528527 width=4) (actual time=0.032..1099.921 rows=2528312 loops=1)
Planning time: 1.200 ms
Execution time: 11638.435 ms
