Seq Scan on movie_keyword mk  (cost=0.00..81003.12 rows=3976730 width=0) (actual time=0.020..1650.061 rows=3976424 loops=1)
  Filter: (keyword_id > 393)
  Rows Removed by Filter: 547506
Planning time: 0.190 ms
Execution time: 2151.080 ms
