Nested Loop  (cost=0.43..121321.93 rows=147 width=0) (actual time=72.825..4090.950 rows=44 loops=1)
  ->  Seq Scan on movie_keyword mk  (cost=0.00..81003.12 rows=5580 width=4) (actual time=0.683..1274.888 rows=4889 loops=1)
        Filter: (keyword_id = 1962)
        Rows Removed by Filter: 4519041
  ->  Index Scan using title_pkey on title t  (cost=0.43..7.22 rows=1 width=4) (actual time=0.575..0.575 rows=0 loops=4889)
        Index Cond: (id = mk.movie_id)
        Filter: (production_year > 2012)
        Rows Removed by Filter: 1
Planning time: 0.712 ms
Execution time: 4091.087 ms
