Hash Join  (cost=73205.47..202648.81 rows=610730 width=0) (actual time=1124.640..4649.342 rows=890140 loops=1)
  Hash Cond: (mk.movie_id = t.id)
  ->  Seq Scan on movie_keyword mk  (cost=0.00..69693.30 rows=4523930 width=4) (actual time=0.025..1460.244 rows=4523930 loops=1)
  ->  Hash  (cost=67604.59..67604.59 rows=341351 width=4) (actual time=1123.702..1123.702 rows=337846 loops=1)
        Buckets: 131072  Batches: 8  Memory Usage: 2507kB
        ->  Seq Scan on title t  (cost=0.00..67604.59 rows=341351 width=4) (actual time=0.021..1004.719 rows=337846 loops=1)
              Filter: (production_year < 1968)
              Rows Removed by Filter: 2190466
Planning time: 0.742 ms
Execution time: 4756.125 ms
