Hash Join  (cost=83075.20..137743.12 rows=240 width=0) (actual time=1360.347..2538.194 rows=15754 loops=1)
  Hash Cond: (mc.movie_id = t.id)
  ->  Seq Scan on movie_companies mc  (cost=0.00..44881.29 rows=2609129 width=4) (actual time=0.024..683.114 rows=2609129 loops=1)
  ->  Hash  (cost=83072.29..83072.29 rows=233 width=8) (actual time=1358.854..1358.854 rows=1122 loops=1)
        Buckets: 2048 (originally 1024)  Batches: 1 (originally 1)  Memory Usage: 60kB
        ->  Nested Loop  (cost=0.43..83072.29 rows=233 width=8) (actual time=2.235..1357.943 rows=1122 loops=1)
              ->  Seq Scan on movie_keyword mk  (cost=0.00..81003.12 rows=246 width=4) (actual time=2.178..1306.109 rows=1129 loops=1)
                    Filter: (keyword_id = 1727)
                    Rows Removed by Filter: 4522801
              ->  Index Scan using title_pkey on title t  (cost=0.43..8.40 rows=1 width=4) (actual time=0.044..0.044 rows=1 loops=1129)
                    Index Cond: (id = mk.movie_id)
                    Filter: (production_year < 2013)
                    Rows Removed by Filter: 0
Planning time: 2.838 ms
Execution time: 2542.382 ms
