Hash Join  (cost=83810.17..150722.71 rows=294157 width=0) (actual time=1626.552..3390.360 rows=571590 loops=1)
  Hash Cond: (mc.movie_id = t.id)
  ->  Seq Scan on movie_companies mc  (cost=0.00..51404.11 rows=753026 width=4) (actual time=0.019..1020.478 rows=757749 loops=1)
        Filter: (company_id > 35769)
        Rows Removed by Filter: 1851380
  ->  Hash  (cost=67604.59..67604.59 rows=987727 width=4) (actual time=1625.969..1625.969 rows=985048 loops=1)
        Buckets: 131072  Batches: 16  Memory Usage: 3188kB
        ->  Seq Scan on title t  (cost=0.00..67604.59 rows=987727 width=4) (actual time=0.017..1330.057 rows=985048 loops=1)
              Filter: (kind_id < 7)
              Rows Removed by Filter: 1543264
Planning time: 0.497 ms
Execution time: 3458.817 ms
