Hash Join  (cost=171404.28..210798.54 rows=99178 width=0) (actual time=3260.368..4367.125 rows=265302 loops=1)
  Hash Cond: (mi_idx.movie_id = t.id)
  ->  Seq Scan on movie_info_idx mi_idx  (cost=0.00..21735.35 rows=1380035 width=4) (actual time=0.018..457.529 rows=1380035 loops=1)
  ->  Hash  (cost=168422.84..168422.84 rows=181715 width=8) (actual time=3259.536..3259.536 rows=182530 loops=1)
        Buckets: 131072  Batches: 4  Memory Usage: 2815kB
        ->  Hash Join  (cost=102767.86..168422.84 rows=181715 width=8) (actual time=1924.259..3207.732 rows=182530 loops=1)
              Hash Cond: (mc.movie_id = t.id)
              ->  Seq Scan on movie_companies mc  (cost=0.00..51404.11 rows=181715 width=4) (actual time=0.031..783.447 rows=182530 loops=1)
                    Filter: (company_id > 119338)
                    Rows Removed by Filter: 2426599
              ->  Hash  (cost=61283.27..61283.27 rows=2528527 width=4) (actual time=1922.750..1922.750 rows=2528312 loops=1)
                    Buckets: 131072  Batches: 64  Memory Usage: 2415kB
                    ->  Seq Scan on title t  (cost=0.00..61283.27 rows=2528527 width=4) (actual time=0.023..1077.193 rows=2528312 loops=1)
Planning time: 1.118 ms
Execution time: 4402.470 ms
