Hash Join  (cost=160526.42..304713.37 rows=1338019 width=0) (actual time=5161.974..7608.472 rows=988296 loops=1)
  Hash Cond: (mk.movie_id = t.id)
  ->  Seq Scan on movie_keyword mk  (cost=0.00..81003.12 rows=4023103 width=4) (actual time=0.017..1856.909 rows=4029650 loops=1)
        Filter: (keyword_id < 36482)
        Rows Removed by Filter: 494280
  ->  Hash  (cost=146729.58..146729.58 rows=840947 width=8) (actual time=3768.066..3768.066 rows=425718 loops=1)
        Buckets: 131072  Batches: 16  Memory Usage: 2068kB
        ->  Hash Join  (cost=92883.59..146729.58 rows=840947 width=8) (actual time=2221.478..3655.324 rows=425718 loops=1)
              Hash Cond: (mi_idx.movie_id = t.id)
              ->  Seq Scan on movie_info_idx mi_idx  (cost=0.00..21735.35 rows=1380035 width=4) (actual time=0.019..476.986 rows=1380035 loops=1)
              ->  Hash  (cost=67604.59..67604.59 rows=1540800 width=4) (actual time=2215.230..2215.230 rows=1543264 loops=1)
                    Buckets: 131072  Batches: 32  Memory Usage: 2722kB
                    ->  Seq Scan on title t  (cost=0.00..67604.59 rows=1540800 width=4) (actual time=0.028..1328.474 rows=1543264 loops=1)
                          Filter: (kind_id = 7)
                          Rows Removed by Filter: 985048
Planning time: 5.693 ms
Execution time: 7736.993 ms
