Seq Scan on movie_keyword mk  (cost=0.00..81003.12 rows=1949057 width=0) (actual time=0.022..1397.079 rows=1957794 loops=1)
  Filter: (keyword_id > 6527)
  Rows Removed by Filter: 2566136
Planning time: 0.311 ms
Execution time: 1645.401 ms
