Hash Join  (cost=67612.84..900495.62 rows=2561 width=0) (actual time=1084.229..18291.002 rows=17851 loops=1)
  Hash Cond: (ci.movie_id = t.id)
  ->  Seq Scan on cast_info ci  (cost=0.00..796071.18 rows=9809597 width=4) (actual time=0.019..14604.863 rows=15270808 loops=1)
        Filter: ((person_id > 2115025) AND (role_id > 1))
        Rows Removed by Filter: 20973536
  ->  Hash  (cost=67604.59..67604.59 rows=660 width=4) (actual time=1083.114..1083.114 rows=3515 loops=1)
        Buckets: 4096 (originally 1024)  Batches: 1 (originally 1)  Memory Usage: 156kB
        ->  Seq Scan on title t  (cost=0.00..67604.59 rows=660 width=4) (actual time=1.620..1081.236 rows=3515 loops=1)
              Filter: (production_year > 2013)
              Rows Removed by Filter: 2524797
Planning time: 0.728 ms
Execution time: 18295.527 ms
