Hash Join  (cost=153634.71..639726.91 rows=589127 width=0) (actual time=4030.007..14499.576 rows=371175 loops=1)
  Hash Cond: (mi.movie_id = t.id)
  ->  Seq Scan on movie_info mi  (cost=0.00..309384.22 rows=14739122 width=4) (actual time=0.016..6109.249 rows=14835720 loops=1)
  ->  Hash  (cost=151976.39..151976.39 rows=101066 width=8) (actual time=3302.833..3302.833 rows=47114 loops=1)
        Buckets: 131072  Batches: 2  Memory Usage: 1944kB
        ->  Hash Join  (cost=75533.21..151976.39 rows=101066 width=8) (actual time=1604.600..3286.337 rows=47114 loops=1)
              Hash Cond: (mc.movie_id = t.id)
              ->  Seq Scan on movie_companies mc  (cost=0.00..44881.29 rows=2609129 width=4) (actual time=0.029..867.057 rows=2609129 loops=1)
              ->  Hash  (cost=73925.90..73925.90 rows=97944 width=4) (actual time=1483.509..1483.509 rows=106247 loops=1)
                    Buckets: 131072  Batches: 2  Memory Usage: 2890kB
                    ->  Seq Scan on title t  (cost=0.00..73925.90 rows=97944 width=4) (actual time=0.029..1443.933 rows=106247 loops=1)
                          Filter: ((kind_id = 7) AND (production_year = 2011))
                          Rows Removed by Filter: 2422065
Planning time: 1.184 ms
Execution time: 14546.994 ms
