Seq Scan on movie_keyword mk  (cost=0.00..81003.12 rows=246 width=0) (actual time=2.401..1268.496 rows=241 loops=1)
  Filter: (keyword_id = 9931)
  Rows Removed by Filter: 4523689
Planning time: 0.900 ms
Execution time: 1268.726 ms
