Hash Join  (cost=102767.86..1189833.03 rows=11682707 width=0) (actual time=3465.409..30713.694 rows=12670688 loops=1)
  Hash Cond: (ci.movie_id = t.id)
  ->  Seq Scan on cast_info ci  (cost=0.00..796071.18 rows=11682707 width=4) (actual time=1527.219..17142.590 rows=12670688 loops=1)
        Filter: ((person_id < 3499618) AND (role_id = 1))
        Rows Removed by Filter: 23573656
  ->  Hash  (cost=61283.27..61283.27 rows=2528527 width=4) (actual time=1937.048..1937.048 rows=2528312 loops=1)
        Buckets: 131072  Batches: 64  Memory Usage: 2415kB
        ->  Seq Scan on title t  (cost=0.00..61283.27 rows=2528527 width=4) (actual time=0.033..1104.468 rows=2528312 loops=1)
Planning time: 0.797 ms
Execution time: 32058.161 ms
