Hash Join  (cost=1018504.83..4055495.09 rows=145694826 width=0) (actual time=26930.157..127656.882 rows=256229098 loops=1)
  Hash Cond: (ci.movie_id = t.id)
  ->  Seq Scan on cast_info ci  (cost=0.00..796071.18 rows=24994250 width=4) (actual time=939.905..17365.581 rows=24472674 loops=1)
        Filter: ((person_id > 721579) AND (role_id < 10))
        Rows Removed by Filter: 11771670
  ->  Hash  (cost=776690.81..776690.81 rows=14739122 width=8) (actual time=25986.725..25986.725 rows=14835720 loops=1)
        Buckets: 131072  Batches: 256  Memory Usage: 3268kB
        ->  Hash Join  (cost=102767.86..776690.81 rows=14739122 width=8) (actual time=1872.157..21204.664 rows=14835720 loops=1)
              Hash Cond: (mi.movie_id = t.id)
              ->  Seq Scan on movie_info mi  (cost=0.00..309384.22 rows=14739122 width=4) (actual time=0.029..6350.993 rows=14835720 loops=1)
              ->  Hash  (cost=61283.27..61283.27 rows=2528527 width=4) (actual time=1871.018..1871.018 rows=2528312 loops=1)
                    Buckets: 131072  Batches: 64  Memory Usage: 2425kB
                    ->  Seq Scan on title t  (cost=0.00..61283.27 rows=2528527 width=4) (actual time=0.033..1016.388 rows=2528312 loops=1)
Planning time: 1.636 ms
Execution time: 156278.483 ms
