Hash Join  (cost=102767.86..194897.01 rows=51817 width=0) (actual time=1984.358..3700.502 rows=48091 loops=1)
  Hash Cond: (mk.movie_id = t.id)
  ->  Seq Scan on movie_keyword mk  (cost=0.00..81003.12 rows=51817 width=4) (actual time=0.018..1251.462 rows=48091 loops=1)
        Filter: (keyword_id > 100468)
        Rows Removed by Filter: 4475839
  ->  Hash  (cost=61283.27..61283.27 rows=2528527 width=4) (actual time=1982.459..1982.459 rows=2528312 loops=1)
        Buckets: 131072  Batches: 64  Memory Usage: 2425kB
        ->  Seq Scan on title t  (cost=0.00..61283.27 rows=2528527 width=4) (actual time=0.016..1127.396 rows=2528312 loops=1)
Planning time: 0.753 ms
Execution time: 3706.608 ms
