Hash Join  (cost=148978.82..651242.36 rows=2104661 width=0) (actual time=3323.348..18180.795 rows=5329919 loops=1)
  Hash Cond: (mi.movie_id = t.id)
  ->  Seq Scan on movie_info mi  (cost=0.00..309384.22 rows=14739122 width=4) (actual time=0.017..6217.361 rows=14835720 loops=1)
  ->  Hash  (cost=143054.58..143054.58 rows=361059 width=8) (actual time=3322.485..3322.485 rows=368148 loops=1)
        Buckets: 131072  Batches: 8  Memory Usage: 2836kB
        ->  Hash Join  (cost=100586.94..143054.58 rows=361059 width=8) (actual time=2004.682..3213.075 rows=368148 loops=1)
              Hash Cond: (mi_idx.movie_id = t.id)
              ->  Seq Scan on movie_info_idx mi_idx  (cost=0.00..25185.44 rows=454124 width=4) (actual time=0.013..518.405 rows=459925 loops=1)
                    Filter: (info_type_id = 100)
                    Rows Removed by Filter: 920110
              ->  Hash  (cost=67604.59..67604.59 rows=2010348 width=4) (actual time=2003.492..2003.492 rows=2004649 loops=1)
                    Buckets: 131072  Batches: 32  Memory Usage: 3233kB
                    ->  Seq Scan on title t  (cost=0.00..67604.59 rows=2010348 width=4) (actual time=0.023..1359.960 rows=2004649 loops=1)
                          Filter: (production_year > 1975)
                          Rows Removed by Filter: 523663
Planning time: 1.129 ms
Execution time: 18783.070 ms
