Hash Join  (cost=102767.86..173330.33 rows=385622 width=0) (actual time=1938.632..3627.662 rows=385647 loops=1)
  Hash Cond: (mc.movie_id = t.id)
  ->  Seq Scan on movie_companies mc  (cost=0.00..51404.11 rows=385622 width=4) (actual time=0.031..932.695 rows=385647 loops=1)
        Filter: (company_id < 226)
        Rows Removed by Filter: 2223482
  ->  Hash  (cost=61283.27..61283.27 rows=2528527 width=4) (actual time=1935.929..1935.929 rows=2528312 loops=1)
        Buckets: 131072  Batches: 64  Memory Usage: 2415kB
        ->  Seq Scan on title t  (cost=0.00..61283.27 rows=2528527 width=4) (actual time=0.018..1072.623 rows=2528312 loops=1)
Planning time: 0.772 ms
Execution time: 3675.803 ms
