Hash Join  (cost=87301.44..129263.55 rows=296321 width=0) (actual time=2058.047..3206.934 rows=195326 loops=1)
  Hash Cond: (mi_idx.movie_id = t.id)
  ->  Seq Scan on movie_info_idx mi_idx  (cost=0.00..25185.44 rows=919057 width=4) (actual time=0.015..547.126 rows=920110 loops=1)
        Filter: (info_type_id > 99)
        Rows Removed by Filter: 459925
  ->  Hash  (cost=73925.90..73925.90 rows=815243 width=4) (actual time=2056.832..2056.832 rows=876186 loops=1)
        Buckets: 131072  Batches: 16  Memory Usage: 2955kB
        ->  Seq Scan on title t  (cost=0.00..73925.90 rows=815243 width=4) (actual time=0.022..1485.736 rows=876186 loops=1)
              Filter: ((kind_id > 1) AND (production_year > 2004))
              Rows Removed by Filter: 1652126
Planning time: 0.750 ms
Execution time: 3231.302 ms
