Seq Scan on cast_info ci  (cost=0.00..796071.18 rows=14684828 width=0) (actual time=6562.750..15224.130 rows=12730975 loops=1)
  Filter: ((person_id < 3439872) AND (role_id > 2))
  Rows Removed by Filter: 23513369
Planning time: 0.295 ms
Execution time: 16691.416 ms
