Seq Scan on movie_companies mc  (cost=0.00..51404.11 rows=611670 width=0) (actual time=341.037..903.963 rows=615981 loops=1)
  Filter: (company_id > 63284)
  Rows Removed by Filter: 1993148
Planning time: 0.328 ms
Execution time: 981.879 ms
