Seq Scan on movie_companies mc  (cost=0.00..51404.11 rows=1887555 width=0) (actual time=0.014..2815.126 rows=1883591 loops=1)
  Filter: (company_id < 41361)
  Rows Removed by Filter: 725538
Planning time: 0.400 ms
Execution time: 3107.617 ms
