Hash Join  (cost=74452.28..171961.80 rows=70189 width=0) (actual time=3521.380..8512.920 rows=140516 loops=1)
  Hash Cond: (mk.movie_id = t.id)
  ->  Seq Scan on movie_keyword mk  (cost=0.00..81003.12 rows=4214534 width=4) (actual time=0.023..4012.337 rows=4218090 loops=1)
        Filter: (keyword_id < 53083)
        Rows Removed by Filter: 305840
  ->  Hash  (cost=73925.90..73925.90 rows=42110 width=4) (actual time=3520.961..3520.961 rows=33905 loops=1)
        Buckets: 65536  Batches: 1  Memory Usage: 1704kB
        ->  Seq Scan on title t  (cost=0.00..73925.90 rows=42110 width=4) (actual time=0.020..3497.636 rows=33905 loops=1)
              Filter: ((kind_id < 7) AND (production_year = 2006))
              Rows Removed by Filter: 2494407
Planning time: 1.321 ms
Execution time: 8541.699 ms
