Nested Loop  (cost=0.43..798787.41 rows=324 width=0) (actual time=16504.866..37378.563 rows=93 loops=1)
  ->  Seq Scan on cast_info ci  (cost=0.00..796071.18 rows=324 width=4) (actual time=16504.757..37356.318 rows=93 loops=1)
        Filter: ((role_id > 1) AND (person_id = 3262995))
        Rows Removed by Filter: 36244251
  ->  Index Only Scan using title_pkey on title t  (cost=0.43..8.37 rows=1 width=4) (actual time=0.238..0.238 rows=1 loops=93)
        Index Cond: (id = ci.movie_id)
        Heap Fetches: 93
Planning time: 4.976 ms
Execution time: 37378.677 ms
