Hash Join  (cost=28267.02..835272.81 rows=257 width=0) (actual time=483.082..18118.082 rows=1336 loops=1)
  Hash Cond: (ci.movie_id = t.id)
  ->  Seq Scan on cast_info ci  (cost=0.00..705507.15 rows=27065619 width=4) (actual time=0.019..13246.624 rows=27078935 loops=1)
        Filter: (person_id < 2783151)
        Rows Removed by Filter: 9165409
  ->  Hash  (cost=28266.72..28266.72 rows=24 width=8) (actual time=481.166..481.166 rows=6 loops=1)
        Buckets: 1024  Batches: 1  Memory Usage: 9kB
        ->  Nested Loop  (cost=0.43..28266.72 rows=24 width=8) (actual time=192.244..481.151 rows=6 loops=1)
              ->  Seq Scan on movie_info_idx mi_idx  (cost=0.00..25185.44 rows=368 width=4) (actual time=190.836..461.168 rows=260 loops=1)
                    Filter: (info_type_id > 101)
                    Rows Removed by Filter: 1379775
              ->  Index Scan using title_pkey on title t  (cost=0.43..8.36 rows=1 width=4) (actual time=0.076..0.076 rows=0 loops=260)
                    Index Cond: (id = mi_idx.movie_id)
                    Filter: (production_year = 2012)
                    Rows Removed by Filter: 1
Planning time: 1.181 ms
Execution time: 18119.118 ms
