Seq Scan on movie_keyword mk  (cost=0.00..81003.12 rows=246 width=0) (actual time=9.241..2861.054 rows=75 loops=1)
  Filter: (keyword_id = 35659)
  Rows Removed by Filter: 4523855
Planning time: 0.427 ms
Execution time: 2861.227 ms
