Seq Scan on movie_keyword mk  (cost=0.00..81003.12 rows=1252909 width=0) (actual time=0.024..1322.664 rows=1264705 loops=1)
  Filter: (keyword_id > 14140)
  Rows Removed by Filter: 3259225
Planning time: 0.319 ms
Execution time: 1479.239 ms
