Seq Scan on movie_companies mc  (cost=0.00..51404.11 rows=586764 width=0) (actual time=0.020..859.706 rows=581908 loops=1)
  Filter: (company_id < 656)
  Rows Removed by Filter: 2027221
Planning time: 0.320 ms
Execution time: 935.923 ms
