Seq Scan on movie_companies mc  (cost=0.00..51404.11 rows=1764154 width=0) (actual time=0.022..3050.533 rows=1769656 loops=1)
  Filter: (company_id > 2204)
  Rows Removed by Filter: 839473
Planning time: 0.366 ms
Execution time: 3345.814 ms
