Hash Join  (cost=215926.70..786078.59 rows=8467097 width=0) (actual time=10041.933..45722.269 rows=6479423 loops=1)
  Hash Cond: (mi.movie_id = t.id)
  ->  Seq Scan on movie_info mi  (cost=0.00..309384.22 rows=14739122 width=4) (actual time=1.761..22619.086 rows=14835720 loops=1)
  ->  Hash  (cost=192094.85..192094.85 rows=1452548 width=8) (actual time=10037.154..10037.154 rows=728067 loops=1)
        Buckets: 131072  Batches: 32  Memory Usage: 1892kB
        ->  Hash Join  (cost=97020.84..192094.85 rows=1452548 width=8) (actual time=5093.262..9795.938 rows=728067 loops=1)
              Hash Cond: (mc.movie_id = t.id)
              ->  Seq Scan on movie_companies mc  (cost=0.00..44881.29 rows=2609129 width=4) (actual time=0.026..2671.053 rows=2609129 loops=1)
              ->  Hash  (cost=73925.90..73925.90 rows=1407675 width=4) (actual time=5091.966..5091.966 rows=1483944 loops=1)
                    Buckets: 131072  Batches: 32  Memory Usage: 2655kB
                    ->  Seq Scan on title t  (cost=0.00..73925.90 rows=1407675 width=4) (actual time=0.030..3837.251 rows=1483944 loops=1)
                          Filter: ((kind_id > 4) AND (production_year > 1951))
                          Rows Removed by Filter: 1044368
Planning time: 16.476 ms
Execution time: 46678.392 ms
