Hash Join  (cost=88767.14..1295012.20 rows=9608631 width=0) (actual time=1655.693..39070.193 rows=11455414 loops=1)
  Hash Cond: (ci.movie_id = t.id)
  ->  Seq Scan on cast_info ci  (cost=0.00..796071.18 rows=26858552 width=4) (actual time=0.017..19952.925 rows=28808107 loops=1)
        Filter: ((person_id < 3607074) AND (role_id < 8))
        Rows Removed by Filter: 7436237
  ->  Hash  (cost=73925.90..73925.90 rows=904579 width=4) (actual time=1654.551..1654.551 rows=992072 loops=1)
        Buckets: 131072  Batches: 16  Memory Usage: 3212kB
        ->  Seq Scan on title t  (cost=0.00..73925.90 rows=904579 width=4) (actual time=168.411..1334.958 rows=992072 loops=1)
              Filter: ((production_year > 1998) AND (kind_id = 7))
              Rows Removed by Filter: 1536240
Planning time: 0.820 ms
Execution time: 40356.322 ms
