Seq Scan on movie_keyword mk  (cost=0.00..81003.12 rows=69391 width=0) (actual time=0.026..3096.355 rows=72009 loops=1)
  Filter: (keyword_id < 64)
  Rows Removed by Filter: 4451921
Planning time: 0.398 ms
Execution time: 3108.009 ms
