Hash Join  (cost=97193.44..176969.14 rows=745754 width=0) (actual time=5683.689..9907.488 rows=523679 loops=1)
  Hash Cond: (mc.movie_id = t.id)
  ->  Seq Scan on movie_companies mc  (cost=0.00..51404.11 rows=1329612 width=4) (actual time=0.023..2974.979 rows=1334883 loops=1)
        Filter: (company_type_id > 1)
        Rows Removed by Filter: 1274246
  ->  Hash  (cost=73925.90..73925.90 rows=1418203 width=4) (actual time=5682.428..5682.428 rows=1540108 loops=1)
        Buckets: 131072  Batches: 32  Memory Usage: 2727kB
        ->  Seq Scan on title t  (cost=0.00..73925.90 rows=1418203 width=4) (actual time=0.011..4986.110 rows=1540108 loops=1)
              Filter: ((kind_id > 1) AND (production_year > 1981))
              Rows Removed by Filter: 988204
Planning time: 3.363 ms
Execution time: 9976.109 ms
