Seq Scan on cast_info ci  (cost=0.00..705507.15 rows=500 width=0) (actual time=8495.309..32772.635 rows=9 loops=1)
  Filter: (person_id = 2516713)
  Rows Removed by Filter: 36244335
Planning time: 0.358 ms
Execution time: 32772.760 ms
