Seq Scan on title t  (cost=0.00..73925.90 rows=74292 width=0) (actual time=976.401..2914.452 rows=69213 loops=1)
  Filter: ((production_year > 1986) AND (kind_id = 3))
  Rows Removed by Filter: 2459099
Planning time: 0.387 ms
Execution time: 2925.017 ms
