Seq Scan on movie_keyword mk  (cost=0.00..81003.12 rows=246 width=0) (actual time=13.334..3495.190 rows=167 loops=1)
  Filter: (keyword_id = 11917)
  Rows Removed by Filter: 4523763
Planning time: 4.507 ms
Execution time: 3495.411 ms
