Seq Scan on movie_keyword mk  (cost=0.00..81003.12 rows=3479397 width=0) (actual time=0.025..4646.616 rows=3469502 loops=1)
  Filter: (keyword_id < 16759)
  Rows Removed by Filter: 1054428
Planning time: 0.320 ms
Execution time: 5354.656 ms
