Seq Scan on movie_keyword mk  (cost=0.00..81003.12 rows=2377846 width=0) (actual time=0.024..4619.836 rows=2370368 loops=1)
  Filter: (keyword_id > 4063)
  Rows Removed by Filter: 2153562
Planning time: 0.258 ms
Execution time: 5000.408 ms
