Seq Scan on cast_info ci  (cost=0.00..705507.15 rows=20176642 width=0) (actual time=0.024..38336.450 rows=20057954 loops=1)
  Filter: (person_id < 2014149)
  Rows Removed by Filter: 16186390
Planning time: 0.317 ms
Execution time: 41655.286 ms
