Seq Scan on movie_keyword mk  (cost=0.00..81003.12 rows=246 width=0) (actual time=8.668..3023.739 rows=171 loops=1)
  Filter: (keyword_id = 21169)
  Rows Removed by Filter: 4523759
Planning time: 0.331 ms
Execution time: 3023.968 ms
