Hash Join  (cost=952672.26..1045025.76 rows=1255197 width=0) (actual time=47311.451..53687.634 rows=2066762 loops=1)
  Hash Cond: (mc.movie_id = t.id)
  ->  Seq Scan on movie_companies mc  (cost=0.00..44881.29 rows=2609129 width=4) (actual time=0.029..3420.448 rows=2609129 loops=1)
  ->  Hash  (cost=932715.00..932715.00 rows=1216421 width=8) (actual time=47310.384..47310.384 rows=1746118 loops=1)
        Buckets: 131072 (originally 131072)  Batches: 32 (originally 16)  Memory Usage: 3124kB
        ->  Hash Join  (cost=92883.59..932715.00 rows=1216421 width=8) (actual time=9089.321..46694.815 rows=1746118 loops=1)
              Hash Cond: (ci.movie_id = t.id)
              ->  Seq Scan on cast_info ci  (cost=0.00..796071.18 rows=1996205 width=4) (actual time=3636.779..38372.138 rows=2635384 loops=1)
                    Filter: ((person_id > 1786607) AND (role_id = 3))
                    Rows Removed by Filter: 33608960
              ->  Hash  (cost=67604.59..67604.59 rows=1540800 width=4) (actual time=5450.887..5450.887 rows=1543264 loops=1)
                    Buckets: 131072  Batches: 32  Memory Usage: 2722kB
                    ->  Seq Scan on title t  (cost=0.00..67604.59 rows=1540800 width=4) (actual time=0.022..4519.482 rows=1543264 loops=1)
                          Filter: (kind_id = 7)
                          Rows Removed by Filter: 985048
Planning time: 1.177 ms
Execution time: 53986.872 ms
