Hash Join  (cost=105731.15..160130.48 rows=841039 width=0) (actual time=7380.315..11101.652 rows=885156 loops=1)
  Hash Cond: (mi_idx.movie_id = t.id)
  ->  Seq Scan on movie_info_idx mi_idx  (cost=0.00..25185.44 rows=915101 width=4) (actual time=0.034..1685.455 rows=919850 loops=1)
        Filter: (info_type_id < 101)
        Rows Removed by Filter: 460185
  ->  Hash  (cost=67604.59..67604.59 rows=2323885 width=4) (actual time=7379.106..7379.106 rows=2317570 loops=1)
        Buckets: 131072  Batches: 32  Memory Usage: 3574kB
        ->  Seq Scan on title t  (cost=0.00..67604.59 rows=2323885 width=4) (actual time=0.017..5306.142 rows=2317570 loops=1)
              Filter: (production_year > 1938)
              Rows Removed by Filter: 210742
Planning time: 3.043 ms
Execution time: 11235.214 ms
