Hash Join  (cost=255215.96..816090.44 rows=8442690 width=0) (actual time=14176.905..46425.311 rows=32090183 loops=1)
  Hash Cond: (mi.movie_id = t.id)
  ->  Seq Scan on movie_info mi  (cost=0.00..346232.03 rows=9476311 width=4) (actual time=2521.449..18946.533 rows=9565151 loops=1)
        Filter: (info_type_id < 16)
        Rows Removed by Filter: 5270569
  ->  Hash  (cost=218256.83..218256.83 rows=2252730 width=8) (actual time=11632.271..11632.271 rows=2258452 loops=1)
        Buckets: 131072  Batches: 32  Memory Usage: 3835kB
        ->  Hash Join  (cost=102767.86..218256.83 rows=2252730 width=8) (actual time=5272.115..10933.894 rows=2258452 loops=1)
              Hash Cond: (mc.movie_id = t.id)
              ->  Seq Scan on movie_companies mc  (cost=0.00..51404.11 rows=2252730 width=4) (actual time=0.033..2411.442 rows=2258452 loops=1)
                    Filter: (company_id > 166)
                    Rows Removed by Filter: 350677
              ->  Hash  (cost=61283.27..61283.27 rows=2528527 width=4) (actual time=5270.809..5270.809 rows=2528312 loops=1)
                    Buckets: 131072  Batches: 64  Memory Usage: 2415kB
                    ->  Seq Scan on title t  (cost=0.00..61283.27 rows=2528527 width=4) (actual time=0.017..3621.796 rows=2528312 loops=1)
Planning time: 1.614 ms
Execution time: 50567.012 ms
