Hash Join  (cost=73950.44..160643.60 rows=3512 width=0) (actual time=3329.359..7959.810 rows=1972 loops=1)
  Hash Cond: (mk.movie_id = t.id)
  ->  Seq Scan on movie_keyword mk  (cost=0.00..69693.30 rows=4523930 width=4) (actual time=0.027..3500.398 rows=4523930 loops=1)
  ->  Hash  (cost=73925.90..73925.90 rows=1963 width=4) (actual time=3320.384..3320.384 rows=7770 loops=1)
        Buckets: 8192 (originally 2048)  Batches: 1 (originally 1)  Memory Usage: 338kB
        ->  Seq Scan on title t  (cost=0.00..73925.90 rows=1963 width=4) (actual time=1662.358..3313.722 rows=7770 loops=1)
              Filter: ((kind_id = 1) AND (production_year = 1912))
              Rows Removed by Filter: 2520542
Planning time: 0.668 ms
Execution time: 7960.443 ms
