Hash Join  (cost=83074.74..447745.01 rows=1434 width=0) (actual time=3932.990..25356.468 rows=2185 loops=1)
  Hash Cond: (mi.movie_id = t.id)
  ->  Seq Scan on movie_info mi  (cost=0.00..309384.22 rows=14739122 width=4) (actual time=0.020..17777.853 rows=14835720 loops=1)
  ->  Hash  (cost=83071.67..83071.67 rows=246 width=8) (actual time=3915.534..3915.534 rows=96 loops=1)
        Buckets: 1024  Batches: 1  Memory Usage: 12kB
        ->  Nested Loop  (cost=0.43..83071.67 rows=246 width=8) (actual time=59.029..3915.378 rows=96 loops=1)
              ->  Seq Scan on movie_keyword mk  (cost=0.00..81003.12 rows=246 width=4) (actual time=58.940..3889.910 rows=96 loops=1)
                    Filter: (keyword_id = 47284)
                    Rows Removed by Filter: 4523834
              ->  Index Only Scan using title_pkey on title t  (cost=0.43..8.40 rows=1 width=4) (actual time=0.259..0.260 rows=1 loops=96)
                    Index Cond: (id = mk.movie_id)
                    Heap Fetches: 96
Planning time: 8.650 ms
Execution time: 25357.407 ms
