Hash Join  (cost=122593.72..200097.08 rows=177984 width=0) (actual time=6712.570..10687.172 rows=1477082 loops=1)
  Hash Cond: (mc.movie_id = t.id)
  ->  Seq Scan on movie_companies mc  (cost=0.00..44881.29 rows=2609129 width=4) (actual time=0.025..2805.439 rows=2609129 loops=1)
  ->  Hash  (cost=119763.65..119763.65 rows=172486 width=8) (actual time=6122.710..6122.710 rows=398500 loops=1)
        Buckets: 131072 (originally 131072)  Batches: 8 (originally 4)  Memory Usage: 3073kB
        ->  Hash Join  (cost=79111.30..119763.65 rows=172486 width=8) (actual time=3827.077..6000.560 rows=398500 loops=1)
              Hash Cond: (mi_idx.movie_id = t.id)
              ->  Seq Scan on movie_info_idx mi_idx  (cost=0.00..21735.35 rows=1380035 width=4) (actual time=0.028..1479.729 rows=1380035 loops=1)
              ->  Hash  (cost=73925.90..73925.90 rows=316032 width=4) (actual time=3665.573..3665.573 rows=400740 loops=1)
                    Buckets: 131072  Batches: 8  Memory Usage: 2793kB
                    ->  Seq Scan on title t  (cost=0.00..73925.90 rows=316032 width=4) (actual time=1758.773..3499.612 rows=400740 loops=1)
                          Filter: ((production_year < 2003) AND (kind_id = 1))
                          Rows Removed by Filter: 2127572
Planning time: 1.055 ms
Execution time: 10873.061 ms
