Hash Join  (cost=101210.02..606762.36 rows=5861264 width=0) (actual time=5534.844..29136.741 rows=4870206 loops=1)
  Hash Cond: (mi.movie_id = t.id)
  ->  Seq Scan on movie_info mi  (cost=0.00..346232.03 rows=7235534 width=4) (actual time=0.019..17511.950 rows=7286865 loops=1)
        Filter: (info_type_id < 8)
        Rows Removed by Filter: 7548855
  ->  Hash  (cost=67604.59..67604.59 rows=2048275 width=4) (actual time=5533.566..5533.566 rows=2046723 loops=1)
        Buckets: 131072  Batches: 32  Memory Usage: 3285kB
        ->  Seq Scan on title t  (cost=0.00..67604.59 rows=2048275 width=4) (actual time=0.008..4443.898 rows=2046723 loops=1)
              Filter: (production_year > 1972)
              Rows Removed by Filter: 481589
Planning time: 0.470 ms
Execution time: 29704.395 ms
