Hash Join  (cost=94554.94..243965.17 rows=2249619 width=0) (actual time=4857.715..13043.115 rows=1161703 loops=1)
  Hash Cond: (mk.movie_id = t.id)
  ->  Seq Scan on movie_keyword mk  (cost=0.00..69693.30 rows=4523930 width=4) (actual time=0.015..3905.480 rows=4523930 loops=1)
  ->  Hash  (cost=73925.90..73925.90 rows=1257363 width=4) (actual time=4856.020..4856.020 rows=1229210 loops=1)
        Buckets: 131072  Batches: 32  Memory Usage: 2380kB
        ->  Seq Scan on title t  (cost=0.00..73925.90 rows=1257363 width=4) (actual time=0.028..4328.243 rows=1229210 loops=1)
              Filter: ((kind_id > 2) AND (production_year < 2009))
              Rows Removed by Filter: 1299102
Planning time: 0.741 ms
Execution time: 13188.079 ms
