Seq Scan on cast_info ci  (cost=0.00..796071.18 rows=10924295 width=0) (actual time=9003.465..15851.544 rows=9034291 loops=1)
  Filter: ((person_id > 486120) AND (role_id < 2))
  Rows Removed by Filter: 27210053
Planning time: 0.349 ms
Execution time: 16984.619 ms
