Seq Scan on movie_companies mc  (cost=0.00..57926.93 rows=711243 width=0) (actual time=319.740..1017.288 rows=936470 loops=1)
  Filter: ((company_id > 10983) AND (company_type_id > 1))
  Rows Removed by Filter: 1672659
Planning time: 0.329 ms
Execution time: 1136.448 ms
