Seq Scan on cast_info ci  (cost=0.00..705507.15 rows=13635945 width=0) (actual time=0.023..12065.729 rows=13601046 loops=1)
  Filter: (person_id < 1339130)
  Rows Removed by Filter: 22643298
Planning time: 0.392 ms
Execution time: 13791.280 ms
