Seq Scan on title t  (cost=0.00..73925.90 rows=494158 width=0) (actual time=0.043..1208.838 rows=581419 loops=1)
  Filter: ((kind_id < 7) AND (production_year < 2004))
  Rows Removed by Filter: 1946893
Planning time: 0.612 ms
Execution time: 1283.951 ms
