Seq Scan on movie_keyword mk  (cost=0.00..81003.12 rows=1553672 width=0) (actual time=0.024..1350.770 rows=1557164 loops=1)
  Filter: (keyword_id < 2332)
  Rows Removed by Filter: 2966766
Planning time: 0.310 ms
Execution time: 1553.648 ms
