Nested Loop  (cost=0.43..83071.67 rows=246 width=0) (actual time=0.228..1174.576 rows=3713 loops=1)
  ->  Seq Scan on movie_keyword mk  (cost=0.00..81003.12 rows=246 width=4) (actual time=0.172..1074.962 rows=3713 loops=1)
        Filter: (keyword_id = 1876)
        Rows Removed by Filter: 4520217
  ->  Index Only Scan using title_pkey on title t  (cost=0.43..8.40 rows=1 width=4) (actual time=0.026..0.026 rows=1 loops=3713)
        Index Cond: (id = mk.movie_id)
        Heap Fetches: 3713
Planning time: 1.500 ms
Execution time: 1175.653 ms
