Hash Join  (cost=151967.48..520096.76 rows=347335 width=0) (actual time=7405.307..19987.119 rows=941249 loops=1)
  Hash Cond: (mi.movie_id = t.id)
  ->  Seq Scan on movie_info mi  (cost=0.00..309384.22 rows=14739122 width=4) (actual time=0.020..5939.396 rows=14835720 loops=1)
  ->  Hash  (cost=151222.65..151222.65 rows=59586 width=8) (actual time=7170.895..7170.895 rows=103610 loops=1)
        Buckets: 131072 (originally 65536)  Batches: 2 (originally 1)  Memory Usage: 3073kB
        ->  Hash Join  (cost=93155.63..151222.65 rows=59586 width=8) (actual time=4685.978..7131.203 rows=103610 loops=1)
              Hash Cond: (mc.movie_id = t.id)
              ->  Seq Scan on movie_companies mc  (cost=0.00..51404.11 rows=128547 width=4) (actual time=3.223..2256.462 rows=131323 loops=1)
                    Filter: (company_id < 20)
                    Rows Removed by Filter: 2477806
              ->  Hash  (cost=73925.90..73925.90 rows=1172058 width=4) (actual time=4571.566..4571.566 rows=1128906 loops=1)
                    Buckets: 131072  Batches: 16  Memory Usage: 3503kB
                    ->  Seq Scan on title t  (cost=0.00..73925.90 rows=1172058 width=4) (actual time=0.019..4087.025 rows=1128906 loops=1)
                          Filter: ((production_year < 2010) AND (kind_id = 7))
                          Rows Removed by Filter: 1399406
Planning time: 1.057 ms
Execution time: 20098.506 ms
