Hash Join  (cost=87646.84..441221.90 rows=90639 width=0) (actual time=4231.667..7840.554 rows=306038 loops=1)
  Hash Cond: (mi.movie_id = t.id)
  ->  Seq Scan on movie_info mi  (cost=0.00..346232.03 rows=274038 width=4) (actual time=2368.285..5641.000 rows=306788 loops=1)
        Filter: (info_type_id > 105)
        Rows Removed by Filter: 14528932
  ->  Hash  (cost=73925.90..73925.90 rows=836315 width=4) (actual time=1832.317..1832.317 rows=847424 loops=1)
        Buckets: 131072  Batches: 16  Memory Usage: 2891kB
        ->  Seq Scan on title t  (cost=0.00..73925.90 rows=836315 width=4) (actual time=0.051..1278.877 rows=847424 loops=1)
              Filter: ((kind_id < 4) AND (production_year > 0))
              Rows Removed by Filter: 1680888
Planning time: 0.782 ms
Execution time: 7879.201 ms
