Seq Scan on title t  (cost=0.00..73925.90 rows=896013 width=0) (actual time=0.022..1174.118 rows=826724 loops=1)
  Filter: ((kind_id < 6) AND (production_year > 1938))
  Rows Removed by Filter: 1701588
Planning time: 0.357 ms
Execution time: 1277.079 ms
