Hash Join  (cost=73950.44..426007.24 rows=1203 width=0) (actual time=3800.582..6909.335 rows=5484 loops=1)
  Hash Cond: (mi.movie_id = t.id)
  ->  Seq Scan on movie_info mi  (cost=0.00..346232.03 rows=1550064 width=4) (actual time=2700.178..5629.221 rows=1533909 loops=1)
        Filter: (info_type_id = 3)
        Rows Removed by Filter: 13301811
  ->  Hash  (cost=73925.90..73925.90 rows=1963 width=4) (actual time=1028.040..1028.040 rows=4514 loops=1)
        Buckets: 8192 (originally 2048)  Batches: 1 (originally 1)  Memory Usage: 223kB
        ->  Seq Scan on title t  (cost=0.00..73925.90 rows=1963 width=4) (actual time=0.075..1025.759 rows=4514 loops=1)
              Filter: ((kind_id = 1) AND (production_year = 1984))
              Rows Removed by Filter: 2523798
Planning time: 0.784 ms
Execution time: 6910.542 ms
