Hash Join  (cost=929713.09..1122127.26 rows=4851031 width=0) (actual time=17743.893..23296.939 rows=6926853 loops=1)
  Hash Cond: (mk.movie_id = t.id)
  ->  Seq Scan on movie_keyword mk  (cost=0.00..69693.30 rows=4523930 width=4) (actual time=0.415..1392.813 rows=4523930 loops=1)
  ->  Hash  (cost=885229.20..885229.20 rows=2711351 width=8) (actual time=17736.660..17736.660 rows=2766300 loops=1)
        Buckets: 131072  Batches: 64  Memory Usage: 2686kB
        ->  Hash Join  (cost=98137.04..885229.20 rows=2711351 width=8) (actual time=1904.944..16878.384 rows=2766300 loops=1)
              Hash Cond: (ci.movie_id = t.id)
              ->  Seq Scan on cast_info ci  (cost=0.00..705507.15 rows=3683901 width=4) (actual time=0.021..11462.137 rows=3710461 loops=1)
                    Filter: (person_id > 3387132)
                    Rows Removed by Filter: 32533883
              ->  Hash  (cost=67604.59..67604.59 rows=1860996 width=4) (actual time=1903.545..1903.545 rows=1865487 loops=1)
                    Buckets: 131072  Batches: 32  Memory Usage: 3079kB
                    ->  Seq Scan on title t  (cost=0.00..67604.59 rows=1860996 width=4) (actual time=0.012..1301.535 rows=1865487 loops=1)
                          Filter: (kind_id > 1)
                          Rows Removed by Filter: 662825
Planning time: 1.143 ms
Execution time: 24091.882 ms
