Hash Join  (cost=161021.74..699523.57 rows=4251120 width=0) (actual time=3750.223..19919.372 rows=14279038 loops=1)
  Hash Cond: (mi.movie_id = t.id)
  ->  Seq Scan on movie_info mi  (cost=0.00..346232.03 rows=12665229 width=4) (actual time=128.096..6971.814 rows=12744652 loops=1)
        Filter: (info_type_id > 2)
        Rows Removed by Filter: 2091068
  ->  Hash  (cost=147096.91..147096.91 rows=848707 width=8) (actual time=3621.006..3621.006 rows=1010682 loops=1)
        Buckets: 131072  Batches: 16  Memory Usage: 3521kB
        ->  Hash Join  (cost=93117.31..147096.91 rows=848707 width=8) (actual time=1765.022..3351.503 rows=1010682 loops=1)
              Hash Cond: (mi_idx.movie_id = t.id)
              ->  Seq Scan on movie_info_idx mi_idx  (cost=0.00..21735.35 rows=1380035 width=4) (actual time=0.037..442.354 rows=1380035 loops=1)
              ->  Hash  (cost=67604.59..67604.59 rows=1555018 width=4) (actual time=1763.982..1763.982 rows=1551727 loops=1)
                    Buckets: 131072  Batches: 32  Memory Usage: 2728kB
                    ->  Seq Scan on title t  (cost=0.00..67604.59 rows=1555018 width=4) (actual time=0.029..1277.481 rows=1551727 loops=1)
                          Filter: (production_year < 2007)
                          Rows Removed by Filter: 976585
Planning time: 1.196 ms
Execution time: 21427.628 ms
