Seq Scan on movie_keyword mk  (cost=0.00..81003.12 rows=3514322 width=0) (actual time=0.017..1552.514 rows=3507555 loops=1)
  Filter: (keyword_id < 17758)
  Rows Removed by Filter: 1016375
Planning time: 0.215 ms
Execution time: 1994.063 ms
