Hash Join  (cost=275562.95..827415.64 rows=7625610 width=0) (actual time=6025.824..18591.896 rows=9698528 loops=1)
  Hash Cond: (mi.movie_id = t.id)
  ->  Seq Scan on movie_info mi  (cost=0.00..346232.03 rows=9476311 width=4) (actual time=343.274..6557.214 rows=9565151 loops=1)
        Filter: (info_type_id < 16)
        Rows Removed by Filter: 5270569
  ->  Hash  (cost=242180.05..242180.05 rows=2034712 width=8) (actual time=5681.712..5681.712 rows=982930 loops=1)
        Buckets: 131072  Batches: 32  Memory Usage: 2226kB
        ->  Hash Join  (cost=98137.04..242180.05 rows=2034712 width=8) (actual time=1904.129..5393.862 rows=982930 loops=1)
              Hash Cond: (mk.movie_id = t.id)
              ->  Seq Scan on movie_keyword mk  (cost=0.00..81003.12 rows=2764554 width=4) (actual time=0.030..1683.476 rows=2758823 loops=1)
                    Filter: (keyword_id < 7861)
                    Rows Removed by Filter: 1765107
              ->  Hash  (cost=67604.59..67604.59 rows=1860996 width=4) (actual time=1903.021..1903.021 rows=1865487 loops=1)
                    Buckets: 131072  Batches: 32  Memory Usage: 3085kB
                    ->  Seq Scan on title t  (cost=0.00..67604.59 rows=1860996 width=4) (actual time=0.015..1289.361 rows=1865487 loops=1)
                          Filter: (kind_id > 1)
                          Rows Removed by Filter: 662825
Planning time: 1.158 ms
Execution time: 19540.479 ms
