Hash Join  (cost=193544.20..236552.35 rows=309767 width=0) (actual time=3717.586..4953.913 rows=497606 loops=1)
  Hash Cond: (mi_idx.movie_id = t.id)
  ->  Seq Scan on movie_info_idx mi_idx  (cost=0.00..21735.35 rows=1380035 width=4) (actual time=0.019..436.237 rows=1380035 loops=1)
  ->  Hash  (cost=184231.67..184231.67 rows=567562 width=8) (actual time=3716.635..3716.635 rows=292044 loops=1)
        Buckets: 131072  Batches: 8  Memory Usage: 2456kB
        ->  Hash Join  (cost=102767.86..184231.67 rows=567562 width=8) (actual time=1954.472..3631.164 rows=292044 loops=1)
              Hash Cond: (mc.movie_id = t.id)
              ->  Seq Scan on movie_companies mc  (cost=0.00..57926.93 rows=567562 width=4) (actual time=0.026..1020.420 rows=292044 loops=1)
                    Filter: ((company_id > 12881) AND (company_type_id < 2))
                    Rows Removed by Filter: 2317085
              ->  Hash  (cost=61283.27..61283.27 rows=2528527 width=4) (actual time=1953.605..1953.605 rows=2528312 loops=1)
                    Buckets: 131072  Batches: 64  Memory Usage: 2415kB
                    ->  Seq Scan on title t  (cost=0.00..61283.27 rows=2528527 width=4) (actual time=0.015..1106.083 rows=2528312 loops=1)
Planning time: 1.150 ms
Execution time: 5018.083 ms
