Hash Join  (cost=73982.55..168077.78 rows=6228 width=0) (actual time=2029.715..2356.833 rows=4356 loops=1)
  Hash Cond: (mk.movie_id = t.id)
  ->  Seq Scan on movie_keyword mk  (cost=0.00..81003.12 rows=3474618 width=4) (actual time=0.025..931.786 rows=3466287 loops=1)
        Filter: (keyword_id > 1050)
        Rows Removed by Filter: 1057643
  ->  Hash  (cost=73925.90..73925.90 rows=4532 width=4) (actual time=1058.928..1058.928 rows=10614 loops=1)
        Buckets: 16384 (originally 8192)  Batches: 1 (originally 1)  Memory Usage: 502kB
        ->  Seq Scan on title t  (cost=0.00..73925.90 rows=4532 width=4) (actual time=64.092..1053.790 rows=10614 loops=1)
              Filter: ((kind_id = 7) AND (production_year = 1985))
              Rows Removed by Filter: 2517698
Planning time: 0.769 ms
Execution time: 2357.478 ms
