Hash Join  (cost=74050.79..833534.27 rows=621246 width=0) (actual time=9429.038..16256.420 rows=849105 loops=1)
  Hash Cond: (ci.movie_id = t.id)
  ->  Seq Scan on cast_info ci  (cost=0.00..705507.15 rows=3998100 width=4) (actual time=8253.527..12725.568 rows=4008037 loops=1)
        Filter: (role_id = 3)
        Rows Removed by Filter: 32236307
  ->  Hash  (cost=67604.59..67604.59 rows=392896 width=4) (actual time=1174.576..1174.576 rows=391666 loops=1)
        Buckets: 131072  Batches: 8  Memory Usage: 2753kB
        ->  Seq Scan on title t  (cost=0.00..67604.59 rows=392896 width=4) (actual time=0.296..1048.986 rows=391666 loops=1)
              Filter: (production_year > 2010)
              Rows Removed by Filter: 2136646
Planning time: 0.756 ms
Execution time: 16356.114 ms
