Hash Join  (cost=102767.86..187300.04 rows=695092 width=0) (actual time=2131.956..4297.540 rows=933304 loops=1)
  Hash Cond: (mc.movie_id = t.id)
  ->  Seq Scan on movie_companies mc  (cost=0.00..57926.93 rows=695092 width=4) (actual time=173.832..1113.133 rows=933304 loops=1)
        Filter: ((company_id > 11141) AND (company_type_id > 1))
        Rows Removed by Filter: 1675825
  ->  Hash  (cost=61283.27..61283.27 rows=2528527 width=4) (actual time=1956.846..1956.846 rows=2528312 loops=1)
        Buckets: 131072  Batches: 64  Memory Usage: 2415kB
        ->  Seq Scan on title t  (cost=0.00..61283.27 rows=2528527 width=4) (actual time=0.011..1104.887 rows=2528312 loops=1)
Planning time: 0.731 ms
Execution time: 4419.043 ms
