Hash Join  (cost=58358.90..85286.55 rows=9 width=0) (actual time=870.311..1380.733 rows=211 loops=1)
  Hash Cond: (mi_idx.movie_id = t.id)
  ->  Seq Scan on movie_info_idx mi_idx  (cost=0.00..25185.44 rows=464566 width=4) (actual time=0.021..448.258 rows=459925 loops=1)
        Filter: (info_type_id = 101)
        Rows Removed by Filter: 920110
  ->  Hash  (cost=58358.27..58358.27 rows=51 width=8) (actual time=869.647..869.647 rows=224 loops=1)
        Buckets: 1024  Batches: 1  Memory Usage: 17kB
        ->  Nested Loop  (cost=0.43..58358.27 rows=51 width=8) (actual time=217.635..869.473 rows=224 loops=1)
              ->  Seq Scan on movie_companies mc  (cost=0.00..57926.93 rows=51 width=4) (actual time=217.545..861.717 rows=224 loops=1)
                    Filter: ((company_type_id < 2) AND (company_id = 11691))
                    Rows Removed by Filter: 2608905
              ->  Index Only Scan using title_pkey on title t  (cost=0.43..8.45 rows=1 width=4) (actual time=0.032..0.033 rows=1 loops=224)
                    Index Cond: (id = mc.movie_id)
                    Heap Fetches: 224
Planning time: 0.783 ms
Execution time: 1380.898 ms
