Nested Loop  (cost=0.43..58358.52 rows=16 width=0) (actual time=5.501..802.449 rows=30 loops=1)
  ->  Seq Scan on movie_companies mc  (cost=0.00..57926.93 rows=51 width=4) (actual time=5.443..801.212 rows=32 loops=1)
        Filter: ((company_id = 6543) AND (company_type_id = 1))
        Rows Removed by Filter: 2609097
  ->  Index Scan using title_pkey on title t  (cost=0.43..8.45 rows=1 width=4) (actual time=0.034..0.035 rows=1 loops=32)
        Index Cond: (id = mc.movie_id)
        Filter: ((kind_id < 7) AND (production_year < 2011))
        Rows Removed by Filter: 0
Planning time: 3.798 ms
Execution time: 802.565 ms
