Hash Join  (cost=126636.47..927416.98 rows=1548 width=0) (actual time=3107.722..15888.379 rows=16422 loops=1)
  Hash Cond: (ci.movie_id = t.id)
  ->  Seq Scan on cast_info ci  (cost=0.00..796071.18 rows=1251694 width=4) (actual time=1066.194..13264.747 rows=3337684 loops=1)
        Filter: ((person_id > 2659261) AND (role_id = 10))
        Rows Removed by Filter: 32906660
  ->  Hash  (cost=126597.38..126597.38 rows=3127 width=8) (actual time=2041.087..2041.087 rows=3454 loops=1)
        Buckets: 4096  Batches: 1  Memory Usage: 167kB
        ->  Hash Join  (cost=74437.47..126597.38 rows=3127 width=8) (actual time=1196.443..2039.410 rows=3454 loops=1)
              Hash Cond: (mc.movie_id = t.id)
              ->  Seq Scan on movie_companies mc  (cost=0.00..51404.11 rows=193209 width=4) (actual time=0.033..860.608 rows=192038 loops=1)
                    Filter: (company_id < 52)
                    Rows Removed by Filter: 2417091
              ->  Hash  (cost=73925.90..73925.90 rows=40925 width=4) (actual time=1123.539..1123.539 rows=26947 loops=1)
                    Buckets: 65536  Batches: 1  Memory Usage: 1460kB
                    ->  Seq Scan on title t  (cost=0.00..73925.90 rows=40925 width=4) (actual time=603.844..1112.272 rows=26947 loops=1)
                          Filter: ((production_year > 2005) AND (kind_id = 3))
                          Rows Removed by Filter: 2501365
Planning time: 1.423 ms
Execution time: 15891.753 ms
