Seq Scan on movie_keyword mk  (cost=0.00..81003.12 rows=246 width=0) (actual time=62.214..1146.748 rows=22 loops=1)
  Filter: (keyword_id = 28436)
  Rows Removed by Filter: 4523908
Planning time: 0.332 ms
Execution time: 1146.887 ms
