Hash Join  (cost=102767.86..1640400.62 rows=30407605 width=0) (actual time=1930.955..52643.256 rows=31605208 loops=1)
  Hash Cond: (ci.movie_id = t.id)
  ->  Seq Scan on cast_info ci  (cost=0.00..796071.18 rows=30407605 width=4) (actual time=0.029..20585.920 rows=31605208 loops=1)
        Filter: ((person_id < 3802286) AND (role_id < 10))
        Rows Removed by Filter: 4639136
  ->  Hash  (cost=61283.27..61283.27 rows=2528527 width=4) (actual time=1929.348..1929.348 rows=2528312 loops=1)
        Buckets: 131072  Batches: 64  Memory Usage: 2415kB
        ->  Seq Scan on title t  (cost=0.00..61283.27 rows=2528527 width=4) (actual time=0.021..1088.532 rows=2528312 loops=1)
Planning time: 0.758 ms
Execution time: 56278.445 ms
