Nested Loop  (cost=0.43..122254.92 rows=1616 width=0) (actual time=6.025..1488.253 rows=2763 loops=1)
  ->  Seq Scan on movie_keyword mk  (cost=0.00..81003.12 rows=5730 width=4) (actual time=5.974..1333.149 rows=4517 loops=1)
        Filter: (keyword_id = 115)
        Rows Removed by Filter: 4519413
  ->  Index Scan using title_pkey on title t  (cost=0.43..7.19 rows=1 width=4) (actual time=0.033..0.034 rows=1 loops=4517)
        Index Cond: (id = mk.movie_id)
        Filter: (production_year < 1991)
        Rows Removed by Filter: 0
Planning time: 0.502 ms
Execution time: 1489.232 ms
