Hash Join  (cost=918886.87..1429903.83 rows=1198313 width=0) (actual time=18011.962..31936.220 rows=4579835 loops=1)
  Hash Cond: (mi.movie_id = t.id)
  ->  Seq Scan on movie_info mi  (cost=0.00..309384.22 rows=14739122 width=4) (actual time=0.009..6145.918 rows=14835720 loops=1)
  ->  Hash  (cost=915513.21..915513.21 rows=205573 width=8) (actual time=18008.580..18008.580 rows=444411 loops=1)
        Buckets: 131072 (originally 131072)  Batches: 8 (originally 4)  Memory Usage: 3186kB
        ->  Hash Join  (cost=69694.50..915513.21 rows=205573 width=8) (actual time=7298.208..17369.521 rows=444411 loops=1)
              Hash Cond: (ci.movie_id = t.id)
              ->  Seq Scan on cast_info ci  (cost=0.00..796071.18 rows=4081547 width=4) (actual time=6164.587..12875.524 rows=8304322 loops=1)
                    Filter: ((person_id < 1133848) AND (role_id = 1))
                    Rows Removed by Filter: 27940022
              ->  Hash  (cost=67604.59..67604.59 rows=127353 width=4) (actual time=1132.698..1132.698 rows=128696 loops=1)
                    Buckets: 131072  Batches: 2  Memory Usage: 3284kB
                    ->  Seq Scan on title t  (cost=0.00..67604.59 rows=127353 width=4) (actual time=0.034..1083.996 rows=128696 loops=1)
                          Filter: (production_year = 2009)
                          Rows Removed by Filter: 2399616
Planning time: 1.157 ms
Execution time: 32480.878 ms
