Hash Join  (cost=182128.86..679692.85 rows=1664206 width=0) (actual time=3711.430..32416.749 rows=1647832 loops=1)
  Hash Cond: (mi.movie_id = t.id)
  ->  Seq Scan on movie_info mi  (cost=0.00..309384.22 rows=14739122 width=4) (actual time=0.027..18817.914 rows=14835720 loops=1)
  ->  Hash  (cost=177444.14..177444.14 rows=285498 width=8) (actual time=3709.955..3709.955 rows=144432 loops=1)
        Buckets: 131072  Batches: 4  Memory Usage: 2445kB
        ->  Hash Join  (cost=102767.86..177444.14 rows=285498 width=8) (actual time=2113.120..3663.434 rows=144432 loops=1)
              Hash Cond: (mc.movie_id = t.id)
              ->  Seq Scan on movie_companies mc  (cost=0.00..57926.93 rows=285498 width=4) (actual time=0.017..1028.944 rows=144432 loops=1)
                    Filter: ((company_id < 584) AND (company_type_id = 2))
                    Rows Removed by Filter: 2464697
              ->  Hash  (cost=61283.27..61283.27 rows=2528527 width=4) (actual time=2112.068..2112.068 rows=2528312 loops=1)
                    Buckets: 131072  Batches: 64  Memory Usage: 2415kB
                    ->  Seq Scan on title t  (cost=0.00..61283.27 rows=2528527 width=4) (actual time=0.012..1255.271 rows=2528312 loops=1)
Planning time: 1.560 ms
Execution time: 32688.747 ms
