Seq Scan on title t  (cost=0.00..73925.90 rows=4532 width=0) (actual time=0.213..1038.640 rows=8098 loops=1)
  Filter: ((kind_id = 7) AND (production_year = 1978))
  Rows Removed by Filter: 2520214
Planning time: 0.379 ms
Execution time: 1040.544 ms
