Seq Scan on title t  (cost=0.00..73925.90 rows=153478 width=0) (actual time=0.020..1157.792 rows=134760 loops=1)
  Filter: ((kind_id < 7) AND (production_year > 2010))
  Rows Removed by Filter: 2393552
Planning time: 0.336 ms
Execution time: 1182.274 ms
