Seq Scan on movie_companies mc  (cost=0.00..51404.11 rows=1220560 width=0) (actual time=111.821..1008.168 rows=1232330 loops=1)
  Filter: (company_id > 11869)
  Rows Removed by Filter: 1376799
Planning time: 0.321 ms
Execution time: 1162.147 ms
