Hash Join  (cost=159121.89..297399.09 rows=1335816 width=0) (actual time=8200.052..16198.312 rows=1202466 loops=1)
  Hash Cond: (mk.movie_id = t.id)
  ->  Seq Scan on movie_keyword mk  (cost=0.00..69693.30 rows=4523930 width=4) (actual time=0.012..4773.613 rows=4523930 loops=1)
  ->  Hash  (cost=146872.17..146872.17 rows=746618 width=8) (actual time=8199.260..8199.260 rows=410817 loops=1)
        Buckets: 131072  Batches: 16  Memory Usage: 2036kB
        ->  Hash Join  (cost=96369.51..146872.17 rows=746618 width=8) (actual time=5260.307..8054.514 rows=410817 loops=1)
              Hash Cond: (mi_idx.movie_id = t.id)
              ->  Seq Scan on movie_info_idx mi_idx  (cost=0.00..21735.35 rows=1380035 width=4) (actual time=0.017..1629.749 rows=1380035 loops=1)
              ->  Hash  (cost=73925.90..73925.90 rows=1367968 width=4) (actual time=5245.007..5245.007 rows=1339686 loops=1)
                    Buckets: 131072  Batches: 32  Memory Usage: 2491kB
                    ->  Seq Scan on title t  (cost=0.00..73925.90 rows=1367968 width=4) (actual time=0.011..4666.623 rows=1339686 loops=1)
                          Filter: ((kind_id > 4) AND (production_year < 2012))
                          Rows Removed by Filter: 1188626
Planning time: 1.099 ms
Execution time: 16358.474 ms
