Seq Scan on cast_info ci  (cost=0.00..796071.18 rows=3315218 width=0) (actual time=1383.728..11657.158 rows=5166986 loops=1)
  Filter: ((person_id > 3148695) AND (role_id > 1))
  Rows Removed by Filter: 31077358
Planning time: 0.372 ms
Execution time: 12262.508 ms
