Seq Scan on movie_companies mc  (cost=0.00..51404.11 rows=931975 width=0) (actual time=0.014..834.466 rows=940381 loops=1)
  Filter: (company_id > 19015)
  Rows Removed by Filter: 1668748
Planning time: 0.334 ms
Execution time: 945.328 ms
