Seq Scan on movie_companies mc  (cost=0.00..57926.93 rows=992319 width=0) (actual time=124.689..3203.774 rows=1273039 loops=1)
  Filter: ((company_id < 69728) AND (company_type_id = 1))
  Rows Removed by Filter: 1336090
Planning time: 0.360 ms
Execution time: 3402.591 ms
