Hash Join  (cost=85435.26..222728.65 rows=1255036 width=0) (actual time=1749.453..6183.137 rows=3357259 loops=1)
  Hash Cond: (mk.movie_id = t.id)
  ->  Seq Scan on movie_keyword mk  (cost=0.00..69693.30 rows=4523930 width=4) (actual time=0.018..1462.182 rows=4523930 loops=1)
  ->  Hash  (cost=73925.90..73925.90 rows=701468 width=4) (actual time=1748.546..1748.546 rows=749931 loops=1)
        Buckets: 131072  Batches: 16  Memory Usage: 2682kB
        ->  Seq Scan on title t  (cost=0.00..73925.90 rows=701468 width=4) (actual time=0.012..1243.673 rows=749931 loops=1)
              Filter: ((kind_id < 7) AND (production_year < 2009))
              Rows Removed by Filter: 1778381
Planning time: 0.790 ms
Execution time: 6598.028 ms
