Seq Scan on cast_info ci  (cost=0.00..796071.18 rows=324 width=0) (actual time=8748.029..39388.683 rows=3058 loops=1)
  Filter: ((role_id > 1) AND (person_id = 244652))
  Rows Removed by Filter: 36241286
Planning time: 0.377 ms
Execution time: 39389.202 ms
