Hash Join  (cost=888423.91..991435.51 rows=1791766 width=0) (actual time=46734.607..53115.523 rows=2444114 loops=1)
  Hash Cond: (mc.movie_id = t.id)
  ->  Seq Scan on movie_companies mc  (cost=0.00..44881.29 rows=2609129 width=4) (actual time=0.008..3335.517 rows=2609129 loops=1)
  ->  Hash  (cost=859935.74..859935.74 rows=1736414 width=8) (actual time=46733.517..46733.517 rows=1703543 loops=1)
        Buckets: 131072  Batches: 32  Memory Usage: 3085kB
        ->  Hash Join  (cost=102767.86..859935.74 rows=1736414 width=8) (actual time=18621.010..46172.269 rows=1703543 loops=1)
              Hash Cond: (ci.movie_id = t.id)
              ->  Seq Scan on cast_info ci  (cost=0.00..705507.15 rows=1736414 width=4) (actual time=12730.538..38022.535 rows=1703543 loops=1)
                    Filter: (role_id = 8)
                    Rows Removed by Filter: 34540801
              ->  Hash  (cost=61283.27..61283.27 rows=2528527 width=4) (actual time=5889.030..5889.030 rows=2528312 loops=1)
                    Buckets: 131072  Batches: 64  Memory Usage: 2415kB
                    ->  Seq Scan on title t  (cost=0.00..61283.27 rows=2528527 width=4) (actual time=0.015..4629.556 rows=2528312 loops=1)
Planning time: 1.081 ms
Execution time: 53462.916 ms
