Seq Scan on movie_keyword mk  (cost=0.00..81003.12 rows=246 width=0) (actual time=0.038..3424.298 rows=203 loops=1)
  Filter: (keyword_id = 4784)
  Rows Removed by Filter: 4523727
Planning time: 0.298 ms
Execution time: 3424.574 ms
