Seq Scan on cast_info ci  (cost=0.00..705507.15 rows=33720192 width=0) (actual time=0.018..42179.486 rows=33791845 loops=1)
  Filter: (person_id > 237898)
  Rows Removed by Filter: 2452499
Planning time: 0.270 ms
Execution time: 48187.560 ms
