Seq Scan on movie_keyword mk  (cost=0.00..81003.12 rows=246 width=0) (actual time=442.297..3522.468 rows=48 loops=1)
  Filter: (keyword_id = 44724)
  Rows Removed by Filter: 4523882
Planning time: 2.549 ms
Execution time: 3522.644 ms
