Seq Scan on cast_info ci  (cost=0.00..705507.15 rows=12772182 width=0) (actual time=0.027..37040.976 rows=12734450 loops=1)
  Filter: (person_id < 1255802)
  Rows Removed by Filter: 23509894
Planning time: 4.436 ms
Execution time: 39197.961 ms
