Nested Loop  (cost=0.43..709674.40 rows=98 width=0) (actual time=16909.136..30454.692 rows=14 loops=1)
  ->  Seq Scan on cast_info ci  (cost=0.00..705507.15 rows=500 width=4) (actual time=16909.051..30392.591 rows=465 loops=1)
        Filter: (person_id = 2004702)
        Rows Removed by Filter: 36243879
  ->  Index Scan using title_pkey on title t  (cost=0.43..8.32 rows=1 width=4) (actual time=0.133..0.133 rows=0 loops=465)
        Index Cond: (id = ci.movie_id)
        Filter: ((kind_id < 7) AND (production_year < 2004))
        Rows Removed by Filter: 1
Planning time: 0.778 ms
Execution time: 30454.821 ms
