Seq Scan on movie_companies mc  (cost=0.00..51404.11 rows=104 width=0) (actual time=244.753..2015.560 rows=56 loops=1)
  Filter: (company_id = 3847)
  Rows Removed by Filter: 2609073
Planning time: 0.337 ms
Execution time: 2015.643 ms
