Hash Join  (cost=446119.71..602151.50 rows=472319 width=0) (actual time=27264.987..35647.957 rows=4491216 loops=1)
  Hash Cond: (mk.movie_id = t.id)
  ->  Seq Scan on movie_keyword mk  (cost=0.00..69693.30 rows=4523930 width=4) (actual time=0.025..4593.787 rows=4523930 loops=1)
  ->  Hash  (cost=441787.83..441787.83 rows=263990 width=8) (actual time=27033.632..27033.632 rows=450310 loops=1)
        Buckets: 131072 (originally 131072)  Batches: 8 (originally 4)  Memory Usage: 3230kB
        ->  Hash Join  (cost=74492.01..441787.83 rows=263990 width=8) (actual time=3207.297..26479.082 rows=450310 loops=1)
              Hash Cond: (mi.movie_id = t.id)
              ->  Seq Scan on movie_info mi  (cost=0.00..309384.22 rows=14739122 width=4) (actual time=0.848..17172.819 rows=14835720 loops=1)
              ->  Hash  (cost=73925.90..73925.90 rows=45288 width=4) (actual time=3205.661..3205.661 rows=49842 loops=1)
                    Buckets: 65536  Batches: 1  Memory Usage: 2265kB
                    ->  Seq Scan on title t  (cost=0.00..73925.90 rows=45288 width=4) (actual time=523.561..3184.312 rows=49842 loops=1)
                          Filter: ((production_year < 2004) AND (kind_id = 2))
                          Rows Removed by Filter: 2478470
Planning time: 1.205 ms
Execution time: 36300.748 ms
