Hash Join  (cost=75411.94..196309.74 rows=118802 width=0) (actual time=3639.361..10001.390 rows=78555 loops=1)
  Hash Cond: (mk.movie_id = t.id)
  ->  Seq Scan on movie_keyword mk  (cost=0.00..81003.12 rows=3316975 width=4) (actual time=0.026..4977.534 rows=3308218 loops=1)
        Filter: (keyword_id < 15015)
        Rows Removed by Filter: 1215712
  ->  Hash  (cost=73925.90..73925.90 rows=90563 width=4) (actual time=3637.922..3637.922 rows=80990 loops=1)
        Buckets: 131072  Batches: 2  Memory Usage: 2456kB
        ->  Seq Scan on title t  (cost=0.00..73925.90 rows=90563 width=4) (actual time=0.018..3599.816 rows=80990 loops=1)
              Filter: ((kind_id < 7) AND (production_year > 2011))
              Rows Removed by Filter: 2447322
Planning time: 0.735 ms
Execution time: 10019.969 ms
