Seq Scan on cast_info ci  (cost=0.00..796071.18 rows=176 width=0) (actual time=7242.478..31666.368 rows=307 loops=1)
  Filter: ((person_id = 798155) AND (role_id = 1))
  Rows Removed by Filter: 36244037
Planning time: 0.345 ms
Execution time: 31666.538 ms
