Hash Join  (cost=67976.49..422229.64 rows=24403 width=0) (actual time=3228.982..7222.220 rows=25890 loops=1)
  Hash Cond: (mi.movie_id = t.id)
  ->  Seq Scan on movie_info mi  (cost=0.00..346232.03 rows=2073893 width=4) (actual time=2026.074..5466.079 rows=2091068 loops=1)
        Filter: (info_type_id < 3)
        Rows Removed by Filter: 12744652
  ->  Hash  (cost=67604.59..67604.59 rows=29752 width=4) (actual time=1202.585..1202.585 rows=30027 loops=1)
        Buckets: 32768  Batches: 1  Memory Usage: 1312kB
        ->  Seq Scan on title t  (cost=0.00..67604.59 rows=29752 width=4) (actual time=0.060..1188.610 rows=30027 loops=1)
              Filter: (production_year = 1994)
              Rows Removed by Filter: 2498285
Planning time: 1.098 ms
Execution time: 7226.780 ms
