Nested Loop  (cost=0.43..58358.39 rows=42 width=0) (actual time=70.230..2534.093 rows=174 loops=1)
  ->  Seq Scan on movie_companies mc  (cost=0.00..57926.93 rows=51 width=4) (actual time=70.177..2485.045 rows=257 loops=1)
        Filter: ((company_id = 5731) AND (company_type_id = 1))
        Rows Removed by Filter: 2608872
  ->  Index Scan using title_pkey on title t  (cost=0.43..8.45 rows=1 width=4) (actual time=0.189..0.189 rows=1 loops=257)
        Index Cond: (id = mc.movie_id)
        Filter: (production_year < 2011)
        Rows Removed by Filter: 0
Planning time: 15.128 ms
Execution time: 2534.286 ms
