Nested Loop  (cost=0.43..798385.45 rows=276 width=0) (actual time=27653.613..36315.520 rows=4 loops=1)
  ->  Seq Scan on cast_info ci  (cost=0.00..796071.18 rows=276 width=4) (actual time=27653.495..36315.348 rows=4 loops=1)
        Filter: ((role_id < 3) AND (person_id = 209335))
        Rows Removed by Filter: 36244340
  ->  Index Only Scan using title_pkey on title t  (cost=0.43..8.38 rows=1 width=4) (actual time=0.031..0.032 rows=1 loops=4)
        Index Cond: (id = ci.movie_id)
        Heap Fetches: 4
Planning time: 13.107 ms
Execution time: 36315.612 ms
