Seq Scan on movie_companies mc  (cost=0.00..51404.11 rows=104 width=0) (actual time=8.550..2045.923 rows=137 loops=1)
  Filter: (company_id = 3247)
  Rows Removed by Filter: 2608992
Planning time: 1.020 ms
Execution time: 2046.061 ms
