Hash Join  (cost=83074.74..874294.46 rows=2223 width=0) (actual time=3038.862..50688.978 rows=2062 loops=1)
  Hash Cond: (ci.movie_id = t.id)
  ->  Seq Scan on cast_info ci  (cost=0.00..705507.15 rows=22850755 width=4) (actual time=0.022..41620.346 rows=22904789 loops=1)
        Filter: (person_id > 1315454)
        Rows Removed by Filter: 13339555
  ->  Hash  (cost=83071.67..83071.67 rows=246 width=8) (actual time=3038.358..3038.358 rows=113 loops=1)
        Buckets: 1024  Batches: 1  Memory Usage: 13kB
        ->  Nested Loop  (cost=0.43..83071.67 rows=246 width=8) (actual time=27.150..3038.138 rows=113 loops=1)
              ->  Seq Scan on movie_keyword mk  (cost=0.00..81003.12 rows=246 width=4) (actual time=27.060..3014.570 rows=113 loops=1)
                    Filter: (keyword_id = 9047)
                    Rows Removed by Filter: 4523817
              ->  Index Only Scan using title_pkey on title t  (cost=0.43..8.40 rows=1 width=4) (actual time=0.202..0.203 rows=1 loops=113)
                    Index Cond: (id = mk.movie_id)
                    Heap Fetches: 113
Planning time: 1.095 ms
Execution time: 50695.400 ms
