Hash Join  (cost=109653.90..478910.53 rows=91002 width=0) (actual time=15514.922..26373.452 rows=54718 loops=1)
  Hash Cond: (mi.movie_id = t.id)
  ->  Seq Scan on movie_info mi  (cost=0.00..346232.03 rows=5897221 width=4) (actual time=0.020..18591.516 rows=5884963 loops=1)
        Filter: (info_type_id < 7)
        Rows Removed by Filter: 8950757
  ->  Hash  (cost=109166.16..109166.16 rows=39019 width=8) (actual time=5860.759..5860.759 rows=13572 loops=1)
        Buckets: 65536  Batches: 1  Memory Usage: 1043kB
        ->  Hash Join  (cost=77490.57..109166.16 rows=39019 width=8) (actual time=4240.694..5854.931 rows=13572 loops=1)
              Hash Cond: (mi_idx.movie_id = t.id)
              ->  Seq Scan on movie_info_idx mi_idx  (cost=0.00..25185.44 rows=454124 width=4) (actual time=0.014..1489.816 rows=459925 loops=1)
                    Filter: (info_type_id = 100)
                    Rows Removed by Filter: 920110
              ->  Hash  (cost=73925.90..73925.90 rows=217253 width=4) (actual time=4093.687..4093.687 rows=112299 loops=1)
                    Buckets: 131072  Batches: 4  Memory Usage: 2008kB
                    ->  Seq Scan on title t  (cost=0.00..73925.90 rows=217253 width=4) (actual time=0.019..3806.521 rows=112299 loops=1)
                          Filter: ((production_year < 1969) AND (kind_id = 7))
                          Rows Removed by Filter: 2416013
Planning time: 1.130 ms
Execution time: 26382.151 ms
