Hash Join  (cost=709675.59..1063686.31 rows=160 width=0) (actual time=32218.207..46367.786 rows=17 loops=1)
  Hash Cond: (mi.movie_id = t.id)
  ->  Seq Scan on movie_info mi  (cost=0.00..346232.03 rows=2073893 width=4) (actual time=415.009..14361.188 rows=2091068 loops=1)
        Filter: (info_type_id < 3)
        Rows Removed by Filter: 12744652
  ->  Hash  (cost=709673.15..709673.15 rows=195 width=8) (actual time=31621.997..31621.997 rows=9 loops=1)
        Buckets: 1024  Batches: 1  Memory Usage: 9kB
        ->  Nested Loop  (cost=0.43..709673.15 rows=195 width=8) (actual time=23351.233..31621.952 rows=9 loops=1)
              ->  Seq Scan on cast_info ci  (cost=0.00..705507.15 rows=500 width=4) (actual time=23351.085..31615.992 rows=69 loops=1)
                    Filter: (person_id = 1740944)
                    Rows Removed by Filter: 36244275
              ->  Index Scan using title_pkey on title t  (cost=0.43..8.32 rows=1 width=4) (actual time=0.085..0.085 rows=0 loops=69)
                    Index Cond: (id = ci.movie_id)
                    Filter: (kind_id < 7)
                    Rows Removed by Filter: 1
Planning time: 1.241 ms
Execution time: 46367.967 ms
