Hash Join  (cost=1113504.78..1942409.28 rows=27352097 width=0) (actual time=58299.058..104002.100 rows=42476828 loops=1)
  Hash Cond: (mi.movie_id = t.id)
  ->  Seq Scan on movie_info mi  (cost=0.00..346232.03 rows=9476311 width=4) (actual time=0.021..21995.078 rows=9565151 loops=1)
        Filter: (info_type_id < 16)
        Rows Removed by Filter: 5270569
  ->  Hash  (cost=993767.62..993767.62 rows=7298253 width=8) (actual time=58297.466..58297.466 rows=7451973 loops=1)
        Buckets: 131072  Batches: 128  Memory Usage: 3317kB
        ->  Hash Join  (cost=102767.86..993767.62 rows=7298253 width=8) (actual time=16562.210..55115.438 rows=7451973 loops=1)
              Hash Cond: (ci.movie_id = t.id)
              ->  Seq Scan on cast_info ci  (cost=0.00..705507.15 rows=7298253 width=4) (actual time=11016.102..41149.252 rows=7451973 loops=1)
                    Filter: (role_id = 2)
                    Rows Removed by Filter: 28792371
              ->  Hash  (cost=61283.27..61283.27 rows=2528527 width=4) (actual time=5544.759..5544.759 rows=2528312 loops=1)
                    Buckets: 131072  Batches: 64  Memory Usage: 2415kB
                    ->  Seq Scan on title t  (cost=0.00..61283.27 rows=2528527 width=4) (actual time=0.021..4415.173 rows=2528312 loops=1)
Planning time: 35.757 ms
Execution time: 110243.412 ms
