Seq Scan on movie_companies mc  (cost=0.00..57926.93 rows=724047 width=0) (actual time=1761.529..3019.616 rows=510447 loops=1)
  Filter: ((company_id > 8185) AND (company_type_id < 2))
  Rows Removed by Filter: 2098682
Planning time: 0.391 ms
Execution time: 3103.099 ms
