Hash Join  (cost=365418.15..1461431.80 rows=19360739 width=0) (actual time=18051.835..88139.188 rows=67061647 loops=1)
  Hash Cond: (ci.movie_id = t.id)
  ->  Seq Scan on cast_info ci  (cost=0.00..705507.15 rows=10821156 width=4) (actual time=0.022..39099.769 rows=10688866 loops=1)
        Filter: (person_id < 1048600)
        Rows Removed by Filter: 25555478
  ->  Hash  (cost=291197.02..291197.02 rows=4523930 width=8) (actual time=18049.851..18049.851 rows=4523930 loops=1)
        Buckets: 131072  Batches: 64  Memory Usage: 3816kB
        ->  Hash Join  (cost=102767.86..291197.02 rows=4523930 width=8) (actual time=6259.246..16542.572 rows=4523930 loops=1)
              Hash Cond: (mk.movie_id = t.id)
              ->  Seq Scan on movie_keyword mk  (cost=0.00..69693.30 rows=4523930 width=4) (actual time=0.014..5267.210 rows=4523930 loops=1)
              ->  Hash  (cost=61283.27..61283.27 rows=2528527 width=4) (actual time=6257.797..6257.797 rows=2528312 loops=1)
                    Buckets: 131072  Batches: 64  Memory Usage: 2425kB
                    ->  Seq Scan on title t  (cost=0.00..61283.27 rows=2528527 width=4) (actual time=0.019..4691.975 rows=2528312 loops=1)
Planning time: 1.135 ms
Execution time: 98008.457 ms
