Hash Join  (cost=337739.86..2062715.02 rows=54058595 width=0) (actual time=15967.721..144066.815 rows=185477721 loops=1)
  Hash Cond: (ci.movie_id = t.id)
  ->  Seq Scan on cast_info ci  (cost=0.00..614943.12 rows=36225612 width=4) (actual time=0.022..44028.399 rows=36244344 loops=1)
  ->  Hash  (cost=275834.13..275834.13 rows=3773259 width=8) (actual time=15965.899..15965.899 rows=3583850 loops=1)
        Buckets: 131072  Batches: 64  Memory Usage: 3161kB
        ->  Hash Join  (cost=102205.59..275834.13 rows=3773259 width=8) (actual time=5719.257..14546.821 rows=3583850 loops=1)
              Hash Cond: (mk.movie_id = t.id)
              ->  Seq Scan on movie_keyword mk  (cost=0.00..69693.30 rows=4523930 width=4) (actual time=0.008..4708.831 rows=4523930 loops=1)
              ->  Hash  (cost=67604.59..67604.59 rows=2108960 width=4) (actual time=5718.039..5718.039 rows=2104137 loops=1)
                    Buckets: 131072  Batches: 32  Memory Usage: 3350kB
                    ->  Seq Scan on title t  (cost=0.00..67604.59 rows=2108960 width=4) (actual time=0.023..4797.827 rows=2104137 loops=1)
                          Filter: (production_year > 1968)
                          Rows Removed by Filter: 424175
Planning time: 1.080 ms
Execution time: 171189.254 ms
