Hash Join  (cost=166296.00..704047.01 rows=5430511 width=0) (actual time=8674.205..45372.204 rows=12546551 loops=1)
  Hash Cond: (mi.movie_id = t.id)
  ->  Seq Scan on movie_info mi  (cost=0.00..309384.22 rows=14739122 width=4) (actual time=0.028..22820.535 rows=14835720 loops=1)
  ->  Hash  (cost=151010.81..151010.81 rows=931615 width=8) (actual time=8673.182..8673.182 rows=875032 loops=1)
        Buckets: 131072  Batches: 16  Memory Usage: 3174kB
        ->  Hash Join  (cost=95609.14..151010.81 rows=931615 width=8) (actual time=5144.699..8357.555 rows=875032 loops=1)
              Hash Cond: (mi_idx.movie_id = t.id)
              ->  Seq Scan on movie_info_idx mi_idx  (cost=0.00..21735.35 rows=1380035 width=4) (actual time=0.024..1570.291 rows=1380035 loops=1)
              ->  Hash  (cost=67604.59..67604.59 rows=1706924 width=4) (actual time=5143.208..5143.208 rows=1700316 loops=1)
                    Buckets: 131072  Batches: 32  Memory Usage: 2895kB
                    ->  Seq Scan on title t  (cost=0.00..67604.59 rows=1706924 width=4) (actual time=0.015..4378.049 rows=1700316 loops=1)
                          Filter: (production_year > 1992)
                          Rows Removed by Filter: 827996
Planning time: 1.104 ms
Execution time: 47217.559 ms
