Seq Scan on movie_keyword mk  (cost=0.00..81003.12 rows=1257279 width=0) (actual time=0.024..3984.059 rows=1270517 loops=1)
  Filter: (keyword_id < 1627)
  Rows Removed by Filter: 3253413
Planning time: 0.263 ms
Execution time: 4193.088 ms
