Hash Join  (cost=97487.51..689503.19 rows=7911458 width=0) (actual time=6107.478..41087.296 rows=3769552 loops=1)
  Hash Cond: (mi.movie_id = t.id)
  ->  Seq Scan on movie_info mi  (cost=0.00..346232.03 rows=13929354 width=4) (actual time=0.014..23701.947 rows=14033580 loops=1)
        Filter: (info_type_id > 1)
        Rows Removed by Filter: 802140
  ->  Hash  (cost=73925.90..73925.90 rows=1436128 width=4) (actual time=5877.200..5877.200 rows=1478437 loops=1)
        Buckets: 131072  Batches: 32  Memory Usage: 2656kB
        ->  Seq Scan on title t  (cost=0.00..73925.90 rows=1436128 width=4) (actual time=715.395..4710.604 rows=1478437 loops=1)
              Filter: ((production_year > 1925) AND (kind_id = 7))
              Rows Removed by Filter: 1049875
Planning time: 0.756 ms
Execution time: 41663.582 ms
