Hash Join  (cost=215441.62..258176.92 rows=293882 width=0) (actual time=11819.270..15022.591 rows=1243005 loops=1)
  Hash Cond: (mi_idx.movie_id = t.id)
  ->  Seq Scan on movie_info_idx mi_idx  (cost=0.00..21735.35 rows=1380035 width=4) (actual time=0.022..1784.277 rows=1380035 loops=1)
  ->  Hash  (cost=206606.91..206606.91 rows=538457 width=8) (actual time=11818.385..11818.385 rows=531050 loops=1)
        Buckets: 131072  Batches: 8  Memory Usage: 3646kB
        ->  Hash Join  (cost=102767.86..206606.91 rows=538457 width=8) (actual time=6034.636..11629.694 rows=531050 loops=1)
              Hash Cond: (mk.movie_id = t.id)
              ->  Seq Scan on movie_keyword mk  (cost=0.00..81003.12 rows=538457 width=4) (actual time=161.093..4495.862 rows=531050 loops=1)
                    Filter: (keyword_id > 34362)
                    Rows Removed by Filter: 3992880
              ->  Hash  (cost=61283.27..61283.27 rows=2528527 width=4) (actual time=5855.410..5855.410 rows=2528312 loops=1)
                    Buckets: 131072  Batches: 64  Memory Usage: 2425kB
                    ->  Seq Scan on title t  (cost=0.00..61283.27 rows=2528527 width=4) (actual time=0.022..4275.123 rows=2528312 loops=1)
Planning time: 1.214 ms
Execution time: 15203.021 ms
