Hash Join  (cost=80827.88..151461.94 rows=221190 width=0) (actual time=4649.178..8279.896 rows=146286 loops=1)
  Hash Cond: (mc.movie_id = t.id)
  ->  Seq Scan on movie_companies mc  (cost=0.00..51404.11 rows=1329612 width=4) (actual time=330.805..3007.447 rows=1334883 loops=1)
        Filter: (company_type_id > 1)
        Rows Removed by Filter: 1274246
  ->  Hash  (cost=73925.90..73925.90 rows=420638 width=4) (actual time=4317.395..4317.395 rows=301535 loops=1)
        Buckets: 131072  Batches: 8  Memory Usage: 2337kB
        ->  Seq Scan on title t  (cost=0.00..73925.90 rows=420638 width=4) (actual time=0.034..3584.889 rows=301535 loops=1)
              Filter: ((production_year < 1990) AND (kind_id = 7))
              Rows Removed by Filter: 2226777
Planning time: 0.715 ms
Execution time: 8301.801 ms
