Seq Scan on title t  (cost=0.00..67604.59 rows=751302 width=0) (actual time=0.026..1098.223 rows=755902 loops=1)
  Filter: (production_year < 1993)
  Rows Removed by Filter: 1772410
Planning time: 1.762 ms
Execution time: 1196.784 ms
