Hash Join  (cost=102767.86..1157284.01 rows=10330029 width=0) (actual time=14189.449..56433.666 rows=7809768 loops=1)
  Hash Cond: (ci.movie_id = t.id)
  ->  Seq Scan on cast_info ci  (cost=0.00..796071.18 rows=10330029 width=4) (actual time=8577.273..42198.846 rows=7809768 loops=1)
        Filter: ((person_id > 652589) AND (role_id = 1))
        Rows Removed by Filter: 28434576
  ->  Hash  (cost=61283.27..61283.27 rows=2528527 width=4) (actual time=5610.853..5610.853 rows=2528312 loops=1)
        Buckets: 131072  Batches: 64  Memory Usage: 2415kB
        ->  Seq Scan on title t  (cost=0.00..61283.27 rows=2528527 width=4) (actual time=0.022..4320.075 rows=2528312 loops=1)
Planning time: 0.824 ms
Execution time: 57491.561 ms
