Nested Loop  (cost=0.43..135591.45 rows=1031 width=0) (actual time=88.002..4721.952 rows=57 loops=1)
  ->  Seq Scan on movie_keyword mk  (cost=0.00..81003.12 rows=7992 width=4) (actual time=0.170..3509.852 rows=7673 loops=1)
        Filter: (keyword_id = 7078)
        Rows Removed by Filter: 4516257
  ->  Index Scan using title_pkey on title t  (cost=0.43..6.82 rows=1 width=4) (actual time=0.157..0.157 rows=0 loops=7673)
        Index Cond: (id = mk.movie_id)
        Filter: (production_year < 1967)
        Rows Removed by Filter: 1
Planning time: 9.305 ms
Execution time: 4722.119 ms
