Hash Join  (cost=128564.27..215497.07 rows=27476 width=0) (actual time=6744.306..12294.752 rows=216518 loops=1)
  Hash Cond: (mk.movie_id = t.id)
  ->  Seq Scan on movie_keyword mk  (cost=0.00..69693.30 rows=4523930 width=4) (actual time=0.012..4205.958 rows=4523930 loops=1)
  ->  Hash  (cost=128372.31..128372.31 rows=15357 width=8) (actual time=6744.161..6744.161 rows=50377 loops=1)
        Buckets: 65536 (originally 16384)  Batches: 1 (originally 1)  Memory Usage: 2480kB
        ->  Hash Join  (cost=74854.55..128372.31 rows=15357 width=8) (actual time=3602.909..6714.821 rows=50377 loops=1)
              Hash Cond: (mc.movie_id = t.id)
              ->  Seq Scan on movie_companies mc  (cost=0.00..51404.11 rows=522686 width=4) (actual time=0.027..2909.393 rows=523736 loops=1)
                    Filter: (company_id < 483)
                    Rows Removed by Filter: 2085393
              ->  Hash  (cost=73925.90..73925.90 rows=74292 width=4) (actual time=3602.238..3602.238 rows=69213 loops=1)
                    Buckets: 131072  Batches: 1  Memory Usage: 3458kB
                    ->  Seq Scan on title t  (cost=0.00..73925.90 rows=74292 width=4) (actual time=0.053..3569.328 rows=69213 loops=1)
                          Filter: ((production_year > 1986) AND (kind_id = 3))
                          Rows Removed by Filter: 2459099
Planning time: 10.376 ms
Execution time: 12335.517 ms
