Hash Join  (cost=211092.52..252821.39 rows=235239 width=0) (actual time=10449.127..13382.454 rows=994687 loops=1)
  Hash Cond: (mi_idx.movie_id = t.id)
  ->  Seq Scan on movie_info_idx mi_idx  (cost=0.00..21735.35 rows=1380035 width=4) (actual time=0.021..1583.863 rows=1380035 loops=1)
  ->  Hash  (cost=204020.90..204020.90 rows=431010 width=8) (actual time=10448.231..10448.231 rows=425905 loops=1)
        Buckets: 131072  Batches: 8  Memory Usage: 3130kB
        ->  Hash Join  (cost=102767.86..204020.90 rows=431010 width=8) (actual time=5516.765..10317.639 rows=425905 loops=1)
              Hash Cond: (mk.movie_id = t.id)
              ->  Seq Scan on movie_keyword mk  (cost=0.00..81003.12 rows=431010 width=4) (actual time=0.031..3886.724 rows=425905 loops=1)
                    Filter: (keyword_id > 41048)
                    Rows Removed by Filter: 4098025
              ->  Hash  (cost=61283.27..61283.27 rows=2528527 width=4) (actual time=5515.930..5515.930 rows=2528312 loops=1)
                    Buckets: 131072  Batches: 64  Memory Usage: 2425kB
                    ->  Seq Scan on title t  (cost=0.00..61283.27 rows=2528527 width=4) (actual time=0.011..4286.174 rows=2528312 loops=1)
Planning time: 1.072 ms
Execution time: 13517.874 ms
