Seq Scan on movie_keyword mk  (cost=0.00..81003.12 rows=3213103 width=0) (actual time=0.016..5194.766 rows=3204472 loops=1)
  Filter: (keyword_id > 1730)
  Rows Removed by Filter: 1319458
Planning time: 6.819 ms
Execution time: 5796.375 ms
