Seq Scan on movie_keyword mk  (cost=0.00..81003.12 rows=1611103 width=0) (actual time=0.015..4029.545 rows=1622367 loops=1)
  Filter: (keyword_id > 9252)
  Rows Removed by Filter: 2901563
Planning time: 0.254 ms
Execution time: 4325.520 ms
