Hash Join  (cost=173782.01..596674.72 rows=1159027 width=0) (actual time=9860.806..33278.709 rows=818889 loops=1)
  Hash Cond: (mi.movie_id = t.id)
  ->  Seq Scan on movie_info mi  (cost=0.00..346232.03 rows=5445713 width=4) (actual time=48.121..19417.677 rows=5410520 loops=1)
        Filter: (info_type_id < 6)
        Rows Removed by Filter: 9425200
  ->  Hash  (cost=164952.08..164952.08 rows=538154 width=8) (actual time=9811.819..9811.819 rows=324101 loops=1)
        Buckets: 131072  Batches: 8  Memory Usage: 2613kB
        ->  Hash Join  (cost=82483.02..164952.08 rows=538154 width=8) (actual time=4125.576..9684.666 rows=324101 loops=1)
              Hash Cond: (mc.movie_id = t.id)
              ->  Seq Scan on movie_companies mc  (cost=0.00..44881.29 rows=2609129 width=4) (actual time=0.029..3426.251 rows=2609129 loops=1)
              ->  Hash  (cost=73925.90..73925.90 rows=521529 width=4) (actual time=4122.828..4122.828 rows=409307 loops=1)
                    Buckets: 131072  Batches: 8  Memory Usage: 2809kB
                    ->  Seq Scan on title t  (cost=0.00..73925.90 rows=521529 width=4) (actual time=0.017..3940.953 rows=409307 loops=1)
                          Filter: ((kind_id > 4) AND (production_year < 1996))
                          Rows Removed by Filter: 2119005
Planning time: 1.378 ms
Execution time: 33389.866 ms
