Hash Join  (cost=102767.86..234785.28 rows=1709557 width=0) (actual time=5769.146..12617.313 rows=1715405 loops=1)
  Hash Cond: (mk.movie_id = t.id)
  ->  Seq Scan on movie_keyword mk  (cost=0.00..81003.12 rows=1709557 width=4) (actual time=0.016..4528.829 rows=1715405 loops=1)
        Filter: (keyword_id > 8290)
        Rows Removed by Filter: 2808525
  ->  Hash  (cost=61283.27..61283.27 rows=2528527 width=4) (actual time=5766.795..5766.795 rows=2528312 loops=1)
        Buckets: 131072  Batches: 64  Memory Usage: 2425kB
        ->  Seq Scan on title t  (cost=0.00..61283.27 rows=2528527 width=4) (actual time=0.821..4576.534 rows=2528312 loops=1)
Planning time: 2.199 ms
Execution time: 12837.873 ms
