Nested Loop  (cost=0.43..83072.29 rows=150 width=0) (actual time=305.252..3380.522 rows=2 loops=1)
  ->  Seq Scan on movie_keyword mk  (cost=0.00..81003.12 rows=246 width=4) (actual time=305.180..3377.748 rows=8 loops=1)
        Filter: (keyword_id = 39339)
        Rows Removed by Filter: 4523922
  ->  Index Scan using title_pkey on title t  (cost=0.43..8.40 rows=1 width=4) (actual time=0.054..0.055 rows=0 loops=8)
        Index Cond: (id = mk.movie_id)
        Filter: (kind_id = 7)
        Rows Removed by Filter: 1
Planning time: 0.769 ms
Execution time: 3380.641 ms
