Hash Join  (cost=871915.56..1236956.39 rows=38490 width=0) (actual time=15615.966..22944.946 rows=23660 loops=1)
  Hash Cond: (mi.movie_id = t.id)
  ->  Seq Scan on movie_info mi  (cost=0.00..309384.22 rows=14739122 width=4) (actual time=0.020..4463.605 rows=14835720 loops=1)
  ->  Hash  (cost=871833.02..871833.02 rows=6603 width=8) (actual time=15614.142..15614.142 rows=2428 loops=1)
        Buckets: 8192  Batches: 1  Memory Usage: 159kB
        ->  Hash Join  (cost=74787.47..871833.02 rows=6603 width=8) (actual time=2108.308..15613.195 rows=2428 loops=1)
              Hash Cond: (ci.movie_id = t.id)
              ->  Seq Scan on cast_info ci  (cost=0.00..796071.18 rows=242226 width=4) (actual time=961.046..14441.797 rows=82736 loops=1)
                    Filter: ((person_id < 2586228) AND (role_id > 10))
                    Rows Removed by Filter: 36161608
              ->  Hash  (cost=73925.90..73925.90 rows=68925 width=4) (actual time=1144.493..1144.493 rows=84076 loops=1)
                    Buckets: 131072  Batches: 1  Memory Usage: 3980kB
                    ->  Seq Scan on title t  (cost=0.00..73925.90 rows=68925 width=4) (actual time=0.041..1109.363 rows=84076 loops=1)
                          Filter: ((kind_id = 7) AND (production_year = 2007))
                          Rows Removed by Filter: 2444236
Planning time: 1.189 ms
Execution time: 22948.942 ms
