Seq Scan on movie_keyword mk  (cost=0.00..81003.12 rows=4327029 width=0) (actual time=0.023..1429.771 rows=4324259 loops=1)
  Filter: (keyword_id < 68827)
  Rows Removed by Filter: 199671
Planning time: 0.338 ms
Execution time: 1924.602 ms
