Hash Join  (cost=246189.15..1357449.46 rows=12863085 width=0) (actual time=13494.275..97825.836 rows=95115260 loops=1)
  Hash Cond: (ci.movie_id = t.id)
  ->  Seq Scan on cast_info ci  (cost=0.00..705507.15 rows=23499554 width=4) (actual time=0.020..41999.232 rows=23573656 loops=1)
        Filter: (role_id > 1)
        Rows Removed by Filter: 12670688
  ->  Hash  (cost=223481.48..223481.48 rows=1384054 width=8) (actual time=13492.455..13492.455 rows=3052602 loops=1)
        Buckets: 131072 (originally 131072)  Batches: 64 (originally 32)  Memory Usage: 3073kB
        ->  Hash Join  (cost=83810.17..223481.48 rows=1384054 width=8) (actual time=4170.216..12418.408 rows=3052602 loops=1)
              Hash Cond: (mk.movie_id = t.id)
              ->  Seq Scan on movie_keyword mk  (cost=0.00..81003.12 rows=3543103 width=4) (actual time=0.015..5100.617 rows=3538433 loops=1)
                    Filter: (keyword_id < 18765)
                    Rows Removed by Filter: 985497
              ->  Hash  (cost=67604.59..67604.59 rows=987727 width=4) (actual time=4169.383..4169.383 rows=985048 loops=1)
                    Buckets: 131072  Batches: 16  Memory Usage: 3197kB
                    ->  Seq Scan on title t  (cost=0.00..67604.59 rows=987727 width=4) (actual time=0.014..3723.498 rows=985048 loops=1)
                          Filter: (kind_id < 7)
                          Rows Removed by Filter: 1543264
Planning time: 10.460 ms
Execution time: 110363.304 ms
