Hash Join  (cost=93093.72..1108286.26 rows=6905461 width=0) (actual time=1781.900..25272.862 rows=5571342 loops=1)
  Hash Cond: (ci.movie_id = t.id)
  ->  Seq Scan on cast_info ci  (cost=0.00..796071.18 rows=11238750 width=4) (actual time=0.013..16023.097 rows=9708671 loops=1)
        Filter: ((person_id > 394462) AND (role_id < 2))
        Rows Removed by Filter: 26535673
  ->  Hash  (cost=67604.59..67604.59 rows=1553611 width=4) (actual time=1780.931..1780.931 rows=1555864 loops=1)
        Buckets: 131072  Batches: 32  Memory Usage: 2734kB
        ->  Seq Scan on title t  (cost=0.00..67604.59 rows=1553611 width=4) (actual time=0.027..1288.008 rows=1555864 loops=1)
              Filter: (kind_id > 4)
              Rows Removed by Filter: 972448
Planning time: 0.738 ms
Execution time: 25939.741 ms
