Hash Join  (cost=265048.64..1094644.91 rows=5625746 width=181) (actual time=7937.263..75175.876 rows=107263793 loops=1)
  Hash Cond: (mi.movie_id = t.id)
  ->  Seq Scan on movie_info mi  (cost=0.00..309384.22 rows=14739122 width=75) (actual time=0.009..7498.109 rows=14835720 loops=1)
  ->  Hash  (cost=236961.78..236961.78 rows=965108 width=106) (actual time=7936.716..7936.716 rows=1592510 loops=1)
        Buckets: 32768  Batches: 64  Memory Usage: 3479kB
        ->  Hash Join  (cost=88570.67..236961.78 rows=965108 width=106) (actual time=2387.258..6750.809 rows=1592510 loops=1)
              Hash Cond: (mk.movie_id = t.id)
              ->  Seq Scan on movie_keyword mk  (cost=0.00..69693.30 rows=4523930 width=12) (actual time=0.020..1532.132 rows=4523930 loops=1)
              ->  Hash  (cost=73925.90..73925.90 rows=539421 width=94) (actual time=2386.669..2386.669 rows=459810 loops=1)
                    Buckets: 32768  Batches: 32  Memory Usage: 1861kB
                    ->  Seq Scan on title t  (cost=0.00..73925.90 rows=539421 width=94) (actual time=0.047..1533.639 rows=459810 loops=1)
                          Filter: ((kind_id < 7) AND (production_year > 2000))
                          Rows Removed by Filter: 2068502
Planning time: 1.104 ms
Execution time: 81298.927 ms
