Hash Join  (cost=123675.21..327374.14 rows=3695198 width=106) (actual time=2883.453..9241.683 rows=4200438 loops=1)
  Hash Cond: (mk.movie_id = t.id)
  ->  Seq Scan on movie_keyword mk  (cost=0.00..69693.30 rows=4523930 width=12) (actual time=0.022..1695.389 rows=4523930 loops=1)
  ->  Hash  (cost=67604.59..67604.59 rows=2065330 width=94) (actual time=2882.878..2882.878 rows=2064552 loops=1)
        Buckets: 32768  Batches: 128  Memory Usage: 2069kB
        ->  Seq Scan on title t  (cost=0.00..67604.59 rows=2065330 width=94) (actual time=0.028..1864.897 rows=2064552 loops=1)
              Filter: (production_year < 2011)
              Rows Removed by Filter: 463760
Planning time: 0.885 ms
Execution time: 9465.314 ms
