Hash Join  (cost=179716.76..602856.29 rows=545303 width=0) (actual time=3735.669..13676.932 rows=4064465 loops=1)
  Hash Cond: (mi.movie_id = t.id)
  ->  Seq Scan on movie_info mi  (cost=0.00..346232.03 rows=6103325 width=4) (actual time=77.715..6137.114 rows=6083429 loops=1)
        Filter: (info_type_id > 9)
        Rows Removed by Filter: 8752291
  ->  Hash  (cost=176009.86..176009.86 rows=225912 width=8) (actual time=3657.130..3657.130 rows=343680 loops=1)
        Buckets: 131072 (originally 131072)  Batches: 8 (originally 4)  Memory Usage: 3073kB
        ->  Hash Join  (cost=102767.86..176009.86 rows=225912 width=8) (actual time=1953.494..3542.207 rows=343680 loops=1)
              Hash Cond: (mc.movie_id = t.id)
              ->  Seq Scan on movie_companies mc  (cost=0.00..57926.93 rows=225912 width=4) (actual time=0.032..854.538 rows=343680 loops=1)
                    Filter: ((company_id < 390) AND (company_type_id = 1))
                    Rows Removed by Filter: 2265449
              ->  Hash  (cost=61283.27..61283.27 rows=2528527 width=4) (actual time=1951.829..1951.829 rows=2528312 loops=1)
                    Buckets: 131072  Batches: 64  Memory Usage: 2415kB
                    ->  Seq Scan on title t  (cost=0.00..61283.27 rows=2528527 width=4) (actual time=0.029..1089.250 rows=2528312 loops=1)
Planning time: 1.194 ms
Execution time: 14179.415 ms
