Hash Join  (cost=124175.70..211507.90 rows=2600 width=0) (actual time=1817.427..3435.817 rows=203 loops=1)
  Hash Cond: (mk.movie_id = t.id)
  ->  Seq Scan on movie_keyword mk  (cost=0.00..81003.12 rows=1680820 width=4) (actual time=0.009..1398.106 rows=1691021 loops=1)
        Filter: (keyword_id > 8550)
        Rows Removed by Filter: 2832909
  ->  Hash  (cost=124126.82..124126.82 rows=3911 width=8) (actual time=1770.063..1770.063 rows=4461 loops=1)
        Buckets: 8192 (originally 4096)  Batches: 1 (originally 1)  Memory Usage: 239kB
        ->  Hash Join  (cost=67697.55..124126.82 rows=3911 width=8) (actual time=727.004..1768.111 rows=4461 loops=1)
              Hash Cond: (mc.movie_id = t.id)
              ->  Seq Scan on movie_companies mc  (cost=0.00..51404.11 rows=1329612 width=4) (actual time=0.020..836.408 rows=1334883 loops=1)
                    Filter: (company_type_id = 2)
                    Rows Removed by Filter: 1274246
              ->  Hash  (cost=67604.59..67604.59 rows=7437 width=4) (actual time=726.635..726.635 rows=4597 loops=1)
                    Buckets: 8192  Batches: 1  Memory Usage: 226kB
                    ->  Seq Scan on title t  (cost=0.00..67604.59 rows=7437 width=4) (actual time=533.408..725.222 rows=4597 loops=1)
                          Filter: (production_year = 1910)
                          Rows Removed by Filter: 2523715
Planning time: 1.076 ms
Execution time: 3436.145 ms
