Seq Scan on cast_info ci  (cost=0.00..705507.15 rows=17927543 width=0) (actual time=0.015..12899.407 rows=18054322 loops=1)
  Filter: (person_id > 1806014)
  Rows Removed by Filter: 18190022
Planning time: 0.402 ms
Execution time: 15145.834 ms
