Hash Join  (cost=111459.90..169264.61 rows=33520 width=0) (actual time=2174.445..4213.945 rows=264965 loops=1)
  Hash Cond: (mc.movie_id = t.id)
  ->  Seq Scan on movie_companies mc  (cost=0.00..51404.11 rows=1617441 width=4) (actual time=0.007..941.826 rows=1616400 loops=1)
        Filter: (company_id > 4612)
        Rows Removed by Filter: 992729
  ->  Hash  (cost=110804.88..110804.88 rows=52401 width=8) (actual time=2174.005..2174.005 rows=121545 loops=1)
        Buckets: 131072 (originally 65536)  Batches: 2 (originally 1)  Memory Usage: 3403kB
        ->  Hash Join  (cost=78641.77..110804.88 rows=52401 width=8) (actual time=1294.808..2130.122 rows=121545 loops=1)
              Hash Cond: (mi_idx.movie_id = t.id)
              ->  Seq Scan on movie_info_idx mi_idx  (cost=0.00..25185.44 rows=460978 width=4) (actual time=0.025..475.483 rows=459925 loops=1)
                    Filter: (info_type_id = 99)
                    Rows Removed by Filter: 920110
              ->  Hash  (cost=73925.90..73925.90 rows=287429 width=4) (actual time=1293.674..1293.674 rows=401493 loops=1)
                    Buckets: 131072 (originally 131072)  Batches: 8 (originally 4)  Memory Usage: 3073kB
                    ->  Seq Scan on title t  (cost=0.00..73925.90 rows=287429 width=4) (actual time=0.146..1161.165 rows=401493 loops=1)
                          Filter: ((kind_id < 7) AND (production_year < 1992))
                          Rows Removed by Filter: 2126819
Planning time: 1.226 ms
Execution time: 4248.768 ms
