Hash Join  (cost=92883.59..1097361.75 rows=9442117 width=0) (actual time=1668.193..26384.088 rows=9429522 loops=1)
  Hash Cond: (ci.movie_id = t.id)
  ->  Seq Scan on cast_info ci  (cost=0.00..705507.15 rows=15494968 width=4) (actual time=0.018..14090.025 rows=15616580 loops=1)
        Filter: (person_id > 2076248)
        Rows Removed by Filter: 20627764
  ->  Hash  (cost=67604.59..67604.59 rows=1540800 width=4) (actual time=1667.154..1667.154 rows=1543264 loops=1)
        Buckets: 131072  Batches: 32  Memory Usage: 2722kB
        ->  Seq Scan on title t  (cost=0.00..67604.59 rows=1540800 width=4) (actual time=0.016..1182.136 rows=1543264 loops=1)
              Filter: (kind_id = 7)
              Rows Removed by Filter: 985048
Planning time: 4.003 ms
Execution time: 27406.747 ms
