Hash Join  (cost=263115.61..1225095.62 rows=10423221 width=0) (actual time=6030.339..30383.828 rows=22319922 loops=1)
  Hash Cond: (ci.movie_id = t.id)
  ->  Seq Scan on cast_info ci  (cost=0.00..705507.15 rows=10101224 width=4) (actual time=0.024..12751.066 rows=9897824 loops=1)
        Filter: (person_id < 974367)
        Rows Removed by Filter: 26346520
  ->  Hash  (cost=220309.49..220309.49 rows=2609129 width=8) (actual time=6029.411..6029.411 rows=2609129 loops=1)
        Buckets: 131072  Batches: 64  Memory Usage: 2610kB
        ->  Hash Join  (cost=102767.86..220309.49 rows=2609129 width=8) (actual time=1990.193..5370.549 rows=2609129 loops=1)
              Hash Cond: (mc.movie_id = t.id)
              ->  Seq Scan on movie_companies mc  (cost=0.00..44881.29 rows=2609129 width=4) (actual time=0.020..940.633 rows=2609129 loops=1)
              ->  Hash  (cost=61283.27..61283.27 rows=2528527 width=4) (actual time=1988.826..1988.826 rows=2528312 loops=1)
                    Buckets: 131072  Batches: 64  Memory Usage: 2415kB
                    ->  Seq Scan on title t  (cost=0.00..61283.27 rows=2528527 width=4) (actual time=0.013..1142.705 rows=2528312 loops=1)
Planning time: 1.241 ms
Execution time: 32845.670 ms
