Hash Join  (cost=102767.86..224323.88 rows=1274763 width=0) (actual time=1909.970..4779.595 rows=1286305 loops=1)
  Hash Cond: (mk.movie_id = t.id)
  ->  Seq Scan on movie_keyword mk  (cost=0.00..81003.12 rows=1274763 width=4) (actual time=0.022..1494.406 rows=1286305 loops=1)
        Filter: (keyword_id < 1662)
        Rows Removed by Filter: 3237625
  ->  Hash  (cost=61283.27..61283.27 rows=2528527 width=4) (actual time=1907.972..1907.972 rows=2528312 loops=1)
        Buckets: 131072  Batches: 64  Memory Usage: 2425kB
        ->  Seq Scan on title t  (cost=0.00..61283.27 rows=2528527 width=4) (actual time=0.015..1027.052 rows=2528312 loops=1)
Planning time: 0.741 ms
Execution time: 4931.893 ms
