Seq Scan on movie_companies mc  (cost=0.00..51404.11 rows=1635746 width=0) (actual time=0.018..915.064 rows=1634079 loops=1)
  Filter: (company_id > 4242)
  Rows Removed by Filter: 975050
Planning time: 0.638 ms
Execution time: 1117.148 ms
