Seq Scan on cast_info ci  (cost=0.00..705507.15 rows=34383167 width=0) (actual time=0.018..13515.473 rows=34359795 loops=1)
  Filter: (person_id < 3690769)
  Rows Removed by Filter: 1884549
Planning time: 0.338 ms
Execution time: 17715.959 ms
