Hash Join  (cost=102767.86..184700.32 rows=587048 width=0) (actual time=2572.025..4228.701 rows=871319 loops=1)
  Hash Cond: (mc.movie_id = t.id)
  ->  Seq Scan on movie_companies mc  (cost=0.00..57926.93 rows=587048 width=4) (actual time=547.727..1144.957 rows=871319 loops=1)
        Filter: ((company_id > 12978) AND (company_type_id = 2))
        Rows Removed by Filter: 1737810
  ->  Hash  (cost=61283.27..61283.27 rows=2528527 width=4) (actual time=2023.035..2023.035 rows=2528312 loops=1)
        Buckets: 131072  Batches: 64  Memory Usage: 2415kB
        ->  Seq Scan on title t  (cost=0.00..61283.27 rows=2528527 width=4) (actual time=0.021..1166.850 rows=2528312 loops=1)
Planning time: 0.714 ms
Execution time: 4327.768 ms
