Hash Join  (cost=128779.72..996830.98 rows=599024 width=0) (actual time=15547.080..22477.326 rows=2412115 loops=1)
  Hash Cond: (ci.movie_id = t.id)
  ->  Seq Scan on cast_info ci  (cost=0.00..796071.18 rows=5615955 width=4) (actual time=12685.695..16375.849 rows=5669625 loops=1)
        Filter: ((person_id > 119262) AND (role_id > 8))
        Rows Removed by Filter: 30574719
  ->  Hash  (cost=124354.41..124354.41 rows=269705 width=8) (actual time=2860.190..2860.190 rows=603529 loops=1)
        Buckets: 131072 (originally 131072)  Batches: 8 (originally 4)  Memory Usage: 3992kB
        ->  Hash Join  (cost=82033.88..124354.41 rows=269705 width=8) (actual time=1468.637..2718.706 rows=603529 loops=1)
              Hash Cond: (mi_idx.movie_id = t.id)
              ->  Seq Scan on movie_info_idx mi_idx  (cost=0.00..21735.35 rows=1380035 width=4) (actual time=0.025..459.739 rows=1380035 loops=1)
              ->  Hash  (cost=73925.90..73925.90 rows=494158 width=4) (actual time=1467.784..1467.784 rows=581419 loops=1)
                    Buckets: 131072  Batches: 8  Memory Usage: 3592kB
                    ->  Seq Scan on title t  (cost=0.00..73925.90 rows=494158 width=4) (actual time=0.024..1288.124 rows=581419 loops=1)
                          Filter: ((kind_id < 7) AND (production_year < 2004))
                          Rows Removed by Filter: 1946893
Planning time: 1.238 ms
Execution time: 22750.314 ms
