Seq Scan on cast_info ci  (cost=0.00..705507.15 rows=12068395 width=0) (actual time=0.017..10783.581 rows=12126182 loops=1)
  Filter: (person_id > 2473748)
  Rows Removed by Filter: 24118162
Planning time: 0.351 ms
Execution time: 12237.767 ms
