Seq Scan on movie_keyword mk  (cost=0.00..81003.12 rows=547738 width=0) (actual time=0.027..1259.762 rows=547506 loops=1)
  Filter: (keyword_id < 394)
  Rows Removed by Filter: 3976424
Planning time: 0.292 ms
Execution time: 1328.148 ms
