Seq Scan on movie_keyword mk  (cost=0.00..81003.12 rows=246 width=0) (actual time=0.723..1130.393 rows=534 loops=1)
  Filter: (keyword_id = 7772)
  Rows Removed by Filter: 4523396
Planning time: 0.365 ms
Execution time: 1130.737 ms
