Hash Join  (cost=143843.53..641259.66 rows=1650421 width=0) (actual time=3037.886..15872.812 rows=2185501 loops=1)
  Hash Cond: (mi.movie_id = t.id)
  ->  Seq Scan on movie_info mi  (cost=0.00..309384.22 rows=14739122 width=4) (actual time=0.011..6249.697 rows=14835720 loops=1)
  ->  Hash  (cost=139198.36..139198.36 rows=283133 width=8) (actual time=3037.069..3037.069 rows=230645 loops=1)
        Buckets: 131072  Batches: 4  Memory Usage: 3280kB
        ->  Hash Join  (cost=99208.77..139198.36 rows=283133 width=8) (actual time=1940.393..2973.486 rows=230645 loops=1)
              Hash Cond: (mi_idx.movie_id = t.id)
              ->  Seq Scan on movie_info_idx mi_idx  (cost=0.00..25185.44 rows=464566 width=4) (actual time=0.019..479.046 rows=459925 loops=1)
                    Filter: (info_type_id = 101)
                    Rows Removed by Filter: 920110
              ->  Hash  (cost=73925.90..73925.90 rows=1541029 width=4) (actual time=1939.655..1939.655 rows=1659933 loops=1)
                    Buckets: 131072  Batches: 32  Memory Usage: 2854kB
                    ->  Seq Scan on title t  (cost=0.00..73925.90 rows=1541029 width=4) (actual time=0.016..1422.580 rows=1659933 loops=1)
                          Filter: ((kind_id > 1) AND (production_year > 1969))
                          Rows Removed by Filter: 868379
Planning time: 0.812 ms
Execution time: 16120.098 ms
