Nested Loop  (cost=0.43..58358.52 rows=10 width=0) (actual time=0.129..888.745 rows=150 loops=1)
  ->  Seq Scan on movie_companies mc  (cost=0.00..57926.93 rows=51 width=4) (actual time=0.073..883.198 rows=198 loops=1)
        Filter: ((company_type_id < 2) AND (company_id = 2261))
        Rows Removed by Filter: 2608931
  ->  Index Scan using title_pkey on title t  (cost=0.43..8.45 rows=1 width=4) (actual time=0.026..0.026 rows=1 loops=198)
        Index Cond: (id = mc.movie_id)
        Filter: ((production_year > 1982) AND (kind_id = 1))
        Rows Removed by Filter: 0
Planning time: 0.763 ms
Execution time: 888.914 ms
