Seq Scan on title t  (cost=0.00..67604.59 rows=470306 width=0) (actual time=0.026..1134.588 rows=465563 loops=1)
  Filter: (production_year < 1977)
  Rows Removed by Filter: 2062749
Planning time: 0.347 ms
Execution time: 1195.376 ms
