Hash Join  (cost=234429.75..776909.59 rows=5873692 width=0) (actual time=4768.068..29480.009 rows=54795187 loops=1)
  Hash Cond: (mi.movie_id = t.id)
  ->  Seq Scan on movie_info mi  (cost=0.00..309384.22 rows=14739122 width=4) (actual time=0.027..6180.540 rows=14835720 loops=1)
  ->  Hash  (cost=217897.20..217897.20 rows=1007644 width=8) (actual time=4767.141..4767.141 rows=1013714 loops=1)
        Buckets: 131072  Batches: 16  Memory Usage: 3635kB
        ->  Hash Join  (cost=102767.86..217897.20 rows=1007644 width=8) (actual time=1910.268..4484.194 rows=1013714 loops=1)
              Hash Cond: (mk.movie_id = t.id)
              ->  Seq Scan on movie_keyword mk  (cost=0.00..81003.12 rows=1007644 width=4) (actual time=0.017..1415.752 rows=1013714 loops=1)
                    Filter: (keyword_id > 17839)
                    Rows Removed by Filter: 3510216
              ->  Hash  (cost=61283.27..61283.27 rows=2528527 width=4) (actual time=1906.418..1906.418 rows=2528312 loops=1)
                    Buckets: 131072  Batches: 64  Memory Usage: 2425kB
                    ->  Seq Scan on title t  (cost=0.00..61283.27 rows=2528527 width=4) (actual time=0.044..1055.852 rows=2528312 loops=1)
Planning time: 1.103 ms
Execution time: 35226.786 ms
