Hash Join  (cost=173407.26..263299.36 rows=1076659 width=0) (actual time=4102.355..7074.153 rows=2926399 loops=1)
  Hash Cond: (mc.movie_id = t.id)
  ->  Seq Scan on movie_companies mc  (cost=0.00..44881.29 rows=2609129 width=4) (actual time=0.017..908.120 rows=2609129 loops=1)
  ->  Hash  (cost=156288.78..156288.78 rows=1043398 width=8) (actual time=4101.323..4101.323 rows=1028692 loops=1)
        Buckets: 131072  Batches: 16  Memory Usage: 3543kB
        ->  Hash Join  (cost=98969.27..156288.78 rows=1043398 width=8) (actual time=2072.723..3795.360 rows=1028692 loops=1)
              Hash Cond: (mi_idx.movie_id = t.id)
              ->  Seq Scan on movie_info_idx mi_idx  (cost=0.00..21735.35 rows=1380035 width=4) (actual time=0.013..461.132 rows=1380035 loops=1)
              ->  Hash  (cost=67604.59..67604.59 rows=1911735 width=4) (actual time=2071.890..2071.890 rows=1903258 loops=1)
                    Buckets: 131072  Batches: 32  Memory Usage: 3122kB
                    ->  Seq Scan on title t  (cost=0.00..67604.59 rows=1911735 width=4) (actual time=0.026..1457.219 rows=1903258 loops=1)
                          Filter: (production_year > 1982)
                          Rows Removed by Filter: 625054
Planning time: 1.102 ms
Execution time: 7409.839 ms
