Hash Join  (cost=75919.53..895928.55 rows=454924 width=0) (actual time=4238.052..19424.803 rows=486206 loops=1)
  Hash Cond: (ci.movie_id = t.id)
  ->  Seq Scan on cast_info ci  (cost=0.00..705507.15 rows=9468168 width=4) (actual time=3047.258..13886.032 rows=9384703 loops=1)
        Filter: (role_id > 4)
        Rows Removed by Filter: 26859641
  ->  Hash  (cost=73925.90..73925.90 rows=121490 width=4) (actual time=1189.560..1189.560 rows=222618 loops=1)
        Buckets: 131072 (originally 131072)  Batches: 4 (originally 2)  Memory Usage: 3073kB
        ->  Seq Scan on title t  (cost=0.00..73925.90 rows=121490 width=4) (actual time=0.126..1108.435 rows=222618 loops=1)
              Filter: ((kind_id < 7) AND (production_year < 1966))
              Rows Removed by Filter: 2305694
Planning time: 0.814 ms
Execution time: 19490.492 ms
