Seq Scan on cast_info ci  (cost=0.00..705507.15 rows=500 width=0) (actual time=397.249..9716.464 rows=95 loops=1)
  Filter: (person_id = 2777074)
  Rows Removed by Filter: 36244249
Planning time: 0.379 ms
Execution time: 9716.569 ms
