Seq Scan on movie_companies mc  (cost=0.00..51404.11 rows=104 width=0) (actual time=0.638..852.657 rows=1391 loops=1)
  Filter: (company_id = 11313)
  Rows Removed by Filter: 2607738
Planning time: 0.291 ms
Execution time: 853.120 ms
