Hash Join  (cost=83073.81..139276.48 rows=37 width=0) (actual time=1511.856..2254.605 rows=11 loops=1)
  Hash Cond: (mc.movie_id = t.id)
  ->  Seq Scan on movie_companies mc  (cost=0.00..51404.11 rows=1279517 width=4) (actual time=0.021..928.877 rows=1274246 loops=1)
        Filter: (company_type_id = 1)
        Rows Removed by Filter: 1334883
  ->  Hash  (cost=83072.90..83072.90 rows=73 width=8) (actual time=1157.956..1157.956 rows=3 loops=1)
        Buckets: 1024  Batches: 1  Memory Usage: 9kB
        ->  Nested Loop  (cost=0.43..83072.90 rows=73 width=8) (actual time=339.864..1157.941 rows=3 loops=1)
              ->  Seq Scan on movie_keyword mk  (cost=0.00..81003.12 rows=246 width=4) (actual time=80.761..1157.393 rows=9 loops=1)
                    Filter: (keyword_id = 13780)
                    Rows Removed by Filter: 4523921
              ->  Index Scan using title_pkey on title t  (cost=0.43..8.40 rows=1 width=4) (actual time=0.054..0.054 rows=0 loops=9)
                    Index Cond: (id = mk.movie_id)
                    Filter: ((kind_id < 7) AND (production_year < 2010))
                    Rows Removed by Filter: 1
Planning time: 1.176 ms
Execution time: 2254.746 ms
