Hash Join  (cost=102767.86..190114.64 rows=812052 width=0) (actual time=2122.339..4220.416 rows=1027067 loops=1)
  Hash Cond: (mc.movie_id = t.id)
  ->  Seq Scan on movie_companies mc  (cost=0.00..57926.93 rows=812052 width=4) (actual time=218.955..1116.202 rows=1027067 loops=1)
        Filter: ((company_id > 5221) AND (company_type_id = 2))
        Rows Removed by Filter: 1582062
  ->  Hash  (cost=61283.27..61283.27 rows=2528527 width=4) (actual time=1902.092..1902.092 rows=2528312 loops=1)
        Buckets: 131072  Batches: 64  Memory Usage: 2415kB
        ->  Seq Scan on title t  (cost=0.00..61283.27 rows=2528527 width=4) (actual time=0.016..1085.598 rows=2528312 loops=1)
Planning time: 0.740 ms
Execution time: 4336.625 ms
