Nested Loop  (cost=0.43..83071.67 rows=246 width=0) (actual time=0.504..1273.819 rows=391 loops=1)
  ->  Seq Scan on movie_keyword mk  (cost=0.00..81003.12 rows=246 width=4) (actual time=0.432..1262.047 rows=391 loops=1)
        Filter: (keyword_id = 3202)
        Rows Removed by Filter: 4523539
  ->  Index Only Scan using title_pkey on title t  (cost=0.43..8.40 rows=1 width=4) (actual time=0.028..0.028 rows=1 loops=391)
        Index Cond: (id = mk.movie_id)
        Heap Fetches: 391
Planning time: 0.795 ms
Execution time: 1274.104 ms
