Hash Join  (cost=87301.44..169878.44 rows=610234 width=0) (actual time=1735.059..4006.401 rows=393522 loops=1)
  Hash Cond: (mc.movie_id = t.id)
  ->  Seq Scan on movie_companies mc  (cost=0.00..51404.11 rows=1892679 width=4) (actual time=0.008..1080.452 rows=1888264 loops=1)
        Filter: (company_id < 42155)
        Rows Removed by Filter: 720865
  ->  Hash  (cost=73925.90..73925.90 rows=815243 width=4) (actual time=1733.235..1733.235 rows=876186 loops=1)
        Buckets: 131072  Batches: 16  Memory Usage: 2955kB
        ->  Seq Scan on title t  (cost=0.00..73925.90 rows=815243 width=4) (actual time=0.043..1455.681 rows=876186 loops=1)
              Filter: ((kind_id > 1) AND (production_year > 2004))
              Rows Removed by Filter: 1652126
Planning time: 7.135 ms
Execution time: 4056.352 ms
