Hash Join  (cost=194939.48..249969.13 rows=36412 width=0) (actual time=3522.625..4774.075 rows=135862 loops=1)
  Hash Cond: (mc.movie_id = t.id)
  ->  Seq Scan on movie_companies mc  (cost=0.00..44881.29 rows=2609129 width=4) (actual time=0.022..604.470 rows=2609129 loops=1)
  ->  Hash  (cost=194498.40..194498.40 rows=35287 width=8) (actual time=3511.664..3511.664 rows=29440 loops=1)
        Buckets: 65536  Batches: 1  Memory Usage: 1662kB
        ->  Hash Join  (cost=102767.86..194498.40 rows=35287 width=8) (actual time=1878.609..3500.404 rows=29440 loops=1)
              Hash Cond: (mk.movie_id = t.id)
              ->  Seq Scan on movie_keyword mk  (cost=0.00..81003.12 rows=35287 width=4) (actual time=0.067..1211.115 rows=29440 loops=1)
                    Filter: (keyword_id = 359)
                    Rows Removed by Filter: 4494490
              ->  Hash  (cost=61283.27..61283.27 rows=2528527 width=4) (actual time=1877.240..1877.240 rows=2528312 loops=1)
                    Buckets: 131072  Batches: 64  Memory Usage: 2425kB
                    ->  Seq Scan on title t  (cost=0.00..61283.27 rows=2528527 width=4) (actual time=0.008..989.384 rows=2528312 loops=1)
Planning time: 1.362 ms
Execution time: 4791.964 ms
