Hash Join  (cost=77232.60..1140691.63 rows=2886786 width=0) (actual time=1375.927..34070.660 rows=3708057 loops=1)
  Hash Cond: (ci.movie_id = t.id)
  ->  Seq Scan on cast_info ci  (cost=0.00..614943.12 rows=36225612 width=4) (actual time=0.015..13284.676 rows=36244344 loops=1)
  ->  Hash  (cost=73925.90..73925.90 rows=201496 width=4) (actual time=1375.080..1375.080 rows=307194 loops=1)
        Buckets: 131072  Batches: 4  Memory Usage: 3727kB
        ->  Seq Scan on title t  (cost=0.00..73925.90 rows=201496 width=4) (actual time=0.014..1275.114 rows=307194 loops=1)
              Filter: ((kind_id < 7) AND (production_year < 1980))
              Rows Removed by Filter: 2221118
Planning time: 0.808 ms
Execution time: 34511.245 ms
