Nested Loop  (cost=0.43..447802.20 rows=17937 width=0) (actual time=2322.206..8017.464 rows=121863 loops=1)
  ->  Seq Scan on movie_info mi  (cost=0.00..346232.03 rows=17937 width=4) (actual time=2322.091..5498.511 rows=121863 loops=1)
        Filter: (info_type_id = 105)
        Rows Removed by Filter: 14713857
  ->  Index Only Scan using title_pkey on title t  (cost=0.43..5.65 rows=1 width=4) (actual time=0.020..0.020 rows=1 loops=121863)
        Index Cond: (id = mi.movie_id)
        Heap Fetches: 121863
Planning time: 0.795 ms
Execution time: 8043.258 ms
