Seq Scan on movie_keyword mk  (cost=0.00..81003.12 rows=2608825 width=0) (actual time=0.025..1469.605 rows=2600109 loops=1)
  Filter: (keyword_id < 6976)
  Rows Removed by Filter: 1923821
Planning time: 0.330 ms
Execution time: 1797.333 ms
