Seq Scan on cast_info ci  (cost=0.00..796071.18 rows=7840647 width=0) (actual time=5574.083..12982.325 rows=11088173 loops=1)
  Filter: ((person_id > 1850479) AND (role_id > 2))
  Rows Removed by Filter: 25156171
Planning time: 0.260 ms
Execution time: 14273.617 ms
