Hash Join  (cost=126915.39..1285643.49 rows=2748339 width=0) (actual time=2854.335..40855.395 rows=12394430 loops=1)
  Hash Cond: (ci.movie_id = t.id)
  ->  Seq Scan on cast_info ci  (cost=0.00..796071.18 rows=28906543 width=4) (actual time=0.028..19312.328 rows=31081101 loops=1)
        Filter: ((person_id < 3488990) AND (role_id < 10))
        Rows Removed by Filter: 5163243
  ->  Hash  (cost=122970.34..122970.34 rows=240404 width=8) (actual time=2853.493..2853.493 rows=500281 loops=1)
        Buckets: 131072 (originally 131072)  Batches: 8 (originally 4)  Memory Usage: 3481kB
        ->  Hash Join  (cost=81152.82..122970.34 rows=240404 width=8) (actual time=1403.926..2691.920 rows=500281 loops=1)
              Hash Cond: (mi_idx.movie_id = t.id)
              ->  Seq Scan on movie_info_idx mi_idx  (cost=0.00..21735.35 rows=1380035 width=4) (actual time=0.015..448.783 rows=1380035 loops=1)
              ->  Hash  (cost=73925.90..73925.90 rows=440473 width=4) (actual time=1402.901..1402.901 rows=473918 loops=1)
                    Buckets: 131072  Batches: 8  Memory Usage: 3117kB
                    ->  Seq Scan on title t  (cost=0.00..73925.90 rows=440473 width=4) (actual time=205.840..1246.485 rows=473918 loops=1)
                          Filter: ((production_year < 2008) AND (kind_id = 1))
                          Rows Removed by Filter: 2054394
Planning time: 1.253 ms
Execution time: 42239.164 ms
