Seq Scan on title t  (cost=0.00..73925.90 rows=32357 width=0) (actual time=1085.306..1105.801 rows=1 loops=1)
  Filter: ((production_year < 1914) AND (kind_id = 7))
  Rows Removed by Filter: 2528311
Planning time: 0.380 ms
Execution time: 1105.932 ms
