Hash Join  (cost=98137.04..1332461.53 rows=19028777 width=0) (actual time=1838.338..37170.528 rows=18758210 loops=1)
  Hash Cond: (ci.movie_id = t.id)
  ->  Seq Scan on cast_info ci  (cost=0.00..705507.15 rows=25854315 width=4) (actual time=0.016..15634.460 rows=26043651 loops=1)
        Filter: (person_id > 1002835)
        Rows Removed by Filter: 10200693
  ->  Hash  (cost=67604.59..67604.59 rows=1860996 width=4) (actual time=1836.929..1836.929 rows=1865487 loops=1)
        Buckets: 131072  Batches: 32  Memory Usage: 3079kB
        ->  Seq Scan on title t  (cost=0.00..67604.59 rows=1860996 width=4) (actual time=0.019..1258.746 rows=1865487 loops=1)
              Filter: (kind_id > 1)
              Rows Removed by Filter: 662825
Planning time: 0.808 ms
Execution time: 39313.594 ms
