Seq Scan on cast_info ci  (cost=0.00..796071.18 rows=1805953 width=0) (actual time=357.055..11759.504 rows=1064694 loops=1)
  Filter: ((person_id < 509853) AND (role_id > 3))
  Rows Removed by Filter: 35179650
Planning time: 0.319 ms
Execution time: 11890.856 ms
