Seq Scan on cast_info ci  (cost=0.00..705507.15 rows=22347766 width=0) (actual time=0.015..12723.381 rows=22186626 loops=1)
  Filter: (person_id < 2260624)
  Rows Removed by Filter: 14057718
Planning time: 0.391 ms
Execution time: 15411.933 ms
