Seq Scan on movie_keyword mk  (cost=0.00..81003.12 rows=4251388 width=0) (actual time=0.024..1514.487 rows=4230445 loops=1)
  Filter: (keyword_id > 236)
  Rows Removed by Filter: 293485
Planning time: 0.328 ms
Execution time: 2028.155 ms
