Nested Loop  (cost=0.43..83071.67 rows=246 width=0) (actual time=7.882..1216.221 rows=173 loops=1)
  ->  Seq Scan on movie_keyword mk  (cost=0.00..81003.12 rows=246 width=4) (actual time=7.798..1209.059 rows=173 loops=1)
        Filter: (keyword_id = 11480)
        Rows Removed by Filter: 4523757
  ->  Index Only Scan using title_pkey on title t  (cost=0.43..8.40 rows=1 width=4) (actual time=0.039..0.039 rows=1 loops=173)
        Index Cond: (id = mk.movie_id)
        Heap Fetches: 173
Planning time: 0.789 ms
Execution time: 1216.378 ms
