Hash Join  (cost=80587.02..457304.79 rows=352393 width=0) (actual time=1399.672..8006.695 rows=706148 loops=1)
  Hash Cond: (mi.movie_id = t.id)
  ->  Seq Scan on movie_info mi  (cost=0.00..346232.03 rows=2194617 width=4) (actual time=34.562..5496.787 rows=2233850 loops=1)
        Filter: (info_type_id > 16)
        Rows Removed by Filter: 12601870
  ->  Hash  (cost=73925.90..73925.90 rows=406009 width=4) (actual time=1296.283..1296.283 rows=320078 loops=1)
        Buckets: 131072  Batches: 8  Memory Usage: 2432kB
        ->  Seq Scan on title t  (cost=0.00..73925.90 rows=406009 width=4) (actual time=0.027..1193.928 rows=320078 loops=1)
              Filter: ((kind_id < 4) AND (production_year > 2003))
              Rows Removed by Filter: 2208234
Planning time: 0.544 ms
Execution time: 8094.763 ms
