Hash Join  (cost=94699.36..875619.12 rows=32145 width=0) (actual time=3920.477..19360.811 rows=137065 loops=1)
  Hash Cond: (ci.movie_id = t.id)
  ->  Seq Scan on cast_info ci  (cost=0.00..705507.15 rows=20024311 width=4) (actual time=2377.930..14330.102 rows=20122661 loops=1)
        Filter: (role_id < 3)
        Rows Removed by Filter: 16121683
  ->  Hash  (cost=94648.62..94648.62 rows=4059 width=8) (actual time=1541.624..1541.624 rows=9368 loops=1)
        Buckets: 16384 (originally 4096)  Batches: 1 (originally 1)  Memory Usage: 494kB
        ->  Hash Join  (cost=67697.55..94648.62 rows=4059 width=8) (actual time=987.988..1537.745 rows=9368 loops=1)
              Hash Cond: (mi_idx.movie_id = t.id)
              ->  Seq Scan on movie_info_idx mi_idx  (cost=0.00..21735.35 rows=1380035 width=4) (actual time=0.025..254.029 rows=1380035 loops=1)
              ->  Hash  (cost=67604.59..67604.59 rows=7437 width=4) (actual time=987.512..987.512 rows=14349 loops=1)
                    Buckets: 16384 (originally 8192)  Batches: 1 (originally 1)  Memory Usage: 633kB
                    ->  Seq Scan on title t  (cost=0.00..67604.59 rows=7437 width=4) (actual time=0.104..980.516 rows=14349 loops=1)
                          Filter: (production_year = 1969)
                          Rows Removed by Filter: 2513963
Planning time: 1.216 ms
Execution time: 19381.874 ms
