Hash Join  (cost=218889.59..703614.12 rows=2619235 width=0) (actual time=4891.216..15732.484 rows=1100963 loops=1)
  Hash Cond: (mi.movie_id = t.id)
  ->  Seq Scan on movie_info mi  (cost=0.00..346232.03 rows=9476311 width=4) (actual time=239.936..6529.462 rows=9565151 loops=1)
        Filter: (info_type_id < 16)
        Rows Removed by Filter: 5270569
  ->  Hash  (cost=207423.59..207423.59 rows=698880 width=8) (actual time=4649.102..4649.102 rows=175731 loops=1)
        Buckets: 131072  Batches: 16  Memory Usage: 1464kB
        ->  Hash Join  (cost=84121.39..207423.59 rows=698880 width=8) (actual time=1601.085..4592.580 rows=175731 loops=1)
              Hash Cond: (mk.movie_id = t.id)
              ->  Seq Scan on movie_keyword mk  (cost=0.00..81003.12 rows=2843805 width=4) (actual time=0.031..1646.787 rows=2833156 loops=1)
                    Filter: (keyword_id < 8556)
                    Rows Removed by Filter: 1690774
              ->  Hash  (cost=73925.90..73925.90 rows=621399 width=4) (actual time=1600.105..1600.105 rows=680061 loops=1)
                    Buckets: 131072  Batches: 16  Memory Usage: 2530kB
                    ->  Seq Scan on title t  (cost=0.00..73925.90 rows=621399 width=4) (actual time=0.195..1370.073 rows=680061 loops=1)
                          Filter: ((kind_id > 4) AND (production_year > 2005))
                          Rows Removed by Filter: 1848251
Planning time: 1.164 ms
Execution time: 15859.319 ms
