Hash Join  (cost=172545.67..211069.11 rows=48397 width=0) (actual time=3109.124..3654.578 rows=32649 loops=1)
  Hash Cond: (mi_idx.movie_id = t.id)
  ->  Seq Scan on movie_info_idx mi_idx  (cost=0.00..21735.35 rows=1380035 width=4) (actual time=0.021..401.828 rows=1380035 loops=1)
  ->  Hash  (cost=171090.26..171090.26 rows=88673 width=8) (actual time=2836.023..2836.023 rows=17057 loops=1)
        Buckets: 131072  Batches: 2  Memory Usage: 1353kB
        ->  Hash Join  (cost=82012.37..171090.26 rows=88673 width=8) (actual time=1460.091..2829.482 rows=17057 loops=1)
              Hash Cond: (mk.movie_id = t.id)
              ->  Seq Scan on movie_keyword mk  (cost=0.00..81003.12 rows=454942 width=4) (actual time=0.026..1374.097 rows=451776 loops=1)
                    Filter: (keyword_id > 39198)
                    Rows Removed by Filter: 4072154
              ->  Hash  (cost=73925.90..73925.90 rows=492837 width=4) (actual time=1190.404..1190.404 rows=379345 loops=1)
                    Buckets: 131072  Batches: 8  Memory Usage: 2683kB
                    ->  Seq Scan on title t  (cost=0.00..73925.90 rows=492837 width=4) (actual time=0.027..1061.565 rows=379345 loops=1)
                          Filter: ((production_year < 1995) AND (kind_id = 7))
                          Rows Removed by Filter: 2148967
Planning time: 1.146 ms
Execution time: 3659.006 ms
