Seq Scan on cast_info ci  (cost=0.00..796071.18 rows=60 width=0) (actual time=2862.064..10921.770 rows=1 loops=1)
  Filter: ((person_id = 2892744) AND (role_id = 10))
  Rows Removed by Filter: 36244343
Planning time: 0.977 ms
Execution time: 10921.890 ms
