Hash Join  (cost=195238.23..545886.45 rows=19351 width=0) (actual time=5748.248..9196.776 rows=219812 loops=1)
  Hash Cond: (mi.movie_id = t.id)
  ->  Seq Scan on movie_info mi  (cost=0.00..346232.03 rows=1126051 width=4) (actual time=1962.352..5095.471 rows=1174054 loops=1)
        Filter: (info_type_id > 43)
        Rows Removed by Filter: 13661666
  ->  Hash  (cost=194695.08..194695.08 rows=43452 width=8) (actual time=3784.843..3784.843 rows=38892 loops=1)
        Buckets: 65536  Batches: 1  Memory Usage: 2032kB
        ->  Hash Join  (cost=102767.86..194695.08 rows=43452 width=8) (actual time=2153.354..3770.407 rows=38892 loops=1)
              Hash Cond: (mk.movie_id = t.id)
              ->  Seq Scan on movie_keyword mk  (cost=0.00..81003.12 rows=43452 width=4) (actual time=0.064..1175.491 rows=38892 loops=1)
                    Filter: (keyword_id < 47)
                    Rows Removed by Filter: 4485038
              ->  Hash  (cost=61283.27..61283.27 rows=2528527 width=4) (actual time=2152.564..2152.564 rows=2528312 loops=1)
                    Buckets: 131072  Batches: 64  Memory Usage: 2425kB
                    ->  Seq Scan on title t  (cost=0.00..61283.27 rows=2528527 width=4) (actual time=0.021..1025.506 rows=2528312 loops=1)
Planning time: 0.747 ms
Execution time: 9225.713 ms
