Hash Join  (cost=190741.70..233101.17 rows=271999 width=0) (actual time=3552.432..4710.245 rows=330504 loops=1)
  Hash Cond: (mi_idx.movie_id = t.id)
  ->  Seq Scan on movie_info_idx mi_idx  (cost=0.00..21735.35 rows=1380035 width=4) (actual time=0.025..473.868 rows=1380035 loops=1)
  ->  Hash  (cost=182565.17..182565.17 rows=498362 width=8) (actual time=3550.879..3550.879 rows=197156 loops=1)
        Buckets: 131072  Batches: 8  Memory Usage: 1998kB
        ->  Hash Join  (cost=102767.86..182565.17 rows=498362 width=8) (actual time=2282.467..3493.947 rows=197156 loops=1)
              Hash Cond: (mc.movie_id = t.id)
              ->  Seq Scan on movie_companies mc  (cost=0.00..57926.93 rows=498362 width=4) (actual time=318.569..972.013 rows=197156 loops=1)
                    Filter: ((company_id > 15768) AND (company_type_id = 1))
                    Rows Removed by Filter: 2411973
              ->  Hash  (cost=61283.27..61283.27 rows=2528527 width=4) (actual time=1962.562..1962.562 rows=2528312 loops=1)
                    Buckets: 131072  Batches: 64  Memory Usage: 2415kB
                    ->  Seq Scan on title t  (cost=0.00..61283.27 rows=2528527 width=4) (actual time=0.016..1104.023 rows=2528312 loops=1)
Planning time: 1.155 ms
Execution time: 4750.929 ms
