Seq Scan on movie_keyword mk  (cost=0.00..81003.12 rows=2153937 width=0) (actual time=0.016..1413.609 rows=2160798 loops=1)
  Filter: (keyword_id < 4116)
  Rows Removed by Filter: 2363132
Planning time: 0.264 ms
Execution time: 1677.728 ms
