Hash Join  (cost=456125.87..591188.01 rows=644117 width=0) (actual time=8409.274..13636.072 rows=6334262 loops=1)
  Hash Cond: (mk.movie_id = t.id)
  ->  Seq Scan on movie_keyword mk  (cost=0.00..81003.12 rows=3979959 width=4) (actual time=0.010..1879.918 rows=3978845 loops=1)
        Filter: (keyword_id > 387)
        Rows Removed by Filter: 545085
  ->  Hash  (cost=449411.66..449411.66 rows=409217 width=8) (actual time=8408.196..8408.196 rows=1109857 loops=1)
        Buckets: 131072 (originally 131072)  Batches: 16 (originally 8)  Memory Usage: 3747kB
        ->  Hash Join  (cost=78556.72..449411.66 rows=409217 width=8) (actual time=4160.626..8114.188 rows=1109857 loops=1)
              Hash Cond: (mi.movie_id = t.id)
              ->  Seq Scan on movie_info mi  (cost=0.00..346232.03 rows=1550064 width=4) (actual time=2764.369..5442.609 rows=1533909 loops=1)
                    Filter: (info_type_id = 3)
                    Rows Removed by Filter: 13301811
              ->  Hash  (cost=67604.59..67604.59 rows=667531 width=4) (actual time=1300.950..1300.950 rows=662825 loops=1)
                    Buckets: 131072  Batches: 16  Memory Usage: 2485kB
                    ->  Seq Scan on title t  (cost=0.00..67604.59 rows=667531 width=4) (actual time=0.028..1085.236 rows=662825 loops=1)
                          Filter: (kind_id = 1)
                          Rows Removed by Filter: 1865487
Planning time: 1.190 ms
Execution time: 14360.534 ms
