Hash Join  (cost=1135667.07..2004788.26 rows=29579665 width=0) (actual time=26705.051..45992.001 rows=21252387 loops=1)
  Hash Cond: (mi.movie_id = t.id)
  ->  Seq Scan on movie_info mi  (cost=0.00..309384.22 rows=14739122 width=4) (actual time=0.019..6204.905 rows=14835720 loops=1)
  ->  Hash  (cost=1052413.41..1052413.41 rows=5074453 width=8) (actual time=26345.528..26345.528 rows=4242477 loops=1)
        Buckets: 131072  Batches: 128  Memory Usage: 2272kB
        ->  Hash Join  (cost=92883.59..1052413.41 rows=5074453 width=8) (actual time=12187.167..24806.485 rows=4242477 loops=1)
              Hash Cond: (ci.movie_id = t.id)
              ->  Seq Scan on cast_info ci  (cost=0.00..796071.18 rows=8327422 width=4) (actual time=10544.519..16487.371 rows=7424894 loops=1)
                    Filter: ((person_id < 3856249) AND (role_id > 5))
                    Rows Removed by Filter: 28819450
              ->  Hash  (cost=67604.59..67604.59 rows=1540800 width=4) (actual time=1641.275..1641.275 rows=1543264 loops=1)
                    Buckets: 131072  Batches: 32  Memory Usage: 2722kB
                    ->  Seq Scan on title t  (cost=0.00..67604.59 rows=1540800 width=4) (actual time=0.052..1154.767 rows=1543264 loops=1)
                          Filter: (kind_id = 7)
                          Rows Removed by Filter: 985048
Planning time: 1.304 ms
Execution time: 48300.643 ms
