Seq Scan on movie_companies mc  (cost=0.00..51404.11 rows=1807822 width=0) (actual time=0.017..976.951 rows=1815178 loops=1)
  Filter: (company_id > 1714)
  Rows Removed by Filter: 793951
Planning time: 0.323 ms
Execution time: 1207.243 ms
