Seq Scan on movie_companies mc  (cost=0.00..51404.11 rows=104 width=0) (actual time=67.240..781.800 rows=2 loops=1)
  Filter: (company_id = 19191)
  Rows Removed by Filter: 2609127
Planning time: 0.391 ms
Execution time: 781.875 ms
