Hash Join  (cost=102878.45..467862.91 rows=32855 width=0) (actual time=1823.063..9538.145 rows=192623 loops=1)
  Hash Cond: (mi.movie_id = t.id)
  ->  Seq Scan on movie_info mi  (cost=0.00..309384.22 rows=14739122 width=4) (actual time=0.005..4453.254 rows=14835720 loops=1)
  ->  Hash  (cost=102808.00..102808.00 rows=5636 width=8) (actual time=1822.964..1822.964 rows=10286 loops=1)
        Buckets: 16384 (originally 8192)  Batches: 1 (originally 1)  Memory Usage: 530kB
        ->  Hash Join  (cost=74119.74..102808.00 rows=5636 width=8) (actual time=1152.736..1818.624 rows=10286 loops=1)
              Hash Cond: (mi_idx.movie_id = t.id)
              ->  Seq Scan on movie_info_idx mi_idx  (cost=0.00..25185.44 rows=919057 width=4) (actual time=0.025..487.660 rows=920110 loops=1)
                    Filter: (info_type_id > 99)
                    Rows Removed by Filter: 459925
              ->  Hash  (cost=73925.90..73925.90 rows=15507 width=4) (actual time=1152.419..1152.419 rows=11835 loops=1)
                    Buckets: 16384  Batches: 1  Memory Usage: 545kB
                    ->  Seq Scan on title t  (cost=0.00..73925.90 rows=15507 width=4) (actual time=0.126..1146.693 rows=11835 loops=1)
                          Filter: ((kind_id < 7) AND (production_year = 1995))
                          Rows Removed by Filter: 2516477
Planning time: 1.216 ms
Execution time: 9567.375 ms
