Seq Scan on movie_companies mc  (cost=0.00..57926.93 rows=1194 width=0) (actual time=6.483..904.007 rows=95 loops=1)
  Filter: ((company_type_id < 2) AND (company_id = 1886))
  Rows Removed by Filter: 2609034
Planning time: 1.040 ms
Execution time: 904.152 ms
