Seq Scan on movie_keyword mk  (cost=0.00..81003.12 rows=246 width=0) (actual time=30.092..1234.205 rows=11 loops=1)
  Filter: (keyword_id = 84585)
  Rows Removed by Filter: 4523919
Planning time: 0.394 ms
Execution time: 1234.309 ms
