Hash Join  (cost=102767.86..211172.04 rows=728188 width=0) (actual time=2250.349..4628.851 rows=721487 loops=1)
  Hash Cond: (mk.movie_id = t.id)
  ->  Seq Scan on movie_keyword mk  (cost=0.00..81003.12 rows=728188 width=4) (actual time=0.017..1424.317 rows=721487 loops=1)
        Filter: (keyword_id < 643)
        Rows Removed by Filter: 3802443
  ->  Hash  (cost=61283.27..61283.27 rows=2528527 width=4) (actual time=2248.672..2248.672 rows=2528312 loops=1)
        Buckets: 131072  Batches: 64  Memory Usage: 2425kB
        ->  Seq Scan on title t  (cost=0.00..61283.27 rows=2528527 width=4) (actual time=0.018..1123.200 rows=2528312 loops=1)
Planning time: 4.325 ms
Execution time: 4711.603 ms
