Seq Scan on movie_companies mc  (cost=0.00..51404.11 rows=104 width=0) (actual time=642.432..848.812 rows=1 loops=1)
  Filter: (company_id = 96298)
  Rows Removed by Filter: 2609128
Planning time: 0.388 ms
Execution time: 848.889 ms
