Seq Scan on cast_info ci  (cost=0.00..796071.18 rows=7607284 width=0) (actual time=31.508..12556.359 rows=8249735 loops=1)
  Filter: ((person_id < 847455) AND (role_id < 10))
  Rows Removed by Filter: 27994609
Planning time: 0.361 ms
Execution time: 13572.562 ms
