Seq Scan on title t  (cost=0.00..67604.59 rows=1980005 width=0) (actual time=0.018..1178.226 rows=1976617 loops=1)
  Filter: (production_year > 1977)
  Rows Removed by Filter: 551695
Planning time: 0.347 ms
Execution time: 1419.101 ms
