Seq Scan on movie_keyword mk  (cost=0.00..81003.12 rows=960822 width=0) (actual time=0.026..1460.878 rows=970742 loops=1)
  Filter: (keyword_id > 19485)
  Rows Removed by Filter: 3553188
Planning time: 0.341 ms
Execution time: 1583.117 ms
