Seq Scan on cast_info ci  (cost=0.00..796071.18 rows=8419051 width=0) (actual time=0.025..14505.724 rows=12670688 loops=1)
  Filter: ((person_id < 2450730) AND (role_id < 2))
  Rows Removed by Filter: 23573656
Planning time: 0.377 ms
Execution time: 16005.638 ms
