Seq Scan on movie_keyword mk  (cost=0.00..81003.12 rows=246 width=0) (actual time=3.448..1208.493 rows=471 loops=1)
  Filter: (keyword_id = 8679)
  Rows Removed by Filter: 4523459
Planning time: 0.385 ms
Execution time: 1208.794 ms
