Seq Scan on movie_companies mc  (cost=0.00..57926.93 rows=709769 width=0) (actual time=0.078..957.602 rows=495122 loops=1)
  Filter: ((company_id > 9316) AND (company_type_id < 2))
  Rows Removed by Filter: 2114007
Planning time: 0.350 ms
Execution time: 1014.821 ms
