Hash Join  (cost=100921.56..189558.40 rows=1507 width=0) (actual time=2624.605..3266.316 rows=7053 loops=1)
  Hash Cond: (mk.movie_id = t.id)
  ->  Seq Scan on movie_keyword mk  (cost=0.00..81003.12 rows=2031639 width=4) (actual time=0.022..1286.847 rows=2037960 loops=1)
        Filter: (keyword_id > 6042)
        Rows Removed by Filter: 2485970
  ->  Hash  (cost=100898.11..100898.11 rows=1876 width=8) (actual time=1686.549..1686.549 rows=5427 loops=1)
        Buckets: 8192 (originally 2048)  Batches: 1 (originally 1)  Memory Usage: 276kB
        ->  Hash Join  (cost=73968.87..100898.11 rows=1876 width=8) (actual time=1080.323..1684.429 rows=5427 loops=1)
              Hash Cond: (mi_idx.movie_id = t.id)
              ->  Seq Scan on movie_info_idx mi_idx  (cost=0.00..21735.35 rows=1380035 width=4) (actual time=0.015..355.637 rows=1380035 loops=1)
              ->  Hash  (cost=73925.90..73925.90 rows=3437 width=4) (actual time=1056.371..1056.371 rows=3625 loops=1)
                    Buckets: 4096  Batches: 1  Memory Usage: 160kB
                    ->  Seq Scan on title t  (cost=0.00..73925.90 rows=3437 width=4) (actual time=0.102..1054.334 rows=3625 loops=1)
                          Filter: ((kind_id = 2) AND (production_year = 2005))
                          Rows Removed by Filter: 2524687
Planning time: 1.201 ms
Execution time: 3267.455 ms
