Seq Scan on movie_keyword mk  (cost=0.00..81003.12 rows=246 width=0) (actual time=605.419..1225.263 rows=11 loops=1)
  Filter: (keyword_id = 2691)
  Rows Removed by Filter: 4523919
Planning time: 0.351 ms
Execution time: 1225.344 ms
