Hash Join  (cost=190230.21..1168664.24 rows=5674877 width=0) (actual time=7635.758..27032.201 rows=9067799 loops=1)
  Hash Cond: (ci.movie_id = t.id)
  ->  Seq Scan on cast_info ci  (cost=0.00..796071.18 rows=10397620 width=4) (actual time=3504.682..16485.762 rows=7949264 loops=1)
        Filter: ((person_id > 633274) AND (role_id < 2))
        Rows Removed by Filter: 28295080
  ->  Hash  (cost=167588.78..167588.78 rows=1380035 width=8) (actual time=4130.234..4130.234 rows=1380035 loops=1)
        Buckets: 131072  Batches: 32  Memory Usage: 2708kB
        ->  Hash Join  (cost=102767.86..167588.78 rows=1380035 width=8) (actual time=1948.809..3788.079 rows=1380035 loops=1)
              Hash Cond: (mi_idx.movie_id = t.id)
              ->  Seq Scan on movie_info_idx mi_idx  (cost=0.00..21735.35 rows=1380035 width=4) (actual time=0.022..456.173 rows=1380035 loops=1)
              ->  Hash  (cost=61283.27..61283.27 rows=2528527 width=4) (actual time=1947.979..1947.979 rows=2528312 loops=1)
                    Buckets: 131072  Batches: 64  Memory Usage: 2415kB
                    ->  Seq Scan on title t  (cost=0.00..61283.27 rows=2528527 width=4) (actual time=0.022..1113.333 rows=2528312 loops=1)
Planning time: 1.881 ms
Execution time: 27944.521 ms
