Hash Join  (cost=129915.89..496802.28 rows=223046 width=0) (actual time=2958.772..10694.650 rows=111319 loops=1)
  Hash Cond: (mi.movie_id = t.id)
  ->  Seq Scan on movie_info mi  (cost=0.00..309384.22 rows=14739122 width=4) (actual time=0.007..4741.328 rows=14835720 loops=1)
  ->  Hash  (cost=129437.59..129437.59 rows=38264 width=8) (actual time=2626.402..2626.402 rows=13210 loops=1)
        Buckets: 65536  Batches: 1  Memory Usage: 1029kB
        ->  Hash Join  (cost=74389.43..129437.59 rows=38264 width=8) (actual time=1399.004..2620.811 rows=13210 loops=1)
              Hash Cond: (mc.movie_id = t.id)
              ->  Seq Scan on movie_companies mc  (cost=0.00..44881.29 rows=2609129 width=4) (actual time=0.015..709.265 rows=2609129 loops=1)
              ->  Hash  (cost=73925.90..73925.90 rows=37082 width=4) (actual time=1218.067..1218.067 rows=41935 loops=1)
                    Buckets: 65536  Batches: 1  Memory Usage: 1987kB
                    ->  Seq Scan on title t  (cost=0.00..73925.90 rows=37082 width=4) (actual time=0.033..1200.247 rows=41935 loops=1)
                          Filter: ((kind_id = 7) AND (production_year = 2002))
                          Rows Removed by Filter: 2486377
Planning time: 1.110 ms
Execution time: 10709.379 ms
