Seq Scan on title t  (cost=0.00..73925.90 rows=48386 width=0) (actual time=0.136..1174.701 rows=45023 loops=1)
  Filter: ((kind_id > 1) AND (production_year = 2013))
  Rows Removed by Filter: 2483289
Planning time: 0.389 ms
Execution time: 1182.402 ms
