Hash Join  (cost=163491.10..519064.63 rows=71666 width=0) (actual time=6990.726..9114.363 rows=46200 loops=1)
  Hash Cond: (mi.movie_id = t.id)
  ->  Seq Scan on movie_info mi  (cost=0.00..346232.03 rows=651960 width=4) (actual time=3731.140..5620.279 rows=660923 loops=1)
        Filter: (info_type_id = 18)
        Rows Removed by Filter: 14174797
  ->  Hash  (cost=158930.77..158930.77 rows=277946 width=8) (actual time=3217.554..3217.554 rows=78997 loops=1)
        Buckets: 131072  Batches: 4  Memory Usage: 1806kB
        ->  Hash Join  (cost=92883.59..158930.77 rows=277946 width=8) (actual time=1689.797..3197.808 rows=78997 loops=1)
              Hash Cond: (mc.movie_id = t.id)
              ->  Seq Scan on movie_companies mc  (cost=0.00..51404.11 rows=456122 width=4) (actual time=62.694..913.518 rows=459497 loops=1)
                    Filter: (company_id > 76636)
                    Rows Removed by Filter: 2149632
              ->  Hash  (cost=67604.59..67604.59 rows=1540800 width=4) (actual time=1625.752..1625.752 rows=1543264 loops=1)
                    Buckets: 131072  Batches: 32  Memory Usage: 2722kB
                    ->  Seq Scan on title t  (cost=0.00..67604.59 rows=1540800 width=4) (actual time=245.378..1156.636 rows=1543264 loops=1)
                          Filter: (kind_id = 7)
                          Rows Removed by Filter: 985048
Planning time: 1.184 ms
Execution time: 9119.688 ms
