Hash Join  (cost=181409.36..556816.47 rows=351798 width=0) (actual time=5996.111..10017.728 rows=726627 loops=1)
  Hash Cond: (mi.movie_id = t.id)
  ->  Seq Scan on movie_info mi  (cost=0.00..346232.03 rows=2073893 width=4) (actual time=2221.612..5113.714 rows=2091068 loops=1)
        Filter: (info_type_id < 3)
        Rows Removed by Filter: 12744652
  ->  Hash  (cost=174371.89..174371.89 rows=428918 width=8) (actual time=3687.678..3687.678 rows=433400 loops=1)
        Buckets: 131072  Batches: 8  Memory Usage: 3166kB
        ->  Hash Join  (cost=102767.86..174371.89 rows=428918 width=8) (actual time=2356.949..3568.402 rows=433400 loops=1)
              Hash Cond: (mc.movie_id = t.id)
              ->  Seq Scan on movie_companies mc  (cost=0.00..51404.11 rows=428918 width=4) (actual time=398.078..933.221 rows=433400 loops=1)
                    Filter: (company_id > 78843)
                    Rows Removed by Filter: 2175729
              ->  Hash  (cost=61283.27..61283.27 rows=2528527 width=4) (actual time=1957.944..1957.944 rows=2528312 loops=1)
                    Buckets: 131072  Batches: 64  Memory Usage: 2415kB
                    ->  Seq Scan on title t  (cost=0.00..61283.27 rows=2528527 width=4) (actual time=0.018..1134.871 rows=2528312 loops=1)
Planning time: 5.694 ms
Execution time: 10095.462 ms
