Hash Join  (cost=68191.41..470622.16 rows=265118 width=0) (actual time=1127.517..11326.763 rows=236990 loops=1)
  Hash Cond: (mi.movie_id = t.id)
  ->  Seq Scan on movie_info mi  (cost=0.00..346232.03 rows=14279346 width=4) (actual time=0.023..6730.184 rows=14292353 loops=1)
        Filter: (info_type_id < 102)
        Rows Removed by Filter: 543367
  ->  Hash  (cost=67604.59..67604.59 rows=46946 width=4) (actual time=1127.138..1127.138 rows=46583 loops=1)
        Buckets: 65536  Batches: 1  Memory Usage: 2150kB
        ->  Seq Scan on title t  (cost=0.00..67604.59 rows=46946 width=4) (actual time=0.025..1107.311 rows=46583 loops=1)
              Filter: (production_year = 1998)
              Rows Removed by Filter: 2481729
Planning time: 0.744 ms
Execution time: 11361.756 ms
