Hash Join  (cost=110728.45..866320.40 rows=236209 width=0) (actual time=7887.253..19850.397 rows=477855 loops=1)
  Hash Cond: (ci.movie_id = t.id)
  ->  Seq Scan on cast_info ci  (cost=0.00..705507.15 rows=12726058 width=4) (actual time=5860.537..14133.109 rows=12670688 loops=1)
        Filter: (role_id < 2)
        Rows Removed by Filter: 23573656
  ->  Hash  (cost=110141.80..110141.80 rows=46932 width=8) (actual time=2026.272..2026.272 rows=51090 loops=1)
        Buckets: 65536  Batches: 1  Memory Usage: 2508kB
        ->  Hash Join  (cost=78116.92..110141.80 rows=46932 width=8) (actual time=1282.828..2007.871 rows=51090 loops=1)
              Hash Cond: (mi_idx.movie_id = t.id)
              ->  Seq Scan on movie_info_idx mi_idx  (cost=0.00..25185.44 rows=464566 width=4) (actual time=0.016..466.345 rows=459925 loops=1)
                    Filter: (info_type_id = 101)
                    Rows Removed by Filter: 920110
              ->  Hash  (cost=73925.90..73925.90 rows=255441 width=4) (actual time=1281.935..1281.935 rows=226037 loops=1)
                    Buckets: 131072  Batches: 4  Memory Usage: 3015kB
                    ->  Seq Scan on title t  (cost=0.00..73925.90 rows=255441 width=4) (actual time=0.018..1209.398 rows=226037 loops=1)
                          Filter: ((kind_id < 6) AND (production_year > 2008))
                          Rows Removed by Filter: 2302275
Planning time: 1.149 ms
Execution time: 19914.667 ms
