Hash Join  (cost=459809.80..1547318.61 rows=5227963 width=0) (actual time=7910.319..36621.675 rows=1633817 loops=1)
  Hash Cond: (ci.movie_id = t.id)
  ->  Seq Scan on cast_info ci  (cost=0.00..614943.12 rows=36225612 width=4) (actual time=0.020..12897.498 rows=36244344 loops=1)
  ->  Hash  (cost=453822.44..453822.44 rows=364909 width=8) (actual time=7907.647..7907.647 rows=108141 loops=1)
        Buckets: 131072  Batches: 8  Memory Usage: 1557kB
        ->  Hash Join  (cost=83692.58..453822.44 rows=364909 width=8) (actual time=3759.050..7871.757 rows=108141 loops=1)
              Hash Cond: (mi.movie_id = t.id)
              ->  Seq Scan on movie_info mi  (cost=0.00..346232.03 rows=1550064 width=4) (actual time=2286.042..5368.576 rows=1533909 loops=1)
                    Filter: (info_type_id = 3)
                    Rows Removed by Filter: 13301811
              ->  Hash  (cost=73925.90..73925.90 rows=595254 width=4) (actual time=1472.005..1472.005 rows=471078 loops=1)
                    Buckets: 131072  Batches: 8  Memory Usage: 3093kB
                    ->  Seq Scan on title t  (cost=0.00..73925.90 rows=595254 width=4) (actual time=0.037..1313.936 rows=471078 loops=1)
                          Filter: ((kind_id > 1) AND (production_year < 1995))
                          Rows Removed by Filter: 2057234
Planning time: 3.703 ms
Execution time: 36831.763 ms
