Hash Join  (cost=218427.16..704968.35 rows=1710959 width=0) (actual time=6629.697..24894.478 rows=36572948 loops=1)
  Hash Cond: (mi.movie_id = t.id)
  ->  Seq Scan on movie_info mi  (cost=0.00..346232.03 rows=9476311 width=4) (actual time=754.640..6998.193 rows=9565151 loops=1)
        Filter: (info_type_id < 16)
        Rows Removed by Filter: 5270569
  ->  Hash  (cost=210936.55..210936.55 rows=456529 width=8) (actual time=5873.011..5873.011 rows=1465459 loops=1)
        Buckets: 131072 (originally 131072)  Batches: 32 (originally 8)  Memory Usage: 3073kB
        ->  Hash Join  (cost=78741.46..210936.55 rows=456529 width=8) (actual time=1355.750..5431.285 rows=1465459 loops=1)
              Hash Cond: (mk.movie_id = t.id)
              ->  Seq Scan on movie_keyword mk  (cost=0.00..81003.12 rows=3933247 width=4) (actual time=0.037..1756.351 rows=3933316 loops=1)
                    Filter: (keyword_id < 31112)
                    Rows Removed by Filter: 590614
              ->  Hash  (cost=73925.90..73925.90 rows=293484 width=4) (actual time=1354.850..1354.850 rows=411690 loops=1)
                    Buckets: 131072 (originally 131072)  Batches: 8 (originally 4)  Memory Usage: 3073kB
                    ->  Seq Scan on title t  (cost=0.00..73925.90 rows=293484 width=4) (actual time=0.037..1210.362 rows=411690 loops=1)
                          Filter: ((kind_id < 7) AND (production_year < 1993))
                          Rows Removed by Filter: 2116622
Planning time: 1.233 ms
Execution time: 28560.905 ms
