Hash Join  (cost=145416.44..577894.86 rows=227414 width=0) (actual time=4481.294..14454.889 rows=3376859 loops=1)
  Hash Cond: (mi.movie_id = t.id)
  ->  Seq Scan on movie_info mi  (cost=0.00..346232.03 rows=7235534 width=4) (actual time=1391.933..6795.944 rows=7286865 loops=1)
        Filter: (info_type_id < 8)
        Rows Removed by Filter: 7548855
  ->  Hash  (cost=144112.04..144112.04 rows=79472 width=8) (actual time=3054.618..3054.618 rows=290852 loops=1)
        Buckets: 131072 (originally 131072)  Batches: 4 (originally 2)  Memory Usage: 3907kB
        ->  Hash Join  (cost=76503.02..144112.04 rows=79472 width=8) (actual time=1574.970..2957.739 rows=290852 loops=1)
              Hash Cond: (mc.movie_id = t.id)
              ->  Seq Scan on movie_companies mc  (cost=0.00..51404.11 rows=1279517 width=4) (actual time=338.853..1058.209 rows=1274246 loops=1)
                    Filter: (company_type_id < 2)
                    Rows Removed by Filter: 1334883
              ->  Hash  (cost=73925.90..73925.90 rows=157049 width=4) (actual time=1235.008..1235.008 rows=258048 loops=1)
                    Buckets: 131072  Batches: 4  Memory Usage: 3295kB
                    ->  Seq Scan on title t  (cost=0.00..73925.90 rows=157049 width=4) (actual time=0.144..1144.658 rows=258048 loops=1)
                          Filter: ((kind_id < 7) AND (production_year < 1972))
                          Rows Removed by Filter: 2270264
Planning time: 1.244 ms
Execution time: 14856.405 ms
