Hash Join  (cost=77793.68..117693.81 rows=128665 width=0) (actual time=1150.260..2468.310 rows=45630 loops=1)
  Hash Cond: (mi_idx.movie_id = t.id)
  ->  Seq Scan on movie_info_idx mi_idx  (cost=0.00..21735.35 rows=1380035 width=4) (actual time=0.029..473.915 rows=1380035 loops=1)
  ->  Hash  (cost=73925.90..73925.90 rows=235742 width=4) (actual time=1149.017..1149.017 rows=129555 loops=1)
        Buckets: 131072  Batches: 4  Memory Usage: 2160kB
        ->  Seq Scan on title t  (cost=0.00..73925.90 rows=235742 width=4) (actual time=0.025..1105.083 rows=129555 loops=1)
              Filter: ((production_year < 1971) AND (kind_id = 7))
              Rows Removed by Filter: 2398757
Planning time: 0.812 ms
Execution time: 2473.422 ms
