Hash Join  (cost=88238.62..229256.85 rows=1560819 width=0) (actual time=1823.766..5597.774 rows=688251 loops=1)
  Hash Cond: (mk.movie_id = t.id)
  ->  Seq Scan on movie_keyword mk  (cost=0.00..69693.30 rows=4523930 width=4) (actual time=0.019..1458.860 rows=4523930 loops=1)
  ->  Hash  (cost=73925.90..73925.90 rows=872377 width=4) (actual time=1822.409..1822.409 rows=970133 loops=1)
        Buckets: 131072  Batches: 16  Memory Usage: 3172kB
        ->  Seq Scan on title t  (cost=0.00..73925.90 rows=872377 width=4) (actual time=0.051..1509.045 rows=970133 loops=1)
              Filter: ((kind_id > 3) AND (production_year > 2001))
              Rows Removed by Filter: 1558179
Planning time: 0.751 ms
Execution time: 5683.248 ms
