Seq Scan on movie_companies mc  (cost=0.00..51404.11 rows=104 width=0) (actual time=80.493..813.263 rows=140 loops=1)
  Filter: (company_id = 8245)
  Rows Removed by Filter: 2608989
Planning time: 0.355 ms
Execution time: 813.371 ms
