Seq Scan on movie_keyword mk  (cost=0.00..81003.12 rows=246 width=0) (actual time=11.531..1277.518 rows=55 loops=1)
  Filter: (keyword_id = 15309)
  Rows Removed by Filter: 4523875
Planning time: 0.360 ms
Execution time: 1277.649 ms
