Seq Scan on movie_keyword mk  (cost=0.00..81003.12 rows=246 width=0) (actual time=30.381..1292.076 rows=173 loops=1)
  Filter: (keyword_id = 1438)
  Rows Removed by Filter: 4523757
Planning time: 0.387 ms
Execution time: 1292.302 ms
