Hash Join  (cost=239821.59..755756.55 rows=4372938 width=0) (actual time=7478.309..39332.733 rows=90405642 loops=1)
  Hash Cond: (mi.movie_id = t.id)
  ->  Seq Scan on movie_info mi  (cost=0.00..346232.03 rows=9476311 width=4) (actual time=0.020..6752.018 rows=9565151 loops=1)
        Filter: (info_type_id < 16)
        Rows Removed by Filter: 5270569
  ->  Hash  (cost=220678.41..220678.41 rows=1166814 width=8) (actual time=7476.498..7476.498 rows=2657055 loops=1)
        Buckets: 131072 (originally 131072)  Batches: 64 (originally 16)  Memory Usage: 3073kB
        ->  Hash Join  (cost=80042.24..220678.41 rows=1166814 width=8) (actual time=1503.461..6683.226 rows=2657055 loops=1)
              Hash Cond: (mk.movie_id = t.id)
              ->  Seq Scan on movie_keyword mk  (cost=0.00..81003.12 rows=3891976 width=4) (actual time=0.014..1860.599 rows=3892142 loops=1)
                    Filter: (keyword_id > 493)
                    Rows Removed by Filter: 631788
              ->  Hash  (cost=67604.59..67604.59 rows=758052 width=4) (actual time=1502.566..1502.566 rows=753677 loops=1)
                    Buckets: 131072  Batches: 16  Memory Usage: 2686kB
                    ->  Seq Scan on title t  (cost=0.00..67604.59 rows=758052 width=4) (actual time=0.016..1245.433 rows=753677 loops=1)
                          Filter: (kind_id < 3)
                          Rows Removed by Filter: 1774635
Planning time: 0.958 ms
Execution time: 48976.832 ms
