Seq Scan on movie_keyword mk  (cost=0.00..81003.12 rows=3585376 width=0) (actual time=0.024..3931.273 rows=3575861 loops=1)
  Filter: (keyword_id < 20015)
  Rows Removed by Filter: 948069
Planning time: 0.312 ms
Execution time: 4505.622 ms
