Seq Scan on cast_info ci  (cost=0.00..705507.15 rows=18337300 width=0) (actual time=0.018..31701.903 rows=18232538 loops=1)
  Filter: (person_id < 1811015)
  Rows Removed by Filter: 18011806
Planning time: 1.533 ms
Execution time: 34453.969 ms
