Hash Join  (cost=133019.79..212854.07 rows=347076 width=0) (actual time=8124.022..12846.746 rows=363492 loops=1)
  Hash Cond: (mc.movie_id = t.id)
  ->  Seq Scan on movie_companies mc  (cost=0.00..44881.29 rows=2609129 width=4) (actual time=0.023..3501.032 rows=2609129 loops=1)
  ->  Hash  (cost=127501.36..127501.36 rows=336354 width=8) (actual time=7658.202..7658.202 rows=155637 loops=1)
        Buckets: 131072  Batches: 8  Memory Usage: 1778kB
        ->  Hash Join  (cost=84037.34..127501.36 rows=336354 width=8) (actual time=5921.836..7602.384 rows=155637 loops=1)
              Hash Cond: (mi_idx.movie_id = t.id)
              ->  Seq Scan on movie_info_idx mi_idx  (cost=0.00..21735.35 rows=1380035 width=4) (actual time=0.008..1602.241 rows=1380035 loops=1)
              ->  Hash  (cost=73925.90..73925.90 rows=616275 width=4) (actual time=5043.720..5043.720 rows=676927 loops=1)
                    Buckets: 131072  Batches: 16  Memory Usage: 2516kB
                    ->  Seq Scan on title t  (cost=0.00..73925.90 rows=616275 width=4) (actual time=0.028..4035.779 rows=676927 loops=1)
                          Filter: ((kind_id > 6) AND (production_year > 2005))
                          Rows Removed by Filter: 1851385
Planning time: 1.101 ms
Execution time: 12894.054 ms
