Seq Scan on movie_companies mc  (cost=0.00..57926.93 rows=396046 width=0) (actual time=243.006..2259.832 rows=717652 loops=1)
  Filter: ((company_id > 32339) AND (company_type_id = 2))
  Rows Removed by Filter: 1891477
Planning time: 0.343 ms
Execution time: 2363.671 ms
