Hash Join  (cost=101407.65..150924.68 rows=606208 width=0) (actual time=5866.630..9542.666 rows=497500 loops=1)
  Hash Cond: (mi_idx.movie_id = t.id)
  ->  Seq Scan on movie_info_idx mi_idx  (cost=0.00..25185.44 rows=915101 width=4) (actual time=0.022..1897.778 rows=919850 loops=1)
        Filter: (info_type_id < 101)
        Rows Removed by Filter: 460185
  ->  Hash  (cost=73925.90..73925.90 rows=1675020 width=4) (actual time=5865.848..5865.848 rows=1783803 loops=1)
        Buckets: 131072  Batches: 32  Memory Usage: 2989kB
        ->  Seq Scan on title t  (cost=0.00..73925.90 rows=1675020 width=4) (actual time=0.016..5022.019 rows=1783803 loops=1)
              Filter: ((kind_id > 1) AND (production_year > 1953))
              Rows Removed by Filter: 744509
Planning time: 0.715 ms
Execution time: 9616.191 ms
