Nested Loop  (cost=0.43..96941.54 rows=5374 width=0) (actual time=0.348..2349.628 rows=2411 loops=1)
  ->  Seq Scan on movie_companies mc  (cost=0.00..57926.93 rows=5374 width=4) (actual time=0.289..2222.454 rows=2411 loops=1)
        Filter: ((company_id = 11) AND (company_type_id = 1))
        Rows Removed by Filter: 2606718
  ->  Index Only Scan using title_pkey on title t  (cost=0.43..7.25 rows=1 width=4) (actual time=0.052..0.052 rows=1 loops=2411)
        Index Cond: (id = mc.movie_id)
        Heap Fetches: 2411
Planning time: 0.778 ms
Execution time: 2350.365 ms
