Hash Join  (cost=521607.22..682940.30 rows=2403639 width=0) (actual time=25174.655..35219.691 rows=7628611 loops=1)
  Hash Cond: (mk.movie_id = t.id)
  ->  Seq Scan on movie_keyword mk  (cost=0.00..81003.12 rows=3920913 width=4) (actual time=0.020..4979.280 rows=3916481 loops=1)
        Filter: (keyword_id < 30409)
        Rows Removed by Filter: 607449
  ->  Hash  (cost=496176.42..496176.42 rows=1550064 width=8) (actual time=25172.976..25172.976 rows=1533909 loops=1)
        Buckets: 131072  Batches: 32  Memory Usage: 2900kB
        ->  Hash Join  (cost=102767.86..496176.42 rows=1550064 width=8) (actual time=15532.514..24684.497 rows=1533909 loops=1)
              Hash Cond: (mi.movie_id = t.id)
              ->  Seq Scan on movie_info mi  (cost=0.00..346232.03 rows=1550064 width=4) (actual time=10065.527..16401.468 rows=1533909 loops=1)
                    Filter: (info_type_id = 3)
                    Rows Removed by Filter: 13301811
              ->  Hash  (cost=61283.27..61283.27 rows=2528527 width=4) (actual time=5465.939..5465.939 rows=2528312 loops=1)
                    Buckets: 131072  Batches: 64  Memory Usage: 2425kB
                    ->  Seq Scan on title t  (cost=0.00..61283.27 rows=2528527 width=4) (actual time=0.014..4313.162 rows=2528312 loops=1)
Planning time: 1.176 ms
Execution time: 36136.612 ms
