Seq Scan on title t  (cost=0.00..73925.90 rows=5474 width=0) (actual time=0.149..3699.842 rows=8012 loops=1)
  Filter: ((kind_id > 1) AND (production_year = 1960))
  Rows Removed by Filter: 2520300
Planning time: 7.791 ms
Execution time: 3702.150 ms
