Hash Join  (cost=100889.27..449433.63 rows=198 width=0) (actual time=18696.301..20994.119 rows=2510 loops=1)
  Hash Cond: (mi.movie_id = t.id)
  ->  Seq Scan on movie_info mi  (cost=0.00..346232.03 rows=616095 width=4) (actual time=12994.838..15346.690 rows=598457 loops=1)
        Filter: (info_type_id = 15)
        Rows Removed by Filter: 14237263
  ->  Hash  (cost=100879.10..100879.10 rows=814 width=8) (actual time=5548.509..5548.509 rows=1492 loops=1)
        Buckets: 2048 (originally 1024)  Batches: 1 (originally 1)  Memory Usage: 75kB
        ->  Hash Join  (cost=73982.55..100879.10 rows=814 width=8) (actual time=4231.751..5547.867 rows=1492 loops=1)
              Hash Cond: (mi_idx.movie_id = t.id)
              ->  Seq Scan on movie_info_idx mi_idx  (cost=0.00..25185.44 rows=454124 width=4) (actual time=0.032..1529.329 rows=459925 loops=1)
                    Filter: (info_type_id = 100)
                    Rows Removed by Filter: 920110
              ->  Hash  (cost=73925.90..73925.90 rows=4532 width=4) (actual time=3863.153..3863.153 rows=10614 loops=1)
                    Buckets: 16384 (originally 8192)  Batches: 1 (originally 1)  Memory Usage: 502kB
                    ->  Seq Scan on title t  (cost=0.00..73925.90 rows=4532 width=4) (actual time=0.038..3857.751 rows=10614 loops=1)
                          Filter: ((kind_id = 7) AND (production_year = 1985))
                          Rows Removed by Filter: 2517698
Planning time: 1.281 ms
Execution time: 20994.703 ms
