Hash Join  (cost=83891.93..127272.74 rows=331533 width=0) (actual time=1413.958..2793.149 rows=720537 loops=1)
  Hash Cond: (mi_idx.movie_id = t.id)
  ->  Seq Scan on movie_info_idx mi_idx  (cost=0.00..21735.35 rows=1380035 width=4) (actual time=0.023..458.935 rows=1380035 loops=1)
  ->  Hash  (cost=73925.90..73925.90 rows=607442 width=4) (actual time=1413.078..1413.078 rows=675690 loops=1)
        Buckets: 131072  Batches: 8  Memory Usage: 4012kB
        ->  Seq Scan on title t  (cost=0.00..73925.90 rows=607442 width=4) (actual time=0.015..1204.794 rows=675690 loops=1)
              Filter: ((kind_id < 7) AND (production_year < 2007))
              Rows Removed by Filter: 1852622
Planning time: 0.741 ms
Execution time: 2882.020 ms
