Hash Join  (cost=74391.93..157849.98 rows=9287 width=0) (actual time=1190.488..2631.517 rows=4685 loops=1)
  Hash Cond: (mk.movie_id = t.id)
  ->  Seq Scan on movie_keyword mk  (cost=0.00..81003.12 rows=629881 width=4) (actual time=0.026..1322.425 rows=631561 loops=1)
        Filter: (keyword_id > 29033)
        Rows Removed by Filter: 3892369
  ->  Hash  (cost=73925.90..73925.90 rows=37282 width=4) (actual time=1186.158..1186.158 rows=42986 loops=1)
        Buckets: 65536  Batches: 1  Memory Usage: 2024kB
        ->  Seq Scan on title t  (cost=0.00..73925.90 rows=37282 width=4) (actual time=0.019..1167.985 rows=42986 loops=1)
              Filter: ((kind_id > 1) AND (production_year = 1999))
              Rows Removed by Filter: 2485326
Planning time: 0.790 ms
Execution time: 2632.516 ms
