Seq Scan on movie_companies mc  (cost=0.00..51404.11 rows=1249623 width=0) (actual time=259.234..2503.052 rows=1263565 loops=1)
  Filter: (company_id > 11531)
  Rows Removed by Filter: 1345564
Planning time: 0.373 ms
Execution time: 2721.093 ms
