Seq Scan on title t  (cost=0.00..67604.59 rows=2230329 width=0) (actual time=0.015..4105.293 rows=2225335 loops=1)
  Filter: (production_year > 1958)
  Rows Removed by Filter: 302977
Planning time: 0.344 ms
Execution time: 4414.860 ms
