Hash Join  (cost=128829.60..923099.58 rows=63950 width=0) (actual time=12893.671..47162.356 rows=120481 loops=1)
  Hash Cond: (ci.movie_id = t.id)
  ->  Seq Scan on cast_info ci  (cost=0.00..705507.15 rows=23499554 width=4) (actual time=7065.860..35844.653 rows=23573656 loops=1)
        Filter: (role_id > 1)
        Rows Removed by Filter: 12670688
  ->  Hash  (cost=128743.59..128743.59 rows=6881 width=8) (actual time=5827.680..5827.680 rows=6707 loops=1)
        Buckets: 8192  Batches: 1  Memory Usage: 326kB
        ->  Hash Join  (cost=74009.26..128743.59 rows=6881 width=8) (actual time=2948.824..5824.144 rows=6707 loops=1)
              Hash Cond: (mc.movie_id = t.id)
              ->  Seq Scan on movie_companies mc  (cost=0.00..44881.29 rows=2609129 width=4) (actual time=0.023..2238.266 rows=2609129 loops=1)
              ->  Hash  (cost=73925.90..73925.90 rows=6668 width=4) (actual time=2948.671..2948.671 rows=3242 loops=1)
                    Buckets: 8192  Batches: 1  Memory Usage: 178kB
                    ->  Seq Scan on title t  (cost=0.00..73925.90 rows=6668 width=4) (actual time=735.530..2946.889 rows=3242 loops=1)
                          Filter: ((kind_id = 3) AND (production_year = 2012))
                          Rows Removed by Filter: 2525070
Planning time: 1.188 ms
Execution time: 47183.592 ms
