Seq Scan on movie_keyword mk  (cost=0.00..81003.12 rows=2198693 width=0) (actual time=0.008..4238.147 rows=2198393 loops=1)
  Filter: (keyword_id < 4392)
  Rows Removed by Filter: 2325537
Planning time: 0.353 ms
Execution time: 4540.527 ms
