Hash Join  (cost=159450.25..1258485.51 rows=6350007 width=0) (actual time=8242.756..75787.869 rows=13606118 loops=1)
  Hash Cond: (ci.movie_id = t.id)
  ->  Seq Scan on cast_info ci  (cost=0.00..614943.12 rows=36225612 width=4) (actual time=0.019..41923.148 rows=36244344 loops=1)
  ->  Hash  (cost=152177.91..152177.91 rows=443227 width=8) (actual time=8241.910..8241.910 rows=455810 loops=1)
        Buckets: 131072  Batches: 8  Memory Usage: 3256kB
        ->  Hash Join  (cost=107183.38..152177.91 rows=443227 width=8) (actual time=5785.879..8102.195 rows=455810 loops=1)
              Hash Cond: (mi_idx.movie_id = t.id)
              ->  Seq Scan on movie_info_idx mi_idx  (cost=0.00..25185.44 rows=464566 width=4) (actual time=0.017..1402.049 rows=459925 loops=1)
                    Filter: (info_type_id = 101)
                    Rows Removed by Filter: 920110
              ->  Hash  (cost=67604.59..67604.59 rows=2412383 width=4) (actual time=5785.026..5785.026 rows=2404496 loops=1)
                    Buckets: 131072  Batches: 32  Memory Usage: 3666kB
                    ->  Seq Scan on title t  (cost=0.00..67604.59 rows=2412383 width=4) (actual time=0.018..4789.065 rows=2404496 loops=1)
                          Filter: (production_year > 1913)
                          Rows Removed by Filter: 123816
Planning time: 11.734 ms
Execution time: 77538.012 ms
