Hash Join  (cost=191451.36..603790.11 rows=1901888 width=0) (actual time=13228.463..30615.830 rows=3809205 loops=1)
  Hash Cond: (mi.movie_id = t.id)
  ->  Seq Scan on movie_info mi  (cost=0.00..346232.03 rows=3623957 width=4) (actual time=3019.943..16164.412 rows=3624977 loops=1)
        Filter: (info_type_id < 4)
        Rows Removed by Filter: 11210743
  ->  Hash  (cost=169679.91..169679.91 rows=1326996 width=8) (actual time=10207.768..10207.768 rows=1369817 loops=1)
        Buckets: 131072  Batches: 32  Memory Usage: 2713kB
        ->  Hash Join  (cost=107494.42..169679.91 rows=1326996 width=8) (actual time=6335.890..9770.921 rows=1369817 loops=1)
              Hash Cond: (mi_idx.movie_id = t.id)
              ->  Seq Scan on movie_info_idx mi_idx  (cost=0.00..21735.35 rows=1380035 width=4) (actual time=0.015..1524.515 rows=1380035 loops=1)
              ->  Hash  (cost=67604.59..67604.59 rows=2431347 width=4) (actual time=6335.039..6335.039 rows=2427113 loops=1)
                    Buckets: 131072  Batches: 32  Memory Usage: 3691kB
                    ->  Seq Scan on title t  (cost=0.00..67604.59 rows=2431347 width=4) (actual time=0.022..4734.065 rows=2427113 loops=1)
                          Filter: (production_year > 1910)
                          Rows Removed by Filter: 101199
Planning time: 1.233 ms
Execution time: 31098.393 ms
