Hash Join  (cost=102767.86..1106123.76 rows=11967554 width=0) (actual time=4135.934..46943.114 rows=11885794 loops=1)
  Hash Cond: (ci.movie_id = t.id)
  ->  Seq Scan on cast_info ci  (cost=0.00..705507.15 rows=11967554 width=4) (actual time=0.035..28797.823 rows=11885794 loops=1)
        Filter: (person_id < 1168066)
        Rows Removed by Filter: 24358550
  ->  Hash  (cost=61283.27..61283.27 rows=2528527 width=4) (actual time=4134.934..4134.934 rows=2528312 loops=1)
        Buckets: 131072  Batches: 64  Memory Usage: 2415kB
        ->  Seq Scan on title t  (cost=0.00..61283.27 rows=2528527 width=4) (actual time=0.018..3112.563 rows=2528312 loops=1)
Planning time: 0.745 ms
Execution time: 48857.492 ms
