Hash Join  (cost=102767.86..196293.96 rows=1068872 width=0) (actual time=3826.653..9126.684 rows=946338 loops=1)
  Hash Cond: (mc.movie_id = t.id)
  ->  Seq Scan on movie_companies mc  (cost=0.00..57926.93 rows=1068872 width=4) (actual time=0.021..3664.580 rows=946338 loops=1)
        Filter: ((company_id > 305) AND (company_type_id < 2))
        Rows Removed by Filter: 1662791
  ->  Hash  (cost=61283.27..61283.27 rows=2528527 width=4) (actual time=3824.368..3824.368 rows=2528312 loops=1)
        Buckets: 131072  Batches: 64  Memory Usage: 2415kB
        ->  Seq Scan on title t  (cost=0.00..61283.27 rows=2528527 width=4) (actual time=0.020..2864.294 rows=2528312 loops=1)
Planning time: 0.725 ms
Execution time: 9243.577 ms
