Hash Join  (cost=189735.10..229368.32 rows=113073 width=0) (actual time=9952.717..11320.269 rows=71535 loops=1)
  Hash Cond: (mi_idx.movie_id = t.id)
  ->  Seq Scan on movie_info_idx mi_idx  (cost=0.00..21735.35 rows=1380035 width=4) (actual time=0.014..1302.512 rows=1380035 loops=1)
  ->  Hash  (cost=186335.40..186335.40 rows=207176 width=8) (actual time=9374.915..9374.915 rows=51174 loops=1)
        Buckets: 131072  Batches: 4  Memory Usage: 1537kB
        ->  Hash Join  (cost=92883.59..186335.40 rows=207176 width=8) (actual time=6608.075..9348.239 rows=51174 loops=1)
              Hash Cond: (mk.movie_id = t.id)
              ->  Seq Scan on movie_keyword mk  (cost=0.00..81003.12 rows=339985 width=4) (actual time=0.023..4079.333 rows=354824 loops=1)
                    Filter: (keyword_id < 317)
                    Rows Removed by Filter: 4169106
              ->  Hash  (cost=67604.59..67604.59 rows=1540800 width=4) (actual time=4601.790..4601.790 rows=1543264 loops=1)
                    Buckets: 131072  Batches: 32  Memory Usage: 2728kB
                    ->  Seq Scan on title t  (cost=0.00..67604.59 rows=1540800 width=4) (actual time=0.021..3916.723 rows=1543264 loops=1)
                          Filter: (kind_id = 7)
                          Rows Removed by Filter: 985048
Planning time: 1.157 ms
Execution time: 11330.124 ms
