Seq Scan on cast_info ci  (cost=0.00..796071.18 rows=224 width=42) (actual time=10758.561..16447.941 rows=1 loops=1)
  Filter: ((role_id > 2) AND (person_id = 3374181))
  Rows Removed by Filter: 36244343
Planning time: 0.432 ms
Execution time: 16447.988 ms
