Hash Join  (cost=77292.69..900762.63 rows=768316 width=0) (actual time=24795.691..46015.006 rows=134825 loops=1)
  Hash Cond: (ci.movie_id = t.id)
  ->  Seq Scan on cast_info ci  (cost=0.00..705507.15 rows=9468168 width=4) (actual time=20781.854..37569.651 rows=9384703 loops=1)
        Filter: (role_id > 4)
        Rows Removed by Filter: 26859641
  ->  Hash  (cost=73925.90..73925.90 rows=205183 width=4) (actual time=4010.814..4010.814 rows=86923 loops=1)
        Buckets: 131072  Batches: 4  Memory Usage: 1786kB
        ->  Seq Scan on title t  (cost=0.00..73925.90 rows=205183 width=4) (actual time=0.028..3977.874 rows=86923 loops=1)
              Filter: ((kind_id > 3) AND (production_year < 1966))
              Rows Removed by Filter: 2441389
Planning time: 0.768 ms
Execution time: 46040.119 ms
