Hash Join  (cost=108983.92..493065.72 rows=231361 width=0) (actual time=6211.335..28500.944 rows=482692 loops=1)
  Hash Cond: (mi.movie_id = t.id)
  ->  Seq Scan on movie_info mi  (cost=0.00..346232.03 rows=9476311 width=4) (actual time=0.022..19025.957 rows=9565151 loops=1)
        Filter: (info_type_id < 16)
        Rows Removed by Filter: 5270569
  ->  Hash  (cost=108212.26..108212.26 rows=61733 width=8) (actual time=6210.859..6210.859 rows=58024 loops=1)
        Buckets: 65536  Batches: 1  Memory Usage: 2779kB
        ->  Hash Join  (cost=69460.45..108212.26 rows=61733 width=8) (actual time=3990.433..6184.500 rows=58024 loops=1)
              Hash Cond: (mi_idx.movie_id = t.id)
              ->  Seq Scan on movie_info_idx mi_idx  (cost=0.00..21735.35 rows=1380035 width=4) (actual time=0.034..1512.912 rows=1380035 loops=1)
              ->  Hash  (cost=67604.59..67604.59 rows=113109 width=4) (actual time=3989.528..3989.528 rows=119565 loops=1)
                    Buckets: 131072  Batches: 2  Memory Usage: 3115kB
                    ->  Seq Scan on title t  (cost=0.00..67604.59 rows=113109 width=4) (actual time=0.017..3661.898 rows=119565 loops=1)
                          Filter: (production_year = 2007)
                          Rows Removed by Filter: 2408747
Planning time: 1.210 ms
Execution time: 28591.768 ms
