Seq Scan on movie_keyword mk  (cost=0.00..81003.12 rows=246 width=0) (actual time=174.005..3524.868 rows=38 loops=1)
  Filter: (keyword_id = 5359)
  Rows Removed by Filter: 4523892
Planning time: 0.336 ms
Execution time: 3524.975 ms
