Seq Scan on cast_info ci  (cost=0.00..705507.15 rows=20404323 width=0) (actual time=0.014..38633.138 rows=20310929 loops=1)
  Filter: (person_id < 2041079)
  Rows Removed by Filter: 15933415
Planning time: 24.369 ms
Execution time: 42070.384 ms
