Seq Scan on cast_info ci  (cost=0.00..796071.18 rows=2800379 width=0) (actual time=32656.843..40117.494 rows=3827995 loops=1)
  Filter: ((person_id > 1252743) AND (role_id = 10))
  Rows Removed by Filter: 32416349
Planning time: 0.414 ms
Execution time: 40683.024 ms
