Hash Join  (cost=85777.42..959976.32 rows=2027806 width=0) (actual time=8389.058..19120.127 rows=2173891 loops=1)
  Hash Cond: (ci.movie_id = t.id)
  ->  Seq Scan on cast_info ci  (cost=0.00..796071.18 rows=4628974 width=4) (actual time=6817.227..14280.057 rows=4614132 loops=1)
        Filter: ((person_id < 2334092) AND (role_id = 2))
        Rows Removed by Filter: 31630212
  ->  Hash  (cost=67604.59..67604.59 rows=1107667 width=4) (actual time=1570.869..1570.869 rows=1107925 loops=1)
        Buckets: 131072  Batches: 16  Memory Usage: 3460kB
        ->  Seq Scan on title t  (cost=0.00..67604.59 rows=1107667 width=4) (actual time=0.026..1206.170 rows=1107925 loops=1)
              Filter: (production_year > 2004)
              Rows Removed by Filter: 1420387
Planning time: 0.816 ms
Execution time: 19351.604 ms
