Hash Join  (cost=98033.59..1380049.53 rows=19091524 width=0) (actual time=5385.140..85826.546 rows=18626674 loops=1)
  Hash Cond: (ci.movie_id = t.id)
  ->  Seq Scan on cast_info ci  (cost=0.00..705507.15 rows=32852145 width=4) (actual time=0.012..51425.176 rows=32870763 loops=1)
        Filter: (person_id < 3442299)
        Rows Removed by Filter: 3373581
  ->  Hash  (cost=73925.90..73925.90 rows=1469415 width=4) (actual time=5383.798..5383.798 rows=1450465 loops=1)
        Buckets: 131072  Batches: 32  Memory Usage: 2617kB
        ->  Seq Scan on title t  (cost=0.00..73925.90 rows=1469415 width=4) (actual time=0.018..4643.479 rows=1450465 loops=1)
              Filter: ((kind_id > 4) AND (production_year < 2013))
              Rows Removed by Filter: 1077847
Planning time: 20.232 ms
Execution time: 88256.996 ms
