Hash Join  (cost=90745.35..488899.67 rows=1243956 width=0) (actual time=14219.224..25126.533 rows=1060573 loops=1)
  Hash Cond: (mi.movie_id = t.id)
  ->  Seq Scan on movie_info mi  (cost=0.00..346232.03 rows=3068194 width=4) (actual time=9097.913..17642.315 rows=3036719 loops=1)
        Filter: (info_type_id = 16)
        Rows Removed by Filter: 11799001
  ->  Hash  (cost=73925.90..73925.90 rows=1025156 width=4) (actual time=5119.958..5119.958 rows=970290 loops=1)
        Buckets: 131072  Batches: 16  Memory Usage: 3164kB
        ->  Seq Scan on title t  (cost=0.00..73925.90 rows=1025156 width=4) (actual time=0.039..4699.076 rows=970290 loops=1)
              Filter: ((kind_id > 4) AND (production_year < 2008))
              Rows Removed by Filter: 1558022
Planning time: 4.521 ms
Execution time: 25269.014 ms
