Seq Scan on title t  (cost=0.00..73925.90 rows=5474 width=0) (actual time=0.092..2831.540 rows=10313 loops=1)
  Filter: ((kind_id > 1) AND (production_year = 1980))
  Rows Removed by Filter: 2517999
Planning time: 7.358 ms
Execution time: 2834.274 ms
