Hash Join  (cost=102767.86..1209458.93 rows=12498332 width=0) (actual time=5129.972..61177.918 rows=13849337 loops=1)
  Hash Cond: (ci.movie_id = t.id)
  ->  Seq Scan on cast_info ci  (cost=0.00..796071.18 rows=12498332 width=4) (actual time=0.012..41071.552 rows=13849337 loops=1)
        Filter: ((person_id > 798810) AND (role_id > 2))
        Rows Removed by Filter: 22395007
  ->  Hash  (cost=61283.27..61283.27 rows=2528527 width=4) (actual time=5128.680..5128.680 rows=2528312 loops=1)
        Buckets: 131072  Batches: 64  Memory Usage: 2415kB
        ->  Seq Scan on title t  (cost=0.00..61283.27 rows=2528527 width=4) (actual time=0.009..3808.572 rows=2528312 loops=1)
Planning time: 0.702 ms
Execution time: 62817.385 ms
