Hash Join  (cost=93360.65..142146.20 rows=646506 width=0) (actual time=4961.320..7489.459 rows=499419 loops=1)
  Hash Cond: (mi_idx.movie_id = t.id)
  ->  Seq Scan on movie_info_idx mi_idx  (cost=0.00..21735.35 rows=1380035 width=4) (actual time=0.022..1394.994 rows=1380035 loops=1)
  ->  Hash  (cost=73925.90..73925.90 rows=1184540 width=4) (actual time=4959.802..4959.802 rows=1297979 loops=1)
        Buckets: 131072  Batches: 16  Memory Usage: 3882kB
        ->  Seq Scan on title t  (cost=0.00..73925.90 rows=1184540 width=4) (actual time=0.025..4416.668 rows=1297979 loops=1)
              Filter: ((kind_id > 1) AND (production_year > 1995))
              Rows Removed by Filter: 1230333
Planning time: 0.697 ms
Execution time: 7551.631 ms
