Hash Join  (cost=175027.18..913085.91 rows=692648 width=0) (actual time=13978.540..43643.519 rows=1436523 loops=1)
  Hash Cond: (ci.movie_id = t.id)
  ->  Seq Scan on cast_info ci  (cost=0.00..705507.15 rows=1905626 width=4) (actual time=5817.882..33771.451 rows=1846518 loops=1)
        Filter: (person_id < 182156)
        Rows Removed by Filter: 34397826
  ->  Hash  (cost=159947.97..159947.97 rows=919057 width=8) (actual time=8107.080..8107.080 rows=920110 loops=1)
        Buckets: 131072  Batches: 16  Memory Usage: 3269kB
        ->  Hash Join  (cost=102767.86..159947.97 rows=919057 width=8) (actual time=5216.203..7848.937 rows=920110 loops=1)
              Hash Cond: (mi_idx.movie_id = t.id)
              ->  Seq Scan on movie_info_idx mi_idx  (cost=0.00..25185.44 rows=919057 width=4) (actual time=0.035..1396.755 rows=920110 loops=1)
                    Filter: (info_type_id > 99)
                    Rows Removed by Filter: 459925
              ->  Hash  (cost=61283.27..61283.27 rows=2528527 width=4) (actual time=5215.016..5215.016 rows=2528312 loops=1)
                    Buckets: 131072  Batches: 64  Memory Usage: 2415kB
                    ->  Seq Scan on title t  (cost=0.00..61283.27 rows=2528527 width=4) (actual time=0.021..3956.997 rows=2528312 loops=1)
Planning time: 4.837 ms
Execution time: 43807.587 ms
