Seq Scan on movie_companies mc  (cost=0.00..57926.93 rows=585522 width=0) (actual time=0.012..988.468 rows=794079 loops=1)
  Filter: ((company_id < 10486) AND (company_type_id < 2))
  Rows Removed by Filter: 1815050
Planning time: 0.359 ms
Execution time: 1089.432 ms
