Seq Scan on movie_companies mc  (cost=0.00..57926.93 rows=982659 width=0) (actual time=995.606..2015.272 rows=678696 loops=1)
  Filter: ((company_id < 47618) AND (company_type_id = 2))
  Rows Removed by Filter: 1930433
Planning time: 0.410 ms
Execution time: 2101.624 ms
