Hash Join  (cost=94574.69..607270.22 rows=4861416 width=0) (actual time=5253.595..32351.637 rows=2667925 loops=1)
  Hash Cond: (mi.movie_id = t.id)
  ->  Seq Scan on movie_info mi  (cost=0.00..346232.03 rows=9767026 width=4) (actual time=0.012..20993.845 rows=9911754 loops=1)
        Filter: (info_type_id > 4)
        Rows Removed by Filter: 4923966
  ->  Hash  (cost=73925.90..73925.90 rows=1258543 width=4) (actual time=4750.557..4750.557 rows=1221534 loops=1)
        Buckets: 131072  Batches: 32  Memory Usage: 2369kB
        ->  Seq Scan on title t  (cost=0.00..73925.90 rows=1258543 width=4) (actual time=184.756..4251.288 rows=1221534 loops=1)
              Filter: ((production_year < 2011) AND (kind_id = 7))
              Rows Removed by Filter: 1306778
Planning time: 0.766 ms
Execution time: 32683.174 ms
