Hash Join  (cost=106840.27..196083.71 rows=1210174 width=0) (actual time=5366.840..9735.261 rows=1252456 loops=1)
  Hash Cond: (mc.movie_id = t.id)
  ->  Seq Scan on movie_companies mc  (cost=0.00..51404.11 rows=1279517 width=4) (actual time=0.021..2876.577 rows=1274246 loops=1)
        Filter: (company_type_id < 2)
        Rows Removed by Filter: 1334883
  ->  Hash  (cost=67604.59..67604.59 rows=2391495 width=4) (actual time=5365.365..5365.365 rows=2388876 loops=1)
        Buckets: 131072  Batches: 32  Memory Usage: 3646kB
        ->  Seq Scan on title t  (cost=0.00..67604.59 rows=2391495 width=4) (actual time=0.019..4378.614 rows=2388876 loops=1)
              Filter: (production_year < 2013)
              Rows Removed by Filter: 139436
Planning time: 0.951 ms
Execution time: 9870.654 ms
