Hash Join  (cost=85855.67..224021.28 rows=1081885 width=0) (actual time=6358.586..12169.696 rows=284005 loops=1)
  Hash Cond: (mk.movie_id = t.id)
  ->  Seq Scan on movie_keyword mk  (cost=0.00..81003.12 rows=3762303 width=4) (actual time=0.016..5006.342 rows=3762305 loops=1)
        Filter: (keyword_id > 714)
        Rows Removed by Filter: 761625
  ->  Hash  (cost=73925.90..73925.90 rows=727101 width=4) (actual time=4145.493..4145.493 rows=796159 loops=1)
        Buckets: 131072  Batches: 16  Memory Usage: 2786kB
        ->  Seq Scan on title t  (cost=0.00..73925.90 rows=727101 width=4) (actual time=0.020..3790.898 rows=796159 loops=1)
              Filter: ((production_year > 2003) AND (kind_id = 7))
              Rows Removed by Filter: 1732153
Planning time: 0.936 ms
Execution time: 12214.404 ms
