Hash Join  (cost=74210.29..440192.41 rows=132619 width=0) (actual time=3575.672..24583.703 rows=231534 loops=1)
  Hash Cond: (mi.movie_id = t.id)
  ->  Seq Scan on movie_info mi  (cost=0.00..309384.22 rows=14739122 width=4) (actual time=0.009..16125.706 rows=14835720 loops=1)
  ->  Hash  (cost=73925.90..73925.90 rows=22751 width=4) (actual time=3575.080..3575.080 rows=18892 loops=1)
        Buckets: 32768  Batches: 1  Memory Usage: 921kB
        ->  Seq Scan on title t  (cost=0.00..73925.90 rows=22751 width=4) (actual time=0.129..3566.268 rows=18892 loops=1)
              Filter: ((kind_id < 7) AND (production_year = 2001))
              Rows Removed by Filter: 2509420
Planning time: 4.759 ms
Execution time: 24635.920 ms
