Seq Scan on movie_keyword mk  (cost=0.00..81003.12 rows=3453529 width=0) (actual time=0.018..4841.984 rows=3441852 loops=1)
  Filter: (keyword_id < 16362)
  Rows Removed by Filter: 1082078
Planning time: 0.320 ms
Execution time: 5399.049 ms
