Seq Scan on cast_info ci  (cost=0.00..796071.18 rows=515859 width=0) (actual time=17.007..33494.846 rows=690961 loops=1)
  Filter: ((person_id > 1502455) AND (role_id = 5))
  Rows Removed by Filter: 35553383
Planning time: 0.403 ms
Execution time: 33589.665 ms
