Seq Scan on movie_companies mc  (cost=0.00..57926.93 rows=593368 width=0) (actual time=292.027..1179.255 rows=378010 loops=1)
  Filter: ((company_id < 9432) AND (company_type_id > 1))
  Rows Removed by Filter: 2231119
Planning time: 0.321 ms
Execution time: 1226.657 ms
