Seq Scan on cast_info ci  (cost=0.00..705507.15 rows=3366913 width=0) (actual time=0.019..31540.563 rows=3254011 loops=1)
  Filter: (person_id < 314101)
  Rows Removed by Filter: 32990333
Planning time: 0.368 ms
Execution time: 32021.445 ms
