Hash Join  (cost=195711.91..1320933.07 rows=8899099 width=0) (actual time=9898.203..85057.759 rows=10437501 loops=1)
  Hash Cond: (ci.movie_id = t.id)
  ->  Seq Scan on cast_info ci  (cost=0.00..614943.12 rows=36225612 width=4) (actual time=0.017..47211.901 rows=36244344 loops=1)
  ->  Hash  (cost=185520.51..185520.51 rows=621152 width=8) (actual time=9897.400..9897.400 rows=399296 loops=1)
        Buckets: 131072  Batches: 16  Memory Usage: 1992kB
        ->  Hash Join  (cost=102767.86..185520.51 rows=621152 width=8) (actual time=6451.098..9755.187 rows=399296 loops=1)
              Hash Cond: (mc.movie_id = t.id)
              ->  Seq Scan on movie_companies mc  (cost=0.00..57926.93 rows=621152 width=4) (actual time=770.166..2953.507 rows=399296 loops=1)
                    Filter: ((company_id < 11137) AND (company_type_id = 2))
                    Rows Removed by Filter: 2209833
              ->  Hash  (cost=61283.27..61283.27 rows=2528527 width=4) (actual time=5679.647..5679.647 rows=2528312 loops=1)
                    Buckets: 131072  Batches: 64  Memory Usage: 2415kB
                    ->  Seq Scan on title t  (cost=0.00..61283.27 rows=2528527 width=4) (actual time=0.017..4579.780 rows=2528312 loops=1)
Planning time: 1.101 ms
Execution time: 86488.388 ms
