Hash Join  (cost=175252.07..1366881.45 rows=15363724 width=0) (actual time=9778.641..88914.119 rows=33469386 loops=1)
  Hash Cond: (ci.movie_id = t.id)
  ->  Seq Scan on cast_info ci  (cost=0.00..614943.12 rows=36225612 width=4) (actual time=0.017..45974.587 rows=36244344 loops=1)
  ->  Hash  (cost=157658.33..157658.33 rows=1072379 width=8) (actual time=9777.904..9777.904 rows=1072836 loops=1)
        Buckets: 131072  Batches: 16  Memory Usage: 3653kB
        ->  Hash Join  (cost=99841.01..157658.33 rows=1072379 width=8) (actual time=6299.598..9451.770 rows=1072836 loops=1)
              Hash Cond: (mi_idx.movie_id = t.id)
              ->  Seq Scan on movie_info_idx mi_idx  (cost=0.00..21735.35 rows=1380035 width=4) (actual time=0.019..1660.849 rows=1380035 loops=1)
              ->  Hash  (cost=67604.59..67604.59 rows=1964834 width=4) (actual time=6298.295..6298.295 rows=1962189 loops=1)
                    Buckets: 131072  Batches: 32  Memory Usage: 3187kB
                    ->  Seq Scan on title t  (cost=0.00..67604.59 rows=1964834 width=4) (actual time=0.024..4804.711 rows=1962189 loops=1)
                          Filter: (production_year > 1978)
                          Rows Removed by Filter: 566123
Planning time: 1.546 ms
Execution time: 93124.138 ms
