Seq Scan on cast_info ci  (cost=0.00..796071.18 rows=2620322 width=0) (actual time=4658.840..12229.867 rows=5328045 loops=1)
  Filter: ((person_id < 714986) AND (role_id = 1))
  Rows Removed by Filter: 30916299
Planning time: 0.439 ms
Execution time: 12896.039 ms
