Hash Join  (cost=73963.69..160675.82 rows=5409 width=0) (actual time=993.278..2762.574 rows=2466 loops=1)
  Hash Cond: (mk.movie_id = t.id)
  ->  Seq Scan on movie_keyword mk  (cost=0.00..69693.30 rows=4523930 width=4) (actual time=0.016..992.014 rows=4523930 loops=1)
  ->  Hash  (cost=73925.90..73925.90 rows=3023 width=4) (actual time=992.479..992.479 rows=1148 loops=1)
        Buckets: 4096  Batches: 1  Memory Usage: 73kB
        ->  Seq Scan on title t  (cost=0.00..73925.90 rows=3023 width=4) (actual time=529.664..991.804 rows=1148 loops=1)
              Filter: ((production_year > 2012) AND (kind_id = 4))
              Rows Removed by Filter: 2527164
Planning time: 0.734 ms
Execution time: 2763.147 ms
