Hash Join  (cost=70241.71..895990.88 rows=151377 width=0) (actual time=20064.481..41516.287 rows=93287 loops=1)
  Hash Cond: (ci.movie_id = t.id)
  ->  Seq Scan on cast_info ci  (cost=0.00..796071.18 rows=2381392 width=4) (actual time=16563.309..37200.030 rows=1529896 loops=1)
        Filter: ((person_id > 2500502) AND (role_id = 2))
        Rows Removed by Filter: 34714448
  ->  Hash  (cost=67604.59..67604.59 rows=160730 width=4) (actual time=3500.232..3500.232 rows=160017 loops=1)
        Buckets: 131072  Batches: 4  Memory Usage: 2436kB
        ->  Seq Scan on title t  (cost=0.00..67604.59 rows=160730 width=4) (actual time=0.023..3422.683 rows=160017 loops=1)
              Filter: (production_year = 2011)
              Rows Removed by Filter: 2368295
Planning time: 0.786 ms
Execution time: 41530.027 ms
