Seq Scan on movie_keyword mk  (cost=0.00..81003.12 rows=246 width=0) (actual time=12.708..3454.876 rows=139 loops=1)
  Filter: (keyword_id = 5802)
  Rows Removed by Filter: 4523791
Planning time: 0.362 ms
Execution time: 3455.078 ms
