Hash Join  (cost=78556.72..204567.69 rows=788110 width=0) (actual time=1314.912..4750.275 rows=1921701 loops=1)
  Hash Cond: (mk.movie_id = t.id)
  ->  Seq Scan on movie_keyword mk  (cost=0.00..81003.12 rows=2985265 width=4) (actual time=0.020..1617.651 rows=2970038 loops=1)
        Filter: (keyword_id < 10149)
        Rows Removed by Filter: 1553892
  ->  Hash  (cost=67604.59..67604.59 rows=667531 width=4) (actual time=1313.854..1313.854 rows=662825 loops=1)
        Buckets: 131072  Batches: 16  Memory Usage: 2486kB
        ->  Seq Scan on title t  (cost=0.00..67604.59 rows=667531 width=4) (actual time=346.416..1093.867 rows=662825 loops=1)
              Filter: (kind_id = 1)
              Rows Removed by Filter: 1865487
Planning time: 0.818 ms
Execution time: 4963.057 ms
