Hash Join  (cost=124136.56..211759.34 rows=96475 width=0) (actual time=7245.391..12610.238 rows=861943 loops=1)
  Hash Cond: (mk.movie_id = t.id)
  ->  Seq Scan on movie_keyword mk  (cost=0.00..69693.30 rows=4523930 width=4) (actual time=7.527..4018.847 rows=4523930 loops=1)
  ->  Hash  (cost=123462.53..123462.53 rows=53922 width=8) (actual time=7237.282..7237.282 rows=46894 loops=1)
        Buckets: 65536  Batches: 1  Memory Usage: 2344kB
        ->  Hash Join  (cost=68257.79..123462.53 rows=53922 width=8) (actual time=3426.253..7211.292 rows=46894 loops=1)
              Hash Cond: (mc.movie_id = t.id)
              ->  Seq Scan on movie_companies mc  (cost=0.00..44881.29 rows=2609129 width=4) (actual time=0.023..2766.102 rows=2609129 loops=1)
              ->  Hash  (cost=67604.59..67604.59 rows=52256 width=4) (actual time=3425.801..3425.801 rows=53013 loops=1)
                    Buckets: 65536  Batches: 1  Memory Usage: 2376kB
                    ->  Seq Scan on title t  (cost=0.00..67604.59 rows=52256 width=4) (actual time=0.020..3401.921 rows=53013 loops=1)
                          Filter: (production_year = 2000)
                          Rows Removed by Filter: 2475299
Planning time: 10.700 ms
Execution time: 12733.916 ms
