Hash Join  (cost=73994.33..100933.34 rows=1007 width=0) (actual time=4017.408..5615.478 rows=1853 loops=1)
  Hash Cond: (mi_idx.movie_id = t.id)
  ->  Seq Scan on movie_info_idx mi_idx  (cost=0.00..25185.44 rows=464934 width=4) (actual time=0.021..1466.808 rows=460185 loops=1)
        Filter: (info_type_id > 100)
        Rows Removed by Filter: 919850
  ->  Hash  (cost=73925.90..73925.90 rows=5474 width=4) (actual time=4010.376..4010.376 rows=10548 loops=1)
        Buckets: 16384 (originally 8192)  Batches: 1 (originally 1)  Memory Usage: 499kB
        ->  Seq Scan on title t  (cost=0.00..73925.90 rows=5474 width=4) (actual time=0.022..4004.560 rows=10548 loops=1)
              Filter: ((kind_id > 1) AND (production_year = 1967))
              Rows Removed by Filter: 2517764
Planning time: 0.968 ms
Execution time: 5616.037 ms
