Hash Join  (cost=878122.82..965046.07 rows=26522 width=0) (actual time=13588.678..15457.363 rows=42889 loops=1)
  Hash Cond: (mk.movie_id = t.id)
  ->  Seq Scan on movie_keyword mk  (cost=0.00..69693.30 rows=4523930 width=4) (actual time=0.018..1020.748 rows=4523930 loops=1)
  ->  Hash  (cost=877937.52..877937.52 rows=14824 width=8) (actual time=13584.964..13584.964 rows=6030 loops=1)
        Buckets: 16384  Batches: 1  Memory Usage: 364kB
        ->  Hash Join  (cost=78473.92..877937.52 rows=14824 width=8) (actual time=8287.207..13582.661 rows=6030 loops=1)
              Hash Cond: (ci.movie_id = t.id)
              ->  Seq Scan on cast_info ci  (cost=0.00..796071.18 rows=56579 width=4) (actual time=6706.581..11899.059 rows=23093 loops=1)
                    Filter: ((person_id < 559241) AND (role_id = 11))
                    Rows Removed by Filter: 36221251
              ->  Hash  (cost=67604.59..67604.59 rows=662507 width=4) (actual time=1579.711..1579.711 rows=662065 loops=1)
                    Buckets: 131072  Batches: 16  Memory Usage: 2481kB
                    ->  Seq Scan on title t  (cost=0.00..67604.59 rows=662507 width=4) (actual time=0.027..1357.670 rows=662065 loops=1)
                          Filter: (production_year > 2008)
                          Rows Removed by Filter: 1866247
Planning time: 1.130 ms
Execution time: 15463.338 ms
