Hash Join  (cost=206297.83..1325796.73 rows=3934074 width=0) (actual time=4267.357..35370.867 rows=13756101 loops=1)
  Hash Cond: (ci.movie_id = t.id)
  ->  Seq Scan on cast_info ci  (cost=0.00..614943.12 rows=36225612 width=4) (actual time=0.013..13296.135 rows=36244344 loops=1)
  ->  Hash  (cost=201792.38..201792.38 rows=274596 width=8) (actual time=4266.113..4266.113 rows=215166 loops=1)
        Buckets: 131072  Batches: 4  Memory Usage: 3128kB
        ->  Hash Join  (cost=76444.38..201792.38 rows=274596 width=8) (actual time=1197.175..4201.592 rows=215166 loops=1)
              Hash Cond: (mk.movie_id = t.id)
              ->  Seq Scan on movie_keyword mk  (cost=0.00..69693.30 rows=4523930 width=4) (actual time=0.025..1305.147 rows=4523930 loops=1)
              ->  Hash  (cost=73925.90..73925.90 rows=153478 width=4) (actual time=1196.299..1196.299 rows=134760 loops=1)
                    Buckets: 131072  Batches: 4  Memory Usage: 2222kB
                    ->  Seq Scan on title t  (cost=0.00..73925.90 rows=153478 width=4) (actual time=0.027..1148.819 rows=134760 loops=1)
                          Filter: ((kind_id < 7) AND (production_year > 2010))
                          Rows Removed by Filter: 2393552
Planning time: 1.136 ms
Execution time: 36853.651 ms
