Hash Join  (cost=182695.49..917004.04 rows=143296 width=0) (actual time=3301.803..17850.193 rows=325347 loops=1)
  Hash Cond: (ci.movie_id = t.id)
  ->  Seq Scan on cast_info ci  (cost=0.00..705507.15 rows=7298253 width=4) (actual time=0.024..12519.114 rows=7451973 loops=1)
        Filter: (role_id = 2)
        Rows Removed by Filter: 28792371
  ->  Hash  (cost=182074.91..182074.91 rows=49646 width=8) (actual time=3301.392..3301.392 rows=45379 loops=1)
        Buckets: 65536  Batches: 1  Memory Usage: 2285kB
        ->  Hash Join  (cost=93408.25..182074.91 rows=49646 width=8) (actual time=1703.867..3284.813 rows=45379 loops=1)
              Hash Cond: (mk.movie_id = t.id)
              ->  Seq Scan on movie_keyword mk  (cost=0.00..81003.12 rows=79815 width=4) (actual time=0.071..1226.981 rows=84961 loops=1)
                    Filter: (keyword_id < 73)
                    Rows Removed by Filter: 4438969
              ->  Hash  (cost=67604.59..67604.59 rows=1572773 width=4) (actual time=1702.336..1702.336 rows=1570568 loops=1)
                    Buckets: 131072  Batches: 32  Memory Usage: 2759kB
                    ->  Seq Scan on title t  (cost=0.00..67604.59 rows=1572773 width=4) (actual time=0.027..1176.056 rows=1570568 loops=1)
                          Filter: (production_year > 1996)
                          Rows Removed by Filter: 957744
Planning time: 1.182 ms
Execution time: 17893.748 ms
