Hash Join  (cost=74124.64..439707.34 rows=92677 width=0) (actual time=1152.468..8872.341 rows=61721 loops=1)
  Hash Cond: (mi.movie_id = t.id)
  ->  Seq Scan on movie_info mi  (cost=0.00..309384.22 rows=14739122 width=4) (actual time=0.014..4518.631 rows=14835720 loops=1)
  ->  Hash  (cost=73925.90..73925.90 rows=15899 width=4) (actual time=1152.226..1152.226 rows=8276 loops=1)
        Buckets: 16384  Batches: 1  Memory Usage: 419kB
        ->  Seq Scan on title t  (cost=0.00..73925.90 rows=15899 width=4) (actual time=265.609..1148.731 rows=8276 loops=1)
              Filter: ((production_year > 2010) AND (kind_id = 3))
              Rows Removed by Filter: 2520036
Planning time: 10.843 ms
Execution time: 8883.735 ms
