Hash Join  (cost=67697.55..432786.99 rows=43351 width=0) (actual time=1028.574..9012.825 rows=77396 loops=1)
  Hash Cond: (mi.movie_id = t.id)
  ->  Seq Scan on movie_info mi  (cost=0.00..309384.22 rows=14739122 width=4) (actual time=0.023..4683.180 rows=14835720 loops=1)
  ->  Hash  (cost=67604.59..67604.59 rows=7437 width=4) (actual time=1028.381..1028.381 rows=9768 loops=1)
        Buckets: 16384 (originally 8192)  Batches: 1 (originally 1)  Memory Usage: 472kB
        ->  Seq Scan on title t  (cost=0.00..67604.59 rows=7437 width=4) (actual time=0.086..1023.388 rows=9768 loops=1)
              Filter: (production_year = 1958)
              Rows Removed by Filter: 2518544
Planning time: 0.787 ms
Execution time: 9026.013 ms
