Hash Join  (cost=126046.01..203993.18 rows=210165 width=0) (actual time=2646.273..4652.906 rows=483798 loops=1)
  Hash Cond: (mc.movie_id = t.id)
  ->  Seq Scan on movie_companies mc  (cost=0.00..44881.29 rows=2609129 width=4) (actual time=0.011..857.914 rows=2609129 loops=1)
  ->  Hash  (cost=122704.10..122704.10 rows=203673 width=8) (actual time=2645.515..2645.515 rows=162905 loops=1)
        Buckets: 131072  Batches: 4  Memory Usage: 2610kB
        ->  Hash Join  (cost=85777.42..122704.10 rows=203673 width=8) (actual time=1622.414..2598.843 rows=162905 loops=1)
              Hash Cond: (mi_idx.movie_id = t.id)
              ->  Seq Scan on movie_info_idx mi_idx  (cost=0.00..25185.44 rows=464934 width=4) (actual time=0.017..487.329 rows=460185 loops=1)
                    Filter: (info_type_id > 100)
                    Rows Removed by Filter: 919850
              ->  Hash  (cost=67604.59..67604.59 rows=1107667 width=4) (actual time=1621.255..1621.255 rows=1107925 loops=1)
                    Buckets: 131072  Batches: 16  Memory Usage: 3460kB
                    ->  Seq Scan on title t  (cost=0.00..67604.59 rows=1107667 width=4) (actual time=0.015..1270.620 rows=1107925 loops=1)
                          Filter: (production_year > 2004)
                          Rows Removed by Filter: 1420387
Planning time: 1.204 ms
Execution time: 4710.122 ms
