Seq Scan on movie_keyword mk  (cost=0.00..81003.12 rows=553726 width=0) (actual time=0.018..1340.087 rows=553955 loops=1)
  Filter: (keyword_id < 397)
  Rows Removed by Filter: 3969975
Planning time: 0.374 ms
Execution time: 1416.898 ms
