Seq Scan on cast_info ci  (cost=0.00..796071.18 rows=13249559 width=0) (actual time=0.021..14224.509 rows=11045346 loops=1)
  Filter: ((person_id > 1804689) AND (role_id < 5))
  Rows Removed by Filter: 25198998
Planning time: 0.377 ms
Execution time: 15586.031 ms
