Hash Join  (cost=128478.61..258474.50 rows=527087 width=0) (actual time=3049.996..7806.240 rows=6254517 loops=1)
  Hash Cond: (mk.movie_id = t.id)
  ->  Seq Scan on movie_keyword mk  (cost=0.00..81003.12 rows=3658105 width=4) (actual time=0.016..1812.552 rows=3657295 loops=1)
        Filter: (keyword_id > 824)
        Rows Removed by Filter: 866635
  ->  Hash  (cost=122500.50..122500.50 rows=364329 width=8) (actual time=3049.288..3049.288 rows=629900 loops=1)
        Buckets: 131072 (originally 131072)  Batches: 16 (originally 8)  Memory Usage: 3073kB
        ->  Hash Join  (cost=78556.72..122500.50 rows=364329 width=8) (actual time=1516.859..2834.331 rows=629900 loops=1)
              Hash Cond: (mi_idx.movie_id = t.id)
              ->  Seq Scan on movie_info_idx mi_idx  (cost=0.00..21735.35 rows=1380035 width=4) (actual time=0.027..397.744 rows=1380035 loops=1)
              ->  Hash  (cost=67604.59..67604.59 rows=667531 width=4) (actual time=1382.830..1382.830 rows=662825 loops=1)
                    Buckets: 131072  Batches: 16  Memory Usage: 2476kB
                    ->  Seq Scan on title t  (cost=0.00..67604.59 rows=667531 width=4) (actual time=91.084..1163.257 rows=662825 loops=1)
                          Filter: (kind_id < 2)
                          Rows Removed by Filter: 1865487
Planning time: 5.741 ms
Execution time: 8486.639 ms
