Seq Scan on movie_keyword mk  (cost=0.00..81003.12 rows=246 width=0) (actual time=1.849..1169.672 rows=319 loops=1)
  Filter: (keyword_id = 5231)
  Rows Removed by Filter: 4523611
Planning time: 0.271 ms
Execution time: 1169.927 ms
