Hash Join  (cost=104943.62..1317609.06 rows=20559713 width=0) (actual time=2059.935..35725.218 rows=21196324 loops=1)
  Hash Cond: (ci.movie_id = t.id)
  ->  Seq Scan on cast_info ci  (cost=0.00..705507.15 rows=22842432 width=4) (actual time=0.018..14871.952 rows=22720510 loops=1)
        Filter: (person_id < 2319357)
        Rows Removed by Filter: 13523834
  ->  Hash  (cost=67604.59..67604.59 rows=2275843 width=4) (actual time=2058.555..2058.555 rows=2268428 loops=1)
        Buckets: 131072  Batches: 32  Memory Usage: 3520kB
        ->  Seq Scan on title t  (cost=0.00..67604.59 rows=2275843 width=4) (actual time=0.019..1333.936 rows=2268428 loops=1)
              Filter: (production_year > 1953)
              Rows Removed by Filter: 259884
Planning time: 0.781 ms
Execution time: 38050.985 ms
