Nested Loop  (cost=32636.42..740202.68 rows=90 width=0) (actual time=2863.501..11532.576 rows=8 loops=1)
  Join Filter: (ci.movie_id = t.id)
  ->  Hash Join  (cost=32635.99..740010.88 rows=224 width=8) (actual time=2863.351..11532.176 rows=8 loops=1)
        Hash Cond: (ci.movie_id = mi_idx.movie_id)
        ->  Seq Scan on cast_info ci  (cost=0.00..705507.15 rows=500 width=4) (actual time=2189.813..10815.616 rows=8 loops=1)
              Filter: (person_id = 3737039)
              Rows Removed by Filter: 36244336
        ->  Hash  (cost=25185.44..25185.44 rows=454124 width=4) (actual time=672.610..672.610 rows=459925 loops=1)
              Buckets: 131072  Batches: 8  Memory Usage: 3050kB
              ->  Seq Scan on movie_info_idx mi_idx  (cost=0.00..25185.44 rows=454124 width=4) (actual time=0.035..531.237 rows=459925 loops=1)
                    Filter: (info_type_id = 100)
                    Rows Removed by Filter: 920110
  ->  Index Only Scan using title_pkey on title t  (cost=0.43..0.84 rows=1 width=4) (actual time=0.035..0.036 rows=1 loops=8)
        Index Cond: (id = mi_idx.movie_id)
        Heap Fetches: 8
Planning time: 0.960 ms
Execution time: 11532.688 ms
