Seq Scan on movie_keyword mk  (cost=0.00..81003.12 rows=246 width=0) (actual time=63.471..1253.852 rows=1400 loops=1)
  Filter: (keyword_id = 21183)
  Rows Removed by Filter: 4522530
Planning time: 0.380 ms
Execution time: 1254.252 ms
