Seq Scan on movie_keyword mk  (cost=0.00..81003.12 rows=4344282 width=0) (actual time=0.025..1647.506 rows=4346381 loops=1)
  Filter: (keyword_id < 71742)
  Rows Removed by Filter: 177549
Planning time: 0.304 ms
Execution time: 2194.486 ms
