Seq Scan on cast_info ci  (cost=0.00..796071.18 rows=10906821 width=0) (actual time=802.282..14906.747 rows=12850109 loops=1)
  Filter: ((person_id > 1154547) AND (role_id > 2))
  Rows Removed by Filter: 23394235
Planning time: 0.394 ms
Execution time: 16480.328 ms
