Hash Join  (cost=431273.76..555043.04 rows=145024 width=0) (actual time=7314.329..10427.793 rows=1551619 loops=1)
  Hash Cond: (mk.movie_id = t.id)
  ->  Seq Scan on movie_keyword mk  (cost=0.00..69693.30 rows=4523930 width=4) (actual time=0.021..1506.260 rows=4523930 loops=1)
  ->  Hash  (cost=429943.55..429943.55 rows=81057 width=8) (actual time=7313.550..7313.550 rows=41334 loops=1)
        Buckets: 131072  Batches: 2  Memory Usage: 1829kB
        ->  Hash Join  (cost=76379.89..429943.55 rows=81057 width=8) (actual time=4218.745..7297.131 rows=41334 loops=1)
              Hash Cond: (mi.movie_id = t.id)
              ->  Seq Scan on movie_info mi  (cost=0.00..346232.03 rows=383217 width=4) (actual time=2524.316..5365.760 rows=368218 loops=1)
                    Filter: (info_type_id = 17)
                    Rows Removed by Filter: 14467502
              ->  Hash  (cost=67604.59..67604.59 rows=534824 width=4) (actual time=1667.838..1667.838 rows=533369 loops=1)
                    Buckets: 131072  Batches: 8  Memory Usage: 3376kB
                    ->  Seq Scan on title t  (cost=0.00..67604.59 rows=534824 width=4) (actual time=0.028..1302.122 rows=533369 loops=1)
                          Filter: (production_year > 2009)
                          Rows Removed by Filter: 1994943
Planning time: 1.165 ms
Execution time: 10605.594 ms
