Seq Scan on movie_keyword mk  (cost=0.00..81003.12 rows=4213716 width=0) (actual time=0.013..1622.287 rows=4216926 loops=1)
  Filter: (keyword_id < 52965)
  Rows Removed by Filter: 307004
Planning time: 0.364 ms
Execution time: 2151.831 ms
