Hash Join  (cost=74393.18..163910.95 rows=32295 width=0) (actual time=1107.790..3044.220 rows=43083 loops=1)
  Hash Cond: (mk.movie_id = t.id)
  ->  Seq Scan on movie_keyword mk  (cost=0.00..81003.12 rows=2184453 width=4) (actual time=0.019..1551.140 rows=2184258 loops=1)
        Filter: (keyword_id < 4333)
        Rows Removed by Filter: 2339672
  ->  Hash  (cost=73925.90..73925.90 rows=37382 width=4) (actual time=1106.878..1106.878 rows=33190 loops=1)
        Buckets: 65536  Batches: 1  Memory Usage: 1679kB
        ->  Seq Scan on title t  (cost=0.00..73925.90 rows=37382 width=4) (actual time=70.550..1093.628 rows=33190 loops=1)
              Filter: ((kind_id < 2) AND (production_year = 2010))
              Rows Removed by Filter: 2495122
Planning time: 0.790 ms
Execution time: 3050.350 ms
