Hash Join  (cost=83074.74..109986.57 rows=134 width=0) (actual time=1956.001..2497.332 rows=7452 loops=1)
  Hash Cond: (mi_idx.movie_id = t.id)
  ->  Seq Scan on movie_info_idx mi_idx  (cost=0.00..21735.35 rows=1380035 width=4) (actual time=0.025..276.299 rows=1380035 loops=1)
  ->  Hash  (cost=83071.67..83071.67 rows=246 width=8) (actual time=1955.856..1955.856 rows=2911 loops=1)
        Buckets: 4096 (originally 1024)  Batches: 1 (originally 1)  Memory Usage: 146kB
        ->  Nested Loop  (cost=0.43..83071.67 rows=246 width=8) (actual time=0.359..1954.083 rows=2911 loops=1)
              ->  Seq Scan on movie_keyword mk  (cost=0.00..81003.12 rows=246 width=4) (actual time=0.285..1225.161 rows=2911 loops=1)
                    Filter: (keyword_id = 788)
                    Rows Removed by Filter: 4521019
              ->  Index Only Scan using title_pkey on title t  (cost=0.43..8.40 rows=1 width=4) (actual time=0.249..0.249 rows=1 loops=2911)
                    Index Cond: (id = mk.movie_id)
                    Heap Fetches: 2911
Planning time: 1.079 ms
Execution time: 2498.601 ms
