Hash Join  (cost=114811.45..170028.57 rows=55160 width=0) (actual time=2661.644..3588.750 rows=58386 loops=1)
  Hash Cond: (mc.movie_id = t.id)
  ->  Seq Scan on movie_companies mc  (cost=0.00..44881.29 rows=2609129 width=4) (actual time=0.019..737.574 rows=2609129 loops=1)
  ->  Hash  (cost=114143.25..114143.25 rows=53456 width=8) (actual time=2264.592..2264.592 rows=24084 loops=1)
        Buckets: 65536  Batches: 1  Memory Usage: 1453kB
        ->  Hash Join  (cost=75533.21..114143.25 rows=53456 width=8) (actual time=1282.572..2256.075 rows=24084 loops=1)
              Hash Cond: (mi_idx.movie_id = t.id)
              ->  Seq Scan on movie_info_idx mi_idx  (cost=0.00..21735.35 rows=1380035 width=4) (actual time=0.017..515.686 rows=1380035 loops=1)
              ->  Hash  (cost=73925.90..73925.90 rows=97944 width=4) (actual time=1281.682..1281.682 rows=106247 loops=1)
                    Buckets: 131072  Batches: 2  Memory Usage: 2890kB
                    ->  Seq Scan on title t  (cost=0.00..73925.90 rows=97944 width=4) (actual time=0.019..1241.904 rows=106247 loops=1)
                          Filter: ((kind_id = 7) AND (production_year = 2011))
                          Rows Removed by Filter: 2422065
Planning time: 2.310 ms
Execution time: 3596.892 ms
