Hash Join  (cost=166523.93..250576.23 rows=20296 width=0) (actual time=3277.905..4887.488 rows=98318 loops=1)
  Hash Cond: (mk.movie_id = t.id)
  ->  Seq Scan on movie_keyword mk  (cost=0.00..81003.12 rows=758990 width=4) (actual time=0.026..1436.847 rows=765119 loops=1)
        Filter: (keyword_id > 24436)
        Rows Removed by Filter: 3758811
  ->  Hash  (cost=165678.73..165678.73 rows=67616 width=8) (actual time=3277.000..3277.000 rows=66536 loops=1)
        Buckets: 131072  Batches: 1  Memory Usage: 3624kB
        ->  Hash Join  (cost=102767.86..165678.73 rows=67616 width=8) (actual time=2456.524..3252.924 rows=66536 loops=1)
              Hash Cond: (mc.movie_id = t.id)
              ->  Seq Scan on movie_companies mc  (cost=0.00..51404.11 rows=67616 width=4) (actual time=524.824..885.865 rows=66536 loops=1)
                    Filter: (company_id > 179039)
                    Rows Removed by Filter: 2542593
              ->  Hash  (cost=61283.27..61283.27 rows=2528527 width=4) (actual time=1930.708..1930.708 rows=2528312 loops=1)
                    Buckets: 131072  Batches: 64  Memory Usage: 2415kB
                    ->  Seq Scan on title t  (cost=0.00..61283.27 rows=2528527 width=4) (actual time=0.008..1085.932 rows=2528312 loops=1)
Planning time: 1.115 ms
Execution time: 4905.211 ms
