Seq Scan on movie_keyword mk  (cost=0.00..81003.12 rows=4163945 width=0) (actual time=0.014..1554.343 rows=4165771 loops=1)
  Filter: (keyword_id < 46728)
  Rows Removed by Filter: 358159
Planning time: 0.369 ms
Execution time: 2086.748 ms
