Hash Join  (cost=80827.88..161861.87 rows=434047 width=0) (actual time=1772.183..3350.477 rows=269535 loops=1)
  Hash Cond: (mc.movie_id = t.id)
  ->  Seq Scan on movie_companies mc  (cost=0.00..44881.29 rows=2609129 width=4) (actual time=0.013..856.101 rows=2609129 loops=1)
  ->  Hash  (cost=73925.90..73925.90 rows=420638 width=4) (actual time=1249.357..1249.357 rows=301535 loops=1)
        Buckets: 131072  Batches: 8  Memory Usage: 2337kB
        ->  Seq Scan on title t  (cost=0.00..73925.90 rows=420638 width=4) (actual time=0.028..976.479 rows=301535 loops=1)
              Filter: ((production_year < 1990) AND (kind_id = 7))
              Rows Removed by Filter: 2226777
Planning time: 0.811 ms
Execution time: 3383.626 ms
