Hash Join  (cost=132030.13..624350.63 rows=1172857 width=0) (actual time=2802.402..15086.795 rows=975270 loops=1)
  Hash Cond: (mi.movie_id = t.id)
  ->  Seq Scan on movie_info mi  (cost=0.00..309384.22 rows=14739122 width=4) (actual time=0.013..6331.315 rows=14835720 loops=1)
  ->  Hash  (cost=128729.05..128729.05 rows=201206 width=8) (actual time=2592.306..2592.306 rows=109567 loops=1)
        Buckets: 131072  Batches: 4  Memory Usage: 2100kB
        ->  Hash Join  (cost=91879.05..128729.05 rows=201206 width=8) (actual time=1691.243..2561.079 rows=109567 loops=1)
              Hash Cond: (mi_idx.movie_id = t.id)
              ->  Seq Scan on movie_info_idx mi_idx  (cost=0.00..25185.44 rows=464934 width=4) (actual time=0.011..487.891 rows=460185 loops=1)
                    Filter: (info_type_id > 100)
                    Rows Removed by Filter: 919850
              ->  Hash  (cost=73925.90..73925.90 rows=1094252 width=4) (actual time=1690.116..1690.116 rows=1044222 loops=1)
                    Buckets: 131072  Batches: 16  Memory Usage: 3319kB
                    ->  Seq Scan on title t  (cost=0.00..73925.90 rows=1094252 width=4) (actual time=0.021..1370.613 rows=1044222 loops=1)
                          Filter: ((production_year < 2009) AND (kind_id = 7))
                          Rows Removed by Filter: 1484090
Planning time: 1.175 ms
Execution time: 15208.862 ms
