Hash Join  (cost=186044.79..1082317.30 rows=4047664 width=0) (actual time=4602.721..29850.564 rows=15727102 loops=1)
  Hash Cond: (ci.movie_id = t.id)
  ->  Seq Scan on cast_info ci  (cost=0.00..705507.15 rows=12726058 width=4) (actual time=0.016..14842.695 rows=12670688 loops=1)
        Filter: (role_id = 1)
        Rows Removed by Filter: 23573656
  ->  Hash  (cost=172849.96..172849.96 rows=804226 width=8) (actual time=4601.500..4601.500 rows=1283552 loops=1)
        Buckets: 131072 (originally 131072)  Batches: 32 (originally 16)  Memory Usage: 3073kB
        ->  Hash Join  (cost=86713.18..172849.96 rows=804226 width=8) (actual time=1464.991..4219.657 rows=1283552 loops=1)
              Hash Cond: (mc.movie_id = t.id)
              ->  Seq Scan on movie_companies mc  (cost=0.00..44881.29 rows=2609129 width=4) (actual time=0.006..991.474 rows=2609129 loops=1)
              ->  Hash  (cost=73925.90..73925.90 rows=779382 width=4) (actual time=1463.550..1463.550 rows=689555 loops=1)
                    Buckets: 131072  Batches: 16  Memory Usage: 2540kB
                    ->  Seq Scan on title t  (cost=0.00..73925.90 rows=779382 width=4) (actual time=0.011..1237.498 rows=689555 loops=1)
                          Filter: ((kind_id < 7) AND (production_year > 1976))
                          Rows Removed by Filter: 1838757
Planning time: 0.767 ms
Execution time: 31603.241 ms
