Hash Join  (cost=83074.74..109989.30 rows=45 width=0) (actual time=1312.071..1829.051 rows=121 loops=1)
  Hash Cond: (mi_idx.movie_id = t.id)
  ->  Seq Scan on movie_info_idx mi_idx  (cost=0.00..25185.44 rows=460978 width=4) (actual time=0.017..462.796 rows=459925 loops=1)
        Filter: (info_type_id = 99)
        Rows Removed by Filter: 920110
  ->  Hash  (cost=83071.67..83071.67 rows=246 width=8) (actual time=1301.736..1301.736 rows=151 loops=1)
        Buckets: 1024  Batches: 1  Memory Usage: 14kB
        ->  Nested Loop  (cost=0.43..83071.67 rows=246 width=8) (actual time=5.007..1301.557 rows=151 loops=1)
              ->  Seq Scan on movie_keyword mk  (cost=0.00..81003.12 rows=246 width=4) (actual time=4.928..1296.347 rows=151 loops=1)
                    Filter: (keyword_id = 4955)
                    Rows Removed by Filter: 4523779
              ->  Index Only Scan using title_pkey on title t  (cost=0.43..8.40 rows=1 width=4) (actual time=0.030..0.031 rows=1 loops=151)
                    Index Cond: (id = mk.movie_id)
                    Heap Fetches: 151
Planning time: 3.624 ms
Execution time: 1829.205 ms
