Seq Scan on movie_companies mc  (cost=0.00..57926.93 rows=28862 width=0) (actual time=614.431..834.585 rows=55528 loops=1)
  Filter: ((company_id > 187154) AND (company_type_id = 2))
  Rows Removed by Filter: 2553601
Planning time: 1.695 ms
Execution time: 842.055 ms
