Nested Loop  (cost=0.43..83071.67 rows=246 width=0) (actual time=5.761..1364.450 rows=985 loops=1)
  ->  Seq Scan on movie_keyword mk  (cost=0.00..81003.12 rows=246 width=4) (actual time=5.687..1317.241 rows=985 loops=1)
        Filter: (keyword_id = 979)
        Rows Removed by Filter: 4522945
  ->  Index Only Scan using title_pkey on title t  (cost=0.43..8.40 rows=1 width=4) (actual time=0.046..0.047 rows=1 loops=985)
        Index Cond: (id = mk.movie_id)
        Heap Fetches: 985
Planning time: 0.717 ms
Execution time: 1364.902 ms
