Seq Scan on cast_info ci  (cost=0.00..705507.15 rows=500 width=0) (actual time=3851.928..11048.944 rows=97 loops=1)
  Filter: (person_id = 974793)
  Rows Removed by Filter: 36244247
Planning time: 0.363 ms
Execution time: 11049.129 ms
