Hash Join  (cost=117544.69..479323.18 rows=46867 width=0) (actual time=5171.544..8634.266 rows=20298 loops=1)
  Hash Cond: (mi.movie_id = t.id)
  ->  Seq Scan on movie_info mi  (cost=0.00..346232.03 rows=1272478 width=4) (actual time=2683.961..5500.274 rows=1325361 loops=1)
        Filter: (info_type_id = 8)
        Rows Removed by Filter: 13510359
  ->  Hash  (cost=116016.58..116016.58 rows=93129 width=8) (actual time=2486.848..2486.848 rows=42612 loops=1)
        Buckets: 131072  Batches: 2  Memory Usage: 1856kB
        ->  Hash Join  (cost=76725.80..116016.58 rows=93129 width=8) (actual time=1382.225..2471.623 rows=42612 loops=1)
              Hash Cond: (mi_idx.movie_id = t.id)
              ->  Seq Scan on movie_info_idx mi_idx  (cost=0.00..21735.35 rows=1380035 width=4) (actual time=0.017..523.470 rows=1380035 loops=1)
              ->  Hash  (cost=73925.90..73925.90 rows=170632 width=4) (actual time=1373.605..1373.605 rows=170068 loops=1)
                    Buckets: 131072  Batches: 4  Memory Usage: 2534kB
                    ->  Seq Scan on title t  (cost=0.00..73925.90 rows=170632 width=4) (actual time=0.022..1313.999 rows=170068 loops=1)
                          Filter: ((kind_id > 1) AND (production_year > 2011))
                          Rows Removed by Filter: 2358244
Planning time: 5.034 ms
Execution time: 8637.703 ms
