Hash Join  (cost=127129.18..254445.62 rows=436141 width=0) (actual time=2583.397..5835.758 rows=468993 loops=1)
  Hash Cond: (mk.movie_id = t.id)
  ->  Seq Scan on movie_keyword mk  (cost=0.00..69693.30 rows=4523930 width=4) (actual time=0.021..1496.345 rows=4523930 loops=1)
  ->  Hash  (cost=123129.06..123129.06 rows=243769 width=8) (actual time=2574.827..2574.827 rows=140361 loops=1)
        Buckets: 131072  Batches: 4  Memory Usage: 2410kB
        ->  Hash Join  (cost=81253.89..123129.06 rows=243769 width=8) (actual time=1427.569..2530.061 rows=140361 loops=1)
              Hash Cond: (mi_idx.movie_id = t.id)
              ->  Seq Scan on movie_info_idx mi_idx  (cost=0.00..21735.35 rows=1380035 width=4) (actual time=0.021..438.559 rows=1380035 loops=1)
              ->  Hash  (cost=73925.90..73925.90 rows=446639 width=4) (actual time=1426.230..1426.230 rows=306970 loops=1)
                    Buckets: 131072  Batches: 8  Memory Usage: 2364kB
                    ->  Seq Scan on title t  (cost=0.00..73925.90 rows=446639 width=4) (actual time=0.024..1327.564 rows=306970 loops=1)
                          Filter: ((kind_id > 1) AND (production_year < 1986))
                          Rows Removed by Filter: 2221342
Planning time: 5.485 ms
Execution time: 5892.809 ms
