Hash Join  (cost=450778.03..1500073.55 rows=1508032 width=0) (actual time=7706.397..32323.665 rows=822022 loops=1)
  Hash Cond: (ci.movie_id = t.id)
  ->  Seq Scan on cast_info ci  (cost=0.00..614943.12 rows=36225612 width=4) (actual time=0.031..12447.005 rows=36244344 loops=1)
  ->  Hash  (cost=449050.28..449050.28 rows=105260 width=8) (actual time=7705.599..7705.599 rows=29425 loops=1)
        Buckets: 131072  Batches: 2  Memory Usage: 1597kB
        ->  Hash Join  (cost=75915.84..449050.28 rows=105260 width=8) (actual time=1293.702..7693.312 rows=29425 loops=1)
              Hash Cond: (mi.movie_id = t.id)
              ->  Seq Scan on movie_info mi  (cost=0.00..346232.03 rows=2194617 width=4) (actual time=0.032..5592.960 rows=2233850 loops=1)
                    Filter: (info_type_id > 16)
                    Rows Removed by Filter: 12601870
              ->  Hash  (cost=73925.90..73925.90 rows=121275 width=4) (actual time=1292.881..1292.881 rows=124747 loops=1)
                    Buckets: 131072  Batches: 2  Memory Usage: 3225kB
                    ->  Seq Scan on title t  (cost=0.00..73925.90 rows=121275 width=4) (actual time=0.016..1233.582 rows=124747 loops=1)
                          Filter: ((kind_id > 1) AND (production_year = 2012))
                          Rows Removed by Filter: 2403565
Planning time: 1.152 ms
Execution time: 32428.719 ms
