Seq Scan on cast_info ci  (cost=0.00..705507.15 rows=29493142 width=0) (actual time=1268.651..12141.096 rows=29576210 loops=1)
  Filter: (person_id > 643855)
  Rows Removed by Filter: 6668134
Planning time: 0.314 ms
Execution time: 15502.076 ms
