Seq Scan on movie_companies mc  (cost=0.00..51404.11 rows=2164010 width=0) (actual time=0.029..980.767 rows=2163231 loops=1)
  Filter: (company_id > 341)
  Rows Removed by Filter: 445898
Planning time: 0.292 ms
Execution time: 1234.498 ms
