Hash Join  (cost=709678.15..765882.98 rows=253 width=0) (actual time=11192.755..12151.221 rows=18 loops=1)
  Hash Cond: (mc.movie_id = t.id)
  ->  Seq Scan on movie_companies mc  (cost=0.00..51404.11 rows=1279517 width=4) (actual time=0.013..914.511 rows=1274246 loops=1)
        Filter: (company_type_id = 1)
        Rows Removed by Filter: 1334883
  ->  Hash  (cost=709671.90..709671.90 rows=500 width=8) (actual time=11068.745..11068.745 rows=134 loops=1)
        Buckets: 1024  Batches: 1  Memory Usage: 14kB
        ->  Nested Loop  (cost=0.43..709671.90 rows=500 width=8) (actual time=1524.864..11068.639 rows=134 loops=1)
              ->  Seq Scan on cast_info ci  (cost=0.00..705507.15 rows=500 width=4) (actual time=1524.738..11066.070 rows=134 loops=1)
                    Filter: (person_id = 912488)
                    Rows Removed by Filter: 36244210
              ->  Index Only Scan using title_pkey on title t  (cost=0.43..8.32 rows=1 width=4) (actual time=0.018..0.018 rows=1 loops=134)
                    Index Cond: (id = ci.movie_id)
                    Heap Fetches: 134
Planning time: 1.196 ms
Execution time: 12151.366 ms
