Nested Loop  (cost=0.43..83071.67 rows=246 width=0) (actual time=2.973..1341.973 rows=1047 loops=1)
  ->  Seq Scan on movie_keyword mk  (cost=0.00..81003.12 rows=246 width=4) (actual time=2.912..1284.813 rows=1047 loops=1)
        Filter: (keyword_id = 343)
        Rows Removed by Filter: 4522883
  ->  Index Only Scan using title_pkey on title t  (cost=0.43..8.40 rows=1 width=4) (actual time=0.053..0.053 rows=1 loops=1047)
        Index Cond: (id = mk.movie_id)
        Heap Fetches: 1047
Planning time: 0.727 ms
Execution time: 1343.057 ms
