Seq Scan on movie_companies mc  (cost=0.00..57926.93 rows=810325 width=0) (actual time=0.038..1053.437 rows=505206 loops=1)
  Filter: ((company_id < 15652) AND (company_type_id = 2))
  Rows Removed by Filter: 2103923
Planning time: 0.338 ms
Execution time: 1116.987 ms
