Hash Join  (cost=140899.61..269577.01 rows=547836 width=0) (actual time=3098.205..7299.535 rows=1889675 loops=1)
  Hash Cond: (mk.movie_id = t.id)
  ->  Seq Scan on movie_keyword mk  (cost=0.00..69693.30 rows=4523930 width=4) (actual time=0.019..1495.746 rows=4523930 loops=1)
  ->  Hash  (cost=135875.13..135875.13 rows=306198 width=8) (actual time=3097.054..3097.054 rows=285080 loops=1)
        Buckets: 131072  Batches: 8  Memory Usage: 2427kB
        ->  Hash Join  (cost=95159.82..135875.13 rows=306198 width=8) (actual time=1895.084..3001.049 rows=285080 loops=1)
              Hash Cond: (mi_idx.movie_id = t.id)
              ->  Seq Scan on movie_info_idx mi_idx  (cost=0.00..25185.44 rows=460978 width=4) (actual time=0.020..467.650 rows=459925 loops=1)
                    Filter: (info_type_id < 100)
                    Rows Removed by Filter: 920110
              ->  Hash  (cost=67604.59..67604.59 rows=1679539 width=4) (actual time=1894.300..1894.300 rows=1673541 loops=1)
                    Buckets: 131072  Batches: 32  Memory Usage: 2866kB
                    ->  Seq Scan on title t  (cost=0.00..67604.59 rows=1679539 width=4) (actual time=0.023..1353.389 rows=1673541 loops=1)
                          Filter: (production_year > 1993)
                          Rows Removed by Filter: 854771
Planning time: 1.068 ms
Execution time: 7526.295 ms
