Hash Join  (cost=96184.51..166647.95 rows=229354 width=0) (actual time=1865.832..3608.782 rows=167943 loops=1)
  Hash Cond: (mc.movie_id = t.id)
  ->  Seq Scan on movie_companies mc  (cost=0.00..57926.93 rows=427459 width=4) (actual time=35.652..953.911 rows=754427 loops=1)
        Filter: ((company_id > 25406) AND (company_type_id > 1))
        Rows Removed by Filter: 1854702
  ->  Hash  (cost=73925.90..73925.90 rows=1356688 width=4) (actual time=1828.863..1828.863 rows=1327781 loops=1)
        Buckets: 131072  Batches: 32  Memory Usage: 2479kB
        ->  Seq Scan on title t  (cost=0.00..73925.90 rows=1356688 width=4) (actual time=0.023..1403.541 rows=1327781 loops=1)
              Filter: ((production_year < 2012) AND (kind_id = 7))
              Rows Removed by Filter: 1200531
Planning time: 0.793 ms
Execution time: 3628.799 ms
