Hash Join  (cost=74034.53..100992.44 rows=4743 width=0) (actual time=1024.701..1622.970 rows=2796 loops=1)
  Hash Cond: (mi_idx.movie_id = t.id)
  ->  Seq Scan on movie_info_idx mi_idx  (cost=0.00..21735.35 rows=1380035 width=4) (actual time=0.029..323.621 rows=1380035 loops=1)
  ->  Hash  (cost=73925.90..73925.90 rows=8690 width=4) (actual time=1023.968..1023.968 rows=3111 loops=1)
        Buckets: 16384  Batches: 1  Memory Usage: 238kB
        ->  Seq Scan on title t  (cost=0.00..73925.90 rows=8690 width=4) (actual time=0.053..1022.280 rows=3111 loops=1)
              Filter: ((production_year < 1960) AND (kind_id = 2))
              Rows Removed by Filter: 2525201
Planning time: 3.256 ms
Execution time: 1623.505 ms
