Hash Join  (cost=72085.10..1146078.94 rows=3912367 width=0) (actual time=1356.690..33102.970 rows=2833989 loops=1)
  Hash Cond: (ci.movie_id = t.id)
  ->  Seq Scan on cast_info ci  (cost=0.00..614943.12 rows=36225612 width=4) (actual time=0.021..13786.724 rows=36244344 loops=1)
  ->  Hash  (cost=67604.59..67604.59 rows=273081 width=4) (actual time=1355.869..1355.869 rows=273902 loops=1)
        Buckets: 131072  Batches: 4  Memory Usage: 3428kB
        ->  Seq Scan on title t  (cost=0.00..67604.59 rows=273081 width=4) (actual time=0.030..1265.450 rows=273902 loops=1)
              Filter: (production_year < 1963)
              Rows Removed by Filter: 2254410
Planning time: 0.727 ms
Execution time: 33426.809 ms
