Seq Scan on movie_companies mc  (cost=0.00..51404.11 rows=1213580 width=0) (actual time=0.032..853.901 rows=1223627 loops=1)
  Filter: (company_id > 11968)
  Rows Removed by Filter: 1385502
Planning time: 0.285 ms
Execution time: 993.034 ms
