Seq Scan on movie_companies mc  (cost=0.00..51404.11 rows=104 width=0) (actual time=11.213..843.948 rows=96 loops=1)
  Filter: (company_id = 15985)
  Rows Removed by Filter: 2609033
Planning time: 0.260 ms
Execution time: 844.071 ms
