Hash Join  (cost=78058.28..194487.05 rows=273172 width=0) (actual time=1999.742..5916.505 rows=883594 loops=1)
  Hash Cond: (mk.movie_id = t.id)
  ->  Seq Scan on movie_keyword mk  (cost=0.00..81003.12 rows=2742380 width=4) (actual time=0.011..1750.249 rows=2734006 loops=1)
        Filter: (keyword_id > 2891)
        Rows Removed by Filter: 1789924
  ->  Hash  (cost=73925.90..73925.90 rows=251870 width=4) (actual time=1998.744..1998.744 rows=365623 loops=1)
        Buckets: 131072 (originally 131072)  Batches: 8 (originally 4)  Memory Usage: 3073kB
        ->  Seq Scan on title t  (cost=0.00..73925.90 rows=251870 width=4) (actual time=0.018..1148.933 rows=365623 loops=1)
              Filter: ((kind_id < 7) AND (production_year < 1988))
              Rows Removed by Filter: 2162689
Planning time: 0.588 ms
Execution time: 6024.130 ms
