Seq Scan on movie_keyword mk  (cost=0.00..81003.12 rows=246 width=0) (actual time=0.671..1053.439 rows=2124 loops=1)
  Filter: (keyword_id = 7677)
  Rows Removed by Filter: 4521806
Planning time: 0.352 ms
Execution time: 1054.061 ms
