Hash Join  (cost=842176.52..1587736.38 rows=4366925 width=0) (actual time=23965.758..41953.034 rows=14573345 loops=1)
  Hash Cond: (mi.movie_id = t.id)
  ->  Seq Scan on movie_info mi  (cost=0.00..346232.03 rows=12665229 width=4) (actual time=0.022..7150.907 rows=12744652 loops=1)
        Filter: (info_type_id > 2)
        Rows Removed by Filter: 2091068
  ->  Hash  (cost=827872.69..827872.69 rows=871827 width=8) (actual time=23964.293..23964.293 rows=929303 loops=1)
        Buckets: 131072  Batches: 16  Memory Usage: 3403kB
        ->  Hash Join  (cost=68365.25..827872.69 rows=871827 width=8) (actual time=1042.440..23278.746 rows=929303 loops=1)
              Hash Cond: (ci.movie_id = t.id)
              ->  Seq Scan on cast_info ci  (cost=0.00..614943.12 rows=36225612 width=4) (actual time=0.013..9272.269 rows=36244344 loops=1)
              ->  Hash  (cost=67604.59..67604.59 rows=60853 width=4) (actual time=1042.072..1042.072 rows=62568 loops=1)
                    Buckets: 65536  Batches: 1  Memory Usage: 2712kB
                    ->  Seq Scan on title t  (cost=0.00..67604.59 rows=60853 width=4) (actual time=0.023..1015.042 rows=62568 loops=1)
                          Filter: (production_year = 2002)
                          Rows Removed by Filter: 2465744
Planning time: 1.150 ms
Execution time: 43619.250 ms
