Hash Join  (cost=709678.15..1060684.49 rows=252 width=0) (actual time=13949.983..16492.908 rows=34 loops=1)
  Hash Cond: (mi.movie_id = t.id)
  ->  Seq Scan on movie_info mi  (cost=0.00..346232.03 rows=1272478 width=4) (actual time=2764.509..5355.690 rows=1325361 loops=1)
        Filter: (info_type_id = 8)
        Rows Removed by Filter: 13510359
  ->  Hash  (cost=709671.90..709671.90 rows=500 width=8) (actual time=10948.786..10948.786 rows=410 loops=1)
        Buckets: 1024  Batches: 1  Memory Usage: 25kB
        ->  Nested Loop  (cost=0.43..709671.90 rows=500 width=8) (actual time=6015.220..10948.600 rows=410 loops=1)
              ->  Seq Scan on cast_info ci  (cost=0.00..705507.15 rows=500 width=4) (actual time=6015.070..10940.544 rows=410 loops=1)
                    Filter: (person_id = 548543)
                    Rows Removed by Filter: 36243934
              ->  Index Only Scan using title_pkey on title t  (cost=0.43..8.32 rows=1 width=4) (actual time=0.018..0.019 rows=1 loops=410)
                    Index Cond: (id = ci.movie_id)
                    Heap Fetches: 410
Planning time: 1.217 ms
Execution time: 16493.032 ms
