Hash Join  (cost=95637.05..229157.85 rows=1475270 width=0) (actual time=1977.456..5463.841 rows=798400 loops=1)
  Hash Cond: (mk.movie_id = t.id)
  ->  Seq Scan on movie_keyword mk  (cost=0.00..81003.12 rows=2818925 width=4) (actual time=0.009..1754.717 rows=2811166 loops=1)
        Filter: (keyword_id < 8339)
        Rows Removed by Filter: 1712764
  ->  Hash  (cost=73925.90..73925.90 rows=1323292 width=4) (actual time=1976.408..1976.408 rows=1447699 loops=1)
        Buckets: 131072  Batches: 32  Memory Usage: 2629kB
        ->  Seq Scan on title t  (cost=0.00..73925.90 rows=1323292 width=4) (actual time=0.024..1497.146 rows=1447699 loops=1)
              Filter: ((kind_id > 1) AND (production_year > 1988))
              Rows Removed by Filter: 1080613
Planning time: 0.765 ms
Execution time: 5559.561 ms
