Hash Join  (cost=102767.86..271965.18 rows=3254658 width=0) (actual time=1972.956..6414.071 rows=3245678 loops=1)
  Hash Cond: (mk.movie_id = t.id)
  ->  Seq Scan on movie_keyword mk  (cost=0.00..81003.12 rows=3254658 width=4) (actual time=0.020..1668.199 rows=3245678 loops=1)
        Filter: (keyword_id < 13878)
        Rows Removed by Filter: 1278252
  ->  Hash  (cost=61283.27..61283.27 rows=2528527 width=4) (actual time=1971.630..1971.630 rows=2528312 loops=1)
        Buckets: 131072  Batches: 64  Memory Usage: 2425kB
        ->  Seq Scan on title t  (cost=0.00..61283.27 rows=2528527 width=4) (actual time=0.016..1116.391 rows=2528312 loops=1)
Planning time: 1.327 ms
Execution time: 6801.799 ms
