Hash Join  (cost=201806.82..675897.16 rows=583378 width=0) (actual time=4186.206..14699.477 rows=324580 loops=1)
  Hash Cond: (mi.movie_id = t.id)
  ->  Seq Scan on movie_info mi  (cost=0.00..346232.03 rows=9476311 width=4) (actual time=53.089..6823.534 rows=9565151 loops=1)
        Filter: (info_type_id < 16)
        Rows Removed by Filter: 5270569
  ->  Hash  (cost=199252.07..199252.07 rows=155660 width=8) (actual time=4132.438..4132.438 rows=50964 loops=1)
        Buckets: 131072  Batches: 4  Memory Usage: 1536kB
        ->  Hash Join  (cost=75353.43..199252.07 rows=155660 width=8) (actual time=1366.593..4112.011 rows=50964 loops=1)
              Hash Cond: (mk.movie_id = t.id)
              ->  Seq Scan on movie_keyword mk  (cost=0.00..69693.30 rows=4523930 width=4) (actual time=0.016..1408.041 rows=4523930 loops=1)
              ->  Hash  (cost=73925.90..73925.90 rows=87002 width=4) (actual time=1365.248..1365.248 rows=93068 loops=1)
                    Buckets: 131072  Batches: 2  Memory Usage: 2666kB
                    ->  Seq Scan on title t  (cost=0.00..73925.90 rows=87002 width=4) (actual time=0.017..1327.671 rows=93068 loops=1)
                          Filter: ((kind_id > 4) AND (production_year = 2010))
                          Rows Removed by Filter: 2435244
Planning time: 1.161 ms
Execution time: 14739.356 ms
