Seq Scan on cast_info ci  (cost=0.00..705507.15 rows=30998978 width=0) (actual time=0.014..14075.273 rows=30950127 loops=1)
  Filter: (person_id < 3131748)
  Rows Removed by Filter: 5294217
Planning time: 5.202 ms
Execution time: 17995.352 ms
