Hash Join  (cost=127935.86..206633.63 rows=264623 width=0) (actual time=3000.742..5383.247 rows=1303330 loops=1)
  Hash Cond: (mc.movie_id = t.id)
  ->  Seq Scan on movie_companies mc  (cost=0.00..44881.29 rows=2609129 width=4) (actual time=0.010..874.540 rows=2609129 loops=1)
  ->  Hash  (cost=123728.25..123728.25 rows=256449 width=8) (actual time=2999.882..2999.882 rows=375704 loops=1)
        Buckets: 131072 (originally 131072)  Batches: 8 (originally 4)  Memory Usage: 3073kB
        ->  Hash Join  (cost=81635.28..123728.25 rows=256449 width=8) (actual time=1522.110..2852.066 rows=375704 loops=1)
              Hash Cond: (mi_idx.movie_id = t.id)
              ->  Seq Scan on movie_info_idx mi_idx  (cost=0.00..21735.35 rows=1380035 width=4) (actual time=0.014..447.085 rows=1380035 loops=1)
              ->  Hash  (cost=73925.90..73925.90 rows=469870 width=4) (actual time=1521.226..1521.226 rows=367087 loops=1)
                    Buckets: 131072  Batches: 8  Memory Usage: 2634kB
                    ->  Seq Scan on title t  (cost=0.00..73925.90 rows=469870 width=4) (actual time=0.023..1398.630 rows=367087 loops=1)
                          Filter: ((kind_id < 4) AND (production_year > 2000))
                          Rows Removed by Filter: 2161225
Planning time: 1.170 ms
Execution time: 5547.174 ms
