Seq Scan on cast_info ci  (cost=0.00..796071.18 rows=620322 width=0) (actual time=1180.164..11410.579 rows=305877 loops=1)
  Filter: ((person_id < 225264) AND (role_id > 4))
  Rows Removed by Filter: 35938467
Planning time: 0.347 ms
Execution time: 11449.682 ms
