Seq Scan on movie_info mi  (cost=0.00..346232.03 rows=7235534 width=75) (actual time=432.472..7578.875 rows=7286865 loops=1)
  Filter: (info_type_id < 8)
  Rows Removed by Filter: 7548855
Planning time: 0.540 ms
Execution time: 7981.926 ms
