Seq Scan on movie_companies mc  (cost=0.00..51404.11 rows=104 width=0) (actual time=53.868..817.972 rows=177 loops=1)
  Filter: (company_id = 1942)
  Rows Removed by Filter: 2608952
Planning time: 0.404 ms
Execution time: 818.102 ms
