Seq Scan on cast_info ci  (cost=0.00..796071.18 rows=104 width=0) (actual time=2426.231..12842.460 rows=21 loops=1)
  Filter: ((role_id > 7) AND (person_id = 2344475))
  Rows Removed by Filter: 36244323
Planning time: 0.407 ms
Execution time: 12842.574 ms
