Hash Join  (cost=899647.84..979238.35 rows=329399 width=0) (actual time=13694.311..16222.243 rows=1866058 loops=1)
  Hash Cond: (mc.movie_id = t.id)
  ->  Seq Scan on movie_companies mc  (cost=0.00..44881.29 rows=2609129 width=4) (actual time=0.031..875.935 rows=2609129 loops=1)
  ->  Hash  (cost=894410.55..894410.55 rows=319223 width=8) (actual time=13425.542..13425.542 rows=414911 loops=1)
        Buckets: 131072  Batches: 8  Memory Usage: 3054kB
        ->  Hash Join  (cost=78556.72..894410.55 rows=319223 width=8) (actual time=4199.272..13294.436 rows=414911 loops=1)
              Hash Cond: (ci.movie_id = t.id)
              ->  Seq Scan on cast_info ci  (cost=0.00..796071.18 rows=1209178 width=4) (actual time=2853.902..11044.496 rows=1389821 loops=1)
                    Filter: ((person_id < 174213) AND (role_id < 4))
                    Rows Removed by Filter: 34854523
              ->  Hash  (cost=67604.59..67604.59 rows=667531 width=4) (actual time=1329.278..1329.278 rows=662825 loops=1)
                    Buckets: 131072  Batches: 16  Memory Usage: 2476kB
                    ->  Seq Scan on title t  (cost=0.00..67604.59 rows=667531 width=4) (actual time=396.018..1129.915 rows=662825 loops=1)
                          Filter: (kind_id < 2)
                          Rows Removed by Filter: 1865487
Planning time: 2.205 ms
Execution time: 16437.300 ms
