Seq Scan on movie_keyword mk  (cost=0.00..81003.12 rows=2179537 width=0) (actual time=0.030..1380.826 rows=2179069 loops=1)
  Filter: (keyword_id < 4297)
  Rows Removed by Filter: 2344861
Planning time: 0.331 ms
Execution time: 1649.651 ms
