Seq Scan on movie_companies mc  (cost=0.00..51404.11 rows=104 width=0) (actual time=44.661..782.201 rows=113 loops=1)
  Filter: (company_id = 81741)
  Rows Removed by Filter: 2609016
Planning time: 0.427 ms
Execution time: 782.299 ms
