Hash Join  (cost=647582.38..2378748.38 rows=54661283 width=0) (actual time=17617.011..123627.025 rows=300849214 loops=1)
  Hash Cond: (ci.movie_id = t.id)
  ->  Seq Scan on cast_info ci  (cost=0.00..614943.12 rows=36225612 width=4) (actual time=0.019..13844.730 rows=36244344 loops=1)
  ->  Hash  (cost=584986.81..584986.81 rows=3815326 width=8) (actual time=17614.581..17614.581 rows=6842112 loops=1)
        Buckets: 131072 (originally 131072)  Batches: 128 (originally 64)  Memory Usage: 3127kB
        ->  Hash Join  (cost=83810.17..584986.81 rows=3815326 width=8) (actual time=1508.562..15252.852 rows=6842112 loops=1)
              Hash Cond: (mi.movie_id = t.id)
              ->  Seq Scan on movie_info mi  (cost=0.00..346232.03 rows=9767026 width=4) (actual time=0.009..6798.725 rows=9911754 loops=1)
                    Filter: (info_type_id > 4)
                    Rows Removed by Filter: 4923966
              ->  Hash  (cost=67604.59..67604.59 rows=987727 width=4) (actual time=1507.522..1507.522 rows=985048 loops=1)
                    Buckets: 131072  Batches: 16  Memory Usage: 3197kB
                    ->  Seq Scan on title t  (cost=0.00..67604.59 rows=987727 width=4) (actual time=0.020..1200.555 rows=985048 loops=1)
                          Filter: (kind_id < 7)
                          Rows Removed by Filter: 1543264
Planning time: 1.160 ms
Execution time: 155941.767 ms
