Nested Loop  (cost=0.43..52283.69 rows=104 width=0) (actual time=0.126..842.033 rows=327 loops=1)
  ->  Seq Scan on movie_companies mc  (cost=0.00..51404.11 rows=104 width=4) (actual time=0.065..828.016 rows=327 loops=1)
        Filter: (company_id = 3665)
        Rows Removed by Filter: 2608802
  ->  Index Only Scan using title_pkey on title t  (cost=0.43..8.45 rows=1 width=4) (actual time=0.041..0.041 rows=1 loops=327)
        Index Cond: (id = mc.movie_id)
        Heap Fetches: 327
Planning time: 0.815 ms
Execution time: 842.229 ms
