Seq Scan on movie_keyword mk  (cost=0.00..81003.12 rows=3101994 width=0) (actual time=0.025..1578.260 rows=3089660 loops=1)
  Filter: (keyword_id < 11656)
  Rows Removed by Filter: 1434270
Planning time: 0.339 ms
Execution time: 1969.081 ms
