Hash Join  (cost=128478.61..1031228.15 rows=1166284 width=0) (actual time=2970.486..21889.705 rows=2558310 loops=1)
  Hash Cond: (ci.movie_id = t.id)
  ->  Seq Scan on cast_info ci  (cost=0.00..796071.18 rows=8094275 width=4) (actual time=0.037..15965.023 rows=4554843 loops=1)
        Filter: ((person_id < 3127377) AND (role_id > 4))
        Rows Removed by Filter: 31689501
  ->  Hash  (cost=122500.50..122500.50 rows=364329 width=8) (actual time=2969.592..2969.592 rows=629900 loops=1)
        Buckets: 131072 (originally 131072)  Batches: 16 (originally 8)  Memory Usage: 3073kB
        ->  Hash Join  (cost=78556.72..122500.50 rows=364329 width=8) (actual time=1410.349..2798.304 rows=629900 loops=1)
              Hash Cond: (mi_idx.movie_id = t.id)
              ->  Seq Scan on movie_info_idx mi_idx  (cost=0.00..21735.35 rows=1380035 width=4) (actual time=0.025..490.842 rows=1380035 loops=1)
              ->  Hash  (cost=67604.59..67604.59 rows=667531 width=4) (actual time=1409.682..1409.682 rows=662825 loops=1)
                    Buckets: 131072  Batches: 16  Memory Usage: 2476kB
                    ->  Seq Scan on title t  (cost=0.00..67604.59 rows=667531 width=4) (actual time=0.557..1209.401 rows=662825 loops=1)
                          Filter: (kind_id = 1)
                          Rows Removed by Filter: 1865487
Planning time: 1.082 ms
Execution time: 22203.577 ms
