Hash Join  (cost=190230.21..1246082.95 rows=11061499 width=0) (actual time=4920.577..36003.540 rows=22197604 loops=1)
  Hash Cond: (ci.movie_id = t.id)
  ->  Seq Scan on cast_info ci  (cost=0.00..705507.15 rows=20267093 width=4) (actual time=678.366..14790.220 rows=20384777 loops=1)
        Filter: (person_id > 1567446)
        Rows Removed by Filter: 15859567
  ->  Hash  (cost=167588.78..167588.78 rows=1380035 width=8) (actual time=4240.730..4240.730 rows=1380035 loops=1)
        Buckets: 131072  Batches: 32  Memory Usage: 2708kB
        ->  Hash Join  (cost=102767.86..167588.78 rows=1380035 width=8) (actual time=1923.304..3849.601 rows=1380035 loops=1)
              Hash Cond: (mi_idx.movie_id = t.id)
              ->  Seq Scan on movie_info_idx mi_idx  (cost=0.00..21735.35 rows=1380035 width=4) (actual time=0.044..435.385 rows=1380035 loops=1)
              ->  Hash  (cost=61283.27..61283.27 rows=2528527 width=4) (actual time=1921.637..1921.637 rows=2528312 loops=1)
                    Buckets: 131072  Batches: 64  Memory Usage: 2415kB
                    ->  Seq Scan on title t  (cost=0.00..61283.27 rows=2528527 width=4) (actual time=0.014..1081.913 rows=2528312 loops=1)
Planning time: 1.105 ms
Execution time: 38345.580 ms
