Seq Scan on movie_keyword mk  (cost=0.00..81003.12 rows=4483406 width=0) (actual time=0.025..1563.520 rows=4489202 loops=1)
  Filter: (keyword_id > 41)
  Rows Removed by Filter: 34728
Planning time: 0.319 ms
Execution time: 2110.060 ms
