Nested Loop  (cost=0.43..798851.07 rows=332 width=0) (actual time=148.918..14105.190 rows=91 loops=1)
  ->  Seq Scan on cast_info ci  (cost=0.00..796071.18 rows=332 width=4) (actual time=148.811..14101.941 rows=91 loops=1)
        Filter: ((role_id < 4) AND (person_id = 2087252))
        Rows Removed by Filter: 36244253
  ->  Index Only Scan using title_pkey on title t  (cost=0.43..8.36 rows=1 width=4) (actual time=0.034..0.034 rows=1 loops=91)
        Index Cond: (id = ci.movie_id)
        Heap Fetches: 91
Planning time: 0.839 ms
Execution time: 14105.302 ms
