Hash Join  (cost=85157.92..974940.70 rows=3445391 width=0) (actual time=2961.328..24245.434 rows=3155867 loops=1)
  Hash Cond: (ci.movie_id = t.id)
  ->  Seq Scan on cast_info ci  (cost=0.00..705507.15 rows=12726058 width=4) (actual time=1541.139..13969.542 rows=12670688 loops=1)
        Filter: (role_id = 1)
        Rows Removed by Filter: 23573656
  ->  Hash  (cost=73925.90..73925.90 rows=684561 width=4) (actual time=1419.255..1419.255 rows=585759 loops=1)
        Buckets: 131072  Batches: 16  Memory Usage: 2308kB
        ->  Seq Scan on title t  (cost=0.00..73925.90 rows=684561 width=4) (actual time=0.031..1233.549 rows=585759 loops=1)
              Filter: ((kind_id < 7) AND (production_year > 1990))
              Rows Removed by Filter: 1942553
Planning time: 2.427 ms
Execution time: 24608.313 ms
