Hash Join  (cost=83074.29..889659.02 rows=1710 width=0) (actual time=1207.436..18344.897 rows=1115 loops=1)
  Hash Cond: (ci.movie_id = t.id)
  ->  Seq Scan on cast_info ci  (cost=0.00..705507.15 rows=26949477 width=4) (actual time=0.041..12859.822 rows=26975193 loops=1)
        Filter: (person_id < 2774198)
        Rows Removed by Filter: 9269151
  ->  Hash  (cost=83072.29..83072.29 rows=160 width=8) (actual time=1203.604..1203.604 rows=27 loops=1)
        Buckets: 1024  Batches: 1  Memory Usage: 10kB
        ->  Nested Loop  (cost=0.43..83072.29 rows=160 width=8) (actual time=14.097..1203.556 rows=27 loops=1)
              ->  Seq Scan on movie_keyword mk  (cost=0.00..81003.12 rows=246 width=4) (actual time=12.966..1201.364 rows=40 loops=1)
                    Filter: (keyword_id = 10044)
                    Rows Removed by Filter: 4523890
              ->  Index Scan using title_pkey on title t  (cost=0.43..8.40 rows=1 width=4) (actual time=0.049..0.049 rows=1 loops=40)
                    Index Cond: (id = mk.movie_id)
                    Filter: (production_year > 1994)
                    Rows Removed by Filter: 0
Planning time: 1.200 ms
Execution time: 18345.918 ms
