Hash Join  (cost=109031.43..164342.04 rows=64508 width=0) (actual time=2273.183..3653.161 rows=172689 loops=1)
  Hash Cond: (mc.movie_id = t.id)
  ->  Seq Scan on movie_companies mc  (cost=0.00..44881.29 rows=2609129 width=4) (actual time=0.011..612.574 rows=2609129 loops=1)
  ->  Hash  (cost=108249.99..108249.99 rows=62515 width=8) (actual time=2110.713..2110.713 rows=83550 loops=1)
        Buckets: 131072 (originally 65536)  Batches: 2 (originally 1)  Memory Usage: 3073kB
        ->  Hash Join  (cost=69484.36..108249.99 rows=62515 width=8) (actual time=1142.915..2079.026 rows=83550 loops=1)
              Hash Cond: (mi_idx.movie_id = t.id)
              ->  Seq Scan on movie_info_idx mi_idx  (cost=0.00..21735.35 rows=1380035 width=4) (actual time=0.021..446.635 rows=1380035 loops=1)
              ->  Hash  (cost=67604.59..67604.59 rows=114542 width=4) (actual time=1141.303..1141.303 rows=118234 loops=1)
                    Buckets: 131072  Batches: 2  Memory Usage: 3101kB
                    ->  Seq Scan on title t  (cost=0.00..67604.59 rows=114542 width=4) (actual time=11.880..1099.570 rows=118234 loops=1)
                          Filter: (kind_id = 4)
                          Rows Removed by Filter: 2410078
Planning time: 1.214 ms
Execution time: 3670.601 ms
