Seq Scan on movie_companies mc  (cost=0.00..57926.93 rows=53 width=0) (actual time=18.820..879.846 rows=16 loops=1)
  Filter: ((company_type_id > 1) AND (company_id = 3667))
  Rows Removed by Filter: 2609113
Planning time: 5.527 ms
Execution time: 879.951 ms
