Hash Join  (cost=173325.60..531144.90 rows=61418 width=0) (actual time=3958.709..9729.605 rows=32604 loops=1)
  Hash Cond: (mi.movie_id = t.id)
  ->  Seq Scan on movie_info mi  (cost=0.00..346232.03 rows=2194617 width=4) (actual time=538.220..5882.290 rows=2233850 loops=1)
        Filter: (info_type_id > 16)
        Rows Removed by Filter: 12601870
  ->  Hash  (cost=172441.05..172441.05 rows=70764 width=8) (actual time=3419.115..3419.115 rows=20743 loops=1)
        Buckets: 131072  Batches: 1  Memory Usage: 1835kB
        ->  Hash Join  (cost=74440.79..172441.05 rows=70764 width=8) (actual time=1730.675..3412.174 rows=20743 loops=1)
              Hash Cond: (mk.movie_id = t.id)
              ->  Seq Scan on movie_keyword mk  (cost=0.00..81003.12 rows=4343864 width=4) (actual time=0.032..1550.621 rows=4345373 loops=1)
                    Filter: (keyword_id < 71710)
                    Rows Removed by Filter: 178557
              ->  Hash  (cost=73925.90..73925.90 rows=41191 width=4) (actual time=1199.896..1199.896 rows=43851 loops=1)
                    Buckets: 65536  Batches: 1  Memory Usage: 2054kB
                    ->  Seq Scan on title t  (cost=0.00..73925.90 rows=41191 width=4) (actual time=0.025..1174.446 rows=43851 loops=1)
                          Filter: ((kind_id = 7) AND (production_year = 2003))
                          Rows Removed by Filter: 2484461
Planning time: 1.094 ms
Execution time: 9734.040 ms
