Hash Join  (cost=134980.61..226890.24 rows=2002 width=0) (actual time=2374.143..4297.182 rows=2820 loops=1)
  Hash Cond: (mk.movie_id = t.id)
  ->  Seq Scan on movie_keyword mk  (cost=0.00..81003.12 rows=2903062 width=4) (actual time=0.014..1493.305 rows=2893659 loops=1)
        Filter: (keyword_id < 9125)
        Rows Removed by Filter: 1630271
  ->  Hash  (cost=134958.81..134958.81 rows=1744 width=8) (actual time=2372.687..2372.687 rows=3421 loops=1)
        Buckets: 4096 (originally 2048)  Batches: 1 (originally 1)  Memory Usage: 166kB
        ->  Hash Join  (cost=73994.33..134958.81 rows=1744 width=8) (actual time=1380.333..2371.101 rows=3421 loops=1)
              Hash Cond: (mc.movie_id = t.id)
              ->  Seq Scan on movie_companies mc  (cost=0.00..57926.93 rows=805361 width=4) (actual time=89.308..980.072 rows=502538 loops=1)
                    Filter: ((company_id < 15309) AND (company_type_id = 2))
                    Rows Removed by Filter: 2106591
              ->  Hash  (cost=73925.90..73925.90 rows=5474 width=4) (actual time=1290.479..1290.479 rows=7556 loops=1)
                    Buckets: 8192  Batches: 1  Memory Usage: 330kB
                    ->  Seq Scan on title t  (cost=0.00..73925.90 rows=5474 width=4) (actual time=0.064..1286.608 rows=7556 loops=1)
                          Filter: ((kind_id > 1) AND (production_year = 1959))
                          Rows Removed by Filter: 2520756
Planning time: 1.242 ms
Execution time: 4297.777 ms
