Hash Join  (cost=94978.31..240383.15 rows=1967620 width=0) (actual time=1792.338..5678.642 rows=2396041 loops=1)
  Hash Cond: (mk.movie_id = t.id)
  ->  Seq Scan on movie_keyword mk  (cost=0.00..81003.12 rows=2981903 width=4) (actual time=0.020..1713.223 rows=2967599 loops=1)
        Filter: (keyword_id < 10114)
        Rows Removed by Filter: 1556331
  ->  Hash  (cost=67604.59..67604.59 rows=1668458 width=4) (actual time=1790.911..1790.911 rows=1671292 loops=1)
        Buckets: 131072  Batches: 32  Memory Usage: 2866kB
        ->  Seq Scan on title t  (cost=0.00..67604.59 rows=1668458 width=4) (actual time=0.023..1245.849 rows=1671292 loops=1)
              Filter: (production_year < 2008)
              Rows Removed by Filter: 857020
Planning time: 0.772 ms
Execution time: 5936.126 ms
