Hash Join  (cost=107928.35..510493.84 rows=2015900 width=0) (actual time=2944.728..9808.618 rows=2081897 loops=1)
  Hash Cond: (mi.movie_id = t.id)
  ->  Seq Scan on movie_info mi  (cost=0.00..346232.03 rows=2073893 width=4) (actual time=711.955..5449.187 rows=2091068 loops=1)
        Filter: (info_type_id < 3)
        Rows Removed by Filter: 12744652
  ->  Hash  (cost=67604.59..67604.59 rows=2457821 width=4) (actual time=2231.716..2231.716 rows=2456218 loops=1)
        Buckets: 131072  Batches: 64  Memory Usage: 2385kB
        ->  Seq Scan on title t  (cost=0.00..67604.59 rows=2457821 width=4) (actual time=0.032..1370.823 rows=2456218 loops=1)
              Filter: (production_year > 0)
              Rows Removed by Filter: 72094
Planning time: 0.709 ms
Execution time: 10048.941 ms
