Hash Join  (cost=1001202.94..1557680.31 rows=8241330 width=0) (actual time=19789.193..35415.479 rows=12796055 loops=1)
  Hash Cond: (mi.movie_id = t.id)
  ->  Seq Scan on movie_info mi  (cost=0.00..346232.03 rows=9293409 width=4) (actual time=0.012..7184.360 rows=9425200 loops=1)
        Filter: (info_type_id > 5)
        Rows Removed by Filter: 5410520
  ->  Hash  (cost=964415.44..964415.44 rows=2242280 width=8) (actual time=19769.314..19769.314 rows=3390282 loops=1)
        Buckets: 131072 (originally 131072)  Batches: 64 (originally 32)  Memory Usage: 3083kB
        ->  Hash Join  (cost=93093.72..964415.44 rows=2242280 width=8) (actual time=3737.801..18758.217 rows=3390282 loops=1)
              Hash Cond: (ci.movie_id = t.id)
              ->  Seq Scan on cast_info ci  (cost=0.00..796071.18 rows=3649347 width=4) (actual time=2045.353..12573.379 rows=5690449 loops=1)
                    Filter: ((person_id > 3079699) AND (role_id > 1))
                    Rows Removed by Filter: 30553895
              ->  Hash  (cost=67604.59..67604.59 rows=1553611 width=4) (actual time=1691.023..1691.023 rows=1555864 loops=1)
                    Buckets: 131072  Batches: 32  Memory Usage: 2734kB
                    ->  Seq Scan on title t  (cost=0.00..67604.59 rows=1553611 width=4) (actual time=0.022..1198.281 rows=1555864 loops=1)
                          Filter: (kind_id > 4)
                          Rows Removed by Filter: 972448
Planning time: 1.352 ms
Execution time: 36836.505 ms
