Hash Join  (cost=1186142.22..2202871.72 rows=39960116 width=0) (actual time=29858.838..84700.533 rows=148738733 loops=1)
  Hash Cond: (mi.movie_id = t.id)
  ->  Seq Scan on movie_info mi  (cost=0.00..309384.22 rows=14739122 width=4) (actual time=0.025..6558.646 rows=14835720 loops=1)
  ->  Hash  (cost=1073672.70..1073672.70 rows=6855241 width=8) (actual time=29851.763..29851.763 rows=10811157 loops=1)
        Buckets: 131072 (originally 131072)  Batches: 256 (originally 128)  Memory Usage: 3073kB
        ->  Hash Join  (cost=102767.86..1073672.70 rows=6855241 width=8) (actual time=2161.594..26050.568 rows=10811157 loops=1)
              Hash Cond: (ci.movie_id = t.id)
              ->  Seq Scan on cast_info ci  (cost=0.00..796071.18 rows=6855241 width=4) (actual time=285.094..13761.975 rows=10811157 loops=1)
                    Filter: ((person_id > 2092842) AND (role_id > 2))
                    Rows Removed by Filter: 25433187
              ->  Hash  (cost=61283.27..61283.27 rows=2528527 width=4) (actual time=1875.610..1875.610 rows=2528312 loops=1)
                    Buckets: 131072  Batches: 64  Memory Usage: 2415kB
                    ->  Seq Scan on title t  (cost=0.00..61283.27 rows=2528527 width=4) (actual time=0.020..1063.149 rows=2528312 loops=1)
Planning time: 2.478 ms
Execution time: 101785.214 ms
