Hash Join  (cost=77134.53..203399.62 rows=349905 width=0) (actual time=1310.746..4545.801 rows=1138095 loops=1)
  Hash Cond: (mk.movie_id = t.id)
  ->  Seq Scan on movie_keyword mk  (cost=0.00..69693.30 rows=4523930 width=4) (actual time=0.019..1409.593 rows=4523930 loops=1)
  ->  Hash  (cost=73925.90..73925.90 rows=195570 width=4) (actual time=1309.941..1309.941 rows=300646 loops=1)
        Buckets: 131072  Batches: 4  Memory Usage: 3676kB
        ->  Seq Scan on title t  (cost=0.00..73925.90 rows=195570 width=4) (actual time=0.123..1212.714 rows=300646 loops=1)
              Filter: ((kind_id < 7) AND (production_year < 1979))
              Rows Removed by Filter: 2227666
Planning time: 0.708 ms
Execution time: 4660.445 ms
