Seq Scan on movie_keyword mk  (cost=0.00..81003.12 rows=2785901 width=0) (actual time=0.025..1477.580 rows=2777135 loops=1)
  Filter: (keyword_id > 2849)
  Rows Removed by Filter: 1746795
Planning time: 0.293 ms
Execution time: 1820.164 ms
