Hash Join  (cost=74539.83..129712.15 rows=50680 width=0) (actual time=1296.697..2312.635 rows=22540 loops=1)
  Hash Cond: (mc.movie_id = t.id)
  ->  Seq Scan on movie_companies mc  (cost=0.00..44881.29 rows=2609129 width=4) (actual time=0.022..476.721 rows=2609129 loops=1)
  ->  Hash  (cost=73925.90..73925.90 rows=49114 width=4) (actual time=1296.305..1296.305 rows=45321 loops=1)
        Buckets: 65536  Batches: 1  Memory Usage: 2106kB
        ->  Seq Scan on title t  (cost=0.00..73925.90 rows=49114 width=4) (actual time=0.053..1277.370 rows=45321 loops=1)
              Filter: ((kind_id > 1) AND (production_year > 2012))
              Rows Removed by Filter: 2482991
Planning time: 0.767 ms
Execution time: 2315.547 ms
