Seq Scan on cast_info ci  (cost=0.00..796071.18 rows=14192799 width=0) (actual time=287.181..16097.740 rows=19770908 loops=1)
  Filter: ((person_id < 2653416) AND (role_id < 3))
  Rows Removed by Filter: 16473436
Planning time: 0.339 ms
Execution time: 18560.543 ms
