Hash Join  (cost=156632.57..285028.93 rows=624926 width=0) (actual time=3325.870..7267.004 rows=2637306 loops=1)
  Hash Cond: (mk.movie_id = t.id)
  ->  Seq Scan on movie_keyword mk  (cost=0.00..81003.12 rows=3401328 width=4) (actual time=0.022..1792.031 rows=3392268 loops=1)
        Filter: (keyword_id > 1238)
        Rows Removed by Filter: 1131662
  ->  Hash  (cost=149010.49..149010.49 rows=464566 width=8) (actual time=3324.668..3324.668 rows=459925 loops=1)
        Buckets: 131072  Batches: 8  Memory Usage: 3284kB
        ->  Hash Join  (cost=102767.86..149010.49 rows=464566 width=8) (actual time=1973.700..3201.495 rows=459925 loops=1)
              Hash Cond: (mi_idx.movie_id = t.id)
              ->  Seq Scan on movie_info_idx mi_idx  (cost=0.00..25185.44 rows=464566 width=4) (actual time=0.011..506.620 rows=459925 loops=1)
                    Filter: (info_type_id = 101)
                    Rows Removed by Filter: 920110
              ->  Hash  (cost=61283.27..61283.27 rows=2528527 width=4) (actual time=1972.263..1972.263 rows=2528312 loops=1)
                    Buckets: 131072  Batches: 64  Memory Usage: 2415kB
                    ->  Seq Scan on title t  (cost=0.00..61283.27 rows=2528527 width=4) (actual time=0.011..1144.092 rows=2528312 loops=1)
Planning time: 1.191 ms
Execution time: 7582.528 ms
