Seq Scan on cast_info ci  (cost=0.00..705507.15 rows=32273966 width=0) (actual time=0.021..13329.988 rows=32417919 loops=1)
  Filter: (person_id > 366709)
  Rows Removed by Filter: 3826425
Planning time: 0.326 ms
Execution time: 17316.492 ms
