Hash Join  (cost=138112.02..894143.35 rows=524216 width=0) (actual time=2333.970..18981.546 rows=482546 loops=1)
  Hash Cond: (ci.movie_id = t.id)
  ->  Seq Scan on cast_info ci  (cost=0.00..614943.12 rows=36225612 width=4) (actual time=0.021..8069.697 rows=36244344 loops=1)
  ->  Hash  (cost=137654.65..137654.65 rows=36590 width=8) (actual time=2333.554..2333.554 rows=15621 loops=1)
        Buckets: 65536  Batches: 1  Memory Usage: 1123kB
        ->  Hash Join  (cost=69460.45..137654.65 rows=36590 width=8) (actual time=1549.779..2327.134 rows=15621 loops=1)
              Hash Cond: (mc.movie_id = t.id)
              ->  Seq Scan on movie_companies mc  (cost=0.00..57926.93 rows=817963 width=4) (actual time=504.703..1068.298 rows=510739 loops=1)
                    Filter: ((company_id < 16279) AND (company_type_id = 2))
                    Rows Removed by Filter: 2098390
              ->  Hash  (cost=67604.59..67604.59 rows=113109 width=4) (actual time=1044.239..1044.239 rows=119565 loops=1)
                    Buckets: 131072  Batches: 2  Memory Usage: 3115kB
                    ->  Seq Scan on title t  (cost=0.00..67604.59 rows=113109 width=4) (actual time=0.030..1000.255 rows=119565 loops=1)
                          Filter: (production_year = 2007)
                          Rows Removed by Filter: 2408747
Planning time: 1.181 ms
Execution time: 19051.622 ms
