Seq Scan on movie_keyword mk  (cost=0.00..81003.12 rows=246 width=0) (actual time=1.640..1350.592 rows=279 loops=1)
  Filter: (keyword_id = 455)
  Rows Removed by Filter: 4523651
Planning time: 0.384 ms
Execution time: 1350.834 ms
