Hash Join  (cost=68237.77..435846.45 rows=295275 width=0) (actual time=877.952..9628.716 rows=277213 loops=1)
  Hash Cond: (mi.movie_id = t.id)
  ->  Seq Scan on movie_info mi  (cost=0.00..309384.22 rows=14739122 width=4) (actual time=0.013..4475.250 rows=14835720 loops=1)
  ->  Hash  (cost=67604.59..67604.59 rows=50655 width=4) (actual time=877.336..877.336 rows=50564 loops=1)
        Buckets: 65536  Batches: 1  Memory Usage: 2290kB
        ->  Seq Scan on title t  (cost=0.00..67604.59 rows=50655 width=4) (actual time=0.019..857.844 rows=50564 loops=1)
              Filter: (production_year = 1999)
              Rows Removed by Filter: 2477748
Planning time: 0.669 ms
Execution time: 9670.219 ms
