Hash Join  (cost=102767.86..174998.19 rows=183840 width=0) (actual time=2077.774..3111.226 rows=80741 loops=1)
  Hash Cond: (mc.movie_id = t.id)
  ->  Seq Scan on movie_companies mc  (cost=0.00..57926.93 rows=183840 width=4) (actual time=237.935..815.802 rows=80741 loops=1)
        Filter: ((company_id < 181) AND (company_type_id > 1))
        Rows Removed by Filter: 2528388
  ->  Hash  (cost=61283.27..61283.27 rows=2528527 width=4) (actual time=1838.484..1838.484 rows=2528312 loops=1)
        Buckets: 131072  Batches: 64  Memory Usage: 2415kB
        ->  Seq Scan on title t  (cost=0.00..61283.27 rows=2528527 width=4) (actual time=0.021..976.237 rows=2528312 loops=1)
Planning time: 1.392 ms
Execution time: 3121.311 ms
