Seq Scan on movie_companies mc  (cost=0.00..57926.93 rows=890964 width=0) (actual time=0.070..1078.424 rows=724892 loops=1)
  Filter: ((company_id > 1684) AND (company_type_id < 2))
  Rows Removed by Filter: 1884237
Planning time: 0.331 ms
Execution time: 1167.968 ms
