Seq Scan on movie_keyword mk  (cost=0.00..81003.12 rows=2171964 width=0) (actual time=0.028..1316.683 rows=2172624 loops=1)
  Filter: (keyword_id > 5265)
  Rows Removed by Filter: 2351306
Planning time: 0.337 ms
Execution time: 1567.110 ms
