Hash Join  (cost=83074.74..447745.01 rows=1434 width=0) (actual time=1313.160..8432.541 rows=88448 loops=1)
  Hash Cond: (mi.movie_id = t.id)
  ->  Seq Scan on movie_info mi  (cost=0.00..309384.22 rows=14739122 width=4) (actual time=0.015..4232.487 rows=14835720 loops=1)
  ->  Hash  (cost=83071.67..83071.67 rows=246 width=8) (actual time=1298.303..1298.303 rows=1624 loops=1)
        Buckets: 2048 (originally 1024)  Batches: 1 (originally 1)  Memory Usage: 80kB
        ->  Nested Loop  (cost=0.43..83071.67 rows=246 width=8) (actual time=0.486..1297.124 rows=1624 loops=1)
              ->  Seq Scan on movie_keyword mk  (cost=0.00..81003.12 rows=246 width=4) (actual time=0.410..1230.079 rows=1624 loops=1)
                    Filter: (keyword_id = 3401)
                    Rows Removed by Filter: 4522306
              ->  Index Only Scan using title_pkey on title t  (cost=0.43..8.40 rows=1 width=4) (actual time=0.040..0.040 rows=1 loops=1624)
                    Index Cond: (id = mk.movie_id)
                    Heap Fetches: 1624
Planning time: 1.168 ms
Execution time: 8446.079 ms
