Hash Join  (cost=102767.86..198254.50 rows=1421448 width=0) (actual time=2001.345..4599.223 rows=1411933 loops=1)
  Hash Cond: (mc.movie_id = t.id)
  ->  Seq Scan on movie_companies mc  (cost=0.00..51404.11 rows=1421448 width=4) (actual time=0.029..968.741 rows=1411933 loops=1)
        Filter: (company_id < 12370)
        Rows Removed by Filter: 1197196
  ->  Hash  (cost=61283.27..61283.27 rows=2528527 width=4) (actual time=1999.782..1999.782 rows=2528312 loops=1)
        Buckets: 131072  Batches: 64  Memory Usage: 2415kB
        ->  Seq Scan on title t  (cost=0.00..61283.27 rows=2528527 width=4) (actual time=0.019..1142.061 rows=2528312 loops=1)
Planning time: 0.854 ms
Execution time: 4768.341 ms
