Seq Scan on movie_keyword mk  (cost=0.00..81003.12 rows=3878116 width=0) (actual time=0.015..1595.645 rows=3875878 loops=1)
  Filter: (keyword_id > 498)
  Rows Removed by Filter: 648052
Planning time: 1.872 ms
Execution time: 2078.400 ms
