Seq Scan on cast_info ci  (cost=0.00..796071.18 rows=80 width=0) (actual time=5090.263..12422.892 rows=1 loops=1)
  Filter: ((role_id > 8) AND (person_id = 2748417))
  Rows Removed by Filter: 36244343
Planning time: 0.298 ms
Execution time: 12423.000 ms
