Hash Join  (cost=365418.15..1599736.25 rows=21839920 width=0) (actual time=15281.880..49487.692 rows=72763475 loops=1)
  Hash Cond: (ci.movie_id = t.id)
  ->  Seq Scan on cast_info ci  (cost=0.00..796071.18 rows=12206826 width=4) (actual time=6776.731..17583.522 rows=11662966 loops=1)
        Filter: ((person_id > 140764) AND (role_id = 1))
        Rows Removed by Filter: 24581378
  ->  Hash  (cost=291197.02..291197.02 rows=4523930 width=8) (actual time=8504.123..8504.123 rows=4523930 loops=1)
        Buckets: 131072  Batches: 64  Memory Usage: 3816kB
        ->  Hash Join  (cost=102767.86..291197.02 rows=4523930 width=8) (actual time=2036.516..7251.726 rows=4523930 loops=1)
              Hash Cond: (mk.movie_id = t.id)
              ->  Seq Scan on movie_keyword mk  (cost=0.00..69693.30 rows=4523930 width=4) (actual time=0.034..1533.065 rows=4523930 loops=1)
              ->  Hash  (cost=61283.27..61283.27 rows=2528527 width=4) (actual time=2035.117..2035.117 rows=2528312 loops=1)
                    Buckets: 131072  Batches: 64  Memory Usage: 2425kB
                    ->  Seq Scan on title t  (cost=0.00..61283.27 rows=2528527 width=4) (actual time=0.018..1164.738 rows=2528312 loops=1)
Planning time: 1.636 ms
Execution time: 57649.572 ms
