Hash Join  (cost=277901.66..708538.38 rows=2983791 width=0) (actual time=6720.089..15577.499 rows=8228512 loops=1)
  Hash Cond: (mi.movie_id = t.id)
  ->  Seq Scan on movie_info mi  (cost=0.00..346232.03 rows=3623957 width=4) (actual time=720.602..5505.554 rows=3624977 loops=1)
        Filter: (info_type_id < 4)
        Rows Removed by Filter: 11210743
  ->  Hash  (cost=243745.32..243745.32 rows=2081867 width=8) (actual time=5992.854..5992.854 rows=2080427 loops=1)
        Buckets: 131072  Batches: 32  Memory Usage: 3628kB
        ->  Hash Join  (cost=102767.86..243745.32 rows=2081867 width=8) (actual time=1961.820..5401.841 rows=2080427 loops=1)
              Hash Cond: (mk.movie_id = t.id)
              ->  Seq Scan on movie_keyword mk  (cost=0.00..81003.12 rows=2081867 width=4) (actual time=0.038..1454.899 rows=2080427 loops=1)
                    Filter: (keyword_id > 5816)
                    Rows Removed by Filter: 2443503
              ->  Hash  (cost=61283.27..61283.27 rows=2528527 width=4) (actual time=1960.154..1960.154 rows=2528312 loops=1)
                    Buckets: 131072  Batches: 64  Memory Usage: 2425kB
                    ->  Seq Scan on title t  (cost=0.00..61283.27 rows=2528527 width=4) (actual time=0.008..1100.738 rows=2528312 loops=1)
Planning time: 1.116 ms
Execution time: 16519.007 ms
