Seq Scan on movie_keyword mk  (cost=0.00..81003.12 rows=246 width=0) (actual time=0.595..1227.629 rows=2044 loops=1)
  Filter: (keyword_id = 1969)
  Rows Removed by Filter: 4521886
Planning time: 0.401 ms
Execution time: 1228.330 ms
