Seq Scan on movie_keyword mk  (cost=0.00..81003.12 rows=4001888 width=0) (actual time=0.023..1578.925 rows=4003052 loops=1)
  Filter: (keyword_id > 381)
  Rows Removed by Filter: 520878
Planning time: 0.691 ms
Execution time: 2070.438 ms
