Hash Join  (cost=102767.86..175246.74 rows=194212 width=0) (actual time=2366.844..3563.122 rows=384520 loops=1)
  Hash Cond: (mc.movie_id = t.id)
  ->  Seq Scan on movie_companies mc  (cost=0.00..57926.93 rows=194212 width=4) (actual time=489.324..962.440 rows=384520 loops=1)
        Filter: ((company_id > 83723) AND (company_type_id = 2))
        Rows Removed by Filter: 2224609
  ->  Hash  (cost=61283.27..61283.27 rows=2528527 width=4) (actual time=1876.454..1876.454 rows=2528312 loops=1)
        Buckets: 131072  Batches: 64  Memory Usage: 2415kB
        ->  Seq Scan on title t  (cost=0.00..61283.27 rows=2528527 width=4) (actual time=0.022..1011.037 rows=2528312 loops=1)
Planning time: 0.810 ms
Execution time: 3609.621 ms
