Hash Join  (cost=211611.10..1056783.98 rows=1817937 width=0) (actual time=5443.256..22540.280 rows=6500831 loops=1)
  Hash Cond: (ci.movie_id = t.id)
  ->  Seq Scan on cast_info ci  (cost=0.00..705507.15 rows=10356898 width=4) (actual time=1370.063..12428.193 rows=10368699 loops=1)
        Filter: (person_id > 2673992)
        Rows Removed by Filter: 25875645
  ->  Hash  (cost=204329.22..204329.22 rows=443830 width=8) (actual time=4072.012..4072.012 rows=441504 loops=1)
        Buckets: 131072  Batches: 8  Memory Usage: 3208kB
        ->  Hash Join  (cost=102767.86..204329.22 rows=443830 width=8) (actual time=1884.005..3938.661 rows=441504 loops=1)
              Hash Cond: (mk.movie_id = t.id)
              ->  Seq Scan on movie_keyword mk  (cost=0.00..81003.12 rows=443830 width=4) (actual time=53.198..1329.854 rows=441504 loops=1)
                    Filter: (keyword_id > 39992)
                    Rows Removed by Filter: 4082426
              ->  Hash  (cost=61283.27..61283.27 rows=2528527 width=4) (actual time=1829.472..1829.472 rows=2528312 loops=1)
                    Buckets: 131072  Batches: 64  Memory Usage: 2425kB
                    ->  Seq Scan on title t  (cost=0.00..61283.27 rows=2528527 width=4) (actual time=0.033..1003.845 rows=2528312 loops=1)
Planning time: 1.005 ms
Execution time: 23250.354 ms
