Hash Join  (cost=102767.86..1253613.18 rows=18096995 width=0) (actual time=2381.856..32818.581 rows=18252005 loops=1)
  Hash Cond: (ci.movie_id = t.id)
  ->  Seq Scan on cast_info ci  (cost=0.00..705507.15 rows=18096995 width=4) (actual time=0.018..13806.523 rows=18252005 loops=1)
        Filter: (person_id > 1785337)
        Rows Removed by Filter: 17992339
  ->  Hash  (cost=61283.27..61283.27 rows=2528527 width=4) (actual time=2380.528..2380.528 rows=2528312 loops=1)
        Buckets: 131072  Batches: 64  Memory Usage: 2415kB
        ->  Seq Scan on title t  (cost=0.00..61283.27 rows=2528527 width=4) (actual time=0.015..1061.938 rows=2528312 loops=1)
Planning time: 0.751 ms
Execution time: 34905.403 ms
