Hash Join  (cost=491650.71..592598.90 rows=363945 width=0) (actual time=8438.437..10826.351 rows=1103848 loops=1)
  Hash Cond: (mk.movie_id = t.id)
  ->  Seq Scan on movie_keyword mk  (cost=0.00..81003.12 rows=1136429 width=4) (actual time=0.033..1443.339 rows=1145438 loops=1)
        Filter: (keyword_id < 1305)
        Rows Removed by Filter: 3378492
  ->  Hash  (cost=478364.61..478364.61 rows=809768 width=8) (actual time=8437.124..8437.124 rows=802140 loops=1)
        Buckets: 131072  Batches: 16  Memory Usage: 2985kB
        ->  Hash Join  (cost=102767.86..478364.61 rows=809768 width=8) (actual time=6273.582..8183.285 rows=802140 loops=1)
              Hash Cond: (mi.movie_id = t.id)
              ->  Seq Scan on movie_info mi  (cost=0.00..346232.03 rows=809768 width=4) (actual time=4370.613..5086.239 rows=802140 loops=1)
                    Filter: (info_type_id < 2)
                    Rows Removed by Filter: 14033580
              ->  Hash  (cost=61283.27..61283.27 rows=2528527 width=4) (actual time=1901.861..1901.861 rows=2528312 loops=1)
                    Buckets: 131072  Batches: 64  Memory Usage: 2425kB
                    ->  Seq Scan on title t  (cost=0.00..61283.27 rows=2528527 width=4) (actual time=0.033..1047.294 rows=2528312 loops=1)
Planning time: 1.129 ms
Execution time: 10953.760 ms
