Hash Join  (cost=128753.73..215495.66 rows=8389 width=0) (actual time=2160.245..3983.890 rows=46192 loops=1)
  Hash Cond: (mk.movie_id = t.id)
  ->  Seq Scan on movie_keyword mk  (cost=0.00..69693.30 rows=4523930 width=4) (actual time=0.021..982.555 rows=4523930 loops=1)
  ->  Hash  (cost=128695.12..128695.12 rows=4689 width=8) (actual time=2160.045..2160.045 rows=9614 loops=1)
        Buckets: 16384 (originally 8192)  Batches: 1 (originally 1)  Memory Usage: 504kB
        ->  Hash Join  (cost=73982.71..128695.12 rows=4689 width=8) (actual time=1034.549..2156.140 rows=9614 loops=1)
              Hash Cond: (mc.movie_id = t.id)
              ->  Seq Scan on movie_companies mc  (cost=0.00..44881.29 rows=2609129 width=4) (actual time=0.005..623.900 rows=2609129 loops=1)
              ->  Hash  (cost=73925.90..73925.90 rows=4544 width=4) (actual time=1027.614..1027.614 rows=4032 loops=1)
                    Buckets: 8192  Batches: 1  Memory Usage: 206kB
                    ->  Seq Scan on title t  (cost=0.00..73925.90 rows=4544 width=4) (actual time=0.076..1025.395 rows=4032 loops=1)
                          Filter: ((kind_id = 2) AND (production_year = 2008))
                          Rows Removed by Filter: 2524280
Planning time: 1.064 ms
Execution time: 3989.799 ms
