Hash Join  (cost=78556.72..144479.17 rows=100126 width=0) (actual time=1313.477..2350.187 rows=31666 loops=1)
  Hash Cond: (mc.movie_id = t.id)
  ->  Seq Scan on movie_companies mc  (cost=0.00..57926.93 rows=379266 width=4) (actual time=0.026..812.334 rows=218186 loops=1)
        Filter: ((company_id < 1451) AND (company_type_id = 2))
        Rows Removed by Filter: 2390943
  ->  Hash  (cost=67604.59..67604.59 rows=667531 width=4) (actual time=1312.328..1312.328 rows=662825 loops=1)
        Buckets: 131072  Batches: 16  Memory Usage: 2476kB
        ->  Seq Scan on title t  (cost=0.00..67604.59 rows=667531 width=4) (actual time=0.552..1122.629 rows=662825 loops=1)
              Filter: (kind_id = 1)
              Rows Removed by Filter: 1865487
Planning time: 0.744 ms
Execution time: 2354.359 ms
