Hash Join  (cost=87636.94..227855.66 rows=1495168 width=0) (actual time=1613.327..5574.084 rows=3058374 loops=1)
  Hash Cond: (mk.movie_id = t.id)
  ->  Seq Scan on movie_keyword mk  (cost=0.00..69693.30 rows=4523930 width=4) (actual time=0.018..1363.892 rows=4523930 loops=1)
  ->  Hash  (cost=73925.90..73925.90 rows=835683 width=4) (actual time=1612.231..1612.231 rows=749869 loops=1)
        Buckets: 131072  Batches: 16  Memory Usage: 2683kB
        ->  Seq Scan on title t  (cost=0.00..73925.90 rows=835683 width=4) (actual time=0.023..1349.413 rows=749869 loops=1)
              Filter: ((kind_id < 7) AND (production_year > 1966))
              Rows Removed by Filter: 1778443
Planning time: 0.720 ms
Execution time: 5876.931 ms
