Seq Scan on movie_keyword mk  (cost=0.00..81003.12 rows=2741987 width=0) (actual time=0.022..1514.878 rows=2732818 loops=1)
  Filter: (keyword_id > 2892)
  Rows Removed by Filter: 1791112
Planning time: 0.305 ms
Execution time: 1860.163 ms
