Nested Loop  (cost=0.43..78361.83 rows=240 width=0) (actual time=516.340..868.400 rows=2 loops=1)
  ->  Seq Scan on movie_companies mc  (cost=0.00..57926.93 rows=2615 width=4) (actual time=5.084..770.526 rows=3777 loops=1)
        Filter: ((company_id = 394) AND (company_type_id = 2))
        Rows Removed by Filter: 2605352
  ->  Index Scan using title_pkey on title t  (cost=0.43..7.80 rows=1 width=4) (actual time=0.025..0.025 rows=0 loops=3777)
        Index Cond: (id = mc.movie_id)
        Filter: (production_year > 2011)
        Rows Removed by Filter: 1
Planning time: 0.776 ms
Execution time: 868.507 ms
