Seq Scan on movie_keyword mk  (cost=0.00..81003.12 rows=3094138 width=0) (actual time=0.022..1427.300 rows=3081091 loops=1)
  Filter: (keyword_id < 11577)
  Rows Removed by Filter: 1442839
Planning time: 0.302 ms
Execution time: 1788.751 ms
