Hash Join  (cost=325041.36..1043634.09 rows=18925600 width=0) (actual time=7809.103..58400.883 rows=167751894 loops=1)
  Hash Cond: (mi.movie_id = t.id)
  ->  Seq Scan on movie_info mi  (cost=0.00..309384.22 rows=14739122 width=4) (actual time=0.017..6228.317 rows=14835720 loops=1)
  ->  Hash  (cost=271774.28..271774.28 rows=3246726 width=8) (actual time=7807.477..7807.477 rows=3237368 loops=1)
        Buckets: 131072  Batches: 64  Memory Usage: 3095kB
        ->  Hash Join  (cost=102767.86..271774.28 rows=3246726 width=8) (actual time=2043.583..6914.663 rows=3237368 loops=1)
              Hash Cond: (mk.movie_id = t.id)
              ->  Seq Scan on movie_keyword mk  (cost=0.00..81003.12 rows=3246726 width=4) (actual time=0.014..1813.167 rows=3237368 loops=1)
                    Filter: (keyword_id < 13751)
                    Rows Removed by Filter: 1286562
              ->  Hash  (cost=61283.27..61283.27 rows=2528527 width=4) (actual time=2042.177..2042.177 rows=2528312 loops=1)
                    Buckets: 131072  Batches: 64  Memory Usage: 2425kB
                    ->  Seq Scan on title t  (cost=0.00..61283.27 rows=2528527 width=4) (actual time=0.012..1196.004 rows=2528312 loops=1)
Planning time: 3.457 ms
Execution time: 76134.321 ms
