Hash Join  (cost=102767.86..954583.89 rows=1906145 width=0) (actual time=3691.858..15535.482 rows=885934 loops=1)
  Hash Cond: (ci.movie_id = t.id)
  ->  Seq Scan on cast_info ci  (cost=0.00..796071.18 rows=1906145 width=4) (actual time=1755.746..12615.248 rows=885934 loops=1)
        Filter: ((person_id < 854908) AND (role_id > 6))
        Rows Removed by Filter: 35358410
  ->  Hash  (cost=61283.27..61283.27 rows=2528527 width=4) (actual time=1933.564..1933.564 rows=2528312 loops=1)
        Buckets: 131072  Batches: 64  Memory Usage: 2415kB
        ->  Seq Scan on title t  (cost=0.00..61283.27 rows=2528527 width=4) (actual time=0.034..1124.918 rows=2528312 loops=1)
Planning time: 0.761 ms
Execution time: 15628.863 ms
