Hash Join  (cost=67688.88..154467.55 rows=12064 width=0) (actual time=1016.150..2722.766 rows=1730 loops=1)
  Hash Cond: (mk.movie_id = t.id)
  ->  Seq Scan on movie_keyword mk  (cost=0.00..69693.30 rows=4523930 width=4) (actual time=0.009..919.404 rows=4523930 loops=1)
  ->  Hash  (cost=67604.59..67604.59 rows=6743 width=4) (actual time=1015.719..1015.719 rows=4085 loops=1)
        Buckets: 8192  Batches: 1  Memory Usage: 208kB
        ->  Seq Scan on title t  (cost=0.00..67604.59 rows=6743 width=4) (actual time=0.018..1013.861 rows=4085 loops=1)
              Filter: (production_year < 1899)
              Rows Removed by Filter: 2524227
Planning time: 7.701 ms
Execution time: 2723.206 ms
