Hash Join  (cost=78641.77..1040264.15 rows=1471825 width=0) (actual time=1513.102..24548.618 rows=2500853 loops=1)
  Hash Cond: (ci.movie_id = t.id)
  ->  Seq Scan on cast_info ci  (cost=0.00..796071.18 rows=12947720 width=4) (actual time=14.908..15602.213 rows=14133376 loops=1)
        Filter: ((person_id < 1456148) AND (role_id < 10))
        Rows Removed by Filter: 22110968
  ->  Hash  (cost=73925.90..73925.90 rows=287429 width=4) (actual time=1367.691..1367.691 rows=401493 loops=1)
        Buckets: 131072 (originally 131072)  Batches: 8 (originally 4)  Memory Usage: 3073kB
        ->  Seq Scan on title t  (cost=0.00..73925.90 rows=287429 width=4) (actual time=0.051..1231.739 rows=401493 loops=1)
              Filter: ((kind_id < 7) AND (production_year < 1992))
              Rows Removed by Filter: 2126819
Planning time: 2.605 ms
Execution time: 24845.088 ms
