Hash Join  (cost=88463.62..123953.38 rows=159136 width=0) (actual time=1397.605..2391.856 rows=284625 loops=1)
  Hash Cond: (mi_idx.movie_id = t.id)
  ->  Seq Scan on movie_info_idx mi_idx  (cost=0.00..25185.44 rows=454124 width=4) (actual time=0.022..530.143 rows=459925 loops=1)
        Filter: (info_type_id = 100)
        Rows Removed by Filter: 920110
  ->  Hash  (cost=73925.90..73925.90 rows=886057 width=4) (actual time=1396.434..1396.434 rows=800705 loops=1)
        Buckets: 131072  Batches: 16  Memory Usage: 2785kB
        ->  Seq Scan on title t  (cost=0.00..73925.90 rows=886057 width=4) (actual time=0.035..1140.814 rows=800705 loops=1)
              Filter: ((kind_id < 7) AND (production_year > 1954))
              Rows Removed by Filter: 1727607
Planning time: 0.785 ms
Execution time: 2426.695 ms
