Seq Scan on movie_companies mc  (cost=0.00..51404.11 rows=1220312 width=0) (actual time=0.026..918.772 rows=1231618 loops=1)
  Filter: (company_id > 11872)
  Rows Removed by Filter: 1377511
Planning time: 0.319 ms
Execution time: 1068.795 ms
