Hash Join  (cost=128478.61..261643.52 rows=562201 width=0) (actual time=2922.134..7961.277 rows=6448462 loops=1)
  Hash Cond: (mk.movie_id = t.id)
  ->  Seq Scan on movie_keyword mk  (cost=0.00..81003.12 rows=3901807 width=4) (actual time=0.025..1887.138 rows=3899134 loops=1)
        Filter: (keyword_id < 29320)
        Rows Removed by Filter: 624796
  ->  Hash  (cost=122500.50..122500.50 rows=364329 width=8) (actual time=2920.322..2920.322 rows=629900 loops=1)
        Buckets: 131072 (originally 131072)  Batches: 16 (originally 8)  Memory Usage: 3073kB
        ->  Hash Join  (cost=78556.72..122500.50 rows=364329 width=8) (actual time=1504.046..2724.819 rows=629900 loops=1)
              Hash Cond: (mi_idx.movie_id = t.id)
              ->  Seq Scan on movie_info_idx mi_idx  (cost=0.00..21735.35 rows=1380035 width=4) (actual time=0.031..507.532 rows=1380035 loops=1)
              ->  Hash  (cost=67604.59..67604.59 rows=667531 width=4) (actual time=1272.236..1272.236 rows=662825 loops=1)
                    Buckets: 131072  Batches: 16  Memory Usage: 2476kB
                    ->  Seq Scan on title t  (cost=0.00..67604.59 rows=667531 width=4) (actual time=0.014..1067.813 rows=662825 loops=1)
                          Filter: (kind_id = 1)
                          Rows Removed by Filter: 1865487
Planning time: 1.185 ms
Execution time: 8679.152 ms
