Hash Join  (cost=796926.13..883584.87 rows=70 width=0) (actual time=11091.084..12394.721 rows=11 loops=1)
  Hash Cond: (mk.movie_id = t.id)
  ->  Seq Scan on movie_keyword mk  (cost=0.00..69693.30 rows=4523930 width=4) (actual time=0.014..1069.075 rows=4523930 loops=1)
  ->  Hash  (cost=796925.64..796925.64 rows=39 width=8) (actual time=10578.566..10578.566 rows=12 loops=1)
        Buckets: 1024  Batches: 1  Memory Usage: 9kB
        ->  Nested Loop  (cost=0.43..796925.64 rows=39 width=8) (actual time=6516.964..10578.530 rows=12 loops=1)
              ->  Seq Scan on cast_info ci  (cost=0.00..796071.18 rows=101 width=4) (actual time=6516.869..10543.705 rows=1089 loops=1)
                    Filter: ((person_id = 1749775) AND (role_id = 2))
                    Rows Removed by Filter: 36243255
              ->  Index Scan using title_pkey on title t  (cost=0.43..8.45 rows=1 width=4) (actual time=0.031..0.031 rows=0 loops=1089)
                    Index Cond: (id = ci.movie_id)
                    Filter: (kind_id < 7)
                    Rows Removed by Filter: 1
Planning time: 1.239 ms
Execution time: 12394.872 ms
