Seq Scan on cast_info ci  (cost=0.00..705507.15 rows=500 width=0) (actual time=6.642..10606.289 rows=40 loops=1)
  Filter: (person_id = 909660)
  Rows Removed by Filter: 36244304
Planning time: 0.390 ms
Execution time: 10606.370 ms
