Hash Join  (cost=98271.57..1350465.59 rows=21259386 width=0) (actual time=2201.001..43252.020 rows=21053933 loops=1)
  Hash Cond: (ci.movie_id = t.id)
  ->  Seq Scan on cast_info ci  (cost=0.00..614943.12 rows=36225612 width=4) (actual time=0.007..13785.941 rows=36244344 loops=1)
  ->  Hash  (cost=73925.90..73925.90 rows=1483893 width=4) (actual time=2200.149..2200.149 rows=1478439 loops=1)
        Buckets: 131072  Batches: 32  Memory Usage: 2651kB
        ->  Seq Scan on title t  (cost=0.00..73925.90 rows=1483893 width=4) (actual time=178.606..1315.669 rows=1478439 loops=1)
              Filter: ((production_year > 1909) AND (kind_id = 7))
              Rows Removed by Filter: 1049873
Planning time: 0.721 ms
Execution time: 45708.251 ms
