Hash Join  (cost=179689.65..574288.43 rows=975003 width=0) (actual time=7596.465..12769.616 rows=2962223 loops=1)
  Hash Cond: (mi.movie_id = t.id)
  ->  Seq Scan on movie_info mi  (cost=0.00..346232.03 rows=3068194 width=4) (actual time=3202.949..5985.101 rows=3036719 loops=1)
        Filter: (info_type_id = 16)
        Rows Removed by Filter: 11799001
  ->  Hash  (cost=166506.79..166506.79 rows=803509 width=8) (actual time=4391.993..4391.993 rows=1153103 loops=1)
        Buckets: 131072  Batches: 16  Memory Usage: 3890kB
        ->  Hash Join  (cost=80380.17..166506.79 rows=803509 width=8) (actual time=1375.419..4033.853 rows=1153103 loops=1)
              Hash Cond: (mc.movie_id = t.id)
              ->  Seq Scan on movie_companies mc  (cost=0.00..44881.29 rows=2609129 width=4) (actual time=0.024..889.692 rows=2609129 loops=1)
              ->  Hash  (cost=67604.59..67604.59 rows=778687 width=4) (actual time=1374.305..1374.305 rows=782677 loops=1)
                    Buckets: 131072  Batches: 16  Memory Usage: 2744kB
                    ->  Seq Scan on title t  (cost=0.00..67604.59 rows=778687 width=4) (actual time=0.041..1131.392 rows=782677 loops=1)
                          Filter: (production_year < 1994)
                          Rows Removed by Filter: 1745635
Planning time: 1.219 ms
Execution time: 13134.932 ms
