Hash Join  (cost=88295.76..181285.64 rows=1301335 width=0) (actual time=1680.723..4989.566 rows=1058433 loops=1)
  Hash Cond: (mc.movie_id = t.id)
  ->  Seq Scan on movie_companies mc  (cost=0.00..44881.29 rows=2609129 width=4) (actual time=0.024..924.160 rows=2609129 loops=1)
  ->  Hash  (cost=67604.59..67604.59 rows=1261134 width=4) (actual time=1679.115..1679.115 rows=1260295 loops=1)
        Buckets: 131072  Batches: 32  Memory Usage: 2413kB
        ->  Seq Scan on title t  (cost=0.00..67604.59 rows=1261134 width=4) (actual time=0.018..1268.572 rows=1260295 loops=1)
              Filter: (production_year > 2002)
              Rows Removed by Filter: 1268017
Planning time: 0.717 ms
Execution time: 5114.861 ms
