Seq Scan on movie_keyword mk  (cost=0.00..81003.12 rows=1042611 width=0) (actual time=0.028..1369.660 rows=1042777 loops=1)
  Filter: (keyword_id < 1038)
  Rows Removed by Filter: 3481153
Planning time: 1.222 ms
Execution time: 1499.624 ms
