Hash Join  (cost=81437.64..168460.73 rows=458008 width=0) (actual time=1790.782..3874.561 rows=288203 loops=1)
  Hash Cond: (mc.movie_id = t.id)
  ->  Seq Scan on movie_companies mc  (cost=0.00..51404.11 rows=2529573 width=4) (actual time=0.018..1184.133 rows=2529714 loops=1)
        Filter: (company_id < 170423)
        Rows Removed by Filter: 79415
  ->  Hash  (cost=73925.90..73925.90 rows=457819 width=4) (actual time=1441.123..1441.123 rows=344212 loops=1)
        Buckets: 131072  Batches: 8  Memory Usage: 2523kB
        ->  Seq Scan on title t  (cost=0.00..73925.90 rows=457819 width=4) (actual time=0.025..1334.306 rows=344212 loops=1)
              Filter: ((production_year < 1993) AND (kind_id = 7))
              Rows Removed by Filter: 2184100
Planning time: 0.713 ms
Execution time: 3913.371 ms
