Hash Join  (cost=505750.53..651952.90 rows=1721576 width=0) (actual time=9557.719..22501.706 rows=46886248 loops=1)
  Hash Cond: (mk.movie_id = t.id)
  ->  Seq Scan on movie_keyword mk  (cost=0.00..81003.12 rows=3758530 width=4) (actual time=0.024..1757.639 rows=3751112 loops=1)
        Filter: (keyword_id < 24382)
        Rows Removed by Filter: 772818
  ->  Hash  (cost=486748.29..486748.29 rows=1158179 width=8) (actual time=9556.593..9556.593 rows=1204709 loops=1)
        Buckets: 131072  Batches: 16  Memory Usage: 3952kB
        ->  Hash Join  (cost=102767.86..486748.29 rows=1158179 width=8) (actual time=4925.610..9185.924 rows=1204709 loops=1)
              Hash Cond: (mi.movie_id = t.id)
              ->  Seq Scan on movie_info mi  (cost=0.00..346232.03 rows=1158179 width=4) (actual time=2772.582..5629.934 rows=1204709 loops=1)
                    Filter: (info_type_id > 18)
                    Rows Removed by Filter: 13631011
              ->  Hash  (cost=61283.27..61283.27 rows=2528527 width=4) (actual time=2150.237..2150.237 rows=2528312 loops=1)
                    Buckets: 131072  Batches: 64  Memory Usage: 2425kB
                    ->  Seq Scan on title t  (cost=0.00..61283.27 rows=2528527 width=4) (actual time=0.026..1055.878 rows=2528312 loops=1)
Planning time: 1.704 ms
Execution time: 27399.466 ms
