Seq Scan on cast_info ci  (cost=0.00..705507.15 rows=1831770 width=0) (actual time=2731.364..11706.538 rows=1870639 loops=1)
  Filter: (person_id > 3692719)
  Rows Removed by Filter: 34373705
Planning time: 0.248 ms
Execution time: 11951.144 ms
