Hash Join  (cost=80380.17..153562.89 rows=394041 width=0) (actual time=1312.679..3119.820 rows=593188 loops=1)
  Hash Cond: (mc.movie_id = t.id)
  ->  Seq Scan on movie_companies mc  (cost=0.00..51404.11 rows=1279517 width=4) (actual time=0.025..1001.503 rows=1274246 loops=1)
        Filter: (company_type_id = 1)
        Rows Removed by Filter: 1334883
  ->  Hash  (cost=67604.59..67604.59 rows=778687 width=4) (actual time=1311.723..1311.723 rows=782677 loops=1)
        Buckets: 131072  Batches: 16  Memory Usage: 2744kB
        ->  Seq Scan on title t  (cost=0.00..67604.59 rows=778687 width=4) (actual time=0.015..1068.903 rows=782677 loops=1)
              Filter: (production_year < 1994)
              Rows Removed by Filter: 1745635
Planning time: 1.879 ms
Execution time: 3179.775 ms
