Hash Join  (cost=797557.90..1162224.09 rows=1026 width=0) (actual time=10261.338..17697.553 rows=882 loops=1)
  Hash Cond: (mi.movie_id = t.id)
  ->  Seq Scan on movie_info mi  (cost=0.00..309384.22 rows=14739122 width=4) (actual time=0.024..4701.652 rows=14835720 loops=1)
  ->  Hash  (cost=797555.70..797555.70 rows=176 width=8) (actual time=10221.336..10221.336 rows=355 loops=1)
        Buckets: 1024  Batches: 1  Memory Usage: 22kB
        ->  Nested Loop  (cost=0.43..797555.70 rows=176 width=8) (actual time=9326.678..10221.197 rows=355 loops=1)
              ->  Seq Scan on cast_info ci  (cost=0.00..796071.18 rows=176 width=4) (actual time=9326.582..10216.315 rows=355 loops=1)
                    Filter: ((person_id = 781832) AND (role_id = 1))
                    Rows Removed by Filter: 36243989
              ->  Index Only Scan using title_pkey on title t  (cost=0.43..8.42 rows=1 width=4) (actual time=0.013..0.013 rows=1 loops=355)
                    Index Cond: (id = ci.movie_id)
                    Heap Fetches: 355
Planning time: 3.940 ms
Execution time: 17697.945 ms
