Hash Join  (cost=477150.74..605026.46 rows=603425 width=0) (actual time=8738.812..12997.728 rows=2608639 loops=1)
  Hash Cond: (mk.movie_id = t.id)
  ->  Seq Scan on movie_keyword mk  (cost=0.00..81003.12 rows=3379292 width=4) (actual time=0.030..1734.717 rows=3366261 loops=1)
        Filter: (keyword_id < 16141)
        Rows Removed by Filter: 1157669
  ->  Hash  (cost=469742.89..469742.89 rows=451508 width=8) (actual time=8737.958..8737.958 rows=474443 loops=1)
        Buckets: 131072  Batches: 8  Memory Usage: 3350kB
        ->  Hash Join  (cost=102767.86..469742.89 rows=451508 width=8) (actual time=2944.754..8593.255 rows=474443 loops=1)
              Hash Cond: (mi.movie_id = t.id)
              ->  Seq Scan on movie_info mi  (cost=0.00..346232.03 rows=451508 width=4) (actual time=551.330..5422.959 rows=474443 loops=1)
                    Filter: (info_type_id = 6)
                    Rows Removed by Filter: 14361277
              ->  Hash  (cost=61283.27..61283.27 rows=2528527 width=4) (actual time=2392.013..2392.013 rows=2528312 loops=1)
                    Buckets: 131072  Batches: 64  Memory Usage: 2425kB
                    ->  Seq Scan on title t  (cost=0.00..61283.27 rows=2528527 width=4) (actual time=0.031..1199.256 rows=2528312 loops=1)
Planning time: 5.987 ms
Execution time: 13265.284 ms
