Seq Scan on movie_keyword mk  (cost=0.00..81003.12 rows=2541499 width=0) (actual time=0.022..1247.811 rows=2540988 loops=1)
  Filter: (keyword_id > 3505)
  Rows Removed by Filter: 1982942
Planning time: 0.268 ms
Execution time: 1526.006 ms
