Hash Join  (cost=195723.15..1000047.20 rows=467465 width=0) (actual time=7953.187..19745.244 rows=493915 loops=1)
  Hash Cond: (ci.movie_id = t.id)
  ->  Seq Scan on cast_info ci  (cost=0.00..705507.15 rows=7298253 width=4) (actual time=4125.665..12737.811 rows=7451973 loops=1)
        Filter: (role_id = 2)
        Rows Removed by Filter: 28792371
  ->  Hash  (cost=193065.70..193065.70 rows=161956 width=8) (actual time=3826.029..3826.029 rows=183129 loops=1)
        Buckets: 131072  Batches: 4  Memory Usage: 2821kB
        ->  Hash Join  (cost=69090.10..193065.70 rows=161956 width=8) (actual time=2356.286..3773.871 rows=183129 loops=1)
              Hash Cond: (mk.movie_id = t.id)
              ->  Seq Scan on movie_keyword mk  (cost=0.00..69693.30 rows=4523930 width=4) (actual time=0.031..1387.317 rows=4523930 loops=1)
              ->  Hash  (cost=67604.59..67604.59 rows=90521 width=4) (actual time=1035.057..1035.057 rows=90852 loops=1)
                    Buckets: 131072  Batches: 2  Memory Usage: 2632kB
                    ->  Seq Scan on title t  (cost=0.00..67604.59 rows=90521 width=4) (actual time=212.306..999.727 rows=90852 loops=1)
                          Filter: (kind_id = 2)
                          Rows Removed by Filter: 2437460
Planning time: 1.155 ms
Execution time: 19809.149 ms
