Seq Scan on movie_companies mc  (cost=0.00..57926.93 rows=1075480 width=0) (actual time=0.040..1054.019 rows=834309 loops=1)
  Filter: ((company_id < 74175) AND (company_type_id = 2))
  Rows Removed by Filter: 1774820
Planning time: 0.411 ms
Execution time: 1154.862 ms
