Hash Join  (cost=151037.17..234119.70 rows=582700 width=0) (actual time=3185.020..6079.285 rows=624262 loops=1)
  Hash Cond: (mc.movie_id = t.id)
  ->  Seq Scan on movie_companies mc  (cost=0.00..44881.29 rows=2609129 width=4) (actual time=0.021..913.895 rows=2609129 loops=1)
  ->  Hash  (cost=141772.44..141772.44 rows=564699 width=8) (actual time=3183.781..3183.781 rows=294920 loops=1)
        Buckets: 131072  Batches: 8  Memory Usage: 2464kB
        ->  Hash Join  (cost=93093.72..141772.44 rows=564699 width=8) (actual time=1780.595..3103.676 rows=294920 loops=1)
              Hash Cond: (mi_idx.movie_id = t.id)
              ->  Seq Scan on movie_info_idx mi_idx  (cost=0.00..25185.44 rows=919057 width=4) (actual time=0.642..557.703 rows=920110 loops=1)
                    Filter: (info_type_id > 99)
                    Rows Removed by Filter: 459925
              ->  Hash  (cost=67604.59..67604.59 rows=1553611 width=4) (actual time=1778.966..1778.966 rows=1555864 loops=1)
                    Buckets: 131072  Batches: 32  Memory Usage: 2734kB
                    ->  Seq Scan on title t  (cost=0.00..67604.59 rows=1553611 width=4) (actual time=0.030..1292.870 rows=1555864 loops=1)
                          Filter: (kind_id > 4)
                          Rows Removed by Filter: 972448
Planning time: 1.181 ms
Execution time: 6157.139 ms
