Hash Join  (cost=320987.28..828518.21 rows=7171019 width=0) (actual time=7126.548..16667.405 rows=7304466 loops=1)
  Hash Cond: (mi.movie_id = t.id)
  ->  Seq Scan on movie_info mi  (cost=0.00..346232.03 rows=5445713 width=4) (actual time=745.936..5722.021 rows=5410520 loops=1)
        Filter: (info_type_id < 6)
        Rows Removed by Filter: 9425200
  ->  Hash  (cost=266360.12..266360.12 rows=3329613 width=8) (actual time=6379.345..6379.345 rows=1637255 loops=1)
        Buckets: 131072  Batches: 64  Memory Usage: 2032kB
        ->  Hash Join  (cost=98137.04..266360.12 rows=3329613 width=8) (actual time=1870.390..5953.105 rows=1637255 loops=1)
              Hash Cond: (mk.movie_id = t.id)
              ->  Seq Scan on movie_keyword mk  (cost=0.00..69693.30 rows=4523930 width=4) (actual time=0.034..1493.883 rows=4523930 loops=1)
              ->  Hash  (cost=67604.59..67604.59 rows=1860996 width=4) (actual time=1869.283..1869.283 rows=1865487 loops=1)
                    Buckets: 131072  Batches: 32  Memory Usage: 3085kB
                    ->  Seq Scan on title t  (cost=0.00..67604.59 rows=1860996 width=4) (actual time=0.019..1253.578 rows=1865487 loops=1)
                          Filter: (kind_id > 1)
                          Rows Removed by Filter: 662825
Planning time: 1.189 ms
Execution time: 17446.473 ms
