Seq Scan on movie_keyword mk  (cost=0.00..81003.12 rows=1669006 width=0) (actual time=0.021..1469.419 rows=1680613 loops=1)
  Filter: (keyword_id > 8652)
  Rows Removed by Filter: 2843317
Planning time: 0.249 ms
Execution time: 1681.947 ms
