Seq Scan on cast_info ci  (cost=0.00..705507.15 rows=500 width=0) (actual time=1908.117..10714.944 rows=2 loops=1)
  Filter: (person_id = 455936)
  Rows Removed by Filter: 36244342
Planning time: 0.376 ms
Execution time: 10715.069 ms
