Hash Join  (cost=83074.74..139466.19 rows=129 width=0) (actual time=1681.811..2442.333 rows=5806 loops=1)
  Hash Cond: (mc.movie_id = t.id)
  ->  Seq Scan on movie_companies mc  (cost=0.00..51404.11 rows=1329612 width=4) (actual time=341.619..878.568 rows=1334883 loops=1)
        Filter: (company_type_id = 2)
        Rows Removed by Filter: 1274246
  ->  Hash  (cost=83071.67..83071.67 rows=246 width=8) (actual time=1339.660..1339.660 rows=3418 loops=1)
        Buckets: 4096 (originally 1024)  Batches: 1 (originally 1)  Memory Usage: 166kB
        ->  Nested Loop  (cost=0.43..83071.67 rows=246 width=8) (actual time=1.078..1337.008 rows=3418 loops=1)
              ->  Seq Scan on movie_keyword mk  (cost=0.00..81003.12 rows=246 width=4) (actual time=0.996..1232.743 rows=3418 loops=1)
                    Filter: (keyword_id = 763)
                    Rows Removed by Filter: 4520512
              ->  Index Only Scan using title_pkey on title t  (cost=0.43..8.40 rows=1 width=4) (actual time=0.029..0.030 rows=1 loops=3418)
                    Index Cond: (id = mk.movie_id)
                    Heap Fetches: 3418
Planning time: 1.723 ms
Execution time: 2443.476 ms
