Hash Join  (cost=247240.37..809412.01 rows=7719271 width=0) (actual time=5190.980..35729.485 rows=70766574 loops=1)
  Hash Cond: (mi.movie_id = t.id)
  ->  Seq Scan on movie_info mi  (cost=0.00..309384.22 rows=14739122 width=4) (actual time=0.019..6064.374 rows=14835720 loops=1)
  ->  Hash  (cost=225514.16..225514.16 rows=1324257 width=8) (actual time=5189.192..5189.192 rows=1339799 loops=1)
        Buckets: 131072  Batches: 32  Memory Usage: 2731kB
        ->  Hash Join  (cost=102767.86..225514.16 rows=1324257 width=8) (actual time=1838.684..4790.400 rows=1339799 loops=1)
              Hash Cond: (mk.movie_id = t.id)
              ->  Seq Scan on movie_keyword mk  (cost=0.00..81003.12 rows=1324257 width=4) (actual time=0.023..1492.124 rows=1339799 loops=1)
                    Filter: (keyword_id > 12813)
                    Rows Removed by Filter: 3184131
              ->  Hash  (cost=61283.27..61283.27 rows=2528527 width=4) (actual time=1836.635..1836.635 rows=2528312 loops=1)
                    Buckets: 131072  Batches: 64  Memory Usage: 2425kB
                    ->  Seq Scan on title t  (cost=0.00..61283.27 rows=2528527 width=4) (actual time=0.014..970.267 rows=2528312 loops=1)
Planning time: 1.124 ms
Execution time: 43769.774 ms
