Hash Join  (cost=137528.28..224748.61 rows=45141 width=0) (actual time=3237.830..4399.903 rows=26902 loops=1)
  Hash Cond: (mk.movie_id = t.id)
  ->  Seq Scan on movie_keyword mk  (cost=0.00..81003.12 rows=402878 width=4) (actual time=0.013..1318.481 rows=397650 loops=1)
        Filter: (keyword_id > 43540)
        Rows Removed by Filter: 4126280
  ->  Hash  (cost=132879.85..132879.85 rows=283315 width=8) (actual time=2892.183..2892.183 rows=141906 loops=1)
        Buckets: 131072  Batches: 4  Memory Usage: 2413kB
        ->  Hash Join  (cost=92883.59..132879.85 rows=283315 width=8) (actual time=1783.650..2847.328 rows=141906 loops=1)
              Hash Cond: (mi_idx.movie_id = t.id)
              ->  Seq Scan on movie_info_idx mi_idx  (cost=0.00..25185.44 rows=464934 width=4) (actual time=0.025..530.313 rows=460185 loops=1)
                    Filter: (info_type_id > 100)
                    Rows Removed by Filter: 919850
              ->  Hash  (cost=67604.59..67604.59 rows=1540800 width=4) (actual time=1782.515..1782.515 rows=1543264 loops=1)
                    Buckets: 131072  Batches: 32  Memory Usage: 2722kB
                    ->  Seq Scan on title t  (cost=0.00..67604.59 rows=1540800 width=4) (actual time=0.017..1266.326 rows=1543264 loops=1)
                          Filter: (kind_id = 7)
                          Rows Removed by Filter: 985048
Planning time: 1.141 ms
Execution time: 4403.495 ms
