Seq Scan on title t  (cost=0.00..73925.90 rows=424889 width=0) (actual time=317.575..1260.892 rows=309098 loops=1)
  Filter: ((production_year > 1995) AND (kind_id = 1))
  Rows Removed by Filter: 2219214
Planning time: 0.430 ms
Execution time: 1301.137 ms
