Hash Join  (cost=142115.37..226709.40 rows=441094 width=0) (actual time=3120.425..5510.200 rows=662265 loops=1)
  Hash Cond: (mc.movie_id = t.id)
  ->  Seq Scan on movie_companies mc  (cost=0.00..51404.11 rows=2326925 width=4) (actual time=0.020..1124.464 rows=2331492 loops=1)
        Filter: (company_id > 145)
        Rows Removed by Filter: 277637
  ->  Hash  (cost=134251.00..134251.00 rows=479310 width=8) (actual time=3116.827..3116.827 rows=324597 loops=1)
        Buckets: 131072  Batches: 8  Memory Usage: 2604kB
        ->  Hash Join  (cost=88334.42..134251.00 rows=479310 width=8) (actual time=1695.813..3022.197 rows=324597 loops=1)
              Hash Cond: (mi_idx.movie_id = t.id)
              ->  Seq Scan on movie_info_idx mi_idx  (cost=0.00..21735.35 rows=1380035 width=4) (actual time=0.020..465.300 rows=1380035 loops=1)
              ->  Hash  (cost=73925.90..73925.90 rows=878201 width=4) (actual time=1694.991..1694.991 rows=947729 loops=1)
                    Buckets: 131072  Batches: 16  Memory Usage: 3113kB
                    ->  Seq Scan on title t  (cost=0.00..73925.90 rows=878201 width=4) (actual time=0.023..1393.891 rows=947729 loops=1)
                          Filter: ((kind_id > 1) AND (production_year > 2003))
                          Rows Removed by Filter: 1580583
Planning time: 1.251 ms
Execution time: 5592.970 ms
