Hash Join  (cost=97835.13..149174.34 rows=795373 width=0) (actual time=2203.380..3598.996 rows=417300 loops=1)
  Hash Cond: (mi_idx.movie_id = t.id)
  ->  Seq Scan on movie_info_idx mi_idx  (cost=0.00..21735.35 rows=1380035 width=4) (actual time=0.031..423.994 rows=1380035 loops=1)
  ->  Hash  (cost=73925.90..73925.90 rows=1457298 width=4) (actual time=2201.532..2201.532 rows=1438183 loops=1)
        Buckets: 131072  Batches: 32  Memory Usage: 2604kB
        ->  Seq Scan on title t  (cost=0.00..73925.90 rows=1457298 width=4) (actual time=0.018..1419.602 rows=1438183 loops=1)
              Filter: ((production_year < 2013) AND (kind_id = 7))
              Rows Removed by Filter: 1090129
Planning time: 0.780 ms
Execution time: 3650.064 ms
