Hash Join  (cost=58358.90..140757.96 rows=8 width=0) (actual time=837.022..2292.173 rows=158 loops=1)
  Hash Cond: (mk.movie_id = t.id)
  ->  Seq Scan on movie_keyword mk  (cost=0.00..81003.12 rows=372226 width=4) (actual time=0.021..1407.398 rows=370392 loops=1)
        Filter: (keyword_id > 45624)
        Rows Removed by Filter: 4153538
  ->  Hash  (cost=58358.27..58358.27 rows=51 width=8) (actual time=829.988..829.988 rows=214 loops=1)
        Buckets: 1024  Batches: 1  Memory Usage: 17kB
        ->  Nested Loop  (cost=0.43..58358.27 rows=51 width=8) (actual time=286.143..829.817 rows=214 loops=1)
              ->  Seq Scan on movie_companies mc  (cost=0.00..57926.93 rows=51 width=4) (actual time=286.046..822.978 rows=214 loops=1)
                    Filter: ((company_id = 13746) AND (company_type_id = 1))
                    Rows Removed by Filter: 2608915
              ->  Index Only Scan using title_pkey on title t  (cost=0.43..8.45 rows=1 width=4) (actual time=0.030..0.030 rows=1 loops=214)
                    Index Cond: (id = mc.movie_id)
                    Heap Fetches: 214
Planning time: 2.037 ms
Execution time: 2292.356 ms
