Hash Join  (cost=76243.83..564836.81 rows=823505 width=0) (actual time=1613.441..13064.114 rows=241638 loops=1)
  Hash Cond: (mi.movie_id = t.id)
  ->  Seq Scan on movie_info mi  (cost=0.00..309384.22 rows=14739122 width=4) (actual time=0.008..6276.200 rows=14835720 loops=1)
  ->  Hash  (cost=73925.90..73925.90 rows=141274 width=4) (actual time=1184.789..1184.789 rows=150659 loops=1)
        Buckets: 131072  Batches: 2  Memory Usage: 3679kB
        ->  Seq Scan on title t  (cost=0.00..73925.90 rows=141274 width=4) (actual time=0.055..1125.239 rows=150659 loops=1)
              Filter: ((production_year > 2011) AND (kind_id = 7))
              Rows Removed by Filter: 2377653
Planning time: 0.748 ms
Execution time: 13098.382 ms
