Hash Join  (cost=99467.55..205405.33 rows=2003985 width=0) (actual time=1856.290..4836.657 rows=1726648 loops=1)
  Hash Cond: (mc.movie_id = t.id)
  ->  Seq Scan on movie_companies mc  (cost=0.00..44881.29 rows=2609129 width=4) (actual time=0.022..981.953 rows=2609129 loops=1)
  ->  Hash  (cost=67604.59..67604.59 rows=1942077 width=4) (actual time=1854.988..1854.988 rows=1932484 loops=1)
        Buckets: 131072  Batches: 32  Memory Usage: 3155kB
        ->  Seq Scan on title t  (cost=0.00..67604.59 rows=1942077 width=4) (actual time=0.017..1237.777 rows=1932484 loops=1)
              Filter: (production_year > 1980)
              Rows Removed by Filter: 595828
Planning time: 1.272 ms
Execution time: 5018.042 ms
