Hash Join  (cost=141461.18..223183.65 rows=483994 width=0) (actual time=3148.204..6146.516 rows=2695760 loops=1)
  Hash Cond: (mc.movie_id = t.id)
  ->  Seq Scan on movie_companies mc  (cost=0.00..44881.29 rows=2609129 width=4) (actual time=0.023..961.757 rows=2609129 loops=1)
  ->  Hash  (cost=133765.16..133765.16 rows=469042 width=8) (actual time=3147.258..3147.258 rows=824629 loops=1)
        Buckets: 131072 (originally 131072)  Batches: 16 (originally 8)  Memory Usage: 3073kB
        ->  Hash Join  (cost=88025.26..133765.16 rows=469042 width=8) (actual time=1422.656..2883.676 rows=824629 loops=1)
              Hash Cond: (mi_idx.movie_id = t.id)
              ->  Seq Scan on movie_info_idx mi_idx  (cost=0.00..21735.35 rows=1380035 width=4) (actual time=0.015..415.557 rows=1380035 loops=1)
              ->  Hash  (cost=73925.90..73925.90 rows=859388 width=4) (actual time=1421.330..1421.330 rows=774344 loops=1)
                    Buckets: 131072  Batches: 16  Memory Usage: 2728kB
                    ->  Seq Scan on title t  (cost=0.00..73925.90 rows=859388 width=4) (actual time=0.024..1177.236 rows=774344 loops=1)
                          Filter: ((kind_id < 7) AND (production_year > 1961))
                          Rows Removed by Filter: 1753968
Planning time: 1.188 ms
Execution time: 6391.031 ms
