Hash Join  (cost=283635.21..729923.36 rows=1131902 width=219) (actual time=6827.387..17493.004 rows=2200982 loops=1)
  Hash Cond: (mi.movie_id = t.id)
  ->  Seq Scan on movie_info mi  (cost=0.00..346232.03 rows=2073893 width=75) (actual time=353.973..7768.641 rows=2091068 loops=1)
        Filter: (info_type_id < 3)
        Rows Removed by Filter: 12744652
  ->  Hash  (cost=238082.78..238082.78 rows=1380035 width=144) (actual time=6472.874..6472.874 rows=1380035 loops=1)
        Buckets: 32768  Batches: 64  Memory Usage: 3138kB
        ->  Hash Join  (cost=129928.86..238082.78 rows=1380035 width=144) (actual time=2897.991..5576.271 rows=1380035 loops=1)
              Hash Cond: (mi_idx.movie_id = t.id)
              ->  Seq Scan on movie_info_idx mi_idx  (cost=0.00..21735.35 rows=1380035 width=50) (actual time=0.013..527.946 rows=1380035 loops=1)
              ->  Hash  (cost=61283.27..61283.27 rows=2528527 width=94) (actual time=2895.057..2895.057 rows=2528312 loops=1)
                    Buckets: 32768  Batches: 128  Memory Usage: 2453kB
                    ->  Seq Scan on title t  (cost=0.00..61283.27 rows=2528527 width=94) (actual time=0.020..1590.158 rows=2528312 loops=1)
Planning time: 1.445 ms
Execution time: 17607.859 ms
