Hash Join  (cost=188737.73..1127051.02 rows=3017890 width=0) (actual time=4156.792..20413.082 rows=1956476 loops=1)
  Hash Cond: (ci.movie_id = t.id)
  ->  Seq Scan on cast_info ci  (cost=0.00..796071.18 rows=9418190 width=4) (actual time=356.698..12590.508 rows=6410677 loops=1)
        Filter: ((person_id > 2441081) AND (role_id < 6))
        Rows Removed by Filter: 29833667
  ->  Hash  (cost=175444.97..175444.97 rows=810221 width=8) (actual time=3798.975..3798.975 rows=400469 loops=1)
        Buckets: 131072  Batches: 16  Memory Usage: 1989kB
        ->  Hash Join  (cost=92883.59..175444.97 rows=810221 width=8) (actual time=1685.080..3682.080 rows=400469 loops=1)
              Hash Cond: (mc.movie_id = t.id)
              ->  Seq Scan on movie_companies mc  (cost=0.00..51404.11 rows=1329612 width=4) (actual time=0.024..1026.385 rows=1334883 loops=1)
                    Filter: (company_type_id > 1)
                    Rows Removed by Filter: 1274246
              ->  Hash  (cost=67604.59..67604.59 rows=1540800 width=4) (actual time=1684.112..1684.112 rows=1543264 loops=1)
                    Buckets: 131072  Batches: 32  Memory Usage: 2722kB
                    ->  Seq Scan on title t  (cost=0.00..67604.59 rows=1540800 width=4) (actual time=0.020..1194.020 rows=1543264 loops=1)
                          Filter: (kind_id = 7)
                          Rows Removed by Filter: 985048
Planning time: 1.212 ms
Execution time: 20649.402 ms
