Hash Join  (cost=719034.50..2749108.89 rows=73148125 width=0) (actual time=15172.269..59043.560 rows=43885572 loops=1)
  Hash Cond: (ci.movie_id = t.id)
  ->  Seq Scan on cast_info ci  (cost=0.00..705507.15 rows=32029696 width=4) (actual time=669.499..16869.226 rows=32177410 loops=1)
        Filter: (person_id > 390416)
        Rows Removed by Filter: 4066934
  ->  Hash  (cost=624295.65..624295.65 rows=5774548 width=8) (actual time=14499.593..14499.593 rows=1950840 loops=1)
        Buckets: 131072  Batches: 128  Memory Usage: 1591kB
        ->  Hash Join  (cost=92883.59..624295.65 rows=5774548 width=8) (actual time=1771.195..13664.738 rows=1950840 loops=1)
              Hash Cond: (mi.movie_id = t.id)
              ->  Seq Scan on movie_info mi  (cost=0.00..346232.03 rows=9476311 width=4) (actual time=0.025..6720.353 rows=9565151 loops=1)
                    Filter: (info_type_id < 16)
                    Rows Removed by Filter: 5270569
              ->  Hash  (cost=67604.59..67604.59 rows=1540800 width=4) (actual time=1671.821..1671.821 rows=1543264 loops=1)
                    Buckets: 131072  Batches: 32  Memory Usage: 2728kB
                    ->  Seq Scan on title t  (cost=0.00..67604.59 rows=1540800 width=4) (actual time=57.369..1185.523 rows=1543264 loops=1)
                          Filter: (kind_id = 7)
                          Rows Removed by Filter: 985048
Planning time: 2.254 ms
Execution time: 63524.687 ms
