Seq Scan on cast_info ci  (cost=0.00..796071.18 rows=36437 width=0) (actual time=2758.965..11844.629 rows=6691 loops=1)
  Filter: ((person_id < 428380) AND (role_id = 7))
  Rows Removed by Filter: 36237653
Planning time: 0.462 ms
Execution time: 11845.669 ms
