Seq Scan on movie_keyword mk  (cost=0.00..81003.12 rows=938486 width=0) (actual time=0.011..1258.268 rows=947651 loops=1)
  Filter: (keyword_id > 20017)
  Rows Removed by Filter: 3576279
Planning time: 0.230 ms
Execution time: 1375.092 ms
