Seq Scan on cast_info ci  (cost=0.00..796071.18 rows=14003896 width=0) (actual time=2967.484..14382.091 rows=12182606 loops=1)
  Filter: ((person_id > 1478902) AND (role_id < 4))
  Rows Removed by Filter: 24061738
Planning time: 0.355 ms
Execution time: 15886.957 ms
