Seq Scan on title t  (cost=0.00..73925.90 rows=4532 width=0) (actual time=308.543..1234.820 rows=6454 loops=1)
  Filter: ((kind_id = 7) AND (production_year = 1964))
  Rows Removed by Filter: 2521858
Planning time: 0.372 ms
Execution time: 1236.456 ms
