Hash Join  (cost=97476.44..1210846.53 rows=14418839 width=0) (actual time=3649.237..31196.042 rows=14793866 loops=1)
  Hash Cond: (ci.movie_id = t.id)
  ->  Seq Scan on cast_info ci  (cost=0.00..705507.15 rows=20024311 width=4) (actual time=1821.655..15337.878 rows=20122661 loops=1)
        Filter: (role_id < 3)
        Rows Removed by Filter: 16121683
  ->  Hash  (cost=67604.59..67604.59 rows=1820708 width=4) (actual time=1826.637..1826.637 rows=1813245 loops=1)
        Buckets: 131072  Batches: 32  Memory Usage: 3022kB
        ->  Seq Scan on title t  (cost=0.00..67604.59 rows=1820708 width=4) (actual time=0.031..1256.170 rows=1813245 loops=1)
              Filter: (production_year > 1987)
              Rows Removed by Filter: 715067
Planning time: 0.728 ms
Execution time: 32607.107 ms
