Hash Join  (cost=432355.32..1184640.42 rows=7106 width=0) (actual time=9646.135..22373.825 rows=58791 loops=1)
  Hash Cond: (ci.movie_id = t.id)
  ->  Seq Scan on cast_info ci  (cost=0.00..705507.15 rows=4670689 width=4) (actual time=1372.287..13082.909 rows=4639136 loops=1)
        Filter: (role_id > 9)
        Rows Removed by Filter: 31605208
  ->  Hash  (cost=432307.23..432307.23 rows=3847 width=8) (actual time=8272.309..8272.309 rows=23133 loops=1)
        Buckets: 32768 (originally 4096)  Batches: 1 (originally 1)  Memory Usage: 1160kB
        ->  Hash Join  (cost=67612.84..432307.23 rows=3847 width=8) (actual time=1129.002..8260.022 rows=23133 loops=1)
              Hash Cond: (mi.movie_id = t.id)
              ->  Seq Scan on movie_info mi  (cost=0.00..309384.22 rows=14739122 width=4) (actual time=0.022..4265.878 rows=14835720 loops=1)
              ->  Hash  (cost=67604.59..67604.59 rows=660 width=4) (actual time=1052.584..1052.584 rows=3515 loops=1)
                    Buckets: 4096 (originally 1024)  Batches: 1 (originally 1)  Memory Usage: 156kB
                    ->  Seq Scan on title t  (cost=0.00..67604.59 rows=660 width=4) (actual time=4.319..1050.695 rows=3515 loops=1)
                          Filter: (production_year > 2013)
                          Rows Removed by Filter: 2524797
Planning time: 1.155 ms
Execution time: 22382.352 ms
