Seq Scan on movie_keyword mk  (cost=0.00..81003.12 rows=2878044 width=0) (actual time=0.024..935.168 rows=2866176 loops=1)
  Filter: (keyword_id > 2533)
  Rows Removed by Filter: 1657754
Planning time: 0.319 ms
Execution time: 1188.690 ms
