Nested Loop  (cost=0.43..709671.90 rows=500 width=0) (actual time=8282.519..11478.772 rows=19 loops=1)
  ->  Seq Scan on cast_info ci  (cost=0.00..705507.15 rows=500 width=4) (actual time=8282.351..11476.732 rows=19 loops=1)
        Filter: (person_id = 424214)
        Rows Removed by Filter: 36244325
  ->  Index Only Scan using title_pkey on title t  (cost=0.43..8.32 rows=1 width=4) (actual time=0.101..0.101 rows=1 loops=19)
        Index Cond: (id = ci.movie_id)
        Heap Fetches: 19
Planning time: 0.794 ms
Execution time: 11478.856 ms
