Hash Join  (cost=93408.25..485257.59 rows=1289985 width=0) (actual time=4608.779..9033.969 rows=1163861 loops=1)
  Hash Cond: (mi.movie_id = t.id)
  ->  Seq Scan on movie_info mi  (cost=0.00..346232.03 rows=2073893 width=4) (actual time=2680.544..5371.474 rows=2091068 loops=1)
        Filter: (info_type_id < 3)
        Rows Removed by Filter: 12744652
  ->  Hash  (cost=67604.59..67604.59 rows=1572773 width=4) (actual time=1926.505..1926.505 rows=1570568 loops=1)
        Buckets: 131072  Batches: 32  Memory Usage: 2759kB
        ->  Seq Scan on title t  (cost=0.00..67604.59 rows=1572773 width=4) (actual time=0.018..1399.902 rows=1570568 loops=1)
              Filter: (production_year > 1996)
              Rows Removed by Filter: 957744
Planning time: 0.771 ms
Execution time: 9177.573 ms
