Hash Join  (cost=75628.47..114293.07 rows=56612 width=0) (actual time=1280.028..1996.730 rows=52590 loops=1)
  Hash Cond: (mi_idx.movie_id = t.id)
  ->  Seq Scan on movie_info_idx mi_idx  (cost=0.00..21735.35 rows=1380035 width=4) (actual time=0.021..424.763 rows=1380035 loops=1)
  ->  Hash  (cost=73925.90..73925.90 rows=103725 width=4) (actual time=1107.579..1107.579 rows=98992 loops=1)
        Buckets: 131072  Batches: 2  Memory Usage: 2760kB
        ->  Seq Scan on title t  (cost=0.00..73925.90 rows=103725 width=4) (actual time=0.029..1062.417 rows=98992 loops=1)
              Filter: ((production_year > 2010) AND (kind_id = 1))
              Rows Removed by Filter: 2429320
Planning time: 0.874 ms
Execution time: 2003.886 ms
