Seq Scan on movie_keyword mk  (cost=0.00..81003.12 rows=1013812 width=0) (actual time=0.030..1423.300 rows=1015236 loops=1)
  Filter: (keyword_id < 990)
  Rows Removed by Filter: 3508694
Planning time: 1.617 ms
Execution time: 1547.738 ms
