Seq Scan on cast_info ci  (cost=0.00..796071.18 rows=2927874 width=0) (actual time=0.018..13503.293 rows=3872734 loops=1)
  Filter: ((person_id > 1139286) AND (role_id = 10))
  Rows Removed by Filter: 32371610
Planning time: 0.223 ms
Execution time: 13986.901 ms
