Hash Join  (cost=76690.42..159617.94 rows=571399 width=0) (actual time=1757.326..4153.522 rows=895812 loops=1)
  Hash Cond: (mc.movie_id = t.id)
  ->  Seq Scan on movie_companies mc  (cost=0.00..44881.29 rows=2609129 width=4) (actual time=0.013..884.620 rows=2609129 loops=1)
  ->  Hash  (cost=67604.59..67604.59 rows=553747 width=4) (actual time=1756.452..1756.452 rows=552960 loops=1)
        Buckets: 131072  Batches: 8  Memory Usage: 3445kB
        ->  Seq Scan on title t  (cost=0.00..67604.59 rows=553747 width=4) (actual time=0.018..993.986 rows=552960 loops=1)
              Filter: (production_year < 1983)
              Rows Removed by Filter: 1975352
Planning time: 0.740 ms
Execution time: 4261.314 ms
