Hash Join  (cost=99796.40..464463.86 rows=1154 width=0) (actual time=1034.335..8091.089 rows=8001 loops=1)
  Hash Cond: (mi.movie_id = t.id)
  ->  Seq Scan on movie_info mi  (cost=0.00..309384.22 rows=14739122 width=4) (actual time=0.010..4362.411 rows=14835720 loops=1)
  ->  Hash  (cost=99793.92..99793.92 rows=198 width=8) (actual time=907.839..907.839 rows=730 loops=1)
        Buckets: 1024  Batches: 1  Memory Usage: 37kB
        ->  Nested Loop  (cost=0.43..99793.92 rows=198 width=8) (actual time=19.602..907.424 rows=730 loops=1)
              ->  Seq Scan on movie_companies mc  (cost=0.00..57926.93 rows=5827 width=4) (actual time=19.440..767.627 rows=10454 loops=1)
                    Filter: ((company_id > 225022) AND (company_type_id = 2))
                    Rows Removed by Filter: 2598675
              ->  Index Scan using title_pkey on title t  (cost=0.43..7.17 rows=1 width=4) (actual time=0.013..0.013 rows=0 loops=10454)
                    Index Cond: (id = mc.movie_id)
                    Filter: ((kind_id < 7) AND (production_year < 1958))
                    Rows Removed by Filter: 1
Planning time: 1.231 ms
Execution time: 8092.525 ms
