Seq Scan on cast_info ci  (cost=0.00..705507.15 rows=500 width=0) (actual time=1607.411..10812.433 rows=103 loops=1)
  Filter: (person_id = 152295)
  Rows Removed by Filter: 36244241
Planning time: 0.390 ms
Execution time: 10812.537 ms
