Hash Join  (cost=219197.63..384713.64 rows=2577679 width=0) (actual time=5963.131..9403.030 rows=1449181 loops=1)
  Hash Cond: (mk.movie_id = t.id)
  ->  Seq Scan on movie_keyword mk  (cost=0.00..81003.12 rows=4099418 width=4) (actual time=0.032..1875.393 rows=4087742 loops=1)
        Filter: (keyword_id > 335)
        Rows Removed by Filter: 436188
  ->  Hash  (cost=193112.68..193112.68 rows=1589916 width=8) (actual time=4891.294..4891.294 rows=717308 loops=1)
        Buckets: 131072  Batches: 32  Memory Usage: 1877kB
        ->  Hash Join  (cost=92883.59..193112.68 rows=1589916 width=8) (actual time=2209.149..4693.912 rows=717308 loops=1)
              Hash Cond: (mc.movie_id = t.id)
              ->  Seq Scan on movie_companies mc  (cost=0.00..44881.29 rows=2609129 width=4) (actual time=0.024..883.416 rows=2609129 loops=1)
              ->  Hash  (cost=67604.59..67604.59 rows=1540800 width=4) (actual time=2208.440..2208.440 rows=1543264 loops=1)
                    Buckets: 131072  Batches: 32  Memory Usage: 2722kB
                    ->  Seq Scan on title t  (cost=0.00..67604.59 rows=1540800 width=4) (actual time=0.014..1162.657 rows=1543264 loops=1)
                          Filter: (kind_id = 7)
                          Rows Removed by Filter: 985048
Planning time: 1.628 ms
Execution time: 9573.369 ms
