Hash Join  (cost=184242.05..706980.28 rows=4023530 width=0) (actual time=4080.844..17216.825 rows=2533040 loops=1)
  Hash Cond: (mi.movie_id = t.id)
  ->  Seq Scan on movie_info mi  (cost=0.00..309384.22 rows=14739122 width=4) (actual time=0.011..5922.288 rows=14835720 loops=1)
  ->  Hash  (cost=172916.99..172916.99 rows=690245 width=8) (actual time=3991.391..3991.391 rows=270361 loops=1)
        Buckets: 131072  Batches: 16  Memory Usage: 1673kB
        ->  Hash Join  (cost=88767.14..172916.99 rows=690245 width=8) (actual time=1970.601..3913.339 rows=270361 loops=1)
              Hash Cond: (mc.movie_id = t.id)
              ->  Seq Scan on movie_companies mc  (cost=0.00..51404.11 rows=1929410 width=4) (actual time=0.043..1011.720 rows=1923903 loops=1)
                    Filter: (company_id < 47824)
                    Rows Removed by Filter: 685226
              ->  Hash  (cost=73925.90..73925.90 rows=904579 width=4) (actual time=1804.506..1804.506 rows=992072 loops=1)
                    Buckets: 131072  Batches: 16  Memory Usage: 3212kB
                    ->  Seq Scan on title t  (cost=0.00..73925.90 rows=904579 width=4) (actual time=0.019..1274.905 rows=992072 loops=1)
                          Filter: ((production_year > 1998) AND (kind_id = 7))
                          Rows Removed by Filter: 1536240
Planning time: 4.748 ms
Execution time: 17474.163 ms
