Hash Join  (cost=75427.43..142448.66 rows=46293 width=0) (actual time=1511.577..2866.264 rows=87045 loops=1)
  Hash Cond: (mc.movie_id = t.id)
  ->  Seq Scan on movie_companies mc  (cost=0.00..51404.11 rows=1279517 width=4) (actual time=259.894..897.946 rows=1274246 loops=1)
        Filter: (company_type_id < 2)
        Rows Removed by Filter: 1334883
  ->  Hash  (cost=73925.90..73925.90 rows=91482 width=4) (actual time=1049.096..1049.096 rows=99074 loops=1)
        Buckets: 131072  Batches: 2  Memory Usage: 2769kB
        ->  Seq Scan on title t  (cost=0.00..73925.90 rows=91482 width=4) (actual time=343.061..1014.537 rows=99074 loops=1)
              Filter: ((production_year > 1955) AND (kind_id = 3))
              Rows Removed by Filter: 2429238
Planning time: 6.800 ms
Execution time: 2878.237 ms
