Hash Join  (cost=105192.26..223428.23 rows=1171570 width=0) (actual time=2194.056..4900.790 rows=1142122 loops=1)
  Hash Cond: (mk.movie_id = t.id)
  ->  Seq Scan on movie_keyword mk  (cost=0.00..81003.12 rows=1293028 width=4) (actual time=0.024..1513.063 rows=1304238 loops=1)
        Filter: (keyword_id > 13476)
        Rows Removed by Filter: 3219692
  ->  Hash  (cost=67604.59..67604.59 rows=2291014 width=4) (actual time=2192.441..2192.441 rows=2281608 loops=1)
        Buckets: 131072  Batches: 32  Memory Usage: 3544kB
        ->  Seq Scan on title t  (cost=0.00..67604.59 rows=2291014 width=4) (actual time=0.016..1437.402 rows=2281608 loops=1)
              Filter: (production_year > 1951)
              Rows Removed by Filter: 246704
Planning time: 0.748 ms
Execution time: 5010.494 ms
