Seq Scan on movie_companies mc  (cost=0.00..57926.93 rows=864432 width=0) (actual time=370.918..1057.086 rows=678092 loops=1)
  Filter: ((company_id > 2225) AND (company_type_id < 2))
  Rows Removed by Filter: 1931037
Planning time: 0.349 ms
Execution time: 1145.972 ms
