Hash Join  (cost=572924.47..1927629.00 rows=9198332 width=0) (actual time=15619.688..60655.189 rows=55624419 loops=1)
  Hash Cond: (ci.movie_id = t.id)
  ->  Seq Scan on cast_info ci  (cost=0.00..614943.12 rows=36225612 width=4) (actual time=0.016..13657.659 rows=36244344 loops=1)
  ->  Hash  (cost=562391.00..562391.00 rows=642038 width=8) (actual time=15617.360..15617.360 rows=2844513 loops=1)
        Buckets: 131072 (originally 131072)  Batches: 64 (originally 16)  Memory Usage: 3073kB
        ->  Hash Join  (cost=75733.69..562391.00 rows=642038 width=8) (actual time=1478.942..14730.447 rows=2844513 loops=1)
              Hash Cond: (mi.movie_id = t.id)
              ->  Seq Scan on movie_info mi  (cost=0.00..309384.22 rows=14739122 width=4) (actual time=0.019..6006.685 rows=14835720 loops=1)
              ->  Hash  (cost=73925.90..73925.90 rows=110143 width=4) (actual time=1286.272..1286.272 rows=239899 loops=1)
                    Buckets: 131072 (originally 131072)  Batches: 4 (originally 2)  Memory Usage: 3141kB
                    ->  Seq Scan on title t  (cost=0.00..73925.90 rows=110143 width=4) (actual time=0.012..1197.262 rows=239899 loops=1)
                          Filter: ((production_year < 1973) AND (kind_id = 1))
                          Rows Removed by Filter: 2288413
Planning time: 1.200 ms
Execution time: 66574.941 ms
