Nested Loop  (cost=0.43..709671.90 rows=500 width=0) (actual time=3511.846..10164.294 rows=45 loops=1)
  ->  Seq Scan on cast_info ci  (cost=0.00..705507.15 rows=500 width=4) (actual time=3511.734..10163.393 rows=45 loops=1)
        Filter: (person_id = 860033)
        Rows Removed by Filter: 36244299
  ->  Index Only Scan using title_pkey on title t  (cost=0.43..8.32 rows=1 width=4) (actual time=0.018..0.019 rows=1 loops=45)
        Index Cond: (id = ci.movie_id)
        Heap Fetches: 45
Planning time: 1.684 ms
Execution time: 10164.389 ms
