Hash Join  (cost=101717.18..853873.11 rows=136680 width=0) (actual time=1723.317..18312.546 rows=186329 loops=1)
  Hash Cond: (ci.movie_id = t.id)
  ->  Seq Scan on cast_info ci  (cost=0.00..614943.12 rows=36225612 width=4) (actual time=0.022..8923.807 rows=36244344 loops=1)
  ->  Hash  (cost=101597.93..101597.93 rows=9540 width=8) (actual time=1721.569..1721.569 rows=5040 loops=1)
        Buckets: 16384  Batches: 1  Memory Usage: 325kB
        ->  Hash Join  (cost=74574.97..101597.93 rows=9540 width=8) (actual time=1332.273..1719.343 rows=5040 loops=1)
              Hash Cond: (mi_idx.movie_id = t.id)
              ->  Seq Scan on movie_info_idx mi_idx  (cost=0.00..25185.44 rows=464566 width=4) (actual time=0.024..381.566 rows=459925 loops=1)
                    Filter: (info_type_id = 101)
                    Rows Removed by Filter: 920110
              ->  Hash  (cost=73925.90..73925.90 rows=51925 width=4) (actual time=1187.298..1187.298 rows=56480 loops=1)
                    Buckets: 65536  Batches: 1  Memory Usage: 2498kB
                    ->  Seq Scan on title t  (cost=0.00..73925.90 rows=51925 width=4) (actual time=0.024..1164.785 rows=56480 loops=1)
                          Filter: ((kind_id = 7) AND (production_year = 2004))
                          Rows Removed by Filter: 2471832
Planning time: 1.300 ms
Execution time: 18350.336 ms
