Seq Scan on title t  (cost=0.00..67604.59 rows=7437 width=0) (actual time=0.028..1151.638 rows=14926 loops=1)
  Filter: (production_year = 1979)
  Rows Removed by Filter: 2513386
Planning time: 0.422 ms
Execution time: 1154.931 ms
