Hash Join  (cost=102767.86..1114552.14 rows=8554160 width=0) (actual time=1996.229..28574.262 rows=13308278 loops=1)
  Hash Cond: (ci.movie_id = t.id)
  ->  Seq Scan on cast_info ci  (cost=0.00..796071.18 rows=8554160 width=4) (actual time=0.013..15120.100 rows=13308278 loops=1)
        Filter: ((person_id > 2341566) AND (role_id > 1))
        Rows Removed by Filter: 22936066
  ->  Hash  (cost=61283.27..61283.27 rows=2528527 width=4) (actual time=1995.280..1995.280 rows=2528312 loops=1)
        Buckets: 131072  Batches: 64  Memory Usage: 2415kB
        ->  Seq Scan on title t  (cost=0.00..61283.27 rows=2528527 width=4) (actual time=0.018..1137.594 rows=2528312 loops=1)
Planning time: 0.784 ms
Execution time: 30172.649 ms
