Hash Join  (cost=88295.76..190149.97 rows=479837 width=0) (actual time=1696.513..3845.600 rows=361421 loops=1)
  Hash Cond: (mk.movie_id = t.id)
  ->  Seq Scan on movie_keyword mk  (cost=0.00..81003.12 rows=962056 width=4) (actual time=0.028..1438.587 rows=966214 loops=1)
        Filter: (keyword_id < 910)
        Rows Removed by Filter: 3557716
  ->  Hash  (cost=67604.59..67604.59 rows=1261134 width=4) (actual time=1693.432..1693.432 rows=1260295 loops=1)
        Buckets: 131072  Batches: 32  Memory Usage: 2421kB
        ->  Seq Scan on title t  (cost=0.00..67604.59 rows=1261134 width=4) (actual time=0.022..1263.142 rows=1260295 loops=1)
              Filter: (production_year > 2002)
              Rows Removed by Filter: 1268017
Planning time: 3.350 ms
Execution time: 3883.369 ms
