Hash Join  (cost=102091.72..194593.65 rows=34731 width=0) (actual time=1978.168..4053.930 rows=70285 loops=1)
  Hash Cond: (mk.movie_id = t.id)
  ->  Seq Scan on movie_keyword mk  (cost=0.00..81003.12 rows=2973731 width=4) (actual time=0.017..1582.433 rows=2968255 loops=1)
        Filter: (keyword_id > 2319)
        Rows Removed by Filter: 1555675
  ->  Hash  (cost=101722.58..101722.58 rows=29531 width=8) (actual time=1977.630..1977.630 rows=20683 loops=1)
        Buckets: 32768  Batches: 1  Memory Usage: 1064kB
        ->  Hash Join  (cost=70241.71..101722.58 rows=29531 width=8) (actual time=1231.480..1970.392 rows=20683 loops=1)
              Hash Cond: (mi_idx.movie_id = t.id)
              ->  Seq Scan on movie_info_idx mi_idx  (cost=0.00..25185.44 rows=464566 width=4) (actual time=0.011..530.007 rows=459925 loops=1)
                    Filter: (info_type_id = 101)
                    Rows Removed by Filter: 920110
              ->  Hash  (cost=67604.59..67604.59 rows=160730 width=4) (actual time=1230.371..1230.371 rows=160017 loops=1)
                    Buckets: 131072  Batches: 4  Memory Usage: 2436kB
                    ->  Seq Scan on title t  (cost=0.00..67604.59 rows=160730 width=4) (actual time=0.013..1174.715 rows=160017 loops=1)
                          Filter: (production_year = 2011)
                          Rows Removed by Filter: 2368295
Planning time: 1.223 ms
Execution time: 4063.697 ms
