Seq Scan on movie_companies mc  (cost=0.00..57926.93 rows=951722 width=0) (actual time=440.688..1041.589 rows=639091 loops=1)
  Filter: ((company_id < 37666) AND (company_type_id = 2))
  Rows Removed by Filter: 1970038
Planning time: 2.445 ms
Execution time: 1119.917 ms
