Hash Join  (cost=167067.81..1258639.38 rows=5623441 width=0) (actual time=4186.993..43144.561 rows=25320709 loops=1)
  Hash Cond: (ci.movie_id = t.id)
  ->  Seq Scan on cast_info ci  (cost=0.00..614943.12 rows=36225612 width=4) (actual time=0.017..13835.174 rows=36244344 loops=1)
  ->  Hash  (cost=160627.40..160627.40 rows=392513 width=8) (actual time=4186.061..4186.061 rows=984800 loops=1)
        Buckets: 131072 (originally 131072)  Batches: 16 (originally 8)  Memory Usage: 3447kB
        ->  Hash Join  (cost=80166.74..160627.40 rows=392513 width=8) (actual time=1314.583..3857.511 rows=984800 loops=1)
              Hash Cond: (mc.movie_id = t.id)
              ->  Seq Scan on movie_companies mc  (cost=0.00..44881.29 rows=2609129 width=4) (actual time=0.015..829.620 rows=2609129 loops=1)
              ->  Hash  (cost=73925.90..73925.90 rows=380387 width=4) (actual time=1313.966..1313.966 rows=484820 loops=1)
                    Buckets: 131072  Batches: 8  Memory Usage: 3166kB
                    ->  Seq Scan on title t  (cost=0.00..73925.90 rows=380387 width=4) (actual time=0.016..1159.906 rows=484820 loops=1)
                          Filter: ((kind_id < 7) AND (production_year < 1999))
                          Rows Removed by Filter: 2043492
Planning time: 0.705 ms
Execution time: 45847.421 ms
