Hash Join  (cost=98137.04..164024.21 rows=263141 width=0) (actual time=1963.813..3399.331 rows=75886 loops=1)
  Hash Cond: (mc.movie_id = t.id)
  ->  Seq Scan on movie_companies mc  (cost=0.00..51404.11 rows=357529 width=4) (actual time=0.030..945.874 rows=361602 loops=1)
        Filter: (company_id > 86761)
        Rows Removed by Filter: 2247527
  ->  Hash  (cost=67604.59..67604.59 rows=1860996 width=4) (actual time=1961.869..1961.869 rows=1865487 loops=1)
        Buckets: 131072  Batches: 32  Memory Usage: 3079kB
        ->  Seq Scan on title t  (cost=0.00..67604.59 rows=1860996 width=4) (actual time=0.022..1343.601 rows=1865487 loops=1)
              Filter: (kind_id > 1)
              Rows Removed by Filter: 662825
Planning time: 0.761 ms
Execution time: 3408.220 ms
