Hash Join  (cost=222684.58..307940.28 rows=740317 width=0) (actual time=4581.030..7818.031 rows=4395274 loops=1)
  Hash Cond: (mc.movie_id = t.id)
  ->  Seq Scan on movie_companies mc  (cost=0.00..44881.29 rows=2609129 width=4) (actual time=0.022..963.588 rows=2609129 loops=1)
  ->  Hash  (cost=210913.50..210913.50 rows=717447 width=8) (actual time=4580.073..4580.073 rows=715869 loops=1)
        Buckets: 131072  Batches: 16  Memory Usage: 2801kB
        ->  Hash Join  (cost=102767.86..210913.50 rows=717447 width=8) (actual time=1881.637..4362.044 rows=715869 loops=1)
              Hash Cond: (mk.movie_id = t.id)
              ->  Seq Scan on movie_keyword mk  (cost=0.00..81003.12 rows=717447 width=4) (actual time=0.031..1441.116 rows=715869 loops=1)
                    Filter: (keyword_id < 616)
                    Rows Removed by Filter: 3808061
              ->  Hash  (cost=61283.27..61283.27 rows=2528527 width=4) (actual time=1880.708..1880.708 rows=2528312 loops=1)
                    Buckets: 131072  Batches: 64  Memory Usage: 2425kB
                    ->  Seq Scan on title t  (cost=0.00..61283.27 rows=2528527 width=4) (actual time=0.008..1017.550 rows=2528312 loops=1)
Planning time: 1.183 ms
Execution time: 8288.703 ms
