Seq Scan on movie_keyword mk  (cost=0.00..81003.12 rows=2883534 width=0) (actual time=0.019..985.543 rows=2874194 loops=1)
  Filter: (keyword_id > 2515)
  Rows Removed by Filter: 1649736
Planning time: 0.309 ms
Execution time: 1256.507 ms
