Hash Join  (cost=158107.76..198982.99 rows=185475 width=0) (actual time=3985.123..5249.838 rows=890520 loops=1)
  Hash Cond: (mi_idx.movie_id = t.id)
  ->  Seq Scan on movie_info_idx mi_idx  (cost=0.00..21735.35 rows=1380035 width=4) (actual time=0.015..431.277 rows=1380035 loops=1)
  ->  Hash  (cost=152531.89..152531.89 rows=339830 width=8) (actual time=3983.782..3983.782 rows=441202 loops=1)
        Buckets: 131072  Batches: 8  Memory Usage: 3173kB
        ->  Hash Join  (cost=83810.17..152531.89 rows=339830 width=8) (actual time=1444.095..3851.415 rows=441202 loops=1)
              Hash Cond: (mc.movie_id = t.id)
              ->  Seq Scan on movie_companies mc  (cost=0.00..51404.11 rows=869947 width=4) (actual time=0.026..1003.635 rows=864467 loops=1)
                    Filter: (company_id < 2561)
                    Rows Removed by Filter: 1744662
              ->  Hash  (cost=67604.59..67604.59 rows=987727 width=4) (actual time=1442.286..1442.286 rows=985048 loops=1)
                    Buckets: 131072  Batches: 16  Memory Usage: 3188kB
                    ->  Seq Scan on title t  (cost=0.00..67604.59 rows=987727 width=4) (actual time=0.025..1138.533 rows=985048 loops=1)
                          Filter: (kind_id < 7)
                          Rows Removed by Filter: 1543264
Planning time: 1.232 ms
Execution time: 5344.700 ms
