Hash Join  (cost=156209.36..284024.43 rows=605509 width=0) (actual time=3240.656..7094.063 rows=2618033 loops=1)
  Hash Cond: (mk.movie_id = t.id)
  ->  Seq Scan on movie_keyword mk  (cost=0.00..81003.12 rows=3371427 width=4) (actual time=0.020..1758.792 rows=3366226 loops=1)
        Filter: (keyword_id > 1370)
        Rows Removed by Filter: 1157704
  ->  Hash  (cost=148758.81..148758.81 rows=454124 width=8) (actual time=3239.877..3239.877 rows=459925 loops=1)
        Buckets: 131072  Batches: 8  Memory Usage: 3284kB
        ->  Hash Join  (cost=102767.86..148758.81 rows=454124 width=8) (actual time=1877.777..3097.719 rows=459925 loops=1)
              Hash Cond: (mi_idx.movie_id = t.id)
              ->  Seq Scan on movie_info_idx mi_idx  (cost=0.00..25185.44 rows=454124 width=4) (actual time=0.018..447.720 rows=459925 loops=1)
                    Filter: (info_type_id = 100)
                    Rows Removed by Filter: 920110
              ->  Hash  (cost=61283.27..61283.27 rows=2528527 width=4) (actual time=1876.013..1876.013 rows=2528312 loops=1)
                    Buckets: 131072  Batches: 64  Memory Usage: 2415kB
                    ->  Seq Scan on title t  (cost=0.00..61283.27 rows=2528527 width=4) (actual time=0.014..1043.196 rows=2528312 loops=1)
Planning time: 1.212 ms
Execution time: 7395.412 ms
