Hash Join  (cost=146730.98..220877.68 rows=367940 width=0) (actual time=3791.860..5677.726 rows=897151 loops=1)
  Hash Cond: (mc.movie_id = t.id)
  ->  Seq Scan on movie_companies mc  (cost=0.00..51404.11 rows=1428584 width=4) (actual time=0.009..963.563 rows=1417740 loops=1)
        Filter: (company_id < 12479)
        Rows Removed by Filter: 1191389
  ->  Hash  (cost=136046.53..136046.53 rows=651236 width=8) (actual time=3790.975..3790.975 rows=539725 loops=1)
        Buckets: 131072  Batches: 16  Memory Usage: 2333kB
        ->  Hash Join  (cost=87180.69..136046.53 rows=651236 width=8) (actual time=1604.946..3654.665 rows=539725 loops=1)
              Hash Cond: (mi_idx.movie_id = t.id)
              ->  Seq Scan on movie_info_idx mi_idx  (cost=0.00..21735.35 rows=1380035 width=4) (actual time=0.015..431.661 rows=1380035 loops=1)
              ->  Hash  (cost=67604.59..67604.59 rows=1193208 width=4) (actual time=1603.859..1603.859 rows=1192518 loops=1)
                    Buckets: 131072  Batches: 16  Memory Usage: 3646kB
                    ->  Seq Scan on title t  (cost=0.00..67604.59 rows=1193208 width=4) (actual time=0.019..1229.366 rows=1192518 loops=1)
                          Filter: (production_year > 2003)
                          Rows Removed by Filter: 1335794
Planning time: 1.159 ms
Execution time: 5776.579 ms
