Hash Join  (cost=102431.42..839800.29 rows=113830 width=0) (actual time=2774.166..15569.434 rows=200007 loops=1)
  Hash Cond: (ci.movie_id = t.id)
  ->  Seq Scan on cast_info ci  (cost=0.00..705507.15 rows=8192909 width=4) (actual time=946.107..11526.454 rows=8064713 loops=1)
        Filter: (person_id < 788897)
        Rows Removed by Filter: 28179631
  ->  Hash  (cost=101992.28..101992.28 rows=35131 width=8) (actual time=1827.673..1827.673 rows=32067 loops=1)
        Buckets: 65536  Batches: 1  Memory Usage: 1765kB
        ->  Hash Join  (cost=74730.49..101992.28 rows=35131 width=8) (actual time=1180.712..1816.358 rows=32067 loops=1)
              Hash Cond: (mi_idx.movie_id = t.id)
              ->  Seq Scan on movie_info_idx mi_idx  (cost=0.00..21735.35 rows=1380035 width=4) (actual time=0.020..306.249 rows=1380035 loops=1)
              ->  Hash  (cost=73925.90..73925.90 rows=64367 width=4) (actual time=1180.355..1180.355 rows=53905 loops=1)
                    Buckets: 65536  Batches: 1  Memory Usage: 2408kB
                    ->  Seq Scan on title t  (cost=0.00..73925.90 rows=64367 width=4) (actual time=0.212..1156.759 rows=53905 loops=1)
                          Filter: ((kind_id < 7) AND (production_year = 2012))
                          Rows Removed by Filter: 2474407
Planning time: 1.235 ms
Execution time: 15599.003 ms
