Hash Join  (cost=78097.80..110122.21 rows=46747 width=0) (actual time=1206.162..1696.948 rows=16707 loops=1)
  Hash Cond: (mi_idx.movie_id = t.id)
  ->  Seq Scan on movie_info_idx mi_idx  (cost=0.00..25185.44 rows=464934 width=4) (actual time=0.017..439.881 rows=460185 loops=1)
        Filter: (info_type_id > 100)
        Rows Removed by Filter: 919850
  ->  Hash  (cost=73925.90..73925.90 rows=254232 width=4) (actual time=1052.140..1052.140 rows=145458 loops=1)
        Buckets: 131072  Batches: 4  Memory Usage: 2301kB
        ->  Seq Scan on title t  (cost=0.00..73925.90 rows=254232 width=4) (actual time=0.017..1003.445 rows=145458 loops=1)
              Filter: ((production_year < 1973) AND (kind_id = 7))
              Rows Removed by Filter: 2382854
Planning time: 0.790 ms
Execution time: 1699.386 ms
