Hash Join  (cost=82423.69..118169.71 rows=165946 width=0) (actual time=1520.358..2476.339 rows=123044 loops=1)
  Hash Cond: (mi_idx.movie_id = t.id)
  ->  Seq Scan on movie_info_idx mi_idx  (cost=0.00..25185.44 rows=464566 width=4) (actual time=0.028..522.014 rows=459925 loops=1)
        Filter: (info_type_id = 101)
        Rows Removed by Filter: 920110
  ->  Hash  (cost=67604.59..67604.59 rows=903208 width=4) (actual time=1519.297..1519.297 rows=904491 loops=1)
        Buckets: 131072  Batches: 16  Memory Usage: 3010kB
        ->  Seq Scan on title t  (cost=0.00..67604.59 rows=903208 width=4) (actual time=0.024..1227.298 rows=904491 loops=1)
              Filter: (production_year > 2006)
              Rows Removed by Filter: 1623821
Planning time: 0.762 ms
Execution time: 2505.325 ms
