Seq Scan on movie_companies mc  (cost=0.00..57926.93 rows=321525 width=0) (actual time=339.415..1051.331 rows=466292 loops=1)
  Filter: ((company_id < 874) AND (company_type_id < 2))
  Rows Removed by Filter: 2142837
Planning time: 0.340 ms
Execution time: 1111.911 ms
