Hash Join  (cost=223429.83..1129193.70 rows=4261788 width=0) (actual time=6032.981..31538.086 rows=18653457 loops=1)
  Hash Cond: (ci.movie_id = t.id)
  ->  Seq Scan on cast_info ci  (cost=0.00..705507.15 rows=12030362 width=4) (actual time=0.025..13014.462 rows=11944797 loops=1)
        Filter: (person_id < 1175025)
        Rows Removed by Filter: 24299547
  ->  Hash  (cost=208734.11..208734.11 rows=895738 width=8) (actual time=6031.212..6031.212 rows=1242636 loops=1)
        Buckets: 131072 (originally 131072)  Batches: 32 (originally 16)  Memory Usage: 3073kB
        ->  Hash Join  (cost=75818.69..208734.11 rows=895738 width=8) (actual time=2074.982..5645.554 rows=1242636 loops=1)
              Hash Cond: (mk.movie_id = t.id)
              ->  Seq Scan on movie_keyword mk  (cost=0.00..69693.30 rows=4523930 width=4) (actual time=0.020..1374.929 rows=4523930 loops=1)
              ->  Hash  (cost=67604.59..67604.59 rows=500648 width=4) (actual time=2073.711..2073.711 rows=494029 loops=1)
                    Buckets: 131072  Batches: 8  Memory Usage: 3195kB
                    ->  Seq Scan on title t  (cost=0.00..67604.59 rows=500648 width=4) (actual time=0.026..1170.242 rows=494029 loops=1)
                          Filter: (production_year < 1979)
                          Rows Removed by Filter: 2034283
Planning time: 1.253 ms
Execution time: 33716.537 ms
