Hash Join  (cost=83074.74..921207.22 rows=1091 width=0) (actual time=2614.965..16572.756 rows=5489 loops=1)
  Hash Cond: (ci.movie_id = t.id)
  ->  Seq Scan on cast_info ci  (cost=0.00..796071.18 rows=11213437 width=4) (actual time=1317.324..13988.708 rows=8603591 loops=1)
        Filter: ((person_id > 1920689) AND (role_id < 4))
        Rows Removed by Filter: 27640753
  ->  Hash  (cost=83071.67..83071.67 rows=246 width=8) (actual time=1297.272..1297.272 rows=742 loops=1)
        Buckets: 1024  Batches: 1  Memory Usage: 37kB
        ->  Nested Loop  (cost=0.43..83071.67 rows=246 width=8) (actual time=4.916..1296.603 rows=742 loops=1)
              ->  Seq Scan on movie_keyword mk  (cost=0.00..81003.12 rows=246 width=4) (actual time=4.832..1273.236 rows=742 loops=1)
                    Filter: (keyword_id = 1682)
                    Rows Removed by Filter: 4523188
              ->  Index Only Scan using title_pkey on title t  (cost=0.43..8.40 rows=1 width=4) (actual time=0.029..0.030 rows=1 loops=742)
                    Index Cond: (id = mk.movie_id)
                    Heap Fetches: 742
Planning time: 1.231 ms
Execution time: 16574.574 ms
