Hash Join  (cost=709676.96..801873.03 rows=360 width=0) (actual time=10055.067..10956.816 rows=20 loops=1)
  Hash Cond: (mk.movie_id = t.id)
  ->  Seq Scan on movie_keyword mk  (cost=0.00..81003.12 rows=2983824 width=4) (actual time=0.024..1409.074 rows=2968834 loops=1)
        Filter: (keyword_id < 10134)
        Rows Removed by Filter: 1555096
  ->  Hash  (cost=709673.15..709673.15 rows=305 width=8) (actual time=9144.723..9144.723 rows=407 loops=1)
        Buckets: 1024  Batches: 1  Memory Usage: 24kB
        ->  Nested Loop  (cost=0.43..709673.15 rows=305 width=8) (actual time=5604.462..9144.525 rows=407 loops=1)
              ->  Seq Scan on cast_info ci  (cost=0.00..705507.15 rows=500 width=4) (actual time=5603.663..9136.204 rows=445 loops=1)
                    Filter: (person_id = 1870432)
                    Rows Removed by Filter: 36243899
              ->  Index Scan using title_pkey on title t  (cost=0.43..8.32 rows=1 width=4) (actual time=0.018..0.018 rows=1 loops=445)
                    Index Cond: (id = ci.movie_id)
                    Filter: (kind_id = 7)
                    Rows Removed by Filter: 0
Planning time: 1.172 ms
Execution time: 10956.939 ms
