Seq Scan on movie_keyword mk  (cost=0.00..81003.12 rows=3334031 width=0) (actual time=0.028..1697.002 rows=3324693 loops=1)
  Filter: (keyword_id < 15351)
  Rows Removed by Filter: 1199237
Planning time: 0.315 ms
Execution time: 2124.273 ms
