Hash Join  (cost=89201.08..135612.12 rows=508156 width=0) (actual time=1643.622..2987.583 rows=425361 loops=1)
  Hash Cond: (mi_idx.movie_id = t.id)
  ->  Seq Scan on movie_info_idx mi_idx  (cost=0.00..21735.35 rows=1380035 width=4) (actual time=0.015..482.176 rows=1380035 loops=1)
  ->  Hash  (cost=73925.90..73925.90 rows=931054 width=4) (actual time=1642.131..1642.131 rows=852178 loops=1)
        Buckets: 131072  Batches: 16  Memory Usage: 2899kB
        ->  Seq Scan on title t  (cost=0.00..73925.90 rows=931054 width=4) (actual time=0.020..1365.172 rows=852178 loops=1)
              Filter: ((kind_id > 1) AND (production_year < 2004))
              Rows Removed by Filter: 1676134
Planning time: 0.755 ms
Execution time: 3038.551 ms
