Hash Join  (cost=102767.86..925151.04 rows=682954 width=0) (actual time=9481.782..14100.275 rows=871 loops=1)
  Hash Cond: (ci.movie_id = t.id)
  ->  Seq Scan on cast_info ci  (cost=0.00..796071.18 rows=682954 width=4) (actual time=7481.689..11724.413 rows=871 loops=1)
        Filter: ((person_id < 316252) AND (role_id = 2))
        Rows Removed by Filter: 36243473
  ->  Hash  (cost=61283.27..61283.27 rows=2528527 width=4) (actual time=1967.983..1967.983 rows=2528312 loops=1)
        Buckets: 131072  Batches: 64  Memory Usage: 2415kB
        ->  Seq Scan on title t  (cost=0.00..61283.27 rows=2528527 width=4) (actual time=0.022..1117.342 rows=2528312 loops=1)
Planning time: 0.773 ms
Execution time: 14100.626 ms
