Hash Join  (cost=153113.89..1200129.91 rows=1286185 width=0) (actual time=3066.520..30146.109 rows=1697844 loops=1)
  Hash Cond: (ci.movie_id = t.id)
  ->  Seq Scan on cast_info ci  (cost=0.00..614943.12 rows=36225612 width=4) (actual time=0.020..13413.553 rows=36244344 loops=1)
  ->  Hash  (cost=151640.70..151640.70 rows=89775 width=8) (actual time=3065.716..3065.716 rows=40494 loops=1)
        Buckets: 131072  Batches: 2  Memory Usage: 1818kB
        ->  Hash Join  (cost=75353.43..151640.70 rows=89775 width=8) (actual time=1250.736..3053.257 rows=40494 loops=1)
              Hash Cond: (mc.movie_id = t.id)
              ->  Seq Scan on movie_companies mc  (cost=0.00..44881.29 rows=2609129 width=4) (actual time=0.016..978.036 rows=2609129 loops=1)
              ->  Hash  (cost=73925.90..73925.90 rows=87002 width=4) (actual time=1248.744..1248.744 rows=93068 loops=1)
                    Buckets: 131072  Batches: 2  Memory Usage: 2660kB
                    ->  Seq Scan on title t  (cost=0.00..73925.90 rows=87002 width=4) (actual time=0.200..1214.061 rows=93068 loops=1)
                          Filter: ((kind_id > 4) AND (production_year = 2010))
                          Rows Removed by Filter: 2435244
Planning time: 1.175 ms
Execution time: 30374.377 ms
