Hash Join  (cost=135899.22..223532.59 rows=25594 width=0) (actual time=2571.814..4389.302 rows=78198 loops=1)
  Hash Cond: (mk.movie_id = t.id)
  ->  Seq Scan on movie_keyword mk  (cost=0.00..81003.12 rows=1699814 width=4) (actual time=0.024..1490.245 rows=1710660 loops=1)
        Filter: (keyword_id > 8386)
        Rows Removed by Filter: 2813270
  ->  Hash  (cost=135423.32..135423.32 rows=38072 width=8) (actual time=2571.338..2571.338 rows=68377 loops=1)
        Buckets: 131072 (originally 65536)  Batches: 1 (originally 1)  Memory Usage: 3695kB
        ->  Hash Join  (cost=71408.55..135423.32 rows=38072 width=8) (actual time=1415.908..2546.804 rows=68377 loops=1)
              Hash Cond: (mc.movie_id = t.id)
              ->  Seq Scan on movie_companies mc  (cost=0.00..57926.93 rows=415232 width=4) (actual time=309.217..1077.033 rows=742425 loops=1)
                    Filter: ((company_id > 28140) AND (company_type_id = 2))
                    Rows Removed by Filter: 1866704
              ->  Hash  (cost=67604.59..67604.59 rows=231837 width=4) (actual time=1105.677..1105.677 rows=231649 loops=1)
                    Buckets: 131072  Batches: 4  Memory Usage: 3076kB
                    ->  Seq Scan on title t  (cost=0.00..67604.59 rows=231837 width=4) (actual time=0.028..1028.963 rows=231649 loops=1)
                          Filter: (production_year > 2011)
                          Rows Removed by Filter: 2296663
Planning time: 1.186 ms
Execution time: 4400.226 ms
