Seq Scan on movie_keyword mk  (cost=0.00..81003.12 rows=3258682 width=0) (actual time=0.021..1515.517 rows=3247114 loops=1)
  Filter: (keyword_id > 1636)
  Rows Removed by Filter: 1276816
Planning time: 0.300 ms
Execution time: 1917.381 ms
