Hash Join  (cost=174865.45..259807.62 rows=714237 width=0) (actual time=3911.634..6725.522 rows=2119852 loops=1)
  Hash Cond: (mc.movie_id = t.id)
  ->  Seq Scan on movie_companies mc  (cost=0.00..51404.11 rows=1973517 width=4) (actual time=0.012..1053.054 rows=1968827 loops=1)
        Filter: (company_id < 57066)
        Rows Removed by Filter: 640302
  ->  Hash  (cost=159851.69..159851.69 rows=915101 width=8) (actual time=3910.571..3910.571 rows=919850 loops=1)
        Buckets: 131072  Batches: 16  Memory Usage: 3269kB
        ->  Hash Join  (cost=102767.86..159851.69 rows=915101 width=8) (actual time=1964.829..3642.679 rows=919850 loops=1)
              Hash Cond: (mi_idx.movie_id = t.id)
              ->  Seq Scan on movie_info_idx mi_idx  (cost=0.00..25185.44 rows=915101 width=4) (actual time=0.023..514.642 rows=919850 loops=1)
                    Filter: (info_type_id < 101)
                    Rows Removed by Filter: 460185
              ->  Hash  (cost=61283.27..61283.27 rows=2528527 width=4) (actual time=1962.962..1962.962 rows=2528312 loops=1)
                    Buckets: 131072  Batches: 64  Memory Usage: 2415kB
                    ->  Seq Scan on title t  (cost=0.00..61283.27 rows=2528527 width=4) (actual time=0.022..1090.849 rows=2528312 loops=1)
Planning time: 1.171 ms
Execution time: 6959.461 ms
