Hash Join  (cost=215590.86..365354.51 rows=2278662 width=0) (actual time=4750.892..13198.797 rows=18554698 loops=1)
  Hash Cond: (mk.movie_id = t.id)
  ->  Seq Scan on movie_keyword mk  (cost=0.00..69693.30 rows=4523930 width=4) (actual time=0.015..1508.948 rows=4523930 loops=1)
  ->  Hash  (cost=194695.91..194695.91 rows=1273596 width=8) (actual time=4736.756..4736.756 rows=1263574 loops=1)
        Buckets: 131072  Batches: 32  Memory Usage: 2590kB
        ->  Hash Join  (cost=102767.86..194695.91 rows=1273596 width=8) (actual time=1885.354..4342.613 rows=1263574 loops=1)
              Hash Cond: (mc.movie_id = t.id)
              ->  Seq Scan on movie_companies mc  (cost=0.00..51404.11 rows=1273596 width=4) (actual time=0.017..952.098 rows=1263574 loops=1)
                    Filter: (company_id < 11203)
                    Rows Removed by Filter: 1345555
              ->  Hash  (cost=61283.27..61283.27 rows=2528527 width=4) (actual time=1884.494..1884.494 rows=2528312 loops=1)
                    Buckets: 131072  Batches: 64  Memory Usage: 2415kB
                    ->  Seq Scan on title t  (cost=0.00..61283.27 rows=2528527 width=4) (actual time=0.025..1041.842 rows=2528312 loops=1)
Planning time: 1.174 ms
Execution time: 15453.509 ms
