Seq Scan on movie_keyword mk  (cost=0.00..81003.12 rows=246 width=0) (actual time=3.837..1302.699 rows=124 loops=1)
  Filter: (keyword_id = 841)
  Rows Removed by Filter: 4523806
Planning time: 0.279 ms
Execution time: 1302.867 ms
