Hash Join  (cost=99161.12..187831.82 rows=865366 width=0) (actual time=1986.295..4485.041 rows=1099193 loops=1)
  Hash Cond: (mc.movie_id = t.id)
  ->  Seq Scan on movie_companies mc  (cost=0.00..57926.93 rows=1137620 width=4) (actual time=82.439..1293.546 rows=1274246 loops=1)
        Filter: ((company_id < 94770) AND (company_type_id = 1))
        Rows Removed by Filter: 1334883
  ->  Hash  (cost=67604.59..67604.59 rows=1923403 width=4) (actual time=1902.672..1902.672 rows=1922849 loops=1)
        Buckets: 131072  Batches: 32  Memory Usage: 3132kB
        ->  Seq Scan on title t  (cost=0.00..67604.59 rows=1923403 width=4) (actual time=0.027..1284.044 rows=1922849 loops=1)
              Filter: (production_year < 2010)
              Rows Removed by Filter: 605463
Planning time: 0.581 ms
Execution time: 4613.898 ms
