Hash Join  (cost=167541.58..998369.03 rows=401789 width=0) (actual time=8003.711..17608.408 rows=102581 loops=1)
  Hash Cond: (ci.movie_id = t.id)
  ->  Seq Scan on cast_info ci  (cost=0.00..796071.18 rows=2522236 width=4) (actual time=4281.183..13471.800 rows=810598 loops=1)
        Filter: ((person_id < 2118870) AND (role_id = 10))
        Rows Removed by Filter: 35433746
  ->  Hash  (cost=160932.69..160932.69 rows=402791 width=8) (actual time=3711.652..3711.652 rows=243287 loops=1)
        Buckets: 131072  Batches: 8  Memory Usage: 2217kB
        ->  Hash Join  (cost=80330.26..160932.69 rows=402791 width=8) (actual time=1477.759..3634.635 rows=243287 loops=1)
              Hash Cond: (mc.movie_id = t.id)
              ->  Seq Scan on movie_companies mc  (cost=0.00..44881.29 rows=2609129 width=4) (actual time=0.053..908.145 rows=2609129 loops=1)
              ->  Hash  (cost=73925.90..73925.90 rows=390348 width=4) (actual time=1476.928..1476.928 rows=246131 loops=1)
                    Buckets: 131072  Batches: 8  Memory Usage: 2094kB
                    ->  Seq Scan on title t  (cost=0.00..73925.90 rows=390348 width=4) (actual time=0.025..1395.324 rows=246131 loops=1)
                          Filter: ((kind_id > 3) AND (production_year < 1985))
                          Rows Removed by Filter: 2282181
Planning time: 2.093 ms
Execution time: 17621.273 ms
