Hash Join  (cost=478047.37..610374.16 rows=847375 width=0) (actual time=8329.873..16259.105 rows=20772820 loops=1)
  Hash Cond: (mk.movie_id = t.id)
  ->  Seq Scan on movie_keyword mk  (cost=0.00..69693.30 rows=4523930 width=4) (actual time=0.026..1431.735 rows=4523930 loops=1)
  ->  Hash  (cost=470276.16..470276.16 rows=473617 width=8) (actual time=8329.162..8329.162 rows=486554 loops=1)
        Buckets: 131072  Batches: 8  Memory Usage: 3450kB
        ->  Hash Join  (cost=102767.86..470276.16 rows=473617 width=8) (actual time=5891.019..8177.790 rows=486554 loops=1)
              Hash Cond: (mi.movie_id = t.id)
              ->  Seq Scan on movie_info mi  (cost=0.00..346232.03 rows=473617 width=4) (actual time=3838.736..5244.726 rows=486554 loops=1)
                    Filter: (info_type_id = 5)
                    Rows Removed by Filter: 14349166
              ->  Hash  (cost=61283.27..61283.27 rows=2528527 width=4) (actual time=2051.301..2051.301 rows=2528312 loops=1)
                    Buckets: 131072  Batches: 64  Memory Usage: 2425kB
                    ->  Seq Scan on title t  (cost=0.00..61283.27 rows=2528527 width=4) (actual time=0.017..1198.822 rows=2528312 loops=1)
Planning time: 1.114 ms
Execution time: 18597.401 ms
