Seq Scan on movie_keyword mk  (cost=0.00..81003.12 rows=246 width=0) (actual time=5.695..1326.519 rows=284 loops=1)
  Filter: (keyword_id = 31135)
  Rows Removed by Filter: 4523646
Planning time: 0.368 ms
Execution time: 1326.736 ms
