Hash Join  (cost=101637.24..891898.83 rows=154784 width=0) (actual time=1810.707..20270.203 rows=486344 loops=1)
  Hash Cond: (ci.movie_id = t.id)
  ->  Seq Scan on cast_info ci  (cost=0.00..705507.15 rows=22188422 width=4) (actual time=0.010..12881.566 rows=22234871 loops=1)
        Filter: (person_id > 1380280)
        Rows Removed by Filter: 14009473
  ->  Hash  (cost=101416.75..101416.75 rows=17639 width=8) (actual time=1810.514..1810.514 rows=28703 loops=1)
        Buckets: 32768  Batches: 1  Memory Usage: 1378kB
        ->  Hash Join  (cost=74329.88..101416.75 rows=17639 width=8) (actual time=1146.153..1800.514 rows=28703 loops=1)
              Hash Cond: (mi_idx.movie_id = t.id)
              ->  Seq Scan on movie_info_idx mi_idx  (cost=0.00..21735.35 rows=1380035 width=4) (actual time=0.016..332.921 rows=1380035 loops=1)
              ->  Hash  (cost=73925.90..73925.90 rows=32318 width=4) (actual time=1145.959..1145.959 rows=20209 loops=1)
                    Buckets: 32768  Batches: 1  Memory Usage: 967kB
                    ->  Seq Scan on title t  (cost=0.00..73925.90 rows=32318 width=4) (actual time=0.104..1137.267 rows=20209 loops=1)
                          Filter: ((kind_id < 3) AND (production_year = 2006))
                          Rows Removed by Filter: 2508103
Planning time: 5.169 ms
Execution time: 20339.473 ms
