Seq Scan on movie_companies mc  (cost=0.00..51404.11 rows=3566 width=0) (actual time=2.533..612.824 rows=3073 loops=1)
  Filter: (company_id = 1310)
  Rows Removed by Filter: 2606056
Planning time: 0.336 ms
Execution time: 613.413 ms
