Hash Join  (cost=156595.58..930378.14 rows=361941 width=0) (actual time=3883.356..20090.749 rows=2703595 loops=1)
  Hash Cond: (ci.movie_id = t.id)
  ->  Seq Scan on cast_info ci  (cost=0.00..705507.15 rows=5535999 width=4) (actual time=0.026..12154.533 rows=5455654 loops=1)
        Filter: (person_id < 526424)
        Rows Removed by Filter: 30788690
  ->  Hash  (cost=153883.16..153883.16 rows=165314 width=8) (actual time=3882.357..3882.357 rows=619679 loops=1)
        Buckets: 131072 (originally 131072)  Batches: 8 (originally 4)  Memory Usage: 4073kB
        ->  Hash Join  (cost=76554.49..153883.16 rows=165314 width=8) (actual time=1278.898..3674.590 rows=619679 loops=1)
              Hash Cond: (mc.movie_id = t.id)
              ->  Seq Scan on movie_companies mc  (cost=0.00..44881.29 rows=2609129 width=4) (actual time=0.024..962.447 rows=2609129 loops=1)
              ->  Hash  (cost=73925.90..73925.90 rows=160207 width=4) (actual time=1278.062..1278.062 rows=296441 loops=1)
                    Buckets: 131072  Batches: 4  Memory Usage: 3632kB
                    ->  Seq Scan on title t  (cost=0.00..73925.90 rows=160207 width=4) (actual time=573.731..1187.175 rows=296441 loops=1)
                          Filter: ((production_year < 1986) AND (kind_id = 1))
                          Rows Removed by Filter: 2231871
Planning time: 1.228 ms
Execution time: 20403.875 ms
