Hash Join  (cost=155540.25..684463.38 rows=4603220 width=0) (actual time=3713.631..21112.469 rows=15054333 loops=1)
  Hash Cond: (mi.movie_id = t.id)
  ->  Seq Scan on movie_info mi  (cost=0.00..309384.22 rows=14739122 width=4) (actual time=0.021..6240.020 rows=14835720 loops=1)
  ->  Hash  (cost=142584.10..142584.10 rows=789692 width=8) (actual time=3712.524..3712.524 rows=949108 loops=1)
        Buckets: 131072  Batches: 16  Memory Usage: 3367kB
        ->  Hash Join  (cost=91342.70..142584.10 rows=789692 width=8) (actual time=1775.740..3422.451 rows=949108 loops=1)
              Hash Cond: (mi_idx.movie_id = t.id)
              ->  Seq Scan on movie_info_idx mi_idx  (cost=0.00..21735.35 rows=1380035 width=4) (actual time=0.026..456.616 rows=1380035 loops=1)
              ->  Hash  (cost=67604.59..67604.59 rows=1446889 width=4) (actual time=1775.026..1775.026 rows=1443298 loops=1)
                    Buckets: 131072  Batches: 32  Memory Usage: 2608kB
                    ->  Seq Scan on title t  (cost=0.00..67604.59 rows=1446889 width=4) (actual time=0.012..1306.980 rows=1443298 loops=1)
                          Filter: (production_year < 2006)
                          Rows Removed by Filter: 1085014
Planning time: 1.210 ms
Execution time: 22806.878 ms
