Hash Join  (cost=148258.03..908846.28 rows=979908 width=0) (actual time=2885.007..28755.767 rows=4448729 loops=1)
  Hash Cond: (ci.movie_id = t.id)
  ->  Seq Scan on cast_info ci  (cost=0.00..614943.12 rows=36225612 width=4) (actual time=0.013..9588.422 rows=36244344 loops=1)
  ->  Hash  (cost=147403.07..147403.07 rows=68397 width=8) (actual time=2884.278..2884.278 rows=111947 loops=1)
        Buckets: 131072 (originally 131072)  Batches: 2 (originally 1)  Memory Usage: 3204kB
        ->  Hash Join  (cost=75628.47..147403.07 rows=68397 width=8) (actual time=1303.698..2840.534 rows=111947 loops=1)
              Hash Cond: (mc.movie_id = t.id)
              ->  Seq Scan on movie_companies mc  (cost=0.00..51404.11 rows=1667338 width=4) (actual time=19.617..1006.386 rows=1666589 loops=1)
                    Filter: (company_id > 3519)
                    Rows Removed by Filter: 942540
              ->  Hash  (cost=73925.90..73925.90 rows=103725 width=4) (actual time=1160.183..1160.183 rows=98992 loops=1)
                    Buckets: 131072  Batches: 2  Memory Usage: 2760kB
                    ->  Seq Scan on title t  (cost=0.00..73925.90 rows=103725 width=4) (actual time=32.383..1125.812 rows=98992 loops=1)
                          Filter: ((kind_id < 2) AND (production_year > 2010))
                          Rows Removed by Filter: 2429320
Planning time: 1.175 ms
Execution time: 29311.487 ms
