Hash Join  (cost=122231.72..487456.91 rows=56927 width=0) (actual time=2279.921..10050.584 rows=276592 loops=1)
  Hash Cond: (mi.movie_id = t.id)
  ->  Seq Scan on movie_info mi  (cost=0.00..309384.22 rows=14739122 width=4) (actual time=0.028..4484.363 rows=14835720 loops=1)
  ->  Hash  (cost=122109.64..122109.64 rows=9766 width=8) (actual time=2279.671..2279.671 rows=10037 loops=1)
        Buckets: 16384  Batches: 1  Memory Usage: 521kB
        ->  Hash Join  (cost=68058.67..122109.64 rows=9766 width=8) (actual time=1224.800..2275.400 rows=10037 loops=1)
              Hash Cond: (mc.movie_id = t.id)
              ->  Seq Scan on movie_companies mc  (cost=0.00..51404.11 rows=679785 width=4) (actual time=0.022..879.379 rows=671668 loops=1)
                    Filter: (company_id < 1079)
                    Rows Removed by Filter: 1937461
              ->  Hash  (cost=67604.59..67604.59 rows=36327 width=4) (actual time=1224.102..1224.102 rows=36509 loops=1)
                    Buckets: 65536  Batches: 1  Memory Usage: 1796kB
                    ->  Seq Scan on title t  (cost=0.00..67604.59 rows=36327 width=4) (actual time=0.031..1208.395 rows=36509 loops=1)
                          Filter: (production_year = 1996)
                          Rows Removed by Filter: 2491803
Planning time: 1.128 ms
Execution time: 10086.661 ms
