Nested Loop  (cost=0.43..799702.19 rows=435 width=0) (actual time=7864.894..13251.968 rows=44 loops=1)
  ->  Seq Scan on cast_info ci  (cost=0.00..796071.18 rows=435 width=4) (actual time=7864.802..13251.210 rows=44 loops=1)
        Filter: ((role_id < 10) AND (person_id = 3436650))
        Rows Removed by Filter: 36244300
  ->  Index Only Scan using title_pkey on title t  (cost=0.43..8.34 rows=1 width=4) (actual time=0.016..0.016 rows=1 loops=44)
        Index Cond: (id = ci.movie_id)
        Heap Fetches: 44
Planning time: 0.526 ms
Execution time: 13252.046 ms
