Seq Scan on movie_companies mc  (cost=0.00..57926.93 rows=503582 width=0) (actual time=292.217..945.274 rows=816873 loops=1)
  Filter: ((company_id > 16754) AND (company_type_id > 1))
  Rows Removed by Filter: 1792256
Planning time: 0.239 ms
Execution time: 1048.517 ms
