Seq Scan on movie_keyword mk  (cost=0.00..81003.12 rows=246 width=0) (actual time=0.538..1311.301 rows=1903 loops=1)
  Filter: (keyword_id = 866)
  Rows Removed by Filter: 4522027
Planning time: 0.362 ms
Execution time: 1311.957 ms
