Seq Scan on movie_companies mc  (cost=0.00..51404.11 rows=2266202 width=0) (actual time=0.019..1011.021 rows=2262730 loops=1)
  Filter: (company_id < 88649)
  Rows Removed by Filter: 346399
Planning time: 0.230 ms
Execution time: 1278.692 ms
