Hash Join  (cost=194354.64..710709.26 rows=3425269 width=0) (actual time=4472.216..23889.952 rows=13368357 loops=1)
  Hash Cond: (mi.movie_id = t.id)
  ->  Seq Scan on movie_info mi  (cost=0.00..309384.22 rows=14739122 width=4) (actual time=0.023..6331.830 rows=14835720 loops=1)
  ->  Hash  (cost=184713.49..184713.49 rows=587612 width=8) (actual time=4471.434..4471.434 rows=871847 loops=1)
        Buckets: 131072 (originally 131072)  Batches: 16 (originally 8)  Memory Usage: 3170kB
        ->  Hash Join  (cost=102767.86..184713.49 rows=587612 width=8) (actual time=2083.517..4217.711 rows=871847 loops=1)
              Hash Cond: (mc.movie_id = t.id)
              ->  Seq Scan on movie_companies mc  (cost=0.00..57926.93 rows=587612 width=4) (actual time=0.026..1010.831 rows=871847 loops=1)
                    Filter: ((company_id > 12958) AND (company_type_id = 2))
                    Rows Removed by Filter: 1737282
              ->  Hash  (cost=61283.27..61283.27 rows=2528527 width=4) (actual time=2082.760..2082.760 rows=2528312 loops=1)
                    Buckets: 131072  Batches: 64  Memory Usage: 2415kB
                    ->  Seq Scan on title t  (cost=0.00..61283.27 rows=2528527 width=4) (actual time=0.013..1225.292 rows=2528312 loops=1)
Planning time: 1.193 ms
Execution time: 25611.551 ms
