Seq Scan on movie_keyword mk  (cost=0.00..81003.12 rows=451931 width=0) (actual time=0.029..1298.021 rows=463008 loops=1)
  Filter: (keyword_id < 353)
  Rows Removed by Filter: 4060922
Planning time: 0.333 ms
Execution time: 1358.859 ms
