Hash Join  (cost=102767.86..894776.50 rows=3184338 width=0) (actual time=9654.248..16699.188 rows=3231682 loops=1)
  Hash Cond: (ci.movie_id = t.id)
  ->  Seq Scan on cast_info ci  (cost=0.00..705507.15 rows=3184338 width=4) (actual time=7634.310..11855.720 rows=3231682 loops=1)
        Filter: (person_id > 3467264)
        Rows Removed by Filter: 33012662
  ->  Hash  (cost=61283.27..61283.27 rows=2528527 width=4) (actual time=2016.132..2016.132 rows=2528312 loops=1)
        Buckets: 131072  Batches: 64  Memory Usage: 2415kB
        ->  Seq Scan on title t  (cost=0.00..61283.27 rows=2528527 width=4) (actual time=0.021..1137.896 rows=2528312 loops=1)
Planning time: 0.838 ms
Execution time: 17058.234 ms
