Hash Join  (cost=80384.28..942942.87 rows=770681 width=0) (actual time=1865.931..16191.070 rows=453538 loops=1)
  Hash Cond: (ci.movie_id = t.id)
  ->  Seq Scan on cast_info ci  (cost=0.00..796071.18 rows=4950559 width=4) (actual time=0.030..12820.411 rows=3070814 loops=1)
        Filter: ((person_id < 1079279) AND (role_id > 2))
        Rows Removed by Filter: 33173530
  ->  Hash  (cost=73925.90..73925.90 rows=393630 width=4) (actual time=1865.011..1865.011 rows=401187 loops=1)
        Buckets: 131072  Batches: 8  Memory Usage: 2794kB
        ->  Seq Scan on title t  (cost=0.00..73925.90 rows=393630 width=4) (actual time=0.019..1437.456 rows=401187 loops=1)
              Filter: ((kind_id > 1) AND (production_year > 2009))
              Rows Removed by Filter: 2127125
Planning time: 1.080 ms
Execution time: 16240.411 ms
