Hash Join  (cost=866910.28..1016770.76 rows=2286544 width=0) (actual time=16003.018..19877.033 rows=1406832 loops=1)
  Hash Cond: (mk.movie_id = t.id)
  ->  Seq Scan on movie_keyword mk  (cost=0.00..69693.30 rows=4523930 width=4) (actual time=0.014..1426.888 rows=4523930 loops=1)
  ->  Hash  (cost=845942.27..845942.27 rows=1278001 width=8) (actual time=16001.640..16001.640 rows=1056554 loops=1)
        Buckets: 131072  Batches: 32  Memory Usage: 2310kB
        ->  Hash Join  (cost=98137.04..845942.27 rows=1278001 width=8) (actual time=5717.998..15704.063 rows=1056554 loops=1)
              Hash Cond: (ci.movie_id = t.id)
              ->  Seq Scan on cast_info ci  (cost=0.00..705507.15 rows=1736414 width=4) (actual time=3875.891..12291.731 rows=1703543 loops=1)
                    Filter: (role_id = 8)
                    Rows Removed by Filter: 34540801
              ->  Hash  (cost=67604.59..67604.59 rows=1860996 width=4) (actual time=1841.210..1841.210 rows=1865487 loops=1)
                    Buckets: 131072  Batches: 32  Memory Usage: 3079kB
                    ->  Seq Scan on title t  (cost=0.00..67604.59 rows=1860996 width=4) (actual time=0.022..1236.961 rows=1865487 loops=1)
                          Filter: (kind_id > 1)
                          Rows Removed by Filter: 662825
Planning time: 1.137 ms
Execution time: 20031.256 ms
