Hash Join  (cost=136602.00..223848.30 rows=58827 width=0) (actual time=2489.986..4368.390 rows=93675 loops=1)
  Hash Cond: (mk.movie_id = t.id)
  ->  Seq Scan on movie_keyword mk  (cost=0.00..69693.30 rows=4523930 width=4) (actual time=0.024..997.917 rows=4523930 loops=1)
  ->  Hash  (cost=136191.00..136191.00 rows=32880 width=8) (actual time=2488.448..2488.448 rows=29628 loops=1)
        Buckets: 65536  Batches: 1  Memory Usage: 1670kB
        ->  Hash Join  (cost=75867.62..136191.00 rows=32880 width=8) (actual time=1248.225..2476.844 rows=29628 loops=1)
              Hash Cond: (mc.movie_id = t.id)
              ->  Seq Scan on movie_companies mc  (cost=0.00..51404.11 rows=702791 width=4) (actual time=0.023..946.337 rows=692726 loops=1)
                    Filter: (company_id < 1284)
                    Rows Removed by Filter: 1916403
              ->  Hash  (cost=73925.90..73925.90 rows=118297 width=4) (actual time=1247.091..1247.091 rows=122606 loops=1)
                    Buckets: 131072  Batches: 2  Memory Usage: 3179kB
                    ->  Seq Scan on title t  (cost=0.00..73925.90 rows=118297 width=4) (actual time=0.023..1201.740 rows=122606 loops=1)
                          Filter: ((kind_id > 1) AND (production_year = 2011))
                          Rows Removed by Filter: 2405706
Planning time: 1.170 ms
Execution time: 4381.647 ms
