Seq Scan on movie_keyword mk  (cost=0.00..81003.12 rows=246 width=0) (actual time=16.877..1220.327 rows=86 loops=1)
  Filter: (keyword_id = 9689)
  Rows Removed by Filter: 4523844
Planning time: 0.326 ms
Execution time: 1220.458 ms
