Seq Scan on movie_companies mc  (cost=0.00..57926.93 rows=1228152 width=0) (actual time=296.951..1090.291 rows=1134372 loops=1)
  Filter: ((company_id < 113269) AND (company_type_id = 2))
  Rows Removed by Filter: 1474757
Planning time: 0.365 ms
Execution time: 1228.614 ms
