Seq Scan on movie_keyword mk  (cost=0.00..81003.12 rows=1231054 width=0) (actual time=0.024..1314.968 rows=1242279 loops=1)
  Filter: (keyword_id > 14552)
  Rows Removed by Filter: 3281651
Planning time: 0.304 ms
Execution time: 1471.783 ms
