Hash Join  (cost=75405.37..113942.70 rows=49185 width=0) (actual time=1150.698..2504.003 rows=150238 loops=1)
  Hash Cond: (mi_idx.movie_id = t.id)
  ->  Seq Scan on movie_info_idx mi_idx  (cost=0.00..21735.35 rows=1380035 width=4) (actual time=0.016..460.350 rows=1380035 loops=1)
  ->  Hash  (cost=73925.90..73925.90 rows=90117 width=4) (actual time=1132.125..1132.125 rows=217597 loops=1)
        Buckets: 131072 (originally 131072)  Batches: 4 (originally 2)  Memory Usage: 3073kB
        ->  Seq Scan on title t  (cost=0.00..73925.90 rows=90117 width=4) (actual time=0.019..1052.675 rows=217597 loops=1)
              Filter: ((production_year < 1968) AND (kind_id = 1))
              Rows Removed by Filter: 2310715
Planning time: 0.723 ms
Execution time: 2523.520 ms
