Hash Join  (cost=969812.42..1552710.56 rows=7935031 width=0) (actual time=15237.289..33003.844 rows=16699730 loops=1)
  Hash Cond: (mi.movie_id = t.id)
  ->  Seq Scan on movie_info mi  (cost=0.00..309384.22 rows=14739122 width=4) (actual time=0.016..6307.338 rows=14835720 loops=1)
  ->  Hash  (cost=947478.53..947478.53 rows=1361271 width=8) (actual time=15236.239..15236.239 rows=598080 loops=1)
        Buckets: 131072  Batches: 32  Memory Usage: 1775kB
        ->  Hash Join  (cost=87977.22..947478.53 rows=1361271 width=8) (actual time=4726.367..15040.520 rows=598080 loops=1)
              Hash Cond: (ci.movie_id = t.id)
              ->  Seq Scan on cast_info ci  (cost=0.00..796071.18 rows=4019046 width=4) (actual time=3133.490..12301.946 rows=1691457 loops=1)
                    Filter: ((person_id < 587736) AND (role_id > 1))
                    Rows Removed by Filter: 34552887
              ->  Hash  (cost=73925.90..73925.90 rows=856425 width=4) (actual time=1574.416..1574.416 rows=769954 loops=1)
                    Buckets: 131072  Batches: 16  Memory Usage: 2718kB
                    ->  Seq Scan on title t  (cost=0.00..73925.90 rows=856425 width=4) (actual time=0.032..1333.927 rows=769954 loops=1)
                          Filter: ((kind_id < 7) AND (production_year > 1962))
                          Rows Removed by Filter: 1758358
Planning time: 0.808 ms
Execution time: 34906.052 ms
