Hash Join  (cost=108632.59..478281.66 rows=130247 width=0) (actual time=3282.574..9745.783 rows=561708 loops=1)
  Hash Cond: (mi.movie_id = t.id)
  ->  Seq Scan on movie_info mi  (cost=0.00..346232.03 rows=5897221 width=4) (actual time=1176.782..5458.940 rows=5884963 loops=1)
        Filter: (info_type_id < 7)
        Rows Removed by Filter: 8950757
  ->  Hash  (cost=107934.53..107934.53 rows=55845 width=8) (actual time=2023.125..2023.125 rows=111147 loops=1)
        Buckets: 131072 (originally 65536)  Batches: 2 (originally 1)  Memory Usage: 3195kB
        ->  Hash Join  (cost=69283.60..107934.53 rows=55845 width=8) (actual time=999.592..1981.916 rows=111147 loops=1)
              Hash Cond: (mi_idx.movie_id = t.id)
              ->  Seq Scan on movie_info_idx mi_idx  (cost=0.00..21735.35 rows=1380035 width=4) (actual time=0.028..474.073 rows=1380035 loops=1)
              ->  Hash  (cost=67604.59..67604.59 rows=102321 width=4) (actual time=998.764..998.764 rows=100537 loops=1)
                    Buckets: 131072  Batches: 2  Memory Usage: 2797kB
                    ->  Seq Scan on title t  (cost=0.00..67604.59 rows=102321 width=4) (actual time=42.912..966.763 rows=100537 loops=1)
                          Filter: (kind_id = 3)
                          Rows Removed by Filter: 2427775
Planning time: 0.809 ms
Execution time: 9818.912 ms
