Hash Join  (cost=949991.13..1503355.11 rows=5754670 width=0) (actual time=14445.362..26307.431 rows=3175 loops=1)
  Hash Cond: (mi.movie_id = t.id)
  ->  Seq Scan on movie_info mi  (cost=0.00..346232.03 rows=12545135 width=4) (actual time=0.023..6973.572 rows=12601870 loops=1)
        Filter: (info_type_id < 17)
        Rows Removed by Filter: 2233850
  ->  Hash  (cost=930961.64..930961.64 rows=1159879 width=8) (actual time=14049.372..14049.372 rows=866 loops=1)
        Buckets: 131072  Batches: 16  Memory Usage: 1033kB
        ->  Hash Join  (cost=92883.59..930961.64 rows=1159879 width=8) (actual time=9465.699..14048.158 rows=866 loops=1)
              Hash Cond: (ci.movie_id = t.id)
              ->  Seq Scan on cast_info ci  (cost=0.00..796071.18 rows=1903417 width=4) (actual time=7690.881..12047.849 rows=1612 loops=1)
                    Filter: ((person_id < 913870) AND (role_id = 2))
                    Rows Removed by Filter: 36242732
              ->  Hash  (cost=67604.59..67604.59 rows=1540800 width=4) (actual time=1746.710..1746.710 rows=1543264 loops=1)
                    Buckets: 131072  Batches: 32  Memory Usage: 2722kB
                    ->  Seq Scan on title t  (cost=0.00..67604.59 rows=1540800 width=4) (actual time=0.030..1257.053 rows=1543264 loops=1)
                          Filter: (kind_id = 7)
                          Rows Removed by Filter: 985048
Planning time: 1.235 ms
Execution time: 26308.442 ms
