Seq Scan on cast_info ci  (cost=0.00..796071.18 rows=224 width=0) (actual time=748.428..13126.817 rows=5 loops=1)
  Filter: ((role_id > 2) AND (person_id = 70124))
  Rows Removed by Filter: 36244339
Planning time: 0.407 ms
Execution time: 13126.949 ms
