Seq Scan on movie_keyword mk  (cost=0.00..81003.12 rows=246 width=0) (actual time=5.836..1236.932 rows=367 loops=1)
  Filter: (keyword_id = 4745)
  Rows Removed by Filter: 4523563
Planning time: 0.363 ms
Execution time: 1237.235 ms
