Hash Join  (cost=378589.61..617856.77 rows=4204544 width=146) (actual time=10027.039..29584.872 rows=31195171 loops=1)
  Hash Cond: (mk.movie_id = t.id)
  ->  Seq Scan on movie_keyword mk  (cost=0.00..81003.12 rows=4074656 width=12) (actual time=0.018..2321.789 rows=4075655 loops=1)
        Filter: (keyword_id < 39603)
        Rows Removed by Filter: 448275
  ->  Hash  (cost=295015.49..295015.49 rows=2609129 width=134) (actual time=10009.400..10009.400 rows=2609129 loops=1)
        Buckets: 32768  Batches: 128  Memory Usage: 3159kB
        ->  Hash Join  (cost=129928.86..295015.49 rows=2609129 width=134) (actual time=3213.553..8337.295 rows=2609129 loops=1)
              Hash Cond: (mc.movie_id = t.id)
              ->  Seq Scan on movie_companies mc  (cost=0.00..44881.29 rows=2609129 width=40) (actual time=0.015..1040.885 rows=2609129 loops=1)
              ->  Hash  (cost=61283.27..61283.27 rows=2528527 width=94) (actual time=3211.509..3211.509 rows=2528312 loops=1)
                    Buckets: 32768  Batches: 128  Memory Usage: 2453kB
                    ->  Seq Scan on title t  (cost=0.00..61283.27 rows=2528527 width=94) (actual time=3.917..1346.026 rows=2528312 loops=1)
Planning time: 2.456 ms
Execution time: 31308.318 ms
