Seq Scan on movie_companies mc  (cost=0.00..57926.93 rows=31007 width=0) (actual time=358.067..848.130 rows=55497 loops=1)
  Filter: ((company_id = 6) AND (company_type_id = 1))
  Rows Removed by Filter: 2553632
Planning time: 2.175 ms
Execution time: 854.088 ms
