Seq Scan on movie_companies mc  (cost=0.00..57926.93 rows=1103315 width=0) (actual time=0.028..1113.816 rows=997841 loops=1)
  Filter: ((company_id > 176) AND (company_type_id = 1))
  Rows Removed by Filter: 1611288
Planning time: 0.348 ms
Execution time: 1241.427 ms
