Seq Scan on movie_companies mc  (cost=0.00..57926.93 rows=701123 width=0) (actual time=27.882..995.690 rows=963827 loops=1)
  Filter: ((company_id < 12496) AND (company_type_id < 2))
  Rows Removed by Filter: 1645302
Planning time: 0.344 ms
Execution time: 1116.556 ms
