Hash Join  (cost=75300.67..828688.80 rows=132411 width=0) (actual time=7750.110..15780.288 rows=206185 loops=1)
  Hash Cond: (ci.movie_id = t.id)
  ->  Seq Scan on cast_info ci  (cost=0.00..705507.15 rows=3998100 width=4) (actual time=6394.228..12903.872 rows=4008037 loops=1)
        Filter: (role_id = 3)
        Rows Removed by Filter: 32236307
  ->  Hash  (cost=73925.90..73925.90 rows=83741 width=4) (actual time=1355.007..1355.007 rows=93082 loops=1)
        Buckets: 131072  Batches: 2  Memory Usage: 2666kB
        ->  Seq Scan on title t  (cost=0.00..73925.90 rows=83741 width=4) (actual time=0.045..1318.508 rows=93082 loops=1)
              Filter: ((kind_id > 3) AND (production_year = 2008))
              Rows Removed by Filter: 2435230
Planning time: 0.812 ms
Execution time: 15807.358 ms
