Seq Scan on title t  (cost=0.00..73925.90 rows=628697 width=0) (actual time=0.027..1221.174 rows=532584 loops=1)
  Filter: ((kind_id < 7) AND (production_year > 1995))
  Rows Removed by Filter: 1995728
Planning time: 0.345 ms
Execution time: 1289.786 ms
