Hash Join  (cost=82423.69..227117.80 rows=1419935 width=0) (actual time=1518.360..5256.471 rows=927895 loops=1)
  Hash Cond: (mk.movie_id = t.id)
  ->  Seq Scan on movie_keyword mk  (cost=0.00..81003.12 rows=3975102 width=4) (actual time=0.024..1697.142 rows=3979203 loops=1)
        Filter: (keyword_id < 33744)
        Rows Removed by Filter: 544727
  ->  Hash  (cost=67604.59..67604.59 rows=903208 width=4) (actual time=1516.701..1516.701 rows=904491 loops=1)
        Buckets: 131072  Batches: 16  Memory Usage: 3017kB
        ->  Seq Scan on title t  (cost=0.00..67604.59 rows=903208 width=4) (actual time=0.025..1210.970 rows=904491 loops=1)
              Filter: (production_year > 2006)
              Rows Removed by Filter: 1623821
Planning time: 4.120 ms
Execution time: 5366.850 ms
