Hash Join  (cost=75546.38..114163.87 rows=53901 width=0) (actual time=1254.340..2148.496 rows=24588 loops=1)
  Hash Cond: (mi_idx.movie_id = t.id)
  ->  Seq Scan on movie_info_idx mi_idx  (cost=0.00..21735.35 rows=1380035 width=4) (actual time=0.021..442.806 rows=1380035 loops=1)
  ->  Hash  (cost=73925.90..73925.90 rows=98758 width=4) (actual time=1250.871..1250.871 rows=106661 loops=1)
        Buckets: 131072  Batches: 2  Memory Usage: 2897kB
        ->  Seq Scan on title t  (cost=0.00..73925.90 rows=98758 width=4) (actual time=0.023..1209.958 rows=106661 loops=1)
              Filter: ((kind_id > 4) AND (production_year = 2011))
              Rows Removed by Filter: 2421651
Planning time: 0.616 ms
Execution time: 2151.997 ms
