Hash Join  (cost=79303.65..1218049.09 rows=10215628 width=0) (actual time=1421.444..34274.528 rows=9059640 loops=1)
  Hash Cond: (ci.movie_id = t.id)
  ->  Seq Scan on cast_info ci  (cost=0.00..614943.12 rows=36225612 width=4) (actual time=0.013..13026.741 rows=36244344 loops=1)
  ->  Hash  (cost=67604.59..67604.59 rows=713045 width=4) (actual time=1420.371..1420.371 rows=707186 loops=1)
        Buckets: 131072  Batches: 16  Memory Usage: 2578kB
        ->  Seq Scan on title t  (cost=0.00..67604.59 rows=713045 width=4) (actual time=0.024..1187.491 rows=707186 loops=1)
              Filter: (production_year < 1991)
              Rows Removed by Filter: 1821126
Planning time: 3.306 ms
Execution time: 35339.235 ms
