Hash Join  (cost=102767.86..1225032.95 rows=16909289 width=0) (actual time=2231.793..30295.129 rows=17026632 loops=1)
  Hash Cond: (ci.movie_id = t.id)
  ->  Seq Scan on cast_info ci  (cost=0.00..705507.15 rows=16909289 width=4) (actual time=0.015..14083.699 rows=17026632 loops=1)
        Filter: (person_id > 1920747)
        Rows Removed by Filter: 19217712
  ->  Hash  (cost=61283.27..61283.27 rows=2528527 width=4) (actual time=2230.969..2230.969 rows=2528312 loops=1)
        Buckets: 131072  Batches: 64  Memory Usage: 2415kB
        ->  Seq Scan on title t  (cost=0.00..61283.27 rows=2528527 width=4) (actual time=0.015..1092.759 rows=2528312 loops=1)
Planning time: 4.577 ms
Execution time: 32195.006 ms
