Seq Scan on movie_keyword mk  (cost=0.00..81003.12 rows=3276293 width=0) (actual time=0.021..1308.563 rows=3263800 loops=1)
  Filter: (keyword_id < 14238)
  Rows Removed by Filter: 1260130
Planning time: 0.250 ms
Execution time: 1655.829 ms
