Hash Join  (cost=86138.21..612240.94 rows=4338881 width=0) (actual time=1695.523..15187.057 rows=2338320 loops=1)
  Hash Cond: (mi.movie_id = t.id)
  ->  Seq Scan on movie_info mi  (cost=0.00..309384.22 rows=14739122 width=4) (actual time=0.024..5971.252 rows=14835720 loops=1)
  ->  Hash  (cost=73925.90..73925.90 rows=744344 width=4) (actual time=1694.361..1694.361 rows=796638 loops=1)
        Buckets: 131072  Batches: 16  Memory Usage: 2785kB
        ->  Seq Scan on title t  (cost=0.00..73925.90 rows=744344 width=4) (actual time=0.012..1420.730 rows=796638 loops=1)
              Filter: ((kind_id > 1) AND (production_year > 2005))
              Rows Removed by Filter: 1731674
Planning time: 0.735 ms
Execution time: 15463.021 ms
