Hash Join  (cost=83074.74..137742.81 rows=254 width=0) (actual time=1377.761..2388.672 rows=32 loops=1)
  Hash Cond: (mc.movie_id = t.id)
  ->  Seq Scan on movie_companies mc  (cost=0.00..44881.29 rows=2609129 width=4) (actual time=0.021..651.229 rows=2609129 loops=1)
  ->  Hash  (cost=83071.67..83071.67 rows=246 width=8) (actual time=1283.490..1283.490 rows=7 loops=1)
        Buckets: 1024  Batches: 1  Memory Usage: 9kB
        ->  Nested Loop  (cost=0.43..83071.67 rows=246 width=8) (actual time=118.769..1283.475 rows=7 loops=1)
              ->  Seq Scan on movie_keyword mk  (cost=0.00..81003.12 rows=246 width=4) (actual time=118.661..1283.024 rows=7 loops=1)
                    Filter: (keyword_id = 30602)
                    Rows Removed by Filter: 4523923
              ->  Index Only Scan using title_pkey on title t  (cost=0.43..8.40 rows=1 width=4) (actual time=0.055..0.056 rows=1 loops=7)
                    Index Cond: (id = mk.movie_id)
                    Heap Fetches: 7
Planning time: 1.142 ms
Execution time: 2388.796 ms
