Hash Join  (cost=162456.25..549237.41 rows=370133 width=0) (actual time=3041.563..9419.407 rows=108657 loops=1)
  Hash Cond: (mi.movie_id = t.id)
  ->  Seq Scan on movie_info mi  (cost=0.00..309384.22 rows=14739122 width=4) (actual time=0.021..3611.383 rows=14835720 loops=1)
  ->  Hash  (cost=161662.54..161662.54 rows=63497 width=8) (actual time=3039.327..3039.327 rows=12851 loops=1)
        Buckets: 65536  Batches: 1  Memory Usage: 1014kB
        ->  Hash Join  (cost=74369.53..161662.54 rows=63497 width=8) (actual time=2549.858..3035.239 rows=12851 loops=1)
              Hash Cond: (mk.movie_id = t.id)
              ->  Seq Scan on movie_keyword mk  (cost=0.00..69693.30 rows=4523930 width=4) (actual time=0.022..970.878 rows=4523930 loops=1)
              ->  Hash  (cost=73925.90..73925.90 rows=35490 width=4) (actual time=1220.857..1220.857 rows=39698 loops=1)
                    Buckets: 65536  Batches: 1  Memory Usage: 1908kB
                    ->  Seq Scan on title t  (cost=0.00..73925.90 rows=35490 width=4) (actual time=0.015..1204.190 rows=39698 loops=1)
                          Filter: ((kind_id = 7) AND (production_year = 2001))
                          Rows Removed by Filter: 2488614
Planning time: 1.218 ms
Execution time: 9432.788 ms
