Hash Join  (cost=74456.32..131244.60 rows=23063 width=0) (actual time=1184.473..2440.355 rows=38952 loops=1)
  Hash Cond: (mc.movie_id = t.id)
  ->  Seq Scan on movie_companies mc  (cost=0.00..51404.11 rows=1374277 width=4) (actual time=0.031..908.550 rows=1385774 loops=1)
        Filter: (company_id > 11138)
        Rows Removed by Filter: 1223355
  ->  Hash  (cost=73925.90..73925.90 rows=42433 width=4) (actual time=1184.086..1184.086 rows=37411 loops=1)
        Buckets: 65536  Batches: 1  Memory Usage: 1828kB
        ->  Seq Scan on title t  (cost=0.00..73925.90 rows=42433 width=4) (actual time=220.704..1169.440 rows=37411 loops=1)
              Filter: ((kind_id = 1) AND (production_year = 2011))
              Rows Removed by Filter: 2490901
Planning time: 0.672 ms
Execution time: 2446.189 ms
