Hash Join  (cost=117185.57..482271.79 rows=56845 width=0) (actual time=2408.744..8175.959 rows=237103 loops=1)
  Hash Cond: (mi.movie_id = t.id)
  ->  Seq Scan on movie_info mi  (cost=0.00..346232.03 rows=1550064 width=4) (actual time=262.462..5509.663 rows=1533909 loops=1)
        Filter: (info_type_id = 3)
        Rows Removed by Filter: 13301811
  ->  Hash  (cost=115663.47..115663.47 rows=92728 width=8) (actual time=2067.064..2067.064 rows=132771 loops=1)
        Buckets: 131072  Batches: 2  Memory Usage: 3629kB
        ->  Hash Join  (cost=82206.63..115663.47 rows=92728 width=8) (actual time=1193.505..2027.358 rows=132771 loops=1)
              Hash Cond: (mi_idx.movie_id = t.id)
              ->  Seq Scan on movie_info_idx mi_idx  (cost=0.00..25185.44 rows=464566 width=4) (actual time=0.041..529.725 rows=459925 loops=1)
                    Filter: (info_type_id = 101)
                    Rows Removed by Filter: 920110
              ->  Hash  (cost=73925.90..73925.90 rows=504698 width=4) (actual time=1192.645..1192.645 rows=373632 loops=1)
                    Buckets: 131072  Batches: 8  Memory Usage: 2673kB
                    ->  Seq Scan on title t  (cost=0.00..73925.90 rows=504698 width=4) (actual time=0.023..1075.749 rows=373632 loops=1)
                          Filter: ((kind_id < 2) AND (production_year > 1982))
                          Rows Removed by Filter: 2154680
Planning time: 1.062 ms
Execution time: 8201.651 ms
