Seq Scan on movie_keyword mk  (cost=0.00..81003.12 rows=1878416 width=0) (actual time=0.029..1378.801 rows=1889994 loops=1)
  Filter: (keyword_id < 3235)
  Rows Removed by Filter: 2633936
Planning time: 0.333 ms
Execution time: 1610.851 ms
