Hash Join  (cost=152770.11..907612.58 rows=249045 width=0) (actual time=5502.157..18132.314 rows=155783 loops=1)
  Hash Cond: (ci.movie_id = t.id)
  ->  Seq Scan on cast_info ci  (cost=0.00..705507.15 rows=3998100 width=4) (actual time=2617.403..13593.283 rows=4008037 loops=1)
        Filter: (role_id = 3)
        Rows Removed by Filter: 32236307
  ->  Hash  (cost=150185.31..150185.31 rows=157504 width=8) (actual time=2883.602..2883.602 rows=118457 loops=1)
        Buckets: 131072  Batches: 4  Memory Usage: 2179kB
        ->  Hash Join  (cost=78097.80..150185.31 rows=157504 width=8) (actual time=1287.282..2845.558 rows=118457 loops=1)
              Hash Cond: (mc.movie_id = t.id)
              ->  Seq Scan on movie_companies mc  (cost=0.00..51404.11 rows=1566493 width=4) (actual time=0.031..1082.064 rows=1557212 loops=1)
                    Filter: (company_id < 14916)
                    Rows Removed by Filter: 1051917
              ->  Hash  (cost=73925.90..73925.90 rows=254232 width=4) (actual time=1077.604..1077.604 rows=145458 loops=1)
                    Buckets: 131072  Batches: 4  Memory Usage: 2301kB
                    ->  Seq Scan on title t  (cost=0.00..73925.90 rows=254232 width=4) (actual time=0.022..1029.916 rows=145458 loops=1)
                          Filter: ((production_year < 1973) AND (kind_id = 7))
                          Rows Removed by Filter: 2382854
Planning time: 1.231 ms
Execution time: 18151.454 ms
