Hash Join  (cost=87642.27..1153602.86 rows=7942740 width=0) (actual time=1594.423..29985.211 rows=6837996 loops=1)
  Hash Cond: (ci.movie_id = t.id)
  ->  Seq Scan on cast_info ci  (cost=0.00..705507.15 rows=24022411 width=4) (actual time=0.023..15934.264 rows=24130698 loops=1)
        Filter: (role_id < 4)
        Rows Removed by Filter: 12113646
  ->  Hash  (cost=73925.90..73925.90 rows=836029 width=4) (actual time=1593.604..1593.604 rows=742319 loops=1)
        Buckets: 131072  Batches: 16  Memory Usage: 2657kB
        ->  Seq Scan on title t  (cost=0.00..73925.90 rows=836029 width=4) (actual time=0.016..1358.594 rows=742319 loops=1)
              Filter: ((kind_id > 1) AND (production_year < 2002))
              Rows Removed by Filter: 1785993
Planning time: 2.002 ms
Execution time: 30664.625 ms
