Hash Join  (cost=106021.40..284719.97 rows=4189462 width=0) (actual time=2176.530..7130.413 rows=4351009 loops=1)
  Hash Cond: (mk.movie_id = t.id)
  ->  Seq Scan on movie_keyword mk  (cost=0.00..69693.30 rows=4523930 width=4) (actual time=0.026..1491.793 rows=4523930 loops=1)
  ->  Hash  (cost=67604.59..67604.59 rows=2341585 width=4) (actual time=2174.915..2174.915 rows=2333286 loops=1)
        Buckets: 131072  Batches: 32  Memory Usage: 3601kB
        ->  Seq Scan on title t  (cost=0.00..67604.59 rows=2341585 width=4) (actual time=0.019..1421.404 rows=2333286 loops=1)
              Filter: (production_year > 1932)
              Rows Removed by Filter: 195026
Planning time: 0.695 ms
Execution time: 7624.559 ms
