Hash Join  (cost=130396.87..495345.19 rows=29239 width=0) (actual time=2035.474..8530.868 rows=86087 loops=1)
  Hash Cond: (mi.movie_id = t.id)
  ->  Seq Scan on movie_info mi  (cost=0.00..309384.22 rows=14739122 width=4) (actual time=0.022..3759.499 rows=14835720 loops=1)
  ->  Hash  (cost=130334.17..130334.17 rows=5016 width=8) (actual time=2035.295..2035.295 rows=8889 loops=1)
        Buckets: 16384 (originally 8192)  Batches: 1 (originally 1)  Memory Usage: 476kB
        ->  Hash Join  (cost=70840.90..130334.17 rows=5016 width=8) (actual time=1089.526..2031.980 rows=8889 loops=1)
              Hash Cond: (mc.movie_id = t.id)
              ->  Seq Scan on movie_companies mc  (cost=0.00..57926.93 rows=64313 width=4) (actual time=8.505..872.917 rows=111266 loops=1)
                    Filter: ((company_id < 27) AND (company_type_id < 2))
                    Rows Removed by Filter: 2497863
              ->  Hash  (cost=67604.59..67604.59 rows=197225 width=4) (actual time=1079.669..1079.669 rows=194989 loops=1)
                    Buckets: 131072  Batches: 4  Memory Usage: 2738kB
                    ->  Seq Scan on title t  (cost=0.00..67604.59 rows=197225 width=4) (actual time=0.059..1014.405 rows=194989 loops=1)
                          Filter: (production_year < 1955)
                          Rows Removed by Filter: 2333323
Planning time: 1.187 ms
Execution time: 8542.037 ms
