Hash Join  (cost=102767.86..858190.62 rows=1663853 width=0) (actual time=4627.260..15582.426 rows=1593203 loops=1)
  Hash Cond: (ci.movie_id = t.id)
  ->  Seq Scan on cast_info ci  (cost=0.00..705507.15 rows=1663853 width=4) (actual time=2571.059..11352.734 rows=1593203 loops=1)
        Filter: (person_id < 158541)
        Rows Removed by Filter: 34651141
  ->  Hash  (cost=61283.27..61283.27 rows=2528527 width=4) (actual time=2023.968..2023.968 rows=2528312 loops=1)
        Buckets: 131072  Batches: 64  Memory Usage: 2415kB
        ->  Seq Scan on title t  (cost=0.00..61283.27 rows=2528527 width=4) (actual time=0.029..1164.341 rows=2528312 loops=1)
Planning time: 0.766 ms
Execution time: 15762.359 ms
