Hash Join  (cost=83074.31..905601.50 rows=314 width=0) (actual time=1311.311..17998.513 rows=1810 loops=1)
  Hash Cond: (ci.movie_id = t.id)
  ->  Seq Scan on cast_info ci  (cost=0.00..796071.18 rows=7054096 width=4) (actual time=0.010..15558.203 rows=8181379 loops=1)
        Filter: ((person_id > 895328) AND (role_id > 4))
        Rows Removed by Filter: 28062965
  ->  Hash  (cost=83072.90..83072.90 rows=113 width=8) (actual time=1310.535..1310.535 rows=131 loops=1)
        Buckets: 1024  Batches: 1  Memory Usage: 14kB
        ->  Nested Loop  (cost=0.43..83072.90 rows=113 width=8) (actual time=81.449..1310.392 rows=131 loops=1)
              ->  Seq Scan on movie_keyword mk  (cost=0.00..81003.12 rows=246 width=4) (actual time=4.623..1276.144 rows=800 loops=1)
                    Filter: (keyword_id = 4228)
                    Rows Removed by Filter: 4523130
              ->  Index Scan using title_pkey on title t  (cost=0.43..8.40 rows=1 width=4) (actual time=0.041..0.041 rows=0 loops=800)
                    Index Cond: (id = mk.movie_id)
                    Filter: ((kind_id > 1) AND (production_year > 1996))
                    Rows Removed by Filter: 1
Planning time: 1.212 ms
Execution time: 17999.431 ms
