Hash Join  (cost=270253.91..375491.90 rows=1953206 width=0) (actual time=6531.106..12365.723 rows=15150858 loops=1)
  Hash Cond: (mc.movie_id = t.id)
  ->  Seq Scan on movie_companies mc  (cost=0.00..44881.29 rows=2609129 width=4) (actual time=0.012..999.586 rows=2609129 loops=1)
  ->  Hash  (cost=239198.07..239198.07 rows=1892867 width=8) (actual time=6530.243..6530.243 rows=1897478 loops=1)
        Buckets: 131072  Batches: 32  Memory Usage: 3330kB
        ->  Hash Join  (cost=102767.86..239198.07 rows=1892867 width=8) (actual time=2011.743..5969.802 rows=1897478 loops=1)
              Hash Cond: (mk.movie_id = t.id)
              ->  Seq Scan on movie_keyword mk  (cost=0.00..81003.12 rows=1892867 width=4) (actual time=0.026..1602.363 rows=1897478 loops=1)
                    Filter: (keyword_id > 7121)
                    Rows Removed by Filter: 2626452
              ->  Hash  (cost=61283.27..61283.27 rows=2528527 width=4) (actual time=2010.132..2010.132 rows=2528312 loops=1)
                    Buckets: 131072  Batches: 64  Memory Usage: 2425kB
                    ->  Seq Scan on title t  (cost=0.00..61283.27 rows=2528527 width=4) (actual time=0.016..1138.132 rows=2528312 loops=1)
Planning time: 1.178 ms
Execution time: 14035.938 ms
