Hash Join  (cost=1201765.12..2242505.95 rows=42210448 width=0) (actual time=30383.278..85941.975 rows=150496282 loops=1)
  Hash Cond: (mi.movie_id = t.id)
  ->  Seq Scan on movie_info mi  (cost=0.00..309384.22 rows=14739122 width=4) (actual time=0.016..6641.866 rows=14835720 loops=1)
  ->  Hash  (cost=1082962.00..1082962.00 rows=7241290 width=8) (actual time=30379.907..30379.907 rows=10934288 loops=1)
        Buckets: 131072 (originally 131072)  Batches: 256 (originally 128)  Memory Usage: 3073kB
        ->  Hash Join  (cost=102767.86..1082962.00 rows=7241290 width=8) (actual time=2065.706..27159.847 rows=10934288 loops=1)
              Hash Cond: (ci.movie_id = t.id)
              ->  Seq Scan on cast_info ci  (cost=0.00..796071.18 rows=7241290 width=4) (actual time=0.017..15160.224 rows=10934288 loops=1)
                    Filter: ((person_id > 1998196) AND (role_id > 2))
                    Rows Removed by Filter: 25310056
              ->  Hash  (cost=61283.27..61283.27 rows=2528527 width=4) (actual time=2064.129..2064.129 rows=2528312 loops=1)
                    Buckets: 131072  Batches: 64  Memory Usage: 2415kB
                    ->  Seq Scan on title t  (cost=0.00..61283.27 rows=2528527 width=4) (actual time=0.023..1220.519 rows=2528312 loops=1)
Planning time: 1.139 ms
Execution time: 102599.248 ms
