Hash Join  (cost=172344.41..1280760.11 rows=7263154 width=0) (actual time=3957.374..35306.696 rows=6512060 loops=1)
  Hash Cond: (ci.movie_id = t.id)
  ->  Seq Scan on cast_info ci  (cost=0.00..614943.12 rows=36225612 width=4) (actual time=0.015..13429.326 rows=36244344 loops=1)
  ->  Hash  (cost=164026.36..164026.36 rows=506964 width=8) (actual time=3956.562..3956.562 rows=377014 loops=1)
        Buckets: 131072  Batches: 8  Memory Usage: 2872kB
        ->  Hash Join  (cost=81987.19..164026.36 rows=506964 width=8) (actual time=1711.473..3863.847 rows=377014 loops=1)
              Hash Cond: (mc.movie_id = t.id)
              ->  Seq Scan on movie_companies mc  (cost=0.00..44881.29 rows=2609129 width=4) (actual time=0.025..938.275 rows=2609129 loops=1)
              ->  Hash  (cost=73925.90..73925.90 rows=491303 width=4) (actual time=1710.591..1710.591 rows=352208 loops=1)
                    Buckets: 131072  Batches: 8  Memory Usage: 2561kB
                    ->  Seq Scan on title t  (cost=0.00..73925.90 rows=491303 width=4) (actual time=0.028..1321.287 rows=352208 loops=1)
                          Filter: ((kind_id > 1) AND (production_year < 1989))
                          Rows Removed by Filter: 2176104
Planning time: 1.186 ms
Execution time: 36073.402 ms
