Hash Join  (cost=28266.92..877643.60 rows=93 width=0) (actual time=428.451..16618.281 rows=287 loops=1)
  Hash Cond: (ci.movie_id = t.id)
  ->  Seq Scan on cast_info ci  (cost=0.00..796071.18 rows=14214560 width=4) (actual time=0.020..14950.366 rows=9108056 loops=1)
        Filter: ((person_id < 2214047) AND (role_id > 1))
        Rows Removed by Filter: 27136288
  ->  Hash  (cost=28266.72..28266.72 rows=16 width=8) (actual time=427.773..427.773 rows=7 loops=1)
        Buckets: 1024  Batches: 1  Memory Usage: 9kB
        ->  Nested Loop  (cost=0.43..28266.72 rows=16 width=8) (actual time=65.073..427.761 rows=7 loops=1)
              ->  Seq Scan on movie_info_idx mi_idx  (cost=0.00..25185.44 rows=368 width=4) (actual time=62.324..423.146 rows=260 loops=1)
                    Filter: (info_type_id > 101)
                    Rows Removed by Filter: 1379775
              ->  Index Scan using title_pkey on title t  (cost=0.43..8.36 rows=1 width=4) (actual time=0.017..0.017 rows=0 loops=260)
                    Index Cond: (id = mi_idx.movie_id)
                    Filter: (production_year = 2007)
                    Rows Removed by Filter: 1
Planning time: 1.162 ms
Execution time: 16618.693 ms
