Hash Join  (cost=874969.60..1270193.61 rows=149737 width=0) (actual time=12513.787..20271.557 rows=136792 loops=1)
  Hash Cond: (mi.movie_id = t.id)
  ->  Seq Scan on movie_info mi  (cost=0.00..346232.03 rows=12665229 width=4) (actual time=0.015..5797.562 rows=12744652 loops=1)
        Filter: (info_type_id > 2)
        Rows Removed by Filter: 2091068
  ->  Hash  (cost=874595.93..874595.93 rows=29894 width=8) (actual time=12513.405..12513.405 rows=10021 loops=1)
        Buckets: 32768  Batches: 1  Memory Usage: 648kB
        ->  Hash Join  (cost=69283.60..874595.93 rows=29894 width=8) (actual time=2479.942..12508.994 rows=10021 loops=1)
              Hash Cond: (ci.movie_id = t.id)
              ->  Seq Scan on cast_info ci  (cost=0.00..796071.18 rows=738722 width=4) (actual time=1410.422..11329.951 rows=238110 loops=1)
                    Filter: ((person_id < 587582) AND (role_id = 10))
                    Rows Removed by Filter: 36006234
              ->  Hash  (cost=67604.59..67604.59 rows=102321 width=4) (actual time=1068.513..1068.513 rows=100537 loops=1)
                    Buckets: 131072  Batches: 2  Memory Usage: 2797kB
                    ->  Seq Scan on title t  (cost=0.00..67604.59 rows=102321 width=4) (actual time=561.350..1028.950 rows=100537 loops=1)
                          Filter: (kind_id = 3)
                          Rows Removed by Filter: 2427775
Planning time: 7.449 ms
Execution time: 20290.323 ms
