Hash Join  (cost=78556.72..170497.44 rows=154830 width=0) (actual time=1216.815..3124.095 rows=337618 loops=1)
  Hash Cond: (mk.movie_id = t.id)
  ->  Seq Scan on movie_keyword mk  (cost=0.00..81003.12 rows=586478 width=4) (actual time=0.009..1407.638 rows=590840 loops=1)
        Filter: (keyword_id < 430)
        Rows Removed by Filter: 3933090
  ->  Hash  (cost=67604.59..67604.59 rows=667531 width=4) (actual time=1215.796..1215.796 rows=662825 loops=1)
        Buckets: 131072  Batches: 16  Memory Usage: 2486kB
        ->  Seq Scan on title t  (cost=0.00..67604.59 rows=667531 width=4) (actual time=0.015..1015.517 rows=662825 loops=1)
              Filter: (kind_id = 1)
              Rows Removed by Filter: 1865487
Planning time: 0.483 ms
Execution time: 3164.685 ms
