Seq Scan on cast_info ci  (cost=0.00..796071.18 rows=7217108 width=0) (actual time=0.104..14016.129 rows=10924227 loops=1)
  Filter: ((person_id > 2004180) AND (role_id > 2))
  Rows Removed by Filter: 25320117
Planning time: 0.359 ms
Execution time: 15359.077 ms
