Hash Join  (cost=289893.71..971739.98 rows=15481755 width=0) (actual time=6378.039..45264.748 rows=123942995 loops=1)
  Hash Cond: (mi.movie_id = t.id)
  ->  Seq Scan on movie_info mi  (cost=0.00..309384.22 rows=14739122 width=4) (actual time=0.012..6000.829 rows=14835720 loops=1)
  ->  Hash  (cost=246319.62..246319.62 rows=2655927 width=8) (actual time=6373.426..6373.426 rows=2179620 loops=1)
        Buckets: 131072  Batches: 64  Memory Usage: 2440kB
        ->  Hash Join  (cost=91959.31..246319.62 rows=2655927 width=8) (actual time=1798.761..5818.858 rows=2179620 loops=1)
              Hash Cond: (mk.movie_id = t.id)
              ->  Seq Scan on movie_keyword mk  (cost=0.00..69693.30 rows=4523930 width=4) (actual time=0.011..1376.245 rows=4523930 loops=1)
              ->  Hash  (cost=67604.59..67604.59 rows=1484458 width=4) (actual time=1796.895..1796.895 rows=1485030 loops=1)
                    Buckets: 131072  Batches: 32  Memory Usage: 2663kB
                    ->  Seq Scan on title t  (cost=0.00..67604.59 rows=1484458 width=4) (actual time=0.011..1298.865 rows=1485030 loops=1)
                          Filter: (production_year > 1998)
                          Rows Removed by Filter: 1043282
Planning time: 0.786 ms
Execution time: 57894.780 ms
