Hash Join  (cost=74171.27..439971.40 rows=114420 width=0) (actual time=1236.162..9166.651 rows=73518 loops=1)
  Hash Cond: (mi.movie_id = t.id)
  ->  Seq Scan on movie_info mi  (cost=0.00..309384.22 rows=14739122 width=4) (actual time=0.023..4343.146 rows=14835720 loops=1)
  ->  Hash  (cost=73925.90..73925.90 rows=19629 width=4) (actual time=1235.919..1235.919 rows=21543 loops=1)
        Buckets: 32768  Batches: 1  Memory Usage: 1014kB
        ->  Seq Scan on title t  (cost=0.00..73925.90 rows=19629 width=4) (actual time=0.155..1226.209 rows=21543 loops=1)
              Filter: ((kind_id > 3) AND (production_year = 1994))
              Rows Removed by Filter: 2506769
Planning time: 11.345 ms
Execution time: 9178.577 ms
