Seq Scan on movie_companies mc  (cost=0.00..57926.93 rows=733149 width=0) (actual time=216.571..598.922 rows=517293 loops=1)
  Filter: ((company_id > 7777) AND (company_type_id < 2))
  Rows Removed by Filter: 2091836
Planning time: 0.345 ms
Execution time: 649.986 ms
