Hash Join  (cost=215560.92..596629.83 rows=652407 width=0) (actual time=5060.991..10626.175 rows=256441 loops=1)
  Hash Cond: (mi.movie_id = t.id)
  ->  Seq Scan on movie_info mi  (cost=0.00..346232.03 rows=2194617 width=4) (actual time=876.407..5464.697 rows=2233850 loops=1)
        Filter: (info_type_id > 16)
        Rows Removed by Filter: 12601870
  ->  Hash  (cost=203228.05..203228.05 rows=751670 width=8) (actual time=4151.441..4151.441 rows=152886 loops=1)
        Buckets: 131072  Batches: 16  Memory Usage: 1407kB
        ->  Hash Join  (cost=92883.59..203228.05 rows=751670 width=8) (actual time=1879.767..4105.733 rows=152886 loops=1)
              Hash Cond: (mk.movie_id = t.id)
              ->  Seq Scan on movie_keyword mk  (cost=0.00..81003.12 rows=1233527 width=4) (actual time=0.030..1553.000 rows=1246943 loops=1)
                    Filter: (keyword_id < 1586)
                    Rows Removed by Filter: 3276987
              ->  Hash  (cost=67604.59..67604.59 rows=1540800 width=4) (actual time=1681.500..1681.500 rows=1543264 loops=1)
                    Buckets: 131072  Batches: 32  Memory Usage: 2728kB
                    ->  Seq Scan on title t  (cost=0.00..67604.59 rows=1540800 width=4) (actual time=0.019..1185.590 rows=1543264 loops=1)
                          Filter: (kind_id = 7)
                          Rows Removed by Filter: 985048
Planning time: 1.094 ms
Execution time: 10651.586 ms
