Hash Join  (cost=185949.95..225789.48 rows=195847 width=0) (actual time=3645.580..4756.843 rows=553080 loops=1)
  Hash Cond: (mi_idx.movie_id = t.id)
  ->  Seq Scan on movie_info_idx mi_idx  (cost=0.00..25185.44 rows=915101 width=4) (actual time=0.013..552.565 rows=919850 loops=1)
        Filter: (info_type_id < 101)
        Rows Removed by Filter: 460185
  ->  Hash  (cost=177071.61..177071.61 rows=541147 width=8) (actual time=3644.698..3644.698 rows=540279 loops=1)
        Buckets: 131072  Batches: 8  Memory Usage: 3662kB
        ->  Hash Join  (cost=102767.86..177071.61 rows=541147 width=8) (actual time=1818.540..3491.431 rows=540279 loops=1)
              Hash Cond: (mc.movie_id = t.id)
              ->  Seq Scan on movie_companies mc  (cost=0.00..51404.11 rows=541147 width=4) (actual time=0.022..839.153 rows=540279 loops=1)
                    Filter: (company_id < 531)
                    Rows Removed by Filter: 2068850
              ->  Hash  (cost=61283.27..61283.27 rows=2528527 width=4) (actual time=1817.236..1817.236 rows=2528312 loops=1)
                    Buckets: 131072  Batches: 64  Memory Usage: 2415kB
                    ->  Seq Scan on title t  (cost=0.00..61283.27 rows=2528527 width=4) (actual time=0.014..994.794 rows=2528312 loops=1)
Planning time: 1.080 ms
Execution time: 4807.724 ms
