Hash Join  (cost=74452.28..133329.67 rows=31778 width=0) (actual time=650.300..1477.229 rows=49150 loops=1)
  Hash Cond: (mc.movie_id = t.id)
  ->  Seq Scan on movie_companies mc  (cost=0.00..51404.11 rows=1908132 width=4) (actual time=0.027..537.874 rows=1903732 loops=1)
        Filter: (company_id < 44508)
        Rows Removed by Filter: 705397
  ->  Hash  (cost=73925.90..73925.90 rows=42110 width=4) (actual time=649.922..649.922 rows=33905 loops=1)
        Buckets: 65536  Batches: 1  Memory Usage: 1704kB
        ->  Seq Scan on title t  (cost=0.00..73925.90 rows=42110 width=4) (actual time=0.028..639.740 rows=33905 loops=1)
              Filter: ((kind_id < 7) AND (production_year = 2006))
              Rows Removed by Filter: 2494407
Planning time: 0.740 ms
Execution time: 1483.097 ms
