Hash Join  (cost=92703.08..1294946.22 rows=16396897 width=0) (actual time=1841.421..37473.959 rows=14619094 loops=1)
  Hash Cond: (ci.movie_id = t.id)
  ->  Seq Scan on cast_info ci  (cost=0.00..614943.12 rows=36225612 width=4) (actual time=0.018..12725.038 rows=36244344 loops=1)
  ->  Hash  (cost=73925.90..73925.90 rows=1144494 width=4) (actual time=1840.305..1840.305 rows=1095581 loops=1)
        Buckets: 131072  Batches: 16  Memory Usage: 3437kB
        ->  Seq Scan on title t  (cost=0.00..73925.90 rows=1144494 width=4) (actual time=0.032..1492.722 rows=1095581 loops=1)
              Filter: ((kind_id > 1) AND (production_year < 2007))
              Rows Removed by Filter: 1432731
Planning time: 0.682 ms
Execution time: 39092.990 ms
