Hash Join  (cost=371390.53..2187430.98 rows=62923424 width=0) (actual time=8854.768..88385.107 rows=208530697 loops=1)
  Hash Cond: (ci.movie_id = t.id)
  ->  Seq Scan on cast_info ci  (cost=0.00..614943.12 rows=36225612 width=4) (actual time=0.014..13047.894 rows=36244344 loops=1)
  ->  Hash  (cost=299333.29..299333.29 rows=4392019 width=8) (actual time=8853.208..8853.208 rows=4395320 loops=1)
        Buckets: 131072  Batches: 64  Memory Usage: 3733kB
        ->  Hash Join  (cost=102767.86..299333.29 rows=4392019 width=8) (actual time=2439.099..7648.055 rows=4395320 loops=1)
              Hash Cond: (mk.movie_id = t.id)
              ->  Seq Scan on movie_keyword mk  (cost=0.00..81003.12 rows=4392019 width=4) (actual time=0.030..1720.219 rows=4395320 loops=1)
                    Filter: (keyword_id < 76619)
                    Rows Removed by Filter: 128610
              ->  Hash  (cost=61283.27..61283.27 rows=2528527 width=4) (actual time=2436.771..2436.771 rows=2528312 loops=1)
                    Buckets: 131072  Batches: 64  Memory Usage: 2425kB
                    ->  Seq Scan on title t  (cost=0.00..61283.27 rows=2528527 width=4) (actual time=0.014..1159.704 rows=2528312 loops=1)
Planning time: 2.420 ms
Execution time: 109887.989 ms
