Hash Join  (cost=102767.86..225401.61 rows=1319546 width=0) (actual time=2007.186..5060.112 rows=1328422 loops=1)
  Hash Cond: (mk.movie_id = t.id)
  ->  Seq Scan on movie_keyword mk  (cost=0.00..81003.12 rows=1319546 width=4) (actual time=0.021..1530.221 rows=1328422 loops=1)
        Filter: (keyword_id < 1738)
        Rows Removed by Filter: 3195508
  ->  Hash  (cost=61283.27..61283.27 rows=2528527 width=4) (actual time=2006.147..2006.147 rows=2528312 loops=1)
        Buckets: 131072  Batches: 64  Memory Usage: 2425kB
        ->  Seq Scan on title t  (cost=0.00..61283.27 rows=2528527 width=4) (actual time=0.004..1121.464 rows=2528312 loops=1)
Planning time: 0.760 ms
Execution time: 5219.648 ms
