Hash Join  (cost=102767.86..990076.46 rows=3381134 width=0) (actual time=5184.903..21060.202 rows=5897615 loops=1)
  Hash Cond: (ci.movie_id = t.id)
  ->  Seq Scan on cast_info ci  (cost=0.00..796071.18 rows=3381134 width=4) (actual time=3121.639..13847.353 rows=5897615 loops=1)
        Filter: ((person_id > 1935568) AND (role_id = 2))
        Rows Removed by Filter: 30346729
  ->  Hash  (cost=61283.27..61283.27 rows=2528527 width=4) (actual time=2061.702..2061.702 rows=2528312 loops=1)
        Buckets: 131072  Batches: 64  Memory Usage: 2415kB
        ->  Seq Scan on title t  (cost=0.00..61283.27 rows=2528527 width=4) (actual time=0.024..1207.893 rows=2528312 loops=1)
Planning time: 0.774 ms
Execution time: 21737.940 ms
