Seq Scan on movie_keyword mk  (cost=0.00..81003.12 rows=246 width=0) (actual time=7.703..1236.793 rows=545 loops=1)
  Filter: (keyword_id = 8797)
  Rows Removed by Filter: 4523385
Planning time: 0.375 ms
Execution time: 1237.120 ms
