Hash Join  (cost=75342.47..145745.97 rows=53493 width=0) (actual time=1314.015..2597.615 rows=28492 loops=1)
  Hash Cond: (mc.movie_id = t.id)
  ->  Seq Scan on movie_companies mc  (cost=0.00..51404.11 rows=1567589 width=4) (actual time=0.019..806.165 rows=1558584 loops=1)
        Filter: (company_id < 14947)
        Rows Removed by Filter: 1050545
  ->  Hash  (cost=73925.90..73925.90 rows=86285 width=4) (actual time=1313.227..1313.227 rows=92628 loops=1)
        Buckets: 131072  Batches: 2  Memory Usage: 2653kB
        ->  Seq Scan on title t  (cost=0.00..73925.90 rows=86285 width=4) (actual time=213.133..1277.836 rows=92628 loops=1)
              Filter: ((kind_id = 7) AND (production_year = 2010))
              Rows Removed by Filter: 2435684
Planning time: 1.136 ms
Execution time: 2600.510 ms
