Hash Join  (cost=86178.74..453678.77 rows=373353 width=0) (actual time=4631.458..7166.566 rows=630596 loops=1)
  Hash Cond: (mi.movie_id = t.id)
  ->  Seq Scan on movie_info mi  (cost=0.00..346232.03 rows=1264125 width=4) (actual time=3141.663..4739.458 rows=1288928 loops=1)
        Filter: (info_type_id = 2)
        Rows Removed by Filter: 13546792
  ->  Hash  (cost=73925.90..73925.90 rows=746787 width=4) (actual time=1488.964..1488.964 rows=650324 loops=1)
        Buckets: 131072  Batches: 16  Memory Usage: 2462kB
        ->  Seq Scan on title t  (cost=0.00..73925.90 rows=746787 width=4) (actual time=0.028..1187.594 rows=650324 loops=1)
              Filter: ((kind_id < 7) AND (production_year > 1982))
              Rows Removed by Filter: 1877988
Planning time: 0.766 ms
Execution time: 7243.938 ms
