Hash Join  (cost=365418.15..1713559.89 rows=32453458 width=0) (actual time=8839.919..56238.134 rows=104781929 loops=1)
  Hash Cond: (ci.movie_id = t.id)
  ->  Seq Scan on cast_info ci  (cost=0.00..705507.15 rows=18138973 width=4) (actual time=0.020..14337.182 rows=18291591 loops=1)
        Filter: (person_id > 1779986)
        Rows Removed by Filter: 17952753
  ->  Hash  (cost=291197.02..291197.02 rows=4523930 width=8) (actual time=8838.389..8838.389 rows=4523930 loops=1)
        Buckets: 131072  Batches: 64  Memory Usage: 3816kB
        ->  Hash Join  (cost=102767.86..291197.02 rows=4523930 width=8) (actual time=1933.021..7521.912 rows=4523930 loops=1)
              Hash Cond: (mk.movie_id = t.id)
              ->  Seq Scan on movie_keyword mk  (cost=0.00..69693.30 rows=4523930 width=4) (actual time=0.024..1316.497 rows=4523930 loops=1)
              ->  Hash  (cost=61283.27..61283.27 rows=2528527 width=4) (actual time=1930.401..1930.401 rows=2528312 loops=1)
                    Buckets: 131072  Batches: 64  Memory Usage: 2425kB
                    ->  Seq Scan on title t  (cost=0.00..61283.27 rows=2528527 width=4) (actual time=0.017..1062.101 rows=2528312 loops=1)
Planning time: 6.636 ms
Execution time: 66985.459 ms
