Hash Join  (cost=102767.86..793476.29 rows=13905379 width=0) (actual time=1915.809..24054.107 rows=13949798 loops=1)
  Hash Cond: (mi.movie_id = t.id)
  ->  Seq Scan on movie_info mi  (cost=0.00..346232.03 rows=13905379 width=4) (actual time=56.599..7548.776 rows=13949798 loops=1)
        Filter: (info_type_id < 97)
        Rows Removed by Filter: 885922
  ->  Hash  (cost=61283.27..61283.27 rows=2528527 width=4) (actual time=1855.375..1855.375 rows=2528312 loops=1)
        Buckets: 131072  Batches: 64  Memory Usage: 2425kB
        ->  Seq Scan on title t  (cost=0.00..61283.27 rows=2528527 width=4) (actual time=0.028..1044.573 rows=2528312 loops=1)
Planning time: 1.433 ms
Execution time: 25701.270 ms
