Seq Scan on movie_keyword mk  (cost=0.00..81003.12 rows=246 width=0) (actual time=16.280..914.922 rows=49 loops=1)
  Filter: (keyword_id = 74016)
  Rows Removed by Filter: 4523881
Planning time: 0.305 ms
Execution time: 915.035 ms
