Seq Scan on cast_info ci  (cost=0.00..796071.18 rows=118 width=0) (actual time=1751.456..12815.717 rows=769 loops=1)
  Filter: ((role_id > 5) AND (person_id = 3870713))
  Rows Removed by Filter: 36243575
Planning time: 0.467 ms
Execution time: 12815.968 ms
