Hash Join  (cost=101033.85..155744.26 rows=4488 width=0) (actual time=1823.838..3003.013 rows=33168 loops=1)
  Hash Cond: (mc.movie_id = t.id)
  ->  Seq Scan on movie_companies mc  (cost=0.00..44881.29 rows=2609129 width=4) (actual time=0.029..618.914 rows=2609129 loops=1)
  ->  Hash  (cost=100979.49..100979.49 rows=4349 width=8) (actual time=1823.561..1823.561 rows=12045 loops=1)
        Buckets: 16384 (originally 8192)  Batches: 1 (originally 1)  Memory Usage: 599kB
        ->  Hash Join  (cost=74025.52..100979.49 rows=4349 width=8) (actual time=1247.914..1819.220 rows=12045 loops=1)
              Hash Cond: (mi_idx.movie_id = t.id)
              ->  Seq Scan on movie_info_idx mi_idx  (cost=0.00..21735.35 rows=1380035 width=4) (actual time=0.019..279.308 rows=1380035 loops=1)
              ->  Hash  (cost=73925.90..73925.90 rows=7969 width=4) (actual time=1247.776..1247.776 rows=6752 loops=1)
                    Buckets: 8192  Batches: 1  Memory Usage: 302kB
                    ->  Seq Scan on title t  (cost=0.00..73925.90 rows=7969 width=4) (actual time=0.238..1244.722 rows=6752 loops=1)
                          Filter: ((production_year > 1996) AND (kind_id = 6))
                          Rows Removed by Filter: 2521560
Planning time: 1.144 ms
Execution time: 3007.893 ms
