Nested Loop  (cost=0.43..52283.69 rows=104 width=0) (actual time=287.501..772.060 rows=18 loops=1)
  ->  Seq Scan on movie_companies mc  (cost=0.00..51404.11 rows=104 width=4) (actual time=287.376..771.179 rows=18 loops=1)
        Filter: (company_id = 12906)
        Rows Removed by Filter: 2609111
  ->  Index Only Scan using title_pkey on title t  (cost=0.43..8.45 rows=1 width=4) (actual time=0.043..0.044 rows=1 loops=18)
        Index Cond: (id = mc.movie_id)
        Heap Fetches: 18
Planning time: 0.707 ms
Execution time: 772.138 ms
