Seq Scan on movie_keyword mk  (cost=0.00..81003.12 rows=246 width=0) (actual time=0.447..1313.090 rows=881 loops=1)
  Filter: (keyword_id = 2036)
  Rows Removed by Filter: 4523049
Planning time: 0.309 ms
Execution time: 1313.540 ms
