Seq Scan on movie_keyword mk  (cost=0.00..81003.12 rows=1897275 width=0) (actual time=0.023..1469.063 rows=1908049 loops=1)
  Filter: (keyword_id > 7078)
  Rows Removed by Filter: 2615881
Planning time: 0.303 ms
Execution time: 1710.280 ms
