Seq Scan on cast_info ci  (cost=0.00..705507.15 rows=500 width=0) (actual time=2381.960..10859.577 rows=8 loops=1)
  Filter: (person_id = 1731979)
  Rows Removed by Filter: 36244336
Planning time: 0.393 ms
Execution time: 10859.670 ms
