Seq Scan on movie_keyword mk  (cost=0.00..81003.12 rows=4826 width=0) (actual time=0.203..1204.669 rows=5449 loops=1)
  Filter: (keyword_id = 1559)
  Rows Removed by Filter: 4518481
Planning time: 0.382 ms
Execution time: 1206.129 ms
