Hash Join  (cost=255392.80..1590888.46 rows=24960448 width=0) (actual time=6410.560..59048.323 rows=90221259 loops=1)
  Hash Cond: (ci.movie_id = t.id)
  ->  Seq Scan on cast_info ci  (cost=0.00..614943.12 rows=36225612 width=4) (actual time=0.018..13510.373 rows=36244344 loops=1)
  ->  Hash  (cost=226808.99..226808.99 rows=1742225 width=8) (actual time=6409.670..6409.670 rows=2320352 loops=1)
        Buckets: 131072  Batches: 32  Memory Usage: 3794kB
        ->  Hash Join  (cost=83580.70..226808.99 rows=1742225 width=8) (actual time=1582.579..5761.263 rows=2320352 loops=1)
              Hash Cond: (mk.movie_id = t.id)
              ->  Seq Scan on movie_keyword mk  (cost=0.00..69693.30 rows=4523930 width=4) (actual time=0.020..1463.319 rows=4523930 loops=1)
              ->  Hash  (cost=67604.59..67604.59 rows=973769 width=4) (actual time=1581.486..1581.486 rows=971188 loops=1)
                    Buckets: 131072  Batches: 16  Memory Usage: 3168kB
                    ->  Seq Scan on title t  (cost=0.00..67604.59 rows=973769 width=4) (actual time=0.026..1270.866 rows=971188 loops=1)
                          Filter: (production_year < 1999)
                          Rows Removed by Filter: 1557124
Planning time: 1.123 ms
Execution time: 68954.291 ms
