Hash Join  (cost=102767.86..1073752.91 rows=6858577 width=0) (actual time=1998.629..29160.197 rows=12670688 loops=1)
  Hash Cond: (ci.movie_id = t.id)
  ->  Seq Scan on cast_info ci  (cost=0.00..796071.18 rows=6858577 width=4) (actual time=0.021..15601.230 rows=12670688 loops=1)
        Filter: ((person_id < 1944304) AND (role_id < 2))
        Rows Removed by Filter: 23573656
  ->  Hash  (cost=61283.27..61283.27 rows=2528527 width=4) (actual time=1996.852..1996.852 rows=2528312 loops=1)
        Buckets: 131072  Batches: 64  Memory Usage: 2415kB
        ->  Seq Scan on title t  (cost=0.00..61283.27 rows=2528527 width=4) (actual time=0.013..1116.551 rows=2528312 loops=1)
Planning time: 8.722 ms
Execution time: 30672.398 ms
