Hash Join  (cost=167350.72..296162.89 rows=558913 width=0) (actual time=5133.336..7034.654 rows=243239 loops=1)
  Hash Cond: (mk.movie_id = t.id)
  ->  Seq Scan on movie_keyword mk  (cost=0.00..69693.30 rows=4523930 width=4) (actual time=0.014..1480.885 rows=4523930 loops=1)
  ->  Hash  (cost=162224.86..162224.86 rows=312389 width=8) (actual time=3474.718..3474.718 rows=201406 loops=1)
        Buckets: 131072  Batches: 8  Memory Usage: 2006kB
        ->  Hash Join  (cost=84697.09..162224.86 rows=312389 width=8) (actual time=2460.611..3414.959 rows=201406 loops=1)
              Hash Cond: (mc.movie_id = t.id)
              ->  Seq Scan on movie_companies mc  (cost=0.00..57926.93 rows=1203184 width=4) (actual time=0.017..1255.690 rows=1083701 loops=1)
                    Filter: ((company_id < 100992) AND (company_type_id = 2))
                    Rows Removed by Filter: 1525428
              ->  Hash  (cost=73925.90..73925.90 rows=656495 width=4) (actual time=1521.902..1521.902 rows=556797 loops=1)
                    Buckets: 131072  Batches: 16  Memory Usage: 2246kB
                    ->  Seq Scan on title t  (cost=0.00..73925.90 rows=656495 width=4) (actual time=100.198..1340.015 rows=556797 loops=1)
                          Filter: ((production_year < 2001) AND (kind_id = 7))
                          Rows Removed by Filter: 1971515
Planning time: 1.195 ms
Execution time: 7061.290 ms
