Hash Join  (cost=115170.87..1107937.57 rows=1335209 width=0) (actual time=3335.136..24154.233 rows=2047795 loops=1)
  Hash Cond: (ci.movie_id = t.id)
  ->  Seq Scan on cast_info ci  (cost=0.00..705507.15 rows=23640922 width=4) (actual time=1318.295..13540.376 rows=23713662 loops=1)
        Filter: (person_id > 1235033)
        Rows Removed by Filter: 12530682
  ->  Hash  (cost=112827.77..112827.77 rows=142808 width=8) (actual time=2016.001..2016.001 rows=87688 loops=1)
        Buckets: 131072  Batches: 2  Memory Usage: 2730kB
        ->  Hash Join  (cost=74050.79..112827.77 rows=142808 width=8) (actual time=1064.529..1996.125 rows=87688 loops=1)
              Hash Cond: (mi_idx.movie_id = t.id)
              ->  Seq Scan on movie_info_idx mi_idx  (cost=0.00..25185.44 rows=919057 width=4) (actual time=0.035..523.741 rows=920110 loops=1)
                    Filter: (info_type_id > 99)
                    Rows Removed by Filter: 459925
              ->  Hash  (cost=67604.59..67604.59 rows=392896 width=4) (actual time=1063.354..1063.354 rows=391666 loops=1)
                    Buckets: 131072  Batches: 8  Memory Usage: 2753kB
                    ->  Seq Scan on title t  (cost=0.00..67604.59 rows=392896 width=4) (actual time=0.021..945.089 rows=391666 loops=1)
                          Filter: (production_year > 2010)
                          Rows Removed by Filter: 2136646
Planning time: 0.777 ms
Execution time: 24396.971 ms
