Hash Join  (cost=102767.86..256338.64 rows=2605271 width=0) (actual time=2140.068..6472.219 rows=2593959 loops=1)
  Hash Cond: (mk.movie_id = t.id)
  ->  Seq Scan on movie_keyword mk  (cost=0.00..81003.12 rows=2605271 width=4) (actual time=0.025..1734.130 rows=2593959 loops=1)
        Filter: (keyword_id < 6929)
        Rows Removed by Filter: 1929971
  ->  Hash  (cost=61283.27..61283.27 rows=2528527 width=4) (actual time=2139.214..2139.214 rows=2528312 loops=1)
        Buckets: 131072  Batches: 64  Memory Usage: 2425kB
        ->  Seq Scan on title t  (cost=0.00..61283.27 rows=2528527 width=4) (actual time=0.021..1281.280 rows=2528312 loops=1)
Planning time: 0.866 ms
Execution time: 6775.380 ms
