Nested Loop  (cost=0.43..138936.83 rows=2269 width=0) (actual time=1.397..1575.581 rows=77 loops=1)
  ->  Seq Scan on movie_keyword mk  (cost=0.00..81003.12 rows=8595 width=4) (actual time=1.354..1380.025 rows=9060 loops=1)
        Filter: (keyword_id = 47)
        Rows Removed by Filter: 4514870
  ->  Index Scan using title_pkey on title t  (cost=0.43..6.73 rows=1 width=4) (actual time=0.021..0.021 rows=0 loops=9060)
        Index Cond: (id = mk.movie_id)
        Filter: (kind_id = 1)
        Rows Removed by Filter: 1
Planning time: 0.738 ms
Execution time: 1575.760 ms
