Seq Scan on movie_keyword mk  (cost=0.00..81003.12 rows=246 width=0) (actual time=0.134..1261.047 rows=1224 loops=1)
  Filter: (keyword_id = 216)
  Rows Removed by Filter: 4522706
Planning time: 0.354 ms
Execution time: 1261.594 ms
