Hash Join  (cost=158301.72..505247.02 rows=859 width=0) (actual time=6070.652..9016.394 rows=1014729 loops=1)
  Hash Cond: (mi.movie_id = t.id)
  ->  Seq Scan on movie_info mi  (cost=0.00..346232.03 rows=17937 width=4) (actual time=2970.994..5719.378 rows=147487 loops=1)
        Filter: (info_type_id = 107)
        Rows Removed by Filter: 14688233
  ->  Hash  (cost=156316.97..156316.97 rows=120940 width=8) (actual time=2992.026..2992.026 rows=145251 loops=1)
        Buckets: 131072  Batches: 2  Memory Usage: 3895kB
        ->  Hash Join  (cost=68449.54..156316.97 rows=120940 width=8) (actual time=1053.292..2944.331 rows=145251 loops=1)
              Hash Cond: (mk.movie_id = t.id)
              ->  Seq Scan on movie_keyword mk  (cost=0.00..69693.30 rows=4523930 width=4) (actual time=0.036..999.913 rows=4523930 loops=1)
              ->  Hash  (cost=67604.59..67604.59 rows=67596 width=4) (actual time=1052.414..1052.414 rows=67777 loops=1)
                    Buckets: 131072  Batches: 1  Memory Usage: 3407kB
                    ->  Seq Scan on title t  (cost=0.00..67604.59 rows=67596 width=4) (actual time=0.049..1024.321 rows=67777 loops=1)
                          Filter: (production_year = 2003)
                          Rows Removed by Filter: 2460535
Planning time: 1.167 ms
Execution time: 9143.538 ms
