Hash Join  (cost=76600.09..1134389.31 rows=2334905 width=0) (actual time=1259.617..31114.425 rows=3033060 loops=1)
  Hash Cond: (ci.movie_id = t.id)
  ->  Seq Scan on cast_info ci  (cost=0.00..614943.12 rows=36225612 width=4) (actual time=0.012..13234.670 rows=36244344 loops=1)
  ->  Hash  (cost=73925.90..73925.90 rows=162975 width=4) (actual time=1258.788..1258.788 rows=264037 loops=1)
        Buckets: 131072  Batches: 4  Memory Usage: 3348kB
        ->  Seq Scan on title t  (cost=0.00..73925.90 rows=162975 width=4) (actual time=0.022..1173.993 rows=264037 loops=1)
              Filter: ((kind_id < 7) AND (production_year < 1973))
              Rows Removed by Filter: 2264275
Planning time: 0.859 ms
Execution time: 31507.585 ms
