Hash Join  (cost=83074.16..451424.26 rows=350 width=0) (actual time=3048.021..7178.903 rows=114 loops=1)
  Hash Cond: (mi.movie_id = t.id)
  ->  Seq Scan on movie_info mi  (cost=0.00..346232.03 rows=5897221 width=4) (actual time=1724.029..5134.499 rows=5884963 loops=1)
        Filter: (info_type_id < 7)
        Rows Removed by Filter: 8950757
  ->  Hash  (cost=83072.29..83072.29 rows=150 width=8) (actual time=1281.627..1281.627 rows=35 loops=1)
        Buckets: 1024  Batches: 1  Memory Usage: 10kB
        ->  Nested Loop  (cost=0.43..83072.29 rows=150 width=8) (actual time=672.962..1281.582 rows=35 loops=1)
              ->  Seq Scan on movie_keyword mk  (cost=0.00..81003.12 rows=246 width=4) (actual time=0.938..1258.670 rows=294 loops=1)
                    Filter: (keyword_id = 11921)
                    Rows Removed by Filter: 4523636
              ->  Index Scan using title_pkey on title t  (cost=0.43..8.40 rows=1 width=4) (actual time=0.076..0.076 rows=0 loops=294)
                    Index Cond: (id = mk.movie_id)
                    Filter: (kind_id = 7)
                    Rows Removed by Filter: 1
Planning time: 0.877 ms
Execution time: 7179.097 ms
