Hash Join  (cost=69090.10..1006570.86 rows=423617 width=0) (actual time=1158.621..21656.712 rows=242447 loops=1)
  Hash Cond: (ci.movie_id = t.id)
  ->  Seq Scan on cast_info ci  (cost=0.00..796071.18 rows=11832910 width=4) (actual time=0.013..16415.547 rows=10886164 loops=1)
        Filter: ((person_id > 241437) AND (role_id = 1))
        Rows Removed by Filter: 25358180
  ->  Hash  (cost=67604.59..67604.59 rows=90521 width=4) (actual time=1157.957..1157.957 rows=90852 loops=1)
        Buckets: 131072  Batches: 2  Memory Usage: 2626kB
        ->  Seq Scan on title t  (cost=0.00..67604.59 rows=90521 width=4) (actual time=135.224..1124.180 rows=90852 loops=1)
              Filter: (kind_id = 2)
              Rows Removed by Filter: 2437460
Planning time: 0.662 ms
Execution time: 21693.023 ms
