Hash Join  (cost=102767.86..232071.20 rows=1596690 width=0) (actual time=1982.991..5145.016 rows=1604296 loops=1)
  Hash Cond: (mk.movie_id = t.id)
  ->  Seq Scan on movie_keyword mk  (cost=0.00..81003.12 rows=1596690 width=4) (actual time=0.012..1525.012 rows=1604296 loops=1)
        Filter: (keyword_id < 2487)
        Rows Removed by Filter: 2919634
  ->  Hash  (cost=61283.27..61283.27 rows=2528527 width=4) (actual time=1981.885..1981.885 rows=2528312 loops=1)
        Buckets: 131072  Batches: 64  Memory Usage: 2425kB
        ->  Seq Scan on title t  (cost=0.00..61283.27 rows=2528527 width=4) (actual time=0.016..1114.982 rows=2528312 loops=1)
Planning time: 0.742 ms
Execution time: 5338.070 ms
