Hash Join  (cost=225255.37..725433.06 rows=5108172 width=0) (actual time=5582.098..18197.877 rows=4376340 loops=1)
  Hash Cond: (mi.movie_id = t.id)
  ->  Seq Scan on movie_info mi  (cost=0.00..346232.03 rows=7503588 width=4) (actual time=0.011..6466.610 rows=7548855 loops=1)
        Filter: (info_type_id > 7)
        Rows Removed by Filter: 7286865
  ->  Hash  (cost=197014.75..197014.75 rows=1721330 width=8) (actual time=5579.465..5579.465 rows=906814 loops=1)
        Buckets: 131072  Batches: 32  Memory Usage: 2111kB
        ->  Hash Join  (cost=94973.51..197014.75 rows=1721330 width=8) (actual time=2522.730..5293.606 rows=906814 loops=1)
              Hash Cond: (mc.movie_id = t.id)
              ->  Seq Scan on movie_companies mc  (cost=0.00..44881.29 rows=2609129 width=4) (actual time=0.015..854.189 rows=2609129 loops=1)
              ->  Hash  (cost=67604.59..67604.59 rows=1668154 width=4) (actual time=2521.128..2521.128 rows=1674098 loops=1)
                    Buckets: 131072  Batches: 32  Memory Usage: 2869kB
                    ->  Seq Scan on title t  (cost=0.00..67604.59 rows=1668154 width=4) (actual time=0.020..1171.986 rows=1674098 loops=1)
                          Filter: (kind_id > 3)
                          Rows Removed by Filter: 854214
Planning time: 1.115 ms
Execution time: 18691.173 ms
