Seq Scan on movie_keyword mk  (cost=0.00..81003.12 rows=2536407 width=0) (actual time=0.021..1443.338 rows=2529548 loops=1)
  Filter: (keyword_id > 3521)
  Rows Removed by Filter: 1994382
Planning time: 0.311 ms
Execution time: 1785.386 ms
