Hash Join  (cost=74747.02..137522.48 rows=31413 width=0) (actual time=1716.615..2741.846 rows=14224 loops=1)
  Hash Cond: (mc.movie_id = t.id)
  ->  Seq Scan on movie_companies mc  (cost=0.00..57926.93 rows=1209172 width=4) (actual time=517.332..1231.034 rows=1274246 loops=1)
        Filter: ((company_id < 135339) AND (company_type_id = 1))
        Rows Removed by Filter: 1334883
  ->  Hash  (cost=73925.90..73925.90 rows=65689 width=4) (actual time=1198.370..1198.370 rows=74524 loops=1)
        Buckets: 131072  Batches: 1  Memory Usage: 3644kB
        ->  Seq Scan on title t  (cost=0.00..73925.90 rows=65689 width=4) (actual time=0.048..1166.669 rows=74524 loops=1)
              Filter: ((kind_id = 7) AND (production_year = 2006))
              Rows Removed by Filter: 2453788
Planning time: 10.724 ms
Execution time: 2744.005 ms
