Hash Join  (cost=234243.03..840351.51 rows=10110265 width=0) (actual time=5683.769..33118.513 rows=52881698 loops=1)
  Hash Cond: (mi.movie_id = t.id)
  ->  Seq Scan on movie_info mi  (cost=0.00..309384.22 rows=14739122 width=4) (actual time=0.014..6151.409 rows=14835720 loops=1)
  ->  Hash  (cost=205786.57..205786.57 rows=1734437 width=8) (actual time=5681.025..5681.025 rows=1727535 loops=1)
        Buckets: 131072  Batches: 32  Memory Usage: 3173kB
        ->  Hash Join  (cost=102767.86..205786.57 rows=1734437 width=8) (actual time=1894.770..5181.439 rows=1727535 loops=1)
              Hash Cond: (mc.movie_id = t.id)
              ->  Seq Scan on movie_companies mc  (cost=0.00..51404.11 rows=1734437 width=4) (actual time=0.019..1128.356 rows=1727535 loops=1)
                    Filter: (company_id < 22763)
                    Rows Removed by Filter: 881594
              ->  Hash  (cost=61283.27..61283.27 rows=2528527 width=4) (actual time=1893.635..1893.635 rows=2528312 loops=1)
                    Buckets: 131072  Batches: 64  Memory Usage: 2415kB
                    ->  Seq Scan on title t  (cost=0.00..61283.27 rows=2528527 width=4) (actual time=0.027..1095.444 rows=2528312 loops=1)
Planning time: 1.239 ms
Execution time: 39348.066 ms
