Hash Join  (cost=92811.40..920426.38 rows=3322438 width=0) (actual time=6900.789..21093.950 rows=4034636 loops=1)
  Hash Cond: (ci.movie_id = t.id)
  ->  Seq Scan on cast_info ci  (cost=0.00..705507.15 rows=7298253 width=4) (actual time=4978.847..13360.822 rows=7451973 loops=1)
        Filter: (role_id = 2)
        Rows Removed by Filter: 28792371
  ->  Hash  (cost=73925.90..73925.90 rows=1151080 width=4) (actual time=1920.962..1920.962 rows=1244530 loops=1)
        Buckets: 131072  Batches: 16  Memory Usage: 3771kB
        ->  Seq Scan on title t  (cost=0.00..73925.90 rows=1151080 width=4) (actual time=0.028..1534.293 rows=1244530 loops=1)
              Filter: ((production_year > 1983) AND (kind_id = 7))
              Rows Removed by Filter: 1283782
Planning time: 0.805 ms
Execution time: 21586.249 ms
