Hash Join  (cost=93117.31..255019.93 rows=2426694 width=0) (actual time=2478.764..7114.678 rows=2971295 loops=1)
  Hash Cond: (mk.movie_id = t.id)
  ->  Seq Scan on movie_keyword mk  (cost=0.00..81003.12 rows=3945910 width=4) (actual time=0.028..1778.820 rows=3940478 loops=1)
        Filter: (keyword_id > 413)
        Rows Removed by Filter: 583452
  ->  Hash  (cost=67604.59..67604.59 rows=1555018 width=4) (actual time=2477.426..2477.426 rows=1551727 loops=1)
        Buckets: 131072  Batches: 32  Memory Usage: 2736kB
        ->  Seq Scan on title t  (cost=0.00..67604.59 rows=1555018 width=4) (actual time=0.017..1270.159 rows=1551727 loops=1)
              Filter: (production_year < 2007)
              Rows Removed by Filter: 976585
Planning time: 0.704 ms
Execution time: 7481.359 ms
