Hash Join  (cost=796926.65..1161588.47 rows=589 width=0) (actual time=10727.775..17387.417 rows=995 loops=1)
  Hash Cond: (mi.movie_id = t.id)
  ->  Seq Scan on movie_info mi  (cost=0.00..309384.22 rows=14739122 width=4) (actual time=0.015..4093.884 rows=14835720 loops=1)
  ->  Hash  (cost=796925.39..796925.39 rows=101 width=8) (actual time=10691.598..10691.598 rows=218 loops=1)
        Buckets: 1024  Batches: 1  Memory Usage: 17kB
        ->  Nested Loop  (cost=0.43..796925.39 rows=101 width=8) (actual time=3145.655..10691.487 rows=218 loops=1)
              ->  Seq Scan on cast_info ci  (cost=0.00..796071.18 rows=101 width=4) (actual time=3145.552..10681.164 rows=218 loops=1)
                    Filter: ((person_id = 2348556) AND (role_id = 2))
                    Rows Removed by Filter: 36244126
              ->  Index Only Scan using title_pkey on title t  (cost=0.43..8.45 rows=1 width=4) (actual time=0.046..0.046 rows=1 loops=218)
                    Index Cond: (id = ci.movie_id)
                    Heap Fetches: 218
Planning time: 1.234 ms
Execution time: 17387.795 ms
