Seq Scan on movie_keyword mk  (cost=0.00..81003.12 rows=3318171 width=0) (actual time=0.017..1593.371 rows=3320330 loops=1)
  Filter: (keyword_id > 1508)
  Rows Removed by Filter: 1203600
Planning time: 1.333 ms
Execution time: 2000.772 ms
