Hash Join  (cost=160103.04..306103.55 rows=1167703 width=0) (actual time=3744.572..7911.132 rows=1891680 loops=1)
  Hash Cond: (mk.movie_id = t.id)
  ->  Seq Scan on movie_keyword mk  (cost=0.00..81003.12 rows=4383827 width=4) (actual time=0.015..1814.230 rows=4386281 loops=1)
        Filter: (keyword_id < 75300)
        Rows Removed by Filter: 137649
  ->  Hash  (cost=149053.12..149053.12 rows=673514 width=8) (actual time=3743.337..3743.337 rows=500090 loops=1)
        Buckets: 131072  Batches: 16  Memory Usage: 2259kB
        ->  Hash Join  (cost=98137.04..149053.12 rows=673514 width=8) (actual time=1925.855..3486.460 rows=500090 loops=1)
              Hash Cond: (mi_idx.movie_id = t.id)
              ->  Seq Scan on movie_info_idx mi_idx  (cost=0.00..25185.44 rows=915101 width=4) (actual time=0.029..615.682 rows=919850 loops=1)
                    Filter: (info_type_id < 101)
                    Rows Removed by Filter: 460185
              ->  Hash  (cost=67604.59..67604.59 rows=1860996 width=4) (actual time=1924.199..1924.199 rows=1865487 loops=1)
                    Buckets: 131072  Batches: 32  Memory Usage: 3079kB
                    ->  Seq Scan on title t  (cost=0.00..67604.59 rows=1860996 width=4) (actual time=0.019..1313.184 rows=1865487 loops=1)
                          Filter: (kind_id > 1)
                          Rows Removed by Filter: 662825
Planning time: 1.189 ms
Execution time: 8134.760 ms
