Hash Join  (cost=78097.80..110116.46 rows=46710 width=0) (actual time=1879.720..2251.108 rows=16707 loops=1)
  Hash Cond: (mi_idx.movie_id = t.id)
  ->  Seq Scan on movie_info_idx mi_idx  (cost=0.00..25185.44 rows=464566 width=4) (actual time=0.015..462.308 rows=459925 loops=1)
        Filter: (info_type_id = 101)
        Rows Removed by Filter: 920110
  ->  Hash  (cost=73925.90..73925.90 rows=254232 width=4) (actual time=1272.069..1272.069 rows=145458 loops=1)
        Buckets: 131072  Batches: 4  Memory Usage: 2301kB
        ->  Seq Scan on title t  (cost=0.00..73925.90 rows=254232 width=4) (actual time=0.007..1222.145 rows=145458 loops=1)
              Filter: ((production_year < 1973) AND (kind_id = 7))
              Rows Removed by Filter: 2382854
Planning time: 0.750 ms
Execution time: 2253.778 ms
