Hash Join  (cost=129607.90..216791.34 rows=52540 width=0) (actual time=2346.843..4640.292 rows=1235301 loops=1)
  Hash Cond: (mk.movie_id = t.id)
  ->  Seq Scan on movie_keyword mk  (cost=0.00..69693.30 rows=4523930 width=4) (actual time=0.010..1144.403 rows=4523930 loops=1)
  ->  Hash  (cost=129240.83..129240.83 rows=29366 width=8) (actual time=2346.408..2346.408 rows=37527 loops=1)
        Buckets: 65536 (originally 32768)  Batches: 1 (originally 1)  Memory Usage: 1978kB
        ->  Hash Join  (cost=74281.64..129240.83 rows=29366 width=8) (actual time=1116.071..2331.912 rows=37527 loops=1)
              Hash Cond: (mc.movie_id = t.id)
              ->  Seq Scan on movie_companies mc  (cost=0.00..44881.29 rows=2609129 width=4) (actual time=0.010..633.914 rows=2609129 loops=1)
              ->  Hash  (cost=73925.90..73925.90 rows=28459 width=4) (actual time=1115.682..1115.682 rows=16117 loops=1)
                    Buckets: 32768  Batches: 1  Memory Usage: 823kB
                    ->  Seq Scan on title t  (cost=0.00..73925.90 rows=28459 width=4) (actual time=0.018..1108.874 rows=16117 loops=1)
                          Filter: ((kind_id < 2) AND (production_year = 2006))
                          Rows Removed by Filter: 2512195
Planning time: 0.743 ms
Execution time: 4795.978 ms
