Hash Join  (cost=83073.49..109962.06 rows=17 width=0) (actual time=1304.570..1788.709 rows=1724 loops=1)
  Hash Cond: (mi_idx.movie_id = t.id)
  ->  Seq Scan on movie_info_idx mi_idx  (cost=0.00..25185.44 rows=454124 width=4) (actual time=0.020..409.770 rows=459925 loops=1)
        Filter: (info_type_id = 100)
        Rows Removed by Filter: 920110
  ->  Hash  (cost=83072.29..83072.29 rows=96 width=8) (actual time=1303.871..1303.871 rows=2056 loops=1)
        Buckets: 4096 (originally 1024)  Batches: 1 (originally 1)  Memory Usage: 113kB
        ->  Nested Loop  (cost=0.43..83072.29 rows=96 width=8) (actual time=0.368..1302.161 rows=2056 loops=1)
              ->  Seq Scan on movie_keyword mk  (cost=0.00..81003.12 rows=246 width=4) (actual time=0.330..1236.984 rows=2312 loops=1)
                    Filter: (keyword_id = 479)
                    Rows Removed by Filter: 4521618
              ->  Index Scan using title_pkey on title t  (cost=0.43..8.40 rows=1 width=4) (actual time=0.027..0.027 rows=1 loops=2312)
                    Index Cond: (id = mk.movie_id)
                    Filter: (kind_id < 7)
                    Rows Removed by Filter: 0
Planning time: 1.146 ms
Execution time: 1789.175 ms
