Seq Scan on movie_companies mc  (cost=0.00..57926.93 rows=590301 width=0) (actual time=63.757..1130.380 rows=873821 loops=1)
  Filter: ((company_id > 12863) AND (company_type_id > 1))
  Rows Removed by Filter: 1735308
Planning time: 0.326 ms
Execution time: 1238.818 ms
