Hash Join  (cost=843882.69..3313539.28 rows=107471275 width=0) (actual time=18761.840..73025.306 rows=76323362 loops=1)
  Hash Cond: (ci.movie_id = t.id)
  ->  Seq Scan on cast_info ci  (cost=0.00..705507.15 rows=32324779 width=4) (actual time=0.020..16634.590 rows=32468325 loops=1)
        Filter: (person_id > 362322)
        Rows Removed by Filter: 3776019
  ->  Hash  (cost=705960.21..705960.21 rows=8406678 width=8) (actual time=18758.177..18758.177 rows=3817970 loops=1)
        Buckets: 131072  Batches: 128  Memory Usage: 2153kB
        ->  Hash Join  (cost=92883.59..705960.21 rows=8406678 width=8) (actual time=1757.093..17667.538 rows=3817970 loops=1)
              Hash Cond: (mi.movie_id = t.id)
              ->  Seq Scan on movie_info mi  (cost=0.00..346232.03 rows=13795764 width=4) (actual time=0.017..7384.503 rows=13838458 loops=1)
                    Filter: (info_type_id < 90)
                    Rows Removed by Filter: 997262
              ->  Hash  (cost=67604.59..67604.59 rows=1540800 width=4) (actual time=1755.854..1755.854 rows=1543264 loops=1)
                    Buckets: 131072  Batches: 32  Memory Usage: 2728kB
                    ->  Seq Scan on title t  (cost=0.00..67604.59 rows=1540800 width=4) (actual time=151.001..1238.407 rows=1543264 loops=1)
                          Filter: (kind_id = 7)
                          Rows Removed by Filter: 985048
Planning time: 1.184 ms
Execution time: 81364.423 ms
