Seq Scan on movie_keyword mk  (cost=0.00..81003.12 rows=246 width=0) (actual time=23.436..1273.892 rows=10 loops=1)
  Filter: (keyword_id = 95851)
  Rows Removed by Filter: 4523920
Planning time: 0.265 ms
Execution time: 1273.969 ms
