Hash Join  (cost=119850.63..196741.21 rows=133505 width=0) (actual time=3011.941..5326.927 rows=1029770 loops=1)
  Hash Cond: (mc.movie_id = t.id)
  ->  Seq Scan on movie_companies mc  (cost=0.00..44881.29 rows=2609129 width=4) (actual time=0.026..903.462 rows=2609129 loops=1)
  ->  Hash  (cost=117727.37..117727.37 rows=129381 width=8) (actual time=3011.112..3011.112 rows=298020 loops=1)
        Buckets: 131072 (originally 131072)  Batches: 4 (originally 2)  Memory Usage: 3948kB
        ->  Hash Join  (cost=77815.08..117727.37 rows=129381 width=8) (actual time=1661.673..2910.565 rows=298020 loops=1)
              Hash Cond: (mi_idx.movie_id = t.id)
              ->  Seq Scan on movie_info_idx mi_idx  (cost=0.00..21735.35 rows=1380035 width=4) (actual time=0.017..481.011 rows=1380035 loops=1)
              ->  Hash  (cost=73925.90..73925.90 rows=237054 width=4) (actual time=1660.841..1660.841 rows=349645 loops=1)
                    Buckets: 131072 (originally 131072)  Batches: 8 (originally 4)  Memory Usage: 3073kB
                    ->  Seq Scan on title t  (cost=0.00..73925.90 rows=237054 width=4) (actual time=0.018..1075.074 rows=349645 loops=1)
                          Filter: ((kind_id < 7) AND (production_year < 1986))
                          Rows Removed by Filter: 2178667
Planning time: 2.085 ms
Execution time: 5454.127 ms
