Hash Join  (cost=67697.55..126849.55 rows=953 width=0) (actual time=1385.478..1856.839 rows=62 loops=1)
  Hash Cond: (mc.movie_id = t.id)
  ->  Seq Scan on movie_companies mc  (cost=0.00..57926.93 rows=324144 width=4) (actual time=362.719..827.056 rows=24626 loops=1)
        Filter: ((company_id > 51289) AND (company_type_id = 1))
        Rows Removed by Filter: 2584503
  ->  Hash  (cost=67604.59..67604.59 rows=7437 width=4) (actual time=1021.347..1021.347 rows=13063 loops=1)
        Buckets: 16384 (originally 8192)  Batches: 1 (originally 1)  Memory Usage: 588kB
        ->  Seq Scan on title t  (cost=0.00..67604.59 rows=7437 width=4) (actual time=0.059..1014.574 rows=13063 loops=1)
              Filter: (production_year = 1965)
              Rows Removed by Filter: 2515249
Planning time: 0.804 ms
Execution time: 1857.097 ms
