Hash Join  (cost=709675.58..796335.29 rows=168 width=0) (actual time=12455.336..12457.268 rows=27 loops=1)
  Hash Cond: (mk.movie_id = t.id)
  ->  Seq Scan on movie_keyword mk  (cost=0.00..69693.30 rows=4523930 width=4) (actual time=0.021..978.163 rows=4523930 loops=1)
  ->  Hash  (cost=709674.40..709674.40 rows=94 width=8) (actual time=10738.764..10738.764 rows=2 loops=1)
        Buckets: 1024  Batches: 1  Memory Usage: 9kB
        ->  Nested Loop  (cost=0.43..709674.40 rows=94 width=8) (actual time=1112.549..10738.756 rows=2 loops=1)
              ->  Seq Scan on cast_info ci  (cost=0.00..705507.15 rows=500 width=4) (actual time=1112.471..10738.078 rows=57 loops=1)
                    Filter: (person_id = 2397792)
                    Rows Removed by Filter: 36244287
              ->  Index Scan using title_pkey on title t  (cost=0.43..8.32 rows=1 width=4) (actual time=0.011..0.012 rows=0 loops=57)
                    Index Cond: (id = ci.movie_id)
                    Filter: ((production_year < 2009) AND (kind_id = 1))
                    Rows Removed by Filter: 1
Planning time: 1.187 ms
Execution time: 12457.388 ms
