Hash Join  (cost=102767.86..1031337.74 rows=5095920 width=0) (actual time=1981.191..23005.791 rows=7450181 loops=1)
  Hash Cond: (ci.movie_id = t.id)
  ->  Seq Scan on cast_info ci  (cost=0.00..796071.18 rows=5095920 width=4) (actual time=0.018..14860.544 rows=7450181 loops=1)
        Filter: ((person_id > 1063033) AND (role_id = 2))
        Rows Removed by Filter: 28794163
  ->  Hash  (cost=61283.27..61283.27 rows=2528527 width=4) (actual time=1979.526..1979.526 rows=2528312 loops=1)
        Buckets: 131072  Batches: 64  Memory Usage: 2415kB
        ->  Seq Scan on title t  (cost=0.00..61283.27 rows=2528527 width=4) (actual time=0.025..1139.640 rows=2528312 loops=1)
Planning time: 0.709 ms
Execution time: 23800.772 ms
