Seq Scan on movie_companies mc  (cost=0.00..51404.11 rows=1459997 width=0) (actual time=107.947..1000.513 rows=1463441 loops=1)
  Filter: (company_id > 8787)
  Rows Removed by Filter: 1145688
Planning time: 0.333 ms
Execution time: 1188.742 ms
