Seq Scan on cast_info ci  (cost=0.00..796071.18 rows=590625 width=0) (actual time=877.787..10919.335 rows=206195 loops=1)
  Filter: ((person_id < 83129) AND (role_id > 1))
  Rows Removed by Filter: 36038149
Planning time: 0.340 ms
Execution time: 10945.814 ms
