Hash Join  (cost=129928.86..349311.66 rows=3895303 width=106) (actual time=2681.969..9083.563 rows=3895751 loops=1)
  Hash Cond: (mk.movie_id = t.id)
  ->  Seq Scan on movie_keyword mk  (cost=0.00..81003.12 rows=3895303 width=12) (actual time=0.014..2130.589 rows=3895751 loops=1)
        Filter: (keyword_id > 486)
        Rows Removed by Filter: 628179
  ->  Hash  (cost=61283.27..61283.27 rows=2528527 width=94) (actual time=2680.899..2680.899 rows=2528312 loops=1)
        Buckets: 32768  Batches: 128  Memory Usage: 2470kB
        ->  Seq Scan on title t  (cost=0.00..61283.27 rows=2528527 width=94) (actual time=0.025..1346.635 rows=2528312 loops=1)
Planning time: 3.250 ms
Execution time: 9288.583 ms
