Hash Join  (cost=123871.12..1056890.76 rows=1232836 width=0) (actual time=8597.224..64152.118 rows=1870994 loops=1)
  Hash Cond: (ci.movie_id = t.id)
  ->  Seq Scan on cast_info ci  (cost=0.00..796071.18 rows=10679222 width=4) (actual time=1239.440..48260.144 rows=12670688 loops=1)
        Filter: ((person_id < 3058518) AND (role_id = 1))
        Rows Removed by Filter: 23573656
  ->  Hash  (cost=119081.37..119081.37 rows=291900 width=8) (actual time=7356.987..7356.987 rows=192209 loops=1)
        Buckets: 131072  Batches: 4  Memory Usage: 2895kB
        ->  Hash Join  (cost=76379.89..119081.37 rows=291900 width=8) (actual time=3834.462..7277.714 rows=192209 loops=1)
              Hash Cond: (mi_idx.movie_id = t.id)
              ->  Seq Scan on movie_info_idx mi_idx  (cost=0.00..21735.35 rows=1380035 width=4) (actual time=0.029..1705.326 rows=1380035 loops=1)
              ->  Hash  (cost=67604.59..67604.59 rows=534824 width=4) (actual time=3833.384..3833.384 rows=533369 loops=1)
                    Buckets: 131072  Batches: 8  Memory Usage: 3369kB
                    ->  Seq Scan on title t  (cost=0.00..67604.59 rows=534824 width=4) (actual time=0.019..3603.456 rows=533369 loops=1)
                          Filter: (production_year > 2009)
                          Rows Removed by Filter: 1994943
Planning time: 1.178 ms
Execution time: 64417.070 ms
