Hash Join  (cost=67697.55..94648.62 rows=4059 width=0) (actual time=3154.226..4960.538 rows=11305 loops=1)
  Hash Cond: (mi_idx.movie_id = t.id)
  ->  Seq Scan on movie_info_idx mi_idx  (cost=0.00..21735.35 rows=1380035 width=4) (actual time=0.023..1379.342 rows=1380035 loops=1)
  ->  Hash  (cost=67604.59..67604.59 rows=7437 width=4) (actual time=3154.055..3154.055 rows=14428 loops=1)
        Buckets: 16384 (originally 8192)  Batches: 1 (originally 1)  Memory Usage: 636kB
        ->  Seq Scan on title t  (cost=0.00..67604.59 rows=7437 width=4) (actual time=0.030..3146.562 rows=14428 loops=1)
              Filter: (production_year = 1978)
              Rows Removed by Filter: 2513884
Planning time: 0.666 ms
Execution time: 4962.459 ms
