Hash Join  (cost=185864.28..715448.40 rows=4665120 width=0) (actual time=10245.743..45057.739 rows=4230742 loops=1)
  Hash Cond: (mi.movie_id = t.id)
  ->  Seq Scan on movie_info mi  (cost=0.00..309384.22 rows=14739122 width=4) (actual time=0.017..22730.116 rows=14835720 loops=1)
  ->  Hash  (cost=172733.39..172733.39 rows=800311 width=8) (actual time=10242.957..10242.957 rows=450010 loops=1)
        Buckets: 131072  Batches: 16  Memory Usage: 2111kB
        ->  Hash Join  (cost=86650.76..172733.39 rows=800311 width=8) (actual time=4845.255..10071.632 rows=450010 loops=1)
              Hash Cond: (mc.movie_id = t.id)
              ->  Seq Scan on movie_companies mc  (cost=0.00..44881.29 rows=2609129 width=4) (actual time=0.012..3089.984 rows=2609129 loops=1)
              ->  Hash  (cost=73925.90..73925.90 rows=775588 width=4) (actual time=4844.101..4844.101 rows=838642 loops=1)
                    Buckets: 131072  Batches: 16  Memory Usage: 2873kB
                    ->  Seq Scan on title t  (cost=0.00..73925.90 rows=775588 width=4) (actual time=0.013..4207.411 rows=838642 loops=1)
                          Filter: ((kind_id > 2) AND (production_year > 2004))
                          Rows Removed by Filter: 1689670
Planning time: 3.606 ms
Execution time: 45762.573 ms
