Hash Join  (cost=102767.86..1386483.16 rows=19855146 width=0) (actual time=12931.408..79312.904 rows=17889600 loops=1)
  Hash Cond: (ci.movie_id = t.id)
  ->  Seq Scan on cast_info ci  (cost=0.00..796071.18 rows=19855146 width=4) (actual time=7114.574..52702.629 rows=17889600 loops=1)
        Filter: ((person_id < 3080646) AND (role_id > 1))
        Rows Removed by Filter: 18354744
  ->  Hash  (cost=61283.27..61283.27 rows=2528527 width=4) (actual time=5815.388..5815.388 rows=2528312 loops=1)
        Buckets: 131072  Batches: 64  Memory Usage: 2415kB
        ->  Seq Scan on title t  (cost=0.00..61283.27 rows=2528527 width=4) (actual time=0.019..4717.779 rows=2528312 loops=1)
Planning time: 0.795 ms
Execution time: 81706.836 ms
