Hash Join  (cost=97476.44..1444523.18 rows=26084856 width=0) (actual time=5545.180..80570.507 rows=27783199 loops=1)
  Hash Cond: (ci.movie_id = t.id)
  ->  Seq Scan on cast_info ci  (cost=0.00..614943.12 rows=36225612 width=4) (actual time=0.022..39838.017 rows=36244344 loops=1)
  ->  Hash  (cost=67604.59..67604.59 rows=1820708 width=4) (actual time=5544.479..5544.479 rows=1813245 loops=1)
        Buckets: 131072  Batches: 32  Memory Usage: 3022kB
        ->  Seq Scan on title t  (cost=0.00..67604.59 rows=1820708 width=4) (actual time=0.018..4443.997 rows=1813245 loops=1)
              Filter: (production_year > 1987)
              Rows Removed by Filter: 715067
Planning time: 0.749 ms
Execution time: 84124.590 ms
