Seq Scan on movie_companies mc  (cost=0.00..57926.93 rows=51 width=0) (actual time=282.517..760.244 rows=1 loops=1)
  Filter: ((company_id = 65419) AND (company_type_id = 1))
  Rows Removed by Filter: 2609128
Planning time: 0.389 ms
Execution time: 760.327 ms
