Seq Scan on movie_keyword mk  (cost=0.00..81003.12 rows=3899105 width=0) (actual time=0.023..4453.338 rows=3902753 loops=1)
  Filter: (keyword_id > 478)
  Rows Removed by Filter: 621177
Planning time: 0.301 ms
Execution time: 5065.739 ms
