Hash Join  (cost=445116.13..570480.73 rows=275956 width=0) (actual time=19388.334..25632.822 rows=701614 loops=1)
  Hash Cond: (mk.movie_id = t.id)
  ->  Seq Scan on movie_keyword mk  (cost=0.00..69693.30 rows=4523930 width=4) (actual time=0.018..4172.143 rows=4523930 loops=1)
  ->  Hash  (cost=442585.15..442585.15 rows=154238 width=8) (actual time=19387.141..19387.141 rows=265539 loops=1)
        Buckets: 131072  Batches: 4  Memory Usage: 3626kB
        ->  Hash Join  (cost=78988.28..442585.15 rows=154238 width=8) (actual time=6849.070..19290.100 rows=265539 loops=1)
              Hash Cond: (mi.movie_id = t.id)
              ->  Seq Scan on movie_info mi  (cost=0.00..346232.03 rows=1264125 width=4) (actual time=3367.133..14984.738 rows=1288928 loops=1)
                    Filter: (info_type_id = 2)
                    Rows Removed by Filter: 13546792
              ->  Hash  (cost=73925.90..73925.90 rows=308510 width=4) (actual time=3481.070..3481.070 rows=266599 loops=1)
                    Buckets: 131072  Batches: 8  Memory Usage: 2197kB
                    ->  Seq Scan on title t  (cost=0.00..73925.90 rows=308510 width=4) (actual time=0.022..3377.291 rows=266599 loops=1)
                          Filter: ((kind_id < 7) AND (production_year > 2007))
                          Rows Removed by Filter: 2261713
Planning time: 1.149 ms
Execution time: 25718.221 ms
