Seq Scan on movie_keyword mk  (cost=0.00..81003.12 rows=246 width=0) (actual time=0.129..3530.076 rows=1009 loops=1)
  Filter: (keyword_id = 2988)
  Rows Removed by Filter: 4522921
Planning time: 0.323 ms
Execution time: 3530.651 ms
