Seq Scan on cast_info ci  (cost=0.00..796071.18 rows=176 width=0) (actual time=26247.620..38331.112 rows=87 loops=1)
  Filter: ((role_id < 2) AND (person_id = 1481511))
  Rows Removed by Filter: 36244257
Planning time: 0.347 ms
Execution time: 38331.236 ms
