Seq Scan on movie_companies mc  (cost=0.00..57926.93 rows=910068 width=0) (actual time=328.347..1020.951 rows=587880 loops=1)
  Filter: ((company_id < 27092) AND (company_type_id > 1))
  Rows Removed by Filter: 2021249
Planning time: 4.008 ms
Execution time: 1099.448 ms
