Seq Scan on cast_info ci  (cost=0.00..796071.18 rows=2576241 width=0) (actual time=4232.409..13142.025 rows=1571819 loops=1)
  Filter: ((person_id < 2376528) AND (role_id = 3))
  Rows Removed by Filter: 34672525
Planning time: 0.362 ms
Execution time: 13336.297 ms
