Hash Join  (cost=168092.55..1143238.57 rows=2809300 width=0) (actual time=6282.548..27611.173 rows=4899906 loops=1)
  Hash Cond: (ci.movie_id = t.id)
  ->  Seq Scan on cast_info ci  (cost=0.00..796071.18 rows=12871422 width=4) (actual time=2352.182..15585.355 rows=14738751 loops=1)
        Filter: ((person_id < 1654994) AND (role_id < 6))
        Rows Removed by Filter: 21505593
  ->  Hash  (cost=159038.14..159038.14 rows=551873 width=8) (actual time=3929.512..3929.512 rows=409251 loops=1)
        Buckets: 131072  Batches: 8  Memory Usage: 2999kB
        ->  Hash Join  (cost=76379.89..159038.14 rows=551873 width=8) (actual time=1294.730..3795.405 rows=409251 loops=1)
              Hash Cond: (mc.movie_id = t.id)
              ->  Seq Scan on movie_companies mc  (cost=0.00..44881.29 rows=2609129 width=4) (actual time=0.547..943.816 rows=2609129 loops=1)
              ->  Hash  (cost=67604.59..67604.59 rows=534824 width=4) (actual time=1293.227..1293.227 rows=533369 loops=1)
                    Buckets: 131072  Batches: 8  Memory Usage: 3369kB
                    ->  Seq Scan on title t  (cost=0.00..67604.59 rows=534824 width=4) (actual time=0.019..1120.463 rows=533369 loops=1)
                          Filter: (production_year > 2009)
                          Rows Removed by Filter: 1994943
Planning time: 1.101 ms
Execution time: 28152.539 ms
