Hash Join  (cost=277087.93..1036164.14 rows=1770107 width=0) (actual time=7081.011..20529.997 rows=5683197 loops=1)
  Hash Cond: (ci.movie_id = t.id)
  ->  Seq Scan on cast_info ci  (cost=0.00..705507.15 rows=2170797 width=4) (actual time=992.254..11619.498 rows=2110873 loops=1)
        Filter: (person_id < 207025)
        Rows Removed by Filter: 34133471
  ->  Hash  (cost=243261.35..243261.35 rows=2061807 width=8) (actual time=6087.136..6087.136 rows=2079760 loops=1)
        Buckets: 131072  Batches: 32  Memory Usage: 3548kB
        ->  Hash Join  (cost=102767.86..243261.35 rows=2061807 width=8) (actual time=1989.925..5480.933 rows=2079760 loops=1)
              Hash Cond: (mk.movie_id = t.id)
              ->  Seq Scan on movie_keyword mk  (cost=0.00..81003.12 rows=2061807 width=4) (actual time=0.026..1521.614 rows=2079760 loops=1)
                    Filter: (keyword_id < 3679)
                    Rows Removed by Filter: 2444170
              ->  Hash  (cost=61283.27..61283.27 rows=2528527 width=4) (actual time=1987.962..1987.962 rows=2528312 loops=1)
                    Buckets: 131072  Batches: 64  Memory Usage: 2425kB
                    ->  Seq Scan on title t  (cost=0.00..61283.27 rows=2528527 width=4) (actual time=0.025..1138.146 rows=2528312 loops=1)
Planning time: 1.194 ms
Execution time: 21143.008 ms
