Hash Join  (cost=101446.80..193554.19 rows=7749 width=0) (actual time=1622.772..3523.048 rows=20534 loops=1)
  Hash Cond: (mk.movie_id = t.id)
  ->  Seq Scan on movie_keyword mk  (cost=0.00..81003.12 rows=2940472 width=4) (actual time=0.026..1448.896 rows=2929413 loops=1)
        Filter: (keyword_id > 2440)
        Rows Removed by Filter: 1594517
  ->  Hash  (cost=101363.51..101363.51 rows=6663 width=8) (actual time=1621.410..1621.410 rows=8188 loops=1)
        Buckets: 8192  Batches: 1  Memory Usage: 384kB
        ->  Hash Join  (cost=74382.78..101363.51 rows=6663 width=8) (actual time=1080.948..1618.013 rows=8188 loops=1)
              Hash Cond: (mi_idx.movie_id = t.id)
              ->  Seq Scan on movie_info_idx mi_idx  (cost=0.00..25185.44 rows=460978 width=4) (actual time=0.022..424.836 rows=459925 loops=1)
                    Filter: (info_type_id < 100)
                    Rows Removed by Filter: 920110
              ->  Hash  (cost=73925.90..73925.90 rows=36550 width=4) (actual time=1080.489..1080.489 rows=22961 loops=1)
                    Buckets: 65536  Batches: 1  Memory Usage: 1320kB
                    ->  Seq Scan on title t  (cost=0.00..73925.90 rows=36550 width=4) (actual time=186.697..1071.161 rows=22961 loops=1)
                          Filter: ((production_year > 2006) AND (kind_id = 3))
                          Rows Removed by Filter: 2505351
Planning time: 1.885 ms
Execution time: 3525.931 ms
