Hash Join  (cost=75583.83..152070.90 rows=104255 width=0) (actual time=1227.664..3168.059 rows=158969 loops=1)
  Hash Cond: (mc.movie_id = t.id)
  ->  Seq Scan on movie_companies mc  (cost=0.00..44881.29 rows=2609129 width=4) (actual time=0.018..913.582 rows=2609129 loops=1)
  ->  Hash  (cost=73925.90..73925.90 rows=101034 width=4) (actual time=1226.870..1226.870 rows=117918 loops=1)
        Buckets: 131072  Batches: 2  Memory Usage: 3095kB
        ->  Seq Scan on title t  (cost=0.00..73925.90 rows=101034 width=4) (actual time=0.037..1185.895 rows=117918 loops=1)
              Filter: ((production_year > 1958) AND (kind_id = 4))
              Rows Removed by Filter: 2410394
Planning time: 0.778 ms
Execution time: 3189.657 ms
