Seq Scan on cast_info ci  (cost=0.00..796071.18 rows=6721472 width=0) (actual time=0.042..13395.174 rows=12670688 loops=1)
  Filter: ((person_id < 1899009) AND (role_id = 1))
  Rows Removed by Filter: 23573656
Planning time: 0.393 ms
Execution time: 14942.455 ms
