Hash Join  (cost=486195.59..573187.68 rows=866257 width=0) (actual time=8622.718..10873.253 rows=534713 loops=1)
  Hash Cond: (mc.movie_id = t.id)
  ->  Seq Scan on movie_companies mc  (cost=0.00..44881.29 rows=2609129 width=4) (actual time=0.012..894.079 rows=2609129 loops=1)
  ->  Hash  (cost=472421.89..472421.89 rows=839496 width=8) (actual time=8621.287..8621.287 rows=420585 loops=1)
        Buckets: 131072  Batches: 16  Memory Usage: 2049kB
        ->  Hash Join  (cost=94973.51..472421.89 rows=839496 width=8) (actual time=4185.017..8490.910 rows=420585 loops=1)
              Hash Cond: (mi.movie_id = t.id)
              ->  Seq Scan on movie_info mi  (cost=0.00..346232.03 rows=1272478 width=4) (actual time=2366.094..5588.971 rows=1325361 loops=1)
                    Filter: (info_type_id = 8)
                    Rows Removed by Filter: 13510359
              ->  Hash  (cost=67604.59..67604.59 rows=1668154 width=4) (actual time=1817.560..1817.560 rows=1674098 loops=1)
                    Buckets: 131072  Batches: 32  Memory Usage: 2875kB
                    ->  Seq Scan on title t  (cost=0.00..67604.59 rows=1668154 width=4) (actual time=0.044..1245.497 rows=1674098 loops=1)
                          Filter: (kind_id > 3)
                          Rows Removed by Filter: 854214
Planning time: 1.166 ms
Execution time: 10938.086 ms
