Hash Join  (cost=164134.43..985730.18 rows=84968 width=0) (actual time=8711.398..18755.422 rows=47097 loops=1)
  Hash Cond: (ci.movie_id = t.id)
  ->  Seq Scan on cast_info ci  (cost=0.00..796071.18 rows=2099436 width=4) (actual time=5650.666..15137.200 rows=1630312 loops=1)
        Filter: ((person_id < 2845143) AND (role_id = 4))
        Rows Removed by Filter: 34614032
  ->  Hash  (cost=162455.26..162455.26 rows=102334 width=8) (actual time=3059.606..3059.606 rows=49054 loops=1)
        Buckets: 131072  Batches: 2  Memory Usage: 1986kB
        ->  Hash Join  (cost=96021.49..162455.26 rows=102334 width=8) (actual time=2009.377..3043.893 rows=49054 loops=1)
              Hash Cond: (mc.movie_id = t.id)
              ->  Seq Scan on movie_companies mc  (cost=0.00..57926.93 rows=192130 width=4) (actual time=152.467..925.193 rows=87034 loops=1)
                    Filter: ((company_id < 225) AND (company_type_id > 1))
                    Rows Removed by Filter: 2522095
              ->  Hash  (cost=73925.90..73925.90 rows=1346767 width=4) (actual time=1855.780..1855.780 rows=1325688 loops=1)
                    Buckets: 131072  Batches: 32  Memory Usage: 2479kB
                    ->  Seq Scan on title t  (cost=0.00..73925.90 rows=1346767 width=4) (actual time=0.028..1384.358 rows=1325688 loops=1)
                          Filter: ((kind_id > 2) AND (production_year < 2010))
                          Rows Removed by Filter: 1202624
Planning time: 1.233 ms
Execution time: 18761.913 ms
