Seq Scan on movie_keyword mk  (cost=0.00..81003.12 rows=2330972 width=0) (actual time=0.026..1402.593 rows=2329659 loops=1)
  Filter: (keyword_id > 4350)
  Rows Removed by Filter: 2194271
Planning time: 0.324 ms
Execution time: 1682.157 ms
