Seq Scan on movie_companies mc  (cost=0.00..57926.93 rows=320355 width=0) (actual time=299.348..1011.497 rows=618811 loops=1)
  Filter: ((company_id > 58970) AND (company_type_id = 2))
  Rows Removed by Filter: 1990318
Planning time: 0.398 ms
Execution time: 1087.606 ms
