Hash Join  (cost=74382.73..441168.98 rows=213032 width=0) (actual time=1194.350..12438.695 rows=1004784 loops=1)
  Hash Cond: (mi.movie_id = t.id)
  ->  Seq Scan on movie_info mi  (cost=0.00..309384.22 rows=14739122 width=4) (actual time=0.015..4747.978 rows=14835720 loops=1)
  ->  Hash  (cost=73925.90..73925.90 rows=36546 width=4) (actual time=1193.893..1193.893 rows=92897 loops=1)
        Buckets: 131072 (originally 65536)  Batches: 2 (originally 1)  Memory Usage: 3073kB
        ->  Seq Scan on title t  (cost=0.00..73925.90 rows=36546 width=4) (actual time=85.589..1154.275 rows=92897 loops=1)
              Filter: ((kind_id < 7) AND (production_year < 1922))
              Rows Removed by Filter: 2435415
Planning time: 1.926 ms
Execution time: 12566.557 ms
