Hash Join  (cost=74393.18..129444.44 rows=38574 width=0) (actual time=1356.849..2565.556 rows=48213 loops=1)
  Hash Cond: (mc.movie_id = t.id)
  ->  Seq Scan on movie_companies mc  (cost=0.00..44881.29 rows=2609129 width=4) (actual time=0.029..663.218 rows=2609129 loops=1)
  ->  Hash  (cost=73925.90..73925.90 rows=37382 width=4) (actual time=1203.265..1203.265 rows=33190 loops=1)
        Buckets: 65536  Batches: 1  Memory Usage: 1679kB
        ->  Seq Scan on title t  (cost=0.00..73925.90 rows=37382 width=4) (actual time=10.346..1189.687 rows=33190 loops=1)
              Filter: ((kind_id = 1) AND (production_year = 2010))
              Rows Removed by Filter: 2495122
Planning time: 0.839 ms
Execution time: 2573.029 ms
