Hash Join  (cost=709678.15..764348.83 rows=516 width=0) (actual time=9979.196..11139.325 rows=1102 loops=1)
  Hash Cond: (mc.movie_id = t.id)
  ->  Seq Scan on movie_companies mc  (cost=0.00..44881.29 rows=2609129 width=4) (actual time=0.021..677.087 rows=2609129 loops=1)
  ->  Hash  (cost=709671.90..709671.90 rows=500 width=8) (actual time=9966.206..9966.206 rows=501 loops=1)
        Buckets: 1024  Batches: 1  Memory Usage: 28kB
        ->  Nested Loop  (cost=0.43..709671.90 rows=500 width=8) (actual time=3796.523..9965.956 rows=501 loops=1)
              ->  Seq Scan on cast_info ci  (cost=0.00..705507.15 rows=500 width=4) (actual time=3796.395..9957.207 rows=501 loops=1)
                    Filter: (person_id = 1007198)
                    Rows Removed by Filter: 36243843
              ->  Index Only Scan using title_pkey on title t  (cost=0.43..8.32 rows=1 width=4) (actual time=0.017..0.017 rows=1 loops=501)
                    Index Cond: (id = ci.movie_id)
                    Heap Fetches: 501
Planning time: 1.141 ms
Execution time: 11139.678 ms
