Hash Join  (cost=246300.10..811121.84 rows=7967582 width=0) (actual time=4923.895..20019.364 rows=9978522 loops=1)
  Hash Cond: (mi.movie_id = t.id)
  ->  Seq Scan on movie_info mi  (cost=0.00..309384.22 rows=14739122 width=4) (actual time=0.021..5980.617 rows=14835720 loops=1)
  ->  Hash  (cost=223874.41..223874.41 rows=1366855 width=8) (actual time=4922.465..4922.465 rows=679703 loops=1)
        Buckets: 131072  Batches: 32  Memory Usage: 1874kB
        ->  Hash Join  (cost=98137.04..223874.41 rows=1366855 width=8) (actual time=1865.663..4708.034 rows=679703 loops=1)
              Hash Cond: (mk.movie_id = t.id)
              ->  Seq Scan on movie_keyword mk  (cost=0.00..81003.12 rows=1857140 width=4) (actual time=0.018..1491.792 rows=1861895 loops=1)
                    Filter: (keyword_id > 7406)
                    Rows Removed by Filter: 2662035
              ->  Hash  (cost=67604.59..67604.59 rows=1860996 width=4) (actual time=1864.779..1864.779 rows=1865487 loops=1)
                    Buckets: 131072  Batches: 32  Memory Usage: 3085kB
                    ->  Seq Scan on title t  (cost=0.00..67604.59 rows=1860996 width=4) (actual time=0.029..1243.880 rows=1865487 loops=1)
                          Filter: (kind_id > 1)
                          Rows Removed by Filter: 662825
Planning time: 1.143 ms
Execution time: 21140.917 ms
