Hash Join  (cost=143949.07..590368.54 rows=1454121 width=0) (actual time=3131.842..13257.030 rows=2056029 loops=1)
  Hash Cond: (mi.movie_id = t.id)
  ->  Seq Scan on movie_info mi  (cost=0.00..346232.03 rows=7235534 width=4) (actual time=0.023..6111.188 rows=7286865 loops=1)
        Filter: (info_type_id < 8)
        Rows Removed by Filter: 7548855
  ->  Hash  (cost=135612.12..135612.12 rows=508156 width=8) (actual time=3130.882..3130.882 rows=425361 loops=1)
        Buckets: 131072  Batches: 8  Memory Usage: 3122kB
        ->  Hash Join  (cost=89201.08..135612.12 rows=508156 width=8) (actual time=1653.634..3006.982 rows=425361 loops=1)
              Hash Cond: (mi_idx.movie_id = t.id)
              ->  Seq Scan on movie_info_idx mi_idx  (cost=0.00..21735.35 rows=1380035 width=4) (actual time=0.024..458.625 rows=1380035 loops=1)
              ->  Hash  (cost=73925.90..73925.90 rows=931054 width=4) (actual time=1652.188..1652.188 rows=852178 loops=1)
                    Buckets: 131072  Batches: 16  Memory Usage: 2899kB
                    ->  Seq Scan on title t  (cost=0.00..73925.90 rows=931054 width=4) (actual time=0.024..1372.853 rows=852178 loops=1)
                          Filter: ((kind_id > 1) AND (production_year < 2004))
                          Rows Removed by Filter: 1676134
Planning time: 0.751 ms
Execution time: 13511.637 ms
