Hash Join  (cost=81437.64..915354.63 rows=1714321 width=0) (actual time=9492.413..19146.129 rows=877991 loops=1)
  Hash Cond: (ci.movie_id = t.id)
  ->  Seq Scan on cast_info ci  (cost=0.00..705507.15 rows=9468168 width=4) (actual time=8187.763..13116.504 rows=9384703 loops=1)
        Filter: (role_id > 4)
        Rows Removed by Filter: 26859641
  ->  Hash  (cost=73925.90..73925.90 rows=457819 width=4) (actual time=1303.317..1303.317 rows=344212 loops=1)
        Buckets: 131072  Batches: 8  Memory Usage: 2523kB
        ->  Seq Scan on title t  (cost=0.00..73925.90 rows=457819 width=4) (actual time=107.241..1186.197 rows=344212 loops=1)
              Filter: ((production_year < 1993) AND (kind_id = 7))
              Rows Removed by Filter: 2184100
Planning time: 0.737 ms
Execution time: 19235.676 ms
