Hash Join  (cost=130455.76..883974.75 rows=272982 width=0) (actual time=2304.173..19468.998 rows=477859 loops=1)
  Hash Cond: (ci.movie_id = t.id)
  ->  Seq Scan on cast_info ci  (cost=0.00..614943.12 rows=36225612 width=4) (actual time=0.012..9230.841 rows=36244344 loops=1)
  ->  Hash  (cost=130217.59..130217.59 rows=19054 width=8) (actual time=2303.739..2303.739 rows=7289 loops=1)
        Buckets: 32768  Batches: 1  Memory Usage: 541kB
        ->  Hash Join  (cost=74469.67..130217.59 rows=19054 width=8) (actual time=1069.415..2295.948 rows=7289 loops=1)
              Hash Cond: (mc.movie_id = t.id)
              ->  Seq Scan on movie_companies mc  (cost=0.00..51404.11 rows=1107538 width=4) (actual time=0.020..959.294 rows=1099940 loops=1)
                    Filter: (company_id < 7552)
                    Rows Removed by Filter: 1509189
              ->  Hash  (cost=73925.90..73925.90 rows=43501 width=4) (actual time=1068.307..1068.307 rows=39560 loops=1)
                    Buckets: 65536  Batches: 1  Memory Usage: 1903kB
                    ->  Seq Scan on title t  (cost=0.00..73925.90 rows=43501 width=4) (actual time=143.063..1052.929 rows=39560 loops=1)
                          Filter: ((kind_id = 1) AND (production_year = 2012))
                          Rows Removed by Filter: 2488752
Planning time: 1.256 ms
Execution time: 19537.531 ms
