Seq Scan on cast_info ci  (cost=0.00..796071.18 rows=8698084 width=0) (actual time=0.022..13821.556 rows=4473970 loops=1)
  Filter: ((person_id > 1117582) AND (role_id = 1))
  Rows Removed by Filter: 31770374
Planning time: 0.403 ms
Execution time: 14373.708 ms
