Seq Scan on movie_keyword mk  (cost=0.00..81003.12 rows=1870526 width=0) (actual time=0.014..1441.739 rows=1879010 loops=1)
  Filter: (keyword_id < 3205)
  Rows Removed by Filter: 2644920
Planning time: 0.302 ms
Execution time: 1676.363 ms
