Seq Scan on cast_info ci  (cost=0.00..705507.15 rows=500 width=0) (actual time=16156.641..31726.619 rows=93 loops=1)
  Filter: (person_id = 3546696)
  Rows Removed by Filter: 36244251
Planning time: 0.338 ms
Execution time: 31726.744 ms
