Hash Join  (cost=102767.86..219505.15 rows=2304565 width=0) (actual time=5810.624..12175.421 rows=2303569 loops=1)
  Hash Cond: (mc.movie_id = t.id)
  ->  Seq Scan on movie_companies mc  (cost=0.00..51404.11 rows=2304565 width=4) (actual time=0.026..3636.397 rows=2303569 loops=1)
        Filter: (company_id < 93316)
        Rows Removed by Filter: 305560
  ->  Hash  (cost=61283.27..61283.27 rows=2528527 width=4) (actual time=5809.219..5809.219 rows=2528312 loops=1)
        Buckets: 131072  Batches: 64  Memory Usage: 2415kB
        ->  Seq Scan on title t  (cost=0.00..61283.27 rows=2528527 width=4) (actual time=0.015..4431.507 rows=2528312 loops=1)
Planning time: 0.745 ms
Execution time: 12501.070 ms
