Hash Join  (cost=167649.80..306361.70 rows=1371487 width=0) (actual time=3786.056..8319.498 rows=5505647 loops=1)
  Hash Cond: (mk.movie_id = t.id)
  ->  Seq Scan on movie_keyword mk  (cost=0.00..69693.30 rows=4523930 width=4) (actual time=0.008..1407.837 rows=4523930 loops=1)
  ->  Hash  (cost=155072.86..155072.86 rows=766555 width=8) (actual time=3784.378..3784.378 rows=780354 loops=1)
        Buckets: 131072  Batches: 16  Memory Usage: 2947kB
        ->  Hash Join  (cost=102205.59..155072.86 rows=766555 width=8) (actual time=2004.795..3558.747 rows=780354 loops=1)
              Hash Cond: (mi_idx.movie_id = t.id)
              ->  Seq Scan on movie_info_idx mi_idx  (cost=0.00..25185.44 rows=919057 width=4) (actual time=0.026..540.596 rows=920110 loops=1)
                    Filter: (info_type_id > 99)
                    Rows Removed by Filter: 459925
              ->  Hash  (cost=67604.59..67604.59 rows=2108960 width=4) (actual time=2003.389..2003.389 rows=2104137 loops=1)
                    Buckets: 131072  Batches: 32  Memory Usage: 3341kB
                    ->  Seq Scan on title t  (cost=0.00..67604.59 rows=2108960 width=4) (actual time=0.017..1332.154 rows=2104137 loops=1)
                          Filter: (production_year > 1968)
                          Rows Removed by Filter: 424175
Planning time: 3.062 ms
Execution time: 8896.032 ms
