Hash Join  (cost=190230.21..1393226.25 rows=15779899 width=0) (actual time=4432.253..45928.828 rows=32362388 loops=1)
  Hash Cond: (ci.movie_id = t.id)
  ->  Seq Scan on cast_info ci  (cost=0.00..705507.15 rows=28912238 width=4) (actual time=0.013..16153.915 rows=28979738 loops=1)
        Filter: (person_id > 702043)
        Rows Removed by Filter: 7264606
  ->  Hash  (cost=167588.78..167588.78 rows=1380035 width=8) (actual time=4430.818..4430.818 rows=1380035 loops=1)
        Buckets: 131072  Batches: 32  Memory Usage: 2708kB
        ->  Hash Join  (cost=102767.86..167588.78 rows=1380035 width=8) (actual time=2195.867..4056.065 rows=1380035 loops=1)
              Hash Cond: (mi_idx.movie_id = t.id)
              ->  Seq Scan on movie_info_idx mi_idx  (cost=0.00..21735.35 rows=1380035 width=4) (actual time=0.010..456.962 rows=1380035 loops=1)
              ->  Hash  (cost=61283.27..61283.27 rows=2528527 width=4) (actual time=2194.242..2194.242 rows=2528312 loops=1)
                    Buckets: 131072  Batches: 64  Memory Usage: 2415kB
                    ->  Seq Scan on title t  (cost=0.00..61283.27 rows=2528527 width=4) (actual time=0.016..1105.434 rows=2528312 loops=1)
Planning time: 1.100 ms
Execution time: 49558.165 ms
