Seq Scan on movie_keyword mk  (cost=0.00..81003.12 rows=104229 width=0) (actual time=327.419..1269.486 rows=102601 loops=1)
  Filter: (keyword_id > 81680)
  Rows Removed by Filter: 4421329
Planning time: 0.320 ms
Execution time: 1283.286 ms
