Hash Join  (cost=266022.42..1127502.55 rows=2011584 width=0) (actual time=16825.839..18111.800 rows=1490 loops=1)
  Hash Cond: (ci.movie_id = t.id)
  ->  Seq Scan on cast_info ci  (cost=0.00..796071.18 rows=3021823 width=4) (actual time=0.905..12576.312 rows=2660 loops=1)
        Filter: ((person_id < 1469753) AND (role_id = 2))
        Rows Removed by Filter: 36241684
  ->  Hash  (cost=238406.37..238406.37 rows=1683204 width=8) (actual time=5444.326..5444.326 rows=797041 loops=1)
        Buckets: 131072  Batches: 32  Memory Usage: 1992kB
        ->  Hash Join  (cost=102160.98..238406.37 rows=1683204 width=8) (actual time=2030.228..5238.757 rows=797041 loops=1)
              Hash Cond: (mk.movie_id = t.id)
              ->  Seq Scan on movie_keyword mk  (cost=0.00..81003.12 rows=2473045 width=4) (actual time=0.025..1673.636 rows=2465197 loops=1)
                    Filter: (keyword_id > 3660)
                    Rows Removed by Filter: 2058733
              ->  Hash  (cost=73925.90..73925.90 rows=1720966 width=4) (actual time=2025.624..2025.624 rows=1709252 loops=1)
                    Buckets: 131072  Batches: 32  Memory Usage: 2912kB
                    ->  Seq Scan on title t  (cost=0.00..73925.90 rows=1720966 width=4) (actual time=0.020..1452.585 rows=1709252 loops=1)
                          Filter: ((kind_id > 2) AND (production_year > 0))
                          Rows Removed by Filter: 819060
Planning time: 0.855 ms
Execution time: 18112.354 ms
