Hash Join  (cost=119934.21..1172969.30 rows=1872093 width=0) (actual time=2355.850..32767.694 rows=2270637 loops=1)
  Hash Cond: (ci.movie_id = t.id)
  ->  Seq Scan on cast_info ci  (cost=0.00..614943.12 rows=36225612 width=4) (actual time=0.023..16671.137 rows=36244344 loops=1)
  ->  Hash  (cost=117789.82..117789.82 rows=130671 width=8) (actual time=2355.062..2355.062 rows=54945 loops=1)
        Buckets: 131072  Batches: 2  Memory Usage: 2096kB
        ->  Hash Join  (cost=77854.63..117789.82 rows=130671 width=8) (actual time=1311.111..2339.963 rows=54945 loops=1)
              Hash Cond: (mi_idx.movie_id = t.id)
              ->  Seq Scan on movie_info_idx mi_idx  (cost=0.00..21735.35 rows=1380035 width=4) (actual time=0.028..489.760 rows=1380035 loops=1)
              ->  Hash  (cost=73925.90..73925.90 rows=239418 width=4) (actual time=1310.271..1310.271 rows=256906 loops=1)
                    Buckets: 131072  Batches: 4  Memory Usage: 3296kB
                    ->  Seq Scan on title t  (cost=0.00..73925.90 rows=239418 width=4) (actual time=243.966..1223.385 rows=256906 loops=1)
                          Filter: ((production_year > 2010) AND (kind_id = 7))
                          Rows Removed by Filter: 2271406
Planning time: 1.149 ms
Execution time: 33070.011 ms
