Hash Join  (cost=918566.64..1045873.76 rows=435409 width=0) (actual time=17165.958..20528.774 rows=1382602 loops=1)
  Hash Cond: (mk.movie_id = t.id)
  ->  Seq Scan on movie_keyword mk  (cost=0.00..69693.30 rows=4523930 width=4) (actual time=0.019..1349.652 rows=4523930 loops=1)
  ->  Hash  (cost=914573.64..914573.64 rows=243360 width=8) (actual time=17164.579..17164.579 rows=272423 loops=1)
        Buckets: 131072  Batches: 4  Memory Usage: 3690kB
        ->  Hash Join  (cost=102767.86..914573.64 rows=243360 width=8) (actual time=11671.651..17079.917 rows=272423 loops=1)
              Hash Cond: (ci.movie_id = t.id)
              ->  Seq Scan on cast_info ci  (cost=0.00..796071.18 rows=243360 width=4) (actual time=9749.474..14557.241 rows=272423 loops=1)
                    Filter: ((person_id > 1077431) AND (role_id > 10))
                    Rows Removed by Filter: 35971921
              ->  Hash  (cost=61283.27..61283.27 rows=2528527 width=4) (actual time=1921.146..1921.146 rows=2528312 loops=1)
                    Buckets: 131072  Batches: 64  Memory Usage: 2415kB
                    ->  Seq Scan on title t  (cost=0.00..61283.27 rows=2528527 width=4) (actual time=0.021..1055.805 rows=2528312 loops=1)
Planning time: 1.145 ms
Execution time: 20697.614 ms
