Seq Scan on movie_keyword mk  (cost=0.00..81003.12 rows=1381384 width=0) (actual time=0.028..1363.530 rows=1396840 loops=1)
  Filter: (keyword_id > 11991)
  Rows Removed by Filter: 3127090
Planning time: 0.258 ms
Execution time: 1530.978 ms
