Hash Join  (cost=864675.83..1011736.28 rows=2056741 width=0) (actual time=43078.470..51705.665 rows=4094580 loops=1)
  Hash Cond: (mk.movie_id = t.id)
  ->  Seq Scan on movie_keyword mk  (cost=0.00..69693.30 rows=4523930 width=4) (actual time=0.022..4473.665 rows=4523930 loops=1)
  ->  Hash  (cost=845815.34..845815.34 rows=1149559 width=8) (actual time=43077.676..43077.676 rows=1093558 loops=1)
        Buckets: 131072  Batches: 16  Memory Usage: 3685kB
        ->  Hash Join  (cost=102767.86..845815.34 rows=1149559 width=8) (actual time=16685.694..42711.607 rows=1093558 loops=1)
              Hash Cond: (ci.movie_id = t.id)
              ->  Seq Scan on cast_info ci  (cost=0.00..705507.15 rows=1149559 width=4) (actual time=11378.968..35904.887 rows=1093558 loops=1)
                    Filter: (role_id = 9)
                    Rows Removed by Filter: 35150786
              ->  Hash  (cost=61283.27..61283.27 rows=2528527 width=4) (actual time=5305.206..5305.206 rows=2528312 loops=1)
                    Buckets: 131072  Batches: 64  Memory Usage: 2415kB
                    ->  Seq Scan on title t  (cost=0.00..61283.27 rows=2528527 width=4) (actual time=0.023..4188.583 rows=2528312 loops=1)
Planning time: 3.978 ms
Execution time: 52253.375 ms
