Hash Join  (cost=189269.72..615596.64 rows=694523 width=0) (actual time=15493.803..33359.530 rows=428853 loops=1)
  Hash Cond: (mi.movie_id = t.id)
  ->  Seq Scan on movie_info mi  (cost=0.00..346232.03 rows=6231111 width=4) (actual time=0.021..19840.561 rows=6223494 loops=1)
        Filter: (info_type_id > 8)
        Rows Removed by Filter: 8612226
  ->  Hash  (cost=184645.83..184645.83 rows=281831 width=8) (actual time=10177.689..10177.689 rows=64283 loops=1)
        Buckets: 131072  Batches: 4  Memory Usage: 1657kB
        ->  Hash Join  (cost=81821.64..184645.83 rows=281831 width=8) (actual time=4180.213..10154.230 rows=64283 loops=1)
              Hash Cond: (mk.movie_id = t.id)
              ->  Seq Scan on movie_keyword mk  (cost=0.00..81003.12 rows=1480735 width=4) (actual time=0.023..5008.750 rows=1494196 loops=1)
                    Filter: (keyword_id < 2141)
                    Rows Removed by Filter: 3029734
              ->  Hash  (cost=73925.90..73925.90 rows=481259 width=4) (actual time=4179.111..4179.111 rows=518327 loops=1)
                    Buckets: 131072  Batches: 8  Memory Usage: 3307kB
                    ->  Seq Scan on title t  (cost=0.00..73925.90 rows=481259 width=4) (actual time=792.476..3946.080 rows=518327 loops=1)
                          Filter: ((production_year > 2007) AND (kind_id = 7))
                          Rows Removed by Filter: 2009985
Planning time: 1.146 ms
Execution time: 33425.583 ms
