Hash Join  (cost=201655.69..1278649.00 rows=1658206 width=0) (actual time=33858.989..73599.638 rows=18 loops=1)
  Hash Cond: (ci.movie_id = t.id)
  ->  Seq Scan on cast_info ci  (cost=0.00..705507.15 rows=27653425 width=4) (actual time=0.025..50135.048 rows=27758030 loops=1)
        Filter: (role_id < 6)
        Rows Removed by Filter: 8486314
  ->  Hash  (cost=199167.44..199167.44 rows=151620 width=8) (actual time=10337.528..10337.528 rows=4 loops=1)
        Buckets: 131072  Batches: 2  Memory Usage: 1025kB
        ->  Hash Join  (cost=75317.21..199167.44 rows=151620 width=8) (actual time=8546.424..10337.393 rows=4 loops=1)
              Hash Cond: (mk.movie_id = t.id)
              ->  Seq Scan on movie_keyword mk  (cost=0.00..69693.30 rows=4523930 width=4) (actual time=0.020..5159.099 rows=4523930 loops=1)
              ->  Hash  (cost=73925.90..73925.90 rows=84744 width=4) (actual time=3425.831..3425.831 rows=33 loops=1)
                    Buckets: 131072  Batches: 2  Memory Usage: 1031kB
                    ->  Seq Scan on title t  (cost=0.00..73925.90 rows=84744 width=4) (actual time=143.246..3425.722 rows=33 loops=1)
                          Filter: ((production_year < 1940) AND (kind_id = 7))
                          Rows Removed by Filter: 2528279
Planning time: 1.094 ms
Execution time: 73599.957 ms
