Hash Join  (cost=73953.78..102593.79 rows=811 width=0) (actual time=3249.491..4825.714 rows=336 loops=1)
  Hash Cond: (mi_idx.movie_id = t.id)
  ->  Seq Scan on movie_info_idx mi_idx  (cost=0.00..25185.44 rows=919057 width=4) (actual time=0.017..1431.849 rows=920110 loops=1)
        Filter: (info_type_id > 99)
        Rows Removed by Filter: 459925
  ->  Hash  (cost=73925.90..73925.90 rows=2230 width=4) (actual time=3224.019..3224.019 rows=1787 loops=1)
        Buckets: 4096  Batches: 1  Memory Usage: 95kB
        ->  Seq Scan on title t  (cost=0.00..73925.90 rows=2230 width=4) (actual time=0.050..3222.951 rows=1787 loops=1)
              Filter: ((kind_id < 3) AND (production_year = 1899))
              Rows Removed by Filter: 2526525
Planning time: 0.787 ms
Execution time: 4825.884 ms
