Hash Join  (cost=167271.77..267102.09 rows=121927 width=0) (actual time=9717.504..15239.621 rows=654758 loops=1)
  Hash Cond: (mk.movie_id = t.id)
  ->  Seq Scan on movie_keyword mk  (cost=0.00..81003.12 rows=1450914 width=4) (actual time=0.017..4557.893 rows=1461991 loops=1)
        Filter: (keyword_id > 11348)
        Rows Removed by Filter: 3061939
  ->  Hash  (cost=163784.73..163784.73 rows=212483 width=8) (actual time=9716.730..9716.730 rows=220944 loops=1)
        Buckets: 131072  Batches: 4  Memory Usage: 3191kB
        ->  Hash Join  (cost=99161.12..163784.73 rows=212483 width=8) (actual time=7604.926..9633.910 rows=220944 loops=1)
              Hash Cond: (mc.movie_id = t.id)
              ->  Seq Scan on movie_companies mc  (cost=0.00..51404.11 rows=279332 width=4) (actual time=1456.222..2788.950 rows=281829 loops=1)
                    Filter: (company_id > 95719)
                    Rows Removed by Filter: 2327300
              ->  Hash  (cost=67604.59..67604.59 rows=1923403 width=4) (actual time=6147.810..6147.810 rows=1922849 loops=1)
                    Buckets: 131072  Batches: 32  Memory Usage: 3132kB
                    ->  Seq Scan on title t  (cost=0.00..67604.59 rows=1923403 width=4) (actual time=0.013..4676.377 rows=1922849 loops=1)
                          Filter: (production_year < 2010)
                          Rows Removed by Filter: 605463
Planning time: 1.101 ms
Execution time: 15343.434 ms
