Hash Join  (cost=199688.57..665544.54 rows=2904049 width=0) (actual time=10107.703..37523.633 rows=3101935 loops=1)
  Hash Cond: (mi.movie_id = t.id)
  ->  Seq Scan on movie_info mi  (cost=0.00..346232.03 rows=7503588 width=4) (actual time=0.022..21099.396 rows=7548855 loops=1)
        Filter: (info_type_id > 7)
        Rows Removed by Filter: 7286865
  ->  Hash  (cost=183633.15..183633.15 rows=978594 width=8) (actual time=10106.372..10106.372 rows=694263 loops=1)
        Buckets: 131072  Batches: 16  Memory Usage: 2722kB
        ->  Hash Join  (cost=98137.04..183633.15 rows=978594 width=8) (actual time=5573.608..9853.847 rows=694263 loops=1)
              Hash Cond: (mc.movie_id = t.id)
              ->  Seq Scan on movie_companies mc  (cost=0.00..51404.11 rows=1329612 width=4) (actual time=260.134..2995.405 rows=1334883 loops=1)
                    Filter: (company_type_id = 2)
                    Rows Removed by Filter: 1274246
              ->  Hash  (cost=67604.59..67604.59 rows=1860996 width=4) (actual time=5312.595..5312.595 rows=1865487 loops=1)
                    Buckets: 131072  Batches: 32  Memory Usage: 3079kB
                    ->  Seq Scan on title t  (cost=0.00..67604.59 rows=1860996 width=4) (actual time=0.030..4429.929 rows=1865487 loops=1)
                          Filter: (kind_id > 1)
                          Rows Removed by Filter: 662825
Planning time: 1.226 ms
Execution time: 37952.339 ms
