Seq Scan on movie_keyword mk  (cost=0.00..81003.12 rows=1799553 width=0) (actual time=0.024..3511.499 rows=1801333 loops=1)
  Filter: (keyword_id > 7713)
  Rows Removed by Filter: 2722597
Planning time: 0.280 ms
Execution time: 3785.749 ms
