Seq Scan on movie_keyword mk  (cost=0.00..81003.12 rows=2142380 width=0) (actual time=0.027..4626.225 rows=2150134 loops=1)
  Filter: (keyword_id < 4038)
  Rows Removed by Filter: 2373796
Planning time: 0.383 ms
Execution time: 4974.101 ms
