Hash Join  (cost=94973.51..1339478.89 rows=18098784 width=0) (actual time=5029.448..76478.579 rows=17486432 loops=1)
  Hash Cond: (ci.movie_id = t.id)
  ->  Seq Scan on cast_info ci  (cost=0.00..705507.15 rows=27433477 width=4) (actual time=0.014..44670.345 rows=27444791 loops=1)
        Filter: (person_id < 2811795)
        Rows Removed by Filter: 8799553
  ->  Hash  (cost=67604.59..67604.59 rows=1668154 width=4) (actual time=5028.405..5028.405 rows=1674098 loops=1)
        Buckets: 131072  Batches: 32  Memory Usage: 2869kB
        ->  Seq Scan on title t  (cost=0.00..67604.59 rows=1668154 width=4) (actual time=0.021..4344.797 rows=1674098 loops=1)
              Filter: (kind_id > 3)
              Rows Removed by Filter: 854214
Planning time: 0.827 ms
Execution time: 78984.036 ms
