Seq Scan on movie_keyword mk  (cost=0.00..81003.12 rows=246 width=0) (actual time=16.740..3599.856 rows=276 loops=1)
  Filter: (keyword_id = 1747)
  Rows Removed by Filter: 4523654
Planning time: 0.303 ms
Execution time: 3600.146 ms
