Hash Join  (cost=194419.79..730053.68 rows=5232096 width=0) (actual time=9471.680..43990.886 rows=12324886 loops=1)
  Hash Cond: (mi.movie_id = t.id)
  ->  Seq Scan on movie_info mi  (cost=0.00..309384.22 rows=14739122 width=4) (actual time=0.014..21001.534 rows=14835720 loops=1)
  ->  Hash  (cost=179693.08..179693.08 rows=897577 width=8) (actual time=9470.673..9470.673 rows=768578 loops=1)
        Buckets: 131072  Batches: 16  Memory Usage: 2901kB
        ->  Hash Join  (cost=95609.14..179693.08 rows=897577 width=8) (actual time=4774.704..9199.107 rows=768578 loops=1)
              Hash Cond: (mc.movie_id = t.id)
              ->  Seq Scan on movie_companies mc  (cost=0.00..51404.11 rows=1329612 width=4) (actual time=0.016..2764.493 rows=1334883 loops=1)
                    Filter: (company_type_id > 1)
                    Rows Removed by Filter: 1274246
              ->  Hash  (cost=67604.59..67604.59 rows=1706924 width=4) (actual time=4774.027..4774.027 rows=1700316 loops=1)
                    Buckets: 131072  Batches: 32  Memory Usage: 2895kB
                    ->  Seq Scan on title t  (cost=0.00..67604.59 rows=1706924 width=4) (actual time=0.022..3974.266 rows=1700316 loops=1)
                          Filter: (production_year > 1992)
                          Rows Removed by Filter: 827996
Planning time: 1.204 ms
Execution time: 45744.324 ms
