Hash Join  (cost=85567.76..223037.43 rows=1269564 width=0) (actual time=3727.616..12219.435 rows=3010572 loops=1)
  Hash Cond: (mk.movie_id = t.id)
  ->  Seq Scan on movie_keyword mk  (cost=0.00..69693.30 rows=4523930 width=4) (actual time=0.024..4687.421 rows=4523930 loops=1)
  ->  Hash  (cost=73925.90..73925.90 rows=709588 width=4) (actual time=3726.636..3726.636 rows=654069 loops=1)
        Buckets: 131072  Batches: 16  Memory Usage: 2468kB
        ->  Seq Scan on title t  (cost=0.00..73925.90 rows=709588 width=4) (actual time=0.017..3465.457 rows=654069 loops=1)
              Filter: ((kind_id < 3) AND (production_year > 1921))
              Rows Removed by Filter: 1874243
Planning time: 0.692 ms
Execution time: 12646.128 ms
