Seq Scan on movie_keyword mk  (cost=0.00..81003.12 rows=2792080 width=0) (actual time=0.009..4176.536 rows=2781329 loops=1)
  Filter: (keyword_id < 8050)
  Rows Removed by Filter: 1742601
Planning time: 0.278 ms
Execution time: 4631.401 ms
