Hash Join  (cost=847522.46..966922.27 rows=707186 width=0) (actual time=42108.237..49682.790 rows=1921783 loops=1)
  Hash Cond: (mk.movie_id = t.id)
  ->  Seq Scan on movie_keyword mk  (cost=0.00..81003.12 rows=2463953 width=4) (actual time=0.014..5284.623 rows=2445577 loops=1)
        Filter: (keyword_id > 3673)
        Rows Removed by Filter: 2078353
  ->  Hash  (cost=835615.96..835615.96 rows=725720 width=8) (actual time=42107.367..42107.367 rows=773674 loops=1)
        Buckets: 131072  Batches: 16  Memory Usage: 2910kB
        ->  Hash Join  (cost=102767.86..835615.96 rows=725720 width=8) (actual time=34186.687..41846.916 rows=773674 loops=1)
              Hash Cond: (ci.movie_id = t.id)
              ->  Seq Scan on cast_info ci  (cost=0.00..705507.15 rows=725720 width=4) (actual time=28994.459..35400.073 rows=773674 loops=1)
                    Filter: (role_id = 6)
                    Rows Removed by Filter: 35470670
              ->  Hash  (cost=61283.27..61283.27 rows=2528527 width=4) (actual time=5190.468..5190.468 rows=2528312 loops=1)
                    Buckets: 131072  Batches: 64  Memory Usage: 2415kB
                    ->  Seq Scan on title t  (cost=0.00..61283.27 rows=2528527 width=4) (actual time=0.024..3969.762 rows=2528312 loops=1)
Planning time: 8.649 ms
Execution time: 49946.460 ms
