Seq Scan on movie_companies mc  (cost=0.00..57926.93 rows=995904 width=0) (actual time=0.031..2698.591 rows=856262 loops=1)
  Filter: ((company_id > 624) AND (company_type_id = 1))
  Rows Removed by Filter: 1752867
Planning time: 0.340 ms
Execution time: 2826.062 ms
