Hash Join  (cost=124960.66..490833.42 rows=121683 width=0) (actual time=5835.885..26240.038 rows=283282 loops=1)
  Hash Cond: (mi.movie_id = t.id)
  ->  Seq Scan on movie_info mi  (cost=0.00..309384.22 rows=14739122 width=4) (actual time=0.012..15895.016 rows=14835720 loops=1)
  ->  Hash  (cost=124699.72..124699.72 rows=20875 width=8) (actual time=5835.550..5835.550 rows=16669 loops=1)
        Buckets: 32768  Batches: 1  Memory Usage: 908kB
        ->  Hash Join  (cost=68100.81..124699.72 rows=20875 width=8) (actual time=4096.362..5828.840 rows=16669 loops=1)
              Hash Cond: (mc.movie_id = t.id)
              ->  Seq Scan on movie_companies mc  (cost=0.00..51404.11 rows=1329612 width=4) (actual time=1095.377..2412.972 rows=1334883 loops=1)
                    Filter: (company_type_id > 1)
                    Rows Removed by Filter: 1274246
              ->  Hash  (cost=67604.59..67604.59 rows=39698 width=4) (actual time=3000.226..3000.226 rows=36437 loops=1)
                    Buckets: 65536  Batches: 1  Memory Usage: 1793kB
                    ->  Seq Scan on title t  (cost=0.00..67604.59 rows=39698 width=4) (actual time=0.025..2982.708 rows=36437 loops=1)
                          Filter: (production_year = 1995)
                          Rows Removed by Filter: 2491875
Planning time: 4.515 ms
Execution time: 26285.861 ms
