Hash Join  (cost=468072.59..1334959.35 rows=1133803 width=0) (actual time=19318.537..27005.443 rows=11113328 loops=1)
  Hash Cond: (ci.movie_id = t.id)
  ->  Seq Scan on cast_info ci  (cost=0.00..796071.18 rows=4948147 width=4) (actual time=10250.552..13689.956 rows=2283136 loops=1)
        Filter: ((person_id < 2094252) AND (role_id > 5))
        Rows Removed by Filter: 33961208
  ->  Hash  (cost=458566.35..458566.35 rows=579379 width=8) (actual time=9066.508..9066.508 rows=1545912 loops=1)
        Buckets: 131072 (originally 131072)  Batches: 32 (originally 8)  Memory Usage: 3073kB
        ->  Hash Join  (cost=78556.72..458566.35 rows=579379 width=8) (actual time=1352.207..8660.028 rows=1545912 loops=1)
              Hash Cond: (mi.movie_id = t.id)
              ->  Seq Scan on movie_info mi  (cost=0.00..346232.03 rows=2194617 width=4) (actual time=0.030..5749.122 rows=2233850 loops=1)
                    Filter: (info_type_id > 16)
                    Rows Removed by Filter: 12601870
              ->  Hash  (cost=67604.59..67604.59 rows=667531 width=4) (actual time=1349.803..1349.803 rows=662825 loops=1)
                    Buckets: 131072  Batches: 16  Memory Usage: 2485kB
                    ->  Seq Scan on title t  (cost=0.00..67604.59 rows=667531 width=4) (actual time=0.022..1132.483 rows=662825 loops=1)
                          Filter: (kind_id = 1)
                          Rows Removed by Filter: 1865487
Planning time: 1.240 ms
Execution time: 28179.793 ms
