Hash Join  (cost=263115.61..435853.32 rows=3451009 width=0) (actual time=13913.262..30316.450 rows=26830262 loops=1)
  Hash Cond: (mk.movie_id = t.id)
  ->  Seq Scan on movie_keyword mk  (cost=0.00..81003.12 rows=3344399 width=4) (actual time=0.016..4985.293 rows=3338841 loops=1)
        Filter: (keyword_id > 1411)
        Rows Removed by Filter: 1185089
  ->  Hash  (cost=220309.49..220309.49 rows=2609129 width=8) (actual time=13912.124..13912.124 rows=2609129 loops=1)
        Buckets: 131072  Batches: 64  Memory Usage: 2691kB
        ->  Hash Join  (cost=102767.86..220309.49 rows=2609129 width=8) (actual time=6347.226..13032.551 rows=2609129 loops=1)
              Hash Cond: (mc.movie_id = t.id)
              ->  Seq Scan on movie_companies mc  (cost=0.00..44881.29 rows=2609129 width=4) (actual time=0.015..2867.496 rows=2609129 loops=1)
              ->  Hash  (cost=61283.27..61283.27 rows=2528527 width=4) (actual time=6345.946..6345.946 rows=2528312 loops=1)
                    Buckets: 131072  Batches: 64  Memory Usage: 2415kB
                    ->  Seq Scan on title t  (cost=0.00..61283.27 rows=2528527 width=4) (actual time=0.011..4563.897 rows=2528312 loops=1)
Planning time: 1.046 ms
Execution time: 34162.557 ms
