Seq Scan on movie_keyword mk  (cost=0.00..81003.12 rows=246 width=0) (actual time=370.276..3512.675 rows=268 loops=1)
  Filter: (keyword_id = 11829)
  Rows Removed by Filter: 4523662
Planning time: 0.886 ms
Execution time: 3512.836 ms
