Seq Scan on cast_info ci  (cost=0.00..796071.18 rows=64 width=0) (actual time=11086.969..38244.712 rows=3 loops=1)
  Filter: ((role_id > 9) AND (person_id = 3705482))
  Rows Removed by Filter: 36244341
Planning time: 0.363 ms
Execution time: 38244.817 ms
