Seq Scan on title t  (cost=0.00..73925.90 rows=17356 width=0) (actual time=0.039..3770.426 rows=18804 loops=1)
  Filter: ((kind_id = 1) AND (production_year = 2013))
  Rows Removed by Filter: 2509508
Planning time: 5.637 ms
Execution time: 3773.870 ms
