Nested Loop  (cost=0.43..798385.45 rows=276 width=0) (actual time=13990.227..42581.812 rows=4 loops=1)
  ->  Seq Scan on cast_info ci  (cost=0.00..796071.18 rows=276 width=4) (actual time=13990.123..42581.624 rows=4 loops=1)
        Filter: ((role_id < 3) AND (person_id = 73246))
        Rows Removed by Filter: 36244340
  ->  Index Only Scan using title_pkey on title t  (cost=0.43..8.38 rows=1 width=4) (actual time=0.039..0.040 rows=1 loops=4)
        Index Cond: (id = ci.movie_id)
        Heap Fetches: 4
Planning time: 0.657 ms
Execution time: 42581.890 ms
