Seq Scan on movie_keyword mk  (cost=0.00..81003.12 rows=246 width=0) (actual time=28.144..1278.191 rows=16 loops=1)
  Filter: (keyword_id = 35958)
  Rows Removed by Filter: 4523914
Planning time: 0.381 ms
Execution time: 1278.294 ms
