Hash Join  (cost=129846.83..216563.09 rows=5822 width=0) (actual time=6734.489..11770.227 rows=193147 loops=1)
  Hash Cond: (mk.movie_id = t.id)
  ->  Seq Scan on movie_keyword mk  (cost=0.00..69693.30 rows=4523930 width=4) (actual time=0.024..3714.926 rows=4523930 loops=1)
  ->  Hash  (cost=129806.15..129806.15 rows=3254 width=8) (actual time=6734.384..6734.384 rows=9697 loops=1)
        Buckets: 16384 (originally 4096)  Batches: 1 (originally 1)  Memory Usage: 507kB
        ->  Hash Join  (cost=67697.55..129806.15 rows=3254 width=8) (actual time=2380.490..6729.995 rows=9697 loops=1)
              Hash Cond: (mc.movie_id = t.id)
              ->  Seq Scan on movie_companies mc  (cost=0.00..57926.93 rows=1106434 width=4) (actual time=0.021..3949.357 rows=1274246 loops=1)
                    Filter: ((company_id < 87354) AND (company_type_id < 2))
                    Rows Removed by Filter: 1334883
              ->  Hash  (cost=67604.59..67604.59 rows=7437 width=4) (actual time=2379.876..2379.876 rows=14038 loops=1)
                    Buckets: 16384 (originally 8192)  Batches: 1 (originally 1)  Memory Usage: 622kB
                    ->  Seq Scan on title t  (cost=0.00..67604.59 rows=7437 width=4) (actual time=0.054..2371.347 rows=14038 loops=1)
                          Filter: (production_year = 1977)
                          Rows Removed by Filter: 2514274
Planning time: 3.751 ms
Execution time: 11807.574 ms
