Hash Join  (cost=135908.84..223433.05 rows=86617 width=0) (actual time=8281.910..11548.139 rows=35154 loops=1)
  Hash Cond: (mk.movie_id = t.id)
  ->  Seq Scan on movie_keyword mk  (cost=0.00..69693.30 rows=4523930 width=4) (actual time=0.023..2999.274 rows=4523930 loops=1)
  ->  Hash  (cost=135303.69..135303.69 rows=48412 width=8) (actual time=7461.537..7461.537 rows=13466 loops=1)
        Buckets: 65536  Batches: 1  Memory Usage: 1039kB
        ->  Hash Join  (cost=74574.97..135303.69 rows=48412 width=8) (actual time=4548.944..7455.955 rows=13466 loops=1)
              Hash Cond: (mc.movie_id = t.id)
              ->  Seq Scan on movie_companies mc  (cost=0.00..51404.11 rows=2357465 width=4) (actual time=0.026..2928.308 rows=2360568 loops=1)
                    Filter: (company_id > 115)
                    Rows Removed by Filter: 248561
              ->  Hash  (cost=73925.90..73925.90 rows=51925 width=4) (actual time=3739.310..3739.310 rows=56480 loops=1)
                    Buckets: 65536  Batches: 1  Memory Usage: 2498kB
                    ->  Seq Scan on title t  (cost=0.00..73925.90 rows=51925 width=4) (actual time=251.087..3712.878 rows=56480 loops=1)
                          Filter: ((kind_id = 7) AND (production_year = 2004))
                          Rows Removed by Filter: 2471832
Planning time: 1.115 ms
Execution time: 11556.090 ms
