Hash Join  (cost=96168.68..152555.28 rows=18430 width=0) (actual time=5023.170..8270.487 rows=15183 loops=1)
  Hash Cond: (mc.movie_id = t.id)
  ->  Seq Scan on movie_companies mc  (cost=0.00..51404.11 rows=1279517 width=4) (actual time=0.024..2900.618 rows=1274246 loops=1)
        Filter: (company_type_id < 2)
        Rows Removed by Filter: 1334883
  ->  Hash  (cost=95713.42..95713.42 rows=36421 width=8) (actual time=5022.724..5022.724 rows=14811 loops=1)
        Buckets: 65536  Batches: 1  Memory Usage: 1091kB
        ->  Hash Join  (cost=68438.72..95713.42 rows=36421 width=8) (actual time=3335.914..5016.950 rows=14811 loops=1)
              Hash Cond: (mi_idx.movie_id = t.id)
              ->  Seq Scan on movie_info_idx mi_idx  (cost=0.00..21735.35 rows=1380035 width=4) (actual time=0.020..1221.337 rows=1380035 loops=1)
              ->  Hash  (cost=67604.59..67604.59 rows=66731 width=4) (actual time=3334.716..3334.716 rows=67342 loops=1)
                    Buckets: 131072  Batches: 1  Memory Usage: 3392kB
                    ->  Seq Scan on title t  (cost=0.00..67604.59 rows=66731 width=4) (actual time=0.015..3278.946 rows=67342 loops=1)
                          Filter: (production_year > 2012)
                          Rows Removed by Filter: 2460970
Planning time: 12.803 ms
Execution time: 8273.103 ms
