Hash Join  (cost=442407.41..1499892.97 rows=1775547 width=0) (actual time=35221.940..94148.187 rows=5640371 loops=1)
  Hash Cond: (ci.movie_id = t.id)
  ->  Seq Scan on cast_info ci  (cost=0.00..796071.18 rows=21000772 width=4) (actual time=14322.931..55014.557 rows=22530394 loops=1)
        Filter: ((person_id > 357536) AND (role_id > 1))
        Rows Removed by Filter: 13713950
  ->  Hash  (cost=438899.17..438899.17 rows=213779 width=8) (actual time=20897.694..20897.694 rows=443040 loops=1)
        Buckets: 131072 (originally 131072)  Batches: 8 (originally 4)  Memory Usage: 3204kB
        ->  Hash Join  (cost=78556.72..438899.17 rows=213779 width=8) (actual time=10850.192..20726.044 rows=443040 loops=1)
              Hash Cond: (mi.movie_id = t.id)
              ->  Seq Scan on movie_info mi  (cost=0.00..346232.03 rows=809768 width=4) (actual time=5881.469..15325.272 rows=802140 loops=1)
                    Filter: (info_type_id < 2)
                    Rows Removed by Filter: 14033580
              ->  Hash  (cost=67604.59..67604.59 rows=667531 width=4) (actual time=4599.207..4599.207 rows=662825 loops=1)
                    Buckets: 131072  Batches: 16  Memory Usage: 2485kB
                    ->  Seq Scan on title t  (cost=0.00..67604.59 rows=667531 width=4) (actual time=0.028..3612.349 rows=662825 loops=1)
                          Filter: (kind_id = 1)
                          Rows Removed by Filter: 1865487
Planning time: 1.100 ms
Execution time: 95043.892 ms
