Hash Join  (cost=174865.45..1031078.55 rows=1348461 width=0) (actual time=37520.866..55959.799 rows=4458620 loops=1)
  Hash Cond: (ci.movie_id = t.id)
  ->  Seq Scan on cast_info ci  (cost=0.00..796071.18 rows=3725949 width=4) (actual time=28194.373..41893.303 rows=4323424 loops=1)
        Filter: ((person_id > 703454) AND (role_id > 9))
        Rows Removed by Filter: 31920920
  ->  Hash  (cost=159851.69..159851.69 rows=915101 width=8) (actual time=9325.363..9325.363 rows=919850 loops=1)
        Buckets: 131072  Batches: 16  Memory Usage: 3269kB
        ->  Hash Join  (cost=102767.86..159851.69 rows=915101 width=8) (actual time=5476.534..9018.648 rows=919850 loops=1)
              Hash Cond: (mi_idx.movie_id = t.id)
              ->  Seq Scan on movie_info_idx mi_idx  (cost=0.00..25185.44 rows=915101 width=4) (actual time=0.044..1724.517 rows=919850 loops=1)
                    Filter: (info_type_id < 101)
                    Rows Removed by Filter: 460185
              ->  Hash  (cost=61283.27..61283.27 rows=2528527 width=4) (actual time=5475.534..5475.534 rows=2528312 loops=1)
                    Buckets: 131072  Batches: 64  Memory Usage: 2415kB
                    ->  Seq Scan on title t  (cost=0.00..61283.27 rows=2528527 width=4) (actual time=0.021..4310.980 rows=2528312 loops=1)
Planning time: 1.069 ms
Execution time: 56612.345 ms
