Seq Scan on movie_companies mc  (cost=0.00..51404.11 rows=1019627 width=0) (actual time=0.026..3005.162 rows=1018107 loops=1)
  Filter: (company_id < 5352)
  Rows Removed by Filter: 1591022
Planning time: 0.232 ms
Execution time: 3182.882 ms
