Hash Join  (cost=428816.06..1181268.14 rows=166291 width=0) (actual time=20825.359..71243.185 rows=2753490 loops=1)
  Hash Cond: (ci.movie_id = t.id)
  ->  Seq Scan on cast_info ci  (cost=0.00..614943.12 rows=36225612 width=4) (actual time=0.013..36282.772 rows=36244344 loops=1)
  ->  Hash  (cost=428670.98..428670.98 rows=11607 width=8) (actual time=20825.146..20825.146 rows=31224 loops=1)
        Buckets: 32768 (originally 16384)  Batches: 1 (originally 1)  Memory Usage: 1476kB
        ->  Hash Join  (cost=74093.07..428670.98 rows=11607 width=8) (actual time=7313.378..20812.282 rows=31224 loops=1)
              Hash Cond: (mi.movie_id = t.id)
              ->  Seq Scan on movie_info mi  (cost=0.00..346232.03 rows=2194617 width=4) (actual time=3284.706..16742.154 rows=2233850 loops=1)
                    Filter: (info_type_id > 16)
                    Rows Removed by Filter: 12601870
              ->  Hash  (cost=73925.90..73925.90 rows=13373 width=4) (actual time=3573.984..3573.984 rows=7578 loops=1)
                    Buckets: 16384  Batches: 1  Memory Usage: 395kB
                    ->  Seq Scan on title t  (cost=0.00..73925.90 rows=13373 width=4) (actual time=0.074..3567.202 rows=7578 loops=1)
                          Filter: ((kind_id = 1) AND (production_year = 1999))
                          Rows Removed by Filter: 2520734
Planning time: 1.149 ms
Execution time: 71725.440 ms
