Hash Join  (cost=234057.65..756601.81 rows=4389127 width=0) (actual time=13251.795..58437.025 rows=50567854 loops=1)
  Hash Cond: (mi.movie_id = t.id)
  ->  Seq Scan on movie_info mi  (cost=0.00..346232.03 rows=11115165 width=4) (actual time=0.012..23042.690 rows=11210743 loops=1)
        Filter: (info_type_id > 3)
        Rows Removed by Filter: 3624977
  ->  Hash  (cost=217675.93..217675.93 rows=998458 width=8) (actual time=13243.856..13243.856 rows=1008565 loops=1)
        Buckets: 131072  Batches: 16  Memory Usage: 3621kB
        ->  Hash Join  (cost=102767.86..217675.93 rows=998458 width=8) (actual time=6698.492..12866.118 rows=1008565 loops=1)
              Hash Cond: (mk.movie_id = t.id)
              ->  Seq Scan on movie_keyword mk  (cost=0.00..81003.12 rows=998458 width=4) (actual time=0.027..4523.494 rows=1008565 loops=1)
                    Filter: (keyword_id > 18218)
                    Rows Removed by Filter: 3515365
              ->  Hash  (cost=61283.27..61283.27 rows=2528527 width=4) (actual time=6696.846..6696.846 rows=2528312 loops=1)
                    Buckets: 131072  Batches: 64  Memory Usage: 2425kB
                    ->  Seq Scan on title t  (cost=0.00..61283.27 rows=2528527 width=4) (actual time=0.021..4625.390 rows=2528312 loops=1)
Planning time: 1.061 ms
Execution time: 65650.514 ms
