Hash Join  (cost=92735.26..188720.91 rows=1239059 width=0) (actual time=4621.301..9162.615 rows=981959 loops=1)
  Hash Cond: (mc.movie_id = t.id)
  ->  Seq Scan on movie_companies mc  (cost=0.00..51404.11 rows=2045390 width=4) (actual time=0.137..2612.101 rows=2040656 loops=1)
        Filter: (company_id < 71419)
        Rows Removed by Filter: 568473
  ->  Hash  (cost=67604.59..67604.59 rows=1531734 width=4) (actual time=4619.924..4619.924 rows=1531613 loops=1)
        Buckets: 131072  Batches: 32  Memory Usage: 2708kB
        ->  Seq Scan on title t  (cost=0.00..67604.59 rows=1531734 width=4) (actual time=0.011..3701.153 rows=1531613 loops=1)
              Filter: (production_year > 1997)
              Rows Removed by Filter: 996699
Planning time: 0.655 ms
Execution time: 9292.977 ms
