Hash Join  (cost=67697.55..848884.83 rows=58896 width=0) (actual time=3526.831..53046.088 rows=14774 loops=1)
  Hash Cond: (ci.movie_id = t.id)
  ->  Seq Scan on cast_info ci  (cost=0.00..705507.15 rows=20024311 width=4) (actual time=0.020..44847.367 rows=20122661 loops=1)
        Filter: (role_id < 3)
        Rows Removed by Filter: 16121683
  ->  Hash  (cost=67604.59..67604.59 rows=7437 width=4) (actual time=3526.734..3526.734 rows=3077 loops=1)
        Buckets: 8192  Batches: 1  Memory Usage: 173kB
        ->  Seq Scan on title t  (cost=0.00..67604.59 rows=7437 width=4) (actual time=15.875..3524.903 rows=3077 loops=1)
              Filter: (production_year = 2014)
              Rows Removed by Filter: 2525235
Planning time: 12.300 ms
Execution time: 53050.861 ms
