Seq Scan on cast_info ci  (cost=0.00..705507.15 rows=500 width=0) (actual time=609.597..31581.414 rows=16 loops=1)
  Filter: (person_id = 467024)
  Rows Removed by Filter: 36244328
Planning time: 0.314 ms
Execution time: 31581.508 ms
