Hash Join  (cost=84005.63..117945.45 rows=110342 width=0) (actual time=4046.978..5712.481 rows=172657 loops=1)
  Hash Cond: (mi_idx.movie_id = t.id)
  ->  Seq Scan on movie_info_idx mi_idx  (cost=0.00..25185.44 rows=454124 width=4) (actual time=0.023..1220.035 rows=459925 loops=1)
        Filter: (info_type_id = 100)
        Rows Removed by Filter: 920110
  ->  Hash  (cost=73925.90..73925.90 rows=614378 width=4) (actual time=4045.768..4045.768 rows=520376 loops=1)
        Buckets: 131072  Batches: 16  Memory Usage: 2162kB
        ->  Seq Scan on title t  (cost=0.00..73925.90 rows=614378 width=4) (actual time=0.012..3772.699 rows=520376 loops=1)
              Filter: ((kind_id < 7) AND (production_year > 1996))
              Rows Removed by Filter: 2007936
Planning time: 0.722 ms
Execution time: 5735.503 ms
