Seq Scan on movie_companies mc  (cost=0.00..51404.11 rows=578468 width=0) (actual time=0.023..2285.488 rows=583427 loops=1)
  Filter: (company_id > 70994)
  Rows Removed by Filter: 2025702
Planning time: 5.117 ms
Execution time: 2396.406 ms
