Hash Join  (cost=151314.57..642804.94 rows=1095044 width=0) (actual time=3512.865..18529.609 rows=6779120 loops=1)
  Hash Cond: (mi.movie_id = t.id)
  ->  Seq Scan on movie_info mi  (cost=0.00..309384.22 rows=14739122 width=4) (actual time=0.012..5959.814 rows=14835720 loops=1)
  ->  Hash  (cost=148232.36..148232.36 rows=187857 width=8) (actual time=3512.079..3512.079 rows=375286 loops=1)
        Buckets: 131072 (originally 131072)  Batches: 8 (originally 4)  Memory Usage: 3073kB
        ->  Hash Join  (cost=70592.26..148232.36 rows=187857 width=8) (actual time=1144.670..3377.274 rows=375286 loops=1)
              Hash Cond: (mc.movie_id = t.id)
              ->  Seq Scan on movie_companies mc  (cost=0.00..44881.29 rows=2609129 width=4) (actual time=0.013..947.863 rows=2609129 loops=1)
              ->  Hash  (cost=67604.59..67604.59 rows=182054 width=4) (actual time=1143.989..1143.989 rows=180956 loops=1)
                    Buckets: 131072  Batches: 4  Memory Usage: 2612kB
                    ->  Seq Scan on title t  (cost=0.00..67604.59 rows=182054 width=4) (actual time=0.024..1084.824 rows=180956 loops=1)
                          Filter: (production_year < 1953)
                          Rows Removed by Filter: 2347356
Planning time: 1.179 ms
Execution time: 19358.931 ms
