Hash Join  (cost=877487.76..1243340.59 rows=119690 width=0) (actual time=40425.262..62574.029 rows=117214 loops=1)
  Hash Cond: (mi.movie_id = t.id)
  ->  Seq Scan on movie_info mi  (cost=0.00..309384.22 rows=14739122 width=4) (actual time=0.010..17436.185 rows=14835720 loops=1)
  ->  Hash  (cost=877231.10..877231.10 rows=20533 width=8) (actual time=40425.035..40425.035 rows=14556 loops=1)
        Buckets: 32768  Batches: 1  Memory Usage: 825kB
        ->  Hash Join  (cost=74291.13..877231.10 rows=20533 width=8) (actual time=11576.874..40417.984 rows=14556 loops=1)
              Hash Cond: (ci.movie_id = t.id)
              ->  Seq Scan on cast_info ci  (cost=0.00..796071.18 rows=1776923 width=4) (actual time=9031.579..37314.770 rows=1234055 loops=1)
                    Filter: ((person_id < 1581561) AND (role_id = 3))
                    Rows Removed by Filter: 35010289
              ->  Hash  (cost=73925.90..73925.90 rows=29218 width=4) (actual time=2541.829..2541.829 rows=30850 loops=1)
                    Buckets: 32768  Batches: 1  Memory Usage: 1341kB
                    ->  Seq Scan on title t  (cost=0.00..73925.90 rows=29218 width=4) (actual time=0.034..2520.036 rows=30850 loops=1)
                          Filter: ((kind_id > 1) AND (production_year = 1995))
                          Rows Removed by Filter: 2497462
Planning time: 1.206 ms
Execution time: 62596.413 ms
