Seq Scan on cast_info ci  (cost=0.00..705507.15 rows=26894986 width=0) (actual time=0.012..42459.371 rows=26924872 loops=1)
  Filter: (person_id < 2770087)
  Rows Removed by Filter: 9319472
Planning time: 0.317 ms
Execution time: 47308.710 ms
