Seq Scan on cast_info ci  (cost=0.00..705507.15 rows=21285908 width=0) (actual time=0.030..36823.182 rows=21136980 loops=1)
  Filter: (person_id < 2134811)
  Rows Removed by Filter: 15107364
Planning time: 3.850 ms
Execution time: 40453.293 ms
