Hash Join  (cost=102767.86..274361.97 rows=3354276 width=0) (actual time=4777.616..13122.058 rows=3340182 loops=1)
  Hash Cond: (mk.movie_id = t.id)
  ->  Seq Scan on movie_keyword mk  (cost=0.00..81003.12 rows=3354276 width=4) (actual time=0.024..4765.498 rows=3340182 loops=1)
        Filter: (keyword_id < 15722)
        Rows Removed by Filter: 1183748
  ->  Hash  (cost=61283.27..61283.27 rows=2528527 width=4) (actual time=4776.345..4776.345 rows=2528312 loops=1)
        Buckets: 131072  Batches: 64  Memory Usage: 2425kB
        ->  Seq Scan on title t  (cost=0.00..61283.27 rows=2528527 width=4) (actual time=0.019..3703.263 rows=2528312 loops=1)
Planning time: 14.564 ms
Execution time: 13501.978 ms
