Seq Scan on title t  (cost=0.00..73925.90 rows=11622 width=0) (actual time=0.112..3488.760 rows=11141 loops=1)
  Filter: ((kind_id < 7) AND (production_year = 1994))
  Rows Removed by Filter: 2517171
Planning time: 0.477 ms
Execution time: 3491.071 ms
