Hash Join  (cost=87162.74..129061.11 rows=293247 width=0) (actual time=1553.014..2880.933 rows=585220 loops=1)
  Hash Cond: (mi_idx.movie_id = t.id)
  ->  Seq Scan on movie_info_idx mi_idx  (cost=0.00..25185.44 rows=919057 width=4) (actual time=0.016..569.683 rows=920110 loops=1)
        Filter: (info_type_id > 99)
        Rows Removed by Filter: 459925
  ->  Hash  (cost=73925.90..73925.90 rows=806787 width=4) (actual time=1552.317..1552.317 rows=843018 loops=1)
        Buckets: 131072  Batches: 16  Memory Usage: 2879kB
        ->  Seq Scan on title t  (cost=0.00..73925.90 rows=806787 width=4) (actual time=0.014..1266.720 rows=843018 loops=1)
              Filter: ((kind_id < 7) AND (production_year < 2011))
              Rows Removed by Filter: 1685294
Planning time: 0.780 ms
Execution time: 2957.703 ms
