Hash Join  (cost=822207.08..862313.24 rows=140667 width=0) (actual time=40953.006..43340.064 rows=240090 loops=1)
  Hash Cond: (mi_idx.movie_id = t.id)
  ->  Seq Scan on movie_info_idx mi_idx  (cost=0.00..21735.35 rows=1380035 width=4) (actual time=0.019..1540.573 rows=1380035 loops=1)
  ->  Hash  (cost=817978.42..817978.42 rows=257733 width=8) (actual time=40952.174..40952.174 rows=207121 loops=1)
        Buckets: 131072  Batches: 4  Memory Usage: 3040kB
        ->  Hash Join  (cost=98137.04..817978.42 rows=257733 width=8) (actual time=26797.805..40884.238 rows=207121 loops=1)
              Hash Cond: (ci.movie_id = t.id)
              ->  Seq Scan on cast_info ci  (cost=0.00..705507.15 rows=350181 width=4) (actual time=21241.148..34681.917 rows=316118 loops=1)
                    Filter: (role_id > 10)
                    Rows Removed by Filter: 35928226
              ->  Hash  (cost=67604.59..67604.59 rows=1860996 width=4) (actual time=5548.673..5548.673 rows=1865487 loops=1)
                    Buckets: 131072  Batches: 32  Memory Usage: 3079kB
                    ->  Seq Scan on title t  (cost=0.00..67604.59 rows=1860996 width=4) (actual time=0.037..4641.847 rows=1865487 loops=1)
                          Filter: (kind_id > 1)
                          Rows Removed by Filter: 662825
Planning time: 1.173 ms
Execution time: 43385.106 ms
