Hash Join  (cost=450518.83..577250.71 rows=388184 width=0) (actual time=24358.012..31087.854 rows=192499 loops=1)
  Hash Cond: (mk.movie_id = t.id)
  ->  Seq Scan on movie_keyword mk  (cost=0.00..69693.30 rows=4523930 width=4) (actual time=0.014..4685.461 rows=4523930 loops=1)
  ->  Hash  (cost=446958.77..446958.77 rows=216965 width=8) (actual time=23339.027..23339.027 rows=59103 loops=1)
        Buckets: 131072  Batches: 4  Memory Usage: 1604kB
        ->  Hash Join  (cost=87731.24..446958.77 rows=216965 width=8) (actual time=10776.978..23316.930 rows=59103 loops=1)
              Hash Cond: (mi.movie_id = t.id)
              ->  Seq Scan on movie_info mi  (cost=0.00..346232.03 rows=651960 width=4) (actual time=5197.811..17075.425 rows=660923 loops=1)
                    Filter: (info_type_id = 18)
                    Rows Removed by Filter: 14174797
              ->  Hash  (cost=73925.90..73925.90 rows=841467 width=4) (actual time=5578.293..5578.293 rows=921643 loops=1)
                    Buckets: 131072  Batches: 16  Memory Usage: 3062kB
                    ->  Seq Scan on title t  (cost=0.00..73925.90 rows=841467 width=4) (actual time=0.040..4577.746 rows=921643 loops=1)
                          Filter: ((production_year > 2000) AND (kind_id = 7))
                          Rows Removed by Filter: 1606669
Planning time: 1.148 ms
Execution time: 31123.067 ms
