Hash Join  (cost=1111882.05..1977631.33 rows=29263674 width=0) (actual time=59004.920..130371.943 rows=113574059 loops=1)
  Hash Cond: (mi.movie_id = t.id)
  ->  Seq Scan on movie_info mi  (cost=0.00..309384.22 rows=14739122 width=4) (actual time=0.017..22360.320 rows=14835720 loops=1)
  ->  Hash  (cost=1029518.00..1029518.00 rows=5020244 width=8) (actual time=59001.604..59001.604 rows=7755637 loops=1)
        Buckets: 131072  Batches: 128  Memory Usage: 3403kB
        ->  Hash Join  (cost=102767.86..1029518.00 rows=5020244 width=8) (actual time=6356.701..56201.508 rows=7755637 loops=1)
              Hash Cond: (ci.movie_id = t.id)
              ->  Seq Scan on cast_info ci  (cost=0.00..796071.18 rows=5020244 width=4) (actual time=0.015..41062.503 rows=7755637 loops=1)
                    Filter: ((person_id > 2901966) AND (role_id > 1))
                    Rows Removed by Filter: 28488707
              ->  Hash  (cost=61283.27..61283.27 rows=2528527 width=4) (actual time=6317.446..6317.446 rows=2528312 loops=1)
                    Buckets: 131072  Batches: 64  Memory Usage: 2415kB
                    ->  Seq Scan on title t  (cost=0.00..61283.27 rows=2528527 width=4) (actual time=0.024..4659.336 rows=2528312 loops=1)
Planning time: 1.061 ms
Execution time: 146337.801 ms
