Hash Join  (cost=94574.69..1321859.03 rows=15553940 width=0) (actual time=4027.370..69653.855 rows=14897648 loops=1)
  Hash Cond: (ci.movie_id = t.id)
  ->  Seq Scan on cast_info ci  (cost=0.00..705507.15 rows=31249276 width=4) (actual time=0.028..40448.538 rows=31389358 loops=1)
        Filter: (person_id > 471550)
        Rows Removed by Filter: 4854986
  ->  Hash  (cost=73925.90..73925.90 rows=1258543 width=4) (actual time=4025.924..4025.924 rows=1221534 loops=1)
        Buckets: 131072  Batches: 32  Memory Usage: 2363kB
        ->  Seq Scan on title t  (cost=0.00..73925.90 rows=1258543 width=4) (actual time=75.688..3568.896 rows=1221534 loops=1)
              Filter: ((production_year < 2011) AND (kind_id = 7))
              Rows Removed by Filter: 1306778
Planning time: 0.781 ms
Execution time: 71519.059 ms
