Seq Scan on movie_companies mc  (cost=0.00..57926.93 rows=1133227 width=0) (actual time=178.168..1245.181 rows=1243174 loops=1)
  Filter: ((company_id > 225) AND (company_type_id = 2))
  Rows Removed by Filter: 1365955
Planning time: 0.381 ms
Execution time: 1397.780 ms
