Hash Join  (cost=69378.77..131518.58 rows=13507 width=0) (actual time=1181.214..2080.664 rows=1470 loops=1)
  Hash Cond: (mc.movie_id = t.id)
  ->  Seq Scan on movie_companies mc  (cost=0.00..57926.93 rows=315948 width=4) (actual time=0.021..869.232 rows=172972 loops=1)
        Filter: ((company_id < 756) AND (company_type_id = 2))
        Rows Removed by Filter: 2436157
  ->  Hash  (cost=67604.59..67604.59 rows=108095 width=4) (actual time=1125.606..1125.606 rows=109742 loops=1)
        Buckets: 131072  Batches: 2  Memory Usage: 2948kB
        ->  Seq Scan on title t  (cost=0.00..67604.59 rows=108095 width=4) (actual time=184.873..1083.680 rows=109742 loops=1)
              Filter: (production_year < 1928)
              Rows Removed by Filter: 2418570
Planning time: 0.768 ms
Execution time: 2081.240 ms
