Hash Join  (cost=163205.57..1000122.38 rows=2516534 width=0) (actual time=7481.949..35328.818 rows=5371162 loops=1)
  Hash Cond: (ci.movie_id = t.id)
  ->  Seq Scan on cast_info ci  (cost=0.00..705507.15 rows=8948354 width=4) (actual time=0.027..21149.740 rows=8818084 loops=1)
        Filter: (person_id < 868150)
        Rows Removed by Filter: 27426260
  ->  Hash  (cost=151538.90..151538.90 rows=711094 width=8) (actual time=7480.818..7480.818 rows=715120 loops=1)
        Buckets: 131072  Batches: 16  Memory Usage: 2777kB
        ->  Hash Join  (cost=99841.01..151538.90 rows=711094 width=8) (actual time=4793.221..7266.807 rows=715120 loops=1)
              Hash Cond: (mi_idx.movie_id = t.id)
              ->  Seq Scan on movie_info_idx mi_idx  (cost=0.00..25185.44 rows=915101 width=4) (actual time=6.026..1353.239 rows=919850 loops=1)
                    Filter: (info_type_id < 101)
                    Rows Removed by Filter: 460185
              ->  Hash  (cost=67604.59..67604.59 rows=1964834 width=4) (actual time=4786.205..4786.205 rows=1962189 loops=1)
                    Buckets: 131072  Batches: 32  Memory Usage: 3187kB
                    ->  Seq Scan on title t  (cost=0.00..67604.59 rows=1964834 width=4) (actual time=0.045..4059.877 rows=1962189 loops=1)
                          Filter: (production_year > 1978)
                          Rows Removed by Filter: 566123
Planning time: 1.450 ms
Execution time: 35931.340 ms
