Nested Loop  (cost=0.43..81205.84 rows=3014 width=0) (actual time=0.474..940.536 rows=2423 loops=1)
  ->  Seq Scan on movie_companies mc  (cost=0.00..57926.93 rows=3014 width=4) (actual time=0.416..831.448 rows=2423 loops=1)
        Filter: ((company_id = 73) AND (company_type_id = 2))
        Rows Removed by Filter: 2606706
  ->  Index Only Scan using title_pkey on title t  (cost=0.43..7.71 rows=1 width=4) (actual time=0.044..0.044 rows=1 loops=2423)
        Index Cond: (id = mc.movie_id)
        Heap Fetches: 2423
Planning time: 0.743 ms
Execution time: 941.269 ms
