Hash Join  (cost=86275.83..142529.13 rows=39040 width=0) (actual time=1509.240..2524.477 rows=13175 loops=1)
  Hash Cond: (mc.movie_id = t.id)
  ->  Seq Scan on movie_companies mc  (cost=0.00..51404.11 rows=131143 width=4) (actual time=0.116..832.852 rows=134807 loops=1)
        Filter: (company_id < 27)
        Rows Removed by Filter: 2474322
  ->  Hash  (cost=73925.90..73925.90 rows=752714 width=4) (actual time=1507.438..1507.438 rows=657199 loops=1)
        Buckets: 131072  Batches: 16  Memory Usage: 2469kB
        ->  Seq Scan on title t  (cost=0.00..73925.90 rows=752714 width=4) (actual time=0.027..1299.229 rows=657199 loops=1)
              Filter: ((kind_id < 7) AND (production_year > 1981))
              Rows Removed by Filter: 1871113
Planning time: 0.821 ms
Execution time: 2526.446 ms
