Hash Join  (cost=102767.86..1036634.51 rows=5316029 width=0) (actual time=5142.648..26083.218 rows=10814423 loops=1)
  Hash Cond: (ci.movie_id = t.id)
  ->  Seq Scan on cast_info ci  (cost=0.00..796071.18 rows=5316029 width=4) (actual time=3110.654..14824.086 rows=10814423 loops=1)
        Filter: ((person_id < 1481197) AND (role_id < 2))
        Rows Removed by Filter: 25429921
  ->  Hash  (cost=61283.27..61283.27 rows=2528527 width=4) (actual time=2030.519..2030.519 rows=2528312 loops=1)
        Buckets: 131072  Batches: 64  Memory Usage: 2415kB
        ->  Seq Scan on title t  (cost=0.00..61283.27 rows=2528527 width=4) (actual time=0.025..1190.496 rows=2528312 loops=1)
Planning time: 0.769 ms
Execution time: 27262.497 ms
