Seq Scan on movie_companies mc  (cost=0.00..51404.11 rows=104 width=0) (actual time=12.593..2298.571 rows=132 loops=1)
  Filter: (company_id = 2303)
  Rows Removed by Filter: 2608997
Planning time: 3.732 ms
Execution time: 2298.726 ms
