Hash Join  (cost=83074.73..109986.01 rows=80 width=0) (actual time=1372.634..1927.909 rows=1209 loops=1)
  Hash Cond: (mi_idx.movie_id = t.id)
  ->  Seq Scan on movie_info_idx mi_idx  (cost=0.00..21735.35 rows=1380035 width=4) (actual time=0.014..290.993 rows=1380035 loops=1)
  ->  Hash  (cost=83072.90..83072.90 rows=146 width=8) (actual time=1372.415..1372.415 rows=861 loops=1)
        Buckets: 1024  Batches: 1  Memory Usage: 42kB
        ->  Nested Loop  (cost=0.43..83072.90 rows=146 width=8) (actual time=585.741..1371.895 rows=861 loops=1)
              ->  Seq Scan on movie_keyword mk  (cost=0.00..81003.12 rows=246 width=4) (actual time=0.167..1268.966 rows=2966 loops=1)
                    Filter: (keyword_id = 2021)
                    Rows Removed by Filter: 4520964
              ->  Index Scan using title_pkey on title t  (cost=0.43..8.40 rows=1 width=4) (actual time=0.034..0.034 rows=0 loops=2966)
                    Index Cond: (id = mk.movie_id)
                    Filter: ((production_year > 0) AND (kind_id = 7))
                    Rows Removed by Filter: 1
Planning time: 1.227 ms
Execution time: 1928.237 ms
