Hash Join  (cost=102767.86..193973.06 rows=972447 width=0) (actual time=1952.516..4019.712 rows=665329 loops=1)
  Hash Cond: (mc.movie_id = t.id)
  ->  Seq Scan on movie_companies mc  (cost=0.00..57926.93 rows=972447 width=4) (actual time=0.018..1070.181 rows=665329 loops=1)
        Filter: ((company_id < 44527) AND (company_type_id > 1))
        Rows Removed by Filter: 1943800
  ->  Hash  (cost=61283.27..61283.27 rows=2528527 width=4) (actual time=1950.769..1950.769 rows=2528312 loops=1)
        Buckets: 131072  Batches: 64  Memory Usage: 2415kB
        ->  Seq Scan on title t  (cost=0.00..61283.27 rows=2528527 width=4) (actual time=0.020..1158.972 rows=2528312 loops=1)
Planning time: 0.726 ms
Execution time: 4098.904 ms
