Hash Join  (cost=91433.90..138067.30 rows=118484 width=144) (actual time=2165.914..3200.966 rows=207705 loops=1)
  Hash Cond: (mi_idx.movie_id = t.id)
  ->  Seq Scan on movie_info_idx mi_idx  (cost=0.00..25185.44 rows=464566 width=50) (actual time=0.018..535.282 rows=459925 loops=1)
        Filter: (info_type_id = 101)
        Rows Removed by Filter: 920110
  ->  Hash  (cost=73925.90..73925.90 rows=644880 width=94) (actual time=2165.458..2165.458 rows=640524 loops=1)
        Buckets: 32768  Batches: 32  Memory Usage: 2412kB
        ->  Seq Scan on title t  (cost=0.00..73925.90 rows=644880 width=94) (actual time=0.009..1560.565 rows=640524 loops=1)
              Filter: ((production_year > 1905) AND (kind_id = 1))
              Rows Removed by Filter: 1887788
Planning time: 0.884 ms
Execution time: 3213.378 ms
