Seq Scan on cast_info ci  (cost=0.00..705507.15 rows=500 width=0) (actual time=3086.802..11077.604 rows=28 loops=1)
  Filter: (person_id = 1280340)
  Rows Removed by Filter: 36244316
Planning time: 1.235 ms
Execution time: 11077.719 ms
