Seq Scan on movie_companies mc  (cost=0.00..51404.11 rows=104 width=0) (actual time=1.595..834.356 rows=219 loops=1)
  Filter: (company_id = 1919)
  Rows Removed by Filter: 2608910
Planning time: 0.347 ms
Execution time: 834.519 ms
