Hash Join  (cost=209584.59..693337.62 rows=2531184 width=0) (actual time=5515.187..30426.854 rows=52783330 loops=1)
  Hash Cond: (mi.movie_id = t.id)
  ->  Seq Scan on movie_info mi  (cost=0.00..346232.03 rows=9476311 width=4) (actual time=0.016..6648.639 rows=9565151 loops=1)
        Filter: (info_type_id < 16)
        Rows Removed by Filter: 5270569
  ->  Hash  (cost=198503.26..198503.26 rows=675386 width=8) (actual time=5514.342..5514.342 rows=1632917 loops=1)
        Buckets: 131072 (originally 131072)  Batches: 32 (originally 16)  Memory Usage: 3092kB
        ->  Hash Join  (cost=78556.72..198503.26 rows=675386 width=8) (actual time=1231.978..5012.147 rows=1632917 loops=1)
              Hash Cond: (mk.movie_id = t.id)
              ->  Seq Scan on movie_keyword mk  (cost=0.00..81003.12 rows=2558280 width=4) (actual time=0.019..1744.492 rows=2548473 loops=1)
                    Filter: (keyword_id < 6419)
                    Rows Removed by Filter: 1975457
              ->  Hash  (cost=67604.59..67604.59 rows=667531 width=4) (actual time=1230.704..1230.704 rows=662825 loops=1)
                    Buckets: 131072  Batches: 16  Memory Usage: 2486kB
                    ->  Seq Scan on title t  (cost=0.00..67604.59 rows=667531 width=4) (actual time=360.996..1020.080 rows=662825 loops=1)
                          Filter: (kind_id = 1)
                          Rows Removed by Filter: 1865487
Planning time: 1.194 ms
Execution time: 36445.027 ms
