Hash Join  (cost=102767.86..949073.46 rows=1677072 width=0) (actual time=13106.685..18607.070 rows=2525484 loops=1)
  Hash Cond: (ci.movie_id = t.id)
  ->  Seq Scan on cast_info ci  (cost=0.00..796071.18 rows=1677072 width=4) (actual time=11165.191..13758.719 rows=2525484 loops=1)
        Filter: ((person_id > 2107114) AND (role_id = 3))
        Rows Removed by Filter: 33718860
  ->  Hash  (cost=61283.27..61283.27 rows=2528527 width=4) (actual time=1940.641..1940.641 rows=2528312 loops=1)
        Buckets: 131072  Batches: 64  Memory Usage: 2415kB
        ->  Seq Scan on title t  (cost=0.00..61283.27 rows=2528527 width=4) (actual time=0.012..1129.923 rows=2528312 loops=1)
Planning time: 0.793 ms
Execution time: 18883.285 ms
