Hash Join  (cost=1204438.23..2390267.34 rows=52354697 width=0) (actual time=27855.877..56294.873 rows=51316978 loops=1)
  Hash Cond: (mi.movie_id = t.id)
  ->  Seq Scan on movie_info mi  (cost=0.00..309384.22 rows=14739122 width=4) (actual time=0.018..6388.089 rows=14835720 loops=1)
  ->  Hash  (cost=1057083.76..1057083.76 rows=8981557 width=8) (actual time=27852.581..27852.581 rows=8306619 loops=1)
        Buckets: 131072  Batches: 128  Memory Usage: 3483kB
        ->  Hash Join  (cost=98137.04..1057083.76 rows=8981557 width=8) (actual time=2269.123..25145.361 rows=8306619 loops=1)
              Hash Cond: (ci.movie_id = t.id)
              ->  Seq Scan on cast_info ci  (cost=0.00..705507.15 rows=12203201 width=4) (actual time=383.011..14062.706 rows=12113646 loops=1)
                    Filter: (role_id > 3)
                    Rows Removed by Filter: 24130698
              ->  Hash  (cost=67604.59..67604.59 rows=1860996 width=4) (actual time=1884.984..1884.984 rows=1865487 loops=1)
                    Buckets: 131072  Batches: 32  Memory Usage: 3079kB
                    ->  Seq Scan on title t  (cost=0.00..67604.59 rows=1860996 width=4) (actual time=0.033..1279.804 rows=1865487 loops=1)
                          Filter: (kind_id > 1)
                          Rows Removed by Filter: 662825
Planning time: 5.246 ms
Execution time: 61944.086 ms
