Hash Join  (cost=78058.28..156690.79 rows=259899 width=0) (actual time=1509.440..3999.350 rows=746877 loops=1)
  Hash Cond: (mc.movie_id = t.id)
  ->  Seq Scan on movie_companies mc  (cost=0.00..44881.29 rows=2609129 width=4) (actual time=0.019..995.145 rows=2609129 loops=1)
  ->  Hash  (cost=73925.90..73925.90 rows=251870 width=4) (actual time=1508.661..1508.661 rows=365623 loops=1)
        Buckets: 131072 (originally 131072)  Batches: 8 (originally 4)  Memory Usage: 3073kB
        ->  Seq Scan on title t  (cost=0.00..73925.90 rows=251870 width=4) (actual time=0.034..1091.065 rows=365623 loops=1)
              Filter: ((kind_id < 7) AND (production_year < 1988))
              Rows Removed by Filter: 2162689
Planning time: 0.948 ms
Execution time: 4089.394 ms
