Seq Scan on movie_keyword mk  (cost=0.00..81003.12 rows=246 width=0) (actual time=2.098..1264.706 rows=235 loops=1)
  Filter: (keyword_id = 7282)
  Rows Removed by Filter: 4523695
Planning time: 0.345 ms
Execution time: 1264.921 ms
