Hash Join  (cost=208638.90..288957.46 rows=382204 width=0) (actual time=4009.414..6678.795 rows=3028409 loops=1)
  Hash Cond: (mc.movie_id = t.id)
  ->  Seq Scan on movie_companies mc  (cost=0.00..44881.29 rows=2609129 width=4) (actual time=0.027..934.324 rows=2609129 loops=1)
  ->  Hash  (cost=202561.93..202561.93 rows=370397 width=8) (actual time=4008.700..4008.700 rows=369275 loops=1)
        Buckets: 131072  Batches: 8  Memory Usage: 2854kB
        ->  Hash Join  (cost=102767.86..202561.93 rows=370397 width=8) (actual time=2072.092..3914.899 rows=369275 loops=1)
              Hash Cond: (mk.movie_id = t.id)
              ->  Seq Scan on movie_keyword mk  (cost=0.00..81003.12 rows=370397 width=4) (actual time=98.596..1301.375 rows=369275 loops=1)
                    Filter: (keyword_id > 45748)
                    Rows Removed by Filter: 4154655
              ->  Hash  (cost=61283.27..61283.27 rows=2528527 width=4) (actual time=1969.976..1969.976 rows=2528312 loops=1)
                    Buckets: 131072  Batches: 64  Memory Usage: 2425kB
                    ->  Seq Scan on title t  (cost=0.00..61283.27 rows=2528527 width=4) (actual time=0.023..1105.979 rows=2528312 loops=1)
Planning time: 1.138 ms
Execution time: 6973.856 ms
