Hash Join  (cost=79405.47..1162360.01 rows=4784638 width=0) (actual time=1412.305..33600.655 rows=6028075 loops=1)
  Hash Cond: (ci.movie_id = t.id)
  ->  Seq Scan on cast_info ci  (cost=0.00..614943.12 rows=36225612 width=4) (actual time=0.025..13468.878 rows=36244344 loops=1)
  ->  Hash  (cost=73925.90..73925.90 rows=333965 width=4) (actual time=1411.380..1411.380 rows=411522 loops=1)
        Buckets: 131072  Batches: 8  Memory Usage: 2841kB
        ->  Seq Scan on title t  (cost=0.00..73925.90 rows=333965 width=4) (actual time=0.023..1282.470 rows=411522 loops=1)
              Filter: ((production_year < 2004) AND (kind_id = 1))
              Rows Removed by Filter: 2116790
Planning time: 0.725 ms
Execution time: 34326.516 ms
