Seq Scan on cast_info ci  (cost=0.00..796071.18 rows=5257322 width=0) (actual time=9716.510..13921.510 rows=2473646 loops=1)
  Filter: ((person_id < 2007097) AND (role_id > 4))
  Rows Removed by Filter: 33770698
Planning time: 0.353 ms
Execution time: 14238.769 ms
