Nested Loop  (cost=0.43..83071.67 rows=246 width=0) (actual time=144.245..1359.976 rows=30 loops=1)
  ->  Seq Scan on movie_keyword mk  (cost=0.00..81003.12 rows=246 width=4) (actual time=144.134..1357.329 rows=30 loops=1)
        Filter: (keyword_id = 12319)
        Rows Removed by Filter: 4523900
  ->  Index Only Scan using title_pkey on title t  (cost=0.43..8.40 rows=1 width=4) (actual time=0.081..0.082 rows=1 loops=30)
        Index Cond: (id = mk.movie_id)
        Heap Fetches: 30
Planning time: 0.485 ms
Execution time: 1360.068 ms
