Seq Scan on title t  (cost=0.00..73925.90 rows=926060 width=0) (actual time=0.023..1201.638 rows=888508 loops=1)
  Filter: ((kind_id < 7) AND (production_year > 1920))
  Rows Removed by Filter: 1639804
Planning time: 0.332 ms
Execution time: 1313.062 ms
