Seq Scan on movie_info mi  (cost=0.00..346232.03 rows=17937 width=0) (actual time=0.025..5479.636 rows=18214 loops=1)
  Filter: (info_type_id = 108)
  Rows Removed by Filter: 14817506
Planning time: 0.408 ms
Execution time: 5482.532 ms
