Hash Join  (cost=74341.98..829899.96 rows=476881 width=0) (actual time=1158.211..19597.369 rows=478341 loops=1)
  Hash Cond: (ci.movie_id = t.id)
  ->  Seq Scan on cast_info ci  (cost=0.00..614943.12 rows=36225612 width=4) (actual time=0.020..8672.195 rows=36244344 loops=1)
  ->  Hash  (cost=73925.90..73925.90 rows=33286 width=4) (actual time=1157.772..1157.772 rows=28113 loops=1)
        Buckets: 65536  Batches: 1  Memory Usage: 1501kB
        ->  Seq Scan on title t  (cost=0.00..73925.90 rows=33286 width=4) (actual time=0.090..1145.807 rows=28113 loops=1)
              Filter: ((kind_id < 7) AND (production_year = 2004))
              Rows Removed by Filter: 2500199
Planning time: 0.735 ms
Execution time: 19670.686 ms
