Hash Join  (cost=75199.97..170745.24 rows=36814 width=0) (actual time=2674.001..3616.215 rows=10367 loops=1)
  Hash Cond: (mk.movie_id = t.id)
  ->  Seq Scan on movie_keyword mk  (cost=0.00..81003.12 rows=1199469 width=4) (actual time=0.019..1308.190 rows=1200976 loops=1)
        Filter: (keyword_id < 1486)
        Rows Removed by Filter: 3322954
  ->  Hash  (cost=73925.90..73925.90 rows=77605 width=4) (actual time=1357.053..1357.053 rows=84684 loops=1)
        Buckets: 131072  Batches: 2  Memory Usage: 2518kB
        ->  Seq Scan on title t  (cost=0.00..73925.90 rows=77605 width=4) (actual time=0.019..1323.921 rows=84684 loops=1)
              Filter: ((kind_id = 7) AND (production_year = 2009))
              Rows Removed by Filter: 2443628
Planning time: 1.192 ms
Execution time: 3617.645 ms
