Hash Join  (cost=88767.14..134930.69 rows=493707 width=0) (actual time=1760.105..2870.150 rows=248340 loops=1)
  Hash Cond: (mi_idx.movie_id = t.id)
  ->  Seq Scan on movie_info_idx mi_idx  (cost=0.00..21735.35 rows=1380035 width=4) (actual time=0.021..425.897 rows=1380035 loops=1)
  ->  Hash  (cost=73925.90..73925.90 rows=904579 width=4) (actual time=1615.244..1615.244 rows=992072 loops=1)
        Buckets: 131072  Batches: 16  Memory Usage: 3212kB
        ->  Seq Scan on title t  (cost=0.00..73925.90 rows=904579 width=4) (actual time=0.022..1302.910 rows=992072 loops=1)
              Filter: ((production_year > 1998) AND (kind_id = 7))
              Rows Removed by Filter: 1536240
Planning time: 1.160 ms
Execution time: 2900.209 ms
