Seq Scan on movie_keyword mk  (cost=0.00..81003.12 rows=3155485 width=0) (actual time=0.028..1509.547 rows=3138413 loops=1)
  Filter: (keyword_id < 12049)
  Rows Removed by Filter: 1385517
Planning time: 0.387 ms
Execution time: 1898.731 ms
