Hash Join  (cost=92883.59..189757.19 rows=1271529 width=0) (actual time=1866.645..4232.033 rows=591442 loops=1)
  Hash Cond: (mc.movie_id = t.id)
  ->  Seq Scan on movie_companies mc  (cost=0.00..51404.11 rows=2086640 width=4) (actual time=0.024..1168.004 rows=2081865 loops=1)
        Filter: (company_id < 72914)
        Rows Removed by Filter: 527264
  ->  Hash  (cost=67604.59..67604.59 rows=1540800 width=4) (actual time=1746.431..1746.431 rows=1543264 loops=1)
        Buckets: 131072  Batches: 32  Memory Usage: 2722kB
        ->  Seq Scan on title t  (cost=0.00..67604.59 rows=1540800 width=4) (actual time=0.028..1275.506 rows=1543264 loops=1)
              Filter: (kind_id = 7)
              Rows Removed by Filter: 985048
Planning time: 2.665 ms
Execution time: 4295.281 ms
