Hash Join  (cost=126766.47..957176.87 rows=48929 width=0) (actual time=1813.076..22271.012 rows=234291 loops=1)
  Hash Cond: (ci.movie_id = t.id)
  ->  Seq Scan on cast_info ci  (cost=0.00..705507.15 rows=33177055 width=4) (actual time=0.029..13449.321 rows=33128316 loops=1)
        Filter: (person_id < 3487757)
        Rows Removed by Filter: 3116028
  ->  Hash  (cost=126719.86..126719.86 rows=3729 width=8) (actual time=1812.856..1812.856 rows=9535 loops=1)
        Buckets: 16384 (originally 4096)  Batches: 1 (originally 1)  Memory Usage: 501kB
        ->  Hash Join  (cost=74478.21..126719.86 rows=3729 width=8) (actual time=1059.579..1808.902 rows=9535 loops=1)
              Hash Cond: (mc.movie_id = t.id)
              ->  Seq Scan on movie_companies mc  (cost=0.00..51404.11 rows=213400 width=4) (actual time=7.810..700.131 rows=214631 loops=1)
                    Filter: (company_id > 109335)
                    Rows Removed by Filter: 2394498
              ->  Hash  (cost=73925.90..73925.90 rows=44184 width=4) (actual time=1051.367..1051.367 rows=35489 loops=1)
                    Buckets: 65536  Batches: 1  Memory Usage: 1760kB
                    ->  Seq Scan on title t  (cost=0.00..73925.90 rows=44184 width=4) (actual time=0.022..1036.952 rows=35489 loops=1)
                          Filter: ((kind_id < 7) AND (production_year = 2007))
                          Rows Removed by Filter: 2492823
Planning time: 0.869 ms
Execution time: 22311.618 ms
