Seq Scan on movie_keyword mk  (cost=0.00..81003.12 rows=2465203 width=0) (actual time=0.019..1423.450 rows=2463234 loops=1)
  Filter: (keyword_id < 5911)
  Rows Removed by Filter: 2060696
Planning time: 0.295 ms
Execution time: 1729.383 ms
