Nested Loop  (cost=0.43..52284.21 rows=1 width=0) (actual time=602.315..849.557 rows=20 loops=1)
  ->  Seq Scan on movie_companies mc  (cost=0.00..51404.11 rows=104 width=4) (actual time=1.842..830.595 rows=591 loops=1)
        Filter: (company_id = 89695)
        Rows Removed by Filter: 2608538
  ->  Index Scan using title_pkey on title t  (cost=0.43..8.45 rows=1 width=4) (actual time=0.031..0.031 rows=0 loops=591)
        Index Cond: (id = mc.movie_id)
        Filter: ((kind_id = 1) AND (production_year = 1939))
        Rows Removed by Filter: 1
Planning time: 0.778 ms
Execution time: 849.671 ms
