Hash Join  (cost=365418.15..1383945.75 rows=15336982 width=0) (actual time=8668.537..43997.619 rows=72874759 loops=1)
  Hash Cond: (ci.movie_id = t.id)
  ->  Seq Scan on cast_info ci  (cost=0.00..705507.15 rows=8572187 width=4) (actual time=0.026..14218.234 rows=8486314 loops=1)
        Filter: (role_id > 5)
        Rows Removed by Filter: 27758030
  ->  Hash  (cost=291197.02..291197.02 rows=4523930 width=8) (actual time=8667.750..8667.750 rows=4523930 loops=1)
        Buckets: 131072  Batches: 64  Memory Usage: 3816kB
        ->  Hash Join  (cost=102767.86..291197.02 rows=4523930 width=8) (actual time=1950.689..7332.157 rows=4523930 loops=1)
              Hash Cond: (mk.movie_id = t.id)
              ->  Seq Scan on movie_keyword mk  (cost=0.00..69693.30 rows=4523930 width=4) (actual time=0.023..1465.561 rows=4523930 loops=1)
              ->  Hash  (cost=61283.27..61283.27 rows=2528527 width=4) (actual time=1949.258..1949.258 rows=2528312 loops=1)
                    Buckets: 131072  Batches: 64  Memory Usage: 2425kB
                    ->  Seq Scan on title t  (cost=0.00..61283.27 rows=2528527 width=4) (actual time=0.021..1135.758 rows=2528312 loops=1)
Planning time: 2.685 ms
Execution time: 51661.520 ms
