Hash Join  (cost=103324.96..535700.45 rows=3120468 width=0) (actual time=3102.981..12002.178 rows=2916817 loops=1)
  Hash Cond: (mi.movie_id = t.id)
  ->  Seq Scan on movie_info mi  (cost=0.00..346232.03 rows=3623957 width=4) (actual time=287.887..5348.561 rows=3624977 loops=1)
        Filter: (info_type_id < 4)
        Rows Removed by Filter: 11210743
  ->  Hash  (cost=67604.59..67604.59 rows=2177230 width=4) (actual time=2814.198..2814.198 rows=2171163 loops=1)
        Buckets: 131072  Batches: 32  Memory Usage: 3421kB
        ->  Seq Scan on title t  (cost=0.00..67604.59 rows=2177230 width=4) (actual time=0.027..1403.147 rows=2171163 loops=1)
              Filter: (production_year > 1963)
              Rows Removed by Filter: 357149
Planning time: 0.512 ms
Execution time: 12352.806 ms
