Hash Join  (cost=101408.62..853074.59 rows=87687 width=0) (actual time=1714.614..19911.354 rows=323396 loops=1)
  Hash Cond: (ci.movie_id = t.id)
  ->  Seq Scan on cast_info ci  (cost=0.00..614943.12 rows=36225612 width=4) (actual time=0.015..9295.306 rows=36244344 loops=1)
  ->  Hash  (cost=101332.12..101332.12 rows=6120 width=8) (actual time=1714.527..1714.527 rows=12000 loops=1)
        Buckets: 16384 (originally 8192)  Batches: 1 (originally 1)  Memory Usage: 597kB
        ->  Hash Join  (cost=74341.98..101332.12 rows=6120 width=8) (actual time=1146.574..1709.286 rows=12000 loops=1)
              Hash Cond: (mi_idx.movie_id = t.id)
              ->  Seq Scan on movie_info_idx mi_idx  (cost=0.00..25185.44 rows=464934 width=4) (actual time=0.019..440.631 rows=460185 loops=1)
                    Filter: (info_type_id > 100)
                    Rows Removed by Filter: 919850
              ->  Hash  (cost=73925.90..73925.90 rows=33286 width=4) (actual time=1146.189..1146.189 rows=28113 loops=1)
                    Buckets: 65536  Batches: 1  Memory Usage: 1501kB
                    ->  Seq Scan on title t  (cost=0.00..73925.90 rows=33286 width=4) (actual time=0.070..1134.262 rows=28113 loops=1)
                          Filter: ((kind_id < 7) AND (production_year = 2004))
                          Rows Removed by Filter: 2500199
Planning time: 1.145 ms
Execution time: 19966.876 ms
