Hash Join  (cost=102767.86..974570.23 rows=6500383 width=0) (actual time=8075.024..19793.137 rows=6593885 loops=1)
  Hash Cond: (ci.movie_id = t.id)
  ->  Seq Scan on cast_info ci  (cost=0.00..705507.15 rows=6500383 width=4) (actual time=6194.584..12385.310 rows=6593885 loops=1)
        Filter: (person_id > 2999441)
        Rows Removed by Filter: 29650459
  ->  Hash  (cost=61283.27..61283.27 rows=2528527 width=4) (actual time=1879.006..1879.006 rows=2528312 loops=1)
        Buckets: 131072  Batches: 64  Memory Usage: 2415kB
        ->  Seq Scan on title t  (cost=0.00..61283.27 rows=2528527 width=4) (actual time=0.018..1065.734 rows=2528312 loops=1)
Planning time: 2.634 ms
Execution time: 20483.057 ms
