Seq Scan on movie_keyword mk  (cost=0.00..81003.12 rows=1192031 width=0) (actual time=0.023..1400.966 rows=1201019 loops=1)
  Filter: (keyword_id > 15309)
  Rows Removed by Filter: 3322911
Planning time: 0.339 ms
Execution time: 1554.710 ms
