Hash Join  (cost=74729.49..834728.91 rows=921025 width=0) (actual time=1121.248..21117.649 rows=747844 loops=1)
  Hash Cond: (ci.movie_id = t.id)
  ->  Seq Scan on cast_info ci  (cost=0.00..614943.12 rows=36225612 width=4) (actual time=0.017..8391.720 rows=36244344 loops=1)
  ->  Hash  (cost=73925.90..73925.90 rows=64287 width=4) (actual time=1120.464..1120.464 rows=68918 loops=1)
        Buckets: 131072 (originally 65536)  Batches: 1 (originally 1)  Memory Usage: 3447kB
        ->  Seq Scan on title t  (cost=0.00..73925.90 rows=64287 width=4) (actual time=165.965..1082.173 rows=68918 loops=1)
              Filter: ((production_year < 2009) AND (kind_id = 2))
              Rows Removed by Filter: 2459394
Planning time: 1.574 ms
Execution time: 21228.603 ms
