Hash Join  (cost=108099.91..195244.19 rows=48624 width=0) (actual time=2077.591..3041.972 rows=11693 loops=1)
  Hash Cond: (mk.movie_id = t.id)
  ->  Seq Scan on movie_keyword mk  (cost=0.00..69693.30 rows=4523930 width=4) (actual time=0.023..1036.032 rows=4523930 loops=1)
  ->  Hash  (cost=107760.20..107760.20 rows=27177 width=8) (actual time=1177.462..1177.462 rows=3903 loops=1)
        Buckets: 32768  Batches: 1  Memory Usage: 409kB
        ->  Hash Join  (cost=76352.87..107760.20 rows=27177 width=8) (actual time=822.244..1175.576 rows=3903 loops=1)
              Hash Cond: (mi_idx.movie_id = t.id)
              ->  Seq Scan on movie_info_idx mi_idx  (cost=0.00..25185.44 rows=464566 width=4) (actual time=0.014..428.901 rows=459925 loops=1)
                    Filter: (info_type_id = 101)
                    Rows Removed by Filter: 920110
              ->  Hash  (cost=73925.90..73925.90 rows=147917 width=4) (actual time=575.717..575.717 rows=46427 loops=1)
                    Buckets: 131072  Batches: 2  Memory Usage: 1840kB
                    ->  Seq Scan on title t  (cost=0.00..73925.90 rows=147917 width=4) (actual time=0.033..562.791 rows=46427 loops=1)
                          Filter: ((production_year < 1960) AND (kind_id = 7))
                          Rows Removed by Filter: 2481885
Planning time: 1.268 ms
Execution time: 3043.615 ms
