Hash Join  (cost=179413.13..306176.28 rows=390711 width=0) (actual time=3723.144..7974.349 rows=3295275 loops=1)
  Hash Cond: (mk.movie_id = t.id)
  ->  Seq Scan on movie_keyword mk  (cost=0.00..69693.30 rows=4523930 width=4) (actual time=0.008..1503.610 rows=4523930 loops=1)
  ->  Hash  (cost=175829.42..175829.42 rows=218377 width=8) (actual time=3722.582..3722.582 rows=432568 loops=1)
        Buckets: 131072 (originally 131072)  Batches: 8 (originally 4)  Memory Usage: 3164kB
        ->  Hash Join  (cost=102767.86..175829.42 rows=218377 width=8) (actual time=2159.551..3583.809 rows=432568 loops=1)
              Hash Cond: (mc.movie_id = t.id)
              ->  Seq Scan on movie_companies mc  (cost=0.00..57926.93 rows=218377 width=4) (actual time=303.154..957.526 rows=432568 loops=1)
                    Filter: ((company_id > 78883) AND (company_type_id = 2))
                    Rows Removed by Filter: 2176561
              ->  Hash  (cost=61283.27..61283.27 rows=2528527 width=4) (actual time=1855.276..1855.276 rows=2528312 loops=1)
                    Buckets: 131072  Batches: 64  Memory Usage: 2415kB
                    ->  Seq Scan on title t  (cost=0.00..61283.27 rows=2528527 width=4) (actual time=0.025..1050.246 rows=2528312 loops=1)
Planning time: 0.768 ms
Execution time: 8380.522 ms
