Seq Scan on cast_info ci  (cost=0.00..705507.15 rows=33593637 width=0) (actual time=0.018..13066.887 rows=33571121 loops=1)
  Filter: (person_id < 3547589)
  Rows Removed by Filter: 2673223
Planning time: 1.678 ms
Execution time: 17197.607 ms
