Nested Loop  (cost=0.43..83072.29 rows=98 width=0) (actual time=17.026..1261.102 rows=71 loops=1)
  ->  Seq Scan on movie_keyword mk  (cost=0.00..81003.12 rows=246 width=4) (actual time=13.797..1247.646 rows=263 loops=1)
        Filter: (keyword_id = 2881)
        Rows Removed by Filter: 4523667
  ->  Index Scan using title_pkey on title t  (cost=0.43..8.40 rows=1 width=4) (actual time=0.048..0.049 rows=0 loops=263)
        Index Cond: (id = mk.movie_id)
        Filter: (production_year > 2005)
        Rows Removed by Filter: 1
Planning time: 0.799 ms
Execution time: 1261.260 ms
