Seq Scan on movie_companies mc  (cost=0.00..51404.11 rows=285198 width=0) (actual time=446.316..847.689 rows=287355 loops=1)
  Filter: (company_id > 95131)
  Rows Removed by Filter: 2321774
Planning time: 0.307 ms
Execution time: 882.316 ms
