Hash Join  (cost=169416.08..1023773.74 rows=1937586 width=0) (actual time=4556.971..25009.377 rows=9895389 loops=1)
  Hash Cond: (ci.movie_id = t.id)
  ->  Seq Scan on cast_info ci  (cost=0.00..705507.15 rows=11047906 width=4) (actual time=810.526..12790.623 rows=11041178 loops=1)
        Filter: (person_id > 2599680)
        Rows Removed by Filter: 25203166
  ->  Hash  (cost=162139.91..162139.91 rows=443454 width=8) (actual time=3745.607..3745.607 rows=621470 loops=1)
        Buckets: 131072 (originally 131072)  Batches: 16 (originally 8)  Memory Usage: 4065kB
        ->  Hash Join  (cost=80976.84..162139.91 rows=443454 width=8) (actual time=1371.880..3557.173 rows=621470 loops=1)
              Hash Cond: (mc.movie_id = t.id)
              ->  Seq Scan on movie_companies mc  (cost=0.00..44881.29 rows=2609129 width=4) (actual time=0.024..812.456 rows=2609129 loops=1)
              ->  Hash  (cost=73925.90..73925.90 rows=429755 width=4) (actual time=1371.206..1371.206 rows=333645 loops=1)
                    Buckets: 131072  Batches: 8  Memory Usage: 2494kB
                    ->  Seq Scan on title t  (cost=0.00..73925.90 rows=429755 width=4) (actual time=0.022..1131.328 rows=333645 loops=1)
                          Filter: ((kind_id < 3) AND (production_year > 1999))
                          Rows Removed by Filter: 2194667
Planning time: 1.147 ms
Execution time: 26117.969 ms
