Seq Scan on movie_keyword mk  (cost=0.00..81003.12 rows=3820349 width=0) (actual time=0.024..1510.009 rows=3816749 loops=1)
  Filter: (keyword_id > 591)
  Rows Removed by Filter: 707181
Planning time: 0.335 ms
Execution time: 1976.285 ms
