Seq Scan on movie_keyword mk  (cost=0.00..81003.12 rows=691215 width=0) (actual time=0.018..1324.822 rows=696585 loops=1)
  Filter: (keyword_id > 27057)
  Rows Removed by Filter: 3827345
Planning time: 0.368 ms
Execution time: 1413.662 ms
