Hash Join  (cost=100930.89..851863.04 rows=14298 width=0) (actual time=1708.007..17952.340 rows=71864 loops=1)
  Hash Cond: (ci.movie_id = t.id)
  ->  Seq Scan on cast_info ci  (cost=0.00..614943.12 rows=36225612 width=4) (actual time=0.023..8724.317 rows=36244344 loops=1)
  ->  Hash  (cost=100918.42..100918.42 rows=998 width=8) (actual time=1707.610..1707.610 rows=2616 loops=1)
        Buckets: 4096 (originally 1024)  Batches: 1 (originally 1)  Memory Usage: 135kB
        ->  Hash Join  (cost=73994.33..100918.42 rows=998 width=8) (actual time=1177.138..1706.297 rows=2616 loops=1)
              Hash Cond: (mi_idx.movie_id = t.id)
              ->  Seq Scan on movie_info_idx mi_idx  (cost=0.00..25185.44 rows=460978 width=4) (actual time=0.021..418.372 rows=459925 loops=1)
                    Filter: (info_type_id < 100)
                    Rows Removed by Filter: 920110
              ->  Hash  (cost=73925.90..73925.90 rows=5474 width=4) (actual time=1177.025..1177.025 rows=14797 loops=1)
                    Buckets: 16384 (originally 8192)  Batches: 1 (originally 1)  Memory Usage: 649kB
                    ->  Seq Scan on title t  (cost=0.00..73925.90 rows=5474 width=4) (actual time=0.020..1169.790 rows=14797 loops=1)
                          Filter: ((kind_id > 1) AND (production_year = 1986))
                          Rows Removed by Filter: 2513515
Planning time: 1.163 ms
Execution time: 17966.814 ms
