Seq Scan on movie_companies mc  (cost=0.00..51404.11 rows=2348 width=0) (actual time=0.189..769.155 rows=2910 loops=1)
  Filter: (company_id = 28339)
  Rows Removed by Filter: 2606219
Planning time: 0.375 ms
Execution time: 769.785 ms
