Seq Scan on movie_keyword mk  (cost=0.00..81003.12 rows=246 width=0) (actual time=1.233..1227.294 rows=563 loops=1)
  Filter: (keyword_id = 12940)
  Rows Removed by Filter: 4523367
Planning time: 0.263 ms
Execution time: 1227.624 ms
