Seq Scan on title t  (cost=0.00..67604.59 rows=485477 width=0) (actual time=0.018..979.660 rows=479601 loops=1)
  Filter: (production_year < 1978)
  Rows Removed by Filter: 2048711
Planning time: 0.330 ms
Execution time: 1043.078 ms
