Hash Join  (cost=172194.18..687105.21 rows=3290010 width=0) (actual time=5061.671..28126.619 rows=47622938 loops=1)
  Hash Cond: (mi.movie_id = t.id)
  ->  Seq Scan on movie_info mi  (cost=0.00..309384.22 rows=14739122 width=4) (actual time=0.014..5938.357 rows=14835720 loops=1)
  ->  Hash  (cost=162934.08..162934.08 rows=564408 width=8) (actual time=4095.656..4095.656 rows=1002640 loops=1)
        Buckets: 131072 (originally 131072)  Batches: 16 (originally 8)  Memory Usage: 3539kB
        ->  Hash Join  (cost=78556.72..162934.08 rows=564408 width=8) (actual time=1508.209..3775.785 rows=1002640 loops=1)
              Hash Cond: (mc.movie_id = t.id)
              ->  Seq Scan on movie_companies mc  (cost=0.00..51404.11 rows=2137910 width=4) (actual time=0.011..1042.845 rows=2133735 loops=1)
                    Filter: (company_id < 75641)
                    Rows Removed by Filter: 475394
              ->  Hash  (cost=67604.59..67604.59 rows=667531 width=4) (actual time=1308.274..1308.274 rows=662825 loops=1)
                    Buckets: 131072  Batches: 16  Memory Usage: 2476kB
                    ->  Seq Scan on title t  (cost=0.00..67604.59 rows=667531 width=4) (actual time=0.013..1100.788 rows=662825 loops=1)
                          Filter: (kind_id = 1)
                          Rows Removed by Filter: 1865487
Planning time: 2.389 ms
Execution time: 33493.133 ms
