Hash Join  (cost=94699.36..149406.76 rows=4188 width=0) (actual time=1639.137..2809.164 rows=40187 loops=1)
  Hash Cond: (mc.movie_id = t.id)
  ->  Seq Scan on movie_companies mc  (cost=0.00..44881.29 rows=2609129 width=4) (actual time=0.026..613.832 rows=2609129 loops=1)
  ->  Hash  (cost=94648.62..94648.62 rows=4059 width=8) (actual time=1638.650..1638.650 rows=14660 loops=1)
        Buckets: 16384 (originally 4096)  Batches: 1 (originally 1)  Memory Usage: 701kB
        ->  Hash Join  (cost=67697.55..94648.62 rows=4059 width=8) (actual time=1053.327..1632.980 rows=14660 loops=1)
              Hash Cond: (mi_idx.movie_id = t.id)
              ->  Seq Scan on movie_info_idx mi_idx  (cost=0.00..21735.35 rows=1380035 width=4) (actual time=0.018..274.493 rows=1380035 loops=1)
              ->  Hash  (cost=67604.59..67604.59 rows=7437 width=4) (actual time=1053.026..1053.026 rows=18391 loops=1)
                    Buckets: 32768 (originally 8192)  Batches: 1 (originally 1)  Memory Usage: 903kB
                    ->  Seq Scan on title t  (cost=0.00..67604.59 rows=7437 width=4) (actual time=0.078..1044.557 rows=18391 loops=1)
                          Filter: (production_year = 1985)
                          Rows Removed by Filter: 2509921
Planning time: 1.193 ms
Execution time: 2814.840 ms
