Hash Join  (cost=428259.44..1180280.13 rows=123148 width=0) (actual time=6191.820..22455.267 rows=220707 loops=1)
  Hash Cond: (ci.movie_id = t.id)
  ->  Seq Scan on cast_info ci  (cost=0.00..614943.12 rows=36225612 width=4) (actual time=0.013..8437.277 rows=36244344 loops=1)
  ->  Hash  (cost=428151.99..428151.99 rows=8596 width=8) (actual time=6191.593..6191.593 rows=9158 loops=1)
        Buckets: 16384  Batches: 1  Memory Usage: 486kB
        ->  Hash Join  (cost=74056.90..428151.99 rows=8596 width=8) (actual time=3571.440..6187.995 rows=9158 loops=1)
              Hash Cond: (mi.movie_id = t.id)
              ->  Seq Scan on movie_info mi  (cost=0.00..346232.03 rows=2073893 width=4) (actual time=2394.622..4936.380 rows=2091068 loops=1)
                    Filter: (info_type_id < 3)
                    Rows Removed by Filter: 12744652
              ->  Hash  (cost=73925.90..73925.90 rows=10480 width=4) (actual time=975.234..975.234 rows=5587 loops=1)
                    Buckets: 16384  Batches: 1  Memory Usage: 325kB
                    ->  Seq Scan on title t  (cost=0.00..73925.90 rows=10480 width=4) (actual time=0.077..972.560 rows=5587 loops=1)
                          Filter: ((kind_id = 1) AND (production_year = 1995))
                          Rows Removed by Filter: 2522725
Planning time: 1.186 ms
Execution time: 22490.884 ms
