Hash Join  (cost=234104.49..1033825.32 rows=2301074 width=0) (actual time=11398.055..25469.774 rows=14222289 loops=1)
  Hash Cond: (ci.movie_id = t.id)
  ->  Seq Scan on cast_info ci  (cost=0.00..705507.15 rows=5820248 width=4) (actual time=6475.133..13539.628 rows=5732694 loops=1)
        Filter: (role_id > 8)
        Rows Removed by Filter: 30511650
  ->  Hash  (cost=217703.62..217703.62 rows=999670 width=8) (actual time=4921.542..4921.542 rows=1008961 loops=1)
        Buckets: 131072  Batches: 16  Memory Usage: 3542kB
        ->  Hash Join  (cost=102767.86..217703.62 rows=999670 width=8) (actual time=1918.065..4637.439 rows=1008961 loops=1)
              Hash Cond: (mk.movie_id = t.id)
              ->  Seq Scan on movie_keyword mk  (cost=0.00..81003.12 rows=999670 width=4) (actual time=0.039..1558.659 rows=1008961 loops=1)
                    Filter: (keyword_id > 18168)
                    Rows Removed by Filter: 3514969
              ->  Hash  (cost=61283.27..61283.27 rows=2528527 width=4) (actual time=1916.630..1916.630 rows=2528312 loops=1)
                    Buckets: 131072  Batches: 64  Memory Usage: 2425kB
                    ->  Seq Scan on title t  (cost=0.00..61283.27 rows=2528527 width=4) (actual time=0.021..1063.890 rows=2528312 loops=1)
Planning time: 1.177 ms
Execution time: 27029.033 ms
