Hash Join  (cost=83198.94..159663.26 rows=264540 width=0) (actual time=1557.961..3419.765 rows=446748 loops=1)
  Hash Cond: (mc.movie_id = t.id)
  ->  Seq Scan on movie_companies mc  (cost=0.00..57926.93 rows=1183461 width=4) (actual time=0.010..1105.625 rows=1045270 loops=1)
        Filter: ((company_id < 94992) AND (company_type_id = 2))
        Rows Removed by Filter: 1563859
  ->  Hash  (cost=73925.90..73925.90 rows=565203 width=4) (actual time=1557.086..1557.086 rows=641785 loops=1)
        Buckets: 131072  Batches: 8  Memory Usage: 3862kB
        ->  Seq Scan on title t  (cost=0.00..73925.90 rows=565203 width=4) (actual time=0.016..1361.528 rows=641785 loops=1)
              Filter: ((kind_id < 7) AND (production_year < 2006))
              Rows Removed by Filter: 1886527
Planning time: 2.297 ms
Execution time: 3473.257 ms
