Hash Join  (cost=77347.14..192442.04 rows=221510 width=0) (actual time=1314.845..4093.716 rows=295578 loops=1)
  Hash Cond: (mk.movie_id = t.id)
  ->  Seq Scan on movie_keyword mk  (cost=0.00..81003.12 rows=2686312 width=4) (actual time=0.026..1519.775 rows=2677644 loops=1)
        Filter: (keyword_id > 3065)
        Rows Removed by Filter: 1846286
  ->  Hash  (cost=73925.90..73925.90 rows=208499 width=4) (actual time=1313.847..1313.847 rows=182393 loops=1)
        Buckets: 131072  Batches: 4  Memory Usage: 2634kB
        ->  Seq Scan on title t  (cost=0.00..73925.90 rows=208499 width=4) (actual time=530.432..1248.710 rows=182393 loops=1)
              Filter: ((production_year > 2007) AND (kind_id = 1))
              Rows Removed by Filter: 2345919
Planning time: 4.854 ms
Execution time: 4120.705 ms
