Hash Join  (cost=74434.21..161819.78 rows=72754 width=0) (actual time=1981.350..3083.933 rows=8805 loops=1)
  Hash Cond: (mk.movie_id = t.id)
  ->  Seq Scan on movie_keyword mk  (cost=0.00..69693.30 rows=4523930 width=4) (actual time=0.021..1096.254 rows=4523930 loops=1)
  ->  Hash  (cost=73925.90..73925.90 rows=40664 width=4) (actual time=1113.022..1113.022 rows=40257 loops=1)
        Buckets: 65536  Batches: 1  Memory Usage: 1928kB
        ->  Seq Scan on title t  (cost=0.00..73925.90 rows=40664 width=4) (actual time=0.024..1095.780 rows=40257 loops=1)
              Filter: ((production_year > 2012) AND (kind_id = 7))
              Rows Removed by Filter: 2488055
Planning time: 0.755 ms
Execution time: 3085.314 ms
