Hash Join  (cost=69928.56..191543.86 rows=185050 width=0) (actual time=1034.167..3624.790 rows=132779 loops=1)
  Hash Cond: (mk.movie_id = t.id)
  ->  Seq Scan on movie_keyword mk  (cost=0.00..81003.12 rows=3304446 width=4) (actual time=0.015..1629.189 rows=3295557 loops=1)
        Filter: (keyword_id > 1556)
        Rows Removed by Filter: 1228373
  ->  Hash  (cost=67604.59..67604.59 rows=141598 width=4) (actual time=1032.664..1032.664 rows=141703 loops=1)
        Buckets: 131072  Batches: 2  Memory Usage: 3517kB
        ->  Seq Scan on title t  (cost=0.00..67604.59 rows=141598 width=4) (actual time=0.027..969.484 rows=141703 loops=1)
              Filter: (production_year = 2010)
              Rows Removed by Filter: 2386609
Planning time: 0.787 ms
Execution time: 3639.192 ms
