Hash Join  (cost=477754.65..561283.05 rows=614988 width=0) (actual time=8270.973..10677.715 rows=768403 loops=1)
  Hash Cond: (mc.movie_id = t.id)
  ->  Seq Scan on movie_companies mc  (cost=0.00..44881.29 rows=2609129 width=4) (actual time=0.023..923.377 rows=2609129 loops=1)
  ->  Hash  (cost=467975.79..467975.79 rows=595989 width=8) (actual time=8270.070..8270.070 rows=359100 loops=1)
        Buckets: 131072  Batches: 8  Memory Usage: 2771kB
        ->  Hash Join  (cost=98137.04..467975.79 rows=595989 width=8) (actual time=4079.046..8152.533 rows=359100 loops=1)
              Hash Cond: (mi.movie_id = t.id)
              ->  Seq Scan on movie_info mi  (cost=0.00..346232.03 rows=809768 width=4) (actual time=2172.656..5362.426 rows=802140 loops=1)
                    Filter: (info_type_id < 2)
                    Rows Removed by Filter: 14033580
              ->  Hash  (cost=67604.59..67604.59 rows=1860996 width=4) (actual time=1905.486..1905.486 rows=1865487 loops=1)
                    Buckets: 131072  Batches: 32  Memory Usage: 3085kB
                    ->  Seq Scan on title t  (cost=0.00..67604.59 rows=1860996 width=4) (actual time=0.034..1295.853 rows=1865487 loops=1)
                          Filter: (kind_id > 1)
                          Rows Removed by Filter: 662825
Planning time: 1.157 ms
Execution time: 10776.572 ms
