Hash Join  (cost=98137.04..174517.65 rows=645995 width=0) (actual time=1911.664..3733.977 rows=363299 loops=1)
  Hash Cond: (mc.movie_id = t.id)
  ->  Seq Scan on movie_companies mc  (cost=0.00..51404.11 rows=877710 width=4) (actual time=0.021..936.554 rows=884316 loops=1)
        Filter: (company_id > 22533)
        Rows Removed by Filter: 1724813
  ->  Hash  (cost=67604.59..67604.59 rows=1860996 width=4) (actual time=1909.292..1909.292 rows=1865487 loops=1)
        Buckets: 131072  Batches: 32  Memory Usage: 3079kB
        ->  Seq Scan on title t  (cost=0.00..67604.59 rows=1860996 width=4) (actual time=0.016..1302.007 rows=1865487 loops=1)
              Filter: (kind_id > 1)
              Rows Removed by Filter: 662825
Planning time: 0.725 ms
Execution time: 3777.461 ms
