Hash Join  (cost=77854.63..205076.23 rows=428356 width=0) (actual time=3090.422..4389.799 rows=84368 loops=1)
  Hash Cond: (mk.movie_id = t.id)
  ->  Seq Scan on movie_keyword mk  (cost=0.00..69693.30 rows=4523930 width=4) (actual time=0.019..1479.800 rows=4523930 loops=1)
  ->  Hash  (cost=73925.90..73925.90 rows=239418 width=4) (actual time=1258.737..1258.737 rows=256906 loops=1)
        Buckets: 131072  Batches: 4  Memory Usage: 3302kB
        ->  Seq Scan on title t  (cost=0.00..73925.90 rows=239418 width=4) (actual time=0.022..1169.673 rows=256906 loops=1)
              Filter: ((production_year > 2010) AND (kind_id = 7))
              Rows Removed by Filter: 2271406
Planning time: 0.879 ms
Execution time: 4399.827 ms
