Nested Loop  (cost=0.43..52283.95 rows=1 width=0) (actual time=649.201..921.695 rows=1 loops=1)
  ->  Seq Scan on movie_companies mc  (cost=0.00..51404.11 rows=104 width=4) (actual time=1.483..901.793 rows=441 loops=1)
        Filter: (company_id = 12432)
        Rows Removed by Filter: 2608688
  ->  Index Scan using title_pkey on title t  (cost=0.43..8.45 rows=1 width=4) (actual time=0.044..0.044 rows=0 loops=441)
        Index Cond: (id = mc.movie_id)
        Filter: (production_year = 1974)
        Rows Removed by Filter: 1
Planning time: 0.585 ms
Execution time: 921.782 ms
