Hash Join  (cost=180689.04..1315753.64 rows=9857344 width=0) (actual time=4308.300..45516.060 rows=39316074 loops=1)
  Hash Cond: (ci.movie_id = t.id)
  ->  Seq Scan on cast_info ci  (cost=0.00..614943.12 rows=36225612 width=4) (actual time=0.015..13729.961 rows=36244344 loops=1)
  ->  Hash  (cost=169400.57..169400.57 rows=688037 width=8) (actual time=4307.181..4307.181 rows=1042050 loops=1)
        Buckets: 131072  Batches: 16  Memory Usage: 3543kB
        ->  Hash Join  (cost=84865.68..169400.57 rows=688037 width=8) (actual time=1399.979..3998.698 rows=1042050 loops=1)
              Hash Cond: (mc.movie_id = t.id)
              ->  Seq Scan on movie_companies mc  (cost=0.00..44881.29 rows=2609129 width=4) (actual time=0.023..980.025 rows=2609129 loops=1)
              ->  Hash  (cost=73925.90..73925.90 rows=666782 width=4) (actual time=1398.796..1398.796 rows=566088 loops=1)
                    Buckets: 131072  Batches: 16  Memory Usage: 2264kB
                    ->  Seq Scan on title t  (cost=0.00..73925.90 rows=666782 width=4) (actual time=0.015..1223.474 rows=566088 loops=1)
                          Filter: ((kind_id < 7) AND (production_year > 1992))
                          Rows Removed by Filter: 1962224
Planning time: 1.394 ms
Execution time: 49760.464 ms
