Hash Join  (cost=160526.42..974087.70 rows=317320 width=0) (actual time=3967.459..16367.331 rows=237204 loops=1)
  Hash Cond: (ci.movie_id = t.id)
  ->  Seq Scan on cast_info ci  (cost=0.00..796071.18 rows=954106 width=4) (actual time=0.016..11787.917 rows=468527 loops=1)
        Filter: ((person_id < 338701) AND (role_id > 4))
        Rows Removed by Filter: 35775817
  ->  Hash  (cost=146729.58..146729.58 rows=840947 width=8) (actual time=3966.550..3966.550 rows=425718 loops=1)
        Buckets: 131072  Batches: 16  Memory Usage: 2062kB
        ->  Hash Join  (cost=92883.59..146729.58 rows=840947 width=8) (actual time=2383.456..3850.756 rows=425718 loops=1)
              Hash Cond: (mi_idx.movie_id = t.id)
              ->  Seq Scan on movie_info_idx mi_idx  (cost=0.00..21735.35 rows=1380035 width=4) (actual time=0.019..493.853 rows=1380035 loops=1)
              ->  Hash  (cost=67604.59..67604.59 rows=1540800 width=4) (actual time=2382.353..2382.353 rows=1543264 loops=1)
                    Buckets: 131072  Batches: 32  Memory Usage: 2722kB
                    ->  Seq Scan on title t  (cost=0.00..67604.59 rows=1540800 width=4) (actual time=245.053..1324.735 rows=1543264 loops=1)
                          Filter: (kind_id = 7)
                          Rows Removed by Filter: 985048
Planning time: 1.231 ms
Execution time: 16396.475 ms
