Hash Join  (cost=154654.97..968476.28 rows=18487 width=0) (actual time=2291.022..15728.045 rows=455522 loops=1)
  Hash Cond: (ci.movie_id = t.id)
  ->  Seq Scan on cast_info ci  (cost=0.00..796071.18 rows=3513052 width=4) (actual time=339.062..12378.551 rows=6737310 loops=1)
        Filter: ((person_id > 2312424) AND (role_id > 4))
        Rows Removed by Filter: 29507034
  ->  Hash  (cost=154488.65..154488.65 rows=13306 width=8) (actual time=1951.719..1951.719 rows=48353 loops=1)
        Buckets: 65536 (originally 16384)  Batches: 1 (originally 1)  Memory Usage: 2401kB
        ->  Hash Join  (cost=67697.55..154488.65 rows=13306 width=8) (actual time=943.760..1941.498 rows=48353 loops=1)
              Hash Cond: (mk.movie_id = t.id)
              ->  Seq Scan on movie_keyword mk  (cost=0.00..69693.30 rows=4523930 width=4) (actual time=0.025..480.487 rows=4523930 loops=1)
              ->  Hash  (cost=67604.59..67604.59 rows=7437 width=4) (actual time=943.405..943.405 rows=19861 loops=1)
                    Buckets: 32768 (originally 8192)  Batches: 1 (originally 1)  Memory Usage: 955kB
                    ->  Seq Scan on title t  (cost=0.00..67604.59 rows=7437 width=4) (actual time=0.082..934.934 rows=19861 loops=1)
                          Filter: (production_year = 1988)
                          Rows Removed by Filter: 2508451
Planning time: 1.288 ms
Execution time: 15773.973 ms
