Hash Join  (cost=194170.93..238833.38 rows=406197 width=0) (actual time=4186.330..5667.507 rows=1193518 loops=1)
  Hash Cond: (mi_idx.movie_id = t.id)
  ->  Seq Scan on movie_info_idx mi_idx  (cost=0.00..21735.35 rows=1380035 width=4) (actual time=0.013..481.849 rows=1380035 loops=1)
  ->  Hash  (cost=181959.90..181959.90 rows=744242 width=8) (actual time=4185.362..4185.362 rows=738251 loops=1)
        Buckets: 131072  Batches: 16  Memory Usage: 2822kB
        ->  Hash Join  (cost=102767.86..181959.90 rows=744242 width=8) (actual time=1977.852..3977.491 rows=738251 loops=1)
              Hash Cond: (mc.movie_id = t.id)
              ->  Seq Scan on movie_companies mc  (cost=0.00..51404.11 rows=744242 width=4) (actual time=0.009..987.059 rows=738251 loops=1)
                    Filter: (company_id < 1451)
                    Rows Removed by Filter: 1870878
              ->  Hash  (cost=61283.27..61283.27 rows=2528527 width=4) (actual time=1975.519..1975.519 rows=2528312 loops=1)
                    Buckets: 131072  Batches: 64  Memory Usage: 2415kB
                    ->  Seq Scan on title t  (cost=0.00..61283.27 rows=2528527 width=4) (actual time=0.017..1141.715 rows=2528312 loops=1)
Planning time: 0.755 ms
Execution time: 5803.862 ms
