Hash Join  (cost=73962.22..100888.56 rows=1586 width=0) (actual time=1201.713..1726.950 rows=3982 loops=1)
  Hash Cond: (mi_idx.movie_id = t.id)
  ->  Seq Scan on movie_info_idx mi_idx  (cost=0.00..21735.35 rows=1380035 width=4) (actual time=0.022..270.550 rows=1380035 loops=1)
  ->  Hash  (cost=73925.90..73925.90 rows=2905 width=4) (actual time=1198.952..1198.952 rows=3427 loops=1)
        Buckets: 4096  Batches: 1  Memory Usage: 153kB
        ->  Seq Scan on title t  (cost=0.00..73925.90 rows=2905 width=4) (actual time=0.686..1197.148 rows=3427 loops=1)
              Filter: ((kind_id < 7) AND (production_year = 1956))
              Rows Removed by Filter: 2524885
Planning time: 0.762 ms
Execution time: 1727.685 ms
