Hash Join  (cost=78556.72..1190702.58 rows=5826784 width=0) (actual time=1469.931..33756.631 rows=6996839 loops=1)
  Hash Cond: (ci.movie_id = t.id)
  ->  Seq Scan on cast_info ci  (cost=0.00..796071.18 rows=22071156 width=4) (actual time=0.024..18461.473 rows=24295562 loops=1)
        Filter: ((person_id < 2617060) AND (role_id < 10))
        Rows Removed by Filter: 11948782
  ->  Hash  (cost=67604.59..67604.59 rows=667531 width=4) (actual time=1468.345..1468.345 rows=662825 loops=1)
        Buckets: 131072  Batches: 16  Memory Usage: 2476kB
        ->  Seq Scan on title t  (cost=0.00..67604.59 rows=667531 width=4) (actual time=25.796..1215.977 rows=662825 loops=1)
              Filter: (kind_id = 1)
              Rows Removed by Filter: 1865487
Planning time: 2.062 ms
Execution time: 34528.520 ms
