Hash Join  (cost=88295.76..211923.40 rows=1136021 width=0) (actual time=5116.649..12296.749 rows=867178 loops=1)
  Hash Cond: (mk.movie_id = t.id)
  ->  Seq Scan on movie_keyword mk  (cost=0.00..81003.12 rows=2277681 width=4) (actual time=0.016..4990.637 rows=2274931 loops=1)
        Filter: (keyword_id > 4629)
        Rows Removed by Filter: 2248999
  ->  Hash  (cost=67604.59..67604.59 rows=1261134 width=4) (actual time=5111.727..5111.727 rows=1260295 loops=1)
        Buckets: 131072  Batches: 32  Memory Usage: 2421kB
        ->  Seq Scan on title t  (cost=0.00..67604.59 rows=1261134 width=4) (actual time=0.027..4520.716 rows=1260295 loops=1)
              Filter: (production_year > 2002)
              Rows Removed by Filter: 1268017
Planning time: 0.843 ms
Execution time: 12410.786 ms
