Seq Scan on movie_keyword mk  (cost=0.00..81003.12 rows=246 width=0) (actual time=0.270..3722.844 rows=2215 loops=1)
  Filter: (keyword_id = 486)
  Rows Removed by Filter: 4521715
Planning time: 19.702 ms
Execution time: 3723.710 ms
