Seq Scan on cast_info ci  (cost=0.00..796071.18 rows=224 width=0) (actual time=2415.625..13236.586 rows=339 loops=1)
  Filter: ((role_id > 2) AND (person_id = 3763199))
  Rows Removed by Filter: 36244005
Planning time: 0.406 ms
Execution time: 13236.747 ms
