Hash Join  (cost=83073.49..447735.01 rows=560 width=0) (actual time=2823.170..18993.778 rows=6907 loops=1)
  Hash Cond: (mi.movie_id = t.id)
  ->  Seq Scan on movie_info mi  (cost=0.00..309384.22 rows=14739122 width=4) (actual time=0.022..12978.939 rows=14835720 loops=1)
  ->  Hash  (cost=83072.29..83072.29 rows=96 width=8) (actual time=2822.350..2822.350 rows=74 loops=1)
        Buckets: 1024  Batches: 1  Memory Usage: 11kB
        ->  Nested Loop  (cost=0.43..83072.29 rows=96 width=8) (actual time=38.694..2822.218 rows=74 loops=1)
              ->  Seq Scan on movie_keyword mk  (cost=0.00..81003.12 rows=246 width=4) (actual time=38.642..2813.282 rows=86 loops=1)
                    Filter: (keyword_id = 695)
                    Rows Removed by Filter: 4523844
              ->  Index Scan using title_pkey on title t  (cost=0.43..8.40 rows=1 width=4) (actual time=0.098..0.099 rows=1 loops=86)
                    Index Cond: (id = mk.movie_id)
                    Filter: (kind_id < 7)
                    Rows Removed by Filter: 0
Planning time: 1.410 ms
Execution time: 18995.418 ms
