Nested Loop  (cost=0.43..83072.90 rows=58 width=0) (actual time=465.374..3613.837 rows=1 loops=1)
  ->  Seq Scan on movie_keyword mk  (cost=0.00..81003.12 rows=246 width=4) (actual time=18.561..3612.862 rows=19 loops=1)
        Filter: (keyword_id = 42256)
        Rows Removed by Filter: 4523911
  ->  Index Scan using title_pkey on title t  (cost=0.43..8.40 rows=1 width=4) (actual time=0.046..0.046 rows=0 loops=19)
        Index Cond: (id = mk.movie_id)
        Filter: ((production_year < 1999) AND (kind_id = 7))
        Rows Removed by Filter: 1
Planning time: 0.530 ms
Execution time: 3613.920 ms
