Hash Join  (cost=129250.99..495017.66 rows=111074 width=0) (actual time=6958.264..28695.987 rows=528329 loops=1)
  Hash Cond: (mi.movie_id = t.id)
  ->  Seq Scan on movie_info mi  (cost=0.00..309384.22 rows=14739122 width=4) (actual time=0.017..16973.114 rows=14835720 loops=1)
  ->  Hash  (cost=129012.80..129012.80 rows=19055 width=8) (actual time=6880.117..6880.117 rows=28205 loops=1)
        Buckets: 32768  Batches: 1  Memory Usage: 1358kB
        ->  Hash Join  (cost=74156.73..129012.80 rows=19055 width=8) (actual time=3308.234..6869.832 rows=28205 loops=1)
              Hash Cond: (mc.movie_id = t.id)
              ->  Seq Scan on movie_companies mc  (cost=0.00..44881.29 rows=2609129 width=4) (actual time=0.023..2807.057 rows=2609129 loops=1)
              ->  Hash  (cost=73925.90..73925.90 rows=18466 width=4) (actual time=3307.768..3307.768 rows=14332 loops=1)
                    Buckets: 32768  Batches: 1  Memory Usage: 760kB
                    ->  Seq Scan on title t  (cost=0.00..73925.90 rows=18466 width=4) (actual time=198.918..3301.047 rows=14332 loops=1)
                          Filter: ((production_year < 1980) AND (kind_id = 2))
                          Rows Removed by Filter: 2513980
Planning time: 1.077 ms
Execution time: 28793.415 ms
