Hash Join  (cost=709678.15..736591.36 rows=273 width=0) (actual time=10970.282..11537.599 rows=45 loops=1)
  Hash Cond: (mi_idx.movie_id = t.id)
  ->  Seq Scan on movie_info_idx mi_idx  (cost=0.00..21735.35 rows=1380035 width=4) (actual time=0.019..323.996 rows=1380035 loops=1)
  ->  Hash  (cost=709671.90..709671.90 rows=500 width=8) (actual time=10961.975..10961.975 rows=198 loops=1)
        Buckets: 1024  Batches: 1  Memory Usage: 16kB
        ->  Nested Loop  (cost=0.43..709671.90 rows=500 width=8) (actual time=1077.662..10961.880 rows=198 loops=1)
              ->  Seq Scan on cast_info ci  (cost=0.00..705507.15 rows=500 width=4) (actual time=1077.576..10945.784 rows=198 loops=1)
                    Filter: (person_id = 2448656)
                    Rows Removed by Filter: 36244146
              ->  Index Only Scan using title_pkey on title t  (cost=0.43..8.32 rows=1 width=4) (actual time=0.080..0.080 rows=1 loops=198)
                    Index Cond: (id = ci.movie_id)
                    Heap Fetches: 198
Planning time: 3.046 ms
Execution time: 11537.704 ms
