Seq Scan on movie_keyword mk  (cost=0.00..81003.12 rows=246 width=0) (actual time=0.157..3666.083 rows=1632 loops=1)
  Filter: (keyword_id = 5831)
  Rows Removed by Filter: 4522298
Planning time: 0.420 ms
Execution time: 3666.769 ms
