Hash Join  (cost=102767.86..916040.07 rows=304310 width=0) (actual time=7588.507..32867.840 rows=291437 loops=1)
  Hash Cond: (ci.movie_id = t.id)
  ->  Seq Scan on cast_info ci  (cost=0.00..796071.18 rows=304310 width=4) (actual time=2227.215..26734.489 rows=291437 loops=1)
        Filter: ((person_id < 35700) AND (role_id < 9))
        Rows Removed by Filter: 35952907
  ->  Hash  (cost=61283.27..61283.27 rows=2528527 width=4) (actual time=5359.769..5359.769 rows=2528312 loops=1)
        Buckets: 131072  Batches: 64  Memory Usage: 2415kB
        ->  Seq Scan on title t  (cost=0.00..61283.27 rows=2528527 width=4) (actual time=0.022..4305.177 rows=2528312 loops=1)
Planning time: 0.783 ms
Execution time: 32913.894 ms
