Hash Join  (cost=238643.10..1613815.00 rows=28822772 width=0) (actual time=5556.916..57418.521 rows=64309671 loops=1)
  Hash Cond: (ci.movie_id = t.id)
  ->  Seq Scan on cast_info ci  (cost=0.00..614943.12 rows=36225612 width=4) (actual time=0.025..13503.903 rows=36244344 loops=1)
  ->  Hash  (cost=205636.44..205636.44 rows=2011813 width=8) (actual time=5555.461..5555.461 rows=1744631 loops=1)
        Buckets: 131072  Batches: 32  Memory Usage: 3122kB
        ->  Hash Join  (cost=99591.38..205636.44 rows=2011813 width=8) (actual time=1916.052..5064.011 rows=1744631 loops=1)
              Hash Cond: (mc.movie_id = t.id)
              ->  Seq Scan on movie_companies mc  (cost=0.00..44881.29 rows=2609129 width=4) (actual time=0.021..903.553 rows=2609129 loops=1)
              ->  Hash  (cost=67604.59..67604.59 rows=1949663 width=4) (actual time=1914.417..1914.417 rows=1947263 loops=1)
                    Buckets: 131072  Batches: 32  Memory Usage: 3171kB
                    ->  Seq Scan on title t  (cost=0.00..67604.59 rows=1949663 width=4) (actual time=0.015..1315.296 rows=1947263 loops=1)
                          Filter: (production_year > 1979)
                          Rows Removed by Filter: 581049
Planning time: 1.157 ms
Execution time: 65522.296 ms
