Seq Scan on movie_keyword mk  (cost=0.00..81003.12 rows=2073024 width=0) (actual time=0.032..3872.891 rows=2072926 loops=1)
  Filter: (keyword_id > 5852)
  Rows Removed by Filter: 2451004
Planning time: 9.411 ms
Execution time: 4185.272 ms
