Hash Join  (cost=83073.66..137739.82 rows=63 width=0) (actual time=4173.624..7696.591 rows=5057 loops=1)
  Hash Cond: (mc.movie_id = t.id)
  ->  Seq Scan on movie_companies mc  (cost=0.00..44881.29 rows=2609129 width=4) (actual time=0.017..2808.262 rows=2609129 loops=1)
  ->  Hash  (cost=83072.90..83072.90 rows=61 width=8) (actual time=4173.455..4173.455 rows=2763 loops=1)
        Buckets: 4096 (originally 1024)  Batches: 1 (originally 1)  Memory Usage: 140kB
        ->  Nested Loop  (cost=0.43..83072.90 rows=61 width=8) (actual time=98.726..4171.464 rows=2763 loops=1)
              ->  Seq Scan on movie_keyword mk  (cost=0.00..81003.12 rows=246 width=4) (actual time=0.433..3567.513 rows=4196 loops=1)
                    Filter: (keyword_id = 1578)
                    Rows Removed by Filter: 4519734
              ->  Index Scan using title_pkey on title t  (cost=0.43..8.40 rows=1 width=4) (actual time=0.143..0.143 rows=1 loops=4196)
                    Index Cond: (id = mk.movie_id)
                    Filter: ((kind_id < 7) AND (production_year > 1995))
                    Rows Removed by Filter: 0
Planning time: 1.064 ms
Execution time: 7697.705 ms
