Hash Join  (cost=83074.74..144679.20 rows=95 width=0) (actual time=1474.950..2783.031 rows=859 loops=1)
  Hash Cond: (mc.movie_id = t.id)
  ->  Seq Scan on movie_companies mc  (cost=0.00..57926.93 rows=980420 width=4) (actual time=80.379..1208.410 rows=1141984 loops=1)
        Filter: ((company_id > 1129) AND (company_type_id > 1))
        Rows Removed by Filter: 1467145
  ->  Hash  (cost=83071.67..83071.67 rows=246 width=8) (actual time=1391.943..1391.943 rows=437 loops=1)
        Buckets: 1024  Batches: 1  Memory Usage: 26kB
        ->  Nested Loop  (cost=0.43..83071.67 rows=246 width=8) (actual time=1.921..1391.531 rows=437 loops=1)
              ->  Seq Scan on movie_keyword mk  (cost=0.00..81003.12 rows=246 width=4) (actual time=1.857..1376.882 rows=437 loops=1)
                    Filter: (keyword_id = 3163)
                    Rows Removed by Filter: 4523493
              ->  Index Only Scan using title_pkey on title t  (cost=0.43..8.40 rows=1 width=4) (actual time=0.031..0.031 rows=1 loops=437)
                    Index Cond: (id = mk.movie_id)
                    Heap Fetches: 437
Planning time: 1.180 ms
Execution time: 2783.331 ms
