Hash Join  (cost=145612.27..632678.49 rows=680429 width=0) (actual time=5462.092..33191.840 rows=3503853 loops=1)
  Hash Cond: (mi.movie_id = t.id)
  ->  Seq Scan on movie_info mi  (cost=0.00..309384.22 rows=14739122 width=4) (actual time=0.008..19236.342 rows=14835720 loops=1)
  ->  Hash  (cost=143697.16..143697.16 rows=116729 width=8) (actual time=5460.086..5460.086 rows=109867 loops=1)
        Buckets: 131072  Batches: 2  Memory Usage: 3177kB
        ->  Hash Join  (cost=83810.17..143697.16 rows=116729 width=8) (actual time=2911.171..5419.294 rows=109867 loops=1)
              Hash Cond: (mc.movie_id = t.id)
              ->  Seq Scan on movie_companies mc  (cost=0.00..51404.11 rows=298821 width=4) (actual time=0.016..2147.727 rows=292877 loops=1)
                    Filter: (company_id < 160)
                    Rows Removed by Filter: 2316252
              ->  Hash  (cost=67604.59..67604.59 rows=987727 width=4) (actual time=2909.530..2909.530 rows=985048 loops=1)
                    Buckets: 131072  Batches: 16  Memory Usage: 3188kB
                    ->  Seq Scan on title t  (cost=0.00..67604.59 rows=987727 width=4) (actual time=0.010..2540.258 rows=985048 loops=1)
                          Filter: (kind_id < 7)
                          Rows Removed by Filter: 1543264
Planning time: 1.172 ms
Execution time: 33750.176 ms
