Hash Join  (cost=102767.86..1064193.75 rows=6461336 width=0) (actual time=5104.329..54828.365 rows=8696633 loops=1)
  Hash Cond: (ci.movie_id = t.id)
  ->  Seq Scan on cast_info ci  (cost=0.00..796071.18 rows=6461336 width=4) (actual time=0.018..41134.630 rows=8696633 loops=1)
        Filter: ((person_id > 1672540) AND (role_id > 3))
        Rows Removed by Filter: 27547711
  ->  Hash  (cost=61283.27..61283.27 rows=2528527 width=4) (actual time=5102.144..5102.144 rows=2528312 loops=1)
        Buckets: 131072  Batches: 64  Memory Usage: 2415kB
        ->  Seq Scan on title t  (cost=0.00..61283.27 rows=2528527 width=4) (actual time=0.025..4084.208 rows=2528312 loops=1)
Planning time: 0.761 ms
Execution time: 56023.493 ms
