Hash Join  (cost=102767.86..178084.32 rows=312094 width=0) (actual time=5947.530..9593.752 rows=453454 loops=1)
  Hash Cond: (mc.movie_id = t.id)
  ->  Seq Scan on movie_companies mc  (cost=0.00..57926.93 rows=312094 width=4) (actual time=191.636..3045.072 rows=453454 loops=1)
        Filter: ((company_id < 834) AND (company_type_id = 1))
        Rows Removed by Filter: 2155675
  ->  Hash  (cost=61283.27..61283.27 rows=2528527 width=4) (actual time=5754.553..5754.553 rows=2528312 loops=1)
        Buckets: 131072  Batches: 64  Memory Usage: 2415kB
        ->  Seq Scan on title t  (cost=0.00..61283.27 rows=2528527 width=4) (actual time=0.028..4428.886 rows=2528312 loops=1)
Planning time: 0.751 ms
Execution time: 9649.144 ms
