Seq Scan on movie_keyword mk  (cost=0.00..81003.12 rows=6635 width=0) (actual time=0.717..1919.616 rows=6649 loops=1)
  Filter: (keyword_id = 500)
  Rows Removed by Filter: 4517281
Planning time: 0.428 ms
Execution time: 1921.164 ms
