Hash Join  (cost=900851.03..1385824.39 rows=484244 width=0) (actual time=42904.738..68908.553 rows=822216 loops=1)
  Hash Cond: (mi.movie_id = t.id)
  ->  Seq Scan on movie_info mi  (cost=0.00..309384.22 rows=14739122 width=4) (actual time=0.013..19071.430 rows=14835720 loops=1)
  ->  Hash  (cost=899487.61..899487.61 rows=83073 width=8) (actual time=42903.914..42903.914 rows=74206 loops=1)
        Buckets: 131072  Batches: 2  Memory Usage: 2484kB
        ->  Hash Join  (cost=75411.94..899487.61 rows=83073 width=8) (actual time=6131.563..42842.755 rows=74206 loops=1)
              Hash Cond: (ci.movie_id = t.id)
              ->  Seq Scan on cast_info ci  (cost=0.00..796071.18 rows=2319403 width=4) (actual time=2578.584..38302.546 rows=2071098 loops=1)
                    Filter: ((person_id < 3094701) AND (role_id = 4))
                    Rows Removed by Filter: 34173246
              ->  Hash  (cost=73925.90..73925.90 rows=90563 width=4) (actual time=3552.296..3552.296 rows=80990 loops=1)
                    Buckets: 131072  Batches: 2  Memory Usage: 2450kB
                    ->  Seq Scan on title t  (cost=0.00..73925.90 rows=90563 width=4) (actual time=0.088..3465.408 rows=80990 loops=1)
                          Filter: ((kind_id < 7) AND (production_year > 2011))
                          Rows Removed by Filter: 2447322
Planning time: 1.660 ms
Execution time: 69027.443 ms
