Hash Join  (cost=434140.13..493694.36 rows=32522 width=0) (actual time=21593.038..25626.213 rows=1228934 loops=1)
  Hash Cond: (mc.movie_id = t.id)
  ->  Seq Scan on movie_companies mc  (cost=0.00..51404.11 rows=2086640 width=4) (actual time=0.010..3116.433 rows=2081865 loops=1)
        Filter: (company_id < 72914)
        Rows Removed by Filter: 527264
  ->  Hash  (cost=433647.52..433647.52 rows=39409 width=8) (actual time=21592.605..21592.605 rows=57899 loops=1)
        Buckets: 65536  Batches: 1  Memory Usage: 2774kB
        ->  Hash Join  (cost=82776.67..433647.52 rows=39409 width=8) (actual time=4571.930..21566.729 rows=57899 loops=1)
              Hash Cond: (mi.movie_id = t.id)
              ->  Seq Scan on movie_info mi  (cost=0.00..346232.03 rows=184730 width=4) (actual time=62.053..16916.391 rows=180112 loops=1)
                    Filter: (info_type_id = 13)
                    Rows Removed by Filter: 14655608
              ->  Hash  (cost=73925.90..73925.90 rows=539421 width=4) (actual time=4454.411..4454.411 rows=459810 loops=1)
                    Buckets: 131072  Batches: 8  Memory Usage: 3048kB
                    ->  Seq Scan on title t  (cost=0.00..73925.90 rows=539421 width=4) (actual time=0.033..4272.818 rows=459810 loops=1)
                          Filter: ((kind_id < 7) AND (production_year > 2000))
                          Rows Removed by Filter: 2068502
Planning time: 1.202 ms
Execution time: 25810.945 ms
