Hash Join  (cost=229793.61..1395043.13 rows=12795735 width=0) (actual time=11132.602..90615.813 rows=37166027 loops=1)
  Hash Cond: (ci.movie_id = t.id)
  ->  Seq Scan on cast_info ci  (cost=0.00..614943.12 rows=36225612 width=4) (actual time=0.014..45470.145 rows=36244344 loops=1)
  ->  Hash  (cost=215140.43..215140.43 rows=893135 width=8) (actual time=11131.570..11131.570 rows=897710 loops=1)
        Buckets: 131072  Batches: 16  Memory Usage: 3243kB
        ->  Hash Join  (cost=102767.86..215140.43 rows=893135 width=8) (actual time=5514.128..10864.712 rows=897710 loops=1)
              Hash Cond: (mk.movie_id = t.id)
              ->  Seq Scan on movie_keyword mk  (cost=0.00..81003.12 rows=893135 width=4) (actual time=0.025..4100.694 rows=897710 loops=1)
                    Filter: (keyword_id < 850)
                    Rows Removed by Filter: 3626220
              ->  Hash  (cost=61283.27..61283.27 rows=2528527 width=4) (actual time=5512.586..5512.586 rows=2528312 loops=1)
                    Buckets: 131072  Batches: 64  Memory Usage: 2425kB
                    ->  Seq Scan on title t  (cost=0.00..61283.27 rows=2528527 width=4) (actual time=0.017..4365.015 rows=2528312 loops=1)
Planning time: 1.089 ms
Execution time: 95278.819 ms
