Hash Join  (cost=719034.50..2395313.07 rows=48183508 width=0) (actual time=29039.218..100243.515 rows=28352130 loops=1)
  Hash Cond: (ci.movie_id = t.id)
  ->  Seq Scan on cast_info ci  (cost=0.00..796071.18 rows=21098328 width=4) (actual time=0.021..49408.144 rows=19846364 loops=1)
        Filter: ((person_id < 3382911) AND (role_id > 1))
        Rows Removed by Filter: 16397980
  ->  Hash  (cost=624295.65..624295.65 rows=5774548 width=8) (actual time=29035.948..29035.948 rows=1950840 loops=1)
        Buckets: 131072  Batches: 128  Memory Usage: 1591kB
        ->  Hash Join  (cost=92883.59..624295.65 rows=5774548 width=8) (actual time=6074.519..28412.180 rows=1950840 loops=1)
              Hash Cond: (mi.movie_id = t.id)
              ->  Seq Scan on movie_info mi  (cost=0.00..346232.03 rows=9476311 width=4) (actual time=1627.782..17553.115 rows=9565151 loops=1)
                    Filter: (info_type_id < 16)
                    Rows Removed by Filter: 5270569
              ->  Hash  (cost=67604.59..67604.59 rows=1540800 width=4) (actual time=4445.879..4445.879 rows=1543264 loops=1)
                    Buckets: 131072  Batches: 32  Memory Usage: 2728kB
                    ->  Seq Scan on title t  (cost=0.00..67604.59 rows=1540800 width=4) (actual time=0.026..3857.044 rows=1543264 loops=1)
                          Filter: (kind_id = 7)
                          Rows Removed by Filter: 985048
Planning time: 1.303 ms
Execution time: 103756.661 ms
