Hash Join  (cost=186565.65..218690.29 rows=51153 width=0) (actual time=9983.976..11468.454 rows=232723 loops=1)
  Hash Cond: (mi_idx.movie_id = t.id)
  ->  Seq Scan on movie_info_idx mi_idx  (cost=0.00..25185.44 rows=460978 width=4) (actual time=0.019..1054.825 rows=459925 loops=1)
        Filter: (info_type_id = 99)
        Rows Removed by Filter: 920110
  ->  Hash  (cost=181961.38..181961.38 rows=280582 width=8) (actual time=9983.096..9983.096 rows=421952 loops=1)
        Buckets: 131072 (originally 131072)  Batches: 8 (originally 4)  Memory Usage: 3074kB
        ->  Hash Join  (cost=107928.35..181961.38 rows=280582 width=8) (actual time=6406.252..9861.488 rows=421952 loops=1)
              Hash Cond: (mc.movie_id = t.id)
              ->  Seq Scan on movie_companies mc  (cost=0.00..57926.93 rows=288654 width=4) (actual time=0.014..2763.571 rows=422831 loops=1)
                    Filter: ((company_id < 663) AND (company_type_id < 2))
                    Rows Removed by Filter: 2186298
              ->  Hash  (cost=67604.59..67604.59 rows=2457821 width=4) (actual time=6404.871..6404.871 rows=2456218 loops=1)
                    Buckets: 131072  Batches: 64  Memory Usage: 2375kB
                    ->  Seq Scan on title t  (cost=0.00..67604.59 rows=2457821 width=4) (actual time=0.017..5070.194 rows=2456218 loops=1)
                          Filter: (production_year > 0)
                          Rows Removed by Filter: 72094
Planning time: 9.166 ms
Execution time: 11500.912 ms
