Hash Join  (cost=162147.20..965813.86 rows=759552 width=0) (actual time=5973.286..41986.549 rows=274252 loops=1)
  Hash Cond: (ci.movie_id = t.id)
  ->  Seq Scan on cast_info ci  (cost=0.00..614943.12 rows=36225612 width=4) (actual time=0.018..24638.896 rows=36244344 loops=1)
  ->  Hash  (cost=161484.50..161484.50 rows=53016 width=8) (actual time=5964.994..5964.994 rows=27635 loops=1)
        Buckets: 65536  Batches: 1  Memory Usage: 1592kB
        ->  Hash Join  (cost=74296.30..161484.50 rows=53016 width=8) (actual time=2634.851..5936.782 rows=27635 loops=1)
              Hash Cond: (mk.movie_id = t.id)
              ->  Seq Scan on movie_keyword mk  (cost=0.00..69693.30 rows=4523930 width=4) (actual time=0.020..2296.858 rows=4523930 loops=1)
              ->  Hash  (cost=73925.90..73925.90 rows=29632 width=4) (actual time=2634.574..2634.574 rows=73351 loops=1)
                    Buckets: 131072 (originally 32768)  Batches: 1 (originally 1)  Memory Usage: 3603kB
                    ->  Seq Scan on title t  (cost=0.00..73925.90 rows=29632 width=4) (actual time=1289.023..2605.177 rows=73351 loops=1)
                          Filter: ((kind_id < 7) AND (production_year < 1917))
                          Rows Removed by Filter: 2454961
Planning time: 1.161 ms
Execution time: 42024.945 ms
