Hash Join  (cost=78900.89..158264.06 rows=312864 width=0) (actual time=4120.343..9225.258 rows=424335 loops=1)
  Hash Cond: (mc.movie_id = t.id)
  ->  Seq Scan on movie_companies mc  (cost=0.00..44881.29 rows=2609129 width=4) (actual time=0.021..3139.375 rows=2609129 loops=1)
  ->  Hash  (cost=73925.90..73925.90 rows=303199 width=4) (actual time=4119.388..4119.388 rows=250201 loops=1)
        Buckets: 131072  Batches: 4  Memory Usage: 3225kB
        ->  Seq Scan on title t  (cost=0.00..73925.90 rows=303199 width=4) (actual time=0.031..3635.784 rows=250201 loops=1)
              Filter: ((kind_id < 3) AND (production_year > 2005))
              Rows Removed by Filter: 2278111
Planning time: 0.679 ms
Execution time: 9297.723 ms
