Seq Scan on movie_keyword mk  (cost=0.00..81003.12 rows=246 width=0) (actual time=37.640..1250.337 rows=33 loops=1)
  Filter: (keyword_id = 13159)
  Rows Removed by Filter: 4523897
Planning time: 0.389 ms
Execution time: 1250.455 ms
