Hash Join  (cost=797959.32..884618.93 rows=157 width=0) (actual time=38680.985..42672.419 rows=493 loops=1)
  Hash Cond: (mk.movie_id = t.id)
  ->  Seq Scan on movie_keyword mk  (cost=0.00..69693.30 rows=4523930 width=4) (actual time=0.012..3024.747 rows=4523930 loops=1)
  ->  Hash  (cost=797958.22..797958.22 rows=88 width=8) (actual time=38640.562..38640.562 rows=12 loops=1)
        Buckets: 1024  Batches: 1  Memory Usage: 9kB
        ->  Nested Loop  (cost=0.43..797958.22 rows=88 width=8) (actual time=9771.221..38640.514 rows=12 loops=1)
              ->  Seq Scan on cast_info ci  (cost=0.00..796071.18 rows=224 width=4) (actual time=9771.153..38622.740 rows=199 loops=1)
                    Filter: ((role_id > 2) AND (person_id = 3042800))
                    Rows Removed by Filter: 36244145
              ->  Index Scan using title_pkey on title t  (cost=0.43..8.41 rows=1 width=4) (actual time=0.088..0.089 rows=0 loops=199)
                    Index Cond: (id = ci.movie_id)
                    Filter: (kind_id < 7)
                    Rows Removed by Filter: 1
Planning time: 1.174 ms
Execution time: 42672.626 ms
