Seq Scan on movie_companies mc  (cost=0.00..51404.11 rows=104 width=40) (actual time=283.175..996.622 rows=25 loops=1)
  Filter: (company_id = 6061)
  Rows Removed by Filter: 2609104
Planning time: 0.438 ms
Execution time: 996.677 ms
