Hash Join  (cost=573241.40..1734075.57 rows=18600438 width=0) (actual time=28492.257..89274.420 rows=17393838 loops=1)
  Hash Cond: (ci.movie_id = t.id)
  ->  Seq Scan on cast_info ci  (cost=0.00..705507.15 rows=18443302 width=4) (actual time=0.025..40413.361 rows=18336123 loops=1)
        Filter: (person_id < 1823031)
        Rows Removed by Filter: 17908221
  ->  Hash  (cost=531403.52..531403.52 rows=2550070 width=8) (actual time=28490.252..28490.252 rows=1740405 loops=1)
        Buckets: 131072  Batches: 64  Memory Usage: 2079kB
        ->  Hash Join  (cost=94024.89..531403.52 rows=2550070 width=8) (actual time=6361.501..27951.303 rows=1740405 loops=1)
              Hash Cond: (mi.movie_id = t.id)
              ->  Seq Scan on movie_info mi  (cost=0.00..346232.03 rows=5263441 width=4) (actual time=1067.337..18725.647 rows=5270569 loops=1)
                    Filter: (info_type_id > 15)
                    Rows Removed by Filter: 9565151
              ->  Hash  (cost=73925.90..73925.90 rows=1225039 width=4) (actual time=5293.275..5293.275 rows=1308896 loops=1)
                    Buckets: 131072  Batches: 32  Memory Usage: 2474kB
                    ->  Seq Scan on title t  (cost=0.00..73925.90 rows=1225039 width=4) (actual time=0.021..4712.763 rows=1308896 loops=1)
                          Filter: ((production_year > 1975) AND (kind_id = 7))
                          Rows Removed by Filter: 1219416
Planning time: 5.189 ms
Execution time: 91552.774 ms
