Hash Join  (cost=156533.92..521443.71 rows=25384 width=0) (actual time=5067.631..22069.560 rows=655563 loops=1)
  Hash Cond: (mi.movie_id = t.id)
  ->  Seq Scan on movie_info mi  (cost=0.00..309384.22 rows=14739122 width=4) (actual time=0.013..13057.111 rows=14835720 loops=1)
  ->  Hash  (cost=156479.49..156479.49 rows=4355 width=8) (actual time=5067.370..5067.370 rows=9072 loops=1)
        Buckets: 16384 (originally 8192)  Batches: 1 (originally 1)  Memory Usage: 483kB
        ->  Hash Join  (cost=74452.28..156479.49 rows=4355 width=8) (actual time=2592.542..5061.567 rows=9072 loops=1)
              Hash Cond: (mk.movie_id = t.id)
              ->  Seq Scan on movie_keyword mk  (cost=0.00..81003.12 rows=261475 width=4) (actual time=107.289..2513.329 rows=260178 loops=1)
                    Filter: (keyword_id > 59329)
                    Rows Removed by Filter: 4263752
              ->  Hash  (cost=73925.90..73925.90 rows=42110 width=4) (actual time=2483.621..2483.621 rows=33905 loops=1)
                    Buckets: 65536  Batches: 1  Memory Usage: 1704kB
                    ->  Seq Scan on title t  (cost=0.00..73925.90 rows=42110 width=4) (actual time=0.222..2467.240 rows=33905 loops=1)
                          Filter: ((kind_id < 7) AND (production_year = 2006))
                          Rows Removed by Filter: 2494407
Planning time: 1.976 ms
Execution time: 22160.982 ms
