Seq Scan on movie_keyword mk  (cost=0.00..81003.12 rows=246 width=0) (actual time=1.039..2825.578 rows=1757 loops=1)
  Filter: (keyword_id = 1043)
  Rows Removed by Filter: 4522173
Planning time: 8.007 ms
Execution time: 2826.325 ms
