Hash Join  (cost=685021.18..2622775.26 rows=65955686 width=0) (actual time=17072.889..80646.111 rows=117478839 loops=1)
  Hash Cond: (ci.movie_id = t.id)
  ->  Seq Scan on cast_info ci  (cost=0.00..614943.12 rows=36225612 width=4) (actual time=0.020..14054.583 rows=36244344 loops=1)
  ->  Hash  (cost=609491.32..609491.32 rows=4603669 width=8) (actual time=17071.180..17071.180 rows=3754406 loops=1)
        Buckets: 131072  Batches: 64  Memory Usage: 3341kB
        ->  Hash Join  (cost=80562.70..609491.32 rows=4603669 width=8) (actual time=1494.328..16130.945 rows=3754406 loops=1)
              Hash Cond: (mi.movie_id = t.id)
              ->  Seq Scan on movie_info mi  (cost=0.00..309384.22 rows=14739122 width=4) (actual time=0.018..6544.652 rows=14835720 loops=1)
              ->  Hash  (cost=67604.59..67604.59 rows=789769 width=4) (actual time=1493.189..1493.189 rows=784926 loops=1)
                    Buckets: 131072  Batches: 16  Memory Usage: 2755kB
                    ->  Seq Scan on title t  (cost=0.00..67604.59 rows=789769 width=4) (actual time=0.029..1221.736 rows=784926 loops=1)
                          Filter: (production_year > 2007)
                          Rows Removed by Filter: 1743386
Planning time: 1.175 ms
Execution time: 93746.926 ms
