Hash Join  (cost=81703.78..210082.24 rows=635152 width=0) (actual time=3851.700..11027.061 rows=1898005 loops=1)
  Hash Cond: (mk.movie_id = t.id)
  ->  Seq Scan on movie_keyword mk  (cost=0.00..81003.12 rows=3387685 width=4) (actual time=0.020..4963.045 rows=3377245 loops=1)
        Filter: (keyword_id < 16264)
        Rows Removed by Filter: 1146685
  ->  Hash  (cost=73925.90..73925.90 rows=474070 width=4) (actual time=3848.385..3848.385 rows=496025 loops=1)
        Buckets: 131072  Batches: 8  Memory Usage: 3223kB
        ->  Seq Scan on title t  (cost=0.00..73925.90 rows=474070 width=4) (actual time=1706.275..3659.078 rows=496025 loops=1)
              Filter: ((production_year < 2009) AND (kind_id = 1))
              Rows Removed by Filter: 2032287
Planning time: 1.632 ms
Execution time: 11254.217 ms
