Hash Join  (cost=101790.94..467672.39 rows=122553 width=0) (actual time=5958.856..22693.030 rows=239816 loops=1)
  Hash Cond: (mi.movie_id = t.id)
  ->  Seq Scan on movie_info mi  (cost=0.00..309384.22 rows=14739122 width=4) (actual time=0.021..12944.108 rows=14835720 loops=1)
  ->  Hash  (cost=101528.14..101528.14 rows=21024 width=8) (actual time=5782.711..5782.711 rows=19082 loops=1)
        Buckets: 32768  Batches: 1  Memory Usage: 1002kB
        ->  Hash Join  (cost=74407.42..101528.14 rows=21024 width=8) (actual time=3728.701..5775.716 rows=19082 loops=1)
              Hash Cond: (mi_idx.movie_id = t.id)
              ->  Seq Scan on movie_info_idx mi_idx  (cost=0.00..21735.35 rows=1380035 width=4) (actual time=0.016..1362.443 rows=1380035 loops=1)
              ->  Hash  (cost=73925.90..73925.90 rows=38521 width=4) (actual time=3728.270..3728.270 rows=98576 loops=1)
                    Buckets: 131072 (originally 65536)  Batches: 2 (originally 1)  Memory Usage: 3073kB
                    ->  Seq Scan on title t  (cost=0.00..73925.90 rows=38521 width=4) (actual time=1682.402..3685.116 rows=98576 loops=1)
                          Filter: ((kind_id < 7) AND (production_year < 1924))
                          Rows Removed by Filter: 2429736
Planning time: 1.079 ms
Execution time: 22735.336 ms
