Hash Join  (cost=135174.28..215150.27 rows=369988 width=0) (actual time=7287.570..12939.197 rows=2348782 loops=1)
  Hash Cond: (mc.movie_id = t.id)
  ->  Seq Scan on movie_companies mc  (cost=0.00..51404.11 rows=1992262 width=4) (actual time=0.023..3732.462 rows=1988228 loops=1)
        Filter: (company_id < 62043)
        Rows Removed by Filter: 620901
  ->  Hash  (cost=127469.53..127469.53 rows=469580 width=8) (actual time=7286.412..7286.412 rows=854105 loops=1)
        Buckets: 131072 (originally 131072)  Batches: 16 (originally 8)  Memory Usage: 3104kB
        ->  Hash Join  (cost=81720.25..127469.53 rows=469580 width=8) (actual time=4411.757..7014.830 rows=854105 loops=1)
              Hash Cond: (mi_idx.movie_id = t.id)
              ->  Seq Scan on movie_info_idx mi_idx  (cost=0.00..21735.35 rows=1380035 width=4) (actual time=0.017..1395.488 rows=1380035 loops=1)
              ->  Hash  (cost=67604.59..67604.59 rows=860373 width=4) (actual time=4410.705..4410.705 rows=854214 loops=1)
                    Buckets: 131072  Batches: 16  Memory Usage: 2897kB
                    ->  Seq Scan on title t  (cost=0.00..67604.59 rows=860373 width=4) (actual time=0.030..3794.175 rows=854214 loops=1)
                          Filter: (kind_id < 4)
                          Rows Removed by Filter: 1674098
Planning time: 1.071 ms
Execution time: 13242.789 ms
