Seq Scan on movie_keyword mk  (cost=0.00..81003.12 rows=116590 width=0) (actual time=534.059..3522.071 rows=114930 loops=1)
  Filter: (keyword_id > 79086)
  Rows Removed by Filter: 4409000
Planning time: 0.238 ms
Execution time: 3539.065 ms
