Hash Join  (cost=104445.35..742340.44 rows=13089326 width=0) (actual time=5679.368..40726.569 rows=12357365 loops=1)
  Hash Cond: (mi.movie_id = t.id)
  ->  Seq Scan on movie_info mi  (cost=0.00..309384.22 rows=14739122 width=4) (actual time=0.023..21369.823 rows=14835720 loops=1)
  ->  Hash  (cost=67604.59..67604.59 rows=2245501 width=4) (actual time=5677.898..5677.898 rows=2235103 loops=1)
        Buckets: 131072  Batches: 32  Memory Usage: 3492kB
        ->  Seq Scan on title t  (cost=0.00..67604.59 rows=2245501 width=4) (actual time=0.015..4057.536 rows=2235103 loops=1)
              Filter: (production_year > 1957)
              Rows Removed by Filter: 293209
Planning time: 0.714 ms
Execution time: 42204.146 ms
