Seq Scan on movie_keyword mk  (cost=0.00..81003.12 rows=246 width=0) (actual time=26.711..3469.023 rows=202 loops=1)
  Filter: (keyword_id = 17055)
  Rows Removed by Filter: 4523728
Planning time: 10.070 ms
Execution time: 3469.272 ms
