Hash Join  (cost=58358.42..85287.37 rows=1 width=0) (actual time=2478.994..3711.442 rows=23 loops=1)
  Hash Cond: (mi_idx.movie_id = t.id)
  ->  Seq Scan on movie_info_idx mi_idx  (cost=0.00..25185.44 rows=464934 width=4) (actual time=0.020..1194.152 rows=460185 loops=1)
        Filter: (info_type_id > 100)
        Rows Removed by Filter: 919850
  ->  Hash  (cost=58358.39..58358.39 rows=2 width=8) (actual time=2435.385..2435.385 rows=23 loops=1)
        Buckets: 1024  Batches: 1  Memory Usage: 9kB
        ->  Nested Loop  (cost=0.43..58358.39 rows=2 width=8) (actual time=962.178..2435.334 rows=23 loops=1)
              ->  Seq Scan on movie_companies mc  (cost=0.00..57926.93 rows=51 width=4) (actual time=581.204..2374.688 rows=537 loops=1)
                    Filter: ((company_id = 1878) AND (company_type_id = 1))
                    Rows Removed by Filter: 2608592
              ->  Index Scan using title_pkey on title t  (cost=0.43..8.45 rows=1 width=4) (actual time=0.112..0.112 rows=0 loops=537)
                    Index Cond: (id = mc.movie_id)
                    Filter: (production_year = 2007)
                    Rows Removed by Filter: 1
Planning time: 2.863 ms
Execution time: 3711.606 ms
