Nested Loop  (cost=0.43..58375.31 rows=2 width=0) (actual time=1577.922..2373.676 rows=2 loops=1)
  ->  Seq Scan on movie_companies mc  (cost=0.00..57926.93 rows=53 width=4) (actual time=1.119..2312.752 rows=348 loops=1)
        Filter: ((company_id = 253) AND (company_type_id = 2))
        Rows Removed by Filter: 2608781
  ->  Index Scan using title_pkey on title t  (cost=0.43..8.45 rows=1 width=4) (actual time=0.174..0.174 rows=0 loops=348)
        Index Cond: (id = mc.movie_id)
        Filter: (production_year = 2005)
        Rows Removed by Filter: 1
Planning time: 0.766 ms
Execution time: 2373.792 ms
