Hash Join  (cost=86241.46..233275.78 rows=1723463 width=0) (actual time=5175.158..12768.570 rows=2237657 loops=1)
  Hash Cond: (mk.movie_id = t.id)
  ->  Seq Scan on movie_keyword mk  (cost=0.00..81003.12 rows=3836416 width=4) (actual time=0.014..4871.036 rows=3838851 loops=1)
        Filter: (keyword_id > 562)
        Rows Removed by Filter: 685079
  ->  Hash  (cost=67604.59..67604.59 rows=1135910 width=4) (actual time=5173.997..5173.997 rows=1133355 loops=1)
        Buckets: 131072  Batches: 16  Memory Usage: 3523kB
        ->  Seq Scan on title t  (cost=0.00..67604.59 rows=1135910 width=4) (actual time=0.013..4621.335 rows=1133355 loops=1)
              Filter: (production_year < 2002)
              Rows Removed by Filter: 1394957
Planning time: 0.805 ms
Execution time: 13019.445 ms
