Hash Join  (cost=153250.71..239022.17 rows=777694 width=0) (actual time=8930.865..14450.311 rows=1940656 loops=1)
  Hash Cond: (mc.movie_id = t.id)
  ->  Seq Scan on movie_companies mc  (cost=0.00..44881.29 rows=2609129 width=4) (actual time=0.024..3296.580 rows=2609129 loops=1)
  ->  Hash  (cost=140884.85..140884.85 rows=753669 width=8) (actual time=8929.746..8929.746 rows=664016 loops=1)
        Buckets: 131072  Batches: 16  Memory Usage: 2638kB
        ->  Hash Join  (cost=90260.67..140884.85 rows=753669 width=8) (actual time=5887.411..8718.588 rows=664016 loops=1)
              Hash Cond: (mi_idx.movie_id = t.id)
              ->  Seq Scan on movie_info_idx mi_idx  (cost=0.00..21735.35 rows=1380035 width=4) (actual time=0.017..1520.026 rows=1380035 loops=1)
              ->  Hash  (cost=67604.59..67604.59 rows=1380887 width=4) (actual time=5885.733..5885.733 rows=1381453 loops=1)
                    Buckets: 131072  Batches: 32  Memory Usage: 2543kB
                    ->  Seq Scan on title t  (cost=0.00..67604.59 rows=1380887 width=4) (actual time=0.018..4591.064 rows=1381453 loops=1)
                          Filter: (production_year > 2000)
                          Rows Removed by Filter: 1146859
Planning time: 1.084 ms
Execution time: 14700.139 ms
