Hash Join  (cost=73929.23..100841.16 rows=145 width=0) (actual time=3299.341..5015.593 rows=405 loops=1)
  Hash Cond: (mi_idx.movie_id = t.id)
  ->  Seq Scan on movie_info_idx mi_idx  (cost=0.00..21735.35 rows=1380035 width=4) (actual time=0.021..1385.749 rows=1380035 loops=1)
  ->  Hash  (cost=73925.90..73925.90 rows=266 width=4) (actual time=3289.343..3289.343 rows=432 loops=1)
        Buckets: 1024  Batches: 1  Memory Usage: 24kB
        ->  Seq Scan on title t  (cost=0.00..73925.90 rows=266 width=4) (actual time=2.374..3288.837 rows=432 loops=1)
              Filter: ((kind_id = 2) AND (production_year = 1963))
              Rows Removed by Filter: 2527880
Planning time: 0.783 ms
Execution time: 5015.789 ms
