Seq Scan on cast_info ci  (cost=0.00..705507.15 rows=18520511 width=0) (actual time=0.019..38507.184 rows=18423951 loops=1)
  Filter: (person_id < 1831730)
  Rows Removed by Filter: 17820393
Planning time: 0.348 ms
Execution time: 41593.660 ms
