Hash Join  (cost=214611.23..1408567.67 rows=15590228 width=0) (actual time=11040.914..92216.936 rows=29777093 loops=1)
  Hash Cond: (ci.movie_id = t.id)
  ->  Seq Scan on cast_info ci  (cost=0.00..614943.12 rows=36225612 width=4) (actual time=0.019..46580.775 rows=36244344 loops=1)
  ->  Hash  (cost=196757.86..196757.86 rows=1088189 width=8) (actual time=11039.951..11039.951 rows=1212781 loops=1)
        Buckets: 131072  Batches: 16  Memory Usage: 3976kB
        ->  Hash Join  (cost=102767.86..196757.86 rows=1088189 width=8) (actual time=7057.946..10662.841 rows=1212781 loops=1)
              Hash Cond: (mc.movie_id = t.id)
              ->  Seq Scan on movie_companies mc  (cost=0.00..57926.93 rows=1088189 width=4) (actual time=1365.085..3408.319 rows=1212781 loops=1)
                    Filter: ((company_id > 406) AND (company_type_id > 1))
                    Rows Removed by Filter: 1396348
              ->  Hash  (cost=61283.27..61283.27 rows=2528527 width=4) (actual time=5686.545..5686.545 rows=2528312 loops=1)
                    Buckets: 131072  Batches: 64  Memory Usage: 2415kB
                    ->  Seq Scan on title t  (cost=0.00..61283.27 rows=2528527 width=4) (actual time=0.014..4489.317 rows=2528312 loops=1)
Planning time: 1.092 ms
Execution time: 96042.044 ms
