Seq Scan on title t  (cost=0.00..73925.90 rows=877167 width=0) (actual time=0.013..666.895 rows=790316 loops=1)
  Filter: ((kind_id < 7) AND (production_year > 1957))
  Rows Removed by Filter: 1737996
Planning time: 0.283 ms
Execution time: 731.887 ms
