Hash Join  (cost=452610.97..521222.94 rows=105181 width=0) (actual time=23513.853..26219.168 rows=64264 loops=1)
  Hash Cond: (mc.movie_id = t.id)
  ->  Seq Scan on movie_companies mc  (cost=0.00..51404.11 rows=1329612 width=4) (actual time=1045.563..3077.362 rows=1334883 loops=1)
        Filter: (company_type_id > 1)
        Rows Removed by Filter: 1274246
  ->  Hash  (cost=449328.69..449328.69 rows=200023 width=8) (actual time=22460.358..22460.358 rows=44930 loops=1)
        Buckets: 131072  Batches: 4  Memory Usage: 1453kB
        ->  Hash Join  (cost=91446.37..449328.69 rows=200023 width=8) (actual time=10599.420..22445.307 rows=44930 loops=1)
              Hash Cond: (mi.movie_id = t.id)
              ->  Seq Scan on movie_info mi  (cost=0.00..346232.03 rows=473617 width=4) (actual time=5307.959..16399.190 rows=486554 loops=1)
                    Filter: (info_type_id = 5)
                    Rows Removed by Filter: 14349166
              ->  Hash  (cost=73925.90..73925.90 rows=1067877 width=4) (actual time=5289.469..5289.469 rows=1163273 loops=1)
                    Buckets: 131072  Batches: 16  Memory Usage: 3594kB
                    ->  Seq Scan on title t  (cost=0.00..73925.90 rows=1067877 width=4) (actual time=0.019..4790.103 rows=1163273 loops=1)
                          Filter: ((production_year > 1990) AND (kind_id = 7))
                          Rows Removed by Filter: 1365039
Planning time: 1.120 ms
Execution time: 26227.774 ms
