Hash Join  (cost=81529.26..213633.03 rows=829074 width=0) (actual time=4642.468..11636.689 rows=271138 loops=1)
  Hash Cond: (mk.movie_id = t.id)
  ->  Seq Scan on movie_keyword mk  (cost=0.00..69693.30 rows=4523930 width=4) (actual time=0.015..4517.752 rows=4523930 loops=1)
  ->  Hash  (cost=73925.90..73925.90 rows=463388 width=4) (actual time=4639.732..4639.732 rows=321767 loops=1)
        Buckets: 131072  Batches: 8  Memory Usage: 2436kB
        ->  Seq Scan on title t  (cost=0.00..73925.90 rows=463388 width=4) (actual time=0.024..4210.526 rows=321767 loops=1)
              Filter: ((kind_id > 1) AND (production_year < 1987))
              Rows Removed by Filter: 2206545
Planning time: 1.831 ms
Execution time: 11669.380 ms
