Hash Join  (cost=100586.94..723855.64 rows=11718587 width=0) (actual time=4091.111..35471.533 rows=10759660 loops=1)
  Hash Cond: (mi.movie_id = t.id)
  ->  Seq Scan on movie_info mi  (cost=0.00..309384.22 rows=14739122 width=4) (actual time=0.006..17769.272 rows=14835720 loops=1)
  ->  Hash  (cost=67604.59..67604.59 rows=2010348 width=4) (actual time=4090.101..4090.101 rows=2004649 loops=1)
        Buckets: 131072  Batches: 32  Memory Usage: 3242kB
        ->  Seq Scan on title t  (cost=0.00..67604.59 rows=2010348 width=4) (actual time=0.013..3317.774 rows=2004649 loops=1)
              Filter: (production_year > 1975)
              Rows Removed by Filter: 523663
Planning time: 0.772 ms
Execution time: 36794.540 ms
