Hash Join  (cost=89678.24..164487.99 rows=485845 width=0) (actual time=3348.059..6508.539 rows=954863 loops=1)
  Hash Cond: (mc.movie_id = t.id)
  ->  Seq Scan on movie_companies mc  (cost=0.00..51404.11 rows=1279517 width=4) (actual time=0.030..1993.896 rows=1274246 loops=1)
        Filter: (company_type_id < 2)
        Rows Removed by Filter: 1334883
  ->  Hash  (cost=73925.90..73925.90 rows=960107 width=4) (actual time=3347.081..3347.081 rows=977340 loops=1)
        Buckets: 131072  Batches: 16  Memory Usage: 3171kB
        ->  Seq Scan on title t  (cost=0.00..73925.90 rows=960107 width=4) (actual time=0.018..2991.275 rows=977340 loops=1)
              Filter: ((kind_id < 7) AND (production_year < 2015))
              Rows Removed by Filter: 1550972
Planning time: 8.423 ms
Execution time: 6633.616 ms
