Seq Scan on cast_info ci  (cost=0.00..796071.18 rows=435 width=0) (actual time=22409.357..34790.037 rows=284 loops=1)
  Filter: ((role_id < 10) AND (person_id = 996235))
  Rows Removed by Filter: 36244060
Planning time: 0.384 ms
Execution time: 34790.169 ms
