Hash Join  (cost=241313.73..1450044.84 rows=14318926 width=0) (actual time=12498.764..96770.783 rows=41259574 loops=1)
  Hash Cond: (ci.movie_id = t.id)
  ->  Seq Scan on cast_info ci  (cost=0.00..705507.15 rows=30740185 width=4) (actual time=0.025..50599.728 rows=30685806 loops=1)
        Filter: (person_id < 3097141)
        Rows Removed by Filter: 5558538
  ->  Hash  (cost=221990.23..221990.23 rows=1177800 width=8) (actual time=12497.745..12497.745 rows=1183570 loops=1)
        Buckets: 131072  Batches: 16  Memory Usage: 3952kB
        ->  Hash Join  (cost=102767.86..221990.23 rows=1177800 width=8) (actual time=5496.458..12137.396 rows=1183570 loops=1)
              Hash Cond: (mk.movie_id = t.id)
              ->  Seq Scan on movie_keyword mk  (cost=0.00..81003.12 rows=1177800 width=4) (actual time=0.017..4751.544 rows=1183570 loops=1)
                    Filter: (keyword_id < 1404)
                    Rows Removed by Filter: 3340360
              ->  Hash  (cost=61283.27..61283.27 rows=2528527 width=4) (actual time=5495.190..5495.190 rows=2528312 loops=1)
                    Buckets: 131072  Batches: 64  Memory Usage: 2425kB
                    ->  Seq Scan on title t  (cost=0.00..61283.27 rows=2528527 width=4) (actual time=0.011..4303.261 rows=2528312 loops=1)
Planning time: 5.767 ms
Execution time: 101845.739 ms
