Hash Join  (cost=179272.00..553585.30 rows=186546 width=0) (actual time=3811.596..11143.878 rows=1840865 loops=1)
  Hash Cond: (mi.movie_id = t.id)
  ->  Seq Scan on movie_info mi  (cost=0.00..346232.03 rows=2194617 width=4) (actual time=0.013..5813.405 rows=2233850 loops=1)
        Filter: (info_type_id > 16)
        Rows Removed by Filter: 12601870
  ->  Hash  (cost=175745.39..175745.39 rows=214929 width=8) (actual time=3810.868..3810.868 rows=334142 loops=1)
        Buckets: 131072 (originally 131072)  Batches: 8 (originally 4)  Memory Usage: 3073kB
        ->  Hash Join  (cost=102767.86..175745.39 rows=214929 width=8) (actual time=2258.809..3697.188 rows=334142 loops=1)
              Hash Cond: (mc.movie_id = t.id)
              ->  Seq Scan on movie_companies mc  (cost=0.00..57926.93 rows=214929 width=4) (actual time=185.135..907.489 rows=334142 loops=1)
                    Filter: ((company_id < 329) AND (company_type_id < 2))
                    Rows Removed by Filter: 2274987
              ->  Hash  (cost=61283.27..61283.27 rows=2528527 width=4) (actual time=2072.363..2072.363 rows=2528312 loops=1)
                    Buckets: 131072  Batches: 64  Memory Usage: 2415kB
                    ->  Seq Scan on title t  (cost=0.00..61283.27 rows=2528527 width=4) (actual time=0.032..1221.798 rows=2528312 loops=1)
Planning time: 1.081 ms
Execution time: 11359.467 ms
