Hash Join  (cost=70241.71..869791.66 rows=14853 width=0) (actual time=27819.377..30540.382 rows=11946 loops=1)
  Hash Cond: (ci.movie_id = t.id)
  ->  Seq Scan on cast_info ci  (cost=0.00..796071.18 rows=233662 width=4) (actual time=23860.492..26226.424 rows=165551 loops=1)
        Filter: ((person_id < 201876) AND (role_id = 3))
        Rows Removed by Filter: 36078793
  ->  Hash  (cost=67604.59..67604.59 rows=160730 width=4) (actual time=3957.855..3957.855 rows=160017 loops=1)
        Buckets: 131072  Batches: 4  Memory Usage: 2436kB
        ->  Seq Scan on title t  (cost=0.00..67604.59 rows=160730 width=4) (actual time=0.048..3334.953 rows=160017 loops=1)
              Filter: (production_year = 2011)
              Rows Removed by Filter: 2368295
Planning time: 0.700 ms
Execution time: 30542.183 ms
