Seq Scan on movie_companies mc  (cost=0.00..51404.11 rows=52617 width=0) (actual time=373.893..827.069 rows=51512 loops=1)
  Filter: (company_id > 190278)
  Rows Removed by Filter: 2557617
Planning time: 0.326 ms
Execution time: 833.305 ms
