Seq Scan on movie_keyword mk  (cost=0.00..81003.12 rows=1211764 width=0) (actual time=0.024..3935.510 rows=1213980 loops=1)
  Filter: (keyword_id < 1529)
  Rows Removed by Filter: 3309950
Planning time: 0.343 ms
Execution time: 4127.986 ms
