Hash Join  (cost=124960.66..211992.18 rows=37349 width=0) (actual time=5382.129..7006.636 rows=145991 loops=1)
  Hash Cond: (mk.movie_id = t.id)
  ->  Seq Scan on movie_keyword mk  (cost=0.00..69693.30 rows=4523930 width=4) (actual time=0.014..854.186 rows=4523930 loops=1)
  ->  Hash  (cost=124699.72..124699.72 rows=20875 width=8) (actual time=5381.463..5381.463 rows=16669 loops=1)
        Buckets: 32768  Batches: 1  Memory Usage: 908kB
        ->  Hash Join  (cost=68100.81..124699.72 rows=20875 width=8) (actual time=4192.129..5374.628 rows=16669 loops=1)
              Hash Cond: (mc.movie_id = t.id)
              ->  Seq Scan on movie_companies mc  (cost=0.00..51404.11 rows=1329612 width=4) (actual time=853.294..1712.053 rows=1334883 loops=1)
                    Filter: (company_type_id > 1)
                    Rows Removed by Filter: 1274246
              ->  Hash  (cost=67604.59..67604.59 rows=39698 width=4) (actual time=3338.288..3338.288 rows=36437 loops=1)
                    Buckets: 65536  Batches: 1  Memory Usage: 1793kB
                    ->  Seq Scan on title t  (cost=0.00..67604.59 rows=39698 width=4) (actual time=0.038..3316.785 rows=36437 loops=1)
                          Filter: (production_year = 1995)
                          Rows Removed by Filter: 2491875
Planning time: 6.072 ms
Execution time: 7024.005 ms
