Hash Join  (cost=83600.04..119764.61 rows=179263 width=0) (actual time=3984.940..5891.050 rows=312725 loops=1)
  Hash Cond: (mi_idx.movie_id = t.id)
  ->  Seq Scan on movie_info_idx mi_idx  (cost=0.00..25185.44 rows=464934 width=4) (actual time=0.023..1379.350 rows=460185 loops=1)
        Filter: (info_type_id > 100)
        Rows Removed by Filter: 919850
  ->  Hash  (cost=67604.59..67604.59 rows=974916 width=4) (actual time=3984.143..3984.143 rows=972448 loops=1)
        Buckets: 131072  Batches: 16  Memory Usage: 3160kB
        ->  Seq Scan on title t  (cost=0.00..67604.59 rows=974916 width=4) (actual time=0.013..3535.492 rows=972448 loops=1)
              Filter: (kind_id < 6)
              Rows Removed by Filter: 1555864
Planning time: 0.729 ms
Execution time: 5927.722 ms
