Hash Join  (cost=101625.45..936007.45 rows=231962 width=0) (actual time=4931.602..54554.256 rows=365193 loops=1)
  Hash Cond: (ci.movie_id = t.id)
  ->  Seq Scan on cast_info ci  (cost=0.00..705507.15 rows=33748076 width=4) (actual time=0.021..40138.338 rows=33821992 loops=1)
        Filter: (person_id > 235230)
        Rows Removed by Filter: 2422352
  ->  Hash  (cost=101408.21..101408.21 rows=17379 width=8) (actual time=4930.760..4930.760 rows=10878 loops=1)
        Buckets: 32768  Batches: 1  Memory Usage: 681kB
        ->  Hash Join  (cost=74323.94..101408.21 rows=17379 width=8) (actual time=3386.871..4926.822 rows=10878 loops=1)
              Hash Cond: (mi_idx.movie_id = t.id)
              ->  Seq Scan on movie_info_idx mi_idx  (cost=0.00..21735.35 rows=1380035 width=4) (actual time=0.014..1175.196 rows=1380035 loops=1)
              ->  Hash  (cost=73925.90..73925.90 rows=31843 width=4) (actual time=3386.443..3386.443 rows=35656 loops=1)
                    Buckets: 65536 (originally 32768)  Batches: 1 (originally 1)  Memory Usage: 1766kB
                    ->  Seq Scan on title t  (cost=0.00..73925.90 rows=31843 width=4) (actual time=0.016..3370.588 rows=35656 loops=1)
                          Filter: ((kind_id = 7) AND (production_year = 2000))
                          Rows Removed by Filter: 2492656
Planning time: 1.237 ms
Execution time: 54622.041 ms
