Nested Loop  (cost=0.43..58375.31 rows=38 width=0) (actual time=112.451..2313.410 rows=31 loops=1)
  ->  Seq Scan on movie_companies mc  (cost=0.00..57926.93 rows=53 width=4) (actual time=112.422..2297.779 rows=50 loops=1)
        Filter: ((company_id = 2306) AND (company_type_id = 2))
        Rows Removed by Filter: 2609079
  ->  Index Scan using title_pkey on title t  (cost=0.43..8.45 rows=1 width=4) (actual time=0.310..0.310 rows=1 loops=50)
        Index Cond: (id = mc.movie_id)
        Filter: (production_year < 2009)
        Rows Removed by Filter: 0
Planning time: 0.527 ms
Execution time: 2313.501 ms
