Seq Scan on movie_keyword mk  (cost=0.00..81003.12 rows=1274763 width=0) (actual time=0.019..1426.242 rows=1286305 loops=1)
  Filter: (keyword_id < 1662)
  Rows Removed by Filter: 3237625
Planning time: 0.345 ms
Execution time: 1587.545 ms
