Hash Join  (cost=69720.52..1122502.77 rows=1847508 width=0) (actual time=1079.802..29000.204 rows=815304 loops=1)
  Hash Cond: (ci.movie_id = t.id)
  ->  Seq Scan on cast_info ci  (cost=0.00..614943.12 rows=36225612 width=4) (actual time=0.020..12711.969 rows=36244344 loops=1)
  ->  Hash  (cost=67604.59..67604.59 rows=128955 width=4) (actual time=1077.645..1077.645 rows=130325 loops=1)
        Buckets: 131072  Batches: 2  Memory Usage: 3310kB
        ->  Seq Scan on title t  (cost=0.00..67604.59 rows=128955 width=4) (actual time=132.730..1033.508 rows=130325 loops=1)
              Filter: (production_year < 1936)
              Rows Removed by Filter: 2397987
Planning time: 0.774 ms
Execution time: 29121.287 ms
