Hash Join  (cost=472771.48..1410548.98 rows=4235847 width=0) (actual time=8652.709..32722.731 rows=5662567 loops=1)
  Hash Cond: (ci.movie_id = t.id)
  ->  Seq Scan on cast_info ci  (cost=0.00..705507.15 rows=16201301 width=4) (actual time=0.019..14853.877 rows=16121683 loops=1)
        Filter: (role_id > 2)
        Rows Removed by Filter: 20122661
  ->  Hash  (cost=461924.90..461924.90 rows=661086 width=8) (actual time=8651.807..8651.807 rows=582914 loops=1)
        Buckets: 131072  Batches: 16  Memory Usage: 2441kB
        ->  Hash Join  (cost=89299.55..461924.90 rows=661086 width=8) (actual time=5947.365..8470.774 rows=582914 loops=1)
              Hash Cond: (mi.movie_id = t.id)
              ->  Seq Scan on movie_info mi  (cost=0.00..346232.03 rows=1264125 width=4) (actual time=4231.733..5610.597 rows=1288928 loops=1)
                    Filter: (info_type_id = 2)
                    Rows Removed by Filter: 13546792
              ->  Hash  (cost=67604.59..67604.59 rows=1322317 width=4) (actual time=1714.636..1714.636 rows=1322863 loops=1)
                    Buckets: 131072  Batches: 32  Memory Usage: 2488kB
                    ->  Seq Scan on title t  (cost=0.00..67604.59 rows=1322317 width=4) (actual time=0.026..1254.994 rows=1322863 loops=1)
                          Filter: (production_year > 2001)
                          Rows Removed by Filter: 1205449
Planning time: 1.118 ms
Execution time: 33363.063 ms
