Hash Join  (cost=75240.21..1003382.29 rows=592891 width=0) (actual time=1244.375..24332.108 rows=1403404 loops=1)
  Hash Cond: (ci.movie_id = t.id)
  ->  Seq Scan on cast_info ci  (cost=0.00..705507.15 rows=18714939 width=4) (actual time=0.012..14393.924 rows=18612314 loops=1)
        Filter: (person_id < 1852808)
        Rows Removed by Filter: 17632030
  ->  Hash  (cost=73925.90..73925.90 rows=80104 width=4) (actual time=1242.490..1242.490 rows=205999 loops=1)
        Buckets: 131072 (originally 131072)  Batches: 4 (originally 2)  Memory Usage: 3073kB
        ->  Seq Scan on title t  (cost=0.00..73925.90 rows=80104 width=4) (actual time=0.016..1161.683 rows=205999 loops=1)
              Filter: ((production_year < 1965) AND (kind_id = 1))
              Rows Removed by Filter: 2322313
Planning time: 0.815 ms
Execution time: 24503.235 ms
