Hash Join  (cost=101393.84..853942.05 rows=175904 width=0) (actual time=1761.428..19566.391 rows=562502 loops=1)
  Hash Cond: (ci.movie_id = t.id)
  ->  Seq Scan on cast_info ci  (cost=0.00..614943.12 rows=36225612 width=4) (actual time=0.004..9140.651 rows=36244344 loops=1)
  ->  Hash  (cost=101240.37..101240.37 rows=12278 width=8) (actual time=1761.293..1761.293 rows=19500 loops=1)
        Buckets: 32768 (originally 16384)  Batches: 1 (originally 1)  Memory Usage: 1018kB
        ->  Hash Join  (cost=74207.10..101240.37 rows=12278 width=8) (actual time=1164.571..1754.010 rows=19500 loops=1)
              Hash Cond: (mi_idx.movie_id = t.id)
              ->  Seq Scan on movie_info_idx mi_idx  (cost=0.00..21735.35 rows=1380035 width=4) (actual time=0.008..292.387 rows=1380035 loops=1)
              ->  Hash  (cost=73925.90..73925.90 rows=22496 width=4) (actual time=1164.397..1164.397 rows=13050 loops=1)
                    Buckets: 32768  Batches: 1  Memory Usage: 715kB
                    ->  Seq Scan on title t  (cost=0.00..73925.90 rows=22496 width=4) (actual time=0.019..1158.778 rows=13050 loops=1)
                          Filter: ((kind_id = 1) AND (production_year = 2004))
                          Rows Removed by Filter: 2515262
Planning time: 1.209 ms
Execution time: 19647.760 ms
