Hash Join  (cost=78670.55..1155032.71 rows=4142899 width=0) (actual time=1392.768..32409.395 rows=4270399 loops=1)
  Hash Cond: (ci.movie_id = t.id)
  ->  Seq Scan on cast_info ci  (cost=0.00..614943.12 rows=36225612 width=4) (actual time=0.024..13335.734 rows=36244344 loops=1)
  ->  Hash  (cost=73925.90..73925.90 rows=289172 width=4) (actual time=1391.895..1391.895 rows=292674 loops=1)
        Buckets: 131072  Batches: 4  Memory Usage: 3617kB
        ->  Seq Scan on title t  (cost=0.00..73925.90 rows=289172 width=4) (actual time=0.023..1292.746 rows=292674 loops=1)
              Filter: ((kind_id > 1) AND (production_year > 2010))
              Rows Removed by Filter: 2235638
Planning time: 0.858 ms
Execution time: 32949.769 ms
