Hash Join  (cost=148103.23..521198.92 rows=102585 width=0) (actual time=3417.031..9816.888 rows=197915 loops=1)
  Hash Cond: (mi.movie_id = t.id)
  ->  Seq Scan on movie_info mi  (cost=0.00..346232.03 rows=2194617 width=4) (actual time=269.766..5730.349 rows=2233850 loops=1)
        Filter: (info_type_id > 16)
        Rows Removed by Filter: 12601870
  ->  Hash  (cost=146163.82..146163.82 rows=118193 width=8) (actual time=2976.527..2976.527 rows=159504 loops=1)
        Buckets: 131072 (originally 131072)  Batches: 4 (originally 2)  Memory Usage: 3073kB
        ->  Hash Join  (cost=69484.36..146163.82 rows=118193 width=8) (actual time=1040.186..2917.124 rows=159504 loops=1)
              Hash Cond: (mc.movie_id = t.id)
              ->  Seq Scan on movie_companies mc  (cost=0.00..44881.29 rows=2609129 width=4) (actual time=0.016..900.148 rows=2609129 loops=1)
              ->  Hash  (cost=67604.59..67604.59 rows=114542 width=4) (actual time=1039.429..1039.429 rows=118234 loops=1)
                    Buckets: 131072  Batches: 2  Memory Usage: 3101kB
                    ->  Seq Scan on title t  (cost=0.00..67604.59 rows=114542 width=4) (actual time=170.387..998.866 rows=118234 loops=1)
                          Filter: (kind_id = 4)
                          Rows Removed by Filter: 2410078
Planning time: 1.236 ms
Execution time: 9843.220 ms
