Seq Scan on movie_companies mc  (cost=0.00..57926.93 rows=51 width=0) (actual time=506.452..810.407 rows=259 loops=1)
  Filter: ((company_id = 9014) AND (company_type_id = 1))
  Rows Removed by Filter: 2608870
Planning time: 0.376 ms
Execution time: 810.555 ms
