Hash Join  (cost=791437.83..846876.36 rows=77301 width=0) (actual time=13845.812..15623.788 rows=121401 loops=1)
  Hash Cond: (mc.movie_id = t.id)
  ->  Seq Scan on movie_companies mc  (cost=0.00..44881.29 rows=2609129 width=4) (actual time=0.032..665.766 rows=2609129 loops=1)
  ->  Hash  (cost=790501.41..790501.41 rows=74913 width=8) (actual time=13845.028..13845.028 rows=100284 loops=1)
        Buckets: 131072 (originally 131072)  Batches: 2 (originally 1)  Memory Usage: 3073kB
        ->  Hash Join  (cost=70308.29..790501.41 rows=74913 width=8) (actual time=11344.560..13805.684 rows=100284 loops=1)
              Hash Cond: (ci.movie_id = t.id)
              ->  Seq Scan on cast_info ci  (cost=0.00..705507.15 rows=1149559 width=4) (actual time=10214.216..11922.540 rows=1093558 loops=1)
                    Filter: (role_id = 9)
                    Rows Removed by Filter: 35150786
              ->  Hash  (cost=67604.59..67604.59 rows=164776 width=4) (actual time=1129.391..1129.391 rows=164307 loops=1)
                    Buckets: 131072  Batches: 4  Memory Usage: 2482kB
                    ->  Seq Scan on title t  (cost=0.00..67604.59 rows=164776 width=4) (actual time=0.042..1072.656 rows=164307 loops=1)
                          Filter: (production_year = 2012)
                          Rows Removed by Filter: 2364005
Planning time: 1.148 ms
Execution time: 15641.044 ms
