Hash Join  (cost=68100.81..824577.42 rows=568744 width=0) (actual time=1174.692..21627.322 rows=511630 loops=1)
  Hash Cond: (ci.movie_id = t.id)
  ->  Seq Scan on cast_info ci  (cost=0.00..614943.12 rows=36225612 width=4) (actual time=0.010..9494.290 rows=36244344 loops=1)
  ->  Hash  (cost=67604.59..67604.59 rows=39698 width=4) (actual time=1174.176..1174.176 rows=36437 loops=1)
        Buckets: 65536  Batches: 1  Memory Usage: 1793kB
        ->  Seq Scan on title t  (cost=0.00..67604.59 rows=39698 width=4) (actual time=0.020..1155.022 rows=36437 loops=1)
              Filter: (production_year = 1995)
              Rows Removed by Filter: 2491875
Planning time: 0.834 ms
Execution time: 21722.588 ms
