Seq Scan on cast_info ci  (cost=0.00..796071.18 rows=19401175 width=0) (actual time=0.019..14865.072 rows=17178034 loops=1)
  Filter: ((person_id < 3014589) AND (role_id > 1))
  Rows Removed by Filter: 19066310
Planning time: 0.334 ms
Execution time: 16816.234 ms
