Hash Join  (cost=118617.50..195231.83 rows=113479 width=0) (actual time=2353.711..4411.864 rows=867676 loops=1)
  Hash Cond: (mc.movie_id = t.id)
  ->  Seq Scan on movie_companies mc  (cost=0.00..44881.29 rows=2609129 width=4) (actual time=0.018..783.318 rows=2609129 loops=1)
  ->  Hash  (cost=116812.83..116812.83 rows=109974 width=8) (actual time=2352.481..2352.481 rows=245926 loops=1)
        Buckets: 131072 (originally 131072)  Batches: 4 (originally 2)  Memory Usage: 3431kB
        ->  Hash Join  (cost=77232.60..116812.83 rows=109974 width=8) (actual time=1248.295..2289.550 rows=245926 loops=1)
              Hash Cond: (mi_idx.movie_id = t.id)
              ->  Seq Scan on movie_info_idx mi_idx  (cost=0.00..21735.35 rows=1380035 width=4) (actual time=0.014..438.583 rows=1380035 loops=1)
              ->  Hash  (cost=73925.90..73925.90 rows=201496 width=4) (actual time=1247.345..1247.345 rows=307194 loops=1)
                    Buckets: 131072  Batches: 4  Memory Usage: 3727kB
                    ->  Seq Scan on title t  (cost=0.00..73925.90 rows=201496 width=4) (actual time=0.015..1148.905 rows=307194 loops=1)
                          Filter: ((kind_id < 7) AND (production_year < 1980))
                          Rows Removed by Filter: 2221118
Planning time: 1.125 ms
Execution time: 4512.168 ms
