Hash Join  (cost=69283.60..928864.19 rows=213399 width=0) (actual time=1017.485..21094.012 rows=664070 loops=1)
  Hash Cond: (ci.movie_id = t.id)
  ->  Seq Scan on cast_info ci  (cost=0.00..796071.18 rows=5273445 width=4) (actual time=0.016..15123.677 rows=10738248 loops=1)
        Filter: ((person_id < 1470974) AND (role_id = 1))
        Rows Removed by Filter: 25506096
  ->  Hash  (cost=67604.59..67604.59 rows=102321 width=4) (actual time=1016.736..1016.736 rows=100537 loops=1)
        Buckets: 131072  Batches: 2  Memory Usage: 2797kB
        ->  Seq Scan on title t  (cost=0.00..67604.59 rows=102321 width=4) (actual time=48.114..980.981 rows=100537 loops=1)
              Filter: (kind_id = 3)
              Rows Removed by Filter: 2427775
Planning time: 0.722 ms
Execution time: 21188.597 ms
