Hash Join  (cost=87245.25..211324.12 rows=1115503 width=0) (actual time=1642.341..4686.641 rows=1444944 loops=1)
  Hash Cond: (mk.movie_id = t.id)
  ->  Seq Scan on movie_keyword mk  (cost=0.00..81003.12 rows=2356190 width=4) (actual time=0.012..1524.863 rows=2355817 loops=1)
        Filter: (keyword_id < 5293)
        Rows Removed by Filter: 2168113
  ->  Hash  (cost=67604.59..67604.59 rows=1197093 width=4) (actual time=1639.543..1639.543 rows=1195923 loops=1)
        Buckets: 131072  Batches: 16  Memory Usage: 3661kB
        ->  Seq Scan on title t  (cost=0.00..67604.59 rows=1197093 width=4) (actual time=0.013..1246.896 rows=1195923 loops=1)
              Filter: (production_year < 2003)
              Rows Removed by Filter: 1332389
Planning time: 6.688 ms
Execution time: 4841.879 ms
