Hash Join  (cost=154654.97..538510.42 rows=77562 width=0) (actual time=2629.765..9522.071 rows=1575570 loops=1)
  Hash Cond: (mi.movie_id = t.id)
  ->  Seq Scan on movie_info mi  (cost=0.00..309384.22 rows=14739122 width=4) (actual time=0.014..3720.924 rows=14835720 loops=1)
  ->  Hash  (cost=154488.65..154488.65 rows=13306 width=8) (actual time=2629.490..2629.490 rows=32550 loops=1)
        Buckets: 32768 (originally 16384)  Batches: 1 (originally 1)  Memory Usage: 1528kB
        ->  Hash Join  (cost=67697.55..154488.65 rows=13306 width=8) (actual time=895.829..2617.390 rows=32550 loops=1)
              Hash Cond: (mk.movie_id = t.id)
              ->  Seq Scan on movie_keyword mk  (cost=0.00..69693.30 rows=4523930 width=4) (actual time=0.023..894.593 rows=4523930 loops=1)
              ->  Hash  (cost=67604.59..67604.59 rows=7437 width=4) (actual time=895.729..895.729 rows=14428 loops=1)
                    Buckets: 16384 (originally 8192)  Batches: 1 (originally 1)  Memory Usage: 636kB
                    ->  Seq Scan on title t  (cost=0.00..67604.59 rows=7437 width=4) (actual time=0.144..888.978 rows=14428 loops=1)
                          Filter: (production_year = 1978)
                          Rows Removed by Filter: 2513884
Planning time: 1.151 ms
Execution time: 9682.890 ms
