Seq Scan on movie_keyword mk  (cost=0.00..81003.12 rows=1303013 width=0) (actual time=0.015..1338.057 rows=1317013 loops=1)
  Filter: (keyword_id > 13264)
  Rows Removed by Filter: 3206917
Planning time: 0.330 ms
Execution time: 1505.697 ms
