Seq Scan on movie_keyword mk  (cost=0.00..81003.12 rows=522633 width=0) (actual time=0.024..1318.535 rows=513264 loops=1)
  Filter: (keyword_id > 35305)
  Rows Removed by Filter: 4010666
Planning time: 0.306 ms
Execution time: 1383.314 ms
