Hash Join  (cost=135340.14..221446.75 rows=16607 width=0) (actual time=3060.797..4731.978 rows=57690 loops=1)
  Hash Cond: (mk.movie_id = t.id)
  ->  Seq Scan on movie_keyword mk  (cost=0.00..81003.12 rows=1316642 width=4) (actual time=0.029..1423.803 rows=1326455 loops=1)
        Filter: (keyword_id < 1733)
        Rows Removed by Filter: 3197475
  ->  Hash  (cost=134941.49..134941.49 rows=31892 width=8) (actual time=3060.507..3060.507 rows=16018 loops=1)
        Buckets: 32768  Batches: 1  Memory Usage: 882kB
        ->  Hash Join  (cost=78988.28..134941.49 rows=31892 width=8) (actual time=1319.970..3055.041 rows=16018 loops=1)
              Hash Cond: (mc.movie_id = t.id)
              ->  Seq Scan on movie_companies mc  (cost=0.00..51404.11 rows=261382 width=4) (actual time=0.021..932.359 rows=258903 loops=1)
                    Filter: (company_id < 129)
                    Rows Removed by Filter: 2350226
              ->  Hash  (cost=73925.90..73925.90 rows=308510 width=4) (actual time=1319.037..1319.037 rows=266599 loops=1)
                    Buckets: 131072  Batches: 8  Memory Usage: 2191kB
                    ->  Seq Scan on title t  (cost=0.00..73925.90 rows=308510 width=4) (actual time=0.021..1234.539 rows=266599 loops=1)
                          Filter: ((kind_id < 7) AND (production_year > 2007))
                          Rows Removed by Filter: 2261713
Planning time: 1.119 ms
Execution time: 4739.566 ms
