Hash Join  (cost=101930.58..159244.64 rows=7371 width=0) (actual time=1451.498..2592.037 rows=11541 loops=1)
  Hash Cond: (mc.movie_id = t.id)
  ->  Seq Scan on movie_companies mc  (cost=0.00..51404.11 rows=1556330 width=4) (actual time=0.023..1010.012 rows=1545864 loops=1)
        Filter: (company_id < 14670)
        Rows Removed by Filter: 1063265
  ->  Hash  (cost=101780.88..101780.88 rows=11976 width=8) (actual time=1313.095..1313.095 rows=6738 loops=1)
        Buckets: 16384  Batches: 1  Memory Usage: 392kB
        ->  Hash Join  (cost=74747.02..101780.88 rows=11976 width=8) (actual time=829.840..1310.722 rows=6738 loops=1)
              Hash Cond: (mi_idx.movie_id = t.id)
              ->  Seq Scan on movie_info_idx mi_idx  (cost=0.00..25185.44 rows=460978 width=4) (actual time=0.024..395.933 rows=459925 loops=1)
                    Filter: (info_type_id < 100)
                    Rows Removed by Filter: 920110
              ->  Hash  (cost=73925.90..73925.90 rows=65689 width=4) (actual time=783.148..783.148 rows=74524 loops=1)
                    Buckets: 131072  Batches: 1  Memory Usage: 3644kB
                    ->  Seq Scan on title t  (cost=0.00..73925.90 rows=65689 width=4) (actual time=135.976..757.094 rows=74524 loops=1)
                          Filter: ((kind_id = 7) AND (production_year = 2006))
                          Rows Removed by Filter: 2453788
Planning time: 1.129 ms
Execution time: 2593.973 ms
