Hash Join  (cost=190230.21..299978.00 rows=748847 width=0) (actual time=4244.368..7328.355 rows=3124380 loops=1)
  Hash Cond: (mk.movie_id = t.id)
  ->  Seq Scan on movie_keyword mk  (cost=0.00..81003.12 rows=1372052 width=4) (actual time=0.028..1430.367 rows=1387924 loops=1)
        Filter: (keyword_id > 12015)
        Rows Removed by Filter: 3136006
  ->  Hash  (cost=167588.78..167588.78 rows=1380035 width=8) (actual time=4243.106..4243.106 rows=1380035 loops=1)
        Buckets: 131072  Batches: 32  Memory Usage: 2726kB
        ->  Hash Join  (cost=102767.86..167588.78 rows=1380035 width=8) (actual time=1949.713..3856.341 rows=1380035 loops=1)
              Hash Cond: (mi_idx.movie_id = t.id)
              ->  Seq Scan on movie_info_idx mi_idx  (cost=0.00..21735.35 rows=1380035 width=4) (actual time=0.018..452.563 rows=1380035 loops=1)
              ->  Hash  (cost=61283.27..61283.27 rows=2528527 width=4) (actual time=1946.585..1946.585 rows=2528312 loops=1)
                    Buckets: 131072  Batches: 64  Memory Usage: 2415kB
                    ->  Seq Scan on title t  (cost=0.00..61283.27 rows=2528527 width=4) (actual time=0.034..1087.834 rows=2528312 loops=1)
Planning time: 1.194 ms
Execution time: 7705.925 ms
