Seq Scan on cast_info ci  (cost=0.00..796071.18 rows=911352 width=0) (actual time=12835.509..14803.783 rows=998546 loops=1)
  Filter: ((person_id > 719294) AND (role_id = 9))
  Rows Removed by Filter: 35245798
Planning time: 0.365 ms
Execution time: 14925.835 ms
