Hash Join  (cost=212104.68..741999.01 rows=2125264 width=0) (actual time=5201.449..17085.711 rows=575268 loops=1)
  Hash Cond: (mi.movie_id = t.id)
  ->  Seq Scan on movie_info mi  (cost=0.00..346232.03 rows=12545135 width=4) (actual time=501.577..7202.174 rows=12601870 loops=1)
        Filter: (info_type_id < 17)
        Rows Removed by Filter: 2233850
  ->  Hash  (cost=205076.23..205076.23 rows=428356 width=8) (actual time=4695.936..4695.936 rows=84368 loops=1)
        Buckets: 131072  Batches: 8  Memory Usage: 1473kB
        ->  Hash Join  (cost=77854.63..205076.23 rows=428356 width=8) (actual time=2645.581..4671.259 rows=84368 loops=1)
              Hash Cond: (mk.movie_id = t.id)
              ->  Seq Scan on movie_keyword mk  (cost=0.00..69693.30 rows=4523930 width=4) (actual time=0.030..1394.953 rows=4523930 loops=1)
              ->  Hash  (cost=73925.90..73925.90 rows=239418 width=4) (actual time=1315.757..1315.757 rows=256906 loops=1)
                    Buckets: 131072  Batches: 4  Memory Usage: 3302kB
                    ->  Seq Scan on title t  (cost=0.00..73925.90 rows=239418 width=4) (actual time=0.031..1226.852 rows=256906 loops=1)
                          Filter: ((production_year > 2010) AND (kind_id = 7))
                          Rows Removed by Filter: 2271406
Planning time: 2.417 ms
Execution time: 17153.295 ms
