Hash Join  (cost=86809.33..1236179.12 rows=11249863 width=0) (actual time=1444.397..35017.316 rows=11860668 loops=1)
  Hash Cond: (ci.movie_id = t.id)
  ->  Seq Scan on cast_info ci  (cost=0.00..614943.12 rows=36225612 width=4) (actual time=0.019..13210.871 rows=36244344 loops=1)
  ->  Hash  (cost=73925.90..73925.90 rows=785234 width=4) (actual time=1443.404..1443.404 rows=692303 loops=1)
        Buckets: 131072  Batches: 16  Memory Usage: 2542kB
        ->  Seq Scan on title t  (cost=0.00..73925.90 rows=785234 width=4) (actual time=0.018..1220.618 rows=692303 loops=1)
              Filter: ((kind_id < 4) AND (production_year > 1946))
              Rows Removed by Filter: 1836009
Planning time: 0.695 ms
Execution time: 36383.793 ms
