Seq Scan on title t  (cost=0.00..67604.59 rows=7437 width=0) (actual time=0.042..1024.680 rows=20122 loops=1)
  Filter: (production_year = 1987)
  Rows Removed by Filter: 2508190
Planning time: 0.873 ms
Execution time: 1028.820 ms
