Seq Scan on cast_info ci  (cost=0.00..796071.18 rows=1523790 width=0) (actual time=1961.135..11832.171 rows=887974 loops=1)
  Filter: ((person_id < 424944) AND (role_id > 3))
  Rows Removed by Filter: 35356370
Planning time: 0.369 ms
Execution time: 11939.681 ms
