Hash Join  (cost=221381.10..1420927.98 rows=10118389 width=0) (actual time=6105.379..47678.889 rows=35304877 loops=1)
  Hash Cond: (ci.movie_id = t.id)
  ->  Seq Scan on cast_info ci  (cost=0.00..705507.15 rows=30405364 width=4) (actual time=0.016..16447.737 rows=30511650 loops=1)
        Filter: (role_id < 9)
        Rows Removed by Filter: 5732694
  ->  Hash  (cost=207575.96..207575.96 rows=841451 width=8) (actual time=6103.777..6103.777 rows=1177634 loops=1)
        Buckets: 131072  Batches: 16  Memory Usage: 3984kB
        ->  Hash Join  (cost=75321.41..207575.96 rows=841451 width=8) (actual time=1298.363..5745.808 rows=1177634 loops=1)
              Hash Cond: (mk.movie_id = t.id)
              ->  Seq Scan on movie_keyword mk  (cost=0.00..69693.30 rows=4523930 width=4) (actual time=0.021..1481.929 rows=4523930 loops=1)
              ->  Hash  (cost=67604.59..67604.59 rows=470306 width=4) (actual time=1297.536..1297.536 rows=465563 loops=1)
                    Buckets: 131072  Batches: 8  Memory Usage: 3070kB
                    ->  Seq Scan on title t  (cost=0.00..67604.59 rows=470306 width=4) (actual time=0.027..1145.001 rows=465563 loops=1)
                          Filter: (production_year < 1977)
                          Rows Removed by Filter: 2062749
Planning time: 1.177 ms
Execution time: 51470.372 ms
