Hash Join  (cost=122534.37..613011.34 rows=1000006 width=0) (actual time=2620.586..14262.426 rows=831291 loops=1)
  Hash Cond: (mi.movie_id = t.id)
  ->  Seq Scan on movie_info mi  (cost=0.00..309384.22 rows=14739122 width=4) (actual time=0.024..5917.642 rows=14835720 loops=1)
  ->  Hash  (cost=119718.95..119718.95 rows=171553 width=8) (actual time=2613.126..2613.126 rows=72486 loops=1)
        Buckets: 131072  Batches: 4  Memory Usage: 1736kB
        ->  Hash Join  (cost=79082.94..119718.95 rows=171553 width=8) (actual time=1391.964..2590.742 rows=72486 loops=1)
              Hash Cond: (mi_idx.movie_id = t.id)
              ->  Seq Scan on movie_info_idx mi_idx  (cost=0.00..21735.35 rows=1380035 width=4) (actual time=0.019..515.243 rows=1380035 loops=1)
              ->  Hash  (cost=73925.90..73925.90 rows=314323 width=4) (actual time=1143.643..1143.643 rows=201761 loops=1)
                    Buckets: 131072  Batches: 8  Memory Usage: 1902kB
                    ->  Seq Scan on title t  (cost=0.00..73925.90 rows=314323 width=4) (actual time=80.892..1077.366 rows=201761 loops=1)
                          Filter: ((production_year < 1980) AND (kind_id = 7))
                          Rows Removed by Filter: 2326551
Planning time: 1.150 ms
Execution time: 14353.779 ms
