Hash Join  (cost=73994.33..160750.31 rows=9794 width=0) (actual time=1315.669..3224.513 rows=9120 loops=1)
  Hash Cond: (mk.movie_id = t.id)
  ->  Seq Scan on movie_keyword mk  (cost=0.00..69693.30 rows=4523930 width=4) (actual time=0.018..1074.419 rows=4523930 loops=1)
  ->  Hash  (cost=73925.90..73925.90 rows=5474 width=4) (actual time=1310.635..1310.635 rows=9567 loops=1)
        Buckets: 16384 (originally 8192)  Batches: 1 (originally 1)  Memory Usage: 465kB
        ->  Seq Scan on title t  (cost=0.00..73925.90 rows=5474 width=4) (actual time=0.552..1305.697 rows=9567 loops=1)
              Filter: ((kind_id > 1) AND (production_year = 1974))
              Rows Removed by Filter: 2518745
Planning time: 0.726 ms
Execution time: 3226.127 ms
