Hash Join  (cost=99574.92..510197.22 rows=1897031 width=0) (actual time=2303.608..10421.399 rows=1830589 loops=1)
  Hash Cond: (mi.movie_id = t.id)
  ->  Seq Scan on movie_info mi  (cost=0.00..346232.03 rows=3068194 width=4) (actual time=0.017..5858.022 rows=3036719 loops=1)
        Filter: (info_type_id = 16)
        Rows Removed by Filter: 11799001
  ->  Hash  (cost=73925.90..73925.90 rows=1563361 width=4) (actual time=2302.256..2302.256 rows=1679658 loops=1)
        Buckets: 131072  Batches: 32  Memory Usage: 2881kB
        ->  Seq Scan on title t  (cost=0.00..73925.90 rows=1563361 width=4) (actual time=0.012..1441.581 rows=1679658 loops=1)
              Filter: ((kind_id > 1) AND (production_year > 1967))
              Rows Removed by Filter: 848654
Planning time: 0.785 ms
Execution time: 10616.817 ms
