Hash Join  (cost=75342.47..932677.06 rows=434272 width=0) (actual time=8126.417..20014.029 rows=447516 loops=1)
  Hash Cond: (ci.movie_id = t.id)
  ->  Seq Scan on cast_info ci  (cost=0.00..705507.15 rows=12726058 width=4) (actual time=6859.174..14126.596 rows=12670688 loops=1)
        Filter: (role_id = 1)
        Rows Removed by Filter: 23573656
  ->  Hash  (cost=73925.90..73925.90 rows=86285 width=4) (actual time=1266.153..1266.153 rows=92628 loops=1)
        Buckets: 131072  Batches: 2  Memory Usage: 2653kB
        ->  Seq Scan on title t  (cost=0.00..73925.90 rows=86285 width=4) (actual time=0.052..1230.244 rows=92628 loops=1)
              Filter: ((kind_id = 7) AND (production_year = 2010))
              Rows Removed by Filter: 2435684
Planning time: 0.789 ms
Execution time: 20069.080 ms
