Hash Join  (cost=74050.79..215625.41 rows=699385 width=0) (actual time=1274.542..5007.618 rows=297742 loops=1)
  Hash Cond: (mk.movie_id = t.id)
  ->  Seq Scan on movie_keyword mk  (cost=0.00..81003.12 rows=4500973 width=4) (actual time=0.025..1838.802 rows=4500269 loops=1)
        Filter: (keyword_id > 5)
        Rows Removed by Filter: 23661
  ->  Hash  (cost=67604.59..67604.59 rows=392896 width=4) (actual time=1273.296..1273.296 rows=391666 loops=1)
        Buckets: 131072  Batches: 8  Memory Usage: 2759kB
        ->  Seq Scan on title t  (cost=0.00..67604.59 rows=392896 width=4) (actual time=0.017..1137.295 rows=391666 loops=1)
              Filter: (production_year > 2010)
              Rows Removed by Filter: 2136646
Planning time: 0.782 ms
Execution time: 5043.602 ms
