Seq Scan on cast_info ci  (cost=0.00..796071.18 rows=396 width=0) (actual time=1395.651..14557.247 rows=235 loops=1)
  Filter: ((role_id < 8) AND (person_id = 1101599))
  Rows Removed by Filter: 36244109
Planning time: 0.372 ms
Execution time: 14557.419 ms
