Hash Join  (cost=100998.56..185864.92 rows=8682 width=0) (actual time=1794.382..3369.849 rows=19669 loops=1)
  Hash Cond: (mk.movie_id = t.id)
  ->  Seq Scan on movie_keyword mk  (cost=0.00..81003.12 rows=1007044 width=4) (actual time=0.035..1381.393 rows=1009410 loops=1)
        Filter: (keyword_id < 978)
        Rows Removed by Filter: 3514520
  ->  Hash  (cost=100726.08..100726.08 rows=21798 width=8) (actual time=1794.082..1794.082 rows=12087 loops=1)
        Buckets: 32768  Batches: 1  Memory Usage: 729kB
        ->  Hash Join  (cost=69596.70..100726.08 rows=21798 width=8) (actual time=1136.271..1788.832 rows=12087 loops=1)
              Hash Cond: (mi_idx.movie_id = t.id)
              ->  Seq Scan on movie_info_idx mi_idx  (cost=0.00..25185.44 rows=454124 width=4) (actual time=0.018..454.256 rows=459925 loops=1)
                    Filter: (info_type_id = 100)
                    Rows Removed by Filter: 920110
              ->  Hash  (cost=67604.59..67604.59 rows=121369 width=4) (actual time=1135.181..1135.181 rows=125365 loops=1)
                    Buckets: 131072  Batches: 2  Memory Usage: 3222kB
                    ->  Seq Scan on title t  (cost=0.00..67604.59 rows=121369 width=4) (actual time=0.029..1090.694 rows=125365 loops=1)
                          Filter: (production_year < 1934)
                          Rows Removed by Filter: 2402947
Planning time: 1.251 ms
Execution time: 3379.484 ms
