Hash Join  (cost=97476.44..153944.13 rows=993717 width=0) (actual time=2034.870..3721.135 rows=959771 loops=1)
  Hash Cond: (mi_idx.movie_id = t.id)
  ->  Seq Scan on movie_info_idx mi_idx  (cost=0.00..21735.35 rows=1380035 width=4) (actual time=0.020..454.469 rows=1380035 loops=1)
  ->  Hash  (cost=67604.59..67604.59 rows=1820708 width=4) (actual time=2033.775..2033.775 rows=1813245 loops=1)
        Buckets: 131072  Batches: 32  Memory Usage: 3022kB
        ->  Seq Scan on title t  (cost=0.00..67604.59 rows=1820708 width=4) (actual time=0.013..1431.630 rows=1813245 loops=1)
              Filter: (production_year > 1987)
              Rows Removed by Filter: 715067
Planning time: 0.517 ms
Execution time: 3838.817 ms
