Seq Scan on cast_info ci  (cost=0.00..796071.18 rows=332 width=0) (actual time=11465.450..13982.050 rows=4 loops=1)
  Filter: ((role_id < 4) AND (person_id = 1186196))
  Rows Removed by Filter: 36244340
Planning time: 0.453 ms
Execution time: 13982.179 ms
