Hash Join  (cost=466354.87..592384.02 rows=330511 width=0) (actual time=7300.584..13673.971 rows=14162209 loops=1)
  Hash Cond: (mk.movie_id = t.id)
  ->  Seq Scan on movie_keyword mk  (cost=0.00..69693.30 rows=4523930 width=4) (actual time=0.019..1519.864 rows=4523930 loops=1)
  ->  Hash  (cost=463323.74..463323.74 rows=184730 width=8) (actual time=7299.702..7299.702 rows=180112 loops=1)
        Buckets: 131072  Batches: 4  Memory Usage: 2806kB
        ->  Hash Join  (cost=102767.86..463323.74 rows=184730 width=8) (actual time=3134.628..7253.921 rows=180112 loops=1)
              Hash Cond: (mi.movie_id = t.id)
              ->  Seq Scan on movie_info mi  (cost=0.00..346232.03 rows=184730 width=4) (actual time=1219.499..4859.204 rows=180112 loops=1)
                    Filter: (info_type_id = 13)
                    Rows Removed by Filter: 14655608
              ->  Hash  (cost=61283.27..61283.27 rows=2528527 width=4) (actual time=1908.886..1908.886 rows=2528312 loops=1)
                    Buckets: 131072  Batches: 64  Memory Usage: 2425kB
                    ->  Seq Scan on title t  (cost=0.00..61283.27 rows=2528527 width=4) (actual time=0.029..1029.140 rows=2528312 loops=1)
Planning time: 5.201 ms
Execution time: 15343.426 ms
