Seq Scan on movie_keyword mk  (cost=0.00..81003.12 rows=666322 width=0) (actual time=0.017..1371.279 rows=665815 loops=1)
  Filter: (keyword_id < 520)
  Rows Removed by Filter: 3858115
Planning time: 0.220 ms
Execution time: 1458.886 ms
