Seq Scan on movie_companies mc  (cost=0.00..57926.93 rows=825825 width=0) (actual time=322.350..1061.030 rows=1038301 loops=1)
  Filter: ((company_id > 4595) AND (company_type_id > 1))
  Rows Removed by Filter: 1570828
Planning time: 0.315 ms
Execution time: 1194.461 ms
