Hash Join  (cost=77062.89..529415.55 rows=1710818 width=0) (actual time=1902.509..11704.121 rows=1878512 loops=1)
  Hash Cond: (mi.movie_id = t.id)
  ->  Seq Scan on movie_info mi  (cost=0.00..346232.03 rows=7503588 width=4) (actual time=472.110..6493.756 rows=7548855 loops=1)
        Filter: (info_type_id > 7)
        Rows Removed by Filter: 7286865
  ->  Hash  (cost=67604.59..67604.59 rows=576504 width=4) (actual time=1429.170..1429.170 rows=568449 loops=1)
        Buckets: 131072  Batches: 8  Memory Usage: 3519kB
        ->  Seq Scan on title t  (cost=0.00..67604.59 rows=576504 width=4) (actual time=0.018..1241.236 rows=568449 loops=1)
              Filter: (production_year < 1984)
              Rows Removed by Filter: 1959863
Planning time: 0.774 ms
Execution time: 11898.974 ms
