Hash Join  (cost=134934.52..872862.52 rows=111269 width=0) (actual time=2698.467..17097.574 rows=688921 loops=1)
  Hash Cond: (ci.movie_id = t.id)
  ->  Seq Scan on cast_info ci  (cost=0.00..705507.15 rows=8348840 width=4) (actual time=0.029..11863.519 rows=8307772 loops=1)
        Filter: (person_id > 2852120)
        Rows Removed by Filter: 27936572
  ->  Hash  (cost=134513.29..134513.29 rows=33699 width=8) (actual time=2697.505..2697.505 rows=45439 loops=1)
        Buckets: 65536  Batches: 1  Memory Usage: 2287kB
        ->  Hash Join  (cost=74403.17..134513.29 rows=33699 width=8) (actual time=1140.241..2679.641 rows=45439 loops=1)
              Hash Cond: (mc.movie_id = t.id)
              ->  Seq Scan on movie_companies mc  (cost=0.00..51404.11 rows=2231738 width=4) (actual time=0.025..1036.796 rows=2228479 loops=1)
                    Filter: (company_id < 84193)
                    Rows Removed by Filter: 380650
              ->  Hash  (cost=73925.90..73925.90 rows=38181 width=4) (actual time=1139.856..1139.856 rows=32218 loops=1)
                    Buckets: 65536  Batches: 1  Memory Usage: 1645kB
                    ->  Seq Scan on title t  (cost=0.00..73925.90 rows=38181 width=4) (actual time=0.142..1124.022 rows=32218 loops=1)
                          Filter: ((kind_id < 3) AND (production_year = 2009))
                          Rows Removed by Filter: 2496094
Planning time: 7.197 ms
Execution time: 17186.313 ms
