Seq Scan on movie_keyword mk  (cost=0.00..81003.12 rows=2583947 width=0) (actual time=0.026..1430.395 rows=2575223 loops=1)
  Filter: (keyword_id < 6647)
  Rows Removed by Filter: 1948707
Planning time: 0.350 ms
Execution time: 1763.420 ms
