Hash Join  (cost=98137.04..191759.46 rows=195153 width=0) (actual time=2505.346..4366.705 rows=118320 loops=1)
  Hash Cond: (mk.movie_id = t.id)
  ->  Seq Scan on movie_keyword mk  (cost=0.00..81003.12 rows=265153 width=4) (actual time=0.017..1326.717 rows=283847 loops=1)
        Filter: (keyword_id < 236)
        Rows Removed by Filter: 4240083
  ->  Hash  (cost=67604.59..67604.59 rows=1860996 width=4) (actual time=2504.528..2504.528 rows=1865487 loops=1)
        Buckets: 131072  Batches: 32  Memory Usage: 3085kB
        ->  Seq Scan on title t  (cost=0.00..67604.59 rows=1860996 width=4) (actual time=0.018..1384.059 rows=1865487 loops=1)
              Filter: (kind_id > 1)
              Rows Removed by Filter: 662825
Planning time: 0.715 ms
Execution time: 4382.174 ms
