Hash Join  (cost=125052.77..477098.53 rows=98 width=0) (actual time=6009.797..6908.213 rows=1 loops=1)
  Hash Cond: (mi.movie_id = t.id)
  ->  Seq Scan on movie_info mi  (cost=0.00..346232.03 rows=1550064 width=4) (actual time=4438.318..5164.877 rows=1533909 loops=1)
        Filter: (info_type_id = 3)
        Rows Removed by Filter: 13301811
  ->  Hash  (cost=125050.76..125050.76 rows=161 width=8) (actual time=1528.755..1528.755 rows=18 loops=1)
        Buckets: 1024  Batches: 1  Memory Usage: 9kB
        ->  Nested Loop  (cost=0.43..125050.76 rows=161 width=8) (actual time=1247.948..1528.724 rows=18 loops=1)
              ->  Seq Scan on movie_keyword mk  (cost=0.00..81003.12 rows=6183 width=4) (actual time=0.611..1311.199 rows=6763 loops=1)
                    Filter: (keyword_id = 4333)
                    Rows Removed by Filter: 4517167
              ->  Index Scan using title_pkey on title t  (cost=0.43..7.11 rows=1 width=4) (actual time=0.032..0.032 rows=0 loops=6763)
                    Index Cond: (id = mk.movie_id)
                    Filter: ((kind_id = 7) AND (production_year = 2006))
                    Rows Removed by Filter: 1
Planning time: 1.311 ms
Execution time: 6908.351 ms
