Hash Join  (cost=93093.72..1125872.41 rows=7475446 width=0) (actual time=2975.185..27897.577 rows=7297259 loops=1)
  Hash Cond: (ci.movie_id = t.id)
  ->  Seq Scan on cast_info ci  (cost=0.00..796071.18 rows=12166409 width=4) (actual time=1270.552..17431.745 rows=12670688 loops=1)
        Filter: ((person_id < 3744112) AND (role_id = 1))
        Rows Removed by Filter: 23573656
  ->  Hash  (cost=67604.59..67604.59 rows=1553611 width=4) (actual time=1703.474..1703.474 rows=1555864 loops=1)
        Buckets: 131072  Batches: 32  Memory Usage: 2734kB
        ->  Seq Scan on title t  (cost=0.00..67604.59 rows=1553611 width=4) (actual time=0.087..1208.208 rows=1555864 loops=1)
              Filter: (kind_id > 4)
              Rows Removed by Filter: 972448
Planning time: 0.556 ms
Execution time: 28759.962 ms
