Hash Join  (cost=102767.86..1480603.19 rows=27530350 width=0) (actual time=1937.861..41404.954 rows=27662998 loops=1)
  Hash Cond: (ci.movie_id = t.id)
  ->  Seq Scan on cast_info ci  (cost=0.00..705507.15 rows=27530350 width=4) (actual time=0.021..16002.154 rows=27662998 loops=1)
        Filter: (person_id > 843224)
        Rows Removed by Filter: 8581346
  ->  Hash  (cost=61283.27..61283.27 rows=2528527 width=4) (actual time=1936.963..1936.963 rows=2528312 loops=1)
        Buckets: 131072  Batches: 64  Memory Usage: 2415kB
        ->  Seq Scan on title t  (cost=0.00..61283.27 rows=2528527 width=4) (actual time=0.018..1080.392 rows=2528312 loops=1)
Planning time: 0.753 ms
Execution time: 44625.340 ms
