Hash Join  (cost=709678.15..764348.83 rows=516 width=0) (actual time=11305.342..12399.037 rows=151 loops=1)
  Hash Cond: (mc.movie_id = t.id)
  ->  Seq Scan on movie_companies mc  (cost=0.00..44881.29 rows=2609129 width=4) (actual time=0.023..677.008 rows=2609129 loops=1)
  ->  Hash  (cost=709671.90..709671.90 rows=500 width=8) (actual time=11275.332..11275.332 rows=127 loops=1)
        Buckets: 1024  Batches: 1  Memory Usage: 13kB
        ->  Nested Loop  (cost=0.43..709671.90 rows=500 width=8) (actual time=2290.553..11275.212 rows=127 loops=1)
              ->  Seq Scan on cast_info ci  (cost=0.00..705507.15 rows=500 width=4) (actual time=2290.441..11270.714 rows=127 loops=1)
                    Filter: (person_id = 1681632)
                    Rows Removed by Filter: 36244217
              ->  Index Only Scan using title_pkey on title t  (cost=0.43..8.32 rows=1 width=4) (actual time=0.034..0.034 rows=1 loops=127)
                    Index Cond: (id = ci.movie_id)
                    Heap Fetches: 127
Planning time: 1.167 ms
Execution time: 12399.170 ms
