Hash Join  (cost=102767.86..1092574.10 rows=7640804 width=0) (actual time=1866.047..17533.983 rows=3256231 loops=1)
  Hash Cond: (ci.movie_id = t.id)
  ->  Seq Scan on cast_info ci  (cost=0.00..796071.18 rows=7640804 width=4) (actual time=25.678..12702.027 rows=3256231 loops=1)
        Filter: ((person_id < 1147976) AND (role_id > 1))
        Rows Removed by Filter: 32988113
  ->  Hash  (cost=61283.27..61283.27 rows=2528527 width=4) (actual time=1838.813..1838.813 rows=2528312 loops=1)
        Buckets: 131072  Batches: 64  Memory Usage: 2415kB
        ->  Seq Scan on title t  (cost=0.00..61283.27 rows=2528527 width=4) (actual time=0.021..1027.730 rows=2528312 loops=1)
Planning time: 1.464 ms
Execution time: 17920.669 ms
