Seq Scan on title t  (cost=0.00..73925.90 rows=736855 width=0) (actual time=0.022..1246.502 rows=746966 loops=1)
  Filter: ((kind_id < 3) AND (production_year > 0))
  Rows Removed by Filter: 1781346
Planning time: 0.243 ms
Execution time: 1343.820 ms
