Hash Join  (cost=83075.17..434048.82 rows=116 width=0) (actual time=5240.756..6910.673 rows=25 loops=1)
  Hash Cond: (mi.movie_id = t.id)
  ->  Seq Scan on movie_info mi  (cost=0.00..346232.03 rows=1264125 width=4) (actual time=3896.823..5426.648 rows=1288928 loops=1)
        Filter: (info_type_id = 2)
        Rows Removed by Filter: 13546792
  ->  Hash  (cost=83072.29..83072.29 rows=231 width=8) (actual time=1304.955..1304.955 rows=23 loops=1)
        Buckets: 1024  Batches: 1  Memory Usage: 9kB
        ->  Nested Loop  (cost=0.43..83072.29 rows=231 width=8) (actual time=81.233..1304.908 rows=23 loops=1)
              ->  Seq Scan on movie_keyword mk  (cost=0.00..81003.12 rows=246 width=4) (actual time=81.169..1303.860 rows=23 loops=1)
                    Filter: (keyword_id = 39597)
                    Rows Removed by Filter: 4523907
              ->  Index Scan using title_pkey on title t  (cost=0.43..8.40 rows=1 width=4) (actual time=0.037..0.038 rows=1 loops=23)
                    Index Cond: (id = mk.movie_id)
                    Filter: (production_year > 1918)
Planning time: 1.222 ms
Execution time: 6910.826 ms
