Hash Join  (cost=89154.34..626692.00 rows=5410573 width=0) (actual time=1784.870..16006.667 rows=3094263 loops=1)
  Hash Cond: (mi.movie_id = t.id)
  ->  Seq Scan on movie_info mi  (cost=0.00..309384.22 rows=14739122 width=4) (actual time=0.015..6313.022 rows=14835720 loops=1)
  ->  Hash  (cost=73925.90..73925.90 rows=928195 width=4) (actual time=1783.820..1783.820 rows=1004724 loops=1)
        Buckets: 131072  Batches: 16  Memory Usage: 3245kB
        ->  Seq Scan on title t  (cost=0.00..73925.90 rows=928195 width=4) (actual time=0.030..1451.630 rows=1004724 loops=1)
              Filter: ((kind_id > 1) AND (production_year > 2002))
              Rows Removed by Filter: 1523588
Planning time: 0.610 ms
Execution time: 16371.537 ms
