Hash Join  (cost=206888.38..773373.82 rows=8123551 width=0) (actual time=4969.417..30324.067 rows=45099030 loops=1)
  Hash Cond: (mi.movie_id = t.id)
  ->  Seq Scan on movie_info mi  (cost=0.00..309384.22 rows=14739122 width=4) (actual time=0.017..6338.424 rows=14835720 loops=1)
  ->  Hash  (cost=184024.23..184024.23 rows=1393612 width=8) (actual time=4968.036..4968.036 rows=1667421 loops=1)
        Buckets: 131072  Batches: 32  Memory Usage: 3109kB
        ->  Hash Join  (cost=89762.59..184024.23 rows=1393612 width=8) (actual time=1614.614..4468.358 rows=1667421 loops=1)
              Hash Cond: (mc.movie_id = t.id)
              ->  Seq Scan on movie_companies mc  (cost=0.00..44881.29 rows=2609129 width=4) (actual time=0.022..858.627 rows=2609129 loops=1)
              ->  Hash  (cost=67604.59..67604.59 rows=1350560 width=4) (actual time=1613.303..1613.303 rows=1348293 loops=1)
                    Buckets: 131072  Batches: 32  Memory Usage: 2505kB
                    ->  Seq Scan on title t  (cost=0.00..67604.59 rows=1350560 width=4) (actual time=0.021..1179.848 rows=1348293 loops=1)
                          Filter: (production_year < 2005)
                          Rows Removed by Filter: 1180019
Planning time: 1.140 ms
Execution time: 35481.619 ms
