Seq Scan on cast_info ci  (cost=0.00..796071.18 rows=38 width=0) (actual time=8364.578..8669.311 rows=4 loops=1)
  Filter: ((person_id = 853674) AND (role_id = 4))
  Rows Removed by Filter: 36244340
Planning time: 0.410 ms
Execution time: 8669.436 ms
