Hash Join  (cost=101472.76..466945.70 rows=81703 width=0) (actual time=1488.315..8404.979 rows=90423 loops=1)
  Hash Cond: (mi.movie_id = t.id)
  ->  Seq Scan on movie_info mi  (cost=0.00..309384.22 rows=14739122 width=4) (actual time=0.012..4104.548 rows=14835720 loops=1)
  ->  Hash  (cost=101297.56..101297.56 rows=14016 width=8) (actual time=1488.074..1488.074 rows=6540 loops=1)
        Buckets: 16384  Batches: 1  Memory Usage: 384kB
        ->  Hash Join  (cost=74246.92..101297.56 rows=14016 width=8) (actual time=1154.464..1486.469 rows=6540 loops=1)
              Hash Cond: (mi_idx.movie_id = t.id)
              ->  Seq Scan on movie_info_idx mi_idx  (cost=0.00..21735.35 rows=1380035 width=4) (actual time=0.022..153.369 rows=1380035 loops=1)
              ->  Hash  (cost=73925.90..73925.90 rows=25681 width=4) (actual time=1154.204..1154.204 rows=23707 loops=1)
                    Buckets: 32768  Batches: 1  Memory Usage: 1090kB
                    ->  Seq Scan on title t  (cost=0.00..73925.90 rows=25681 width=4) (actual time=0.199..1144.042 rows=23707 loops=1)
                          Filter: ((kind_id < 7) AND (production_year = 2013))
                          Rows Removed by Filter: 2504605
Planning time: 1.171 ms
Execution time: 8418.501 ms
