Hash Join  (cost=83074.55..876721.84 rows=1683 width=0) (actual time=1341.310..18821.979 rows=15085 loops=1)
  Hash Cond: (ci.movie_id = t.id)
  ->  Seq Scan on cast_info ci  (cost=0.00..705507.15 rows=23499554 width=4) (actual time=0.024..14088.417 rows=23573656 loops=1)
        Filter: (role_id > 1)
        Rows Removed by Filter: 12670688
  ->  Hash  (cost=83072.29..83072.29 rows=181 width=8) (actual time=1340.855..1340.855 rows=580 loops=1)
        Buckets: 1024  Batches: 1  Memory Usage: 31kB
        ->  Nested Loop  (cost=0.43..83072.29 rows=181 width=8) (actual time=1.341..1340.298 rows=580 loops=1)
              ->  Seq Scan on movie_keyword mk  (cost=0.00..81003.12 rows=246 width=4) (actual time=0.331..1266.498 rows=2087 loops=1)
                    Filter: (keyword_id = 7477)
                    Rows Removed by Filter: 4521843
              ->  Index Scan using title_pkey on title t  (cost=0.43..8.40 rows=1 width=4) (actual time=0.034..0.034 rows=0 loops=2087)
                    Index Cond: (id = mk.movie_id)
                    Filter: (kind_id > 1)
                    Rows Removed by Filter: 1
Planning time: 1.205 ms
Execution time: 18826.204 ms
