Nested Loop  (cost=0.43..709671.90 rows=500 width=0) (actual time=4645.296..10849.639 rows=2 loops=1)
  ->  Seq Scan on cast_info ci  (cost=0.00..705507.15 rows=500 width=4) (actual time=4645.200..10849.510 rows=2 loops=1)
        Filter: (person_id = 719049)
        Rows Removed by Filter: 36244342
  ->  Index Only Scan using title_pkey on title t  (cost=0.43..8.32 rows=1 width=4) (actual time=0.047..0.049 rows=1 loops=2)
        Index Cond: (id = ci.movie_id)
        Heap Fetches: 2
Planning time: 0.807 ms
Execution time: 10849.703 ms
