Seq Scan on movie_keyword mk  (cost=0.00..81003.12 rows=3048356 width=0) (actual time=0.024..1526.455 rows=3031717 loops=1)
  Filter: (keyword_id > 2130)
  Rows Removed by Filter: 1492213
Planning time: 0.357 ms
Execution time: 1907.808 ms
