Seq Scan on cast_info ci  (cost=0.00..705507.15 rows=19165220 width=0) (actual time=426.793..12862.470 rows=19305137 loops=1)
  Filter: (person_id > 1674083)
  Rows Removed by Filter: 16939207
Planning time: 0.314 ms
Execution time: 15256.668 ms
