Hash Join  (cost=152674.81..527822.60 rows=244095 width=0) (actual time=3090.477..10153.313 rows=615029 loops=1)
  Hash Cond: (mi.movie_id = t.id)
  ->  Seq Scan on movie_info mi  (cost=0.00..346232.03 rows=2194617 width=4) (actual time=0.019..5931.673 rows=2233850 loops=1)
        Filter: (info_type_id > 16)
        Rows Removed by Filter: 12601870
  ->  Hash  (cost=148060.39..148060.39 rows=281234 width=8) (actual time=3089.624..3089.624 rows=238681 loops=1)
        Buckets: 131072  Batches: 4  Memory Usage: 3361kB
        ->  Hash Join  (cost=76379.89..148060.39 rows=281234 width=8) (actual time=1360.509..3013.047 rows=238681 loops=1)
              Hash Cond: (mc.movie_id = t.id)
              ->  Seq Scan on movie_companies mc  (cost=0.00..51404.11 rows=1329612 width=4) (actual time=0.016..922.107 rows=1334883 loops=1)
                    Filter: (company_type_id = 2)
                    Rows Removed by Filter: 1274246
              ->  Hash  (cost=67604.59..67604.59 rows=534824 width=4) (actual time=1359.501..1359.501 rows=533369 loops=1)
                    Buckets: 131072  Batches: 8  Memory Usage: 3369kB
                    ->  Seq Scan on title t  (cost=0.00..67604.59 rows=534824 width=4) (actual time=0.016..1191.064 rows=533369 loops=1)
                          Filter: (production_year > 2009)
                          Rows Removed by Filter: 1994943
Planning time: 1.252 ms
Execution time: 10233.268 ms
