Hash Join  (cost=102767.86..842754.28 rows=1022355 width=0) (actual time=2253.926..13786.872 rows=899059 loops=1)
  Hash Cond: (ci.movie_id = t.id)
  ->  Seq Scan on cast_info ci  (cost=0.00..705507.15 rows=1022355 width=4) (actual time=342.598..10732.184 rows=899059 loops=1)
        Filter: (person_id < 93986)
        Rows Removed by Filter: 35345285
  ->  Hash  (cost=61283.27..61283.27 rows=2528527 width=4) (actual time=1878.493..1878.493 rows=2528312 loops=1)
        Buckets: 131072  Batches: 64  Memory Usage: 2415kB
        ->  Seq Scan on title t  (cost=0.00..61283.27 rows=2528527 width=4) (actual time=0.026..1041.271 rows=2528312 loops=1)
Planning time: 0.792 ms
Execution time: 13900.605 ms
