Hash Join  (cost=583046.46..764609.40 rows=4102641 width=0) (actual time=12397.679..22554.815 rows=27209907 loops=1)
  Hash Cond: (mk.movie_id = t.id)
  ->  Seq Scan on movie_keyword mk  (cost=0.00..81003.12 rows=3381024 width=4) (actual time=0.024..1780.625 rows=3371855 loops=1)
        Filter: (keyword_id < 16170)
        Rows Removed by Filter: 1152075
  ->  Hash  (cost=532708.04..532708.04 rows=3068194 width=8) (actual time=12395.433..12395.433 rows=3036719 loops=1)
        Buckets: 131072  Batches: 64  Memory Usage: 2960kB
        ->  Hash Join  (cost=102767.86..532708.04 rows=3068194 width=8) (actual time=3935.737..11423.000 rows=3036719 loops=1)
              Hash Cond: (mi.movie_id = t.id)
              ->  Seq Scan on movie_info mi  (cost=0.00..346232.03 rows=3068194 width=4) (actual time=1879.070..5790.324 rows=3036719 loops=1)
                    Filter: (info_type_id = 16)
                    Rows Removed by Filter: 11799001
              ->  Hash  (cost=61283.27..61283.27 rows=2528527 width=4) (actual time=2055.126..2055.126 rows=2528312 loops=1)
                    Buckets: 131072  Batches: 64  Memory Usage: 2425kB
                    ->  Seq Scan on title t  (cost=0.00..61283.27 rows=2528527 width=4) (actual time=0.023..1194.765 rows=2528312 loops=1)
Planning time: 1.163 ms
Execution time: 25766.757 ms
