Nested Loop  (cost=0.43..709671.90 rows=500 width=0) (actual time=6147.519..10363.835 rows=551 loops=1)
  ->  Seq Scan on cast_info ci  (cost=0.00..705507.15 rows=500 width=4) (actual time=6147.368..10338.416 rows=551 loops=1)
        Filter: (person_id = 2390874)
        Rows Removed by Filter: 36243793
  ->  Index Only Scan using title_pkey on title t  (cost=0.43..8.32 rows=1 width=4) (actual time=0.045..0.045 rows=1 loops=551)
        Index Cond: (id = ci.movie_id)
        Heap Fetches: 551
Planning time: 0.727 ms
Execution time: 10364.058 ms
