Hash Join  (cost=98498.33..253147.81 rows=2679644 width=0) (actual time=3889.391..5804.111 rows=635485 loops=1)
  Hash Cond: (mk.movie_id = t.id)
  ->  Seq Scan on movie_keyword mk  (cost=0.00..69693.30 rows=4523930 width=4) (actual time=0.014..1503.252 rows=4523930 loops=1)
  ->  Hash  (cost=73925.90..73925.90 rows=1497714 width=4) (actual time=1960.885..1960.885 rows=1478440 loops=1)
        Buckets: 131072  Batches: 32  Memory Usage: 2656kB
        ->  Seq Scan on title t  (cost=0.00..73925.90 rows=1497714 width=4) (actual time=0.020..1481.930 rows=1478440 loops=1)
              Filter: ((production_year > 0) AND (kind_id = 7))
              Rows Removed by Filter: 1049872
Planning time: 11.200 ms
Execution time: 5877.393 ms
