Hash Join  (cost=220807.66..270124.08 rows=677494 width=0) (actual time=5100.184..7013.864 rows=2245669 loops=1)
  Hash Cond: (mi_idx.movie_id = t.id)
  ->  Seq Scan on movie_info_idx mi_idx  (cost=0.00..21735.35 rows=1380035 width=4) (actual time=0.027..504.838 rows=1380035 loops=1)
  ->  Hash  (cost=200442.19..200442.19 rows=1241317 width=8) (actual time=5099.032..5099.032 rows=1210197 loops=1)
        Buckets: 131072  Batches: 32  Memory Usage: 2476kB
        ->  Hash Join  (cost=102767.86..200442.19 rows=1241317 width=8) (actual time=2053.187..4766.745 rows=1210197 loops=1)
              Hash Cond: (mc.movie_id = t.id)
              ->  Seq Scan on movie_companies mc  (cost=0.00..57926.93 rows=1241317 width=4) (actual time=0.018..1351.079 rows=1210197 loops=1)
                    Filter: ((company_id > 11) AND (company_type_id < 2))
                    Rows Removed by Filter: 1398932
              ->  Hash  (cost=61283.27..61283.27 rows=2528527 width=4) (actual time=2051.777..2051.777 rows=2528312 loops=1)
                    Buckets: 131072  Batches: 64  Memory Usage: 2415kB
                    ->  Seq Scan on title t  (cost=0.00..61283.27 rows=2528527 width=4) (actual time=0.018..1197.824 rows=2528312 loops=1)
Planning time: 2.078 ms
Execution time: 7285.460 ms
