Hash Join  (cost=68449.54..164773.19 rows=101950 width=0) (actual time=1072.904..3268.171 rows=125231 loops=1)
  Hash Cond: (mk.movie_id = t.id)
  ->  Seq Scan on movie_keyword mk  (cost=0.00..81003.12 rows=3813607 width=4) (actual time=0.013..1532.168 rows=3808183 loops=1)
        Filter: (keyword_id < 26327)
        Rows Removed by Filter: 715747
  ->  Hash  (cost=67604.59..67604.59 rows=67596 width=4) (actual time=1072.193..1072.193 rows=67777 loops=1)
        Buckets: 131072  Batches: 1  Memory Usage: 3407kB
        ->  Seq Scan on title t  (cost=0.00..67604.59 rows=67596 width=4) (actual time=0.031..1043.665 rows=67777 loops=1)
              Filter: (production_year = 2003)
              Rows Removed by Filter: 2460535
Planning time: 0.745 ms
Execution time: 3283.727 ms
