Hash Join  (cost=108248.19..938251.84 rows=616554 width=0) (actual time=1989.028..30263.797 rows=1300788 loops=1)
  Hash Cond: (ci.movie_id = t.id)
  ->  Seq Scan on cast_info ci  (cost=0.00..705507.15 rows=31554923 width=4) (actual time=0.021..16395.654 rows=31605208 loops=1)
        Filter: (role_id < 10)
        Rows Removed by Filter: 4639136
  ->  Hash  (cost=107630.63..107630.63 rows=49405 width=8) (actual time=1987.400..1987.400 rows=113058 loops=1)
        Buckets: 131072 (originally 65536)  Batches: 2 (originally 1)  Memory Usage: 3246kB
        ->  Hash Join  (cost=69090.10..107630.63 rows=49405 width=8) (actual time=1283.267..1948.777 rows=113058 loops=1)
              Hash Cond: (mi_idx.movie_id = t.id)
              ->  Seq Scan on movie_info_idx mi_idx  (cost=0.00..21735.35 rows=1380035 width=4) (actual time=0.018..428.637 rows=1380035 loops=1)
              ->  Hash  (cost=67604.59..67604.59 rows=90521 width=4) (actual time=1035.295..1035.295 rows=90852 loops=1)
                    Buckets: 131072  Batches: 2  Memory Usage: 2626kB
                    ->  Seq Scan on title t  (cost=0.00..67604.59 rows=90521 width=4) (actual time=0.024..996.470 rows=90852 loops=1)
                          Filter: (kind_id = 2)
                          Rows Removed by Filter: 2437460
Planning time: 2.945 ms
Execution time: 30430.089 ms
