Hash Join  (cost=367529.67..524619.44 rows=2238283 width=146) (actual time=9027.300..21033.186 rows=17298989 loops=1)
  Hash Cond: (mc.movie_id = t.id)
  ->  Seq Scan on movie_companies mc  (cost=0.00..44881.29 rows=2609129 width=40) (actual time=0.020..896.299 rows=2609129 loops=1)
  ->  Hash  (cost=304403.46..304403.46 rows=2169137 width=106) (actual time=9026.864..9026.864 rows=2169103 loops=1)
        Buckets: 32768  Batches: 128  Memory Usage: 2393kB
        ->  Hash Join  (cost=129928.86..304403.46 rows=2169137 width=106) (actual time=2772.055..7296.684 rows=2169103 loops=1)
              Hash Cond: (mk.movie_id = t.id)
              ->  Seq Scan on movie_keyword mk  (cost=0.00..81003.12 rows=2169137 width=12) (actual time=0.022..1862.700 rows=2169103 loops=1)
                    Filter: (keyword_id > 5283)
                    Rows Removed by Filter: 2354827
              ->  Hash  (cost=61283.27..61283.27 rows=2528527 width=94) (actual time=2770.124..2770.124 rows=2528312 loops=1)
                    Buckets: 32768  Batches: 128  Memory Usage: 2470kB
                    ->  Seq Scan on title t  (cost=0.00..61283.27 rows=2528527 width=94) (actual time=0.010..1050.480 rows=2528312 loops=1)
Planning time: 1.321 ms
Execution time: 21992.991 ms
