Hash Join  (cost=229474.61..1006877.15 rows=1785648 width=0) (actual time=8816.258..19844.094 rows=2107596 loops=1)
  Hash Cond: (ci.movie_id = t.id)
  ->  Seq Scan on cast_info ci  (cost=0.00..705507.15 rows=4320508 width=4) (actual time=4292.343..12079.124 rows=4323018 loops=1)
        Filter: (role_id = 10)
        Rows Removed by Filter: 31921326
  ->  Hash  (cost=212328.73..212328.73 rows=1045030 width=8) (actual time=4521.210..4521.210 rows=270451 loops=1)
        Buckets: 131072  Batches: 16  Memory Usage: 1699kB
        ->  Hash Join  (cost=92883.59..212328.73 rows=1045030 width=8) (actual time=3132.016..4453.252 rows=270451 loops=1)
              Hash Cond: (mk.movie_id = t.id)
              ->  Seq Scan on movie_keyword mk  (cost=0.00..81003.12 rows=1714944 width=4) (actual time=0.044..1656.923 rows=1722382 loops=1)
                    Filter: (keyword_id > 8232)
                    Rows Removed by Filter: 2801548
              ->  Hash  (cost=67604.59..67604.59 rows=1540800 width=4) (actual time=1787.776..1787.776 rows=1543264 loops=1)
                    Buckets: 131072  Batches: 32  Memory Usage: 2728kB
                    ->  Seq Scan on title t  (cost=0.00..67604.59 rows=1540800 width=4) (actual time=0.021..1271.866 rows=1543264 loops=1)
                          Filter: (kind_id = 7)
                          Rows Removed by Filter: 985048
Planning time: 1.164 ms
Execution time: 20072.377 ms
