Hash Join  (cost=76796.18..1136341.15 rows=2505780 width=0) (actual time=1139.253..31554.170 rows=2717602 loops=1)
  Hash Cond: (ci.movie_id = t.id)
  ->  Seq Scan on cast_info ci  (cost=0.00..614943.12 rows=36225612 width=4) (actual time=0.021..13552.469 rows=36244344 loops=1)
  ->  Hash  (cost=73925.90..73925.90 rows=174902 width=4) (actual time=1138.557..1138.557 rows=160286 loops=1)
        Buckets: 131072  Batches: 4  Memory Usage: 2435kB
        ->  Seq Scan on title t  (cost=0.00..73925.90 rows=174902 width=4) (actual time=0.014..1085.142 rows=160286 loops=1)
              Filter: ((kind_id < 2) AND (production_year > 2008))
              Rows Removed by Filter: 2368026
Planning time: 0.729 ms
Execution time: 31911.643 ms
