Seq Scan on movie_companies mc  (cost=0.00..57926.93 rows=1152 width=0) (actual time=151.455..930.945 rows=3139 loops=1)
  Filter: ((company_type_id < 2) AND (company_id = 452))
  Rows Removed by Filter: 2605990
Planning time: 0.411 ms
Execution time: 931.627 ms
