Hash Join  (cost=96679.19..662742.89 rows=8083977 width=0) (actual time=2061.932..17439.860 rows=3870757 loops=1)
  Hash Cond: (mi.movie_id = t.id)
  ->  Seq Scan on movie_info mi  (cost=0.00..309384.22 rows=14739122 width=4) (actual time=0.016..6255.724 rows=14835720 loops=1)
  ->  Hash  (cost=73925.90..73925.90 rows=1386823 width=4) (actual time=2008.142..2008.142 rows=1464545 loops=1)
        Buckets: 131072  Batches: 32  Memory Usage: 2641kB
        ->  Seq Scan on title t  (cost=0.00..73925.90 rows=1386823 width=4) (actual time=0.029..1526.698 rows=1464545 loops=1)
              Filter: ((production_year > 1953) AND (kind_id = 7))
              Rows Removed by Filter: 1063767
Planning time: 0.779 ms
Execution time: 17895.953 ms
