Hash Join  (cost=263115.61..1707486.20 rows=27006258 width=0) (actual time=6265.108..56751.445 rows=57330757 loops=1)
  Hash Cond: (ci.movie_id = t.id)
  ->  Seq Scan on cast_info ci  (cost=0.00..796071.18 rows=26171973 width=4) (actual time=0.020..20271.180 rows=28808107 loops=1)
        Filter: ((person_id < 3471671) AND (role_id < 8))
        Rows Removed by Filter: 7436237
  ->  Hash  (cost=220309.49..220309.49 rows=2609129 width=8) (actual time=6263.022..6263.022 rows=2609129 loops=1)
        Buckets: 131072  Batches: 64  Memory Usage: 2610kB
        ->  Hash Join  (cost=102767.86..220309.49 rows=2609129 width=8) (actual time=1936.462..5517.132 rows=2609129 loops=1)
              Hash Cond: (mc.movie_id = t.id)
              ->  Seq Scan on movie_companies mc  (cost=0.00..44881.29 rows=2609129 width=4) (actual time=0.009..984.527 rows=2609129 loops=1)
              ->  Hash  (cost=61283.27..61283.27 rows=2528527 width=4) (actual time=1935.615..1935.615 rows=2528312 loops=1)
                    Buckets: 131072  Batches: 64  Memory Usage: 2415kB
                    ->  Seq Scan on title t  (cost=0.00..61283.27 rows=2528527 width=4) (actual time=0.016..1120.612 rows=2528312 loops=1)
Planning time: 1.192 ms
Execution time: 62991.933 ms
