Seq Scan on movie_companies mc  (cost=0.00..57926.93 rows=668190 width=0) (actual time=0.024..985.146 rows=912953 loops=1)
  Filter: ((company_id > 11244) AND (company_type_id = 2))
  Rows Removed by Filter: 1696176
Planning time: 0.394 ms
Execution time: 1102.044 ms
