Hash Join  (cost=657721.88..2429942.67 rows=49841757 width=0) (actual time=19101.902..122818.441 rows=285076122 loops=1)
  Hash Cond: (ci.movie_id = t.id)
  ->  Seq Scan on cast_info ci  (cost=0.00..614943.12 rows=36225612 width=4) (actual time=0.021..13528.279 rows=36244344 loops=1)
  ->  Hash  (cost=600645.30..600645.30 rows=3478926 width=8) (actual time=19098.844..19098.844 rows=6152397 loops=1)
        Buckets: 131072 (originally 131072)  Batches: 128 (originally 64)  Memory Usage: 3073kB
        ->  Hash Join  (cost=83718.12..600645.30 rows=3478926 width=8) (actual time=1538.630..17224.903 rows=6152397 loops=1)
              Hash Cond: (mi.movie_id = t.id)
              ->  Seq Scan on movie_info mi  (cost=0.00..309384.22 rows=14739122 width=4) (actual time=0.019..6497.721 rows=14835720 loops=1)
              ->  Hash  (cost=73925.90..73925.90 rows=596817 width=4) (actual time=1416.806..1416.806 rows=479112 loops=1)
                    Buckets: 131072  Batches: 8  Memory Usage: 3151kB
                    ->  Seq Scan on title t  (cost=0.00..73925.90 rows=596817 width=4) (actual time=543.640..1264.204 rows=479112 loops=1)
                          Filter: ((production_year > 1955) AND (kind_id = 1))
                          Rows Removed by Filter: 2049200
Planning time: 1.144 ms
Execution time: 153302.354 ms
