Hash Join  (cost=75306.34..447973.25 rows=73007 width=0) (actual time=1482.229..7600.951 rows=93816 loops=1)
  Hash Cond: (mi.movie_id = t.id)
  ->  Seq Scan on movie_info mi  (cost=0.00..346232.03 rows=2194617 width=4) (actual time=0.017..5310.031 rows=2233850 loops=1)
        Filter: (info_type_id > 16)
        Rows Removed by Filter: 12601870
  ->  Hash  (cost=73925.90..73925.90 rows=84115 width=4) (actual time=1263.045..1263.045 rows=88043 loops=1)
        Buckets: 131072  Batches: 2  Memory Usage: 2580kB
        ->  Seq Scan on title t  (cost=0.00..73925.90 rows=84115 width=4) (actual time=251.282..1230.536 rows=88043 loops=1)
              Filter: ((production_year > 1970) AND (kind_id = 3))
              Rows Removed by Filter: 2440269
Planning time: 0.785 ms
Execution time: 7614.434 ms
