Seq Scan on movie_keyword mk  (cost=0.00..81003.12 rows=1298209 width=0) (actual time=0.028..1374.917 rows=1314052 loops=1)
  Filter: (keyword_id > 13366)
  Rows Removed by Filter: 3209878
Planning time: 0.298 ms
Execution time: 1542.728 ms
