Hash Join  (cost=102767.86..198050.42 rows=1141885 width=0) (actual time=1916.837..4336.417 rows=964058 loops=1)
  Hash Cond: (mc.movie_id = t.id)
  ->  Seq Scan on movie_companies mc  (cost=0.00..57926.93 rows=1141885 width=4) (actual time=0.024..1263.199 rows=964058 loops=1)
        Filter: ((company_id < 85358) AND (company_type_id = 2))
        Rows Removed by Filter: 1645071
  ->  Hash  (cost=61283.27..61283.27 rows=2528527 width=4) (actual time=1915.440..1915.440 rows=2528312 loops=1)
        Buckets: 131072  Batches: 64  Memory Usage: 2415kB
        ->  Seq Scan on title t  (cost=0.00..61283.27 rows=2528527 width=4) (actual time=0.015..1082.628 rows=2528312 loops=1)
Planning time: 0.725 ms
Execution time: 4448.996 ms
