Hash Join  (cost=102767.86..202810.74 rows=1610755 width=0) (actual time=1833.833..4713.680 rows=1602756 loops=1)
  Hash Cond: (mc.movie_id = t.id)
  ->  Seq Scan on movie_companies mc  (cost=0.00..51404.11 rows=1610755 width=4) (actual time=0.018..1091.326 rows=1602756 loops=1)
        Filter: (company_id < 16449)
        Rows Removed by Filter: 1006373
  ->  Hash  (cost=61283.27..61283.27 rows=2528527 width=4) (actual time=1832.418..1832.418 rows=2528312 loops=1)
        Buckets: 131072  Batches: 64  Memory Usage: 2415kB
        ->  Seq Scan on title t  (cost=0.00..61283.27 rows=2528527 width=4) (actual time=0.019..1023.042 rows=2528312 loops=1)
Planning time: 0.761 ms
Execution time: 4909.975 ms
