Hash Join  (cost=154329.12..519381.72 rows=39669 width=0) (actual time=2508.997..9735.185 rows=158881 loops=1)
  Hash Cond: (mi.movie_id = t.id)
  ->  Seq Scan on movie_info mi  (cost=0.00..309384.22 rows=14739122 width=4) (actual time=0.018..4290.515 rows=14835720 loops=1)
  ->  Hash  (cost=154244.06..154244.06 rows=6805 width=8) (actual time=2482.454..2482.454 rows=3646 loops=1)
        Buckets: 8192  Batches: 1  Memory Usage: 207kB
        ->  Hash Join  (cost=71408.55..154244.06 rows=6805 width=8) (actual time=1121.133..2480.950 rows=3646 loops=1)
              Hash Cond: (mk.movie_id = t.id)
              ->  Seq Scan on movie_keyword mk  (cost=0.00..81003.12 rows=74222 width=4) (actual time=0.043..1297.744 rows=73896 loops=1)
                    Filter: (keyword_id > 89765)
                    Rows Removed by Filter: 4450034
              ->  Hash  (cost=67604.59..67604.59 rows=231837 width=4) (actual time=1115.789..1115.789 rows=231649 loops=1)
                    Buckets: 131072  Batches: 4  Memory Usage: 3082kB
                    ->  Seq Scan on title t  (cost=0.00..67604.59 rows=231837 width=4) (actual time=0.016..1034.891 rows=231649 loops=1)
                          Filter: (production_year > 2011)
                          Rows Removed by Filter: 2296663
Planning time: 1.915 ms
Execution time: 9757.707 ms
