Seq Scan on cast_info ci  (cost=0.00..796071.18 rows=1281700 width=0) (actual time=5755.145..11613.134 rows=2544314 loops=1)
  Filter: ((person_id < 338514) AND (role_id < 2))
  Rows Removed by Filter: 33700030
Planning time: 0.281 ms
Execution time: 11921.780 ms
