Seq Scan on movie_keyword mk  (cost=0.00..81003.12 rows=911278 width=0) (actual time=0.026..1319.194 rows=916309 loops=1)
  Filter: (keyword_id < 868)
  Rows Removed by Filter: 3607621
Planning time: 0.313 ms
Execution time: 1433.634 ms
