Seq Scan on movie_companies mc  (cost=0.00..51404.11 rows=2457692 width=0) (actual time=0.021..1015.533 rows=2458913 loops=1)
  Filter: (company_id < 132014)
  Rows Removed by Filter: 150216
Planning time: 0.336 ms
Execution time: 1335.161 ms
