Hash Join  (cost=102767.86..283318.53 rows=3726495 width=0) (actual time=1944.271..6741.208 rows=3723261 loops=1)
  Hash Cond: (mk.movie_id = t.id)
  ->  Seq Scan on movie_keyword mk  (cost=0.00..81003.12 rows=3726495 width=4) (actual time=0.023..1753.684 rows=3723261 loops=1)
        Filter: (keyword_id < 23103)
        Rows Removed by Filter: 800669
  ->  Hash  (cost=61283.27..61283.27 rows=2528527 width=4) (actual time=1942.589..1942.589 rows=2528312 loops=1)
        Buckets: 131072  Batches: 64  Memory Usage: 2425kB
        ->  Seq Scan on title t  (cost=0.00..61283.27 rows=2528527 width=4) (actual time=0.025..1067.938 rows=2528312 loops=1)
Planning time: 0.750 ms
Execution time: 7160.948 ms
