Seq Scan on movie_keyword mk  (cost=0.00..81003.12 rows=1545678 width=0) (actual time=0.028..1398.858 rows=1560605 loops=1)
  Filter: (keyword_id > 10076)
  Rows Removed by Filter: 2963325
Planning time: 0.320 ms
Execution time: 1594.168 ms
