Nested Loop  (cost=0.43..799346.52 rows=392 width=0) (actual time=11028.772..14668.000 rows=266 loops=1)
  ->  Seq Scan on cast_info ci  (cost=0.00..796071.18 rows=392 width=4) (actual time=11028.602..14661.213 rows=266 loops=1)
        Filter: ((role_id < 7) AND (person_id = 2436461))
        Rows Removed by Filter: 36244078
  ->  Index Only Scan using title_pkey on title t  (cost=0.43..8.35 rows=1 width=4) (actual time=0.024..0.025 rows=1 loops=266)
        Index Cond: (id = ci.movie_id)
        Heap Fetches: 266
Planning time: 0.778 ms
Execution time: 14668.152 ms
