Hash Join  (cost=85692.35..610104.26 rows=4180398 width=0) (actual time=1371.164..16387.600 rows=6825249 loops=1)
  Hash Cond: (mi.movie_id = t.id)
  ->  Seq Scan on movie_info mi  (cost=0.00..309384.22 rows=14739122 width=4) (actual time=0.021..5734.254 rows=14835720 loops=1)
  ->  Hash  (cost=73925.90..73925.90 rows=717156 width=4) (actual time=1370.184..1370.184 rows=620281 loops=1)
        Buckets: 131072  Batches: 16  Memory Usage: 2394kB
        ->  Seq Scan on title t  (cost=0.00..73925.90 rows=717156 width=4) (actual time=0.022..1183.975 rows=620281 loops=1)
              Filter: ((kind_id < 7) AND (production_year > 1986))
              Rows Removed by Filter: 1908031
Planning time: 0.734 ms
Execution time: 17208.115 ms
