Seq Scan on movie_companies mc  (cost=0.00..57926.93 rows=621152 width=0) (actual time=320.114..944.349 rows=399296 loops=1)
  Filter: ((company_id < 11137) AND (company_type_id = 2))
  Rows Removed by Filter: 2209833
Planning time: 0.385 ms
Execution time: 991.015 ms
