Hash Join  (cost=74426.67..441417.80 rows=233521 width=0) (actual time=1238.670..9723.220 rows=60062 loops=1)
  Hash Cond: (mi.movie_id = t.id)
  ->  Seq Scan on movie_info mi  (cost=0.00..309384.22 rows=14739122 width=4) (actual time=0.013..4566.477 rows=14835720 loops=1)
  ->  Hash  (cost=73925.90..73925.90 rows=40061 width=4) (actual time=1238.263..1238.263 rows=40120 loops=1)
        Buckets: 65536  Batches: 1  Memory Usage: 1923kB
        ->  Seq Scan on title t  (cost=0.00..73925.90 rows=40061 width=4) (actual time=0.017..1220.747 rows=40120 loops=1)
              Filter: ((kind_id = 7) AND (production_year = 2013))
              Rows Removed by Filter: 2488192
Planning time: 3.932 ms
Execution time: 9731.690 ms
