Hash Join  (cost=834304.24..1589897.04 rows=3399714 width=0) (actual time=22844.086..38422.754 rows=10139445 loops=1)
  Hash Cond: (mi.movie_id = t.id)
  ->  Seq Scan on movie_info mi  (cost=0.00..309384.22 rows=14739122 width=4) (actual time=0.012..6247.642 rows=14835720 loops=1)
  ->  Hash  (cost=824734.90..824734.90 rows=583228 width=8) (actual time=22842.987..22842.987 rows=604911 loops=1)
        Buckets: 131072  Batches: 8  Memory Usage: 3878kB
        ->  Hash Join  (cost=68113.45..824734.90 rows=583228 width=8) (actual time=1029.158..21784.447 rows=604911 loops=1)
              Hash Cond: (ci.movie_id = t.id)
              ->  Seq Scan on cast_info ci  (cost=0.00..614943.12 rows=36225612 width=4) (actual time=0.025..9750.263 rows=36244344 loops=1)
              ->  Hash  (cost=67604.59..67604.59 rows=40709 width=4) (actual time=1028.637..1028.637 rows=38955 loops=1)
                    Buckets: 65536  Batches: 1  Memory Usage: 1882kB
                    ->  Seq Scan on title t  (cost=0.00..67604.59 rows=40709 width=4) (actual time=0.066..1012.124 rows=38955 loops=1)
                          Filter: (production_year = 1997)
                          Rows Removed by Filter: 2489357
Planning time: 0.772 ms
Execution time: 39561.258 ms
