Seq Scan on movie_companies mc  (cost=0.00..57926.93 rows=879371 width=0) (actual time=2.013..1018.611 rows=1077989 loops=1)
  Filter: ((company_id > 2609) AND (company_type_id > 1))
  Rows Removed by Filter: 1531140
Planning time: 0.371 ms
Execution time: 1153.764 ms
