Hash Join  (cost=657113.45..2457461.69 rows=52579800 width=0) (actual time=17766.709..79896.875 rows=110820056 loops=1)
  Hash Cond: (ci.movie_id = t.id)
  ->  Seq Scan on cast_info ci  (cost=0.00..614943.12 rows=36225612 width=4) (actual time=0.016..13446.360 rows=36244344 loops=1)
  ->  Hash  (cost=596900.95..596900.95 rows=3670040 width=8) (actual time=17765.432..17765.432 rows=5147824 loops=1)
        Buckets: 131072 (originally 131072)  Batches: 128 (originally 64)  Memory Usage: 3073kB
        ->  Hash Join  (cost=77934.62..596900.95 rows=3670040 width=8) (actual time=1406.187..15841.905 rows=5147824 loops=1)
              Hash Cond: (mi.movie_id = t.id)
              ->  Seq Scan on movie_info mi  (cost=0.00..309384.22 rows=14739122 width=4) (actual time=0.020..6042.888 rows=14835720 loops=1)
              ->  Hash  (cost=67604.59..67604.59 rows=629603 width=4) (actual time=1405.387..1405.387 rows=622851 loops=1)
                    Buckets: 131072  Batches: 16  Memory Usage: 2394kB
                    ->  Seq Scan on title t  (cost=0.00..67604.59 rows=629603 width=4) (actual time=0.028..1198.043 rows=622851 loops=1)
                          Filter: (production_year < 1987)
                          Rows Removed by Filter: 1905461
Planning time: 4.050 ms
Execution time: 92427.169 ms
