Seq Scan on movie_keyword mk  (cost=0.00..81003.12 rows=1713087 width=0) (actual time=0.024..1438.767 rows=1719429 loops=1)
  Filter: (keyword_id > 8252)
  Rows Removed by Filter: 2804501
Planning time: 0.312 ms
Execution time: 1650.023 ms
