Hash Join  (cost=101458.67..982437.22 rows=2990049 width=0) (actual time=5019.725..22341.538 rows=7040791 loops=1)
  Hash Cond: (ci.movie_id = t.id)
  ->  Seq Scan on cast_info ci  (cost=0.00..796071.18 rows=3663976 width=4) (actual time=2785.814..13895.434 rows=7878527 loops=1)
        Filter: ((person_id > 2618241) AND (role_id > 3))
        Rows Removed by Filter: 28365817
  ->  Hash  (cost=67604.59..67604.59 rows=2063447 width=4) (actual time=2232.414..2232.414 rows=2060346 loops=1)
        Buckets: 131072  Batches: 32  Memory Usage: 3293kB
        ->  Seq Scan on title t  (cost=0.00..67604.59 rows=2063447 width=4) (actual time=0.049..1297.812 rows=2060346 loops=1)
              Filter: (production_year > 1971)
              Rows Removed by Filter: 467966
Planning time: 1.200 ms
Execution time: 23060.388 ms
