Seq Scan on movie_keyword mk  (cost=0.00..81003.12 rows=4077553 width=0) (actual time=0.025..1541.954 rows=4078919 loops=1)
  Filter: (keyword_id < 39810)
  Rows Removed by Filter: 445011
Planning time: 0.320 ms
Execution time: 2039.000 ms
