Seq Scan on movie_keyword mk  (cost=0.00..81003.12 rows=246 width=0) (actual time=6.277..1383.119 rows=135 loops=1)
  Filter: (keyword_id = 20119)
  Rows Removed by Filter: 4523795
Planning time: 11.688 ms
Execution time: 1383.320 ms
