Hash Join  (cost=215833.08..1285449.71 rows=8175050 width=0) (actual time=5026.859..39602.934 rows=26532404 loops=1)
  Hash Cond: (ci.movie_id = t.id)
  ->  Seq Scan on cast_info ci  (cost=0.00..796071.18 rows=16155186 width=4) (actual time=0.024..17476.585 rows=20430801 loops=1)
        Filter: ((person_id > 1103493) AND (role_id > 1))
        Rows Removed by Filter: 15813543
  ->  Hash  (cost=194840.12..194840.12 rows=1279517 width=8) (actual time=5025.683..5025.683 rows=1274246 loops=1)
        Buckets: 131072  Batches: 32  Memory Usage: 2553kB
        ->  Hash Join  (cost=102767.86..194840.12 rows=1279517 width=8) (actual time=2022.910..4630.905 rows=1274246 loops=1)
              Hash Cond: (mc.movie_id = t.id)
              ->  Seq Scan on movie_companies mc  (cost=0.00..51404.11 rows=1279517 width=4) (actual time=0.015..1079.157 rows=1274246 loops=1)
                    Filter: (company_type_id = 1)
                    Rows Removed by Filter: 1334883
              ->  Hash  (cost=61283.27..61283.27 rows=2528527 width=4) (actual time=2020.959..2020.959 rows=2528312 loops=1)
                    Buckets: 131072  Batches: 64  Memory Usage: 2415kB
                    ->  Seq Scan on title t  (cost=0.00..61283.27 rows=2528527 width=4) (actual time=0.010..1187.743 rows=2528312 loops=1)
Planning time: 1.243 ms
Execution time: 42233.939 ms
