Hash Join  (cost=78988.28..213599.99 rows=500177 width=0) (actual time=1419.311..4424.631 rows=609263 loops=1)
  Hash Cond: (mk.movie_id = t.id)
  ->  Seq Scan on movie_keyword mk  (cost=0.00..81003.12 rows=4099418 width=4) (actual time=0.024..1409.159 rows=4087742 loops=1)
        Filter: (keyword_id > 335)
        Rows Removed by Filter: 436188
  ->  Hash  (cost=73925.90..73925.90 rows=308510 width=4) (actual time=1418.291..1418.291 rows=266599 loops=1)
        Buckets: 131072  Batches: 8  Memory Usage: 2198kB
        ->  Seq Scan on title t  (cost=0.00..73925.90 rows=308510 width=4) (actual time=0.198..1328.213 rows=266599 loops=1)
              Filter: ((kind_id < 7) AND (production_year > 2007))
              Rows Removed by Filter: 2261713
Planning time: 0.595 ms
Execution time: 4490.326 ms
