Seq Scan on movie_companies mc  (cost=0.00..57926.93 rows=4255 width=0) (actual time=153.260..883.513 rows=4675 loops=1)
  Filter: ((company_id = 225) AND (company_type_id = 2))
  Rows Removed by Filter: 2604454
Planning time: 0.344 ms
Execution time: 884.423 ms
