Seq Scan on cast_info ci  (cost=0.00..705507.15 rows=23821280 width=0) (actual time=4.349..13245.761 rows=23912826 loops=1)
  Filter: (person_id > 1214709)
  Rows Removed by Filter: 12331518
Planning time: 0.314 ms
Execution time: 16169.202 ms
