Hash Join  (cost=547692.12..692284.18 rows=2221718 width=0) (actual time=9986.825..23443.837 rows=45583891 loops=1)
  Hash Cond: (mk.movie_id = t.id)
  ->  Seq Scan on movie_keyword mk  (cost=0.00..81003.12 rows=2559751 width=4) (actual time=0.025..1643.590 rows=2553391 loops=1)
        Filter: (keyword_id < 6428)
        Rows Removed by Filter: 1970539
  ->  Hash  (cost=511686.41..511686.41 rows=2194617 width=8) (actual time=9985.831..9985.831 rows=2233850 loops=1)
        Buckets: 131072  Batches: 32  Memory Usage: 3671kB
        ->  Hash Join  (cost=102767.86..511686.41 rows=2194617 width=8) (actual time=3832.118..9375.234 rows=2233850 loops=1)
              Hash Cond: (mi.movie_id = t.id)
              ->  Seq Scan on movie_info mi  (cost=0.00..346232.03 rows=2194617 width=4) (actual time=1889.973..5342.131 rows=2233850 loops=1)
                    Filter: (info_type_id > 16)
                    Rows Removed by Filter: 12601870
              ->  Hash  (cost=61283.27..61283.27 rows=2528527 width=4) (actual time=1931.532..1931.532 rows=2528312 loops=1)
                    Buckets: 131072  Batches: 64  Memory Usage: 2425kB
                    ->  Seq Scan on title t  (cost=0.00..61283.27 rows=2528527 width=4) (actual time=0.026..1063.822 rows=2528312 loops=1)
Planning time: 1.545 ms
Execution time: 28557.254 ms
