Seq Scan on cast_info ci  (cost=0.00..705507.15 rows=22260842 width=0) (actual time=0.018..13430.301 rows=22300709 loops=1)
  Filter: (person_id > 1374419)
  Rows Removed by Filter: 13943635
Planning time: 0.332 ms
Execution time: 16272.354 ms
