Seq Scan on movie_info mi  (cost=0.00..346232.03 rows=17937 width=0) (actual time=351.210..5610.827 rows=5576 loops=1)
  Filter: (info_type_id = 50)
  Rows Removed by Filter: 14830144
Planning time: 0.475 ms
Execution time: 5611.785 ms
