Seq Scan on cast_info ci  (cost=0.00..796071.18 rows=38 width=0) (actual time=5113.380..10828.596 rows=2 loops=1)
  Filter: ((person_id = 1228020) AND (role_id = 4))
  Rows Removed by Filter: 36244342
Planning time: 0.418 ms
Execution time: 10828.696 ms
