Hash Join  (cost=709678.15..1074363.23 rows=2915 width=0) (actual time=10610.042..17793.928 rows=192 loops=1)
  Hash Cond: (mi.movie_id = t.id)
  ->  Seq Scan on movie_info mi  (cost=0.00..309384.22 rows=14739122 width=4) (actual time=0.010..4633.275 rows=14835720 loops=1)
  ->  Hash  (cost=709671.90..709671.90 rows=500 width=8) (actual time=10458.917..10458.917 rows=27 loops=1)
        Buckets: 1024  Batches: 1  Memory Usage: 10kB
        ->  Nested Loop  (cost=0.43..709671.90 rows=500 width=8) (actual time=86.955..10458.867 rows=27 loops=1)
              ->  Seq Scan on cast_info ci  (cost=0.00..705507.15 rows=500 width=4) (actual time=86.856..10458.132 rows=27 loops=1)
                    Filter: (person_id = 3103739)
                    Rows Removed by Filter: 36244317
              ->  Index Only Scan using title_pkey on title t  (cost=0.43..8.32 rows=1 width=4) (actual time=0.024..0.025 rows=1 loops=27)
                    Index Cond: (id = ci.movie_id)
                    Heap Fetches: 27
Planning time: 1.107 ms
Execution time: 17794.127 ms
