Hash Join  (cost=80408.18..168801.52 rows=69592 width=0) (actual time=1977.385..3623.519 rows=106504 loops=1)
  Hash Cond: (mk.movie_id = t.id)
  ->  Seq Scan on movie_keyword mk  (cost=0.00..81003.12 rows=445411 width=4) (actual time=0.016..1353.637 rows=444075 loops=1)
        Filter: (keyword_id > 39879)
        Rows Removed by Filter: 4079855
  ->  Hash  (cost=73925.90..73925.90 rows=395062 width=4) (actual time=1976.325..1976.325 rows=335993 loops=1)
        Buckets: 131072  Batches: 8  Memory Usage: 2499kB
        ->  Seq Scan on title t  (cost=0.00..73925.90 rows=395062 width=4) (actual time=0.029..1208.351 rows=335993 loops=1)
              Filter: ((kind_id < 7) AND (production_year > 2005))
              Rows Removed by Filter: 2192319
Planning time: 0.729 ms
Execution time: 3638.438 ms
