Seq Scan on cast_info ci  (cost=0.00..796071.18 rows=224 width=0) (actual time=1592.623..14100.067 rows=4 loops=1)
  Filter: ((role_id > 2) AND (person_id = 1106030))
  Rows Removed by Filter: 36244340
Planning time: 0.376 ms
Execution time: 14100.201 ms
