Hash Join  (cost=191600.67..1285651.89 rows=5864809 width=0) (actual time=4040.959..45003.915 rows=45407220 loops=1)
  Hash Cond: (ci.movie_id = t.id)
  ->  Seq Scan on cast_info ci  (cost=0.00..614943.12 rows=36225612 width=4) (actual time=0.018..12949.239 rows=36244344 loops=1)
  ->  Hash  (cost=184883.67..184883.67 rows=409360 width=8) (actual time=4040.035..4040.035 rows=882778 loops=1)
        Buckets: 131072 (originally 131072)  Batches: 16 (originally 8)  Memory Usage: 3230kB
        ->  Hash Join  (cost=83810.17..184883.67 rows=409360 width=8) (actual time=1483.330..3769.935 rows=882778 loops=1)
              Hash Cond: (mk.movie_id = t.id)
              ->  Seq Scan on movie_keyword mk  (cost=0.00..81003.12 rows=1047940 width=4) (actual time=0.019..1361.122 rows=1058672 loops=1)
                    Filter: (keyword_id > 16675)
                    Rows Removed by Filter: 3465258
              ->  Hash  (cost=67604.59..67604.59 rows=987727 width=4) (actual time=1482.494..1482.494 rows=985048 loops=1)
                    Buckets: 131072  Batches: 16  Memory Usage: 3197kB
                    ->  Seq Scan on title t  (cost=0.00..67604.59 rows=987727 width=4) (actual time=0.013..1166.078 rows=985048 loops=1)
                          Filter: (kind_id < 7)
                          Rows Removed by Filter: 1543264
Planning time: 1.099 ms
Execution time: 49958.840 ms
