Seq Scan on movie_companies mc  (cost=0.00..57926.93 rows=1374 width=0) (actual time=23.968..821.102 rows=33 loops=1)
  Filter: ((company_id = 31) AND (company_type_id = 2))
  Rows Removed by Filter: 2609096
Planning time: 7.256 ms
Execution time: 821.206 ms
