Hash Join  (cost=161252.73..1272124.40 rows=3927956 width=0) (actual time=3139.061..39541.178 rows=11748078 loops=1)
  Hash Cond: (ci.movie_id = t.id)
  ->  Seq Scan on cast_info ci  (cost=0.00..705507.15 rows=31554923 width=4) (actual time=0.013..17777.088 rows=31605208 loops=1)
        Filter: (role_id < 10)
        Rows Removed by Filter: 4639136
  ->  Hash  (cost=156088.34..156088.34 rows=314751 width=8) (actual time=3138.319..3138.319 rows=402417 loops=1)
        Buckets: 131072  Batches: 8  Memory Usage: 2972kB
        ->  Hash Join  (cost=86616.10..156088.34 rows=314751 width=8) (actual time=1254.190..3025.525 rows=402417 loops=1)
              Hash Cond: (mc.movie_id = t.id)
              ->  Seq Scan on movie_companies mc  (cost=0.00..51404.11 rows=1028963 width=4) (actual time=0.014..1062.773 rows=1028228 loops=1)
                    Filter: (company_id < 5616)
                    Rows Removed by Filter: 1580901
              ->  Hash  (cost=73925.90..73925.90 rows=773456 width=4) (actual time=1252.719..1252.719 rows=683462 loops=1)
                    Buckets: 131072  Batches: 16  Memory Usage: 2527kB
                    ->  Seq Scan on title t  (cost=0.00..73925.90 rows=773456 width=4) (actual time=0.015..1038.681 rows=683462 loops=1)
                          Filter: ((kind_id < 7) AND (production_year > 1977))
                          Rows Removed by Filter: 1844850
Planning time: 1.068 ms
Execution time: 40945.373 ms
