Hash Join  (cost=225255.37..1557675.45 rows=24661090 width=0) (actual time=4870.843..45238.482 rows=24986402 loops=1)
  Hash Cond: (ci.movie_id = t.id)
  ->  Seq Scan on cast_info ci  (cost=0.00..614943.12 rows=36225612 width=4) (actual time=0.022..13655.763 rows=36244344 loops=1)
  ->  Hash  (cost=197014.75..197014.75 rows=1721330 width=8) (actual time=4869.571..4869.571 rows=906814 loops=1)
        Buckets: 131072  Batches: 32  Memory Usage: 2105kB
        ->  Hash Join  (cost=94973.51..197014.75 rows=1721330 width=8) (actual time=1809.729..4607.083 rows=906814 loops=1)
              Hash Cond: (mc.movie_id = t.id)
              ->  Seq Scan on movie_companies mc  (cost=0.00..44881.29 rows=2609129 width=4) (actual time=0.025..946.745 rows=2609129 loops=1)
              ->  Hash  (cost=67604.59..67604.59 rows=1668154 width=4) (actual time=1808.841..1808.841 rows=1674098 loops=1)
                    Buckets: 131072  Batches: 32  Memory Usage: 2869kB
                    ->  Seq Scan on title t  (cost=0.00..67604.59 rows=1668154 width=4) (actual time=0.024..1275.903 rows=1674098 loops=1)
                          Filter: (kind_id > 3)
                          Rows Removed by Filter: 854214
Planning time: 1.114 ms
Execution time: 48107.814 ms
