Hash Join  (cost=163792.24..688361.45 rows=4195127 width=0) (actual time=4509.029..21542.750 rows=10511595 loops=1)
  Hash Cond: (mi.movie_id = t.id)
  ->  Seq Scan on movie_info mi  (cost=0.00..309384.22 rows=14739122 width=4) (actual time=0.011..5777.627 rows=14835720 loops=1)
  ->  Hash  (cost=151984.20..151984.20 rows=719683 width=8) (actual time=4508.127..4508.127 rows=722813 loops=1)
        Buckets: 131072  Batches: 16  Memory Usage: 2810kB
        ->  Hash Join  (cost=100089.65..151984.20 rows=719683 width=8) (actual time=2737.750..4292.208 rows=722813 loops=1)
              Hash Cond: (mi_idx.movie_id = t.id)
              ->  Seq Scan on movie_info_idx mi_idx  (cost=0.00..25185.44 rows=919057 width=4) (actual time=0.031..523.456 rows=920110 loops=1)
                    Filter: (info_type_id > 99)
                    Rows Removed by Filter: 459925
              ->  Hash  (cost=67604.59..67604.59 rows=1980005 width=4) (actual time=2736.119..2736.119 rows=1976617 loops=1)
                    Buckets: 131072  Batches: 32  Memory Usage: 3203kB
                    ->  Seq Scan on title t  (cost=0.00..67604.59 rows=1980005 width=4) (actual time=0.019..1408.556 rows=1976617 loops=1)
                          Filter: (production_year > 1977)
                          Rows Removed by Filter: 551695
Planning time: 1.153 ms
Execution time: 22741.922 ms
