Hash Join  (cost=28270.40..112312.40 rows=118 width=0) (actual time=470.220..1941.467 rows=8504 loops=1)
  Hash Cond: (mk.movie_id = t.id)
  ->  Seq Scan on movie_keyword mk  (cost=0.00..81003.12 rows=810052 width=4) (actual time=0.024..1350.090 rows=812748 loops=1)
        Filter: (keyword_id > 22549)
        Rows Removed by Filter: 3711182
  ->  Hash  (cost=28265.80..28265.80 rows=368 width=8) (actual time=469.009..469.009 rows=260 loops=1)
        Buckets: 1024  Batches: 1  Memory Usage: 19kB
        ->  Nested Loop  (cost=0.43..28265.80 rows=368 width=8) (actual time=17.865..468.884 rows=260 loops=1)
              ->  Seq Scan on movie_info_idx mi_idx  (cost=0.00..25185.44 rows=368 width=4) (actual time=17.761..430.694 rows=260 loops=1)
                    Filter: (info_type_id > 101)
                    Rows Removed by Filter: 1379775
              ->  Index Only Scan using title_pkey on title t  (cost=0.43..8.36 rows=1 width=4) (actual time=0.146..0.146 rows=1 loops=260)
                    Index Cond: (id = mi_idx.movie_id)
                    Heap Fetches: 260
Planning time: 1.117 ms
Execution time: 1942.726 ms
