Hash Join  (cost=100901.79..851767.46 rows=7647 width=0) (actual time=1514.413..16918.561 rows=365 loops=1)
  Hash Cond: (ci.movie_id = t.id)
  ->  Seq Scan on cast_info ci  (cost=0.00..614943.12 rows=36225612 width=4) (actual time=0.021..8828.626 rows=36244344 loops=1)
  ->  Hash  (cost=100895.12..100895.12 rows=534 width=8) (actual time=1178.767..1178.767 rows=215 loops=1)
        Buckets: 1024  Batches: 1  Memory Usage: 17kB
        ->  Hash Join  (cost=73962.22..100895.12 rows=534 width=8) (actual time=952.345..1178.669 rows=215 loops=1)
              Hash Cond: (mi_idx.movie_id = t.id)
              ->  Seq Scan on movie_info_idx mi_idx  (cost=0.00..25185.44 rows=464566 width=4) (actual time=0.024..212.929 rows=459925 loops=1)
                    Filter: (info_type_id = 101)
                    Rows Removed by Filter: 920110
              ->  Hash  (cost=73925.90..73925.90 rows=2905 width=4) (actual time=923.725..923.725 rows=1740 loops=1)
                    Buckets: 4096  Batches: 1  Memory Usage: 94kB
                    ->  Seq Scan on title t  (cost=0.00..73925.90 rows=2905 width=4) (actual time=0.073..923.038 rows=1740 loops=1)
                          Filter: ((kind_id < 7) AND (production_year = 1898))
                          Rows Removed by Filter: 2526572
Planning time: 11.328 ms
Execution time: 16918.869 ms
