Hash Join  (cost=102767.86..858635.76 rows=1682385 width=0) (actual time=10956.697..15475.903 rows=1704042 loops=1)
  Hash Cond: (ci.movie_id = t.id)
  ->  Seq Scan on cast_info ci  (cost=0.00..705507.15 rows=1682385 width=4) (actual time=8963.242..11783.041 rows=1704042 loops=1)
        Filter: (person_id > 3724081)
        Rows Removed by Filter: 34540302
  ->  Hash  (cost=61283.27..61283.27 rows=2528527 width=4) (actual time=1992.557..1992.557 rows=2528312 loops=1)
        Buckets: 131072  Batches: 64  Memory Usage: 2415kB
        ->  Seq Scan on title t  (cost=0.00..61283.27 rows=2528527 width=4) (actual time=0.024..1115.973 rows=2528312 loops=1)
Planning time: 0.751 ms
Execution time: 15673.949 ms
