Seq Scan on cast_info ci  (cost=0.00..705507.15 rows=28099974 width=0) (actual time=0.023..13150.616 rows=28244204 loops=1)
  Filter: (person_id > 782181)
  Rows Removed by Filter: 8000140
Planning time: 0.325 ms
Execution time: 16632.301 ms
