Hash Join  (cost=155075.81..549336.08 rows=949352 width=0) (actual time=5175.622..10595.677 rows=2029364 loops=1)
  Hash Cond: (mi.movie_id = t.id)
  ->  Seq Scan on movie_info mi  (cost=0.00..346232.03 rows=3068194 width=4) (actual time=1781.841..5186.038 rows=3036719 loops=1)
        Filter: (info_type_id = 16)
        Rows Removed by Filter: 11799001
  ->  Hash  (cost=142239.18..142239.18 rows=782370 width=8) (actual time=3392.556..3392.556 rows=698563 loops=1)
        Buckets: 131072  Batches: 16  Memory Usage: 2733kB
        ->  Hash Join  (cost=91123.00..142239.18 rows=782370 width=8) (actual time=1744.275..3206.793 rows=698563 loops=1)
              Hash Cond: (mi_idx.movie_id = t.id)
              ->  Seq Scan on movie_info_idx mi_idx  (cost=0.00..21735.35 rows=1380035 width=4) (actual time=0.028..429.662 rows=1380035 loops=1)
              ->  Hash  (cost=67604.59..67604.59 rows=1433473 width=4) (actual time=1743.139..1743.139 rows=1434466 loops=1)
                    Buckets: 131072  Batches: 32  Memory Usage: 2600kB
                    ->  Seq Scan on title t  (cost=0.00..67604.59 rows=1433473 width=4) (actual time=0.023..1282.275 rows=1434466 loops=1)
                          Filter: (production_year > 1999)
                          Rows Removed by Filter: 1093846
Planning time: 0.774 ms
Execution time: 10821.242 ms
