Hash Join  (cost=114006.92..238530.59 rows=206964 width=0) (actual time=2243.762..5439.163 rows=1263799 loops=1)
  Hash Cond: (mk.movie_id = t.id)
  ->  Seq Scan on movie_keyword mk  (cost=0.00..69693.30 rows=4523930 width=4) (actual time=0.020..1166.003 rows=4523930 loops=1)
  ->  Hash  (cost=112108.95..112108.95 rows=115677 width=8) (actual time=2243.008..2243.008 rows=134831 loops=1)
        Buckets: 131072  Batches: 2  Memory Usage: 3673kB
        ->  Hash Join  (cost=77934.62..112108.95 rows=115677 width=8) (actual time=1371.828..2196.921 rows=134831 loops=1)
              Hash Cond: (mi_idx.movie_id = t.id)
              ->  Seq Scan on movie_info_idx mi_idx  (cost=0.00..25185.44 rows=464566 width=4) (actual time=0.015..454.496 rows=459925 loops=1)
                    Filter: (info_type_id = 101)
                    Rows Removed by Filter: 920110
              ->  Hash  (cost=67604.59..67604.59 rows=629603 width=4) (actual time=1370.486..1370.486 rows=622851 loops=1)
                    Buckets: 131072  Batches: 16  Memory Usage: 2387kB
                    ->  Seq Scan on title t  (cost=0.00..67604.59 rows=629603 width=4) (actual time=0.016..1180.223 rows=622851 loops=1)
                          Filter: (production_year < 1987)
                          Rows Removed by Filter: 1905461
Planning time: 1.093 ms
Execution time: 5595.322 ms
