Hash Join  (cost=128753.29..493681.79 rows=27257 width=0) (actual time=2233.843..9639.147 rows=56852 loops=1)
  Hash Cond: (mi.movie_id = t.id)
  ->  Seq Scan on movie_info mi  (cost=0.00..309384.22 rows=14739122 width=4) (actual time=0.018..4193.857 rows=14835720 loops=1)
  ->  Hash  (cost=128694.84..128694.84 rows=4676 width=8) (actual time=2232.131..2232.131 rows=6939 loops=1)
        Buckets: 8192  Batches: 1  Memory Usage: 336kB
        ->  Hash Join  (cost=73982.55..128694.84 rows=4676 width=8) (actual time=1064.356..2229.387 rows=6939 loops=1)
              Hash Cond: (mc.movie_id = t.id)
              ->  Seq Scan on movie_companies mc  (cost=0.00..44881.29 rows=2609129 width=4) (actual time=0.014..581.351 rows=2609129 loops=1)
              ->  Hash  (cost=73925.90..73925.90 rows=4532 width=4) (actual time=1060.584..1060.584 rows=11588 loops=1)
                    Buckets: 16384 (originally 8192)  Batches: 1 (originally 1)  Memory Usage: 536kB
                    ->  Seq Scan on title t  (cost=0.00..73925.90 rows=4532 width=4) (actual time=0.024..1055.131 rows=11588 loops=1)
                          Filter: ((kind_id = 7) AND (production_year = 1986))
                          Rows Removed by Filter: 2516724
Planning time: 1.160 ms
Execution time: 9647.710 ms
