Hash Join  (cost=204193.25..677962.75 rows=1627130 width=0) (actual time=4441.456..19123.696 rows=13713458 loops=1)
  Hash Cond: (mi.movie_id = t.id)
  ->  Seq Scan on movie_info mi  (cost=0.00..346232.03 rows=9476311 width=4) (actual time=0.022..6661.025 rows=9565151 loops=1)
        Filter: (info_type_id < 16)
        Rows Removed by Filter: 5270569
  ->  Hash  (cost=197070.24..197070.24 rows=434161 width=8) (actual time=4440.283..4440.283 rows=637523 loops=1)
        Buckets: 131072 (originally 131072)  Batches: 16 (originally 8)  Memory Usage: 3073kB
        ->  Hash Join  (cost=73205.47..197070.24 rows=434161 width=8) (actual time=945.001..4239.449 rows=637523 loops=1)
              Hash Cond: (mk.movie_id = t.id)
              ->  Seq Scan on movie_keyword mk  (cost=0.00..81003.12 rows=3216007 width=4) (actual time=0.015..1763.496 rows=3207040 loops=1)
                    Filter: (keyword_id > 1725)
                    Rows Removed by Filter: 1316890
              ->  Hash  (cost=67604.59..67604.59 rows=341351 width=4) (actual time=944.154..944.154 rows=337846 loops=1)
                    Buckets: 131072  Batches: 8  Memory Usage: 2507kB
                    ->  Seq Scan on title t  (cost=0.00..67604.59 rows=341351 width=4) (actual time=0.017..836.533 rows=337846 loops=1)
                          Filter: (production_year < 1968)
                          Rows Removed by Filter: 2190466
Planning time: 1.140 ms
Execution time: 20727.244 ms
