Seq Scan on movie_companies mc  (cost=0.00..57926.93 rows=757936 width=0) (actual time=0.022..1020.087 rows=471189 loops=1)
  Filter: ((company_id < 13523) AND (company_type_id > 1))
  Rows Removed by Filter: 2137940
Planning time: 0.368 ms
Execution time: 1078.707 ms
