Hash Join  (cost=74174.82..895508.54 rows=51962 width=0) (actual time=2808.047..16134.063 rows=33085 loops=1)
  Hash Cond: (ci.movie_id = t.id)
  ->  Seq Scan on cast_info ci  (cost=0.00..796071.18 rows=6598112 width=4) (actual time=1613.317..13960.536 rows=3940306 loops=1)
        Filter: ((person_id < 3220349) AND (role_id > 7))
        Rows Removed by Filter: 32304038
  ->  Hash  (cost=73925.90..73925.90 rows=19913 width=4) (actual time=1194.090..1194.090 rows=21707 loops=1)
        Buckets: 32768  Batches: 1  Memory Usage: 1020kB
        ->  Seq Scan on title t  (cost=0.00..73925.90 rows=19913 width=4) (actual time=0.046..1184.034 rows=21707 loops=1)
              Filter: ((kind_id > 1) AND (production_year = 1993))
              Rows Removed by Filter: 2506605
Planning time: 0.553 ms
Execution time: 16139.522 ms
