Hash Join  (cost=75464.55..193370.51 rows=113492 width=0) (actual time=1355.155..3897.727 rows=56047 loops=1)
  Hash Cond: (mk.movie_id = t.id)
  ->  Seq Scan on movie_keyword mk  (cost=0.00..81003.12 rows=3061575 width=4) (actual time=0.018..1626.746 rows=3049296 loops=1)
        Filter: (keyword_id < 11172)
        Rows Removed by Filter: 1474634
  ->  Hash  (cost=73925.90..73925.90 rows=93732 width=4) (actual time=1353.237..1353.237 rows=100592 loops=1)
        Buckets: 131072  Batches: 2  Memory Usage: 2797kB
        ->  Seq Scan on title t  (cost=0.00..73925.90 rows=93732 width=4) (actual time=0.026..1313.342 rows=100592 loops=1)
              Filter: ((kind_id > 1) AND (production_year = 2009))
              Rows Removed by Filter: 2427720
Planning time: 0.782 ms
Execution time: 3904.902 ms
