Seq Scan on movie_companies mc  (cost=0.00..51404.11 rows=104 width=0) (actual time=19.178..815.262 rows=40 loops=1)
  Filter: (company_id = 15281)
  Rows Removed by Filter: 2609089
Planning time: 0.413 ms
Execution time: 815.364 ms
