Nested Loop  (cost=0.43..83071.67 rows=246 width=0) (actual time=0.506..895.113 rows=290 loops=1)
  ->  Seq Scan on movie_keyword mk  (cost=0.00..81003.12 rows=246 width=4) (actual time=0.482..885.490 rows=290 loops=1)
        Filter: (keyword_id = 4134)
        Rows Removed by Filter: 4523640
  ->  Index Only Scan using title_pkey on title t  (cost=0.43..8.40 rows=1 width=4) (actual time=0.031..0.031 rows=1 loops=290)
        Index Cond: (id = mk.movie_id)
        Heap Fetches: 290
Planning time: 0.512 ms
Execution time: 895.290 ms
