Seq Scan on movie_keyword mk  (cost=0.00..81003.12 rows=4426282 width=0) (actual time=0.017..1566.734 rows=4428275 loops=1)
  Filter: (keyword_id < 83453)
  Rows Removed by Filter: 95655
Planning time: 0.352 ms
Execution time: 2139.019 ms
