Nested Loop  (cost=0.43..83072.29 rows=76 width=0) (actual time=2.740..1213.121 rows=114 loops=1)
  ->  Seq Scan on movie_keyword mk  (cost=0.00..81003.12 rows=246 width=4) (actual time=1.454..1200.397 rows=396 loops=1)
        Filter: (keyword_id = 2951)
        Rows Removed by Filter: 4523534
  ->  Index Scan using title_pkey on title t  (cost=0.43..8.40 rows=1 width=4) (actual time=0.030..0.030 rows=0 loops=396)
        Index Cond: (id = mk.movie_id)
        Filter: (production_year < 1994)
        Rows Removed by Filter: 1
Planning time: 0.803 ms
Execution time: 1213.313 ms
