Hash Join  (cost=212559.14..1399051.63 rows=14863632 width=0) (actual time=4783.578..48376.992 rows=47470011 loops=1)
  Hash Cond: (ci.movie_id = t.id)
  ->  Seq Scan on cast_info ci  (cost=0.00..614943.12 rows=36225612 width=4) (actual time=0.013..13084.890 rows=36244344 loops=1)
  ->  Hash  (cost=195537.73..195537.73 rows=1037473 width=8) (actual time=4782.682..4782.682 rows=1274246 loops=1)
        Buckets: 131072 (originally 131072)  Batches: 32 (originally 16)  Memory Usage: 3073kB
        ->  Hash Join  (cost=102767.86..195537.73 rows=1037473 width=8) (actual time=1869.632..4428.931 rows=1274246 loops=1)
              Hash Cond: (mc.movie_id = t.id)
              ->  Seq Scan on movie_companies mc  (cost=0.00..57926.93 rows=1037473 width=4) (actual time=0.018..1174.016 rows=1274246 loops=1)
                    Filter: ((company_id < 74413) AND (company_type_id = 1))
                    Rows Removed by Filter: 1334883
              ->  Hash  (cost=61283.27..61283.27 rows=2528527 width=4) (actual time=1866.188..1866.188 rows=2528312 loops=1)
                    Buckets: 131072  Batches: 64  Memory Usage: 2415kB
                    ->  Seq Scan on title t  (cost=0.00..61283.27 rows=2528527 width=4) (actual time=0.024..1045.921 rows=2528312 loops=1)
Planning time: 1.524 ms
Execution time: 53818.430 ms
