Seq Scan on cast_info ci  (cost=0.00..705507.15 rows=500 width=0) (actual time=9201.101..10722.973 rows=3 loops=1)
  Filter: (person_id = 1574934)
  Rows Removed by Filter: 36244341
Planning time: 0.367 ms
Execution time: 10723.060 ms
