Hash Join  (cost=432358.61..1186183.19 rows=303534 width=0) (actual time=7139.072..24404.872 rows=1668779 loops=1)
  Hash Cond: (ci.movie_id = t.id)
  ->  Seq Scan on cast_info ci  (cost=0.00..614943.12 rows=36225612 width=4) (actual time=0.018..8148.210 rows=36244344 loops=1)
  ->  Hash  (cost=432093.78..432093.78 rows=21187 width=8) (actual time=7138.706..7138.706 rows=27423 loops=1)
        Buckets: 32768  Batches: 1  Memory Usage: 1328kB
        ->  Hash Join  (cost=74144.15..432093.78 rows=21187 width=8) (actual time=3921.494..7128.333 rows=27423 loops=1)
              Hash Cond: (mi.movie_id = t.id)
              ->  Seq Scan on movie_info mi  (cost=0.00..346232.03 rows=3068194 width=4) (actual time=2871.139..5503.071 rows=3036719 loops=1)
                    Filter: (info_type_id = 16)
                    Rows Removed by Filter: 11799001
              ->  Hash  (cost=73925.90..73925.90 rows=17460 width=4) (actual time=1050.011..1050.011 rows=11362 loops=1)
                    Buckets: 32768  Batches: 1  Memory Usage: 656kB
                    ->  Seq Scan on title t  (cost=0.00..73925.90 rows=17460 width=4) (actual time=0.037..1044.606 rows=11362 loops=1)
                          Filter: ((kind_id < 3) AND (production_year = 2001))
                          Rows Removed by Filter: 2516950
Planning time: 1.108 ms
Execution time: 24624.397 ms
