Hash Join  (cost=120472.45..871826.52 rows=56490 width=0) (actual time=2063.489..17500.394 rows=96053 loops=1)
  Hash Cond: (ci.movie_id = t.id)
  ->  Seq Scan on cast_info ci  (cost=0.00..614943.12 rows=36225612 width=4) (actual time=0.021..8084.767 rows=36244344 loops=1)
  ->  Hash  (cost=120423.16..120423.16 rows=3943 width=8) (actual time=2062.911..2062.911 rows=2717 loops=1)
        Buckets: 4096  Batches: 1  Memory Usage: 139kB
        ->  Hash Join  (cost=68365.25..120423.16 rows=3943 width=8) (actual time=1110.227..2061.512 rows=2717 loops=1)
              Hash Cond: (mc.movie_id = t.id)
              ->  Seq Scan on movie_companies mc  (cost=0.00..51404.11 rows=163832 width=4) (actual time=0.042..888.196 rows=167708 loops=1)
                    Filter: (company_id < 34)
                    Rows Removed by Filter: 2441421
              ->  Hash  (cost=67604.59..67604.59 rows=60853 width=4) (actual time=1109.338..1109.338 rows=62568 loops=1)
                    Buckets: 65536  Batches: 1  Memory Usage: 2712kB
                    ->  Seq Scan on title t  (cost=0.00..67604.59 rows=60853 width=4) (actual time=0.023..1082.986 rows=62568 loops=1)
                          Filter: (production_year = 2002)
                          Rows Removed by Filter: 2465744
Planning time: 1.195 ms
Execution time: 17517.376 ms
