Hash Join  (cost=146292.56..632477.02 rows=597754 width=0) (actual time=3144.629..14103.152 rows=1131548 loops=1)
  Hash Cond: (mi.movie_id = t.id)
  ->  Seq Scan on movie_info mi  (cost=0.00..309384.22 rows=14739122 width=4) (actual time=0.019..5175.507 rows=14835720 loops=1)
  ->  Hash  (cost=144609.73..144609.73 rows=102546 width=8) (actual time=3143.844..3143.844 rows=35816 loops=1)
        Buckets: 131072  Batches: 2  Memory Usage: 1732kB
        ->  Hash Join  (cost=78556.72..144609.73 rows=102546 width=8) (actual time=2584.359..3131.306 rows=35816 loops=1)
              Hash Cond: (mc.movie_id = t.id)
              ->  Seq Scan on movie_companies mc  (cost=0.00..57926.93 rows=388430 width=4) (actual time=314.203..850.907 rows=224131 loops=1)
                    Filter: ((company_id < 1502) AND (company_type_id > 1))
                    Rows Removed by Filter: 2384998
              ->  Hash  (cost=67604.59..67604.59 rows=667531 width=4) (actual time=2052.225..2052.225 rows=662825 loops=1)
                    Buckets: 131072  Batches: 16  Memory Usage: 2476kB
                    ->  Seq Scan on title t  (cost=0.00..67604.59 rows=667531 width=4) (actual time=490.477..1107.612 rows=662825 loops=1)
                          Filter: (kind_id = 1)
                          Rows Removed by Filter: 1865487
Planning time: 1.196 ms
Execution time: 14251.253 ms
