Hash Join  (cost=102767.86..172895.08 rows=367576 width=0) (actual time=1864.880..3384.563 rows=368162 loops=1)
  Hash Cond: (mc.movie_id = t.id)
  ->  Seq Scan on movie_companies mc  (cost=0.00..51404.11 rows=367576 width=4) (actual time=0.031..816.726 rows=368162 loops=1)
        Filter: (company_id < 197)
        Rows Removed by Filter: 2240967
  ->  Hash  (cost=61283.27..61283.27 rows=2528527 width=4) (actual time=1864.019..1864.019 rows=2528312 loops=1)
        Buckets: 131072  Batches: 64  Memory Usage: 2415kB
        ->  Seq Scan on title t  (cost=0.00..61283.27 rows=2528527 width=4) (actual time=0.023..1039.367 rows=2528312 loops=1)
Planning time: 0.700 ms
Execution time: 3431.695 ms
