Hash Join  (cost=74555.58..162114.89 rows=90127 width=0) (actual time=1207.869..3885.322 rows=210468 loops=1)
  Hash Cond: (mk.movie_id = t.id)
  ->  Seq Scan on movie_keyword mk  (cost=0.00..69693.30 rows=4523930 width=4) (actual time=0.015..1191.543 rows=4523930 loops=1)
  ->  Hash  (cost=73925.90..73925.90 rows=50374 width=4) (actual time=1207.411..1207.411 rows=130321 loops=1)
        Buckets: 131072 (originally 65536)  Batches: 2 (originally 1)  Memory Usage: 3310kB
        ->  Seq Scan on title t  (cost=0.00..73925.90 rows=50374 width=4) (actual time=0.011..1158.088 rows=130321 loops=1)
              Filter: ((kind_id < 7) AND (production_year < 1936))
              Rows Removed by Filter: 2397991
Planning time: 0.498 ms
Execution time: 3913.457 ms
