Hash Join  (cost=102767.86..1039227.48 rows=5423781 width=0) (actual time=9739.623..24068.593 rows=7450365 loops=1)
  Hash Cond: (ci.movie_id = t.id)
  ->  Seq Scan on cast_info ci  (cost=0.00..796071.18 rows=5423781 width=4) (actual time=7925.171..15953.756 rows=7450365 loops=1)
        Filter: ((person_id > 900902) AND (role_id = 2))
        Rows Removed by Filter: 28793979
  ->  Hash  (cost=61283.27..61283.27 rows=2528527 width=4) (actual time=1812.945..1812.945 rows=2528312 loops=1)
        Buckets: 131072  Batches: 64  Memory Usage: 2415kB
        ->  Seq Scan on title t  (cost=0.00..61283.27 rows=2528527 width=4) (actual time=0.025..961.343 rows=2528312 loops=1)
Planning time: 3.848 ms
Execution time: 24877.656 ms
