Hash Join  (cost=83810.17..862514.98 rows=1750970 width=0) (actual time=1403.386..16341.193 rows=1839977 loops=1)
  Hash Cond: (ci.movie_id = t.id)
  ->  Seq Scan on cast_info ci  (cost=0.00..705507.15 rows=4482388 width=4) (actual time=0.017..11938.250 rows=4515972 loops=1)
        Filter: (person_id > 3237423)
        Rows Removed by Filter: 31728372
  ->  Hash  (cost=67604.59..67604.59 rows=987727 width=4) (actual time=1402.330..1402.330 rows=985048 loops=1)
        Buckets: 131072  Batches: 16  Memory Usage: 3188kB
        ->  Seq Scan on title t  (cost=0.00..67604.59 rows=987727 width=4) (actual time=0.016..1080.964 rows=985048 loops=1)
              Filter: (kind_id < 7)
              Rows Removed by Filter: 1543264
Planning time: 0.753 ms
Execution time: 16572.252 ms
