Hash Join  (cost=80408.18..150151.62 rows=199914 width=0) (actual time=2087.856..3707.916 rows=260803 loops=1)
  Hash Cond: (mc.movie_id = t.id)
  ->  Seq Scan on movie_companies mc  (cost=0.00..51404.11 rows=1279517 width=4) (actual time=0.026..950.877 rows=1274246 loops=1)
        Filter: (company_type_id = 1)
        Rows Removed by Filter: 1334883
  ->  Hash  (cost=73925.90..73925.90 rows=395062 width=4) (actual time=2087.008..2087.008 rows=335993 loops=1)
        Buckets: 131072  Batches: 8  Memory Usage: 2492kB
        ->  Seq Scan on title t  (cost=0.00..73925.90 rows=395062 width=4) (actual time=0.058..1258.763 rows=335993 loops=1)
              Filter: ((kind_id < 7) AND (production_year > 2005))
              Rows Removed by Filter: 2192319
Planning time: 1.496 ms
Execution time: 3738.742 ms
