Seq Scan on cast_info ci  (cost=0.00..796071.18 rows=5 width=0) (actual time=9878.764..12858.482 rows=9 loops=1)
  Filter: ((role_id > 10) AND (person_id = 2742156))
  Rows Removed by Filter: 36244335
Planning time: 0.389 ms
Execution time: 12858.588 ms
