Nested Loop  (cost=58602.80..139808.90 rows=2 width=0) (actual time=998.120..2227.870 rows=25 loops=1)
  ->  Hash Join  (cost=58602.37..139713.40 rows=28 width=8) (actual time=998.073..2226.882 rows=25 loops=1)
        Hash Cond: (mk.movie_id = mc.movie_id)
        ->  Seq Scan on movie_keyword mk  (cost=0.00..81003.12 rows=246 width=4) (actual time=17.503..1311.465 rows=140 loops=1)
              Filter: (keyword_id = 1482)
              Rows Removed by Filter: 4523790
        ->  Hash  (cost=57926.93..57926.93 rows=54035 width=4) (actual time=903.684..903.684 rows=106505 loops=1)
              Buckets: 131072 (originally 65536)  Batches: 2 (originally 1)  Memory Usage: 3073kB
              ->  Seq Scan on movie_companies mc  (cost=0.00..57926.93 rows=54035 width=4) (actual time=0.040..858.593 rows=106505 loops=1)
                    Filter: ((company_id > 153826) AND (company_type_id = 2))
                    Rows Removed by Filter: 2502624
  ->  Index Scan using title_pkey on title t  (cost=0.43..3.40 rows=1 width=4) (actual time=0.033..0.034 rows=1 loops=25)
        Index Cond: (id = mc.movie_id)
        Filter: (kind_id < 7)
Planning time: 2.385 ms
Execution time: 2228.011 ms
