Hash Join  (cost=232764.00..1333835.64 rows=9066372 width=0) (actual time=6314.041..55286.413 rows=96947695 loops=1)
  Hash Cond: (ci.movie_id = t.id)
  ->  Seq Scan on cast_info ci  (cost=0.00..705507.15 rows=23499554 width=4) (actual time=0.017..16213.727 rows=23573656 loops=1)
        Filter: (role_id > 1)
        Rows Removed by Filter: 12670688
  ->  Hash  (cost=216758.85..216758.85 rows=975532 width=8) (actual time=6311.934..6311.934 rows=2713936 loops=1)
        Buckets: 131072 (originally 131072)  Batches: 64 (originally 16)  Memory Usage: 3073kB
        ->  Hash Join  (cost=82871.49..216758.85 rows=975532 width=8) (actual time=1525.834..5571.553 rows=2713936 loops=1)
              Hash Cond: (mk.movie_id = t.id)
              ->  Seq Scan on movie_keyword mk  (cost=0.00..69693.30 rows=4523930 width=4) (actual time=0.011..1506.723 rows=4523930 loops=1)
              ->  Hash  (cost=73925.90..73925.90 rows=545247 width=4) (actual time=1524.753..1524.753 rows=557319 loops=1)
                    Buckets: 131072  Batches: 8  Memory Usage: 3494kB
                    ->  Seq Scan on title t  (cost=0.00..73925.90 rows=545247 width=4) (actual time=404.428..1347.255 rows=557319 loops=1)
                          Filter: ((production_year < 2011) AND (kind_id = 1))
                          Rows Removed by Filter: 1970993
Planning time: 1.149 ms
Execution time: 65459.269 ms
