Hash Join  (cost=114149.46..857321.22 rows=161053 width=0) (actual time=2041.965..16138.775 rows=331344 loops=1)
  Hash Cond: (ci.movie_id = t.id)
  ->  Seq Scan on cast_info ci  (cost=0.00..705507.15 rows=9614420 width=4) (actual time=0.026..11703.883 rows=9581203 loops=1)
        Filter: (person_id > 2748712)
        Rows Removed by Filter: 26663141
  ->  Hash  (cost=113620.01..113620.01 rows=42356 width=8) (actual time=2041.352..2041.352 rows=20619 loops=1)
        Buckets: 65536  Batches: 1  Memory Usage: 1318kB
        ->  Hash Join  (cost=75199.97..113620.01 rows=42356 width=8) (actual time=1266.294..2034.450 rows=20619 loops=1)
              Hash Cond: (mi_idx.movie_id = t.id)
              ->  Seq Scan on movie_info_idx mi_idx  (cost=0.00..21735.35 rows=1380035 width=4) (actual time=0.020..355.416 rows=1380035 loops=1)
              ->  Hash  (cost=73925.90..73925.90 rows=77605 width=4) (actual time=1264.347..1264.347 rows=84684 loops=1)
                    Buckets: 131072  Batches: 2  Memory Usage: 2512kB
                    ->  Seq Scan on title t  (cost=0.00..73925.90 rows=77605 width=4) (actual time=0.026..1232.066 rows=84684 loops=1)
                          Filter: ((kind_id = 7) AND (production_year = 2009))
                          Rows Removed by Filter: 2443628
Planning time: 1.202 ms
Execution time: 16182.168 ms
