Seq Scan on title t  (cost=0.00..73925.90 rows=564574 width=0) (actual time=0.023..1204.139 rows=454234 loops=1)
  Filter: ((production_year < 1998) AND (kind_id = 7))
  Rows Removed by Filter: 2074078
Planning time: 0.398 ms
Execution time: 1262.587 ms
