Nested Loop  (cost=0.43..83072.29 rows=96 width=0) (actual time=14.691..1358.443 rows=1721 loops=1)
  ->  Seq Scan on movie_keyword mk  (cost=0.00..81003.12 rows=246 width=4) (actual time=7.743..1281.264 rows=1903 loops=1)
        Filter: (keyword_id = 866)
        Rows Removed by Filter: 4522027
  ->  Index Scan using title_pkey on title t  (cost=0.43..8.40 rows=1 width=4) (actual time=0.039..0.039 rows=1 loops=1903)
        Index Cond: (id = mk.movie_id)
        Filter: (kind_id < 7)
        Rows Removed by Filter: 0
Planning time: 0.740 ms
Execution time: 1359.075 ms
