Seq Scan on movie_keyword mk  (cost=0.00..81003.12 rows=246 width=0) (actual time=0.034..1255.231 rows=3432 loops=1)
  Filter: (keyword_id = 3219)
  Rows Removed by Filter: 4520498
Planning time: 0.335 ms
Execution time: 1256.229 ms
