Seq Scan on movie_keyword mk  (cost=0.00..81003.12 rows=246 width=0) (actual time=1.518..1210.220 rows=159 loops=1)
  Filter: (keyword_id = 11453)
  Rows Removed by Filter: 4523771
Planning time: 0.353 ms
Execution time: 1210.411 ms
