Hash Join  (cost=161781.83..957992.75 rows=435 width=0) (actual time=3032.879..14032.527 rows=830 loops=1)
  Hash Cond: (ci.movie_id = t.id)
  ->  Seq Scan on cast_info ci  (cost=0.00..796071.18 rows=27079 width=4) (actual time=20.700..11017.859 rows=9755 loops=1)
        Filter: ((person_id < 265277) AND (role_id > 10))
        Rows Removed by Filter: 36234589
  ->  Hash  (cost=161274.02..161274.02 rows=40625 width=8) (actual time=3011.205..3011.205 rows=32752 loops=1)
        Buckets: 65536  Batches: 1  Memory Usage: 1792kB
        ->  Hash Join  (cost=74209.73..161274.02 rows=40625 width=8) (actual time=1039.070..2999.055 rows=32752 loops=1)
              Hash Cond: (mk.movie_id = t.id)
              ->  Seq Scan on movie_keyword mk  (cost=0.00..69693.30 rows=4523930 width=4) (actual time=0.024..1070.406 rows=4523930 loops=1)
              ->  Hash  (cost=73925.90..73925.90 rows=22706 width=4) (actual time=1038.151..1038.151 rows=25785 loops=1)
                    Buckets: 32768  Batches: 1  Memory Usage: 1163kB
                    ->  Seq Scan on title t  (cost=0.00..73925.90 rows=22706 width=4) (actual time=0.064..1027.181 rows=25785 loops=1)
                          Filter: ((kind_id < 4) AND (production_year > 2012))
                          Rows Removed by Filter: 2502527
Planning time: 1.301 ms
Execution time: 14032.990 ms
