Hash Join  (cost=111020.24..235440.39 rows=128514 width=0) (actual time=2489.640..5346.397 rows=151277 loops=1)
  Hash Cond: (mk.movie_id = t.id)
  ->  Seq Scan on movie_keyword mk  (cost=0.00..81003.12 rows=3613304 width=4) (actual time=0.023..1738.058 rows=3620028 loops=1)
        Filter: (keyword_id < 20417)
        Rows Removed by Filter: 903902
  ->  Hash  (cost=109544.09..109544.09 rows=89932 width=8) (actual time=2487.865..2487.865 rows=54660 loops=1)
        Buckets: 131072  Batches: 2  Memory Usage: 2097kB
        ->  Hash Join  (cost=70308.29..109544.09 rows=89932 width=8) (actual time=1422.705..2469.466 rows=54660 loops=1)
              Hash Cond: (mi_idx.movie_id = t.id)
              ->  Seq Scan on movie_info_idx mi_idx  (cost=0.00..21735.35 rows=1380035 width=4) (actual time=0.017..471.130 rows=1380035 loops=1)
              ->  Hash  (cost=67604.59..67604.59 rows=164776 width=4) (actual time=1421.537..1421.537 rows=164307 loops=1)
                    Buckets: 131072  Batches: 4  Memory Usage: 2482kB
                    ->  Seq Scan on title t  (cost=0.00..67604.59 rows=164776 width=4) (actual time=0.017..1174.812 rows=164307 loops=1)
                          Filter: (production_year = 2012)
                          Rows Removed by Filter: 2364005
Planning time: 1.108 ms
Execution time: 5366.871 ms
