Seq Scan on title t  (cost=0.00..73925.90 rows=1023455 width=0) (actual time=0.019..1295.633 rows=1117981 loops=1)
  Filter: ((production_year > 1993) AND (kind_id = 7))
  Rows Removed by Filter: 1410331
Planning time: 0.385 ms
Execution time: 1437.820 ms
