Hash Join  (cost=83072.66..109983.30 rows=16 width=0) (actual time=1302.906..1868.552 rows=379 loops=1)
  Hash Cond: (mi_idx.movie_id = t.id)
  ->  Seq Scan on movie_info_idx mi_idx  (cost=0.00..21735.35 rows=1380035 width=4) (actual time=0.029..329.385 rows=1380035 loops=1)
  ->  Hash  (cost=83072.29..83072.29 rows=30 width=8) (actual time=1289.197..1289.197 rows=120 loops=1)
        Buckets: 1024  Batches: 1  Memory Usage: 13kB
        ->  Nested Loop  (cost=0.43..83072.29 rows=30 width=8) (actual time=220.960..1289.032 rows=120 loops=1)
              ->  Seq Scan on movie_keyword mk  (cost=0.00..81003.12 rows=246 width=4) (actual time=32.029..1260.365 rows=660 loops=1)
                    Filter: (keyword_id = 28800)
                    Rows Removed by Filter: 4523270
              ->  Index Scan using title_pkey on title t  (cost=0.43..8.40 rows=1 width=4) (actual time=0.042..0.042 rows=0 loops=660)
                    Index Cond: (id = mk.movie_id)
                    Filter: (production_year < 1965)
                    Rows Removed by Filter: 1
Planning time: 1.217 ms
Execution time: 1868.767 ms
