Seq Scan on cast_info ci  (cost=0.00..705507.15 rows=5191948 width=0) (actual time=231.639..11267.103 rows=5089506 loops=1)
  Filter: (person_id < 492433)
  Rows Removed by Filter: 31154838
Planning time: 0.374 ms
Execution time: 11909.081 ms
