Hash Join  (cost=744279.25..2349045.87 rows=50383829 width=0) (actual time=17256.473..68381.712 rows=86445608 loops=1)
  Hash Cond: (ci.movie_id = t.id)
  ->  Seq Scan on cast_info ci  (cost=0.00..705507.15 rows=19397439 width=4) (actual time=0.006..14925.187 rows=19305932 loops=1)
        Filter: (person_id < 1930373)
        Rows Removed by Filter: 16938412
  ->  Hash  (cost=636526.80..636526.80 rows=6567716 width=8) (actual time=17252.511..17252.511 rows=5417372 loops=1)
        Buckets: 131072  Batches: 128  Memory Usage: 2666kB
        ->  Hash Join  (cost=96356.06..636526.80 rows=6567716 width=8) (actual time=2178.841..15702.150 rows=5417372 loops=1)
              Hash Cond: (mi.movie_id = t.id)
              ->  Seq Scan on movie_info mi  (cost=0.00..346232.03 rows=9476311 width=4) (actual time=0.044..6808.400 rows=9565151 loops=1)
                    Filter: (info_type_id < 16)
                    Rows Removed by Filter: 5270569
              ->  Hash  (cost=67604.59..67604.59 rows=1752438 width=4) (actual time=2177.964..2177.964 rows=1749032 loops=1)
                    Buckets: 131072  Batches: 32  Memory Usage: 2958kB
                    ->  Seq Scan on title t  (cost=0.00..67604.59 rows=1752438 width=4) (actual time=0.021..1322.454 rows=1749032 loops=1)
                          Filter: (production_year > 1990)
                          Rows Removed by Filter: 779280
Planning time: 2.618 ms
Execution time: 77570.191 ms
