Hash Join  (cost=134188.74..499373.90 rows=52923 width=0) (actual time=2187.888..9442.578 rows=27025 loops=1)
  Hash Cond: (mi.movie_id = t.id)
  ->  Seq Scan on movie_info mi  (cost=0.00..309384.22 rows=14739122 width=4) (actual time=0.015..4383.904 rows=14835720 loops=1)
  ->  Hash  (cost=134075.26..134075.26 rows=9079 width=8) (actual time=2187.422..2187.422 rows=2930 loops=1)
        Buckets: 16384  Batches: 1  Memory Usage: 243kB
        ->  Hash Join  (cost=74747.02..134075.26 rows=9079 width=8) (actual time=1894.222..2186.387 rows=2930 loops=1)
              Hash Cond: (mc.movie_id = t.id)
              ->  Seq Scan on movie_companies mc  (cost=0.00..57926.93 rows=349470 width=4) (actual time=0.028..895.475 rows=193144 loops=1)
                    Filter: ((company_id < 1134) AND (company_type_id > 1))
                    Rows Removed by Filter: 2415985
              ->  Hash  (cost=73925.90..73925.90 rows=65689 width=4) (actual time=1228.096..1228.096 rows=74524 loops=1)
                    Buckets: 131072  Batches: 1  Memory Usage: 3644kB
                    ->  Seq Scan on title t  (cost=0.00..73925.90 rows=65689 width=4) (actual time=0.025..1198.024 rows=74524 loops=1)
                          Filter: ((kind_id = 7) AND (production_year = 2006))
                          Rows Removed by Filter: 2453788
Planning time: 1.218 ms
Execution time: 9446.916 ms
