Hash Join  (cost=102767.86..182760.39 rows=777503 width=0) (actual time=1866.820..3882.355 rows=767959 loops=1)
  Hash Cond: (mc.movie_id = t.id)
  ->  Seq Scan on movie_companies mc  (cost=0.00..51404.11 rows=777503 width=4) (actual time=0.032..971.105 rows=767959 loops=1)
        Filter: (company_id < 1614)
        Rows Removed by Filter: 1841170
  ->  Hash  (cost=61283.27..61283.27 rows=2528527 width=4) (actual time=1862.287..1862.287 rows=2528312 loops=1)
        Buckets: 131072  Batches: 64  Memory Usage: 2415kB
        ->  Seq Scan on title t  (cost=0.00..61283.27 rows=2528527 width=4) (actual time=0.011..1028.649 rows=2528312 loops=1)
Planning time: 0.889 ms
Execution time: 3974.873 ms
