Hash Join  (cost=365418.15..1412061.97 rows=16797115 width=0) (actual time=8918.828..41624.825 rows=58009907 loops=1)
  Hash Cond: (ci.movie_id = t.id)
  ->  Seq Scan on cast_info ci  (cost=0.00..705507.15 rows=9388288 width=4) (actual time=277.842..13353.043 rows=9233162 loops=1)
        Filter: (person_id < 908498)
        Rows Removed by Filter: 27011182
  ->  Hash  (cost=291197.02..291197.02 rows=4523930 width=8) (actual time=8613.853..8613.853 rows=4523930 loops=1)
        Buckets: 131072  Batches: 64  Memory Usage: 3816kB
        ->  Hash Join  (cost=102767.86..291197.02 rows=4523930 width=8) (actual time=2054.462..7326.011 rows=4523930 loops=1)
              Hash Cond: (mk.movie_id = t.id)
              ->  Seq Scan on movie_keyword mk  (cost=0.00..69693.30 rows=4523930 width=4) (actual time=0.034..1420.231 rows=4523930 loops=1)
              ->  Hash  (cost=61283.27..61283.27 rows=2528527 width=4) (actual time=2053.618..2053.618 rows=2528312 loops=1)
                    Buckets: 131072  Batches: 64  Memory Usage: 2425kB
                    ->  Seq Scan on title t  (cost=0.00..61283.27 rows=2528527 width=4) (actual time=0.010..1178.178 rows=2528312 loops=1)
Planning time: 1.160 ms
Execution time: 48293.674 ms
