Hash Join  (cost=88220.42..150412.88 rows=169530 width=0) (actual time=1702.026..2768.709 rows=323673 loops=1)
  Hash Cond: (mc.movie_id = t.id)
  ->  Seq Scan on movie_companies mc  (cost=0.00..51404.11 rows=492012 width=4) (actual time=308.975..893.314 rows=493733 loops=1)
        Filter: (company_id > 74485)
        Rows Removed by Filter: 2115396
  ->  Hash  (cost=73925.90..73925.90 rows=871241 width=4) (actual time=1390.826..1390.826 rows=786640 loops=1)
        Buckets: 131072  Batches: 16  Memory Usage: 2754kB
        ->  Seq Scan on title t  (cost=0.00..73925.90 rows=871241 width=4) (actual time=0.034..1150.484 rows=786640 loops=1)
              Filter: ((kind_id < 7) AND (production_year > 1958))
              Rows Removed by Filter: 1741672
Planning time: 1.084 ms
Execution time: 2809.014 ms
