Seq Scan on title t  (cost=0.00..73925.90 rows=957173 width=0) (actual time=0.010..1148.059 rows=970091 loops=1)
  Filter: ((kind_id < 7) AND (production_year > 1900))
  Rows Removed by Filter: 1558221
Planning time: 0.266 ms
Execution time: 1265.265 ms
