Seq Scan on movie_companies mc  (cost=0.00..57926.93 rows=1117779 width=0) (actual time=0.039..1204.168 rows=1274246 loops=1)
  Filter: ((company_id < 90276) AND (company_type_id = 1))
  Rows Removed by Filter: 1334883
Planning time: 0.388 ms
Execution time: 1367.825 ms
