Hash Join  (cost=280242.70..767400.73 rows=5272945 width=0) (actual time=5945.148..32716.128 rows=74114320 loops=1)
  Hash Cond: (mi.movie_id = t.id)
  ->  Seq Scan on movie_info mi  (cost=0.00..346232.03 rows=6231111 width=4) (actual time=0.019..6508.332 rows=6223494 loops=1)
        Filter: (info_type_id > 8)
        Rows Removed by Filter: 8612226
  ->  Hash  (cost=245137.30..245137.30 rows=2139712 width=8) (actual time=5943.199..5943.199 rows=2143959 loops=1)
        Buckets: 131072  Batches: 32  Memory Usage: 3708kB
        ->  Hash Join  (cost=102767.86..245137.30 rows=2139712 width=8) (actual time=1887.753..5363.125 rows=2143959 loops=1)
              Hash Cond: (mk.movie_id = t.id)
              ->  Seq Scan on movie_keyword mk  (cost=0.00..81003.12 rows=2139712 width=4) (actual time=0.021..1531.064 rows=2143959 loops=1)
                    Filter: (keyword_id < 4020)
                    Rows Removed by Filter: 2379971
              ->  Hash  (cost=61283.27..61283.27 rows=2528527 width=4) (actual time=1886.689..1886.689 rows=2528312 loops=1)
                    Buckets: 131072  Batches: 64  Memory Usage: 2425kB
                    ->  Seq Scan on title t  (cost=0.00..61283.27 rows=2528527 width=4) (actual time=0.009..1037.012 rows=2528312 loops=1)
Planning time: 1.145 ms
Execution time: 40660.608 ms
