Hash Join  (cost=117508.09..1142720.10 rows=720741 width=0) (actual time=2076.096..25825.845 rows=658364 loops=1)
  Hash Cond: (ci.movie_id = t.id)
  ->  Seq Scan on cast_info ci  (cost=0.00..796071.18 rows=19161973 width=4) (actual time=0.027..17625.720 rows=16800752 loops=1)
        Filter: ((person_id < 2984627) AND (role_id > 1))
        Rows Removed by Filter: 19443592
  ->  Hash  (cost=115947.27..115947.27 rows=95106 width=8) (actual time=2074.704..2074.704 rows=49774 loops=1)
        Buckets: 131072  Batches: 2  Memory Usage: 1999kB
        ->  Hash Join  (cost=82412.27..115947.27 rows=95106 width=8) (actual time=1326.224..2057.511 rows=49774 loops=1)
              Hash Cond: (mi_idx.movie_id = t.id)
              ->  Seq Scan on movie_info_idx mi_idx  (cost=0.00..25185.44 rows=464934 width=4) (actual time=0.017..449.610 rows=460185 loops=1)
                    Filter: (info_type_id > 100)
                    Rows Removed by Filter: 919850
              ->  Hash  (cost=73925.90..73925.90 rows=517229 width=4) (actual time=1325.256..1325.256 rows=403947 loops=1)
                    Buckets: 131072  Batches: 8  Memory Usage: 2784kB
                    ->  Seq Scan on title t  (cost=0.00..73925.90 rows=517229 width=4) (actual time=309.387..1194.158 rows=403947 loops=1)
                          Filter: ((production_year < 1996) AND (kind_id = 7))
                          Rows Removed by Filter: 2124365
Planning time: 1.239 ms
Execution time: 25911.778 ms
