Hash Join  (cost=94642.16..904193.46 rows=1925 width=0) (actual time=10358.276..16766.767 rows=1844 loops=1)
  Hash Cond: (ci.movie_id = t.id)
  ->  Seq Scan on cast_info ci  (cost=0.00..796071.18 rows=3589564 width=4) (actual time=8749.828..14879.236 rows=1639036 loops=1)
        Filter: ((person_id < 3030930) AND (role_id = 10))
        Rows Removed by Filter: 34605308
  ->  Hash  (cost=94625.21..94625.21 rows=1356 width=8) (actual time=1607.961..1607.961 rows=2891 loops=1)
        Buckets: 4096 (originally 2048)  Batches: 1 (originally 1)  Memory Usage: 145kB
        ->  Hash Join  (cost=67697.55..94625.21 rows=1356 width=8) (actual time=1034.150..1606.607 rows=2891 loops=1)
              Hash Cond: (mi_idx.movie_id = t.id)
              ->  Seq Scan on movie_info_idx mi_idx  (cost=0.00..25185.44 rows=460978 width=4) (actual time=0.039..463.494 rows=459925 loops=1)
                    Filter: (info_type_id < 100)
                    Rows Removed by Filter: 920110
              ->  Hash  (cost=67604.59..67604.59 rows=7437 width=4) (actual time=1034.029..1034.029 rows=15000 loops=1)
                    Buckets: 16384 (originally 8192)  Batches: 1 (originally 1)  Memory Usage: 656kB
                    ->  Seq Scan on title t  (cost=0.00..67604.59 rows=7437 width=4) (actual time=0.210..1026.947 rows=15000 loops=1)
                          Filter: (production_year = 1970)
                          Rows Removed by Filter: 2513312
Planning time: 1.234 ms
Execution time: 16767.474 ms
