Seq Scan on cast_info ci  (cost=0.00..705507.15 rows=29989244 width=0) (actual time=0.018..12411.782 rows=29933754 loops=1)
  Filter: (person_id < 3021626)
  Rows Removed by Filter: 6310590
Planning time: 0.345 ms
Execution time: 15933.502 ms
