Seq Scan on movie_companies mc  (cost=0.00..57926.93 rows=1023718 width=0) (actual time=286.690..1110.461 rows=734904 loops=1)
  Filter: ((company_id < 66018) AND (company_type_id = 2))
  Rows Removed by Filter: 1874225
Planning time: 0.754 ms
Execution time: 1202.002 ms
