Hash Join  (cost=94699.36..459591.89 rows=23660 width=0) (actual time=3911.608..10352.794 rows=61656 loops=1)
  Hash Cond: (mi.movie_id = t.id)
  ->  Seq Scan on movie_info mi  (cost=0.00..309384.22 rows=14739122 width=4) (actual time=0.022..3798.692 rows=14835720 loops=1)
  ->  Hash  (cost=94648.62..94648.62 rows=4059 width=8) (actual time=3843.897..3843.897 rows=2865 loops=1)
        Buckets: 4096  Batches: 1  Memory Usage: 144kB
        ->  Hash Join  (cost=67697.55..94648.62 rows=4059 width=8) (actual time=3223.994..3842.648 rows=2865 loops=1)
              Hash Cond: (mi_idx.movie_id = t.id)
              ->  Seq Scan on movie_info_idx mi_idx  (cost=0.00..21735.35 rows=1380035 width=4) (actual time=0.027..359.947 rows=1380035 loops=1)
              ->  Hash  (cost=67604.59..67604.59 rows=7437 width=4) (actual time=3223.895..3223.895 rows=1960 loops=1)
                    Buckets: 8192  Batches: 1  Memory Usage: 133kB
                    ->  Seq Scan on title t  (cost=0.00..67604.59 rows=7437 width=4) (actual time=0.278..3222.791 rows=1960 loops=1)
                          Filter: (production_year = 1943)
                          Rows Removed by Filter: 2526352
Planning time: 5.047 ms
Execution time: 10361.587 ms
