Seq Scan on movie_info mi  (cost=0.00..346232.03 rows=5880796 width=75) (actual time=979.159..8075.729 rows=5869026 loops=1)
  Filter: (info_type_id > 13)
  Rows Removed by Filter: 8966694
Planning time: 0.381 ms
Execution time: 8408.417 ms
