Hash Join  (cost=69484.36..160420.74 rows=35753 width=0) (actual time=993.326..2614.093 rows=52789 loops=1)
  Hash Cond: (mk.movie_id = t.id)
  ->  Seq Scan on movie_keyword mk  (cost=0.00..81003.12 rows=789259 width=4) (actual time=0.015..1331.619 rows=794294 loops=1)
        Filter: (keyword_id > 23462)
        Rows Removed by Filter: 3729636
  ->  Hash  (cost=67604.59..67604.59 rows=114542 width=4) (actual time=992.336..992.336 rows=118234 loops=1)
        Buckets: 131072  Batches: 2  Memory Usage: 3107kB
        ->  Seq Scan on title t  (cost=0.00..67604.59 rows=114542 width=4) (actual time=0.015..951.659 rows=118234 loops=1)
              Filter: (kind_id = 4)
              Rows Removed by Filter: 2410078
Planning time: 0.543 ms
Execution time: 2621.282 ms
