Hash Join  (cost=74626.76..162287.93 rows=100314 width=0) (actual time=1247.529..3121.860 rows=66027 loops=1)
  Hash Cond: (mk.movie_id = t.id)
  ->  Seq Scan on movie_keyword mk  (cost=0.00..69693.30 rows=4523930 width=4) (actual time=0.019..959.628 rows=4523930 loops=1)
  ->  Hash  (cost=73925.90..73925.90 rows=56068 width=4) (actual time=1247.031..1247.031 rows=48342 loops=1)
        Buckets: 65536  Batches: 1  Memory Usage: 2212kB
        ->  Seq Scan on title t  (cost=0.00..73925.90 rows=56068 width=4) (actual time=0.057..1227.380 rows=48342 loops=1)
              Filter: ((kind_id < 4) AND (production_year = 2012))
              Rows Removed by Filter: 2479970
Planning time: 0.518 ms
Execution time: 3130.963 ms
