Hash Join  (cost=52284.94..79213.99 rows=11 width=0) (actual time=1270.254..1480.777 rows=850 loops=1)
  Hash Cond: (mi_idx.movie_id = t.id)
  ->  Seq Scan on movie_info_idx mi_idx  (cost=0.00..25185.44 rows=464934 width=4) (actual time=0.021..483.718 rows=460185 loops=1)
        Filter: (info_type_id > 100)
        Rows Removed by Filter: 919850
  ->  Hash  (cost=52284.21..52284.21 rows=58 width=8) (actual time=923.999..923.999 rows=862 loops=1)
        Buckets: 1024  Batches: 1  Memory Usage: 42kB
        ->  Nested Loop  (cost=0.43..52284.21 rows=58 width=8) (actual time=737.629..923.573 rows=862 loops=1)
              ->  Seq Scan on movie_companies mc  (cost=0.00..51404.11 rows=104 width=4) (actual time=127.006..900.226 rows=900 loops=1)
                    Filter: (company_id = 1639)
                    Rows Removed by Filter: 2608229
              ->  Index Scan using title_pkey on title t  (cost=0.43..8.45 rows=1 width=4) (actual time=0.025..0.025 rows=1 loops=900)
                    Index Cond: (id = mc.movie_id)
                    Filter: ((production_year > 1950) AND (kind_id = 7))
                    Rows Removed by Filter: 0
Planning time: 1.181 ms
Execution time: 1481.064 ms
