Seq Scan on cast_info ci  (cost=0.00..796071.18 rows=5946859 width=0) (actual time=2902.154..15273.169 rows=7451973 loops=1)
  Filter: ((person_id < 2982940) AND (role_id = 2))
  Rows Removed by Filter: 28792371
Planning time: 0.426 ms
Execution time: 16202.570 ms
