Hash Join  (cost=131439.46..493127.48 rows=111282 width=0) (actual time=4710.762..9578.836 rows=374647 loops=1)
  Hash Cond: (mi.movie_id = t.id)
  ->  Seq Scan on movie_info mi  (cost=0.00..346232.03 rows=1158179 width=4) (actual time=1390.480..5796.834 rows=1204709 loops=1)
        Filter: (info_type_id > 18)
        Rows Removed by Filter: 13631011
  ->  Hash  (cost=127452.60..127452.60 rows=242949 width=8) (actual time=3168.839..3168.839 rows=208831 loops=1)
        Buckets: 131072  Batches: 4  Memory Usage: 3066kB
        ->  Hash Join  (cost=89299.55..127452.60 rows=242949 width=8) (actual time=2077.178..3101.711 rows=208831 loops=1)
              Hash Cond: (mi_idx.movie_id = t.id)
              ->  Seq Scan on movie_info_idx mi_idx  (cost=0.00..25185.44 rows=464566 width=4) (actual time=0.019..496.226 rows=459925 loops=1)
                    Filter: (info_type_id = 101)
                    Rows Removed by Filter: 920110
              ->  Hash  (cost=67604.59..67604.59 rows=1322317 width=4) (actual time=2076.401..2076.401 rows=1322863 loops=1)
                    Buckets: 131072  Batches: 32  Memory Usage: 2481kB
                    ->  Seq Scan on title t  (cost=0.00..67604.59 rows=1322317 width=4) (actual time=0.142..1367.797 rows=1322863 loops=1)
                          Filter: (production_year > 2001)
                          Rows Removed by Filter: 1205449
Planning time: 1.147 ms
Execution time: 9623.076 ms
