Hash Join  (cost=224871.26..606047.82 rows=921322 width=0) (actual time=7202.189..12294.891 rows=2235164 loops=1)
  Hash Cond: (mi.movie_id = t.id)
  ->  Seq Scan on movie_info mi  (cost=0.00..346232.03 rows=1550064 width=4) (actual time=1869.175..5457.516 rows=1533909 loops=1)
        Filter: (info_type_id = 3)
        Rows Removed by Filter: 13301811
  ->  Hash  (cost=200214.05..200214.05 rows=1502897 width=8) (actual time=5331.893..5331.893 rows=1510741 loops=1)
        Buckets: 131072  Batches: 32  Memory Usage: 2902kB
        ->  Hash Join  (cost=102767.86..200214.05 rows=1502897 width=8) (actual time=1859.025..4726.298 rows=1510741 loops=1)
              Hash Cond: (mc.movie_id = t.id)
              ->  Seq Scan on movie_companies mc  (cost=0.00..51404.11 rows=1502897 width=4) (actual time=0.035..1102.367 rows=1510741 loops=1)
                    Filter: (company_id > 7512)
                    Rows Removed by Filter: 1098388
              ->  Hash  (cost=61283.27..61283.27 rows=2528527 width=4) (actual time=1858.208..1858.208 rows=2528312 loops=1)
                    Buckets: 131072  Batches: 64  Memory Usage: 2415kB
                    ->  Seq Scan on title t  (cost=0.00..61283.27 rows=2528527 width=4) (actual time=0.032..1013.855 rows=2528312 loops=1)
Planning time: 4.149 ms
Execution time: 12543.540 ms
