Seq Scan on movie_companies mc  (cost=0.00..57926.93 rows=51 width=0) (actual time=11.701..813.045 rows=29 loops=1)
  Filter: ((company_type_id < 2) AND (company_id = 18838))
  Rows Removed by Filter: 2609100
Planning time: 0.403 ms
Execution time: 813.155 ms
