Seq Scan on title t  (cost=0.00..67604.59 rows=2356756 width=0) (actual time=0.020..1345.314 rows=2352238 loops=1)
  Filter: (production_year > 1925)
  Rows Removed by Filter: 176074
Planning time: 0.332 ms
Execution time: 1654.013 ms
