Hash Join  (cost=160232.35..525598.88 rows=309834 width=0) (actual time=4573.669..10168.693 rows=317292 loops=1)
  Hash Cond: (mi.movie_id = t.id)
  ->  Seq Scan on movie_info mi  (cost=0.00..346232.03 rows=1158179 width=4) (actual time=863.795..5852.270 rows=1204709 loops=1)
        Filter: (info_type_id > 18)
        Rows Removed by Filter: 13631011
  ->  Hash  (cost=149134.02..149134.02 rows=676426 width=8) (actual time=3634.225..3634.225 rows=500090 loops=1)
        Buckets: 131072  Batches: 16  Memory Usage: 2260kB
        ->  Hash Join  (cost=98137.04..149134.02 rows=676426 width=8) (actual time=2036.789..3492.813 rows=500090 loops=1)
              Hash Cond: (mi_idx.movie_id = t.id)
              ->  Seq Scan on movie_info_idx mi_idx  (cost=0.00..25185.44 rows=919057 width=4) (actual time=0.033..582.579 rows=920110 loops=1)
                    Filter: (info_type_id > 99)
                    Rows Removed by Filter: 459925
              ->  Hash  (cost=67604.59..67604.59 rows=1860996 width=4) (actual time=2035.283..2035.283 rows=1865487 loops=1)
                    Buckets: 131072  Batches: 32  Memory Usage: 3079kB
                    ->  Seq Scan on title t  (cost=0.00..67604.59 rows=1860996 width=4) (actual time=0.025..1435.900 rows=1865487 loops=1)
                          Filter: (kind_id > 1)
                          Rows Removed by Filter: 662825
Planning time: 1.175 ms
Execution time: 10208.707 ms
