Hash Join  (cost=83074.74..447745.01 rows=1434 width=0) (actual time=1294.568..8405.550 rows=7564 loops=1)
  Hash Cond: (mi.movie_id = t.id)
  ->  Seq Scan on movie_info mi  (cost=0.00..309384.22 rows=14739122 width=4) (actual time=0.019..4362.334 rows=14835720 loops=1)
  ->  Hash  (cost=83071.67..83071.67 rows=246 width=8) (actual time=1286.947..1286.947 rows=184 loops=1)
        Buckets: 1024  Batches: 1  Memory Usage: 16kB
        ->  Nested Loop  (cost=0.43..83071.67 rows=246 width=8) (actual time=6.506..1286.730 rows=184 loops=1)
              ->  Seq Scan on movie_keyword mk  (cost=0.00..81003.12 rows=246 width=4) (actual time=6.425..1261.587 rows=184 loops=1)
                    Filter: (keyword_id = 3890)
                    Rows Removed by Filter: 4523746
              ->  Index Only Scan using title_pkey on title t  (cost=0.43..8.40 rows=1 width=4) (actual time=0.133..0.134 rows=1 loops=184)
                    Index Cond: (id = mk.movie_id)
                    Heap Fetches: 184
Planning time: 1.240 ms
Execution time: 8407.271 ms
