Hash Join  (cost=79863.89..204429.63 rows=464282 width=0) (actual time=1266.413..4589.530 rows=1424828 loops=1)
  Hash Cond: (mk.movie_id = t.id)
  ->  Seq Scan on movie_keyword mk  (cost=0.00..81003.12 rows=3243677 width=4) (actual time=0.023..1649.147 rows=3232038 loops=1)
        Filter: (keyword_id > 1677)
        Rows Removed by Filter: 1291892
  ->  Hash  (cost=73925.90..73925.90 rows=361919 width=4) (actual time=1265.244..1265.244 rows=470371 loops=1)
        Buckets: 131072  Batches: 8  Memory Usage: 3110kB
        ->  Seq Scan on title t  (cost=0.00..73925.90 rows=361919 width=4) (actual time=0.019..1110.119 rows=470371 loops=1)
              Filter: ((kind_id < 7) AND (production_year < 1998))
              Rows Removed by Filter: 2057941
Planning time: 0.945 ms
Execution time: 4749.019 ms
