Seq Scan on cast_info ci  (cost=0.00..796071.18 rows=435 width=0) (actual time=65.679..14108.008 rows=3 loops=1)
  Filter: ((role_id < 10) AND (person_id = 3040389))
  Rows Removed by Filter: 36244341
Planning time: 0.465 ms
Execution time: 14108.196 ms
