Hash Join  (cost=83074.74..895905.63 rows=435 width=0) (actual time=10764.861..15865.089 rows=1575 loops=1)
  Hash Cond: (ci.movie_id = t.id)
  ->  Seq Scan on cast_info ci  (cost=0.00..796071.18 rows=4468095 width=4) (actual time=9522.734..14085.799 rows=3878190 loops=1)
        Filter: ((person_id < 2242010) AND (role_id = 2))
        Rows Removed by Filter: 32366154
  ->  Hash  (cost=83071.67..83071.67 rows=246 width=8) (actual time=1239.896..1239.896 rows=260 loops=1)
        Buckets: 1024  Batches: 1  Memory Usage: 19kB
        ->  Nested Loop  (cost=0.43..83071.67 rows=246 width=8) (actual time=7.961..1239.587 rows=260 loops=1)
              ->  Seq Scan on movie_keyword mk  (cost=0.00..81003.12 rows=246 width=4) (actual time=7.811..1229.611 rows=260 loops=1)
                    Filter: (keyword_id = 3101)
                    Rows Removed by Filter: 4523670
              ->  Index Only Scan using title_pkey on title t  (cost=0.43..8.40 rows=1 width=4) (actual time=0.034..0.035 rows=1 loops=260)
                    Index Cond: (id = mk.movie_id)
                    Heap Fetches: 260
Planning time: 1.187 ms
Execution time: 15865.737 ms
