Seq Scan on cast_info ci  (cost=0.00..796071.18 rows=168 width=0) (actual time=890.545..13410.368 rows=5 loops=1)
  Filter: ((role_id > 3) AND (person_id = 3068605))
  Rows Removed by Filter: 36244339
Planning time: 0.384 ms
Execution time: 13410.493 ms
