Hash Join  (cost=102767.86..992638.21 rows=3487580 width=0) (actual time=9247.610..24061.323 rows=6730932 loops=1)
  Hash Cond: (ci.movie_id = t.id)
  ->  Seq Scan on cast_info ci  (cost=0.00..796071.18 rows=3487580 width=4) (actual time=7376.719..13574.215 rows=6730932 loops=1)
        Filter: ((person_id > 2324092) AND (role_id > 4))
        Rows Removed by Filter: 29513412
  ->  Hash  (cost=61283.27..61283.27 rows=2528527 width=4) (actual time=1869.757..1869.757 rows=2528312 loops=1)
        Buckets: 131072  Batches: 64  Memory Usage: 2415kB
        ->  Seq Scan on title t  (cost=0.00..61283.27 rows=2528527 width=4) (actual time=0.026..1024.372 rows=2528312 loops=1)
Planning time: 0.718 ms
Execution time: 24827.664 ms
