Hash Join  (cost=198040.47..236749.15 rows=59220 width=0) (actual time=3757.015..4717.834 rows=270508 loops=1)
  Hash Cond: (mi_idx.movie_id = t.id)
  ->  Seq Scan on movie_info_idx mi_idx  (cost=0.00..21735.35 rows=1380035 width=4) (actual time=0.031..504.933 rows=1380035 loops=1)
  ->  Hash  (cost=196260.17..196260.17 rows=108504 width=8) (actual time=3715.666..3715.666 rows=108164 loops=1)
        Buckets: 131072  Batches: 2  Memory Usage: 3140kB
        ->  Hash Join  (cost=102767.86..196260.17 rows=108504 width=8) (actual time=1931.563..3679.711 rows=108164 loops=1)
              Hash Cond: (mk.movie_id = t.id)
              ->  Seq Scan on movie_keyword mk  (cost=0.00..81003.12 rows=108504 width=4) (actual time=0.030..1252.788 rows=108164 loops=1)
                    Filter: (keyword_id > 80528)
                    Rows Removed by Filter: 4415766
              ->  Hash  (cost=61283.27..61283.27 rows=2528527 width=4) (actual time=1930.000..1930.000 rows=2528312 loops=1)
                    Buckets: 131072  Batches: 64  Memory Usage: 2425kB
                    ->  Seq Scan on title t  (cost=0.00..61283.27 rows=2528527 width=4) (actual time=0.020..1078.282 rows=2528312 loops=1)
Planning time: 1.120 ms
Execution time: 4747.711 ms
