Seq Scan on cast_info ci  (cost=0.00..705507.15 rows=32834002 width=0) (actual time=0.025..12293.090 rows=32964647 loops=1)
  Filter: (person_id > 316411)
  Rows Removed by Filter: 3279697
Planning time: 0.344 ms
Execution time: 16120.817 ms
