Nested Loop  (cost=0.43..83072.29 rows=134 width=0) (actual time=256.575..1315.200 rows=2 loops=1)
  ->  Seq Scan on movie_keyword mk  (cost=0.00..81003.12 rows=246 width=4) (actual time=256.519..1315.111 rows=2 loops=1)
        Filter: (keyword_id = 31629)
        Rows Removed by Filter: 4523928
  ->  Index Scan using title_pkey on title t  (cost=0.43..8.40 rows=1 width=4) (actual time=0.037..0.038 rows=1 loops=2)
        Index Cond: (id = mk.movie_id)
        Filter: (production_year > 2000)
Planning time: 0.763 ms
Execution time: 1316.396 ms
