Hash Join  (cost=80384.28..133947.46 rows=7365 width=0) (actual time=1553.858..2423.394 rows=1593 loops=1)
  Hash Cond: (mc.movie_id = t.id)
  ->  Seq Scan on movie_companies mc  (cost=0.00..51404.11 rows=47312 width=4) (actual time=0.020..803.190 rows=47252 loops=1)
        Filter: (company_id = 19)
        Rows Removed by Filter: 2561877
  ->  Hash  (cost=73925.90..73925.90 rows=393630 width=4) (actual time=1531.599..1531.599 rows=401187 loops=1)
        Buckets: 131072  Batches: 8  Memory Usage: 2794kB
        ->  Seq Scan on title t  (cost=0.00..73925.90 rows=393630 width=4) (actual time=0.013..1402.731 rows=401187 loops=1)
              Filter: ((kind_id > 1) AND (production_year > 2009))
              Rows Removed by Filter: 2127125
Planning time: 0.798 ms
Execution time: 2423.706 ms
