Seq Scan on cast_info ci  (cost=0.00..705507.15 rows=17447055 width=0) (actual time=0.013..13273.478 rows=17570111 loops=1)
  Filter: (person_id > 1859909)
  Rows Removed by Filter: 18674233
Planning time: 0.341 ms
Execution time: 15472.873 ms
