Hash Join  (cost=160462.94..911414.71 rows=16265 width=0) (actual time=2616.045..19007.624 rows=179573 loops=1)
  Hash Cond: (ci.movie_id = t.id)
  ->  Seq Scan on cast_info ci  (cost=0.00..614943.12 rows=36225612 width=4) (actual time=0.015..9072.012 rows=36244344 loops=1)
  ->  Hash  (cost=160448.75..160448.75 rows=1135 width=8) (actual time=2614.165..2614.165 rows=5116 loops=1)
        Buckets: 8192 (originally 2048)  Batches: 1 (originally 1)  Memory Usage: 264kB
        ->  Hash Join  (cost=73950.44..160448.75 rows=1135 width=8) (actual time=1049.547..2612.082 rows=5116 loops=1)
              Hash Cond: (mk.movie_id = t.id)
              ->  Seq Scan on movie_keyword mk  (cost=0.00..81003.12 rows=1462355 width=4) (actual time=0.017..1427.429 rows=1472411 loops=1)
                    Filter: (keyword_id > 11172)
                    Rows Removed by Filter: 3051519
              ->  Hash  (cost=73925.90..73925.90 rows=1963 width=4) (actual time=955.214..955.214 rows=3753 loops=1)
                    Buckets: 4096 (originally 2048)  Batches: 1 (originally 1)  Memory Usage: 164kB
                    ->  Seq Scan on title t  (cost=0.00..73925.90 rows=1963 width=4) (actual time=539.322..953.622 rows=3753 loops=1)
                          Filter: ((kind_id = 1) AND (production_year = 1965))
                          Rows Removed by Filter: 2524559
Planning time: 1.123 ms
Execution time: 19035.718 ms
