Nested Loop  (cost=0.43..797555.70 rows=176 width=0) (actual time=944.936..12934.813 rows=1 loops=1)
  ->  Seq Scan on cast_info ci  (cost=0.00..796071.18 rows=176 width=4) (actual time=944.833..12934.706 rows=1 loops=1)
        Filter: ((role_id < 2) AND (person_id = 6547))
        Rows Removed by Filter: 36244343
  ->  Index Only Scan using title_pkey on title t  (cost=0.43..8.42 rows=1 width=4) (actual time=0.085..0.086 rows=1 loops=1)
        Index Cond: (id = ci.movie_id)
        Heap Fetches: 1
Planning time: 0.527 ms
Execution time: 12934.869 ms
