Hash Join  (cost=856491.93..3455932.59 rows=116492008 width=0) (actual time=18662.062..75940.568 rows=89760857 loops=1)
  Hash Cond: (ci.movie_id = t.id)
  ->  Seq Scan on cast_info ci  (cost=0.00..705507.15 rows=30291694 width=4) (actual time=0.014..16763.379 rows=30265686 loops=1)
        Filter: (person_id < 3048210)
        Rows Removed by Filter: 5978658
  ->  Hash  (cost=696959.27..696959.27 rows=9723893 width=8) (actual time=18661.107..18661.107 rows=4961386 loops=1)
        Buckets: 131072  Batches: 128  Memory Usage: 2533kB
        ->  Hash Join  (cost=94973.51..696959.27 rows=9723893 width=8) (actual time=1808.481..17445.997 rows=4961386 loops=1)
              Hash Cond: (mi.movie_id = t.id)
              ->  Seq Scan on movie_info mi  (cost=0.00..309384.22 rows=14739122 width=4) (actual time=0.018..6224.701 rows=14835720 loops=1)
              ->  Hash  (cost=67604.59..67604.59 rows=1668154 width=4) (actual time=1807.649..1807.649 rows=1674098 loops=1)
                    Buckets: 131072  Batches: 32  Memory Usage: 2875kB
                    ->  Seq Scan on title t  (cost=0.00..67604.59 rows=1668154 width=4) (actual time=0.024..1268.624 rows=1674098 loops=1)
                          Filter: (kind_id > 3)
                          Rows Removed by Filter: 854214
Planning time: 0.848 ms
Execution time: 85924.965 ms
