Hash Join  (cost=436177.10..513005.83 rows=129021 width=0) (actual time=7617.042..10215.376 rows=4455301 loops=1)
  Hash Cond: (mc.movie_id = t.id)
  ->  Seq Scan on movie_companies mc  (cost=0.00..44881.29 rows=2609129 width=4) (actual time=0.020..861.488 rows=2609129 loops=1)
  ->  Hash  (cost=434125.16..434125.16 rows=125035 width=8) (actual time=7443.957..7443.957 rows=346247 loops=1)
        Buckets: 131072 (originally 131072)  Batches: 8 (originally 2)  Memory Usage: 3073kB
        ->  Hash Join  (cost=78556.72..434125.16 rows=125035 width=8) (actual time=6694.429..7353.624 rows=346247 loops=1)
              Hash Cond: (mi.movie_id = t.id)
              ->  Seq Scan on movie_info mi  (cost=0.00..346232.03 rows=473617 width=4) (actual time=5295.020..5692.318 rows=486554 loops=1)
                    Filter: (info_type_id = 5)
                    Rows Removed by Filter: 14349166
              ->  Hash  (cost=67604.59..67604.59 rows=667531 width=4) (actual time=1279.685..1279.685 rows=662825 loops=1)
                    Buckets: 131072  Batches: 16  Memory Usage: 2485kB
                    ->  Seq Scan on title t  (cost=0.00..67604.59 rows=667531 width=4) (actual time=361.306..1072.417 rows=662825 loops=1)
                          Filter: (kind_id = 1)
                          Rows Removed by Filter: 1865487
Planning time: 1.146 ms
Execution time: 10631.940 ms
