Hash Join  (cost=161910.56..1020095.22 rows=513179 width=0) (actual time=7816.824..21634.379 rows=45306 loops=1)
  Hash Cond: (ci.movie_id = t.id)
  ->  Seq Scan on cast_info ci  (cost=0.00..705507.15 rows=12726058 width=4) (actual time=4769.516..14034.484 rows=12670688 loops=1)
        Filter: (role_id = 1)
        Rows Removed by Filter: 23573656
  ->  Hash  (cost=160237.02..160237.02 rows=101963 width=8) (actual time=3046.036..3046.036 rows=5807 loops=1)
        Buckets: 131072  Batches: 2  Memory Usage: 1139kB
        ->  Hash Join  (cost=93093.72..160237.02 rows=101963 width=8) (actual time=1698.665..3042.865 rows=5807 loops=1)
              Hash Cond: (mc.movie_id = t.id)
              ->  Seq Scan on movie_companies mc  (cost=0.00..57926.93 rows=165946 width=4) (actual time=0.027..920.079 rows=329494 loops=1)
                    Filter: ((company_id > 90788) AND (company_type_id > 1))
                    Rows Removed by Filter: 2279635
              ->  Hash  (cost=67604.59..67604.59 rows=1553611 width=4) (actual time=1696.427..1696.427 rows=1555864 loops=1)
                    Buckets: 131072  Batches: 32  Memory Usage: 2734kB
                    ->  Seq Scan on title t  (cost=0.00..67604.59 rows=1553611 width=4) (actual time=0.030..1173.891 rows=1555864 loops=1)
                          Filter: (kind_id > 4)
                          Rows Removed by Filter: 972448
Planning time: 1.210 ms
Execution time: 21642.783 ms
