Hash Join  (cost=321852.14..1047025.56 rows=19542367 width=0) (actual time=7529.224..60918.662 rows=173734628 loops=1)
  Hash Cond: (mi.movie_id = t.id)
  ->  Seq Scan on movie_info mi  (cost=0.00..309384.22 rows=14739122 width=4) (actual time=0.018..6332.528 rows=14835720 loops=1)
  ->  Hash  (cost=266849.46..266849.46 rows=3352534 width=8) (actual time=7527.695..7527.695 rows=3041326 loops=1)
        Buckets: 131072  Batches: 64  Memory Usage: 2953kB
        ->  Hash Join  (cost=98347.17..266849.46 rows=3352534 width=8) (actual time=1906.062..6642.408 rows=3041326 loops=1)
              Hash Cond: (mk.movie_id = t.id)
              ->  Seq Scan on movie_keyword mk  (cost=0.00..69693.30 rows=4523930 width=4) (actual time=0.032..1425.266 rows=4523930 loops=1)
              ->  Hash  (cost=67604.59..67604.59 rows=1873807 width=4) (actual time=1903.750..1903.750 rows=1871198 loops=1)
                    Buckets: 131072  Batches: 32  Memory Usage: 3096kB
                    ->  Seq Scan on title t  (cost=0.00..67604.59 rows=1873807 width=4) (actual time=0.020..1274.908 rows=1871198 loops=1)
                          Filter: (production_year > 1984)
                          Rows Removed by Filter: 657114
Planning time: 1.060 ms
Execution time: 79810.963 ms
