Seq Scan on movie_keyword mk  (cost=0.00..81003.12 rows=1062364 width=0) (actual time=0.016..1476.921 rows=1071705 loops=1)
  Filter: (keyword_id > 16474)
  Rows Removed by Filter: 3452225
Planning time: 0.235 ms
Execution time: 1618.652 ms
