Hash Join  (cost=58375.85..148343.00 rows=50 width=0) (actual time=1662.311..2607.797 rows=23 loops=1)
  Hash Cond: (mk.movie_id = t.id)
  ->  Seq Scan on movie_keyword mk  (cost=0.00..81003.12 rows=2390274 width=4) (actual time=0.024..1516.939 rows=2388451 loops=1)
        Filter: (keyword_id < 5537)
        Rows Removed by Filter: 2135479
  ->  Hash  (cost=58375.18..58375.18 rows=53 width=8) (actual time=763.481..763.481 rows=1 loops=1)
        Buckets: 1024  Batches: 1  Memory Usage: 9kB
        ->  Nested Loop  (cost=0.43..58375.18 rows=53 width=8) (actual time=744.456..763.474 rows=1 loops=1)
              ->  Seq Scan on movie_companies mc  (cost=0.00..57926.93 rows=53 width=4) (actual time=744.386..763.402 rows=1 loops=1)
                    Filter: ((company_id = 232814) AND (company_type_id = 2))
                    Rows Removed by Filter: 2609128
              ->  Index Only Scan using title_pkey on title t  (cost=0.43..8.45 rows=1 width=4) (actual time=0.056..0.058 rows=1 loops=1)
                    Index Cond: (id = mc.movie_id)
                    Heap Fetches: 1
Planning time: 1.269 ms
Execution time: 2607.907 ms
