Seq Scan on movie_companies mc  (cost=0.00..57926.93 rows=358962 width=0) (actual time=0.032..782.963 rows=46305 loops=1)
  Filter: ((company_id > 39432) AND (company_type_id = 1))
  Rows Removed by Filter: 2562824
Planning time: 0.392 ms
Execution time: 789.520 ms
