Hash Join  (cost=190230.21..315329.05 rows=1241120 width=0) (actual time=4349.620..8367.170 rows=5287118 loops=1)
  Hash Cond: (mk.movie_id = t.id)
  ->  Seq Scan on movie_keyword mk  (cost=0.00..81003.12 rows=2274004 width=4) (actual time=0.025..1618.929 rows=2270566 loops=1)
        Filter: (keyword_id > 4651)
        Rows Removed by Filter: 2253364
  ->  Hash  (cost=167588.78..167588.78 rows=1380035 width=8) (actual time=4346.957..4346.957 rows=1380035 loops=1)
        Buckets: 131072  Batches: 32  Memory Usage: 2726kB
        ->  Hash Join  (cost=102767.86..167588.78 rows=1380035 width=8) (actual time=1913.812..3930.087 rows=1380035 loops=1)
              Hash Cond: (mi_idx.movie_id = t.id)
              ->  Seq Scan on movie_info_idx mi_idx  (cost=0.00..21735.35 rows=1380035 width=4) (actual time=0.027..472.036 rows=1380035 loops=1)
              ->  Hash  (cost=61283.27..61283.27 rows=2528527 width=4) (actual time=1912.611..1912.611 rows=2528312 loops=1)
                    Buckets: 131072  Batches: 64  Memory Usage: 2415kB
                    ->  Seq Scan on title t  (cost=0.00..61283.27 rows=2528527 width=4) (actual time=0.020..1073.217 rows=2528312 loops=1)
Planning time: 1.750 ms
Execution time: 8942.346 ms
