Seq Scan on cast_info ci  (cost=0.00..796071.18 rows=12110681 width=0) (actual time=4527.748..13641.674 rows=5895523 loops=1)
  Filter: ((person_id < 1847661) AND (role_id > 1))
  Rows Removed by Filter: 30348821
Planning time: 0.343 ms
Execution time: 14394.773 ms
