Hash Join  (cost=197801.01..1246700.86 rows=1469568 width=0) (actual time=3681.941..32752.975 rows=4775869 loops=1)
  Hash Cond: (ci.movie_id = t.id)
  ->  Seq Scan on cast_info ci  (cost=0.00..614943.12 rows=36225612 width=4) (actual time=0.007..12584.267 rows=36244344 loops=1)
  ->  Hash  (cost=196117.83..196117.83 rows=102575 width=8) (actual time=3681.273..3681.273 rows=116602 loops=1)
        Buckets: 131072  Batches: 2  Memory Usage: 3328kB
        ->  Hash Join  (cost=102767.86..196117.83 rows=102575 width=8) (actual time=1867.157..3640.522 rows=116602 loops=1)
              Hash Cond: (mk.movie_id = t.id)
              ->  Seq Scan on movie_keyword mk  (cost=0.00..81003.12 rows=102575 width=4) (actual time=0.027..1263.438 rows=116602 loops=1)
                    Filter: (keyword_id < 113)
                    Rows Removed by Filter: 4407328
              ->  Hash  (cost=61283.27..61283.27 rows=2528527 width=4) (actual time=1865.414..1865.414 rows=2528312 loops=1)
                    Buckets: 131072  Batches: 64  Memory Usage: 2425kB
                    ->  Seq Scan on title t  (cost=0.00..61283.27 rows=2528527 width=4) (actual time=0.021..993.112 rows=2528312 loops=1)
Planning time: 1.614 ms
Execution time: 33341.460 ms
