Seq Scan on movie_keyword mk  (cost=0.00..81003.12 rows=1599647 width=0) (actual time=0.026..1429.297 rows=1613139 loops=1)
  Filter: (keyword_id > 9401)
  Rows Removed by Filter: 2910791
Planning time: 0.297 ms
Execution time: 1634.456 ms
