Seq Scan on movie_keyword mk  (cost=0.00..81003.12 rows=246 width=0) (actual time=8.493..1248.398 rows=121 loops=1)
  Filter: (keyword_id = 13722)
  Rows Removed by Filter: 4523809
Planning time: 0.446 ms
Execution time: 1248.579 ms
