Hash Join  (cost=139929.25..1222562.04 rows=3762170 width=0) (actual time=5961.588..30240.363 rows=4928673 loops=1)
  Hash Cond: (ci.movie_id = t.id)
  ->  Seq Scan on cast_info ci  (cost=0.00..796071.18 rows=21379448 width=4) (actual time=3052.938..17312.664 rows=20658041 loops=1)
        Filter: ((person_id > 893031) AND (role_id < 8))
        Rows Removed by Filter: 15586303
  ->  Hash  (cost=132628.40..132628.40 rows=444948 width=8) (actual time=2907.741..2907.741 rows=292989 loops=1)
        Buckets: 131072  Batches: 8  Memory Usage: 2450kB
        ->  Hash Join  (cost=87301.44..132628.40 rows=444948 width=8) (actual time=1563.701..2823.924 rows=292989 loops=1)
              Hash Cond: (mi_idx.movie_id = t.id)
              ->  Seq Scan on movie_info_idx mi_idx  (cost=0.00..21735.35 rows=1380035 width=4) (actual time=0.023..409.939 rows=1380035 loops=1)
              ->  Hash  (cost=73925.90..73925.90 rows=815243 width=4) (actual time=1562.599..1562.599 rows=876186 loops=1)
                    Buckets: 131072  Batches: 16  Memory Usage: 2955kB
                    ->  Seq Scan on title t  (cost=0.00..73925.90 rows=815243 width=4) (actual time=0.018..1285.404 rows=876186 loops=1)
                          Filter: ((kind_id > 1) AND (production_year > 2004))
                          Rows Removed by Filter: 1652126
Planning time: 1.211 ms
Execution time: 30771.571 ms
