Seq Scan on cast_info ci  (cost=0.00..796071.18 rows=12659467 width=0) (actual time=5997.488..15019.838 rows=8221535 loops=1)
  Filter: ((person_id < 2888684) AND (role_id > 2))
  Rows Removed by Filter: 28022809
Planning time: 0.750 ms
Execution time: 16014.301 ms
