Hash Join  (cost=85435.26..1222477.09 rows=10049767 width=0) (actual time=1495.859..35917.192 rows=11200155 loops=1)
  Hash Cond: (ci.movie_id = t.id)
  ->  Seq Scan on cast_info ci  (cost=0.00..614943.12 rows=36225612 width=4) (actual time=0.026..13325.716 rows=36244344 loops=1)
  ->  Hash  (cost=73925.90..73925.90 rows=701468 width=4) (actual time=1494.630..1494.630 rows=749931 loops=1)
        Buckets: 131072  Batches: 16  Memory Usage: 2673kB
        ->  Seq Scan on title t  (cost=0.00..73925.90 rows=701468 width=4) (actual time=0.015..1258.032 rows=749931 loops=1)
              Filter: ((kind_id < 7) AND (production_year < 2009))
              Rows Removed by Filter: 1778381
Planning time: 0.850 ms
Execution time: 37250.484 ms
