Hash Join  (cost=132394.12..258775.99 rows=359483 width=0) (actual time=3065.735..6004.436 rows=292375 loops=1)
  Hash Cond: (mk.movie_id = t.id)
  ->  Seq Scan on movie_keyword mk  (cost=0.00..69693.30 rows=4523930 width=4) (actual time=0.041..1332.853 rows=4523930 loops=1)
  ->  Hash  (cost=129097.59..129097.59 rows=200923 width=8) (actual time=2986.471..2986.471 rows=109709 loops=1)
        Buckets: 131072  Batches: 4  Memory Usage: 2096kB
        ->  Hash Join  (cost=92280.96..129097.59 rows=200923 width=8) (actual time=2035.594..2951.223 rows=109709 loops=1)
              Hash Cond: (mi_idx.movie_id = t.id)
              ->  Seq Scan on movie_info_idx mi_idx  (cost=0.00..25185.44 rows=454124 width=4) (actual time=0.014..447.455 rows=459925 loops=1)
                    Filter: (info_type_id = 100)
                    Rows Removed by Filter: 920110
              ->  Hash  (cost=73925.90..73925.90 rows=1118724 width=4) (actual time=2034.380..2034.380 rows=1213086 loops=1)
                    Buckets: 131072  Batches: 16  Memory Usage: 3701kB
                    ->  Seq Scan on title t  (cost=0.00..73925.90 rows=1118724 width=4) (actual time=0.036..1393.504 rows=1213086 loops=1)
                          Filter: ((production_year > 1986) AND (kind_id = 7))
                          Rows Removed by Filter: 1315226
Planning time: 1.716 ms
Execution time: 6041.502 ms
