Hash Join  (cost=102767.86..916400.57 rows=319233 width=0) (actual time=14104.224..16640.131 rows=305157 loops=1)
  Hash Cond: (ci.movie_id = t.id)
  ->  Seq Scan on cast_info ci  (cost=0.00..796071.18 rows=319233 width=4) (actual time=12157.106..14063.180 rows=305157 loops=1)
        Filter: ((person_id > 300012) AND (role_id > 10))
        Rows Removed by Filter: 35939187
  ->  Hash  (cost=61283.27..61283.27 rows=2528527 width=4) (actual time=1945.770..1945.770 rows=2528312 loops=1)
        Buckets: 131072  Batches: 64  Memory Usage: 2415kB
        ->  Seq Scan on title t  (cost=0.00..61283.27 rows=2528527 width=4) (actual time=0.019..1101.413 rows=2528312 loops=1)
Planning time: 0.571 ms
Execution time: 16675.196 ms
