Seq Scan on movie_keyword mk  (cost=0.00..81003.12 rows=1666941 width=0) (actual time=0.026..1436.357 rows=1677444 loops=1)
  Filter: (keyword_id > 8670)
  Rows Removed by Filter: 2846486
Planning time: 4.359 ms
Execution time: 1637.316 ms
