Hash Join  (cost=102767.86..182262.42 rows=756828 width=0) (actual time=2640.951..4558.364 rows=762223 loops=1)
  Hash Cond: (mc.movie_id = t.id)
  ->  Seq Scan on movie_companies mc  (cost=0.00..51404.11 rows=756828 width=4) (actual time=0.044..911.859 rows=762223 loops=1)
        Filter: (company_id > 35141)
        Rows Removed by Filter: 1846906
  ->  Hash  (cost=61283.27..61283.27 rows=2528527 width=4) (actual time=2639.196..2639.196 rows=2528312 loops=1)
        Buckets: 131072  Batches: 64  Memory Usage: 2415kB
        ->  Seq Scan on title t  (cost=0.00..61283.27 rows=2528527 width=4) (actual time=0.027..1160.409 rows=2528312 loops=1)
Planning time: 0.739 ms
Execution time: 4649.470 ms
