Seq Scan on cast_info ci  (cost=0.00..796071.18 rows=235755 width=0) (actual time=989.848..13279.796 rows=269782 loops=1)
  Filter: ((person_id > 1154425) AND (role_id > 10))
  Rows Removed by Filter: 35974562
Planning time: 5.960 ms
Execution time: 13309.402 ms
