Nested Loop  (cost=0.43..798852.73 rows=8 width=0) (actual time=284.980..13166.768 rows=2 loops=1)
  ->  Seq Scan on cast_info ci  (cost=0.00..796071.18 rows=332 width=4) (actual time=284.912..13166.216 rows=16 loops=1)
        Filter: ((role_id < 4) AND (person_id = 1109161))
        Rows Removed by Filter: 36244328
  ->  Index Scan using title_pkey on title t  (cost=0.43..8.37 rows=1 width=4) (actual time=0.033..0.033 rows=0 loops=16)
        Index Cond: (id = ci.movie_id)
        Filter: ((kind_id > 1) AND (production_year = 2004))
        Rows Removed by Filter: 1
Planning time: 0.838 ms
Execution time: 13166.911 ms
