Seq Scan on movie_keyword mk  (cost=0.00..81003.12 rows=2618663 width=0) (actual time=0.020..1606.409 rows=2608208 loops=1)
  Filter: (keyword_id < 7078)
  Rows Removed by Filter: 1915722
Planning time: 0.312 ms
Execution time: 1930.329 ms
