Hash Join  (cost=1232546.18..2339019.93 rows=46644250 width=0) (actual time=28746.751..77510.266 rows=131338881 loops=1)
  Hash Cond: (mi.movie_id = t.id)
  ->  Seq Scan on movie_info mi  (cost=0.00..309384.22 rows=14739122 width=4) (actual time=0.024..6051.292 rows=14835720 loops=1)
  ->  Hash  (cost=1101264.21..1101264.21 rows=8001918 width=8) (actual time=28745.396..28745.396 rows=10401208 loops=1)
        Buckets: 131072 (originally 131072)  Batches: 256 (originally 128)  Memory Usage: 3073kB
        ->  Hash Join  (cost=102767.86..1101264.21 rows=8001918 width=8) (actual time=4218.486..25735.411 rows=10401208 loops=1)
              Hash Cond: (ci.movie_id = t.id)
              ->  Seq Scan on cast_info ci  (cost=0.00..796071.18 rows=8001918 width=4) (actual time=2348.269..14578.087 rows=10401208 loops=1)
                    Filter: ((person_id < 1418429) AND (role_id < 3))
                    Rows Removed by Filter: 25843136
              ->  Hash  (cost=61283.27..61283.27 rows=2528527 width=4) (actual time=1868.980..1868.980 rows=2528312 loops=1)
                    Buckets: 131072  Batches: 64  Memory Usage: 2415kB
                    ->  Seq Scan on title t  (cost=0.00..61283.27 rows=2528527 width=4) (actual time=0.024..1014.808 rows=2528312 loops=1)
Planning time: 4.783 ms
Execution time: 91629.366 ms
