Hash Join  (cost=129220.67..219796.96 rows=18009 width=0) (actual time=2362.628..4105.877 rows=67271 loops=1)
  Hash Cond: (mk.movie_id = t.id)
  ->  Seq Scan on movie_keyword mk  (cost=0.00..81003.12 rows=2504821 width=4) (actual time=0.009..1332.599 rows=2497466 loops=1)
        Filter: (keyword_id > 3627)
        Rows Removed by Filter: 2026464
  ->  Hash  (cost=128993.43..128993.43 rows=18179 width=8) (actual time=2362.388..2362.388 rows=31097 loops=1)
        Buckets: 32768  Batches: 1  Memory Usage: 1471kB
        ->  Hash Join  (cost=74146.12..128993.43 rows=18179 width=8) (actual time=1141.780..2350.589 rows=31097 loops=1)
              Hash Cond: (mc.movie_id = t.id)
              ->  Seq Scan on movie_companies mc  (cost=0.00..44881.29 rows=2609129 width=4) (actual time=0.023..665.395 rows=2609129 loops=1)
              ->  Hash  (cost=73925.90..73925.90 rows=17617 width=4) (actual time=1059.358..1059.358 rows=22021 loops=1)
                    Buckets: 32768  Batches: 1  Memory Usage: 1031kB
                    ->  Seq Scan on title t  (cost=0.00..73925.90 rows=17617 width=4) (actual time=332.259..1050.419 rows=22021 loops=1)
                          Filter: ((production_year > 2012) AND (kind_id = 1))
                          Rows Removed by Filter: 2506291
Planning time: 1.124 ms
Execution time: 4113.612 ms
