Hash Join  (cost=185520.85..214399.15 rows=26124 width=0) (actual time=3950.102..4609.406 rows=23688 loops=1)
  Hash Cond: (mi_idx.movie_id = t.id)
  ->  Seq Scan on movie_info_idx mi_idx  (cost=0.00..25185.44 rows=915101 width=4) (actual time=0.024..481.733 rows=919850 loops=1)
        Filter: (info_type_id < 101)
        Rows Removed by Filter: 460185
  ->  Hash  (cost=184618.55..184618.55 rows=72184 width=8) (actual time=3949.302..3949.302 rows=26477 loops=1)
        Buckets: 131072  Batches: 1  Memory Usage: 2059kB
        ->  Hash Join  (cost=94973.51..184618.55 rows=72184 width=8) (actual time=1891.723..3938.082 rows=26477 loops=1)
              Hash Cond: (mk.movie_id = t.id)
              ->  Seq Scan on movie_keyword mk  (cost=0.00..81003.12 rows=109414 width=4) (actual time=0.031..1398.125 rows=121921 loops=1)
                    Filter: (keyword_id < 117)
                    Rows Removed by Filter: 4402009
              ->  Hash  (cost=67604.59..67604.59 rows=1668154 width=4) (actual time=1889.832..1889.832 rows=1674098 loops=1)
                    Buckets: 131072  Batches: 32  Memory Usage: 2875kB
                    ->  Seq Scan on title t  (cost=0.00..67604.59 rows=1668154 width=4) (actual time=0.020..1329.808 rows=1674098 loops=1)
                          Filter: (kind_id > 3)
                          Rows Removed by Filter: 854214
Planning time: 1.153 ms
Execution time: 4612.713 ms
