Hash Join  (cost=156649.15..230872.78 rows=288164 width=0) (actual time=3892.550..5875.887 rows=760070 loops=1)
  Hash Cond: (mc.movie_id = t.id)
  ->  Seq Scan on movie_companies mc  (cost=0.00..51404.11 rows=1567168 width=4) (actual time=0.031..1000.606 rows=1568578 loops=1)
        Filter: (company_id > 5956)
        Rows Removed by Filter: 1040551
  ->  Hash  (cost=149020.47..149020.47 rows=464934 width=8) (actual time=3891.668..3891.668 rows=460185 loops=1)
        Buckets: 131072  Batches: 8  Memory Usage: 3276kB
        ->  Hash Join  (cost=102767.86..149020.47 rows=464934 width=8) (actual time=2068.836..3754.549 rows=460185 loops=1)
              Hash Cond: (mi_idx.movie_id = t.id)
              ->  Seq Scan on movie_info_idx mi_idx  (cost=0.00..25185.44 rows=464934 width=4) (actual time=0.025..477.828 rows=460185 loops=1)
                    Filter: (info_type_id > 100)
                    Rows Removed by Filter: 919850
              ->  Hash  (cost=61283.27..61283.27 rows=2528527 width=4) (actual time=2066.801..2066.801 rows=2528312 loops=1)
                    Buckets: 131072  Batches: 64  Memory Usage: 2415kB
                    ->  Seq Scan on title t  (cost=0.00..61283.27 rows=2528527 width=4) (actual time=0.032..1236.424 rows=2528312 loops=1)
Planning time: 1.098 ms
Execution time: 5962.624 ms
