Seq Scan on movie_companies mc  (cost=0.00..57926.93 rows=51 width=0) (actual time=51.045..799.076 rows=11 loops=1)
  Filter: ((company_id = 12757) AND (company_type_id = 1))
  Rows Removed by Filter: 2609118
Planning time: 0.347 ms
Execution time: 799.162 ms
