Hash Join  (cost=83073.88..109962.42 rows=14 width=0) (actual time=1260.762..1800.847 rows=82 loops=1)
  Hash Cond: (mi_idx.movie_id = t.id)
  ->  Seq Scan on movie_info_idx mi_idx  (cost=0.00..25185.44 rows=454124 width=4) (actual time=0.023..482.505 rows=459925 loops=1)
        Filter: (info_type_id = 100)
        Rows Removed by Filter: 920110
  ->  Hash  (cost=83072.90..83072.90 rows=78 width=8) (actual time=1254.278..1254.278 rows=82 loops=1)
        Buckets: 1024  Batches: 1  Memory Usage: 12kB
        ->  Nested Loop  (cost=0.43..83072.90 rows=78 width=8) (actual time=126.928..1254.156 rows=82 loops=1)
              ->  Seq Scan on movie_keyword mk  (cost=0.00..81003.12 rows=246 width=4) (actual time=5.357..1248.019 rows=110 loops=1)
                    Filter: (keyword_id = 11227)
                    Rows Removed by Filter: 4523820
              ->  Index Scan using title_pkey on title t  (cost=0.43..8.40 rows=1 width=4) (actual time=0.051..0.051 rows=1 loops=110)
                    Index Cond: (id = mk.movie_id)
                    Filter: ((kind_id < 7) AND (production_year < 2011))
                    Rows Removed by Filter: 0
Planning time: 1.217 ms
Execution time: 1801.013 ms
