Hash Join  (cost=189345.70..678448.78 rows=871315 width=0) (actual time=3478.342..13549.808 rows=450377 loops=1)
  Hash Cond: (mi.movie_id = t.id)
  ->  Seq Scan on movie_info mi  (cost=0.00..309384.22 rows=14739122 width=4) (actual time=0.015..5071.244 rows=14835720 loops=1)
  ->  Hash  (cost=186893.25..186893.25 rows=149476 width=8) (actual time=3477.165..3477.165 rows=34762 loops=1)
        Buckets: 131072  Batches: 2  Memory Usage: 1707kB
        ->  Hash Join  (cost=94973.51..186893.25 rows=149476 width=8) (actual time=1825.644..3465.919 rows=34762 loops=1)
              Hash Cond: (mk.movie_id = t.id)
              ->  Seq Scan on movie_keyword mk  (cost=0.00..81003.12 rows=226570 width=4) (actual time=0.026..1274.748 rows=228450 loops=1)
                    Filter: (keyword_id > 63629)
                    Rows Removed by Filter: 4295480
              ->  Hash  (cost=67604.59..67604.59 rows=1668154 width=4) (actual time=1822.072..1822.072 rows=1674098 loops=1)
                    Buckets: 131072  Batches: 32  Memory Usage: 2875kB
                    ->  Seq Scan on title t  (cost=0.00..67604.59 rows=1668154 width=4) (actual time=0.011..1264.614 rows=1674098 loops=1)
                          Filter: (kind_id > 3)
                          Rows Removed by Filter: 854214
Planning time: 1.128 ms
Execution time: 13608.249 ms
