Seq Scan on movie_keyword mk  (cost=0.00..81003.12 rows=4435729 width=0) (actual time=0.020..1585.906 rows=4429028 loops=1)
  Filter: (keyword_id > 84)
  Rows Removed by Filter: 94902
Planning time: 0.314 ms
Execution time: 2121.000 ms
