Hash Join  (cost=74547.77..162095.90 rows=89009 width=0) (actual time=1043.891..2839.350 rows=164531 loops=1)
  Hash Cond: (mk.movie_id = t.id)
  ->  Seq Scan on movie_keyword mk  (cost=0.00..69693.30 rows=4523930 width=4) (actual time=0.017..888.160 rows=4523930 loops=1)
  ->  Hash  (cost=73925.90..73925.90 rows=49749 width=4) (actual time=1043.417..1043.417 rows=44012 loops=1)
        Buckets: 65536  Batches: 1  Memory Usage: 2060kB
        ->  Seq Scan on title t  (cost=0.00..73925.90 rows=49749 width=4) (actual time=0.075..1025.620 rows=44012 loops=1)
              Filter: ((kind_id < 7) AND (production_year = 2009))
              Rows Removed by Filter: 2484300
Planning time: 0.822 ms
Execution time: 2860.916 ms
