Seq Scan on cast_info ci  (cost=0.00..705507.15 rows=35387634 width=0) (actual time=0.023..13323.767 rows=35375348 loops=1)
  Filter: (person_id < 3894774)
  Rows Removed by Filter: 868996
Planning time: 0.307 ms
Execution time: 17573.717 ms
