Seq Scan on movie_keyword mk  (cost=0.00..81003.12 rows=3009234 width=0) (actual time=0.014..1463.521 rows=2990405 loops=1)
  Filter: (keyword_id < 10419)
  Rows Removed by Filter: 1533525
Planning time: 0.300 ms
Execution time: 1823.151 ms
