Hash Join  (cost=703858.71..2822212.24 rows=83536329 width=0) (actual time=17015.943..112895.008 rows=257680564 loops=1)
  Hash Cond: (ci.movie_id = t.id)
  ->  Seq Scan on cast_info ci  (cost=0.00..614943.12 rows=36225612 width=4) (actual time=0.014..14114.108 rows=36244344 loops=1)
  ->  Hash  (cost=608196.86..608196.86 rows=5830788 width=8) (actual time=17013.788..17013.788 rows=5898755 loops=1)
        Buckets: 131072  Batches: 128  Memory Usage: 2827kB
        ->  Hash Join  (cost=99841.01..608196.86 rows=5830788 width=8) (actual time=2098.859..15245.702 rows=5898755 loops=1)
              Hash Cond: (mi.movie_id = t.id)
              ->  Seq Scan on movie_info mi  (cost=0.00..346232.03 rows=7503588 width=4) (actual time=0.034..6585.357 rows=7548855 loops=1)
                    Filter: (info_type_id > 7)
                    Rows Removed by Filter: 7286865
              ->  Hash  (cost=67604.59..67604.59 rows=1964834 width=4) (actual time=2097.631..2097.631 rows=1962189 loops=1)
                    Buckets: 131072  Batches: 32  Memory Usage: 3196kB
                    ->  Seq Scan on title t  (cost=0.00..67604.59 rows=1964834 width=4) (actual time=0.023..1448.178 rows=1962189 loops=1)
                          Filter: (production_year > 1978)
                          Rows Removed by Filter: 566123
Planning time: 1.596 ms
Execution time: 139959.776 ms
