Hash Join  (cost=67697.55..894856.09 rows=24193 width=0) (actual time=5389.445..14841.698 rows=25782 loops=1)
  Hash Cond: (ci.movie_id = t.id)
  ->  Seq Scan on cast_info ci  (cost=0.00..796071.18 rows=8225448 width=4) (actual time=4052.335..12890.791 rows=3501875 loops=1)
        Filter: ((person_id < 1246003) AND (role_id > 1))
        Rows Removed by Filter: 32742469
  ->  Hash  (cost=67604.59..67604.59 rows=7437 width=4) (actual time=1047.360..1047.360 rows=16571 loops=1)
        Buckets: 32768 (originally 8192)  Batches: 1 (originally 1)  Memory Usage: 839kB
        ->  Seq Scan on title t  (cost=0.00..67604.59 rows=7437 width=4) (actual time=0.121..1039.429 rows=16571 loops=1)
              Filter: (production_year = 1984)
              Rows Removed by Filter: 2511741
Planning time: 4.964 ms
Execution time: 14846.635 ms
