Hash Join  (cost=102767.86..188009.80 rows=724616 width=0) (actual time=1931.663..4189.684 rows=998416 loops=1)
  Hash Cond: (mc.movie_id = t.id)
  ->  Seq Scan on movie_companies mc  (cost=0.00..57926.93 rows=724616 width=4) (actual time=0.017..1096.141 rows=998416 loops=1)
        Filter: ((company_id < 13314) AND (company_type_id < 2))
        Rows Removed by Filter: 1610713
  ->  Hash  (cost=61283.27..61283.27 rows=2528527 width=4) (actual time=1929.866..1929.866 rows=2528312 loops=1)
        Buckets: 131072  Batches: 64  Memory Usage: 2415kB
        ->  Seq Scan on title t  (cost=0.00..61283.27 rows=2528527 width=4) (actual time=0.022..1102.371 rows=2528312 loops=1)
Planning time: 0.746 ms
Execution time: 4303.394 ms
