Seq Scan on movie_keyword mk  (cost=0.00..81003.12 rows=3902719 width=0) (actual time=0.025..1671.633 rows=3903075 loops=1)
  Filter: (keyword_id < 29372)
  Rows Removed by Filter: 620855
Planning time: 0.342 ms
Execution time: 2157.553 ms
