Seq Scan on movie_companies mc  (cost=0.00..51404.11 rows=2596322 width=0) (actual time=0.028..1044.070 rows=2597340 loops=1)
  Filter: (company_id < 223830)
  Rows Removed by Filter: 11789
Planning time: 0.346 ms
Execution time: 1380.419 ms
