Seq Scan on movie_keyword mk  (cost=0.00..81003.12 rows=3024896 width=0) (actual time=0.023..1475.431 rows=3015041 loops=1)
  Filter: (keyword_id > 2182)
  Rows Removed by Filter: 1508889
Planning time: 0.328 ms
Execution time: 1855.527 ms
