Hash Join  (cost=190230.21..335981.08 rows=1903330 width=0) (actual time=4484.637..9793.349 rows=8175679 loops=1)
  Hash Cond: (mk.movie_id = t.id)
  ->  Seq Scan on movie_keyword mk  (cost=0.00..81003.12 rows=3487319 width=4) (actual time=0.028..1866.695 rows=3485549 loops=1)
        Filter: (keyword_id > 1028)
        Rows Removed by Filter: 1038381
  ->  Hash  (cost=167588.78..167588.78 rows=1380035 width=8) (actual time=4483.522..4483.522 rows=1380035 loops=1)
        Buckets: 131072  Batches: 32  Memory Usage: 2726kB
        ->  Hash Join  (cost=102767.86..167588.78 rows=1380035 width=8) (actual time=1865.280..4084.332 rows=1380035 loops=1)
              Hash Cond: (mi_idx.movie_id = t.id)
              ->  Seq Scan on movie_info_idx mi_idx  (cost=0.00..21735.35 rows=1380035 width=4) (actual time=0.020..470.749 rows=1380035 loops=1)
              ->  Hash  (cost=61283.27..61283.27 rows=2528527 width=4) (actual time=1863.943..1863.943 rows=2528312 loops=1)
                    Buckets: 131072  Batches: 64  Memory Usage: 2415kB
                    ->  Seq Scan on title t  (cost=0.00..61283.27 rows=2528527 width=4) (actual time=2.956..1070.236 rows=2528312 loops=1)
Planning time: 1.118 ms
Execution time: 10663.610 ms
