Hash Join  (cost=78556.72..1144615.66 rows=6653534 width=0) (actual time=1344.755..30618.371 rows=7250738 loops=1)
  Hash Cond: (ci.movie_id = t.id)
  ->  Seq Scan on cast_info ci  (cost=0.00..705507.15 rows=25202786 width=4) (actual time=0.016..15424.924 rows=25227325 loops=1)
        Filter: (person_id < 2602398)
        Rows Removed by Filter: 11017019
  ->  Hash  (cost=67604.59..67604.59 rows=667531 width=4) (actual time=1343.958..1343.958 rows=662825 loops=1)
        Buckets: 131072  Batches: 16  Memory Usage: 2476kB
        ->  Seq Scan on title t  (cost=0.00..67604.59 rows=667531 width=4) (actual time=0.010..1137.461 rows=662825 loops=1)
              Filter: (kind_id = 1)
              Rows Removed by Filter: 1865487
Planning time: 0.785 ms
Execution time: 31434.629 ms
