Hash Join  (cost=709675.89..736587.57 rows=120 width=0) (actual time=10965.272..11463.128 rows=330 loops=1)
  Hash Cond: (mi_idx.movie_id = t.id)
  ->  Seq Scan on movie_info_idx mi_idx  (cost=0.00..21735.35 rows=1380035 width=4) (actual time=0.022..286.923 rows=1380035 loops=1)
  ->  Hash  (cost=709673.15..709673.15 rows=219 width=8) (actual time=10930.507..10930.507 rows=453 loops=1)
        Buckets: 1024  Batches: 1  Memory Usage: 26kB
        ->  Nested Loop  (cost=0.43..709673.15 rows=219 width=8) (actual time=6229.133..10930.282 rows=453 loops=1)
              ->  Seq Scan on cast_info ci  (cost=0.00..705507.15 rows=500 width=4) (actual time=6229.058..10925.301 rows=454 loops=1)
                    Filter: (person_id = 614233)
                    Rows Removed by Filter: 36243890
              ->  Index Scan using title_pkey on title t  (cost=0.43..8.32 rows=1 width=4) (actual time=0.010..0.010 rows=1 loops=454)
                    Index Cond: (id = ci.movie_id)
                    Filter: (production_year > 2004)
                    Rows Removed by Filter: 0
Planning time: 1.212 ms
Execution time: 11463.285 ms
