Hash Join  (cost=102767.86..1530924.82 rows=29621650 width=0) (actual time=1858.066..42155.793 rows=29557023 loops=1)
  Hash Cond: (ci.movie_id = t.id)
  ->  Seq Scan on cast_info ci  (cost=0.00..705507.15 rows=29621650 width=4) (actual time=0.069..16179.265 rows=29557023 loops=1)
        Filter: (person_id < 2991200)
        Rows Removed by Filter: 6687321
  ->  Hash  (cost=61283.27..61283.27 rows=2528527 width=4) (actual time=1857.202..1857.202 rows=2528312 loops=1)
        Buckets: 131072  Batches: 64  Memory Usage: 2415kB
        ->  Seq Scan on title t  (cost=0.00..61283.27 rows=2528527 width=4) (actual time=0.025..1006.831 rows=2528312 loops=1)
Planning time: 5.542 ms
Execution time: 45469.768 ms
