Seq Scan on movie_keyword mk  (cost=0.00..81003.12 rows=246 width=0) (actual time=24.909..1135.056 rows=67 loops=1)
  Filter: (keyword_id = 22337)
  Rows Removed by Filter: 4523863
Planning time: 0.247 ms
Execution time: 1135.188 ms
