Hash Join  (cost=173842.21..536410.26 rows=43051 width=0) (actual time=5859.529..9354.310 rows=167213 loops=1)
  Hash Cond: (mi.movie_id = t.id)
  ->  Seq Scan on movie_info mi  (cost=0.00..346232.03 rows=1348138 width=4) (actual time=2134.349..5360.619 rows=1298989 loops=1)
        Filter: (info_type_id = 4)
        Rows Removed by Filter: 13536731
  ->  Hash  (cost=172516.90..172516.90 rows=80745 width=8) (actual time=3332.559..3332.559 rows=156942 loops=1)
        Buckets: 131072 (originally 131072)  Batches: 4 (originally 2)  Memory Usage: 3073kB
        ->  Hash Join  (cost=102767.86..172516.90 rows=80745 width=8) (actual time=1897.510..3266.170 rows=156942 loops=1)
              Hash Cond: (mc.movie_id = t.id)
              ->  Seq Scan on movie_companies mc  (cost=0.00..57926.93 rows=80745 width=4) (actual time=67.050..870.591 rows=156942 loops=1)
                    Filter: ((company_id > 129098) AND (company_type_id = 2))
                    Rows Removed by Filter: 2452187
              ->  Hash  (cost=61283.27..61283.27 rows=2528527 width=4) (actual time=1828.454..1828.454 rows=2528312 loops=1)
                    Buckets: 131072  Batches: 64  Memory Usage: 2415kB
                    ->  Seq Scan on title t  (cost=0.00..61283.27 rows=2528527 width=4) (actual time=0.026..969.862 rows=2528312 loops=1)
Planning time: 1.267 ms
Execution time: 9368.741 ms
