Nested Loop  (cost=32749.09..740343.62 rows=91 width=0) (actual time=11557.644..11559.616 rows=1 loops=1)
  Join Filter: (ci.movie_id = t.id)
  ->  Hash Join  (cost=32748.66..740150.58 rows=227 width=8) (actual time=11557.567..11559.537 rows=1 loops=1)
        Hash Cond: (ci.movie_id = mi_idx.movie_id)
        ->  Seq Scan on cast_info ci  (cost=0.00..705507.15 rows=500 width=4) (actual time=5394.881..10913.697 rows=1 loops=1)
              Filter: (person_id = 2195693)
              Rows Removed by Filter: 36244343
        ->  Hash  (cost=25185.44..25185.44 rows=460978 width=4) (actual time=631.295..631.295 rows=459925 loops=1)
              Buckets: 131072  Batches: 8  Memory Usage: 3050kB
              ->  Seq Scan on movie_info_idx mi_idx  (cost=0.00..25185.44 rows=460978 width=4) (actual time=0.033..461.513 rows=459925 loops=1)
                    Filter: (info_type_id = 99)
                    Rows Removed by Filter: 920110
  ->  Index Only Scan using title_pkey on title t  (cost=0.43..0.84 rows=1 width=4) (actual time=0.058..0.059 rows=1 loops=1)
        Index Cond: (id = mi_idx.movie_id)
        Heap Fetches: 1
Planning time: 1.170 ms
Execution time: 11559.702 ms
