Hash Join  (cost=190170.29..229581.83 rows=175247 width=0) (actual time=4048.568..5900.052 rows=870254 loops=1)
  Hash Cond: (mi_idx.movie_id = t.id)
  ->  Seq Scan on movie_info_idx mi_idx  (cost=0.00..25185.44 rows=915101 width=4) (actual time=0.025..565.180 rows=919850 loops=1)
        Filter: (info_type_id < 101)
        Rows Removed by Filter: 460185
  ->  Hash  (cost=182225.47..182225.47 rows=484226 width=8) (actual time=4047.382..4047.382 rows=693495 loops=1)
        Buckets: 131072 (originally 131072)  Batches: 16 (originally 8)  Memory Usage: 3073kB
        ->  Hash Join  (cost=102767.86..182225.47 rows=484226 width=8) (actual time=1966.910..3822.042 rows=693495 loops=1)
              Hash Cond: (mc.movie_id = t.id)
              ->  Seq Scan on movie_companies mc  (cost=0.00..57926.93 rows=484226 width=4) (actual time=191.833..988.614 rows=693495 loops=1)
                    Filter: ((company_id < 4568) AND (company_type_id = 1))
                    Rows Removed by Filter: 1915634
              ->  Hash  (cost=61283.27..61283.27 rows=2528527 width=4) (actual time=1773.761..1773.761 rows=2528312 loops=1)
                    Buckets: 131072  Batches: 64  Memory Usage: 2415kB
                    ->  Seq Scan on title t  (cost=0.00..61283.27 rows=2528527 width=4) (actual time=0.025..971.646 rows=2528312 loops=1)
Planning time: 1.190 ms
Execution time: 6009.205 ms
