Seq Scan on movie_keyword mk  (cost=0.00..81003.12 rows=2705533 width=0) (actual time=0.025..1528.979 rows=2698749 loops=1)
  Filter: (keyword_id > 2992)
  Rows Removed by Filter: 1825181
Planning time: 2.978 ms
Execution time: 1857.215 ms
