Seq Scan on cast_info ci  (cost=0.00..796071.18 rows=17247953 width=0) (actual time=0.015..16078.656 rows=20122661 loops=1)
  Filter: ((person_id < 3161528) AND (role_id < 3))
  Rows Removed by Filter: 16121683
Planning time: 0.264 ms
Execution time: 18469.593 ms
