Hash Join  (cost=709678.15..796345.14 rows=895 width=0) (actual time=10299.262..12141.279 rows=359 loops=1)
  Hash Cond: (mk.movie_id = t.id)
  ->  Seq Scan on movie_keyword mk  (cost=0.00..69693.30 rows=4523930 width=4) (actual time=0.023..1119.036 rows=4523930 loops=1)
  ->  Hash  (cost=709671.90..709671.90 rows=500 width=8) (actual time=10271.367..10271.367 rows=69 loops=1)
        Buckets: 1024  Batches: 1  Memory Usage: 11kB
        ->  Nested Loop  (cost=0.43..709671.90 rows=500 width=8) (actual time=6790.514..10271.320 rows=69 loops=1)
              ->  Seq Scan on cast_info ci  (cost=0.00..705507.15 rows=500 width=4) (actual time=6790.412..10269.308 rows=69 loops=1)
                    Filter: (person_id = 94476)
                    Rows Removed by Filter: 36244275
              ->  Index Only Scan using title_pkey on title t  (cost=0.43..8.32 rows=1 width=4) (actual time=0.028..0.028 rows=1 loops=69)
                    Index Cond: (id = ci.movie_id)
                    Heap Fetches: 69
Planning time: 1.189 ms
Execution time: 12141.445 ms
