Seq Scan on movie_companies mc  (cost=0.00..57926.93 rows=53 width=0) (actual time=113.045..783.880 rows=151 loops=1)
  Filter: ((company_id = 82917) AND (company_type_id = 2))
  Rows Removed by Filter: 2608978
Planning time: 0.403 ms
Execution time: 783.982 ms
