Hash Join  (cost=74794.63..102084.42 rows=37931 width=0) (actual time=1230.264..1891.226 rows=20313 loops=1)
  Hash Cond: (mi_idx.movie_id = t.id)
  ->  Seq Scan on movie_info_idx mi_idx  (cost=0.00..21735.35 rows=1380035 width=4) (actual time=0.016..319.236 rows=1380035 loops=1)
  ->  Hash  (cost=73925.90..73925.90 rows=69498 width=4) (actual time=1229.494..1229.494 rows=84506 loops=1)
        Buckets: 131072  Batches: 1  Memory Usage: 3995kB
        ->  Seq Scan on title t  (cost=0.00..73925.90 rows=69498 width=4) (actual time=0.033..1195.707 rows=84506 loops=1)
              Filter: ((kind_id > 4) AND (production_year = 2007))
              Rows Removed by Filter: 2443806
Planning time: 0.806 ms
Execution time: 1894.180 ms
