Hash Join  (cost=68438.72..123792.83 rows=68858 width=0) (actual time=1057.473..2441.591 rows=53637 loops=1)
  Hash Cond: (mc.movie_id = t.id)
  ->  Seq Scan on movie_companies mc  (cost=0.00..44881.29 rows=2609129 width=4) (actual time=0.014..655.300 rows=2609129 loops=1)
  ->  Hash  (cost=67604.59..67604.59 rows=66731 width=4) (actual time=1056.703..1056.703 rows=67342 loops=1)
        Buckets: 131072  Batches: 1  Memory Usage: 3392kB
        ->  Seq Scan on title t  (cost=0.00..67604.59 rows=66731 width=4) (actual time=0.023..1027.112 rows=67342 loops=1)
              Filter: (production_year > 2012)
              Rows Removed by Filter: 2460970
Planning time: 0.722 ms
Execution time: 2449.542 ms
