Hash Join  (cost=155244.64..240048.42 rows=707526 width=0) (actual time=3618.853..6166.925 rows=1253178 loops=1)
  Hash Cond: (mc.movie_id = t.id)
  ->  Seq Scan on movie_companies mc  (cost=0.00..44881.29 rows=2609129 width=4) (actual time=0.038..943.405 rows=2609129 loops=1)
  ->  Hash  (cost=143994.78..143994.78 rows=685669 width=8) (actual time=3617.902..3617.902 rows=542199 loops=1)
        Buckets: 131072  Batches: 16  Memory Usage: 2359kB
        ->  Hash Join  (cost=94537.60..143994.78 rows=685669 width=8) (actual time=1804.100..3460.660 rows=542199 loops=1)
              Hash Cond: (mi_idx.movie_id = t.id)
              ->  Seq Scan on movie_info_idx mi_idx  (cost=0.00..21735.35 rows=1380035 width=4) (actual time=0.022..474.070 rows=1380035 loops=1)
              ->  Hash  (cost=73925.90..73925.90 rows=1256296 width=4) (actual time=1802.509..1802.509 rows=1375227 loops=1)
                    Buckets: 131072  Batches: 32  Memory Usage: 2542kB
                    ->  Seq Scan on title t  (cost=0.00..73925.90 rows=1256296 width=4) (actual time=0.035..1348.384 rows=1375227 loops=1)
                          Filter: ((kind_id > 1) AND (production_year > 1992))
                          Rows Removed by Filter: 1153085
Planning time: 1.464 ms
Execution time: 6319.007 ms
