Seq Scan on movie_keyword mk  (cost=0.00..81003.12 rows=4000307 width=0) (actual time=0.015..1595.222 rows=4009718 loops=1)
  Filter: (keyword_id < 35246)
  Rows Removed by Filter: 514212
Planning time: 0.537 ms
Execution time: 2114.448 ms
