Hash Join  (cost=102767.86..168699.62 rows=193209 width=0) (actual time=1914.967..3253.579 rows=192038 loops=1)
  Hash Cond: (mc.movie_id = t.id)
  ->  Seq Scan on movie_companies mc  (cost=0.00..51404.11 rows=193209 width=4) (actual time=0.022..791.597 rows=192038 loops=1)
        Filter: (company_id < 52)
        Rows Removed by Filter: 2417091
  ->  Hash  (cost=61283.27..61283.27 rows=2528527 width=4) (actual time=1912.672..1912.672 rows=2528312 loops=1)
        Buckets: 131072  Batches: 64  Memory Usage: 2415kB
        ->  Seq Scan on title t  (cost=0.00..61283.27 rows=2528527 width=4) (actual time=0.019..1057.190 rows=2528312 loops=1)
Planning time: 0.723 ms
Execution time: 3276.180 ms
