Hash Join  (cost=84697.09..118877.57 rows=117907 width=0) (actual time=1650.587..2461.625 rows=66175 loops=1)
  Hash Cond: (mi_idx.movie_id = t.id)
  ->  Seq Scan on movie_info_idx mi_idx  (cost=0.00..25185.44 rows=454124 width=4) (actual time=0.014..487.687 rows=459925 loops=1)
        Filter: (info_type_id = 100)
        Rows Removed by Filter: 920110
  ->  Hash  (cost=73925.90..73925.90 rows=656495 width=4) (actual time=1649.232..1649.232 rows=556797 loops=1)
        Buckets: 131072  Batches: 16  Memory Usage: 2246kB
        ->  Seq Scan on title t  (cost=0.00..73925.90 rows=656495 width=4) (actual time=0.023..1142.153 rows=556797 loops=1)
              Filter: ((production_year < 2001) AND (kind_id = 7))
              Rows Removed by Filter: 1971515
Planning time: 0.715 ms
Execution time: 2470.397 ms
