Hash Join  (cost=109448.91..166610.30 rows=39321 width=0) (actual time=2015.963..3192.269 rows=112231 loops=1)
  Hash Cond: (mc.movie_id = t.id)
  ->  Seq Scan on movie_companies mc  (cost=0.00..51404.11 rows=1430417 width=4) (actual time=0.017..836.606 rows=1420401 loops=1)
        Filter: (company_id < 12507)
        Rows Removed by Filter: 1188728
  ->  Hash  (cost=108580.06..108580.06 rows=69508 width=8) (actual time=2015.238..2015.238 rows=60340 loops=1)
        Buckets: 131072  Batches: 1  Memory Usage: 3382kB
        ->  Hash Join  (cost=69694.50..108580.06 rows=69508 width=8) (actual time=1118.037..1995.095 rows=60340 loops=1)
              Hash Cond: (mi_idx.movie_id = t.id)
              ->  Seq Scan on movie_info_idx mi_idx  (cost=0.00..21735.35 rows=1380035 width=4) (actual time=0.008..403.188 rows=1380035 loops=1)
              ->  Hash  (cost=67604.59..67604.59 rows=127353 width=4) (actual time=1117.227..1117.227 rows=128696 loops=1)
                    Buckets: 131072  Batches: 2  Memory Usage: 3284kB
                    ->  Seq Scan on title t  (cost=0.00..67604.59 rows=127353 width=4) (actual time=0.029..1062.340 rows=128696 loops=1)
                          Filter: (production_year = 2009)
                          Rows Removed by Filter: 2399616
Planning time: 1.186 ms
Execution time: 3206.779 ms
