Hash Join  (cost=76796.18..1136341.15 rows=2505780 width=0) (actual time=1092.035..30970.372 rows=2717602 loops=1)
  Hash Cond: (ci.movie_id = t.id)
  ->  Seq Scan on cast_info ci  (cost=0.00..614943.12 rows=36225612 width=4) (actual time=0.017..12752.396 rows=36244344 loops=1)
  ->  Hash  (cost=73925.90..73925.90 rows=174902 width=4) (actual time=1091.187..1091.187 rows=160286 loops=1)
        Buckets: 131072  Batches: 4  Memory Usage: 2435kB
        ->  Seq Scan on title t  (cost=0.00..73925.90 rows=174902 width=4) (actual time=404.347..1038.855 rows=160286 loops=1)
              Filter: ((production_year > 2008) AND (kind_id = 1))
              Rows Removed by Filter: 2368026
Planning time: 0.737 ms
Execution time: 31326.269 ms
