Hash Join  (cost=132719.82..225295.47 rows=91310 width=0) (actual time=3776.128..4375.060 rows=50446 loops=1)
  Hash Cond: (mk.movie_id = t.id)
  ->  Seq Scan on movie_keyword mk  (cost=0.00..81003.12 rows=827581 width=4) (actual time=0.038..1406.352 rows=828582 loops=1)
        Filter: (keyword_id < 795)
        Rows Removed by Filter: 3695348
  ->  Hash  (cost=128142.54..128142.54 rows=278982 width=8) (actual time=2603.292..2603.292 rows=157734 loops=1)
        Buckets: 131072  Batches: 4  Memory Usage: 2582kB
        ->  Hash Join  (cost=86573.65..128142.54 rows=278982 width=8) (actual time=1932.440..2551.866 rows=157734 loops=1)
              Hash Cond: (mi_idx.movie_id = t.id)
              ->  Seq Scan on movie_info_idx mi_idx  (cost=0.00..25185.44 rows=915101 width=4) (actual time=0.024..527.170 rows=919850 loops=1)
                    Filter: (info_type_id < 101)
                    Rows Removed by Filter: 460185
              ->  Hash  (cost=73925.90..73925.90 rows=770860 width=4) (actual time=1447.962..1447.962 rows=682281 loops=1)
                    Buckets: 131072  Batches: 16  Memory Usage: 2522kB
                    ->  Seq Scan on title t  (cost=0.00..73925.90 rows=770860 width=4) (actual time=0.022..1226.579 rows=682281 loops=1)
                          Filter: ((production_year < 2004) AND (kind_id = 7))
                          Rows Removed by Filter: 1846031
Planning time: 0.987 ms
Execution time: 4381.915 ms
