Hash Join  (cost=74146.12..163862.66 rows=15894 width=0) (actual time=1120.353..2916.381 rows=14565 loops=1)
  Hash Cond: (mk.movie_id = t.id)
  ->  Seq Scan on movie_keyword mk  (cost=0.00..81003.12 rows=2281193 width=4) (actual time=0.028..1411.848 rows=2282756 loops=1)
        Filter: (keyword_id > 4611)
        Rows Removed by Filter: 2241174
  ->  Hash  (cost=73925.90..73925.90 rows=17617 width=4) (actual time=1119.714..1119.714 rows=22021 loops=1)
        Buckets: 32768  Batches: 1  Memory Usage: 1031kB
        ->  Seq Scan on title t  (cost=0.00..73925.90 rows=17617 width=4) (actual time=71.311..1110.829 rows=22021 loops=1)
              Filter: ((production_year > 2012) AND (kind_id = 1))
              Rows Removed by Filter: 2506291
Planning time: 0.766 ms
Execution time: 2918.650 ms
