Hash Join  (cost=130426.33..217127.01 rows=4264 width=0) (actual time=3619.184..4099.349 rows=3355 loops=1)
  Hash Cond: (mk.movie_id = t.id)
  ->  Seq Scan on movie_keyword mk  (cost=0.00..69693.30 rows=4523930 width=4) (actual time=0.029..974.275 rows=4523930 loops=1)
  ->  Hash  (cost=130396.54..130396.54 rows=2383 width=8) (actual time=2326.293..2326.293 rows=3074 loops=1)
        Buckets: 4096  Batches: 1  Memory Usage: 153kB
        ->  Hash Join  (cost=73982.55..130396.54 rows=2383 width=8) (actual time=1476.558..2325.079 rows=3074 loops=1)
              Hash Cond: (mc.movie_id = t.id)
              ->  Seq Scan on movie_companies mc  (cost=0.00..51404.11 rows=1329612 width=4) (actual time=353.025..951.298 rows=1334883 loops=1)
                    Filter: (company_type_id > 1)
                    Rows Removed by Filter: 1274246
              ->  Hash  (cost=73925.90..73925.90 rows=4532 width=4) (actual time=1123.088..1123.088 rows=7806 loops=1)
                    Buckets: 8192  Batches: 1  Memory Usage: 339kB
                    ->  Seq Scan on title t  (cost=0.00..73925.90 rows=4532 width=4) (actual time=0.116..1119.234 rows=7806 loops=1)
                          Filter: ((kind_id = 7) AND (production_year = 1981))
                          Rows Removed by Filter: 2520506
Planning time: 1.106 ms
Execution time: 4099.941 ms
