Seq Scan on movie_companies mc  (cost=0.00..51404.11 rows=104 width=0) (actual time=319.735..799.984 rows=20 loops=1)
  Filter: (company_id = 100138)
  Rows Removed by Filter: 2609109
Planning time: 0.331 ms
Execution time: 800.080 ms
