Hash Join  (cost=161289.44..545763.95 rows=139470 width=0) (actual time=2832.965..11769.619 rows=5594932 loops=1)
  Hash Cond: (mi.movie_id = t.id)
  ->  Seq Scan on movie_info mi  (cost=0.00..309384.22 rows=14739122 width=4) (actual time=0.017..4314.086 rows=14835720 loops=1)
  ->  Hash  (cost=160990.36..160990.36 rows=23926 width=8) (actual time=2832.536..2832.536 rows=53789 loops=1)
        Buckets: 65536 (originally 32768)  Batches: 1 (originally 1)  Memory Usage: 2614kB
        ->  Hash Join  (cost=74093.07..160990.36 rows=23926 width=8) (actual time=1066.859..2815.541 rows=53789 loops=1)
              Hash Cond: (mk.movie_id = t.id)
              ->  Seq Scan on movie_keyword mk  (cost=0.00..69693.30 rows=4523930 width=4) (actual time=0.019..938.207 rows=4523930 loops=1)
              ->  Hash  (cost=73925.90..73925.90 rows=13373 width=4) (actual time=1066.522..1066.522 rows=7578 loops=1)
                    Buckets: 16384  Batches: 1  Memory Usage: 395kB
                    ->  Seq Scan on title t  (cost=0.00..73925.90 rows=13373 width=4) (actual time=203.432..1063.076 rows=7578 loops=1)
                          Filter: ((kind_id = 1) AND (production_year = 1999))
                          Rows Removed by Filter: 2520734
Planning time: 1.134 ms
Execution time: 12430.131 ms
