Seq Scan on title t  (cost=0.00..73925.90 rows=948284 width=0) (actual time=0.015..1141.748 rows=942729 loops=1)
  Filter: ((kind_id < 7) AND (production_year > 1911))
  Rows Removed by Filter: 1585583
Planning time: 0.282 ms
Execution time: 1262.392 ms
