Seq Scan on movie_keyword mk  (cost=0.00..81003.12 rows=4497794 width=0) (actual time=0.026..984.962 rows=4501267 loops=1)
  Filter: (keyword_id < 115395)
  Rows Removed by Filter: 22663
Planning time: 0.357 ms
Execution time: 1373.805 ms
