Hash Join  (cost=83126.54..481490.54 rows=803713 width=0) (actual time=4901.859..10027.101 rows=1534488 loops=1)
  Hash Cond: (mi.movie_id = t.id)
  ->  Seq Scan on movie_info mi  (cost=0.00..346232.03 rows=3623957 width=4) (actual time=2818.674..5989.612 rows=3624977 loops=1)
        Filter: (info_type_id < 4)
        Rows Removed by Filter: 11210743
  ->  Hash  (cost=73925.90..73925.90 rows=560771 width=4) (actual time=1730.867..1730.867 rows=438714 loops=1)
        Buckets: 131072  Batches: 8  Memory Usage: 2974kB
        ->  Seq Scan on title t  (cost=0.00..73925.90 rows=560771 width=4) (actual time=630.759..1321.373 rows=438714 loops=1)
              Filter: ((production_year > 1967) AND (kind_id = 1))
              Rows Removed by Filter: 2089598
Planning time: 0.785 ms
Execution time: 10222.055 ms
