Hash Join  (cost=504942.99..619582.86 rows=817969 width=0) (actual time=9267.650..16099.584 rows=20683082 loops=1)
  Hash Cond: (mk.movie_id = t.id)
  ->  Seq Scan on movie_keyword mk  (cost=0.00..81003.12 rows=1817081 width=4) (actual time=0.014..1613.554 rows=1819295 loops=1)
        Filter: (keyword_id < 2987)
        Rows Removed by Filter: 2704635
  ->  Hash  (cost=486268.12..486268.12 rows=1138230 width=8) (actual time=9266.442..9266.442 rows=1187158 loops=1)
        Buckets: 131072  Batches: 16  Memory Usage: 3910kB
        ->  Hash Join  (cost=102767.86..486268.12 rows=1138230 width=8) (actual time=2146.348..8913.517 rows=1187158 loops=1)
              Hash Cond: (mi.movie_id = t.id)
              ->  Seq Scan on movie_info mi  (cost=0.00..346232.03 rows=1138230 width=4) (actual time=304.672..5616.058 rows=1187158 loops=1)
                    Filter: (info_type_id > 41)
                    Rows Removed by Filter: 13648562
              ->  Hash  (cost=61283.27..61283.27 rows=2528527 width=4) (actual time=1839.196..1839.196 rows=2528312 loops=1)
                    Buckets: 131072  Batches: 64  Memory Usage: 2425kB
                    ->  Seq Scan on title t  (cost=0.00..61283.27 rows=2528527 width=4) (actual time=0.016..987.305 rows=2528312 loops=1)
Planning time: 0.820 ms
Execution time: 18236.501 ms
