Hash Join  (cost=107255.45..867836.25 rows=979166 width=0) (actual time=1988.339..22310.805 rows=1749428 loops=1)
  Hash Cond: (ci.movie_id = t.id)
  ->  Seq Scan on cast_info ci  (cost=0.00..614943.12 rows=36225612 width=4) (actual time=0.016..8193.282 rows=36244344 loops=1)
  ->  Hash  (cost=106401.14..106401.14 rows=68345 width=8) (actual time=1987.573..1987.573 rows=72983 loops=1)
        Buckets: 131072  Batches: 1  Memory Usage: 3875kB
        ->  Hash Join  (cost=73702.75..106401.14 rows=68345 width=8) (actual time=1152.129..1958.550 rows=72983 loops=1)
              Hash Cond: (mi_idx.movie_id = t.id)
              ->  Seq Scan on movie_info_idx mi_idx  (cost=0.00..25185.44 rows=464934 width=4) (actual time=0.022..502.931 rows=460185 loops=1)
                    Filter: (info_type_id > 100)
                    Rows Removed by Filter: 919850
              ->  Hash  (cost=67604.59..67604.59 rows=371693 width=4) (actual time=1151.347..1151.347 rows=366430 loops=1)
                    Buckets: 131072  Batches: 8  Memory Usage: 2627kB
                    ->  Seq Scan on title t  (cost=0.00..67604.59 rows=371693 width=4) (actual time=0.024..1030.383 rows=366430 loops=1)
                          Filter: (production_year < 1970)
                          Rows Removed by Filter: 2161882
Planning time: 1.153 ms
Execution time: 22540.779 ms
