Nested Loop  (cost=0.43..83071.67 rows=246 width=106) (actual time=28.766..1109.005 rows=123 loops=1)
  ->  Seq Scan on movie_keyword mk  (cost=0.00..81003.12 rows=246 width=12) (actual time=28.694..1101.030 rows=123 loops=1)
        Filter: (keyword_id = 20450)
        Rows Removed by Filter: 4523807
  ->  Index Scan using title_pkey on title t  (cost=0.43..8.40 rows=1 width=94) (actual time=0.060..0.060 rows=1 loops=123)
        Index Cond: (id = mk.movie_id)
Planning time: 0.982 ms
Execution time: 1109.099 ms
