Hash Join  (cost=102767.86..207481.34 rows=574791 width=0) (actual time=2035.618..4481.851 rows=577095 loops=1)
  Hash Cond: (mk.movie_id = t.id)
  ->  Seq Scan on movie_keyword mk  (cost=0.00..81003.12 rows=574791 width=4) (actual time=0.032..1304.845 rows=577095 loops=1)
        Filter: (keyword_id < 407)
        Rows Removed by Filter: 3946835
  ->  Hash  (cost=61283.27..61283.27 rows=2528527 width=4) (actual time=2033.080..2033.080 rows=2528312 loops=1)
        Buckets: 131072  Batches: 64  Memory Usage: 2425kB
        ->  Seq Scan on title t  (cost=0.00..61283.27 rows=2528527 width=4) (actual time=0.014..1159.650 rows=2528312 loops=1)
Planning time: 1.892 ms
Execution time: 4555.842 ms
