Hash Join  (cost=246224.57..339754.74 rows=1340564 width=0) (actual time=5638.320..11141.809 rows=10065920 loops=1)
  Hash Cond: (mc.movie_id = t.id)
  ->  Seq Scan on movie_companies mc  (cost=0.00..44881.29 rows=2609129 width=4) (actual time=0.018..1018.894 rows=2609129 loops=1)
  ->  Hash  (cost=224910.19..224910.19 rows=1299151 width=8) (actual time=5633.580..5633.580 rows=1314679 loops=1)
        Buckets: 131072  Batches: 32  Memory Usage: 2621kB
        ->  Hash Join  (cost=102767.86..224910.19 rows=1299151 width=8) (actual time=2518.229..5311.201 rows=1314679 loops=1)
              Hash Cond: (mk.movie_id = t.id)
              ->  Seq Scan on movie_keyword mk  (cost=0.00..81003.12 rows=1299151 width=4) (actual time=0.020..1480.735 rows=1314679 loops=1)
                    Filter: (keyword_id > 13346)
                    Rows Removed by Filter: 3209251
              ->  Hash  (cost=61283.27..61283.27 rows=2528527 width=4) (actual time=2516.443..2516.443 rows=2528312 loops=1)
                    Buckets: 131072  Batches: 64  Memory Usage: 2425kB
                    ->  Seq Scan on title t  (cost=0.00..61283.27 rows=2528527 width=4) (actual time=0.012..1092.461 rows=2528312 loops=1)
Planning time: 1.046 ms
Execution time: 12124.766 ms
