Nested Loop  (cost=0.43..160391.45 rows=1312 width=0) (actual time=1.236..1627.376 rows=2043 loops=1)
  ->  Seq Scan on movie_keyword mk  (cost=0.00..81003.12 rows=12818 width=4) (actual time=0.451..1328.754 rows=12645 loops=1)
        Filter: (keyword_id = 245)
        Rows Removed by Filter: 4511285
  ->  Index Scan using title_pkey on title t  (cost=0.43..6.18 rows=1 width=4) (actual time=0.023..0.023 rows=0 loops=12645)
        Index Cond: (id = mk.movie_id)
        Filter: ((kind_id < 7) AND (production_year > 2008))
        Rows Removed by Filter: 1
Planning time: 0.685 ms
Execution time: 1628.183 ms
