Hash Join  (cost=94699.36..153766.34 rows=486 width=0) (actual time=1711.991..2717.082 rows=7447 loops=1)
  Hash Cond: (mc.movie_id = t.id)
  ->  Seq Scan on movie_companies mc  (cost=0.00..57926.93 rows=302717 width=4) (actual time=0.024..911.216 rows=440576 loops=1)
        Filter: ((company_id < 741) AND (company_type_id = 1))
        Rows Removed by Filter: 2168553
  ->  Hash  (cost=94648.62..94648.62 rows=4059 width=8) (actual time=1711.656..1711.656 rows=16963 loops=1)
        Buckets: 32768 (originally 4096)  Batches: 1 (originally 1)  Memory Usage: 919kB
        ->  Hash Join  (cost=67697.55..94648.62 rows=4059 width=8) (actual time=1101.462..1705.488 rows=16963 loops=1)
              Hash Cond: (mi_idx.movie_id = t.id)
              ->  Seq Scan on movie_info_idx mi_idx  (cost=0.00..21735.35 rows=1380035 width=4) (actual time=0.020..304.408 rows=1380035 loops=1)
              ->  Hash  (cost=67604.59..67604.59 rows=7437 width=4) (actual time=1101.300..1101.300 rows=23040 loops=1)
                    Buckets: 32768 (originally 8192)  Batches: 1 (originally 1)  Memory Usage: 1066kB
                    ->  Seq Scan on title t  (cost=0.00..67604.59 rows=7437 width=4) (actual time=0.073..1090.271 rows=23040 loops=1)
                          Filter: (production_year = 1990)
                          Rows Removed by Filter: 2505272
Planning time: 2.129 ms
Execution time: 2718.588 ms
