Seq Scan on movie_companies mc  (cost=0.00..57926.93 rows=1026647 width=0) (actual time=0.023..1029.652 rows=1169766 loops=1)
  Filter: ((company_id > 677) AND (company_type_id = 2))
  Rows Removed by Filter: 1439363
Planning time: 3.474 ms
Execution time: 1173.677 ms
