Hash Join  (cost=172905.62..520959.15 rows=4544 width=0) (actual time=6343.118..8994.571 rows=7063 loops=1)
  Hash Cond: (mi.movie_id = t.id)
  ->  Seq Scan on movie_info mi  (cost=0.00..346232.03 rows=473617 width=4) (actual time=2191.880..4748.363 rows=486554 loops=1)
        Filter: (info_type_id = 5)
        Rows Removed by Filter: 14349166
  ->  Hash  (cost=172602.36..172602.36 rows=24261 width=8) (actual time=4142.111..4142.111 rows=24596 loops=1)
        Buckets: 32768  Batches: 1  Memory Usage: 1217kB
        ->  Hash Join  (cost=87301.44..172602.36 rows=24261 width=8) (actual time=2518.619..4133.231 rows=24596 loops=1)
              Hash Cond: (mk.movie_id = t.id)
              ->  Seq Scan on movie_keyword mk  (cost=0.00..81003.12 rows=75248 width=4) (actual time=0.105..1431.496 rows=72496 loops=1)
                    Filter: (keyword_id = 335)
                    Rows Removed by Filter: 4451434
              ->  Hash  (cost=73925.90..73925.90 rows=815243 width=4) (actual time=2515.892..2515.892 rows=876186 loops=1)
                    Buckets: 131072  Batches: 16  Memory Usage: 2961kB
                    ->  Seq Scan on title t  (cost=0.00..73925.90 rows=815243 width=4) (actual time=0.039..1451.890 rows=876186 loops=1)
                          Filter: ((kind_id > 1) AND (production_year > 2004))
                          Rows Removed by Filter: 1652126
Planning time: 1.143 ms
Execution time: 8996.085 ms
