Hash Join  (cost=223663.60..1410847.87 rows=10522914 width=0) (actual time=5912.484..67722.306 rows=122760355 loops=1)
  Hash Cond: (ci.movie_id = t.id)
  ->  Seq Scan on cast_info ci  (cost=0.00..614943.12 rows=36225612 width=4) (actual time=0.020..12907.981 rows=36244344 loops=1)
  ->  Hash  (cost=211612.43..211612.43 rows=734493 width=8) (actual time=5910.893..5910.893 rows=2287440 loops=1)
        Buckets: 131072 (originally 131072)  Batches: 32 (originally 16)  Memory Usage: 3764kB
        ->  Hash Join  (cost=80661.47..211612.43 rows=734493 width=8) (actual time=1520.848..5259.775 rows=2287440 loops=1)
              Hash Cond: (mk.movie_id = t.id)
              ->  Seq Scan on movie_keyword mk  (cost=0.00..69693.30 rows=4523930 width=4) (actual time=0.026..1417.310 rows=4523930 loops=1)
              ->  Hash  (cost=73925.90..73925.90 rows=410525 width=4) (actual time=1407.695..1407.695 rows=456146 loops=1)
                    Buckets: 131072  Batches: 8  Memory Usage: 3048kB
                    ->  Seq Scan on title t  (cost=0.00..73925.90 rows=410525 width=4) (actual time=0.019..1260.841 rows=456146 loops=1)
                          Filter: ((production_year < 2007) AND (kind_id = 1))
                          Rows Removed by Filter: 2072166
Planning time: 1.096 ms
Execution time: 81535.429 ms
