Seq Scan on cast_info ci  (cost=0.00..705507.15 rows=500 width=0) (actual time=3554.135..8790.532 rows=11 loops=1)
  Filter: (person_id = 915974)
  Rows Removed by Filter: 36244333
Planning time: 0.335 ms
Execution time: 8790.648 ms
