Nested Loop  (cost=0.43..83072.90 rows=91 width=0) (actual time=61.837..1150.383 rows=10 loops=1)
  ->  Seq Scan on movie_keyword mk  (cost=0.00..81003.12 rows=246 width=4) (actual time=44.043..1147.739 rows=70 loops=1)
        Filter: (keyword_id = 37214)
        Rows Removed by Filter: 4523860
  ->  Index Scan using title_pkey on title t  (cost=0.43..8.40 rows=1 width=4) (actual time=0.034..0.034 rows=0 loops=70)
        Index Cond: (id = mk.movie_id)
        Filter: ((production_year > 1997) AND (kind_id = 7))
        Rows Removed by Filter: 1
Planning time: 0.743 ms
Execution time: 1150.484 ms
