Hash Join  (cost=83568.99..1037000.66 rows=2595590 width=0) (actual time=1392.102..25269.888 rows=3485239 loops=1)
  Hash Cond: (ci.movie_id = t.id)
  ->  Seq Scan on cast_info ci  (cost=0.00..796071.18 rows=11166022 width=4) (actual time=0.021..17017.247 rows=12670688 loops=1)
        Filter: ((person_id < 3243727) AND (role_id = 1))
        Rows Removed by Filter: 23573656
  ->  Hash  (cost=73925.90..73925.90 rows=587767 width=4) (actual time=1391.329..1391.329 rows=594730 loops=1)
        Buckets: 131072  Batches: 8  Memory Usage: 3648kB
        ->  Seq Scan on title t  (cost=0.00..73925.90 rows=587767 width=4) (actual time=611.101..1212.541 rows=594730 loops=1)
              Filter: ((kind_id < 2) AND (production_year < 2012))
              Rows Removed by Filter: 1933582
Planning time: 0.785 ms
Execution time: 25643.339 ms
