Hash Join  (cost=94574.69..1113398.02 rows=6555296 width=0) (actual time=1797.217..28274.856 rows=6555856 loops=1)
  Hash Cond: (ci.movie_id = t.id)
  ->  Seq Scan on cast_info ci  (cost=0.00..796071.18 rows=13170184 width=4) (actual time=0.019..16911.157 rows=14243231 loops=1)
        Filter: ((person_id > 648323) AND (role_id > 2))
        Rows Removed by Filter: 22001113
  ->  Hash  (cost=73925.90..73925.90 rows=1258543 width=4) (actual time=1795.690..1795.690 rows=1221534 loops=1)
        Buckets: 131072  Batches: 32  Memory Usage: 2363kB
        ->  Seq Scan on title t  (cost=0.00..73925.90 rows=1258543 width=4) (actual time=25.734..1397.044 rows=1221534 loops=1)
              Filter: ((production_year < 2011) AND (kind_id = 7))
              Rows Removed by Filter: 1306778
Planning time: 0.748 ms
Execution time: 29054.418 ms
