Hash Join  (cost=92883.59..221847.21 rows=1351781 width=0) (actual time=2106.068..4886.802 rows=294501 loops=1)
  Hash Cond: (mk.movie_id = t.id)
  ->  Seq Scan on movie_keyword mk  (cost=0.00..81003.12 rows=2218338 width=4) (actual time=0.028..1468.871 rows=2215163 loops=1)
        Filter: (keyword_id < 4505)
        Rows Removed by Filter: 2308767
  ->  Hash  (cost=67604.59..67604.59 rows=1540800 width=4) (actual time=1740.263..1740.263 rows=1543264 loops=1)
        Buckets: 131072  Batches: 32  Memory Usage: 2728kB
        ->  Seq Scan on title t  (cost=0.00..67604.59 rows=1540800 width=4) (actual time=0.012..1256.652 rows=1543264 loops=1)
              Filter: (kind_id = 7)
              Rows Removed by Filter: 985048
Planning time: 0.691 ms
Execution time: 4923.041 ms
