Hash Join  (cost=103856.14..469842.39 rows=133030 width=0) (actual time=1890.604..10593.182 rows=398547 loops=1)
  Hash Cond: (mi.movie_id = t.id)
  ->  Seq Scan on movie_info mi  (cost=0.00..309384.22 rows=14739122 width=4) (actual time=0.023..4994.181 rows=14835720 loops=1)
  ->  Hash  (cost=103570.86..103570.86 rows=22822 width=8) (actual time=1890.366..1890.366 rows=25316 loops=1)
        Buckets: 32768  Batches: 1  Memory Usage: 1245kB
        ->  Hash Join  (cost=74710.74..103570.86 rows=22822 width=8) (actual time=1140.855..1880.856 rows=25316 loops=1)
              Hash Cond: (mi_idx.movie_id = t.id)
              ->  Seq Scan on movie_info_idx mi_idx  (cost=0.00..25185.44 rows=919057 width=4) (actual time=0.020..526.270 rows=920110 loops=1)
                    Filter: (info_type_id > 99)
                    Rows Removed by Filter: 459925
              ->  Hash  (cost=73925.90..73925.90 rows=62787 width=4) (actual time=1140.502..1140.502 rows=53770 loops=1)
                    Buckets: 65536  Batches: 1  Memory Usage: 2403kB
                    ->  Seq Scan on title t  (cost=0.00..73925.90 rows=62787 width=4) (actual time=0.120..1118.338 rows=53770 loops=1)
                          Filter: ((kind_id < 7) AND (production_year = 2011))
                          Rows Removed by Filter: 2474542
Planning time: 1.735 ms
Execution time: 10648.807 ms
