Hash Join  (cost=880385.55..935541.27 rows=49019 width=0) (actual time=14023.119..17018.484 rows=3602770 loops=1)
  Hash Cond: (mc.movie_id = t.id)
  ->  Seq Scan on movie_companies mc  (cost=0.00..44881.29 rows=2609129 width=4) (actual time=0.019..712.423 rows=2609129 loops=1)
  ->  Hash  (cost=879791.74..879791.74 rows=47505 width=8) (actual time=13957.735..13957.735 rows=317185 loops=1)
        Buckets: 131072 (originally 65536)  Batches: 8 (originally 1)  Memory Usage: 4062kB
        ->  Hash Join  (cost=78556.72..879791.74 rows=47505 width=8) (actual time=6811.262..13851.612 rows=317185 loops=1)
              Hash Cond: (ci.movie_id = t.id)
              ->  Seq Scan on cast_info ci  (cost=0.00..796071.18 rows=179943 width=4) (actual time=5373.493..11583.187 rows=1344979 loops=1)
                    Filter: ((person_id > 3763028) AND (role_id = 10))
                    Rows Removed by Filter: 34899365
              ->  Hash  (cost=67604.59..67604.59 rows=667531 width=4) (actual time=1436.622..1436.622 rows=662825 loops=1)
                    Buckets: 131072  Batches: 16  Memory Usage: 2476kB
                    ->  Seq Scan on title t  (cost=0.00..67604.59 rows=667531 width=4) (actual time=238.522..1216.838 rows=662825 loops=1)
                          Filter: (kind_id = 1)
                          Rows Removed by Filter: 1865487
Planning time: 1.603 ms
Execution time: 17433.663 ms
