Hash Join  (cost=80493.69..1008229.81 rows=2657493 width=0) (actual time=1408.079..24613.017 rows=2789303 loops=1)
  Hash Cond: (ci.movie_id = t.id)
  ->  Seq Scan on cast_info ci  (cost=0.00..705507.15 rows=16786142 width=4) (actual time=0.024..14621.773 rows=16900181 loops=1)
        Filter: (person_id > 1935183)
        Rows Removed by Filter: 19344163
  ->  Hash  (cost=73925.90..73925.90 rows=400303 width=4) (actual time=1407.265..1407.265 rows=500611 loops=1)
        Buckets: 131072  Batches: 8  Memory Usage: 3236kB
        ->  Seq Scan on title t  (cost=0.00..73925.90 rows=400303 width=4) (actual time=0.016..1249.252 rows=500611 loops=1)
              Filter: ((kind_id < 7) AND (production_year < 2000))
              Rows Removed by Filter: 2027701
Planning time: 0.748 ms
Execution time: 24922.409 ms
