Hash Join  (cost=88257.79..175733.88 rows=901356 width=0) (actual time=1630.413..4208.076 rows=353377 loops=1)
  Hash Cond: (mc.movie_id = t.id)
  ->  Seq Scan on movie_companies mc  (cost=0.00..44881.29 rows=2609129 width=4) (actual time=0.014..980.556 rows=2609129 loops=1)
  ->  Hash  (cost=73925.90..73925.90 rows=873511 width=4) (actual time=1629.191..1629.191 rows=957299 loops=1)
        Buckets: 131072  Batches: 16  Memory Usage: 3134kB
        ->  Seq Scan on title t  (cost=0.00..73925.90 rows=873511 width=4) (actual time=0.017..1317.131 rows=957299 loops=1)
              Filter: ((production_year > 1999) AND (kind_id = 7))
              Rows Removed by Filter: 1571013
Planning time: 0.704 ms
Execution time: 4250.416 ms
