Seq Scan on movie_keyword mk  (cost=0.00..81003.12 rows=828762 width=0) (actual time=0.021..1339.634 rows=830240 loops=1)
  Filter: (keyword_id < 797)
  Rows Removed by Filter: 3693690
Planning time: 0.347 ms
Execution time: 1446.173 ms
