Hash Join  (cost=81925.97..157458.41 rows=317643 width=0) (actual time=1514.548..3521.428 rows=202508 loops=1)
  Hash Cond: (mc.movie_id = t.id)
  ->  Seq Scan on movie_companies mc  (cost=0.00..51404.11 rows=1647173 width=4) (actual time=0.025..1120.166 rows=1637017 loops=1)
        Filter: (company_id < 17641)
        Rows Removed by Filter: 972112
  ->  Hash  (cost=73925.90..73925.90 rows=487605 width=4) (actual time=1512.868..1512.868 rows=501779 loops=1)
        Buckets: 131072  Batches: 8  Memory Usage: 3231kB
        ->  Seq Scan on title t  (cost=0.00..73925.90 rows=487605 width=4) (actual time=0.020..1347.762 rows=501779 loops=1)
              Filter: ((kind_id > 1) AND (production_year > 2008))
              Rows Removed by Filter: 2026533
Planning time: 0.731 ms
Execution time: 3547.135 ms
