Hash Join  (cost=156649.15..268513.11 rows=398491 width=0) (actual time=3812.436..7041.471 rows=1688585 loops=1)
  Hash Cond: (mk.movie_id = t.id)
  ->  Seq Scan on movie_keyword mk  (cost=0.00..81003.12 rows=2167181 width=4) (actual time=0.025..1958.920 rows=2166184 loops=1)
        Filter: (keyword_id > 5297)
        Rows Removed by Filter: 2357746
  ->  Hash  (cost=149020.47..149020.47 rows=464934 width=8) (actual time=3811.406..3811.406 rows=460185 loops=1)
        Buckets: 131072  Batches: 8  Memory Usage: 3286kB
        ->  Hash Join  (cost=102767.86..149020.47 rows=464934 width=8) (actual time=2322.945..3663.270 rows=460185 loops=1)
              Hash Cond: (mi_idx.movie_id = t.id)
              ->  Seq Scan on movie_info_idx mi_idx  (cost=0.00..25185.44 rows=464934 width=4) (actual time=0.020..477.013 rows=460185 loops=1)
                    Filter: (info_type_id > 100)
                    Rows Removed by Filter: 919850
              ->  Hash  (cost=61283.27..61283.27 rows=2528527 width=4) (actual time=2321.895..2321.895 rows=2528312 loops=1)
                    Buckets: 131072  Batches: 64  Memory Usage: 2415kB
                    ->  Seq Scan on title t  (cost=0.00..61283.27 rows=2528527 width=4) (actual time=0.012..1194.930 rows=2528312 loops=1)
Planning time: 1.167 ms
Execution time: 7206.789 ms
