Seq Scan on movie_keyword mk  (cost=0.00..81003.12 rows=1509938 width=0) (actual time=0.030..1408.872 rows=1528159 loops=1)
  Filter: (keyword_id > 10484)
  Rows Removed by Filter: 2995771
Planning time: 0.309 ms
Execution time: 1598.966 ms
