Hash Join  (cost=74217.52..440233.33 rows=135988 width=0) (actual time=1055.011..9269.280 rows=195010 loops=1)
  Hash Cond: (mi.movie_id = t.id)
  ->  Seq Scan on movie_info mi  (cost=0.00..309384.22 rows=14739122 width=4) (actual time=0.013..4336.263 rows=14835720 loops=1)
  ->  Hash  (cost=73925.90..73925.90 rows=23329 width=4) (actual time=1054.758..1054.758 rows=27471 loops=1)
        Buckets: 32768  Batches: 1  Memory Usage: 1222kB
        ->  Seq Scan on title t  (cost=0.00..73925.90 rows=23329 width=4) (actual time=0.023..1044.126 rows=27471 loops=1)
              Filter: ((production_year < 1984) AND (kind_id = 3))
              Rows Removed by Filter: 2500841
Planning time: 0.548 ms
Execution time: 9300.044 ms
