Hash Join  (cost=200008.24..246021.20 rows=484948 width=0) (actual time=4494.302..6122.410 rows=1256837 loops=1)
  Hash Cond: (mi_idx.movie_id = t.id)
  ->  Seq Scan on movie_info_idx mi_idx  (cost=0.00..21735.35 rows=1380035 width=4) (actual time=0.025..531.097 rows=1380035 loops=1)
  ->  Hash  (cost=185430.60..185430.60 rows=888531 width=8) (actual time=4493.504..4493.504 rows=894820 loops=1)
        Buckets: 131072  Batches: 16  Memory Usage: 3217kB
        ->  Hash Join  (cost=102767.86..185430.60 rows=888531 width=8) (actual time=2009.265..4217.425 rows=894820 loops=1)
              Hash Cond: (mc.movie_id = t.id)
              ->  Seq Scan on movie_companies mc  (cost=0.00..51404.11 rows=888531 width=4) (actual time=0.016..993.545 rows=894820 loops=1)
                    Filter: (company_id > 21726)
                    Rows Removed by Filter: 1714309
              ->  Hash  (cost=61283.27..61283.27 rows=2528527 width=4) (actual time=2008.370..2008.370 rows=2528312 loops=1)
                    Buckets: 131072  Batches: 64  Memory Usage: 2415kB
                    ->  Seq Scan on title t  (cost=0.00..61283.27 rows=2528527 width=4) (actual time=0.013..1151.888 rows=2528312 loops=1)
Planning time: 1.084 ms
Execution time: 6257.158 ms
