Seq Scan on title t  (cost=0.00..67604.59 rows=2268257 width=0) (actual time=0.018..1396.633 rows=2261229 loops=1)
  Filter: (production_year > 1954)
  Rows Removed by Filter: 267083
Planning time: 0.291 ms
Execution time: 1682.917 ms
