Seq Scan on movie_companies mc  (cost=0.00..51404.11 rows=2435 width=0) (actual time=1.543..787.986 rows=2411 loops=1)
  Filter: (company_id = 708)
  Rows Removed by Filter: 2606718
Planning time: 0.361 ms
Execution time: 788.607 ms
