Seq Scan on movie_keyword mk  (cost=0.00..81003.12 rows=89032 width=0) (actual time=0.048..1217.626 rows=99544 loops=1)
  Filter: (keyword_id < 87)
  Rows Removed by Filter: 4424386
Planning time: 0.349 ms
Execution time: 1232.657 ms
