Seq Scan on title t  (cost=0.00..73925.90 rows=68153 width=0) (actual time=0.085..1133.477 rows=167680 loops=1)
  Filter: ((kind_id < 7) AND (production_year < 1952))
  Rows Removed by Filter: 2360632
Planning time: 0.320 ms
Execution time: 1154.976 ms
