Hash Join  (cost=201745.61..1282280.97 rows=4549120 width=0) (actual time=5085.453..35113.401 rows=6920147 loops=1)
  Hash Cond: (ci.movie_id = t.id)
  ->  Seq Scan on cast_info ci  (cost=0.00..614943.12 rows=36225612 width=4) (actual time=0.009..13541.850 rows=36244344 loops=1)
  ->  Hash  (cost=196535.53..196535.53 rows=317526 width=8) (actual time=5082.776..5082.776 rows=118818 loops=1)
        Buckets: 131072  Batches: 8  Memory Usage: 1563kB
        ->  Hash Join  (cost=71408.55..196535.53 rows=317526 width=8) (actual time=1114.471..5042.646 rows=118818 loops=1)
              Hash Cond: (mk.movie_id = t.id)
              ->  Seq Scan on movie_keyword mk  (cost=0.00..81003.12 rows=3463093 width=4) (actual time=0.015..1798.167 rows=3457345 loops=1)
                    Filter: (keyword_id > 1066)
                    Rows Removed by Filter: 1066585
              ->  Hash  (cost=67604.59..67604.59 rows=231837 width=4) (actual time=1111.473..1111.473 rows=231649 loops=1)
                    Buckets: 131072  Batches: 4  Memory Usage: 3082kB
                    ->  Seq Scan on title t  (cost=0.00..67604.59 rows=231837 width=4) (actual time=0.020..1026.665 rows=231649 loops=1)
                          Filter: (production_year > 2011)
                          Rows Removed by Filter: 2296663
Planning time: 1.157 ms
Execution time: 35937.385 ms
