Hash Join  (cost=102767.86..1446262.51 rows=26103231 width=0) (actual time=1950.371..42156.998 rows=26092936 loops=1)
  Hash Cond: (ci.movie_id = t.id)
  ->  Seq Scan on cast_info ci  (cost=0.00..705507.15 rows=26103231 width=4) (actual time=0.026..15891.314 rows=26092936 loops=1)
        Filter: (person_id < 2700933)
        Rows Removed by Filter: 10151408
  ->  Hash  (cost=61283.27..61283.27 rows=2528527 width=4) (actual time=1949.226..1949.226 rows=2528312 loops=1)
        Buckets: 131072  Batches: 64  Memory Usage: 2415kB
        ->  Seq Scan on title t  (cost=0.00..61283.27 rows=2528527 width=4) (actual time=0.015..1154.449 rows=2528312 loops=1)
Planning time: 0.749 ms
Execution time: 45121.783 ms
