Hash Join  (cost=126631.08..623965.38 rows=1642738 width=0) (actual time=2873.839..17368.166 rows=5726544 loops=1)
  Hash Cond: (mi.movie_id = t.id)
  ->  Seq Scan on movie_info mi  (cost=0.00..309384.22 rows=14739122 width=4) (actual time=0.012..6339.516 rows=14835720 loops=1)
  ->  Hash  (cost=122007.39..122007.39 rows=281815 width=8) (actual time=2873.037..2873.037 rows=349570 loops=1)
        Buckets: 131072 (originally 131072)  Batches: 8 (originally 4)  Memory Usage: 3073kB
        ->  Hash Join  (cost=80380.17..122007.39 rows=281815 width=8) (actual time=1566.790..2766.540 rows=349570 loops=1)
              Hash Cond: (mi_idx.movie_id = t.id)
              ->  Seq Scan on movie_info_idx mi_idx  (cost=0.00..25185.44 rows=915101 width=4) (actual time=0.010..568.185 rows=919850 loops=1)
                    Filter: (info_type_id < 101)
                    Rows Removed by Filter: 460185
              ->  Hash  (cost=67604.59..67604.59 rows=778687 width=4) (actual time=1565.821..1565.821 rows=782677 loops=1)
                    Buckets: 131072  Batches: 16  Memory Usage: 2744kB
                    ->  Seq Scan on title t  (cost=0.00..67604.59 rows=778687 width=4) (actual time=0.012..1306.199 rows=782677 loops=1)
                          Filter: (production_year < 1994)
                          Rows Removed by Filter: 1745635
Planning time: 0.835 ms
Execution time: 18012.139 ms
