Hash Join  (cost=97725.07..181145.14 rows=898589 width=0) (actual time=1839.243..4092.404 rows=795404 loops=1)
  Hash Cond: (mc.movie_id = t.id)
  ->  Seq Scan on movie_companies mc  (cost=0.00..51404.11 rows=1237612 width=4) (actual time=0.022..1016.735 rows=1250524 loops=1)
        Filter: (company_id > 11663)
        Rows Removed by Filter: 1358605
  ->  Hash  (cost=67604.59..67604.59 rows=1835879 width=4) (actual time=1838.327..1838.327 rows=1833367 loops=1)
        Buckets: 131072  Batches: 32  Memory Usage: 3045kB
        ->  Seq Scan on title t  (cost=0.00..67604.59 rows=1835879 width=4) (actual time=0.009..1249.278 rows=1833367 loops=1)
              Filter: (production_year > 1986)
              Rows Removed by Filter: 694945
Planning time: 0.848 ms
Execution time: 4187.072 ms
