Hash Join  (cost=95159.82..197362.54 rows=1733078 width=0) (actual time=2301.616..5187.459 rows=1431450 loops=1)
  Hash Cond: (mc.movie_id = t.id)
  ->  Seq Scan on movie_companies mc  (cost=0.00..44881.29 rows=2609129 width=4) (actual time=0.019..876.197 rows=2609129 loops=1)
  ->  Hash  (cost=67604.59..67604.59 rows=1679539 width=4) (actual time=2300.387..2300.387 rows=1673541 loops=1)
        Buckets: 131072  Batches: 32  Memory Usage: 2866kB
        ->  Seq Scan on title t  (cost=0.00..67604.59 rows=1679539 width=4) (actual time=0.021..1413.620 rows=1673541 loops=1)
              Filter: (production_year > 1993)
              Rows Removed by Filter: 854771
Planning time: 0.753 ms
Execution time: 5362.836 ms
