Seq Scan on cast_info ci  (cost=0.00..796071.18 rows=12814660 width=0) (actual time=7635.291..14730.687 rows=14036490 loops=1)
  Filter: ((person_id > 725259) AND (role_id > 2))
  Rows Removed by Filter: 22207854
Planning time: 0.322 ms
Execution time: 16305.365 ms
