Hash Join  (cost=198386.56..1249409.19 rows=1676146 width=0) (actual time=3765.155..31584.633 rows=6557656 loops=1)
  Hash Cond: (ci.movie_id = t.id)
  ->  Seq Scan on cast_info ci  (cost=0.00..614943.12 rows=36225612 width=4) (actual time=0.017..12961.653 rows=36244344 loops=1)
  ->  Hash  (cost=196466.14..196466.14 rows=116994 width=8) (actual time=3764.266..3764.266 rows=115330 loops=1)
        Buckets: 131072  Batches: 2  Memory Usage: 3278kB
        ->  Hash Join  (cost=102767.86..196466.14 rows=116994 width=8) (actual time=1986.563..3725.885 rows=115330 loops=1)
              Hash Cond: (mk.movie_id = t.id)
              ->  Seq Scan on movie_keyword mk  (cost=0.00..81003.12 rows=116994 width=4) (actual time=119.404..1306.568 rows=115330 loops=1)
                    Filter: (keyword_id > 79021)
                    Rows Removed by Filter: 4408600
              ->  Hash  (cost=61283.27..61283.27 rows=2528527 width=4) (actual time=1864.138..1864.138 rows=2528312 loops=1)
                    Buckets: 131072  Batches: 64  Memory Usage: 2425kB
                    ->  Seq Scan on title t  (cost=0.00..61283.27 rows=2528527 width=4) (actual time=0.015..988.442 rows=2528312 loops=1)
Planning time: 1.083 ms
Execution time: 32354.158 ms
