Hash Join  (cost=129788.31..496459.84 rows=201560 width=0) (actual time=2311.044..10518.502 rows=2365861 loops=1)
  Hash Cond: (mi.movie_id = t.id)
  ->  Seq Scan on movie_info mi  (cost=0.00..309384.22 rows=14739122 width=4) (actual time=0.012..3909.566 rows=14835720 loops=1)
  ->  Hash  (cost=129356.08..129356.08 rows=34578 width=8) (actual time=2310.571..2310.571 rows=46075 loops=1)
        Buckets: 65536  Batches: 1  Memory Usage: 2312kB
        ->  Hash Join  (cost=74344.78..129356.08 rows=34578 width=8) (actual time=1012.118..2292.972 rows=46075 loops=1)
              Hash Cond: (mc.movie_id = t.id)
              ->  Seq Scan on movie_companies mc  (cost=0.00..44881.29 rows=2609129 width=4) (actual time=0.029..616.190 rows=2609129 loops=1)
              ->  Hash  (cost=73925.90..73925.90 rows=33510 width=4) (actual time=1011.745..1011.745 rows=22107 loops=1)
                    Buckets: 65536  Batches: 1  Memory Usage: 1290kB
                    ->  Seq Scan on title t  (cost=0.00..73925.90 rows=33510 width=4) (actual time=0.022..1003.045 rows=22107 loops=1)
                          Filter: ((kind_id = 1) AND (production_year = 2008))
                          Rows Removed by Filter: 2506205
Planning time: 1.195 ms
Execution time: 10780.759 ms
