Hash Join  (cost=431812.58..518947.56 rows=47694 width=0) (actual time=6816.685..8653.018 rows=52437 loops=1)
  Hash Cond: (mk.movie_id = t.id)
  ->  Seq Scan on movie_keyword mk  (cost=0.00..69693.30 rows=4523930 width=4) (actual time=0.012..983.735 rows=4523930 loops=1)
  ->  Hash  (cost=431479.37..431479.37 rows=26657 width=8) (actual time=6815.851..6815.851 rows=15050 loops=1)
        Buckets: 32768  Batches: 1  Memory Usage: 844kB
        ->  Hash Join  (cost=75292.52..431479.37 rows=26657 width=8) (actual time=5248.743..6809.402 rows=15050 loops=1)
              Hash Cond: (mi.movie_id = t.id)
              ->  Seq Scan on movie_info mi  (cost=0.00..346232.03 rows=809669 width=4) (actual time=4065.721..5275.254 rows=802140 loops=1)
                    Filter: (info_type_id = 1)
                    Rows Removed by Filter: 14033580
              ->  Hash  (cost=73925.90..73925.90 rows=83249 width=4) (actual time=1182.109..1182.109 rows=101793 loops=1)
                    Buckets: 131072  Batches: 2  Memory Usage: 2809kB
                    ->  Seq Scan on title t  (cost=0.00..73925.90 rows=83249 width=4) (actual time=0.032..1142.118 rows=101793 loops=1)
                          Filter: ((kind_id > 1) AND (production_year = 2007))
                          Rows Removed by Filter: 2426519
Planning time: 1.173 ms
Execution time: 8660.356 ms
