Seq Scan on cast_info ci  (cost=0.00..796071.18 rows=60 width=0) (actual time=254.692..10510.886 rows=1 loops=1)
  Filter: ((person_id = 879027) AND (role_id = 10))
  Rows Removed by Filter: 36244343
Planning time: 0.391 ms
Execution time: 10510.978 ms
