Nested Loop  (cost=0.43..799703.28 rows=411 width=0) (actual time=6957.444..13923.103 rows=1 loops=1)
  ->  Seq Scan on cast_info ci  (cost=0.00..796071.18 rows=435 width=4) (actual time=6957.278..13922.933 rows=1 loops=1)
        Filter: ((role_id < 10) AND (person_id = 3261806))
        Rows Removed by Filter: 36244343
  ->  Index Scan using title_pkey on title t  (cost=0.43..8.34 rows=1 width=4) (actual time=0.087..0.088 rows=1 loops=1)
        Index Cond: (id = ci.movie_id)
        Filter: (production_year < 2013)
Planning time: 0.570 ms
Execution time: 13923.196 ms
