Hash Join  (cost=150722.99..609749.02 rows=291883 width=0) (actual time=3669.662..13090.562 rows=136161 loops=1)
  Hash Cond: (mi.movie_id = t.id)
  ->  Seq Scan on movie_info mi  (cost=0.00..346232.03 rows=9476311 width=4) (actual time=0.015..6294.718 rows=9565151 loops=1)
        Filter: (info_type_id < 16)
        Rows Removed by Filter: 5270569
  ->  Hash  (cost=149444.47..149444.47 rows=77882 width=8) (actual time=3668.874..3668.874 rows=29860 loops=1)
        Buckets: 131072  Batches: 2  Memory Usage: 1622kB
        ->  Hash Join  (cost=76725.80..149444.47 rows=77882 width=8) (actual time=1496.141..3655.619 rows=29860 loops=1)
              Hash Cond: (mc.movie_id = t.id)
              ->  Seq Scan on movie_companies mc  (cost=0.00..57926.93 rows=1154109 width=4) (actual time=0.023..1023.833 rows=1081898 loops=1)
                    Filter: ((company_id > 120) AND (company_type_id = 1))
                    Rows Removed by Filter: 1527231
              ->  Hash  (cost=73925.90..73925.90 rows=170632 width=4) (actual time=1495.102..1495.102 rows=170068 loops=1)
                    Buckets: 131072  Batches: 4  Memory Usage: 2534kB
                    ->  Seq Scan on title t  (cost=0.00..73925.90 rows=170632 width=4) (actual time=0.110..1427.905 rows=170068 loops=1)
                          Filter: ((kind_id > 1) AND (production_year > 2011))
                          Rows Removed by Filter: 2358244
Planning time: 1.226 ms
Execution time: 13107.192 ms
