Seq Scan on movie_keyword mk  (cost=0.00..81003.12 rows=574545 width=0) (actual time=0.029..1169.392 rows=572580 loops=1)
  Filter: (keyword_id > 32106)
  Rows Removed by Filter: 3951350
Planning time: 1.451 ms
Execution time: 1235.622 ms
