Seq Scan on movie_companies mc  (cost=0.00..57926.93 rows=1104739 width=0) (actual time=219.954..1080.960 rows=1001060 loops=1)
  Filter: ((company_id > 166) AND (company_type_id < 2))
  Rows Removed by Filter: 1608069
Planning time: 0.437 ms
Execution time: 1203.302 ms
