Seq Scan on movie_keyword mk  (cost=0.00..81003.12 rows=1322702 width=0) (actual time=0.028..959.034 rows=1336975 loops=1)
  Filter: (keyword_id > 12846)
  Rows Removed by Filter: 3186955
Planning time: 0.327 ms
Execution time: 1080.343 ms
