Hash Join  (cost=69762.12..141577.64 rows=57560 width=0) (actual time=1645.924..2790.575 rows=125837 loops=1)
  Hash Cond: (mc.movie_id = t.id)
  ->  Seq Scan on movie_companies mc  (cost=0.00..57926.93 rows=1106927 width=4) (actual time=118.261..1144.841 rows=1229789 loops=1)
        Filter: ((company_id > 323) AND (company_type_id = 2))
        Rows Removed by Filter: 1379340
  ->  Hash  (cost=67604.59..67604.59 rows=131483 width=4) (actual time=1176.715..1176.715 rows=133123 loops=1)
        Buckets: 131072  Batches: 2  Memory Usage: 3361kB
        ->  Seq Scan on title t  (cost=0.00..67604.59 rows=131483 width=4) (actual time=0.024..1131.521 rows=133123 loops=1)
              Filter: (production_year < 1937)
              Rows Removed by Filter: 2395189
Planning time: 0.773 ms
Execution time: 2804.150 ms
