Nested Loop  (cost=0.43..52283.95 rows=41 width=0) (actual time=198.131..807.465 rows=45 loops=1)
  ->  Seq Scan on movie_companies mc  (cost=0.00..51404.11 rows=104 width=4) (actual time=198.080..805.166 rows=86 loops=1)
        Filter: (company_id = 665)
        Rows Removed by Filter: 2609043
  ->  Index Scan using title_pkey on title t  (cost=0.43..8.45 rows=1 width=4) (actual time=0.024..0.025 rows=1 loops=86)
        Index Cond: (id = mc.movie_id)
        Filter: (kind_id < 7)
        Rows Removed by Filter: 0
Planning time: 0.810 ms
Execution time: 807.604 ms
