Seq Scan on movie_keyword mk  (cost=0.00..81003.12 rows=2922592 width=0) (actual time=0.019..1468.486 rows=2909414 loops=1)
  Filter: (keyword_id < 9379)
  Rows Removed by Filter: 1614516
Planning time: 0.322 ms
Execution time: 1824.398 ms
