Hash Join  (cost=75636.92..561927.19 rows=607635 width=0) (actual time=1280.008..12536.583 rows=881172 loops=1)
  Hash Cond: (mi.movie_id = t.id)
  ->  Seq Scan on movie_info mi  (cost=0.00..309384.22 rows=14739122 width=4) (actual time=0.020..5743.328 rows=14835720 loops=1)
  ->  Hash  (cost=73925.90..73925.90 rows=104241 width=4) (actual time=1279.214..1279.214 rows=117919 loops=1)
        Buckets: 131072  Batches: 2  Memory Usage: 3101kB
        ->  Seq Scan on title t  (cost=0.00..73925.90 rows=104241 width=4) (actual time=7.964..1232.432 rows=117919 loops=1)
              Filter: ((production_year > 1949) AND (kind_id = 4))
              Rows Removed by Filter: 2410393
Planning time: 0.790 ms
Execution time: 12646.558 ms
