Seq Scan on cast_info ci  (cost=0.00..796071.18 rows=2939970 width=0) (actual time=8762.249..13057.477 rows=6593411 loops=1)
  Filter: ((person_id > 2577135) AND (role_id > 4))
  Rows Removed by Filter: 29650933
Planning time: 1.204 ms
Execution time: 13862.241 ms
