Seq Scan on movie_keyword mk  (cost=0.00..81003.12 rows=2058727 width=0) (actual time=0.011..1474.879 rows=2060413 loops=1)
  Filter: (keyword_id > 5911)
  Rows Removed by Filter: 2463517
Planning time: 0.241 ms
Execution time: 1729.363 ms
