Hash Join  (cost=118520.81..925319.48 rows=5769 width=0) (actual time=2929.390..14749.794 rows=11849 loops=1)
  Hash Cond: (ci.movie_id = t.id)
  ->  Seq Scan on cast_info ci  (cost=0.00..796071.18 rows=2845279 width=4) (actual time=1531.069..12537.375 rows=4432153 loops=1)
        Filter: ((person_id > 3251997) AND (role_id > 1))
        Rows Removed by Filter: 31812191
  ->  Hash  (cost=118456.73..118456.73 rows=5127 width=8) (actual time=1397.834..1397.834 rows=4676 loops=1)
        Buckets: 8192  Batches: 1  Memory Usage: 247kB
        ->  Nested Loop  (cost=0.43..118456.73 rows=5127 width=8) (actual time=0.244..1395.113 rows=4676 loops=1)
              ->  Seq Scan on movie_keyword mk  (cost=0.00..81003.12 rows=5127 width=4) (actual time=0.167..1227.460 rows=4676 loops=1)
                    Filter: (keyword_id = 2849)
                    Rows Removed by Filter: 4519254
              ->  Index Only Scan using title_pkey on title t  (cost=0.43..7.30 rows=1 width=4) (actual time=0.035..0.035 rows=1 loops=4676)
                    Index Cond: (id = mk.movie_id)
                    Heap Fetches: 4676
Planning time: 1.350 ms
Execution time: 14752.568 ms
