Hash Join  (cost=256546.41..717642.70 rows=3366515 width=0) (actual time=6645.963..14927.089 rows=818320 loops=1)
  Hash Cond: (mi.movie_id = t.id)
  ->  Seq Scan on movie_info mi  (cost=0.00..346232.03 rows=5897221 width=4) (actual time=828.615..6348.932 rows=5884963 loops=1)
        Filter: (info_type_id < 7)
        Rows Removed by Filter: 8950757
  ->  Hash  (cost=232864.32..232864.32 rows=1443447 width=8) (actual time=5799.148..5799.148 rows=350969 loops=1)
        Buckets: 131072  Batches: 32  Memory Usage: 1479kB
        ->  Hash Join  (cost=89649.84..232864.32 rows=1443447 width=8) (actual time=2930.402..5689.160 rows=350969 loops=1)
              Hash Cond: (mk.movie_id = t.id)
              ->  Seq Scan on movie_keyword mk  (cost=0.00..81003.12 rows=3808236 width=4) (actual time=0.033..1789.100 rows=3805269 loops=1)
                    Filter: (keyword_id < 26097)
                    Rows Removed by Filter: 718661
              ->  Hash  (cost=73925.90..73925.90 rows=958395 width=4) (actual time=1784.565..1784.565 rows=1050192 loops=1)
                    Buckets: 131072  Batches: 16  Memory Usage: 3346kB
                    ->  Seq Scan on title t  (cost=0.00..73925.90 rows=958395 width=4) (actual time=59.345..1347.428 rows=1050192 loops=1)
                          Filter: ((production_year > 1996) AND (kind_id = 7))
                          Rows Removed by Filter: 1478120
Planning time: 1.175 ms
Execution time: 15018.939 ms
