Hash Join  (cost=74406.67..101527.06 rows=20991 width=0) (actual time=1402.588..1927.530 rows=21942 loops=1)
  Hash Cond: (mi_idx.movie_id = t.id)
  ->  Seq Scan on movie_info_idx mi_idx  (cost=0.00..21735.35 rows=1380035 width=4) (actual time=0.014..247.207 rows=1380035 loops=1)
  ->  Hash  (cost=73925.90..73925.90 rows=38461 width=4) (actual time=1402.199..1402.199 rows=44913 loops=1)
        Buckets: 65536  Batches: 1  Memory Usage: 2091kB
        ->  Seq Scan on title t  (cost=0.00..73925.90 rows=38461 width=4) (actual time=0.081..1383.651 rows=44913 loops=1)
              Filter: ((kind_id > 1) AND (production_year = 2000))
              Rows Removed by Filter: 2483399
Planning time: 0.752 ms
Execution time: 1930.413 ms
