Seq Scan on movie_keyword mk  (cost=0.00..81003.12 rows=1189175 width=0) (actual time=0.017..1358.950 rows=1194024 loops=1)
  Filter: (keyword_id < 1450)
  Rows Removed by Filter: 3329906
Planning time: 0.309 ms
Execution time: 1504.269 ms
