Seq Scan on movie_companies mc  (cost=0.00..57926.93 rows=361549 width=0) (actual time=66.176..374.428 rows=48550 loops=1)
  Filter: ((company_id > 38454) AND (company_type_id < 2))
  Rows Removed by Filter: 2560579
Planning time: 0.337 ms
Execution time: 378.042 ms
