Hash Join  (cost=83189.08..153238.17 rows=160484 width=0) (actual time=1942.835..2640.856 rows=1091 loops=1)
  Hash Cond: (mc.movie_id = t.id)
  ->  Seq Scan on movie_companies mc  (cost=0.00..57926.93 rows=718751 width=4) (actual time=0.020..1001.202 rows=505117 loops=1)
        Filter: ((company_id > 8579) AND (company_type_id = 1))
        Rows Removed by Filter: 2104012
  ->  Hash  (cost=73925.90..73925.90 rows=564574 width=4) (actual time=1337.536..1337.536 rows=454234 loops=1)
        Buckets: 131072  Batches: 8  Memory Usage: 3004kB
        ->  Seq Scan on title t  (cost=0.00..73925.90 rows=564574 width=4) (actual time=0.021..1192.056 rows=454234 loops=1)
              Filter: ((production_year < 1998) AND (kind_id = 7))
              Rows Removed by Filter: 2074078
Planning time: 0.770 ms
Execution time: 2641.364 ms
