Seq Scan on cast_info ci  (cost=0.00..796071.18 rows=324 width=0) (actual time=10646.680..14491.142 rows=4 loops=1)
  Filter: ((role_id > 1) AND (person_id = 775188))
  Rows Removed by Filter: 36244340
Planning time: 0.425 ms
Execution time: 14491.292 ms
