Hash Join  (cost=102767.86..192824.99 rows=924689 width=0) (actual time=2177.345..5090.390 rows=1104513 loops=1)
  Hash Cond: (mc.movie_id = t.id)
  ->  Seq Scan on movie_companies mc  (cost=0.00..57926.93 rows=924689 width=4) (actual time=182.576..1099.254 rows=1104513 loops=1)
        Filter: ((company_id > 1700) AND (company_type_id > 1))
        Rows Removed by Filter: 1504616
  ->  Hash  (cost=61283.27..61283.27 rows=2528527 width=4) (actual time=1993.425..1993.425 rows=2528312 loops=1)
        Buckets: 131072  Batches: 64  Memory Usage: 2415kB
        ->  Seq Scan on title t  (cost=0.00..61283.27 rows=2528527 width=4) (actual time=0.014..1160.261 rows=2528312 loops=1)
Planning time: 0.836 ms
Execution time: 5228.853 ms
