Nested Loop  (cost=0.43..58375.31 rows=32 width=0) (actual time=0.433..859.115 rows=1473 loops=1)
  ->  Seq Scan on movie_companies mc  (cost=0.00..57926.93 rows=53 width=4) (actual time=0.382..809.366 rows=1814 loops=1)
        Filter: ((company_id = 4226) AND (company_type_id = 2))
        Rows Removed by Filter: 2607315
  ->  Index Scan using title_pkey on title t  (cost=0.43..8.45 rows=1 width=4) (actual time=0.026..0.027 rows=1 loops=1814)
        Index Cond: (id = mc.movie_id)
        Filter: (kind_id = 7)
        Rows Removed by Filter: 0
Planning time: 3.313 ms
Execution time: 859.569 ms
