Hash Join  (cost=203236.48..697774.82 rows=1380642 width=0) (actual time=4641.902..19295.786 rows=14308311 loops=1)
  Hash Cond: (mi.movie_id = t.id)
  ->  Seq Scan on movie_info mi  (cost=0.00..309384.22 rows=14739122 width=4) (actual time=0.016..6075.368 rows=14835720 loops=1)
  ->  Hash  (cost=199349.83..199349.83 rows=236852 width=8) (actual time=3816.655..3816.655 rows=237347 loops=1)
        Buckets: 131072  Batches: 4  Memory Usage: 3376kB
        ->  Hash Join  (cost=102767.86..199349.83 rows=236852 width=8) (actual time=2004.307..3747.926 rows=237347 loops=1)
              Hash Cond: (mk.movie_id = t.id)
              ->  Seq Scan on movie_keyword mk  (cost=0.00..81003.12 rows=236852 width=4) (actual time=137.582..1306.555 rows=237347 loops=1)
                    Filter: (keyword_id > 62362)
                    Rows Removed by Filter: 4286583
              ->  Hash  (cost=61283.27..61283.27 rows=2528527 width=4) (actual time=1864.179..1864.179 rows=2528312 loops=1)
                    Buckets: 131072  Batches: 64  Memory Usage: 2425kB
                    ->  Seq Scan on title t  (cost=0.00..61283.27 rows=2528527 width=4) (actual time=0.021..1015.319 rows=2528312 loops=1)
Planning time: 1.110 ms
Execution time: 20937.574 ms
