Hash Join  (cost=69274.78..866073.73 rows=173 width=0) (actual time=1876.700..11629.103 rows=1822 loops=1)
  Hash Cond: (ci.movie_id = t.id)
  ->  Seq Scan on cast_info ci  (cost=0.00..796071.18 rows=193609 width=4) (actual time=923.336..10584.928 rows=597873 loops=1)
        Filter: ((person_id > 3946089) AND (role_id > 3))
        Rows Removed by Filter: 35646471
  ->  Hash  (cost=69246.52..69246.52 rows=2261 width=8) (actual time=949.707..949.707 rows=1876 loops=1)
        Buckets: 4096  Batches: 1  Memory Usage: 106kB
        ->  Nested Loop  (cost=0.43..69246.52 rows=2261 width=8) (actual time=0.191..948.580 rows=1876 loops=1)
              ->  Seq Scan on movie_companies mc  (cost=0.00..51404.11 rows=2261 width=4) (actual time=0.103..902.562 rows=1876 loops=1)
                    Filter: (company_id = 448)
                    Rows Removed by Filter: 2607253
              ->  Index Only Scan using title_pkey on title t  (cost=0.43..7.88 rows=1 width=4) (actual time=0.023..0.024 rows=1 loops=1876)
                    Index Cond: (id = mc.movie_id)
                    Heap Fetches: 1876
Planning time: 1.251 ms
Execution time: 11629.575 ms
