Nested Loop  (cost=44377.22..154509.15 rows=298 width=0) (actual time=2074.627..2717.493 rows=225 loops=1)
  ->  Hash Join  (cost=44376.79..133336.72 rows=35861 width=8) (actual time=927.565..2444.417 rows=20578 loops=1)
        Hash Cond: (mk.movie_id = mi_idx.movie_id)
        ->  Seq Scan on movie_keyword mk  (cost=0.00..81003.12 rows=12064 width=4) (actual time=0.172..1273.553 rows=13753 loops=1)
              Filter: (keyword_id = 121)
              Rows Removed by Filter: 4510177
        ->  Hash  (cost=21735.35..21735.35 rows=1380035 width=4) (actual time=924.746..924.746 rows=1380035 loops=1)
              Buckets: 131072  Batches: 32  Memory Usage: 2556kB
              ->  Seq Scan on movie_info_idx mi_idx  (cost=0.00..21735.35 rows=1380035 width=4) (actual time=0.013..492.493 rows=1380035 loops=1)
  ->  Index Scan using title_pkey on title t  (cost=0.43..0.58 rows=1 width=4) (actual time=0.013..0.013 rows=0 loops=20578)
        Index Cond: (id = mi_idx.movie_id)
        Filter: (kind_id = 4)
        Rows Removed by Filter: 1
Planning time: 1.173 ms
Execution time: 2717.718 ms
