Hash Join  (cost=79715.19..192632.23 rows=328815 width=0) (actual time=1301.247..3947.799 rows=418093 loops=1)
  Hash Cond: (mk.movie_id = t.id)
  ->  Seq Scan on movie_keyword mk  (cost=0.00..81003.12 rows=2356469 width=4) (actual time=0.011..1589.538 rows=2355883 loops=1)
        Filter: (keyword_id < 5295)
        Rows Removed by Filter: 2168047
  ->  Hash  (cost=73925.90..73925.90 rows=352823 width=4) (actual time=1299.486..1299.486 rows=302088 loops=1)
        Buckets: 131072  Batches: 8  Memory Usage: 2349kB
        ->  Seq Scan on title t  (cost=0.00..73925.90 rows=352823 width=4) (actual time=0.057..1198.403 rows=302088 loops=1)
              Filter: ((kind_id < 7) AND (production_year > 2006))
              Rows Removed by Filter: 2226224
Planning time: 0.542 ms
Execution time: 3994.758 ms
