Nested Loop  (cost=0.43..83071.67 rows=246 width=0) (actual time=14.552..1314.034 rows=292 loops=1)
  ->  Seq Scan on movie_keyword mk  (cost=0.00..81003.12 rows=246 width=4) (actual time=14.486..1296.818 rows=292 loops=1)
        Filter: (keyword_id = 20485)
        Rows Removed by Filter: 4523638
  ->  Index Only Scan using title_pkey on title t  (cost=0.43..8.40 rows=1 width=4) (actual time=0.056..0.056 rows=1 loops=292)
        Index Cond: (id = mk.movie_id)
        Heap Fetches: 292
Planning time: 0.721 ms
Execution time: 1314.285 ms
