Nested Loop  (cost=0.43..798787.41 rows=324 width=0) (actual time=6367.949..14070.671 rows=7 loops=1)
  ->  Seq Scan on cast_info ci  (cost=0.00..796071.18 rows=324 width=4) (actual time=6367.787..14070.328 rows=7 loops=1)
        Filter: ((role_id > 1) AND (person_id = 2814818))
        Rows Removed by Filter: 36244337
  ->  Index Only Scan using title_pkey on title t  (cost=0.43..8.37 rows=1 width=4) (actual time=0.033..0.034 rows=1 loops=7)
        Index Cond: (id = ci.movie_id)
        Heap Fetches: 7
Planning time: 0.750 ms
Execution time: 14070.793 ms
