Hash Join  (cost=167642.40..194768.44 rows=21556 width=0) (actual time=2945.179..3502.655 rows=4122 loops=1)
  Hash Cond: (mi_idx.movie_id = t.id)
  ->  Seq Scan on movie_info_idx mi_idx  (cost=0.00..21735.35 rows=1380035 width=4) (actual time=0.018..342.380 rows=1380035 loops=1)
  ->  Hash  (cost=167148.71..167148.71 rows=39495 width=8) (actual time=2887.193..2887.193 rows=2215 loops=1)
        Buckets: 65536  Batches: 1  Memory Usage: 599kB
        ->  Hash Join  (cost=81437.64..167148.71 rows=39495 width=8) (actual time=2300.823..2886.068 rows=2215 loops=1)
              Hash Cond: (mk.movie_id = t.id)
              ->  Seq Scan on movie_keyword mk  (cost=0.00..81003.12 rows=218132 width=4) (actual time=0.019..1353.809 rows=220011 loops=1)
                    Filter: (keyword_id > 64768)
                    Rows Removed by Filter: 4303919
              ->  Hash  (cost=73925.90..73925.90 rows=457819 width=4) (actual time=1383.924..1383.924 rows=344212 loops=1)
                    Buckets: 131072  Batches: 8  Memory Usage: 2529kB
                    ->  Seq Scan on title t  (cost=0.00..73925.90 rows=457819 width=4) (actual time=0.015..1257.661 rows=344212 loops=1)
                          Filter: ((production_year < 1993) AND (kind_id = 7))
                          Rows Removed by Filter: 2184100
Planning time: 0.997 ms
Execution time: 3503.381 ms
