Hash Join  (cost=74146.12..167886.91 rows=23234 width=0) (actual time=1363.180..2981.081 rows=20976 loops=1)
  Hash Cond: (mk.movie_id = t.id)
  ->  Seq Scan on movie_keyword mk  (cost=0.00..81003.12 rows=3334755 width=4) (actual time=0.022..1411.169 rows=3326264 loops=1)
        Filter: (keyword_id > 1450)
        Rows Removed by Filter: 1197666
  ->  Hash  (cost=73925.90..73925.90 rows=17617 width=4) (actual time=1062.157..1062.157 rows=22021 loops=1)
        Buckets: 32768  Batches: 1  Memory Usage: 1031kB
        ->  Seq Scan on title t  (cost=0.00..73925.90 rows=17617 width=4) (actual time=0.011..1053.133 rows=22021 loops=1)
              Filter: ((production_year > 2012) AND (kind_id = 1))
              Rows Removed by Filter: 2506291
Planning time: 1.168 ms
Execution time: 2984.097 ms
