Hash Join  (cost=102767.86..171318.58 rows=302068 width=0) (actual time=2271.015..4229.509 rows=303508 loops=1)
  Hash Cond: (mc.movie_id = t.id)
  ->  Seq Scan on movie_companies mc  (cost=0.00..51404.11 rows=302068 width=4) (actual time=316.298..912.872 rows=303508 loops=1)
        Filter: (company_id > 93613)
        Rows Removed by Filter: 2305621
  ->  Hash  (cost=61283.27..61283.27 rows=2528527 width=4) (actual time=1953.466..1953.466 rows=2528312 loops=1)
        Buckets: 131072  Batches: 64  Memory Usage: 2415kB
        ->  Seq Scan on title t  (cost=0.00..61283.27 rows=2528527 width=4) (actual time=0.026..1123.262 rows=2528312 loops=1)
Planning time: 3.462 ms
Execution time: 4264.350 ms
