Hash Join  (cost=99161.12..933613.41 rows=1149885 width=0) (actual time=11143.666..15979.652 rows=580636 loops=1)
  Hash Cond: (ci.movie_id = t.id)
  ->  Seq Scan on cast_info ci  (cost=0.00..796071.18 rows=1511652 width=4) (actual time=8765.313..12474.569 rows=756563 loops=1)
        Filter: ((person_id < 551894) AND (role_id > 4))
        Rows Removed by Filter: 35487781
  ->  Hash  (cost=67604.59..67604.59 rows=1923403 width=4) (actual time=2377.541..2377.541 rows=1922849 loops=1)
        Buckets: 131072  Batches: 32  Memory Usage: 3132kB
        ->  Seq Scan on title t  (cost=0.00..67604.59 rows=1923403 width=4) (actual time=0.030..1514.585 rows=1922849 loops=1)
              Filter: (production_year < 2010)
              Rows Removed by Filter: 605463
Planning time: 0.754 ms
Execution time: 16054.207 ms
