Hash Join  (cost=173231.14..311097.78 rows=925065 width=0) (actual time=4238.574..9059.058 rows=3658632 loops=1)
  Hash Cond: (mk.movie_id = t.id)
  ->  Seq Scan on movie_keyword mk  (cost=0.00..81003.12 rows=3915965 width=4) (actual time=0.034..1936.356 rows=3911719 loops=1)
        Filter: (keyword_id < 30127)
        Rows Removed by Filter: 612211
  ->  Hash  (cost=163430.74..163430.74 rows=597312 width=8) (actual time=4236.591..4236.591 rows=721654 loops=1)
        Buckets: 131072 (originally 131072)  Batches: 16 (originally 8)  Memory Usage: 3073kB
        ->  Hash Join  (cost=86241.46..163430.74 rows=597312 width=8) (actual time=1984.913..3986.908 rows=721654 loops=1)
              Hash Cond: (mc.movie_id = t.id)
              ->  Seq Scan on movie_companies mc  (cost=0.00..51404.11 rows=1329612 width=4) (actual time=221.801..1075.551 rows=1334883 loops=1)
                    Filter: (company_type_id > 1)
                    Rows Removed by Filter: 1274246
              ->  Hash  (cost=67604.59..67604.59 rows=1135910 width=4) (actual time=1761.655..1761.655 rows=1133355 loops=1)
                    Buckets: 131072  Batches: 16  Memory Usage: 3516kB
                    ->  Seq Scan on title t  (cost=0.00..67604.59 rows=1135910 width=4) (actual time=0.018..1393.143 rows=1133355 loops=1)
                          Filter: (production_year < 2002)
                          Rows Removed by Filter: 1394957
Planning time: 2.394 ms
Execution time: 9445.969 ms
