Hash Join  (cost=131386.47..1225538.53 rows=5874693 width=0) (actual time=2969.497..36096.435 rows=13104731 loops=1)
  Hash Cond: (ci.movie_id = t.id)
  ->  Seq Scan on cast_info ci  (cost=0.00..614943.12 rows=36225612 width=4) (actual time=0.011..13701.297 rows=36244344 loops=1)
  ->  Hash  (cost=124658.84..124658.84 rows=410050 width=8) (actual time=2968.395..2968.395 rows=504823 loops=1)
        Buckets: 131072  Batches: 8  Memory Usage: 3499kB
        ->  Hash Join  (cost=79930.86..124658.84 rows=410050 width=8) (actual time=1507.258..2818.667 rows=504823 loops=1)
              Hash Cond: (mi_idx.movie_id = t.id)
              ->  Seq Scan on movie_info_idx mi_idx  (cost=0.00..21735.35 rows=1380035 width=4) (actual time=0.012..419.467 rows=1380035 loops=1)
              ->  Hash  (cost=67604.59..67604.59 rows=751302 width=4) (actual time=1506.607..1506.607 rows=755902 loops=1)
                    Buckets: 131072  Batches: 16  Memory Usage: 2685kB
                    ->  Seq Scan on title t  (cost=0.00..67604.59 rows=751302 width=4) (actual time=0.015..1259.362 rows=755902 loops=1)
                          Filter: (production_year < 1993)
                          Rows Removed by Filter: 1772410
Planning time: 0.751 ms
Execution time: 37474.999 ms
