Hash Join  (cost=485262.73..598931.03 rows=549148 width=0) (actual time=8772.111..12393.210 rows=4354465 loops=1)
  Hash Cond: (mk.movie_id = t.id)
  ->  Seq Scan on movie_keyword mk  (cost=0.00..81003.12 rows=2129785 width=4) (actual time=0.021..1601.250 rows=2135599 loops=1)
        Filter: (keyword_id < 3953)
        Rows Removed by Filter: 2388331
  ->  Hash  (cost=474566.23..474566.23 rows=651960 width=8) (actual time=8769.692..8769.692 rows=660923 loops=1)
        Buckets: 131072  Batches: 16  Memory Usage: 2648kB
        ->  Hash Join  (cost=102767.86..474566.23 rows=651960 width=8) (actual time=5390.749..8563.098 rows=660923 loops=1)
              Hash Cond: (mi.movie_id = t.id)
              ->  Seq Scan on movie_info mi  (cost=0.00..346232.03 rows=651960 width=4) (actual time=3212.243..4959.495 rows=660923 loops=1)
                    Filter: (info_type_id = 18)
                    Rows Removed by Filter: 14174797
              ->  Hash  (cost=61283.27..61283.27 rows=2528527 width=4) (actual time=2177.631..2177.631 rows=2528312 loops=1)
                    Buckets: 131072  Batches: 64  Memory Usage: 2425kB
                    ->  Seq Scan on title t  (cost=0.00..61283.27 rows=2528527 width=4) (actual time=0.023..1093.113 rows=2528312 loops=1)
Planning time: 1.638 ms
Execution time: 12884.097 ms
