Hash Join  (cost=67697.55..466574.35 rows=40970 width=0) (actual time=1043.791..10435.205 rows=85219 loops=1)
  Hash Cond: (mi.movie_id = t.id)
  ->  Seq Scan on movie_info mi  (cost=0.00..346232.03 rows=13929354 width=4) (actual time=0.012..6622.084 rows=14033580 loops=1)
        Filter: (info_type_id > 1)
        Rows Removed by Filter: 802140
  ->  Hash  (cost=67604.59..67604.59 rows=7437 width=4) (actual time=1043.450..1043.450 rows=13063 loops=1)
        Buckets: 16384 (originally 8192)  Batches: 1 (originally 1)  Memory Usage: 588kB
        ->  Seq Scan on title t  (cost=0.00..67604.59 rows=7437 width=4) (actual time=0.077..1036.874 rows=13063 loops=1)
              Filter: (production_year = 1965)
              Rows Removed by Filter: 2515249
Planning time: 0.756 ms
Execution time: 10449.485 ms
