Hash Join  (cost=161976.97..547810.66 rows=275383 width=0) (actual time=3065.654..15578.586 rows=10011934 loops=1)
  Hash Cond: (mi.movie_id = t.id)
  ->  Seq Scan on movie_info mi  (cost=0.00..309384.22 rows=14739122 width=4) (actual time=0.021..4253.660 rows=14835720 loops=1)
  ->  Hash  (cost=161386.43..161386.43 rows=47243 width=8) (actual time=3053.326..3053.326 rows=124508 loops=1)
        Buckets: 131072 (originally 65536)  Batches: 2 (originally 1)  Memory Usage: 3459kB
        ->  Hash Join  (cost=74255.97..161386.43 rows=47243 width=8) (actual time=1036.649..3005.342 rows=124508 loops=1)
              Hash Cond: (mk.movie_id = t.id)
              ->  Seq Scan on movie_keyword mk  (cost=0.00..69693.30 rows=4523930 width=4) (actual time=0.027..1047.722 rows=4523930 loops=1)
              ->  Hash  (cost=73925.90..73925.90 rows=26405 width=4) (actual time=1036.422..1036.422 rows=23926 loops=1)
                    Buckets: 32768  Batches: 1  Memory Usage: 1098kB
                    ->  Seq Scan on title t  (cost=0.00..73925.90 rows=26405 width=4) (actual time=0.411..1026.395 rows=23926 loops=1)
                          Filter: ((kind_id < 7) AND (production_year = 2003))
                          Rows Removed by Filter: 2504386
Planning time: 1.199 ms
Execution time: 16826.477 ms
