Hash Join  (cost=83073.47..437536.13 rows=82 width=0) (actual time=1443.388..7625.554 rows=17878 loops=1)
  Hash Cond: (mi.movie_id = t.id)
  ->  Seq Scan on movie_info mi  (cost=0.00..346232.03 rows=2194617 width=4) (actual time=0.018..5839.807 rows=2233850 loops=1)
        Filter: (info_type_id > 16)
        Rows Removed by Filter: 12601870
  ->  Hash  (cost=83072.29..83072.29 rows=95 width=8) (actual time=1440.662..1440.662 rows=1753 loops=1)
        Buckets: 2048 (originally 1024)  Batches: 1 (originally 1)  Memory Usage: 85kB
        ->  Nested Loop  (cost=0.43..83072.29 rows=95 width=8) (actual time=0.078..1439.387 rows=1753 loops=1)
              ->  Seq Scan on movie_keyword mk  (cost=0.00..81003.12 rows=246 width=4) (actual time=0.027..1272.820 rows=5252 loops=1)
                    Filter: (keyword_id = 3311)
                    Rows Removed by Filter: 4518678
              ->  Index Scan using title_pkey on title t  (cost=0.43..8.40 rows=1 width=4) (actual time=0.031..0.031 rows=0 loops=5252)
                    Index Cond: (id = mk.movie_id)
                    Filter: (production_year < 1999)
                    Rows Removed by Filter: 1
Planning time: 1.171 ms
Execution time: 7628.190 ms
