Seq Scan on movie_companies mc  (cost=0.00..51404.11 rows=104 width=0) (actual time=203.290..862.521 rows=293 loops=1)
  Filter: (company_id = 1395)
  Rows Removed by Filter: 2608836
Planning time: 0.358 ms
Execution time: 862.703 ms
