Hash Join  (cost=67697.55..125774.36 rows=117 width=0) (actual time=1252.081..1859.799 rows=988 loops=1)
  Hash Cond: (mc.movie_id = t.id)
  ->  Seq Scan on movie_companies mc  (cost=0.00..57926.93 rows=39655 width=4) (actual time=254.861..842.880 rows=66520 loops=1)
        Filter: ((company_id < 19) AND (company_type_id < 2))
        Rows Removed by Filter: 2542609
  ->  Hash  (cost=67604.59..67604.59 rows=7437 width=4) (actual time=996.574..996.574 rows=13994 loops=1)
        Buckets: 16384 (originally 8192)  Batches: 1 (originally 1)  Memory Usage: 620kB
        ->  Seq Scan on title t  (cost=0.00..67604.59 rows=7437 width=4) (actual time=0.277..989.902 rows=13994 loops=1)
              Filter: (production_year = 1976)
              Rows Removed by Filter: 2514318
Planning time: 0.816 ms
Execution time: 1860.203 ms
