Hash Join  (cost=76325.27..439498.25 rows=77944 width=0) (actual time=5410.435..7387.206 rows=235925 loops=1)
  Hash Cond: (mi.movie_id = t.id)
  ->  Seq Scan on movie_info mi  (cost=0.00..346232.03 rows=1348138 width=4) (actual time=3826.790..5509.267 rows=1298989 loops=1)
        Filter: (info_type_id = 4)
        Rows Removed by Filter: 13536731
  ->  Hash  (cost=73925.90..73925.90 rows=146189 width=4) (actual time=1222.253..1222.253 rows=282679 loops=1)
        Buckets: 131072 (originally 131072)  Batches: 4 (originally 2)  Memory Usage: 3514kB
        ->  Seq Scan on title t  (cost=0.00..73925.90 rows=146189 width=4) (actual time=76.401..1112.093 rows=282679 loops=1)
              Filter: ((production_year < 1983) AND (kind_id = 1))
              Rows Removed by Filter: 2245633
Planning time: 0.771 ms
Execution time: 7407.511 ms
