Hash Join  (cost=891358.02..1376726.64 rows=521270 width=0) (actual time=12900.388..23267.218 rows=893 loops=1)
  Hash Cond: (mi.movie_id = t.id)
  ->  Seq Scan on movie_info mi  (cost=0.00..309384.22 rows=14739122 width=4) (actual time=0.013..5632.446 rows=14835720 loops=1)
  ->  Hash  (cost=889890.20..889890.20 rows=89425 width=8) (actual time=12899.203..12899.203 rows=70 loops=1)
        Buckets: 131072  Batches: 2  Memory Usage: 1032kB
        ->  Hash Join  (cost=86519.03..889890.20 rows=89425 width=8) (actual time=6420.160..12898.910 rows=70 loops=1)
              Hash Cond: (ci.movie_id = t.id)
              ->  Seq Scan on cast_info ci  (cost=0.00..796071.18 rows=294598 width=4) (actual time=4996.508..11432.742 rows=171 loops=1)
                    Filter: ((person_id < 139010) AND (role_id = 2))
                    Rows Removed by Filter: 36244173
              ->  Hash  (cost=73925.90..73925.90 rows=767530 width=4) (actual time=1405.637..1405.637 rows=677132 loops=1)
                    Buckets: 131072  Batches: 16  Memory Usage: 2512kB
                    ->  Seq Scan on title t  (cost=0.00..73925.90 rows=767530 width=4) (actual time=0.035..1189.702 rows=677132 loops=1)
                          Filter: ((kind_id < 7) AND (production_year > 1978))
                          Rows Removed by Filter: 1851180
Planning time: 1.149 ms
Execution time: 23267.992 ms
