Seq Scan on movie_companies mc  (cost=0.00..57926.93 rows=1033871 width=0) (actual time=346.158..1113.501 rows=749800 loops=1)
  Filter: ((company_id < 70940) AND (company_type_id > 1))
  Rows Removed by Filter: 1859329
Planning time: 0.314 ms
Execution time: 1202.739 ms
