Seq Scan on movie_keyword mk  (cost=0.00..81003.12 rows=246 width=0) (actual time=31.285..1267.923 rows=145 loops=1)
  Filter: (keyword_id = 11665)
  Rows Removed by Filter: 4523785
Planning time: 0.279 ms
Execution time: 1268.104 ms
