Seq Scan on cast_info ci  (cost=0.00..796071.18 rows=3013562 width=0) (actual time=11105.103..13033.657 rows=3898624 loops=1)
  Filter: ((person_id > 1066523) AND (role_id = 10))
  Rows Removed by Filter: 32345720
Planning time: 0.364 ms
Execution time: 13410.146 ms
