Hash Join  (cost=67697.55..432786.99 rows=43351 width=0) (actual time=1057.655..8551.094 rows=83380 loops=1)
  Hash Cond: (mi.movie_id = t.id)
  ->  Seq Scan on movie_info mi  (cost=0.00..309384.22 rows=14739122 width=4) (actual time=0.018..4296.259 rows=14835720 loops=1)
  ->  Hash  (cost=67604.59..67604.59 rows=7437 width=4) (actual time=1056.970..1056.970 rows=10517 loops=1)
        Buckets: 16384 (originally 8192)  Batches: 1 (originally 1)  Memory Usage: 498kB
        ->  Seq Scan on title t  (cost=0.00..67604.59 rows=7437 width=4) (actual time=0.020..1051.730 rows=10517 loops=1)
              Filter: (production_year = 1959)
              Rows Removed by Filter: 2517795
Planning time: 0.815 ms
Execution time: 8564.712 ms
