Nested Loop  (cost=0.43..106508.37 rows=8088 width=0) (actual time=3.883..942.574 rows=8235 loops=1)
  ->  Seq Scan on movie_companies mc  (cost=0.00..51404.11 rows=8088 width=4) (actual time=3.830..761.968 rows=8235 loops=1)
        Filter: (company_id = 424)
        Rows Removed by Filter: 2600894
  ->  Index Only Scan using title_pkey on title t  (cost=0.43..6.80 rows=1 width=4) (actual time=0.021..0.021 rows=1 loops=8235)
        Index Cond: (id = mc.movie_id)
        Heap Fetches: 8235
Planning time: 3.352 ms
Execution time: 944.600 ms
