Hash Join  (cost=110960.63..198489.56 rows=87089 width=0) (actual time=2043.287..3853.589 rows=547364 loops=1)
  Hash Cond: (mk.movie_id = t.id)
  ->  Seq Scan on movie_keyword mk  (cost=0.00..69693.30 rows=4523930 width=4) (actual time=0.018..831.299 rows=4523930 loops=1)
  ->  Hash  (cost=110352.18..110352.18 rows=48676 width=8) (actual time=2042.875..2042.875 rows=58024 loops=1)
        Buckets: 65536  Batches: 1  Memory Usage: 2779kB
        ->  Hash Join  (cost=78306.32..110352.18 rows=48676 width=8) (actual time=1438.872..2020.546 rows=58024 loops=1)
              Hash Cond: (mi_idx.movie_id = t.id)
              ->  Seq Scan on movie_info_idx mi_idx  (cost=0.00..25185.44 rows=460978 width=4) (actual time=0.017..505.328 rows=459925 loops=1)
                    Filter: (info_type_id < 100)
                    Rows Removed by Filter: 920110
              ->  Hash  (cost=73925.90..73925.90 rows=266993 width=4) (actual time=1247.493..1247.493 rows=216282 loops=1)
                    Buckets: 131072  Batches: 4  Memory Usage: 2928kB
                    ->  Seq Scan on title t  (cost=0.00..73925.90 rows=266993 width=4) (actual time=0.014..1177.022 rows=216282 loops=1)
                          Filter: ((production_year > 2005) AND (kind_id = 1))
                          Rows Removed by Filter: 2312030
Planning time: 1.968 ms
Execution time: 3923.757 ms
