Seq Scan on cast_info ci  (cost=0.00..796071.18 rows=801691 width=0) (actual time=7358.493..11921.521 rows=892554 loops=1)
  Filter: ((person_id > 1941812) AND (role_id = 8))
  Rows Removed by Filter: 35351790
Planning time: 0.385 ms
Execution time: 12025.847 ms
