Hash Join  (cost=230871.90..1060213.85 rows=2671053 width=0) (actual time=13683.726..21254.954 rows=686911 loops=1)
  Hash Cond: (ci.movie_id = t.id)
  ->  Seq Scan on cast_info ci  (cost=0.00..705507.15 rows=7298253 width=4) (actual time=9128.713..13094.979 rows=7451973 loops=1)
        Filter: (role_id = 2)
        Rows Removed by Filter: 28792371
  ->  Hash  (cost=215689.35..215689.35 rows=925404 width=8) (actual time=4550.265..4550.265 rows=199426 loops=1)
        Buckets: 131072  Batches: 16  Memory Usage: 1488kB
        ->  Hash Join  (cost=82412.27..215689.35 rows=925404 width=8) (actual time=2417.414..4489.710 rows=199426 loops=1)
              Hash Cond: (mk.movie_id = t.id)
              ->  Seq Scan on movie_keyword mk  (cost=0.00..69693.30 rows=4523930 width=4) (actual time=0.031..1334.561 rows=4523930 loops=1)
              ->  Hash  (cost=73925.90..73925.90 rows=517229 width=4) (actual time=1241.705..1241.705 rows=403947 loops=1)
                    Buckets: 131072  Batches: 8  Memory Usage: 2790kB
                    ->  Seq Scan on title t  (cost=0.00..73925.90 rows=517229 width=4) (actual time=313.425..1109.126 rows=403947 loops=1)
                          Filter: ((production_year < 1996) AND (kind_id = 7))
                          Rows Removed by Filter: 2124365
Planning time: 1.129 ms
Execution time: 21335.414 ms
