Hash Join  (cost=98137.04..201752.86 rows=559783 width=0) (actual time=1831.206..3947.880 rows=255716 loops=1)
  Hash Cond: (mk.movie_id = t.id)
  ->  Seq Scan on movie_keyword mk  (cost=0.00..81003.12 rows=760574 width=4) (actual time=0.030..1374.258 rows=767914 loops=1)
        Filter: (keyword_id > 24382)
        Rows Removed by Filter: 3756016
  ->  Hash  (cost=67604.59..67604.59 rows=1860996 width=4) (actual time=1828.457..1828.457 rows=1865487 loops=1)
        Buckets: 131072  Batches: 32  Memory Usage: 3085kB
        ->  Seq Scan on title t  (cost=0.00..67604.59 rows=1860996 width=4) (actual time=0.029..1212.736 rows=1865487 loops=1)
              Filter: (kind_id > 1)
              Rows Removed by Filter: 662825
Planning time: 0.725 ms
Execution time: 3979.526 ms
