Hash Join  (cost=156664.49..1235660.85 rows=4399320 width=0) (actual time=4032.504..36856.030 rows=9915636 loops=1)
  Hash Cond: (ci.movie_id = t.id)
  ->  Seq Scan on cast_info ci  (cost=0.00..614943.12 rows=36225612 width=4) (actual time=0.015..13389.985 rows=36244344 loops=1)
  ->  Hash  (cost=151626.11..151626.11 rows=307070 width=8) (actual time=4031.587..4031.587 rows=542634 loops=1)
        Buckets: 131072  Batches: 8  Memory Usage: 3677kB
        ->  Hash Join  (cost=74698.31..151626.11 rows=307070 width=8) (actual time=1580.704..3859.021 rows=542634 loops=1)
              Hash Cond: (mc.movie_id = t.id)
              ->  Seq Scan on movie_companies mc  (cost=0.00..51404.11 rows=1795730 width=4) (actual time=0.014..1142.300 rows=1787495 loops=1)
                    Filter: (company_id < 28316)
                    Rows Removed by Filter: 821634
              ->  Hash  (cost=67604.59..67604.59 rows=432378 width=4) (actual time=1579.913..1579.913 rows=423779 loops=1)
                    Buckets: 131072  Batches: 8  Memory Usage: 2885kB
                    ->  Seq Scan on title t  (cost=0.00..67604.59 rows=432378 width=4) (actual time=0.016..1160.624 rows=423779 loops=1)
                          Filter: (production_year < 1974)
                          Rows Removed by Filter: 2104533
Planning time: 1.159 ms
Execution time: 38039.028 ms
