Hash Join  (cost=439368.21..1421138.98 rows=457150 width=0) (actual time=8811.491..33320.720 rows=1840851 loops=1)
  Hash Cond: (ci.movie_id = t.id)
  ->  Seq Scan on cast_info ci  (cost=0.00..614943.12 rows=36225612 width=4) (actual time=0.019..9357.714 rows=36244344 loops=1)
  ->  Hash  (cost=438969.35..438969.35 rows=31909 width=8) (actual time=8810.343..8810.343 rows=82067 loops=1)
        Buckets: 131072 (originally 32768)  Batches: 2 (originally 1)  Memory Usage: 3073kB
        ->  Hash Join  (cost=73994.33..438969.35 rows=31909 width=8) (actual time=869.090..8766.868 rows=82067 loops=1)
              Hash Cond: (mi.movie_id = t.id)
              ->  Seq Scan on movie_info mi  (cost=0.00..309384.22 rows=14739122 width=4) (actual time=0.015..4326.142 rows=14835720 loops=1)
              ->  Hash  (cost=73925.90..73925.90 rows=5474 width=4) (actual time=868.763..868.763 rows=19727 loops=1)
                    Buckets: 32768 (originally 8192)  Batches: 1 (originally 1)  Memory Usage: 950kB
                    ->  Seq Scan on title t  (cost=0.00..73925.90 rows=5474 width=4) (actual time=0.064..861.295 rows=19727 loops=1)
                          Filter: ((kind_id > 1) AND (production_year = 1992))
                          Rows Removed by Filter: 2508585
Planning time: 2.307 ms
Execution time: 33545.774 ms
