Hash Join  (cost=106885.70..238444.34 rows=1493012 width=134) (actual time=2776.106..6848.133 rows=1754914 loops=1)
  Hash Cond: (mc.movie_id = t.id)
  ->  Seq Scan on movie_companies mc  (cost=0.00..44881.29 rows=2609129 width=40) (actual time=0.024..1074.429 rows=2609129 loops=1)
  ->  Hash  (cost=67604.59..67604.59 rows=1446889 width=94) (actual time=2775.662..2775.662 rows=1443298 loops=1)
        Buckets: 32768  Batches: 64  Memory Usage: 2765kB
        ->  Seq Scan on title t  (cost=0.00..67604.59 rows=1446889 width=94) (actual time=0.019..1754.729 rows=1443298 loops=1)
              Filter: (production_year < 2006)
              Rows Removed by Filter: 1085014
Planning time: 1.005 ms
Execution time: 6936.672 ms
