Hash Join  (cost=915257.65..4040454.09 rows=159508208 width=0) (actual time=22675.552..147390.319 rows=382693682 loops=1)
  Hash Cond: (ci.movie_id = t.id)
  ->  Seq Scan on cast_info ci  (cost=0.00..614943.12 rows=36225612 width=4) (actual time=0.013..13430.521 rows=36244344 loops=1)
  ->  Hash  (cost=732596.88..732596.88 rows=11133582 width=8) (actual time=22670.909..22670.909 rows=10425392 loops=1)
        Buckets: 131072  Batches: 256  Memory Usage: 2580kB
        ->  Hash Join  (cost=104071.89..732596.88 rows=11133582 width=8) (actual time=1980.019..19350.227 rows=10425392 loops=1)
              Hash Cond: (mi.movie_id = t.id)
              ->  Seq Scan on movie_info mi  (cost=0.00..346232.03 rows=12665229 width=4) (actual time=0.027..6715.806 rows=12744652 loops=1)
                    Filter: (info_type_id > 2)
                    Rows Removed by Filter: 2091068
              ->  Hash  (cost=67604.59..67604.59 rows=2222744 width=4) (actual time=1979.201..1979.201 rows=2214818 loops=1)
                    Buckets: 131072  Batches: 32  Memory Usage: 3469kB
                    ->  Seq Scan on title t  (cost=0.00..67604.59 rows=2222744 width=4) (actual time=0.015..1263.986 rows=2214818 loops=1)
                          Filter: (production_year > 1959)
                          Rows Removed by Filter: 313494
Planning time: 2.242 ms
Execution time: 187289.749 ms
