Hash Join  (cost=334791.12..1389563.62 rows=11928212 width=0) (actual time=15688.586..30724.438 rows=18948489 loops=1)
  Hash Cond: (ci.movie_id = t.id)
  ->  Seq Scan on cast_info ci  (cost=0.00..796071.18 rows=8162162 width=4) (actual time=7454.972..15298.153 rows=3307283 loops=1)
        Filter: ((person_id > 1279207) AND (role_id = 1))
        Rows Removed by Filter: 32937061
  ->  Hash  (cost=274166.14..274166.14 rows=3695198 width=8) (actual time=8232.153..8232.153 rows=4200438 loops=1)
        Buckets: 131072  Batches: 64  Memory Usage: 3613kB
        ->  Hash Join  (cost=101489.21..274166.14 rows=3695198 width=8) (actual time=2131.084..7080.395 rows=4200438 loops=1)
              Hash Cond: (mk.movie_id = t.id)
              ->  Seq Scan on movie_keyword mk  (cost=0.00..69693.30 rows=4523930 width=4) (actual time=0.023..1535.783 rows=4523930 loops=1)
              ->  Hash  (cost=67604.59..67604.59 rows=2065330 width=4) (actual time=2130.365..2130.365 rows=2064552 loops=1)
                    Buckets: 131072  Batches: 32  Memory Usage: 3298kB
                    ->  Seq Scan on title t  (cost=0.00..67604.59 rows=2065330 width=4) (actual time=0.016..1429.326 rows=2064552 loops=1)
                          Filter: (production_year < 2011)
                          Rows Removed by Filter: 463760
Planning time: 1.170 ms
Execution time: 32702.758 ms
