Hash Join  (cost=86252.72..612790.55 rows=4379690 width=0) (actual time=1475.861..17510.118 rows=9063241 loops=1)
  Hash Cond: (mi.movie_id = t.id)
  ->  Seq Scan on movie_info mi  (cost=0.00..309384.22 rows=14739122 width=4) (actual time=0.016..6000.900 rows=14835720 loops=1)
  ->  Hash  (cost=73925.90..73925.90 rows=751345 width=4) (actual time=1475.054..1475.054 rows=793943 loops=1)
        Buckets: 131072  Batches: 16  Memory Usage: 2780kB
        ->  Seq Scan on title t  (cost=0.00..73925.90 rows=751345 width=4) (actual time=0.013..1218.675 rows=793943 loops=1)
              Filter: ((kind_id < 7) AND (production_year < 2010))
              Rows Removed by Filter: 1734369
Planning time: 0.522 ms
Execution time: 18571.436 ms
