Hash Join  (cost=227945.02..273573.55 rows=462505 width=0) (actual time=5020.104..6599.514 rows=1803578 loops=1)
  Hash Cond: (mi_idx.movie_id = t.id)
  ->  Seq Scan on movie_info_idx mi_idx  (cost=0.00..21735.35 rows=1380035 width=4) (actual time=0.012..499.010 rows=1380035 loops=1)
  ->  Hash  (cost=214041.40..214041.40 rows=847410 width=8) (actual time=5018.764..5018.764 rows=849012 loops=1)
        Buckets: 131072  Batches: 16  Memory Usage: 3123kB
        ->  Hash Join  (cost=102767.86..214041.40 rows=847410 width=8) (actual time=1962.356..4813.716 rows=849012 loops=1)
              Hash Cond: (mk.movie_id = t.id)
              ->  Seq Scan on movie_keyword mk  (cost=0.00..81003.12 rows=847410 width=4) (actual time=0.020..1544.354 rows=849012 loops=1)
                    Filter: (keyword_id < 813)
                    Rows Removed by Filter: 3674918
              ->  Hash  (cost=61283.27..61283.27 rows=2528527 width=4) (actual time=1960.138..1960.138 rows=2528312 loops=1)
                    Buckets: 131072  Batches: 64  Memory Usage: 2425kB
                    ->  Seq Scan on title t  (cost=0.00..61283.27 rows=2528527 width=4) (actual time=0.015..1145.171 rows=2528312 loops=1)
Planning time: 1.082 ms
Execution time: 6780.842 ms
