Seq Scan on movie_keyword mk  (cost=0.00..81003.12 rows=501367 width=0) (actual time=0.026..1313.243 rows=502634 loops=1)
  Filter: (keyword_id < 365)
  Rows Removed by Filter: 4021296
Planning time: 0.325 ms
Execution time: 1379.341 ms
