Hash Join  (cost=974674.27..1574273.27 rows=9500217 width=0) (actual time=18492.890..51745.692 rows=74451518 loops=1)
  Hash Cond: (mi.movie_id = t.id)
  ->  Seq Scan on movie_info mi  (cost=0.00..309384.22 rows=14739122 width=4) (actual time=0.016..5999.204 rows=14835720 loops=1)
  ->  Hash  (cost=947934.99..947934.99 rows=1629782 width=8) (actual time=18491.508..18491.508 rows=3664115 loops=1)
        Buckets: 131072 (originally 131072)  Batches: 64 (originally 32)  Memory Usage: 3305kB
        ->  Hash Join  (cost=102767.86..947934.99 rows=1629782 width=8) (actual time=1830.480..17406.560 rows=3664115 loops=1)
              Hash Cond: (ci.movie_id = t.id)
              ->  Seq Scan on cast_info ci  (cost=0.00..796071.18 rows=1629782 width=4) (actual time=0.122..11521.353 rows=3664115 loops=1)
                    Filter: ((person_id > 3396615) AND (role_id > 2))
                    Rows Removed by Filter: 32580229
              ->  Hash  (cost=61283.27..61283.27 rows=2528527 width=4) (actual time=1829.531..1829.531 rows=2528312 loops=1)
                    Buckets: 131072  Batches: 64  Memory Usage: 2415kB
                    ->  Seq Scan on title t  (cost=0.00..61283.27 rows=2528527 width=4) (actual time=0.007..1020.330 rows=2528312 loops=1)
Planning time: 1.059 ms
Execution time: 59652.997 ms
