Hash Join  (cost=83074.74..137742.81 rows=254 width=0) (actual time=1398.259..2423.998 rows=3968 loops=1)
  Hash Cond: (mc.movie_id = t.id)
  ->  Seq Scan on movie_companies mc  (cost=0.00..44881.29 rows=2609129 width=4) (actual time=0.009..552.069 rows=2609129 loops=1)
  ->  Hash  (cost=83071.67..83071.67 rows=246 width=8) (actual time=1396.008..1396.008 rows=386 loops=1)
        Buckets: 1024  Batches: 1  Memory Usage: 24kB
        ->  Nested Loop  (cost=0.43..83071.67 rows=246 width=8) (actual time=24.817..1395.632 rows=386 loops=1)
              ->  Seq Scan on movie_keyword mk  (cost=0.00..81003.12 rows=246 width=4) (actual time=24.713..1376.646 rows=386 loops=1)
                    Filter: (keyword_id = 9465)
                    Rows Removed by Filter: 4523544
              ->  Index Only Scan using title_pkey on title t  (cost=0.43..8.40 rows=1 width=4) (actual time=0.046..0.047 rows=1 loops=386)
                    Index Cond: (id = mk.movie_id)
                    Heap Fetches: 386
Planning time: 0.659 ms
Execution time: 2424.779 ms
