Seq Scan on movie_keyword mk  (cost=0.00..81003.12 rows=540287 width=0) (actual time=0.030..1273.016 rows=536086 loops=1)
  Filter: (keyword_id > 34253)
  Rows Removed by Filter: 3987844
Planning time: 0.259 ms
Execution time: 1340.625 ms
