Seq Scan on movie_keyword mk  (cost=0.00..81003.12 rows=2230782 width=0) (actual time=0.025..1433.244 rows=2228532 loops=1)
  Filter: (keyword_id > 4908)
  Rows Removed by Filter: 2295398
Planning time: 0.287 ms
Execution time: 1706.220 ms
