Hash Join  (cost=210315.64..1283742.66 rows=5710626 width=0) (actual time=4651.742..42347.150 rows=39929423 loops=1)
  Hash Cond: (ci.movie_id = t.id)
  ->  Seq Scan on cast_info ci  (cost=0.00..705507.15 rows=26698307 width=4) (actual time=0.026..15263.074 rows=26889952 loops=1)
        Filter: (person_id > 920501)
        Rows Removed by Filter: 9354392
  ->  Hash  (cost=201442.17..201442.17 rows=540838 width=8) (actual time=4650.694..4650.694 rows=866504 loops=1)
        Buckets: 131072 (originally 131072)  Batches: 16 (originally 8)  Memory Usage: 3190kB
        ->  Hash Join  (cost=82400.67..201442.17 rows=540838 width=8) (actual time=1328.775..4388.592 rows=866504 loops=1)
              Hash Cond: (mk.movie_id = t.id)
              ->  Seq Scan on movie_keyword mk  (cost=0.00..81003.12 rows=2647466 width=4) (actual time=0.018..1644.969 rows=2638966 loops=1)
                    Filter: (keyword_id < 7281)
                    Rows Removed by Filter: 1884964
              ->  Hash  (cost=73925.90..73925.90 rows=516541 width=4) (actual time=1327.787..1327.787 rows=440918 loops=1)
                    Buckets: 131072  Batches: 8  Memory Usage: 2967kB
                    ->  Seq Scan on title t  (cost=0.00..73925.90 rows=516541 width=4) (actual time=0.038..1184.557 rows=440918 loops=1)
                          Filter: ((kind_id < 7) AND (production_year > 2001))
                          Rows Removed by Filter: 2087394
Planning time: 1.120 ms
Execution time: 46901.804 ms
