Hash Join  (cost=74389.43..129437.59 rows=38264 width=0) (actual time=1513.367..2584.671 rows=13210 loops=1)
  Hash Cond: (mc.movie_id = t.id)
  ->  Seq Scan on movie_companies mc  (cost=0.00..44881.29 rows=2609129 width=4) (actual time=0.019..647.960 rows=2609129 loops=1)
  ->  Hash  (cost=73925.90..73925.90 rows=37082 width=4) (actual time=1288.849..1288.849 rows=41935 loops=1)
        Buckets: 65536  Batches: 1  Memory Usage: 1987kB
        ->  Seq Scan on title t  (cost=0.00..73925.90 rows=37082 width=4) (actual time=0.033..1271.910 rows=41935 loops=1)
              Filter: ((kind_id = 7) AND (production_year = 2002))
              Rows Removed by Filter: 2486377
Planning time: 6.010 ms
Execution time: 2586.563 ms
