Hash Join  (cost=102767.86..1242371.92 rows=17629841 width=0) (actual time=2023.263..32241.411 rows=17485018 loops=1)
  Hash Cond: (ci.movie_id = t.id)
  ->  Seq Scan on cast_info ci  (cost=0.00..705507.15 rows=17629841 width=4) (actual time=0.035..14348.232 rows=17485018 loops=1)
        Filter: (person_id < 1730948)
        Rows Removed by Filter: 18759326
  ->  Hash  (cost=61283.27..61283.27 rows=2528527 width=4) (actual time=2022.136..2022.136 rows=2528312 loops=1)
        Buckets: 131072  Batches: 64  Memory Usage: 2415kB
        ->  Seq Scan on title t  (cost=0.00..61283.27 rows=2528527 width=4) (actual time=0.014..1181.458 rows=2528312 loops=1)
Planning time: 0.651 ms
Execution time: 34215.229 ms
