Seq Scan on cast_info ci  (cost=0.00..705507.15 rows=2414954 width=0) (actual time=0.030..11445.447 rows=2356427 loops=1)
  Filter: (person_id < 229242)
  Rows Removed by Filter: 33887917
Planning time: 0.319 ms
Execution time: 11743.648 ms
