Hash Join  (cost=102767.86..230213.05 rows=1519512 width=0) (actual time=1821.229..5619.704 rows=1532370 loops=1)
  Hash Cond: (mk.movie_id = t.id)
  ->  Seq Scan on movie_keyword mk  (cost=0.00..81003.12 rows=1519512 width=4) (actual time=0.010..1558.824 rows=1532370 loops=1)
        Filter: (keyword_id < 2229)
        Rows Removed by Filter: 2991560
  ->  Hash  (cost=61283.27..61283.27 rows=2528527 width=4) (actual time=1815.265..1815.265 rows=2528312 loops=1)
        Buckets: 131072  Batches: 64  Memory Usage: 2425kB
        ->  Seq Scan on title t  (cost=0.00..61283.27 rows=2528527 width=4) (actual time=0.018..962.656 rows=2528312 loops=1)
Planning time: 0.769 ms
Execution time: 5797.436 ms
