Seq Scan on movie_keyword mk  (cost=0.00..81003.12 rows=1021011 width=0) (actual time=0.835..1495.395 rows=1024156 loops=1)
  Filter: (keyword_id < 1002)
  Rows Removed by Filter: 3499774
Planning time: 0.261 ms
Execution time: 1623.447 ms
