Hash Join  (cost=189820.13..233475.83 rows=347522 width=0) (actual time=3900.246..5325.155 rows=886646 loops=1)
  Hash Cond: (mi_idx.movie_id = t.id)
  ->  Seq Scan on movie_info_idx mi_idx  (cost=0.00..21735.35 rows=1380035 width=4) (actual time=0.015..472.907 rows=1380035 loops=1)
  ->  Hash  (cost=179372.93..179372.93 rows=636736 width=8) (actual time=3899.627..3899.627 rows=641347 loops=1)
        Buckets: 131072  Batches: 16  Memory Usage: 2599kB
        ->  Hash Join  (cost=102767.86..179372.93 rows=636736 width=8) (actual time=1819.895..3704.243 rows=641347 loops=1)
              Hash Cond: (mc.movie_id = t.id)
              ->  Seq Scan on movie_companies mc  (cost=0.00..51404.11 rows=636736 width=4) (actual time=0.700..883.405 rows=641347 loops=1)
                    Filter: (company_id > 56759)
                    Rows Removed by Filter: 1967782
              ->  Hash  (cost=61283.27..61283.27 rows=2528527 width=4) (actual time=1817.844..1817.844 rows=2528312 loops=1)
                    Buckets: 131072  Batches: 64  Memory Usage: 2415kB
                    ->  Seq Scan on title t  (cost=0.00..61283.27 rows=2528527 width=4) (actual time=0.013..1006.857 rows=2528312 loops=1)
Planning time: 1.076 ms
Execution time: 5431.344 ms
