Seq Scan on cast_info ci  (cost=0.00..705507.15 rows=34798388 width=0) (actual time=0.030..11772.881 rows=34890619 loops=1)
  Filter: (person_id > 135110)
  Rows Removed by Filter: 1353725
Planning time: 0.307 ms
Execution time: 15721.599 ms
