Hash Join  (cost=128695.20..502146.26 rows=8579 width=0) (actual time=4417.813..9032.088 rows=131421 loops=1)
  Hash Cond: (mi.movie_id = t.id)
  ->  Seq Scan on movie_info mi  (cost=0.00..346232.03 rows=7235534 width=4) (actual time=2151.943..5643.806 rows=7286865 loops=1)
        Filter: (info_type_id < 8)
        Rows Removed by Filter: 7548855
  ->  Hash  (cost=128657.72..128657.72 rows=2998 width=8) (actual time=2252.264..2252.264 rows=12495 loops=1)
        Buckets: 16384 (originally 4096)  Batches: 1 (originally 1)  Memory Usage: 617kB
        ->  Hash Join  (cost=73962.22..128657.72 rows=2998 width=8) (actual time=1046.027..2246.541 rows=12495 loops=1)
              Hash Cond: (mc.movie_id = t.id)
              ->  Seq Scan on movie_companies mc  (cost=0.00..44881.29 rows=2609129 width=4) (actual time=0.024..667.436 rows=2609129 loops=1)
              ->  Hash  (cost=73925.90..73925.90 rows=2905 width=4) (actual time=1045.888..1045.888 rows=6548 loops=1)
                    Buckets: 8192 (originally 4096)  Batches: 1 (originally 1)  Memory Usage: 295kB
                    ->  Seq Scan on title t  (cost=0.00..73925.90 rows=2905 width=4) (actual time=0.061..1042.639 rows=6548 loops=1)
                          Filter: ((kind_id < 7) AND (production_year = 1979))
                          Rows Removed by Filter: 2521764
Planning time: 7.684 ms
Execution time: 9048.746 ms
