Hash Join  (cost=58375.46..778875.51 rows=2 width=0) (actual time=21929.088..42359.281 rows=82 loops=1)
  Hash Cond: (ci.movie_id = t.id)
  ->  Seq Scan on cast_info ci  (cost=0.00..705507.15 rows=3998100 width=4) (actual time=19160.036..38910.189 rows=4008037 loops=1)
        Filter: (role_id = 3)
        Rows Removed by Filter: 32236307
  ->  Hash  (cost=58375.45..58375.45 rows=1 width=8) (actual time=2654.104..2654.104 rows=10 loops=1)
        Buckets: 1024  Batches: 1  Memory Usage: 9kB
        ->  Nested Loop  (cost=0.43..58375.45 rows=1 width=8) (actual time=196.984..2654.088 rows=10 loops=1)
              ->  Seq Scan on movie_companies mc  (cost=0.00..57926.93 rows=53 width=4) (actual time=59.508..2434.746 rows=1801 loops=1)
                    Filter: ((company_type_id > 1) AND (company_id = 436))
                    Rows Removed by Filter: 2607328
              ->  Index Scan using title_pkey on title t  (cost=0.43..8.45 rows=1 width=4) (actual time=0.120..0.120 rows=0 loops=1801)
                    Index Cond: (id = mc.movie_id)
                    Filter: ((kind_id = 7) AND (production_year = 1997))
                    Rows Removed by Filter: 1
Planning time: 1.125 ms
Execution time: 42359.542 ms
