Seq Scan on movie_companies mc  (cost=0.00..51404.11 rows=215571 width=0) (actual time=408.456..737.621 rows=216964 loops=1)
  Filter: (company_id > 108753)
  Rows Removed by Filter: 2392165
Planning time: 0.327 ms
Execution time: 765.494 ms
