Seq Scan on cast_info ci  (cost=0.00..796071.18 rows=3344043 width=0) (actual time=9152.461..12656.213 rows=6716012 loops=1)
  Filter: ((person_id < 919756) AND (role_id = 1))
  Rows Removed by Filter: 29528332
Planning time: 0.363 ms
Execution time: 13481.075 ms
