Seq Scan on title t  (cost=0.00..73925.90 rows=1813 width=0) (actual time=14.148..1051.164 rows=2267 loops=1)
  Filter: ((kind_id = 2) AND (production_year = 1999))
  Rows Removed by Filter: 2526045
Planning time: 0.380 ms
Execution time: 1052.035 ms
