Hash Join  (cost=165580.03..533351.05 rows=220826 width=0) (actual time=4110.357..9826.264 rows=938104 loops=1)
  Hash Cond: (mi.movie_id = t.id)
  ->  Seq Scan on movie_info mi  (cost=0.00..346232.03 rows=1550064 width=4) (actual time=299.029..5097.495 rows=1533909 loops=1)
        Filter: (info_type_id = 3)
        Rows Removed by Filter: 13301811
  ->  Hash  (cost=159669.28..159669.28 rows=360220 width=8) (actual time=3722.312..3722.312 rows=463556 loops=1)
        Buckets: 131072  Batches: 8  Memory Usage: 3313kB
        ->  Hash Join  (cost=79653.55..159669.28 rows=360220 width=8) (actual time=1555.606..3579.718 rows=463556 loops=1)
              Hash Cond: (mc.movie_id = t.id)
              ->  Seq Scan on movie_companies mc  (cost=0.00..44881.29 rows=2609129 width=4) (actual time=0.029..943.186 rows=2609129 loops=1)
              ->  Hash  (cost=73925.90..73925.90 rows=349092 width=4) (actual time=1330.995..1330.995 rows=265275 loops=1)
                    Buckets: 131072  Batches: 8  Memory Usage: 2190kB
                    ->  Seq Scan on title t  (cost=0.00..73925.90 rows=349092 width=4) (actual time=482.545..1249.529 rows=265275 loops=1)
                          Filter: ((production_year > 2001) AND (kind_id = 1))
                          Rows Removed by Filter: 2263037
Planning time: 1.161 ms
Execution time: 9933.458 ms
