Hash Join  (cost=102767.86..1134320.39 rows=9375714 width=0) (actual time=4956.439..51665.857 rows=5940518 loops=1)
  Hash Cond: (ci.movie_id = t.id)
  ->  Seq Scan on cast_info ci  (cost=0.00..796071.18 rows=9375714 width=4) (actual time=0.015..40463.635 rows=5940518 loops=1)
        Filter: ((person_id > 921375) AND (role_id < 2))
        Rows Removed by Filter: 30303826
  ->  Hash  (cost=61283.27..61283.27 rows=2528527 width=4) (actual time=4954.684..4954.684 rows=2528312 loops=1)
        Buckets: 131072  Batches: 64  Memory Usage: 2415kB
        ->  Seq Scan on title t  (cost=0.00..61283.27 rows=2528527 width=4) (actual time=0.018..3926.879 rows=2528312 loops=1)
Planning time: 0.698 ms
Execution time: 52376.856 ms
