Hash Join  (cost=158331.57..910742.52 rows=162176 width=0) (actual time=2380.460..18165.574 rows=61929 loops=1)
  Hash Cond: (ci.movie_id = t.id)
  ->  Seq Scan on cast_info ci  (cost=0.00..614943.12 rows=36225612 width=4) (actual time=0.024..8545.871 rows=36244344 loops=1)
  ->  Hash  (cost=158190.07..158190.07 rows=11320 width=8) (actual time=2372.307..2372.307 rows=1733 loops=1)
        Buckets: 16384  Batches: 1  Memory Usage: 196kB
        ->  Hash Join  (cost=74434.21..158190.07 rows=11320 width=8) (actual time=1415.903..2371.362 rows=1733 loops=1)
              Hash Cond: (mk.movie_id = t.id)
              ->  Seq Scan on movie_keyword mk  (cost=0.00..81003.12 rows=703876 width=4) (actual time=0.015..1274.399 rows=710431 loops=1)
                    Filter: (keyword_id > 26603)
                    Rows Removed by Filter: 3813499
              ->  Hash  (cost=73925.90..73925.90 rows=40664 width=4) (actual time=966.296..966.296 rows=40257 loops=1)
                    Buckets: 65536  Batches: 1  Memory Usage: 1928kB
                    ->  Seq Scan on title t  (cost=0.00..73925.90 rows=40664 width=4) (actual time=105.595..949.941 rows=40257 loops=1)
                          Filter: ((production_year > 2012) AND (kind_id = 7))
                          Rows Removed by Filter: 2488055
Planning time: 1.178 ms
Execution time: 18175.674 ms
