Hash Join  (cost=100948.70..902638.86 rows=1462 width=0) (actual time=3798.690..13803.767 rows=3282 loops=1)
  Hash Cond: (ci.movie_id = t.id)
  ->  Seq Scan on cast_info ci  (cost=0.00..796071.18 rows=1494495 width=4) (actual time=1880.649..11366.425 rows=3358081 loops=1)
        Filter: ((person_id > 3445066) AND (role_id > 2))
        Rows Removed by Filter: 32886263
  ->  Hash  (cost=100917.78..100917.78 rows=2474 width=8) (actual time=1904.591..1904.591 rows=3033 loops=1)
        Buckets: 4096  Batches: 1  Memory Usage: 151kB
        ->  Hash Join  (cost=73982.55..100917.78 rows=2474 width=8) (actual time=1297.731..1903.563 rows=3033 loops=1)
              Hash Cond: (mi_idx.movie_id = t.id)
              ->  Seq Scan on movie_info_idx mi_idx  (cost=0.00..21735.35 rows=1380035 width=4) (actual time=0.021..310.612 rows=1380035 loops=1)
              ->  Hash  (cost=73925.90..73925.90 rows=4532 width=4) (actual time=1296.077..1296.077 rows=6454 loops=1)
                    Buckets: 8192  Batches: 1  Memory Usage: 291kB
                    ->  Seq Scan on title t  (cost=0.00..73925.90 rows=4532 width=4) (actual time=0.424..1292.908 rows=6454 loops=1)
                          Filter: ((kind_id = 7) AND (production_year = 1964))
                          Rows Removed by Filter: 2521858
Planning time: 1.218 ms
Execution time: 13804.533 ms
