Seq Scan on cast_info ci  (cost=0.00..796071.18 rows=3543499 width=0) (actual time=1047.176..11699.944 rows=1494700 loops=1)
  Filter: ((person_id < 519432) AND (role_id > 1))
  Rows Removed by Filter: 34749644
Planning time: 0.320 ms
Execution time: 11882.068 ms
