Seq Scan on movie_keyword mk  (cost=0.00..81003.12 rows=2453362 width=0) (actual time=0.025..3757.596 rows=2451777 loops=1)
  Filter: (keyword_id < 5862)
  Rows Removed by Filter: 2072153
Planning time: 0.319 ms
Execution time: 4143.324 ms
