Seq Scan on movie_keyword mk  (cost=0.00..81003.12 rows=246 width=0) (actual time=2.305..3175.272 rows=462 loops=1)
  Filter: (keyword_id = 4324)
  Rows Removed by Filter: 4523468
Planning time: 0.826 ms
Execution time: 3175.638 ms
