Hash Join  (cost=547692.12..734480.59 rows=3925851 width=0) (actual time=10609.907..31912.579 rows=85254687 loops=1)
  Hash Cond: (mk.movie_id = t.id)
  ->  Seq Scan on movie_keyword mk  (cost=0.00..81003.12 rows=4523167 width=4) (actual time=0.012..1945.075 rows=4523346 loops=1)
        Filter: (keyword_id < 133597)
        Rows Removed by Filter: 584
  ->  Hash  (cost=511686.41..511686.41 rows=2194617 width=8) (actual time=10607.959..10607.959 rows=2233850 loops=1)
        Buckets: 131072  Batches: 32  Memory Usage: 3671kB
        ->  Hash Join  (cost=102767.86..511686.41 rows=2194617 width=8) (actual time=3370.357..9927.572 rows=2233850 loops=1)
              Hash Cond: (mi.movie_id = t.id)
              ->  Seq Scan on movie_info mi  (cost=0.00..346232.03 rows=2194617 width=4) (actual time=1363.493..5644.932 rows=2233850 loops=1)
                    Filter: (info_type_id > 16)
                    Rows Removed by Filter: 12601870
              ->  Hash  (cost=61283.27..61283.27 rows=2528527 width=4) (actual time=1989.278..1989.278 rows=2528312 loops=1)
                    Buckets: 131072  Batches: 64  Memory Usage: 2425kB
                    ->  Seq Scan on title t  (cost=0.00..61283.27 rows=2528527 width=4) (actual time=0.014..1093.531 rows=2528312 loops=1)
Planning time: 8.262 ms
Execution time: 40827.018 ms
