Hash Join  (cost=82567.99..153491.70 rows=266541 width=0) (actual time=1454.241..3668.210 rows=366655 loops=1)
  Hash Cond: (mc.movie_id = t.id)
  ->  Seq Scan on movie_companies mc  (cost=0.00..51404.11 rows=1279517 width=4) (actual time=0.020..962.368 rows=1274246 loops=1)
        Filter: (company_type_id < 2)
        Rows Removed by Filter: 1334883
  ->  Hash  (cost=73925.90..73925.90 rows=526727 width=4) (actual time=1453.225..1453.225 rows=399363 loops=1)
        Buckets: 131072  Batches: 8  Memory Usage: 2788kB
        ->  Seq Scan on title t  (cost=0.00..73925.90 rows=526727 width=4) (actual time=45.423..1336.377 rows=399363 loops=1)
              Filter: ((production_year > 1976) AND (kind_id = 1))
              Rows Removed by Filter: 2128949
Planning time: 0.850 ms
Execution time: 3715.675 ms
