Seq Scan on cast_info ci  (cost=0.00..796071.18 rows=16288199 width=0) (actual time=3238.692..24567.244 rows=16341324 loops=1)
  Filter: ((person_id > 1970698) AND (role_id < 11))
  Rows Removed by Filter: 19903020
Planning time: 0.300 ms
Execution time: 26838.446 ms
