Hash Join  (cost=190230.21..1371396.57 rows=12175824 width=0) (actual time=4072.183..42639.563 rows=25883301 loops=1)
  Hash Cond: (ci.movie_id = t.id)
  ->  Seq Scan on cast_info ci  (cost=0.00..796071.18 rows=22308782 width=4) (actual time=0.014..18950.684 rows=23075782 loops=1)
        Filter: ((person_id > 175411) AND (role_id > 1))
        Rows Removed by Filter: 13168562
  ->  Hash  (cost=167588.78..167588.78 rows=1380035 width=8) (actual time=4069.958..4069.958 rows=1380035 loops=1)
        Buckets: 131072  Batches: 32  Memory Usage: 2708kB
        ->  Hash Join  (cost=102767.86..167588.78 rows=1380035 width=8) (actual time=1913.211..3728.499 rows=1380035 loops=1)
              Hash Cond: (mi_idx.movie_id = t.id)
              ->  Seq Scan on movie_info_idx mi_idx  (cost=0.00..21735.35 rows=1380035 width=4) (actual time=0.014..451.134 rows=1380035 loops=1)
              ->  Hash  (cost=61283.27..61283.27 rows=2528527 width=4) (actual time=1911.299..1911.299 rows=2528312 loops=1)
                    Buckets: 131072  Batches: 64  Memory Usage: 2415kB
                    ->  Seq Scan on title t  (cost=0.00..61283.27 rows=2528527 width=4) (actual time=0.015..1061.949 rows=2528312 loops=1)
Planning time: 1.008 ms
Execution time: 45523.053 ms
