Seq Scan on movie_keyword mk  (cost=0.00..81003.12 rows=246 width=0) (actual time=28.289..1228.617 rows=127 loops=1)
  Filter: (keyword_id = 33436)
  Rows Removed by Filter: 4523803
Planning time: 0.359 ms
Execution time: 1228.787 ms
