Hash Join  (cost=172112.39..532525.90 rows=42531 width=0) (actual time=6537.672..9431.894 rows=1151455 loops=1)
  Hash Cond: (mi.movie_id = t.id)
  ->  Seq Scan on movie_info mi  (cost=0.00..346232.03 rows=1158179 width=4) (actual time=3239.216..5385.719 rows=1204709 loops=1)
        Filter: (info_type_id > 18)
        Rows Removed by Filter: 13631011
  ->  Hash  (cost=170588.73..170588.73 rows=92853 width=8) (actual time=3297.428..3297.428 rows=147403 loops=1)
        Buckets: 131072  Batches: 2  Memory Usage: 3950kB
        ->  Hash Join  (cost=82131.75..170588.73 rows=92853 width=8) (actual time=1545.593..3247.345 rows=147403 loops=1)
              Hash Cond: (mk.movie_id = t.id)
              ->  Seq Scan on movie_keyword mk  (cost=0.00..81003.12 rows=265153 width=4) (actual time=0.042..1358.888 rows=283847 loops=1)
                    Filter: (keyword_id < 236)
                    Rows Removed by Filter: 4240083
              ->  Hash  (cost=67604.59..67604.59 rows=885453 width=4) (actual time=1544.824..1544.824 rows=885650 loops=1)
                    Buckets: 131072  Batches: 16  Memory Usage: 2979kB
                    ->  Seq Scan on title t  (cost=0.00..67604.59 rows=885453 width=4) (actual time=0.034..1252.789 rows=885650 loops=1)
                          Filter: (production_year < 1997)
                          Rows Removed by Filter: 1642662
Planning time: 1.144 ms
Execution time: 9574.149 ms
