Nested Loop  (cost=0.43..83072.29 rows=12 width=0) (actual time=8.546..1151.169 rows=103 loops=1)
  ->  Seq Scan on movie_keyword mk  (cost=0.00..81003.12 rows=246 width=4) (actual time=0.697..1106.551 rows=1422 loops=1)
        Filter: (keyword_id = 386)
        Rows Removed by Filter: 4522508
  ->  Index Scan using title_pkey on title t  (cost=0.43..8.40 rows=1 width=4) (actual time=0.030..0.030 rows=0 loops=1422)
        Index Cond: (id = mk.movie_id)
        Filter: (production_year = 2009)
        Rows Removed by Filter: 1
Planning time: 0.660 ms
Execution time: 1151.344 ms
