Hash Join  (cost=709675.59..1060251.67 rows=89 width=0) (actual time=13977.658..15475.185 rows=429 loops=1)
  Hash Cond: (mi.movie_id = t.id)
  ->  Seq Scan on movie_info mi  (cost=0.00..346232.03 rows=1158179 width=4) (actual time=3121.655..4494.568 rows=1204709 loops=1)
        Filter: (info_type_id > 18)
        Rows Removed by Filter: 13631011
  ->  Hash  (cost=709673.15..709673.15 rows=195 width=8) (actual time=10806.312..10806.312 rows=92 loops=1)
        Buckets: 1024  Batches: 1  Memory Usage: 12kB
        ->  Nested Loop  (cost=0.43..709673.15 rows=195 width=8) (actual time=759.562..10806.233 rows=92 loops=1)
              ->  Seq Scan on cast_info ci  (cost=0.00..705507.15 rows=500 width=4) (actual time=759.482..10798.405 rows=439 loops=1)
                    Filter: (person_id = 3246132)
                    Rows Removed by Filter: 36243905
              ->  Index Scan using title_pkey on title t  (cost=0.43..8.32 rows=1 width=4) (actual time=0.017..0.017 rows=0 loops=439)
                    Index Cond: (id = ci.movie_id)
                    Filter: (kind_id < 7)
                    Rows Removed by Filter: 1
Planning time: 0.806 ms
Execution time: 15475.407 ms
