Seq Scan on cast_info ci  (cost=0.00..705507.15 rows=500 width=0) (actual time=1043.958..11388.168 rows=20 loops=1)
  Filter: (person_id = 49118)
  Rows Removed by Filter: 36244324
Planning time: 3.116 ms
Execution time: 11388.262 ms
