Seq Scan on movie_keyword mk  (cost=0.00..81003.12 rows=1621714 width=0) (actual time=0.075..1281.323 rows=1631207 loops=1)
  Filter: (keyword_id > 9114)
  Rows Removed by Filter: 2892723
Planning time: 0.284 ms
Execution time: 1474.950 ms
