Hash Join  (cost=285813.89..1456851.44 rows=15099640 width=0) (actual time=8690.355..37396.856 rows=29144186 loops=1)
  Hash Cond: (ci.movie_id = t.id)
  ->  Seq Scan on cast_info ci  (cost=0.00..796071.18 rows=16786997 width=4) (actual time=1936.855..15888.962 rows=15500476 loops=1)
        Filter: ((person_id > 1663458) AND (role_id < 10))
        Rows Removed by Filter: 20743868
  ->  Hash  (cost=248499.27..248499.27 rows=2274370 width=8) (actual time=6752.092..6752.092 rows=1787851 loops=1)
        Buckets: 131072  Batches: 32  Memory Usage: 3286kB
        ->  Hash Join  (cost=89299.55..248499.27 rows=2274370 width=8) (actual time=1921.575..6241.741 rows=1787851 loops=1)
              Hash Cond: (mk.movie_id = t.id)
              ->  Seq Scan on movie_keyword mk  (cost=0.00..81003.12 rows=4349038 width=4) (actual time=0.021..1779.453 rows=4352803 loops=1)
                    Filter: (keyword_id < 72106)
                    Rows Removed by Filter: 171127
              ->  Hash  (cost=67604.59..67604.59 rows=1322317 width=4) (actual time=1918.741..1918.741 rows=1322863 loops=1)
                    Buckets: 131072  Batches: 32  Memory Usage: 2489kB
                    ->  Seq Scan on title t  (cost=0.00..67604.59 rows=1322317 width=4) (actual time=0.018..1480.585 rows=1322863 loops=1)
                          Filter: (production_year > 2001)
                          Rows Removed by Filter: 1205449
Planning time: 1.213 ms
Execution time: 40586.822 ms
