Hash Join  (cost=115475.81..203289.02 rows=115517 width=0) (actual time=2267.123..4009.225 rows=115263 loops=1)
  Hash Cond: (mk.movie_id = t.id)
  ->  Seq Scan on movie_keyword mk  (cost=0.00..69693.30 rows=4523930 width=4) (actual time=0.016..855.822 rows=4523930 loops=1)
  ->  Hash  (cost=114668.75..114668.75 rows=64565 width=8) (actual time=2260.990..2260.990 rows=36324 loops=1)
        Buckets: 65536  Batches: 1  Memory Usage: 1931kB
        ->  Hash Join  (cost=75867.62..114668.75 rows=64565 width=8) (actual time=1280.713..2248.361 rows=36324 loops=1)
              Hash Cond: (mi_idx.movie_id = t.id)
              ->  Seq Scan on movie_info_idx mi_idx  (cost=0.00..21735.35 rows=1380035 width=4) (actual time=0.026..473.208 rows=1380035 loops=1)
              ->  Hash  (cost=73925.90..73925.90 rows=118297 width=4) (actual time=1279.576..1279.576 rows=122606 loops=1)
                    Buckets: 131072  Batches: 2  Memory Usage: 3179kB
                    ->  Seq Scan on title t  (cost=0.00..73925.90 rows=118297 width=4) (actual time=0.016..1231.890 rows=122606 loops=1)
                          Filter: ((kind_id > 1) AND (production_year = 2011))
                          Rows Removed by Filter: 2405706
Planning time: 1.094 ms
Execution time: 4025.167 ms
