Seq Scan on movie_keyword mk  (cost=0.00..81003.12 rows=246 width=0) (actual time=65.578..1300.353 rows=32 loops=1)
  Filter: (keyword_id = 19761)
  Rows Removed by Filter: 4523898
Planning time: 0.331 ms
Execution time: 1300.466 ms
