Hash Join  (cost=155244.64..677698.13 rows=3996856 width=0) (actual time=3496.564..17762.746 rows=4975035 loops=1)
  Hash Cond: (mi.movie_id = t.id)
  ->  Seq Scan on movie_info mi  (cost=0.00..309384.22 rows=14739122 width=4) (actual time=0.013..6253.163 rows=14835720 loops=1)
  ->  Hash  (cost=143994.78..143994.78 rows=685669 width=8) (actual time=3495.463..3495.463 rows=542199 loops=1)
        Buckets: 131072  Batches: 16  Memory Usage: 2366kB
        ->  Hash Join  (cost=94537.60..143994.78 rows=685669 width=8) (actual time=2009.367..3361.781 rows=542199 loops=1)
              Hash Cond: (mi_idx.movie_id = t.id)
              ->  Seq Scan on movie_info_idx mi_idx  (cost=0.00..21735.35 rows=1380035 width=4) (actual time=0.014..436.378 rows=1380035 loops=1)
              ->  Hash  (cost=73925.90..73925.90 rows=1256296 width=4) (actual time=2007.942..2007.942 rows=1375227 loops=1)
                    Buckets: 131072  Batches: 32  Memory Usage: 2542kB
                    ->  Seq Scan on title t  (cost=0.00..73925.90 rows=1256296 width=4) (actual time=0.023..1568.565 rows=1375227 loops=1)
                          Filter: ((kind_id > 1) AND (production_year > 1992))
                          Rows Removed by Filter: 1153085
Planning time: 1.208 ms
Execution time: 18311.799 ms
