Hash Join  (cost=709678.15..1074363.23 rows=2915 width=0) (actual time=11363.302..18270.088 rows=50 loops=1)
  Hash Cond: (mi.movie_id = t.id)
  ->  Seq Scan on movie_info mi  (cost=0.00..309384.22 rows=14739122 width=4) (actual time=0.016..4431.239 rows=14835720 loops=1)
  ->  Hash  (cost=709671.90..709671.90 rows=500 width=8) (actual time=11153.881..11153.881 rows=28 loops=1)
        Buckets: 1024  Batches: 1  Memory Usage: 10kB
        ->  Nested Loop  (cost=0.43..709671.90 rows=500 width=8) (actual time=3006.965..11153.855 rows=28 loops=1)
              ->  Seq Scan on cast_info ci  (cost=0.00..705507.15 rows=500 width=4) (actual time=3006.831..11153.296 rows=28 loops=1)
                    Filter: (person_id = 3797590)
                    Rows Removed by Filter: 36244316
              ->  Index Only Scan using title_pkey on title t  (cost=0.43..8.32 rows=1 width=4) (actual time=0.017..0.018 rows=1 loops=28)
                    Index Cond: (id = ci.movie_id)
                    Heap Fetches: 28
Planning time: 1.142 ms
Execution time: 18270.207 ms
