Hash Join  (cost=513038.35..1643602.57 rows=10339407 width=0) (actual time=9386.562..44762.190 rows=18291010 loops=1)
  Hash Cond: (ci.movie_id = t.id)
  ->  Seq Scan on cast_info ci  (cost=0.00..796071.18 rows=19534659 width=4) (actual time=0.016..17154.995 rows=21902829 loops=1)
        Filter: ((person_id > 581478) AND (role_id > 1))
        Rows Removed by Filter: 14341515
  ->  Hash  (cost=491081.45..491081.45 rows=1338312 width=8) (actual time=9385.434..9385.434 rows=1401902 loops=1)
        Buckets: 131072  Batches: 32  Memory Usage: 2687kB
        ->  Hash Join  (cost=102767.86..491081.45 rows=1338312 width=8) (actual time=4659.172..8988.659 rows=1401902 loops=1)
              Hash Cond: (mi.movie_id = t.id)
              ->  Seq Scan on movie_info mi  (cost=0.00..346232.03 rows=1338312 width=4) (actual time=2411.203..5221.254 rows=1401902 loops=1)
                    Filter: (info_type_id = 7)
                    Rows Removed by Filter: 13433818
              ->  Hash  (cost=61283.27..61283.27 rows=2528527 width=4) (actual time=2246.373..2246.373 rows=2528312 loops=1)
                    Buckets: 131072  Batches: 64  Memory Usage: 2425kB
                    ->  Seq Scan on title t  (cost=0.00..61283.27 rows=2528527 width=4) (actual time=0.032..1074.716 rows=2528312 loops=1)
Planning time: 2.162 ms
Execution time: 46851.436 ms
