Hash Join  (cost=751691.49..2605878.67 rows=67245405 width=0) (actual time=36016.769..135910.389 rows=101980703 loops=1)
  Hash Cond: (ci.movie_id = t.id)
  ->  Seq Scan on cast_info ci  (cost=0.00..705507.15 rows=23499554 width=4) (actual time=0.026..49149.771 rows=23573656 loops=1)
        Filter: (role_id > 1)
        Rows Removed by Filter: 12670688
  ->  Hash  (cost=632983.31..632983.31 rows=7235534 width=8) (actual time=36014.279..36014.279 rows=7286865 loops=1)
        Buckets: 131072  Batches: 128  Memory Usage: 3236kB
        ->  Hash Join  (cost=102767.86..632983.31 rows=7235534 width=8) (actual time=6725.465..33254.463 rows=7286865 loops=1)
              Hash Cond: (mi.movie_id = t.id)
              ->  Seq Scan on movie_info mi  (cost=0.00..346232.03 rows=7235534 width=4) (actual time=693.879..18902.667 rows=7286865 loops=1)
                    Filter: (info_type_id < 8)
                    Rows Removed by Filter: 7548855
              ->  Hash  (cost=61283.27..61283.27 rows=2528527 width=4) (actual time=6030.492..6030.492 rows=2528312 loops=1)
                    Buckets: 131072  Batches: 64  Memory Usage: 2425kB
                    ->  Seq Scan on title t  (cost=0.00..61283.27 rows=2528527 width=4) (actual time=0.016..4425.289 rows=2528312 loops=1)
Planning time: 1.471 ms
Execution time: 149626.161 ms
