Seq Scan on cast_info ci  (cost=0.00..796071.18 rows=2061241 width=0) (actual time=22541.013..28052.100 rows=2659134 loops=1)
  Filter: ((person_id > 1722711) AND (role_id = 3))
  Rows Removed by Filter: 33585210
Planning time: 2.011 ms
Execution time: 28464.781 ms
