Seq Scan on title t  (cost=0.00..73925.90 rows=34552 width=0) (actual time=0.050..1259.429 rows=39508 loops=1)
  Filter: ((kind_id > 1) AND (production_year = 1998))
  Rows Removed by Filter: 2488804
Planning time: 0.375 ms
Execution time: 1267.022 ms
