Hash Join  (cost=89508.97..147133.84 rows=61539 width=0) (actual time=1497.084..2547.679 rows=38423 loops=1)
  Hash Cond: (mc.movie_id = t.id)
  ->  Seq Scan on movie_companies mc  (cost=0.00..51404.11 rows=163832 width=4) (actual time=0.027..782.621 rows=167708 loops=1)
        Filter: (company_id < 34)
        Rows Removed by Filter: 2441421
  ->  Hash  (cost=73925.90..73925.90 rows=949765 width=4) (actual time=1496.144..1496.144 rows=948674 loops=1)
        Buckets: 131072  Batches: 16  Memory Usage: 3108kB
        ->  Seq Scan on title t  (cost=0.00..73925.90 rows=949765 width=4) (actual time=0.019..1148.804 rows=948674 loops=1)
              Filter: ((kind_id < 7) AND (production_year > 1910))
              Rows Removed by Filter: 1579638
Planning time: 0.753 ms
Execution time: 2552.858 ms
