Hash Join  (cost=102767.86..1226238.02 rows=13195630 width=0) (actual time=1963.861..29246.734 rows=14868608 loops=1)
  Hash Cond: (ci.movie_id = t.id)
  ->  Seq Scan on cast_info ci  (cost=0.00..796071.18 rows=13195630 width=4) (actual time=0.231..15378.415 rows=14868608 loops=1)
        Filter: ((person_id < 1636492) AND (role_id < 8))
        Rows Removed by Filter: 21375736
  ->  Hash  (cost=61283.27..61283.27 rows=2528527 width=4) (actual time=1935.591..1935.591 rows=2528312 loops=1)
        Buckets: 131072  Batches: 64  Memory Usage: 2415kB
        ->  Seq Scan on title t  (cost=0.00..61283.27 rows=2528527 width=4) (actual time=0.015..1106.481 rows=2528312 loops=1)
Planning time: 0.781 ms
Execution time: 30921.367 ms
