Hash Join  (cost=246323.06..1471678.79 rows=18646757 width=0) (actual time=13304.177..101450.460 rows=57658755 loops=1)
  Hash Cond: (ci.movie_id = t.id)
  ->  Seq Scan on cast_info ci  (cost=0.00..614943.12 rows=36225612 width=4) (actual time=0.018..45941.068 rows=36244344 loops=1)
  ->  Hash  (cost=224968.89..224968.89 rows=1301533 width=8) (actual time=13302.746..13302.746 rows=1306212 loops=1)
        Buckets: 131072  Batches: 32  Memory Usage: 2615kB
        ->  Hash Join  (cost=102767.86..224968.89 rows=1301533 width=8) (actual time=5798.228..12813.881 rows=1306212 loops=1)
              Hash Cond: (mk.movie_id = t.id)
              ->  Seq Scan on movie_keyword mk  (cost=0.00..81003.12 rows=1301533 width=4) (actual time=0.018..5139.983 rows=1306212 loops=1)
                    Filter: (keyword_id < 1714)
                    Rows Removed by Filter: 3217718
              ->  Hash  (cost=61283.27..61283.27 rows=2528527 width=4) (actual time=5797.063..5797.063 rows=2528312 loops=1)
                    Buckets: 131072  Batches: 64  Memory Usage: 2425kB
                    ->  Seq Scan on title t  (cost=0.00..61283.27 rows=2528527 width=4) (actual time=0.011..4255.372 rows=2528312 loops=1)
Planning time: 3.780 ms
Execution time: 109305.305 ms
