Hash Join  (cost=663721.01..2496606.87 rows=55747270 width=0) (actual time=36693.453..146797.777 rows=119815587 loops=1)
  Hash Cond: (ci.movie_id = t.id)
  ->  Seq Scan on cast_info ci  (cost=0.00..614943.12 rows=36225612 width=4) (actual time=0.022..45304.719 rows=36244344 loops=1)
  ->  Hash  (cost=599881.92..599881.92 rows=3891127 width=8) (actual time=36692.687..36692.687 rows=5406838 loops=1)
        Buckets: 131072 (originally 131072)  Batches: 128 (originally 64)  Memory Usage: 3073kB
        ->  Hash Join  (cost=78556.72..599881.92 rows=3891127 width=8) (actual time=3371.181..34727.897 rows=5406838 loops=1)
              Hash Cond: (mi.movie_id = t.id)
              ->  Seq Scan on movie_info mi  (cost=0.00..309384.22 rows=14739122 width=4) (actual time=0.010..19781.982 rows=14835720 loops=1)
              ->  Hash  (cost=67604.59..67604.59 rows=667531 width=4) (actual time=3369.644..3369.644 rows=662834 loops=1)
                    Buckets: 131072  Batches: 16  Memory Usage: 2485kB
                    ->  Seq Scan on title t  (cost=0.00..67604.59 rows=667531 width=4) (actual time=0.021..3090.180 rows=662834 loops=1)
                          Filter: (production_year < 1989)
                          Rows Removed by Filter: 1865478
Planning time: 4.129 ms
Execution time: 163375.877 ms
