Hash Join  (cost=159129.65..1116843.82 rows=786636 width=0) (actual time=3469.958..25764.410 rows=1336349 loops=1)
  Hash Cond: (ci.movie_id = t.id)
  ->  Seq Scan on cast_info ci  (cost=0.00..705507.15 rows=21100176 width=4) (actual time=0.023..13895.664 rows=21244717 loops=1)
        Filter: (person_id > 1480543)
        Rows Removed by Filter: 14999627
  ->  Hash  (cost=157582.33..157582.33 rows=94266 width=8) (actual time=3467.362..3467.362 rows=64317 loops=1)
        Buckets: 131072  Batches: 2  Memory Usage: 2293kB
        ->  Hash Join  (cost=75464.55..157582.33 rows=94266 width=8) (actual time=1399.423..3440.789 rows=64317 loops=1)
              Hash Cond: (mc.movie_id = t.id)
              ->  Seq Scan on movie_companies mc  (cost=0.00..51404.11 rows=2542933 width=4) (actual time=0.017..1126.743 rows=2543998 loops=1)
                    Filter: (company_id < 180063)
                    Rows Removed by Filter: 65131
              ->  Hash  (cost=73925.90..73925.90 rows=93732 width=4) (actual time=1398.414..1398.414 rows=100592 loops=1)
                    Buckets: 131072  Batches: 2  Memory Usage: 2791kB
                    ->  Seq Scan on title t  (cost=0.00..73925.90 rows=93732 width=4) (actual time=0.064..1359.001 rows=100592 loops=1)
                          Filter: ((kind_id > 1) AND (production_year = 2009))
                          Rows Removed by Filter: 2427720
Planning time: 1.270 ms
Execution time: 25941.074 ms
