Hash Join  (cost=100766.14..202348.96 rows=1688088 width=0) (actual time=4966.061..10245.165 rows=1216931 loops=1)
  Hash Cond: (mc.movie_id = t.id)
  ->  Seq Scan on movie_companies mc  (cost=0.00..44881.29 rows=2609129 width=4) (actual time=0.016..2750.659 rows=2609129 loops=1)
  ->  Hash  (cost=73925.90..73925.90 rows=1635939 width=4) (actual time=4965.090..4965.090 rows=1747677 loops=1)
        Buckets: 131072  Batches: 32  Memory Usage: 2948kB
        ->  Seq Scan on title t  (cost=0.00..73925.90 rows=1635939 width=4) (actual time=0.013..4278.007 rows=1747677 loops=1)
              Filter: ((kind_id > 1) AND (production_year > 1959))
              Rows Removed by Filter: 780635
Planning time: 0.764 ms
Execution time: 10430.494 ms
