Hash Join  (cost=418785.58..1212763.93 rows=34784 width=0) (actual time=18427.468..68498.198 rows=154360 loops=1)
  Hash Cond: (ci.movie_id = t.id)
  ->  Seq Scan on cast_info ci  (cost=0.00..705507.15 rows=23499554 width=4) (actual time=0.016..42684.358 rows=23573656 loops=1)
        Filter: (role_id > 1)
        Rows Removed by Filter: 12670688
  ->  Hash  (cost=418738.80..418738.80 rows=3743 width=8) (actual time=18427.133..18427.133 rows=13084 loops=1)
        Buckets: 16384 (originally 4096)  Batches: 1 (originally 1)  Memory Usage: 640kB
        ->  Hash Join  (cost=67697.55..418738.80 rows=3743 width=8) (actual time=6086.987..18418.967 rows=13084 loops=1)
              Hash Cond: (mi.movie_id = t.id)
              ->  Seq Scan on movie_info mi  (cost=0.00..346232.03 rows=1272478 width=4) (actual time=3051.342..15017.404 rows=1325361 loops=1)
                    Filter: (info_type_id = 8)
                    Rows Removed by Filter: 13510359
              ->  Hash  (cost=67604.59..67604.59 rows=7437 width=4) (actual time=3035.532..3035.532 rows=21312 loops=1)
                    Buckets: 32768 (originally 8192)  Batches: 1 (originally 1)  Memory Usage: 1006kB
                    ->  Seq Scan on title t  (cost=0.00..67604.59 rows=7437 width=4) (actual time=0.049..3024.515 rows=21312 loops=1)
                          Filter: (production_year = 1989)
                          Rows Removed by Filter: 2507000
Planning time: 1.154 ms
Execution time: 68537.211 ms
