Seq Scan on movie_companies mc  (cost=0.00..57926.93 rows=235348 width=0) (actual time=274.250..2144.725 rows=113371 loops=1)
  Filter: ((company_id < 394) AND (company_type_id > 1))
  Rows Removed by Filter: 2495758
Planning time: 0.318 ms
Execution time: 2167.968 ms
