Seq Scan on movie_keyword mk  (cost=0.00..81003.12 rows=3090856 width=0) (actual time=0.012..4298.142 rows=3076828 loops=1)
  Filter: (keyword_id < 11544)
  Rows Removed by Filter: 1447102
Planning time: 0.276 ms
Execution time: 4841.121 ms
