Hash Join  (cost=190340.79..331905.18 rows=1605635 width=0) (actual time=10171.035..28472.040 rows=32466816 loops=1)
  Hash Cond: (mk.movie_id = t.id)
  ->  Seq Scan on movie_keyword mk  (cost=0.00..69693.30 rows=4523930 width=4) (actual time=0.025..5431.055 rows=4523930 loops=1)
  ->  Hash  (cost=175616.96..175616.96 rows=897426 width=8) (actual time=10169.318..10169.318 rows=1770929 loops=1)
        Buckets: 131072 (originally 131072)  Batches: 32 (originally 16)  Memory Usage: 3258kB
        ->  Hash Join  (cost=88195.18..175616.96 rows=897426 width=8) (actual time=3634.468..9518.511 rows=1770929 loops=1)
              Hash Cond: (mc.movie_id = t.id)
              ->  Seq Scan on movie_companies mc  (cost=0.00..44881.29 rows=2609129 width=4) (actual time=0.019..3174.025 rows=2609129 loops=1)
              ->  Hash  (cost=73925.90..73925.90 rows=869702 width=4) (actual time=3633.787..3633.787 rows=896788 loops=1)
                    Buckets: 131072  Batches: 16  Memory Usage: 2998kB
                    ->  Seq Scan on title t  (cost=0.00..73925.90 rows=869702 width=4) (actual time=0.015..3290.231 rows=896788 loops=1)
                          Filter: ((kind_id < 7) AND (production_year < 2012))
                          Rows Removed by Filter: 1631524
Planning time: 1.167 ms
Execution time: 33203.414 ms
