Hash Join  (cost=100908.38..451888.81 rows=792 width=0) (actual time=8565.058..20212.397 rows=636 loops=1)
  Hash Cond: (mi.movie_id = t.id)
  ->  Seq Scan on movie_info mi  (cost=0.00..346232.03 rows=1264125 width=4) (actual time=3099.271..14999.379 rows=1288928 loops=1)
        Filter: (info_type_id = 2)
        Rows Removed by Filter: 13546792
  ->  Hash  (cost=100888.56..100888.56 rows=1586 width=8) (actual time=4956.841..4956.841 rows=615 loops=1)
        Buckets: 2048  Batches: 1  Memory Usage: 41kB
        ->  Hash Join  (cost=73962.22..100888.56 rows=1586 width=8) (actual time=3421.667..4956.505 rows=615 loops=1)
              Hash Cond: (mi_idx.movie_id = t.id)
              ->  Seq Scan on movie_info_idx mi_idx  (cost=0.00..21735.35 rows=1380035 width=4) (actual time=0.020..1165.568 rows=1380035 loops=1)
              ->  Hash  (cost=73925.90..73925.90 rows=2905 width=4) (actual time=3418.205..3418.205 rows=2618 loops=1)
                    Buckets: 4096  Batches: 1  Memory Usage: 125kB
                    ->  Seq Scan on title t  (cost=0.00..73925.90 rows=2905 width=4) (actual time=144.436..3416.645 rows=2618 loops=1)
                          Filter: ((kind_id < 7) AND (production_year = 1903))
                          Rows Removed by Filter: 2525694
Planning time: 1.143 ms
Execution time: 20212.683 ms
