Seq Scan on movie_keyword mk  (cost=0.00..81003.12 rows=2364012 width=0) (actual time=0.027..3815.444 rows=2365735 loops=1)
  Filter: (keyword_id < 5349)
  Rows Removed by Filter: 2158195
Planning time: 0.214 ms
Execution time: 4179.357 ms
