Hash Join  (cost=102767.86..174422.47 rows=431046 width=0) (actual time=5516.580..9136.936 rows=431290 loops=1)
  Hash Cond: (mc.movie_id = t.id)
  ->  Seq Scan on movie_companies mc  (cost=0.00..51404.11 rows=431046 width=4) (actual time=0.023..2650.150 rows=431290 loops=1)
        Filter: (company_id < 312)
        Rows Removed by Filter: 2177839
  ->  Hash  (cost=61283.27..61283.27 rows=2528527 width=4) (actual time=5513.749..5513.749 rows=2528312 loops=1)
        Buckets: 131072  Batches: 64  Memory Usage: 2415kB
        ->  Seq Scan on title t  (cost=0.00..61283.27 rows=2528527 width=4) (actual time=0.012..4328.465 rows=2528312 loops=1)
Planning time: 0.715 ms
Execution time: 9194.501 ms
