Seq Scan on cast_info ci  (cost=0.00..796071.18 rows=11418204 width=0) (actual time=24867.636..44564.528 rows=12670688 loops=1)
  Filter: ((person_id < 3377831) AND (role_id < 2))
  Rows Removed by Filter: 23573656
Planning time: 5.067 ms
Execution time: 46722.831 ms
