Hash Join  (cost=86935.43..226222.08 rows=1418661 width=0) (actual time=2072.941..5770.394 rows=704488 loops=1)
  Hash Cond: (mk.movie_id = t.id)
  ->  Seq Scan on movie_keyword mk  (cost=0.00..69693.30 rows=4523930 width=4) (actual time=1.711..1494.021 rows=4523930 loops=1)
  ->  Hash  (cost=73925.90..73925.90 rows=792922 width=4) (actual time=2068.858..2068.858 rows=692469 loops=1)
        Buckets: 131072  Batches: 16  Memory Usage: 2555kB
        ->  Seq Scan on title t  (cost=0.00..73925.90 rows=792922 width=4) (actual time=0.012..1328.383 rows=692469 loops=1)
              Filter: ((kind_id > 1) AND (production_year < 2001))
              Rows Removed by Filter: 1835843
Planning time: 0.538 ms
Execution time: 5855.123 ms
