Seq Scan on movie_keyword mk  (cost=0.00..81003.12 rows=2345485 width=0) (actual time=0.023..4458.059 rows=2345284 loops=1)
  Filter: (keyword_id > 4289)
  Rows Removed by Filter: 2178646
Planning time: 0.294 ms
Execution time: 4871.989 ms
