Hash Join  (cost=466859.42..1551784.89 rows=4976529 width=0) (actual time=21578.059..90821.607 rows=1991694 loops=1)
  Hash Cond: (ci.movie_id = t.id)
  ->  Seq Scan on cast_info ci  (cost=0.00..614943.12 rows=36225612 width=4) (actual time=0.020..45568.881 rows=36244344 loops=1)
  ->  Hash  (cost=461160.43..461160.43 rows=347359 width=8) (actual time=21576.899..21576.899 rows=72670 loops=1)
        Buckets: 131072  Batches: 8  Memory Usage: 1373kB
        ->  Hash Join  (cost=98137.04..461160.43 rows=347359 width=8) (actual time=19154.945..21548.158 rows=72670 loops=1)
              Hash Cond: (mi.movie_id = t.id)
              ->  Seq Scan on movie_info mi  (cost=0.00..346232.03 rows=471955 width=4) (actual time=13197.137..15228.348 rows=543367 loops=1)
                    Filter: (info_type_id > 98)
                    Rows Removed by Filter: 14292353
              ->  Hash  (cost=67604.59..67604.59 rows=1860996 width=4) (actual time=5684.933..5684.933 rows=1865487 loops=1)
                    Buckets: 131072  Batches: 32  Memory Usage: 3085kB
                    ->  Seq Scan on title t  (cost=0.00..67604.59 rows=1860996 width=4) (actual time=0.023..4636.458 rows=1865487 loops=1)
                          Filter: (kind_id > 1)
                          Rows Removed by Filter: 662825
Planning time: 1.129 ms
Execution time: 91136.133 ms
