Hash Join  (cost=219297.62..1389461.70 rows=8866085 width=0) (actual time=10878.375..106260.176 rows=76094064 loops=1)
  Hash Cond: (ci.movie_id = t.id)
  ->  Seq Scan on cast_info ci  (cost=0.00..614943.12 rows=36225612 width=4) (actual time=0.023..47343.887 rows=36244344 loops=1)
  ->  Hash  (cost=209144.02..209144.02 rows=618848 width=8) (actual time=10855.198..10855.198 rows=1938482 loops=1)
        Buckets: 131072 (originally 131072)  Batches: 32 (originally 16)  Memory Usage: 3350kB
        ->  Hash Join  (cost=79601.51..209144.02 rows=618848 width=8) (actual time=3368.991..10138.132 rows=1938482 loops=1)
              Hash Cond: (mk.movie_id = t.id)
              ->  Seq Scan on movie_keyword mk  (cost=0.00..69693.30 rows=4523930 width=4) (actual time=0.019..3680.148 rows=4523930 loops=1)
              ->  Hash  (cost=73925.90..73925.90 rows=345888 width=4) (actual time=3368.208..3368.208 rows=457402 loops=1)
                    Buckets: 131072  Batches: 8  Memory Usage: 3054kB
                    ->  Seq Scan on title t  (cost=0.00..73925.90 rows=345888 width=4) (actual time=0.014..3165.278 rows=457402 loops=1)
                          Filter: ((kind_id < 7) AND (production_year < 1997))
                          Rows Removed by Filter: 2070910
Planning time: 1.325 ms
Execution time: 117026.927 ms
