Hash Join  (cost=244099.68..801443.51 rows=7266790 width=0) (actual time=11730.771..61416.762 rows=66106411 loops=1)
  Hash Cond: (mi.movie_id = t.id)
  ->  Seq Scan on movie_info mi  (cost=0.00..309384.22 rows=14739122 width=4) (actual time=0.014..18998.187 rows=14835720 loops=1)
  ->  Hash  (cost=223646.77..223646.77 rows=1246633 width=8) (actual time=11729.997..11729.997 rows=1258696 loops=1)
        Buckets: 131072  Batches: 32  Memory Usage: 2633kB
        ->  Hash Join  (cost=102767.86..223646.77 rows=1246633 width=8) (actual time=4987.683..11303.108 rows=1258696 loops=1)
              Hash Cond: (mk.movie_id = t.id)
              ->  Seq Scan on movie_keyword mk  (cost=0.00..81003.12 rows=1246633 width=4) (actual time=0.029..4630.821 rows=1258696 loops=1)
                    Filter: (keyword_id > 14257)
                    Rows Removed by Filter: 3265234
              ->  Hash  (cost=61283.27..61283.27 rows=2528527 width=4) (actual time=4986.849..4986.849 rows=2528312 loops=1)
                    Buckets: 131072  Batches: 64  Memory Usage: 2425kB
                    ->  Seq Scan on title t  (cost=0.00..61283.27 rows=2528527 width=4) (actual time=0.027..3821.787 rows=2528312 loops=1)
Planning time: 1.155 ms
Execution time: 71004.183 ms
