Hash Join  (cost=119934.21..1244849.52 rows=1792157 width=0) (actual time=6520.006..78538.253 rows=2191053 loops=1)
  Hash Cond: (ci.movie_id = t.id)
  ->  Seq Scan on cast_info ci  (cost=0.00..705507.15 rows=34678825 width=4) (actual time=0.016..52036.533 rows=34776805 loops=1)
        Filter: (person_id > 147637)
        Rows Removed by Filter: 1467539
  ->  Hash  (cost=117789.82..117789.82 rows=130671 width=8) (actual time=6514.991..6514.991 rows=54945 loops=1)
        Buckets: 131072  Batches: 2  Memory Usage: 2096kB
        ->  Hash Join  (cost=77854.63..117789.82 rows=130671 width=8) (actual time=4590.921..6496.011 rows=54945 loops=1)
              Hash Cond: (mi_idx.movie_id = t.id)
              ->  Seq Scan on movie_info_idx mi_idx  (cost=0.00..21735.35 rows=1380035 width=4) (actual time=0.026..1586.649 rows=1380035 loops=1)
              ->  Hash  (cost=73925.90..73925.90 rows=239418 width=4) (actual time=4176.681..4176.681 rows=256906 loops=1)
                    Buckets: 131072  Batches: 4  Memory Usage: 3296kB
                    ->  Seq Scan on title t  (cost=0.00..73925.90 rows=239418 width=4) (actual time=110.359..4073.782 rows=256906 loops=1)
                          Filter: ((production_year > 2010) AND (kind_id = 7))
                          Rows Removed by Filter: 2271406
Planning time: 16.267 ms
Execution time: 78867.272 ms
