Hash Join  (cost=74007.21..439042.26 rows=37913 width=0) (actual time=3197.154..24706.651 rows=27408 loops=1)
  Hash Cond: (mi.movie_id = t.id)
  ->  Seq Scan on movie_info mi  (cost=0.00..309384.22 rows=14739122 width=4) (actual time=0.023..17057.297 rows=14835720 loops=1)
  ->  Hash  (cost=73925.90..73925.90 rows=6504 width=4) (actual time=3197.052..3197.052 rows=3580 loops=1)
        Buckets: 8192  Batches: 1  Memory Usage: 190kB
        ->  Seq Scan on title t  (cost=0.00..73925.90 rows=6504 width=4) (actual time=874.763..3195.077 rows=3580 loops=1)
              Filter: ((kind_id = 3) AND (production_year = 2011))
              Rows Removed by Filter: 2524732
Planning time: 0.829 ms
Execution time: 24718.023 ms
