Seq Scan on cast_info ci  (cost=0.00..705507.15 rows=795862 width=0) (actual time=23055.837..34825.465 rows=827415 loops=1)
  Filter: (person_id > 3903036)
  Rows Removed by Filter: 35416929
Planning time: 0.302 ms
Execution time: 34954.885 ms
