Hash Join  (cost=307959.69..1311791.53 rows=8948805 width=0) (actual time=37306.174..69317.612 rows=9539986 loops=1)
  Hash Cond: (ci.movie_id = t.id)
  ->  Seq Scan on cast_info ci  (cost=0.00..796071.18 rows=7581379 width=4) (actual time=23371.123..46101.325 rows=8436691 loops=1)
        Filter: ((person_id > 692510) AND (role_id > 4))
        Rows Removed by Filter: 27807653
  ->  Hash  (cost=258993.34..258993.34 rows=2984588 width=8) (actual time=13932.045..13932.045 rows=1203219 loops=1)
        Buckets: 131072  Batches: 64  Memory Usage: 1737kB
        ->  Hash Join  (cost=94973.51..258993.34 rows=2984588 width=8) (actual time=5139.838..13535.491 rows=1203219 loops=1)
              Hash Cond: (mk.movie_id = t.id)
              ->  Seq Scan on movie_keyword mk  (cost=0.00..69693.30 rows=4523930 width=4) (actual time=0.027..4896.910 rows=4523930 loops=1)
              ->  Hash  (cost=67604.59..67604.59 rows=1668154 width=4) (actual time=5138.197..5138.197 rows=1674098 loops=1)
                    Buckets: 131072  Batches: 32  Memory Usage: 2875kB
                    ->  Seq Scan on title t  (cost=0.00..67604.59 rows=1668154 width=4) (actual time=0.023..4360.817 rows=1674098 loops=1)
                          Filter: (kind_id > 3)
                          Rows Removed by Filter: 854214
Planning time: 1.123 ms
Execution time: 70720.209 ms
