Hash Join  (cost=79907.83..160144.10 rows=376175 width=0) (actual time=3214.413..7862.965 rows=485778 loops=1)
  Hash Cond: (mc.movie_id = t.id)
  ->  Seq Scan on movie_companies mc  (cost=0.00..44881.29 rows=2609129 width=4) (actual time=0.019..2616.651 rows=2609129 loops=1)
  ->  Hash  (cost=73925.90..73925.90 rows=364554 width=4) (actual time=3213.526..3213.526 rows=274015 loops=1)
        Buckets: 131072  Batches: 8  Memory Usage: 2229kB
        ->  Seq Scan on title t  (cost=0.00..73925.90 rows=364554 width=4) (actual time=0.021..3100.950 rows=274015 loops=1)
              Filter: ((production_year > 2000) AND (kind_id = 1))
              Rows Removed by Filter: 2254297
Planning time: 0.759 ms
Execution time: 7931.997 ms
