Hash Join  (cost=87245.25..174397.52 rows=902589 width=0) (actual time=3514.977..8751.217 rows=1115608 loops=1)
  Hash Cond: (mc.movie_id = t.id)
  ->  Seq Scan on movie_companies mc  (cost=0.00..51404.11 rows=1906470 width=4) (actual time=0.024..3326.894 rows=1916403 loops=1)
        Filter: (company_id > 1283)
        Rows Removed by Filter: 692726
  ->  Hash  (cost=67604.59..67604.59 rows=1197093 width=4) (actual time=3514.244..3514.244 rows=1195923 loops=1)
        Buckets: 131072  Batches: 16  Memory Usage: 3653kB
        ->  Seq Scan on title t  (cost=0.00..67604.59 rows=1197093 width=4) (actual time=0.006..2993.939 rows=1195923 loops=1)
              Filter: (production_year < 2003)
              Rows Removed by Filter: 1332389
Planning time: 0.793 ms
Execution time: 8913.603 ms
