Hash Join  (cost=102767.86..265323.82 rows=2978636 width=0) (actual time=6158.862..14651.929 rows=2963426 loops=1)
  Hash Cond: (mk.movie_id = t.id)
  ->  Seq Scan on movie_keyword mk  (cost=0.00..81003.12 rows=2978636 width=4) (actual time=0.024..4881.019 rows=2963426 loops=1)
        Filter: (keyword_id < 10080)
        Rows Removed by Filter: 1560504
  ->  Hash  (cost=61283.27..61283.27 rows=2528527 width=4) (actual time=6157.151..6157.151 rows=2528312 loops=1)
        Buckets: 131072  Batches: 64  Memory Usage: 2425kB
        ->  Seq Scan on title t  (cost=0.00..61283.27 rows=2528527 width=4) (actual time=0.017..4599.565 rows=2528312 loops=1)
Planning time: 26.513 ms
Execution time: 15099.135 ms
