Hash Join  (cost=146761.30..496233.23 rows=20327 width=0) (actual time=14436.434..22146.552 rows=188739 loops=1)
  Hash Cond: (mi.movie_id = t.id)
  ->  Seq Scan on movie_info mi  (cost=0.00..346232.03 rows=809768 width=4) (actual time=7543.493..14995.367 rows=802140 loops=1)
        Filter: (info_type_id < 2)
        Rows Removed by Filter: 14033580
  ->  Hash  (cost=145967.90..145967.90 rows=63472 width=8) (actual time=6594.908..6594.908 rows=208954 loops=1)
        Buckets: 131072 (originally 65536)  Batches: 4 (originally 1)  Memory Usage: 3073kB
        ->  Hash Join  (cost=81615.04..145967.90 rows=63472 width=8) (actual time=4244.843..6518.690 rows=208954 loops=1)
              Hash Cond: (mc.movie_id = t.id)
              ->  Seq Scan on movie_companies mc  (cost=0.00..57926.93 rows=342454 width=4) (actual time=0.027..2225.073 rows=649043 loops=1)
                    Filter: ((company_id > 49249) AND (company_type_id > 1))
                    Rows Removed by Filter: 1960086
              ->  Hash  (cost=73925.90..73925.90 rows=468651 width=4) (actual time=3769.781..3769.781 rows=340746 loops=1)
                    Buckets: 131072  Batches: 8  Memory Usage: 2526kB
                    ->  Seq Scan on title t  (cost=0.00..73925.90 rows=468651 width=4) (actual time=0.018..3642.328 rows=340746 loops=1)
                          Filter: ((production_year > 1989) AND (kind_id = 1))
                          Rows Removed by Filter: 2187566
Planning time: 1.202 ms
Execution time: 22173.775 ms
