Seq Scan on movie_keyword mk  (cost=0.00..81003.12 rows=1503827 width=0) (actual time=0.019..3831.035 rows=1511685 loops=1)
  Filter: (keyword_id < 2193)
  Rows Removed by Filter: 3012245
Planning time: 0.319 ms
Execution time: 4063.708 ms
