Hash Join  (cost=78556.72..1106856.14 rows=4268216 width=0) (actual time=3619.952..69648.087 rows=5602928 loops=1)
  Hash Cond: (ci.movie_id = t.id)
  ->  Seq Scan on cast_info ci  (cost=0.00..796071.18 rows=16167487 width=4) (actual time=0.020..49142.130 rows=20435296 loops=1)
        Filter: ((person_id > 1101629) AND (role_id > 1))
        Rows Removed by Filter: 15809048
  ->  Hash  (cost=67604.59..67604.59 rows=667531 width=4) (actual time=3618.703..3618.703 rows=662825 loops=1)
        Buckets: 131072  Batches: 16  Memory Usage: 2476kB
        ->  Seq Scan on title t  (cost=0.00..67604.59 rows=667531 width=4) (actual time=715.892..3313.688 rows=662825 loops=1)
              Filter: (kind_id = 1)
              Rows Removed by Filter: 1865487
Planning time: 0.693 ms
Execution time: 70426.574 ms
