Hash Join  (cost=174638.24..1290382.96 rows=7976656 width=0) (actual time=8162.416..80512.668 rows=6509208 loops=1)
  Hash Cond: (ci.movie_id = t.id)
  ->  Seq Scan on cast_info ci  (cost=0.00..614943.12 rows=36225612 width=4) (actual time=0.022..46233.411 rows=36244344 loops=1)
  ->  Hash  (cost=165503.66..165503.66 rows=556766 width=8) (actual time=8161.224..8161.224 rows=320370 loops=1)
        Buckets: 131072  Batches: 8  Memory Usage: 2584kB
        ->  Hash Join  (cost=82778.48..165503.66 rows=556766 width=8) (actual time=3330.625..8028.916 rows=320370 loops=1)
              Hash Cond: (mc.movie_id = t.id)
              ->  Seq Scan on movie_companies mc  (cost=0.00..44881.29 rows=2609129 width=4) (actual time=0.021..2891.184 rows=2609129 loops=1)
              ->  Hash  (cost=73925.90..73925.90 rows=539566 width=4) (actual time=3306.287..3306.287 rows=428248 loops=1)
                    Buckets: 131072  Batches: 8  Memory Usage: 2890kB
                    ->  Seq Scan on title t  (cost=0.00..73925.90 rows=539566 width=4) (actual time=0.028..3117.712 rows=428248 loops=1)
                          Filter: ((production_year < 1997) AND (kind_id = 7))
                          Rows Removed by Filter: 2100064
Planning time: 1.108 ms
Execution time: 81477.054 ms
