Hash Join  (cost=74173.62..426339.86 rows=12148 width=0) (actual time=1128.179..6757.138 rows=19931 loops=1)
  Hash Cond: (mi.movie_id = t.id)
  ->  Seq Scan on movie_info mi  (cost=0.00..346232.03 rows=1550064 width=4) (actual time=0.012..5342.454 rows=1533909 loops=1)
        Filter: (info_type_id = 3)
        Rows Removed by Filter: 13301811
  ->  Hash  (cost=73925.90..73925.90 rows=19817 width=4) (actual time=1127.800..1127.800 rows=14357 loops=1)
        Buckets: 32768  Batches: 1  Memory Usage: 761kB
        ->  Seq Scan on title t  (cost=0.00..73925.90 rows=19817 width=4) (actual time=0.263..1121.277 rows=14357 loops=1)
              Filter: ((kind_id < 4) AND (production_year = 2001))
              Rows Removed by Filter: 2513955
Planning time: 0.808 ms
Execution time: 6760.415 ms
