Hash Join  (cost=102767.86..222554.50 rows=2431294 width=0) (actual time=6161.935..14091.906 rows=2428527 loops=1)
  Hash Cond: (mc.movie_id = t.id)
  ->  Seq Scan on movie_companies mc  (cost=0.00..51404.11 rows=2431294 width=4) (actual time=0.025..4192.170 rows=2428527 loops=1)
        Filter: (company_id > 34)
        Rows Removed by Filter: 180602
  ->  Hash  (cost=61283.27..61283.27 rows=2528527 width=4) (actual time=6160.387..6160.387 rows=2528312 loops=1)
        Buckets: 131072  Batches: 64  Memory Usage: 2415kB
        ->  Seq Scan on title t  (cost=0.00..61283.27 rows=2528527 width=4) (actual time=0.012..4699.892 rows=2528312 loops=1)
Planning time: 0.791 ms
Execution time: 14418.711 ms
