Hash Join  (cost=102767.86..203332.21 rows=1632507 width=0) (actual time=5482.234..10737.485 rows=1621295 loops=1)
  Hash Cond: (mc.movie_id = t.id)
  ->  Seq Scan on movie_companies mc  (cost=0.00..51404.11 rows=1632507 width=4) (actual time=0.018..3273.730 rows=1621295 loops=1)
        Filter: (company_id < 17126)
        Rows Removed by Filter: 987834
  ->  Hash  (cost=61283.27..61283.27 rows=2528527 width=4) (actual time=5480.440..5480.440 rows=2528312 loops=1)
        Buckets: 131072  Batches: 64  Memory Usage: 2415kB
        ->  Seq Scan on title t  (cost=0.00..61283.27 rows=2528527 width=4) (actual time=0.019..4343.707 rows=2528312 loops=1)
Planning time: 0.663 ms
Execution time: 10960.472 ms
