Hash Join  (cost=160526.42..248538.08 rows=744361 width=0) (actual time=9022.841..12786.661 rows=602211 loops=1)
  Hash Cond: (mc.movie_id = t.id)
  ->  Seq Scan on movie_companies mc  (cost=0.00..51404.11 rows=2238116 width=4) (actual time=0.027..3402.447 rows=2237699 loops=1)
        Filter: (company_id > 201)
        Rows Removed by Filter: 371430
  ->  Hash  (cost=146729.58..146729.58 rows=840947 width=8) (actual time=7913.568..7913.568 rows=425718 loops=1)
        Buckets: 131072  Batches: 16  Memory Usage: 2062kB
        ->  Hash Join  (cost=92883.59..146729.58 rows=840947 width=8) (actual time=4811.715..7760.773 rows=425718 loops=1)
              Hash Cond: (mi_idx.movie_id = t.id)
              ->  Seq Scan on movie_info_idx mi_idx  (cost=0.00..21735.35 rows=1380035 width=4) (actual time=0.013..1501.383 rows=1380035 loops=1)
              ->  Hash  (cost=67604.59..67604.59 rows=1540800 width=4) (actual time=4810.691..4810.691 rows=1543264 loops=1)
                    Buckets: 131072  Batches: 32  Memory Usage: 2722kB
                    ->  Seq Scan on title t  (cost=0.00..67604.59 rows=1540800 width=4) (actual time=0.014..4066.394 rows=1543264 loops=1)
                          Filter: (kind_id = 7)
                          Rows Removed by Filter: 985048
Planning time: 2.268 ms
Execution time: 12875.676 ms
