Nested Loop  (cost=97863.69..201982.90 rows=2665 width=0) (actual time=5757.579..8494.470 rows=444 loops=1)
  Join Filter: (mc.movie_id = t.id)
  ->  Hash Join  (cost=97863.26..179118.32 rows=35859 width=8) (actual time=5690.247..8358.651 rows=2150 loops=1)
        Hash Cond: (mc.movie_id = mk.movie_id)
        ->  Seq Scan on movie_companies mc  (cost=0.00..51404.11 rows=16785 width=4) (actual time=0.016..2407.517 rows=16220 loops=1)
              Filter: (company_id = 166)
              Rows Removed by Filter: 2592909
        ->  Hash  (cost=81003.12..81003.12 rows=1027611 width=4) (actual time=5646.491..5646.491 rows=1029701 loops=1)
              Buckets: 131072  Batches: 16  Memory Usage: 3311kB
              ->  Seq Scan on movie_keyword mk  (cost=0.00..81003.12 rows=1027611 width=4) (actual time=0.022..4882.355 rows=1029701 loops=1)
                    Filter: (keyword_id < 1013)
                    Rows Removed by Filter: 3494229
  ->  Index Scan using title_pkey on title t  (cost=0.43..0.63 rows=1 width=4) (actual time=0.063..0.063 rows=0 loops=2150)
        Index Cond: (id = mk.movie_id)
        Filter: (kind_id < 7)
        Rows Removed by Filter: 1
Planning time: 1.177 ms
Execution time: 8494.709 ms
