Seq Scan on movie_keyword mk  (cost=0.00..81003.12 rows=720232 width=0) (actual time=3.563..4532.969 rows=717292 loops=1)
  Filter: (keyword_id < 623)
  Rows Removed by Filter: 3806638
Planning time: 0.342 ms
Execution time: 4672.374 ms
