Nested Loop  (cost=0.43..83071.67 rows=246 width=0) (actual time=30.759..3383.635 rows=53 loops=1)
  ->  Seq Scan on movie_keyword mk  (cost=0.00..81003.12 rows=246 width=4) (actual time=30.658..3379.008 rows=53 loops=1)
        Filter: (keyword_id = 49679)
        Rows Removed by Filter: 4523877
  ->  Index Only Scan using title_pkey on title t  (cost=0.43..8.40 rows=1 width=4) (actual time=0.080..0.081 rows=1 loops=53)
        Index Cond: (id = mk.movie_id)
        Heap Fetches: 53
Planning time: 0.706 ms
Execution time: 3383.752 ms
