Seq Scan on movie_keyword mk  (cost=0.00..81003.12 rows=246 width=0) (actual time=0.047..3877.440 rows=91 loops=1)
  Filter: (keyword_id = 3892)
  Rows Removed by Filter: 4523839
Planning time: 0.319 ms
Execution time: 3877.601 ms
