Hash Join  (cost=128877.52..880850.79 rows=118411 width=0) (actual time=6723.071..60586.800 rows=83301 loops=1)
  Hash Cond: (ci.movie_id = t.id)
  ->  Seq Scan on cast_info ci  (cost=0.00..614943.12 rows=36225612 width=4) (actual time=0.015..36925.394 rows=36244344 loops=1)
  ->  Hash  (cost=128774.20..128774.20 rows=8265 width=8) (actual time=6715.327..6715.327 rows=56082 loops=1)
        Buckets: 65536 (originally 16384)  Batches: 1 (originally 1)  Memory Usage: 2703kB
        ->  Hash Join  (cost=74026.03..128774.20 rows=8265 width=8) (actual time=2991.552..6688.002 rows=56082 loops=1)
              Hash Cond: (mc.movie_id = t.id)
              ->  Seq Scan on movie_companies mc  (cost=0.00..44881.29 rows=2609129 width=4) (actual time=0.020..2672.471 rows=2609129 loops=1)
              ->  Hash  (cost=73925.90..73925.90 rows=8010 width=4) (actual time=2991.376..2991.376 rows=29104 loops=1)
                    Buckets: 32768 (originally 8192)  Batches: 1 (originally 1)  Memory Usage: 1280kB
                    ->  Seq Scan on title t  (cost=0.00..73925.90 rows=8010 width=4) (actual time=0.030..2974.043 rows=29104 loops=1)
                          Filter: ((production_year < 1911) AND (kind_id = 1))
                          Rows Removed by Filter: 2499208
Planning time: 1.173 ms
Execution time: 60605.569 ms
