Hash Join  (cost=81516.96..114592.27 rows=83091 width=0) (actual time=4358.480..6517.839 rows=115316 loops=1)
  Hash Cond: (mi_idx.movie_id = t.id)
  ->  Seq Scan on movie_info_idx mi_idx  (cost=0.00..25185.44 rows=454124 width=4) (actual time=0.015..1701.873 rows=459925 loops=1)
        Filter: (info_type_id = 100)
        Rows Removed by Filter: 920110
  ->  Hash  (cost=73925.90..73925.90 rows=462644 width=4) (actual time=4357.534..4357.534 rows=335285 loops=1)
        Buckets: 131072  Batches: 8  Memory Usage: 2503kB
        ->  Seq Scan on title t  (cost=0.00..73925.90 rows=462644 width=4) (actual time=0.013..4190.657 rows=335285 loops=1)
              Filter: ((production_year > 1990) AND (kind_id = 1))
              Rows Removed by Filter: 2193027
Planning time: 4.948 ms
Execution time: 6533.881 ms
