Seq Scan on movie_keyword mk  (cost=0.00..81003.12 rows=246 width=12) (actual time=0.265..1601.921 rows=1517 loops=1)
  Filter: (keyword_id = 6226)
  Rows Removed by Filter: 4522413
Planning time: 0.252 ms
Execution time: 1602.124 ms
