Seq Scan on movie_keyword mk  (cost=0.00..81003.12 rows=246 width=0) (actual time=0.240..3046.868 rows=3954 loops=1)
  Filter: (keyword_id = 16501)
  Rows Removed by Filter: 4519976
Planning time: 0.309 ms
Execution time: 3047.929 ms
