Hash Join  (cost=73950.44..160643.60 rows=3512 width=0) (actual time=2992.156..7754.540 rows=27168 loops=1)
  Hash Cond: (mk.movie_id = t.id)
  ->  Seq Scan on movie_keyword mk  (cost=0.00..69693.30 rows=4523930 width=4) (actual time=0.015..3640.822 rows=4523930 loops=1)
  ->  Hash  (cost=73925.90..73925.90 rows=1963 width=4) (actual time=2991.696..2991.696 rows=4189 loops=1)
        Buckets: 8192 (originally 2048)  Batches: 1 (originally 1)  Memory Usage: 212kB
        ->  Seq Scan on title t  (cost=0.00..73925.90 rows=1963 width=4) (actual time=102.884..2988.595 rows=4189 loops=1)
              Filter: ((kind_id = 1) AND (production_year = 1981))
              Rows Removed by Filter: 2524123
Planning time: 0.546 ms
Execution time: 7758.586 ms
