Hash Join  (cost=160212.76..926142.24 rows=1270931 width=0) (actual time=7709.015..40325.652 rows=2335017 loops=1)
  Hash Cond: (ci.movie_id = t.id)
  ->  Seq Scan on cast_info ci  (cost=0.00..705507.15 rows=3844004 width=4) (actual time=8.887..29460.417 rows=3722094 loops=1)
        Filter: (person_id < 356754)
        Rows Removed by Filter: 32522250
  ->  Hash  (cost=146496.78..146496.78 rows=835999 width=8) (actual time=7698.940..7698.940 rows=758770 loops=1)
        Buckets: 131072  Batches: 16  Memory Usage: 2875kB
        ->  Hash Join  (cost=92735.26..146496.78 rows=835999 width=8) (actual time=4575.537..7457.003 rows=758770 loops=1)
              Hash Cond: (mi_idx.movie_id = t.id)
              ->  Seq Scan on movie_info_idx mi_idx  (cost=0.00..21735.35 rows=1380035 width=4) (actual time=0.026..1333.673 rows=1380035 loops=1)
              ->  Hash  (cost=67604.59..67604.59 rows=1531734 width=4) (actual time=4574.029..4574.029 rows=1531613 loops=1)
                    Buckets: 131072  Batches: 32  Memory Usage: 2708kB
                    ->  Seq Scan on title t  (cost=0.00..67604.59 rows=1531734 width=4) (actual time=0.018..3993.235 rows=1531613 loops=1)
                          Filter: (production_year > 1997)
                          Rows Removed by Filter: 996699
Planning time: 4.560 ms
Execution time: 40606.417 ms
