Seq Scan on cast_info ci  (cost=0.00..796071.18 rows=7122691 width=0) (actual time=25581.501..37799.728 rows=1253681 loops=1)
  Filter: ((person_id > 1566542) AND (role_id = 1))
  Rows Removed by Filter: 34990663
Planning time: 0.361 ms
Execution time: 37997.436 ms
