Seq Scan on movie_keyword mk  (cost=0.00..81003.12 rows=246 width=0) (actual time=1.855..3139.647 rows=245 loops=1)
  Filter: (keyword_id = 9634)
  Rows Removed by Filter: 4523685
Planning time: 0.329 ms
Execution time: 3139.925 ms
