Hash Join  (cost=234704.89..1375609.80 rows=11601950 width=0) (actual time=6245.293..61885.612 rows=113493624 loops=1)
  Hash Cond: (ci.movie_id = t.id)
  ->  Seq Scan on cast_info ci  (cost=0.00..705507.15 rows=24562856 width=4) (actual time=0.029..15862.138 rows=24534477 loops=1)
        Filter: (person_id < 2521906)
        Rows Removed by Filter: 11709867
  ->  Hash  (cost=215109.93..215109.93 rows=1194317 width=8) (actual time=6243.255..6243.255 rows=2886675 loops=1)
        Buckets: 131072 (originally 131072)  Batches: 64 (originally 16)  Memory Usage: 3073kB
        ->  Hash Join  (cost=78556.72..215109.93 rows=1194317 width=8) (actual time=1317.591..5452.786 rows=2886675 loops=1)
              Hash Cond: (mk.movie_id = t.id)
              ->  Seq Scan on movie_keyword mk  (cost=0.00..69693.30 rows=4523930 width=4) (actual time=0.020..1441.758 rows=4523930 loops=1)
              ->  Hash  (cost=67604.59..67604.59 rows=667531 width=4) (actual time=1316.353..1316.353 rows=662825 loops=1)
                    Buckets: 131072  Batches: 16  Memory Usage: 2486kB
                    ->  Seq Scan on title t  (cost=0.00..67604.59 rows=667531 width=4) (actual time=217.132..1110.992 rows=662825 loops=1)
                          Filter: (kind_id = 1)
                          Rows Removed by Filter: 1865487
Planning time: 1.172 ms
Execution time: 74932.604 ms
