Seq Scan on movie_keyword mk  (cost=0.00..81003.12 rows=246 width=0) (actual time=531.678..4141.211 rows=32 loops=1)
  Filter: (keyword_id = 48679)
  Rows Removed by Filter: 4523898
Planning time: 0.314 ms
Execution time: 4141.326 ms
