Hash Join  (cost=257478.88..1565671.53 rows=22302654 width=0) (actual time=13923.458..108318.624 rows=73060528 loops=1)
  Hash Cond: (ci.movie_id = t.id)
  ->  Seq Scan on cast_info ci  (cost=0.00..614943.12 rows=36225612 width=4) (actual time=0.010..47140.550 rows=36244344 loops=1)
  ->  Hash  (cost=231938.98..231938.98 rows=1556712 width=8) (actual time=13922.218..13922.218 rows=1490266 loops=1)
        Buckets: 131072  Batches: 32  Memory Usage: 2805kB
        ->  Hash Join  (cost=103947.06..231938.98 rows=1556712 width=8) (actual time=6077.149..13416.723 rows=1490266 loops=1)
              Hash Cond: (mk.movie_id = t.id)
              ->  Seq Scan on movie_keyword mk  (cost=0.00..81003.12 rows=1776934 width=4) (actual time=0.020..4709.118 rows=1785156 loops=1)
                    Filter: (keyword_id < 2890)
                    Rows Removed by Filter: 2738774
              ->  Hash  (cost=67604.59..67604.59 rows=2215158 width=4) (actual time=6076.038..6076.038 rows=2203697 loops=1)
                    Buckets: 131072  Batches: 32  Memory Usage: 3457kB
                    ->  Seq Scan on title t  (cost=0.00..67604.59 rows=2215158 width=4) (actual time=0.008..4768.005 rows=2203697 loops=1)
                          Filter: (production_year > 1960)
                          Rows Removed by Filter: 324615
Planning time: 3.699 ms
Execution time: 118629.530 ms
