Seq Scan on cast_info ci  (cost=0.00..796071.18 rows=1390602 width=0) (actual time=4177.822..33114.123 rows=1151456 loops=1)
  Filter: ((person_id < 2941342) AND (role_id = 8))
  Rows Removed by Filter: 35092888
Planning time: 0.371 ms
Execution time: 33290.956 ms
