Hash Join  (cost=128478.61..268338.48 rows=636397 width=0) (actual time=6861.187..18090.635 rows=7311601 loops=1)
  Hash Cond: (mk.movie_id = t.id)
  ->  Seq Scan on movie_keyword mk  (cost=0.00..81003.12 rows=4416740 width=4) (actual time=0.021..5904.448 rows=4417563 loops=1)
        Filter: (keyword_id < 80882)
        Rows Removed by Filter: 106367
  ->  Hash  (cost=122500.50..122500.50 rows=364329 width=8) (actual time=6860.161..6860.161 rows=629900 loops=1)
        Buckets: 131072 (originally 131072)  Batches: 16 (originally 8)  Memory Usage: 3073kB
        ->  Hash Join  (cost=78556.72..122500.50 rows=364329 width=8) (actual time=3770.098..6624.789 rows=629900 loops=1)
              Hash Cond: (mi_idx.movie_id = t.id)
              ->  Seq Scan on movie_info_idx mi_idx  (cost=0.00..21735.35 rows=1380035 width=4) (actual time=0.028..1642.953 rows=1380035 loops=1)
              ->  Hash  (cost=67604.59..67604.59 rows=667531 width=4) (actual time=3769.019..3769.019 rows=662825 loops=1)
                    Buckets: 131072  Batches: 16  Memory Usage: 2476kB
                    ->  Seq Scan on title t  (cost=0.00..67604.59 rows=667531 width=4) (actual time=0.046..3452.538 rows=662825 loops=1)
                          Filter: (kind_id = 1)
                          Rows Removed by Filter: 1865487
Planning time: 7.885 ms
Execution time: 19204.704 ms
