Nested Loop  (cost=0.43..83072.90 rows=1 width=0) (actual time=1454.521..3693.357 rows=5 loops=1)
  ->  Seq Scan on movie_keyword mk  (cost=0.00..81003.12 rows=246 width=4) (actual time=35.758..3553.965 rows=930 loops=1)
        Filter: (keyword_id = 906)
        Rows Removed by Filter: 4523000
  ->  Index Scan using title_pkey on title t  (cost=0.43..8.40 rows=1 width=4) (actual time=0.148..0.148 rows=0 loops=930)
        Index Cond: (id = mk.movie_id)
        Filter: ((kind_id < 7) AND (production_year = 1982))
        Rows Removed by Filter: 1
Planning time: 0.720 ms
Execution time: 3693.467 ms
