Hash Join  (cost=102767.86..170134.39 rows=252826 width=0) (actual time=4806.776..7904.436 rows=248921 loops=1)
  Hash Cond: (mc.movie_id = t.id)
  ->  Seq Scan on movie_companies mc  (cost=0.00..51404.11 rows=252826 width=4) (actual time=0.015..2238.065 rows=248921 loops=1)
        Filter: (company_id < 119)
        Rows Removed by Filter: 2360208
  ->  Hash  (cost=61283.27..61283.27 rows=2528527 width=4) (actual time=4805.206..4805.206 rows=2528312 loops=1)
        Buckets: 131072  Batches: 64  Memory Usage: 2415kB
        ->  Seq Scan on title t  (cost=0.00..61283.27 rows=2528527 width=4) (actual time=0.010..3878.488 rows=2528312 loops=1)
Planning time: 4.629 ms
Execution time: 7931.310 ms
