Hash Join  (cost=132035.23..498856.91 rows=216576 width=0) (actual time=2556.917..10608.090 rows=256123 loops=1)
  Hash Cond: (mi.movie_id = t.id)
  ->  Seq Scan on movie_info mi  (cost=0.00..309384.22 rows=14739122 width=4) (actual time=0.019..4421.133 rows=14835720 loops=1)
  ->  Hash  (cost=131570.80..131570.80 rows=37154 width=8) (actual time=2556.380..2556.380 rows=25605 loops=1)
        Buckets: 65536  Batches: 1  Memory Usage: 1513kB
        ->  Hash Join  (cost=74809.10..131570.80 rows=37154 width=8) (actual time=1602.463..2546.445 rows=25605 loops=1)
              Hash Cond: (mc.movie_id = t.id)
              ->  Seq Scan on movie_companies mc  (cost=0.00..51404.11 rows=1329612 width=4) (actual time=331.371..935.036 rows=1334883 loops=1)
                    Filter: (company_type_id = 2)
                    Rows Removed by Filter: 1274246
              ->  Hash  (cost=73925.90..73925.90 rows=70656 width=4) (actual time=1270.419..1270.419 rows=79548 loops=1)
                    Buckets: 131072  Batches: 1  Memory Usage: 3821kB
                    ->  Seq Scan on title t  (cost=0.00..73925.90 rows=70656 width=4) (actual time=0.021..1237.061 rows=79548 loops=1)
                          Filter: ((kind_id > 1) AND (production_year = 2005))
                          Rows Removed by Filter: 2448764
Planning time: 1.208 ms
Execution time: 10646.017 ms
