Seq Scan on cast_info ci  (cost=0.00..796071.18 rows=274631 width=0) (actual time=10244.589..13909.278 rows=95430 loops=1)
  Filter: ((person_id < 2896694) AND (role_id > 10))
  Rows Removed by Filter: 36148914
Planning time: 0.340 ms
Execution time: 13920.394 ms
