Hash Join  (cost=127518.22..262983.88 rows=421118 width=0) (actual time=4073.834..5827.192 rows=276384 loops=1)
  Hash Cond: (mk.movie_id = t.id)
  ->  Seq Scan on movie_keyword mk  (cost=0.00..81003.12 rows=4261429 width=4) (actual time=0.025..1776.860 rows=4243816 loops=1)
        Filter: (keyword_id > 231)
        Rows Removed by Filter: 280114
  ->  Hash  (cost=123417.83..123417.83 rows=249871 width=8) (actual time=2425.441..2425.441 rows=127518 loops=1)
        Buckets: 131072  Batches: 4  Memory Usage: 2289kB
        ->  Hash Join  (cost=81437.64..123417.83 rows=249871 width=8) (actual time=1198.858..2384.405 rows=127518 loops=1)
              Hash Cond: (mi_idx.movie_id = t.id)
              ->  Seq Scan on movie_info_idx mi_idx  (cost=0.00..21735.35 rows=1380035 width=4) (actual time=0.020..518.829 rows=1380035 loops=1)
              ->  Hash  (cost=73925.90..73925.90 rows=457819 width=4) (actual time=1197.737..1197.737 rows=344212 loops=1)
                    Buckets: 131072  Batches: 8  Memory Usage: 2523kB
                    ->  Seq Scan on title t  (cost=0.00..73925.90 rows=457819 width=4) (actual time=0.013..1089.463 rows=344212 loops=1)
                          Filter: ((production_year < 1993) AND (kind_id = 7))
                          Rows Removed by Filter: 2184100
Planning time: 1.163 ms
Execution time: 5862.237 ms
