Seq Scan on title t  (cost=0.00..73925.90 rows=15375 width=0) (actual time=77.177..881.778 rows=8740 loops=1)
  Filter: ((kind_id = 1) AND (production_year = 2001))
  Rows Removed by Filter: 2519572
Planning time: 0.428 ms
Execution time: 883.609 ms
