Seq Scan on cast_info ci  (cost=0.00..705507.15 rows=500 width=0) (actual time=618.984..10590.557 rows=1 loops=1)
  Filter: (person_id = 3967115)
  Rows Removed by Filter: 36244343
Planning time: 0.386 ms
Execution time: 10590.663 ms
