Hash Join  (cost=94555.35..978450.96 rows=2493502 width=0) (actual time=5253.926..21722.025 rows=3694838 loops=1)
  Hash Cond: (ci.movie_id = t.id)
  ->  Seq Scan on cast_info ci  (cost=0.00..796071.18 rows=5014242 width=4) (actual time=3539.614..15411.277 rows=6413374 loops=1)
        Filter: ((person_id < 2567163) AND (role_id = 2))
        Rows Removed by Filter: 29830970
  ->  Hash  (cost=73925.90..73925.90 rows=1257396 width=4) (actual time=1713.147..1713.147 rows=1340616 loops=1)
        Buckets: 131072  Batches: 32  Memory Usage: 2502kB
        ->  Seq Scan on title t  (cost=0.00..73925.90 rows=1257396 width=4) (actual time=0.042..1299.074 rows=1340616 loops=1)
              Filter: ((production_year > 1971) AND (kind_id = 7))
              Rows Removed by Filter: 1187696
Planning time: 0.728 ms
Execution time: 22133.383 ms
