Seq Scan on movie_keyword mk  (cost=0.00..81003.12 rows=246 width=0) (actual time=50.882..3238.340 rows=50 loops=1)
  Filter: (keyword_id = 25619)
  Rows Removed by Filter: 4523880
Planning time: 0.357 ms
Execution time: 3238.461 ms
