Hash Join  (cost=203967.11..568019.28 rows=134947 width=0) (actual time=8513.548..10138.416 rows=682797 loops=1)
  Hash Cond: (mi.movie_id = t.id)
  ->  Seq Scan on movie_info mi  (cost=0.00..346232.03 rows=1338312 width=4) (actual time=4500.397..5352.472 rows=1401902 loops=1)
        Filter: (info_type_id = 7)
        Rows Removed by Filter: 13433818
  ->  Hash  (cost=199784.10..199784.10 rows=254961 width=8) (actual time=4012.351..4012.351 rows=272446 loops=1)
        Buckets: 131072  Batches: 4  Memory Usage: 3721kB
        ->  Hash Join  (cost=102767.86..199784.10 rows=254961 width=8) (actual time=2028.107..3931.557 rows=272446 loops=1)
              Hash Cond: (mk.movie_id = t.id)
              ->  Seq Scan on movie_keyword mk  (cost=0.00..81003.12 rows=254961 width=4) (actual time=0.040..1287.016 rows=272446 loops=1)
                    Filter: (keyword_id < 231)
                    Rows Removed by Filter: 4251484
              ->  Hash  (cost=61283.27..61283.27 rows=2528527 width=4) (actual time=2026.749..2026.749 rows=2528312 loops=1)
                    Buckets: 131072  Batches: 64  Memory Usage: 2425kB
                    ->  Seq Scan on title t  (cost=0.00..61283.27 rows=2528527 width=4) (actual time=0.016..1166.837 rows=2528312 loops=1)
Planning time: 0.929 ms
Execution time: 10217.922 ms
