Hash Join  (cost=138995.27..634241.62 rows=1447044 width=0) (actual time=3062.406..15642.444 rows=1201117 loops=1)
  Hash Cond: (mi.movie_id = t.id)
  ->  Seq Scan on movie_info mi  (cost=0.00..309384.22 rows=14739122 width=4) (actual time=0.023..5970.313 rows=14835720 loops=1)
  ->  Hash  (cost=134922.24..134922.24 rows=248243 width=8) (actual time=3008.019..3008.019 rows=140813 loops=1)
        Buckets: 131072  Batches: 4  Memory Usage: 2402kB
        ->  Hash Join  (cost=96603.40..134922.24 rows=248243 width=8) (actual time=1947.367..2959.076 rows=140813 loops=1)
              Hash Cond: (mi_idx.movie_id = t.id)
              ->  Seq Scan on movie_info_idx mi_idx  (cost=0.00..25185.44 rows=454124 width=4) (actual time=0.021..477.105 rows=459925 loops=1)
                    Filter: (info_type_id = 100)
                    Rows Removed by Filter: 920110
              ->  Hash  (cost=73925.90..73925.90 rows=1382200 width=4) (actual time=1946.163..1946.163 rows=1460524 loops=1)
                    Buckets: 131072  Batches: 32  Memory Usage: 2630kB
                    ->  Seq Scan on title t  (cost=0.00..73925.90 rows=1382200 width=4) (actual time=229.948..1479.521 rows=1460524 loops=1)
                          Filter: ((production_year > 1954) AND (kind_id = 7))
                          Rows Removed by Filter: 1067788
Planning time: 1.213 ms
Execution time: 15790.679 ms
