Hash Join  (cost=187143.20..304086.86 rows=599887 width=0) (actual time=4217.067..6870.062 rows=194666 loops=1)
  Hash Cond: (mk.movie_id = t.id)
  ->  Seq Scan on movie_keyword mk  (cost=0.00..81003.12 rows=2373511 width=4) (actual time=0.025..1548.775 rows=2375137 loops=1)
        Filter: (keyword_id < 5417)
        Rows Removed by Filter: 2148793
  ->  Hash  (cost=176657.87..176657.87 rows=639066 width=8) (actual time=4216.041..4216.041 rows=256038 loops=1)
        Buckets: 131072  Batches: 16  Memory Usage: 1645kB
        ->  Hash Join  (cost=92883.59..176657.87 rows=639066 width=8) (actual time=1695.752..4141.108 rows=256038 loops=1)
              Hash Cond: (mc.movie_id = t.id)
              ->  Seq Scan on movie_companies mc  (cost=0.00..57926.93 rows=1048738 width=4) (actual time=0.017..1118.895 rows=778851 loops=1)
                    Filter: ((company_id < 71740) AND (company_type_id = 2))
                    Rows Removed by Filter: 1830278
              ->  Hash  (cost=67604.59..67604.59 rows=1540800 width=4) (actual time=1694.432..1694.432 rows=1543264 loops=1)
                    Buckets: 131072  Batches: 32  Memory Usage: 2722kB
                    ->  Seq Scan on title t  (cost=0.00..67604.59 rows=1540800 width=4) (actual time=0.025..1213.891 rows=1543264 loops=1)
                          Filter: (kind_id = 7)
                          Rows Removed by Filter: 985048
Planning time: 1.170 ms
Execution time: 6894.732 ms
