Hash Join  (cost=106528.45..472114.88 rows=93048 width=0) (actual time=1985.428..8768.839 rows=87550 loops=1)
  Hash Cond: (mi.movie_id = t.id)
  ->  Seq Scan on movie_info mi  (cost=0.00..309384.22 rows=14739122 width=4) (actual time=0.020..3898.917 rows=14835720 loops=1)
  ->  Hash  (cost=106328.91..106328.91 rows=15963 width=8) (actual time=1984.130..1984.130 rows=9458 loops=1)
        Buckets: 16384  Batches: 1  Memory Usage: 498kB
        ->  Hash Join  (cost=75384.88..106328.91 rows=15963 width=8) (actual time=1313.714..1980.414 rows=9458 loops=1)
              Hash Cond: (mi_idx.movie_id = t.id)
              ->  Seq Scan on movie_info_idx mi_idx  (cost=0.00..25185.44 rows=454124 width=4) (actual time=0.021..483.695 rows=459925 loops=1)
                    Filter: (info_type_id = 100)
                    Rows Removed by Filter: 920110
              ->  Hash  (cost=73925.90..73925.90 rows=88878 width=4) (actual time=1312.851..1312.851 rows=96722 loops=1)
                    Buckets: 131072  Batches: 2  Memory Usage: 2730kB
                    ->  Seq Scan on title t  (cost=0.00..73925.90 rows=88878 width=4) (actual time=0.062..1248.037 rows=96722 loops=1)
                          Filter: ((kind_id > 2) AND (production_year = 2008))
                          Rows Removed by Filter: 2431590
Planning time: 1.221 ms
Execution time: 8782.253 ms
