Hash Join  (cost=92883.59..186543.34 rows=213874 width=0) (actual time=2988.589..3525.165 rows=33888 loops=1)
  Hash Cond: (mk.movie_id = t.id)
  ->  Seq Scan on movie_keyword mk  (cost=0.00..81003.12 rows=350978 width=4) (actual time=0.027..1335.270 rows=348694 loops=1)
        Filter: (keyword_id > 47750)
        Rows Removed by Filter: 4175236
  ->  Hash  (cost=67604.59..67604.59 rows=1540800 width=4) (actual time=1763.972..1763.972 rows=1543264 loops=1)
        Buckets: 131072  Batches: 32  Memory Usage: 2728kB
        ->  Seq Scan on title t  (cost=0.00..67604.59 rows=1540800 width=4) (actual time=0.017..1263.577 rows=1543264 loops=1)
              Filter: (kind_id = 7)
              Rows Removed by Filter: 985048
Planning time: 0.724 ms
Execution time: 3529.535 ms
