Hash Join  (cost=85113.64..1219274.88 rows=9769407 width=0) (actual time=1428.114..34199.629 rows=7393187 loops=1)
  Hash Cond: (ci.movie_id = t.id)
  ->  Seq Scan on cast_info ci  (cost=0.00..614943.12 rows=36225612 width=4) (actual time=0.014..13532.263 rows=36244344 loops=1)
  ->  Hash  (cost=73925.90..73925.90 rows=681899 width=4) (actual time=1427.525..1427.525 rows=565062 loops=1)
        Buckets: 131072  Batches: 16  Memory Usage: 2266kB
        ->  Seq Scan on title t  (cost=0.00..73925.90 rows=681899 width=4) (actual time=0.012..1244.039 rows=565062 loops=1)
              Filter: ((kind_id > 1) AND (production_year < 1998))
              Rows Removed by Filter: 1963250
Planning time: 0.502 ms
Execution time: 35028.724 ms
