Hash Join  (cost=420343.98..1171142.74 rows=954 width=0) (actual time=8157.525..22345.773 rows=36 loops=1)
  Hash Cond: (ci.movie_id = t.id)
  ->  Seq Scan on cast_info ci  (cost=0.00..614943.12 rows=36225612 width=4) (actual time=0.017..9058.379 rows=36244344 loops=1)
  ->  Hash  (cost=420343.14..420343.14 rows=67 width=8) (actual time=6381.937..6381.937 rows=3 loops=1)
        Buckets: 1024  Batches: 1  Memory Usage: 9kB
        ->  Hash Join  (cost=74043.18..420343.14 rows=67 width=8) (actual time=3985.736..6381.915 rows=3 loops=1)
              Hash Cond: (mi.movie_id = t.id)
              ->  Seq Scan on movie_info mi  (cost=0.00..346232.03 rows=17937 width=4) (actual time=2909.776..5310.798 rows=18205 loops=1)
                    Filter: (info_type_id = 11)
                    Rows Removed by Filter: 14817515
              ->  Hash  (cost=73925.90..73925.90 rows=9382 width=4) (actual time=1067.605..1067.605 rows=4696 loops=1)
                    Buckets: 16384  Batches: 1  Memory Usage: 294kB
                    ->  Seq Scan on title t  (cost=0.00..73925.90 rows=9382 width=4) (actual time=435.012..1065.288 rows=4696 loops=1)
                          Filter: ((production_year > 2011) AND (kind_id = 3))
                          Rows Removed by Filter: 2523616
Planning time: 1.210 ms
Execution time: 22345.992 ms
