Hash Join  (cost=128695.20..922604.30 rows=27863 width=0) (actual time=2442.654..21475.982 rows=169768 loops=1)
  Hash Cond: (ci.movie_id = t.id)
  ->  Seq Scan on cast_info ci  (cost=0.00..705507.15 rows=23499554 width=4) (actual time=0.025..14642.629 rows=23573656 loops=1)
        Filter: (role_id > 1)
        Rows Removed by Filter: 12670688
  ->  Hash  (cost=128657.72..128657.72 rows=2998 width=8) (actual time=2442.509..2442.509 rows=11989 loops=1)
        Buckets: 16384 (originally 4096)  Batches: 1 (originally 1)  Memory Usage: 597kB
        ->  Hash Join  (cost=73962.22..128657.72 rows=2998 width=8) (actual time=1145.500..2436.795 rows=11989 loops=1)
              Hash Cond: (mc.movie_id = t.id)
              ->  Seq Scan on movie_companies mc  (cost=0.00..44881.29 rows=2609129 width=4) (actual time=0.017..745.649 rows=2609129 loops=1)
              ->  Hash  (cost=73925.90..73925.90 rows=2905 width=4) (actual time=1145.118..1145.118 rows=5878 loops=1)
                    Buckets: 8192 (originally 4096)  Batches: 1 (originally 1)  Memory Usage: 271kB
                    ->  Seq Scan on title t  (cost=0.00..73925.90 rows=2905 width=4) (actual time=0.289..1141.998 rows=5878 loops=1)
                          Filter: ((kind_id < 7) AND (production_year = 1973))
                          Rows Removed by Filter: 2522434
Planning time: 1.142 ms
Execution time: 21501.340 ms
