Hash Join  (cost=74165.24..161165.85 rows=34257 width=0) (actual time=1701.130..3115.473 rows=20542 loops=1)
  Hash Cond: (mk.movie_id = t.id)
  ->  Seq Scan on movie_keyword mk  (cost=0.00..69693.30 rows=4523930 width=4) (actual time=0.022..1048.352 rows=4523930 loops=1)
  ->  Hash  (cost=73925.90..73925.90 rows=19147 width=4) (actual time=1223.933..1223.933 rows=17623 loops=1)
        Buckets: 32768  Batches: 1  Memory Usage: 876kB
        ->  Seq Scan on title t  (cost=0.00..73925.90 rows=19147 width=4) (actual time=0.028..1216.155 rows=17623 loops=1)
              Filter: ((production_year > 2009) AND (kind_id = 2))
              Rows Removed by Filter: 2510689
Planning time: 0.766 ms
Execution time: 3120.284 ms
