Hash Join  (cost=129938.78..1206119.86 rows=4125286 width=0) (actual time=3198.582..37864.132 rows=17022020 loops=1)
  Hash Cond: (ci.movie_id = t.id)
  ->  Seq Scan on cast_info ci  (cost=0.00..614943.12 rows=36225612 width=4) (actual time=0.017..13088.748 rows=36244344 loops=1)
  ->  Hash  (cost=125214.49..125214.49 rows=287943 width=8) (actual time=3197.584..3197.584 rows=639517 loops=1)
        Buckets: 131072 (originally 131072)  Batches: 8 (originally 4)  Memory Usage: 4163kB
        ->  Hash Join  (cost=82581.58..125214.49 rows=287943 width=8) (actual time=1690.129..3023.743 rows=639517 loops=1)
              Hash Cond: (mi_idx.movie_id = t.id)
              ->  Seq Scan on movie_info_idx mi_idx  (cost=0.00..21735.35 rows=1380035 width=4) (actual time=0.023..434.008 rows=1380035 loops=1)
              ->  Hash  (cost=73925.90..73925.90 rows=527574 width=4) (actual time=1689.237..1689.237 rows=609532 loops=1)
                    Buckets: 131072  Batches: 8  Memory Usage: 3715kB
                    ->  Seq Scan on title t  (cost=0.00..73925.90 rows=527574 width=4) (actual time=0.039..1194.825 rows=609532 loops=1)
                          Filter: ((kind_id < 7) AND (production_year < 2005))
                          Rows Removed by Filter: 1918780
Planning time: 1.241 ms
Execution time: 39809.728 ms
