Hash Join  (cost=69283.60..555453.96 rows=596443 width=0) (actual time=1046.011..12540.670 rows=803708 loops=1)
  Hash Cond: (mi.movie_id = t.id)
  ->  Seq Scan on movie_info mi  (cost=0.00..309384.22 rows=14739122 width=4) (actual time=0.023..5776.281 rows=14835720 loops=1)
  ->  Hash  (cost=67604.59..67604.59 rows=102321 width=4) (actual time=1045.196..1045.196 rows=100537 loops=1)
        Buckets: 131072  Batches: 2  Memory Usage: 2803kB
        ->  Seq Scan on title t  (cost=0.00..67604.59 rows=102321 width=4) (actual time=254.234..1007.333 rows=100537 loops=1)
              Filter: (kind_id = 3)
              Rows Removed by Filter: 2427775
Planning time: 0.756 ms
Execution time: 12657.007 ms
