Hash Join  (cost=102700.17..157789.29 rows=42359 width=0) (actual time=2084.923..3928.792 rows=248352 loops=1)
  Hash Cond: (mc.movie_id = t.id)
  ->  Seq Scan on movie_companies mc  (cost=0.00..44881.29 rows=2609129 width=4) (actual time=0.014..769.719 rows=2609129 loops=1)
  ->  Hash  (cost=102187.05..102187.05 rows=41050 width=8) (actual time=2084.536..2084.536 rows=87651 loops=1)
        Buckets: 131072 (originally 65536)  Batches: 2 (originally 1)  Memory Usage: 3073kB
        ->  Hash Join  (cost=74866.07..102187.05 rows=41050 width=8) (actual time=1620.219..2053.791 rows=87651 loops=1)
              Hash Cond: (mi_idx.movie_id = t.id)
              ->  Seq Scan on movie_info_idx mi_idx  (cost=0.00..21735.35 rows=1380035 width=4) (actual time=0.018..316.143 rows=1380035 loops=1)
              ->  Hash  (cost=73925.90..73925.90 rows=75213 width=4) (actual time=1369.514..1369.514 rows=70463 loops=1)
                    Buckets: 131072  Batches: 1  Memory Usage: 3502kB
                    ->  Seq Scan on title t  (cost=0.00..73925.90 rows=75213 width=4) (actual time=713.661..1341.523 rows=70463 loops=1)
                          Filter: ((production_year > 1985) AND (kind_id = 3))
                          Rows Removed by Filter: 2457849
Planning time: 1.054 ms
Execution time: 3960.479 ms
