Seq Scan on movie_keyword mk  (cost=0.00..81003.12 rows=3971819 width=0) (actual time=0.024..1613.364 rows=3972207 loops=1)
  Filter: (keyword_id > 394)
  Rows Removed by Filter: 551723
Planning time: 0.292 ms
Execution time: 2117.944 ms
