Hash Join  (cost=190230.21..330640.07 rows=1732087 width=0) (actual time=4014.121..9096.508 rows=7363446 loops=1)
  Hash Cond: (mk.movie_id = t.id)
  ->  Seq Scan on movie_keyword mk  (cost=0.00..81003.12 rows=3173564 width=4) (actual time=0.017..1886.616 rows=3162332 loops=1)
        Filter: (keyword_id < 12326)
        Rows Removed by Filter: 1361598
  ->  Hash  (cost=167588.78..167588.78 rows=1380035 width=8) (actual time=4012.734..4012.734 rows=1380035 loops=1)
        Buckets: 131072  Batches: 32  Memory Usage: 2726kB
        ->  Hash Join  (cost=102767.86..167588.78 rows=1380035 width=8) (actual time=1923.106..3664.576 rows=1380035 loops=1)
              Hash Cond: (mi_idx.movie_id = t.id)
              ->  Seq Scan on movie_info_idx mi_idx  (cost=0.00..21735.35 rows=1380035 width=4) (actual time=0.019..396.432 rows=1380035 loops=1)
              ->  Hash  (cost=61283.27..61283.27 rows=2528527 width=4) (actual time=1922.236..1922.236 rows=2528312 loops=1)
                    Buckets: 131072  Batches: 64  Memory Usage: 2415kB
                    ->  Seq Scan on title t  (cost=0.00..61283.27 rows=2528527 width=4) (actual time=0.005..1096.318 rows=2528312 loops=1)
Planning time: 1.119 ms
Execution time: 9892.768 ms
