Hash Join  (cost=94666.80..196442.10 rows=1702037 width=0) (actual time=1789.842..4734.999 rows=1402623 loops=1)
  Hash Cond: (mc.movie_id = t.id)
  ->  Seq Scan on movie_companies mc  (cost=0.00..44881.29 rows=2609129 width=4) (actual time=0.024..974.853 rows=2609129 loops=1)
  ->  Hash  (cost=67604.59..67604.59 rows=1649457 width=4) (actual time=1788.770..1788.770 rows=1643514 loops=1)
        Buckets: 131072  Batches: 32  Memory Usage: 2831kB
        ->  Seq Scan on title t  (cost=0.00..67604.59 rows=1649457 width=4) (actual time=0.021..1237.095 rows=1643514 loops=1)
              Filter: (production_year > 1994)
              Rows Removed by Filter: 884798
Planning time: 0.725 ms
Execution time: 4906.078 ms
