Seq Scan on movie_keyword mk  (cost=0.00..81003.12 rows=246 width=0) (actual time=86.811..1332.000 rows=30 loops=1)
  Filter: (keyword_id = 33675)
  Rows Removed by Filter: 4523900
Planning time: 0.353 ms
Execution time: 1332.100 ms
