Seq Scan on movie_companies mc  (cost=0.00..51404.11 rows=2108755 width=0) (actual time=0.959..984.871 rows=2110620 loops=1)
  Filter: (company_id > 442)
  Rows Removed by Filter: 498509
Planning time: 0.318 ms
Execution time: 1254.766 ms
