Seq Scan on movie_keyword mk  (cost=0.00..81003.12 rows=246 width=0) (actual time=107.737..1217.650 rows=6 loops=1)
  Filter: (keyword_id = 15336)
  Rows Removed by Filter: 4523924
Planning time: 0.386 ms
Execution time: 1217.748 ms
