Hash Join  (cost=336713.51..2057693.95 rows=53669720 width=0) (actual time=7750.357..84731.613 rows=184655447 loops=1)
  Hash Cond: (ci.movie_id = t.id)
  ->  Seq Scan on cast_info ci  (cost=0.00..614943.12 rows=36225612 width=4) (actual time=0.010..13857.822 rows=36244344 loops=1)
  ->  Hash  (cost=275253.06..275253.06 rows=3746116 width=8) (actual time=7749.027..7749.027 rows=3558265 loops=1)
        Buckets: 131072  Batches: 64  Memory Usage: 3145kB
        ->  Hash Join  (cost=101955.95..275253.06 rows=3746116 width=8) (actual time=2168.344..6806.121 rows=3558265 loops=1)
              Hash Cond: (mk.movie_id = t.id)
              ->  Seq Scan on movie_keyword mk  (cost=0.00..69693.30 rows=4523930 width=4) (actual time=0.013..1425.092 rows=4523930 loops=1)
              ->  Hash  (cost=67604.59..67604.59 rows=2093789 width=4) (actual time=2167.457..2167.457 rows=2089788 loops=1)
                    Buckets: 131072  Batches: 32  Memory Usage: 3334kB
                    ->  Seq Scan on title t  (cost=0.00..67604.59 rows=2093789 width=4) (actual time=0.012..1475.662 rows=2089788 loops=1)
                          Filter: (production_year > 1969)
                          Rows Removed by Filter: 438524
Planning time: 0.791 ms
Execution time: 104981.220 ms
