Seq Scan on movie_companies mc  (cost=0.00..51404.11 rows=4436 width=0) (actual time=1.582..792.035 rows=3890 loops=1)
  Filter: (company_id = 240)
  Rows Removed by Filter: 2605239
Planning time: 0.440 ms
Execution time: 792.921 ms
