Seq Scan on cast_info ci  (cost=0.00..705507.15 rows=6577925 width=0) (actual time=175.190..11625.974 rows=6499848 loops=1)
  Filter: (person_id < 627648)
  Rows Removed by Filter: 29744496
Planning time: 0.344 ms
Execution time: 12435.179 ms
