Hash Join  (cost=160212.76..540548.74 rows=685685 width=0) (actual time=4473.796..10433.412 rows=1128147 loops=1)
  Hash Cond: (mi.movie_id = t.id)
  ->  Seq Scan on movie_info mi  (cost=0.00..346232.03 rows=2073893 width=4) (actual time=941.641..5476.431 rows=2091068 loops=1)
        Filter: (info_type_id < 3)
        Rows Removed by Filter: 12744652
  ->  Hash  (cost=146496.78..146496.78 rows=835999 width=8) (actual time=3531.327..3531.327 rows=758770 loops=1)
        Buckets: 131072  Batches: 16  Memory Usage: 2886kB
        ->  Hash Join  (cost=92735.26..146496.78 rows=835999 width=8) (actual time=1757.392..3298.600 rows=758770 loops=1)
              Hash Cond: (mi_idx.movie_id = t.id)
              ->  Seq Scan on movie_info_idx mi_idx  (cost=0.00..21735.35 rows=1380035 width=4) (actual time=0.015..418.393 rows=1380035 loops=1)
              ->  Hash  (cost=67604.59..67604.59 rows=1531734 width=4) (actual time=1755.818..1755.818 rows=1531613 loops=1)
                    Buckets: 131072  Batches: 32  Memory Usage: 2708kB
                    ->  Seq Scan on title t  (cost=0.00..67604.59 rows=1531734 width=4) (actual time=0.021..1270.536 rows=1531613 loops=1)
                          Filter: (production_year > 1997)
                          Rows Removed by Filter: 996699
Planning time: 1.164 ms
Execution time: 10561.939 ms
