Seq Scan on movie_keyword mk  (cost=0.00..81003.12 rows=246 width=0) (actual time=1.323..1268.188 rows=640 loops=1)
  Filter: (keyword_id = 18168)
  Rows Removed by Filter: 4523290
Planning time: 0.341 ms
Execution time: 1268.526 ms
