Hash Join  (cost=67697.55..436217.60 rows=17345 width=0) (actual time=2172.392..7446.671 rows=12125 loops=1)
  Hash Cond: (mi.movie_id = t.id)
  ->  Seq Scan on movie_info mi  (cost=0.00..346232.03 rows=5897221 width=4) (actual time=1190.464..5653.034 rows=5884963 loops=1)
        Filter: (info_type_id < 7)
        Rows Removed by Filter: 8950757
  ->  Hash  (cost=67604.59..67604.59 rows=7437 width=4) (actual time=905.696..905.696 rows=3066 loops=1)
        Buckets: 8192  Batches: 1  Memory Usage: 172kB
        ->  Seq Scan on title t  (cost=0.00..67604.59 rows=7437 width=4) (actual time=6.151..904.115 rows=3066 loops=1)
              Filter: (production_year = 1922)
              Rows Removed by Filter: 2525246
Planning time: 0.757 ms
Execution time: 7449.154 ms
