Seq Scan on cast_info ci  (cost=0.00..796071.18 rows=5642480 width=0) (actual time=9478.526..13784.614 rows=2570573 loops=1)
  Filter: ((person_id < 2173217) AND (role_id > 4))
  Rows Removed by Filter: 33673771
Planning time: 0.340 ms
Execution time: 14107.663 ms
