Seq Scan on cast_info ci  (cost=0.00..796071.18 rows=3094738 width=0) (actual time=4434.008..13203.770 rows=2684 loops=1)
  Filter: ((person_id < 1501732) AND (role_id = 2))
  Rows Removed by Filter: 36241660
Planning time: 0.379 ms
Execution time: 13204.449 ms
