Seq Scan on movie_companies mc  (cost=0.00..57926.93 rows=346085 width=0) (actual time=137.357..919.080 rows=190410 loops=1)
  Filter: ((company_id < 1073) AND (company_type_id = 2))
  Rows Removed by Filter: 2418719
Planning time: 0.397 ms
Execution time: 944.169 ms
