Seq Scan on cast_info ci  (cost=0.00..796071.18 rows=16 width=0) (actual time=2596.197..10208.669 rows=1 loops=1)
  Filter: ((person_id = 1126045) AND (role_id = 9))
  Rows Removed by Filter: 36244343
Planning time: 0.433 ms
Execution time: 10208.776 ms
