Seq Scan on movie_companies mc  (cost=0.00..51404.11 rows=104 width=0) (actual time=147.135..747.834 rows=1 loops=1)
  Filter: (company_id = 99011)
  Rows Removed by Filter: 2609128
Planning time: 0.383 ms
Execution time: 747.911 ms
