Hash Join  (cost=102767.86..244394.22 rows=2108876 width=0) (actual time=1894.681..6249.997 rows=2115656 loops=1)
  Hash Cond: (mk.movie_id = t.id)
  ->  Seq Scan on movie_keyword mk  (cost=0.00..81003.12 rows=2108876 width=4) (actual time=0.025..1626.352 rows=2115656 loops=1)
        Filter: (keyword_id < 3855)
        Rows Removed by Filter: 2408274
  ->  Hash  (cost=61283.27..61283.27 rows=2528527 width=4) (actual time=1893.637..1893.637 rows=2528312 loops=1)
        Buckets: 131072  Batches: 64  Memory Usage: 2425kB
        ->  Seq Scan on title t  (cost=0.00..61283.27 rows=2528527 width=4) (actual time=0.021..1037.530 rows=2528312 loops=1)
Planning time: 0.755 ms
Execution time: 6503.368 ms
