Nested Loop  (cost=0.43..83071.67 rows=246 width=0) (actual time=22.181..1210.156 rows=135 loops=1)
  ->  Seq Scan on movie_keyword mk  (cost=0.00..81003.12 rows=246 width=4) (actual time=22.085..1199.511 rows=135 loops=1)
        Filter: (keyword_id = 21003)
        Rows Removed by Filter: 4523795
  ->  Index Only Scan using title_pkey on title t  (cost=0.43..8.40 rows=1 width=4) (actual time=0.075..0.075 rows=1 loops=135)
        Index Cond: (id = mk.movie_id)
        Heap Fetches: 135
Planning time: 0.774 ms
Execution time: 1210.311 ms
