Nested Loop  (cost=0.43..83071.67 rows=246 width=0) (actual time=1.154..1308.384 rows=224 loops=1)
  ->  Seq Scan on movie_keyword mk  (cost=0.00..81003.12 rows=246 width=4) (actual time=1.092..1277.381 rows=224 loops=1)
        Filter: (keyword_id = 71694)
        Rows Removed by Filter: 4523706
  ->  Index Only Scan using title_pkey on title t  (cost=0.43..8.40 rows=1 width=4) (actual time=0.135..0.136 rows=1 loops=224)
        Index Cond: (id = mk.movie_id)
        Heap Fetches: 224
Planning time: 0.726 ms
Execution time: 1308.601 ms
