Hash Join  (cost=68973.60..100015.97 rows=15343 width=0) (actual time=907.097..1600.966 rows=5173 loops=1)
  Hash Cond: (mi_idx.movie_id = t.id)
  ->  Seq Scan on movie_info_idx mi_idx  (cost=0.00..25185.44 rows=464934 width=4) (actual time=0.026..501.226 rows=460185 loops=1)
        Filter: (info_type_id > 100)
        Rows Removed by Filter: 919850
  ->  Hash  (cost=67604.59..67604.59 rows=83441 width=4) (actual time=906.108..906.108 rows=81647 loops=1)
        Buckets: 131072  Batches: 2  Memory Usage: 2455kB
        ->  Seq Scan on title t  (cost=0.00..67604.59 rows=83441 width=4) (actual time=58.709..877.442 rows=81647 loops=1)
              Filter: (production_year < 1919)
              Rows Removed by Filter: 2446665
Planning time: 0.743 ms
Execution time: 1602.177 ms
