Nested Loop  (cost=59795.17..431373.66 rows=3628 width=0) (actual time=4965.512..7505.233 rows=45816 loops=1)
  ->  Hash Join  (cost=59794.74..416201.65 rows=18745 width=8) (actual time=4965.421..6626.793 rows=45816 loops=1)
        Hash Cond: (mi.movie_id = mc.movie_id)
        ->  Seq Scan on movie_info mi  (cost=0.00..346232.03 rows=17937 width=4) (actual time=3991.774..5526.231 rows=61128 loops=1)
              Filter: (info_type_id = 103)
              Rows Removed by Filter: 14774592
        ->  Hash  (cost=51404.11..51404.11 rows=511410 width=4) (actual time=952.784..952.784 rows=517176 loops=1)
              Buckets: 131072  Batches: 8  Memory Usage: 3315kB
              ->  Seq Scan on movie_companies mc  (cost=0.00..51404.11 rows=511410 width=4) (actual time=264.210..779.554 rows=517176 loops=1)
                    Filter: (company_id > 73505)
                    Rows Removed by Filter: 2091953
  ->  Index Only Scan using title_pkey on title t  (cost=0.43..0.80 rows=1 width=4) (actual time=0.018..0.019 rows=1 loops=45816)
        Index Cond: (id = mc.movie_id)
        Heap Fetches: 45816
Planning time: 1.160 ms
Execution time: 7514.962 ms
