Seq Scan on movie_keyword mk  (cost=0.00..81003.12 rows=1851622 width=0) (actual time=0.022..1238.219 rows=1856751 loops=1)
  Filter: (keyword_id > 7444)
  Rows Removed by Filter: 2667179
Planning time: 0.352 ms
Execution time: 1470.919 ms
