Seq Scan on movie_keyword mk  (cost=0.00..81003.12 rows=2041404 width=0) (actual time=0.014..1478.685 rows=2043678 loops=1)
  Filter: (keyword_id < 3654)
  Rows Removed by Filter: 2480252
Planning time: 2.059 ms
Execution time: 1733.739 ms
