Hash Join  (cost=123741.96..249897.88 rows=340888 width=0) (actual time=2707.795..6488.762 rows=2524815 loops=1)
  Hash Cond: (mk.movie_id = t.id)
  ->  Seq Scan on movie_keyword mk  (cost=0.00..69693.30 rows=4523930 width=4) (actual time=0.018..1324.298 rows=4523930 loops=1)
  ->  Hash  (cost=120615.34..120615.34 rows=190530 width=8) (actual time=2706.901..2706.901 rows=246428 loops=1)
        Buckets: 131072  Batches: 4  Memory Usage: 3440kB
        ->  Hash Join  (cost=79653.55..120615.34 rows=190530 width=8) (actual time=1757.539..2625.342 rows=246428 loops=1)
              Hash Cond: (mi_idx.movie_id = t.id)
              ->  Seq Scan on movie_info_idx mi_idx  (cost=0.00..21735.35 rows=1380035 width=4) (actual time=0.014..481.301 rows=1380035 loops=1)
              ->  Hash  (cost=73925.90..73925.90 rows=349092 width=4) (actual time=1080.315..1080.315 rows=265275 loops=1)
                    Buckets: 131072  Batches: 8  Memory Usage: 2190kB
                    ->  Seq Scan on title t  (cost=0.00..73925.90 rows=349092 width=4) (actual time=0.081..995.582 rows=265275 loops=1)
                          Filter: ((kind_id < 2) AND (production_year > 2001))
                          Rows Removed by Filter: 2263037
Planning time: 0.887 ms
Execution time: 6735.525 ms
