Hash Join  (cost=102767.86..1278109.76 rows=15351306 width=0) (actual time=5334.710..32663.983 rows=15601345 loops=1)
  Hash Cond: (ci.movie_id = t.id)
  ->  Seq Scan on cast_info ci  (cost=0.00..796071.18 rows=15351306 width=4) (actual time=3366.315..16893.931 rows=15601345 loops=1)
        Filter: ((person_id > 181670) AND (role_id > 2))
        Rows Removed by Filter: 20642999
  ->  Hash  (cost=61283.27..61283.27 rows=2528527 width=4) (actual time=1967.243..1967.243 rows=2528312 loops=1)
        Buckets: 131072  Batches: 64  Memory Usage: 2415kB
        ->  Seq Scan on title t  (cost=0.00..61283.27 rows=2528527 width=4) (actual time=0.026..1141.291 rows=2528312 loops=1)
Planning time: 0.533 ms
Execution time: 34377.938 ms
