Seq Scan on movie_companies mc  (cost=0.00..51404.11 rows=104 width=0) (actual time=40.111..751.645 rows=561 loops=1)
  Filter: (company_id = 14267)
  Rows Removed by Filter: 2608568
Planning time: 0.280 ms
Execution time: 751.857 ms
