Seq Scan on cast_info ci  (cost=0.00..705507.15 rows=31898990 width=0) (actual time=0.016..13353.792 rows=32050178 loops=1)
  Filter: (person_id > 403628)
  Rows Removed by Filter: 4194166
Planning time: 0.393 ms
Execution time: 17281.830 ms
