Hash Join  (cost=156485.47..1214064.38 rows=2314374 width=0) (actual time=3139.306..33252.634 rows=9342942 loops=1)
  Hash Cond: (ci.movie_id = t.id)
  ->  Seq Scan on cast_info ci  (cost=0.00..614943.12 rows=36225612 width=4) (actual time=0.018..12452.379 rows=36244344 loops=1)
  ->  Hash  (cost=153834.20..153834.20 rows=161542 width=8) (actual time=3138.490..3138.490 rows=164779 loops=1)
        Buckets: 131072  Batches: 4  Memory Usage: 2603kB
        ->  Hash Join  (cost=77347.14..153834.20 rows=161542 width=8) (actual time=1179.638..3088.159 rows=164779 loops=1)
              Hash Cond: (mc.movie_id = t.id)
              ->  Seq Scan on movie_companies mc  (cost=0.00..51404.11 rows=1959072 width=4) (actual time=0.018..1066.765 rows=1954130 loops=1)
                    Filter: (company_id < 53642)
                    Rows Removed by Filter: 654999
              ->  Hash  (cost=73925.90..73925.90 rows=208499 width=4) (actual time=1178.818..1178.818 rows=182393 loops=1)
                    Buckets: 131072  Batches: 4  Memory Usage: 2628kB
                    ->  Seq Scan on title t  (cost=0.00..73925.90 rows=208499 width=4) (actual time=17.921..1119.917 rows=182393 loops=1)
                          Filter: ((production_year > 2007) AND (kind_id = 1))
                          Rows Removed by Filter: 2345919
Planning time: 1.229 ms
Execution time: 34296.498 ms
