Hash Join  (cost=102767.86..1303153.60 rows=20155852 width=0) (actual time=1932.666..32756.632 rows=20031217 loops=1)
  Hash Cond: (ci.movie_id = t.id)
  ->  Seq Scan on cast_info ci  (cost=0.00..705507.15 rows=20155852 width=4) (actual time=0.024..14451.943 rows=20031217 loops=1)
        Filter: (person_id < 2011690)
        Rows Removed by Filter: 16213127
  ->  Hash  (cost=61283.27..61283.27 rows=2528527 width=4) (actual time=1931.796..1931.796 rows=2528312 loops=1)
        Buckets: 131072  Batches: 64  Memory Usage: 2415kB
        ->  Seq Scan on title t  (cost=0.00..61283.27 rows=2528527 width=4) (actual time=0.018..1096.589 rows=2528312 loops=1)
Planning time: 0.761 ms
Execution time: 34966.961 ms
