Seq Scan on title t  (cost=0.00..73925.90 rows=42433 width=0) (actual time=0.030..1153.239 rows=37411 loops=1)
  Filter: ((kind_id = 1) AND (production_year = 2011))
  Rows Removed by Filter: 2490901
Planning time: 0.434 ms
Execution time: 1158.944 ms
