Seq Scan on cast_info ci  (cost=0.00..796071.18 rows=11629914 width=0) (actual time=6281.523..16087.935 rows=10490483 loops=1)
  Filter: ((person_id > 293950) AND (role_id = 1))
  Rows Removed by Filter: 25753861
Planning time: 0.443 ms
Execution time: 17403.056 ms
