Nested Loop  (cost=0.43..709673.15 rows=363 width=0) (actual time=712.990..10725.154 rows=34 loops=1)
  ->  Seq Scan on cast_info ci  (cost=0.00..705507.15 rows=500 width=4) (actual time=712.843..10724.230 rows=46 loops=1)
        Filter: (person_id = 929984)
        Rows Removed by Filter: 36244298
  ->  Index Scan using title_pkey on title t  (cost=0.43..8.32 rows=1 width=4) (actual time=0.019..0.019 rows=1 loops=46)
        Index Cond: (id = ci.movie_id)
        Filter: (production_year > 1986)
        Rows Removed by Filter: 0
Planning time: 0.507 ms
Execution time: 10725.239 ms
