Hash Join  (cost=83073.30..836304.78 rows=164 width=0) (actual time=1527.096..16316.274 rows=1073 loops=1)
  Hash Cond: (ci.movie_id = t.id)
  ->  Seq Scan on cast_info ci  (cost=0.00..705507.15 rows=12726058 width=4) (actual time=350.619..13380.666 rows=12670688 loops=1)
        Filter: (role_id = 1)
        Rows Removed by Filter: 23573656
  ->  Hash  (cost=83072.90..83072.90 rows=32 width=8) (actual time=1168.903..1168.903 rows=47 loops=1)
        Buckets: 1024  Batches: 1  Memory Usage: 10kB
        ->  Nested Loop  (cost=0.43..83072.90 rows=32 width=8) (actual time=0.784..1168.793 rows=47 loops=1)
              ->  Seq Scan on movie_keyword mk  (cost=0.00..81003.12 rows=246 width=4) (actual time=0.741..1149.218 rows=99 loops=1)
                    Filter: (keyword_id = 5341)
                    Rows Removed by Filter: 4523831
              ->  Index Scan using title_pkey on title t  (cost=0.43..8.40 rows=1 width=4) (actual time=0.193..0.193 rows=0 loops=99)
                    Index Cond: (id = mk.movie_id)
                    Filter: ((production_year < 2004) AND (kind_id = 1))
                    Rows Removed by Filter: 1
Planning time: 1.242 ms
Execution time: 16317.114 ms
