Seq Scan on movie_companies mc  (cost=0.00..57926.93 rows=1062498 width=0) (actual time=0.009..1106.658 rows=938336 loops=1)
  Filter: ((company_id > 329) AND (company_type_id < 2))
  Rows Removed by Filter: 1670793
Planning time: 0.302 ms
Execution time: 1220.766 ms
