Seq Scan on cast_info ci  (cost=0.00..796071.18 rows=324 width=0) (actual time=8839.404..14371.319 rows=47 loops=1)
  Filter: ((role_id > 1) AND (person_id = 3500008))
  Rows Removed by Filter: 36244297
Planning time: 0.459 ms
Execution time: 14371.450 ms
