Seq Scan on movie_companies mc  (cost=0.00..57926.93 rows=546424 width=0) (actual time=288.274..927.523 rows=332721 loops=1)
  Filter: ((company_id < 6558) AND (company_type_id > 1))
  Rows Removed by Filter: 2276408
Planning time: 0.286 ms
Execution time: 968.085 ms
