Hash Join  (cost=98969.27..1145674.87 rows=9024069 width=0) (actual time=12298.196..27686.208 rows=8393099 loops=1)
  Hash Cond: (ci.movie_id = t.id)
  ->  Seq Scan on cast_info ci  (cost=0.00..796071.18 rows=11935546 width=4) (actual time=10300.747..17073.174 rows=11110878 loops=1)
        Filter: ((person_id > 214060) AND (role_id < 2))
        Rows Removed by Filter: 25133466
  ->  Hash  (cost=67604.59..67604.59 rows=1911735 width=4) (actual time=1995.724..1995.724 rows=1903258 loops=1)
        Buckets: 131072  Batches: 32  Memory Usage: 3122kB
        ->  Seq Scan on title t  (cost=0.00..67604.59 rows=1911735 width=4) (actual time=0.034..1395.456 rows=1903258 loops=1)
              Filter: (production_year > 1982)
              Rows Removed by Filter: 625054
Planning time: 0.781 ms
Execution time: 28651.602 ms
