Hash Join  (cost=74456.32..158620.78 rows=13541 width=0) (actual time=1152.447..2723.679 rows=11547 loops=1)
  Hash Cond: (mk.movie_id = t.id)
  ->  Seq Scan on movie_keyword mk  (cost=0.00..81003.12 rows=806913 width=4) (actual time=0.008..1389.885 rows=809825 loops=1)
        Filter: (keyword_id < 784)
        Rows Removed by Filter: 3714105
  ->  Hash  (cost=73925.90..73925.90 rows=42433 width=4) (actual time=1151.777..1151.777 rows=37411 loops=1)
        Buckets: 65536  Batches: 1  Memory Usage: 1828kB
        ->  Seq Scan on title t  (cost=0.00..73925.90 rows=42433 width=4) (actual time=363.023..1137.429 rows=37411 loops=1)
              Filter: ((kind_id = 1) AND (production_year = 2011))
              Rows Removed by Filter: 2490901
Planning time: 0.495 ms
Execution time: 2725.751 ms
