Seq Scan on movie_companies mc  (cost=0.00..57926.93 rows=51 width=0) (actual time=575.291..888.722 rows=6 loops=1)
  Filter: ((company_id = 7687) AND (company_type_id = 1))
  Rows Removed by Filter: 2609123
Planning time: 0.436 ms
Execution time: 888.812 ms
