Seq Scan on cast_info ci  (cost=0.00..796071.18 rows=3567104 width=0) (actual time=9366.982..15296.415 rows=1608307 loops=1)
  Filter: ((person_id < 3014664) AND (role_id = 10))
  Rows Removed by Filter: 34636037
Planning time: 0.508 ms
Execution time: 15498.929 ms
