Seq Scan on movie_keyword mk  (cost=0.00..81003.12 rows=4110057 width=0) (actual time=0.025..1583.303 rows=4116965 loops=1)
  Filter: (keyword_id < 42566)
  Rows Removed by Filter: 406965
Planning time: 0.300 ms
Execution time: 2095.142 ms
