Hash Join  (cost=102767.86..938235.97 rows=4990459 width=0) (actual time=2253.567..18605.669 rows=5030044 loops=1)
  Hash Cond: (ci.movie_id = t.id)
  ->  Seq Scan on cast_info ci  (cost=0.00..705507.15 rows=4990459 width=4) (actual time=0.013..11213.928 rows=5030044 loops=1)
        Filter: (person_id > 3166229)
        Rows Removed by Filter: 31214300
  ->  Hash  (cost=61283.27..61283.27 rows=2528527 width=4) (actual time=2252.565..2252.565 rows=2528312 loops=1)
        Buckets: 131072  Batches: 64  Memory Usage: 2415kB
        ->  Seq Scan on title t  (cost=0.00..61283.27 rows=2528527 width=4) (actual time=0.018..1137.158 rows=2528312 loops=1)
Planning time: 0.762 ms
Execution time: 19173.992 ms
