Nested Loop  (cost=0.43..709671.90 rows=500 width=0) (actual time=3199.251..10899.546 rows=7 loops=1)
  ->  Seq Scan on cast_info ci  (cost=0.00..705507.15 rows=500 width=4) (actual time=3199.136..10899.352 rows=7 loops=1)
        Filter: (person_id = 3092465)
        Rows Removed by Filter: 36244337
  ->  Index Only Scan using title_pkey on title t  (cost=0.43..8.32 rows=1 width=4) (actual time=0.022..0.022 rows=1 loops=7)
        Index Cond: (id = ci.movie_id)
        Heap Fetches: 7
Planning time: 0.815 ms
Execution time: 10899.620 ms
