Seq Scan on movie_companies mc  (cost=0.00..57926.93 rows=128324 width=0) (actual time=396.393..886.234 rows=198800 loops=1)
  Filter: ((company_id < 130) AND (company_type_id < 2))
  Rows Removed by Filter: 2410329
Planning time: 0.315 ms
Execution time: 912.443 ms
