Hash Join  (cost=102767.86..274207.19 rows=3347828 width=0) (actual time=2023.930..6454.406 rows=3336302 loops=1)
  Hash Cond: (mk.movie_id = t.id)
  ->  Seq Scan on movie_keyword mk  (cost=0.00..81003.12 rows=3347828 width=4) (actual time=0.019..1748.327 rows=3336302 loops=1)
        Filter: (keyword_id < 15614)
        Rows Removed by Filter: 1187628
  ->  Hash  (cost=61283.27..61283.27 rows=2528527 width=4) (actual time=2022.455..2022.455 rows=2528312 loops=1)
        Buckets: 131072  Batches: 64  Memory Usage: 2425kB
        ->  Seq Scan on title t  (cost=0.00..61283.27 rows=2528527 width=4) (actual time=0.019..1147.067 rows=2528312 loops=1)
Planning time: 0.526 ms
Execution time: 6813.254 ms
