Hash Join  (cost=83328.83..217823.78 rows=1025391 width=0) (actual time=1749.331..5123.230 rows=432055 loops=1)
  Hash Cond: (mk.movie_id = t.id)
  ->  Seq Scan on movie_keyword mk  (cost=0.00..69693.30 rows=4523930 width=4) (actual time=0.027..1449.415 rows=4523930 loops=1)
  ->  Hash  (cost=73925.90..73925.90 rows=573114 width=4) (actual time=1747.700..1747.700 rows=446387 loops=1)
        Buckets: 131072  Batches: 8  Memory Usage: 2982kB
        ->  Seq Scan on title t  (cost=0.00..73925.90 rows=573114 width=4) (actual time=0.022..1328.990 rows=446387 loops=1)
              Filter: ((kind_id > 1) AND (production_year < 1994))
              Rows Removed by Filter: 2081925
Planning time: 0.771 ms
Execution time: 5173.788 ms
