Hash Join  (cost=88359.31..137898.08 rows=690429 width=0) (actual time=2123.013..3667.637 rows=840130 loops=1)
  Hash Cond: (mi_idx.movie_id = t.id)
  ->  Seq Scan on movie_info_idx mi_idx  (cost=0.00..21735.35 rows=1380035 width=4) (actual time=0.024..512.687 rows=1380035 loops=1)
  ->  Hash  (cost=67604.59..67604.59 rows=1265018 width=4) (actual time=2121.545..2121.545 rows=1263700 loops=1)
        Buckets: 131072  Batches: 32  Memory Usage: 2410kB
        ->  Seq Scan on title t  (cost=0.00..67604.59 rows=1265018 width=4) (actual time=0.017..1448.316 rows=1263700 loops=1)
              Filter: (production_year < 2004)
              Rows Removed by Filter: 1264612
Planning time: 0.699 ms
Execution time: 3758.448 ms
