Hash Join  (cost=102767.86..1429908.64 rows=25423608 width=0) (actual time=1936.862..42350.949 rows=25436901 loops=1)
  Hash Cond: (ci.movie_id = t.id)
  ->  Seq Scan on cast_info ci  (cost=0.00..705507.15 rows=25423608 width=4) (actual time=0.016..15951.266 rows=25436901 loops=1)
        Filter: (person_id < 2626329)
        Rows Removed by Filter: 10807443
  ->  Hash  (cost=61283.27..61283.27 rows=2528527 width=4) (actual time=1936.012..1936.012 rows=2528312 loops=1)
        Buckets: 131072  Batches: 64  Memory Usage: 2415kB
        ->  Seq Scan on title t  (cost=0.00..61283.27 rows=2528527 width=4) (actual time=0.019..1139.024 rows=2528312 loops=1)
Planning time: 0.883 ms
Execution time: 45211.180 ms
