Hash Join  (cost=161386.85..527094.29 rows=105152 width=0) (actual time=2941.355..10713.529 rows=71170 loops=1)
  Hash Cond: (mi.movie_id = t.id)
  ->  Seq Scan on movie_info mi  (cost=0.00..309384.22 rows=14739122 width=4) (actual time=0.013..4689.178 rows=14835720 loops=1)
  ->  Hash  (cost=161161.36..161161.36 rows=18039 width=8) (actual time=2936.906..2936.906 rows=6561 loops=1)
        Buckets: 32768  Batches: 1  Memory Usage: 513kB
        ->  Hash Join  (cost=97151.21..161161.36 rows=18039 width=8) (actual time=1970.421..2933.885 rows=6561 loops=1)
              Hash Cond: (mc.movie_id = t.id)
              ->  Seq Scan on movie_companies mc  (cost=0.00..57926.93 rows=32221 width=4) (actual time=131.693..883.770 rows=6578 loops=1)
                    Filter: ((company_type_id > 1) AND (company_id = 6))
                    Rows Removed by Filter: 2602551
              ->  Hash  (cost=73925.90..73925.90 rows=1415624 width=4) (actual time=1827.749..1827.749 rows=1398720 loops=1)
                    Buckets: 131072  Batches: 32  Memory Usage: 2560kB
                    ->  Seq Scan on title t  (cost=0.00..73925.90 rows=1415624 width=4) (actual time=0.024..1390.602 rows=1398720 loops=1)
                          Filter: ((kind_id > 1) AND (production_year < 2010))
                          Rows Removed by Filter: 1129592
Planning time: 1.189 ms
Execution time: 10723.556 ms
