Seq Scan on movie_keyword mk  (cost=0.00..81003.12 rows=1137537 width=0) (actual time=0.018..1387.663 rows=1146984 loops=1)
  Filter: (keyword_id > 16246)
  Rows Removed by Filter: 3376946
Planning time: 1.564 ms
Execution time: 1532.081 ms
