Nested Loop  (cost=0.43..83071.67 rows=246 width=0) (actual time=9.529..1370.949 rows=54 loops=1)
  ->  Seq Scan on movie_keyword mk  (cost=0.00..81003.12 rows=246 width=4) (actual time=9.439..1366.463 rows=54 loops=1)
        Filter: (keyword_id = 73274)
        Rows Removed by Filter: 4523876
  ->  Index Only Scan using title_pkey on title t  (cost=0.43..8.40 rows=1 width=4) (actual time=0.077..0.078 rows=1 loops=54)
        Index Cond: (id = mk.movie_id)
        Heap Fetches: 54
Planning time: 0.714 ms
Execution time: 1371.060 ms
