Hash Join  (cost=78556.72..1237882.86 rows=8387225 width=0) (actual time=1430.115..47187.695 rows=9095412 loops=1)
  Hash Cond: (ci.movie_id = t.id)
  ->  Seq Scan on cast_info ci  (cost=0.00..705507.15 rows=31769796 width=4) (actual time=0.026..24701.036 rows=31915742 loops=1)
        Filter: (person_id > 417505)
        Rows Removed by Filter: 4328602
  ->  Hash  (cost=67604.59..67604.59 rows=667531 width=4) (actual time=1429.145..1429.145 rows=662825 loops=1)
        Buckets: 131072  Batches: 16  Memory Usage: 2476kB
        ->  Seq Scan on title t  (cost=0.00..67604.59 rows=667531 width=4) (actual time=12.004..1221.090 rows=662825 loops=1)
              Filter: (kind_id = 1)
              Rows Removed by Filter: 1865487
Planning time: 7.302 ms
Execution time: 48363.803 ms
