Hash Join  (cost=70308.29..158255.81 rows=33613 width=0) (actual time=3697.757..7891.872 rows=15198 loops=1)
  Hash Cond: (mk.movie_id = t.id)
  ->  Seq Scan on movie_keyword mk  (cost=0.00..81003.12 rows=515804 width=4) (actual time=0.022..3929.916 rows=508357 loops=1)
        Filter: (keyword_id > 35712)
        Rows Removed by Filter: 4015573
  ->  Hash  (cost=67604.59..67604.59 rows=164776 width=4) (actual time=3696.283..3696.283 rows=164307 loops=1)
        Buckets: 131072  Batches: 4  Memory Usage: 2488kB
        ->  Seq Scan on title t  (cost=0.00..67604.59 rows=164776 width=4) (actual time=0.025..3623.574 rows=164307 loops=1)
              Filter: (production_year = 2012)
              Rows Removed by Filter: 2364005
Planning time: 3.138 ms
Execution time: 7894.354 ms
