Seq Scan on cast_info ci  (cost=0.00..705507.15 rows=500 width=0) (actual time=13324.165..29516.928 rows=4 loops=1)
  Filter: (person_id = 148684)
  Rows Removed by Filter: 36244340
Planning time: 0.415 ms
Execution time: 29517.028 ms
