Seq Scan on movie_keyword mk  (cost=0.00..81003.12 rows=2142736 width=0) (actual time=0.013..2648.582 rows=2141052 loops=1)
  Filter: (keyword_id > 5472)
  Rows Removed by Filter: 2382878
Planning time: 0.314 ms
Execution time: 2936.937 ms
