Seq Scan on movie_keyword mk  (cost=0.00..81003.12 rows=246 width=0) (actual time=18.749..2529.948 rows=585 loops=1)
  Filter: (keyword_id = 16999)
  Rows Removed by Filter: 4523345
Planning time: 0.912 ms
Execution time: 2530.367 ms
