Hash Join  (cost=421878.92..1173055.62 rows=38747 width=0) (actual time=6522.500..23334.751 rows=631825 loops=1)
  Hash Cond: (ci.movie_id = t.id)
  ->  Seq Scan on cast_info ci  (cost=0.00..614943.12 rows=36225612 width=4) (actual time=0.020..9256.327 rows=36244344 loops=1)
  ->  Hash  (cost=421845.11..421845.11 rows=2705 width=8) (actual time=6522.237..6522.237 rows=5241 loops=1)
        Buckets: 8192 (originally 4096)  Batches: 1 (originally 1)  Memory Usage: 269kB
        ->  Hash Join  (cost=74148.97..421845.11 rows=2705 width=8) (actual time=2236.300..6519.644 rows=5241 loops=1)
              Hash Cond: (mi.movie_id = t.id)
              ->  Seq Scan on movie_info mi  (cost=0.00..346232.03 rows=383217 width=4) (actual time=1006.863..5356.394 rows=368218 loops=1)
                    Filter: (info_type_id = 17)
                    Rows Removed by Filter: 14467502
              ->  Hash  (cost=73925.90..73925.90 rows=17845 width=4) (actual time=1094.242..1094.242 rows=10782 loops=1)
                    Buckets: 32768  Batches: 1  Memory Usage: 636kB
                    ->  Seq Scan on title t  (cost=0.00..73925.90 rows=17845 width=4) (actual time=381.653..1089.286 rows=10782 loops=1)
                          Filter: ((kind_id = 1) AND (production_year = 2003))
                          Rows Removed by Filter: 2517530
Planning time: 1.895 ms
Execution time: 23420.225 ms
