Hash Join  (cost=89299.55..139375.05 rows=721702 width=0) (actual time=1709.518..3046.998 rows=626561 loops=1)
  Hash Cond: (mi_idx.movie_id = t.id)
  ->  Seq Scan on movie_info_idx mi_idx  (cost=0.00..21735.35 rows=1380035 width=4) (actual time=0.025..435.217 rows=1380035 loops=1)
  ->  Hash  (cost=67604.59..67604.59 rows=1322317 width=4) (actual time=1708.095..1708.095 rows=1322863 loops=1)
        Buckets: 131072  Batches: 32  Memory Usage: 2481kB
        ->  Seq Scan on title t  (cost=0.00..67604.59 rows=1322317 width=4) (actual time=0.018..1264.384 rows=1322863 loops=1)
              Filter: (production_year > 2001)
              Rows Removed by Filter: 1205449
Planning time: 1.794 ms
Execution time: 3104.667 ms
