Hash Join  (cost=129928.86..297637.34 rows=1909068 width=106) (actual time=2650.889..7206.663 rows=1916587 loops=1)
  Hash Cond: (mk.movie_id = t.id)
  ->  Seq Scan on movie_keyword mk  (cost=0.00..81003.12 rows=1909068 width=12) (actual time=0.010..2007.589 rows=1916587 loops=1)
        Filter: (keyword_id < 3302)
        Rows Removed by Filter: 2607343
  ->  Hash  (cost=61283.27..61283.27 rows=2528527 width=94) (actual time=2650.006..2650.006 rows=2528312 loops=1)
        Buckets: 32768  Batches: 128  Memory Usage: 2470kB
        ->  Seq Scan on title t  (cost=0.00..61283.27 rows=2528527 width=94) (actual time=0.037..1302.152 rows=2528312 loops=1)
Planning time: 0.963 ms
Execution time: 7304.872 ms
