Seq Scan on movie_keyword mk  (cost=0.00..81003.12 rows=3786195 width=0) (actual time=0.016..4163.798 rows=3782264 loops=1)
  Filter: (keyword_id > 667)
  Rows Removed by Filter: 741666
Planning time: 0.373 ms
Execution time: 4757.651 ms
