Nested Loop  (cost=0.43..52283.69 rows=104 width=0) (actual time=1.241..2479.590 rows=413 loops=1)
  ->  Seq Scan on movie_companies mc  (cost=0.00..51404.11 rows=104 width=4) (actual time=1.191..2414.843 rows=413 loops=1)
        Filter: (company_id = 2285)
        Rows Removed by Filter: 2608716
  ->  Index Only Scan using title_pkey on title t  (cost=0.43..8.45 rows=1 width=4) (actual time=0.154..0.155 rows=1 loops=413)
        Index Cond: (id = mc.movie_id)
        Heap Fetches: 413
Planning time: 0.675 ms
Execution time: 2479.872 ms
