Seq Scan on movie_companies mc  (cost=0.00..57926.93 rows=993901 width=0) (actual time=0.027..2906.322 rows=1151493 loops=1)
  Filter: ((company_id > 892) AND (company_type_id > 1))
  Rows Removed by Filter: 1457636
Planning time: 0.398 ms
Execution time: 3093.918 ms
