Seq Scan on movie_keyword mk  (cost=0.00..81003.12 rows=1889853 width=0) (actual time=0.025..1489.187 rows=1901276 loops=1)
  Filter: (keyword_id < 3260)
  Rows Removed by Filter: 2622654
Planning time: 0.360 ms
Execution time: 1729.372 ms
