Seq Scan on movie_keyword mk  (cost=0.00..81003.12 rows=2506399 width=0) (actual time=0.030..4169.694 rows=2501281 loops=1)
  Filter: (keyword_id < 6115)
  Rows Removed by Filter: 2022649
Planning time: 2.858 ms
Execution time: 4524.215 ms
