Seq Scan on movie_companies mc  (cost=0.00..57926.93 rows=1245223 width=0) (actual time=349.423..3435.219 rows=1274246 loops=1)
  Filter: ((company_id < 177368) AND (company_type_id = 1))
  Rows Removed by Filter: 1334883
Planning time: 2.133 ms
Execution time: 3663.280 ms
