Hash Join  (cost=73990.99..134417.14 rows=1365 width=0) (actual time=2922.452..4904.296 rows=4081 loops=1)
  Hash Cond: (mc.movie_id = t.id)
  ->  Seq Scan on movie_companies mc  (cost=0.00..57926.93 rows=662817 width=4) (actual time=0.018..1800.412 rows=901884 loops=1)
        Filter: ((company_id < 11444) AND (company_type_id = 1))
        Rows Removed by Filter: 1707245
  ->  Hash  (cost=73925.90..73925.90 rows=5207 width=4) (actual time=2921.597..2921.597 rows=9230 loops=1)
        Buckets: 16384 (originally 8192)  Batches: 1 (originally 1)  Memory Usage: 453kB
        ->  Seq Scan on title t  (cost=0.00..73925.90 rows=5207 width=4) (actual time=0.062..2916.308 rows=9230 loops=1)
              Filter: ((kind_id > 2) AND (production_year = 1977))
              Rows Removed by Filter: 2519082
Planning time: 4.694 ms
Execution time: 4905.247 ms
