Hash Join  (cost=58375.66..431741.74 rows=80 width=0) (actual time=2455.857..20942.255 rows=2647 loops=1)
  Hash Cond: (mi.movie_id = t.id)
  ->  Seq Scan on movie_info mi  (cost=0.00..346232.03 rows=7235534 width=4) (actual time=534.858..17942.465 rows=7286865 loops=1)
        Filter: (info_type_id < 8)
        Rows Removed by Filter: 7548855
  ->  Hash  (cost=58375.31..58375.31 rows=28 width=8) (actual time=1681.575..1681.575 rows=213 loops=1)
        Buckets: 1024  Batches: 1  Memory Usage: 17kB
        ->  Nested Loop  (cost=0.43..58375.31 rows=28 width=8) (actual time=103.221..1681.431 rows=213 loops=1)
              ->  Seq Scan on movie_companies mc  (cost=0.00..57926.93 rows=53 width=4) (actual time=103.159..1676.731 rows=213 loops=1)
                    Filter: ((company_id = 15550) AND (company_type_id = 2))
                    Rows Removed by Filter: 2608916
              ->  Index Scan using title_pkey on title t  (cost=0.43..8.45 rows=1 width=4) (actual time=0.021..0.021 rows=1 loops=213)
                    Index Cond: (id = mc.movie_id)
                    Filter: (production_year < 2005)
Planning time: 0.822 ms
Execution time: 20943.202 ms
