Seq Scan on movie_keyword mk  (cost=0.00..81003.12 rows=246 width=0) (actual time=266.301..3539.589 rows=28 loops=1)
  Filter: (keyword_id = 31575)
  Rows Removed by Filter: 4523902
Planning time: 0.446 ms
Execution time: 3539.696 ms
