Seq Scan on movie_keyword mk  (cost=0.00..81003.12 rows=246 width=0) (actual time=31.607..3541.990 rows=109 loops=1)
  Filter: (keyword_id = 8974)
  Rows Removed by Filter: 4523821
Planning time: 0.622 ms
Execution time: 3542.161 ms
