Seq Scan on movie_companies mc  (cost=0.00..57926.93 rows=1194 width=0) (actual time=1113.805..1854.766 rows=1 loops=1)
  Filter: ((company_type_id < 2) AND (company_id = 6158))
  Rows Removed by Filter: 2609128
Planning time: 0.366 ms
Execution time: 1854.867 ms
