Hash Join  (cost=78034.52..912768.45 rows=297246 width=0) (actual time=29017.338..38973.473 rows=262 loops=1)
  Hash Cond: (ci.movie_id = t.id)
  ->  Seq Scan on cast_info ci  (cost=0.00..796071.18 rows=3001945 width=4) (actual time=24130.444..34938.129 rows=2658 loops=1)
        Filter: ((person_id < 1459803) AND (role_id = 2))
        Rows Removed by Filter: 36241686
  ->  Hash  (cost=73925.90..73925.90 rows=250369 width=4) (actual time=3921.107..3921.107 rows=389915 loops=1)
        Buckets: 131072 (originally 131072)  Batches: 8 (originally 4)  Memory Usage: 3073kB
        ->  Seq Scan on title t  (cost=0.00..73925.90 rows=250369 width=4) (actual time=0.018..3559.840 rows=389915 loops=1)
              Filter: ((kind_id < 4) AND (production_year < 1992))
              Rows Removed by Filter: 2138397
Planning time: 0.895 ms
Execution time: 38973.798 ms
