Hash Join  (cost=163919.00..529678.26 rows=110336 width=0) (actual time=2743.243..10466.822 rows=566524 loops=1)
  Hash Cond: (mi.movie_id = t.id)
  ->  Seq Scan on movie_info mi  (cost=0.00..309384.22 rows=14739122 width=4) (actual time=0.019..4564.679 rows=14835720 loops=1)
  ->  Hash  (cost=163682.40..163682.40 rows=18928 width=8) (actual time=2563.608..2563.608 rows=13673 loops=1)
        Buckets: 32768  Batches: 1  Memory Usage: 791kB
        ->  Hash Join  (cost=75234.22..163682.40 rows=18928 width=8) (actual time=1539.272..2558.810 rows=13673 loops=1)
              Hash Cond: (mk.movie_id = t.id)
              ->  Seq Scan on movie_keyword mk  (cost=0.00..81003.12 rows=600473 width=4) (actual time=0.019..1328.333 rows=604412 loops=1)
                    Filter: (keyword_id > 30554)
                    Rows Removed by Filter: 3919518
              ->  Hash  (cost=73925.90..73925.90 rows=79705 width=4) (actual time=1027.667..1027.667 rows=82805 loops=1)
                    Buckets: 131072  Batches: 2  Memory Usage: 2488kB
                    ->  Seq Scan on title t  (cost=0.00..73925.90 rows=79705 width=4) (actual time=0.046..997.749 rows=82805 loops=1)
                          Filter: ((production_year < 2012) AND (kind_id = 2))
                          Rows Removed by Filter: 2445507
Planning time: 1.158 ms
Execution time: 10540.485 ms
