Hash Join  (cost=74050.79..140771.97 rows=85993 width=0) (actual time=3727.466..6734.815 rows=25566 loops=1)
  Hash Cond: (mc.movie_id = t.id)
  ->  Seq Scan on movie_companies mc  (cost=0.00..57926.93 rows=553419 width=4) (actual time=146.678..2920.806 rows=274190 loops=1)
        Filter: ((company_id > 13379) AND (company_type_id = 1))
        Rows Removed by Filter: 2334939
  ->  Hash  (cost=67604.59..67604.59 rows=392896 width=4) (actual time=3579.872..3579.872 rows=391666 loops=1)
        Buckets: 131072  Batches: 8  Memory Usage: 2753kB
        ->  Seq Scan on title t  (cost=0.00..67604.59 rows=392896 width=4) (actual time=0.034..3425.823 rows=391666 loops=1)
              Filter: (production_year > 2010)
              Rows Removed by Filter: 2136646
Planning time: 0.690 ms
Execution time: 6738.258 ms
