Nested Loop  (cost=0.43..709674.40 rows=163 width=0) (actual time=12910.639..31930.662 rows=787 loops=1)
  ->  Seq Scan on cast_info ci  (cost=0.00..705507.15 rows=500 width=4) (actual time=9387.870..31806.440 rows=1534 loops=1)
        Filter: (person_id = 579345)
        Rows Removed by Filter: 36242810
  ->  Index Scan using title_pkey on title t  (cost=0.43..8.32 rows=1 width=4) (actual time=0.080..0.080 rows=1 loops=1534)
        Index Cond: (id = ci.movie_id)
        Filter: ((production_year < 2005) AND (kind_id = 7))
        Rows Removed by Filter: 0
Planning time: 1.100 ms
Execution time: 31930.956 ms
