Hash Join  (cost=195711.91..1323244.54 rows=5765668 width=0) (actual time=10249.351..81339.472 rows=6994486 loops=1)
  Hash Cond: (ci.movie_id = t.id)
  ->  Seq Scan on cast_info ci  (cost=0.00..796071.18 rows=23470338 width=4) (actual time=0.014..53688.887 rows=23563070 loops=1)
        Filter: ((person_id > 4859) AND (role_id > 1))
        Rows Removed by Filter: 12681274
  ->  Hash  (cost=185520.51..185520.51 rows=621152 width=8) (actual time=10248.577..10248.577 rows=399296 loops=1)
        Buckets: 131072  Batches: 16  Memory Usage: 1992kB
        ->  Hash Join  (cost=102767.86..185520.51 rows=621152 width=8) (actual time=6897.702..10112.910 rows=399296 loops=1)
              Hash Cond: (mc.movie_id = t.id)
              ->  Seq Scan on movie_companies mc  (cost=0.00..57926.93 rows=621152 width=4) (actual time=1070.588..3164.267 rows=399296 loops=1)
                    Filter: ((company_id < 11137) AND (company_type_id = 2))
                    Rows Removed by Filter: 2209833
              ->  Hash  (cost=61283.27..61283.27 rows=2528527 width=4) (actual time=5825.893..5825.893 rows=2528312 loops=1)
                    Buckets: 131072  Batches: 64  Memory Usage: 2415kB
                    ->  Seq Scan on title t  (cost=0.00..61283.27 rows=2528527 width=4) (actual time=0.017..4737.937 rows=2528312 loops=1)
Planning time: 3.529 ms
Execution time: 82308.081 ms
