Hash Join  (cost=102767.86..178093.49 rows=583601 width=0) (actual time=5506.808..8993.751 rows=590950 loops=1)
  Hash Cond: (mc.movie_id = t.id)
  ->  Seq Scan on movie_companies mc  (cost=0.00..51404.11 rows=583601 width=4) (actual time=236.087..2830.910 rows=590950 loops=1)
        Filter: (company_id > 70245)
        Rows Removed by Filter: 2018179
  ->  Hash  (cost=61283.27..61283.27 rows=2528527 width=4) (actual time=5261.852..5261.852 rows=2528312 loops=1)
        Buckets: 131072  Batches: 64  Memory Usage: 2415kB
        ->  Seq Scan on title t  (cost=0.00..61283.27 rows=2528527 width=4) (actual time=0.024..4210.731 rows=2528312 loops=1)
Planning time: 0.678 ms
Execution time: 9063.521 ms
