Hash Join  (cost=233111.07..1421438.07 rows=11165008 width=0) (actual time=15930.033..68919.879 rows=7081610 loops=1)
  Hash Cond: (ci.movie_id = t.id)
  ->  Seq Scan on cast_info ci  (cost=0.00..705507.15 rows=28668949 width=4) (actual time=4069.618..37843.877 rows=28808107 loops=1)
        Filter: (role_id < 8)
        Rows Removed by Filter: 7436237
  ->  Hash  (cost=216955.01..216955.01 rows=984725 width=8) (actual time=11858.881..11858.881 rows=247643 loops=1)
        Buckets: 131072  Batches: 16  Memory Usage: 1646kB
        ->  Hash Join  (cost=82955.72..216955.01 rows=984725 width=8) (actual time=6567.176..11776.039 rows=247643 loops=1)
              Hash Cond: (mk.movie_id = t.id)
              ->  Seq Scan on movie_keyword mk  (cost=0.00..69693.30 rows=4523930 width=4) (actual time=0.035..5019.277 rows=4523930 loops=1)
              ->  Hash  (cost=73925.90..73925.90 rows=550385 width=4) (actual time=4332.670..4332.670 rows=602403 loops=1)
                    Buckets: 131072  Batches: 8  Memory Usage: 3678kB
                    ->  Seq Scan on title t  (cost=0.00..73925.90 rows=550385 width=4) (actual time=0.025..4086.738 rows=602403 loops=1)
                          Filter: ((production_year > 2006) AND (kind_id = 7))
                          Rows Removed by Filter: 1925909
Planning time: 5.738 ms
Execution time: 69967.544 ms
