Nested Loop  (cost=90688.05..799485.26 rows=117 width=0) (actual time=36946.822..36994.828 rows=59 loops=1)
  Join Filter: (ci.movie_id = t.id)
  ->  Hash Join  (cost=90687.62..799262.69 rows=291 width=8) (actual time=36946.671..36994.343 rows=59 loops=1)
        Hash Cond: (ci.movie_id = mk.movie_id)
        ->  Seq Scan on cast_info ci  (cost=0.00..705507.15 rows=500 width=4) (actual time=28362.598..32204.453 rows=23 loops=1)
              Filter: (person_id = 439185)
              Rows Removed by Filter: 36244321
        ->  Hash  (cost=81003.12..81003.12 rows=590280 width=4) (actual time=4716.666..4716.666 rows=597043 loops=1)
              Buckets: 131072  Batches: 8  Memory Usage: 3681kB
              ->  Seq Scan on movie_keyword mk  (cost=0.00..81003.12 rows=590280 width=4) (actual time=0.032..4475.216 rows=597043 loops=1)
                    Filter: (keyword_id < 438)
                    Rows Removed by Filter: 3926887
  ->  Index Only Scan using title_pkey on title t  (cost=0.43..0.75 rows=1 width=4) (actual time=0.007..0.007 rows=1 loops=59)
        Index Cond: (id = mk.movie_id)
        Heap Fetches: 59
Planning time: 1.177 ms
Execution time: 36995.229 ms
