Hash Join  (cost=83072.59..447729.91 rows=138 width=0) (actual time=4973.939..22504.732 rows=4124 loops=1)
  Hash Cond: (mi.movie_id = t.id)
  ->  Seq Scan on movie_info mi  (cost=0.00..309384.22 rows=14739122 width=4) (actual time=0.017..15477.833 rows=14835720 loops=1)
  ->  Hash  (cost=83072.29..83072.29 rows=24 width=8) (actual time=3480.482..3480.482 rows=84 loops=1)
        Buckets: 1024  Batches: 1  Memory Usage: 12kB
        ->  Nested Loop  (cost=0.43..83072.29 rows=24 width=8) (actual time=58.330..3480.301 rows=84 loops=1)
              ->  Seq Scan on movie_keyword mk  (cost=0.00..81003.12 rows=246 width=4) (actual time=1.908..3240.267 rows=946 loops=1)
                    Filter: (keyword_id = 413)
                    Rows Removed by Filter: 4522984
              ->  Index Scan using title_pkey on title t  (cost=0.43..8.40 rows=1 width=4) (actual time=0.252..0.252 rows=0 loops=946)
                    Index Cond: (id = mk.movie_id)
                    Filter: (production_year < 1960)
                    Rows Removed by Filter: 1
Planning time: 2.983 ms
Execution time: 22506.252 ms
