Hash Join  (cost=74389.43..830491.25 rows=531265 width=0) (actual time=3707.321..55290.029 rows=565844 loops=1)
  Hash Cond: (ci.movie_id = t.id)
  ->  Seq Scan on cast_info ci  (cost=0.00..614943.12 rows=36225612 width=4) (actual time=0.017..36324.390 rows=36244344 loops=1)
  ->  Hash  (cost=73925.90..73925.90 rows=37082 width=4) (actual time=3706.891..3706.891 rows=41935 loops=1)
        Buckets: 65536  Batches: 1  Memory Usage: 1987kB
        ->  Seq Scan on title t  (cost=0.00..73925.90 rows=37082 width=4) (actual time=0.035..3687.840 rows=41935 loops=1)
              Filter: ((kind_id = 7) AND (production_year = 2002))
              Rows Removed by Filter: 2486377
Planning time: 0.735 ms
Execution time: 55429.869 ms
