Hash Join  (cost=84723.57..221071.64 rows=1177503 width=0) (actual time=4393.228..12056.349 rows=2123187 loops=1)
  Hash Cond: (mk.movie_id = t.id)
  ->  Seq Scan on movie_keyword mk  (cost=0.00..69693.30 rows=4523930 width=4) (actual time=0.013..4744.069 rows=4523930 loops=1)
  ->  Hash  (cost=73925.90..73925.90 rows=658133 width=4) (actual time=4378.138..4378.138 rows=558185 loops=1)
        Buckets: 131072  Batches: 16  Memory Usage: 2254kB
        ->  Seq Scan on title t  (cost=0.00..73925.90 rows=658133 width=4) (actual time=0.013..4136.785 rows=558185 loops=1)
              Filter: ((kind_id < 6) AND (production_year > 1992))
              Rows Removed by Filter: 1970127
Planning time: 0.676 ms
Execution time: 12329.740 ms
