Seq Scan on cast_info ci  (cost=0.00..796071.18 rows=7696720 width=0) (actual time=3717.096..14752.980 rows=2380802 loops=1)
  Filter: ((person_id > 1403253) AND (role_id < 2))
  Rows Removed by Filter: 33863542
Planning time: 0.385 ms
Execution time: 15049.229 ms
