Hash Join  (cost=323662.01..1430354.55 rows=18446625 width=0) (actual time=18602.608..77913.510 rows=61322312 loops=1)
  Hash Cond: (ci.movie_id = t.id)
  ->  Seq Scan on cast_info ci  (cost=0.00..705507.15 rows=14518582 width=4) (actual time=5700.557..38100.156 rows=14672845 loops=1)
        Filter: (person_id > 2188170)
        Rows Removed by Filter: 21571499
  ->  Hash  (cost=270954.17..270954.17 rows=3212627 width=8) (actual time=12900.472..12900.472 rows=3200752 loops=1)
        Buckets: 131072  Batches: 64  Memory Usage: 2994kB
        ->  Hash Join  (cost=102767.86..270954.17 rows=3212627 width=8) (actual time=3938.386..11812.914 rows=3200752 loops=1)
              Hash Cond: (mk.movie_id = t.id)
              ->  Seq Scan on movie_keyword mk  (cost=0.00..81003.12 rows=3212627 width=4) (actual time=0.051..4615.975 rows=3200752 loops=1)
                    Filter: (keyword_id < 13088)
                    Rows Removed by Filter: 1323178
              ->  Hash  (cost=61283.27..61283.27 rows=2528527 width=4) (actual time=3937.067..3937.067 rows=2528312 loops=1)
                    Buckets: 131072  Batches: 64  Memory Usage: 2425kB
                    ->  Seq Scan on title t  (cost=0.00..61283.27 rows=2528527 width=4) (actual time=0.021..2977.357 rows=2528312 loops=1)
Planning time: 1.092 ms
Execution time: 85645.037 ms
