Seq Scan on movie_companies mc  (cost=0.00..51404.11 rows=2602711 width=0) (actual time=0.019..2991.749 rows=2603319 loops=1)
  Filter: (company_id < 229382)
  Rows Removed by Filter: 5810
Planning time: 0.288 ms
Execution time: 3409.511 ms
