Seq Scan on movie_keyword mk  (cost=0.00..81003.12 rows=2262627 width=0) (actual time=0.016..2823.227 rows=2265817 loops=1)
  Filter: (keyword_id < 4727)
  Rows Removed by Filter: 2258113
Planning time: 0.379 ms
Execution time: 3116.758 ms
