Seq Scan on movie_keyword mk  (cost=0.00..81003.12 rows=1968110 width=0) (actual time=0.016..2740.531 rows=1973575 loops=1)
  Filter: (keyword_id < 3460)
  Rows Removed by Filter: 2550355
Planning time: 0.318 ms
Execution time: 2995.584 ms
