Hash Join  (cost=83074.74..137742.81 rows=254 width=0) (actual time=3900.161..7392.139 rows=4341 loops=1)
  Hash Cond: (mc.movie_id = t.id)
  ->  Seq Scan on movie_companies mc  (cost=0.00..44881.29 rows=2609129 width=4) (actual time=0.018..2764.697 rows=2609129 loops=1)
  ->  Hash  (cost=83071.67..83071.67 rows=246 width=8) (actual time=3894.033..3894.033 rows=619 loops=1)
        Buckets: 1024  Batches: 1  Memory Usage: 33kB
        ->  Nested Loop  (cost=0.43..83071.67 rows=246 width=8) (actual time=3.320..3893.359 rows=619 loops=1)
              ->  Seq Scan on movie_keyword mk  (cost=0.00..81003.12 rows=246 width=4) (actual time=1.518..3759.776 rows=619 loops=1)
                    Filter: (keyword_id = 2134)
                    Rows Removed by Filter: 4523311
              ->  Index Only Scan using title_pkey on title t  (cost=0.43..8.40 rows=1 width=4) (actual time=0.212..0.213 rows=1 loops=619)
                    Index Cond: (id = mk.movie_id)
                    Heap Fetches: 619
Planning time: 1.122 ms
Execution time: 7393.071 ms
