Hash Join  (cost=127808.26..879297.01 rows=69963 width=0) (actual time=4184.893..49508.695 rows=59463 loops=1)
  Hash Cond: (ci.movie_id = t.id)
  ->  Seq Scan on cast_info ci  (cost=0.00..614943.12 rows=36225612 width=4) (actual time=0.019..34819.614 rows=36244344 loops=1)
  ->  Hash  (cost=127747.23..127747.23 rows=4883 width=8) (actual time=4183.965..4183.965 rows=4170 loops=1)
        Buckets: 8192  Batches: 1  Memory Usage: 227kB
        ->  Nested Loop  (cost=0.43..127747.23 rows=4883 width=8) (actual time=0.267..4180.792 rows=4170 loops=1)
              ->  Seq Scan on movie_keyword mk  (cost=0.00..81003.12 rows=6635 width=4) (actual time=0.228..3276.265 rows=6649 loops=1)
                    Filter: (keyword_id = 500)
                    Rows Removed by Filter: 4517281
              ->  Index Scan using title_pkey on title t  (cost=0.43..7.04 rows=1 width=4) (actual time=0.135..0.135 rows=1 loops=6649)
                    Index Cond: (id = mk.movie_id)
                    Filter: (kind_id > 1)
                    Rows Removed by Filter: 0
Planning time: 2.581 ms
Execution time: 49527.698 ms
