Hash Join  (cost=80043.74..447941.30 rows=228579 width=0) (actual time=4771.302..18186.221 rows=6734 loops=1)
  Hash Cond: (mi.movie_id = t.id)
  ->  Seq Scan on movie_info mi  (cost=0.00..346232.03 rows=1550064 width=4) (actual time=1773.059..14341.214 rows=1533909 loops=1)
        Filter: (info_type_id = 3)
        Rows Removed by Filter: 13301811
  ->  Hash  (cost=73925.90..73925.90 rows=372867 width=4) (actual time=2997.409..2997.409 rows=256191 loops=1)
        Buckets: 131072  Batches: 8  Memory Usage: 2144kB
        ->  Seq Scan on title t  (cost=0.00..73925.90 rows=372867 width=4) (actual time=0.056..2880.187 rows=256191 loops=1)
              Filter: ((kind_id > 4) AND (production_year < 1986))
              Rows Removed by Filter: 2272121
Planning time: 0.769 ms
Execution time: 18187.668 ms
