Hash Join  (cost=101244.93..196787.54 rows=13668 width=0) (actual time=8568.951..10760.324 rows=18975 loops=1)
  Hash Cond: (mk.movie_id = t.id)
  ->  Seq Scan on movie_keyword mk  (cost=0.00..81003.12 rows=3840748 width=4) (actual time=0.024..4629.368 rows=3842277 loops=1)
        Filter: (keyword_id > 561)
        Rows Removed by Filter: 681653
  ->  Hash  (cost=101132.45..101132.45 rows=8998 width=8) (actual time=5347.363..5347.363 rows=6552 loops=1)
        Buckets: 16384  Batches: 1  Memory Usage: 384kB
        ->  Hash Join  (cost=74131.99..101132.45 rows=8998 width=8) (actual time=4475.417..5344.866 rows=6552 loops=1)
              Hash Cond: (mi_idx.movie_id = t.id)
              ->  Seq Scan on movie_info_idx mi_idx  (cost=0.00..21735.35 rows=1380035 width=4) (actual time=0.013..1199.298 rows=1380035 loops=1)
              ->  Hash  (cost=73925.90..73925.90 rows=16487 width=4) (actual time=3744.342..3744.342 rows=16247 loops=1)
                    Buckets: 32768  Batches: 1  Memory Usage: 828kB
                    ->  Seq Scan on title t  (cost=0.00..73925.90 rows=16487 width=4) (actual time=0.050..3736.227 rows=16247 loops=1)
                          Filter: ((kind_id = 7) AND (production_year = 1993))
                          Rows Removed by Filter: 2512065
Planning time: 1.171 ms
Execution time: 10763.122 ms
