Hash Join  (cost=190230.21..313419.80 rows=1179875 width=0) (actual time=9161.273..16718.991 rows=4910941 loops=1)
  Hash Cond: (mk.movie_id = t.id)
  ->  Seq Scan on movie_keyword mk  (cost=0.00..81003.12 rows=2161790 width=4) (actual time=0.016..4804.729 rows=2164952 loops=1)
        Filter: (keyword_id < 4169)
        Rows Removed by Filter: 2358978
  ->  Hash  (cost=167588.78..167588.78 rows=1380035 width=8) (actual time=9159.998..9159.998 rows=1380035 loops=1)
        Buckets: 131072  Batches: 32  Memory Usage: 2726kB
        ->  Hash Join  (cost=102767.86..167588.78 rows=1380035 width=8) (actual time=5586.848..8739.800 rows=1380035 loops=1)
              Hash Cond: (mi_idx.movie_id = t.id)
              ->  Seq Scan on movie_info_idx mi_idx  (cost=0.00..21735.35 rows=1380035 width=4) (actual time=0.009..1481.151 rows=1380035 loops=1)
              ->  Hash  (cost=61283.27..61283.27 rows=2528527 width=4) (actual time=5585.734..5585.734 rows=2528312 loops=1)
                    Buckets: 131072  Batches: 64  Memory Usage: 2415kB
                    ->  Seq Scan on title t  (cost=0.00..61283.27 rows=2528527 width=4) (actual time=0.013..4241.195 rows=2528312 loops=1)
Planning time: 2.067 ms
Execution time: 17283.996 ms
