Seq Scan on cast_info ci  (cost=0.00..796071.18 rows=10704960 width=0) (actual time=0.024..15038.574 rows=16634742 loops=1)
  Filter: ((person_id > 1964724) AND (role_id > 1))
  Rows Removed by Filter: 19609602
Planning time: 0.413 ms
Execution time: 17070.693 ms
