Hash Join  (cost=75205.79..436749.20 rows=38991 width=0) (actual time=14812.227..20942.845 rows=14900 loops=1)
  Hash Cond: (mi.movie_id = t.id)
  ->  Seq Scan on movie_info mi  (cost=0.00..346232.03 rows=1264125 width=4) (actual time=11110.453..16698.304 rows=1288928 loops=1)
        Filter: (info_type_id = 2)
        Rows Removed by Filter: 13546792
  ->  Hash  (cost=73925.90..73925.90 rows=77991 width=4) (actual time=3700.529..3700.529 rows=84556 loops=1)
        Buckets: 131072  Batches: 2  Memory Usage: 2523kB
        ->  Seq Scan on title t  (cost=0.00..73925.90 rows=77991 width=4) (actual time=0.050..3655.010 rows=84556 loops=1)
              Filter: ((kind_id > 4) AND (production_year = 2008))
              Rows Removed by Filter: 2443756
Planning time: 0.734 ms
Execution time: 20944.923 ms
