Hash Join  (cost=101607.64..467253.76 rows=99020 width=0) (actual time=5112.872..19566.205 rows=91986 loops=1)
  Hash Cond: (mi.movie_id = t.id)
  ->  Seq Scan on movie_info mi  (cost=0.00..309384.22 rows=14739122 width=4) (actual time=0.018..10714.016 rows=14835720 loops=1)
  ->  Hash  (cost=101395.31..101395.31 rows=16987 width=8) (actual time=5112.320..5112.320 rows=11178 loops=1)
        Buckets: 32768  Batches: 1  Memory Usage: 693kB
        ->  Hash Join  (cost=74314.96..101395.31 rows=16987 width=8) (actual time=3418.351..5108.070 rows=11178 loops=1)
              Hash Cond: (mi_idx.movie_id = t.id)
              ->  Seq Scan on movie_info_idx mi_idx  (cost=0.00..21735.35 rows=1380035 width=4) (actual time=0.021..1225.696 rows=1380035 loops=1)
              ->  Hash  (cost=73925.90..73925.90 rows=31124 width=4) (actual time=3418.149..3418.149 rows=35169 loops=1)
                    Buckets: 65536 (originally 32768)  Batches: 1 (originally 1)  Memory Usage: 1749kB
                    ->  Seq Scan on title t  (cost=0.00..73925.90 rows=31124 width=4) (actual time=0.030..3387.408 rows=35169 loops=1)
                          Filter: ((kind_id > 4) AND (production_year = 1999))
                          Rows Removed by Filter: 2493143
Planning time: 1.135 ms
Execution time: 19579.455 ms
