Seq Scan on movie_companies mc  (cost=0.00..51404.11 rows=892229 width=0) (actual time=0.029..2367.869 rows=889151 loops=1)
  Filter: (company_id < 2729)
  Rows Removed by Filter: 1719978
Planning time: 0.321 ms
Execution time: 2483.400 ms
