Hash Join  (cost=204652.07..736832.92 rows=4908492 width=0) (actual time=10584.779..39331.911 rows=7134001 loops=1)
  Hash Cond: (mi.movie_id = t.id)
  ->  Seq Scan on movie_info mi  (cost=0.00..309384.22 rows=14739122 width=4) (actual time=0.008..18051.158 rows=14835720 loops=1)
  ->  Hash  (cost=190836.30..190836.30 rows=842062 width=8) (actual time=10583.824..10583.824 rows=530330 loops=1)
        Buckets: 131072  Batches: 16  Memory Usage: 2318kB
        ->  Hash Join  (cost=102767.86..190836.30 rows=842062 width=8) (actual time=7166.675..10411.573 rows=530330 loops=1)
              Hash Cond: (mc.movie_id = t.id)
              ->  Seq Scan on movie_companies mc  (cost=0.00..57926.93 rows=842062 width=4) (actual time=573.048..2836.391 rows=530330 loops=1)
                    Filter: ((company_id < 17882) AND (company_type_id = 2))
                    Rows Removed by Filter: 2078799
              ->  Hash  (cost=61283.27..61283.27 rows=2528527 width=4) (actual time=6592.340..6592.340 rows=2528312 loops=1)
                    Buckets: 131072  Batches: 64  Memory Usage: 2415kB
                    ->  Seq Scan on title t  (cost=0.00..61283.27 rows=2528527 width=4) (actual time=0.024..4328.803 rows=2528312 loops=1)
Planning time: 1.983 ms
Execution time: 40180.082 ms
