Seq Scan on cast_info ci  (cost=0.00..796071.18 rows=1851171 width=0) (actual time=20265.504..37543.450 rows=2584881 loops=1)
  Filter: ((person_id > 1936620) AND (role_id = 3))
  Rows Removed by Filter: 33659463
Planning time: 0.407 ms
Execution time: 37943.670 ms
