Hash Join  (cost=709678.15..765882.98 rows=253 width=0) (actual time=30539.977..33410.938 rows=89 loops=1)
  Hash Cond: (mc.movie_id = t.id)
  ->  Seq Scan on movie_companies mc  (cost=0.00..51404.11 rows=1279517 width=4) (actual time=118.732..2840.836 rows=1274246 loops=1)
        Filter: (company_type_id = 1)
        Rows Removed by Filter: 1334883
  ->  Hash  (cost=709671.90..709671.90 rows=500 width=8) (actual time=30362.110..30362.110 rows=318 loops=1)
        Buckets: 1024  Batches: 1  Memory Usage: 21kB
        ->  Nested Loop  (cost=0.43..709671.90 rows=500 width=8) (actual time=4626.000..30361.920 rows=318 loops=1)
              ->  Seq Scan on cast_info ci  (cost=0.00..705507.15 rows=500 width=4) (actual time=4625.905..30325.221 rows=318 loops=1)
                    Filter: (person_id = 1941931)
                    Rows Removed by Filter: 36244026
              ->  Index Only Scan using title_pkey on title t  (cost=0.43..8.32 rows=1 width=4) (actual time=0.114..0.115 rows=1 loops=318)
                    Index Cond: (id = ci.movie_id)
                    Heap Fetches: 318
Planning time: 1.128 ms
Execution time: 33411.086 ms
