Seq Scan on cast_info ci  (cost=0.00..705507.15 rows=28754464 width=0) (actual time=0.019..42733.296 rows=28844156 loops=1)
  Filter: (person_id > 716092)
  Rows Removed by Filter: 7400188
Planning time: 0.304 ms
Execution time: 47582.692 ms
