Seq Scan on title t  (cost=0.00..73925.90 rows=323813 width=0) (actual time=0.020..3802.276 rows=189305 loops=1)
  Filter: ((kind_id > 1) AND (production_year < 1975))
  Rows Removed by Filter: 2339007
Planning time: 2.551 ms
Execution time: 3834.504 ms
