Hash Join  (cost=135654.86..216078.66 rows=389828 width=0) (actual time=7163.113..11624.023 rows=412731 loops=1)
  Hash Cond: (mc.movie_id = t.id)
  ->  Seq Scan on movie_companies mc  (cost=0.00..44881.29 rows=2609129 width=4) (actual time=0.033..3278.452 rows=2609129 loops=1)
  ->  Hash  (cost=129456.55..129456.55 rows=377785 width=8) (actual time=6825.924..6825.924 rows=210393 loops=1)
        Buckets: 131072  Batches: 8  Memory Usage: 2059kB
        ->  Hash Join  (cost=85282.22..129456.55 rows=377785 width=8) (actual time=5360.311..6759.051 rows=210393 loops=1)
              Hash Cond: (mi_idx.movie_id = t.id)
              ->  Seq Scan on movie_info_idx mi_idx  (cost=0.00..21735.35 rows=1380035 width=4) (actual time=0.026..1464.084 rows=1380035 loops=1)
              ->  Hash  (cost=73925.90..73925.90 rows=692185 width=4) (actual time=4385.736..4385.736 rows=596495 loops=1)
                    Buckets: 131072  Batches: 16  Memory Usage: 2332kB
                    ->  Seq Scan on title t  (cost=0.00..73925.90 rows=692185 width=4) (actual time=213.853..4158.802 rows=596495 loops=1)
                          Filter: ((production_year < 2002) AND (kind_id = 7))
                          Rows Removed by Filter: 1931817
Planning time: 9.383 ms
Execution time: 11672.345 ms
