Seq Scan on movie_companies mc  (cost=0.00..57926.93 rows=65696 width=0) (actual time=0.025..852.007 rows=22967 loops=1)
  Filter: ((company_id < 21) AND (company_type_id = 2))
  Rows Removed by Filter: 2586162
Planning time: 0.374 ms
Execution time: 855.279 ms
