Hash Join  (cost=160823.02..579936.23 rows=46445 width=0) (actual time=8583.355..31890.118 rows=76052 loops=1)
  Hash Cond: (mi.movie_id = t.id)
  ->  Seq Scan on movie_info mi  (cost=0.00..346232.03 rows=14483353 width=4) (actual time=0.016..20412.198 rows=14528932 loops=1)
        Filter: (info_type_id < 106)
        Rows Removed by Filter: 306788
  ->  Hash  (cost=160721.67..160721.67 rows=8108 width=8) (actual time=8307.496..8307.496 rows=7521 loops=1)
        Buckets: 8192  Batches: 1  Memory Usage: 358kB
        ->  Hash Join  (cost=73982.55..160721.67 rows=8108 width=8) (actual time=3592.119..8304.896 rows=7521 loops=1)
              Hash Cond: (mk.movie_id = t.id)
              ->  Seq Scan on movie_keyword mk  (cost=0.00..69693.30 rows=4523930 width=4) (actual time=0.041..3600.536 rows=4523930 loops=1)
              ->  Hash  (cost=73925.90..73925.90 rows=4532 width=4) (actual time=3589.911..3589.911 rows=14720 loops=1)
                    Buckets: 16384 (originally 8192)  Batches: 1 (originally 1)  Memory Usage: 646kB
                    ->  Seq Scan on title t  (cost=0.00..73925.90 rows=4532 width=4) (actual time=830.909..3582.461 rows=14720 loops=1)
                          Filter: ((kind_id = 7) AND (production_year = 1992))
                          Rows Removed by Filter: 2513592
Planning time: 1.076 ms
Execution time: 31900.538 ms
