Hash Join  (cost=221882.97..780547.56 rows=7390566 width=0) (actual time=11647.512..57625.047 rows=47903401 loops=1)
  Hash Cond: (mi.movie_id = t.id)
  ->  Seq Scan on movie_info mi  (cost=0.00..309384.22 rows=14739122 width=4) (actual time=0.016..22836.333 rows=14835720 loops=1)
  ->  Hash  (cost=201081.63..201081.63 rows=1267867 width=8) (actual time=11646.369..11646.369 rows=1274246 loops=1)
        Buckets: 131072  Batches: 32  Memory Usage: 2633kB
        ->  Hash Join  (cost=102767.86..201081.63 rows=1267867 width=8) (actual time=5368.421..11256.032 rows=1274246 loops=1)
              Hash Cond: (mc.movie_id = t.id)
              ->  Seq Scan on movie_companies mc  (cost=0.00..57926.93 rows=1267867 width=4) (actual time=0.025..3520.044 rows=1274246 loops=1)
                    Filter: ((company_id < 214295) AND (company_type_id < 2))
                    Rows Removed by Filter: 1334883
              ->  Hash  (cost=61283.27..61283.27 rows=2528527 width=4) (actual time=5367.366..5367.366 rows=2528312 loops=1)
                    Buckets: 131072  Batches: 64  Memory Usage: 2415kB
                    ->  Seq Scan on title t  (cost=0.00..61283.27 rows=2528527 width=4) (actual time=0.018..4228.111 rows=2528312 loops=1)
Planning time: 6.233 ms
Execution time: 63543.272 ms
