Seq Scan on cast_info ci  (cost=0.00..705507.15 rows=3791136 width=0) (actual time=23289.086..34953.198 rows=3826624 loops=1)
  Filter: (person_id > 3361555)
  Rows Removed by Filter: 32417720
Planning time: 0.322 ms
Execution time: 35588.330 ms
