Hash Join  (cost=799707.63..826620.48 rows=237 width=0) (actual time=35648.820..36864.907 rows=54 loops=1)
  Hash Cond: (mi_idx.movie_id = t.id)
  ->  Seq Scan on movie_info_idx mi_idx  (cost=0.00..21735.35 rows=1380035 width=4) (actual time=0.015..1190.374 rows=1380035 loops=1)
  ->  Hash  (cost=799702.19..799702.19 rows=435 width=8) (actual time=35391.535..35391.535 rows=42 loops=1)
        Buckets: 1024  Batches: 1  Memory Usage: 10kB
        ->  Nested Loop  (cost=0.43..799702.19 rows=435 width=8) (actual time=30602.720..35391.475 rows=42 loops=1)
              ->  Seq Scan on cast_info ci  (cost=0.00..796071.18 rows=435 width=4) (actual time=30602.602..35342.072 rows=42 loops=1)
                    Filter: ((role_id < 10) AND (person_id = 1663388))
                    Rows Removed by Filter: 36244302
              ->  Index Only Scan using title_pkey on title t  (cost=0.43..8.34 rows=1 width=4) (actual time=1.174..1.174 rows=1 loops=42)
                    Index Cond: (id = ci.movie_id)
                    Heap Fetches: 42
Planning time: 1.418 ms
Execution time: 36865.048 ms
