Hash Join  (cost=227053.54..758196.74 rows=4811227 width=0) (actual time=11697.595..52681.959 rows=46175480 loops=1)
  Hash Cond: (mi.movie_id = t.id)
  ->  Seq Scan on movie_info mi  (cost=0.00..309384.22 rows=14739122 width=4) (actual time=0.018..19328.535 rows=14835720 loops=1)
  ->  Hash  (cost=213511.34..213511.34 rows=825376 width=8) (actual time=11696.771..11696.771 rows=833789 loops=1)
        Buckets: 131072  Batches: 16  Memory Usage: 3177kB
        ->  Hash Join  (cost=102767.86..213511.34 rows=825376 width=8) (actual time=5924.290..11436.991 rows=833789 loops=1)
              Hash Cond: (mk.movie_id = t.id)
              ->  Seq Scan on movie_keyword mk  (cost=0.00..81003.12 rows=825376 width=4) (actual time=0.015..3937.436 rows=833789 loops=1)
                    Filter: (keyword_id > 22072)
                    Rows Removed by Filter: 3690141
              ->  Hash  (cost=61283.27..61283.27 rows=2528527 width=4) (actual time=5921.910..5921.910 rows=2528312 loops=1)
                    Buckets: 131072  Batches: 64  Memory Usage: 2425kB
                    ->  Seq Scan on title t  (cost=0.00..61283.27 rows=2528527 width=4) (actual time=0.007..4560.473 rows=2528312 loops=1)
Planning time: 3.952 ms
Execution time: 58426.860 ms
