Hash Join  (cost=169217.88..281660.07 rows=375552 width=0) (actual time=9092.886..15605.464 rows=3690870 loops=1)
  Hash Cond: (mk.movie_id = t.id)
  ->  Seq Scan on movie_keyword mk  (cost=0.00..81003.12 rows=2251611 width=4) (actual time=0.023..4302.979 rows=2250534 loops=1)
        Filter: (keyword_id > 4785)
        Rows Removed by Filter: 2273396
  ->  Hash  (cost=162298.13..162298.13 rows=421740 width=8) (actual time=9091.787..9091.787 rows=870747 loops=1)
        Buckets: 131072 (originally 131072)  Batches: 16 (originally 8)  Memory Usage: 3176kB
        ->  Hash Join  (cost=83810.17..162298.13 rows=421740 width=8) (actual time=4011.670..8521.637 rows=870747 loops=1)
              Hash Cond: (mc.movie_id = t.id)
              ->  Seq Scan on movie_companies mc  (cost=0.00..57926.93 rows=1079632 width=4) (actual time=0.019..3314.314 rows=1203201 loops=1)
                    Filter: ((company_id > 424) AND (company_type_id = 2))
                    Rows Removed by Filter: 1405928
              ->  Hash  (cost=67604.59..67604.59 rows=987727 width=4) (actual time=4010.510..4010.510 rows=985048 loops=1)
                    Buckets: 131072  Batches: 16  Memory Usage: 3188kB
                    ->  Seq Scan on title t  (cost=0.00..67604.59 rows=987727 width=4) (actual time=0.013..3615.477 rows=985048 loops=1)
                          Filter: (kind_id < 7)
                          Rows Removed by Filter: 1543264
Planning time: 2.783 ms
Execution time: 16053.259 ms
