Hash Join  (cost=127639.29..253278.59 rows=298526 width=0) (actual time=5660.950..12819.023 rows=3079846 loops=1)
  Hash Cond: (mk.movie_id = t.id)
  ->  Seq Scan on movie_keyword mk  (cost=0.00..69693.30 rows=4523930 width=4) (actual time=0.013..4318.980 rows=4523930 loops=1)
  ->  Hash  (cost=124901.62..124901.62 rows=166853 width=8) (actual time=5660.076..5660.076 rows=312836 loops=1)
        Buckets: 131072  Batches: 4  Memory Usage: 4092kB
        ->  Hash Join  (cost=89167.69..124901.62 rows=166853 width=8) (actual time=3877.354..5565.118 rows=312836 loops=1)
              Hash Cond: (mi_idx.movie_id = t.id)
              ->  Seq Scan on movie_info_idx mi_idx  (cost=0.00..25185.44 rows=454124 width=4) (actual time=0.023..1154.240 rows=459925 loops=1)
                    Filter: (info_type_id = 100)
                    Rows Removed by Filter: 920110
              ->  Hash  (cost=73925.90..73925.90 rows=929023 width=4) (actual time=3876.305..3876.305 rows=896133 loops=1)
                    Buckets: 131072  Batches: 16  Memory Usage: 2994kB
                    ->  Seq Scan on title t  (cost=0.00..73925.90 rows=929023 width=4) (actual time=0.019..3539.010 rows=896133 loops=1)
                          Filter: ((kind_id < 7) AND (production_year > 1918))
                          Rows Removed by Filter: 1632179
Planning time: 4.845 ms
Execution time: 13198.957 ms
