Hash Join  (cost=131804.36..211367.51 rows=327362 width=0) (actual time=5510.953..8980.445 rows=454746 loops=1)
  Hash Cond: (mc.movie_id = t.id)
  ->  Seq Scan on movie_companies mc  (cost=0.00..44881.29 rows=2609129 width=4) (actual time=0.014..1989.595 rows=2609129 loops=1)
  ->  Hash  (cost=126598.75..126598.75 rows=317249 width=8) (actual time=5503.749..5503.749 rows=181533 loops=1)
        Buckets: 131072  Batches: 8  Memory Usage: 1907kB
        ->  Hash Join  (cost=83462.78..126598.75 rows=317249 width=8) (actual time=3633.442..5451.106 rows=181533 loops=1)
              Hash Cond: (mi_idx.movie_id = t.id)
              ->  Seq Scan on movie_info_idx mi_idx  (cost=0.00..21735.35 rows=1380035 width=4) (actual time=0.019..1055.322 rows=1380035 loops=1)
              ->  Hash  (cost=73925.90..73925.90 rows=581270 width=4) (actual time=3632.582..3632.582 rows=602533 loops=1)
                    Buckets: 131072  Batches: 8  Memory Usage: 3669kB
                    ->  Seq Scan on title t  (cost=0.00..73925.90 rows=581270 width=4) (actual time=0.017..3410.199 rows=602533 loops=1)
                          Filter: ((kind_id > 1) AND (production_year > 2007))
                          Rows Removed by Filter: 1925779
Planning time: 1.109 ms
Execution time: 9033.616 ms
