Seq Scan on title t  (cost=0.00..73925.90 rows=84883 width=0) (actual time=489.854..3649.322 rows=117106 loops=1)
  Filter: ((production_year > 1984) AND (kind_id = 4))
  Rows Removed by Filter: 2411206
Planning time: 1.109 ms
Execution time: 3665.896 ms
