Seq Scan on movie_keyword mk  (cost=0.00..81003.12 rows=246 width=0) (actual time=13.294..1628.200 rows=19 loops=1)
  Filter: (keyword_id = 18440)
  Rows Removed by Filter: 4523911
Planning time: 0.398 ms
Execution time: 1628.307 ms
