Seq Scan on movie_keyword mk  (cost=0.00..81003.12 rows=2389552 width=0) (actual time=0.018..3672.555 rows=2385991 loops=1)
  Filter: (keyword_id > 3984)
  Rows Removed by Filter: 2137939
Planning time: 0.302 ms
Execution time: 4026.899 ms
