Seq Scan on movie_companies mc  (cost=0.00..51404.11 rows=2006401 width=0) (actual time=0.028..967.260 rows=2000522 loops=1)
  Filter: (company_id < 65419)
  Rows Removed by Filter: 608607
Planning time: 0.360 ms
Execution time: 1220.778 ms
