Seq Scan on cast_info ci  (cost=0.00..705507.15 rows=6370093 width=0) (actual time=4819.492..32991.527 rows=6461258 loops=1)
  Filter: (person_id > 3010075)
  Rows Removed by Filter: 29783086
Planning time: 0.492 ms
Execution time: 33931.049 ms
