Seq Scan on movie_companies mc  (cost=0.00..51404.11 rows=211740 width=0) (actual time=0.015..802.269 rows=213107 loops=1)
  Filter: (company_id > 109780)
  Rows Removed by Filter: 2396022
Planning time: 0.308 ms
Execution time: 832.281 ms
