Hash Join  (cost=158169.92..515996.24 rows=8856 width=0) (actual time=6123.863..9140.215 rows=112952 loops=1)
  Hash Cond: (mi.movie_id = t.id)
  ->  Seq Scan on movie_info mi  (cost=0.00..346232.03 rows=3068194 width=4) (actual time=3100.705..5581.912 rows=3036719 loops=1)
        Filter: (info_type_id = 16)
        Rows Removed by Filter: 11799001
  ->  Hash  (cost=158078.70..158078.70 rows=7298 width=8) (actual time=3007.301..3007.301 rows=20188 loops=1)
        Buckets: 32768 (originally 8192)  Batches: 1 (originally 1)  Memory Usage: 1045kB
        ->  Hash Join  (cost=67697.55..158078.70 rows=7298 width=8) (actual time=1048.219..2999.980 rows=20188 loops=1)
              Hash Cond: (mk.movie_id = t.id)
              ->  Seq Scan on movie_keyword mk  (cost=0.00..81003.12 rows=2481345 width=4) (actual time=0.033..1543.222 rows=2473213 loops=1)
                    Filter: (keyword_id > 3658)
                    Rows Removed by Filter: 2050717
              ->  Hash  (cost=67604.59..67604.59 rows=7437 width=4) (actual time=1047.301..1047.301 rows=14770 loops=1)
                    Buckets: 16384 (originally 8192)  Batches: 1 (originally 1)  Memory Usage: 648kB
                    ->  Seq Scan on title t  (cost=0.00..67604.59 rows=7437 width=4) (actual time=0.019..1040.360 rows=14770 loops=1)
                          Filter: (production_year = 1982)
                          Rows Removed by Filter: 2513542
Planning time: 1.204 ms
Execution time: 9154.612 ms
