Seq Scan on movie_companies mc  (cost=0.00..57926.93 rows=53 width=0) (actual time=99.226..821.833 rows=8 loops=1)
  Filter: ((company_id = 99905) AND (company_type_id = 2))
  Rows Removed by Filter: 2609121
Planning time: 0.406 ms
Execution time: 821.912 ms
