Seq Scan on movie_keyword mk  (cost=0.00..81003.12 rows=246 width=0) (actual time=1.285..1283.281 rows=365 loops=1)
  Filter: (keyword_id = 2955)
  Rows Removed by Filter: 4523565
Planning time: 0.379 ms
Execution time: 1283.543 ms
