Seq Scan on cast_info ci  (cost=0.00..705507.15 rows=500 width=0) (actual time=10261.064..11018.015 rows=70 loops=1)
  Filter: (person_id = 2747465)
  Rows Removed by Filter: 36244274
Planning time: 0.381 ms
Execution time: 11018.103 ms
