Hash Join  (cost=158528.38..1255544.86 rows=6153532 width=0) (actual time=3633.347..39502.572 rows=13449661 loops=1)
  Hash Cond: (ci.movie_id = t.id)
  ->  Seq Scan on cast_info ci  (cost=0.00..614943.12 rows=36225612 width=4) (actual time=0.026..13312.263 rows=36244344 loops=1)
  ->  Hash  (cost=151481.46..151481.46 rows=429513 width=8) (actual time=3632.226..3632.226 rows=454928 loops=1)
        Buckets: 131072  Batches: 8  Memory Usage: 3251kB
        ->  Hash Join  (cost=106840.27..151481.46 rows=429513 width=8) (actual time=2119.962..3497.872 rows=454928 loops=1)
              Hash Cond: (mi_idx.movie_id = t.id)
              ->  Seq Scan on movie_info_idx mi_idx  (cost=0.00..25185.44 rows=454124 width=4) (actual time=0.019..527.496 rows=459925 loops=1)
                    Filter: (info_type_id = 100)
                    Rows Removed by Filter: 920110
              ->  Hash  (cost=67604.59..67604.59 rows=2391495 width=4) (actual time=2118.880..2118.880 rows=2388876 loops=1)
                    Buckets: 131072  Batches: 32  Memory Usage: 3646kB
                    ->  Seq Scan on title t  (cost=0.00..67604.59 rows=2391495 width=4) (actual time=0.025..1358.300 rows=2388876 loops=1)
                          Filter: (production_year < 2013)
                          Rows Removed by Filter: 139436
Planning time: 2.112 ms
Execution time: 41123.951 ms
