Hash Join  (cost=158576.02..187314.33 rows=10641 width=0) (actual time=2579.735..3204.083 rows=27656 loops=1)
  Hash Cond: (mi_idx.movie_id = t.id)
  ->  Seq Scan on movie_info_idx mi_idx  (cost=0.00..25185.44 rows=919057 width=4) (actual time=0.033..451.353 rows=920110 loops=1)
        Filter: (info_type_id > 99)
        Rows Removed by Filter: 459925
  ->  Hash  (cost=158210.07..158210.07 rows=29276 width=8) (actual time=2579.486..2579.486 rows=22140 loops=1)
        Buckets: 32768  Batches: 1  Memory Usage: 1121kB
        ->  Hash Join  (cost=69694.50..158210.07 rows=29276 width=8) (actual time=1051.645..2572.395 rows=22140 loops=1)
              Hash Cond: (mk.movie_id = t.id)
              ->  Seq Scan on movie_keyword mk  (cost=0.00..81003.12 rows=581250 width=4) (actual time=0.013..1290.836 rows=585831 loops=1)
                    Filter: (keyword_id < 419)
                    Rows Removed by Filter: 3938099
              ->  Hash  (cost=67604.59..67604.59 rows=127353 width=4) (actual time=1050.635..1050.635 rows=128696 loops=1)
                    Buckets: 131072  Batches: 2  Memory Usage: 3290kB
                    ->  Seq Scan on title t  (cost=0.00..67604.59 rows=127353 width=4) (actual time=0.027..999.139 rows=128696 loops=1)
                          Filter: (production_year = 2009)
                          Rows Removed by Filter: 2399616
Planning time: 1.040 ms
Execution time: 3207.639 ms
