Hash Join  (cost=154603.67..279266.70 rows=218399 width=0) (actual time=3219.753..6027.741 rows=223832 loops=1)
  Hash Cond: (mk.movie_id = t.id)
  ->  Seq Scan on movie_keyword mk  (cost=0.00..69693.30 rows=4523930 width=4) (actual time=0.012..1407.936 rows=4523930 loops=1)
  ->  Hash  (cost=152600.82..152600.82 rows=122068 width=8) (actual time=3218.304..3218.304 rows=75459 loops=1)
        Buckets: 131072  Batches: 2  Memory Usage: 2498kB
        ->  Hash Join  (cost=75867.62..152600.82 rows=122068 width=8) (actual time=1238.290..3189.240 rows=75459 loops=1)
              Hash Cond: (mc.movie_id = t.id)
              ->  Seq Scan on movie_companies mc  (cost=0.00..44881.29 rows=2609129 width=4) (actual time=0.032..956.656 rows=2609129 loops=1)
              ->  Hash  (cost=73925.90..73925.90 rows=118297 width=4) (actual time=1237.466..1237.466 rows=122606 loops=1)
                    Buckets: 131072  Batches: 2  Memory Usage: 3179kB
                    ->  Seq Scan on title t  (cost=0.00..73925.90 rows=118297 width=4) (actual time=0.018..1192.584 rows=122606 loops=1)
                          Filter: ((kind_id > 1) AND (production_year = 2011))
                          Rows Removed by Filter: 2405706
Planning time: 1.133 ms
Execution time: 6057.145 ms
