Hash Join  (cost=217858.32..1000973.97 rows=2263711 width=0) (actual time=5043.334..20425.239 rows=3734082 loops=1)
  Hash Cond: (ci.movie_id = t.id)
  ->  Seq Scan on cast_info ci  (cost=0.00..705507.15 rows=4304905 width=4) (actual time=166.804..11651.339 rows=4172921 loops=1)
        Filter: (person_id < 401304)
        Rows Removed by Filter: 32071423
  ->  Hash  (cost=196044.17..196044.17 rows=1329612 width=8) (actual time=4875.232..4875.232 rows=1334883 loops=1)
        Buckets: 131072  Batches: 32  Memory Usage: 2639kB
        ->  Hash Join  (cost=102767.86..196044.17 rows=1329612 width=8) (actual time=2080.111..4508.255 rows=1334883 loops=1)
              Hash Cond: (mc.movie_id = t.id)
              ->  Seq Scan on movie_companies mc  (cost=0.00..51404.11 rows=1329612 width=4) (actual time=253.509..1064.952 rows=1334883 loops=1)
                    Filter: (company_type_id > 1)
                    Rows Removed by Filter: 1274246
              ->  Hash  (cost=61283.27..61283.27 rows=2528527 width=4) (actual time=1824.421..1824.421 rows=2528312 loops=1)
                    Buckets: 131072  Batches: 64  Memory Usage: 2415kB
                    ->  Seq Scan on title t  (cost=0.00..61283.27 rows=2528527 width=4) (actual time=0.034..985.152 rows=2528312 loops=1)
Planning time: 1.199 ms
Execution time: 20861.398 ms
