Hash Join  (cost=447381.56..525855.48 rows=248339 width=0) (actual time=8231.153..11523.502 rows=5720575 loops=1)
  Hash Cond: (mc.movie_id = t.id)
  ->  Seq Scan on movie_companies mc  (cost=0.00..44881.29 rows=2609129 width=4) (actual time=0.010..989.867 rows=2609129 loops=1)
  ->  Hash  (cost=443432.23..443432.23 rows=240667 width=8) (actual time=8229.996..8229.996 rows=364525 loops=1)
        Buckets: 131072 (originally 131072)  Batches: 8 (originally 4)  Memory Usage: 3073kB
        ->  Hash Join  (cost=83810.17..443432.23 rows=240667 width=8) (actual time=3722.545..8115.943 rows=364525 loops=1)
              Hash Cond: (mi.movie_id = t.id)
              ->  Seq Scan on movie_info mi  (cost=0.00..346232.03 rows=616095 width=4) (actual time=2056.951..5981.703 rows=598457 loops=1)
                    Filter: (info_type_id = 15)
                    Rows Removed by Filter: 14237263
              ->  Hash  (cost=67604.59..67604.59 rows=987727 width=4) (actual time=1602.682..1602.682 rows=985048 loops=1)
                    Buckets: 131072  Batches: 16  Memory Usage: 3197kB
                    ->  Seq Scan on title t  (cost=0.00..67604.59 rows=987727 width=4) (actual time=0.038..1287.451 rows=985048 loops=1)
                          Filter: (kind_id < 7)
                          Rows Removed by Filter: 1543264
Planning time: 1.244 ms
Execution time: 12119.210 ms
