Hash Join  (cost=83074.74..833899.15 rows=3524 width=0) (actual time=1371.567..16527.094 rows=4511 loops=1)
  Hash Cond: (ci.movie_id = t.id)
  ->  Seq Scan on cast_info ci  (cost=0.00..614943.12 rows=36225612 width=4) (actual time=0.019..8632.944 rows=36244344 loops=1)
  ->  Hash  (cost=83071.67..83071.67 rows=246 width=8) (actual time=1364.599..1364.599 rows=92 loops=1)
        Buckets: 1024  Batches: 1  Memory Usage: 12kB
        ->  Nested Loop  (cost=0.43..83071.67 rows=246 width=8) (actual time=0.524..1364.452 rows=92 loops=1)
              ->  Seq Scan on movie_keyword mk  (cost=0.00..81003.12 rows=246 width=4) (actual time=0.479..1356.177 rows=92 loops=1)
                    Filter: (keyword_id = 27797)
                    Rows Removed by Filter: 4523838
              ->  Index Only Scan using title_pkey on title t  (cost=0.43..8.40 rows=1 width=4) (actual time=0.083..0.084 rows=1 loops=92)
                    Index Cond: (id = mk.movie_id)
                    Heap Fetches: 92
Planning time: 1.085 ms
Execution time: 16529.421 ms
