Hash Join  (cost=77854.63..206401.09 rows=352779 width=0) (actual time=1188.431..4524.714 rows=67165 loops=1)
  Hash Cond: (mk.movie_id = t.id)
  ->  Seq Scan on movie_keyword mk  (cost=0.00..81003.12 rows=3725744 width=4) (actual time=0.019..1692.769 rows=3720838 loops=1)
        Filter: (keyword_id < 23070)
        Rows Removed by Filter: 803092
  ->  Hash  (cost=73925.90..73925.90 rows=239418 width=4) (actual time=1187.480..1187.480 rows=256906 loops=1)
        Buckets: 131072  Batches: 4  Memory Usage: 3302kB
        ->  Seq Scan on title t  (cost=0.00..73925.90 rows=239418 width=4) (actual time=0.016..1098.996 rows=256906 loops=1)
              Filter: ((production_year > 2010) AND (kind_id = 7))
              Rows Removed by Filter: 2271406
Planning time: 0.761 ms
Execution time: 4532.735 ms
