Hash Join  (cost=102767.86..274195.68 rows=3347366 width=0) (actual time=2055.098..6563.529 rows=3342181 loops=1)
  Hash Cond: (mk.movie_id = t.id)
  ->  Seq Scan on movie_keyword mk  (cost=0.00..81003.12 rows=3347366 width=4) (actual time=0.017..1622.183 rows=3342181 loops=1)
        Filter: (keyword_id > 1399)
        Rows Removed by Filter: 1181749
  ->  Hash  (cost=61283.27..61283.27 rows=2528527 width=4) (actual time=2053.885..2053.885 rows=2528312 loops=1)
        Buckets: 131072  Batches: 64  Memory Usage: 2425kB
        ->  Seq Scan on title t  (cost=0.00..61283.27 rows=2528527 width=4) (actual time=0.023..1154.519 rows=2528312 loops=1)
Planning time: 0.759 ms
Execution time: 6972.046 ms
