Hash Join  (cost=684968.18..2683653.21 rows=76295086 width=0) (actual time=15565.804..62689.693 rows=55956858 loops=1)
  Hash Cond: (ci.movie_id = t.id)
  ->  Seq Scan on cast_info ci  (cost=0.00..614943.12 rows=36225612 width=4) (actual time=0.019..13937.313 rows=36244344 loops=1)
  ->  Hash  (cost=597598.26..597598.26 rows=5325353 width=8) (actual time=15562.671..15562.671 rows=2855718 loops=1)
        Buckets: 131072  Batches: 128  Memory Usage: 1880kB
        ->  Hash Join  (cost=98137.04..597598.26 rows=5325353 width=8) (actual time=2854.048..14172.103 rows=2855718 loops=1)
              Hash Cond: (mi.movie_id = t.id)
              ->  Seq Scan on movie_info mi  (cost=0.00..346232.03 rows=7235534 width=4) (actual time=902.814..6725.644 rows=7286865 loops=1)
                    Filter: (info_type_id < 8)
                    Rows Removed by Filter: 7548855
              ->  Hash  (cost=67604.59..67604.59 rows=1860996 width=4) (actual time=1950.333..1950.333 rows=1865487 loops=1)
                    Buckets: 131072  Batches: 32  Memory Usage: 3085kB
                    ->  Seq Scan on title t  (cost=0.00..67604.59 rows=1860996 width=4) (actual time=0.019..1340.154 rows=1865487 loops=1)
                          Filter: (kind_id > 1)
                          Rows Removed by Filter: 662825
Planning time: 14.437 ms
Execution time: 68788.954 ms
