Seq Scan on cast_info ci  (cost=0.00..796071.18 rows=6168737 width=0) (actual time=0.019..16114.161 rows=7451973 loops=1)
  Filter: ((person_id < 3082083) AND (role_id = 2))
  Rows Removed by Filter: 28792371
Planning time: 0.308 ms
Execution time: 17032.536 ms
