Hash Join  (cost=128858.02..850698.68 rows=13160 width=0) (actual time=10366.372..16349.539 rows=7237 loops=1)
  Hash Cond: (ci.movie_id = t.id)
  ->  Seq Scan on cast_info ci  (cost=0.00..705507.15 rows=4320508 width=4) (actual time=8017.607..13249.334 rows=4323018 loops=1)
        Filter: (role_id = 10)
        Rows Removed by Filter: 31921326
  ->  Hash  (cost=128761.75..128761.75 rows=7702 width=8) (actual time=2346.445..2346.445 rows=5903 loops=1)
        Buckets: 8192  Batches: 1  Memory Usage: 295kB
        ->  Hash Join  (cost=74019.21..128761.75 rows=7702 width=8) (actual time=1128.290..2343.634 rows=5903 loops=1)
              Hash Cond: (mc.movie_id = t.id)
              ->  Seq Scan on movie_companies mc  (cost=0.00..44881.29 rows=2609129 width=4) (actual time=0.024..652.235 rows=2609129 loops=1)
              ->  Hash  (cost=73925.90..73925.90 rows=7464 width=4) (actual time=1128.051..1128.051 rows=5186 loops=1)
                    Buckets: 8192  Batches: 1  Memory Usage: 247kB
                    ->  Seq Scan on title t  (cost=0.00..73925.90 rows=7464 width=4) (actual time=112.095..1125.781 rows=5186 loops=1)
                          Filter: ((kind_id = 4) AND (production_year = 2012))
                          Rows Removed by Filter: 2523126
Planning time: 1.173 ms
Execution time: 16351.067 ms
