Hash Join  (cost=58375.85..889476.53 rows=702 width=0) (actual time=3379.648..18281.472 rows=5 loops=1)
  Hash Cond: (ci.movie_id = t.id)
  ->  Seq Scan on cast_info ci  (cost=0.00..705507.15 rows=33489738 width=4) (actual time=0.026..12378.527 rows=33463671 loops=1)
        Filter: (person_id < 3533398)
        Rows Removed by Filter: 2780673
  ->  Hash  (cost=58375.18..58375.18 rows=53 width=8) (actual time=815.720..815.720 rows=1 loops=1)
        Buckets: 1024  Batches: 1  Memory Usage: 9kB
        ->  Nested Loop  (cost=0.43..58375.18 rows=53 width=8) (actual time=85.428..815.715 rows=1 loops=1)
              ->  Seq Scan on movie_companies mc  (cost=0.00..57926.93 rows=53 width=4) (actual time=85.348..815.633 rows=1 loops=1)
                    Filter: ((company_id = 745) AND (company_type_id = 2))
                    Rows Removed by Filter: 2609128
              ->  Index Only Scan using title_pkey on title t  (cost=0.43..8.45 rows=1 width=4) (actual time=0.068..0.069 rows=1 loops=1)
                    Index Cond: (id = mc.movie_id)
                    Heap Fetches: 1
Planning time: 1.167 ms
Execution time: 18281.632 ms
