Seq Scan on cast_info ci  (cost=0.00..705507.15 rows=500 width=0) (actual time=4471.458..10947.233 rows=2 loops=1)
  Filter: (person_id = 1663122)
  Rows Removed by Filter: 36244342
Planning time: 0.331 ms
Execution time: 10947.340 ms
