Hash Join  (cost=83074.74..111707.54 rows=89 width=0) (actual time=1295.378..1695.510 rows=327 loops=1)
  Hash Cond: (mi_idx.movie_id = t.id)
  ->  Seq Scan on movie_info_idx mi_idx  (cost=0.00..25185.44 rows=919057 width=4) (actual time=0.023..309.901 rows=920110 loops=1)
        Filter: (info_type_id > 99)
        Rows Removed by Filter: 459925
  ->  Hash  (cost=83071.67..83071.67 rows=246 width=8) (actual time=1291.352..1291.352 rows=184 loops=1)
        Buckets: 1024  Batches: 1  Memory Usage: 16kB
        ->  Nested Loop  (cost=0.43..83071.67 rows=246 width=8) (actual time=15.663..1291.142 rows=184 loops=1)
              ->  Seq Scan on movie_keyword mk  (cost=0.00..81003.12 rows=246 width=4) (actual time=15.582..1281.923 rows=184 loops=1)
                    Filter: (keyword_id = 17592)
                    Rows Removed by Filter: 4523746
              ->  Index Only Scan using title_pkey on title t  (cost=0.43..8.40 rows=1 width=4) (actual time=0.046..0.047 rows=1 loops=184)
                    Index Cond: (id = mk.movie_id)
                    Heap Fetches: 184
Planning time: 3.492 ms
Execution time: 1695.685 ms
