Seq Scan on movie_companies mc  (cost=0.00..57926.93 rows=789710 width=0) (actual time=121.236..952.947 rows=494805 loops=1)
  Filter: ((company_id < 14513) AND (company_type_id = 2))
  Rows Removed by Filter: 2114324
Planning time: 0.353 ms
Execution time: 1012.491 ms
