Seq Scan on cast_info ci  (cost=0.00..705507.15 rows=20017830 width=0) (actual time=11.239..10924.991 rows=19881800 loops=1)
  Filter: (person_id < 1996372)
  Rows Removed by Filter: 16362544
Planning time: 0.303 ms
Execution time: 13121.583 ms
