Hash Join  (cost=79677.10..124260.48 rows=401590 width=0) (actual time=1441.033..2742.649 rows=486395 loops=1)
  Hash Cond: (mi_idx.movie_id = t.id)
  ->  Seq Scan on movie_info_idx mi_idx  (cost=0.00..21735.35 rows=1380035 width=4) (actual time=0.018..504.392 rows=1380035 loops=1)
  ->  Hash  (cost=67604.59..67604.59 rows=735801 width=4) (actual time=1440.366..1440.366 rows=730985 loops=1)
        Buckets: 131072  Batches: 16  Memory Usage: 2631kB
        ->  Seq Scan on title t  (cost=0.00..67604.59 rows=735801 width=4) (actual time=0.023..1208.468 rows=730985 loops=1)
              Filter: (production_year < 1992)
              Rows Removed by Filter: 1797327
Planning time: 0.708 ms
Execution time: 2791.991 ms
