Hash Join  (cost=709678.15..796345.14 rows=895 width=0) (actual time=10617.423..12405.477 rows=992 loops=1)
  Hash Cond: (mk.movie_id = t.id)
  ->  Seq Scan on movie_keyword mk  (cost=0.00..69693.30 rows=4523930 width=4) (actual time=0.025..1010.905 rows=4523930 loops=1)
  ->  Hash  (cost=709671.90..709671.90 rows=500 width=8) (actual time=10611.196..10611.196 rows=287 loops=1)
        Buckets: 1024  Batches: 1  Memory Usage: 20kB
        ->  Nested Loop  (cost=0.43..709671.90 rows=500 width=8) (actual time=1044.910..10611.034 rows=287 loops=1)
              ->  Seq Scan on cast_info ci  (cost=0.00..705507.15 rows=500 width=4) (actual time=1044.798..10604.504 rows=287 loops=1)
                    Filter: (person_id = 1292237)
                    Rows Removed by Filter: 36244057
              ->  Index Only Scan using title_pkey on title t  (cost=0.43..8.32 rows=1 width=4) (actual time=0.021..0.022 rows=1 loops=287)
                    Index Cond: (id = ci.movie_id)
                    Heap Fetches: 287
Planning time: 1.150 ms
Execution time: 12405.707 ms
