Hash Join  (cost=83810.17..647306.18 rows=5389086 width=0) (actual time=1498.377..17993.715 rows=10020488 loops=1)
  Hash Cond: (mi.movie_id = t.id)
  ->  Seq Scan on movie_info mi  (cost=0.00..346232.03 rows=13795764 width=4) (actual time=46.613..7336.863 rows=13838458 loops=1)
        Filter: (info_type_id < 90)
        Rows Removed by Filter: 997262
  ->  Hash  (cost=67604.59..67604.59 rows=987727 width=4) (actual time=1450.502..1450.502 rows=985048 loops=1)
        Buckets: 131072  Batches: 16  Memory Usage: 3197kB
        ->  Seq Scan on title t  (cost=0.00..67604.59 rows=987727 width=4) (actual time=0.017..1154.214 rows=985048 loops=1)
              Filter: (kind_id < 7)
              Rows Removed by Filter: 1543264
Planning time: 1.205 ms
Execution time: 19071.101 ms
