Hash Join  (cost=234314.86..851832.71 rows=11179602 width=0) (actual time=5479.012..29920.945 rows=47316908 loops=1)
  Hash Cond: (mi.movie_id = t.id)
  ->  Seq Scan on movie_info mi  (cost=0.00..309384.22 rows=14739122 width=4) (actual time=0.018..6071.950 rows=14835720 loops=1)
  ->  Hash  (cost=202849.31..202849.31 rows=1917884 width=8) (actual time=5478.328..5478.328 rows=1625930 loops=1)
        Buckets: 131072  Batches: 32  Memory Usage: 3054kB
        ->  Hash Join  (cost=98098.54..202849.31 rows=1917884 width=8) (actual time=1987.948..5005.401 rows=1625930 loops=1)
              Hash Cond: (mc.movie_id = t.id)
              ->  Seq Scan on movie_companies mc  (cost=0.00..44881.29 rows=2609129 width=4) (actual time=0.028..922.215 rows=2609129 loops=1)
              ->  Hash  (cost=67604.59..67604.59 rows=1858636 width=4) (actual time=1986.818..1986.818 rows=1852807 loops=1)
                    Buckets: 131072  Batches: 32  Memory Usage: 3067kB
                    ->  Seq Scan on title t  (cost=0.00..67604.59 rows=1858636 width=4) (actual time=0.015..1375.816 rows=1852807 loops=1)
                          Filter: (production_year > 1985)
                          Rows Removed by Filter: 675505
Planning time: 1.112 ms
Execution time: 35081.567 ms
