Hash Join  (cost=204030.31..1413627.10 rows=17112762 width=0) (actual time=4848.405..41332.178 rows=22742373 loops=1)
  Hash Cond: (ci.movie_id = t.id)
  ->  Seq Scan on cast_info ci  (cost=0.00..614943.12 rows=36225612 width=4) (actual time=0.028..13290.902 rows=36244344 loops=1)
  ->  Hash  (cost=184433.55..184433.55 rows=1194461 width=8) (actual time=4847.322..4847.322 rows=781657 loops=1)
        Buckets: 131072  Batches: 16  Memory Usage: 2902kB
        ->  Hash Join  (cost=92917.42..184433.55 rows=1194461 width=8) (actual time=2059.967..4643.035 rows=781657 loops=1)
              Hash Cond: (mc.movie_id = t.id)
              ->  Seq Scan on movie_companies mc  (cost=0.00..44881.29 rows=2609129 width=4) (actual time=0.016..922.047 rows=2609129 loops=1)
              ->  Hash  (cost=73925.90..73925.90 rows=1157561 width=4) (actual time=2058.774..2058.774 rows=1267332 loops=1)
                    Buckets: 131072  Batches: 16  Memory Usage: 3815kB
                    ->  Seq Scan on title t  (cost=0.00..73925.90 rows=1157561 width=4) (actual time=0.019..1396.850 rows=1267332 loops=1)
                          Filter: ((kind_id > 1) AND (production_year > 1996))
                          Rows Removed by Filter: 1260980
Planning time: 0.981 ms
Execution time: 43803.875 ms
