Hash Join  (cost=83074.71..447741.95 rows=1131 width=0) (actual time=1309.580..8020.304 rows=209 loops=1)
  Hash Cond: (mi.movie_id = t.id)
  ->  Seq Scan on movie_info mi  (cost=0.00..309384.22 rows=14739122 width=4) (actual time=0.018..4118.588 rows=14835720 loops=1)
  ->  Hash  (cost=83072.29..83072.29 rows=194 width=8) (actual time=1249.664..1249.664 rows=4 loops=1)
        Buckets: 1024  Batches: 1  Memory Usage: 9kB
        ->  Nested Loop  (cost=0.43..83072.29 rows=194 width=8) (actual time=20.830..1249.644 rows=4 loops=1)
              ->  Seq Scan on movie_keyword mk  (cost=0.00..81003.12 rows=246 width=4) (actual time=20.777..1249.378 rows=4 loops=1)
                    Filter: (keyword_id = 28501)
                    Rows Removed by Filter: 4523926
              ->  Index Scan using title_pkey on title t  (cost=0.43..8.40 rows=1 width=4) (actual time=0.056..0.058 rows=1 loops=4)
                    Index Cond: (id = mk.movie_id)
                    Filter: (production_year > 1976)
Planning time: 1.143 ms
Execution time: 8020.546 ms
