Seq Scan on cast_info ci  (cost=0.00..705507.15 rows=28141951 width=0) (actual time=0.021..13375.824 rows=28288198 loops=1)
  Filter: (person_id > 777388)
  Rows Removed by Filter: 7956146
Planning time: 1.116 ms
Execution time: 16798.745 ms
