Seq Scan on movie_keyword mk  (cost=0.00..81003.12 rows=2530794 width=0) (actual time=0.229..1462.813 rows=2523408 loops=1)
  Filter: (keyword_id > 3539)
  Rows Removed by Filter: 2000522
Planning time: 0.303 ms
Execution time: 1769.699 ms
