Seq Scan on cast_info ci  (cost=0.00..796071.18 rows=407110 width=0) (actual time=6863.820..13967.391 rows=513799 loops=1)
  Filter: ((person_id > 1561393) AND (role_id = 6))
  Rows Removed by Filter: 35730545
Planning time: 0.360 ms
Execution time: 14034.207 ms
