Hash Join  (cost=94024.89..187109.53 rows=215416 width=0) (actual time=2481.309..3706.118 rows=40496 loops=1)
  Hash Cond: (mk.movie_id = t.id)
  ->  Seq Scan on movie_keyword mk  (cost=0.00..81003.12 rows=444627 width=4) (actual time=0.022..1285.368 rows=443023 loops=1)
        Filter: (keyword_id > 39935)
        Rows Removed by Filter: 4080907
  ->  Hash  (cost=73925.90..73925.90 rows=1225039 width=4) (actual time=1955.015..1955.015 rows=1308896 loops=1)
        Buckets: 131072  Batches: 32  Memory Usage: 2474kB
        ->  Seq Scan on title t  (cost=0.00..73925.90 rows=1225039 width=4) (actual time=0.024..1511.622 rows=1308896 loops=1)
              Filter: ((production_year > 1975) AND (kind_id = 7))
              Rows Removed by Filter: 1219416
Planning time: 0.744 ms
Execution time: 3711.416 ms
