Seq Scan on title t  (cost=0.00..73925.90 rows=152539 width=0) (actual time=43.229..1148.490 rows=53426 loops=1)
  Filter: ((production_year < 1961) AND (kind_id = 7))
  Rows Removed by Filter: 2474886
Planning time: 0.335 ms
Execution time: 1157.167 ms
