Hash Join  (cost=70840.90..427840.18 rows=63162 width=0) (actual time=4737.279..7114.767 rows=65898 loops=1)
  Hash Cond: (mi.movie_id = t.id)
  ->  Seq Scan on movie_info mi  (cost=0.00..346232.03 rows=809768 width=4) (actual time=3341.174..5345.397 rows=802140 loops=1)
        Filter: (info_type_id < 2)
        Rows Removed by Filter: 14033580
  ->  Hash  (cost=67604.59..67604.59 rows=197225 width=4) (actual time=1392.918..1392.918 rows=194989 loops=1)
        Buckets: 131072  Batches: 4  Memory Usage: 2744kB
        ->  Seq Scan on title t  (cost=0.00..67604.59 rows=197225 width=4) (actual time=0.065..1043.730 rows=194989 loops=1)
              Filter: (production_year < 1955)
              Rows Removed by Filter: 2333323
Planning time: 0.815 ms
Execution time: 7122.345 ms
