Seq Scan on movie_keyword mk  (cost=0.00..81003.12 rows=2022282 width=0) (actual time=0.014..1466.568 rows=2028034 loops=1)
  Filter: (keyword_id > 6088)
  Rows Removed by Filter: 2495896
Planning time: 0.332 ms
Execution time: 1717.234 ms
