Nested Loop  (cost=0.43..709671.90 rows=500 width=0) (actual time=4287.963..10998.937 rows=332 loops=1)
  ->  Seq Scan on cast_info ci  (cost=0.00..705507.15 rows=500 width=4) (actual time=4287.853..10990.542 rows=332 loops=1)
        Filter: (person_id = 1353770)
        Rows Removed by Filter: 36244012
  ->  Index Only Scan using title_pkey on title t  (cost=0.43..8.32 rows=1 width=4) (actual time=0.024..0.025 rows=1 loops=332)
        Index Cond: (id = ci.movie_id)
        Heap Fetches: 332
Planning time: 0.801 ms
Execution time: 10999.084 ms
