Hash Join  (cost=102767.86..211401.18 rows=737735 width=0) (actual time=1852.850..4146.687 rows=739498 loops=1)
  Hash Cond: (mk.movie_id = t.id)
  ->  Seq Scan on movie_keyword mk  (cost=0.00..81003.12 rows=737735 width=4) (actual time=0.023..1298.356 rows=739498 loops=1)
        Filter: (keyword_id < 667)
        Rows Removed by Filter: 3784432
  ->  Hash  (cost=61283.27..61283.27 rows=2528527 width=4) (actual time=1850.670..1850.670 rows=2528312 loops=1)
        Buckets: 131072  Batches: 64  Memory Usage: 2425kB
        ->  Seq Scan on title t  (cost=0.00..61283.27 rows=2528527 width=4) (actual time=0.021..1019.963 rows=2528312 loops=1)
Planning time: 0.728 ms
Execution time: 4230.920 ms
