Hash Join  (cost=876629.80..1243316.13 rows=203040 width=0) (actual time=16280.411..24093.086 rows=101100 loops=1)
  Hash Cond: (mi.movie_id = t.id)
  ->  Seq Scan on movie_info mi  (cost=0.00..309384.22 rows=14739122 width=4) (actual time=0.018..4438.458 rows=14835720 loops=1)
  ->  Hash  (cost=876194.40..876194.40 rows=34832 width=8) (actual time=15785.313..15785.313 rows=31982 loops=1)
        Buckets: 65536  Batches: 1  Memory Usage: 1762kB
        ->  Hash Join  (cost=74747.02..876194.40 rows=34832 width=8) (actual time=11358.101..15771.463 rows=31982 loops=1)
              Hash Cond: (ci.movie_id = t.id)
              ->  Seq Scan on cast_info ci  (cost=0.00..796071.18 rows=1340769 width=4) (actual time=10179.559..14181.756 rows=1334247 loops=1)
                    Filter: ((person_id > 795882) AND (role_id = 8))
                    Rows Removed by Filter: 34910097
              ->  Hash  (cost=73925.90..73925.90 rows=65689 width=4) (actual time=1177.606..1177.606 rows=74524 loops=1)
                    Buckets: 131072  Batches: 1  Memory Usage: 3644kB
                    ->  Seq Scan on title t  (cost=0.00..73925.90 rows=65689 width=4) (actual time=0.045..1143.394 rows=74524 loops=1)
                          Filter: ((kind_id = 7) AND (production_year = 2006))
                          Rows Removed by Filter: 2453788
Planning time: 0.944 ms
Execution time: 24109.874 ms
