Seq Scan on cast_info ci  (cost=0.00..796071.18 rows=19691406 width=0) (actual time=0.017..16233.769 rows=18990934 loops=1)
  Filter: ((person_id > 622396) AND (role_id < 4))
  Rows Removed by Filter: 17253410
Planning time: 0.283 ms
Execution time: 18544.427 ms
