Seq Scan on movie_keyword mk  (cost=0.00..81003.12 rows=583945 width=0) (actual time=0.022..1115.172 rows=581740 loops=1)
  Filter: (keyword_id > 31507)
  Rows Removed by Filter: 3942190
Planning time: 0.230 ms
Execution time: 1180.155 ms
