Seq Scan on movie_keyword mk  (cost=0.00..81003.12 rows=246 width=0) (actual time=106.978..1310.402 rows=64 loops=1)
  Filter: (keyword_id = 3211)
  Rows Removed by Filter: 4523866
Planning time: 0.416 ms
Execution time: 1310.523 ms
