Seq Scan on movie_keyword mk  (cost=0.00..81003.12 rows=4448272 width=0) (actual time=0.027..1593.617 rows=4448964 loops=1)
  Filter: (keyword_id < 89378)
  Rows Removed by Filter: 74966
Planning time: 0.313 ms
Execution time: 2137.317 ms
