Hash Join  (cost=102767.86..1372365.30 rows=19268447 width=0) (actual time=1897.788..37491.446 rows=21625918 loops=1)
  Hash Cond: (ci.movie_id = t.id)
  ->  Seq Scan on cast_info ci  (cost=0.00..796071.18 rows=19268447 width=4) (actual time=0.016..17718.752 rows=21625918 loops=1)
        Filter: ((person_id < 2331754) AND (role_id < 9))
        Rows Removed by Filter: 14618426
  ->  Hash  (cost=61283.27..61283.27 rows=2528527 width=4) (actual time=1896.644..1896.644 rows=2528312 loops=1)
        Buckets: 131072  Batches: 64  Memory Usage: 2415kB
        ->  Seq Scan on title t  (cost=0.00..61283.27 rows=2528527 width=4) (actual time=0.026..1048.044 rows=2528312 loops=1)
Planning time: 0.787 ms
Execution time: 39925.366 ms
