Hash Join  (cost=103604.85..207648.99 rows=1866620 width=0) (actual time=2060.406..4869.267 rows=1287264 loops=1)
  Hash Cond: (mc.movie_id = t.id)
  ->  Seq Scan on movie_companies mc  (cost=0.00..44881.29 rows=2609129 width=4) (actual time=0.021..887.334 rows=2609129 loops=1)
  ->  Hash  (cost=73925.90..73925.90 rows=1808956 width=4) (actual time=2059.325..2059.325 rows=1799907 loops=1)
        Buckets: 131072  Batches: 32  Memory Usage: 3007kB
        ->  Seq Scan on title t  (cost=0.00..73925.90 rows=1808956 width=4) (actual time=0.025..1495.907 rows=1799907 loops=1)
              Filter: ((kind_id > 1) AND (production_year > 0))
              Rows Removed by Filter: 728405
Planning time: 0.733 ms
Execution time: 5029.647 ms
