Seq Scan on movie_companies mc  (cost=0.00..57926.93 rows=786396 width=0) (actual time=325.802..1067.201 rows=1004531 loops=1)
  Filter: ((company_id > 6372) AND (company_type_id = 2))
  Rows Removed by Filter: 1604598
Planning time: 0.381 ms
Execution time: 1190.204 ms
