Nested Loop  (cost=0.43..797958.22 rows=127 width=0) (actual time=2016.952..14198.190 rows=187 loops=1)
  ->  Seq Scan on cast_info ci  (cost=0.00..796071.18 rows=224 width=4) (actual time=2016.779..14191.366 rows=192 loops=1)
        Filter: ((role_id > 2) AND (person_id = 1721729))
        Rows Removed by Filter: 36244152
  ->  Index Scan using title_pkey on title t  (cost=0.43..8.41 rows=1 width=4) (actual time=0.034..0.034 rows=1 loops=192)
        Index Cond: (id = ci.movie_id)
        Filter: (production_year > 1999)
        Rows Removed by Filter: 0
Planning time: 0.823 ms
Execution time: 14198.356 ms
