Hash Join  (cost=102767.86..182317.31 rows=488032 width=0) (actual time=1923.774..4221.191 rows=697947 loops=1)
  Hash Cond: (mc.movie_id = t.id)
  ->  Seq Scan on movie_companies mc  (cost=0.00..57926.93 rows=488032 width=4) (actual time=0.029..1036.717 rows=697947 loops=1)
        Filter: ((company_id < 4626) AND (company_type_id = 1))
        Rows Removed by Filter: 1911182
  ->  Hash  (cost=61283.27..61283.27 rows=2528527 width=4) (actual time=1922.785..1922.785 rows=2528312 loops=1)
        Buckets: 131072  Batches: 64  Memory Usage: 2415kB
        ->  Seq Scan on title t  (cost=0.00..61283.27 rows=2528527 width=4) (actual time=0.014..1090.019 rows=2528312 loops=1)
Planning time: 0.798 ms
Execution time: 4303.466 ms
