Hash Join  (cost=90260.67..136420.32 rows=499758 width=0) (actual time=2324.938..3579.927 rows=442628 loops=1)
  Hash Cond: (mi_idx.movie_id = t.id)
  ->  Seq Scan on movie_info_idx mi_idx  (cost=0.00..25185.44 rows=915101 width=4) (actual time=0.026..549.913 rows=919850 loops=1)
        Filter: (info_type_id < 101)
        Rows Removed by Filter: 460185
  ->  Hash  (cost=67604.59..67604.59 rows=1380887 width=4) (actual time=2323.627..2323.627 rows=1381453 loops=1)
        Buckets: 131072  Batches: 32  Memory Usage: 2543kB
        ->  Seq Scan on title t  (cost=0.00..67604.59 rows=1380887 width=4) (actual time=0.014..1291.299 rows=1381453 loops=1)
              Filter: (production_year > 2000)
              Rows Removed by Filter: 1146859
Planning time: 0.810 ms
Execution time: 3624.898 ms
