Hash Join  (cost=344912.45..1744246.90 rows=34313126 width=0) (actual time=8031.581..64243.550 rows=111677305 loops=1)
  Hash Cond: (ci.movie_id = t.id)
  ->  Seq Scan on cast_info ci  (cost=0.00..705507.15 rows=21891469 width=4) (actual time=0.073..14934.226 rows=21755408 loops=1)
        Filter: (person_id < 2211412)
        Rows Removed by Filter: 14488936
  ->  Hash  (cost=279889.65..279889.65 rows=3963264 width=8) (actual time=8029.575..8029.575 rows=3757120 loops=1)
        Buckets: 131072  Batches: 64  Memory Usage: 3276kB
        ->  Hash Join  (cost=103947.06..279889.65 rows=3963264 width=8) (actual time=2190.492..6966.276 rows=3757120 loops=1)
              Hash Cond: (mk.movie_id = t.id)
              ->  Seq Scan on movie_keyword mk  (cost=0.00..69693.30 rows=4523930 width=4) (actual time=0.015..1403.308 rows=4523930 loops=1)
              ->  Hash  (cost=67604.59..67604.59 rows=2215158 width=4) (actual time=2188.369..2188.369 rows=2203697 loops=1)
                    Buckets: 131072  Batches: 32  Memory Usage: 3457kB
                    ->  Seq Scan on title t  (cost=0.00..67604.59 rows=2215158 width=4) (actual time=0.021..1466.200 rows=2203697 loops=1)
                          Filter: (production_year > 1960)
                          Rows Removed by Filter: 324615
Planning time: 1.225 ms
Execution time: 76292.900 ms
