Hash Join  (cost=135058.39..205213.72 rows=193717 width=0) (actual time=3385.516..4573.698 rows=178875 loops=1)
  Hash Cond: (mc.movie_id = t.id)
  ->  Seq Scan on movie_companies mc  (cost=0.00..51404.11 rows=1329612 width=4) (actual time=0.029..1111.932 rows=1334883 loops=1)
        Filter: (company_type_id = 2)
        Rows Removed by Filter: 1274246
  ->  Hash  (cost=129013.49..129013.49 rows=368392 width=8) (actual time=2847.353..2847.353 rows=173847 loops=1)
        Buckets: 131072  Batches: 8  Memory Usage: 1866kB
        ->  Hash Join  (cost=85000.09..129013.49 rows=368392 width=8) (actual time=1728.456..2793.654 rows=173847 loops=1)
              Hash Cond: (mi_idx.movie_id = t.id)
              ->  Seq Scan on movie_info_idx mi_idx  (cost=0.00..21735.35 rows=1380035 width=4) (actual time=0.015..486.125 rows=1380035 loops=1)
              ->  Hash  (cost=73925.90..73925.90 rows=674975 width=4) (actual time=1551.902..1551.902 rows=739679 loops=1)
                    Buckets: 131072  Batches: 16  Memory Usage: 2654kB
                    ->  Seq Scan on title t  (cost=0.00..73925.90 rows=674975 width=4) (actual time=0.013..1319.939 rows=739679 loops=1)
                          Filter: ((production_year > 2004) AND (kind_id = 7))
                          Rows Removed by Filter: 1788633
Planning time: 1.176 ms
Execution time: 4593.410 ms
