Hash Join  (cost=723625.78..2275708.94 rows=46686395 width=0) (actual time=18219.138..64280.506 rows=72325338 loops=1)
  Hash Cond: (ci.movie_id = t.id)
  ->  Seq Scan on cast_info ci  (cost=0.00..705507.15 rows=20024311 width=4) (actual time=0.019..16099.712 rows=20122661 loops=1)
        Filter: (role_id < 3)
        Rows Removed by Filter: 16121683
  ->  Hash  (cost=626906.48..626906.48 rows=5895224 width=8) (actual time=18215.923..18215.923 rows=4922359 loops=1)
        Buckets: 131072  Batches: 128  Memory Usage: 2548kB
        ->  Hash Join  (cost=84197.31..626906.48 rows=5895224 width=8) (actual time=1545.704..16779.532 rows=4922359 loops=1)
              Hash Cond: (mi.movie_id = t.id)
              ->  Seq Scan on movie_info mi  (cost=0.00..309384.22 rows=14739122 width=4) (actual time=0.025..6084.631 rows=14835720 loops=1)
              ->  Hash  (cost=67604.59..67604.59 rows=1011338 width=4) (actual time=1544.739..1544.739 rows=1012920 loops=1)
                    Buckets: 131072  Batches: 16  Memory Usage: 3256kB
                    ->  Seq Scan on title t  (cost=0.00..67604.59 rows=1011338 width=4) (actual time=0.017..1214.919 rows=1012920 loops=1)
                          Filter: (production_year > 2005)
                          Rows Removed by Filter: 1515392
Planning time: 1.141 ms
Execution time: 71955.238 ms
