Hash Join  (cost=83810.17..1236546.45 rows=8909384 width=0) (actual time=3234.133..34610.686 rows=8993868 loops=1)
  Hash Cond: (ci.movie_id = t.id)
  ->  Seq Scan on cast_info ci  (cost=0.00..796071.18 rows=22807534 width=4) (actual time=1684.036..18454.172 rows=22481406 loops=1)
        Filter: ((person_id < 3849890) AND (role_id > 1))
        Rows Removed by Filter: 13762938
  ->  Hash  (cost=67604.59..67604.59 rows=987727 width=4) (actual time=1548.703..1548.703 rows=985048 loops=1)
        Buckets: 131072  Batches: 16  Memory Usage: 3188kB
        ->  Seq Scan on title t  (cost=0.00..67604.59 rows=987727 width=4) (actual time=0.044..1217.095 rows=985048 loops=1)
              Filter: (kind_id < 7)
              Rows Removed by Filter: 1543264
Planning time: 0.826 ms
Execution time: 35666.345 ms
