Seq Scan on cast_info ci  (cost=0.00..796071.18 rows=10414237 width=0) (actual time=0.025..16888.210 rows=12670688 loops=1)
  Filter: ((person_id < 2993046) AND (role_id = 1))
  Rows Removed by Filter: 23573656
Planning time: 0.413 ms
Execution time: 18435.968 ms
