Seq Scan on movie_keyword mk  (cost=0.00..81003.12 rows=3214845 width=0) (actual time=0.020..1549.223 rows=3205705 loops=1)
  Filter: (keyword_id > 1727)
  Rows Removed by Filter: 1318225
Planning time: 0.323 ms
Execution time: 1936.951 ms
