Seq Scan on movie_keyword mk  (cost=0.00..81003.12 rows=2545318 width=0) (actual time=0.021..1374.269 rows=2544094 loops=1)
  Filter: (keyword_id > 3493)
  Rows Removed by Filter: 1979836
Planning time: 0.310 ms
Execution time: 1687.236 ms
