Hash Join  (cost=365418.15..1811866.23 rows=32855478 width=0) (actual time=8345.276..57063.594 rows=83369247 loops=1)
  Hash Cond: (ci.movie_id = t.id)
  ->  Seq Scan on cast_info ci  (cost=0.00..796071.18 rows=18363671 width=4) (actual time=0.016..17643.638 rows=15676800 loops=1)
        Filter: ((person_id < 2888861) AND (role_id > 1))
        Rows Removed by Filter: 20567544
  ->  Hash  (cost=291197.02..291197.02 rows=4523930 width=8) (actual time=8343.068..8343.068 rows=4523930 loops=1)
        Buckets: 131072  Batches: 64  Memory Usage: 3816kB
        ->  Hash Join  (cost=102767.86..291197.02 rows=4523930 width=8) (actual time=1991.395..7128.689 rows=4523930 loops=1)
              Hash Cond: (mk.movie_id = t.id)
              ->  Seq Scan on movie_keyword mk  (cost=0.00..69693.30 rows=4523930 width=4) (actual time=0.024..1499.953 rows=4523930 loops=1)
              ->  Hash  (cost=61283.27..61283.27 rows=2528527 width=4) (actual time=1990.430..1990.430 rows=2528312 loops=1)
                    Buckets: 131072  Batches: 64  Memory Usage: 2425kB
                    ->  Seq Scan on title t  (cost=0.00..61283.27 rows=2528527 width=4) (actual time=0.021..1129.692 rows=2528312 loops=1)
Planning time: 4.215 ms
Execution time: 66352.082 ms
