Hash Join  (cost=158491.77..296552.99 rows=1318118 width=0) (actual time=5174.706..7526.464 rows=1064781 loops=1)
  Hash Cond: (mk.movie_id = t.id)
  ->  Seq Scan on movie_keyword mk  (cost=0.00..69693.30 rows=4523930 width=4) (actual time=0.029..1413.526 rows=4523930 loops=1)
  ->  Hash  (cost=146404.70..146404.70 rows=736726 width=8) (actual time=3802.931..3802.931 rows=411051 loops=1)
        Buckets: 131072  Batches: 16  Memory Usage: 2032kB
        ->  Hash Join  (cost=96071.96..146404.70 rows=736726 width=8) (actual time=1874.045..3668.273 rows=411051 loops=1)
              Hash Cond: (mi_idx.movie_id = t.id)
              ->  Seq Scan on movie_info_idx mi_idx  (cost=0.00..21735.35 rows=1380035 width=4) (actual time=0.012..505.061 rows=1380035 loops=1)
              ->  Hash  (cost=73925.90..73925.90 rows=1349844 width=4) (actual time=1872.716..1872.716 rows=1425014 loops=1)
                    Buckets: 131072  Batches: 32  Memory Usage: 2591kB
                    ->  Seq Scan on title t  (cost=0.00..73925.90 rows=1349844 width=4) (actual time=341.743..1417.702 rows=1425014 loops=1)
                          Filter: ((production_year > 1960) AND (kind_id = 7))
                          Rows Removed by Filter: 1103298
Planning time: 1.106 ms
Execution time: 7665.795 ms
