Hash Join  (cost=93117.31..1211263.79 rows=10248542 width=0) (actual time=2629.511..28958.578 rows=9078235 loops=1)
  Hash Cond: (ci.movie_id = t.id)
  ->  Seq Scan on cast_info ci  (cost=0.00..796071.18 rows=16664575 width=4) (actual time=750.771..16164.441 rows=15342996 loops=1)
        Filter: ((person_id > 1081267) AND (role_id < 4))
        Rows Removed by Filter: 20901348
  ->  Hash  (cost=67604.59..67604.59 rows=1555018 width=4) (actual time=1877.348..1877.348 rows=1551727 loops=1)
        Buckets: 131072  Batches: 32  Memory Usage: 2728kB
        ->  Seq Scan on title t  (cost=0.00..67604.59 rows=1555018 width=4) (actual time=0.026..1368.066 rows=1551727 loops=1)
              Filter: (production_year < 2007)
              Rows Removed by Filter: 976585
Planning time: 0.720 ms
Execution time: 29921.487 ms
