Seq Scan on movie_companies mc  (cost=0.00..57926.93 rows=732705 width=0) (actual time=0.021..1006.313 rows=1008751 loops=1)
  Filter: ((company_id < 13609) AND (company_type_id = 1))
  Rows Removed by Filter: 1600378
Planning time: 0.391 ms
Execution time: 1126.946 ms
