Hash Join  (cost=134911.56..162132.49 rows=31045 width=0) (actual time=2474.217..3225.048 rows=78391 loops=1)
  Hash Cond: (mi_idx.movie_id = t.id)
  ->  Seq Scan on movie_info_idx mi_idx  (cost=0.00..21735.35 rows=1380035 width=4) (actual time=0.029..399.678 rows=1380035 loops=1)
  ->  Hash  (cost=134200.53..134200.53 rows=56882 width=8) (actual time=2473.790..2473.790 rows=44269 loops=1)
        Buckets: 65536  Batches: 1  Memory Usage: 2242kB
        ->  Hash Join  (cost=69928.56..134200.53 rows=56882 width=8) (actual time=1089.403..2457.434 rows=44269 loops=1)
              Hash Cond: (mc.movie_id = t.id)
              ->  Seq Scan on movie_companies mc  (cost=0.00..51404.11 rows=1015743 width=4) (actual time=0.023..948.195 rows=1015585 loops=1)
                    Filter: (company_id < 5225)
                    Rows Removed by Filter: 1593544
              ->  Hash  (cost=67604.59..67604.59 rows=141598 width=4) (actual time=1088.620..1088.620 rows=141703 loops=1)
                    Buckets: 131072  Batches: 2  Memory Usage: 3511kB
                    ->  Seq Scan on title t  (cost=0.00..67604.59 rows=141598 width=4) (actual time=0.026..1033.015 rows=141703 loops=1)
                          Filter: (production_year = 2010)
                          Rows Removed by Filter: 2386609
Planning time: 1.205 ms
Execution time: 3236.201 ms
