Hash Join  (cost=427316.61..525777.12 rows=105677 width=0) (actual time=7062.991..10037.578 rows=2391116 loops=1)
  Hash Cond: (mk.movie_id = t.id)
  ->  Seq Scan on movie_keyword mk  (cost=0.00..81003.12 rows=4373499 width=4) (actual time=0.022..1708.814 rows=4360169 loops=1)
        Filter: (keyword_id > 117)
        Rows Removed by Filter: 163761
  ->  Hash  (cost=426552.90..426552.90 rows=61097 width=8) (actual time=7062.454..7062.454 rows=76266 loops=1)
        Buckets: 131072 (originally 65536)  Batches: 1 (originally 1)  Memory Usage: 4004kB
        ->  Hash Join  (cost=72956.84..426552.90 rows=61097 width=8) (actual time=3633.900..7037.990 rows=76266 loops=1)
              Hash Cond: (mi.movie_id = t.id)
              ->  Seq Scan on movie_info mi  (cost=0.00..346232.03 rows=473617 width=4) (actual time=2314.407..5452.977 rows=486554 loops=1)
                    Filter: (info_type_id = 5)
                    Rows Removed by Filter: 14349166
              ->  Hash  (cost=67604.59..67604.59 rows=326180 width=4) (actual time=1311.685..1311.685 rows=323245 loops=1)
                    Buckets: 131072  Batches: 8  Memory Usage: 2443kB
                    ->  Seq Scan on title t  (cost=0.00..67604.59 rows=326180 width=4) (actual time=0.019..1196.885 rows=323245 loops=1)
                          Filter: (production_year < 1967)
                          Rows Removed by Filter: 2205067
Planning time: 1.193 ms
Execution time: 10353.385 ms
