Seq Scan on movie_keyword mk  (cost=0.00..81003.12 rows=246 width=0) (actual time=5.993..1252.730 rows=345 loops=1)
  Filter: (keyword_id = 3608)
  Rows Removed by Filter: 4523585
Planning time: 0.359 ms
Execution time: 1252.975 ms
