Hash Join  (cost=85456.44..170503.62 rows=725165 width=0) (actual time=1559.188..4226.201 rows=1520149 loops=1)
  Hash Cond: (mc.movie_id = t.id)
  ->  Seq Scan on movie_companies mc  (cost=0.00..44881.29 rows=2609129 width=4) (actual time=0.020..938.490 rows=2609129 loops=1)
  ->  Hash  (cost=73925.90..73925.90 rows=702763 width=4) (actual time=1557.993..1557.993 rows=726953 loops=1)
        Buckets: 131072  Batches: 16  Memory Usage: 2621kB
        ->  Seq Scan on title t  (cost=0.00..73925.90 rows=702763 width=4) (actual time=0.023..1317.985 rows=726953 loops=1)
              Filter: ((kind_id < 4) AND (production_year < 2011))
              Rows Removed by Filter: 1801359
Planning time: 0.777 ms
Execution time: 4401.659 ms
