Hash Join  (cost=365418.15..1353361.93 rows=13748875 width=0) (actual time=10181.559..39409.888 rows=52775069 loops=1)
  Hash Cond: (ci.movie_id = t.id)
  ->  Seq Scan on cast_info ci  (cost=0.00..705507.15 rows=7684558 width=4) (actual time=2016.352..12513.887 rows=7710238 loops=1)
        Filter: (person_id > 2905708)
        Rows Removed by Filter: 28534106
  ->  Hash  (cost=291197.02..291197.02 rows=4523930 width=8) (actual time=8162.890..8162.890 rows=4523930 loops=1)
        Buckets: 131072  Batches: 64  Memory Usage: 3816kB
        ->  Hash Join  (cost=102767.86..291197.02 rows=4523930 width=8) (actual time=1864.267..6930.868 rows=4523930 loops=1)
              Hash Cond: (mk.movie_id = t.id)
              ->  Seq Scan on movie_keyword mk  (cost=0.00..69693.30 rows=4523930 width=4) (actual time=0.020..1404.161 rows=4523930 loops=1)
              ->  Hash  (cost=61283.27..61283.27 rows=2528527 width=4) (actual time=1861.648..1861.648 rows=2528312 loops=1)
                    Buckets: 131072  Batches: 64  Memory Usage: 2425kB
                    ->  Seq Scan on title t  (cost=0.00..61283.27 rows=2528527 width=4) (actual time=0.023..1006.511 rows=2528312 loops=1)
Planning time: 1.092 ms
Execution time: 45271.758 ms
