Seq Scan on cast_info ci  (cost=0.00..796071.18 rows=6594936 width=0) (actual time=7870.527..13411.859 rows=3654137 loops=1)
  Filter: ((person_id < 3063159) AND (role_id > 6))
  Rows Removed by Filter: 32590207
Planning time: 0.367 ms
Execution time: 13822.900 ms
