Hash Join  (cost=110355.13..234090.37 rows=142220 width=0) (actual time=2272.501..4886.662 rows=841795 loops=1)
  Hash Cond: (mk.movie_id = t.id)
  ->  Seq Scan on movie_keyword mk  (cost=0.00..69693.30 rows=4523930 width=4) (actual time=0.019..1382.589 rows=4523930 loops=1)
  ->  Hash  (cost=109050.51..109050.51 rows=79490 width=8) (actual time=2043.873..2043.873 rows=63928 loops=1)
        Buckets: 131072  Batches: 2  Memory Usage: 2261kB
        ->  Hash Join  (cost=69994.12..109050.51 rows=79490 width=8) (actual time=1180.166..2020.277 rows=63928 loops=1)
              Hash Cond: (mi_idx.movie_id = t.id)
              ->  Seq Scan on movie_info_idx mi_idx  (cost=0.00..21735.35 rows=1380035 width=4) (actual time=0.029..489.425 rows=1380035 loops=1)
              ->  Hash  (cost=67604.59..67604.59 rows=145643 width=4) (actual time=1032.847..1032.847 rows=147720 loops=1)
                    Buckets: 131072  Batches: 2  Memory Usage: 3618kB
                    ->  Seq Scan on title t  (cost=0.00..67604.59 rows=145643 width=4) (actual time=0.020..982.057 rows=147720 loops=1)
                          Filter: (production_year < 1943)
                          Rows Removed by Filter: 2380592
Planning time: 1.146 ms
Execution time: 4980.419 ms
