Hash Join  (cost=113164.95..855813.46 rows=163573 width=0) (actual time=1968.555..15866.664 rows=7336 loops=1)
  Hash Cond: (ci.movie_id = t.id)
  ->  Seq Scan on cast_info ci  (cost=0.00..705507.15 rows=9468168 width=4) (actual time=0.026..12278.367 rows=9384703 loops=1)
        Filter: (role_id > 4)
        Rows Removed by Filter: 26859641
  ->  Hash  (cost=112618.91..112618.91 rows=43683 width=8) (actual time=1922.800..1922.800 rows=2086 loops=1)
        Buckets: 65536  Batches: 1  Memory Usage: 594kB
        ->  Hash Join  (cost=75898.18..112618.91 rows=43683 width=8) (actual time=1088.284..1921.639 rows=2086 loops=1)
              Hash Cond: (mi_idx.movie_id = t.id)
              ->  Seq Scan on movie_info_idx mi_idx  (cost=0.00..25185.44 rows=919057 width=4) (actual time=0.015..558.598 rows=920110 loops=1)
                    Filter: (info_type_id > 99)
                    Rows Removed by Filter: 459925
              ->  Hash  (cost=73925.90..73925.90 rows=120182 width=4) (actual time=1053.844..1053.844 rows=17916 loops=1)
                    Buckets: 131072  Batches: 2  Memory Usage: 1340kB
                    ->  Seq Scan on title t  (cost=0.00..73925.90 rows=120182 width=4) (actual time=2.743..1046.053 rows=17916 loops=1)
                          Filter: ((production_year < 1955) AND (kind_id = 7))
                          Rows Removed by Filter: 2510396
Planning time: 1.177 ms
Execution time: 15868.030 ms
