Seq Scan on movie_keyword mk  (cost=0.00..81003.12 rows=3727270 width=0) (actual time=0.027..1582.441 rows=3724663 loops=1)
  Filter: (keyword_id < 23137)
  Rows Removed by Filter: 799267
Planning time: 0.241 ms
Execution time: 2050.686 ms
