Hash Join  (cost=75309.42..560358.19 rows=491285 width=0) (actual time=1249.658..12001.403 rows=768663 loops=1)
  Hash Cond: (mi.movie_id = t.id)
  ->  Seq Scan on movie_info mi  (cost=0.00..309384.22 rows=14739122 width=4) (actual time=0.021..5547.475 rows=14835720 loops=1)
  ->  Hash  (cost=73925.90..73925.90 rows=84281 width=4) (actual time=1248.576..1248.576 rows=90655 loops=1)
        Buckets: 131072  Batches: 2  Memory Usage: 2628kB
        ->  Seq Scan on title t  (cost=0.00..73925.90 rows=84281 width=4) (actual time=0.022..1212.551 rows=90655 loops=1)
              Filter: ((production_year > 1926) AND (kind_id = 2))
              Rows Removed by Filter: 2437657
Planning time: 0.755 ms
Execution time: 12087.368 ms
