Hash Join  (cost=233268.15..1180077.10 rows=3867723 width=0) (actual time=5020.698..23481.543 rows=2717788 loops=1)
  Hash Cond: (ci.movie_id = t.id)
  ->  Seq Scan on cast_info ci  (cost=0.00..796071.18 rows=9337743 width=4) (actual time=0.024..15162.916 rows=5871343 loops=1)
        Filter: ((person_id > 931059) AND (role_id = 1))
        Rows Removed by Filter: 30373001
  ->  Hash  (cost=216084.60..216084.60 rows=1047324 width=8) (actual time=5019.373..5019.373 rows=586434 loops=1)
        Buckets: 131072  Batches: 16  Memory Usage: 2468kB
        ->  Hash Join  (cost=98018.53..216084.60 rows=1047324 width=8) (actual time=2040.112..4863.247 rows=586434 loops=1)
              Hash Cond: (mk.movie_id = t.id)
              ->  Seq Scan on movie_keyword mk  (cost=0.00..81003.12 rows=1803389 width=4) (actual time=0.015..1586.060 rows=1808438 loops=1)
                    Filter: (keyword_id < 2935)
                    Rows Removed by Filter: 2715492
              ->  Hash  (cost=73925.90..73925.90 rows=1468450 width=4) (actual time=2038.524..2038.524 rows=1591292 loops=1)
                    Buckets: 131072  Batches: 32  Memory Usage: 2788kB
                    ->  Seq Scan on title t  (cost=0.00..73925.90 rows=1468450 width=4) (actual time=0.013..1488.089 rows=1591292 loops=1)
                          Filter: ((kind_id > 1) AND (production_year > 1976))
                          Rows Removed by Filter: 937020
Planning time: 1.184 ms
Execution time: 23777.085 ms
