Hash Join  (cost=70241.71..167644.71 rows=82180 width=0) (actual time=1208.949..3946.024 rows=38744 loops=1)
  Hash Cond: (mk.movie_id = t.id)
  ->  Seq Scan on movie_keyword mk  (cost=0.00..81003.12 rows=1292819 width=4) (actual time=0.026..1360.932 rows=1301858 loops=1)
        Filter: (keyword_id < 1699)
        Rows Removed by Filter: 3222072
  ->  Hash  (cost=67604.59..67604.59 rows=160730 width=4) (actual time=1206.855..1206.855 rows=160017 loops=1)
        Buckets: 131072  Batches: 4  Memory Usage: 2442kB
        ->  Seq Scan on title t  (cost=0.00..67604.59 rows=160730 width=4) (actual time=0.021..1142.650 rows=160017 loops=1)
              Filter: (production_year = 2011)
              Rows Removed by Filter: 2368295
Planning time: 0.798 ms
Execution time: 3951.961 ms
