Hash Join  (cost=168528.38..996776.36 rows=1488041 width=0) (actual time=4039.007..22566.287 rows=5194055 loops=1)
  Hash Cond: (ci.movie_id = t.id)
  ->  Seq Scan on cast_info ci  (cost=0.00..705507.15 rows=9189980 width=4) (actual time=112.902..11903.948 rows=9051273 loops=1)
        Filter: (person_id < 891007)
        Rows Removed by Filter: 27193071
  ->  Hash  (cost=161810.64..161810.64 rows=409419 width=8) (actual time=3924.920..3924.920 rows=863985 loops=1)
        Buckets: 131072 (originally 131072)  Batches: 16 (originally 8)  Memory Usage: 3139kB
        ->  Hash Join  (cost=83810.17..161810.64 rows=409419 width=8) (actual time=1870.847..3648.473 rows=863985 loops=1)
              Hash Cond: (mc.movie_id = t.id)
              ->  Seq Scan on movie_companies mc  (cost=0.00..57926.93 rows=1048091 width=4) (actual time=425.548..1128.817 rows=1191902 loops=1)
                    Filter: ((company_id > 554) AND (company_type_id > 1))
                    Rows Removed by Filter: 1417227
              ->  Hash  (cost=67604.59..67604.59 rows=987727 width=4) (actual time=1444.486..1444.486 rows=985048 loops=1)
                    Buckets: 131072  Batches: 16  Memory Usage: 3188kB
                    ->  Seq Scan on title t  (cost=0.00..67604.59 rows=987727 width=4) (actual time=0.028..1127.818 rows=985048 loops=1)
                          Filter: (kind_id < 7)
                          Rows Removed by Filter: 1543264
Planning time: 3.003 ms
Execution time: 23178.679 ms
