Hash Join  (cost=68237.77..155802.11 rows=90630 width=0) (actual time=1082.282..3076.996 rows=100448 loops=1)
  Hash Cond: (mk.movie_id = t.id)
  ->  Seq Scan on movie_keyword mk  (cost=0.00..69693.30 rows=4523930 width=4) (actual time=0.021..1080.514 rows=4523930 loops=1)
  ->  Hash  (cost=67604.59..67604.59 rows=50655 width=4) (actual time=1081.439..1081.439 rows=50564 loops=1)
        Buckets: 65536  Batches: 1  Memory Usage: 2290kB
        ->  Seq Scan on title t  (cost=0.00..67604.59 rows=50655 width=4) (actual time=0.050..1060.383 rows=50564 loops=1)
              Filter: (production_year = 1999)
              Rows Removed by Filter: 2477748
Planning time: 0.806 ms
Execution time: 3090.926 ms
