Hash Join  (cost=68257.79..879834.57 rows=554026 width=0) (actual time=1064.350..22897.824 rows=569537 loops=1)
  Hash Cond: (ci.movie_id = t.id)
  ->  Seq Scan on cast_info ci  (cost=0.00..705507.15 rows=26807832 width=4) (actual time=0.025..13164.089 rows=26986623 loops=1)
        Filter: (person_id > 911160)
        Rows Removed by Filter: 9257721
  ->  Hash  (cost=67604.59..67604.59 rows=52256 width=4) (actual time=1063.743..1063.743 rows=53013 loops=1)
        Buckets: 65536  Batches: 1  Memory Usage: 2376kB
        ->  Seq Scan on title t  (cost=0.00..67604.59 rows=52256 width=4) (actual time=0.017..1041.878 rows=53013 loops=1)
              Filter: (production_year = 2000)
              Rows Removed by Filter: 2475299
Planning time: 0.797 ms
Execution time: 22981.704 ms
