Hash Join  (cost=289893.71..1238376.13 rows=9945224 width=0) (actual time=13424.834..37097.665 rows=52283021 loops=1)
  Hash Cond: (ci.movie_id = t.id)
  ->  Seq Scan on cast_info ci  (cost=0.00..705507.15 rows=9468168 width=4) (actual time=6797.969..13765.239 rows=9384703 loops=1)
        Filter: (role_id > 4)
        Rows Removed by Filter: 26859641
  ->  Hash  (cost=246319.62..246319.62 rows=2655927 width=8) (actual time=6625.418..6625.418 rows=2179620 loops=1)
        Buckets: 131072  Batches: 64  Memory Usage: 2359kB
        ->  Hash Join  (cost=91959.31..246319.62 rows=2655927 width=8) (actual time=1853.169..6013.937 rows=2179620 loops=1)
              Hash Cond: (mk.movie_id = t.id)
              ->  Seq Scan on movie_keyword mk  (cost=0.00..69693.30 rows=4523930 width=4) (actual time=0.033..1407.368 rows=4523930 loops=1)
              ->  Hash  (cost=67604.59..67604.59 rows=1484458 width=4) (actual time=1851.682..1851.682 rows=1485030 loops=1)
                    Buckets: 131072  Batches: 32  Memory Usage: 2663kB
                    ->  Seq Scan on title t  (cost=0.00..67604.59 rows=1484458 width=4) (actual time=0.030..1251.781 rows=1485030 loops=1)
                          Filter: (production_year > 1998)
                          Rows Removed by Filter: 1043282
Planning time: 1.143 ms
Execution time: 42765.930 ms
