Hash Join  (cost=190230.21..1061423.98 rows=5140094 width=0) (actual time=4179.252..24963.595 rows=11001359 loops=1)
  Hash Cond: (ci.movie_id = t.id)
  ->  Seq Scan on cast_info ci  (cost=0.00..705507.15 rows=9417780 width=4) (actual time=0.013..12345.143 rows=9254810 loops=1)
        Filter: (person_id < 911160)
        Rows Removed by Filter: 26989534
  ->  Hash  (cost=167588.78..167588.78 rows=1380035 width=8) (actual time=4178.291..4178.291 rows=1380035 loops=1)
        Buckets: 131072  Batches: 32  Memory Usage: 2708kB
        ->  Hash Join  (cost=102767.86..167588.78 rows=1380035 width=8) (actual time=1788.156..3777.237 rows=1380035 loops=1)
              Hash Cond: (mi_idx.movie_id = t.id)
              ->  Seq Scan on movie_info_idx mi_idx  (cost=0.00..21735.35 rows=1380035 width=4) (actual time=0.020..474.021 rows=1380035 loops=1)
              ->  Hash  (cost=61283.27..61283.27 rows=2528527 width=4) (actual time=1787.247..1787.247 rows=2528312 loops=1)
                    Buckets: 131072  Batches: 64  Memory Usage: 2415kB
                    ->  Seq Scan on title t  (cost=0.00..61283.27 rows=2528527 width=4) (actual time=0.014..936.692 rows=2528312 loops=1)
Planning time: 0.806 ms
Execution time: 26254.500 ms
