Seq Scan on movie_keyword mk  (cost=0.00..81003.12 rows=1141128 width=0) (actual time=0.008..1383.852 rows=1150802 loops=1)
  Filter: (keyword_id < 1324)
  Rows Removed by Filter: 3373128
Planning time: 0.344 ms
Execution time: 1534.390 ms
