Seq Scan on movie_info mi  (cost=0.00..346232.03 rows=13820123 width=0) (actual time=0.019..6524.116 rows=13860081 loops=1)
  Filter: (info_type_id < 92)
  Rows Removed by Filter: 975639
Planning time: 0.259 ms
Execution time: 8237.641 ms
