Seq Scan on movie_keyword mk  (cost=0.00..81003.12 rows=1028161 width=0) (actual time=0.026..1422.997 rows=1030269 loops=1)
  Filter: (keyword_id > 17222)
  Rows Removed by Filter: 3493661
Planning time: 0.316 ms
Execution time: 1549.182 ms
