Seq Scan on movie_keyword mk  (cost=0.00..81003.12 rows=246 width=0) (actual time=0.450..1090.891 rows=395 loops=1)
  Filter: (keyword_id = 32010)
  Rows Removed by Filter: 4523535
Planning time: 0.468 ms
Execution time: 1091.165 ms
