Hash Join  (cost=900279.17..1265848.53 rows=91343 width=0) (actual time=13427.111..24589.639 rows=641913 loops=1)
  Hash Cond: (mi.movie_id = t.id)
  ->  Seq Scan on movie_info mi  (cost=0.00..309384.22 rows=14739122 width=4) (actual time=0.019..4552.410 rows=14835720 loops=1)
  ->  Hash  (cost=900083.30..900083.30 rows=15670 width=8) (actual time=13425.670..13425.670 rows=121830 loops=1)
        Buckets: 131072 (originally 16384)  Batches: 2 (originally 1)  Memory Usage: 3393kB
        ->  Hash Join  (cost=96651.52..900083.30 rows=15670 width=8) (actual time=7355.728..13382.379 rows=121830 loops=1)
              Hash Cond: (ci.movie_id = t.id)
              ->  Seq Scan on cast_info ci  (cost=0.00..796071.18 rows=22379 width=4) (actual time=5499.293..11102.788 rows=179301 loops=1)
                    Filter: ((person_id > 3601621) AND (role_id = 11))
                    Rows Removed by Filter: 36065043
              ->  Hash  (cost=67604.59..67604.59 rows=1770475 width=4) (actual time=1854.873..1854.873 rows=1774635 loops=1)
                    Buckets: 131072  Batches: 32  Memory Usage: 2978kB
                    ->  Seq Scan on title t  (cost=0.00..67604.59 rows=1770475 width=4) (actual time=0.035..1286.437 rows=1774635 loops=1)
                          Filter: (kind_id > 2)
                          Rows Removed by Filter: 753677
Planning time: 1.193 ms
Execution time: 24698.249 ms
