Seq Scan on movie_companies mc  (cost=0.00..51404.11 rows=1957879 width=0) (actual time=0.015..932.754 rows=1953249 loops=1)
  Filter: (company_id < 53385)
  Rows Removed by Filter: 655880
Planning time: 0.230 ms
Execution time: 1164.356 ms
