Hash Join  (cost=73929.67..814953.72 rows=1127 width=0) (actual time=9333.089..15751.868 rows=1394 loops=1)
  Hash Cond: (ci.movie_id = t.id)
  ->  Seq Scan on cast_info ci  (cost=0.00..705507.15 rows=9468168 width=4) (actual time=8345.398..13303.714 rows=9384703 loops=1)
        Filter: (role_id > 4)
        Rows Removed by Filter: 26859641
  ->  Hash  (cost=73925.90..73925.90 rows=301 width=4) (actual time=983.545..983.545 rows=800 loops=1)
        Buckets: 1024  Batches: 1  Memory Usage: 37kB
        ->  Seq Scan on title t  (cost=0.00..73925.90 rows=301 width=4) (actual time=628.809..983.089 rows=800 loops=1)
              Filter: ((kind_id = 3) AND (production_year = 1963))
              Rows Removed by Filter: 2527512
Planning time: 0.790 ms
Execution time: 15752.477 ms
