Seq Scan on movie_keyword mk  (cost=0.00..81003.12 rows=246 width=0) (actual time=45.779..1292.958 rows=28 loops=1)
  Filter: (keyword_id = 17063)
  Rows Removed by Filter: 4523902
Planning time: 0.365 ms
Execution time: 1293.066 ms
