Seq Scan on cast_info ci  (cost=0.00..796071.18 rows=3446233 width=0) (actual time=9044.543..14190.738 rows=4915733 loops=1)
  Filter: ((person_id > 1447255) AND (role_id > 8))
  Rows Removed by Filter: 31328611
Planning time: 0.351 ms
Execution time: 14733.250 ms
