Seq Scan on movie_keyword mk  (cost=0.00..81003.12 rows=246 width=0) (actual time=6.935..1316.489 rows=290 loops=1)
  Filter: (keyword_id = 1564)
  Rows Removed by Filter: 4523640
Planning time: 0.351 ms
Execution time: 1316.729 ms
