Hash Join  (cost=71408.55..880227.67 rows=86994 width=0) (actual time=1056.749..13579.653 rows=194928 loops=1)
  Hash Cond: (ci.movie_id = t.id)
  ->  Seq Scan on cast_info ci  (cost=0.00..796071.18 rows=948801 width=4) (actual time=0.012..11765.068 rows=1508165 loops=1)
        Filter: ((person_id > 2828647) AND (role_id = 3))
        Rows Removed by Filter: 34736179
  ->  Hash  (cost=67604.59..67604.59 rows=231837 width=4) (actual time=1055.587..1055.587 rows=231649 loops=1)
        Buckets: 131072  Batches: 4  Memory Usage: 3076kB
        ->  Seq Scan on title t  (cost=0.00..67604.59 rows=231837 width=4) (actual time=0.022..977.553 rows=231649 loops=1)
              Filter: (production_year > 2011)
              Rows Removed by Filter: 2296663
Planning time: 1.924 ms
Execution time: 13604.965 ms
