Hash Join  (cost=83072.30..109982.79 rows=1 width=0) (actual time=1611.469..1877.227 rows=18 loops=1)
  Hash Cond: (mi_idx.movie_id = t.id)
  ->  Seq Scan on movie_info_idx mi_idx  (cost=0.00..21735.35 rows=1380035 width=4) (actual time=0.013..287.985 rows=1380035 loops=1)
  ->  Hash  (cost=83072.29..83072.29 rows=1 width=8) (actual time=1348.059..1348.059 rows=6 loops=1)
        Buckets: 1024  Batches: 1  Memory Usage: 9kB
        ->  Nested Loop  (cost=0.43..83072.29 rows=1 width=8) (actual time=304.121..1348.035 rows=6 loops=1)
              ->  Seq Scan on movie_keyword mk  (cost=0.00..81003.12 rows=246 width=4) (actual time=2.075..1337.444 rows=317 loops=1)
                    Filter: (keyword_id = 27554)
                    Rows Removed by Filter: 4523613
              ->  Index Scan using title_pkey on title t  (cost=0.43..8.40 rows=1 width=4) (actual time=0.032..0.032 rows=0 loops=317)
                    Index Cond: (id = mk.movie_id)
                    Filter: (production_year = 1984)
                    Rows Removed by Filter: 1
Planning time: 1.978 ms
Execution time: 1877.384 ms
