Hash Join  (cost=213145.64..1317851.71 rows=6902091 width=0) (actual time=4475.785..39740.940 rows=23318312 loops=1)
  Hash Cond: (ci.movie_id = t.id)
  ->  Seq Scan on cast_info ci  (cost=0.00..614943.12 rows=36225612 width=4) (actual time=0.014..13263.233 rows=36244344 loops=1)
  ->  Hash  (cost=205241.61..205241.61 rows=481762 width=8) (actual time=4474.870..4474.870 rows=477515 loops=1)
        Buckets: 131072  Batches: 8  Memory Usage: 3384kB
        ->  Hash Join  (cost=102767.86..205241.61 rows=481762 width=8) (actual time=1950.208..4337.585 rows=477515 loops=1)
              Hash Cond: (mk.movie_id = t.id)
              ->  Seq Scan on movie_keyword mk  (cost=0.00..81003.12 rows=481762 width=4) (actual time=0.025..1360.253 rows=477515 loops=1)
                    Filter: (keyword_id > 37416)
                    Rows Removed by Filter: 4046415
              ->  Hash  (cost=61283.27..61283.27 rows=2528527 width=4) (actual time=1948.139..1948.139 rows=2528312 loops=1)
                    Buckets: 131072  Batches: 64  Memory Usage: 2425kB
                    ->  Seq Scan on title t  (cost=0.00..61283.27 rows=2528527 width=4) (actual time=0.021..1115.142 rows=2528312 loops=1)
Planning time: 1.060 ms
Execution time: 42337.669 ms
