Seq Scan on cast_info ci  (cost=0.00..705507.15 rows=7523594 width=0) (actual time=218.773..11773.174 rows=7446720 loops=1)
  Filter: (person_id < 720839)
  Rows Removed by Filter: 28797624
Planning time: 0.369 ms
Execution time: 12721.284 ms
