Seq Scan on cast_info ci  (cost=0.00..705507.15 rows=500 width=0) (actual time=1371.075..11241.283 rows=311 loops=1)
  Filter: (person_id = 1299901)
  Rows Removed by Filter: 36244033
Planning time: 0.367 ms
Execution time: 11241.393 ms
