Hash Join  (cost=547692.12..1470664.23 rows=4778576 width=0) (actual time=10776.131..30436.377 rows=13755156 loops=1)
  Hash Cond: (ci.movie_id = t.id)
  ->  Seq Scan on cast_info ci  (cost=0.00..796071.18 rows=5505634 width=4) (actual time=0.024..14057.343 rows=3267861 loops=1)
        Filter: ((person_id < 1605749) AND (role_id > 3))
        Rows Removed by Filter: 32976483
  ->  Hash  (cost=511686.41..511686.41 rows=2194617 width=8) (actual time=10775.310..10775.310 rows=2233850 loops=1)
        Buckets: 131072  Batches: 32  Memory Usage: 3598kB
        ->  Hash Join  (cost=102767.86..511686.41 rows=2194617 width=8) (actual time=1976.207..10107.501 rows=2233850 loops=1)
              Hash Cond: (mi.movie_id = t.id)
              ->  Seq Scan on movie_info mi  (cost=0.00..346232.03 rows=2194617 width=4) (actual time=0.019..5851.914 rows=2233850 loops=1)
                    Filter: (info_type_id > 16)
                    Rows Removed by Filter: 12601870
              ->  Hash  (cost=61283.27..61283.27 rows=2528527 width=4) (actual time=1975.257..1975.257 rows=2528312 loops=1)
                    Buckets: 131072  Batches: 64  Memory Usage: 2425kB
                    ->  Seq Scan on title t  (cost=0.00..61283.27 rows=2528527 width=4) (actual time=0.021..1120.688 rows=2528312 loops=1)
Planning time: 1.218 ms
Execution time: 31994.284 ms
