Hash Join  (cost=101276.54..855418.02 rows=335225 width=0) (actual time=1745.907..19747.648 rows=675234 loops=1)
  Hash Cond: (ci.movie_id = t.id)
  ->  Seq Scan on cast_info ci  (cost=0.00..614943.12 rows=36225612 width=4) (actual time=0.012..8619.600 rows=36244344 loops=1)
  ->  Hash  (cost=100984.05..100984.05 rows=23399 width=8) (actual time=1745.635..1745.635 rows=20111 loops=1)
        Buckets: 32768  Batches: 1  Memory Usage: 1042kB
        ->  Hash Join  (cost=69694.50..100984.05 rows=23399 width=8) (actual time=1086.633..1737.832 rows=20111 loops=1)
              Hash Cond: (mi_idx.movie_id = t.id)
              ->  Seq Scan on movie_info_idx mi_idx  (cost=0.00..25185.44 rows=464566 width=4) (actual time=0.018..441.739 rows=459925 loops=1)
                    Filter: (info_type_id = 101)
                    Rows Removed by Filter: 920110
              ->  Hash  (cost=67604.59..67604.59 rows=127353 width=4) (actual time=1085.856..1085.856 rows=128696 loops=1)
                    Buckets: 131072  Batches: 2  Memory Usage: 3284kB
                    ->  Seq Scan on title t  (cost=0.00..67604.59 rows=127353 width=4) (actual time=0.029..1039.479 rows=128696 loops=1)
                          Filter: (production_year = 2009)
                          Rows Removed by Filter: 2399616
Planning time: 1.211 ms
Execution time: 19856.074 ms
