Hash Join  (cost=84865.68..125708.17 rows=242359 width=0) (actual time=1703.594..2883.789 rows=384693 loops=1)
  Hash Cond: (mi_idx.movie_id = t.id)
  ->  Seq Scan on movie_info_idx mi_idx  (cost=0.00..25185.44 rows=919057 width=4) (actual time=0.023..553.170 rows=920110 loops=1)
        Filter: (info_type_id > 99)
        Rows Removed by Filter: 459925
  ->  Hash  (cost=73925.90..73925.90 rows=666782 width=4) (actual time=1702.373..1702.373 rows=566088 loops=1)
        Buckets: 131072  Batches: 16  Memory Usage: 2264kB
        ->  Seq Scan on title t  (cost=0.00..73925.90 rows=666782 width=4) (actual time=0.025..1292.498 rows=566088 loops=1)
              Filter: ((kind_id < 7) AND (production_year > 1992))
              Rows Removed by Filter: 1962224
Planning time: 0.757 ms
Execution time: 2930.044 ms
