Hash Join  (cost=433179.78..520868.08 rows=103027 width=0) (actual time=7894.889..12461.216 rows=7403109 loops=1)
  Hash Cond: (mk.movie_id = t.id)
  ->  Seq Scan on movie_keyword mk  (cost=0.00..69693.30 rows=4523930 width=4) (actual time=0.017..1056.770 rows=4523930 loops=1)
  ->  Hash  (cost=432459.98..432459.98 rows=57584 width=8) (actual time=7890.824..7890.824 rows=156771 loops=1)
        Buckets: 131072 (originally 65536)  Batches: 4 (originally 1)  Memory Usage: 4029kB
        ->  Hash Join  (cost=78988.28..432459.98 rows=57584 width=8) (actual time=5990.002..7836.908 rows=156771 loops=1)
              Hash Cond: (mi.movie_id = t.id)
              ->  Seq Scan on movie_info mi  (cost=0.00..346232.03 rows=471955 width=4) (actual time=4021.157..5733.918 rows=543367 loops=1)
                    Filter: (info_type_id > 98)
                    Rows Removed by Filter: 14292353
              ->  Hash  (cost=73925.90..73925.90 rows=308510 width=4) (actual time=1756.378..1756.378 rows=266599 loops=1)
                    Buckets: 131072  Batches: 8  Memory Usage: 2197kB
                    ->  Seq Scan on title t  (cost=0.00..73925.90 rows=308510 width=4) (actual time=0.031..1359.412 rows=266599 loops=1)
                          Filter: ((kind_id < 7) AND (production_year > 2007))
                          Rows Removed by Filter: 2261713
Planning time: 1.127 ms
Execution time: 13388.294 ms
