Seq Scan on movie_companies mc  (cost=0.00..57926.93 rows=975870 width=0) (actual time=152.340..1081.818 rows=1139587 loops=1)
  Filter: ((company_id > 1211) AND (company_type_id = 2))
  Rows Removed by Filter: 1469542
Planning time: 0.395 ms
Execution time: 1219.451 ms
