Hash Join  (cost=215833.08..1270638.48 rows=10481164 width=0) (actual time=7381.696..39155.891 rows=26891061 loops=1)
  Hash Cond: (ci.movie_id = t.id)
  ->  Seq Scan on cast_info ci  (cost=0.00..705507.15 rows=20712429 width=4) (actual time=1974.290..14443.620 rows=20857656 loops=1)
        Filter: (person_id > 1516709)
        Rows Removed by Filter: 15386688
  ->  Hash  (cost=194840.12..194840.12 rows=1279517 width=8) (actual time=5406.374..5406.374 rows=1274246 loops=1)
        Buckets: 131072  Batches: 32  Memory Usage: 2553kB
        ->  Hash Join  (cost=102767.86..194840.12 rows=1279517 width=8) (actual time=2076.605..5048.150 rows=1274246 loops=1)
              Hash Cond: (mc.movie_id = t.id)
              ->  Seq Scan on movie_companies mc  (cost=0.00..51404.11 rows=1279517 width=4) (actual time=101.750..927.525 rows=1274246 loops=1)
                    Filter: (company_type_id < 2)
                    Rows Removed by Filter: 1334883
              ->  Hash  (cost=61283.27..61283.27 rows=2528527 width=4) (actual time=1973.380..1973.380 rows=2528312 loops=1)
                    Buckets: 131072  Batches: 64  Memory Usage: 2415kB
                    ->  Seq Scan on title t  (cost=0.00..61283.27 rows=2528527 width=4) (actual time=0.032..1117.759 rows=2528312 loops=1)
Planning time: 1.162 ms
Execution time: 42440.466 ms
