Hash Join  (cost=161035.69..528718.40 rows=302679 width=0) (actual time=2828.510..11055.871 rows=831488 loops=1)
  Hash Cond: (mi.movie_id = t.id)
  ->  Seq Scan on movie_info mi  (cost=0.00..309384.22 rows=14739122 width=4) (actual time=0.017..4584.923 rows=14835720 loops=1)
  ->  Hash  (cost=160386.63..160386.63 rows=51925 width=8) (actual time=2828.016..2828.016 rows=23804 loops=1)
        Buckets: 65536  Batches: 1  Memory Usage: 1442kB
        ->  Hash Join  (cost=71408.55..160386.63 rows=51925 width=8) (actual time=1180.040..2819.746 rows=23804 loops=1)
              Hash Cond: (mk.movie_id = t.id)
              ->  Seq Scan on movie_keyword mk  (cost=0.00..81003.12 rows=566321 width=4) (actual time=3.222..1396.889 rows=562554 loops=1)
                    Filter: (keyword_id > 32630)
                    Rows Removed by Filter: 3961376
              ->  Hash  (cost=67604.59..67604.59 rows=231837 width=4) (actual time=1175.439..1175.439 rows=231649 loops=1)
                    Buckets: 131072  Batches: 4  Memory Usage: 3082kB
                    ->  Seq Scan on title t  (cost=0.00..67604.59 rows=231837 width=4) (actual time=0.020..1093.394 rows=231649 loops=1)
                          Filter: (production_year > 2011)
                          Rows Removed by Filter: 2296663
Planning time: 1.072 ms
Execution time: 11165.672 ms
