Hash Join  (cost=207297.34..698190.00 rows=1482277 width=0) (actual time=5356.061..22076.067 rows=17721434 loops=1)
  Hash Cond: (mi.movie_id = t.id)
  ->  Seq Scan on movie_info mi  (cost=0.00..346232.03 rows=11115165 width=4) (actual time=0.026..7139.519 rows=11210743 loops=1)
        Filter: (info_type_id > 3)
        Rows Removed by Filter: 3624977
  ->  Hash  (cost=201764.40..201764.40 rows=337195 width=8) (actual time=4898.644..4898.644 rows=334438 loops=1)
        Buckets: 131072  Batches: 8  Memory Usage: 2719kB
        ->  Hash Join  (cost=102767.86..201764.40 rows=337195 width=8) (actual time=2712.107..4794.309 rows=334438 loops=1)
              Hash Cond: (mk.movie_id = t.id)
              ->  Seq Scan on movie_keyword mk  (cost=0.00..81003.12 rows=337195 width=4) (actual time=0.010..1359.247 rows=334438 loops=1)
                    Filter: (keyword_id > 49314)
                    Rows Removed by Filter: 4189492
              ->  Hash  (cost=61283.27..61283.27 rows=2528527 width=4) (actual time=2710.057..2710.057 rows=2528312 loops=1)
                    Buckets: 131072  Batches: 64  Memory Usage: 2425kB
                    ->  Seq Scan on title t  (cost=0.00..61283.27 rows=2528527 width=4) (actual time=0.024..1171.067 rows=2528312 loops=1)
Planning time: 1.196 ms
Execution time: 24113.853 ms
