Hash Join  (cost=83810.17..156694.68 rows=444974 width=0) (actual time=1514.116..3659.562 rows=947534 loops=1)
  Hash Cond: (mc.movie_id = t.id)
  ->  Seq Scan on movie_companies mc  (cost=0.00..51404.11 rows=1139108 width=4) (actual time=0.021..1116.516 rows=1145766 loops=1)
        Filter: (company_id > 13165)
        Rows Removed by Filter: 1463363
  ->  Hash  (cost=67604.59..67604.59 rows=987727 width=4) (actual time=1513.269..1513.269 rows=985048 loops=1)
        Buckets: 131072  Batches: 16  Memory Usage: 3188kB
        ->  Seq Scan on title t  (cost=0.00..67604.59 rows=987727 width=4) (actual time=0.022..1212.635 rows=985048 loops=1)
              Filter: (kind_id < 7)
              Rows Removed by Filter: 1543264
Planning time: 0.660 ms
Execution time: 3770.111 ms
