Hash Join  (cost=225654.25..386492.76 rows=2723456 width=0) (actual time=5320.682..14164.494 rows=24316655 loops=1)
  Hash Cond: (mk.movie_id = t.id)
  ->  Seq Scan on movie_keyword mk  (cost=0.00..69693.30 rows=4523930 width=4) (actual time=0.024..1545.010 rows=4523930 loops=1)
  ->  Hash  (cost=200679.74..200679.74 rows=1522201 width=8) (actual time=5319.588..5319.588 rows=1506402 loops=1)
        Buckets: 131072  Batches: 32  Memory Usage: 2901kB
        ->  Hash Join  (cost=102767.86..200679.74 rows=1522201 width=8) (actual time=1917.475..4917.821 rows=1506402 loops=1)
              Hash Cond: (mc.movie_id = t.id)
              ->  Seq Scan on movie_companies mc  (cost=0.00..51404.11 rows=1522201 width=4) (actual time=0.016..1140.362 rows=1506402 loops=1)
                    Filter: (company_id < 14059)
                    Rows Removed by Filter: 1102727
              ->  Hash  (cost=61283.27..61283.27 rows=2528527 width=4) (actual time=1915.632..1915.632 rows=2528312 loops=1)
                    Buckets: 131072  Batches: 64  Memory Usage: 2415kB
                    ->  Seq Scan on title t  (cost=0.00..61283.27 rows=2528527 width=4) (actual time=0.009..1105.683 rows=2528312 loops=1)
Planning time: 10.588 ms
Execution time: 16629.694 ms
