Seq Scan on movie_companies mc  (cost=0.00..51404.11 rows=2522 width=0) (actual time=25.086..823.455 rows=2805 loops=1)
  Filter: (company_id = 13015)
  Rows Removed by Filter: 2606324
Planning time: 0.974 ms
Execution time: 824.124 ms
