Hash Join  (cost=187445.12..311854.62 rows=521342 width=0) (actual time=3462.185..6615.358 rows=951685 loops=1)
  Hash Cond: (mk.movie_id = t.id)
  ->  Seq Scan on movie_keyword mk  (cost=0.00..81003.12 rows=3162120 width=4) (actual time=0.017..1679.190 rows=3147829 loops=1)
        Filter: (keyword_id < 12114)
        Rows Removed by Filter: 1376101
  ->  Hash  (cost=180605.11..180605.11 rows=416881 width=8) (actual time=3460.522..3460.522 rows=98852 loops=1)
        Buckets: 131072  Batches: 8  Memory Usage: 1527kB
        ->  Hash Join  (cost=102767.86..180605.11 rows=416881 width=8) (actual time=2220.802..3424.655 rows=98852 loops=1)
              Hash Cond: (mc.movie_id = t.id)
              ->  Seq Scan on movie_companies mc  (cost=0.00..57926.93 rows=416881 width=4) (actual time=229.337..927.074 rows=98852 loops=1)
                    Filter: ((company_id > 24470) AND (company_type_id < 2))
                    Rows Removed by Filter: 2510277
              ->  Hash  (cost=61283.27..61283.27 rows=2528527 width=4) (actual time=1989.901..1989.901 rows=2528312 loops=1)
                    Buckets: 131072  Batches: 64  Memory Usage: 2415kB
                    ->  Seq Scan on title t  (cost=0.00..61283.27 rows=2528527 width=4) (actual time=0.018..1146.047 rows=2528312 loops=1)
Planning time: 1.148 ms
Execution time: 6723.273 ms
