Seq Scan on title t  (cost=0.00..73925.90 rows=1470 width=0) (actual time=155.174..1063.824 rows=2056 loops=1)
  Filter: ((kind_id = 3) AND (production_year = 1996))
  Rows Removed by Filter: 2526256
Planning time: 0.439 ms
Execution time: 1064.576 ms
