Seq Scan on movie_keyword mk  (cost=0.00..81003.12 rows=446335 width=0) (actual time=0.028..1185.781 rows=444818 loops=1)
  Filter: (keyword_id > 39813)
  Rows Removed by Filter: 4079112
Planning time: 0.318 ms
Execution time: 1244.023 ms
