Seq Scan on cast_info ci  (cost=0.00..705507.15 rows=11338687 width=0) (actual time=0.015..11588.696 rows=11329157 loops=1)
  Filter: (person_id > 2566964)
  Rows Removed by Filter: 24915187
Planning time: 1.534 ms
Execution time: 13024.199 ms
