Hash Join  (cost=67697.55..422223.94 rows=6455 width=0) (actual time=2491.438..7343.811 rows=22571 loops=1)
  Hash Cond: (mi.movie_id = t.id)
  ->  Seq Scan on movie_info mi  (cost=0.00..346232.03 rows=2194617 width=4) (actual time=1251.786..5644.496 rows=2233850 loops=1)
        Filter: (info_type_id > 16)
        Rows Removed by Filter: 12601870
  ->  Hash  (cost=67604.59..67604.59 rows=7437 width=4) (actual time=1239.521..1239.521 rows=19440 loops=1)
        Buckets: 32768 (originally 8192)  Batches: 1 (originally 1)  Memory Usage: 940kB
        ->  Seq Scan on title t  (cost=0.00..67604.59 rows=7437 width=4) (actual time=0.096..1230.130 rows=19440 loops=1)
              Filter: (production_year = 1986)
              Rows Removed by Filter: 2508872
Planning time: 2.753 ms
Execution time: 7347.266 ms
