Hash Join  (cost=101096.09..187856.46 rows=10234 width=0) (actual time=1574.514..3427.162 rows=112971 loops=1)
  Hash Cond: (mk.movie_id = t.id)
  ->  Seq Scan on movie_keyword mk  (cost=0.00..69693.30 rows=4523930 width=4) (actual time=0.021..1044.534 rows=4523930 loops=1)
  ->  Hash  (cost=101024.59..101024.59 rows=5720 width=8) (actual time=1574.168..1574.168 rows=7646 loops=1)
        Buckets: 8192  Batches: 1  Memory Usage: 363kB
        ->  Hash Join  (cost=74056.90..101024.59 rows=5720 width=8) (actual time=1012.223..1571.500 rows=7646 loops=1)
              Hash Cond: (mi_idx.movie_id = t.id)
              ->  Seq Scan on movie_info_idx mi_idx  (cost=0.00..21735.35 rows=1380035 width=4) (actual time=0.014..299.189 rows=1380035 loops=1)
              ->  Hash  (cost=73925.90..73925.90 rows=10480 width=4) (actual time=1011.916..1011.916 rows=5587 loops=1)
                    Buckets: 16384  Batches: 1  Memory Usage: 325kB
                    ->  Seq Scan on title t  (cost=0.00..73925.90 rows=10480 width=4) (actual time=0.192..1009.403 rows=5587 loops=1)
                          Filter: ((kind_id = 1) AND (production_year = 1995))
                          Rows Removed by Filter: 2522725
Planning time: 1.132 ms
Execution time: 3441.724 ms
