Hash Join  (cost=28267.75..110908.39 rows=2 width=0) (actual time=708.763..1782.274 rows=76 loops=1)
  Hash Cond: (mk.movie_id = t.id)
  ->  Seq Scan on movie_keyword mk  (cost=0.00..81003.12 rows=436666 width=4) (actual time=0.014..1276.005 rows=432111 loops=1)
        Filter: (keyword_id > 40547)
        Rows Removed by Filter: 4091819
  ->  Hash  (cost=28267.64..28267.64 rows=9 width=8) (actual time=443.414..443.414 rows=6 loops=1)
        Buckets: 1024  Batches: 1  Memory Usage: 9kB
        ->  Nested Loop  (cost=0.43..28267.64 rows=9 width=8) (actual time=42.482..443.405 rows=6 loops=1)
              ->  Seq Scan on movie_info_idx mi_idx  (cost=0.00..25185.44 rows=368 width=4) (actual time=41.652..436.298 rows=260 loops=1)
                    Filter: (info_type_id > 101)
                    Rows Removed by Filter: 1379775
              ->  Index Scan using title_pkey on title t  (cost=0.43..8.37 rows=1 width=4) (actual time=0.027..0.027 rows=0 loops=260)
                    Index Cond: (id = mi_idx.movie_id)
                    Filter: ((kind_id < 7) AND (production_year = 2012))
                    Rows Removed by Filter: 1
Planning time: 1.226 ms
Execution time: 1782.448 ms
