Hash Join  (cost=129496.65..495677.02 rows=152444 width=0) (actual time=2321.718..11367.474 rows=1952323 loops=1)
  Hash Cond: (mi.movie_id = t.id)
  ->  Seq Scan on movie_info mi  (cost=0.00..309384.22 rows=14739122 width=4) (actual time=0.020..4889.331 rows=14835720 loops=1)
  ->  Hash  (cost=129169.75..129169.75 rows=26152 width=8) (actual time=2321.455..2321.455 rows=33733 loops=1)
        Buckets: 65536 (originally 32768)  Batches: 1 (originally 1)  Memory Usage: 1830kB
        ->  Hash Join  (cost=74242.71..129169.75 rows=26152 width=8) (actual time=1017.402..2308.382 rows=33733 loops=1)
              Hash Cond: (mc.movie_id = t.id)
              ->  Seq Scan on movie_companies mc  (cost=0.00..44881.29 rows=2609129 width=4) (actual time=0.021..712.372 rows=2609129 loops=1)
              ->  Hash  (cost=73925.90..73925.90 rows=25344 width=4) (actual time=1017.201..1017.201 rows=15457 loops=1)
                    Buckets: 32768  Batches: 1  Memory Usage: 800kB
                    ->  Seq Scan on title t  (cost=0.00..73925.90 rows=25344 width=4) (actual time=157.020..1010.447 rows=15457 loops=1)
                          Filter: ((kind_id = 1) AND (production_year = 2005))
                          Rows Removed by Filter: 2512855
Planning time: 1.196 ms
Execution time: 11609.205 ms
