Seq Scan on cast_info ci  (cost=0.00..796071.18 rows=14708186 width=0) (actual time=5540.424..15904.671 rows=13339323 loops=1)
  Filter: ((person_id > 928579) AND (role_id < 3))
  Rows Removed by Filter: 22905021
Planning time: 0.326 ms
Execution time: 17572.613 ms
