Hash Join  (cost=1470579.21..3053437.00 rows=80930713 width=0) (actual time=27210.243..72687.456 rows=109763777 loops=1)
  Hash Cond: (mi.movie_id = t.id)
  ->  Seq Scan on movie_info mi  (cost=0.00..309384.22 rows=14739122 width=4) (actual time=0.012..6235.837 rows=14835720 loops=1)
  ->  Hash  (cost=1242797.31..1242797.31 rows=13883832 width=8) (actual time=27206.912..27206.912 rows=8584480 loops=1)
        Buckets: 131072  Batches: 256  Memory Usage: 2398kB
        ->  Hash Join  (cost=102767.86..1242797.31 rows=13883832 width=8) (actual time=1972.670..24759.613 rows=8584480 loops=1)
              Hash Cond: (ci.movie_id = t.id)
              ->  Seq Scan on cast_info ci  (cost=0.00..796071.18 rows=13883832 width=4) (actual time=0.059..14751.918 rows=8584480 loops=1)
                    Filter: ((person_id < 2149623) AND (role_id > 1))
                    Rows Removed by Filter: 27659864
              ->  Hash  (cost=61283.27..61283.27 rows=2528527 width=4) (actual time=1970.933..1970.933 rows=2528312 loops=1)
                    Buckets: 131072  Batches: 64  Memory Usage: 2415kB
                    ->  Seq Scan on title t  (cost=0.00..61283.27 rows=2528527 width=4) (actual time=0.010..1139.884 rows=2528312 loops=1)
Planning time: 3.703 ms
Execution time: 85355.904 ms
