Hash Join  (cost=175760.75..673562.18 rows=1686450 width=0) (actual time=3613.273..17828.494 rows=5240724 loops=1)
  Hash Cond: (mi.movie_id = t.id)
  ->  Seq Scan on movie_info mi  (cost=0.00..309384.22 rows=14739122 width=4) (actual time=0.012..5908.485 rows=14835720 loops=1)
  ->  Hash  (cost=171013.32..171013.32 rows=289314 width=8) (actual time=3605.854..3605.854 rows=293910 loops=1)
        Buckets: 131072  Batches: 4  Memory Usage: 3905kB
        ->  Hash Join  (cost=102767.86..171013.32 rows=289314 width=8) (actual time=2092.165..3508.559 rows=293910 loops=1)
              Hash Cond: (mc.movie_id = t.id)
              ->  Seq Scan on movie_companies mc  (cost=0.00..51404.11 rows=289314 width=4) (actual time=150.306..885.551 rows=293910 loops=1)
                    Filter: (company_id > 94773)
                    Rows Removed by Filter: 2315219
              ->  Hash  (cost=61283.27..61283.27 rows=2528527 width=4) (actual time=1940.955..1940.955 rows=2528312 loops=1)
                    Buckets: 131072  Batches: 64  Memory Usage: 2415kB
                    ->  Seq Scan on title t  (cost=0.00..61283.27 rows=2528527 width=4) (actual time=0.025..1104.749 rows=2528312 loops=1)
Planning time: 1.114 ms
Execution time: 18467.287 ms
