Hash Join  (cost=443201.72..592610.95 rows=524644 width=0) (actual time=9689.544..12945.050 rows=699660 loops=1)
  Hash Cond: (mk.movie_id = t.id)
  ->  Seq Scan on movie_keyword mk  (cost=0.00..81003.12 rows=3461667 width=4) (actual time=0.018..1715.265 rows=3456153 loops=1)
        Filter: (keyword_id > 1069)
        Rows Removed by Filter: 1067777
  ->  Hash  (cost=436914.48..436914.48 rows=383219 width=8) (actual time=9684.648..9684.648 rows=268350 loops=1)
        Buckets: 131072  Batches: 8  Memory Usage: 2341kB
        ->  Hash Join  (cost=68426.36..436914.48 rows=383219 width=8) (actual time=1003.954..9556.692 rows=268350 loops=1)
              Hash Cond: (mi.movie_id = t.id)
              ->  Seq Scan on movie_info mi  (cost=0.00..309384.22 rows=14739122 width=4) (actual time=0.013..4321.220 rows=14835720 loops=1)
              ->  Hash  (cost=67604.59..67604.59 rows=65742 width=4) (actual time=1003.328..1003.328 rows=63827 loops=1)
                    Buckets: 131072  Batches: 1  Memory Usage: 3268kB
                    ->  Seq Scan on title t  (cost=0.00..67604.59 rows=65742 width=4) (actual time=0.019..976.297 rows=63827 loops=1)
                          Filter: (production_year = 2013)
                          Rows Removed by Filter: 2464485
Planning time: 0.981 ms
Execution time: 13023.262 ms
