Hash Join  (cost=80830.47..151465.61 rows=221299 width=0) (actual time=1427.648..3262.119 rows=493383 loops=1)
  Hash Cond: (mc.movie_id = t.id)
  ->  Seq Scan on movie_companies mc  (cost=0.00..51404.11 rows=1329612 width=4) (actual time=0.340..999.959 rows=1334883 loops=1)
        Filter: (company_type_id > 1)
        Rows Removed by Filter: 1274246
  ->  Hash  (cost=73925.90..73925.90 rows=420845 width=4) (actual time=1426.353..1426.353 rows=517968 loops=1)
        Buckets: 131072  Batches: 8  Memory Usage: 3313kB
        ->  Seq Scan on title t  (cost=0.00..73925.90 rows=420845 width=4) (actual time=0.024..1262.651 rows=517968 loops=1)
              Filter: ((kind_id < 7) AND (production_year < 2001))
              Rows Removed by Filter: 2010344
Planning time: 1.589 ms
Execution time: 3311.708 ms
