Hash Join  (cost=799385.30..1182258.97 rows=1530 width=0) (actual time=14359.846..21568.647 rows=557 loops=1)
  Hash Cond: (mi.movie_id = t.id)
  ->  Seq Scan on movie_info mi  (cost=0.00..346232.03 rows=9767026 width=4) (actual time=0.018..6020.060 rows=9911754 loops=1)
        Filter: (info_type_id > 4)
        Rows Removed by Filter: 4923966
  ->  Hash  (cost=799380.35..799380.35 rows=396 width=8) (actual time=14227.847..14227.847 rows=20 loops=1)
        Buckets: 1024  Batches: 1  Memory Usage: 9kB
        ->  Nested Loop  (cost=0.43..799380.35 rows=396 width=8) (actual time=8051.560..14227.820 rows=20 loops=1)
              ->  Seq Scan on cast_info ci  (cost=0.00..796071.18 rows=396 width=4) (actual time=8051.453..14227.183 rows=20 loops=1)
                    Filter: ((role_id < 8) AND (person_id = 2417492))
                    Rows Removed by Filter: 36244324
              ->  Index Only Scan using title_pkey on title t  (cost=0.43..8.35 rows=1 width=4) (actual time=0.029..0.030 rows=1 loops=20)
                    Index Cond: (id = ci.movie_id)
                    Heap Fetches: 20
Planning time: 1.188 ms
Execution time: 21568.951 ms
