Nested Loop  (cost=0.43..797555.70 rows=176 width=0) (actual time=5974.535..10538.432 rows=77 loops=1)
  ->  Seq Scan on cast_info ci  (cost=0.00..796071.18 rows=176 width=4) (actual time=5974.390..10536.796 rows=77 loops=1)
        Filter: ((person_id = 1342610) AND (role_id = 1))
        Rows Removed by Filter: 36244267
  ->  Index Only Scan using title_pkey on title t  (cost=0.43..8.42 rows=1 width=4) (actual time=0.019..0.020 rows=1 loops=77)
        Index Cond: (id = ci.movie_id)
        Heap Fetches: 77
Planning time: 0.795 ms
Execution time: 10538.523 ms
