Seq Scan on cast_info ci  (cost=0.00..796071.18 rows=3453267 width=0) (actual time=1539.837..11280.838 rows=2118115 loops=1)
  Filter: ((person_id < 738842) AND (role_id > 2))
  Rows Removed by Filter: 34126229
Planning time: 0.287 ms
Execution time: 11544.961 ms
