Hash Join  (cost=184378.33..711957.14 rows=4477189 width=0) (actual time=4181.996..18468.430 rows=4525384 loops=1)
  Hash Cond: (mi.movie_id = t.id)
  ->  Seq Scan on movie_info mi  (cost=0.00..309384.22 rows=14739122 width=4) (actual time=0.013..5909.111 rows=14835720 loops=1)
  ->  Hash  (cost=171776.44..171776.44 rows=768071 width=8) (actual time=4180.929..4180.929 rows=480621 loops=1)
        Buckets: 131072  Batches: 16  Memory Usage: 2182kB
        ->  Hash Join  (cost=86138.21..171776.44 rows=768071 width=8) (actual time=1613.660..4039.050 rows=480621 loops=1)
              Hash Cond: (mc.movie_id = t.id)
              ->  Seq Scan on movie_companies mc  (cost=0.00..44881.29 rows=2609129 width=4) (actual time=0.028..929.971 rows=2609129 loops=1)
              ->  Hash  (cost=73925.90..73925.90 rows=744344 width=4) (actual time=1611.116..1611.116 rows=796638 loops=1)
                    Buckets: 131072  Batches: 16  Memory Usage: 2779kB
                    ->  Seq Scan on title t  (cost=0.00..73925.90 rows=744344 width=4) (actual time=0.012..1357.546 rows=796638 loops=1)
                          Filter: ((kind_id > 1) AND (production_year > 2005))
                          Rows Removed by Filter: 1731674
Planning time: 4.673 ms
Execution time: 18980.898 ms
