Hash Join  (cost=263115.61..1319296.29 rows=10577089 width=0) (actual time=16278.000..30095.575 rows=16356628 loops=1)
  Hash Cond: (ci.movie_id = t.id)
  ->  Seq Scan on cast_info ci  (cost=0.00..796071.18 rows=10250338 width=4) (actual time=10075.790..15315.067 rows=7640890 loops=1)
        Filter: ((person_id > 675186) AND (role_id = 1))
        Rows Removed by Filter: 28603454
  ->  Hash  (cost=220309.49..220309.49 rows=2609129 width=8) (actual time=6201.255..6201.255 rows=2609129 loops=1)
        Buckets: 131072  Batches: 64  Memory Usage: 2610kB
        ->  Hash Join  (cost=102767.86..220309.49 rows=2609129 width=8) (actual time=1844.583..5431.679 rows=2609129 loops=1)
              Hash Cond: (mc.movie_id = t.id)
              ->  Seq Scan on movie_companies mc  (cost=0.00..44881.29 rows=2609129 width=4) (actual time=0.019..1029.613 rows=2609129 loops=1)
              ->  Hash  (cost=61283.27..61283.27 rows=2528527 width=4) (actual time=1843.813..1843.813 rows=2528312 loops=1)
                    Buckets: 131072  Batches: 64  Memory Usage: 2415kB
                    ->  Seq Scan on title t  (cost=0.00..61283.27 rows=2528527 width=4) (actual time=0.022..949.130 rows=2528312 loops=1)
Planning time: 0.750 ms
Execution time: 31833.975 ms
