Seq Scan on movie_keyword mk  (cost=0.00..81003.12 rows=4283992 width=0) (actual time=0.020..1648.934 rows=4268267 loops=1)
  Filter: (keyword_id > 224)
  Rows Removed by Filter: 255663
Planning time: 0.283 ms
Execution time: 2181.209 ms
