Hash Join  (cost=122535.74..853396.12 rows=20354 width=0) (actual time=2754.674..15765.091 rows=90341 loops=1)
  Hash Cond: (ci.movie_id = t.id)
  ->  Seq Scan on cast_info ci  (cost=0.00..705507.15 rows=6706585 width=4) (actual time=419.597..11786.011 rows=6789151 loops=1)
        Filter: (person_id > 2983035)
        Rows Removed by Filter: 29455193
  ->  Hash  (cost=122439.81..122439.81 rows=7674 width=8) (actual time=2333.021..2333.021 rows=19485 loops=1)
        Buckets: 32768 (originally 8192)  Batches: 1 (originally 1)  Memory Usage: 1018kB
        ->  Hash Join  (cost=67697.55..122439.81 rows=7674 width=8) (actual time=1076.345..2324.991 rows=19485 loops=1)
              Hash Cond: (mc.movie_id = t.id)
              ->  Seq Scan on movie_companies mc  (cost=0.00..44881.29 rows=2609129 width=4) (actual time=0.027..659.757 rows=2609129 loops=1)
              ->  Hash  (cost=67604.59..67604.59 rows=7437 width=4) (actual time=1076.234..1076.234 rows=14770 loops=1)
                    Buckets: 16384 (originally 8192)  Batches: 1 (originally 1)  Memory Usage: 648kB
                    ->  Seq Scan on title t  (cost=0.00..67604.59 rows=7437 width=4) (actual time=0.022..1064.678 rows=14770 loops=1)
                          Filter: (production_year = 1982)
                          Rows Removed by Filter: 2513542
Planning time: 1.129 ms
Execution time: 15778.595 ms
