Hash Join  (cost=102767.86..197661.69 rows=1125717 width=0) (actual time=2034.134..4809.317 rows=1274246 loops=1)
  Hash Cond: (mc.movie_id = t.id)
  ->  Seq Scan on movie_companies mc  (cost=0.00..57926.93 rows=1125717 width=4) (actual time=160.516..1282.660 rows=1274246 loops=1)
        Filter: ((company_id < 92238) AND (company_type_id < 2))
        Rows Removed by Filter: 1334883
  ->  Hash  (cost=61283.27..61283.27 rows=2528527 width=4) (actual time=1872.251..1872.251 rows=2528312 loops=1)
        Buckets: 131072  Batches: 64  Memory Usage: 2415kB
        ->  Seq Scan on title t  (cost=0.00..61283.27 rows=2528527 width=4) (actual time=0.020..1071.168 rows=2528312 loops=1)
Planning time: 0.750 ms
Execution time: 4958.403 ms
