Hash Join  (cost=69283.60..1080784.71 rows=727113 width=0) (actual time=6154.742..23659.171 rows=877577 loops=1)
  Hash Cond: (ci.movie_id = t.id)
  ->  Seq Scan on cast_info ci  (cost=0.00..796071.18 rows=17968212 width=4) (actual time=5146.143..16163.734 rows=16612512 loops=1)
        Filter: ((person_id > 1246879) AND (role_id < 6))
        Rows Removed by Filter: 19631832
  ->  Hash  (cost=67604.59..67604.59 rows=102321 width=4) (actual time=1007.720..1007.720 rows=100537 loops=1)
        Buckets: 131072  Batches: 2  Memory Usage: 2797kB
        ->  Seq Scan on title t  (cost=0.00..67604.59 rows=102321 width=4) (actual time=480.200..971.039 rows=100537 loops=1)
              Filter: (kind_id = 3)
              Rows Removed by Filter: 2427775
Planning time: 0.712 ms
Execution time: 23779.349 ms
