Hash Join  (cost=28270.40..815244.21 rows=3161 width=0) (actual time=448.736..14059.124 rows=19529 loops=1)
  Hash Cond: (ci.movie_id = t.id)
  ->  Seq Scan on cast_info ci  (cost=0.00..705507.15 rows=21716014 width=4) (actual time=0.014..10248.858 rows=21579561 loops=1)
        Filter: (person_id < 2189302)
        Rows Removed by Filter: 14664783
  ->  Hash  (cost=28265.80..28265.80 rows=368 width=8) (actual time=447.205..447.205 rows=260 loops=1)
        Buckets: 1024  Batches: 1  Memory Usage: 19kB
        ->  Nested Loop  (cost=0.43..28265.80 rows=368 width=8) (actual time=226.094..447.100 rows=260 loops=1)
              ->  Seq Scan on movie_info_idx mi_idx  (cost=0.00..25185.44 rows=368 width=4) (actual time=225.990..436.378 rows=260 loops=1)
                    Filter: (info_type_id > 101)
                    Rows Removed by Filter: 1379775
              ->  Index Only Scan using title_pkey on title t  (cost=0.43..8.36 rows=1 width=4) (actual time=0.040..0.041 rows=1 loops=260)
                    Index Cond: (id = mi_idx.movie_id)
                    Heap Fetches: 260
Planning time: 1.204 ms
Execution time: 14063.789 ms
