Hash Join  (cost=75292.52..113765.36 rows=45436 width=0) (actual time=1362.370..2279.186 rows=36024 loops=1)
  Hash Cond: (mi_idx.movie_id = t.id)
  ->  Seq Scan on movie_info_idx mi_idx  (cost=0.00..21735.35 rows=1380035 width=4) (actual time=0.026..464.740 rows=1380035 loops=1)
  ->  Hash  (cost=73925.90..73925.90 rows=83249 width=4) (actual time=1361.229..1361.229 rows=101793 loops=1)
        Buckets: 131072  Batches: 2  Memory Usage: 2803kB
        ->  Seq Scan on title t  (cost=0.00..73925.90 rows=83249 width=4) (actual time=0.025..1316.010 rows=101793 loops=1)
              Filter: ((kind_id > 1) AND (production_year = 2007))
              Rows Removed by Filter: 2426519
Planning time: 0.719 ms
Execution time: 2284.147 ms
