Merge Join  (cost=72340.16..192020.91 rows=182286 width=134) (actual time=1227.663..8528.827 rows=182418 loops=1)
  Merge Cond: (t.id = mc.movie_id)
  ->  Index Scan using title_pkey on title t  (cost=0.43..110313.87 rows=2528527 width=94) (actual time=0.006..6694.577 rows=2525636 loops=1)
  ->  Materialize  (cost=72319.62..73231.05 rows=182286 width=40) (actual time=1227.627..1364.921 rows=182418 loops=1)
        ->  Sort  (cost=72319.62..72775.34 rows=182286 width=40) (actual time=1227.621..1334.430 rows=182418 loops=1)
              Sort Key: mc.movie_id
              Sort Method: external merge  Disk: 7848kB
              ->  Seq Scan on movie_companies mc  (cost=0.00..51404.11 rows=182286 width=40) (actual time=0.018..1029.657 rows=182418 loops=1)
                    Filter: (company_id < 46)
                    Rows Removed by Filter: 2426711
Planning time: 0.910 ms
Execution time: 8542.931 ms
