Hash Join  (cost=452295.09..581357.20 rows=579408 width=0) (actual time=6831.390..10333.959 rows=1060470 loops=1)
  Hash Cond: (mk.movie_id = t.id)
  ->  Seq Scan on movie_keyword mk  (cost=0.00..69693.30 rows=4523930 width=4) (actual time=0.029..1457.790 rows=4523930 loops=1)
  ->  Hash  (cost=446981.04..446981.04 rows=323844 width=8) (actual time=6830.534..6830.534 rows=294980 loops=1)
        Buckets: 131072  Batches: 8  Memory Usage: 2471kB
        ->  Hash Join  (cost=84197.31..446981.04 rows=323844 width=8) (actual time=4963.508..6736.136 rows=294980 loops=1)
              Hash Cond: (mi.movie_id = t.id)
              ->  Seq Scan on movie_info mi  (cost=0.00..346232.03 rows=809669 width=4) (actual time=3268.597..4343.462 rows=802140 loops=1)
                    Filter: (info_type_id = 1)
                    Rows Removed by Filter: 14033580
              ->  Hash  (cost=67604.59..67604.59 rows=1011338 width=4) (actual time=1694.161..1694.161 rows=1012920 loops=1)
                    Buckets: 131072  Batches: 16  Memory Usage: 3256kB
                    ->  Seq Scan on title t  (cost=0.00..67604.59 rows=1011338 width=4) (actual time=0.024..1290.740 rows=1012920 loops=1)
                          Filter: (production_year > 2005)
                          Rows Removed by Filter: 1515392
Planning time: 1.190 ms
Execution time: 10463.258 ms
