Nested Loop  (cost=0.43..83072.29 rows=47 width=0) (actual time=55.149..1265.535 rows=89 loops=1)
  ->  Seq Scan on movie_keyword mk  (cost=0.00..81003.12 rows=246 width=4) (actual time=8.931..1224.826 rows=1187 loops=1)
        Filter: (keyword_id = 282)
        Rows Removed by Filter: 4522743
  ->  Index Scan using title_pkey on title t  (cost=0.43..8.40 rows=1 width=4) (actual time=0.033..0.033 rows=0 loops=1187)
        Index Cond: (id = mk.movie_id)
        Filter: (production_year < 1978)
        Rows Removed by Filter: 1
Planning time: 0.729 ms
Execution time: 1265.715 ms
