Seq Scan on movie_keyword mk  (cost=0.00..81003.12 rows=246 width=0) (actual time=707.196..1197.904 rows=2 loops=1)
  Filter: (keyword_id = 112912)
  Rows Removed by Filter: 4523928
Planning time: 0.453 ms
Execution time: 1198.000 ms
