Hash Join  (cost=174865.45..1191177.63 rows=7323958 width=0) (actual time=4168.321..32604.768 rows=14767284 loops=1)
  Hash Cond: (ci.movie_id = t.id)
  ->  Seq Scan on cast_info ci  (cost=0.00..705507.15 rows=20236921 width=4) (actual time=0.018..14750.755 rows=20355506 loops=1)
        Filter: (person_id > 1570795)
        Rows Removed by Filter: 15888838
  ->  Hash  (cost=159851.69..159851.69 rows=915101 width=8) (actual time=4167.313..4167.313 rows=919850 loops=1)
        Buckets: 131072  Batches: 16  Memory Usage: 3269kB
        ->  Hash Join  (cost=102767.86..159851.69 rows=915101 width=8) (actual time=2168.395..3894.763 rows=919850 loops=1)
              Hash Cond: (mi_idx.movie_id = t.id)
              ->  Seq Scan on movie_info_idx mi_idx  (cost=0.00..25185.44 rows=915101 width=4) (actual time=0.020..539.582 rows=919850 loops=1)
                    Filter: (info_type_id < 101)
                    Rows Removed by Filter: 460185
              ->  Hash  (cost=61283.27..61283.27 rows=2528527 width=4) (actual time=2166.434..2166.434 rows=2528312 loops=1)
                    Buckets: 131072  Batches: 64  Memory Usage: 2415kB
                    ->  Seq Scan on title t  (cost=0.00..61283.27 rows=2528527 width=4) (actual time=0.014..1072.914 rows=2528312 loops=1)
Planning time: 1.887 ms
Execution time: 34208.076 ms
