Seq Scan on movie_keyword mk  (cost=0.00..81003.12 rows=2142528 width=0) (actual time=0.016..1424.060 rows=2150472 loops=1)
  Filter: (keyword_id < 4039)
  Rows Removed by Filter: 2373458
Planning time: 0.317 ms
Execution time: 1691.062 ms
