Hash Join  (cost=841579.69..978305.59 rows=1208486 width=0) (actual time=16398.989..19903.674 rows=537203 loops=1)
  Hash Cond: (mk.movie_id = t.id)
  ->  Seq Scan on movie_keyword mk  (cost=0.00..69693.30 rows=4523930 width=4) (actual time=0.022..1535.996 rows=4523930 loops=1)
  ->  Hash  (cost=830497.57..830497.57 rows=675450 width=8) (actual time=16386.492..16386.492 rows=617815 loops=1)
        Buckets: 131072  Batches: 16  Memory Usage: 2520kB
        ->  Hash Join  (cost=84171.54..830497.57 rows=675450 width=8) (actual time=3746.449..16185.296 rows=617815 loops=1)
              Hash Cond: (ci.movie_id = t.id)
              ->  Seq Scan on cast_info ci  (cost=0.00..705507.15 rows=2735034 width=4) (actual time=2281.976..13134.329 rows=2728943 loops=1)
                    Filter: (role_id = 4)
                    Rows Removed by Filter: 33515401
              ->  Hash  (cost=73925.90..73925.90 rows=624451 width=4) (actual time=1463.147..1463.147 rows=521141 loops=1)
                    Buckets: 131072  Batches: 16  Memory Usage: 2168kB
                    ->  Seq Scan on title t  (cost=0.00..73925.90 rows=624451 width=4) (actual time=0.034..1294.120 rows=521141 loops=1)
                          Filter: ((production_year < 2000) AND (kind_id = 7))
                          Rows Removed by Filter: 2007171
Planning time: 1.221 ms
Execution time: 19961.405 ms
