Hash Join  (cost=67697.55..122439.81 rows=7674 width=0) (actual time=1212.613..2386.974 rows=6534 loops=1)
  Hash Cond: (mc.movie_id = t.id)
  ->  Seq Scan on movie_companies mc  (cost=0.00..44881.29 rows=2609129 width=4) (actual time=0.016..787.417 rows=2609129 loops=1)
  ->  Hash  (cost=67604.59..67604.59 rows=7437 width=4) (actual time=1101.054..1101.054 rows=2493 loops=1)
        Buckets: 8192  Batches: 1  Memory Usage: 152kB
        ->  Seq Scan on title t  (cost=0.00..67604.59 rows=7437 width=4) (actual time=188.654..1099.781 rows=2493 loops=1)
              Filter: (production_year = 1934)
              Rows Removed by Filter: 2525819
Planning time: 0.791 ms
Execution time: 2388.274 ms
