Hash Join  (cost=67697.55..94648.62 rows=4059 width=0) (actual time=1059.563..1625.136 rows=2510 loops=1)
  Hash Cond: (mi_idx.movie_id = t.id)
  ->  Seq Scan on movie_info_idx mi_idx  (cost=0.00..21735.35 rows=1380035 width=4) (actual time=0.020..323.796 rows=1380035 loops=1)
  ->  Hash  (cost=67604.59..67604.59 rows=7437 width=4) (actual time=1038.918..1038.918 rows=1831 loops=1)
        Buckets: 8192  Batches: 1  Memory Usage: 129kB
        ->  Seq Scan on title t  (cost=0.00..67604.59 rows=7437 width=4) (actual time=29.140..1037.937 rows=1831 loops=1)
              Filter: (production_year = 1944)
              Rows Removed by Filter: 2526481
Planning time: 0.643 ms
Execution time: 1625.700 ms
