Hash Join  (cost=102767.86..1371216.00 rows=19220736 width=0) (actual time=1862.544..36748.314 rows=19131416 loops=1)
  Hash Cond: (ci.movie_id = t.id)
  ->  Seq Scan on cast_info ci  (cost=0.00..796071.18 rows=19220736 width=4) (actual time=0.016..18568.264 rows=19131416 loops=1)
        Filter: ((person_id > 138060) AND (role_id < 3))
        Rows Removed by Filter: 17112928
  ->  Hash  (cost=61283.27..61283.27 rows=2528527 width=4) (actual time=1860.881..1860.881 rows=2528312 loops=1)
        Buckets: 131072  Batches: 64  Memory Usage: 2415kB
        ->  Seq Scan on title t  (cost=0.00..61283.27 rows=2528527 width=4) (actual time=0.011..1031.212 rows=2528312 loops=1)
Planning time: 0.801 ms
Execution time: 38880.718 ms
