Seq Scan on movie_companies mc  (cost=0.00..57926.93 rows=51 width=0) (actual time=0.763..787.949 rows=12 loops=1)
  Filter: ((company_id = 31436) AND (company_type_id = 1))
  Rows Removed by Filter: 2609117
Planning time: 0.379 ms
Execution time: 788.048 ms
