Hash Join  (cost=180278.91..313956.17 rows=958222 width=0) (actual time=3841.780..7338.938 rows=957907 loops=1)
  Hash Cond: (mk.movie_id = t.id)
  ->  Seq Scan on movie_keyword mk  (cost=0.00..69693.30 rows=4523930 width=4) (actual time=2.051..1471.468 rows=4523930 loops=1)
  ->  Hash  (cost=171491.26..171491.26 rows=535572 width=8) (actual time=3839.006..3839.006 rows=321575 loops=1)
        Buckets: 131072  Batches: 8  Memory Usage: 2611kB
        ->  Hash Join  (cost=98137.04..171491.26 rows=535572 width=8) (actual time=2236.218..3736.797 rows=321575 loops=1)
              Hash Cond: (mc.movie_id = t.id)
              ->  Seq Scan on movie_companies mc  (cost=0.00..51404.11 rows=727679 width=4) (actual time=138.794..855.459 rows=732296 loops=1)
                    Filter: (company_id > 40229)
                    Rows Removed by Filter: 1876833
              ->  Hash  (cost=67604.59..67604.59 rows=1860996 width=4) (actual time=2095.753..2095.753 rows=1865487 loops=1)
                    Buckets: 131072  Batches: 32  Memory Usage: 3079kB
                    ->  Seq Scan on title t  (cost=0.00..67604.59 rows=1860996 width=4) (actual time=0.028..1388.372 rows=1865487 loops=1)
                          Filter: (kind_id > 1)
                          Rows Removed by Filter: 662825
Planning time: 3.407 ms
Execution time: 7448.587 ms
