Hash Join  (cost=576488.17..1979869.74 rows=13936841 width=0) (actual time=14223.231..55743.786 rows=28696745 loops=1)
  Hash Cond: (ci.movie_id = t.id)
  ->  Seq Scan on cast_info ci  (cost=0.00..614943.12 rows=36225612 width=4) (actual time=0.021..13465.025 rows=36244344 loops=1)
  ->  Hash  (cost=560528.38..560528.38 rows=972783 width=8) (actual time=14220.867..14220.867 rows=1962019 loops=1)
        Buckets: 131072 (originally 131072)  Batches: 32 (originally 16)  Memory Usage: 3361kB
        ->  Hash Join  (cost=70342.62..560528.38 rows=972783 width=8) (actual time=1203.466..13705.606 rows=1962019 loops=1)
              Hash Cond: (mi.movie_id = t.id)
              ->  Seq Scan on movie_info mi  (cost=0.00..309384.22 rows=14739122 width=4) (actual time=0.022..6040.772 rows=14835720 loops=1)
              ->  Hash  (cost=67604.59..67604.59 rows=166883 width=4) (actual time=1202.573..1202.573 rows=168947 loops=1)
                    Buckets: 131072  Batches: 4  Memory Usage: 2513kB
                    ->  Seq Scan on title t  (cost=0.00..67604.59 rows=166883 width=4) (actual time=1.358..1144.740 rows=168947 loops=1)
                          Filter: (production_year < 1951)
                          Rows Removed by Filter: 2359365
Planning time: 1.126 ms
Execution time: 58935.426 ms
