Seq Scan on title t  (cost=0.00..67604.59 rows=7437 width=0) (actual time=153.477..1105.814 rows=2798 loops=1)
  Filter: (production_year = 1936)
  Rows Removed by Filter: 2525514
Planning time: 0.359 ms
Execution time: 1106.620 ms
