Hash Join  (cost=83074.74..137742.28 rows=202 width=0) (actual time=1407.726..2407.544 rows=465 loops=1)
  Hash Cond: (mc.movie_id = t.id)
  ->  Seq Scan on movie_companies mc  (cost=0.00..44881.29 rows=2609129 width=4) (actual time=0.018..587.422 rows=2609129 loops=1)
  ->  Hash  (cost=83072.29..83072.29 rows=196 width=8) (actual time=1325.423..1325.423 rows=724 loops=1)
        Buckets: 1024  Batches: 1  Memory Usage: 37kB
        ->  Nested Loop  (cost=0.43..83072.29 rows=196 width=8) (actual time=43.336..1324.848 rows=724 loops=1)
              ->  Seq Scan on movie_keyword mk  (cost=0.00..81003.12 rows=246 width=4) (actual time=43.260..1273.556 rows=791 loops=1)
                    Filter: (keyword_id = 64187)
                    Rows Removed by Filter: 4523139
              ->  Index Scan using title_pkey on title t  (cost=0.43..8.40 rows=1 width=4) (actual time=0.063..0.063 rows=1 loops=791)
                    Index Cond: (id = mk.movie_id)
                    Filter: (production_year > 1975)
                    Rows Removed by Filter: 0
Planning time: 1.003 ms
Execution time: 2407.862 ms
