Hash Join  (cost=346406.09..895818.86 rows=9302041 width=0) (actual time=9145.287..51789.226 rows=149025479 loops=1)
  Hash Cond: (mi.movie_id = t.id)
  ->  Seq Scan on movie_info mi  (cost=0.00..346232.03 rows=6231111 width=4) (actual time=0.035..6809.184 rows=6223494 loops=1)
        Filter: (info_type_id > 8)
        Rows Removed by Filter: 8612226
  ->  Hash  (cost=284477.57..284477.57 rows=3774682 width=8) (actual time=9143.774..9143.774 rows=3767201 loops=1)
        Buckets: 131072  Batches: 64  Memory Usage: 3429kB
        ->  Hash Join  (cost=102767.86..284477.57 rows=3774682 width=8) (actual time=2614.064..7988.766 rows=3767201 loops=1)
              Hash Cond: (mk.movie_id = t.id)
              ->  Seq Scan on movie_keyword mk  (cost=0.00..81003.12 rows=3774682 width=4) (actual time=0.016..1816.594 rows=3767201 loops=1)
                    Filter: (keyword_id > 691)
                    Rows Removed by Filter: 756729
              ->  Hash  (cost=61283.27..61283.27 rows=2528527 width=4) (actual time=2613.152..2613.152 rows=2528312 loops=1)
                    Buckets: 131072  Batches: 64  Memory Usage: 2425kB
                    ->  Seq Scan on title t  (cost=0.00..61283.27 rows=2528527 width=4) (actual time=0.020..1145.953 rows=2528312 loops=1)
Planning time: 5.066 ms
Execution time: 68259.362 ms
