Seq Scan on movie_companies mc  (cost=0.00..57926.93 rows=876267 width=0) (actual time=1.803..1024.095 rows=1189321 loops=1)
  Filter: ((company_id < 27215) AND (company_type_id < 2))
  Rows Removed by Filter: 1419808
Planning time: 0.294 ms
Execution time: 1170.583 ms
