Hash Join  (cost=76697.17..202381.10 rows=302190 width=0) (actual time=1233.653..5278.931 rows=992274 loops=1)
  Hash Cond: (mk.movie_id = t.id)
  ->  Seq Scan on movie_keyword mk  (cost=0.00..69693.30 rows=4523930 width=4) (actual time=0.013..1422.735 rows=4523930 loops=1)
  ->  Hash  (cost=73925.90..73925.90 rows=168901 width=4) (actual time=1232.594..1232.594 rows=269915 loops=1)
        Buckets: 131072  Batches: 4  Memory Usage: 3407kB
        ->  Seq Scan on title t  (cost=0.00..73925.90 rows=168901 width=4) (actual time=0.017..1142.175 rows=269915 loops=1)
              Filter: ((kind_id < 7) AND (production_year < 1974))
              Rows Removed by Filter: 2258397
Planning time: 0.730 ms
Execution time: 5402.256 ms
