Hash Join  (cost=102767.86..1089851.07 rows=7527633 width=0) (actual time=4136.861..21040.111 rows=3805339 loops=1)
  Hash Cond: (ci.movie_id = t.id)
  ->  Seq Scan on cast_info ci  (cost=0.00..796071.18 rows=7527633 width=4) (actual time=2254.561..15715.903 rows=3805339 loops=1)
        Filter: ((person_id < 2923812) AND (role_id > 4))
        Rows Removed by Filter: 32439005
  ->  Hash  (cost=61283.27..61283.27 rows=2528527 width=4) (actual time=1880.972..1880.972 rows=2528312 loops=1)
        Buckets: 131072  Batches: 64  Memory Usage: 2415kB
        ->  Seq Scan on title t  (cost=0.00..61283.27 rows=2528527 width=4) (actual time=0.025..1027.445 rows=2528312 loops=1)
Planning time: 0.822 ms
Execution time: 21485.936 ms
