Seq Scan on movie_keyword mk  (cost=0.00..81003.12 rows=246 width=0) (actual time=170.784..1206.972 rows=21 loops=1)
  Filter: (keyword_id = 43210)
  Rows Removed by Filter: 4523909
Planning time: 0.393 ms
Execution time: 1207.093 ms
