Seq Scan on movie_companies mc  (cost=0.00..51404.11 rows=965855 width=0) (actual time=0.024..846.656 rows=966908 loops=1)
  Filter: (company_id < 4059)
  Rows Removed by Filter: 1642221
Planning time: 0.492 ms
Execution time: 966.669 ms
