Hash Join  (cost=800388.03..3365624.17 rows=118222480 width=0) (actual time=18662.026..83396.940 rows=117471938 loops=1)
  Hash Cond: (ci.movie_id = t.id)
  ->  Seq Scan on cast_info ci  (cost=0.00..614943.12 rows=36225612 width=4) (actual time=0.017..13946.104 rows=36244344 loops=1)
  ->  Hash  (cost=665005.75..665005.75 rows=8251862 width=8) (actual time=18659.009..18659.009 rows=5459611 loops=1)
        Buckets: 131072  Batches: 128  Memory Usage: 2668kB
        ->  Hash Join  (cost=97151.21..665005.75 rows=8251862 width=8) (actual time=2172.893..17059.777 rows=5459611 loops=1)
              Hash Cond: (mi.movie_id = t.id)
              ->  Seq Scan on movie_info mi  (cost=0.00..309384.22 rows=14739122 width=4) (actual time=0.020..5631.508 rows=14835720 loops=1)
              ->  Hash  (cost=73925.90..73925.90 rows=1415624 width=4) (actual time=2171.666..2171.666 rows=1398720 loops=1)
                    Buckets: 131072  Batches: 32  Memory Usage: 2566kB
                    ->  Seq Scan on title t  (cost=0.00..73925.90 rows=1415624 width=4) (actual time=0.018..1571.554 rows=1398720 loops=1)
                          Filter: ((kind_id > 1) AND (production_year < 2010))
                          Rows Removed by Filter: 1129592
Planning time: 1.150 ms
Execution time: 96574.725 ms
