Hash Join  (cost=510035.48..620515.20 rows=740685 width=0) (actual time=9391.532..12707.922 rows=1447541 loops=1)
  Hash Cond: (mk.movie_id = t.id)
  ->  Seq Scan on movie_keyword mk  (cost=0.00..81003.12 rows=1481532 width=4) (actual time=0.045..1570.985 rows=1493348 loops=1)
        Filter: (keyword_id > 10877)
        Rows Removed by Filter: 3030582
  ->  Hash  (cost=489295.91..489295.91 rows=1264125 width=8) (actual time=9390.329..9390.329 rows=1288928 loops=1)
        Buckets: 131072  Batches: 32  Memory Usage: 2594kB
        ->  Hash Join  (cost=102767.86..489295.91 rows=1264125 width=8) (actual time=6805.438..9013.001 rows=1288928 loops=1)
              Hash Cond: (mi.movie_id = t.id)
              ->  Seq Scan on movie_info mi  (cost=0.00..346232.03 rows=1264125 width=4) (actual time=4384.422..5086.652 rows=1288928 loops=1)
                    Filter: (info_type_id = 2)
                    Rows Removed by Filter: 13546792
              ->  Hash  (cost=61283.27..61283.27 rows=2528527 width=4) (actual time=2419.766..2419.766 rows=2528312 loops=1)
                    Buckets: 131072  Batches: 64  Memory Usage: 2425kB
                    ->  Seq Scan on title t  (cost=0.00..61283.27 rows=2528527 width=4) (actual time=0.017..1117.279 rows=2528312 loops=1)
Planning time: 1.187 ms
Execution time: 12875.019 ms
