Hash Join  (cost=365418.15..1224556.99 rows=25716862 width=0) (actual time=8140.061..68791.745 rows=205917108 loops=1)
  Hash Cond: (mi.movie_id = t.id)
  ->  Seq Scan on movie_info mi  (cost=0.00..346232.03 rows=14373737 width=4) (actual time=0.016..7655.735 rows=14407069 loops=1)
        Filter: (info_type_id < 105)
        Rows Removed by Filter: 428651
  ->  Hash  (cost=291197.02..291197.02 rows=4523930 width=8) (actual time=8138.574..8138.574 rows=4523930 loops=1)
        Buckets: 131072  Batches: 64  Memory Usage: 3893kB
        ->  Hash Join  (cost=102767.86..291197.02 rows=4523930 width=8) (actual time=1901.434..6938.601 rows=4523930 loops=1)
              Hash Cond: (mk.movie_id = t.id)
              ->  Seq Scan on movie_keyword mk  (cost=0.00..69693.30 rows=4523930 width=4) (actual time=0.019..1487.847 rows=4523930 loops=1)
              ->  Hash  (cost=61283.27..61283.27 rows=2528527 width=4) (actual time=1900.389..1900.389 rows=2528312 loops=1)
                    Buckets: 131072  Batches: 64  Memory Usage: 2425kB
                    ->  Seq Scan on title t  (cost=0.00..61283.27 rows=2528527 width=4) (actual time=0.010..1027.782 rows=2528312 loops=1)
Planning time: 1.140 ms
Execution time: 90843.672 ms
