Nested Loop  (cost=0.43..52284.21 rows=20 width=0) (actual time=239.570..897.803 rows=10 loops=1)
  ->  Seq Scan on movie_companies mc  (cost=0.00..51404.11 rows=104 width=4) (actual time=5.682..887.352 rows=285 loops=1)
        Filter: (company_id = 2085)
        Rows Removed by Filter: 2608844
  ->  Index Scan using title_pkey on title t  (cost=0.43..8.45 rows=1 width=4) (actual time=0.035..0.035 rows=0 loops=285)
        Index Cond: (id = mc.movie_id)
        Filter: ((kind_id < 2) AND (production_year > 1987))
        Rows Removed by Filter: 1
Planning time: 0.665 ms
Execution time: 897.927 ms
