Hash Join  (cost=189805.92..718615.66 rows=4592582 width=0) (actual time=4427.336..19286.752 rows=5445342 loops=1)
  Hash Cond: (mi.movie_id = t.id)
  ->  Seq Scan on movie_info mi  (cost=0.00..309384.22 rows=14739122 width=4) (actual time=0.020..6052.515 rows=14835720 loops=1)
  ->  Hash  (cost=176879.58..176879.58 rows=787867 width=8) (actual time=4426.525..4426.525 rows=535167 loops=1)
        Buckets: 131072  Batches: 16  Memory Usage: 2308kB
        ->  Hash Join  (cost=89154.34..176879.58 rows=787867 width=8) (actual time=1703.401..4255.202 rows=535167 loops=1)
              Hash Cond: (mc.movie_id = t.id)
              ->  Seq Scan on movie_companies mc  (cost=0.00..51404.11 rows=2146254 width=4) (actual time=0.024..1177.205 rows=2141417 loops=1)
                    Filter: (company_id < 76195)
                    Rows Removed by Filter: 467712
              ->  Hash  (cost=73925.90..73925.90 rows=928195 width=4) (actual time=1702.294..1702.294 rows=1004724 loops=1)
                    Buckets: 131072  Batches: 16  Memory Usage: 3239kB
                    ->  Seq Scan on title t  (cost=0.00..73925.90 rows=928195 width=4) (actual time=0.014..1383.497 rows=1004724 loops=1)
                          Filter: ((kind_id > 1) AND (production_year > 2002))
                          Rows Removed by Filter: 1523588
Planning time: 1.637 ms
Execution time: 19955.277 ms
