Seq Scan on movie_companies mc  (cost=0.00..57926.93 rows=1194 width=0) (actual time=0.677..769.225 rows=602 loops=1)
  Filter: ((company_id = 708) AND (company_type_id = 1))
  Rows Removed by Filter: 2608527
Planning time: 0.400 ms
Execution time: 769.447 ms
