Seq Scan on cast_info ci  (cost=0.00..796071.18 rows=2903419 width=0) (actual time=5857.367..11879.179 rows=5884491 loops=1)
  Filter: ((person_id < 797104) AND (role_id < 2))
  Rows Removed by Filter: 30359853
Planning time: 0.392 ms
Execution time: 12597.222 ms
