Seq Scan on movie_companies mc  (cost=0.00..57926.93 rows=590156 width=0) (actual time=122.548..636.321 rows=873813 loops=1)
  Filter: ((company_id > 12868) AND (company_type_id > 1))
  Rows Removed by Filter: 1735316
Planning time: 0.374 ms
Execution time: 723.690 ms
