Hash Join  (cost=190230.21..1151523.09 rows=5125221 width=0) (actual time=10424.868..29151.458 rows=12748882 loops=1)
  Hash Cond: (ci.movie_id = t.id)
  ->  Seq Scan on cast_info ci  (cost=0.00..796071.18 rows=9390530 width=4) (actual time=5868.624..16114.682 rows=10455550 loops=1)
        Filter: ((person_id > 806778) AND (role_id > 3))
        Rows Removed by Filter: 25788794
  ->  Hash  (cost=167588.78..167588.78 rows=1380035 width=8) (actual time=4554.870..4554.870 rows=1380035 loops=1)
        Buckets: 131072  Batches: 32  Memory Usage: 2708kB
        ->  Hash Join  (cost=102767.86..167588.78 rows=1380035 width=8) (actual time=1847.498..4148.434 rows=1380035 loops=1)
              Hash Cond: (mi_idx.movie_id = t.id)
              ->  Seq Scan on movie_info_idx mi_idx  (cost=0.00..21735.35 rows=1380035 width=4) (actual time=0.025..479.567 rows=1380035 loops=1)
              ->  Hash  (cost=61283.27..61283.27 rows=2528527 width=4) (actual time=1845.947..1845.947 rows=2528312 loops=1)
                    Buckets: 131072  Batches: 64  Memory Usage: 2415kB
                    ->  Seq Scan on title t  (cost=0.00..61283.27 rows=2528527 width=4) (actual time=0.025..1012.472 rows=2528312 loops=1)
Planning time: 1.114 ms
Execution time: 30520.108 ms
