Hash Join  (cost=102587.25..454868.42 rows=23640 width=0) (actual time=7043.674..8155.405 rows=29079 loops=1)
  Hash Cond: (mi.movie_id = t.id)
  ->  Seq Scan on movie_info mi  (cost=0.00..346232.03 rows=1550064 width=4) (actual time=4942.815..5742.435 rows=1533909 loops=1)
        Filter: (info_type_id = 3)
        Rows Removed by Filter: 13301811
  ->  Hash  (cost=102105.22..102105.22 rows=38563 width=8) (actual time=2100.192..2100.192 rows=36360 loops=1)
        Buckets: 65536  Batches: 1  Memory Usage: 1933kB
        ->  Hash Join  (cost=74809.10..102105.22 rows=38563 width=8) (actual time=1411.245..2087.365 rows=36360 loops=1)
              Hash Cond: (mi_idx.movie_id = t.id)
              ->  Seq Scan on movie_info_idx mi_idx  (cost=0.00..21735.35 rows=1380035 width=4) (actual time=0.034..321.433 rows=1380035 loops=1)
              ->  Hash  (cost=73925.90..73925.90 rows=70656 width=4) (actual time=1410.464..1410.464 rows=79548 loops=1)
                    Buckets: 131072  Batches: 1  Memory Usage: 3821kB
                    ->  Seq Scan on title t  (cost=0.00..73925.90 rows=70656 width=4) (actual time=0.024..1378.085 rows=79548 loops=1)
                          Filter: ((kind_id > 1) AND (production_year = 2005))
                          Rows Removed by Filter: 2448764
Planning time: 3.071 ms
Execution time: 8160.233 ms
