Seq Scan on movie_companies mc  (cost=0.00..57926.93 rows=1027266 width=0) (actual time=0.028..1131.356 rows=1274246 loops=1)
  Filter: ((company_id < 73345) AND (company_type_id < 2))
  Rows Removed by Filter: 1334883
Planning time: 0.360 ms
Execution time: 1291.687 ms
