Nested Loop  (cost=0.43..52284.21 rows=2 width=0) (actual time=97.578..1003.172 rows=128 loops=1)
  ->  Seq Scan on movie_companies mc  (cost=0.00..51404.11 rows=104 width=4) (actual time=20.009..930.365 rows=2632 loops=1)
        Filter: (company_id = 17460)
        Rows Removed by Filter: 2606497
  ->  Index Scan using title_pkey on title t  (cost=0.43..8.45 rows=1 width=4) (actual time=0.027..0.027 rows=0 loops=2632)
        Index Cond: (id = mc.movie_id)
        Filter: ((kind_id < 3) AND (production_year = 2011))
        Rows Removed by Filter: 1
Planning time: 0.804 ms
Execution time: 1003.342 ms
