Seq Scan on cast_info ci  (cost=0.00..796071.18 rows=26427756 width=0) (actual time=0.025..17270.238 rows=28532444 loops=1)
  Filter: ((person_id < 3052799) AND (role_id < 10))
  Rows Removed by Filter: 7711900
Planning time: 0.391 ms
Execution time: 20761.562 ms
