Hash Join  (cost=992049.52..1591998.00 rows=9532965 width=0) (actual time=21973.120..60491.929 rows=92690014 loops=1)
  Hash Cond: (mi.movie_id = t.id)
  ->  Seq Scan on movie_info mi  (cost=0.00..309384.22 rows=14739122 width=4) (actual time=0.024..5938.093 rows=14835720 loops=1)
  ->  Hash  (cost=965218.02..965218.02 rows=1635400 width=8) (actual time=21971.455..21971.455 rows=2758236 loops=1)
        Buckets: 131072 (originally 131072)  Batches: 64 (originally 32)  Memory Usage: 3073kB
        ->  Hash Join  (cost=78556.72..965218.02 rows=1635400 width=8) (actual time=1401.796..21125.041 rows=2758236 loops=1)
              Hash Cond: (ci.movie_id = t.id)
              ->  Seq Scan on cast_info ci  (cost=0.00..796071.18 rows=6194698 width=4) (actual time=0.015..13244.136 rows=9522255 loops=1)
                    Filter: ((person_id > 2753609) AND (role_id > 1))
                    Rows Removed by Filter: 26722089
              ->  Hash  (cost=67604.59..67604.59 rows=667531 width=4) (actual time=1400.692..1400.692 rows=662825 loops=1)
                    Buckets: 131072  Batches: 16  Memory Usage: 2476kB
                    ->  Seq Scan on title t  (cost=0.00..67604.59 rows=667531 width=4) (actual time=0.012..1186.311 rows=662825 loops=1)
                          Filter: (kind_id = 1)
                          Rows Removed by Filter: 1865487
Planning time: 2.004 ms
Execution time: 70760.154 ms
