Hash Join  (cost=75321.41..133987.88 rows=75141 width=0) (actual time=1552.805..2802.960 rows=125034 loops=1)
  Hash Cond: (mc.movie_id = t.id)
  ->  Seq Scan on movie_companies mc  (cost=0.00..51404.11 rows=403984 width=4) (actual time=0.028..927.276 rows=403659 loops=1)
        Filter: (company_id < 258)
        Rows Removed by Filter: 2205470
  ->  Hash  (cost=67604.59..67604.59 rows=470306 width=4) (actual time=1551.882..1551.882 rows=465563 loops=1)
        Buckets: 131072  Batches: 8  Memory Usage: 3063kB
        ->  Seq Scan on title t  (cost=0.00..67604.59 rows=470306 width=4) (actual time=0.028..1210.634 rows=465563 loops=1)
              Filter: (production_year < 1977)
              Rows Removed by Filter: 2062749
Planning time: 0.767 ms
Execution time: 2818.200 ms
