Hash Join  (cost=607802.78..2154083.51 rows=36663452 width=0) (actual time=14055.415..65267.882 rows=73027706 loops=1)
  Hash Cond: (ci.movie_id = t.id)
  ->  Seq Scan on cast_info ci  (cost=0.00..614943.12 rows=36225612 width=4) (actual time=0.015..13445.159 rows=36244344 loops=1)
  ->  Hash  (cost=565817.18..565817.18 rows=2559088 width=8) (actual time=14053.533..14053.533 rows=1898035 loops=1)
        Buckets: 131072  Batches: 64  Memory Usage: 2186kB
        ->  Hash Join  (cost=78473.92..565817.18 rows=2559088 width=8) (actual time=1367.554..13465.444 rows=1898035 loops=1)
              Hash Cond: (mi.movie_id = t.id)
              ->  Seq Scan on movie_info mi  (cost=0.00..346232.03 rows=9767026 width=4) (actual time=0.019..6854.761 rows=9911754 loops=1)
                    Filter: (info_type_id > 4)
                    Rows Removed by Filter: 4923966
              ->  Hash  (cost=67604.59..67604.59 rows=662507 width=4) (actual time=1366.553..1366.553 rows=662065 loops=1)
                    Buckets: 131072  Batches: 16  Memory Usage: 2487kB
                    ->  Seq Scan on title t  (cost=0.00..67604.59 rows=662507 width=4) (actual time=0.011..1139.069 rows=662065 loops=1)
                          Filter: (production_year > 2008)
                          Rows Removed by Filter: 1866247
Planning time: 1.208 ms
Execution time: 73305.319 ms
