Hash Join  (cost=83074.74..833899.15 rows=3524 width=0) (actual time=1444.690..17502.305 rows=27120 loops=1)
  Hash Cond: (ci.movie_id = t.id)
  ->  Seq Scan on cast_info ci  (cost=0.00..614943.12 rows=36225612 width=4) (actual time=0.027..8800.923 rows=36244344 loops=1)
  ->  Hash  (cost=83071.67..83071.67 rows=246 width=8) (actual time=1439.667..1439.667 rows=1887 loops=1)
        Buckets: 2048 (originally 1024)  Batches: 1 (originally 1)  Memory Usage: 90kB
        ->  Nested Loop  (cost=0.43..83071.67 rows=246 width=8) (actual time=0.107..1438.426 rows=1887 loops=1)
              ->  Seq Scan on movie_keyword mk  (cost=0.00..81003.12 rows=246 width=4) (actual time=0.043..1312.232 rows=1887 loops=1)
                    Filter: (keyword_id = 7121)
                    Rows Removed by Filter: 4522043
              ->  Index Only Scan using title_pkey on title t  (cost=0.43..8.40 rows=1 width=4) (actual time=0.065..0.066 rows=1 loops=1887)
                    Index Cond: (id = mk.movie_id)
                    Heap Fetches: 1887
Planning time: 1.083 ms
Execution time: 17508.674 ms
