Hash Join  (cost=438863.84..1417702.49 rows=163933 width=0) (actual time=8020.324..26654.014 rows=3270849 loops=1)
  Hash Cond: (ci.movie_id = t.id)
  ->  Seq Scan on cast_info ci  (cost=0.00..614943.12 rows=36225612 width=4) (actual time=0.022..7766.612 rows=36244344 loops=1)
  ->  Hash  (cost=438720.80..438720.80 rows=11443 width=8) (actual time=8019.928..8019.928 rows=64306 loops=1)
        Buckets: 65536 (originally 16384)  Batches: 1 (originally 1)  Memory Usage: 3024kB
        ->  Hash Join  (cost=73950.44..438720.80 rows=11443 width=8) (actual time=1050.560..7991.043 rows=64306 loops=1)
              Hash Cond: (mi.movie_id = t.id)
              ->  Seq Scan on movie_info mi  (cost=0.00..309384.22 rows=14739122 width=4) (actual time=0.021..3849.390 rows=14835720 loops=1)
              ->  Hash  (cost=73925.90..73925.90 rows=1963 width=4) (actual time=1049.258..1049.258 rows=4860 loops=1)
                    Buckets: 8192 (originally 2048)  Batches: 1 (originally 1)  Memory Usage: 235kB
                    ->  Seq Scan on title t  (cost=0.00..73925.90 rows=1963 width=4) (actual time=128.739..1047.072 rows=4860 loops=1)
                          Filter: ((kind_id = 1) AND (production_year = 1988))
                          Rows Removed by Filter: 2523452
Planning time: 1.283 ms
Execution time: 27045.706 ms
