Seq Scan on movie_companies mc  (cost=0.00..57926.93 rows=822495 width=0) (actual time=189.912..1058.990 rows=1034389 loops=1)
  Filter: ((company_id > 4625) AND (company_type_id = 2))
  Rows Removed by Filter: 1574740
Planning time: 0.433 ms
Execution time: 1189.946 ms
