Hash Join  (cost=129215.06..931431.22 rows=11459 width=0) (actual time=8909.892..15822.355 rows=342551 loops=1)
  Hash Cond: (ci.movie_id = t.id)
  ->  Seq Scan on cast_info ci  (cost=0.00..796071.18 rows=1608105 width=4) (actual time=6682.116..12281.285 rows=5146435 loops=1)
        Filter: ((person_id > 3028855) AND (role_id > 4))
        Rows Removed by Filter: 31097909
  ->  Hash  (cost=128989.85..128989.85 rows=18017 width=8) (actual time=2227.407..2227.407 rows=27974 loops=1)
        Buckets: 32768  Batches: 1  Memory Usage: 1349kB
        ->  Hash Join  (cost=74144.15..128989.85 rows=18017 width=8) (actual time=1017.020..2213.025 rows=27974 loops=1)
              Hash Cond: (mc.movie_id = t.id)
              ->  Seq Scan on movie_companies mc  (cost=0.00..44881.29 rows=2609129 width=4) (actual time=0.020..613.243 rows=2609129 loops=1)
              ->  Hash  (cost=73925.90..73925.90 rows=17460 width=4) (actual time=1016.599..1016.599 rows=11362 loops=1)
                    Buckets: 32768  Batches: 1  Memory Usage: 656kB
                    ->  Seq Scan on title t  (cost=0.00..73925.90 rows=17460 width=4) (actual time=0.019..1011.269 rows=11362 loops=1)
                          Filter: ((kind_id < 3) AND (production_year = 2001))
                          Rows Removed by Filter: 2516950
Planning time: 1.175 ms
Execution time: 15866.576 ms
