Hash Join  (cost=209635.89..764428.91 rows=7027709 width=0) (actual time=4703.664..20583.578 rows=10071628 loops=1)
  Hash Cond: (mi.movie_id = t.id)
  ->  Seq Scan on movie_info mi  (cost=0.00..309384.22 rows=14739122 width=4) (actual time=0.020..6139.281 rows=14835720 loops=1)
  ->  Hash  (cost=189855.67..189855.67 rows=1205618 width=8) (actual time=4702.648..4702.648 rows=912010 loops=1)
        Buckets: 131072  Batches: 16  Memory Usage: 3237kB
        ->  Hash Join  (cost=98137.04..189855.67 rows=1205618 width=8) (actual time=1888.294..4412.563 rows=912010 loops=1)
              Hash Cond: (mc.movie_id = t.id)
              ->  Seq Scan on movie_companies mc  (cost=0.00..51404.11 rows=1638068 width=4) (actual time=0.027..1071.474 rows=1626179 loops=1)
                    Filter: (company_id < 17312)
                    Rows Removed by Filter: 982950
              ->  Hash  (cost=67604.59..67604.59 rows=1860996 width=4) (actual time=1886.997..1886.997 rows=1865487 loops=1)
                    Buckets: 131072  Batches: 32  Memory Usage: 3079kB
                    ->  Seq Scan on title t  (cost=0.00..67604.59 rows=1860996 width=4) (actual time=0.014..1246.145 rows=1865487 loops=1)
                          Filter: (kind_id > 1)
                          Rows Removed by Filter: 662825
Planning time: 1.117 ms
Execution time: 21636.649 ms
