Seq Scan on cast_info ci  (cost=0.00..705507.15 rows=500 width=0) (actual time=321.350..10848.038 rows=119 loops=1)
  Filter: (person_id = 254610)
  Rows Removed by Filter: 36244225
Planning time: 0.324 ms
Execution time: 10848.134 ms
