Hash Join  (cost=94192.22..131673.09 rows=221847 width=0) (actual time=2003.376..2961.664 rows=127812 loops=1)
  Hash Cond: (mi_idx.movie_id = t.id)
  ->  Seq Scan on movie_info_idx mi_idx  (cost=0.00..25185.44 rows=454124 width=4) (actual time=0.020..490.617 rows=459925 loops=1)
        Filter: (info_type_id = 100)
        Rows Removed by Filter: 920110
  ->  Hash  (cost=73925.90..73925.90 rows=1235225 width=4) (actual time=2001.718..2001.718 rows=1321041 loops=1)
        Buckets: 131072  Batches: 32  Memory Usage: 2480kB
        ->  Seq Scan on title t  (cost=0.00..73925.90 rows=1235225 width=4) (actual time=0.016..1571.166 rows=1321041 loops=1)
              Filter: ((kind_id > 4) AND (production_year > 1975))
              Rows Removed by Filter: 1207271
Planning time: 0.710 ms
Execution time: 2976.216 ms
