Hash Join  (cost=97102.97..169015.80 rows=248472 width=0) (actual time=2347.906..3743.494 rows=433889 loops=1)
  Hash Cond: (mc.movie_id = t.id)
  ->  Seq Scan on movie_companies mc  (cost=0.00..57926.93 rows=349435 width=4) (actual time=325.922..979.256 rows=659779 loops=1)
        Filter: ((company_id > 46861) AND (company_type_id = 2))
        Rows Removed by Filter: 1949350
  ->  Hash  (cost=67604.59..67604.59 rows=1797951 width=4) (actual time=2021.063..2021.063 rows=1793384 loops=1)
        Buckets: 131072  Batches: 32  Memory Usage: 2998kB
        ->  Seq Scan on title t  (cost=0.00..67604.59 rows=1797951 width=4) (actual time=0.035..1242.187 rows=1793384 loops=1)
              Filter: (production_year > 1988)
              Rows Removed by Filter: 734928
Planning time: 0.826 ms
Execution time: 3790.271 ms
