Seq Scan on movie_keyword mk  (cost=0.00..81003.12 rows=166654 width=0) (actual time=0.022..1330.147 rows=180184 loops=1)
  Filter: (keyword_id < 132)
  Rows Removed by Filter: 4343746
Planning time: 0.348 ms
Execution time: 1354.374 ms
