Hash Join  (cost=102767.86..1138780.39 rows=9561068 width=0) (actual time=1968.604..22072.371 rows=6370048 loops=1)
  Hash Cond: (ci.movie_id = t.id)
  ->  Seq Scan on cast_info ci  (cost=0.00..796071.18 rows=9561068 width=4) (actual time=0.021..14361.500 rows=6370048 loops=1)
        Filter: ((person_id > 2369275) AND (role_id < 5))
        Rows Removed by Filter: 29874296
  ->  Hash  (cost=61283.27..61283.27 rows=2528527 width=4) (actual time=1966.747..1966.747 rows=2528312 loops=1)
        Buckets: 131072  Batches: 64  Memory Usage: 2415kB
        ->  Seq Scan on title t  (cost=0.00..61283.27 rows=2528527 width=4) (actual time=0.026..1131.986 rows=2528312 loops=1)
Planning time: 0.692 ms
Execution time: 22836.486 ms
