Hash Join  (cost=102767.86..249900.28 rows=2337680 width=0) (actual time=1940.189..5625.875 rows=2339248 loops=1)
  Hash Cond: (mk.movie_id = t.id)
  ->  Seq Scan on movie_keyword mk  (cost=0.00..81003.12 rows=2337680 width=4) (actual time=0.008..1630.887 rows=2339248 loops=1)
        Filter: (keyword_id < 5176)
        Rows Removed by Filter: 2184682
  ->  Hash  (cost=61283.27..61283.27 rows=2528527 width=4) (actual time=1939.099..1939.099 rows=2528312 loops=1)
        Buckets: 131072  Batches: 64  Memory Usage: 2425kB
        ->  Seq Scan on title t  (cost=0.00..61283.27 rows=2528527 width=4) (actual time=0.010..1093.125 rows=2528312 loops=1)
Planning time: 0.695 ms
Execution time: 5873.578 ms
