Hash Join  (cost=102767.86..199491.54 rows=1201769 width=0) (actual time=2432.441..4808.045 rows=1150147 loops=1)
  Hash Cond: (mc.movie_id = t.id)
  ->  Seq Scan on movie_companies mc  (cost=0.00..57926.93 rows=1201769 width=4) (actual time=508.651..1275.407 rows=1150147 loops=1)
        Filter: ((company_id > 27) AND (company_type_id < 2))
        Rows Removed by Filter: 1458982
  ->  Hash  (cost=61283.27..61283.27 rows=2528527 width=4) (actual time=1922.886..1922.886 rows=2528312 loops=1)
        Buckets: 131072  Batches: 64  Memory Usage: 2415kB
        ->  Seq Scan on title t  (cost=0.00..61283.27 rows=2528527 width=4) (actual time=0.014..1074.776 rows=2528312 loops=1)
Planning time: 12.449 ms
Execution time: 4946.602 ms
