Hash Join  (cost=74283.51..101249.77 rows=5216 width=0) (actual time=1165.767..1737.886 rows=3267 loops=1)
  Hash Cond: (mi_idx.movie_id = t.id)
  ->  Seq Scan on movie_info_idx mi_idx  (cost=0.00..25185.44 rows=460978 width=4) (actual time=0.027..437.943 rows=459925 loops=1)
        Filter: (info_type_id = 99)
        Rows Removed by Filter: 920110
  ->  Hash  (cost=73925.90..73925.90 rows=28608 width=4) (actual time=1164.827..1164.827 rows=32134 loops=1)
        Buckets: 32768  Batches: 1  Memory Usage: 1386kB
        ->  Seq Scan on title t  (cost=0.00..73925.90 rows=28608 width=4) (actual time=0.021..1151.292 rows=32134 loops=1)
              Filter: ((kind_id = 7) AND (production_year = 1998))
              Rows Removed by Filter: 2496178
Planning time: 0.774 ms
Execution time: 1738.501 ms
