Hash Join  (cost=178299.37..712571.29 rows=3581221 width=0) (actual time=4666.595..27678.888 rows=35833771 loops=1)
  Hash Cond: (mi.movie_id = t.id)
  ->  Seq Scan on movie_info mi  (cost=0.00..346232.03 rows=12928982 width=4) (actual time=0.020..6893.169 rows=12970088 loops=1)
        Filter: (info_type_id < 18)
        Rows Removed by Filter: 1865632
  ->  Hash  (cost=166808.61..166808.61 rows=700381 width=8) (actual time=4665.585..4665.585 rows=1258800 loops=1)
        Buckets: 131072 (originally 131072)  Batches: 32 (originally 16)  Memory Usage: 4160kB
        ->  Hash Join  (cost=83810.17..166808.61 rows=700381 width=8) (actual time=1415.243..4280.318 rows=1258800 loops=1)
              Hash Cond: (mc.movie_id = t.id)
              ->  Seq Scan on movie_companies mc  (cost=0.00..51404.11 rows=1792936 width=4) (actual time=0.019..1095.565 rows=1784261 loops=1)
                    Filter: (company_id < 27970)
                    Rows Removed by Filter: 824868
              ->  Hash  (cost=67604.59..67604.59 rows=987727 width=4) (actual time=1414.293..1414.293 rows=985048 loops=1)
                    Buckets: 131072  Batches: 16  Memory Usage: 3188kB
                    ->  Seq Scan on title t  (cost=0.00..67604.59 rows=987727 width=4) (actual time=0.025..1102.505 rows=985048 loops=1)
                          Filter: (kind_id < 7)
                          Rows Removed by Filter: 1543264
Planning time: 1.185 ms
Execution time: 31762.514 ms
