Hash Join  (cost=119850.63..187815.13 rows=68034 width=0) (actual time=2563.992..4275.872 rows=350378 loops=1)
  Hash Cond: (mc.movie_id = t.id)
  ->  Seq Scan on movie_companies mc  (cost=0.00..51404.11 rows=1329612 width=4) (actual time=0.023..991.341 rows=1334883 loops=1)
        Filter: (company_type_id = 2)
        Rows Removed by Filter: 1274246
  ->  Hash  (cost=117727.37..117727.37 rows=129381 width=8) (actual time=2563.217..2563.217 rows=298020 loops=1)
        Buckets: 131072 (originally 131072)  Batches: 4 (originally 2)  Memory Usage: 3948kB
        ->  Hash Join  (cost=77815.08..117727.37 rows=129381 width=8) (actual time=1359.295..2471.773 rows=298020 loops=1)
              Hash Cond: (mi_idx.movie_id = t.id)
              ->  Seq Scan on movie_info_idx mi_idx  (cost=0.00..21735.35 rows=1380035 width=4) (actual time=0.016..364.919 rows=1380035 loops=1)
              ->  Hash  (cost=73925.90..73925.90 rows=237054 width=4) (actual time=1355.974..1355.974 rows=349645 loops=1)
                    Buckets: 131072 (originally 131072)  Batches: 8 (originally 4)  Memory Usage: 3073kB
                    ->  Seq Scan on title t  (cost=0.00..73925.90 rows=237054 width=4) (actual time=0.060..1235.207 rows=349645 loops=1)
                          Filter: ((kind_id < 7) AND (production_year < 1986))
                          Rows Removed by Filter: 2178667
Planning time: 3.359 ms
Execution time: 4320.577 ms
