Seq Scan on cast_info ci  (cost=0.00..796071.18 rows=6534896 width=0) (actual time=2880.649..14840.037 rows=12670688 loops=1)
  Filter: ((person_id < 1840099) AND (role_id = 1))
  Rows Removed by Filter: 23573656
Planning time: 0.395 ms
Execution time: 16374.118 ms
