Seq Scan on movie_keyword mk  (cost=0.00..81003.12 rows=3577822 width=0) (actual time=0.025..1540.058 rows=3564034 loops=1)
  Filter: (keyword_id < 19795)
  Rows Removed by Filter: 959896
Planning time: 0.520 ms
Execution time: 1992.915 ms
