Hash Join  (cost=172079.52..523258.04 rows=20602 width=0) (actual time=4446.901..8823.000 rows=16730 loops=1)
  Hash Cond: (mi.movie_id = t.id)
  ->  Seq Scan on movie_info mi  (cost=0.00..346232.03 rows=1264125 width=4) (actual time=1140.912..5263.273 rows=1288928 loops=1)
        Filter: (info_type_id = 2)
        Rows Removed by Filter: 13546792
  ->  Hash  (cost=171564.42..171564.42 rows=41208 width=8) (actual time=3305.568..3305.568 rows=17551 loops=1)
        Buckets: 65536  Batches: 1  Memory Usage: 1198kB
        ->  Hash Join  (cost=102767.86..171564.42 rows=41208 width=8) (actual time=2440.256..3298.730 rows=17551 loops=1)
              Hash Cond: (mc.movie_id = t.id)
              ->  Seq Scan on movie_companies mc  (cost=0.00..57926.93 rows=41208 width=4) (actual time=408.338..894.968 rows=17551 loops=1)
                    Filter: ((company_id < 19) AND (company_type_id > 1))
                    Rows Removed by Filter: 2591578
              ->  Hash  (cost=61283.27..61283.27 rows=2528527 width=4) (actual time=2030.091..2030.091 rows=2528312 loops=1)
                    Buckets: 131072  Batches: 64  Memory Usage: 2415kB
                    ->  Seq Scan on title t  (cost=0.00..61283.27 rows=2528527 width=4) (actual time=0.018..1181.640 rows=2528312 loops=1)
Planning time: 1.179 ms
Execution time: 8825.487 ms
