Hash Join  (cost=114969.38..214686.01 rows=73461 width=0) (actual time=2314.101..4656.803 rows=842542 loops=1)
  Hash Cond: (mk.movie_id = t.id)
  ->  Seq Scan on movie_keyword mk  (cost=0.00..81003.12 rows=1513305 width=4) (actual time=0.016..1455.361 rows=1531928 loops=1)
        Filter: (keyword_id > 10438)
        Rows Removed by Filter: 2992002
  ->  Hash  (cost=112955.10..112955.10 rows=122743 width=8) (actual time=2313.246..2313.246 rows=210140 loops=1)
        Buckets: 131072 (originally 131072)  Batches: 4 (originally 2)  Memory Usage: 3086kB
        ->  Hash Join  (cost=78556.72..112955.10 rows=122743 width=8) (actual time=1354.098..2237.233 rows=210140 loops=1)
              Hash Cond: (mi_idx.movie_id = t.id)
              ->  Seq Scan on movie_info_idx mi_idx  (cost=0.00..25185.44 rows=464934 width=4) (actual time=0.021..466.572 rows=460185 loops=1)
                    Filter: (info_type_id > 100)
                    Rows Removed by Filter: 919850
              ->  Hash  (cost=67604.59..67604.59 rows=667531 width=4) (actual time=1353.111..1353.111 rows=662825 loops=1)
                    Buckets: 131072  Batches: 16  Memory Usage: 2476kB
                    ->  Seq Scan on title t  (cost=0.00..67604.59 rows=667531 width=4) (actual time=267.852..1162.050 rows=662825 loops=1)
                          Filter: (kind_id = 1)
                          Rows Removed by Filter: 1865487
Planning time: 1.485 ms
Execution time: 4766.364 ms
