Hash Join  (cost=193148.83..1240164.12 rows=7976973 width=0) (actual time=4521.007..32223.636 rows=10343906 loops=1)
  Hash Cond: (ci.movie_id = t.id)
  ->  Seq Scan on cast_info ci  (cost=0.00..705507.15 rows=22331576 width=4) (actual time=0.012..14742.274 rows=22364535 loops=1)
        Filter: (person_id > 1367346)
        Rows Removed by Filter: 13879809
  ->  Hash  (cost=178329.77..178329.77 rows=903205 width=8) (actual time=4520.101..4520.101 rows=519085 loops=1)
        Buckets: 131072  Batches: 16  Memory Usage: 2270kB
        ->  Hash Join  (cost=92883.59..178329.77 rows=903205 width=8) (actual time=2127.828..4364.106 rows=519085 loops=1)
              Hash Cond: (mc.movie_id = t.id)
              ->  Seq Scan on movie_companies mc  (cost=0.00..51404.11 rows=1482203 width=4) (actual time=0.031..1061.327 rows=1471186 loops=1)
                    Filter: (company_id < 13413)
                    Rows Removed by Filter: 1137943
              ->  Hash  (cost=67604.59..67604.59 rows=1540800 width=4) (actual time=2126.376..2126.376 rows=1543264 loops=1)
                    Buckets: 131072  Batches: 32  Memory Usage: 2722kB
                    ->  Seq Scan on title t  (cost=0.00..67604.59 rows=1540800 width=4) (actual time=0.023..1332.150 rows=1543264 loops=1)
                          Filter: (kind_id = 7)
                          Rows Removed by Filter: 985048
Planning time: 3.589 ms
Execution time: 33367.327 ms
