Seq Scan on movie_companies mc  (cost=0.00..57926.93 rows=53 width=0) (actual time=464.760..868.553 rows=346 loops=1)
  Filter: ((company_id = 45697) AND (company_type_id = 2))
  Rows Removed by Filter: 2608783
Planning time: 0.394 ms
Execution time: 868.715 ms
