Hash Join  (cost=83072.30..907727.18 rows=2 width=0) (actual time=8529.904..17284.332 rows=40 loops=1)
  Hash Cond: (ci.movie_id = t.id)
  ->  Seq Scan on cast_info ci  (cost=0.00..796071.18 rows=7622312 width=4) (actual time=7067.047..15277.266 rows=3924101 loops=1)
        Filter: ((person_id < 2953960) AND (role_id > 4))
        Rows Removed by Filter: 32320243
  ->  Hash  (cost=83072.29..83072.29 rows=1 width=8) (actual time=1457.865..1457.865 rows=12 loops=1)
        Buckets: 1024  Batches: 1  Memory Usage: 9kB
        ->  Nested Loop  (cost=0.43..83072.29 rows=1 width=8) (actual time=16.015..1457.795 rows=12 loops=1)
              ->  Seq Scan on movie_keyword mk  (cost=0.00..81003.12 rows=246 width=4) (actual time=0.371..1335.169 rows=2783 loops=1)
                    Filter: (keyword_id = 1037)
                    Rows Removed by Filter: 4521147
              ->  Index Scan using title_pkey on title t  (cost=0.43..8.40 rows=1 width=4) (actual time=0.043..0.043 rows=0 loops=2783)
                    Index Cond: (id = mk.movie_id)
                    Filter: (production_year = 1962)
                    Rows Removed by Filter: 1
Planning time: 3.087 ms
Execution time: 17284.520 ms
