Hash Join  (cost=149331.83..1237495.47 rows=5291749 width=0) (actual time=3155.961..38316.475 rows=11426192 loops=1)
  Hash Cond: (ci.movie_id = t.id)
  ->  Seq Scan on cast_info ci  (cost=0.00..614943.12 rows=36225612 width=4) (actual time=0.022..13523.234 rows=36244344 loops=1)
  ->  Hash  (cost=143271.82..143271.82 rows=369361 width=8) (actual time=3155.162..3155.162 rows=368148 loops=1)
        Buckets: 131072  Batches: 8  Memory Usage: 2827kB
        ->  Hash Join  (cost=100586.94..143271.82 rows=369361 width=8) (actual time=1851.657..3051.233 rows=368148 loops=1)
              Hash Cond: (mi_idx.movie_id = t.id)
              ->  Seq Scan on movie_info_idx mi_idx  (cost=0.00..25185.44 rows=464566 width=4) (actual time=0.016..501.878 rows=459925 loops=1)
                    Filter: (info_type_id = 101)
                    Rows Removed by Filter: 920110
              ->  Hash  (cost=67604.59..67604.59 rows=2010348 width=4) (actual time=1850.726..1850.726 rows=2004649 loops=1)
                    Buckets: 131072  Batches: 32  Memory Usage: 3233kB
                    ->  Seq Scan on title t  (cost=0.00..67604.59 rows=2010348 width=4) (actual time=0.015..1228.551 rows=2004649 loops=1)
                          Filter: (production_year > 1975)
                          Rows Removed by Filter: 523663
Planning time: 10.392 ms
Execution time: 39609.087 ms
