Seq Scan on movie_keyword mk  (cost=0.00..81003.12 rows=3377382 width=0) (actual time=0.026..1295.131 rows=3360450 loops=1)
  Filter: (keyword_id < 16109)
  Rows Removed by Filter: 1163480
Planning time: 0.361 ms
Execution time: 1681.766 ms
