Seq Scan on title t  (cost=0.00..67604.59 rows=7437 width=0) (actual time=0.079..930.020 rows=15000 loops=1)
  Filter: (production_year = 1970)
  Rows Removed by Filter: 2513312
Planning time: 0.347 ms
Execution time: 933.217 ms
