Hash Join  (cost=583046.46..1524737.73 rows=10384754 width=0) (actual time=12246.181..34693.928 rows=19699841 loops=1)
  Hash Cond: (ci.movie_id = t.id)
  ->  Seq Scan on cast_info ci  (cost=0.00..705507.15 rows=8558172 width=4) (actual time=184.543..12256.337 rows=8449474 loops=1)
        Filter: (person_id < 828646)
        Rows Removed by Filter: 27794870
  ->  Hash  (cost=532708.04..532708.04 rows=3068194 width=8) (actual time=12059.798..12059.798 rows=3036719 loops=1)
        Buckets: 131072  Batches: 64  Memory Usage: 2881kB
        ->  Hash Join  (cost=102767.86..532708.04 rows=3068194 width=8) (actual time=5218.517..11128.839 rows=3036719 loops=1)
              Hash Cond: (mi.movie_id = t.id)
              ->  Seq Scan on movie_info mi  (cost=0.00..346232.03 rows=3068194 width=4) (actual time=2588.580..5049.731 rows=3036719 loops=1)
                    Filter: (info_type_id = 16)
                    Rows Removed by Filter: 11799001
              ->  Hash  (cost=61283.27..61283.27 rows=2528527 width=4) (actual time=2628.043..2628.043 rows=2528312 loops=1)
                    Buckets: 131072  Batches: 64  Memory Usage: 2425kB
                    ->  Seq Scan on title t  (cost=0.00..61283.27 rows=2528527 width=4) (actual time=0.024..1108.240 rows=2528312 loops=1)
Planning time: 1.228 ms
Execution time: 36982.267 ms
