Seq Scan on movie_companies mc  (cost=0.00..51404.11 rows=104 width=0) (actual time=354.464..752.045 rows=1003 loops=1)
  Filter: (company_id = 91361)
  Rows Removed by Filter: 2608126
Planning time: 0.366 ms
Execution time: 752.353 ms
