Seq Scan on cast_info ci  (cost=0.00..705507.15 rows=500 width=0) (actual time=5003.459..11119.949 rows=85 loops=1)
  Filter: (person_id = 1811249)
  Rows Removed by Filter: 36244259
Planning time: 0.377 ms
Execution time: 11120.052 ms
