Hash Join  (cost=300316.09..1834146.24 rows=39859498 width=0) (actual time=7773.551..73987.721 rows=153010027 loops=1)
  Hash Cond: (ci.movie_id = t.id)
  ->  Seq Scan on cast_info ci  (cost=0.00..614943.12 rows=36225612 width=4) (actual time=0.019..13084.771 rows=36244344 loops=1)
  ->  Hash  (cost=254670.96..254670.96 rows=2782170 width=8) (actual time=7771.460..7771.460 rows=3430522 loops=1)
        Buckets: 131072  Batches: 64  Memory Usage: 3111kB
        ->  Hash Join  (cost=93117.31..254670.96 rows=2782170 width=8) (actual time=1822.944..6469.729 rows=3430522 loops=1)
              Hash Cond: (mk.movie_id = t.id)
              ->  Seq Scan on movie_keyword mk  (cost=0.00..69693.30 rows=4523930 width=4) (actual time=0.015..1406.466 rows=4523930 loops=1)
              ->  Hash  (cost=67604.59..67604.59 rows=1555018 width=4) (actual time=1821.823..1821.823 rows=1551727 loops=1)
                    Buckets: 131072  Batches: 32  Memory Usage: 2736kB
                    ->  Seq Scan on title t  (cost=0.00..67604.59 rows=1555018 width=4) (actual time=0.007..1308.602 rows=1551727 loops=1)
                          Filter: (production_year < 2007)
                          Rows Removed by Filter: 976585
Planning time: 1.106 ms
Execution time: 89811.188 ms
