Seq Scan on movie_companies mc  (cost=0.00..57926.93 rows=432237 width=0) (actual time=164.408..923.792 rows=113943 loops=1)
  Filter: ((company_id > 22252) AND (company_type_id = 1))
  Rows Removed by Filter: 2495186
Planning time: 0.418 ms
Execution time: 939.816 ms
