Hash Join  (cost=93417.65..494184.70 rows=1441629 width=0) (actual time=2976.712..8793.112 rows=1432814 loops=1)
  Hash Cond: (mi.movie_id = t.id)
  ->  Seq Scan on movie_info mi  (cost=0.00..346232.03 rows=3068194 width=4) (actual time=1368.715..5111.662 rows=3036719 loops=1)
        Filter: (info_type_id = 16)
        Rows Removed by Filter: 11799001
  ->  Hash  (cost=73925.90..73925.90 rows=1188060 width=4) (actual time=1606.896..1606.896 rows=1276679 loops=1)
        Buckets: 131072  Batches: 16  Memory Usage: 3846kB
        ->  Seq Scan on title t  (cost=0.00..73925.90 rows=1188060 width=4) (actual time=173.079..1238.277 rows=1276679 loops=1)
              Filter: ((production_year > 1979) AND (kind_id = 7))
              Rows Removed by Filter: 1251633
Planning time: 0.818 ms
Execution time: 8960.652 ms
