Seq Scan on movie_companies mc  (cost=0.00..57926.93 rows=53 width=0) (actual time=0.506..867.232 rows=99 loops=1)
  Filter: ((company_type_id > 1) AND (company_id = 14144))
  Rows Removed by Filter: 2609030
Planning time: 3.093 ms
Execution time: 867.362 ms
