Seq Scan on movie_companies mc  (cost=0.00..57926.93 rows=60479 width=0) (actual time=110.145..915.513 rows=118449 loops=1)
  Filter: ((company_id > 147200) AND (company_type_id > 1))
  Rows Removed by Filter: 2490680
Planning time: 0.249 ms
Execution time: 930.692 ms
