Hash Join  (cost=102767.86..185997.40 rows=641022 width=0) (actual time=2269.934..4093.102 rows=872361 loops=1)
  Hash Cond: (mc.movie_id = t.id)
  ->  Seq Scan on movie_companies mc  (cost=0.00..57926.93 rows=641022 width=4) (actual time=392.139..1086.943 rows=872361 loops=1)
        Filter: ((company_id < 11280) AND (company_type_id < 2))
        Rows Removed by Filter: 1736768
  ->  Hash  (cost=61283.27..61283.27 rows=2528527 width=4) (actual time=1876.622..1876.622 rows=2528312 loops=1)
        Buckets: 131072  Batches: 64  Memory Usage: 2415kB
        ->  Seq Scan on title t  (cost=0.00..61283.27 rows=2528527 width=4) (actual time=0.083..1049.767 rows=2528312 loops=1)
Planning time: 0.725 ms
Execution time: 4201.433 ms
