Hash Join  (cost=237289.55..741888.52 rows=4419076 width=0) (actual time=6463.052..35676.781 rows=79104838 loops=1)
  Hash Cond: (mi.movie_id = t.id)
  ->  Seq Scan on movie_info mi  (cost=0.00..346232.03 rows=9476311 width=4) (actual time=0.030..6283.269 rows=9565151 loops=1)
        Filter: (info_type_id < 16)
        Rows Removed by Filter: 5270569
  ->  Hash  (cost=217944.49..217944.49 rows=1179125 width=8) (actual time=6460.872..6460.872 rows=2558217 loops=1)
        Buckets: 131072 (originally 131072)  Batches: 64 (originally 16)  Memory Usage: 3075kB
        ->  Hash Join  (cost=81720.25..217944.49 rows=1179125 width=8) (actual time=1506.146..5764.799 rows=2558217 loops=1)
              Hash Cond: (mk.movie_id = t.id)
              ->  Seq Scan on movie_keyword mk  (cost=0.00..81003.12 rows=3465298 width=4) (actual time=0.019..1778.981 rows=3462359 loops=1)
                    Filter: (keyword_id < 16526)
                    Rows Removed by Filter: 1061571
              ->  Hash  (cost=67604.59..67604.59 rows=860373 width=4) (actual time=1505.427..1505.427 rows=854214 loops=1)
                    Buckets: 131072  Batches: 16  Memory Usage: 2906kB
                    ->  Seq Scan on title t  (cost=0.00..67604.59 rows=860373 width=4) (actual time=0.005..1235.805 rows=854214 loops=1)
                          Filter: (kind_id < 4)
                          Rows Removed by Filter: 1674098
Planning time: 0.790 ms
Execution time: 44604.919 ms
