Seq Scan on cast_info ci  (cost=0.00..705507.15 rows=27686337 width=0) (actual time=0.025..13113.542 rows=27814086 loops=1)
  Filter: (person_id > 826544)
  Rows Removed by Filter: 8430258
Planning time: 0.313 ms
Execution time: 16509.384 ms
