Hash Join  (cost=152657.69..288720.00 rows=1154027 width=0) (actual time=3264.130..6805.680 rows=1020597 loops=1)
  Hash Cond: (mk.movie_id = t.id)
  ->  Seq Scan on movie_keyword mk  (cost=0.00..69693.30 rows=4523930 width=4) (actual time=0.011..1414.478 rows=4523930 loops=1)
  ->  Hash  (cost=142075.04..142075.04 rows=645012 width=8) (actual time=3228.122..3228.122 rows=364299 loops=1)
        Buckets: 131072  Batches: 16  Memory Usage: 1922kB
        ->  Hash Join  (cost=93315.44..142075.04 rows=645012 width=8) (actual time=1828.836..3112.512 rows=364299 loops=1)
              Hash Cond: (mi_idx.movie_id = t.id)
              ->  Seq Scan on movie_info_idx mi_idx  (cost=0.00..21735.35 rows=1380035 width=4) (actual time=0.009..408.162 rows=1380035 loops=1)
              ->  Hash  (cost=73925.90..73925.90 rows=1181803 width=4) (actual time=1827.273..1827.273 rows=1139957 loops=1)
                    Buckets: 131072  Batches: 16  Memory Usage: 3528kB
                    ->  Seq Scan on title t  (cost=0.00..73925.90 rows=1181803 width=4) (actual time=0.015..1320.968 rows=1139957 loops=1)
                          Filter: ((kind_id > 4) AND (production_year < 2010))
                          Rows Removed by Filter: 1388355
Planning time: 0.684 ms
Execution time: 6923.242 ms
