Hash Join  (cost=74469.67..874193.70 rows=413284 width=0) (actual time=1167.280..21004.362 rows=378785 loops=1)
  Hash Cond: (ci.movie_id = t.id)
  ->  Seq Scan on cast_info ci  (cost=0.00..705507.15 rows=24022411 width=4) (actual time=0.022..14031.554 rows=24130698 loops=1)
        Filter: (role_id < 4)
        Rows Removed by Filter: 12113646
  ->  Hash  (cost=73925.90..73925.90 rows=43501 width=4) (actual time=1164.830..1164.830 rows=39560 loops=1)
        Buckets: 65536  Batches: 1  Memory Usage: 1903kB
        ->  Seq Scan on title t  (cost=0.00..73925.90 rows=43501 width=4) (actual time=0.011..1139.357 rows=39560 loops=1)
              Filter: ((kind_id = 1) AND (production_year = 2012))
              Rows Removed by Filter: 2488752
Planning time: 0.774 ms
Execution time: 21058.898 ms
