Nested Loop  (cost=0.43..83072.29 rows=162 width=0) (actual time=49.806..1314.784 rows=44 loops=1)
  ->  Seq Scan on movie_keyword mk  (cost=0.00..81003.12 rows=246 width=4) (actual time=49.739..1312.092 rows=67 loops=1)
        Filter: (keyword_id = 4202)
        Rows Removed by Filter: 4523863
  ->  Index Scan using title_pkey on title t  (cost=0.43..8.40 rows=1 width=4) (actual time=0.035..0.036 rows=1 loops=67)
        Index Cond: (id = mk.movie_id)
        Filter: (production_year < 2008)
        Rows Removed by Filter: 0
Planning time: 0.713 ms
Execution time: 1314.935 ms
