Hash Join  (cost=83074.16..144579.32 rows=57 width=0) (actual time=1670.460..2457.621 rows=25 loops=1)
  Hash Cond: (mc.movie_id = t.id)
  ->  Seq Scan on movie_companies mc  (cost=0.00..57926.93 rows=954040 width=4) (actual time=327.604..1038.369 rows=641957 loops=1)
        Filter: ((company_id < 38502) AND (company_type_id = 2))
        Rows Removed by Filter: 1967172
  ->  Hash  (cost=83072.29..83072.29 rows=150 width=8) (actual time=1334.557..1334.557 rows=51 loops=1)
        Buckets: 1024  Batches: 1  Memory Usage: 10kB
        ->  Nested Loop  (cost=0.43..83072.29 rows=150 width=8) (actual time=275.216..1334.489 rows=51 loops=1)
              ->  Seq Scan on movie_keyword mk  (cost=0.00..81003.12 rows=246 width=4) (actual time=0.614..1293.493 rows=509 loops=1)
                    Filter: (keyword_id = 3768)
                    Rows Removed by Filter: 4523421
              ->  Index Scan using title_pkey on title t  (cost=0.43..8.40 rows=1 width=4) (actual time=0.079..0.079 rows=0 loops=509)
                    Index Cond: (id = mk.movie_id)
                    Filter: (kind_id = 7)
                    Rows Removed by Filter: 1
Planning time: 1.230 ms
Execution time: 2457.779 ms
