Hash Join  (cost=73950.44..102574.61 rows=710 width=0) (actual time=1060.713..1681.956 rows=4366 loops=1)
  Hash Cond: (mi_idx.movie_id = t.id)
  ->  Seq Scan on movie_info_idx mi_idx  (cost=0.00..25185.44 rows=915101 width=4) (actual time=0.032..474.555 rows=919850 loops=1)
        Filter: (info_type_id < 101)
        Rows Removed by Filter: 460185
  ->  Hash  (cost=73925.90..73925.90 rows=1963 width=4) (actual time=1060.623..1060.623 rows=4793 loops=1)
        Buckets: 8192 (originally 2048)  Batches: 1 (originally 1)  Memory Usage: 233kB
        ->  Seq Scan on title t  (cost=0.00..73925.90 rows=1963 width=4) (actual time=209.501..1058.326 rows=4793 loops=1)
              Filter: ((kind_id = 1) AND (production_year = 1985))
              Rows Removed by Filter: 2523519
Planning time: 0.749 ms
Execution time: 1682.767 ms
