Seq Scan on movie_keyword mk  (cost=0.00..81003.12 rows=3683647 width=0) (actual time=0.033..1506.127 rows=3682623 loops=1)
  Filter: (keyword_id > 804)
  Rows Removed by Filter: 841307
Planning time: 0.326 ms
Execution time: 1959.021 ms
