Hash Join  (cost=118024.23..181368.46 rows=16309 width=0) (actual time=2506.369..3911.556 rows=23340 loops=1)
  Hash Cond: (mc.movie_id = t.id)
  ->  Seq Scan on movie_companies mc  (cost=0.00..57926.93 rows=421122 width=4) (actual time=87.569..804.453 rows=237721 loops=1)
        Filter: ((company_id < 1937) AND (company_type_id = 2))
        Rows Removed by Filter: 2371408
  ->  Hash  (cost=116417.15..116417.15 rows=97926 width=8) (actual time=2191.568..2191.568 rows=192353 loops=1)
        Buckets: 131072 (originally 131072)  Batches: 4 (originally 2)  Memory Usage: 3073kB
        ->  Hash Join  (cost=82871.49..116417.15 rows=97926 width=8) (actual time=1445.149..2125.748 rows=192353 loops=1)
              Hash Cond: (mi_idx.movie_id = t.id)
              ->  Seq Scan on movie_info_idx mi_idx  (cost=0.00..25185.44 rows=454124 width=4) (actual time=0.040..479.836 rows=459925 loops=1)
                    Filter: (info_type_id = 100)
                    Rows Removed by Filter: 920110
              ->  Hash  (cost=73925.90..73925.90 rows=545247 width=4) (actual time=1276.412..1276.412 rows=557319 loops=1)
                    Buckets: 131072  Batches: 8  Memory Usage: 3485kB
                    ->  Seq Scan on title t  (cost=0.00..73925.90 rows=545247 width=4) (actual time=118.719..1110.255 rows=557319 loops=1)
                          Filter: ((production_year < 2011) AND (kind_id = 1))
                          Rows Removed by Filter: 1970993
Planning time: 1.151 ms
Execution time: 3915.302 ms
