Seq Scan on movie_keyword mk  (cost=0.00..81003.12 rows=1766102 width=0) (actual time=0.027..1472.540 rows=1770187 loops=1)
  Filter: (keyword_id > 7827)
  Rows Removed by Filter: 2753743
Planning time: 0.295 ms
Execution time: 1695.524 ms
