Hash Join  (cost=319965.39..1903707.04 rows=44718146 width=0) (actual time=7073.879..73860.741 rows=150795347 loops=1)
  Hash Cond: (ci.movie_id = t.id)
  ->  Seq Scan on cast_info ci  (cost=0.00..614943.12 rows=36225612 width=4) (actual time=0.016..13665.062 rows=36244344 loops=1)
  ->  Hash  (cost=268756.12..268756.12 rows=3121301 width=8) (actual time=7072.682..7072.682 rows=3102738 loops=1)
        Buckets: 131072  Batches: 64  Memory Usage: 2942kB
        ->  Hash Join  (cost=102767.86..268756.12 rows=3121301 width=8) (actual time=1970.481..6205.449 rows=3102738 loops=1)
              Hash Cond: (mk.movie_id = t.id)
              ->  Seq Scan on movie_keyword mk  (cost=0.00..81003.12 rows=3121301 width=4) (actual time=0.012..1633.804 rows=3102738 loops=1)
                    Filter: (keyword_id > 1951)
                    Rows Removed by Filter: 1421192
              ->  Hash  (cost=61283.27..61283.27 rows=2528527 width=4) (actual time=1967.758..1967.758 rows=2528312 loops=1)
                    Buckets: 131072  Batches: 64  Memory Usage: 2425kB
                    ->  Seq Scan on title t  (cost=0.00..61283.27 rows=2528527 width=4) (actual time=0.002..1121.452 rows=2528312 loops=1)
Planning time: 2.609 ms
Execution time: 89941.371 ms
