Hash Join  (cost=156487.41..1272612.39 rows=5568039 width=0) (actual time=3187.164..38199.231 rows=11451422 loops=1)
  Hash Cond: (ci.movie_id = t.id)
  ->  Seq Scan on cast_info ci  (cost=0.00..705507.15 rows=30541449 width=4) (actual time=0.030..16296.696 rows=30641668 loops=1)
        Filter: (person_id > 541354)
        Rows Removed by Filter: 5602676
  ->  Hash  (cost=148924.19..148924.19 rows=460978 width=8) (actual time=3186.196..3186.196 rows=459925 loops=1)
        Buckets: 131072  Batches: 8  Memory Usage: 3275kB
        ->  Hash Join  (cost=102767.86..148924.19 rows=460978 width=8) (actual time=1765.940..3053.747 rows=459925 loops=1)
              Hash Cond: (mi_idx.movie_id = t.id)
              ->  Seq Scan on movie_info_idx mi_idx  (cost=0.00..25185.44 rows=460978 width=4) (actual time=0.021..488.105 rows=459925 loops=1)
                    Filter: (info_type_id = 99)
                    Rows Removed by Filter: 920110
              ->  Hash  (cost=61283.27..61283.27 rows=2528527 width=4) (actual time=1764.721..1764.721 rows=2528312 loops=1)
                    Buckets: 131072  Batches: 64  Memory Usage: 2415kB
                    ->  Seq Scan on title t  (cost=0.00..61283.27 rows=2528527 width=4) (actual time=0.018..936.937 rows=2528312 loops=1)
Planning time: 3.612 ms
Execution time: 39429.206 ms
