Hash Join  (cost=709678.15..772253.74 rows=245 width=0) (actual time=11221.490..12384.198 rows=217 loops=1)
  Hash Cond: (mc.movie_id = t.id)
  ->  Seq Scan on movie_companies mc  (cost=0.00..57926.93 rows=1238988 width=4) (actual time=185.022..1194.054 rows=1296621 loops=1)
        Filter: ((company_id > 34) AND (company_type_id = 2))
        Rows Removed by Filter: 1312508
  ->  Hash  (cost=709671.90..709671.90 rows=500 width=8) (actual time=11013.867..11013.867 rows=217 loops=1)
        Buckets: 1024  Batches: 1  Memory Usage: 17kB
        ->  Nested Loop  (cost=0.43..709671.90 rows=500 width=8) (actual time=2389.186..11013.759 rows=217 loops=1)
              ->  Seq Scan on cast_info ci  (cost=0.00..705507.15 rows=500 width=4) (actual time=2389.039..11004.556 rows=217 loops=1)
                    Filter: (person_id = 1240117)
                    Rows Removed by Filter: 36244127
              ->  Index Only Scan using title_pkey on title t  (cost=0.43..8.32 rows=1 width=4) (actual time=0.041..0.041 rows=1 loops=217)
                    Index Cond: (id = ci.movie_id)
                    Heap Fetches: 217
Planning time: 3.083 ms
Execution time: 12384.335 ms
