Seq Scan on cast_info ci  (cost=0.00..705507.15 rows=500 width=0) (actual time=5834.505..10664.039 rows=41 loops=1)
  Filter: (person_id = 385312)
  Rows Removed by Filter: 36244303
Planning time: 11.635 ms
Execution time: 10664.143 ms
