Nested Loop  (cost=0.43..797556.58 rows=18 width=0) (actual time=7480.272..14029.079 rows=1 loops=1)
  ->  Seq Scan on cast_info ci  (cost=0.00..796071.18 rows=176 width=4) (actual time=7479.975..14028.380 rows=30 loops=1)
        Filter: ((role_id < 2) AND (person_id = 1600423))
        Rows Removed by Filter: 36244314
  ->  Index Scan using title_pkey on title t  (cost=0.43..8.43 rows=1 width=4) (actual time=0.022..0.022 rows=0 loops=30)
        Index Cond: (id = ci.movie_id)
        Filter: ((kind_id < 7) AND (production_year > 2008))
        Rows Removed by Filter: 1
Planning time: 0.843 ms
Execution time: 14029.204 ms
