Hash Join  (cost=109123.90..475811.17 rows=203132 width=0) (actual time=1928.292..9705.693 rows=112641 loops=1)
  Hash Cond: (mi.movie_id = t.id)
  ->  Seq Scan on movie_info mi  (cost=0.00..309384.22 rows=14739122 width=4) (actual time=0.015..4346.237 rows=14835720 loops=1)
  ->  Hash  (cost=108688.30..108688.30 rows=34848 width=8) (actual time=1927.759..1927.759 rows=9868 loops=1)
        Buckets: 65536  Batches: 1  Memory Usage: 898kB
        ->  Hash Join  (cost=77035.88..108688.30 rows=34848 width=8) (actual time=1219.431..1923.491 rows=9868 loops=1)
              Hash Cond: (mi_idx.movie_id = t.id)
              ->  Seq Scan on movie_info_idx mi_idx  (cost=0.00..25185.44 rows=464934 width=4) (actual time=0.030..518.334 rows=460185 loops=1)
                    Filter: (info_type_id > 100)
                    Rows Removed by Filter: 919850
              ->  Hash  (cost=73925.90..73925.90 rows=189518 width=4) (actual time=1193.342..1193.342 rows=86916 loops=1)
                    Buckets: 131072  Batches: 4  Memory Usage: 1786kB
                    ->  Seq Scan on title t  (cost=0.00..73925.90 rows=189518 width=4) (actual time=0.020..1161.903 rows=86916 loops=1)
                          Filter: ((production_year < 1966) AND (kind_id = 7))
                          Rows Removed by Filter: 2441396
Planning time: 1.202 ms
Execution time: 9721.236 ms
