Nested Loop  (cost=0.43..150060.35 rows=456 width=0) (actual time=0.860..1496.050 rows=310 loops=1)
  ->  Seq Scan on movie_keyword mk  (cost=0.00..81003.12 rows=10707 width=4) (actual time=0.220..1208.222 rows=9226 loops=1)
        Filter: (keyword_id = 875)
        Rows Removed by Filter: 4514704
  ->  Index Scan using title_pkey on title t  (cost=0.43..6.44 rows=1 width=4) (actual time=0.031..0.031 rows=0 loops=9226)
        Index Cond: (id = mk.movie_id)
        Filter: (production_year = 2006)
        Rows Removed by Filter: 1
Planning time: 0.730 ms
Execution time: 1496.366 ms
