Hash Join  (cost=74545.71..133036.68 rows=35218 width=0) (actual time=1192.002..2639.981 rows=46399 loops=1)
  Hash Cond: (mc.movie_id = t.id)
  ->  Seq Scan on movie_companies mc  (cost=0.00..51404.11 rows=1795916 width=4) (actual time=0.019..1024.009 rows=1787680 loops=1)
        Filter: (company_id < 28339)
        Rows Removed by Filter: 821449
  ->  Hash  (cost=73925.90..73925.90 rows=49584 width=4) (actual time=1191.546..1191.546 rows=38752 loops=1)
        Buckets: 65536  Batches: 1  Memory Usage: 1875kB
        ->  Seq Scan on title t  (cost=0.00..73925.90 rows=49584 width=4) (actual time=0.216..1175.216 rows=38752 loops=1)
              Filter: ((kind_id < 7) AND (production_year = 2008))
              Rows Removed by Filter: 2489560
Planning time: 2.134 ms
Execution time: 2647.161 ms
