Seq Scan on movie_companies mc  (cost=0.00..57926.93 rows=51 width=0) (actual time=12.799..869.237 rows=50 loops=1)
  Filter: ((company_type_id < 2) AND (company_id = 2447))
  Rows Removed by Filter: 2609079
Planning time: 0.390 ms
Execution time: 869.357 ms
