Hash Join  (cost=130351.58..210051.11 rows=337301 width=0) (actual time=2799.965..4875.294 rows=734322 loops=1)
  Hash Cond: (mc.movie_id = t.id)
  ->  Seq Scan on movie_companies mc  (cost=0.00..44881.29 rows=2609129 width=4) (actual time=0.015..873.313 rows=2609129 loops=1)
  ->  Hash  (cost=124988.56..124988.56 rows=326881 width=8) (actual time=2799.193..2799.193 rows=246088 loops=1)
        Buckets: 131072  Batches: 8  Memory Usage: 2215kB
        ->  Hash Join  (cost=82423.69..124988.56 rows=326881 width=8) (actual time=1499.848..2732.425 rows=246088 loops=1)
              Hash Cond: (mi_idx.movie_id = t.id)
              ->  Seq Scan on movie_info_idx mi_idx  (cost=0.00..25185.44 rows=915101 width=4) (actual time=0.031..604.107 rows=919850 loops=1)
                    Filter: (info_type_id < 101)
                    Rows Removed by Filter: 460185
              ->  Hash  (cost=67604.59..67604.59 rows=903208 width=4) (actual time=1498.769..1498.769 rows=904491 loops=1)
                    Buckets: 131072  Batches: 16  Memory Usage: 3010kB
                    ->  Seq Scan on title t  (cost=0.00..67604.59 rows=903208 width=4) (actual time=0.016..1202.290 rows=904491 loops=1)
                          Filter: (production_year > 2006)
                          Rows Removed by Filter: 1623821
Planning time: 1.220 ms
Execution time: 4950.805 ms
