Hash Join  (cost=226373.28..1335362.14 rows=6172822 width=0) (actual time=6739.219..42463.716 rows=46051165 loops=1)
  Hash Cond: (ci.movie_id = t.id)
  ->  Seq Scan on cast_info ci  (cost=0.00..796071.18 rows=19359089 width=4) (actual time=1423.038..18249.350 rows=17098666 loops=1)
        Filter: ((person_id < 3008985) AND (role_id > 1))
        Rows Removed by Filter: 19145678
  ->  Hash  (cost=213145.23..213145.23 rows=806244 width=8) (actual time=5314.255..5314.255 rows=1410403 loops=1)
        Buckets: 131072 (originally 131072)  Batches: 32 (originally 16)  Memory Usage: 3073kB
        ->  Hash Join  (cost=81319.76..213145.23 rows=806244 width=8) (actual time=1255.922..4917.897 rows=1410403 loops=1)
              Hash Cond: (mk.movie_id = t.id)
              ->  Seq Scan on movie_keyword mk  (cost=0.00..69693.30 rows=4523930 width=4) (actual time=0.027..1492.738 rows=4523930 loops=1)
              ->  Hash  (cost=73925.90..73925.90 rows=450628 width=4) (actual time=1254.860..1254.860 rows=325089 loops=1)
                    Buckets: 131072  Batches: 8  Memory Usage: 2466kB
                    ->  Seq Scan on title t  (cost=0.00..73925.90 rows=450628 width=4) (actual time=0.021..1149.094 rows=325089 loops=1)
                          Filter: ((production_year > 1992) AND (kind_id = 1))
                          Rows Removed by Filter: 2203223
Planning time: 1.289 ms
Execution time: 47393.962 ms
