Seq Scan on movie_companies mc  (cost=0.00..57926.93 rows=53 width=0) (actual time=113.342..930.613 rows=114 loops=1)
  Filter: ((company_type_id > 1) AND (company_id = 12953))
  Rows Removed by Filter: 2609015
Planning time: 0.337 ms
Execution time: 930.740 ms
