Seq Scan on cast_info ci  (cost=0.00..796071.18 rows=4753617 width=0) (actual time=5963.870..14311.498 rows=5182337 loops=1)
  Filter: ((person_id < 2405872) AND (role_id = 2))
  Rows Removed by Filter: 31062007
Planning time: 0.346 ms
Execution time: 14948.858 ms
