Hash Join  (cost=161021.74..656285.41 rows=3278330 width=0) (actual time=3646.927..18957.370 rows=12110269 loops=1)
  Hash Cond: (mi.movie_id = t.id)
  ->  Seq Scan on movie_info mi  (cost=0.00..346232.03 rows=9767026 width=4) (actual time=0.018..7172.664 rows=9911754 loops=1)
        Filter: (info_type_id > 4)
        Rows Removed by Filter: 4923966
  ->  Hash  (cost=147096.91..147096.91 rows=848707 width=8) (actual time=3646.076..3646.076 rows=1010682 loops=1)
        Buckets: 131072  Batches: 16  Memory Usage: 3521kB
        ->  Hash Join  (cost=93117.31..147096.91 rows=848707 width=8) (actual time=1711.109..3355.677 rows=1010682 loops=1)
              Hash Cond: (mi_idx.movie_id = t.id)
              ->  Seq Scan on movie_info_idx mi_idx  (cost=0.00..21735.35 rows=1380035 width=4) (actual time=0.024..474.894 rows=1380035 loops=1)
              ->  Hash  (cost=67604.59..67604.59 rows=1555018 width=4) (actual time=1709.947..1709.947 rows=1551727 loops=1)
                    Buckets: 131072  Batches: 32  Memory Usage: 2728kB
                    ->  Seq Scan on title t  (cost=0.00..67604.59 rows=1555018 width=4) (actual time=0.014..1224.509 rows=1551727 loops=1)
                          Filter: (production_year < 2007)
                          Rows Removed by Filter: 976585
Planning time: 1.182 ms
Execution time: 20326.897 ms
