Hash Join  (cost=378589.61..1357378.96 rows=15208962 width=209) (actual time=2973.399..21650.281 rows=67371414 loops=1)
  Hash Cond: (mi.movie_id = t.id)
  ->  Seq Scan on movie_info mi  (cost=0.00..309384.22 rows=14739122 width=75) (actual time=0.016..1356.346 rows=14835720 loops=1)
  ->  Hash  (cost=295015.49..295015.49 rows=2609129 width=134) (actual time=2972.267..2972.267 rows=2609129 loops=1)
        Buckets: 32768  Batches: 128  Memory Usage: 3165kB
        ->  Hash Join  (cost=129928.86..295015.49 rows=2609129 width=134) (actual time=683.830..2266.496 rows=2609129 loops=1)
              Hash Cond: (mc.movie_id = t.id)
              ->  Seq Scan on movie_companies mc  (cost=0.00..44881.29 rows=2609129 width=40) (actual time=0.010..204.370 rows=2609129 loops=1)
              ->  Hash  (cost=61283.27..61283.27 rows=2528527 width=94) (actual time=683.053..683.053 rows=2528312 loops=1)
                    Buckets: 32768  Batches: 128  Memory Usage: 2453kB
                    ->  Seq Scan on title t  (cost=0.00..61283.27 rows=2528527 width=94) (actual time=0.008..245.703 rows=2528312 loops=1)
Planning time: 0.695 ms
Execution time: 23356.770 ms
