Seq Scan on cast_info ci  (cost=0.00..705507.15 rows=500 width=0) (actual time=5112.485..9367.992 rows=13 loops=1)
  Filter: (person_id = 2233909)
  Rows Removed by Filter: 36244331
Planning time: 0.437 ms
Execution time: 9368.084 ms
