Hash Join  (cost=102767.86..234347.57 rows=1691359 width=0) (actual time=1929.652..5160.465 rows=1700423 loops=1)
  Hash Cond: (mk.movie_id = t.id)
  ->  Seq Scan on movie_keyword mk  (cost=0.00..81003.12 rows=1691359 width=4) (actual time=0.027..1546.091 rows=1700423 loops=1)
        Filter: (keyword_id > 8459)
        Rows Removed by Filter: 2823507
  ->  Hash  (cost=61283.27..61283.27 rows=2528527 width=4) (actual time=1928.078..1928.078 rows=2528312 loops=1)
        Buckets: 131072  Batches: 64  Memory Usage: 2425kB
        ->  Seq Scan on title t  (cost=0.00..61283.27 rows=2528527 width=4) (actual time=0.018..1065.357 rows=2528312 loops=1)
Planning time: 0.759 ms
Execution time: 5358.358 ms
