Hash Join  (cost=76016.62..563747.85 rows=742731 width=0) (actual time=1229.751..14289.609 rows=2660785 loops=1)
  Hash Cond: (mi.movie_id = t.id)
  ->  Seq Scan on movie_info mi  (cost=0.00..309384.22 rows=14739122 width=4) (actual time=0.021..5921.993 rows=14835720 loops=1)
  ->  Hash  (cost=73925.90..73925.90 rows=127417 width=4) (actual time=1228.931..1228.931 rows=227909 loops=1)
        Buckets: 131072 (originally 131072)  Batches: 4 (originally 2)  Memory Usage: 3073kB
        ->  Seq Scan on title t  (cost=0.00..73925.90 rows=127417 width=4) (actual time=0.022..1143.753 rows=227909 loops=1)
              Filter: ((kind_id < 7) AND (production_year < 1967))
              Rows Removed by Filter: 2300403
Planning time: 0.782 ms
Execution time: 14600.594 ms
