Seq Scan on movie_keyword mk  (cost=0.00..81003.12 rows=1367066 width=0) (actual time=0.021..1399.328 rows=1384644 loops=1)
  Filter: (keyword_id > 12062)
  Rows Removed by Filter: 3139286
Planning time: 0.332 ms
Execution time: 1571.032 ms
