Seq Scan on title t  (cost=0.00..67604.59 rows=67596 width=0) (actual time=0.019..1049.424 rows=67777 loops=1)
  Filter: (production_year = 2003)
  Rows Removed by Filter: 2460535
Planning time: 0.381 ms
Execution time: 1060.626 ms
