Nested Loop  (cost=0.43..139126.79 rows=1 width=0) (actual time=1665.995..2135.448 rows=1 loops=1)
  Join Filter: (mc.movie_id = t.id)
  ->  Nested Loop  (cost=0.00..139118.38 rows=1 width=8) (actual time=1665.848..2135.299 rows=1 loops=1)
        Join Filter: (mc.movie_id = mk.movie_id)
        Rows Removed by Join Filter: 141854
        ->  Seq Scan on movie_keyword mk  (cost=0.00..81003.12 rows=246 width=4) (actual time=4.601..1280.995 rows=1351 loops=1)
              Filter: (keyword_id = 2810)
              Rows Removed by Filter: 4522579
        ->  Materialize  (cost=0.00..57927.19 rows=51 width=4) (actual time=0.152..0.613 rows=105 loops=1351)
              ->  Seq Scan on movie_companies mc  (cost=0.00..57926.93 rows=51 width=4) (actual time=204.486..815.934 rows=105 loops=1)
                    Filter: ((company_id = 1576) AND (company_type_id = 1))
                    Rows Removed by Filter: 2609024
  ->  Index Only Scan using title_pkey on title t  (cost=0.43..8.40 rows=1 width=4) (actual time=0.095..0.096 rows=1 loops=1)
        Index Cond: (id = mk.movie_id)
        Heap Fetches: 1
Planning time: 10.831 ms
Execution time: 2135.557 ms
