Nested Loop  (cost=0.43..58358.39 rows=13 width=0) (actual time=239.698..940.990 rows=24 loops=1)
  ->  Seq Scan on movie_companies mc  (cost=0.00..57926.93 rows=51 width=4) (actual time=169.814..923.467 rows=367 loops=1)
        Filter: ((company_type_id < 2) AND (company_id = 2165))
        Rows Removed by Filter: 2608762
  ->  Index Scan using title_pkey on title t  (cost=0.43..8.45 rows=1 width=4) (actual time=0.047..0.047 rows=0 loops=367)
        Index Cond: (id = mc.movie_id)
        Filter: (production_year < 1989)
        Rows Removed by Filter: 1
Planning time: 4.436 ms
Execution time: 941.113 ms
