Seq Scan on movie_keyword mk  (cost=0.00..81003.12 rows=3237920 width=0) (actual time=0.018..1494.386 rows=3226584 loops=1)
  Filter: (keyword_id < 13610)
  Rows Removed by Filter: 1297346
Planning time: 0.319 ms
Execution time: 1890.087 ms
