Hash Join  (cost=83810.17..160798.55 rows=383904 width=0) (actual time=1447.849..3448.416 rows=776033 loops=1)
  Hash Cond: (mc.movie_id = t.id)
  ->  Seq Scan on movie_companies mc  (cost=0.00..57926.93 rows=982774 width=4) (actual time=0.030..1131.174 rows=843467 loops=1)
        Filter: ((company_id > 687) AND (company_type_id = 1))
        Rows Removed by Filter: 1765662
  ->  Hash  (cost=67604.59..67604.59 rows=987727 width=4) (actual time=1446.738..1446.738 rows=985048 loops=1)
        Buckets: 131072  Batches: 16  Memory Usage: 3188kB
        ->  Seq Scan on title t  (cost=0.00..67604.59 rows=987727 width=4) (actual time=0.017..1139.474 rows=985048 loops=1)
              Filter: (kind_id < 7)
              Rows Removed by Filter: 1543264
Planning time: 0.740 ms
Execution time: 3547.792 ms
