Hash Join  (cost=494564.88..1391083.53 rows=4617352 width=0) (actual time=17878.486..36332.442 rows=14597582 loops=1)
  Hash Cond: (ci.movie_id = t.id)
  ->  Seq Scan on cast_info ci  (cost=0.00..705507.15 rows=12203201 width=4) (actual time=7399.952..14410.319 rows=12113646 loops=1)
        Filter: (role_id > 3)
        Rows Removed by Filter: 24130698
  ->  Hash  (cost=478867.83..478867.83 rows=956724 width=8) (actual time=10476.980..10476.980 rows=2178007 loops=1)
        Buckets: 131072 (originally 131072)  Batches: 32 (originally 16)  Memory Usage: 3659kB
        ->  Hash Join  (cost=78556.72..478867.83 rows=956724 width=8) (actual time=4068.553..9833.976 rows=2178007 loops=1)
              Hash Cond: (mi.movie_id = t.id)
              ->  Seq Scan on movie_info mi  (cost=0.00..346232.03 rows=3623957 width=4) (actual time=1879.991..5510.384 rows=3624977 loops=1)
                    Filter: (info_type_id < 4)
                    Rows Removed by Filter: 11210743
              ->  Hash  (cost=67604.59..67604.59 rows=667531 width=4) (actual time=1379.683..1379.683 rows=662825 loops=1)
                    Buckets: 131072  Batches: 16  Memory Usage: 2485kB
                    ->  Seq Scan on title t  (cost=0.00..67604.59 rows=667531 width=4) (actual time=260.681..1166.747 rows=662825 loops=1)
                          Filter: (kind_id < 2)
                          Rows Removed by Filter: 1865487
Planning time: 1.036 ms
Execution time: 37928.472 ms
