Hash Join  (cost=100831.63..160185.61 rows=3030 width=0) (actual time=2014.835..2844.981 rows=12431 loops=1)
  Hash Cond: (mc.movie_id = t.id)
  ->  Seq Scan on movie_companies mc  (cost=0.00..57926.93 rows=372463 width=4) (actual time=51.703..922.215 rows=689595 loops=1)
        Filter: ((company_id > 39633) AND (company_type_id > 1))
        Rows Removed by Filter: 1919534
  ->  Hash  (cost=100574.48..100574.48 rows=20572 width=8) (actual time=1751.728..1751.728 rows=27850 loops=1)
        Buckets: 32768  Batches: 1  Memory Usage: 1344kB
        ->  Hash Join  (cost=69484.36..100574.48 rows=20572 width=8) (actual time=1052.744..1741.178 rows=27850 loops=1)
              Hash Cond: (mi_idx.movie_id = t.id)
              ->  Seq Scan on movie_info_idx mi_idx  (cost=0.00..25185.44 rows=454124 width=4) (actual time=0.014..483.857 rows=459925 loops=1)
                    Filter: (info_type_id = 100)
                    Rows Removed by Filter: 920110
              ->  Hash  (cost=67604.59..67604.59 rows=114542 width=4) (actual time=1001.075..1001.075 rows=118234 loops=1)
                    Buckets: 131072  Batches: 2  Memory Usage: 3101kB
                    ->  Seq Scan on title t  (cost=0.00..67604.59 rows=114542 width=4) (actual time=92.399..960.760 rows=118234 loops=1)
                          Filter: (kind_id = 4)
                          Rows Removed by Filter: 2410078
Planning time: 1.276 ms
Execution time: 2847.333 ms
