Seq Scan on cast_info ci  (cost=0.00..796071.18 rows=1524062 width=0) (actual time=3656.727..14633.078 rows=1502487 loops=1)
  Filter: ((person_id > 414707) AND (role_id = 8))
  Rows Removed by Filter: 34741857
Planning time: 0.359 ms
Execution time: 14819.517 ms
