Hash Join  (cost=124618.24..493228.54 rows=395437 width=0) (actual time=2605.176..10916.253 rows=569383 loops=1)
  Hash Cond: (mi.movie_id = t.id)
  ->  Seq Scan on movie_info mi  (cost=0.00..309384.22 rows=14739122 width=4) (actual time=0.023..4313.718 rows=14835720 loops=1)
  ->  Hash  (cost=123770.27..123770.27 rows=67838 width=8) (actual time=2604.372..2604.372 rows=47312 loops=1)
        Buckets: 131072  Batches: 1  Memory Usage: 2873kB
        ->  Hash Join  (cost=68426.36..123770.27 rows=67838 width=8) (actual time=1206.089..2584.770 rows=47312 loops=1)
              Hash Cond: (mc.movie_id = t.id)
              ->  Seq Scan on movie_companies mc  (cost=0.00..44881.29 rows=2609129 width=4) (actual time=0.023..655.397 rows=2609129 loops=1)
              ->  Hash  (cost=67604.59..67604.59 rows=65742 width=4) (actual time=1205.336..1205.336 rows=63827 loops=1)
                    Buckets: 131072  Batches: 1  Memory Usage: 3268kB
                    ->  Seq Scan on title t  (cost=0.00..67604.59 rows=65742 width=4) (actual time=0.023..1178.440 rows=63827 loops=1)
                          Filter: (production_year = 2013)
                          Rows Removed by Filter: 2464485
Planning time: 1.023 ms
Execution time: 10993.258 ms
