Hash Join  (cost=73989.27..100927.42 rows=2767 width=0) (actual time=1158.915..1716.598 rows=5610 loops=1)
  Hash Cond: (mi_idx.movie_id = t.id)
  ->  Seq Scan on movie_info_idx mi_idx  (cost=0.00..21735.35 rows=1380035 width=4) (actual time=0.013..289.846 rows=1380035 loops=1)
  ->  Hash  (cost=73925.90..73925.90 rows=5069 width=4) (actual time=1158.727..1158.727 rows=4420 loops=1)
        Buckets: 8192  Batches: 1  Memory Usage: 220kB
        ->  Seq Scan on title t  (cost=0.00..73925.90 rows=5069 width=4) (actual time=0.051..1156.283 rows=4420 loops=1)
              Filter: ((kind_id = 2) AND (production_year = 2010))
              Rows Removed by Filter: 2523892
Planning time: 0.749 ms
Execution time: 1717.436 ms
