Seq Scan on title t  (cost=0.00..73925.90 rows=62787 width=0) (actual time=0.216..1106.945 rows=53770 loops=1)
  Filter: ((kind_id < 7) AND (production_year = 2011))
  Rows Removed by Filter: 2474542
Planning time: 0.479 ms
Execution time: 1115.013 ms
