Seq Scan on cast_info ci  (cost=0.00..796071.18 rows=7688128 width=0) (actual time=10611.608..15527.258 rows=8490420 loops=1)
  Filter: ((person_id > 651601) AND (role_id > 4))
  Rows Removed by Filter: 27753924
Planning time: 0.293 ms
Execution time: 16583.136 ms
