Hash Join  (cost=244180.67..1447032.06 rows=16456127 width=0) (actual time=5754.978..68679.702 rows=133113975 loops=1)
  Hash Cond: (ci.movie_id = t.id)
  ->  Seq Scan on cast_info ci  (cost=0.00..614943.12 rows=36225612 width=4) (actual time=0.011..13034.191 rows=36244344 loops=1)
  ->  Hash  (cost=225335.82..225335.82 rows=1148628 width=8) (actual time=5752.720..5752.720 rows=2272781 loops=1)
        Buckets: 131072 (originally 131072)  Batches: 32 (originally 16)  Memory Usage: 3741kB
        ->  Hash Join  (cost=86713.18..225335.82 rows=1148628 width=8) (actual time=1430.480..5217.593 rows=2272781 loops=1)
              Hash Cond: (mk.movie_id = t.id)
              ->  Seq Scan on movie_keyword mk  (cost=0.00..81003.12 rows=3726462 width=4) (actual time=0.026..1723.855 rows=3726076 loops=1)
                    Filter: (keyword_id > 768)
                    Rows Removed by Filter: 797854
              ->  Hash  (cost=73925.90..73925.90 rows=779382 width=4) (actual time=1428.685..1428.685 rows=689555 loops=1)
                    Buckets: 131072  Batches: 16  Memory Usage: 2549kB
                    ->  Seq Scan on title t  (cost=0.00..73925.90 rows=779382 width=4) (actual time=0.032..1201.116 rows=689555 loops=1)
                          Filter: ((kind_id < 7) AND (production_year > 1976))
                          Rows Removed by Filter: 1838757
Planning time: 1.277 ms
Execution time: 82714.024 ms
