Hash Join  (cost=171266.34..1276242.31 rows=6928280 width=0) (actual time=3715.926..41669.443 rows=32098188 loops=1)
  Hash Cond: (ci.movie_id = t.id)
  ->  Seq Scan on cast_info ci  (cost=0.00..614943.12 rows=36225612 width=4) (actual time=0.016..12610.405 rows=36244344 loops=1)
  ->  Hash  (cost=163331.47..163331.47 rows=483590 width=8) (actual time=3713.859..3713.859 rows=636197 loops=1)
        Buckets: 131072 (originally 131072)  Batches: 16 (originally 8)  Memory Usage: 3073kB
        ->  Hash Join  (cost=81615.04..163331.47 rows=483590 width=8) (actual time=1282.244..3512.587 rows=636197 loops=1)
              Hash Cond: (mc.movie_id = t.id)
              ->  Seq Scan on movie_companies mc  (cost=0.00..44881.29 rows=2609129 width=4) (actual time=0.011..901.864 rows=2609129 loops=1)
              ->  Hash  (cost=73925.90..73925.90 rows=468651 width=4) (actual time=1152.182..1152.182 rows=340746 loops=1)
                    Buckets: 131072  Batches: 8  Memory Usage: 2526kB
                    ->  Seq Scan on title t  (cost=0.00..73925.90 rows=468651 width=4) (actual time=0.408..1041.120 rows=340746 loops=1)
                          Filter: ((production_year > 1989) AND (kind_id = 1))
                          Rows Removed by Filter: 2187566
Planning time: 1.147 ms
Execution time: 45181.279 ms
