Seq Scan on movie_keyword mk  (cost=0.00..81003.12 rows=246 width=0) (actual time=20.262..1223.226 rows=183 loops=1)
  Filter: (keyword_id = 18558)
  Rows Removed by Filter: 4523747
Planning time: 0.311 ms
Execution time: 1223.472 ms
