Seq Scan on title t  (cost=0.00..73925.90 rows=2230 width=0) (actual time=1.303..1159.744 rows=3338 loops=1)
  Filter: ((kind_id < 3) AND (production_year = 1959))
  Rows Removed by Filter: 2524974
Planning time: 0.324 ms
Execution time: 1160.785 ms
