Hash Join  (cost=80355.62..163630.86 rows=8747 width=0) (actual time=1254.048..2583.048 rows=8273 loops=1)
  Hash Cond: (mk.movie_id = t.id)
  ->  Seq Scan on movie_keyword mk  (cost=0.00..81003.12 rows=56439 width=4) (actual time=0.049..1249.174 rows=57603 loops=1)
        Filter: (keyword_id < 56)
        Rows Removed by Filter: 4466327
  ->  Hash  (cost=73925.90..73925.90 rows=391897 width=4) (actual time=1253.116..1253.116 rows=289693 loops=1)
        Buckets: 131072  Batches: 8  Memory Usage: 2309kB
        ->  Seq Scan on title t  (cost=0.00..73925.90 rows=391897 width=4) (actual time=0.017..1155.330 rows=289693 loops=1)
              Filter: ((production_year > 1998) AND (kind_id = 1))
              Rows Removed by Filter: 2238619
Planning time: 0.465 ms
Execution time: 2584.677 ms
