Seq Scan on cast_info ci  (cost=0.00..705507.15 rows=19698800 width=0) (actual time=0.018..12595.434 rows=19582660 loops=1)
  Filter: (person_id < 1962047)
  Rows Removed by Filter: 16661684
Planning time: 0.200 ms
Execution time: 15051.286 ms
