Seq Scan on movie_keyword mk  (cost=0.00..81003.12 rows=4467979 width=0) (actual time=0.025..1602.448 rows=4466327 loops=1)
  Filter: (keyword_id > 55)
  Rows Removed by Filter: 57603
Planning time: 0.291 ms
Execution time: 2149.506 ms
