Hash Join  (cost=106623.69..752775.78 rows=13863126 width=0) (actual time=2373.165..20405.537 rows=13885780 loops=1)
  Hash Cond: (mi.movie_id = t.id)
  ->  Seq Scan on movie_info mi  (cost=0.00..309384.22 rows=14739122 width=4) (actual time=0.026..6250.108 rows=14835720 loops=1)
  ->  Hash  (cost=67604.59..67604.59 rows=2378248 width=4) (actual time=2372.340..2372.340 rows=2374571 loops=1)
        Buckets: 131072  Batches: 32  Memory Usage: 3644kB
        ->  Seq Scan on title t  (cost=0.00..67604.59 rows=2378248 width=4) (actual time=0.024..1355.833 rows=2374571 loops=1)
              Filter: (production_year > 1918)
              Rows Removed by Filter: 153741
Planning time: 0.733 ms
Execution time: 21959.256 ms
