Hash Join  (cost=303608.26..894917.87 rows=10126165 width=0) (actual time=6068.126..18739.994 rows=5478423 loops=1)
  Hash Cond: (mi.movie_id = t.id)
  ->  Seq Scan on movie_info mi  (cost=0.00..346232.03 rows=9476311 width=4) (actual time=0.025..6810.764 rows=9565151 loops=1)
        Filter: (info_type_id < 16)
        Rows Removed by Filter: 5270569
  ->  Hash  (cost=259279.19..259279.19 rows=2701925 width=8) (actual time=6065.638..6065.638 rows=720140 loops=1)
        Buckets: 131072  Batches: 64  Memory Usage: 1449kB
        ->  Hash Join  (cost=98702.99..259279.19 rows=2701925 width=8) (actual time=1951.370..5856.878 rows=720140 loops=1)
              Hash Cond: (mk.movie_id = t.id)
              ->  Seq Scan on movie_keyword mk  (cost=0.00..69693.30 rows=4523930 width=4) (actual time=0.015..1365.273 rows=4523930 loops=1)
              ->  Hash  (cost=73925.90..73925.90 rows=1510167 width=4) (actual time=1929.630..1929.630 rows=1490874 loops=1)
                    Buckets: 131072  Batches: 32  Memory Usage: 2669kB
                    ->  Seq Scan on title t  (cost=0.00..73925.90 rows=1510167 width=4) (actual time=0.011..1442.292 rows=1490874 loops=1)
                          Filter: ((kind_id > 4) AND (production_year > 0))
                          Rows Removed by Filter: 1037438
Planning time: 6.213 ms
Execution time: 19329.519 ms
