Hash Join  (cost=128478.61..1215902.33 rows=5219659 width=0) (actual time=2861.905..35554.341 rows=11027780 loops=1)
  Hash Cond: (ci.movie_id = t.id)
  ->  Seq Scan on cast_info ci  (cost=0.00..614943.12 rows=36225612 width=4) (actual time=0.019..13770.179 rows=36244344 loops=1)
  ->  Hash  (cost=122500.50..122500.50 rows=364329 width=8) (actual time=2861.097..2861.097 rows=435281 loops=1)
        Buckets: 131072  Batches: 8  Memory Usage: 3158kB
        ->  Hash Join  (cost=78556.72..122500.50 rows=364329 width=8) (actual time=1421.308..2730.097 rows=435281 loops=1)
              Hash Cond: (mi_idx.movie_id = t.id)
              ->  Seq Scan on movie_info_idx mi_idx  (cost=0.00..21735.35 rows=1380035 width=4) (actual time=0.018..458.530 rows=1380035 loops=1)
              ->  Hash  (cost=67604.59..67604.59 rows=667531 width=4) (actual time=1420.449..1420.449 rows=662834 loops=1)
                    Buckets: 131072  Batches: 16  Memory Usage: 2478kB
                    ->  Seq Scan on title t  (cost=0.00..67604.59 rows=667531 width=4) (actual time=0.030..1198.259 rows=662834 loops=1)
                          Filter: (production_year < 1989)
                          Rows Removed by Filter: 1865478
Planning time: 4.949 ms
Execution time: 36812.555 ms
