Hash Join  (cost=58375.85..883503.32 rows=162 width=0) (actual time=16240.704..17016.468 rows=2 loops=1)
  Hash Cond: (ci.movie_id = t.id)
  ->  Seq Scan on cast_info ci  (cost=0.00..796071.18 rows=7747914 width=4) (actual time=0.026..14903.755 rows=9457326 loops=1)
        Filter: ((person_id > 1301581) AND (role_id > 3))
        Rows Removed by Filter: 26787018
  ->  Hash  (cost=58375.18..58375.18 rows=53 width=8) (actual time=869.936..869.936 rows=1 loops=1)
        Buckets: 1024  Batches: 1  Memory Usage: 9kB
        ->  Nested Loop  (cost=0.43..58375.18 rows=53 width=8) (actual time=778.300..869.931 rows=1 loops=1)
              ->  Seq Scan on movie_companies mc  (cost=0.00..57926.93 rows=53 width=4) (actual time=778.219..869.847 rows=1 loops=1)
                    Filter: ((company_type_id > 1) AND (company_id = 121935))
                    Rows Removed by Filter: 2609128
              ->  Index Only Scan using title_pkey on title t  (cost=0.43..8.45 rows=1 width=4) (actual time=0.065..0.066 rows=1 loops=1)
                    Index Cond: (id = mc.movie_id)
                    Heap Fetches: 1
Planning time: 1.849 ms
Execution time: 17016.558 ms
