Hash Join  (cost=201594.33..726019.60 rows=2945366 width=0) (actual time=4451.869..36053.992 rows=75770195 loops=1)
  Hash Cond: (mi.movie_id = t.id)
  ->  Seq Scan on movie_info mi  (cost=0.00..346232.03 rows=12665229 width=4) (actual time=0.021..7359.597 rows=12744652 loops=1)
        Filter: (info_type_id > 2)
        Rows Removed by Filter: 2091068
  ->  Hash  (cost=191947.06..191947.06 rows=588022 width=8) (actual time=4450.841..4450.841 rows=1317551 loops=1)
        Buckets: 131072 (originally 131072)  Batches: 32 (originally 8)  Memory Usage: 3073kB
        ->  Hash Join  (cost=81720.25..191947.06 rows=588022 width=8) (actual time=1446.712..4069.600 rows=1317551 loops=1)
              Hash Cond: (mk.movie_id = t.id)
              ->  Seq Scan on movie_keyword mk  (cost=0.00..81003.12 rows=1728123 width=4) (actual time=0.021..1397.750 rows=1732726 loops=1)
                    Filter: (keyword_id < 2830)
                    Rows Removed by Filter: 2791204
              ->  Hash  (cost=67604.59..67604.59 rows=860373 width=4) (actual time=1445.585..1445.585 rows=854214 loops=1)
                    Buckets: 131072  Batches: 16  Memory Usage: 2906kB
                    ->  Seq Scan on title t  (cost=0.00..67604.59 rows=860373 width=4) (actual time=0.017..1162.137 rows=854214 loops=1)
                          Filter: (kind_id < 4)
                          Rows Removed by Filter: 1674098
Planning time: 2.678 ms
Execution time: 43789.420 ms
