Seq Scan on cast_info ci  (cost=0.00..705507.15 rows=17524198 width=0) (actual time=5.271..11923.291 rows=17399126 loops=1)
  Filter: (person_id < 1720155)
  Rows Removed by Filter: 18845218
Planning time: 0.314 ms
Execution time: 13912.230 ms
