Hash Join  (cost=96184.51..1329657.17 rows=19436950 width=0) (actual time=1849.863..42478.090 rows=18884617 loops=1)
  Hash Cond: (ci.movie_id = t.id)
  ->  Seq Scan on cast_info ci  (cost=0.00..614943.12 rows=36225612 width=4) (actual time=0.025..13456.672 rows=36244344 loops=1)
  ->  Hash  (cost=73925.90..73925.90 rows=1356688 width=4) (actual time=1848.893..1848.893 rows=1327781 loops=1)
        Buckets: 131072  Batches: 32  Memory Usage: 2479kB
        ->  Seq Scan on title t  (cost=0.00..73925.90 rows=1356688 width=4) (actual time=0.021..1387.524 rows=1327781 loops=1)
              Filter: ((production_year < 2012) AND (kind_id = 7))
              Rows Removed by Filter: 1200531
Planning time: 0.701 ms
Execution time: 44603.223 ms
