Hash Join  (cost=158670.86..966098.22 rows=12813 width=0) (actual time=3250.467..17511.460 rows=116306 loops=1)
  Hash Cond: (ci.movie_id = t.id)
  ->  Seq Scan on cast_info ci  (cost=0.00..796071.18 rows=2994149 width=4) (actual time=544.407..14544.091 rows=963319 loops=1)
        Filter: ((person_id < 2591505) AND (role_id = 10))
        Rows Removed by Filter: 35281025
  ->  Hash  (cost=158535.61..158535.61 rows=10820 width=8) (actual time=2705.810..2705.810 rows=21192 loops=1)
        Buckets: 32768 (originally 16384)  Batches: 1 (originally 1)  Memory Usage: 1084kB
        ->  Hash Join  (cost=74341.98..158535.61 rows=10820 width=8) (actual time=1103.239..2698.012 rows=21192 loops=1)
              Hash Cond: (mk.movie_id = t.id)
              ->  Seq Scan on movie_keyword mk  (cost=0.00..81003.12 rows=821948 width=4) (actual time=0.030..1439.703 rows=831114 loops=1)
                    Filter: (keyword_id > 22158)
                    Rows Removed by Filter: 3692816
              ->  Hash  (cost=73925.90..73925.90 rows=33286 width=4) (actual time=1102.655..1102.655 rows=28113 loops=1)
                    Buckets: 65536  Batches: 1  Memory Usage: 1501kB
                    ->  Seq Scan on title t  (cost=0.00..73925.90 rows=33286 width=4) (actual time=0.021..1090.694 rows=28113 loops=1)
                          Filter: ((kind_id < 7) AND (production_year = 2004))
                          Rows Removed by Filter: 2500199
Planning time: 1.167 ms
Execution time: 17526.945 ms
