Seq Scan on movie_companies mc  (cost=0.00..57926.93 rows=1025835 width=0) (actual time=266.833..986.444 rows=737066 loops=1)
  Filter: ((company_id < 67072) AND (company_type_id = 2))
  Rows Removed by Filter: 1872063
Planning time: 0.395 ms
Execution time: 1078.930 ms
