Seq Scan on cast_info ci  (cost=0.00..705507.15 rows=29871536 width=0) (actual time=0.024..13656.118 rows=29981122 loops=1)
  Filter: (person_id > 603206)
  Rows Removed by Filter: 6263222
Planning time: 0.294 ms
Execution time: 17377.283 ms
