Hash Join  (cost=588152.89..2049523.50 rows=32805841 width=0) (actual time=15089.413..83911.311 rows=122899226 loops=1)
  Hash Cond: (ci.movie_id = t.id)
  ->  Seq Scan on cast_info ci  (cost=0.00..614943.12 rows=36225612 width=4) (actual time=0.023..14143.808 rows=36244344 loops=1)
  ->  Hash  (cost=550585.03..550585.03 rows=2289829 width=8) (actual time=15088.277..15088.277 rows=5273639 loops=1)
        Buckets: 131072 (originally 131072)  Batches: 128 (originally 32)  Memory Usage: 3073kB
        ->  Hash Join  (cost=78556.72..550585.03 rows=2289829 width=8) (actual time=2315.758..13719.823 rows=5273639 loops=1)
              Hash Cond: (mi.movie_id = t.id)
              ->  Seq Scan on movie_info mi  (cost=0.00..346232.03 rows=8673596 width=4) (actual time=840.894..6560.196 rows=8786582 loops=1)
                    Filter: (info_type_id < 13)
                    Rows Removed by Filter: 6049138
              ->  Hash  (cost=67604.59..67604.59 rows=667531 width=4) (actual time=1468.448..1468.448 rows=662825 loops=1)
                    Buckets: 131072  Batches: 16  Memory Usage: 2485kB
                    ->  Seq Scan on title t  (cost=0.00..67604.59 rows=667531 width=4) (actual time=0.034..1262.720 rows=662825 loops=1)
                          Filter: (kind_id < 2)
                          Rows Removed by Filter: 1865487
Planning time: 1.145 ms
Execution time: 97438.952 ms
