Hash Join  (cost=168327.02..518914.83 rows=1262 width=0) (actual time=5822.050..8667.489 rows=13763 loops=1)
  Hash Cond: (mi.movie_id = t.id)
  ->  Seq Scan on movie_info mi  (cost=0.00..346232.03 rows=1158179 width=4) (actual time=2730.307..5372.891 rows=1204709 loops=1)
        Filter: (info_type_id > 18)
        Rows Removed by Filter: 13631011
  ->  Hash  (cost=168292.57..168292.57 rows=2756 width=8) (actual time=3088.790..3088.790 rows=8048 loops=1)
        Buckets: 8192 (originally 4096)  Batches: 1 (originally 1)  Memory Usage: 379kB
        ->  Hash Join  (cost=73950.44..168292.57 rows=2756 width=8) (actual time=1144.454..3085.610 rows=8048 loops=1)
              Hash Cond: (mk.movie_id = t.id)
              ->  Seq Scan on movie_keyword mk  (cost=0.00..81003.12 rows=3549717 width=4) (actual time=0.031..1445.993 rows=3543931 loops=1)
                    Filter: (keyword_id > 917)
                    Rows Removed by Filter: 979999
              ->  Hash  (cost=73925.90..73925.90 rows=1963 width=4) (actual time=1144.354..1144.354 rows=2847 loops=1)
                    Buckets: 4096 (originally 2048)  Batches: 1 (originally 1)  Memory Usage: 133kB
                    ->  Seq Scan on title t  (cost=0.00..73925.90 rows=1963 width=4) (actual time=342.284..1142.920 rows=2847 loops=1)
                          Filter: ((kind_id = 1) AND (production_year = 1926))
                          Rows Removed by Filter: 2525465
Planning time: 0.740 ms
Execution time: 8669.551 ms
