Seq Scan on movie_keyword mk  (cost=0.00..81003.12 rows=246 width=0) (actual time=25.073..1337.583 rows=128 loops=1)
  Filter: (keyword_id = 13620)
  Rows Removed by Filter: 4523802
Planning time: 0.393 ms
Execution time: 1337.772 ms
