Seq Scan on movie_keyword mk  (cost=0.00..81003.12 rows=2549948 width=0) (actual time=0.024..1318.722 rows=2541273 loops=1)
  Filter: (keyword_id < 6368)
  Rows Removed by Filter: 1982657
Planning time: 0.305 ms
Execution time: 1625.807 ms
