Seq Scan on cast_info ci  (cost=0.00..705507.15 rows=500 width=0) (actual time=7971.698..10828.731 rows=206 loops=1)
  Filter: (person_id = 1309145)
  Rows Removed by Filter: 36244138
Planning time: 0.296 ms
Execution time: 10828.836 ms
