Hash Join  (cost=184273.96..315919.08 rows=511774 width=0) (actual time=4581.112..9909.188 rows=3707760 loops=1)
  Hash Cond: (mk.movie_id = t.id)
  ->  Seq Scan on movie_keyword mk  (cost=0.00..81003.12 rows=3822736 width=4) (actual time=0.031..1880.217 rows=3820132 loops=1)
        Filter: (keyword_id > 585)
        Rows Removed by Filter: 703798
  ->  Hash  (cost=178719.58..178719.58 rows=338510 width=8) (actual time=4577.990..4577.990 rows=644341 loops=1)
        Buckets: 131072 (originally 131072)  Batches: 16 (originally 8)  Memory Usage: 3073kB
        ->  Hash Join  (cost=102767.86..178719.58 rows=338510 width=8) (actual time=2795.555..4371.696 rows=644341 loops=1)
              Hash Cond: (mc.movie_id = t.id)
              ->  Seq Scan on movie_companies mc  (cost=0.00..57926.93 rows=338510 width=4) (actual time=299.926..922.132 rows=644341 loops=1)
                    Filter: ((company_id > 50679) AND (company_type_id = 2))
                    Rows Removed by Filter: 1964788
              ->  Hash  (cost=61283.27..61283.27 rows=2528527 width=4) (actual time=2494.529..2494.529 rows=2528312 loops=1)
                    Buckets: 131072  Batches: 64  Memory Usage: 2415kB
                    ->  Seq Scan on title t  (cost=0.00..61283.27 rows=2528527 width=4) (actual time=0.015..1083.041 rows=2528312 loops=1)
Planning time: 6.562 ms
Execution time: 10336.554 ms
