Nested Loop  (cost=0.43..111570.07 rows=4072 width=0) (actual time=0.142..1327.694 rows=6011 loops=1)
  ->  Seq Scan on movie_keyword mk  (cost=0.00..81003.12 rows=4072 width=4) (actual time=0.079..1175.182 rows=6011 loops=1)
        Filter: (keyword_id = 1732)
        Rows Removed by Filter: 4517919
  ->  Index Only Scan using title_pkey on title t  (cost=0.43..7.50 rows=1 width=4) (actual time=0.024..0.025 rows=1 loops=6011)
        Index Cond: (id = mk.movie_id)
        Heap Fetches: 6011
Planning time: 0.766 ms
Execution time: 1329.429 ms
