Seq Scan on title t  (cost=0.00..73925.90 rows=4532 width=0) (actual time=317.693..1150.437 rows=2043 loops=1)
  Filter: ((kind_id = 7) AND (production_year = 1950))
  Rows Removed by Filter: 2526269
Planning time: 0.368 ms
Execution time: 1151.202 ms
