Seq Scan on movie_keyword mk  (cost=0.00..81003.12 rows=246 width=0) (actual time=0.828..1247.189 rows=683 loops=1)
  Filter: (keyword_id = 1044)
  Rows Removed by Filter: 4523247
Planning time: 0.355 ms
Execution time: 1247.548 ms
