Hash Join  (cost=192536.22..314528.89 rows=924148 width=0) (actual time=6412.013..11685.927 rows=10690736 loops=1)
  Hash Cond: (mk.movie_id = t.id)
  ->  Seq Scan on movie_keyword mk  (cost=0.00..81003.12 rows=2419218 width=4) (actual time=0.017..1625.674 rows=2412300 loops=1)
        Filter: (keyword_id > 3836)
        Rows Removed by Filter: 2111630
  ->  Hash  (cost=176688.42..176688.42 rows=965904 width=8) (actual time=6410.989..6410.989 rows=1229638 loops=1)
        Buckets: 131072  Batches: 16  Memory Usage: 4062kB
        ->  Hash Join  (cost=88359.31..176688.42 rows=965904 width=8) (actual time=2584.870..6016.493 rows=1229638 loops=1)
              Hash Cond: (mc.movie_id = t.id)
              ->  Seq Scan on movie_companies mc  (cost=0.00..51404.11 rows=1930655 width=4) (actual time=0.023..1163.928 rows=1925297 loops=1)
                    Filter: (company_id < 48054)
                    Rows Removed by Filter: 683832
              ->  Hash  (cost=67604.59..67604.59 rows=1265018 width=4) (actual time=2583.730..2583.730 rows=1263700 loops=1)
                    Buckets: 131072  Batches: 32  Memory Usage: 2410kB
                    ->  Seq Scan on title t  (cost=0.00..67604.59 rows=1265018 width=4) (actual time=0.015..1352.239 rows=1263700 loops=1)
                          Filter: (production_year < 2004)
                          Rows Removed by Filter: 1264612
Planning time: 2.513 ms
Execution time: 12908.863 ms
