Hash Join  (cost=98969.27..1159577.84 rows=12900932 width=0) (actual time=1937.634..29245.456 rows=12979259 loops=1)
  Hash Cond: (ci.movie_id = t.id)
  ->  Seq Scan on cast_info ci  (cost=0.00..705507.15 rows=17063220 width=4) (actual time=40.843..14191.285 rows=16941639 loops=1)
        Filter: (person_id < 1674365)
        Rows Removed by Filter: 19302705
  ->  Hash  (cost=67604.59..67604.59 rows=1911735 width=4) (actual time=1852.494..1852.494 rows=1903258 loops=1)
        Buckets: 131072  Batches: 32  Memory Usage: 3122kB
        ->  Seq Scan on title t  (cost=0.00..67604.59 rows=1911735 width=4) (actual time=0.034..1248.014 rows=1903258 loops=1)
              Filter: (production_year > 1982)
              Rows Removed by Filter: 625054
Planning time: 0.764 ms
Execution time: 30844.649 ms
