Hash Join  (cost=128357.24..215467.45 rows=45217 width=0) (actual time=2226.992..4103.553 rows=71456 loops=1)
  Hash Cond: (mk.movie_id = t.id)
  ->  Seq Scan on movie_keyword mk  (cost=0.00..69693.30 rows=4523930 width=4) (actual time=0.025..1043.100 rows=4523930 loops=1)
  ->  Hash  (cost=128041.33..128041.33 rows=25273 width=8) (actual time=2225.611..2225.611 rows=6526 loops=1)
        Buckets: 32768  Batches: 1  Memory Usage: 511kB
        ->  Hash Join  (cost=69484.36..128041.33 rows=25273 width=8) (actual time=1341.992..2223.560 rows=6526 loops=1)
              Hash Cond: (mc.movie_id = t.id)
              ->  Seq Scan on movie_companies mc  (cost=0.00..51404.11 rows=557899 width=4) (actual time=0.024..777.366 rows=552862 loops=1)
                    Filter: (company_id < 575)
                    Rows Removed by Filter: 2056267
              ->  Hash  (cost=67604.59..67604.59 rows=114542 width=4) (actual time=1092.974..1092.974 rows=118234 loops=1)
                    Buckets: 131072  Batches: 2  Memory Usage: 3101kB
                    ->  Seq Scan on title t  (cost=0.00..67604.59 rows=114542 width=4) (actual time=54.007..1052.445 rows=118234 loops=1)
                          Filter: (kind_id = 4)
                          Rows Removed by Filter: 2410078
Planning time: 1.001 ms
Execution time: 4113.165 ms
