Hash Join  (cost=210704.41..1170952.78 rows=6353834 width=0) (actual time=8536.084..31024.426 rows=15942829 loops=1)
  Hash Cond: (ci.movie_id = t.id)
  ->  Seq Scan on cast_info ci  (cost=0.00..705507.15 rows=16201301 width=4) (actual time=4027.947..14780.283 rows=16121683 loops=1)
        Filter: (role_id > 2)
        Rows Removed by Filter: 20122661
  ->  Hash  (cost=194434.93..194434.93 rows=991639 width=8) (actual time=4507.197..4507.197 rows=851963 loops=1)
        Buckets: 131072  Batches: 16  Memory Usage: 3089kB
        ->  Hash Join  (cost=102767.86..194434.93 rows=991639 width=8) (actual time=2278.733..4270.432 rows=851963 loops=1)
              Hash Cond: (mc.movie_id = t.id)
              ->  Seq Scan on movie_companies mc  (cost=0.00..57926.93 rows=991639 width=4) (actual time=303.000..1135.235 rows=851963 loops=1)
                    Filter: ((company_id > 657) AND (company_type_id = 1))
                    Rows Removed by Filter: 1757166
              ->  Hash  (cost=61283.27..61283.27 rows=2528527 width=4) (actual time=1974.859..1974.859 rows=2528312 loops=1)
                    Buckets: 131072  Batches: 64  Memory Usage: 2415kB
                    ->  Seq Scan on title t  (cost=0.00..61283.27 rows=2528527 width=4) (actual time=0.082..1123.094 rows=2528312 loops=1)
Planning time: 1.144 ms
Execution time: 32808.160 ms
