Hash Join  (cost=83810.17..901460.60 rows=447466 width=0) (actual time=1586.306..13766.471 rows=277268 loops=1)
  Hash Cond: (ci.movie_id = t.id)
  ->  Seq Scan on cast_info ci  (cost=0.00..796071.18 rows=1145489 width=4) (actual time=200.268..11822.827 rows=562523 loops=1)
        Filter: ((person_id < 409628) AND (role_id > 4))
        Rows Removed by Filter: 35681821
  ->  Hash  (cost=67604.59..67604.59 rows=987727 width=4) (actual time=1385.276..1385.276 rows=985048 loops=1)
        Buckets: 131072  Batches: 16  Memory Usage: 3188kB
        ->  Seq Scan on title t  (cost=0.00..67604.59 rows=987727 width=4) (actual time=0.031..1084.947 rows=985048 loops=1)
              Filter: (kind_id < 7)
              Rows Removed by Filter: 1543264
Planning time: 0.717 ms
Execution time: 13800.901 ms
