Hash Join  (cost=96023.02..188177.92 rows=37740 width=0) (actual time=1869.317..3821.250 rows=194993 loops=1)
  Hash Cond: (mk.movie_id = t.id)
  ->  Seq Scan on movie_keyword mk  (cost=0.00..81003.12 rows=2873165 width=4) (actual time=0.031..1469.855 rows=2860680 loops=1)
        Filter: (keyword_id > 2549)
        Rows Removed by Filter: 1663250
  ->  Hash  (cost=95607.86..95607.86 rows=33213 width=8) (actual time=1868.887..1868.887 rows=41527 loops=1)
        Buckets: 65536  Batches: 1  Memory Usage: 2135kB
        ->  Hash Join  (cost=68365.25..95607.86 rows=33213 width=8) (actual time=1209.079..1854.209 rows=41527 loops=1)
              Hash Cond: (mi_idx.movie_id = t.id)
              ->  Seq Scan on movie_info_idx mi_idx  (cost=0.00..21735.35 rows=1380035 width=4) (actual time=0.018..279.036 rows=1380035 loops=1)
              ->  Hash  (cost=67604.59..67604.59 rows=60853 width=4) (actual time=1208.695..1208.695 rows=62568 loops=1)
                    Buckets: 65536  Batches: 1  Memory Usage: 2712kB
                    ->  Seq Scan on title t  (cost=0.00..67604.59 rows=60853 width=4) (actual time=0.029..1179.745 rows=62568 loops=1)
                          Filter: (production_year = 2002)
                          Rows Removed by Filter: 2465744
Planning time: 4.985 ms
Execution time: 3845.255 ms
