Seq Scan on cast_info ci  (cost=0.00..796071.18 rows=435 width=0) (actual time=5124.487..14394.878 rows=41 loops=1)
  Filter: ((role_id < 10) AND (person_id = 100597))
  Rows Removed by Filter: 36244303
Planning time: 0.377 ms
Execution time: 14395.005 ms
