Hash Join  (cost=153931.00..527411.63 rows=11535 width=0) (actual time=3352.473..9928.305 rows=134713 loops=1)
  Hash Cond: (mi.movie_id = t.id)
  ->  Seq Scan on movie_info mi  (cost=0.00..346232.03 rows=7235534 width=4) (actual time=722.432..6115.208 rows=7286865 loops=1)
        Filter: (info_type_id < 8)
        Rows Removed by Filter: 7548855
  ->  Hash  (cost=153880.61..153880.61 rows=4031 width=8) (actual time=2608.181..2608.181 rows=10023 loops=1)
        Buckets: 16384 (originally 4096)  Batches: 1 (originally 1)  Memory Usage: 520kB
        ->  Hash Join  (cost=67697.55..153880.61 rows=4031 width=8) (actual time=1023.456..2604.298 rows=10023 loops=1)
              Hash Cond: (mk.movie_id = t.id)
              ->  Seq Scan on movie_keyword mk  (cost=0.00..81003.12 rows=1370567 width=4) (actual time=0.042..1338.568 rows=1386579 loops=1)
                    Filter: (keyword_id > 12029)
                    Rows Removed by Filter: 3137351
              ->  Hash  (cost=67604.59..67604.59 rows=7437 width=4) (actual time=1022.940..1022.940 rows=14428 loops=1)
                    Buckets: 16384 (originally 8192)  Batches: 1 (originally 1)  Memory Usage: 636kB
                    ->  Seq Scan on title t  (cost=0.00..67604.59 rows=7437 width=4) (actual time=0.029..1015.812 rows=14428 loops=1)
                          Filter: (production_year = 1978)
                          Rows Removed by Filter: 2513884
Planning time: 0.802 ms
Execution time: 9948.686 ms
