Hash Join  (cost=89472.60..136038.83 rows=517174 width=0) (actual time=1984.763..3004.343 rows=290145 loops=1)
  Hash Cond: (mi_idx.movie_id = t.id)
  ->  Seq Scan on movie_info_idx mi_idx  (cost=0.00..21735.35 rows=1380035 width=4) (actual time=0.018..455.573 rows=1380035 loops=1)
  ->  Hash  (cost=73925.90..73925.90 rows=947576 width=4) (actual time=1687.648..1687.648 rows=876037 loops=1)
        Buckets: 131072  Batches: 16  Memory Usage: 2949kB
        ->  Seq Scan on title t  (cost=0.00..73925.90 rows=947576 width=4) (actual time=0.023..1392.309 rows=876037 loops=1)
              Filter: ((production_year < 2007) AND (kind_id = 7))
              Rows Removed by Filter: 1652275
Planning time: 0.783 ms
Execution time: 3042.126 ms
