Hash Join  (cost=74300.43..440702.89 rows=174653 width=0) (actual time=1107.401..9850.115 rows=127131 loops=1)
  Hash Cond: (mi.movie_id = t.id)
  ->  Seq Scan on movie_info mi  (cost=0.00..309384.22 rows=14739122 width=4) (actual time=0.011..4551.108 rows=14835720 loops=1)
  ->  Hash  (cost=73925.90..73925.90 rows=29962 width=4) (actual time=1107.051..1107.051 rows=32487 loops=1)
        Buckets: 32768  Batches: 1  Memory Usage: 1399kB
        ->  Seq Scan on title t  (cost=0.00..73925.90 rows=29962 width=4) (actual time=0.080..1093.038 rows=32487 loops=1)
              Filter: ((kind_id > 1) AND (production_year = 1997))
              Rows Removed by Filter: 2495825
Planning time: 1.414 ms
Execution time: 9870.509 ms
