Seq Scan on movie_keyword mk  (cost=0.00..81003.12 rows=246 width=0) (actual time=0.598..1311.706 rows=159 loops=1)
  Filter: (keyword_id = 1695)
  Rows Removed by Filter: 4523771
Planning time: 0.256 ms
Execution time: 1311.887 ms
