Hash Join  (cost=102767.86..954771.51 rows=1913875 width=0) (actual time=2189.928..17021.041 rows=3878730 loops=1)
  Hash Cond: (ci.movie_id = t.id)
  ->  Seq Scan on cast_info ci  (cost=0.00..796071.18 rows=1913875 width=4) (actual time=217.940..11491.107 rows=3878730 loops=1)
        Filter: ((person_id < 517940) AND (role_id = 1))
        Rows Removed by Filter: 32365614
  ->  Hash  (cost=61283.27..61283.27 rows=2528527 width=4) (actual time=1970.763..1970.763 rows=2528312 loops=1)
        Buckets: 131072  Batches: 64  Memory Usage: 2415kB
        ->  Seq Scan on title t  (cost=0.00..61283.27 rows=2528527 width=4) (actual time=0.022..1124.997 rows=2528312 loops=1)
Planning time: 0.737 ms
Execution time: 17450.430 ms
