Hash Join  (cost=134416.46..214563.26 rows=369728 width=0) (actual time=2858.442..4953.192 rows=394644 loops=1)
  Hash Cond: (mc.movie_id = t.id)
  ->  Seq Scan on movie_companies mc  (cost=0.00..44881.29 rows=2609129 width=4) (actual time=0.014..928.485 rows=2609129 loops=1)
  ->  Hash  (cost=128537.63..128537.63 rows=358306 width=8) (actual time=2857.187..2857.187 rows=198525 loops=1)
        Buckets: 131072  Batches: 8  Memory Usage: 2004kB
        ->  Hash Join  (cost=84697.09..128537.63 rows=358306 width=8) (actual time=1532.594..2798.369 rows=198525 loops=1)
              Hash Cond: (mi_idx.movie_id = t.id)
              ->  Seq Scan on movie_info_idx mi_idx  (cost=0.00..21735.35 rows=1380035 width=4) (actual time=0.025..522.464 rows=1380035 loops=1)
              ->  Hash  (cost=73925.90..73925.90 rows=656495 width=4) (actual time=1531.780..1531.780 rows=556797 loops=1)
                    Buckets: 131072  Batches: 16  Memory Usage: 2246kB
                    ->  Seq Scan on title t  (cost=0.00..73925.90 rows=656495 width=4) (actual time=0.032..1333.643 rows=556797 loops=1)
                          Filter: ((production_year < 2001) AND (kind_id = 7))
                          Rows Removed by Filter: 1971515
Planning time: 1.135 ms
Execution time: 4996.402 ms
