Hash Join  (cost=163112.67..191948.53 rows=20396 width=0) (actual time=3862.994..4696.579 rows=131193 loops=1)
  Hash Cond: (mi_idx.movie_id = t.id)
  ->  Seq Scan on movie_info_idx mi_idx  (cost=0.00..25185.44 rows=919057 width=4) (actual time=0.019..495.544 rows=920110 loops=1)
        Filter: (info_type_id > 99)
        Rows Removed by Filter: 459925
  ->  Hash  (cost=162411.26..162411.26 rows=56113 width=8) (actual time=3862.503..3862.503 rows=95270 loops=1)
        Buckets: 131072 (originally 65536)  Batches: 2 (originally 1)  Memory Usage: 3073kB
        ->  Hash Join  (cost=75570.05..162411.26 rows=56113 width=8) (actual time=1248.372..3824.815 rows=95270 loops=1)
              Hash Cond: (mk.movie_id = t.id)
              ->  Seq Scan on movie_keyword mk  (cost=0.00..81003.12 rows=292255 width=4) (actual time=0.015..1474.147 rows=311486 loops=1)
                    Filter: (keyword_id < 249)
                    Rows Removed by Filter: 4212444
              ->  Hash  (cost=67604.59..67604.59 rows=485477 width=4) (actual time=1247.724..1247.724 rows=479601 loops=1)
                    Buckets: 131072  Batches: 8  Memory Usage: 3131kB
                    ->  Seq Scan on title t  (cost=0.00..67604.59 rows=485477 width=4) (actual time=0.013..1089.039 rows=479601 loops=1)
                          Filter: (production_year < 1978)
                          Rows Removed by Filter: 2048711
Planning time: 1.180 ms
Execution time: 4716.730 ms
