Hash Join  (cost=89677.01..629194.08 rows=5596015 width=0) (actual time=1667.224..17977.211 rows=10819050 loops=1)
  Hash Cond: (mi.movie_id = t.id)
  ->  Seq Scan on movie_info mi  (cost=0.00..309384.22 rows=14739122 width=4) (actual time=0.023..6053.586 rows=14835720 loops=1)
  ->  Hash  (cost=73925.90..73925.90 rows=960008 width=4) (actual time=1663.691..1663.691 rows=974400 loops=1)
        Buckets: 131072  Batches: 16  Memory Usage: 3174kB
        ->  Seq Scan on title t  (cost=0.00..73925.90 rows=960008 width=4) (actual time=0.018..1356.273 rows=974400 loops=1)
              Filter: ((kind_id < 7) AND (production_year < 2014))
              Rows Removed by Filter: 1553912
Planning time: 0.776 ms
Execution time: 19086.687 ms
