Hash Join  (cost=120819.44..245412.39 rows=212591 width=0) (actual time=2426.054..6273.888 rows=2633286 loops=1)
  Hash Cond: (mk.movie_id = t.id)
  ->  Seq Scan on movie_keyword mk  (cost=0.00..69693.30 rows=4523930 width=4) (actual time=0.022..1454.018 rows=4523930 loops=1)
  ->  Hash  (cost=118869.17..118869.17 rows=118822 width=8) (actual time=2424.290..2424.290 rows=252922 loops=1)
        Buckets: 131072 (originally 131072)  Batches: 4 (originally 2)  Memory Usage: 3509kB
        ->  Hash Join  (cost=84618.84..118869.17 rows=118822 width=8) (actual time=1420.500..2336.700 rows=252922 loops=1)
              Hash Cond: (mi_idx.movie_id = t.id)
              ->  Seq Scan on movie_info_idx mi_idx  (cost=0.00..25185.44 rows=460978 width=4) (actual time=0.015..446.390 rows=459925 loops=1)
                    Filter: (info_type_id = 99)
                    Rows Removed by Filter: 920110
              ->  Hash  (cost=73925.90..73925.90 rows=651755 width=4) (actual time=1419.631..1419.631 rows=711179 loops=1)
                    Buckets: 131072  Batches: 16  Memory Usage: 2590kB
                    ->  Seq Scan on title t  (cost=0.00..73925.90 rows=651755 width=4) (actual time=0.037..1189.108 rows=711179 loops=1)
                          Filter: ((kind_id < 7) AND (production_year < 2008))
                          Rows Removed by Filter: 1817133
Planning time: 1.131 ms
Execution time: 6593.390 ms
