Nested Loop  (cost=32814.54..830895.05 rows=43 width=0) (actual time=8059.572..15312.751 rows=877 loops=1)
  Join Filter: (ci.movie_id = t.id)
  ->  Hash Join  (cost=32814.11..830765.91 rows=152 width=8) (actual time=8059.503..15290.589 rows=879 loops=1)
        Hash Cond: (ci.movie_id = mi_idx.movie_id)
        ->  Seq Scan on cast_info ci  (cost=0.00..796071.18 rows=332 width=4) (actual time=4546.921..14546.920 rows=1072 loops=1)
              Filter: ((role_id < 4) AND (person_id = 1873865))
              Rows Removed by Filter: 36243272
        ->  Hash  (cost=25185.44..25185.44 rows=464934 width=4) (actual time=657.677..657.677 rows=460185 loops=1)
              Buckets: 131072  Batches: 8  Memory Usage: 3051kB
              ->  Seq Scan on movie_info_idx mi_idx  (cost=0.00..25185.44 rows=464934 width=4) (actual time=0.034..516.359 rows=460185 loops=1)
                    Filter: (info_type_id > 100)
                    Rows Removed by Filter: 919850
  ->  Index Scan using title_pkey on title t  (cost=0.43..0.84 rows=1 width=4) (actual time=0.024..0.024 rows=1 loops=879)
        Index Cond: (id = mi_idx.movie_id)
        Filter: (production_year < 2009)
        Rows Removed by Filter: 0
Planning time: 1.302 ms
Execution time: 15313.384 ms
