Seq Scan on movie_companies mc  (cost=0.00..57926.93 rows=53 width=0) (actual time=341.595..901.435 rows=17 loops=1)
  Filter: ((company_type_id > 1) AND (company_id = 40195))
  Rows Removed by Filter: 2609112
Planning time: 0.374 ms
Execution time: 901.545 ms
