Hash Join  (cost=483811.61..1333222.39 rows=2462762 width=0) (actual time=8312.384..29569.652 rows=14013366 loops=1)
  Hash Cond: (ci.movie_id = t.id)
  ->  Seq Scan on cast_info ci  (cost=0.00..705507.15 rows=10107469 width=4) (actual time=0.019..13276.612 rows=10131348 loops=1)
        Filter: (person_id > 2702714)
        Rows Removed by Filter: 26112996
  ->  Hash  (cost=473703.43..473703.43 rows=616095 width=8) (actual time=8311.443..8311.443 rows=598457 loops=1)
        Buckets: 131072  Batches: 16  Memory Usage: 2474kB
        ->  Hash Join  (cost=102767.86..473703.43 rows=616095 width=8) (actual time=5420.746..8154.590 rows=598457 loops=1)
              Hash Cond: (mi.movie_id = t.id)
              ->  Seq Scan on movie_info mi  (cost=0.00..346232.03 rows=616095 width=4) (actual time=3332.197..5292.060 rows=598457 loops=1)
                    Filter: (info_type_id = 15)
                    Rows Removed by Filter: 14237263
              ->  Hash  (cost=61283.27..61283.27 rows=2528527 width=4) (actual time=2041.626..2041.626 rows=2528312 loops=1)
                    Buckets: 131072  Batches: 64  Memory Usage: 2425kB
                    ->  Seq Scan on title t  (cost=0.00..61283.27 rows=2528527 width=4) (actual time=0.018..1164.357 rows=2528312 loops=1)
Planning time: 4.801 ms
Execution time: 31128.824 ms
