Hash Join  (cost=203967.11..272453.60 rows=129019 width=0) (actual time=5477.040..7060.357 rows=1225604 loops=1)
  Hash Cond: (mc.movie_id = t.id)
  ->  Seq Scan on movie_companies mc  (cost=0.00..51404.11 rows=1279517 width=4) (actual time=363.485..1124.095 rows=1274246 loops=1)
        Filter: (company_type_id < 2)
        Rows Removed by Filter: 1334883
  ->  Hash  (cost=199784.10..199784.10 rows=254961 width=8) (actual time=5112.777..5112.777 rows=272446 loops=1)
        Buckets: 131072  Batches: 4  Memory Usage: 3702kB
        ->  Hash Join  (cost=102767.86..199784.10 rows=254961 width=8) (actual time=1986.451..5029.664 rows=272446 loops=1)
              Hash Cond: (mk.movie_id = t.id)
              ->  Seq Scan on movie_keyword mk  (cost=0.00..81003.12 rows=254961 width=4) (actual time=0.039..1562.889 rows=272446 loops=1)
                    Filter: (keyword_id < 231)
                    Rows Removed by Filter: 4251484
              ->  Hash  (cost=61283.27..61283.27 rows=2528527 width=4) (actual time=1984.131..1984.131 rows=2528312 loops=1)
                    Buckets: 131072  Batches: 64  Memory Usage: 2425kB
                    ->  Seq Scan on title t  (cost=0.00..61283.27 rows=2528527 width=4) (actual time=0.016..1102.815 rows=2528312 loops=1)
Planning time: 1.159 ms
Execution time: 7192.005 ms
