Hash Join  (cost=890091.75..3343283.85 rows=109254031 width=0) (actual time=20287.586..78360.670 rows=99078138 loops=1)
  Hash Cond: (ci.movie_id = t.id)
  ->  Seq Scan on cast_info ci  (cost=0.00..705507.15 rows=25465699 width=4) (actual time=0.024..15667.977 rows=25630354 loops=1)
        Filter: (person_id > 1041853)
        Rows Removed by Filter: 10613990
  ->  Hash  (cost=712116.82..712116.82 rows=10847995 width=8) (actual time=20283.560..20283.560 rows=6534671 loops=1)
        Buckets: 131072  Batches: 256  Memory Usage: 1993kB
        ->  Hash Join  (cost=98137.04..712116.82 rows=10847995 width=8) (actual time=1971.317..18055.631 rows=6534671 loops=1)
              Hash Cond: (mi.movie_id = t.id)
              ->  Seq Scan on movie_info mi  (cost=0.00..309384.22 rows=14739122 width=4) (actual time=0.019..6123.892 rows=14835720 loops=1)
              ->  Hash  (cost=67604.59..67604.59 rows=1860996 width=4) (actual time=1970.422..1970.422 rows=1865487 loops=1)
                    Buckets: 131072  Batches: 32  Memory Usage: 3085kB
                    ->  Seq Scan on title t  (cost=0.00..67604.59 rows=1860996 width=4) (actual time=0.015..1335.686 rows=1865487 loops=1)
                          Filter: (kind_id > 1)
                          Rows Removed by Filter: 662825
Planning time: 1.188 ms
Execution time: 90011.262 ms
