Hash Join  (cost=709677.30..1060966.61 rows=177 width=0) (actual time=11416.535..16303.793 rows=21 loops=1)
  Hash Cond: (mi.movie_id = t.id)
  ->  Seq Scan on movie_info mi  (cost=0.00..346232.03 rows=1348138 width=4) (actual time=167.971..5085.421 rows=1298989 loops=1)
        Filter: (info_type_id = 4)
        Rows Removed by Filter: 13536731
  ->  Hash  (cost=709673.15..709673.15 rows=332 width=8) (actual time=11008.158..11008.158 rows=520 loops=1)
        Buckets: 1024  Batches: 1  Memory Usage: 29kB
        ->  Nested Loop  (cost=0.43..709673.15 rows=332 width=8) (actual time=7220.273..11007.895 rows=520 loops=1)
              ->  Seq Scan on cast_info ci  (cost=0.00..705507.15 rows=500 width=4) (actual time=7220.196..11000.976 rows=522 loops=1)
                    Filter: (person_id = 1507299)
                    Rows Removed by Filter: 36243822
              ->  Index Scan using title_pkey on title t  (cost=0.43..8.32 rows=1 width=4) (actual time=0.012..0.013 rows=1 loops=522)
                    Index Cond: (id = ci.movie_id)
                    Filter: (production_year > 1993)
                    Rows Removed by Filter: 0
Planning time: 0.808 ms
Execution time: 16303.921 ms
