Seq Scan on movie_keyword mk  (cost=0.00..81003.12 rows=599192 width=0) (actual time=0.021..1385.448 rows=600552 loops=1)
  Filter: (keyword_id > 30627)
  Rows Removed by Filter: 3923378
Planning time: 0.313 ms
Execution time: 1461.452 ms
