Hash Join  (cost=156487.41..254117.60 rows=201904 width=0) (actual time=3631.151..6030.190 rows=811224 loops=1)
  Hash Cond: (mk.movie_id = t.id)
  ->  Seq Scan on movie_keyword mk  (cost=0.00..81003.12 rows=1107472 width=4) (actual time=0.035..1616.189 rows=1116004 loops=1)
        Filter: (keyword_id < 1164)
        Rows Removed by Filter: 3407926
  ->  Hash  (cost=148924.19..148924.19 rows=460978 width=8) (actual time=3630.339..3630.339 rows=459925 loops=1)
        Buckets: 131072  Batches: 8  Memory Usage: 3284kB
        ->  Hash Join  (cost=102767.86..148924.19 rows=460978 width=8) (actual time=1859.324..3233.007 rows=459925 loops=1)
              Hash Cond: (mi_idx.movie_id = t.id)
              ->  Seq Scan on movie_info_idx mi_idx  (cost=0.00..25185.44 rows=460978 width=4) (actual time=0.022..513.313 rows=459925 loops=1)
                    Filter: (info_type_id = 99)
                    Rows Removed by Filter: 920110
              ->  Hash  (cost=61283.27..61283.27 rows=2528527 width=4) (actual time=1858.329..1858.329 rows=2528312 loops=1)
                    Buckets: 131072  Batches: 64  Memory Usage: 2415kB
                    ->  Seq Scan on title t  (cost=0.00..61283.27 rows=2528527 width=4) (actual time=0.017..1060.881 rows=2528312 loops=1)
Planning time: 1.077 ms
Execution time: 6130.851 ms
