Seq Scan on movie_keyword mk  (cost=0.00..81003.12 rows=2099253 width=0) (actual time=0.025..1609.029 rows=2097861 loops=1)
  Filter: (keyword_id > 5740)
  Rows Removed by Filter: 2426069
Planning time: 0.303 ms
Execution time: 1872.235 ms
