Hash Join  (cost=74449.67..195532.70 rows=480147 width=0) (actual time=2040.344..5328.247 rows=677968 loops=1)
  Hash Cond: (mk.movie_id = t.id)
  ->  Seq Scan on movie_keyword mk  (cost=0.00..81003.12 rows=2909982 width=4) (actual time=0.015..1599.039 rows=2898358 loops=1)
        Filter: (keyword_id < 9215)
        Rows Removed by Filter: 1625572
  ->  Hash  (cost=67604.59..67604.59 rows=417207 width=4) (actual time=2039.668..2039.668 rows=409495 loops=1)
        Buckets: 131072  Batches: 8  Memory Usage: 2827kB
        ->  Seq Scan on title t  (cost=0.00..67604.59 rows=417207 width=4) (actual time=0.025..1184.676 rows=409495 loops=1)
              Filter: (production_year < 1973)
              Rows Removed by Filter: 2118817
Planning time: 0.713 ms
Execution time: 5414.550 ms
