Hash Join  (cost=155827.62..650307.06 rows=1375151 width=0) (actual time=3273.504..24862.006 rows=32892753 loops=1)
  Hash Cond: (mi.movie_id = t.id)
  ->  Seq Scan on movie_info mi  (cost=0.00..309384.22 rows=14739122 width=4) (actual time=0.019..6121.727 rows=14835720 loops=1)
  ->  Hash  (cost=151956.74..151956.74 rows=235910 width=8) (actual time=3272.804..3272.804 rows=593444 loops=1)
        Buckets: 131072 (originally 131072)  Batches: 8 (originally 4)  Memory Usage: 4014kB
        ->  Hash Join  (cost=81575.34..151956.74 rows=235910 width=8) (actual time=1359.987..3110.423 rows=593444 loops=1)
              Hash Cond: (mc.movie_id = t.id)
              ->  Seq Scan on movie_companies mc  (cost=0.00..51404.11 rows=1279517 width=4) (actual time=0.009..955.054 rows=1274246 loops=1)
                    Filter: (company_type_id = 1)
                    Rows Removed by Filter: 1334883
              ->  Hash  (cost=73925.90..73925.90 rows=466195 width=4) (actual time=1359.238..1359.238 rows=516974 loops=1)
                    Buckets: 131072  Batches: 8  Memory Usage: 3310kB
                    ->  Seq Scan on title t  (cost=0.00..73925.90 rows=466195 width=4) (actual time=0.014..1204.868 rows=516974 loops=1)
                          Filter: ((kind_id < 3) AND (production_year < 2007))
                          Rows Removed by Filter: 2011338
Planning time: 1.056 ms
Execution time: 28736.414 ms
