Hash Join  (cost=128695.20..861657.33 rows=8653 width=0) (actual time=5578.687..16865.854 rows=57796 loops=1)
  Hash Cond: (ci.movie_id = t.id)
  ->  Seq Scan on cast_info ci  (cost=0.00..705507.15 rows=7298253 width=4) (actual time=3361.185..13273.293 rows=7451973 loops=1)
        Filter: (role_id = 2)
        Rows Removed by Filter: 28792371
  ->  Hash  (cost=128657.72..128657.72 rows=2998 width=8) (actual time=2217.097..2217.097 rows=11780 loops=1)
        Buckets: 16384 (originally 4096)  Batches: 1 (originally 1)  Memory Usage: 589kB
        ->  Hash Join  (cost=73962.22..128657.72 rows=2998 width=8) (actual time=1066.203..2212.182 rows=11780 loops=1)
              Hash Cond: (mc.movie_id = t.id)
              ->  Seq Scan on movie_companies mc  (cost=0.00..44881.29 rows=2609129 width=4) (actual time=0.015..602.667 rows=2609129 loops=1)
              ->  Hash  (cost=73925.90..73925.90 rows=2905 width=4) (actual time=1065.823..1065.823 rows=6196 loops=1)
                    Buckets: 8192 (originally 4096)  Batches: 1 (originally 1)  Memory Usage: 282kB
                    ->  Seq Scan on title t  (cost=0.00..73925.90 rows=2905 width=4) (actual time=0.139..1062.632 rows=6196 loops=1)
                          Filter: ((kind_id < 7) AND (production_year = 1975))
                          Rows Removed by Filter: 2522116
Planning time: 1.213 ms
Execution time: 16874.704 ms
