Hash Join  (cost=214800.25..364137.78 rows=2243650 width=0) (actual time=4700.586..13764.511 rows=18341808 loops=1)
  Hash Cond: (mk.movie_id = t.id)
  ->  Seq Scan on movie_keyword mk  (cost=0.00..69693.30 rows=4523930 width=4) (actual time=0.011..1524.984 rows=4523930 loops=1)
  ->  Hash  (cost=194225.91..194225.91 rows=1254027 width=8) (actual time=4699.590..4699.590 rows=1244515 loops=1)
        Buckets: 131072  Batches: 32  Memory Usage: 2565kB
        ->  Hash Join  (cost=102767.86..194225.91 rows=1254027 width=8) (actual time=1946.712..4339.806 rows=1244515 loops=1)
              Hash Cond: (mc.movie_id = t.id)
              ->  Seq Scan on movie_companies mc  (cost=0.00..51404.11 rows=1254027 width=4) (actual time=0.018..986.027 rows=1244515 loops=1)
                    Filter: (company_id < 11149)
                    Rows Removed by Filter: 1364614
              ->  Hash  (cost=61283.27..61283.27 rows=2528527 width=4) (actual time=1944.871..1944.871 rows=2528312 loops=1)
                    Buckets: 131072  Batches: 64  Memory Usage: 2415kB
                    ->  Seq Scan on title t  (cost=0.00..61283.27 rows=2528527 width=4) (actual time=0.010..1086.556 rows=2528312 loops=1)
Planning time: 0.748 ms
Execution time: 15847.068 ms
