Hash Join  (cost=273247.90..825636.56 rows=7674207 width=0) (actual time=6554.953..21397.010 rows=12278039 loops=1)
  Hash Cond: (mi.movie_id = t.id)
  ->  Seq Scan on movie_info mi  (cost=0.00..346232.03 rows=9476311 width=4) (actual time=180.651..7138.373 rows=9565151 loops=1)
        Filter: (info_type_id < 16)
        Rows Removed by Filter: 5270569
  ->  Hash  (cost=239652.91..239652.91 rows=2047679 width=8) (actual time=6373.517..6373.517 rows=1143082 loops=1)
        Buckets: 131072  Batches: 32  Memory Usage: 2403kB
        ->  Hash Join  (cost=92703.08..239652.91 rows=2047679 width=8) (actual time=2061.319..6014.734 rows=1143082 loops=1)
              Hash Cond: (mk.movie_id = t.id)
              ->  Seq Scan on movie_keyword mk  (cost=0.00..69693.30 rows=4523930 width=4) (actual time=0.026..1529.548 rows=4523930 loops=1)
              ->  Hash  (cost=73925.90..73925.90 rows=1144494 width=4) (actual time=2060.347..2060.347 rows=1095581 loops=1)
                    Buckets: 131072  Batches: 16  Memory Usage: 3443kB
                    ->  Seq Scan on title t  (cost=0.00..73925.90 rows=1144494 width=4) (actual time=0.029..1424.925 rows=1095581 loops=1)
                          Filter: ((kind_id > 1) AND (production_year < 2007))
                          Rows Removed by Filter: 1432731
Planning time: 1.154 ms
Execution time: 22857.064 ms
