Hash Join  (cost=174251.31..1161120.02 rows=925625 width=0) (actual time=3252.809..32367.686 rows=6083883 loops=1)
  Hash Cond: (ci.movie_id = t.id)
  ->  Seq Scan on cast_info ci  (cost=0.00..705507.15 rows=23499554 width=4) (actual time=0.022..16266.606 rows=23573656 loops=1)
        Filter: (role_id > 1)
        Rows Removed by Filter: 12670688
  ->  Hash  (cost=172616.36..172616.36 rows=99596 width=8) (actual time=3252.011..3252.011 rows=232074 loops=1)
        Buckets: 131072 (originally 131072)  Batches: 4 (originally 2)  Memory Usage: 3296kB
        ->  Hash Join  (cost=83810.17..172616.36 rows=99596 width=8) (actual time=1442.586..3183.435 rows=232074 loops=1)
              Hash Cond: (mk.movie_id = t.id)
              ->  Seq Scan on movie_keyword mk  (cost=0.00..81003.12 rows=254961 width=4) (actual time=0.016..1382.847 rows=272446 loops=1)
                    Filter: (keyword_id < 231)
                    Rows Removed by Filter: 4251484
              ->  Hash  (cost=67604.59..67604.59 rows=987727 width=4) (actual time=1441.598..1441.598 rows=985048 loops=1)
                    Buckets: 131072  Batches: 16  Memory Usage: 3197kB
                    ->  Seq Scan on title t  (cost=0.00..67604.59 rows=987727 width=4) (actual time=0.033..1135.260 rows=985048 loops=1)
                          Filter: (kind_id < 7)
                          Rows Removed by Filter: 1543264
Planning time: 1.184 ms
Execution time: 33049.909 ms
