Hash Join  (cost=84240.62..180600.21 rows=228310 width=0) (actual time=1431.879..3505.147 rows=376878 loops=1)
  Hash Cond: (mk.movie_id = t.id)
  ->  Seq Scan on movie_keyword mk  (cost=0.00..81003.12 rows=918231 width=4) (actual time=0.014..1500.947 rows=905548 loops=1)
        Filter: (keyword_id > 20353)
        Rows Removed by Filter: 3618382
  ->  Hash  (cost=73925.90..73925.90 rows=628697 width=4) (actual time=1430.408..1430.408 rows=532584 loops=1)
        Buckets: 131072  Batches: 16  Memory Usage: 2196kB
        ->  Seq Scan on title t  (cost=0.00..73925.90 rows=628697 width=4) (actual time=0.015..1264.921 rows=532584 loops=1)
              Filter: ((kind_id < 7) AND (production_year > 1995))
              Rows Removed by Filter: 1995728
Planning time: 3.412 ms
Execution time: 3548.142 ms
