Hash Join  (cost=68552.79..791558.00 rows=129616 width=0) (actual time=3712.222..15233.677 rows=620 loops=1)
  Hash Cond: (ci.movie_id = t.id)
  ->  Seq Scan on cast_info ci  (cost=0.00..705507.15 rows=4320508 width=4) (actual time=2618.227..12955.779 rows=4323018 loops=1)
        Filter: (role_id = 10)
        Rows Removed by Filter: 31921326
  ->  Hash  (cost=67604.59..67604.59 rows=75856 width=4) (actual time=1083.884..1083.884 rows=73352 loops=1)
        Buckets: 131072  Batches: 1  Memory Usage: 3603kB
        ->  Seq Scan on title t  (cost=0.00..67604.59 rows=75856 width=4) (actual time=313.806..1054.053 rows=73352 loops=1)
              Filter: (production_year < 1917)
              Rows Removed by Filter: 2454960
Planning time: 0.729 ms
Execution time: 15234.214 ms
