Hash Join  (cost=466651.48..1627648.65 rows=3649900 width=0) (actual time=8733.516..44760.687 rows=10051070 loops=1)
  Hash Cond: (ci.movie_id = t.id)
  ->  Seq Scan on cast_info ci  (cost=0.00..705507.15 rows=36150674 width=4) (actual time=0.012..17024.769 rows=36177218 loops=1)
        Filter: (person_id > 7822)
        Rows Removed by Filter: 67126
  ->  Hash  (cost=462462.37..462462.37 rows=255289 width=8) (actual time=8732.625..8732.625 rows=406199 loops=1)
        Buckets: 131072 (originally 131072)  Batches: 8 (originally 4)  Memory Usage: 3073kB
        ->  Hash Join  (cost=77377.73..462462.37 rows=255289 width=8) (actual time=2922.523..8531.907 rows=406199 loops=1)
              Hash Cond: (mi.movie_id = t.id)
              ->  Seq Scan on movie_info mi  (cost=0.00..346232.03 rows=3068194 width=4) (actual time=1641.883..5829.190 rows=3036719 loops=1)
                    Filter: (info_type_id = 16)
                    Rows Removed by Filter: 11799001
              ->  Hash  (cost=73925.90..73925.90 rows=210386 width=4) (actual time=1278.813..1278.813 rows=320579 loops=1)
                    Buckets: 131072  Batches: 4  Memory Usage: 3849kB
                    ->  Seq Scan on title t  (cost=0.00..73925.90 rows=210386 width=4) (actual time=0.028..1174.100 rows=320579 loops=1)
                          Filter: ((kind_id < 7) AND (production_year < 1982))
                          Rows Removed by Filter: 2207733
Planning time: 1.171 ms
Execution time: 45853.484 ms
