Hash Join  (cost=153350.28..1210866.72 rows=2308328 width=0) (actual time=3397.874..32320.430 rows=2295613 loops=1)
  Hash Cond: (ci.movie_id = t.id)
  ->  Seq Scan on cast_info ci  (cost=0.00..614943.12 rows=36225612 width=4) (actual time=0.027..13349.075 rows=36244344 loops=1)
  ->  Hash  (cost=150706.28..150706.28 rows=161120 width=8) (actual time=3397.231..3397.231 rows=64725 loops=1)
        Buckets: 131072  Batches: 4  Memory Usage: 1651kB
        ->  Hash Join  (cost=82423.69..150706.28 rows=161120 width=8) (actual time=1990.556..3372.822 rows=64725 loops=1)
              Hash Cond: (mc.movie_id = t.id)
              ->  Seq Scan on movie_companies mc  (cost=0.00..57926.93 rows=451055 width=4) (actual time=0.012..1082.209 rows=257404 loops=1)
                    Filter: ((company_id < 2631) AND (company_type_id = 2))
                    Rows Removed by Filter: 2351725
              ->  Hash  (cost=67604.59..67604.59 rows=903208 width=4) (actual time=1989.371..1989.371 rows=904491 loops=1)
                    Buckets: 131072  Batches: 16  Memory Usage: 3010kB
                    ->  Seq Scan on title t  (cost=0.00..67604.59 rows=903208 width=4) (actual time=0.015..1404.308 rows=904491 loops=1)
                          Filter: (production_year > 2006)
                          Rows Removed by Filter: 1623821
Planning time: 0.786 ms
Execution time: 32578.800 ms
