Hash Join  (cost=83073.49..447735.01 rows=560 width=0) (actual time=1352.892..8364.056 rows=20895 loops=1)
  Hash Cond: (mi.movie_id = t.id)
  ->  Seq Scan on movie_info mi  (cost=0.00..309384.22 rows=14739122 width=4) (actual time=0.015..4399.076 rows=14835720 loops=1)
  ->  Hash  (cost=83072.29..83072.29 rows=96 width=8) (actual time=1352.500..1352.500 rows=240 loops=1)
        Buckets: 1024  Batches: 1  Memory Usage: 18kB
        ->  Nested Loop  (cost=0.43..83072.29 rows=96 width=8) (actual time=1.981..1352.249 rows=240 loops=1)
              ->  Seq Scan on movie_keyword mk  (cost=0.00..81003.12 rows=246 width=4) (actual time=1.939..1313.153 rows=933 loops=1)
                    Filter: (keyword_id = 2925)
                    Rows Removed by Filter: 4522997
              ->  Index Scan using title_pkey on title t  (cost=0.43..8.40 rows=1 width=4) (actual time=0.041..0.041 rows=0 loops=933)
                    Index Cond: (id = mk.movie_id)
                    Filter: (kind_id < 7)
                    Rows Removed by Filter: 1
Planning time: 1.158 ms
Execution time: 8367.679 ms
