Hash Join  (cost=97066.09..1044595.07 rows=5151092 width=0) (actual time=1890.307..17637.670 rows=2196499 loops=1)
  Hash Cond: (ci.movie_id = t.id)
  ->  Seq Scan on cast_info ci  (cost=0.00..796071.18 rows=7253177 width=4) (actual time=0.014..13242.109 rows=3106603 loops=1)
        Filter: ((person_id < 1089675) AND (role_id > 1))
        Rows Removed by Filter: 33137741
  ->  Hash  (cost=67604.59..67604.59 rows=1795720 width=4) (actual time=1889.423..1889.423 rows=1794153 loops=1)
        Buckets: 131072  Batches: 32  Memory Usage: 2992kB
        ->  Seq Scan on title t  (cost=0.00..67604.59 rows=1795720 width=4) (actual time=0.015..1298.195 rows=1794153 loops=1)
              Filter: (production_year < 2009)
              Rows Removed by Filter: 734159
Planning time: 0.539 ms
Execution time: 17872.108 ms
