Seq Scan on movie_companies mc  (cost=0.00..51404.11 rows=104 width=0) (actual time=0.117..793.201 rows=715 loops=1)
  Filter: (company_id = 11388)
  Rows Removed by Filter: 2608414
Planning time: 0.337 ms
Execution time: 793.512 ms
