Hash Join  (cost=532159.52..635081.00 rows=1593423 width=0) (actual time=10792.183..17442.300 rows=15486659 loops=1)
  Hash Cond: (mc.movie_id = t.id)
  ->  Seq Scan on movie_companies mc  (cost=0.00..51404.11 rows=2225028 width=4) (actual time=0.016..1085.901 rows=2220681 loops=1)
        Filter: (company_id < 83399)
        Rows Removed by Filter: 388448
  ->  Hash  (cost=502450.90..502450.90 rows=1810770 width=8) (actual time=10790.824..10790.824 rows=1865632 loops=1)
        Buckets: 131072  Batches: 32  Memory Usage: 3181kB
        ->  Hash Join  (cost=102767.86..502450.90 rows=1810770 width=8) (actual time=2667.128..10244.125 rows=1865632 loops=1)
              Hash Cond: (mi.movie_id = t.id)
              ->  Seq Scan on movie_info mi  (cost=0.00..346232.03 rows=1810770 width=4) (actual time=813.613..5779.058 rows=1865632 loops=1)
                    Filter: (info_type_id > 17)
                    Rows Removed by Filter: 12970088
              ->  Hash  (cost=61283.27..61283.27 rows=2528527 width=4) (actual time=1852.620..1852.620 rows=2528312 loops=1)
                    Buckets: 131072  Batches: 64  Memory Usage: 2425kB
                    ->  Seq Scan on title t  (cost=0.00..61283.27 rows=2528527 width=4) (actual time=0.016..991.744 rows=2528312 loops=1)
Planning time: 1.168 ms
Execution time: 19168.529 ms
