Hash Join  (cost=73950.44..443597.50 rows=4837 width=0) (actual time=1380.505..8123.566 rows=13086 loops=1)
  Hash Cond: (mi.movie_id = t.id)
  ->  Seq Scan on movie_info mi  (cost=0.00..346232.03 rows=6231111 width=4) (actual time=0.013..5955.040 rows=6223494 loops=1)
        Filter: (info_type_id > 8)
        Rows Removed by Filter: 8612226
  ->  Hash  (cost=73925.90..73925.90 rows=1963 width=4) (actual time=1191.371..1191.371 rows=2177 loops=1)
        Buckets: 4096 (originally 2048)  Batches: 1 (originally 1)  Memory Usage: 109kB
        ->  Seq Scan on title t  (cost=0.00..73925.90 rows=1963 width=4) (actual time=204.166..1190.135 rows=2177 loops=1)
              Filter: ((kind_id < 2) AND (production_year = 1942))
              Rows Removed by Filter: 2526135
Planning time: 1.601 ms
Execution time: 8125.997 ms
