Hash Join  (cost=68257.79..435959.78 rows=304607 width=0) (actual time=1136.260..10151.642 rows=296517 loops=1)
  Hash Cond: (mi.movie_id = t.id)
  ->  Seq Scan on movie_info mi  (cost=0.00..309384.22 rows=14739122 width=4) (actual time=0.014..4742.936 rows=14835720 loops=1)
  ->  Hash  (cost=67604.59..67604.59 rows=52256 width=4) (actual time=1135.829..1135.829 rows=53013 loops=1)
        Buckets: 65536  Batches: 1  Memory Usage: 2376kB
        ->  Seq Scan on title t  (cost=0.00..67604.59 rows=52256 width=4) (actual time=0.042..1113.983 rows=53013 loops=1)
              Filter: (production_year = 2000)
              Rows Removed by Filter: 2475299
Planning time: 2.834 ms
Execution time: 10197.715 ms
