Hash Join  (cost=1007170.32..1851177.56 rows=27226071 width=0) (actual time=20071.824..65388.793 rows=115303143 loops=1)
  Hash Cond: (mi.movie_id = t.id)
  ->  Seq Scan on movie_info mi  (cost=0.00..309384.22 rows=14739122 width=4) (actual time=0.027..6212.899 rows=14835720 loops=1)
  ->  Hash  (cost=930541.70..930541.70 rows=4670689 width=8) (actual time=20070.375..20070.375 rows=4639136 loops=1)
        Buckets: 131072  Batches: 64  Memory Usage: 3889kB
        ->  Hash Join  (cost=102767.86..930541.70 rows=4670689 width=8) (actual time=2047.479..18670.373 rows=4639136 loops=1)
              Hash Cond: (ci.movie_id = t.id)
              ->  Seq Scan on cast_info ci  (cost=0.00..705507.15 rows=4670689 width=4) (actual time=0.020..12489.470 rows=4639136 loops=1)
                    Filter: (role_id > 9)
                    Rows Removed by Filter: 31605208
              ->  Hash  (cost=61283.27..61283.27 rows=2528527 width=4) (actual time=2045.582..2045.582 rows=2528312 loops=1)
                    Buckets: 131072  Batches: 64  Memory Usage: 2415kB
                    ->  Seq Scan on title t  (cost=0.00..61283.27 rows=2528527 width=4) (actual time=0.012..1178.371 rows=2528312 loops=1)
Planning time: 1.092 ms
Execution time: 78851.226 ms
