Hash Join  (cost=329043.45..1932512.85 rows=46638522 width=0) (actual time=6719.580..49697.887 rows=45622211 loops=1)
  Hash Cond: (ci.movie_id = t.id)
  ->  Seq Scan on cast_info ci  (cost=0.00..614943.12 rows=36225612 width=4) (actual time=0.013..13365.709 rows=36244344 loops=1)
  ->  Hash  (cost=275634.68..275634.68 rows=3255342 width=8) (actual time=6717.251..6717.251 rows=1585947 loops=1)
        Buckets: 131072  Batches: 64  Memory Usage: 1970kB
        ->  Hash Join  (cost=98137.04..275634.68 rows=3255342 width=8) (actual time=1968.496..6291.353 rows=1585947 loops=1)
              Hash Cond: (mk.movie_id = t.id)
              ->  Seq Scan on movie_keyword mk  (cost=0.00..81003.12 rows=4423019 width=4) (actual time=0.015..1718.783 rows=4414069 loops=1)
                    Filter: (keyword_id > 107)
                    Rows Removed by Filter: 109861
              ->  Hash  (cost=67604.59..67604.59 rows=1860996 width=4) (actual time=1966.059..1966.059 rows=1865487 loops=1)
                    Buckets: 131072  Batches: 32  Memory Usage: 3085kB
                    ->  Seq Scan on title t  (cost=0.00..67604.59 rows=1860996 width=4) (actual time=0.025..1329.187 rows=1865487 loops=1)
                          Filter: (kind_id > 1)
                          Rows Removed by Filter: 662825
Planning time: 1.073 ms
Execution time: 54810.500 ms
