Seq Scan on movie_keyword mk  (cost=0.00..81003.12 rows=4382982 width=0) (actual time=0.023..1485.802 rows=4385038 loops=1)
  Filter: (keyword_id < 75164)
  Rows Removed by Filter: 138892
Planning time: 0.307 ms
Execution time: 2028.775 ms
