Nested Loop  (cost=0.43..58358.27 rows=51 width=0) (actual time=0.087..802.005 rows=52 loops=1)
  ->  Seq Scan on movie_companies mc  (cost=0.00..57926.93 rows=51 width=4) (actual time=0.028..800.197 rows=52 loops=1)
        Filter: ((company_type_id < 2) AND (company_id = 15199))
        Rows Removed by Filter: 2609077
  ->  Index Only Scan using title_pkey on title t  (cost=0.43..8.45 rows=1 width=4) (actual time=0.032..0.032 rows=1 loops=52)
        Index Cond: (id = mc.movie_id)
        Heap Fetches: 52
Planning time: 0.751 ms
Execution time: 802.108 ms
