Hash Join  (cost=187723.43..1141843.71 rows=3284239 width=0) (actual time=4415.454..28845.671 rows=2949860 loops=1)
  Hash Cond: (ci.movie_id = t.id)
  ->  Seq Scan on cast_info ci  (cost=0.00..796071.18 rows=10562857 width=4) (actual time=0.026..16974.767 rows=12670688 loops=1)
        Filter: ((person_id < 3028421) AND (role_id < 2))
        Rows Removed by Filter: 23573656
  ->  Hash  (cost=174824.20..174824.20 rows=786178 width=8) (actual time=4412.544..4412.544 rows=333570 loops=1)
        Buckets: 131072  Batches: 16  Memory Usage: 1828kB
        ->  Hash Join  (cost=93093.72..174824.20 rows=786178 width=8) (actual time=1665.394..4308.414 rows=333570 loops=1)
              Hash Cond: (mc.movie_id = t.id)
              ->  Seq Scan on movie_companies mc  (cost=0.00..51404.11 rows=1279517 width=4) (actual time=0.014..977.881 rows=1274246 loops=1)
                    Filter: (company_type_id = 1)
                    Rows Removed by Filter: 1334883
              ->  Hash  (cost=67604.59..67604.59 rows=1553611 width=4) (actual time=1664.554..1664.554 rows=1555864 loops=1)
                    Buckets: 131072  Batches: 32  Memory Usage: 2734kB
                    ->  Seq Scan on title t  (cost=0.00..67604.59 rows=1553611 width=4) (actual time=0.015..1162.746 rows=1555864 loops=1)
                          Filter: (kind_id > 4)
                          Rows Removed by Filter: 972448
Planning time: 1.152 ms
Execution time: 29219.179 ms
