Hash Join  (cost=83073.09..437082.73 rows=53 width=0) (actual time=2834.433..6301.858 rows=4 loops=1)
  Hash Cond: (mi.movie_id = t.id)
  ->  Seq Scan on movie_info mi  (cost=0.00..346232.03 rows=2073893 width=4) (actual time=1341.320..4913.704 rows=2091068 loops=1)
        Filter: (info_type_id < 3)
        Rows Removed by Filter: 12744652
  ->  Hash  (cost=83072.29..83072.29 rows=64 width=8) (actual time=1152.822..1152.822 rows=2 loops=1)
        Buckets: 1024  Batches: 1  Memory Usage: 9kB
        ->  Nested Loop  (cost=0.43..83072.29 rows=64 width=8) (actual time=274.914..1152.791 rows=2 loops=1)
              ->  Seq Scan on movie_keyword mk  (cost=0.00..81003.12 rows=246 width=4) (actual time=274.806..1152.505 rows=4 loops=1)
                    Filter: (keyword_id = 27801)
                    Rows Removed by Filter: 4523926
              ->  Index Scan using title_pkey on title t  (cost=0.43..8.40 rows=1 width=4) (actual time=0.049..0.050 rows=0 loops=4)
                    Index Cond: (id = mk.movie_id)
                    Filter: (production_year > 2008)
                    Rows Removed by Filter: 0
Planning time: 1.052 ms
Execution time: 6301.993 ms
