Nested Loop  (cost=0.43..83072.29 rows=96 width=0) (actual time=1.116..652.919 rows=1566 loops=1)
  ->  Seq Scan on movie_keyword mk  (cost=0.00..81003.12 rows=246 width=4) (actual time=1.063..625.082 rows=1635 loops=1)
        Filter: (keyword_id = 5599)
        Rows Removed by Filter: 4522295
  ->  Index Scan using title_pkey on title t  (cost=0.43..8.40 rows=1 width=4) (actual time=0.016..0.016 rows=1 loops=1635)
        Index Cond: (id = mk.movie_id)
        Filter: (kind_id < 7)
        Rows Removed by Filter: 0
Planning time: 0.803 ms
Execution time: 653.451 ms
