Hash Join  (cost=709676.11..1090763.46 rows=504 width=0) (actual time=10698.146..17563.260 rows=554 loops=1)
  Hash Cond: (mi.movie_id = t.id)
  ->  Seq Scan on movie_info mi  (cost=0.00..346232.03 rows=9293409 width=4) (actual time=0.014..5776.455 rows=9425200 loops=1)
        Filter: (info_type_id > 5)
        Rows Removed by Filter: 5410520
  ->  Hash  (cost=709674.40..709674.40 rows=137 width=8) (actual time=10448.500..10448.500 rows=20 loops=1)
        Buckets: 1024  Batches: 1  Memory Usage: 9kB
        ->  Nested Loop  (cost=0.43..709674.40 rows=137 width=8) (actual time=1415.979..10448.431 rows=20 loops=1)
              ->  Seq Scan on cast_info ci  (cost=0.00..705507.15 rows=500 width=4) (actual time=1415.784..10442.558 rows=182 loops=1)
                    Filter: (person_id = 1681573)
                    Rows Removed by Filter: 36244162
              ->  Index Scan using title_pkey on title t  (cost=0.43..8.32 rows=1 width=4) (actual time=0.031..0.031 rows=0 loops=182)
                    Index Cond: (id = ci.movie_id)
                    Filter: ((kind_id < 7) AND (production_year > 1989))
                    Rows Removed by Filter: 1
Planning time: 1.245 ms
Execution time: 17563.554 ms
