Seq Scan on movie_keyword mk  (cost=0.00..81003.12 rows=4099418 width=12) (actual time=0.015..1759.421 rows=4087742 loops=1)
  Filter: (keyword_id > 335)
  Rows Removed by Filter: 436188
Planning time: 0.310 ms
Execution time: 1980.448 ms
