Hash Join  (cost=84440.83..604108.16 rows=3735740 width=0) (actual time=2709.934..17640.528 rows=7912656 loops=1)
  Hash Cond: (mi.movie_id = t.id)
  ->  Seq Scan on movie_info mi  (cost=0.00..309384.22 rows=14739122 width=4) (actual time=0.022..6200.979 rows=14835720 loops=1)
  ->  Hash  (cost=73925.90..73925.90 rows=640874 width=4) (actual time=1949.532..1949.532 rows=621262 loops=1)
        Buckets: 131072  Batches: 16  Memory Usage: 2395kB
        ->  Seq Scan on title t  (cost=0.00..73925.90 rows=640874 width=4) (actual time=215.661..1459.863 rows=621262 loops=1)
              Filter: ((production_year > 1911) AND (kind_id = 1))
              Rows Removed by Filter: 1907050
Planning time: 0.705 ms
Execution time: 18591.259 ms
