Hash Join  (cost=142696.31..652883.59 rows=2847235 width=0) (actual time=3407.919..20365.926 rows=15472670 loops=1)
  Hash Cond: (mi.movie_id = t.id)
  ->  Seq Scan on movie_info mi  (cost=0.00..309384.22 rows=14739122 width=4) (actual time=0.014..6017.601 rows=14835720 loops=1)
  ->  Hash  (cost=134681.70..134681.70 rows=488449 width=8) (actual time=3407.235..3407.235 rows=864855 loops=1)
        Buckets: 131072 (originally 131072)  Batches: 16 (originally 8)  Memory Usage: 3155kB
        ->  Hash Join  (cost=88608.73..134681.70 rows=488449 width=8) (actual time=1458.132..3112.663 rows=864855 loops=1)
              Hash Cond: (mi_idx.movie_id = t.id)
              ->  Seq Scan on movie_info_idx mi_idx  (cost=0.00..21735.35 rows=1380035 width=4) (actual time=0.012..395.357 rows=1380035 loops=1)
              ->  Hash  (cost=73925.90..73925.90 rows=894946 width=4) (actual time=1457.325..1457.325 rows=810098 loops=1)
                    Buckets: 131072  Batches: 16  Memory Usage: 2806kB
                    ->  Seq Scan on title t  (cost=0.00..73925.90 rows=894946 width=4) (actual time=0.014..1193.368 rows=810098 loops=1)
                          Filter: ((kind_id < 7) AND (production_year > 1951))
                          Rows Removed by Filter: 1718214
Planning time: 0.787 ms
Execution time: 22076.853 ms
