Seq Scan on cast_info ci  (cost=0.00..705507.15 rows=11449955 width=0) (actual time=0.065..12324.584 rows=11452392 loops=1)
  Filter: (person_id > 2553250)
  Rows Removed by Filter: 24791952
Planning time: 0.303 ms
Execution time: 13739.299 ms
