Seq Scan on title t  (cost=0.00..73925.90 rows=4569 width=0) (actual time=1.106..1041.651 rows=14710 loops=1)
  Filter: ((kind_id > 4) AND (production_year = 1991))
  Rows Removed by Filter: 2513602
Planning time: 0.771 ms
Execution time: 1044.982 ms
