Hash Join  (cost=74426.67..134413.45 rows=34792 width=0) (actual time=998.035..2310.164 rows=12006 loops=1)
  Hash Cond: (mc.movie_id = t.id)
  ->  Seq Scan on movie_companies mc  (cost=0.00..51404.11 rows=2195933 width=4) (actual time=0.018..836.227 rows=2193001 loops=1)
        Filter: (company_id < 80405)
        Rows Removed by Filter: 416128
  ->  Hash  (cost=73925.90..73925.90 rows=40061 width=4) (actual time=997.532..997.532 rows=40120 loops=1)
        Buckets: 65536  Batches: 1  Memory Usage: 1923kB
        ->  Seq Scan on title t  (cost=0.00..73925.90 rows=40061 width=4) (actual time=153.385..980.908 rows=40120 loops=1)
              Filter: ((kind_id = 7) AND (production_year = 2013))
              Rows Removed by Filter: 2488192
Planning time: 0.748 ms
Execution time: 2311.987 ms
