Hash Join  (cost=168899.40..535477.66 rows=192231 width=0) (actual time=3290.217..10450.551 rows=64798 loops=1)
  Hash Cond: (mi.movie_id = t.id)
  ->  Seq Scan on movie_info mi  (cost=0.00..309384.22 rows=14739122 width=4) (actual time=0.022..4091.119 rows=14835720 loops=1)
  ->  Hash  (cost=168487.17..168487.17 rows=32978 width=8) (actual time=3289.767..3289.767 rows=6960 loops=1)
        Buckets: 65536  Batches: 1  Memory Usage: 784kB
        ->  Hash Join  (cost=74228.29..168487.17 rows=32978 width=8) (actual time=1971.238..3286.748 rows=6960 loops=1)
              Hash Cond: (mk.movie_id = t.id)
              ->  Seq Scan on movie_keyword mk  (cost=0.00..81003.12 rows=3446927 width=4) (actual time=0.024..1569.852 rows=3436014 loops=1)
                    Filter: (keyword_id < 16270)
                    Rows Removed by Filter: 1087916
              ->  Hash  (cost=73925.90..73925.90 rows=24191 width=4) (actual time=1147.912..1147.912 rows=24602 loops=1)
                    Buckets: 32768  Batches: 1  Memory Usage: 1121kB
                    ->  Seq Scan on title t  (cost=0.00..73925.90 rows=24191 width=4) (actual time=0.042..1137.327 rows=24602 loops=1)
                          Filter: ((kind_id = 7) AND (production_year = 1995))
                          Rows Removed by Filter: 2503710
Planning time: 1.122 ms
Execution time: 10459.419 ms
