Hash Join  (cost=220292.61..1377544.10 rows=7609138 width=0) (actual time=4412.428..33507.031 rows=2168481 loops=1)
  Hash Cond: (ci.movie_id = t.id)
  ->  Seq Scan on cast_info ci  (cost=0.00..614943.12 rows=36225612 width=4) (actual time=0.017..13550.177 rows=36244344 loops=1)
  ->  Hash  (cost=211578.69..211578.69 rows=531113 width=8) (actual time=4411.358..4411.358 rows=104406 loops=1)
        Buckets: 131072  Batches: 8  Memory Usage: 1501kB
        ->  Hash Join  (cost=79690.18..211578.69 rows=531113 width=8) (actual time=3425.949..4386.350 rows=104406 loops=1)
              Hash Cond: (mk.movie_id = t.id)
              ->  Seq Scan on movie_keyword mk  (cost=0.00..81003.12 rows=3822736 width=4) (actual time=0.022..1778.590 rows=3820132 loops=1)
                    Filter: (keyword_id > 585)
                    Rows Removed by Filter: 703798
              ->  Hash  (cost=73925.90..73925.90 rows=351302 width=4) (actual time=1148.213..1148.213 rows=233910 loops=1)
                    Buckets: 131072  Batches: 8  Memory Usage: 2045kB
                    ->  Seq Scan on title t  (cost=0.00..73925.90 rows=351302 width=4) (actual time=0.009..1070.873 rows=233910 loops=1)
                          Filter: ((production_year < 1984) AND (kind_id = 7))
                          Rows Removed by Filter: 2294402
Planning time: 1.311 ms
Execution time: 33754.443 ms
