Hash Join  (cost=103073.10..468270.79 rows=54177 width=0) (actual time=1948.226..8707.816 rows=60282 loops=1)
  Hash Cond: (mi.movie_id = t.id)
  ->  Seq Scan on movie_info mi  (cost=0.00..309384.22 rows=14739122 width=4) (actual time=0.012..3903.172 rows=14835720 loops=1)
  ->  Hash  (cost=102956.92..102956.92 rows=9294 width=8) (actual time=1947.850..1947.850 rows=4360 loops=1)
        Buckets: 16384  Batches: 1  Memory Usage: 299kB
        ->  Hash Join  (cost=74246.92..102956.92 rows=9294 width=8) (actual time=1177.510..1945.798 rows=4360 loops=1)
              Hash Cond: (mi_idx.movie_id = t.id)
              ->  Seq Scan on movie_info_idx mi_idx  (cost=0.00..25185.44 rows=915101 width=4) (actual time=0.024..562.077 rows=919850 loops=1)
                    Filter: (info_type_id < 101)
                    Rows Removed by Filter: 460185
              ->  Hash  (cost=73925.90..73925.90 rows=25681 width=4) (actual time=1176.828..1176.828 rows=23707 loops=1)
                    Buckets: 32768  Batches: 1  Memory Usage: 1090kB
                    ->  Seq Scan on title t  (cost=0.00..73925.90 rows=25681 width=4) (actual time=0.063..1166.841 rows=23707 loops=1)
                          Filter: ((kind_id < 7) AND (production_year = 2013))
                          Rows Removed by Filter: 2504605
Planning time: 1.194 ms
Execution time: 8717.877 ms
