Seq Scan on movie_keyword mk  (cost=0.00..81003.12 rows=195813 width=0) (actual time=0.025..1316.761 rows=198645 loops=1)
  Filter: (keyword_id > 69035)
  Rows Removed by Filter: 4325285
Planning time: 1.314 ms
Execution time: 1347.436 ms
