Hash Join  (cost=102767.86..1034342.76 rows=5220783 width=0) (actual time=10088.700..23608.269 rows=7450294 loops=1)
  Hash Cond: (ci.movie_id = t.id)
  ->  Seq Scan on cast_info ci  (cost=0.00..796071.18 rows=5220783 width=4) (actual time=8227.992..15389.017 rows=7450294 loops=1)
        Filter: ((person_id > 997108) AND (role_id = 2))
        Rows Removed by Filter: 28794050
  ->  Hash  (cost=61283.27..61283.27 rows=2528527 width=4) (actual time=1859.197..1859.197 rows=2528312 loops=1)
        Buckets: 131072  Batches: 64  Memory Usage: 2415kB
        ->  Seq Scan on title t  (cost=0.00..61283.27 rows=2528527 width=4) (actual time=0.026..1017.257 rows=2528312 loops=1)
Planning time: 0.740 ms
Execution time: 24425.304 ms
