Seq Scan on movie_companies mc  (cost=0.00..51404.11 rows=2446349 width=0) (actual time=0.045..977.541 rows=2447891 loops=1)
  Filter: (company_id < 127274)
  Rows Removed by Filter: 161238
Planning time: 0.289 ms
Execution time: 1280.429 ms
