Hash Join  (cost=709677.09..736588.74 rows=117 width=0) (actual time=10842.475..11143.776 rows=18 loops=1)
  Hash Cond: (mi_idx.movie_id = t.id)
  ->  Seq Scan on movie_info_idx mi_idx  (cost=0.00..21735.35 rows=1380035 width=4) (actual time=0.015..236.498 rows=1380035 loops=1)
  ->  Hash  (cost=709674.40..709674.40 rows=215 width=8) (actual time=10674.655..10674.655 rows=20 loops=1)
        Buckets: 1024  Batches: 1  Memory Usage: 9kB
        ->  Nested Loop  (cost=0.43..709674.40 rows=215 width=8) (actual time=4449.814..10674.625 rows=20 loops=1)
              ->  Seq Scan on cast_info ci  (cost=0.00..705507.15 rows=500 width=4) (actual time=4449.737..10673.892 rows=26 loops=1)
                    Filter: (person_id = 681554)
                    Rows Removed by Filter: 36244318
              ->  Index Scan using title_pkey on title t  (cost=0.43..8.32 rows=1 width=4) (actual time=0.026..0.027 rows=1 loops=26)
                    Index Cond: (id = ci.movie_id)
                    Filter: ((kind_id > 2) AND (production_year < 2007))
                    Rows Removed by Filter: 0
Planning time: 1.145 ms
Execution time: 11143.906 ms
