Seq Scan on movie_keyword mk  (cost=0.00..81003.12 rows=937696 width=0) (actual time=0.025..1411.290 rows=946867 loops=1)
  Filter: (keyword_id > 20040)
  Rows Removed by Filter: 3577063
Planning time: 0.280 ms
Execution time: 1567.897 ms
