Hash Join  (cost=74478.21..920258.02 rows=624539 width=0) (actual time=1093.825..24956.230 rows=570056 loops=1)
  Hash Cond: (ci.movie_id = t.id)
  ->  Seq Scan on cast_info ci  (cost=0.00..705507.15 rows=35740607 width=4) (actual time=0.013..14086.684 rows=35732657 loops=1)
        Filter: (person_id < 3964422)
        Rows Removed by Filter: 511687
  ->  Hash  (cost=73925.90..73925.90 rows=44184 width=4) (actual time=1092.750..1092.750 rows=35489 loops=1)
        Buckets: 65536  Batches: 1  Memory Usage: 1760kB
        ->  Seq Scan on title t  (cost=0.00..73925.90 rows=44184 width=4) (actual time=0.118..1078.062 rows=35489 loops=1)
              Filter: ((kind_id < 7) AND (production_year = 2007))
              Rows Removed by Filter: 2492823
Planning time: 0.699 ms
Execution time: 25044.224 ms
