Seq Scan on movie_info mi  (cost=0.00..346232.03 rows=17937 width=0) (actual time=2408.115..5367.665 rows=16603 loops=1)
  Filter: (info_type_id = 102)
  Rows Removed by Filter: 14819117
Planning time: 0.403 ms
Execution time: 5370.084 ms
