Hash Join  (cost=263115.61..1772693.90 rows=33598912 width=0) (actual time=7508.843..59781.099 rows=67763652 loops=1)
  Hash Cond: (ci.movie_id = t.id)
  ->  Seq Scan on cast_info ci  (cost=0.00..705507.15 rows=32560964 width=4) (actual time=0.035..17052.251 rows=32556830 loops=1)
        Filter: (person_id < 3391724)
        Rows Removed by Filter: 3687514
  ->  Hash  (cost=220309.49..220309.49 rows=2609129 width=8) (actual time=7506.889..7506.889 rows=2609129 loops=1)
        Buckets: 131072  Batches: 64  Memory Usage: 2610kB
        ->  Hash Join  (cost=102767.86..220309.49 rows=2609129 width=8) (actual time=2668.267..6150.443 rows=2609129 loops=1)
              Hash Cond: (mc.movie_id = t.id)
              ->  Seq Scan on movie_companies mc  (cost=0.00..44881.29 rows=2609129 width=4) (actual time=0.027..938.543 rows=2609129 loops=1)
              ->  Hash  (cost=61283.27..61283.27 rows=2528527 width=4) (actual time=2666.896..2666.896 rows=2528312 loops=1)
                    Buckets: 131072  Batches: 64  Memory Usage: 2415kB
                    ->  Seq Scan on title t  (cost=0.00..61283.27 rows=2528527 width=4) (actual time=0.023..1173.453 rows=2528312 loops=1)
Planning time: 1.106 ms
Execution time: 67488.036 ms
