Hash Join  (cost=334851.15..1068520.30 rows=20338541 width=0) (actual time=8411.304..66610.556 rows=190701792 loops=1)
  Hash Cond: (mi.movie_id = t.id)
  ->  Seq Scan on movie_info mi  (cost=0.00..309384.22 rows=14739122 width=4) (actual time=0.016..6644.317 rows=14835720 loops=1)
  ->  Hash  (cost=277607.17..277607.17 rows=3489119 width=8) (actual time=8409.100..8409.100 rows=3486850 loops=1)
        Buckets: 131072  Batches: 64  Memory Usage: 3255kB
        ->  Hash Join  (cost=102767.86..277607.17 rows=3489119 width=8) (actual time=2042.535..7424.165 rows=3486850 loops=1)
              Hash Cond: (mk.movie_id = t.id)
              ->  Seq Scan on movie_keyword mk  (cost=0.00..81003.12 rows=3489119 width=4) (actual time=0.024..1870.123 rows=3486850 loops=1)
                    Filter: (keyword_id > 1025)
                    Rows Removed by Filter: 1037080
              ->  Hash  (cost=61283.27..61283.27 rows=2528527 width=4) (actual time=2041.445..2041.445 rows=2528312 loops=1)
                    Buckets: 131072  Batches: 64  Memory Usage: 2425kB
                    ->  Seq Scan on title t  (cost=0.00..61283.27 rows=2528527 width=4) (actual time=0.017..1167.433 rows=2528312 loops=1)
Planning time: 1.072 ms
Execution time: 87549.950 ms
