Hash Join  (cost=78335.05..118544.24 rows=146670 width=0) (actual time=1181.664..2231.725 rows=178039 loops=1)
  Hash Cond: (mi_idx.movie_id = t.id)
  ->  Seq Scan on movie_info_idx mi_idx  (cost=0.00..21735.35 rows=1380035 width=4) (actual time=0.028..440.679 rows=1380035 loops=1)
  ->  Hash  (cost=73925.90..73925.90 rows=268732 width=4) (actual time=1180.823..1180.823 rows=226985 loops=1)
        Buckets: 131072  Batches: 4  Memory Usage: 3022kB
        ->  Seq Scan on title t  (cost=0.00..73925.90 rows=268732 width=4) (actual time=0.017..1103.151 rows=226985 loops=1)
              Filter: ((kind_id < 4) AND (production_year > 2007))
              Rows Removed by Filter: 2301327
Planning time: 0.769 ms
Execution time: 2253.151 ms
