Seq Scan on cast_info ci  (cost=0.00..796071.18 rows=60 width=0) (actual time=5106.788..9808.266 rows=4 loops=1)
  Filter: ((person_id = 2895112) AND (role_id = 10))
  Rows Removed by Filter: 36244340
Planning time: 0.382 ms
Execution time: 9808.366 ms
