Seq Scan on movie_keyword mk  (cost=0.00..81003.12 rows=2020171 width=0) (actual time=0.027..1571.095 rows=2026589 loops=1)
  Filter: (keyword_id > 6100)
  Rows Removed by Filter: 2497341
Planning time: 0.285 ms
Execution time: 1829.551 ms
