Nested Loop  (cost=0.43..83072.29 rows=65 width=0) (actual time=169.452..1308.017 rows=101 loops=1)
  ->  Seq Scan on movie_keyword mk  (cost=0.00..81003.12 rows=246 width=4) (actual time=6.888..1299.089 rows=155 loops=1)
        Filter: (keyword_id = 13495)
        Rows Removed by Filter: 4523775
  ->  Index Scan using title_pkey on title t  (cost=0.43..8.40 rows=1 width=4) (actual time=0.054..0.055 rows=1 loops=155)
        Index Cond: (id = mk.movie_id)
        Filter: (kind_id = 1)
        Rows Removed by Filter: 0
Planning time: 0.749 ms
Execution time: 1308.214 ms
