Seq Scan on movie_keyword mk  (cost=0.00..81003.12 rows=2459378 width=0) (actual time=0.027..1478.815 rows=2442107 loops=1)
  Filter: (keyword_id > 3688)
  Rows Removed by Filter: 2081823
Planning time: 0.285 ms
Execution time: 1789.762 ms
