Hash Join  (cost=83074.74..447745.01 rows=1434 width=0) (actual time=1241.146..8218.058 rows=3635 loops=1)
  Hash Cond: (mi.movie_id = t.id)
  ->  Seq Scan on movie_info mi  (cost=0.00..309384.22 rows=14739122 width=4) (actual time=0.013..4377.008 rows=14835720 loops=1)
  ->  Hash  (cost=83071.67..83071.67 rows=246 width=8) (actual time=1224.379..1224.379 rows=56 loops=1)
        Buckets: 1024  Batches: 1  Memory Usage: 11kB
        ->  Nested Loop  (cost=0.43..83071.67 rows=246 width=8) (actual time=51.662..1224.283 rows=56 loops=1)
              ->  Seq Scan on movie_keyword mk  (cost=0.00..81003.12 rows=246 width=4) (actual time=51.541..1221.499 rows=56 loops=1)
                    Filter: (keyword_id = 25982)
                    Rows Removed by Filter: 4523874
              ->  Index Only Scan using title_pkey on title t  (cost=0.43..8.40 rows=1 width=4) (actual time=0.043..0.044 rows=1 loops=56)
                    Index Cond: (id = mk.movie_id)
                    Heap Fetches: 56
Planning time: 3.296 ms
Execution time: 8219.084 ms
