Hash Join  (cost=67697.55..154488.65 rows=13306 width=0) (actual time=1106.765..2938.289 rows=19836 loops=1)
  Hash Cond: (mk.movie_id = t.id)
  ->  Seq Scan on movie_keyword mk  (cost=0.00..69693.30 rows=4523930 width=4) (actual time=0.018..979.883 rows=4523930 loops=1)
  ->  Hash  (cost=67604.59..67604.59 rows=7437 width=4) (actual time=1092.793..1092.793 rows=10517 loops=1)
        Buckets: 16384 (originally 8192)  Batches: 1 (originally 1)  Memory Usage: 498kB
        ->  Seq Scan on title t  (cost=0.00..67604.59 rows=7437 width=4) (actual time=0.052..1087.471 rows=10517 loops=1)
              Filter: (production_year = 1959)
              Rows Removed by Filter: 2517795
Planning time: 0.664 ms
Execution time: 2941.209 ms
