Hash Join  (cost=102767.86..202959.68 rows=386874 width=0) (actual time=1968.516..4003.698 rows=384731 loops=1)
  Hash Cond: (mk.movie_id = t.id)
  ->  Seq Scan on movie_keyword mk  (cost=0.00..81003.12 rows=386874 width=4) (actual time=0.031..1351.885 rows=384731 loops=1)
        Filter: (keyword_id > 44631)
        Rows Removed by Filter: 4139199
  ->  Hash  (cost=61283.27..61283.27 rows=2528527 width=4) (actual time=1967.280..1967.280 rows=2528312 loops=1)
        Buckets: 131072  Batches: 64  Memory Usage: 2425kB
        ->  Seq Scan on title t  (cost=0.00..61283.27 rows=2528527 width=4) (actual time=0.023..1114.952 rows=2528312 loops=1)
Planning time: 0.652 ms
Execution time: 4049.036 ms
