Seq Scan on movie_info mi  (cost=0.00..346232.03 rows=14337199 width=0) (actual time=0.015..6742.218 rows=14370084 loops=1)
  Filter: (info_type_id < 104)
  Rows Removed by Filter: 465636
Planning time: 0.365 ms
Execution time: 8527.133 ms
