Hash Join  (cost=102767.86..199940.29 rows=1220400 width=0) (actual time=1932.213..4421.224 rows=1119307 loops=1)
  Hash Cond: (mc.movie_id = t.id)
  ->  Seq Scan on movie_companies mc  (cost=0.00..57926.93 rows=1220400 width=4) (actual time=0.301..1174.193 rows=1119307 loops=1)
        Filter: ((company_id < 109091) AND (company_type_id > 1))
        Rows Removed by Filter: 1489822
  ->  Hash  (cost=61283.27..61283.27 rows=2528527 width=4) (actual time=1930.591..1930.591 rows=2528312 loops=1)
        Buckets: 131072  Batches: 64  Memory Usage: 2415kB
        ->  Seq Scan on title t  (cost=0.00..61283.27 rows=2528527 width=4) (actual time=0.015..1088.730 rows=2528312 loops=1)
Planning time: 0.659 ms
Execution time: 4557.949 ms
