Seq Scan on movie_companies mc  (cost=0.00..57926.93 rows=502187 width=0) (actual time=162.866..1006.829 rows=816357 loops=1)
  Filter: ((company_id > 16836) AND (company_type_id > 1))
  Rows Removed by Filter: 1792772
Planning time: 0.267 ms
Execution time: 1101.187 ms
