Hash Join  (cost=102767.86..1276826.30 rows=15298047 width=0) (actual time=1896.493..29314.706 rows=13591569 loops=1)
  Hash Cond: (ci.movie_id = t.id)
  ->  Seq Scan on cast_info ci  (cost=0.00..796071.18 rows=15298047 width=4) (actual time=0.022..15868.215 rows=13591569 loops=1)
        Filter: ((person_id > 1590784) AND (role_id < 6))
        Rows Removed by Filter: 22652775
  ->  Hash  (cost=61283.27..61283.27 rows=2528527 width=4) (actual time=1894.943..1894.943 rows=2528312 loops=1)
        Buckets: 131072  Batches: 64  Memory Usage: 2415kB
        ->  Seq Scan on title t  (cost=0.00..61283.27 rows=2528527 width=4) (actual time=0.014..1056.676 rows=2528312 loops=1)
Planning time: 0.713 ms
Execution time: 30849.725 ms
