Hash Join  (cost=184785.51..303806.30 rows=392969 width=0) (actual time=3715.627..6646.519 rows=563970 loops=1)
  Hash Cond: (mk.movie_id = t.id)
  ->  Seq Scan on movie_keyword mk  (cost=0.00..81003.12 rows=2829328 width=4) (actual time=0.020..1649.813 rows=2817595 loops=1)
        Filter: (keyword_id < 8431)
        Rows Removed by Filter: 1706335
  ->  Hash  (cost=179023.63..179023.63 rows=351190 width=8) (actual time=3713.855..3713.855 rows=194125 loops=1)
        Buckets: 131072  Batches: 8  Memory Usage: 1989kB
        ->  Hash Join  (cost=102767.86..179023.63 rows=351190 width=8) (actual time=2315.911..3656.219 rows=194125 loops=1)
              Hash Cond: (mc.movie_id = t.id)
              ->  Seq Scan on movie_companies mc  (cost=0.00..57926.93 rows=351190 width=4) (actual time=397.982..935.301 rows=194125 loops=1)
                    Filter: ((company_id < 1165) AND (company_type_id = 2))
                    Rows Removed by Filter: 2415004
              ->  Hash  (cost=61283.27..61283.27 rows=2528527 width=4) (actual time=1916.742..1916.742 rows=2528312 loops=1)
                    Buckets: 131072  Batches: 64  Memory Usage: 2415kB
                    ->  Seq Scan on title t  (cost=0.00..61283.27 rows=2528527 width=4) (actual time=0.020..1070.697 rows=2528312 loops=1)
Planning time: 1.095 ms
Execution time: 6715.082 ms
