Hash Join  (cost=442319.92..1431543.96 rows=1151658 width=0) (actual time=11966.707..41558.570 rows=18645930 loops=1)
  Hash Cond: (ci.movie_id = t.id)
  ->  Seq Scan on cast_info ci  (cost=0.00..705507.15 rows=23499554 width=4) (actual time=3675.790..15906.081 rows=23573656 loops=1)
        Filter: (role_id > 1)
        Rows Removed by Filter: 12670688
  ->  Hash  (cost=440285.96..440285.96 rows=123917 width=8) (actual time=8289.863..8289.863 rows=461305 loops=1)
        Buckets: 131072 (originally 131072)  Batches: 8 (originally 2)  Memory Usage: 3227kB
        ->  Hash Join  (cost=78364.59..440285.96 rows=123917 width=8) (actual time=4129.675..8180.600 rows=461305 loops=1)
              Hash Cond: (mi.movie_id = t.id)
              ->  Seq Scan on movie_info mi  (cost=0.00..346232.03 rows=1158179 width=4) (actual time=2837.938..5755.688 rows=1204709 loops=1)
                    Filter: (info_type_id > 18)
                    Rows Removed by Filter: 13631011
              ->  Hash  (cost=73925.90..73925.90 rows=270535 width=4) (actual time=1290.908..1290.908 rows=374196 loops=1)
                    Buckets: 131072 (originally 131072)  Batches: 8 (originally 4)  Memory Usage: 3073kB
                    ->  Seq Scan on title t  (cost=0.00..73925.90 rows=270535 width=4) (actual time=298.725..1162.231 rows=374196 loops=1)
                          Filter: ((production_year < 2000) AND (kind_id = 1))
                          Rows Removed by Filter: 2154116
Planning time: 1.079 ms
Execution time: 43664.497 ms
