Seq Scan on title t  (cost=0.00..73925.90 rows=4532 width=0) (actual time=196.203..1150.006 rows=7858 loops=1)
  Filter: ((kind_id = 7) AND (production_year = 1975))
  Rows Removed by Filter: 2520454
Planning time: 0.292 ms
Execution time: 1151.935 ms
