Seq Scan on movie_info mi  (cost=0.00..346232.03 rows=17937 width=0) (actual time=1822.625..5281.045 rows=1444 loops=1)
  Filter: (info_type_id = 73)
  Rows Removed by Filter: 14834276
Planning time: 0.401 ms
Execution time: 5281.459 ms
