Seq Scan on movie_companies mc  (cost=0.00..51404.11 rows=1572826 width=0) (actual time=0.025..989.984 rows=1574976 loops=1)
  Filter: (company_id > 5808)
  Rows Removed by Filter: 1034153
Planning time: 0.314 ms
Execution time: 1196.051 ms
