Hash Join  (cost=138388.45..1074176.05 rows=1736976 width=0) (actual time=7279.267..22201.079 rows=1760634 loops=1)
  Hash Cond: (ci.movie_id = t.id)
  ->  Seq Scan on cast_info ci  (cost=0.00..796071.18 rows=10439108 width=4) (actual time=4464.771..15977.283 rows=6807136 loops=1)
        Filter: ((person_id < 3130268) AND (role_id > 3))
        Rows Removed by Filter: 29437208
  ->  Hash  (cost=131485.39..131485.39 rows=420725 width=8) (actual time=2813.221..2813.221 rows=236601 loops=1)
        Buckets: 131072  Batches: 8  Memory Usage: 2185kB
        ->  Hash Join  (cost=86573.65..131485.39 rows=420725 width=8) (actual time=1666.862..2741.585 rows=236601 loops=1)
              Hash Cond: (mi_idx.movie_id = t.id)
              ->  Seq Scan on movie_info_idx mi_idx  (cost=0.00..21735.35 rows=1380035 width=4) (actual time=0.031..468.244 rows=1380035 loops=1)
              ->  Hash  (cost=73925.90..73925.90 rows=770860 width=4) (actual time=1512.440..1512.440 rows=682281 loops=1)
                    Buckets: 131072  Batches: 16  Memory Usage: 2522kB
                    ->  Seq Scan on title t  (cost=0.00..73925.90 rows=770860 width=4) (actual time=37.122..1291.047 rows=682281 loops=1)
                          Filter: ((production_year < 2004) AND (kind_id = 7))
                          Rows Removed by Filter: 1846031
Planning time: 1.177 ms
Execution time: 22414.581 ms
