Seq Scan on movie_keyword mk  (cost=0.00..81003.12 rows=4071999 width=0) (actual time=0.017..1600.616 rows=4058790 loops=1)
  Filter: (keyword_id > 353)
  Rows Removed by Filter: 465140
Planning time: 0.329 ms
Execution time: 2106.332 ms
