Hash Join  (cost=139022.77..937412.32 rows=2083 width=0) (actual time=4306.285..12907.024 rows=6039 loops=1)
  Hash Cond: (ci.movie_id = t.id)
  ->  Seq Scan on cast_info ci  (cost=0.00..796071.18 rows=612677 width=4) (actual time=2842.550..11222.245 rows=1199100 loops=1)
        Filter: ((person_id < 166415) AND (role_id = 1))
        Rows Removed by Filter: 35045244
  ->  Hash  (cost=138915.34..138915.34 rows=8595 width=8) (actual time=1463.332..1463.332 rows=7873 loops=1)
        Buckets: 16384  Batches: 1  Memory Usage: 436kB
        ->  Nested Loop  (cost=0.43..138915.34 rows=8595 width=8) (actual time=0.177..1459.181 rows=7873 loops=1)
              ->  Seq Scan on movie_keyword mk  (cost=0.00..81003.12 rows=8595 width=4) (actual time=0.055..1231.360 rows=7873 loops=1)
                    Filter: (keyword_id = 3)
                    Rows Removed by Filter: 4516057
              ->  Index Only Scan using title_pkey on title t  (cost=0.43..6.73 rows=1 width=4) (actual time=0.028..0.028 rows=1 loops=7873)
                    Index Cond: (id = mk.movie_id)
                    Heap Fetches: 7873
Planning time: 1.144 ms
Execution time: 12908.213 ms
