Seq Scan on movie_companies mc  (cost=0.00..51404.11 rows=104 width=0) (actual time=27.900..805.865 rows=136 loops=1)
  Filter: (company_id = 116)
  Rows Removed by Filter: 2608993
Planning time: 0.341 ms
Execution time: 806.002 ms
