Seq Scan on cast_info ci  (cost=0.00..796071.18 rows=6272766 width=0) (actual time=5782.042..13776.138 rows=2753823 loops=1)
  Filter: ((person_id < 2740119) AND (role_id > 5))
  Rows Removed by Filter: 33490521
Planning time: 0.244 ms
Execution time: 14115.774 ms
