Hash Join  (cost=87245.25..937130.83 rows=4058373 width=0) (actual time=10229.014..20652.955 rows=3323108 loops=1)
  Hash Cond: (ci.movie_id = t.id)
  ->  Seq Scan on cast_info ci  (cost=0.00..705507.15 rows=8572187 width=4) (actual time=8587.726..13638.925 rows=8486314 loops=1)
        Filter: (role_id > 5)
        Rows Removed by Filter: 27758030
  ->  Hash  (cost=67604.59..67604.59 rows=1197093 width=4) (actual time=1640.265..1640.265 rows=1195923 loops=1)
        Buckets: 131072  Batches: 16  Memory Usage: 3653kB
        ->  Seq Scan on title t  (cost=0.00..67604.59 rows=1197093 width=4) (actual time=0.028..1168.545 rows=1195923 loops=1)
              Filter: (production_year < 2003)
              Rows Removed by Filter: 1332389
Planning time: 0.736 ms
Execution time: 21032.409 ms
