Nested Loop  (cost=0.43..447891.89 rows=10783 width=0) (actual time=2625.465..6484.907 rows=610 loops=1)
  ->  Seq Scan on movie_info mi  (cost=0.00..346232.03 rows=17937 width=4) (actual time=2475.954..5297.667 rows=147487 loops=1)
        Filter: (info_type_id = 107)
        Rows Removed by Filter: 14688233
  ->  Index Scan using title_pkey on title t  (cost=0.43..5.66 rows=1 width=4) (actual time=0.008..0.008 rows=0 loops=147487)
        Index Cond: (id = mi.movie_id)
        Filter: ((kind_id > 1) AND (production_year < 2011))
        Rows Removed by Filter: 1
Planning time: 0.812 ms
Execution time: 6485.211 ms
