Nested Loop  (cost=0.43..83071.67 rows=246 width=0) (actual time=17.480..1238.562 rows=508 loops=1)
  ->  Seq Scan on movie_keyword mk  (cost=0.00..81003.12 rows=246 width=4) (actual time=17.399..1221.498 rows=508 loops=1)
        Filter: (keyword_id = 20003)
        Rows Removed by Filter: 4523422
  ->  Index Only Scan using title_pkey on title t  (cost=0.43..8.40 rows=1 width=4) (actual time=0.031..0.032 rows=1 loops=508)
        Index Cond: (id = mk.movie_id)
        Heap Fetches: 508
Planning time: 0.752 ms
Execution time: 1238.855 ms
