Hash Join  (cost=95386.25..182214.74 rows=17045 width=0) (actual time=1700.391..3544.614 rows=87963 loops=1)
  Hash Cond: (mk.movie_id = t.id)
  ->  Seq Scan on movie_keyword mk  (cost=0.00..69693.30 rows=4523930 width=4) (actual time=0.016..997.780 rows=4523930 loops=1)
  ->  Hash  (cost=95267.16..95267.16 rows=9527 width=8) (actual time=1699.962..1699.962 rows=11514 loops=1)
        Buckets: 16384  Batches: 1  Memory Usage: 578kB
        ->  Hash Join  (cost=68257.79..95267.16 rows=9527 width=8) (actual time=1112.662..1694.605 rows=11514 loops=1)
              Hash Cond: (mi_idx.movie_id = t.id)
              ->  Seq Scan on movie_info_idx mi_idx  (cost=0.00..25185.44 rows=460978 width=4) (actual time=0.006..431.533 rows=459925 loops=1)
                    Filter: (info_type_id = 99)
                    Rows Removed by Filter: 920110
              ->  Hash  (cost=67604.59..67604.59 rows=52256 width=4) (actual time=1112.310..1112.310 rows=53013 loops=1)
                    Buckets: 65536  Batches: 1  Memory Usage: 2376kB
                    ->  Seq Scan on title t  (cost=0.00..67604.59 rows=52256 width=4) (actual time=0.020..1090.199 rows=53013 loops=1)
                          Filter: (production_year = 2000)
                          Rows Removed by Filter: 2475299
Planning time: 0.751 ms
Execution time: 3556.170 ms
