Hash Join  (cost=83072.42..918674.81 rows=46 width=0) (actual time=1221.934..17198.164 rows=126 loops=1)
  Hash Cond: (ci.movie_id = t.id)
  ->  Seq Scan on cast_info ci  (cost=0.00..796071.18 rows=10541534 width=4) (actual time=0.032..14325.865 rows=12596273 loops=1)
        Filter: ((person_id < 1560568) AND (role_id < 4))
        Rows Removed by Filter: 23648071
  ->  Hash  (cost=83072.29..83072.29 rows=11 width=8) (actual time=1135.937..1135.937 rows=8 loops=1)
        Buckets: 1024  Batches: 1  Memory Usage: 9kB
        ->  Nested Loop  (cost=0.43..83072.29 rows=11 width=8) (actual time=25.645..1135.918 rows=8 loops=1)
              ->  Seq Scan on movie_keyword mk  (cost=0.00..81003.12 rows=246 width=4) (actual time=14.321..1133.504 rows=55 loops=1)
                    Filter: (keyword_id = 26588)
                    Rows Removed by Filter: 4523875
              ->  Index Scan using title_pkey on title t  (cost=0.43..8.40 rows=1 width=4) (actual time=0.039..0.039 rows=0 loops=55)
                    Index Cond: (id = mk.movie_id)
                    Filter: (kind_id = 4)
                    Rows Removed by Filter: 1
Planning time: 0.776 ms
Execution time: 17198.484 ms
