Hash Join  (cost=92883.59..1105575.90 rows=9706884 width=0) (actual time=1877.953..26008.038 rows=9062019 loops=1)
  Hash Cond: (ci.movie_id = t.id)
  ->  Seq Scan on cast_info ci  (cost=0.00..705507.15 rows=15929464 width=4) (actual time=0.032..13517.075 rows=15825293 loops=1)
        Filter: (person_id < 1564221)
        Rows Removed by Filter: 20419051
  ->  Hash  (cost=67604.59..67604.59 rows=1540800 width=4) (actual time=1876.800..1876.800 rows=1543264 loops=1)
        Buckets: 131072  Batches: 32  Memory Usage: 2722kB
        ->  Seq Scan on title t  (cost=0.00..67604.59 rows=1540800 width=4) (actual time=0.019..1368.844 rows=1543264 loops=1)
              Filter: (kind_id = 7)
              Rows Removed by Filter: 985048
Planning time: 9.349 ms
Execution time: 26967.428 ms
