Hash Join  (cost=68438.72..976863.00 rows=738715 width=0) (actual time=1021.156..27601.785 rows=815052 loops=1)
  Hash Cond: (ci.movie_id = t.id)
  ->  Seq Scan on cast_info ci  (cost=0.00..796071.18 rows=27990918 width=4) (actual time=0.028..17959.718 rows=30122668 loops=1)
        Filter: ((person_id < 3300858) AND (role_id < 10))
        Rows Removed by Filter: 6121676
  ->  Hash  (cost=67604.59..67604.59 rows=66731 width=4) (actual time=1020.458..1020.458 rows=67342 loops=1)
        Buckets: 131072  Batches: 1  Memory Usage: 3392kB
        ->  Seq Scan on title t  (cost=0.00..67604.59 rows=66731 width=4) (actual time=0.031..991.524 rows=67342 loops=1)
              Filter: (production_year > 2012)
              Rows Removed by Filter: 2460970
Planning time: 0.736 ms
Execution time: 27716.924 ms
