Hash Join  (cost=160737.19..514751.39 rows=3186 width=0) (actual time=4115.606..8536.873 rows=8200 loops=1)
  Hash Cond: (mi.movie_id = t.id)
  ->  Seq Scan on movie_info mi  (cost=0.00..346232.03 rows=1550064 width=4) (actual time=1234.681..5484.893 rows=1533909 loops=1)
        Filter: (info_type_id = 3)
        Rows Removed by Filter: 13301811
  ->  Hash  (cost=160672.23..160672.23 rows=5197 width=8) (actual time=2816.467..2816.467 rows=4847 loops=1)
        Buckets: 8192  Batches: 1  Memory Usage: 254kB
        ->  Hash Join  (cost=73962.22..160672.23 rows=5197 width=8) (actual time=979.757..2814.289 rows=4847 loops=1)
              Hash Cond: (mk.movie_id = t.id)
              ->  Seq Scan on movie_keyword mk  (cost=0.00..69693.30 rows=4523930 width=4) (actual time=0.037..981.183 rows=4523930 loops=1)
              ->  Hash  (cost=73925.90..73925.90 rows=2905 width=4) (actual time=974.396..974.396 rows=4012 loops=1)
                    Buckets: 4096  Batches: 1  Memory Usage: 174kB
                    ->  Seq Scan on title t  (cost=0.00..73925.90 rows=2905 width=4) (actual time=0.273..972.341 rows=4012 loops=1)
                          Filter: ((kind_id < 7) AND (production_year = 1920))
                          Rows Removed by Filter: 2524300
Planning time: 1.160 ms
Execution time: 8538.242 ms
