Seq Scan on movie_keyword mk  (cost=0.00..81003.12 rows=2962511 width=0) (actual time=0.030..1403.691 rows=2954340 loops=1)
  Filter: (keyword_id > 2361)
  Rows Removed by Filter: 1569590
Planning time: 0.309 ms
Execution time: 1757.997 ms
