Hash Join  (cost=291025.69..1786050.03 rows=36081913 width=0) (actual time=12847.261..88884.978 rows=41460422 loops=1)
  Hash Cond: (ci.movie_id = t.id)
  ->  Seq Scan on cast_info ci  (cost=0.00..614943.12 rows=36225612 width=4) (actual time=0.019..40932.349 rows=36244344 loops=1)
  ->  Hash  (cost=249706.48..249706.48 rows=2518497 width=8) (actual time=12843.755..12843.755 rows=1319449 loops=1)
        Buckets: 131072  Batches: 64  Memory Usage: 1825kB
        ->  Hash Join  (cost=97020.47..249706.48 rows=2518497 width=8) (actual time=5407.047..12452.585 rows=1319449 loops=1)
              Hash Cond: (mk.movie_id = t.id)
              ->  Seq Scan on movie_keyword mk  (cost=0.00..69693.30 rows=4523930 width=4) (actual time=0.013..4099.703 rows=4523930 loops=1)
              ->  Hash  (cost=73925.90..73925.90 rows=1407645 width=4) (actual time=5403.556..5403.556 rows=1521773 loops=1)
                    Buckets: 131072  Batches: 32  Memory Usage: 2710kB
                    ->  Seq Scan on title t  (cost=0.00..73925.90 rows=1407645 width=4) (actual time=0.017..4792.327 rows=1521773 loops=1)
                          Filter: ((kind_id > 2) AND (production_year > 1975))
                          Rows Removed by Filter: 1006539
Planning time: 1.646 ms
Execution time: 93897.511 ms
