Hash Join  (cost=263115.61..437115.87 rows=3504478 width=0) (actual time=6485.834..16562.217 rows=27171229 loops=1)
  Hash Cond: (mk.movie_id = t.id)
  ->  Seq Scan on movie_keyword mk  (cost=0.00..81003.12 rows=3396217 width=4) (actual time=0.019..1757.137 rows=3388058 loops=1)
        Filter: (keyword_id > 1263)
        Rows Removed by Filter: 1135872
  ->  Hash  (cost=220309.49..220309.49 rows=2609129 width=8) (actual time=6483.369..6483.369 rows=2609129 loops=1)
        Buckets: 131072  Batches: 64  Memory Usage: 2691kB
        ->  Hash Join  (cost=102767.86..220309.49 rows=2609129 width=8) (actual time=2009.783..5669.169 rows=2609129 loops=1)
              Hash Cond: (mc.movie_id = t.id)
              ->  Seq Scan on movie_companies mc  (cost=0.00..44881.29 rows=2609129 width=4) (actual time=0.012..1017.153 rows=2609129 loops=1)
              ->  Hash  (cost=61283.27..61283.27 rows=2528527 width=4) (actual time=2008.797..2008.797 rows=2528312 loops=1)
                    Buckets: 131072  Batches: 64  Memory Usage: 2415kB
                    ->  Seq Scan on title t  (cost=0.00..61283.27 rows=2528527 width=4) (actual time=0.017..1149.764 rows=2528312 loops=1)
Planning time: 1.053 ms
Execution time: 19575.465 ms
