Hash Join  (cost=175389.88..214197.00 rows=64964 width=0) (actual time=8487.081..10256.971 rows=342127 loops=1)
  Hash Cond: (mi_idx.movie_id = t.id)
  ->  Seq Scan on movie_info_idx mi_idx  (cost=0.00..21735.35 rows=1380035 width=4) (actual time=0.021..1154.582 rows=1380035 loops=1)
  ->  Hash  (cost=173437.01..173437.01 rows=119029 width=8) (actual time=8406.040..8406.040 rows=235042 loops=1)
        Buckets: 131072 (originally 131072)  Batches: 4 (originally 2)  Memory Usage: 3323kB
        ->  Hash Join  (cost=102767.86..173437.01 rows=119029 width=8) (actual time=6412.313..8326.891 rows=235042 loops=1)
              Hash Cond: (mc.movie_id = t.id)
              ->  Seq Scan on movie_companies mc  (cost=0.00..57926.93 rows=119029 width=4) (actual time=1240.778..2481.460 rows=235042 loops=1)
                    Filter: ((company_id > 104147) AND (company_type_id = 2))
                    Rows Removed by Filter: 2374087
              ->  Hash  (cost=61283.27..61283.27 rows=2528527 width=4) (actual time=5169.513..5169.513 rows=2528312 loops=1)
                    Buckets: 131072  Batches: 64  Memory Usage: 2415kB
                    ->  Seq Scan on title t  (cost=0.00..61283.27 rows=2528527 width=4) (actual time=0.029..4028.974 rows=2528312 loops=1)
Planning time: 6.092 ms
Execution time: 10301.332 ms
