Hash Join  (cost=579711.95..1468416.10 rows=2388651 width=0) (actual time=14002.635..34595.931 rows=8745163 loops=1)
  Hash Cond: (ci.movie_id = t.id)
  ->  Seq Scan on cast_info ci  (cost=0.00..705507.15 rows=9468168 width=4) (actual time=0.015..14499.627 rows=9384703 loops=1)
        Filter: (role_id > 4)
        Rows Removed by Filter: 26859641
  ->  Hash  (cost=569246.16..569246.16 rows=637903 width=8) (actual time=14000.613..14000.613 rows=584216 loops=1)
        Buckets: 131072  Batches: 16  Memory Usage: 2463kB
        ->  Hash Join  (cost=69694.50..569246.16 rows=637903 width=8) (actual time=1247.205..13791.904 rows=584216 loops=1)
              Hash Cond: (mi.movie_id = t.id)
              ->  Seq Scan on movie_info mi  (cost=0.00..346232.03 rows=12665229 width=4) (actual time=0.022..7130.880 rows=12744652 loops=1)
                    Filter: (info_type_id > 2)
                    Rows Removed by Filter: 2091068
              ->  Hash  (cost=67604.59..67604.59 rows=127353 width=4) (actual time=1246.602..1246.602 rows=128696 loops=1)
                    Buckets: 131072  Batches: 2  Memory Usage: 3290kB
                    ->  Seq Scan on title t  (cost=0.00..67604.59 rows=127353 width=4) (actual time=0.014..1190.412 rows=128696 loops=1)
                          Filter: (production_year = 2009)
                          Rows Removed by Filter: 2399616
Planning time: 0.793 ms
Execution time: 35493.580 ms
