Hash Join  (cost=217305.49..1064117.24 rows=1308957 width=0) (actual time=7651.297..24551.978 rows=3252214 loops=1)
  Hash Cond: (ci.movie_id = t.id)
  ->  Seq Scan on cast_info ci  (cost=0.00..796071.18 rows=2866135 width=4) (actual time=1313.098..15518.928 rows=3224871 loops=1)
        Filter: ((person_id > 991790) AND (role_id = 3))
        Rows Removed by Filter: 33019473
  ->  Hash  (cost=198359.84..198359.84 rows=1154772 width=8) (actual time=6335.770..6335.770 rows=1274246 loops=1)
        Buckets: 131072 (originally 131072)  Batches: 32 (originally 16)  Memory Usage: 3073kB
        ->  Hash Join  (cost=102767.86..198359.84 rows=1154772 width=8) (actual time=3456.653..5950.205 rows=1274246 loops=1)
              Hash Cond: (mc.movie_id = t.id)
              ->  Seq Scan on movie_companies mc  (cost=0.00..57926.93 rows=1154772 width=4) (actual time=438.031..1416.933 rows=1274246 loops=1)
                    Filter: ((company_id < 99816) AND (company_type_id = 1))
                    Rows Removed by Filter: 1334883
              ->  Hash  (cost=61283.27..61283.27 rows=2528527 width=4) (actual time=2980.598..2980.598 rows=2528312 loops=1)
                    Buckets: 131072  Batches: 64  Memory Usage: 2415kB
                    ->  Seq Scan on title t  (cost=0.00..61283.27 rows=2528527 width=4) (actual time=0.013..1804.085 rows=2528312 loops=1)
Planning time: 2.789 ms
Execution time: 24917.832 ms
