Hash Join  (cost=797180.75..1161844.32 rows=764 width=0) (actual time=38795.998..58122.696 rows=599 loops=1)
  Hash Cond: (mi.movie_id = t.id)
  ->  Seq Scan on movie_info mi  (cost=0.00..309384.22 rows=14739122 width=4) (actual time=0.013..16483.332 rows=14835720 loops=1)
  ->  Hash  (cost=797179.11..797179.11 rows=131 width=8) (actual time=38377.930..38377.930 rows=1 loops=1)
        Buckets: 1024  Batches: 1  Memory Usage: 9kB
        ->  Nested Loop  (cost=0.43..797179.11 rows=131 width=8) (actual time=10542.951..38377.904 rows=1 loops=1)
              ->  Seq Scan on cast_info ci  (cost=0.00..796071.18 rows=131 width=4) (actual time=10542.825..38377.775 rows=1 loops=1)
                    Filter: ((role_id > 4) AND (person_id = 547522))
                    Rows Removed by Filter: 36244343
              ->  Index Only Scan using title_pkey on title t  (cost=0.43..8.45 rows=1 width=4) (actual time=0.068..0.069 rows=1 loops=1)
                    Index Cond: (id = ci.movie_id)
                    Heap Fetches: 1
Planning time: 1.242 ms
Execution time: 58122.918 ms
