Seq Scan on movie_companies mc  (cost=0.00..57926.93 rows=53 width=0) (actual time=1750.287..2266.516 rows=2 loops=1)
  Filter: ((company_id = 87785) AND (company_type_id = 2))
  Rows Removed by Filter: 2609127
Planning time: 0.338 ms
Execution time: 2266.605 ms
