Seq Scan on movie_keyword mk  (cost=0.00..81003.12 rows=4204140 width=0) (actual time=0.032..1568.709 rows=4207678 loops=1)
  Filter: (keyword_id < 51584)
  Rows Removed by Filter: 316252
Planning time: 0.304 ms
Execution time: 2101.776 ms
