Seq Scan on cast_info ci  (cost=0.00..705507.15 rows=30962546 width=0) (actual time=0.030..13421.931 rows=31078433 loops=1)
  Filter: (person_id > 499760)
  Rows Removed by Filter: 5165911
Planning time: 1.986 ms
Execution time: 17268.481 ms
