Hash Join  (cost=921061.53..1000450.18 rows=314713 width=0) (actual time=14072.551..16170.631 rows=376854 loops=1)
  Hash Cond: (mc.movie_id = t.id)
  ->  Seq Scan on movie_companies mc  (cost=0.00..44881.29 rows=2609129 width=4) (actual time=0.025..882.257 rows=2609129 loops=1)
  ->  Hash  (cost=916057.14..916057.14 rows=304991 width=8) (actual time=14071.717..14071.717 rows=136922 loops=1)
        Buckets: 131072  Batches: 4  Memory Usage: 2357kB
        ->  Hash Join  (cost=102767.86..916057.14 rows=304991 width=8) (actual time=4811.096..14026.786 rows=136922 loops=1)
              Hash Cond: (ci.movie_id = t.id)
              ->  Seq Scan on cast_info ci  (cost=0.00..796071.18 rows=304991 width=4) (actual time=2861.750..11514.302 rows=136922 loops=1)
                    Filter: ((person_id < 108693) AND (role_id > 4))
                    Rows Removed by Filter: 36107422
              ->  Hash  (cost=61283.27..61283.27 rows=2528527 width=4) (actual time=1947.872..1947.872 rows=2528312 loops=1)
                    Buckets: 131072  Batches: 64  Memory Usage: 2415kB
                    ->  Seq Scan on title t  (cost=0.00..61283.27 rows=2528527 width=4) (actual time=0.023..1092.274 rows=2528312 loops=1)
Planning time: 1.180 ms
Execution time: 16217.513 ms
