Hash Join  (cost=144524.50..1056818.86 rows=3077770 width=0) (actual time=2877.417..23967.035 rows=3867012 loops=1)
  Hash Cond: (ci.movie_id = t.id)
  ->  Seq Scan on cast_info ci  (cost=0.00..705507.15 rows=15047600 width=4) (actual time=0.027..13399.662 rows=15211066 loops=1)
        Filter: (person_id > 2122113)
        Rows Removed by Filter: 21033278
  ->  Hash  (cost=136038.83..136038.83 rows=517174 width=8) (actual time=2876.514..2876.514 rows=290145 loops=1)
        Buckets: 131072  Batches: 8  Memory Usage: 2445kB
        ->  Hash Join  (cost=89472.60..136038.83 rows=517174 width=8) (actual time=1701.110..2800.288 rows=290145 loops=1)
              Hash Cond: (mi_idx.movie_id = t.id)
              ->  Seq Scan on movie_info_idx mi_idx  (cost=0.00..21735.35 rows=1380035 width=4) (actual time=0.016..458.322 rows=1380035 loops=1)
              ->  Hash  (cost=73925.90..73925.90 rows=947576 width=4) (actual time=1544.947..1544.947 rows=876037 loops=1)
                    Buckets: 131072  Batches: 16  Memory Usage: 2949kB
                    ->  Seq Scan on title t  (cost=0.00..73925.90 rows=947576 width=4) (actual time=303.488..1275.842 rows=876037 loops=1)
                          Filter: ((production_year < 2007) AND (kind_id = 7))
                          Rows Removed by Filter: 1652275
Planning time: 1.252 ms
Execution time: 24423.763 ms
