Hash Join  (cost=82805.75..810459.38 rows=445802 width=0) (actual time=3429.086..13327.611 rows=278431 loops=1)
  Hash Cond: (ci.movie_id = t.id)
  ->  Seq Scan on cast_info ci  (cost=0.00..705507.15 rows=1216655 width=4) (actual time=1407.523..10277.098 rows=1243008 loops=1)
        Filter: (person_id > 3821382)
        Rows Removed by Filter: 35001336
  ->  Hash  (cost=67604.59..67604.59 rows=926493 width=4) (actual time=2020.153..2020.153 rows=924605 loops=1)
        Buckets: 131072  Batches: 16  Memory Usage: 3056kB
        ->  Seq Scan on title t  (cost=0.00..67604.59 rows=926493 width=4) (actual time=0.042..1175.897 rows=924605 loops=1)
              Filter: (production_year < 1998)
              Rows Removed by Filter: 1603707
Planning time: 4.040 ms
Execution time: 13361.716 ms
