Hash Join  (cost=196267.42..278408.35 rows=514342 width=0) (actual time=3918.953..6519.296 rows=2278929 loops=1)
  Hash Cond: (mc.movie_id = t.id)
  ->  Seq Scan on movie_companies mc  (cost=0.00..44881.29 rows=2609129 width=4) (actual time=0.017..961.698 rows=2609129 loops=1)
  ->  Hash  (cost=188088.77..188088.77 rows=498452 width=8) (actual time=3917.814..3917.814 rows=298439 loops=1)
        Buckets: 131072  Batches: 8  Memory Usage: 2446kB
        ->  Hash Join  (cost=80562.70..188088.77 rows=498452 width=8) (actual time=1471.234..3826.305 rows=298439 loops=1)
              Hash Cond: (mk.movie_id = t.id)
              ->  Seq Scan on movie_keyword mk  (cost=0.00..81003.12 rows=1595846 width=4) (actual time=0.018..1445.048 rows=1601147 loops=1)
                    Filter: (keyword_id < 2484)
                    Rows Removed by Filter: 2922783
              ->  Hash  (cost=67604.59..67604.59 rows=789769 width=4) (actual time=1470.197..1470.197 rows=784926 loops=1)
                    Buckets: 131072  Batches: 16  Memory Usage: 2756kB
                    ->  Seq Scan on title t  (cost=0.00..67604.59 rows=789769 width=4) (actual time=0.027..1210.926 rows=784926 loops=1)
                          Filter: (production_year > 2007)
                          Rows Removed by Filter: 1743386
Planning time: 1.115 ms
Execution time: 6756.764 ms
