Seq Scan on cast_info ci  (cost=0.00..796071.18 rows=11834776 width=0) (actual time=0.030..15093.871 rows=6383593 loops=1)
  Filter: ((person_id < 2736166) AND (role_id > 2))
  Rows Removed by Filter: 29860751
Planning time: 0.369 ms
Execution time: 15887.360 ms
