Hash Join  (cost=83074.74..440815.49 rows=299 width=0) (actual time=1288.581..7088.903 rows=4464 loops=1)
  Hash Cond: (mi.movie_id = t.id)
  ->  Seq Scan on movie_info mi  (cost=0.00..346232.03 rows=3068194 width=4) (actual time=0.022..5332.418 rows=3036719 loops=1)
        Filter: (info_type_id = 16)
        Rows Removed by Filter: 11799001
  ->  Hash  (cost=83071.67..83071.67 rows=246 width=8) (actual time=1230.759..1230.759 rows=4361 loops=1)
        Buckets: 8192 (originally 1024)  Batches: 1 (originally 1)  Memory Usage: 235kB
        ->  Nested Loop  (cost=0.43..83071.67 rows=246 width=8) (actual time=53.172..1228.910 rows=4361 loops=1)
              ->  Seq Scan on movie_keyword mk  (cost=0.00..81003.12 rows=246 width=4) (actual time=47.935..1170.173 rows=4361 loops=1)
                    Filter: (keyword_id = 29032)
                    Rows Removed by Filter: 4519569
              ->  Index Only Scan using title_pkey on title t  (cost=0.43..8.40 rows=1 width=4) (actual time=0.013..0.013 rows=1 loops=4361)
                    Index Cond: (id = mk.movie_id)
                    Heap Fetches: 4361
Planning time: 4.888 ms
Execution time: 7089.624 ms
