Seq Scan on cast_info ci  (cost=0.00..796071.18 rows=324 width=0) (actual time=5865.510..14105.098 rows=465 loops=1)
  Filter: ((role_id > 1) AND (person_id = 896152))
  Rows Removed by Filter: 36243879
Planning time: 0.379 ms
Execution time: 14105.288 ms
