Hash Join  (cost=78846.40..1156784.67 rows=4296310 width=0) (actual time=1296.317..32118.495 rows=5623482 loops=1)
  Hash Cond: (ci.movie_id = t.id)
  ->  Seq Scan on cast_info ci  (cost=0.00..614943.12 rows=36225612 width=4) (actual time=0.013..13289.171 rows=36244344 loops=1)
  ->  Hash  (cost=73925.90..73925.90 rows=299880 width=4) (actual time=1295.596..1295.596 rows=391036 loops=1)
        Buckets: 131072 (originally 131072)  Batches: 8 (originally 4)  Memory Usage: 3073kB
        ->  Seq Scan on title t  (cost=0.00..73925.90 rows=299880 width=4) (actual time=312.571..1167.849 rows=391036 loops=1)
              Filter: ((production_year < 2002) AND (kind_id = 1))
              Rows Removed by Filter: 2137276
Planning time: 0.824 ms
Execution time: 32722.328 ms
