Seq Scan on title t  (cost=0.00..73925.90 rows=38054 width=0) (actual time=0.029..1087.962 rows=26139 loops=1)
  Filter: ((kind_id < 3) AND (production_year = 2008))
  Rows Removed by Filter: 2502173
Planning time: 0.349 ms
Execution time: 1093.518 ms
