Hash Join  (cost=102767.86..1181515.72 rows=15100721 width=0) (actual time=1927.830..28501.052 rows=15252028 loops=1)
  Hash Cond: (ci.movie_id = t.id)
  ->  Seq Scan on cast_info ci  (cost=0.00..705507.15 rows=15100721 width=4) (actual time=0.020..13311.835 rows=15252028 loops=1)
        Filter: (person_id > 2117307)
        Rows Removed by Filter: 20992316
  ->  Hash  (cost=61283.27..61283.27 rows=2528527 width=4) (actual time=1926.445..1926.445 rows=2528312 loops=1)
        Buckets: 131072  Batches: 64  Memory Usage: 2415kB
        ->  Seq Scan on title t  (cost=0.00..61283.27 rows=2528527 width=4) (actual time=0.021..1078.785 rows=2528312 loops=1)
Planning time: 0.789 ms
Execution time: 30314.032 ms
