Hash Join  (cost=603667.93..1626465.13 rows=8407942 width=0) (actual time=19438.043..35899.193 rows=5633415 loops=1)
  Hash Cond: (ci.movie_id = t.id)
  ->  Seq Scan on cast_info ci  (cost=0.00..705507.15 rows=12726058 width=4) (actual time=4804.351..13507.741 rows=12670688 loops=1)
        Filter: (role_id = 1)
        Rows Removed by Filter: 23573656
  ->  Hash  (cost=576259.85..576259.85 rows=1670566 width=8) (actual time=14632.148..14632.148 rows=828524 loops=1)
        Buckets: 131072  Batches: 32  Memory Usage: 1965kB
        ->  Hash Join  (cost=78628.27..576259.85 rows=1670566 width=8) (actual time=1237.044..14046.660 rows=828524 loops=1)
              Hash Cond: (mi.movie_id = t.id)
              ->  Seq Scan on movie_info mi  (cost=0.00..309384.22 rows=14739122 width=4) (actual time=0.035..6118.481 rows=14835720 loops=1)
              ->  Hash  (cost=73925.90..73925.90 rows=286589 width=4) (actual time=1142.367..1142.367 rows=177340 loops=1)
                    Buckets: 131072  Batches: 4  Memory Usage: 2587kB
                    ->  Seq Scan on title t  (cost=0.00..73925.90 rows=286589 width=4) (actual time=54.983..1079.898 rows=177340 loops=1)
                          Filter: ((production_year < 1977) AND (kind_id = 7))
                          Rows Removed by Filter: 2350972
Planning time: 2.088 ms
Execution time: 36585.547 ms
