Seq Scan on movie_keyword mk  (cost=0.00..81003.12 rows=4038044 width=0) (actual time=0.023..1587.650 rows=4042861 loops=1)
  Filter: (keyword_id < 37214)
  Rows Removed by Filter: 481069
Planning time: 0.338 ms
Execution time: 2077.300 ms
