Seq Scan on movie_companies mc  (cost=0.00..57926.93 rows=53 width=0) (actual time=37.291..788.321 rows=20 loops=1)
  Filter: ((company_type_id > 1) AND (company_id = 23468))
  Rows Removed by Filter: 2609109
Planning time: 0.570 ms
Execution time: 788.428 ms
