Hash Join  (cost=70342.62..185627.10 rows=181588 width=0) (actual time=1089.639..4163.535 rows=329902 loops=1)
  Hash Cond: (mk.movie_id = t.id)
  ->  Seq Scan on movie_keyword mk  (cost=0.00..81003.12 rows=2751325 width=4) (actual time=0.026..1576.437 rows=2743825 loops=1)
        Filter: (keyword_id > 2879)
        Rows Removed by Filter: 1780105
  ->  Hash  (cost=67604.59..67604.59 rows=166883 width=4) (actual time=1088.187..1088.187 rows=168947 loops=1)
        Buckets: 131072  Batches: 4  Memory Usage: 2513kB
        ->  Seq Scan on title t  (cost=0.00..67604.59 rows=166883 width=4) (actual time=0.021..1029.416 rows=168947 loops=1)
              Filter: (production_year < 1951)
              Rows Removed by Filter: 2359365
Planning time: 0.688 ms
Execution time: 4206.033 ms
