Hash Join  (cost=97725.07..710142.74 rows=10701584 width=0) (actual time=1896.162..18275.588 rows=9631551 loops=1)
  Hash Cond: (mi.movie_id = t.id)
  ->  Seq Scan on movie_info mi  (cost=0.00..309384.22 rows=14739122 width=4) (actual time=0.023..5755.865 rows=14835720 loops=1)
  ->  Hash  (cost=67604.59..67604.59 rows=1835879 width=4) (actual time=1895.183..1895.183 rows=1833367 loops=1)
        Buckets: 131072  Batches: 32  Memory Usage: 3053kB
        ->  Seq Scan on title t  (cost=0.00..67604.59 rows=1835879 width=4) (actual time=0.022..1272.674 rows=1833367 loops=1)
              Filter: (production_year > 1986)
              Rows Removed by Filter: 694945
Planning time: 0.808 ms
Execution time: 19363.989 ms
