Hash Join  (cost=74124.68..161067.23 rows=28451 width=0) (actual time=1022.220..2711.639 rows=71019 loops=1)
  Hash Cond: (mk.movie_id = t.id)
  ->  Seq Scan on movie_keyword mk  (cost=0.00..69693.30 rows=4523930 width=4) (actual time=0.023..846.691 rows=4523930 loops=1)
  ->  Hash  (cost=73925.90..73925.90 rows=15902 width=4) (actual time=1020.920..1020.920 rows=12969 loops=1)
        Buckets: 16384  Batches: 1  Memory Usage: 584kB
        ->  Seq Scan on title t  (cost=0.00..73925.90 rows=15902 width=4) (actual time=0.121..1015.477 rows=12969 loops=1)
              Filter: ((kind_id < 7) AND (production_year = 1997))
              Rows Removed by Filter: 2515343
Planning time: 0.753 ms
Execution time: 2721.166 ms
