Seq Scan on movie_companies mc  (cost=0.00..51404.11 rows=104 width=0) (actual time=171.205..779.872 rows=139 loops=1)
  Filter: (company_id = 12006)
  Rows Removed by Filter: 2608990
Planning time: 0.363 ms
Execution time: 779.991 ms
