Seq Scan on movie_keyword mk  (cost=0.00..81003.12 rows=2462428 width=0) (actual time=0.026..4837.571 rows=2444170 loops=1)
  Filter: (keyword_id > 3678)
  Rows Removed by Filter: 2079760
Planning time: 0.299 ms
Execution time: 5289.727 ms
