Hash Join  (cost=74594.78..129812.46 rows=55216 width=0) (actual time=3640.711..6968.253 rows=91842 loops=1)
  Hash Cond: (mc.movie_id = t.id)
  ->  Seq Scan on movie_companies mc  (cost=0.00..44881.29 rows=2609129 width=4) (actual time=0.021..2550.471 rows=2609129 loops=1)
  ->  Hash  (cost=73925.90..73925.90 rows=53510 width=4) (actual time=3507.497..3507.497 rows=40884 loops=1)
        Buckets: 65536  Batches: 1  Memory Usage: 1950kB
        ->  Seq Scan on title t  (cost=0.00..73925.90 rows=53510 width=4) (actual time=1821.999..3487.032 rows=40884 loops=1)
              Filter: ((production_year > 2001) AND (kind_id = 3))
              Rows Removed by Filter: 2487428
Planning time: 2.431 ms
Execution time: 6983.799 ms
