Seq Scan on cast_info ci  (cost=0.00..796071.18 rows=104630 width=0) (actual time=7261.632..9883.663 rows=745434 loops=1)
  Filter: ((person_id > 3887064) AND (role_id = 10))
  Rows Removed by Filter: 35498910
Planning time: 0.384 ms
Execution time: 9977.564 ms
