Hash Join  (cost=259910.22..361512.39 rows=1689523 width=0) (actual time=13050.726..23634.840 rows=12931914 loops=1)
  Hash Cond: (mc.movie_id = t.id)
  ->  Seq Scan on movie_companies mc  (cost=0.00..44881.29 rows=2609129 width=4) (actual time=0.019..3576.624 rows=2609129 loops=1)
  ->  Hash  (cost=233047.60..233047.60 rows=1637330 width=8) (actual time=13049.304..13049.304 rows=1645468 loops=1)
        Buckets: 131072  Batches: 32  Memory Usage: 3023kB
        ->  Hash Join  (cost=102767.86..233047.60 rows=1637330 width=8) (actual time=5708.754..12509.092 rows=1645468 loops=1)
              Hash Cond: (mk.movie_id = t.id)
              ->  Seq Scan on movie_keyword mk  (cost=0.00..81003.12 rows=1637330 width=4) (actual time=0.018..4826.454 rows=1645468 loops=1)
                    Filter: (keyword_id > 8937)
                    Rows Removed by Filter: 2878462
              ->  Hash  (cost=61283.27..61283.27 rows=2528527 width=4) (actual time=5707.912..5707.912 rows=2528312 loops=1)
                    Buckets: 131072  Batches: 64  Memory Usage: 2425kB
                    ->  Seq Scan on title t  (cost=0.00..61283.27 rows=2528527 width=4) (actual time=0.019..4317.060 rows=2528312 loops=1)
Planning time: 4.031 ms
Execution time: 25597.904 ms
