Nested Loop  (cost=44377.22..431294.25 rows=9790 width=0) (actual time=1854.190..5469.822 rows=40213 loops=1)
  Join Filter: (mi.movie_id = t.id)
  ->  Hash Join  (cost=44376.79..399813.99 rows=53320 width=8) (actual time=1854.056..5020.414 rows=40213 loops=1)
        Hash Cond: (mi.movie_id = mi_idx.movie_id)
        ->  Seq Scan on movie_info mi  (cost=0.00..346232.03 rows=17937 width=4) (actual time=888.560..3858.949 rows=13698 loops=1)
              Filter: (info_type_id = 97)
              Rows Removed by Filter: 14822022
        ->  Hash  (cost=21735.35..21735.35 rows=1380035 width=4) (actual time=918.372..918.372 rows=1380035 loops=1)
              Buckets: 131072  Batches: 32  Memory Usage: 2557kB
              ->  Seq Scan on movie_info_idx mi_idx  (cost=0.00..21735.35 rows=1380035 width=4) (actual time=0.027..488.862 rows=1380035 loops=1)
  ->  Index Only Scan using title_pkey on title t  (cost=0.43..0.58 rows=1 width=4) (actual time=0.010..0.011 rows=1 loops=40213)
        Index Cond: (id = mi_idx.movie_id)
        Heap Fetches: 40213
Planning time: 1.102 ms
Execution time: 5476.979 ms
