Hash Join  (cost=210378.24..258620.70 rows=614897 width=0) (actual time=11767.911..15650.569 rows=2232866 loops=1)
  Hash Cond: (mi_idx.movie_id = t.id)
  ->  Seq Scan on movie_info_idx mi_idx  (cost=0.00..21735.35 rows=1380035 width=4) (actual time=0.030..1816.786 rows=1380035 loops=1)
  ->  Hash  (cost=191894.42..191894.42 rows=1126626 width=8) (actual time=11767.217..11767.217 rows=1206606 loops=1)
        Buckets: 131072  Batches: 16  Memory Usage: 3962kB
        ->  Hash Join  (cost=104131.46..191894.42 rows=1126626 width=8) (actual time=7293.516..11355.183 rows=1206606 loops=1)
              Hash Cond: (mc.movie_id = t.id)
              ->  Seq Scan on movie_companies mc  (cost=0.00..51404.11 rows=1279517 width=4) (actual time=855.511..3244.247 rows=1274246 loops=1)
                    Filter: (company_type_id = 1)
                    Rows Removed by Filter: 1334883
              ->  Hash  (cost=67604.59..67604.59 rows=2226390 width=4) (actual time=6437.202..6437.202 rows=2224569 loops=1)
                    Buckets: 131072  Batches: 32  Memory Usage: 3463kB
                    ->  Seq Scan on title t  (cost=0.00..67604.59 rows=2226390 width=4) (actual time=0.021..5143.378 rows=2224569 loops=1)
                          Filter: (production_year < 2012)
                          Rows Removed by Filter: 303743
Planning time: 3.819 ms
Execution time: 15966.167 ms
