Hash Join  (cost=499944.25..645757.01 rows=1954372 width=0) (actual time=30727.706..32924.045 rows=1035325 loops=1)
  Hash Cond: (mk.movie_id = t.id)
  ->  Seq Scan on movie_keyword mk  (cost=0.00..69693.30 rows=4523930 width=4) (actual time=0.015..5082.025 rows=4523930 loops=1)
  ->  Hash  (cost=482022.96..482022.96 rows=1092343 width=8) (actual time=24752.729..24752.729 rows=326735 loops=1)
        Buckets: 131072  Batches: 16  Memory Usage: 1814kB
        ->  Hash Join  (cost=94574.69..482022.96 rows=1092343 width=8) (actual time=11543.311..24618.664 rows=326735 loops=1)
              Hash Cond: (mi.movie_id = t.id)
              ->  Seq Scan on movie_info mi  (cost=0.00..346232.03 rows=2194617 width=4) (actual time=6032.123..17149.250 rows=2233850 loops=1)
                    Filter: (info_type_id > 16)
                    Rows Removed by Filter: 12601870
              ->  Hash  (cost=73925.90..73925.90 rows=1258543 width=4) (actual time=5363.485..5363.485 rows=1221534 loops=1)
                    Buckets: 131072  Batches: 32  Memory Usage: 2369kB
                    ->  Seq Scan on title t  (cost=0.00..73925.90 rows=1258543 width=4) (actual time=663.494..4757.591 rows=1221534 loops=1)
                          Filter: ((production_year < 2011) AND (kind_id = 7))
                          Rows Removed by Filter: 1306778
Planning time: 1.131 ms
Execution time: 33062.216 ms
