Hash Join  (cost=443096.09..539533.44 rows=78625 width=0) (actual time=22709.939..30551.590 rows=6805294 loops=1)
  Hash Cond: (mk.movie_id = t.id)
  ->  Seq Scan on movie_keyword mk  (cost=0.00..81003.12 rows=1211192 width=4) (actual time=0.020..5023.785 rows=1212659 loops=1)
        Filter: (keyword_id < 1527)
        Rows Removed by Filter: 3311271
  ->  Hash  (cost=440402.33..440402.33 rows=164141 width=8) (actual time=22708.806..22708.806 rows=460095 loops=1)
        Buckets: 131072 (originally 131072)  Batches: 8 (originally 4)  Memory Usage: 3338kB
        ->  Hash Join  (cost=83810.17..440402.33 rows=164141 width=8) (actual time=19759.066..22482.114 rows=460095 loops=1)
              Hash Cond: (mi.movie_id = t.id)
              ->  Seq Scan on movie_info mi  (cost=0.00..346232.03 rows=420192 width=4) (actual time=15143.160..17048.243 rows=465636 loops=1)
                    Filter: (info_type_id > 103)
                    Rows Removed by Filter: 14370084
              ->  Hash  (cost=67604.59..67604.59 rows=987727 width=4) (actual time=4607.475..4607.475 rows=985048 loops=1)
                    Buckets: 131072  Batches: 16  Memory Usage: 3197kB
                    ->  Seq Scan on title t  (cost=0.00..67604.59 rows=987727 width=4) (actual time=0.028..4186.184 rows=985048 loops=1)
                          Filter: (kind_id < 7)
                          Rows Removed by Filter: 1543264
Planning time: 0.823 ms
Execution time: 31531.107 ms
