Hash Join  (cost=97892.67..668556.47 rows=8515088 width=0) (actual time=8033.548..37442.972 rows=3937344 loops=1)
  Hash Cond: (mi.movie_id = t.id)
  ->  Seq Scan on movie_info mi  (cost=0.00..309384.22 rows=14739122 width=4) (actual time=0.020..20765.541 rows=14835720 loops=1)
  ->  Hash  (cost=73925.90..73925.90 rows=1460781 width=4) (actual time=5334.451..5334.451 rows=1478439 loops=1)
        Buckets: 131072  Batches: 32  Memory Usage: 2656kB
        ->  Seq Scan on title t  (cost=0.00..73925.90 rows=1460781 width=4) (actual time=0.023..4467.721 rows=1478439 loops=1)
              Filter: ((production_year > 1915) AND (kind_id = 7))
              Rows Removed by Filter: 1049873
Planning time: 14.036 ms
Execution time: 37994.929 ms
