Seq Scan on movie_keyword mk  (cost=0.00..81003.12 rows=1878002 width=0) (actual time=0.024..4444.892 rows=1886806 loops=1)
  Filter: (keyword_id > 7266)
  Rows Removed by Filter: 2637124
Planning time: 6.636 ms
Execution time: 4766.122 ms
