Hash Join  (cost=98137.04..1046914.90 rows=5306267 width=0) (actual time=5976.235..49170.738 rows=2116287 loops=1)
  Hash Cond: (ci.movie_id = t.id)
  ->  Seq Scan on cast_info ci  (cost=0.00..796071.18 rows=7209602 width=4) (actual time=1196.994..40601.127 rows=3084677 loops=1)
        Filter: ((person_id < 1083072) AND (role_id > 1))
        Rows Removed by Filter: 33159667
  ->  Hash  (cost=67604.59..67604.59 rows=1860996 width=4) (actual time=4777.953..4777.953 rows=1865487 loops=1)
        Buckets: 131072  Batches: 32  Memory Usage: 3079kB
        ->  Seq Scan on title t  (cost=0.00..67604.59 rows=1860996 width=4) (actual time=0.023..3991.476 rows=1865487 loops=1)
              Filter: (kind_id > 1)
              Rows Removed by Filter: 662825
Planning time: 0.758 ms
Execution time: 49491.742 ms
