Hash Join  (cost=100972.04..187683.54 rows=5346 width=0) (actual time=5715.863..10050.195 rows=6219 loops=1)
  Hash Cond: (mk.movie_id = t.id)
  ->  Seq Scan on movie_keyword mk  (cost=0.00..69693.30 rows=4523930 width=4) (actual time=0.019..3131.652 rows=4523930 loops=1)
  ->  Hash  (cost=100934.69..100934.69 rows=2988 width=8) (actual time=5699.596..5699.596 rows=3513 loops=1)
        Buckets: 4096  Batches: 1  Memory Usage: 170kB
        ->  Hash Join  (cost=73994.33..100934.69 rows=2988 width=8) (actual time=3761.700..5698.107 rows=3513 loops=1)
              Hash Cond: (mi_idx.movie_id = t.id)
              ->  Seq Scan on movie_info_idx mi_idx  (cost=0.00..21735.35 rows=1380035 width=4) (actual time=0.020..1341.260 rows=1380035 loops=1)
              ->  Hash  (cost=73925.90..73925.90 rows=5474 width=4) (actual time=3757.694..3757.694 rows=7792 loops=1)
                    Buckets: 8192  Batches: 1  Memory Usage: 338kB
                    ->  Seq Scan on title t  (cost=0.00..73925.90 rows=5474 width=4) (actual time=0.408..3753.422 rows=7792 loops=1)
                          Filter: ((kind_id > 1) AND (production_year = 1963))
                          Rows Removed by Filter: 2520520
Planning time: 1.029 ms
Execution time: 10051.208 ms
