Hash Join  (cost=135429.80..219555.05 rows=8854 width=0) (actual time=7118.363..11711.838 rows=216629 loops=1)
  Hash Cond: (mk.movie_id = t.id)
  ->  Seq Scan on movie_keyword mk  (cost=0.00..81003.12 rows=808958 width=4) (actual time=0.032..4287.154 rows=812309 loops=1)
        Filter: (keyword_id > 22597)
        Rows Removed by Filter: 3711621
  ->  Hash  (cost=135083.87..135083.87 rows=27674 width=8) (actual time=7116.242..7116.242 rows=41918 loops=1)
        Buckets: 65536 (originally 32768)  Batches: 1 (originally 1)  Memory Usage: 2150kB
        ->  Hash Join  (cost=74285.67..135083.87 rows=27674 width=8) (actual time=3119.453..7098.571 rows=41918 loops=1)
              Hash Cond: (mc.movie_id = t.id)
              ->  Seq Scan on movie_companies mc  (cost=0.00..51404.11 rows=2431294 width=4) (actual time=0.015..3266.010 rows=2428527 loops=1)
                    Filter: (company_id > 34)
                    Rows Removed by Filter: 180602
              ->  Hash  (cost=73925.90..73925.90 rows=28781 width=4) (actual time=3119.173..3119.173 rows=19082 loops=1)
                    Buckets: 32768  Batches: 1  Memory Usage: 927kB
                    ->  Seq Scan on title t  (cost=0.00..73925.90 rows=28781 width=4) (actual time=0.090..3109.948 rows=19082 loops=1)
                          Filter: ((kind_id < 3) AND (production_year = 2005))
                          Rows Removed by Filter: 2509230
Planning time: 1.202 ms
Execution time: 11746.064 ms
