Seq Scan on cast_info ci  (cost=0.00..796071.18 rows=674194 width=0) (actual time=6402.883..11254.063 rows=816717 loops=1)
  Filter: ((person_id < 114565) AND (role_id < 3))
  Rows Removed by Filter: 35427627
Planning time: 0.514 ms
Execution time: 11349.271 ms
