Hash Join  (cost=136025.51..222806.53 rows=16064 width=0) (actual time=7768.632..11197.969 rows=26670 loops=1)
  Hash Cond: (mk.movie_id = t.id)
  ->  Seq Scan on movie_keyword mk  (cost=0.00..81003.12 rows=1497933 width=4) (actual time=0.025..3950.937 rows=1517693 loops=1)
        Filter: (keyword_id > 10648)
        Rows Removed by Filter: 3006237
  ->  Hash  (cost=135686.56..135686.56 rows=27116 width=8) (actual time=6914.899..6914.899 rows=21686 loops=1)
        Buckets: 32768  Batches: 1  Memory Usage: 1104kB
        ->  Hash Join  (cost=75533.21..135686.56 rows=27116 width=8) (actual time=4680.717..6904.392 rows=21686 loops=1)
              Hash Cond: (mc.movie_id = t.id)
              ->  Seq Scan on movie_companies mc  (cost=0.00..51404.11 rows=700023 width=4) (actual time=0.043..2766.241 rows=689958 loops=1)
                    Filter: (company_id < 1263)
                    Rows Removed by Filter: 1919171
              ->  Hash  (cost=73925.90..73925.90 rows=97944 width=4) (actual time=3794.731..3794.731 rows=106247 loops=1)
                    Buckets: 131072  Batches: 2  Memory Usage: 2890kB
                    ->  Seq Scan on title t  (cost=0.00..73925.90 rows=97944 width=4) (actual time=149.145..3738.824 rows=106247 loops=1)
                          Filter: ((kind_id = 7) AND (production_year = 2011))
                          Rows Removed by Filter: 2422065
Planning time: 8.387 ms
Execution time: 11201.807 ms
