Hash Join  (cost=428357.83..515274.74 rows=25887 width=0) (actual time=20174.642..27530.118 rows=4258989 loops=1)
  Hash Cond: (mk.movie_id = t.id)
  ->  Seq Scan on movie_keyword mk  (cost=0.00..69693.30 rows=4523930 width=4) (actual time=0.023..4430.334 rows=4523930 loops=1)
  ->  Hash  (cost=428176.97..428176.97 rows=14469 width=8) (actual time=20174.421..20174.421 rows=49959 loops=1)
        Buckets: 65536 (originally 16384)  Batches: 1 (originally 1)  Memory Usage: 2464kB
        ->  Hash Join  (cost=78556.72..428176.97 rows=14469 width=8) (actual time=8842.368..20157.478 rows=49959 loops=1)
              Hash Cond: (mi.movie_id = t.id)
              ->  Seq Scan on movie_info mi  (cost=0.00..346232.03 rows=54808 width=4) (actual time=5352.214..16557.305 rows=50267 loops=1)
                    Filter: (info_type_id > 107)
                    Rows Removed by Filter: 14785453
              ->  Hash  (cost=67604.59..67604.59 rows=667531 width=4) (actual time=3365.437..3365.437 rows=662825 loops=1)
                    Buckets: 131072  Batches: 16  Memory Usage: 2485kB
                    ->  Seq Scan on title t  (cost=0.00..67604.59 rows=667531 width=4) (actual time=262.613..3097.315 rows=662825 loops=1)
                          Filter: (kind_id = 1)
                          Rows Removed by Filter: 1865487
Planning time: 1.107 ms
Execution time: 28402.326 ms
