Hash Join  (cost=125097.13..179826.46 rows=6380 width=0) (actual time=4069.174..6914.500 rows=36772 loops=1)
  Hash Cond: (mc.movie_id = t.id)
  ->  Seq Scan on movie_companies mc  (cost=0.00..44881.29 rows=2609129 width=4) (actual time=0.015..2122.832 rows=2609129 loops=1)
  ->  Hash  (cost=125019.85..125019.85 rows=6183 width=8) (actual time=4068.784..4068.784 rows=5871 loops=1)
        Buckets: 8192  Batches: 1  Memory Usage: 294kB
        ->  Nested Loop  (cost=0.43..125019.85 rows=6183 width=8) (actual time=6.806..4064.749 rows=5871 loops=1)
              ->  Seq Scan on movie_keyword mk  (cost=0.00..81003.12 rows=6183 width=4) (actual time=6.759..3210.509 rows=5871 loops=1)
                    Filter: (keyword_id = 2860)
                    Rows Removed by Filter: 4518059
              ->  Index Only Scan using title_pkey on title t  (cost=0.43..7.11 rows=1 width=4) (actual time=0.144..0.144 rows=1 loops=5871)
                    Index Cond: (id = mk.movie_id)
                    Heap Fetches: 5871
Planning time: 2.816 ms
Execution time: 6921.828 ms
