Seq Scan on movie_info mi  (cost=0.00..346232.03 rows=8841901 width=75) (actual time=0.012..8114.183 rows=8950757 loops=1)
  Filter: (info_type_id > 6)
  Rows Removed by Filter: 5884963
Planning time: 0.659 ms
Execution time: 8622.317 ms
