Seq Scan on movie_companies mc  (cost=0.00..51404.11 rows=2462449 width=0) (actual time=0.021..2703.203 rows=2463820 loops=1)
  Filter: (company_id < 133993)
  Rows Removed by Filter: 145309
Planning time: 1.699 ms
Execution time: 3078.848 ms
