Seq Scan on title t  (cost=0.00..73925.90 rows=106039 width=0) (actual time=0.114..3243.960 rows=113673 loops=1)
  Filter: ((kind_id > 3) AND (production_year = 2011))
  Rows Removed by Filter: 2414639
Planning time: 0.334 ms
Execution time: 3264.662 ms
