Hash Join  (cost=875990.14..1460174.68 rows=8055571 width=0) (actual time=45274.220..85123.105 rows=20083123 loops=1)
  Hash Cond: (mi.movie_id = t.id)
  ->  Seq Scan on movie_info mi  (cost=0.00..309384.22 rows=14739122 width=4) (actual time=0.021..21637.007 rows=14835720 loops=1)
  ->  Hash  (cost=853316.77..853316.77 rows=1381950 width=8) (actual time=45255.922..45255.922 rows=741891 loops=1)
        Buckets: 131072  Batches: 32  Memory Usage: 1955kB
        ->  Hash Join  (cost=80874.21..853316.77 rows=1381950 width=8) (actual time=11935.253..44952.090 rows=741891 loops=1)
              Hash Cond: (ci.movie_id = t.id)
              ->  Seq Scan on cast_info ci  (cost=0.00..705507.15 rows=4320508 width=4) (actual time=8051.698..38008.389 rows=4323018 loops=1)
                    Filter: (role_id = 10)
                    Rows Removed by Filter: 31921326
              ->  Hash  (cost=67604.59..67604.59 rows=808770 width=4) (actual time=3882.465..3882.465 rows=812704 loops=1)
                    Buckets: 131072  Batches: 16  Memory Usage: 2812kB
                    ->  Seq Scan on title t  (cost=0.00..67604.59 rows=808770 width=4) (actual time=0.022..3543.604 rows=812704 loops=1)
                          Filter: (production_year < 1995)
                          Rows Removed by Filter: 1715608
Planning time: 4.137 ms
Execution time: 87972.261 ms
