Hash Join  (cost=84043.05..110972.16 rows=1863 width=0) (actual time=2644.648..3480.186 rows=33 loops=1)
  Hash Cond: (mi_idx.movie_id = t.id)
  ->  Seq Scan on movie_info_idx mi_idx  (cost=0.00..21735.35 rows=1380035 width=4) (actual time=0.020..530.410 rows=1380035 loops=1)
  ->  Hash  (cost=84000.38..84000.38 rows=3413 width=8) (actual time=2623.389..2623.389 rows=55 loops=1)
        Buckets: 4096  Batches: 1  Memory Usage: 35kB
        ->  Nested Loop  (cost=0.43..84000.38 rows=3413 width=8) (actual time=294.037..2623.311 rows=55 loops=1)
              ->  Seq Scan on movie_companies mc  (cost=0.00..57926.93 rows=3413 width=4) (actual time=293.949..2614.832 rows=55 loops=1)
                    Filter: ((company_id = 145) AND (company_type_id = 2))
                    Rows Removed by Filter: 2609074
              ->  Index Only Scan using title_pkey on title t  (cost=0.43..7.63 rows=1 width=4) (actual time=0.151..0.152 rows=1 loops=55)
                    Index Cond: (id = mc.movie_id)
                    Heap Fetches: 55
Planning time: 1.171 ms
Execution time: 3480.323 ms
