Hash Join  (cost=94616.01..906580.22 rows=2236 width=0) (actual time=23835.115..42882.486 rows=13060 loops=1)
  Hash Cond: (ci.movie_id = t.id)
  ->  Seq Scan on cast_info ci  (cost=0.00..796071.18 rows=4232179 width=4) (actual time=19310.345..36448.356 rows=8636457 loops=1)
        Filter: ((person_id < 1176890) AND (role_id = 1))
        Rows Removed by Filter: 27607887
  ->  Hash  (cost=94599.31..94599.31 rows=1336 width=8) (actual time=4516.527..4516.527 rows=1254 loops=1)
        Buckets: 2048  Batches: 1  Memory Usage: 65kB
        ->  Hash Join  (cost=67697.55..94599.31 rows=1336 width=8) (actual time=2926.167..4515.805 rows=1254 loops=1)
              Hash Cond: (mi_idx.movie_id = t.id)
              ->  Seq Scan on movie_info_idx mi_idx  (cost=0.00..25185.44 rows=454124 width=4) (actual time=0.020..1451.639 rows=459925 loops=1)
                    Filter: (info_type_id = 100)
                    Rows Removed by Filter: 920110
              ->  Hash  (cost=67604.59..67604.59 rows=7437 width=4) (actual time=2922.400..2922.400 rows=4763 loops=1)
                    Buckets: 8192  Batches: 1  Memory Usage: 232kB
                    ->  Seq Scan on title t  (cost=0.00..67604.59 rows=7437 width=4) (actual time=3.796..2918.124 rows=4763 loops=1)
                          Filter: (production_year = 1950)
                          Rows Removed by Filter: 2523549
Planning time: 2.665 ms
Execution time: 42886.965 ms
