Nested Loop  (cost=0.43..118456.73 rows=5127 width=0) (actual time=0.145..4318.972 rows=6286 loops=1)
  ->  Seq Scan on movie_keyword mk  (cost=0.00..81003.12 rows=5127 width=4) (actual time=0.048..3539.079 rows=6286 loops=1)
        Filter: (keyword_id = 2276)
        Rows Removed by Filter: 4517644
  ->  Index Only Scan using title_pkey on title t  (cost=0.43..7.30 rows=1 width=4) (actual time=0.123..0.123 rows=1 loops=6286)
        Index Cond: (id = mk.movie_id)
        Heap Fetches: 6286
Planning time: 2.393 ms
Execution time: 4320.991 ms
