Seq Scan on movie_keyword mk  (cost=0.00..81003.12 rows=2556320 width=0) (actual time=0.025..4723.872 rows=2546987 loops=1)
  Filter: (keyword_id < 6407)
  Rows Removed by Filter: 1976943
Planning time: 0.281 ms
Execution time: 5171.261 ms
