Hash Join  (cost=93117.31..487040.09 rows=1349667 width=0) (actual time=9436.119..24633.935 rows=1573632 loops=1)
  Hash Cond: (mi.movie_id = t.id)
  ->  Seq Scan on movie_info mi  (cost=0.00..346232.03 rows=2194617 width=4) (actual time=4401.778..17166.009 rows=2233850 loops=1)
        Filter: (info_type_id > 16)
        Rows Removed by Filter: 12601870
  ->  Hash  (cost=67604.59..67604.59 rows=1555018 width=4) (actual time=5033.420..5033.420 rows=1551727 loops=1)
        Buckets: 131072  Batches: 32  Memory Usage: 2737kB
        ->  Seq Scan on title t  (cost=0.00..67604.59 rows=1555018 width=4) (actual time=0.021..4125.686 rows=1551727 loops=1)
              Filter: (production_year < 2007)
              Rows Removed by Filter: 976585
Planning time: 0.571 ms
Execution time: 24867.325 ms
