Hash Join  (cost=83073.00..137738.60 rows=9 width=0) (actual time=4255.440..7186.236 rows=413 loops=1)
  Hash Cond: (mc.movie_id = t.id)
  ->  Seq Scan on movie_companies mc  (cost=0.00..44881.29 rows=2609129 width=4) (actual time=0.047..2557.853 rows=2609129 loops=1)
  ->  Hash  (cost=83072.90..83072.90 rows=8 width=8) (actual time=4025.213..4025.213 rows=58 loops=1)
        Buckets: 1024  Batches: 1  Memory Usage: 11kB
        ->  Nested Loop  (cost=0.43..83072.90 rows=8 width=8) (actual time=1617.234..4025.128 rows=58 loops=1)
              ->  Seq Scan on movie_keyword mk  (cost=0.00..81003.12 rows=246 width=4) (actual time=0.070..3506.386 rows=3021 loops=1)
                    Filter: (keyword_id = 643)
                    Rows Removed by Filter: 4520909
              ->  Index Scan using title_pkey on title t  (cost=0.43..8.40 rows=1 width=4) (actual time=0.171..0.171 rows=0 loops=3021)
                    Index Cond: (id = mk.movie_id)
                    Filter: ((production_year > 1915) AND (kind_id = 2))
                    Rows Removed by Filter: 1
Planning time: 2.972 ms
Execution time: 7195.614 ms
