Seq Scan on movie_companies mc  (cost=0.00..51404.11 rows=1052515 width=0) (actual time=0.019..2605.508 rows=1049652 loops=1)
  Filter: (company_id < 6158)
  Rows Removed by Filter: 1559477
Planning time: 0.292 ms
Execution time: 2765.770 ms
