Hash Join  (cost=74238.60..101285.62 rows=13653 width=0) (actual time=3450.439..5258.868 rows=15519 loops=1)
  Hash Cond: (mi_idx.movie_id = t.id)
  ->  Seq Scan on movie_info_idx mi_idx  (cost=0.00..21735.35 rows=1380035 width=4) (actual time=0.012..1287.320 rows=1380035 loops=1)
  ->  Hash  (cost=73925.90..73925.90 rows=25016 width=4) (actual time=3450.129..3450.129 rows=81645 loops=1)
        Buckets: 131072 (originally 32768)  Batches: 1 (originally 1)  Memory Usage: 3895kB
        ->  Seq Scan on title t  (cost=0.00..73925.90 rows=25016 width=4) (actual time=0.950..3401.047 rows=81645 loops=1)
              Filter: ((kind_id < 3) AND (production_year < 1919))
              Rows Removed by Filter: 2446667
Planning time: 0.804 ms
Execution time: 5261.373 ms
