Seq Scan on movie_companies mc  (cost=0.00..51404.11 rows=104 width=0) (actual time=29.184..2337.936 rows=19 loops=1)
  Filter: (company_id = 4016)
  Rows Removed by Filter: 2609110
Planning time: 8.232 ms
Execution time: 2338.016 ms
