Hash Join  (cost=169746.29..302405.58 rows=716113 width=0) (actual time=4278.658..8231.989 rows=2920673 loops=1)
  Hash Cond: (mk.movie_id = t.id)
  ->  Seq Scan on movie_keyword mk  (cost=0.00..81003.12 rows=3681876 width=4) (actual time=0.028..1781.635 rows=3676355 loops=1)
        Filter: (keyword_id > 807)
        Rows Removed by Filter: 847575
  ->  Hash  (cost=161676.91..161676.91 rows=491790 width=8) (actual time=4277.032..4277.032 rows=351310 loops=1)
        Buckets: 131072  Batches: 8  Memory Usage: 2737kB
        ->  Hash Join  (cost=76379.89..161676.91 rows=491790 width=8) (actual time=1372.366..4063.583 rows=351310 loops=1)
              Hash Cond: (mc.movie_id = t.id)
              ->  Seq Scan on movie_companies mc  (cost=0.00..51404.11 rows=2325070 width=4) (actual time=0.028..1259.888 rows=2322989 loops=1)
                    Filter: (company_id < 95230)
                    Rows Removed by Filter: 286140
              ->  Hash  (cost=67604.59..67604.59 rows=534824 width=4) (actual time=1371.300..1371.300 rows=533369 loops=1)
                    Buckets: 131072  Batches: 8  Memory Usage: 3369kB
                    ->  Seq Scan on title t  (cost=0.00..67604.59 rows=534824 width=4) (actual time=0.565..1205.395 rows=533369 loops=1)
                          Filter: (production_year > 2009)
                          Rows Removed by Filter: 1994943
Planning time: 0.753 ms
Execution time: 8578.182 ms
