Seq Scan on cast_info ci  (cost=0.00..796071.18 rows=228750 width=0) (actual time=26800.042..37443.447 rows=267026 loops=1)
  Filter: ((person_id > 1232399) AND (role_id > 10))
  Rows Removed by Filter: 35977318
Planning time: 8.962 ms
Execution time: 37486.635 ms
