Hash Join  (cost=28270.40..114962.98 rows=221 width=0) (actual time=1236.345..5578.998 rows=14973 loops=1)
  Hash Cond: (mk.movie_id = t.id)
  ->  Seq Scan on movie_keyword mk  (cost=0.00..81003.12 rows=1516599 width=4) (actual time=0.021..4025.947 rows=1534684 loops=1)
        Filter: (keyword_id > 10393)
        Rows Removed by Filter: 2989246
  ->  Hash  (cost=28265.80..28265.80 rows=368 width=8) (actual time=1235.628..1235.628 rows=260 loops=1)
        Buckets: 1024  Batches: 1  Memory Usage: 19kB
        ->  Nested Loop  (cost=0.43..28265.80 rows=368 width=8) (actual time=118.904..1235.498 rows=260 loops=1)
              ->  Seq Scan on movie_info_idx mi_idx  (cost=0.00..25185.44 rows=368 width=4) (actual time=118.817..1196.050 rows=260 loops=1)
                    Filter: (info_type_id > 101)
                    Rows Removed by Filter: 1379775
              ->  Index Only Scan using title_pkey on title t  (cost=0.43..8.36 rows=1 width=4) (actual time=0.151..0.151 rows=1 loops=260)
                    Index Cond: (id = mi_idx.movie_id)
                    Heap Fetches: 260
Planning time: 1.120 ms
Execution time: 5581.214 ms
