Seq Scan on title t  (cost=0.00..73925.90 rows=315932 width=0) (actual time=0.017..3076.760 rows=433359 loops=1)
  Filter: ((kind_id < 7) AND (production_year < 1995))
  Rows Removed by Filter: 2094953
Planning time: 0.336 ms
Execution time: 3184.662 ms
