Seq Scan on movie_companies mc  (cost=0.00..51404.11 rows=523905 width=0) (actual time=0.027..2404.971 rows=528284 loops=1)
  Filter: (company_id > 72843)
  Rows Removed by Filter: 2080845
Planning time: 19.008 ms
Execution time: 2482.305 ms
