Seq Scan on movie_keyword mk  (cost=0.00..81003.12 rows=194558 width=0) (actual time=0.015..3073.604 rows=197483 loops=1)
  Filter: (keyword_id > 69275)
  Rows Removed by Filter: 4326447
Planning time: 2.091 ms
Execution time: 3102.918 ms
