Hash Join  (cost=267005.29..1133131.92 rows=2507264 width=0) (actual time=10769.133..26809.165 rows=14908615 loops=1)
  Hash Cond: (ci.movie_id = t.id)
  ->  Seq Scan on cast_info ci  (cost=0.00..796071.18 rows=2491969 width=4) (actual time=4390.710..14085.220 rows=3726885 loops=1)
        Filter: ((person_id > 1498978) AND (role_id = 10))
        Rows Removed by Filter: 32517459
  ->  Hash  (cost=225266.72..225266.72 rows=2544046 width=8) (actual time=6376.383..6376.383 rows=2542342 loops=1)
        Buckets: 131072  Batches: 64  Memory Usage: 2572kB
        ->  Hash Join  (cost=102767.86..225266.72 rows=2544046 width=8) (actual time=1978.995..5652.021 rows=2542342 loops=1)
              Hash Cond: (mc.movie_id = t.id)
              ->  Seq Scan on movie_companies mc  (cost=0.00..51404.11 rows=2544046 width=4) (actual time=0.035..1209.828 rows=2542342 loops=1)
                    Filter: (company_id > 6)
                    Rows Removed by Filter: 66787
              ->  Hash  (cost=61283.27..61283.27 rows=2528527 width=4) (actual time=1978.181..1978.181 rows=2528312 loops=1)
                    Buckets: 131072  Batches: 64  Memory Usage: 2415kB
                    ->  Seq Scan on title t  (cost=0.00..61283.27 rows=2528527 width=4) (actual time=0.021..1152.095 rows=2528312 loops=1)
Planning time: 1.223 ms
Execution time: 28653.129 ms
