Hash Join  (cost=95958.28..940327.56 rows=156659 width=0) (actual time=4962.812..53564.691 rows=416973 loops=1)
  Hash Cond: (ci.movie_id = t.id)
  ->  Seq Scan on cast_info ci  (cost=0.00..796071.18 rows=12461731 width=4) (actual time=11.188..43396.656 rows=13927742 loops=1)
        Filter: ((person_id < 1454430) AND (role_id < 9))
        Rows Removed by Filter: 22316602
  ->  Hash  (cost=95560.94..95560.94 rows=31787 width=8) (actual time=4951.339..4951.339 rows=37455 loops=1)
        Buckets: 65536 (originally 32768)  Batches: 1 (originally 1)  Memory Usage: 1976kB
        ->  Hash Join  (cost=68332.59..95560.94 rows=31787 width=8) (actual time=3305.540..4926.927 rows=37455 loops=1)
              Hash Cond: (mi_idx.movie_id = t.id)
              ->  Seq Scan on movie_info_idx mi_idx  (cost=0.00..21735.35 rows=1380035 width=4) (actual time=0.028..1167.509 rows=1380035 loops=1)
              ->  Hash  (cost=67604.59..67604.59 rows=58240 width=4) (actual time=3305.131..3305.131 rows=58590 loops=1)
                    Buckets: 65536  Batches: 1  Memory Usage: 2572kB
                    ->  Seq Scan on title t  (cost=0.00..67604.59 rows=58240 width=4) (actual time=0.027..3279.461 rows=58590 loops=1)
                          Filter: (production_year = 2001)
                          Rows Removed by Filter: 2469722
Planning time: 1.741 ms
Execution time: 53633.380 ms
