Hash Join  (cost=74369.53..830243.27 rows=508457 width=0) (actual time=3737.096..60073.720 rows=516134 loops=1)
  Hash Cond: (ci.movie_id = t.id)
  ->  Seq Scan on cast_info ci  (cost=0.00..614943.12 rows=36225612 width=4) (actual time=0.023..39499.432 rows=36244344 loops=1)
  ->  Hash  (cost=73925.90..73925.90 rows=35490 width=4) (actual time=3736.669..3736.669 rows=39698 loops=1)
        Buckets: 65536  Batches: 1  Memory Usage: 1908kB
        ->  Seq Scan on title t  (cost=0.00..73925.90 rows=35490 width=4) (actual time=0.036..3715.773 rows=39698 loops=1)
              Filter: ((kind_id = 7) AND (production_year = 2001))
              Rows Removed by Filter: 2488614
Planning time: 4.309 ms
Execution time: 60163.624 ms
