Nested Loop  (cost=0.43..797555.70 rows=176 width=0) (actual time=6982.463..32430.509 rows=1208 loops=1)
  ->  Seq Scan on cast_info ci  (cost=0.00..796071.18 rows=176 width=4) (actual time=6982.309..32357.361 rows=1208 loops=1)
        Filter: ((person_id = 615777) AND (role_id = 1))
        Rows Removed by Filter: 36243136
  ->  Index Only Scan using title_pkey on title t  (cost=0.43..8.42 rows=1 width=4) (actual time=0.059..0.060 rows=1 loops=1208)
        Index Cond: (id = ci.movie_id)
        Heap Fetches: 1208
Planning time: 13.861 ms
Execution time: 32430.870 ms
