Hash Join  (cost=146730.98..287680.59 rows=1045705 width=0) (actual time=7749.950..17247.637 rows=2935200 loops=1)
  Hash Cond: (mk.movie_id = t.id)
  ->  Seq Scan on movie_keyword mk  (cost=0.00..81003.12 rows=4060115 width=4) (actual time=0.020..5677.617 rows=4063468 loops=1)
        Filter: (keyword_id < 38564)
        Rows Removed by Filter: 460462
  ->  Hash  (cost=136046.53..136046.53 rows=651236 width=8) (actual time=7748.646..7748.646 rows=539725 loops=1)
        Buckets: 131072  Batches: 16  Memory Usage: 2344kB
        ->  Hash Join  (cost=87180.69..136046.53 rows=651236 width=8) (actual time=4546.955..7550.518 rows=539725 loops=1)
              Hash Cond: (mi_idx.movie_id = t.id)
              ->  Seq Scan on movie_info_idx mi_idx  (cost=0.00..21735.35 rows=1380035 width=4) (actual time=0.025..1639.934 rows=1380035 loops=1)
              ->  Hash  (cost=67604.59..67604.59 rows=1193208 width=4) (actual time=4545.848..4545.848 rows=1192518 loops=1)
                    Buckets: 131072  Batches: 16  Memory Usage: 3646kB
                    ->  Seq Scan on title t  (cost=0.00..67604.59 rows=1193208 width=4) (actual time=0.784..3757.417 rows=1192518 loops=1)
                          Filter: (production_year > 2003)
                          Rows Removed by Filter: 1335794
Planning time: 3.879 ms
Execution time: 17688.399 ms
