Hash Join  (cost=78556.72..156532.39 rows=324184 width=0) (actual time=4103.376..7446.411 rows=639753 loops=1)
  Hash Cond: (mc.movie_id = t.id)
  ->  Seq Scan on movie_companies mc  (cost=0.00..57926.93 rows=1227971 width=4) (actual time=70.024..3137.200 rows=1294835 loops=1)
        Filter: ((company_id > 55) AND (company_type_id > 1))
        Rows Removed by Filter: 1314294
  ->  Hash  (cost=67604.59..67604.59 rows=667531 width=4) (actual time=3158.684..3158.684 rows=662825 loops=1)
        Buckets: 131072  Batches: 16  Memory Usage: 2476kB
        ->  Seq Scan on title t  (cost=0.00..67604.59 rows=667531 width=4) (actual time=0.028..2887.515 rows=662825 loops=1)
              Filter: (kind_id = 1)
              Rows Removed by Filter: 1865487
Planning time: 0.788 ms
Execution time: 7530.945 ms
