Seq Scan on movie_companies mc  (cost=0.00..57926.93 rows=3235 width=0) (actual time=41.976..2371.661 rows=478 loops=1)
  Filter: ((company_type_id > 1) AND (company_id = 93))
  Rows Removed by Filter: 2608651
Planning time: 0.364 ms
Execution time: 2371.911 ms
