Hash Join  (cost=358789.50..2123419.12 rows=57918836 width=0) (actual time=18261.369..155738.217 rows=206823757 loops=1)
  Hash Cond: (ci.movie_id = t.id)
  ->  Seq Scan on cast_info ci  (cost=0.00..614943.12 rows=36225612 width=4) (actual time=0.011..49282.428 rows=36244344 loops=1)
  ->  Hash  (cost=292463.72..292463.72 rows=4042702 width=8) (actual time=18260.075..18260.075 rows=4239510 loops=1)
        Buckets: 131072  Batches: 64  Memory Usage: 3635kB
        ->  Hash Join  (cost=106353.25..292463.72 rows=4042702 width=8) (actual time=6154.871..16799.826 rows=4239510 loops=1)
              Hash Cond: (mk.movie_id = t.id)
              ->  Seq Scan on movie_keyword mk  (cost=0.00..81003.12 rows=4328065 width=4) (actual time=0.024..5719.556 rows=4311912 loops=1)
                    Filter: (keyword_id > 140)
                    Rows Removed by Filter: 212018
              ->  Hash  (cost=67604.59..67604.59 rows=2361813 width=4) (actual time=6153.572..6153.572 rows=2357639 loops=1)
                    Buckets: 131072  Batches: 32  Memory Usage: 3627kB
                    ->  Seq Scan on title t  (cost=0.00..67604.59 rows=2361813 width=4) (actual time=0.030..5090.868 rows=2357639 loops=1)
                          Filter: (production_year > 1923)
                          Rows Removed by Filter: 170673
Planning time: 1.099 ms
Execution time: 184418.834 ms
