Hash Join  (cost=102767.86..189441.26 rows=1055218 width=0) (actual time=6084.339..10537.542 rows=1064504 loops=1)
  Hash Cond: (mc.movie_id = t.id)
  ->  Seq Scan on movie_companies mc  (cost=0.00..51404.11 rows=1055218 width=4) (actual time=0.025..2765.004 rows=1064504 loops=1)
        Filter: (company_id > 14613)
        Rows Removed by Filter: 1544625
  ->  Hash  (cost=61283.27..61283.27 rows=2528527 width=4) (actual time=6066.127..6066.127 rows=2528312 loops=1)
        Buckets: 131072  Batches: 64  Memory Usage: 2415kB
        ->  Seq Scan on title t  (cost=0.00..61283.27 rows=2528527 width=4) (actual time=0.024..4246.137 rows=2528312 loops=1)
Planning time: 0.727 ms
Execution time: 10700.511 ms
