Seq Scan on movie_keyword mk  (cost=0.00..81003.12 rows=2307856 width=0) (actual time=0.017..3163.276 rows=2315082 loops=1)
  Filter: (keyword_id < 4994)
  Rows Removed by Filter: 2208848
Planning time: 0.302 ms
Execution time: 3552.156 ms
