Seq Scan on movie_keyword mk  (cost=0.00..81003.12 rows=2646031 width=0) (actual time=0.026..4263.513 rows=2637124 loops=1)
  Filter: (keyword_id < 7267)
  Rows Removed by Filter: 1886806
Planning time: 0.279 ms
Execution time: 4685.170 ms
