Seq Scan on movie_keyword mk  (cost=0.00..81003.12 rows=260337 width=0) (actual time=67.814..3857.936 rows=258684 loops=1)
  Filter: (keyword_id > 59469)
  Rows Removed by Filter: 4265246
Planning time: 2.481 ms
Execution time: 3916.886 ms
