Hash Join  (cost=485262.73..1311157.12 rows=497323 width=0) (actual time=28488.098..62418.657 rows=872802 loops=1)
  Hash Cond: (ci.movie_id = t.id)
  ->  Seq Scan on cast_info ci  (cost=0.00..796071.18 rows=1928793 width=4) (actual time=4026.477..36624.619 rows=626192 loops=1)
        Filter: ((person_id < 1589529) AND (role_id = 10))
        Rows Removed by Filter: 35618152
  ->  Hash  (cost=474566.23..474566.23 rows=651960 width=8) (actual time=24460.438..24460.438 rows=660923 loops=1)
        Buckets: 131072  Batches: 16  Memory Usage: 2614kB
        ->  Hash Join  (cost=102767.86..474566.23 rows=651960 width=8) (actual time=14250.009..24231.208 rows=660923 loops=1)
              Hash Cond: (mi.movie_id = t.id)
              ->  Seq Scan on movie_info mi  (cost=0.00..346232.03 rows=651960 width=4) (actual time=7878.268..16720.389 rows=660923 loops=1)
                    Filter: (info_type_id = 18)
                    Rows Removed by Filter: 14174797
              ->  Hash  (cost=61283.27..61283.27 rows=2528527 width=4) (actual time=6370.781..6370.781 rows=2528312 loops=1)
                    Buckets: 131072  Batches: 64  Memory Usage: 2425kB
                    ->  Seq Scan on title t  (cost=0.00..61283.27 rows=2528527 width=4) (actual time=0.015..4400.613 rows=2528312 loops=1)
Planning time: 1.107 ms
Execution time: 62534.375 ms
