Hash Join  (cost=74065.08..160922.32 rows=19920 width=0) (actual time=6190.284..7727.064 rows=11337 loops=1)
  Hash Cond: (mk.movie_id = t.id)
  ->  Seq Scan on movie_keyword mk  (cost=0.00..69693.30 rows=4523930 width=4) (actual time=0.015..3601.814 rows=4523930 loops=1)
  ->  Hash  (cost=73925.90..73925.90 rows=11134 width=4) (actual time=3026.607..3026.607 rows=5631 loops=1)
        Buckets: 16384  Batches: 1  Memory Usage: 326kB
        ->  Seq Scan on title t  (cost=0.00..73925.90 rows=11134 width=4) (actual time=390.809..3023.618 rows=5631 loops=1)
              Filter: ((production_year < 1966) AND (kind_id = 2))
              Rows Removed by Filter: 2522681
Planning time: 0.680 ms
Execution time: 7728.782 ms
