Hash Join  (cost=84542.72..604597.27 rows=3772062 width=0) (actual time=4837.776..40178.600 rows=8227430 loops=1)
  Hash Cond: (mi.movie_id = t.id)
  ->  Seq Scan on movie_info mi  (cost=0.00..309384.22 rows=14739122 width=4) (actual time=0.027..22414.824 rows=14835720 loops=1)
  ->  Hash  (cost=73925.90..73925.90 rows=647105 width=4) (actual time=4478.433..4478.433 rows=650439 loops=1)
        Buckets: 131072  Batches: 16  Memory Usage: 2458kB
        ->  Seq Scan on title t  (cost=0.00..73925.90 rows=647105 width=4) (actual time=70.336..4166.745 rows=650439 loops=1)
              Filter: ((production_year > 1899) AND (kind_id = 1))
              Rows Removed by Filter: 1877873
Planning time: 0.706 ms
Execution time: 41398.018 ms
