Hash Join  (cost=100844.74..187506.07 rows=329 width=0) (actual time=1692.721..3436.929 rows=273 loops=1)
  Hash Cond: (mk.movie_id = t.id)
  ->  Seq Scan on movie_keyword mk  (cost=0.00..69693.30 rows=4523930 width=4) (actual time=0.015..1007.035 rows=4523930 loops=1)
  ->  Hash  (cost=100842.44..100842.44 rows=184 width=8) (actual time=1644.587..1644.587 rows=45 loops=1)
        Buckets: 1024  Batches: 1  Memory Usage: 10kB
        ->  Hash Join  (cost=73930.12..100842.44 rows=184 width=8) (actual time=1235.904..1644.540 rows=45 loops=1)
              Hash Cond: (mi_idx.movie_id = t.id)
              ->  Seq Scan on movie_info_idx mi_idx  (cost=0.00..21735.35 rows=1380035 width=4) (actual time=0.034..293.871 rows=1380035 loops=1)
              ->  Hash  (cost=73925.90..73925.90 rows=337 width=4) (actual time=1114.480..1114.480 rows=56 loops=1)
                    Buckets: 1024  Batches: 1  Memory Usage: 10kB
                    ->  Seq Scan on title t  (cost=0.00..73925.90 rows=337 width=4) (actual time=3.912..1114.406 rows=56 loops=1)
                          Filter: ((kind_id = 4) AND (production_year = 1980))
                          Rows Removed by Filter: 2528256
Planning time: 1.119 ms
Execution time: 3437.101 ms
