Hash Join  (cost=74555.58..442147.88 rows=293637 width=0) (actual time=3150.656..30128.636 rows=1439741 loops=1)
  Hash Cond: (mi.movie_id = t.id)
  ->  Seq Scan on movie_info mi  (cost=0.00..309384.22 rows=14739122 width=4) (actual time=0.019..17609.190 rows=14835720 loops=1)
  ->  Hash  (cost=73925.90..73925.90 rows=50374 width=4) (actual time=3100.227..3100.227 rows=130321 loops=1)
        Buckets: 131072 (originally 65536)  Batches: 2 (originally 1)  Memory Usage: 3310kB
        ->  Seq Scan on title t  (cost=0.00..73925.90 rows=50374 width=4) (actual time=0.026..3041.204 rows=130321 loops=1)
              Filter: ((kind_id < 7) AND (production_year < 1936))
              Rows Removed by Filter: 2397991
Planning time: 0.843 ms
Execution time: 30352.742 ms
