Hash Join  (cost=243500.56..799924.43 rows=7180595 width=0) (actual time=12315.319..64791.551 rows=65113093 loops=1)
  Hash Cond: (mi.movie_id = t.id)
  ->  Seq Scan on movie_info mi  (cost=0.00..309384.22 rows=14739122 width=4) (actual time=0.022..22561.363 rows=14835720 loops=1)
  ->  Hash  (cost=223290.48..223290.48 rows=1231846 width=8) (actual time=12314.093..12314.093 rows=1243416 loops=1)
        Buckets: 131072  Batches: 32  Memory Usage: 2614kB
        ->  Hash Join  (cost=102767.86..223290.48 rows=1231846 width=8) (actual time=5658.296..11826.342 rows=1243416 loops=1)
              Hash Cond: (mk.movie_id = t.id)
              ->  Seq Scan on movie_keyword mk  (cost=0.00..81003.12 rows=1231846 width=4) (actual time=0.018..4245.518 rows=1243416 loops=1)
                    Filter: (keyword_id > 14537)
                    Rows Removed by Filter: 3280514
              ->  Hash  (cost=61283.27..61283.27 rows=2528527 width=4) (actual time=5657.150..5657.150 rows=2528312 loops=1)
                    Buckets: 131072  Batches: 64  Memory Usage: 2425kB
                    ->  Seq Scan on title t  (cost=0.00..61283.27 rows=2528527 width=4) (actual time=0.021..4360.116 rows=2528312 loops=1)
Planning time: 1.121 ms
Execution time: 74590.963 ms
