Seq Scan on movie_companies mc  (cost=0.00..51404.11 rows=2114153 width=0) (actual time=0.012..3301.178 rows=2117166 loops=1)
  Filter: (company_id > 428)
  Rows Removed by Filter: 491963
Planning time: 0.281 ms
Execution time: 3695.969 ms
