Seq Scan on title t  (cost=0.00..73925.90 rows=84019 width=0) (actual time=0.045..3553.328 rows=92860 loops=1)
  Filter: ((kind_id > 3) AND (production_year = 2009))
  Rows Removed by Filter: 2435452
Planning time: 0.331 ms
Execution time: 3572.776 ms
