Hash Join  (cost=81720.25..464156.64 rows=746755 width=0) (actual time=1617.483..8634.855 rows=1772490 loops=1)
  Hash Cond: (mi.movie_id = t.id)
  ->  Seq Scan on movie_info mi  (cost=0.00..346232.03 rows=2194617 width=4) (actual time=250.681..5604.347 rows=2233850 loops=1)
        Filter: (info_type_id > 16)
        Rows Removed by Filter: 12601870
  ->  Hash  (cost=67604.59..67604.59 rows=860373 width=4) (actual time=1305.515..1305.515 rows=854214 loops=1)
        Buckets: 131072  Batches: 16  Memory Usage: 2906kB
        ->  Seq Scan on title t  (cost=0.00..67604.59 rows=860373 width=4) (actual time=0.045..1056.213 rows=854214 loops=1)
              Filter: (kind_id < 4)
              Rows Removed by Filter: 1674098
Planning time: 0.789 ms
Execution time: 8851.572 ms
