Seq Scan on movie_keyword mk  (cost=0.00..81003.12 rows=3199493 width=0) (actual time=0.026..4159.863 rows=3179096 loops=1)
  Filter: (keyword_id > 1749)
  Rows Removed by Filter: 1344834
Planning time: 4.848 ms
Execution time: 4723.400 ms
