Seq Scan on cast_info ci  (cost=0.00..796071.18 rows=22030991 width=0) (actual time=2424.565..49120.923 rows=24257740 loops=1)
  Filter: ((person_id < 2612063) AND (role_id < 10))
  Rows Removed by Filter: 11986604
Planning time: 0.337 ms
Execution time: 53545.157 ms
