Seq Scan on movie_keyword mk  (cost=0.00..81003.12 rows=931413 width=0) (actual time=0.019..4051.661 rows=937354 loops=1)
  Filter: (keyword_id > 20223)
  Rows Removed by Filter: 3586576
Planning time: 0.299 ms
Execution time: 4215.642 ms
