Hash Join  (cost=195247.65..1419754.60 rows=10765963 width=0) (actual time=9070.539..90094.059 rows=19084017 loops=1)
  Hash Cond: (ci.movie_id = t.id)
  ->  Seq Scan on cast_info ci  (cost=0.00..705507.15 rows=35314712 width=4) (actual time=0.032..50241.766 rows=35297739 loops=1)
        Filter: (person_id < 3880469)
        Rows Removed by Filter: 946605
  ->  Hash  (cost=182600.14..182600.14 rows=770841 width=8) (actual time=9069.700..9069.700 rows=775700 loops=1)
        Buckets: 131072  Batches: 16  Memory Usage: 2928kB
        ->  Hash Join  (cost=102767.86..182600.14 rows=770841 width=8) (actual time=5152.089..8810.847 rows=775700 loops=1)
              Hash Cond: (mc.movie_id = t.id)
              ->  Seq Scan on movie_companies mc  (cost=0.00..51404.11 rows=770841 width=4) (actual time=0.036..2170.182 rows=775700 loops=1)
                    Filter: (company_id > 33163)
                    Rows Removed by Filter: 1833429
              ->  Hash  (cost=61283.27..61283.27 rows=2528527 width=4) (actual time=5151.175..5151.175 rows=2528312 loops=1)
                    Buckets: 131072  Batches: 64  Memory Usage: 2415kB
                    ->  Seq Scan on title t  (cost=0.00..61283.27 rows=2528527 width=4) (actual time=0.012..3766.788 rows=2528312 loops=1)
Planning time: 6.805 ms
Execution time: 92802.754 ms
