Seq Scan on title t  (cost=0.00..73925.90 rows=83105 width=0) (actual time=50.727..3743.141 rows=90639 loops=1)
  Filter: ((production_year > 1939) AND (kind_id = 2))
  Rows Removed by Filter: 2437673
Planning time: 0.302 ms
Execution time: 3757.283 ms
