Nested Loop  (cost=44377.22..431560.85 rows=164 width=0) (actual time=15491.742..22522.129 rows=8159 loops=1)
  Join Filter: (mi.movie_id = t.id)
  ->  Hash Join  (cost=44376.79..399813.99 rows=53320 width=8) (actual time=15084.128..16894.869 rows=136507 loops=1)
        Hash Cond: (mi.movie_id = mi_idx.movie_id)
        ->  Seq Scan on movie_info mi  (cost=0.00..346232.03 rows=17937 width=4) (actual time=12674.926..14027.695 rows=121863 loops=1)
              Filter: (info_type_id = 105)
              Rows Removed by Filter: 14713857
        ->  Hash  (cost=21735.35..21735.35 rows=1380035 width=4) (actual time=2290.894..2290.894 rows=1380035 loops=1)
              Buckets: 131072  Batches: 32  Memory Usage: 2557kB
              ->  Seq Scan on movie_info_idx mi_idx  (cost=0.00..21735.35 rows=1380035 width=4) (actual time=0.015..1646.474 rows=1380035 loops=1)
  ->  Index Scan using title_pkey on title t  (cost=0.43..0.58 rows=1 width=4) (actual time=0.041..0.041 rows=0 loops=136507)
        Index Cond: (id = mi_idx.movie_id)
        Filter: ((kind_id = 1) AND (production_year = 2011))
        Rows Removed by Filter: 1
Planning time: 12.200 ms
Execution time: 22524.043 ms
