Seq Scan on movie_companies mc  (cost=0.00..57926.93 rows=676651 width=0) (actual time=878.356..2758.147 rows=923332 loops=1)
  Filter: ((company_id < 11763) AND (company_type_id = 1))
  Rows Removed by Filter: 1685797
Planning time: 0.384 ms
Execution time: 2913.782 ms
