Seq Scan on cast_info ci  (cost=0.00..705507.15 rows=500 width=0) (actual time=3306.564..32942.704 rows=2 loops=1)
  Filter: (person_id = 2727016)
  Rows Removed by Filter: 36244342
Planning time: 0.316 ms
Execution time: 32942.812 ms
