Hash Join  (cost=52284.29..79194.92 rows=15 width=0) (actual time=2517.654..4189.321 rows=9 loops=1)
  Hash Cond: (mi_idx.movie_id = t.id)
  ->  Seq Scan on movie_info_idx mi_idx  (cost=0.00..21735.35 rows=1380035 width=4) (actual time=0.012..1356.289 rows=1380035 loops=1)
  ->  Hash  (cost=52283.95..52283.95 rows=27 width=8) (actual time=2474.607..2474.607 rows=16 loops=1)
        Buckets: 1024  Batches: 1  Memory Usage: 9kB
        ->  Nested Loop  (cost=0.43..52283.95 rows=27 width=8) (actual time=134.759..2474.568 rows=16 loops=1)
              ->  Seq Scan on movie_companies mc  (cost=0.00..51404.11 rows=104 width=4) (actual time=134.690..2471.826 rows=16 loops=1)
                    Filter: (company_id = 99773)
                    Rows Removed by Filter: 2609113
              ->  Index Scan using title_pkey on title t  (cost=0.43..8.45 rows=1 width=4) (actual time=0.164..0.165 rows=1 loops=16)
                    Index Cond: (id = mc.movie_id)
                    Filter: (kind_id = 1)
Planning time: 1.158 ms
Execution time: 4189.484 ms
