Seq Scan on title t  (cost=0.00..67604.59 rows=1609429 width=0) (actual time=0.016..4180.863 rows=1607077 loops=1)
  Filter: (production_year > 1995)
  Rows Removed by Filter: 921235
Planning time: 0.333 ms
Execution time: 4439.941 ms
