Seq Scan on movie_companies mc  (cost=0.00..51404.11 rows=1619937 width=0) (actual time=0.022..1001.316 rows=1609604 loops=1)
  Filter: (company_id < 16724)
  Rows Removed by Filter: 999525
Planning time: 0.247 ms
Execution time: 1198.853 ms
