Hash Join  (cost=137770.25..939795.35 rows=17693 width=0) (actual time=12465.282..42118.990 rows=357294 loops=1)
  Hash Cond: (ci.movie_id = t.id)
  ->  Seq Scan on cast_info ci  (cost=0.00..796071.18 rows=1540531 width=4) (actual time=6338.413..34457.460 rows=3444846 loops=1)
        Filter: ((person_id > 3432334) AND (role_id > 2))
        Rows Removed by Filter: 32799498
  ->  Hash  (cost=137407.25..137407.25 rows=29040 width=8) (actual time=6126.260..6126.260 rows=26571 loops=1)
        Buckets: 32768  Batches: 1  Memory Usage: 1294kB
        ->  Hash Join  (cost=74690.97..137407.25 rows=29040 width=8) (actual time=3563.787..6105.633 rows=26571 loops=1)
              Hash Cond: (mc.movie_id = t.id)
              ->  Seq Scan on movie_companies mc  (cost=0.00..57926.93 rows=1199719 width=4) (actual time=200.201..2947.989 rows=1146688 loops=1)
                    Filter: ((company_id > 31) AND (company_type_id = 1))
                    Rows Removed by Filter: 1462441
              ->  Hash  (cost=73925.90..73925.90 rows=61205 width=4) (actual time=2744.208..2744.208 rows=61581 loops=1)
                    Buckets: 65536  Batches: 1  Memory Usage: 2677kB
                    ->  Seq Scan on title t  (cost=0.00..73925.90 rows=61205 width=4) (actual time=0.028..2712.178 rows=61581 loops=1)
                          Filter: ((production_year > 2011) AND (kind_id = 1))
                          Rows Removed by Filter: 2466731
Planning time: 1.179 ms
Execution time: 42194.394 ms
