Seq Scan on movie_companies mc  (cost=0.00..57926.93 rows=937768 width=0) (actual time=913.318..3485.843 rows=783238 loops=1)
  Filter: ((company_id > 1236) AND (company_type_id < 2))
  Rows Removed by Filter: 1825891
Planning time: 14.222 ms
Execution time: 3637.513 ms
