Hash Join  (cost=73957.54..100881.83 rows=1381 width=0) (actual time=3501.901..5121.922 rows=9910 loops=1)
  Hash Cond: (mi_idx.movie_id = t.id)
  ->  Seq Scan on movie_info_idx mi_idx  (cost=0.00..21735.35 rows=1380035 width=4) (actual time=0.018..1208.489 rows=1380035 loops=1)
  ->  Hash  (cost=73925.90..73925.90 rows=2531 width=4) (actual time=3501.667..3501.667 rows=8146 loops=1)
        Buckets: 8192 (originally 4096)  Batches: 1 (originally 1)  Memory Usage: 351kB
        ->  Seq Scan on title t  (cost=0.00..73925.90 rows=2531 width=4) (actual time=0.551..3497.514 rows=8146 loops=1)
              Filter: ((kind_id < 4) AND (production_year = 1990))
              Rows Removed by Filter: 2520166
Planning time: 18.579 ms
Execution time: 5123.706 ms
