Nested Loop  (cost=0.43..52284.21 rows=39 width=0) (actual time=380.334..2575.763 rows=10 loops=1)
  ->  Seq Scan on movie_companies mc  (cost=0.00..51404.11 rows=104 width=4) (actual time=380.258..2575.269 rows=10 loops=1)
        Filter: (company_id = 92635)
        Rows Removed by Filter: 2609119
  ->  Index Scan using title_pkey on title t  (cost=0.43..8.45 rows=1 width=4) (actual time=0.044..0.045 rows=1 loops=10)
        Index Cond: (id = mc.movie_id)
        Filter: ((kind_id < 7) AND (production_year > 1915))
Planning time: 7.317 ms
Execution time: 2575.884 ms
