Seq Scan on cast_info ci  (cost=0.00..796071.18 rows=6307925 width=0) (actual time=0.032..33636.215 rows=3232670 loops=1)
  Filter: ((person_id < 2950606) AND (role_id > 6))
  Rows Removed by Filter: 33011674
Planning time: 0.401 ms
Execution time: 34167.868 ms
