Hash Join  (cost=75494.03..561242.53 rows=556857 width=0) (actual time=3094.452..26166.727 rows=1806 loops=1)
  Hash Cond: (mi.movie_id = t.id)
  ->  Seq Scan on movie_info mi  (cost=0.00..309384.22 rows=14739122 width=4) (actual time=0.010..17971.564 rows=14835720 loops=1)
  ->  Hash  (cost=73925.90..73925.90 rows=95530 width=4) (actual time=2628.479..2628.479 rows=776 loops=1)
        Buckets: 131072  Batches: 2  Memory Usage: 1044kB
        ->  Seq Scan on title t  (cost=0.00..73925.90 rows=95530 width=4) (actual time=25.840..2627.731 rows=776 loops=1)
              Filter: ((production_year < 1949) AND (kind_id = 7))
              Rows Removed by Filter: 2527536
Planning time: 0.809 ms
Execution time: 26167.197 ms
