Hash Join  (cost=107924.17..203672.14 rows=1217286 width=0) (actual time=5568.348..10335.993 rows=1268348 loops=1)
  Hash Cond: (mc.movie_id = t.id)
  ->  Seq Scan on movie_companies mc  (cost=0.00..57926.93 rows=1252434 width=4) (actual time=0.030..3201.048 rows=1274246 loops=1)
        Filter: ((company_id < 188251) AND (company_type_id = 1))
        Rows Removed by Filter: 1334883
  ->  Hash  (cost=67604.59..67604.59 rows=2457567 width=4) (actual time=5567.058..5567.058 rows=2452703 loops=1)
        Buckets: 131072  Batches: 64  Memory Usage: 2374kB
        ->  Seq Scan on title t  (cost=0.00..67604.59 rows=2457567 width=4) (actual time=0.010..4589.673 rows=2452703 loops=1)
              Filter: (production_year < 2014)
              Rows Removed by Filter: 75609
Planning time: 15.298 ms
Execution time: 10516.306 ms
