Nested Loop  (cost=0.43..83072.29 rows=6 width=0) (actual time=31.514..3888.643 rows=25 loops=1)
  ->  Seq Scan on movie_keyword mk  (cost=0.00..81003.12 rows=246 width=4) (actual time=0.200..3530.887 rows=2049 loops=1)
        Filter: (keyword_id = 1738)
        Rows Removed by Filter: 4521881
  ->  Index Scan using title_pkey on title t  (cost=0.43..8.40 rows=1 width=4) (actual time=0.173..0.173 rows=0 loops=2049)
        Index Cond: (id = mk.movie_id)
        Filter: (production_year = 2013)
        Rows Removed by Filter: 1
Planning time: 0.725 ms
Execution time: 3888.775 ms
