Hash Join  (cost=164977.80..517374.41 rows=35185 width=0) (actual time=15246.582..18583.346 rows=188 loops=1)
  Hash Cond: (mi.movie_id = t.id)
  ->  Seq Scan on movie_info mi  (cost=0.00..346232.03 rows=1550064 width=4) (actual time=9649.430..12775.040 rows=1533909 loops=1)
        Filter: (info_type_id = 3)
        Rows Removed by Filter: 13301811
  ->  Hash  (cost=164260.36..164260.36 rows=57395 width=8) (actual time=5593.228..5593.228 rows=11879 loops=1)
        Buckets: 65536  Batches: 1  Memory Usage: 977kB
        ->  Hash Join  (cost=74787.47..164260.36 rows=57395 width=8) (actual time=2894.221..5588.685 rows=11879 loops=1)
              Hash Cond: (mk.movie_id = t.id)
              ->  Seq Scan on movie_keyword mk  (cost=0.00..81003.12 rows=2105551 width=4) (actual time=0.036..3423.028 rows=2104908 loops=1)
                    Filter: (keyword_id > 5703)
                    Rows Removed by Filter: 2419022
              ->  Hash  (cost=73925.90..73925.90 rows=68925 width=4) (actual time=1767.010..1767.010 rows=84076 loops=1)
                    Buckets: 131072  Batches: 1  Memory Usage: 3980kB
                    ->  Seq Scan on title t  (cost=0.00..73925.90 rows=68925 width=4) (actual time=101.090..1721.730 rows=84076 loops=1)
                          Filter: ((kind_id = 7) AND (production_year = 2007))
                          Rows Removed by Filter: 2444236
Planning time: 12.088 ms
Execution time: 18583.660 ms
