Hash Join  (cost=240472.01..1229382.95 rows=7146633 width=0) (actual time=16138.324..90738.016 rows=74356820 loops=1)
  Hash Cond: (ci.movie_id = t.id)
  ->  Seq Scan on cast_info ci  (cost=0.00..705507.15 rows=16201301 width=4) (actual time=2657.503..44430.050 rows=16121683 loops=1)
        Filter: (role_id > 2)
        Rows Removed by Filter: 20122661
  ->  Hash  (cost=222172.88..222172.88 rows=1115370 width=8) (actual time=13478.916..13478.916 rows=2698033 loops=1)
        Buckets: 131072 (originally 131072)  Batches: 64 (originally 16)  Memory Usage: 3073kB
        ->  Hash Join  (cost=78556.72..222172.88 rows=1115370 width=8) (actual time=3620.666..12559.950 rows=2698033 loops=1)
              Hash Cond: (mk.movie_id = t.id)
              ->  Seq Scan on movie_keyword mk  (cost=0.00..81003.12 rows=4224889 width=4) (actual time=0.020..5511.287 rows=4206711 loops=1)
                    Filter: (keyword_id > 249)
                    Rows Removed by Filter: 317219
              ->  Hash  (cost=67604.59..67604.59 rows=667531 width=4) (actual time=3619.779..3619.779 rows=662825 loops=1)
                    Buckets: 131072  Batches: 16  Memory Usage: 2486kB
                    ->  Seq Scan on title t  (cost=0.00..67604.59 rows=667531 width=4) (actual time=68.772..3237.835 rows=662825 loops=1)
                          Filter: (kind_id = 1)
                          Rows Removed by Filter: 1865487
Planning time: 1.101 ms
Execution time: 100494.781 ms
