Seq Scan on movie_keyword mk  (cost=0.00..81003.12 rows=246 width=0) (actual time=45.651..2687.223 rows=116 loops=1)
  Filter: (keyword_id = 40403)
  Rows Removed by Filter: 4523814
Planning time: 0.405 ms
Execution time: 2687.425 ms
