Hash Join  (cost=52284.25..138942.34 rows=5 width=0) (actual time=2135.069..6195.399 rows=15 loops=1)
  Hash Cond: (mk.movie_id = t.id)
  ->  Seq Scan on movie_keyword mk  (cost=0.00..69693.30 rows=4523930 width=4) (actual time=0.014..3082.680 rows=4523930 loops=1)
  ->  Hash  (cost=52284.21..52284.21 rows=3 width=8) (actual time=2080.709..2080.709 rows=10 loops=1)
        Buckets: 1024  Batches: 1  Memory Usage: 9kB
        ->  Nested Loop  (cost=0.43..52284.21 rows=3 width=8) (actual time=1530.423..2080.684 rows=10 loops=1)
              ->  Seq Scan on movie_companies mc  (cost=0.00..51404.11 rows=104 width=4) (actual time=2.113..2055.475 rows=106 loops=1)
                    Filter: (company_id = 3926)
                    Rows Removed by Filter: 2609023
              ->  Index Scan using title_pkey on title t  (cost=0.43..8.45 rows=1 width=4) (actual time=0.235..0.235 rows=0 loops=106)
                    Index Cond: (id = mc.movie_id)
                    Filter: ((kind_id = 7) AND (production_year = 2007))
                    Rows Removed by Filter: 1
Planning time: 22.417 ms
Execution time: 6195.590 ms
