Hash Join  (cost=86907.34..615926.42 rows=4612215 width=0) (actual time=4149.707..41332.031 rows=7685986 loops=1)
  Hash Cond: (mi.movie_id = t.id)
  ->  Seq Scan on movie_info mi  (cost=0.00..309384.22 rows=14739122 width=4) (actual time=0.018..23668.386 rows=14835720 loops=1)
  ->  Hash  (cost=73925.90..73925.90 rows=791235 width=4) (actual time=4148.666..4148.666 rows=701949 loops=1)
        Buckets: 131072  Batches: 16  Memory Usage: 2575kB
        ->  Seq Scan on title t  (cost=0.00..73925.90 rows=791235 width=4) (actual time=0.025..3498.695 rows=701949 loops=1)
              Filter: ((kind_id < 7) AND (production_year > 1974))
              Rows Removed by Filter: 1826363
Planning time: 0.682 ms
Execution time: 42469.715 ms
