Seq Scan on title t  (cost=0.00..67604.59 rows=91027 width=0) (actual time=171.443..984.797 rows=89272 loops=1)
  Filter: (production_year < 1921)
  Rows Removed by Filter: 2439040
Planning time: 0.224 ms
Execution time: 995.175 ms
