Hash Join  (cost=239959.95..1490664.39 rows=16706320 width=0) (actual time=6051.748..76787.553 rows=151505673 loops=1)
  Hash Cond: (ci.movie_id = t.id)
  ->  Seq Scan on cast_info ci  (cost=0.00..614943.12 rows=36225612 width=4) (actual time=0.017..13778.674 rows=36244344 loops=1)
  ->  Hash  (cost=220827.80..220827.80 rows=1166092 width=8) (actual time=6049.394..6049.394 rows=3197072 loops=1)
        Buckets: 131072 (originally 131072)  Batches: 64 (originally 16)  Memory Usage: 3073kB
        ->  Hash Join  (cost=84618.84..220827.80 rows=1166092 width=8) (actual time=1286.036..5254.533 rows=3197072 loops=1)
              Hash Cond: (mk.movie_id = t.id)
              ->  Seq Scan on movie_keyword mk  (cost=0.00..69693.30 rows=4523930 width=4) (actual time=0.013..1301.199 rows=4523930 loops=1)
              ->  Hash  (cost=73925.90..73925.90 rows=651755 width=4) (actual time=1284.877..1284.877 rows=711179 loops=1)
                    Buckets: 131072  Batches: 16  Memory Usage: 2598kB
                    ->  Seq Scan on title t  (cost=0.00..73925.90 rows=651755 width=4) (actual time=0.049..1081.594 rows=711179 loops=1)
                          Filter: ((kind_id < 7) AND (production_year < 2008))
                          Rows Removed by Filter: 1817133
Planning time: 1.160 ms
Execution time: 93724.052 ms
