Seq Scan on cast_info ci  (cost=0.00..705507.15 rows=500 width=0) (actual time=4384.129..10886.816 rows=206 loops=1)
  Filter: (person_id = 1441725)
  Rows Removed by Filter: 36244138
Planning time: 0.406 ms
Execution time: 10886.961 ms
