Hash Join  (cost=166876.16..971949.28 rows=900200 width=0) (actual time=3406.467..20826.617 rows=3854192 loops=1)
  Hash Cond: (ci.movie_id = t.id)
  ->  Seq Scan on cast_info ci  (cost=0.00..614943.12 rows=36225612 width=4) (actual time=0.012..7777.702 rows=36244344 loops=1)
  ->  Hash  (cost=166090.75..166090.75 rows=62833 width=8) (actual time=3406.009..3406.009 rows=73762 loops=1)
        Buckets: 131072 (originally 65536)  Batches: 1 (originally 1)  Memory Usage: 3906kB
        ->  Hash Join  (cost=68058.67..166090.75 rows=62833 width=8) (actual time=1034.617..3381.914 rows=73762 loops=1)
              Hash Cond: (mk.movie_id = t.id)
              ->  Seq Scan on movie_keyword mk  (cost=0.00..81003.12 rows=4373499 width=4) (actual time=0.029..1652.226 rows=4360169 loops=1)
                    Filter: (keyword_id > 117)
                    Rows Removed by Filter: 163761
              ->  Hash  (cost=67604.59..67604.59 rows=36327 width=4) (actual time=1034.199..1034.199 rows=36509 loops=1)
                    Buckets: 65536  Batches: 1  Memory Usage: 1796kB
                    ->  Seq Scan on title t  (cost=0.00..67604.59 rows=36327 width=4) (actual time=0.085..1018.110 rows=36509 loops=1)
                          Filter: (production_year = 1996)
                          Rows Removed by Filter: 2491803
Planning time: 1.229 ms
Execution time: 21254.476 ms
