Hash Join  (cost=370639.08..2115792.78 rows=54239037 width=0) (actual time=8762.541..82090.944 rows=181030526 loops=1)
  Hash Cond: (ci.movie_id = t.id)
  ->  Seq Scan on cast_info ci  (cost=0.00..705507.15 rows=31358157 width=4) (actual time=0.020..16829.950 rows=31490859 loops=1)
        Filter: (person_id > 461148)
        Rows Removed by Filter: 4753485
  ->  Hash  (cost=298886.34..298886.34 rows=4373499 width=8) (actual time=8760.752..8760.752 rows=4360169 loops=1)
        Buckets: 131072  Batches: 64  Memory Usage: 3713kB
        ->  Hash Join  (cost=102767.86..298886.34 rows=4373499 width=8) (actual time=2036.433..7497.557 rows=4360169 loops=1)
              Hash Cond: (mk.movie_id = t.id)
              ->  Seq Scan on movie_keyword mk  (cost=0.00..81003.12 rows=4373499 width=4) (actual time=0.012..1818.636 rows=4360169 loops=1)
                    Filter: (keyword_id > 117)
                    Rows Removed by Filter: 163761
              ->  Hash  (cost=61283.27..61283.27 rows=2528527 width=4) (actual time=2035.644..2035.644 rows=2528312 loops=1)
                    Buckets: 131072  Batches: 64  Memory Usage: 2425kB
                    ->  Seq Scan on title t  (cost=0.00..61283.27 rows=2528527 width=4) (actual time=0.007..1188.333 rows=2528312 loops=1)
Planning time: 6.742 ms
Execution time: 101143.054 ms
