Seq Scan on cast_info ci  (cost=0.00..705507.15 rows=500 width=0) (actual time=5292.684..11331.390 rows=26 loops=1)
  Filter: (person_id = 870077)
  Rows Removed by Filter: 36244318
Planning time: 0.403 ms
Execution time: 11331.500 ms
