Seq Scan on title t  (cost=0.00..73925.90 rows=24807 width=0) (actual time=0.042..1112.936 rows=25986 loops=1)
  Filter: ((kind_id = 7) AND (production_year = 1997))
  Rows Removed by Filter: 2502326
Planning time: 0.388 ms
Execution time: 1117.893 ms
