Seq Scan on title t  (cost=0.00..67604.59 rows=242739 width=0) (actual time=0.019..1058.807 rows=241400 loops=1)
  Filter: (production_year < 1960)
  Rows Removed by Filter: 2286912
Planning time: 0.293 ms
Execution time: 1092.990 ms
