Hash Join  (cost=102767.86..793990.64 rows=13926693 width=0) (actual time=2478.256..20334.025 rows=13963496 loops=1)
  Hash Cond: (mi.movie_id = t.id)
  ->  Seq Scan on movie_info mi  (cost=0.00..346232.03 rows=13926693 width=4) (actual time=0.037..6384.647 rows=13963496 loops=1)
        Filter: (info_type_id < 98)
        Rows Removed by Filter: 872224
  ->  Hash  (cost=61283.27..61283.27 rows=2528527 width=4) (actual time=2476.490..2476.490 rows=2528312 loops=1)
        Buckets: 131072  Batches: 64  Memory Usage: 2425kB
        ->  Seq Scan on title t  (cost=0.00..61283.27 rows=2528527 width=4) (actual time=0.017..1025.856 rows=2528312 loops=1)
Planning time: 0.794 ms
Execution time: 21844.795 ms
