Seq Scan on movie_companies mc  (cost=0.00..51404.11 rows=1916217 width=0) (actual time=0.017..985.709 rows=1910519 loops=1)
  Filter: (company_id < 45752)
  Rows Removed by Filter: 698610
Planning time: 0.303 ms
Execution time: 1226.430 ms
