Hash Join  (cost=225129.83..737115.29 rows=3419456 width=0) (actual time=4687.736..27110.343 rows=40392017 loops=1)
  Hash Cond: (mi.movie_id = t.id)
  ->  Seq Scan on movie_info mi  (cost=0.00..346232.03 rows=11115165 width=4) (actual time=188.871..7020.234 rows=11210743 loops=1)
        Filter: (info_type_id > 3)
        Rows Removed by Filter: 3624977
  ->  Hash  (cost=212367.42..212367.42 rows=777873 width=8) (actual time=4460.654..4460.654 rows=786164 loops=1)
        Buckets: 131072  Batches: 16  Memory Usage: 3054kB
        ->  Hash Join  (cost=102767.86..212367.42 rows=777873 width=8) (actual time=1890.581..4233.659 rows=786164 loops=1)
              Hash Cond: (mk.movie_id = t.id)
              ->  Seq Scan on movie_keyword mk  (cost=0.00..81003.12 rows=777873 width=4) (actual time=0.022..1349.074 rows=786164 loops=1)
                    Filter: (keyword_id > 23957)
                    Rows Removed by Filter: 3737766
              ->  Hash  (cost=61283.27..61283.27 rows=2528527 width=4) (actual time=1884.261..1884.261 rows=2528312 loops=1)
                    Buckets: 131072  Batches: 64  Memory Usage: 2425kB
                    ->  Seq Scan on title t  (cost=0.00..61283.27 rows=2528527 width=4) (actual time=0.012..1065.645 rows=2528312 loops=1)
Planning time: 1.091 ms
Execution time: 31996.109 ms
