Hash Join  (cost=192941.77..605744.79 rows=304957 width=0) (actual time=4137.534..12721.891 rows=1341910 loops=1)
  Hash Cond: (mi.movie_id = t.id)
  ->  Seq Scan on movie_info mi  (cost=0.00..346232.03 rows=5445713 width=4) (actual time=142.978..6515.784 rows=5410520 loops=1)
        Filter: (info_type_id < 6)
        Rows Removed by Filter: 9425200
  ->  Hash  (cost=190617.82..190617.82 rows=141596 width=8) (actual time=3993.770..3993.770 rows=133737 loops=1)
        Buckets: 131072  Batches: 2  Memory Usage: 3678kB
        ->  Hash Join  (cost=69374.09..190617.82 rows=141596 width=8) (actual time=1152.413..3948.300 rows=133737 loops=1)
              Hash Cond: (mk.movie_id = t.id)
              ->  Seq Scan on movie_keyword mk  (cost=0.00..81003.12 rows=3321239 width=4) (actual time=0.028..1740.110 rows=3312485 loops=1)
                    Filter: (keyword_id < 15099)
                    Rows Removed by Filter: 1211445
              ->  Hash  (cost=67604.59..67604.59 rows=107800 width=4) (actual time=1151.388..1151.388 rows=108429 loops=1)
                    Buckets: 131072  Batches: 2  Memory Usage: 2938kB
                    ->  Seq Scan on title t  (cost=0.00..67604.59 rows=107800 width=4) (actual time=0.017..1108.872 rows=108429 loops=1)
                          Filter: (production_year = 2006)
                          Rows Removed by Filter: 2419883
Planning time: 1.156 ms
Execution time: 12884.675 ms
