Hash Join  (cost=159551.65..910515.31 rows=17452 width=0) (actual time=2908.080..19239.028 rows=235263 loops=1)
  Hash Cond: (ci.movie_id = t.id)
  ->  Seq Scan on cast_info ci  (cost=0.00..614943.12 rows=36225612 width=4) (actual time=0.019..8971.062 rows=36244344 loops=1)
  ->  Hash  (cost=159536.42..159536.42 rows=1218 width=8) (actual time=2900.701..2900.701 rows=6743 loops=1)
        Buckets: 8192 (originally 2048)  Batches: 1 (originally 1)  Memory Usage: 328kB
        ->  Hash Join  (cost=73957.54..159536.42 rows=1218 width=8) (actual time=1238.543..2897.875 rows=6743 loops=1)
              Hash Cond: (mk.movie_id = t.id)
              ->  Seq Scan on movie_keyword mk  (cost=0.00..81003.12 rows=1216953 width=4) (actual time=0.014..1450.209 rows=1226431 loops=1)
                    Filter: (keyword_id > 14819)
                    Rows Removed by Filter: 3297499
              ->  Hash  (cost=73925.90..73925.90 rows=2531 width=4) (actual time=1237.346..1237.346 rows=6228 loops=1)
                    Buckets: 8192 (originally 4096)  Batches: 1 (originally 1)  Memory Usage: 283kB
                    ->  Seq Scan on title t  (cost=0.00..73925.90 rows=2531 width=4) (actual time=0.085..1234.263 rows=6228 loops=1)
                          Filter: ((kind_id < 4) AND (production_year = 1970))
                          Rows Removed by Filter: 2522084
Planning time: 1.101 ms
Execution time: 19272.407 ms
