Seq Scan on movie_companies mc  (cost=0.00..57926.93 rows=689231 width=0) (actual time=123.178..1071.308 rows=437908 loops=1)
  Filter: ((company_id < 11454) AND (company_type_id > 1))
  Rows Removed by Filter: 2171221
Planning time: 0.347 ms
Execution time: 1123.469 ms
