Hash Join  (cost=152685.26..903996.78 rows=52237 width=0) (actual time=2527.149..19102.967 rows=44496 loops=1)
  Hash Cond: (ci.movie_id = t.id)
  ->  Seq Scan on cast_info ci  (cost=0.00..614943.12 rows=36225612 width=4) (actual time=0.018..9329.770 rows=36244344 loops=1)
  ->  Hash  (cost=152639.69..152639.69 rows=3646 width=8) (actual time=2526.654..2526.654 rows=1461 loops=1)
        Buckets: 4096  Batches: 1  Memory Usage: 90kB
        ->  Hash Join  (cost=70308.29..152639.69 rows=3646 width=8) (actual time=1172.672..2525.981 rows=1461 loops=1)
              Hash Cond: (mk.movie_id = t.id)
              ->  Seq Scan on movie_keyword mk  (cost=0.00..81003.12 rows=55951 width=4) (actual time=0.081..1307.795 rows=54826 loops=1)
                    Filter: (keyword_id < 55)
                    Rows Removed by Filter: 4469104
              ->  Hash  (cost=67604.59..67604.59 rows=164776 width=4) (actual time=1170.373..1170.373 rows=164307 loops=1)
                    Buckets: 131072  Batches: 4  Memory Usage: 2488kB
                    ->  Seq Scan on title t  (cost=0.00..67604.59 rows=164776 width=4) (actual time=0.025..1109.663 rows=164307 loops=1)
                          Filter: (production_year = 2012)
                          Rows Removed by Filter: 2364005
Planning time: 2.301 ms
Execution time: 19113.872 ms
