Hash Join  (cost=921611.15..1006279.87 rows=697720 width=0) (actual time=16725.073..20890.445 rows=5919011 loops=1)
  Hash Cond: (mc.movie_id = t.id)
  ->  Seq Scan on movie_companies mc  (cost=0.00..44881.29 rows=2609129 width=4) (actual time=0.017..1008.494 rows=2609129 loops=1)
  ->  Hash  (cost=910517.07..910517.07 rows=676166 width=8) (actual time=16723.976..16723.976 rows=1475746 loops=1)
        Buckets: 131072 (originally 131072)  Batches: 32 (originally 16)  Memory Usage: 3073kB
        ->  Hash Join  (cost=83810.17..910517.07 rows=676166 width=8) (actual time=1479.675..16286.685 rows=1475746 loops=1)
              Hash Cond: (ci.movie_id = t.id)
              ->  Seq Scan on cast_info ci  (cost=0.00..796071.18 rows=1730948 width=4) (actual time=0.016..12460.002 rows=3476196 loops=1)
                    Filter: ((person_id < 466862) AND (role_id < 2))
                    Rows Removed by Filter: 32768148
              ->  Hash  (cost=67604.59..67604.59 rows=987727 width=4) (actual time=1478.530..1478.530 rows=985048 loops=1)
                    Buckets: 131072  Batches: 16  Memory Usage: 3188kB
                    ->  Seq Scan on title t  (cost=0.00..67604.59 rows=987727 width=4) (actual time=0.012..1165.540 rows=985048 loops=1)
                          Filter: (kind_id < 7)
                          Rows Removed by Filter: 1543264
Planning time: 1.160 ms
Execution time: 21575.549 ms
