Seq Scan on title t  (cost=0.00..67604.59 rows=7437 width=0) (actual time=0.052..1072.844 rows=14038 loops=1)
  Filter: (production_year = 1977)
  Rows Removed by Filter: 2514274
Planning time: 0.338 ms
Execution time: 1075.986 ms
