Hash Join  (cost=68365.25..159538.49 rows=61333 width=0) (actual time=1109.873..2903.767 rows=74279 loops=1)
  Hash Cond: (mk.movie_id = t.id)
  ->  Seq Scan on movie_keyword mk  (cost=0.00..81003.12 rows=2548477 width=4) (actual time=0.027..1348.703 rows=2539506 loops=1)
        Filter: (keyword_id < 6359)
        Rows Removed by Filter: 1984424
  ->  Hash  (cost=67604.59..67604.59 rows=60853 width=4) (actual time=1109.174..1109.174 rows=62568 loops=1)
        Buckets: 65536  Batches: 1  Memory Usage: 2712kB
        ->  Seq Scan on title t  (cost=0.00..67604.59 rows=60853 width=4) (actual time=0.030..1083.163 rows=62568 loops=1)
              Filter: (production_year = 2002)
              Rows Removed by Filter: 2465744
Planning time: 1.627 ms
Execution time: 2912.932 ms
