Seq Scan on movie_companies mc  (cost=0.00..51404.11 rows=422214 width=0) (actual time=349.514..794.994 rows=426812 loops=1)
  Filter: (company_id > 79530)
  Rows Removed by Filter: 2182317
Planning time: 0.364 ms
Execution time: 847.467 ms
