Seq Scan on movie_companies mc  (cost=0.00..57926.93 rows=23202 width=0) (actual time=30.732..942.264 rows=42064 loops=1)
  Filter: ((company_type_id < 2) AND (company_id = 19))
  Rows Removed by Filter: 2567065
Planning time: 0.403 ms
Execution time: 947.816 ms
