Hash Join  (cost=68426.36..845568.72 rows=464470 width=0) (actual time=1159.511..19296.033 rows=498751 loops=1)
  Hash Cond: (ci.movie_id = t.id)
  ->  Seq Scan on cast_info ci  (cost=0.00..705507.15 rows=17864135 width=4) (actual time=0.025..12654.461 rows=17986217 loops=1)
        Filter: (person_id > 1813812)
        Rows Removed by Filter: 18258127
  ->  Hash  (cost=67604.59..67604.59 rows=65742 width=4) (actual time=1158.797..1158.797 rows=63827 loops=1)
        Buckets: 131072  Batches: 1  Memory Usage: 3268kB
        ->  Seq Scan on title t  (cost=0.00..67604.59 rows=65742 width=4) (actual time=0.021..1132.047 rows=63827 loops=1)
              Filter: (production_year = 2013)
              Rows Removed by Filter: 2464485
Planning time: 1.097 ms
Execution time: 19368.101 ms
