Hash Join  (cost=115108.20..603758.74 rows=828863 width=0) (actual time=2333.135..13731.412 rows=1006820 loops=1)
  Hash Cond: (mi.movie_id = t.id)
  ->  Seq Scan on movie_info mi  (cost=0.00..309384.22 rows=14739122 width=4) (actual time=0.013..5987.791 rows=14835720 loops=1)
  ->  Hash  (cost=112774.78..112774.78 rows=142193 width=8) (actual time=2332.345..2332.345 rows=87676 loops=1)
        Buckets: 131072  Batches: 2  Memory Usage: 2736kB
        ->  Hash Join  (cost=74050.79..112774.78 rows=142193 width=8) (actual time=1263.801..2300.674 rows=87676 loops=1)
              Hash Cond: (mi_idx.movie_id = t.id)
              ->  Seq Scan on movie_info_idx mi_idx  (cost=0.00..25185.44 rows=915101 width=4) (actual time=0.022..524.758 rows=919850 loops=1)
                    Filter: (info_type_id < 101)
                    Rows Removed by Filter: 460185
              ->  Hash  (cost=67604.59..67604.59 rows=392896 width=4) (actual time=1262.665..1262.665 rows=391666 loops=1)
                    Buckets: 131072  Batches: 8  Memory Usage: 2753kB
                    ->  Seq Scan on title t  (cost=0.00..67604.59 rows=392896 width=4) (actual time=0.021..1134.330 rows=391666 loops=1)
                          Filter: (production_year > 2010)
                          Rows Removed by Filter: 2136646
Planning time: 1.127 ms
Execution time: 13872.426 ms
