Seq Scan on cast_info ci  (cost=0.00..705507.15 rows=500 width=0) (actual time=377.223..11122.653 rows=170 loops=1)
  Filter: (person_id = 2570531)
  Rows Removed by Filter: 36244174
Planning time: 0.372 ms
Execution time: 11122.794 ms
