Hash Join  (cost=86372.90..613364.97 rows=4422214 width=0) (actual time=1437.103..18292.444 rows=7290108 loops=1)
  Hash Cond: (mi.movie_id = t.id)
  ->  Seq Scan on movie_info mi  (cost=0.00..309384.22 rows=14739122 width=4) (actual time=0.009..6293.070 rows=14835720 loops=1)
  ->  Hash  (cost=73925.90..73925.90 rows=758640 width=4) (actual time=1431.967..1431.967 rows=663849 loops=1)
        Buckets: 131072  Batches: 16  Memory Usage: 2491kB
        ->  Seq Scan on title t  (cost=0.00..73925.90 rows=758640 width=4) (actual time=0.026..1208.411 rows=663849 loops=1)
              Filter: ((kind_id < 7) AND (production_year > 1980))
              Rows Removed by Filter: 1864463
Planning time: 0.780 ms
Execution time: 19063.743 ms
