Nested Loop  (cost=0.43..111580.24 rows=98 width=0) (actual time=14.437..926.522 rows=111 loops=1)
  ->  Seq Scan on movie_keyword mk  (cost=0.00..81003.12 rows=4072 width=4) (actual time=1.353..839.435 rows=4017 loops=1)
        Filter: (keyword_id = 73)
        Rows Removed by Filter: 4519913
  ->  Index Scan using title_pkey on title t  (cost=0.43..7.50 rows=1 width=4) (actual time=0.021..0.021 rows=0 loops=4017)
        Index Cond: (id = mk.movie_id)
        Filter: (production_year = 2002)
        Rows Removed by Filter: 1
Planning time: 0.793 ms
Execution time: 926.678 ms
