Seq Scan on movie_companies mc  (cost=0.00..51404.11 rows=776224 width=0) (actual time=0.018..906.871 rows=767099 loops=1)
  Filter: (company_id < 1605)
  Rows Removed by Filter: 1842030
Planning time: 0.396 ms
Execution time: 997.472 ms
