Seq Scan on cast_info ci  (cost=0.00..796071.18 rows=895314 width=0) (actual time=7959.227..11939.542 rows=1164 loops=1)
  Filter: ((person_id < 416203) AND (role_id = 2))
  Rows Removed by Filter: 36243180
Planning time: 0.303 ms
Execution time: 11939.816 ms
