Hash Join  (cost=92718.22..882098.53 rows=4034839 width=169) (actual time=1763.810..18562.702 rows=2055671 loops=1)
  Hash Cond: (mi.movie_id = t.id)
  ->  Seq Scan on movie_info mi  (cost=0.00..309384.22 rows=14739122 width=75) (actual time=0.143..7110.069 rows=14835720 loops=1)
  ->  Hash  (cost=73925.90..73925.90 rows=692185 width=94) (actual time=1725.354..1725.354 rows=596495 loops=1)
        Buckets: 32768  Batches: 32  Memory Usage: 2386kB
        ->  Seq Scan on title t  (cost=0.00..73925.90 rows=692185 width=94) (actual time=0.031..1466.790 rows=596495 loops=1)
              Filter: ((production_year < 2002) AND (kind_id = 7))
              Rows Removed by Filter: 1931817
Planning time: 0.822 ms
Execution time: 18670.711 ms
