Hash Join  (cost=365418.15..1273138.38 rows=9582914 width=0) (actual time=14951.578..34364.796 rows=43504641 loops=1)
  Hash Cond: (ci.movie_id = t.id)
  ->  Seq Scan on cast_info ci  (cost=0.00..705507.15 rows=5356108 width=4) (actual time=6690.681..11962.251 rows=5431568 loops=1)
        Filter: (person_id > 3113229)
        Rows Removed by Filter: 30812776
  ->  Hash  (cost=291197.02..291197.02 rows=4523930 width=8) (actual time=8258.922..8258.922 rows=4523930 loops=1)
        Buckets: 131072  Batches: 64  Memory Usage: 3816kB
        ->  Hash Join  (cost=102767.86..291197.02 rows=4523930 width=8) (actual time=1785.512..6948.961 rows=4523930 loops=1)
              Hash Cond: (mk.movie_id = t.id)
              ->  Seq Scan on movie_keyword mk  (cost=0.00..69693.30 rows=4523930 width=4) (actual time=0.030..1448.269 rows=4523930 loops=1)
              ->  Hash  (cost=61283.27..61283.27 rows=2528527 width=4) (actual time=1784.240..1784.240 rows=2528312 loops=1)
                    Buckets: 131072  Batches: 64  Memory Usage: 2425kB
                    ->  Seq Scan on title t  (cost=0.00..61283.27 rows=2528527 width=4) (actual time=0.016..926.803 rows=2528312 loops=1)
Planning time: 1.160 ms
Execution time: 39364.005 ms
