Seq Scan on cast_info ci  (cost=0.00..705507.15 rows=29541773 width=0) (actual time=0.042..13628.526 rows=29623044 loops=1)
  Filter: (person_id > 639028)
  Rows Removed by Filter: 6621300
Planning time: 0.350 ms
Execution time: 17351.897 ms
