Hash Join  (cost=102767.86..1031836.91 rows=5116669 width=0) (actual time=3374.613..23627.271 rows=7450185 loops=1)
  Hash Cond: (ci.movie_id = t.id)
  ->  Seq Scan on cast_info ci  (cost=0.00..796071.18 rows=5116669 width=4) (actual time=1408.908..15591.352 rows=7450185 loops=1)
        Filter: ((person_id > 1049562) AND (role_id = 2))
        Rows Removed by Filter: 28794159
  ->  Hash  (cost=61283.27..61283.27 rows=2528527 width=4) (actual time=1964.335..1964.335 rows=2528312 loops=1)
        Buckets: 131072  Batches: 64  Memory Usage: 2415kB
        ->  Seq Scan on title t  (cost=0.00..61283.27 rows=2528527 width=4) (actual time=0.025..1128.465 rows=2528312 loops=1)
Planning time: 0.939 ms
Execution time: 24450.341 ms
