Seq Scan on cast_info ci  (cost=0.00..796071.18 rows=2734268 width=0) (actual time=606.209..11331.784 rows=1354900 loops=1)
  Filter: ((person_id < 1127071) AND (role_id > 5))
  Rows Removed by Filter: 34889444
Planning time: 0.359 ms
Execution time: 11513.780 ms
