Seq Scan on cast_info ci  (cost=0.00..705507.15 rows=30517107 width=0) (actual time=0.019..13385.084 rows=30616493 loops=1)
  Filter: (person_id > 543933)
  Rows Removed by Filter: 5627851
Planning time: 0.336 ms
Execution time: 17198.616 ms
