Seq Scan on cast_info ci  (cost=0.00..796071.18 rows=15425641 width=0) (actual time=4908.820..16250.048 rows=14355181 loops=1)
  Filter: ((person_id < 3712425) AND (role_id > 2))
  Rows Removed by Filter: 21889163
Planning time: 0.368 ms
Execution time: 17956.719 ms
