Hash Join  (cost=81055.23..587887.10 rows=2532794 width=0) (actual time=1181.724..13769.246 rows=1288098 loops=1)
  Hash Cond: (mi.movie_id = t.id)
  ->  Seq Scan on movie_info mi  (cost=0.00..309384.22 rows=14739122 width=4) (actual time=0.017..5396.298 rows=14835720 loops=1)
  ->  Hash  (cost=73925.90..73925.90 rows=434506 width=4) (actual time=1180.679..1180.679 rows=315167 loops=1)
        Buckets: 131072  Batches: 8  Memory Usage: 2403kB
        ->  Seq Scan on title t  (cost=0.00..73925.90 rows=434506 width=4) (actual time=115.466..1076.123 rows=315167 loops=1)
              Filter: ((production_year < 1991) AND (kind_id = 7))
              Rows Removed by Filter: 2213145
Planning time: 0.756 ms
Execution time: 13923.904 ms
