Hash Join  (cost=101021.35..482942.22 rows=15267 width=0) (actual time=2030.923..8588.264 rows=10683 loops=1)
  Hash Cond: (mi.movie_id = t.id)
  ->  Seq Scan on movie_info mi  (cost=0.00..346232.03 rows=9476311 width=4) (actual time=242.123..5446.087 rows=9565151 loops=1)
        Filter: (info_type_id < 16)
        Rows Removed by Filter: 5270569
  ->  Hash  (cost=100970.43..100970.43 rows=4074 width=8) (actual time=1784.430..1784.430 rows=1344 loops=1)
        Buckets: 4096  Batches: 1  Memory Usage: 85kB
        ->  Hash Join  (cost=74019.21..100970.43 rows=4074 width=8) (actual time=1193.360..1783.731 rows=1344 loops=1)
              Hash Cond: (mi_idx.movie_id = t.id)
              ->  Seq Scan on movie_info_idx mi_idx  (cost=0.00..21735.35 rows=1380035 width=4) (actual time=0.027..300.383 rows=1380035 loops=1)
              ->  Hash  (cost=73925.90..73925.90 rows=7464 width=4) (actual time=1193.072..1193.072 rows=5186 loops=1)
                    Buckets: 8192  Batches: 1  Memory Usage: 247kB
                    ->  Seq Scan on title t  (cost=0.00..73925.90 rows=7464 width=4) (actual time=0.024..1190.543 rows=5186 loops=1)
                          Filter: ((kind_id = 4) AND (production_year = 2012))
                          Rows Removed by Filter: 2523126
Planning time: 0.901 ms
Execution time: 8590.138 ms
