Seq Scan on movie_keyword mk  (cost=0.00..81003.12 rows=4675 width=0) (actual time=1.458..1176.334 rows=4057 loops=1)
  Filter: (keyword_id = 2862)
  Rows Removed by Filter: 4519873
Planning time: 0.374 ms
Execution time: 1177.271 ms
