Hash Join  (cost=95669.35..921074.02 rows=156658 width=0) (actual time=1576.725..19613.161 rows=25477 loops=1)
  Hash Cond: (ci.movie_id = t.id)
  ->  Seq Scan on cast_info ci  (cost=0.00..705507.15 rows=31554923 width=4) (actual time=0.021..13307.764 rows=31605208 loops=1)
        Filter: (role_id < 10)
        Rows Removed by Filter: 4639136
  ->  Hash  (cost=95512.43..95512.43 rows=12553 width=8) (actual time=1576.575..1576.575 rows=4561 loops=1)
        Buckets: 16384  Batches: 1  Memory Usage: 307kB
        ->  Hash Join  (cost=68457.96..95512.43 rows=12553 width=8) (actual time=1250.897..1574.866 rows=4561 loops=1)
              Hash Cond: (mi_idx.movie_id = t.id)
              ->  Seq Scan on movie_info_idx mi_idx  (cost=0.00..25185.44 rows=464934 width=4) (actual time=0.022..345.308 rows=460185 loops=1)
                    Filter: (info_type_id > 100)
                    Rows Removed by Filter: 919850
              ->  Hash  (cost=67604.59..67604.59 rows=68270 width=4) (actual time=1109.038..1109.038 rows=67517 loops=1)
                    Buckets: 131072  Batches: 1  Memory Usage: 3398kB
                    ->  Seq Scan on title t  (cost=0.00..67604.59 rows=68270 width=4) (actual time=37.936..1082.741 rows=67517 loops=1)
                          Filter: (production_year < 1916)
                          Rows Removed by Filter: 2460795
Planning time: 0.941 ms
Execution time: 19618.803 ms
