Hash Join  (cost=448026.41..535005.37 rows=32092 width=0) (actual time=5279.486..6845.473 rows=509076 loops=1)
  Hash Cond: (mk.movie_id = t.id)
  ->  Seq Scan on movie_keyword mk  (cost=0.00..69693.30 rows=4523930 width=4) (actual time=0.012..775.841 rows=4523930 loops=1)
  ->  Hash  (cost=447802.20..447802.20 rows=17937 width=8) (actual time=5272.657..5272.657 rows=6586 loops=1)
        Buckets: 32768  Batches: 1  Memory Usage: 514kB
        ->  Nested Loop  (cost=0.43..447802.20 rows=17937 width=8) (actual time=2006.889..5269.309 rows=6586 loops=1)
              ->  Seq Scan on movie_info mi  (cost=0.00..346232.03 rows=17937 width=4) (actual time=2006.705..5157.811 rows=6586 loops=1)
                    Filter: (info_type_id = 47)
                    Rows Removed by Filter: 14829134
              ->  Index Only Scan using title_pkey on title t  (cost=0.43..5.65 rows=1 width=4) (actual time=0.016..0.016 rows=1 loops=6586)
                    Index Cond: (id = mi.movie_id)
                    Heap Fetches: 6586
Planning time: 1.127 ms
Execution time: 6897.490 ms
