Hash Join  (cost=83810.17..203329.82 rows=875189 width=0) (actual time=1483.678..4950.315 rows=1936459 loops=1)
  Hash Cond: (mk.movie_id = t.id)
  ->  Seq Scan on movie_keyword mk  (cost=0.00..81003.12 rows=2240435 width=4) (actual time=0.025..1771.734 rows=2233572 loops=1)
        Filter: (keyword_id < 4601)
        Rows Removed by Filter: 2290358
  ->  Hash  (cost=67604.59..67604.59 rows=987727 width=4) (actual time=1482.729..1482.729 rows=985048 loops=1)
        Buckets: 131072  Batches: 16  Memory Usage: 3197kB
        ->  Seq Scan on title t  (cost=0.00..67604.59 rows=987727 width=4) (actual time=0.020..1148.200 rows=985048 loops=1)
              Filter: (kind_id < 7)
              Rows Removed by Filter: 1543264
Planning time: 0.714 ms
Execution time: 5178.192 ms
