Hash Join  (cost=75199.97..1120425.42 rows=1111829 width=0) (actual time=1297.605..28171.431 rows=1495757 loops=1)
  Hash Cond: (ci.movie_id = t.id)
  ->  Seq Scan on cast_info ci  (cost=0.00..614943.12 rows=36225612 width=4) (actual time=0.023..12794.372 rows=36244344 loops=1)
  ->  Hash  (cost=73925.90..73925.90 rows=77605 width=4) (actual time=1296.814..1296.814 rows=84684 loops=1)
        Buckets: 131072  Batches: 2  Memory Usage: 2512kB
        ->  Seq Scan on title t  (cost=0.00..73925.90 rows=77605 width=4) (actual time=0.020..1265.636 rows=84684 loops=1)
              Filter: ((kind_id = 7) AND (production_year = 2009))
              Rows Removed by Filter: 2443628
Planning time: 0.805 ms
Execution time: 28370.748 ms
