Hash Join  (cost=140417.21..680237.11 rows=3040179 width=0) (actual time=3078.083..17720.726 rows=5183059 loops=1)
  Hash Cond: (mi.movie_id = t.id)
  ->  Seq Scan on movie_info mi  (cost=0.00..346232.03 rows=13926693 width=4) (actual time=0.022..7046.523 rows=13963496 loops=1)
        Filter: (info_type_id < 98)
        Rows Removed by Filter: 872224
  ->  Hash  (cost=131360.53..131360.53 rows=551974 width=8) (actual time=3077.282..3077.282 rows=430747 loops=1)
        Buckets: 131072  Batches: 8  Memory Usage: 3121kB
        ->  Hash Join  (cost=84197.31..131360.53 rows=551974 width=8) (actual time=1548.676..2943.305 rows=430747 loops=1)
              Hash Cond: (mi_idx.movie_id = t.id)
              ->  Seq Scan on movie_info_idx mi_idx  (cost=0.00..21735.35 rows=1380035 width=4) (actual time=0.011..453.969 rows=1380035 loops=1)
              ->  Hash  (cost=67604.59..67604.59 rows=1011338 width=4) (actual time=1547.614..1547.614 rows=1012920 loops=1)
                    Buckets: 131072  Batches: 16  Memory Usage: 3250kB
                    ->  Seq Scan on title t  (cost=0.00..67604.59 rows=1011338 width=4) (actual time=0.021..1227.247 rows=1012920 loops=1)
                          Filter: (production_year > 2005)
                          Rows Removed by Filter: 1515392
Planning time: 1.094 ms
Execution time: 18269.809 ms
