Seq Scan on movie_keyword mk  (cost=0.00..81003.12 rows=246 width=0) (actual time=215.455..1333.575 rows=39 loops=1)
  Filter: (keyword_id = 48665)
  Rows Removed by Filter: 4523891
Planning time: 0.380 ms
Execution time: 1333.680 ms
