Hash Join  (cost=83074.74..109986.57 rows=134 width=0) (actual time=1251.523..1852.899 rows=1211 loops=1)
  Hash Cond: (mi_idx.movie_id = t.id)
  ->  Seq Scan on movie_info_idx mi_idx  (cost=0.00..21735.35 rows=1380035 width=4) (actual time=0.030..342.210 rows=1380035 loops=1)
  ->  Hash  (cost=83071.67..83071.67 rows=246 width=8) (actual time=1250.831..1250.831 rows=459 loops=1)
        Buckets: 1024  Batches: 1  Memory Usage: 26kB
        ->  Nested Loop  (cost=0.43..83071.67 rows=246 width=8) (actual time=7.677..1250.403 rows=459 loops=1)
              ->  Seq Scan on movie_keyword mk  (cost=0.00..81003.12 rows=246 width=4) (actual time=7.582..1227.356 rows=459 loops=1)
                    Filter: (keyword_id = 4630)
                    Rows Removed by Filter: 4523471
              ->  Index Only Scan using title_pkey on title t  (cost=0.43..8.40 rows=1 width=4) (actual time=0.047..0.048 rows=1 loops=459)
                    Index Cond: (id = mk.movie_id)
                    Heap Fetches: 459
Planning time: 2.636 ms
Execution time: 1853.253 ms
