Hash Join  (cost=102767.86..180280.38 rows=403421 width=0) (actual time=2297.251..4152.513 rows=727389 loops=1)
  Hash Cond: (mc.movie_id = t.id)
  ->  Seq Scan on movie_companies mc  (cost=0.00..57926.93 rows=403421 width=4) (actual time=79.337..969.848 rows=727389 loops=1)
        Filter: ((company_id > 30624) AND (company_type_id > 1))
        Rows Removed by Filter: 1881740
  ->  Hash  (cost=61283.27..61283.27 rows=2528527 width=4) (actual time=2216.609..2216.609 rows=2528312 loops=1)
        Buckets: 131072  Batches: 64  Memory Usage: 2415kB
        ->  Seq Scan on title t  (cost=0.00..61283.27 rows=2528527 width=4) (actual time=0.025..1078.406 rows=2528312 loops=1)
Planning time: 0.770 ms
Execution time: 4233.758 ms
