Hash Join  (cost=78556.72..442418.44 rows=279191 width=0) (actual time=1342.913..7579.337 rows=848289 loops=1)
  Hash Cond: (mi.movie_id = t.id)
  ->  Seq Scan on movie_info mi  (cost=0.00..346232.03 rows=1057541 width=4) (actual time=0.196..5371.517 rows=1108940 loops=1)
        Filter: (info_type_id > 64)
        Rows Removed by Filter: 13726780
  ->  Hash  (cost=67604.59..67604.59 rows=667531 width=4) (actual time=1341.332..1341.332 rows=662825 loops=1)
        Buckets: 131072  Batches: 16  Memory Usage: 2485kB
        ->  Seq Scan on title t  (cost=0.00..67604.59 rows=667531 width=4) (actual time=539.546..1125.325 rows=662825 loops=1)
              Filter: (kind_id = 1)
              Rows Removed by Filter: 1865487
Planning time: 0.755 ms
Execution time: 7671.990 ms
