Hash Join  (cost=152126.76..506227.54 rows=9165 width=0) (actual time=3327.190..8113.126 rows=3312 loops=1)
  Hash Cond: (mi.movie_id = t.id)
  ->  Seq Scan on movie_info mi  (cost=0.00..346232.03 rows=2073893 width=4) (actual time=790.402..5357.497 rows=2091068 loops=1)
        Filter: (info_type_id < 3)
        Rows Removed by Filter: 12744652
  ->  Hash  (cost=151987.09..151987.09 rows=11174 width=8) (actual time=2433.380..2433.380 rows=2504 loops=1)
        Buckets: 16384  Batches: 1  Memory Usage: 226kB
        ->  Hash Join  (cost=68078.69..151987.09 rows=11174 width=8) (actual time=1041.048..2431.956 rows=2504 loops=1)
              Hash Cond: (mk.movie_id = t.id)
              ->  Seq Scan on movie_keyword mk  (cost=0.00..81003.12 rows=744943 width=4) (actual time=0.030..1224.357 rows=750555 loops=1)
                    Filter: (keyword_id < 683)
                    Rows Removed by Filter: 3773375
              ->  Hash  (cost=67604.59..67604.59 rows=37928 width=4) (actual time=1040.631..1040.631 rows=35050 loops=1)
                    Buckets: 65536  Batches: 1  Memory Usage: 1745kB
                    ->  Seq Scan on title t  (cost=0.00..67604.59 rows=37928 width=4) (actual time=238.983..1026.369 rows=35050 loops=1)
                          Filter: (production_year < 1912)
                          Rows Removed by Filter: 2493262
Planning time: 0.826 ms
Execution time: 8114.008 ms
