Hash Join  (cost=105772.75..166975.52 rows=1269724 width=0) (actual time=2083.311..3985.444 rows=1331203 loops=1)
  Hash Cond: (mi_idx.movie_id = t.id)
  ->  Seq Scan on movie_info_idx mi_idx  (cost=0.00..21735.35 rows=1380035 width=4) (actual time=1.812..481.609 rows=1380035 loops=1)
  ->  Hash  (cost=67604.59..67604.59 rows=2326413 width=4) (actual time=2080.491..2080.491 rows=2320300 loops=1)
        Buckets: 131072  Batches: 32  Memory Usage: 3577kB
        ->  Seq Scan on title t  (cost=0.00..67604.59 rows=2326413 width=4) (actual time=0.014..1350.843 rows=2320300 loops=1)
              Filter: (production_year > 1937)
              Rows Removed by Filter: 208012
Planning time: 0.731 ms
Execution time: 4142.130 ms
