Seq Scan on cast_info ci  (cost=0.00..796071.18 rows=224 width=0) (actual time=7650.101..13343.245 rows=1 loops=1)
  Filter: ((role_id > 2) AND (person_id = 237403))
  Rows Removed by Filter: 36244343
Planning time: 0.379 ms
Execution time: 13343.351 ms
