Seq Scan on cast_info ci  (cost=0.00..796071.18 rows=3587725 width=0) (actual time=6753.230..13763.865 rows=6813865 loops=1)
  Filter: ((person_id > 1820133) AND (role_id = 2))
  Rows Removed by Filter: 29430479
Planning time: 0.401 ms
Execution time: 14660.707 ms
