Nested Loop  (cost=52194.89..413612.83 rows=449 width=0) (actual time=3803.649..6100.133 rows=5284 loops=1)
  ->  Hash Join  (cost=52194.46..406297.11 rows=2318 width=8) (actual time=3803.558..5979.640 rows=5284 loops=1)
        Hash Cond: (mi.movie_id = mc.movie_id)
        ->  Seq Scan on movie_info mi  (cost=0.00..346232.03 rows=17937 width=4) (actual time=2994.881..5208.843 rows=61128 loops=1)
              Filter: (info_type_id = 103)
              Rows Removed by Filter: 14774592
        ->  Hash  (cost=51404.11..51404.11 rows=63228 width=4) (actual time=742.419..742.419 rows=62075 loops=1)
              Buckets: 65536  Batches: 1  Memory Usage: 2695kB
              ->  Seq Scan on movie_companies mc  (cost=0.00..51404.11 rows=63228 width=4) (actual time=0.114..719.871 rows=62075 loops=1)
                    Filter: (company_id = 6)
                    Rows Removed by Filter: 2547054
  ->  Index Only Scan using title_pkey on title t  (cost=0.43..3.15 rows=1 width=4) (actual time=0.022..0.022 rows=1 loops=5284)
        Index Cond: (id = mc.movie_id)
        Heap Fetches: 5284
Planning time: 1.240 ms
Execution time: 6101.728 ms
