Hash Join  (cost=74445.07..129539.16 rows=42857 width=0) (actual time=1259.193..2648.850 rows=15526 loops=1)
  Hash Cond: (mc.movie_id = t.id)
  ->  Seq Scan on movie_companies mc  (cost=0.00..44881.29 rows=2609129 width=4) (actual time=0.016..689.731 rows=2609129 loops=1)
  ->  Hash  (cost=73925.90..73925.90 rows=41533 width=4) (actual time=1257.540..1257.540 rows=44260 loops=1)
        Buckets: 65536  Batches: 1  Memory Usage: 2069kB
        ->  Seq Scan on title t  (cost=0.00..73925.90 rows=41533 width=4) (actual time=0.361..1238.786 rows=44260 loops=1)
              Filter: ((kind_id > 4) AND (production_year = 2003))
              Rows Removed by Filter: 2484052
Planning time: 0.744 ms
Execution time: 2651.246 ms
