Seq Scan on cast_info ci  (cost=0.00..796071.18 rows=6317231 width=0) (actual time=0.026..13356.678 rows=8171833 loops=1)
  Filter: ((person_id < 1113580) AND (role_id < 3))
  Rows Removed by Filter: 28072511
Planning time: 0.390 ms
Execution time: 14342.299 ms
