Hash Join  (cost=93417.65..130806.15 rows=218455 width=0) (actual time=1912.287..2842.356 rows=117694 loops=1)
  Hash Cond: (mi_idx.movie_id = t.id)
  ->  Seq Scan on movie_info_idx mi_idx  (cost=0.00..25185.44 rows=464934 width=4) (actual time=0.022..456.579 rows=460185 loops=1)
        Filter: (info_type_id > 100)
        Rows Removed by Filter: 919850
  ->  Hash  (cost=73925.90..73925.90 rows=1188060 width=4) (actual time=1853.379..1853.379 rows=1276679 loops=1)
        Buckets: 131072  Batches: 16  Memory Usage: 3840kB
        ->  Seq Scan on title t  (cost=0.00..73925.90 rows=1188060 width=4) (actual time=0.025..1459.552 rows=1276679 loops=1)
              Filter: ((production_year > 1979) AND (kind_id = 7))
              Rows Removed by Filter: 1251633
Planning time: 0.850 ms
Execution time: 2856.827 ms
