Hash Join  (cost=181901.27..1079433.78 rows=751523 width=0) (actual time=7061.120..28278.848 rows=7268487 loops=1)
  Hash Cond: (ci.movie_id = t.id)
  ->  Seq Scan on cast_info ci  (cost=0.00..796071.18 rows=8045090 width=4) (actual time=2776.596..14859.643 rows=12499909 loops=1)
        Filter: ((person_id > 2433093) AND (role_id > 1))
        Rows Removed by Filter: 23744435
  ->  Hash  (cost=178025.77..178025.77 rows=236200 width=8) (actual time=4283.638..4283.638 rows=537643 loops=1)
        Buckets: 131072 (originally 131072)  Batches: 8 (originally 4)  Memory Usage: 3679kB
        ->  Hash Join  (cost=83810.17..178025.77 rows=236200 width=8) (actual time=1411.813..4122.806 rows=537643 loops=1)
              Hash Cond: (mk.movie_id = t.id)
              ->  Seq Scan on movie_keyword mk  (cost=0.00..81003.12 rows=604658 width=4) (actual time=0.022..1397.734 rows=606746 loops=1)
                    Filter: (keyword_id < 460)
                    Rows Removed by Filter: 3917184
              ->  Hash  (cost=67604.59..67604.59 rows=987727 width=4) (actual time=1410.862..1410.862 rows=985048 loops=1)
                    Buckets: 131072  Batches: 16  Memory Usage: 3197kB
                    ->  Seq Scan on title t  (cost=0.00..67604.59 rows=987727 width=4) (actual time=0.015..1100.547 rows=985048 loops=1)
                          Filter: (kind_id < 7)
                          Rows Removed by Filter: 1543264
Planning time: 1.380 ms
Execution time: 29186.029 ms
