Seq Scan on movie_companies mc  (cost=0.00..57926.93 rows=1290202 width=0) (actual time=485.962..1185.718 rows=1258070 loops=1)
  Filter: ((company_id < 172025) AND (company_type_id = 2))
  Rows Removed by Filter: 1351059
Planning time: 0.397 ms
Execution time: 1338.522 ms
