Seq Scan on movie_keyword mk  (cost=0.00..81003.12 rows=2888836 width=0) (actual time=0.019..1418.730 rows=2878344 loops=1)
  Filter: (keyword_id > 2497)
  Rows Removed by Filter: 1645586
Planning time: 0.215 ms
Execution time: 1768.255 ms
