Seq Scan on cast_info ci  (cost=0.00..796071.18 rows=8895692 width=0) (actual time=3245.372..15590.947 rows=12670688 loops=1)
  Filter: ((person_id < 2615340) AND (role_id < 2))
  Rows Removed by Filter: 23573656
Planning time: 0.370 ms
Execution time: 17158.068 ms
