Hash Join  (cost=179438.71..314423.36 rows=1065562 width=0) (actual time=4858.306..7243.243 rows=520739 loops=1)
  Hash Cond: (mk.movie_id = t.id)
  ->  Seq Scan on movie_keyword mk  (cost=0.00..69693.30 rows=4523930 width=4) (actual time=0.033..1361.210 rows=4523930 loops=1)
  ->  Hash  (cost=169667.12..169667.12 rows=595567 width=8) (actual time=3947.291..3947.291 rows=257276 loops=1)
        Buckets: 131072  Batches: 8  Memory Usage: 2284kB
        ->  Hash Join  (cost=92508.29..169667.12 rows=595567 width=8) (actual time=1860.368..3878.005 rows=257276 loops=1)
              Hash Cond: (mc.movie_id = t.id)
              ->  Seq Scan on movie_companies mc  (cost=0.00..51404.11 rows=1329612 width=4) (actual time=188.300..1002.395 rows=1334883 loops=1)
                    Filter: (company_type_id = 2)
                    Rows Removed by Filter: 1274246
              ->  Hash  (cost=73925.90..73925.90 rows=1132591 width=4) (actual time=1671.091..1671.091 rows=1224674 loops=1)
                    Buckets: 131072  Batches: 16  Memory Usage: 3727kB
                    ->  Seq Scan on title t  (cost=0.00..73925.90 rows=1132591 width=4) (actual time=0.039..1316.939 rows=1224674 loops=1)
                          Filter: ((production_year > 1985) AND (kind_id = 7))
                          Rows Removed by Filter: 1303638
Planning time: 1.204 ms
Execution time: 7303.305 ms
