Hash Join  (cost=81206.46..162568.67 rows=457869 width=0) (actual time=1449.290..4124.632 rows=1094599 loops=1)
  Hash Cond: (mc.movie_id = t.id)
  ->  Seq Scan on movie_companies mc  (cost=0.00..44881.29 rows=2609129 width=4) (actual time=0.016..1043.761 rows=2609129 loops=1)
  ->  Hash  (cost=73925.90..73925.90 rows=443724 width=4) (actual time=1448.032..1448.032 rows=536860 loops=1)
        Buckets: 131072  Batches: 8  Memory Usage: 3395kB
        ->  Seq Scan on title t  (cost=0.00..73925.90 rows=443724 width=4) (actual time=0.023..1277.601 rows=536860 loops=1)
              Filter: ((kind_id < 7) AND (production_year < 2002))
              Rows Removed by Filter: 1991452
Planning time: 0.766 ms
Execution time: 4250.961 ms
