Hash Join  (cost=122292.14..612531.74 rows=977764 width=0) (actual time=2421.340..16580.667 rows=3627399 loops=1)
  Hash Cond: (mi.movie_id = t.id)
  ->  Seq Scan on movie_info mi  (cost=0.00..309384.22 rows=14739122 width=4) (actual time=0.011..6232.504 rows=14835720 loops=1)
  ->  Hash  (cost=119539.42..119539.42 rows=167738 width=8) (actual time=2420.464..2420.464 rows=210926 loops=1)
        Buckets: 131072  Batches: 4  Memory Usage: 3083kB
        ->  Hash Join  (cost=78968.55..119539.42 rows=167738 width=8) (actual time=1248.668..2352.733 rows=210926 loops=1)
              Hash Cond: (mi_idx.movie_id = t.id)
              ->  Seq Scan on movie_info_idx mi_idx  (cost=0.00..21735.35 rows=1380035 width=4) (actual time=0.013..427.838 rows=1380035 loops=1)
              ->  Hash  (cost=73925.90..73925.90 rows=307332 width=4) (actual time=1247.618..1247.618 rows=252953 loops=1)
                    Buckets: 131072  Batches: 8  Memory Usage: 2127kB
                    ->  Seq Scan on title t  (cost=0.00..73925.90 rows=307332 width=4) (actual time=0.017..1166.617 rows=252953 loops=1)
                          Filter: ((kind_id < 4) AND (production_year > 2006))
                          Rows Removed by Filter: 2275359
Planning time: 1.200 ms
Execution time: 16969.794 ms
