Hash Join  (cost=76428.64..201755.84 rows=272916 width=0) (actual time=1522.090..3967.535 rows=36550 loops=1)
  Hash Cond: (mk.movie_id = t.id)
  ->  Seq Scan on movie_keyword mk  (cost=0.00..69693.30 rows=4523930 width=4) (actual time=0.026..1510.400 rows=4523930 loops=1)
  ->  Hash  (cost=73925.90..73925.90 rows=152539 width=4) (actual time=1144.699..1144.699 rows=53426 loops=1)
        Buckets: 131072  Batches: 2  Memory Usage: 1969kB
        ->  Seq Scan on title t  (cost=0.00..73925.90 rows=152539 width=4) (actual time=0.012..1119.522 rows=53426 loops=1)
              Filter: ((production_year < 1961) AND (kind_id = 7))
              Rows Removed by Filter: 2474886
Planning time: 0.772 ms
Execution time: 3972.034 ms
