Seq Scan on movie_companies mc  (cost=0.00..57926.93 rows=803078 width=0) (actual time=277.107..993.153 rows=591742 loops=1)
  Filter: ((company_id > 4197) AND (company_type_id = 1))
  Rows Removed by Filter: 2017387
Planning time: 0.430 ms
Execution time: 1068.259 ms
