Hash Join  (cost=129811.02..623918.18 rows=1340225 width=0) (actual time=3304.520..16067.857 rows=2708660 loops=1)
  Hash Cond: (mi.movie_id = t.id)
  ->  Seq Scan on movie_info mi  (cost=0.00..309384.22 rows=14739122 width=4) (actual time=0.002..6066.364 rows=14835720 loops=1)
  ->  Hash  (cost=126038.05..126038.05 rows=229918 width=8) (actual time=3303.694..3303.694 rows=194990 loops=1)
        Buckets: 131072  Batches: 4  Memory Usage: 2927kB
        ->  Hash Join  (cost=88295.76..126038.05 rows=229918 width=8) (actual time=1597.304..3243.736 rows=194990 loops=1)
              Hash Cond: (mi_idx.movie_id = t.id)
              ->  Seq Scan on movie_info_idx mi_idx  (cost=0.00..25185.44 rows=460978 width=4) (actual time=0.020..490.723 rows=459925 loops=1)
                    Filter: (info_type_id < 100)
                    Rows Removed by Filter: 920110
              ->  Hash  (cost=67604.59..67604.59 rows=1261134 width=4) (actual time=1596.147..1596.147 rows=1260295 loops=1)
                    Buckets: 131072  Batches: 32  Memory Usage: 2413kB
                    ->  Seq Scan on title t  (cost=0.00..67604.59 rows=1261134 width=4) (actual time=0.011..1179.380 rows=1260295 loops=1)
                          Filter: (production_year > 2002)
                          Rows Removed by Filter: 1268017
Planning time: 1.203 ms
Execution time: 16354.023 ms
