Seq Scan on movie_keyword mk  (cost=0.00..81003.12 rows=2030192 width=0) (actual time=0.015..1378.667 rows=2036281 loops=1)
  Filter: (keyword_id > 6049)
  Rows Removed by Filter: 2487649
Planning time: 0.303 ms
Execution time: 1625.127 ms
