Seq Scan on movie_companies mc  (cost=0.00..51404.11 rows=104 width=0) (actual time=22.489..753.858 rows=33 loops=1)
  Filter: (company_id = 5179)
  Rows Removed by Filter: 2609096
Planning time: 0.419 ms
Execution time: 753.951 ms
