Hash Join  (cost=102767.86..164711.16 rows=27396 width=0) (actual time=1922.754..3309.482 rows=27303 loops=1)
  Hash Cond: (mc.movie_id = t.id)
  ->  Seq Scan on movie_companies mc  (cost=0.00..51404.11 rows=27396 width=4) (actual time=0.208..915.138 rows=27303 loops=1)
        Filter: (company_id = 27)
        Rows Removed by Filter: 2581826
  ->  Hash  (cost=61283.27..61283.27 rows=2528527 width=4) (actual time=1919.363..1919.363 rows=2528312 loops=1)
        Buckets: 131072  Batches: 64  Memory Usage: 2415kB
        ->  Seq Scan on title t  (cost=0.00..61283.27 rows=2528527 width=4) (actual time=0.007..1089.846 rows=2528312 loops=1)
Planning time: 0.753 ms
Execution time: 3313.087 ms
