Seq Scan on movie_keyword mk  (cost=0.00..81003.12 rows=1838145 width=0) (actual time=0.024..1404.995 rows=1846328 loops=1)
  Filter: (keyword_id < 3067)
  Rows Removed by Filter: 2677602
Planning time: 0.414 ms
Execution time: 1631.852 ms
