Hash Join  (cost=74530.73..129695.53 rows=49928 width=0) (actual time=1235.873..1806.827 rows=22197 loops=1)
  Hash Cond: (mc.movie_id = t.id)
  ->  Seq Scan on movie_companies mc  (cost=0.00..44881.29 rows=2609129 width=4) (actual time=0.015..238.182 rows=2609129 loops=1)
  ->  Hash  (cost=73925.90..73925.90 rows=48386 width=4) (actual time=1235.233..1235.233 rows=45023 loops=1)
        Buckets: 65536  Batches: 1  Memory Usage: 2095kB
        ->  Seq Scan on title t  (cost=0.00..73925.90 rows=48386 width=4) (actual time=0.256..1215.468 rows=45023 loops=1)
              Filter: ((kind_id > 1) AND (production_year = 2013))
              Rows Removed by Filter: 2483289
Planning time: 0.762 ms
Execution time: 1808.787 ms
