Hash Join  (cost=491644.87..614658.50 rows=842502 width=0) (actual time=9826.019..13477.761 rows=2633580 loops=1)
  Hash Cond: (mk.movie_id = t.id)
  ->  Seq Scan on movie_keyword mk  (cost=0.00..81003.12 rows=2631063 width=4) (actual time=0.020..1701.911 rows=2624565 loops=1)
        Filter: (keyword_id < 7121)
        Rows Removed by Filter: 1899365
  ->  Hash  (cost=478361.00..478361.00 rows=809669 width=8) (actual time=9824.888..9824.888 rows=802140 loops=1)
        Buckets: 131072  Batches: 16  Memory Usage: 2985kB
        ->  Hash Join  (cost=102767.86..478361.00 rows=809669 width=8) (actual time=5570.230..9597.492 rows=802140 loops=1)
              Hash Cond: (mi.movie_id = t.id)
              ->  Seq Scan on movie_info mi  (cost=0.00..346232.03 rows=809669 width=4) (actual time=2869.560..5595.269 rows=802140 loops=1)
                    Filter: (info_type_id = 1)
                    Rows Removed by Filter: 14033580
              ->  Hash  (cost=61283.27..61283.27 rows=2528527 width=4) (actual time=2698.220..2698.220 rows=2528312 loops=1)
                    Buckets: 131072  Batches: 64  Memory Usage: 2425kB
                    ->  Seq Scan on title t  (cost=0.00..61283.27 rows=2528527 width=4) (actual time=0.024..1065.856 rows=2528312 loops=1)
Planning time: 1.179 ms
Execution time: 13797.326 ms
