Seq Scan on cast_info ci  (cost=0.00..796071.18 rows=1522667 width=0) (actual time=436.836..13942.853 rows=1610555 loops=1)
  Filter: ((person_id > 1576862) AND (role_id = 4))
  Rows Removed by Filter: 34633789
Planning time: 0.426 ms
Execution time: 14143.365 ms
