Hash Join  (cost=282371.05..391868.34 rows=2262236 width=0) (actual time=6415.892..12682.218 rows=17525281 loops=1)
  Hash Cond: (mc.movie_id = t.id)
  ->  Seq Scan on movie_companies mc  (cost=0.00..44881.29 rows=2609129 width=4) (actual time=0.018..939.998 rows=2609129 loops=1)
  ->  Hash  (cost=246402.67..246402.67 rows=2192350 width=8) (actual time=6414.896..6414.896 rows=2192985 loops=1)
        Buckets: 131072  Batches: 32  Memory Usage: 3684kB
        ->  Hash Join  (cost=102767.86..246402.67 rows=2192350 width=8) (actual time=2054.922..5834.898 rows=2192985 loops=1)
              Hash Cond: (mk.movie_id = t.id)
              ->  Seq Scan on movie_keyword mk  (cost=0.00..81003.12 rows=2192350 width=4) (actual time=0.024..1634.586 rows=2192985 loops=1)
                    Filter: (keyword_id > 5138)
                    Rows Removed by Filter: 2330945
              ->  Hash  (cost=61283.27..61283.27 rows=2528527 width=4) (actual time=2053.402..2053.402 rows=2528312 loops=1)
                    Buckets: 131072  Batches: 64  Memory Usage: 2425kB
                    ->  Seq Scan on title t  (cost=0.00..61283.27 rows=2528527 width=4) (actual time=0.009..1187.537 rows=2528312 loops=1)
Planning time: 1.102 ms
Execution time: 14565.065 ms
