Hash Join  (cost=124927.68..250169.91 rows=265919 width=0) (actual time=2866.857..5558.497 rows=351132 loops=1)
  Hash Cond: (mk.movie_id = t.id)
  ->  Seq Scan on movie_keyword mk  (cost=0.00..69693.30 rows=4523930 width=4) (actual time=0.008..1399.576 rows=4523930 loops=1)
  ->  Hash  (cost=122488.83..122488.83 rows=148628 width=8) (actual time=2866.102..2866.102 rows=97663 loops=1)
        Buckets: 131072  Batches: 2  Memory Usage: 2940kB
        ->  Hash Join  (cost=87301.44..122488.83 rows=148628 width=8) (actual time=1691.953..2555.368 rows=97663 loops=1)
              Hash Cond: (mi_idx.movie_id = t.id)
              ->  Seq Scan on movie_info_idx mi_idx  (cost=0.00..25185.44 rows=460978 width=4) (actual time=0.020..460.996 rows=459925 loops=1)
                    Filter: (info_type_id = 99)
                    Rows Removed by Filter: 920110
              ->  Hash  (cost=73925.90..73925.90 rows=815243 width=4) (actual time=1691.265..1691.265 rows=876186 loops=1)
                    Buckets: 131072  Batches: 16  Memory Usage: 2955kB
                    ->  Seq Scan on title t  (cost=0.00..73925.90 rows=815243 width=4) (actual time=0.014..1414.860 rows=876186 loops=1)
                          Filter: ((kind_id > 1) AND (production_year > 2004))
                          Rows Removed by Filter: 1652126
Planning time: 0.738 ms
Execution time: 5596.772 ms
