Hash Join  (cost=86372.90..901127.62 rows=2189712 width=0) (actual time=7319.551..18887.970 rows=2080613 loops=1)
  Hash Cond: (ci.movie_id = t.id)
  ->  Seq Scan on cast_info ci  (cost=0.00..705507.15 rows=7298253 width=4) (actual time=5873.569..13524.890 rows=7451973 loops=1)
        Filter: (role_id = 2)
        Rows Removed by Filter: 28792371
  ->  Hash  (cost=73925.90..73925.90 rows=758640 width=4) (actual time=1444.510..1444.510 rows=663849 loops=1)
        Buckets: 131072  Batches: 16  Memory Usage: 2483kB
        ->  Seq Scan on title t  (cost=0.00..73925.90 rows=758640 width=4) (actual time=0.045..1232.735 rows=663849 loops=1)
              Filter: ((kind_id < 7) AND (production_year > 1980))
              Rows Removed by Filter: 1864463
Planning time: 0.560 ms
Execution time: 19113.041 ms
