Hash Join  (cost=456642.92..572704.88 rows=337035 width=0) (actual time=7638.023..11030.971 rows=1846243 loops=1)
  Hash Cond: (mk.movie_id = t.id)
  ->  Seq Scan on movie_keyword mk  (cost=0.00..81003.12 rows=2631063 width=4) (actual time=0.015..1716.448 rows=2624565 loops=1)
        Filter: (keyword_id < 7121)
        Rows Removed by Filter: 1899365
  ->  Hash  (cost=451328.17..451328.17 rows=323900 width=8) (actual time=7637.223..7637.223 rows=500426 loops=1)
        Buckets: 131072  Batches: 8  Memory Usage: 3485kB
        ->  Hash Join  (cost=83893.63..451328.17 rows=323900 width=8) (actual time=4274.263..7479.259 rows=500426 loops=1)
              Hash Cond: (mi.movie_id = t.id)
              ->  Seq Scan on movie_info mi  (cost=0.00..346232.03 rows=1348138 width=4) (actual time=2460.166..5119.039 rows=1298989 loops=1)
                    Filter: (info_type_id = 4)
                    Rows Removed by Filter: 13536731
              ->  Hash  (cost=73925.90..73925.90 rows=607498 width=4) (actual time=1498.814..1498.814 rows=494945 loops=1)
                    Buckets: 131072  Batches: 8  Memory Usage: 3221kB
                    ->  Seq Scan on title t  (cost=0.00..73925.90 rows=607498 width=4) (actual time=515.459..1331.757 rows=494945 loops=1)
                          Filter: ((production_year > 1949) AND (kind_id = 1))
                          Rows Removed by Filter: 2033367
Planning time: 0.967 ms
Execution time: 11261.574 ms
