Hash Join  (cost=100908.38..190104.97 rows=1368 width=0) (actual time=1778.710..3583.195 rows=771 loops=1)
  Hash Cond: (mk.movie_id = t.id)
  ->  Seq Scan on movie_keyword mk  (cost=0.00..81003.12 rows=2181274 width=4) (actual time=0.022..1508.985 rows=2181016 loops=1)
        Filter: (keyword_id > 5207)
        Rows Removed by Filter: 2342914
  ->  Hash  (cost=100888.56..100888.56 rows=1586 width=8) (actual time=1772.903..1772.903 rows=663 loops=1)
        Buckets: 2048  Batches: 1  Memory Usage: 42kB
        ->  Hash Join  (cost=73962.22..100888.56 rows=1586 width=8) (actual time=1286.459..1772.553 rows=663 loops=1)
              Hash Cond: (mi_idx.movie_id = t.id)
              ->  Seq Scan on movie_info_idx mi_idx  (cost=0.00..21735.35 rows=1380035 width=4) (actual time=0.013..313.628 rows=1380035 loops=1)
              ->  Hash  (cost=73925.90..73925.90 rows=2905 width=4) (actual time=1171.685..1171.685 rows=8902 loops=1)
                    Buckets: 16384 (originally 4096)  Batches: 1 (originally 1)  Memory Usage: 441kB
                    ->  Seq Scan on title t  (cost=0.00..73925.90 rows=2905 width=4) (actual time=0.060..1167.772 rows=8902 loops=1)
                          Filter: ((kind_id < 7) AND (production_year = 1913))
                          Rows Removed by Filter: 2519410
Planning time: 1.197 ms
Execution time: 3583.499 ms
