Hash Join  (cost=83073.10..447732.81 rows=379 width=0) (actual time=4019.474..17137.799 rows=5111 loops=1)
  Hash Cond: (mi.movie_id = t.id)
  ->  Seq Scan on movie_info mi  (cost=0.00..309384.22 rows=14739122 width=4) (actual time=0.016..10727.086 rows=14835720 loops=1)
  ->  Hash  (cost=83072.29..83072.29 rows=65 width=8) (actual time=3511.324..3511.324 rows=62 loops=1)
        Buckets: 1024  Batches: 1  Memory Usage: 11kB
        ->  Nested Loop  (cost=0.43..83072.29 rows=65 width=8) (actual time=10.487..3511.211 rows=62 loops=1)
              ->  Seq Scan on movie_keyword mk  (cost=0.00..81003.12 rows=246 width=4) (actual time=10.434..3491.569 rows=99 loops=1)
                    Filter: (keyword_id = 21328)
                    Rows Removed by Filter: 4523831
              ->  Index Scan using title_pkey on title t  (cost=0.43..8.40 rows=1 width=4) (actual time=0.193..0.193 rows=1 loops=99)
                    Index Cond: (id = mk.movie_id)
                    Filter: (kind_id = 1)
                    Rows Removed by Filter: 0
Planning time: 1.100 ms
Execution time: 17139.164 ms
