Seq Scan on movie_keyword mk  (cost=0.00..81003.12 rows=246 width=0) (actual time=394.402..3862.254 rows=12 loops=1)
  Filter: (keyword_id = 25980)
  Rows Removed by Filter: 4523918
Planning time: 0.331 ms
Execution time: 3862.347 ms
