Hash Join  (cost=79388.64..145172.03 rows=133688 width=0) (actual time=3942.285..7412.897 rows=262219 loops=1)
  Hash Cond: (mc.movie_id = t.id)
  ->  Seq Scan on movie_companies mc  (cost=0.00..51404.11 rows=1015304 width=4) (actual time=0.025..2476.763 rows=1024417 loops=1)
        Filter: (company_id > 15807)
        Rows Removed by Filter: 1584712
  ->  Hash  (cost=73925.90..73925.90 rows=332939 width=4) (actual time=3937.678..3937.678 rows=255571 loops=1)
        Buckets: 131072  Batches: 8  Memory Usage: 2147kB
        ->  Seq Scan on title t  (cost=0.00..73925.90 rows=332939 width=4) (actual time=662.910..3819.362 rows=255571 loops=1)
              Filter: ((production_year > 2002) AND (kind_id = 1))
              Rows Removed by Filter: 2272741
Planning time: 4.100 ms
Execution time: 7446.758 ms
