Hash Join  (cost=96729.52..147000.09 rows=642462 width=0) (actual time=2023.793..3476.848 rows=618280 loops=1)
  Hash Cond: (mi_idx.movie_id = t.id)
  ->  Seq Scan on movie_info_idx mi_idx  (cost=0.00..25185.44 rows=915101 width=4) (actual time=0.026..525.779 rows=919850 loops=1)
        Filter: (info_type_id < 101)
        Rows Removed by Filter: 460185
  ->  Hash  (cost=67604.59..67604.59 rows=1775195 width=4) (actual time=2022.885..2022.885 rows=1772072 loops=1)
        Buckets: 131072  Batches: 32  Memory Usage: 2976kB
        ->  Seq Scan on title t  (cost=0.00..67604.59 rows=1775195 width=4) (actual time=0.005..1445.919 rows=1772072 loops=1)
              Filter: (production_year > 1989)
              Rows Removed by Filter: 756240
Planning time: 0.873 ms
Execution time: 3551.361 ms
