Hash Join  (cost=102767.86..1562363.87 rows=30928176 width=0) (actual time=2196.256..78054.408 rows=30871494 loops=1)
  Hash Cond: (ci.movie_id = t.id)
  ->  Seq Scan on cast_info ci  (cost=0.00..705507.15 rows=30928176 width=4) (actual time=0.022..41366.531 rows=30871494 loops=1)
        Filter: (person_id < 3121411)
        Rows Removed by Filter: 5372850
  ->  Hash  (cost=61283.27..61283.27 rows=2528527 width=4) (actual time=2195.028..2195.028 rows=2528312 loops=1)
        Buckets: 131072  Batches: 64  Memory Usage: 2415kB
        ->  Seq Scan on title t  (cost=0.00..61283.27 rows=2528527 width=4) (actual time=0.014..1189.424 rows=2528312 loops=1)
Planning time: 0.962 ms
Execution time: 82411.033 ms
