Seq Scan on title t  (cost=0.00..67604.59 rows=7437 width=0) (actual time=0.043..3318.793 rows=21312 loops=1)
  Filter: (production_year = 1989)
  Rows Removed by Filter: 2507000
Planning time: 0.325 ms
Execution time: 3323.547 ms
