Seq Scan on cast_info ci  (cost=0.00..796071.18 rows=6679089 width=0) (actual time=0.018..40186.151 rows=7451973 loops=1)
  Filter: ((person_id < 3484025) AND (role_id = 2))
  Rows Removed by Filter: 28792371
Planning time: 3.646 ms
Execution time: 41357.372 ms
