Hash Join  (cost=83074.74..110004.13 rows=45 width=0) (actual time=1076.341..1589.028 rows=54 loops=1)
  Hash Cond: (mi_idx.movie_id = t.id)
  ->  Seq Scan on movie_info_idx mi_idx  (cost=0.00..25185.44 rows=464934 width=4) (actual time=0.026..457.000 rows=460185 loops=1)
        Filter: (info_type_id > 100)
        Rows Removed by Filter: 919850
  ->  Hash  (cost=83071.67..83071.67 rows=246 width=8) (actual time=1066.830..1066.830 rows=82 loops=1)
        Buckets: 1024  Batches: 1  Memory Usage: 12kB
        ->  Nested Loop  (cost=0.43..83071.67 rows=246 width=8) (actual time=12.284..1066.728 rows=82 loops=1)
              ->  Seq Scan on movie_keyword mk  (cost=0.00..81003.12 rows=246 width=4) (actual time=12.162..1061.463 rows=82 loops=1)
                    Filter: (keyword_id = 16933)
                    Rows Removed by Filter: 4523848
              ->  Index Only Scan using title_pkey on title t  (cost=0.43..8.40 rows=1 width=4) (actual time=0.059..0.060 rows=1 loops=82)
                    Index Cond: (id = mk.movie_id)
                    Heap Fetches: 82
Planning time: 0.829 ms
Execution time: 1589.190 ms
