Seq Scan on movie_keyword mk  (cost=0.00..81003.12 rows=4382870 width=0) (actual time=0.016..4515.712 rows=4384855 loops=1)
  Filter: (keyword_id < 75146)
  Rows Removed by Filter: 139075
Planning time: 0.299 ms
Execution time: 5196.883 ms
