Seq Scan on movie_companies mc  (cost=0.00..57926.93 rows=987134 width=0) (actual time=0.021..3235.308 rows=1146075 loops=1)
  Filter: ((company_id > 1010) AND (company_type_id > 1))
  Rows Removed by Filter: 1463054
Planning time: 0.301 ms
Execution time: 3455.270 ms
