Hash Join  (cost=110460.32..595313.35 rows=473010 width=0) (actual time=6629.239..35276.487 rows=1314732 loops=1)
  Hash Cond: (mi.movie_id = t.id)
  ->  Seq Scan on movie_info mi  (cost=0.00..309384.22 rows=14739122 width=4) (actual time=0.007..22094.057 rows=14835720 loops=1)
  ->  Hash  (cost=109128.99..109128.99 rows=81146 width=8) (actual time=5928.016..5928.016 rows=69303 loops=1)
        Buckets: 131072  Batches: 2  Memory Usage: 2370kB
        ->  Hash Join  (cost=70044.05..109128.99 rows=81146 width=8) (actual time=4029.245..5893.406 rows=69303 loops=1)
              Hash Cond: (mi_idx.movie_id = t.id)
              ->  Seq Scan on movie_info_idx mi_idx  (cost=0.00..21735.35 rows=1380035 width=4) (actual time=0.021..1413.021 rows=1380035 loops=1)
              ->  Hash  (cost=67604.59..67604.59 rows=148677 width=4) (actual time=3589.878..3589.878 rows=151511 loops=1)
                    Buckets: 131072  Batches: 2  Memory Usage: 3687kB
                    ->  Seq Scan on title t  (cost=0.00..67604.59 rows=148677 width=4) (actual time=13.900..3515.967 rows=151511 loops=1)
                          Filter: (production_year < 1945)
                          Rows Removed by Filter: 2376801
Planning time: 1.158 ms
Execution time: 35458.048 ms
