Nested Loop  (cost=80533.33..190347.48 rows=6035 width=0) (actual time=4558.591..10840.701 rows=66909 loops=1)
  ->  Hash Join  (cost=80532.90..172617.59 rows=31725 width=8) (actual time=4558.491..8722.080 rows=66909 loops=1)
        Hash Cond: (mk.movie_id = mc.movie_id)
        ->  Seq Scan on movie_keyword mk  (cost=0.00..81003.12 rows=8595 width=4) (actual time=0.024..3732.875 rows=8337 loops=1)
              Filter: (keyword_id = 865)
              Rows Removed by Filter: 4515593
        ->  Hash  (cost=51404.11..51404.11 rows=1775423 width=4) (actual time=4557.504..4557.504 rows=1779139 loops=1)
              Buckets: 131072  Batches: 32  Memory Usage: 3029kB
              ->  Seq Scan on movie_companies mc  (cost=0.00..51404.11 rows=1775423 width=4) (actual time=0.020..3701.435 rows=1779139 loops=1)
                    Filter: (company_id > 2042)
                    Rows Removed by Filter: 829990
  ->  Index Only Scan using title_pkey on title t  (cost=0.43..0.55 rows=1 width=4) (actual time=0.031..0.031 rows=1 loops=66909)
        Index Cond: (id = mc.movie_id)
        Heap Fetches: 66909
Planning time: 1.106 ms
Execution time: 10852.541 ms
