Hash Join  (cost=257980.81..411238.71 rows=2637395 width=0) (actual time=12278.865..24578.926 rows=21618070 loops=1)
  Hash Cond: (mk.movie_id = t.id)
  ->  Seq Scan on movie_keyword mk  (cost=0.00..81003.12 rows=2873165 width=4) (actual time=0.013..4981.474 rows=2860680 loops=1)
        Filter: (keyword_id > 2549)
        Rows Removed by Filter: 1663250
  ->  Hash  (cost=219900.84..219900.84 rows=2321038 width=8) (actual time=12278.064..12278.064 rows=2326253 loops=1)
        Buckets: 131072  Batches: 32  Memory Usage: 3913kB
        ->  Hash Join  (cost=102767.86..219900.84 rows=2321038 width=8) (actual time=5040.241..11521.727 rows=2326253 loops=1)
              Hash Cond: (mc.movie_id = t.id)
              ->  Seq Scan on movie_companies mc  (cost=0.00..51404.11 rows=2321038 width=4) (actual time=0.018..3311.497 rows=2326253 loops=1)
                    Filter: (company_id > 150)
                    Rows Removed by Filter: 282876
              ->  Hash  (cost=61283.27..61283.27 rows=2528527 width=4) (actual time=5039.179..5039.179 rows=2528312 loops=1)
                    Buckets: 131072  Batches: 64  Memory Usage: 2415kB
                    ->  Seq Scan on title t  (cost=0.00..61283.27 rows=2528527 width=4) (actual time=0.011..4069.080 rows=2528312 loops=1)
Planning time: 7.495 ms
Execution time: 27295.694 ms
