Hash Join  (cost=74469.67..831491.12 rows=623229 width=0) (actual time=2787.104..51695.111 rows=641329 loops=1)
  Hash Cond: (ci.movie_id = t.id)
  ->  Seq Scan on cast_info ci  (cost=0.00..614943.12 rows=36225612 width=4) (actual time=0.012..33934.088 rows=36244344 loops=1)
  ->  Hash  (cost=73925.90..73925.90 rows=43501 width=4) (actual time=2780.057..2780.057 rows=39560 loops=1)
        Buckets: 65536  Batches: 1  Memory Usage: 1903kB
        ->  Seq Scan on title t  (cost=0.00..73925.90 rows=43501 width=4) (actual time=1010.581..2763.284 rows=39560 loops=1)
              Filter: ((kind_id = 1) AND (production_year = 2012))
              Rows Removed by Filter: 2488752
Planning time: 0.698 ms
Execution time: 51824.795 ms
