Hash Join  (cost=155075.81..683544.12 rows=4560538 width=0) (actual time=3386.134..20444.793 rows=9886635 loops=1)
  Hash Cond: (mi.movie_id = t.id)
  ->  Seq Scan on movie_info mi  (cost=0.00..309384.22 rows=14739122 width=4) (actual time=0.016..6092.493 rows=14835720 loops=1)
  ->  Hash  (cost=142239.18..142239.18 rows=782370 width=8) (actual time=3385.211..3385.211 rows=698563 loops=1)
        Buckets: 131072  Batches: 16  Memory Usage: 2733kB
        ->  Hash Join  (cost=91123.00..142239.18 rows=782370 width=8) (actual time=1640.253..3185.316 rows=698563 loops=1)
              Hash Cond: (mi_idx.movie_id = t.id)
              ->  Seq Scan on movie_info_idx mi_idx  (cost=0.00..21735.35 rows=1380035 width=4) (actual time=0.014..490.505 rows=1380035 loops=1)
              ->  Hash  (cost=67604.59..67604.59 rows=1433473 width=4) (actual time=1638.622..1638.622 rows=1434466 loops=1)
                    Buckets: 131072  Batches: 32  Memory Usage: 2600kB
                    ->  Seq Scan on title t  (cost=0.00..67604.59 rows=1433473 width=4) (actual time=0.016..1182.360 rows=1434466 loops=1)
                          Filter: (production_year > 1999)
                          Rows Removed by Filter: 1093846
Planning time: 1.213 ms
Execution time: 21654.596 ms
