Hash Join  (cost=85777.42..898823.35 rows=347502 width=0) (actual time=21898.296..38154.177 rows=657544 loops=1)
  Hash Cond: (ci.movie_id = t.id)
  ->  Seq Scan on cast_info ci  (cost=0.00..796071.18 rows=793261 width=4) (actual time=17369.283..32315.435 rows=1569489 loops=1)
        Filter: ((person_id < 214809) AND (role_id = 1))
        Rows Removed by Filter: 34674855
  ->  Hash  (cost=67604.59..67604.59 rows=1107667 width=4) (actual time=4527.803..4527.803 rows=1107925 loops=1)
        Buckets: 131072  Batches: 16  Memory Usage: 3460kB
        ->  Seq Scan on title t  (cost=0.00..67604.59 rows=1107667 width=4) (actual time=0.033..4075.433 rows=1107925 loops=1)
              Filter: (production_year > 2004)
              Rows Removed by Filter: 1420387
Planning time: 2.298 ms
Execution time: 38229.175 ms
