Seq Scan on movie_keyword mk  (cost=0.00..81003.12 rows=246 width=0) (actual time=1.016..3373.101 rows=548 loops=1)
  Filter: (keyword_id = 1419)
  Rows Removed by Filter: 4523382
Planning time: 0.343 ms
Execution time: 3373.497 ms
