Seq Scan on movie_keyword mk  (cost=0.00..81003.12 rows=546495 width=0) (actual time=0.026..2568.638 rows=541838 loops=1)
  Filter: (keyword_id > 33883)
  Rows Removed by Filter: 3982092
Planning time: 3.319 ms
Execution time: 2651.462 ms
