Hash Join  (cost=267670.92..879667.08 rows=10662133 width=0) (actual time=10764.353..65224.241 rows=100283017 loops=1)
  Hash Cond: (mi.movie_id = t.id)
  ->  Seq Scan on movie_info mi  (cost=0.00..309384.22 rows=14739122 width=4) (actual time=0.021..17140.042 rows=14835720 loops=1)
  ->  Hash  (cost=237662.04..237662.04 rows=1829111 width=8) (actual time=10763.372..10763.372 rows=1834301 loops=1)
        Buckets: 131072  Batches: 32  Memory Usage: 3332kB
        ->  Hash Join  (cost=102767.86..237662.04 rows=1829111 width=8) (actual time=5115.107..10227.738 rows=1834301 loops=1)
              Hash Cond: (mk.movie_id = t.id)
              ->  Seq Scan on movie_keyword mk  (cost=0.00..81003.12 rows=1829111 width=4) (actual time=0.015..3247.735 rows=1834301 loops=1)
                    Filter: (keyword_id > 7599)
                    Rows Removed by Filter: 2689629
              ->  Hash  (cost=61283.27..61283.27 rows=2528527 width=4) (actual time=5114.136..5114.136 rows=2528312 loops=1)
                    Buckets: 131072  Batches: 64  Memory Usage: 2425kB
                    ->  Seq Scan on title t  (cost=0.00..61283.27 rows=2528527 width=4) (actual time=0.012..4014.710 rows=2528312 loops=1)
Planning time: 1.375 ms
Execution time: 78544.666 ms
