Seq Scan on movie_companies mc  (cost=0.00..51404.11 rows=104 width=0) (actual time=177.635..2132.449 rows=273 loops=1)
  Filter: (company_id = 12306)
  Rows Removed by Filter: 2608856
Planning time: 0.340 ms
Execution time: 2132.635 ms
