Seq Scan on title t  (cost=0.00..73925.90 rows=1702935 width=0) (actual time=0.022..1319.687 rows=1799546 loops=1)
  Filter: ((kind_id > 1) AND (production_year > 1942))
  Rows Removed by Filter: 728766
Planning time: 0.473 ms
Execution time: 1544.797 ms
