Hash Join  (cost=86241.46..238988.23 rows=1883292 width=0) (actual time=5069.664..15038.756 rows=2429010 loops=1)
  Hash Cond: (mk.movie_id = t.id)
  ->  Seq Scan on movie_keyword mk  (cost=0.00..81003.12 rows=4192193 width=4) (actual time=0.018..5318.879 rows=4175896 loops=1)
        Filter: (keyword_id > 301)
        Rows Removed by Filter: 348034
  ->  Hash  (cost=67604.59..67604.59 rows=1135910 width=4) (actual time=5064.083..5064.083 rows=1133355 loops=1)
        Buckets: 131072  Batches: 16  Memory Usage: 3523kB
        ->  Seq Scan on title t  (cost=0.00..67604.59 rows=1135910 width=4) (actual time=0.013..4589.911 rows=1133355 loops=1)
              Filter: (production_year < 2002)
              Rows Removed by Filter: 1394957
Planning time: 3.856 ms
Execution time: 15406.528 ms
