Hash Join  (cost=102767.86..187653.25 rows=980879 width=0) (actual time=5585.177..9734.438 rows=981536 loops=1)
  Hash Cond: (mc.movie_id = t.id)
  ->  Seq Scan on movie_companies mc  (cost=0.00..51404.11 rows=980879 width=4) (actual time=0.023..2821.922 rows=981536 loops=1)
        Filter: (company_id < 4419)
        Rows Removed by Filter: 1627593
  ->  Hash  (cost=61283.27..61283.27 rows=2528527 width=4) (actual time=5583.677..5583.677 rows=2528312 loops=1)
        Buckets: 131072  Batches: 64  Memory Usage: 2415kB
        ->  Seq Scan on title t  (cost=0.00..61283.27 rows=2528527 width=4) (actual time=0.021..4248.992 rows=2528312 loops=1)
Planning time: 0.704 ms
Execution time: 9858.102 ms
