Hash Join  (cost=102767.86..268014.93 rows=3090458 width=0) (actual time=5260.343..13350.873 rows=3076144 loops=1)
  Hash Cond: (mk.movie_id = t.id)
  ->  Seq Scan on movie_keyword mk  (cost=0.00..81003.12 rows=3090458 width=4) (actual time=0.025..5077.627 rows=3076144 loops=1)
        Filter: (keyword_id < 11540)
        Rows Removed by Filter: 1447786
  ->  Hash  (cost=61283.27..61283.27 rows=2528527 width=4) (actual time=5258.674..5258.674 rows=2528312 loops=1)
        Buckets: 131072  Batches: 64  Memory Usage: 2425kB
        ->  Seq Scan on title t  (cost=0.00..61283.27 rows=2528527 width=4) (actual time=0.010..4081.694 rows=2528312 loops=1)
Planning time: 3.113 ms
Execution time: 13729.038 ms
