Hash Join  (cost=451202.28..1171724.71 rows=22408 width=0) (actual time=33881.361..53812.186 rows=76755 loops=1)
  Hash Cond: (ci.movie_id = t.id)
  ->  Seq Scan on cast_info ci  (cost=0.00..705507.15 rows=1972162 width=4) (actual time=4680.050..28907.907 rows=1915259 loops=1)
        Filter: (person_id < 187962)
        Rows Removed by Filter: 34329085
  ->  Hash  (cost=450843.19..450843.19 rows=28727 width=8) (actual time=24180.460..24180.460 rows=24672 loops=1)
        Buckets: 32768  Batches: 1  Memory Usage: 1220kB
        ->  Hash Join  (cost=67697.55..450843.19 rows=28727 width=8) (actual time=3464.832..24166.839 rows=24672 loops=1)
              Hash Cond: (mi.movie_id = t.id)
              ->  Seq Scan on movie_info mi  (cost=0.00..346232.03 rows=9767026 width=4) (actual time=0.021..18827.158 rows=9911754 loops=1)
                    Filter: (info_type_id > 4)
                    Rows Removed by Filter: 4923966
              ->  Hash  (cost=67604.59..67604.59 rows=7437 width=4) (actual time=3464.550..3464.550 rows=2181 loops=1)
                    Buckets: 8192  Batches: 1  Memory Usage: 141kB
                    ->  Seq Scan on title t  (cost=0.00..67604.59 rows=7437 width=4) (actual time=0.184..3463.299 rows=2181 loops=1)
                          Filter: (production_year = 1942)
                          Rows Removed by Filter: 2526131
Planning time: 9.090 ms
Execution time: 53825.905 ms
