Hash Join  (cost=114294.98..201754.78 rows=80176 width=0) (actual time=5853.217..12060.879 rows=1881054 loops=1)
  Hash Cond: (mk.movie_id = t.id)
  ->  Seq Scan on movie_keyword mk  (cost=0.00..69693.30 rows=4523930 width=4) (actual time=0.020..3973.188 rows=4523930 loops=1)
  ->  Hash  (cost=113734.83..113734.83 rows=44812 width=8) (actual time=5852.773..5852.773 rows=140680 loops=1)
        Buckets: 131072 (originally 65536)  Batches: 2 (originally 1)  Memory Usage: 3763kB
        ->  Hash Join  (cost=75273.23..113734.83 rows=44812 width=8) (actual time=3510.485..5792.486 rows=140680 loops=1)
              Hash Cond: (mi_idx.movie_id = t.id)
              ->  Seq Scan on movie_info_idx mi_idx  (cost=0.00..21735.35 rows=1380035 width=4) (actual time=0.012..1474.784 rows=1380035 loops=1)
              ->  Hash  (cost=73925.90..73925.90 rows=82106 width=4) (actual time=3509.721..3509.721 rows=209752 loops=1)
                    Buckets: 131072 (originally 131072)  Batches: 4 (originally 2)  Memory Usage: 3073kB
                    ->  Seq Scan on title t  (cost=0.00..73925.90 rows=82106 width=4) (actual time=1031.808..3425.634 rows=209752 loops=1)
                          Filter: ((production_year < 1966) AND (kind_id = 1))
                          Rows Removed by Filter: 2318560
Planning time: 1.076 ms
Execution time: 12314.694 ms
