Hash Join  (cost=119130.64..243706.95 rows=211228 width=0) (actual time=6621.625..14459.775 rows=3181566 loops=1)
  Hash Cond: (mk.movie_id = t.id)
  ->  Seq Scan on movie_keyword mk  (cost=0.00..69693.30 rows=4523930 width=4) (actual time=0.024..4574.479 rows=4523930 loops=1)
  ->  Hash  (cost=117192.89..117192.89 rows=118060 width=8) (actual time=6620.840..6620.840 rows=269914 loops=1)
        Buckets: 131072 (originally 131072)  Batches: 4 (originally 2)  Memory Usage: 3674kB
        ->  Hash Join  (cost=77474.80..117192.89 rows=118060 width=8) (actual time=3628.795..6519.478 rows=269914 loops=1)
              Hash Cond: (mi_idx.movie_id = t.id)
              ->  Seq Scan on movie_info_idx mi_idx  (cost=0.00..21735.35 rows=1380035 width=4) (actual time=0.015..1714.562 rows=1380035 loops=1)
              ->  Hash  (cost=73925.90..73925.90 rows=216312 width=4) (actual time=3628.013..3628.013 rows=327454 loops=1)
                    Buckets: 131072  Batches: 4  Memory Usage: 3902kB
                    ->  Seq Scan on title t  (cost=0.00..73925.90 rows=216312 width=4) (actual time=0.030..3493.246 rows=327454 loops=1)
                          Filter: ((kind_id < 7) AND (production_year < 1983))
                          Rows Removed by Filter: 2200858
Planning time: 1.124 ms
Execution time: 14885.850 ms
