Hash Join  (cost=882782.11..3749559.04 rows=138760162 width=0) (actual time=43064.306..150849.233 rows=123489078 loops=1)
  Hash Cond: (ci.movie_id = t.id)
  ->  Seq Scan on cast_info ci  (cost=0.00..614943.12 rows=36225612 width=4) (actual time=0.022..46637.396 rows=36244344 loops=1)
  ->  Hash  (cost=723880.86..723880.86 rows=9685380 width=8) (actual time=43061.945..43061.945 rows=5551326 loops=1)
        Buckets: 131072  Batches: 128  Memory Usage: 2707kB
        ->  Hash Join  (cost=96651.52..723880.86 rows=9685380 width=8) (actual time=5541.479..41054.599 rows=5551326 loops=1)
              Hash Cond: (mi.movie_id = t.id)
              ->  Seq Scan on movie_info mi  (cost=0.00..346232.03 rows=13832302 width=4) (actual time=0.013..23456.633 rows=13867355 loops=1)
                    Filter: (info_type_id < 94)
                    Rows Removed by Filter: 968365
              ->  Hash  (cost=67604.59..67604.59 rows=1770475 width=4) (actual time=5527.892..5527.892 rows=1774635 loops=1)
                    Buckets: 131072  Batches: 32  Memory Usage: 2984kB
                    ->  Seq Scan on title t  (cost=0.00..67604.59 rows=1770475 width=4) (actual time=0.011..4842.261 rows=1774635 loops=1)
                          Filter: (kind_id > 2)
                          Rows Removed by Filter: 753677
Planning time: 1.848 ms
Execution time: 165630.711 ms
