Hash Join  (cost=106934.74..235030.49 rows=1604413 width=0) (actual time=6134.760..13024.784 rows=1678891 loops=1)
  Hash Cond: (mk.movie_id = t.id)
  ->  Seq Scan on movie_keyword mk  (cost=0.00..81003.12 rows=1692300 width=4) (actual time=0.025..4638.278 rows=1698586 loops=1)
        Filter: (keyword_id < 2648)
        Rows Removed by Filter: 2825344
  ->  Hash  (cost=67604.59..67604.59 rows=2397212 width=4) (actual time=6133.833..6133.833 rows=2388701 loops=1)
        Buckets: 131072  Batches: 32  Memory Usage: 3659kB
        ->  Seq Scan on title t  (cost=0.00..67604.59 rows=2397212 width=4) (actual time=0.024..5076.742 rows=2388701 loops=1)
              Filter: (production_year > 1915)
              Rows Removed by Filter: 139611
Planning time: 13.780 ms
Execution time: 13262.360 ms
