Hash Join  (cost=78556.72..176946.65 rows=274692 width=0) (actual time=1345.621..3492.459 rows=672598 loops=1)
  Hash Cond: (mk.movie_id = t.id)
  ->  Seq Scan on movie_keyword mk  (cost=0.00..81003.12 rows=1040502 width=4) (actual time=0.023..1485.887 rows=1050659 loops=1)
        Filter: (keyword_id > 16873)
        Rows Removed by Filter: 3473271
  ->  Hash  (cost=67604.59..67604.59 rows=667531 width=4) (actual time=1272.064..1272.064 rows=662825 loops=1)
        Buckets: 131072  Batches: 16  Memory Usage: 2486kB
        ->  Seq Scan on title t  (cost=0.00..67604.59 rows=667531 width=4) (actual time=140.361..1057.566 rows=662825 loops=1)
              Filter: (kind_id = 1)
              Rows Removed by Filter: 1865487
Planning time: 0.814 ms
Execution time: 3565.748 ms
