Seq Scan on movie_keyword mk  (cost=0.00..81003.12 rows=2167383 width=0) (actual time=0.015..4192.957 rows=2170324 loops=1)
  Filter: (keyword_id < 4208)
  Rows Removed by Filter: 2353606
Planning time: 0.322 ms
Execution time: 4527.060 ms
