Hash Join  (cost=133304.41..1058286.60 rows=2277472 width=0) (actual time=11297.309..56619.301 rows=2843412 loops=1)
  Hash Cond: (ci.movie_id = t.id)
  ->  Seq Scan on cast_info ci  (cost=0.00..705507.15 rows=16896615 width=4) (actual time=19.276..37847.113 rows=16763800 loops=1)
        Filter: (person_id < 1658474)
        Rows Removed by Filter: 19480544
  ->  Hash  (cost=127712.19..127712.19 rows=340817 width=8) (actual time=6885.684..6885.684 rows=187647 loops=1)
        Buckets: 131072  Batches: 8  Memory Usage: 1949kB
        ->  Hash Join  (cost=84171.54..127712.19 rows=340817 width=8) (actual time=5608.007..6823.968 rows=187647 loops=1)
              Hash Cond: (mi_idx.movie_id = t.id)
              ->  Seq Scan on movie_info_idx mi_idx  (cost=0.00..21735.35 rows=1380035 width=4) (actual time=0.022..1421.451 rows=1380035 loops=1)
              ->  Hash  (cost=73925.90..73925.90 rows=624451 width=4) (actual time=4455.690..4455.690 rows=521141 loops=1)
                    Buckets: 131072  Batches: 16  Memory Usage: 2168kB
                    ->  Seq Scan on title t  (cost=0.00..73925.90 rows=624451 width=4) (actual time=0.022..4063.892 rows=521141 loops=1)
                          Filter: ((production_year < 2000) AND (kind_id = 7))
                          Rows Removed by Filter: 2007171
Planning time: 4.608 ms
Execution time: 57021.222 ms
