Hash Join  (cost=92883.59..221886.19 rows=1353043 width=0) (actual time=7433.813..11452.025 rows=294693 loops=1)
  Hash Cond: (mk.movie_id = t.id)
  ->  Seq Scan on movie_keyword mk  (cost=0.00..81003.12 rows=2220409 width=4) (actual time=0.031..4802.790 rows=2216826 loops=1)
        Filter: (keyword_id < 4514)
        Rows Removed by Filter: 2307104
  ->  Hash  (cost=67604.59..67604.59 rows=1540800 width=4) (actual time=5087.964..5087.964 rows=1543264 loops=1)
        Buckets: 131072  Batches: 32  Memory Usage: 2728kB
        ->  Seq Scan on title t  (cost=0.00..67604.59 rows=1540800 width=4) (actual time=0.011..4441.894 rows=1543264 loops=1)
              Filter: (kind_id = 7)
              Rows Removed by Filter: 985048
Planning time: 0.719 ms
Execution time: 11489.322 ms
