Hash Join  (cost=137528.28..1175699.18 rows=2129035 width=0) (actual time=6711.529..54021.754 rows=2123628 loops=1)
  Hash Cond: (ci.movie_id = t.id)
  ->  Seq Scan on cast_info ci  (cost=0.00..796071.18 rows=19001170 width=4) (actual time=0.017..37622.480 rows=17876291 loops=1)
        Filter: ((person_id > 1412153) AND (role_id < 10))
        Rows Removed by Filter: 18368053
  ->  Hash  (cost=132879.85..132879.85 rows=283315 width=8) (actual time=6709.753..6709.753 rows=141906 loops=1)
        Buckets: 131072  Batches: 4  Memory Usage: 2407kB
        ->  Hash Join  (cost=92883.59..132879.85 rows=283315 width=8) (actual time=5077.522..6659.960 rows=141906 loops=1)
              Hash Cond: (mi_idx.movie_id = t.id)
              ->  Seq Scan on movie_info_idx mi_idx  (cost=0.00..25185.44 rows=464934 width=4) (actual time=0.020..1362.484 rows=460185 loops=1)
                    Filter: (info_type_id > 100)
                    Rows Removed by Filter: 919850
              ->  Hash  (cost=67604.59..67604.59 rows=1540800 width=4) (actual time=4444.898..4444.898 rows=1543264 loops=1)
                    Buckets: 131072  Batches: 32  Memory Usage: 2722kB
                    ->  Seq Scan on title t  (cost=0.00..67604.59 rows=1540800 width=4) (actual time=292.897..3830.029 rows=1543264 loops=1)
                          Filter: (kind_id = 7)
                          Rows Removed by Filter: 985048
Planning time: 1.052 ms
Execution time: 54311.185 ms
