Seq Scan on movie_keyword mk  (cost=0.00..81003.12 rows=3074772 width=0) (actual time=0.025..3614.298 rows=3063529 loops=1)
  Filter: (keyword_id < 11375)
  Rows Removed by Filter: 1460401
Planning time: 0.329 ms
Execution time: 4103.242 ms
