Hash Join  (cost=96223.51..247850.75 rows=2431621 width=0) (actual time=5953.990..11485.122 rows=609659 loops=1)
  Hash Cond: (mk.movie_id = t.id)
  ->  Seq Scan on movie_keyword mk  (cost=0.00..69693.30 rows=4523930 width=4) (actual time=0.019..3746.354 rows=4523930 loops=1)
  ->  Hash  (cost=73925.90..73925.90 rows=1359088 width=4) (actual time=5100.981..5100.981 rows=1438695 loops=1)
        Buckets: 131072  Batches: 32  Memory Usage: 2613kB
        ->  Seq Scan on title t  (cost=0.00..73925.90 rows=1359088 width=4) (actual time=0.024..4195.566 rows=1438695 loops=1)
              Filter: ((production_year > 1958) AND (kind_id = 7))
              Rows Removed by Filter: 1089617
Planning time: 0.767 ms
Execution time: 11556.323 ms
