Seq Scan on movie_keyword mk  (cost=0.00..81003.12 rows=1284698 width=0) (actual time=0.024..3796.274 rows=1295769 loops=1)
  Filter: (keyword_id > 13631)
  Rows Removed by Filter: 3228161
Planning time: 0.327 ms
Execution time: 3999.774 ms
