Hash Join  (cost=74318.08..790420.97 rows=33936 width=0) (actual time=26014.250..41678.637 rows=74423 loops=1)
  Hash Cond: (ci.movie_id = t.id)
  ->  Seq Scan on cast_info ci  (cost=0.00..705507.15 rows=2735034 width=4) (actual time=22169.182..36575.465 rows=2728943 loops=1)
        Filter: (role_id = 4)
        Rows Removed by Filter: 33515401
  ->  Hash  (cost=73925.90..73925.90 rows=31374 width=4) (actual time=3844.275..3844.275 rows=122923 loops=1)
        Buckets: 131072 (originally 32768)  Batches: 2 (originally 1)  Memory Usage: 3180kB
        ->  Seq Scan on title t  (cost=0.00..73925.90 rows=31374 width=4) (actual time=0.029..3783.862 rows=122923 loops=1)
              Filter: ((production_year < 1933) AND (kind_id = 1))
              Rows Removed by Filter: 2405389
Planning time: 0.826 ms
Execution time: 41689.634 ms
