Seq Scan on movie_info mi  (cost=0.00..346232.03 rows=13926693 width=75) (actual time=0.021..7125.469 rows=13963496 loops=1)
  Filter: (info_type_id < 98)
  Rows Removed by Filter: 872224
Planning time: 0.487 ms
Execution time: 7911.724 ms
