Hash Join  (cost=255103.45..400039.67 rows=953954 width=156) (actual time=5600.952..11491.526 rows=4021248 loops=1)
  Hash Cond: (mk.movie_id = t.id)
  ->  Seq Scan on movie_keyword mk  (cost=0.00..81003.12 rows=2635882 width=12) (actual time=0.016..2022.921 rows=2629497 loops=1)
        Filter: (keyword_id < 7168)
        Rows Removed by Filter: 1894433
  ->  Hash  (cost=224897.69..224897.69 rows=915101 width=144) (actual time=5600.292..5600.292 rows=919850 loops=1)
        Buckets: 32768  Batches: 64  Memory Usage: 2192kB
        ->  Hash Join  (cost=129928.86..224897.69 rows=915101 width=144) (actual time=2670.950..5015.550 rows=919850 loops=1)
              Hash Cond: (mi_idx.movie_id = t.id)
              ->  Seq Scan on movie_info_idx mi_idx  (cost=0.00..25185.44 rows=915101 width=50) (actual time=0.031..720.988 rows=919850 loops=1)
                    Filter: (info_type_id < 101)
                    Rows Removed by Filter: 460185
              ->  Hash  (cost=61283.27..61283.27 rows=2528527 width=94) (actual time=2667.887..2667.887 rows=2528312 loops=1)
                    Buckets: 32768  Batches: 128  Memory Usage: 2453kB
                    ->  Seq Scan on title t  (cost=0.00..61283.27 rows=2528527 width=94) (actual time=0.010..1394.490 rows=2528312 loops=1)
Planning time: 1.751 ms
Execution time: 11705.020 ms
