Hash Join  (cost=120817.76..246409.90 rows=294611 width=0) (actual time=6229.029..12532.521 rows=715991 loops=1)
  Hash Cond: (mk.movie_id = t.id)
  ->  Seq Scan on movie_keyword mk  (cost=0.00..69693.30 rows=4523930 width=4) (actual time=0.017..4117.874 rows=4523930 loops=1)
  ->  Hash  (cost=118115.44..118115.44 rows=164665 width=8) (actual time=6227.765..6227.765 rows=123044 loops=1)
        Buckets: 131072  Batches: 4  Memory Usage: 2225kB
        ->  Hash Join  (cost=82423.69..118115.44 rows=164665 width=8) (actual time=4466.570..6187.104 rows=123044 loops=1)
              Hash Cond: (mi_idx.movie_id = t.id)
              ->  Seq Scan on movie_info_idx mi_idx  (cost=0.00..25185.44 rows=460978 width=4) (actual time=0.014..1253.091 rows=459925 loops=1)
                    Filter: (info_type_id = 99)
                    Rows Removed by Filter: 920110
              ->  Hash  (cost=67604.59..67604.59 rows=903208 width=4) (actual time=4461.286..4461.286 rows=904491 loops=1)
                    Buckets: 131072  Batches: 16  Memory Usage: 3010kB
                    ->  Seq Scan on title t  (cost=0.00..67604.59 rows=903208 width=4) (actual time=0.018..3830.985 rows=904491 loops=1)
                          Filter: (production_year > 2006)
                          Rows Removed by Filter: 1623821
Planning time: 1.082 ms
Execution time: 12635.506 ms
