Hash Join  (cost=76423.37..565696.06 rows=887177 width=0) (actual time=3921.926..35013.581 rows=3401988 loops=1)
  Hash Cond: (mi.movie_id = t.id)
  ->  Seq Scan on movie_info mi  (cost=0.00..309384.22 rows=14739122 width=4) (actual time=0.020..21396.178 rows=14835720 loops=1)
  ->  Hash  (cost=73925.90..73925.90 rows=152197 width=4) (actual time=3921.035..3921.035 rows=287134 loops=1)
        Buckets: 131072 (originally 131072)  Batches: 4 (originally 2)  Memory Usage: 3554kB
        ->  Seq Scan on title t  (cost=0.00..73925.90 rows=152197 width=4) (actual time=1375.864..3783.821 rows=287134 loops=1)
              Filter: ((production_year < 1984) AND (kind_id = 1))
              Rows Removed by Filter: 2241178
Planning time: 10.271 ms
Execution time: 35493.781 ms
