Hash Join  (cost=172263.96..607174.38 rows=1435373 width=0) (actual time=9280.602..32976.450 rows=3923303 loops=1)
  Hash Cond: (mi.movie_id = t.id)
  ->  Seq Scan on movie_info mi  (cost=0.00..346232.03 rows=6231111 width=4) (actual time=0.010..19114.434 rows=6223494 loops=1)
        Filter: (info_type_id > 8)
        Rows Removed by Filter: 8612226
  ->  Hash  (cost=162707.19..162707.19 rows=582461 width=8) (actual time=9271.890..9271.890 rows=493887 loops=1)
        Buckets: 131072  Batches: 8  Memory Usage: 3435kB
        ->  Hash Join  (cost=85777.42..162707.19 rows=582461 width=8) (actual time=4770.777..9117.818 rows=493887 loops=1)
              Hash Cond: (mc.movie_id = t.id)
              ->  Seq Scan on movie_companies mc  (cost=0.00..51404.11 rows=1329612 width=4) (actual time=0.027..3210.567 rows=1334883 loops=1)
                    Filter: (company_type_id > 1)
                    Rows Removed by Filter: 1274246
              ->  Hash  (cost=67604.59..67604.59 rows=1107667 width=4) (actual time=4759.809..4759.809 rows=1107925 loops=1)
                    Buckets: 131072  Batches: 16  Memory Usage: 3460kB
                    ->  Seq Scan on title t  (cost=0.00..67604.59 rows=1107667 width=4) (actual time=0.022..3985.645 rows=1107925 loops=1)
                          Filter: (production_year > 2004)
                          Rows Removed by Filter: 1420387
Planning time: 1.110 ms
Execution time: 33505.986 ms
