Hash Join  (cost=130567.05..520989.96 rows=250901 width=0) (actual time=7173.322..31255.631 rows=2023544 loops=1)
  Hash Cond: (mi.movie_id = t.id)
  ->  Seq Scan on movie_info mi  (cost=0.00..346232.03 rows=11115165 width=4) (actual time=0.009..20104.054 rows=11210743 loops=1)
        Filter: (info_type_id > 3)
        Rows Removed by Filter: 3624977
  ->  Hash  (cost=129853.60..129853.60 rows=57076 width=8) (actual time=7172.886..7172.886 rows=75154 loops=1)
        Buckets: 131072 (originally 65536)  Batches: 1 (originally 1)  Memory Usage: 3960kB
        ->  Hash Join  (cost=74617.32..129853.60 rows=57076 width=8) (actual time=3713.484..7132.412 rows=75154 loops=1)
              Hash Cond: (mc.movie_id = t.id)
              ->  Seq Scan on movie_companies mc  (cost=0.00..44881.29 rows=2609129 width=4) (actual time=0.017..2492.194 rows=2609129 loops=1)
              ->  Hash  (cost=73925.90..73925.90 rows=55313 width=4) (actual time=3713.134..3713.134 rows=49075 loops=1)
                    Buckets: 65536  Batches: 1  Memory Usage: 2238kB
                    ->  Seq Scan on title t  (cost=0.00..73925.90 rows=55313 width=4) (actual time=0.018..3677.223 rows=49075 loops=1)
                          Filter: ((kind_id < 7) AND (production_year = 2010))
                          Rows Removed by Filter: 2479237
Planning time: 1.068 ms
Execution time: 31579.140 ms
