Hash Join  (cost=365418.15..1719442.04 rows=28056053 width=0) (actual time=22084.971..113506.623 rows=114581611 loops=1)
  Hash Cond: (ci.movie_id = t.id)
  ->  Seq Scan on cast_info ci  (cost=0.00..796071.18 rows=15681164 width=4) (actual time=4683.456..48247.107 rows=20122661 loops=1)
        Filter: ((person_id < 2893608) AND (role_id < 3))
        Rows Removed by Filter: 16121683
  ->  Hash  (cost=291197.02..291197.02 rows=4523930 width=8) (actual time=17397.601..17397.601 rows=4523930 loops=1)
        Buckets: 131072  Batches: 64  Memory Usage: 3816kB
        ->  Hash Join  (cost=102767.86..291197.02 rows=4523930 width=8) (actual time=6191.206..15970.111 rows=4523930 loops=1)
              Hash Cond: (mk.movie_id = t.id)
              ->  Seq Scan on movie_keyword mk  (cost=0.00..69693.30 rows=4523930 width=4) (actual time=0.023..5071.196 rows=4523930 loops=1)
              ->  Hash  (cost=61283.27..61283.27 rows=2528527 width=4) (actual time=6189.155..6189.155 rows=2528312 loops=1)
                    Buckets: 131072  Batches: 64  Memory Usage: 2425kB
                    ->  Seq Scan on title t  (cost=0.00..61283.27 rows=2528527 width=4) (actual time=0.016..4787.843 rows=2528312 loops=1)
Planning time: 1.133 ms
Execution time: 127280.635 ms
