Hash Join  (cost=74376.49..830330.03 rows=516437 width=0) (actual time=3381.076..64835.703 rows=976364 loops=1)
  Hash Cond: (ci.movie_id = t.id)
  ->  Seq Scan on cast_info ci  (cost=0.00..614943.12 rows=36225612 width=4) (actual time=0.020..39510.404 rows=36244344 loops=1)
  ->  Hash  (cost=73925.90..73925.90 rows=36047 width=4) (actual time=3380.010..3380.010 rows=138428 loops=1)
        Buckets: 131072 (originally 65536)  Batches: 2 (originally 1)  Memory Usage: 3454kB
        ->  Seq Scan on title t  (cost=0.00..73925.90 rows=36047 width=4) (actual time=100.368..3320.035 rows=138428 loops=1)
              Filter: ((production_year < 1939) AND (kind_id = 1))
              Rows Removed by Filter: 2389884
Planning time: 0.787 ms
Execution time: 65001.301 ms
