Seq Scan on cast_info ci  (cost=0.00..796071.18 rows=19786306 width=0) (actual time=0.024..37966.445 rows=23765979 loops=1)
  Filter: ((person_id < 3008527) AND (role_id < 4))
  Rows Removed by Filter: 12478365
Planning time: 0.370 ms
Execution time: 41556.737 ms
