Hash Join  (cost=365418.15..1810644.94 rows=37494973 width=0) (actual time=21823.095..108622.220 rows=121578559 loops=1)
  Hash Cond: (ci.movie_id = t.id)
  ->  Seq Scan on cast_info ci  (cost=0.00..705507.15 rows=20956790 width=4) (actual time=5746.481..42050.510 rows=21094787 loops=1)
        Filter: (person_id > 1493918)
        Rows Removed by Filter: 15149557
  ->  Hash  (cost=291197.02..291197.02 rows=4523930 width=8) (actual time=16075.463..16075.463 rows=4523930 loops=1)
        Buckets: 131072  Batches: 64  Memory Usage: 3816kB
        ->  Hash Join  (cost=102767.86..291197.02 rows=4523930 width=8) (actual time=5558.939..14631.738 rows=4523930 loops=1)
              Hash Cond: (mk.movie_id = t.id)
              ->  Seq Scan on movie_keyword mk  (cost=0.00..69693.30 rows=4523930 width=4) (actual time=0.032..4298.875 rows=4523930 loops=1)
              ->  Hash  (cost=61283.27..61283.27 rows=2528527 width=4) (actual time=5557.412..5557.412 rows=2528312 loops=1)
                    Buckets: 131072  Batches: 64  Memory Usage: 2425kB
                    ->  Seq Scan on title t  (cost=0.00..61283.27 rows=2528527 width=4) (actual time=0.019..4470.120 rows=2528312 loops=1)
Planning time: 2.355 ms
Execution time: 124994.631 ms
