Hash Join  (cost=69928.56..568794.14 rows=702530 width=0) (actual time=1432.027..13280.423 rows=606523 loops=1)
  Hash Cond: (mi.movie_id = t.id)
  ->  Seq Scan on movie_info mi  (cost=0.00..346232.03 rows=12545135 width=4) (actual time=316.769..7002.159 rows=12601870 loops=1)
        Filter: (info_type_id < 17)
        Rows Removed by Filter: 2233850
  ->  Hash  (cost=67604.59..67604.59 rows=141598 width=4) (actual time=1113.835..1113.835 rows=141703 loops=1)
        Buckets: 131072  Batches: 2  Memory Usage: 3517kB
        ->  Seq Scan on title t  (cost=0.00..67604.59 rows=141598 width=4) (actual time=0.026..1058.964 rows=141703 loops=1)
              Filter: (production_year = 2010)
              Rows Removed by Filter: 2386609
Planning time: 0.772 ms
Execution time: 13361.717 ms
