Nested Loop  (cost=0.43..83072.90 rows=126 width=0) (actual time=759.379..1347.537 rows=204 loops=1)
  ->  Seq Scan on movie_keyword mk  (cost=0.00..81003.12 rows=246 width=4) (actual time=0.022..1234.371 rows=3551 loops=1)
        Filter: (keyword_id = 7105)
        Rows Removed by Filter: 4520379
  ->  Index Scan using title_pkey on title t  (cost=0.43..8.40 rows=1 width=4) (actual time=0.031..0.031 rows=0 loops=3551)
        Index Cond: (id = mk.movie_id)
        Filter: ((production_year > 1967) AND (kind_id = 7))
        Rows Removed by Filter: 1
Planning time: 0.786 ms
Execution time: 1347.720 ms
