Seq Scan on movie_companies mc  (cost=0.00..51404.11 rows=104 width=0) (actual time=158.720..894.509 rows=1396 loops=1)
  Filter: (company_id = 14328)
  Rows Removed by Filter: 2607733
Planning time: 0.376 ms
Execution time: 894.898 ms
