Hash Join  (cost=69460.45..171550.14 rows=76889 width=0) (actual time=1149.198..3258.435 rows=69585 loops=1)
  Hash Cond: (mk.movie_id = t.id)
  ->  Seq Scan on movie_keyword mk  (cost=0.00..81003.12 rows=1718846 width=4) (actual time=0.025..1534.486 rows=1728552 loops=1)
        Filter: (keyword_id > 8190)
        Rows Removed by Filter: 2795378
  ->  Hash  (cost=67604.59..67604.59 rows=113109 width=4) (actual time=1147.793..1147.793 rows=119565 loops=1)
        Buckets: 131072  Batches: 2  Memory Usage: 3121kB
        ->  Seq Scan on title t  (cost=0.00..67604.59 rows=113109 width=4) (actual time=0.025..1097.552 rows=119565 loops=1)
              Filter: (production_year = 2007)
              Rows Removed by Filter: 2408747
Planning time: 0.749 ms
Execution time: 3268.061 ms
