Hash Join  (cost=75628.47..147206.87 rows=67725 width=0) (actual time=1242.252..2815.558 rows=45824 loops=1)
  Hash Cond: (mc.movie_id = t.id)
  ->  Seq Scan on movie_companies mc  (cost=0.00..51404.11 rows=1650945 width=4) (actual time=0.035..916.608 rows=1642063 loops=1)
        Filter: (company_id < 17815)
        Rows Removed by Filter: 967066
  ->  Hash  (cost=73925.90..73925.90 rows=103725 width=4) (actual time=1000.744..1000.744 rows=98992 loops=1)
        Buckets: 131072  Batches: 2  Memory Usage: 2760kB
        ->  Seq Scan on title t  (cost=0.00..73925.90 rows=103725 width=4) (actual time=99.293..966.084 rows=98992 loops=1)
              Filter: ((production_year > 2010) AND (kind_id = 1))
              Rows Removed by Filter: 2429320
Planning time: 0.751 ms
Execution time: 2822.443 ms
