Nested Loop  (cost=0.43..83072.29 rows=172 width=0) (actual time=44.922..1168.229 rows=65 loops=1)
  ->  Seq Scan on movie_keyword mk  (cost=0.00..81003.12 rows=246 width=4) (actual time=2.203..1147.534 rows=458 loops=1)
        Filter: (keyword_id = 1371)
        Rows Removed by Filter: 4523472
  ->  Index Scan using title_pkey on title t  (cost=0.43..8.40 rows=1 width=4) (actual time=0.043..0.043 rows=0 loops=458)
        Index Cond: (id = mk.movie_id)
        Filter: (kind_id > 2)
        Rows Removed by Filter: 1
Planning time: 0.704 ms
Execution time: 1168.391 ms
