Hash Join  (cost=101489.21..854089.84 rows=1519318 width=0) (actual time=2129.329..15407.930 rows=1510758 loops=1)
  Hash Cond: (ci.movie_id = t.id)
  ->  Seq Scan on cast_info ci  (cost=0.00..705507.15 rows=1860060 width=4) (actual time=0.015..11414.206 rows=1790776 loops=1)
        Filter: (person_id < 177783)
        Rows Removed by Filter: 34453568
  ->  Hash  (cost=67604.59..67604.59 rows=2065330 width=4) (actual time=2128.550..2128.550 rows=2064552 loops=1)
        Buckets: 131072  Batches: 32  Memory Usage: 3289kB
        ->  Seq Scan on title t  (cost=0.00..67604.59 rows=2065330 width=4) (actual time=0.013..1466.993 rows=2064552 loops=1)
              Filter: (production_year < 2011)
              Rows Removed by Filter: 463760
Planning time: 0.577 ms
Execution time: 15591.157 ms
