Hash Join  (cost=164053.20..530673.42 rows=196430 width=0) (actual time=3778.485..10781.924 rows=23148 loops=1)
  Hash Cond: (mi.movie_id = t.id)
  ->  Seq Scan on movie_info mi  (cost=0.00..309384.22 rows=14739122 width=4) (actual time=0.016..4203.222 rows=14835720 loops=1)
  ->  Hash  (cost=163631.97..163631.97 rows=33698 width=8) (actual time=3426.802..3426.802 rows=4596 loops=1)
        Buckets: 65536  Batches: 1  Memory Usage: 692kB
        ->  Hash Join  (cost=74434.21..163631.97 rows=33698 width=8) (actual time=2390.303..3424.585 rows=4596 loops=1)
              Hash Cond: (mk.movie_id = t.id)
              ->  Seq Scan on movie_keyword mk  (cost=0.00..81003.12 rows=2095376 width=4) (actual time=0.019..1391.176 rows=2092386 loops=1)
                    Filter: (keyword_id > 5761)
                    Rows Removed by Filter: 2431544
              ->  Hash  (cost=73925.90..73925.90 rows=40664 width=4) (actual time=1700.589..1700.589 rows=40257 loops=1)
                    Buckets: 65536  Batches: 1  Memory Usage: 1928kB
                    ->  Seq Scan on title t  (cost=0.00..73925.90 rows=40664 width=4) (actual time=0.046..1678.919 rows=40257 loops=1)
                          Filter: ((production_year > 2012) AND (kind_id = 7))
                          Rows Removed by Filter: 2488055
Planning time: 1.202 ms
Execution time: 10785.460 ms
