Hash Join  (cost=160212.76..300438.13 rows=1495733 width=0) (actual time=3529.593..8101.662 rows=4952904 loops=1)
  Hash Cond: (mk.movie_id = t.id)
  ->  Seq Scan on movie_keyword mk  (cost=0.00..69693.30 rows=4523930 width=4) (actual time=0.009..1407.496 rows=4523930 loops=1)
  ->  Hash  (cost=146496.78..146496.78 rows=835999 width=8) (actual time=3528.466..3528.466 rows=758770 loops=1)
        Buckets: 131072  Batches: 16  Memory Usage: 2888kB
        ->  Hash Join  (cost=92735.26..146496.78 rows=835999 width=8) (actual time=1690.803..3294.689 rows=758770 loops=1)
              Hash Cond: (mi_idx.movie_id = t.id)
              ->  Seq Scan on movie_info_idx mi_idx  (cost=0.00..21735.35 rows=1380035 width=4) (actual time=0.011..460.786 rows=1380035 loops=1)
              ->  Hash  (cost=67604.59..67604.59 rows=1531734 width=4) (actual time=1688.956..1688.956 rows=1531613 loops=1)
                    Buckets: 131072  Batches: 32  Memory Usage: 2708kB
                    ->  Seq Scan on title t  (cost=0.00..67604.59 rows=1531734 width=4) (actual time=0.028..1197.843 rows=1531613 loops=1)
                          Filter: (production_year > 1997)
                          Rows Removed by Filter: 996699
Planning time: 0.760 ms
Execution time: 8631.029 ms
