Hash Join  (cost=78204.40..156963.65 rows=269072 width=0) (actual time=1350.804..4023.789 rows=764114 loops=1)
  Hash Cond: (mc.movie_id = t.id)
  ->  Seq Scan on movie_companies mc  (cost=0.00..44881.29 rows=2609129 width=4) (actual time=0.016..1038.590 rows=2609129 loops=1)
  ->  Hash  (cost=73925.90..73925.90 rows=260760 width=4) (actual time=1349.952..1349.952 rows=373942 loops=1)
        Buckets: 131072 (originally 131072)  Batches: 8 (originally 4)  Memory Usage: 3073kB
        ->  Seq Scan on title t  (cost=0.00..73925.90 rows=260760 width=4) (actual time=0.014..1224.456 rows=373942 loops=1)
              Filter: ((kind_id < 7) AND (production_year < 1989))
              Rows Removed by Filter: 2154370
Planning time: 13.630 ms
Execution time: 4092.050 ms
