Hash Join  (cost=58358.90..85269.67 rows=28 width=0) (actual time=990.001..1391.475 rows=1128 loops=1)
  Hash Cond: (mi_idx.movie_id = t.id)
  ->  Seq Scan on movie_info_idx mi_idx  (cost=0.00..21735.35 rows=1380035 width=4) (actual time=0.018..285.160 rows=1380035 loops=1)
  ->  Hash  (cost=58358.27..58358.27 rows=51 width=8) (actual time=855.416..855.416 rows=470 loops=1)
        Buckets: 1024  Batches: 1  Memory Usage: 27kB
        ->  Nested Loop  (cost=0.43..58358.27 rows=51 width=8) (actual time=0.534..855.090 rows=470 loops=1)
              ->  Seq Scan on movie_companies mc  (cost=0.00..57926.93 rows=51 width=4) (actual time=0.472..832.336 rows=470 loops=1)
                    Filter: ((company_type_id < 2) AND (company_id = 11280))
                    Rows Removed by Filter: 2608659
              ->  Index Only Scan using title_pkey on title t  (cost=0.43..8.45 rows=1 width=4) (actual time=0.047..0.047 rows=1 loops=470)
                    Index Cond: (id = mc.movie_id)
                    Heap Fetches: 470
Planning time: 1.250 ms
Execution time: 1391.785 ms
