Hash Join  (cost=81720.25..873033.01 rows=1874556 width=0) (actual time=3024.752..16528.866 rows=2053924 loops=1)
  Hash Cond: (ci.movie_id = t.id)
  ->  Seq Scan on cast_info ci  (cost=0.00..705507.15 rows=5509081 width=4) (actual time=1645.792..11939.732 rows=5426403 loops=1)
        Filter: (person_id < 523613)
        Rows Removed by Filter: 30817941
  ->  Hash  (cost=67604.59..67604.59 rows=860373 width=4) (actual time=1366.242..1366.242 rows=854214 loops=1)
        Buckets: 131072  Batches: 16  Memory Usage: 2897kB
        ->  Seq Scan on title t  (cost=0.00..67604.59 rows=860373 width=4) (actual time=0.028..1099.659 rows=854214 loops=1)
              Filter: (kind_id < 4)
              Rows Removed by Filter: 1674098
Planning time: 0.743 ms
Execution time: 16736.992 ms
