Nested Loop  (cost=0.43..796578.93 rows=28 width=0) (actual time=6945.209..11021.999 rows=12 loops=1)
  ->  Seq Scan on cast_info ci  (cost=0.00..796071.18 rows=60 width=4) (actual time=6945.149..11021.766 rows=12 loops=1)
        Filter: ((person_id = 1070760) AND (role_id = 10))
        Rows Removed by Filter: 36244332
  ->  Index Scan using title_pkey on title t  (cost=0.43..8.45 rows=1 width=4) (actual time=0.017..0.017 rows=1 loops=12)
        Index Cond: (id = ci.movie_id)
        Filter: ((production_year < 2010) AND (kind_id = 7))
Planning time: 0.773 ms
Execution time: 11022.107 ms
