Seq Scan on movie_keyword mk  (cost=0.00..81003.12 rows=7389 width=0) (actual time=0.054..1143.068 rows=9638 loops=1)
  Filter: (keyword_id = 236)
  Rows Removed by Filter: 4514292
Planning time: 0.346 ms
Execution time: 1145.353 ms
