Hash Join  (cost=137562.77..233979.38 rows=17636 width=0) (actual time=2155.884..4335.132 rows=64969 loops=1)
  Hash Cond: (mk.movie_id = t.id)
  ->  Seq Scan on movie_keyword mk  (cost=0.00..81003.12 rows=4063232 width=4) (actual time=0.020..1558.211 rows=4052028 loops=1)
        Filter: (keyword_id > 355)
        Rows Removed by Filter: 471902
  ->  Hash  (cost=137425.59..137425.59 rows=10975 width=8) (actual time=2154.500..2154.500 rows=3761 loops=1)
        Buckets: 16384  Batches: 1  Memory Usage: 275kB
        ->  Hash Join  (cost=76915.85..137425.59 rows=10975 width=8) (actual time=1436.568..2152.872 rows=3761 loops=1)
              Hash Cond: (mc.movie_id = t.id)
              ->  Seq Scan on movie_companies mc  (cost=0.00..57926.93 rows=152279 width=4) (actual time=0.181..785.952 rows=68493 loops=1)
                    Filter: ((company_id < 160) AND (company_type_id > 1))
                    Rows Removed by Filter: 2540636
              ->  Hash  (cost=73925.90..73925.90 rows=182236 width=4) (actual time=1282.709..1282.709 rows=315565 loops=1)
                    Buckets: 131072  Batches: 4  Memory Usage: 3798kB
                    ->  Seq Scan on title t  (cost=0.00..73925.90 rows=182236 width=4) (actual time=609.282..1179.577 rows=315565 loops=1)
                          Filter: ((production_year < 1990) AND (kind_id = 1))
                          Rows Removed by Filter: 2212747
Planning time: 1.286 ms
Execution time: 4343.926 ms
