Hash Join  (cost=945723.79..1495948.46 rows=5338604 width=0) (actual time=17553.997..36383.865 rows=14798424 loops=1)
  Hash Cond: (mi.movie_id = t.id)
  ->  Seq Scan on movie_info mi  (cost=0.00..346232.03 rows=12665229 width=4) (actual time=0.009..7198.945 rows=12744652 loops=1)
        Filter: (info_type_id > 2)
        Rows Removed by Filter: 2091068
  ->  Hash  (cost=928237.09..928237.09 rows=1065816 width=8) (actual time=17552.720..17552.720 rows=2025067 loops=1)
        Buckets: 131072 (originally 131072)  Batches: 32 (originally 16)  Memory Usage: 3472kB
        ->  Hash Join  (cost=93408.25..928237.09 rows=1065816 width=8) (actual time=4019.171..16896.453 rows=2025067 loops=1)
              Hash Cond: (ci.movie_id = t.id)
              ->  Seq Scan on cast_info ci  (cost=0.00..796071.18 rows=1713499 width=4) (actual time=2268.907..12887.497 rows=2539358 loops=1)
                    Filter: ((person_id > 2073099) AND (role_id = 3))
                    Rows Removed by Filter: 33704986
              ->  Hash  (cost=67604.59..67604.59 rows=1572773 width=4) (actual time=1749.267..1749.267 rows=1570568 loops=1)
                    Buckets: 131072  Batches: 32  Memory Usage: 2751kB
                    ->  Seq Scan on title t  (cost=0.00..67604.59 rows=1572773 width=4) (actual time=0.035..1252.509 rows=1570568 loops=1)
                          Filter: (production_year > 1996)
                          Rows Removed by Filter: 957744
Planning time: 1.284 ms
Execution time: 38178.470 ms
