Hash Join  (cost=334791.12..1680898.62 rows=26155032 width=0) (actual time=9868.676..52039.364 rows=73505497 loops=1)
  Hash Cond: (ci.movie_id = t.id)
  ->  Seq Scan on cast_info ci  (cost=0.00..796071.18 rows=17897201 width=4) (actual time=1596.590..16915.255 rows=14940902 loops=1)
        Filter: ((person_id < 2825242) AND (role_id > 1))
        Rows Removed by Filter: 21303442
  ->  Hash  (cost=274166.14..274166.14 rows=3695198 width=8) (actual time=8270.683..8270.683 rows=4200438 loops=1)
        Buckets: 131072  Batches: 64  Memory Usage: 3613kB
        ->  Hash Join  (cost=101489.21..274166.14 rows=3695198 width=8) (actual time=1980.158..7078.840 rows=4200438 loops=1)
              Hash Cond: (mk.movie_id = t.id)
              ->  Seq Scan on movie_keyword mk  (cost=0.00..69693.30 rows=4523930 width=4) (actual time=0.034..1562.350 rows=4523930 loops=1)
              ->  Hash  (cost=67604.59..67604.59 rows=2065330 width=4) (actual time=1979.308..1979.308 rows=2064552 loops=1)
                    Buckets: 131072  Batches: 32  Memory Usage: 3298kB
                    ->  Seq Scan on title t  (cost=0.00..67604.59 rows=2065330 width=4) (actual time=0.032..1304.192 rows=2064552 loops=1)
                          Filter: (production_year < 2011)
                          Rows Removed by Filter: 463760
Planning time: 5.403 ms
Execution time: 60125.065 ms
