Hash Join  (cost=493318.32..1246418.24 rows=1173139 width=0) (actual time=15272.953..24967.933 rows=1285243 loops=1)
  Hash Cond: (ci.movie_id = t.id)
  ->  Seq Scan on cast_info ci  (cost=0.00..705507.15 rows=2735034 width=4) (actual time=5646.832..13203.863 rows=2728943 loops=1)
        Filter: (role_id = 4)
        Rows Removed by Filter: 33515401
  ->  Hash  (cost=475524.29..475524.29 rows=1084562 width=8) (actual time=9625.311..9625.311 rows=969828 loops=1)
        Buckets: 131072  Batches: 16  Memory Usage: 3380kB
        ->  Hash Join  (cost=89299.55..475524.29 rows=1084562 width=8) (actual time=4130.950..9086.269 rows=969828 loops=1)
              Hash Cond: (mi.movie_id = t.id)
              ->  Seq Scan on movie_info mi  (cost=0.00..346232.03 rows=2073893 width=4) (actual time=2401.015..5732.342 rows=2091068 loops=1)
                    Filter: (info_type_id < 3)
                    Rows Removed by Filter: 12744652
              ->  Hash  (cost=67604.59..67604.59 rows=1322317 width=4) (actual time=1729.011..1729.011 rows=1322863 loops=1)
                    Buckets: 131072  Batches: 32  Memory Usage: 2488kB
                    ->  Seq Scan on title t  (cost=0.00..67604.59 rows=1322317 width=4) (actual time=0.033..1269.962 rows=1322863 loops=1)
                          Filter: (production_year > 2001)
                          Rows Removed by Filter: 1205449
Planning time: 1.169 ms
Execution time: 25122.139 ms
