Seq Scan on cast_info ci  (cost=0.00..705507.15 rows=500 width=0) (actual time=1203.881..10421.540 rows=76 loops=1)
  Filter: (person_id = 517305)
  Rows Removed by Filter: 36244268
Planning time: 0.405 ms
Execution time: 10421.653 ms
