Seq Scan on movie_companies mc  (cost=0.00..51404.11 rows=104 width=0) (actual time=359.644..754.647 rows=54 loops=1)
  Filter: (company_id = 83167)
  Rows Removed by Filter: 2609075
Planning time: 0.298 ms
Execution time: 754.749 ms
