Seq Scan on cast_info ci  (cost=0.00..796071.18 rows=4333079 width=0) (actual time=0.020..13367.534 rows=8848569 loops=1)
  Filter: ((person_id < 1206926) AND (role_id = 1))
  Rows Removed by Filter: 27395775
Planning time: 0.378 ms
Execution time: 14475.723 ms
