Hash Join  (cost=83074.74..447745.01 rows=1434 width=0) (actual time=1388.568..8800.695 rows=3210 loops=1)
  Hash Cond: (mi.movie_id = t.id)
  ->  Seq Scan on movie_info mi  (cost=0.00..309384.22 rows=14739122 width=4) (actual time=0.014..4712.774 rows=14835720 loops=1)
  ->  Hash  (cost=83071.67..83071.67 rows=246 width=8) (actual time=1385.112..1385.112 rows=68 loops=1)
        Buckets: 1024  Batches: 1  Memory Usage: 11kB
        ->  Nested Loop  (cost=0.43..83071.67 rows=246 width=8) (actual time=32.084..1384.998 rows=68 loops=1)
              ->  Seq Scan on movie_keyword mk  (cost=0.00..81003.12 rows=246 width=4) (actual time=31.976..1380.933 rows=68 loops=1)
                    Filter: (keyword_id = 9561)
                    Rows Removed by Filter: 4523862
              ->  Index Only Scan using title_pkey on title t  (cost=0.43..8.40 rows=1 width=4) (actual time=0.052..0.053 rows=1 loops=68)
                    Index Cond: (id = mk.movie_id)
                    Heap Fetches: 68
Planning time: 1.175 ms
Execution time: 8801.665 ms
