Hash Join  (cost=87880.14..228421.94 rows=1521676 width=0) (actual time=1483.774..5675.027 rows=3112638 loops=1)
  Hash Cond: (mk.movie_id = t.id)
  ->  Seq Scan on movie_keyword mk  (cost=0.00..69693.30 rows=4523930 width=4) (actual time=0.019..1426.629 rows=4523930 loops=1)
  ->  Hash  (cost=73925.90..73925.90 rows=850499 width=4) (actual time=1482.600..1482.600 rows=765361 loops=1)
        Buckets: 131072  Batches: 16  Memory Usage: 2718kB
        ->  Seq Scan on title t  (cost=0.00..73925.90 rows=850499 width=4) (actual time=0.018..1227.532 rows=765361 loops=1)
              Filter: ((kind_id < 7) AND (production_year > 1963))
              Rows Removed by Filter: 1762951
Planning time: 0.725 ms
Execution time: 6030.174 ms
