Nested Loop  (cost=0.43..83071.67 rows=246 width=0) (actual time=0.342..1372.919 rows=1671 loops=1)
  ->  Seq Scan on movie_keyword mk  (cost=0.00..81003.12 rows=246 width=4) (actual time=0.289..1322.813 rows=1671 loops=1)
        Filter: (keyword_id = 2337)
        Rows Removed by Filter: 4522259
  ->  Index Only Scan using title_pkey on title t  (cost=0.43..8.40 rows=1 width=4) (actual time=0.028..0.029 rows=1 loops=1671)
        Index Cond: (id = mk.movie_id)
        Heap Fetches: 1671
Planning time: 0.700 ms
Execution time: 1373.578 ms
