Seq Scan on movie_keyword mk  (cost=0.00..81003.12 rows=3477120 width=0) (actual time=0.009..1565.422 rows=3473893 loops=1)
  Filter: (keyword_id > 1045)
  Rows Removed by Filter: 1050037
Planning time: 0.307 ms
Execution time: 1996.689 ms
