Hash Join  (cost=854138.88..3732932.04 rows=139929886 width=0) (actual time=22552.654..155276.308 rows=371775319 loops=1)
  Hash Cond: (ci.movie_id = t.id)
  ->  Seq Scan on cast_info ci  (cost=0.00..614943.12 rows=36225612 width=4) (actual time=0.016..13996.464 rows=36244344 loops=1)
  ->  Hash  (cost=693898.06..693898.06 rows=9767026 width=8) (actual time=22551.503..22551.503 rows=9911754 loops=1)
        Buckets: 131072 (originally 131072)  Batches: 256 (originally 128)  Memory Usage: 4036kB
        ->  Hash Join  (cost=102767.86..693898.06 rows=9767026 width=8) (actual time=1993.185..18542.611 rows=9911754 loops=1)
              Hash Cond: (mi.movie_id = t.id)
              ->  Seq Scan on movie_info mi  (cost=0.00..346232.03 rows=9767026 width=4) (actual time=0.029..6969.254 rows=9911754 loops=1)
                    Filter: (info_type_id > 4)
                    Rows Removed by Filter: 4923966
              ->  Hash  (cost=61283.27..61283.27 rows=2528527 width=4) (actual time=1991.800..1991.800 rows=2528312 loops=1)
                    Buckets: 131072  Batches: 64  Memory Usage: 2425kB
                    ->  Seq Scan on title t  (cost=0.00..61283.27 rows=2528527 width=4) (actual time=0.016..1134.553 rows=2528312 loops=1)
Planning time: 1.114 ms
Execution time: 196209.923 ms
