Hash Join  (cost=263115.61..432948.02 rows=3328115 width=0) (actual time=6055.183..16530.729 rows=25875043 loops=1)
  Hash Cond: (mk.movie_id = t.id)
  ->  Seq Scan on movie_keyword mk  (cost=0.00..81003.12 rows=3225302 width=4) (actual time=0.013..1881.235 rows=3219663 loops=1)
        Filter: (keyword_id > 1709)
        Rows Removed by Filter: 1304267
  ->  Hash  (cost=220309.49..220309.49 rows=2609129 width=8) (actual time=6054.391..6054.391 rows=2609129 loops=1)
        Buckets: 131072  Batches: 64  Memory Usage: 2691kB
        ->  Hash Join  (cost=102767.86..220309.49 rows=2609129 width=8) (actual time=1952.646..5303.650 rows=2609129 loops=1)
              Hash Cond: (mc.movie_id = t.id)
              ->  Seq Scan on movie_companies mc  (cost=0.00..44881.29 rows=2609129 width=4) (actual time=0.013..830.633 rows=2609129 loops=1)
              ->  Hash  (cost=61283.27..61283.27 rows=2528527 width=4) (actual time=1951.430..1951.430 rows=2528312 loops=1)
                    Buckets: 131072  Batches: 64  Memory Usage: 2415kB
                    ->  Seq Scan on title t  (cost=0.00..61283.27 rows=2528527 width=4) (actual time=0.013..1088.300 rows=2528312 loops=1)
Planning time: 1.126 ms
Execution time: 19419.972 ms
