Hash Join  (cost=96103.72..552976.79 rows=3331138 width=0) (actual time=1899.415..11566.264 rows=2223253 loops=1)
  Hash Cond: (mi.movie_id = t.id)
  ->  Seq Scan on movie_info mi  (cost=0.00..346232.03 rows=6231111 width=4) (actual time=0.018..5845.775 rows=6223494 loops=1)
        Filter: (info_type_id > 8)
        Rows Removed by Filter: 8612226
  ->  Hash  (cost=73925.90..73925.90 rows=1351745 width=4) (actual time=1898.574..1898.574 rows=1430713 loops=1)
        Buckets: 131072  Batches: 32  Memory Usage: 2602kB
        ->  Seq Scan on title t  (cost=0.00..73925.90 rows=1351745 width=4) (actual time=0.016..1430.075 rows=1430713 loops=1)
              Filter: ((kind_id > 4) AND (production_year > 1961))
              Rows Removed by Filter: 1097599
Planning time: 0.753 ms
Execution time: 11825.534 ms
