Hash Join  (cost=239458.38..720544.88 rows=3421055 width=0) (actual time=5928.209..39109.851 rows=106950950 loops=1)
  Hash Cond: (mi.movie_id = t.id)
  ->  Seq Scan on movie_info mi  (cost=0.00..346232.03 rows=7503588 width=4) (actual time=0.022..6699.862 rows=7548855 loops=1)
        Filter: (info_type_id > 7)
        Rows Removed by Filter: 7286865
  ->  Hash  (cost=220544.23..220544.23 rows=1152812 width=8) (actual time=5926.616..5926.616 rows=2055307 loops=1)
        Buckets: 131072 (originally 131072)  Batches: 32 (originally 16)  Memory Usage: 3604kB
        ->  Hash Join  (cost=84497.07..220544.23 rows=1152812 width=8) (actual time=1360.023..5303.151 rows=2055307 loops=1)
              Hash Cond: (mk.movie_id = t.id)
              ->  Seq Scan on movie_keyword mk  (cost=0.00..69693.30 rows=4523930 width=4) (actual time=0.023..1396.095 rows=4523930 loops=1)
              ->  Hash  (cost=73925.90..73925.90 rows=644333 width=4) (actual time=1359.189..1359.189 rows=544419 loops=1)
                    Buckets: 131072  Batches: 16  Memory Usage: 2223kB
                    ->  Seq Scan on title t  (cost=0.00..73925.90 rows=644333 width=4) (actual time=0.021..1181.622 rows=544419 loops=1)
                          Filter: ((kind_id < 7) AND (production_year > 1994))
                          Rows Removed by Filter: 1983893
Planning time: 1.200 ms
Execution time: 50500.755 ms
