Seq Scan on movie_keyword mk  (cost=0.00..81003.12 rows=2270328 width=0) (actual time=0.035..1522.765 rows=2265818 loops=1)
  Filter: (keyword_id > 4673)
  Rows Removed by Filter: 2258112
Planning time: 0.301 ms
Execution time: 1807.703 ms
