Hash Join  (cost=172792.47..651924.04 rows=402167 width=0) (actual time=3339.922..14994.583 rows=2436727 loops=1)
  Hash Cond: (mi.movie_id = t.id)
  ->  Seq Scan on movie_info mi  (cost=0.00..346232.03 rows=11115165 width=4) (actual time=0.031..6949.657 rows=11210743 loops=1)
        Filter: (info_type_id > 3)
        Rows Removed by Filter: 3624977
  ->  Hash  (cost=171290.88..171290.88 rows=91487 width=8) (actual time=3338.985..3338.985 rows=59506 loops=1)
        Buckets: 131072  Batches: 2  Memory Usage: 2187kB
        ->  Hash Join  (cost=69928.56..171290.88 rows=91487 width=8) (actual time=1233.143..3319.028 rows=59506 loops=1)
              Hash Cond: (mk.movie_id = t.id)
              ->  Seq Scan on movie_keyword mk  (cost=0.00..81003.12 rows=1633686 width=4) (actual time=0.021..1547.111 rows=1643379 loops=1)
                    Filter: (keyword_id < 2492)
                    Rows Removed by Filter: 2880551
              ->  Hash  (cost=67604.59..67604.59 rows=141598 width=4) (actual time=1232.407..1232.407 rows=141703 loops=1)
                    Buckets: 131072  Batches: 2  Memory Usage: 3517kB
                    ->  Seq Scan on title t  (cost=0.00..67604.59 rows=141598 width=4) (actual time=0.019..1175.745 rows=141703 loops=1)
                          Filter: (production_year = 2010)
                          Rows Removed by Filter: 2386609
Planning time: 1.156 ms
Execution time: 15296.490 ms
