Seq Scan on movie_companies mc  (cost=0.00..57926.93 rows=392739 width=0) (actual time=0.027..913.698 rows=560123 loops=1)
  Filter: ((company_id < 1710) AND (company_type_id < 2))
  Rows Removed by Filter: 2049006
Planning time: 0.482 ms
Execution time: 979.930 ms
