Hash Join  (cost=158781.07..525191.03 rows=175404 width=0) (actual time=2679.444..10916.474 rows=1706896 loops=1)
  Hash Cond: (mi.movie_id = t.id)
  ->  Seq Scan on movie_info mi  (cost=0.00..309384.22 rows=14739122 width=4) (actual time=0.009..4220.793 rows=14835720 loops=1)
  ->  Hash  (cost=158404.93..158404.93 rows=30091 width=8) (actual time=2678.839..2678.839 rows=30508 loops=1)
        Buckets: 32768  Batches: 1  Memory Usage: 1448kB
        ->  Hash Join  (cost=69694.50..158404.93 rows=30091 width=8) (actual time=1079.999..2668.529 rows=30508 loops=1)
              Hash Cond: (mk.movie_id = t.id)
              ->  Seq Scan on movie_keyword mk  (cost=0.00..81003.12 rows=597438 width=4) (actual time=0.022..1372.101 rows=597540 loops=1)
                    Filter: (keyword_id > 30727)
                    Rows Removed by Filter: 3926390
              ->  Hash  (cost=67604.59..67604.59 rows=127353 width=4) (actual time=1079.166..1079.166 rows=128696 loops=1)
                    Buckets: 131072  Batches: 2  Memory Usage: 3290kB
                    ->  Seq Scan on title t  (cost=0.00..67604.59 rows=127353 width=4) (actual time=0.023..1028.709 rows=128696 loops=1)
                          Filter: (production_year = 2009)
                          Rows Removed by Filter: 2399616
Planning time: 1.380 ms
Execution time: 11135.944 ms
