Seq Scan on movie_keyword mk  (cost=0.00..81003.12 rows=426731 width=0) (actual time=0.043..1339.177 rows=421242 loops=1)
  Filter: (keyword_id > 41427)
  Rows Removed by Filter: 4102688
Planning time: 0.329 ms
Execution time: 1393.147 ms
