Seq Scan on movie_keyword mk  (cost=0.00..81003.12 rows=3796768 width=0) (actual time=3.372..1544.173 rows=3788301 loops=1)
  Filter: (keyword_id < 25606)
  Rows Removed by Filter: 735629
Planning time: 0.276 ms
Execution time: 2007.612 ms
