Seq Scan on movie_keyword mk  (cost=0.00..81003.12 rows=1978612 width=0) (actual time=0.024..1563.560 rows=1979678 loops=1)
  Filter: (keyword_id < 3493)
  Rows Removed by Filter: 2544252
Planning time: 0.317 ms
Execution time: 1816.881 ms
