Hash Join  (cost=52284.99..803089.06 rows=1490 width=0) (actual time=1040.494..16597.485 rows=590 loops=1)
  Hash Cond: (ci.movie_id = t.id)
  ->  Seq Scan on cast_info ci  (cost=0.00..614943.12 rows=36225612 width=4) (actual time=0.019..8775.144 rows=36244344 loops=1)
  ->  Hash  (cost=52283.69..52283.69 rows=104 width=8) (actual time=844.025..844.025 rows=67 loops=1)
        Buckets: 1024  Batches: 1  Memory Usage: 11kB
        ->  Nested Loop  (cost=0.43..52283.69 rows=104 width=8) (actual time=27.893..843.933 rows=67 loops=1)
              ->  Seq Scan on movie_companies mc  (cost=0.00..51404.11 rows=104 width=4) (actual time=27.786..841.459 rows=67 loops=1)
                    Filter: (company_id = 1812)
                    Rows Removed by Filter: 2609062
              ->  Index Only Scan using title_pkey on title t  (cost=0.43..8.45 rows=1 width=4) (actual time=0.032..0.033 rows=1 loops=67)
                    Index Cond: (id = mc.movie_id)
                    Heap Fetches: 67
Planning time: 1.170 ms
Execution time: 16598.136 ms
