Seq Scan on movie_keyword mk  (cost=0.00..81003.12 rows=1915710 width=0) (actual time=0.025..1392.933 rows=1924248 loops=1)
  Filter: (keyword_id > 6968)
  Rows Removed by Filter: 2599682
Planning time: 0.348 ms
Execution time: 1631.220 ms
