Seq Scan on movie_keyword mk  (cost=0.00..81003.12 rows=3994702 width=0) (actual time=0.023..1184.007 rows=4005614 loops=1)
  Filter: (keyword_id < 34912)
  Rows Removed by Filter: 518316
Planning time: 0.330 ms
Execution time: 1610.161 ms
