Hash Join  (cost=878911.75..1055072.57 rows=732048 width=0) (actual time=23886.379..27287.784 rows=289580 loops=1)
  Hash Cond: (mk.movie_id = t.id)
  ->  Seq Scan on movie_keyword mk  (cost=0.00..69693.30 rows=4523930 width=4) (actual time=0.018..1484.775 rows=4523930 loops=1)
  ->  Hash  (cost=872198.28..872198.28 rows=409158 width=8) (actual time=23877.787..23877.787 rows=357556 loops=1)
        Buckets: 131072  Batches: 8  Memory Usage: 2810kB
        ->  Hash Join  (cost=74476.22..872198.28 rows=409158 width=8) (actual time=1307.618..22275.534 rows=357556 loops=1)
              Hash Cond: (ci.movie_id = t.id)
              ->  Seq Scan on cast_info ci  (cost=0.00..705507.15 rows=23499554 width=4) (actual time=0.030..14630.579 rows=23573656 loops=1)
                    Filter: (role_id > 1)
                    Rows Removed by Filter: 12670688
              ->  Hash  (cost=73925.90..73925.90 rows=44025 width=4) (actual time=1307.218..1307.218 rows=41557 loops=1)
                    Buckets: 65536  Batches: 1  Memory Usage: 1973kB
                    ->  Seq Scan on title t  (cost=0.00..73925.90 rows=44025 width=4) (actual time=0.139..1289.890 rows=41557 loops=1)
                          Filter: ((kind_id > 3) AND (production_year > 2012))
                          Rows Removed by Filter: 2486755
Planning time: 1.228 ms
Execution time: 27323.068 ms
