Hash Join  (cost=73957.54..102598.64 rows=920 width=0) (actual time=1070.919..1707.713 rows=3562 loops=1)
  Hash Cond: (mi_idx.movie_id = t.id)
  ->  Seq Scan on movie_info_idx mi_idx  (cost=0.00..25185.44 rows=919057 width=4) (actual time=0.021..479.710 rows=920110 loops=1)
        Filter: (info_type_id > 99)
        Rows Removed by Filter: 459925
  ->  Hash  (cost=73925.90..73925.90 rows=2531 width=4) (actual time=1070.358..1070.358 rows=4962 loops=1)
        Buckets: 8192 (originally 4096)  Batches: 1 (originally 1)  Memory Usage: 239kB
        ->  Seq Scan on title t  (cost=0.00..73925.90 rows=2531 width=4) (actual time=0.091..1067.703 rows=4962 loops=1)
              Filter: ((kind_id < 4) AND (production_year = 1964))
              Rows Removed by Filter: 2523350
Planning time: 0.773 ms
Execution time: 1708.521 ms
