Hash Join  (cost=709678.15..736591.36 rows=273 width=0) (actual time=11352.265..11844.362 rows=114 loops=1)
  Hash Cond: (mi_idx.movie_id = t.id)
  ->  Seq Scan on movie_info_idx mi_idx  (cost=0.00..21735.35 rows=1380035 width=4) (actual time=0.021..329.754 rows=1380035 loops=1)
  ->  Hash  (cost=709671.90..709671.90 rows=500 width=8) (actual time=11265.886..11265.886 rows=43 loops=1)
        Buckets: 1024  Batches: 1  Memory Usage: 10kB
        ->  Nested Loop  (cost=0.43..709671.90 rows=500 width=8) (actual time=3700.622..11265.854 rows=43 loops=1)
              ->  Seq Scan on cast_info ci  (cost=0.00..705507.15 rows=500 width=4) (actual time=3700.535..11264.584 rows=43 loops=1)
                    Filter: (person_id = 1242455)
                    Rows Removed by Filter: 36244301
              ->  Index Only Scan using title_pkey on title t  (cost=0.43..8.32 rows=1 width=4) (actual time=0.028..0.028 rows=1 loops=43)
                    Index Cond: (id = ci.movie_id)
                    Heap Fetches: 43
Planning time: 1.154 ms
Execution time: 11844.509 ms
