Hash Join  (cost=313653.18..811418.62 rows=6526692 width=0) (actual time=7763.419..34985.311 rows=84466003 loops=1)
  Hash Cond: (mi.movie_id = t.id)
  ->  Seq Scan on movie_info mi  (cost=0.00..346232.03 rows=5263441 width=4) (actual time=0.020..6571.263 rows=5270569 loops=1)
        Filter: (info_type_id > 15)
        Rows Removed by Filter: 9565151
  ->  Hash  (cost=262212.86..262212.86 rows=3135385 width=8) (actual time=7759.470..7759.470 rows=2742670 loops=1)
        Buckets: 131072  Batches: 64  Memory Usage: 2798kB
        ->  Hash Join  (cost=96356.06..262212.86 rows=3135385 width=8) (actual time=1980.190..6835.920 rows=2742670 loops=1)
              Hash Cond: (mk.movie_id = t.id)
              ->  Seq Scan on movie_keyword mk  (cost=0.00..69693.30 rows=4523930 width=4) (actual time=0.021..1470.446 rows=4523930 loops=1)
              ->  Hash  (cost=67604.59..67604.59 rows=1752438 width=4) (actual time=1979.172..1979.172 rows=1749032 loops=1)
                    Buckets: 131072  Batches: 32  Memory Usage: 2958kB
                    ->  Seq Scan on title t  (cost=0.00..67604.59 rows=1752438 width=4) (actual time=0.026..1388.858 rows=1749032 loops=1)
                          Filter: (production_year > 1990)
                          Rows Removed by Filter: 779280
Planning time: 1.189 ms
Execution time: 44052.933 ms
