Seq Scan on movie_keyword mk  (cost=0.00..81003.12 rows=2633162 width=0) (actual time=0.025..1239.946 rows=2618687 loops=1)
  Filter: (keyword_id > 3262)
  Rows Removed by Filter: 1905243
Planning time: 1.986 ms
Execution time: 1511.862 ms
