Hash Join  (cost=1272663.00..2459218.78 rows=52422863 width=0) (actual time=30233.928..90277.913 rows=161005476 loops=1)
  Hash Cond: (mi.movie_id = t.id)
  ->  Seq Scan on movie_info mi  (cost=0.00..309384.22 rows=14739122 width=4) (actual time=0.015..6112.890 rows=14835720 loops=1)
  ->  Hash  (cost=1125117.37..1125117.37 rows=8993251 width=8) (actual time=30231.334..30231.334 rows=11650973 loops=1)
        Buckets: 131072 (originally 131072)  Batches: 256 (originally 128)  Memory Usage: 3073kB
        ->  Hash Join  (cost=102767.86..1125117.37 rows=8993251 width=8) (actual time=3612.479..27005.733 rows=11650973 loops=1)
              Hash Cond: (ci.movie_id = t.id)
              ->  Seq Scan on cast_info ci  (cost=0.00..796071.18 rows=8993251 width=4) (actual time=1700.973..15466.770 rows=11650973 loops=1)
                    Filter: ((person_id > 1583426) AND (role_id > 2))
                    Rows Removed by Filter: 24593371
              ->  Hash  (cost=61283.27..61283.27 rows=2528527 width=4) (actual time=1910.614..1910.614 rows=2528312 loops=1)
                    Buckets: 131072  Batches: 64  Memory Usage: 2415kB
                    ->  Seq Scan on title t  (cost=0.00..61283.27 rows=2528527 width=4) (actual time=0.025..1070.921 rows=2528312 loops=1)
Planning time: 1.191 ms
Execution time: 108585.856 ms
