Seq Scan on movie_keyword mk  (cost=0.00..81003.12 rows=2865135 width=0) (actual time=0.021..1446.374 rows=2851788 loops=1)
  Filter: (keyword_id > 2560)
  Rows Removed by Filter: 1672142
Planning time: 0.242 ms
Execution time: 1803.802 ms
