Seq Scan on title t  (cost=0.00..73925.90 rows=35490 width=0) (actual time=0.048..1249.298 rows=39698 loops=1)
  Filter: ((kind_id = 7) AND (production_year = 2001))
  Rows Removed by Filter: 2488614
Planning time: 0.413 ms
Execution time: 1256.287 ms
