Seq Scan on movie_companies mc  (cost=0.00..51404.11 rows=104 width=0) (actual time=416.683..802.887 rows=230 loops=1)
  Filter: (company_id = 1095)
  Rows Removed by Filter: 2608899
Planning time: 0.378 ms
Execution time: 803.013 ms
