Seq Scan on cast_info ci  (cost=0.00..796071.18 rows=118 width=0) (actual time=4829.842..13004.707 rows=3 loops=1)
  Filter: ((role_id > 5) AND (person_id = 1962645))
  Rows Removed by Filter: 36244341
Planning time: 0.285 ms
Execution time: 13004.808 ms
