Hash Join  (cost=80166.74..210460.50 rows=680572 width=0) (actual time=1386.014..5283.451 rows=2088022 loops=1)
  Hash Cond: (mk.movie_id = t.id)
  ->  Seq Scan on movie_keyword mk  (cost=0.00..69693.30 rows=4523930 width=4) (actual time=0.020..1436.971 rows=4523930 loops=1)
  ->  Hash  (cost=73925.90..73925.90 rows=380387 width=4) (actual time=1385.010..1385.010 rows=484820 loops=1)
        Buckets: 131072  Batches: 8  Memory Usage: 3173kB
        ->  Seq Scan on title t  (cost=0.00..73925.90 rows=380387 width=4) (actual time=0.026..1220.080 rows=484820 loops=1)
              Filter: ((kind_id < 7) AND (production_year < 1999))
              Rows Removed by Filter: 2043492
Planning time: 0.704 ms
Execution time: 5536.598 ms
