Hash Join  (cost=235791.10..846396.28 rows=10531735 width=0) (actual time=5869.898..33431.800 rows=55526268 loops=1)
  Hash Cond: (mi.movie_id = t.id)
  ->  Seq Scan on movie_info mi  (cost=0.00..309384.22 rows=14739122 width=4) (actual time=0.029..6173.634 rows=14835720 loops=1)
  ->  Hash  (cost=206148.84..206148.84 rows=1806741 width=8) (actual time=5869.033..5869.033 rows=1998876 loops=1)
        Buckets: 131072  Batches: 32  Memory Usage: 3515kB
        ->  Hash Join  (cost=97066.09..206148.84 rows=1806741 width=8) (actual time=1994.596..5298.104 rows=1998876 loops=1)
              Hash Cond: (mc.movie_id = t.id)
              ->  Seq Scan on movie_companies mc  (cost=0.00..51404.11 rows=2544046 width=4) (actual time=0.019..1178.565 rows=2542342 loops=1)
                    Filter: (company_id > 6)
                    Rows Removed by Filter: 66787
              ->  Hash  (cost=67604.59..67604.59 rows=1795720 width=4) (actual time=1993.497..1993.497 rows=1794153 loops=1)
                    Buckets: 131072  Batches: 32  Memory Usage: 2992kB
                    ->  Seq Scan on title t  (cost=0.00..67604.59 rows=1795720 width=4) (actual time=0.032..1405.154 rows=1794153 loops=1)
                          Filter: (production_year < 2009)
                          Rows Removed by Filter: 734159
Planning time: 1.190 ms
Execution time: 39225.937 ms
