Nested Loop  (cost=0.43..87044.69 rows=2350 width=0) (actual time=470.952..968.688 rows=7798 loops=1)
  ->  Seq Scan on movie_companies mc  (cost=0.00..57926.93 rows=3856 width=4) (actual time=470.104..867.036 rows=8606 loops=1)
        Filter: ((company_id = 596) AND (company_type_id = 2))
        Rows Removed by Filter: 2600523
  ->  Index Scan using title_pkey on title t  (cost=0.43..7.54 rows=1 width=4) (actual time=0.011..0.011 rows=1 loops=8606)
        Index Cond: (id = mc.movie_id)
        Filter: (kind_id = 7)
        Rows Removed by Filter: 0
Planning time: 0.753 ms
Execution time: 970.216 ms
