Hash Join  (cost=97151.21..202069.44 rows=599776 width=0) (actual time=2222.072..4593.455 rows=366270 loops=1)
  Hash Cond: (mk.movie_id = t.id)
  ->  Seq Scan on movie_keyword mk  (cost=0.00..81003.12 rows=1071294 width=4) (actual time=0.028..1521.293 rows=1081487 loops=1)
        Filter: (keyword_id < 1088)
        Rows Removed by Filter: 3442443
  ->  Hash  (cost=73925.90..73925.90 rows=1415624 width=4) (actual time=2220.906..2220.906 rows=1398720 loops=1)
        Buckets: 131072  Batches: 32  Memory Usage: 2566kB
        ->  Seq Scan on title t  (cost=0.00..73925.90 rows=1415624 width=4) (actual time=0.026..1484.609 rows=1398720 loops=1)
              Filter: ((kind_id > 1) AND (production_year < 2010))
              Rows Removed by Filter: 1129592
Planning time: 0.778 ms
Execution time: 4635.703 ms
