Seq Scan on movie_keyword mk  (cost=0.00..81003.12 rows=3626731 width=0) (actual time=0.024..1401.307 rows=3624547 loops=1)
  Filter: (keyword_id < 20530)
  Rows Removed by Filter: 899383
Planning time: 1.747 ms
Execution time: 1822.534 ms
