Hash Join  (cost=74747.02..156541.07 rows=5124 width=0) (actual time=1974.225..2597.179 rows=1763 loops=1)
  Hash Cond: (mk.movie_id = t.id)
  ->  Seq Scan on movie_keyword mk  (cost=0.00..81003.12 rows=197251 width=4) (actual time=0.037..1348.609 rows=216924 loops=1)
        Filter: (keyword_id < 145)
        Rows Removed by Filter: 4307006
  ->  Hash  (cost=73925.90..73925.90 rows=65689 width=4) (actual time=1183.543..1183.543 rows=74524 loops=1)
        Buckets: 131072  Batches: 1  Memory Usage: 3644kB
        ->  Seq Scan on title t  (cost=0.00..73925.90 rows=65689 width=4) (actual time=123.283..1153.802 rows=74524 loops=1)
              Filter: ((kind_id = 7) AND (production_year = 2006))
              Rows Removed by Filter: 2453788
Planning time: 0.749 ms
Execution time: 2597.679 ms
