Hash Join  (cost=58375.58..809167.75 rows=301 width=0) (actual time=973.712..17020.774 rows=261 loops=1)
  Hash Cond: (ci.movie_id = t.id)
  ->  Seq Scan on cast_info ci  (cost=0.00..614943.12 rows=36225612 width=4) (actual time=0.015..9280.741 rows=36244344 loops=1)
  ->  Hash  (cost=58375.31..58375.31 rows=21 width=8) (actual time=894.966..894.966 rows=13 loops=1)
        Buckets: 1024  Batches: 1  Memory Usage: 9kB
        ->  Nested Loop  (cost=0.43..58375.31 rows=21 width=8) (actual time=5.613..894.941 rows=13 loops=1)
              ->  Seq Scan on movie_companies mc  (cost=0.00..57926.93 rows=53 width=4) (actual time=5.572..892.927 rows=50 loops=1)
                    Filter: ((company_type_id > 1) AND (company_id = 425))
                    Rows Removed by Filter: 2609079
              ->  Index Scan using title_pkey on title t  (cost=0.43..8.45 rows=1 width=4) (actual time=0.037..0.037 rows=0 loops=50)
                    Index Cond: (id = mc.movie_id)
                    Filter: (production_year > 2005)
                    Rows Removed by Filter: 1
Planning time: 1.178 ms
Execution time: 17021.168 ms
