Hash Join  (cost=86534.07..225287.65 rows=1374954 width=0) (actual time=2817.939..5015.963 rows=349415 loops=1)
  Hash Cond: (mk.movie_id = t.id)
  ->  Seq Scan on movie_keyword mk  (cost=0.00..69693.30 rows=4523930 width=4) (actual time=0.025..1386.663 rows=4523930 loops=1)
  ->  Hash  (cost=73925.90..73925.90 rows=768493 width=4) (actual time=1567.893..1567.893 rows=840010 loops=1)
        Buckets: 131072  Batches: 16  Memory Usage: 2883kB
        ->  Seq Scan on title t  (cost=0.00..73925.90 rows=768493 width=4) (actual time=0.018..1302.477 rows=840010 loops=1)
              Filter: ((production_year > 2002) AND (kind_id = 7))
              Rows Removed by Filter: 1688302
Planning time: 0.735 ms
Execution time: 5058.210 ms
