Seq Scan on cast_info ci  (cost=0.00..796071.18 rows=495 width=0) (actual time=1651.142..15170.875 rows=118 loops=1)
  Filter: ((role_id < 11) AND (person_id = 2065790))
  Rows Removed by Filter: 36244226
Planning time: 0.407 ms
Execution time: 15171.044 ms
