Hash Join  (cost=200796.52..627093.56 rows=1017243 width=0) (actual time=5749.972..12619.840 rows=247878 loops=1)
  Hash Cond: (mi.movie_id = t.id)
  ->  Seq Scan on movie_info mi  (cost=0.00..346232.03 rows=5897221 width=4) (actual time=1591.554..6076.928 rows=5884963 loops=1)
        Filter: (info_type_id < 7)
        Rows Removed by Filter: 8950757
  ->  Hash  (cost=193640.54..193640.54 rows=436159 width=8) (actual time=4156.413..4156.413 rows=110476 loops=1)
        Buckets: 131072  Batches: 8  Memory Usage: 1577kB
        ->  Hash Join  (cost=82955.72..193640.54 rows=436159 width=8) (actual time=2401.088..4121.327 rows=110476 loops=1)
              Hash Cond: (mk.movie_id = t.id)
              ->  Seq Scan on movie_keyword mk  (cost=0.00..81003.12 rows=2003761 width=4) (actual time=0.034..1518.205 rows=2007478 loops=1)
                    Filter: (keyword_id < 3575)
                    Rows Removed by Filter: 2516452
              ->  Hash  (cost=73925.90..73925.90 rows=550385 width=4) (actual time=1380.955..1380.955 rows=602403 loops=1)
                    Buckets: 131072  Batches: 8  Memory Usage: 3678kB
                    ->  Seq Scan on title t  (cost=0.00..73925.90 rows=550385 width=4) (actual time=0.014..1192.165 rows=602403 loops=1)
                          Filter: ((production_year > 2006) AND (kind_id = 7))
                          Rows Removed by Filter: 1925909
Planning time: 0.974 ms
Execution time: 12645.508 ms
