Hash Join  (cost=79310.28..208466.15 rows=587183 width=0) (actual time=1681.142..4835.956 rows=112802 loops=1)
  Hash Cond: (mk.movie_id = t.id)
  ->  Seq Scan on movie_keyword mk  (cost=0.00..69693.30 rows=4523930 width=4) (actual time=0.019..1349.076 rows=4523930 loops=1)
  ->  Hash  (cost=73925.90..73925.90 rows=328190 width=4) (actual time=1306.744..1306.744 rows=217611 loops=1)
        Buckets: 131072  Batches: 8  Memory Usage: 1975kB
        ->  Seq Scan on title t  (cost=0.00..73925.90 rows=328190 width=4) (actual time=201.029..1230.735 rows=217611 loops=1)
              Filter: ((production_year < 1982) AND (kind_id = 7))
              Rows Removed by Filter: 2310701
Planning time: 0.789 ms
Execution time: 4846.617 ms
