Seq Scan on cast_info ci  (cost=0.00..705507.15 rows=31578658 width=0) (actual time=0.017..13612.845 rows=31556999 loops=1)
  Filter: (person_id < 3212794)
  Rows Removed by Filter: 4687345
Planning time: 0.246 ms
Execution time: 17493.042 ms
