Hash Join  (cost=515146.11..665662.90 rows=2340476 width=0) (actual time=11200.092..18533.622 rows=16177086 loops=1)
  Hash Cond: (mk.movie_id = t.id)
  ->  Seq Scan on movie_keyword mk  (cost=0.00..69693.30 rows=4523930 width=4) (actual time=0.019..1534.524 rows=4523930 loops=1)
  ->  Hash  (cost=493684.29..493684.29 rows=1308145 width=8) (actual time=11197.854..11197.854 rows=2721924 loops=1)
        Buckets: 131072 (originally 131072)  Batches: 64 (originally 32)  Memory Usage: 3073kB
        ->  Hash Join  (cost=88900.98..493684.29 rows=1308145 width=8) (actual time=1653.277..10392.901 rows=2721924 loops=1)
              Hash Cond: (mi.movie_id = t.id)
              ->  Seq Scan on movie_info mi  (cost=0.00..346232.03 rows=3623957 width=4) (actual time=0.021..6004.488 rows=3624977 loops=1)
                    Filter: (info_type_id < 4)
                    Rows Removed by Filter: 11210743
              ->  Hash  (cost=73925.90..73925.90 rows=912726 width=4) (actual time=1652.490..1652.490 rows=849923 loops=1)
                    Buckets: 131072  Batches: 16  Memory Usage: 2902kB
                    ->  Seq Scan on title t  (cost=0.00..73925.90 rows=912726 width=4) (actual time=0.027..1383.986 rows=849923 loops=1)
                          Filter: ((kind_id < 7) AND (production_year > 1934))
                          Rows Removed by Filter: 1678389
Planning time: 1.088 ms
Execution time: 20119.183 ms
