Hash Join  (cost=365418.15..1770282.31 rows=35398974 width=0) (actual time=10641.996..64512.206 rows=120038573 loops=1)
  Hash Cond: (ci.movie_id = t.id)
  ->  Seq Scan on cast_info ci  (cost=0.00..705507.15 rows=19785289 width=4) (actual time=7.158..15087.945 rows=19667821 loops=1)
        Filter: (person_id < 1971444)
        Rows Removed by Filter: 16576523
  ->  Hash  (cost=291197.02..291197.02 rows=4523930 width=8) (actual time=9749.066..9749.066 rows=4523930 loops=1)
        Buckets: 131072  Batches: 64  Memory Usage: 3816kB
        ->  Hash Join  (cost=102767.86..291197.02 rows=4523930 width=8) (actual time=1838.139..8314.364 rows=4523930 loops=1)
              Hash Cond: (mk.movie_id = t.id)
              ->  Seq Scan on movie_keyword mk  (cost=0.00..69693.30 rows=4523930 width=4) (actual time=0.022..1461.603 rows=4523930 loops=1)
              ->  Hash  (cost=61283.27..61283.27 rows=2528527 width=4) (actual time=1836.805..1836.805 rows=2528312 loops=1)
                    Buckets: 131072  Batches: 64  Memory Usage: 2425kB
                    ->  Seq Scan on title t  (cost=0.00..61283.27 rows=2528527 width=4) (actual time=0.023..1024.424 rows=2528312 loops=1)
Planning time: 1.294 ms
Execution time: 77631.032 ms
