Hash Join  (cost=365418.15..1458523.79 rows=19209770 width=0) (actual time=13475.527..47139.657 rows=66454485 loops=1)
  Hash Cond: (ci.movie_id = t.id)
  ->  Seq Scan on cast_info ci  (cost=0.00..705507.15 rows=10736776 width=4) (actual time=3683.791..12655.449 rows=10742288 loops=1)
        Filter: (person_id > 2633398)
        Rows Removed by Filter: 25502056
  ->  Hash  (cost=291197.02..291197.02 rows=4523930 width=8) (actual time=9789.321..9789.321 rows=4523930 loops=1)
        Buckets: 131072  Batches: 64  Memory Usage: 3816kB
        ->  Hash Join  (cost=102767.86..291197.02 rows=4523930 width=8) (actual time=2603.368..8450.835 rows=4523930 loops=1)
              Hash Cond: (mk.movie_id = t.id)
              ->  Seq Scan on movie_keyword mk  (cost=0.00..69693.30 rows=4523930 width=4) (actual time=0.041..1551.073 rows=4523930 loops=1)
              ->  Hash  (cost=61283.27..61283.27 rows=2528527 width=4) (actual time=2602.407..2602.407 rows=2528312 loops=1)
                    Buckets: 131072  Batches: 64  Memory Usage: 2425kB
                    ->  Seq Scan on title t  (cost=0.00..61283.27 rows=2528527 width=4) (actual time=0.021..1100.220 rows=2528312 loops=1)
Planning time: 0.780 ms
Execution time: 54751.035 ms
