Hash Join  (cost=438999.16..1272619.18 rows=85228 width=0) (actual time=14103.659..25065.771 rows=955572 loops=1)
  Hash Cond: (ci.movie_id = t.id)
  ->  Seq Scan on cast_info ci  (cost=0.00..705507.15 rows=12726058 width=4) (actual time=5927.710..13912.204 rows=12670688 loops=1)
        Filter: (role_id < 2)
        Rows Removed by Filter: 23573656
  ->  Hash  (cost=438787.48..438787.48 rows=16934 width=8) (actual time=8174.615..8174.615 rows=40856 loops=1)
        Buckets: 65536 (originally 32768)  Batches: 1 (originally 1)  Memory Usage: 2108kB
        ->  Hash Join  (cost=73962.22..438787.48 rows=16934 width=8) (actual time=1128.198..8154.058 rows=40856 loops=1)
              Hash Cond: (mi.movie_id = t.id)
              ->  Seq Scan on movie_info mi  (cost=0.00..309384.22 rows=14739122 width=4) (actual time=0.023..4127.194 rows=14835720 loops=1)
              ->  Hash  (cost=73925.90..73925.90 rows=2905 width=4) (actual time=1126.621..1126.621 rows=3427 loops=1)
                    Buckets: 4096  Batches: 1  Memory Usage: 153kB
                    ->  Seq Scan on title t  (cost=0.00..73925.90 rows=2905 width=4) (actual time=3.328..1124.688 rows=3427 loops=1)
                          Filter: ((kind_id < 7) AND (production_year = 1956))
                          Rows Removed by Filter: 2524885
Planning time: 1.266 ms
Execution time: 25179.762 ms
