Hash Join  (cost=155075.81..266945.21 rows=587050 width=0) (actual time=3371.724..6335.472 rows=1900010 loops=1)
  Hash Cond: (mk.movie_id = t.id)
  ->  Seq Scan on movie_keyword mk  (cost=0.00..81003.12 rows=1897275 width=4) (actual time=0.021..1574.466 rows=1908049 loops=1)
        Filter: (keyword_id > 7078)
        Rows Removed by Filter: 2615881
  ->  Hash  (cost=142239.18..142239.18 rows=782370 width=8) (actual time=3370.830..3370.830 rows=698563 loops=1)
        Buckets: 131072  Batches: 16  Memory Usage: 2736kB
        ->  Hash Join  (cost=91123.00..142239.18 rows=782370 width=8) (actual time=1754.128..3200.767 rows=698563 loops=1)
              Hash Cond: (mi_idx.movie_id = t.id)
              ->  Seq Scan on movie_info_idx mi_idx  (cost=0.00..21735.35 rows=1380035 width=4) (actual time=0.017..449.660 rows=1380035 loops=1)
              ->  Hash  (cost=67604.59..67604.59 rows=1433473 width=4) (actual time=1753.059..1753.059 rows=1434466 loops=1)
                    Buckets: 131072  Batches: 32  Memory Usage: 2600kB
                    ->  Seq Scan on title t  (cost=0.00..67604.59 rows=1433473 width=4) (actual time=0.022..1277.674 rows=1434466 loops=1)
                          Filter: (production_year > 1999)
                          Rows Removed by Filter: 1093846
Planning time: 1.174 ms
Execution time: 6558.080 ms
