Seq Scan on movie_keyword mk  (cost=0.00..81003.12 rows=3943641 width=0) (actual time=0.025..1603.412 rows=3946053 loops=1)
  Filter: (keyword_id < 31740)
  Rows Removed by Filter: 577877
Planning time: 0.315 ms
Execution time: 2103.922 ms
