Seq Scan on cast_info ci  (cost=0.00..796071.18 rows=13610049 width=0) (actual time=196.687..14516.075 rows=15502437 loops=1)
  Filter: ((person_id < 1704771) AND (role_id < 7))
  Rows Removed by Filter: 20741907
Planning time: 1.517 ms
Execution time: 16489.785 ms
