Nested Loop  (cost=0.43..709673.15 rows=193 width=0) (actual time=10180.304..11314.634 rows=12 loops=1)
  ->  Seq Scan on cast_info ci  (cost=0.00..705507.15 rows=500 width=4) (actual time=10180.007..11285.792 rows=1214 loops=1)
        Filter: (person_id = 485910)
        Rows Removed by Filter: 36243130
  ->  Index Scan using title_pkey on title t  (cost=0.43..8.32 rows=1 width=4) (actual time=0.023..0.023 rows=0 loops=1214)
        Index Cond: (id = ci.movie_id)
        Filter: (production_year < 1999)
        Rows Removed by Filter: 1
Planning time: 0.883 ms
Execution time: 11314.740 ms
