Seq Scan on movie_companies mc  (cost=0.00..57926.93 rows=4947 width=0) (actual time=0.059..982.114 rows=7120 loops=1)
  Filter: ((company_type_id < 2) AND (company_id = 2561))
  Rows Removed by Filter: 2602009
Planning time: 2.040 ms
Execution time: 983.500 ms
