Seq Scan on movie_keyword mk  (cost=0.00..81003.12 rows=246 width=0) (actual time=0.070..1210.300 rows=1136 loops=1)
  Filter: (keyword_id = 6019)
  Rows Removed by Filter: 4522794
Planning time: 0.326 ms
Execution time: 1210.699 ms
