Seq Scan on movie_keyword mk  (cost=0.00..81003.12 rows=4029818 width=0) (actual time=0.029..1578.452 rows=4035203 loops=1)
  Filter: (keyword_id < 36811)
  Rows Removed by Filter: 488727
Planning time: 0.321 ms
Execution time: 2085.168 ms
