Hash Join  (cost=183746.31..715895.37 rows=3383936 width=0) (actual time=3903.171..18625.640 rows=2338863 loops=1)
  Hash Cond: (mi.movie_id = t.id)
  ->  Seq Scan on movie_info mi  (cost=0.00..346232.03 rows=12928982 width=4) (actual time=0.016..7138.889 rows=12970088 loops=1)
        Filter: (info_type_id < 18)
        Rows Removed by Filter: 1865632
  ->  Hash  (cost=172887.83..172887.83 rows=661798 width=8) (actual time=3902.387..3902.387 rows=325311 loops=1)
        Buckets: 131072  Batches: 16  Memory Usage: 1817kB
        ->  Hash Join  (cost=94574.69..172887.83 rows=661798 width=8) (actual time=1831.710..3808.499 rows=325311 loops=1)
              Hash Cond: (mc.movie_id = t.id)
              ->  Seq Scan on movie_companies mc  (cost=0.00..51404.11 rows=1329612 width=4) (actual time=0.275..1057.434 rows=1334883 loops=1)
                    Filter: (company_type_id > 1)
                    Rows Removed by Filter: 1274246
              ->  Hash  (cost=73925.90..73925.90 rows=1258543 width=4) (actual time=1830.008..1830.008 rows=1221534 loops=1)
                    Buckets: 131072  Batches: 32  Memory Usage: 2363kB
                    ->  Seq Scan on title t  (cost=0.00..73925.90 rows=1258543 width=4) (actual time=0.028..1429.840 rows=1221534 loops=1)
                          Filter: ((production_year < 2011) AND (kind_id = 7))
                          Rows Removed by Filter: 1306778
Planning time: 3.982 ms
Execution time: 18895.807 ms
