Hash Join  (cost=82131.75..162454.58 rows=591817 width=0) (actual time=1706.246..3938.239 rows=864680 loops=1)
  Hash Cond: (mc.movie_id = t.id)
  ->  Seq Scan on movie_companies mc  (cost=0.00..51404.11 rows=1690012 width=4) (actual time=0.020..1055.086 rows=1682224 loops=1)
        Filter: (company_id < 19675)
        Rows Removed by Filter: 926905
  ->  Hash  (cost=67604.59..67604.59 rows=885453 width=4) (actual time=1705.102..1705.102 rows=885650 loops=1)
        Buckets: 131072  Batches: 16  Memory Usage: 2972kB
        ->  Seq Scan on title t  (cost=0.00..67604.59 rows=885453 width=4) (actual time=0.017..1100.005 rows=885650 loops=1)
              Filter: (production_year < 1997)
              Rows Removed by Filter: 1642662
Planning time: 0.791 ms
Execution time: 4035.132 ms
