Hash Join  (cost=440479.92..1394263.90 rows=445145 width=0) (actual time=14697.352..31144.823 rows=1151176 loops=1)
  Hash Cond: (ci.movie_id = t.id)
  ->  Seq Scan on cast_info ci  (cost=0.00..796071.18 rows=13226223 width=4) (actual time=6926.699..16912.609 rows=14277201 loops=1)
        Filter: ((person_id > 635886) AND (role_id > 2))
        Rows Removed by Filter: 21967143
  ->  Hash  (cost=439083.16..439083.16 rows=85101 width=8) (actual time=7769.685..7769.685 rows=283067 loops=1)
        Buckets: 131072 (originally 131072)  Batches: 4 (originally 2)  Memory Usage: 3787kB
        ->  Hash Join  (cost=76718.65..439083.16 rows=85101 width=8) (actual time=3824.487..7674.680 rows=283067 loops=1)
              Hash Cond: (mi.movie_id = t.id)
              ->  Seq Scan on movie_info mi  (cost=0.00..346232.03 rows=1264125 width=4) (actual time=2165.379..5548.852 rows=1288928 loops=1)
                    Filter: (info_type_id = 2)
                    Rows Removed by Filter: 13546792
              ->  Hash  (cost=73925.90..73925.90 rows=170220 width=4) (actual time=1304.354..1304.354 rows=305766 loops=1)
                    Buckets: 131072  Batches: 4  Memory Usage: 3720kB
                    ->  Seq Scan on title t  (cost=0.00..73925.90 rows=170220 width=4) (actual time=0.029..1203.341 rows=305766 loops=1)
                          Filter: ((kind_id < 2) AND (production_year < 1988))
                          Rows Removed by Filter: 2222546
Planning time: 1.444 ms
Execution time: 31266.466 ms
