Hash Join  (cost=73950.44..136565.19 rows=968 width=0) (actual time=1565.910..2429.218 rows=3253 loops=1)
  Hash Cond: (mc.movie_id = t.id)
  ->  Seq Scan on movie_companies mc  (cost=0.00..57926.93 rows=1247503 width=4) (actual time=216.529..1148.490 rows=1274246 loops=1)
        Filter: ((company_id < 180723) AND (company_type_id = 1))
        Rows Removed by Filter: 1334883
  ->  Hash  (cost=73925.90..73925.90 rows=1963 width=4) (actual time=1071.333..1071.333 rows=3109 loops=1)
        Buckets: 4096 (originally 2048)  Batches: 1 (originally 1)  Memory Usage: 142kB
        ->  Seq Scan on title t  (cost=0.00..73925.90 rows=1963 width=4) (actual time=217.782..1069.261 rows=3109 loops=1)
              Filter: ((kind_id = 1) AND (production_year = 1960))
              Rows Removed by Filter: 2525203
Planning time: 1.867 ms
Execution time: 2429.865 ms
