Hash Join  (cost=73982.55..168045.09 rows=6212 width=0) (actual time=2809.907..3438.193 rows=3664 loops=1)
  Hash Cond: (mk.movie_id = t.id)
  ->  Seq Scan on movie_keyword mk  (cost=0.00..81003.12 rows=3465945 width=4) (actual time=0.021..1591.952 rows=3459650 loops=1)
        Filter: (keyword_id > 1060)
        Rows Removed by Filter: 1064280
  ->  Hash  (cost=73925.90..73925.90 rows=4532 width=4) (actual time=1298.898..1298.898 rows=7822 loops=1)
        Buckets: 8192  Batches: 1  Memory Usage: 339kB
        ->  Seq Scan on title t  (cost=0.00..73925.90 rows=4532 width=4) (actual time=0.294..1295.092 rows=7822 loops=1)
              Filter: ((kind_id = 7) AND (production_year = 1974))
              Rows Removed by Filter: 2520490
Planning time: 0.714 ms
Execution time: 3438.771 ms
