Seq Scan on title t  (cost=0.00..73925.90 rows=79303 width=0) (actual time=0.027..810.616 rows=87135 loops=1)
  Filter: ((production_year > 1960) AND (kind_id = 2))
  Rows Removed by Filter: 2441177
Planning time: 0.436 ms
Execution time: 821.347 ms
