Hash Join  (cost=155768.42..1223660.24 rows=3318365 width=0) (actual time=3410.788..36385.124 rows=11353442 loops=1)
  Hash Cond: (ci.movie_id = t.id)
  ->  Seq Scan on cast_info ci  (cost=0.00..614943.12 rows=36225612 width=4) (actual time=0.017..12955.479 rows=36244344 loops=1)
  ->  Hash  (cost=151968.17..151968.17 rows=231620 width=8) (actual time=3409.953..3409.953 rows=475783 loops=1)
        Buckets: 131072 (originally 131072)  Batches: 8 (originally 4)  Memory Usage: 3356kB
        ->  Hash Join  (cost=81152.82..151968.17 rows=231620 width=8) (actual time=2059.172..3259.954 rows=475783 loops=1)
              Hash Cond: (mc.movie_id = t.id)
              ->  Seq Scan on movie_companies mc  (cost=0.00..51404.11 rows=1329612 width=4) (actual time=353.595..1016.783 rows=1334883 loops=1)
                    Filter: (company_type_id = 2)
                    Rows Removed by Filter: 1274246
              ->  Hash  (cost=73925.90..73925.90 rows=440473 width=4) (actual time=1351.190..1351.190 rows=473918 loops=1)
                    Buckets: 131072  Batches: 8  Memory Usage: 3117kB
                    ->  Seq Scan on title t  (cost=0.00..73925.90 rows=440473 width=4) (actual time=0.029..1201.996 rows=473918 loops=1)
                          Filter: ((production_year < 2008) AND (kind_id = 1))
                          Rows Removed by Filter: 2054394
Planning time: 1.179 ms
Execution time: 37693.344 ms
