Hash Join  (cost=207261.82..239757.27 rows=61851 width=0) (actual time=4013.116..4864.996 rows=261282 loops=1)
  Hash Cond: (mi_idx.movie_id = t.id)
  ->  Seq Scan on movie_info_idx mi_idx  (cost=0.00..25185.44 rows=464934 width=4) (actual time=0.028..509.180 rows=460185 loops=1)
        Filter: (info_type_id > 100)
        Rows Removed by Filter: 919850
  ->  Hash  (cost=201743.11..201743.11 rows=336377 width=8) (actual time=4012.433..4012.433 rows=352051 loops=1)
        Buckets: 131072  Batches: 8  Memory Usage: 2770kB
        ->  Hash Join  (cost=102767.86..201743.11 rows=336377 width=8) (actual time=1935.423..3905.690 rows=352051 loops=1)
              Hash Cond: (mk.movie_id = t.id)
              ->  Seq Scan on movie_keyword mk  (cost=0.00..81003.12 rows=336377 width=4) (actual time=0.016..1260.798 rows=352051 loops=1)
                    Filter: (keyword_id < 310)
                    Rows Removed by Filter: 4171879
              ->  Hash  (cost=61283.27..61283.27 rows=2528527 width=4) (actual time=1934.638..1934.638 rows=2528312 loops=1)
                    Buckets: 131072  Batches: 64  Memory Usage: 2425kB
                    ->  Seq Scan on title t  (cost=0.00..61283.27 rows=2528527 width=4) (actual time=0.007..1092.105 rows=2528312 loops=1)
Planning time: 1.153 ms
Execution time: 4897.893 ms
