Seq Scan on title t  (cost=0.00..73925.90 rows=52067 width=0) (actual time=453.110..1120.226 rows=174398 loops=1)
  Filter: ((production_year < 1955) AND (kind_id = 1))
  Rows Removed by Filter: 2353914
Planning time: 0.384 ms
Execution time: 1142.970 ms
