Hash Join  (cost=153681.68..1254833.28 rows=2985449 width=0) (actual time=3335.685..33719.808 rows=4238313 loops=1)
  Hash Cond: (ci.movie_id = t.id)
  ->  Seq Scan on cast_info ci  (cost=0.00..705507.15 rows=31554923 width=4) (actual time=0.018..16474.644 rows=31605208 loops=1)
        Filter: (role_id < 10)
        Rows Removed by Filter: 4639136
  ->  Hash  (cost=149756.34..149756.34 rows=239227 width=8) (actual time=3335.017..3335.017 rows=168163 loops=1)
        Buckets: 131072  Batches: 4  Memory Usage: 2681kB
        ->  Hash Join  (cost=71408.55..149756.34 rows=239227 width=8) (actual time=1134.782..3277.815 rows=168163 loops=1)
              Hash Cond: (mc.movie_id = t.id)
              ->  Seq Scan on movie_companies mc  (cost=0.00..44881.29 rows=2609129 width=4) (actual time=0.013..934.112 rows=2609129 loops=1)
              ->  Hash  (cost=67604.59..67604.59 rows=231837 width=4) (actual time=1134.046..1134.046 rows=231649 loops=1)
                    Buckets: 131072  Batches: 4  Memory Usage: 3076kB
                    ->  Seq Scan on title t  (cost=0.00..67604.59 rows=231837 width=4) (actual time=0.016..1056.426 rows=231649 loops=1)
                          Filter: (production_year > 2011)
                          Rows Removed by Filter: 2296663
Planning time: 0.790 ms
Execution time: 34232.300 ms
