Hash Join  (cost=150821.41..289054.76 rows=344531 width=156) (actual time=3830.997..8574.267 rows=1729815 loops=1)
  Hash Cond: (mk.movie_id = t.id)
  ->  Seq Scan on movie_keyword mk  (cost=0.00..69693.30 rows=4523930 width=12) (actual time=0.014..1580.044 rows=4523930 loops=1)
  ->  Hash  (cost=144464.33..144464.33 rows=192566 width=144) (actual time=3829.966..3829.966 rows=233750 loops=1)
        Buckets: 32768  Batches: 16  Memory Usage: 2161kB
        ->  Hash Join  (cost=83505.19..144464.33 rows=192566 width=144) (actual time=1729.133..3674.534 rows=233750 loops=1)
              Hash Cond: (mi_idx.movie_id = t.id)
              ->  Seq Scan on movie_info_idx mi_idx  (cost=0.00..21735.35 rows=1380035 width=50) (actual time=0.020..538.472 rows=1380035 loops=1)
              ->  Hash  (cost=73925.90..73925.90 rows=352823 width=94) (actual time=1728.577..1728.577 rows=302088 loops=1)
                    Buckets: 32768  Batches: 16  Memory Usage: 2330kB
                    ->  Seq Scan on title t  (cost=0.00..73925.90 rows=352823 width=94) (actual time=0.100..1598.008 rows=302088 loops=1)
                          Filter: ((kind_id < 7) AND (production_year > 2006))
                          Rows Removed by Filter: 2226224
Planning time: 1.359 ms
Execution time: 8664.834 ms
