Hash Join  (cost=68113.45..123199.04 rows=42007 width=0) (actual time=1137.242..2520.645 rows=37830 loops=1)
  Hash Cond: (mc.movie_id = t.id)
  ->  Seq Scan on movie_companies mc  (cost=0.00..44881.29 rows=2609129 width=4) (actual time=0.013..700.025 rows=2609129 loops=1)
  ->  Hash  (cost=67604.59..67604.59 rows=40709 width=4) (actual time=1136.908..1136.908 rows=38955 loops=1)
        Buckets: 65536  Batches: 1  Memory Usage: 1882kB
        ->  Seq Scan on title t  (cost=0.00..67604.59 rows=40709 width=4) (actual time=0.047..1120.273 rows=38955 loops=1)
              Filter: (production_year = 1997)
              Rows Removed by Filter: 2489357
Planning time: 0.544 ms
Execution time: 2526.458 ms
