Hash Join  (cost=97041.14..183956.22 rows=25705 width=0) (actual time=1825.215..3692.568 rows=118762 loops=1)
  Hash Cond: (mk.movie_id = t.id)
  ->  Seq Scan on movie_keyword mk  (cost=0.00..69693.30 rows=4523930 width=4) (actual time=0.020..994.508 rows=4523930 loops=1)
  ->  Hash  (cost=96861.55..96861.55 rows=14367 width=8) (actual time=1824.832..1824.832 rows=15632 loops=1)
        Buckets: 16384  Batches: 1  Memory Usage: 739kB
        ->  Hash Join  (cost=68100.81..96861.55 rows=14367 width=8) (actual time=1086.253..1819.027 rows=15632 loops=1)
              Hash Cond: (mi_idx.movie_id = t.id)
              ->  Seq Scan on movie_info_idx mi_idx  (cost=0.00..25185.44 rows=915101 width=4) (actual time=0.026..534.271 rows=919850 loops=1)
                    Filter: (info_type_id < 101)
                    Rows Removed by Filter: 460185
              ->  Hash  (cost=67604.59..67604.59 rows=39698 width=4) (actual time=1085.877..1085.877 rows=36437 loops=1)
                    Buckets: 65536  Batches: 1  Memory Usage: 1793kB
                    ->  Seq Scan on title t  (cost=0.00..67604.59 rows=39698 width=4) (actual time=0.025..1070.595 rows=36437 loops=1)
                          Filter: (production_year = 1995)
                          Rows Removed by Filter: 2491875
Planning time: 0.760 ms
Execution time: 3708.016 ms
