Nested Loop  (cost=0.43..58375.31 rows=21 width=0) (actual time=11.101..907.460 rows=57 loops=1)
  ->  Seq Scan on movie_companies mc  (cost=0.00..57926.93 rows=53 width=4) (actual time=11.043..901.869 rows=57 loops=1)
        Filter: ((company_type_id > 1) AND (company_id = 96660))
        Rows Removed by Filter: 2609072
  ->  Index Scan using title_pkey on title t  (cost=0.43..8.45 rows=1 width=4) (actual time=0.094..0.094 rows=1 loops=57)
        Index Cond: (id = mc.movie_id)
        Filter: (kind_id < 7)
Planning time: 0.786 ms
Execution time: 907.600 ms
