Hash Join  (cost=284553.64..922495.33 rows=13093686 width=0) (actual time=6571.111..45886.808 rows=110293259 loops=1)
  Hash Cond: (mi.movie_id = t.id)
  ->  Seq Scan on movie_info mi  (cost=0.00..309384.22 rows=14739122 width=4) (actual time=0.013..6533.318 rows=14835720 loops=1)
  ->  Hash  (cost=247700.53..247700.53 rows=2246249 width=8) (actual time=6569.835..6569.835 rows=2245871 loops=1)
        Buckets: 131072  Batches: 32  Memory Usage: 3830kB
        ->  Hash Join  (cost=102767.86..247700.53 rows=2246249 width=8) (actual time=2061.859..5891.367 rows=2245871 loops=1)
              Hash Cond: (mk.movie_id = t.id)
              ->  Seq Scan on movie_keyword mk  (cost=0.00..81003.12 rows=2246249 width=4) (actual time=0.017..1635.484 rows=2245871 loops=1)
                    Filter: (keyword_id < 4629)
                    Rows Removed by Filter: 2278059
              ->  Hash  (cost=61283.27..61283.27 rows=2528527 width=4) (actual time=2060.676..2060.676 rows=2528312 loops=1)
                    Buckets: 131072  Batches: 64  Memory Usage: 2425kB
                    ->  Seq Scan on title t  (cost=0.00..61283.27 rows=2528527 width=4) (actual time=0.018..1190.288 rows=2528312 loops=1)
Planning time: 1.159 ms
Execution time: 58252.865 ms
