Nested Loop  (cost=0.43..83071.67 rows=246 width=0) (actual time=0.306..1468.198 rows=976 loops=1)
  ->  Seq Scan on movie_keyword mk  (cost=0.00..81003.12 rows=246 width=4) (actual time=0.246..1446.038 rows=976 loops=1)
        Filter: (keyword_id = 8454)
        Rows Removed by Filter: 4522954
  ->  Index Only Scan using title_pkey on title t  (cost=0.43..8.40 rows=1 width=4) (actual time=0.021..0.021 rows=1 loops=976)
        Index Cond: (id = mk.movie_id)
        Heap Fetches: 976
Planning time: 0.737 ms
Execution time: 1468.647 ms
