Hash Join  (cost=83073.21..109983.83 rows=14 width=0) (actual time=1404.792..1668.334 rows=30 loops=1)
  Hash Cond: (mi_idx.movie_id = t.id)
  ->  Seq Scan on movie_info_idx mi_idx  (cost=0.00..21735.35 rows=1380035 width=4) (actual time=0.015..173.598 rows=1380035 loops=1)
  ->  Hash  (cost=83072.90..83072.90 rows=25 width=8) (actual time=1337.298..1337.298 rows=11 loops=1)
        Buckets: 1024  Batches: 1  Memory Usage: 9kB
        ->  Nested Loop  (cost=0.43..83072.90 rows=25 width=8) (actual time=282.408..1337.269 rows=11 loops=1)
              ->  Seq Scan on movie_keyword mk  (cost=0.00..81003.12 rows=246 width=4) (actual time=282.344..1335.613 rows=18 loops=1)
                    Filter: (keyword_id = 71506)
                    Rows Removed by Filter: 4523912
              ->  Index Scan using title_pkey on title t  (cost=0.43..8.40 rows=1 width=4) (actual time=0.086..0.086 rows=1 loops=18)
                    Index Cond: (id = mk.movie_id)
                    Filter: ((kind_id < 2) AND (production_year < 1999))
                    Rows Removed by Filter: 0
Planning time: 1.157 ms
Execution time: 1668.486 ms
