Seq Scan on title t  (cost=0.00..73925.90 rows=1536481 width=0) (actual time=0.019..1301.835 rows=1608778 loops=1)
  Filter: ((kind_id > 3) AND (production_year > 1936))
  Rows Removed by Filter: 919534
Planning time: 0.377 ms
Execution time: 1508.386 ms
