Hash Join  (cost=75919.53..152697.68 rows=125363 width=0) (actual time=1245.809..3515.276 rows=468351 loops=1)
  Hash Cond: (mc.movie_id = t.id)
  ->  Seq Scan on movie_companies mc  (cost=0.00..44881.29 rows=2609129 width=4) (actual time=0.011..958.886 rows=2609129 loops=1)
  ->  Hash  (cost=73925.90..73925.90 rows=121490 width=4) (actual time=1245.100..1245.100 rows=222618 loops=1)
        Buckets: 131072 (originally 131072)  Batches: 4 (originally 2)  Memory Usage: 3073kB
        ->  Seq Scan on title t  (cost=0.00..73925.90 rows=121490 width=4) (actual time=0.018..1159.491 rows=222618 loops=1)
              Filter: ((kind_id < 7) AND (production_year < 1966))
              Rows Removed by Filter: 2305694
Planning time: 0.760 ms
Execution time: 3576.307 ms
