Seq Scan on movie_keyword mk  (cost=0.00..81003.12 rows=246 width=0) (actual time=1.165..1301.296 rows=97 loops=1)
  Filter: (keyword_id = 9720)
  Rows Removed by Filter: 4523833
Planning time: 0.377 ms
Execution time: 1301.472 ms
