Seq Scan on movie_keyword mk  (cost=0.00..81003.12 rows=1813923 width=0) (actual time=0.017..1357.088 rows=1814869 loops=1)
  Filter: (keyword_id > 7649)
  Rows Removed by Filter: 2709061
Planning time: 0.214 ms
Execution time: 1582.156 ms
