Hash Join  (cost=102767.86..281544.53 rows=3652772 width=0) (actual time=1979.875..6584.913 rows=3644779 loops=1)
  Hash Cond: (mk.movie_id = t.id)
  ->  Seq Scan on movie_keyword mk  (cost=0.00..81003.12 rows=3652772 width=4) (actual time=0.029..1716.016 rows=3644779 loops=1)
        Filter: (keyword_id < 20982)
        Rows Removed by Filter: 879151
  ->  Hash  (cost=61283.27..61283.27 rows=2528527 width=4) (actual time=1978.936..1978.936 rows=2528312 loops=1)
        Buckets: 131072  Batches: 64  Memory Usage: 2425kB
        ->  Seq Scan on title t  (cost=0.00..61283.27 rows=2528527 width=4) (actual time=0.022..1104.788 rows=2528312 loops=1)
Planning time: 3.312 ms
Execution time: 6976.609 ms
