Hash Join  (cost=190230.21..1084630.88 rows=5884272 width=0) (actual time=4951.441..28795.858 rows=12595482 loops=1)
  Hash Cond: (ci.movie_id = t.id)
  ->  Seq Scan on cast_info ci  (cost=0.00..705507.15 rows=10781278 width=4) (actual time=0.016..13516.571 rows=10633515 loops=1)
        Filter: (person_id < 1043384)
        Rows Removed by Filter: 25610829
  ->  Hash  (cost=167588.78..167588.78 rows=1380035 width=8) (actual time=4950.561..4950.561 rows=1380035 loops=1)
        Buckets: 131072  Batches: 32  Memory Usage: 2708kB
        ->  Hash Join  (cost=102767.86..167588.78 rows=1380035 width=8) (actual time=2577.681..4543.264 rows=1380035 loops=1)
              Hash Cond: (mi_idx.movie_id = t.id)
              ->  Seq Scan on movie_info_idx mi_idx  (cost=0.00..21735.35 rows=1380035 width=4) (actual time=0.020..477.449 rows=1380035 loops=1)
              ->  Hash  (cost=61283.27..61283.27 rows=2528527 width=4) (actual time=2575.445..2575.445 rows=2528312 loops=1)
                    Buckets: 131072  Batches: 64  Memory Usage: 2415kB
                    ->  Seq Scan on title t  (cost=0.00..61283.27 rows=2528527 width=4) (actual time=0.019..1041.006 rows=2528312 loops=1)
Planning time: 1.269 ms
Execution time: 30318.986 ms
