Hash Join  (cost=183574.25..959395.52 rows=1557042 width=0) (actual time=8266.753..22725.643 rows=9640211 loops=1)
  Hash Cond: (ci.movie_id = t.id)
  ->  Seq Scan on cast_info ci  (cost=0.00..705507.15 rows=4434587 width=4) (actual time=3530.487..12398.281 rows=4475309 loops=1)
        Filter: (person_id > 3244660)
        Rows Removed by Filter: 31769035
  ->  Hash  (cost=169008.76..169008.76 rows=887799 width=8) (actual time=4735.274..4735.274 rows=1702315 loops=1)
        Buckets: 131072 (originally 131072)  Batches: 32 (originally 16)  Memory Usage: 3088kB
        ->  Hash Join  (cost=81720.25..169008.76 rows=887799 width=8) (actual time=1373.251..4212.504 rows=1702315 loops=1)
              Hash Cond: (mc.movie_id = t.id)
              ->  Seq Scan on movie_companies mc  (cost=0.00..44881.29 rows=2609129 width=4) (actual time=0.009..908.374 rows=2609129 loops=1)
              ->  Hash  (cost=67604.59..67604.59 rows=860373 width=4) (actual time=1372.349..1372.349 rows=854214 loops=1)
                    Buckets: 131072  Batches: 16  Memory Usage: 2897kB
                    ->  Seq Scan on title t  (cost=0.00..67604.59 rows=860373 width=4) (actual time=0.032..1105.676 rows=854214 loops=1)
                          Filter: (kind_id < 4)
                          Rows Removed by Filter: 1674098
Planning time: 7.559 ms
Execution time: 23833.522 ms
