Hash Join  (cost=164522.09..515584.74 rows=422 width=0) (actual time=5895.687..8629.985 rows=7451 loops=1)
  Hash Cond: (mi.movie_id = t.id)
  ->  Seq Scan on movie_info mi  (cost=0.00..346232.03 rows=965281 width=4) (actual time=2458.477..5232.945 rows=1019595 loops=1)
        Filter: (info_type_id > 85)
        Rows Removed by Filter: 13816125
  ->  Hash  (cost=164508.28..164508.28 rows=1105 width=8) (actual time=3288.904..3288.904 rows=5104 loops=1)
        Buckets: 8192 (originally 2048)  Batches: 1 (originally 1)  Memory Usage: 264kB
        ->  Hash Join  (cost=67612.84..164508.28 rows=1105 width=8) (actual time=1066.962..3286.562 rows=5104 loops=1)
              Hash Cond: (mk.movie_id = t.id)
              ->  Seq Scan on movie_keyword mk  (cost=0.00..81003.12 rows=4235004 width=4) (actual time=0.029..1588.290 rows=4238223 loops=1)
                    Filter: (keyword_id < 55953)
                    Rows Removed by Filter: 285707
              ->  Hash  (cost=67604.59..67604.59 rows=660 width=4) (actual time=1066.372..1066.372 rows=3515 loops=1)
                    Buckets: 4096 (originally 1024)  Batches: 1 (originally 1)  Memory Usage: 156kB
                    ->  Seq Scan on title t  (cost=0.00..67604.59 rows=660 width=4) (actual time=0.698..1064.555 rows=3515 loops=1)
                          Filter: (production_year > 2013)
                          Rows Removed by Filter: 2524797
Planning time: 1.165 ms
Execution time: 8630.883 ms
