Hash Join  (cost=709678.15..1067421.97 rows=607 width=0) (actual time=15219.405..17247.636 rows=67 loops=1)
  Hash Cond: (mi.movie_id = t.id)
  ->  Seq Scan on movie_info mi  (cost=0.00..346232.03 rows=3068194 width=4) (actual time=4017.364..5720.005 rows=3036719 loops=1)
        Filter: (info_type_id = 16)
        Rows Removed by Filter: 11799001
  ->  Hash  (cost=709671.90..709671.90 rows=500 width=8) (actual time=11112.895..11112.895 rows=41 loops=1)
        Buckets: 1024  Batches: 1  Memory Usage: 10kB
        ->  Nested Loop  (cost=0.43..709671.90 rows=500 width=8) (actual time=3647.485..11112.864 rows=41 loops=1)
              ->  Seq Scan on cast_info ci  (cost=0.00..705507.15 rows=500 width=4) (actual time=3647.343..11112.114 rows=41 loops=1)
                    Filter: (person_id = 3887135)
                    Rows Removed by Filter: 36244303
              ->  Index Only Scan using title_pkey on title t  (cost=0.43..8.32 rows=1 width=4) (actual time=0.016..0.016 rows=1 loops=41)
                    Index Cond: (id = ci.movie_id)
                    Heap Fetches: 41
Planning time: 1.262 ms
Execution time: 17247.737 ms
