Seq Scan on cast_info ci  (cost=0.00..796071.18 rows=128025 width=0) (actual time=1225.117..12096.399 rows=101599 loops=1)
  Filter: ((person_id < 607302) AND (role_id = 6))
  Rows Removed by Filter: 36142745
Planning time: 0.407 ms
Execution time: 12109.099 ms
