Seq Scan on movie_companies mc  (cost=0.00..57926.93 rows=1000245 width=0) (actual time=318.949..1081.399 rows=702700 loops=1)
  Filter: ((company_id < 54446) AND (company_type_id > 1))
  Rows Removed by Filter: 1906429
Planning time: 0.356 ms
Execution time: 1173.664 ms
