Hash Join  (cost=438405.07..1260405.36 rows=76284 width=0) (actual time=7173.487..25157.253 rows=66869 loops=1)
  Hash Cond: (ci.movie_id = t.id)
  ->  Seq Scan on cast_info ci  (cost=0.00..705507.15 rows=30861416 width=4) (actual time=0.016..12465.053 rows=30969177 loops=1)
        Filter: (person_id > 510179)
        Rows Removed by Filter: 5275167
  ->  Hash  (cost=438326.94..438326.94 rows=6250 width=8) (actual time=7170.060..7170.060 rows=5404 loops=1)
        Buckets: 8192  Batches: 1  Memory Usage: 276kB
        ->  Hash Join  (cost=88381.15..438326.94 rows=6250 width=8) (actual time=1687.269..7167.873 rows=5404 loops=1)
              Hash Cond: (mi.movie_id = t.id)
              ->  Seq Scan on movie_info mi  (cost=0.00..346232.03 rows=17937 width=4) (actual time=0.011..5284.785 rows=121863 loops=1)
                    Filter: (info_type_id = 105)
                    Rows Removed by Filter: 14713857
              ->  Hash  (cost=73925.90..73925.90 rows=881060 width=4) (actual time=1683.253..1683.253 rows=795183 loops=1)
                    Buckets: 131072  Batches: 16  Memory Usage: 2779kB
                    ->  Seq Scan on title t  (cost=0.00..73925.90 rows=881060 width=4) (actual time=0.012..1408.693 rows=795183 loops=1)
                          Filter: ((kind_id > 1) AND (production_year < 2003))
                          Rows Removed by Filter: 1733129
Planning time: 1.193 ms
Execution time: 25171.353 ms
