Seq Scan on movie_keyword mk  (cost=0.00..81003.12 rows=246 width=0) (actual time=10.454..1230.719 rows=966 loops=1)
  Filter: (keyword_id = 13787)
  Rows Removed by Filter: 4522964
Planning time: 0.371 ms
Execution time: 1231.125 ms
