Hash Join  (cost=262208.79..1242305.46 rows=11350694 width=0) (actual time=6367.872..32709.714 rows=24769977 loops=1)
  Hash Cond: (ci.movie_id = t.id)
  ->  Seq Scan on cast_info ci  (cost=0.00..705507.15 rows=11832716 width=4) (actual time=0.032..12892.632 rows=11749155 loops=1)
        Filter: (person_id < 1153929)
        Rows Removed by Filter: 24495189
  ->  Hash  (cost=222414.74..222414.74 rows=2425524 width=8) (actual time=6366.809..6366.809 rows=2424644 loops=1)
        Buckets: 131072  Batches: 32  Memory Usage: 3942kB
        ->  Hash Join  (cost=102767.86..222414.74 rows=2425524 width=8) (actual time=1897.047..5641.761 rows=2424644 loops=1)
              Hash Cond: (mc.movie_id = t.id)
              ->  Seq Scan on movie_companies mc  (cost=0.00..51404.11 rows=2425524 width=4) (actual time=0.012..1121.425 rows=2424644 loops=1)
                    Filter: (company_id < 118678)
                    Rows Removed by Filter: 184485
              ->  Hash  (cost=61283.27..61283.27 rows=2528527 width=4) (actual time=1895.935..1895.935 rows=2528312 loops=1)
                    Buckets: 131072  Batches: 64  Memory Usage: 2415kB
                    ->  Seq Scan on title t  (cost=0.00..61283.27 rows=2528527 width=4) (actual time=0.013..1036.651 rows=2528312 loops=1)
Planning time: 1.204 ms
Execution time: 35419.399 ms
