Hash Join  (cost=108812.38..941096.81 rows=211575 width=0) (actual time=6718.875..16106.274 rows=233097 loops=1)
  Hash Cond: (ci.movie_id = t.id)
  ->  Seq Scan on cast_info ci  (cost=0.00..796071.18 rows=9092665 width=4) (actual time=4523.352..12661.095 rows=3880378 loops=1)
        Filter: ((person_id < 1378598) AND (role_id > 1))
        Rows Removed by Filter: 32363966
  ->  Hash  (cost=108076.93..108076.93 rows=58836 width=8) (actual time=2192.332..2192.332 rows=61574 loops=1)
        Buckets: 65536  Batches: 1  Memory Usage: 2918kB
        ->  Hash Join  (cost=69374.09..108076.93 rows=58836 width=8) (actual time=1307.104..2171.848 rows=61574 loops=1)
              Hash Cond: (mi_idx.movie_id = t.id)
              ->  Seq Scan on movie_info_idx mi_idx  (cost=0.00..21735.35 rows=1380035 width=4) (actual time=0.036..391.134 rows=1380035 loops=1)
              ->  Hash  (cost=67604.59..67604.59 rows=107800 width=4) (actual time=1306.305..1306.305 rows=108429 loops=1)
                    Buckets: 131072  Batches: 2  Memory Usage: 2931kB
                    ->  Seq Scan on title t  (cost=0.00..67604.59 rows=107800 width=4) (actual time=0.021..1262.853 rows=108429 loops=1)
                          Filter: (production_year = 2006)
                          Rows Removed by Filter: 2419883
Planning time: 1.210 ms
Execution time: 16142.520 ms
