Hash Join  (cost=110609.25..475481.84 rows=21669 width=0) (actual time=1399.998..8841.513 rows=212486 loops=1)
  Hash Cond: (mi.movie_id = t.id)
  ->  Seq Scan on movie_info mi  (cost=0.00..309384.22 rows=14739122 width=4) (actual time=0.012..4356.480 rows=14835720 loops=1)
  ->  Hash  (cost=110562.79..110562.79 rows=3717 width=8) (actual time=1399.906..1399.906 rows=3407 loops=1)
        Buckets: 4096  Batches: 1  Memory Usage: 166kB
        ->  Nested Loop  (cost=0.43..110562.79 rows=3717 width=8) (actual time=0.605..1397.718 rows=3407 loops=1)
              ->  Seq Scan on movie_keyword mk  (cost=0.00..81003.12 rows=3921 width=4) (actual time=0.560..1272.960 rows=3426 loops=1)
                    Filter: (keyword_id = 562)
                    Rows Removed by Filter: 4520504
              ->  Index Scan using title_pkey on title t  (cost=0.43..7.53 rows=1 width=4) (actual time=0.035..0.035 rows=1 loops=3426)
                    Index Cond: (id = mk.movie_id)
                    Filter: (production_year > 1915)
                    Rows Removed by Filter: 0
Planning time: 1.195 ms
Execution time: 8872.766 ms
