Hash Join  (cost=102767.86..180987.94 rows=432809 width=0) (actual time=1983.712..3392.772 rows=114779 loops=1)
  Hash Cond: (mc.movie_id = t.id)
  ->  Seq Scan on movie_companies mc  (cost=0.00..57926.93 rows=432809 width=4) (actual time=0.021..998.855 rows=114779 loops=1)
        Filter: ((company_id > 22163) AND (company_type_id < 2))
        Rows Removed by Filter: 2494350
  ->  Hash  (cost=61283.27..61283.27 rows=2528527 width=4) (actual time=1981.327..1981.327 rows=2528312 loops=1)
        Buckets: 131072  Batches: 64  Memory Usage: 2415kB
        ->  Seq Scan on title t  (cost=0.00..61283.27 rows=2528527 width=4) (actual time=0.023..1138.471 rows=2528312 loops=1)
Planning time: 0.771 ms
Execution time: 3404.173 ms
