Hash Join  (cost=155846.86..506916.32 rows=9697 width=0) (actual time=3368.226..8453.753 rows=44027 loops=1)
  Hash Cond: (mi.movie_id = t.id)
  ->  Seq Scan on movie_info mi  (cost=0.00..346232.03 rows=1264125 width=4) (actual time=501.034..5252.994 rows=1288928 loops=1)
        Filter: (info_type_id = 2)
        Rows Removed by Filter: 13546792
  ->  Hash  (cost=155604.40..155604.40 rows=19396 width=8) (actual time=2866.245..2866.245 rows=43509 loops=1)
        Buckets: 65536 (originally 32768)  Batches: 1 (originally 1)  Memory Usage: 2212kB
        ->  Hash Join  (cost=70177.20..155604.40 rows=19396 width=8) (actual time=1236.023..2849.676 rows=43509 loops=1)
              Hash Cond: (mk.movie_id = t.id)
              ->  Seq Scan on movie_keyword mk  (cost=0.00..81003.12 rows=312832 width=4) (actual time=0.047..1425.662 rows=334142 loops=1)
                    Filter: (keyword_id < 275)
                    Rows Removed by Filter: 4189788
              ->  Hash  (cost=67604.59..67604.59 rows=156769 width=4) (actual time=1235.007..1235.007 rows=160337 loops=1)
                    Buckets: 131072  Batches: 4  Memory Usage: 2437kB
                    ->  Seq Scan on title t  (cost=0.00..67604.59 rows=156769 width=4) (actual time=0.015..1181.165 rows=160337 loops=1)
                          Filter: (production_year < 1949)
                          Rows Removed by Filter: 2367975
Planning time: 1.151 ms
Execution time: 8460.213 ms
