Hash Join  (cost=151216.33..608445.84 rows=2141704 width=0) (actual time=3405.618..16029.046 rows=5421027 loops=1)
  Hash Cond: (mi.movie_id = t.id)
  ->  Seq Scan on movie_info mi  (cost=0.00..346232.03 rows=7503588 width=4) (actual time=0.012..6581.737 rows=7548855 loops=1)
        Filter: (info_type_id > 7)
        Rows Removed by Filter: 7286865
  ->  Hash  (cost=139375.05..139375.05 rows=721702 width=8) (actual time=3404.529..3404.529 rows=626561 loops=1)
        Buckets: 131072  Batches: 16  Memory Usage: 2558kB
        ->  Hash Join  (cost=89299.55..139375.05 rows=721702 width=8) (actual time=1782.757..3233.886 rows=626561 loops=1)
              Hash Cond: (mi_idx.movie_id = t.id)
              ->  Seq Scan on movie_info_idx mi_idx  (cost=0.00..21735.35 rows=1380035 width=4) (actual time=0.030..454.003 rows=1380035 loops=1)
              ->  Hash  (cost=67604.59..67604.59 rows=1322317 width=4) (actual time=1781.039..1781.039 rows=1322863 loops=1)
                    Buckets: 131072  Batches: 32  Memory Usage: 2481kB
                    ->  Seq Scan on title t  (cost=0.00..67604.59 rows=1322317 width=4) (actual time=0.021..1333.860 rows=1322863 loops=1)
                          Filter: (production_year > 2001)
                          Rows Removed by Filter: 1205449
Planning time: 1.226 ms
Execution time: 16651.859 ms
