Hash Join  (cost=576851.80..1964406.66 rows=21212169 width=0) (actual time=13723.401..65038.198 rows=65504325 loops=1)
  Hash Cond: (ci.movie_id = t.id)
  ->  Seq Scan on cast_info ci  (cost=0.00..614943.12 rows=36225612 width=4) (actual time=0.026..12910.140 rows=36244344 loops=1)
  ->  Hash  (cost=552560.34..552560.34 rows=1480597 width=8) (actual time=13721.322..13721.322 rows=2390588 loops=1)
        Buckets: 131072  Batches: 32  Memory Usage: 3912kB
        ->  Hash Join  (cost=80408.18..552560.34 rows=1480597 width=8) (actual time=1276.029..13010.932 rows=2390588 loops=1)
              Hash Cond: (mi.movie_id = t.id)
              ->  Seq Scan on movie_info mi  (cost=0.00..346232.03 rows=9476311 width=4) (actual time=0.017..6718.989 rows=9565151 loops=1)
                    Filter: (info_type_id < 16)
                    Rows Removed by Filter: 5270569
              ->  Hash  (cost=73925.90..73925.90 rows=395062 width=4) (actual time=1275.150..1275.150 rows=335993 loops=1)
                    Buckets: 131072  Batches: 8  Memory Usage: 2498kB
                    ->  Seq Scan on title t  (cost=0.00..73925.90 rows=395062 width=4) (actual time=0.028..1161.870 rows=335993 loops=1)
                          Filter: ((kind_id < 7) AND (production_year > 2005))
                          Rows Removed by Filter: 2192319
Planning time: 2.184 ms
Execution time: 72420.908 ms
