Hash Join  (cost=1333163.18..2800169.96 rows=70106337 width=0) (actual time=32415.827..89901.683 rows=154362354 loops=1)
  Hash Cond: (mi.movie_id = t.id)
  ->  Seq Scan on movie_info mi  (cost=0.00..346232.03 rows=13929354 width=4) (actual time=0.026..7343.683 rows=14033580 loops=1)
        Filter: (info_type_id > 1)
        Rows Removed by Filter: 802140
  ->  Hash  (cost=1124375.45..1124375.45 rows=12726058 width=8) (actual time=32410.615..32410.615 rows=12670688 loops=1)
        Buckets: 131072  Batches: 256  Memory Usage: 3036kB
        ->  Hash Join  (cost=102767.86..1124375.45 rows=12726058 width=8) (actual time=1801.454..28382.393 rows=12670688 loops=1)
              Hash Cond: (ci.movie_id = t.id)
              ->  Seq Scan on cast_info ci  (cost=0.00..705507.15 rows=12726058 width=4) (actual time=0.021..14283.361 rows=12670688 loops=1)
                    Filter: (role_id < 2)
                    Rows Removed by Filter: 23573656
              ->  Hash  (cost=61283.27..61283.27 rows=2528527 width=4) (actual time=1799.185..1799.185 rows=2528312 loops=1)
                    Buckets: 131072  Batches: 64  Memory Usage: 2415kB
                    ->  Seq Scan on title t  (cost=0.00..61283.27 rows=2528527 width=4) (actual time=0.018..998.634 rows=2528312 loops=1)
Planning time: 1.168 ms
Execution time: 107305.891 ms
