Seq Scan on cast_info ci  (cost=0.00..796071.18 rows=276 width=0) (actual time=10555.278..13341.487 rows=146 loops=1)
  Filter: ((role_id < 3) AND (person_id = 1050736))
  Rows Removed by Filter: 36244198
Planning time: 0.432 ms
Execution time: 13341.618 ms
