Hash Join  (cost=482574.42..525691.38 rows=316148 width=0) (actual time=8337.583..9849.989 rows=399027 loops=1)
  Hash Cond: (mi_idx.movie_id = t.id)
  ->  Seq Scan on movie_info_idx mi_idx  (cost=0.00..21735.35 rows=1380035 width=4) (actual time=0.020..488.988 rows=1380035 loops=1)
  ->  Hash  (cost=473070.76..473070.76 rows=579253 width=8) (actual time=8336.774..8336.774 rows=357652 loops=1)
        Buckets: 131072  Batches: 8  Memory Usage: 2764kB
        ->  Hash Join  (cost=103604.85..473070.76 rows=579253 width=8) (actual time=3016.544..8224.169 rows=357652 loops=1)
              Hash Cond: (mi.movie_id = t.id)
              ->  Seq Scan on movie_info mi  (cost=0.00..346232.03 rows=809669 width=4) (actual time=1054.209..5386.981 rows=802140 loops=1)
                    Filter: (info_type_id = 1)
                    Rows Removed by Filter: 14033580
              ->  Hash  (cost=73925.90..73925.90 rows=1808956 width=4) (actual time=1961.510..1961.510 rows=1799907 loops=1)
                    Buckets: 131072  Batches: 32  Memory Usage: 3013kB
                    ->  Seq Scan on title t  (cost=0.00..73925.90 rows=1808956 width=4) (actual time=0.031..1365.410 rows=1799907 loops=1)
                          Filter: ((kind_id > 1) AND (production_year > 0))
                          Rows Removed by Filter: 728405
Planning time: 1.215 ms
Execution time: 9893.130 ms
