Hash Join  (cost=102767.86..1068757.95 rows=6651010 width=0) (actual time=2440.063..17492.133 rows=2823923 loops=1)
  Hash Cond: (ci.movie_id = t.id)
  ->  Seq Scan on cast_info ci  (cost=0.00..796071.18 rows=6651010 width=4) (actual time=247.571..12937.931 rows=2823923 loops=1)
        Filter: ((person_id < 991389) AND (role_id > 1))
        Rows Removed by Filter: 33420421
  ->  Hash  (cost=61283.27..61283.27 rows=2528527 width=4) (actual time=2191.313..2191.313 rows=2528312 loops=1)
        Buckets: 131072  Batches: 64  Memory Usage: 2415kB
        ->  Seq Scan on title t  (cost=0.00..61283.27 rows=2528527 width=4) (actual time=0.028..1064.870 rows=2528312 loops=1)
Planning time: 0.710 ms
Execution time: 17765.923 ms
