Hash Join  (cost=320915.86..1569344.85 rows=24904489 width=0) (actual time=11279.056..51827.152 rows=80566241 loops=1)
  Hash Cond: (ci.movie_id = t.id)
  ->  Seq Scan on cast_info ci  (cost=0.00..705507.15 rows=20024311 width=4) (actual time=3868.691..15814.375 rows=20122661 loops=1)
        Filter: (role_id < 3)
        Rows Removed by Filter: 16121683
  ->  Hash  (cost=269321.35..269321.35 rows=3144761 width=8) (actual time=7408.211..7408.211 rows=3133124 loops=1)
        Buckets: 131072  Batches: 64  Memory Usage: 2960kB
        ->  Hash Join  (cost=102767.86..269321.35 rows=3144761 width=8) (actual time=2026.690..6493.826 rows=3133124 loops=1)
              Hash Cond: (mk.movie_id = t.id)
              ->  Seq Scan on movie_keyword mk  (cost=0.00..81003.12 rows=3144761 width=4) (actual time=0.032..1731.411 rows=3133124 loops=1)
                    Filter: (keyword_id > 1876)
                    Rows Removed by Filter: 1390806
              ->  Hash  (cost=61283.27..61283.27 rows=2528527 width=4) (actual time=2024.068..2024.068 rows=2528312 loops=1)
                    Buckets: 131072  Batches: 64  Memory Usage: 2425kB
                    ->  Seq Scan on title t  (cost=0.00..61283.27 rows=2528527 width=4) (actual time=0.014..1156.840 rows=2528312 loops=1)
Planning time: 1.101 ms
Execution time: 60252.740 ms
