Hash Join  (cost=74080.83..128874.24 rows=12789 width=0) (actual time=1115.521..2345.010 rows=15986 loops=1)
  Hash Cond: (mc.movie_id = t.id)
  ->  Seq Scan on movie_companies mc  (cost=0.00..44881.29 rows=2609129 width=4) (actual time=0.029..694.967 rows=2609129 loops=1)
  ->  Hash  (cost=73925.90..73925.90 rows=12394 width=4) (actual time=1115.185..1115.185 rows=7075 loops=1)
        Buckets: 16384  Batches: 1  Memory Usage: 377kB
        ->  Seq Scan on title t  (cost=0.00..73925.90 rows=12394 width=4) (actual time=0.027..1112.090 rows=7075 loops=1)
              Filter: ((kind_id = 1) AND (production_year = 1998))
              Rows Removed by Filter: 2521237
Planning time: 0.798 ms
Execution time: 2347.656 ms
