Hash Join  (cost=156649.15..1165288.93 rows=2891653 width=0) (actual time=10662.974..30171.046 rows=5948782 loops=1)
  Hash Cond: (ci.movie_id = t.id)
  ->  Seq Scan on cast_info ci  (cost=0.00..796071.18 rows=15726153 width=4) (actual time=7348.095..17604.852 rows=15034008 loops=1)
        Filter: ((person_id < 3850746) AND (role_id > 2))
        Rows Removed by Filter: 21210336
  ->  Hash  (cost=149020.47..149020.47 rows=464934 width=8) (actual time=3313.785..3313.785 rows=460185 loops=1)
        Buckets: 131072  Batches: 8  Memory Usage: 3276kB
        ->  Hash Join  (cost=102767.86..149020.47 rows=464934 width=8) (actual time=1887.217..3170.143 rows=460185 loops=1)
              Hash Cond: (mi_idx.movie_id = t.id)
              ->  Seq Scan on movie_info_idx mi_idx  (cost=0.00..25185.44 rows=464934 width=4) (actual time=0.033..463.298 rows=460185 loops=1)
                    Filter: (info_type_id > 100)
                    Rows Removed by Filter: 919850
              ->  Hash  (cost=61283.27..61283.27 rows=2528527 width=4) (actual time=1886.007..1886.007 rows=2528312 loops=1)
                    Buckets: 131072  Batches: 64  Memory Usage: 2415kB
                    ->  Seq Scan on title t  (cost=0.00..61283.27 rows=2528527 width=4) (actual time=0.019..1062.563 rows=2528312 loops=1)
Planning time: 1.179 ms
Execution time: 30871.354 ms
