Hash Join  (cost=440115.53..516845.13 rows=121808 width=0) (actual time=7545.675..9129.338 rows=213049 loops=1)
  Hash Cond: (mc.movie_id = t.id)
  ->  Seq Scan on movie_companies mc  (cost=0.00..44881.29 rows=2609129 width=4) (actual time=0.016..1054.659 rows=2609129 loops=1)
  ->  Hash  (cost=438177.97..438177.97 rows=118045 width=8) (actual time=7109.825..7109.825 rows=88394 loops=1)
        Buckets: 131072  Batches: 2  Memory Usage: 2751kB
        ->  Hash Join  (cost=81437.64..438177.97 rows=118045 width=8) (actual time=2204.494..7078.602 rows=88394 loops=1)
              Hash Cond: (mi.movie_id = t.id)
              ->  Seq Scan on movie_info mi  (cost=0.00..346232.03 rows=651960 width=4) (actual time=867.553..5391.567 rows=660923 loops=1)
                    Filter: (info_type_id = 18)
                    Rows Removed by Filter: 14174797
              ->  Hash  (cost=73925.90..73925.90 rows=457819 width=4) (actual time=1335.968..1335.968 rows=344212 loops=1)
                    Buckets: 131072  Batches: 8  Memory Usage: 2529kB
                    ->  Seq Scan on title t  (cost=0.00..73925.90 rows=457819 width=4) (actual time=10.803..1219.678 rows=344212 loops=1)
                          Filter: ((production_year < 1993) AND (kind_id = 7))
                          Rows Removed by Filter: 2184100
Planning time: 0.762 ms
Execution time: 9156.704 ms
