Seq Scan on movie_keyword mk  (cost=0.00..81003.12 rows=1596127 width=0) (actual time=0.015..1357.393 rows=1603186 loops=1)
  Filter: (keyword_id < 2485)
  Rows Removed by Filter: 2920744
Planning time: 0.298 ms
Execution time: 1548.516 ms
