Hash Join  (cost=153082.09..1214894.96 rows=2726570 width=0) (actual time=3544.532..37534.945 rows=8434955 loops=1)
  Hash Cond: (ci.movie_id = t.id)
  ->  Seq Scan on cast_info ci  (cost=0.00..614943.12 rows=36225612 width=4) (actual time=0.026..13552.895 rows=36244344 loops=1)
  ->  Hash  (cost=149959.18..149959.18 rows=190313 width=8) (actual time=3543.676..3543.676 rows=445398 loops=1)
        Buckets: 131072 (originally 131072)  Batches: 8 (originally 4)  Memory Usage: 3210kB
        ->  Hash Join  (cost=79863.89..149959.18 rows=190313 width=8) (actual time=1908.185..3398.030 rows=445398 loops=1)
              Hash Cond: (mc.movie_id = t.id)
              ->  Seq Scan on movie_companies mc  (cost=0.00..51404.11 rows=1329612 width=4) (actual time=467.097..1046.940 rows=1334883 loops=1)
                    Filter: (company_type_id = 2)
                    Rows Removed by Filter: 1274246
              ->  Hash  (cost=73925.90..73925.90 rows=361919 width=4) (actual time=1440.112..1440.112 rows=470371 loops=1)
                    Buckets: 131072  Batches: 8  Memory Usage: 3103kB
                    ->  Seq Scan on title t  (cost=0.00..73925.90 rows=361919 width=4) (actual time=0.081..1288.737 rows=470371 loops=1)
                          Filter: ((kind_id < 7) AND (production_year < 1998))
                          Rows Removed by Filter: 2057941
Planning time: 4.154 ms
Execution time: 38486.346 ms
