Hash Join  (cost=102767.86..194760.84 rows=1276238 width=0) (actual time=1951.668..4383.797 rows=1286857 loops=1)
  Hash Cond: (mc.movie_id = t.id)
  ->  Seq Scan on movie_companies mc  (cost=0.00..51404.11 rows=1276238 width=4) (actual time=0.025..1015.547 rows=1286857 loops=1)
        Filter: (company_id > 11373)
        Rows Removed by Filter: 1322272
  ->  Hash  (cost=61283.27..61283.27 rows=2528527 width=4) (actual time=1950.471..1950.471 rows=2528312 loops=1)
        Buckets: 131072  Batches: 64  Memory Usage: 2415kB
        ->  Seq Scan on title t  (cost=0.00..61283.27 rows=2528527 width=4) (actual time=0.017..1115.464 rows=2528312 loops=1)
Planning time: 0.743 ms
Execution time: 4535.409 ms
