Hash Join  (cost=133284.89..597789.80 rows=788070 width=0) (actual time=2805.771..13970.765 rows=1242713 loops=1)
  Hash Cond: (mi.movie_id = t.id)
  ->  Seq Scan on movie_info mi  (cost=0.00..346232.03 rows=9476311 width=4) (actual time=0.016..6714.766 rows=9565151 loops=1)
        Filter: (info_type_id < 16)
        Rows Removed by Filter: 5270569
  ->  Hash  (cost=129834.42..129834.42 rows=210278 width=8) (actual time=2804.944..2804.944 rows=177467 loops=1)
        Buckets: 131072  Batches: 4  Memory Usage: 2768kB
        ->  Hash Join  (cost=92703.08..129834.42 rows=210278 width=8) (actual time=1788.939..2745.023 rows=177467 loops=1)
              Hash Cond: (mi_idx.movie_id = t.id)
              ->  Seq Scan on movie_info_idx mi_idx  (cost=0.00..25185.44 rows=464566 width=4) (actual time=0.025..480.451 rows=459925 loops=1)
                    Filter: (info_type_id = 101)
                    Rows Removed by Filter: 920110
              ->  Hash  (cost=73925.90..73925.90 rows=1144494 width=4) (actual time=1788.142..1788.142 rows=1095581 loops=1)
                    Buckets: 131072  Batches: 16  Memory Usage: 3437kB
                    ->  Seq Scan on title t  (cost=0.00..73925.90 rows=1144494 width=4) (actual time=0.027..1432.868 rows=1095581 loops=1)
                          Filter: ((kind_id > 1) AND (production_year < 2007))
                          Rows Removed by Filter: 1432731
Planning time: 1.288 ms
Execution time: 14116.786 ms
