Seq Scan on movie_keyword mk  (cost=0.00..81003.12 rows=246 width=0) (actual time=2.213..1224.978 rows=652 loops=1)
  Filter: (keyword_id = 2602)
  Rows Removed by Filter: 4523278
Planning time: 0.353 ms
Execution time: 1225.332 ms
