Hash Join  (cost=102767.86..946372.78 rows=1564907 width=0) (actual time=1822.715..15974.301 rows=3122703 loops=1)
  Hash Cond: (ci.movie_id = t.id)
  ->  Seq Scan on cast_info ci  (cost=0.00..796071.18 rows=1564907 width=4) (actual time=0.021..10576.617 rows=3122703 loops=1)
        Filter: ((person_id < 417373) AND (role_id = 1))
        Rows Removed by Filter: 33121641
  ->  Hash  (cost=61283.27..61283.27 rows=2528527 width=4) (actual time=1820.958..1820.958 rows=2528312 loops=1)
        Buckets: 131072  Batches: 64  Memory Usage: 2415kB
        ->  Seq Scan on title t  (cost=0.00..61283.27 rows=2528527 width=4) (actual time=0.024..975.450 rows=2528312 loops=1)
Planning time: 0.798 ms
Execution time: 16328.492 ms
