Seq Scan on cast_info ci  (cost=0.00..705507.15 rows=28062370 width=0) (actual time=0.009..13249.992 rows=28126153 loops=1)
  Filter: (person_id < 2869422)
  Rows Removed by Filter: 8118191
Planning time: 0.359 ms
Execution time: 16661.466 ms
