Seq Scan on movie_keyword mk  (cost=0.00..81003.12 rows=246 width=0) (actual time=23.608..1306.441 rows=192 loops=1)
  Filter: (keyword_id = 8504)
  Rows Removed by Filter: 4523738
Planning time: 0.365 ms
Execution time: 1306.688 ms
