Seq Scan on cast_info ci  (cost=0.00..705507.15 rows=15907002 width=0) (actual time=2134.503..12615.319 rows=16032823 loops=1)
  Filter: (person_id > 2030941)
  Rows Removed by Filter: 20211521
Planning time: 0.342 ms
Execution time: 14582.890 ms
