Seq Scan on movie_companies mc  (cost=0.00..57926.93 rows=51 width=0) (actual time=6.686..882.398 rows=44 loops=1)
  Filter: ((company_type_id < 2) AND (company_id = 2293))
  Rows Removed by Filter: 2609085
Planning time: 0.392 ms
Execution time: 882.524 ms
