Seq Scan on movie_companies mc  (cost=0.00..57926.93 rows=633838 width=0) (actual time=0.347..1014.469 rows=895045 loops=1)
  Filter: ((company_id > 11595) AND (company_type_id = 2))
  Rows Removed by Filter: 1714084
Planning time: 0.366 ms
Execution time: 1125.891 ms
