Hash Join  (cost=102767.86..1655782.22 rows=34810536 width=0) (actual time=1931.727..49316.749 rows=34901945 loops=1)
  Hash Cond: (ci.movie_id = t.id)
  ->  Seq Scan on cast_info ci  (cost=0.00..705507.15 rows=34810536 width=4) (actual time=0.020..17102.546 rows=34901945 loops=1)
        Filter: (person_id > 133758)
        Rows Removed by Filter: 1342399
  ->  Hash  (cost=61283.27..61283.27 rows=2528527 width=4) (actual time=1930.559..1930.559 rows=2528312 loops=1)
        Buckets: 131072  Batches: 64  Memory Usage: 2415kB
        ->  Seq Scan on title t  (cost=0.00..61283.27 rows=2528527 width=4) (actual time=0.018..1072.677 rows=2528312 loops=1)
Planning time: 0.773 ms
Execution time: 53330.171 ms
