Hash Join  (cost=144959.02..284157.30 rows=853398 width=0) (actual time=3251.996..8742.739 rows=8465247 loops=1)
  Hash Cond: (mk.movie_id = t.id)
  ->  Seq Scan on movie_keyword mk  (cost=0.00..81003.12 rows=4117914 width=4) (actual time=0.022..1883.457 rows=4122931 loops=1)
        Filter: (keyword_id < 43262)
        Rows Removed by Filter: 400999
  ->  Hash  (cost=136361.85..136361.85 rows=524013 width=8) (actual time=3250.844..3250.844 rows=954287 loops=1)
        Buckets: 131072 (originally 131072)  Batches: 16 (originally 8)  Memory Usage: 3370kB
        ->  Hash Join  (cost=89678.24..136361.85 rows=524013 width=8) (actual time=1539.522..2972.451 rows=954287 loops=1)
              Hash Cond: (mi_idx.movie_id = t.id)
              ->  Seq Scan on movie_info_idx mi_idx  (cost=0.00..21735.35 rows=1380035 width=4) (actual time=0.019..411.341 rows=1380035 loops=1)
              ->  Hash  (cost=73925.90..73925.90 rows=960107 width=4) (actual time=1538.488..1538.488 rows=977778 loops=1)
                    Buckets: 131072  Batches: 16  Memory Usage: 3172kB
                    ->  Seq Scan on title t  (cost=0.00..73925.90 rows=960107 width=4) (actual time=0.021..1243.056 rows=977778 loops=1)
                          Filter: ((kind_id < 7) AND (production_year > 0))
                          Rows Removed by Filter: 1550534
Planning time: 1.237 ms
Execution time: 9643.125 ms
