Hash Join  (cost=98137.04..1493640.92 rows=24909476 width=0) (actual time=1809.831..44133.993 rows=24219183 loops=1)
  Hash Cond: (ci.movie_id = t.id)
  ->  Seq Scan on cast_info ci  (cost=0.00..705507.15 rows=33844395 width=4) (actual time=0.017..16980.491 rows=33925654 loops=1)
        Filter: (person_id > 226014)
        Rows Removed by Filter: 2318690
  ->  Hash  (cost=67604.59..67604.59 rows=1860996 width=4) (actual time=1808.343..1808.343 rows=1865487 loops=1)
        Buckets: 131072  Batches: 32  Memory Usage: 3079kB
        ->  Seq Scan on title t  (cost=0.00..67604.59 rows=1860996 width=4) (actual time=0.015..1205.414 rows=1865487 loops=1)
              Filter: (kind_id > 1)
              Rows Removed by Filter: 662825
Planning time: 0.751 ms
Execution time: 46966.263 ms
