Hash Join  (cost=137413.28..207952.33 rows=100928 width=0) (actual time=2878.859..4413.944 rows=102410 loops=1)
  Hash Cond: (mc.movie_id = t.id)
  ->  Seq Scan on movie_companies mc  (cost=0.00..57926.93 rows=908490 width=4) (actual time=0.020..1131.023 rows=1096783 loops=1)
        Filter: ((company_id > 1937) AND (company_type_id > 1))
        Rows Removed by Filter: 1512346
  ->  Hash  (cost=132803.96..132803.96 rows=280905 width=8) (actual time=2876.601..2876.601 rows=141906 loops=1)
        Buckets: 131072  Batches: 4  Memory Usage: 2407kB
        ->  Hash Join  (cost=92883.59..132803.96 rows=280905 width=8) (actual time=1832.949..2833.322 rows=141906 loops=1)
              Hash Cond: (mi_idx.movie_id = t.id)
              ->  Seq Scan on movie_info_idx mi_idx  (cost=0.00..25185.44 rows=460978 width=4) (actual time=0.014..486.814 rows=459925 loops=1)
                    Filter: (info_type_id < 100)
                    Rows Removed by Filter: 920110
              ->  Hash  (cost=67604.59..67604.59 rows=1540800 width=4) (actual time=1832.184..1832.184 rows=1543264 loops=1)
                    Buckets: 131072  Batches: 32  Memory Usage: 2722kB
                    ->  Seq Scan on title t  (cost=0.00..67604.59 rows=1540800 width=4) (actual time=0.018..1332.170 rows=1543264 loops=1)
                          Filter: (kind_id = 7)
                          Rows Removed by Filter: 985048
Planning time: 1.188 ms
Execution time: 4422.532 ms
