Hash Join  (cost=154220.20..181193.34 rows=6264 width=0) (actual time=2493.612..3075.721 rows=13034 loops=1)
  Hash Cond: (mi_idx.movie_id = t.id)
  ->  Seq Scan on movie_info_idx mi_idx  (cost=0.00..21735.35 rows=1380035 width=4) (actual time=0.014..305.901 rows=1380035 loops=1)
  ->  Hash  (cost=154076.73..154076.73 rows=11478 width=8) (actual time=2493.139..2493.139 rows=5888 loops=1)
        Buckets: 16384  Batches: 1  Memory Usage: 358kB
        ->  Hash Join  (cost=70241.71..154076.73 rows=11478 width=8) (actual time=1053.215..2490.783 rows=5888 loops=1)
              Hash Cond: (mk.movie_id = t.id)
              ->  Seq Scan on movie_keyword mk  (cost=0.00..81003.12 rows=180563 width=4) (actual time=0.028..1333.079 rows=179550 loops=1)
                    Filter: (keyword_id > 71672)
                    Rows Removed by Filter: 4344380
              ->  Hash  (cost=67604.59..67604.59 rows=160730 width=4) (actual time=1052.174..1052.174 rows=160017 loops=1)
                    Buckets: 131072  Batches: 4  Memory Usage: 2442kB
                    ->  Seq Scan on title t  (cost=0.00..67604.59 rows=160730 width=4) (actual time=0.029..994.516 rows=160017 loops=1)
                          Filter: (production_year = 2011)
                          Rows Removed by Filter: 2368295
Planning time: 1.249 ms
Execution time: 3077.584 ms
