Hash Join  (cost=249426.60..1203910.42 rows=7973337 width=0) (actual time=14700.933..37138.806 rows=37287323 loops=1)
  Hash Cond: (ci.movie_id = t.id)
  ->  Seq Scan on cast_info ci  (cost=0.00..705507.15 rows=12726058 width=4) (actual time=8181.720..14868.886 rows=12670688 loops=1)
        Filter: (role_id < 2)
        Rows Removed by Filter: 23573656
  ->  Hash  (cost=223434.93..223434.93 rows=1584214 width=8) (actual time=6517.303..6517.303 rows=2148405 loops=1)
        Buckets: 131072  Batches: 32  Memory Usage: 3578kB
        ->  Hash Join  (cost=82131.75..223434.93 rows=1584214 width=8) (actual time=1906.908..5926.178 rows=2148405 loops=1)
              Hash Cond: (mk.movie_id = t.id)
              ->  Seq Scan on movie_keyword mk  (cost=0.00..69693.30 rows=4523930 width=4) (actual time=0.028..1474.112 rows=4523930 loops=1)
              ->  Hash  (cost=67604.59..67604.59 rows=885453 width=4) (actual time=1906.024..1906.024 rows=885650 loops=1)
                    Buckets: 131072  Batches: 16  Memory Usage: 2979kB
                    ->  Seq Scan on title t  (cost=0.00..67604.59 rows=885453 width=4) (actual time=0.013..1370.794 rows=885650 loops=1)
                          Filter: (production_year < 1997)
                          Rows Removed by Filter: 1642662
Planning time: 1.217 ms
Execution time: 41127.360 ms
