Hash Join  (cost=314460.00..859527.94 rows=8542383 width=0) (actual time=7894.945..27043.159 rows=40318539 loops=1)
  Hash Cond: (mi.movie_id = t.id)
  ->  Seq Scan on movie_info mi  (cost=0.00..346232.03 rows=7235534 width=4) (actual time=611.522..6407.143 rows=7286865 loops=1)
        Filter: (info_type_id < 8)
        Rows Removed by Filter: 7548855
  ->  Hash  (cost=265482.78..265482.78 rows=2985218 width=8) (actual time=7264.369..7264.369 rows=2973501 loops=1)
        Buckets: 131072  Batches: 64  Memory Usage: 2948kB
        ->  Hash Join  (cost=102767.86..265482.78 rows=2985218 width=8) (actual time=2035.795..6331.835 rows=2973501 loops=1)
              Hash Cond: (mk.movie_id = t.id)
              ->  Seq Scan on movie_keyword mk  (cost=0.00..81003.12 rows=2985218 width=4) (actual time=0.032..1686.839 rows=2973501 loops=1)
                    Filter: (keyword_id > 2276)
                    Rows Removed by Filter: 1550429
              ->  Hash  (cost=61283.27..61283.27 rows=2528527 width=4) (actual time=2034.564..2034.564 rows=2528312 loops=1)
                    Buckets: 131072  Batches: 64  Memory Usage: 2425kB
                    ->  Seq Scan on title t  (cost=0.00..61283.27 rows=2528527 width=4) (actual time=0.014..1149.443 rows=2528312 loops=1)
Planning time: 1.170 ms
Execution time: 31332.515 ms
