Seq Scan on cast_info ci  (cost=0.00..796071.18 rows=11961004 width=0) (actual time=7615.885..15726.392 rows=11156192 loops=1)
  Filter: ((person_id > 207695) AND (role_id = 1))
  Rows Removed by Filter: 25088152
Planning time: 0.413 ms
Execution time: 17106.118 ms
