Hash Join  (cost=74369.53..133956.18 rows=5988 width=0) (actual time=1580.756..2164.428 rows=4641 loops=1)
  Hash Cond: (mc.movie_id = t.id)
  ->  Seq Scan on movie_companies mc  (cost=0.00..57926.93 rows=426622 width=4) (actual time=0.017..912.851 rows=611506 loops=1)
        Filter: ((company_id < 2561) AND (company_type_id < 2))
        Rows Removed by Filter: 1997623
  ->  Hash  (cost=73925.90..73925.90 rows=35490 width=4) (actual time=1106.345..1106.345 rows=39698 loops=1)
        Buckets: 65536  Batches: 1  Memory Usage: 1908kB
        ->  Seq Scan on title t  (cost=0.00..73925.90 rows=35490 width=4) (actual time=129.646..1089.966 rows=39698 loops=1)
              Filter: ((kind_id = 7) AND (production_year = 2001))
              Rows Removed by Filter: 2488614
Planning time: 1.517 ms
Execution time: 2165.185 ms
