Hash Join  (cost=83074.74..447745.01 rows=1434 width=0) (actual time=1389.134..8303.740 rows=12468 loops=1)
  Hash Cond: (mi.movie_id = t.id)
  ->  Seq Scan on movie_info mi  (cost=0.00..309384.22 rows=14739122 width=4) (actual time=0.022..4192.167 rows=14835720 loops=1)
  ->  Hash  (cost=83071.67..83071.67 rows=246 width=8) (actual time=1337.380..1337.380 rows=183 loops=1)
        Buckets: 1024  Batches: 1  Memory Usage: 16kB
        ->  Nested Loop  (cost=0.43..83071.67 rows=246 width=8) (actual time=1.832..1337.156 rows=183 loops=1)
              ->  Seq Scan on movie_keyword mk  (cost=0.00..81003.12 rows=246 width=4) (actual time=1.779..1325.506 rows=183 loops=1)
                    Filter: (keyword_id = 4923)
                    Rows Removed by Filter: 4523747
              ->  Index Only Scan using title_pkey on title t  (cost=0.43..8.40 rows=1 width=4) (actual time=0.060..0.060 rows=1 loops=183)
                    Index Cond: (id = mk.movie_id)
                    Heap Fetches: 183
Planning time: 1.289 ms
Execution time: 8306.162 ms
