Hash Join  (cost=221550.30..779703.04 rows=7342581 width=0) (actual time=5067.657..29398.298 rows=47903401 loops=1)
  Hash Cond: (mi.movie_id = t.id)
  ->  Seq Scan on movie_info mi  (cost=0.00..309384.22 rows=14739122 width=4) (actual time=0.011..6064.372 rows=14835720 loops=1)
  ->  Hash  (cost=200883.86..200883.86 rows=1259635 width=8) (actual time=5066.738..5066.738 rows=1274246 loops=1)
        Buckets: 131072  Batches: 32  Memory Usage: 2633kB
        ->  Hash Join  (cost=102767.86..200883.86 rows=1259635 width=8) (actual time=2080.259..4676.089 rows=1274246 loops=1)
              Hash Cond: (mc.movie_id = t.id)
              ->  Seq Scan on movie_companies mc  (cost=0.00..57926.93 rows=1259635 width=4) (actual time=127.845..1220.952 rows=1274246 loops=1)
                    Filter: ((company_id < 199663) AND (company_type_id = 1))
                    Rows Removed by Filter: 1334883
              ->  Hash  (cost=61283.27..61283.27 rows=2528527 width=4) (actual time=1951.110..1951.110 rows=2528312 loops=1)
                    Buckets: 131072  Batches: 64  Memory Usage: 2415kB
                    ->  Seq Scan on title t  (cost=0.00..61283.27 rows=2528527 width=4) (actual time=0.020..1098.438 rows=2528312 loops=1)
Planning time: 0.785 ms
Execution time: 34687.822 ms
