Seq Scan on cast_info ci  (cost=0.00..705507.15 rows=500 width=0) (actual time=6623.222..10128.762 rows=129 loops=1)
  Filter: (person_id = 3532055)
  Rows Removed by Filter: 36244215
Planning time: 0.541 ms
Execution time: 10128.857 ms
