Seq Scan on movie_keyword mk  (cost=0.00..81003.12 rows=2668387 width=0) (actual time=0.025..1518.700 rows=2663198 loops=1)
  Filter: (keyword_id < 7417)
  Rows Removed by Filter: 1860732
Planning time: 0.305 ms
Execution time: 1855.284 ms
