Hash Join  (cost=122789.99..1102677.79 rows=1047576 width=0) (actual time=5404.071..25177.967 rows=2875216 loops=1)
  Hash Cond: (ci.movie_id = t.id)
  ->  Seq Scan on cast_info ci  (cost=0.00..796071.18 rows=14931697 width=4) (actual time=2683.964..15506.082 rows=13204697 loops=1)
        Filter: ((person_id > 1347087) AND (role_id < 4))
        Rows Removed by Filter: 23039647
  ->  Hash  (cost=119879.54..119879.54 rows=177396 width=8) (actual time=2719.039..2719.039 rows=318019 loops=1)
        Buckets: 131072 (originally 131072)  Batches: 8 (originally 4)  Memory Usage: 3073kB
        ->  Hash Join  (cost=83810.17..119879.54 rows=177396 width=8) (actual time=1523.571..2611.376 rows=318019 loops=1)
              Hash Cond: (mi_idx.movie_id = t.id)
              ->  Seq Scan on movie_info_idx mi_idx  (cost=0.00..25185.44 rows=454124 width=4) (actual time=0.037..537.009 rows=459925 loops=1)
                    Filter: (info_type_id = 100)
                    Rows Removed by Filter: 920110
              ->  Hash  (cost=67604.59..67604.59 rows=987727 width=4) (actual time=1522.461..1522.461 rows=985048 loops=1)
                    Buckets: 131072  Batches: 16  Memory Usage: 3188kB
                    ->  Seq Scan on title t  (cost=0.00..67604.59 rows=987727 width=4) (actual time=0.016..1210.126 rows=985048 loops=1)
                          Filter: (kind_id < 7)
                          Rows Removed by Filter: 1543264
Planning time: 1.224 ms
Execution time: 25525.583 ms
