Hash Join  (cost=102767.86..301176.33 rows=4468637 width=0) (actual time=1888.523..7399.174 rows=4472193 loops=1)
  Hash Cond: (mk.movie_id = t.id)
  ->  Seq Scan on movie_keyword mk  (cost=0.00..81003.12 rows=4468637 width=4) (actual time=0.024..1808.959 rows=4472193 loops=1)
        Filter: (keyword_id < 98773)
        Rows Removed by Filter: 51737
  ->  Hash  (cost=61283.27..61283.27 rows=2528527 width=4) (actual time=1886.377..1886.377 rows=2528312 loops=1)
        Buckets: 131072  Batches: 64  Memory Usage: 2425kB
        ->  Seq Scan on title t  (cost=0.00..61283.27 rows=2528527 width=4) (actual time=0.021..1026.627 rows=2528312 loops=1)
Planning time: 0.766 ms
Execution time: 7923.148 ms
