Hash Join  (cost=113110.29..889775.99 rows=455350 width=0) (actual time=2085.017..20814.422 rows=1028960 loops=1)
  Hash Cond: (ci.movie_id = t.id)
  ->  Seq Scan on cast_info ci  (cost=0.00..705507.15 rows=17761349 width=4) (actual time=0.036..12875.911 rows=17614771 loops=1)
        Filter: (person_id < 1743554)
        Rows Removed by Filter: 18629573
  ->  Hash  (cost=112299.99..112299.99 rows=64824 width=8) (actual time=2084.628..2084.628 rows=77903 loops=1)
        Buckets: 131072 (originally 65536)  Batches: 1 (originally 1)  Memory Usage: 4068kB
        ->  Hash Join  (cost=79715.19..112299.99 rows=64824 width=8) (actual time=1277.428..2058.012 rows=77903 loops=1)
              Hash Cond: (mi_idx.movie_id = t.id)
              ->  Seq Scan on movie_info_idx mi_idx  (cost=0.00..25185.44 rows=464566 width=4) (actual time=0.018..512.221 rows=459925 loops=1)
                    Filter: (info_type_id = 101)
                    Rows Removed by Filter: 920110
              ->  Hash  (cost=73925.90..73925.90 rows=352823 width=4) (actual time=1276.299..1276.299 rows=302088 loops=1)
                    Buckets: 131072  Batches: 8  Memory Usage: 2342kB
                    ->  Seq Scan on title t  (cost=0.00..73925.90 rows=352823 width=4) (actual time=0.034..1180.129 rows=302088 loops=1)
                          Filter: ((kind_id < 7) AND (production_year > 2006))
                          Rows Removed by Filter: 2226224
Planning time: 1.245 ms
Execution time: 20953.552 ms
