Seq Scan on title t  (cost=0.00..73925.90 rows=1963 width=0) (actual time=0.169..1106.493 rows=4514 loops=1)
  Filter: ((kind_id = 1) AND (production_year = 1984))
  Rows Removed by Filter: 2523798
Planning time: 0.345 ms
Execution time: 1107.657 ms
