Seq Scan on movie_companies mc  (cost=0.00..51404.11 rows=104 width=0) (actual time=1.634..843.921 rows=171 loops=1)
  Filter: (company_id = 1728)
  Rows Removed by Filter: 2608958
Planning time: 0.349 ms
Execution time: 844.082 ms
