Hash Join  (cost=71587.82..103495.47 rows=44254 width=0) (actual time=1140.712..1893.076 rows=44155 loops=1)
  Hash Cond: (mi_idx.movie_id = t.id)
  ->  Seq Scan on movie_info_idx mi_idx  (cost=0.00..25185.44 rows=460978 width=4) (actual time=0.016..496.647 rows=459925 loops=1)
        Filter: (info_type_id < 100)
        Rows Removed by Filter: 920110
  ->  Hash  (cost=67604.59..67604.59 rows=242739 width=4) (actual time=1139.732..1139.732 rows=241400 loops=1)
        Buckets: 131072  Batches: 4  Memory Usage: 3146kB
        ->  Seq Scan on title t  (cost=0.00..67604.59 rows=242739 width=4) (actual time=0.018..1059.693 rows=241400 loops=1)
              Filter: (production_year < 1960)
              Rows Removed by Filter: 2286912
Planning time: 0.833 ms
Execution time: 1899.249 ms
