Hash Join  (cost=83074.74..109986.57 rows=134 width=0) (actual time=1231.085..1762.288 rows=974 loops=1)
  Hash Cond: (mi_idx.movie_id = t.id)
  ->  Seq Scan on movie_info_idx mi_idx  (cost=0.00..21735.35 rows=1380035 width=4) (actual time=0.013..318.144 rows=1380035 loops=1)
  ->  Hash  (cost=83071.67..83071.67 rows=246 width=8) (actual time=1225.251..1225.251 rows=397 loops=1)
        Buckets: 1024  Batches: 1  Memory Usage: 24kB
        ->  Nested Loop  (cost=0.43..83071.67 rows=246 width=8) (actual time=6.166..1224.920 rows=397 loops=1)
              ->  Seq Scan on movie_keyword mk  (cost=0.00..81003.12 rows=246 width=4) (actual time=6.063..1203.372 rows=397 loops=1)
                    Filter: (keyword_id = 5245)
                    Rows Removed by Filter: 4523533
              ->  Index Only Scan using title_pkey on title t  (cost=0.43..8.40 rows=1 width=4) (actual time=0.052..0.052 rows=1 loops=397)
                    Index Cond: (id = mk.movie_id)
                    Heap Fetches: 397
Planning time: 1.163 ms
Execution time: 1762.551 ms
