Hash Join  (cost=132056.69..259426.03 rows=440530 width=0) (actual time=2867.910..6613.561 rows=2482452 loops=1)
  Hash Cond: (mk.movie_id = t.id)
  ->  Seq Scan on movie_keyword mk  (cost=0.00..69693.30 rows=4523930 width=4) (actual time=0.011..1448.993 rows=4523930 loops=1)
  ->  Hash  (cost=128016.91..128016.91 rows=246222 width=8) (actual time=2866.895..2866.895 rows=297009 loops=1)
        Buckets: 131072  Batches: 4  Memory Usage: 3937kB
        ->  Hash Join  (cost=89762.59..128016.91 rows=246222 width=8) (actual time=1807.188..2787.618 rows=297009 loops=1)
              Hash Cond: (mi_idx.movie_id = t.id)
              ->  Seq Scan on movie_info_idx mi_idx  (cost=0.00..25185.44 rows=460978 width=4) (actual time=0.025..496.303 rows=459925 loops=1)
                    Filter: (info_type_id = 99)
                    Rows Removed by Filter: 920110
              ->  Hash  (cost=67604.59..67604.59 rows=1350560 width=4) (actual time=1805.485..1805.485 rows=1348293 loops=1)
                    Buckets: 131072  Batches: 32  Memory Usage: 2505kB
                    ->  Seq Scan on title t  (cost=0.00..67604.59 rows=1350560 width=4) (actual time=0.016..1360.361 rows=1348293 loops=1)
                          Filter: (production_year < 2005)
                          Rows Removed by Filter: 1180019
Planning time: 1.610 ms
Execution time: 6906.061 ms
