Hash Join  (cost=89678.24..160851.44 rows=395960 width=0) (actual time=2250.278..4030.273 rows=569441 loops=1)
  Hash Cond: (mc.movie_id = t.id)
  ->  Seq Scan on movie_companies mc  (cost=0.00..51404.11 rows=1042795 width=4) (actual time=0.056..912.677 rows=1040757 loops=1)
        Filter: (company_id < 5977)
        Rows Removed by Filter: 1568372
  ->  Hash  (cost=73925.90..73925.90 rows=960107 width=4) (actual time=2249.223..2249.223 rows=977778 loops=1)
        Buckets: 131072  Batches: 16  Memory Usage: 3172kB
        ->  Seq Scan on title t  (cost=0.00..73925.90 rows=960107 width=4) (actual time=0.037..1319.087 rows=977778 loops=1)
              Filter: ((kind_id < 7) AND (production_year > 0))
              Rows Removed by Filter: 1550534
Planning time: 2.141 ms
Execution time: 4100.999 ms
