Hash Join  (cost=70308.29..936314.65 rows=852876 width=0) (actual time=3118.831..20302.445 rows=1066450 loops=1)
  Hash Cond: (ci.movie_id = t.id)
  ->  Seq Scan on cast_info ci  (cost=0.00..705507.15 rows=13087586 width=4) (actual time=1622.836..12695.828 rows=13209593 loops=1)
        Filter: (person_id > 2353298)
        Rows Removed by Filter: 23034751
  ->  Hash  (cost=67604.59..67604.59 rows=164776 width=4) (actual time=1495.224..1495.224 rows=164307 loops=1)
        Buckets: 131072  Batches: 4  Memory Usage: 2482kB
        ->  Seq Scan on title t  (cost=0.00..67604.59 rows=164776 width=4) (actual time=0.018..1186.390 rows=164307 loops=1)
              Filter: (production_year = 2012)
              Rows Removed by Filter: 2364005
Planning time: 1.863 ms
Execution time: 20442.124 ms
