Hash Join  (cost=137720.36..164663.70 rows=1578 width=0) (actual time=2339.464..2784.759 rows=29000 loops=1)
  Hash Cond: (mi_idx.movie_id = t.id)
  ->  Seq Scan on movie_info_idx mi_idx  (cost=0.00..25185.44 rows=464566 width=4) (actual time=0.017..406.175 rows=459925 loops=1)
        Filter: (info_type_id = 101)
        Rows Removed by Filter: 920110
  ->  Hash  (cost=137613.04..137613.04 rows=8586 width=8) (actual time=2241.410..2241.410 rows=58484 loops=1)
        Buckets: 65536 (originally 16384)  Batches: 1 (originally 1)  Memory Usage: 2797kB
        ->  Hash Join  (cost=77602.93..137613.04 rows=8586 width=8) (actual time=1264.903..2221.173 rows=58484 loops=1)
              Hash Cond: (mc.movie_id = t.id)
              ->  Seq Scan on movie_companies mc  (cost=0.00..57926.93 rows=96883 width=4) (actual time=0.017..794.281 rows=190846 loops=1)
                    Filter: ((company_id > 116405) AND (company_type_id > 1))
                    Rows Removed by Filter: 2418283
              ->  Hash  (cost=73925.90..73925.90 rows=224082 width=4) (actual time=1264.127..1264.127 rows=347213 loops=1)
                    Buckets: 131072  Batches: 4  Memory Usage: 4080kB
                    ->  Seq Scan on title t  (cost=0.00..73925.90 rows=224082 width=4) (actual time=481.005..1161.757 rows=347213 loops=1)
                          Filter: ((production_year < 1996) AND (kind_id = 1))
                          Rows Removed by Filter: 2181099
Planning time: 3.188 ms
Execution time: 2789.142 ms
