Hash Join  (cost=120364.77..183912.14 rows=52120 width=0) (actual time=2489.444..3960.513 rows=340069 loops=1)
  Hash Cond: (mc.movie_id = t.id)
  ->  Seq Scan on movie_companies mc  (cost=0.00..51404.11 rows=958682 width=4) (actual time=0.018..922.488 rows=967475 loops=1)
        Filter: (company_id > 17792)
        Rows Removed by Filter: 1641654
  ->  Hash  (cost=118109.43..118109.43 rows=137467 width=8) (actual time=2488.618..2488.618 rows=319116 loops=1)
        Buckets: 131072 (originally 131072)  Batches: 8 (originally 2)  Memory Usage: 3073kB
        ->  Hash Join  (cost=78058.28..118109.43 rows=137467 width=8) (actual time=1243.801..2382.018 rows=319116 loops=1)
              Hash Cond: (mi_idx.movie_id = t.id)
              ->  Seq Scan on movie_info_idx mi_idx  (cost=0.00..21735.35 rows=1380035 width=4) (actual time=0.014..384.047 rows=1380035 loops=1)
              ->  Hash  (cost=73925.90..73925.90 rows=251870 width=4) (actual time=1242.942..1242.942 rows=365623 loops=1)
                    Buckets: 131072 (originally 131072)  Batches: 8 (originally 4)  Memory Usage: 3073kB
                    ->  Seq Scan on title t  (cost=0.00..73925.90 rows=251870 width=4) (actual time=0.015..1120.934 rows=365623 loops=1)
                          Filter: ((kind_id < 7) AND (production_year < 1988))
                          Rows Removed by Filter: 2162689
Planning time: 0.883 ms
Execution time: 3996.263 ms
