Seq Scan on cast_info ci  (cost=0.00..705507.15 rows=500 width=0) (actual time=523.495..9925.349 rows=33 loops=1)
  Filter: (person_id = 2676091)
  Rows Removed by Filter: 36244311
Planning time: 0.300 ms
Execution time: 9925.423 ms
