Hash Join  (cost=243319.60..824280.63 rows=6417308 width=0) (actual time=7452.006..54365.008 rows=140357740 loops=1)
  Hash Cond: (mi.movie_id = t.id)
  ->  Seq Scan on movie_info mi  (cost=0.00..346232.03 rows=12928982 width=4) (actual time=0.023..7473.361 rows=12970088 loops=1)
        Filter: (info_type_id < 18)
        Rows Removed by Filter: 1865632
  ->  Hash  (cost=222728.65..222728.65 rows=1255036 width=8) (actual time=7451.108..7451.108 rows=3357259 loops=1)
        Buckets: 131072 (originally 131072)  Batches: 64 (originally 32)  Memory Usage: 3184kB
        ->  Hash Join  (cost=85435.26..222728.65 rows=1255036 width=8) (actual time=1697.694..6063.608 rows=3357259 loops=1)
              Hash Cond: (mk.movie_id = t.id)
              ->  Seq Scan on movie_keyword mk  (cost=0.00..69693.30 rows=4523930 width=4) (actual time=0.023..1472.616 rows=4523930 loops=1)
              ->  Hash  (cost=73925.90..73925.90 rows=701468 width=4) (actual time=1696.236..1696.236 rows=749931 loops=1)
                    Buckets: 131072  Batches: 16  Memory Usage: 2682kB
                    ->  Seq Scan on title t  (cost=0.00..73925.90 rows=701468 width=4) (actual time=0.021..1415.565 rows=749931 loops=1)
                          Filter: ((kind_id < 7) AND (production_year < 2009))
                          Rows Removed by Filter: 1778381
Planning time: 1.080 ms
Execution time: 70471.920 ms
