Seq Scan on movie_keyword mk  (cost=0.00..81003.12 rows=246 width=0) (actual time=6.380..996.307 rows=127 loops=1)
  Filter: (keyword_id = 20802)
  Rows Removed by Filter: 4523803
Planning time: 0.328 ms
Execution time: 996.499 ms
