Hash Join  (cost=91342.70..465221.97 rows=728145 width=0) (actual time=5667.353..8308.878 rows=859688 loops=1)
  Hash Cond: (mi.movie_id = t.id)
  ->  Seq Scan on movie_info mi  (cost=0.00..346232.03 rows=1272478 width=4) (actual time=3639.226..5154.612 rows=1325361 loops=1)
        Filter: (info_type_id = 8)
        Rows Removed by Filter: 13510359
  ->  Hash  (cost=67604.59..67604.59 rows=1446889 width=4) (actual time=2026.849..2026.849 rows=1443298 loops=1)
        Buckets: 131072  Batches: 32  Memory Usage: 2617kB
        ->  Seq Scan on title t  (cost=0.00..67604.59 rows=1446889 width=4) (actual time=0.038..1306.768 rows=1443298 loops=1)
              Filter: (production_year < 2006)
              Rows Removed by Filter: 1085014
Planning time: 0.826 ms
Execution time: 8409.218 ms
