Seq Scan on cast_info ci  (cost=0.00..796071.18 rows=3354777 width=0) (actual time=11164.585..13938.351 rows=4207783 loops=1)
  Filter: ((person_id > 986147) AND (role_id > 9))
  Rows Removed by Filter: 32036561
Planning time: 0.363 ms
Execution time: 14473.283 ms
