Hash Join  (cost=83073.51..109984.52 rows=54 width=0) (actual time=1541.316..1759.649 rows=15 loops=1)
  Hash Cond: (mi_idx.movie_id = t.id)
  ->  Seq Scan on movie_info_idx mi_idx  (cost=0.00..21735.35 rows=1380035 width=4) (actual time=0.023..325.295 rows=1380035 loops=1)
  ->  Hash  (cost=83072.29..83072.29 rows=98 width=8) (actual time=1180.640..1180.640 rows=5 loops=1)
        Buckets: 1024  Batches: 1  Memory Usage: 9kB
        ->  Nested Loop  (cost=0.43..83072.29 rows=98 width=8) (actual time=717.762..1180.620 rows=5 loops=1)
              ->  Seq Scan on movie_keyword mk  (cost=0.00..81003.12 rows=246 width=4) (actual time=166.417..1179.802 rows=16 loops=1)
                    Filter: (keyword_id = 45449)
                    Rows Removed by Filter: 4523914
              ->  Index Scan using title_pkey on title t  (cost=0.43..8.40 rows=1 width=4) (actual time=0.045..0.045 rows=0 loops=16)
                    Index Cond: (id = mk.movie_id)
                    Filter: (production_year > 2005)
                    Rows Removed by Filter: 1
Planning time: 0.966 ms
Execution time: 1759.791 ms
