Seq Scan on cast_info ci  (cost=0.00..705507.15 rows=500 width=0) (actual time=1431.938..11168.405 rows=106 loops=1)
  Filter: (person_id = 2251104)
  Rows Removed by Filter: 36244238
Planning time: 0.253 ms
Execution time: 11168.495 ms
