Hash Join  (cost=187480.02..313859.57 rows=546930 width=0) (actual time=3527.015..6757.854 rows=820144 loops=1)
  Hash Cond: (mk.movie_id = t.id)
  ->  Seq Scan on movie_keyword mk  (cost=0.00..81003.12 rows=3310165 width=4) (actual time=0.024..1729.381 rows=3302467 loops=1)
        Filter: (keyword_id > 1536)
        Rows Removed by Filter: 1221463
  ->  Hash  (cost=180625.75..180625.75 rows=417782 width=8) (actual time=3523.137..3523.137 rows=234303 loops=1)
        Buckets: 131072  Batches: 8  Memory Usage: 2183kB
        ->  Hash Join  (cost=102767.86..180625.75 rows=417782 width=8) (actual time=2215.912..3454.090 rows=234303 loops=1)
              Hash Cond: (mc.movie_id = t.id)
              ->  Seq Scan on movie_companies mc  (cost=0.00..57926.93 rows=417782 width=4) (actual time=246.965..922.642 rows=234303 loops=1)
                    Filter: ((company_id < 1878) AND (company_type_id = 2))
                    Rows Removed by Filter: 2374826
              ->  Hash  (cost=61283.27..61283.27 rows=2528527 width=4) (actual time=1967.605..1967.605 rows=2528312 loops=1)
                    Buckets: 131072  Batches: 64  Memory Usage: 2415kB
                    ->  Seq Scan on title t  (cost=0.00..61283.27 rows=2528527 width=4) (actual time=0.022..1156.372 rows=2528312 loops=1)
Planning time: 0.956 ms
Execution time: 6851.569 ms
