Hash Join  (cost=875653.24..1259984.60 rows=256317 width=0) (actual time=15829.978..23845.384 rows=353965 loops=1)
  Hash Cond: (mi.movie_id = t.id)
  ->  Seq Scan on movie_info mi  (cost=0.00..346232.03 rows=9476311 width=4) (actual time=853.361..6666.961 rows=9565151 loops=1)
        Filter: (info_type_id < 16)
        Rows Removed by Filter: 5270569
  ->  Hash  (cost=874798.34..874798.34 rows=68392 width=8) (actual time=14975.716..14975.716 rows=47570 loops=1)
        Buckets: 131072  Batches: 1  Memory Usage: 2883kB
        ->  Hash Join  (cost=68449.54..874798.34 rows=68392 width=8) (actual time=11294.508..14955.429 rows=47570 loops=1)
              Hash Cond: (ci.movie_id = t.id)
              ->  Seq Scan on cast_info ci  (cost=0.00..796071.18 rows=2558320 width=4) (actual time=10303.527..13500.535 rows=1563409 loops=1)
                    Filter: ((person_id < 2358293) AND (role_id = 3))
                    Rows Removed by Filter: 34680935
              ->  Hash  (cost=67604.59..67604.59 rows=67596 width=4) (actual time=990.268..990.268 rows=67777 loops=1)
                    Buckets: 131072  Batches: 1  Memory Usage: 3407kB
                    ->  Seq Scan on title t  (cost=0.00..67604.59 rows=67596 width=4) (actual time=0.033..962.585 rows=67777 loops=1)
                          Filter: (production_year = 2003)
                          Rows Removed by Filter: 2460535
Planning time: 1.260 ms
Execution time: 23894.946 ms
