Hash Join  (cost=102767.86..242044.01 rows=2011140 width=0) (actual time=2071.395..5741.429 rows=2015845 loops=1)
  Hash Cond: (mk.movie_id = t.id)
  ->  Seq Scan on movie_keyword mk  (cost=0.00..81003.12 rows=2011140 width=4) (actual time=0.025..1744.490 rows=2015845 loops=1)
        Filter: (keyword_id < 3600)
        Rows Removed by Filter: 2508085
  ->  Hash  (cost=61283.27..61283.27 rows=2528527 width=4) (actual time=2070.682..2070.682 rows=2528312 loops=1)
        Buckets: 131072  Batches: 64  Memory Usage: 2425kB
        ->  Seq Scan on title t  (cost=0.00..61283.27 rows=2528527 width=4) (actual time=0.023..1186.293 rows=2528312 loops=1)
Planning time: 0.703 ms
Execution time: 5979.521 ms
