Hash Join  (cost=77561.16..120936.72 rows=331208 width=0) (actual time=1348.403..2600.555 rows=390330 loops=1)
  Hash Cond: (mi_idx.movie_id = t.id)
  ->  Seq Scan on movie_info_idx mi_idx  (cost=0.00..21735.35 rows=1380035 width=4) (actual time=0.026..443.771 rows=1380035 loops=1)
  ->  Hash  (cost=67604.59..67604.59 rows=606846 width=4) (actual time=1347.578..1347.578 rows=603411 loops=1)
        Buckets: 131072  Batches: 8  Memory Usage: 3668kB
        ->  Seq Scan on title t  (cost=0.00..67604.59 rows=606846 width=4) (actual time=0.008..1157.509 rows=603411 loops=1)
              Filter: (production_year < 1986)
              Rows Removed by Filter: 1924901
Planning time: 0.691 ms
Execution time: 2646.183 ms
