Seq Scan on movie_companies mc  (cost=0.00..51404.11 rows=1816811 width=0) (actual time=0.027..1030.478 rows=1829588 loops=1)
  Filter: (company_id > 1684)
  Rows Removed by Filter: 779541
Planning time: 0.314 ms
Execution time: 1250.622 ms
