Hash Join  (cost=83074.74..137742.81 rows=254 width=0) (actual time=1389.923..2610.668 rows=6965 loops=1)
  Hash Cond: (mc.movie_id = t.id)
  ->  Seq Scan on movie_companies mc  (cost=0.00..44881.29 rows=2609129 width=4) (actual time=0.029..735.494 rows=2609129 loops=1)
  ->  Hash  (cost=83071.67..83071.67 rows=246 width=8) (actual time=1389.560..1389.560 rows=1620 loops=1)
        Buckets: 2048 (originally 1024)  Batches: 1 (originally 1)  Memory Usage: 80kB
        ->  Nested Loop  (cost=0.43..83071.67 rows=246 width=8) (actual time=0.829..1388.445 rows=1620 loops=1)
              ->  Seq Scan on movie_keyword mk  (cost=0.00..81003.12 rows=246 width=4) (actual time=0.771..1301.189 rows=1620 loops=1)
                    Filter: (keyword_id = 2616)
                    Rows Removed by Filter: 4522310
              ->  Index Only Scan using title_pkey on title t  (cost=0.43..8.40 rows=1 width=4) (actual time=0.052..0.053 rows=1 loops=1620)
                    Index Cond: (id = mk.movie_id)
                    Heap Fetches: 1620
Planning time: 1.178 ms
Execution time: 2611.946 ms
