Nested Loop  (cost=0.43..87054.33 rows=18 width=0) (actual time=860.416..1214.325 rows=9 loops=1)
  ->  Seq Scan on movie_companies mc  (cost=0.00..57926.93 rows=3856 width=4) (actual time=0.181..863.827 rows=8606 loops=1)
        Filter: ((company_id = 596) AND (company_type_id = 2))
        Rows Removed by Filter: 2600523
  ->  Index Scan using title_pkey on title t  (cost=0.43..7.54 rows=1 width=4) (actual time=0.040..0.040 rows=0 loops=8606)
        Index Cond: (id = mc.movie_id)
        Filter: ((kind_id < 7) AND (production_year = 1994))
        Rows Removed by Filter: 1
Planning time: 0.801 ms
Execution time: 1214.437 ms
