Hash Join  (cost=228441.26..780226.73 rows=5019161 width=0) (actual time=5307.431..18257.096 rows=2173343 loops=1)
  Hash Cond: (mi.movie_id = t.id)
  ->  Seq Scan on movie_info mi  (cost=0.00..309384.22 rows=14739122 width=4) (actual time=0.024..6169.493 rows=14835720 loops=1)
  ->  Hash  (cost=214314.16..214314.16 rows=861048 width=8) (actual time=5304.838..5304.838 rows=218755 loops=1)
        Buckets: 131072  Batches: 16  Memory Usage: 1571kB
        ->  Hash Join  (cost=81821.64..214314.16 rows=861048 width=8) (actual time=2873.822..4929.810 rows=218755 loops=1)
              Hash Cond: (mk.movie_id = t.id)
              ->  Seq Scan on movie_keyword mk  (cost=0.00..69693.30 rows=4523930 width=4) (actual time=0.026..1479.943 rows=4523930 loops=1)
              ->  Hash  (cost=73925.90..73925.90 rows=481259 width=4) (actual time=1413.608..1413.608 rows=518327 loops=1)
                    Buckets: 131072  Batches: 8  Memory Usage: 3307kB
                    ->  Seq Scan on title t  (cost=0.00..73925.90 rows=481259 width=4) (actual time=0.027..1230.033 rows=518327 loops=1)
                          Filter: ((kind_id > 6) AND (production_year > 2007))
                          Rows Removed by Filter: 2009985
Planning time: 1.753 ms
Execution time: 18490.646 ms
