Nested Loop  (cost=0.43..709671.90 rows=500 width=0) (actual time=2546.485..10353.527 rows=169 loops=1)
  ->  Seq Scan on cast_info ci  (cost=0.00..705507.15 rows=500 width=4) (actual time=2546.315..10344.245 rows=169 loops=1)
        Filter: (person_id = 1963344)
        Rows Removed by Filter: 36244175
  ->  Index Only Scan using title_pkey on title t  (cost=0.43..8.32 rows=1 width=4) (actual time=0.053..0.054 rows=1 loops=169)
        Index Cond: (id = ci.movie_id)
        Heap Fetches: 169
Planning time: 0.753 ms
Execution time: 10353.647 ms
