Hash Join  (cost=121402.33..983217.43 rows=850122 width=0) (actual time=2516.986..25580.504 rows=2332161 loops=1)
  Hash Cond: (ci.movie_id = t.id)
  ->  Seq Scan on cast_info ci  (cost=0.00..705507.15 rows=12726058 width=4) (actual time=0.015..14745.404 rows=12670688 loops=1)
        Filter: (role_id = 1)
        Rows Removed by Filter: 23573656
  ->  Hash  (cost=118630.96..118630.96 rows=168910 width=8) (actual time=2516.259..2516.259 rows=206972 loops=1)
        Buckets: 131072  Batches: 4  Memory Usage: 3051kB
        ->  Hash Join  (cost=82805.75..118630.96 rows=168910 width=8) (actual time=1521.754..2456.082 rows=206972 loops=1)
              Hash Cond: (mi_idx.movie_id = t.id)
              ->  Seq Scan on movie_info_idx mi_idx  (cost=0.00..25185.44 rows=460978 width=4) (actual time=0.013..486.731 rows=459925 loops=1)
                    Filter: (info_type_id = 99)
                    Rows Removed by Filter: 920110
              ->  Hash  (cost=67604.59..67604.59 rows=926493 width=4) (actual time=1520.730..1520.730 rows=924605 loops=1)
                    Buckets: 131072  Batches: 16  Memory Usage: 3056kB
                    ->  Seq Scan on title t  (cost=0.00..67604.59 rows=926493 width=4) (actual time=0.022..1224.726 rows=924605 loops=1)
                          Filter: (production_year < 1998)
                          Rows Removed by Filter: 1603707
Planning time: 3.538 ms
Execution time: 25830.874 ms
