Hash Join  (cost=129448.78..850556.64 rows=60783 width=0) (actual time=5102.187..16816.098 rows=49899 loops=1)
  Hash Cond: (ci.movie_id = t.id)
  ->  Seq Scan on cast_info ci  (cost=0.00..705507.15 rows=3998100 width=4) (actual time=2747.375..13274.869 rows=4008037 loops=1)
        Filter: (role_id = 3)
        Rows Removed by Filter: 32236307
  ->  Hash  (cost=128968.27..128968.27 rows=38441 width=8) (actual time=2354.107..2354.107 rows=71322 loops=1)
        Buckets: 131072 (originally 65536)  Batches: 1 (originally 1)  Memory Usage: 3811kB
        ->  Hash Join  (cost=71711.64..128968.27 rows=38441 width=8) (actual time=1660.380..2327.019 rows=71322 loops=1)
              Hash Cond: (mc.movie_id = t.id)
              ->  Seq Scan on movie_companies mc  (cost=0.00..51404.11 rows=388296 width=4) (actual time=483.640..914.961 rows=393655 loops=1)
                    Filter: (company_id > 82945)
                    Rows Removed by Filter: 2215474
              ->  Hash  (cost=67604.59..67604.59 rows=250324 width=4) (actual time=1168.134..1168.134 rows=252521 loops=1)
                    Buckets: 131072  Batches: 4  Memory Usage: 3244kB
                    ->  Seq Scan on title t  (cost=0.00..67604.59 rows=250324 width=4) (actual time=0.022..1081.438 rows=252521 loops=1)
                          Filter: (production_year < 1961)
                          Rows Removed by Filter: 2275791
Planning time: 0.946 ms
Execution time: 16823.917 ms
