Hash Join  (cost=83810.17..438141.32 rows=107048 width=0) (actual time=3316.520..7575.605 rows=306484 loops=1)
  Hash Cond: (mi.movie_id = t.id)
  ->  Seq Scan on movie_info mi  (cost=0.00..346232.03 rows=274038 width=4) (actual time=1874.909..5516.669 rows=306788 loops=1)
        Filter: (info_type_id > 105)
        Rows Removed by Filter: 14528932
  ->  Hash  (cost=67604.59..67604.59 rows=987727 width=4) (actual time=1411.889..1411.889 rows=985048 loops=1)
        Buckets: 131072  Batches: 16  Memory Usage: 3197kB
        ->  Seq Scan on title t  (cost=0.00..67604.59 rows=987727 width=4) (actual time=0.045..1102.531 rows=985048 loops=1)
              Filter: (kind_id < 7)
              Rows Removed by Filter: 1543264
Planning time: 0.708 ms
Execution time: 7613.998 ms
