Seq Scan on movie_keyword mk  (cost=0.00..81003.12 rows=256198 width=0) (actual time=0.020..1277.515 rows=254995 loops=1)
  Filter: (keyword_id > 59978)
  Rows Removed by Filter: 4268935
Planning time: 0.218 ms
Execution time: 1314.495 ms
