Seq Scan on movie_keyword mk  (cost=0.00..81003.12 rows=246 width=0) (actual time=3.647..1355.514 rows=284 loops=1)
  Filter: (keyword_id = 1203)
  Rows Removed by Filter: 4523646
Planning time: 0.340 ms
Execution time: 1355.759 ms
