Seq Scan on movie_keyword mk  (cost=0.00..81003.12 rows=3304446 width=12) (actual time=0.016..1948.526 rows=3295557 loops=1)
  Filter: (keyword_id > 1556)
  Rows Removed by Filter: 1228373
Planning time: 0.974 ms
Execution time: 2148.443 ms
