Hash Join  (cost=67697.55..158954.79 rows=7980 width=0) (actual time=1014.022..2883.014 rows=29319 loops=1)
  Hash Cond: (mk.movie_id = t.id)
  ->  Seq Scan on movie_keyword mk  (cost=0.00..81003.12 rows=2713151 width=4) (actual time=0.028..1403.859 rows=2710357 loops=1)
        Filter: (keyword_id < 7663)
        Rows Removed by Filter: 1813573
  ->  Hash  (cost=67604.59..67604.59 rows=7437 width=4) (actual time=1013.285..1013.285 rows=19861 loops=1)
        Buckets: 32768 (originally 8192)  Batches: 1 (originally 1)  Memory Usage: 955kB
        ->  Seq Scan on title t  (cost=0.00..67604.59 rows=7437 width=4) (actual time=0.082..1004.018 rows=19861 loops=1)
              Filter: (production_year = 1988)
              Rows Removed by Filter: 2508451
Planning time: 2.848 ms
Execution time: 2887.318 ms
