Hash Join  (cost=93155.63..868003.21 rows=1853255 width=0) (actual time=9223.211..18573.824 rows=1829372 loops=1)
  Hash Cond: (ci.movie_id = t.id)
  ->  Seq Scan on cast_info ci  (cost=0.00..705507.15 rows=3998100 width=4) (actual time=7117.900..13446.618 rows=4008037 loops=1)
        Filter: (role_id = 3)
        Rows Removed by Filter: 32236307
  ->  Hash  (cost=73925.90..73925.90 rows=1172058 width=4) (actual time=2104.167..2104.167 rows=1128906 loops=1)
        Buckets: 131072  Batches: 16  Memory Usage: 3503kB
        ->  Seq Scan on title t  (cost=0.00..73925.90 rows=1172058 width=4) (actual time=0.034..1483.665 rows=1128906 loops=1)
              Filter: ((production_year < 2010) AND (kind_id = 7))
              Rows Removed by Filter: 1399406
Planning time: 0.793 ms
Execution time: 18782.255 ms
