Seq Scan on movie_keyword mk  (cost=0.00..81003.12 rows=246 width=0) (actual time=0.028..1220.024 rows=3016 loops=1)
  Filter: (keyword_id = 3316)
  Rows Removed by Filter: 4520914
Planning time: 0.311 ms
Execution time: 1220.963 ms
