Hash Join  (cost=52284.89..138943.90 rows=97 width=0) (actual time=1746.473..2557.993 rows=10 loops=1)
  Hash Cond: (mk.movie_id = t.id)
  ->  Seq Scan on movie_keyword mk  (cost=0.00..69693.30 rows=4523930 width=4) (actual time=0.024..976.298 rows=4523930 loops=1)
  ->  Hash  (cost=52284.21..52284.21 rows=54 width=8) (actual time=824.683..824.683 rows=1 loops=1)
        Buckets: 1024  Batches: 1  Memory Usage: 9kB
        ->  Nested Loop  (cost=0.43..52284.21 rows=54 width=8) (actual time=618.406..824.672 rows=1 loops=1)
              ->  Seq Scan on movie_companies mc  (cost=0.00..51404.11 rows=104 width=4) (actual time=618.317..824.581 rows=1 loops=1)
                    Filter: (company_id = 10498)
                    Rows Removed by Filter: 2609128
              ->  Index Scan using title_pkey on title t  (cost=0.43..8.45 rows=1 width=4) (actual time=0.083..0.084 rows=1 loops=1)
                    Index Cond: (id = mc.movie_id)
                    Filter: ((kind_id > 1) AND (production_year < 2009))
Planning time: 1.158 ms
Execution time: 2558.147 ms
