Seq Scan on movie_companies mc  (cost=0.00..57926.93 rows=51 width=0) (actual time=283.448..935.407 rows=331 loops=1)
  Filter: ((company_type_id < 2) AND (company_id = 8488))
  Rows Removed by Filter: 2608798
Planning time: 0.350 ms
Execution time: 935.622 ms
