Seq Scan on movie_keyword mk  (cost=0.00..81003.12 rows=246 width=0) (actual time=7.326..1331.257 rows=20 loops=1)
  Filter: (keyword_id = 38989)
  Rows Removed by Filter: 4523910
Planning time: 0.369 ms
Execution time: 1331.353 ms
