Seq Scan on movie_keyword mk  (cost=0.00..81003.12 rows=2108437 width=0) (actual time=0.021..1472.248 rows=2114979 loops=1)
  Filter: (keyword_id < 3853)
  Rows Removed by Filter: 2408951
Planning time: 0.312 ms
Execution time: 1741.348 ms
