Hash Join  (cost=74242.71..101216.83 rows=4656 width=0) (actual time=1154.857..1746.679 rows=7169 loops=1)
  Hash Cond: (mi_idx.movie_id = t.id)
  ->  Seq Scan on movie_info_idx mi_idx  (cost=0.00..25185.44 rows=464566 width=4) (actual time=0.023..480.590 rows=459925 loops=1)
        Filter: (info_type_id = 101)
        Rows Removed by Filter: 920110
  ->  Hash  (cost=73925.90..73925.90 rows=25344 width=4) (actual time=1154.630..1154.630 rows=15457 loops=1)
        Buckets: 32768  Batches: 1  Memory Usage: 800kB
        ->  Seq Scan on title t  (cost=0.00..73925.90 rows=25344 width=4) (actual time=0.021..1147.982 rows=15457 loops=1)
              Filter: ((kind_id = 1) AND (production_year = 2005))
              Rows Removed by Filter: 2512855
Planning time: 0.831 ms
Execution time: 1747.943 ms
