Nested Loop  (cost=0.43..709671.90 rows=500 width=0) (actual time=9501.953..11115.760 rows=1442 loops=1)
  ->  Seq Scan on cast_info ci  (cost=0.00..705507.15 rows=500 width=4) (actual time=9501.849..11088.435 rows=1442 loops=1)
        Filter: (person_id = 3407843)
        Rows Removed by Filter: 36242902
  ->  Index Only Scan using title_pkey on title t  (cost=0.43..8.32 rows=1 width=4) (actual time=0.018..0.018 rows=1 loops=1442)
        Index Cond: (id = ci.movie_id)
        Heap Fetches: 1442
Planning time: 0.747 ms
Execution time: 11116.180 ms
