Seq Scan on movie_companies mc  (cost=0.00..51404.11 rows=844147 width=0) (actual time=149.766..902.512 rows=853467 loops=1)
  Filter: (company_id > 24849)
  Rows Removed by Filter: 1755662
Planning time: 0.392 ms
Execution time: 1012.128 ms
