Seq Scan on movie_companies mc  (cost=0.00..51404.11 rows=334537 width=0) (actual time=397.057..879.272 rows=335979 loops=1)
  Filter: (company_id > 89695)
  Rows Removed by Filter: 2273150
Planning time: 0.368 ms
Execution time: 922.098 ms
