Seq Scan on movie_keyword mk  (cost=0.00..81003.12 rows=1972185 width=0) (actual time=0.021..1505.452 rows=1981409 loops=1)
  Filter: (keyword_id > 6379)
  Rows Removed by Filter: 2542521
Planning time: 0.345 ms
Execution time: 1756.521 ms
