Hash Join  (cost=270481.47..1664782.30 rows=30684871 width=0) (actual time=7192.499..65314.845 rows=115320379 loops=1)
  Hash Cond: (ci.movie_id = t.id)
  ->  Seq Scan on cast_info ci  (cost=0.00..614943.12 rows=36225612 width=4) (actual time=0.019..13177.389 rows=36244344 loops=1)
  ->  Hash  (cost=235342.15..235342.15 rows=2141786 width=8) (actual time=7186.249..7186.249 rows=2772247 loops=1)
        Buckets: 131072 (originally 131072)  Batches: 64 (originally 32)  Memory Usage: 3073kB
        ->  Hash Join  (cost=87245.25..235342.15 rows=2141786 width=8) (actual time=1984.978..6315.441 rows=2772247 loops=1)
              Hash Cond: (mk.movie_id = t.id)
              ->  Seq Scan on movie_keyword mk  (cost=0.00..69693.30 rows=4523930 width=4) (actual time=0.025..1344.274 rows=4523930 loops=1)
              ->  Hash  (cost=67604.59..67604.59 rows=1197093 width=4) (actual time=1983.578..1983.578 rows=1195923 loops=1)
                    Buckets: 131072  Batches: 16  Memory Usage: 3661kB
                    ->  Seq Scan on title t  (cost=0.00..67604.59 rows=1197093 width=4) (actual time=0.036..1304.031 rows=1195923 loops=1)
                          Filter: (production_year < 2003)
                          Rows Removed by Filter: 1332389
Planning time: 1.137 ms
Execution time: 77844.241 ms
