Seq Scan on title t  (cost=0.00..73925.90 rows=2905 width=0) (actual time=0.349..1097.073 rows=3835 loops=1)
  Filter: ((kind_id < 7) AND (production_year = 1959))
  Rows Removed by Filter: 2524477
Planning time: 0.404 ms
Execution time: 1098.170 ms
