Nested Loop  (cost=0.43..83072.90 rows=106 width=0) (actual time=115.309..1205.991 rows=2 loops=1)
  ->  Seq Scan on movie_keyword mk  (cost=0.00..81003.12 rows=246 width=4) (actual time=9.946..1202.628 rows=37 loops=1)
        Filter: (keyword_id = 41333)
        Rows Removed by Filter: 4523893
  ->  Index Scan using title_pkey on title t  (cost=0.43..8.40 rows=1 width=4) (actual time=0.086..0.086 rows=0 loops=37)
        Index Cond: (id = mk.movie_id)
        Filter: ((production_year < 2009) AND (kind_id = 7))
        Rows Removed by Filter: 1
Planning time: 0.816 ms
Execution time: 1206.099 ms
