Hash Join  (cost=105192.26..745918.36 rows=13354627 width=0) (actual time=2122.947..21821.823 rows=12766022 loops=1)
  Hash Cond: (mi.movie_id = t.id)
  ->  Seq Scan on movie_info mi  (cost=0.00..309384.22 rows=14739122 width=4) (actual time=0.023..5890.344 rows=14835720 loops=1)
  ->  Hash  (cost=67604.59..67604.59 rows=2291014 width=4) (actual time=2121.884..2121.884 rows=2281608 loops=1)
        Buckets: 131072  Batches: 32  Memory Usage: 3544kB
        ->  Seq Scan on title t  (cost=0.00..67604.59 rows=2291014 width=4) (actual time=0.025..1348.039 rows=2281608 loops=1)
              Filter: (production_year > 1951)
              Rows Removed by Filter: 246704
Planning time: 7.703 ms
Execution time: 23259.119 ms
