Nested Loop  (cost=0.43..709671.90 rows=500 width=0) (actual time=3600.530..10075.328 rows=212 loops=1)
  ->  Seq Scan on cast_info ci  (cost=0.00..705507.15 rows=500 width=4) (actual time=3600.433..10072.472 rows=212 loops=1)
        Filter: (person_id = 2967660)
        Rows Removed by Filter: 36244132
  ->  Index Only Scan using title_pkey on title t  (cost=0.43..8.32 rows=1 width=4) (actual time=0.012..0.013 rows=1 loops=212)
        Index Cond: (id = ci.movie_id)
        Heap Fetches: 212
Planning time: 0.977 ms
Execution time: 10075.491 ms
