Hash Join  (cost=605537.65..1940803.06 rows=29762294 width=0) (actual time=14572.890..49773.482 rows=36208736 loops=1)
  Hash Cond: (ci.movie_id = t.id)
  ->  Seq Scan on cast_info ci  (cost=0.00..705507.15 rows=20765910 width=4) (actual time=2041.631..14953.836 rows=20911099 loops=1)
        Filter: (person_id > 1510531)
        Rows Removed by Filter: 15333245
  ->  Hash  (cost=546081.18..546081.18 rows=3623957 width=8) (actual time=12529.867..12529.867 rows=3624977 loops=1)
        Buckets: 131072  Batches: 64  Memory Usage: 3234kB
        ->  Hash Join  (cost=102767.86..546081.18 rows=3623957 width=8) (actual time=4234.631..11466.507 rows=3624977 loops=1)
              Hash Cond: (mi.movie_id = t.id)
              ->  Seq Scan on movie_info mi  (cost=0.00..346232.03 rows=3623957 width=4) (actual time=2390.090..5271.198 rows=3624977 loops=1)
                    Filter: (info_type_id < 4)
                    Rows Removed by Filter: 11210743
              ->  Hash  (cost=61283.27..61283.27 rows=2528527 width=4) (actual time=1843.380..1843.380 rows=2528312 loops=1)
                    Buckets: 131072  Batches: 64  Memory Usage: 2425kB
                    ->  Seq Scan on title t  (cost=0.00..61283.27 rows=2528527 width=4) (actual time=0.012..992.929 rows=2528312 loops=1)
Planning time: 1.170 ms
Execution time: 54037.309 ms
