Hash Join  (cost=137077.90..237458.64 rows=214432 width=0) (actual time=3290.184..5404.851 rows=150969 loops=1)
  Hash Cond: (mk.movie_id = t.id)
  ->  Seq Scan on movie_keyword mk  (cost=0.00..81003.12 rows=1355012 width=4) (actual time=0.014..1506.544 rows=1369460 loops=1)
        Filter: (keyword_id < 1806)
        Rows Removed by Filter: 3154470
  ->  Hash  (cost=130512.13..130512.13 rows=400141 width=8) (actual time=3267.683..3267.683 rows=195603 loops=1)
        Buckets: 131072  Batches: 8  Memory Usage: 1979kB
        ->  Hash Join  (cost=85954.24..130512.13 rows=400141 width=8) (actual time=1934.280..3202.155 rows=195603 loops=1)
              Hash Cond: (mi_idx.movie_id = t.id)
              ->  Seq Scan on movie_info_idx mi_idx  (cost=0.00..21735.35 rows=1380035 width=4) (actual time=0.025..452.307 rows=1380035 loops=1)
              ->  Hash  (cost=73925.90..73925.90 rows=733147 width=4) (actual time=1933.030..1933.030 rows=800171 loops=1)
                    Buckets: 131072  Batches: 16  Memory Usage: 2789kB
                    ->  Seq Scan on title t  (cost=0.00..73925.90 rows=733147 width=4) (actual time=0.019..1344.290 rows=800171 loops=1)
                          Filter: ((kind_id > 4) AND (production_year > 2003))
                          Rows Removed by Filter: 1728141
Planning time: 1.187 ms
Execution time: 5422.879 ms
