Hash Join  (cost=102767.86..180469.17 rows=682289 width=0) (actual time=1864.702..3769.019 rows=674060 loops=1)
  Hash Cond: (mc.movie_id = t.id)
  ->  Seq Scan on movie_companies mc  (cost=0.00..51404.11 rows=682289 width=4) (actual time=0.016..948.904 rows=674060 loops=1)
        Filter: (company_id < 1102)
        Rows Removed by Filter: 1935069
  ->  Hash  (cost=61283.27..61283.27 rows=2528527 width=4) (actual time=1863.131..1863.131 rows=2528312 loops=1)
        Buckets: 131072  Batches: 64  Memory Usage: 2415kB
        ->  Seq Scan on title t  (cost=0.00..61283.27 rows=2528527 width=4) (actual time=0.017..1027.430 rows=2528312 loops=1)
Planning time: 19.239 ms
Execution time: 3852.418 ms
