Seq Scan on movie_keyword mk  (cost=0.00..81003.12 rows=3293721 width=0) (actual time=0.013..1472.715 rows=3282327 loops=1)
  Filter: (keyword_id < 14568)
  Rows Removed by Filter: 1241603
Planning time: 0.697 ms
Execution time: 1857.332 ms
