Hash Join  (cost=164971.88..529805.31 rows=17748 width=0) (actual time=2904.989..10405.019 rows=1056848 loops=1)
  Hash Cond: (mi.movie_id = t.id)
  ->  Seq Scan on movie_info mi  (cost=0.00..309384.22 rows=14739122 width=4) (actual time=0.019..4174.412 rows=14835720 loops=1)
  ->  Hash  (cost=164933.82..164933.82 rows=3045 width=8) (actual time=2904.328..2904.328 rows=18796 loops=1)
        Buckets: 32768 (originally 4096)  Batches: 1 (originally 1)  Memory Usage: 991kB
        ->  Hash Join  (cost=73962.22..164933.82 rows=3045 width=8) (actual time=1034.388..2897.134 rows=18796 loops=1)
              Hash Cond: (mk.movie_id = t.id)
              ->  Seq Scan on movie_keyword mk  (cost=0.00..81003.12 rows=2650141 width=4) (actual time=0.016..1452.458 rows=2639405 loops=1)
                    Filter: (keyword_id > 3219)
                    Rows Removed by Filter: 1884525
              ->  Hash  (cost=73925.90..73925.90 rows=2905 width=4) (actual time=1033.050..1033.050 rows=6173 loops=1)
                    Buckets: 8192 (originally 4096)  Batches: 1 (originally 1)  Memory Usage: 282kB
                    ->  Seq Scan on title t  (cost=0.00..73925.90 rows=2905 width=4) (actual time=0.313..1030.141 rows=6173 loops=1)
                          Filter: ((kind_id < 7) AND (production_year = 1971))
                          Rows Removed by Filter: 2522139
Planning time: 1.181 ms
Execution time: 10546.221 ms
