Hash Join  (cost=72333.74..143414.31 rows=107930 width=0) (actual time=1550.345..2943.721 rows=286799 loops=1)
  Hash Cond: (mc.movie_id = t.id)
  ->  Seq Scan on movie_companies mc  (cost=0.00..57926.93 rows=946758 width=4) (actual time=374.003..1099.753 rows=1244753 loops=1)
        Filter: ((company_id < 48041) AND (company_type_id < 2))
        Rows Removed by Filter: 1364376
  ->  Hash  (cost=67604.59..67604.59 rows=288252 width=4) (actual time=1175.233..1175.233 rows=285055 loops=1)
        Buckets: 131072  Batches: 4  Memory Usage: 3527kB
        ->  Seq Scan on title t  (cost=0.00..67604.59 rows=288252 width=4) (actual time=0.019..1080.980 rows=285055 loops=1)
              Filter: (production_year < 1964)
              Rows Removed by Filter: 2243257
Planning time: 0.759 ms
Execution time: 2979.749 ms
