Hash Join  (cost=513038.35..1698303.72 rows=14901014 width=0) (actual time=8907.231..45346.798 rows=24478811 loops=1)
  Hash Cond: (ci.movie_id = t.id)
  ->  Seq Scan on cast_info ci  (cost=0.00..705507.15 rows=28153088 width=4) (actual time=0.018..16079.821 rows=28297660 loops=1)
        Filter: (person_id > 776146)
        Rows Removed by Filter: 7946684
  ->  Hash  (cost=491081.45..491081.45 rows=1338312 width=8) (actual time=8906.395..8906.395 rows=1401902 loops=1)
        Buckets: 131072  Batches: 32  Memory Usage: 2687kB
        ->  Hash Join  (cost=102767.86..491081.45 rows=1338312 width=8) (actual time=2861.463..8492.808 rows=1401902 loops=1)
              Hash Cond: (mi.movie_id = t.id)
              ->  Seq Scan on movie_info mi  (cost=0.00..346232.03 rows=1338312 width=4) (actual time=916.418..5012.279 rows=1401902 loops=1)
                    Filter: (info_type_id = 7)
                    Rows Removed by Filter: 13433818
              ->  Hash  (cost=61283.27..61283.27 rows=2528527 width=4) (actual time=1943.592..1943.592 rows=2528312 loops=1)
                    Buckets: 131072  Batches: 64  Memory Usage: 2425kB
                    ->  Seq Scan on title t  (cost=0.00..61283.27 rows=2528527 width=4) (actual time=0.029..1070.782 rows=2528312 loops=1)
Planning time: 0.775 ms
Execution time: 48096.905 ms
