Hash Join  (cost=67697.55..882321.90 rows=14439 width=0) (actual time=1061.495..13394.227 rows=22993 loops=1)
  Hash Cond: (ci.movie_id = t.id)
  ->  Seq Scan on cast_info ci  (cost=0.00..796071.18 rows=4909008 width=4) (actual time=115.953..11876.663 rows=2084639 loops=1)
        Filter: ((person_id < 724809) AND (role_id > 1))
        Rows Removed by Filter: 34159705
  ->  Hash  (cost=67604.59..67604.59 rows=7437 width=4) (actual time=945.169..945.169 rows=24917 loops=1)
        Buckets: 32768 (originally 8192)  Batches: 1 (originally 1)  Memory Usage: 1132kB
        ->  Seq Scan on title t  (cost=0.00..67604.59 rows=7437 width=4) (actual time=0.075..933.925 rows=24917 loops=1)
              Filter: (production_year = 1992)
              Rows Removed by Filter: 2503395
Planning time: 3.733 ms
Execution time: 13398.354 ms
