Seq Scan on cast_info ci  (cost=0.00..796071.18 rows=2334197 width=0) (actual time=11080.386..13234.507 rows=2859178 loops=1)
  Filter: ((person_id > 1475937) AND (role_id = 3))
  Rows Removed by Filter: 33385166
Planning time: 1.073 ms
Execution time: 13512.195 ms
