Hash Join  (cost=52284.46..399544.17 rows=4 width=0) (actual time=5397.443..6187.361 rows=79 loops=1)
  Hash Cond: (mi.movie_id = t.id)
  ->  Seq Scan on movie_info mi  (cost=0.00..346232.03 rows=274038 width=4) (actual time=4572.523..5325.031 rows=306788 loops=1)
        Filter: (info_type_id > 105)
        Rows Removed by Filter: 14528932
  ->  Hash  (cost=52283.95..52283.95 rows=41 width=8) (actual time=818.279..818.279 rows=64 loops=1)
        Buckets: 1024  Batches: 1  Memory Usage: 11kB
        ->  Nested Loop  (cost=0.43..52283.95 rows=41 width=8) (actual time=4.529..818.207 rows=64 loops=1)
              ->  Seq Scan on movie_companies mc  (cost=0.00..51404.11 rows=104 width=4) (actual time=4.466..812.119 rows=64 loops=1)
                    Filter: (company_id = 14923)
                    Rows Removed by Filter: 2609065
              ->  Index Scan using title_pkey on title t  (cost=0.43..8.45 rows=1 width=4) (actual time=0.091..0.092 rows=1 loops=64)
                    Index Cond: (id = mc.movie_id)
                    Filter: (kind_id < 7)
Planning time: 2.174 ms
Execution time: 6187.536 ms
