Seq Scan on movie_keyword mk  (cost=0.00..81003.12 rows=2193153 width=0) (actual time=0.024..1446.479 rows=2193450 loops=1)
  Filter: (keyword_id > 5133)
  Rows Removed by Filter: 2330480
Planning time: 0.329 ms
Execution time: 1718.387 ms
