Hash Join  (cost=83074.74..833899.15 rows=3524 width=0) (actual time=1355.053..18402.542 rows=26491 loops=1)
  Hash Cond: (ci.movie_id = t.id)
  ->  Seq Scan on cast_info ci  (cost=0.00..614943.12 rows=36225612 width=4) (actual time=0.013..9785.209 rows=36244344 loops=1)
  ->  Hash  (cost=83071.67..83071.67 rows=246 width=8) (actual time=1354.812..1354.812 rows=469 loops=1)
        Buckets: 1024  Batches: 1  Memory Usage: 27kB
        ->  Nested Loop  (cost=0.43..83071.67 rows=246 width=8) (actual time=7.248..1354.388 rows=469 loops=1)
              ->  Seq Scan on movie_keyword mk  (cost=0.00..81003.12 rows=246 width=4) (actual time=7.170..1320.424 rows=469 loops=1)
                    Filter: (keyword_id = 14586)
                    Rows Removed by Filter: 4523461
              ->  Index Only Scan using title_pkey on title t  (cost=0.43..8.40 rows=1 width=4) (actual time=0.070..0.070 rows=1 loops=469)
                    Index Cond: (id = mk.movie_id)
                    Heap Fetches: 469
Planning time: 1.113 ms
Execution time: 18409.965 ms
