Seq Scan on cast_info ci  (cost=0.00..705507.15 rows=500 width=0) (actual time=3710.138..11074.098 rows=18 loops=1)
  Filter: (person_id = 463478)
  Rows Removed by Filter: 36244326
Planning time: 0.333 ms
Execution time: 11074.190 ms
