Hash Join  (cost=75411.94..194490.89 rows=113337 width=0) (actual time=1351.751..4426.092 rows=74778 loops=1)
  Hash Cond: (mk.movie_id = t.id)
  ->  Seq Scan on movie_keyword mk  (cost=0.00..81003.12 rows=3164387 width=4) (actual time=0.019..1706.571 rows=3149821 loops=1)
        Filter: (keyword_id < 12156)
        Rows Removed by Filter: 1374109
  ->  Hash  (cost=73925.90..73925.90 rows=90563 width=4) (actual time=1347.242..1347.242 rows=80990 loops=1)
        Buckets: 131072  Batches: 2  Memory Usage: 2456kB
        ->  Seq Scan on title t  (cost=0.00..73925.90 rows=90563 width=4) (actual time=0.036..1315.328 rows=80990 loops=1)
              Filter: ((kind_id < 7) AND (production_year > 2011))
              Rows Removed by Filter: 2447322
Planning time: 0.722 ms
Execution time: 4435.491 ms
