Hash Join  (cost=230115.35..727606.46 rows=3480674 width=0) (actual time=4719.781..23744.672 rows=33287480 loops=1)
  Hash Cond: (mi.movie_id = t.id)
  ->  Seq Scan on movie_info mi  (cost=0.00..346232.03 rows=9767026 width=4) (actual time=0.020..7185.983 rows=9911754 loops=1)
        Filter: (info_type_id > 4)
        Rows Removed by Filter: 4923966
  ->  Hash  (cost=215331.71..215331.71 rows=901091 width=8) (actual time=4719.083..4719.083 rows=906014 loops=1)
        Buckets: 131072  Batches: 16  Memory Usage: 3329kB
        ->  Hash Join  (cost=102767.86..215331.71 rows=901091 width=8) (actual time=1882.159..4436.669 rows=906014 loops=1)
              Hash Cond: (mk.movie_id = t.id)
              ->  Seq Scan on movie_keyword mk  (cost=0.00..81003.12 rows=901091 width=4) (actual time=0.022..1370.123 rows=906014 loops=1)
                    Filter: (keyword_id < 865)
                    Rows Removed by Filter: 3617916
              ->  Hash  (cost=61283.27..61283.27 rows=2528527 width=4) (actual time=1880.910..1880.910 rows=2528312 loops=1)
                    Buckets: 131072  Batches: 64  Memory Usage: 2425kB
                    ->  Seq Scan on title t  (cost=0.00..61283.27 rows=2528527 width=4) (actual time=0.020..1026.324 rows=2528312 loops=1)
Planning time: 0.954 ms
Execution time: 27284.892 ms
