Seq Scan on movie_companies mc  (cost=0.00..51404.11 rows=104 width=0) (actual time=30.323..808.446 rows=22 loops=1)
  Filter: (company_id = 36685)
  Rows Removed by Filter: 2609107
Planning time: 0.283 ms
Execution time: 808.519 ms
