Seq Scan on movie_companies mc  (cost=0.00..51404.11 rows=104 width=0) (actual time=58.088..909.079 rows=4 loops=1)
  Filter: (company_id = 30695)
  Rows Removed by Filter: 2609125
Planning time: 0.389 ms
Execution time: 909.167 ms
