Hash Join  (cost=80355.62..917479.74 rows=467142 width=0) (actual time=3938.616..13861.010 rows=417 loops=1)
  Hash Cond: (ci.movie_id = t.id)
  ->  Seq Scan on cast_info ci  (cost=0.00..796071.18 rows=3014006 width=4) (actual time=2644.887..12540.960 rows=2660 loops=1)
        Filter: ((person_id < 1465840) AND (role_id = 2))
        Rows Removed by Filter: 36241684
  ->  Hash  (cost=73925.90..73925.90 rows=391897 width=4) (actual time=1290.111..1290.111 rows=289693 loops=1)
        Buckets: 131072  Batches: 8  Memory Usage: 2301kB
        ->  Seq Scan on title t  (cost=0.00..73925.90 rows=391897 width=4) (actual time=0.429..1200.548 rows=289693 loops=1)
              Filter: ((production_year > 1998) AND (kind_id = 1))
              Rows Removed by Filter: 2238619
Planning time: 0.921 ms
Execution time: 13861.172 ms
