Seq Scan on movie_companies mc  (cost=0.00..57926.93 rows=103090 width=0) (actual time=0.024..867.035 rows=164475 loops=1)
  Filter: ((company_id < 69) AND (company_type_id = 1))
  Rows Removed by Filter: 2444654
Planning time: 0.269 ms
Execution time: 887.645 ms
