Hash Join  (cost=28266.73..85021.72 rows=1 width=0) (actual time=492.337..1586.051 rows=23 loops=1)
  Hash Cond: (mc.movie_id = t.id)
  ->  Seq Scan on movie_companies mc  (cost=0.00..51404.11 rows=1426899 width=4) (actual time=0.410..961.142 rows=1432456 loops=1)
        Filter: (company_id > 10067)
        Rows Removed by Filter: 1176673
  ->  Hash  (cost=28266.72..28266.72 rows=1 width=8) (actual time=433.493..433.493 rows=2 loops=1)
        Buckets: 1024  Batches: 1  Memory Usage: 9kB
        ->  Nested Loop  (cost=0.43..28266.72 rows=1 width=8) (actual time=260.588..433.485 rows=2 loops=1)
              ->  Seq Scan on movie_info_idx mi_idx  (cost=0.00..25185.44 rows=368 width=4) (actual time=259.557..425.807 rows=260 loops=1)
                    Filter: (info_type_id > 101)
                    Rows Removed by Filter: 1379775
              ->  Index Scan using title_pkey on title t  (cost=0.43..8.36 rows=1 width=4) (actual time=0.029..0.029 rows=0 loops=260)
                    Index Cond: (id = mi_idx.movie_id)
                    Filter: (production_year = 1985)
                    Rows Removed by Filter: 1
Planning time: 4.916 ms
Execution time: 1586.231 ms
