Hash Join  (cost=93360.65..1301498.08 rows=16970626 width=0) (actual time=1937.058..40211.840 rows=18998644 loops=1)
  Hash Cond: (ci.movie_id = t.id)
  ->  Seq Scan on cast_info ci  (cost=0.00..614943.12 rows=36225612 width=4) (actual time=0.010..14002.547 rows=36244344 loops=1)
  ->  Hash  (cost=73925.90..73925.90 rows=1184540 width=4) (actual time=1936.151..1936.151 rows=1297979 loops=1)
        Buckets: 131072  Batches: 16  Memory Usage: 3882kB
        ->  Seq Scan on title t  (cost=0.00..73925.90 rows=1184540 width=4) (actual time=0.015..1536.010 rows=1297979 loops=1)
              Filter: ((kind_id > 1) AND (production_year > 1995))
              Rows Removed by Filter: 1230333
Planning time: 0.565 ms
Execution time: 42355.272 ms
