Seq Scan on movie_keyword mk  (cost=0.00..81003.12 rows=3764823 width=0) (actual time=0.031..1543.679 rows=3758640 loops=1)
  Filter: (keyword_id < 24432)
  Rows Removed by Filter: 765290
Planning time: 0.302 ms
Execution time: 2002.685 ms
