Nested Loop  (cost=0.43..111784.81 rows=8141 width=0) (actual time=37.929..1120.404 rows=2630 loops=1)
  ->  Seq Scan on movie_companies mc  (cost=0.00..51404.11 rows=9045 width=4) (actual time=13.144..854.640 rows=9466 loops=1)
        Filter: (company_id = 1451)
        Rows Removed by Filter: 2599663
  ->  Index Scan using title_pkey on title t  (cost=0.43..6.67 rows=1 width=4) (actual time=0.027..0.027 rows=0 loops=9466)
        Index Cond: (id = mc.movie_id)
        Filter: (production_year > 1953)
        Rows Removed by Filter: 1
Planning time: 0.763 ms
Execution time: 1121.326 ms
