Seq Scan on movie_keyword mk  (cost=0.00..81003.12 rows=246 width=0) (actual time=206.593..1188.449 rows=21 loops=1)
  Filter: (keyword_id = 55661)
  Rows Removed by Filter: 4523909
Planning time: 0.379 ms
Execution time: 1188.555 ms
