Nested Loop  (cost=0.43..83072.29 rows=10 width=0) (actual time=3.341..1351.219 rows=22 loops=1)
  ->  Seq Scan on movie_keyword mk  (cost=0.00..81003.12 rows=246 width=4) (actual time=0.920..1292.767 rows=871 loops=1)
        Filter: (keyword_id = 7990)
        Rows Removed by Filter: 4523059
  ->  Index Scan using title_pkey on title t  (cost=0.43..8.40 rows=1 width=4) (actual time=0.066..0.066 rows=0 loops=871)
        Index Cond: (id = mk.movie_id)
        Filter: (production_year = 2006)
        Rows Removed by Filter: 1
Planning time: 0.532 ms
Execution time: 1351.317 ms
