Seq Scan on movie_keyword mk  (cost=0.00..81003.12 rows=246 width=0) (actual time=12.612..1306.541 rows=762 loops=1)
  Filter: (keyword_id = 9417)
  Rows Removed by Filter: 4523168
Planning time: 0.324 ms
Execution time: 1306.906 ms
