Hash Join  (cost=77934.62..596900.95 rows=3670040 width=0) (actual time=1503.229..15581.457 rows=5147824 loops=1)
  Hash Cond: (mi.movie_id = t.id)
  ->  Seq Scan on movie_info mi  (cost=0.00..309384.22 rows=14739122 width=4) (actual time=0.014..5773.604 rows=14835720 loops=1)
  ->  Hash  (cost=67604.59..67604.59 rows=629603 width=4) (actual time=1502.468..1502.468 rows=622851 loops=1)
        Buckets: 131072  Batches: 16  Memory Usage: 2394kB
        ->  Seq Scan on title t  (cost=0.00..67604.59 rows=629603 width=4) (actual time=0.015..1291.529 rows=622851 loops=1)
              Filter: (production_year < 1987)
              Rows Removed by Filter: 1905461
Planning time: 0.765 ms
Execution time: 16172.427 ms
