Hash Join  (cost=77339.01..145404.90 rows=105259 width=0) (actual time=1334.346..2641.361 rows=56898 loops=1)
  Hash Cond: (mc.movie_id = t.id)
  ->  Seq Scan on movie_companies mc  (cost=0.00..51404.11 rows=1279517 width=4) (actual time=188.801..965.934 rows=1274246 loops=1)
        Filter: (company_type_id = 1)
        Rows Removed by Filter: 1334883
  ->  Hash  (cost=73925.90..73925.90 rows=208008 width=4) (actual time=1144.729..1144.729 rows=104154 loops=1)
        Buckets: 131072  Batches: 4  Memory Usage: 1936kB
        ->  Seq Scan on title t  (cost=0.00..73925.90 rows=208008 width=4) (actual time=0.031..1108.798 rows=104154 loops=1)
              Filter: ((production_year < 1968) AND (kind_id = 7))
              Rows Removed by Filter: 2424158
Planning time: 0.736 ms
Execution time: 2648.082 ms
