Seq Scan on movie_companies mc  (cost=0.00..51404.11 rows=995390 width=0) (actual time=0.031..893.479 rows=1000380 loops=1)
  Filter: (company_id < 4631)
  Rows Removed by Filter: 1608749
Planning time: 0.334 ms
Execution time: 1018.494 ms
