Seq Scan on movie_info mi  (cost=0.00..346232.03 rows=17937 width=0) (actual time=2709.039..4670.556 rows=6594 loops=1)
  Filter: (info_type_id = 51)
  Rows Removed by Filter: 14829126
Planning time: 0.350 ms
Execution time: 4671.577 ms
