Hash Join  (cost=74291.13..806891.18 rows=80989 width=0) (actual time=2472.155..13753.723 rows=82668 loops=1)
  Hash Cond: (ci.movie_id = t.id)
  ->  Seq Scan on cast_info ci  (cost=0.00..705507.15 rows=7008802 width=4) (actual time=1096.317..10677.770 rows=6942019 loops=1)
        Filter: (person_id < 671299)
        Rows Removed by Filter: 29302325
  ->  Hash  (cost=73925.90..73925.90 rows=29218 width=4) (actual time=1107.862..1107.862 rows=30850 loops=1)
        Buckets: 32768  Batches: 1  Memory Usage: 1341kB
        ->  Seq Scan on title t  (cost=0.00..73925.90 rows=29218 width=4) (actual time=0.080..1094.789 rows=30850 loops=1)
              Filter: ((kind_id > 1) AND (production_year = 1995))
              Rows Removed by Filter: 2497462
Planning time: 0.798 ms
Execution time: 13766.769 ms
