Hash Join  (cost=156487.41..962993.64 rows=117571 width=0) (actual time=8005.604..14762.342 rows=13705 loops=1)
  Hash Cond: (ci.movie_id = t.id)
  ->  Seq Scan on cast_info ci  (cost=0.00..796071.18 rows=644891 width=4) (actual time=4542.858..11198.748 rows=39254 loops=1)
        Filter: ((person_id > 3056915) AND (role_id = 3))
        Rows Removed by Filter: 36205090
  ->  Hash  (cost=148924.19..148924.19 rows=460978 width=8) (actual time=3461.935..3461.935 rows=459925 loops=1)
        Buckets: 131072  Batches: 8  Memory Usage: 3275kB
        ->  Hash Join  (cost=102767.86..148924.19 rows=460978 width=8) (actual time=2020.459..3326.942 rows=459925 loops=1)
              Hash Cond: (mi_idx.movie_id = t.id)
              ->  Seq Scan on movie_info_idx mi_idx  (cost=0.00..25185.44 rows=460978 width=4) (actual time=0.016..482.954 rows=459925 loops=1)
                    Filter: (info_type_id < 100)
                    Rows Removed by Filter: 920110
              ->  Hash  (cost=61283.27..61283.27 rows=2528527 width=4) (actual time=2019.191..2019.191 rows=2528312 loops=1)
                    Buckets: 131072  Batches: 64  Memory Usage: 2415kB
                    ->  Seq Scan on title t  (cost=0.00..61283.27 rows=2528527 width=4) (actual time=0.012..1151.303 rows=2528312 loops=1)
Planning time: 1.145 ms
Execution time: 14764.494 ms
