Hash Join  (cost=934214.16..1482275.66 rows=8510705 width=0) (actual time=16966.976..34044.646 rows=23542745 loops=1)
  Hash Cond: (mi.movie_id = t.id)
  ->  Seq Scan on movie_info mi  (cost=0.00..346232.03 rows=7503588 width=4) (actual time=0.010..6898.039 rows=7548855 loops=1)
        Filter: (info_type_id > 7)
        Rows Removed by Filter: 7286865
  ->  Hash  (cost=887162.40..887162.40 rows=2867901 width=8) (actual time=16965.266..16965.266 rows=2817162 loops=1)
        Buckets: 131072  Batches: 64  Memory Usage: 2785kB
        ->  Hash Join  (cost=102767.86..887162.40 rows=2867901 width=8) (actual time=3789.127..16183.774 rows=2817162 loops=1)
              Hash Cond: (ci.movie_id = t.id)
              ->  Seq Scan on cast_info ci  (cost=0.00..705507.15 rows=2867901 width=4) (actual time=1.133..11236.705 rows=2817162 loops=1)
                    Filter: (person_id < 272074)
                    Rows Removed by Filter: 33427182
              ->  Hash  (cost=61283.27..61283.27 rows=2528527 width=4) (actual time=1918.671..1918.671 rows=2528312 loops=1)
                    Buckets: 131072  Batches: 64  Memory Usage: 2415kB
                    ->  Seq Scan on title t  (cost=0.00..61283.27 rows=2528527 width=4) (actual time=0.017..1066.323 rows=2528312 loops=1)
Planning time: 1.145 ms
Execution time: 36477.733 ms
