Seq Scan on cast_info ci  (cost=0.00..705507.15 rows=32305687 width=0) (actual time=0.012..13591.501 rows=32271591 loops=1)
  Filter: (person_id < 3330837)
  Rows Removed by Filter: 3972753
Planning time: 0.335 ms
Execution time: 17648.115 ms
