Seq Scan on movie_keyword mk  (cost=0.00..81003.12 rows=1701070 width=0) (actual time=0.027..1376.276 rows=1708272 loops=1)
  Filter: (keyword_id < 2700)
  Rows Removed by Filter: 2815658
Planning time: 0.279 ms
Execution time: 1580.827 ms
