Hash Join  (cost=52284.99..877853.91 rows=324 width=0) (actual time=904.205..13028.833 rows=2 loops=1)
  Hash Cond: (ci.movie_id = t.id)
  ->  Seq Scan on cast_info ci  (cost=0.00..796071.18 rows=7865198 width=4) (actual time=0.033..11478.382 rows=5671584 loops=1)
        Filter: ((person_id > 2793219) AND (role_id < 10))
        Rows Removed by Filter: 30572760
  ->  Hash  (cost=52283.69..52283.69 rows=104 width=8) (actual time=768.682..768.682 rows=1 loops=1)
        Buckets: 1024  Batches: 1  Memory Usage: 9kB
        ->  Nested Loop  (cost=0.43..52283.69 rows=104 width=8) (actual time=385.789..768.676 rows=1 loops=1)
              ->  Seq Scan on movie_companies mc  (cost=0.00..51404.11 rows=104 width=4) (actual time=385.705..768.590 rows=1 loops=1)
                    Filter: (company_id = 192173)
                    Rows Removed by Filter: 2609128
              ->  Index Only Scan using title_pkey on title t  (cost=0.43..8.45 rows=1 width=4) (actual time=0.070..0.071 rows=1 loops=1)
                    Index Cond: (id = mc.movie_id)
                    Heap Fetches: 1
Planning time: 1.172 ms
Execution time: 13028.974 ms
