Nested Loop  (cost=0.43..796925.39 rows=101 width=0) (actual time=5214.319..11002.514 rows=317 loops=1)
  ->  Seq Scan on cast_info ci  (cost=0.00..796071.18 rows=101 width=4) (actual time=5214.173..10995.917 rows=317 loops=1)
        Filter: ((person_id = 2265306) AND (role_id = 2))
        Rows Removed by Filter: 36244027
  ->  Index Only Scan using title_pkey on title t  (cost=0.43..8.45 rows=1 width=4) (actual time=0.020..0.020 rows=1 loops=317)
        Index Cond: (id = ci.movie_id)
        Heap Fetches: 317
Planning time: 0.842 ms
Execution time: 11002.676 ms
