Seq Scan on cast_info ci  (cost=0.00..796071.18 rows=4098630 width=0) (actual time=0.026..13367.122 rows=7449217 loops=1)
  Filter: ((person_id > 1558914) AND (role_id = 2))
  Rows Removed by Filter: 28795127
Planning time: 0.396 ms
Execution time: 14296.405 ms
