Hash Join  (cost=141487.96..269382.13 rows=483613 width=0) (actual time=4632.074..6363.940 rows=369034 loops=1)
  Hash Cond: (mk.movie_id = t.id)
  ->  Seq Scan on movie_keyword mk  (cost=0.00..69693.30 rows=4523930 width=4) (actual time=0.015..1403.374 rows=4523930 loops=1)
  ->  Hash  (cost=137053.19..137053.19 rows=270302 width=8) (actual time=3325.695..3325.695 rows=141856 loops=1)
        Buckets: 131072  Batches: 4  Memory Usage: 2413kB
        ->  Hash Join  (cost=98044.23..137053.19 rows=270302 width=8) (actual time=2298.757..3276.115 rows=141856 loops=1)
              Hash Cond: (mi_idx.movie_id = t.id)
              ->  Seq Scan on movie_info_idx mi_idx  (cost=0.00..25185.44 rows=464934 width=4) (actual time=0.016..445.299 rows=460185 loops=1)
                    Filter: (info_type_id > 100)
                    Rows Removed by Filter: 919850
              ->  Hash  (cost=73925.90..73925.90 rows=1470026 width=4) (actual time=2297.616..2297.616 rows=1478439 loops=1)
                    Buckets: 131072  Batches: 32  Memory Usage: 2651kB
                    ->  Seq Scan on title t  (cost=0.00..73925.90 rows=1470026 width=4) (actual time=0.012..1490.770 rows=1478439 loops=1)
                          Filter: ((production_year > 1913) AND (kind_id = 7))
                          Rows Removed by Filter: 1049873
Planning time: 1.097 ms
Execution time: 6407.113 ms
