Hash Join  (cost=74124.68..101121.95 rows=8679 width=0) (actual time=1105.627..1765.852 rows=17437 loops=1)
  Hash Cond: (mi_idx.movie_id = t.id)
  ->  Seq Scan on movie_info_idx mi_idx  (cost=0.00..21735.35 rows=1380035 width=4) (actual time=0.014..353.928 rows=1380035 loops=1)
  ->  Hash  (cost=73925.90..73925.90 rows=15902 width=4) (actual time=1105.208..1105.208 rows=12969 loops=1)
        Buckets: 16384  Batches: 1  Memory Usage: 584kB
        ->  Seq Scan on title t  (cost=0.00..73925.90 rows=15902 width=4) (actual time=0.507..1099.059 rows=12969 loops=1)
              Filter: ((kind_id < 7) AND (production_year = 1997))
              Rows Removed by Filter: 2515343
Planning time: 0.769 ms
Execution time: 1768.611 ms
