Seq Scan on movie_keyword mk  (cost=0.00..81003.12 rows=2077057 width=0) (actual time=0.025..1502.596 rows=2087073 loops=1)
  Filter: (keyword_id < 3729)
  Rows Removed by Filter: 2436857
Planning time: 0.272 ms
Execution time: 1759.709 ms
