Hash Join  (cost=74255.97..136682.35 rows=12190 width=0) (actual time=1079.550..2392.103 rows=24543 loops=1)
  Hash Cond: (mc.movie_id = t.id)
  ->  Seq Scan on movie_companies mc  (cost=0.00..57926.93 rows=1167347 width=4) (actual time=0.024..1084.734 rows=1098747 loops=1)
        Filter: ((company_id > 82) AND (company_type_id < 2))
        Rows Removed by Filter: 1510382
  ->  Hash  (cost=73925.90..73925.90 rows=26405 width=4) (actual time=1079.345..1079.345 rows=23926 loops=1)
        Buckets: 32768  Batches: 1  Memory Usage: 1098kB
        ->  Seq Scan on title t  (cost=0.00..73925.90 rows=26405 width=4) (actual time=0.040..1068.901 rows=23926 loops=1)
              Filter: ((kind_id < 7) AND (production_year = 2003))
              Rows Removed by Filter: 2504386
Planning time: 0.753 ms
Execution time: 2395.811 ms
