Seq Scan on cast_info ci  (cost=0.00..705507.15 rows=500 width=0) (actual time=5722.073..10710.727 rows=49 loops=1)
  Filter: (person_id = 241835)
  Rows Removed by Filter: 36244295
Planning time: 0.327 ms
Execution time: 10710.846 ms
