Nested Loop  (cost=0.43..58358.27 rows=51 width=0) (actual time=219.079..872.486 rows=143 loops=1)
  ->  Seq Scan on movie_companies mc  (cost=0.00..57926.93 rows=51 width=4) (actual time=219.003..868.086 rows=143 loops=1)
        Filter: ((company_id = 14086) AND (company_type_id = 1))
        Rows Removed by Filter: 2608986
  ->  Index Only Scan using title_pkey on title t  (cost=0.43..8.45 rows=1 width=4) (actual time=0.029..0.029 rows=1 loops=143)
        Index Cond: (id = mc.movie_id)
        Heap Fetches: 143
Planning time: 0.490 ms
Execution time: 872.603 ms
