Seq Scan on movie_companies mc  (cost=0.00..51404.11 rows=1322510 width=0) (actual time=0.022..917.247 rows=1312397 loops=1)
  Filter: (company_id < 11348)
  Rows Removed by Filter: 1296732
Planning time: 0.307 ms
Execution time: 1081.548 ms
