Hash Join  (cost=98137.04..1124460.32 rows=11439806 width=0) (actual time=1739.674..26553.000 rows=11357749 loops=1)
  Hash Cond: (ci.movie_id = t.id)
  ->  Seq Scan on cast_info ci  (cost=0.00..705507.15 rows=15543214 width=4) (actual time=0.018..13461.417 rows=15665264 loops=1)
        Filter: (person_id > 2071274)
        Rows Removed by Filter: 20579080
  ->  Hash  (cost=67604.59..67604.59 rows=1860996 width=4) (actual time=1738.671..1738.671 rows=1865487 loops=1)
        Buckets: 131072  Batches: 32  Memory Usage: 3079kB
        ->  Seq Scan on title t  (cost=0.00..67604.59 rows=1860996 width=4) (actual time=0.022..1189.155 rows=1865487 loops=1)
              Filter: (kind_id > 1)
              Rows Removed by Filter: 662825
Planning time: 0.743 ms
Execution time: 27747.943 ms
