Hash Join  (cost=83074.74..109986.57 rows=134 width=0) (actual time=1326.015..1913.918 rows=3294 loops=1)
  Hash Cond: (mi_idx.movie_id = t.id)
  ->  Seq Scan on movie_info_idx mi_idx  (cost=0.00..21735.35 rows=1380035 width=4) (actual time=0.023..331.721 rows=1380035 loops=1)
  ->  Hash  (cost=83071.67..83071.67 rows=246 width=8) (actual time=1325.805..1325.805 rows=1176 loops=1)
        Buckets: 2048 (originally 1024)  Batches: 1 (originally 1)  Memory Usage: 62kB
        ->  Nested Loop  (cost=0.43..83071.67 rows=246 width=8) (actual time=3.983..1324.808 rows=1176 loops=1)
              ->  Seq Scan on movie_keyword mk  (cost=0.00..81003.12 rows=246 width=4) (actual time=3.914..1283.265 rows=1176 loops=1)
                    Filter: (keyword_id = 5169)
                    Rows Removed by Filter: 4522754
              ->  Index Only Scan using title_pkey on title t  (cost=0.43..8.40 rows=1 width=4) (actual time=0.034..0.034 rows=1 loops=1176)
                    Index Cond: (id = mk.movie_id)
                    Heap Fetches: 1176
Planning time: 1.137 ms
Execution time: 1914.588 ms
