Hash Join  (cost=202676.23..280898.85 rows=230109 width=0) (actual time=3839.137..6118.322 rows=1975611 loops=1)
  Hash Cond: (mc.movie_id = t.id)
  ->  Seq Scan on movie_companies mc  (cost=0.00..44881.29 rows=2609129 width=4) (actual time=0.024..684.524 rows=2609129 loops=1)
  ->  Hash  (cost=199016.73..199016.73 rows=223000 width=8) (actual time=3752.804..3752.804 rows=224911 loops=1)
        Buckets: 131072  Batches: 4  Memory Usage: 3230kB
        ->  Hash Join  (cost=102767.86..199016.73 rows=223000 width=8) (actual time=1865.519..3688.748 rows=224911 loops=1)
              Hash Cond: (mk.movie_id = t.id)
              ->  Seq Scan on movie_keyword mk  (cost=0.00..81003.12 rows=223000 width=4) (actual time=0.031..1241.975 rows=224911 loops=1)
                    Filter: (keyword_id > 64069)
                    Rows Removed by Filter: 4299019
              ->  Hash  (cost=61283.27..61283.27 rows=2528527 width=4) (actual time=1864.798..1864.798 rows=2528312 loops=1)
                    Buckets: 131072  Batches: 64  Memory Usage: 2425kB
                    ->  Seq Scan on title t  (cost=0.00..61283.27 rows=2528527 width=4) (actual time=0.019..1013.639 rows=2528312 loops=1)
Planning time: 1.063 ms
Execution time: 6357.608 ms
