Seq Scan on movie_keyword mk  (cost=0.00..81003.12 rows=246 width=0) (actual time=9.236..1291.149 rows=101 loops=1)
  Filter: (keyword_id = 4832)
  Rows Removed by Filter: 4523829
Planning time: 0.319 ms
Execution time: 1291.325 ms
