Hash Join  (cost=102767.86..188409.00 rows=741182 width=0) (actual time=2812.309..4403.955 rows=462132 loops=1)
  Hash Cond: (mc.movie_id = t.id)
  ->  Seq Scan on movie_companies mc  (cost=0.00..57926.93 rows=741182 width=4) (actual time=160.663..957.558 rows=462132 loops=1)
        Filter: ((company_id < 12929) AND (company_type_id = 2))
        Rows Removed by Filter: 2146997
  ->  Hash  (cost=61283.27..61283.27 rows=2528527 width=4) (actual time=2650.307..2650.307 rows=2528312 loops=1)
        Buckets: 131072  Batches: 64  Memory Usage: 2415kB
        ->  Seq Scan on title t  (cost=0.00..61283.27 rows=2528527 width=4) (actual time=0.020..1108.448 rows=2528312 loops=1)
Planning time: 0.712 ms
Execution time: 4458.660 ms
