Seq Scan on movie_keyword mk  (cost=0.00..81003.12 rows=3039538 width=0) (actual time=0.009..1479.650 rows=3023427 loops=1)
  Filter: (keyword_id < 10833)
  Rows Removed by Filter: 1500503
Planning time: 0.270 ms
Execution time: 1843.093 ms
