Hash Join  (cost=156487.41..1011355.10 rows=776254 width=0) (actual time=14760.687..22000.309 rows=2063217 loops=1)
  Hash Cond: (ci.movie_id = t.id)
  ->  Seq Scan on cast_info ci  (cost=0.00..796071.18 rows=4257858 width=4) (actual time=11226.340..16123.068 rows=3936324 loops=1)
        Filter: ((person_id < 3956190) AND (role_id = 10))
        Rows Removed by Filter: 32308020
  ->  Hash  (cost=148924.19..148924.19 rows=460978 width=8) (actual time=3533.217..3533.217 rows=459925 loops=1)
        Buckets: 131072  Batches: 8  Memory Usage: 3275kB
        ->  Hash Join  (cost=102767.86..148924.19 rows=460978 width=8) (actual time=2137.970..3400.401 rows=459925 loops=1)
              Hash Cond: (mi_idx.movie_id = t.id)
              ->  Seq Scan on movie_info_idx mi_idx  (cost=0.00..25185.44 rows=460978 width=4) (actual time=0.033..499.158 rows=459925 loops=1)
                    Filter: (info_type_id < 100)
                    Rows Removed by Filter: 920110
              ->  Hash  (cost=61283.27..61283.27 rows=2528527 width=4) (actual time=2137.072..2137.072 rows=2528312 loops=1)
                    Buckets: 131072  Batches: 64  Memory Usage: 2415kB
                    ->  Seq Scan on title t  (cost=0.00..61283.27 rows=2528527 width=4) (actual time=0.026..1243.864 rows=2528312 loops=1)
Planning time: 1.058 ms
Execution time: 22206.967 ms
