Hash Join  (cost=102767.86..991306.48 rows=3432212 width=0) (actual time=6712.882..17073.992 rows=1437884 loops=1)
  Hash Cond: (ci.movie_id = t.id)
  ->  Seq Scan on cast_info ci  (cost=0.00..796071.18 rows=3432212 width=4) (actual time=4690.706..13465.273 rows=1437884 loops=1)
        Filter: ((person_id < 2921859) AND (role_id = 10))
        Rows Removed by Filter: 34806460
  ->  Hash  (cost=61283.27..61283.27 rows=2528527 width=4) (actual time=2020.957..2020.957 rows=2528312 loops=1)
        Buckets: 131072  Batches: 64  Memory Usage: 2415kB
        ->  Seq Scan on title t  (cost=0.00..61283.27 rows=2528527 width=4) (actual time=0.015..1052.490 rows=2528312 loops=1)
Planning time: 0.674 ms
Execution time: 17247.229 ms
