Hash Join  (cost=52284.69..416944.06 rows=344 width=0) (actual time=922.851..7137.517 rows=579 loops=1)
  Hash Cond: (mi.movie_id = t.id)
  ->  Seq Scan on movie_info mi  (cost=0.00..309384.22 rows=14739122 width=4) (actual time=0.025..3858.425 rows=14835720 loops=1)
  ->  Hash  (cost=52283.95..52283.95 rows=59 width=8) (actual time=784.919..784.919 rows=78 loops=1)
        Buckets: 1024  Batches: 1  Memory Usage: 12kB
        ->  Nested Loop  (cost=0.43..52283.95 rows=59 width=8) (actual time=44.597..784.800 rows=78 loops=1)
              ->  Seq Scan on movie_companies mc  (cost=0.00..51404.11 rows=104 width=4) (actual time=9.741..748.604 rows=1482 loops=1)
                    Filter: (company_id = 2281)
                    Rows Removed by Filter: 2607647
              ->  Index Scan using title_pkey on title t  (cost=0.43..8.45 rows=1 width=4) (actual time=0.024..0.024 rows=0 loops=1482)
                    Index Cond: (id = mc.movie_id)
                    Filter: (production_year > 1999)
                    Rows Removed by Filter: 1
Planning time: 1.122 ms
Execution time: 7137.988 ms
