Seq Scan on cast_info ci  (cost=0.00..796071.18 rows=1785747 width=0) (actual time=2990.813..12027.014 rows=2800669 loops=1)
  Filter: ((person_id > 3531085) AND (role_id > 1))
  Rows Removed by Filter: 33443675
Planning time: 0.266 ms
Execution time: 12382.481 ms
