Hash Join  (cost=123984.52..208968.95 rows=1574 width=0) (actual time=2248.672..6509.187 rows=52755 loops=1)
  Hash Cond: (mk.movie_id = t.id)
  ->  Seq Scan on movie_keyword mk  (cost=0.00..81003.12 rows=1057484 width=4) (actual time=0.022..4066.444 rows=1060383 loops=1)
        Filter: (keyword_id > 16542)
        Rows Removed by Filter: 3463547
  ->  Hash  (cost=123937.48..123937.48 rows=3763 width=8) (actual time=2248.301..2248.301 rows=9697 loops=1)
        Buckets: 16384 (originally 4096)  Batches: 1 (originally 1)  Memory Usage: 507kB
        ->  Hash Join  (cost=67697.55..123937.48 rows=3763 width=8) (actual time=1034.048..2243.946 rows=9697 loops=1)
              Hash Cond: (mc.movie_id = t.id)
              ->  Seq Scan on movie_companies mc  (cost=0.00..51404.11 rows=1279517 width=4) (actual time=0.021..942.304 rows=1274246 loops=1)
                    Filter: (company_type_id = 1)
                    Rows Removed by Filter: 1334883
              ->  Hash  (cost=67604.59..67604.59 rows=7437 width=4) (actual time=1033.828..1033.828 rows=14038 loops=1)
                    Buckets: 16384 (originally 8192)  Batches: 1 (originally 1)  Memory Usage: 622kB
                    ->  Seq Scan on title t  (cost=0.00..67604.59 rows=7437 width=4) (actual time=0.014..1026.940 rows=14038 loops=1)
                          Filter: (production_year = 1977)
                          Rows Removed by Filter: 2514274
Planning time: 1.145 ms
Execution time: 6516.184 ms
