Hash Join  (cost=141613.48..628716.97 rows=683856 width=0) (actual time=2863.160..14033.586 rows=1519819 loops=1)
  Hash Cond: (mi.movie_id = t.id)
  ->  Seq Scan on movie_info mi  (cost=0.00..309384.22 rows=14739122 width=4) (actual time=0.019..5960.262 rows=14835720 loops=1)
  ->  Hash  (cost=139688.02..139688.02 rows=117317 width=8) (actual time=2756.725..2756.725 rows=63157 loops=1)
        Buckets: 131072  Batches: 2  Memory Usage: 2272kB
        ->  Hash Join  (cost=71408.55..139688.02 rows=117317 width=8) (actual time=1417.284..2732.310 rows=63157 loops=1)
              Hash Cond: (mc.movie_id = t.id)
              ->  Seq Scan on movie_companies mc  (cost=0.00..51404.11 rows=1279517 width=4) (actual time=235.701..962.232 rows=1274246 loops=1)
                    Filter: (company_type_id = 1)
                    Rows Removed by Filter: 1334883
              ->  Hash  (cost=67604.59..67604.59 rows=231837 width=4) (actual time=1180.712..1180.712 rows=231649 loops=1)
                    Buckets: 131072  Batches: 4  Memory Usage: 3076kB
                    ->  Seq Scan on title t  (cost=0.00..67604.59 rows=231837 width=4) (actual time=0.036..1098.841 rows=231649 loops=1)
                          Filter: (production_year > 2011)
                          Rows Removed by Filter: 2296663
Planning time: 1.081 ms
Execution time: 14228.351 ms
