Seq Scan on movie_keyword mk  (cost=0.00..81003.12 rows=2475542 width=0) (actual time=0.020..1066.218 rows=2471645 loops=1)
  Filter: (keyword_id < 5961)
  Rows Removed by Filter: 2052285
Planning time: 0.286 ms
Execution time: 1316.919 ms
