Hash Join  (cost=74019.21..825877.72 rows=106935 width=0) (actual time=966.672..17873.057 rows=57095 loops=1)
  Hash Cond: (ci.movie_id = t.id)
  ->  Seq Scan on cast_info ci  (cost=0.00..614943.12 rows=36225612 width=4) (actual time=0.027..8928.615 rows=36244344 loops=1)
  ->  Hash  (cost=73925.90..73925.90 rows=7464 width=4) (actual time=966.535..966.535 rows=5186 loops=1)
        Buckets: 8192  Batches: 1  Memory Usage: 247kB
        ->  Seq Scan on title t  (cost=0.00..73925.90 rows=7464 width=4) (actual time=0.082..963.977 rows=5186 loops=1)
              Filter: ((kind_id = 4) AND (production_year = 2012))
              Rows Removed by Filter: 2523126
Planning time: 6.316 ms
Execution time: 17885.658 ms
