Hash Join  (cost=106550.52..461148.90 rows=13653 width=0) (actual time=2337.295..8029.018 rows=8622 loops=1)
  Hash Cond: (mi.movie_id = t.id)
  ->  Seq Scan on movie_info mi  (cost=0.00..346232.03 rows=2194617 width=4) (actual time=262.719..5564.795 rows=2233850 loops=1)
        Filter: (info_type_id > 16)
        Rows Removed by Filter: 12601870
  ->  Hash  (cost=106353.88..106353.88 rows=15731 width=8) (actual time=2073.642..2073.642 rows=7101 loops=1)
        Buckets: 16384  Batches: 1  Memory Usage: 406kB
        ->  Hash Join  (cost=75342.47..106353.88 rows=15731 width=8) (actual time=1636.750..2070.834 rows=7101 loops=1)
              Hash Cond: (mi_idx.movie_id = t.id)
              ->  Seq Scan on movie_info_idx mi_idx  (cost=0.00..25185.44 rows=460978 width=4) (actual time=0.022..483.536 rows=459925 loops=1)
                    Filter: (info_type_id < 100)
                    Rows Removed by Filter: 920110
              ->  Hash  (cost=73925.90..73925.90 rows=86285 width=4) (actual time=1403.464..1403.464 rows=92628 loops=1)
                    Buckets: 131072  Batches: 2  Memory Usage: 2653kB
                    ->  Seq Scan on title t  (cost=0.00..73925.90 rows=86285 width=4) (actual time=0.020..1370.108 rows=92628 loops=1)
                          Filter: ((kind_id = 7) AND (production_year = 2010))
                          Rows Removed by Filter: 2435684
Planning time: 1.079 ms
Execution time: 8030.522 ms
