Seq Scan on movie_companies mc  (cost=0.00..57926.93 rows=53 width=0) (actual time=12.413..855.438 rows=86 loops=1)
  Filter: ((company_type_id > 1) AND (company_id = 595))
  Rows Removed by Filter: 2609043
Planning time: 0.310 ms
Execution time: 855.559 ms
