Hash Join  (cost=102286.00..189515.28 rows=57124 width=0) (actual time=2753.622..3644.765 rows=47448 loops=1)
  Hash Cond: (mk.movie_id = t.id)
  ->  Seq Scan on movie_keyword mk  (cost=0.00..69693.30 rows=4523930 width=4) (actual time=0.023..933.824 rows=4523930 loops=1)
  ->  Hash  (cost=101886.90..101886.90 rows=31928 width=8) (actual time=1903.718..1903.718 rows=18210 loops=1)
        Buckets: 32768  Batches: 1  Memory Usage: 968kB
        ->  Hash Join  (cost=74657.14..101886.90 rows=31928 width=8) (actual time=1206.057..1897.630 rows=18210 loops=1)
              Hash Cond: (mi_idx.movie_id = t.id)
              ->  Seq Scan on movie_info_idx mi_idx  (cost=0.00..21735.35 rows=1380035 width=4) (actual time=0.015..344.418 rows=1380035 loops=1)
              ->  Hash  (cost=73925.90..73925.90 rows=58499 width=4) (actual time=1205.700..1205.700 rows=62752 loops=1)
                    Buckets: 65536  Batches: 1  Memory Usage: 2719kB
                    ->  Seq Scan on title t  (cost=0.00..73925.90 rows=58499 width=4) (actual time=249.161..1181.387 rows=62752 loops=1)
                          Filter: ((kind_id = 7) AND (production_year = 2005))
                          Rows Removed by Filter: 2465560
Planning time: 1.140 ms
Execution time: 3651.114 ms
