Hash Join  (cost=305692.41..993834.64 rows=16071748 width=0) (actual time=6928.603..28709.444 rows=22429812 loops=1)
  Hash Cond: (mi.movie_id = t.id)
  ->  Seq Scan on movie_info mi  (cost=0.00..309384.22 rows=14739122 width=4) (actual time=0.015..6223.660 rows=14835720 loops=1)
  ->  Hash  (cost=260457.14..260457.14 rows=2757142 width=8) (actual time=6927.265..6927.265 rows=1524337 loops=1)
        Buckets: 131072  Batches: 64  Memory Usage: 1962kB
        ->  Hash Join  (cost=99208.77..260457.14 rows=2757142 width=8) (actual time=1999.528..6466.061 rows=1524337 loops=1)
              Hash Cond: (mk.movie_id = t.id)
              ->  Seq Scan on movie_keyword mk  (cost=0.00..69693.30 rows=4523930 width=4) (actual time=0.016..1484.816 rows=4523930 loops=1)
              ->  Hash  (cost=73925.90..73925.90 rows=1541029 width=4) (actual time=1998.583..1998.583 rows=1659933 loops=1)
                    Buckets: 131072  Batches: 32  Memory Usage: 2860kB
                    ->  Seq Scan on title t  (cost=0.00..73925.90 rows=1541029 width=4) (actual time=0.029..1449.713 rows=1659933 loops=1)
                          Filter: ((kind_id > 1) AND (production_year > 1969))
                          Rows Removed by Filter: 868379
Planning time: 1.036 ms
Execution time: 31236.528 ms
