Seq Scan on movie_keyword mk  (cost=0.00..81003.12 rows=3181905 width=0) (actual time=0.025..1454.922 rows=3162416 loops=1)
  Filter: (keyword_id > 1773)
  Rows Removed by Filter: 1361514
Planning time: 0.267 ms
Execution time: 1850.832 ms
