Hash Join  (cost=446465.41..1505986.30 rows=2503467 width=0) (actual time=7319.792..41782.371 rows=27432539 loops=1)
  Hash Cond: (ci.movie_id = t.id)
  ->  Seq Scan on cast_info ci  (cost=0.00..614943.12 rows=36225612 width=4) (actual time=0.023..13506.733 rows=36244344 loops=1)
  ->  Hash  (cost=443598.15..443598.15 rows=174741 width=8) (actual time=7318.863..7318.863 rows=262687 loops=1)
        Buckets: 131072  Batches: 4  Memory Usage: 3548kB
        ->  Hash Join  (cost=85692.35..443598.15 rows=174741 width=8) (actual time=1959.649..7255.485 rows=262687 loops=1)
              Hash Cond: (mi.movie_id = t.id)
              ->  Seq Scan on movie_info mi  (cost=0.00..346232.03 rows=616095 width=4) (actual time=536.476..5491.805 rows=598457 loops=1)
                    Filter: (info_type_id = 15)
                    Rows Removed by Filter: 14237263
              ->  Hash  (cost=73925.90..73925.90 rows=717156 width=4) (actual time=1380.837..1380.837 rows=620281 loops=1)
                    Buckets: 131072  Batches: 16  Memory Usage: 2394kB
                    ->  Seq Scan on title t  (cost=0.00..73925.90 rows=717156 width=4) (actual time=0.026..1180.014 rows=620281 loops=1)
                          Filter: ((kind_id < 7) AND (production_year > 1986))
                          Rows Removed by Filter: 1908031
Planning time: 1.224 ms
Execution time: 44705.899 ms
