Hash Join  (cost=84197.31..175673.85 rows=928351 width=0) (actual time=1572.672..4086.921 rows=718968 loops=1)
  Hash Cond: (mc.movie_id = t.id)
  ->  Seq Scan on movie_companies mc  (cost=0.00..51404.11 rows=2321045 width=4) (actual time=0.025..1123.072 rows=2317749 loops=1)
        Filter: (company_id < 94880)
        Rows Removed by Filter: 291380
  ->  Hash  (cost=67604.59..67604.59 rows=1011338 width=4) (actual time=1571.469..1571.469 rows=1012920 loops=1)
        Buckets: 131072  Batches: 16  Memory Usage: 3250kB
        ->  Seq Scan on title t  (cost=0.00..67604.59 rows=1011338 width=4) (actual time=2.608..1239.875 rows=1012920 loops=1)
              Filter: (production_year > 2005)
              Rows Removed by Filter: 1515392
Planning time: 0.734 ms
Execution time: 4166.134 ms
