Hash Join  (cost=81055.23..122817.18 rows=237147 width=0) (actual time=1357.299..2878.482 rows=116088 loops=1)
  Hash Cond: (mi_idx.movie_id = t.id)
  ->  Seq Scan on movie_info_idx mi_idx  (cost=0.00..21735.35 rows=1380035 width=4) (actual time=0.022..542.499 rows=1380035 loops=1)
  ->  Hash  (cost=73925.90..73925.90 rows=434506 width=4) (actual time=1356.077..1356.077 rows=315167 loops=1)
        Buckets: 131072  Batches: 8  Memory Usage: 2397kB
        ->  Seq Scan on title t  (cost=0.00..73925.90 rows=434506 width=4) (actual time=0.013..1254.573 rows=315167 loops=1)
              Filter: ((production_year < 1991) AND (kind_id = 7))
              Rows Removed by Filter: 2213145
Planning time: 0.730 ms
Execution time: 2893.020 ms
