Seq Scan on movie_keyword mk  (cost=0.00..81003.12 rows=2139712 width=0) (actual time=0.025..1510.574 rows=2143959 loops=1)
  Filter: (keyword_id < 4020)
  Rows Removed by Filter: 2379971
Planning time: 0.304 ms
Execution time: 1785.541 ms
