Seq Scan on cast_info ci  (cost=0.00..796071.18 rows=2817497 width=0) (actual time=0.020..13082.757 rows=903318 loops=1)
  Filter: ((person_id < 2409166) AND (role_id = 10))
  Rows Removed by Filter: 35341026
Planning time: 0.394 ms
Execution time: 13176.886 ms
