Hash Join  (cost=153911.19..274276.24 rows=137527 width=0) (actual time=3174.869..6187.008 rows=1193895 loops=1)
  Hash Cond: (mk.movie_id = t.id)
  ->  Seq Scan on movie_keyword mk  (cost=0.00..81003.12 rows=3248975 width=4) (actual time=0.030..1692.461 rows=3241391 loops=1)
        Filter: (keyword_id < 13787)
        Rows Removed by Filter: 1282539
  ->  Hash  (cost=152154.30..152154.30 rows=107031 width=8) (actual time=3173.911..3173.911 rows=127152 loops=1)
        Buckets: 131072  Batches: 2  Memory Usage: 3507kB
        ->  Hash Join  (cost=75628.47..152154.30 rows=107031 width=8) (actual time=1236.994..3130.167 rows=127152 loops=1)
              Hash Cond: (mc.movie_id = t.id)
              ->  Seq Scan on movie_companies mc  (cost=0.00..44881.29 rows=2609129 width=4) (actual time=0.019..910.412 rows=2609129 loops=1)
              ->  Hash  (cost=73925.90..73925.90 rows=103725 width=4) (actual time=1236.174..1236.174 rows=98992 loops=1)
                    Buckets: 131072  Batches: 2  Memory Usage: 2760kB
                    ->  Seq Scan on title t  (cost=0.00..73925.90 rows=103725 width=4) (actual time=1.432..1201.789 rows=98992 loops=1)
                          Filter: ((production_year > 2010) AND (kind_id = 1))
                          Rows Removed by Filter: 2429320
Planning time: 1.085 ms
Execution time: 6333.351 ms
