Nested Loop  (cost=0.43..58358.39 rows=20 width=134) (actual time=156.120..1090.308 rows=315 loops=1)
  ->  Seq Scan on movie_companies mc  (cost=0.00..57926.93 rows=51 width=40) (actual time=156.063..1065.108 rows=436 loops=1)
        Filter: ((company_type_id < 2) AND (company_id = 109))
        Rows Removed by Filter: 2608693
  ->  Index Scan using title_pkey on title t  (cost=0.43..8.45 rows=1 width=94) (actual time=0.055..0.056 rows=1 loops=436)
        Index Cond: (id = mc.movie_id)
        Filter: (kind_id < 7)
        Rows Removed by Filter: 0
Planning time: 1.006 ms
Execution time: 1090.443 ms
