Seq Scan on movie_keyword mk  (cost=0.00..81003.12 rows=3894049 width=0) (actual time=0.020..1596.636 rows=3888027 loops=1)
  Filter: (keyword_id < 29033)
  Rows Removed by Filter: 635903
Planning time: 0.341 ms
Execution time: 2101.219 ms
