Hash Join  (cost=58358.84..85269.53 rows=20 width=0) (actual time=975.498..1367.159 rows=6 loops=1)
  Hash Cond: (mi_idx.movie_id = t.id)
  ->  Seq Scan on movie_info_idx mi_idx  (cost=0.00..21735.35 rows=1380035 width=4) (actual time=0.015..312.258 rows=1380035 loops=1)
  ->  Hash  (cost=58358.39..58358.39 rows=36 width=8) (actual time=810.024..810.024 rows=107 loops=1)
        Buckets: 1024  Batches: 1  Memory Usage: 13kB
        ->  Nested Loop  (cost=0.43..58358.39 rows=36 width=8) (actual time=3.944..809.928 rows=107 loops=1)
              ->  Seq Scan on movie_companies mc  (cost=0.00..57926.93 rows=51 width=4) (actual time=3.901..801.893 rows=107 loops=1)
                    Filter: ((company_id = 23845) AND (company_type_id = 1))
                    Rows Removed by Filter: 2609022
              ->  Index Scan using title_pkey on title t  (cost=0.43..8.45 rows=1 width=4) (actual time=0.073..0.073 rows=1 loops=107)
                    Index Cond: (id = mc.movie_id)
                    Filter: (kind_id > 2)
Planning time: 1.193 ms
Execution time: 1367.308 ms
