Seq Scan on movie_keyword mk  (cost=0.00..81003.12 rows=246 width=0) (actual time=10.529..1219.666 rows=20 loops=1)
  Filter: (keyword_id = 57882)
  Rows Removed by Filter: 4523910
Planning time: 0.364 ms
Execution time: 1220.023 ms
