Seq Scan on movie_keyword mk  (cost=0.00..81003.12 rows=246 width=0) (actual time=202.838..1297.761 rows=3 loops=1)
  Filter: (keyword_id = 50488)
  Rows Removed by Filter: 4523927
Planning time: 0.357 ms
Execution time: 1297.852 ms
