Hash Join  (cost=1018504.83..3588723.74 rows=120590449 width=0) (actual time=25250.810..118429.336 rows=258522043 loops=1)
  Hash Cond: (ci.movie_id = t.id)
  ->  Seq Scan on cast_info ci  (cost=0.00..705507.15 rows=20687542 width=4) (actual time=343.502..15060.466 rows=20830679 loops=1)
        Filter: (person_id > 1519584)
        Rows Removed by Filter: 15413665
  ->  Hash  (cost=776690.81..776690.81 rows=14739122 width=8) (actual time=24903.982..24903.982 rows=14835720 loops=1)
        Buckets: 131072  Batches: 256  Memory Usage: 3268kB
        ->  Hash Join  (cost=102767.86..776690.81 rows=14739122 width=8) (actual time=1867.892..20848.581 rows=14835720 loops=1)
              Hash Cond: (mi.movie_id = t.id)
              ->  Seq Scan on movie_info mi  (cost=0.00..309384.22 rows=14739122 width=4) (actual time=0.030..6360.158 rows=14835720 loops=1)
              ->  Hash  (cost=61283.27..61283.27 rows=2528527 width=4) (actual time=1866.185..1866.185 rows=2528312 loops=1)
                    Buckets: 131072  Batches: 64  Memory Usage: 2425kB
                    ->  Seq Scan on title t  (cost=0.00..61283.27 rows=2528527 width=4) (actual time=0.015..1024.865 rows=2528312 loops=1)
Planning time: 1.096 ms
Execution time: 145940.628 ms
