Hash Join  (cost=201606.45..944370.77 rows=162600 width=0) (actual time=9985.958..18320.096 rows=142498 loops=1)
  Hash Cond: (ci.movie_id = t.id)
  ->  Seq Scan on cast_info ci  (cost=0.00..705507.15 rows=2735034 width=4) (actual time=5839.925..12920.534 rows=2728943 loops=1)
        Filter: (role_id = 4)
        Rows Removed by Filter: 33515401
  ->  Hash  (cost=199139.41..199139.41 rows=150323 width=8) (actual time=4143.646..4143.646 rows=72393 loops=1)
        Buckets: 131072  Batches: 2  Memory Usage: 2429kB
        ->  Hash Join  (cost=75305.14..199139.41 rows=150323 width=8) (actual time=1384.847..4116.932 rows=72393 loops=1)
              Hash Cond: (mk.movie_id = t.id)
              ->  Seq Scan on movie_keyword mk  (cost=0.00..69693.30 rows=4523930 width=4) (actual time=0.032..1401.503 rows=4523930 loops=1)
              ->  Hash  (cost=73925.90..73925.90 rows=84019 width=4) (actual time=1381.247..1381.247 rows=92860 loops=1)
                    Buckets: 131072  Batches: 2  Memory Usage: 2662kB
                    ->  Seq Scan on title t  (cost=0.00..73925.90 rows=84019 width=4) (actual time=0.035..1343.607 rows=92860 loops=1)
                          Filter: ((kind_id > 3) AND (production_year = 2009))
                          Rows Removed by Filter: 2435452
Planning time: 3.391 ms
Execution time: 18338.200 ms
