Hash Join  (cost=79775.76..209549.99 rows=637920 width=0) (actual time=1300.209..5124.612 rows=2108809 loops=1)
  Hash Cond: (mk.movie_id = t.id)
  ->  Seq Scan on movie_keyword mk  (cost=0.00..69693.30 rows=4523930 width=4) (actual time=0.024..1335.720 rows=4523930 loops=1)
  ->  Hash  (cost=73925.90..73925.90 rows=356548 width=4) (actual time=1299.023..1299.023 rows=424572 loops=1)
        Buckets: 131072  Batches: 8  Memory Usage: 2905kB
        ->  Seq Scan on title t  (cost=0.00..73925.90 rows=356548 width=4) (actual time=107.319..1163.567 rows=424572 loops=1)
              Filter: ((production_year < 2005) AND (kind_id = 1))
              Rows Removed by Filter: 2103740
Planning time: 0.764 ms
Execution time: 5380.211 ms
