Seq Scan on movie_keyword mk  (cost=0.00..81003.12 rows=1284105 width=0) (actual time=0.021..1445.441 rows=1297042 loops=1)
  Filter: (keyword_id < 1684)
  Rows Removed by Filter: 3226888
Planning time: 0.319 ms
Execution time: 1613.213 ms
