Hash Join  (cost=128105.17..1186955.33 rows=2438198 width=0) (actual time=2554.523..31512.397 rows=3127414 loops=1)
  Hash Cond: (ci.movie_id = t.id)
  ->  Seq Scan on cast_info ci  (cost=0.00..614943.12 rows=36225612 width=4) (actual time=0.021..13015.243 rows=36244344 loops=1)
  ->  Hash  (cost=125312.86..125312.86 rows=170185 width=8) (actual time=2553.708..2553.708 rows=96715 loops=1)
        Buckets: 131072  Batches: 4  Memory Usage: 1970kB
        ->  Hash Join  (cost=89472.60..125312.86 rows=170185 width=8) (actual time=1653.365..2526.378 rows=96715 loops=1)
              Hash Cond: (mi_idx.movie_id = t.id)
              ->  Seq Scan on movie_info_idx mi_idx  (cost=0.00..25185.44 rows=454124 width=4) (actual time=0.017..469.222 rows=459925 loops=1)
                    Filter: (info_type_id = 100)
                    Rows Removed by Filter: 920110
              ->  Hash  (cost=73925.90..73925.90 rows=947576 width=4) (actual time=1652.324..1652.324 rows=876037 loops=1)
                    Buckets: 131072  Batches: 16  Memory Usage: 2949kB
                    ->  Seq Scan on title t  (cost=0.00..73925.90 rows=947576 width=4) (actual time=214.852..1383.685 rows=876037 loops=1)
                          Filter: ((production_year < 2007) AND (kind_id = 7))
                          Rows Removed by Filter: 1652275
Planning time: 1.325 ms
Execution time: 31886.301 ms
