Hash Join  (cost=205245.02..704782.12 rows=1849118 width=0) (actual time=5599.594..29889.005 rows=46933107 loops=1)
  Hash Cond: (mi.movie_id = t.id)
  ->  Seq Scan on movie_info mi  (cost=0.00..309384.22 rows=14739122 width=4) (actual time=0.025..5796.518 rows=14835720 loops=1)
  ->  Hash  (cost=200039.77..200039.77 rows=317220 width=8) (actual time=5598.584..5598.584 rows=1034940 loops=1)
        Buckets: 131072 (originally 131072)  Batches: 16 (originally 8)  Memory Usage: 3690kB
        ->  Hash Join  (cost=78058.28..200039.77 rows=317220 width=8) (actual time=1314.515..4283.936 rows=1034940 loops=1)
              Hash Cond: (mk.movie_id = t.id)
              ->  Seq Scan on movie_keyword mk  (cost=0.00..81003.12 rows=3184576 width=4) (actual time=0.016..1451.758 rows=3172383 loops=1)
                    Filter: (keyword_id < 12530)
                    Rows Removed by Filter: 1351547
              ->  Hash  (cost=73925.90..73925.90 rows=251870 width=4) (actual time=1313.117..1313.117 rows=365623 loops=1)
                    Buckets: 131072 (originally 131072)  Batches: 8 (originally 4)  Memory Usage: 3073kB
                    ->  Seq Scan on title t  (cost=0.00..73925.90 rows=251870 width=4) (actual time=0.016..1181.937 rows=365623 loops=1)
                          Filter: ((kind_id < 7) AND (production_year < 1988))
                          Rows Removed by Filter: 2162689
Planning time: 1.170 ms
Execution time: 34856.753 ms
