Hash Join  (cost=132234.94..883859.35 rows=83531 width=0) (actual time=1483.731..18323.129 rows=324629 loops=1)
  Hash Cond: (ci.movie_id = t.id)
  ->  Seq Scan on cast_info ci  (cost=0.00..614943.12 rows=36225612 width=4) (actual time=0.016..9014.622 rows=36244344 loops=1)
  ->  Hash  (cost=132162.07..132162.07 rows=5830 width=8) (actual time=1483.426..1483.426 rows=4888 loops=1)
        Buckets: 8192  Batches: 1  Memory Usage: 255kB
        ->  Nested Loop  (cost=0.43..132162.07 rows=5830 width=8) (actual time=0.431..1480.369 rows=4888 loops=1)
              ->  Seq Scan on movie_keyword mk  (cost=0.00..81003.12 rows=7389 width=4) (actual time=0.229..1242.639 rows=7328 loops=1)
                    Filter: (keyword_id = 229)
                    Rows Removed by Filter: 4516602
              ->  Index Scan using title_pkey on title t  (cost=0.43..6.91 rows=1 width=4) (actual time=0.031..0.032 rows=1 loops=7328)
                    Index Cond: (id = mk.movie_id)
                    Filter: (production_year > 1976)
                    Rows Removed by Filter: 0
Planning time: 1.183 ms
Execution time: 18380.445 ms
