Seq Scan on movie_keyword mk  (cost=0.00..81003.12 rows=2857765 width=0) (actual time=0.023..1478.797 rows=2847037 loops=1)
  Filter: (keyword_id < 8677)
  Rows Removed by Filter: 1676893
Planning time: 0.296 ms
Execution time: 1848.471 ms
