Hash Join  (cost=249797.02..1500457.06 rows=21110082 width=0) (actual time=4907.388..38226.805 rows=11219816 loops=1)
  Hash Cond: (ci.movie_id = t.id)
  ->  Seq Scan on cast_info ci  (cost=0.00..614943.12 rows=36225612 width=4) (actual time=0.027..13684.519 rows=36244344 loops=1)
  ->  Hash  (cost=225622.62..225622.62 rows=1473472 width=8) (actual time=4906.085..4906.085 rows=324863 loops=1)
        Buckets: 131072  Batches: 32  Memory Usage: 1413kB
        ->  Hash Join  (cost=92883.59..225622.62 rows=1473472 width=8) (actual time=2092.811..4807.405 rows=324863 loops=1)
              Hash Cond: (mk.movie_id = t.id)
              ->  Seq Scan on movie_keyword mk  (cost=0.00..81003.12 rows=2418038 width=4) (actual time=0.020..1577.733 rows=2418652 loops=1)
                    Filter: (keyword_id < 5701)
                    Rows Removed by Filter: 2105278
              ->  Hash  (cost=67604.59..67604.59 rows=1540800 width=4) (actual time=1795.300..1795.300 rows=1543264 loops=1)
                    Buckets: 131072  Batches: 32  Memory Usage: 2728kB
                    ->  Seq Scan on title t  (cost=0.00..67604.59 rows=1540800 width=4) (actual time=314.592..1269.703 rows=1543264 loops=1)
                          Filter: (kind_id = 7)
                          Rows Removed by Filter: 985048
Planning time: 1.207 ms
Execution time: 39461.869 ms
