Hash Join  (cost=82008.92..223424.54 rows=843413 width=0) (actual time=1364.176..5281.095 rows=1329365 loops=1)
  Hash Cond: (mk.movie_id = t.id)
  ->  Seq Scan on movie_keyword mk  (cost=0.00..81003.12 rows=4328897 width=4) (actual time=0.025..1869.990 rows=4315625 loops=1)
        Filter: (keyword_id > 137)
        Rows Removed by Filter: 208305
  ->  Hash  (cost=73925.90..73925.90 rows=492641 width=4) (actual time=1363.193..1363.193 rows=420285 loops=1)
        Buckets: 131072  Batches: 8  Memory Usage: 2876kB
        ->  Seq Scan on title t  (cost=0.00..73925.90 rows=492641 width=4) (actual time=0.015..1222.297 rows=420285 loops=1)
              Filter: ((kind_id < 7) AND (production_year > 2002))
              Rows Removed by Filter: 2108027
Planning time: 0.766 ms
Execution time: 5427.098 ms
