Seq Scan on movie_keyword mk  (cost=0.00..81003.12 rows=2114743 width=0) (actual time=0.019..1501.874 rows=2113165 loops=1)
  Filter: (keyword_id > 5649)
  Rows Removed by Filter: 2410765
Planning time: 0.226 ms
Execution time: 1764.389 ms
