Seq Scan on movie_keyword mk  (cost=0.00..81003.12 rows=246 width=0) (actual time=0.911..1241.519 rows=678 loops=1)
  Filter: (keyword_id = 9078)
  Rows Removed by Filter: 4523252
Planning time: 0.326 ms
Execution time: 1241.864 ms
