Seq Scan on movie_keyword mk  (cost=0.00..81003.12 rows=2682039 width=0) (actual time=0.023..1592.684 rows=2678174 loops=1)
  Filter: (keyword_id < 7511)
  Rows Removed by Filter: 1845756
Planning time: 0.319 ms
Execution time: 1939.015 ms
