Hash Join  (cost=162724.80..287435.96 rows=222312 width=0) (actual time=2758.187..5433.223 rows=74410 loops=1)
  Hash Cond: (mk.movie_id = t.id)
  ->  Seq Scan on movie_keyword mk  (cost=0.00..69693.30 rows=4523930 width=4) (actual time=0.012..1411.775 rows=4523930 loops=1)
  ->  Hash  (cost=160685.61..160685.61 rows=124255 width=8) (actual time=2757.284..2757.284 rows=48676 loops=1)
        Buckets: 131072  Batches: 2  Memory Usage: 1985kB
        ->  Hash Join  (cost=92883.59..160685.61 rows=124255 width=8) (actual time=1799.465..2741.379 rows=48676 loops=1)
              Hash Cond: (mc.movie_id = t.id)
              ->  Seq Scan on movie_companies mc  (cost=0.00..57926.93 rows=203908 width=4) (actual time=92.335..757.004 rows=94196 loops=1)
                    Filter: ((company_id < 252) AND (company_type_id = 2))
                    Rows Removed by Filter: 2514933
              ->  Hash  (cost=67604.59..67604.59 rows=1540800 width=4) (actual time=1706.071..1706.071 rows=1543264 loops=1)
                    Buckets: 131072  Batches: 32  Memory Usage: 2722kB
                    ->  Seq Scan on title t  (cost=0.00..67604.59 rows=1540800 width=4) (actual time=75.990..1208.778 rows=1543264 loops=1)
                          Filter: (kind_id = 7)
                          Rows Removed by Filter: 985048
Planning time: 1.133 ms
Execution time: 5442.085 ms
