Seq Scan on movie_companies mc  (cost=0.00..57926.93 rows=51 width=0) (actual time=1.513..915.726 rows=3 loops=1)
  Filter: ((company_type_id < 2) AND (company_id = 25542))
  Rows Removed by Filter: 2609126
Planning time: 0.266 ms
Execution time: 915.800 ms
