Hash Join  (cost=709673.72..764339.72 rows=47 width=0) (actual time=10965.168..11857.300 rows=29 loops=1)
  Hash Cond: (mc.movie_id = t.id)
  ->  Seq Scan on movie_companies mc  (cost=0.00..44881.29 rows=2609129 width=4) (actual time=0.020..650.912 rows=2609129 loops=1)
  ->  Hash  (cost=709673.15..709673.15 rows=46 width=8) (actual time=10734.240..10734.240 rows=6 loops=1)
        Buckets: 1024  Batches: 1  Memory Usage: 9kB
        ->  Nested Loop  (cost=0.43..709673.15 rows=46 width=8) (actual time=5927.132..10734.165 rows=6 loops=1)
              ->  Seq Scan on cast_info ci  (cost=0.00..705507.15 rows=500 width=4) (actual time=3585.390..10732.455 rows=108 loops=1)
                    Filter: (person_id = 3029890)
                    Rows Removed by Filter: 36244236
              ->  Index Scan using title_pkey on title t  (cost=0.43..8.32 rows=1 width=4) (actual time=0.014..0.014 rows=0 loops=108)
                    Index Cond: (id = ci.movie_id)
                    Filter: (production_year > 2011)
                    Rows Removed by Filter: 1
Planning time: 1.286 ms
Execution time: 11857.435 ms
