Seq Scan on movie_keyword mk  (cost=0.00..81003.12 rows=627677 width=0) (actual time=0.020..1331.728 rows=624846 loops=1)
  Filter: (keyword_id < 484)
  Rows Removed by Filter: 3899084
Planning time: 0.325 ms
Execution time: 1411.471 ms
