Hash Join  (cost=83462.78..218135.65 rows=1039983 width=0) (actual time=1668.850..5009.645 rows=395817 loops=1)
  Hash Cond: (mk.movie_id = t.id)
  ->  Seq Scan on movie_keyword mk  (cost=0.00..69693.30 rows=4523930 width=4) (actual time=0.019..1464.401 rows=4523930 loops=1)
  ->  Hash  (cost=73925.90..73925.90 rows=581270 width=4) (actual time=1666.899..1666.899 rows=602533 loops=1)
        Buckets: 131072  Batches: 8  Memory Usage: 3675kB
        ->  Seq Scan on title t  (cost=0.00..73925.90 rows=581270 width=4) (actual time=0.019..1455.603 rows=602533 loops=1)
              Filter: ((kind_id > 1) AND (production_year > 2007))
              Rows Removed by Filter: 1925779
Planning time: 0.744 ms
Execution time: 5052.352 ms
