Seq Scan on cast_info ci  (cost=0.00..796071.18 rows=176 width=0) (actual time=1758.721..10623.350 rows=82 loops=1)
  Filter: ((person_id = 347585) AND (role_id = 1))
  Rows Removed by Filter: 36244262
Planning time: 0.252 ms
Execution time: 10623.447 ms
