Seq Scan on movie_companies mc  (cost=0.00..51404.11 rows=1361327 width=0) (actual time=0.024..939.839 rows=1346793 loops=1)
  Filter: (company_id < 11551)
  Rows Removed by Filter: 1262336
Planning time: 0.315 ms
Execution time: 1108.305 ms
