Hash Join  (cost=154301.22..914323.13 rows=370986 width=0) (actual time=13284.580..18097.431 rows=1210605 loops=1)
  Hash Cond: (ci.movie_id = t.id)
  ->  Seq Scan on cast_info ci  (cost=0.00..705507.15 rows=4320508 width=4) (actual time=10391.061..13103.645 rows=4323018 loops=1)
        Filter: (role_id = 10)
        Rows Removed by Filter: 31921326
  ->  Hash  (cost=150738.28..150738.28 rows=217115 width=8) (actual time=2892.579..2892.579 rows=201088 loops=1)
        Buckets: 131072  Batches: 4  Memory Usage: 2986kB
        ->  Hash Join  (cost=87180.69..150738.28 rows=217115 width=8) (actual time=1863.075..2829.440 rows=201088 loops=1)
              Hash Cond: (mc.movie_id = t.id)
              ->  Seq Scan on movie_companies mc  (cost=0.00..51404.11 rows=460088 width=4) (actual time=324.137..781.911 rows=462961 loops=1)
                    Filter: (company_id > 76379)
                    Rows Removed by Filter: 2146168
              ->  Hash  (cost=67604.59..67604.59 rows=1193208 width=4) (actual time=1538.060..1538.060 rows=1192518 loops=1)
                    Buckets: 131072  Batches: 16  Memory Usage: 3646kB
                    ->  Seq Scan on title t  (cost=0.00..67604.59 rows=1193208 width=4) (actual time=0.032..1166.302 rows=1192518 loops=1)
                          Filter: (production_year > 2003)
                          Rows Removed by Filter: 1335794
Planning time: 1.188 ms
Execution time: 18237.996 ms
