Seq Scan on movie_companies mc  (cost=0.00..57926.93 rows=148143 width=0) (actual time=80.227..806.729 rows=65308 loops=1)
  Filter: ((company_id < 159) AND (company_type_id > 1))
  Rows Removed by Filter: 2543821
Planning time: 0.318 ms
Execution time: 815.796 ms
