Seq Scan on movie_keyword mk  (cost=0.00..81003.12 rows=2529977 width=0) (actual time=0.024..1469.799 rows=2521481 loops=1)
  Filter: (keyword_id < 6249)
  Rows Removed by Filter: 2002449
Planning time: 0.315 ms
Execution time: 1784.400 ms
