Nested Loop  (cost=0.43..68018.69 rows=1241 width=0) (actual time=2.616..965.968 rows=1056 loops=1)
  ->  Seq Scan on movie_companies mc  (cost=0.00..57926.93 rows=1241 width=4) (actual time=2.562..930.192 rows=1056 loops=1)
        Filter: ((company_type_id > 1) AND (company_id = 197))
        Rows Removed by Filter: 2608073
  ->  Index Only Scan using title_pkey on title t  (cost=0.43..8.12 rows=1 width=4) (actual time=0.033..0.033 rows=1 loops=1056)
        Index Cond: (id = mc.movie_id)
        Heap Fetches: 1056
Planning time: 0.515 ms
Execution time: 966.332 ms
