Hash Join  (cost=93843.90..228253.09 rows=1427755 width=0) (actual time=2233.310..5592.364 rows=732380 loops=1)
  Hash Cond: (mk.movie_id = t.id)
  ->  Seq Scan on movie_keyword mk  (cost=0.00..81003.12 rows=2973737 width=4) (actual time=0.021..1667.716 rows=2959405 loops=1)
        Filter: (keyword_id < 10029)
        Rows Removed by Filter: 1564525
  ->  Hash  (cost=73925.90..73925.90 rows=1214000 width=4) (actual time=2232.177..2232.177 rows=1328829 loops=1)
        Buckets: 131072  Batches: 16  Memory Usage: 3957kB
        ->  Seq Scan on title t  (cost=0.00..73925.90 rows=1214000 width=4) (actual time=3.670..1499.973 rows=1328829 loops=1)
              Filter: ((kind_id > 1) AND (production_year > 1994))
              Rows Removed by Filter: 1199483
Planning time: 0.728 ms
Execution time: 5676.315 ms
