Nested Loop  (cost=0.43..133908.21 rows=9 width=0) (actual time=35.849..1563.871 rows=40 loops=1)
  ->  Seq Scan on movie_keyword mk  (cost=0.00..81003.12 rows=7691 width=4) (actual time=0.035..1308.156 rows=6501 loops=1)
        Filter: (keyword_id = 355)
        Rows Removed by Filter: 4517429
  ->  Index Scan using title_pkey on title t  (cost=0.43..6.87 rows=1 width=4) (actual time=0.039..0.039 rows=0 loops=6501)
        Index Cond: (id = mk.movie_id)
        Filter: ((kind_id < 7) AND (production_year = 1981))
        Rows Removed by Filter: 1
Planning time: 0.602 ms
Execution time: 1564.024 ms
