Seq Scan on movie_keyword mk  (cost=0.00..81003.12 rows=1134870 width=0) (actual time=0.025..1240.625 rows=1141944 loops=1)
  Filter: (keyword_id < 1298)
  Rows Removed by Filter: 3381986
Planning time: 0.333 ms
Execution time: 1380.760 ms
