Hash Join  (cost=74858.68..102176.44 rows=40728 width=0) (actual time=1260.372..2113.434 rows=25137 loops=1)
  Hash Cond: (mi_idx.movie_id = t.id)
  ->  Seq Scan on movie_info_idx mi_idx  (cost=0.00..21735.35 rows=1380035 width=4) (actual time=0.015..340.292 rows=1380035 loops=1)
  ->  Hash  (cost=73925.90..73925.90 rows=74622 width=4) (actual time=1259.433..1259.433 rows=93597 loops=1)
        Buckets: 131072 (originally 131072)  Batches: 2 (originally 1)  Memory Usage: 3073kB
        ->  Seq Scan on title t  (cost=0.00..73925.90 rows=74622 width=4) (actual time=0.025..1217.707 rows=93597 loops=1)
              Filter: ((kind_id > 3) AND (production_year = 2007))
              Rows Removed by Filter: 2434715
Planning time: 0.712 ms
Execution time: 2117.176 ms
