Hash Join  (cost=102767.86..264806.10 rows=2957115 width=0) (actual time=1976.374..6468.603 rows=2940019 loops=1)
  Hash Cond: (mk.movie_id = t.id)
  ->  Seq Scan on movie_keyword mk  (cost=0.00..81003.12 rows=2957115 width=4) (actual time=0.019..1665.766 rows=2940019 loops=1)
        Filter: (keyword_id < 9831)
        Rows Removed by Filter: 1583911
  ->  Hash  (cost=61283.27..61283.27 rows=2528527 width=4) (actual time=1973.745..1973.745 rows=2528312 loops=1)
        Buckets: 131072  Batches: 64  Memory Usage: 2425kB
        ->  Seq Scan on title t  (cost=0.00..61283.27 rows=2528527 width=4) (actual time=0.020..1119.995 rows=2528312 loops=1)
Planning time: 0.686 ms
Execution time: 6816.711 ms
