Seq Scan on movie_companies mc  (cost=0.00..57926.93 rows=2615 width=0) (actual time=0.447..738.998 rows=3777 loops=1)
  Filter: ((company_id = 394) AND (company_type_id = 2))
  Rows Removed by Filter: 2605352
Planning time: 0.357 ms
Execution time: 739.594 ms
