Hash Join  (cost=77642.13..117455.80 rows=123619 width=0) (actual time=1190.165..2870.345 rows=43431 loops=1)
  Hash Cond: (mi_idx.movie_id = t.id)
  ->  Seq Scan on movie_info_idx mi_idx  (cost=0.00..21735.35 rows=1380035 width=4) (actual time=0.021..423.711 rows=1380035 loops=1)
  ->  Hash  (cost=73925.90..73925.90 rows=226498 width=4) (actual time=1188.182..1188.182 rows=120787 loops=1)
        Buckets: 131072  Batches: 4  Memory Usage: 2083kB
        ->  Seq Scan on title t  (cost=0.00..73925.90 rows=226498 width=4) (actual time=0.021..1146.000 rows=120787 loops=1)
              Filter: ((production_year < 1970) AND (kind_id = 7))
              Rows Removed by Filter: 2407525
Planning time: 0.753 ms
Execution time: 2876.280 ms
