Hash Join  (cost=67697.55..164661.58 rows=12421 width=0) (actual time=988.841..3218.987 rows=15440 loops=1)
  Hash Cond: (mk.movie_id = t.id)
  ->  Seq Scan on movie_keyword mk  (cost=0.00..81003.12 rows=4223118 width=4) (actual time=0.024..1607.837 rows=4228381 loops=1)
        Filter: (keyword_id < 54321)
        Rows Removed by Filter: 295549
  ->  Hash  (cost=67604.59..67604.59 rows=7437 width=4) (actual time=988.525..988.525 rows=2433 loops=1)
        Buckets: 8192  Batches: 1  Memory Usage: 150kB
        ->  Seq Scan on title t  (cost=0.00..67604.59 rows=7437 width=4) (actual time=55.593..987.367 rows=2433 loops=1)
              Filter: (production_year = 1933)
              Rows Removed by Filter: 2525879
Planning time: 0.725 ms
Execution time: 3221.208 ms
