Seq Scan on cast_info ci  (cost=0.00..796071.18 rows=6979372 width=0) (actual time=5113.186..14629.034 rows=3092786 loops=1)
  Filter: ((person_id < 2755655) AND (role_id > 4))
  Rows Removed by Filter: 33151558
Planning time: 0.385 ms
Execution time: 15006.223 ms
