Seq Scan on cast_info ci  (cost=0.00..796071.18 rows=13368716 width=0) (actual time=0.017..15286.910 rows=19234553 loops=1)
  Filter: ((person_id > 1528718) AND (role_id > 1))
  Rows Removed by Filter: 17009791
Planning time: 0.377 ms
Execution time: 17680.486 ms
