Hash Join  (cost=98137.04..207368.28 rows=1844593 width=0) (actual time=2246.150..5192.873 rows=1285917 loops=1)
  Hash Cond: (mc.movie_id = t.id)
  ->  Seq Scan on movie_companies mc  (cost=0.00..51404.11 rows=2506240 width=4) (actual time=0.015..1034.899 rows=2505579 loops=1)
        Filter: (company_id < 155474)
        Rows Removed by Filter: 103550
  ->  Hash  (cost=67604.59..67604.59 rows=1860996 width=4) (actual time=2244.463..2244.463 rows=1865487 loops=1)
        Buckets: 131072  Batches: 32  Memory Usage: 3079kB
        ->  Seq Scan on title t  (cost=0.00..67604.59 rows=1860996 width=4) (actual time=0.015..1214.671 rows=1865487 loops=1)
              Filter: (kind_id > 1)
              Rows Removed by Filter: 662825
Planning time: 0.723 ms
Execution time: 5329.618 ms
