Hash Join  (cost=147836.15..1197775.90 rows=1570758 width=0) (actual time=2888.798..30699.540 rows=4804046 loops=1)
  Hash Cond: (ci.movie_id = t.id)
  ->  Seq Scan on cast_info ci  (cost=0.00..614943.12 rows=36225612 width=4) (actual time=0.017..12663.464 rows=36244344 loops=1)
  ->  Hash  (cost=146036.68..146036.68 rows=109638 width=8) (actual time=2888.009..2888.009 rows=156255 loops=1)
        Buckets: 131072  Batches: 2  Memory Usage: 4063kB
        ->  Hash Join  (cost=77347.14..146036.68 rows=109638 width=8) (actual time=1904.503..2834.409 rows=156255 loops=1)
              Hash Cond: (mc.movie_id = t.id)
              ->  Seq Scan on movie_companies mc  (cost=0.00..51404.11 rows=1329612 width=4) (actual time=319.628..974.230 rows=1334883 loops=1)
                    Filter: (company_type_id = 2)
                    Rows Removed by Filter: 1274246
              ->  Hash  (cost=73925.90..73925.90 rows=208499 width=4) (actual time=1225.546..1225.546 rows=182393 loops=1)
                    Buckets: 131072  Batches: 4  Memory Usage: 2628kB
                    ->  Seq Scan on title t  (cost=0.00..73925.90 rows=208499 width=4) (actual time=562.653..1164.347 rows=182393 loops=1)
                          Filter: ((production_year > 2007) AND (kind_id = 1))
                          Rows Removed by Filter: 2345919
Planning time: 2.732 ms
Execution time: 31275.136 ms
