Seq Scan on movie_keyword mk  (cost=0.00..81003.12 rows=4011652 width=0) (actual time=0.027..1559.608 rows=4019484 loops=1)
  Filter: (keyword_id < 35921)
  Rows Removed by Filter: 504446
Planning time: 0.338 ms
Execution time: 2071.128 ms
