Nested Loop  (cost=0.43..709671.90 rows=500 width=0) (actual time=205.476..11030.699 rows=145 loops=1)
  ->  Seq Scan on cast_info ci  (cost=0.00..705507.15 rows=500 width=4) (actual time=205.396..11028.366 rows=145 loops=1)
        Filter: (person_id = 3048669)
        Rows Removed by Filter: 36244199
  ->  Index Only Scan using title_pkey on title t  (cost=0.43..8.32 rows=1 width=4) (actual time=0.015..0.015 rows=1 loops=145)
        Index Cond: (id = ci.movie_id)
        Heap Fetches: 145
Planning time: 0.914 ms
Execution time: 11030.811 ms
