Hash Join  (cost=58375.33..85285.82 rows=1 width=0) (actual time=877.144..1417.765 rows=60 loops=1)
  Hash Cond: (mi_idx.movie_id = t.id)
  ->  Seq Scan on movie_info_idx mi_idx  (cost=0.00..21735.35 rows=1380035 width=4) (actual time=0.015..321.399 rows=1380035 loops=1)
  ->  Hash  (cost=58375.31..58375.31 rows=1 width=8) (actual time=838.287..838.287 rows=20 loops=1)
        Buckets: 1024  Batches: 1  Memory Usage: 9kB
        ->  Nested Loop  (cost=0.43..58375.31 rows=1 width=8) (actual time=397.829..838.263 rows=20 loops=1)
              ->  Seq Scan on movie_companies mc  (cost=0.00..57926.93 rows=53 width=4) (actual time=349.013..829.203 rows=561 loops=1)
                    Filter: ((company_type_id > 1) AND (company_id = 85125))
                    Rows Removed by Filter: 2608568
              ->  Index Scan using title_pkey on title t  (cost=0.43..8.45 rows=1 width=4) (actual time=0.016..0.016 rows=0 loops=561)
                    Index Cond: (id = mc.movie_id)
                    Filter: (production_year = 2001)
                    Rows Removed by Filter: 1
Planning time: 1.220 ms
Execution time: 1417.996 ms
