Hash Join  (cost=709675.91..1074338.89 rows=705 width=0) (actual time=11107.535..16654.653 rows=88 loops=1)
  Hash Cond: (mi.movie_id = t.id)
  ->  Seq Scan on movie_info mi  (cost=0.00..309384.22 rows=14739122 width=4) (actual time=0.016..3344.225 rows=14835720 loops=1)
  ->  Hash  (cost=709674.40..709674.40 rows=121 width=8) (actual time=10897.960..10897.960 rows=7 loops=1)
        Buckets: 1024  Batches: 1  Memory Usage: 9kB
        ->  Nested Loop  (cost=0.43..709674.40 rows=121 width=8) (actual time=10152.478..10897.923 rows=7 loops=1)
              ->  Seq Scan on cast_info ci  (cost=0.00..705507.15 rows=500 width=4) (actual time=10152.318..10896.713 rows=116 loops=1)
                    Filter: (person_id = 787849)
                    Rows Removed by Filter: 36244228
              ->  Index Scan using title_pkey on title t  (cost=0.43..8.32 rows=1 width=4) (actual time=0.009..0.009 rows=0 loops=116)
                    Index Cond: (id = ci.movie_id)
                    Filter: ((kind_id < 7) AND (production_year > 1996))
                    Rows Removed by Filter: 1
Planning time: 1.308 ms
Execution time: 16654.824 ms
