Seq Scan on movie_companies mc  (cost=0.00..57926.93 rows=1138246 width=0) (actual time=41.102..1167.137 rows=1274246 loops=1)
  Filter: ((company_id < 94881) AND (company_type_id = 1))
  Rows Removed by Filter: 1334883
Planning time: 0.381 ms
Execution time: 1326.409 ms
