Nested Loop  (cost=0.43..113589.64 rows=2346 width=0) (actual time=320.119..1314.025 rows=602 loops=1)
  ->  Seq Scan on movie_keyword mk  (cost=0.00..81003.12 rows=4373 width=4) (actual time=1.827..1193.914 rows=4217 loops=1)
        Filter: (keyword_id = 394)
        Rows Removed by Filter: 4519713
  ->  Index Scan using title_pkey on title t  (cost=0.43..7.44 rows=1 width=4) (actual time=0.028..0.028 rows=0 loops=4217)
        Index Cond: (id = mk.movie_id)
        Filter: ((production_year < 2012) AND (kind_id = 7))
        Rows Removed by Filter: 1
Planning time: 0.778 ms
Execution time: 1314.303 ms
