Hash Join  (cost=143843.09..183045.81 rows=88024 width=0) (actual time=2971.514..4035.199 rows=195500 loops=1)
  Hash Cond: (mi_idx.movie_id = t.id)
  ->  Seq Scan on movie_info_idx mi_idx  (cost=0.00..21735.35 rows=1380035 width=4) (actual time=0.018..475.220 rows=1380035 loops=1)
  ->  Hash  (cost=141197.10..141197.10 rows=161279 width=8) (actual time=2970.723..2970.723 rows=160410 loops=1)
        Buckets: 131072  Batches: 4  Memory Usage: 2587kB
        ->  Hash Join  (cost=78473.92..141197.10 rows=161279 width=8) (actual time=1854.960..2927.644 rows=160410 loops=1)
              Hash Cond: (mc.movie_id = t.id)
              ->  Seq Scan on movie_companies mc  (cost=0.00..51404.11 rows=615540 width=4) (actual time=244.824..915.013 rows=619754 loops=1)
                    Filter: (company_id > 62360)
                    Rows Removed by Filter: 1989375
              ->  Hash  (cost=67604.59..67604.59 rows=662507 width=4) (actual time=1608.544..1608.544 rows=662065 loops=1)
                    Buckets: 131072  Batches: 16  Memory Usage: 2481kB
                    ->  Seq Scan on title t  (cost=0.00..67604.59 rows=662507 width=4) (actual time=0.022..1125.831 rows=662065 loops=1)
                          Filter: (production_year > 2008)
                          Rows Removed by Filter: 1866247
Planning time: 1.163 ms
Execution time: 4058.106 ms
