Hash Join  (cost=81152.82..114246.68 rows=80992 width=0) (actual time=1419.585..2221.363 rows=166911 loops=1)
  Hash Cond: (mi_idx.movie_id = t.id)
  ->  Seq Scan on movie_info_idx mi_idx  (cost=0.00..25185.44 rows=464934 width=4) (actual time=0.017..495.554 rows=460185 loops=1)
        Filter: (info_type_id > 100)
        Rows Removed by Filter: 919850
  ->  Hash  (cost=73925.90..73925.90 rows=440473 width=4) (actual time=1349.046..1349.046 rows=473918 loops=1)
        Buckets: 131072  Batches: 8  Memory Usage: 3117kB
        ->  Seq Scan on title t  (cost=0.00..73925.90 rows=440473 width=4) (actual time=0.017..1201.619 rows=473918 loops=1)
              Filter: ((production_year < 2008) AND (kind_id = 1))
              Rows Removed by Filter: 2054394
Planning time: 0.770 ms
Execution time: 2243.106 ms
