Seq Scan on movie_companies mc  (cost=0.00..51404.11 rows=104 width=0) (actual time=45.162..798.422 rows=22 loops=1)
  Filter: (company_id = 5660)
  Rows Removed by Filter: 2609107
Planning time: 0.824 ms
Execution time: 798.504 ms
