Hash Join  (cost=121834.67..609489.55 rows=735595 width=0) (actual time=2527.372..13286.329 rows=654392 loops=1)
  Hash Cond: (mi.movie_id = t.id)
  ->  Seq Scan on movie_info mi  (cost=0.00..309384.22 rows=14739122 width=4) (actual time=0.018..5935.111 rows=14835720 loops=1)
  ->  Hash  (cost=119764.25..119764.25 rows=126193 width=8) (actual time=2270.772..2270.772 rows=70131 loops=1)
        Buckets: 131072  Batches: 2  Memory Usage: 2406kB
        ->  Hash Join  (cost=85282.22..119764.25 rows=126193 width=8) (actual time=1819.817..2244.502 rows=70131 loops=1)
              Hash Cond: (mi_idx.movie_id = t.id)
              ->  Seq Scan on movie_info_idx mi_idx  (cost=0.00..25185.44 rows=460978 width=4) (actual time=0.017..525.129 rows=459925 loops=1)
                    Filter: (info_type_id < 100)
                    Rows Removed by Filter: 920110
              ->  Hash  (cost=73925.90..73925.90 rows=692185 width=4) (actual time=1393.254..1393.254 rows=596495 loops=1)
                    Buckets: 131072  Batches: 16  Memory Usage: 2332kB
                    ->  Seq Scan on title t  (cost=0.00..73925.90 rows=692185 width=4) (actual time=15.401..1204.948 rows=596495 loops=1)
                          Filter: ((production_year < 2002) AND (kind_id = 7))
                          Rows Removed by Filter: 1931817
Planning time: 1.156 ms
Execution time: 13363.102 ms
