Seq Scan on movie_info mi  (cost=0.00..346232.03 rows=1025570 width=0) (actual time=1778.354..4994.768 rows=1076576 loops=1)
  Filter: (info_type_id > 71)
  Rows Removed by Filter: 13759144
Planning time: 0.375 ms
Execution time: 5112.102 ms
