Seq Scan on cast_info ci  (cost=0.00..796071.18 rows=176 width=0) (actual time=12878.959..13879.281 rows=64 loops=1)
  Filter: ((role_id < 2) AND (person_id = 1369162))
  Rows Removed by Filter: 36244280
Planning time: 0.377 ms
Execution time: 13879.435 ms
