Hash Join  (cost=86241.46..1287221.79 rows=16273916 width=0) (actual time=1632.061..37179.204 rows=15347588 loops=1)
  Hash Cond: (ci.movie_id = t.id)
  ->  Seq Scan on cast_info ci  (cost=0.00..614943.12 rows=36225612 width=4) (actual time=0.022..13488.685 rows=36244344 loops=1)
  ->  Hash  (cost=67604.59..67604.59 rows=1135910 width=4) (actual time=1630.935..1630.935 rows=1133355 loops=1)
        Buckets: 131072  Batches: 16  Memory Usage: 3516kB
        ->  Seq Scan on title t  (cost=0.00..67604.59 rows=1135910 width=4) (actual time=0.030..1284.074 rows=1133355 loops=1)
              Filter: (production_year < 2002)
              Rows Removed by Filter: 1394957
Planning time: 0.732 ms
Execution time: 38889.322 ms
