Seq Scan on cast_info ci  (cost=0.00..705507.15 rows=500 width=0) (actual time=803.904..11372.163 rows=4 loops=1)
  Filter: (person_id = 3729551)
  Rows Removed by Filter: 36244340
Planning time: 0.358 ms
Execution time: 11372.245 ms
