Nested Loop  (cost=0.43..796536.34 rows=55 width=0) (actual time=7772.913..10506.429 rows=5 loops=1)
  ->  Seq Scan on cast_info ci  (cost=0.00..796071.18 rows=55 width=4) (actual time=7772.830..10506.261 rows=5 loops=1)
        Filter: ((person_id = 567945) AND (role_id = 3))
        Rows Removed by Filter: 36244339
  ->  Index Only Scan using title_pkey on title t  (cost=0.43..8.45 rows=1 width=4) (actual time=0.029..0.029 rows=1 loops=5)
        Index Cond: (id = ci.movie_id)
        Heap Fetches: 5
Planning time: 8.475 ms
Execution time: 10506.509 ms
