Hash Join  (cost=444177.67..1367007.91 rows=525374 width=0) (actual time=15373.240..25756.018 rows=1955950 loops=1)
  Hash Cond: (ci.movie_id = t.id)
  ->  Seq Scan on cast_info ci  (cost=0.00..796071.18 rows=6778331 width=4) (actual time=5540.273..13440.148 rows=4198104 loops=1)
        Filter: ((person_id < 1483407) AND (role_id > 2))
        Rows Removed by Filter: 32046240
  ->  Hash  (cost=440961.90..440961.90 rows=195981 width=8) (actual time=9831.794..9831.794 rows=359770 loops=1)
        Buckets: 131072 (originally 131072)  Batches: 8 (originally 4)  Memory Usage: 3073kB
        ->  Hash Join  (cost=74346.17..440961.90 rows=195981 width=8) (actual time=1382.597..9645.034 rows=359770 loops=1)
              Hash Cond: (mi.movie_id = t.id)
              ->  Seq Scan on movie_info mi  (cost=0.00..309384.22 rows=14739122 width=4) (actual time=0.022..4607.467 rows=14835720 loops=1)
              ->  Hash  (cost=73925.90..73925.90 rows=33621 width=4) (actual time=1243.026..1243.026 rows=28104 loops=1)
                    Buckets: 65536  Batches: 1  Memory Usage: 1501kB
                    ->  Seq Scan on title t  (cost=0.00..73925.90 rows=33621 width=4) (actual time=23.276..1231.308 rows=28104 loops=1)
                          Filter: ((kind_id = 1) AND (production_year = 2009))
                          Rows Removed by Filter: 2500208
Planning time: 5.988 ms
Execution time: 25937.422 ms
