Hash Join  (cost=68449.54..884012.70 rows=129709 width=0) (actual time=1099.496..15052.295 rows=62628 loops=1)
  Hash Cond: (ci.movie_id = t.id)
  ->  Seq Scan on cast_info ci  (cost=0.00..796071.18 rows=4851972 width=4) (actual time=0.022..13229.141 rows=2380161 loops=1)
        Filter: ((person_id < 1836613) AND (role_id > 4))
        Rows Removed by Filter: 33864183
  ->  Hash  (cost=67604.59..67604.59 rows=67596 width=4) (actual time=1098.628..1098.628 rows=67777 loops=1)
        Buckets: 131072  Batches: 1  Memory Usage: 3407kB
        ->  Seq Scan on title t  (cost=0.00..67604.59 rows=67596 width=4) (actual time=0.011..1070.858 rows=67777 loops=1)
              Filter: (production_year = 2003)
              Rows Removed by Filter: 2460535
Planning time: 0.804 ms
Execution time: 15062.484 ms
