Seq Scan on cast_info ci  (cost=0.00..796071.18 rows=240719 width=0) (actual time=2286.874..13743.502 rows=271334 loops=1)
  Filter: ((person_id > 1103687) AND (role_id > 10))
  Rows Removed by Filter: 35973010
Planning time: 0.527 ms
Execution time: 13781.126 ms
