Hash Join  (cost=95982.60..162199.11 rows=53300 width=0) (actual time=2167.151..3406.424 rows=105809 loops=1)
  Hash Cond: (mc.movie_id = t.id)
  ->  Seq Scan on movie_companies mc  (cost=0.00..57926.93 rows=77916 width=4) (actual time=0.024..821.016 rows=151545 loops=1)
        Filter: ((company_id > 131407) AND (company_type_id = 2))
        Rows Removed by Filter: 2457584
  ->  Hash  (cost=67604.59..67604.59 rows=1729681 width=4) (actual time=2166.081..2166.081 rows=1725233 loops=1)
        Buckets: 131072  Batches: 32  Memory Usage: 2923kB
        ->  Seq Scan on title t  (cost=0.00..67604.59 rows=1729681 width=4) (actual time=0.030..1066.127 rows=1725233 loops=1)
              Filter: (production_year > 1991)
              Rows Removed by Filter: 803079
Planning time: 0.749 ms
Execution time: 3419.447 ms
