Hash Join  (cost=132397.51..646095.50 rows=1669828 width=0) (actual time=2891.194..17965.708 rows=6972392 loops=1)
  Hash Cond: (mi.movie_id = t.id)
  ->  Seq Scan on movie_info mi  (cost=0.00..346232.03 rows=12928982 width=4) (actual time=0.024..7369.402 rows=12970088 loops=1)
        Filter: (info_type_id < 18)
        Rows Removed by Filter: 1865632
  ->  Hash  (cost=127039.40..127039.40 rows=326569 width=8) (actual time=2890.300..2890.300 rows=500629 loops=1)
        Buckets: 131072  Batches: 8  Memory Usage: 3488kB
        ->  Hash Join  (cost=83743.23..127039.40 rows=326569 width=8) (actual time=1504.443..2740.511 rows=500629 loops=1)
              Hash Cond: (mi_idx.movie_id = t.id)
              ->  Seq Scan on movie_info_idx mi_idx  (cost=0.00..21735.35 rows=1380035 width=4) (actual time=0.022..412.245 rows=1380035 loops=1)
              ->  Hash  (cost=73925.90..73925.90 rows=598346 width=4) (actual time=1503.590..1503.590 rows=507407 loops=1)
                    Buckets: 131072  Batches: 8  Memory Usage: 3251kB
                    ->  Seq Scan on title t  (cost=0.00..73925.90 rows=598346 width=4) (actual time=0.025..1346.132 rows=507407 loops=1)
                          Filter: ((kind_id < 7) AND (production_year > 1997))
                          Rows Removed by Filter: 2020905
Planning time: 1.461 ms
Execution time: 18808.400 ms
