Hash Join  (cost=102767.86..172929.57 rows=368960 width=0) (actual time=4858.318..6228.943 rows=371215 loops=1)
  Hash Cond: (mc.movie_id = t.id)
  ->  Seq Scan on movie_companies mc  (cost=0.00..51404.11 rows=368960 width=4) (actual time=0.026..738.291 rows=371215 loops=1)
        Filter: (company_id > 85283)
        Rows Removed by Filter: 2237914
  ->  Hash  (cost=61283.27..61283.27 rows=2528527 width=4) (actual time=4856.070..4856.070 rows=2528312 loops=1)
        Buckets: 131072  Batches: 64  Memory Usage: 2415kB
        ->  Seq Scan on title t  (cost=0.00..61283.27 rows=2528527 width=4) (actual time=0.020..4004.776 rows=2528312 loops=1)
Planning time: 0.763 ms
Execution time: 6272.435 ms
