Hash Join  (cost=101127.71..187839.93 rows=5419 width=0) (actual time=1789.889..3034.519 rows=6905 loops=1)
  Hash Cond: (mk.movie_id = t.id)
  ->  Seq Scan on movie_keyword mk  (cost=0.00..69693.30 rows=4523930 width=4) (actual time=0.017..978.836 rows=4523930 loops=1)
  ->  Hash  (cost=101089.84..101089.84 rows=3029 width=8) (actual time=1255.858..1255.858 rows=2184 loops=1)
        Buckets: 4096  Batches: 1  Memory Usage: 118kB
        ->  Hash Join  (cost=74131.99..101089.84 rows=3029 width=8) (actual time=888.725..1254.987 rows=2184 loops=1)
              Hash Cond: (mi_idx.movie_id = t.id)
              ->  Seq Scan on movie_info_idx mi_idx  (cost=0.00..25185.44 rows=464566 width=4) (actual time=0.018..375.967 rows=459925 loops=1)
                    Filter: (info_type_id = 101)
                    Rows Removed by Filter: 920110
              ->  Hash  (cost=73925.90..73925.90 rows=16487 width=4) (actual time=785.281..785.281 rows=16247 loops=1)
                    Buckets: 32768  Batches: 1  Memory Usage: 828kB
                    ->  Seq Scan on title t  (cost=0.00..73925.90 rows=16487 width=4) (actual time=0.020..779.216 rows=16247 loops=1)
                          Filter: ((kind_id = 7) AND (production_year = 1993))
                          Rows Removed by Filter: 2512065
Planning time: 1.057 ms
Execution time: 3035.715 ms
