Seq Scan on cast_info ci  (cost=0.00..796071.18 rows=4053097 width=0) (actual time=3179.512..13789.373 rows=2114986 loops=1)
  Filter: ((person_id < 2007453) AND (role_id = 2))
  Rows Removed by Filter: 34129358
Planning time: 0.409 ms
Execution time: 14055.265 ms
