Seq Scan on movie_keyword mk  (cost=0.00..81003.12 rows=246 width=0) (actual time=35.387..1307.551 rows=315 loops=1)
  Filter: (keyword_id = 8733)
  Rows Removed by Filter: 4523615
Planning time: 5.023 ms
Execution time: 1307.881 ms
