Hash Join  (cost=164698.62..552220.54 rows=149491 width=0) (actual time=6153.806..10509.400 rows=324435 loops=1)
  Hash Cond: (mi.movie_id = t.id)
  ->  Seq Scan on movie_info mi  (cost=0.00..346232.03 rows=3068194 width=4) (actual time=2927.115..5853.899 rows=3036719 loops=1)
        Filter: (info_type_id = 16)
        Rows Removed by Filter: 11799001
  ->  Hash  (cost=162676.65..162676.65 rows=123198 width=8) (actual time=3225.400..3225.400 rows=162453 loops=1)
        Buckets: 131072 (originally 131072)  Batches: 4 (originally 2)  Memory Usage: 3073kB
        ->  Hash Join  (cost=74786.63..162676.65 rows=123198 width=8) (actual time=1442.204..3171.025 rows=162453 loops=1)
              Hash Cond: (mk.movie_id = t.id)
              ->  Seq Scan on movie_keyword mk  (cost=0.00..69693.30 rows=4523930 width=4) (actual time=0.030..1004.121 rows=4523930 loops=1)
              ->  Hash  (cost=73925.90..73925.90 rows=68858 width=4) (actual time=1250.280..1250.280 rows=73032 loops=1)
                    Buckets: 131072  Batches: 1  Memory Usage: 3592kB
                    ->  Seq Scan on title t  (cost=0.00..73925.90 rows=68858 width=4) (actual time=147.622..1222.772 rows=73032 loops=1)
                          Filter: ((production_year < 2010) AND (kind_id = 2))
                          Rows Removed by Filter: 2455280
Planning time: 1.179 ms
Execution time: 10571.665 ms
