Hash Join  (cost=159588.41..286112.69 rows=371125 width=0) (actual time=8178.333..18413.366 rows=5552376 loops=1)
  Hash Cond: (mk.movie_id = t.id)
  ->  Seq Scan on movie_keyword mk  (cost=0.00..69693.30 rows=4523930 width=4) (actual time=0.015..4774.664 rows=4523930 loops=1)
  ->  Hash  (cost=156184.53..156184.53 rows=207430 width=8) (actual time=8177.379..8177.379 rows=545997 loops=1)
        Buckets: 131072 (originally 131072)  Batches: 8 (originally 4)  Memory Usage: 3713kB
        ->  Hash Join  (cost=83568.99..156184.53 rows=207430 width=8) (actual time=4113.971..7932.242 rows=545997 loops=1)
              Hash Cond: (mc.movie_id = t.id)
              ->  Seq Scan on movie_companies mc  (cost=0.00..57926.93 rows=892348 width=4) (actual time=0.023..2827.871 rows=1084968 loops=1)
                    Filter: ((company_id > 2394) AND (company_type_id = 2))
                    Rows Removed by Filter: 1524161
              ->  Hash  (cost=73925.90..73925.90 rows=587767 width=4) (actual time=3451.845..3451.845 rows=594730 loops=1)
                    Buckets: 131072  Batches: 8  Memory Usage: 3648kB
                    ->  Seq Scan on title t  (cost=0.00..73925.90 rows=587767 width=4) (actual time=10.382..3218.534 rows=594730 loops=1)
                          Filter: ((production_year < 2012) AND (kind_id = 1))
                          Rows Removed by Filter: 1933582
Planning time: 1.226 ms
Execution time: 19111.153 ms
