Seq Scan on cast_info ci  (cost=0.00..705507.15 rows=33563454 width=0) (actual time=0.022..33572.072 rows=33624765 loops=1)
  Filter: (person_id > 251716)
  Rows Removed by Filter: 2619579
Planning time: 0.314 ms
Execution time: 38766.605 ms
