Hash Join  (cost=192786.94..1331096.46 rows=10173235 width=0) (actual time=4065.403..42706.804 rows=18338394 loops=1)
  Hash Cond: (ci.movie_id = t.id)
  ->  Seq Scan on cast_info ci  (cost=0.00..614943.12 rows=36225612 width=4) (actual time=0.020..13138.698 rows=36244344 loops=1)
  ->  Hash  (cost=181136.87..181136.87 rows=710086 width=8) (actual time=4063.805..4063.805 rows=716128 loops=1)
        Buckets: 131072  Batches: 16  Memory Usage: 2779kB
        ->  Hash Join  (cost=102767.86..181136.87 rows=710086 width=8) (actual time=1964.533..3851.335 rows=716128 loops=1)
              Hash Cond: (mc.movie_id = t.id)
              ->  Seq Scan on movie_companies mc  (cost=0.00..51404.11 rows=710086 width=4) (actual time=2.597..875.686 rows=716128 loops=1)
                    Filter: (company_id > 43124)
                    Rows Removed by Filter: 1893001
              ->  Hash  (cost=61283.27..61283.27 rows=2528527 width=4) (actual time=1960.363..1960.363 rows=2528312 loops=1)
                    Buckets: 131072  Batches: 64  Memory Usage: 2415kB
                    ->  Seq Scan on title t  (cost=0.00..61283.27 rows=2528527 width=4) (actual time=0.016..1119.038 rows=2528312 loops=1)
Planning time: 1.130 ms
Execution time: 44895.875 ms
