Hash Join  (cost=101400.16..189113.19 rows=8673 width=0) (actual time=1744.018..3538.361 rows=104667 loops=1)
  Hash Cond: (mk.movie_id = t.id)
  ->  Seq Scan on movie_keyword mk  (cost=0.00..81003.12 rows=1766180 width=4) (actual time=0.021..1456.003 rows=1773092 loops=1)
        Filter: (keyword_id < 2878)
        Rows Removed by Filter: 2750838
  ->  Hash  (cost=101244.94..101244.94 rows=12417 width=8) (actual time=1743.697..1743.697 rows=25587 loops=1)
        Buckets: 32768 (originally 16384)  Batches: 1 (originally 1)  Memory Usage: 1256kB
        ->  Hash Join  (cost=74210.29..101244.94 rows=12417 width=8) (actual time=1229.306..1734.860 rows=25587 loops=1)
              Hash Cond: (mi_idx.movie_id = t.id)
              ->  Seq Scan on movie_info_idx mi_idx  (cost=0.00..21735.35 rows=1380035 width=4) (actual time=0.015..242.912 rows=1380035 loops=1)
              ->  Hash  (cost=73925.90..73925.90 rows=22751 width=4) (actual time=1228.974..1228.974 rows=18892 loops=1)
                    Buckets: 32768  Batches: 1  Memory Usage: 921kB
                    ->  Seq Scan on title t  (cost=0.00..73925.90 rows=22751 width=4) (actual time=0.026..1220.495 rows=18892 loops=1)
                          Filter: ((kind_id < 7) AND (production_year = 2001))
                          Rows Removed by Filter: 2509420
Planning time: 1.152 ms
Execution time: 3553.327 ms
