Hash Join  (cost=83810.17..1067333.02 rows=4636205 width=0) (actual time=1481.615..21857.925 rows=2636426 loops=1)
  Hash Cond: (ci.movie_id = t.id)
  ->  Seq Scan on cast_info ci  (cost=0.00..796071.18 rows=11868430 width=4) (actual time=0.023..15332.358 rows=6462834 loops=1)
        Filter: ((person_id < 2742607) AND (role_id > 2))
        Rows Removed by Filter: 29781510
  ->  Hash  (cost=67604.59..67604.59 rows=987727 width=4) (actual time=1480.442..1480.442 rows=985048 loops=1)
        Buckets: 131072  Batches: 16  Memory Usage: 3188kB
        ->  Seq Scan on title t  (cost=0.00..67604.59 rows=987727 width=4) (actual time=0.007..1162.464 rows=985048 loops=1)
              Filter: (kind_id < 7)
              Rows Removed by Filter: 1543264
Planning time: 0.721 ms
Execution time: 22153.914 ms
