Hash Join  (cost=164976.43..1253734.74 rows=5349614 width=0) (actual time=9102.928..81482.497 rows=27885665 loops=1)
  Hash Cond: (ci.movie_id = t.id)
  ->  Seq Scan on cast_info ci  (cost=0.00..614943.12 rows=36225612 width=4) (actual time=0.014..42808.551 rows=36244344 loops=1)
  ->  Hash  (cost=158849.93..158849.93 rows=373400 width=8) (actual time=9102.071..9102.071 rows=586144 loops=1)
        Buckets: 131072  Batches: 8  Memory Usage: 3858kB
        ->  Hash Join  (cost=86032.63..158849.93 rows=373400 width=8) (actual time=4835.114..8880.791 rows=586144 loops=1)
              Hash Cond: (mc.movie_id = t.id)
              ->  Seq Scan on movie_companies mc  (cost=0.00..51404.11 rows=1279517 width=4) (actual time=0.021..2981.275 rows=1274246 loops=1)
                    Filter: (company_type_id = 1)
                    Rows Removed by Filter: 1334883
              ->  Hash  (cost=73925.90..73925.90 rows=737898 width=4) (actual time=4834.172..4834.172 rows=643239 loops=1)
                    Buckets: 131072  Batches: 16  Memory Usage: 2437kB
                    ->  Seq Scan on title t  (cost=0.00..73925.90 rows=737898 width=4) (actual time=0.015..3949.393 rows=643239 loops=1)
                          Filter: ((kind_id < 7) AND (production_year > 1983))
                          Rows Removed by Filter: 1885073
Planning time: 7.016 ms
Execution time: 84989.998 ms
