Hash Join  (cost=177521.99..288951.28 rows=369852 width=0) (actual time=4192.003..7312.825 rows=2079829 loops=1)
  Hash Cond: (mk.movie_id = t.id)
  ->  Seq Scan on movie_keyword mk  (cost=0.00..81003.12 rows=2165505 width=4) (actual time=0.023..1587.974 rows=2161961 loops=1)
        Filter: (keyword_id > 5309)
        Rows Removed by Filter: 2361969
  ->  Hash  (cost=170436.83..170436.83 rows=431853 width=8) (actual time=4188.739..4188.739 rows=632110 loops=1)
        Buckets: 131072 (originally 131072)  Batches: 16 (originally 8)  Memory Usage: 3073kB
        ->  Hash Join  (cost=93117.31..170436.83 rows=431853 width=8) (actual time=1870.656..3970.166 rows=632110 loops=1)
              Hash Cond: (mc.movie_id = t.id)
              ->  Seq Scan on movie_companies mc  (cost=0.00..57926.93 rows=702211 width=4) (actual time=7.241..1140.824 rows=935587 loops=1)
                    Filter: ((company_id > 11137) AND (company_type_id > 1))
                    Rows Removed by Filter: 1673542
              ->  Hash  (cost=67604.59..67604.59 rows=1555018 width=4) (actual time=1862.222..1862.222 rows=1551727 loops=1)
                    Buckets: 131072  Batches: 32  Memory Usage: 2728kB
                    ->  Seq Scan on title t  (cost=0.00..67604.59 rows=1555018 width=4) (actual time=0.011..1361.986 rows=1551727 loops=1)
                          Filter: (production_year < 2007)
                          Rows Removed by Filter: 976585
Planning time: 1.159 ms
Execution time: 7537.482 ms
