Hash Join  (cost=102767.86..175931.52 rows=493757 width=0) (actual time=2071.445..3708.584 rows=495616 loops=1)
  Hash Cond: (mc.movie_id = t.id)
  ->  Seq Scan on movie_companies mc  (cost=0.00..51404.11 rows=493757 width=4) (actual time=115.161..904.050 rows=495616 loops=1)
        Filter: (company_id > 74404)
        Rows Removed by Filter: 2113513
  ->  Hash  (cost=61283.27..61283.27 rows=2528527 width=4) (actual time=1953.924..1953.924 rows=2528312 loops=1)
        Buckets: 131072  Batches: 64  Memory Usage: 2415kB
        ->  Seq Scan on title t  (cost=0.00..61283.27 rows=2528527 width=4) (actual time=0.021..1101.783 rows=2528312 loops=1)
Planning time: 0.736 ms
Execution time: 3770.533 ms
