Seq Scan on movie_companies mc  (cost=0.00..51404.11 rows=1192120 width=0) (actual time=0.019..907.719 rows=1185968 loops=1)
  Filter: (company_id < 10420)
  Rows Removed by Filter: 1423161
Planning time: 0.317 ms
Execution time: 1071.557 ms
