Seq Scan on movie_companies mc  (cost=0.00..57926.93 rows=1007199 width=0) (actual time=0.029..1056.387 rows=867187 loops=1)
  Filter: ((company_id > 565) AND (company_type_id < 2))
  Rows Removed by Filter: 1741942
Planning time: 0.311 ms
Execution time: 1160.183 ms
