Nested Loop  (cost=0.43..83072.29 rows=1 width=0) (actual time=127.279..1329.508 rows=2 loops=1)
  ->  Seq Scan on movie_keyword mk  (cost=0.00..81003.12 rows=246 width=4) (actual time=1.123..1292.444 rows=555 loops=1)
        Filter: (keyword_id = 959)
        Rows Removed by Filter: 4523375
  ->  Index Scan using title_pkey on title t  (cost=0.43..8.40 rows=1 width=4) (actual time=0.065..0.065 rows=0 loops=555)
        Index Cond: (id = mk.movie_id)
        Filter: (production_year > 2013)
        Rows Removed by Filter: 1
Planning time: 0.749 ms
Execution time: 1329.605 ms
