Hash Join  (cost=74344.78..870638.77 rows=761 width=0) (actual time=10925.696..12644.297 rows=2332 loops=1)
  Hash Cond: (ci.movie_id = t.id)
  ->  Seq Scan on cast_info ci  (cost=0.00..796071.18 rows=57388 width=4) (actual time=9739.300..11409.275 rows=210083 loops=1)
        Filter: ((person_id > 3047941) AND (role_id > 10))
        Rows Removed by Filter: 36034261
  ->  Hash  (cost=73925.90..73925.90 rows=33510 width=4) (actual time=1185.725..1185.725 rows=22107 loops=1)
        Buckets: 65536  Batches: 1  Memory Usage: 1290kB
        ->  Seq Scan on title t  (cost=0.00..73925.90 rows=33510 width=4) (actual time=38.788..1176.787 rows=22107 loops=1)
              Filter: ((kind_id = 1) AND (production_year = 2008))
              Rows Removed by Filter: 2506205
Planning time: 0.567 ms
Execution time: 12644.807 ms
