Hash Join  (cost=103574.60..209645.56 rows=666019 width=0) (actual time=2135.611..4503.679 rows=627588 loops=1)
  Hash Cond: (mk.movie_id = t.id)
  ->  Seq Scan on movie_keyword mk  (cost=0.00..81003.12 rows=768129 width=4) (actual time=0.026..1389.921 rows=776546 loops=1)
        Filter: (keyword_id > 24289)
        Rows Removed by Filter: 3747384
  ->  Hash  (cost=67604.59..67604.59 rows=2192401 width=4) (actual time=2133.447..2133.447 rows=2182316 loops=1)
        Buckets: 131072  Batches: 32  Memory Usage: 3434kB
        ->  Seq Scan on title t  (cost=0.00..67604.59 rows=2192401 width=4) (actual time=0.021..1407.531 rows=2182316 loops=1)
              Filter: (production_year > 1962)
              Rows Removed by Filter: 345996
Planning time: 0.760 ms
Execution time: 4583.284 ms
