Seq Scan on cast_info ci  (cost=0.00..796071.18 rows=7195246 width=0) (actual time=7981.040..12968.016 rows=2632188 loops=1)
  Filter: ((person_id > 2360684) AND (role_id < 3))
  Rows Removed by Filter: 33612156
Planning time: 0.356 ms
Execution time: 13321.555 ms
