Hash Join  (cost=133521.15..885032.38 rows=72207 width=0) (actual time=2333.640..19478.866 rows=326412 loops=1)
  Hash Cond: (ci.movie_id = t.id)
  ->  Seq Scan on cast_info ci  (cost=0.00..614943.12 rows=36225612 width=4) (actual time=0.023..8955.699 rows=36244344 loops=1)
  ->  Hash  (cost=133458.15..133458.15 rows=5040 width=8) (actual time=2333.412..2333.412 rows=6896 loops=1)
        Buckets: 8192  Batches: 1  Memory Usage: 334kB
        ->  Hash Join  (cost=74787.47..133458.15 rows=5040 width=8) (actual time=2052.474..2330.746 rows=6896 loops=1)
              Hash Cond: (mc.movie_id = t.id)
              ->  Seq Scan on movie_companies mc  (cost=0.00..57926.93 rows=184892 width=4) (actual time=0.015..847.135 rows=289588 loops=1)
                    Filter: ((company_id < 225) AND (company_type_id < 2))
                    Rows Removed by Filter: 2319541
              ->  Hash  (cost=73925.90..73925.90 rows=68925 width=4) (actual time=1395.826..1395.826 rows=84076 loops=1)
                    Buckets: 131072  Batches: 1  Memory Usage: 3980kB
                    ->  Seq Scan on title t  (cost=0.00..73925.90 rows=68925 width=4) (actual time=0.019..1362.299 rows=84076 loops=1)
                          Filter: ((kind_id = 7) AND (production_year = 2007))
                          Rows Removed by Filter: 2444236
Planning time: 1.191 ms
Execution time: 19526.006 ms
