Hash Join  (cost=78171.87..1150063.27 rows=3707724 width=0) (actual time=1210.008..31241.380 rows=3581028 loops=1)
  Hash Cond: (ci.movie_id = t.id)
  ->  Seq Scan on cast_info ci  (cost=0.00..614943.12 rows=36225612 width=4) (actual time=0.014..13170.303 rows=36244344 loops=1)
  ->  Hash  (cost=73925.90..73925.90 rows=258797 width=4) (actual time=1209.196..1209.196 rows=227847 loops=1)
        Buckets: 131072  Batches: 4  Memory Usage: 3032kB
        ->  Seq Scan on title t  (cost=0.00..73925.90 rows=258797 width=4) (actual time=0.029..1132.544 rows=227847 loops=1)
              Filter: ((kind_id < 7) AND (production_year > 2008))
              Rows Removed by Filter: 2300465
Planning time: 0.798 ms
Execution time: 31675.057 ms
