Hash Join  (cost=83074.74..109986.57 rows=134 width=0) (actual time=1266.518..1800.677 rows=27 loops=1)
  Hash Cond: (mi_idx.movie_id = t.id)
  ->  Seq Scan on movie_info_idx mi_idx  (cost=0.00..21735.35 rows=1380035 width=4) (actual time=0.015..305.595 rows=1380035 loops=1)
  ->  Hash  (cost=83071.67..83071.67 rows=246 width=8) (actual time=1255.315..1255.315 rows=9 loops=1)
        Buckets: 1024  Batches: 1  Memory Usage: 9kB
        ->  Nested Loop  (cost=0.43..83071.67 rows=246 width=8) (actual time=287.621..1255.298 rows=9 loops=1)
              ->  Seq Scan on movie_keyword mk  (cost=0.00..81003.12 rows=246 width=4) (actual time=287.503..1254.703 rows=9 loops=1)
                    Filter: (keyword_id = 38089)
                    Rows Removed by Filter: 4523921
              ->  Index Only Scan using title_pkey on title t  (cost=0.43..8.40 rows=1 width=4) (actual time=0.057..0.058 rows=1 loops=9)
                    Index Cond: (id = mk.movie_id)
                    Heap Fetches: 9
Planning time: 1.171 ms
Execution time: 1800.808 ms
