Seq Scan on movie_keyword mk  (cost=0.00..81003.12 rows=3612122 width=0) (actual time=0.024..1528.140 rows=3603598 loops=1)
  Filter: (keyword_id > 869)
  Rows Removed by Filter: 920332
Planning time: 0.310 ms
Execution time: 1984.473 ms
