Nested Loop  (cost=0.43..797556.58 rows=38 width=0) (actual time=8401.065..13547.430 rows=11 loops=1)
  ->  Seq Scan on cast_info ci  (cost=0.00..796071.18 rows=176 width=4) (actual time=8400.605..13509.666 rows=1497 loops=1)
        Filter: ((role_id = 1) AND (person_id = 237984))
        Rows Removed by Filter: 36242847
  ->  Index Scan using title_pkey on title t  (cost=0.43..8.43 rows=1 width=4) (actual time=0.025..0.025 rows=0 loops=1497)
        Index Cond: (id = ci.movie_id)
        Filter: ((production_year > 1969) AND (kind_id = 1))
        Rows Removed by Filter: 1
Planning time: 0.898 ms
Execution time: 13547.553 ms
