Seq Scan on movie_keyword mk  (cost=0.00..81003.12 rows=3805947 width=0) (actual time=1.170..1571.785 rows=3802913 loops=1)
  Filter: (keyword_id < 25999)
  Rows Removed by Filter: 721017
Planning time: 0.333 ms
Execution time: 2032.126 ms
