Seq Scan on movie_companies mc  (cost=0.00..51404.11 rows=1467950 width=0) (actual time=83.537..1054.042 rows=1471629 loops=1)
  Filter: (company_id > 8494)
  Rows Removed by Filter: 1137500
Planning time: 0.322 ms
Execution time: 1237.156 ms
