Seq Scan on movie_companies mc  (cost=0.00..57926.93 rows=53 width=0) (actual time=76.511..760.715 rows=291 loops=1)
  Filter: ((company_id = 85264) AND (company_type_id = 2))
  Rows Removed by Filter: 2608838
Planning time: 0.377 ms
Execution time: 760.838 ms
