Hash Join  (cost=79601.51..159572.17 rows=356914 width=0) (actual time=1363.293..3888.603 rows=928236 loops=1)
  Hash Cond: (mc.movie_id = t.id)
  ->  Seq Scan on movie_companies mc  (cost=0.00..44881.29 rows=2609129 width=4) (actual time=0.015..915.169 rows=2609129 loops=1)
  ->  Hash  (cost=73925.90..73925.90 rows=345888 width=4) (actual time=1362.283..1362.283 rows=457402 loops=1)
        Buckets: 131072  Batches: 8  Memory Usage: 3047kB
        ->  Seq Scan on title t  (cost=0.00..73925.90 rows=345888 width=4) (actual time=0.038..1216.151 rows=457402 loops=1)
              Filter: ((kind_id < 7) AND (production_year < 1997))
              Rows Removed by Filter: 2070910
Planning time: 0.806 ms
Execution time: 4005.064 ms
