Seq Scan on movie_companies mc  (cost=0.00..51404.11 rows=1668692 width=0) (actual time=0.022..996.270 rows=1659757 loops=1)
  Filter: (company_id < 18631)
  Rows Removed by Filter: 949372
Planning time: 0.336 ms
Execution time: 1198.385 ms
