Hash Join  (cost=797959.32..852625.75 rows=90 width=0) (actual time=13785.417..14876.563 rows=331 loops=1)
  Hash Cond: (mc.movie_id = t.id)
  ->  Seq Scan on movie_companies mc  (cost=0.00..44881.29 rows=2609129 width=4) (actual time=0.016..645.157 rows=2609129 loops=1)
  ->  Hash  (cost=797958.22..797958.22 rows=88 width=8) (actual time=13770.438..13770.438 rows=33 loops=1)
        Buckets: 1024  Batches: 1  Memory Usage: 10kB
        ->  Nested Loop  (cost=0.43..797958.22 rows=88 width=8) (actual time=6754.368..13770.383 rows=33 loops=1)
              ->  Seq Scan on cast_info ci  (cost=0.00..796071.18 rows=224 width=4) (actual time=6754.282..13767.437 rows=110 loops=1)
                    Filter: ((role_id > 2) AND (person_id = 2659228))
                    Rows Removed by Filter: 36244234
              ->  Index Scan using title_pkey on title t  (cost=0.43..8.41 rows=1 width=4) (actual time=0.026..0.026 rows=0 loops=110)
                    Index Cond: (id = ci.movie_id)
                    Filter: (kind_id < 7)
                    Rows Removed by Filter: 1
Planning time: 1.281 ms
Execution time: 14876.762 ms
