Hash Join  (cost=103505.15..856680.01 rows=238573 width=0) (actual time=1973.801..19574.397 rows=371056 loops=1)
  Hash Cond: (ci.movie_id = t.id)
  ->  Seq Scan on cast_info ci  (cost=0.00..614943.12 rows=36225612 width=4) (actual time=0.030..9067.076 rows=36244344 loops=1)
  ->  Hash  (cost=103297.00..103297.00 rows=16652 width=8) (actual time=1973.559..1973.559 rows=16948 loops=1)
        Buckets: 32768  Batches: 1  Memory Usage: 919kB
        ->  Hash Join  (cost=74498.58..103297.00 rows=16652 width=8) (actual time=1203.621..1967.244 rows=16948 loops=1)
              Hash Cond: (mi_idx.movie_id = t.id)
              ->  Seq Scan on movie_info_idx mi_idx  (cost=0.00..25185.44 rows=919057 width=4) (actual time=0.020..543.747 rows=920110 loops=1)
                    Filter: (info_type_id > 99)
                    Rows Removed by Filter: 459925
              ->  Hash  (cost=73925.90..73925.90 rows=45814 width=4) (actual time=1203.284..1203.284 rows=55711 loops=1)
                    Buckets: 65536  Batches: 1  Memory Usage: 2471kB
                    ->  Seq Scan on title t  (cost=0.00..73925.90 rows=45814 width=4) (actual time=85.449..1182.018 rows=55711 loops=1)
                          Filter: ((production_year > 2005) AND (kind_id = 4))
                          Rows Removed by Filter: 2472601
Planning time: 1.139 ms
Execution time: 19630.677 ms
