Hash Join  (cost=301514.78..1721038.60 rows=31057515 width=0) (actual time=7299.783..62857.842 rows=106082824 loops=1)
  Hash Cond: (ci.movie_id = t.id)
  ->  Seq Scan on cast_info ci  (cost=0.00..705507.15 rows=27907438 width=4) (actual time=0.015..15946.739 rows=28021875 loops=1)
        Filter: (person_id > 803200)
        Rows Removed by Filter: 8222469
  ->  Hash  (cost=255348.57..255348.57 rows=2813937 width=8) (actual time=7297.876..7297.876 rows=2351567 loops=1)
        Buckets: 131072  Batches: 64  Memory Usage: 2451kB
        ->  Hash Join  (cost=93408.25..255348.57 rows=2813937 width=8) (actual time=2029.231..6329.948 rows=2351567 loops=1)
              Hash Cond: (mk.movie_id = t.id)
              ->  Seq Scan on movie_keyword mk  (cost=0.00..69693.30 rows=4523930 width=4) (actual time=0.021..1393.862 rows=4523930 loops=1)
              ->  Hash  (cost=67604.59..67604.59 rows=1572773 width=4) (actual time=2028.074..2028.074 rows=1570568 loops=1)
                    Buckets: 131072  Batches: 32  Memory Usage: 2759kB
                    ->  Seq Scan on title t  (cost=0.00..67604.59 rows=1572773 width=4) (actual time=0.016..1263.472 rows=1570568 loops=1)
                          Filter: (production_year > 1996)
                          Rows Removed by Filter: 957744
Planning time: 1.257 ms
Execution time: 74083.900 ms
