Hash Join  (cost=67942.77..126892.25 rows=20932 width=0) (actual time=1086.251..2523.976 rows=19411 loops=1)
  Hash Cond: (mc.movie_id = t.id)
  ->  Seq Scan on movie_companies mc  (cost=0.00..51404.11 rows=1956279 width=4) (actual time=0.014..993.931 rows=1965851 loops=1)
        Filter: (company_id > 858)
        Rows Removed by Filter: 643278
  ->  Hash  (cost=67604.59..67604.59 rows=27055 width=4) (actual time=1086.016..1086.016 rows=26775 loops=1)
        Buckets: 32768  Batches: 1  Memory Usage: 1198kB
        ->  Seq Scan on title t  (cost=0.00..67604.59 rows=27055 width=4) (actual time=0.112..1074.133 rows=26775 loops=1)
              Filter: (production_year = 1993)
              Rows Removed by Filter: 2501537
Planning time: 0.721 ms
Execution time: 2527.173 ms
