Hash Join  (cost=583149.24..1531328.66 rows=2959727 width=0) (actual time=15215.998..42177.226 rows=18217106 loops=1)
  Hash Cond: (ci.movie_id = t.id)
  ->  Seq Scan on cast_info ci  (cost=0.00..705507.15 rows=12726058 width=4) (actual time=107.210..14719.801 rows=12670688 loops=1)
        Filter: (role_id < 2)
        Rows Removed by Filter: 23573656
  ->  Hash  (cost=573500.42..573500.42 rows=588065 width=8) (actual time=15105.959..15105.959 rows=2273532 loops=1)
        Buckets: 131072 (originally 131072)  Batches: 32 (originally 8)  Memory Usage: 3778kB
        ->  Hash Join  (cost=75870.49..573500.42 rows=588065 width=8) (actual time=1265.200..14304.659 rows=2273532 loops=1)
              Hash Cond: (mi.movie_id = t.id)
              ->  Seq Scan on movie_info mi  (cost=0.00..346232.03 rows=12545135 width=4) (actual time=0.028..6567.042 rows=12601870 loops=1)
                    Filter: (info_type_id < 17)
                    Rows Removed by Filter: 2233850
              ->  Hash  (cost=73925.90..73925.90 rows=118527 width=4) (actual time=1261.427..1261.427 rows=217379 loops=1)
                    Buckets: 131072 (originally 131072)  Batches: 4 (originally 2)  Memory Usage: 3073kB
                    ->  Seq Scan on title t  (cost=0.00..73925.90 rows=118527 width=4) (actual time=0.049..1173.052 rows=217379 loops=1)
                          Filter: ((kind_id < 7) AND (production_year < 1965))
                          Rows Removed by Filter: 2310933
Planning time: 5.388 ms
Execution time: 44366.434 ms
