Seq Scan on cast_info ci  (cost=0.00..796071.18 rows=39796 width=0) (actual time=10693.580..11028.678 rows=199292 loops=1)
  Filter: ((person_id > 3296432) AND (role_id = 11))
  Rows Removed by Filter: 36045052
Planning time: 0.392 ms
Execution time: 11053.409 ms
