Hash Join  (cost=90606.68..453428.58 rows=325562 width=0) (actual time=3682.697..7713.001 rows=128233 loops=1)
  Hash Cond: (mi.movie_id = t.id)
  ->  Seq Scan on movie_info mi  (cost=0.00..346232.03 rows=809669 width=4) (actual time=2014.567..5293.191 rows=802140 loops=1)
        Filter: (info_type_id = 1)
        Rows Removed by Filter: 14033580
  ->  Hash  (cost=73925.90..73925.90 rows=1016702 width=4) (actual time=1667.014..1667.014 rows=960113 loops=1)
        Buckets: 131072  Batches: 16  Memory Usage: 3141kB
        ->  Seq Scan on title t  (cost=0.00..73925.90 rows=1016702 width=4) (actual time=0.032..1356.721 rows=960113 loops=1)
              Filter: ((production_year < 2008) AND (kind_id = 7))
              Rows Removed by Filter: 1568199
Planning time: 0.775 ms
Execution time: 7728.768 ms
