Hash Join  (cost=160526.42..275225.55 rows=679331 width=0) (actual time=3776.942..5741.556 rows=439851 loops=1)
  Hash Cond: (mk.movie_id = t.id)
  ->  Seq Scan on movie_keyword mk  (cost=0.00..81003.12 rows=2042585 width=4) (actual time=0.023..1539.366 rows=2046795 loops=1)
        Filter: (keyword_id < 3658)
        Rows Removed by Filter: 2477135
  ->  Hash  (cost=146729.58..146729.58 rows=840947 width=8) (actual time=3298.550..3298.550 rows=425718 loops=1)
        Buckets: 131072  Batches: 16  Memory Usage: 2068kB
        ->  Hash Join  (cost=92883.59..146729.58 rows=840947 width=8) (actual time=1781.494..3164.447 rows=425718 loops=1)
              Hash Cond: (mi_idx.movie_id = t.id)
              ->  Seq Scan on movie_info_idx mi_idx  (cost=0.00..21735.35 rows=1380035 width=4) (actual time=0.013..469.898 rows=1380035 loops=1)
              ->  Hash  (cost=67604.59..67604.59 rows=1540800 width=4) (actual time=1643.433..1643.433 rows=1543264 loops=1)
                    Buckets: 131072  Batches: 32  Memory Usage: 2722kB
                    ->  Seq Scan on title t  (cost=0.00..67604.59 rows=1540800 width=4) (actual time=0.015..1150.806 rows=1543264 loops=1)
                          Filter: (kind_id = 7)
                          Rows Removed by Filter: 985048
Planning time: 1.179 ms
Execution time: 5779.344 ms
