Hash Join  (cost=83810.17..1269506.67 rows=12028715 width=0) (actual time=1399.737..37526.136 rows=12525520 loops=1)
  Hash Cond: (ci.movie_id = t.id)
  ->  Seq Scan on cast_info ci  (cost=0.00..705507.15 rows=30792851 width=4) (actual time=0.027..15813.001 rows=30741544 loops=1)
        Filter: (person_id < 3103693)
        Rows Removed by Filter: 5502800
  ->  Hash  (cost=67604.59..67604.59 rows=987727 width=4) (actual time=1398.916..1398.916 rows=985048 loops=1)
        Buckets: 131072  Batches: 16  Memory Usage: 3188kB
        ->  Seq Scan on title t  (cost=0.00..67604.59 rows=987727 width=4) (actual time=0.026..1095.804 rows=985048 loops=1)
              Filter: (kind_id < 7)
              Rows Removed by Filter: 1543264
Planning time: 0.814 ms
Execution time: 38953.909 ms
