Seq Scan on movie_companies mc  (cost=0.00..57926.93 rows=340598 width=0) (actual time=0.015..2448.910 rows=33973 loops=1)
  Filter: ((company_id > 45503) AND (company_type_id = 1))
  Rows Removed by Filter: 2575156
Planning time: 0.352 ms
Execution time: 2453.754 ms
