Hash Join  (cost=217858.32..335338.94 rows=977942 width=0) (actual time=10701.024..18158.096 rows=3459959 loops=1)
  Hash Cond: (mk.movie_id = t.id)
  ->  Seq Scan on movie_keyword mk  (cost=0.00..81003.12 rows=1859755 width=4) (actual time=0.020..4928.265 rows=1865688 loops=1)
        Filter: (keyword_id > 7388)
        Rows Removed by Filter: 2658242
  ->  Hash  (cost=196044.17..196044.17 rows=1329612 width=8) (actual time=10699.330..10699.330 rows=1334883 loops=1)
        Buckets: 131072  Batches: 32  Memory Usage: 2660kB
        ->  Hash Join  (cost=102767.86..196044.17 rows=1329612 width=8) (actual time=6259.908..10249.465 rows=1334883 loops=1)
              Hash Cond: (mc.movie_id = t.id)
              ->  Seq Scan on movie_companies mc  (cost=0.00..51404.11 rows=1329612 width=4) (actual time=1011.925..2898.576 rows=1334883 loops=1)
                    Filter: (company_type_id > 1)
                    Rows Removed by Filter: 1274246
              ->  Hash  (cost=61283.27..61283.27 rows=2528527 width=4) (actual time=5246.632..5246.632 rows=2528312 loops=1)
                    Buckets: 131072  Batches: 64  Memory Usage: 2415kB
                    ->  Seq Scan on title t  (cost=0.00..61283.27 rows=2528527 width=4) (actual time=0.022..4100.131 rows=2528312 loops=1)
Planning time: 1.328 ms
Execution time: 18674.644 ms
