Hash Join  (cost=492362.62..1651437.78 rows=12194703 width=0) (actual time=23850.533..107921.916 rows=42725559 loops=1)
  Hash Cond: (ci.movie_id = t.id)
  ->  Seq Scan on cast_info ci  (cost=0.00..614943.12 rows=36225612 width=4) (actual time=0.023..46339.970 rows=36244344 loops=1)
  ->  Hash  (cost=478397.84..478397.84 rows=851183 width=8) (actual time=23846.225..23846.225 rows=1102330 loops=1)
        Buckets: 131072  Batches: 16  Memory Usage: 3745kB
        ->  Hash Join  (cost=85435.26..478397.84 rows=851183 width=8) (actual time=4775.526..23421.810 rows=1102330 loops=1)
              Hash Cond: (mi.movie_id = t.id)
              ->  Seq Scan on movie_info mi  (cost=0.00..346232.03 rows=3068194 width=4) (actual time=0.014..16029.670 rows=3036719 loops=1)
                    Filter: (info_type_id = 16)
                    Rows Removed by Filter: 11799001
              ->  Hash  (cost=73925.90..73925.90 rows=701468 width=4) (actual time=4774.147..4774.147 rows=749931 loops=1)
                    Buckets: 131072  Batches: 16  Memory Usage: 2682kB
                    ->  Seq Scan on title t  (cost=0.00..73925.90 rows=701468 width=4) (actual time=0.017..3861.481 rows=749931 loops=1)
                          Filter: ((kind_id < 7) AND (production_year < 2009))
                          Rows Removed by Filter: 1778381
Planning time: 1.277 ms
Execution time: 113907.655 ms
