Hash Join  (cost=132963.89..231428.69 rows=175624 width=0) (actual time=7436.660..13633.002 rows=1643512 loops=1)
  Hash Cond: (mk.movie_id = t.id)
  ->  Seq Scan on movie_keyword mk  (cost=0.00..81003.12 rows=1236916 width=4) (actual time=0.032..4481.637 rows=1249167 loops=1)
        Filter: (keyword_id > 14441)
        Rows Removed by Filter: 3274763
  ->  Hash  (cost=127073.22..127073.22 rows=359014 width=8) (actual time=7435.870..7435.870 rows=636298 loops=1)
        Buckets: 131072 (originally 131072)  Batches: 16 (originally 8)  Memory Usage: 3073kB
        ->  Hash Join  (cost=83810.17..127073.22 rows=359014 width=8) (actual time=4692.755..7186.728 rows=636298 loops=1)
              Hash Cond: (mi_idx.movie_id = t.id)
              ->  Seq Scan on movie_info_idx mi_idx  (cost=0.00..25185.44 rows=919057 width=4) (actual time=0.014..1394.494 rows=920110 loops=1)
                    Filter: (info_type_id > 99)
                    Rows Removed by Filter: 459925
              ->  Hash  (cost=67604.59..67604.59 rows=987727 width=4) (actual time=4691.912..4691.912 rows=985048 loops=1)
                    Buckets: 131072  Batches: 16  Memory Usage: 3188kB
                    ->  Seq Scan on title t  (cost=0.00..67604.59 rows=987727 width=4) (actual time=0.017..3970.030 rows=985048 loops=1)
                          Filter: (kind_id < 7)
                          Rows Removed by Filter: 1543264
Planning time: 1.106 ms
Execution time: 13865.321 ms
