Hash Join  (cost=83290.71..126328.45 rows=311526 width=0) (actual time=4416.208..7650.480 rows=493655 loops=1)
  Hash Cond: (mi_idx.movie_id = t.id)
  ->  Seq Scan on movie_info_idx mi_idx  (cost=0.00..21735.35 rows=1380035 width=4) (actual time=0.019..1617.078 rows=1380035 loops=1)
  ->  Hash  (cost=73925.90..73925.90 rows=570784 width=4) (actual time=4415.384..4415.384 rows=450312 loops=1)
        Buckets: 131072  Batches: 8  Memory Usage: 3016kB
        ->  Seq Scan on title t  (cost=0.00..73925.90 rows=570784 width=4) (actual time=1187.898..4220.688 rows=450312 loops=1)
              Filter: ((production_year > 1964) AND (kind_id = 1))
              Rows Removed by Filter: 2078000
Planning time: 4.685 ms
Execution time: 7743.044 ms
