Hash Join  (cost=95611.09..150401.88 rows=12527 width=0) (actual time=5229.456..8824.642 rows=41880 loops=1)
  Hash Cond: (mc.movie_id = t.id)
  ->  Seq Scan on movie_companies mc  (cost=0.00..44881.29 rows=2609129 width=4) (actual time=0.015..2672.011 rows=2609129 loops=1)
  ->  Hash  (cost=95459.34..95459.34 rows=12140 width=8) (actual time=5229.299..5229.299 rows=15100 loops=1)
        Buckets: 16384  Batches: 1  Memory Usage: 718kB
        ->  Hash Join  (cost=68449.54..95459.34 rows=12140 width=8) (actual time=3489.557..5222.206 rows=15100 loops=1)
              Hash Cond: (mi_idx.movie_id = t.id)
              ->  Seq Scan on movie_info_idx mi_idx  (cost=0.00..25185.44 rows=454124 width=4) (actual time=0.026..1564.226 rows=459925 loops=1)
                    Filter: (info_type_id = 100)
                    Rows Removed by Filter: 920110
              ->  Hash  (cost=67604.59..67604.59 rows=67596 width=4) (actual time=3488.898..3488.898 rows=67777 loops=1)
                    Buckets: 131072  Batches: 1  Memory Usage: 3407kB
                    ->  Seq Scan on title t  (cost=0.00..67604.59 rows=67596 width=4) (actual time=0.039..3457.767 rows=67777 loops=1)
                          Filter: (production_year = 2003)
                          Rows Removed by Filter: 2460535
Planning time: 5.324 ms
Execution time: 8831.964 ms
