Hash Join  (cost=798388.90..1163060.92 rows=1609 width=0) (actual time=13763.207..21159.348 rows=2474 loops=1)
  Hash Cond: (mi.movie_id = t.id)
  ->  Seq Scan on movie_info mi  (cost=0.00..309384.22 rows=14739122 width=4) (actual time=0.015..4712.464 rows=14835720 loops=1)
  ->  Hash  (cost=798385.45..798385.45 rows=276 width=8) (actual time=13752.004..13752.004 rows=120 loops=1)
        Buckets: 1024  Batches: 1  Memory Usage: 13kB
        ->  Nested Loop  (cost=0.43..798385.45 rows=276 width=8) (actual time=11248.416..13751.920 rows=120 loops=1)
              ->  Seq Scan on cast_info ci  (cost=0.00..796071.18 rows=276 width=4) (actual time=11248.211..13747.793 rows=120 loops=1)
                    Filter: ((role_id < 3) AND (person_id = 128960))
                    Rows Removed by Filter: 36244224
              ->  Index Only Scan using title_pkey on title t  (cost=0.43..8.38 rows=1 width=4) (actual time=0.033..0.033 rows=1 loops=120)
                    Index Cond: (id = ci.movie_id)
                    Heap Fetches: 120
Planning time: 1.210 ms
Execution time: 21160.153 ms
