Seq Scan on cast_info ci  (cost=0.00..796071.18 rows=1172765 width=0) (actual time=5099.862..38730.842 rows=1088176 loops=1)
  Filter: ((person_id < 1519035) AND (role_id = 4))
  Rows Removed by Filter: 35156168
Planning time: 0.347 ms
Execution time: 38925.595 ms
