Hash Join  (cost=156209.36..262589.67 rows=317334 width=0) (actual time=8022.721..14183.605 rows=1350721 loops=1)
  Hash Cond: (mk.movie_id = t.id)
  ->  Seq Scan on movie_keyword mk  (cost=0.00..81003.12 rows=1766893 width=4) (actual time=0.027..4698.587 rows=1771824 loops=1)
        Filter: (keyword_id > 7823)
        Rows Removed by Filter: 2752106
  ->  Hash  (cost=148758.81..148758.81 rows=454124 width=8) (actual time=8021.939..8021.939 rows=459925 loops=1)
        Buckets: 131072  Batches: 8  Memory Usage: 3284kB
        ->  Hash Join  (cost=102767.86..148758.81 rows=454124 width=8) (actual time=5374.803..7872.933 rows=459925 loops=1)
              Hash Cond: (mi_idx.movie_id = t.id)
              ->  Seq Scan on movie_info_idx mi_idx  (cost=0.00..25185.44 rows=454124 width=4) (actual time=0.025..1575.228 rows=459925 loops=1)
                    Filter: (info_type_id = 100)
                    Rows Removed by Filter: 920110
              ->  Hash  (cost=61283.27..61283.27 rows=2528527 width=4) (actual time=5373.390..5373.390 rows=2528312 loops=1)
                    Buckets: 131072  Batches: 64  Memory Usage: 2415kB
                    ->  Seq Scan on title t  (cost=0.00..61283.27 rows=2528527 width=4) (actual time=0.008..4286.571 rows=2528312 loops=1)
Planning time: 2.777 ms
Execution time: 14364.722 ms
