Hash Join  (cost=83073.49..431075.52 rows=18 width=0) (actual time=11168.715..18975.965 rows=27082 loops=1)
  Hash Cond: (mi.movie_id = t.id)
  ->  Seq Scan on movie_info mi  (cost=0.00..346232.03 rows=471955 width=4) (actual time=7177.971..14947.290 rows=543367 loops=1)
        Filter: (info_type_id > 98)
        Rows Removed by Filter: 14292353
  ->  Hash  (cost=83072.29..83072.29 rows=96 width=8) (actual time=3900.329..3900.329 rows=1871 loops=1)
        Buckets: 2048 (originally 1024)  Batches: 1 (originally 1)  Memory Usage: 90kB
        ->  Nested Loop  (cost=0.43..83072.29 rows=96 width=8) (actual time=0.147..3898.914 rows=1871 loops=1)
              ->  Seq Scan on movie_keyword mk  (cost=0.00..81003.12 rows=246 width=4) (actual time=0.046..3591.158 rows=2018 loops=1)
                    Filter: (keyword_id = 3576)
                    Rows Removed by Filter: 4521912
              ->  Index Scan using title_pkey on title t  (cost=0.43..8.40 rows=1 width=4) (actual time=0.151..0.151 rows=1 loops=2018)
                    Index Cond: (id = mk.movie_id)
                    Filter: (kind_id < 7)
                    Rows Removed by Filter: 0
Planning time: 1.215 ms
Execution time: 18979.802 ms
