Hash Join  (cost=245808.36..869693.67 rows=11776348 width=0) (actual time=5911.753..33083.818 rows=55074879 loops=1)
  Hash Cond: (mi.movie_id = t.id)
  ->  Seq Scan on movie_info mi  (cost=0.00..309384.22 rows=14739122 width=4) (actual time=0.017..5966.293 rows=14835720 loops=1)
  ->  Hash  (cost=212663.15..212663.15 rows=2020257 width=8) (actual time=5910.583..5910.583 rows=2022784 loops=1)
        Buckets: 131072  Batches: 32  Memory Usage: 3550kB
        ->  Hash Join  (cost=102767.86..212663.15 rows=2020257 width=8) (actual time=1999.849..5307.381 rows=2022784 loops=1)
              Hash Cond: (mc.movie_id = t.id)
              ->  Seq Scan on movie_companies mc  (cost=0.00..51404.11 rows=2020257 width=4) (actual time=0.112..1160.430 rows=2022784 loops=1)
                    Filter: (company_id > 664)
                    Rows Removed by Filter: 586345
              ->  Hash  (cost=61283.27..61283.27 rows=2528527 width=4) (actual time=1997.293..1997.293 rows=2528312 loops=1)
                    Buckets: 131072  Batches: 64  Memory Usage: 2415kB
                    ->  Seq Scan on title t  (cost=0.00..61283.27 rows=2528527 width=4) (actual time=0.018..1168.688 rows=2528312 loops=1)
Planning time: 1.081 ms
Execution time: 39277.187 ms
