Hash Join  (cost=157435.91..956656.35 rows=7906 width=0) (actual time=40385.400..40388.728 rows=30 loops=1)
  Hash Cond: (ci.movie_id = t.id)
  ->  Seq Scan on cast_info ci  (cost=0.00..796071.18 rows=210438 width=4) (actual time=15451.991..31963.896 rows=65652 loops=1)
        Filter: ((person_id < 123518) AND (role_id > 8))
        Rows Removed by Filter: 36178692
  ->  Hash  (cost=155876.38..155876.38 rows=95002 width=8) (actual time=8392.249..8392.249 rows=14221 loops=1)
        Buckets: 131072  Batches: 2  Memory Usage: 1302kB
        ->  Hash Join  (cost=68268.32..155876.38 rows=95002 width=8) (actual time=3170.377..8357.432 rows=14221 loops=1)
              Hash Cond: (mk.movie_id = t.id)
              ->  Seq Scan on movie_keyword mk  (cost=0.00..69693.30 rows=4523930 width=4) (actual time=0.023..4053.646 rows=4523930 loops=1)
              ->  Hash  (cost=67604.59..67604.59 rows=53099 width=4) (actual time=3169.886..3169.886 rows=51722 loops=1)
                    Buckets: 65536  Batches: 1  Memory Usage: 2331kB
                    ->  Seq Scan on title t  (cost=0.00..67604.59 rows=53099 width=4) (actual time=0.034..3142.098 rows=51722 loops=1)
                          Filter: (production_year < 1914)
                          Rows Removed by Filter: 2476590
Planning time: 1.058 ms
Execution time: 40388.961 ms
