Hash Join  (cost=102767.86..1046544.18 rows=5727824 width=0) (actual time=4951.121..58384.838 rows=11662134 loops=1)
  Hash Cond: (ci.movie_id = t.id)
  ->  Seq Scan on cast_info ci  (cost=0.00..796071.18 rows=5727824 width=4) (actual time=0.024..41207.721 rows=11662134 loops=1)
        Filter: ((person_id < 1602061) AND (role_id = 1))
        Rows Removed by Filter: 24582210
  ->  Hash  (cost=61283.27..61283.27 rows=2528527 width=4) (actual time=4949.674..4949.674 rows=2528312 loops=1)
        Buckets: 131072  Batches: 64  Memory Usage: 2415kB
        ->  Seq Scan on title t  (cost=0.00..61283.27 rows=2528527 width=4) (actual time=0.024..3900.525 rows=2528312 loops=1)
Planning time: 18.435 ms
Execution time: 59978.384 ms
