Seq Scan on cast_info ci  (cost=0.00..705507.15 rows=12980024 width=0) (actual time=0.027..35025.780 rows=12934765 loops=1)
  Filter: (person_id < 1278087)
  Rows Removed by Filter: 23309579
Planning time: 0.285 ms
Execution time: 37311.178 ms
