Hash Join  (cost=230170.91..404980.46 rows=2990402 width=0) (actual time=12055.783..21755.386 rows=4665395 loops=1)
  Hash Cond: (mk.movie_id = t.id)
  ->  Seq Scan on movie_keyword mk  (cost=0.00..81003.12 rows=4471882 width=4) (actual time=0.018..5191.641 rows=4475978 loops=1)
        Filter: (keyword_id > 47)
        Rows Removed by Filter: 47952
  ->  Hash  (cost=202430.20..202430.20 rows=1690857 width=8) (actual time=12054.771..12054.771 rows=1195240 loops=1)
        Buckets: 131072  Batches: 32  Memory Usage: 2463kB
        ->  Hash Join  (cost=100809.69..202430.20 rows=1690857 width=8) (actual time=5838.548..11636.252 rows=1195240 loops=1)
              Hash Cond: (mc.movie_id = t.id)
              ->  Seq Scan on movie_companies mc  (cost=0.00..44881.29 rows=2609129 width=4) (actual time=0.021..3339.842 rows=2609129 loops=1)
              ->  Hash  (cost=73925.90..73925.90 rows=1638623 width=4) (actual time=5837.865..5837.865 rows=1629839 loops=1)
                    Buckets: 131072  Batches: 32  Memory Usage: 2813kB
                    ->  Seq Scan on title t  (cost=0.00..73925.90 rows=1638623 width=4) (actual time=0.023..5059.485 rows=1629839 loops=1)
                          Filter: ((kind_id > 1) AND (production_year < 2012))
                          Rows Removed by Filter: 898473
Planning time: 1.077 ms
Execution time: 22419.495 ms
