Hash Join  (cost=98137.04..262981.53 rows=2793666 width=0) (actual time=5587.924..14418.366 rows=1339741 loops=1)
  Hash Cond: (mk.movie_id = t.id)
  ->  Seq Scan on movie_keyword mk  (cost=0.00..81003.12 rows=3795742 width=4) (actual time=0.022..5488.296 rows=3799422 loops=1)
        Filter: (keyword_id > 643)
        Rows Removed by Filter: 724508
  ->  Hash  (cost=67604.59..67604.59 rows=1860996 width=4) (actual time=5586.931..5586.931 rows=1865487 loops=1)
        Buckets: 131072  Batches: 32  Memory Usage: 3085kB
        ->  Seq Scan on title t  (cost=0.00..67604.59 rows=1860996 width=4) (actual time=0.023..4521.181 rows=1865487 loops=1)
              Filter: (kind_id > 1)
              Rows Removed by Filter: 662825
Planning time: 0.671 ms
Execution time: 14625.151 ms
