Nested Loop  (cost=0.43..83072.90 rows=3 width=0) (actual time=223.262..3761.269 rows=4 loops=1)
  ->  Seq Scan on movie_keyword mk  (cost=0.00..81003.12 rows=246 width=4) (actual time=1.028..3690.679 rows=259 loops=1)
        Filter: (keyword_id = 2037)
        Rows Removed by Filter: 4523671
  ->  Index Scan using title_pkey on title t  (cost=0.43..8.40 rows=1 width=4) (actual time=0.270..0.270 rows=0 loops=259)
        Index Cond: (id = mk.movie_id)
        Filter: ((kind_id = 1) AND (production_year = 2008))
        Rows Removed by Filter: 1
Planning time: 0.770 ms
Execution time: 3761.371 ms
