Hash Join  (cost=98044.23..262038.83 rows=2584555 width=0) (actual time=10026.714..13945.896 rows=621093 loops=1)
  Hash Cond: (mk.movie_id = t.id)
  ->  Seq Scan on movie_keyword mk  (cost=0.00..81003.12 rows=4445579 width=4) (actual time=0.026..5525.719 rows=4442397 loops=1)
        Filter: (keyword_id > 70)
        Rows Removed by Filter: 81533
  ->  Hash  (cost=73925.90..73925.90 rows=1470026 width=4) (actual time=5500.219..5500.219 rows=1478439 loops=1)
        Buckets: 131072  Batches: 32  Memory Usage: 2656kB
        ->  Seq Scan on title t  (cost=0.00..73925.90 rows=1470026 width=4) (actual time=602.392..4843.017 rows=1478439 loops=1)
              Filter: ((production_year > 1913) AND (kind_id = 7))
              Rows Removed by Filter: 1049873
Planning time: 23.518 ms
Execution time: 14022.289 ms
