Seq Scan on cast_info ci  (cost=0.00..796071.18 rows=332 width=0) (actual time=27490.402..40273.943 rows=210 loops=1)
  Filter: ((role_id < 4) AND (person_id = 2247749))
  Rows Removed by Filter: 36244134
Planning time: 8.844 ms
Execution time: 40274.088 ms
