Hash Join  (cost=102767.86..231800.20 rows=1585429 width=0) (actual time=5190.596..11925.517 rows=1595730 loops=1)
  Hash Cond: (mk.movie_id = t.id)
  ->  Seq Scan on movie_keyword mk  (cost=0.00..81003.12 rows=1585429 width=4) (actual time=0.026..4296.985 rows=1595730 loops=1)
        Filter: (keyword_id < 2447)
        Rows Removed by Filter: 2928200
  ->  Hash  (cost=61283.27..61283.27 rows=2528527 width=4) (actual time=5189.211..5189.211 rows=2528312 loops=1)
        Buckets: 131072  Batches: 64  Memory Usage: 2425kB
        ->  Seq Scan on title t  (cost=0.00..61283.27 rows=2528527 width=4) (actual time=0.016..3936.717 rows=2528312 loops=1)
Planning time: 0.658 ms
Execution time: 12144.106 ms
