Seq Scan on title t  (cost=0.00..73925.90 rows=4532 width=0) (actual time=0.036..3438.076 rows=8768 loops=1)
  Filter: ((kind_id = 7) AND (production_year = 1970))
  Rows Removed by Filter: 2519544
Planning time: 6.068 ms
Execution time: 3440.361 ms
