Hash Join  (cost=260592.58..1520075.11 rows=15793965 width=0) (actual time=11929.091..66618.403 rows=119046871 loops=1)
  Hash Cond: (ci.movie_id = t.id)
  ->  Seq Scan on cast_info ci  (cost=0.00..796071.18 rows=23319543 width=4) (actual time=4574.734..19396.702 rows=23269295 loops=1)
        Filter: ((person_id < 4006401) AND (role_id > 1))
        Rows Removed by Filter: 12975049
  ->  Hash  (cost=232495.93..232495.93 rows=1712532 width=8) (actual time=7352.688..7352.688 rows=3861759 loops=1)
        Buckets: 131072 (originally 131072)  Batches: 64 (originally 32)  Memory Usage: 3422kB
        ->  Hash Join  (cost=89629.57..232495.93 rows=1712532 width=8) (actual time=1602.011..6063.144 rows=3861759 loops=1)
              Hash Cond: (mk.movie_id = t.id)
              ->  Seq Scan on movie_keyword mk  (cost=0.00..69693.30 rows=4523930 width=4) (actual time=0.025..1427.982 rows=4523930 loops=1)
              ->  Hash  (cost=73925.90..73925.90 rows=957173 width=4) (actual time=1600.726..1600.726 rows=970091 loops=1)
                    Buckets: 131072  Batches: 16  Memory Usage: 3164kB
                    ->  Seq Scan on title t  (cost=0.00..73925.90 rows=957173 width=4) (actual time=0.021..1279.414 rows=970091 loops=1)
                          Filter: ((kind_id < 7) AND (production_year > 1900))
                          Rows Removed by Filter: 1558221
Planning time: 1.177 ms
Execution time: 79493.884 ms
