Seq Scan on movie_info mi  (cost=0.00..346232.03 rows=984464 width=0) (actual time=8389.535..15769.685 rows=1039881 loops=1)
  Filter: (info_type_id > 80)
  Rows Removed by Filter: 13795839
Planning time: 0.316 ms
Execution time: 15979.090 ms
