Hash Join  (cost=78556.72..177234.26 rows=280047 width=0) (actual time=3697.071..9304.440 rows=683394 loops=1)
  Hash Cond: (mk.movie_id = t.id)
  ->  Seq Scan on movie_keyword mk  (cost=0.00..81003.12 rows=1060785 width=4) (actual time=0.023..4397.482 rows=1068659 loops=1)
        Filter: (keyword_id > 16496)
        Rows Removed by Filter: 3455271
  ->  Hash  (cost=67604.59..67604.59 rows=667531 width=4) (actual time=3695.725..3695.725 rows=662825 loops=1)
        Buckets: 131072  Batches: 16  Memory Usage: 2486kB
        ->  Seq Scan on title t  (cost=0.00..67604.59 rows=667531 width=4) (actual time=1560.996..3402.001 rows=662825 loops=1)
              Filter: (kind_id < 2)
              Rows Removed by Filter: 1865487
Planning time: 0.803 ms
Execution time: 9401.872 ms
