Hash Join  (cost=102767.86..216350.60 rows=943361 width=0) (actual time=4425.297..9628.609 rows=954273 loops=1)
  Hash Cond: (mk.movie_id = t.id)
  ->  Seq Scan on movie_keyword mk  (cost=0.00..81003.12 rows=943361 width=4) (actual time=0.024..3876.991 rows=954273 loops=1)
        Filter: (keyword_id > 19875)
        Rows Removed by Filter: 3569657
  ->  Hash  (cost=61283.27..61283.27 rows=2528527 width=4) (actual time=4424.158..4424.158 rows=2528312 loops=1)
        Buckets: 131072  Batches: 64  Memory Usage: 2425kB
        ->  Seq Scan on title t  (cost=0.00..61283.27 rows=2528527 width=4) (actual time=0.013..3397.601 rows=2528312 loops=1)
Planning time: 9.769 ms
Execution time: 9758.256 ms
