Hash Join  (cost=263115.61..1306871.56 rows=10051289 width=0) (actual time=40149.518..65177.189 rows=14078112 loops=1)
  Hash Cond: (ci.movie_id = t.id)
  ->  Seq Scan on cast_info ci  (cost=0.00..796071.18 rows=9740782 width=4) (actual time=26032.640..41284.792 rows=6618216 loops=1)
        Filter: ((person_id > 821930) AND (role_id < 2))
        Rows Removed by Filter: 29626128
  ->  Hash  (cost=220309.49..220309.49 rows=2609129 width=8) (actual time=14115.220..14115.220 rows=2609129 loops=1)
        Buckets: 131072  Batches: 64  Memory Usage: 2610kB
        ->  Hash Join  (cost=102767.86..220309.49 rows=2609129 width=8) (actual time=6565.331..13237.382 rows=2609129 loops=1)
              Hash Cond: (mc.movie_id = t.id)
              ->  Seq Scan on movie_companies mc  (cost=0.00..44881.29 rows=2609129 width=4) (actual time=0.025..3220.259 rows=2609129 loops=1)
              ->  Hash  (cost=61283.27..61283.27 rows=2528527 width=4) (actual time=6553.211..6553.211 rows=2528312 loops=1)
                    Buckets: 131072  Batches: 64  Memory Usage: 2415kB
                    ->  Seq Scan on title t  (cost=0.00..61283.27 rows=2528527 width=4) (actual time=0.026..4814.042 rows=2528312 loops=1)
Planning time: 1.129 ms
Execution time: 67015.624 ms
