Hash Join  (cost=76016.62..432519.33 rows=40806 width=0) (actual time=7384.302..20996.263 rows=95551 loops=1)
  Hash Cond: (mi.movie_id = t.id)
  ->  Seq Scan on movie_info mi  (cost=0.00..346232.03 rows=809768 width=4) (actual time=3672.689..16762.011 rows=802140 loops=1)
        Filter: (info_type_id < 2)
        Rows Removed by Filter: 14033580
  ->  Hash  (cost=73925.90..73925.90 rows=127417 width=4) (actual time=3535.822..3535.822 rows=227909 loops=1)
        Buckets: 131072 (originally 131072)  Batches: 4 (originally 2)  Memory Usage: 3073kB
        ->  Seq Scan on title t  (cost=0.00..73925.90 rows=127417 width=4) (actual time=0.028..3230.997 rows=227909 loops=1)
              Filter: ((kind_id < 7) AND (production_year < 1967))
              Rows Removed by Filter: 2300403
Planning time: 0.710 ms
Execution time: 21029.071 ms
