Seq Scan on movie_keyword mk  (cost=0.00..81003.12 rows=3350581 width=0) (actual time=0.025..4424.450 rows=3349321 loops=1)
  Filter: (keyword_id > 1386)
  Rows Removed by Filter: 1174609
Planning time: 0.263 ms
Execution time: 5004.681 ms
