Hash Join  (cost=74707.83..101959.72 rows=34141 width=0) (actual time=4278.757..4984.275 rows=51948 loops=1)
  Hash Cond: (mi_idx.movie_id = t.id)
  ->  Seq Scan on movie_info_idx mi_idx  (cost=0.00..21735.35 rows=1380035 width=4) (actual time=0.024..621.311 rows=1380035 loops=1)
  ->  Hash  (cost=73925.90..73925.90 rows=62554 width=4) (actual time=3699.877..3699.877 rows=87409 loops=1)
        Buckets: 131072 (originally 65536)  Batches: 2 (originally 1)  Memory Usage: 3073kB
        ->  Seq Scan on title t  (cost=0.00..73925.90 rows=62554 width=4) (actual time=0.011..3649.571 rows=87409 loops=1)
              Filter: ((production_year > 2000) AND (kind_id = 4))
              Rows Removed by Filter: 2440903
Planning time: 0.545 ms
Execution time: 4992.002 ms
