Seq Scan on movie_keyword mk  (cost=0.00..81003.12 rows=910217 width=0) (actual time=0.027..3814.241 rows=914351 loops=1)
  Filter: (keyword_id < 866)
  Rows Removed by Filter: 3609579
Planning time: 5.940 ms
Execution time: 3970.688 ms
