Seq Scan on movie_keyword mk  (cost=0.00..81003.12 rows=2289020 width=0) (actual time=0.025..4199.930 rows=2295916 loops=1)
  Filter: (keyword_id > 4577)
  Rows Removed by Filter: 2228014
Planning time: 3.321 ms
Execution time: 4692.044 ms
