Hash Join  (cost=619130.52..1642659.51 rows=11428241 width=0) (actual time=37858.906..107517.480 rows=46344324 loops=1)
  Hash Cond: (ci.movie_id = t.id)
  ->  Seq Scan on cast_info ci  (cost=0.00..705507.15 rows=12726058 width=4) (actual time=0.023..44410.819 rows=12670688 loops=1)
        Filter: (role_id = 1)
        Rows Removed by Filter: 23573656
  ->  Hash  (cost=581877.21..581877.21 rows=2270665 width=8) (actual time=37856.798..37856.798 rows=3230316 loops=1)
        Buckets: 131072 (originally 131072)  Batches: 64 (originally 32)  Memory Usage: 3073kB
        ->  Hash Join  (cost=82400.67..581877.21 rows=2270665 width=8) (actual time=4079.596..36535.359 rows=3230316 loops=1)
              Hash Cond: (mi.movie_id = t.id)
              ->  Seq Scan on movie_info mi  (cost=0.00..346232.03 rows=11115165 width=4) (actual time=0.011..23980.105 rows=11210743 loops=1)
                    Filter: (info_type_id > 3)
                    Rows Removed by Filter: 3624977
              ->  Hash  (cost=73925.90..73925.90 rows=516541 width=4) (actual time=4078.693..4078.693 rows=440918 loops=1)
                    Buckets: 131072  Batches: 8  Memory Usage: 2967kB
                    ->  Seq Scan on title t  (cost=0.00..73925.90 rows=516541 width=4) (actual time=0.018..3896.374 rows=440918 loops=1)
                          Filter: ((kind_id < 7) AND (production_year > 2001))
                          Rows Removed by Filter: 2087394
Planning time: 6.960 ms
Execution time: 114010.982 ms
