Seq Scan on movie_keyword mk  (cost=0.00..81003.12 rows=246 width=0) (actual time=16.714..3734.790 rows=970 loops=1)
  Filter: (keyword_id = 2218)
  Rows Removed by Filter: 4522960
Planning time: 0.311 ms
Execution time: 3735.277 ms
