Hash Join  (cost=177783.28..307182.19 rows=607088 width=0) (actual time=3776.808..7680.535 rows=2819190 loops=1)
  Hash Cond: (mk.movie_id = t.id)
  ->  Seq Scan on movie_keyword mk  (cost=0.00..69693.30 rows=4523930 width=4) (actual time=0.019..1360.851 rows=4523930 loops=1)
  ->  Hash  (cost=172215.84..172215.84 rows=339315 width=8) (actual time=3775.760..3775.760 rows=341814 loops=1)
        Buckets: 131072  Batches: 8  Memory Usage: 2716kB
        ->  Hash Join  (cost=102767.86..172215.84 rows=339315 width=8) (actual time=2274.491..3666.095 rows=341814 loops=1)
              Hash Cond: (mc.movie_id = t.id)
              ->  Seq Scan on movie_companies mc  (cost=0.00..51404.11 rows=339315 width=4) (actual time=269.474..940.239 rows=341814 loops=1)
                    Filter: (company_id > 89108)
                    Rows Removed by Filter: 2267315
              ->  Hash  (cost=61283.27..61283.27 rows=2528527 width=4) (actual time=2003.124..2003.124 rows=2528312 loops=1)
                    Buckets: 131072  Batches: 64  Memory Usage: 2415kB
                    ->  Seq Scan on title t  (cost=0.00..61283.27 rows=2528527 width=4) (actual time=0.023..1123.915 rows=2528312 loops=1)
Planning time: 1.345 ms
Execution time: 8011.533 ms
