Hash Join  (cost=256633.84..1398444.89 rows=11022160 width=0) (actual time=13397.208..94105.470 rows=38434383 loops=1)
  Hash Cond: (ci.movie_id = t.id)
  ->  Seq Scan on cast_info ci  (cost=0.00..796071.18 rows=17907254 width=4) (actual time=0.029..51266.359 rows=20054457 loops=1)
        Filter: ((person_id < 2141057) AND (role_id < 9))
        Rows Removed by Filter: 16189887
  ->  Hash  (cost=231099.56..231099.56 rows=1556343 width=8) (actual time=13395.770..13395.770 rows=1561478 loops=1)
        Buckets: 131072  Batches: 32  Memory Usage: 2913kB
        ->  Hash Join  (cost=102767.86..231099.56 rows=1556343 width=8) (actual time=5565.796..12840.417 rows=1561478 loops=1)
              Hash Cond: (mk.movie_id = t.id)
              ->  Seq Scan on movie_keyword mk  (cost=0.00..81003.12 rows=1556343 width=4) (actual time=0.010..4875.787 rows=1561478 loops=1)
                    Filter: (keyword_id < 2342)
                    Rows Removed by Filter: 2962452
              ->  Hash  (cost=61283.27..61283.27 rows=2528527 width=4) (actual time=5560.994..5560.994 rows=2528312 loops=1)
                    Buckets: 131072  Batches: 64  Memory Usage: 2425kB
                    ->  Seq Scan on title t  (cost=0.00..61283.27 rows=2528527 width=4) (actual time=0.018..4380.849 rows=2528312 loops=1)
Planning time: 22.623 ms
Execution time: 99469.610 ms
