Seq Scan on cast_info ci  (cost=0.00..705507.15 rows=26705206 width=0) (actual time=0.025..39106.598 rows=26745193 loops=1)
  Filter: (person_id < 2755793)
  Rows Removed by Filter: 9499151
Planning time: 0.775 ms
Execution time: 44070.436 ms
