Hash Join  (cost=68078.69..434945.48 rows=221087 width=0) (actual time=3244.991..25447.566 rows=361662 loops=1)
  Hash Cond: (mi.movie_id = t.id)
  ->  Seq Scan on movie_info mi  (cost=0.00..309384.22 rows=14739122 width=4) (actual time=0.012..17044.381 rows=14835720 loops=1)
  ->  Hash  (cost=67604.59..67604.59 rows=37928 width=4) (actual time=3190.640..3190.640 rows=35050 loops=1)
        Buckets: 65536  Batches: 1  Memory Usage: 1745kB
        ->  Seq Scan on title t  (cost=0.00..67604.59 rows=37928 width=4) (actual time=927.949..3176.153 rows=35050 loops=1)
              Filter: (production_year < 1912)
              Rows Removed by Filter: 2493262
Planning time: 0.742 ms
Execution time: 25529.336 ms
