Hash Join  (cost=115078.48..170341.75 rows=59774 width=0) (actual time=6290.802..10530.970 rows=633431 loops=1)
  Hash Cond: (mc.movie_id = t.id)
  ->  Seq Scan on movie_companies mc  (cost=0.00..44881.29 rows=2609129 width=4) (actual time=0.022..2597.662 rows=2609129 loops=1)
  ->  Hash  (cost=114354.38..114354.38 rows=57928 width=8) (actual time=6202.572..6202.572 rows=171577 loops=1)
        Buckets: 131072 (originally 65536)  Batches: 4 (originally 1)  Memory Usage: 3073kB
        ->  Hash Join  (cost=75667.62..114354.38 rows=57928 width=8) (actual time=3917.109..6133.182 rows=171577 loops=1)
              Hash Cond: (mi_idx.movie_id = t.id)
              ->  Seq Scan on movie_info_idx mi_idx  (cost=0.00..21735.35 rows=1380035 width=4) (actual time=0.018..1541.868 rows=1380035 loops=1)
              ->  Hash  (cost=73925.90..73925.90 rows=106137 width=4) (actual time=3741.833..3741.833 rows=235647 loops=1)
                    Buckets: 131072 (originally 131072)  Batches: 4 (originally 2)  Memory Usage: 3096kB
                    ->  Seq Scan on title t  (cost=0.00..73925.90 rows=106137 width=4) (actual time=0.018..3335.177 rows=235647 loops=1)
                          Filter: ((production_year < 1972) AND (kind_id = 1))
                          Rows Removed by Filter: 2292665
Planning time: 1.109 ms
Execution time: 10645.688 ms
