Hash Join  (cost=73994.33..462148.85 rows=24063 width=0) (actual time=3504.563..27359.925 rows=32988 loops=1)
  Hash Cond: (mi.movie_id = t.id)
  ->  Seq Scan on movie_info mi  (cost=0.00..346232.03 rows=11115165 width=4) (actual time=0.014..20694.504 rows=11210743 loops=1)
        Filter: (info_type_id > 3)
        Rows Removed by Filter: 3624977
  ->  Hash  (cost=73925.90..73925.90 rows=5474 width=4) (actual time=3504.161..3504.161 rows=7792 loops=1)
        Buckets: 8192  Batches: 1  Memory Usage: 338kB
        ->  Seq Scan on title t  (cost=0.00..73925.90 rows=5474 width=4) (actual time=0.100..3499.929 rows=7792 loops=1)
              Filter: ((kind_id > 1) AND (production_year = 1963))
              Rows Removed by Filter: 2520520
Planning time: 0.764 ms
Execution time: 27365.656 ms
