Seq Scan on movie_keyword mk  (cost=0.00..81003.12 rows=3025777 width=0) (actual time=0.027..4503.252 rows=3004612 loops=1)
  Filter: (keyword_id < 10645)
  Rows Removed by Filter: 1519318
Planning time: 27.723 ms
Execution time: 5003.502 ms
