Hash Join  (cost=431414.90..1148213.00 rows=51759 width=0) (actual time=20360.687..51455.669 rows=68620 loops=1)
  Hash Cond: (ci.movie_id = t.id)
  ->  Seq Scan on cast_info ci  (cost=0.00..705507.15 rows=2872894 width=4) (actual time=67.145..29563.485 rows=2822760 loops=1)
        Filter: (person_id < 272583)
        Rows Removed by Filter: 33421584
  ->  Hash  (cost=430845.47..430845.47 rows=45555 width=8) (actual time=20209.345..20209.345 rows=94347 loops=1)
        Buckets: 131072 (originally 65536)  Batches: 2 (originally 1)  Memory Usage: 3073kB
        ->  Hash Join  (cost=69090.10..430845.47 rows=45555 width=8) (actual time=3740.707..20146.000 rows=94347 loops=1)
              Hash Cond: (mi.movie_id = t.id)
              ->  Seq Scan on movie_info mi  (cost=0.00..346232.03 rows=1272478 width=4) (actual time=325.690..16000.142 rows=1325361 loops=1)
                    Filter: (info_type_id = 8)
                    Rows Removed by Filter: 13510359
              ->  Hash  (cost=67604.59..67604.59 rows=90521 width=4) (actual time=3414.372..3414.372 rows=90852 loops=1)
                    Buckets: 131072  Batches: 2  Memory Usage: 2632kB
                    ->  Seq Scan on title t  (cost=0.00..67604.59 rows=90521 width=4) (actual time=0.027..3372.230 rows=90852 loops=1)
                          Filter: (kind_id = 2)
                          Rows Removed by Filter: 2437460
Planning time: 1.174 ms
Execution time: 51473.249 ms
