Hash Join  (cost=151216.33..230186.26 rows=489915 width=0) (actual time=3412.050..5692.233 rows=1209744 loops=1)
  Hash Cond: (mc.movie_id = t.id)
  ->  Seq Scan on movie_companies mc  (cost=0.00..51404.11 rows=1716446 width=4) (actual time=0.012..1080.256 rows=1709068 loops=1)
        Filter: (company_id < 21425)
        Rows Removed by Filter: 900061
  ->  Hash  (cost=139375.05..139375.05 rows=721702 width=8) (actual time=3410.922..3410.922 rows=626561 loops=1)
        Buckets: 131072  Batches: 16  Memory Usage: 2548kB
        ->  Hash Join  (cost=89299.55..139375.05 rows=721702 width=8) (actual time=1688.717..3224.953 rows=626561 loops=1)
              Hash Cond: (mi_idx.movie_id = t.id)
              ->  Seq Scan on movie_info_idx mi_idx  (cost=0.00..21735.35 rows=1380035 width=4) (actual time=0.024..452.861 rows=1380035 loops=1)
              ->  Hash  (cost=67604.59..67604.59 rows=1322317 width=4) (actual time=1687.390..1687.390 rows=1322863 loops=1)
                    Buckets: 131072  Batches: 32  Memory Usage: 2481kB
                    ->  Seq Scan on title t  (cost=0.00..67604.59 rows=1322317 width=4) (actual time=0.029..1234.814 rows=1322863 loops=1)
                          Filter: (production_year > 2001)
                          Rows Removed by Filter: 1205449
Planning time: 1.196 ms
Execution time: 5840.566 ms
