Hash Join  (cost=129737.67..202361.32 rows=99560 width=0) (actual time=7089.973..10087.596 rows=226209 loops=1)
  Hash Cond: (mc.movie_id = t.id)
  ->  Seq Scan on movie_companies mc  (cost=0.00..57926.93 rows=1108027 width=4) (actual time=767.773..3162.119 rows=894500 loops=1)
        Filter: ((company_id < 78238) AND (company_type_id = 2))
        Rows Removed by Filter: 1714629
  ->  Hash  (cost=126009.70..126009.70 rows=227198 width=8) (actual time=6321.325..6321.325 rows=279975 loops=1)
        Buckets: 131072  Batches: 4  Memory Usage: 3767kB
        ->  Hash Join  (cost=88359.31..126009.70 rows=227198 width=8) (actual time=4338.753..6226.538 rows=279975 loops=1)
              Hash Cond: (mi_idx.movie_id = t.id)
              ->  Seq Scan on movie_info_idx mi_idx  (cost=0.00..25185.44 rows=454124 width=4) (actual time=0.020..1313.901 rows=459925 loops=1)
                    Filter: (info_type_id = 100)
                    Rows Removed by Filter: 920110
              ->  Hash  (cost=67604.59..67604.59 rows=1265018 width=4) (actual time=4337.915..4337.915 rows=1263700 loops=1)
                    Buckets: 131072  Batches: 32  Memory Usage: 2410kB
                    ->  Seq Scan on title t  (cost=0.00..67604.59 rows=1265018 width=4) (actual time=0.015..3807.050 rows=1263700 loops=1)
                          Filter: (production_year < 2004)
                          Rows Removed by Filter: 1264612
Planning time: 11.904 ms
Execution time: 10118.699 ms
