Seq Scan on movie_keyword mk  (cost=0.00..81003.12 rows=2265147 width=0) (actual time=0.015..4373.428 rows=2261210 loops=1)
  Filter: (keyword_id > 4704)
  Rows Removed by Filter: 2262720
Planning time: 0.271 ms
Execution time: 4747.797 ms
