Hash Join  (cost=74465.79..129577.00 rows=44568 width=0) (actual time=3200.513..7012.483 rows=64121 loops=1)
  Hash Cond: (mc.movie_id = t.id)
  ->  Seq Scan on movie_companies mc  (cost=0.00..44881.29 rows=2609129 width=4) (actual time=0.019..2810.889 rows=2609129 loops=1)
  ->  Hash  (cost=73925.90..73925.90 rows=43191 width=4) (actual time=3199.963..3199.963 rows=29779 loops=1)
        Buckets: 65536  Batches: 1  Memory Usage: 1559kB
        ->  Seq Scan on title t  (cost=0.00..73925.90 rows=43191 width=4) (actual time=0.032..3178.624 rows=29779 loops=1)
              Filter: ((kind_id < 4) AND (production_year = 2008))
              Rows Removed by Filter: 2498533
Planning time: 0.722 ms
Execution time: 7032.333 ms
