Seq Scan on movie_companies mc  (cost=0.00..51404.11 rows=1512093 width=0) (actual time=0.024..3250.385 rows=1497976 loops=1)
  Filter: (company_id < 13972)
  Rows Removed by Filter: 1111153
Planning time: 12.623 ms
Execution time: 3516.177 ms
