Seq Scan on movie_keyword mk  (cost=0.00..81003.12 rows=3836416 width=0) (actual time=0.010..4054.766 rows=3838851 loops=1)
  Filter: (keyword_id > 562)
  Rows Removed by Filter: 685079
Planning time: 0.291 ms
Execution time: 4828.445 ms
