Nested Loop  (cost=0.43..83072.90 rows=40 width=0) (actual time=2.186..3700.499 rows=550 loops=1)
  ->  Seq Scan on movie_keyword mk  (cost=0.00..81003.12 rows=246 width=4) (actual time=2.146..3467.759 rows=915 loops=1)
        Filter: (keyword_id = 15005)
        Rows Removed by Filter: 4523015
  ->  Index Scan using title_pkey on title t  (cost=0.43..8.40 rows=1 width=4) (actual time=0.252..0.253 rows=1 loops=915)
        Index Cond: (id = mk.movie_id)
        Filter: ((production_year < 2007) AND (kind_id = 1))
        Rows Removed by Filter: 0
Planning time: 0.743 ms
Execution time: 3700.873 ms
