Nested Loop  (cost=0.43..58358.39 rows=31 width=0) (actual time=838.664..2510.625 rows=21 loops=1)
  ->  Seq Scan on movie_companies mc  (cost=0.00..57926.93 rows=51 width=4) (actual time=836.777..2507.810 rows=22 loops=1)
        Filter: ((company_id = 26008) AND (company_type_id = 1))
        Rows Removed by Filter: 2609107
  ->  Index Scan using title_pkey on title t  (cost=0.43..8.45 rows=1 width=4) (actual time=0.122..0.123 rows=1 loops=22)
        Index Cond: (id = mc.movie_id)
        Filter: (production_year < 2007)
        Rows Removed by Filter: 0
Planning time: 3.924 ms
Execution time: 2510.741 ms
