Seq Scan on movie_companies mc  (cost=0.00..57926.93 rows=4947 width=0) (actual time=341.563..2467.460 rows=7120 loops=1)
  Filter: ((company_id = 2561) AND (company_type_id = 1))
  Rows Removed by Filter: 2602009
Planning time: 0.354 ms
Execution time: 2469.562 ms
