Hash Join  (cost=469969.47..1328078.92 rows=863838 width=0) (actual time=26107.961..78122.841 rows=17909861 loops=1)
  Hash Cond: (ci.movie_id = t.id)
  ->  Seq Scan on cast_info ci  (cost=0.00..796071.18 rows=4452503 width=4) (actual time=419.731..41001.018 rows=6943875 loops=1)
        Filter: ((person_id > 2970274) AND (role_id > 1))
        Rows Removed by Filter: 29300469
  ->  Hash  (cost=461920.42..461920.42 rows=490564 width=8) (actual time=25686.565..25686.565 rows=1235328 loops=1)
        Buckets: 131072 (originally 131072)  Batches: 32 (originally 8)  Memory Usage: 3939kB
        ->  Hash Join  (cost=83198.94..461920.42 rows=490564 width=8) (actual time=8124.951..25185.131 rows=1235328 loops=1)
              Hash Cond: (mi.movie_id = t.id)
              ->  Seq Scan on movie_info mi  (cost=0.00..346232.03 rows=2194617 width=4) (actual time=3321.601..18524.989 rows=2233850 loops=1)
                    Filter: (info_type_id > 16)
                    Rows Removed by Filter: 12601870
              ->  Hash  (cost=73925.90..73925.90 rows=565203 width=4) (actual time=4802.519..4802.519 rows=641785 loops=1)
                    Buckets: 131072  Batches: 8  Memory Usage: 3871kB
                    ->  Seq Scan on title t  (cost=0.00..73925.90 rows=565203 width=4) (actual time=0.034..3905.775 rows=641785 loops=1)
                          Filter: ((kind_id < 7) AND (production_year < 2006))
                          Rows Removed by Filter: 1886527
Planning time: 1.227 ms
Execution time: 80747.859 ms
