Hash Join  (cost=131882.21..219145.83 rows=60558 width=0) (actual time=2607.349..4432.238 rows=179102 loops=1)
  Hash Cond: (mk.movie_id = t.id)
  ->  Seq Scan on movie_keyword mk  (cost=0.00..69693.30 rows=4523930 width=4) (actual time=0.024..950.417 rows=4523930 loops=1)
  ->  Hash  (cost=131459.12..131459.12 rows=33847 width=8) (actual time=2606.923..2606.923 rows=40372 loops=1)
        Buckets: 65536  Batches: 1  Memory Usage: 2090kB
        ->  Hash Join  (cost=74730.49..131459.12 rows=33847 width=8) (actual time=1625.281..2591.679 rows=40372 loops=1)
              Hash Cond: (mc.movie_id = t.id)
              ->  Seq Scan on movie_companies mc  (cost=0.00..51404.11 rows=1329612 width=4) (actual time=408.070..1006.192 rows=1334883 loops=1)
                    Filter: (company_type_id > 1)
                    Rows Removed by Filter: 1274246
              ->  Hash  (cost=73925.90..73925.90 rows=64367 width=4) (actual time=1216.792..1216.792 rows=53905 loops=1)
                    Buckets: 65536  Batches: 1  Memory Usage: 2408kB
                    ->  Seq Scan on title t  (cost=0.00..73925.90 rows=64367 width=4) (actual time=0.020..1194.447 rows=53905 loops=1)
                          Filter: ((kind_id < 7) AND (production_year = 2012))
                          Rows Removed by Filter: 2474407
Planning time: 10.227 ms
Execution time: 4457.175 ms
