Hash Join  (cost=73950.44..438720.80 rows=11443 width=0) (actual time=3432.451..24222.016 rows=105780 loops=1)
  Hash Cond: (mi.movie_id = t.id)
  ->  Seq Scan on movie_info mi  (cost=0.00..309384.22 rows=14739122 width=4) (actual time=0.016..16236.216 rows=14835720 loops=1)
  ->  Hash  (cost=73925.90..73925.90 rows=1963 width=4) (actual time=3432.391..3432.391 rows=8902 loops=1)
        Buckets: 16384 (originally 2048)  Batches: 1 (originally 1)  Memory Usage: 441kB
        ->  Seq Scan on title t  (cost=0.00..73925.90 rows=1963 width=4) (actual time=1621.275..3428.361 rows=8902 loops=1)
              Filter: ((kind_id = 1) AND (production_year = 1913))
              Rows Removed by Filter: 2519410
Planning time: 0.744 ms
Execution time: 24241.113 ms
