Seq Scan on movie_keyword mk  (cost=0.00..81003.12 rows=246 width=0) (actual time=2.069..3861.936 rows=1506 loops=1)
  Filter: (keyword_id = 4611)
  Rows Removed by Filter: 4522424
Planning time: 0.327 ms
Execution time: 3862.666 ms
