Hash Join  (cost=244144.40..874927.80 rows=12422857 width=0) (actual time=6125.534..34229.448 rows=62056912 loops=1)
  Hash Cond: (mi.movie_id = t.id)
  ->  Seq Scan on movie_info mi  (cost=0.00..309384.22 rows=14739122 width=4) (actual time=0.023..5849.834 rows=14835720 loops=1)
  ->  Hash  (cost=209179.82..209179.82 rows=2131167 width=8) (actual time=6124.571..6124.571 rows=2289918 loops=1)
        Buckets: 131072  Batches: 32  Memory Usage: 3871kB
        ->  Hash Join  (cost=101489.21..209179.82 rows=2131167 width=8) (actual time=2079.678..5426.716 rows=2289918 loops=1)
              Hash Cond: (mc.movie_id = t.id)
              ->  Seq Scan on movie_companies mc  (cost=0.00..44881.29 rows=2609129 width=4) (actual time=0.019..889.731 rows=2609129 loops=1)
              ->  Hash  (cost=67604.59..67604.59 rows=2065330 width=4) (actual time=2078.301..2078.301 rows=2064552 loops=1)
                    Buckets: 131072  Batches: 32  Memory Usage: 3289kB
                    ->  Seq Scan on title t  (cost=0.00..67604.59 rows=2065330 width=4) (actual time=0.015..1425.398 rows=2064552 loops=1)
                          Filter: (production_year < 2011)
                          Rows Removed by Filter: 463760
Planning time: 1.235 ms
Execution time: 40967.532 ms
