Hash Join  (cost=206854.40..706228.66 rows=1833933 width=0) (actual time=11927.689..57860.700 rows=45892697 loops=1)
  Hash Cond: (mi.movie_id = t.id)
  ->  Seq Scan on movie_info mi  (cost=0.00..309384.22 rows=14739122 width=4) (actual time=0.003..22219.741 rows=14835720 loops=1)
  ->  Hash  (cost=201692.71..201692.71 rows=314615 width=8) (actual time=11926.473..11926.473 rows=1027463 loops=1)
        Buckets: 131072 (originally 131072)  Batches: 16 (originally 8)  Memory Usage: 3675kB
        ->  Hash Join  (cost=77815.08..201692.71 rows=314615 width=8) (actual time=3608.764..11540.577 rows=1027463 loops=1)
              Hash Cond: (mk.movie_id = t.id)
              ->  Seq Scan on movie_keyword mk  (cost=0.00..81003.12 rows=3355829 width=4) (actual time=0.026..5681.220 rows=3340949 loops=1)
                    Filter: (keyword_id < 15748)
                    Rows Removed by Filter: 1182981
              ->  Hash  (cost=73925.90..73925.90 rows=237054 width=4) (actual time=3608.020..3608.020 rows=349645 loops=1)
                    Buckets: 131072 (originally 131072)  Batches: 8 (originally 4)  Memory Usage: 3073kB
                    ->  Seq Scan on title t  (cost=0.00..73925.90 rows=237054 width=4) (actual time=0.018..3421.248 rows=349645 loops=1)
                          Filter: ((kind_id < 7) AND (production_year < 1986))
                          Rows Removed by Filter: 2178667
Planning time: 2.966 ms
Execution time: 64445.441 ms
