Hash Join  (cost=146525.76..1193502.67 rows=1282374 width=0) (actual time=7830.323..66457.927 rows=4704545 loops=1)
  Hash Cond: (ci.movie_id = t.id)
  ->  Seq Scan on cast_info ci  (cost=0.00..614943.12 rows=36225612 width=4) (actual time=0.013..37690.640 rows=36244344 loops=1)
  ->  Hash  (cost=145056.90..145056.90 rows=89509 width=8) (actual time=7829.239..7829.239 rows=287541 loops=1)
        Buckets: 131072 (originally 131072)  Batches: 4 (originally 2)  Memory Usage: 3836kB
        ->  Hash Join  (cost=76718.65..145056.90 rows=89509 width=8) (actual time=3951.469..7726.490 rows=287541 loops=1)
              Hash Cond: (mc.movie_id = t.id)
              ->  Seq Scan on movie_companies mc  (cost=0.00..51404.11 rows=1329612 width=4) (actual time=0.025..2917.511 rows=1334883 loops=1)
                    Filter: (company_type_id > 1)
                    Rows Removed by Filter: 1274246
              ->  Hash  (cost=73925.90..73925.90 rows=170220 width=4) (actual time=3950.802..3950.802 rows=305766 loops=1)
                    Buckets: 131072  Batches: 4  Memory Usage: 3713kB
                    ->  Seq Scan on title t  (cost=0.00..73925.90 rows=170220 width=4) (actual time=1861.593..3820.637 rows=305766 loops=1)
                          Filter: ((production_year < 1988) AND (kind_id = 1))
                          Rows Removed by Filter: 2222546
Planning time: 7.271 ms
Execution time: 67083.533 ms
