Seq Scan on movie_companies mc  (cost=0.00..57926.93 rows=51 width=0) (actual time=1684.286..2364.446 rows=3 loops=1)
  Filter: ((company_id = 35149) AND (company_type_id = 1))
  Rows Removed by Filter: 2609126
Planning time: 2.559 ms
Execution time: 2364.531 ms
