Seq Scan on movie_companies mc  (cost=0.00..57926.93 rows=739201 width=0) (actual time=0.023..2887.484 rows=958477 loops=1)
  Filter: ((company_id > 9171) AND (company_type_id = 2))
  Rows Removed by Filter: 1650652
Planning time: 0.331 ms
Execution time: 3053.332 ms
