Hash Join  (cost=80874.21..220506.41 rows=1447016 width=0) (actual time=5045.166..13705.425 rows=1999086 loops=1)
  Hash Cond: (mk.movie_id = t.id)
  ->  Seq Scan on movie_keyword mk  (cost=0.00..69693.30 rows=4523930 width=4) (actual time=0.022..5280.877 rows=4523930 loops=1)
  ->  Hash  (cost=67604.59..67604.59 rows=808770 width=4) (actual time=5043.870..5043.870 rows=812704 loops=1)
        Buckets: 131072  Batches: 16  Memory Usage: 2819kB
        ->  Seq Scan on title t  (cost=0.00..67604.59 rows=808770 width=4) (actual time=0.016..4387.613 rows=812704 loops=1)
              Filter: (production_year < 1995)
              Rows Removed by Filter: 1715608
Planning time: 0.737 ms
Execution time: 13974.396 ms
