Hash Join  (cost=81598.21..163300.03 rows=482530 width=0) (actual time=3749.201..9364.461 rows=1140346 loops=1)
  Hash Cond: (mc.movie_id = t.id)
  ->  Seq Scan on movie_companies mc  (cost=0.00..44881.29 rows=2609129 width=4) (actual time=0.018..2728.918 rows=2609129 loops=1)
  ->  Hash  (cost=73925.90..73925.90 rows=467624 width=4) (actual time=3748.432..3748.432 rows=557493 loops=1)
        Buckets: 131072  Batches: 8  Memory Usage: 3486kB
        ->  Seq Scan on title t  (cost=0.00..73925.90 rows=467624 width=4) (actual time=0.016..3480.425 rows=557493 loops=1)
              Filter: ((kind_id < 7) AND (production_year < 2003))
              Rows Removed by Filter: 1970819
Planning time: 0.745 ms
Execution time: 9530.589 ms
