Hash Join  (cost=83072.34..109982.84 rows=2 width=0) (actual time=4023.385..5522.600 rows=177 loops=1)
  Hash Cond: (mi_idx.movie_id = t.id)
  ->  Seq Scan on movie_info_idx mi_idx  (cost=0.00..21735.35 rows=1380035 width=4) (actual time=0.015..1219.503 rows=1380035 loops=1)
  ->  Hash  (cost=83072.29..83072.29 rows=4 width=8) (actual time=3989.452..3989.452 rows=60 loops=1)
        Buckets: 1024  Batches: 1  Memory Usage: 11kB
        ->  Nested Loop  (cost=0.43..83072.29 rows=4 width=8) (actual time=15.370..3989.327 rows=60 loops=1)
              ->  Seq Scan on movie_keyword mk  (cost=0.00..81003.12 rows=246 width=4) (actual time=0.049..3387.153 rows=3924 loops=1)
                    Filter: (keyword_id = 1741)
                    Rows Removed by Filter: 4520006
              ->  Index Scan using title_pkey on title t  (cost=0.43..8.40 rows=1 width=4) (actual time=0.153..0.153 rows=0 loops=3924)
                    Index Cond: (id = mk.movie_id)
                    Filter: (production_year = 1995)
                    Rows Removed by Filter: 1
Planning time: 1.474 ms
Execution time: 5522.782 ms
