Hash Join  (cost=798788.37..1163445.00 rows=70 width=0) (actual time=41982.735..61032.134 rows=487 loops=1)
  Hash Cond: (mi.movie_id = t.id)
  ->  Seq Scan on movie_info mi  (cost=0.00..309384.22 rows=14739122 width=4) (actual time=0.004..16808.428 rows=14835720 loops=1)
  ->  Hash  (cost=798788.22..798788.22 rows=12 width=8) (actual time=40594.001..40594.001 rows=122 loops=1)
        Buckets: 1024  Batches: 1  Memory Usage: 13kB
        ->  Nested Loop  (cost=0.43..798788.22 rows=12 width=8) (actual time=36048.850..40593.917 rows=122 loops=1)
              ->  Seq Scan on cast_info ci  (cost=0.00..796071.18 rows=324 width=4) (actual time=13343.656..40456.272 rows=2383 loops=1)
                    Filter: ((role_id > 1) AND (person_id = 1852808))
                    Rows Removed by Filter: 36241961
              ->  Index Scan using title_pkey on title t  (cost=0.43..8.38 rows=1 width=4) (actual time=0.057..0.057 rows=0 loops=2383)
                    Index Cond: (id = ci.movie_id)
                    Filter: (production_year = 2005)
                    Rows Removed by Filter: 1
Planning time: 1.262 ms
Execution time: 61033.349 ms
