Hash Join  (cost=102767.86..280991.57 rows=3629821 width=0) (actual time=2020.185..6544.696 rows=3625594 loops=1)
  Hash Cond: (mk.movie_id = t.id)
  ->  Seq Scan on movie_keyword mk  (cost=0.00..81003.12 rows=3629821 width=4) (actual time=0.026..1709.945 rows=3625594 loops=1)
        Filter: (keyword_id < 20556)
        Rows Removed by Filter: 898336
  ->  Hash  (cost=61283.27..61283.27 rows=2528527 width=4) (actual time=2017.063..2017.063 rows=2528312 loops=1)
        Buckets: 131072  Batches: 64  Memory Usage: 2425kB
        ->  Seq Scan on title t  (cost=0.00..61283.27 rows=2528527 width=4) (actual time=0.012..1153.732 rows=2528312 loops=1)
Planning time: 0.732 ms
Execution time: 6909.409 ms
