Hash Join  (cost=74498.58..101496.21 rows=8352 width=0) (actual time=1471.117..1885.092 rows=8474 loops=1)
  Hash Cond: (mi_idx.movie_id = t.id)
  ->  Seq Scan on movie_info_idx mi_idx  (cost=0.00..25185.44 rows=460978 width=4) (actual time=0.015..472.654 rows=459925 loops=1)
        Filter: (info_type_id = 99)
        Rows Removed by Filter: 920110
  ->  Hash  (cost=73925.90..73925.90 rows=45814 width=4) (actual time=1268.872..1268.872 rows=55711 loops=1)
        Buckets: 65536  Batches: 1  Memory Usage: 2471kB
        ->  Seq Scan on title t  (cost=0.00..73925.90 rows=45814 width=4) (actual time=99.316..1246.346 rows=55711 loops=1)
              Filter: ((production_year > 2005) AND (kind_id = 4))
              Rows Removed by Filter: 2472601
Planning time: 0.843 ms
Execution time: 1886.616 ms
