Hash Join  (cost=97066.09..263866.28 rows=3212824 width=0) (actual time=1955.739..6593.816 rows=3815930 loops=1)
  Hash Cond: (mk.movie_id = t.id)
  ->  Seq Scan on movie_keyword mk  (cost=0.00..69693.30 rows=4523930 width=4) (actual time=0.025..1454.049 rows=4523930 loops=1)
  ->  Hash  (cost=67604.59..67604.59 rows=1795720 width=4) (actual time=1953.457..1953.457 rows=1794153 loops=1)
        Buckets: 131072  Batches: 32  Memory Usage: 3001kB
        ->  Seq Scan on title t  (cost=0.00..67604.59 rows=1795720 width=4) (actual time=0.015..1344.441 rows=1794153 loops=1)
              Filter: (production_year < 2009)
              Rows Removed by Filter: 734159
Planning time: 1.519 ms
Execution time: 7027.507 ms
