Hash Join  (cost=234746.15..735444.36 rows=4249290 width=0) (actual time=12170.524..35698.148 rows=2417156 loops=1)
  Hash Cond: (mi.movie_id = t.id)
  ->  Seq Scan on movie_info mi  (cost=0.00..346232.03 rows=9293409 width=4) (actual time=0.023..18130.204 rows=9425200 loops=1)
        Filter: (info_type_id > 5)
        Rows Removed by Filter: 5410520
  ->  Hash  (cost=215777.45..215777.45 rows=1156136 width=8) (actual time=10130.512..10130.512 rows=292506 loops=1)
        Buckets: 131072  Batches: 16  Memory Usage: 1759kB
        ->  Hash Join  (cost=92883.59..215777.45 rows=1156136 width=8) (actual time=7215.173..10039.150 rows=292506 loops=1)
              Hash Cond: (mk.movie_id = t.id)
              ->  Seq Scan on movie_keyword mk  (cost=0.00..81003.12 rows=1897275 width=4) (actual time=0.014..3868.454 rows=1908049 loops=1)
                    Filter: (keyword_id > 7078)
                    Rows Removed by Filter: 2615881
              ->  Hash  (cost=67604.59..67604.59 rows=1540800 width=4) (actual time=4798.538..4798.538 rows=1543264 loops=1)
                    Buckets: 131072  Batches: 32  Memory Usage: 2728kB
                    ->  Seq Scan on title t  (cost=0.00..67604.59 rows=1540800 width=4) (actual time=0.027..3949.636 rows=1543264 loops=1)
                          Filter: (kind_id = 7)
                          Rows Removed by Filter: 985048
Planning time: 0.991 ms
Execution time: 36024.180 ms
