Hash Join  (cost=105948.29..191014.91 rows=13571 width=0) (actual time=2001.577..3589.824 rows=99246 loops=1)
  Hash Cond: (mk.movie_id = t.id)
  ->  Seq Scan on movie_keyword mk  (cost=0.00..81003.12 rows=1047410 width=4) (actual time=0.020..1366.962 rows=1050037 loops=1)
        Filter: (keyword_id < 1046)
        Rows Removed by Filter: 3473893
  ->  Hash  (cost=105538.78..105538.78 rows=32761 width=8) (actual time=2001.344..2001.344 rows=75372 loops=1)
        Buckets: 131072 (originally 32768)  Batches: 1 (originally 1)  Memory Usage: 3969kB
        ->  Hash Join  (cost=69090.10..105538.78 rows=32761 width=8) (actual time=1111.583..1974.813 rows=75372 loops=1)
              Hash Cond: (mi_idx.movie_id = t.id)
              ->  Seq Scan on movie_info_idx mi_idx  (cost=0.00..25185.44 rows=915101 width=4) (actual time=0.023..528.174 rows=919850 loops=1)
                    Filter: (info_type_id < 101)
                    Rows Removed by Filter: 460185
              ->  Hash  (cost=67604.59..67604.59 rows=90521 width=4) (actual time=1110.765..1110.765 rows=90852 loops=1)
                    Buckets: 131072  Batches: 2  Memory Usage: 2626kB
                    ->  Seq Scan on title t  (cost=0.00..67604.59 rows=90521 width=4) (actual time=0.017..1074.731 rows=90852 loops=1)
                          Filter: (kind_id = 2)
                          Rows Removed by Filter: 2437460
Planning time: 1.184 ms
Execution time: 3602.501 ms
