Seq Scan on movie_keyword mk  (cost=0.00..81003.12 rows=1964016 width=0) (actual time=0.024..1343.391 rows=1969327 loops=1)
  Filter: (keyword_id > 6429)
  Rows Removed by Filter: 2554603
Planning time: 0.316 ms
Execution time: 1598.460 ms
