Hash Join  (cost=69179.59..134600.91 rows=22629 width=0) (actual time=1098.565..2279.660 rows=29217 loops=1)
  Hash Cond: (mc.movie_id = t.id)
  ->  Seq Scan on movie_companies mc  (cost=0.00..57926.93 rows=596027 width=4) (actual time=67.680..948.335 rows=805024 loops=1)
        Filter: ((company_id < 11038) AND (company_type_id = 1))
        Rows Removed by Filter: 1804105
  ->  Hash  (cost=67604.59..67604.59 rows=96000 width=4) (actual time=1029.564..1029.564 rows=95005 loops=1)
        Buckets: 131072  Batches: 2  Memory Usage: 2716kB
        ->  Seq Scan on title t  (cost=0.00..67604.59 rows=96000 width=4) (actual time=0.026..992.690 rows=95005 loops=1)
              Filter: (production_year = 2005)
              Rows Removed by Filter: 2433307
Planning time: 0.764 ms
Execution time: 2284.028 ms
