Seq Scan on title t  (cost=0.00..67604.59 rows=156769 width=0) (actual time=0.867..1108.731 rows=160337 loops=1)
  Filter: (production_year < 1949)
  Rows Removed by Filter: 2367975
Planning time: 0.314 ms
Execution time: 1129.457 ms
