Hash Join  (cost=431845.51..1232418.25 rows=2617 width=0) (actual time=11171.232..20926.286 rows=4565 loops=1)
  Hash Cond: (ci.movie_id = t.id)
  ->  Seq Scan on cast_info ci  (cost=0.00..796071.18 rows=1193437 width=4) (actual time=3938.021..13409.891 rows=1436439 loops=1)
        Filter: ((person_id > 2042755) AND (role_id = 4))
        Rows Removed by Filter: 34807905
  ->  Hash  (cost=431776.21..431776.21 rows=5544 width=8) (actual time=7230.511..7230.511 rows=8262 loops=1)
        Buckets: 16384 (originally 8192)  Batches: 1 (originally 1)  Memory Usage: 451kB
        ->  Hash Join  (cost=73983.02..431776.21 rows=5544 width=8) (actual time=1179.658..7226.708 rows=8262 loops=1)
              Hash Cond: (mi.movie_id = t.id)
              ->  Seq Scan on movie_info mi  (cost=0.00..346232.03 rows=3068194 width=4) (actual time=0.036..5524.743 rows=3036719 loops=1)
                    Filter: (info_type_id = 16)
                    Rows Removed by Filter: 11799001
              ->  Hash  (cost=73925.90..73925.90 rows=4569 width=4) (actual time=1178.446..1178.446 rows=8015 loops=1)
                    Buckets: 8192  Batches: 1  Memory Usage: 346kB
                    ->  Seq Scan on title t  (cost=0.00..73925.90 rows=4569 width=4) (actual time=0.033..1174.560 rows=8015 loops=1)
                          Filter: ((kind_id > 4) AND (production_year = 1975))
                          Rows Removed by Filter: 2520297
Planning time: 1.256 ms
Execution time: 20927.381 ms
