Hash Join  (cost=102767.86..206224.92 rows=522581 width=0) (actual time=1993.877..4165.285 rows=520878 loops=1)
  Hash Cond: (mk.movie_id = t.id)
  ->  Seq Scan on movie_keyword mk  (cost=0.00..81003.12 rows=522581 width=4) (actual time=0.023..1396.902 rows=520878 loops=1)
        Filter: (keyword_id < 382)
        Rows Removed by Filter: 4003052
  ->  Hash  (cost=61283.27..61283.27 rows=2528527 width=4) (actual time=1992.916..1992.916 rows=2528312 loops=1)
        Buckets: 131072  Batches: 64  Memory Usage: 2425kB
        ->  Seq Scan on title t  (cost=0.00..61283.27 rows=2528527 width=4) (actual time=0.013..1144.316 rows=2528312 loops=1)
Planning time: 0.798 ms
Execution time: 4221.913 ms
