Seq Scan on movie_companies mc  (cost=0.00..57926.93 rows=783778 width=0) (actual time=0.018..1040.772 rows=488293 loops=1)
  Filter: ((company_id < 14326) AND (company_type_id > 1))
  Rows Removed by Filter: 2120836
Planning time: 0.228 ms
Execution time: 1101.457 ms
