Hash Join  (cost=216014.67..258882.44 rows=301629 width=0) (actual time=4373.443..5720.052 rows=1125383 loops=1)
  Hash Cond: (mi_idx.movie_id = t.id)
  ->  Seq Scan on movie_info_idx mi_idx  (cost=0.00..21735.35 rows=1380035 width=4) (actual time=0.012..386.931 rows=1380035 loops=1)
  ->  Hash  (cost=206947.55..206947.55 rows=552650 width=8) (actual time=4372.510..4372.510 rows=551723 loops=1)
        Buckets: 131072  Batches: 8  Memory Usage: 3752kB
        ->  Hash Join  (cost=102767.86..206947.55 rows=552650 width=8) (actual time=2014.545..4197.161 rows=551723 loops=1)
              Hash Cond: (mk.movie_id = t.id)
              ->  Seq Scan on movie_keyword mk  (cost=0.00..81003.12 rows=552650 width=4) (actual time=0.025..1265.877 rows=551723 loops=1)
                    Filter: (keyword_id < 395)
                    Rows Removed by Filter: 3972207
              ->  Hash  (cost=61283.27..61283.27 rows=2528527 width=4) (actual time=2011.437..2011.437 rows=2528312 loops=1)
                    Buckets: 131072  Batches: 64  Memory Usage: 2425kB
                    ->  Seq Scan on title t  (cost=0.00..61283.27 rows=2528527 width=4) (actual time=0.019..1127.222 rows=2528312 loops=1)
Planning time: 1.637 ms
Execution time: 5850.272 ms
