Nested Loop  (cost=44377.22..138486.78 rows=2080 width=0) (actual time=879.864..2279.523 rows=8403 loops=1)
  ->  Hash Join  (cost=44376.79..131605.64 rows=11655 width=8) (actual time=879.816..2204.529 rows=8409 loops=1)
        Hash Cond: (mk.movie_id = mi_idx.movie_id)
        ->  Seq Scan on movie_keyword mk  (cost=0.00..81003.12 rows=3921 width=4) (actual time=0.237..1119.955 rows=3129 loops=1)
              Filter: (keyword_id = 1767)
              Rows Removed by Filter: 4520801
        ->  Hash  (cost=21735.35..21735.35 rows=1380035 width=4) (actual time=873.681..873.681 rows=1380035 loops=1)
              Buckets: 131072  Batches: 32  Memory Usage: 2556kB
              ->  Seq Scan on movie_info_idx mi_idx  (cost=0.00..21735.35 rows=1380035 width=4) (actual time=0.011..443.900 rows=1380035 loops=1)
  ->  Index Scan using title_pkey on title t  (cost=0.43..0.58 rows=1 width=4) (actual time=0.008..0.008 rows=1 loops=8409)
        Index Cond: (id = mi_idx.movie_id)
        Filter: (production_year > 0)
        Rows Removed by Filter: 0
Planning time: 1.147 ms
Execution time: 2281.212 ms
