Hash Join  (cost=81720.25..1324039.60 rows=12129201 width=0) (actual time=1426.165..40805.112 rows=13045740 loops=1)
  Hash Cond: (ci.movie_id = t.id)
  ->  Seq Scan on cast_info ci  (cost=0.00..705507.15 rows=35646183 width=4) (actual time=0.015..16837.310 rows=35764861 loops=1)
        Filter: (person_id > 53784)
        Rows Removed by Filter: 479483
  ->  Hash  (cost=67604.59..67604.59 rows=860373 width=4) (actual time=1424.928..1424.928 rows=854214 loops=1)
        Buckets: 131072  Batches: 16  Memory Usage: 2897kB
        ->  Seq Scan on title t  (cost=0.00..67604.59 rows=860373 width=4) (actual time=0.014..1152.634 rows=854214 loops=1)
              Filter: (kind_id < 4)
              Rows Removed by Filter: 1674098
Planning time: 0.752 ms
Execution time: 42259.089 ms
