Seq Scan on movie_keyword mk  (cost=0.00..81003.12 rows=6032 width=12) (actual time=0.117..1501.877 rows=6516 loops=1)
  Filter: (keyword_id = 196)
  Rows Removed by Filter: 4517414
Planning time: 0.302 ms
Execution time: 1502.453 ms
