Hash Join  (cost=78249.37..574443.72 rows=1535843 width=0) (actual time=1214.399..14091.435 rows=742977 loops=1)
  Hash Cond: (mi.movie_id = t.id)
  ->  Seq Scan on movie_info mi  (cost=0.00..309384.22 rows=14739122 width=4) (actual time=0.011..5700.502 rows=14835720 loops=1)
  ->  Hash  (cost=73925.90..73925.90 rows=263477 width=4) (actual time=1210.159..1210.159 rows=153864 loops=1)
        Buckets: 131072  Batches: 4  Memory Usage: 2382kB
        ->  Seq Scan on title t  (cost=0.00..73925.90 rows=263477 width=4) (actual time=68.306..1156.021 rows=153864 loops=1)
              Filter: ((production_year < 1974) AND (kind_id = 7))
              Rows Removed by Filter: 2374448
Planning time: 0.858 ms
Execution time: 14181.425 ms
