Hash Join  (cost=74530.73..128441.04 rows=12168 width=0) (actual time=1148.657..2213.109 rows=7007 loops=1)
  Hash Cond: (mc.movie_id = t.id)
  ->  Seq Scan on movie_companies mc  (cost=0.00..51404.11 rows=635872 width=4) (actual time=0.028..877.262 rows=640558 loops=1)
        Filter: (company_id > 56995)
        Rows Removed by Filter: 1968571
  ->  Hash  (cost=73925.90..73925.90 rows=48386 width=4) (actual time=1146.387..1146.387 rows=45023 loops=1)
        Buckets: 65536  Batches: 1  Memory Usage: 2095kB
        ->  Seq Scan on title t  (cost=0.00..73925.90 rows=48386 width=4) (actual time=0.103..1127.929 rows=45023 loops=1)
              Filter: ((kind_id > 1) AND (production_year = 2013))
              Rows Removed by Filter: 2483289
Planning time: 0.757 ms
Execution time: 2214.725 ms
