Seq Scan on title t  (cost=0.00..67604.59 rows=1942077 width=0) (actual time=0.016..1236.638 rows=1932484 loops=1)
  Filter: (production_year > 1980)
  Rows Removed by Filter: 595828
Planning time: 0.319 ms
Execution time: 1478.731 ms
