Hash Join  (cost=709679.22..1074363.48 rows=2833 width=0) (actual time=11823.618..18306.989 rows=31 loops=1)
  Hash Cond: (mi.movie_id = t.id)
  ->  Seq Scan on movie_info mi  (cost=0.00..309384.22 rows=14739122 width=4) (actual time=0.012..4326.607 rows=14835720 loops=1)
  ->  Hash  (cost=709673.15..709673.15 rows=486 width=8) (actual time=11354.941..11354.941 rows=1 loops=1)
        Buckets: 1024  Batches: 1  Memory Usage: 9kB
        ->  Nested Loop  (cost=0.43..709673.15 rows=486 width=8) (actual time=4335.730..11354.919 rows=1 loops=1)
              ->  Seq Scan on cast_info ci  (cost=0.00..705507.15 rows=500 width=4) (actual time=4335.656..11354.840 rows=1 loops=1)
                    Filter: (person_id = 2126078)
                    Rows Removed by Filter: 36244343
              ->  Index Scan using title_pkey on title t  (cost=0.43..8.32 rows=1 width=4) (actual time=0.054..0.055 rows=1 loops=1)
                    Index Cond: (id = ci.movie_id)
                    Filter: (production_year < 2015)
Planning time: 1.222 ms
Execution time: 18307.133 ms
