Hash Join  (cost=86275.83..1030282.31 rows=4822945 width=0) (actual time=6793.517..26096.486 rows=5146248 loops=1)
  Hash Cond: (ci.movie_id = t.id)
  ->  Seq Scan on cast_info ci  (cost=0.00..705507.15 rows=16201301 width=4) (actual time=4751.326..14954.624 rows=16121683 loops=1)
        Filter: (role_id > 2)
        Rows Removed by Filter: 20122661
  ->  Hash  (cost=73925.90..73925.90 rows=752714 width=4) (actual time=2041.039..2041.039 rows=657199 loops=1)
        Buckets: 131072  Batches: 16  Memory Usage: 2469kB
        ->  Seq Scan on title t  (cost=0.00..73925.90 rows=752714 width=4) (actual time=0.038..1203.308 rows=657199 loops=1)
              Filter: ((kind_id < 7) AND (production_year > 1981))
              Rows Removed by Filter: 1871113
Planning time: 0.802 ms
Execution time: 26642.052 ms
