Hash Join  (cost=190230.21..1082413.34 rows=2909102 width=0) (actual time=11189.893..24379.821 rows=7070449 loops=1)
  Hash Cond: (ci.movie_id = t.id)
  ->  Seq Scan on cast_info ci  (cost=0.00..796071.18 rows=5330114 width=4) (actual time=6714.387..14744.849 rows=7451973 loops=1)
        Filter: ((person_id < 2735683) AND (role_id = 2))
        Rows Removed by Filter: 28792371
  ->  Hash  (cost=167588.78..167588.78 rows=1380035 width=8) (actual time=4474.712..4474.712 rows=1380035 loops=1)
        Buckets: 131072  Batches: 32  Memory Usage: 2708kB
        ->  Hash Join  (cost=102767.86..167588.78 rows=1380035 width=8) (actual time=2107.850..4091.342 rows=1380035 loops=1)
              Hash Cond: (mi_idx.movie_id = t.id)
              ->  Seq Scan on movie_info_idx mi_idx  (cost=0.00..21735.35 rows=1380035 width=4) (actual time=0.020..479.530 rows=1380035 loops=1)
              ->  Hash  (cost=61283.27..61283.27 rows=2528527 width=4) (actual time=2106.489..2106.489 rows=2528312 loops=1)
                    Buckets: 131072  Batches: 64  Memory Usage: 2415kB
                    ->  Seq Scan on title t  (cost=0.00..61283.27 rows=2528527 width=4) (actual time=0.012..1072.397 rows=2528312 loops=1)
Planning time: 1.138 ms
Execution time: 25057.970 ms
