Seq Scan on cast_info ci  (cost=0.00..796071.18 rows=11202371 width=0) (actual time=2133.967..14962.831 rows=13018298 loops=1)
  Filter: ((person_id > 1089317) AND (role_id > 2))
  Rows Removed by Filter: 23226046
Planning time: 0.369 ms
Execution time: 16526.584 ms
