Seq Scan on title t  (cost=0.00..73925.90 rows=44112 width=0) (actual time=249.455..1241.699 rows=23586 loops=1)
  Filter: ((production_year < 1999) AND (kind_id = 4))
  Rows Removed by Filter: 2504726
Planning time: 0.389 ms
Execution time: 1245.545 ms
