Hash Join  (cost=969021.50..1123505.44 rows=2666090 width=0) (actual time=16842.423..22969.312 rows=5037352 loops=1)
  Hash Cond: (mk.movie_id = t.id)
  ->  Seq Scan on movie_keyword mk  (cost=0.00..69693.30 rows=4523930 width=4) (actual time=0.023..1420.866 rows=4523930 loops=1)
  ->  Hash  (cost=944573.78..944573.78 rows=1490138 width=8) (actual time=16840.945..16840.945 rows=1017313 loops=1)
        Buckets: 131072  Batches: 32  Memory Usage: 2265kB
        ->  Hash Join  (cost=102767.86..944573.78 rows=1490138 width=8) (actual time=2025.149..16522.622 rows=1017313 loops=1)
              Hash Cond: (ci.movie_id = t.id)
              ->  Seq Scan on cast_info ci  (cost=0.00..796071.18 rows=1490138 width=4) (actual time=0.019..13212.476 rows=1017313 loops=1)
                    Filter: ((person_id < 1327142) AND (role_id = 3))
                    Rows Removed by Filter: 35227031
              ->  Hash  (cost=61283.27..61283.27 rows=2528527 width=4) (actual time=2023.657..2023.657 rows=2528312 loops=1)
                    Buckets: 131072  Batches: 64  Memory Usage: 2415kB
                    ->  Seq Scan on title t  (cost=0.00..61283.27 rows=2528527 width=4) (actual time=0.011..1178.610 rows=2528312 loops=1)
Planning time: 1.165 ms
Execution time: 23566.477 ms
