Hash Join  (cost=156209.36..269029.10 rows=403910 width=0) (actual time=3395.273..6398.495 rows=1735091 loops=1)
  Hash Cond: (mk.movie_id = t.id)
  ->  Seq Scan on movie_keyword mk  (cost=0.00..81003.12 rows=2248937 width=4) (actual time=0.017..1579.026 rows=2247131 loops=1)
        Filter: (keyword_id > 4801)
        Rows Removed by Filter: 2276799
  ->  Hash  (cost=148758.81..148758.81 rows=454124 width=8) (actual time=3394.234..3394.234 rows=459925 loops=1)
        Buckets: 131072  Batches: 8  Memory Usage: 3284kB
        ->  Hash Join  (cost=102767.86..148758.81 rows=454124 width=8) (actual time=1972.674..3246.852 rows=459925 loops=1)
              Hash Cond: (mi_idx.movie_id = t.id)
              ->  Seq Scan on movie_info_idx mi_idx  (cost=0.00..25185.44 rows=454124 width=4) (actual time=0.020..452.843 rows=459925 loops=1)
                    Filter: (info_type_id = 100)
                    Rows Removed by Filter: 920110
              ->  Hash  (cost=61283.27..61283.27 rows=2528527 width=4) (actual time=1971.807..1971.807 rows=2528312 loops=1)
                    Buckets: 131072  Batches: 64  Memory Usage: 2415kB
                    ->  Seq Scan on title t  (cost=0.00..61283.27 rows=2528527 width=4) (actual time=0.030..1131.346 rows=2528312 loops=1)
Planning time: 1.173 ms
Execution time: 6602.867 ms
