Seq Scan on movie_companies mc  (cost=0.00..51404.11 rows=473750 width=0) (actual time=0.022..937.122 rows=470019 loops=1)
  Filter: (company_id < 406)
  Rows Removed by Filter: 2139110
Planning time: 0.307 ms
Execution time: 998.775 ms
