Hash Join  (cost=74698.31..107691.69 rows=78827 width=0) (actual time=1214.816..2031.695 rows=85128 loops=1)
  Hash Cond: (mi_idx.movie_id = t.id)
  ->  Seq Scan on movie_info_idx mi_idx  (cost=0.00..25185.44 rows=460978 width=4) (actual time=0.037..509.542 rows=459925 loops=1)
        Filter: (info_type_id < 100)
        Rows Removed by Filter: 920110
  ->  Hash  (cost=67604.59..67604.59 rows=432378 width=4) (actual time=1213.995..1213.995 rows=423779 loops=1)
        Buckets: 131072  Batches: 8  Memory Usage: 2885kB
        ->  Seq Scan on title t  (cost=0.00..67604.59 rows=432378 width=4) (actual time=0.015..1077.891 rows=423779 loops=1)
              Filter: (production_year < 1974)
              Rows Removed by Filter: 2104533
Planning time: 0.854 ms
Execution time: 2042.418 ms
