Hash Join  (cost=908695.88..3531211.71 rows=121081072 width=0) (actual time=21889.556..126345.579 rows=298361912 loops=1)
  Hash Cond: (ci.movie_id = t.id)
  ->  Seq Scan on cast_info ci  (cost=0.00..705507.15 rows=27544059 width=4) (actual time=0.020..16318.215 rows=27681764 loops=1)
        Filter: (person_id > 841699)
        Rows Removed by Filter: 8562580
  ->  Hash  (cost=726337.31..726337.31 rows=11115165 width=8) (actual time=21883.575..21883.575 rows=11210743 loops=1)
        Buckets: 131072  Batches: 256  Memory Usage: 2722kB
        ->  Hash Join  (cost=102767.86..726337.31 rows=11115165 width=8) (actual time=2037.254..18671.591 rows=11210743 loops=1)
              Hash Cond: (mi.movie_id = t.id)
              ->  Seq Scan on movie_info mi  (cost=0.00..346232.03 rows=11115165 width=4) (actual time=0.023..7123.116 rows=11210743 loops=1)
                    Filter: (info_type_id > 3)
                    Rows Removed by Filter: 3624977
              ->  Hash  (cost=61283.27..61283.27 rows=2528527 width=4) (actual time=2035.497..2035.497 rows=2528312 loops=1)
                    Buckets: 131072  Batches: 64  Memory Usage: 2425kB
                    ->  Seq Scan on title t  (cost=0.00..61283.27 rows=2528527 width=4) (actual time=0.021..1155.504 rows=2528312 loops=1)
Planning time: 1.299 ms
Execution time: 157426.272 ms
