Seq Scan on movie_companies mc  (cost=0.00..51404.11 rows=104 width=0) (actual time=3.358..812.984 rows=1159 loops=1)
  Filter: (company_id = 189)
  Rows Removed by Filter: 2607970
Planning time: 0.354 ms
Execution time: 813.306 ms
