Hash Join  (cost=88295.76..1226890.22 rows=12903209 width=0) (actual time=1658.388..33250.070 rows=13209991 loops=1)
  Hash Cond: (ci.movie_id = t.id)
  ->  Seq Scan on cast_info ci  (cost=0.00..705507.15 rows=25870457 width=4) (actual time=0.019..15371.164 rows=25877131 loops=1)
        Filter: (person_id < 2674178)
        Rows Removed by Filter: 10367213
  ->  Hash  (cost=67604.59..67604.59 rows=1261134 width=4) (actual time=1657.296..1657.296 rows=1260295 loops=1)
        Buckets: 131072  Batches: 32  Memory Usage: 2413kB
        ->  Seq Scan on title t  (cost=0.00..67604.59 rows=1261134 width=4) (actual time=0.022..1245.582 rows=1260295 loops=1)
              Filter: (production_year > 2002)
              Rows Removed by Filter: 1268017
Planning time: 0.806 ms
Execution time: 34712.521 ms
