Seq Scan on cast_info ci  (cost=0.00..705507.15 rows=1616280 width=0) (actual time=0.019..11506.269 rows=1631337 loops=1)
  Filter: (person_id > 3738908)
  Rows Removed by Filter: 34613007
Planning time: 0.243 ms
Execution time: 11715.459 ms
