Hash Join  (cost=140613.61..243536.13 rows=195332 width=0) (actual time=2960.743..5113.650 rows=245568 loops=1)
  Hash Cond: (mk.movie_id = t.id)
  ->  Seq Scan on movie_keyword mk  (cost=0.00..81003.12 rows=1624020 width=4) (actual time=0.024..1446.772 rows=1633493 loops=1)
        Filter: (keyword_id > 9084)
        Rows Removed by Filter: 2890437
  ->  Hash  (cost=135624.07..135624.07 rows=304123 width=8) (actual time=2959.992..2959.992 rows=175310 loops=1)
        Buckets: 131072  Batches: 4  Memory Usage: 2737kB
        ->  Hash Join  (cost=94973.51..135624.07 rows=304123 width=8) (actual time=1817.226..2899.294 rows=175310 loops=1)
              Hash Cond: (mi_idx.movie_id = t.id)
              ->  Seq Scan on movie_info_idx mi_idx  (cost=0.00..25185.44 rows=460978 width=4) (actual time=0.021..446.641 rows=459925 loops=1)
                    Filter: (info_type_id < 100)
                    Rows Removed by Filter: 920110
              ->  Hash  (cost=67604.59..67604.59 rows=1668154 width=4) (actual time=1813.575..1813.575 rows=1674098 loops=1)
                    Buckets: 131072  Batches: 32  Memory Usage: 2869kB
                    ->  Seq Scan on title t  (cost=0.00..67604.59 rows=1668154 width=4) (actual time=0.012..1273.142 rows=1674098 loops=1)
                          Filter: (kind_id > 3)
                          Rows Removed by Filter: 854214
Planning time: 1.177 ms
Execution time: 5145.601 ms
