Hash Join  (cost=816898.10..946245.72 rows=602858 width=0) (actual time=13087.527..19165.763 rows=11828723 loops=1)
  Hash Cond: (mk.movie_id = t.id)
  ->  Seq Scan on movie_keyword mk  (cost=0.00..69693.30 rows=4523930 width=4) (actual time=0.020..1416.557 rows=4523930 loops=1)
  ->  Hash  (cost=811369.21..811369.21 rows=336951 width=8) (actual time=13081.627..13081.627 rows=363921 loops=1)
        Buckets: 131072  Batches: 8  Memory Usage: 2810kB
        ->  Hash Join  (cost=87053.47..811369.21 rows=336951 width=8) (actual time=4504.465..12984.935 rows=363921 loops=1)
              Hash Cond: (ci.movie_id = t.id)
              ->  Seq Scan on cast_info ci  (cost=0.00..705507.15 rows=1064822 width=4) (actual time=2987.203..10792.642 rows=1090200 loops=1)
                    Filter: (person_id > 3850274)
                    Rows Removed by Filter: 35154144
              ->  Hash  (cost=73925.90..73925.90 rows=800125 width=4) (actual time=1516.173..1516.173 rows=713741 loops=1)
                    Buckets: 131072  Batches: 16  Memory Usage: 2592kB
                    ->  Seq Scan on title t  (cost=0.00..73925.90 rows=800125 width=4) (actual time=0.027..1025.439 rows=713741 loops=1)
                          Filter: ((kind_id < 7) AND (production_year > 1972))
                          Rows Removed by Filter: 1814571
Planning time: 1.223 ms
Execution time: 20588.859 ms
