Hash Join  (cost=83074.74..139466.19 rows=129 width=0) (actual time=1480.878..2301.779 rows=21 loops=1)
  Hash Cond: (mc.movie_id = t.id)
  ->  Seq Scan on movie_companies mc  (cost=0.00..51404.11 rows=1329612 width=4) (actual time=166.438..878.979 rows=1334883 loops=1)
        Filter: (company_type_id > 1)
        Rows Removed by Filter: 1274246
  ->  Hash  (cost=83071.67..83071.67 rows=246 width=8) (actual time=1240.264..1240.264 rows=14 loops=1)
        Buckets: 1024  Batches: 1  Memory Usage: 9kB
        ->  Nested Loop  (cost=0.43..83071.67 rows=246 width=8) (actual time=416.129..1240.236 rows=14 loops=1)
              ->  Seq Scan on movie_keyword mk  (cost=0.00..81003.12 rows=246 width=4) (actual time=416.023..1239.446 rows=14 loops=1)
                    Filter: (keyword_id = 39634)
                    Rows Removed by Filter: 4523916
              ->  Index Only Scan using title_pkey on title t  (cost=0.43..8.40 rows=1 width=4) (actual time=0.046..0.047 rows=1 loops=14)
                    Index Cond: (id = mk.movie_id)
                    Heap Fetches: 14
Planning time: 1.186 ms
Execution time: 2301.879 ms
