Hash Join  (cost=75574.02..992421.85 rows=399715 width=0) (actual time=1155.804..21671.601 rows=560483 loops=1)
  Hash Cond: (ci.movie_id = t.id)
  ->  Seq Scan on cast_info ci  (cost=0.00..796071.18 rows=10065733 width=4) (actual time=0.009..16112.514 rows=10848897 loops=1)
        Filter: ((person_id > 602204) AND (role_id > 3))
        Rows Removed by Filter: 25395447
  ->  Hash  (cost=73925.90..73925.90 rows=100409 width=4) (actual time=1154.274..1154.274 rows=110402 loops=1)
        Buckets: 131072  Batches: 2  Memory Usage: 2964kB
        ->  Seq Scan on title t  (cost=0.00..73925.90 rows=100409 width=4) (actual time=0.016..1108.887 rows=110402 loops=1)
              Filter: ((kind_id = 7) AND (production_year = 2012))
              Rows Removed by Filter: 2417910
Planning time: 0.763 ms
Execution time: 21746.404 ms
