Hash Join  (cost=709678.15..1074363.23 rows=2915 width=0) (actual time=10754.928..17786.503 rows=1583 loops=1)
  Hash Cond: (mi.movie_id = t.id)
  ->  Seq Scan on movie_info mi  (cost=0.00..309384.22 rows=14739122 width=4) (actual time=0.025..4296.167 rows=14835720 loops=1)
  ->  Hash  (cost=709671.90..709671.90 rows=500 width=8) (actual time=10710.390..10710.390 rows=167 loops=1)
        Buckets: 1024  Batches: 1  Memory Usage: 15kB
        ->  Nested Loop  (cost=0.43..709671.90 rows=500 width=8) (actual time=5358.330..10710.285 rows=167 loops=1)
              ->  Seq Scan on cast_info ci  (cost=0.00..705507.15 rows=500 width=4) (actual time=5358.190..10707.260 rows=167 loops=1)
                    Filter: (person_id = 622067)
                    Rows Removed by Filter: 36244177
              ->  Index Only Scan using title_pkey on title t  (cost=0.43..8.32 rows=1 width=4) (actual time=0.017..0.017 rows=1 loops=167)
                    Index Cond: (id = ci.movie_id)
                    Heap Fetches: 167
Planning time: 1.220 ms
Execution time: 17787.142 ms
