Seq Scan on movie_keyword mk  (cost=0.00..81003.12 rows=3452524 width=0) (actual time=0.015..1366.148 rows=3440787 loops=1)
  Filter: (keyword_id < 16348)
  Rows Removed by Filter: 1083143
Planning time: 0.384 ms
Execution time: 1779.907 ms
