Hash Join  (cost=98137.04..1142332.55 rows=8787598 width=0) (actual time=1890.305..26844.744 rows=9090871 loops=1)
  Hash Cond: (ci.movie_id = t.id)
  ->  Seq Scan on cast_info ci  (cost=0.00..796071.18 rows=11939670 width=4) (actual time=0.030..14730.793 rows=13094915 loops=1)
        Filter: ((person_id < 1346893) AND (role_id < 10))
        Rows Removed by Filter: 23149429
  ->  Hash  (cost=67604.59..67604.59 rows=1860996 width=4) (actual time=1888.890..1888.890 rows=1865487 loops=1)
        Buckets: 131072  Batches: 32  Memory Usage: 3079kB
        ->  Seq Scan on title t  (cost=0.00..67604.59 rows=1860996 width=4) (actual time=0.015..1292.219 rows=1865487 loops=1)
              Filter: (kind_id > 1)
              Rows Removed by Filter: 662825
Planning time: 0.770 ms
Execution time: 27879.243 ms
