Seq Scan on movie_keyword mk  (cost=0.00..81003.12 rows=2390274 width=0) (actual time=0.021..1623.170 rows=2388451 loops=1)
  Filter: (keyword_id < 5537)
  Rows Removed by Filter: 2135479
Planning time: 0.335 ms
Execution time: 1917.488 ms
