Seq Scan on movie_keyword mk  (cost=0.00..81003.12 rows=246 width=0) (actual time=11.053..1348.485 rows=57 loops=1)
  Filter: (keyword_id = 63859)
  Rows Removed by Filter: 4523873
Planning time: 1.541 ms
Execution time: 1348.624 ms
