Seq Scan on movie_keyword mk  (cost=0.00..81003.12 rows=925697 width=0) (actual time=0.020..1393.786 rows=934355 loops=1)
  Filter: (keyword_id < 875)
  Rows Removed by Filter: 3589575
Planning time: 0.364 ms
Execution time: 1518.380 ms
