Hash Join  (cost=98137.04..202921.16 rows=1920319 width=0) (actual time=2280.980..5113.727 rows=1301439 loops=1)
  Hash Cond: (mc.movie_id = t.id)
  ->  Seq Scan on movie_companies mc  (cost=0.00..44881.29 rows=2609129 width=4) (actual time=0.022..949.271 rows=2609129 loops=1)
  ->  Hash  (cost=67604.59..67604.59 rows=1860996 width=4) (actual time=2279.894..2279.894 rows=1865487 loops=1)
        Buckets: 131072  Batches: 32  Memory Usage: 3079kB
        ->  Seq Scan on title t  (cost=0.00..67604.59 rows=1860996 width=4) (actual time=0.022..1387.959 rows=1865487 loops=1)
              Filter: (kind_id > 1)
              Rows Removed by Filter: 662825
Planning time: 0.753 ms
Execution time: 5244.024 ms
