Seq Scan on movie_keyword mk  (cost=0.00..81003.12 rows=246 width=0) (actual time=450.505..1222.489 rows=5 loops=1)
  Filter: (keyword_id = 57705)
  Rows Removed by Filter: 4523925
Planning time: 0.376 ms
Execution time: 1222.577 ms
