Hash Join  (cost=136352.42..502841.60 rows=183326 width=0) (actual time=2361.875..9656.721 rows=1087 loops=1)
  Hash Cond: (mi.movie_id = t.id)
  ->  Seq Scan on movie_info mi  (cost=0.00..309384.22 rows=14739122 width=4) (actual time=0.008..4497.443 rows=14835720 loops=1)
  ->  Hash  (cost=135959.29..135959.29 rows=31450 width=8) (actual time=2353.826..2353.826 rows=122 loops=1)
        Buckets: 32768  Batches: 1  Memory Usage: 261kB
        ->  Hash Join  (cost=75819.18..135959.29 rows=31450 width=8) (actual time=1520.008..2353.540 rows=122 loops=1)
              Hash Cond: (mc.movie_id = t.id)
              ->  Seq Scan on movie_companies mc  (cost=0.00..51404.11 rows=689200 width=4) (actual time=122.696..887.499 rows=695128 loops=1)
                    Filter: (company_id > 46323)
                    Rows Removed by Filter: 1914001
              ->  Hash  (cost=73925.90..73925.90 rows=115382 width=4) (actual time=1261.206..1261.206 rows=1393 loops=1)
                    Buckets: 131072  Batches: 2  Memory Usage: 1049kB
                    ->  Seq Scan on title t  (cost=0.00..73925.90 rows=115382 width=4) (actual time=0.073..1260.155 rows=1393 loops=1)
                          Filter: ((kind_id > 1) AND (production_year < 1949))
                          Rows Removed by Filter: 2526919
Planning time: 1.028 ms
Execution time: 9657.216 ms
