Hash Join  (cost=75915.84..152690.78 rows=125141 width=0) (actual time=1287.186..3108.175 rows=69484 loops=1)
  Hash Cond: (mc.movie_id = t.id)
  ->  Seq Scan on movie_companies mc  (cost=0.00..44881.29 rows=2609129 width=4) (actual time=0.026..842.238 rows=2609129 loops=1)
  ->  Hash  (cost=73925.90..73925.90 rows=121275 width=4) (actual time=1286.389..1286.389 rows=124747 loops=1)
        Buckets: 131072  Batches: 2  Memory Usage: 3219kB
        ->  Seq Scan on title t  (cost=0.00..73925.90 rows=121275 width=4) (actual time=0.111..1239.891 rows=124747 loops=1)
              Filter: ((kind_id > 1) AND (production_year = 2012))
              Rows Removed by Filter: 2403565
Planning time: 0.812 ms
Execution time: 3118.380 ms
