Seq Scan on movie_keyword mk  (cost=0.00..81003.12 rows=246 width=0) (actual time=5.195..1212.490 rows=288 loops=1)
  Filter: (keyword_id = 2140)
  Rows Removed by Filter: 4523642
Planning time: 0.387 ms
Execution time: 1212.749 ms
