Hash Join  (cost=103947.06..244383.27 rows=2062100 width=0) (actual time=2123.286..5871.490 rows=1932329 loops=1)
  Hash Cond: (mk.movie_id = t.id)
  ->  Seq Scan on movie_keyword mk  (cost=0.00..81003.12 rows=2353816 width=4) (actual time=0.017..1650.570 rows=2350055 loops=1)
        Filter: (keyword_id > 4228)
        Rows Removed by Filter: 2173875
  ->  Hash  (cost=67604.59..67604.59 rows=2215158 width=4) (actual time=2122.134..2122.134 rows=2203697 loops=1)
        Buckets: 131072  Batches: 32  Memory Usage: 3457kB
        ->  Seq Scan on title t  (cost=0.00..67604.59 rows=2215158 width=4) (actual time=0.015..1397.492 rows=2203697 loops=1)
              Filter: (production_year > 1960)
              Rows Removed by Filter: 324615
Planning time: 0.753 ms
Execution time: 6075.931 ms
