Hash Join  (cost=818829.55..3329115.56 rows=112873277 width=0) (actual time=17753.449..73947.630 rows=80649184 loops=1)
  Hash Cond: (ci.movie_id = t.id)
  ->  Seq Scan on cast_info ci  (cost=0.00..614943.12 rows=36225612 width=4) (actual time=0.014..13899.996 rows=36244344 loops=1)
  ->  Hash  (cost=689572.42..689572.42 rows=7878490 width=8) (actual time=17751.275..17751.275 rows=3650125 loops=1)
        Buckets: 131072  Batches: 128  Memory Usage: 2105kB
        ->  Hash Join  (cost=92883.59..689572.42 rows=7878490 width=8) (actual time=1797.480..16699.266 rows=3650125 loops=1)
              Hash Cond: (mi.movie_id = t.id)
              ->  Seq Scan on movie_info mi  (cost=0.00..346232.03 rows=12928982 width=4) (actual time=0.022..7115.950 rows=12970088 loops=1)
                    Filter: (info_type_id < 18)
                    Rows Removed by Filter: 1865632
              ->  Hash  (cost=67604.59..67604.59 rows=1540800 width=4) (actual time=1796.485..1796.485 rows=1543264 loops=1)
                    Buckets: 131072  Batches: 32  Memory Usage: 2728kB
                    ->  Seq Scan on title t  (cost=0.00..67604.59 rows=1540800 width=4) (actual time=0.011..1259.098 rows=1543264 loops=1)
                          Filter: (kind_id = 7)
                          Rows Removed by Filter: 985048
Planning time: 1.163 ms
Execution time: 83397.909 ms
