Seq Scan on cast_info ci  (cost=0.00..796071.18 rows=7766438 width=0) (actual time=0.014..12517.226 rows=3308489 loops=1)
  Filter: ((person_id < 1168593) AND (role_id > 1))
  Rows Removed by Filter: 32935855
Planning time: 0.291 ms
Execution time: 12933.645 ms
