Hash Join  (cost=69484.36..915166.46 rows=185348 width=0) (actual time=1529.056..15683.360 rows=125757 loops=1)
  Hash Cond: (ci.movie_id = t.id)
  ->  Seq Scan on cast_info ci  (cost=0.00..796071.18 rows=4091584 width=4) (actual time=0.821..13391.283 rows=2298853 loops=1)
        Filter: ((person_id < 2029803) AND (role_id = 2))
        Rows Removed by Filter: 33945491
  ->  Hash  (cost=67604.59..67604.59 rows=114542 width=4) (actual time=1352.219..1352.219 rows=118234 loops=1)
        Buckets: 131072  Batches: 2  Memory Usage: 3101kB
        ->  Seq Scan on title t  (cost=0.00..67604.59 rows=114542 width=4) (actual time=0.017..871.521 rows=118234 loops=1)
              Filter: (kind_id = 4)
              Rows Removed by Filter: 2410078
Planning time: 0.457 ms
Execution time: 15700.314 ms
