Hash Join  (cost=115108.20..1206686.50 rows=1788035 width=0) (actual time=3284.291..32072.009 rows=2663154 loops=1)
  Hash Cond: (ci.movie_id = t.id)
  ->  Seq Scan on cast_info ci  (cost=0.00..705507.15 rows=31795423 width=4) (actual time=0.017..16479.655 rows=31940815 loops=1)
        Filter: (person_id > 414711)
        Rows Removed by Filter: 4303529
  ->  Hash  (cost=112774.78..112774.78 rows=142193 width=8) (actual time=3283.548..3283.548 rows=87676 loops=1)
        Buckets: 131072  Batches: 2  Memory Usage: 2730kB
        ->  Hash Join  (cost=74050.79..112774.78 rows=142193 width=8) (actual time=2227.365..3256.960 rows=87676 loops=1)
              Hash Cond: (mi_idx.movie_id = t.id)
              ->  Seq Scan on movie_info_idx mi_idx  (cost=0.00..25185.44 rows=915101 width=4) (actual time=0.017..545.673 rows=919850 loops=1)
                    Filter: (info_type_id < 101)
                    Rows Removed by Filter: 460185
              ->  Hash  (cost=67604.59..67604.59 rows=392896 width=4) (actual time=2226.299..2226.299 rows=391666 loops=1)
                    Buckets: 131072  Batches: 8  Memory Usage: 2753kB
                    ->  Seq Scan on title t  (cost=0.00..67604.59 rows=392896 width=4) (actual time=0.009..2097.143 rows=391666 loops=1)
                          Filter: (production_year > 2010)
                          Rows Removed by Filter: 2136646
Planning time: 4.564 ms
Execution time: 32400.670 ms
