Seq Scan on cast_info ci  (cost=0.00..705507.15 rows=500 width=0) (actual time=851.130..11231.508 rows=22 loops=1)
  Filter: (person_id = 3083562)
  Rows Removed by Filter: 36244322
Planning time: 0.390 ms
Execution time: 11231.611 ms
