Seq Scan on movie_keyword mk  (cost=0.00..81003.12 rows=246 width=0) (actual time=7.950..1264.414 rows=212 loops=1)
  Filter: (keyword_id = 17631)
  Rows Removed by Filter: 4523718
Planning time: 0.414 ms
Execution time: 1264.636 ms
