Seq Scan on title t  (cost=0.00..67604.59 rows=7437 width=0) (actual time=152.263..980.670 rows=7670 loops=1)
  Filter: (production_year = 1915)
  Rows Removed by Filter: 2520642
Planning time: 0.376 ms
Execution time: 982.222 ms
