Seq Scan on movie_companies mc  (cost=0.00..51404.11 rows=887993 width=0) (actual time=137.643..973.053 rows=894076 loops=1)
  Filter: (company_id > 21765)
  Rows Removed by Filter: 1715053
Planning time: 0.354 ms
Execution time: 1092.293 ms
