Seq Scan on cast_info ci  (cost=0.00..796071.18 rows=316040 width=0) (actual time=1956.718..12676.526 rows=171210 loops=1)
  Filter: ((person_id < 1256459) AND (role_id = 5))
  Rows Removed by Filter: 36073134
Planning time: 0.424 ms
Execution time: 12701.202 ms
