Hash Join  (cost=102767.86..1204241.48 rows=12281504 width=0) (actual time=2034.173..30155.914 rows=11826500 loops=1)
  Hash Cond: (ci.movie_id = t.id)
  ->  Seq Scan on cast_info ci  (cost=0.00..796071.18 rows=12281504 width=4) (actual time=0.017..16997.830 rows=11826500 loops=1)
        Filter: ((person_id > 118585) AND (role_id = 1))
        Rows Removed by Filter: 24417844
  ->  Hash  (cost=61283.27..61283.27 rows=2528527 width=4) (actual time=2032.725..2032.725 rows=2528312 loops=1)
        Buckets: 131072  Batches: 64  Memory Usage: 2415kB
        ->  Seq Scan on title t  (cost=0.00..61283.27 rows=2528527 width=4) (actual time=0.015..1195.574 rows=2528312 loops=1)
Planning time: 2.025 ms
Execution time: 31472.059 ms
