Hash Join  (cost=139597.14..1269338.46 rows=6571844 width=0) (actual time=7809.121..74646.827 rows=21712462 loops=1)
  Hash Cond: (ci.movie_id = t.id)
  ->  Seq Scan on cast_info ci  (cost=0.00..705507.15 rows=30824454 width=4) (actual time=0.019..40251.436 rows=30926079 loops=1)
        Filter: (person_id > 513987)
        Rows Removed by Filter: 5318265
  ->  Hash  (cost=130752.54..130752.54 rows=539088 width=8) (actual time=7808.335..7808.335 rows=954317 loops=1)
        Buckets: 131072 (originally 131072)  Batches: 16 (originally 8)  Memory Usage: 3354kB
        ->  Hash Join  (cost=83810.17..130752.54 rows=539088 width=8) (actual time=4714.330..7502.165 rows=954317 loops=1)
              Hash Cond: (mi_idx.movie_id = t.id)
              ->  Seq Scan on movie_info_idx mi_idx  (cost=0.00..21735.35 rows=1380035 width=4) (actual time=0.016..1553.430 rows=1380035 loops=1)
              ->  Hash  (cost=67604.59..67604.59 rows=987727 width=4) (actual time=4713.565..4713.565 rows=985048 loops=1)
                    Buckets: 131072  Batches: 16  Memory Usage: 3188kB
                    ->  Seq Scan on title t  (cost=0.00..67604.59 rows=987727 width=4) (actual time=0.034..4342.075 rows=985048 loops=1)
                          Filter: (kind_id < 7)
                          Rows Removed by Filter: 1543264
Planning time: 1.128 ms
Execution time: 77388.117 ms
