Hash Join  (cost=156209.36..245199.32 rows=83512 width=0) (actual time=8100.546..13042.744 rows=359318 loops=1)
  Hash Cond: (mk.movie_id = t.id)
  ->  Seq Scan on movie_keyword mk  (cost=0.00..81003.12 rows=464991 width=4) (actual time=0.020..4172.396 rows=461510 loops=1)
        Filter: (keyword_id > 38480)
        Rows Removed by Filter: 4062420
  ->  Hash  (cost=148758.81..148758.81 rows=454124 width=8) (actual time=8099.570..8099.570 rows=459925 loops=1)
        Buckets: 131072  Batches: 8  Memory Usage: 3284kB
        ->  Hash Join  (cost=102767.86..148758.81 rows=454124 width=8) (actual time=5707.032..7945.025 rows=459925 loops=1)
              Hash Cond: (mi_idx.movie_id = t.id)
              ->  Seq Scan on movie_info_idx mi_idx  (cost=0.00..25185.44 rows=454124 width=4) (actual time=0.022..1340.769 rows=459925 loops=1)
                    Filter: (info_type_id = 100)
                    Rows Removed by Filter: 920110
              ->  Hash  (cost=61283.27..61283.27 rows=2528527 width=4) (actual time=5705.599..5705.599 rows=2528312 loops=1)
                    Buckets: 131072  Batches: 64  Memory Usage: 2415kB
                    ->  Seq Scan on title t  (cost=0.00..61283.27 rows=2528527 width=4) (actual time=0.027..4290.391 rows=2528312 loops=1)
Planning time: 1.251 ms
Execution time: 13098.089 ms
