Hash Join  (cost=118924.80..974207.94 rows=564319 width=0) (actual time=7586.239..53387.780 rows=1514944 loops=1)
  Hash Cond: (ci.movie_id = t.id)
  ->  Seq Scan on cast_info ci  (cost=0.00..705507.15 rows=12426613 width=4) (actual time=767.564..39254.506 rows=12527996 loops=1)
        Filter: (person_id > 2430012)
        Rows Removed by Filter: 23716348
  ->  Hash  (cost=117040.47..117040.47 rows=114826 width=8) (actual time=6817.730..6817.730 rows=261505 loops=1)
        Buckets: 131072 (originally 131072)  Batches: 4 (originally 2)  Memory Usage: 3585kB
        ->  Hash Join  (cost=77377.73..117040.47 rows=114826 width=8) (actual time=3907.291..6167.676 rows=261505 loops=1)
              Hash Cond: (mi_idx.movie_id = t.id)
              ->  Seq Scan on movie_info_idx mi_idx  (cost=0.00..21735.35 rows=1380035 width=4) (actual time=0.019..1319.122 rows=1380035 loops=1)
              ->  Hash  (cost=73925.90..73925.90 rows=210386 width=4) (actual time=3906.453..3906.453 rows=320579 loops=1)
                    Buckets: 131072  Batches: 4  Memory Usage: 3842kB
                    ->  Seq Scan on title t  (cost=0.00..73925.90 rows=210386 width=4) (actual time=0.020..3626.487 rows=320579 loops=1)
                          Filter: ((kind_id < 7) AND (production_year < 1982))
                          Rows Removed by Filter: 2207733
Planning time: 1.170 ms
Execution time: 53595.846 ms
