Hash Join  (cost=709678.15..768953.69 rows=415 width=0) (actual time=11099.232..12074.211 rows=12 loops=1)
  Hash Cond: (mc.movie_id = t.id)
  ->  Seq Scan on movie_companies mc  (cost=0.00..51404.11 rows=2097941 width=4) (actual time=0.020..1015.115 rows=2092424 loops=1)
        Filter: (company_id < 73517)
        Rows Removed by Filter: 516705
  ->  Hash  (cost=709671.90..709671.90 rows=500 width=8) (actual time=10784.935..10784.935 rows=4 loops=1)
        Buckets: 1024  Batches: 1  Memory Usage: 9kB
        ->  Nested Loop  (cost=0.43..709671.90 rows=500 width=8) (actual time=3479.569..10784.921 rows=4 loops=1)
              ->  Seq Scan on cast_info ci  (cost=0.00..705507.15 rows=500 width=4) (actual time=3479.473..10784.716 rows=4 loops=1)
                    Filter: (person_id = 1844083)
                    Rows Removed by Filter: 36244340
              ->  Index Only Scan using title_pkey on title t  (cost=0.43..8.32 rows=1 width=4) (actual time=0.044..0.044 rows=1 loops=4)
                    Index Cond: (id = ci.movie_id)
                    Heap Fetches: 4
Planning time: 1.189 ms
Execution time: 12074.312 ms
