Hash Join  (cost=1067255.43..1782168.42 rows=18580725 width=0) (actual time=46712.465..97259.362 rows=55186456 loops=1)
  Hash Cond: (mi.movie_id = t.id)
  ->  Seq Scan on movie_info mi  (cost=0.00..309384.22 rows=14739122 width=4) (actual time=0.017..21989.834 rows=14835720 loops=1)
  ->  Hash  (cost=1014958.91..1014958.91 rows=3187562 width=8) (actual time=46707.003..46707.003 rows=3766139 loops=1)
        Buckets: 131072  Batches: 64  Memory Usage: 3390kB
        ->  Hash Join  (cost=82805.75..1014958.91 rows=3187562 width=8) (actual time=7304.669..45431.216 rows=3766139 loops=1)
              Hash Cond: (ci.movie_id = t.id)
              ->  Seq Scan on cast_info ci  (cost=0.00..796071.18 rows=8699296 width=4) (actual time=3.593..34136.827 rows=9353960 loops=1)
                    Filter: ((person_id < 961536) AND (role_id < 10))
                    Rows Removed by Filter: 26890384
              ->  Hash  (cost=67604.59..67604.59 rows=926493 width=4) (actual time=4270.466..4270.466 rows=924605 loops=1)
                    Buckets: 131072  Batches: 16  Memory Usage: 3056kB
                    ->  Seq Scan on title t  (cost=0.00..67604.59 rows=926493 width=4) (actual time=0.019..3918.385 rows=924605 loops=1)
                          Filter: (production_year < 1998)
                          Rows Removed by Filter: 1603707
Planning time: 1.236 ms
Execution time: 103903.633 ms
