Nested Loop  (cost=0.43..52283.69 rows=104 width=0) (actual time=528.251..2408.577 rows=144 loops=1)
  ->  Seq Scan on movie_companies mc  (cost=0.00..51404.11 rows=104 width=4) (actual time=528.161..2384.231 rows=144 loops=1)
        Filter: (company_id = 1747)
        Rows Removed by Filter: 2608985
  ->  Index Only Scan using title_pkey on title t  (cost=0.43..8.45 rows=1 width=4) (actual time=0.166..0.166 rows=1 loops=144)
        Index Cond: (id = mc.movie_id)
        Heap Fetches: 144
Planning time: 2.913 ms
Execution time: 2408.733 ms
