Hash Join  (cost=118718.92..243153.50 rows=199654 width=0) (actual time=7400.285..16767.178 rows=3008600 loops=1)
  Hash Cond: (mk.movie_id = t.id)
  ->  Seq Scan on movie_keyword mk  (cost=0.00..69693.30 rows=4523930 width=4) (actual time=0.013..5137.314 rows=4523930 loops=1)
  ->  Hash  (cost=116888.03..116888.03 rows=111591 width=8) (actual time=7399.488..7399.488 rows=253634 loops=1)
        Buckets: 131072 (originally 131072)  Batches: 4 (originally 2)  Memory Usage: 3517kB
        ->  Hash Join  (cost=77280.64..116888.03 rows=111591 width=8) (actual time=4696.996..7311.753 rows=253634 loops=1)
              Hash Cond: (mi_idx.movie_id = t.id)
              ->  Seq Scan on movie_info_idx mi_idx  (cost=0.00..21735.35 rows=1380035 width=4) (actual time=0.023..1763.861 rows=1380035 loops=1)
              ->  Hash  (cost=73925.90..73925.90 rows=204459 width=4) (actual time=4696.027..4696.027 rows=313929 loops=1)
                    Buckets: 131072  Batches: 4  Memory Usage: 3786kB
                    ->  Seq Scan on title t  (cost=0.00..73925.90 rows=204459 width=4) (actual time=0.028..3889.150 rows=313929 loops=1)
                          Filter: ((kind_id < 7) AND (production_year < 1981))
                          Rows Removed by Filter: 2214383
Planning time: 1.140 ms
Execution time: 17222.702 ms
