Hash Join  (cost=229671.17..993214.25 rows=1689176 width=0) (actual time=11700.320..49185.773 rows=2861231 loops=1)
  Hash Cond: (ci.movie_id = t.id)
  ->  Seq Scan on cast_info ci  (cost=0.00..705507.15 rows=2735034 width=4) (actual time=0.020..34887.045 rows=2728943 loops=1)
        Filter: (role_id = 4)
        Rows Removed by Filter: 33515401
  ->  Hash  (cost=204049.72..204049.72 rows=1561636 width=8) (actual time=11699.321..11699.321 rows=1510166 loops=1)
        Buckets: 131072  Batches: 32  Memory Usage: 2831kB
        ->  Hash Join  (cost=106394.85..204049.72 rows=1561636 width=8) (actual time=5786.006..11215.828 rows=1510166 loops=1)
              Hash Cond: (mc.movie_id = t.id)
              ->  Seq Scan on movie_companies mc  (cost=0.00..51404.11 rows=1670080 width=4) (actual time=0.019..3374.993 rows=1661361 loops=1)
                    Filter: (company_id < 18694)
                    Rows Removed by Filter: 947768
              ->  Hash  (cost=67604.59..67604.59 rows=2364341 width=4) (actual time=5785.052..5785.052 rows=2360253 loops=1)
                    Buckets: 131072  Batches: 32  Memory Usage: 3620kB
                    ->  Seq Scan on title t  (cost=0.00..67604.59 rows=2364341 width=4) (actual time=0.010..4789.406 rows=2360253 loops=1)
                          Filter: (production_year > 1922)
                          Rows Removed by Filter: 168059
Planning time: 1.235 ms
Execution time: 49500.884 ms
