Hash Join  (cost=82863.28..165661.95 rows=562115 width=0) (actual time=4337.058..9244.028 rows=799338 loops=1)
  Hash Cond: (mc.movie_id = t.id)
  ->  Seq Scan on movie_companies mc  (cost=0.00..44881.29 rows=2609129 width=4) (actual time=0.031..3035.691 rows=2609129 loops=1)
  ->  Hash  (cost=73925.90..73925.90 rows=544750 width=4) (actual time=4336.109..4336.109 rows=420664 loops=1)
        Buckets: 131072  Batches: 8  Memory Usage: 2882kB
        ->  Seq Scan on title t  (cost=0.00..73925.90 rows=544750 width=4) (actual time=0.023..4148.220 rows=420664 loops=1)
              Filter: ((production_year > 1971) AND (kind_id = 1))
              Rows Removed by Filter: 2107648
Planning time: 11.025 ms
Execution time: 9354.465 ms
