Hash Join  (cost=141964.57..627650.19 rows=550970 width=0) (actual time=7371.348..34275.772 rows=1616866 loops=1)
  Hash Cond: (mi.movie_id = t.id)
  ->  Seq Scan on movie_info mi  (cost=0.00..309384.22 rows=14739122 width=4) (actual time=0.023..19274.679 rows=14835720 loops=1)
  ->  Hash  (cost=140413.07..140413.07 rows=94520 width=8) (actual time=7370.524..7370.524 rows=67272 loops=1)
        Buckets: 131072  Batches: 2  Memory Usage: 2332kB
        ->  Hash Join  (cost=70241.71..140413.07 rows=94520 width=8) (actual time=3342.439..7343.372 rows=67272 loops=1)
              Hash Cond: (mc.movie_id = t.id)
              ->  Seq Scan on movie_companies mc  (cost=0.00..51404.11 rows=1486944 width=4) (actual time=0.019..3073.912 rows=1475801 loops=1)
                    Filter: (company_id < 13515)
                    Rows Removed by Filter: 1133328
              ->  Hash  (cost=67604.59..67604.59 rows=160730 width=4) (actual time=3341.679..3341.679 rows=160017 loops=1)
                    Buckets: 131072  Batches: 4  Memory Usage: 2436kB
                    ->  Seq Scan on title t  (cost=0.00..67604.59 rows=160730 width=4) (actual time=0.021..3167.287 rows=160017 loops=1)
                          Filter: (production_year = 2011)
                          Rows Removed by Filter: 2368295
Planning time: 1.138 ms
Execution time: 34548.949 ms
