Hash Join  (cost=102767.86..272557.67 rows=3279304 width=0) (actual time=5553.562..13815.356 rows=3266666 loops=1)
  Hash Cond: (mk.movie_id = t.id)
  ->  Seq Scan on movie_keyword mk  (cost=0.00..81003.12 rows=3279304 width=4) (actual time=0.015..5145.139 rows=3266666 loops=1)
        Filter: (keyword_id < 14295)
        Rows Removed by Filter: 1257264
  ->  Hash  (cost=61283.27..61283.27 rows=2528527 width=4) (actual time=5552.166..5552.166 rows=2528312 loops=1)
        Buckets: 131072  Batches: 64  Memory Usage: 2425kB
        ->  Seq Scan on title t  (cost=0.00..61283.27 rows=2528527 width=4) (actual time=0.009..4149.707 rows=2528312 loops=1)
Planning time: 5.128 ms
Execution time: 14207.220 ms
