Nested Loop  (cost=0.43..118456.73 rows=5127 width=0) (actual time=0.230..1426.600 rows=3598 loops=1)
  ->  Seq Scan on movie_keyword mk  (cost=0.00..81003.12 rows=5127 width=4) (actual time=0.186..1283.730 rows=3598 loops=1)
        Filter: (keyword_id = 786)
        Rows Removed by Filter: 4520332
  ->  Index Only Scan using title_pkey on title t  (cost=0.43..7.30 rows=1 width=4) (actual time=0.038..0.039 rows=1 loops=3598)
        Index Cond: (id = mk.movie_id)
        Heap Fetches: 3598
Planning time: 0.836 ms
Execution time: 1427.756 ms
