Hash Join  (cost=102767.86..179817.12 rows=655209 width=0) (actual time=5471.785..9256.919 rows=659770 loops=1)
  Hash Cond: (mc.movie_id = t.id)
  ->  Seq Scan on movie_companies mc  (cost=0.00..51404.11 rows=655209 width=4) (actual time=0.025..2699.642 rows=659770 loops=1)
        Filter: (company_id > 52532)
        Rows Removed by Filter: 1949359
  ->  Hash  (cost=61283.27..61283.27 rows=2528527 width=4) (actual time=5470.489..5470.489 rows=2528312 loops=1)
        Buckets: 131072  Batches: 64  Memory Usage: 2415kB
        ->  Seq Scan on title t  (cost=0.00..61283.27 rows=2528527 width=4) (actual time=0.011..4327.781 rows=2528312 loops=1)
Planning time: 3.554 ms
Execution time: 9337.117 ms
