Hash Join  (cost=844087.60..1621987.12 rows=5490286 width=0) (actual time=59950.688..92202.370 rows=7064661 loops=1)
  Hash Cond: (mi.movie_id = t.id)
  ->  Seq Scan on movie_info mi  (cost=0.00..309384.22 rows=14739122 width=4) (actual time=0.019..21383.393 rows=14835720 loops=1)
  ->  Hash  (cost=828634.23..828634.23 rows=941870 width=8) (actual time=59945.293..59945.293 rows=945184 loops=1)
        Buckets: 131072  Batches: 16  Memory Usage: 3344kB
        ->  Hash Join  (cost=68426.36..828634.23 rows=941870 width=8) (actual time=2575.469..57350.746 rows=945184 loops=1)
              Hash Cond: (ci.movie_id = t.id)
              ->  Seq Scan on cast_info ci  (cost=0.00..614943.12 rows=36225612 width=4) (actual time=0.011..38420.675 rows=36244344 loops=1)
              ->  Hash  (cost=67604.59..67604.59 rows=65742 width=4) (actual time=2574.788..2574.788 rows=63827 loops=1)
                    Buckets: 131072  Batches: 1  Memory Usage: 3268kB
                    ->  Seq Scan on title t  (cost=0.00..67604.59 rows=65742 width=4) (actual time=0.036..2547.612 rows=63827 loops=1)
                          Filter: (production_year = 2013)
                          Rows Removed by Filter: 2464485
Planning time: 10.312 ms
Execution time: 93128.793 ms
