Hash Join  (cost=86355.48..233933.85 rows=1309147 width=0) (actual time=4617.071..13772.566 rows=3082384 loops=1)
  Hash Cond: (mk.movie_id = t.id)
  ->  Seq Scan on movie_keyword mk  (cost=0.00..81003.12 rows=4369539 width=4) (actual time=0.020..5318.050 rows=4372177 loops=1)
        Filter: (keyword_id < 73675)
        Rows Removed by Filter: 151753
  ->  Hash  (cost=73925.90..73925.90 rows=757566 width=4) (actual time=4616.104..4616.104 rows=773297 loops=1)
        Buckets: 131072  Batches: 16  Memory Usage: 2732kB
        ->  Seq Scan on title t  (cost=0.00..73925.90 rows=757566 width=4) (actual time=0.019..4298.477 rows=773297 loops=1)
              Filter: ((kind_id < 4) AND (production_year < 2012))
              Rows Removed by Filter: 1755015
Planning time: 0.718 ms
Execution time: 14182.261 ms
