Seq Scan on movie_keyword mk  (cost=0.00..81003.12 rows=246 width=0) (actual time=4.530..2647.689 rows=198 loops=1)
  Filter: (keyword_id = 4662)
  Rows Removed by Filter: 4523732
Planning time: 11.249 ms
Execution time: 2647.926 ms
