Hash Join  (cost=170935.09..525162.89 rows=24546 width=0) (actual time=13056.420..25417.136 rows=51575 loops=1)
  Hash Cond: (mi.movie_id = t.id)
  ->  Seq Scan on movie_info mi  (cost=0.00..346232.03 rows=1550064 width=4) (actual time=4149.367..16107.909 rows=1533909 loops=1)
        Filter: (info_type_id = 3)
        Rows Removed by Filter: 13301811
  ->  Hash  (cost=170434.58..170434.58 rows=40041 width=8) (actual time=8906.647..8906.647 rows=25003 loops=1)
        Buckets: 65536  Batches: 1  Memory Usage: 1489kB
        ->  Hash Join  (cost=74246.92..170434.58 rows=40041 width=8) (actual time=3548.300..8886.505 rows=25003 loops=1)
              Hash Cond: (mk.movie_id = t.id)
              ->  Seq Scan on movie_keyword mk  (cost=0.00..81003.12 rows=3942433 width=4) (actual time=0.025..4504.730 rows=3944891 loops=1)
                    Filter: (keyword_id < 31663)
                    Rows Removed by Filter: 579039
              ->  Hash  (cost=73925.90..73925.90 rows=25681 width=4) (actual time=3546.888..3546.888 rows=23707 loops=1)
                    Buckets: 32768  Batches: 1  Memory Usage: 1090kB
                    ->  Seq Scan on title t  (cost=0.00..73925.90 rows=25681 width=4) (actual time=0.027..3536.162 rows=23707 loops=1)
                          Filter: ((kind_id < 7) AND (production_year = 2013))
                          Rows Removed by Filter: 2504605
Planning time: 1.103 ms
Execution time: 25426.075 ms
