Seq Scan on movie_keyword mk  (cost=0.00..81003.12 rows=701074 width=0) (actual time=0.024..3607.236 rows=706063 loops=1)
  Filter: (keyword_id > 26723)
  Rows Removed by Filter: 3817867
Planning time: 0.314 ms
Execution time: 3737.181 ms
