Hash Join  (cost=86178.74..1229890.33 rows=10699042 width=0) (actual time=4343.266..76206.920 rows=10741357 loops=1)
  Hash Cond: (ci.movie_id = t.id)
  ->  Seq Scan on cast_info ci  (cost=0.00..614943.12 rows=36225612 width=4) (actual time=0.011..44435.483 rows=36244344 loops=1)
  ->  Hash  (cost=73925.90..73925.90 rows=746787 width=4) (actual time=4342.194..4342.194 rows=650324 loops=1)
        Buckets: 131072  Batches: 16  Memory Usage: 2453kB
        ->  Seq Scan on title t  (cost=0.00..73925.90 rows=746787 width=4) (actual time=0.018..4064.616 rows=650324 loops=1)
              Filter: ((kind_id < 7) AND (production_year > 1982))
              Rows Removed by Filter: 1877988
Planning time: 0.761 ms
Execution time: 77512.291 ms
