Seq Scan on movie_companies mc  (cost=0.00..51404.11 rows=823376 width=0) (actual time=0.022..2077.797 rows=815814 loops=1)
  Filter: (company_id < 1894)
  Rows Removed by Filter: 1793315
Planning time: 0.291 ms
Execution time: 2186.160 ms
