Nested Loop  (cost=0.43..83072.29 rows=30 width=0) (actual time=2.704..3248.694 rows=128 loops=1)
  ->  Seq Scan on movie_keyword mk  (cost=0.00..81003.12 rows=246 width=4) (actual time=0.376..3145.906 rows=763 loops=1)
        Filter: (keyword_id = 5071)
        Rows Removed by Filter: 4523167
  ->  Index Scan using title_pkey on title t  (cost=0.43..8.40 rows=1 width=4) (actual time=0.123..0.123 rows=0 loops=763)
        Index Cond: (id = mk.movie_id)
        Filter: (production_year < 1966)
        Rows Removed by Filter: 1
Planning time: 0.962 ms
Execution time: 3248.946 ms
