Hash Join  (cost=58358.90..409646.72 rows=27 width=0) (actual time=18563.728..20045.367 rows=200 loops=1)
  Hash Cond: (mi.movie_id = t.id)
  ->  Seq Scan on movie_info mi  (cost=0.00..346232.03 rows=1348138 width=4) (actual time=15360.639..17242.207 rows=1298989 loops=1)
        Filter: (info_type_id = 4)
        Rows Removed by Filter: 13536731
  ->  Hash  (cost=58358.27..58358.27 rows=51 width=8) (actual time=2580.771..2580.771 rows=204 loops=1)
        Buckets: 1024  Batches: 1  Memory Usage: 16kB
        ->  Nested Loop  (cost=0.43..58358.27 rows=51 width=8) (actual time=927.035..2580.590 rows=204 loops=1)
              ->  Seq Scan on movie_companies mc  (cost=0.00..57926.93 rows=51 width=4) (actual time=926.934..2515.238 rows=204 loops=1)
                    Filter: ((company_id = 12363) AND (company_type_id = 1))
                    Rows Removed by Filter: 2608925
              ->  Index Only Scan using title_pkey on title t  (cost=0.43..8.45 rows=1 width=4) (actual time=0.318..0.318 rows=1 loops=204)
                    Index Cond: (id = mc.movie_id)
                    Heap Fetches: 204
Planning time: 1.182 ms
Execution time: 20045.514 ms
