Hash Join  (cost=73964.18..474271.78 rows=17406 width=0) (actual time=3010.074..27148.492 rows=48161 loops=1)
  Hash Cond: (mi.movie_id = t.id)
  ->  Seq Scan on movie_info mi  (cost=0.00..346232.03 rows=14373737 width=4) (actual time=0.021..20571.402 rows=14407069 loops=1)
        Filter: (info_type_id < 105)
        Rows Removed by Filter: 428651
  ->  Hash  (cost=73925.90..73925.90 rows=3062 width=4) (actual time=3009.842..3009.842 rows=6309 loops=1)
        Buckets: 8192 (originally 4096)  Batches: 1 (originally 1)  Memory Usage: 286kB
        ->  Seq Scan on title t  (cost=0.00..73925.90 rows=3062 width=4) (actual time=1869.334..3006.790 rows=6309 loops=1)
              Filter: ((kind_id = 4) AND (production_year = 2003))
              Rows Removed by Filter: 2522003
Planning time: 1.164 ms
Execution time: 27157.982 ms
