Seq Scan on movie_companies mc  (cost=0.00..51404.11 rows=1235874 width=0) (actual time=0.030..907.531 rows=1248764 loops=1)
  Filter: (company_id > 11684)
  Rows Removed by Filter: 1360365
Planning time: 0.350 ms
Execution time: 1063.831 ms
