Hash Join  (cost=798789.44..1163447.29 rows=192 width=0) (actual time=37848.077..57048.071 rows=887 loops=1)
  Hash Cond: (mi.movie_id = t.id)
  ->  Seq Scan on movie_info mi  (cost=0.00..309384.22 rows=14739122 width=4) (actual time=0.013..16016.890 rows=14835720 loops=1)
  ->  Hash  (cost=798789.03..798789.03 rows=33 width=8) (actual time=37823.681..37823.681 rows=7 loops=1)
        Buckets: 1024  Batches: 1  Memory Usage: 9kB
        ->  Nested Loop  (cost=0.43..798789.03 rows=33 width=8) (actual time=11262.936..37823.630 rows=7 loops=1)
              ->  Seq Scan on cast_info ci  (cost=0.00..796071.18 rows=324 width=4) (actual time=11262.802..37803.466 rows=120 loops=1)
                    Filter: ((role_id > 1) AND (person_id = 3649525))
                    Rows Removed by Filter: 36244224
              ->  Index Scan using title_pkey on title t  (cost=0.43..8.38 rows=1 width=4) (actual time=0.167..0.167 rows=0 loops=120)
                    Index Cond: (id = ci.movie_id)
                    Filter: ((kind_id < 7) AND (production_year > 2008))
                    Rows Removed by Filter: 1
Planning time: 1.147 ms
Execution time: 57048.399 ms
