Hash Join  (cost=74060.24..872998.88 rows=3214 width=0) (actual time=25536.431..35612.358 rows=3263 loops=1)
  Hash Cond: (ci.movie_id = t.id)
  ->  Seq Scan on cast_info ci  (cost=0.00..796071.18 rows=756085 width=4) (actual time=22315.643..32035.807 rows=1277767 loops=1)
        Filter: ((person_id > 2713834) AND (role_id = 4))
        Rows Removed by Filter: 34966577
  ->  Hash  (cost=73925.90..73925.90 rows=10747 width=4) (actual time=3220.274..3220.274 rows=6468 loops=1)
        Buckets: 16384  Batches: 1  Memory Usage: 356kB
        ->  Seq Scan on title t  (cost=0.00..73925.90 rows=10747 width=4) (actual time=532.974..3216.980 rows=6468 loops=1)
              Filter: ((kind_id = 1) AND (production_year = 1997))
              Rows Removed by Filter: 2521844
Planning time: 0.959 ms
Execution time: 35613.508 ms
