Seq Scan on cast_info ci  (cost=0.00..705507.15 rows=14775763 width=0) (actual time=7163.042..37249.510 rows=14946020 loops=1)
  Filter: (person_id > 2155630)
  Rows Removed by Filter: 21298324
Planning time: 0.327 ms
Execution time: 39855.026 ms
