Seq Scan on cast_info ci  (cost=0.00..705507.15 rows=500 width=0) (actual time=10579.281..25151.459 rows=1 loops=1)
  Filter: (person_id = 204527)
  Rows Removed by Filter: 36244343
Planning time: 1.339 ms
Execution time: 25151.562 ms
