Hash Join  (cost=100940.09..851864.21 rows=13498 width=0) (actual time=4364.384..41744.115 rows=33674 loops=1)
  Hash Cond: (ci.movie_id = t.id)
  ->  Seq Scan on cast_info ci  (cost=0.00..614943.12 rows=36225612 width=4) (actual time=0.019..28431.848 rows=36244344 loops=1)
  ->  Hash  (cost=100928.32..100928.32 rows=942 width=8) (actual time=4359.388..4359.388 rows=1608 loops=1)
        Buckets: 2048 (originally 1024)  Batches: 1 (originally 1)  Memory Usage: 79kB
        ->  Hash Join  (cost=73989.96..100928.32 rows=942 width=8) (actual time=2890.164..4358.508 rows=1608 loops=1)
              Hash Cond: (mi_idx.movie_id = t.id)
              ->  Seq Scan on movie_info_idx mi_idx  (cost=0.00..25185.44 rows=464934 width=4) (actual time=0.019..1318.716 rows=460185 loops=1)
                    Filter: (info_type_id > 100)
                    Rows Removed by Filter: 919850
              ->  Hash  (cost=73925.90..73925.90 rows=5124 width=4) (actual time=2889.346..2889.346 rows=9091 loops=1)
                    Buckets: 16384 (originally 8192)  Batches: 1 (originally 1)  Memory Usage: 448kB
                    ->  Seq Scan on title t  (cost=0.00..73925.90 rows=5124 width=4) (actual time=623.969..2884.860 rows=9091 loops=1)
                          Filter: ((kind_id = 4) AND (production_year = 2007))
                          Rows Removed by Filter: 2519221
Planning time: 8.628 ms
Execution time: 41754.414 ms
