Seq Scan on movie_companies mc  (cost=0.00..57926.93 rows=913569 width=0) (actual time=0.019..3016.898 rows=591620 loops=1)
  Filter: ((company_id < 27943) AND (company_type_id > 1))
  Rows Removed by Filter: 2017509
Planning time: 0.319 ms
Execution time: 3118.100 ms
