Hash Join  (cost=83072.30..447728.28 rows=4 width=0) (actual time=4796.316..24464.564 rows=44 loops=1)
  Hash Cond: (mi.movie_id = t.id)
  ->  Seq Scan on movie_info mi  (cost=0.00..309384.22 rows=14739122 width=4) (actual time=0.024..17625.779 rows=14835720 loops=1)
  ->  Hash  (cost=83072.29..83072.29 rows=1 width=8) (actual time=3565.796..3565.796 rows=3 loops=1)
        Buckets: 1024  Batches: 1  Memory Usage: 9kB
        ->  Nested Loop  (cost=0.43..83072.29 rows=1 width=8) (actual time=211.389..3565.773 rows=3 loops=1)
              ->  Seq Scan on movie_keyword mk  (cost=0.00..81003.12 rows=246 width=4) (actual time=0.112..3537.710 rows=167 loops=1)
                    Filter: (keyword_id = 1193)
                    Rows Removed by Filter: 4523763
              ->  Index Scan using title_pkey on title t  (cost=0.43..8.40 rows=1 width=4) (actual time=0.166..0.166 rows=0 loops=167)
                    Index Cond: (id = mk.movie_id)
                    Filter: (production_year = 1973)
                    Rows Removed by Filter: 1
Planning time: 1.249 ms
Execution time: 24464.733 ms
