Hash Join  (cost=76444.38..186344.53 rows=141139 width=0) (actual time=3984.882..9737.485 rows=114897 loops=1)
  Hash Cond: (mk.movie_id = t.id)
  ->  Seq Scan on movie_keyword mk  (cost=0.00..81003.12 rows=2325237 width=4) (actual time=0.025..4591.283 rows=2324821 loops=1)
        Filter: (keyword_id > 4392)
        Rows Removed by Filter: 2199109
  ->  Hash  (cost=73925.90..73925.90 rows=153478 width=4) (actual time=3983.666..3983.666 rows=134760 loops=1)
        Buckets: 131072  Batches: 4  Memory Usage: 2222kB
        ->  Seq Scan on title t  (cost=0.00..73925.90 rows=153478 width=4) (actual time=0.011..3922.281 rows=134760 loops=1)
              Filter: ((kind_id < 7) AND (production_year > 2010))
              Rows Removed by Filter: 2393552
Planning time: 0.746 ms
Execution time: 9753.782 ms
