Hash Join  (cost=162339.98..888779.30 rows=94167 width=0) (actual time=28620.430..43098.198 rows=566719 loops=1)
  Hash Cond: (ci.movie_id = t.id)
  ->  Seq Scan on cast_info ci  (cost=0.00..705507.15 rows=3998100 width=4) (actual time=21652.637..34042.883 rows=4008037 loops=1)
        Filter: (role_id = 3)
        Rows Removed by Filter: 32236307
  ->  Hash  (cost=161595.56..161595.56 rows=59554 width=8) (actual time=6967.066..6967.066 rows=134696 loops=1)
        Buckets: 131072 (originally 65536)  Batches: 2 (originally 1)  Memory Usage: 3639kB
        ->  Hash Join  (cost=74341.98..161595.56 rows=59554 width=8) (actual time=3210.486..6908.900 rows=134696 loops=1)
              Hash Cond: (mk.movie_id = t.id)
              ->  Seq Scan on movie_keyword mk  (cost=0.00..69693.30 rows=4523930 width=4) (actual time=0.031..2692.023 rows=4523930 loops=1)
              ->  Hash  (cost=73925.90..73925.90 rows=33286 width=4) (actual time=3209.957..3209.957 rows=28113 loops=1)
                    Buckets: 65536  Batches: 1  Memory Usage: 1501kB
                    ->  Seq Scan on title t  (cost=0.00..73925.90 rows=33286 width=4) (actual time=0.036..3197.044 rows=28113 loops=1)
                          Filter: ((kind_id < 7) AND (production_year = 2004))
                          Rows Removed by Filter: 2500199
Planning time: 1.031 ms
Execution time: 43179.762 ms
