Seq Scan on movie_companies mc  (cost=0.00..57926.93 rows=334221 width=0) (actual time=679.605..1853.395 rows=482306 loops=1)
  Filter: ((company_id < 1095) AND (company_type_id = 1))
  Rows Removed by Filter: 2126823
Planning time: 0.397 ms
Execution time: 1914.627 ms
