Hash Join  (cost=513962.84..609459.00 rows=1483165 width=0) (actual time=25700.303..32334.593 rows=2477400 loops=1)
  Hash Cond: (mc.movie_id = t.id)
  ->  Seq Scan on movie_companies mc  (cost=0.00..44881.29 rows=2609129 width=4) (actual time=0.010..3327.195 rows=2609129 loops=1)
  ->  Hash  (cost=490381.01..490381.01 rows=1437346 width=8) (actual time=25699.357..25699.357 rows=1313397 loops=1)
        Buckets: 131072  Batches: 32  Memory Usage: 2614kB
        ->  Hash Join  (cost=96356.06..490381.01 rows=1437346 width=8) (actual time=9895.714..25288.652 rows=1313397 loops=1)
              Hash Cond: (mi.movie_id = t.id)
              ->  Seq Scan on movie_info mi  (cost=0.00..346232.03 rows=2073893 width=4) (actual time=4004.154..16736.334 rows=2091068 loops=1)
                    Filter: (info_type_id < 3)
                    Rows Removed by Filter: 12744652
              ->  Hash  (cost=67604.59..67604.59 rows=1752438 width=4) (actual time=5890.705..5890.705 rows=1749032 loops=1)
                    Buckets: 131072  Batches: 32  Memory Usage: 2958kB
                    ->  Seq Scan on title t  (cost=0.00..67604.59 rows=1752438 width=4) (actual time=0.033..4854.987 rows=1749032 loops=1)
                          Filter: (production_year > 1990)
                          Rows Removed by Filter: 779280
Planning time: 1.278 ms
Execution time: 32650.368 ms
