Hash Join  (cost=206801.23..767216.46 rows=6283960 width=0) (actual time=8199.164..40886.573 rows=3922747 loops=1)
  Hash Cond: (mi.movie_id = t.id)
  ->  Seq Scan on movie_info mi  (cost=0.00..346232.03 rows=12665229 width=4) (actual time=0.023..23251.076 rows=12744652 loops=1)
        Filter: (info_type_id > 2)
        Rows Removed by Filter: 2091068
  ->  Hash  (cost=186218.35..186218.35 rows=1254550 width=8) (actual time=7410.208..7410.208 rows=517719 loops=1)
        Buckets: 131072  Batches: 32  Memory Usage: 1649kB
        ->  Hash Join  (cost=93873.33..186218.35 rows=1254550 width=8) (actual time=3552.432..7255.248 rows=517719 loops=1)
              Hash Cond: (mc.movie_id = t.id)
              ->  Seq Scan on movie_companies mc  (cost=0.00..44881.29 rows=2609129 width=4) (actual time=0.031..2047.958 rows=2609129 loops=1)
              ->  Hash  (cost=73925.90..73925.90 rows=1215794 width=4) (actual time=3551.516..3551.516 rows=1301100 loops=1)
                    Buckets: 131072  Batches: 16  Memory Usage: 3892kB
                    ->  Seq Scan on title t  (cost=0.00..73925.90 rows=1215794 width=4) (actual time=551.938..3073.681 rows=1301100 loops=1)
                          Filter: ((production_year > 1976) AND (kind_id = 7))
                          Rows Removed by Filter: 1227212
Planning time: 1.156 ms
Execution time: 41392.722 ms
