Seq Scan on movie_companies mc  (cost=0.00..51404.11 rows=680220 width=0) (actual time=0.027..2797.844 rows=672102 loops=1)
  Filter: (company_id < 1083)
  Rows Removed by Filter: 1937027
Planning time: 0.372 ms
Execution time: 2903.584 ms
