Hash Join  (cost=432355.32..1410105.71 rows=55120 width=0) (actual time=8348.336..27080.299 rows=378594 loops=1)
  Hash Cond: (ci.movie_id = t.id)
  ->  Seq Scan on cast_info ci  (cost=0.00..614943.12 rows=36225612 width=4) (actual time=0.021..9152.342 rows=36244344 loops=1)
  ->  Hash  (cost=432307.23..432307.23 rows=3847 width=8) (actual time=8347.474..8347.474 rows=23133 loops=1)
        Buckets: 32768 (originally 4096)  Batches: 1 (originally 1)  Memory Usage: 1160kB
        ->  Hash Join  (cost=67612.84..432307.23 rows=3847 width=8) (actual time=1005.990..8335.173 rows=23133 loops=1)
              Hash Cond: (mi.movie_id = t.id)
              ->  Seq Scan on movie_info mi  (cost=0.00..309384.22 rows=14739122 width=4) (actual time=0.010..4250.062 rows=14835720 loops=1)
              ->  Hash  (cost=67604.59..67604.59 rows=660 width=4) (actual time=1004.512..1004.512 rows=3515 loops=1)
                    Buckets: 4096 (originally 1024)  Batches: 1 (originally 1)  Memory Usage: 156kB
                    ->  Seq Scan on title t  (cost=0.00..67604.59 rows=660 width=4) (actual time=0.073..1002.715 rows=3515 loops=1)
                          Filter: (production_year > 2013)
                          Rows Removed by Filter: 2524797
Planning time: 3.406 ms
Execution time: 27133.179 ms
