Seq Scan on cast_info ci  (cost=0.00..796071.18 rows=8246294 width=0) (actual time=3076.051..44309.374 rows=8778378 loops=1)
  Filter: ((person_id > 441616) AND (role_id > 4))
  Rows Removed by Filter: 27465966
Planning time: 0.361 ms
Execution time: 45767.329 ms
