Hash Join  (cost=157944.68..212843.27 rows=23305 width=0) (actual time=7584.867..10680.949 rows=191960 loops=1)
  Hash Cond: (mc.movie_id = t.id)
  ->  Seq Scan on movie_companies mc  (cost=0.00..44881.29 rows=2609129 width=4) (actual time=0.017..2282.664 rows=2609129 loops=1)
  ->  Hash  (cost=157662.36..157662.36 rows=22586 width=8) (actual time=7584.484..7584.484 rows=20582 loops=1)
        Buckets: 32768  Batches: 1  Memory Usage: 1060kB
        ->  Hash Join  (cost=69179.59..157662.36 rows=22586 width=8) (actual time=3756.945..7577.660 rows=20582 loops=1)
              Hash Cond: (mk.movie_id = t.id)
              ->  Seq Scan on movie_keyword mk  (cost=0.00..81003.12 rows=594876 width=4) (actual time=0.020..3607.736 rows=595712 loops=1)
                    Filter: (keyword_id > 30873)
                    Rows Removed by Filter: 3928218
              ->  Hash  (cost=67604.59..67604.59 rows=96000 width=4) (actual time=3755.324..3755.324 rows=95005 loops=1)
                    Buckets: 131072  Batches: 2  Memory Usage: 2722kB
                    ->  Seq Scan on title t  (cost=0.00..67604.59 rows=96000 width=4) (actual time=0.032..3169.798 rows=95005 loops=1)
                          Filter: (production_year = 2005)
                          Rows Removed by Filter: 2433307
Planning time: 5.543 ms
Execution time: 10734.588 ms
