Hash Join  (cost=236406.52..786108.09 rows=6550566 width=0) (actual time=11363.505..41144.791 rows=2932849 loops=1)
  Hash Cond: (mi.movie_id = t.id)
  ->  Seq Scan on movie_info mi  (cost=0.00..309384.22 rows=14739122 width=4) (actual time=0.009..20576.973 rows=14835720 loops=1)
  ->  Hash  (cost=217969.48..217969.48 rows=1123763 width=8) (actual time=11262.604..11262.604 rows=290668 loops=1)
        Buckets: 131072  Batches: 16  Memory Usage: 1772kB
        ->  Hash Join  (cost=93341.87..217969.48 rows=1123763 width=8) (actual time=5675.324..11167.539 rows=290668 loops=1)
              Hash Cond: (mk.movie_id = t.id)
              ->  Seq Scan on movie_keyword mk  (cost=0.00..81003.12 rows=2401028 width=4) (actual time=0.025..4532.910 rows=2397127 loops=1)
                    Filter: (keyword_id > 3919)
                    Rows Removed by Filter: 2126803
              ->  Hash  (cost=73925.90..73925.90 rows=1183437 width=4) (actual time=5127.310..5127.310 rows=1268635 loops=1)
                    Buckets: 131072  Batches: 16  Memory Usage: 3829kB
                    ->  Seq Scan on title t  (cost=0.00..73925.90 rows=1183437 width=4) (actual time=194.034..4610.902 rows=1268635 loops=1)
                          Filter: ((production_year > 1980) AND (kind_id = 7))
                          Rows Removed by Filter: 1259677
Planning time: 7.003 ms
Execution time: 41489.311 ms
