Seq Scan on cast_info ci  (cost=0.00..705507.15 rows=485068 width=0) (actual time=408.467..11149.336 rows=406274 loops=1)
  Filter: (person_id < 46208)
  Rows Removed by Filter: 35838070
Planning time: 0.326 ms
Execution time: 11197.969 ms
