Hash Join  (cost=69002.72..107493.28 rows=46507 width=0) (actual time=1247.851..2087.135 rows=51108 loops=1)
  Hash Cond: (mi_idx.movie_id = t.id)
  ->  Seq Scan on movie_info_idx mi_idx  (cost=0.00..21735.35 rows=1380035 width=4) (actual time=0.032..404.922 rows=1380035 loops=1)
  ->  Hash  (cost=67604.59..67604.59 rows=85211 width=4) (actual time=1091.337..1091.337 rows=84593 loops=1)
        Buckets: 131072  Batches: 2  Memory Usage: 2518kB
        ->  Seq Scan on title t  (cost=0.00..67604.59 rows=85211 width=4) (actual time=0.026..1016.767 rows=84593 loops=1)
              Filter: (production_year = 2004)
              Rows Removed by Filter: 2443719
Planning time: 2.159 ms
Execution time: 2093.915 ms
