Nested Loop  (cost=0.43..798787.41 rows=324 width=0) (actual time=1018.060..32699.495 rows=2 loops=1)
  ->  Seq Scan on cast_info ci  (cost=0.00..796071.18 rows=324 width=4) (actual time=1010.779..32692.175 rows=2 loops=1)
        Filter: ((role_id > 1) AND (person_id = 3475646))
        Rows Removed by Filter: 36244342
  ->  Index Only Scan using title_pkey on title t  (cost=0.43..8.37 rows=1 width=4) (actual time=0.062..0.062 rows=1 loops=2)
        Index Cond: (id = ci.movie_id)
        Heap Fetches: 2
Planning time: 0.813 ms
Execution time: 32699.568 ms
