Seq Scan on cast_info ci  (cost=0.00..796071.18 rows=101 width=0) (actual time=5229.685..10911.734 rows=277 loops=1)
  Filter: ((person_id = 2128871) AND (role_id = 2))
  Rows Removed by Filter: 36244067
Planning time: 0.417 ms
Execution time: 10911.866 ms
