Hash Join  (cost=94616.01..151013.20 rows=702 width=0) (actual time=2227.371..2610.332 rows=255 loops=1)
  Hash Cond: (mc.movie_id = t.id)
  ->  Seq Scan on movie_companies mc  (cost=0.00..51404.11 rows=1329612 width=4) (actual time=413.724..894.373 rows=1334883 loops=1)
        Filter: (company_type_id = 2)
        Rows Removed by Filter: 1274246
  ->  Hash  (cost=94599.31..94599.31 rows=1336 width=8) (actual time=1539.653..1539.653 rows=259 loops=1)
        Buckets: 2048  Batches: 1  Memory Usage: 27kB
        ->  Hash Join  (cost=67697.55..94599.31 rows=1336 width=8) (actual time=979.209..1539.418 rows=259 loops=1)
              Hash Cond: (mi_idx.movie_id = t.id)
              ->  Seq Scan on movie_info_idx mi_idx  (cost=0.00..25185.44 rows=454124 width=4) (actual time=0.029..455.807 rows=459925 loops=1)
                    Filter: (info_type_id = 100)
                    Rows Removed by Filter: 920110
              ->  Hash  (cost=67604.59..67604.59 rows=7437 width=4) (actual time=977.332..977.332 rows=7670 loops=1)
                    Buckets: 8192  Batches: 1  Memory Usage: 334kB
                    ->  Seq Scan on title t  (cost=0.00..67604.59 rows=7437 width=4) (actual time=26.645..974.109 rows=7670 loops=1)
                          Filter: (production_year = 1915)
                          Rows Removed by Filter: 2520642
Planning time: 1.312 ms
Execution time: 2610.504 ms
