Hash Join  (cost=493902.32..1689297.06 rows=15730263 width=0) (actual time=24514.149..91298.571 rows=73169578 loops=1)
  Hash Cond: (ci.movie_id = t.id)
  ->  Seq Scan on cast_info ci  (cost=0.00..614943.12 rows=36225612 width=4) (actual time=0.012..29175.147 rows=36244344 loops=1)
  ->  Hash  (cost=475888.78..475888.78 rows=1097963 width=8) (actual time=24512.667..24512.667 rows=1320169 loops=1)
        Buckets: 131072 (originally 131072)  Batches: 32 (originally 16)  Memory Usage: 3073kB
        ->  Hash Join  (cost=88359.31..475888.78 rows=1097963 width=8) (actual time=7472.097..24095.060 rows=1320169 loops=1)
              Hash Cond: (mi.movie_id = t.id)
              ->  Seq Scan on movie_info mi  (cost=0.00..346232.03 rows=2194617 width=4) (actual time=3026.093..17392.708 rows=2233850 loops=1)
                    Filter: (info_type_id > 16)
                    Rows Removed by Filter: 12601870
              ->  Hash  (cost=67604.59..67604.59 rows=1265018 width=4) (actual time=4444.649..4444.649 rows=1263700 loops=1)
                    Buckets: 131072  Batches: 32  Memory Usage: 2419kB
                    ->  Seq Scan on title t  (cost=0.00..67604.59 rows=1265018 width=4) (actual time=0.030..3954.337 rows=1263700 loops=1)
                          Filter: (production_year < 2004)
                          Rows Removed by Filter: 1264612
Planning time: 1.137 ms
Execution time: 99237.159 ms
