Hash Join  (cost=383694.79..1325429.84 rows=14353822 width=181) (actual time=8817.833..84791.057 rows=135437330 loops=1)
  Hash Cond: (mi.movie_id = t.id)
  ->  Seq Scan on movie_info mi  (cost=0.00..309384.22 rows=14739122 width=75) (actual time=0.022..7597.864 rows=14835720 loops=1)
  ->  Hash  (cost=312033.44..312033.44 rows=2462428 width=106) (actual time=8816.020..8816.020 rows=2444170 loops=1)
        Buckets: 32768  Batches: 128  Memory Usage: 2753kB
        ->  Hash Join  (cost=129928.86..312033.44 rows=2462428 width=106) (actual time=2896.548..7528.759 rows=2444170 loops=1)
              Hash Cond: (mk.movie_id = t.id)
              ->  Seq Scan on movie_keyword mk  (cost=0.00..81003.12 rows=2462428 width=12) (actual time=0.020..1966.301 rows=2444170 loops=1)
                    Filter: (keyword_id > 3678)
                    Rows Removed by Filter: 2079760
              ->  Hash  (cost=61283.27..61283.27 rows=2528527 width=94) (actual time=2895.115..2895.115 rows=2528312 loops=1)
                    Buckets: 32768  Batches: 128  Memory Usage: 2470kB
                    ->  Seq Scan on title t  (cost=0.00..61283.27 rows=2528527 width=94) (actual time=0.013..1586.139 rows=2528312 loops=1)
Planning time: 1.351 ms
Execution time: 92043.662 ms
