Hash Join  (cost=95500.90..460780.54 rows=62374 width=0) (actual time=1620.322..8793.903 rows=192279 loops=1)
  Hash Cond: (mi.movie_id = t.id)
  ->  Seq Scan on movie_info mi  (cost=0.00..309384.22 rows=14739122 width=4) (actual time=0.010..4074.703 rows=14835720 loops=1)
  ->  Hash  (cost=95367.15..95367.15 rows=10700 width=8) (actual time=1620.084..1620.084 rows=12483 loops=1)
        Buckets: 16384  Batches: 1  Memory Usage: 616kB
        ->  Hash Join  (cost=68332.59..95367.15 rows=10700 width=8) (actual time=1097.859..1615.194 rows=12483 loops=1)
              Hash Cond: (mi_idx.movie_id = t.id)
              ->  Seq Scan on movie_info_idx mi_idx  (cost=0.00..25185.44 rows=464566 width=4) (actual time=0.019..385.944 rows=459925 loops=1)
                    Filter: (info_type_id = 101)
                    Rows Removed by Filter: 920110
              ->  Hash  (cost=67604.59..67604.59 rows=58240 width=4) (actual time=1097.562..1097.562 rows=58590 loops=1)
                    Buckets: 65536  Batches: 1  Memory Usage: 2572kB
                    ->  Seq Scan on title t  (cost=0.00..67604.59 rows=58240 width=4) (actual time=0.010..1073.663 rows=58590 loops=1)
                          Filter: (production_year = 2001)
                          Rows Removed by Filter: 2469722
Planning time: 0.796 ms
Execution time: 8822.288 ms
