Hash Join  (cost=74251.74..892260.58 rows=58695 width=0) (actual time=7049.770..15506.633 rows=84320 loops=1)
  Hash Cond: (ci.movie_id = t.id)
  ->  Seq Scan on cast_info ci  (cost=0.00..796071.18 rows=5693522 width=4) (actual time=5940.813..12568.667 rows=7304005 loops=1)
        Filter: ((person_id < 996565) AND (role_id < 3))
        Rows Removed by Filter: 28940339
  ->  Hash  (cost=73925.90..73925.90 rows=26067 width=4) (actual time=1108.456..1108.456 rows=27085 loops=1)
        Buckets: 32768  Batches: 1  Memory Usage: 1209kB
        ->  Seq Scan on title t  (cost=0.00..73925.90 rows=26067 width=4) (actual time=0.045..1097.070 rows=27085 loops=1)
              Filter: ((kind_id < 7) AND (production_year > 2012))
              Rows Removed by Filter: 2501227
Planning time: 8.636 ms
Execution time: 15520.277 ms
