Seq Scan on movie_keyword mk  (cost=0.00..81003.12 rows=3707969 width=0) (actual time=0.029..1540.664 rows=3704871 loops=1)
  Filter: (keyword_id > 784)
  Rows Removed by Filter: 819059
Planning time: 0.331 ms
Execution time: 2000.428 ms
