Seq Scan on movie_keyword mk  (cost=0.00..81003.12 rows=222042 width=0) (actual time=0.014..933.656 rows=223264 loops=1)
  Filter: (keyword_id > 64187)
  Rows Removed by Filter: 4300666
Planning time: 0.318 ms
Execution time: 957.245 ms
