Hash Join  (cost=28266.73..82932.26 rows=1 width=0) (actual time=684.380..1575.568 rows=63 loops=1)
  Hash Cond: (mc.movie_id = t.id)
  ->  Seq Scan on movie_companies mc  (cost=0.00..44881.29 rows=2609129 width=4) (actual time=0.016..661.218 rows=2609129 loops=1)
  ->  Hash  (cost=28266.72..28266.72 rows=1 width=8) (actual time=432.733..432.733 rows=2 loops=1)
        Buckets: 1024  Batches: 1  Memory Usage: 9kB
        ->  Nested Loop  (cost=0.43..28266.72 rows=1 width=8) (actual time=162.966..432.717 rows=2 loops=1)
              ->  Seq Scan on movie_info_idx mi_idx  (cost=0.00..25185.44 rows=368 width=4) (actual time=160.867..429.341 rows=260 loops=1)
                    Filter: (info_type_id > 101)
                    Rows Removed by Filter: 1379775
              ->  Index Scan using title_pkey on title t  (cost=0.43..8.36 rows=1 width=4) (actual time=0.013..0.013 rows=0 loops=260)
                    Index Cond: (id = mi_idx.movie_id)
                    Filter: (production_year = 1969)
                    Rows Removed by Filter: 1
Planning time: 1.179 ms
Execution time: 1575.701 ms
