Nested Loop  (cost=0.43..83071.67 rows=246 width=0) (actual time=6.438..1269.082 rows=22 loops=1)
  ->  Seq Scan on movie_keyword mk  (cost=0.00..81003.12 rows=246 width=4) (actual time=6.363..1268.060 rows=22 loops=1)
        Filter: (keyword_id = 62729)
        Rows Removed by Filter: 4523908
  ->  Index Only Scan using title_pkey on title t  (cost=0.43..8.40 rows=1 width=4) (actual time=0.040..0.040 rows=1 loops=22)
        Index Cond: (id = mk.movie_id)
        Heap Fetches: 22
Planning time: 0.540 ms
Execution time: 1269.154 ms
