Seq Scan on cast_info ci  (cost=0.00..796071.18 rows=27115249 width=0) (actual time=2015.658..16671.646 rows=26828493 loops=1)
  Filter: ((person_id > 483061) AND (role_id < 10))
  Rows Removed by Filter: 9415851
Planning time: 0.363 ms
Execution time: 19984.018 ms
