Hash Join  (cost=67697.55..905897.98 rows=103265 width=0) (actual time=1053.541..23147.658 rows=308798 loops=1)
  Hash Cond: (ci.movie_id = t.id)
  ->  Seq Scan on cast_info ci  (cost=0.00..705507.15 rows=35109500 width=4) (actual time=0.014..13776.288 rows=35234967 loops=1)
        Filter: (person_id > 103040)
        Rows Removed by Filter: 1009377
  ->  Hash  (cost=67604.59..67604.59 rows=7437 width=4) (actual time=1053.453..1053.453 rows=19440 loops=1)
        Buckets: 32768 (originally 8192)  Batches: 1 (originally 1)  Memory Usage: 940kB
        ->  Seq Scan on title t  (cost=0.00..67604.59 rows=7437 width=4) (actual time=0.051..1044.273 rows=19440 loops=1)
              Filter: (production_year = 1986)
              Rows Removed by Filter: 2508872
Planning time: 0.737 ms
Execution time: 23197.388 ms
