Nested Loop  (cost=0.43..83071.67 rows=246 width=0) (actual time=10.147..1413.522 rows=186 loops=1)
  ->  Seq Scan on movie_keyword mk  (cost=0.00..81003.12 rows=246 width=4) (actual time=10.069..1405.625 rows=186 loops=1)
        Filter: (keyword_id = 3189)
        Rows Removed by Filter: 4523744
  ->  Index Only Scan using title_pkey on title t  (cost=0.43..8.40 rows=1 width=4) (actual time=0.038..0.039 rows=1 loops=186)
        Index Cond: (id = mk.movie_id)
        Heap Fetches: 186
Planning time: 0.705 ms
Execution time: 1413.708 ms
