Hash Join  (cost=85000.09..477537.20 rows=819036 width=0) (actual time=1624.388..9589.959 rows=856548 loops=1)
  Hash Cond: (mi.movie_id = t.id)
  ->  Seq Scan on movie_info mi  (cost=0.00..346232.03 rows=3068194 width=4) (actual time=0.015..5898.892 rows=3036719 loops=1)
        Filter: (info_type_id = 16)
        Rows Removed by Filter: 11799001
  ->  Hash  (cost=73925.90..73925.90 rows=674975 width=4) (actual time=1623.259..1623.259 rows=739679 loops=1)
        Buckets: 131072  Batches: 16  Memory Usage: 2660kB
        ->  Seq Scan on title t  (cost=0.00..73925.90 rows=674975 width=4) (actual time=202.988..1377.842 rows=739679 loops=1)
              Filter: ((production_year > 2004) AND (kind_id = 7))
              Rows Removed by Filter: 1788633
Planning time: 0.670 ms
Execution time: 9695.223 ms
