Seq Scan on cast_info ci  (cost=0.00..796071.18 rows=392 width=0) (actual time=7275.788..15032.392 rows=585 loops=1)
  Filter: ((role_id < 7) AND (person_id = 2905681))
  Rows Removed by Filter: 36243759
Planning time: 0.447 ms
Execution time: 15032.599 ms
