Hash Join  (cost=129069.07..494529.36 rows=80436 width=0) (actual time=2622.811..10956.092 rows=1221654 loops=1)
  Hash Cond: (mi.movie_id = t.id)
  ->  Seq Scan on movie_info mi  (cost=0.00..309384.22 rows=14739122 width=4) (actual time=0.016..4835.300 rows=14835720 loops=1)
  ->  Hash  (cost=128896.58..128896.58 rows=13799 width=8) (actual time=2622.674..2622.674 rows=17385 loops=1)
        Buckets: 32768 (originally 16384)  Batches: 1 (originally 1)  Memory Usage: 936kB
        ->  Hash Join  (cost=74093.07..128896.58 rows=13799 width=8) (actual time=1403.699..2615.726 rows=17385 loops=1)
              Hash Cond: (mc.movie_id = t.id)
              ->  Seq Scan on movie_companies mc  (cost=0.00..44881.29 rows=2609129 width=4) (actual time=0.021..668.926 rows=2609129 loops=1)
              ->  Hash  (cost=73925.90..73925.90 rows=13373 width=4) (actual time=1403.542..1403.542 rows=7578 loops=1)
                    Buckets: 16384  Batches: 1  Memory Usage: 395kB
                    ->  Seq Scan on title t  (cost=0.00..73925.90 rows=13373 width=4) (actual time=0.120..1400.117 rows=7578 loops=1)
                          Filter: ((kind_id = 1) AND (production_year = 1999))
                          Rows Removed by Filter: 2520734
Planning time: 1.171 ms
Execution time: 11111.137 ms
