Seq Scan on title t  (cost=0.00..73925.90 rows=42409 width=0) (actual time=0.023..1172.822 rows=112512 loops=1)
  Filter: ((kind_id < 6) AND (production_year < 1929))
  Rows Removed by Filter: 2415800
Planning time: 0.318 ms
Execution time: 1187.623 ms
