Seq Scan on cast_info ci  (cost=0.00..796071.18 rows=7658264 width=0) (actual time=3960.996..13069.018 rows=4591802 loops=1)
  Filter: ((person_id > 2743575) AND (role_id < 8))
  Rows Removed by Filter: 31652542
Planning time: 0.357 ms
Execution time: 13658.162 ms
