Hash Join  (cost=448026.41..535005.37 rows=32092 width=0) (actual time=6166.031..8992.965 rows=3861179 loops=1)
  Hash Cond: (mk.movie_id = t.id)
  ->  Seq Scan on movie_keyword mk  (cost=0.00..69693.30 rows=4523930 width=4) (actual time=0.020..1063.697 rows=4523930 loops=1)
  ->  Hash  (cost=447802.20..447802.20 rows=17937 width=8) (actual time=6165.812..6165.812 rows=68025 loops=1)
        Buckets: 131072 (originally 32768)  Batches: 1 (originally 1)  Memory Usage: 3682kB
        ->  Nested Loop  (cost=0.43..447802.20 rows=17937 width=8) (actual time=3094.694..6134.237 rows=68025 loops=1)
              ->  Seq Scan on movie_info mi  (cost=0.00..346232.03 rows=17937 width=4) (actual time=3094.534..5436.649 rows=68025 loops=1)
                    Filter: (info_type_id = 94)
                    Rows Removed by Filter: 14767695
              ->  Index Only Scan using title_pkey on title t  (cost=0.43..5.65 rows=1 width=4) (actual time=0.009..0.010 rows=1 loops=68025)
                    Index Cond: (id = mi.movie_id)
                    Heap Fetches: 68025
Planning time: 1.328 ms
Execution time: 9473.180 ms
