Hash Join  (cost=58375.83..811607.76 rows=206 width=0) (actual time=787.316..15650.691 rows=3834 loops=1)
  Hash Cond: (ci.movie_id = t.id)
  ->  Seq Scan on cast_info ci  (cost=0.00..705507.15 rows=12726058 width=4) (actual time=0.017..13103.294 rows=12670688 loops=1)
        Filter: (role_id = 1)
        Rows Removed by Filter: 23573656
  ->  Hash  (cost=58375.31..58375.31 rows=41 width=8) (actual time=785.626..785.626 rows=445 loops=1)
        Buckets: 1024  Batches: 1  Memory Usage: 26kB
        ->  Nested Loop  (cost=0.43..58375.31 rows=41 width=8) (actual time=242.120..785.325 rows=445 loops=1)
              ->  Seq Scan on movie_companies mc  (cost=0.00..57926.93 rows=53 width=4) (actual time=242.067..770.185 rows=470 loops=1)
                    Filter: ((company_id = 115) AND (company_type_id = 2))
                    Rows Removed by Filter: 2608659
              ->  Index Scan using title_pkey on title t  (cost=0.43..8.45 rows=1 width=4) (actual time=0.031..0.031 rows=1 loops=470)
                    Index Cond: (id = mc.movie_id)
                    Filter: (production_year > 1978)
                    Rows Removed by Filter: 0
Planning time: 1.202 ms
Execution time: 15652.073 ms
