Hash Join  (cost=102767.86..273444.73 rows=3316169 width=0) (actual time=2033.890..6672.995 rows=3314454 loops=1)
  Hash Cond: (mk.movie_id = t.id)
  ->  Seq Scan on movie_keyword mk  (cost=0.00..81003.12 rows=3316169 width=4) (actual time=0.023..1763.131 rows=3314454 loops=1)
        Filter: (keyword_id > 1515)
        Rows Removed by Filter: 1209476
  ->  Hash  (cost=61283.27..61283.27 rows=2528527 width=4) (actual time=2032.293..2032.293 rows=2528312 loops=1)
        Buckets: 131072  Batches: 64  Memory Usage: 2425kB
        ->  Seq Scan on title t  (cost=0.00..61283.27 rows=2528527 width=4) (actual time=0.022..1158.032 rows=2528312 loops=1)
Planning time: 0.767 ms
Execution time: 7064.932 ms
