Hash Join  (cost=83072.37..477788.44 rows=34 width=0) (actual time=1340.716..9418.821 rows=900 loops=1)
  Hash Cond: (mi.movie_id = t.id)
  ->  Seq Scan on movie_info mi  (cost=0.00..346232.03 rows=12928982 width=4) (actual time=0.011..6418.643 rows=12970088 loops=1)
        Filter: (info_type_id < 18)
        Rows Removed by Filter: 1865632
  ->  Hash  (cost=83072.29..83072.29 rows=7 width=8) (actual time=1305.139..1305.139 rows=19 loops=1)
        Buckets: 1024  Batches: 1  Memory Usage: 9kB
        ->  Nested Loop  (cost=0.43..83072.29 rows=7 width=8) (actual time=21.257..1305.102 rows=19 loops=1)
              ->  Seq Scan on movie_keyword mk  (cost=0.00..81003.12 rows=246 width=4) (actual time=0.339..1253.350 rows=630 loops=1)
                    Filter: (keyword_id = 9474)
                    Rows Removed by Filter: 4523300
              ->  Index Scan using title_pkey on title t  (cost=0.43..8.40 rows=1 width=4) (actual time=0.080..0.080 rows=0 loops=630)
                    Index Cond: (id = mk.movie_id)
                    Filter: (production_year = 2003)
                    Rows Removed by Filter: 1
Planning time: 1.114 ms
Execution time: 9419.226 ms
