Seq Scan on movie_companies mc  (cost=0.00..57926.93 rows=863635 width=0) (actual time=114.936..1064.568 rows=545910 loops=1)
  Filter: ((company_id < 19966) AND (company_type_id = 2))
  Rows Removed by Filter: 2063219
Planning time: 0.353 ms
Execution time: 1131.679 ms
