Seq Scan on movie_companies mc  (cost=0.00..57926.93 rows=744098 width=0) (actual time=249.123..1048.469 rows=962050 loops=1)
  Filter: ((company_id > 8781) AND (company_type_id > 1))
  Rows Removed by Filter: 1647079
Planning time: 0.306 ms
Execution time: 1170.779 ms
