Hash Join  (cost=191135.67..324213.41 rows=909070 width=0) (actual time=3731.822..7395.525 rows=1586066 loops=1)
  Hash Cond: (mk.movie_id = t.id)
  ->  Seq Scan on movie_keyword mk  (cost=0.00..69693.30 rows=4523930 width=4) (actual time=0.021..1446.997 rows=4523930 loops=1)
  ->  Hash  (cost=182799.42..182799.42 rows=508100 width=8) (actual time=3730.810..3730.810 rows=302440 loops=1)
        Buckets: 131072  Batches: 8  Memory Usage: 2508kB
        ->  Hash Join  (cost=102767.86..182799.42 rows=508100 width=8) (actual time=1908.553..3632.343 rows=302440 loops=1)
              Hash Cond: (mc.movie_id = t.id)
              ->  Seq Scan on movie_companies mc  (cost=0.00..57926.93 rows=508100 width=4) (actual time=0.020..1041.466 rows=302440 loops=1)
                    Filter: ((company_id < 4669) AND (company_type_id = 2))
                    Rows Removed by Filter: 2306689
              ->  Hash  (cost=61283.27..61283.27 rows=2528527 width=4) (actual time=1907.866..1907.866 rows=2528312 loops=1)
                    Buckets: 131072  Batches: 64  Memory Usage: 2415kB
                    ->  Seq Scan on title t  (cost=0.00..61283.27 rows=2528527 width=4) (actual time=0.048..1071.111 rows=2528312 loops=1)
Planning time: 1.061 ms
Execution time: 7584.689 ms
