Hash Join  (cost=100089.65..228504.27 rows=1505051 width=0) (actual time=2105.000..5120.355 rows=1424512 loops=1)
  Hash Cond: (mk.movie_id = t.id)
  ->  Seq Scan on movie_keyword mk  (cost=0.00..81003.12 rows=1921996 width=4) (actual time=0.025..1488.990 rows=1937152 loops=1)
        Filter: (keyword_id < 3337)
        Rows Removed by Filter: 2586778
  ->  Hash  (cost=67604.59..67604.59 rows=1980005 width=4) (actual time=2104.169..2104.169 rows=1976617 loops=1)
        Buckets: 131072  Batches: 32  Memory Usage: 3212kB
        ->  Seq Scan on title t  (cost=0.00..67604.59 rows=1980005 width=4) (actual time=0.025..1435.825 rows=1976617 loops=1)
              Filter: (production_year > 1977)
              Rows Removed by Filter: 551695
Planning time: 3.953 ms
Execution time: 5269.681 ms
