Hash Join  (cost=860062.41..3628019.71 rows=133548502 width=0) (actual time=19483.453..90514.305 rows=121850998 loops=1)
  Hash Cond: (ci.movie_id = t.id)
  ->  Seq Scan on cast_info ci  (cost=0.00..614943.12 rows=36225612 width=4) (actual time=0.032..14103.988 rows=36244344 loops=1)
  ->  Hash  (cost=707129.30..707129.30 rows=9321609 width=8) (actual time=19480.785..19480.785 rows=5511753 loops=1)
        Buckets: 131072  Batches: 128  Memory Usage: 2686kB
        ->  Hash Join  (cost=98137.04..707129.30 rows=9321609 width=8) (actual time=1981.364..17883.389 rows=5511753 loops=1)
              Hash Cond: (mi.movie_id = t.id)
              ->  Seq Scan on movie_info mi  (cost=0.00..346232.03 rows=12665229 width=4) (actual time=0.023..7344.716 rows=12744652 loops=1)
                    Filter: (info_type_id > 2)
                    Rows Removed by Filter: 2091068
              ->  Hash  (cost=67604.59..67604.59 rows=1860996 width=4) (actual time=1980.245..1980.245 rows=1865487 loops=1)
                    Buckets: 131072  Batches: 32  Memory Usage: 3085kB
                    ->  Seq Scan on title t  (cost=0.00..67604.59 rows=1860996 width=4) (actual time=0.014..1359.849 rows=1865487 loops=1)
                          Filter: (kind_id > 1)
                          Rows Removed by Filter: 662825
Planning time: 1.178 ms
Execution time: 104337.202 ms
