Hash Join  (cost=799384.85..826296.86 rows=153 width=0) (actual time=14531.241..14975.235 rows=303 loops=1)
  Hash Cond: (mi_idx.movie_id = t.id)
  ->  Seq Scan on movie_info_idx mi_idx  (cost=0.00..21735.35 rows=1380035 width=4) (actual time=0.022..319.954 rows=1380035 loops=1)
  ->  Hash  (cost=799381.34..799381.34 rows=281 width=8) (actual time=14386.591..14386.591 rows=273 loops=1)
        Buckets: 1024  Batches: 1  Memory Usage: 19kB
        ->  Nested Loop  (cost=0.43..799381.34 rows=281 width=8) (actual time=1384.749..14386.438 rows=273 loops=1)
              ->  Seq Scan on cast_info ci  (cost=0.00..796071.18 rows=396 width=4) (actual time=1384.651..14381.141 rows=274 loops=1)
                    Filter: ((role_id < 8) AND (person_id = 2977920))
                    Rows Removed by Filter: 36244070
              ->  Index Scan using title_pkey on title t  (cost=0.43..8.35 rows=1 width=4) (actual time=0.018..0.018 rows=1 loops=274)
                    Index Cond: (id = ci.movie_id)
                    Filter: (production_year < 2009)
                    Rows Removed by Filter: 0
Planning time: 1.245 ms
Execution time: 14975.423 ms
