Seq Scan on movie_keyword mk  (cost=0.00..81003.12 rows=246 width=0) (actual time=15.254..1287.016 rows=795 loops=1)
  Filter: (keyword_id = 2506)
  Rows Removed by Filter: 4523135
Planning time: 0.401 ms
Execution time: 1287.445 ms
