Hash Join  (cost=102767.86..957680.52 rows=2034799 width=0) (actual time=12067.075..16699.549 rows=657315 loops=1)
  Hash Cond: (ci.movie_id = t.id)
  ->  Seq Scan on cast_info ci  (cost=0.00..796071.18 rows=2034799 width=4) (actual time=10113.598..13560.127 rows=657315 loops=1)
        Filter: ((person_id < 1674136) AND (role_id = 10))
        Rows Removed by Filter: 35587029
  ->  Hash  (cost=61283.27..61283.27 rows=2528527 width=4) (actual time=1952.229..1952.229 rows=2528312 loops=1)
        Buckets: 131072  Batches: 64  Memory Usage: 2415kB
        ->  Seq Scan on title t  (cost=0.00..61283.27 rows=2528527 width=4) (actual time=0.027..1117.409 rows=2528312 loops=1)
Planning time: 0.732 ms
Execution time: 16778.689 ms
