Seq Scan on cast_info ci  (cost=0.00..705507.15 rows=19432150 width=0) (actual time=0.013..12449.042 rows=19598165 loops=1)
  Filter: (person_id > 1648295)
  Rows Removed by Filter: 16646179
Planning time: 0.339 ms
Execution time: 14914.691 ms
