Hash Join  (cost=102767.86..284619.77 rows=3780602 width=0) (actual time=1983.797..6930.984 rows=3773536 loops=1)
  Hash Cond: (mk.movie_id = t.id)
  ->  Seq Scan on movie_keyword mk  (cost=0.00..81003.12 rows=3780602 width=4) (actual time=0.026..1786.114 rows=3773536 loops=1)
        Filter: (keyword_id > 680)
        Rows Removed by Filter: 750394
  ->  Hash  (cost=61283.27..61283.27 rows=2528527 width=4) (actual time=1983.027..1983.027 rows=2528312 loops=1)
        Buckets: 131072  Batches: 64  Memory Usage: 2425kB
        ->  Seq Scan on title t  (cost=0.00..61283.27 rows=2528527 width=4) (actual time=0.016..1091.144 rows=2528312 loops=1)
Planning time: 0.717 ms
Execution time: 7369.728 ms
