Hash Join  (cost=73962.22..420261.72 rows=21 width=0) (actual time=1467.723..6767.267 rows=138 loops=1)
  Hash Cond: (mi.movie_id = t.id)
  ->  Seq Scan on movie_info mi  (cost=0.00..346232.03 rows=17937 width=4) (actual time=281.364..5609.034 rows=36985 loops=1)
        Filter: (info_type_id = 104)
        Rows Removed by Filter: 14798735
  ->  Hash  (cost=73925.90..73925.90 rows=2905 width=4) (actual time=1149.066..1149.066 rows=3427 loops=1)
        Buckets: 4096  Batches: 1  Memory Usage: 153kB
        ->  Seq Scan on title t  (cost=0.00..73925.90 rows=2905 width=4) (actual time=2.364..1147.090 rows=3427 loops=1)
              Filter: ((kind_id < 7) AND (production_year = 1956))
              Rows Removed by Filter: 2524885
Planning time: 0.787 ms
Execution time: 6767.368 ms
