Seq Scan on cast_info ci  (cost=0.00..705507.15 rows=17140613 width=0) (actual time=0.051..12419.468 rows=17008596 loops=1)
  Filter: (person_id < 1681360)
  Rows Removed by Filter: 19235748
Planning time: 0.338 ms
Execution time: 14574.408 ms
