Hash Join  (cost=217858.32..342658.54 rows=1206738 width=0) (actual time=4722.948..8383.008 rows=4247789 loops=1)
  Hash Cond: (mk.movie_id = t.id)
  ->  Seq Scan on movie_keyword mk  (cost=0.00..81003.12 rows=2294858 width=4) (actual time=0.019..1566.097 rows=2295971 loops=1)
        Filter: (keyword_id < 4918)
        Rows Removed by Filter: 2227959
  ->  Hash  (cost=196044.17..196044.17 rows=1329612 width=8) (actual time=4721.387..4721.387 rows=1334883 loops=1)
        Buckets: 131072  Batches: 32  Memory Usage: 2660kB
        ->  Hash Join  (cost=102767.86..196044.17 rows=1329612 width=8) (actual time=1895.585..4317.237 rows=1334883 loops=1)
              Hash Cond: (mc.movie_id = t.id)
              ->  Seq Scan on movie_companies mc  (cost=0.00..51404.11 rows=1329612 width=4) (actual time=0.021..935.285 rows=1334883 loops=1)
                    Filter: (company_type_id > 1)
                    Rows Removed by Filter: 1274246
              ->  Hash  (cost=61283.27..61283.27 rows=2528527 width=4) (actual time=1894.490..1894.490 rows=2528312 loops=1)
                    Buckets: 131072  Batches: 64  Memory Usage: 2415kB
                    ->  Seq Scan on title t  (cost=0.00..61283.27 rows=2528527 width=4) (actual time=0.013..1048.602 rows=2528312 loops=1)
Planning time: 1.345 ms
Execution time: 8820.162 ms
