Seq Scan on cast_info ci  (cost=0.00..796071.18 rows=1969027 width=0) (actual time=1096.105..12219.243 rows=984128 loops=1)
  Filter: ((person_id < 721743) AND (role_id > 4))
  Rows Removed by Filter: 35260216
Planning time: 1.420 ms
Execution time: 12340.048 ms
