Seq Scan on title t  (cost=0.00..73925.90 rows=70442 width=0) (actual time=0.023..1109.287 rows=71472 loops=1)
  Filter: ((production_year < 2007) AND (kind_id = 4))
  Rows Removed by Filter: 2456840
Planning time: 0.384 ms
Execution time: 1118.676 ms
