Seq Scan on cast_info ci  (cost=0.00..796071.18 rows=20662977 width=0) (actual time=4391.687..16666.793 rows=19154984 loops=1)
  Filter: ((person_id < 3254028) AND (role_id > 1))
  Rows Removed by Filter: 17089360
Planning time: 0.248 ms
Execution time: 19001.063 ms
