Hash Join  (cost=255919.23..895343.99 rows=13232693 width=0) (actual time=5987.260..34634.953 rows=61438733 loops=1)
  Hash Cond: (mi.movie_id = t.id)
  ->  Seq Scan on movie_info mi  (cost=0.00..309384.22 rows=14739122 width=4) (actual time=0.019..6158.638 rows=14835720 loops=1)
  ->  Hash  (cost=218675.03..218675.03 rows=2270096 width=8) (actual time=5986.451..5986.451 rows=2275487 loops=1)
        Buckets: 131072  Batches: 32  Memory Usage: 3855kB
        ->  Hash Join  (cost=102767.86..218675.03 rows=2270096 width=8) (actual time=1876.677..5321.273 rows=2275487 loops=1)
              Hash Cond: (mc.movie_id = t.id)
              ->  Seq Scan on movie_companies mc  (cost=0.00..51404.11 rows=2270096 width=4) (actual time=0.317..1116.100 rows=2275487 loops=1)
                    Filter: (company_id > 164)
                    Rows Removed by Filter: 333642
              ->  Hash  (cost=61283.27..61283.27 rows=2528527 width=4) (actual time=1875.449..1875.449 rows=2528312 loops=1)
                    Buckets: 131072  Batches: 64  Memory Usage: 2415kB
                    ->  Seq Scan on title t  (cost=0.00..61283.27 rows=2528527 width=4) (actual time=0.017..1044.009 rows=2528312 loops=1)
Planning time: 1.192 ms
Execution time: 41113.067 ms
