Seq Scan on movie_companies mc  (cost=0.00..51404.11 rows=104 width=0) (actual time=4.600..859.695 rows=182 loops=1)
  Filter: (company_id = 10687)
  Rows Removed by Filter: 2608947
Planning time: 0.358 ms
Execution time: 859.825 ms
