Hash Join  (cost=727437.99..2416466.58 rows=54661843 width=0) (actual time=15594.302..53964.539 rows=45609257 loops=1)
  Hash Cond: (ci.movie_id = t.id)
  ->  Seq Scan on cast_info ci  (cost=0.00..705507.15 rows=23222600 width=4) (actual time=0.013..15083.153 rows=23286535 loops=1)
        Filter: (person_id > 1280341)
        Rows Removed by Filter: 12957809
  ->  Hash  (cost=629792.74..629792.74 rows=5951700 width=8) (actual time=15592.427..15592.427 rows=3069642 loops=1)
        Buckets: 131072  Batches: 128  Memory Usage: 1934kB
        ->  Hash Join  (cost=92883.59..629792.74 rows=5951700 width=8) (actual time=1890.184..14687.714 rows=3069642 loops=1)
              Hash Cond: (mi.movie_id = t.id)
              ->  Seq Scan on movie_info mi  (cost=0.00..346232.03 rows=9767026 width=4) (actual time=57.880..6945.193 rows=9911754 loops=1)
                    Filter: (info_type_id > 4)
                    Rows Removed by Filter: 4923966
              ->  Hash  (cost=67604.59..67604.59 rows=1540800 width=4) (actual time=1831.022..1831.022 rows=1543264 loops=1)
                    Buckets: 131072  Batches: 32  Memory Usage: 2728kB
                    ->  Seq Scan on title t  (cost=0.00..67604.59 rows=1540800 width=4) (actual time=0.017..1262.150 rows=1543264 loops=1)
                          Filter: (kind_id = 7)
                          Rows Removed by Filter: 985048
Planning time: 1.228 ms
Execution time: 58805.312 ms
