Hash Join  (cost=82805.75..903061.32 rows=2674197 width=0) (actual time=1468.992..19126.633 rows=2511276 loops=1)
  Hash Cond: (ci.movie_id = t.id)
  ->  Seq Scan on cast_info ci  (cost=0.00..705507.15 rows=7298253 width=4) (actual time=0.027..12719.907 rows=7451973 loops=1)
        Filter: (role_id = 2)
        Rows Removed by Filter: 28792371
  ->  Hash  (cost=67604.59..67604.59 rows=926493 width=4) (actual time=1467.842..1467.842 rows=924605 loops=1)
        Buckets: 131072  Batches: 16  Memory Usage: 3056kB
        ->  Seq Scan on title t  (cost=0.00..67604.59 rows=926493 width=4) (actual time=0.039..1174.434 rows=924605 loops=1)
              Filter: (production_year < 1998)
              Rows Removed by Filter: 1603707
Planning time: 0.771 ms
Execution time: 19432.975 ms
