Seq Scan on movie_keyword mk  (cost=0.00..81003.12 rows=1402629 width=0) (actual time=0.022..1335.475 rows=1418954 loops=1)
  Filter: (keyword_id < 1951)
  Rows Removed by Filter: 3104976
Planning time: 0.350 ms
Execution time: 1519.843 ms
