Hash Join  (cost=88195.18..444906.36 rows=162332 width=0) (actual time=4347.349..7751.028 rows=477127 loops=1)
  Hash Cond: (mi.movie_id = t.id)
  ->  Seq Scan on movie_info mi  (cost=0.00..346232.03 rows=471955 width=4) (actual time=2771.855..5132.901 rows=543367 loops=1)
        Filter: (info_type_id > 98)
        Rows Removed by Filter: 14292353
  ->  Hash  (cost=73925.90..73925.90 rows=869702 width=4) (actual time=1573.096..1573.096 rows=896788 loops=1)
        Buckets: 131072  Batches: 16  Memory Usage: 3007kB
        ->  Seq Scan on title t  (cost=0.00..73925.90 rows=869702 width=4) (actual time=0.029..1274.158 rows=896788 loops=1)
              Filter: ((kind_id < 7) AND (production_year < 2012))
              Rows Removed by Filter: 1631524
Planning time: 0.872 ms
Execution time: 7813.213 ms
