Seq Scan on cast_info ci  (cost=0.00..796071.18 rows=324 width=0) (actual time=11951.374..14064.725 rows=1 loops=1)
  Filter: ((role_id > 1) AND (person_id = 470723))
  Rows Removed by Filter: 36244343
Planning time: 0.379 ms
Execution time: 14064.835 ms
