Hash Join  (cost=92883.59..178602.78 rows=701735 width=0) (actual time=2348.761..3526.676 rows=383071 loops=1)
  Hash Cond: (mc.movie_id = t.id)
  ->  Seq Scan on movie_companies mc  (cost=0.00..57926.93 rows=1151581 width=4) (actual time=0.019..1121.578 rows=980497 loops=1)
        Filter: ((company_id < 87818) AND (company_type_id > 1))
        Rows Removed by Filter: 1628632
  ->  Hash  (cost=67604.59..67604.59 rows=1540800 width=4) (actual time=1548.864..1548.864 rows=1543264 loops=1)
        Buckets: 131072  Batches: 32  Memory Usage: 2722kB
        ->  Seq Scan on title t  (cost=0.00..67604.59 rows=1540800 width=4) (actual time=0.020..1080.655 rows=1543264 loops=1)
              Filter: (kind_id = 7)
              Rows Removed by Filter: 985048
Planning time: 0.564 ms
Execution time: 3573.582 ms
