Seq Scan on cast_info ci  (cost=0.00..796071.18 rows=1804267 width=0) (actual time=2882.228..11641.992 rows=1576 loops=1)
  Filter: ((person_id < 868885) AND (role_id = 2))
  Rows Removed by Filter: 36242768
Planning time: 0.450 ms
Execution time: 11642.425 ms
