Hash Join  (cost=89240.26..627101.61 rows=5440843 width=0) (actual time=1651.842..15061.314 rows=2246538 loops=1)
  Hash Cond: (mi.movie_id = t.id)
  ->  Seq Scan on movie_info mi  (cost=0.00..309384.22 rows=14739122 width=4) (actual time=0.012..5508.544 rows=14835720 loops=1)
  ->  Hash  (cost=73925.90..73925.90 rows=933388 width=4) (actual time=1646.232..1646.232 rows=1024206 loops=1)
        Buckets: 131072  Batches: 16  Memory Usage: 3291kB
        ->  Seq Scan on title t  (cost=0.00..73925.90 rows=933388 width=4) (actual time=238.624..1314.802 rows=1024206 loops=1)
              Filter: ((production_year > 1997) AND (kind_id = 7))
              Rows Removed by Filter: 1504106
Planning time: 0.534 ms
Execution time: 15309.918 ms
