Hash Join  (cost=161137.99..959901.17 rows=269196 width=0) (actual time=2817.024..19215.886 rows=217020 loops=1)
  Hash Cond: (ci.movie_id = t.id)
  ->  Seq Scan on cast_info ci  (cost=0.00..614943.12 rows=36225612 width=4) (actual time=0.013..8779.035 rows=36244344 loops=1)
  ->  Hash  (cost=160903.12..160903.12 rows=18790 width=8) (actual time=2815.541..2815.541 rows=12273 loops=1)
        Buckets: 32768  Batches: 1  Memory Usage: 736kB
        ->  Hash Join  (cost=74057.18..160903.12 rows=18790 width=8) (actual time=1005.238..2810.947 rows=12273 loops=1)
              Hash Cond: (mk.movie_id = t.id)
              ->  Seq Scan on movie_keyword mk  (cost=0.00..69693.30 rows=4523930 width=4) (actual time=0.016..1001.555 rows=4523930 loops=1)
              ->  Hash  (cost=73925.90..73925.90 rows=10502 width=4) (actual time=1004.224..1004.224 rows=6334 loops=1)
                    Buckets: 16384  Batches: 1  Memory Usage: 351kB
                    ->  Seq Scan on title t  (cost=0.00..73925.90 rows=10502 width=4) (actual time=121.034..1001.418 rows=6334 loops=1)
                          Filter: ((production_year > 2011) AND (kind_id = 4))
                          Rows Removed by Filter: 2521978
Planning time: 1.004 ms
Execution time: 19245.137 ms
