Hash Join  (cost=97066.09..1440434.85 rows=25726858 width=0) (actual time=2246.198..42011.749 rows=25407775 loops=1)
  Hash Cond: (ci.movie_id = t.id)
  ->  Seq Scan on cast_info ci  (cost=0.00..614943.12 rows=36225612 width=4) (actual time=0.012..13673.086 rows=36244344 loops=1)
  ->  Hash  (cost=67604.59..67604.59 rows=1795720 width=4) (actual time=2245.435..2245.435 rows=1794153 loops=1)
        Buckets: 131072  Batches: 32  Memory Usage: 2992kB
        ->  Seq Scan on title t  (cost=0.00..67604.59 rows=1795720 width=4) (actual time=0.016..1353.708 rows=1794153 loops=1)
              Filter: (production_year < 2009)
              Rows Removed by Filter: 734159
Planning time: 0.787 ms
Execution time: 44838.319 ms
