Hash Join  (cost=102814.09..477318.26 rows=13369 width=0) (actual time=2152.662..9009.896 rows=112685 loops=1)
  Hash Cond: (mi.movie_id = t.id)
  ->  Seq Scan on movie_info mi  (cost=0.00..346232.03 rows=7503588 width=4) (actual time=366.191..6184.454 rows=7548855 loops=1)
        Filter: (info_type_id > 7)
        Rows Removed by Filter: 7286865
  ->  Hash  (cost=102757.78..102757.78 rows=4505 width=8) (actual time=1573.231..1573.231 rows=6645 loops=1)
        Buckets: 8192  Batches: 1  Memory Usage: 324kB
        ->  Hash Join  (cost=74080.83..102757.78 rows=4505 width=8) (actual time=962.135..1570.709 rows=6645 loops=1)
              Hash Cond: (mi_idx.movie_id = t.id)
              ->  Seq Scan on movie_info_idx mi_idx  (cost=0.00..25185.44 rows=919057 width=4) (actual time=0.030..462.020 rows=920110 loops=1)
                    Filter: (info_type_id > 99)
                    Rows Removed by Filter: 459925
              ->  Hash  (cost=73925.90..73925.90 rows=12394 width=4) (actual time=961.981..961.981 rows=7075 loops=1)
                    Buckets: 16384  Batches: 1  Memory Usage: 377kB
                    ->  Seq Scan on title t  (cost=0.00..73925.90 rows=12394 width=4) (actual time=0.144..959.728 rows=7075 loops=1)
                          Filter: ((kind_id = 1) AND (production_year = 1998))
                          Rows Removed by Filter: 2521237
Planning time: 1.165 ms
Execution time: 9024.985 ms
