Hash Join  (cost=68438.72..125997.91 rows=40469 width=0) (actual time=1085.919..2468.819 rows=21522 loops=1)
  Hash Cond: (mc.movie_id = t.id)
  ->  Seq Scan on movie_companies mc  (cost=0.00..51404.11 rows=1533435 width=4) (actual time=0.031..989.865 rows=1520205 loops=1)
        Filter: (company_id < 14249)
        Rows Removed by Filter: 1088924
  ->  Hash  (cost=67604.59..67604.59 rows=66731 width=4) (actual time=1085.092..1085.092 rows=67342 loops=1)
        Buckets: 131072  Batches: 1  Memory Usage: 3392kB
        ->  Seq Scan on title t  (cost=0.00..67604.59 rows=66731 width=4) (actual time=0.025..1057.317 rows=67342 loops=1)
              Filter: (production_year > 2012)
              Rows Removed by Filter: 2460970
Planning time: 0.749 ms
Execution time: 2472.464 ms
