Hash Join  (cost=96971.55..834910.05 rows=44353 width=0) (actual time=5819.118..15024.383 rows=127142 loops=1)
  Hash Cond: (ci.movie_id = t.id)
  ->  Seq Scan on cast_info ci  (cost=0.00..705507.15 rows=8530089 width=4) (actual time=4079.276..11357.499 rows=8516645 loops=1)
        Filter: (person_id > 2834817)
        Rows Removed by Filter: 27727699
  ->  Hash  (cost=96807.21..96807.21 rows=13147 width=8) (actual time=1739.498..1739.498 rows=16458 loops=1)
        Buckets: 32768 (originally 16384)  Batches: 1 (originally 1)  Memory Usage: 899kB
        ->  Hash Join  (cost=68058.67..96807.21 rows=13147 width=8) (actual time=1054.721..1733.295 rows=16458 loops=1)
              Hash Cond: (mi_idx.movie_id = t.id)
              ->  Seq Scan on movie_info_idx mi_idx  (cost=0.00..25185.44 rows=915101 width=4) (actual time=0.026..482.475 rows=919850 loops=1)
                    Filter: (info_type_id < 101)
                    Rows Removed by Filter: 460185
              ->  Hash  (cost=67604.59..67604.59 rows=36327 width=4) (actual time=1054.248..1054.248 rows=36509 loops=1)
                    Buckets: 65536  Batches: 1  Memory Usage: 1796kB
                    ->  Seq Scan on title t  (cost=0.00..67604.59 rows=36327 width=4) (actual time=0.059..1038.712 rows=36509 loops=1)
                          Filter: (production_year = 1996)
                          Rows Removed by Filter: 2491803
Planning time: 1.176 ms
Execution time: 15043.142 ms
