Seq Scan on movie_keyword mk  (cost=0.00..81003.12 rows=1862833 width=0) (actual time=0.020..1458.841 rows=1872237 loops=1)
  Filter: (keyword_id < 3172)
  Rows Removed by Filter: 2651693
Planning time: 0.347 ms
Execution time: 1691.470 ms
