Seq Scan on movie_keyword mk  (cost=0.00..81003.12 rows=749891 width=0) (actual time=0.023..1323.596 rows=755998 loops=1)
  Filter: (keyword_id > 24746)
  Rows Removed by Filter: 3767932
Planning time: 2.191 ms
Execution time: 1420.346 ms
