Hash Join  (cost=203474.38..698378.19 rows=1414888 width=0) (actual time=3891.093..21625.866 rows=14536115 loops=1)
  Hash Cond: (mi.movie_id = t.id)
  ->  Seq Scan on movie_info mi  (cost=0.00..309384.22 rows=14739122 width=4) (actual time=0.027..6112.069 rows=14835720 loops=1)
  ->  Hash  (cost=199491.30..199491.30 rows=242727 width=8) (actual time=3890.262..3890.262 rows=241537 loops=1)
        Buckets: 131072  Batches: 4  Memory Usage: 3417kB
        ->  Hash Join  (cost=102767.86..199491.30 rows=242727 width=8) (actual time=2109.243..3823.881 rows=241537 loops=1)
              Hash Cond: (mk.movie_id = t.id)
              ->  Seq Scan on movie_keyword mk  (cost=0.00..81003.12 rows=242727 width=4) (actual time=0.024..1173.946 rows=241537 loops=1)
                    Filter: (keyword_id > 61638)
                    Rows Removed by Filter: 4282393
              ->  Hash  (cost=61283.27..61283.27 rows=2528527 width=4) (actual time=2106.802..2106.802 rows=2528312 loops=1)
                    Buckets: 131072  Batches: 64  Memory Usage: 2425kB
                    ->  Seq Scan on title t  (cost=0.00..61283.27 rows=2528527 width=4) (actual time=0.015..1245.389 rows=2528312 loops=1)
Planning time: 1.173 ms
Execution time: 23287.393 ms
