Hash Join  (cost=423855.80..1216611.99 rows=11106 width=0) (actual time=6933.006..26713.877 rows=1045176 loops=1)
  Hash Cond: (ci.movie_id = t.id)
  ->  Seq Scan on cast_info ci  (cost=0.00..705507.15 rows=23236808 width=4) (actual time=0.014..13408.459 rows=23122086 loops=1)
        Filter: (person_id < 2363999)
        Rows Removed by Filter: 13122258
  ->  Hash  (cost=423840.70..423840.70 rows=1208 width=8) (actual time=6931.828..6931.828 rows=34844 loops=1)
        Buckets: 65536 (originally 2048)  Batches: 1 (originally 1)  Memory Usage: 1874kB
        ->  Hash Join  (cost=76721.33..423840.70 rows=1208 width=8) (actual time=5479.536..6921.761 rows=34844 loops=1)
              Hash Cond: (mi.movie_id = t.id)
              ->  Seq Scan on movie_info mi  (cost=0.00..346232.03 rows=17937 width=4) (actual time=4201.780..5536.559 rows=140065 loops=1)
                    Filter: (info_type_id = 9)
                    Rows Removed by Filter: 14695655
              ->  Hash  (cost=73925.90..73925.90 rows=170354 width=4) (actual time=1276.832..1276.832 rows=299808 loops=1)
                    Buckets: 131072  Batches: 4  Memory Usage: 3668kB
                    ->  Seq Scan on title t  (cost=0.00..73925.90 rows=170354 width=4) (actual time=0.030..1178.142 rows=299808 loops=1)
                          Filter: ((kind_id < 4) AND (production_year < 1979))
                          Rows Removed by Filter: 2228504
Planning time: 1.319 ms
Execution time: 26851.587 ms
