Hash Join  (cost=74440.79..441497.80 rows=240108 width=0) (actual time=1235.449..9454.788 rows=103678 loops=1)
  Hash Cond: (mi.movie_id = t.id)
  ->  Seq Scan on movie_info mi  (cost=0.00..309384.22 rows=14739122 width=4) (actual time=0.007..4344.102 rows=14835720 loops=1)
  ->  Hash  (cost=73925.90..73925.90 rows=41191 width=4) (actual time=1206.742..1206.742 rows=43851 loops=1)
        Buckets: 65536  Batches: 1  Memory Usage: 2054kB
        ->  Seq Scan on title t  (cost=0.00..73925.90 rows=41191 width=4) (actual time=222.155..1188.283 rows=43851 loops=1)
              Filter: ((kind_id = 7) AND (production_year = 2003))
              Rows Removed by Filter: 2484461
Planning time: 0.720 ms
Execution time: 9469.197 ms
