Hash Join  (cost=115834.95..180349.48 rows=66810 width=0) (actual time=2325.666..3777.979 rows=178101 loops=1)
  Hash Cond: (mc.movie_id = t.id)
  ->  Seq Scan on movie_companies mc  (cost=0.00..51404.11 rows=1020085 width=4) (actual time=0.023..976.662 rows=1029713 loops=1)
        Filter: (company_id > 15607)
        Rows Removed by Filter: 1579416
  ->  Hash  (cost=113117.90..113117.90 rows=165604 width=8) (actual time=2324.942..2324.942 rows=170151 loops=1)
        Buckets: 131072  Batches: 4  Memory Usage: 2682kB
        ->  Hash Join  (cost=72583.38..113117.90 rows=165604 width=8) (actual time=1160.878..2272.302 rows=170151 loops=1)
              Hash Cond: (mi_idx.movie_id = t.id)
              ->  Seq Scan on movie_info_idx mi_idx  (cost=0.00..21735.35 rows=1380035 width=4) (actual time=0.016..456.845 rows=1380035 loops=1)
              ->  Hash  (cost=67604.59..67604.59 rows=303423 width=4) (actual time=1160.134..1160.134 rows=296471 loops=1)
                    Buckets: 131072  Batches: 4  Memory Usage: 3625kB
                    ->  Seq Scan on title t  (cost=0.00..67604.59 rows=303423 width=4) (actual time=0.020..1058.111 rows=296471 loops=1)
                          Filter: (production_year < 1965)
                          Rows Removed by Filter: 2231841
Planning time: 15.114 ms
Execution time: 3798.302 ms
