Hash Join  (cost=102767.86..1237590.94 rows=13667440 width=0) (actual time=3514.326..36535.493 rows=19367846 loops=1)
  Hash Cond: (ci.movie_id = t.id)
  ->  Seq Scan on cast_info ci  (cost=0.00..796071.18 rows=13667440 width=4) (actual time=972.098..17465.424 rows=19367846 loops=1)
        Filter: ((person_id > 1483454) AND (role_id > 1))
        Rows Removed by Filter: 16876498
  ->  Hash  (cost=61283.27..61283.27 rows=2528527 width=4) (actual time=2540.803..2540.803 rows=2528312 loops=1)
        Buckets: 131072  Batches: 64  Memory Usage: 2415kB
        ->  Seq Scan on title t  (cost=0.00..61283.27 rows=2528527 width=4) (actual time=0.020..1037.131 rows=2528312 loops=1)
Planning time: 0.773 ms
Execution time: 38622.456 ms
