Seq Scan on movie_keyword mk  (cost=0.00..81003.12 rows=4675 width=0) (actual time=0.806..1354.179 rows=4273 loops=1)
  Filter: (keyword_id = 2629)
  Rows Removed by Filter: 4519657
Planning time: 0.386 ms
Execution time: 1355.352 ms
