Hash Join  (cost=202636.32..763382.81 rows=7585656 width=0) (actual time=4681.355..25589.673 rows=27157672 loops=1)
  Hash Cond: (mi.movie_id = t.id)
  ->  Seq Scan on movie_info mi  (cost=0.00..309384.22 rows=14739122 width=4) (actual time=0.020..6349.557 rows=14835720 loops=1)
  ->  Hash  (cost=181285.64..181285.64 rows=1301335 width=8) (actual time=4678.500..4678.500 rows=1058433 loops=1)
        Buckets: 131072  Batches: 32  Memory Usage: 2339kB
        ->  Hash Join  (cost=88295.76..181285.64 rows=1301335 width=8) (actual time=1740.059..4399.787 rows=1058433 loops=1)
              Hash Cond: (mc.movie_id = t.id)
              ->  Seq Scan on movie_companies mc  (cost=0.00..44881.29 rows=2609129 width=4) (actual time=0.005..1005.782 rows=2609129 loops=1)
              ->  Hash  (cost=67604.59..67604.59 rows=1261134 width=4) (actual time=1738.393..1738.393 rows=1260295 loops=1)
                    Buckets: 131072  Batches: 32  Memory Usage: 2413kB
                    ->  Seq Scan on title t  (cost=0.00..67604.59 rows=1261134 width=4) (actual time=0.022..1315.686 rows=1260295 loops=1)
                          Filter: (production_year > 2002)
                          Rows Removed by Filter: 1268017
Planning time: 1.471 ms
Execution time: 28699.820 ms
