Seq Scan on cast_info ci  (cost=0.00..705507.15 rows=500 width=0) (actual time=2027.717..11069.804 rows=26 loops=1)
  Filter: (person_id = 1145089)
  Rows Removed by Filter: 36244318
Planning time: 0.462 ms
Execution time: 11069.940 ms
