Hash Join  (cost=84618.84..207366.55 rows=714531 width=0) (actual time=1597.288..5049.198 rows=1995420 loops=1)
  Hash Cond: (mk.movie_id = t.id)
  ->  Seq Scan on movie_keyword mk  (cost=0.00..81003.12 rows=2772072 width=4) (actual time=0.017..1683.575 rows=2767506 loops=1)
        Filter: (keyword_id < 7899)
        Rows Removed by Filter: 1756424
  ->  Hash  (cost=73925.90..73925.90 rows=651755 width=4) (actual time=1595.937..1595.937 rows=711179 loops=1)
        Buckets: 131072  Batches: 16  Memory Usage: 2598kB
        ->  Seq Scan on title t  (cost=0.00..73925.90 rows=651755 width=4) (actual time=0.026..1358.494 rows=711179 loops=1)
              Filter: ((kind_id < 7) AND (production_year < 2008))
              Rows Removed by Filter: 1817133
Planning time: 0.515 ms
Execution time: 5261.857 ms
