Seq Scan on movie_companies mc  (cost=0.00..57926.93 rows=679873 width=0) (actual time=541.511..1064.948 rows=432094 loops=1)
  Filter: ((company_id < 11379) AND (company_type_id = 2))
  Rows Removed by Filter: 2177035
Planning time: 0.401 ms
Execution time: 1119.673 ms
