Hash Join  (cost=68449.54..164663.07 rows=101218 width=0) (actual time=1088.232..3272.385 rows=119487 loops=1)
  Hash Cond: (mk.movie_id = t.id)
  ->  Seq Scan on movie_keyword mk  (cost=0.00..81003.12 rows=3786195 width=4) (actual time=0.021..1560.855 rows=3782264 loops=1)
        Filter: (keyword_id > 667)
        Rows Removed by Filter: 741666
  ->  Hash  (cost=67604.59..67604.59 rows=67596 width=4) (actual time=1087.571..1087.571 rows=67777 loops=1)
        Buckets: 131072  Batches: 1  Memory Usage: 3407kB
        ->  Seq Scan on title t  (cost=0.00..67604.59 rows=67596 width=4) (actual time=0.017..1059.459 rows=67777 loops=1)
              Filter: (production_year = 2003)
              Rows Removed by Filter: 2460535
Planning time: 0.531 ms
Execution time: 3288.069 ms
