Hash Join  (cost=75494.03..199579.25 rows=170918 width=0) (actual time=1268.361..3866.773 rows=39 loops=1)
  Hash Cond: (mk.movie_id = t.id)
  ->  Seq Scan on movie_keyword mk  (cost=0.00..69693.30 rows=4523930 width=4) (actual time=0.022..1357.796 rows=4523930 loops=1)
  ->  Hash  (cost=73925.90..73925.90 rows=95530 width=4) (actual time=986.934..986.934 rows=776 loops=1)
        Buckets: 131072  Batches: 2  Memory Usage: 1044kB
        ->  Seq Scan on title t  (cost=0.00..73925.90 rows=95530 width=4) (actual time=144.571..986.315 rows=776 loops=1)
              Filter: ((production_year < 1949) AND (kind_id = 7))
              Rows Removed by Filter: 2527536
Planning time: 0.766 ms
Execution time: 3866.870 ms
