Hash Join  (cost=83073.84..109984.73 rows=41 width=0) (actual time=1376.871..1867.626 rows=111 loops=1)
  Hash Cond: (mi_idx.movie_id = t.id)
  ->  Seq Scan on movie_info_idx mi_idx  (cost=0.00..21735.35 rows=1380035 width=4) (actual time=0.023..332.537 rows=1380035 loops=1)
  ->  Hash  (cost=83072.90..83072.90 rows=75 width=8) (actual time=1298.866..1298.866 rows=59 loops=1)
        Buckets: 1024  Batches: 1  Memory Usage: 11kB
        ->  Nested Loop  (cost=0.43..83072.90 rows=75 width=8) (actual time=240.962..1298.788 rows=59 loops=1)
              ->  Seq Scan on movie_keyword mk  (cost=0.00..81003.12 rows=246 width=4) (actual time=1.902..1253.117 rows=1350 loops=1)
                    Filter: (keyword_id = 3784)
                    Rows Removed by Filter: 4522580
              ->  Index Scan using title_pkey on title t  (cost=0.43..8.40 rows=1 width=4) (actual time=0.033..0.033 rows=0 loops=1350)
                    Index Cond: (id = mk.movie_id)
                    Filter: ((kind_id > 4) AND (production_year > 2002))
                    Rows Removed by Filter: 1
Planning time: 0.869 ms
Execution time: 1867.747 ms
