Hash Join  (cost=102767.86..1415406.03 rows=24820863 width=0) (actual time=2253.676..37403.520 rows=24851516 loops=1)
  Hash Cond: (ci.movie_id = t.id)
  ->  Seq Scan on cast_info ci  (cost=0.00..705507.15 rows=24820863 width=4) (actual time=0.021..14848.028 rows=24851516 loops=1)
        Filter: (person_id < 2559518)
        Rows Removed by Filter: 11392828
  ->  Hash  (cost=61283.27..61283.27 rows=2528527 width=4) (actual time=2252.765..2252.765 rows=2528312 loops=1)
        Buckets: 131072  Batches: 64  Memory Usage: 2415kB
        ->  Seq Scan on title t  (cost=0.00..61283.27 rows=2528527 width=4) (actual time=0.010..1100.070 rows=2528312 loops=1)
Planning time: 1.414 ms
Execution time: 40156.332 ms
