Hash Join  (cost=69283.60..132738.49 rows=17337 width=0) (actual time=1466.073..2418.741 rows=49717 loops=1)
  Hash Cond: (mc.movie_id = t.id)
  ->  Seq Scan on movie_companies mc  (cost=0.00..57926.93 rows=428424 width=4) (actual time=31.159..966.819 rows=755208 loops=1)
        Filter: ((company_id > 25201) AND (company_type_id > 1))
        Rows Removed by Filter: 1853921
  ->  Hash  (cost=67604.59..67604.59 rows=102321 width=4) (actual time=1148.555..1148.555 rows=100537 loops=1)
        Buckets: 131072  Batches: 2  Memory Usage: 2797kB
        ->  Seq Scan on title t  (cost=0.00..67604.59 rows=102321 width=4) (actual time=28.738..1113.772 rows=100537 loops=1)
              Filter: (kind_id = 3)
              Rows Removed by Filter: 2427775
Planning time: 0.542 ms
Execution time: 2424.941 ms
