Hash Join  (cost=77347.14..203894.55 rows=373037 width=0) (actual time=1266.186..4487.053 rows=490353 loops=1)
  Hash Cond: (mk.movie_id = t.id)
  ->  Seq Scan on movie_keyword mk  (cost=0.00..69693.30 rows=4523930 width=4) (actual time=0.023..1405.320 rows=4523930 loops=1)
  ->  Hash  (cost=73925.90..73925.90 rows=208499 width=4) (actual time=1265.235..1265.235 rows=182393 loops=1)
        Buckets: 131072  Batches: 4  Memory Usage: 2634kB
        ->  Seq Scan on title t  (cost=0.00..73925.90 rows=208499 width=4) (actual time=0.026..1203.291 rows=182393 loops=1)
              Filter: ((production_year > 2007) AND (kind_id = 1))
              Rows Removed by Filter: 2345919
Planning time: 0.745 ms
Execution time: 4550.753 ms
