Hash Join  (cost=1022476.31..4694592.24 rows=199524457 width=0) (actual time=26034.408..167252.044 rows=407981194 loops=1)
  Hash Cond: (ci.movie_id = t.id)
  ->  Seq Scan on cast_info ci  (cost=0.00..614943.12 rows=36225612 width=4) (actual time=0.020..13675.585 rows=36244344 loops=1)
  ->  Hash  (cost=793990.64..793990.64 rows=13926693 width=8) (actual time=26033.314..26033.314 rows=13963496 loops=1)
        Buckets: 131072  Batches: 256  Memory Usage: 3138kB
        ->  Hash Join  (cost=102767.86..793990.64 rows=13926693 width=8) (actual time=2116.864..21938.271 rows=13963496 loops=1)
              Hash Cond: (mi.movie_id = t.id)
              ->  Seq Scan on movie_info mi  (cost=0.00..346232.03 rows=13926693 width=4) (actual time=0.054..7527.352 rows=13963496 loops=1)
                    Filter: (info_type_id < 98)
                    Rows Removed by Filter: 872224
              ->  Hash  (cost=61283.27..61283.27 rows=2528527 width=4) (actual time=2112.929..2112.929 rows=2528312 loops=1)
                    Buckets: 131072  Batches: 64  Memory Usage: 2425kB
                    ->  Seq Scan on title t  (cost=0.00..61283.27 rows=2528527 width=4) (actual time=0.013..1243.674 rows=2528312 loops=1)
Planning time: 1.176 ms
Execution time: 212616.148 ms
