Seq Scan on cast_info ci  (cost=0.00..796071.18 rows=1478508 width=0) (actual time=3478.433..12423.376 rows=3410550 loops=1)
  Filter: ((person_id > 2433741) AND (role_id = 10))
  Rows Removed by Filter: 32833794
Planning time: 0.473 ms
Execution time: 12847.643 ms
