Seq Scan on movie_companies mc  (cost=0.00..51404.11 rows=2184046 width=0) (actual time=0.024..1024.357 rows=2179612 loops=1)
  Filter: (company_id < 79236)
  Rows Removed by Filter: 429517
Planning time: 0.326 ms
Execution time: 1296.790 ms
