Hash Join  (cost=189632.99..1054378.81 rows=1672292 width=0) (actual time=15529.761..22153.183 rows=3456357 loops=1)
  Hash Cond: (ci.movie_id = t.id)
  ->  Seq Scan on cast_info ci  (cost=0.00..796071.18 rows=4148726 width=4) (actual time=10290.546..14325.156 rows=2556022 loops=1)
        Filter: ((person_id < 2062018) AND (role_id = 2))
        Rows Removed by Filter: 33688322
  ->  Hash  (cost=172910.83..172910.83 rows=1019213 width=8) (actual time=5237.704..5237.704 rows=1891821 loops=1)
        Buckets: 131072 (originally 131072)  Batches: 32 (originally 16)  Memory Usage: 3321kB
        ->  Hash Join  (cost=83810.17..172910.83 rows=1019213 width=8) (actual time=1626.554..4696.129 rows=1891821 loops=1)
              Hash Cond: (mc.movie_id = t.id)
              ->  Seq Scan on movie_companies mc  (cost=0.00..44881.29 rows=2609129 width=4) (actual time=0.024..971.977 rows=2609129 loops=1)
              ->  Hash  (cost=67604.59..67604.59 rows=987727 width=4) (actual time=1625.714..1625.714 rows=985048 loops=1)
                    Buckets: 131072  Batches: 16  Memory Usage: 3188kB
                    ->  Seq Scan on title t  (cost=0.00..67604.59 rows=987727 width=4) (actual time=0.331..1319.507 rows=985048 loops=1)
                          Filter: (kind_id < 7)
                          Rows Removed by Filter: 1543264
Planning time: 6.161 ms
Execution time: 22536.828 ms
