Hash Join  (cost=131622.73..943343.00 rows=1296679 width=0) (actual time=7622.717..22111.927 rows=4306350 loops=1)
  Hash Cond: (ci.movie_id = t.id)
  ->  Seq Scan on cast_info ci  (cost=0.00..705507.15 rows=7924623 width=4) (actual time=3741.519..13077.721 rows=7908182 loops=1)
        Filter: (person_id > 2888274)
        Rows Removed by Filter: 28336162
  ->  Hash  (cost=124834.06..124834.06 rows=413734 width=8) (actual time=3879.844..3879.844 rows=742958 loops=1)
        Buckets: 131072 (originally 131072)  Batches: 16 (originally 8)  Memory Usage: 3073kB
        ->  Hash Join  (cost=80042.24..124834.06 rows=413734 width=8) (actual time=2231.850..3664.041 rows=742958 loops=1)
              Hash Cond: (mi_idx.movie_id = t.id)
              ->  Seq Scan on movie_info_idx mi_idx  (cost=0.00..21735.35 rows=1380035 width=4) (actual time=0.018..469.719 rows=1380035 loops=1)
              ->  Hash  (cost=67604.59..67604.59 rows=758052 width=4) (actual time=2230.592..2230.592 rows=753677 loops=1)
                    Buckets: 131072  Batches: 16  Memory Usage: 2677kB
                    ->  Seq Scan on title t  (cost=0.00..67604.59 rows=758052 width=4) (actual time=0.026..1276.602 rows=753677 loops=1)
                          Filter: (kind_id < 3)
                          Rows Removed by Filter: 1774635
Planning time: 1.198 ms
Execution time: 22570.825 ms
