Hash Join  (cost=130731.04..497901.31 rows=184150 width=0) (actual time=4614.466..8652.245 rows=2046 loops=1)
  Hash Cond: (mi.movie_id = t.id)
  ->  Seq Scan on movie_info mi  (cost=0.00..346232.03 rows=1550064 width=4) (actual time=1925.541..5443.841 rows=1533909 loops=1)
        Filter: (info_type_id = 3)
        Rows Removed by Filter: 13301811
  ->  Hash  (cost=125802.13..125802.13 rows=300393 width=8) (actual time=2684.950..2684.950 rows=135423 loops=1)
        Buckets: 131072  Batches: 4  Memory Usage: 2340kB
        ->  Hash Join  (cost=82955.72..125802.13 rows=300393 width=8) (actual time=1497.256..2640.633 rows=135423 loops=1)
              Hash Cond: (mi_idx.movie_id = t.id)
              ->  Seq Scan on movie_info_idx mi_idx  (cost=0.00..21735.35 rows=1380035 width=4) (actual time=0.020..475.358 rows=1380035 loops=1)
              ->  Hash  (cost=73925.90..73925.90 rows=550385 width=4) (actual time=1430.291..1430.291 rows=602403 loops=1)
                    Buckets: 131072  Batches: 8  Memory Usage: 3672kB
                    ->  Seq Scan on title t  (cost=0.00..73925.90 rows=550385 width=4) (actual time=0.019..1241.725 rows=602403 loops=1)
                          Filter: ((production_year > 2006) AND (kind_id = 7))
                          Rows Removed by Filter: 1925909
Planning time: 1.123 ms
Execution time: 8653.274 ms
