Hash Join  (cost=86935.43..867131.16 rows=1527378 width=0) (actual time=1327.956..15947.681 rows=956907 loops=1)
  Hash Cond: (ci.movie_id = t.id)
  ->  Seq Scan on cast_info ci  (cost=0.00..705507.15 rows=4870612 width=4) (actual time=0.015..11980.682 rows=4907411 loops=1)
        Filter: (person_id > 3182522)
        Rows Removed by Filter: 31336933
  ->  Hash  (cost=73925.90..73925.90 rows=792922 width=4) (actual time=1326.702..1326.702 rows=692469 loops=1)
        Buckets: 131072  Batches: 16  Memory Usage: 2548kB
        ->  Seq Scan on title t  (cost=0.00..73925.90 rows=792922 width=4) (actual time=0.021..1119.130 rows=692469 loops=1)
              Filter: ((kind_id > 1) AND (production_year < 2001))
              Rows Removed by Filter: 1835843
Planning time: 0.762 ms
Execution time: 16065.089 ms
