Nested Loop  (cost=32749.09..740343.62 rows=91 width=0) (actual time=11285.181..12139.672 rows=48 loops=1)
  Join Filter: (ci.movie_id = t.id)
  ->  Hash Join  (cost=32748.66..740150.58 rows=227 width=8) (actual time=11285.110..12133.508 rows=48 loops=1)
        Hash Cond: (ci.movie_id = mi_idx.movie_id)
        ->  Seq Scan on cast_info ci  (cost=0.00..705507.15 rows=500 width=4) (actual time=10621.875..11401.944 rows=267 loops=1)
              Filter: (person_id = 411181)
              Rows Removed by Filter: 36244077
        ->  Hash  (cost=25185.44..25185.44 rows=460978 width=4) (actual time=662.099..662.099 rows=459925 loops=1)
              Buckets: 131072  Batches: 8  Memory Usage: 3050kB
              ->  Seq Scan on movie_info_idx mi_idx  (cost=0.00..25185.44 rows=460978 width=4) (actual time=0.048..506.787 rows=459925 loops=1)
                    Filter: (info_type_id = 99)
                    Rows Removed by Filter: 920110
  ->  Index Only Scan using title_pkey on title t  (cost=0.43..0.84 rows=1 width=4) (actual time=0.126..0.126 rows=1 loops=48)
        Index Cond: (id = mi_idx.movie_id)
        Heap Fetches: 48
Planning time: 1.209 ms
Execution time: 12140.159 ms
