Hash Join  (cost=100586.94..158829.66 rows=1097220 width=0) (actual time=2049.197..4078.703 rows=1104607 loops=1)
  Hash Cond: (mi_idx.movie_id = t.id)
  ->  Seq Scan on movie_info_idx mi_idx  (cost=0.00..21735.35 rows=1380035 width=4) (actual time=0.016..423.352 rows=1380035 loops=1)
  ->  Hash  (cost=67604.59..67604.59 rows=2010348 width=4) (actual time=2048.162..2048.162 rows=2004649 loops=1)
        Buckets: 131072  Batches: 32  Memory Usage: 3233kB
        ->  Seq Scan on title t  (cost=0.00..67604.59 rows=2010348 width=4) (actual time=0.016..1399.471 rows=2004649 loops=1)
              Filter: (production_year > 1975)
              Rows Removed by Filter: 523663
Planning time: 0.787 ms
Execution time: 4214.878 ms
