Hash Join  (cost=28270.40..877659.90 rows=2069 width=0) (actual time=462.291..18502.762 rows=8440 loops=1)
  Hash Cond: (ci.movie_id = t.id)
  ->  Seq Scan on cast_info ci  (cost=0.00..796071.18 rows=14212701 width=4) (actual time=0.020..16369.619 rows=11634518 loops=1)
        Filter: ((person_id < 3242864) AND (role_id > 2))
        Rows Removed by Filter: 24609826
  ->  Hash  (cost=28265.80..28265.80 rows=368 width=8) (actual time=462.131..462.131 rows=260 loops=1)
        Buckets: 1024  Batches: 1  Memory Usage: 19kB
        ->  Nested Loop  (cost=0.43..28265.80 rows=368 width=8) (actual time=355.212..461.999 rows=260 loops=1)
              ->  Seq Scan on movie_info_idx mi_idx  (cost=0.00..25185.44 rows=368 width=4) (actual time=355.110..453.001 rows=260 loops=1)
                    Filter: (info_type_id > 101)
                    Rows Removed by Filter: 1379775
              ->  Index Only Scan using title_pkey on title t  (cost=0.43..8.36 rows=1 width=4) (actual time=0.034..0.034 rows=1 loops=260)
                    Index Cond: (id = mi_idx.movie_id)
                    Heap Fetches: 260
Planning time: 2.359 ms
Execution time: 18505.468 ms
