Seq Scan on movie_keyword mk  (cost=0.00..81003.12 rows=246 width=0) (actual time=7.464..1237.099 rows=65 loops=1)
  Filter: (keyword_id = 3647)
  Rows Removed by Filter: 4523865
Planning time: 0.335 ms
Execution time: 1237.242 ms
