Seq Scan on movie_companies mc  (cost=0.00..51404.11 rows=42563 width=0) (actual time=688.271..821.624 rows=41656 loops=1)
  Filter: (company_id > 198093)
  Rows Removed by Filter: 2567473
Planning time: 0.346 ms
Execution time: 827.235 ms
