Hash Join  (cost=102767.86..219234.21 rows=1063214 width=0) (actual time=2562.977..5297.805 rows=1068085 loops=1)
  Hash Cond: (mk.movie_id = t.id)
  ->  Seq Scan on movie_keyword mk  (cost=0.00..81003.12 rows=1063214 width=4) (actual time=0.025..1473.132 rows=1068085 loops=1)
        Filter: (keyword_id < 1071)
        Rows Removed by Filter: 3455845
  ->  Hash  (cost=61283.27..61283.27 rows=2528527 width=4) (actual time=2297.897..2297.897 rows=2528312 loops=1)
        Buckets: 131072  Batches: 64  Memory Usage: 2425kB
        ->  Seq Scan on title t  (cost=0.00..61283.27 rows=2528527 width=4) (actual time=0.017..1018.850 rows=2528312 loops=1)
Planning time: 0.697 ms
Execution time: 5420.318 ms
