Hash Join  (cost=486195.59..626497.53 rows=1501990 width=0) (actual time=8628.692..12500.515 rows=928926 loops=1)
  Hash Cond: (mk.movie_id = t.id)
  ->  Seq Scan on movie_keyword mk  (cost=0.00..69693.30 rows=4523930 width=4) (actual time=0.013..1352.982 rows=4523930 loops=1)
  ->  Hash  (cost=472421.89..472421.89 rows=839496 width=8) (actual time=8627.798..8627.798 rows=420585 loops=1)
        Buckets: 131072  Batches: 16  Memory Usage: 2055kB
        ->  Hash Join  (cost=94973.51..472421.89 rows=839496 width=8) (actual time=4494.435..8496.210 rows=420585 loops=1)
              Hash Cond: (mi.movie_id = t.id)
              ->  Seq Scan on movie_info mi  (cost=0.00..346232.03 rows=1272478 width=4) (actual time=2515.943..5445.666 rows=1325361 loops=1)
                    Filter: (info_type_id = 8)
                    Rows Removed by Filter: 13510359
              ->  Hash  (cost=67604.59..67604.59 rows=1668154 width=4) (actual time=1974.661..1974.661 rows=1674098 loops=1)
                    Buckets: 131072  Batches: 32  Memory Usage: 2875kB
                    ->  Seq Scan on title t  (cost=0.00..67604.59 rows=1668154 width=4) (actual time=0.042..1427.340 rows=1674098 loops=1)
                          Filter: (kind_id > 3)
                          Rows Removed by Filter: 854214
Planning time: 1.206 ms
Execution time: 12600.646 ms
