Hash Join  (cost=1018504.83..3660692.10 rows=125392944 width=0) (actual time=28138.066..126215.378 rows=271233509 loops=1)
  Hash Cond: (ci.movie_id = t.id)
  ->  Seq Scan on cast_info ci  (cost=0.00..705507.15 rows=21511420 width=4) (actual time=0.023..15319.917 rows=21363765 loops=1)
        Filter: (person_id < 2163449)
        Rows Removed by Filter: 14880579
  ->  Hash  (cost=776690.81..776690.81 rows=14739122 width=8) (actual time=28136.607..28136.607 rows=14835720 loops=1)
        Buckets: 131072  Batches: 256  Memory Usage: 3268kB
        ->  Hash Join  (cost=102767.86..776690.81 rows=14739122 width=8) (actual time=2005.300..22191.639 rows=14835720 loops=1)
              Hash Cond: (mi.movie_id = t.id)
              ->  Seq Scan on movie_info mi  (cost=0.00..309384.22 rows=14739122 width=4) (actual time=0.019..6208.381 rows=14835720 loops=1)
              ->  Hash  (cost=61283.27..61283.27 rows=2528527 width=4) (actual time=2004.011..2004.011 rows=2528312 loops=1)
                    Buckets: 131072  Batches: 64  Memory Usage: 2425kB
                    ->  Seq Scan on title t  (cost=0.00..61283.27 rows=2528527 width=4) (actual time=0.013..1174.121 rows=2528312 loops=1)
Planning time: 1.184 ms
Execution time: 155100.901 ms
