Hash Join  (cost=96375.19..151404.58 rows=1026 width=0) (actual time=1920.668..3066.201 rows=6814 loops=1)
  Hash Cond: (mc.movie_id = t.id)
  ->  Seq Scan on movie_companies mc  (cost=0.00..51404.11 rows=964005 width=4) (actual time=0.016..973.378 rows=974251 loops=1)
        Filter: (company_id > 17548)
        Rows Removed by Filter: 1634878
  ->  Hash  (cost=96341.54..96341.54 rows=2692 width=8) (actual time=1920.554..1920.554 rows=6476 loops=1)
        Buckets: 8192 (originally 4096)  Batches: 1 (originally 1)  Memory Usage: 317kB
        ->  Hash Join  (cost=67697.55..96341.54 rows=2692 width=8) (actual time=1173.409..1917.737 rows=6476 loops=1)
              Hash Cond: (mi_idx.movie_id = t.id)
              ->  Seq Scan on movie_info_idx mi_idx  (cost=0.00..25185.44 rows=915101 width=4) (actual time=0.024..541.479 rows=919850 loops=1)
                    Filter: (info_type_id < 101)
                    Rows Removed by Filter: 460185
              ->  Hash  (cost=67604.59..67604.59 rows=7437 width=4) (actual time=1173.123..1173.123 rows=14054 loops=1)
                    Buckets: 16384 (originally 8192)  Batches: 1 (originally 1)  Memory Usage: 623kB
                    ->  Seq Scan on title t  (cost=0.00..67604.59 rows=7437 width=4) (actual time=0.042..1166.287 rows=14054 loops=1)
                          Filter: (production_year = 1975)
                          Rows Removed by Filter: 2514258
Planning time: 1.318 ms
Execution time: 3067.555 ms
