Hash Join  (cost=106283.86..918213.51 rows=59606 width=0) (actual time=14604.484..19168.809 rows=339988 loops=1)
  Hash Cond: (ci.movie_id = t.id)
  ->  Seq Scan on cast_info ci  (cost=0.00..796071.18 rows=4069975 width=4) (actual time=12694.939..15937.996 rows=4443089 loops=1)
        Filter: ((person_id > 439874) AND (role_id > 9))
        Rows Removed by Filter: 31801255
  ->  Hash  (cost=105820.98..105820.98 rows=37031 width=8) (actual time=1909.076..1909.076 rows=74098 loops=1)
        Buckets: 131072 (originally 65536)  Batches: 1 (originally 1)  Memory Usage: 3919kB
        ->  Hash Join  (cost=69283.60..105820.98 rows=37031 width=8) (actual time=1169.521..1889.246 rows=74098 loops=1)
              Hash Cond: (mi_idx.movie_id = t.id)
              ->  Seq Scan on movie_info_idx mi_idx  (cost=0.00..25185.44 rows=915101 width=4) (actual time=0.026..297.625 rows=919850 loops=1)
                    Filter: (info_type_id < 101)
                    Rows Removed by Filter: 460185
              ->  Hash  (cost=67604.59..67604.59 rows=102321 width=4) (actual time=1064.798..1064.798 rows=100537 loops=1)
                    Buckets: 131072  Batches: 2  Memory Usage: 2797kB
                    ->  Seq Scan on title t  (cost=0.00..67604.59 rows=102321 width=4) (actual time=134.101..1029.360 rows=100537 loops=1)
                          Filter: (kind_id = 3)
                          Rows Removed by Filter: 2427775
Planning time: 1.205 ms
Execution time: 19214.337 ms
