Seq Scan on cast_info ci  (cost=0.00..796071.18 rows=276 width=0) (actual time=11649.851..13920.399 rows=259 loops=1)
  Filter: ((role_id < 3) AND (person_id = 967770))
  Rows Removed by Filter: 36244085
Planning time: 0.429 ms
Execution time: 13920.547 ms
