Nested Loop  (cost=0.43..797556.14 rows=130 width=136) (actual time=10115.335..14314.066 rows=1 loops=1)
  ->  Seq Scan on cast_info ci  (cost=0.00..796071.18 rows=176 width=42) (actual time=10115.236..14313.945 rows=2 loops=1)
        Filter: ((role_id < 2) AND (person_id = 679131))
        Rows Removed by Filter: 36244342
  ->  Index Scan using title_pkey on title t  (cost=0.43..8.43 rows=1 width=94) (actual time=0.042..0.042 rows=0 loops=2)
        Index Cond: (id = ci.movie_id)
        Filter: (kind_id > 1)
        Rows Removed by Filter: 0
Planning time: 2.225 ms
Execution time: 14314.155 ms
