Hash Join  (cost=102767.86..1062913.62 rows=6408159 width=0) (actual time=5410.512..17953.873 rows=2720270 loops=1)
  Hash Cond: (ci.movie_id = t.id)
  ->  Seq Scan on cast_info ci  (cost=0.00..796071.18 rows=6408159 width=4) (actual time=3559.755..13148.346 rows=2720270 loops=1)
        Filter: ((person_id < 951363) AND (role_id > 1))
        Rows Removed by Filter: 33524074
  ->  Hash  (cost=61283.27..61283.27 rows=2528527 width=4) (actual time=1821.757..1821.757 rows=2528312 loops=1)
        Buckets: 131072  Batches: 64  Memory Usage: 2415kB
        ->  Seq Scan on title t  (cost=0.00..61283.27 rows=2528527 width=4) (actual time=0.024..997.799 rows=2528312 loops=1)
Planning time: 3.244 ms
Execution time: 18269.144 ms
