Hash Join  (cost=469969.47..1544104.42 rows=3926078 width=0) (actual time=7923.094..48887.586 rows=34601880 loops=1)
  Hash Cond: (ci.movie_id = t.id)
  ->  Seq Scan on cast_info ci  (cost=0.00..614943.12 rows=36225612 width=4) (actual time=0.011..12623.264 rows=36244344 loops=1)
  ->  Hash  (cost=465473.00..465473.00 rows=274038 width=8) (actual time=7922.278..7922.278 rows=306788 loops=1)
        Buckets: 131072 (originally 131072)  Batches: 8 (originally 4)  Memory Usage: 3891kB
        ->  Hash Join  (cost=102767.86..465473.00 rows=274038 width=8) (actual time=3190.398..7846.453 rows=306788 loops=1)
              Hash Cond: (mi.movie_id = t.id)
              ->  Seq Scan on movie_info mi  (cost=0.00..346232.03 rows=274038 width=4) (actual time=1116.715..5302.570 rows=306788 loops=1)
                    Filter: (info_type_id > 105)
                    Rows Removed by Filter: 14528932
              ->  Hash  (cost=61283.27..61283.27 rows=2528527 width=4) (actual time=2011.603..2011.603 rows=2528312 loops=1)
                    Buckets: 131072  Batches: 64  Memory Usage: 2425kB
                    ->  Seq Scan on title t  (cost=0.00..61283.27 rows=2528527 width=4) (actual time=0.022..1140.749 rows=2528312 loops=1)
Planning time: 1.146 ms
Execution time: 53096.437 ms
