Hash Join  (cost=102767.86..207621.86 rows=1810701 width=0) (actual time=2662.489..5540.803 rows=1804024 loops=1)
  Hash Cond: (mc.movie_id = t.id)
  ->  Seq Scan on movie_companies mc  (cost=0.00..51404.11 rows=1810701 width=4) (actual time=0.028..1108.727 rows=1804024 loops=1)
        Filter: (company_id < 29851)
        Rows Removed by Filter: 805105
  ->  Hash  (cost=61283.27..61283.27 rows=2528527 width=4) (actual time=2660.435..2660.435 rows=2528312 loops=1)
        Buckets: 131072  Batches: 64  Memory Usage: 2415kB
        ->  Seq Scan on title t  (cost=0.00..61283.27 rows=2528527 width=4) (actual time=0.018..1152.481 rows=2528312 loops=1)
Planning time: 0.826 ms
Execution time: 5739.511 ms
