Hash Join  (cost=183629.76..222719.76 rows=81452 width=0) (actual time=3731.988..4334.458 rows=49830 loops=1)
  Hash Cond: (mi_idx.movie_id = t.id)
  ->  Seq Scan on movie_info_idx mi_idx  (cost=0.00..21735.35 rows=1380035 width=4) (actual time=0.017..460.757 rows=1380035 loops=1)
  ->  Hash  (cost=181181.30..181181.30 rows=149237 width=8) (actual time=3462.470..3462.470 rows=25016 loops=1)
        Buckets: 131072  Batches: 2  Memory Usage: 1525kB
        ->  Hash Join  (cost=90416.96..181181.30 rows=149237 width=8) (actual time=2962.944..3454.099 rows=25016 loops=1)
              Hash Cond: (mk.movie_id = t.id)
              ->  Seq Scan on movie_keyword mk  (cost=0.00..81003.12 rows=375427 width=4) (actual time=0.019..1417.838 rows=373259 loops=1)
                    Filter: (keyword_id > 45407)
                    Rows Removed by Filter: 4150671
              ->  Hash  (cost=73925.90..73925.90 rows=1005124 width=4) (actual time=1682.181..1682.181 rows=1099095 loops=1)
                    Buckets: 131072  Batches: 16  Memory Usage: 3453kB
                    ->  Seq Scan on title t  (cost=0.00..73925.90 rows=1005124 width=4) (actual time=0.028..1339.105 rows=1099095 loops=1)
                          Filter: ((production_year > 1994) AND (kind_id = 7))
                          Rows Removed by Filter: 1429217
Planning time: 1.186 ms
Execution time: 4340.488 ms
