Seq Scan on movie_companies mc  (cost=0.00..57926.93 rows=538196 width=0) (actual time=67.700..1022.029 rows=746498 loops=1)
  Filter: ((company_id < 7245) AND (company_type_id = 1))
  Rows Removed by Filter: 1862631
Planning time: 0.404 ms
Execution time: 1123.254 ms
