Hash Join  (cost=129268.54..1218519.80 rows=5397603 width=0) (actual time=2878.212..35906.155 rows=11528826 loops=1)
  Hash Cond: (ci.movie_id = t.id)
  ->  Seq Scan on cast_info ci  (cost=0.00..614943.12 rows=36225612 width=4) (actual time=0.014..13283.518 rows=36244344 loops=1)
  ->  Hash  (cost=123087.17..123087.17 rows=376750 width=8) (actual time=2877.331..2877.331 rows=452314 loops=1)
        Buckets: 131072  Batches: 8  Memory Usage: 3240kB
        ->  Hash Join  (cost=78930.19..123087.17 rows=376750 width=8) (actual time=1338.855..2719.177 rows=452314 loops=1)
              Hash Cond: (mi_idx.movie_id = t.id)
              ->  Seq Scan on movie_info_idx mi_idx  (cost=0.00..21735.35 rows=1380035 width=4) (actual time=0.023..455.898 rows=1380035 loops=1)
              ->  Hash  (cost=67604.59..67604.59 rows=690288 width=4) (actual time=1337.486..1337.486 rows=684146 loops=1)
                    Buckets: 131072  Batches: 16  Memory Usage: 2525kB
                    ->  Seq Scan on title t  (cost=0.00..67604.59 rows=690288 width=4) (actual time=0.025..1106.298 rows=684146 loops=1)
                          Filter: (production_year < 1990)
                          Rows Removed by Filter: 1844166
Planning time: 1.146 ms
Execution time: 37264.027 ms
