Seq Scan on movie_companies mc  (cost=0.00..51404.11 rows=1218900 width=0) (actual time=0.014..935.571 rows=1206226 loops=1)
  Filter: (company_id < 11137)
  Rows Removed by Filter: 1402903
Planning time: 0.319 ms
Execution time: 1087.077 ms
