Hash Join  (cost=102767.86..298220.62 rows=4345824 width=0) (actual time=1936.422..7644.731 rows=4348274 loops=1)
  Hash Cond: (mk.movie_id = t.id)
  ->  Seq Scan on movie_keyword mk  (cost=0.00..81003.12 rows=4345824 width=4) (actual time=0.016..1832.579 rows=4348274 loops=1)
        Filter: (keyword_id < 71860)
        Rows Removed by Filter: 175656
  ->  Hash  (cost=61283.27..61283.27 rows=2528527 width=4) (actual time=1935.238..1935.238 rows=2528312 loops=1)
        Buckets: 131072  Batches: 64  Memory Usage: 2425kB
        ->  Seq Scan on title t  (cost=0.00..61283.27 rows=2528527 width=4) (actual time=0.013..1054.325 rows=2528312 loops=1)
Planning time: 0.517 ms
Execution time: 8157.568 ms
