Seq Scan on cast_info ci  (cost=0.00..796071.18 rows=18681450 width=0) (actual time=0.018..15332.667 rows=20396642 loops=1)
  Filter: ((person_id < 2155222) AND (role_id < 10))
  Rows Removed by Filter: 15847702
Planning time: 0.398 ms
Execution time: 17873.262 ms
