Hash Join  (cost=76049.74..107224.60 rows=23245 width=0) (actual time=1130.737..1638.906 rows=1963 loops=1)
  Hash Cond: (mi_idx.movie_id = t.id)
  ->  Seq Scan on movie_info_idx mi_idx  (cost=0.00..25185.44 rows=454124 width=4) (actual time=0.015..431.850 rows=459925 loops=1)
        Filter: (info_type_id = 100)
        Rows Removed by Filter: 920110
  ->  Hash  (cost=73925.90..73925.90 rows=129427 width=4) (actual time=1056.335..1056.335 rows=27808 loops=1)
        Buckets: 131072  Batches: 2  Memory Usage: 1513kB
        ->  Seq Scan on title t  (cost=0.00..73925.90 rows=129427 width=4) (actual time=155.129..1044.843 rows=27808 loops=1)
              Filter: ((production_year < 1957) AND (kind_id = 7))
              Rows Removed by Filter: 2500504
Planning time: 0.785 ms
Execution time: 1639.257 ms
