Hash Join  (cost=583046.46..1801818.25 rows=19024133 width=0) (actual time=12030.284..52197.654 rows=47868372 loops=1)
  Hash Cond: (ci.movie_id = t.id)
  ->  Seq Scan on cast_info ci  (cost=0.00..796071.18 rows=15677964 width=4) (actual time=0.014..17412.366 rows=20245348 loops=1)
        Filter: ((person_id > 1178013) AND (role_id > 1))
        Rows Removed by Filter: 15998996
  ->  Hash  (cost=532708.04..532708.04 rows=3068194 width=8) (actual time=12029.112..12029.112 rows=3036719 loops=1)
        Buckets: 131072  Batches: 64  Memory Usage: 2881kB
        ->  Hash Join  (cost=102767.86..532708.04 rows=3068194 width=8) (actual time=5420.168..11185.014 rows=3036719 loops=1)
              Hash Cond: (mi.movie_id = t.id)
              ->  Seq Scan on movie_info mi  (cost=0.00..346232.03 rows=3068194 width=4) (actual time=3492.135..5587.725 rows=3036719 loops=1)
                    Filter: (info_type_id = 16)
                    Rows Removed by Filter: 11799001
              ->  Hash  (cost=61283.27..61283.27 rows=2528527 width=4) (actual time=1926.214..1926.214 rows=2528312 loops=1)
                    Buckets: 131072  Batches: 64  Memory Usage: 2425kB
                    ->  Seq Scan on title t  (cost=0.00..61283.27 rows=2528527 width=4) (actual time=0.025..1044.043 rows=2528312 loops=1)
Planning time: 1.222 ms
Execution time: 56914.101 ms
