Hash Join  (cost=73962.94..887195.94 rows=5346 width=0) (actual time=9884.193..14932.756 rows=336 loops=1)
  Hash Cond: (ci.movie_id = t.id)
  ->  Seq Scan on cast_info ci  (cost=0.00..796071.18 rows=4562229 width=4) (actual time=901.107..12879.212 rows=5876610 loops=1)
        Filter: ((person_id < 795809) AND (role_id < 3))
        Rows Removed by Filter: 30367734
  ->  Hash  (cost=73925.90..73925.90 rows=2963 width=4) (actual time=1065.588..1065.588 rows=5872 loops=1)
        Buckets: 8192 (originally 4096)  Batches: 1 (originally 1)  Memory Usage: 271kB
        ->  Seq Scan on title t  (cost=0.00..73925.90 rows=2963 width=4) (actual time=255.890..1062.738 rows=5872 loops=1)
              Filter: ((kind_id < 7) AND (production_year < 1900))
              Rows Removed by Filter: 2522440
Planning time: 0.813 ms
Execution time: 14933.136 ms
