Seq Scan on cast_info ci  (cost=0.00..796071.18 rows=324 width=0) (actual time=1731.911..11893.710 rows=138 loops=1)
  Filter: ((role_id > 1) AND (person_id = 59427))
  Rows Removed by Filter: 36244206
Planning time: 0.417 ms
Execution time: 11893.831 ms
