Hash Join  (cost=86907.34..132009.27 rows=431845 width=0) (actual time=1479.716..2840.601 rows=744585 loops=1)
  Hash Cond: (mi_idx.movie_id = t.id)
  ->  Seq Scan on movie_info_idx mi_idx  (cost=0.00..21735.35 rows=1380035 width=4) (actual time=0.013..430.355 rows=1380035 loops=1)
  ->  Hash  (cost=73925.90..73925.90 rows=791235 width=4) (actual time=1478.752..1478.752 rows=701949 loops=1)
        Buckets: 131072  Batches: 16  Memory Usage: 2566kB
        ->  Seq Scan on title t  (cost=0.00..73925.90 rows=791235 width=4) (actual time=0.012..1256.439 rows=701949 loops=1)
              Filter: ((kind_id < 7) AND (production_year > 1974))
              Rows Removed by Filter: 1826363
Planning time: 0.697 ms
Execution time: 2925.480 ms
