Seq Scan on movie_keyword mk  (cost=0.00..81003.12 rows=3527650 width=0) (actual time=0.017..1537.812 rows=3519311 loops=1)
  Filter: (keyword_id > 958)
  Rows Removed by Filter: 1004619
Planning time: 0.234 ms
Execution time: 1965.843 ms
