Hash Join  (cost=100766.14..183235.22 rows=827838 width=0) (actual time=1943.745..3922.446 rows=572182 loops=1)
  Hash Cond: (mc.movie_id = t.id)
  ->  Seq Scan on movie_companies mc  (cost=0.00..51404.11 rows=1279517 width=4) (actual time=0.027..987.726 rows=1274246 loops=1)
        Filter: (company_type_id < 2)
        Rows Removed by Filter: 1334883
  ->  Hash  (cost=73925.90..73925.90 rows=1635939 width=4) (actual time=1942.288..1942.288 rows=1747677 loops=1)
        Buckets: 131072  Batches: 32  Memory Usage: 2948kB
        ->  Seq Scan on title t  (cost=0.00..73925.90 rows=1635939 width=4) (actual time=0.024..1393.877 rows=1747677 loops=1)
              Filter: ((kind_id > 1) AND (production_year > 1959))
              Rows Removed by Filter: 780635
Planning time: 0.758 ms
Execution time: 3984.188 ms
