Hash Join  (cost=262811.09..1760436.25 rows=36335097 width=0) (actual time=6505.729..58674.766 rows=80023196 loops=1)
  Hash Cond: (ci.movie_id = t.id)
  ->  Seq Scan on cast_info ci  (cost=0.00..614943.12 rows=36225612 width=4) (actual time=0.014..13393.032 rows=36244344 loops=1)
  ->  Hash  (cost=221201.97..221201.97 rows=2536169 width=8) (actual time=6503.937..6503.937 rows=2584553 loops=1)
        Buckets: 131072  Batches: 64  Memory Usage: 2595kB
        ->  Hash Join  (cost=107928.35..221201.97 rows=2536169 width=8) (actual time=2297.231..5806.051 rows=2584553 loops=1)
              Hash Cond: (mc.movie_id = t.id)
              ->  Seq Scan on movie_companies mc  (cost=0.00..44881.29 rows=2609129 width=4) (actual time=0.011..968.772 rows=2609129 loops=1)
              ->  Hash  (cost=67604.59..67604.59 rows=2457821 width=4) (actual time=2296.155..2296.155 rows=2456218 loops=1)
                    Buckets: 131072  Batches: 64  Memory Usage: 2375kB
                    ->  Seq Scan on title t  (cost=0.00..67604.59 rows=2457821 width=4) (actual time=0.412..1498.006 rows=2456218 loops=1)
                          Filter: (production_year > 0)
                          Rows Removed by Filter: 72094
Planning time: 1.146 ms
Execution time: 67291.978 ms
