Seq Scan on movie_companies mc  (cost=0.00..51404.11 rows=2318952 width=0) (actual time=0.021..1091.226 rows=2311125 loops=1)
  Filter: (company_id < 94698)
  Rows Removed by Filter: 298004
Planning time: 0.330 ms
Execution time: 1393.026 ms
