Seq Scan on movie_keyword mk  (cost=0.00..81003.12 rows=273412 width=0) (actual time=0.015..1281.058 rows=273308 loops=1)
  Filter: (keyword_id > 57861)
  Rows Removed by Filter: 4250622
Planning time: 0.275 ms
Execution time: 1316.068 ms
