Hash Join  (cost=201173.06..674567.29 rows=520367 width=0) (actual time=4315.746..13581.253 rows=281370 loops=1)
  Hash Cond: (mi.movie_id = t.id)
  ->  Seq Scan on movie_info mi  (cost=0.00..346232.03 rows=9476311 width=4) (actual time=0.015..6269.830 rows=9565151 loops=1)
        Filter: (info_type_id < 16)
        Rows Removed by Filter: 5270569
  ->  Hash  (cost=198894.48..198894.48 rows=138847 width=8) (actual time=3950.170..3950.170 rows=43633 loops=1)
        Buckets: 131072  Batches: 2  Memory Usage: 1880kB
        ->  Hash Join  (cost=75199.97..198894.48 rows=138847 width=8) (actual time=1971.844..3937.197 rows=43633 loops=1)
              Hash Cond: (mk.movie_id = t.id)
              ->  Seq Scan on movie_keyword mk  (cost=0.00..69693.30 rows=4523930 width=4) (actual time=0.025..1324.988 rows=4523930 loops=1)
              ->  Hash  (cost=73925.90..73925.90 rows=77605 width=4) (actual time=1291.337..1291.337 rows=84684 loops=1)
                    Buckets: 131072  Batches: 2  Memory Usage: 2518kB
                    ->  Seq Scan on title t  (cost=0.00..73925.90 rows=77605 width=4) (actual time=0.034..1258.609 rows=84684 loops=1)
                          Filter: ((kind_id = 7) AND (production_year = 2009))
                          Rows Removed by Filter: 2443628
Planning time: 0.893 ms
Execution time: 13616.466 ms
