Hash Join  (cost=955932.77..1103366.34 rows=2087353 width=0) (actual time=14845.558..19510.464 rows=5707234 loops=1)
  Hash Cond: (mk.movie_id = t.id)
  ->  Seq Scan on movie_keyword mk  (cost=0.00..69693.30 rows=4523930 width=4) (actual time=0.022..1474.475 rows=4523930 loops=1)
  ->  Hash  (cost=936791.41..936791.41 rows=1166669 width=8) (actual time=14843.693..14843.693 rows=377734 loops=1)
        Buckets: 131072  Batches: 16  Memory Usage: 1953kB
        ->  Hash Join  (cost=102767.86..936791.41 rows=1166669 width=8) (actual time=1960.885..14732.241 rows=377734 loops=1)
              Hash Cond: (ci.movie_id = t.id)
              ->  Seq Scan on cast_info ci  (cost=0.00..796071.18 rows=1166669 width=4) (actual time=0.054..12042.315 rows=377734 loops=1)
                    Filter: ((person_id < 943289) AND (role_id = 10))
                    Rows Removed by Filter: 35866610
              ->  Hash  (cost=61283.27..61283.27 rows=2528527 width=4) (actual time=1959.952..1959.952 rows=2528312 loops=1)
                    Buckets: 131072  Batches: 64  Memory Usage: 2415kB
                    ->  Seq Scan on title t  (cost=0.00..61283.27 rows=2528527 width=4) (actual time=0.017..1133.984 rows=2528312 loops=1)
Planning time: 1.179 ms
Execution time: 20159.019 ms
