Hash Join  (cost=210606.36..1441199.86 rows=19156633 width=0) (actual time=4386.410..40553.598 rows=20300880 loops=1)
  Hash Cond: (ci.movie_id = t.id)
  ->  Seq Scan on cast_info ci  (cost=0.00..614943.12 rows=36225612 width=4) (actual time=0.023..13329.143 rows=36244344 loops=1)
  ->  Hash  (cost=188668.34..188668.34 rows=1337122 width=8) (actual time=4385.467..4385.467 rows=596702 loops=1)
        Buckets: 131072  Batches: 32  Memory Usage: 1731kB
        ->  Hash Join  (cost=95185.59..188668.34 rows=1337122 width=8) (actual time=1877.409..4247.401 rows=596702 loops=1)
              Hash Cond: (mc.movie_id = t.id)
              ->  Seq Scan on movie_companies mc  (cost=0.00..44881.29 rows=2609129 width=4) (actual time=0.027..907.115 rows=2609129 loops=1)
              ->  Hash  (cost=73925.90..73925.90 rows=1295815 width=4) (actual time=1875.796..1875.796 rows=1378573 loops=1)
                    Buckets: 131072  Batches: 32  Memory Usage: 2541kB
                    ->  Seq Scan on title t  (cost=0.00..73925.90 rows=1295815 width=4) (actual time=0.021..1438.358 rows=1378573 loops=1)
                          Filter: ((kind_id > 4) AND (production_year > 1968))
                          Rows Removed by Filter: 1149739
Planning time: 0.974 ms
Execution time: 42757.054 ms
