Seq Scan on movie_keyword mk  (cost=0.00..81003.12 rows=1236821 width=0) (actual time=0.020..1519.009 rows=1251943 loops=1)
  Filter: (keyword_id < 1595)
  Rows Removed by Filter: 3271987
Planning time: 0.340 ms
Execution time: 1672.343 ms
