Hash Join  (cost=719511.94..2353341.67 rows=50824753 width=0) (actual time=24645.572..106837.150 rows=223118972 loops=1)
  Hash Cond: (ci.movie_id = t.id)
  ->  Seq Scan on cast_info ci  (cost=0.00..705507.15 rows=22320399 width=4) (actual time=1531.141..15362.310 rows=22355683 loops=1)
        Filter: (person_id > 1368568)
        Rows Removed by Filter: 13888661
  ->  Hash  (cost=625051.03..625051.03 rows=5757593 width=8) (actual time=23110.005..23110.005 rows=10872384 loops=1)
        Buckets: 131072 (originally 131072)  Batches: 256 (originally 128)  Memory Usage: 3073kB
        ->  Hash Join  (cost=83810.17..625051.03 rows=5757593 width=8) (actual time=1578.764..19715.769 rows=10872384 loops=1)
              Hash Cond: (mi.movie_id = t.id)
              ->  Seq Scan on movie_info mi  (cost=0.00..309384.22 rows=14739122 width=4) (actual time=0.022..6164.760 rows=14835720 loops=1)
              ->  Hash  (cost=67604.59..67604.59 rows=987727 width=4) (actual time=1577.578..1577.578 rows=985048 loops=1)
                    Buckets: 131072  Batches: 16  Memory Usage: 3197kB
                    ->  Seq Scan on title t  (cost=0.00..67604.59 rows=987727 width=4) (actual time=0.039..1250.608 rows=985048 loops=1)
                          Filter: (kind_id < 7)
                          Rows Removed by Filter: 1543264
Planning time: 1.225 ms
Execution time: 131315.201 ms
