Hash Join  (cost=52284.29..138942.43 rows=11 width=0) (actual time=904.812..2318.877 rows=149 loops=1)
  Hash Cond: (mk.movie_id = t.id)
  ->  Seq Scan on movie_keyword mk  (cost=0.00..69693.30 rows=4523930 width=4) (actual time=0.022..868.724 rows=4523930 loops=1)
  ->  Hash  (cost=52284.21..52284.21 rows=6 width=8) (actual time=758.689..758.689 rows=4 loops=1)
        Buckets: 1024  Batches: 1  Memory Usage: 9kB
        ->  Nested Loop  (cost=0.43..52284.21 rows=6 width=8) (actual time=215.012..758.679 rows=4 loops=1)
              ->  Seq Scan on movie_companies mc  (cost=0.00..51404.11 rows=104 width=4) (actual time=214.959..757.725 rows=8 loops=1)
                    Filter: (company_id = 106156)
                    Rows Removed by Filter: 2609121
              ->  Index Scan using title_pkey on title t  (cost=0.43..8.45 rows=1 width=4) (actual time=0.115..0.115 rows=0 loops=8)
                    Index Cond: (id = mc.movie_id)
                    Filter: ((kind_id < 7) AND (production_year > 2010))
                    Rows Removed by Filter: 0
Planning time: 1.184 ms
Execution time: 2319.022 ms
