Hash Join  (cost=74509.97..904537.67 rows=159472 width=0) (actual time=2315.565..19687.793 rows=147348 loops=1)
  Hash Cond: (ci.movie_id = t.id)
  ->  Seq Scan on cast_info ci  (cost=0.00..796071.18 rows=8629813 width=4) (actual time=1086.608..15728.010 rows=9998060 loops=1)
        Filter: ((person_id > 1025566) AND (role_id > 3))
        Rows Removed by Filter: 26246284
  ->  Hash  (cost=73925.90..73925.90 rows=46725 width=4) (actual time=1227.312..1227.312 rows=43011 loops=1)
        Buckets: 65536  Batches: 1  Memory Usage: 2025kB
        ->  Seq Scan on title t  (cost=0.00..73925.90 rows=46725 width=4) (actual time=0.026..1208.793 rows=43011 loops=1)
              Filter: ((kind_id > 2) AND (production_year > 2012))
              Rows Removed by Filter: 2485301
Planning time: 0.832 ms
Execution time: 19712.413 ms
