Seq Scan on movie_keyword mk  (cost=0.00..81003.12 rows=735746 width=0) (actual time=0.021..1255.297 rows=737685 loops=1)
  Filter: (keyword_id < 662)
  Rows Removed by Filter: 3786245
Planning time: 0.352 ms
Execution time: 1349.064 ms
