Seq Scan on cast_info ci  (cost=0.00..705507.15 rows=20318678 width=0) (actual time=0.386..12446.549 rows=20211532 loops=1)
  Filter: (person_id < 2030949)
  Rows Removed by Filter: 16032812
Planning time: 0.202 ms
Execution time: 15028.407 ms
