Nested Loop  (cost=44377.22..115994.52 rows=51 width=0) (actual time=917.028..1945.132 rows=375 loops=1)
  Join Filter: (mc.movie_id = t.id)
  ->  Hash Join  (cost=44376.79..102824.82 rows=22119 width=8) (actual time=854.574..1858.358 rows=8161 loops=1)
        Hash Cond: (mc.movie_id = mi_idx.movie_id)
        ->  Seq Scan on movie_companies mc  (cost=0.00..51404.11 rows=7827 width=4) (actual time=0.158..785.361 rows=6686 loops=1)
              Filter: (company_id = 302)
              Rows Removed by Filter: 2602443
        ->  Hash  (cost=21735.35..21735.35 rows=1380035 width=4) (actual time=842.887..842.887 rows=1380035 loops=1)
              Buckets: 131072  Batches: 32  Memory Usage: 2540kB
              ->  Seq Scan on movie_info_idx mi_idx  (cost=0.00..21735.35 rows=1380035 width=4) (actual time=0.013..428.838 rows=1380035 loops=1)
  ->  Index Scan using title_pkey on title t  (cost=0.43..0.58 rows=1 width=4) (actual time=0.010..0.010 rows=0 loops=8161)
        Index Cond: (id = mi_idx.movie_id)
        Filter: ((production_year < 1993) AND (kind_id = 3))
        Rows Removed by Filter: 1
Planning time: 0.791 ms
Execution time: 1945.312 ms
