Seq Scan on movie_companies mc  (cost=0.00..51404.11 rows=1056788 width=0) (actual time=0.025..961.313 rows=1066308 loops=1)
  Filter: (company_id > 14576)
  Rows Removed by Filter: 1542821
Planning time: 0.341 ms
Execution time: 1095.731 ms
