Hash Join  (cost=73982.55..780809.16 rows=628 width=0) (actual time=2381.550..13839.698 rows=2104 loops=1)
  Hash Cond: (ci.movie_id = t.id)
  ->  Seq Scan on cast_info ci  (cost=0.00..705507.15 rows=350181 width=4) (actual time=1381.988..12782.675 rows=316118 loops=1)
        Filter: (role_id > 10)
        Rows Removed by Filter: 35928226
  ->  Hash  (cost=73925.90..73925.90 rows=4532 width=4) (actual time=998.340..998.340 rows=8406 loops=1)
        Buckets: 16384 (originally 8192)  Batches: 1 (originally 1)  Memory Usage: 424kB
        ->  Seq Scan on title t  (cost=0.00..73925.90 rows=4532 width=4) (actual time=273.007..994.113 rows=8406 loops=1)
              Filter: ((kind_id = 7) AND (production_year = 1973))
              Rows Removed by Filter: 2519906
Planning time: 0.805 ms
Execution time: 13840.183 ms
