Seq Scan on cast_info ci  (cost=0.00..796071.18 rows=9470046 width=0) (actual time=2623.931..13634.944 rows=6480026 loops=1)
  Filter: ((person_id > 2432624) AND (role_id < 6))
  Rows Removed by Filter: 29764318
Planning time: 0.367 ms
Execution time: 14439.661 ms
