Hash Join  (cost=66227.14..807821.17 rows=331 width=0) (actual time=2806.040..14157.455 rows=4478 loops=1)
  Hash Cond: (ci.movie_id = t.id)
  ->  Seq Scan on cast_info ci  (cost=0.00..705507.15 rows=9622286 width=4) (actual time=3.506..11651.812 rows=9438602 loops=1)
        Filter: (person_id < 929024)
        Rows Removed by Filter: 26805742
  ->  Hash  (cost=66226.05..66226.05 rows=87 width=8) (actual time=852.173..852.173 rows=569 loops=1)
        Buckets: 1024  Batches: 1  Memory Usage: 31kB
        ->  Nested Loop  (cost=0.43..66226.05 rows=87 width=8) (actual time=2.248..851.807 rows=569 loops=1)
              ->  Seq Scan on movie_companies mc  (cost=0.00..51404.11 rows=1855 width=4) (actual time=0.699..759.201 rows=4712 loops=1)
                    Filter: (company_id < 6)
                    Rows Removed by Filter: 2604417
              ->  Index Scan using title_pkey on title t  (cost=0.43..7.98 rows=1 width=4) (actual time=0.019..0.019 rows=0 loops=4712)
                    Index Cond: (id = mc.movie_id)
                    Filter: ((kind_id > 1) AND (production_year = 2011))
                    Rows Removed by Filter: 1
Planning time: 1.194 ms
Execution time: 14158.928 ms
