Seq Scan on movie_keyword mk  (cost=0.00..81003.12 rows=3598300 width=0) (actual time=0.023..1499.727 rows=3600681 loops=1)
  Filter: (keyword_id < 20325)
  Rows Removed by Filter: 923249
Planning time: 0.362 ms
Execution time: 1953.766 ms
