Seq Scan on cast_info ci  (cost=0.00..796071.18 rows=4012923 width=0) (actual time=6415.039..14144.307 rows=7449196 loops=1)
  Filter: ((person_id > 1602289) AND (role_id = 2))
  Rows Removed by Filter: 28795148
Planning time: 0.733 ms
Execution time: 15080.972 ms
