Hash Join  (cost=88295.76..181811.32 rows=1120548 width=0) (actual time=1634.858..4425.224 rows=893795 loops=1)
  Hash Cond: (mc.movie_id = t.id)
  ->  Seq Scan on movie_companies mc  (cost=0.00..51404.11 rows=2246658 width=4) (actual time=0.021..1233.269 rows=2243776 loops=1)
        Filter: (company_id < 86122)
        Rows Removed by Filter: 365353
  ->  Hash  (cost=67604.59..67604.59 rows=1261134 width=4) (actual time=1633.618..1633.618 rows=1260295 loops=1)
        Buckets: 131072  Batches: 32  Memory Usage: 2413kB
        ->  Seq Scan on title t  (cost=0.00..67604.59 rows=1261134 width=4) (actual time=1.488..1229.523 rows=1260295 loops=1)
              Filter: (production_year > 2002)
              Rows Removed by Filter: 1268017
Planning time: 0.849 ms
Execution time: 4531.100 ms
