Hash Join  (cost=438902.18..1307743.53 rows=83537 width=0) (actual time=7834.229..24507.252 rows=453890 loops=1)
  Hash Cond: (ci.movie_id = t.id)
  ->  Seq Scan on cast_info ci  (cost=0.00..705507.15 rows=16249879 width=4) (actual time=0.020..12076.478 rows=16403061 loops=1)
        Filter: (person_id > 1991713)
        Rows Removed by Filter: 19841283
  ->  Hash  (cost=438739.70..438739.70 rows=12999 width=8) (actual time=7833.426..7833.426 rows=42263 loops=1)
        Buckets: 65536 (originally 16384)  Batches: 1 (originally 1)  Memory Usage: 2163kB
        ->  Hash Join  (cost=73953.78..438739.70 rows=12999 width=8) (actual time=986.471..7813.547 rows=42263 loops=1)
              Hash Cond: (mi.movie_id = t.id)
              ->  Seq Scan on movie_info mi  (cost=0.00..309384.22 rows=14739122 width=4) (actual time=0.013..3900.496 rows=14835720 loops=1)
              ->  Hash  (cost=73925.90..73925.90 rows=2230 width=4) (actual time=973.363..973.363 rows=3793 loops=1)
                    Buckets: 4096  Batches: 1  Memory Usage: 166kB
                    ->  Seq Scan on title t  (cost=0.00..73925.90 rows=2230 width=4) (actual time=0.021..971.304 rows=3793 loops=1)
                          Filter: ((kind_id < 3) AND (production_year = 1963))
                          Rows Removed by Filter: 2524519
Planning time: 1.190 ms
Execution time: 24566.029 ms
