Seq Scan on movie_keyword mk  (cost=0.00..81003.12 rows=106942 width=0) (actual time=187.699..1279.297 rows=105948 loops=1)
  Filter: (keyword_id > 80949)
  Rows Removed by Filter: 4417982
Planning time: 1.477 ms
Execution time: 1294.688 ms
