Hash Join  (cost=77793.68..441669.13 rows=124775 width=0) (actual time=5859.877..7656.661 rows=166194 loops=1)
  Hash Cond: (mi.movie_id = t.id)
  ->  Seq Scan on movie_info mi  (cost=0.00..346232.03 rows=1338312 width=4) (actual time=4645.461..5843.060 rows=1401902 loops=1)
        Filter: (info_type_id = 7)
        Rows Removed by Filter: 13433818
  ->  Hash  (cost=73925.90..73925.90 rows=235742 width=4) (actual time=1213.462..1213.462 rows=129555 loops=1)
        Buckets: 131072  Batches: 4  Memory Usage: 2166kB
        ->  Seq Scan on title t  (cost=0.00..73925.90 rows=235742 width=4) (actual time=0.030..1167.401 rows=129555 loops=1)
              Filter: ((production_year < 1971) AND (kind_id = 7))
              Rows Removed by Filter: 2398757
Planning time: 0.771 ms
Execution time: 7676.191 ms
