Hash Join  (cost=187771.03..1337384.08 rows=11273588 width=0) (actual time=4338.909..46041.222 rows=31861339 loops=1)
  Hash Cond: (ci.movie_id = t.id)
  ->  Seq Scan on cast_info ci  (cost=0.00..614943.12 rows=36225612 width=4) (actual time=0.016..13439.645 rows=36244344 loops=1)
  ->  Hash  (cost=174860.91..174860.91 rows=786890 width=8) (actual time=4338.121..4338.121 rows=941183 loops=1)
        Buckets: 131072  Batches: 16  Memory Usage: 3317kB
        ->  Hash Join  (cost=93117.31..174860.91 rows=786890 width=8) (actual time=1830.542..4055.354 rows=941183 loops=1)
              Hash Cond: (mc.movie_id = t.id)
              ->  Seq Scan on movie_companies mc  (cost=0.00..51404.11 rows=1279517 width=4) (actual time=0.023..1018.159 rows=1274246 loops=1)
                    Filter: (company_type_id = 1)
                    Rows Removed by Filter: 1334883
              ->  Hash  (cost=67604.59..67604.59 rows=1555018 width=4) (actual time=1829.231..1829.231 rows=1551727 loops=1)
                    Buckets: 131072  Batches: 32  Memory Usage: 2728kB
                    ->  Seq Scan on title t  (cost=0.00..67604.59 rows=1555018 width=4) (actual time=0.010..1330.921 rows=1551727 loops=1)
                          Filter: (production_year < 2007)
                          Rows Removed by Filter: 976585
Planning time: 0.973 ms
Execution time: 49569.385 ms
