Hash Join  (cost=156487.41..1053936.14 rows=1356217 width=0) (actual time=4050.493..19000.328 rows=1355650 loops=1)
  Hash Cond: (ci.movie_id = t.id)
  ->  Seq Scan on cast_info ci  (cost=0.00..796071.18 rows=7439035 width=4) (actual time=0.022..12874.463 rows=3174846 loops=1)
        Filter: ((person_id < 1117763) AND (role_id > 1))
        Rows Removed by Filter: 33069498
  ->  Hash  (cost=148924.19..148924.19 rows=460978 width=8) (actual time=4049.604..4049.604 rows=459925 loops=1)
        Buckets: 131072  Batches: 8  Memory Usage: 3275kB
        ->  Hash Join  (cost=102767.86..148924.19 rows=460978 width=8) (actual time=2050.674..3908.133 rows=459925 loops=1)
              Hash Cond: (mi_idx.movie_id = t.id)
              ->  Seq Scan on movie_info_idx mi_idx  (cost=0.00..25185.44 rows=460978 width=4) (actual time=0.017..451.435 rows=459925 loops=1)
                    Filter: (info_type_id = 99)
                    Rows Removed by Filter: 920110
              ->  Hash  (cost=61283.27..61283.27 rows=2528527 width=4) (actual time=2048.654..2048.654 rows=2528312 loops=1)
                    Buckets: 131072  Batches: 64  Memory Usage: 2415kB
                    ->  Seq Scan on title t  (cost=0.00..61283.27 rows=2528527 width=4) (actual time=0.017..1191.233 rows=2528312 loops=1)
Planning time: 1.201 ms
Execution time: 19168.457 ms
