Hash Join  (cost=89762.59..155759.51 rows=294394 width=0) (actual time=1634.322..3057.216 rows=312795 loops=1)
  Hash Cond: (mc.movie_id = t.id)
  ->  Seq Scan on movie_companies mc  (cost=0.00..51404.11 rows=551166 width=4) (actual time=0.030..842.316 rows=555378 loops=1)
        Filter: (company_id > 71740)
        Rows Removed by Filter: 2053751
  ->  Hash  (cost=67604.59..67604.59 rows=1350560 width=4) (actual time=1632.852..1632.852 rows=1348293 loops=1)
        Buckets: 131072  Batches: 32  Memory Usage: 2505kB
        ->  Seq Scan on title t  (cost=0.00..67604.59 rows=1350560 width=4) (actual time=0.022..1186.089 rows=1348293 loops=1)
              Filter: (production_year < 2005)
              Rows Removed by Filter: 1180019
Planning time: 0.764 ms
Execution time: 3096.104 ms
