Hash Join  (cost=87642.27..444158.59 rows=156047 width=0) (actual time=5453.246..7338.162 rows=24328 loops=1)
  Hash Cond: (mi.movie_id = t.id)
  ->  Seq Scan on movie_info mi  (cost=0.00..346232.03 rows=471955 width=4) (actual time=3879.795..5452.030 rows=543367 loops=1)
        Filter: (info_type_id > 98)
        Rows Removed by Filter: 14292353
  ->  Hash  (cost=73925.90..73925.90 rows=836029 width=4) (actual time=1502.520..1502.520 rows=742319 loops=1)
        Buckets: 131072  Batches: 16  Memory Usage: 2663kB
        ->  Seq Scan on title t  (cost=0.00..73925.90 rows=836029 width=4) (actual time=0.047..1253.810 rows=742319 loops=1)
              Filter: ((kind_id > 1) AND (production_year < 2002))
              Rows Removed by Filter: 1785993
Planning time: 0.770 ms
Execution time: 7341.562 ms
