Hash Join  (cost=81206.46..123054.72 rows=242178 width=0) (actual time=1334.877..2690.715 rows=542901 loops=1)
  Hash Cond: (mi_idx.movie_id = t.id)
  ->  Seq Scan on movie_info_idx mi_idx  (cost=0.00..21735.35 rows=1380035 width=4) (actual time=0.027..483.430 rows=1380035 loops=1)
  ->  Hash  (cost=73925.90..73925.90 rows=443724 width=4) (actual time=1333.974..1333.974 rows=536860 loops=1)
        Buckets: 131072  Batches: 8  Memory Usage: 3395kB
        ->  Seq Scan on title t  (cost=0.00..73925.90 rows=443724 width=4) (actual time=0.024..1163.610 rows=536860 loops=1)
              Filter: ((kind_id < 7) AND (production_year < 2002))
              Rows Removed by Filter: 1991452
Planning time: 0.851 ms
Execution time: 2758.874 ms
