Hash Join  (cost=68058.67..95039.01 rows=6623 width=0) (actual time=1008.580..1559.441 rows=8229 loops=1)
  Hash Cond: (mi_idx.movie_id = t.id)
  ->  Seq Scan on movie_info_idx mi_idx  (cost=0.00..25185.44 rows=460978 width=4) (actual time=0.031..421.039 rows=459925 loops=1)
        Filter: (info_type_id = 99)
        Rows Removed by Filter: 920110
  ->  Hash  (cost=67604.59..67604.59 rows=36327 width=4) (actual time=1008.099..1008.099 rows=36509 loops=1)
        Buckets: 65536  Batches: 1  Memory Usage: 1796kB
        ->  Seq Scan on title t  (cost=0.00..67604.59 rows=36327 width=4) (actual time=0.021..992.018 rows=36509 loops=1)
              Filter: (production_year = 1996)
              Rows Removed by Filter: 2491803
Planning time: 0.947 ms
Execution time: 1561.037 ms
