Seq Scan on movie_companies mc  (cost=0.00..51404.11 rows=104 width=0) (actual time=131.961..883.617 rows=437 loops=1)
  Filter: (company_id = 2477)
  Rows Removed by Filter: 2608692
Planning time: 0.501 ms
Execution time: 883.838 ms
