Seq Scan on cast_info ci  (cost=0.00..705507.15 rows=500 width=0) (actual time=740.905..11215.350 rows=63 loops=1)
  Filter: (person_id = 1413275)
  Rows Removed by Filter: 36244281
Planning time: 0.391 ms
Execution time: 11215.452 ms
