Seq Scan on movie_companies mc  (cost=0.00..57926.93 rows=7136 width=0) (actual time=1.326..898.044 rows=107 loops=1)
  Filter: ((company_type_id > 1) AND (company_id = 34))
  Rows Removed by Filter: 2609022
Planning time: 0.430 ms
Execution time: 898.187 ms
