Hash Join  (cost=74809.10..102105.22 rows=38563 width=0) (actual time=1274.888..1936.969 rows=36360 loops=1)
  Hash Cond: (mi_idx.movie_id = t.id)
  ->  Seq Scan on movie_info_idx mi_idx  (cost=0.00..21735.35 rows=1380035 width=4) (actual time=0.016..314.894 rows=1380035 loops=1)
  ->  Hash  (cost=73925.90..73925.90 rows=70656 width=4) (actual time=1274.188..1274.188 rows=79548 loops=1)
        Buckets: 131072  Batches: 1  Memory Usage: 3821kB
        ->  Seq Scan on title t  (cost=0.00..73925.90 rows=70656 width=4) (actual time=0.021..1240.939 rows=79548 loops=1)
              Filter: ((kind_id > 1) AND (production_year = 2005))
              Rows Removed by Filter: 2448764
Planning time: 0.735 ms
Execution time: 1942.270 ms
