Seq Scan on movie_keyword mk  (cost=0.00..81003.12 rows=3144136 width=0) (actual time=0.025..1518.790 rows=3130973 loops=1)
  Filter: (keyword_id > 1878)
  Rows Removed by Filter: 1392957
Planning time: 0.297 ms
Execution time: 1914.697 ms
