Seq Scan on movie_companies mc  (cost=0.00..57926.93 rows=53 width=0) (actual time=318.236..862.101 rows=249 loops=1)
  Filter: ((company_type_id > 1) AND (company_id = 11435))
  Rows Removed by Filter: 2608880
Planning time: 0.266 ms
Execution time: 862.258 ms
