Seq Scan on movie_keyword mk  (cost=0.00..81003.12 rows=1381490 width=0) (actual time=0.030..1364.497 rows=1397065 loops=1)
  Filter: (keyword_id > 11990)
  Rows Removed by Filter: 3126865
Planning time: 1.081 ms
Execution time: 1540.052 ms
