Hash Join  (cost=80549.28..428596.21 rows=2864 width=0) (actual time=1507.819..6771.561 rows=1168 loops=1)
  Hash Cond: (mi.movie_id = t.id)
  ->  Seq Scan on movie_info mi  (cost=0.00..346232.03 rows=17937 width=4) (actual time=0.027..5294.313 rows=36985 loops=1)
        Filter: (info_type_id = 104)
        Rows Removed by Filter: 14798735
  ->  Hash  (cost=73925.90..73925.90 rows=403710 width=4) (actual time=1386.162..1386.162 rows=434218 loops=1)
        Buckets: 131072  Batches: 8  Memory Usage: 2941kB
        ->  Seq Scan on title t  (cost=0.00..73925.90 rows=403710 width=4) (actual time=0.018..1241.076 rows=434218 loops=1)
              Filter: ((production_year > 2008) AND (kind_id = 7))
              Rows Removed by Filter: 2094094
Planning time: 0.775 ms
Execution time: 6772.086 ms
