Hash Join  (cost=253630.59..825622.62 rows=8639610 width=0) (actual time=5494.382..38279.093 rows=72094266 loops=1)
  Hash Cond: (mi.movie_id = t.id)
  ->  Seq Scan on movie_info mi  (cost=0.00..309384.22 rows=14739122 width=4) (actual time=0.017..5961.712 rows=14835720 loops=1)
  ->  Hash  (cost=229313.81..229313.81 rows=1482143 width=8) (actual time=5493.098..5493.098 rows=1494613 loops=1)
        Buckets: 131072  Batches: 32  Memory Usage: 2915kB
        ->  Hash Join  (cost=102767.86..229313.81 rows=1482143 width=8) (actual time=1922.268..5061.469 rows=1494613 loops=1)
              Hash Cond: (mk.movie_id = t.id)
              ->  Seq Scan on movie_keyword mk  (cost=0.00..81003.12 rows=1482143 width=4) (actual time=0.034..1465.127 rows=1494613 loops=1)
                    Filter: (keyword_id < 2144)
                    Rows Removed by Filter: 3029317
              ->  Hash  (cost=61283.27..61283.27 rows=2528527 width=4) (actual time=1921.544..1921.544 rows=2528312 loops=1)
                    Buckets: 131072  Batches: 64  Memory Usage: 2425kB
                    ->  Seq Scan on title t  (cost=0.00..61283.27 rows=2528527 width=4) (actual time=0.019..1070.352 rows=2528312 loops=1)
Planning time: 1.188 ms
Execution time: 46300.780 ms
