Hash Join  (cost=204873.82..245163.85 rows=151355 width=0) (actual time=4077.518..5242.186 rows=646604 loops=1)
  Hash Cond: (mi_idx.movie_id = t.id)
  ->  Seq Scan on movie_info_idx mi_idx  (cost=0.00..21735.35 rows=1380035 width=4) (actual time=0.027..420.254 rows=1380035 loops=1)
  ->  Hash  (cost=200323.37..200323.37 rows=277316 width=8) (actual time=4076.667..4076.667 rows=297845 loops=1)
        Buckets: 131072  Batches: 4  Memory Usage: 3948kB
        ->  Hash Join  (cost=102767.86..200323.37 rows=277316 width=8) (actual time=1935.263..3983.584 rows=297845 loops=1)
              Hash Cond: (mk.movie_id = t.id)
              ->  Seq Scan on movie_keyword mk  (cost=0.00..81003.12 rows=277316 width=4) (actual time=0.019..1393.517 rows=297845 loops=1)
                    Filter: (keyword_id < 245)
                    Rows Removed by Filter: 4226085
              ->  Hash  (cost=61283.27..61283.27 rows=2528527 width=4) (actual time=1934.018..1934.018 rows=2528312 loops=1)
                    Buckets: 131072  Batches: 64  Memory Usage: 2425kB
                    ->  Seq Scan on title t  (cost=0.00..61283.27 rows=2528527 width=4) (actual time=0.016..1071.862 rows=2528312 loops=1)
Planning time: 1.172 ms
Execution time: 5319.643 ms
