Seq Scan on movie_keyword mk  (cost=0.00..81003.12 rows=172043 width=0) (actual time=0.030..1223.448 rows=166384 loops=1)
  Filter: (keyword_id > 72324)
  Rows Removed by Filter: 4357546
Planning time: 0.328 ms
Execution time: 1246.056 ms
