Nested Loop  (cost=0.43..447847.04 rows=13202 width=0) (actual time=3996.187..7683.436 rows=30153 loops=1)
  ->  Seq Scan on movie_info mi  (cost=0.00..346232.03 rows=17937 width=4) (actual time=3960.009..5239.736 rows=61128 loops=1)
        Filter: (info_type_id = 103)
        Rows Removed by Filter: 14774592
  ->  Index Scan using title_pkey on title t  (cost=0.43..5.66 rows=1 width=4) (actual time=0.039..0.039 rows=0 loops=61128)
        Index Cond: (id = mi.movie_id)
        Filter: (kind_id > 1)
        Rows Removed by Filter: 1
Planning time: 0.790 ms
Execution time: 7690.711 ms
