Seq Scan on cast_info ci  (cost=0.00..796071.18 rows=276 width=0) (actual time=9947.137..13916.334 rows=139 loops=1)
  Filter: ((role_id < 3) AND (person_id = 343468))
  Rows Removed by Filter: 36244205
Planning time: 0.382 ms
Execution time: 13916.450 ms
