Hash Join  (cost=120769.39..192636.24 rows=62708 width=0) (actual time=3356.688..3846.546 rows=64302 loops=1)
  Hash Cond: (mc.movie_id = t.id)
  ->  Seq Scan on movie_companies mc  (cost=0.00..57926.93 rows=1102622 width=4) (actual time=0.017..1242.804 rows=1274246 loops=1)
        Filter: ((company_id < 86349) AND (company_type_id = 1))
        Rows Removed by Filter: 1334883
  ->  Hash  (cost=118409.87..118409.87 rows=143802 width=8) (actual time=2172.133..2172.133 rows=52857 loops=1)
        Buckets: 131072  Batches: 2  Memory Usage: 2059kB
        ->  Hash Join  (cost=78249.37..118409.87 rows=143802 width=8) (actual time=1086.101..2153.138 rows=52857 loops=1)
              Hash Cond: (mi_idx.movie_id = t.id)
              ->  Seq Scan on movie_info_idx mi_idx  (cost=0.00..21735.35 rows=1380035 width=4) (actual time=0.025..460.375 rows=1380035 loops=1)
              ->  Hash  (cost=73925.90..73925.90 rows=263477 width=4) (actual time=1084.477..1084.477 rows=153864 loops=1)
                    Buckets: 131072  Batches: 4  Memory Usage: 2376kB
                    ->  Seq Scan on title t  (cost=0.00..73925.90 rows=263477 width=4) (actual time=0.028..1031.455 rows=153864 loops=1)
                          Filter: ((production_year < 1974) AND (kind_id = 7))
                          Rows Removed by Filter: 2374448
Planning time: 5.448 ms
Execution time: 3855.002 ms
