Seq Scan on title t  (cost=0.00..73925.90 rows=26669 width=0) (actual time=138.392..1097.137 rows=67516 loops=1)
  Filter: ((kind_id < 7) AND (production_year < 1916))
  Rows Removed by Filter: 2460796
Planning time: 0.334 ms
Execution time: 1106.374 ms
