Seq Scan on title t  (cost=0.00..73925.90 rows=1963 width=0) (actual time=0.026..1089.556 rows=4585 loops=1)
  Filter: ((kind_id = 1) AND (production_year = 1971))
  Rows Removed by Filter: 2523727
Planning time: 0.394 ms
Execution time: 1090.594 ms
