Seq Scan on movie_companies mc  (cost=0.00..57926.93 rows=354897 width=0) (actual time=328.350..891.155 rows=42934 loops=1)
  Filter: ((company_id > 40969) AND (company_type_id = 1))
  Rows Removed by Filter: 2566195
Planning time: 0.449 ms
Execution time: 897.035 ms
