Hash Join  (cost=77062.89..592726.01 rows=3360519 width=0) (actual time=1361.192..16786.270 rows=4792504 loops=1)
  Hash Cond: (mi.movie_id = t.id)
  ->  Seq Scan on movie_info mi  (cost=0.00..309384.22 rows=14739122 width=4) (actual time=0.020..6234.053 rows=14835720 loops=1)
  ->  Hash  (cost=67604.59..67604.59 rows=576504 width=4) (actual time=1360.331..1360.331 rows=568449 loops=1)
        Buckets: 131072  Batches: 8  Memory Usage: 3519kB
        ->  Seq Scan on title t  (cost=0.00..67604.59 rows=576504 width=4) (actual time=0.019..1169.368 rows=568449 loops=1)
              Filter: (production_year < 1984)
              Rows Removed by Filter: 1959863
Planning time: 0.752 ms
Execution time: 17305.403 ms
