Hash Join  (cost=78113.24..435524.27 rows=81737 width=0) (actual time=3397.207..6800.025 rows=49646 loops=1)
  Hash Cond: (mi.movie_id = t.id)
  ->  Seq Scan on movie_info mi  (cost=0.00..346232.03 rows=809768 width=4) (actual time=2078.143..5122.812 rows=802140 loops=1)
        Filter: (info_type_id < 2)
        Rows Removed by Filter: 14033580
  ->  Hash  (cost=73925.90..73925.90 rows=255227 width=4) (actual time=1318.100..1318.100 rows=129573 loops=1)
        Buckets: 131072  Batches: 4  Memory Usage: 2166kB
        ->  Seq Scan on title t  (cost=0.00..73925.90 rows=255227 width=4) (actual time=0.028..1271.812 rows=129573 loops=1)
              Filter: ((kind_id > 3) AND (production_year < 1971))
              Rows Removed by Filter: 2398739
Planning time: 0.841 ms
Execution time: 6805.957 ms
