Hash Join  (cost=83810.17..1265443.12 rows=11926084 width=0) (actual time=1436.618..37441.295 rows=12453509 loops=1)
  Hash Cond: (ci.movie_id = t.id)
  ->  Seq Scan on cast_info ci  (cost=0.00..705507.15 rows=30530122 width=4) (actual time=0.018..16295.260 rows=30629297 loops=1)
        Filter: (person_id > 542554)
        Rows Removed by Filter: 5615047
  ->  Hash  (cost=67604.59..67604.59 rows=987727 width=4) (actual time=1435.612..1435.612 rows=985048 loops=1)
        Buckets: 131072  Batches: 16  Memory Usage: 3188kB
        ->  Seq Scan on title t  (cost=0.00..67604.59 rows=987727 width=4) (actual time=0.021..1153.811 rows=985048 loops=1)
              Filter: (kind_id < 7)
              Rows Removed by Filter: 1543264
Planning time: 0.795 ms
Execution time: 38841.819 ms
