Nested Loop  (cost=0.43..83072.90 rows=48 width=0) (actual time=1.430..1219.577 rows=178 loops=1)
  ->  Seq Scan on movie_keyword mk  (cost=0.00..81003.12 rows=246 width=4) (actual time=1.338..1201.377 rows=569 loops=1)
        Filter: (keyword_id = 2999)
        Rows Removed by Filter: 4523361
  ->  Index Scan using title_pkey on title t  (cost=0.43..8.40 rows=1 width=4) (actual time=0.030..0.031 rows=0 loops=569)
        Index Cond: (id = mk.movie_id)
        Filter: ((kind_id < 7) AND (production_year > 2002))
        Rows Removed by Filter: 1
Planning time: 0.804 ms
Execution time: 1219.801 ms
