Seq Scan on movie_companies mc  (cost=0.00..51404.11 rows=964334 width=0) (actual time=0.497..911.281 rows=974759 loops=1)
  Filter: (company_id > 17537)
  Rows Removed by Filter: 1634370
Planning time: 0.318 ms
Execution time: 1037.977 ms
