Hash Join  (cost=213647.87..1427817.41 rows=17557837 width=0) (actual time=4700.609..46847.997 rows=34182737 loops=1)
  Hash Cond: (ci.movie_id = t.id)
  ->  Seq Scan on cast_info ci  (cost=0.00..614943.12 rows=36225612 width=4) (actual time=0.019..13654.738 rows=36244344 loops=1)
  ->  Hash  (cost=193540.78..193540.78 rows=1225527 width=8) (actual time=4699.273..4699.273 rows=1237269 loops=1)
        Buckets: 131072  Batches: 32  Memory Usage: 2529kB
        ->  Hash Join  (cost=102767.86..193540.78 rows=1225527 width=8) (actual time=1919.140..4333.760 rows=1237269 loops=1)
              Hash Cond: (mc.movie_id = t.id)
              ->  Seq Scan on movie_companies mc  (cost=0.00..51404.11 rows=1225527 width=4) (actual time=0.026..999.210 rows=1237269 loops=1)
                    Filter: (company_id > 11809)
                    Rows Removed by Filter: 1371860
              ->  Hash  (cost=61283.27..61283.27 rows=2528527 width=4) (actual time=1917.196..1917.196 rows=2528312 loops=1)
                    Buckets: 131072  Batches: 64  Memory Usage: 2415kB
                    ->  Seq Scan on title t  (cost=0.00..61283.27 rows=2528527 width=4) (actual time=0.013..1091.170 rows=2528312 loops=1)
Planning time: 1.164 ms
Execution time: 50874.003 ms
