Hash Join  (cost=225739.82..1445653.51 rows=13709049 width=0) (actual time=4775.944..40146.559 rows=27913034 loops=1)
  Hash Cond: (ci.movie_id = t.id)
  ->  Seq Scan on cast_info ci  (cost=0.00..614943.12 rows=36225612 width=4) (actual time=0.019..13475.054 rows=36244344 loops=1)
  ->  Hash  (cost=210040.77..210040.77 rows=956884 width=8) (actual time=4775.182..4775.182 rows=475878 loops=1)
        Buckets: 131072  Batches: 16  Memory Usage: 2233kB
        ->  Hash Join  (cost=76379.89..210040.77 rows=956884 width=8) (actual time=1483.915..4646.755 rows=475878 loops=1)
              Hash Cond: (mk.movie_id = t.id)
              ->  Seq Scan on movie_keyword mk  (cost=0.00..69693.30 rows=4523930 width=4) (actual time=0.014..1317.923 rows=4523930 loops=1)
              ->  Hash  (cost=67604.59..67604.59 rows=534824 width=4) (actual time=1483.007..1483.007 rows=533369 loops=1)
                    Buckets: 131072  Batches: 8  Memory Usage: 3376kB
                    ->  Seq Scan on title t  (cost=0.00..67604.59 rows=534824 width=4) (actual time=0.013..1308.447 rows=533369 loops=1)
                          Filter: (production_year > 2009)
                          Rows Removed by Filter: 1994943
Planning time: 0.881 ms
Execution time: 43235.269 ms
