Hash Join  (cost=102767.86..280618.45 rows=3614244 width=0) (actual time=2127.883..6866.859 rows=3609579 loops=1)
  Hash Cond: (mk.movie_id = t.id)
  ->  Seq Scan on movie_keyword mk  (cost=0.00..81003.12 rows=3614244 width=4) (actual time=0.025..1758.792 rows=3609579 loops=1)
        Filter: (keyword_id > 865)
        Rows Removed by Filter: 914351
  ->  Hash  (cost=61283.27..61283.27 rows=2528527 width=4) (actual time=2126.995..2126.995 rows=2528312 loops=1)
        Buckets: 131072  Batches: 64  Memory Usage: 2425kB
        ->  Seq Scan on title t  (cost=0.00..61283.27 rows=2528527 width=4) (actual time=0.013..1284.222 rows=2528312 loops=1)
Planning time: 0.676 ms
Execution time: 7278.132 ms
