Hash Join  (cost=226579.68..387916.94 rows=2764431 width=0) (actual time=5244.176..13079.295 rows=19388447 loops=1)
  Hash Cond: (mk.movie_id = t.id)
  ->  Seq Scan on movie_keyword mk  (cost=0.00..69693.30 rows=4523930 width=4) (actual time=0.028..1545.683 rows=4523930 loops=1)
  ->  Hash  (cost=201229.89..201229.89 rows=1545103 width=8) (actual time=5242.946..5242.946 rows=1548484 loops=1)
        Buckets: 131072  Batches: 32  Memory Usage: 2962kB
        ->  Hash Join  (cost=102767.86..201229.89 rows=1545103 width=8) (actual time=2147.857..4792.508 rows=1548484 loops=1)
              Hash Cond: (mc.movie_id = t.id)
              ->  Seq Scan on movie_companies mc  (cost=0.00..51404.11 rows=1545103 width=4) (actual time=0.016..1004.672 rows=1548484 loops=1)
                    Filter: (company_id > 6327)
                    Rows Removed by Filter: 1060645
              ->  Hash  (cost=61283.27..61283.27 rows=2528527 width=4) (actual time=2147.015..2147.015 rows=2528312 loops=1)
                    Buckets: 131072  Batches: 64  Memory Usage: 2415kB
                    ->  Seq Scan on title t  (cost=0.00..61283.27 rows=2528527 width=4) (actual time=0.024..1177.489 rows=2528312 loops=1)
Planning time: 1.088 ms
Execution time: 15130.526 ms
