Seq Scan on movie_keyword mk  (cost=0.00..81003.12 rows=1604106 width=0) (actual time=0.024..1468.342 rows=1616076 loops=1)
  Filter: (keyword_id > 9343)
  Rows Removed by Filter: 2907854
Planning time: 0.945 ms
Execution time: 1669.601 ms
