Hash Join  (cost=170774.53..1119730.85 rows=3802387 width=0) (actual time=6272.333..23434.120 rows=5317960 loops=1)
  Hash Cond: (ci.movie_id = t.id)
  ->  Seq Scan on cast_info ci  (cost=0.00..796071.18 rows=9595274 width=4) (actual time=2221.429..14675.083 rows=5376604 loops=1)
        Filter: ((person_id < 2156251) AND (role_id > 2))
        Rows Removed by Filter: 30867740
  ->  Hash  (cost=154334.57..154334.57 rows=1001997 width=8) (actual time=4049.899..4049.899 rows=975233 loops=1)
        Buckets: 131072  Batches: 16  Memory Usage: 3408kB
        ->  Hash Join  (cost=97725.07..154334.57 rows=1001997 width=8) (actual time=2017.315..3767.461 rows=975233 loops=1)
              Hash Cond: (mi_idx.movie_id = t.id)
              ->  Seq Scan on movie_info_idx mi_idx  (cost=0.00..21735.35 rows=1380035 width=4) (actual time=0.028..489.104 rows=1380035 loops=1)
              ->  Hash  (cost=67604.59..67604.59 rows=1835879 width=4) (actual time=2015.654..2015.654 rows=1833367 loops=1)
                    Buckets: 131072  Batches: 32  Memory Usage: 3045kB
                    ->  Seq Scan on title t  (cost=0.00..67604.59 rows=1835879 width=4) (actual time=0.023..1371.488 rows=1833367 loops=1)
                          Filter: (production_year > 1986)
                          Rows Removed by Filter: 694945
Planning time: 1.140 ms
Execution time: 24023.060 ms
