Seq Scan on cast_info ci  (cost=0.00..796071.18 rows=330948 width=0) (actual time=9640.516..15469.043 rows=309112 loops=1)
  Filter: ((person_id > 189642) AND (role_id > 10))
  Rows Removed by Filter: 35935232
Planning time: 1.479 ms
Execution time: 15506.254 ms
