Hash Join  (cost=182341.24..609068.33 rows=1054048 width=0) (actual time=3773.379..13172.407 rows=2485767 loops=1)
  Hash Cond: (mi.movie_id = t.id)
  ->  Seq Scan on movie_info mi  (cost=0.00..346232.03 rows=5897221 width=4) (actual time=0.019..6042.288 rows=5884963 loops=1)
        Filter: (info_type_id < 7)
        Rows Removed by Filter: 8950757
  ->  Hash  (cost=174925.99..174925.99 rows=451940 width=8) (actual time=3772.692..3772.692 rows=454423 loops=1)
        Buckets: 131072  Batches: 8  Memory Usage: 3266kB
        ->  Hash Join  (cost=102767.86..174925.99 rows=451940 width=8) (actual time=2036.208..3627.331 rows=454423 loops=1)
              Hash Cond: (mc.movie_id = t.id)
              ->  Seq Scan on movie_companies mc  (cost=0.00..51404.11 rows=451940 width=4) (actual time=140.679..899.097 rows=454423 loops=1)
                    Filter: (company_id > 76907)
                    Rows Removed by Filter: 2154706
              ->  Hash  (cost=61283.27..61283.27 rows=2528527 width=4) (actual time=1894.039..1894.039 rows=2528312 loops=1)
                    Buckets: 131072  Batches: 64  Memory Usage: 2415kB
                    ->  Seq Scan on title t  (cost=0.00..61283.27 rows=2528527 width=4) (actual time=0.022..1095.612 rows=2528312 loops=1)
Planning time: 0.711 ms
Execution time: 13437.299 ms
