Seq Scan on movie_keyword mk  (cost=0.00..81003.12 rows=246 width=0) (actual time=1.076..949.358 rows=2713 loops=1)
  Filter: (keyword_id = 2197)
  Rows Removed by Filter: 4521217
Planning time: 0.355 ms
Execution time: 950.061 ms
