Seq Scan on movie_companies mc  (cost=0.00..51404.11 rows=104 width=0) (actual time=17.381..839.316 rows=8 loops=1)
  Filter: (company_id = 117919)
  Rows Removed by Filter: 2609121
Planning time: 0.353 ms
Execution time: 839.383 ms
