Hash Join  (cost=87880.14..123269.80 rows=155055 width=0) (actual time=1393.440..2286.969 rows=271699 loops=1)
  Hash Cond: (mi_idx.movie_id = t.id)
  ->  Seq Scan on movie_info_idx mi_idx  (cost=0.00..25185.44 rows=460978 width=4) (actual time=0.018..458.443 rows=459925 loops=1)
        Filter: (info_type_id < 100)
        Rows Removed by Filter: 920110
  ->  Hash  (cost=73925.90..73925.90 rows=850499 width=4) (actual time=1392.072..1392.072 rows=765361 loops=1)
        Buckets: 131072  Batches: 16  Memory Usage: 2709kB
        ->  Seq Scan on title t  (cost=0.00..73925.90 rows=850499 width=4) (actual time=0.013..1159.503 rows=765361 loops=1)
              Filter: ((kind_id < 7) AND (production_year > 1963))
              Rows Removed by Filter: 1762951
Planning time: 0.818 ms
Execution time: 2316.014 ms
