Hash Join  (cost=152319.20..288265.35 rows=1144511 width=0) (actual time=3229.708..6601.504 rows=872088 loops=1)
  Hash Cond: (mk.movie_id = t.id)
  ->  Seq Scan on movie_keyword mk  (cost=0.00..69693.30 rows=4523930 width=4) (actual time=0.020..1419.839 rows=4523930 loops=1)
  ->  Hash  (cost=141824.04..141824.04 rows=639693 width=8) (actual time=3138.557..3138.557 rows=349320 loops=1)
        Buckets: 131072  Batches: 16  Memory Usage: 1884kB
        ->  Hash Join  (cost=93155.63..141824.04 rows=639693 width=8) (actual time=2075.986..3031.193 rows=349320 loops=1)
              Hash Cond: (mi_idx.movie_id = t.id)
              ->  Seq Scan on movie_info_idx mi_idx  (cost=0.00..21735.35 rows=1380035 width=4) (actual time=0.025..434.490 rows=1380035 loops=1)
              ->  Hash  (cost=73925.90..73925.90 rows=1172058 width=4) (actual time=1692.891..1692.891 rows=1128906 loops=1)
                    Buckets: 131072  Batches: 16  Memory Usage: 3503kB
                    ->  Seq Scan on title t  (cost=0.00..73925.90 rows=1172058 width=4) (actual time=195.441..1355.245 rows=1128906 loops=1)
                          Filter: ((production_year < 2010) AND (kind_id = 7))
                          Rows Removed by Filter: 1399406
Planning time: 1.118 ms
Execution time: 6699.460 ms
