Seq Scan on cast_info ci  (cost=0.00..796071.18 rows=435 width=0) (actual time=4853.327..13592.648 rows=177 loops=1)
  Filter: ((role_id < 10) AND (person_id = 2712581))
  Rows Removed by Filter: 36244167
Planning time: 0.264 ms
Execution time: 13592.772 ms
