Seq Scan on cast_info ci  (cost=0.00..705507.15 rows=25731697 width=0) (actual time=0.024..13519.963 rows=25740404 loops=1)
  Filter: (person_id < 2659368)
  Rows Removed by Filter: 10503940
Planning time: 0.289 ms
Execution time: 16716.570 ms
