Hash Join  (cost=84090.98..124521.18 rows=224213 width=0) (actual time=1372.192..2507.285 rows=360192 loops=1)
  Hash Cond: (mi_idx.movie_id = t.id)
  ->  Seq Scan on movie_info_idx mi_idx  (cost=0.00..25185.44 rows=915101 width=4) (actual time=0.016..522.953 rows=919850 loops=1)
        Filter: (info_type_id < 101)
        Rows Removed by Filter: 460185
  ->  Hash  (cost=73925.90..73925.90 rows=619526 width=4) (actual time=1370.811..1370.811 rows=487901 loops=1)
        Buckets: 131072  Batches: 16  Memory Usage: 2091kB
        ->  Seq Scan on title t  (cost=0.00..73925.90 rows=619526 width=4) (actual time=0.030..1215.149 rows=487901 loops=1)
              Filter: ((kind_id < 4) AND (production_year > 1987))
              Rows Removed by Filter: 2040411
Planning time: 0.735 ms
Execution time: 2552.567 ms
