Seq Scan on movie_keyword mk  (cost=0.00..81003.12 rows=1711508 width=0) (actual time=0.025..1533.512 rows=1717706 loops=1)
  Filter: (keyword_id > 8269)
  Rows Removed by Filter: 2806224
Planning time: 0.305 ms
Execution time: 1746.771 ms
