Seq Scan on movie_companies mc  (cost=0.00..51404.11 rows=2093212 width=0) (actual time=0.026..1031.372 rows=2092401 loops=1)
  Filter: (company_id > 474)
  Rows Removed by Filter: 516728
Planning time: 0.317 ms
Execution time: 1288.016 ms
