Seq Scan on title t  (cost=0.00..73925.90 rows=8111 width=0) (actual time=0.118..1199.486 rows=6402 loops=1)
  Filter: ((kind_id < 3) AND (production_year = 1993))
  Rows Removed by Filter: 2521910
Planning time: 0.324 ms
Execution time: 1201.199 ms
