Hash Join  (cost=106632.14..161725.42 rows=42775 width=0) (actual time=1752.719..3126.076 rows=115126 loops=1)
  Hash Cond: (mc.movie_id = t.id)
  ->  Seq Scan on movie_companies mc  (cost=0.00..44881.29 rows=2609129 width=4) (actual time=0.028..654.346 rows=2609129 loops=1)
  ->  Hash  (cost=106113.97..106113.97 rows=41454 width=8) (actual time=1752.273..1752.273 rows=55700 loops=1)
        Buckets: 65536  Batches: 1  Memory Usage: 2688kB
        ->  Hash Join  (cost=69484.36..106113.97 rows=41454 width=8) (actual time=897.299..1735.860 rows=55700 loops=1)
              Hash Cond: (mi_idx.movie_id = t.id)
              ->  Seq Scan on movie_info_idx mi_idx  (cost=0.00..25185.44 rows=915101 width=4) (actual time=0.019..512.104 rows=919850 loops=1)
                    Filter: (info_type_id < 101)
                    Rows Removed by Filter: 460185
              ->  Hash  (cost=67604.59..67604.59 rows=114542 width=4) (actual time=896.521..896.521 rows=118234 loops=1)
                    Buckets: 131072  Batches: 2  Memory Usage: 3101kB
                    ->  Seq Scan on title t  (cost=0.00..67604.59 rows=114542 width=4) (actual time=0.025..857.847 rows=118234 loops=1)
                          Filter: (kind_id = 4)
                          Rows Removed by Filter: 2410078
Planning time: 1.119 ms
Execution time: 3141.664 ms
