Seq Scan on movie_keyword mk  (cost=0.00..81003.12 rows=4113884 width=0) (actual time=0.023..1556.643 rows=4118973 loops=1)
  Filter: (keyword_id < 42905)
  Rows Removed by Filter: 404957
Planning time: 0.362 ms
Execution time: 2054.267 ms
