Hash Join  (cost=70241.71..905334.25 rows=200068 width=0) (actual time=3567.235..15321.479 rows=217503 loops=1)
  Hash Cond: (ci.movie_id = t.id)
  ->  Seq Scan on cast_info ci  (cost=0.00..796071.18 rows=3147381 width=4) (actual time=2539.301..12077.034 rows=3708470 loops=1)
        Filter: ((person_id < 449460) AND (role_id < 4))
        Rows Removed by Filter: 32535874
  ->  Hash  (cost=67604.59..67604.59 rows=160730 width=4) (actual time=1026.767..1026.767 rows=160017 loops=1)
        Buckets: 131072  Batches: 4  Memory Usage: 2436kB
        ->  Seq Scan on title t  (cost=0.00..67604.59 rows=160730 width=4) (actual time=0.026..973.703 rows=160017 loops=1)
              Filter: (production_year = 2011)
              Rows Removed by Filter: 2368295
Planning time: 0.668 ms
Execution time: 15348.477 ms
