Seq Scan on title t  (cost=0.00..73925.90 rows=2905 width=0) (actual time=4.214..702.718 rows=5239 loops=1)
  Filter: ((kind_id < 7) AND (production_year = 1965))
  Rows Removed by Filter: 2523073
Planning time: 0.399 ms
Execution time: 703.601 ms
