Seq Scan on cast_info ci  (cost=0.00..705507.15 rows=34051384 width=0) (actual time=0.018..13359.923 rows=34032523 loops=1)
  Filter: (person_id < 3629547)
  Rows Removed by Filter: 2211821
Planning time: 0.233 ms
Execution time: 17545.533 ms
