Hash Join  (cost=99591.38..157265.89 rows=1064099 width=0) (actual time=1925.117..3621.345 rows=1061443 loops=1)
  Hash Cond: (mi_idx.movie_id = t.id)
  ->  Seq Scan on movie_info_idx mi_idx  (cost=0.00..21735.35 rows=1380035 width=4) (actual time=0.020..402.169 rows=1380035 loops=1)
  ->  Hash  (cost=67604.59..67604.59 rows=1949663 width=4) (actual time=1923.640..1923.640 rows=1947263 loops=1)
        Buckets: 131072  Batches: 32  Memory Usage: 3171kB
        ->  Seq Scan on title t  (cost=0.00..67604.59 rows=1949663 width=4) (actual time=0.017..1311.472 rows=1947263 loops=1)
              Filter: (production_year > 1979)
              Rows Removed by Filter: 581049
Planning time: 0.732 ms
Execution time: 3745.192 ms
