Hash Join  (cost=132149.25..627389.48 rows=1446431 width=0) (actual time=2922.688..16799.104 rows=4708401 loops=1)
  Hash Cond: (mi.movie_id = t.id)
  ->  Seq Scan on movie_info mi  (cost=0.00..309384.22 rows=14739122 width=4) (actual time=0.029..5972.215 rows=14835720 loops=1)
  ->  Hash  (cost=128077.53..128077.53 rows=248138 width=8) (actual time=2921.985..2921.985 rows=297009 loops=1)
        Buckets: 131072  Batches: 4  Memory Usage: 3938kB
        ->  Hash Join  (cost=89762.59..128077.53 rows=248138 width=8) (actual time=1776.430..2826.158 rows=297009 loops=1)
              Hash Cond: (mi_idx.movie_id = t.id)
              ->  Seq Scan on movie_info_idx mi_idx  (cost=0.00..25185.44 rows=464566 width=4) (actual time=0.024..467.407 rows=459925 loops=1)
                    Filter: (info_type_id = 101)
                    Rows Removed by Filter: 920110
              ->  Hash  (cost=67604.59..67604.59 rows=1350560 width=4) (actual time=1775.396..1775.396 rows=1348293 loops=1)
                    Buckets: 131072  Batches: 32  Memory Usage: 2505kB
                    ->  Seq Scan on title t  (cost=0.00..67604.59 rows=1350560 width=4) (actual time=0.020..1323.690 rows=1348293 loops=1)
                          Filter: (production_year < 2005)
                          Rows Removed by Filter: 1180019
Planning time: 1.233 ms
Execution time: 17303.028 ms
