Hash Join  (cost=75533.21..1062241.37 rows=910269 width=0) (actual time=2168.298..26699.430 rows=1187754 loops=1)
  Hash Cond: (ci.movie_id = t.id)
  ->  Seq Scan on cast_info ci  (cost=0.00..705507.15 rows=23499554 width=4) (actual time=675.502..15894.853 rows=23573656 loops=1)
        Filter: (role_id > 1)
        Rows Removed by Filter: 12670688
  ->  Hash  (cost=73925.90..73925.90 rows=97944 width=4) (actual time=1245.545..1245.545 rows=106247 loops=1)
        Buckets: 131072  Batches: 2  Memory Usage: 2890kB
        ->  Seq Scan on title t  (cost=0.00..73925.90 rows=97944 width=4) (actual time=184.635..1177.532 rows=106247 loops=1)
              Filter: ((kind_id = 7) AND (production_year = 2011))
              Rows Removed by Filter: 2422065
Planning time: 1.644 ms
Execution time: 26853.776 ms
