Hash Join  (cost=68438.72..851654.48 rows=510930 width=0) (actual time=1064.681..19765.067 rows=495750 loops=1)
  Hash Cond: (ci.movie_id = t.id)
  ->  Seq Scan on cast_info ci  (cost=0.00..705507.15 rows=19359814 width=4) (actual time=0.018..12730.138 rows=19270601 loops=1)
        Filter: (person_id < 1925908)
        Rows Removed by Filter: 16973743
  ->  Hash  (cost=67604.59..67604.59 rows=66731 width=4) (actual time=1064.005..1064.005 rows=67342 loops=1)
        Buckets: 131072  Batches: 1  Memory Usage: 3392kB
        ->  Seq Scan on title t  (cost=0.00..67604.59 rows=66731 width=4) (actual time=0.021..1035.394 rows=67342 loops=1)
              Filter: (production_year > 2012)
              Rows Removed by Filter: 2460970
Planning time: 0.740 ms
Execution time: 19838.001 ms
