Hash Join  (cost=190566.47..701100.71 rows=2879831 width=0) (actual time=4883.950..25319.689 rows=24855202 loops=1)
  Hash Cond: (mi.movie_id = t.id)
  ->  Seq Scan on movie_info mi  (cost=0.00..309384.22 rows=14739122 width=4) (actual time=0.023..5924.948 rows=14835720 loops=1)
  ->  Hash  (cost=182460.96..182460.96 rows=494041 width=8) (actual time=4882.888..4882.888 rows=703358 loops=1)
        Buckets: 131072 (originally 131072)  Batches: 16 (originally 8)  Memory Usage: 3073kB
        ->  Hash Join  (cost=102767.86..182460.96 rows=494041 width=8) (actual time=2632.323..4651.233 rows=703358 loops=1)
              Hash Cond: (mc.movie_id = t.id)
              ->  Seq Scan on movie_companies mc  (cost=0.00..57926.93 rows=494041 width=4) (actual time=0.024..971.235 rows=703358 loops=1)
                    Filter: ((company_id < 4953) AND (company_type_id = 1))
                    Rows Removed by Filter: 1905771
              ->  Hash  (cost=61283.27..61283.27 rows=2528527 width=4) (actual time=2631.391..2631.391 rows=2528312 loops=1)
                    Buckets: 131072  Batches: 64  Memory Usage: 2415kB
                    ->  Seq Scan on title t  (cost=0.00..61283.27 rows=2528527 width=4) (actual time=0.027..1097.136 rows=2528312 loops=1)
Planning time: 1.161 ms
Execution time: 28342.962 ms
