Seq Scan on cast_info ci  (cost=0.00..705507.15 rows=26757444 width=42) (actual time=0.020..16996.990 rows=26859641 loops=1)
  Filter: (role_id < 5)
  Rows Removed by Filter: 9384703
Planning time: 0.400 ms
Execution time: 18526.670 ms
