Hash Join  (cost=437895.68..1176949.33 rows=161889 width=0) (actual time=8973.908..22293.803 rows=332856 loops=1)
  Hash Cond: (ci.movie_id = t.id)
  ->  Seq Scan on cast_info ci  (cost=0.00..705507.15 rows=8514032 width=4) (actual time=1473.198..11278.457 rows=8399389 loops=1)
        Filter: (person_id < 823736)
        Rows Removed by Filter: 27844955
  ->  Hash  (cost=437294.70..437294.70 rows=48078 width=8) (actual time=7497.442..7497.442 rows=120908 loops=1)
        Buckets: 131072 (originally 65536)  Batches: 2 (originally 1)  Memory Usage: 3381kB
        ->  Hash Join  (cost=75494.10..437294.70 rows=48078 width=8) (actual time=6106.413..7457.938 rows=120908 loops=1)
              Hash Cond: (mi.movie_id = t.id)
              ->  Seq Scan on movie_info mi  (cost=0.00..346232.03 rows=1272478 width=4) (actual time=4746.626..5780.967 rows=1325361 loops=1)
                    Filter: (info_type_id = 8)
                    Rows Removed by Filter: 13510359
              ->  Hash  (cost=73925.90..73925.90 rows=95536 width=4) (actual time=1094.035..1094.035 rows=117911 loops=1)
                    Buckets: 131072  Batches: 2  Memory Usage: 3101kB
                    ->  Seq Scan on title t  (cost=0.00..73925.90 rows=95536 width=4) (actual time=0.027..1035.843 rows=117911 loops=1)
                          Filter: ((production_year > 1968) AND (kind_id = 4))
                          Rows Removed by Filter: 2410401
Planning time: 1.180 ms
Execution time: 22338.702 ms
