Hash Join  (cost=156487.41..228486.17 rows=167123 width=0) (actual time=3534.118..4840.722 rows=245449 loops=1)
  Hash Cond: (mc.movie_id = t.id)
  ->  Seq Scan on movie_companies mc  (cost=0.00..57926.93 rows=916692 width=4) (actual time=191.713..1056.107 rows=596784 loops=1)
        Filter: ((company_id < 28411) AND (company_type_id > 1))
        Rows Removed by Filter: 2012345
  ->  Hash  (cost=148924.19..148924.19 rows=460978 width=8) (actual time=3341.560..3341.560 rows=459925 loops=1)
        Buckets: 131072  Batches: 8  Memory Usage: 3275kB
        ->  Hash Join  (cost=102767.86..148924.19 rows=460978 width=8) (actual time=1901.326..3201.341 rows=459925 loops=1)
              Hash Cond: (mi_idx.movie_id = t.id)
              ->  Seq Scan on movie_info_idx mi_idx  (cost=0.00..25185.44 rows=460978 width=4) (actual time=0.034..478.816 rows=459925 loops=1)
                    Filter: (info_type_id = 99)
                    Rows Removed by Filter: 920110
              ->  Hash  (cost=61283.27..61283.27 rows=2528527 width=4) (actual time=1900.154..1900.154 rows=2528312 loops=1)
                    Buckets: 131072  Batches: 64  Memory Usage: 2415kB
                    ->  Seq Scan on title t  (cost=0.00..61283.27 rows=2528527 width=4) (actual time=0.018..1033.121 rows=2528312 loops=1)
Planning time: 1.134 ms
Execution time: 4870.954 ms
