Hash Join  (cost=935388.60..1306158.31 rows=403994 width=0) (actual time=21573.082..24021.225 rows=854902 loops=1)
  Hash Cond: (mi.movie_id = t.id)
  ->  Seq Scan on movie_info mi  (cost=0.00..346232.03 rows=1550064 width=4) (actual time=4020.756..5392.129 rows=1533909 loops=1)
        Filter: (info_type_id = 3)
        Rows Removed by Filter: 13301811
  ->  Hash  (cost=924575.97..924575.97 rows=659011 width=8) (actual time=17551.332..17551.332 rows=773155 loops=1)
        Buckets: 131072  Batches: 16  Memory Usage: 2917kB
        ->  Hash Join  (cost=102767.86..924575.97 rows=659011 width=8) (actual time=5078.326..17321.971 rows=773155 loops=1)
              Hash Cond: (ci.movie_id = t.id)
              ->  Seq Scan on cast_info ci  (cost=0.00..796071.18 rows=659011 width=4) (actual time=3201.801..14401.983 rows=773155 loops=1)
                    Filter: ((person_id > 925335) AND (role_id = 5))
                    Rows Removed by Filter: 35471189
              ->  Hash  (cost=61283.27..61283.27 rows=2528527 width=4) (actual time=1875.572..1875.572 rows=2528312 loops=1)
                    Buckets: 131072  Batches: 64  Memory Usage: 2415kB
                    ->  Seq Scan on title t  (cost=0.00..61283.27 rows=2528527 width=4) (actual time=0.024..1034.016 rows=2528312 loops=1)
Planning time: 1.198 ms
Execution time: 24118.353 ms
