Seq Scan on cast_info ci  (cost=0.00..796071.18 rows=324 width=0) (actual time=10287.949..14607.783 rows=33 loops=1)
  Filter: ((role_id > 1) AND (person_id = 1383052))
  Rows Removed by Filter: 36244311
Planning time: 0.415 ms
Execution time: 14607.892 ms
