Nested Loop  (cost=0.43..83072.29 rows=151 width=0) (actual time=17.155..1333.832 rows=303 loops=1)
  ->  Seq Scan on movie_keyword mk  (cost=0.00..81003.12 rows=246 width=4) (actual time=3.303..1234.315 rows=2373 loops=1)
        Filter: (keyword_id = 7633)
        Rows Removed by Filter: 4521557
  ->  Index Scan using title_pkey on title t  (cost=0.43..8.40 rows=1 width=4) (actual time=0.041..0.041 rows=0 loops=2373)
        Index Cond: (id = mk.movie_id)
        Filter: (kind_id > 4)
        Rows Removed by Filter: 1
Planning time: 0.732 ms
Execution time: 1334.094 ms
