Seq Scan on cast_info ci  (cost=0.00..705507.15 rows=996852 width=0) (actual time=655.244..10661.149 rows=869455 loops=1)
  Filter: (person_id < 91370)
  Rows Removed by Filter: 35374889
Planning time: 0.314 ms
Execution time: 10770.742 ms
