Nested Loop  (cost=0.43..709671.90 rows=500 width=0) (actual time=4993.196..11000.378 rows=31 loops=1)
  ->  Seq Scan on cast_info ci  (cost=0.00..705507.15 rows=500 width=4) (actual time=4993.081..10999.450 rows=31 loops=1)
        Filter: (person_id = 1625563)
        Rows Removed by Filter: 36244313
  ->  Index Only Scan using title_pkey on title t  (cost=0.43..8.32 rows=1 width=4) (actual time=0.026..0.027 rows=1 loops=31)
        Index Cond: (id = ci.movie_id)
        Heap Fetches: 31
Planning time: 0.785 ms
Execution time: 11000.465 ms
