Hash Join  (cost=88295.76..537056.49 rows=2941312 width=0) (actual time=4723.123..11875.457 rows=2510207 loops=1)
  Hash Cond: (mi.movie_id = t.id)
  ->  Seq Scan on movie_info mi  (cost=0.00..346232.03 rows=5897221 width=4) (actual time=2734.239..6122.944 rows=5884963 loops=1)
        Filter: (info_type_id < 7)
        Rows Removed by Filter: 8950757
  ->  Hash  (cost=67604.59..67604.59 rows=1261134 width=4) (actual time=1986.478..1986.478 rows=1260295 loops=1)
        Buckets: 131072  Batches: 32  Memory Usage: 2420kB
        ->  Seq Scan on title t  (cost=0.00..67604.59 rows=1261134 width=4) (actual time=0.029..1283.228 rows=1260295 loops=1)
              Filter: (production_year > 2002)
              Rows Removed by Filter: 1268017
Planning time: 0.721 ms
Execution time: 12144.015 ms
