Seq Scan on movie_companies mc  (cost=0.00..51404.11 rows=104 width=0) (actual time=49.914..797.137 rows=23 loops=1)
  Filter: (company_id = 11501)
  Rows Removed by Filter: 2609106
Planning time: 0.355 ms
Execution time: 797.235 ms
