Hash Join  (cost=182635.14..265303.90 rows=147553 width=0) (actual time=3732.575..5255.705 rows=54270 loops=1)
  Hash Cond: (mc.movie_id = t.id)
  ->  Seq Scan on movie_companies mc  (cost=0.00..51404.11 rows=2526432 width=4) (actual time=0.036..1128.681 rows=2526470 loops=1)
        Filter: (company_id < 168329)
        Rows Removed by Filter: 82659
  ->  Hash  (cost=180212.20..180212.20 rows=147675 width=8) (actual time=3302.174..3302.174 rows=22950 loops=1)
        Buckets: 131072  Batches: 2  Memory Usage: 1478kB
        ->  Hash Join  (cost=89472.60..180212.20 rows=147675 width=8) (actual time=1632.459..3294.474 rows=22950 loops=1)
              Hash Cond: (mk.movie_id = t.id)
              ->  Seq Scan on movie_keyword mk  (cost=0.00..81003.12 rows=394058 width=4) (actual time=0.040..1350.400 rows=389670 loops=1)
                    Filter: (keyword_id > 44144)
                    Rows Removed by Filter: 4134260
              ->  Hash  (cost=73925.90..73925.90 rows=947576 width=4) (actual time=1631.328..1631.328 rows=876037 loops=1)
                    Buckets: 131072  Batches: 16  Memory Usage: 2955kB
                    ->  Seq Scan on title t  (cost=0.00..73925.90 rows=947576 width=4) (actual time=0.019..1347.864 rows=876037 loops=1)
                          Filter: ((production_year < 2007) AND (kind_id = 7))
                          Rows Removed by Filter: 1652275
Planning time: 1.151 ms
Execution time: 5262.658 ms
