Hash Join  (cost=797960.46..852628.29 rows=231 width=0) (actual time=13787.471..14975.775 rows=668 loops=1)
  Hash Cond: (mc.movie_id = t.id)
  ->  Seq Scan on movie_companies mc  (cost=0.00..44881.29 rows=2609129 width=4) (actual time=0.020..703.436 rows=2609129 loops=1)
  ->  Hash  (cost=797957.66..797957.66 rows=224 width=8) (actual time=13782.476..13782.476 rows=883 loops=1)
        Buckets: 1024  Batches: 1  Memory Usage: 43kB
        ->  Nested Loop  (cost=0.43..797957.66 rows=224 width=8) (actual time=2601.789..13782.065 rows=883 loops=1)
              ->  Seq Scan on cast_info ci  (cost=0.00..796071.18 rows=224 width=4) (actual time=2601.584..13770.692 rows=883 loops=1)
                    Filter: ((role_id > 2) AND (person_id = 1134084))
                    Rows Removed by Filter: 36243461
              ->  Index Only Scan using title_pkey on title t  (cost=0.43..8.41 rows=1 width=4) (actual time=0.012..0.012 rows=1 loops=883)
                    Index Cond: (id = ci.movie_id)
                    Heap Fetches: 883
Planning time: 2.830 ms
Execution time: 14976.018 ms
