Nested Loop  (cost=0.43..83072.29 rows=239 width=0) (actual time=8.369..1320.253 rows=114 loops=1)
  ->  Seq Scan on movie_keyword mk  (cost=0.00..81003.12 rows=246 width=4) (actual time=8.316..1316.151 rows=114 loops=1)
        Filter: (keyword_id = 50942)
        Rows Removed by Filter: 4523816
  ->  Index Scan using title_pkey on title t  (cost=0.43..8.40 rows=1 width=4) (actual time=0.031..0.032 rows=1 loops=114)
        Index Cond: (id = mk.movie_id)
        Filter: (production_year > 0)
Planning time: 0.859 ms
Execution time: 1320.472 ms
