Hash Join  (cost=106334.30..473158.14 rows=216792 width=0) (actual time=1888.529..10651.981 rows=816820 loops=1)
  Hash Cond: (mi.movie_id = t.id)
  ->  Seq Scan on movie_info mi  (cost=0.00..309384.22 rows=14739122 width=4) (actual time=0.019..4492.888 rows=14835720 loops=1)
  ->  Hash  (cost=105869.41..105869.41 rows=37191 width=8) (actual time=1888.137..1888.137 rows=74098 loops=1)
        Buckets: 131072 (originally 65536)  Batches: 1 (originally 1)  Memory Usage: 3919kB
        ->  Hash Join  (cost=69283.60..105869.41 rows=37191 width=8) (actual time=946.489..1861.930 rows=74098 loops=1)
              Hash Cond: (mi_idx.movie_id = t.id)
              ->  Seq Scan on movie_info_idx mi_idx  (cost=0.00..25185.44 rows=919057 width=4) (actual time=0.019..584.632 rows=920110 loops=1)
                    Filter: (info_type_id > 99)
                    Rows Removed by Filter: 459925
              ->  Hash  (cost=67604.59..67604.59 rows=102321 width=4) (actual time=945.606..945.606 rows=100537 loops=1)
                    Buckets: 131072  Batches: 2  Memory Usage: 2797kB
                    ->  Seq Scan on title t  (cost=0.00..67604.59 rows=102321 width=4) (actual time=271.280..911.968 rows=100537 loops=1)
                          Filter: (kind_id = 3)
                          Rows Removed by Filter: 2427775
Planning time: 1.150 ms
Execution time: 10763.036 ms
