Seq Scan on movie_keyword mk  (cost=0.00..81003.12 rows=246 width=0) (actual time=1.429..1295.565 rows=237 loops=1)
  Filter: (keyword_id = 3782)
  Rows Removed by Filter: 4523693
Planning time: 0.369 ms
Execution time: 1295.796 ms
