Seq Scan on movie_keyword mk  (cost=0.00..81003.12 rows=3110451 width=0) (actual time=0.020..1539.942 rows=3091855 loops=1)
  Filter: (keyword_id > 1969)
  Rows Removed by Filter: 1432075
Planning time: 0.339 ms
Execution time: 1927.415 ms
