Hash Join  (cost=153149.90..180100.05 rows=3967 width=0) (actual time=2416.376..2947.674 rows=13180 loops=1)
  Hash Cond: (mi_idx.movie_id = t.id)
  ->  Seq Scan on movie_info_idx mi_idx  (cost=0.00..21735.35 rows=1380035 width=4) (actual time=0.014..276.756 rows=1380035 loops=1)
  ->  Hash  (cost=153059.05..153059.05 rows=7268 width=8) (actual time=2416.217..2416.217 rows=5509 loops=1)
        Buckets: 8192  Batches: 1  Memory Usage: 280kB
        ->  Hash Join  (cost=69928.56..153059.05 rows=7268 width=8) (actual time=1055.529..2414.037 rows=5509 loops=1)
              Hash Cond: (mk.movie_id = t.id)
              ->  Seq Scan on movie_keyword mk  (cost=0.00..81003.12 rows=129781 width=4) (actual time=0.029..1298.699 rows=126316 loops=1)
                    Filter: (keyword_id > 76962)
                    Rows Removed by Filter: 4397614
              ->  Hash  (cost=67604.59..67604.59 rows=141598 width=4) (actual time=1054.177..1054.177 rows=141703 loops=1)
                    Buckets: 131072  Batches: 2  Memory Usage: 3517kB
                    ->  Seq Scan on title t  (cost=0.00..67604.59 rows=141598 width=4) (actual time=0.022..994.366 rows=141703 loops=1)
                          Filter: (production_year = 2010)
                          Rows Removed by Filter: 2386609
Planning time: 1.180 ms
Execution time: 2949.442 ms
