Hash Join  (cost=171026.46..661551.73 rows=1004535 width=0) (actual time=3357.999..16828.277 rows=2990425 loops=1)
  Hash Cond: (mi.movie_id = t.id)
  ->  Seq Scan on movie_info mi  (cost=0.00..309384.22 rows=14739122 width=4) (actual time=0.011..5524.537 rows=14835720 loops=1)
  ->  Hash  (cost=168198.33..168198.33 rows=172330 width=8) (actual time=3357.237..3357.237 rows=171669 loops=1)
        Buckets: 131072  Batches: 4  Memory Usage: 2712kB
        ->  Hash Join  (cost=102767.86..168198.33 rows=172330 width=8) (actual time=2404.673..3302.070 rows=171669 loops=1)
              Hash Cond: (mc.movie_id = t.id)
              ->  Seq Scan on movie_companies mc  (cost=0.00..51404.11 rows=172330 width=4) (actual time=434.556..799.636 rows=171669 loops=1)
                    Filter: (company_id > 123217)
                    Rows Removed by Filter: 2437460
              ->  Hash  (cost=61283.27..61283.27 rows=2528527 width=4) (actual time=1967.796..1967.796 rows=2528312 loops=1)
                    Buckets: 131072  Batches: 64  Memory Usage: 2415kB
                    ->  Seq Scan on title t  (cost=0.00..61283.27 rows=2528527 width=4) (actual time=0.024..1113.413 rows=2528312 loops=1)
Planning time: 4.171 ms
Execution time: 17175.899 ms
