Seq Scan on movie_keyword mk  (cost=0.00..81003.12 rows=3300006 width=0) (actual time=0.015..1540.782 rows=3290291 loops=1)
  Filter: (keyword_id < 14687)
  Rows Removed by Filter: 1233639
Planning time: 0.329 ms
Execution time: 1948.143 ms
