Nested Loop  (cost=0.43..83071.67 rows=246 width=0) (actual time=1.204..1318.707 rows=507 loops=1)
  ->  Seq Scan on movie_keyword mk  (cost=0.00..81003.12 rows=246 width=4) (actual time=1.134..1285.240 rows=507 loops=1)
        Filter: (keyword_id = 71440)
        Rows Removed by Filter: 4523423
  ->  Index Only Scan using title_pkey on title t  (cost=0.43..8.40 rows=1 width=4) (actual time=0.064..0.064 rows=1 loops=507)
        Index Cond: (id = mk.movie_id)
        Heap Fetches: 507
Planning time: 0.758 ms
Execution time: 1318.989 ms
