Hash Join  (cost=84466.26..190503.48 rows=405746 width=0) (actual time=1493.290..3865.241 rows=124030 loops=1)
  Hash Cond: (mk.movie_id = t.id)
  ->  Seq Scan on movie_keyword mk  (cost=0.00..81003.12 rows=1596972 width=4) (actual time=0.025..1536.038 rows=1606189 loops=1)
        Filter: (keyword_id < 2488)
        Rows Removed by Filter: 2917741
  ->  Hash  (cost=73925.90..73925.90 rows=642428 width=4) (actual time=1489.065..1489.065 rows=516249 loops=1)
        Buckets: 131072  Batches: 16  Memory Usage: 2164kB
        ->  Seq Scan on title t  (cost=0.00..73925.90 rows=642428 width=4) (actual time=0.020..1305.754 rows=516249 loops=1)
              Filter: ((kind_id > 3) AND (production_year < 1999))
              Rows Removed by Filter: 2012063
Planning time: 0.772 ms
Execution time: 3881.753 ms
