Hash Join  (cost=200121.36..246160.53 rows=486469 width=0) (actual time=4499.353..6008.289 rows=1260955 loops=1)
  Hash Cond: (mi_idx.movie_id = t.id)
  ->  Seq Scan on movie_info_idx mi_idx  (cost=0.00..21735.35 rows=1380035 width=4) (actual time=0.022..473.839 rows=1380035 loops=1)
  ->  Hash  (cost=185497.89..185497.89 rows=891318 width=8) (actual time=4498.467..4498.467 rows=898395 loops=1)
        Buckets: 131072  Batches: 16  Memory Usage: 3226kB
        ->  Hash Join  (cost=102767.86..185497.89 rows=891318 width=8) (actual time=1827.319..4255.523 rows=898395 loops=1)
              Hash Cond: (mc.movie_id = t.id)
              ->  Seq Scan on movie_companies mc  (cost=0.00..51404.11 rows=891318 width=4) (actual time=0.035..977.719 rows=898395 loops=1)
                    Filter: (company_id > 21524)
                    Rows Removed by Filter: 1710734
              ->  Hash  (cost=61283.27..61283.27 rows=2528527 width=4) (actual time=1826.323..1826.323 rows=2528312 loops=1)
                    Buckets: 131072  Batches: 64  Memory Usage: 2415kB
                    ->  Seq Scan on title t  (cost=0.00..61283.27 rows=2528527 width=4) (actual time=0.005..988.012 rows=2528312 loops=1)
Planning time: 1.124 ms
Execution time: 6134.220 ms
