Seq Scan on movie_companies mc  (cost=0.00..57926.93 rows=1140967 width=0) (actual time=0.027..1030.459 rows=961278 loops=1)
  Filter: ((company_id < 85125) AND (company_type_id > 1))
  Rows Removed by Filter: 1647851
Planning time: 0.331 ms
Execution time: 1154.300 ms
