Hash Join  (cost=155663.58..649143.22 rows=1281471 width=0) (actual time=3195.884..16572.598 rows=1960695 loops=1)
  Hash Cond: (mi.movie_id = t.id)
  ->  Seq Scan on movie_info mi  (cost=0.00..309384.22 rows=14739122 width=4) (actual time=0.024..6463.719 rows=14835720 loops=1)
  ->  Hash  (cost=152056.59..152056.59 rows=219839 width=8) (actual time=3192.150..3192.150 rows=225052 loops=1)
        Buckets: 131072  Batches: 4  Memory Usage: 3224kB
        ->  Hash Join  (cost=87428.23..152056.59 rows=219839 width=8) (actual time=1722.957..3130.445 rows=225052 loops=1)
              Hash Cond: (mc.movie_id = t.id)
              ->  Seq Scan on movie_companies mc  (cost=0.00..51404.11 rows=675429 width=4) (actual time=0.021..1047.660 rows=667465 loops=1)
                    Filter: (company_id < 1040)
                    Rows Removed by Filter: 1941664
              ->  Hash  (cost=73925.90..73925.90 rows=822986 width=4) (actual time=1616.939..1616.939 rows=738761 loops=1)
                    Buckets: 131072  Batches: 16  Memory Usage: 2648kB
                    ->  Seq Scan on title t  (cost=0.00..73925.90 rows=822986 width=4) (actual time=0.023..1381.279 rows=738761 loops=1)
                          Filter: ((production_year < 2005) AND (kind_id = 7))
                          Rows Removed by Filter: 1789551
Planning time: 1.150 ms
Execution time: 16821.482 ms
