Hash Join  (cost=102767.86..1026538.63 rows=4896467 width=0) (actual time=3146.866..25448.479 rows=10056671 loops=1)
  Hash Cond: (ci.movie_id = t.id)
  ->  Seq Scan on cast_info ci  (cost=0.00..796071.18 rows=4896467 width=4) (actual time=940.092..15061.061 rows=10056671 loops=1)
        Filter: ((person_id < 1371507) AND (role_id < 2))
        Rows Removed by Filter: 26187673
  ->  Hash  (cost=61283.27..61283.27 rows=2528527 width=4) (actual time=2205.567..2205.567 rows=2528312 loops=1)
        Buckets: 131072  Batches: 64  Memory Usage: 2415kB
        ->  Seq Scan on title t  (cost=0.00..61283.27 rows=2528527 width=4) (actual time=0.022..1157.684 rows=2528312 loops=1)
Planning time: 0.782 ms
Execution time: 26484.576 ms
