Seq Scan on cast_info ci  (cost=0.00..796071.18 rows=8567503 width=0) (actual time=4239.890..14618.526 rows=9960166 loops=1)
  Filter: ((person_id > 1044877) AND (role_id > 3))
  Rows Removed by Filter: 26284178
Planning time: 0.386 ms
Execution time: 15784.964 ms
