Seq Scan on movie_keyword mk  (cost=0.00..81003.12 rows=1719310 width=0) (actual time=0.027..1363.881 rows=1729839 loops=1)
  Filter: (keyword_id > 8185)
  Rows Removed by Filter: 2794091
Planning time: 0.333 ms
Execution time: 1589.484 ms
