Hash Join  (cost=217858.32..349326.00 rows=1415213 width=0) (actual time=5003.985..8886.696 rows=5046908 loops=1)
  Hash Cond: (mk.movie_id = t.id)
  ->  Seq Scan on movie_keyword mk  (cost=0.00..81003.12 rows=2691314 width=4) (actual time=0.021..1657.465 rows=2681700 loops=1)
        Filter: (keyword_id > 3046)
        Rows Removed by Filter: 1842230
  ->  Hash  (cost=196044.17..196044.17 rows=1329612 width=8) (actual time=5002.743..5002.743 rows=1334883 loops=1)
        Buckets: 131072  Batches: 32  Memory Usage: 2660kB
        ->  Hash Join  (cost=102767.86..196044.17 rows=1329612 width=8) (actual time=1945.371..4582.520 rows=1334883 loops=1)
              Hash Cond: (mc.movie_id = t.id)
              ->  Seq Scan on movie_companies mc  (cost=0.00..51404.11 rows=1329612 width=4) (actual time=14.560..1046.318 rows=1334883 loops=1)
                    Filter: (company_type_id > 1)
                    Rows Removed by Filter: 1274246
              ->  Hash  (cost=61283.27..61283.27 rows=2528527 width=4) (actual time=1929.535..1929.535 rows=2528312 loops=1)
                    Buckets: 131072  Batches: 64  Memory Usage: 2415kB
                    ->  Seq Scan on title t  (cost=0.00..61283.27 rows=2528527 width=4) (actual time=0.015..1071.476 rows=2528312 loops=1)
Planning time: 1.145 ms
Execution time: 9346.259 ms
