Hash Join  (cost=102767.86..1443786.22 rows=26000321 width=0) (actual time=1908.659..40743.035 rows=26195123 loops=1)
  Hash Cond: (ci.movie_id = t.id)
  ->  Seq Scan on cast_info ci  (cost=0.00..705507.15 rows=26000321 width=4) (actual time=0.027..15621.337 rows=26195123 loops=1)
        Filter: (person_id > 988297)
        Rows Removed by Filter: 10049221
  ->  Hash  (cost=61283.27..61283.27 rows=2528527 width=4) (actual time=1906.950..1906.950 rows=2528312 loops=1)
        Buckets: 131072  Batches: 64  Memory Usage: 2415kB
        ->  Seq Scan on title t  (cost=0.00..61283.27 rows=2528527 width=4) (actual time=0.020..1068.598 rows=2528312 loops=1)
Planning time: 0.790 ms
Execution time: 43676.377 ms
