Hash Join  (cost=841754.52..980288.58 rows=1356902 width=0) (actual time=15466.730..18887.962 rows=720269 loops=1)
  Hash Cond: (mk.movie_id = t.id)
  ->  Seq Scan on movie_keyword mk  (cost=0.00..69693.30 rows=4523930 width=4) (actual time=0.013..1386.520 rows=4523930 loops=1)
  ->  Hash  (cost=829311.49..829311.49 rows=758403 width=8) (actual time=15463.367..15463.367 rows=584234 loops=1)
        Buckets: 131072  Batches: 16  Memory Usage: 2447kB
        ->  Hash Join  (cost=94973.51..829311.49 rows=758403 width=8) (actual time=12491.656..15294.224 rows=584234 loops=1)
              Hash Cond: (ci.movie_id = t.id)
              ->  Seq Scan on cast_info ci  (cost=0.00..705507.15 rows=1149559 width=4) (actual time=10635.664..12192.982 rows=1093558 loops=1)
                    Filter: (role_id = 9)
                    Rows Removed by Filter: 35150786
              ->  Hash  (cost=67604.59..67604.59 rows=1668154 width=4) (actual time=1854.738..1854.738 rows=1674098 loops=1)
                    Buckets: 131072  Batches: 32  Memory Usage: 2869kB
                    ->  Seq Scan on title t  (cost=0.00..67604.59 rows=1668154 width=4) (actual time=0.030..1316.046 rows=1674098 loops=1)
                          Filter: (kind_id > 3)
                          Rows Removed by Filter: 854214
Planning time: 0.721 ms
Execution time: 18967.832 ms
