Hash Join  (cost=88257.79..229301.31 rows=1562848 width=0) (actual time=2002.266..5368.660 rows=390542 loops=1)
  Hash Cond: (mk.movie_id = t.id)
  ->  Seq Scan on movie_keyword mk  (cost=0.00..69693.30 rows=4523930 width=4) (actual time=0.020..1491.236 rows=4523930 loops=1)
  ->  Hash  (cost=73925.90..73925.90 rows=873511 width=4) (actual time=1654.993..1654.993 rows=957299 loops=1)
        Buckets: 131072  Batches: 16  Memory Usage: 3140kB
        ->  Seq Scan on title t  (cost=0.00..73925.90 rows=873511 width=4) (actual time=0.023..1286.507 rows=957299 loops=1)
              Filter: ((production_year > 1999) AND (kind_id = 7))
              Rows Removed by Filter: 1571013
Planning time: 0.934 ms
Execution time: 5418.391 ms
