Seq Scan on cast_info ci  (cost=0.00..796071.18 rows=1708234 width=0) (actual time=667.902..12113.477 rows=997567 loops=1)
  Filter: ((person_id < 480589) AND (role_id > 3))
  Rows Removed by Filter: 35246777
Planning time: 0.333 ms
Execution time: 12238.783 ms
