Hash Join  (cost=78556.72..168388.29 rows=115616 width=0) (actual time=1290.877..3074.326 rows=307134 loops=1)
  Hash Cond: (mk.movie_id = t.id)
  ->  Seq Scan on movie_keyword mk  (cost=0.00..81003.12 rows=437941 width=4) (actual time=0.025..1368.709 rows=433395 loops=1)
        Filter: (keyword_id > 40434)
        Rows Removed by Filter: 4090535
  ->  Hash  (cost=67604.59..67604.59 rows=667531 width=4) (actual time=1289.827..1289.827 rows=662825 loops=1)
        Buckets: 131072  Batches: 16  Memory Usage: 2486kB
        ->  Seq Scan on title t  (cost=0.00..67604.59 rows=667531 width=4) (actual time=223.674..1080.573 rows=662825 loops=1)
              Filter: (kind_id = 1)
              Rows Removed by Filter: 1865487
Planning time: 0.690 ms
Execution time: 3112.092 ms
