Hash Join  (cost=73987.23..100924.49 rows=2678 width=0) (actual time=1366.544..1819.230 rows=2796 loops=1)
  Hash Cond: (mi_idx.movie_id = t.id)
  ->  Seq Scan on movie_info_idx mi_idx  (cost=0.00..21735.35 rows=1380035 width=4) (actual time=0.031..338.526 rows=1380035 loops=1)
  ->  Hash  (cost=73925.90..73925.90 rows=4906 width=4) (actual time=1182.038..1182.038 rows=8146 loops=1)
        Buckets: 8192  Batches: 1  Memory Usage: 351kB
        ->  Seq Scan on title t  (cost=0.00..73925.90 rows=4906 width=4) (actual time=0.125..1178.250 rows=8146 loops=1)
              Filter: ((kind_id > 3) AND (production_year = 1968))
              Rows Removed by Filter: 2520166
Planning time: 4.397 ms
Execution time: 1819.716 ms
