Hash Join  (cost=432057.19..1189307.87 rows=646150 width=0) (actual time=6822.354..24841.211 rows=712874 loops=1)
  Hash Cond: (ci.movie_id = t.id)
  ->  Seq Scan on cast_info ci  (cost=0.00..614943.12 rows=36225612 width=4) (actual time=0.017..9136.980 rows=36244344 loops=1)
  ->  Hash  (cost=431493.43..431493.43 rows=45101 width=8) (actual time=6821.688..6821.688 rows=17416 loops=1)
        Buckets: 65536  Batches: 1  Memory Usage: 1193kB
        ->  Hash Join  (cost=69002.72..431493.43 rows=45101 width=8) (actual time=1853.318..6814.429 rows=17416 loops=1)
              Hash Cond: (mi.movie_id = t.id)
              ->  Seq Scan on movie_info mi  (cost=0.00..346232.03 rows=1338312 width=4) (actual time=634.526..5135.803 rows=1401902 loops=1)
                    Filter: (info_type_id = 7)
                    Rows Removed by Filter: 13433818
              ->  Hash  (cost=67604.59..67604.59 rows=85211 width=4) (actual time=1217.800..1217.800 rows=84593 loops=1)
                    Buckets: 131072  Batches: 2  Memory Usage: 2524kB
                    ->  Seq Scan on title t  (cost=0.00..67604.59 rows=85211 width=4) (actual time=0.033..1183.078 rows=84593 loops=1)
                          Filter: (production_year = 2004)
                          Rows Removed by Filter: 2443719
Planning time: 1.223 ms
Execution time: 24941.943 ms
