Seq Scan on cast_info ci  (cost=0.00..705507.15 rows=500 width=0) (actual time=7936.228..9830.595 rows=15 loops=1)
  Filter: (person_id = 1442377)
  Rows Removed by Filter: 36244329
Planning time: 0.384 ms
Execution time: 9830.697 ms
