Hash Join  (cost=102767.86..1101887.71 rows=11791551 width=0) (actual time=2648.204..26373.351 rows=11704759 loops=1)
  Hash Cond: (ci.movie_id = t.id)
  ->  Seq Scan on cast_info ci  (cost=0.00..705507.15 rows=11791551 width=4) (actual time=610.314..13950.883 rows=11704759 loops=1)
        Filter: (person_id < 1149368)
        Rows Removed by Filter: 24539585
  ->  Hash  (cost=61283.27..61283.27 rows=2528527 width=4) (actual time=2036.768..2036.768 rows=2528312 loops=1)
        Buckets: 131072  Batches: 64  Memory Usage: 2415kB
        ->  Seq Scan on title t  (cost=0.00..61283.27 rows=2528527 width=4) (actual time=0.014..1180.305 rows=2528312 loops=1)
Planning time: 0.747 ms
Execution time: 27769.053 ms
