Hash Join  (cost=161680.55..289005.75 rows=436916 width=0) (actual time=3752.593..10426.960 rows=15510167 loops=1)
  Hash Cond: (mk.movie_id = t.id)
  ->  Seq Scan on movie_keyword mk  (cost=0.00..69693.30 rows=4523930 width=4) (actual time=0.016..1410.702 rows=4523930 loops=1)
  ->  Hash  (cost=157674.02..157674.02 rows=244202 width=8) (actual time=3751.256..3751.256 rows=666792 loops=1)
        Buckets: 131072 (originally 131072)  Batches: 8 (originally 4)  Memory Usage: 4314kB
        ->  Hash Join  (cost=78846.40..157674.02 rows=244202 width=8) (actual time=1248.364..3554.875 rows=666792 loops=1)
              Hash Cond: (mc.movie_id = t.id)
              ->  Seq Scan on movie_companies mc  (cost=0.00..51404.11 rows=2059063 width=4) (actual time=0.022..1111.816 rows=2054258 loops=1)
                    Filter: (company_id < 71767)
                    Rows Removed by Filter: 554871
              ->  Hash  (cost=73925.90..73925.90 rows=299880 width=4) (actual time=1247.537..1247.537 rows=391036 loops=1)
                    Buckets: 131072 (originally 131072)  Batches: 8 (originally 4)  Memory Usage: 3073kB
                    ->  Seq Scan on title t  (cost=0.00..73925.90 rows=299880 width=4) (actual time=0.016..1112.939 rows=391036 loops=1)
                          Filter: ((production_year < 2002) AND (kind_id = 1))
                          Rows Removed by Filter: 2137276
Planning time: 1.166 ms
Execution time: 12185.674 ms
