Hash Join  (cost=140197.13..221636.57 rows=463493 width=0) (actual time=2829.488..5222.025 rows=489486 loops=1)
  Hash Cond: (mc.movie_id = t.id)
  ->  Seq Scan on movie_companies mc  (cost=0.00..44881.29 rows=2609129 width=4) (actual time=0.021..956.762 rows=2609129 loops=1)
  ->  Hash  (cost=132827.45..132827.45 rows=449174 width=8) (actual time=2828.502..2828.502 rows=251721 loops=1)
        Buckets: 131072  Batches: 8  Memory Usage: 2259kB
        ->  Hash Join  (cost=87428.23..132827.45 rows=449174 width=8) (actual time=1609.694..2751.948 rows=251721 loops=1)
              Hash Cond: (mi_idx.movie_id = t.id)
              ->  Seq Scan on movie_info_idx mi_idx  (cost=0.00..21735.35 rows=1380035 width=4) (actual time=0.018..468.108 rows=1380035 loops=1)
              ->  Hash  (cost=73925.90..73925.90 rows=822986 width=4) (actual time=1463.256..1463.256 rows=738761 loops=1)
                    Buckets: 131072  Batches: 16  Memory Usage: 2648kB
                    ->  Seq Scan on title t  (cost=0.00..73925.90 rows=822986 width=4) (actual time=81.399..1214.776 rows=738761 loops=1)
                          Filter: ((production_year < 2005) AND (kind_id = 7))
                          Rows Removed by Filter: 1789551
Planning time: 1.167 ms
Execution time: 5272.000 ms
