Hash Join  (cost=429781.02..1185979.39 rows=540927 width=0) (actual time=7230.648..27876.548 rows=3895947 loops=1)
  Hash Cond: (ci.movie_id = t.id)
  ->  Seq Scan on cast_info ci  (cost=0.00..614943.12 rows=36225612 width=4) (actual time=0.017..8949.339 rows=36244344 loops=1)
  ->  Hash  (cost=429309.07..429309.07 rows=37756 width=8) (actual time=7229.344..7229.344 rows=66082 loops=1)
        Buckets: 131072 (originally 65536)  Batches: 1 (originally 1)  Memory Usage: 3606kB
        ->  Hash Join  (cost=74469.67..429309.07 rows=37756 width=8) (actual time=2660.066..7201.393 rows=66082 loops=1)
              Hash Cond: (mi.movie_id = t.id)
              ->  Seq Scan on movie_info mi  (cost=0.00..346232.03 rows=2194617 width=4) (actual time=1433.333..5634.331 rows=2233850 loops=1)
                    Filter: (info_type_id > 16)
                    Rows Removed by Filter: 12601870
              ->  Hash  (cost=73925.90..73925.90 rows=43501 width=4) (actual time=1065.575..1065.575 rows=39560 loops=1)
                    Buckets: 65536  Batches: 1  Memory Usage: 1903kB
                    ->  Seq Scan on title t  (cost=0.00..73925.90 rows=43501 width=4) (actual time=114.343..1050.309 rows=39560 loops=1)
                          Filter: ((kind_id = 1) AND (production_year = 2012))
                          Rows Removed by Filter: 2488752
Planning time: 1.291 ms
Execution time: 28362.803 ms
