Seq Scan on movie_companies mc  (cost=0.00..51404.11 rows=2365716 width=0) (actual time=0.025..907.105 rows=2363192 loops=1)
  Filter: (company_id < 101868)
  Rows Removed by Filter: 245937
Planning time: 0.329 ms
Execution time: 1192.342 ms
