Seq Scan on title t  (cost=0.00..73925.90 rows=16178 width=0) (actual time=331.534..1026.497 rows=1 loops=1)
  Filter: ((production_year < 1910) AND (kind_id = 7))
  Rows Removed by Filter: 2528311
Planning time: 0.400 ms
Execution time: 1026.632 ms
