Hash Join  (cost=28269.33..392937.44 rows=1216 width=0) (actual time=612.693..6179.795 rows=29370 loops=1)
  Hash Cond: (mi.movie_id = t.id)
  ->  Seq Scan on movie_info mi  (cost=0.00..309384.22 rows=14739122 width=4) (actual time=0.034..3387.507 rows=14835720 loops=1)
  ->  Hash  (cost=28266.72..28266.72 rows=209 width=8) (actual time=448.975..448.975 rows=79 loops=1)
        Buckets: 1024  Batches: 1  Memory Usage: 12kB
        ->  Nested Loop  (cost=0.43..28266.72 rows=209 width=8) (actual time=87.425..448.936 rows=79 loops=1)
              ->  Seq Scan on movie_info_idx mi_idx  (cost=0.00..25185.44 rows=368 width=4) (actual time=87.222..434.466 rows=260 loops=1)
                    Filter: (info_type_id > 101)
                    Rows Removed by Filter: 1379775
              ->  Index Scan using title_pkey on title t  (cost=0.43..8.36 rows=1 width=4) (actual time=0.055..0.055 rows=0 loops=260)
                    Index Cond: (id = mi_idx.movie_id)
                    Filter: (production_year > 1999)
                    Rows Removed by Filter: 1
Planning time: 1.244 ms
Execution time: 6184.198 ms
