Nested Loop  (cost=0.43..798789.03 rows=84 width=0) (actual time=193.478..14540.140 rows=7 loops=1)
  ->  Seq Scan on cast_info ci  (cost=0.00..796071.18 rows=324 width=4) (actual time=193.404..14539.536 rows=20 loops=1)
        Filter: ((role_id > 1) AND (person_id = 3257111))
        Rows Removed by Filter: 36244324
  ->  Index Scan using title_pkey on title t  (cost=0.43..8.38 rows=1 width=4) (actual time=0.024..0.024 rows=0 loops=20)
        Index Cond: (id = ci.movie_id)
        Filter: ((kind_id < 7) AND (production_year > 1993))
        Rows Removed by Filter: 1
Planning time: 0.814 ms
Execution time: 14540.245 ms
