Seq Scan on title t  (cost=0.00..73925.90 rows=349092 width=0) (actual time=36.633..1254.016 rows=265275 loops=1)
  Filter: ((production_year > 2001) AND (kind_id = 1))
  Rows Removed by Filter: 2263037
Planning time: 0.362 ms
Execution time: 1287.184 ms
