Seq Scan on movie_keyword mk  (cost=0.00..81003.12 rows=3063638 width=0) (actual time=0.031..1389.885 rows=3043470 loops=1)
  Filter: (keyword_id > 2109)
  Rows Removed by Filter: 1480460
Planning time: 0.318 ms
Execution time: 1763.765 ms
