Hash Join  (cost=74529.23..427566.62 rows=1497 width=0) (actual time=2542.284..6932.167 rows=284 loops=1)
  Hash Cond: (mi.movie_id = t.id)
  ->  Seq Scan on movie_info mi  (cost=0.00..346232.03 rows=1810770 width=4) (actual time=1697.501..5813.907 rows=1865632 loops=1)
        Filter: (info_type_id > 17)
        Rows Removed by Filter: 12970088
  ->  Hash  (cost=74503.11..74503.11 rows=2090 width=8) (actual time=843.639..843.639 rows=973 loops=1)
        Buckets: 4096  Batches: 1  Memory Usage: 71kB
        ->  Nested Loop  (cost=0.43..74503.11 rows=2090 width=8) (actual time=400.894..843.077 rows=973 loops=1)
              ->  Seq Scan on movie_companies mc  (cost=0.00..57926.93 rows=2090 width=4) (actual time=400.741..808.807 rows=973 loops=1)
                    Filter: ((company_id = 11387) AND (company_type_id = 1))
                    Rows Removed by Filter: 2608156
              ->  Index Only Scan using title_pkey on title t  (cost=0.43..7.92 rows=1 width=4) (actual time=0.034..0.034 rows=1 loops=973)
                    Index Cond: (id = mc.movie_id)
                    Heap Fetches: 973
Planning time: 1.187 ms
Execution time: 6932.370 ms
