Hash Join  (cost=211092.03..646921.79 rows=2419683 width=0) (actual time=6532.695..19190.351 rows=16622513 loops=1)
  Hash Cond: (mi.movie_id = t.id)
  ->  Seq Scan on movie_info mi  (cost=0.00..346232.03 rows=5263441 width=4) (actual time=900.200..6348.054 rows=5270569 loops=1)
        Filter: (info_type_id > 15)
        Rows Removed by Filter: 9565151
  ->  Hash  (cost=192021.00..192021.00 rows=1162402 width=8) (actual time=5631.304..5631.304 rows=1157412 loops=1)
        Buckets: 131072  Batches: 16  Memory Usage: 3882kB
        ->  Hash Join  (cost=102767.86..192021.00 rows=1162402 width=8) (actual time=2077.987..4650.152 rows=1157412 loops=1)
              Hash Cond: (mc.movie_id = t.id)
              ->  Seq Scan on movie_companies mc  (cost=0.00..51404.11 rows=1162402 width=4) (actual time=0.025..1060.864 rows=1157412 loops=1)
                    Filter: (company_id < 9343)
                    Rows Removed by Filter: 1451717
              ->  Hash  (cost=61283.27..61283.27 rows=2528527 width=4) (actual time=2076.721..2076.721 rows=2528312 loops=1)
                    Buckets: 131072  Batches: 64  Memory Usage: 2415kB
                    ->  Seq Scan on title t  (cost=0.00..61283.27 rows=2528527 width=4) (actual time=0.052..1252.857 rows=2528312 loops=1)
Planning time: 1.126 ms
Execution time: 20991.739 ms
