Hash Join  (cost=220685.65..753818.94 rows=4997737 width=0) (actual time=4458.139..17327.143 rows=2907028 loops=1)
  Hash Cond: (mi.movie_id = t.id)
  ->  Seq Scan on movie_info mi  (cost=0.00..309384.22 rows=14739122 width=4) (actual time=0.016..5923.327 rows=14835720 loops=1)
  ->  Hash  (cost=206618.51..206618.51 rows=857372 width=8) (actual time=4456.860..4456.860 rows=254079 loops=1)
        Buckets: 131072  Batches: 16  Memory Usage: 1651kB
        ->  Hash Join  (cost=93093.72..206618.51 rows=857372 width=8) (actual time=1883.115..4371.799 rows=254079 loops=1)
              Hash Cond: (mk.movie_id = t.id)
              ->  Seq Scan on movie_keyword mk  (cost=0.00..81003.12 rows=1395387 width=4) (actual time=0.022..1479.668 rows=1409914 loops=1)
                    Filter: (keyword_id > 11859)
                    Rows Removed by Filter: 3114016
              ->  Hash  (cost=67604.59..67604.59 rows=1553611 width=4) (actual time=1876.562..1876.562 rows=1555864 loops=1)
                    Buckets: 131072  Batches: 32  Memory Usage: 2740kB
                    ->  Seq Scan on title t  (cost=0.00..67604.59 rows=1553611 width=4) (actual time=0.019..1353.175 rows=1555864 loops=1)
                          Filter: (kind_id > 4)
                          Rows Removed by Filter: 972448
Planning time: 1.163 ms
Execution time: 17637.473 ms
