Hash Join  (cost=119785.54..1187101.61 rows=3262288 width=0) (actual time=2545.952..32208.609 rows=5882398 loops=1)
  Hash Cond: (ci.movie_id = t.id)
  ->  Seq Scan on cast_info ci  (cost=0.00..614943.12 rows=36225612 width=4) (actual time=0.024..12800.717 rows=36244344 loops=1)
  ->  Hash  (cost=116049.22..116049.22 rows=227706 width=8) (actual time=2545.139..2545.139 rows=245859 loops=1)
        Buckets: 131072  Batches: 4  Memory Usage: 3433kB
        ->  Hash Join  (cost=74449.67..116049.22 rows=227706 width=8) (actual time=1301.922..2469.276 rows=245859 loops=1)
              Hash Cond: (mi_idx.movie_id = t.id)
              ->  Seq Scan on movie_info_idx mi_idx  (cost=0.00..21735.35 rows=1380035 width=4) (actual time=0.022..463.840 rows=1380035 loops=1)
              ->  Hash  (cost=67604.59..67604.59 rows=417207 width=4) (actual time=1298.724..1298.724 rows=409495 loops=1)
                    Buckets: 131072  Batches: 8  Memory Usage: 2821kB
                    ->  Seq Scan on title t  (cost=0.00..67604.59 rows=417207 width=4) (actual time=0.018..1160.529 rows=409495 loops=1)
                          Filter: (production_year < 1973)
                          Rows Removed by Filter: 2118817
Planning time: 1.164 ms
Execution time: 32892.510 ms
