Seq Scan on movie_keyword mk  (cost=0.00..81003.12 rows=246 width=0) (actual time=205.547..1271.892 rows=24 loops=1)
  Filter: (keyword_id = 13529)
  Rows Removed by Filter: 4523906
Planning time: 0.365 ms
Execution time: 1271.999 ms
