Seq Scan on movie_companies mc  (cost=0.00..51404.11 rows=1627461 width=0) (actual time=0.782..994.046 rows=1625821 loops=1)
  Filter: (company_id > 4437)
  Rows Removed by Filter: 983308
Planning time: 0.296 ms
Execution time: 1195.057 ms
