Seq Scan on movie_keyword mk  (cost=0.00..81003.12 rows=813377 width=0) (actual time=0.028..1452.352 rows=817100 loops=1)
  Filter: (keyword_id > 22403)
  Rows Removed by Filter: 3706830
Planning time: 0.373 ms
Execution time: 1555.072 ms
