Seq Scan on movie_companies mc  (cost=0.00..51404.11 rows=1835484 width=0) (actual time=0.024..856.213 rows=1830792 loops=1)
  Filter: (company_id < 32798)
  Rows Removed by Filter: 778337
Planning time: 0.288 ms
Execution time: 1069.487 ms
