Hash Join  (cost=98137.04..1437721.51 rows=22869195 width=0) (actual time=1643.540..41698.170 rows=22319309 loops=1)
  Hash Cond: (ci.movie_id = t.id)
  ->  Seq Scan on cast_info ci  (cost=0.00..705507.15 rows=31072274 width=4) (actual time=0.017..16201.678 rows=31192515 loops=1)
        Filter: (person_id > 488460)
        Rows Removed by Filter: 5051829
  ->  Hash  (cost=67604.59..67604.59 rows=1860996 width=4) (actual time=1641.973..1641.973 rows=1865487 loops=1)
        Buckets: 131072  Batches: 32  Memory Usage: 3079kB
        ->  Seq Scan on title t  (cost=0.00..67604.59 rows=1860996 width=4) (actual time=0.012..1086.420 rows=1865487 loops=1)
              Filter: (kind_id > 1)
              Rows Removed by Filter: 662825
Planning time: 0.783 ms
Execution time: 44155.624 ms
