Hash Join  (cost=102767.86..268545.11 rows=3112500 width=0) (actual time=2123.860..6277.301 rows=3095115 loops=1)
  Hash Cond: (mk.movie_id = t.id)
  ->  Seq Scan on movie_keyword mk  (cost=0.00..81003.12 rows=3112500 width=4) (actual time=0.015..1618.655 rows=3095115 loops=1)
        Filter: (keyword_id > 1962)
        Rows Removed by Filter: 1428815
  ->  Hash  (cost=61283.27..61283.27 rows=2528527 width=4) (actual time=2122.576..2122.576 rows=2528312 loops=1)
        Buckets: 131072  Batches: 64  Memory Usage: 2425kB
        ->  Seq Scan on title t  (cost=0.00..61283.27 rows=2528527 width=4) (actual time=0.020..1243.661 rows=2528312 loops=1)
Planning time: 0.656 ms
Execution time: 6612.663 ms
