Seq Scan on movie_keyword mk  (cost=0.00..81003.12 rows=943829 width=0) (actual time=0.013..1518.461 rows=946324 loops=1)
  Filter: (keyword_id < 889)
  Rows Removed by Filter: 3577606
Planning time: 0.352 ms
Execution time: 1633.305 ms
