Hash Join  (cost=283840.81..799229.25 rows=6452249 width=0) (actual time=6709.958..37735.163 rows=95841158 loops=1)
  Hash Cond: (mi.movie_id = t.id)
  ->  Seq Scan on movie_info mi  (cost=0.00..346232.03 rows=7503588 width=4) (actual time=558.661..6535.962 rows=7548855 loops=1)
        Filter: (info_type_id > 7)
        Rows Removed by Filter: 7286865
  ->  Hash  (cost=248168.67..248168.67 rows=2174251 width=8) (actual time=6145.093..6145.093 rows=2289255 loops=1)
        Buckets: 131072  Batches: 32  Memory Usage: 3882kB
        ->  Hash Join  (cost=106394.85..248168.67 rows=2174251 width=8) (actual time=1983.825..5509.127 rows=2289255 loops=1)
              Hash Cond: (mk.movie_id = t.id)
              ->  Seq Scan on movie_keyword mk  (cost=0.00..81003.12 rows=2325237 width=4) (actual time=0.033..1496.888 rows=2324821 loops=1)
                    Filter: (keyword_id > 4392)
                    Rows Removed by Filter: 2199109
              ->  Hash  (cost=67604.59..67604.59 rows=2364341 width=4) (actual time=1982.553..1982.553 rows=2360253 loops=1)
                    Buckets: 131072  Batches: 32  Memory Usage: 3629kB
                    ->  Seq Scan on title t  (cost=0.00..67604.59 rows=2364341 width=4) (actual time=0.013..1216.502 rows=2360253 loops=1)
                          Filter: (production_year > 1922)
                          Rows Removed by Filter: 168059
Planning time: 1.108 ms
Execution time: 47666.344 ms
