Hash Join  (cost=106884.35..933002.13 rows=56005 width=0) (actual time=5177.314..17523.331 rows=127828 loops=1)
  Hash Cond: (ci.movie_id = t.id)
  ->  Seq Scan on cast_info ci  (cost=0.00..796071.18 rows=7863086 width=4) (actual time=3269.243..13878.669 rows=9526613 loops=1)
        Filter: ((person_id > 1268650) AND (role_id > 3))
        Rows Removed by Filter: 26717731
  ->  Hash  (cost=106659.24..106659.24 rows=18009 width=8) (actual time=1906.667..1906.667 rows=8028 loops=1)
        Buckets: 32768  Batches: 1  Memory Usage: 570kB
        ->  Hash Join  (cost=75533.21..106659.24 rows=18009 width=8) (actual time=1424.004..1903.014 rows=8028 loops=1)
              Hash Cond: (mi_idx.movie_id = t.id)
              ->  Seq Scan on movie_info_idx mi_idx  (cost=0.00..25185.44 rows=464934 width=4) (actual time=0.023..478.700 rows=460185 loops=1)
                    Filter: (info_type_id > 100)
                    Rows Removed by Filter: 919850
              ->  Hash  (cost=73925.90..73925.90 rows=97944 width=4) (actual time=1231.082..1231.082 rows=106247 loops=1)
                    Buckets: 131072  Batches: 2  Memory Usage: 2890kB
                    ->  Seq Scan on title t  (cost=0.00..73925.90 rows=97944 width=4) (actual time=0.022..1174.960 rows=106247 loops=1)
                          Filter: ((kind_id = 7) AND (production_year = 2011))
                          Rows Removed by Filter: 2422065
Planning time: 1.159 ms
Execution time: 17544.087 ms
