Hash Join  (cost=166524.51..524406.00 rows=14374 width=0) (actual time=6690.285..9078.065 rows=71887 loops=1)
  Hash Cond: (mi.movie_id = t.id)
  ->  Seq Scan on movie_info mi  (cost=0.00..346232.03 rows=3068194 width=4) (actual time=3756.980..5434.069 rows=3036719 loops=1)
        Filter: (info_type_id = 16)
        Rows Removed by Filter: 11799001
  ->  Hash  (cost=166376.45..166376.45 rows=11845 width=8) (actual time=2931.118..2931.118 rows=22914 loops=1)
        Buckets: 32768 (originally 16384)  Batches: 1 (originally 1)  Memory Usage: 1152kB
        ->  Hash Join  (cost=81530.55..166376.45 rows=11845 width=8) (actual time=1505.643..2921.829 rows=22914 loops=1)
              Hash Cond: (mk.movie_id = t.id)
              ->  Seq Scan on movie_keyword mk  (cost=0.00..81003.12 rows=35287 width=4) (actual time=0.038..1242.378 rows=29440 loops=1)
                    Filter: (keyword_id = 359)
                    Rows Removed by Filter: 4494490
              ->  Hash  (cost=67604.59..67604.59 rows=848797 width=4) (actual time=1504.745..1504.745 rows=849141 loops=1)
                    Buckets: 131072  Batches: 16  Memory Usage: 2899kB
                    ->  Seq Scan on title t  (cost=0.00..67604.59 rows=848797 width=4) (actual time=0.021..1222.582 rows=849141 loops=1)
                          Filter: (production_year < 1996)
                          Rows Removed by Filter: 1679171
Planning time: 1.202 ms
Execution time: 9088.363 ms
