Nested Loop  (cost=0.43..797555.70 rows=176 width=0) (actual time=8686.467..13516.776 rows=304 loops=1)
  ->  Seq Scan on cast_info ci  (cost=0.00..796071.18 rows=176 width=4) (actual time=8686.366..13511.152 rows=304 loops=1)
        Filter: ((role_id < 2) AND (person_id = 623459))
        Rows Removed by Filter: 36244040
  ->  Index Only Scan using title_pkey on title t  (cost=0.43..8.42 rows=1 width=4) (actual time=0.018..0.018 rows=1 loops=304)
        Index Cond: (id = ci.movie_id)
        Heap Fetches: 304
Planning time: 0.782 ms
Execution time: 13516.909 ms
