Hash Join  (cost=264591.63..1169473.72 rows=3656345 width=0) (actual time=13178.041..21983.422 rows=2452501 loops=1)
  Hash Cond: (ci.movie_id = t.id)
  ->  Seq Scan on cast_info ci  (cost=0.00..796071.18 rows=5084291 width=4) (actual time=6755.086..12856.221 rows=3032561 loops=1)
        Filter: ((person_id < 1477507) AND (role_id > 3))
        Rows Removed by Filter: 33211783
  ->  Hash  (cost=234757.90..234757.90 rows=1818379 width=8) (actual time=6421.842..6421.842 rows=917209 loops=1)
        Buckets: 131072  Batches: 32  Memory Usage: 2186kB
        ->  Hash Join  (cost=90601.07..234757.90 rows=1818379 width=8) (actual time=1774.706..6147.927 rows=917209 loops=1)
              Hash Cond: (mk.movie_id = t.id)
              ->  Seq Scan on movie_keyword mk  (cost=0.00..69693.30 rows=4523930 width=4) (actual time=0.030..1353.491 rows=4523930 loops=1)
              ->  Hash  (cost=73925.90..73925.90 rows=1016333 width=4) (actual time=1773.771..1773.771 rows=1107438 loops=1)
                    Buckets: 131072  Batches: 16  Memory Usage: 3469kB
                    ->  Seq Scan on title t  (cost=0.00..73925.90 rows=1016333 width=4) (actual time=0.025..1409.353 rows=1107438 loops=1)
                          Filter: ((kind_id > 1) AND (production_year > 2000))
                          Rows Removed by Filter: 1420874
Planning time: 0.719 ms
Execution time: 22274.132 ms
