Seq Scan on title t  (cost=0.00..73925.90 rows=10569 width=0) (actual time=0.042..1161.180 rows=10528 loops=1)
  Filter: ((kind_id < 7) AND (production_year = 1993))
  Rows Removed by Filter: 2517784
Planning time: 0.332 ms
Execution time: 1163.275 ms
