Hash Join  (cost=797490.14..1162155.86 rows=979 width=0) (actual time=13671.064..21194.496 rows=3256 loops=1)
  Hash Cond: (mi.movie_id = t.id)
  ->  Seq Scan on movie_info mi  (cost=0.00..309384.22 rows=14739122 width=4) (actual time=0.012..4830.264 rows=14835720 loops=1)
  ->  Hash  (cost=797488.04..797488.04 rows=168 width=8) (actual time=13608.103..13608.103 rows=245 loops=1)
        Buckets: 1024  Batches: 1  Memory Usage: 18kB
        ->  Nested Loop  (cost=0.43..797488.04 rows=168 width=8) (actual time=10517.884..13607.954 rows=245 loops=1)
              ->  Seq Scan on cast_info ci  (cost=0.00..796071.18 rows=168 width=4) (actual time=10517.765..13604.016 rows=245 loops=1)
                    Filter: ((role_id > 3) AND (person_id = 3376033))
                    Rows Removed by Filter: 36244099
              ->  Index Only Scan using title_pkey on title t  (cost=0.43..8.42 rows=1 width=4) (actual time=0.015..0.015 rows=1 loops=245)
                    Index Cond: (id = ci.movie_id)
                    Heap Fetches: 245
Planning time: 1.260 ms
Execution time: 21195.170 ms
