Hash Join  (cost=671884.81..2661457.86 rows=75408082 width=0) (actual time=15255.763..100857.510 rows=207678455 loops=1)
  Hash Cond: (ci.movie_id = t.id)
  ->  Seq Scan on cast_info ci  (cost=0.00..614943.12 rows=36225612 width=4) (actual time=0.015..14138.882 rows=36244344 loops=1)
  ->  Hash  (cost=585530.80..585530.80 rows=5263441 width=8) (actual time=15253.676..15253.676 rows=5270569 loops=1)
        Buckets: 131072  Batches: 128  Memory Usage: 2642kB
        ->  Hash Join  (cost=102767.86..585530.80 rows=5263441 width=8) (actual time=2418.289..13705.410 rows=5270569 loops=1)
              Hash Cond: (mi.movie_id = t.id)
              ->  Seq Scan on movie_info mi  (cost=0.00..346232.03 rows=5263441 width=4) (actual time=391.375..6444.072 rows=5270569 loops=1)
                    Filter: (info_type_id > 15)
                    Rows Removed by Filter: 9565151
              ->  Hash  (cost=61283.27..61283.27 rows=2528527 width=4) (actual time=2026.002..2026.002 rows=2528312 loops=1)
                    Buckets: 131072  Batches: 64  Memory Usage: 2425kB
                    ->  Seq Scan on title t  (cost=0.00..61283.27 rows=2528527 width=4) (actual time=0.030..1149.886 rows=2528312 loops=1)
Planning time: 1.218 ms
Execution time: 123577.643 ms
