Hash Join  (cost=303991.60..1852149.86 rows=41254207 width=0) (actual time=7419.089..69802.869 rows=138472573 loops=1)
  Hash Cond: (ci.movie_id = t.id)
  ->  Seq Scan on cast_info ci  (cost=0.00..614943.12 rows=36225612 width=4) (actual time=0.021..12902.541 rows=36244344 loops=1)
  ->  Hash  (cost=256748.60..256748.60 rows=2879520 width=8) (actual time=7417.713..7417.713 rows=2428089 loops=1)
        Buckets: 131072  Batches: 64  Memory Usage: 2487kB
        ->  Hash Join  (cost=94009.45..256748.60 rows=2879520 width=8) (actual time=1725.084..6701.030 rows=2428089 loops=1)
              Hash Cond: (mk.movie_id = t.id)
              ->  Seq Scan on movie_keyword mk  (cost=0.00..69693.30 rows=4523930 width=4) (actual time=0.019..1415.540 rows=4523930 loops=1)
              ->  Hash  (cost=67604.59..67604.59 rows=1609429 width=4) (actual time=1722.365..1722.365 rows=1607077 loops=1)
                    Buckets: 131072  Batches: 32  Memory Usage: 2799kB
                    ->  Seq Scan on title t  (cost=0.00..67604.59 rows=1609429 width=4) (actual time=0.007..1209.733 rows=1607077 loops=1)
                          Filter: (production_year > 1995)
                          Rows Removed by Filter: 921235
Planning time: 1.333 ms
Execution time: 84243.041 ms
