Seq Scan on movie_keyword mk  (cost=0.00..81003.12 rows=1278453 width=0) (actual time=0.030..795.734 rows=1287844 loops=1)
  Filter: (keyword_id > 13731)
  Rows Removed by Filter: 3236086
Planning time: 0.274 ms
Execution time: 900.901 ms
