Seq Scan on cast_info ci  (cost=0.00..796071.18 rows=506776 width=0) (actual time=8423.332..12055.153 rows=310632 loops=1)
  Filter: ((person_id < 2612567) AND (role_id = 6))
  Rows Removed by Filter: 35933712
Planning time: 0.363 ms
Execution time: 12093.761 ms
