Hash Join  (cost=85595.27..976824.23 rows=3579610 width=0) (actual time=3816.191..23554.629 rows=3338677 loops=1)
  Hash Cond: (ci.movie_id = t.id)
  ->  Seq Scan on cast_info ci  (cost=0.00..705507.15 rows=12726058 width=4) (actual time=2348.530..14885.923 rows=12670688 loops=1)
        Filter: (role_id = 1)
        Rows Removed by Filter: 23573656
  ->  Hash  (cost=73925.90..73925.90 rows=711229 width=4) (actual time=1466.724..1466.724 rows=612155 loops=1)
        Buckets: 131072  Batches: 16  Memory Usage: 2368kB
        ->  Seq Scan on title t  (cost=0.00..73925.90 rows=711229 width=4) (actual time=0.028..1276.582 rows=612155 loops=1)
              Filter: ((kind_id < 7) AND (production_year > 1987))
              Rows Removed by Filter: 1916157
Planning time: 0.755 ms
Execution time: 23937.399 ms
