Seq Scan on cast_info ci  (cost=0.00..705507.15 rows=500 width=0) (actual time=3545.781..10079.651 rows=18 loops=1)
  Filter: (person_id = 2241303)
  Rows Removed by Filter: 36244326
Planning time: 0.369 ms
Execution time: 10079.751 ms
