Hash Join  (cost=99199.29..153042.28 rows=840746 width=0) (actual time=1968.230..3554.135 rows=617568 loops=1)
  Hash Cond: (mi_idx.movie_id = t.id)
  ->  Seq Scan on movie_info_idx mi_idx  (cost=0.00..21735.35 rows=1380035 width=4) (actual time=0.021..494.114 rows=1380035 loops=1)
  ->  Hash  (cost=73925.90..73925.90 rows=1540431 width=4) (actual time=1966.763..1966.763 rows=1645172 loops=1)
        Buckets: 131072  Batches: 32  Memory Usage: 2835kB
        ->  Seq Scan on title t  (cost=0.00..73925.90 rows=1540431 width=4) (actual time=0.020..1422.579 rows=1645172 loops=1)
              Filter: ((kind_id > 2) AND (production_year > 1961))
              Rows Removed by Filter: 883140
Planning time: 0.713 ms
Execution time: 3624.847 ms
