Hash Join  (cost=190230.21..323122.25 rows=1490971 width=0) (actual time=4810.703..10220.132 rows=6290584 loops=1)
  Hash Cond: (mk.movie_id = t.id)
  ->  Seq Scan on movie_keyword mk  (cost=0.00..81003.12 rows=2731787 width=4) (actual time=0.026..1774.604 rows=2725445 loops=1)
        Filter: (keyword_id < 7746)
        Rows Removed by Filter: 1798485
  ->  Hash  (cost=167588.78..167588.78 rows=1380035 width=8) (actual time=4809.804..4809.804 rows=1380035 loops=1)
        Buckets: 131072  Batches: 32  Memory Usage: 2726kB
        ->  Hash Join  (cost=102767.86..167588.78 rows=1380035 width=8) (actual time=1986.874..4424.405 rows=1380035 loops=1)
              Hash Cond: (mi_idx.movie_id = t.id)
              ->  Seq Scan on movie_info_idx mi_idx  (cost=0.00..21735.35 rows=1380035 width=4) (actual time=0.007..454.388 rows=1380035 loops=1)
              ->  Hash  (cost=61283.27..61283.27 rows=2528527 width=4) (actual time=1986.063..1986.063 rows=2528312 loops=1)
                    Buckets: 131072  Batches: 64  Memory Usage: 2415kB
                    ->  Seq Scan on title t  (cost=0.00..61283.27 rows=2528527 width=4) (actual time=0.018..1127.743 rows=2528312 loops=1)
Planning time: 2.886 ms
Execution time: 10971.630 ms
