Hash Join  (cost=274807.04..1222214.09 rows=5851139 width=0) (actual time=7674.437..20313.635 rows=203557 loops=1)
  Hash Cond: (ci.movie_id = t.id)
  ->  Seq Scan on cast_info ci  (cost=0.00..796071.18 rows=6556898 width=4) (actual time=1241.269..13528.009 rows=110179 loops=1)
        Filter: ((person_id > 1723895) AND (role_id < 2))
        Rows Removed by Filter: 36134165
  ->  Hash  (cost=237788.46..237788.46 rows=2256366 width=8) (actual time=6431.691..6431.691 rows=1727725 loops=1)
        Buckets: 131072  Batches: 32  Memory Usage: 3196kB
        ->  Hash Join  (cost=88295.76..237788.46 rows=2256366 width=8) (actual time=1661.645..5945.929 rows=1727725 loops=1)
              Hash Cond: (mk.movie_id = t.id)
              ->  Seq Scan on movie_keyword mk  (cost=0.00..69693.30 rows=4523930 width=4) (actual time=0.027..1415.266 rows=4523930 loops=1)
              ->  Hash  (cost=67604.59..67604.59 rows=1261134 width=4) (actual time=1658.088..1658.088 rows=1260295 loops=1)
                    Buckets: 131072  Batches: 32  Memory Usage: 2421kB
                    ->  Seq Scan on title t  (cost=0.00..67604.59 rows=1261134 width=4) (actual time=0.017..1246.448 rows=1260295 loops=1)
                          Filter: (production_year > 2002)
                          Rows Removed by Filter: 1268017
Planning time: 1.156 ms
Execution time: 20339.122 ms
