Hash Join  (cost=962204.51..1113016.58 rows=2364703 width=0) (actual time=18086.063..25607.494 rows=16512550 loops=1)
  Hash Cond: (mk.movie_id = t.id)
  ->  Seq Scan on movie_keyword mk  (cost=0.00..69693.30 rows=4523930 width=4) (actual time=0.015..1394.420 rows=4523930 loops=1)
  ->  Hash  (cost=940520.43..940520.43 rows=1321686 width=8) (actual time=18085.074..18085.074 rows=2628691 loops=1)
        Buckets: 131072 (originally 131072)  Batches: 64 (originally 32)  Memory Usage: 3073kB
        ->  Hash Join  (cost=102767.86..940520.43 rows=1321686 width=8) (actual time=4214.321..17293.190 rows=2628691 loops=1)
              Hash Cond: (ci.movie_id = t.id)
              ->  Seq Scan on cast_info ci  (cost=0.00..796071.18 rows=1321686 width=4) (actual time=2016.537..12469.844 rows=2628691 loops=1)
                    Filter: ((person_id < 349456) AND (role_id < 2))
                    Rows Removed by Filter: 33615653
              ->  Hash  (cost=61283.27..61283.27 rows=2528527 width=4) (actual time=2196.552..2196.552 rows=2528312 loops=1)
                    Buckets: 131072  Batches: 64  Memory Usage: 2415kB
                    ->  Seq Scan on title t  (cost=0.00..61283.27 rows=2528527 width=4) (actual time=0.017..1094.324 rows=2528312 loops=1)
Planning time: 1.205 ms
Execution time: 27380.166 ms
