Seq Scan on movie_keyword mk  (cost=0.00..81003.12 rows=246 width=0) (actual time=15.499..1190.443 rows=11 loops=1)
  Filter: (keyword_id = 76969)
  Rows Removed by Filter: 4523919
Planning time: 0.296 ms
Execution time: 1190.530 ms
