Hash Join  (cost=102767.86..1474078.47 rows=27259167 width=0) (actual time=1995.402..40867.621 rows=27261280 loops=1)
  Hash Cond: (ci.movie_id = t.id)
  ->  Seq Scan on cast_info ci  (cost=0.00..705507.15 rows=27259167 width=4) (actual time=0.012..16174.850 rows=27261280 loops=1)
        Filter: (person_id < 2798071)
        Rows Removed by Filter: 8983064
  ->  Hash  (cost=61283.27..61283.27 rows=2528527 width=4) (actual time=1994.225..1994.225 rows=2528312 loops=1)
        Buckets: 131072  Batches: 64  Memory Usage: 2415kB
        ->  Seq Scan on title t  (cost=0.00..61283.27 rows=2528527 width=4) (actual time=0.013..1144.419 rows=2528312 loops=1)
Planning time: 0.710 ms
Execution time: 43769.073 ms
