Hash Join  (cost=137734.95..265911.60 rows=506761 width=0) (actual time=3558.246..6824.128 rows=422569 loops=1)
  Hash Cond: (mk.movie_id = t.id)
  ->  Seq Scan on movie_keyword mk  (cost=0.00..69693.30 rows=4523930 width=4) (actual time=0.016..1490.325 rows=4523930 loops=1)
  ->  Hash  (cost=133087.45..133087.45 rows=283240 width=8) (actual time=3551.955..3551.955 rows=147460 loops=1)
        Buckets: 131072  Batches: 4  Memory Usage: 2468kB
        ->  Hash Join  (cost=93093.72..133087.45 rows=283240 width=8) (actual time=2491.806..3506.255 rows=147460 loops=1)
              Hash Cond: (mi_idx.movie_id = t.id)
              ->  Seq Scan on movie_info_idx mi_idx  (cost=0.00..25185.44 rows=460978 width=4) (actual time=0.018..501.903 rows=459925 loops=1)
                    Filter: (info_type_id = 99)
                    Rows Removed by Filter: 920110
              ->  Hash  (cost=67604.59..67604.59 rows=1553611 width=4) (actual time=2490.577..2490.577 rows=1555864 loops=1)
                    Buckets: 131072  Batches: 32  Memory Usage: 2734kB
                    ->  Seq Scan on title t  (cost=0.00..67604.59 rows=1553611 width=4) (actual time=0.024..1256.006 rows=1555864 loops=1)
                          Filter: (kind_id > 4)
                          Rows Removed by Filter: 972448
Planning time: 1.077 ms
Execution time: 6876.144 ms
