Seq Scan on movie_companies mc  (cost=0.00..57926.93 rows=225629 width=0) (actual time=0.018..822.291 rows=447138 loops=1)
  Filter: ((company_id > 77502) AND (company_type_id = 2))
  Rows Removed by Filter: 2161991
Planning time: 0.372 ms
Execution time: 874.352 ms
