Hash Join  (cost=102767.86..970295.06 rows=2559017 width=0) (actual time=12827.201..14926.878 rows=2226 loops=1)
  Hash Cond: (ci.movie_id = t.id)
  ->  Seq Scan on cast_info ci  (cost=0.00..796071.18 rows=2559017 width=4) (actual time=10902.763..12637.334 rows=2226 loops=1)
        Filter: ((person_id < 1248543) AND (role_id = 2))
        Rows Removed by Filter: 36242118
  ->  Hash  (cost=61283.27..61283.27 rows=2528527 width=4) (actual time=1896.544..1896.544 rows=2528312 loops=1)
        Buckets: 131072  Batches: 64  Memory Usage: 2415kB
        ->  Seq Scan on title t  (cost=0.00..61283.27 rows=2528527 width=4) (actual time=0.019..1072.392 rows=2528312 loops=1)
Planning time: 0.860 ms
Execution time: 14927.272 ms
