Hash Join  (cost=102767.86..1118338.37 rows=12475161 width=0) (actual time=2058.449..26042.923 rows=12580494 loops=1)
  Hash Cond: (ci.movie_id = t.id)
  ->  Seq Scan on cast_info ci  (cost=0.00..705507.15 rows=12475161 width=4) (actual time=0.016..13708.298 rows=12580494 loops=1)
        Filter: (person_id > 2423968)
        Rows Removed by Filter: 23663850
  ->  Hash  (cost=61283.27..61283.27 rows=2528527 width=4) (actual time=2057.433..2057.433 rows=2528312 loops=1)
        Buckets: 131072  Batches: 64  Memory Usage: 2415kB
        ->  Seq Scan on title t  (cost=0.00..61283.27 rows=2528527 width=4) (actual time=0.021..990.451 rows=2528312 loops=1)
Planning time: 0.739 ms
Execution time: 27505.669 ms
