Hash Join  (cost=164904.37..924089.16 rows=839562 width=0) (actual time=3035.230..22426.466 rows=2821375 loops=1)
  Hash Cond: (ci.movie_id = t.id)
  ->  Seq Scan on cast_info ci  (cost=0.00..614943.12 rows=36225612 width=4) (actual time=0.029..9344.807 rows=36244344 loops=1)
  ->  Hash  (cost=164171.85..164171.85 rows=58601 width=8) (actual time=3034.648..3034.648 rows=45452 loops=1)
        Buckets: 65536  Batches: 1  Memory Usage: 2288kB
        ->  Hash Join  (cost=69928.56..164171.85 rows=58601 width=8) (actual time=1173.304..3019.564 rows=45452 loops=1)
              Hash Cond: (mk.movie_id = t.id)
              ->  Seq Scan on movie_keyword mk  (cost=0.00..81003.12 rows=1046442 width=4) (actual time=0.018..1478.077 rows=1056697 loops=1)
                    Filter: (keyword_id > 16705)
                    Rows Removed by Filter: 3467233
              ->  Hash  (cost=67604.59..67604.59 rows=141598 width=4) (actual time=1171.711..1171.711 rows=141703 loops=1)
                    Buckets: 131072  Batches: 2  Memory Usage: 3517kB
                    ->  Seq Scan on title t  (cost=0.00..67604.59 rows=141598 width=4) (actual time=0.017..1117.845 rows=141703 loops=1)
                          Filter: (production_year = 2010)
                          Rows Removed by Filter: 2386609
Planning time: 1.149 ms
Execution time: 22802.627 ms
