Seq Scan on movie_companies mc  (cost=0.00..51404.11 rows=481329 width=0) (actual time=297.276..837.007 rows=484737 loops=1)
  Filter: (company_id > 74981)
  Rows Removed by Filter: 2124392
Planning time: 0.306 ms
Execution time: 893.827 ms
