Hash Join  (cost=73962.22..159300.47 rows=1324 width=0) (actual time=1235.552..2777.057 rows=4346 loops=1)
  Hash Cond: (mk.movie_id = t.id)
  ->  Seq Scan on movie_keyword mk  (cost=0.00..81003.12 rows=1152503 width=4) (actual time=0.014..1344.618 rows=1156580 loops=1)
        Filter: (keyword_id < 1370)
        Rows Removed by Filter: 3367350
  ->  Hash  (cost=73925.90..73925.90 rows=2905 width=4) (actual time=1233.145..1233.145 rows=3646 loops=1)
        Buckets: 4096  Batches: 1  Memory Usage: 161kB
        ->  Seq Scan on title t  (cost=0.00..73925.90 rows=2905 width=4) (actual time=0.500..1231.250 rows=3646 loops=1)
              Filter: ((kind_id < 7) AND (production_year = 1957))
              Rows Removed by Filter: 2524666
Planning time: 0.750 ms
Execution time: 2777.953 ms
