Hash Join  (cost=318548.55..965441.25 rows=13257190 width=0) (actual time=6845.845..23836.264 rows=18294621 loops=1)
  Hash Cond: (mi.movie_id = t.id)
  ->  Seq Scan on movie_info mi  (cost=0.00..346232.03 rows=11115165 width=4) (actual time=0.004..6726.330 rows=11210743 loops=1)
        Filter: (info_type_id > 3)
        Rows Removed by Filter: 3624977
  ->  Hash  (cost=269070.00..269070.00 rows=3015804 width=8) (actual time=6843.787..6843.787 rows=1515777 loops=1)
        Buckets: 131072  Batches: 64  Memory Usage: 1957kB
        ->  Hash Join  (cost=98137.04..269070.00 rows=3015804 width=8) (actual time=1850.147..6146.857 rows=1515777 loops=1)
              Hash Cond: (mk.movie_id = t.id)
              ->  Seq Scan on movie_keyword mk  (cost=0.00..81003.12 rows=4097560 width=4) (actual time=0.033..1881.581 rows=4103243 loops=1)
                    Filter: (keyword_id < 41459)
                    Rows Removed by Filter: 420687
              ->  Hash  (cost=67604.59..67604.59 rows=1860996 width=4) (actual time=1845.344..1845.344 rows=1865487 loops=1)
                    Buckets: 131072  Batches: 32  Memory Usage: 3085kB
                    ->  Seq Scan on title t  (cost=0.00..67604.59 rows=1860996 width=4) (actual time=0.018..1228.875 rows=1865487 loops=1)
                          Filter: (kind_id > 1)
                          Rows Removed by Filter: 662825
Planning time: 1.141 ms
Execution time: 25980.117 ms
