Seq Scan on cast_info ci  (cost=0.00..705507.15 rows=11442197 width=0) (actual time=327.192..11527.159 rows=11349173 loops=1)
  Filter: (person_id < 1115053)
  Rows Removed by Filter: 24895171
Planning time: 0.263 ms
Execution time: 12952.401 ms
