Seq Scan on movie_companies mc  (cost=0.00..57926.93 rows=595796 width=0) (actual time=301.460..949.575 rows=876414 loops=1)
  Filter: ((company_id > 12673) AND (company_type_id = 2))
  Rows Removed by Filter: 1732715
Planning time: 0.371 ms
Execution time: 1055.421 ms
