Hash Join  (cost=82042.47..192591.33 rows=399577 width=0) (actual time=1350.615..3952.850 rows=729044 loops=1)
  Hash Cond: (mk.movie_id = t.id)
  ->  Seq Scan on movie_keyword mk  (cost=0.00..81003.12 rows=2042392 width=4) (actual time=0.017..1522.588 rows=2046353 loops=1)
        Filter: (keyword_id > 5990)
        Rows Removed by Filter: 2477577
  ->  Hash  (cost=73925.90..73925.90 rows=494685 width=4) (actual time=1349.637..1349.637 rows=364663 loops=1)
        Buckets: 131072  Batches: 8  Memory Usage: 2641kB
        ->  Seq Scan on title t  (cost=0.00..73925.90 rows=494685 width=4) (actual time=0.026..1230.985 rows=364663 loops=1)
              Filter: ((kind_id < 2) AND (production_year > 1984))
              Rows Removed by Filter: 2163649
Planning time: 0.744 ms
Execution time: 4039.160 ms
