Seq Scan on movie_companies mc  (cost=0.00..57926.93 rows=189 width=0) (actual time=138.694..821.407 rows=507 loops=1)
  Filter: ((company_id < 2) AND (company_type_id = 2))
  Rows Removed by Filter: 2608622
Planning time: 0.360 ms
Execution time: 821.593 ms
