Hash Join  (cost=98137.04..1284196.55 rows=13963536 width=0) (actual time=1862.876..36847.613 rows=16073424 loops=1)
  Hash Cond: (ci.movie_id = t.id)
  ->  Seq Scan on cast_info ci  (cost=0.00..796071.18 rows=18972194 width=4) (actual time=0.030..17563.734 rows=22349515 loops=1)
        Filter: ((person_id < 2563176) AND (role_id < 6))
        Rows Removed by Filter: 13894829
  ->  Hash  (cost=67604.59..67604.59 rows=1860996 width=4) (actual time=1861.491..1861.491 rows=1865487 loops=1)
        Buckets: 131072  Batches: 32  Memory Usage: 3079kB
        ->  Seq Scan on title t  (cost=0.00..67604.59 rows=1860996 width=4) (actual time=0.011..1252.529 rows=1865487 loops=1)
              Filter: (kind_id > 1)
              Rows Removed by Filter: 662825
Planning time: 0.749 ms
Execution time: 38756.140 ms
