Hash Join  (cost=69409.47..193809.42 rows=196791 width=0) (actual time=1135.048..4018.137 rows=94229 loops=1)
  Hash Cond: (mk.movie_id = t.id)
  ->  Seq Scan on movie_keyword mk  (cost=0.00..69693.30 rows=4523930 width=4) (actual time=0.021..1479.457 rows=4523930 loops=1)
  ->  Hash  (cost=67604.59..67604.59 rows=109991 width=4) (actual time=1134.090..1134.090 rows=112515 loops=1)
        Buckets: 131072  Batches: 2  Memory Usage: 3002kB
        ->  Seq Scan on title t  (cost=0.00..67604.59 rows=109991 width=4) (actual time=0.019..1093.624 rows=112515 loops=1)
              Filter: (production_year < 1929)
              Rows Removed by Filter: 2415797
Planning time: 0.676 ms
Execution time: 4031.480 ms
