Hash Join  (cost=71711.64..133025.46 rows=18983 width=0) (actual time=1455.474..2167.076 rows=10471 loops=1)
  Hash Cond: (mc.movie_id = t.id)
  ->  Seq Scan on movie_companies mc  (cost=0.00..57926.93 rows=191748 width=4) (actual time=212.274..842.679 rows=86640 loops=1)
        Filter: ((company_id < 222) AND (company_type_id = 2))
        Rows Removed by Filter: 2522489
  ->  Hash  (cost=67604.59..67604.59 rows=250324 width=4) (actual time=1240.073..1240.073 rows=252521 loops=1)
        Buckets: 131072  Batches: 4  Memory Usage: 3244kB
        ->  Seq Scan on title t  (cost=0.00..67604.59 rows=250324 width=4) (actual time=0.022..1154.473 rows=252521 loops=1)
              Filter: (production_year < 1961)
              Rows Removed by Filter: 2275791
Planning time: 0.523 ms
Execution time: 2168.924 ms
