Hash Join  (cost=101545.30..193223.01 rows=17293 width=0) (actual time=1854.033..3757.069 rows=12072 loops=1)
  Hash Cond: (mk.movie_id = t.id)
  ->  Seq Scan on movie_keyword mk  (cost=0.00..81003.12 rows=2800440 width=4) (actual time=0.016..1476.303 rows=2789798 loops=1)
        Filter: (keyword_id < 8140)
        Rows Removed by Filter: 1734132
  ->  Hash  (cost=101350.13..101350.13 rows=15614 width=8) (actual time=1851.983..1851.983 rows=9801 loops=1)
        Buckets: 16384  Batches: 1  Memory Usage: 511kB
        ->  Hash Join  (cost=74283.51..101350.13 rows=15614 width=8) (actual time=1169.270..1848.488 rows=9801 loops=1)
              Hash Cond: (mi_idx.movie_id = t.id)
              ->  Seq Scan on movie_info_idx mi_idx  (cost=0.00..21735.35 rows=1380035 width=4) (actual time=0.013..344.546 rows=1380035 loops=1)
              ->  Hash  (cost=73925.90..73925.90 rows=28608 width=4) (actual time=1168.641..1168.641 rows=32134 loops=1)
                    Buckets: 32768  Batches: 1  Memory Usage: 1386kB
                    ->  Seq Scan on title t  (cost=0.00..73925.90 rows=28608 width=4) (actual time=0.014..1155.291 rows=32134 loops=1)
                          Filter: ((kind_id = 7) AND (production_year = 1998))
                          Rows Removed by Filter: 2496178
Planning time: 1.133 ms
Execution time: 3758.804 ms
