Seq Scan on cast_info ci  (cost=0.00..796071.18 rows=60 width=0) (actual time=1327.413..10945.345 rows=8 loops=1)
  Filter: ((person_id = 3988882) AND (role_id = 10))
  Rows Removed by Filter: 36244336
Planning time: 0.398 ms
Execution time: 10945.441 ms
