Hash Join  (cost=190230.21..1049926.34 rows=1867363 width=0) (actual time=8246.570..21087.182 rows=4949037 loops=1)
  Hash Cond: (ci.movie_id = t.id)
  ->  Seq Scan on cast_info ci  (cost=0.00..796071.18 rows=3421418 width=4) (actual time=3670.637..12665.302 rows=4395288 loops=1)
        Filter: ((person_id < 587190) AND (role_id < 3))
        Rows Removed by Filter: 31849056
  ->  Hash  (cost=167588.78..167588.78 rows=1380035 width=8) (actual time=4574.150..4574.150 rows=1380035 loops=1)
        Buckets: 131072  Batches: 32  Memory Usage: 2708kB
        ->  Hash Join  (cost=102767.86..167588.78 rows=1380035 width=8) (actual time=2240.241..4205.054 rows=1380035 loops=1)
              Hash Cond: (mi_idx.movie_id = t.id)
              ->  Seq Scan on movie_info_idx mi_idx  (cost=0.00..21735.35 rows=1380035 width=4) (actual time=0.016..535.005 rows=1380035 loops=1)
              ->  Hash  (cost=61283.27..61283.27 rows=2528527 width=4) (actual time=2239.302..2239.302 rows=2528312 loops=1)
                    Buckets: 131072  Batches: 64  Memory Usage: 2415kB
                    ->  Seq Scan on title t  (cost=0.00..61283.27 rows=2528527 width=4) (actual time=0.018..1223.117 rows=2528312 loops=1)
Planning time: 1.251 ms
Execution time: 21683.346 ms
