Seq Scan on movie_companies mc  (cost=0.00..51404.11 rows=1500507 width=0) (actual time=0.015..943.174 rows=1505396 loops=1)
  Filter: (company_id > 7589)
  Rows Removed by Filter: 1103733
Planning time: 0.228 ms
Execution time: 1127.854 ms
