Nested Loop  (cost=0.43..83072.90 rows=6 width=0) (actual time=247.787..1355.796 rows=1 loops=1)
  ->  Seq Scan on movie_keyword mk  (cost=0.00..81003.12 rows=246 width=4) (actual time=20.308..1346.772 rows=76 loops=1)
        Filter: (keyword_id = 12005)
        Rows Removed by Filter: 4523854
  ->  Index Scan using title_pkey on title t  (cost=0.43..8.40 rows=1 width=4) (actual time=0.114..0.114 rows=0 loops=76)
        Index Cond: (id = mk.movie_id)
        Filter: ((kind_id < 7) AND (production_year = 2011))
        Rows Removed by Filter: 1
Planning time: 0.821 ms
Execution time: 1355.902 ms
