Hash Join  (cost=85727.72..132464.02 rows=119889 width=144) (actual time=2081.605..2946.155 rows=209880 loops=1)
  Hash Cond: (mi_idx.movie_id = t.id)
  ->  Seq Scan on movie_info_idx mi_idx  (cost=0.00..25185.44 rows=454124 width=50) (actual time=0.026..516.888 rows=459925 loops=1)
        Filter: (info_type_id = 100)
        Rows Removed by Filter: 920110
  ->  Hash  (cost=67604.59..67604.59 rows=667531 width=94) (actual time=1609.112..1609.112 rows=662825 loops=1)
        Buckets: 32768  Batches: 32  Memory Usage: 2489kB
        ->  Seq Scan on title t  (cost=0.00..67604.59 rows=667531 width=94) (actual time=0.013..1330.912 rows=662825 loops=1)
              Filter: (kind_id = 1)
              Rows Removed by Filter: 1865487
Planning time: 0.989 ms
Execution time: 2957.981 ms
