Seq Scan on cast_info ci  (cost=0.00..705507.15 rows=500 width=0) (actual time=9429.363..11015.568 rows=140 loops=1)
  Filter: (person_id = 2531612)
  Rows Removed by Filter: 36244204
Planning time: 0.368 ms
Execution time: 11015.701 ms
