Hash Join  (cost=451734.67..580486.69 rows=553998 width=0) (actual time=8301.789..13851.811 rows=9856148 loops=1)
  Hash Cond: (mk.movie_id = t.id)
  ->  Seq Scan on movie_keyword mk  (cost=0.00..69693.30 rows=4523930 width=4) (actual time=0.017..1379.500 rows=4523930 loops=1)
  ->  Hash  (cost=446654.15..446654.15 rows=309642 width=8) (actual time=8301.133..8301.133 rows=347246 loops=1)
        Buckets: 131072  Batches: 8  Memory Usage: 2725kB
        ->  Hash Join  (cost=74698.31..446654.15 rows=309642 width=8) (actual time=1909.577..8206.282 rows=347246 loops=1)
              Hash Cond: (mi.movie_id = t.id)
              ->  Seq Scan on movie_info mi  (cost=0.00..346232.03 rows=1810770 width=4) (actual time=636.191..5658.192 rows=1865632 loops=1)
                    Filter: (info_type_id > 17)
                    Rows Removed by Filter: 12970088
              ->  Hash  (cost=67604.59..67604.59 rows=432378 width=4) (actual time=1272.529..1272.529 rows=423779 loops=1)
                    Buckets: 131072  Batches: 8  Memory Usage: 2891kB
                    ->  Seq Scan on title t  (cost=0.00..67604.59 rows=432378 width=4) (actual time=0.038..1130.913 rows=423779 loops=1)
                          Filter: (production_year < 1974)
                          Rows Removed by Filter: 2104533
Planning time: 0.773 ms
Execution time: 15056.424 ms
