Seq Scan on movie_keyword mk  (cost=0.00..81003.12 rows=1168101 width=0) (actual time=0.018..1274.710 rows=1182898 loops=1)
  Filter: (keyword_id > 15748)
  Rows Removed by Filter: 3341032
Planning time: 0.351 ms
Execution time: 1420.763 ms
