Seq Scan on cast_info ci  (cost=0.00..705507.15 rows=4058264 width=0) (actual time=5843.596..11173.931 rows=4094239 loops=1)
  Filter: (person_id > 3306671)
  Rows Removed by Filter: 32150105
Planning time: 0.229 ms
Execution time: 11688.730 ms
