Hash Join  (cost=74438.43..441484.42 rows=239006 width=0) (actual time=1245.397..9751.368 rows=61354 loops=1)
  Hash Cond: (mi.movie_id = t.id)
  ->  Seq Scan on movie_info mi  (cost=0.00..309384.22 rows=14739122 width=4) (actual time=0.021..4516.668 rows=14835720 loops=1)
  ->  Hash  (cost=73925.90..73925.90 rows=41002 width=4) (actual time=1244.596..1244.596 rows=40409 loops=1)
        Buckets: 65536  Batches: 1  Memory Usage: 1933kB
        ->  Seq Scan on title t  (cost=0.00..73925.90 rows=41002 width=4) (actual time=0.029..1227.046 rows=40409 loops=1)
              Filter: ((kind_id > 4) AND (production_year > 2012))
              Rows Removed by Filter: 2487903
Planning time: 0.940 ms
Execution time: 9760.861 ms
