Nested Loop  (cost=0.43..83072.29 rows=139 width=0) (actual time=382.089..1200.657 rows=2 loops=1)
  ->  Seq Scan on movie_keyword mk  (cost=0.00..81003.12 rows=246 width=4) (actual time=382.036..1200.515 rows=3 loops=1)
        Filter: (keyword_id = 35934)
        Rows Removed by Filter: 4523927
  ->  Index Scan using title_pkey on title t  (cost=0.43..8.40 rows=1 width=4) (actual time=0.040..0.041 rows=1 loops=3)
        Index Cond: (id = mk.movie_id)
        Filter: (production_year > 1999)
        Rows Removed by Filter: 0
Planning time: 0.734 ms
Execution time: 1200.749 ms
