Hash Join  (cost=83074.74..447745.01 rows=1434 width=0) (actual time=1302.413..8870.999 rows=33830 loops=1)
  Hash Cond: (mi.movie_id = t.id)
  ->  Seq Scan on movie_info mi  (cost=0.00..309384.22 rows=14739122 width=4) (actual time=0.018..4671.882 rows=14835720 loops=1)
  ->  Hash  (cost=83071.67..83071.67 rows=246 width=8) (actual time=1301.427..1301.427 rows=629 loops=1)
        Buckets: 1024  Batches: 1  Memory Usage: 33kB
        ->  Nested Loop  (cost=0.43..83071.67 rows=246 width=8) (actual time=4.145..1300.894 rows=629 loops=1)
              ->  Seq Scan on movie_keyword mk  (cost=0.00..81003.12 rows=246 width=4) (actual time=4.085..1265.219 rows=629 loops=1)
                    Filter: (keyword_id = 403)
                    Rows Removed by Filter: 4523301
              ->  Index Only Scan using title_pkey on title t  (cost=0.43..8.40 rows=1 width=4) (actual time=0.055..0.055 rows=1 loops=629)
                    Index Cond: (id = mk.movie_id)
                    Heap Fetches: 629
Planning time: 1.079 ms
Execution time: 8876.747 ms
