Hash Join  (cost=96376.07..509469.27 rows=1961134 width=0) (actual time=2121.082..10257.495 rows=494238 loops=1)
  Hash Cond: (mi.movie_id = t.id)
  ->  Seq Scan on movie_info mi  (cost=0.00..346232.03 rows=3623957 width=4) (actual time=1.710..6069.866 rows=3624977 loops=1)
        Filter: (info_type_id < 4)
        Rows Removed by Filter: 11210743
  ->  Hash  (cost=73925.90..73925.90 rows=1368333 width=4) (actual time=2116.474..2116.474 rows=1444787 loops=1)
        Buckets: 131072  Batches: 32  Memory Usage: 2619kB
        ->  Seq Scan on title t  (cost=0.00..73925.90 rows=1368333 width=4) (actual time=0.028..1317.132 rows=1444787 loops=1)
              Filter: ((production_year > 1957) AND (kind_id = 7))
              Rows Removed by Filter: 1083525
Planning time: 0.753 ms
Execution time: 10316.915 ms
