Hash Join  (cost=899283.50..1391491.14 rows=1162271 width=0) (actual time=16814.251..29302.048 rows=425870 loops=1)
  Hash Cond: (mi.movie_id = t.id)
  ->  Seq Scan on movie_info mi  (cost=0.00..309384.22 rows=14739122 width=4) (actual time=0.010..6087.723 rows=14835720 loops=1)
  ->  Hash  (cost=896012.12..896012.12 rows=199390 width=8) (actual time=16813.341..16813.341 rows=91249 loops=1)
        Buckets: 131072  Batches: 4  Memory Usage: 1917kB
        ->  Hash Join  (cost=87731.24..896012.12 rows=199390 width=8) (actual time=1512.804..16782.642 rows=91249 loops=1)
              Hash Cond: (ci.movie_id = t.id)
              ->  Seq Scan on cast_info ci  (cost=0.00..796071.18 rows=599147 width=4) (actual time=0.395..14934.800 rows=334255 loops=1)
                    Filter: ((person_id < 3014565) AND (role_id = 6))
                    Rows Removed by Filter: 35910089
              ->  Hash  (cost=73925.90..73925.90 rows=841467 width=4) (actual time=1511.158..1511.158 rows=921643 loops=1)
                    Buckets: 131072  Batches: 16  Memory Usage: 3057kB
                    ->  Seq Scan on title t  (cost=0.00..73925.90 rows=841467 width=4) (actual time=0.018..1229.846 rows=921643 loops=1)
                          Filter: ((production_year > 2000) AND (kind_id = 7))
                          Rows Removed by Filter: 1606669
Planning time: 1.247 ms
Execution time: 29353.490 ms
