Hash Join  (cost=82805.75..1252965.39 rows=13273647 width=0) (actual time=1513.178..36064.854 rows=12378907 loops=1)
  Hash Cond: (ci.movie_id = t.id)
  ->  Seq Scan on cast_info ci  (cost=0.00..614943.12 rows=36225612 width=4) (actual time=0.021..12516.153 rows=36244344 loops=1)
  ->  Hash  (cost=67604.59..67604.59 rows=926493 width=4) (actual time=1512.226..1512.226 rows=924605 loops=1)
        Buckets: 131072  Batches: 16  Memory Usage: 3056kB
        ->  Seq Scan on title t  (cost=0.00..67604.59 rows=926493 width=4) (actual time=0.020..1220.090 rows=924605 loops=1)
              Filter: (production_year < 1998)
              Rows Removed by Filter: 1603707
Planning time: 0.728 ms
Execution time: 37481.659 ms
