Hash Join  (cost=74148.46..125611.37 rows=108 width=0) (actual time=1465.120..1929.440 rows=42 loops=1)
  Hash Cond: (mc.movie_id = t.id)
  ->  Seq Scan on movie_companies mc  (cost=0.00..51404.11 rows=15393 width=4) (actual time=276.728..738.003 rows=14191 loops=1)
        Filter: (company_id > 221583)
        Rows Removed by Filter: 2594938
  ->  Hash  (cost=73925.90..73925.90 rows=17804 width=4) (actual time=1187.867..1187.867 rows=16608 loops=1)
        Buckets: 32768  Batches: 1  Memory Usage: 840kB
        ->  Seq Scan on title t  (cost=0.00..73925.90 rows=17804 width=4) (actual time=0.074..1180.370 rows=16608 loops=1)
              Filter: ((production_year < 1975) AND (kind_id = 3))
              Rows Removed by Filter: 2511704
Planning time: 0.771 ms
Execution time: 1929.635 ms
