Hash Join  (cost=79653.55..209265.39 rows=624580 width=0) (actual time=1428.665..5034.146 rows=990960 loops=1)
  Hash Cond: (mk.movie_id = t.id)
  ->  Seq Scan on movie_keyword mk  (cost=0.00..69693.30 rows=4523930 width=4) (actual time=0.013..1490.488 rows=4523930 loops=1)
  ->  Hash  (cost=73925.90..73925.90 rows=349092 width=4) (actual time=1427.129..1427.129 rows=265275 loops=1)
        Buckets: 131072  Batches: 8  Memory Usage: 2198kB
        ->  Seq Scan on title t  (cost=0.00..73925.90 rows=349092 width=4) (actual time=188.995..1340.575 rows=265275 loops=1)
              Filter: ((production_year > 2001) AND (kind_id = 1))
              Rows Removed by Filter: 2263037
Planning time: 0.716 ms
Execution time: 5152.917 ms
