Hash Join  (cost=365418.15..1268041.56 rows=9318262 width=0) (actual time=11918.607..34269.341 rows=42959275 loops=1)
  Hash Cond: (ci.movie_id = t.id)
  ->  Seq Scan on cast_info ci  (cost=0.00..705507.15 rows=5208188 width=4) (actual time=2477.158..12022.633 rows=5268617 loops=1)
        Filter: (person_id > 3134441)
        Rows Removed by Filter: 30975727
  ->  Hash  (cost=291197.02..291197.02 rows=4523930 width=8) (actual time=9438.908..9438.908 rows=4523930 loops=1)
        Buckets: 131072  Batches: 64  Memory Usage: 3816kB
        ->  Hash Join  (cost=102767.86..291197.02 rows=4523930 width=8) (actual time=2095.433..8231.913 rows=4523930 loops=1)
              Hash Cond: (mk.movie_id = t.id)
              ->  Seq Scan on movie_keyword mk  (cost=0.00..69693.30 rows=4523930 width=4) (actual time=0.028..1498.873 rows=4523930 loops=1)
              ->  Hash  (cost=61283.27..61283.27 rows=2528527 width=4) (actual time=2094.423..2094.423 rows=2528312 loops=1)
                    Buckets: 131072  Batches: 64  Memory Usage: 2425kB
                    ->  Seq Scan on title t  (cost=0.00..61283.27 rows=2528527 width=4) (actual time=0.020..1233.345 rows=2528312 loops=1)
Planning time: 1.126 ms
Execution time: 38936.179 ms
