Hash Join  (cost=83810.17..164924.97 rows=488110 width=0) (actual time=1685.285..3730.388 rows=957407 loops=1)
  Hash Cond: (mc.movie_id = t.id)
  ->  Seq Scan on movie_companies mc  (cost=0.00..57926.93 rows=1249536 width=4) (actual time=283.972..1206.960 rows=1274246 loops=1)
        Filter: ((company_id < 183715) AND (company_type_id < 2))
        Rows Removed by Filter: 1334883
  ->  Hash  (cost=67604.59..67604.59 rows=987727 width=4) (actual time=1400.431..1400.431 rows=985048 loops=1)
        Buckets: 131072  Batches: 16  Memory Usage: 3188kB
        ->  Seq Scan on title t  (cost=0.00..67604.59 rows=987727 width=4) (actual time=0.030..1096.339 rows=985048 loops=1)
              Filter: (kind_id < 7)
              Rows Removed by Filter: 1543264
Planning time: 0.759 ms
Execution time: 3852.745 ms
