Hash Join  (cost=83568.99..166979.55 rows=606503 width=0) (actual time=1434.043..3906.387 rows=1221150 loops=1)
  Hash Cond: (mc.movie_id = t.id)
  ->  Seq Scan on movie_companies mc  (cost=0.00..44881.29 rows=2609129 width=4) (actual time=0.029..820.403 rows=2609129 loops=1)
  ->  Hash  (cost=73925.90..73925.90 rows=587767 width=4) (actual time=1433.127..1433.127 rows=594730 loops=1)
        Buckets: 131072  Batches: 8  Memory Usage: 3648kB
        ->  Seq Scan on title t  (cost=0.00..73925.90 rows=587767 width=4) (actual time=644.375..1240.521 rows=594730 loops=1)
              Filter: ((production_year < 2012) AND (kind_id = 1))
              Rows Removed by Filter: 1933582
Planning time: 2.224 ms
Execution time: 4057.618 ms
