Nested Loop  (cost=0.43..52283.95 rows=41 width=0) (actual time=303.254..800.635 rows=5 loops=1)
  ->  Seq Scan on movie_companies mc  (cost=0.00..51404.11 rows=104 width=4) (actual time=303.175..800.326 rows=5 loops=1)
        Filter: (company_id = 48800)
        Rows Removed by Filter: 2609124
  ->  Index Scan using title_pkey on title t  (cost=0.43..8.45 rows=1 width=4) (actual time=0.053..0.054 rows=1 loops=5)
        Index Cond: (id = mc.movie_id)
        Filter: (kind_id < 7)
Planning time: 0.809 ms
Execution time: 800.739 ms
