Nested Loop  (cost=0.43..83072.90 rows=68 width=0) (actual time=41.403..1238.949 rows=64 loops=1)
  ->  Seq Scan on movie_keyword mk  (cost=0.00..81003.12 rows=246 width=4) (actual time=41.330..1235.124 rows=74 loops=1)
        Filter: (keyword_id = 8266)
        Rows Removed by Filter: 4523856
  ->  Index Scan using title_pkey on title t  (cost=0.43..8.40 rows=1 width=4) (actual time=0.046..0.047 rows=1 loops=74)
        Index Cond: (id = mk.movie_id)
        Filter: ((kind_id < 7) AND (production_year < 2009))
        Rows Removed by Filter: 0
Planning time: 0.602 ms
Execution time: 1239.081 ms
