Nested Loop  (cost=0.43..83071.67 rows=246 width=0) (actual time=0.156..1277.189 rows=852 loops=1)
  ->  Seq Scan on movie_keyword mk  (cost=0.00..81003.12 rows=246 width=4) (actual time=0.095..1237.677 rows=852 loops=1)
        Filter: (keyword_id = 1651)
        Rows Removed by Filter: 4523078
  ->  Index Only Scan using title_pkey on title t  (cost=0.43..8.40 rows=1 width=4) (actual time=0.045..0.045 rows=1 loops=852)
        Index Cond: (id = mk.movie_id)
        Heap Fetches: 852
Planning time: 0.714 ms
Execution time: 1277.547 ms
