Hash Join  (cost=95252.32..460854.78 rows=94655 width=0) (actual time=1722.147..9263.391 rows=321002 loops=1)
  Hash Cond: (mi.movie_id = t.id)
  ->  Seq Scan on movie_info mi  (cost=0.00..309384.22 rows=14739122 width=4) (actual time=0.026..4172.945 rows=14835720 loops=1)
  ->  Hash  (cost=95049.35..95049.35 rows=16238 width=8) (actual time=1721.845..1721.845 rows=21438 loops=1)
        Buckets: 32768 (originally 16384)  Batches: 1 (originally 1)  Memory Usage: 1094kB
        ->  Hash Join  (cost=67976.49..95049.35 rows=16238 width=8) (actual time=1061.055..1713.330 rows=21438 loops=1)
              Hash Cond: (mi_idx.movie_id = t.id)
              ->  Seq Scan on movie_info_idx mi_idx  (cost=0.00..21735.35 rows=1380035 width=4) (actual time=0.025..314.881 rows=1380035 loops=1)
              ->  Hash  (cost=67604.59..67604.59 rows=29752 width=4) (actual time=1060.243..1060.243 rows=30027 loops=1)
                    Buckets: 32768  Batches: 1  Memory Usage: 1312kB
                    ->  Seq Scan on title t  (cost=0.00..67604.59 rows=29752 width=4) (actual time=0.053..1047.129 rows=30027 loops=1)
                          Filter: (production_year = 1994)
                          Rows Removed by Filter: 2498285
Planning time: 1.216 ms
Execution time: 9307.396 ms
