Seq Scan on cast_info ci  (cost=0.00..796071.18 rows=3421748 width=0) (actual time=5.633..11384.697 rows=2788 loops=1)
  Filter: ((person_id < 1666484) AND (role_id = 2))
  Rows Removed by Filter: 36241556
Planning time: 0.380 ms
Execution time: 11386.420 ms
