Nested Loop  (cost=25190.47..106244.59 rows=1 width=0) (actual time=643.091..1757.680 rows=13 loops=1)
  ->  Hash Join  (cost=25190.04..106236.22 rows=1 width=8) (actual time=643.010..1757.105 rows=13 loops=1)
        Hash Cond: (mk.movie_id = mi_idx.movie_id)
        ->  Seq Scan on movie_keyword mk  (cost=0.00..81003.12 rows=246 width=4) (actual time=0.945..1357.678 rows=4147 loops=1)
              Filter: (keyword_id = 813)
              Rows Removed by Filter: 4519783
        ->  Hash  (cost=25185.44..25185.44 rows=368 width=4) (actual time=397.859..397.859 rows=260 loops=1)
              Buckets: 1024  Batches: 1  Memory Usage: 18kB
              ->  Seq Scan on movie_info_idx mi_idx  (cost=0.00..25185.44 rows=368 width=4) (actual time=261.661..397.762 rows=260 loops=1)
                    Filter: (info_type_id > 101)
                    Rows Removed by Filter: 1379775
  ->  Index Only Scan using title_pkey on title t  (cost=0.43..8.36 rows=1 width=4) (actual time=0.037..0.038 rows=1 loops=13)
        Index Cond: (id = mi_idx.movie_id)
        Heap Fetches: 13
Planning time: 0.773 ms
Execution time: 1757.766 ms
