Hash Join  (cost=28270.40..116894.36 rows=296 width=0) (actual time=442.550..2140.090 rows=20243 loops=1)
  Hash Cond: (mk.movie_id = t.id)
  ->  Seq Scan on movie_keyword mk  (cost=0.00..81003.12 rows=2031433 width=4) (actual time=0.024..1396.668 rows=2036938 loops=1)
        Filter: (keyword_id > 6043)
        Rows Removed by Filter: 2486992
  ->  Hash  (cost=28265.80..28265.80 rows=368 width=8) (actual time=438.147..438.147 rows=260 loops=1)
        Buckets: 1024  Batches: 1  Memory Usage: 19kB
        ->  Nested Loop  (cost=0.43..28265.80 rows=368 width=8) (actual time=214.453..438.008 rows=260 loops=1)
              ->  Seq Scan on movie_info_idx mi_idx  (cost=0.00..25185.44 rows=368 width=4) (actual time=214.359..420.565 rows=260 loops=1)
                    Filter: (info_type_id > 101)
                    Rows Removed by Filter: 1379775
              ->  Index Only Scan using title_pkey on title t  (cost=0.43..8.36 rows=1 width=4) (actual time=0.066..0.066 rows=1 loops=260)
                    Index Cond: (id = mi_idx.movie_id)
                    Heap Fetches: 260
Planning time: 1.120 ms
Execution time: 2142.763 ms
