Seq Scan on movie_companies mc  (cost=0.00..57926.93 rows=42883 width=0) (actual time=522.910..843.381 rows=84138 loops=1)
  Filter: ((company_id > 167378) AND (company_type_id > 1))
  Rows Removed by Filter: 2524991
Planning time: 0.326 ms
Execution time: 853.394 ms
