Seq Scan on movie_keyword mk  (cost=0.00..81003.12 rows=1047653 width=0) (actual time=0.016..1448.078 rows=1058482 loops=1)
  Filter: (keyword_id > 16679)
  Rows Removed by Filter: 3465448
Planning time: 0.302 ms
Execution time: 1583.338 ms
