Seq Scan on cast_info ci  (cost=0.00..796071.18 rows=14842308 width=0) (actual time=0.014..16266.667 rows=20122661 loops=1)
  Filter: ((person_id < 2766770) AND (role_id < 3))
  Rows Removed by Filter: 16121683
Planning time: 0.350 ms
Execution time: 18763.007 ms
