Seq Scan on movie_keyword mk  (cost=0.00..81003.12 rows=1895327 width=0) (actual time=0.017..1441.952 rows=1904408 loops=1)
  Filter: (keyword_id > 7097)
  Rows Removed by Filter: 2619522
Planning time: 0.301 ms
Execution time: 1674.508 ms
