Seq Scan on movie_keyword mk  (cost=0.00..81003.12 rows=1013380 width=0) (actual time=0.014..1336.882 rows=1020258 loops=1)
  Filter: (keyword_id > 17640)
  Rows Removed by Filter: 3503672
Planning time: 0.319 ms
Execution time: 1467.818 ms
