Hash Join  (cost=93093.72..163465.87 rows=418084 width=0) (actual time=1931.527..3422.289 rows=366859 loops=1)
  Hash Cond: (mc.movie_id = t.id)
  ->  Seq Scan on movie_companies mc  (cost=0.00..51404.11 rows=680438 width=4) (actual time=0.021..864.501 rows=672329 loops=1)
        Filter: (company_id < 1085)
        Rows Removed by Filter: 1936800
  ->  Hash  (cost=67604.59..67604.59 rows=1553611 width=4) (actual time=1869.631..1869.631 rows=1555864 loops=1)
        Buckets: 131072  Batches: 32  Memory Usage: 2734kB
        ->  Seq Scan on title t  (cost=0.00..67604.59 rows=1553611 width=4) (actual time=0.015..1373.720 rows=1555864 loops=1)
              Filter: (kind_id > 4)
              Rows Removed by Filter: 972448
Planning time: 0.811 ms
Execution time: 3463.850 ms
