Hash Join  (cost=166235.71..661665.02 rows=1464138 width=0) (actual time=3952.407..21551.374 rows=18799135 loops=1)
  Hash Cond: (mi.movie_id = t.id)
  ->  Seq Scan on movie_info mi  (cost=0.00..309384.22 rows=14739122 width=4) (actual time=0.016..6131.059 rows=14835720 loops=1)
  ->  Hash  (cost=162114.01..162114.01 rows=251176 width=8) (actual time=3948.348..3948.348 rows=726074 loops=1)
        Buckets: 131072 (originally 131072)  Batches: 8 (originally 4)  Memory Usage: 4619kB
        ->  Hash Join  (cost=78058.28..162114.01 rows=251176 width=8) (actual time=1398.116..3757.085 rows=726074 loops=1)
              Hash Cond: (mc.movie_id = t.id)
              ->  Seq Scan on movie_companies mc  (cost=0.00..51404.11 rows=2521562 width=4) (actual time=0.019..1026.901 rows=2521420 loops=1)
                    Filter: (company_id < 165143)
                    Rows Removed by Filter: 87709
              ->  Hash  (cost=73925.90..73925.90 rows=251870 width=4) (actual time=1397.318..1397.318 rows=365623 loops=1)
                    Buckets: 131072 (originally 131072)  Batches: 8 (originally 4)  Memory Usage: 3073kB
                    ->  Seq Scan on title t  (cost=0.00..73925.90 rows=251870 width=4) (actual time=0.030..1265.406 rows=365623 loops=1)
                          Filter: ((kind_id < 7) AND (production_year < 1988))
                          Rows Removed by Filter: 2162689
Planning time: 1.179 ms
Execution time: 23498.724 ms
