Nested Loop  (cost=0.43..83071.67 rows=246 width=0) (actual time=1.099..1268.331 rows=1524 loops=1)
  ->  Seq Scan on movie_keyword mk  (cost=0.00..81003.12 rows=246 width=4) (actual time=1.044..1219.738 rows=1524 loops=1)
        Filter: (keyword_id = 262)
        Rows Removed by Filter: 4522406
  ->  Index Only Scan using title_pkey on title t  (cost=0.43..8.40 rows=1 width=4) (actual time=0.030..0.031 rows=1 loops=1524)
        Index Cond: (id = mk.movie_id)
        Heap Fetches: 1524
Planning time: 2.295 ms
Execution time: 1268.909 ms
