Seq Scan on movie_keyword mk  (cost=0.00..81003.12 rows=3236047 width=0) (actual time=0.024..1513.174 rows=3225000 loops=1)
  Filter: (keyword_id < 13580)
  Rows Removed by Filter: 1298930
Planning time: 0.373 ms
Execution time: 1904.300 ms
