Seq Scan on cast_info ci  (cost=0.00..796071.18 rows=3209911 width=0) (actual time=349.030..12777.101 rows=7240845 loops=1)
  Filter: ((person_id > 2944443) AND (role_id > 2))
  Rows Removed by Filter: 29003499
Planning time: 0.985 ms
Execution time: 13643.536 ms
