Hash Join  (cost=178355.41..218207.26 rows=125836 width=0) (actual time=3994.606..5410.744 rows=1522158 loops=1)
  Hash Cond: (mi_idx.movie_id = t.id)
  ->  Seq Scan on movie_info_idx mi_idx  (cost=0.00..21735.35 rows=1380035 width=4) (actual time=0.016..498.555 rows=1380035 loops=1)
  ->  Hash  (cost=174572.43..174572.43 rows=230559 width=8) (actual time=3906.242..3906.242 rows=584855 loops=1)
        Buckets: 131072 (originally 131072)  Batches: 8 (originally 4)  Memory Usage: 3930kB
        ->  Hash Join  (cost=78556.72..174572.43 rows=230559 width=8) (actual time=1375.209..3762.538 rows=584855 loops=1)
              Hash Cond: (mk.movie_id = t.id)
              ->  Seq Scan on movie_keyword mk  (cost=0.00..81003.12 rows=873330 width=4) (actual time=0.028..1486.636 rows=881406 loops=1)
                    Filter: (keyword_id > 20934)
                    Rows Removed by Filter: 3642524
              ->  Hash  (cost=67604.59..67604.59 rows=667531 width=4) (actual time=1374.269..1374.269 rows=662825 loops=1)
                    Buckets: 131072  Batches: 16  Memory Usage: 2486kB
                    ->  Seq Scan on title t  (cost=0.00..67604.59 rows=667531 width=4) (actual time=0.015..1173.148 rows=662825 loops=1)
                          Filter: (kind_id = 1)
                          Rows Removed by Filter: 1865487
Planning time: 0.721 ms
Execution time: 5576.998 ms
