Seq Scan on movie_keyword mk  (cost=0.00..81003.12 rows=3429485 width=0) (actual time=0.025..1622.558 rows=3421625 loops=1)
  Filter: (keyword_id > 1132)
  Rows Removed by Filter: 1102305
Planning time: 0.327 ms
Execution time: 2045.399 ms
