Seq Scan on title t  (cost=0.00..73925.90 rows=1141836 width=0) (actual time=0.023..1316.142 rows=1235288 loops=1)
  Filter: ((production_year > 1984) AND (kind_id = 7))
  Rows Removed by Filter: 1293024
Planning time: 0.342 ms
Execution time: 1474.465 ms
