Hash Join  (cost=173043.95..1023721.86 rows=376577 width=0) (actual time=7318.976..23524.562 rows=2751486 loops=1)
  Hash Cond: (ci.movie_id = t.id)
  ->  Seq Scan on cast_info ci  (cost=0.00..705507.15 rows=12203201 width=4) (actual time=4113.239..14461.862 rows=12113646 loops=1)
        Filter: (role_id > 3)
        Rows Removed by Filter: 24130698
  ->  Hash  (cost=171763.62..171763.62 rows=78027 width=8) (actual time=3204.720..3204.720 rows=184766 loops=1)
        Buckets: 131072 (originally 131072)  Batches: 4 (originally 2)  Memory Usage: 3073kB
        ->  Hash Join  (cost=83810.17..171763.62 rows=78027 width=8) (actual time=1516.041..3149.696 rows=184766 loops=1)
              Hash Cond: (mk.movie_id = t.id)
              ->  Seq Scan on movie_keyword mk  (cost=0.00..81003.12 rows=199746 width=4) (actual time=0.033..1325.778 rows=217936 loops=1)
                    Filter: (keyword_id < 154)
                    Rows Removed by Filter: 4305994
              ->  Hash  (cost=67604.59..67604.59 rows=987727 width=4) (actual time=1514.880..1514.880 rows=985048 loops=1)
                    Buckets: 131072  Batches: 16  Memory Usage: 3197kB
                    ->  Seq Scan on title t  (cost=0.00..67604.59 rows=987727 width=4) (actual time=0.026..1202.473 rows=985048 loops=1)
                          Filter: (kind_id < 7)
                          Rows Removed by Filter: 1543264
Planning time: 1.027 ms
Execution time: 23826.800 ms
