Nested Loop  (cost=0.43..709671.90 rows=500 width=0) (actual time=670.864..11129.824 rows=222 loops=1)
  ->  Seq Scan on cast_info ci  (cost=0.00..705507.15 rows=500 width=4) (actual time=670.779..11123.065 rows=222 loops=1)
        Filter: (person_id = 3097069)
        Rows Removed by Filter: 36244122
  ->  Index Only Scan using title_pkey on title t  (cost=0.43..8.32 rows=1 width=4) (actual time=0.029..0.029 rows=1 loops=222)
        Index Cond: (id = ci.movie_id)
        Heap Fetches: 222
Planning time: 0.708 ms
Execution time: 11129.975 ms
