Seq Scan on movie_keyword mk  (cost=0.00..81003.12 rows=246 width=0) (actual time=6.012..1203.906 rows=907 loops=1)
  Filter: (keyword_id = 2394)
  Rows Removed by Filter: 4523023
Planning time: 2.923 ms
Execution time: 1204.325 ms
