Hash Join  (cost=102767.86..201827.37 rows=339839 width=0) (actual time=2002.948..3893.429 rows=336866 loops=1)
  Hash Cond: (mk.movie_id = t.id)
  ->  Seq Scan on movie_keyword mk  (cost=0.00..81003.12 rows=339839 width=4) (actual time=41.919..1302.795 rows=336866 loops=1)
        Filter: (keyword_id > 49014)
        Rows Removed by Filter: 4187064
  ->  Hash  (cost=61283.27..61283.27 rows=2528527 width=4) (actual time=1958.426..1958.426 rows=2528312 loops=1)
        Buckets: 131072  Batches: 64  Memory Usage: 2425kB
        ->  Seq Scan on title t  (cost=0.00..61283.27 rows=2528527 width=4) (actual time=0.024..1138.725 rows=2528312 loops=1)
Planning time: 0.700 ms
Execution time: 3930.694 ms
