Hash Join  (cost=246162.28..1485541.00 rows=20011851 width=0) (actual time=4735.053..36444.612 rows=11668752 loops=1)
  Hash Cond: (ci.movie_id = t.id)
  ->  Seq Scan on cast_info ci  (cost=0.00..614943.12 rows=36225612 width=4) (actual time=0.020..13323.903 rows=36244344 loops=1)
  ->  Hash  (cost=223245.08..223245.08 rows=1396816 width=8) (actual time=4733.462..4733.462 rows=349506 loops=1)
        Buckets: 131072  Batches: 32  Memory Usage: 1447kB
        ->  Hash Join  (cost=92883.59..223245.08 rows=1396816 width=8) (actual time=3177.031..4631.682 rows=349506 loops=1)
              Hash Cond: (mk.movie_id = t.id)
              ->  Seq Scan on movie_keyword mk  (cost=0.00..81003.12 rows=2292242 width=4) (actual time=0.030..1567.180 rows=2298943 loops=1)
                    Filter: (keyword_id > 4563)
                    Rows Removed by Filter: 2224987
              ->  Hash  (cost=67604.59..67604.59 rows=1540800 width=4) (actual time=1697.336..1697.336 rows=1543264 loops=1)
                    Buckets: 131072  Batches: 32  Memory Usage: 2728kB
                    ->  Seq Scan on title t  (cost=0.00..67604.59 rows=1540800 width=4) (actual time=157.448..1206.025 rows=1543264 loops=1)
                          Filter: (kind_id = 7)
                          Rows Removed by Filter: 985048
Planning time: 1.095 ms
Execution time: 37707.850 ms
