Nested Loop  (cost=0.43..83072.29 rows=14 width=0) (actual time=1177.990..1210.635 rows=1 loops=1)
  ->  Seq Scan on movie_keyword mk  (cost=0.00..81003.12 rows=246 width=4) (actual time=73.947..1207.659 rows=29 loops=1)
        Filter: (keyword_id = 7972)
        Rows Removed by Filter: 4523901
  ->  Index Scan using title_pkey on title t  (cost=0.43..8.40 rows=1 width=4) (actual time=0.097..0.097 rows=0 loops=29)
        Index Cond: (id = mk.movie_id)
        Filter: (production_year = 2010)
        Rows Removed by Filter: 1
Planning time: 0.749 ms
Execution time: 1210.747 ms
