Hash Join  (cost=93117.31..198130.61 rows=581635 width=0) (actual time=1911.776..4270.263 rows=710968 loops=1)
  Hash Cond: (mk.movie_id = t.id)
  ->  Seq Scan on movie_keyword mk  (cost=0.00..81003.12 rows=945764 width=4) (actual time=0.020..1496.008 rows=957164 loops=1)
        Filter: (keyword_id > 19805)
        Rows Removed by Filter: 3566766
  ->  Hash  (cost=67604.59..67604.59 rows=1555018 width=4) (actual time=1910.208..1910.208 rows=1551727 loops=1)
        Buckets: 131072  Batches: 32  Memory Usage: 2736kB
        ->  Seq Scan on title t  (cost=0.00..67604.59 rows=1555018 width=4) (actual time=0.017..1406.151 rows=1551727 loops=1)
              Filter: (production_year < 2007)
              Rows Removed by Filter: 976585
Planning time: 0.699 ms
Execution time: 4349.447 ms
