Hash Join  (cost=129758.16..481187.27 rows=17841 width=0) (actual time=6513.067..7865.297 rows=104828 loops=1)
  Hash Cond: (mi.movie_id = t.id)
  ->  Seq Scan on movie_info mi  (cost=0.00..346232.03 rows=1338312 width=4) (actual time=4455.412..5494.763 rows=1401902 loops=1)
        Filter: (info_type_id = 7)
        Rows Removed by Filter: 13433818
  ->  Hash  (cost=129336.82..129336.82 rows=33707 width=8) (actual time=2056.772..2056.772 rows=51885 loops=1)
        Buckets: 65536  Batches: 1  Memory Usage: 2539kB
        ->  Hash Join  (cost=74334.23..129336.82 rows=33707 width=8) (actual time=1002.106..2040.794 rows=51885 loops=1)
              Hash Cond: (mc.movie_id = t.id)
              ->  Seq Scan on movie_companies mc  (cost=0.00..44881.29 rows=2609129 width=4) (actual time=0.027..531.986 rows=2609129 loops=1)
              ->  Hash  (cost=73925.90..73925.90 rows=32666 width=4) (actual time=1001.677..1001.677 rows=22974 loops=1)
                    Buckets: 32768  Batches: 1  Memory Usage: 1064kB
                    ->  Seq Scan on title t  (cost=0.00..73925.90 rows=32666 width=4) (actual time=0.029..992.667 rows=22974 loops=1)
                          Filter: ((kind_id < 4) AND (production_year = 2005))
                          Rows Removed by Filter: 2505338
Planning time: 1.617 ms
Execution time: 7878.519 ms
