Hash Join  (cost=101637.21..187990.83 rows=4995 width=0) (actual time=1722.994..3241.147 rows=34108 loops=1)
  Hash Cond: (mk.movie_id = t.id)
  ->  Seq Scan on movie_keyword mk  (cost=0.00..81003.12 rows=1413479 width=4) (actual time=0.022..1255.824 rows=1430031 loops=1)
        Filter: (keyword_id < 1969)
        Rows Removed by Filter: 3093899
  ->  Hash  (cost=101525.52..101525.52 rows=8935 width=8) (actual time=1720.725..1720.725 rows=13238 loops=1)
        Buckets: 16384  Batches: 1  Memory Usage: 646kB
        ->  Hash Join  (cost=74547.77..101525.52 rows=8935 width=8) (actual time=1148.298..1715.135 rows=13238 loops=1)
              Hash Cond: (mi_idx.movie_id = t.id)
              ->  Seq Scan on movie_info_idx mi_idx  (cost=0.00..25185.44 rows=454124 width=4) (actual time=0.019..426.545 rows=459925 loops=1)
                    Filter: (info_type_id = 100)
                    Rows Removed by Filter: 920110
              ->  Hash  (cost=73925.90..73925.90 rows=49749 width=4) (actual time=1147.936..1147.936 rows=44012 loops=1)
                    Buckets: 65536  Batches: 1  Memory Usage: 2060kB
                    ->  Seq Scan on title t  (cost=0.00..73925.90 rows=49749 width=4) (actual time=0.021..1129.804 rows=44012 loops=1)
                          Filter: ((kind_id < 7) AND (production_year = 2009))
                          Rows Removed by Filter: 2484300
Planning time: 1.172 ms
Execution time: 3245.967 ms
