Seq Scan on cast_info ci  (cost=0.00..796071.18 rows=24 width=0) (actual time=3898.244..9733.391 rows=7 loops=1)
  Filter: ((person_id = 2964841) AND (role_id = 8))
  Rows Removed by Filter: 36244337
Planning time: 0.434 ms
Execution time: 9733.506 ms
