Hash Join  (cost=92883.59..1280725.36 rows=15352152 width=0) (actual time=1755.129..34478.354 rows=15136854 loops=1)
  Hash Cond: (ci.movie_id = t.id)
  ->  Seq Scan on cast_info ci  (cost=0.00..705507.15 rows=25193621 width=4) (actual time=0.019..15520.190 rows=25301177 loops=1)
        Filter: (person_id > 1075387)
        Rows Removed by Filter: 10943167
  ->  Hash  (cost=67604.59..67604.59 rows=1540800 width=4) (actual time=1754.300..1754.300 rows=1543264 loops=1)
        Buckets: 131072  Batches: 32  Memory Usage: 2722kB
        ->  Seq Scan on title t  (cost=0.00..67604.59 rows=1540800 width=4) (actual time=0.009..1263.364 rows=1543264 loops=1)
              Filter: (kind_id = 7)
              Rows Removed by Filter: 985048
Planning time: 0.754 ms
Execution time: 36149.374 ms
