Hash Join  (cost=140881.64..1256998.83 rows=8012902 width=0) (actual time=3299.082..40625.999 rows=18546347 loops=1)
  Hash Cond: (ci.movie_id = t.id)
  ->  Seq Scan on cast_info ci  (cost=0.00..614943.12 rows=36225612 width=4) (actual time=0.011..13236.048 rows=36244344 loops=1)
  ->  Hash  (cost=131705.44..131705.44 rows=559296 width=8) (actual time=3298.248..3298.248 rows=681292 loops=1)
        Buckets: 131072 (originally 131072)  Batches: 16 (originally 8)  Memory Usage: 3073kB
        ->  Hash Join  (cost=84417.00..131705.44 rows=559296 width=8) (actual time=1531.736..3090.299 rows=681292 loops=1)
              Hash Cond: (mi_idx.movie_id = t.id)
              ->  Seq Scan on movie_info_idx mi_idx  (cost=0.00..21735.35 rows=1380035 width=4) (actual time=0.028..509.240 rows=1380035 loops=1)
              ->  Hash  (cost=67604.59..67604.59 rows=1024753 width=4) (actual time=1531.044..1531.044 rows=1021752 loops=1)
                    Buckets: 131072  Batches: 16  Memory Usage: 3274kB
                    ->  Seq Scan on title t  (cost=0.00..67604.59 rows=1024753 width=4) (actual time=0.017..1206.688 rows=1021752 loops=1)
                          Filter: (production_year < 2000)
                          Rows Removed by Filter: 1506560
Planning time: 1.126 ms
Execution time: 42733.404 ms
