Seq Scan on movie_companies mc  (cost=0.00..57926.93 rows=66696 width=0) (actual time=495.340..791.393 rows=130049 loops=1)
  Filter: ((company_id > 141217) AND (company_type_id > 1))
  Rows Removed by Filter: 2479080
Planning time: 0.373 ms
Execution time: 807.801 ms
