Hash Join  (cost=127169.64..213938.93 rows=11125 width=0) (actual time=2559.683..4155.114 rows=358760 loops=1)
  Hash Cond: (mk.movie_id = t.id)
  ->  Seq Scan on movie_keyword mk  (cost=0.00..69693.30 rows=4523930 width=4) (actual time=0.020..758.278 rows=4523930 loops=1)
  ->  Hash  (cost=127091.92..127091.92 rows=6218 width=8) (actual time=2559.409..2559.409 rows=19608 loops=1)
        Buckets: 32768 (originally 8192)  Batches: 1 (originally 1)  Memory Usage: 1022kB
        ->  Hash Join  (cost=67697.55..127091.92 rows=6218 width=8) (actual time=1058.918..2551.274 rows=19608 loops=1)
              Hash Cond: (mc.movie_id = t.id)
              ->  Seq Scan on movie_companies mc  (cost=0.00..51404.11 rows=2114153 width=4) (actual time=0.026..1032.088 rows=2117166 loops=1)
                    Filter: (company_id > 428)
                    Rows Removed by Filter: 491963
              ->  Hash  (cost=67604.59..67604.59 rows=7437 width=4) (actual time=1058.779..1058.779 rows=23040 loops=1)
                    Buckets: 32768 (originally 8192)  Batches: 1 (originally 1)  Memory Usage: 1066kB
                    ->  Seq Scan on title t  (cost=0.00..67604.59 rows=7437 width=4) (actual time=0.010..1048.521 rows=23040 loops=1)
                          Filter: (production_year = 1990)
                          Rows Removed by Filter: 2505272
Planning time: 3.836 ms
Execution time: 4198.598 ms
