Hash Join  (cost=971903.08..1726277.14 rows=20552342 width=0) (actual time=20242.089..56844.642 rows=91925622 loops=1)
  Hash Cond: (mi.movie_id = t.id)
  ->  Seq Scan on movie_info mi  (cost=0.00..309384.22 rows=14739122 width=4) (actual time=0.017..6132.505 rows=14835720 loops=1)
  ->  Hash  (cost=914057.62..914057.62 rows=3525797 width=8) (actual time=20240.411..20240.411 rows=4296737 loops=1)
        Buckets: 131072  Batches: 64  Memory Usage: 3651kB
        ->  Hash Join  (cost=92735.26..914057.62 rows=3525797 width=8) (actual time=1767.361..18988.612 rows=4296737 loops=1)
              Hash Cond: (ci.movie_id = t.id)
              ->  Seq Scan on cast_info ci  (cost=0.00..705507.15 rows=5820248 width=4) (actual time=0.021..12624.148 rows=5732694 loops=1)
                    Filter: (role_id > 8)
                    Rows Removed by Filter: 30511650
              ->  Hash  (cost=67604.59..67604.59 rows=1531734 width=4) (actual time=1766.578..1766.578 rows=1531613 loops=1)
                    Buckets: 131072  Batches: 32  Memory Usage: 2708kB
                    ->  Seq Scan on title t  (cost=0.00..67604.59 rows=1531734 width=4) (actual time=0.017..1269.217 rows=1531613 loops=1)
                          Filter: (production_year > 1997)
                          Rows Removed by Filter: 996699
Planning time: 1.155 ms
Execution time: 66810.985 ms
