Seq Scan on movie_companies mc  (cost=0.00..51404.11 rows=968447 width=0) (actual time=0.026..533.381 rows=968573 loops=1)
  Filter: (company_id < 4122)
  Rows Removed by Filter: 1640556
Planning time: 0.721 ms
Execution time: 632.634 ms
