Hash Join  (cost=115662.00..202360.44 rows=4040 width=0) (actual time=2212.171..2770.500 rows=139 loops=1)
  Hash Cond: (mk.movie_id = t.id)
  ->  Seq Scan on movie_keyword mk  (cost=0.00..69693.30 rows=4523930 width=4) (actual time=0.017..914.594 rows=4523930 loops=1)
  ->  Hash  (cost=115633.77..115633.77 rows=2258 width=8) (actual time=1106.803..1106.803 rows=4 loops=1)
        Buckets: 4096  Batches: 1  Memory Usage: 33kB
        ->  Nested Loop  (cost=0.43..115633.77 rows=2258 width=8) (actual time=486.514..1106.786 rows=4 loops=1)
              ->  Seq Scan on movie_companies mc  (cost=0.00..57926.93 rows=8554 width=4) (actual time=145.029..978.720 rows=8139 loops=1)
                    Filter: ((company_type_id > 1) AND (company_id = 166))
                    Rows Removed by Filter: 2600990
              ->  Index Scan using title_pkey on title t  (cost=0.43..6.74 rows=1 width=4) (actual time=0.015..0.015 rows=0 loops=8139)
                    Index Cond: (id = mc.movie_id)
                    Filter: (kind_id = 1)
                    Rows Removed by Filter: 1
Planning time: 1.113 ms
Execution time: 2770.667 ms
