Hash Join  (cost=243034.79..798743.02 rows=7113531 width=0) (actual time=5210.366..32057.748 rows=55202654 loops=1)
  Hash Cond: (mi.movie_id = t.id)
  ->  Seq Scan on movie_info mi  (cost=0.00..309384.22 rows=14739122 width=4) (actual time=0.016..6105.936 rows=14835720 loops=1)
  ->  Hash  (cost=223013.52..223013.52 rows=1220341 width=8) (actual time=5209.583..5209.583 rows=1228876 loops=1)
        Buckets: 131072 (originally 131072)  Batches: 32 (originally 16)  Memory Usage: 3073kB
        ->  Hash Join  (cost=102767.86..223013.52 rows=1220341 width=8) (actual time=1928.577..4832.121 rows=1228876 loops=1)
              Hash Cond: (mk.movie_id = t.id)
              ->  Seq Scan on movie_keyword mk  (cost=0.00..81003.12 rows=1220341 width=4) (actual time=0.026..1356.864 rows=1228876 loops=1)
                    Filter: (keyword_id < 1559)
                    Rows Removed by Filter: 3295054
              ->  Hash  (cost=61283.27..61283.27 rows=2528527 width=4) (actual time=1927.630..1927.630 rows=2528312 loops=1)
                    Buckets: 131072  Batches: 64  Memory Usage: 2425kB
                    ->  Seq Scan on title t  (cost=0.00..61283.27 rows=2528527 width=4) (actual time=0.012..1067.703 rows=2528312 loops=1)
Planning time: 1.258 ms
Execution time: 38561.070 ms
