Seq Scan on movie_keyword mk  (cost=0.00..81003.12 rows=88422 width=0) (actual time=292.001..1230.068 rows=86411 loops=1)
  Filter: (keyword_id > 85939)
  Rows Removed by Filter: 4437519
Planning time: 0.230 ms
Execution time: 1242.024 ms
