Hash Join  (cost=58358.90..407035.91 rows=13 width=0) (actual time=1193.019..6174.349 rows=11 loops=1)
  Hash Cond: (mi.movie_id = t.id)
  ->  Seq Scan on movie_info mi  (cost=0.00..346232.03 rows=651960 width=4) (actual time=319.966..5222.416 rows=660923 loops=1)
        Filter: (info_type_id = 18)
        Rows Removed by Filter: 14174797
  ->  Hash  (cost=58358.27..58358.27 rows=51 width=8) (actual time=862.861..862.861 rows=13 loops=1)
        Buckets: 1024  Batches: 1  Memory Usage: 9kB
        ->  Nested Loop  (cost=0.43..58358.27 rows=51 width=8) (actual time=225.814..862.839 rows=13 loops=1)
              ->  Seq Scan on movie_companies mc  (cost=0.00..57926.93 rows=51 width=4) (actual time=225.737..862.240 rows=13 loops=1)
                    Filter: ((company_type_id < 2) AND (company_id = 915))
                    Rows Removed by Filter: 2609116
              ->  Index Only Scan using title_pkey on title t  (cost=0.43..8.45 rows=1 width=4) (actual time=0.041..0.041 rows=1 loops=13)
                    Index Cond: (id = mc.movie_id)
                    Heap Fetches: 13
Planning time: 1.222 ms
Execution time: 6174.453 ms
