Nested Loop  (cost=0.43..83072.29 rows=5 width=0) (actual time=0.330..1273.794 rows=40 loops=1)
  ->  Seq Scan on movie_keyword mk  (cost=0.00..81003.12 rows=246 width=4) (actual time=0.279..1214.277 rows=1188 loops=1)
        Filter: (keyword_id = 3339)
        Rows Removed by Filter: 4522742
  ->  Index Scan using title_pkey on title t  (cost=0.43..8.40 rows=1 width=4) (actual time=0.049..0.049 rows=0 loops=1188)
        Index Cond: (id = mk.movie_id)
        Filter: (production_year = 1998)
        Rows Removed by Filter: 1
Planning time: 0.745 ms
Execution time: 1273.936 ms
