Hash Join  (cost=102767.86..210673.42 rows=707473 width=0) (actual time=2029.144..4588.534 rows=713495 loops=1)
  Hash Cond: (mk.movie_id = t.id)
  ->  Seq Scan on movie_keyword mk  (cost=0.00..81003.12 rows=707473 width=4) (actual time=0.022..1561.523 rows=713495 loops=1)
        Filter: (keyword_id > 26449)
        Rows Removed by Filter: 3810435
  ->  Hash  (cost=61283.27..61283.27 rows=2528527 width=4) (actual time=2026.877..2026.877 rows=2528312 loops=1)
        Buckets: 131072  Batches: 64  Memory Usage: 2425kB
        ->  Seq Scan on title t  (cost=0.00..61283.27 rows=2528527 width=4) (actual time=0.019..1146.050 rows=2528312 loops=1)
Planning time: 0.854 ms
Execution time: 4673.764 ms
