Hash Join  (cost=133762.60..258692.62 rows=388073 width=0) (actual time=2564.980..6108.858 rows=301566 loops=1)
  Hash Cond: (mk.movie_id = t.id)
  ->  Seq Scan on movie_keyword mk  (cost=0.00..81003.12 rows=3364844 width=4) (actual time=0.021..1664.438 rows=3351102 loops=1)
        Filter: (keyword_id < 15899)
        Rows Removed by Filter: 1172828
  ->  Hash  (cost=128977.36..128977.36 rows=291619 width=8) (actual time=2564.167..2564.167 rows=143450 loops=1)
        Buckets: 131072  Batches: 4  Memory Usage: 2416kB
        ->  Hash Join  (cost=87146.10..128977.36 rows=291619 width=8) (actual time=1766.377..2524.319 rows=143450 loops=1)
              Hash Cond: (mi_idx.movie_id = t.id)
              ->  Seq Scan on movie_info_idx mi_idx  (cost=0.00..25185.44 rows=915101 width=4) (actual time=0.024..533.551 rows=919850 loops=1)
                    Filter: (info_type_id < 101)
                    Rows Removed by Filter: 460185
              ->  Hash  (cost=73925.90..73925.90 rows=805776 width=4) (actual time=1431.221..1431.221 rows=881945 loops=1)
                    Buckets: 131072  Batches: 16  Memory Usage: 2970kB
                    ->  Seq Scan on title t  (cost=0.00..73925.90 rows=805776 width=4) (actual time=0.021..1147.040 rows=881945 loops=1)
                          Filter: ((production_year > 2001) AND (kind_id = 7))
                          Rows Removed by Filter: 1646367
Planning time: 1.099 ms
Execution time: 6139.414 ms
