Seq Scan on movie_keyword mk  (cost=0.00..81003.12 rows=4057231 width=0) (actual time=0.026..1600.693 rows=4060426 loops=1)
  Filter: (keyword_id < 38358)
  Rows Removed by Filter: 463504
Planning time: 0.327 ms
Execution time: 2095.882 ms
