Hash Join  (cost=106436.46..1533863.54 rows=33909590 width=0) (actual time=2018.632..46643.035 rows=35450613 loops=1)
  Hash Cond: (ci.movie_id = t.id)
  ->  Seq Scan on cast_info ci  (cost=0.00..614943.12 rows=36225612 width=4) (actual time=0.015..13522.209 rows=36244344 loops=1)
  ->  Hash  (cost=67604.59..67604.59 rows=2366870 width=4) (actual time=2017.372..2017.372 rows=2363319 loops=1)
        Buckets: 131072  Batches: 32  Memory Usage: 3623kB
        ->  Seq Scan on title t  (cost=0.00..67604.59 rows=2366870 width=4) (actual time=0.017..1294.669 rows=2363319 loops=1)
              Filter: (production_year > 1921)
              Rows Removed by Filter: 164993
Planning time: 0.791 ms
Execution time: 50884.763 ms
