Seq Scan on movie_companies mc  (cost=0.00..57926.93 rows=444279 width=0) (actual time=0.018..949.935 rows=769743 loops=1)
  Filter: ((company_id > 22982) AND (company_type_id = 2))
  Rows Removed by Filter: 1839386
Planning time: 0.398 ms
Execution time: 1043.906 ms
