Seq Scan on movie_companies mc  (cost=0.00..57926.93 rows=51 width=0) (actual time=313.310..752.982 rows=401 loops=1)
  Filter: ((company_id = 809) AND (company_type_id = 1))
  Rows Removed by Filter: 2608728
Planning time: 0.365 ms
Execution time: 753.167 ms
