Seq Scan on cast_info ci  (cost=0.00..796071.18 rows=5109574 width=0) (actual time=0.103..13223.901 rows=2442069 loops=1)
  Filter: ((person_id < 1947132) AND (role_id > 4))
  Rows Removed by Filter: 33802275
Planning time: 0.337 ms
Execution time: 13531.169 ms
