Hash Join  (cost=161920.98..565722.11 rows=199330 width=0) (actual time=2878.440..15185.003 rows=8969546 loops=1)
  Hash Cond: (mi.movie_id = t.id)
  ->  Seq Scan on movie_info mi  (cost=0.00..346232.03 rows=11115165 width=4) (actual time=0.016..6159.695 rows=11210743 loops=1)
        Filter: (info_type_id > 3)
        Rows Removed by Filter: 3624977
  ->  Hash  (cost=161354.18..161354.18 rows=45344 width=8) (actual time=2877.745..2877.745 rows=87111 loops=1)
        Buckets: 131072 (originally 65536)  Batches: 2 (originally 1)  Memory Usage: 3073kB
        ->  Hash Join  (cost=74242.71..161354.18 rows=45344 width=8) (actual time=1042.625..2843.482 rows=87111 loops=1)
              Hash Cond: (mk.movie_id = t.id)
              ->  Seq Scan on movie_keyword mk  (cost=0.00..69693.30 rows=4523930 width=4) (actual time=0.013..902.579 rows=4523930 loops=1)
              ->  Hash  (cost=73925.90..73925.90 rows=25344 width=4) (actual time=1042.414..1042.414 rows=15457 loops=1)
                    Buckets: 32768  Batches: 1  Memory Usage: 800kB
                    ->  Seq Scan on title t  (cost=0.00..73925.90 rows=25344 width=4) (actual time=329.054..1035.747 rows=15457 loops=1)
                          Filter: ((kind_id = 1) AND (production_year = 2005))
                          Rows Removed by Filter: 2512855
Planning time: 1.171 ms
Execution time: 16219.608 ms
