Hash Join  (cost=156736.50..907763.06 rows=23742 width=0) (actual time=2517.501..18557.748 rows=3140 loops=1)
  Hash Cond: (ci.movie_id = t.id)
  ->  Seq Scan on cast_info ci  (cost=0.00..614943.12 rows=36225612 width=4) (actual time=0.025..9231.871 rows=36244344 loops=1)
  ->  Hash  (cost=156715.79..156715.79 rows=1657 width=8) (actual time=2516.947..2516.947 rows=269 loops=1)
        Buckets: 2048  Batches: 1  Memory Usage: 27kB
        ->  Hash Join  (cost=74044.85..156715.79 rows=1657 width=8) (actual time=1107.882..2516.631 rows=269 loops=1)
              Hash Cond: (mk.movie_id = t.id)
              ->  Seq Scan on movie_keyword mk  (cost=0.00..81003.12 rows=440331 width=4) (actual time=0.021..1336.487 rows=436699 loops=1)
                    Filter: (keyword_id > 40242)
                    Rows Removed by Filter: 4087231
              ->  Hash  (cost=73925.90..73925.90 rows=9516 width=4) (actual time=1105.634..1105.634 rows=2192 loops=1)
                    Buckets: 16384  Batches: 1  Memory Usage: 206kB
                    ->  Seq Scan on title t  (cost=0.00..73925.90 rows=9516 width=4) (actual time=204.427..1104.387 rows=2192 loops=1)
                          Filter: ((production_year < 1959) AND (kind_id = 3))
                          Rows Removed by Filter: 2526120
Planning time: 1.097 ms
Execution time: 18559.324 ms
