Seq Scan on title t  (cost=0.00..73925.90 rows=18130 width=0) (actual time=5.052..1126.642 rows=18886 loops=1)
  Filter: ((kind_id = 7) AND (production_year = 1994))
  Rows Removed by Filter: 2509426
Planning time: 0.410 ms
Execution time: 1130.471 ms
