Hash Join  (cost=83075.24..833898.21 rows=3384 width=0) (actual time=1277.315..18100.525 rows=19220 loops=1)
  Hash Cond: (ci.movie_id = t.id)
  ->  Seq Scan on cast_info ci  (cost=0.00..614943.12 rows=36225612 width=4) (actual time=0.011..9446.472 rows=36244344 loops=1)
  ->  Hash  (cost=83072.29..83072.29 rows=236 width=8) (actual time=1276.988..1276.988 rows=1382 loops=1)
        Buckets: 2048 (originally 1024)  Batches: 1 (originally 1)  Memory Usage: 70kB
        ->  Nested Loop  (cost=0.43..83072.29 rows=236 width=8) (actual time=1.600..1276.046 rows=1382 loops=1)
              ->  Seq Scan on movie_keyword mk  (cost=0.00..81003.12 rows=246 width=4) (actual time=1.546..1231.579 rows=1385 loops=1)
                    Filter: (keyword_id = 2163)
                    Rows Removed by Filter: 4522545
              ->  Index Scan using title_pkey on title t  (cost=0.43..8.40 rows=1 width=4) (actual time=0.030..0.031 rows=1 loops=1385)
                    Index Cond: (id = mk.movie_id)
                    Filter: (production_year > 1911)
                    Rows Removed by Filter: 0
Planning time: 1.097 ms
Execution time: 18106.204 ms
