Hash Join  (cost=161972.05..528733.81 rows=210582 width=0) (actual time=2974.625..11330.955 rows=1151428 loops=1)
  Hash Cond: (mi.movie_id = t.id)
  ->  Seq Scan on movie_info mi  (cost=0.00..309384.22 rows=14739122 width=4) (actual time=0.019..4400.970 rows=14835720 loops=1)
  ->  Hash  (cost=161520.47..161520.47 rows=36126 width=8) (actual time=2974.214..2974.214 rows=56605 loops=1)
        Buckets: 65536  Batches: 1  Memory Usage: 2724kB
        ->  Hash Join  (cost=74712.48..161520.47 rows=36126 width=8) (actual time=1249.440..2955.287 rows=56605 loops=1)
              Hash Cond: (mk.movie_id = t.id)
              ->  Seq Scan on movie_keyword mk  (cost=0.00..81003.12 rows=1451629 width=4) (actual time=0.031..1422.222 rows=1462873 loops=1)
                    Filter: (keyword_id > 11337)
                    Rows Removed by Filter: 3061057
              ->  Hash  (cost=73925.90..73925.90 rows=62926 width=4) (actual time=1248.625..1248.625 rows=77497 loops=1)
                    Buckets: 131072 (originally 65536)  Batches: 1 (originally 1)  Memory Usage: 3749kB
                    ->  Seq Scan on title t  (cost=0.00..73925.90 rows=62926 width=4) (actual time=591.853..1218.288 rows=77497 loops=1)
                          Filter: ((production_year < 2007) AND (kind_id = 3))
                          Rows Removed by Filter: 2450815
Planning time: 1.251 ms
Execution time: 11478.233 ms
