Hash Join  (cost=491644.87..570435.34 rows=383887 width=0) (actual time=8997.004..10488.844 rows=671703 loops=1)
  Hash Cond: (mc.movie_id = t.id)
  ->  Seq Scan on movie_companies mc  (cost=0.00..57926.93 rows=1198845 width=4) (actual time=391.727..1158.131 rows=1074904 loops=1)
        Filter: ((company_id < 99398) AND (company_type_id = 2))
        Rows Removed by Filter: 1534225
  ->  Hash  (cost=478361.00..478361.00 rows=809669 width=8) (actual time=8604.397..8604.397 rows=802140 loops=1)
        Buckets: 131072  Batches: 16  Memory Usage: 2973kB
        ->  Hash Join  (cost=102767.86..478361.00 rows=809669 width=8) (actual time=2270.905..8377.272 rows=802140 loops=1)
              Hash Cond: (mi.movie_id = t.id)
              ->  Seq Scan on movie_info mi  (cost=0.00..346232.03 rows=809669 width=4) (actual time=213.300..5088.996 rows=802140 loops=1)
                    Filter: (info_type_id = 1)
                    Rows Removed by Filter: 14033580
              ->  Hash  (cost=61283.27..61283.27 rows=2528527 width=4) (actual time=2056.635..2056.635 rows=2528312 loops=1)
                    Buckets: 131072  Batches: 64  Memory Usage: 2425kB
                    ->  Seq Scan on title t  (cost=0.00..61283.27 rows=2528527 width=4) (actual time=0.024..1176.569 rows=2528312 loops=1)
Planning time: 1.158 ms
Execution time: 10551.798 ms
