Hash Join  (cost=83074.74..437538.72 rows=214 width=0) (actual time=2321.183..7491.212 rows=3087 loops=1)
  Hash Cond: (mi.movie_id = t.id)
  ->  Seq Scan on movie_info mi  (cost=0.00..346232.03 rows=2194617 width=4) (actual time=965.201..5929.035 rows=2233850 loops=1)
        Filter: (info_type_id > 16)
        Rows Removed by Filter: 12601870
  ->  Hash  (cost=83071.67..83071.67 rows=246 width=8) (actual time=1245.178..1245.178 rows=111 loops=1)
        Buckets: 1024  Batches: 1  Memory Usage: 13kB
        ->  Nested Loop  (cost=0.43..83071.67 rows=246 width=8) (actual time=8.487..1244.976 rows=111 loops=1)
              ->  Seq Scan on movie_keyword mk  (cost=0.00..81003.12 rows=246 width=4) (actual time=8.428..1240.417 rows=111 loops=1)
                    Filter: (keyword_id = 7384)
                    Rows Removed by Filter: 4523819
              ->  Index Only Scan using title_pkey on title t  (cost=0.43..8.40 rows=1 width=4) (actual time=0.035..0.036 rows=1 loops=111)
                    Index Cond: (id = mk.movie_id)
                    Heap Fetches: 111
Planning time: 1.042 ms
Execution time: 7491.825 ms
