Hash Join  (cost=73982.55..825421.01 rows=64929 width=0) (actual time=1179.820..17337.007 rows=6392 loops=1)
  Hash Cond: (ci.movie_id = t.id)
  ->  Seq Scan on cast_info ci  (cost=0.00..614943.12 rows=36225612 width=4) (actual time=0.023..9134.237 rows=36244344 loops=1)
  ->  Hash  (cost=73925.90..73925.90 rows=4532 width=4) (actual time=1177.188..1177.188 rows=1196 loops=1)
        Buckets: 8192  Batches: 1  Memory Usage: 107kB
        ->  Seq Scan on title t  (cost=0.00..73925.90 rows=4532 width=4) (actual time=0.071..1176.404 rows=1196 loops=1)
              Filter: ((kind_id = 7) AND (production_year = 1949))
              Rows Removed by Filter: 2527116
Planning time: 1.087 ms
Execution time: 17338.900 ms
