Hash Join  (cost=83074.74..109986.57 rows=134 width=0) (actual time=1342.347..1901.800 rows=1153 loops=1)
  Hash Cond: (mi_idx.movie_id = t.id)
  ->  Seq Scan on movie_info_idx mi_idx  (cost=0.00..21735.35 rows=1380035 width=4) (actual time=0.014..311.824 rows=1380035 loops=1)
  ->  Hash  (cost=83071.67..83071.67 rows=246 width=8) (actual time=1341.503..1341.503 rows=507 loops=1)
        Buckets: 1024  Batches: 1  Memory Usage: 28kB
        ->  Nested Loop  (cost=0.43..83071.67 rows=246 width=8) (actual time=1.960..1341.082 rows=507 loops=1)
              ->  Seq Scan on movie_keyword mk  (cost=0.00..81003.12 rows=246 width=4) (actual time=1.890..1303.196 rows=507 loops=1)
                    Filter: (keyword_id = 22019)
                    Rows Removed by Filter: 4523423
              ->  Index Only Scan using title_pkey on title t  (cost=0.43..8.40 rows=1 width=4) (actual time=0.072..0.073 rows=1 loops=507)
                    Index Cond: (id = mk.movie_id)
                    Heap Fetches: 507
Planning time: 0.701 ms
Execution time: 1902.112 ms
