Hash Join  (cost=101032.96..957360.51 rows=13435 width=0) (actual time=3299.083..21297.735 rows=55517 loops=1)
  Hash Cond: (ci.movie_id = t.id)
  ->  Seq Scan on cast_info ci  (cost=0.00..796071.18 rows=16032535 width=4) (actual time=1628.433..16965.452 rows=16041134 loops=1)
        Filter: ((person_id > 36969) AND (role_id > 2))
        Rows Removed by Filter: 20203210
  ->  Hash  (cost=101006.47..101006.47 rows=2119 width=8) (actual time=1669.387..1669.387 rows=4737 loops=1)
        Buckets: 8192 (originally 4096)  Batches: 1 (originally 1)  Memory Usage: 250kB
        ->  Hash Join  (cost=74071.18..101006.47 rows=2119 width=8) (actual time=1102.441..1667.083 rows=4737 loops=1)
              Hash Cond: (mi_idx.movie_id = t.id)
              ->  Seq Scan on movie_info_idx mi_idx  (cost=0.00..25185.44 rows=460978 width=4) (actual time=0.037..452.288 rows=459925 loops=1)
                    Filter: (info_type_id = 99)
                    Rows Removed by Filter: 920110
              ->  Hash  (cost=73925.90..73925.90 rows=11622 width=4) (actual time=1102.230..1102.230 rows=11141 loops=1)
                    Buckets: 16384  Batches: 1  Memory Usage: 520kB
                    ->  Seq Scan on title t  (cost=0.00..73925.90 rows=11622 width=4) (actual time=0.119..1097.124 rows=11141 loops=1)
                          Filter: ((kind_id < 7) AND (production_year = 1994))
                          Rows Removed by Filter: 2517171
Planning time: 0.844 ms
Execution time: 21309.333 ms
