Hash Join  (cost=80569.13..161378.70 rows=417805 width=0) (actual time=1459.271..4066.965 rows=1024141 loops=1)
  Hash Cond: (mc.movie_id = t.id)
  ->  Seq Scan on movie_companies mc  (cost=0.00..44881.29 rows=2609129 width=4) (actual time=0.019..997.420 rows=2609129 loops=1)
  ->  Hash  (cost=73925.90..73925.90 rows=404898 width=4) (actual time=1415.161..1415.161 rows=477683 loops=1)
        Buckets: 131072  Batches: 8  Memory Usage: 3135kB
        ->  Seq Scan on title t  (cost=0.00..73925.90 rows=404898 width=4) (actual time=0.022..1261.941 rows=477683 loops=1)
              Filter: ((kind_id < 3) AND (production_year < 2005))
              Rows Removed by Filter: 2050629
Planning time: 0.726 ms
Execution time: 4193.984 ms
