Hash Join  (cost=482106.78..1313723.19 rows=660762 width=0) (actual time=17978.869..21420.424 rows=414 loops=1)
  Hash Cond: (ci.movie_id = t.id)
  ->  Seq Scan on cast_info ci  (cost=0.00..796071.18 rows=2251893 width=4) (actual time=9332.523..12739.817 rows=1814 loops=1)
        Filter: ((person_id < 1089321) AND (role_id = 2))
        Rows Removed by Filter: 36242530
  ->  Hash  (cost=469933.61..469933.61 rows=741934 width=8) (actual time=8642.669..8642.669 rows=244236 loops=1)
        Buckets: 131072  Batches: 16  Memory Usage: 1615kB
        ->  Hash Join  (cost=88767.14..469933.61 rows=741934 width=8) (actual time=2222.666..8560.732 rows=244236 loops=1)
              Hash Cond: (mi.movie_id = t.id)
              ->  Seq Scan on movie_info mi  (cost=0.00..346232.03 rows=2073893 width=4) (actual time=396.474..5405.848 rows=2091068 loops=1)
                    Filter: (info_type_id < 3)
                    Rows Removed by Filter: 12744652
              ->  Hash  (cost=73925.90..73925.90 rows=904579 width=4) (actual time=1825.050..1825.050 rows=992072 loops=1)
                    Buckets: 131072  Batches: 16  Memory Usage: 3217kB
                    ->  Seq Scan on title t  (cost=0.00..73925.90 rows=904579 width=4) (actual time=336.274..1492.938 rows=992072 loops=1)
                          Filter: ((production_year > 1998) AND (kind_id = 7))
                          Rows Removed by Filter: 1536240
Planning time: 1.208 ms
Execution time: 21420.662 ms
