Seq Scan on movie_companies mc  (cost=0.00..57926.93 rows=442105 width=0) (actual time=34.048..991.542 rows=637293 loops=1)
  Filter: ((company_id < 2854) AND (company_type_id = 1))
  Rows Removed by Filter: 1971836
Planning time: 0.315 ms
Execution time: 1069.346 ms
