Seq Scan on movie_keyword mk  (cost=0.00..81003.12 rows=246 width=0) (actual time=0.476..1293.840 rows=2018 loops=1)
  Filter: (keyword_id = 3576)
  Rows Removed by Filter: 4521912
Planning time: 1.894 ms
Execution time: 1294.574 ms
