Hash Join  (cost=74747.02..102016.02 rows=35852 width=0) (actual time=1257.272..1769.515 rows=20214 loops=1)
  Hash Cond: (mi_idx.movie_id = t.id)
  ->  Seq Scan on movie_info_idx mi_idx  (cost=0.00..21735.35 rows=1380035 width=4) (actual time=0.013..279.600 rows=1380035 loops=1)
  ->  Hash  (cost=73925.90..73925.90 rows=65689 width=4) (actual time=1186.038..1186.038 rows=74524 loops=1)
        Buckets: 131072  Batches: 1  Memory Usage: 3644kB
        ->  Seq Scan on title t  (cost=0.00..73925.90 rows=65689 width=4) (actual time=0.025..1155.858 rows=74524 loops=1)
              Filter: ((kind_id = 7) AND (production_year = 2006))
              Rows Removed by Filter: 2453788
Planning time: 0.469 ms
Execution time: 1772.128 ms
