Seq Scan on cast_info ci  (cost=0.00..796071.18 rows=11963319 width=0) (actual time=0.021..15770.474 rows=11997309 loops=1)
  Filter: ((person_id > 64646) AND (role_id > 3))
  Rows Removed by Filter: 24247035
Planning time: 0.310 ms
Execution time: 17252.142 ms
