Hash Join  (cost=125875.28..619617.90 rows=1306069 width=0) (actual time=2683.072..19651.477 rows=10557236 loops=1)
  Hash Cond: (mi.movie_id = t.id)
  ->  Seq Scan on movie_info mi  (cost=0.00..309384.22 rows=14739122 width=4) (actual time=0.019..6177.921 rows=14835720 loops=1)
  ->  Hash  (cost=122198.54..122198.54 rows=224059 width=8) (actual time=2682.346..2682.346 rows=478281 loops=1)
        Buckets: 131072 (originally 131072)  Batches: 8 (originally 4)  Memory Usage: 3389kB
        ->  Hash Join  (cost=80661.47..122198.54 rows=224059 width=8) (actual time=1343.146..2553.711 rows=478281 loops=1)
              Hash Cond: (mi_idx.movie_id = t.id)
              ->  Seq Scan on movie_info_idx mi_idx  (cost=0.00..21735.35 rows=1380035 width=4) (actual time=0.015..441.533 rows=1380035 loops=1)
              ->  Hash  (cost=73925.90..73925.90 rows=410525 width=4) (actual time=1342.360..1342.360 rows=456146 loops=1)
                    Buckets: 131072  Batches: 8  Memory Usage: 3040kB
                    ->  Seq Scan on title t  (cost=0.00..73925.90 rows=410525 width=4) (actual time=0.020..1204.328 rows=456146 loops=1)
                          Filter: ((production_year < 2007) AND (kind_id = 1))
                          Rows Removed by Filter: 2072166
Planning time: 0.765 ms
Execution time: 20816.608 ms
