Hash Join  (cost=99841.01..206102.62 rows=2027467 width=0) (actual time=2016.428..5142.512 rows=1763897 loops=1)
  Hash Cond: (mc.movie_id = t.id)
  ->  Seq Scan on movie_companies mc  (cost=0.00..44881.29 rows=2609129 width=4) (actual time=0.018..959.521 rows=2609129 loops=1)
  ->  Hash  (cost=67604.59..67604.59 rows=1964834 width=4) (actual time=1963.933..1963.933 rows=1962189 loops=1)
        Buckets: 131072  Batches: 32  Memory Usage: 3187kB
        ->  Seq Scan on title t  (cost=0.00..67604.59 rows=1964834 width=4) (actual time=0.013..1104.053 rows=1962189 loops=1)
              Filter: (production_year > 1978)
              Rows Removed by Filter: 566123
Planning time: 0.654 ms
Execution time: 5357.597 ms
