Hash Join  (cost=256337.17..1234057.35 rows=6167696 width=0) (actual time=7011.604..36780.232 rows=39009276 loops=1)
  Hash Cond: (ci.movie_id = t.id)
  ->  Seq Scan on cast_info ci  (cost=0.00..796071.18 rows=8824809 width=4) (actual time=0.013..16082.681 rows=6871541 loops=1)
        Filter: ((person_id < 3572593) AND (role_id > 4))
        Rows Removed by Filter: 29372803
  ->  Hash  (cost=227343.19..227343.19 rows=1767198 width=8) (actual time=7009.256..7009.256 rows=3878469 loops=1)
        Buckets: 131072 (originally 131072)  Batches: 64 (originally 32)  Memory Usage: 3438kB
        ->  Hash Join  (cost=83810.17..227343.19 rows=1767198 width=8) (actual time=1486.289..5958.458 rows=3878469 loops=1)
              Hash Cond: (mk.movie_id = t.id)
              ->  Seq Scan on movie_keyword mk  (cost=0.00..69693.30 rows=4523930 width=4) (actual time=0.023..1400.020 rows=4523930 loops=1)
              ->  Hash  (cost=67604.59..67604.59 rows=987727 width=4) (actual time=1485.485..1485.485 rows=985048 loops=1)
                    Buckets: 131072  Batches: 16  Memory Usage: 3197kB
                    ->  Seq Scan on title t  (cost=0.00..67604.59 rows=987727 width=4) (actual time=0.022..1166.205 rows=985048 loops=1)
                          Filter: (kind_id < 7)
                          Rows Removed by Filter: 1543264
Planning time: 1.252 ms
Execution time: 41048.014 ms
