Hash Join  (cost=67697.55..122439.81 rows=7674 width=0) (actual time=982.904..2292.406 rows=18643 loops=1)
  Hash Cond: (mc.movie_id = t.id)
  ->  Seq Scan on movie_companies mc  (cost=0.00..44881.29 rows=2609129 width=4) (actual time=0.020..696.219 rows=2609129 loops=1)
  ->  Hash  (cost=67604.59..67604.59 rows=7437 width=4) (actual time=982.788..982.788 rows=14038 loops=1)
        Buckets: 16384 (originally 8192)  Batches: 1 (originally 1)  Memory Usage: 622kB
        ->  Seq Scan on title t  (cost=0.00..67604.59 rows=7437 width=4) (actual time=0.099..976.354 rows=14038 loops=1)
              Filter: (production_year = 1977)
              Rows Removed by Filter: 2514274
Planning time: 0.822 ms
Execution time: 2295.614 ms
