Seq Scan on title t  (cost=0.00..73925.90 rows=62554 width=0) (actual time=274.200..1082.820 rows=87409 loops=1)
  Filter: ((production_year > 2000) AND (kind_id = 4))
  Rows Removed by Filter: 2440903
Planning time: 2.048 ms
Execution time: 1094.506 ms
