Seq Scan on movie_companies mc  (cost=0.00..57926.93 rows=1285 width=0) (actual time=0.139..929.602 rows=232 loops=1)
  Filter: ((company_id = 352) AND (company_type_id = 2))
  Rows Removed by Filter: 2608897
Planning time: 0.356 ms
Execution time: 929.746 ms
