Seq Scan on movie_keyword mk  (cost=0.00..81003.12 rows=246 width=0) (actual time=0.610..1212.637 rows=103 loops=1)
  Filter: (keyword_id = 29226)
  Rows Removed by Filter: 4523827
Planning time: 0.325 ms
Execution time: 1212.796 ms
