Seq Scan on cast_info ci  (cost=0.00..705507.15 rows=32493928 width=0) (actual time=0.024..13180.657 rows=32627693 loops=1)
  Filter: (person_id > 346459)
  Rows Removed by Filter: 3616651
Planning time: 0.296 ms
Execution time: 17100.774 ms
