Hash Join  (cost=474734.45..611785.25 rows=1235176 width=0) (actual time=7451.476..12118.530 rows=1884127 loops=1)
  Hash Cond: (mk.movie_id = t.id)
  ->  Seq Scan on movie_keyword mk  (cost=0.00..69693.30 rows=4523930 width=4) (actual time=0.019..1464.224 rows=4523930 loops=1)
  ->  Hash  (cost=463407.85..463407.85 rows=690368 width=8) (actual time=7450.628..7450.628 rows=611752 loops=1)
        Buckets: 131072  Batches: 16  Memory Usage: 2519kB
        ->  Hash Join  (cost=90260.67..463407.85 rows=690368 width=8) (actual time=1610.377..7257.692 rows=611752 loops=1)
              Hash Cond: (mi.movie_id = t.id)
              ->  Seq Scan on movie_info mi  (cost=0.00..346232.03 rows=1264125 width=4) (actual time=0.019..4567.009 rows=1288928 loops=1)
                    Filter: (info_type_id = 2)
                    Rows Removed by Filter: 13546792
              ->  Hash  (cost=67604.59..67604.59 rows=1380887 width=4) (actual time=1604.705..1604.705 rows=1381453 loops=1)
                    Buckets: 131072  Batches: 32  Memory Usage: 2550kB
                    ->  Seq Scan on title t  (cost=0.00..67604.59 rows=1380887 width=4) (actual time=0.029..1130.774 rows=1381453 loops=1)
                          Filter: (production_year > 2000)
                          Rows Removed by Filter: 1146859
Planning time: 1.097 ms
Execution time: 12348.329 ms
