Hash Join  (cost=817414.98..2277839.75 rows=44590232 width=0) (actual time=26068.172..62427.458 rows=75117426 loops=1)
  Hash Cond: (ci.movie_id = t.id)
  ->  Seq Scan on cast_info ci  (cost=0.00..705507.15 rows=12726058 width=4) (actual time=7001.104..14812.494 rows=12670688 loops=1)
        Filter: (role_id < 2)
        Rows Removed by Filter: 23573656
  ->  Hash  (cost=672062.16..672062.16 rows=8859586 width=8) (actual time=19064.956..19064.956 rows=8966694 loops=1)
        Buckets: 131072  Batches: 128  Memory Usage: 3745kB
        ->  Hash Join  (cost=102767.86..672062.16 rows=8859586 width=8) (actual time=1941.278..16568.835 rows=8966694 loops=1)
              Hash Cond: (mi.movie_id = t.id)
              ->  Seq Scan on movie_info mi  (cost=0.00..346232.03 rows=8859586 width=4) (actual time=0.026..6914.307 rows=8966694 loops=1)
                    Filter: (info_type_id < 15)
                    Rows Removed by Filter: 5869026
              ->  Hash  (cost=61283.27..61283.27 rows=2528527 width=4) (actual time=1939.229..1939.229 rows=2528312 loops=1)
                    Buckets: 131072  Batches: 64  Memory Usage: 2425kB
                    ->  Seq Scan on title t  (cost=0.00..61283.27 rows=2528527 width=4) (actual time=0.013..1081.513 rows=2528312 loops=1)
Planning time: 1.123 ms
Execution time: 70751.338 ms
