Seq Scan on movie_keyword mk  (cost=0.00..81003.12 rows=2971059 width=0) (actual time=0.017..1532.310 rows=2967284 loops=1)
  Filter: (keyword_id > 2329)
  Rows Removed by Filter: 1556646
Planning time: 4.040 ms
Execution time: 1902.070 ms
