Hash Join  (cost=102767.86..167207.04 rows=131143 width=0) (actual time=4325.657..7194.111 rows=134807 loops=1)
  Hash Cond: (mc.movie_id = t.id)
  ->  Seq Scan on movie_companies mc  (cost=0.00..51404.11 rows=131143 width=4) (actual time=0.030..2351.627 rows=134807 loops=1)
        Filter: (company_id < 27)
        Rows Removed by Filter: 2474322
  ->  Hash  (cost=61283.27..61283.27 rows=2528527 width=4) (actual time=4320.007..4320.007 rows=2528312 loops=1)
        Buckets: 131072  Batches: 64  Memory Usage: 2415kB
        ->  Seq Scan on title t  (cost=0.00..61283.27 rows=2528527 width=4) (actual time=0.017..3345.382 rows=2528312 loops=1)
Planning time: 0.610 ms
Execution time: 7209.920 ms
