Hash Join  (cost=303343.32..390433.64 rows=725684 width=184) (actual time=7401.079..9764.840 rows=1753403 loops=1)
  Hash Cond: (mi_idx.movie_id = t.id)
  ->  Seq Scan on movie_info_idx mi_idx  (cost=0.00..21735.35 rows=1380035 width=50) (actual time=0.021..436.310 rows=1380035 loops=1)
  ->  Hash  (cost=260754.17..260754.17 rows=1329612 width=134) (actual time=7400.430..7400.430 rows=1334883 loops=1)
        Buckets: 32768  Batches: 64  Memory Usage: 2977kB
        ->  Hash Join  (cost=129928.86..260754.17 rows=1329612 width=134) (actual time=3200.386..6577.999 rows=1334883 loops=1)
              Hash Cond: (mc.movie_id = t.id)
              ->  Seq Scan on movie_companies mc  (cost=0.00..51404.11 rows=1329612 width=40) (actual time=420.517..1237.320 rows=1334883 loops=1)
                    Filter: (company_type_id = 2)
                    Rows Removed by Filter: 1274246
              ->  Hash  (cost=61283.27..61283.27 rows=2528527 width=94) (actual time=2778.839..2778.839 rows=2528312 loops=1)
                    Buckets: 32768  Batches: 128  Memory Usage: 2453kB
                    ->  Seq Scan on title t  (cost=0.00..61283.27 rows=2528527 width=94) (actual time=0.028..1398.564 rows=2528312 loops=1)
Planning time: 0.954 ms
Execution time: 9855.380 ms
