Seq Scan on movie_companies mc  (cost=0.00..57926.93 rows=1817 width=0) (actual time=0.332..868.691 rows=1755 loops=1)
  Filter: ((company_type_id > 1) AND (company_id = 474))
  Rows Removed by Filter: 2607374
Planning time: 0.379 ms
Execution time: 869.161 ms
