Hash Join  (cost=92883.59..1110872.72 rows=6958598 width=0) (actual time=27242.498..56134.677 rows=7230604 loops=1)
  Hash Cond: (ci.movie_id = t.id)
  ->  Seq Scan on cast_info ci  (cost=0.00..796071.18 rows=11419394 width=4) (actual time=21855.544..38558.224 rows=12670688 loops=1)
        Filter: ((person_id < 3378639) AND (role_id = 1))
        Rows Removed by Filter: 23573656
  ->  Hash  (cost=67604.59..67604.59 rows=1540800 width=4) (actual time=5385.937..5385.937 rows=1543264 loops=1)
        Buckets: 131072  Batches: 32  Memory Usage: 2722kB
        ->  Seq Scan on title t  (cost=0.00..67604.59 rows=1540800 width=4) (actual time=0.017..3823.151 rows=1543264 loops=1)
              Filter: (kind_id = 7)
              Rows Removed by Filter: 985048
Planning time: 0.617 ms
Execution time: 57051.617 ms
