Hash Join  (cost=181121.13..328572.85 rows=1403189 width=0) (actual time=4290.887..10975.030 rows=13196228 loops=1)
  Hash Cond: (mk.movie_id = t.id)
  ->  Seq Scan on movie_keyword mk  (cost=0.00..81003.12 rows=4251388 width=4) (actual time=0.009..1848.391 rows=4230445 loops=1)
        Filter: (keyword_id > 236)
        Rows Removed by Filter: 293485
  ->  Hash  (cost=167429.25..167429.25 rows=834551 width=8) (actual time=4289.287..4289.287 rows=1181930 loops=1)
        Buckets: 131072  Batches: 16  Memory Usage: 3955kB
        ->  Hash Join  (cost=80874.21..167429.25 rows=834551 width=8) (actual time=1431.986..3969.148 rows=1181930 loops=1)
              Hash Cond: (mc.movie_id = t.id)
              ->  Seq Scan on movie_companies mc  (cost=0.00..44881.29 rows=2609129 width=4) (actual time=0.027..898.288 rows=2609129 loops=1)
              ->  Hash  (cost=67604.59..67604.59 rows=808770 width=4) (actual time=1431.126..1431.126 rows=812704 loops=1)
                    Buckets: 131072  Batches: 16  Memory Usage: 2812kB
                    ->  Seq Scan on title t  (cost=0.00..67604.59 rows=808770 width=4) (actual time=0.025..1162.789 rows=812704 loops=1)
                          Filter: (production_year < 1995)
                          Rows Removed by Filter: 1715608
Planning time: 1.118 ms
Execution time: 12359.689 ms
