Hash Join  (cost=52284.99..862050.72 rows=1143 width=0) (actual time=780.713..17157.704 rows=33386 loops=1)
  Hash Cond: (ci.movie_id = t.id)
  ->  Seq Scan on cast_info ci  (cost=0.00..705507.15 rows=27799238 width=4) (actual time=0.027..11710.197 rows=27931345 loops=1)
        Filter: (person_id > 813900)
        Rows Removed by Filter: 8312999
  ->  Hash  (cost=52283.69..52283.69 rows=104 width=8) (actual time=773.393..773.393 rows=516 loops=1)
        Buckets: 1024  Batches: 1  Memory Usage: 29kB
        ->  Nested Loop  (cost=0.43..52283.69 rows=104 width=8) (actual time=0.166..773.074 rows=516 loops=1)
              ->  Seq Scan on movie_companies mc  (cost=0.00..51404.11 rows=104 width=4) (actual time=0.116..745.510 rows=516 loops=1)
                    Filter: (company_id = 7848)
                    Rows Removed by Filter: 2608613
              ->  Index Only Scan using title_pkey on title t  (cost=0.43..8.45 rows=1 width=4) (actual time=0.052..0.052 rows=1 loops=516)
                    Index Cond: (id = mc.movie_id)
                    Heap Fetches: 516
Planning time: 1.188 ms
Execution time: 17164.900 ms
