Seq Scan on cast_info ci  (cost=0.00..705507.15 rows=16414784 width=0) (actual time=0.031..30427.946 rows=16275913 loops=1)
  Filter: (person_id < 1611446)
  Rows Removed by Filter: 19968431
Planning time: 0.417 ms
Execution time: 32898.110 ms
