Hash Join  (cost=89387.37..159646.48 rows=369804 width=0) (actual time=3985.914..7150.566 rows=534232 loops=1)
  Hash Cond: (mc.movie_id = t.id)
  ->  Seq Scan on movie_companies mc  (cost=0.00..51404.11 rows=992257 width=4) (actual time=0.029..2363.897 rows=994842 loops=1)
        Filter: (company_id < 4625)
        Rows Removed by Filter: 1614287
  ->  Hash  (cost=73925.90..73925.90 rows=942357 width=4) (actual time=3984.894..3984.894 rows=926057 loops=1)
        Buckets: 131072  Batches: 16  Memory Usage: 3059kB
        ->  Seq Scan on title t  (cost=0.00..73925.90 rows=942357 width=4) (actual time=0.013..3619.828 rows=926057 loops=1)
              Filter: ((kind_id < 7) AND (production_year > 1913))
              Rows Removed by Filter: 1602255
Planning time: 3.337 ms
Execution time: 7210.741 ms
