Hash Join  (cost=87301.44..617813.97 rows=4752160 width=0) (actual time=4609.716..34399.681 rows=2624199 loops=1)
  Hash Cond: (mi.movie_id = t.id)
  ->  Seq Scan on movie_info mi  (cost=0.00..309384.22 rows=14739122 width=4) (actual time=0.026..20471.005 rows=14835720 loops=1)
  ->  Hash  (cost=73925.90..73925.90 rows=815243 width=4) (actual time=4608.573..4608.573 rows=876186 loops=1)
        Buckets: 131072  Batches: 16  Memory Usage: 2961kB
        ->  Seq Scan on title t  (cost=0.00..73925.90 rows=815243 width=4) (actual time=0.019..4229.322 rows=876186 loops=1)
              Filter: ((kind_id > 1) AND (production_year > 2004))
              Rows Removed by Filter: 1652126
Planning time: 1.429 ms
Execution time: 34715.148 ms
