Seq Scan on movie_keyword mk  (cost=0.00..81003.12 rows=1876586 width=0) (actual time=0.025..1297.085 rows=1888503 loops=1)
  Filter: (keyword_id < 3231)
  Rows Removed by Filter: 2635427
Planning time: 0.317 ms
Execution time: 1525.359 ms
