Seq Scan on cast_info ci  (cost=0.00..796071.18 rows=6182002 width=0) (actual time=7700.018..15060.911 rows=7451973 loops=1)
  Filter: ((person_id < 3090274) AND (role_id = 2))
  Rows Removed by Filter: 28792371
Planning time: 0.414 ms
Execution time: 15943.156 ms
