Hash Join  (cost=198183.05..710538.90 rows=1323804 width=0) (actual time=3852.665..18890.724 rows=10653086 loops=1)
  Hash Cond: (mi.movie_id = t.id)
  ->  Seq Scan on movie_info mi  (cost=0.00..309384.22 rows=14739122 width=4) (actual time=0.022..6195.233 rows=14835720 loops=1)
  ->  Hash  (cost=194456.28..194456.28 rows=227101 width=8) (actual time=3850.904..3850.904 rows=202128 loops=1)
        Buckets: 131072  Batches: 4  Memory Usage: 2989kB
        ->  Hash Join  (cost=69687.24..194456.28 rows=227101 width=8) (actual time=1118.307..3791.632 rows=202128 loops=1)
              Hash Cond: (mk.movie_id = t.id)
              ->  Seq Scan on movie_keyword mk  (cost=0.00..69693.30 rows=4523930 width=4) (actual time=0.023..1345.175 rows=4523930 loops=1)
              ->  Hash  (cost=67604.59..67604.59 rows=126932 width=4) (actual time=1117.349..1117.349 rows=122861 loops=1)
                    Buckets: 131072  Batches: 2  Memory Usage: 3197kB
                    ->  Seq Scan on title t  (cost=0.00..67604.59 rows=126932 width=4) (actual time=0.026..1069.275 rows=122861 loops=1)
                          Filter: (production_year = 2008)
                          Rows Removed by Filter: 2405451
Planning time: 1.144 ms
Execution time: 20169.159 ms
