Seq Scan on cast_info ci  (cost=0.00..796071.18 rows=233574 width=0) (actual time=1138.787..11498.136 rows=166 loops=1)
  Filter: ((person_id < 107854) AND (role_id = 2))
  Rows Removed by Filter: 36244178
Planning time: 0.407 ms
Execution time: 11498.289 ms
