Hash Join  (cost=102767.86..175829.42 rows=218377 width=0) (actual time=2291.871..3980.520 rows=432568 loops=1)
  Hash Cond: (mc.movie_id = t.id)
  ->  Seq Scan on movie_companies mc  (cost=0.00..57926.93 rows=218377 width=4) (actual time=341.387..921.569 rows=432568 loops=1)
        Filter: ((company_id > 78883) AND (company_type_id = 2))
        Rows Removed by Filter: 2176561
  ->  Hash  (cost=61283.27..61283.27 rows=2528527 width=4) (actual time=1949.020..1949.020 rows=2528312 loops=1)
        Buckets: 131072  Batches: 64  Memory Usage: 2415kB
        ->  Seq Scan on title t  (cost=0.00..61283.27 rows=2528527 width=4) (actual time=0.036..1089.629 rows=2528312 loops=1)
Planning time: 6.932 ms
Execution time: 4036.391 ms
