Hash Join  (cost=195481.21..655753.91 rows=2410622 width=0) (actual time=3996.056..13790.470 rows=1687661 loops=1)
  Hash Cond: (mi.movie_id = t.id)
  ->  Seq Scan on movie_info mi  (cost=0.00..346232.03 rows=7503588 width=4) (actual time=0.021..6191.755 rows=7548855 loops=1)
        Filter: (info_type_id > 7)
        Rows Removed by Filter: 7286865
  ->  Hash  (cost=182153.20..182153.20 rows=812321 width=8) (actual time=3995.109..3995.109 rows=413484 loops=1)
        Buckets: 131072  Batches: 16  Memory Usage: 2028kB
        ->  Hash Join  (cost=93093.72..182153.20 rows=812321 width=8) (actual time=1655.989..3864.805 rows=413484 loops=1)
              Hash Cond: (mc.movie_id = t.id)
              ->  Seq Scan on movie_companies mc  (cost=0.00..57926.93 rows=1322065 width=4) (actual time=0.372..1155.566 rows=1321245 loops=1)
                    Filter: ((company_id < 222090) AND (company_type_id > 1))
                    Rows Removed by Filter: 1287884
              ->  Hash  (cost=67604.59..67604.59 rows=1553611 width=4) (actual time=1654.131..1654.131 rows=1555864 loops=1)
                    Buckets: 131072  Batches: 32  Memory Usage: 2734kB
                    ->  Seq Scan on title t  (cost=0.00..67604.59 rows=1553611 width=4) (actual time=0.023..1163.158 rows=1555864 loops=1)
                          Filter: (kind_id > 4)
                          Rows Removed by Filter: 972448
Planning time: 1.147 ms
Execution time: 13963.058 ms
