Hash Join  (cost=100809.69..155571.60 rows=894338 width=0) (actual time=1980.821..3900.037 rows=707346 loops=1)
  Hash Cond: (mi_idx.movie_id = t.id)
  ->  Seq Scan on movie_info_idx mi_idx  (cost=0.00..21735.35 rows=1380035 width=4) (actual time=0.023..461.148 rows=1380035 loops=1)
  ->  Hash  (cost=73925.90..73925.90 rows=1638623 width=4) (actual time=1979.858..1979.858 rows=1629839 loops=1)
        Buckets: 131072  Batches: 32  Memory Usage: 2813kB
        ->  Seq Scan on title t  (cost=0.00..73925.90 rows=1638623 width=4) (actual time=0.026..1450.136 rows=1629839 loops=1)
              Filter: ((kind_id > 1) AND (production_year < 2012))
              Rows Removed by Filter: 898473
Planning time: 0.695 ms
Execution time: 3989.940 ms
