Seq Scan on movie_keyword mk  (cost=0.00..81003.12 rows=2467308 width=0) (actual time=0.019..1365.623 rows=2459956 loops=1)
  Filter: (keyword_id > 3662)
  Rows Removed by Filter: 2063974
Planning time: 0.307 ms
Execution time: 1675.438 ms
