Hash Join  (cost=52284.54..886550.65 rows=638 width=0) (actual time=1162.338..20467.308 rows=19 loops=1)
  Hash Cond: (ci.movie_id = t.id)
  ->  Seq Scan on cast_info ci  (cost=0.00..705507.15 rows=34334022 width=4) (actual time=0.023..13970.271 rows=34414851 loops=1)
        Filter: (person_id > 180809)
        Rows Removed by Filter: 1829493
  ->  Hash  (cost=52283.95..52283.95 rows=47 width=8) (actual time=867.988..867.988 rows=1 loops=1)
        Buckets: 1024  Batches: 1  Memory Usage: 9kB
        ->  Nested Loop  (cost=0.43..52283.95 rows=47 width=8) (actual time=505.359..867.982 rows=1 loops=1)
              ->  Seq Scan on movie_companies mc  (cost=0.00..51404.11 rows=104 width=4) (actual time=505.302..867.923 rows=1 loops=1)
                    Filter: (company_id = 195126)
                    Rows Removed by Filter: 2609128
              ->  Index Scan using title_pkey on title t  (cost=0.43..8.45 rows=1 width=4) (actual time=0.052..0.052 rows=1 loops=1)
                    Index Cond: (id = mc.movie_id)
                    Filter: (production_year < 2002)
Planning time: 1.235 ms
Execution time: 20467.465 ms
