Hash Join  (cost=102591.84..501106.15 rows=4719 width=0) (actual time=1691.204..10023.467 rows=20360 loops=1)
  Hash Cond: (mi.movie_id = t.id)
  ->  Seq Scan on movie_info mi  (cost=0.00..346232.03 rows=13929354 width=4) (actual time=0.014..6246.895 rows=14033580 loops=1)
        Filter: (info_type_id > 1)
        Rows Removed by Filter: 802140
  ->  Hash  (cost=102581.13..102581.13 rows=857 width=8) (actual time=1690.692..1690.692 rows=2276 loops=1)
        Buckets: 4096 (originally 1024)  Batches: 1 (originally 1)  Memory Usage: 121kB
        ->  Hash Join  (cost=73955.49..102581.13 rows=857 width=8) (actual time=1268.081..1689.605 rows=2276 loops=1)
              Hash Cond: (mi_idx.movie_id = t.id)
              ->  Seq Scan on movie_info_idx mi_idx  (cost=0.00..25185.44 rows=915101 width=4) (actual time=0.023..498.512 rows=919850 loops=1)
                    Filter: (info_type_id < 101)
                    Rows Removed by Filter: 460185
              ->  Hash  (cost=73925.90..73925.90 rows=2367 width=4) (actual time=1037.841..1037.841 rows=3811 loops=1)
                    Buckets: 4096  Batches: 1  Memory Usage: 166kB
                    ->  Seq Scan on title t  (cost=0.00..73925.90 rows=2367 width=4) (actual time=0.055..1036.071 rows=3811 loops=1)
                          Filter: ((kind_id = 4) AND (production_year = 2000))
                          Rows Removed by Filter: 2524501
Planning time: 1.195 ms
Execution time: 10027.224 ms
