Seq Scan on movie_companies mc  (cost=0.00..57926.93 rows=863591 width=0) (actual time=222.796..1141.811 rows=1069287 loops=1)
  Filter: ((company_id > 3098) AND (company_type_id = 2))
  Rows Removed by Filter: 1539842
Planning time: 0.516 ms
Execution time: 1273.394 ms
