Nested Loop  (cost=0.43..83072.29 rows=65 width=0) (actual time=0.853..1322.571 rows=523 loops=1)
  ->  Seq Scan on movie_keyword mk  (cost=0.00..81003.12 rows=246 width=4) (actual time=0.828..1286.377 rows=903 loops=1)
        Filter: (keyword_id = 3661)
        Rows Removed by Filter: 4523027
  ->  Index Scan using title_pkey on title t  (cost=0.43..8.40 rows=1 width=4) (actual time=0.039..0.039 rows=1 loops=903)
        Index Cond: (id = mk.movie_id)
        Filter: (kind_id < 2)
        Rows Removed by Filter: 0
Planning time: 0.750 ms
Execution time: 1322.881 ms
