Seq Scan on title t  (cost=0.00..73925.90 rows=573114 width=0) (actual time=0.015..1124.195 rows=446387 loops=1)
  Filter: ((kind_id > 1) AND (production_year < 1994))
  Rows Removed by Filter: 2081925
Planning time: 0.321 ms
Execution time: 1178.232 ms
