Hash Join  (cost=79508.92..580477.94 rows=1983310 width=0) (actual time=1340.283..14050.811 rows=1004300 loops=1)
  Hash Cond: (mi.movie_id = t.id)
  ->  Seq Scan on movie_info mi  (cost=0.00..309384.22 rows=14739122 width=4) (actual time=0.008..6069.253 rows=14835720 loops=1)
  ->  Hash  (cost=73925.90..73925.90 rows=340241 width=4) (actual time=1326.791..1326.791 rows=227059 loops=1)
        Buckets: 131072  Batches: 8  Memory Usage: 2017kB
        ->  Seq Scan on title t  (cost=0.00..73925.90 rows=340241 width=4) (actual time=0.029..1242.132 rows=227059 loops=1)
              Filter: ((kind_id > 4) AND (production_year < 1983))
              Rows Removed by Filter: 2301253
Planning time: 0.745 ms
Execution time: 14174.741 ms
