Hash Join  (cost=95637.05..199868.25 rows=562646 width=0) (actual time=1915.993..4231.518 rows=333133 loops=1)
  Hash Cond: (mk.movie_id = t.id)
  ->  Seq Scan on movie_keyword mk  (cost=0.00..81003.12 rows=1075096 width=4) (actual time=0.023..1429.735 rows=1084534 loops=1)
        Filter: (keyword_id < 1096)
        Rows Removed by Filter: 3439396
  ->  Hash  (cost=73925.90..73925.90 rows=1323292 width=4) (actual time=1914.805..1914.805 rows=1447699 loops=1)
        Buckets: 131072  Batches: 32  Memory Usage: 2629kB
        ->  Seq Scan on title t  (cost=0.00..73925.90 rows=1323292 width=4) (actual time=0.021..1429.615 rows=1447699 loops=1)
              Filter: ((kind_id > 1) AND (production_year > 1988))
              Rows Removed by Filter: 1080613
Planning time: 0.746 ms
Execution time: 4274.292 ms
