Seq Scan on movie_info mi  (cost=0.00..346232.03 rows=13740956 width=0) (actual time=0.027..5616.578 rows=13776257 loops=1)
  Filter: (info_type_id < 77)
  Rows Removed by Filter: 1059463
Planning time: 0.327 ms
Execution time: 7250.507 ms
