Seq Scan on cast_info ci  (cost=0.00..796071.18 rows=10808706 width=0) (actual time=5331.366..13396.596 rows=8066518 loops=1)
  Filter: ((person_id > 1987029) AND (role_id < 4))
  Rows Removed by Filter: 28177826
Planning time: 0.377 ms
Execution time: 14368.001 ms
