Hash Join  (cost=129926.62..513140.47 rows=144566 width=0) (actual time=3499.463..10999.666 rows=923063 loops=1)
  Hash Cond: (mi.movie_id = t.id)
  ->  Seq Scan on movie_info mi  (cost=0.00..346232.03 rows=9476311 width=4) (actual time=773.121..5964.026 rows=9565151 loops=1)
        Filter: (info_type_id < 16)
        Rows Removed by Filter: 5270569
  ->  Hash  (cost=129444.44..129444.44 rows=38574 width=8) (actual time=2720.893..2720.893 rows=48213 loops=1)
        Buckets: 65536  Batches: 1  Memory Usage: 2396kB
        ->  Hash Join  (cost=74393.18..129444.44 rows=38574 width=8) (actual time=1336.546..2702.427 rows=48213 loops=1)
              Hash Cond: (mc.movie_id = t.id)
              ->  Seq Scan on movie_companies mc  (cost=0.00..44881.29 rows=2609129 width=4) (actual time=0.024..708.623 rows=2609129 loops=1)
              ->  Hash  (cost=73925.90..73925.90 rows=37382 width=4) (actual time=1290.400..1290.400 rows=33190 loops=1)
                    Buckets: 65536  Batches: 1  Memory Usage: 1679kB
                    ->  Seq Scan on title t  (cost=0.00..73925.90 rows=37382 width=4) (actual time=14.791..1276.205 rows=33190 loops=1)
                          Filter: ((kind_id = 1) AND (production_year = 2010))
                          Rows Removed by Filter: 2495122
Planning time: 0.821 ms
Execution time: 11115.587 ms
