Hash Join  (cost=83810.17..177971.67 rows=982275 width=0) (actual time=1323.901..4302.289 rows=1796778 loops=1)
  Hash Cond: (mc.movie_id = t.id)
  ->  Seq Scan on movie_companies mc  (cost=0.00..51404.11 rows=2514569 width=4) (actual time=0.014..1040.939 rows=2514086 loops=1)
        Filter: (company_id < 160568)
        Rows Removed by Filter: 95043
  ->  Hash  (cost=67604.59..67604.59 rows=987727 width=4) (actual time=1323.006..1323.006 rows=985048 loops=1)
        Buckets: 131072  Batches: 16  Memory Usage: 3188kB
        ->  Seq Scan on title t  (cost=0.00..67604.59 rows=987727 width=4) (actual time=0.029..1007.299 rows=985048 loops=1)
              Filter: (kind_id < 7)
              Rows Removed by Filter: 1543264
Planning time: 0.796 ms
Execution time: 4499.178 ms
