Seq Scan on title t  (cost=0.00..73925.90 rows=17617 width=0) (actual time=340.449..804.296 rows=22021 loops=1)
  Filter: ((kind_id < 2) AND (production_year > 2012))
  Rows Removed by Filter: 2506291
Planning time: 0.350 ms
Execution time: 806.757 ms
