Seq Scan on title t  (cost=0.00..73925.90 rows=485 width=0) (actual time=6.610..1125.851 rows=298 loops=1)
  Filter: ((kind_id > 1) AND (production_year > 2013))
  Rows Removed by Filter: 2528014
Planning time: 0.335 ms
Execution time: 1126.159 ms
