Hash Join  (cost=965205.49..1531827.88 rows=8136346 width=0) (actual time=19399.778..53743.438 rows=83241709 loops=1)
  Hash Cond: (mi.movie_id = t.id)
  ->  Seq Scan on movie_info mi  (cost=0.00..309384.22 rows=14739122 width=4) (actual time=0.010..6052.856 rows=14835720 loops=1)
  ->  Hash  (cost=942304.90..942304.90 rows=1395807 width=8) (actual time=19398.141..19398.141 rows=3382250 loops=1)
        Buckets: 131072 (originally 131072)  Batches: 64 (originally 32)  Memory Usage: 3130kB
        ->  Hash Join  (cost=102767.86..942304.90 rows=1395807 width=8) (actual time=11840.022..18467.877 rows=3382250 loops=1)
              Hash Cond: (ci.movie_id = t.id)
              ->  Seq Scan on cast_info ci  (cost=0.00..796071.18 rows=1395807 width=4) (actual time=9780.834..13365.785 rows=3382250 loops=1)
                    Filter: ((person_id > 2515942) AND (role_id = 10))
                    Rows Removed by Filter: 32862094
              ->  Hash  (cost=61283.27..61283.27 rows=2528527 width=4) (actual time=2057.305..2057.305 rows=2528312 loops=1)
                    Buckets: 131072  Batches: 64  Memory Usage: 2415kB
                    ->  Seq Scan on title t  (cost=0.00..61283.27 rows=2528527 width=4) (actual time=0.019..1215.521 rows=2528312 loops=1)
Planning time: 1.170 ms
Execution time: 62660.161 ms
