Hash Join  (cost=102767.86..1571661.47 rows=31314613 width=0) (actual time=1962.449..47168.740 rows=31453721 loops=1)
  Hash Cond: (ci.movie_id = t.id)
  ->  Seq Scan on cast_info ci  (cost=0.00..705507.15 rows=31314613 width=4) (actual time=0.024..16575.744 rows=31453721 loops=1)
        Filter: (person_id > 465308)
        Rows Removed by Filter: 4790623
  ->  Hash  (cost=61283.27..61283.27 rows=2528527 width=4) (actual time=1960.526..1960.526 rows=2528312 loops=1)
        Buckets: 131072  Batches: 64  Memory Usage: 2415kB
        ->  Seq Scan on title t  (cost=0.00..61283.27 rows=2528527 width=4) (actual time=0.020..1108.564 rows=2528312 loops=1)
Planning time: 0.712 ms
Execution time: 50799.746 ms
