Seq Scan on cast_info ci  (cost=0.00..796071.18 rows=6568311 width=0) (actual time=23148.966..41768.279 rows=8773209 loops=1)
  Filter: ((person_id > 1641776) AND (role_id > 3))
  Rows Removed by Filter: 27471135
Planning time: 2.762 ms
Execution time: 43264.054 ms
