Hash Join  (cost=202501.74..1150543.55 rows=3164056 width=0) (actual time=4655.210..46428.058 rows=8042893 loops=1)
  Hash Cond: (ci.movie_id = t.id)
  ->  Seq Scan on cast_info ci  (cost=0.00..796071.18 rows=10140286 width=4) (actual time=105.677..32289.441 rows=12670688 loops=1)
        Filter: ((person_id < 2929150) AND (role_id = 1))
        Rows Removed by Filter: 23573656
  ->  Hash  (cost=189557.59..189557.59 rows=788972 width=8) (actual time=4548.625..4548.625 rows=1005943 loops=1)
        Buckets: 131072  Batches: 16  Memory Usage: 3482kB
        ->  Hash Join  (cost=102767.86..189557.59 rows=788972 width=8) (actual time=1949.730..4256.690 rows=1005943 loops=1)
              Hash Cond: (mc.movie_id = t.id)
              ->  Seq Scan on movie_companies mc  (cost=0.00..57926.93 rows=788972 width=4) (actual time=0.032..1054.848 rows=1005943 loops=1)
                    Filter: ((company_id > 6269) AND (company_type_id > 1))
                    Rows Removed by Filter: 1603186
              ->  Hash  (cost=61283.27..61283.27 rows=2528527 width=4) (actual time=1947.647..1947.647 rows=2528312 loops=1)
                    Buckets: 131072  Batches: 64  Memory Usage: 2415kB
                    ->  Seq Scan on title t  (cost=0.00..61283.27 rows=2528527 width=4) (actual time=0.016..1098.803 rows=2528312 loops=1)
Planning time: 1.154 ms
Execution time: 47572.149 ms
