Hash Join  (cost=73969.01..157039.17 rows=749 width=0) (actual time=3329.834..7024.485 rows=1078 loops=1)
  Hash Cond: (mk.movie_id = t.id)
  ->  Seq Scan on movie_keyword mk  (cost=0.00..81003.12 rows=549214 width=4) (actual time=0.028..3563.417 rows=545252 loops=1)
        Filter: (keyword_id > 33720)
        Rows Removed by Filter: 3978678
  ->  Hash  (cost=73925.90..73925.90 rows=3448 width=4) (actual time=3324.904..3324.904 rows=3637 loops=1)
        Buckets: 4096  Batches: 1  Memory Usage: 160kB
        ->  Seq Scan on title t  (cost=0.00..73925.90 rows=3448 width=4) (actual time=0.056..3322.920 rows=3637 loops=1)
              Filter: ((kind_id = 3) AND (production_year = 2004))
              Rows Removed by Filter: 2524675
Planning time: 8.160 ms
Execution time: 7024.913 ms
