Hash Join  (cost=96679.19..248242.83 rows=2095867 width=0) (actual time=4095.021..5898.024 rows=517353 loops=1)
  Hash Cond: (mk.movie_id = t.id)
  ->  Seq Scan on movie_keyword mk  (cost=0.00..81003.12 rows=3821292 width=4) (actual time=0.022..1684.903 rows=3815419 loops=1)
        Filter: (keyword_id < 26656)
        Rows Removed by Filter: 708511
  ->  Hash  (cost=73925.90..73925.90 rows=1386823 width=4) (actual time=1878.831..1878.831 rows=1464545 loops=1)
        Buckets: 131072  Batches: 32  Memory Usage: 2641kB
        ->  Seq Scan on title t  (cost=0.00..73925.90 rows=1386823 width=4) (actual time=53.286..1422.588 rows=1464545 loops=1)
              Filter: ((production_year > 1953) AND (kind_id = 7))
              Rows Removed by Filter: 1063767
Planning time: 0.795 ms
Execution time: 5952.849 ms
