Hash Join  (cost=78556.72..148457.40 rows=174089 width=0) (actual time=1355.271..2409.954 rows=95643 loops=1)
  Hash Cond: (mc.movie_id = t.id)
  ->  Seq Scan on movie_companies mc  (cost=0.00..57926.93 rows=659428 width=4) (actual time=0.029..923.728 rows=419974 loops=1)
        Filter: ((company_id < 11244) AND (company_type_id > 1))
        Rows Removed by Filter: 2189155
  ->  Hash  (cost=67604.59..67604.59 rows=667531 width=4) (actual time=1237.766..1237.766 rows=662825 loops=1)
        Buckets: 131072  Batches: 16  Memory Usage: 2476kB
        ->  Seq Scan on title t  (cost=0.00..67604.59 rows=667531 width=4) (actual time=160.968..868.556 rows=662825 loops=1)
              Filter: (kind_id = 1)
              Rows Removed by Filter: 1865487
Planning time: 0.749 ms
Execution time: 2417.592 ms
