Hash Join  (cost=58358.90..145017.85 rows=91 width=0) (actual time=3044.688..7914.628 rows=422 loops=1)
  Hash Cond: (mk.movie_id = t.id)
  ->  Seq Scan on movie_keyword mk  (cost=0.00..69693.30 rows=4523930 width=4) (actual time=0.021..3730.672 rows=4523930 loops=1)
  ->  Hash  (cost=58358.27..58358.27 rows=51 width=8) (actual time=3038.972..3038.972 rows=65 loops=1)
        Buckets: 1024  Batches: 1  Memory Usage: 11kB
        ->  Nested Loop  (cost=0.43..58358.27 rows=51 width=8) (actual time=1704.102..3038.889 rows=65 loops=1)
              ->  Seq Scan on movie_companies mc  (cost=0.00..57926.93 rows=51 width=4) (actual time=1704.000..3034.798 rows=65 loops=1)
                    Filter: ((company_type_id < 2) AND (company_id = 12564))
                    Rows Removed by Filter: 2609064
              ->  Index Only Scan using title_pkey on title t  (cost=0.43..8.45 rows=1 width=4) (actual time=0.058..0.059 rows=1 loops=65)
                    Index Cond: (id = mc.movie_id)
                    Heap Fetches: 65
Planning time: 1.126 ms
Execution time: 7914.842 ms
