Hash Join  (cost=81460.08..457233.66 rows=376646 width=0) (actual time=1236.626..7449.485 rows=627201 loops=1)
  Hash Cond: (mi.movie_id = t.id)
  ->  Seq Scan on movie_info mi  (cost=0.00..346232.03 rows=2073893 width=4) (actual time=0.018..4922.904 rows=2091068 loops=1)
        Filter: (info_type_id < 3)
        Rows Removed by Filter: 12744652
  ->  Hash  (cost=73925.90..73925.90 rows=459214 width=4) (actual time=1235.747..1235.747 rows=352583 loops=1)
        Buckets: 131072  Batches: 8  Memory Usage: 2586kB
        ->  Seq Scan on title t  (cost=0.00..73925.90 rows=459214 width=4) (actual time=0.018..1116.585 rows=352583 loops=1)
              Filter: ((kind_id < 3) AND (production_year > 1997))
              Rows Removed by Filter: 2175729
Planning time: 0.811 ms
Execution time: 7520.296 ms
