Hash Join  (cost=161764.95..996182.73 rows=283302 width=0) (actual time=8531.230..23065.430 rows=1518600 loops=1)
  Hash Cond: (ci.movie_id = t.id)
  ->  Seq Scan on cast_info ci  (cost=0.00..796071.18 rows=9470292 width=4) (actual time=5238.809..15095.937 rows=12258441 loops=1)
        Filter: ((person_id < 1680554) AND (role_id < 3))
        Rows Removed by Filter: 23985903
  ->  Hash  (cost=160819.45..160819.45 rows=75640 width=8) (actual time=3126.999..3126.999 rows=89617 loops=1)
        Buckets: 131072 (originally 131072)  Batches: 2 (originally 1)  Memory Usage: 3073kB
        ->  Hash Join  (cost=68449.54..160819.45 rows=75640 width=8) (actual time=1154.043..3058.749 rows=89617 loops=1)
              Hash Cond: (mk.movie_id = t.id)
              ->  Seq Scan on movie_keyword mk  (cost=0.00..81003.12 rows=2829437 width=4) (actual time=0.029..1425.986 rows=2819615 loops=1)
                    Filter: (keyword_id > 2661)
                    Rows Removed by Filter: 1704315
              ->  Hash  (cost=67604.59..67604.59 rows=67596 width=4) (actual time=1153.338..1153.338 rows=67777 loops=1)
                    Buckets: 131072  Batches: 1  Memory Usage: 3407kB
                    ->  Seq Scan on title t  (cost=0.00..67604.59 rows=67596 width=4) (actual time=0.032..1125.440 rows=67777 loops=1)
                          Filter: (production_year = 2003)
                          Rows Removed by Filter: 2460535
Planning time: 1.108 ms
Execution time: 23261.670 ms
