Hash Join  (cost=190230.21..955709.39 rows=1750183 width=0) (actual time=21657.961..49735.832 rows=4571150 loops=1)
  Hash Cond: (ci.movie_id = t.id)
  ->  Seq Scan on cast_info ci  (cost=0.00..705507.15 rows=3206720 width=4) (actual time=11057.369..34862.624 rows=3248838 loops=1)
        Filter: (person_id > 3463973)
        Rows Removed by Filter: 32995506
  ->  Hash  (cost=167588.78..167588.78 rows=1380035 width=8) (actual time=10585.912..10585.912 rows=1380035 loops=1)
        Buckets: 131072  Batches: 32  Memory Usage: 2708kB
        ->  Hash Join  (cost=102767.86..167588.78 rows=1380035 width=8) (actual time=5620.342..10126.782 rows=1380035 loops=1)
              Hash Cond: (mi_idx.movie_id = t.id)
              ->  Seq Scan on movie_info_idx mi_idx  (cost=0.00..21735.35 rows=1380035 width=4) (actual time=3.314..1871.275 rows=1380035 loops=1)
              ->  Hash  (cost=61283.27..61283.27 rows=2528527 width=4) (actual time=5612.247..5612.247 rows=2528312 loops=1)
                    Buckets: 131072  Batches: 64  Memory Usage: 2415kB
                    ->  Seq Scan on title t  (cost=0.00..61283.27 rows=2528527 width=4) (actual time=0.021..4155.490 rows=2528312 loops=1)
Planning time: 10.557 ms
Execution time: 50372.332 ms
