Hash Join  (cost=102767.86..268094.61 rows=3093762 width=0) (actual time=1948.776..6156.265 rows=3077639 loops=1)
  Hash Cond: (mk.movie_id = t.id)
  ->  Seq Scan on movie_keyword mk  (cost=0.00..81003.12 rows=3093762 width=4) (actual time=0.028..1617.141 rows=3077639 loops=1)
        Filter: (keyword_id > 2026)
        Rows Removed by Filter: 1446291
  ->  Hash  (cost=61283.27..61283.27 rows=2528527 width=4) (actual time=1946.677..1946.677 rows=2528312 loops=1)
        Buckets: 131072  Batches: 64  Memory Usage: 2425kB
        ->  Seq Scan on title t  (cost=0.00..61283.27 rows=2528527 width=4) (actual time=0.025..1050.489 rows=2528312 loops=1)
Planning time: 0.800 ms
Execution time: 6512.053 ms
