Hash Join  (cost=73982.55..156888.75 rows=905 width=0) (actual time=6382.002..7871.603 rows=318 loops=1)
  Hash Cond: (mk.movie_id = t.id)
  ->  Seq Scan on movie_keyword mk  (cost=0.00..81003.12 rows=505073 width=4) (actual time=0.025..3777.708 rows=497198 loops=1)
        Filter: (keyword_id > 36274)
        Rows Removed by Filter: 4026732
  ->  Hash  (cost=73925.90..73925.90 rows=4532 width=4) (actual time=3968.096..3968.096 rows=5201 loops=1)
        Buckets: 8192  Batches: 1  Memory Usage: 247kB
        ->  Seq Scan on title t  (cost=0.00..73925.90 rows=4532 width=4) (actual time=1128.069..3964.996 rows=5201 loops=1)
              Filter: ((kind_id = 7) AND (production_year = 1956))
              Rows Removed by Filter: 2523111
Planning time: 6.159 ms
Execution time: 7871.763 ms
