Hash Join  (cost=765492.94..3171718.71 rows=107151445 width=0) (actual time=39278.479..162987.380 rows=158745246 loops=1)
  Hash Cond: (ci.movie_id = t.id)
  ->  Seq Scan on cast_info ci  (cost=0.00..614943.12 rows=36225612 width=4) (actual time=0.028..45431.223 rows=36244344 loops=1)
  ->  Hash  (cost=642788.07..642788.07 rows=7479110 width=8) (actual time=39277.000..39277.000 rows=6631850 loops=1)
        Buckets: 131072  Batches: 128  Memory Usage: 3029kB
        ->  Hash Join  (cost=104071.89..642788.07 rows=7479110 width=8) (actual time=6008.909..36101.747 rows=6631850 loops=1)
              Hash Cond: (mi.movie_id = t.id)
              ->  Seq Scan on movie_info mi  (cost=0.00..346232.03 rows=8508011 width=4) (actual time=0.025..20013.076 rows=8612226 loops=1)
                    Filter: (info_type_id < 9)
                    Rows Removed by Filter: 6223494
              ->  Hash  (cost=67604.59..67604.59 rows=2222744 width=4) (actual time=6007.761..6007.761 rows=2214818 loops=1)
                    Buckets: 131072  Batches: 32  Memory Usage: 3469kB
                    ->  Seq Scan on title t  (cost=0.00..67604.59 rows=2222744 width=4) (actual time=0.012..4885.809 rows=2214818 loops=1)
                          Filter: (production_year > 1959)
                          Rows Removed by Filter: 313494
Planning time: 1.107 ms
Execution time: 184837.392 ms
