Hash Join  (cost=102767.86..1584370.56 rows=31842803 width=0) (actual time=5811.740..85657.735 rows=31816444 loops=1)
  Hash Cond: (ci.movie_id = t.id)
  ->  Seq Scan on cast_info ci  (cost=0.00..705507.15 rows=31842803 width=4) (actual time=0.024..47091.331 rows=31816444 loops=1)
        Filter: (person_id < 3252499)
        Rows Removed by Filter: 4427900
  ->  Hash  (cost=61283.27..61283.27 rows=2528527 width=4) (actual time=5810.459..5810.459 rows=2528312 loops=1)
        Buckets: 131072  Batches: 64  Memory Usage: 2415kB
        ->  Seq Scan on title t  (cost=0.00..61283.27 rows=2528527 width=4) (actual time=0.008..4663.570 rows=2528312 loops=1)
Planning time: 0.765 ms
Execution time: 89964.079 ms
