Hash Join  (cost=80408.18..121800.85 rows=215619 width=0) (actual time=3350.511..6045.193 rows=275110 loops=1)
  Hash Cond: (mi_idx.movie_id = t.id)
  ->  Seq Scan on movie_info_idx mi_idx  (cost=0.00..21735.35 rows=1380035 width=4) (actual time=0.025..1703.050 rows=1380035 loops=1)
  ->  Hash  (cost=73925.90..73925.90 rows=395062 width=4) (actual time=3349.399..3349.399 rows=335993 loops=1)
        Buckets: 131072  Batches: 8  Memory Usage: 2492kB
        ->  Seq Scan on title t  (cost=0.00..73925.90 rows=395062 width=4) (actual time=0.016..3185.004 rows=335993 loops=1)
              Filter: ((kind_id < 7) AND (production_year > 2005))
              Rows Removed by Filter: 2192319
Planning time: 1.878 ms
Execution time: 6085.268 ms
