Seq Scan on cast_info ci  (cost=0.00..705507.15 rows=500 width=0) (actual time=11296.791..31344.232 rows=128 loops=1)
  Filter: (person_id = 1242275)
  Rows Removed by Filter: 36244216
Planning time: 0.407 ms
Execution time: 31344.347 ms
