Hash Join  (cost=915620.40..1334684.94 rows=397693 width=0) (actual time=41991.321..65036.964 rows=1753383 loops=1)
  Hash Cond: (mi.movie_id = t.id)
  ->  Seq Scan on movie_info mi  (cost=0.00..346232.03 rows=5897221 width=4) (actual time=0.023..18701.142 rows=5884963 loops=1)
        Filter: (info_type_id < 7)
        Rows Removed by Filter: 8950757
  ->  Hash  (cost=912821.94..912821.94 rows=170517 width=8) (actual time=41990.351..41990.351 rows=406148 loops=1)
        Buckets: 131072 (originally 131072)  Batches: 8 (originally 4)  Memory Usage: 3073kB
        ->  Hash Join  (cost=102767.86..912821.94 rows=170517 width=8) (actual time=15558.687..41827.312 rows=406148 loops=1)
              Hash Cond: (ci.movie_id = t.id)
              ->  Seq Scan on cast_info ci  (cost=0.00..796071.18 rows=170517 width=4) (actual time=9246.248..34640.404 rows=406148 loops=1)
                    Filter: ((person_id > 3985617) AND (role_id > 2))
                    Rows Removed by Filter: 35838196
              ->  Hash  (cost=61283.27..61283.27 rows=2528527 width=4) (actual time=6311.471..6311.471 rows=2528312 loops=1)
                    Buckets: 131072  Batches: 64  Memory Usage: 2415kB
                    ->  Seq Scan on title t  (cost=0.00..61283.27 rows=2528527 width=4) (actual time=0.027..4863.561 rows=2528312 loops=1)
Planning time: 1.162 ms
Execution time: 65309.094 ms
