Hash Join  (cost=100948.70..465748.84 rows=14419 width=0) (actual time=5199.542..23511.044 rows=43896 loops=1)
  Hash Cond: (mi.movie_id = t.id)
  ->  Seq Scan on movie_info mi  (cost=0.00..309384.22 rows=14739122 width=4) (actual time=0.016..14746.339 rows=14835720 loops=1)
  ->  Hash  (cost=100917.78..100917.78 rows=2474 width=8) (actual time=4801.616..4801.616 rows=4476 loops=1)
        Buckets: 8192 (originally 4096)  Batches: 1 (originally 1)  Memory Usage: 239kB
        ->  Hash Join  (cost=73982.55..100917.78 rows=2474 width=8) (actual time=3456.698..4799.755 rows=4476 loops=1)
              Hash Cond: (mi_idx.movie_id = t.id)
              ->  Seq Scan on movie_info_idx mi_idx  (cost=0.00..21735.35 rows=1380035 width=4) (actual time=0.021..1077.740 rows=1380035 loops=1)
              ->  Hash  (cost=73925.90..73925.90 rows=4532 width=4) (actual time=3316.363..3316.363 rows=10614 loops=1)
                    Buckets: 16384 (originally 8192)  Batches: 1 (originally 1)  Memory Usage: 502kB
                    ->  Seq Scan on title t  (cost=0.00..73925.90 rows=4532 width=4) (actual time=0.035..3307.575 rows=10614 loops=1)
                          Filter: ((kind_id = 7) AND (production_year = 1985))
                          Rows Removed by Filter: 2517698
Planning time: 3.442 ms
Execution time: 23517.504 ms
