Hash Join  (cost=69374.09..134929.28 rows=25626 width=0) (actual time=1380.841..2285.414 rows=12778 loops=1)
  Hash Cond: (mc.movie_id = t.id)
  ->  Seq Scan on movie_companies mc  (cost=0.00..57926.93 rows=601065 width=4) (actual time=270.679..1011.470 rows=386728 loops=1)
        Filter: ((company_id < 9969) AND (company_type_id > 1))
        Rows Removed by Filter: 2222401
  ->  Hash  (cost=67604.59..67604.59 rows=107800 width=4) (actual time=1109.353..1109.353 rows=108429 loops=1)
        Buckets: 131072  Batches: 2  Memory Usage: 2931kB
        ->  Seq Scan on title t  (cost=0.00..67604.59 rows=107800 width=4) (actual time=0.042..1066.684 rows=108429 loops=1)
              Filter: (production_year = 2006)
              Rows Removed by Filter: 2419883
Planning time: 0.569 ms
Execution time: 2287.650 ms
