Hash Join  (cost=93360.65..1185299.58 rows=11008845 width=0) (actual time=9738.509..81084.686 rows=12924200 loops=1)
  Hash Cond: (ci.movie_id = t.id)
  ->  Seq Scan on cast_info ci  (cost=0.00..705507.15 rows=23499554 width=4) (actual time=4693.984..50964.799 rows=23573656 loops=1)
        Filter: (role_id > 1)
        Rows Removed by Filter: 12670688
  ->  Hash  (cost=73925.90..73925.90 rows=1184540 width=4) (actual time=5043.509..5043.509 rows=1297979 loops=1)
        Buckets: 131072  Batches: 16  Memory Usage: 3882kB
        ->  Seq Scan on title t  (cost=0.00..73925.90 rows=1184540 width=4) (actual time=0.024..4451.051 rows=1297979 loops=1)
              Filter: ((kind_id > 1) AND (production_year > 1995))
              Rows Removed by Filter: 1230333
Planning time: 0.873 ms
Execution time: 83042.706 ms
