Seq Scan on cast_info ci  (cost=0.00..705507.15 rows=16083633 width=0) (actual time=3276.966..39566.221 rows=16230179 loops=1)
  Filter: (person_id > 2010112)
  Rows Removed by Filter: 20014165
Planning time: 0.268 ms
Execution time: 42324.344 ms
