Seq Scan on cast_info ci  (cost=0.00..705507.15 rows=16494156 width=0) (actual time=0.024..39154.429 rows=16628756 loops=1)
  Filter: (person_id > 1965595)
  Rows Removed by Filter: 19615588
Planning time: 0.270 ms
Execution time: 42116.958 ms
