Seq Scan on cast_info ci  (cost=0.00..796071.18 rows=3172765 width=0) (actual time=15699.843..37133.085 rows=4927507 loops=1)
  Filter: ((person_id > 3179768) AND (role_id > 1))
  Rows Removed by Filter: 31316837
Planning time: 0.307 ms
Execution time: 37964.994 ms
