Seq Scan on cast_info ci  (cost=0.00..705507.15 rows=1659149 width=0) (actual time=0.022..30324.060 rows=1589680 loops=1)
  Filter: (person_id < 158079)
  Rows Removed by Filter: 34654664
Planning time: 0.288 ms
Execution time: 30579.018 ms
