Seq Scan on movie_companies mc  (cost=0.00..57926.93 rows=981641 width=0) (actual time=154.221..3124.233 rows=1266942 loops=1)
  Filter: ((company_id < 64300) AND (company_type_id < 2))
  Rows Removed by Filter: 1342187
Planning time: 0.333 ms
Execution time: 3341.976 ms
