Seq Scan on cast_info ci  (cost=0.00..796071.18 rows=17005897 width=0) (actual time=0.048..42635.104 rows=13565653 loops=1)
  Filter: ((person_id < 2714324) AND (role_id > 1))
  Rows Removed by Filter: 22678691
Planning time: 0.316 ms
Execution time: 44931.480 ms
