Hash Join  (cost=129220.67..494936.28 rows=105968 width=0) (actual time=7546.291..29246.577 rows=481480 loops=1)
  Hash Cond: (mi.movie_id = t.id)
  ->  Seq Scan on movie_info mi  (cost=0.00..309384.22 rows=14739122 width=4) (actual time=0.006..16741.360 rows=14835720 loops=1)
  ->  Hash  (cost=128993.43..128993.43 rows=18179 width=8) (actual time=7105.944..7105.944 rows=31097 loops=1)
        Buckets: 32768  Batches: 1  Memory Usage: 1471kB
        ->  Hash Join  (cost=74146.12..128993.43 rows=18179 width=8) (actual time=3641.615..7089.949 rows=31097 loops=1)
              Hash Cond: (mc.movie_id = t.id)
              ->  Seq Scan on movie_companies mc  (cost=0.00..44881.29 rows=2609129 width=4) (actual time=0.012..2744.531 rows=2609129 loops=1)
              ->  Hash  (cost=73925.90..73925.90 rows=17617 width=4) (actual time=3346.549..3346.549 rows=22021 loops=1)
                    Buckets: 32768  Batches: 1  Memory Usage: 1031kB
                    ->  Seq Scan on title t  (cost=0.00..73925.90 rows=17617 width=4) (actual time=652.462..3330.094 rows=22021 loops=1)
                          Filter: ((kind_id < 2) AND (production_year > 2012))
                          Rows Removed by Filter: 2506291
Planning time: 1.073 ms
Execution time: 29334.549 ms
