Hash Join  (cost=158766.60..525734.29 rows=171793 width=0) (actual time=17371.500..25407.904 rows=574511 loops=1)
  Hash Cond: (mi.movie_id = t.id)
  ->  Seq Scan on movie_info mi  (cost=0.00..346232.03 rows=1550064 width=4) (actual time=9376.552..16318.310 rows=1533909 loops=1)
        Filter: (info_type_id = 3)
        Rows Removed by Filter: 13301811
  ->  Hash  (cost=154168.65..154168.65 rows=280236 width=8) (actual time=7842.006..7842.006 rows=329888 loops=1)
        Buckets: 131072 (originally 131072)  Batches: 8 (originally 4)  Memory Usage: 3073kB
        ->  Hash Join  (cost=78556.72..154168.65 rows=280236 width=8) (actual time=4876.963..7702.437 rows=329888 loops=1)
              Hash Cond: (mc.movie_id = t.id)
              ->  Seq Scan on movie_companies mc  (cost=0.00..57926.93 rows=1061501 width=4) (actual time=588.917..3355.390 rows=804842 loops=1)
                    Filter: ((company_id < 72732) AND (company_type_id > 1))
                    Rows Removed by Filter: 1804287
              ->  Hash  (cost=67604.59..67604.59 rows=667531 width=4) (actual time=3569.172..3569.172 rows=662825 loops=1)
                    Buckets: 131072  Batches: 16  Memory Usage: 2476kB
                    ->  Seq Scan on title t  (cost=0.00..67604.59 rows=667531 width=4) (actual time=123.482..3254.777 rows=662825 loops=1)
                          Filter: (kind_id = 1)
                          Rows Removed by Filter: 1865487
Planning time: 1.139 ms
Execution time: 25498.490 ms
