Hash Join  (cost=78204.40..1150385.04 rows=3735847 width=0) (actual time=3339.499..76256.108 rows=4822563 loops=1)
  Hash Cond: (ci.movie_id = t.id)
  ->  Seq Scan on cast_info ci  (cost=0.00..614943.12 rows=36225612 width=4) (actual time=0.016..45682.304 rows=36244344 loops=1)
  ->  Hash  (cost=73925.90..73925.90 rows=260760 width=4) (actual time=3338.548..3338.548 rows=373942 loops=1)
        Buckets: 131072 (originally 131072)  Batches: 8 (originally 4)  Memory Usage: 3073kB
        ->  Seq Scan on title t  (cost=0.00..73925.90 rows=260760 width=4) (actual time=0.016..2952.239 rows=373942 loops=1)
              Filter: ((kind_id < 7) AND (production_year < 1989))
              Rows Removed by Filter: 2154370
Planning time: 8.839 ms
Execution time: 77005.265 ms
