Hash Join  (cost=67697.55..94599.31 rows=1336 width=0) (actual time=3092.533..4526.232 rows=3105 loops=1)
  Hash Cond: (mi_idx.movie_id = t.id)
  ->  Seq Scan on movie_info_idx mi_idx  (cost=0.00..25185.44 rows=454124 width=4) (actual time=0.021..1296.273 rows=459925 loops=1)
        Filter: (info_type_id = 100)
        Rows Removed by Filter: 920110
  ->  Hash  (cost=67604.59..67604.59 rows=7437 width=4) (actual time=3079.439..3079.439 rows=13063 loops=1)
        Buckets: 16384 (originally 8192)  Batches: 1 (originally 1)  Memory Usage: 588kB
        ->  Seq Scan on title t  (cost=0.00..67604.59 rows=7437 width=4) (actual time=0.055..3072.804 rows=13063 loops=1)
              Filter: (production_year = 1965)
              Rows Removed by Filter: 2515249
Planning time: 13.420 ms
Execution time: 4527.431 ms
