Hash Join  (cost=140417.21..274451.93 rows=987568 width=0) (actual time=3008.764..7747.866 rows=2559646 loops=1)
  Hash Cond: (mk.movie_id = t.id)
  ->  Seq Scan on movie_keyword mk  (cost=0.00..69693.30 rows=4523930 width=4) (actual time=0.012..1443.904 rows=4523930 loops=1)
  ->  Hash  (cost=131360.53..131360.53 rows=551974 width=8) (actual time=3007.441..3007.441 rows=430747 loops=1)
        Buckets: 131072  Batches: 8  Memory Usage: 3124kB
        ->  Hash Join  (cost=84197.31..131360.53 rows=551974 width=8) (actual time=1445.733..2873.373 rows=430747 loops=1)
              Hash Cond: (mi_idx.movie_id = t.id)
              ->  Seq Scan on movie_info_idx mi_idx  (cost=0.00..21735.35 rows=1380035 width=4) (actual time=0.006..497.843 rows=1380035 loops=1)
              ->  Hash  (cost=67604.59..67604.59 rows=1011338 width=4) (actual time=1444.968..1444.968 rows=1012920 loops=1)
                    Buckets: 131072  Batches: 16  Memory Usage: 3250kB
                    ->  Seq Scan on title t  (cost=0.00..67604.59 rows=1011338 width=4) (actual time=0.017..1131.433 rows=1012920 loops=1)
                          Filter: (production_year > 2005)
                          Rows Removed by Filter: 1515392
Planning time: 0.792 ms
Execution time: 8076.356 ms
