Hash Join  (cost=102767.86..194429.01 rows=32371 width=0) (actual time=7098.149..9187.806 rows=29340 loops=1)
  Hash Cond: (mk.movie_id = t.id)
  ->  Seq Scan on movie_keyword mk  (cost=0.00..81003.12 rows=32371 width=4) (actual time=1815.888..3438.488 rows=29340 loops=1)
        Filter: (keyword_id > 110923)
        Rows Removed by Filter: 4494590
  ->  Hash  (cost=61283.27..61283.27 rows=2528527 width=4) (actual time=5272.152..5272.152 rows=2528312 loops=1)
        Buckets: 131072  Batches: 64  Memory Usage: 2425kB
        ->  Seq Scan on title t  (cost=0.00..61283.27 rows=2528527 width=4) (actual time=0.023..4115.888 rows=2528312 loops=1)
Planning time: 0.667 ms
Execution time: 9193.785 ms
