Seq Scan on movie_keyword mk  (cost=0.00..81003.12 rows=4039085 width=0) (actual time=0.031..4181.033 rows=4043728 loops=1)
  Filter: (keyword_id < 37265)
  Rows Removed by Filter: 480202
Planning time: 0.317 ms
Execution time: 4891.177 ms
