Hash Join  (cost=78930.19..215979.55 rows=1235033 width=0) (actual time=4156.536..11900.639 rows=1703748 loops=1)
  Hash Cond: (mk.movie_id = t.id)
  ->  Seq Scan on movie_keyword mk  (cost=0.00..69693.30 rows=4523930 width=4) (actual time=0.017..4550.623 rows=4523930 loops=1)
  ->  Hash  (cost=67604.59..67604.59 rows=690288 width=4) (actual time=4155.325..4155.325 rows=684146 loops=1)
        Buckets: 131072  Batches: 16  Memory Usage: 2532kB
        ->  Seq Scan on title t  (cost=0.00..67604.59 rows=690288 width=4) (actual time=0.022..3839.631 rows=684146 loops=1)
              Filter: (production_year < 1990)
              Rows Removed by Filter: 1844166
Planning time: 0.687 ms
Execution time: 12132.198 ms
