Nested Loop  (cost=0.43..83072.90 rows=30 width=0) (actual time=232.197..2978.001 rows=16 loops=1)
  ->  Seq Scan on movie_keyword mk  (cost=0.00..81003.12 rows=246 width=4) (actual time=106.395..2961.288 rows=85 loops=1)
        Filter: (keyword_id = 43053)
        Rows Removed by Filter: 4523845
  ->  Index Scan using title_pkey on title t  (cost=0.43..8.40 rows=1 width=4) (actual time=0.192..0.192 rows=0 loops=85)
        Index Cond: (id = mk.movie_id)
        Filter: ((kind_id < 7) AND (production_year > 2007))
        Rows Removed by Filter: 1
Planning time: 0.810 ms
Execution time: 2978.141 ms
