Hash Join  (cost=128073.60..214765.42 rows=3378 width=0) (actual time=6107.057..11124.258 rows=95815 loops=1)
  Hash Cond: (mk.movie_id = t.id)
  ->  Seq Scan on movie_keyword mk  (cost=0.00..69693.30 rows=4523930 width=4) (actual time=0.018..3795.972 rows=4523930 loops=1)
  ->  Hash  (cost=128050.00..128050.00 rows=1888 width=8) (actual time=6103.891..6103.891 rows=3525 loops=1)
        Buckets: 4096 (originally 2048)  Batches: 1 (originally 1)  Memory Usage: 170kB
        ->  Hash Join  (cost=67697.55..128050.00 rows=1888 width=8) (actual time=3427.361..6102.221 rows=3525 loops=1)
              Hash Cond: (mc.movie_id = t.id)
              ->  Seq Scan on movie_companies mc  (cost=0.00..57926.93 rows=641769 width=4) (actual time=0.023..2560.898 rows=405567 loops=1)
                    Filter: ((company_id > 11245) AND (company_type_id = 1))
                    Rows Removed by Filter: 2203562
              ->  Hash  (cost=67604.59..67604.59 rows=7437 width=4) (actual time=3427.182..3427.182 rows=24917 loops=1)
                    Buckets: 32768 (originally 8192)  Batches: 1 (originally 1)  Memory Usage: 1132kB
                    ->  Seq Scan on title t  (cost=0.00..67604.59 rows=7437 width=4) (actual time=0.024..3415.758 rows=24917 loops=1)
                          Filter: (production_year = 1992)
                          Rows Removed by Filter: 2503395
Planning time: 3.956 ms
Execution time: 11142.375 ms
