Hash Join  (cost=146174.82..185681.98 rows=105768 width=0) (actual time=6591.928..8656.779 rows=328897 loops=1)
  Hash Cond: (mi_idx.movie_id = t.id)
  ->  Seq Scan on movie_info_idx mi_idx  (cost=0.00..21735.35 rows=1380035 width=4) (actual time=4.888..1387.058 rows=1380035 loops=1)
  ->  Hash  (cost=142995.44..142995.44 rows=193790 width=8) (actual time=6491.305..6491.305 rows=131272 loops=1)
        Buckets: 131072  Batches: 4  Memory Usage: 2314kB
        ->  Hash Join  (cost=78556.72..142995.44 rows=193790 width=8) (actual time=3312.786..6424.120 rows=131272 loops=1)
              Hash Cond: (mc.movie_id = t.id)
              ->  Seq Scan on movie_companies mc  (cost=0.00..51404.11 rows=734055 width=4) (actual time=0.013..2318.120 rows=726951 loops=1)
                    Filter: (company_id < 1427)
                    Rows Removed by Filter: 1882178
              ->  Hash  (cost=67604.59..67604.59 rows=667531 width=4) (actual time=3181.104..3181.104 rows=662825 loops=1)
                    Buckets: 131072  Batches: 16  Memory Usage: 2476kB
                    ->  Seq Scan on title t  (cost=0.00..67604.59 rows=667531 width=4) (actual time=0.016..2866.435 rows=662825 loops=1)
                          Filter: (kind_id = 1)
                          Rows Removed by Filter: 1865487
Planning time: 1.176 ms
Execution time: 8710.563 ms
