Hash Join  (cost=925203.37..1062670.62 rows=1269322 width=0) (actual time=43881.742..58713.494 rows=20626844 loops=1)
  Hash Cond: (mk.movie_id = t.id)
  ->  Seq Scan on movie_keyword mk  (cost=0.00..69693.30 rows=4523930 width=4) (actual time=0.012..4967.828 rows=4523930 loops=1)
  ->  Hash  (cost=913563.20..913563.20 rows=709453 width=8) (actual time=43879.477..43879.477 rows=1305633 loops=1)
        Buckets: 131072 (originally 131072)  Batches: 32 (originally 16)  Memory Usage: 3073kB
        ->  Hash Join  (cost=89762.59..913563.20 rows=709453 width=8) (actual time=10710.897..43373.522 rows=1305633 loops=1)
              Hash Cond: (ci.movie_id = t.id)
              ->  Seq Scan on cast_info ci  (cost=0.00..796071.18 rows=1328242 width=4) (actual time=6549.312..35683.592 rows=3360990 loops=1)
                    Filter: ((person_id > 2589726) AND (role_id = 10))
                    Rows Removed by Filter: 32883354
              ->  Hash  (cost=67604.59..67604.59 rows=1350560 width=4) (actual time=4159.847..4159.847 rows=1348293 loops=1)
                    Buckets: 131072  Batches: 32  Memory Usage: 2505kB
                    ->  Seq Scan on title t  (cost=0.00..67604.59 rows=1350560 width=4) (actual time=0.034..3344.918 rows=1348293 loops=1)
                          Filter: (production_year < 2005)
                          Rows Removed by Filter: 1180019
Planning time: 1.110 ms
Execution time: 61623.002 ms
