Seq Scan on movie_keyword mk  (cost=0.00..81003.12 rows=246 width=0) (actual time=118.999..3564.509 rows=4389 loops=1)
  Filter: (keyword_id = 29028)
  Rows Removed by Filter: 4519541
Planning time: 0.361 ms
Execution time: 3565.209 ms
