Seq Scan on movie_keyword mk  (cost=0.00..81003.12 rows=2806199 width=0) (actual time=0.034..3917.172 rows=2796930 loops=1)
  Filter: (keyword_id < 8202)
  Rows Removed by Filter: 1727000
Planning time: 0.289 ms
Execution time: 4419.187 ms
