Hash Join  (cost=885609.00..940644.41 rows=36988 width=0) (actual time=41316.685..45500.860 rows=322760 loops=1)
  Hash Cond: (mc.movie_id = t.id)
  ->  Seq Scan on movie_companies mc  (cost=0.00..44881.29 rows=2609129 width=4) (actual time=0.012..2529.008 rows=2609129 loops=1)
  ->  Hash  (cost=885160.93..885160.93 rows=35846 width=8) (actual time=41316.253..41316.253 rows=98065 loops=1)
        Buckets: 131072 (originally 65536)  Batches: 2 (originally 1)  Memory Usage: 3073kB
        ->  Hash Join  (cost=83810.17..885160.93 rows=35846 width=8) (actual time=15153.936..41265.585 rows=98065 loops=1)
              Hash Cond: (ci.movie_id = t.id)
              ->  Seq Scan on cast_info ci  (cost=0.00..796071.18 rows=91763 width=4) (actual time=10903.093..35040.254 rows=228510 loops=1)
                    Filter: ((person_id > 2757878) AND (role_id > 10))
                    Rows Removed by Filter: 36015834
              ->  Hash  (cost=67604.59..67604.59 rows=987727 width=4) (actual time=4249.641..4249.641 rows=985048 loops=1)
                    Buckets: 131072  Batches: 16  Memory Usage: 3188kB
                    ->  Seq Scan on title t  (cost=0.00..67604.59 rows=987727 width=4) (actual time=0.027..3840.807 rows=985048 loops=1)
                          Filter: (kind_id < 7)
                          Rows Removed by Filter: 1543264
Planning time: 5.604 ms
Execution time: 45553.997 ms
