Seq Scan on movie_keyword mk  (cost=0.00..81003.12 rows=4456931 width=0) (actual time=0.013..4737.593 rows=4458912 loops=1)
  Filter: (keyword_id < 93064)
  Rows Removed by Filter: 65018
Planning time: 0.278 ms
Execution time: 5542.122 ms
