Seq Scan on movie_keyword mk  (cost=0.00..81003.12 rows=2199513 width=0) (actual time=0.021..4091.373 rows=2199298 loops=1)
  Filter: (keyword_id < 4398)
  Rows Removed by Filter: 2324632
Planning time: 0.332 ms
Execution time: 4579.370 ms
