Hash Join  (cost=100932.65..155620.05 rows=2188 width=0) (actual time=1665.669..2737.684 rows=16050 loops=1)
  Hash Cond: (mc.movie_id = t.id)
  ->  Seq Scan on movie_companies mc  (cost=0.00..44881.29 rows=2609129 width=4) (actual time=0.021..588.509 rows=2609129 loops=1)
  ->  Hash  (cost=100906.15..100906.15 rows=2120 width=8) (actual time=1665.421..1665.421 rows=5337 loops=1)
        Buckets: 8192 (originally 4096)  Batches: 1 (originally 1)  Memory Usage: 273kB
        ->  Hash Join  (cost=73974.47..100906.15 rows=2120 width=8) (actual time=1123.516..1663.139 rows=5337 loops=1)
              Hash Cond: (mi_idx.movie_id = t.id)
              ->  Seq Scan on movie_info_idx mi_idx  (cost=0.00..21735.35 rows=1380035 width=4) (actual time=0.014..350.951 rows=1380035 loops=1)
              ->  Hash  (cost=73925.90..73925.90 rows=3885 width=4) (actual time=1024.982..1024.982 rows=3892 loops=1)
                    Buckets: 4096  Batches: 1  Memory Usage: 169kB
                    ->  Seq Scan on title t  (cost=0.00..73925.90 rows=3885 width=4) (actual time=557.311..1023.088 rows=3892 loops=1)
                          Filter: ((kind_id = 3) AND (production_year = 2005))
                          Rows Removed by Filter: 2524420
Planning time: 5.615 ms
Execution time: 2740.154 ms
