Seq Scan on movie_companies mc  (cost=0.00..57926.93 rows=698925 width=0) (actual time=977.963..2734.823 rows=441171 loops=1)
  Filter: ((company_id < 11663) AND (company_type_id = 2))
  Rows Removed by Filter: 2167958
Planning time: 0.343 ms
Execution time: 2811.035 ms
