Hash Join  (cost=190329.83..686590.62 rows=1542083 width=0) (actual time=11818.909..46467.400 rows=13692608 loops=1)
  Hash Cond: (mi.movie_id = t.id)
  ->  Seq Scan on movie_info mi  (cost=0.00..309384.22 rows=14739122 width=4) (actual time=0.016..20322.956 rows=14835720 loops=1)
  ->  Hash  (cost=185988.98..185988.98 rows=264548 width=8) (actual time=11818.048..11818.048 rows=346035 loops=1)
        Buckets: 131072 (originally 131072)  Batches: 8 (originally 4)  Memory Usage: 3073kB
        ->  Hash Join  (cost=91342.70..185988.98 rows=264548 width=8) (actual time=6109.145..11672.784 rows=346035 loops=1)
              Hash Cond: (mk.movie_id = t.id)
              ->  Seq Scan on movie_keyword mk  (cost=0.00..81003.12 rows=462313 width=4) (actual time=0.023..4140.141 rows=472050 loops=1)
                    Filter: (keyword_id < 358)
                    Rows Removed by Filter: 4051880
              ->  Hash  (cost=67604.59..67604.59 rows=1446889 width=4) (actual time=6107.646..6107.646 rows=1443298 loops=1)
                    Buckets: 131072  Batches: 32  Memory Usage: 2616kB
                    ->  Seq Scan on title t  (cost=0.00..67604.59 rows=1446889 width=4) (actual time=0.012..4697.578 rows=1443298 loops=1)
                          Filter: (production_year < 2006)
                          Rows Removed by Filter: 1085014
Planning time: 1.075 ms
Execution time: 48554.657 ms
