Seq Scan on movie_companies mc  (cost=0.00..57926.93 rows=51 width=0) (actual time=1307.944..2494.042 rows=5 loops=1)
  Filter: ((company_id = 1452) AND (company_type_id = 1))
  Rows Removed by Filter: 2609124
Planning time: 0.466 ms
Execution time: 2494.139 ms
