Hash Join  (cost=214568.84..667454.64 rows=3309779 width=0) (actual time=12142.976..40955.574 rows=4992200 loops=1)
  Hash Cond: (mi.movie_id = t.id)
  ->  Seq Scan on movie_info mi  (cost=0.00..346232.03 rows=5880796 width=4) (actual time=0.014..22232.207 rows=5869026 loops=1)
        Filter: (info_type_id > 13)
        Rows Removed by Filter: 8966694
  ->  Hash  (cost=191221.29..191221.29 rows=1423084 width=8) (actual time=12141.959..12141.959 rows=961262 loops=1)
        Buckets: 131072  Batches: 32  Memory Usage: 2189kB
        ->  Hash Join  (cost=96552.93..191221.29 rows=1423084 width=8) (actual time=6009.181..11801.386 rows=961262 loops=1)
              Hash Cond: (mc.movie_id = t.id)
              ->  Seq Scan on movie_companies mc  (cost=0.00..44881.29 rows=2609129 width=4) (actual time=0.012..3422.417 rows=2609129 loops=1)
              ->  Hash  (cost=73925.90..73925.90 rows=1379122 width=4) (actual time=6007.600..6007.600 rows=1506535 loops=1)
                    Buckets: 131072  Batches: 32  Memory Usage: 2690kB
                    ->  Seq Scan on title t  (cost=0.00..73925.90 rows=1379122 width=4) (actual time=0.031..5007.739 rows=1506535 loops=1)
                          Filter: ((kind_id > 1) AND (production_year > 1984))
                          Rows Removed by Filter: 1021777
Planning time: 2.339 ms
Execution time: 41729.477 ms
