Seq Scan on cast_info ci  (cost=0.00..705507.15 rows=19786532 width=0) (actual time=0.499..37883.771 rows=19672638 loops=1)
  Filter: (person_id < 1971579)
  Rows Removed by Filter: 16571706
Planning time: 0.399 ms
Execution time: 41358.611 ms
