Hash Join  (cost=191965.09..635384.14 rows=1190077 width=0) (actual time=17474.269..40157.527 rows=12446282 loops=1)
  Hash Cond: (mi.movie_id = t.id)
  ->  Seq Scan on movie_info mi  (cost=0.00..346232.03 rows=7235534 width=4) (actual time=6502.302..20429.559 rows=7286865 loops=1)
        Filter: (info_type_id < 8)
        Rows Removed by Filter: 7548855
  ->  Hash  (cost=185141.54..185141.54 rows=415884 width=8) (actual time=10970.627..10970.627 rows=937725 loops=1)
        Buckets: 131072 (originally 131072)  Batches: 16 (originally 8)  Memory Usage: 3418kB
        ->  Hash Join  (cost=83810.17..185141.54 rows=415884 width=8) (actual time=4417.498..10308.946 rows=937725 loops=1)
              Hash Cond: (mk.movie_id = t.id)
              ->  Seq Scan on movie_keyword mk  (cost=0.00..81003.12 rows=1064640 width=4) (actual time=0.031..4595.379 rows=1069398 loops=1)
                    Filter: (keyword_id < 1074)
                    Rows Removed by Filter: 3454532
              ->  Hash  (cost=67604.59..67604.59 rows=987727 width=4) (actual time=4416.659..4416.659 rows=985048 loops=1)
                    Buckets: 131072  Batches: 16  Memory Usage: 3197kB
                    ->  Seq Scan on title t  (cost=0.00..67604.59 rows=987727 width=4) (actual time=0.031..3942.378 rows=985048 loops=1)
                          Filter: (kind_id < 7)
                          Rows Removed by Filter: 1543264
Planning time: 1.132 ms
Execution time: 41966.073 ms
