Hash Join  (cost=102767.86..234826.45 rows=1711229 width=0) (actual time=1880.529..5177.060 rows=1717491 loops=1)
  Hash Cond: (mk.movie_id = t.id)
  ->  Seq Scan on movie_keyword mk  (cost=0.00..81003.12 rows=1711229 width=4) (actual time=0.028..1556.808 rows=1717491 loops=1)
        Filter: (keyword_id > 8272)
        Rows Removed by Filter: 2806439
  ->  Hash  (cost=61283.27..61283.27 rows=2528527 width=4) (actual time=1878.756..1878.756 rows=2528312 loops=1)
        Buckets: 131072  Batches: 64  Memory Usage: 2425kB
        ->  Seq Scan on title t  (cost=0.00..61283.27 rows=2528527 width=4) (actual time=0.012..1005.003 rows=2528312 loops=1)
Planning time: 0.855 ms
Execution time: 5378.307 ms
