Seq Scan on movie_keyword mk  (cost=0.00..81003.12 rows=246 width=0) (actual time=26.095..4070.187 rows=280 loops=1)
  Filter: (keyword_id = 3356)
  Rows Removed by Filter: 4523650
Planning time: 0.740 ms
Execution time: 4070.511 ms
