Hash Join  (cost=76379.89..148846.74 rows=192502 width=0) (actual time=3980.019..8358.967 rows=96594 loops=1)
  Hash Cond: (mc.movie_id = t.id)
  ->  Seq Scan on movie_companies mc  (cost=0.00..57926.93 rows=910105 width=4) (actual time=0.035..3725.900 rows=748371 loops=1)
        Filter: ((company_id > 1451) AND (company_type_id < 2))
        Rows Removed by Filter: 1860758
  ->  Hash  (cost=67604.59..67604.59 rows=534824 width=4) (actual time=3978.953..3978.953 rows=533369 loops=1)
        Buckets: 131072  Batches: 8  Memory Usage: 3369kB
        ->  Seq Scan on title t  (cost=0.00..67604.59 rows=534824 width=4) (actual time=0.012..3759.491 rows=533369 loops=1)
              Filter: (production_year > 2009)
              Rows Removed by Filter: 1994943
Planning time: 0.729 ms
Execution time: 8384.409 ms
