Hash Join  (cost=219817.80..1263814.82 rows=4444614 width=0) (actual time=23969.233..71498.585 rows=8647935 loops=1)
  Hash Cond: (ci.movie_id = t.id)
  ->  Seq Scan on cast_info ci  (cost=0.00..796071.18 rows=17379654 width=4) (actual time=12214.433..45981.301 rows=16157333 loops=1)
        Filter: ((person_id > 1599112) AND (role_id < 10))
        Rows Removed by Filter: 20087011
  ->  Hash  (cost=209208.83..209208.83 rows=646637 width=8) (actual time=11753.374..11753.374 rows=648054 loops=1)
        Buckets: 131072  Batches: 16  Memory Usage: 2632kB
        ->  Hash Join  (cost=102767.86..209208.83 rows=646637 width=8) (actual time=5750.338..11517.299 rows=648054 loops=1)
              Hash Cond: (mk.movie_id = t.id)
              ->  Seq Scan on movie_keyword mk  (cost=0.00..81003.12 rows=646637 width=4) (actual time=0.040..4302.347 rows=648054 loops=1)
                    Filter: (keyword_id < 500)
                    Rows Removed by Filter: 3875876
              ->  Hash  (cost=61283.27..61283.27 rows=2528527 width=4) (actual time=5742.459..5742.459 rows=2528312 loops=1)
                    Buckets: 131072  Batches: 64  Memory Usage: 2425kB
                    ->  Seq Scan on title t  (cost=0.00..61283.27 rows=2528527 width=4) (actual time=0.019..4470.264 rows=2528312 loops=1)
Planning time: 2.196 ms
Execution time: 72732.654 ms
