Hash Join  (cost=191551.04..554565.56 rows=222237 width=0) (actual time=15779.572..26454.165 rows=1284443 loops=1)
  Hash Cond: (mi.movie_id = t.id)
  ->  Seq Scan on movie_info mi  (cost=0.00..346232.03 rows=1084031 width=4) (actual time=7312.843..17044.136 rows=1141235 loops=1)
        Filter: (info_type_id > 54)
        Rows Removed by Filter: 13694485
  ->  Hash  (cost=183046.37..183046.37 rows=518374 width=8) (actual time=8451.941..8451.941 rows=226807 loops=1)
        Buckets: 131072  Batches: 8  Memory Usage: 2153kB
        ->  Hash Join  (cost=102767.86..183046.37 rows=518374 width=8) (actual time=6357.245..8381.082 rows=226807 loops=1)
              Hash Cond: (mc.movie_id = t.id)
              ->  Seq Scan on movie_companies mc  (cost=0.00..57926.93 rows=518374 width=4) (actual time=1323.431..2676.620 rows=226807 loops=1)
                    Filter: ((company_id > 14570) AND (company_type_id < 2))
                    Rows Removed by Filter: 2382322
              ->  Hash  (cost=61283.27..61283.27 rows=2528527 width=4) (actual time=5032.118..5032.118 rows=2528312 loops=1)
                    Buckets: 131072  Batches: 64  Memory Usage: 2415kB
                    ->  Seq Scan on title t  (cost=0.00..61283.27 rows=2528527 width=4) (actual time=0.025..3972.644 rows=2528312 loops=1)
Planning time: 1.084 ms
Execution time: 26609.783 ms
