Hash Join  (cost=73962.22..426024.79 rows=1781 width=0) (actual time=6266.862..17443.465 rows=8627 loops=1)
  Hash Cond: (mi.movie_id = t.id)
  ->  Seq Scan on movie_info mi  (cost=0.00..346232.03 rows=1550064 width=4) (actual time=3561.056..14368.558 rows=1533909 loops=1)
        Filter: (info_type_id = 3)
        Rows Removed by Filter: 13301811
  ->  Hash  (cost=73925.90..73925.90 rows=2905 width=4) (actual time=2705.709..2705.709 rows=7329 loops=1)
        Buckets: 8192 (originally 4096)  Batches: 1 (originally 1)  Memory Usage: 322kB
        ->  Seq Scan on title t  (cost=0.00..73925.90 rows=2905 width=4) (actual time=3.631..2701.830 rows=7329 loops=1)
              Filter: ((kind_id < 7) AND (production_year = 1984))
              Rows Removed by Filter: 2520983
Planning time: 0.770 ms
Execution time: 17445.216 ms
