Hash Join  (cost=890091.75..3298347.08 rows=106375022 width=0) (actual time=37030.298..121995.405 rows=94020543 loops=1)
  Hash Cond: (ci.movie_id = t.id)
  ->  Seq Scan on cast_info ci  (cost=0.00..705507.15 rows=24794640 width=4) (actual time=0.019..40274.913 rows=24818716 loops=1)
        Filter: (person_id < 2556046)
        Rows Removed by Filter: 11425628
  ->  Hash  (cost=712116.82..712116.82 rows=10847995 width=8) (actual time=37023.141..37023.141 rows=6534671 loops=1)
        Buckets: 131072  Batches: 256  Memory Usage: 1993kB
        ->  Hash Join  (cost=98137.04..712116.82 rows=10847995 width=8) (actual time=4896.912..35182.304 rows=6534671 loops=1)
              Hash Cond: (mi.movie_id = t.id)
              ->  Seq Scan on movie_info mi  (cost=0.00..309384.22 rows=14739122 width=4) (actual time=0.020..18506.369 rows=14835720 loops=1)
              ->  Hash  (cost=67604.59..67604.59 rows=1860996 width=4) (actual time=4895.762..4895.762 rows=1865487 loops=1)
                    Buckets: 131072  Batches: 32  Memory Usage: 3085kB
                    ->  Seq Scan on title t  (cost=0.00..67604.59 rows=1860996 width=4) (actual time=0.022..4162.656 rows=1865487 loops=1)
                          Filter: (kind_id > 1)
                          Rows Removed by Filter: 662825
Planning time: 2.558 ms
Execution time: 133042.549 ms
