Hash Join  (cost=149033.00..513702.57 rows=1361 width=0) (actual time=7430.600..27877.565 rows=13106 loops=1)
  Hash Cond: (mi.movie_id = t.id)
  ->  Seq Scan on movie_info mi  (cost=0.00..309384.22 rows=14739122 width=4) (actual time=0.021..16700.148 rows=14835720 loops=1)
  ->  Hash  (cost=149030.08..149030.08 rows=234 width=8) (actual time=7430.483..7430.483 rows=218 loops=1)
        Buckets: 1024  Batches: 1  Memory Usage: 17kB
        ->  Hash Join  (cost=67942.77..149030.08 rows=234 width=8) (actual time=3443.031..7430.310 rows=218 loops=1)
              Hash Cond: (mk.movie_id = t.id)
              ->  Seq Scan on movie_keyword mk  (cost=0.00..81003.12 rows=21823 width=4) (actual time=0.020..3991.388 rows=18414 loops=1)
                    Filter: (keyword_id > 118489)
                    Rows Removed by Filter: 4505516
              ->  Hash  (cost=67604.59..67604.59 rows=27055 width=4) (actual time=3432.390..3432.390 rows=26775 loops=1)
                    Buckets: 32768  Batches: 1  Memory Usage: 1198kB
                    ->  Seq Scan on title t  (cost=0.00..67604.59 rows=27055 width=4) (actual time=0.027..3418.653 rows=26775 loops=1)
                          Filter: (production_year = 1993)
                          Rows Removed by Filter: 2501537
Planning time: 1.070 ms
Execution time: 27881.674 ms
