Hash Join  (cost=80560.63..150387.21 rows=204628 width=0) (actual time=1363.636..3015.589 rows=249101 loops=1)
  Hash Cond: (mc.movie_id = t.id)
  ->  Seq Scan on movie_companies mc  (cost=0.00..51404.11 rows=1279517 width=4) (actual time=0.026..962.805 rows=1274246 loops=1)
        Filter: (company_type_id = 1)
        Rows Removed by Filter: 1334883
  ->  Hash  (cost=73925.90..73925.90 rows=404378 width=4) (actual time=1360.744..1360.744 rows=296768 loops=1)
        Buckets: 131072  Batches: 8  Memory Usage: 2332kB
        ->  Seq Scan on title t  (cost=0.00..73925.90 rows=404378 width=4) (actual time=0.362..1262.652 rows=296768 loops=1)
              Filter: ((production_year > 1997) AND (kind_id = 1))
              Rows Removed by Filter: 2231544
Planning time: 0.743 ms
Execution time: 3046.734 ms
