Seq Scan on movie_keyword mk  (cost=0.00..81003.12 rows=246 width=0) (actual time=1.872..1289.460 rows=480 loops=1)
  Filter: (keyword_id = 8232)
  Rows Removed by Filter: 4523450
Planning time: 0.261 ms
Execution time: 1289.771 ms
