Seq Scan on cast_info ci  (cost=0.00..705507.15 rows=24382110 width=0) (actual time=0.021..12229.099 rows=24486189 loops=1)
  Filter: (person_id > 1155124)
  Rows Removed by Filter: 11758155
Planning time: 0.325 ms
Execution time: 15191.341 ms
