Hash Join  (cost=138388.45..219423.33 rows=434136 width=0) (actual time=8866.226..12174.710 rows=460944 loops=1)
  Hash Cond: (mc.movie_id = t.id)
  ->  Seq Scan on movie_companies mc  (cost=0.00..44881.29 rows=2609129 width=4) (actual time=0.013..3137.825 rows=2609129 loops=1)
  ->  Hash  (cost=131485.39..131485.39 rows=420725 width=8) (actual time=7510.627..7510.627 rows=236601 loops=1)
        Buckets: 131072  Batches: 8  Memory Usage: 2185kB
        ->  Hash Join  (cost=86573.65..131485.39 rows=420725 width=8) (actual time=4573.872..7423.667 rows=236601 loops=1)
              Hash Cond: (mi_idx.movie_id = t.id)
              ->  Seq Scan on movie_info_idx mi_idx  (cost=0.00..21735.35 rows=1380035 width=4) (actual time=0.024..1536.839 rows=1380035 loops=1)
              ->  Hash  (cost=73925.90..73925.90 rows=770860 width=4) (actual time=4570.770..4570.770 rows=682281 loops=1)
                    Buckets: 131072  Batches: 16  Memory Usage: 2522kB
                    ->  Seq Scan on title t  (cost=0.00..73925.90 rows=770860 width=4) (actual time=1196.739..4257.403 rows=682281 loops=1)
                          Filter: ((production_year < 2004) AND (kind_id = 7))
                          Rows Removed by Filter: 1846031
Planning time: 9.261 ms
Execution time: 12234.286 ms
