Hash Join  (cost=76051.03..131489.59 rows=42708 width=144) (actual time=1487.407..2375.770 rows=21321 loops=1)
  Hash Cond: (mi_idx.movie_id = t.id)
  ->  Seq Scan on movie_info_idx mi_idx  (cost=0.00..21735.35 rows=1380035 width=50) (actual time=0.010..326.077 rows=1380035 loops=1)
  ->  Hash  (cost=73925.90..73925.90 rows=78250 width=94) (actual time=1475.207..1475.207 rows=85111 loops=1)
        Buckets: 32768  Batches: 4  Memory Usage: 2702kB
        ->  Seq Scan on title t  (cost=0.00..73925.90 rows=78250 width=94) (actual time=0.024..1437.640 rows=85111 loops=1)
              Filter: ((kind_id > 4) AND (production_year = 2009))
              Rows Removed by Filter: 2443201
Planning time: 0.879 ms
Execution time: 2377.369 ms
