Hash Join  (cost=102767.86..173539.31 rows=123232 width=0) (actual time=2122.649..3302.738 rows=244199 loops=1)
  Hash Cond: (mc.movie_id = t.id)
  ->  Seq Scan on movie_companies mc  (cost=0.00..57926.93 rows=123232 width=4) (actual time=174.374..827.800 rows=244199 loops=1)
        Filter: ((company_id > 102166) AND (company_type_id > 1))
        Rows Removed by Filter: 2364930
  ->  Hash  (cost=61283.27..61283.27 rows=2528527 width=4) (actual time=1947.324..1947.324 rows=2528312 loops=1)
        Buckets: 131072  Batches: 64  Memory Usage: 2415kB
        ->  Seq Scan on title t  (cost=0.00..61283.27 rows=2528527 width=4) (actual time=0.023..1090.467 rows=2528312 loops=1)
Planning time: 0.747 ms
Execution time: 3328.374 ms
