Hash Join  (cost=445288.95..569530.40 rows=183741 width=0) (actual time=8230.916..10006.649 rows=8624 loops=1)
  Hash Cond: (mk.movie_id = t.id)
  ->  Seq Scan on movie_keyword mk  (cost=0.00..69693.30 rows=4523930 width=4) (actual time=0.022..1440.853 rows=4523930 loops=1)
  ->  Hash  (cost=443603.24..443603.24 rows=102697 width=8) (actual time=7192.452..7192.452 rows=284 loops=1)
        Buckets: 131072  Batches: 2  Memory Usage: 1039kB
        ->  Hash Join  (cost=89472.60..443603.24 rows=102697 width=8) (actual time=6996.668..7192.244 rows=284 loops=1)
              Hash Cond: (mi.movie_id = t.id)
              ->  Seq Scan on movie_info mi  (cost=0.00..346232.03 rows=274038 width=4) (actual time=0.042..5267.066 rows=306788 loops=1)
                    Filter: (info_type_id > 105)
                    Rows Removed by Filter: 14528932
              ->  Hash  (cost=73925.90..73925.90 rows=947576 width=4) (actual time=1622.089..1622.089 rows=876037 loops=1)
                    Buckets: 131072  Batches: 16  Memory Usage: 2955kB
                    ->  Seq Scan on title t  (cost=0.00..73925.90 rows=947576 width=4) (actual time=0.020..1330.562 rows=876037 loops=1)
                          Filter: ((production_year < 2007) AND (kind_id = 7))
                          Rows Removed by Filter: 1652275
Planning time: 1.184 ms
Execution time: 10008.135 ms
