Seq Scan on movie_keyword mk  (cost=0.00..81003.12 rows=1647977 width=0) (actual time=0.022..1394.053 rows=1654286 loops=1)
  Filter: (keyword_id > 8841)
  Rows Removed by Filter: 2869644
Planning time: 0.366 ms
Execution time: 1607.166 ms
