Seq Scan on movie_companies mc  (cost=0.00..51404.11 rows=2259690 width=0) (actual time=0.029..978.595 rows=2254637 loops=1)
  Filter: (company_id < 87807)
  Rows Removed by Filter: 354492
Planning time: 1.206 ms
Execution time: 1258.650 ms
