Nested Loop  (cost=0.43..798851.07 rows=332 width=0) (actual time=12392.932..14618.319 rows=302 loops=1)
  ->  Seq Scan on cast_info ci  (cost=0.00..796071.18 rows=332 width=4) (actual time=12392.733..14612.642 rows=302 loops=1)
        Filter: ((role_id < 4) AND (person_id = 2078554))
        Rows Removed by Filter: 36244042
  ->  Index Only Scan using title_pkey on title t  (cost=0.43..8.36 rows=1 width=4) (actual time=0.018..0.018 rows=1 loops=302)
        Index Cond: (id = ci.movie_id)
        Heap Fetches: 302
Planning time: 0.747 ms
Execution time: 14618.469 ms
