Seq Scan on movie_keyword mk  (cost=0.00..81003.12 rows=246 width=0) (actual time=0.117..1270.212 rows=3325 loops=1)
  Filter: (keyword_id = 683)
  Rows Removed by Filter: 4520605
Planning time: 0.411 ms
Execution time: 1271.259 ms
