Hash Join  (cost=130323.38..481328.00 rows=80 width=0) (actual time=5880.572..6996.247 rows=1120 loops=1)
  Hash Cond: (mi.movie_id = t.id)
  ->  Seq Scan on movie_info mi  (cost=0.00..346232.03 rows=1272478 width=4) (actual time=3617.150..4728.997 rows=1325361 loops=1)
        Filter: (info_type_id = 8)
        Rows Removed by Filter: 13510359
  ->  Hash  (cost=130321.40..130321.40 rows=158 width=8) (actual time=2071.047..2071.047 rows=1046 loops=1)
        Buckets: 2048 (originally 1024)  Batches: 1 (originally 1)  Memory Usage: 57kB
        ->  Hash Join  (cost=73929.67..130321.40 rows=158 width=8) (actual time=1602.830..2070.375 rows=1046 loops=1)
              Hash Cond: (mc.movie_id = t.id)
              ->  Seq Scan on movie_companies mc  (cost=0.00..51404.11 rows=1329612 width=4) (actual time=388.804..912.550 rows=1334883 loops=1)
                    Filter: (company_type_id > 1)
                    Rows Removed by Filter: 1274246
              ->  Hash  (cost=73925.90..73925.90 rows=301 width=4) (actual time=964.599..964.599 rows=1075 loops=1)
                    Buckets: 2048 (originally 1024)  Batches: 1 (originally 1)  Memory Usage: 54kB
                    ->  Seq Scan on title t  (cost=0.00..73925.90 rows=301 width=4) (actual time=538.558..963.892 rows=1075 loops=1)
                          Filter: ((kind_id = 3) AND (production_year = 1974))
                          Rows Removed by Filter: 2527237
Planning time: 7.199 ms
Execution time: 6998.117 ms
