Hash Join  (cost=156649.15..509840.33 rows=70545 width=0) (actual time=7573.483..9123.646 rows=364119 loops=1)
  Hash Cond: (mi.movie_id = t.id)
  ->  Seq Scan on movie_info mi  (cost=0.00..346232.03 rows=383654 width=4) (actual time=4164.475..5361.030 rows=428651 loops=1)
        Filter: (info_type_id > 104)
        Rows Removed by Filter: 14407069
  ->  Hash  (cost=149020.47..149020.47 rows=464934 width=8) (actual time=3406.071..3406.071 rows=460185 loops=1)
        Buckets: 131072  Batches: 8  Memory Usage: 3286kB
        ->  Hash Join  (cost=102767.86..149020.47 rows=464934 width=8) (actual time=1985.383..3277.158 rows=460185 loops=1)
              Hash Cond: (mi_idx.movie_id = t.id)
              ->  Seq Scan on movie_info_idx mi_idx  (cost=0.00..25185.44 rows=464934 width=4) (actual time=0.032..572.487 rows=460185 loops=1)
                    Filter: (info_type_id > 100)
                    Rows Removed by Filter: 919850
              ->  Hash  (cost=61283.27..61283.27 rows=2528527 width=4) (actual time=1983.622..1983.622 rows=2528312 loops=1)
                    Buckets: 131072  Batches: 64  Memory Usage: 2415kB
                    ->  Seq Scan on title t  (cost=0.00..61283.27 rows=2528527 width=4) (actual time=0.527..1103.416 rows=2528312 loops=1)
Planning time: 2.890 ms
Execution time: 9168.503 ms
