Seq Scan on title t  (cost=0.00..67604.59 rows=7437 width=0) (actual time=0.023..1074.842 rows=5663 loops=1)
  Filter: (production_year = 1951)
  Rows Removed by Filter: 2522649
Planning time: 0.353 ms
Execution time: 1077.998 ms
