Hash Join  (cost=80562.70..609491.32 rows=4603669 width=0) (actual time=1380.861..16122.788 rows=3754406 loops=1)
  Hash Cond: (mi.movie_id = t.id)
  ->  Seq Scan on movie_info mi  (cost=0.00..309384.22 rows=14739122 width=4) (actual time=0.022..6097.001 rows=14835720 loops=1)
  ->  Hash  (cost=67604.59..67604.59 rows=789769 width=4) (actual time=1379.895..1379.895 rows=784926 loops=1)
        Buckets: 131072  Batches: 16  Memory Usage: 2755kB
        ->  Seq Scan on title t  (cost=0.00..67604.59 rows=789769 width=4) (actual time=0.022..1121.723 rows=784926 loops=1)
              Filter: (production_year > 2007)
              Rows Removed by Filter: 1743386
Planning time: 0.853 ms
Execution time: 16589.332 ms
