Nested Loop  (cost=0.43..83071.67 rows=246 width=0) (actual time=400.081..1300.323 rows=5 loops=1)
  ->  Seq Scan on movie_keyword mk  (cost=0.00..81003.12 rows=246 width=4) (actual time=399.983..1299.983 rows=5 loops=1)
        Filter: (keyword_id = 51533)
        Rows Removed by Filter: 4523925
  ->  Index Only Scan using title_pkey on title t  (cost=0.43..8.40 rows=1 width=4) (actual time=0.058..0.059 rows=1 loops=5)
        Index Cond: (id = mk.movie_id)
        Heap Fetches: 5
Planning time: 0.681 ms
Execution time: 1300.392 ms
