Nested Loop  (cost=0.43..799702.19 rows=435 width=0) (actual time=6165.220..14638.655 rows=13 loops=1)
  ->  Seq Scan on cast_info ci  (cost=0.00..796071.18 rows=435 width=4) (actual time=6165.100..14638.225 rows=13 loops=1)
        Filter: ((role_id < 10) AND (person_id = 2844670))
        Rows Removed by Filter: 36244331
  ->  Index Only Scan using title_pkey on title t  (cost=0.43..8.34 rows=1 width=4) (actual time=0.026..0.027 rows=1 loops=13)
        Index Cond: (id = ci.movie_id)
        Heap Fetches: 13
Planning time: 0.813 ms
Execution time: 14638.761 ms
