Seq Scan on movie_keyword mk  (cost=0.00..81003.12 rows=246 width=0) (actual time=6.121..1346.185 rows=869 loops=1)
  Filter: (keyword_id = 188)
  Rows Removed by Filter: 4523061
Planning time: 0.363 ms
Execution time: 1346.604 ms
