Hash Join  (cost=157308.97..1102339.34 rows=761605 width=0) (actual time=3681.973..26970.826 rows=1328925 loops=1)
  Hash Cond: (ci.movie_id = t.id)
  ->  Seq Scan on cast_info ci  (cost=0.00..705507.15 rows=20024311 width=4) (actual time=0.016..15603.179 rows=20122661 loops=1)
        Filter: (role_id < 3)
        Rows Removed by Filter: 16121683
  ->  Hash  (cost=155730.85..155730.85 rows=96170 width=8) (actual time=3681.201..3681.201 rows=92788 loops=1)
        Buckets: 131072  Batches: 2  Memory Usage: 2848kB
        ->  Hash Join  (cost=94978.31..155730.85 rows=96170 width=8) (actual time=2273.644..3654.504 rows=92788 loops=1)
              Hash Cond: (mc.movie_id = t.id)
              ->  Seq Scan on movie_companies mc  (cost=0.00..51404.11 rows=145744 width=4) (actual time=381.252..844.368 rows=144576 loops=1)
                    Filter: (company_id > 134382)
                    Rows Removed by Filter: 2464553
              ->  Hash  (cost=67604.59..67604.59 rows=1668458 width=4) (actual time=1891.284..1891.284 rows=1671292 loops=1)
                    Buckets: 131072  Batches: 32  Memory Usage: 2858kB
                    ->  Seq Scan on title t  (cost=0.00..67604.59 rows=1668458 width=4) (actual time=0.027..1345.803 rows=1671292 loops=1)
                          Filter: (production_year < 2008)
                          Rows Removed by Filter: 857020
Planning time: 1.246 ms
Execution time: 27132.892 ms
