Seq Scan on movie_keyword mk  (cost=0.00..81003.12 rows=246 width=0) (actual time=0.930..1244.123 rows=1316 loops=1)
  Filter: (keyword_id = 3908)
  Rows Removed by Filter: 4522614
Planning time: 0.350 ms
Execution time: 1244.638 ms
