Hash Join  (cost=153323.96..645464.82 rows=1155993 width=0) (actual time=3558.144..20140.365 rows=19776250 loops=1)
  Hash Cond: (mi.movie_id = t.id)
  ->  Seq Scan on movie_info mi  (cost=0.00..309384.22 rows=14739122 width=4) (actual time=0.026..5937.382 rows=14835720 loops=1)
  ->  Hash  (cost=150070.05..150070.05 rows=198313 width=8) (actual time=3557.286..3557.286 rows=240558 loops=1)
        Buckets: 131072  Batches: 4  Memory Usage: 3352kB
        ->  Hash Join  (cost=80355.62..150070.05 rows=198313 width=8) (actual time=2464.154..3472.967 rows=240558 loops=1)
              Hash Cond: (mc.movie_id = t.id)
              ->  Seq Scan on movie_companies mc  (cost=0.00..51404.11 rows=1279517 width=4) (actual time=458.397..1106.426 rows=1274246 loops=1)
                    Filter: (company_type_id = 1)
                    Rows Removed by Filter: 1334883
              ->  Hash  (cost=73925.90..73925.90 rows=391897 width=4) (actual time=1346.047..1346.047 rows=289693 loops=1)
                    Buckets: 131072  Batches: 8  Memory Usage: 2301kB
                    ->  Seq Scan on title t  (cost=0.00..73925.90 rows=391897 width=4) (actual time=46.845..1253.938 rows=289693 loops=1)
                          Filter: ((production_year > 1998) AND (kind_id = 1))
                          Rows Removed by Filter: 2238619
Planning time: 1.254 ms
Execution time: 22441.970 ms
