Hash Join  (cost=168162.63..292251.14 rows=619352 width=0) (actual time=3919.104..8379.137 rows=5196857 loops=1)
  Hash Cond: (mk.movie_id = t.id)
  ->  Seq Scan on movie_keyword mk  (cost=0.00..81003.12 rows=3015163 width=4) (actual time=0.009..1743.421 rows=2996430 loops=1)
        Filter: (keyword_id < 10500)
        Rows Removed by Filter: 1527500
  ->  Hash  (cost=159641.24..159641.24 rows=519391 width=8) (actual time=3918.051..3918.051 rows=934414 loops=1)
        Buckets: 131072 (originally 131072)  Batches: 16 (originally 8)  Memory Usage: 3333kB
        ->  Hash Join  (cost=83810.17..159641.24 rows=519391 width=8) (actual time=1818.279..3645.975 rows=934414 loops=1)
              Hash Cond: (mc.movie_id = t.id)
              ->  Seq Scan on movie_companies mc  (cost=0.00..51404.11 rows=1329612 width=4) (actual time=321.092..1068.236 rows=1334883 loops=1)
                    Filter: (company_type_id = 2)
                    Rows Removed by Filter: 1274246
              ->  Hash  (cost=67604.59..67604.59 rows=987727 width=4) (actual time=1496.335..1496.335 rows=985048 loops=1)
                    Buckets: 131072  Batches: 16  Memory Usage: 3188kB
                    ->  Seq Scan on title t  (cost=0.00..67604.59 rows=987727 width=4) (actual time=0.025..1191.050 rows=985048 loops=1)
                          Filter: (kind_id < 7)
                          Rows Removed by Filter: 1543264
Planning time: 0.776 ms
Execution time: 8957.398 ms
