Seq Scan on cast_info ci  (cost=0.00..705507.15 rows=24151995 width=0) (actual time=0.026..13500.252 rows=24112297 loops=1)
  Filter: (person_id < 2473168)
  Rows Removed by Filter: 12132047
Planning time: 3.467 ms
Execution time: 16476.386 ms
