Seq Scan on cast_info ci  (cost=0.00..705507.15 rows=500 width=0) (actual time=6812.688..11092.079 rows=203 loops=1)
  Filter: (person_id = 1774194)
  Rows Removed by Filter: 36244141
Planning time: 0.336 ms
Execution time: 11092.208 ms
