Seq Scan on cast_info ci  (cost=0.00..796071.18 rows=307386 width=0) (actual time=11495.300..14189.908 rows=116074 loops=1)
  Filter: ((person_id < 3245793) AND (role_id > 10))
  Rows Removed by Filter: 36128270
Planning time: 0.361 ms
Execution time: 14204.949 ms
