Hash Join  (cost=709678.15..795709.54 rows=265 width=0) (actual time=11722.639..13148.919 rows=50 loops=1)
  Hash Cond: (mk.movie_id = t.id)
  ->  Seq Scan on movie_keyword mk  (cost=0.00..81003.12 rows=1340164 width=4) (actual time=0.030..1346.785 rows=1351716 loops=1)
        Filter: (keyword_id > 12515)
        Rows Removed by Filter: 3172214
  ->  Hash  (cost=709671.90..709671.90 rows=500 width=8) (actual time=11612.404..11612.404 rows=36 loops=1)
        Buckets: 1024  Batches: 1  Memory Usage: 10kB
        ->  Nested Loop  (cost=0.43..709671.90 rows=500 width=8) (actual time=4965.183..11612.359 rows=36 loops=1)
              ->  Seq Scan on cast_info ci  (cost=0.00..705507.15 rows=500 width=4) (actual time=4964.992..11607.757 rows=36 loops=1)
                    Filter: (person_id = 2119481)
                    Rows Removed by Filter: 36244308
              ->  Index Only Scan using title_pkey on title t  (cost=0.43..8.32 rows=1 width=4) (actual time=0.124..0.124 rows=1 loops=36)
                    Index Cond: (id = ci.movie_id)
                    Heap Fetches: 36
Planning time: 1.153 ms
Execution time: 13149.023 ms
