Hash Join  (cost=190296.36..1295826.31 rows=6982278 width=0) (actual time=3553.340..33291.021 rows=5415959 loops=1)
  Hash Cond: (ci.movie_id = t.id)
  ->  Seq Scan on cast_info ci  (cost=0.00..614943.12 rows=36225612 width=4) (actual time=0.012..13052.422 rows=36244344 loops=1)
  ->  Hash  (cost=182300.38..182300.38 rows=487359 width=8) (actual time=3552.515..3552.515 rows=183643 loops=1)
        Buckets: 131072  Batches: 8  Memory Usage: 1931kB
        ->  Hash Join  (cost=102767.86..182300.38 rows=487359 width=8) (actual time=2012.227..3495.369 rows=183643 loops=1)
              Hash Cond: (mc.movie_id = t.id)
              ->  Seq Scan on movie_companies mc  (cost=0.00..57926.93 rows=487359 width=4) (actual time=0.026..914.637 rows=183643 loops=1)
                    Filter: ((company_id > 16586) AND (company_type_id < 2))
                    Rows Removed by Filter: 2425486
              ->  Hash  (cost=61283.27..61283.27 rows=2528527 width=4) (actual time=2008.942..2008.942 rows=2528312 loops=1)
                    Buckets: 131072  Batches: 64  Memory Usage: 2415kB
                    ->  Seq Scan on title t  (cost=0.00..61283.27 rows=2528527 width=4) (actual time=0.037..1166.361 rows=2528312 loops=1)
Planning time: 1.353 ms
Execution time: 33932.963 ms
