Seq Scan on cast_info ci  (cost=0.00..705507.15 rows=500 width=0) (actual time=1548.581..11392.187 rows=1558 loops=1)
  Filter: (person_id = 2788099)
  Rows Removed by Filter: 36242786
Planning time: 0.292 ms
Execution time: 11392.531 ms
