Hash Join  (cost=74709.85..443021.58 rows=365580 width=0) (actual time=1203.889..10103.855 rows=253868 loops=1)
  Hash Cond: (mi.movie_id = t.id)
  ->  Seq Scan on movie_info mi  (cost=0.00..309384.22 rows=14739122 width=4) (actual time=0.020..4610.756 rows=14835720 loops=1)
  ->  Hash  (cost=73925.90..73925.90 rows=62716 width=4) (actual time=1203.447..1203.447 rows=71543 loops=1)
        Buckets: 131072 (originally 65536)  Batches: 1 (originally 1)  Memory Usage: 3540kB
        ->  Seq Scan on title t  (cost=0.00..73925.90 rows=62716 width=4) (actual time=0.025..1172.616 rows=71543 loops=1)
              Filter: ((kind_id > 1) AND (production_year = 2004))
              Rows Removed by Filter: 2456769
Planning time: 0.731 ms
Execution time: 10140.270 ms
