Hash Join  (cost=888423.91..1494654.63 rows=10121789 width=0) (actual time=16779.465..36549.702 rows=13512773 loops=1)
  Hash Cond: (mi.movie_id = t.id)
  ->  Seq Scan on movie_info mi  (cost=0.00..309384.22 rows=14739122 width=4) (actual time=0.016..6262.539 rows=14835720 loops=1)
  ->  Hash  (cost=859935.74..859935.74 rows=1736414 width=8) (actual time=16778.416..16778.416 rows=1703543 loops=1)
        Buckets: 131072  Batches: 32  Memory Usage: 3095kB
        ->  Hash Join  (cost=102767.86..859935.74 rows=1736414 width=8) (actual time=5914.011..16269.361 rows=1703543 loops=1)
              Hash Cond: (ci.movie_id = t.id)
              ->  Seq Scan on cast_info ci  (cost=0.00..705507.15 rows=1736414 width=4) (actual time=3983.907..12422.078 rows=1703543 loops=1)
                    Filter: (role_id = 8)
                    Rows Removed by Filter: 34540801
              ->  Hash  (cost=61283.27..61283.27 rows=2528527 width=4) (actual time=1928.692..1928.692 rows=2528312 loops=1)
                    Buckets: 131072  Batches: 64  Memory Usage: 2415kB
                    ->  Seq Scan on title t  (cost=0.00..61283.27 rows=2528527 width=4) (actual time=0.025..1088.671 rows=2528312 loops=1)
Planning time: 0.762 ms
Execution time: 38050.816 ms
