Seq Scan on cast_info ci  (cost=0.00..796071.18 rows=2041463 width=0) (actual time=171.506..11711.943 rows=854393 loops=1)
  Filter: ((person_id < 296142) AND (role_id > 1))
  Rows Removed by Filter: 35389951
Planning time: 0.364 ms
Execution time: 11820.506 ms
