Hash Join  (cost=83074.74..879680.85 rows=14 width=0) (actual time=6928.953..13529.415 rows=43 loops=1)
  Hash Cond: (ci.movie_id = t.id)
  ->  Seq Scan on cast_info ci  (cost=0.00..796071.18 rows=142609 width=4) (actual time=5643.549..12221.675 rows=239066 loops=1)
        Filter: ((person_id > 2158560) AND (role_id > 10))
        Rows Removed by Filter: 36005278
  ->  Hash  (cost=83071.67..83071.67 rows=246 width=8) (actual time=1276.977..1276.977 rows=383 loops=1)
        Buckets: 1024  Batches: 1  Memory Usage: 23kB
        ->  Nested Loop  (cost=0.43..83071.67 rows=246 width=8) (actual time=9.981..1276.620 rows=383 loops=1)
              ->  Seq Scan on movie_keyword mk  (cost=0.00..81003.12 rows=246 width=4) (actual time=9.876..1263.013 rows=383 loops=1)
                    Filter: (keyword_id = 1249)
                    Rows Removed by Filter: 4523547
              ->  Index Only Scan using title_pkey on title t  (cost=0.43..8.40 rows=1 width=4) (actual time=0.033..0.033 rows=1 loops=383)
                    Index Cond: (id = mk.movie_id)
                    Heap Fetches: 383
Planning time: 1.128 ms
Execution time: 13529.539 ms
