Hash Join  (cost=83073.53..135751.26 rows=7 width=0) (actual time=1113.788..1427.715 rows=46 loops=1)
  Hash Cond: (mc.movie_id = t.id)
  ->  Seq Scan on movie_companies mc  (cost=0.00..51404.11 rows=339613 width=4) (actual time=0.025..294.946 rows=334457 loops=1)
        Filter: (company_id < 166)
        Rows Removed by Filter: 2274672
  ->  Hash  (cost=83072.90..83072.90 rows=50 width=8) (actual time=1110.477..1110.477 rows=159 loops=1)
        Buckets: 1024  Batches: 1  Memory Usage: 15kB
        ->  Nested Loop  (cost=0.43..83072.90 rows=50 width=8) (actual time=189.909..1110.306 rows=159 loops=1)
              ->  Seq Scan on movie_keyword mk  (cost=0.00..81003.12 rows=246 width=4) (actual time=36.922..1100.374 rows=331 loops=1)
                    Filter: (keyword_id = 13847)
                    Rows Removed by Filter: 4523599
              ->  Index Scan using title_pkey on title t  (cost=0.43..8.40 rows=1 width=4) (actual time=0.028..0.028 rows=0 loops=331)
                    Index Cond: (id = mk.movie_id)
                    Filter: ((production_year > 1979) AND (kind_id = 1))
                    Rows Removed by Filter: 1
Planning time: 1.227 ms
Execution time: 1427.888 ms
