Hash Join  (cost=510374.62..1571779.52 rows=10641942 width=0) (actual time=10168.487..40109.430 rows=13461653 loops=1)
  Hash Cond: (ci.movie_id = t.id)
  ->  Seq Scan on cast_info ci  (cost=0.00..705507.15 rows=21146486 width=4) (actual time=0.013..15000.288 rows=21006390 loops=1)
        Filter: (person_id < 2118721)
        Rows Removed by Filter: 15237954
  ->  Hash  (cost=489497.65..489497.65 rows=1272478 width=8) (actual time=10167.562..10167.562 rows=1325361 loops=1)
        Buckets: 131072  Batches: 32  Memory Usage: 2635kB
        ->  Hash Join  (cost=102767.86..489497.65 rows=1272478 width=8) (actual time=4465.677..9762.208 rows=1325361 loops=1)
              Hash Cond: (mi.movie_id = t.id)
              ->  Seq Scan on movie_info mi  (cost=0.00..346232.03 rows=1272478 width=4) (actual time=1964.409..5368.278 rows=1325361 loops=1)
                    Filter: (info_type_id = 8)
                    Rows Removed by Filter: 13510359
              ->  Hash  (cost=61283.27..61283.27 rows=2528527 width=4) (actual time=2499.999..2499.999 rows=2528312 loops=1)
                    Buckets: 131072  Batches: 64  Memory Usage: 2425kB
                    ->  Seq Scan on title t  (cost=0.00..61283.27 rows=2528527 width=4) (actual time=0.022..1018.962 rows=2528312 loops=1)
Planning time: 0.814 ms
Execution time: 41622.479 ms
