Hash Join  (cost=79930.86..1224306.30 rows=10763727 width=0) (actual time=1508.030..34239.418 rows=9809030 loops=1)
  Hash Cond: (ci.movie_id = t.id)
  ->  Seq Scan on cast_info ci  (cost=0.00..614943.12 rows=36225612 width=4) (actual time=0.020..13117.074 rows=36244344 loops=1)
  ->  Hash  (cost=67604.59..67604.59 rows=751302 width=4) (actual time=1507.123..1507.123 rows=755902 loops=1)
        Buckets: 131072  Batches: 16  Memory Usage: 2685kB
        ->  Seq Scan on title t  (cost=0.00..67604.59 rows=751302 width=4) (actual time=0.021..1257.033 rows=755902 loops=1)
              Filter: (production_year < 1993)
              Rows Removed by Filter: 1772410
Planning time: 0.789 ms
Execution time: 35328.019 ms
