Seq Scan on cast_info ci  (cost=0.00..796071.18 rows=4024357 width=0) (actual time=5353.695..15820.868 rows=1971135 loops=1)
  Filter: ((person_id < 3568314) AND (role_id = 10))
  Rows Removed by Filter: 34273209
Planning time: 0.407 ms
Execution time: 16053.356 ms
