Hash Join  (cost=102767.86..1048354.28 rows=5803030 width=0) (actual time=10827.622..23880.071 rows=7543279 loops=1)
  Hash Cond: (ci.movie_id = t.id)
  ->  Seq Scan on cast_info ci  (cost=0.00..796071.18 rows=5803030 width=4) (actual time=8795.806..15128.434 rows=7543279 loops=1)
        Filter: ((person_id > 1379110) AND (role_id > 4))
        Rows Removed by Filter: 28701065
  ->  Hash  (cost=61283.27..61283.27 rows=2528527 width=4) (actual time=2030.777..2030.777 rows=2528312 loops=1)
        Buckets: 131072  Batches: 64  Memory Usage: 2415kB
        ->  Seq Scan on title t  (cost=0.00..61283.27 rows=2528527 width=4) (actual time=0.021..1185.297 rows=2528312 loops=1)
Planning time: 0.748 ms
Execution time: 24714.758 ms
