Hash Join  (cost=155283.85..1229407.34 rows=3924932 width=0) (actual time=3573.856..34508.404 rows=8345759 loops=1)
  Hash Cond: (ci.movie_id = t.id)
  ->  Seq Scan on cast_info ci  (cost=0.00..614943.12 rows=36225612 width=4) (actual time=0.019..12915.556 rows=36244344 loops=1)
  ->  Hash  (cost=150788.38..150788.38 rows=273958 width=8) (actual time=3572.850..3572.850 rows=511795 loops=1)
        Buckets: 131072 (originally 131072)  Batches: 8 (originally 4)  Memory Usage: 3512kB
        ->  Hash Join  (cost=71961.27..150788.38 rows=273958 width=8) (actual time=1189.535..3398.565 rows=511795 loops=1)
              Hash Cond: (mc.movie_id = t.id)
              ->  Seq Scan on movie_companies mc  (cost=0.00..44881.29 rows=2609129 width=4) (actual time=0.026..883.823 rows=2609129 loops=1)
              ->  Hash  (cost=67604.59..67604.59 rows=265495 width=4) (actual time=1188.751..1188.751 rows=263594 loops=1)
                    Buckets: 131072  Batches: 4  Memory Usage: 3340kB
                    ->  Seq Scan on title t  (cost=0.00..67604.59 rows=265495 width=4) (actual time=0.013..1095.395 rows=263594 loops=1)
                          Filter: (production_year < 1962)
                          Rows Removed by Filter: 2264718
Planning time: 1.170 ms
Execution time: 35445.815 ms
