Seq Scan on cast_info ci  (cost=0.00..796071.18 rows=176 width=0) (actual time=1868.420..11176.259 rows=156 loops=1)
  Filter: ((person_id = 265476) AND (role_id = 1))
  Rows Removed by Filter: 36244188
Planning time: 0.847 ms
Execution time: 11176.379 ms
