Hash Join  (cost=73950.44..424932.75 rows=981 width=0) (actual time=1639.657..6553.456 rows=2367 loops=1)
  Hash Cond: (mi.movie_id = t.id)
  ->  Seq Scan on movie_info mi  (cost=0.00..346232.03 rows=1264125 width=4) (actual time=364.750..5324.422 rows=1288928 loops=1)
        Filter: (info_type_id = 2)
        Rows Removed by Filter: 13546792
  ->  Hash  (cost=73925.90..73925.90 rows=1963 width=4) (actual time=1030.341..1030.341 rows=2466 loops=1)
        Buckets: 4096 (originally 2048)  Batches: 1 (originally 1)  Memory Usage: 119kB
        ->  Seq Scan on title t  (cost=0.00..73925.90 rows=1963 width=4) (actual time=50.305..1028.924 rows=2466 loops=1)
              Filter: ((kind_id = 1) AND (production_year = 1935))
              Rows Removed by Filter: 2525846
Planning time: 2.152 ms
Execution time: 6554.086 ms
