Hash Join  (cost=52284.99..80902.44 rows=38 width=0) (actual time=858.596..1508.884 rows=76 loops=1)
  Hash Cond: (mi_idx.movie_id = t.id)
  ->  Seq Scan on movie_info_idx mi_idx  (cost=0.00..25185.44 rows=915101 width=4) (actual time=0.006..539.859 rows=919850 loops=1)
        Filter: (info_type_id < 101)
        Rows Removed by Filter: 460185
  ->  Hash  (cost=52283.69..52283.69 rows=104 width=8) (actual time=841.198..841.198 rows=157 loops=1)
        Buckets: 1024  Batches: 1  Memory Usage: 15kB
        ->  Nested Loop  (cost=0.43..52283.69 rows=104 width=8) (actual time=8.476..841.039 rows=157 loops=1)
              ->  Seq Scan on movie_companies mc  (cost=0.00..51404.11 rows=104 width=4) (actual time=8.386..823.527 rows=157 loops=1)
                    Filter: (company_id = 1030)
                    Rows Removed by Filter: 2608972
              ->  Index Only Scan using title_pkey on title t  (cost=0.43..8.45 rows=1 width=4) (actual time=0.108..0.109 rows=1 loops=157)
                    Index Cond: (id = mc.movie_id)
                    Heap Fetches: 157
Planning time: 0.785 ms
Execution time: 1509.047 ms
