Seq Scan on cast_info ci  (cost=0.00..796071.18 rows=55 width=0) (actual time=9666.657..10563.507 rows=167 loops=1)
  Filter: ((person_id = 181036) AND (role_id = 3))
  Rows Removed by Filter: 36244177
Planning time: 0.419 ms
Execution time: 10563.684 ms
