Hash Join  (cost=128031.46..495615.95 rows=292856 width=0) (actual time=2379.922..11456.773 rows=1890705 loops=1)
  Hash Cond: (mi.movie_id = t.id)
  ->  Seq Scan on movie_info mi  (cost=0.00..309384.22 rows=14739122 width=4) (actual time=0.013..4584.867 rows=14835720 loops=1)
  ->  Hash  (cost=127403.46..127403.46 rows=50240 width=8) (actual time=2379.372..2379.372 rows=46857 loops=1)
        Buckets: 65536  Batches: 1  Memory Usage: 2343kB
        ->  Hash Join  (cost=68449.54..127403.46 rows=50240 width=8) (actual time=1065.789..2358.924 rows=46857 loops=1)
              Hash Cond: (mc.movie_id = t.id)
              ->  Seq Scan on movie_companies mc  (cost=0.00..51404.11 rows=1879309 width=4) (actual time=0.018..868.326 rows=1874934 loops=1)
                    Filter: (company_id < 39832)
                    Rows Removed by Filter: 734195
              ->  Hash  (cost=67604.59..67604.59 rows=67596 width=4) (actual time=1065.082..1065.082 rows=67777 loops=1)
                    Buckets: 131072  Batches: 1  Memory Usage: 3407kB
                    ->  Seq Scan on title t  (cost=0.00..67604.59 rows=67596 width=4) (actual time=0.027..1036.995 rows=67777 loops=1)
                          Filter: (production_year = 2003)
                          Rows Removed by Filter: 2460535
Planning time: 1.223 ms
Execution time: 11704.377 ms
