Seq Scan on title t  (cost=0.00..73925.90 rows=4532 width=0) (actual time=0.044..1298.479 rows=4691 loops=1)
  Filter: ((kind_id = 7) AND (production_year = 1955))
  Rows Removed by Filter: 2523621
Planning time: 0.373 ms
Execution time: 1299.847 ms
