Hash Join  (cost=241519.69..749867.18 rows=4758531 width=0) (actual time=6036.562..26050.420 rows=37353543 loops=1)
  Hash Cond: (mi.movie_id = t.id)
  ->  Seq Scan on movie_info mi  (cost=0.00..346232.03 rows=9476311 width=4) (actual time=0.020..6468.786 rows=9565151 loops=1)
        Filter: (info_type_id < 16)
        Rows Removed by Filter: 5270569
  ->  Hash  (cost=220688.44..220688.44 rows=1269700 width=8) (actual time=6033.797..6033.797 rows=1528519 loops=1)
        Buckets: 131072  Batches: 32  Memory Usage: 2955kB
        ->  Hash Join  (cost=97066.09..220688.44 rows=1269700 width=8) (actual time=2443.686..5557.073 rows=1528519 loops=1)
              Hash Cond: (mk.movie_id = t.id)
              ->  Seq Scan on movie_keyword mk  (cost=0.00..81003.12 rows=1787846 width=4) (actual time=0.015..1480.025 rows=1799030 loops=1)
                    Filter: (keyword_id < 2907)
                    Rows Removed by Filter: 2724900
              ->  Hash  (cost=67604.59..67604.59 rows=1795720 width=4) (actual time=2442.718..2442.718 rows=1794153 loops=1)
                    Buckets: 131072  Batches: 32  Memory Usage: 3001kB
                    ->  Seq Scan on title t  (cost=0.00..67604.59 rows=1795720 width=4) (actual time=0.020..1235.001 rows=1794153 loops=1)
                          Filter: (production_year < 2009)
                          Rows Removed by Filter: 734159
Planning time: 1.254 ms
Execution time: 30214.976 ms
