Hash Join  (cost=160961.31..288943.13 rows=490778 width=0) (actual time=3642.766..8474.068 rows=5907263 loops=1)
  Hash Cond: (mk.movie_id = t.id)
  ->  Seq Scan on movie_keyword mk  (cost=0.00..69693.30 rows=4523930 width=4) (actual time=0.014..1400.938 rows=4523930 loops=1)
  ->  Hash  (cost=156460.47..156460.47 rows=274307 width=8) (actual time=3641.595..3641.595 rows=736555 loops=1)
        Buckets: 131072 (originally 131072)  Batches: 16 (originally 4)  Memory Usage: 3073kB
        ->  Hash Join  (cost=83810.17..156460.47 rows=274307 width=8) (actual time=1855.696..3412.696 rows=736555 loops=1)
              Hash Cond: (mc.movie_id = t.id)
              ->  Seq Scan on movie_companies mc  (cost=0.00..57926.93 rows=702211 width=4) (actual time=398.701..1053.452 rows=935587 loops=1)
                    Filter: ((company_id > 11137) AND (company_type_id > 1))
                    Rows Removed by Filter: 1673542
              ->  Hash  (cost=67604.59..67604.59 rows=987727 width=4) (actual time=1456.114..1456.114 rows=985048 loops=1)
                    Buckets: 131072  Batches: 16  Memory Usage: 3188kB
                    ->  Seq Scan on title t  (cost=0.00..67604.59 rows=987727 width=4) (actual time=0.021..1154.646 rows=985048 loops=1)
                          Filter: (kind_id < 7)
                          Rows Removed by Filter: 1543264
Planning time: 1.096 ms
Execution time: 9067.055 ms
