Hash Join  (cost=52284.99..138944.89 rows=186 width=0) (actual time=770.720..2432.142 rows=740 loops=1)
  Hash Cond: (mk.movie_id = t.id)
  ->  Seq Scan on movie_keyword mk  (cost=0.00..69693.30 rows=4523930 width=4) (actual time=0.024..912.025 rows=4523930 loops=1)
  ->  Hash  (cost=52283.69..52283.69 rows=104 width=8) (actual time=736.629..736.629 rows=328 loops=1)
        Buckets: 1024  Batches: 1  Memory Usage: 21kB
        ->  Nested Loop  (cost=0.43..52283.69 rows=104 width=8) (actual time=11.101..736.360 rows=328 loops=1)
              ->  Seq Scan on movie_companies mc  (cost=0.00..51404.11 rows=104 width=4) (actual time=11.020..724.617 rows=328 loops=1)
                    Filter: (company_id = 2936)
                    Rows Removed by Filter: 2608801
              ->  Index Only Scan using title_pkey on title t  (cost=0.43..8.45 rows=1 width=4) (actual time=0.034..0.034 rows=1 loops=328)
                    Index Cond: (id = mc.movie_id)
                    Heap Fetches: 328
Planning time: 4.439 ms
Execution time: 2432.420 ms
