Seq Scan on movie_companies mc  (cost=0.00..57926.93 rows=395736 width=0) (actual time=393.187..942.002 rows=569163 loops=1)
  Filter: ((company_id < 1764) AND (company_type_id < 2))
  Rows Removed by Filter: 2039966
Planning time: 0.349 ms
Execution time: 1016.827 ms
