Hash Join  (cost=134806.70..489477.84 rows=20930 width=0) (actual time=2343.914..8259.159 rows=42318 loops=1)
  Hash Cond: (mi.movie_id = t.id)
  ->  Seq Scan on movie_info mi  (cost=0.00..346232.03 rows=2194617 width=4) (actual time=0.024..5489.441 rows=2233850 loops=1)
        Filter: (info_type_id > 16)
        Rows Removed by Filter: 12601870
  ->  Hash  (cost=134505.27..134505.27 rows=24115 width=8) (actual time=2343.597..2343.597 rows=11605 loops=1)
        Buckets: 32768  Batches: 1  Memory Usage: 710kB
        ->  Hash Join  (cost=69374.09..134505.27 rows=24115 width=8) (actual time=1134.902..2338.582 rows=11605 loops=1)
              Hash Cond: (mc.movie_id = t.id)
              ->  Seq Scan on movie_companies mc  (cost=0.00..57926.93 rows=565625 width=4) (actual time=0.017..1047.048 rows=351113 loops=1)
                    Filter: ((company_id < 7634) AND (company_type_id = 2))
                    Rows Removed by Filter: 2258016
              ->  Hash  (cost=67604.59..67604.59 rows=107800 width=4) (actual time=1133.927..1133.927 rows=108429 loops=1)
                    Buckets: 131072  Batches: 2  Memory Usage: 2931kB
                    ->  Seq Scan on title t  (cost=0.00..67604.59 rows=107800 width=4) (actual time=0.044..1092.507 rows=108429 loops=1)
                          Filter: (production_year = 2006)
                          Rows Removed by Filter: 2419883
Planning time: 1.196 ms
Execution time: 8265.551 ms
