Seq Scan on title t  (cost=0.00..67604.59 rows=7437 width=0) (actual time=0.025..922.341 rows=14601 loops=1)
  Filter: (production_year = 1967)
  Rows Removed by Filter: 2513711
Planning time: 0.281 ms
Execution time: 925.608 ms
