Hash Join  (cost=130553.46..495734.54 rows=52515 width=0) (actual time=2241.068..9892.033 rows=116565 loops=1)
  Hash Cond: (mi.movie_id = t.id)
  ->  Seq Scan on movie_info mi  (cost=0.00..309384.22 rows=14739122 width=4) (actual time=0.007..4361.432 rows=14835720 loops=1)
  ->  Hash  (cost=130440.85..130440.85 rows=9009 width=8) (actual time=2235.348..2235.348 rows=10986 loops=1)
        Buckets: 16384  Batches: 1  Memory Usage: 558kB
        ->  Hash Join  (cost=74148.46..130440.85 rows=9009 width=8) (actual time=1111.061..2230.705 rows=10986 loops=1)
              Hash Cond: (mc.movie_id = t.id)
              ->  Seq Scan on movie_companies mc  (cost=0.00..51404.11 rows=1279517 width=4) (actual time=0.025..884.049 rows=1274246 loops=1)
                    Filter: (company_type_id = 1)
                    Rows Removed by Filter: 1334883
              ->  Hash  (cost=73925.90..73925.90 rows=17804 width=4) (actual time=1102.121..1102.121 rows=16608 loops=1)
                    Buckets: 32768  Batches: 1  Memory Usage: 840kB
                    ->  Seq Scan on title t  (cost=0.00..73925.90 rows=17804 width=4) (actual time=0.024..1095.195 rows=16608 loops=1)
                          Filter: ((production_year < 1975) AND (kind_id = 3))
                          Rows Removed by Filter: 2511704
Planning time: 0.778 ms
Execution time: 9910.508 ms
