Seq Scan on movie_keyword mk  (cost=0.00..81003.12 rows=2227361 width=0) (actual time=0.022..1317.642 rows=2222216 loops=1)
  Filter: (keyword_id > 4928)
  Rows Removed by Filter: 2301714
Planning time: 0.325 ms
Execution time: 1590.704 ms
