Hash Join  (cost=85419.04..170433.78 rows=722821 width=0) (actual time=1466.939..4066.887 rows=1243061 loops=1)
  Hash Cond: (mc.movie_id = t.id)
  ->  Seq Scan on movie_companies mc  (cost=0.00..44881.29 rows=2609129 width=4) (actual time=0.012..878.234 rows=2609129 loops=1)
  ->  Hash  (cost=73925.90..73925.90 rows=700491 width=4) (actual time=1465.989..1465.989 rows=619117 loops=1)
        Buckets: 131072  Batches: 16  Memory Usage: 2383kB
        ->  Seq Scan on title t  (cost=0.00..73925.90 rows=700491 width=4) (actual time=0.021..1262.571 rows=619117 loops=1)
              Filter: ((kind_id < 3) AND (production_year > 1934))
              Rows Removed by Filter: 1909195
Planning time: 0.769 ms
Execution time: 4204.552 ms
