Hash Join  (cost=58375.85..809172.60 rows=759 width=0) (actual time=1010.630..16254.743 rows=3757 loops=1)
  Hash Cond: (ci.movie_id = t.id)
  ->  Seq Scan on cast_info ci  (cost=0.00..614943.12 rows=36225612 width=4) (actual time=0.012..8374.891 rows=36244344 loops=1)
  ->  Hash  (cost=58375.18..58375.18 rows=53 width=8) (actual time=975.696..975.696 rows=563 loops=1)
        Buckets: 1024  Batches: 1  Memory Usage: 30kB
        ->  Nested Loop  (cost=0.43..58375.18 rows=53 width=8) (actual time=185.862..975.329 rows=563 loops=1)
              ->  Seq Scan on movie_companies mc  (cost=0.00..57926.93 rows=53 width=4) (actual time=185.754..955.127 rows=563 loops=1)
                    Filter: ((company_type_id > 1) AND (company_id = 94745))
                    Rows Removed by Filter: 2608566
              ->  Index Only Scan using title_pkey on title t  (cost=0.43..8.45 rows=1 width=4) (actual time=0.035..0.035 rows=1 loops=563)
                    Index Cond: (id = mc.movie_id)
                    Heap Fetches: 563
Planning time: 1.258 ms
Execution time: 16255.603 ms
