Seq Scan on movie_keyword mk  (cost=0.00..81003.12 rows=246 width=0) (actual time=33.726..1233.197 rows=91 loops=1)
  Filter: (keyword_id = 2100)
  Rows Removed by Filter: 4523839
Planning time: 0.381 ms
Execution time: 1233.335 ms
