Hash Join  (cost=74207.10..440174.35 rows=131132 width=0) (actual time=1084.347..9051.919 rows=212994 loops=1)
  Hash Cond: (mi.movie_id = t.id)
  ->  Seq Scan on movie_info mi  (cost=0.00..309384.22 rows=14739122 width=4) (actual time=0.010..4561.115 rows=14835720 loops=1)
  ->  Hash  (cost=73925.90..73925.90 rows=22496 width=4) (actual time=1083.589..1083.589 rows=13050 loops=1)
        Buckets: 32768  Batches: 1  Memory Usage: 715kB
        ->  Seq Scan on title t  (cost=0.00..73925.90 rows=22496 width=4) (actual time=455.468..1078.063 rows=13050 loops=1)
              Filter: ((kind_id = 1) AND (production_year = 2004))
              Rows Removed by Filter: 2515262
Planning time: 0.804 ms
Execution time: 9084.043 ms
