Hash Join  (cost=128600.64..510378.80 rows=997 width=0) (actual time=2597.386..9587.017 rows=31192 loops=1)
  Hash Cond: (mi.movie_id = t.id)
  ->  Seq Scan on movie_info mi  (cost=0.00..346232.03 rows=9476311 width=4) (actual time=355.056..5794.759 rows=9565151 loops=1)
        Filter: (info_type_id < 16)
        Rows Removed by Filter: 5270569
  ->  Hash  (cost=128597.31..128597.31 rows=266 width=8) (actual time=2241.525..2241.525 rows=6315 loops=1)
        Buckets: 8192 (originally 1024)  Batches: 1 (originally 1)  Memory Usage: 311kB
        ->  Hash Join  (cost=73929.13..128597.31 rows=266 width=8) (actual time=1073.007..2238.809 rows=6315 loops=1)
              Hash Cond: (mc.movie_id = t.id)
              ->  Seq Scan on movie_companies mc  (cost=0.00..44881.29 rows=2609129 width=4) (actual time=0.029..643.045 rows=2609129 loops=1)
              ->  Hash  (cost=73925.90..73925.90 rows=258 width=4) (actual time=1070.604..1070.604 rows=3378 loops=1)
                    Buckets: 4096 (originally 1024)  Batches: 1 (originally 1)  Memory Usage: 151kB
                    ->  Seq Scan on title t  (cost=0.00..73925.90 rows=258 width=4) (actual time=1.368..1068.626 rows=3378 loops=1)
                          Filter: ((kind_id < 7) AND (production_year > 2013))
                          Rows Removed by Filter: 2524934
Planning time: 1.269 ms
Execution time: 9592.130 ms
