Seq Scan on movie_keyword mk  (cost=0.00..81003.12 rows=586003 width=0) (actual time=0.022..1158.290 rows=587834 loops=1)
  Filter: (keyword_id < 429)
  Rows Removed by Filter: 3936096
Planning time: 0.329 ms
Execution time: 1228.554 ms
