Hash Join  (cost=74827.07..130236.50 rows=74391 width=0) (actual time=1040.134..3012.812 rows=425506 loops=1)
  Hash Cond: (mc.movie_id = t.id)
  ->  Seq Scan on movie_companies mc  (cost=0.00..44881.29 rows=2609129 width=4) (actual time=0.026..629.827 rows=2609129 loops=1)
  ->  Hash  (cost=73925.90..73925.90 rows=72093 width=4) (actual time=1039.418..1039.418 rows=198946 loops=1)
        Buckets: 131072 (originally 131072)  Batches: 4 (originally 1)  Memory Usage: 3073kB
        ->  Seq Scan on title t  (cost=0.00..73925.90 rows=72093 width=4) (actual time=0.017..960.192 rows=198946 loops=1)
              Filter: ((production_year < 1963) AND (kind_id = 1))
              Rows Removed by Filter: 2329366
Planning time: 0.781 ms
Execution time: 3065.916 ms
