Seq Scan on movie_companies mc  (cost=0.00..57926.93 rows=1103109 width=0) (actual time=119.010..1051.244 rows=1226516 loops=1)
  Filter: ((company_id > 338) AND (company_type_id = 2))
  Rows Removed by Filter: 1382613
Planning time: 0.428 ms
Execution time: 1201.423 ms
