Hash Join  (cost=213229.61..358207.55 rows=1885790 width=0) (actual time=4960.370..15068.614 rows=26443187 loops=1)
  Hash Cond: (mk.movie_id = t.id)
  ->  Seq Scan on movie_keyword mk  (cost=0.00..69693.30 rows=4523930 width=4) (actual time=0.028..1403.790 rows=4523930 loops=1)
  ->  Hash  (cost=195936.47..195936.47 rows=1054011 width=8) (actual time=4959.587..4959.587 rows=1274246 loops=1)
        Buckets: 131072 (originally 131072)  Batches: 32 (originally 16)  Memory Usage: 3073kB
        ->  Hash Join  (cost=102767.86..195936.47 rows=1054011 width=8) (actual time=1917.968..4568.572 rows=1274246 loops=1)
              Hash Cond: (mc.movie_id = t.id)
              ->  Seq Scan on movie_companies mc  (cost=0.00..57926.93 rows=1054011 width=4) (actual time=0.020..1181.721 rows=1274246 loops=1)
                    Filter: ((company_id < 76395) AND (company_type_id = 1))
                    Rows Removed by Filter: 1334883
              ->  Hash  (cost=61283.27..61283.27 rows=2528527 width=4) (actual time=1916.708..1916.708 rows=2528312 loops=1)
                    Buckets: 131072  Batches: 64  Memory Usage: 2415kB
                    ->  Seq Scan on title t  (cost=0.00..61283.27 rows=2528527 width=4) (actual time=0.017..1093.361 rows=2528312 loops=1)
Planning time: 1.200 ms
Execution time: 18212.826 ms
