Seq Scan on title t  (cost=0.00..73925.90 rows=2905 width=0) (actual time=0.019..1068.706 rows=7852 loops=1)
  Filter: ((kind_id < 7) AND (production_year = 1986))
  Rows Removed by Filter: 2520460
Planning time: 4.449 ms
Execution time: 1070.773 ms
