Hash Join  (cost=86421.94..439625.02 rows=82541 width=0) (actual time=4107.737..7281.286 rows=292668 loops=1)
  Hash Cond: (mi.movie_id = t.id)
  ->  Seq Scan on movie_info mi  (cost=0.00..346232.03 rows=274038 width=4) (actual time=2571.247..5480.019 rows=306788 loops=1)
        Filter: (info_type_id > 105)
        Rows Removed by Filter: 14528932
  ->  Hash  (cost=73925.90..73925.90 rows=761603 width=4) (actual time=1465.759..1465.759 rows=670584 loops=1)
        Buckets: 131072  Batches: 16  Memory Usage: 2506kB
        ->  Seq Scan on title t  (cost=0.00..73925.90 rows=761603 width=4) (actual time=0.035..1242.455 rows=670584 loops=1)
              Filter: ((kind_id < 7) AND (production_year > 1979))
              Rows Removed by Filter: 1857728
Planning time: 0.781 ms
Execution time: 7317.968 ms
