Hash Join  (cost=231001.85..322320.69 rows=1180131 width=0) (actual time=5451.562..10313.055 rows=10441876 loops=1)
  Hash Cond: (mc.movie_id = t.id)
  ->  Seq Scan on movie_companies mc  (cost=0.00..44881.29 rows=2609129 width=4) (actual time=0.011..956.639 rows=2609129 loops=1)
  ->  Hash  (cost=212237.93..212237.93 rows=1143674 width=8) (actual time=5450.492..5450.492 rows=1457430 loops=1)
        Buckets: 131072 (originally 131072)  Batches: 32 (originally 16)  Memory Usage: 3073kB
        ->  Hash Join  (cost=89762.59..212237.93 rows=1143674 width=8) (actual time=1775.319..5080.025 rows=1457430 loops=1)
              Hash Cond: (mk.movie_id = t.id)
              ->  Seq Scan on movie_keyword mk  (cost=0.00..81003.12 rows=2141194 width=4) (actual time=0.020..1571.125 rows=2144947 loops=1)
                    Filter: (keyword_id < 4030)
                    Rows Removed by Filter: 2378983
              ->  Hash  (cost=67604.59..67604.59 rows=1350560 width=4) (actual time=1773.914..1773.914 rows=1348293 loops=1)
                    Buckets: 131072  Batches: 32  Memory Usage: 2513kB
                    ->  Seq Scan on title t  (cost=0.00..67604.59 rows=1350560 width=4) (actual time=0.019..1315.046 rows=1348293 loops=1)
                          Filter: (production_year < 2005)
                          Rows Removed by Filter: 1180019
Planning time: 1.143 ms
Execution time: 11540.056 ms
