Hash Join  (cost=74251.74..135871.66 rows=9881 width=0) (actual time=1099.957..2474.189 rows=12000 loops=1)
  Hash Cond: (mc.movie_id = t.id)
  ->  Seq Scan on movie_companies mc  (cost=0.00..57926.93 rows=958446 width=4) (actual time=0.013..1079.533 rows=1251626 loops=1)
        Filter: ((company_id < 52639) AND (company_type_id < 2))
        Rows Removed by Filter: 1357503
  ->  Hash  (cost=73925.90..73925.90 rows=26067 width=4) (actual time=1099.681..1099.681 rows=27085 loops=1)
        Buckets: 32768  Batches: 1  Memory Usage: 1209kB
        ->  Seq Scan on title t  (cost=0.00..73925.90 rows=26067 width=4) (actual time=0.020..1088.076 rows=27085 loops=1)
              Filter: ((kind_id < 7) AND (production_year > 2012))
              Rows Removed by Filter: 2501227
Planning time: 0.790 ms
Execution time: 2476.315 ms
