Seq Scan on movie_companies mc  (cost=0.00..51404.11 rows=104 width=0) (actual time=773.043..843.475 rows=1 loops=1)
  Filter: (company_id = 152342)
  Rows Removed by Filter: 2609128
Planning time: 0.394 ms
Execution time: 843.546 ms
