Hash Join  (cost=218486.92..982324.78 rows=970384 width=0) (actual time=10049.617..19394.791 rows=2193176 loops=1)
  Hash Cond: (ci.movie_id = t.id)
  ->  Seq Scan on cast_info ci  (cost=0.00..705507.15 rows=3998100 width=4) (actual time=4532.510..11277.278 rows=4008037 loops=1)
        Filter: (role_id = 3)
        Rows Removed by Filter: 32236307
  ->  Hash  (cost=208417.64..208417.64 rows=613702 width=8) (actual time=5515.809..5515.809 rows=614075 loops=1)
        Buckets: 131072  Batches: 16  Memory Usage: 2560kB
        ->  Hash Join  (cost=102767.86..208417.64 rows=613702 width=8) (actual time=2103.438..5183.673 rows=614075 loops=1)
              Hash Cond: (mk.movie_id = t.id)
              ->  Seq Scan on movie_keyword mk  (cost=0.00..81003.12 rows=613702 width=4) (actual time=0.033..1417.381 rows=614075 loops=1)
                    Filter: (keyword_id > 29800)
                    Rows Removed by Filter: 3909855
              ->  Hash  (cost=61283.27..61283.27 rows=2528527 width=4) (actual time=2100.193..2100.193 rows=2528312 loops=1)
                    Buckets: 131072  Batches: 64  Memory Usage: 2425kB
                    ->  Seq Scan on title t  (cost=0.00..61283.27 rows=2528527 width=4) (actual time=0.016..1190.930 rows=2528312 loops=1)
Planning time: 2.154 ms
Execution time: 19619.843 ms
