Seq Scan on title t  (cost=0.00..73925.90 rows=331341 width=0) (actual time=0.021..1197.189 rows=454939 loops=1)
  Filter: ((kind_id < 4) AND (production_year < 1999))
  Rows Removed by Filter: 2073373
Planning time: 0.322 ms
Execution time: 1250.441 ms
