Seq Scan on movie_companies mc  (cost=0.00..57926.93 rows=573605 width=0) (actual time=399.318..940.924 rows=362170 loops=1)
  Filter: ((company_id < 7943) AND (company_type_id = 2))
  Rows Removed by Filter: 2246959
Planning time: 0.385 ms
Execution time: 986.691 ms
