Seq Scan on cast_info ci  (cost=0.00..796071.18 rows=176 width=0) (actual time=9635.874..13487.083 rows=59 loops=1)
  Filter: ((role_id < 2) AND (person_id = 1390555))
  Rows Removed by Filter: 36244285
Planning time: 0.420 ms
Execution time: 13487.181 ms
