Seq Scan on movie_companies mc  (cost=0.00..51404.11 rows=1058656 width=0) (actual time=0.024..1085.021 rows=1055234 loops=1)
  Filter: (company_id < 6227)
  Rows Removed by Filter: 1553895
Planning time: 0.318 ms
Execution time: 1222.993 ms
