Seq Scan on cast_info ci  (cost=0.00..796071.18 rows=30784231 width=0) (actual time=0.015..17472.141 rows=30879216 loops=1)
  Filter: ((person_id > 80492) AND (role_id < 10))
  Rows Removed by Filter: 5365128
Planning time: 0.287 ms
Execution time: 21044.096 ms
