Hash Join  (cost=709676.99..1089076.88 rows=1074 width=0) (actual time=10963.929..18278.838 rows=43 loops=1)
  Hash Cond: (mi.movie_id = t.id)
  ->  Seq Scan on movie_info mi  (cost=0.00..346232.03 rows=8841901 width=4) (actual time=0.048..6151.153 rows=8950757 loops=1)
        Filter: (info_type_id > 6)
        Rows Removed by Filter: 5884963
  ->  Hash  (cost=709673.15..709673.15 rows=307 width=8) (actual time=10862.662..10862.662 rows=5 loops=1)
        Buckets: 1024  Batches: 1  Memory Usage: 9kB
        ->  Nested Loop  (cost=0.43..709673.15 rows=307 width=8) (actual time=2964.242..10862.608 rows=5 loops=1)
              ->  Seq Scan on cast_info ci  (cost=0.00..705507.15 rows=500 width=4) (actual time=2963.978..10861.795 rows=41 loops=1)
                    Filter: (person_id = 1665141)
                    Rows Removed by Filter: 36244303
              ->  Index Scan using title_pkey on title t  (cost=0.43..8.32 rows=1 width=4) (actual time=0.016..0.016 rows=0 loops=41)
                    Index Cond: (id = ci.movie_id)
                    Filter: (production_year < 2007)
                    Rows Removed by Filter: 1
Planning time: 1.210 ms
Execution time: 18279.028 ms
