Hash Join  (cost=94699.36..459591.89 rows=23660 width=0) (actual time=1677.079..8837.792 rows=11930 loops=1)
  Hash Cond: (mi.movie_id = t.id)
  ->  Seq Scan on movie_info mi  (cost=0.00..309384.22 rows=14739122 width=4) (actual time=0.011..4449.052 rows=14835720 loops=1)
  ->  Hash  (cost=94648.62..94648.62 rows=4059 width=8) (actual time=1674.749..1674.749 rows=754 loops=1)
        Buckets: 4096  Batches: 1  Memory Usage: 62kB
        ->  Hash Join  (cost=67697.55..94648.62 rows=4059 width=8) (actual time=1293.845..1674.370 rows=754 loops=1)
              Hash Cond: (mi_idx.movie_id = t.id)
              ->  Seq Scan on movie_info_idx mi_idx  (cost=0.00..21735.35 rows=1380035 width=4) (actual time=0.023..256.566 rows=1380035 loops=1)
              ->  Hash  (cost=67604.59..67604.59 rows=7437 width=4) (actual time=1143.281..1143.281 rows=3627 loops=1)
                    Buckets: 8192  Batches: 1  Memory Usage: 192kB
                    ->  Seq Scan on title t  (cost=0.00..67604.59 rows=7437 width=4) (actual time=649.308..1141.511 rows=3627 loops=1)
                          Filter: (production_year = 1921)
                          Rows Removed by Filter: 2524685
Planning time: 0.961 ms
Execution time: 8840.109 ms
