Hash Join  (cost=102767.86..1465713.55 rows=26911541 width=0) (actual time=2026.171..40877.734 rows=27081257 loops=1)
  Hash Cond: (ci.movie_id = t.id)
  ->  Seq Scan on cast_info ci  (cost=0.00..705507.15 rows=26911541 width=4) (actual time=0.023..16301.302 rows=27081257 loops=1)
        Filter: (person_id > 901799)
        Rows Removed by Filter: 9163087
  ->  Hash  (cost=61283.27..61283.27 rows=2528527 width=4) (actual time=2024.859..2024.859 rows=2528312 loops=1)
        Buckets: 131072  Batches: 64  Memory Usage: 2415kB
        ->  Seq Scan on title t  (cost=0.00..61283.27 rows=2528527 width=4) (actual time=0.010..1160.840 rows=2528312 loops=1)
Planning time: 0.771 ms
Execution time: 44012.355 ms
