Nested Loop  (cost=0.43..52283.95 rows=41 width=0) (actual time=650.437..837.688 rows=1 loops=1)
  ->  Seq Scan on movie_companies mc  (cost=0.00..51404.11 rows=104 width=4) (actual time=650.361..837.611 rows=1 loops=1)
        Filter: (company_id = 160060)
        Rows Removed by Filter: 2609128
  ->  Index Scan using title_pkey on title t  (cost=0.43..8.45 rows=1 width=4) (actual time=0.069..0.070 rows=1 loops=1)
        Index Cond: (id = mc.movie_id)
        Filter: (kind_id < 7)
Planning time: 0.775 ms
Execution time: 837.800 ms
