Hash Join  (cost=153634.71..1022150.85 rows=240744 width=0) (actual time=8051.170..19751.409 rows=256795 loops=1)
  Hash Cond: (ci.movie_id = t.id)
  ->  Seq Scan on cast_info ci  (cost=0.00..796071.18 rows=6023071 width=4) (actual time=4958.425..13697.672 rows=7759591 loops=1)
        Filter: ((person_id < 1058419) AND (role_id < 3))
        Rows Removed by Filter: 28484753
  ->  Hash  (cost=151976.39..151976.39 rows=101066 width=8) (actual time=3091.571..3091.571 rows=47114 loops=1)
        Buckets: 131072  Batches: 2  Memory Usage: 1938kB
        ->  Hash Join  (cost=75533.21..151976.39 rows=101066 width=8) (actual time=1732.790..3074.635 rows=47114 loops=1)
              Hash Cond: (mc.movie_id = t.id)
              ->  Seq Scan on movie_companies mc  (cost=0.00..44881.29 rows=2609129 width=4) (actual time=0.012..870.657 rows=2609129 loops=1)
              ->  Hash  (cost=73925.90..73925.90 rows=97944 width=4) (actual time=1251.063..1251.063 rows=106247 loops=1)
                    Buckets: 131072  Batches: 2  Memory Usage: 2890kB
                    ->  Seq Scan on title t  (cost=0.00..73925.90 rows=97944 width=4) (actual time=0.025..1212.541 rows=106247 loops=1)
                          Filter: ((kind_id = 7) AND (production_year = 2011))
                          Rows Removed by Filter: 2422065
Planning time: 1.166 ms
Execution time: 19785.065 ms
