Hash Join  (cost=130175.09..494888.89 rows=5788 width=0) (actual time=2228.254..9781.352 rows=274049 loops=1)
  Hash Cond: (mi.movie_id = t.id)
  ->  Seq Scan on movie_info mi  (cost=0.00..309384.22 rows=14739122 width=4) (actual time=0.010..4545.208 rows=14835720 loops=1)
  ->  Hash  (cost=130162.67..130162.67 rows=993 width=8) (actual time=2227.571..2227.571 rows=4605 loops=1)
        Buckets: 8192 (originally 1024)  Batches: 1 (originally 1)  Memory Usage: 244kB
        ->  Hash Join  (cost=73950.44..130162.67 rows=993 width=8) (actual time=1091.041..2225.637 rows=4605 loops=1)
              Hash Cond: (mc.movie_id = t.id)
              ->  Seq Scan on movie_companies mc  (cost=0.00..51404.11 rows=1279517 width=4) (actual time=0.017..918.189 rows=1274246 loops=1)
                    Filter: (company_type_id = 1)
                    Rows Removed by Filter: 1334883
              ->  Hash  (cost=73925.90..73925.90 rows=1963 width=4) (actual time=1090.964..1090.964 rows=4281 loops=1)
                    Buckets: 8192 (originally 2048)  Batches: 1 (originally 1)  Memory Usage: 215kB
                    ->  Seq Scan on title t  (cost=0.00..73925.90 rows=1963 width=4) (actual time=0.251..1088.865 rows=4281 loops=1)
                          Filter: ((kind_id = 1) AND (production_year = 1978))
                          Rows Removed by Filter: 2524031
Planning time: 1.159 ms
Execution time: 9816.910 ms
