Hash Join  (cost=164097.85..991092.57 rows=394364 width=0) (actual time=3681.060..16116.445 rows=511440 loops=1)
  Hash Cond: (ci.movie_id = t.id)
  ->  Seq Scan on cast_info ci  (cost=0.00..796071.18 rows=2178639 width=4) (actual time=0.013..11616.436 rows=1315161 loops=1)
        Filter: ((person_id < 461522) AND (role_id > 2))
        Rows Removed by Filter: 34929183
  ->  Hash  (cost=156588.62..156588.62 rows=457699 width=8) (actual time=3679.343..3679.343 rows=668666 loops=1)
        Buckets: 131072 (originally 131072)  Batches: 16 (originally 8)  Memory Usage: 3073kB
        ->  Hash Join  (cost=80380.17..156588.62 rows=457699 width=8) (actual time=1370.252..3485.878 rows=668666 loops=1)
              Hash Cond: (mc.movie_id = t.id)
              ->  Seq Scan on movie_companies mc  (cost=0.00..51404.11 rows=1486224 width=4) (actual time=0.021..1043.454 rows=1488322 loops=1)
                    Filter: (company_id > 7851)
                    Rows Removed by Filter: 1120807
              ->  Hash  (cost=67604.59..67604.59 rows=778687 width=4) (actual time=1369.160..1369.160 rows=782677 loops=1)
                    Buckets: 131072  Batches: 16  Memory Usage: 2744kB
                    ->  Seq Scan on title t  (cost=0.00..67604.59 rows=778687 width=4) (actual time=0.024..1123.220 rows=782677 loops=1)
                          Filter: (production_year < 1994)
                          Rows Removed by Filter: 1745635
Planning time: 3.920 ms
Execution time: 16172.965 ms
