Hash Join  (cost=83074.23..447736.33 rows=621 width=0) (actual time=1462.915..8561.559 rows=164 loops=1)
  Hash Cond: (mi.movie_id = t.id)
  ->  Seq Scan on movie_info mi  (cost=0.00..309384.22 rows=14739122 width=4) (actual time=0.018..4502.160 rows=14835720 loops=1)
  ->  Hash  (cost=83072.90..83072.90 rows=106 width=8) (actual time=1382.900..1382.900 rows=13 loops=1)
        Buckets: 1024  Batches: 1  Memory Usage: 9kB
        ->  Nested Loop  (cost=0.43..83072.90 rows=106 width=8) (actual time=4.081..1382.868 rows=13 loops=1)
              ->  Seq Scan on movie_keyword mk  (cost=0.00..81003.12 rows=246 width=4) (actual time=4.045..1366.113 rows=457 loops=1)
                    Filter: (keyword_id = 15565)
                    Rows Removed by Filter: 4523473
              ->  Index Scan using title_pkey on title t  (cost=0.43..8.40 rows=1 width=4) (actual time=0.035..0.035 rows=0 loops=457)
                    Index Cond: (id = mk.movie_id)
                    Filter: ((production_year < 2009) AND (kind_id = 7))
                    Rows Removed by Filter: 1
Planning time: 1.198 ms
Execution time: 8561.831 ms
