Seq Scan on cast_info ci  (cost=0.00..796071.18 rows=6521384 width=0) (actual time=4205.191..10934.154 rows=2765408 loops=1)
  Filter: ((person_id < 968953) AND (role_id > 1))
  Rows Removed by Filter: 33478936
Planning time: 0.363 ms
Execution time: 11223.592 ms
