Seq Scan on cast_info ci  (cost=0.00..796071.18 rows=38 width=0) (actual time=1952.320..11170.357 rows=8 loops=1)
  Filter: ((person_id = 1620310) AND (role_id = 4))
  Rows Removed by Filter: 36244336
Planning time: 0.450 ms
Execution time: 11170.488 ms
