Hash Join  (cost=102767.86..199953.59 rows=1220972 width=0) (actual time=1882.741..5330.190 rows=1274246 loops=1)
  Hash Cond: (mc.movie_id = t.id)
  ->  Seq Scan on movie_companies mc  (cost=0.00..57926.93 rows=1220972 width=4) (actual time=0.021..1180.357 rows=1274246 loops=1)
        Filter: ((company_id < 146832) AND (company_type_id = 1))
        Rows Removed by Filter: 1334883
  ->  Hash  (cost=61283.27..61283.27 rows=2528527 width=4) (actual time=1881.675..1881.675 rows=2528312 loops=1)
        Buckets: 131072  Batches: 64  Memory Usage: 2415kB
        ->  Seq Scan on title t  (cost=0.00..61283.27 rows=2528527 width=4) (actual time=0.016..1049.961 rows=2528312 loops=1)
Planning time: 0.806 ms
Execution time: 5489.405 ms
