Hash Join  (cost=130145.17..887365.34 rows=643100 width=0) (actual time=2731.258..22688.632 rows=1996155 loops=1)
  Hash Cond: (ci.movie_id = t.id)
  ->  Seq Scan on cast_info ci  (cost=0.00..614943.12 rows=36225612 width=4) (actual time=0.026..9012.514 rows=36244344 loops=1)
  ->  Hash  (cost=129584.07..129584.07 rows=44888 width=8) (actual time=2730.779..2730.779 rows=45042 loops=1)
        Buckets: 65536  Batches: 1  Memory Usage: 2272kB
        ->  Hash Join  (cost=74469.67..129584.07 rows=44888 width=8) (actual time=1455.928..2713.013 rows=45042 loops=1)
              Hash Cond: (mc.movie_id = t.id)
              ->  Seq Scan on movie_companies mc  (cost=0.00..44881.29 rows=2609129 width=4) (actual time=0.013..717.237 rows=2609129 loops=1)
              ->  Hash  (cost=73925.90..73925.90 rows=43501 width=4) (actual time=1267.305..1267.305 rows=39560 loops=1)
                    Buckets: 65536  Batches: 1  Memory Usage: 1903kB
                    ->  Seq Scan on title t  (cost=0.00..73925.90 rows=43501 width=4) (actual time=608.669..1252.042 rows=39560 loops=1)
                          Filter: ((kind_id = 1) AND (production_year = 2012))
                          Rows Removed by Filter: 2488752
Planning time: 1.223 ms
Execution time: 22948.519 ms
