Hash Join  (cost=481915.06..1273358.61 rows=1872586 width=0) (actual time=10019.621..28957.078 rows=17386064 loops=1)
  Hash Cond: (ci.movie_id = t.id)
  ->  Seq Scan on cast_info ci  (cost=0.00..705507.15 rows=5523078 width=4) (actual time=341.447..12090.842 rows=5442749 loops=1)
        Filter: (person_id < 525055)
        Rows Removed by Filter: 30801595
  ->  Hash  (cost=467849.92..467849.92 rows=857291 width=8) (actual time=9676.642..9676.642 rows=1863158 loops=1)
        Buckets: 131072 (originally 131072)  Batches: 32 (originally 16)  Memory Usage: 3160kB
        ->  Hash Join  (cost=83810.17..467849.92 rows=857291 width=8) (actual time=3874.544..9173.519 rows=1863158 loops=1)
              Hash Cond: (mi.movie_id = t.id)
              ->  Seq Scan on movie_info mi  (cost=0.00..346232.03 rows=2194617 width=4) (actual time=1993.420..5664.434 rows=2233850 loops=1)
                    Filter: (info_type_id > 16)
                    Rows Removed by Filter: 12601870
              ->  Hash  (cost=67604.59..67604.59 rows=987727 width=4) (actual time=1791.031..1791.031 rows=985048 loops=1)
                    Buckets: 131072  Batches: 16  Memory Usage: 3197kB
                    ->  Seq Scan on title t  (cost=0.00..67604.59 rows=987727 width=4) (actual time=0.030..1233.274 rows=985048 loops=1)
                          Filter: (kind_id < 7)
                          Rows Removed by Filter: 1543264
Planning time: 0.790 ms
Execution time: 30819.803 ms
