Hash Join  (cost=94642.16..149321.68 rows=1399 width=0) (actual time=4543.172..7914.109 rows=14652 loops=1)
  Hash Cond: (mc.movie_id = t.id)
  ->  Seq Scan on movie_companies mc  (cost=0.00..44881.29 rows=2609129 width=4) (actual time=0.032..2631.214 rows=2609129 loops=1)
  ->  Hash  (cost=94625.21..94625.21 rows=1356 width=8) (actual time=4543.005..4543.005 rows=5064 loops=1)
        Buckets: 8192 (originally 2048)  Batches: 1 (originally 1)  Memory Usage: 262kB
        ->  Hash Join  (cost=67697.55..94625.21 rows=1356 width=8) (actual time=3254.268..4540.352 rows=5064 loops=1)
              Hash Cond: (mi_idx.movie_id = t.id)
              ->  Seq Scan on movie_info_idx mi_idx  (cost=0.00..25185.44 rows=460978 width=4) (actual time=0.020..1133.222 rows=459925 loops=1)
                    Filter: (info_type_id = 99)
                    Rows Removed by Filter: 920110
              ->  Hash  (cost=67604.59..67604.59 rows=7437 width=4) (actual time=3254.160..3254.160 rows=19861 loops=1)
                    Buckets: 32768 (originally 8192)  Batches: 1 (originally 1)  Memory Usage: 955kB
                    ->  Seq Scan on title t  (cost=0.00..67604.59 rows=7437 width=4) (actual time=0.085..3243.832 rows=19861 loops=1)
                          Filter: (production_year = 1988)
                          Rows Removed by Filter: 2508451
Planning time: 1.183 ms
Execution time: 7917.056 ms
