Hash Join  (cost=83709.60..600604.42 rows=3475889 width=0) (actual time=4089.773..31255.277 rows=5515763 loops=1)
  Hash Cond: (mi.movie_id = t.id)
  ->  Seq Scan on movie_info mi  (cost=0.00..309384.22 rows=14739122 width=4) (actual time=0.020..16818.115 rows=14835720 loops=1)
  ->  Hash  (cost=73925.90..73925.90 rows=596296 width=4) (actual time=4088.829..4088.829 rows=465211 loops=1)
        Buckets: 131072  Batches: 8  Memory Usage: 3079kB
        ->  Seq Scan on title t  (cost=0.00..73925.90 rows=596296 width=4) (actual time=0.018..3893.086 rows=465211 loops=1)
              Filter: ((kind_id < 4) AND (production_year > 1990))
              Rows Removed by Filter: 2063101
Planning time: 0.742 ms
Execution time: 31993.269 ms
