Hash Join  (cost=102767.86..957854.19 rows=5805734 width=0) (actual time=6270.602..46671.691 rows=5837536 loops=1)
  Hash Cond: (ci.movie_id = t.id)
  ->  Seq Scan on cast_info ci  (cost=0.00..705507.15 rows=5805734 width=4) (actual time=0.027..33910.680 rows=5837536 loops=1)
        Filter: (person_id > 3060506)
        Rows Removed by Filter: 30406808
  ->  Hash  (cost=61283.27..61283.27 rows=2528527 width=4) (actual time=6261.826..6261.826 rows=2528312 loops=1)
        Buckets: 131072  Batches: 64  Memory Usage: 2415kB
        ->  Seq Scan on title t  (cost=0.00..61283.27 rows=2528527 width=4) (actual time=0.010..4561.683 rows=2528312 loops=1)
Planning time: 10.202 ms
Execution time: 47385.521 ms
