Hash Join  (cost=77854.63..145357.24 rows=65391 width=0) (actual time=5336.346..7748.038 rows=41682 loops=1)
  Hash Cond: (mc.movie_id = t.id)
  ->  Seq Scan on movie_companies mc  (cost=0.00..57926.93 rows=690603 width=4) (actual time=0.011..3314.287 rows=948227 loops=1)
        Filter: ((company_id < 12167) AND (company_type_id = 1))
        Rows Removed by Filter: 1660902
  ->  Hash  (cost=73925.90..73925.90 rows=239418 width=4) (actual time=3883.081..3883.081 rows=256906 loops=1)
        Buckets: 131072  Batches: 4  Memory Usage: 3296kB
        ->  Seq Scan on title t  (cost=0.00..73925.90 rows=239418 width=4) (actual time=0.023..3752.530 rows=256906 loops=1)
              Filter: ((production_year > 2010) AND (kind_id = 7))
              Rows Removed by Filter: 2271406
Planning time: 0.697 ms
Execution time: 7753.071 ms
