Hash Join  (cost=119014.15..1101589.65 rows=965477 width=0) (actual time=5914.852..62445.727 rows=2872314 loops=1)
  Hash Cond: (ci.movie_id = t.id)
  ->  Seq Scan on cast_info ci  (cost=0.00..705507.15 rows=23091893 width=4) (actual time=0.025..42337.269 rows=23153527 loops=1)
        Filter: (person_id > 1292565)
        Rows Removed by Filter: 13090817
  ->  Hash  (cost=117279.68..117279.68 rows=105718 width=8) (actual time=5914.031..5914.031 rows=160520 loops=1)
        Buckets: 131072 (originally 131072)  Batches: 4 (originally 2)  Memory Usage: 3073kB
        ->  Hash Join  (cost=83440.39..117279.68 rows=105718 width=8) (actual time=3666.524..5846.080 rows=160520 loops=1)
              Hash Cond: (mi_idx.movie_id = t.id)
              ->  Seq Scan on movie_info_idx mi_idx  (cost=0.00..25185.44 rows=460978 width=4) (actual time=0.017..1222.051 rows=459925 loops=1)
                    Filter: (info_type_id = 99)
                    Rows Removed by Filter: 920110
              ->  Hash  (cost=73925.90..73925.90 rows=579879 width=4) (actual time=3665.621..3665.621 rows=492958 loops=1)
                    Buckets: 131072  Batches: 8  Memory Usage: 3188kB
                    ->  Seq Scan on title t  (cost=0.00..73925.90 rows=579879 width=4) (actual time=0.019..3214.381 rows=492958 loops=1)
                          Filter: ((kind_id < 7) AND (production_year > 1998))
                          Rows Removed by Filter: 2035354
Planning time: 0.992 ms
Execution time: 62891.725 ms
