Hash Join  (cost=98120.01..1348953.52 rows=21126935 width=0) (actual time=1939.344..60096.571 rows=21053933 loops=1)
  Hash Cond: (ci.movie_id = t.id)
  ->  Seq Scan on cast_info ci  (cost=0.00..614943.12 rows=36225612 width=4) (actual time=0.026..28485.679 rows=36244344 loops=1)
  ->  Hash  (cost=73925.90..73925.90 rows=1474648 width=4) (actual time=1938.527..1938.527 rows=1478439 loops=1)
        Buckets: 131072  Batches: 32  Memory Usage: 2651kB
        ->  Seq Scan on title t  (cost=0.00..73925.90 rows=1474648 width=4) (actual time=0.027..1472.996 rows=1478439 loops=1)
              Filter: ((production_year > 1912) AND (kind_id = 7))
              Rows Removed by Filter: 1049873
Planning time: 0.764 ms
Execution time: 62722.849 ms
