Hash Join  (cost=133569.90..887633.59 rows=83382 width=0) (actual time=25296.637..49236.278 rows=28883 loops=1)
  Hash Cond: (ci.movie_id = t.id)
  ->  Seq Scan on cast_info ci  (cost=0.00..705507.15 rows=12726058 width=4) (actual time=18877.074..39835.345 rows=12670688 loops=1)
        Filter: (role_id = 1)
        Rows Removed by Filter: 23573656
  ->  Hash  (cost=133362.81..133362.81 rows=16567 width=8) (actual time=6411.327..6411.327 rows=2766 loops=1)
        Buckets: 32768  Batches: 1  Memory Usage: 365kB
        ->  Hash Join  (cost=78473.92..133362.81 rows=16567 width=8) (actual time=4490.423..6409.828 rows=2766 loops=1)
              Hash Cond: (mc.movie_id = t.id)
              ->  Seq Scan on movie_companies mc  (cost=0.00..51404.11 rows=63228 width=4) (actual time=0.062..1675.797 rows=62075 loops=1)
                    Filter: (company_id = 6)
                    Rows Removed by Filter: 2547054
              ->  Hash  (cost=67604.59..67604.59 rows=662507 width=4) (actual time=4389.922..4389.922 rows=662065 loops=1)
                    Buckets: 131072  Batches: 16  Memory Usage: 2481kB
                    ->  Seq Scan on title t  (cost=0.00..67604.59 rows=662507 width=4) (actual time=0.025..4106.935 rows=662065 loops=1)
                          Filter: (production_year > 2008)
                          Rows Removed by Filter: 1866247
Planning time: 6.295 ms
Execution time: 49242.343 ms
