Hash Join  (cost=709675.59..1067415.71 rows=237 width=211) (actual time=17426.766..17905.192 rows=74 loops=1)
  Hash Cond: (mi.movie_id = t.id)
  ->  Seq Scan on movie_info mi  (cost=0.00..346232.03 rows=3068194 width=75) (actual time=4803.887..5651.424 rows=3036719 loops=1)
        Filter: (info_type_id = 16)
        Rows Removed by Filter: 11799001
  ->  Hash  (cost=709673.15..709673.15 rows=195 width=136) (actual time=11972.241..11972.241 rows=20 loops=1)
        Buckets: 1024  Batches: 1  Memory Usage: 11kB
        ->  Nested Loop  (cost=0.43..709673.15 rows=195 width=136) (actual time=2282.168..11972.137 rows=20 loops=1)
              ->  Seq Scan on cast_info ci  (cost=0.00..705507.15 rows=500 width=42) (actual time=2282.071..11970.409 rows=83 loops=1)
                    Filter: (person_id = 988900)
                    Rows Removed by Filter: 36244261
              ->  Index Scan using title_pkey on title t  (cost=0.43..8.32 rows=1 width=94) (actual time=0.019..0.020 rows=0 loops=83)
                    Index Cond: (id = ci.movie_id)
                    Filter: (kind_id < 7)
                    Rows Removed by Filter: 1
Planning time: 1.368 ms
Execution time: 17905.336 ms
