Hash Join  (cost=90416.96..1272148.87 rows=14400175 width=0) (actual time=3541.122..77945.148 rows=16153817 loops=1)
  Hash Cond: (ci.movie_id = t.id)
  ->  Seq Scan on cast_info ci  (cost=0.00..614943.12 rows=36225612 width=4) (actual time=0.011..44228.208 rows=36244344 loops=1)
  ->  Hash  (cost=73925.90..73925.90 rows=1005124 width=4) (actual time=3539.967..3539.967 rows=1099095 loops=1)
        Buckets: 131072  Batches: 16  Memory Usage: 3447kB
        ->  Seq Scan on title t  (cost=0.00..73925.90 rows=1005124 width=4) (actual time=0.023..3159.634 rows=1099095 loops=1)
              Filter: ((production_year > 1994) AND (kind_id = 7))
              Rows Removed by Filter: 1429217
Planning time: 0.787 ms
Execution time: 80169.672 ms
