Seq Scan on cast_info ci  (cost=0.00..705507.15 rows=14004950 width=0) (actual time=269.492..36071.051 rows=13982351 loops=1)
  Filter: (person_id < 1377627)
  Rows Removed by Filter: 22261993
Planning time: 0.300 ms
Execution time: 38280.876 ms
