Hash Join  (cost=79677.10..473190.29 rows=892844 width=0) (actual time=5654.411..9077.235 rows=841331 loops=1)
  Hash Cond: (mi.movie_id = t.id)
  ->  Seq Scan on movie_info mi  (cost=0.00..346232.03 rows=3068194 width=4) (actual time=3953.063..5554.400 rows=3036719 loops=1)
        Filter: (info_type_id = 16)
        Rows Removed by Filter: 11799001
  ->  Hash  (cost=67604.59..67604.59 rows=735801 width=4) (actual time=1700.116..1700.116 rows=730985 loops=1)
        Buckets: 131072  Batches: 16  Memory Usage: 2638kB
        ->  Seq Scan on title t  (cost=0.00..67604.59 rows=735801 width=4) (actual time=0.020..1293.705 rows=730985 loops=1)
              Filter: (production_year < 1992)
              Rows Removed by Filter: 1797327
Planning time: 0.629 ms
Execution time: 9184.784 ms
