Nested Loop  (cost=0.43..83072.29 rows=194 width=0) (actual time=0.926..3741.367 rows=1254 loops=1)
  ->  Seq Scan on movie_keyword mk  (cost=0.00..81003.12 rows=246 width=4) (actual time=0.846..3386.588 rows=1922 loops=1)
        Filter: (keyword_id = 3338)
        Rows Removed by Filter: 4522008
  ->  Index Scan using title_pkey on title t  (cost=0.43..8.40 rows=1 width=4) (actual time=0.183..0.183 rows=1 loops=1922)
        Index Cond: (id = mk.movie_id)
        Filter: (production_year > 1976)
        Rows Removed by Filter: 0
Planning time: 0.743 ms
Execution time: 3742.132 ms
