Hash Join  (cost=70342.62..107365.66 rows=60397 width=0) (actual time=3613.080..5699.986 rows=57750 loops=1)
  Hash Cond: (mi_idx.movie_id = t.id)
  ->  Seq Scan on movie_info_idx mi_idx  (cost=0.00..25185.44 rows=915101 width=4) (actual time=10.100..1548.835 rows=919850 loops=1)
        Filter: (info_type_id < 101)
        Rows Removed by Filter: 460185
  ->  Hash  (cost=67604.59..67604.59 rows=166883 width=4) (actual time=3602.147..3602.147 rows=168947 loops=1)
        Buckets: 131072  Batches: 4  Memory Usage: 2507kB
        ->  Seq Scan on title t  (cost=0.00..67604.59 rows=166883 width=4) (actual time=0.020..3228.410 rows=168947 loops=1)
              Filter: (production_year < 1951)
              Rows Removed by Filter: 2359365
Planning time: 0.737 ms
Execution time: 5721.503 ms
