Seq Scan on cast_info ci  (cost=0.00..705507.15 rows=33328008 width=0) (actual time=0.026..38557.318 rows=33288069 loops=1)
  Filter: (person_id < 3510540)
  Rows Removed by Filter: 2956275
Planning time: 0.365 ms
Execution time: 43814.920 ms
