Hash Join  (cost=247611.69..1193822.24 rows=7376313 width=0) (actual time=8937.887..61220.782 rows=25450865 loops=1)
  Hash Cond: (ci.movie_id = t.id)
  ->  Seq Scan on cast_info ci  (cost=0.00..705507.15 rows=13987538 width=4) (actual time=0.020..34830.004 rows=13962096 loops=1)
        Filter: (person_id < 1376116)
        Rows Removed by Filter: 22282248
  ->  Hash  (cost=225734.99..225734.99 rows=1333416 width=8) (actual time=8934.860..8934.860 rows=1347394 loops=1)
        Buckets: 131072  Batches: 32  Memory Usage: 2659kB
        ->  Hash Join  (cost=102767.86..225734.99 rows=1333416 width=8) (actual time=3857.830..8570.687 rows=1347394 loops=1)
              Hash Cond: (mk.movie_id = t.id)
              ->  Seq Scan on movie_keyword mk  (cost=0.00..81003.12 rows=1333416 width=4) (actual time=0.023..3226.523 rows=1347394 loops=1)
                    Filter: (keyword_id > 12640)
                    Rows Removed by Filter: 3176536
              ->  Hash  (cost=61283.27..61283.27 rows=2528527 width=4) (actual time=3853.341..3853.341 rows=2528312 loops=1)
                    Buckets: 131072  Batches: 64  Memory Usage: 2425kB
                    ->  Seq Scan on title t  (cost=0.00..61283.27 rows=2528527 width=4) (actual time=0.011..2903.235 rows=2528312 loops=1)
Planning time: 1.222 ms
Execution time: 64380.737 ms
