Hash Join  (cost=273069.66..898365.20 rows=11908472 width=0) (actual time=10071.468..42636.754 rows=5101028 loops=1)
  Hash Cond: (mi.movie_id = t.id)
  ->  Seq Scan on movie_info mi  (cost=0.00..309384.22 rows=14739122 width=4) (actual time=0.023..21705.482 rows=14835720 loops=1)
  ->  Hash  (cost=239552.12..239552.12 rows=2042923 width=8) (actual time=10070.024..10070.024 rows=511834 loops=1)
        Buckets: 131072  Batches: 32  Memory Usage: 1662kB
        ->  Hash Join  (cost=92659.85..239552.12 rows=2042923 width=8) (actual time=6604.150..9899.537 rows=511834 loops=1)
              Hash Cond: (mk.movie_id = t.id)
              ->  Seq Scan on movie_keyword mk  (cost=0.00..69693.30 rows=4523930 width=4) (actual time=0.019..3723.507 rows=4523930 loops=1)
              ->  Hash  (cost=73925.90..73925.90 rows=1141836 width=4) (actual time=3504.250..3504.250 rows=1235288 loops=1)
                    Buckets: 131072  Batches: 16  Memory Usage: 3756kB
                    ->  Seq Scan on title t  (cost=0.00..73925.90 rows=1141836 width=4) (actual time=160.035..3035.865 rows=1235288 loops=1)
                          Filter: ((production_year > 1984) AND (kind_id = 7))
                          Rows Removed by Filter: 1293024
Planning time: 1.572 ms
Execution time: 43310.163 ms
