Seq Scan on movie_companies mc  (cost=0.00..57926.93 rows=53 width=0) (actual time=977.631..2484.157 rows=1 loops=1)
  Filter: ((company_type_id > 1) AND (company_id = 16836))
  Rows Removed by Filter: 2609128
Planning time: 0.374 ms
Execution time: 2484.247 ms
