Hash Join  (cost=77134.53..595931.31 rows=1077166 width=0) (actual time=3975.664..35782.958 rows=3316489 loops=1)
  Hash Cond: (mi.movie_id = t.id)
  ->  Seq Scan on movie_info mi  (cost=0.00..346232.03 rows=13926693 width=4) (actual time=0.012..22729.582 rows=13963496 loops=1)
        Filter: (info_type_id < 98)
        Rows Removed by Filter: 872224
  ->  Hash  (cost=73925.90..73925.90 rows=195570 width=4) (actual time=3974.586..3974.586 rows=300646 loops=1)
        Buckets: 131072  Batches: 4  Memory Usage: 3676kB
        ->  Seq Scan on title t  (cost=0.00..73925.90 rows=195570 width=4) (actual time=0.116..3854.755 rows=300646 loops=1)
              Filter: ((kind_id < 7) AND (production_year < 1979))
              Rows Removed by Filter: 2227666
Planning time: 0.725 ms
Execution time: 36188.756 ms
