Hash Join  (cost=79374.89..888606.34 rows=120982 width=0) (actual time=13634.942..37686.948 rows=112829 loops=1)
  Hash Cond: (ci.movie_id = t.id)
  ->  Seq Scan on cast_info ci  (cost=0.00..796071.18 rows=921187 width=4) (actual time=9959.894..33416.103 rows=1045557 loops=1)
        Filter: ((person_id < 130872) AND (role_id < 4))
        Rows Removed by Filter: 35198787
  ->  Hash  (cost=73925.90..73925.90 rows=332079 width=4) (actual time=3674.004..3674.004 rows=269283 loops=1)
        Buckets: 131072  Batches: 8  Memory Usage: 2207kB
        ->  Seq Scan on title t  (cost=0.00..73925.90 rows=332079 width=4) (actual time=5.669..3429.419 rows=269283 loops=1)
              Filter: ((kind_id < 3) AND (production_year > 2004))
              Rows Removed by Filter: 2259029
Planning time: 0.772 ms
Execution time: 37702.850 ms
