Hash Join  (cost=225255.37..1015930.64 rows=2721762 width=0) (actual time=5436.962..20998.943 rows=3716939 loops=1)
  Hash Cond: (ci.movie_id = t.id)
  ->  Seq Scan on cast_info ci  (cost=0.00..705507.15 rows=3998100 width=4) (actual time=348.290..13238.003 rows=4008037 loops=1)
        Filter: (role_id = 3)
        Rows Removed by Filter: 32236307
  ->  Hash  (cost=197014.75..197014.75 rows=1721330 width=8) (actual time=5087.316..5087.316 rows=906814 loops=1)
        Buckets: 131072  Batches: 32  Memory Usage: 2105kB
        ->  Hash Join  (cost=94973.51..197014.75 rows=1721330 width=8) (actual time=1853.556..4569.431 rows=906814 loops=1)
              Hash Cond: (mc.movie_id = t.id)
              ->  Seq Scan on movie_companies mc  (cost=0.00..44881.29 rows=2609129 width=4) (actual time=0.020..884.004 rows=2609129 loops=1)
              ->  Hash  (cost=67604.59..67604.59 rows=1668154 width=4) (actual time=1851.875..1851.875 rows=1674098 loops=1)
                    Buckets: 131072  Batches: 32  Memory Usage: 2869kB
                    ->  Seq Scan on title t  (cost=0.00..67604.59 rows=1668154 width=4) (actual time=0.018..1304.823 rows=1674098 loops=1)
                          Filter: (kind_id > 3)
                          Rows Removed by Filter: 854214
Planning time: 1.310 ms
Execution time: 21350.328 ms
