Seq Scan on movie_companies mc  (cost=0.00..51404.11 rows=104 width=0) (actual time=469.054..2049.683 rows=20 loops=1)
  Filter: (company_id = 13859)
  Rows Removed by Filter: 2609109
Planning time: 0.401 ms
Execution time: 2049.778 ms
