Seq Scan on movie_info mi  (cost=0.00..346232.03 rows=17937 width=0) (actual time=3404.727..16142.108 rows=6592 loops=1)
  Filter: (info_type_id = 63)
  Rows Removed by Filter: 14829128
Planning time: 0.367 ms
Execution time: 16143.160 ms
