Hash Join  (cost=190230.21..1422650.75 rows=16723451 width=0) (actual time=9617.031..88806.374 rows=33940368 loops=1)
  Hash Cond: (ci.movie_id = t.id)
  ->  Seq Scan on cast_info ci  (cost=0.00..705507.15 rows=30641033 width=4) (actual time=0.026..47299.595 rows=30589654 loops=1)
        Filter: (person_id < 3084806)
        Rows Removed by Filter: 5654690
  ->  Hash  (cost=167588.78..167588.78 rows=1380035 width=8) (actual time=9616.153..9616.153 rows=1380035 loops=1)
        Buckets: 131072  Batches: 32  Memory Usage: 2708kB
        ->  Hash Join  (cost=102767.86..167588.78 rows=1380035 width=8) (actual time=5322.976..9109.430 rows=1380035 loops=1)
              Hash Cond: (mi_idx.movie_id = t.id)
              ->  Seq Scan on movie_info_idx mi_idx  (cost=0.00..21735.35 rows=1380035 width=4) (actual time=0.024..1652.933 rows=1380035 loops=1)
              ->  Hash  (cost=61283.27..61283.27 rows=2528527 width=4) (actual time=5312.051..5312.051 rows=2528312 loops=1)
                    Buckets: 131072  Batches: 64  Memory Usage: 2415kB
                    ->  Seq Scan on title t  (cost=0.00..61283.27 rows=2528527 width=4) (actual time=0.011..4172.606 rows=2528312 loops=1)
Planning time: 1.170 ms
Execution time: 93093.437 ms
