Hash Join  (cost=197434.22..273814.23 rows=96449 width=0) (actual time=10325.518..15087.085 rows=600446 loops=1)
  Hash Cond: (mc.movie_id = t.id)
  ->  Seq Scan on movie_companies mc  (cost=0.00..44881.29 rows=2609129 width=4) (actual time=0.014..3131.121 rows=2609129 loops=1)
  ->  Hash  (cost=195899.85..195899.85 rows=93469 width=8) (actual time=10324.725..10324.725 rows=102400 loops=1)
        Buckets: 131072  Batches: 2  Memory Usage: 3045kB
        ->  Hash Join  (cost=102767.86..195899.85 rows=93469 width=8) (actual time=5844.015..10287.251 rows=102400 loops=1)
              Hash Cond: (mk.movie_id = t.id)
              ->  Seq Scan on movie_keyword mk  (cost=0.00..81003.12 rows=93469 width=4) (actual time=0.036..3913.244 rows=102400 loops=1)
                    Filter: (keyword_id < 103)
                    Rows Removed by Filter: 4421530
              ->  Hash  (cost=61283.27..61283.27 rows=2528527 width=4) (actual time=5825.343..5825.343 rows=2528312 loops=1)
                    Buckets: 131072  Batches: 64  Memory Usage: 2425kB
                    ->  Seq Scan on title t  (cost=0.00..61283.27 rows=2528527 width=4) (actual time=0.014..4713.664 rows=2528312 loops=1)
Planning time: 2.301 ms
Execution time: 15157.964 ms
