Hash Join  (cost=239365.95..863699.54 rows=11818376 width=0) (actual time=12712.612..61653.231 rows=51218045 loops=1)
  Hash Cond: (mi.movie_id = t.id)
  ->  Seq Scan on movie_info mi  (cost=0.00..309384.22 rows=14739122 width=4) (actual time=0.012..23544.802 rows=14835720 loops=1)
  ->  Hash  (cost=206102.62..206102.62 rows=2027467 width=8) (actual time=12711.449..12711.449 rows=1763897 loops=1)
        Buckets: 131072  Batches: 32  Memory Usage: 3224kB
        ->  Hash Join  (cost=99841.01..206102.62 rows=2027467 width=8) (actual time=5926.863..12123.496 rows=1763897 loops=1)
              Hash Cond: (mc.movie_id = t.id)
              ->  Seq Scan on movie_companies mc  (cost=0.00..44881.29 rows=2609129 width=4) (actual time=0.023..3134.696 rows=2609129 loops=1)
              ->  Hash  (cost=67604.59..67604.59 rows=1964834 width=4) (actual time=5925.266..5925.266 rows=1962189 loops=1)
                    Buckets: 131072  Batches: 32  Memory Usage: 3187kB
                    ->  Seq Scan on title t  (cost=0.00..67604.59 rows=1964834 width=4) (actual time=0.011..5079.834 rows=1962189 loops=1)
                          Filter: (production_year > 1978)
                          Rows Removed by Filter: 566123
Planning time: 1.216 ms
Execution time: 68607.844 ms
