Seq Scan on movie_keyword mk  (cost=0.00..81003.12 rows=866717 width=0) (actual time=0.020..4118.847 rows=866635 loops=1)
  Filter: (keyword_id < 825)
  Rows Removed by Filter: 3657295
Planning time: 0.320 ms
Execution time: 4271.758 ms
