Hash Join  (cost=172827.17..302181.32 rows=603411 width=0) (actual time=8050.389..15439.420 rows=364210 loops=1)
  Hash Cond: (mk.movie_id = t.id)
  ->  Seq Scan on movie_keyword mk  (cost=0.00..69693.30 rows=4523930 width=4) (actual time=0.016..4307.982 rows=4523930 loops=1)
  ->  Hash  (cost=167293.42..167293.42 rows=337260 width=8) (actual time=8049.027..8049.027 rows=197908 loops=1)
        Buckets: 131072  Batches: 8  Memory Usage: 1996kB
        ->  Hash Join  (cost=92883.59..167293.42 rows=337260 width=8) (actual time=3423.108..7986.807 rows=197908 loops=1)
              Hash Cond: (mc.movie_id = t.id)
              ->  Seq Scan on movie_companies mc  (cost=0.00..57926.93 rows=553460 width=4) (actual time=0.016..3089.306 rows=850157 loops=1)
                    Filter: ((company_id > 14075) AND (company_type_id > 1))
                    Rows Removed by Filter: 1758972
              ->  Hash  (cost=67604.59..67604.59 rows=1540800 width=4) (actual time=3422.138..3422.138 rows=1543264 loops=1)
                    Buckets: 131072  Batches: 32  Memory Usage: 2722kB
                    ->  Seq Scan on title t  (cost=0.00..67604.59 rows=1540800 width=4) (actual time=0.030..2831.503 rows=1543264 loops=1)
                          Filter: (kind_id = 7)
                          Rows Removed by Filter: 985048
Planning time: 11.310 ms
Execution time: 15483.254 ms
