Hash Join  (cost=175027.18..292937.71 rows=796788 width=0) (actual time=8360.783..15249.484 rows=3327611 loops=1)
  Hash Cond: (mk.movie_id = t.id)
  ->  Seq Scan on movie_keyword mk  (cost=0.00..81003.12 rows=2192138 width=4) (actual time=0.030..4220.034 rows=2192863 loops=1)
        Filter: (keyword_id < 4344)
        Rows Removed by Filter: 2331067
  ->  Hash  (cost=159947.97..159947.97 rows=919057 width=8) (actual time=8359.474..8359.474 rows=920110 loops=1)
        Buckets: 131072  Batches: 16  Memory Usage: 3283kB
        ->  Hash Join  (cost=102767.86..159947.97 rows=919057 width=8) (actual time=5509.499..8066.759 rows=920110 loops=1)
              Hash Cond: (mi_idx.movie_id = t.id)
              ->  Seq Scan on movie_info_idx mi_idx  (cost=0.00..25185.44 rows=919057 width=4) (actual time=0.021..1302.664 rows=920110 loops=1)
                    Filter: (info_type_id > 99)
                    Rows Removed by Filter: 459925
              ->  Hash  (cost=61283.27..61283.27 rows=2528527 width=4) (actual time=5508.041..5508.041 rows=2528312 loops=1)
                    Buckets: 131072  Batches: 64  Memory Usage: 2415kB
                    ->  Seq Scan on title t  (cost=0.00..61283.27 rows=2528527 width=4) (actual time=0.009..4175.234 rows=2528312 loops=1)
Planning time: 16.936 ms
Execution time: 15635.476 ms
