Hash Join  (cost=162098.80..299339.99 rows=1250815 width=0) (actual time=7052.235..13386.442 rows=6348729 loops=1)
  Hash Cond: (mk.movie_id = t.id)
  ->  Seq Scan on movie_keyword mk  (cost=0.00..69693.30 rows=4523930 width=4) (actual time=0.024..2736.605 rows=4523930 loops=1)
  ->  Hash  (cost=150628.94..150628.94 rows=699109 width=8) (actual time=7051.473..7051.473 rows=791844 loops=1)
        Buckets: 131072  Batches: 16  Memory Usage: 2974kB
        ->  Hash Join  (cost=99161.12..150628.94 rows=699109 width=8) (actual time=4732.267..6814.981 rows=791844 loops=1)
              Hash Cond: (mi_idx.movie_id = t.id)
              ->  Seq Scan on movie_info_idx mi_idx  (cost=0.00..25185.44 rows=919057 width=4) (actual time=0.025..1055.408 rows=920110 loops=1)
                    Filter: (info_type_id > 99)
                    Rows Removed by Filter: 459925
              ->  Hash  (cost=67604.59..67604.59 rows=1923403 width=4) (actual time=4731.595..4731.595 rows=1922849 loops=1)
                    Buckets: 131072  Batches: 32  Memory Usage: 3132kB
                    ->  Seq Scan on title t  (cost=0.00..67604.59 rows=1923403 width=4) (actual time=0.012..3904.794 rows=1922849 loops=1)
                          Filter: (production_year < 2010)
                          Rows Removed by Filter: 605463
Planning time: 1.087 ms
Execution time: 14124.513 ms
