Hash Join  (cost=114767.63..211451.86 rows=59918 width=0) (actual time=5673.223..9775.292 rows=680469 loops=1)
  Hash Cond: (mk.movie_id = t.id)
  ->  Seq Scan on movie_keyword mk  (cost=0.00..81003.12 rows=1263713 width=4) (actual time=0.016..3732.558 rows=1273944 loops=1)
        Filter: (keyword_id > 13967)
        Rows Removed by Filter: 3249986
  ->  Hash  (cost=112800.02..112800.02 rows=119889 width=8) (actual time=5185.110..5185.110 rows=209880 loops=1)
        Buckets: 131072 (originally 131072)  Batches: 4 (originally 2)  Memory Usage: 3084kB
        ->  Hash Join  (cost=78556.72..112800.02 rows=119889 width=8) (actual time=3446.381..5110.740 rows=209880 loops=1)
              Hash Cond: (mi_idx.movie_id = t.id)
              ->  Seq Scan on movie_info_idx mi_idx  (cost=0.00..25185.44 rows=454124 width=4) (actual time=0.023..1235.389 rows=459925 loops=1)
                    Filter: (info_type_id = 100)
                    Rows Removed by Filter: 920110
              ->  Hash  (cost=67604.59..67604.59 rows=667531 width=4) (actual time=3445.489..3445.489 rows=662825 loops=1)
                    Buckets: 131072  Batches: 16  Memory Usage: 2476kB
                    ->  Seq Scan on title t  (cost=0.00..67604.59 rows=667531 width=4) (actual time=0.013..3198.490 rows=662825 loops=1)
                          Filter: (kind_id = 1)
                          Rows Removed by Filter: 1865487
Planning time: 4.021 ms
Execution time: 9856.859 ms
