Seq Scan on cast_info ci  (cost=0.00..796071.18 rows=1859225 width=0) (actual time=5756.073..14507.292 rows=1400476 loops=1)
  Filter: ((person_id < 2531133) AND (role_id = 4))
  Rows Removed by Filter: 34843868
Planning time: 0.378 ms
Execution time: 14668.781 ms
