Hash Join  (cost=883283.61..1007799.85 rows=206320 width=0) (actual time=40718.564..47304.117 rows=204271 loops=1)
  Hash Cond: (mk.movie_id = t.id)
  ->  Seq Scan on movie_keyword mk  (cost=0.00..69693.30 rows=4523930 width=4) (actual time=0.024..4790.003 rows=4523930 loops=1)
  ->  Hash  (cost=881391.15..881391.15 rows=115317 width=8) (actual time=40717.506..40717.506 rows=152349 loops=1)
        Buckets: 131072  Batches: 2  Memory Usage: 3990kB
        ->  Hash Join  (cost=74050.79..881391.15 rows=115317 width=8) (actual time=7249.389..40666.578 rows=152349 loops=1)
              Hash Cond: (ci.movie_id = t.id)
              ->  Seq Scan on cast_info ci  (cost=0.00..796071.18 rows=742137 width=4) (actual time=4463.020..37393.728 rows=819508 loops=1)
                    Filter: ((person_id > 590001) AND (role_id = 5))
                    Rows Removed by Filter: 35424836
              ->  Hash  (cost=67604.59..67604.59 rows=392896 width=4) (actual time=2785.592..2785.592 rows=391666 loops=1)
                    Buckets: 131072  Batches: 8  Memory Usage: 2753kB
                    ->  Seq Scan on title t  (cost=0.00..67604.59 rows=392896 width=4) (actual time=0.034..2646.016 rows=391666 loops=1)
                          Filter: (production_year > 2010)
                          Rows Removed by Filter: 2136646
Planning time: 1.173 ms
Execution time: 47339.451 ms
