Hash Join  (cost=481673.35..1628847.87 rows=11036130 width=0) (actual time=22847.433..82551.444 rows=7519534 loops=1)
  Hash Cond: (ci.movie_id = t.id)
  ->  Seq Scan on cast_info ci  (cost=0.00..614943.12 rows=36225612 width=4) (actual time=0.013..36784.039 rows=36244344 loops=1)
  ->  Hash  (cost=469034.40..469034.40 rows=770316 width=8) (actual time=22846.488..22846.488 rows=352003 loops=1)
        Buckets: 131072  Batches: 16  Memory Usage: 1881kB
        ->  Hash Join  (cost=92883.59..469034.40 rows=770316 width=8) (actual time=5865.915..22441.547 rows=352003 loops=1)
              Hash Cond: (mi.movie_id = t.id)
              ->  Seq Scan on movie_info mi  (cost=0.00..346232.03 rows=1264125 width=4) (actual time=371.450..14841.678 rows=1288928 loops=1)
                    Filter: (info_type_id = 2)
                    Rows Removed by Filter: 13546792
              ->  Hash  (cost=67604.59..67604.59 rows=1540800 width=4) (actual time=5493.313..5493.313 rows=1543264 loops=1)
                    Buckets: 131072  Batches: 32  Memory Usage: 2728kB
                    ->  Seq Scan on title t  (cost=0.00..67604.59 rows=1540800 width=4) (actual time=817.575..4157.224 rows=1543264 loops=1)
                          Filter: (kind_id = 7)
                          Rows Removed by Filter: 985048
Planning time: 1.275 ms
Execution time: 83629.581 ms
