Seq Scan on movie_keyword mk  (cost=0.00..81003.12 rows=4484992 width=0) (actual time=0.020..4574.691 rows=4487706 loops=1)
  Filter: (keyword_id < 106749)
  Rows Removed by Filter: 36224
Planning time: 7.314 ms
Execution time: 5295.879 ms
