Hash Join  (cost=220265.22..752826.40 rows=4944124 width=0) (actual time=11737.103..52314.122 rows=51611524 loops=1)
  Hash Cond: (mi.movie_id = t.id)
  ->  Seq Scan on movie_info mi  (cost=0.00..309384.22 rows=14739122 width=4) (actual time=0.016..17693.102 rows=14835720 loops=1)
  ->  Hash  (cost=206349.03..206349.03 rows=848175 width=8) (actual time=11730.803..11730.803 rows=1064822 loops=1)
        Buckets: 131072  Batches: 16  Memory Usage: 3726kB
        ->  Hash Join  (cost=93117.31..206349.03 rows=848175 width=8) (actual time=5457.888..11409.877 rows=1064822 loops=1)
              Hash Cond: (mk.movie_id = t.id)
              ->  Seq Scan on movie_keyword mk  (cost=0.00..81003.12 rows=1379169 width=4) (actual time=0.030..4546.531 rows=1387093 loops=1)
                    Filter: (keyword_id < 1876)
                    Rows Removed by Filter: 3136837
              ->  Hash  (cost=67604.59..67604.59 rows=1555018 width=4) (actual time=5456.462..5456.462 rows=1551727 loops=1)
                    Buckets: 131072  Batches: 32  Memory Usage: 2736kB
                    ->  Seq Scan on title t  (cost=0.00..67604.59 rows=1555018 width=4) (actual time=0.011..4507.485 rows=1551727 loops=1)
                          Filter: (production_year < 2007)
                          Rows Removed by Filter: 976585
Planning time: 7.086 ms
Execution time: 58853.006 ms
