Hash Join  (cost=102767.86..197805.05 rows=1131708 width=0) (actual time=5626.136..8956.828 rows=941126 loops=1)
  Hash Cond: (mc.movie_id = t.id)
  ->  Seq Scan on movie_companies mc  (cost=0.00..57926.93 rows=1131708 width=4) (actual time=614.417..2666.683 rows=941126 loops=1)
        Filter: ((company_id < 82939) AND (company_type_id > 1))
        Rows Removed by Filter: 1668003
  ->  Hash  (cost=61283.27..61283.27 rows=2528527 width=4) (actual time=5010.291..5010.291 rows=2528312 loops=1)
        Buckets: 131072  Batches: 64  Memory Usage: 2415kB
        ->  Seq Scan on title t  (cost=0.00..61283.27 rows=2528527 width=4) (actual time=0.021..3940.148 rows=2528312 loops=1)
Planning time: 0.763 ms
Execution time: 9076.417 ms
