Hash Join  (cost=135699.20..216133.12 rows=390540 width=0) (actual time=8432.366..13580.573 rows=2009713 loops=1)
  Hash Cond: (mc.movie_id = t.id)
  ->  Seq Scan on movie_companies mc  (cost=0.00..44881.29 rows=2609129 width=4) (actual time=0.022..2940.253 rows=2609129 loops=1)
  ->  Hash  (cost=129489.26..129489.26 rows=378475 width=8) (actual time=8431.120..8431.120 rows=612556 loops=1)
        Buckets: 131072  Batches: 8  Memory Usage: 4029kB
        ->  Hash Join  (cost=85303.03..129489.26 rows=378475 width=8) (actual time=5008.771..8224.445 rows=612556 loops=1)
              Hash Cond: (mi_idx.movie_id = t.id)
              ->  Seq Scan on movie_info_idx mi_idx  (cost=0.00..21735.35 rows=1380035 width=4) (actual time=0.015..1314.695 rows=1380035 loops=1)
              ->  Hash  (cost=73925.90..73925.90 rows=693450 width=4) (actual time=5007.467..5007.467 rows=595167 loops=1)
                    Buckets: 131072  Batches: 16  Memory Usage: 2330kB
                    ->  Seq Scan on title t  (cost=0.00..73925.90 rows=693450 width=4) (actual time=0.012..4105.386 rows=595167 loops=1)
                          Filter: ((kind_id < 7) AND (production_year > 1989))
                          Rows Removed by Filter: 1933145
Planning time: 1.161 ms
Execution time: 13882.802 ms
