Seq Scan on movie_keyword mk  (cost=0.00..81003.12 rows=246 width=0) (actual time=0.080..3401.036 rows=2238 loops=1)
  Filter: (keyword_id = 1951)
  Rows Removed by Filter: 4521692
Planning time: 0.404 ms
Execution time: 3401.892 ms
