Hash Join  (cost=83074.74..833899.15 rows=3524 width=0) (actual time=3437.745..47142.014 rows=6546 loops=1)
  Hash Cond: (ci.movie_id = t.id)
  ->  Seq Scan on cast_info ci  (cost=0.00..614943.12 rows=36225612 width=4) (actual time=0.024..34749.265 rows=36244344 loops=1)
  ->  Hash  (cost=83071.67..83071.67 rows=246 width=8) (actual time=3434.389..3434.389 rows=84 loops=1)
        Buckets: 1024  Batches: 1  Memory Usage: 12kB
        ->  Nested Loop  (cost=0.43..83071.67 rows=246 width=8) (actual time=1.600..3434.264 rows=84 loops=1)
              ->  Seq Scan on movie_keyword mk  (cost=0.00..81003.12 rows=246 width=4) (actual time=1.546..3404.159 rows=84 loops=1)
                    Filter: (keyword_id = 11511)
                    Rows Removed by Filter: 4523846
              ->  Index Only Scan using title_pkey on title t  (cost=0.43..8.40 rows=1 width=4) (actual time=0.291..0.354 rows=1 loops=84)
                    Index Cond: (id = mk.movie_id)
                    Heap Fetches: 84
Planning time: 5.382 ms
Execution time: 47145.428 ms
