Hash Join  (cost=462000.09..500162.93 rows=113194 width=0) (actual time=20373.523..22496.234 rows=656293 loops=1)
  Hash Cond: (mi_idx.movie_id = t.id)
  ->  Seq Scan on movie_info_idx mi_idx  (cost=0.00..25185.44 rows=919057 width=4) (actual time=0.015..1418.127 rows=920110 loops=1)
        Filter: (info_type_id > 99)
        Rows Removed by Filter: 459925
  ->  Hash  (cost=456890.32..456890.32 rows=311421 width=8) (actual time=20371.027..20371.027 rows=375756 loops=1)
        Buckets: 131072  Batches: 8  Memory Usage: 2884kB
        ->  Hash Join  (cost=94978.31..456890.32 rows=311421 width=8) (actual time=9570.139..19673.805 rows=375756 loops=1)
              Hash Cond: (mi.movie_id = t.id)
              ->  Seq Scan on movie_info mi  (cost=0.00..346232.03 rows=471955 width=4) (actual time=4727.511..13698.144 rows=543367 loops=1)
                    Filter: (info_type_id > 98)
                    Rows Removed by Filter: 14292353
              ->  Hash  (cost=67604.59..67604.59 rows=1668458 width=4) (actual time=4819.077..4819.077 rows=1671292 loops=1)
                    Buckets: 131072  Batches: 32  Memory Usage: 2867kB
                    ->  Seq Scan on title t  (cost=0.00..67604.59 rows=1668458 width=4) (actual time=0.046..4115.068 rows=1671292 loops=1)
                          Filter: (production_year < 2008)
                          Rows Removed by Filter: 857020
Planning time: 3.336 ms
Execution time: 22581.799 ms
