Seq Scan on movie_keyword mk  (cost=0.00..81003.12 rows=1289731 width=0) (actual time=0.025..3828.632 rows=1301246 loops=1)
  Filter: (keyword_id > 13546)
  Rows Removed by Filter: 3222684
Planning time: 0.323 ms
Execution time: 4043.832 ms
