Hash Join  (cost=68332.59..149827.45 rows=2846 width=0) (actual time=1050.203..2370.198 rows=3015 loops=1)
  Hash Cond: (mk.movie_id = t.id)
  ->  Seq Scan on movie_keyword mk  (cost=0.00..81003.12 rows=123540 width=4) (actual time=0.025..1286.802 rows=120442 loops=1)
        Filter: (keyword_id > 77967)
        Rows Removed by Filter: 4403488
  ->  Hash  (cost=67604.59..67604.59 rows=58240 width=4) (actual time=1049.232..1049.232 rows=58590 loops=1)
        Buckets: 65536  Batches: 1  Memory Usage: 2572kB
        ->  Seq Scan on title t  (cost=0.00..67604.59 rows=58240 width=4) (actual time=0.023..1025.588 rows=58590 loops=1)
              Filter: (production_year = 2001)
              Rows Removed by Filter: 2469722
Planning time: 0.781 ms
Execution time: 2370.966 ms
