Hash Join  (cost=485458.83..528784.09 rows=328278 width=0) (actual time=20514.235..22807.062 rows=1107583 loops=1)
  Hash Cond: (mi_idx.movie_id = t.id)
  ->  Seq Scan on movie_info_idx mi_idx  (cost=0.00..21735.35 rows=1380035 width=4) (actual time=0.021..984.595 rows=1380035 loops=1)
  ->  Hash  (cost=475590.37..475590.37 rows=601477 width=8) (actual time=20513.442..20513.442 rows=637075 loops=1)
        Buckets: 131072 (originally 131072)  Batches: 16 (originally 8)  Memory Usage: 3073kB
        ->  Hash Join  (cost=105876.77..475590.37 rows=601477 width=8) (actual time=14315.783..20331.402 rows=637075 loops=1)
              Hash Cond: (mi.movie_id = t.id)
              ->  Seq Scan on movie_info mi  (cost=0.00..346232.03 rows=651960 width=4) (actual time=9092.751..14106.095 rows=660923 loops=1)
                    Filter: (info_type_id = 18)
                    Rows Removed by Filter: 14174797
              ->  Hash  (cost=67604.59..67604.59 rows=2332735 width=4) (actual time=5222.137..5222.137 rows=2325893 loops=1)
                    Buckets: 131072  Batches: 32  Memory Usage: 3592kB
                    ->  Seq Scan on title t  (cost=0.00..67604.59 rows=2332735 width=4) (actual time=0.031..4202.267 rows=2325893 loops=1)
                          Filter: (production_year > 1935)
                          Rows Removed by Filter: 202419
Planning time: 1.162 ms
Execution time: 22932.347 ms
