Hash Join  (cost=474217.75..1461971.52 rows=1055458 width=0) (actual time=26384.517..55284.168 rows=7429880 loops=1)
  Hash Cond: (ci.movie_id = t.id)
  ->  Seq Scan on cast_info ci  (cost=0.00..614943.12 rows=36225612 width=4) (actual time=0.017..11424.294 rows=36244344 loops=1)
  ->  Hash  (cost=473296.87..473296.87 rows=73670 width=8) (actual time=26383.596..26383.596 rows=111507 loops=1)
        Buckets: 131072 (originally 131072)  Batches: 2 (originally 1)  Memory Usage: 3140kB
        ->  Hash Join  (cost=74093.07..473296.87 rows=73670 width=8) (actual time=3146.229..26316.562 rows=111507 loops=1)
              Hash Cond: (mi.movie_id = t.id)
              ->  Seq Scan on movie_info mi  (cost=0.00..346232.03 rows=13929354 width=4) (actual time=0.017..19883.013 rows=14033580 loops=1)
                    Filter: (info_type_id > 1)
                    Rows Removed by Filter: 802140
              ->  Hash  (cost=73925.90..73925.90 rows=13373 width=4) (actual time=3146.004..3146.004 rows=7578 loops=1)
                    Buckets: 16384  Batches: 1  Memory Usage: 395kB
                    ->  Seq Scan on title t  (cost=0.00..73925.90 rows=13373 width=4) (actual time=0.026..3142.161 rows=7578 loops=1)
                          Filter: ((kind_id = 1) AND (production_year = 1999))
                          Rows Removed by Filter: 2520734
Planning time: 1.126 ms
Execution time: 56179.367 ms
