Hash Join  (cost=195335.91..1273698.65 rows=10354174 width=0) (actual time=4814.074..37814.301 rows=23316686 loops=1)
  Hash Cond: (ci.movie_id = t.id)
  ->  Seq Scan on cast_info ci  (cost=0.00..705507.15 rows=22905826 width=4) (actual time=0.020..14706.664 rows=22957153 loops=1)
        Filter: (person_id > 1310126)
        Rows Removed by Filter: 13287191
  ->  Hash  (cost=176583.71..176583.71 rows=1142976 width=8) (actual time=4813.074..4813.074 rows=917132 loops=1)
        Buckets: 131072  Batches: 16  Memory Usage: 3242kB
        ->  Hash Join  (cost=85777.42..176583.71 rows=1142976 width=8) (actual time=1828.009..4533.764 rows=917132 loops=1)
              Hash Cond: (mc.movie_id = t.id)
              ->  Seq Scan on movie_companies mc  (cost=0.00..44881.29 rows=2609129 width=4) (actual time=0.018..928.749 rows=2609129 loops=1)
              ->  Hash  (cost=67604.59..67604.59 rows=1107667 width=4) (actual time=1827.029..1827.029 rows=1107925 loops=1)
                    Buckets: 131072  Batches: 16  Memory Usage: 3460kB
                    ->  Seq Scan on title t  (cost=0.00..67604.59 rows=1107667 width=4) (actual time=0.026..1150.650 rows=1107925 loops=1)
                          Filter: (production_year > 2004)
                          Rows Removed by Filter: 1420387
Planning time: 1.285 ms
Execution time: 40568.481 ms
