Hash Join  (cost=83074.74..111707.54 rows=89 width=0) (actual time=1288.457..1884.364 rows=3283 loops=1)
  Hash Cond: (mi_idx.movie_id = t.id)
  ->  Seq Scan on movie_info_idx mi_idx  (cost=0.00..25185.44 rows=919057 width=4) (actual time=0.024..458.567 rows=920110 loops=1)
        Filter: (info_type_id > 99)
        Rows Removed by Filter: 459925
  ->  Hash  (cost=83071.67..83071.67 rows=246 width=8) (actual time=1284.838..1284.838 rows=2451 loops=1)
        Buckets: 4096 (originally 1024)  Batches: 1 (originally 1)  Memory Usage: 128kB
        ->  Nested Loop  (cost=0.43..83071.67 rows=246 width=8) (actual time=1.887..1283.105 rows=2451 loops=1)
              ->  Seq Scan on movie_keyword mk  (cost=0.00..81003.12 rows=246 width=4) (actual time=1.834..1210.478 rows=2451 loops=1)
                    Filter: (keyword_id = 2987)
                    Rows Removed by Filter: 4521479
              ->  Index Only Scan using title_pkey on title t  (cost=0.43..8.40 rows=1 width=4) (actual time=0.028..0.029 rows=1 loops=2451)
                    Index Cond: (id = mk.movie_id)
                    Heap Fetches: 2451
Planning time: 1.146 ms
Execution time: 1885.060 ms
