Hash Join  (cost=365418.15..1209245.93 rows=24921791 width=0) (actual time=8466.313..77245.116 rows=230874326 loops=1)
  Hash Cond: (mi.movie_id = t.id)
  ->  Seq Scan on movie_info mi  (cost=0.00..346232.03 rows=13929354 width=4) (actual time=0.020..7715.180 rows=14033580 loops=1)
        Filter: (info_type_id > 1)
        Rows Removed by Filter: 802140
  ->  Hash  (cost=291197.02..291197.02 rows=4523930 width=8) (actual time=8464.612..8464.612 rows=4523930 loops=1)
        Buckets: 131072  Batches: 64  Memory Usage: 3893kB
        ->  Hash Join  (cost=102767.86..291197.02 rows=4523930 width=8) (actual time=1917.937..7168.454 rows=4523930 loops=1)
              Hash Cond: (mk.movie_id = t.id)
              ->  Seq Scan on movie_keyword mk  (cost=0.00..69693.30 rows=4523930 width=4) (actual time=0.020..1541.033 rows=4523930 loops=1)
              ->  Hash  (cost=61283.27..61283.27 rows=2528527 width=4) (actual time=1915.432..1915.432 rows=2528312 loops=1)
                    Buckets: 131072  Batches: 64  Memory Usage: 2425kB
                    ->  Seq Scan on title t  (cost=0.00..61283.27 rows=2528527 width=4) (actual time=0.017..1082.429 rows=2528312 loops=1)
Planning time: 3.352 ms
Execution time: 103459.427 ms
