Seq Scan on movie_keyword mk  (cost=0.00..81003.12 rows=246 width=0) (actual time=16.355..1348.481 rows=125 loops=1)
  Filter: (keyword_id = 12360)
  Rows Removed by Filter: 4523805
Planning time: 0.392 ms
Execution time: 1348.678 ms
