Seq Scan on movie_info mi  (cost=0.00..346232.03 rows=1126051 width=0) (actual time=1852.303..4971.076 rows=1174054 loops=1)
  Filter: (info_type_id > 43)
  Rows Removed by Filter: 13661666
Planning time: 0.324 ms
Execution time: 5086.204 ms
