Hash Join  (cost=231697.21..833894.26 rows=9743723 width=0) (actual time=5307.090..31269.505 rows=51233210 loops=1)
  Hash Cond: (mi.movie_id = t.id)
  ->  Seq Scan on movie_info mi  (cost=0.00..309384.22 rows=14739122 width=4) (actual time=0.015..6287.249 rows=14835720 loops=1)
  ->  Hash  (cost=204272.76..204272.76 rows=1671556 width=8) (actual time=5306.018..5306.018 rows=1663221 loops=1)
        Buckets: 131072  Batches: 32  Memory Usage: 3092kB
        ->  Hash Join  (cost=102767.86..204272.76 rows=1671556 width=8) (actual time=2009.641..4806.886 rows=1663221 loops=1)
              Hash Cond: (mc.movie_id = t.id)
              ->  Seq Scan on movie_companies mc  (cost=0.00..51404.11 rows=1671556 width=4) (actual time=0.017..1052.189 rows=1663221 loops=1)
                    Filter: (company_id < 18761)
                    Rows Removed by Filter: 945908
              ->  Hash  (cost=61283.27..61283.27 rows=2528527 width=4) (actual time=2007.841..2007.841 rows=2528312 loops=1)
                    Buckets: 131072  Batches: 64  Memory Usage: 2415kB
                    ->  Seq Scan on title t  (cost=0.00..61283.27 rows=2528527 width=4) (actual time=0.010..1178.058 rows=2528312 loops=1)
Planning time: 1.143 ms
Execution time: 36839.534 ms
