Seq Scan on movie_keyword mk  (cost=0.00..81003.12 rows=2147485 width=0) (actual time=0.023..1616.192 rows=2146580 loops=1)
  Filter: (keyword_id > 5438)
  Rows Removed by Filter: 2377350
Planning time: 0.352 ms
Execution time: 1885.464 ms
