Hash Join  (cost=444265.01..1265764.77 rows=147027 width=0) (actual time=12367.870..22081.265 rows=1404412 loops=1)
  Hash Cond: (ci.movie_id = t.id)
  ->  Seq Scan on cast_info ci  (cost=0.00..796071.18 rows=2009413 width=4) (actual time=4449.115..13179.584 rows=646721 loops=1)
        Filter: ((person_id < 1653680) AND (role_id = 10))
        Rows Removed by Filter: 35597623
  ->  Hash  (cost=441229.37..441229.37 rows=185011 width=8) (actual time=7917.688..7917.688 rows=428566 loops=1)
        Buckets: 131072 (originally 131072)  Batches: 8 (originally 4)  Memory Usage: 3106kB
        ->  Hash Join  (cost=83810.17..441229.37 rows=185011 width=8) (actual time=2769.642..7777.163 rows=428566 loops=1)
              Hash Cond: (mi.movie_id = t.id)
              ->  Seq Scan on movie_info mi  (cost=0.00..346232.03 rows=473617 width=4) (actual time=1207.806..5682.973 rows=486554 loops=1)
                    Filter: (info_type_id = 5)
                    Rows Removed by Filter: 14349166
              ->  Hash  (cost=67604.59..67604.59 rows=987727 width=4) (actual time=1560.627..1560.627 rows=985048 loops=1)
                    Buckets: 131072  Batches: 16  Memory Usage: 3197kB
                    ->  Seq Scan on title t  (cost=0.00..67604.59 rows=987727 width=4) (actual time=0.023..1247.014 rows=985048 loops=1)
                          Filter: (kind_id < 7)
                          Rows Removed by Filter: 1543264
Planning time: 1.185 ms
Execution time: 22259.687 ms
