Seq Scan on cast_info ci  (cost=0.00..796071.18 rows=2001691 width=0) (actual time=76.556..11916.256 rows=840832 loops=1)
  Filter: ((person_id < 291614) AND (role_id > 1))
  Rows Removed by Filter: 35403512
Planning time: 0.334 ms
Execution time: 12027.287 ms
