Hash Join  (cost=73454.11..173118.31 rows=187674 width=0) (actual time=1144.388..3733.951 rows=265490 loops=1)
  Hash Cond: (mk.movie_id = t.id)
  ->  Seq Scan on movie_keyword mk  (cost=0.00..81003.12 rows=1331021 width=4) (actual time=0.022..1531.319 rows=1349617 loops=1)
        Filter: (keyword_id < 1755)
        Rows Removed by Filter: 3174313
  ->  Hash  (cost=67604.59..67604.59 rows=356522 width=4) (actual time=1142.356..1142.356 rows=352081 loops=1)
        Buckets: 131072  Batches: 8  Memory Usage: 2571kB
        ->  Seq Scan on title t  (cost=0.00..67604.59 rows=356522 width=4) (actual time=0.014..1016.907 rows=352081 loops=1)
              Filter: (production_year < 1969)
              Rows Removed by Filter: 2176231
Planning time: 0.764 ms
Execution time: 3771.414 ms
