Seq Scan on title t  (cost=0.00..67604.59 rows=7437 width=0) (actual time=0.038..1071.201 rows=16571 loops=1)
  Filter: (production_year = 1984)
  Rows Removed by Filter: 2511741
Planning time: 0.382 ms
Execution time: 1074.668 ms
