Hash Join  (cost=220948.15..660510.16 rows=2153442 width=0) (actual time=5130.229..17901.347 rows=13090915 loops=1)
  Hash Cond: (mi.movie_id = t.id)
  ->  Seq Scan on movie_info mi  (cost=0.00..346232.03 rows=5897221 width=4) (actual time=0.018..5913.117 rows=5884963 loops=1)
        Filter: (info_type_id < 7)
        Rows Removed by Filter: 8950757
  ->  Hash  (cost=205799.62..205799.62 rows=923322 width=8) (actual time=5129.448..5129.448 rows=1246716 loops=1)
        Buckets: 131072 (originally 131072)  Batches: 32 (originally 16)  Memory Usage: 3073kB
        ->  Hash Join  (cost=82805.75..205799.62 rows=923322 width=8) (actual time=1637.614..4755.315 rows=1246716 loops=1)
              Hash Cond: (mk.movie_id = t.id)
              ->  Seq Scan on movie_keyword mk  (cost=0.00..81003.12 rows=2519874 width=4) (actual time=0.013..1521.921 rows=2512988 loops=1)
                    Filter: (keyword_id > 3576)
                    Rows Removed by Filter: 2010942
              ->  Hash  (cost=67604.59..67604.59 rows=926493 width=4) (actual time=1636.500..1636.500 rows=924605 loops=1)
                    Buckets: 131072  Batches: 16  Memory Usage: 3063kB
                    ->  Seq Scan on title t  (cost=0.00..67604.59 rows=926493 width=4) (actual time=0.021..1316.183 rows=924605 loops=1)
                          Filter: (production_year < 1998)
                          Rows Removed by Filter: 1603707
Planning time: 1.224 ms
Execution time: 19365.250 ms
