Seq Scan on movie_keyword mk  (cost=0.00..81003.12 rows=1693987 width=0) (actual time=0.026..1468.038 rows=1702351 loops=1)
  Filter: (keyword_id < 2658)
  Rows Removed by Filter: 2821579
Planning time: 0.319 ms
Execution time: 1691.722 ms
