Seq Scan on title t  (cost=0.00..73925.90 rows=204459 width=0) (actual time=0.028..1071.954 rows=313929 loops=1)
  Filter: ((kind_id < 7) AND (production_year < 1981))
  Rows Removed by Filter: 2214383
Planning time: 0.349 ms
Execution time: 1106.890 ms
