Hash Join  (cost=161770.74..509759.34 rows=5419 width=0) (actual time=7038.872..8713.808 rows=113516 loops=1)
  Hash Cond: (mi.movie_id = t.id)
  ->  Seq Scan on movie_info mi  (cost=0.00..346232.03 rows=340474 width=4) (actual time=3626.915..5201.027 rows=328857 loops=1)
        Filter: (info_type_id = 98)
        Rows Removed by Filter: 14506863
  ->  Hash  (cost=161267.63..161267.63 rows=40249 width=8) (actual time=3191.940..3191.940 rows=80170 loops=1)
        Buckets: 131072 (originally 65536)  Batches: 2 (originally 1)  Memory Usage: 3073kB
        ->  Hash Join  (cost=74207.10..161267.63 rows=40249 width=8) (actual time=1179.697..3153.222 rows=80170 loops=1)
              Hash Cond: (mk.movie_id = t.id)
              ->  Seq Scan on movie_keyword mk  (cost=0.00..69693.30 rows=4523930 width=4) (actual time=0.030..1053.337 rows=4523930 loops=1)
              ->  Hash  (cost=73925.90..73925.90 rows=22496 width=4) (actual time=1179.420..1179.420 rows=13050 loops=1)
                    Buckets: 32768  Batches: 1  Memory Usage: 715kB
                    ->  Seq Scan on title t  (cost=0.00..73925.90 rows=22496 width=4) (actual time=200.934..1173.413 rows=13050 loops=1)
                          Filter: ((kind_id = 1) AND (production_year = 2004))
                          Rows Removed by Filter: 2515262
Planning time: 1.011 ms
Execution time: 8727.720 ms
