Hash Join  (cost=81720.25..203712.44 rows=855538 width=0) (actual time=1317.562..4782.718 rows=1883303 loops=1)
  Hash Cond: (mk.movie_id = t.id)
  ->  Seq Scan on movie_keyword mk  (cost=0.00..81003.12 rows=2514317 width=4) (actual time=0.015..1632.920 rows=2507739 loops=1)
        Filter: (keyword_id < 6160)
        Rows Removed by Filter: 2016191
  ->  Hash  (cost=67604.59..67604.59 rows=860373 width=4) (actual time=1316.742..1316.742 rows=854214 loops=1)
        Buckets: 131072  Batches: 16  Memory Usage: 2906kB
        ->  Seq Scan on title t  (cost=0.00..67604.59 rows=860373 width=4) (actual time=0.023..1053.147 rows=854214 loops=1)
              Filter: (kind_id < 4)
              Rows Removed by Filter: 1674098
Planning time: 0.536 ms
Execution time: 5024.408 ms
