Seq Scan on movie_keyword mk  (cost=0.00..81003.12 rows=3243311 width=0) (actual time=0.026..1611.613 rows=3231282 loops=1)
  Filter: (keyword_id > 1678)
  Rows Removed by Filter: 1292648
Planning time: 0.306 ms
Execution time: 2014.023 ms
