Seq Scan on movie_keyword mk  (cost=0.00..81003.12 rows=246 width=0) (actual time=123.825..1233.451 rows=18 loops=1)
  Filter: (keyword_id = 7173)
  Rows Removed by Filter: 4523912
Planning time: 0.336 ms
Execution time: 1233.551 ms
