Seq Scan on cast_info ci  (cost=0.00..796071.18 rows=8522467 width=0) (actual time=3843.654..15963.326 rows=8921146 loops=1)
  Filter: ((person_id > 335693) AND (role_id > 4))
  Rows Removed by Filter: 27323198
Planning time: 7.304 ms
Execution time: 17044.021 ms
