Hash Join  (cost=257720.32..358552.70 rows=1633644 width=0) (actual time=5653.523..10768.007 rows=11619400 loops=1)
  Hash Cond: (mc.movie_id = t.id)
  ->  Seq Scan on movie_companies mc  (cost=0.00..44881.29 rows=2609129 width=4) (actual time=0.023..1017.876 rows=2609129 loops=1)
  ->  Hash  (cost=231745.61..231745.61 rows=1583177 width=8) (actual time=5652.460..5652.460 rows=1588991 loops=1)
        Buckets: 131072  Batches: 32  Memory Usage: 2946kB
        ->  Hash Join  (cost=102767.86..231745.61 rows=1583177 width=8) (actual time=1995.436..5193.877 rows=1588991 loops=1)
              Hash Cond: (mk.movie_id = t.id)
              ->  Seq Scan on movie_keyword mk  (cost=0.00..81003.12 rows=1583177 width=4) (actual time=0.025..1573.737 rows=1588991 loops=1)
                    Filter: (keyword_id < 2439)
                    Rows Removed by Filter: 2934939
              ->  Hash  (cost=61283.27..61283.27 rows=2528527 width=4) (actual time=1992.828..1992.828 rows=2528312 loops=1)
                    Buckets: 131072  Batches: 64  Memory Usage: 2425kB
                    ->  Seq Scan on title t  (cost=0.00..61283.27 rows=2528527 width=4) (actual time=0.016..1125.538 rows=2528312 loops=1)
Planning time: 1.092 ms
Execution time: 12070.094 ms
