Seq Scan on cast_info ci  (cost=0.00..796071.18 rows=324 width=0) (actual time=7538.932..14231.017 rows=8 loops=1)
  Filter: ((role_id > 1) AND (person_id = 3267590))
  Rows Removed by Filter: 36244336
Planning time: 0.353 ms
Execution time: 14231.153 ms
