Seq Scan on movie_keyword mk  (cost=0.00..81003.12 rows=3168058 width=0) (actual time=0.017..1591.297 rows=3157375 loops=1)
  Filter: (keyword_id < 12224)
  Rows Removed by Filter: 1366555
Planning time: 0.941 ms
Execution time: 1997.088 ms
