Seq Scan on title t  (cost=0.00..73925.90 rows=61722 width=0) (actual time=974.769..1273.426 rows=2 loops=1)
  Filter: ((kind_id > 3) AND (production_year < 1922))
  Rows Removed by Filter: 2528310
Planning time: 1.338 ms
Execution time: 1273.561 ms
