Hash Join  (cost=75372.22..111803.14 rows=31886 width=0) (actual time=1317.929..2237.993 rows=72220 loops=1)
  Hash Cond: (mi_idx.movie_id = t.id)
  ->  Seq Scan on movie_info_idx mi_idx  (cost=0.00..25185.44 rows=915101 width=4) (actual time=0.028..571.221 rows=919850 loops=1)
        Filter: (info_type_id < 101)
        Rows Removed by Filter: 460185
  ->  Hash  (cost=73925.90..73925.90 rows=88105 width=4) (actual time=1317.150..1317.150 rows=95027 loops=1)
        Buckets: 131072  Batches: 2  Memory Usage: 2698kB
        ->  Seq Scan on title t  (cost=0.00..73925.90 rows=88105 width=4) (actual time=705.616..1282.365 rows=95027 loops=1)
              Filter: ((production_year > 1963) AND (kind_id = 3))
              Rows Removed by Filter: 2433285
Planning time: 1.218 ms
Execution time: 2248.124 ms
