Hash Join  (cost=102767.86..251457.06 rows=2402343 width=0) (actual time=1971.862..5348.406 rows=2399114 loops=1)
  Hash Cond: (mk.movie_id = t.id)
  ->  Seq Scan on movie_keyword mk  (cost=0.00..81003.12 rows=2402343 width=4) (actual time=0.031..1564.262 rows=2399114 loops=1)
        Filter: (keyword_id > 3913)
        Rows Removed by Filter: 2124816
  ->  Hash  (cost=61283.27..61283.27 rows=2528527 width=4) (actual time=1969.278..1969.278 rows=2528312 loops=1)
        Buckets: 131072  Batches: 64  Memory Usage: 2425kB
        ->  Seq Scan on title t  (cost=0.00..61283.27 rows=2528527 width=4) (actual time=0.026..1098.116 rows=2528312 loops=1)
Planning time: 0.696 ms
Execution time: 5560.464 ms
