Hash Join  (cost=1068826.96..1849980.23 rows=23062064 width=0) (actual time=20721.822..44830.987 rows=47961343 loops=1)
  Hash Cond: (mi.movie_id = t.id)
  ->  Seq Scan on movie_info mi  (cost=0.00..309384.22 rows=14739122 width=4) (actual time=0.011..6040.056 rows=14835720 loops=1)
  ->  Hash  (cost=1003917.64..1003917.64 rows=3956345 width=8) (actual time=20720.174..20720.174 rows=1918872 loops=1)
        Buckets: 131072  Batches: 64  Memory Usage: 2256kB
        ->  Hash Join  (cost=102767.86..1003917.64 rows=3956345 width=8) (actual time=2007.981..20129.924 rows=1918872 loops=1)
              Hash Cond: (ci.movie_id = t.id)
              ->  Seq Scan on cast_info ci  (cost=0.00..796071.18 rows=3956345 width=4) (actual time=0.024..14854.431 rows=1918872 loops=1)
                    Filter: ((person_id < 3487034) AND (role_id = 10))
                    Rows Removed by Filter: 34325472
              ->  Hash  (cost=61283.27..61283.27 rows=2528527 width=4) (actual time=2006.992..2006.992 rows=2528312 loops=1)
                    Buckets: 131072  Batches: 64  Memory Usage: 2415kB
                    ->  Seq Scan on title t  (cost=0.00..61283.27 rows=2528527 width=4) (actual time=0.026..1183.256 rows=2528312 loops=1)
Planning time: 1.151 ms
Execution time: 49807.604 ms
