Hash Join  (cost=79605.72..159580.03 rows=357179 width=0) (actual time=1560.622..3768.045 rows=240920 loops=1)
  Hash Cond: (mc.movie_id = t.id)
  ->  Seq Scan on movie_companies mc  (cost=0.00..44881.29 rows=2609129 width=4) (actual time=0.024..968.131 rows=2609129 loops=1)
  ->  Hash  (cost=73925.90..73925.90 rows=346145 width=4) (actual time=1559.609..1559.609 rows=208615 loops=1)
        Buckets: 131072  Batches: 8  Memory Usage: 1935kB
        ->  Seq Scan on title t  (cost=0.00..73925.90 rows=346145 width=4) (actual time=0.050..1216.349 rows=208615 loops=1)
              Filter: ((kind_id > 1) AND (production_year < 1977))
              Rows Removed by Filter: 2319697
Planning time: 13.255 ms
Execution time: 3798.555 ms
