Seq Scan on movie_keyword mk  (cost=0.00..81003.12 rows=2039083 width=0) (actual time=0.031..1398.213 rows=2044354 loops=1)
  Filter: (keyword_id > 6006)
  Rows Removed by Filter: 2479576
Planning time: 0.319 ms
Execution time: 1639.548 ms
