Hash Join  (cost=92883.59..157348.00 rows=226929 width=0) (actual time=2551.881..3145.731 rows=30766 loops=1)
  Hash Cond: (mc.movie_id = t.id)
  ->  Seq Scan on movie_companies mc  (cost=0.00..51404.11 rows=372402 width=4) (actual time=0.021..868.679 rows=376432 loops=1)
        Filter: (company_id > 84838)
        Rows Removed by Filter: 2232697
  ->  Hash  (cost=67604.59..67604.59 rows=1540800 width=4) (actual time=1866.326..1866.326 rows=1543264 loops=1)
        Buckets: 131072  Batches: 32  Memory Usage: 2722kB
        ->  Seq Scan on title t  (cost=0.00..67604.59 rows=1540800 width=4) (actual time=0.015..1365.617 rows=1543264 loops=1)
              Filter: (kind_id > 6)
              Rows Removed by Filter: 985048
Planning time: 0.715 ms
Execution time: 3149.082 ms
