Seq Scan on movie_companies mc  (cost=0.00..51404.11 rows=1589450 width=0) (actual time=0.025..895.463 rows=1579631 loops=1)
  Filter: (company_id < 15624)
  Rows Removed by Filter: 1029498
Planning time: 0.307 ms
Execution time: 1083.592 ms
