Hash Join  (cost=94699.36..181430.02 rows=7262 width=0) (actual time=1751.658..3629.810 rows=93671 loops=1)
  Hash Cond: (mk.movie_id = t.id)
  ->  Seq Scan on movie_keyword mk  (cost=0.00..69693.30 rows=4523930 width=4) (actual time=0.017..1040.687 rows=4523930 loops=1)
  ->  Hash  (cost=94648.62..94648.62 rows=4059 width=8) (actual time=1750.290..1750.290 rows=10706 loops=1)
        Buckets: 16384 (originally 4096)  Batches: 1 (originally 1)  Memory Usage: 547kB
        ->  Hash Join  (cost=67697.55..94648.62 rows=4059 width=8) (actual time=1139.371..1745.953 rows=10706 loops=1)
              Hash Cond: (mi_idx.movie_id = t.id)
              ->  Seq Scan on movie_info_idx mi_idx  (cost=0.00..21735.35 rows=1380035 width=4) (actual time=0.030..300.239 rows=1380035 loops=1)
              ->  Hash  (cost=67604.59..67604.59 rows=7437 width=4) (actual time=1138.654..1138.654 rows=14456 loops=1)
                    Buckets: 16384 (originally 8192)  Batches: 1 (originally 1)  Memory Usage: 637kB
                    ->  Seq Scan on title t  (cost=0.00..67604.59 rows=7437 width=4) (actual time=0.052..1131.464 rows=14456 loops=1)
                          Filter: (production_year = 1981)
                          Rows Removed by Filter: 2513856
Planning time: 1.043 ms
Execution time: 3642.095 ms
