Hash Join  (cost=74394.67..158330.94 rows=11159 width=0) (actual time=1108.461..2712.862 rows=21488 loops=1)
  Hash Cond: (mk.movie_id = t.id)
  ->  Seq Scan on movie_keyword mk  (cost=0.00..81003.12 rows=752415 width=4) (actual time=0.007..1453.242 rows=760443 loops=1)
        Filter: (keyword_id > 24660)
        Rows Removed by Filter: 3763487
  ->  Hash  (cost=73925.90..73925.90 rows=37501 width=4) (actual time=1108.115..1108.115 rows=32253 loops=1)
        Buckets: 65536  Batches: 1  Memory Usage: 1646kB
        ->  Seq Scan on title t  (cost=0.00..73925.90 rows=37501 width=4) (actual time=0.037..1094.708 rows=32253 loops=1)
              Filter: ((kind_id < 7) AND (production_year = 2005))
              Rows Removed by Filter: 2496059
Planning time: 0.526 ms
Execution time: 2716.295 ms
