Hash Join  (cost=154560.00..521307.25 rows=158348 width=0) (actual time=5411.377..10745.862 rows=786348 loops=1)
  Hash Cond: (mi.movie_id = t.id)
  ->  Seq Scan on movie_info mi  (cost=0.00..346232.03 rows=1550064 width=4) (actual time=1831.950..5618.492 rows=1533909 loops=1)
        Filter: (info_type_id = 3)
        Rows Removed by Filter: 13301811
  ->  Hash  (cost=150322.20..150322.20 rows=258304 width=8) (actual time=3577.925..3577.925 rows=493893 loops=1)
        Buckets: 131072 (originally 131072)  Batches: 8 (originally 4)  Memory Usage: 3437kB
        ->  Hash Join  (cost=71711.64..150322.20 rows=258304 width=8) (actual time=1179.223..3406.441 rows=493893 loops=1)
              Hash Cond: (mc.movie_id = t.id)
              ->  Seq Scan on movie_companies mc  (cost=0.00..44881.29 rows=2609129 width=4) (actual time=0.020..897.640 rows=2609129 loops=1)
              ->  Hash  (cost=67604.59..67604.59 rows=250324 width=4) (actual time=1178.145..1178.145 rows=252521 loops=1)
                    Buckets: 131072  Batches: 4  Memory Usage: 3244kB
                    ->  Seq Scan on title t  (cost=0.00..67604.59 rows=250324 width=4) (actual time=0.039..1094.596 rows=252521 loops=1)
                          Filter: (production_year < 1961)
                          Rows Removed by Filter: 2275791
Planning time: 1.141 ms
Execution time: 10837.051 ms
