Nested Loop  (cost=0.43..83072.29 rows=123 width=0) (actual time=3.972..1370.913 rows=426 loops=1)
  ->  Seq Scan on movie_keyword mk  (cost=0.00..81003.12 rows=246 width=4) (actual time=2.279..1315.981 rows=679 loops=1)
        Filter: (keyword_id = 4066)
        Rows Removed by Filter: 4523251
  ->  Index Scan using title_pkey on title t  (cost=0.43..8.40 rows=1 width=4) (actual time=0.079..0.079 rows=1 loops=679)
        Index Cond: (id = mk.movie_id)
        Filter: (production_year < 2004)
        Rows Removed by Filter: 0
Planning time: 0.616 ms
Execution time: 1371.198 ms
