Seq Scan on cast_info ci  (cost=0.00..705507.15 rows=24865144 width=0) (actual time=0.020..12771.878 rows=24893039 loops=1)
  Filter: (person_id < 2564509)
  Rows Removed by Filter: 11351305
Planning time: 4.901 ms
Execution time: 15836.267 ms
