Hash Join  (cost=73950.44..100868.13 rows=358 width=0) (actual time=1011.334..1546.016 rows=1178 loops=1)
  Hash Cond: (mi_idx.movie_id = t.id)
  ->  Seq Scan on movie_info_idx mi_idx  (cost=0.00..25185.44 rows=460978 width=4) (actual time=0.014..450.269 rows=459925 loops=1)
        Filter: (info_type_id < 100)
        Rows Removed by Filter: 920110
  ->  Hash  (cost=73925.90..73925.90 rows=1963 width=4) (actual time=1010.779..1010.779 rows=2801 loops=1)
        Buckets: 4096 (originally 2048)  Batches: 1 (originally 1)  Memory Usage: 131kB
        ->  Seq Scan on title t  (cost=0.00..73925.90 rows=1963 width=4) (actual time=163.789..1009.297 rows=2801 loops=1)
              Filter: ((kind_id = 1) AND (production_year = 1955))
              Rows Removed by Filter: 2525511
Planning time: 0.710 ms
Execution time: 1546.430 ms
