Hash Join  (cost=74531.43..101706.30 rows=26439 width=0) (actual time=1383.380..1824.945 rows=66312 loops=1)
  Hash Cond: (mi_idx.movie_id = t.id)
  ->  Seq Scan on movie_info_idx mi_idx  (cost=0.00..21735.35 rows=1380035 width=4) (actual time=0.016..272.800 rows=1380035 loops=1)
  ->  Hash  (cost=73925.90..73925.90 rows=48442 width=4) (actual time=1177.146..1177.146 rows=62614 loops=1)
        Buckets: 65536  Batches: 1  Memory Usage: 2714kB
        ->  Seq Scan on title t  (cost=0.00..73925.90 rows=48442 width=4) (actual time=37.655..1152.656 rows=62614 loops=1)
              Filter: ((production_year < 2003) AND (kind_id = 3))
              Rows Removed by Filter: 2465698
Planning time: 0.753 ms
Execution time: 1834.000 ms
