Hash Join  (cost=102767.86..200915.80 rows=1260985 width=0) (actual time=1968.395..4525.656 rows=1274246 loops=1)
  Hash Cond: (mc.movie_id = t.id)
  ->  Seq Scan on movie_companies mc  (cost=0.00..57926.93 rows=1260985 width=4) (actual time=0.027..1106.245 rows=1274246 loops=1)
        Filter: ((company_id < 202024) AND (company_type_id < 2))
        Rows Removed by Filter: 1334883
  ->  Hash  (cost=61283.27..61283.27 rows=2528527 width=4) (actual time=1966.738..1966.738 rows=2528312 loops=1)
        Buckets: 131072  Batches: 64  Memory Usage: 2415kB
        ->  Seq Scan on title t  (cost=0.00..61283.27 rows=2528527 width=4) (actual time=0.009..1106.140 rows=2528312 loops=1)
Planning time: 0.662 ms
Execution time: 4677.079 ms
