Hash Join  (cost=80372.21..1172000.80 rows=5629043 width=0) (actual time=1160.866..31870.248 rows=3375302 loops=1)
  Hash Cond: (ci.movie_id = t.id)
  ->  Seq Scan on cast_info ci  (cost=0.00..614943.12 rows=36225612 width=4) (actual time=0.026..12882.061 rows=36244344 loops=1)
  ->  Hash  (cost=73925.90..73925.90 rows=392904 width=4) (actual time=1156.376..1156.376 rows=277350 loops=1)
        Buckets: 131072  Batches: 8  Memory Usage: 2231kB
        ->  Seq Scan on title t  (cost=0.00..73925.90 rows=392904 width=4) (actual time=65.893..1065.337 rows=277350 loops=1)
              Filter: ((production_year < 1988) AND (kind_id = 7))
              Rows Removed by Filter: 2250962
Planning time: 0.785 ms
Execution time: 32263.717 ms
