Hash Join  (cost=124175.70..210903.71 rows=6997 width=0) (actual time=2251.643..4035.943 rows=22030 loops=1)
  Hash Cond: (mk.movie_id = t.id)
  ->  Seq Scan on movie_keyword mk  (cost=0.00..69693.30 rows=4523930 width=4) (actual time=0.018..966.184 rows=4523930 loops=1)
  ->  Hash  (cost=124126.82..124126.82 rows=3911 width=8) (actual time=2250.399..2250.399 rows=5933 loops=1)
        Buckets: 8192 (originally 4096)  Batches: 1 (originally 1)  Memory Usage: 296kB
        ->  Hash Join  (cost=67697.55..124126.82 rows=3911 width=8) (actual time=1075.686..2247.557 rows=5933 loops=1)
              Hash Cond: (mc.movie_id = t.id)
              ->  Seq Scan on movie_companies mc  (cost=0.00..51404.11 rows=1329612 width=4) (actual time=0.019..934.237 rows=1334883 loops=1)
                    Filter: (company_type_id > 1)
                    Rows Removed by Filter: 1274246
              ->  Hash  (cost=67604.59..67604.59 rows=7437 width=4) (actual time=1075.399..1075.399 rows=7199 loops=1)
                    Buckets: 8192  Batches: 1  Memory Usage: 318kB
                    ->  Seq Scan on title t  (cost=0.00..67604.59 rows=7437 width=4) (actual time=0.027..1069.375 rows=7199 loops=1)
                          Filter: (production_year = 1954)
                          Rows Removed by Filter: 2521113
Planning time: 1.219 ms
Execution time: 4039.171 ms
