Hash Join  (cost=165815.00..294638.30 rows=559827 width=0) (actual time=3577.909..6709.880 rows=278994 loops=1)
  Hash Cond: (mk.movie_id = t.id)
  ->  Seq Scan on movie_keyword mk  (cost=0.00..69693.30 rows=4523930 width=4) (actual time=0.023..1385.259 rows=4523930 loops=1)
  ->  Hash  (cost=160680.75..160680.75 rows=312900 width=8) (actual time=3462.373..3462.373 rows=126679 loops=1)
        Buckets: 131072  Batches: 8  Memory Usage: 1651kB
        ->  Hash Join  (cost=93873.33..160680.75 rows=312900 width=8) (actual time=1749.904..3420.975 rows=126679 loops=1)
              Hash Cond: (mc.movie_id = t.id)
              ->  Seq Scan on movie_companies mc  (cost=0.00..51404.11 rows=650748 width=4) (actual time=0.037..935.147 rows=655531 loops=1)
                    Filter: (company_id > 53493)
                    Rows Removed by Filter: 1953598
              ->  Hash  (cost=73925.90..73925.90 rows=1215794 width=4) (actual time=1748.877..1748.877 rows=1301100 loops=1)
                    Buckets: 131072  Batches: 16  Memory Usage: 3892kB
                    ->  Seq Scan on title t  (cost=0.00..73925.90 rows=1215794 width=4) (actual time=0.022..1347.343 rows=1301100 loops=1)
                          Filter: ((production_year > 1976) AND (kind_id = 7))
                          Rows Removed by Filter: 1227212
Planning time: 1.110 ms
Execution time: 6745.571 ms
