Hash Join  (cost=1045002.28..4799043.58 rows=207499594 width=0) (actual time=25830.329..165712.308 rows=425854193 loops=1)
  Hash Cond: (ci.movie_id = t.id)
  ->  Seq Scan on cast_info ci  (cost=0.00..614943.12 rows=36225612 width=4) (actual time=0.020..13465.798 rows=36244344 loops=1)
  ->  Hash  (cost=807384.37..807384.37 rows=14483353 width=8) (actual time=25825.892..25825.892 rows=14528932 loops=1)
        Buckets: 131072  Batches: 256  Memory Usage: 3227kB
        ->  Hash Join  (cost=102767.86..807384.37 rows=14483353 width=8) (actual time=1907.151..21792.252 rows=14528932 loops=1)
              Hash Cond: (mi.movie_id = t.id)
              ->  Seq Scan on movie_info mi  (cost=0.00..346232.03 rows=14483353 width=4) (actual time=0.011..7695.758 rows=14528932 loops=1)
                    Filter: (info_type_id < 106)
                    Rows Removed by Filter: 306788
              ->  Hash  (cost=61283.27..61283.27 rows=2528527 width=4) (actual time=1905.652..1905.652 rows=2528312 loops=1)
                    Buckets: 131072  Batches: 64  Memory Usage: 2425kB
                    ->  Seq Scan on title t  (cost=0.00..61283.27 rows=2528527 width=4) (actual time=0.021..1067.838 rows=2528312 loops=1)
Planning time: 0.993 ms
Execution time: 210496.932 ms
