Hash Join  (cost=124653.55..209998.27 rows=29394 width=0) (actual time=2416.515..3977.095 rows=35480 loops=1)
  Hash Cond: (mk.movie_id = t.id)
  ->  Seq Scan on movie_keyword mk  (cost=0.00..81003.12 rows=1079374 width=4) (actual time=0.025..1338.417 rows=1085678 loops=1)
        Filter: (keyword_id < 1105)
        Rows Removed by Filter: 3438252
  ->  Hash  (cost=123792.83..123792.83 rows=68858 width=8) (actual time=2415.777..2415.777 rows=53637 loops=1)
        Buckets: 131072  Batches: 1  Memory Usage: 3120kB
        ->  Hash Join  (cost=68438.72..123792.83 rows=68858 width=8) (actual time=1021.973..2393.895 rows=53637 loops=1)
              Hash Cond: (mc.movie_id = t.id)
              ->  Seq Scan on movie_companies mc  (cost=0.00..44881.29 rows=2609129 width=4) (actual time=0.015..649.837 rows=2609129 loops=1)
              ->  Hash  (cost=67604.59..67604.59 rows=66731 width=4) (actual time=1021.301..1021.301 rows=67342 loops=1)
                    Buckets: 131072  Batches: 1  Memory Usage: 3392kB
                    ->  Seq Scan on title t  (cost=0.00..67604.59 rows=66731 width=4) (actual time=0.028..993.509 rows=67342 loops=1)
                          Filter: (production_year > 2012)
                          Rows Removed by Filter: 2460970
Planning time: 1.169 ms
Execution time: 3982.540 ms
