Hash Join  (cost=99161.12..1097082.18 rows=10613366 width=0) (actual time=1917.831..25343.601 rows=10989741 loops=1)
  Hash Cond: (ci.movie_id = t.id)
  ->  Seq Scan on cast_info ci  (cost=0.00..705507.15 rows=13952449 width=4) (actual time=19.248..13101.746 rows=13933250 loops=1)
        Filter: (person_id < 1373072)
        Rows Removed by Filter: 22311094
  ->  Hash  (cost=67604.59..67604.59 rows=1923403 width=4) (actual time=1783.189..1783.189 rows=1922849 loops=1)
        Buckets: 131072  Batches: 32  Memory Usage: 3132kB
        ->  Seq Scan on title t  (cost=0.00..67604.59 rows=1923403 width=4) (actual time=0.023..1192.449 rows=1922849 loops=1)
              Filter: (production_year < 2010)
              Rows Removed by Filter: 605463
Planning time: 0.856 ms
Execution time: 26546.334 ms
