Hash Join  (cost=68365.25..827872.69 rows=871827 width=0) (actual time=1054.053..21881.573 rows=929303 loops=1)
  Hash Cond: (ci.movie_id = t.id)
  ->  Seq Scan on cast_info ci  (cost=0.00..614943.12 rows=36225612 width=4) (actual time=0.025..8996.480 rows=36244344 loops=1)
  ->  Hash  (cost=67604.59..67604.59 rows=60853 width=4) (actual time=1053.652..1053.652 rows=62568 loops=1)
        Buckets: 65536  Batches: 1  Memory Usage: 2712kB
        ->  Seq Scan on title t  (cost=0.00..67604.59 rows=60853 width=4) (actual time=0.057..1029.631 rows=62568 loops=1)
              Filter: (production_year = 2002)
              Rows Removed by Filter: 2465744
Planning time: 0.826 ms
Execution time: 22012.390 ms
