Seq Scan on cast_info ci  (cost=0.00..796071.18 rows=3546695 width=0) (actual time=4549.641..13947.554 rows=6627040 loops=1)
  Filter: ((person_id > 1842262) AND (role_id = 2))
  Rows Removed by Filter: 29617304
Planning time: 6.110 ms
Execution time: 14779.098 ms
