Hash Join  (cost=97588.55..177584.92 rows=758421 width=0) (actual time=3245.711..4553.479 rows=389634 loops=1)
  Hash Cond: (mc.movie_id = t.id)
  ->  Seq Scan on movie_companies mc  (cost=0.00..51404.11 rows=1329612 width=4) (actual time=0.023..1054.745 rows=1334883 loops=1)
        Filter: (company_type_id > 1)
        Rows Removed by Filter: 1274246
  ->  Hash  (cost=73925.90..73925.90 rows=1442292 width=4) (actual time=1931.389..1931.389 rows=1478438 loops=1)
        Buckets: 131072  Batches: 32  Memory Usage: 2651kB
        ->  Seq Scan on title t  (cost=0.00..73925.90 rows=1442292 width=4) (actual time=84.607..1447.422 rows=1478438 loops=1)
              Filter: ((production_year > 1921) AND (kind_id = 7))
              Rows Removed by Filter: 1049874
Planning time: 5.406 ms
Execution time: 4597.334 ms
