Seq Scan on movie_keyword mk  (cost=0.00..81003.12 rows=1211192 width=0) (actual time=0.026..1367.086 rows=1212659 loops=1)
  Filter: (keyword_id < 1527)
  Rows Removed by Filter: 3311271
Planning time: 0.393 ms
Execution time: 1522.610 ms
