Seq Scan on movie_keyword mk  (cost=0.00..81003.12 rows=636784 width=0) (actual time=0.026..1292.099 rows=649885 loops=1)
  Filter: (keyword_id > 28962)
  Rows Removed by Filter: 3874045
Planning time: 0.319 ms
Execution time: 1374.691 ms
