Hash Join  (cost=74394.67..103162.88 rows=13631 width=0) (actual time=1051.926..1714.651 rows=26441 loops=1)
  Hash Cond: (mi_idx.movie_id = t.id)
  ->  Seq Scan on movie_info_idx mi_idx  (cost=0.00..25185.44 rows=919057 width=4) (actual time=0.019..467.778 rows=920110 loops=1)
        Filter: (info_type_id > 99)
        Rows Removed by Filter: 459925
  ->  Hash  (cost=73925.90..73925.90 rows=37501 width=4) (actual time=1051.498..1051.498 rows=32253 loops=1)
        Buckets: 65536  Batches: 1  Memory Usage: 1646kB
        ->  Seq Scan on title t  (cost=0.00..73925.90 rows=37501 width=4) (actual time=0.247..1037.662 rows=32253 loops=1)
              Filter: ((kind_id < 7) AND (production_year = 2005))
              Rows Removed by Filter: 2496059
Planning time: 0.777 ms
Execution time: 1718.259 ms
