Hash Join  (cost=125618.41..881434.83 rows=502726 width=0) (actual time=2388.116..21676.785 rows=994226 loops=1)
  Hash Cond: (ci.movie_id = t.id)
  ->  Seq Scan on cast_info ci  (cost=0.00..614943.12 rows=36225612 width=4) (actual time=0.022..8948.940 rows=36244344 loops=1)
  ->  Hash  (cost=125179.78..125179.78 rows=35090 width=8) (actual time=2387.672..2387.672 rows=36330 loops=1)
        Buckets: 65536  Batches: 1  Memory Usage: 1932kB
        ->  Hash Join  (cost=68438.72..125179.78 rows=35090 width=8) (actual time=1145.604..2373.490 rows=36330 loops=1)
              Hash Cond: (mc.movie_id = t.id)
              ->  Seq Scan on movie_companies mc  (cost=0.00..51404.11 rows=1329612 width=4) (actual time=0.028..883.308 rows=1334883 loops=1)
                    Filter: (company_type_id = 2)
                    Rows Removed by Filter: 1274246
              ->  Hash  (cost=67604.59..67604.59 rows=66731 width=4) (actual time=1144.918..1144.918 rows=67342 loops=1)
                    Buckets: 131072  Batches: 1  Memory Usage: 3392kB
                    ->  Seq Scan on title t  (cost=0.00..67604.59 rows=66731 width=4) (actual time=0.016..1117.063 rows=67342 loops=1)
                          Filter: (production_year > 2012)
                          Rows Removed by Filter: 2460970
Planning time: 1.172 ms
Execution time: 21815.789 ms
