Hash Join  (cost=137392.50..225351.86 rows=130132 width=0) (actual time=2556.171..4737.726 rows=1120450 loops=1)
  Hash Cond: (mk.movie_id = t.id)
  ->  Seq Scan on movie_keyword mk  (cost=0.00..69693.30 rows=4523930 width=4) (actual time=0.023..1056.495 rows=4523930 loops=1)
  ->  Hash  (cost=136483.33..136483.33 rows=72734 width=8) (actual time=2555.427..2555.427 rows=21772 loops=1)
        Buckets: 131072  Batches: 1  Memory Usage: 1875kB
        ->  Hash Join  (cost=78556.72..136483.33 rows=72734 width=8) (actual time=1405.932..2547.027 rows=21772 loops=1)
              Hash Cond: (mc.movie_id = t.id)
              ->  Seq Scan on movie_companies mc  (cost=0.00..51404.11 rows=275507 width=4) (actual time=0.034..901.625 rows=271432 loops=1)
                    Filter: (company_id < 145)
                    Rows Removed by Filter: 2337697
              ->  Hash  (cost=67604.59..67604.59 rows=667531 width=4) (actual time=1403.802..1403.802 rows=662825 loops=1)
                    Buckets: 131072  Batches: 16  Memory Usage: 2476kB
                    ->  Seq Scan on title t  (cost=0.00..67604.59 rows=667531 width=4) (actual time=35.516..1196.703 rows=662825 loops=1)
                          Filter: (kind_id = 1)
                          Rows Removed by Filter: 1865487
Planning time: 1.179 ms
Execution time: 4881.621 ms
