Seq Scan on movie_keyword mk  (cost=0.00..81003.12 rows=246 width=0) (actual time=130.249..1194.195 rows=3 loops=1)
  Filter: (keyword_id = 3966)
  Rows Removed by Filter: 4523927
Planning time: 0.382 ms
Execution time: 1194.275 ms
