Nested Loop  (cost=0.43..52283.69 rows=104 width=0) (actual time=170.853..481.447 rows=8 loops=1)
  ->  Seq Scan on movie_companies mc  (cost=0.00..51404.11 rows=104 width=4) (actual time=170.754..481.118 rows=8 loops=1)
        Filter: (company_id = 91605)
        Rows Removed by Filter: 2609121
  ->  Index Only Scan using title_pkey on title t  (cost=0.43..8.45 rows=1 width=4) (actual time=0.035..0.036 rows=1 loops=8)
        Index Cond: (id = mc.movie_id)
        Heap Fetches: 8
Planning time: 0.557 ms
Execution time: 481.508 ms
