Hash Join  (cost=180104.30..1337384.05 rows=8427864 width=0) (actual time=5147.815..49352.668 rows=36231309 loops=1)
  Hash Cond: (ci.movie_id = t.id)
  ->  Seq Scan on cast_info ci  (cost=0.00..705507.15 rows=31554923 width=4) (actual time=0.053..17610.414 rows=31605208 loops=1)
        Filter: (role_id < 10)
        Rows Removed by Filter: 4639136
  ->  Hash  (cost=169023.63..169023.63 rows=675333 width=8) (actual time=5146.510..5146.510 rows=1454690 loops=1)
        Buckets: 131072 (originally 131072)  Batches: 32 (originally 16)  Memory Usage: 3073kB
        ->  Hash Join  (cost=84663.78..169023.63 rows=675333 width=8) (actual time=1509.820..4230.243 rows=1454690 loops=1)
              Hash Cond: (mc.movie_id = t.id)
              ->  Seq Scan on movie_companies mc  (cost=0.00..44881.29 rows=2609129 width=4) (actual time=0.024..926.367 rows=2609129 loops=1)
              ->  Hash  (cost=73925.90..73925.90 rows=654470 width=4) (actual time=1508.862..1508.862 rows=686054 loops=1)
                    Buckets: 131072  Batches: 16  Memory Usage: 2531kB
                    ->  Seq Scan on title t  (cost=0.00..73925.90 rows=654470 width=4) (actual time=0.010..1288.955 rows=686054 loops=1)
                          Filter: ((kind_id < 4) AND (production_year < 2010))
                          Rows Removed by Filter: 1842258
Planning time: 2.547 ms
Execution time: 53307.785 ms
