Seq Scan on movie_keyword mk  (cost=0.00..81003.12 rows=4081444 width=0) (actual time=0.025..1355.531 rows=4083717 loops=1)
  Filter: (keyword_id < 40088)
  Rows Removed by Filter: 440213
Planning time: 0.338 ms
Execution time: 1789.553 ms
