Hash Join  (cost=82805.75..156112.90 rows=282996 width=0) (actual time=1516.763..3471.926 rows=458925 loops=1)
  Hash Cond: (mc.movie_id = t.id)
  ->  Seq Scan on movie_companies mc  (cost=0.00..57926.93 rows=772336 width=4) (actual time=92.492..1221.036 rows=993264 loops=1)
        Filter: ((company_id > 7126) AND (company_type_id = 2))
        Rows Removed by Filter: 1615865
  ->  Hash  (cost=67604.59..67604.59 rows=926493 width=4) (actual time=1423.033..1423.033 rows=924605 loops=1)
        Buckets: 131072  Batches: 16  Memory Usage: 3056kB
        ->  Seq Scan on title t  (cost=0.00..67604.59 rows=926493 width=4) (actual time=0.036..1152.242 rows=924605 loops=1)
              Filter: (production_year < 1998)
              Rows Removed by Filter: 1603707
Planning time: 0.726 ms
Execution time: 3528.999 ms
