Hash Join  (cost=126183.71..514116.56 rows=1895 width=0) (actual time=2048.257..9950.428 rows=36902 loops=1)
  Hash Cond: (mi.movie_id = t.id)
  ->  Seq Scan on movie_info mi  (cost=0.00..346232.03 rows=11115165 width=4) (actual time=107.072..6289.890 rows=11210743 loops=1)
        Filter: (info_type_id > 3)
        Rows Removed by Filter: 3624977
  ->  Hash  (cost=126178.33..126178.33 rows=431 width=8) (actual time=1941.081..1941.081 rows=2057 loops=1)
        Buckets: 4096 (originally 1024)  Batches: 1 (originally 1)  Memory Usage: 113kB
        ->  Hash Join  (cost=67697.55..126178.33 rows=431 width=8) (actual time=1192.857..1940.055 rows=2057 loops=1)
              Hash Cond: (mc.movie_id = t.id)
              ->  Seq Scan on movie_companies mc  (cost=0.00..57926.93 rows=146542 width=4) (actual time=108.491..802.334 rows=224384 loops=1)
                    Filter: ((company_id < 160) AND (company_type_id = 1))
                    Rows Removed by Filter: 2384745
              ->  Hash  (cost=67604.59..67604.59 rows=7437 width=4) (actual time=1084.282..1084.282 rows=14779 loops=1)
                    Buckets: 16384 (originally 8192)  Batches: 1 (originally 1)  Memory Usage: 648kB
                    ->  Seq Scan on title t  (cost=0.00..67604.59 rows=7437 width=4) (actual time=0.044..1077.224 rows=14779 loops=1)
                          Filter: (production_year = 1980)
                          Rows Removed by Filter: 2513533
Planning time: 1.226 ms
Execution time: 9956.192 ms
