Hash Join  (cost=82012.37..164073.36 rows=508547 width=0) (actual time=1794.187..3431.736 rows=302787 loops=1)
  Hash Cond: (mc.movie_id = t.id)
  ->  Seq Scan on movie_companies mc  (cost=0.00..44881.29 rows=2609129 width=4) (actual time=0.020..892.155 rows=2609129 loops=1)
  ->  Hash  (cost=73925.90..73925.90 rows=492837 width=4) (actual time=1301.375..1301.375 rows=379345 loops=1)
        Buckets: 131072  Batches: 8  Memory Usage: 2677kB
        ->  Seq Scan on title t  (cost=0.00..73925.90 rows=492837 width=4) (actual time=0.025..1176.311 rows=379345 loops=1)
              Filter: ((production_year < 1995) AND (kind_id = 7))
              Rows Removed by Filter: 2148967
Planning time: 0.744 ms
Execution time: 3466.344 ms
