Hash Join  (cost=134092.10..946104.53 rows=67901 width=0) (actual time=2546.712..18708.800 rows=390126 loops=1)
  Hash Cond: (ci.movie_id = t.id)
  ->  Seq Scan on cast_info ci  (cost=0.00..796071.18 rows=4069931 width=4) (actual time=0.022..13525.031 rows=8282741 loops=1)
        Filter: ((person_id < 1130321) AND (role_id = 1))
        Rows Removed by Filter: 27961603
  ->  Hash  (cost=133564.78..133564.78 rows=42185 width=8) (actual time=2546.335..2546.335 rows=60035 loops=1)
        Buckets: 65536  Batches: 1  Memory Usage: 2858kB
        ->  Hash Join  (cost=69283.60..133564.78 rows=42185 width=8) (actual time=1219.780..2523.522 rows=60035 loops=1)
              Hash Cond: (mc.movie_id = t.id)
              ->  Seq Scan on movie_companies mc  (cost=0.00..51404.11 rows=1042459 width=4) (actual time=0.016..971.227 rows=1051005 loops=1)
                    Filter: (company_id > 14921)
                    Rows Removed by Filter: 1558124
              ->  Hash  (cost=67604.59..67604.59 rows=102321 width=4) (actual time=1123.231..1123.231 rows=100537 loops=1)
                    Buckets: 131072  Batches: 2  Memory Usage: 2797kB
                    ->  Seq Scan on title t  (cost=0.00..67604.59 rows=102321 width=4) (actual time=446.445..1086.952 rows=100537 loops=1)
                          Filter: (kind_id = 3)
                          Rows Removed by Filter: 2427775
Planning time: 10.148 ms
Execution time: 18765.053 ms
