Seq Scan on movie_companies mc  (cost=0.00..57926.93 rows=414646 width=0) (actual time=444.461..993.657 rows=97269 loops=1)
  Filter: ((company_id > 24761) AND (company_type_id < 2))
  Rows Removed by Filter: 2511860
Planning time: 0.321 ms
Execution time: 1007.000 ms
