Nested Loop  (cost=0.43..52283.95 rows=79 width=0) (actual time=0.165..862.620 rows=1381 loops=1)
  ->  Seq Scan on movie_companies mc  (cost=0.00..51404.11 rows=104 width=4) (actual time=0.118..822.898 rows=1381 loops=1)
        Filter: (company_id = 1102)
        Rows Removed by Filter: 2607748
  ->  Index Scan using title_pkey on title t  (cost=0.43..8.45 rows=1 width=4) (actual time=0.027..0.028 rows=1 loops=1381)
        Index Cond: (id = mc.movie_id)
        Filter: (production_year < 2010)
Planning time: 0.820 ms
Execution time: 863.086 ms
