Seq Scan on movie_companies mc  (cost=0.00..57926.93 rows=53 width=0) (actual time=14.797..983.527 rows=190 loops=1)
  Filter: ((company_type_id > 1) AND (company_id = 9482))
  Rows Removed by Filter: 2608939
Planning time: 0.350 ms
Execution time: 983.655 ms
