Hash Join  (cost=246269.94..783656.55 rows=5752270 width=0) (actual time=5818.550..18861.667 rows=2735961 loops=1)
  Hash Cond: (mi.movie_id = t.id)
  ->  Seq Scan on movie_info mi  (cost=0.00..346232.03 rows=11115165 width=4) (actual time=0.013..6738.902 rows=11210743 loops=1)
        Filter: (info_type_id > 3)
        Rows Removed by Filter: 3624977
  ->  Hash  (cost=224801.04..224801.04 rows=1308552 width=8) (actual time=5752.483..5752.483 rows=307117 loops=1)
        Buckets: 131072  Batches: 32  Memory Usage: 1406kB
        ->  Hash Join  (cost=92508.29..224801.04 rows=1308552 width=8) (actual time=2212.870..5654.774 rows=307117 loops=1)
              Hash Cond: (mk.movie_id = t.id)
              ->  Seq Scan on movie_keyword mk  (cost=0.00..81003.12 rows=2921362 width=4) (actual time=0.027..1607.998 rows=2908784 loops=1)
                    Filter: (keyword_id < 9363)
                    Rows Removed by Filter: 1615146
              ->  Hash  (cost=73925.90..73925.90 rows=1132591 width=4) (actual time=1884.104..1884.104 rows=1224674 loops=1)
                    Buckets: 131072  Batches: 16  Memory Usage: 3733kB
                    ->  Seq Scan on title t  (cost=0.00..73925.90 rows=1132591 width=4) (actual time=0.022..1486.290 rows=1224674 loops=1)
                          Filter: ((production_year > 1985) AND (kind_id = 7))
                          Rows Removed by Filter: 1303638
Planning time: 7.034 ms
Execution time: 19137.479 ms
