Hash Join  (cost=135235.42..1208277.02 rows=3819644 width=0) (actual time=2930.254..34479.864 rows=7770302 loops=1)
  Hash Cond: (ci.movie_id = t.id)
  ->  Seq Scan on cast_info ci  (cost=0.00..614943.12 rows=36225612 width=4) (actual time=0.016..13597.907 rows=36244344 loops=1)
  ->  Hash  (cost=130860.80..130860.80 rows=266609 width=8) (actual time=2928.862..2928.862 rows=243300 loops=1)
        Buckets: 131072  Batches: 4  Memory Usage: 3396kB
        ->  Hash Join  (cost=91959.31..130860.80 rows=266609 width=8) (actual time=1821.541..2854.611 rows=243300 loops=1)
              Hash Cond: (mi_idx.movie_id = t.id)
              ->  Seq Scan on movie_info_idx mi_idx  (cost=0.00..25185.44 rows=454124 width=4) (actual time=0.026..482.623 rows=459925 loops=1)
                    Filter: (info_type_id = 100)
                    Rows Removed by Filter: 920110
              ->  Hash  (cost=67604.59..67604.59 rows=1484458 width=4) (actual time=1819.901..1819.901 rows=1485030 loops=1)
                    Buckets: 131072  Batches: 32  Memory Usage: 2655kB
                    ->  Seq Scan on title t  (cost=0.00..67604.59 rows=1484458 width=4) (actual time=0.015..1360.505 rows=1485030 loops=1)
                          Filter: (production_year > 1998)
                          Rows Removed by Filter: 1043282
Planning time: 1.309 ms
Execution time: 35321.422 ms
