Hash Join  (cost=102767.86..1014112.23 rows=4380012 width=0) (actual time=2113.467..23253.335 rows=8956430 loops=1)
  Hash Cond: (ci.movie_id = t.id)
  ->  Seq Scan on cast_info ci  (cost=0.00..796071.18 rows=4380012 width=4) (actual time=174.014..13911.641 rows=8956430 loops=1)
        Filter: ((person_id < 1221797) AND (role_id < 2))
        Rows Removed by Filter: 27287914
  ->  Hash  (cost=61283.27..61283.27 rows=2528527 width=4) (actual time=1938.128..1938.128 rows=2528312 loops=1)
        Buckets: 131072  Batches: 64  Memory Usage: 2415kB
        ->  Seq Scan on title t  (cost=0.00..61283.27 rows=2528527 width=4) (actual time=0.029..1093.890 rows=2528312 loops=1)
Planning time: 0.792 ms
Execution time: 24270.264 ms
