Seq Scan on movie_companies mc  (cost=0.00..57926.93 rows=1280 width=0) (actual time=244.531..883.742 rows=1006 loops=1)
  Filter: ((company_type_id < 2) AND (company_id = 2805))
  Rows Removed by Filter: 2608123
Planning time: 0.441 ms
Execution time: 884.080 ms
