Seq Scan on cast_info ci  (cost=0.00..796071.18 rows=9540712 width=0) (actual time=4481.203..14966.132 rows=6229290 loops=1)
  Filter: ((person_id > 879270) AND (role_id = 1))
  Rows Removed by Filter: 30015054
Planning time: 0.394 ms
Execution time: 15723.676 ms
