Hash Join  (cost=74530.73..442007.14 rows=282048 width=0) (actual time=1223.190..9876.171 rows=94112 loops=1)
  Hash Cond: (mi.movie_id = t.id)
  ->  Seq Scan on movie_info mi  (cost=0.00..309384.22 rows=14739122 width=4) (actual time=0.021..4522.637 rows=14835720 loops=1)
  ->  Hash  (cost=73925.90..73925.90 rows=48386 width=4) (actual time=1207.383..1207.383 rows=45023 loops=1)
        Buckets: 65536  Batches: 1  Memory Usage: 2095kB
        ->  Seq Scan on title t  (cost=0.00..73925.90 rows=48386 width=4) (actual time=0.040..1188.572 rows=45023 loops=1)
              Filter: ((kind_id > 1) AND (production_year = 2013))
              Rows Removed by Filter: 2483289
Planning time: 0.762 ms
Execution time: 9891.682 ms
