Hash Join  (cost=102767.86..299070.67 rows=4381150 width=0) (actual time=1932.687..8048.112 rows=4382649 loops=1)
  Hash Cond: (mk.movie_id = t.id)
  ->  Seq Scan on movie_keyword mk  (cost=0.00..81003.12 rows=4381150 width=4) (actual time=0.022..1858.358 rows=4382649 loops=1)
        Filter: (keyword_id < 74869)
        Rows Removed by Filter: 141281
  ->  Hash  (cost=61283.27..61283.27 rows=2528527 width=4) (actual time=1928.245..1928.245 rows=2528312 loops=1)
        Buckets: 131072  Batches: 64  Memory Usage: 2425kB
        ->  Seq Scan on title t  (cost=0.00..61283.27 rows=2528527 width=4) (actual time=0.010..1035.602 rows=2528312 loops=1)
Planning time: 0.682 ms
Execution time: 8556.214 ms
