Hash Join  (cost=108005.50..472679.97 rows=1854 width=0) (actual time=967.353..8281.251 rows=30543 loops=1)
  Hash Cond: (mi.movie_id = t.id)
  ->  Seq Scan on movie_info mi  (cost=0.00..309384.22 rows=14739122 width=4) (actual time=0.013..4230.964 rows=14835720 loops=1)
  ->  Hash  (cost=108001.52..108001.52 rows=318 width=8) (actual time=960.181..960.181 rows=3992 loops=1)
        Buckets: 4096 (originally 1024)  Batches: 1 (originally 1)  Memory Usage: 188kB
        ->  Nested Loop  (cost=0.43..108001.52 rows=318 width=8) (actual time=134.252..958.220 rows=3992 loops=1)
              ->  Seq Scan on movie_companies mc  (cost=0.00..51404.11 rows=8349 width=4) (actual time=0.127..772.469 rows=9025 loops=1)
                    Filter: (company_id = 225)
                    Rows Removed by Filter: 2600104
              ->  Index Scan using title_pkey on title t  (cost=0.43..6.77 rows=1 width=4) (actual time=0.020..0.020 rows=0 loops=9025)
                    Index Cond: (id = mc.movie_id)
                    Filter: ((production_year > 1917) AND (kind_id = 3))
                    Rows Removed by Filter: 1
Planning time: 0.855 ms
Execution time: 8286.582 ms
