Hash Join  (cost=76440.79..891650.46 rows=264964 width=0) (actual time=9774.951..13572.845 rows=116612 loops=1)
  Hash Cond: (ci.movie_id = t.id)
  ->  Seq Scan on cast_info ci  (cost=0.00..796071.18 rows=1243962 width=4) (actual time=8562.784..11873.922 rows=865874 loops=1)
        Filter: ((person_id < 1098529) AND (role_id = 3))
        Rows Removed by Filter: 35378470
  ->  Hash  (cost=67604.59..67604.59 rows=538576 width=4) (actual time=1210.423..1210.423 rows=538190 loops=1)
        Buckets: 131072  Batches: 8  Memory Usage: 3380kB
        ->  Seq Scan on title t  (cost=0.00..67604.59 rows=538576 width=4) (actual time=0.032..1027.340 rows=538190 loops=1)
              Filter: (production_year < 1982)
              Rows Removed by Filter: 1990122
Planning time: 0.752 ms
Execution time: 13585.209 ms
