Hash Join  (cost=102767.86..225593.15 rows=2557611 width=0) (actual time=2066.541..5695.547 rows=2558731 loops=1)
  Hash Cond: (mc.movie_id = t.id)
  ->  Seq Scan on movie_companies mc  (cost=0.00..51404.11 rows=2557611 width=4) (actual time=0.028..1210.461 rows=2558731 loops=1)
        Filter: (company_id < 191132)
        Rows Removed by Filter: 50398
  ->  Hash  (cost=61283.27..61283.27 rows=2528527 width=4) (actual time=2064.891..2064.891 rows=2528312 loops=1)
        Buckets: 131072  Batches: 64  Memory Usage: 2415kB
        ->  Seq Scan on title t  (cost=0.00..61283.27 rows=2528527 width=4) (actual time=0.016..1204.420 rows=2528312 loops=1)
Planning time: 0.691 ms
Execution time: 5991.111 ms
