Hash Join  (cost=629125.43..2260544.20 rows=36135249 width=0) (actual time=18156.872..85086.523 rows=138749254 loops=1)
  Hash Cond: (ci.movie_id = t.id)
  ->  Seq Scan on cast_info ci  (cost=0.00..614943.12 rows=36225612 width=4) (actual time=0.019..13130.919 rows=36244344 loops=1)
  ->  Hash  (cost=587744.68..587744.68 rows=2522220 width=8) (actual time=18154.364..18154.364 rows=3890063 loops=1)
        Buckets: 131072  Batches: 64  Memory Usage: 3437kB
        ->  Hash Join  (cost=81025.55..587744.68 rows=2522220 width=8) (actual time=1742.186..16625.226 rows=3890063 loops=1)
              Hash Cond: (mi.movie_id = t.id)
              ->  Seq Scan on movie_info mi  (cost=0.00..309384.22 rows=14739122 width=4) (actual time=0.012..5948.320 rows=14835720 loops=1)
              ->  Hash  (cost=73925.90..73925.90 rows=432692 width=4) (actual time=1739.484..1739.484 rows=368246 loops=1)
                    Buckets: 131072  Batches: 8  Memory Usage: 2645kB
                    ->  Seq Scan on title t  (cost=0.00..73925.90 rows=432692 width=4) (actual time=0.024..1139.309 rows=368246 loops=1)
                          Filter: ((kind_id < 7) AND (production_year > 2004))
                          Rows Removed by Filter: 2160066
Planning time: 1.152 ms
Execution time: 99757.590 ms
