Seq Scan on movie_keyword mk  (cost=0.00..81003.12 rows=3026948 width=0) (actual time=0.023..1566.723 rows=3007190 loops=1)
  Filter: (keyword_id < 10661)
  Rows Removed by Filter: 1516740
Planning time: 0.355 ms
Execution time: 1942.285 ms
