Hash Join  (cost=220278.14..1389557.90 rows=13188056 width=0) (actual time=5383.754..46793.394 rows=49797576 loops=1)
  Hash Cond: (ci.movie_id = t.id)
  ->  Seq Scan on cast_info ci  (cost=0.00..614943.12 rows=36225612 width=4) (actual time=0.019..13041.852 rows=36244344 loops=1)
  ->  Hash  (cost=205175.66..205175.66 rows=920519 width=8) (actual time=5382.797..5382.797 rows=1186425 loops=1)
        Buckets: 131072  Batches: 16  Memory Usage: 3929kB
        ->  Hash Join  (cost=89762.59..205175.66 rows=920519 width=8) (actual time=2070.815..5020.656 rows=1186425 loops=1)
              Hash Cond: (mk.movie_id = t.id)
              ->  Seq Scan on movie_keyword mk  (cost=0.00..81003.12 rows=1723401 width=4) (actual time=0.032..1535.356 rows=1726412 loops=1)
                    Filter: (keyword_id < 2802)
                    Rows Removed by Filter: 2797518
              ->  Hash  (cost=67604.59..67604.59 rows=1350560 width=4) (actual time=2069.742..2069.742 rows=1348293 loops=1)
                    Buckets: 131072  Batches: 32  Memory Usage: 2513kB
                    ->  Seq Scan on title t  (cost=0.00..67604.59 rows=1350560 width=4) (actual time=0.035..1291.967 rows=1348293 loops=1)
                          Filter: (production_year < 2005)
                          Rows Removed by Filter: 1180019
Planning time: 1.135 ms
Execution time: 51815.223 ms
