Seq Scan on movie_companies mc  (cost=0.00..57926.93 rows=805405 width=0) (actual time=0.021..1041.977 rows=1105573 loops=1)
  Filter: ((company_id < 17455) AND (company_type_id < 2))
  Rows Removed by Filter: 1503556
Planning time: 0.346 ms
Execution time: 1181.003 ms
