Hash Join  (cost=286660.29..396853.38 rows=2312715 width=0) (actual time=6514.678..12714.429 rows=17724254 loops=1)
  Hash Cond: (mc.movie_id = t.id)
  ->  Seq Scan on movie_companies mc  (cost=0.00..44881.29 rows=2609129 width=4) (actual time=0.024..890.513 rows=2609129 loops=1)
  ->  Hash  (cost=249889.42..249889.42 rows=2241270 width=8) (actual time=6513.329..6513.329 rows=2347800 loops=1)
        Buckets: 131072  Batches: 32  Memory Usage: 3875kB
        ->  Hash Join  (cost=106685.10..249889.42 rows=2241270 width=8) (actual time=2117.159..5862.404 rows=2347800 loops=1)
              Hash Cond: (mk.movie_id = t.id)
              ->  Seq Scan on movie_keyword mk  (cost=0.00..81003.12 rows=2379099 width=4) (actual time=0.021..1619.428 rows=2380424 loops=1)
                    Filter: (keyword_id < 5457)
                    Rows Removed by Filter: 2143506
              ->  Hash  (cost=67604.59..67604.59 rows=2382041 width=4) (actual time=2115.884..2115.884 rows=2378352 loops=1)
                    Buckets: 131072  Batches: 32  Memory Usage: 3648kB
                    ->  Seq Scan on title t  (cost=0.00..67604.59 rows=2382041 width=4) (actual time=0.022..1331.946 rows=2378352 loops=1)
                          Filter: (production_year > 1917)
                          Rows Removed by Filter: 149960
Planning time: 1.864 ms
Execution time: 14608.060 ms
