Seq Scan on movie_keyword mk  (cost=0.00..81003.12 rows=3169407 width=0) (actual time=0.022..1541.138 rows=3158515 loops=1)
  Filter: (keyword_id < 12249)
  Rows Removed by Filter: 1365415
Planning time: 0.316 ms
Execution time: 1938.724 ms
