Hash Join  (cost=73962.22..438787.48 rows=16934 width=0) (actual time=1162.010..8716.554 rows=63355 loops=1)
  Hash Cond: (mi.movie_id = t.id)
  ->  Seq Scan on movie_info mi  (cost=0.00..309384.22 rows=14739122 width=4) (actual time=0.024..4354.549 rows=14835720 loops=1)
  ->  Hash  (cost=73925.90..73925.90 rows=2905 width=4) (actual time=1161.373..1161.373 rows=6232 loops=1)
        Buckets: 8192 (originally 4096)  Batches: 1 (originally 1)  Memory Usage: 284kB
        ->  Seq Scan on title t  (cost=0.00..73925.90 rows=2905 width=4) (actual time=0.040..1158.280 rows=6232 loops=1)
              Filter: ((kind_id < 7) AND (production_year = 1970))
              Rows Removed by Filter: 2522080
Planning time: 1.381 ms
Execution time: 8728.518 ms
