Seq Scan on movie_companies mc  (cost=0.00..57926.93 rows=382934 width=0) (actual time=298.583..991.660 rows=701712 loops=1)
  Filter: ((company_id > 36031) AND (company_type_id = 2))
  Rows Removed by Filter: 1907417
Planning time: 0.387 ms
Execution time: 1081.251 ms
