Hash Join  (cost=258242.63..855747.84 rows=9304038 width=0) (actual time=5022.809..36479.441 rows=77815258 loops=1)
  Hash Cond: (mi.movie_id = t.id)
  ->  Seq Scan on movie_info mi  (cost=0.00..309384.22 rows=14739122 width=4) (actual time=0.019..6362.312 rows=14835720 loops=1)
  ->  Hash  (cost=232056.05..232056.05 rows=1596127 width=8) (actual time=5020.407..5020.407 rows=1603186 loops=1)
        Buckets: 131072  Batches: 32  Memory Usage: 3041kB
        ->  Hash Join  (cost=102767.86..232056.05 rows=1596127 width=8) (actual time=1815.465..4664.164 rows=1603186 loops=1)
              Hash Cond: (mk.movie_id = t.id)
              ->  Seq Scan on movie_keyword mk  (cost=0.00..81003.12 rows=1596127 width=4) (actual time=0.017..1474.355 rows=1603186 loops=1)
                    Filter: (keyword_id < 2485)
                    Rows Removed by Filter: 2920744
              ->  Hash  (cost=61283.27..61283.27 rows=2528527 width=4) (actual time=1813.506..1813.506 rows=2528312 loops=1)
                    Buckets: 131072  Batches: 64  Memory Usage: 2425kB
                    ->  Seq Scan on title t  (cost=0.00..61283.27 rows=2528527 width=4) (actual time=0.022..972.548 rows=2528312 loops=1)
Planning time: 1.078 ms
Execution time: 44982.345 ms
