Seq Scan on cast_info ci  (cost=0.00..705507.15 rows=26832518 width=0) (actual time=0.023..12116.674 rows=26861205 loops=1)
  Filter: (person_id < 2765382)
  Rows Removed by Filter: 9383139
Planning time: 0.353 ms
Execution time: 15215.200 ms
