Seq Scan on movie_companies mc  (cost=0.00..57926.93 rows=942112 width=0) (actual time=187.148..1169.428 rows=627242 loops=1)
  Filter: ((company_id < 34551) AND (company_type_id > 1))
  Rows Removed by Filter: 1981887
Planning time: 0.357 ms
Execution time: 1246.370 ms
