Seq Scan on movie_keyword mk  (cost=0.00..81003.12 rows=4976 width=0) (actual time=6.362..1236.339 rows=4036 loops=1)
  Filter: (keyword_id = 7763)
  Rows Removed by Filter: 4519894
Planning time: 0.368 ms
Execution time: 1237.464 ms
