Seq Scan on movie_keyword mk  (cost=0.00..81003.12 rows=246 width=0) (actual time=743.650..1223.902 rows=1 loops=1)
  Filter: (keyword_id = 69078)
  Rows Removed by Filter: 4523929
Planning time: 0.256 ms
Execution time: 1223.978 ms
