Hash Join  (cost=83891.93..451325.18 rows=323871 width=0) (actual time=5083.244..7568.774 rows=632490 loops=1)
  Hash Cond: (mi.movie_id = t.id)
  ->  Seq Scan on movie_info mi  (cost=0.00..346232.03 rows=1348138 width=4) (actual time=3699.280..5115.966 rows=1298989 loops=1)
        Filter: (info_type_id = 4)
        Rows Removed by Filter: 13536731
  ->  Hash  (cost=73925.90..73925.90 rows=607442 width=4) (actual time=1352.977..1352.977 rows=675690 loops=1)
        Buckets: 131072  Batches: 8  Memory Usage: 4021kB
        ->  Seq Scan on title t  (cost=0.00..73925.90 rows=607442 width=4) (actual time=0.046..1138.743 rows=675690 loops=1)
              Filter: ((kind_id < 7) AND (production_year < 2007))
              Rows Removed by Filter: 1852622
Planning time: 0.828 ms
Execution time: 7649.080 ms
