Hash Join  (cost=76277.08..113122.75 rows=51860 width=0) (actual time=1362.526..1963.506 rows=6196 loops=1)
  Hash Cond: (mi_idx.movie_id = t.id)
  ->  Seq Scan on movie_info_idx mi_idx  (cost=0.00..25185.44 rows=915101 width=4) (actual time=0.020..534.667 rows=919850 loops=1)
        Filter: (info_type_id < 101)
        Rows Removed by Filter: 460185
  ->  Hash  (cost=73925.90..73925.90 rows=143294 width=4) (actual time=1144.833..1144.833 rows=39745 loops=1)
        Buckets: 131072  Batches: 2  Memory Usage: 1721kB
        ->  Seq Scan on title t  (cost=0.00..73925.90 rows=143294 width=4) (actual time=0.042..1129.210 rows=39745 loops=1)
              Filter: ((production_year < 1959) AND (kind_id = 7))
              Rows Removed by Filter: 2488567
Planning time: 0.862 ms
Execution time: 1964.393 ms
