Hash Join  (cost=129792.28..477858.90 rows=6476 width=0) (actual time=7300.986..8016.963 rows=449749 loops=1)
  Hash Cond: (mi.movie_id = t.id)
  ->  Seq Scan on movie_info mi  (cost=0.00..346232.03 rows=471955 width=4) (actual time=4724.847..5353.308 rows=543367 loops=1)
        Filter: (info_type_id > 98)
        Rows Removed by Filter: 14292353
  ->  Hash  (cost=129358.62..129358.62 rows=34693 width=8) (actual time=2448.377..2448.377 rows=50341 loops=1)
        Buckets: 65536  Batches: 1  Memory Usage: 2479kB
        ->  Hash Join  (cost=74346.17..129358.62 rows=34693 width=8) (actual time=984.429..2430.597 rows=50341 loops=1)
              Hash Cond: (mc.movie_id = t.id)
              ->  Seq Scan on movie_companies mc  (cost=0.00..44881.29 rows=2609129 width=4) (actual time=0.025..772.952 rows=2609129 loops=1)
              ->  Hash  (cost=73925.90..73925.90 rows=33621 width=4) (actual time=984.053..984.053 rows=28104 loops=1)
                    Buckets: 65536  Batches: 1  Memory Usage: 1501kB
                    ->  Seq Scan on title t  (cost=0.00..73925.90 rows=33621 width=4) (actual time=140.965..972.437 rows=28104 loops=1)
                          Filter: ((kind_id = 1) AND (production_year = 2009))
                          Rows Removed by Filter: 2500208
Planning time: 1.210 ms
Execution time: 8069.039 ms
