Seq Scan on movie_keyword mk  (cost=0.00..81003.12 rows=1628018 width=0) (actual time=0.014..1461.854 rows=1639195 loops=1)
  Filter: (keyword_id > 9032)
  Rows Removed by Filter: 2884735
Planning time: 0.210 ms
Execution time: 1660.288 ms
