Seq Scan on movie_companies mc  (cost=0.00..57926.93 rows=192086 width=0) (actual time=219.497..954.218 rows=298420 loops=1)
  Filter: ((company_id < 236) AND (company_type_id < 2))
  Rows Removed by Filter: 2310709
Planning time: 0.393 ms
Execution time: 993.459 ms
