Seq Scan on movie_companies mc  (cost=0.00..57926.93 rows=388564 width=0) (actual time=0.022..941.968 rows=224140 loops=1)
  Filter: ((company_id < 1504) AND (company_type_id = 2))
  Rows Removed by Filter: 2384989
Planning time: 2.981 ms
Execution time: 969.730 ms
