Hash Join  (cost=83074.74..863692.54 rows=1948 width=0) (actual time=1405.395..19128.885 rows=100134 loops=1)
  Hash Cond: (ci.movie_id = t.id)
  ->  Seq Scan on cast_info ci  (cost=0.00..705507.15 rows=20024311 width=4) (actual time=0.024..14451.105 rows=20122661 loops=1)
        Filter: (role_id < 3)
        Rows Removed by Filter: 16121683
  ->  Hash  (cost=83071.67..83071.67 rows=246 width=8) (actual time=1405.020..1405.020 rows=2926 loops=1)
        Buckets: 4096 (originally 1024)  Batches: 1 (originally 1)  Memory Usage: 147kB
        ->  Nested Loop  (cost=0.43..83071.67 rows=246 width=8) (actual time=0.124..1403.047 rows=2926 loops=1)
              ->  Seq Scan on movie_keyword mk  (cost=0.00..81003.12 rows=246 width=4) (actual time=0.071..1306.937 rows=2926 loops=1)
                    Filter: (keyword_id = 3287)
                    Rows Removed by Filter: 4521004
              ->  Index Only Scan using title_pkey on title t  (cost=0.43..8.40 rows=1 width=4) (actual time=0.031..0.032 rows=1 loops=2926)
                    Index Cond: (id = mk.movie_id)
                    Heap Fetches: 2926
Planning time: 1.108 ms
Execution time: 19148.010 ms
