Nested Loop  (cost=0.43..58375.18 rows=53 width=0) (actual time=92.320..798.208 rows=9 loops=1)
  ->  Seq Scan on movie_companies mc  (cost=0.00..57926.93 rows=53 width=4) (actual time=92.191..797.862 rows=9 loops=1)
        Filter: ((company_id = 76895) AND (company_type_id = 2))
        Rows Removed by Filter: 2609120
  ->  Index Only Scan using title_pkey on title t  (cost=0.43..8.45 rows=1 width=4) (actual time=0.034..0.035 rows=1 loops=9)
        Index Cond: (id = mc.movie_id)
        Heap Fetches: 9
Planning time: 0.715 ms
Execution time: 798.281 ms
