Hash Join  (cost=74461.72..129569.55 rows=44231 width=0) (actual time=1292.436..2696.187 rows=30574 loops=1)
  Hash Cond: (mc.movie_id = t.id)
  ->  Seq Scan on movie_companies mc  (cost=0.00..44881.29 rows=2609129 width=4) (actual time=0.026..663.591 rows=2609129 loops=1)
  ->  Hash  (cost=73925.90..73925.90 rows=42865 width=4) (actual time=1291.925..1291.925 rows=49850 loops=1)
        Buckets: 65536  Batches: 1  Memory Usage: 2265kB
        ->  Seq Scan on title t  (cost=0.00..73925.90 rows=42865 width=4) (actual time=0.031..1271.091 rows=49850 loops=1)
              Filter: ((kind_id > 1) AND (production_year = 2001))
              Rows Removed by Filter: 2478462
Planning time: 0.742 ms
Execution time: 2701.022 ms
