Seq Scan on movie_companies mc  (cost=0.00..51404.11 rows=594457 width=0) (actual time=0.018..1037.039 rows=600806 loops=1)
  Filter: (company_id > 67491)
  Rows Removed by Filter: 2008323
Planning time: 1.267 ms
Execution time: 1111.825 ms
