Hash Join  (cost=842372.82..3671599.86 rows=132460136 width=0) (actual time=20237.702..124680.834 rows=242525454 loops=1)
  Hash Cond: (ci.movie_id = t.id)
  ->  Seq Scan on cast_info ci  (cost=0.00..705507.15 rows=35343820 width=4) (actual time=0.016..17838.523 rows=35326750 loops=1)
        Filter: (person_id < 3886179)
        Rows Removed by Filter: 917594
  ->  Hash  (cost=686901.94..686901.94 rows=9476311 width=8) (actual time=20235.452..20235.452 rows=9565151 loops=1)
        Buckets: 131072  Batches: 128  Memory Usage: 3919kB
        ->  Hash Join  (cost=102767.86..686901.94 rows=9476311 width=8) (actual time=2103.868..17230.934 rows=9565151 loops=1)
              Hash Cond: (mi.movie_id = t.id)
              ->  Seq Scan on movie_info mi  (cost=0.00..346232.03 rows=9476311 width=4) (actual time=59.474..6893.507 rows=9565151 loops=1)
                    Filter: (info_type_id < 16)
                    Rows Removed by Filter: 5270569
              ->  Hash  (cost=61283.27..61283.27 rows=2528527 width=4) (actual time=2043.545..2043.545 rows=2528312 loops=1)
                    Buckets: 131072  Batches: 64  Memory Usage: 2425kB
                    ->  Seq Scan on title t  (cost=0.00..61283.27 rows=2528527 width=4) (actual time=0.022..1162.082 rows=2528312 loops=1)
Planning time: 1.451 ms
Execution time: 151944.518 ms
