Hash Join  (cost=167598.13..920959.16 rows=13114 width=0) (actual time=7281.649..19350.809 rows=179578 loops=1)
  Hash Cond: (ci.movie_id = t.id)
  ->  Seq Scan on cast_info ci  (cost=0.00..705507.15 rows=12726058 width=4) (actual time=3930.349..13980.301 rows=12670688 loops=1)
        Filter: (role_id < 2)
        Rows Removed by Filter: 23573656
  ->  Hash  (cost=167565.55..167565.55 rows=2606 width=8) (actual time=3351.003..3351.003 rows=9767 loops=1)
        Buckets: 16384 (originally 4096)  Batches: 1 (originally 1)  Memory Usage: 510kB
        ->  Hash Join  (cost=73950.44..167565.55 rows=2606 width=8) (actual time=1217.050..3347.390 rows=9767 loops=1)
              Hash Cond: (mk.movie_id = t.id)
              ->  Seq Scan on movie_keyword mk  (cost=0.00..81003.12 rows=3356247 width=4) (actual time=0.034..1629.196 rows=3341147 loops=1)
                    Filter: (keyword_id < 15755)
                    Rows Removed by Filter: 1182783
              ->  Hash  (cost=73925.90..73925.90 rows=1963 width=4) (actual time=1209.901..1209.901 rows=3032 loops=1)
                    Buckets: 4096 (originally 2048)  Batches: 1 (originally 1)  Memory Usage: 139kB
                    ->  Seq Scan on title t  (cost=0.00..73925.90 rows=1963 width=4) (actual time=0.118..1208.319 rows=3032 loops=1)
                          Filter: ((kind_id = 1) AND (production_year = 1958))
                          Rows Removed by Filter: 2525280
Planning time: 1.219 ms
Execution time: 19374.497 ms
