Hash Join  (cost=247867.04..429174.18 rows=3596118 width=0) (actual time=5769.629..17208.166 rows=29963514 loops=1)
  Hash Cond: (mk.movie_id = t.id)
  ->  Seq Scan on movie_keyword mk  (cost=0.00..81003.12 rows=4390367 width=4) (actual time=0.021..1964.983 rows=4393529 loops=1)
        Filter: (keyword_id < 76353)
        Rows Removed by Filter: 130401
  ->  Hash  (cost=213887.31..213887.31 rows=2071098 width=8) (actual time=5766.049..5766.049 rows=2067659 loops=1)
        Buckets: 131072  Batches: 32  Memory Usage: 3590kB
        ->  Hash Join  (cost=102767.86..213887.31 rows=2071098 width=8) (actual time=1968.547..5178.462 rows=2067659 loops=1)
              Hash Cond: (mc.movie_id = t.id)
              ->  Seq Scan on movie_companies mc  (cost=0.00..51404.11 rows=2071098 width=4) (actual time=0.023..1165.949 rows=2067659 loops=1)
                    Filter: (company_id < 72135)
                    Rows Removed by Filter: 541470
              ->  Hash  (cost=61283.27..61283.27 rows=2528527 width=4) (actual time=1967.143..1967.143 rows=2528312 loops=1)
                    Buckets: 131072  Batches: 64  Memory Usage: 2415kB
                    ->  Seq Scan on title t  (cost=0.00..61283.27 rows=2528527 width=4) (actual time=0.036..1118.400 rows=2528312 loops=1)
Planning time: 1.158 ms
Execution time: 20404.348 ms
