Hash Join  (cost=134495.87..483770.18 rows=603 width=0) (actual time=4057.991..7599.310 rows=8595 loops=1)
  Hash Cond: (mi.movie_id = t.id)
  ->  Seq Scan on movie_info mi  (cost=0.00..346232.03 rows=809669 width=4) (actual time=1510.415..5044.584 rows=802140 loops=1)
        Filter: (info_type_id = 1)
        Rows Removed by Filter: 14033580
  ->  Hash  (cost=134472.32..134472.32 rows=1884 width=8) (actual time=2418.908..2418.908 rows=7588 loops=1)
        Buckets: 8192 (originally 2048)  Batches: 1 (originally 1)  Memory Usage: 361kB
        ->  Hash Join  (cost=73950.44..134472.32 rows=1884 width=8) (actual time=1072.327..2415.607 rows=7588 loops=1)
              Hash Cond: (mc.movie_id = t.id)
              ->  Seq Scan on movie_companies mc  (cost=0.00..51404.11 rows=2426380 width=4) (actual time=0.037..955.013 rows=2425491 loops=1)
                    Filter: (company_id < 118977)
                    Rows Removed by Filter: 183638
              ->  Hash  (cost=73925.90..73925.90 rows=1963 width=4) (actual time=1070.726..1070.726 rows=4371 loops=1)
                    Buckets: 8192 (originally 2048)  Batches: 1 (originally 1)  Memory Usage: 218kB
                    ->  Seq Scan on title t  (cost=0.00..73925.90 rows=1963 width=4) (actual time=509.272..1068.623 rows=4371 loops=1)
                          Filter: ((kind_id = 1) AND (production_year = 1975))
                          Rows Removed by Filter: 2523941
Planning time: 1.217 ms
Execution time: 7600.829 ms
