Hash Join  (cost=101491.16..160879.08 rows=3816 width=0) (actual time=2503.280..3714.414 rows=16903 loops=1)
  Hash Cond: (mc.movie_id = t.id)
  ->  Seq Scan on movie_companies mc  (cost=0.00..57926.93 rows=379420 width=4) (actual time=0.031..1046.461 rows=697746 loops=1)
        Filter: ((company_id > 37170) AND (company_type_id > 1))
        Rows Removed by Filter: 1911383
  ->  Hash  (cost=101173.27..101173.27 rows=25431 width=8) (actual time=2503.028..2503.028 rows=20225 loops=1)
        Buckets: 32768  Batches: 1  Memory Usage: 1047kB
        ->  Hash Join  (cost=69928.56..101173.27 rows=25431 width=8) (actual time=1150.948..2494.879 rows=20225 loops=1)
              Hash Cond: (mi_idx.movie_id = t.id)
              ->  Seq Scan on movie_info_idx mi_idx  (cost=0.00..25185.44 rows=454124 width=4) (actual time=0.018..499.858 rows=459925 loops=1)
                    Filter: (info_type_id = 100)
                    Rows Removed by Filter: 920110
              ->  Hash  (cost=67604.59..67604.59 rows=141598 width=4) (actual time=1150.149..1150.149 rows=141703 loops=1)
                    Buckets: 131072  Batches: 2  Memory Usage: 3511kB
                    ->  Seq Scan on title t  (cost=0.00..67604.59 rows=141598 width=4) (actual time=0.024..1098.309 rows=141703 loops=1)
                          Filter: (production_year = 2010)
                          Rows Removed by Filter: 2386609
Planning time: 1.179 ms
Execution time: 3717.036 ms
