Hash Join  (cost=201925.05..710031.84 rows=925595 width=0) (actual time=14964.522..15572.218 rows=6 loops=1)
  Hash Cond: (mi.movie_id = t.id)
  ->  Seq Scan on movie_info mi  (cost=0.00..309384.22 rows=14739122 width=4) (actual time=0.017..6081.405 rows=14835720 loops=1)
  ->  Hash  (cost=199319.20..199319.20 rows=158788 width=8) (actual time=3760.389..3760.389 rows=6 loops=1)
        Buckets: 131072  Batches: 4  Memory Usage: 1030kB
        ->  Hash Join  (cost=75382.28..199319.20 rows=158788 width=8) (actual time=3046.553..3760.206 rows=6 loops=1)
              Hash Cond: (mk.movie_id = t.id)
              ->  Seq Scan on movie_keyword mk  (cost=0.00..69693.30 rows=4523930 width=4) (actual time=0.028..1446.537 rows=4523930 loops=1)
              ->  Hash  (cost=73925.90..73925.90 rows=88750 width=4) (actual time=1003.772..1003.772 rows=41 loops=1)
                    Buckets: 131072  Batches: 2  Memory Usage: 1031kB
                    ->  Seq Scan on title t  (cost=0.00..73925.90 rows=88750 width=4) (actual time=70.164..1003.644 rows=41 loops=1)
                          Filter: ((production_year < 1943) AND (kind_id = 7))
                          Rows Removed by Filter: 2528271
Planning time: 1.247 ms
Execution time: 15572.567 ms
