Hash Join  (cost=102767.86..199652.50 rows=249447 width=0) (actual time=1810.710..3722.011 rows=247938 loops=1)
  Hash Cond: (mk.movie_id = t.id)
  ->  Seq Scan on movie_keyword mk  (cost=0.00..81003.12 rows=249447 width=4) (actual time=0.027..1297.172 rows=247938 loops=1)
        Filter: (keyword_id > 60810)
        Rows Removed by Filter: 4275992
  ->  Hash  (cost=61283.27..61283.27 rows=2528527 width=4) (actual time=1809.556..1809.556 rows=2528312 loops=1)
        Buckets: 131072  Batches: 64  Memory Usage: 2425kB
        ->  Seq Scan on title t  (cost=0.00..61283.27 rows=2528527 width=4) (actual time=0.020..950.456 rows=2528312 loops=1)
Planning time: 0.742 ms
Execution time: 3753.631 ms
