Seq Scan on movie_companies mc  (cost=0.00..51404.11 rows=104 width=0) (actual time=0.037..858.099 rows=337 loops=1)
  Filter: (company_id = 8678)
  Rows Removed by Filter: 2608792
Planning time: 0.356 ms
Execution time: 858.251 ms
