Hash Join  (cost=909778.96..1276125.69 rows=169080 width=0) (actual time=13358.268..19848.326 rows=274226 loops=1)
  Hash Cond: (mi.movie_id = t.id)
  ->  Seq Scan on movie_info mi  (cost=0.00..309384.22 rows=14739122 width=4) (actual time=0.011..3466.153 rows=14835720 loops=1)
  ->  Hash  (cost=909416.39..909416.39 rows=29006 width=8) (actual time=13357.895..13357.895 rows=10576 loops=1)
        Buckets: 32768  Batches: 1  Memory Usage: 670kB
        ->  Hash Join  (cost=102767.86..909416.39 rows=29006 width=8) (actual time=11437.138..13353.859 rows=10576 loops=1)
              Hash Cond: (ci.movie_id = t.id)
              ->  Seq Scan on cast_info ci  (cost=0.00..796071.18 rows=29006 width=4) (actual time=9555.285..11060.224 rows=10576 loops=1)
                    Filter: ((person_id < 284641) AND (role_id > 10))
                    Rows Removed by Filter: 36233768
              ->  Hash  (cost=61283.27..61283.27 rows=2528527 width=4) (actual time=1879.668..1879.668 rows=2528312 loops=1)
                    Buckets: 131072  Batches: 64  Memory Usage: 2415kB
                    ->  Seq Scan on title t  (cost=0.00..61283.27 rows=2528527 width=4) (actual time=0.015..1044.710 rows=2528312 loops=1)
Planning time: 1.195 ms
Execution time: 19886.545 ms
