Hash Join  (cost=187375.79..231411.14 rows=369687 width=0) (actual time=4055.435..5611.864 rows=1057340 loops=1)
  Hash Cond: (mi_idx.movie_id = t.id)
  ->  Seq Scan on movie_info_idx mi_idx  (cost=0.00..21735.35 rows=1380035 width=4) (actual time=0.028..526.479 rows=1380035 loops=1)
  ->  Hash  (cost=176262.95..176262.95 rows=677347 width=8) (actual time=4054.118..4054.118 rows=707165 loops=1)
        Buckets: 131072  Batches: 16  Memory Usage: 2758kB
        ->  Hash Join  (cost=99161.12..176262.95 rows=677347 width=8) (actual time=2030.837..3857.993 rows=707165 loops=1)
              Hash Cond: (mc.movie_id = t.id)
              ->  Seq Scan on movie_companies mc  (cost=0.00..51404.11 rows=890448 width=4) (actual time=99.314..959.368 rows=896880 loops=1)
                    Filter: (company_id > 21587)
                    Rows Removed by Filter: 1712249
              ->  Hash  (cost=67604.59..67604.59 rows=1923403 width=4) (actual time=1929.909..1929.909 rows=1922849 loops=1)
                    Buckets: 131072  Batches: 32  Memory Usage: 3132kB
                    ->  Seq Scan on title t  (cost=0.00..67604.59 rows=1923403 width=4) (actual time=0.027..1315.327 rows=1922849 loops=1)
                          Filter: (production_year < 2010)
                          Rows Removed by Filter: 605463
Planning time: 1.213 ms
Execution time: 5741.530 ms
