Seq Scan on movie_keyword mk  (cost=0.00..81003.12 rows=3275846 width=0) (actual time=0.025..1576.128 rows=3260083 loops=1)
  Filter: (keyword_id > 1613)
  Rows Removed by Filter: 1263847
Planning time: 0.356 ms
Execution time: 1996.147 ms
