Hash Join  (cost=102767.86..267319.58 rows=3061575 width=0) (actual time=1898.067..6217.649 rows=3049296 loops=1)
  Hash Cond: (mk.movie_id = t.id)
  ->  Seq Scan on movie_keyword mk  (cost=0.00..81003.12 rows=3061575 width=4) (actual time=0.024..1671.850 rows=3049296 loops=1)
        Filter: (keyword_id < 11172)
        Rows Removed by Filter: 1474634
  ->  Hash  (cost=61283.27..61283.27 rows=2528527 width=4) (actual time=1897.014..1897.014 rows=2528312 loops=1)
        Buckets: 131072  Batches: 64  Memory Usage: 2425kB
        ->  Seq Scan on title t  (cost=0.00..61283.27 rows=2528527 width=4) (actual time=0.015..1027.007 rows=2528312 loops=1)
Planning time: 0.761 ms
Execution time: 6583.696 ms
