Hash Join  (cost=90717.09..212633.36 rows=957148 width=0) (actual time=1989.427..4545.556 rows=231280 loops=1)
  Hash Cond: (mk.movie_id = t.id)
  ->  Seq Scan on movie_keyword mk  (cost=0.00..81003.12 rows=2364711 width=4) (actual time=0.020..1672.241 rows=2366488 loops=1)
        Filter: (keyword_id < 5354)
        Rows Removed by Filter: 2157442
  ->  Hash  (cost=73925.90..73925.90 rows=1023455 width=4) (actual time=1704.441..1704.441 rows=1117981 loops=1)
        Buckets: 131072  Batches: 16  Memory Usage: 3495kB
        ->  Seq Scan on title t  (cost=0.00..73925.90 rows=1023455 width=4) (actual time=0.022..1329.369 rows=1117981 loops=1)
              Filter: ((production_year > 1993) AND (kind_id = 7))
              Rows Removed by Filter: 1410331
Planning time: 0.714 ms
Execution time: 4568.450 ms
