Seq Scan on movie_companies mc  (cost=0.00..57926.93 rows=53 width=0) (actual time=484.610..820.792 rows=30 loops=1)
  Filter: ((company_id = 11949) AND (company_type_id = 2))
  Rows Removed by Filter: 2609099
Planning time: 0.405 ms
Execution time: 820.884 ms
