Seq Scan on movie_keyword mk  (cost=0.00..81003.12 rows=246 width=0) (actual time=68.215..1339.223 rows=21 loops=1)
  Filter: (keyword_id = 52556)
  Rows Removed by Filter: 4523909
Planning time: 0.426 ms
Execution time: 1339.326 ms
