Seq Scan on cast_info ci  (cost=0.00..796071.18 rows=12131508 width=0) (actual time=6491.381..14670.872 rows=13620038 loops=1)
  Filter: ((person_id > 882553) AND (role_id > 2))
  Rows Removed by Filter: 22624306
Planning time: 0.505 ms
Execution time: 16187.659 ms
