Seq Scan on title t  (cost=0.00..73925.90 rows=1963 width=0) (actual time=67.230..1164.850 rows=2465 loops=1)
  Filter: ((kind_id = 1) AND (production_year = 1951))
  Rows Removed by Filter: 2525847
Planning time: 0.396 ms
Execution time: 1165.580 ms
