Hash Join  (cost=102803.67..158703.80 rows=960661 width=0) (actual time=2198.233..3758.369 rows=739611 loops=1)
  Hash Cond: (mi_idx.movie_id = t.id)
  ->  Seq Scan on movie_info_idx mi_idx  (cost=0.00..21735.35 rows=1380035 width=4) (actual time=0.014..454.090 rows=1380035 loops=1)
  ->  Hash  (cost=73925.90..73925.90 rows=1760141 width=4) (actual time=2197.283..2197.283 rows=1754586 loops=1)
        Buckets: 131072  Batches: 32  Memory Usage: 2955kB
        ->  Seq Scan on title t  (cost=0.00..73925.90 rows=1760141 width=4) (actual time=0.025..1625.882 rows=1754586 loops=1)
              Filter: ((kind_id > 1) AND (production_year < 2013))
              Rows Removed by Filter: 773726
Planning time: 11.565 ms
Execution time: 3844.224 ms
