Seq Scan on cast_info ci  (cost=0.00..796071.18 rows=17190915 width=0) (actual time=0.020..16842.422 rows=20122661 loops=1)
  Filter: ((person_id < 3146463) AND (role_id < 3))
  Rows Removed by Filter: 16121683
Planning time: 0.378 ms
Execution time: 19243.625 ms
