Hash Join  (cost=87301.44..132628.40 rows=444948 width=0) (actual time=1515.896..2759.662 rows=292989 loops=1)
  Hash Cond: (mi_idx.movie_id = t.id)
  ->  Seq Scan on movie_info_idx mi_idx  (cost=0.00..21735.35 rows=1380035 width=4) (actual time=0.027..434.148 rows=1380035 loops=1)
  ->  Hash  (cost=73925.90..73925.90 rows=815243 width=4) (actual time=1514.665..1514.665 rows=876186 loops=1)
        Buckets: 131072  Batches: 16  Memory Usage: 2955kB
        ->  Seq Scan on title t  (cost=0.00..73925.90 rows=815243 width=4) (actual time=0.013..1233.662 rows=876186 loops=1)
              Filter: ((kind_id > 1) AND (production_year > 2004))
              Rows Removed by Filter: 1652126
Planning time: 0.779 ms
Execution time: 2789.954 ms
