Hash Join  (cost=898668.78..1034790.70 rows=230606 width=0) (actual time=19169.263..22292.091 rows=1593756 loops=1)
  Hash Cond: (mk.movie_id = t.id)
  ->  Seq Scan on movie_keyword mk  (cost=0.00..69693.30 rows=4523930 width=4) (actual time=0.018..1405.946 rows=4523930 loops=1)
  ->  Hash  (cost=896553.64..896553.64 rows=128891 width=8) (actual time=19162.832..19162.832 rows=120078 loops=1)
        Buckets: 131072  Batches: 2  Memory Usage: 3368kB
        ->  Hash Join  (cost=74545.71..896553.64 rows=128891 width=8) (actual time=1213.654..18840.006 rows=120078 loops=1)
              Hash Cond: (ci.movie_id = t.id)
              ->  Seq Scan on cast_info ci  (cost=0.00..796071.18 rows=6572760 width=4) (actual time=0.026..15619.967 rows=7451973 loops=1)
                    Filter: ((person_id < 3406891) AND (role_id = 2))
                    Rows Removed by Filter: 28792371
              ->  Hash  (cost=73925.90..73925.90 rows=49584 width=4) (actual time=1213.267..1213.267 rows=38752 loops=1)
                    Buckets: 65536  Batches: 1  Memory Usage: 1875kB
                    ->  Seq Scan on title t  (cost=0.00..73925.90 rows=49584 width=4) (actual time=0.078..1197.336 rows=38752 loops=1)
                          Filter: ((kind_id < 7) AND (production_year = 2008))
                          Rows Removed by Filter: 2489560
Planning time: 1.208 ms
Execution time: 22487.255 ms
