Hash Join  (cost=709678.15..796345.14 rows=895 width=0) (actual time=9355.585..11082.888 rows=767 loops=1)
  Hash Cond: (mk.movie_id = t.id)
  ->  Seq Scan on movie_keyword mk  (cost=0.00..69693.30 rows=4523930 width=4) (actual time=0.017..946.779 rows=4523930 loops=1)
  ->  Hash  (cost=709671.90..709671.90 rows=500 width=8) (actual time=9294.820..9294.820 rows=17 loops=1)
        Buckets: 1024  Batches: 1  Memory Usage: 9kB
        ->  Nested Loop  (cost=0.43..709671.90 rows=500 width=8) (actual time=1591.867..9294.743 rows=17 loops=1)
              ->  Seq Scan on cast_info ci  (cost=0.00..705507.15 rows=500 width=4) (actual time=1591.646..9294.118 rows=17 loops=1)
                    Filter: (person_id = 953676)
                    Rows Removed by Filter: 36244327
              ->  Index Only Scan using title_pkey on title t  (cost=0.43..8.32 rows=1 width=4) (actual time=0.027..0.027 rows=1 loops=17)
                    Index Cond: (id = ci.movie_id)
                    Heap Fetches: 17
Planning time: 1.126 ms
Execution time: 11083.091 ms
