Seq Scan on movie_info mi  (cost=0.00..346232.03 rows=14720853 width=0) (actual time=0.021..6500.050 rows=14805540 loops=1)
  Filter: (info_type_id < 110)
  Rows Removed by Filter: 30180
Planning time: 0.334 ms
Execution time: 8385.184 ms
