Hash Join  (cost=102286.00..857649.42 rows=457424 width=0) (actual time=1945.251..19270.486 rows=684405 loops=1)
  Hash Cond: (ci.movie_id = t.id)
  ->  Seq Scan on cast_info ci  (cost=0.00..614943.12 rows=36225612 width=4) (actual time=0.013..8609.509 rows=36244344 loops=1)
  ->  Hash  (cost=101886.90..101886.90 rows=31928 width=8) (actual time=1944.188..1944.188 rows=18210 loops=1)
        Buckets: 32768  Batches: 1  Memory Usage: 968kB
        ->  Hash Join  (cost=74657.14..101886.90 rows=31928 width=8) (actual time=1290.902..1937.732 rows=18210 loops=1)
              Hash Cond: (mi_idx.movie_id = t.id)
              ->  Seq Scan on movie_info_idx mi_idx  (cost=0.00..21735.35 rows=1380035 width=4) (actual time=0.029..282.371 rows=1380035 loops=1)
              ->  Hash  (cost=73925.90..73925.90 rows=58499 width=4) (actual time=1290.273..1290.273 rows=62752 loops=1)
                    Buckets: 65536  Batches: 1  Memory Usage: 2719kB
                    ->  Seq Scan on title t  (cost=0.00..73925.90 rows=58499 width=4) (actual time=0.028..1262.202 rows=62752 loops=1)
                          Filter: ((kind_id = 7) AND (production_year = 2005))
                          Rows Removed by Filter: 2465560
Planning time: 3.277 ms
Execution time: 19362.400 ms
