Nested Loop  (cost=0.43..82767.04 rows=3060 width=0) (actual time=2.834..937.379 rows=474 loops=1)
  ->  Seq Scan on movie_companies mc  (cost=0.00..57926.93 rows=3235 width=4) (actual time=2.776..923.322 rows=478 loops=1)
        Filter: ((company_type_id > 1) AND (company_id = 93))
        Rows Removed by Filter: 2608651
  ->  Index Scan using title_pkey on title t  (cost=0.43..7.67 rows=1 width=4) (actual time=0.028..0.028 rows=1 loops=478)
        Index Cond: (id = mc.movie_id)
        Filter: (production_year < 2013)
        Rows Removed by Filter: 0
Planning time: 0.836 ms
Execution time: 937.640 ms
