Hash Join  (cost=74080.54..101032.23 rows=2275 width=0) (actual time=1503.317..1656.115 rows=1 loops=1)
  Hash Cond: (mi_idx.movie_id = t.id)
  ->  Seq Scan on movie_info_idx mi_idx  (cost=0.00..25185.44 rows=464934 width=4) (actual time=0.017..476.583 rows=460185 loops=1)
        Filter: (info_type_id > 100)
        Rows Removed by Filter: 919850
  ->  Hash  (cost=73925.90..73925.90 rows=12371 width=4) (actual time=1107.539..1107.539 rows=3 loops=1)
        Buckets: 16384  Batches: 1  Memory Usage: 129kB
        ->  Seq Scan on title t  (cost=0.00..73925.90 rows=12371 width=4) (actual time=503.370..1107.525 rows=3 loops=1)
              Filter: ((production_year < 1963) AND (kind_id = 4))
              Rows Removed by Filter: 2528309
Planning time: 0.736 ms
Execution time: 1656.230 ms
