Seq Scan on cast_info ci  (cost=0.00..796071.18 rows=55 width=0) (actual time=1312.885..10454.330 rows=1 loops=1)
  Filter: ((person_id = 582097) AND (role_id = 3))
  Rows Removed by Filter: 36244343
Planning time: 0.402 ms
Execution time: 10454.440 ms
