Hash Join  (cost=84417.00..189421.50 rows=519005 width=0) (actual time=1550.092..3980.499 rows=692825 loops=1)
  Hash Cond: (mk.movie_id = t.id)
  ->  Seq Scan on movie_keyword mk  (cost=0.00..81003.12 rows=1280619 width=4) (actual time=0.027..1546.313 rows=1291892 loops=1)
        Filter: (keyword_id < 1678)
        Rows Removed by Filter: 3232038
  ->  Hash  (cost=67604.59..67604.59 rows=1024753 width=4) (actual time=1548.903..1548.903 rows=1021752 loops=1)
        Buckets: 131072  Batches: 16  Memory Usage: 3281kB
        ->  Seq Scan on title t  (cost=0.00..67604.59 rows=1024753 width=4) (actual time=0.020..1216.105 rows=1021752 loops=1)
              Filter: (production_year < 2000)
              Rows Removed by Filter: 1506560
Planning time: 0.808 ms
Execution time: 4048.869 ms
