Nested Loop  (cost=0.43..709671.90 rows=500 width=0) (actual time=7545.076..11083.377 rows=239 loops=1)
  ->  Seq Scan on cast_info ci  (cost=0.00..705507.15 rows=500 width=4) (actual time=7544.974..11079.713 rows=239 loops=1)
        Filter: (person_id = 1876846)
        Rows Removed by Filter: 36244105
  ->  Index Only Scan using title_pkey on title t  (cost=0.43..8.32 rows=1 width=4) (actual time=0.014..0.015 rows=1 loops=239)
        Index Cond: (id = ci.movie_id)
        Heap Fetches: 239
Planning time: 0.771 ms
Execution time: 11083.522 ms
