Nested Loop  (cost=0.43..70301.20 rows=1535 width=0) (actual time=0.448..972.104 rows=2517 loops=1)
  ->  Seq Scan on movie_companies mc  (cost=0.00..57926.93 rows=1535 width=4) (actual time=0.370..915.382 rows=2517 loops=1)
        Filter: ((company_type_id < 2) AND (company_id = 67))
        Rows Removed by Filter: 2606612
  ->  Index Only Scan using title_pkey on title t  (cost=0.43..8.05 rows=1 width=4) (actual time=0.021..0.022 rows=1 loops=2517)
        Index Cond: (id = mc.movie_id)
        Heap Fetches: 2517
Planning time: 0.756 ms
Execution time: 972.911 ms
