Hash Join  (cost=191999.48..334348.76 rows=1670024 width=0) (actual time=5682.220..8173.643 rows=1071833 loops=1)
  Hash Cond: (mk.movie_id = t.id)
  ->  Seq Scan on movie_keyword mk  (cost=0.00..69693.30 rows=4523930 width=4) (actual time=0.011..1404.987 rows=4523930 loops=1)
  ->  Hash  (cost=176684.81..176684.81 rows=933414 width=8) (actual time=4634.686..4634.686 rows=363317 loops=1)
        Buckets: 131072  Batches: 16  Memory Usage: 1897kB
        ->  Hash Join  (cost=88767.14..176684.81 rows=933414 width=8) (actual time=2135.434..4518.364 rows=363317 loops=1)
              Hash Cond: (mc.movie_id = t.id)
              ->  Seq Scan on movie_companies mc  (cost=0.00..44881.29 rows=2609129 width=4) (actual time=0.017..839.294 rows=2609129 loops=1)
              ->  Hash  (cost=73925.90..73925.90 rows=904579 width=4) (actual time=1695.150..1695.150 rows=992072 loops=1)
                    Buckets: 131072  Batches: 16  Memory Usage: 3212kB
                    ->  Seq Scan on title t  (cost=0.00..73925.90 rows=904579 width=4) (actual time=0.021..1383.304 rows=992072 loops=1)
                          Filter: ((production_year > 1998) AND (kind_id = 7))
                          Rows Removed by Filter: 1536240
Planning time: 1.173 ms
Execution time: 8297.949 ms
