Seq Scan on title t  (cost=0.00..73925.90 rows=38461 width=0) (actual time=0.075..832.057 rows=44913 loops=1)
  Filter: ((kind_id > 1) AND (production_year = 2000))
  Rows Removed by Filter: 2483399
Planning time: 0.405 ms
Execution time: 839.374 ms
