Seq Scan on title t  (cost=0.00..67604.59 rows=2344113 width=0) (actual time=0.024..1306.637 rows=2335853 loops=1)
  Filter: (production_year > 1931)
  Rows Removed by Filter: 192459
Planning time: 0.287 ms
Execution time: 1600.306 ms
