Hash Join  (cost=75822.40..509474.50 rows=330682 width=0) (actual time=1389.971..8751.202 rows=43551 loops=1)
  Hash Cond: (mi.movie_id = t.id)
  ->  Seq Scan on movie_info mi  (cost=0.00..346232.03 rows=7235534 width=4) (actual time=309.938..5392.401 rows=7286865 loops=1)
        Filter: (info_type_id < 8)
        Rows Removed by Filter: 7548855
  ->  Hash  (cost=73925.90..73925.90 rows=115560 width=4) (actual time=990.526..990.526 rows=13895 loops=1)
        Buckets: 131072  Batches: 2  Memory Usage: 1276kB
        ->  Seq Scan on title t  (cost=0.00..73925.90 rows=115560 width=4) (actual time=174.105..983.660 rows=13895 loops=1)
              Filter: ((production_year < 1954) AND (kind_id = 7))
              Rows Removed by Filter: 2514417
Planning time: 0.789 ms
Execution time: 8757.218 ms
