Hash Join  (cost=168736.75..536434.61 rows=304196 width=0) (actual time=2890.626..10445.175 rows=74145 loops=1)
  Hash Cond: (mi.movie_id = t.id)
  ->  Seq Scan on movie_info mi  (cost=0.00..309384.22 rows=14739122 width=4) (actual time=0.011..4411.937 rows=14835720 loops=1)
  ->  Hash  (cost=168084.44..168084.44 rows=52185 width=8) (actual time=2828.023..2828.023 rows=5939 loops=1)
        Buckets: 65536  Batches: 1  Memory Usage: 744kB
        ->  Hash Join  (cost=81437.64..168084.44 rows=52185 width=8) (actual time=1902.187..2825.837 rows=5939 loops=1)
              Hash Cond: (mk.movie_id = t.id)
              ->  Seq Scan on movie_keyword mk  (cost=0.00..81003.12 rows=288219 width=4) (actual time=0.021..1317.918 rows=285202 loops=1)
                    Filter: (keyword_id > 56040)
                    Rows Removed by Filter: 4238728
              ->  Hash  (cost=73925.90..73925.90 rows=457819 width=4) (actual time=1319.558..1319.558 rows=344212 loops=1)
                    Buckets: 131072  Batches: 8  Memory Usage: 2529kB
                    ->  Seq Scan on title t  (cost=0.00..73925.90 rows=457819 width=4) (actual time=0.011..1203.587 rows=344212 loops=1)
                          Filter: ((production_year < 1993) AND (kind_id = 7))
                          Rows Removed by Filter: 2184100
Planning time: 0.776 ms
Execution time: 10455.228 ms
