Nested Loop  (cost=0.43..77953.15 rows=1304 width=0) (actual time=116.291..944.550 rows=207 loops=1)
  ->  Seq Scan on movie_companies mc  (cost=0.00..51404.11 rows=3479 width=4) (actual time=0.084..834.212 rows=3529 loops=1)
        Filter: (company_id = 419)
        Rows Removed by Filter: 2605600
  ->  Index Scan using title_pkey on title t  (cost=0.43..7.62 rows=1 width=4) (actual time=0.031..0.031 rows=0 loops=3529)
        Index Cond: (id = mc.movie_id)
        Filter: ((production_year < 2007) AND (kind_id = 7))
        Rows Removed by Filter: 1
Planning time: 0.548 ms
Execution time: 944.693 ms
