Seq Scan on movie_keyword mk  (cost=0.00..81003.12 rows=2058452 width=0) (actual time=0.027..1436.894 rows=2074120 loops=1)
  Filter: (keyword_id < 3668)
  Rows Removed by Filter: 2449810
Planning time: 0.319 ms
Execution time: 1705.367 ms
