Hash Join  (cost=798788.82..1163447.55 rows=280 width=0) (actual time=14129.766..20411.387 rows=302 loops=1)
  Hash Cond: (mi.movie_id = t.id)
  ->  Seq Scan on movie_info mi  (cost=0.00..309384.22 rows=14739122 width=4) (actual time=0.023..3795.428 rows=14835720 loops=1)
  ->  Hash  (cost=798788.22..798788.22 rows=48 width=8) (actual time=14081.505..14081.505 rows=9 loops=1)
        Buckets: 1024  Batches: 1  Memory Usage: 9kB
        ->  Nested Loop  (cost=0.43..798788.22 rows=48 width=8) (actual time=3663.590..14081.430 rows=9 loops=1)
              ->  Seq Scan on cast_info ci  (cost=0.00..796071.18 rows=324 width=4) (actual time=3663.436..14074.858 rows=9 loops=1)
                    Filter: ((role_id > 1) AND (person_id = 2341528))
                    Rows Removed by Filter: 36244335
              ->  Index Scan using title_pkey on title t  (cost=0.43..8.38 rows=1 width=4) (actual time=0.719..0.719 rows=1 loops=9)
                    Index Cond: (id = ci.movie_id)
                    Filter: (production_year < 1970)
Planning time: 1.216 ms
Execution time: 20411.614 ms
