Hash Join  (cost=68682.81..810470.79 rows=231405 width=169) (actual time=1319.047..14702.781 rows=199783 loops=1)
  Hash Cond: (mi.movie_id = t.id)
  ->  Seq Scan on movie_info mi  (cost=0.00..309384.22 rows=14739122 width=75) (actual time=0.023..6989.438 rows=14835720 loops=1)
  ->  Hash  (cost=67604.59..67604.59 rows=39698 width=94) (actual time=1318.706..1318.706 rows=36437 loops=1)
        Buckets: 32768  Batches: 2  Memory Usage: 2302kB
        ->  Seq Scan on title t  (cost=0.00..67604.59 rows=39698 width=94) (actual time=0.049..1296.066 rows=36437 loops=1)
              Filter: (production_year = 1995)
              Rows Removed by Filter: 2491875
Planning time: 1.499 ms
Execution time: 14716.271 ms
