Hash Join  (cost=75297.62..151536.55 rows=86241 width=0) (actual time=1330.955..3198.646 rows=182479 loops=1)
  Hash Cond: (mc.movie_id = t.id)
  ->  Seq Scan on movie_companies mc  (cost=0.00..44881.29 rows=2609129 width=4) (actual time=0.022..918.241 rows=2609129 loops=1)
  ->  Hash  (cost=73925.90..73925.90 rows=83577 width=4) (actual time=1330.155..1330.155 rows=92182 loops=1)
        Buckets: 131072  Batches: 2  Memory Usage: 2649kB
        ->  Seq Scan on title t  (cost=0.00..73925.90 rows=83577 width=4) (actual time=339.025..1296.926 rows=92182 loops=1)
              Filter: ((production_year < 2011) AND (kind_id = 3))
              Rows Removed by Filter: 2436130
Planning time: 0.770 ms
Execution time: 3226.101 ms
