Seq Scan on cast_info ci  (cost=0.00..705507.15 rows=5570022 width=0) (actual time=3292.382..11675.027 rows=5639218 loops=1)
  Filter: (person_id > 3086617)
  Rows Removed by Filter: 30605126
Planning time: 1.446 ms
Execution time: 12375.893 ms
