Seq Scan on cast_info ci  (cost=0.00..705507.15 rows=500 width=0) (actual time=4015.851..10871.949 rows=3 loops=1)
  Filter: (person_id = 3480279)
  Rows Removed by Filter: 36244341
Planning time: 0.423 ms
Execution time: 10872.031 ms
