Hash Join  (cost=82400.67..181854.18 rows=246728 width=0) (actual time=1396.163..3627.921 rows=401891 loops=1)
  Hash Cond: (mk.movie_id = t.id)
  ->  Seq Scan on movie_keyword mk  (cost=0.00..81003.12 rows=1207761 width=4) (actual time=0.031..1528.332 rows=1204821 loops=1)
        Filter: (keyword_id < 1515)
        Rows Removed by Filter: 3319109
  ->  Hash  (cost=73925.90..73925.90 rows=516541 width=4) (actual time=1393.432..1393.432 rows=440918 loops=1)
        Buckets: 131072  Batches: 8  Memory Usage: 2967kB
        ->  Seq Scan on title t  (cost=0.00..73925.90 rows=516541 width=4) (actual time=0.024..1244.798 rows=440918 loops=1)
              Filter: ((kind_id < 7) AND (production_year > 2001))
              Rows Removed by Filter: 2087394
Planning time: 0.742 ms
Execution time: 3673.964 ms
