Seq Scan on title t  (cost=0.00..73925.90 rows=648865 width=0) (actual time=0.018..1398.522 rows=656311 loops=1)
  Filter: ((production_year > 0) AND (kind_id = 1))
  Rows Removed by Filter: 1872001
Planning time: 0.386 ms
Execution time: 1484.806 ms
