Hash Join  (cost=103314.65..856042.08 rows=193826 width=0) (actual time=1869.020..18368.756 rows=536330 loops=1)
  Hash Cond: (ci.movie_id = t.id)
  ->  Seq Scan on cast_info ci  (cost=0.00..614943.12 rows=36225612 width=4) (actual time=0.019..8304.903 rows=36244344 loops=1)
  ->  Hash  (cost=103145.54..103145.54 rows=13529 width=8) (actual time=1868.850..1868.850 rows=17682 loops=1)
        Buckets: 32768 (originally 16384)  Batches: 1 (originally 1)  Memory Usage: 947kB
        ->  Hash Join  (cost=74393.18..103145.54 rows=13529 width=8) (actual time=1127.633..1862.101 rows=17682 loops=1)
              Hash Cond: (mi_idx.movie_id = t.id)
              ->  Seq Scan on movie_info_idx mi_idx  (cost=0.00..25185.44 rows=915101 width=4) (actual time=0.028..527.089 rows=919850 loops=1)
                    Filter: (info_type_id < 101)
                    Rows Removed by Filter: 460185
              ->  Hash  (cost=73925.90..73925.90 rows=37382 width=4) (actual time=1127.256..1127.256 rows=33190 loops=1)
                    Buckets: 65536  Batches: 1  Memory Usage: 1679kB
                    ->  Seq Scan on title t  (cost=0.00..73925.90 rows=37382 width=4) (actual time=226.116..1113.499 rows=33190 loops=1)
                          Filter: ((kind_id < 2) AND (production_year = 2010))
                          Rows Removed by Filter: 2495122
Planning time: 1.643 ms
Execution time: 18445.521 ms
