Hash Join  (cost=451219.91..491174.52 rows=131813 width=0) (actual time=7654.051..8657.465 rows=205953 loops=1)
  Hash Cond: (mi_idx.movie_id = t.id)
  ->  Seq Scan on movie_info_idx mi_idx  (cost=0.00..21735.35 rows=1380035 width=4) (actual time=0.021..435.466 rows=1380035 loops=1)
  ->  Hash  (cost=447257.02..447257.02 rows=241511 width=8) (actual time=7653.221..7653.221 rows=177368 loops=1)
        Buckets: 131072  Batches: 4  Memory Usage: 2748kB
        ->  Hash Join  (cost=86300.63..447257.02 rows=241511 width=8) (actual time=1928.387..7599.838 rows=177368 loops=1)
              Hash Cond: (mi.movie_id = t.id)
              ->  Seq Scan on movie_info mi  (cost=0.00..346232.03 rows=809669 width=4) (actual time=350.767..5500.976 rows=802140 loops=1)
                    Filter: (info_type_id = 1)
                    Rows Removed by Filter: 14033580
              ->  Hash  (cost=73925.90..73925.90 rows=754218 width=4) (actual time=1576.551..1576.551 rows=647556 loops=1)
                    Buckets: 131072  Batches: 16  Memory Usage: 2457kB
                    ->  Seq Scan on title t  (cost=0.00..73925.90 rows=754218 width=4) (actual time=0.028..1359.304 rows=647556 loops=1)
                          Filter: ((kind_id > 1) AND (production_year < 2000))
                          Rows Removed by Filter: 1880756
Planning time: 0.822 ms
Execution time: 8680.497 ms
