Seq Scan on title t  (cost=0.00..73925.90 rows=586804 width=0) (actual time=0.018..1301.190 rows=467141 loops=1)
  Filter: ((production_year > 1959) AND (kind_id = 1))
  Rows Removed by Filter: 2061171
Planning time: 0.294 ms
Execution time: 1359.634 ms
