Hash Join  (cost=161674.68..289682.92 rows=492920 width=0) (actual time=3599.263..8749.179 rows=8579009 loops=1)
  Hash Cond: (mk.movie_id = t.id)
  ->  Seq Scan on movie_keyword mk  (cost=0.00..69693.30 rows=4523930 width=4) (actual time=0.023..1436.114 rows=4523930 loops=1)
  ->  Hash  (cost=157153.88..157153.88 rows=275504 width=8) (actual time=3598.169..3598.169 rows=349018 loops=1)
        Buckets: 131072 (originally 131072)  Batches: 8 (originally 4)  Memory Usage: 3073kB
        ->  Hash Join  (cost=78306.32..157153.88 rows=275504 width=8) (actual time=1322.573..3482.564 rows=349018 loops=1)
              Hash Cond: (mc.movie_id = t.id)
              ->  Seq Scan on movie_companies mc  (cost=0.00..44881.29 rows=2609129 width=4) (actual time=0.019..909.623 rows=2609129 loops=1)
              ->  Hash  (cost=73925.90..73925.90 rows=266993 width=4) (actual time=1321.771..1321.771 rows=216282 loops=1)
                    Buckets: 131072  Batches: 4  Memory Usage: 2928kB
                    ->  Seq Scan on title t  (cost=0.00..73925.90 rows=266993 width=4) (actual time=0.024..1250.868 rows=216282 loops=1)
                          Filter: ((production_year > 2005) AND (kind_id = 1))
                          Rows Removed by Filter: 2312030
Planning time: 1.172 ms
Execution time: 9627.622 ms
