Hash Join  (cost=102767.86..667116.46 rows=8654066 width=0) (actual time=1967.569..15553.116 rows=8752291 loops=1)
  Hash Cond: (mi.movie_id = t.id)
  ->  Seq Scan on movie_info mi  (cost=0.00..346232.03 rows=8654066 width=4) (actual time=0.020..6284.554 rows=8752291 loops=1)
        Filter: (info_type_id < 11)
        Rows Removed by Filter: 6083429
  ->  Hash  (cost=61283.27..61283.27 rows=2528527 width=4) (actual time=1966.537..1966.537 rows=2528312 loops=1)
        Buckets: 131072  Batches: 64  Memory Usage: 2425kB
        ->  Seq Scan on title t  (cost=0.00..61283.27 rows=2528527 width=4) (actual time=0.016..1085.676 rows=2528312 loops=1)
Planning time: 0.722 ms
Execution time: 16525.095 ms
