Seq Scan on title t  (cost=0.00..73925.90 rows=33910 width=0) (actual time=0.178..903.924 rows=21830 loops=1)
  Filter: ((kind_id < 3) AND (production_year = 2007))
  Rows Removed by Filter: 2506482
Planning time: 0.310 ms
Execution time: 907.768 ms
