Hash Join  (cost=92883.59..189993.19 rows=1279109 width=0) (actual time=1979.176..4237.054 rows=417796 loops=1)
  Hash Cond: (mc.movie_id = t.id)
  ->  Seq Scan on movie_companies mc  (cost=0.00..51404.11 rows=2099080 width=4) (actual time=0.013..1122.773 rows=2100643 loops=1)
        Filter: (company_id > 464)
        Rows Removed by Filter: 508486
  ->  Hash  (cost=67604.59..67604.59 rows=1540800 width=4) (actual time=1776.887..1776.887 rows=1543264 loops=1)
        Buckets: 131072  Batches: 32  Memory Usage: 2722kB
        ->  Seq Scan on title t  (cost=0.00..67604.59 rows=1540800 width=4) (actual time=0.014..1298.069 rows=1543264 loops=1)
              Filter: (kind_id = 7)
              Rows Removed by Filter: 985048
Planning time: 0.797 ms
Execution time: 4286.695 ms
