Seq Scan on cast_info ci  (cost=0.00..705507.15 rows=1349440 width=0) (actual time=7387.550..11439.986 rows=1368336 loops=1)
  Filter: (person_id > 3796148)
  Rows Removed by Filter: 34876008
Planning time: 0.264 ms
Execution time: 11610.012 ms
