Hash Join  (cost=86138.21..1229489.79 rows=10664042 width=0) (actual time=1620.082..35872.264 rows=12195648 loops=1)
  Hash Cond: (ci.movie_id = t.id)
  ->  Seq Scan on cast_info ci  (cost=0.00..614943.12 rows=36225612 width=4) (actual time=0.022..13342.857 rows=36244344 loops=1)
  ->  Hash  (cost=73925.90..73925.90 rows=744344 width=4) (actual time=1619.042..1619.042 rows=796638 loops=1)
        Buckets: 131072  Batches: 16  Memory Usage: 2779kB
        ->  Seq Scan on title t  (cost=0.00..73925.90 rows=744344 width=4) (actual time=0.024..1359.243 rows=796638 loops=1)
              Filter: ((kind_id > 1) AND (production_year > 2005))
              Rows Removed by Filter: 1731674
Planning time: 0.776 ms
Execution time: 37292.954 ms
