Hash Join  (cost=83074.74..109989.30 rows=45 width=0) (actual time=1272.581..1763.664 rows=39 loops=1)
  Hash Cond: (mi_idx.movie_id = t.id)
  ->  Seq Scan on movie_info_idx mi_idx  (cost=0.00..25185.44 rows=460978 width=4) (actual time=0.025..463.809 rows=459925 loops=1)
        Filter: (info_type_id < 100)
        Rows Removed by Filter: 920110
  ->  Hash  (cost=83071.67..83071.67 rows=246 width=8) (actual time=1235.632..1235.632 rows=43 loops=1)
        Buckets: 1024  Batches: 1  Memory Usage: 10kB
        ->  Nested Loop  (cost=0.43..83071.67 rows=246 width=8) (actual time=1.533..1235.561 rows=43 loops=1)
              ->  Seq Scan on movie_keyword mk  (cost=0.00..81003.12 rows=246 width=4) (actual time=1.455..1230.297 rows=43 loops=1)
                    Filter: (keyword_id = 11772)
                    Rows Removed by Filter: 4523887
              ->  Index Only Scan using title_pkey on title t  (cost=0.43..8.40 rows=1 width=4) (actual time=0.115..0.116 rows=1 loops=43)
                    Index Cond: (id = mk.movie_id)
                    Heap Fetches: 43
Planning time: 6.715 ms
Execution time: 1763.813 ms
