Hash Join  (cost=76379.89..953036.95 rows=1213881 width=0) (actual time=1460.378..20793.515 rows=1570105 loops=1)
  Hash Cond: (ci.movie_id = t.id)
  ->  Seq Scan on cast_info ci  (cost=0.00..796071.18 rows=5738953 width=4) (actual time=0.021..15474.093 rows=7451973 loops=1)
        Filter: ((person_id < 2901910) AND (role_id = 2))
        Rows Removed by Filter: 28792371
  ->  Hash  (cost=67604.59..67604.59 rows=534824 width=4) (actual time=1459.232..1459.232 rows=533369 loops=1)
        Buckets: 131072  Batches: 8  Memory Usage: 3369kB
        ->  Seq Scan on title t  (cost=0.00..67604.59 rows=534824 width=4) (actual time=0.019..1286.195 rows=533369 loops=1)
              Filter: (production_year > 2009)
              Rows Removed by Filter: 1994943
Planning time: 0.813 ms
Execution time: 20970.382 ms
