Nested Loop  (cost=0.43..83072.29 rows=181 width=0) (actual time=15.860..1278.362 rows=63 loops=1)
  ->  Seq Scan on movie_keyword mk  (cost=0.00..81003.12 rows=246 width=4) (actual time=12.152..1266.866 rows=287 loops=1)
        Filter: (keyword_id = 1959)
        Rows Removed by Filter: 4523643
  ->  Index Scan using title_pkey on title t  (cost=0.43..8.40 rows=1 width=4) (actual time=0.037..0.037 rows=0 loops=287)
        Index Cond: (id = mk.movie_id)
        Filter: (kind_id > 1)
        Rows Removed by Filter: 1
Planning time: 0.669 ms
Execution time: 1278.493 ms
