Seq Scan on cast_info ci  (cost=0.00..796071.18 rows=420 width=0) (actual time=11752.086..14955.920 rows=12 loops=1)
  Filter: ((role_id < 9) AND (person_id = 2327337))
  Rows Removed by Filter: 36244332
Planning time: 0.396 ms
Execution time: 14956.083 ms
