Hash Join  (cost=81821.64..212993.54 rows=682529 width=0) (actual time=1410.789..4796.713 rows=168933 loops=1)
  Hash Cond: (mk.movie_id = t.id)
  ->  Seq Scan on movie_keyword mk  (cost=0.00..81003.12 rows=3585994 width=4) (actual time=0.024..1855.912 rows=3576741 loops=1)
        Filter: (keyword_id < 20033)
        Rows Removed by Filter: 947189
  ->  Hash  (cost=73925.90..73925.90 rows=481259 width=4) (actual time=1409.061..1409.061 rows=518327 loops=1)
        Buckets: 131072  Batches: 8  Memory Usage: 3307kB
        ->  Seq Scan on title t  (cost=0.00..73925.90 rows=481259 width=4) (actual time=0.012..1237.344 rows=518327 loops=1)
              Filter: ((production_year > 2007) AND (kind_id = 7))
              Rows Removed by Filter: 2009985
Planning time: 0.769 ms
Execution time: 4821.510 ms
