Hash Join  (cost=129406.08..478087.86 rows=490 width=0) (actual time=6343.356..7581.190 rows=1173 loops=1)
  Hash Cond: (mi.movie_id = t.id)
  ->  Seq Scan on movie_info mi  (cost=0.00..346232.03 rows=651960 width=4) (actual time=4201.555..5348.559 rows=660923 loops=1)
        Filter: (info_type_id = 18)
        Rows Removed by Filter: 14174797
  ->  Hash  (cost=129382.32..129382.32 rows=1901 width=8) (actual time=2134.581..2134.581 rows=1097 loops=1)
        Buckets: 2048  Batches: 1  Memory Usage: 59kB
        ->  Hash Join  (cost=73982.55..129382.32 rows=1901 width=8) (actual time=1612.970..2134.275 rows=1097 loops=1)
              Hash Cond: (mc.movie_id = t.id)
              ->  Seq Scan on movie_companies mc  (cost=0.00..51404.11 rows=1060438 width=4) (actual time=24.723..689.769 rows=1070908 loops=1)
                    Filter: (company_id > 14490)
                    Rows Removed by Filter: 1538221
              ->  Hash  (cost=73925.90..73925.90 rows=4532 width=4) (actual time=1281.007..1281.007 rows=8044 loops=1)
                    Buckets: 8192  Batches: 1  Memory Usage: 347kB
                    ->  Seq Scan on title t  (cost=0.00..73925.90 rows=4532 width=4) (actual time=0.111..1277.008 rows=8044 loops=1)
                          Filter: ((kind_id = 7) AND (production_year = 1980))
                          Rows Removed by Filter: 2520268
Planning time: 1.284 ms
Execution time: 7581.453 ms
