Hash Join  (cost=217819.46..1423438.87 rows=16725524 width=0) (actual time=5041.936..51258.315 rows=47470011 loops=1)
  Hash Cond: (ci.movie_id = t.id)
  ->  Seq Scan on cast_info ci  (cost=0.00..614943.12 rows=36225612 width=4) (actual time=0.019..13539.573 rows=36244344 loops=1)
  ->  Hash  (cost=198665.56..198665.56 rows=1167432 width=8) (actual time=5040.994..5040.994 rows=1274246 loops=1)
        Buckets: 131072 (originally 131072)  Batches: 32 (originally 16)  Memory Usage: 3073kB
        ->  Hash Join  (cost=102767.86..198665.56 rows=1167432 width=8) (actual time=2436.921..4697.331 rows=1274246 loops=1)
              Hash Cond: (mc.movie_id = t.id)
              ->  Seq Scan on movie_companies mc  (cost=0.00..57926.93 rows=1167432 width=4) (actual time=328.954..1242.372 rows=1274246 loops=1)
                    Filter: ((company_id < 105408) AND (company_type_id < 2))
                    Rows Removed by Filter: 1334883
              ->  Hash  (cost=61283.27..61283.27 rows=2528527 width=4) (actual time=2106.646..2106.646 rows=2528312 loops=1)
                    Buckets: 131072  Batches: 64  Memory Usage: 2415kB
                    ->  Seq Scan on title t  (cost=0.00..61283.27 rows=2528527 width=4) (actual time=0.019..900.232 rows=2528312 loops=1)
Planning time: 1.110 ms
Execution time: 56291.314 ms
