Seq Scan on movie_keyword mk  (cost=0.00..81003.12 rows=962056 width=0) (actual time=0.022..1309.200 rows=966214 loops=1)
  Filter: (keyword_id < 910)
  Rows Removed by Filter: 3557716
Planning time: 0.336 ms
Execution time: 1434.323 ms
