Hash Join  (cost=243650.32..336275.58 rows=1274874 width=0) (actual time=5204.079..9681.438 rows=9512258 loops=1)
  Hash Cond: (mc.movie_id = t.id)
  ->  Seq Scan on movie_companies mc  (cost=0.00..44881.29 rows=2609129 width=4) (actual time=0.017..819.314 rows=2609129 loops=1)
  ->  Hash  (cost=223379.70..223379.70 rows=1235490 width=8) (actual time=5202.950..5202.950 rows=1247553 loops=1)
        Buckets: 131072  Batches: 32  Memory Usage: 2539kB
        ->  Hash Join  (cost=102767.86..223379.70 rows=1235490 width=8) (actual time=1851.863..4868.944 rows=1247553 loops=1)
              Hash Cond: (mk.movie_id = t.id)
              ->  Seq Scan on movie_keyword mk  (cost=0.00..81003.12 rows=1235490 width=4) (actual time=0.016..1279.129 rows=1247553 loops=1)
                    Filter: (keyword_id > 14468)
                    Rows Removed by Filter: 3276377
              ->  Hash  (cost=61283.27..61283.27 rows=2528527 width=4) (actual time=1850.792..1850.792 rows=2528312 loops=1)
                    Buckets: 131072  Batches: 64  Memory Usage: 2425kB
                    ->  Seq Scan on title t  (cost=0.00..61283.27 rows=2528527 width=4) (actual time=0.015..992.376 rows=2528312 loops=1)
Planning time: 1.100 ms
Execution time: 10657.209 ms
