Nested Loop  (cost=0.43..83072.29 rows=150 width=0) (actual time=39.355..1255.451 rows=10 loops=1)
  ->  Seq Scan on movie_keyword mk  (cost=0.00..81003.12 rows=246 width=4) (actual time=39.283..1253.718 rows=42 loops=1)
        Filter: (keyword_id = 16730)
        Rows Removed by Filter: 4523888
  ->  Index Scan using title_pkey on title t  (cost=0.43..8.40 rows=1 width=4) (actual time=0.037..0.037 rows=0 loops=42)
        Index Cond: (id = mk.movie_id)
        Filter: (kind_id = 7)
        Rows Removed by Filter: 1
Planning time: 0.726 ms
Execution time: 1255.549 ms
