Hash Join  (cost=92883.59..1333165.91 rows=17042355 width=0) (actual time=1649.463..36956.947 rows=16725457 loops=1)
  Hash Cond: (ci.movie_id = t.id)
  ->  Seq Scan on cast_info ci  (cost=0.00..705507.15 rows=27967325 width=4) (actual time=0.066..16200.652 rows=28100107 loops=1)
        Filter: (person_id > 796362)
        Rows Removed by Filter: 8144237
  ->  Hash  (cost=67604.59..67604.59 rows=1540800 width=4) (actual time=1648.179..1648.179 rows=1543264 loops=1)
        Buckets: 131072  Batches: 32  Memory Usage: 2722kB
        ->  Seq Scan on title t  (cost=0.00..67604.59 rows=1540800 width=4) (actual time=0.018..1169.303 rows=1543264 loops=1)
              Filter: (kind_id = 7)
              Rows Removed by Filter: 985048
Planning time: 0.896 ms
Execution time: 38682.948 ms
