Hash Join  (cost=74737.60..101770.10 rows=11839 width=0) (actual time=945.554..1637.072 rows=18454 loops=1)
  Hash Cond: (mi_idx.movie_id = t.id)
  ->  Seq Scan on movie_info_idx mi_idx  (cost=0.00..25185.44 rows=460978 width=4) (actual time=0.030..492.292 rows=459925 loops=1)
        Filter: (info_type_id = 99)
        Rows Removed by Filter: 920110
  ->  Hash  (cost=73925.90..73925.90 rows=64936 width=4) (actual time=887.644..887.644 rows=91220 loops=1)
        Buckets: 131072 (originally 65536)  Batches: 2 (originally 1)  Memory Usage: 3073kB
        ->  Seq Scan on title t  (cost=0.00..73925.90 rows=64936 width=4) (actual time=0.021..803.928 rows=91220 loops=1)
              Filter: ((production_year > 1999) AND (kind_id = 4))
              Rows Removed by Filter: 2437092
Planning time: 0.790 ms
Execution time: 1640.161 ms
