Hash Join  (cost=587806.18..1842776.74 rows=12559685 width=0) (actual time=15865.367..46481.122 rows=18957986 loops=1)
  Hash Cond: (ci.movie_id = t.id)
  ->  Seq Scan on cast_info ci  (cost=0.00..705507.15 rows=23499554 width=4) (actual time=1616.766..16443.536 rows=23573656 loops=1)
        Filter: (role_id > 1)
        Rows Removed by Filter: 12670688
  ->  Hash  (cost=565634.57..565634.57 rows=1351409 width=8) (actual time=14246.986..14246.986 rows=984589 loops=1)
        Buckets: 131072  Batches: 32  Memory Usage: 2195kB
        ->  Hash Join  (cost=71408.55..565634.57 rows=1351409 width=8) (actual time=1174.712..13944.365 rows=984589 loops=1)
              Hash Cond: (mi.movie_id = t.id)
              ->  Seq Scan on movie_info mi  (cost=0.00..309384.22 rows=14739122 width=4) (actual time=0.020..6270.306 rows=14835720 loops=1)
              ->  Hash  (cost=67604.59..67604.59 rows=231837 width=4) (actual time=1173.804..1173.804 rows=231649 loops=1)
                    Buckets: 131072  Batches: 4  Memory Usage: 3082kB
                    ->  Seq Scan on title t  (cost=0.00..67604.59 rows=231837 width=4) (actual time=0.020..1092.333 rows=231649 loops=1)
                          Filter: (production_year > 2011)
                          Rows Removed by Filter: 2296663
Planning time: 1.206 ms
Execution time: 48689.514 ms
