Seq Scan on movie_keyword mk  (cost=0.00..81003.12 rows=1160340 width=0) (actual time=0.025..1239.405 rows=1173859 loops=1)
  Filter: (keyword_id > 15878)
  Rows Removed by Filter: 3350071
Planning time: 3.868 ms
Execution time: 1378.205 ms
