Seq Scan on movie_keyword mk  (cost=0.00..81003.12 rows=246 width=0) (actual time=1.268..1249.119 rows=699 loops=1)
  Filter: (keyword_id = 4837)
  Rows Removed by Filter: 4523231
Planning time: 0.271 ms
Execution time: 1249.497 ms
