Hash Join  (cost=709678.15..764348.83 rows=516 width=0) (actual time=12117.060..12450.464 rows=262 loops=1)
  Hash Cond: (mc.movie_id = t.id)
  ->  Seq Scan on movie_companies mc  (cost=0.00..44881.29 rows=2609129 width=4) (actual time=0.021..664.162 rows=2609129 loops=1)
  ->  Hash  (cost=709671.90..709671.90 rows=500 width=8) (actual time=11285.824..11285.824 rows=519 loops=1)
        Buckets: 1024  Batches: 1  Memory Usage: 29kB
        ->  Nested Loop  (cost=0.43..709671.90 rows=500 width=8) (actual time=9640.659..11285.600 rows=519 loops=1)
              ->  Seq Scan on cast_info ci  (cost=0.00..705507.15 rows=500 width=4) (actual time=9640.547..11280.804 rows=519 loops=1)
                    Filter: (person_id = 2645612)
                    Rows Removed by Filter: 36243825
              ->  Index Only Scan using title_pkey on title t  (cost=0.43..8.32 rows=1 width=4) (actual time=0.008..0.009 rows=1 loops=519)
                    Index Cond: (id = ci.movie_id)
                    Heap Fetches: 519
Planning time: 1.215 ms
Execution time: 12450.597 ms
