Hash Join  (cost=102767.86..839281.01 rows=878031 width=0) (actual time=2074.814..14315.708 rows=751001 loops=1)
  Hash Cond: (ci.movie_id = t.id)
  ->  Seq Scan on cast_info ci  (cost=0.00..705507.15 rows=878031 width=4) (actual time=187.636..11434.803 rows=751001 loops=1)
        Filter: (person_id < 79801)
        Rows Removed by Filter: 35493343
  ->  Hash  (cost=61283.27..61283.27 rows=2528527 width=4) (actual time=1885.274..1885.274 rows=2528312 loops=1)
        Buckets: 131072  Batches: 64  Memory Usage: 2415kB
        ->  Seq Scan on title t  (cost=0.00..61283.27 rows=2528527 width=4) (actual time=0.023..1029.591 rows=2528312 loops=1)
Planning time: 0.776 ms
Execution time: 14401.008 ms
