Hash Join  (cost=533818.82..697867.41 rows=2771592 width=0) (actual time=13058.479..14931.039 rows=1195871 loops=1)
  Hash Cond: (mk.movie_id = t.id)
  ->  Seq Scan on movie_keyword mk  (cost=0.00..81003.12 rows=3748309 width=4) (actual time=0.034..1825.396 rows=3746065 loops=1)
        Filter: (keyword_id > 740)
        Rows Removed by Filter: 777865
  ->  Hash  (cost=503144.13..503144.13 rows=1869655 width=8) (actual time=10620.904..10620.904 rows=1641804 loops=1)
        Buckets: 131072  Batches: 32  Memory Usage: 3031kB
        ->  Hash Join  (cost=92883.59..503144.13 rows=1869655 width=8) (actual time=4496.213..10121.485 rows=1641804 loops=1)
              Hash Cond: (mi.movie_id = t.id)
              ->  Seq Scan on movie_info mi  (cost=0.00..346232.03 rows=3068194 width=4) (actual time=2418.208..5710.785 rows=3036719 loops=1)
                    Filter: (info_type_id = 16)
                    Rows Removed by Filter: 11799001
              ->  Hash  (cost=67604.59..67604.59 rows=1540800 width=4) (actual time=2076.559..2076.559 rows=1543264 loops=1)
                    Buckets: 131072  Batches: 32  Memory Usage: 2728kB
                    ->  Seq Scan on title t  (cost=0.00..67604.59 rows=1540800 width=4) (actual time=0.027..1334.387 rows=1543264 loops=1)
                          Filter: (kind_id = 7)
                          Rows Removed by Filter: 985048
Planning time: 3.055 ms
Execution time: 15079.049 ms
