Hash Join  (cost=58375.85..423034.86 rows=309 width=0) (actual time=865.022..7864.538 rows=1012 loops=1)
  Hash Cond: (mi.movie_id = t.id)
  ->  Seq Scan on movie_info mi  (cost=0.00..309384.22 rows=14739122 width=4) (actual time=0.006..4328.832 rows=14835720 loops=1)
  ->  Hash  (cost=58375.18..58375.18 rows=53 width=8) (actual time=851.128..851.128 rows=41 loops=1)
        Buckets: 1024  Batches: 1  Memory Usage: 10kB
        ->  Nested Loop  (cost=0.43..58375.18 rows=53 width=8) (actual time=55.430..851.073 rows=41 loops=1)
              ->  Seq Scan on movie_companies mc  (cost=0.00..57926.93 rows=53 width=4) (actual time=55.363..849.537 rows=41 loops=1)
                    Filter: ((company_id = 4224) AND (company_type_id = 2))
                    Rows Removed by Filter: 2609088
              ->  Index Only Scan using title_pkey on title t  (cost=0.43..8.45 rows=1 width=4) (actual time=0.033..0.034 rows=1 loops=41)
                    Index Cond: (id = mc.movie_id)
                    Heap Fetches: 41
Planning time: 0.902 ms
Execution time: 7865.015 ms
