Nested Loop  (cost=0.43..83071.67 rows=246 width=0) (actual time=305.320..1008.669 rows=5 loops=1)
  ->  Seq Scan on movie_keyword mk  (cost=0.00..81003.12 rows=246 width=4) (actual time=305.221..1008.334 rows=5 loops=1)
        Filter: (keyword_id = 81447)
        Rows Removed by Filter: 4523925
  ->  Index Only Scan using title_pkey on title t  (cost=0.43..8.40 rows=1 width=4) (actual time=0.056..0.057 rows=1 loops=5)
        Index Cond: (id = mk.movie_id)
        Heap Fetches: 5
Planning time: 0.770 ms
Execution time: 1008.735 ms
