Seq Scan on movie_keyword mk  (cost=0.00..81003.12 rows=246 width=0) (actual time=3.965..1258.189 rows=853 loops=1)
  Filter: (keyword_id = 59978)
  Rows Removed by Filter: 4523077
Planning time: 0.435 ms
Execution time: 1258.482 ms
