Seq Scan on movie_companies mc  (cost=0.00..51404.11 rows=535066 width=0) (actual time=0.024..886.635 rows=533412 loops=1)
  Filter: (company_id < 521)
  Rows Removed by Filter: 2075717
Planning time: 0.345 ms
Execution time: 955.557 ms
