Nested Loop  (cost=0.43..83072.90 rows=38 width=0) (actual time=282.223..1322.003 rows=6 loops=1)
  ->  Seq Scan on movie_keyword mk  (cost=0.00..81003.12 rows=246 width=4) (actual time=11.211..1302.362 rows=269 loops=1)
        Filter: (keyword_id = 11530)
        Rows Removed by Filter: 4523661
  ->  Index Scan using title_pkey on title t  (cost=0.43..8.40 rows=1 width=4) (actual time=0.071..0.071 rows=0 loops=269)
        Index Cond: (id = mk.movie_id)
        Filter: ((kind_id > 1) AND (production_year > 2009))
        Rows Removed by Filter: 1
Planning time: 0.837 ms
Execution time: 1322.125 ms
