Hash Join  (cost=245566.71..417130.79 rows=3603812 width=0) (actual time=6220.084..17141.696 rows=29436711 loops=1)
  Hash Cond: (mk.movie_id = t.id)
  ->  Seq Scan on movie_keyword mk  (cost=0.00..69693.30 rows=4523930 width=4) (actual time=0.030..1522.253 rows=4523930 loops=1)
  ->  Hash  (cost=212519.57..212519.57 rows=2014252 width=8) (actual time=6218.731..6218.731 rows=2017659 loops=1)
        Buckets: 131072  Batches: 32  Memory Usage: 3545kB
        ->  Hash Join  (cost=102767.86..212519.57 rows=2014252 width=8) (actual time=1864.546..5610.348 rows=2017659 loops=1)
              Hash Cond: (mc.movie_id = t.id)
              ->  Seq Scan on movie_companies mc  (cost=0.00..51404.11 rows=2014252 width=4) (actual time=0.028..972.977 rows=2017659 loops=1)
                    Filter: (company_id > 679)
                    Rows Removed by Filter: 591470
              ->  Hash  (cost=61283.27..61283.27 rows=2528527 width=4) (actual time=1862.682..1862.682 rows=2528312 loops=1)
                    Buckets: 131072  Batches: 64  Memory Usage: 2415kB
                    ->  Seq Scan on title t  (cost=0.00..61283.27 rows=2528527 width=4) (actual time=0.013..1069.774 rows=2528312 loops=1)
Planning time: 1.446 ms
Execution time: 20396.047 ms
