Hash Join  (cost=77354.40..146602.56 rows=113550 width=0) (actual time=1235.730..2920.516 rows=179084 loops=1)
  Hash Cond: (mc.movie_id = t.id)
  ->  Seq Scan on movie_companies mc  (cost=0.00..51404.11 rows=1374277 width=4) (actual time=0.021..1104.773 rows=1385774 loops=1)
        Filter: (company_id > 11138)
        Rows Removed by Filter: 1223355
  ->  Hash  (cost=73925.90..73925.90 rows=208920 width=4) (actual time=1234.941..1234.941 rows=183835 loops=1)
        Buckets: 131072  Batches: 4  Memory Usage: 2649kB
        ->  Seq Scan on title t  (cost=0.00..73925.90 rows=208920 width=4) (actual time=0.016..1171.219 rows=183835 loops=1)
              Filter: ((kind_id < 7) AND (production_year > 2009))
              Rows Removed by Filter: 2344477
Planning time: 0.796 ms
Execution time: 2938.193 ms
