Hash Join  (cost=261469.11..438986.67 rows=3713378 width=0) (actual time=6258.572..16645.328 rows=29585681 loops=1)
  Hash Cond: (mk.movie_id = t.id)
  ->  Seq Scan on movie_keyword mk  (cost=0.00..81003.12 rows=3900531 width=4) (actual time=0.026..1879.747 rows=3903830 loops=1)
        Filter: (keyword_id > 475)
        Rows Removed by Filter: 620100
  ->  Hash  (cost=221975.05..221975.05 rows=2407205 width=8) (actual time=6257.583..6257.583 rows=2405618 loops=1)
        Buckets: 131072  Batches: 32  Memory Usage: 3998kB
        ->  Hash Join  (cost=102767.86..221975.05 rows=2407205 width=8) (actual time=1920.492..5514.518 rows=2405618 loops=1)
              Hash Cond: (mc.movie_id = t.id)
              ->  Seq Scan on movie_companies mc  (cost=0.00..51404.11 rows=2407205 width=4) (actual time=0.026..1119.595 rows=2405618 loops=1)
                    Filter: (company_id < 112412)
                    Rows Removed by Filter: 203511
              ->  Hash  (cost=61283.27..61283.27 rows=2528527 width=4) (actual time=1919.807..1919.807 rows=2528312 loops=1)
                    Buckets: 131072  Batches: 64  Memory Usage: 2415kB
                    ->  Seq Scan on title t  (cost=0.00..61283.27 rows=2528527 width=4) (actual time=0.008..1053.190 rows=2528312 loops=1)
Planning time: 5.793 ms
Execution time: 19777.823 ms
