Hash Join  (cost=438639.57..1416174.50 rows=33570 width=0) (actual time=8498.008..24417.504 rows=1653 loops=1)
  Hash Cond: (ci.movie_id = t.id)
  ->  Seq Scan on cast_info ci  (cost=0.00..614943.12 rows=36225612 width=4) (actual time=0.027..9160.335 rows=36244344 loops=1)
  ->  Hash  (cost=438610.29..438610.29 rows=2343 width=8) (actual time=8420.257..8420.257 rows=152 loops=1)
        Buckets: 4096  Batches: 1  Memory Usage: 38kB
        ->  Hash Join  (cost=73930.93..438610.29 rows=2343 width=8) (actual time=1614.417..8419.979 rows=152 loops=1)
              Hash Cond: (mi.movie_id = t.id)
              ->  Seq Scan on movie_info mi  (cost=0.00..309384.22 rows=14739122 width=4) (actual time=0.012..4593.388 rows=14835720 loops=1)
              ->  Hash  (cost=73925.90..73925.90 rows=402 width=4) (actual time=1159.986..1159.986 rows=137 loops=1)
                    Buckets: 1024  Batches: 1  Memory Usage: 13kB
                    ->  Seq Scan on title t  (cost=0.00..73925.90 rows=402 width=4) (actual time=224.681..1159.835 rows=137 loops=1)
                          Filter: ((production_year > 2013) AND (kind_id = 7))
                          Rows Removed by Filter: 2528175
Planning time: 1.178 ms
Execution time: 24418.244 ms
