Hash Join  (cost=102767.86..196143.77 rows=103679 width=0) (actual time=1988.595..3756.883 rows=101916 loops=1)
  Hash Cond: (mk.movie_id = t.id)
  ->  Seq Scan on movie_keyword mk  (cost=0.00..81003.12 rows=103679 width=4) (actual time=0.879..1267.055 rows=101916 loops=1)
        Filter: (keyword_id > 81828)
        Rows Removed by Filter: 4422014
  ->  Hash  (cost=61283.27..61283.27 rows=2528527 width=4) (actual time=1984.003..1984.003 rows=2528312 loops=1)
        Buckets: 131072  Batches: 64  Memory Usage: 2425kB
        ->  Seq Scan on title t  (cost=0.00..61283.27 rows=2528527 width=4) (actual time=0.022..1124.773 rows=2528312 loops=1)
Planning time: 0.754 ms
Execution time: 3769.169 ms
