Hash Join  (cost=174403.47..304534.87 rows=885446 width=0) (actual time=4726.357..13384.423 rows=21504049 loops=1)
  Hash Cond: (mk.movie_id = t.id)
  ->  Seq Scan on movie_keyword mk  (cost=0.00..81003.12 rows=3250349 width=4) (actual time=0.015..1784.785 rows=3243183 loops=1)
        Filter: (keyword_id < 13809)
        Rows Removed by Filter: 1280747
  ->  Hash  (cost=163102.35..163102.35 rows=688810 width=8) (actual time=4552.994..4552.994 rows=1307690 loops=1)
        Buckets: 131072 (originally 131072)  Batches: 32 (originally 16)  Memory Usage: 3073kB
        ->  Hash Join  (cost=78556.72..163102.35 rows=688810 width=8) (actual time=1319.913..4109.000 rows=1307690 loops=1)
              Hash Cond: (mc.movie_id = t.id)
              ->  Seq Scan on movie_companies mc  (cost=0.00..44881.29 rows=2609129 width=4) (actual time=0.013..947.525 rows=2609129 loops=1)
              ->  Hash  (cost=67604.59..67604.59 rows=667531 width=4) (actual time=1319.309..1319.309 rows=662825 loops=1)
                    Buckets: 131072  Batches: 16  Memory Usage: 2476kB
                    ->  Seq Scan on title t  (cost=0.00..67604.59 rows=667531 width=4) (actual time=0.011..1121.195 rows=662825 loops=1)
                          Filter: (kind_id = 1)
                          Rows Removed by Filter: 1865487
Planning time: 1.075 ms
Execution time: 15752.221 ms
