Seq Scan on cast_info ci  (cost=0.00..796071.18 rows=3595874 width=0) (actual time=149.285..11815.991 rows=1515153 loops=1)
  Filter: ((person_id < 527187) AND (role_id > 1))
  Rows Removed by Filter: 34729191
Planning time: 0.384 ms
Execution time: 12007.994 ms
