Hash Join  (cost=448518.16..581597.46 rows=240171 width=0) (actual time=8627.064..12295.897 rows=2937648 loops=1)
  Hash Cond: (mk.movie_id = t.id)
  ->  Seq Scan on movie_keyword mk  (cost=0.00..81003.12 rows=3828493 width=4) (actual time=0.028..1661.827 rows=3831419 loops=1)
        Filter: (keyword_id > 571)
        Rows Removed by Filter: 692511
  ->  Hash  (cost=445915.39..445915.39 rows=158621 width=8) (actual time=8621.229..8621.229 rows=157320 loops=1)
        Buckets: 131072  Batches: 4  Memory Usage: 2526kB
        ->  Hash Join  (cost=74730.49..445915.39 rows=158621 width=8) (actual time=2611.830..8557.294 rows=157320 loops=1)
              Hash Cond: (mi.movie_id = t.id)
              ->  Seq Scan on movie_info mi  (cost=0.00..346232.03 rows=6231111 width=4) (actual time=1484.425..5929.159 rows=6223494 loops=1)
                    Filter: (info_type_id > 8)
                    Rows Removed by Filter: 8612226
              ->  Hash  (cost=73925.90..73925.90 rows=64367 width=4) (actual time=1127.003..1127.003 rows=53905 loops=1)
                    Buckets: 65536  Batches: 1  Memory Usage: 2408kB
                    ->  Seq Scan on title t  (cost=0.00..73925.90 rows=64367 width=4) (actual time=0.408..1105.012 rows=53905 loops=1)
                          Filter: ((kind_id < 7) AND (production_year = 2012))
                          Rows Removed by Filter: 2474407
Planning time: 2.936 ms
Execution time: 12634.377 ms
