Seq Scan on cast_info ci  (cost=0.00..796071.18 rows=7739193 width=0) (actual time=1904.025..14333.045 rows=2450283 loops=1)
  Filter: ((person_id > 1393304) AND (role_id = 1))
  Rows Removed by Filter: 33794061
Planning time: 0.447 ms
Execution time: 14644.641 ms
