Hash Join  (cost=102431.42..189718.01 rows=62855 width=0) (actual time=1779.406..3611.147 rows=149899 loops=1)
  Hash Cond: (mk.movie_id = t.id)
  ->  Seq Scan on movie_keyword mk  (cost=0.00..69693.30 rows=4523930 width=4) (actual time=0.017..979.601 rows=4523930 loops=1)
  ->  Hash  (cost=101992.28..101992.28 rows=35131 width=8) (actual time=1778.755..1778.755 rows=32067 loops=1)
        Buckets: 65536  Batches: 1  Memory Usage: 1765kB
        ->  Hash Join  (cost=74730.49..101992.28 rows=35131 width=8) (actual time=1155.040..1767.245 rows=32067 loops=1)
              Hash Cond: (mi_idx.movie_id = t.id)
              ->  Seq Scan on movie_info_idx mi_idx  (cost=0.00..21735.35 rows=1380035 width=4) (actual time=0.017..264.051 rows=1380035 loops=1)
              ->  Hash  (cost=73925.90..73925.90 rows=64367 width=4) (actual time=1154.704..1154.704 rows=53905 loops=1)
                    Buckets: 65536  Batches: 1  Memory Usage: 2408kB
                    ->  Seq Scan on title t  (cost=0.00..73925.90 rows=64367 width=4) (actual time=0.016..1133.053 rows=53905 loops=1)
                          Filter: ((kind_id < 7) AND (production_year = 2012))
                          Rows Removed by Filter: 2474407
Planning time: 0.785 ms
Execution time: 3630.699 ms
