Hash Join  (cost=80380.17..1040923.46 rows=3395253 width=0) (actual time=1456.652..26454.311 rows=4917926 loops=1)
  Hash Cond: (ci.movie_id = t.id)
  ->  Seq Scan on cast_info ci  (cost=0.00..796071.18 rows=11024954 width=4) (actual time=0.024..15168.049 rows=14641870 loops=1)
        Filter: ((person_id < 1989118) AND (role_id < 3))
        Rows Removed by Filter: 21602474
  ->  Hash  (cost=67604.59..67604.59 rows=778687 width=4) (actual time=1455.588..1455.588 rows=782677 loops=1)
        Buckets: 131072  Batches: 16  Memory Usage: 2744kB
        ->  Seq Scan on title t  (cost=0.00..67604.59 rows=778687 width=4) (actual time=0.016..1205.301 rows=782677 loops=1)
              Filter: (production_year < 1994)
              Rows Removed by Filter: 1745635
Planning time: 2.028 ms
Execution time: 27066.598 ms
