Hash Join  (cost=797556.76..1162213.50 rows=82 width=0) (actual time=10940.787..17837.539 rows=3203 loops=1)
  Hash Cond: (mi.movie_id = t.id)
  ->  Seq Scan on movie_info mi  (cost=0.00..309384.22 rows=14739122 width=4) (actual time=0.024..4288.371 rows=14835720 loops=1)
  ->  Hash  (cost=797556.58..797556.58 rows=14 width=8) (actual time=10874.283..10874.283 rows=62 loops=1)
        Buckets: 1024  Batches: 1  Memory Usage: 11kB
        ->  Nested Loop  (cost=0.43..797556.58 rows=14 width=8) (actual time=5833.014..10874.233 rows=62 loops=1)
              ->  Seq Scan on cast_info ci  (cost=0.00..796071.18 rows=176 width=4) (actual time=5832.908..10870.351 rows=194 loops=1)
                    Filter: ((person_id = 578363) AND (role_id = 1))
                    Rows Removed by Filter: 36244150
              ->  Index Scan using title_pkey on title t  (cost=0.43..8.43 rows=1 width=4) (actual time=0.019..0.019 rows=0 loops=194)
                    Index Cond: (id = ci.movie_id)
                    Filter: ((kind_id < 4) AND (production_year < 1984))
                    Rows Removed by Filter: 1
Planning time: 2.998 ms
Execution time: 17838.517 ms
