Hash Join  (cost=478464.81..617005.46 rows=1357462 width=0) (actual time=7136.788..11933.324 rows=5416745 loops=1)
  Hash Cond: (mk.movie_id = t.id)
  ->  Seq Scan on movie_keyword mk  (cost=0.00..69693.30 rows=4523930 width=4) (actual time=0.012..1560.273 rows=4523930 loops=1)
  ->  Hash  (cost=466016.86..466016.86 rows=758716 width=8) (actual time=7135.168..7135.168 rows=281440 loops=1)
        Buckets: 131072  Batches: 16  Memory Usage: 1725kB
        ->  Hash Join  (cost=91123.00..466016.86 rows=758716 width=8) (actual time=1716.112..7043.893 rows=281440 loops=1)
              Hash Cond: (mi.movie_id = t.id)
              ->  Seq Scan on movie_info mi  (cost=0.00..346232.03 rows=1338312 width=4) (actual time=0.027..4350.033 rows=1401902 loops=1)
                    Filter: (info_type_id = 7)
                    Rows Removed by Filter: 13433818
              ->  Hash  (cost=67604.59..67604.59 rows=1433473 width=4) (actual time=1714.862..1714.862 rows=1434466 loops=1)
                    Buckets: 131072  Batches: 32  Memory Usage: 2607kB
                    ->  Seq Scan on title t  (cost=0.00..67604.59 rows=1433473 width=4) (actual time=0.011..1231.065 rows=1434466 loops=1)
                          Filter: (production_year > 1999)
                          Rows Removed by Filter: 1093846
Planning time: 1.212 ms
Execution time: 12593.009 ms
