Seq Scan on movie_keyword mk  (cost=0.00..81003.12 rows=1477451 width=0) (actual time=0.025..1404.271 rows=1492507 loops=1)
  Filter: (keyword_id < 2134)
  Rows Removed by Filter: 3031423
Planning time: 1.682 ms
Execution time: 1584.368 ms
