Seq Scan on title t  (cost=0.00..73925.90 rows=58499 width=0) (actual time=225.244..1295.972 rows=62752 loops=1)
  Filter: ((kind_id = 7) AND (production_year = 2005))
  Rows Removed by Filter: 2465560
Planning time: 0.458 ms
Execution time: 1306.027 ms
