Seq Scan on cast_info ci  (cost=0.00..796071.18 rows=176 width=0) (actual time=7269.669..10081.493 rows=270 loops=1)
  Filter: ((person_id = 733852) AND (role_id = 1))
  Rows Removed by Filter: 36244074
Planning time: 0.409 ms
Execution time: 10081.643 ms
