Hash Join  (cost=153439.00..646196.94 rows=1213801 width=0) (actual time=3311.636..19940.721 rows=11638713 loops=1)
  Hash Cond: (mi.movie_id = t.id)
  ->  Seq Scan on movie_info mi  (cost=0.00..309384.22 rows=14739122 width=4) (actual time=0.009..6452.706 rows=14835720 loops=1)
  ->  Hash  (cost=150022.13..150022.13 rows=208230 width=8) (actual time=3310.788..3310.788 rows=378444 loops=1)
        Buckets: 131072 (originally 131072)  Batches: 8 (originally 4)  Memory Usage: 3073kB
        ->  Hash Join  (cost=81417.85..150022.13 rows=208230 width=8) (actual time=1263.704..3188.208 rows=378444 loops=1)
              Hash Cond: (mc.movie_id = t.id)
              ->  Seq Scan on movie_companies mc  (cost=0.00..51404.11 rows=1153029 width=4) (actual time=0.014..947.508 rows=1160886 loops=1)
                    Filter: (company_id > 12959)
                    Rows Removed by Filter: 1448243
              ->  Hash  (cost=73925.90..73925.90 rows=456636 width=4) (actual time=1262.895..1262.895 rows=330279 loops=1)
                    Buckets: 131072  Batches: 8  Memory Usage: 2482kB
                    ->  Seq Scan on title t  (cost=0.00..73925.90 rows=456636 width=4) (actual time=48.251..1169.362 rows=330279 loops=1)
                          Filter: ((production_year > 1991) AND (kind_id = 1))
                          Rows Removed by Filter: 2198033
Planning time: 1.202 ms
Execution time: 21412.343 ms
