Hash Join  (cost=345752.72..1434198.41 rows=18139453 width=0) (actual time=7933.378..46156.442 rows=70417184 loops=1)
  Hash Cond: (ci.movie_id = t.id)
  ->  Seq Scan on cast_info ci  (cost=0.00..705507.15 rows=12203201 width=4) (actual time=0.026..14781.092 rows=12113646 loops=1)
        Filter: (role_id > 3)
        Rows Removed by Filter: 24130698
  ->  Hash  (cost=284089.09..284089.09 rows=3758530 width=8) (actual time=7932.172..7932.172 rows=3751112 loops=1)
        Buckets: 131072  Batches: 64  Memory Usage: 3340kB
        ->  Hash Join  (cost=102767.86..284089.09 rows=3758530 width=8) (actual time=1960.310..6916.019 rows=3751112 loops=1)
              Hash Cond: (mk.movie_id = t.id)
              ->  Seq Scan on movie_keyword mk  (cost=0.00..81003.12 rows=3758530 width=4) (actual time=0.030..1832.763 rows=3751112 loops=1)
                    Filter: (keyword_id < 24382)
                    Rows Removed by Filter: 772818
              ->  Hash  (cost=61283.27..61283.27 rows=2528527 width=4) (actual time=1959.334..1959.334 rows=2528312 loops=1)
                    Buckets: 131072  Batches: 64  Memory Usage: 2425kB
                    ->  Seq Scan on title t  (cost=0.00..61283.27 rows=2528527 width=4) (actual time=0.007..1153.093 rows=2528312 loops=1)
Planning time: 1.270 ms
Execution time: 53809.589 ms
