Seq Scan on movie_keyword mk  (cost=0.00..81003.12 rows=1492004 width=0) (actual time=0.015..1409.433 rows=1510139 loops=1)
  Filter: (keyword_id > 10729)
  Rows Removed by Filter: 3013791
Planning time: 0.301 ms
Execution time: 1594.610 ms
