Hash Join  (cost=246153.46..339658.65 rows=1338766 width=0) (actual time=5462.207..10587.704 rows=10056659 loops=1)
  Hash Cond: (mc.movie_id = t.id)
  ->  Seq Scan on movie_companies mc  (cost=0.00..44881.29 rows=2609129 width=4) (actual time=0.024..963.734 rows=2609129 loops=1)
  ->  Hash  (cost=224867.86..224867.86 rows=1297408 width=8) (actual time=5461.210..5461.210 rows=1313563 loops=1)
        Buckets: 131072  Batches: 32  Memory Usage: 2619kB
        ->  Hash Join  (cost=102767.86..224867.86 rows=1297408 width=8) (actual time=2081.193..5096.048 rows=1313563 loops=1)
              Hash Cond: (mk.movie_id = t.id)
              ->  Seq Scan on movie_keyword mk  (cost=0.00..81003.12 rows=1297408 width=4) (actual time=0.017..1582.329 rows=1313563 loops=1)
                    Filter: (keyword_id > 13383)
                    Rows Removed by Filter: 3210367
              ->  Hash  (cost=61283.27..61283.27 rows=2528527 width=4) (actual time=2079.595..2079.595 rows=2528312 loops=1)
                    Buckets: 131072  Batches: 64  Memory Usage: 2425kB
                    ->  Seq Scan on title t  (cost=0.00..61283.27 rows=2528527 width=4) (actual time=0.017..1223.006 rows=2528312 loops=1)
Planning time: 1.168 ms
Execution time: 11712.346 ms
