Hash Join  (cost=80827.88..200095.60 rows=460594 width=0) (actual time=2508.203..4197.004 rows=83619 loops=1)
  Hash Cond: (mk.movie_id = t.id)
  ->  Seq Scan on movie_keyword mk  (cost=0.00..81003.12 rows=2768708 width=4) (actual time=0.019..1717.005 rows=2766005 loops=1)
        Filter: (keyword_id < 7882)
        Rows Removed by Filter: 1757925
  ->  Hash  (cost=73925.90..73925.90 rows=420638 width=4) (actual time=1342.159..1342.159 rows=301535 loops=1)
        Buckets: 131072  Batches: 8  Memory Usage: 2343kB
        ->  Seq Scan on title t  (cost=0.00..73925.90 rows=420638 width=4) (actual time=0.017..1235.064 rows=301535 loops=1)
              Filter: ((production_year < 1990) AND (kind_id = 7))
              Rows Removed by Filter: 2226777
Planning time: 0.512 ms
Execution time: 4205.974 ms
