Hash Join  (cost=73980.43..100914.72 rows=2381 width=0) (actual time=962.163..1525.376 rows=5331 loops=1)
  Hash Cond: (mi_idx.movie_id = t.id)
  ->  Seq Scan on movie_info_idx mi_idx  (cost=0.00..21735.35 rows=1380035 width=4) (actual time=0.031..296.193 rows=1380035 loops=1)
  ->  Hash  (cost=73925.90..73925.90 rows=4362 width=4) (actual time=961.000..961.000 rows=3986 loops=1)
        Buckets: 8192  Batches: 1  Memory Usage: 205kB
        ->  Seq Scan on title t  (cost=0.00..73925.90 rows=4362 width=4) (actual time=0.201..959.050 rows=3986 loops=1)
              Filter: ((kind_id = 3) AND (production_year = 2006))
              Rows Removed by Filter: 2524326
Planning time: 0.766 ms
Execution time: 1526.243 ms
