Hash Join  (cost=102767.86..191453.03 rows=867707 width=0) (actual time=2361.781..4945.505 rows=1070986 loops=1)
  Hash Cond: (mc.movie_id = t.id)
  ->  Seq Scan on movie_companies mc  (cost=0.00..57926.93 rows=867707 width=4) (actual time=415.367..1155.506 rows=1070986 loops=1)
        Filter: ((company_id > 2946) AND (company_type_id > 1))
        Rows Removed by Filter: 1538143
  ->  Hash  (cost=61283.27..61283.27 rows=2528527 width=4) (actual time=1945.128..1945.128 rows=2528312 loops=1)
        Buckets: 131072  Batches: 64  Memory Usage: 2415kB
        ->  Seq Scan on title t  (cost=0.00..61283.27 rows=2528527 width=4) (actual time=0.013..1114.672 rows=2528312 loops=1)
Planning time: 0.821 ms
Execution time: 5063.629 ms
