Hash Join  (cost=73962.22..170197.99 rows=4653 width=0) (actual time=1100.538..3301.707 rows=15661 loops=1)
  Hash Cond: (mk.movie_id = t.id)
  ->  Seq Scan on movie_keyword mk  (cost=0.00..81003.12 rows=4049632 width=4) (actual time=0.022..1556.255 rows=4053652 loops=1)
        Filter: (keyword_id < 37815)
        Rows Removed by Filter: 470278
  ->  Hash  (cost=73925.90..73925.90 rows=2905 width=4) (actual time=1099.199..1099.199 rows=4962 loops=1)
        Buckets: 8192 (originally 4096)  Batches: 1 (originally 1)  Memory Usage: 239kB
        ->  Seq Scan on title t  (cost=0.00..73925.90 rows=2905 width=4) (actual time=0.057..1096.674 rows=4962 loops=1)
              Filter: ((kind_id < 7) AND (production_year = 1964))
              Rows Removed by Filter: 2523350
Planning time: 0.772 ms
Execution time: 3304.062 ms
