Seq Scan on cast_info ci  (cost=0.00..796071.18 rows=331559 width=0) (actual time=9129.198..11490.889 rows=609263 loops=1)
  Filter: ((person_id < 86548) AND (role_id < 2))
  Rows Removed by Filter: 35635081
Planning time: 4.500 ms
Execution time: 11567.975 ms
