Hash Join  (cost=950184.98..997472.91 rows=559245 width=0) (actual time=16733.864..18145.886 rows=729587 loops=1)
  Hash Cond: (mi_idx.movie_id = t.id)
  ->  Seq Scan on movie_info_idx mi_idx  (cost=0.00..21735.35 rows=1380035 width=4) (actual time=0.013..488.585 rows=1380035 loops=1)
  ->  Hash  (cost=933373.75..933373.75 rows=1024659 width=8) (actual time=16732.952..16732.952 rows=1039083 loops=1)
        Buckets: 131072  Batches: 16  Memory Usage: 3547kB
        ->  Hash Join  (cost=102767.86..933373.75 rows=1024659 width=8) (actual time=13913.894..16457.953 rows=1039083 loops=1)
              Hash Cond: (ci.movie_id = t.id)
              ->  Seq Scan on cast_info ci  (cost=0.00..796071.18 rows=1024659 width=4) (actual time=11855.485..13181.194 rows=1039083 loops=1)
                    Filter: ((person_id > 1454599) AND (role_id = 8))
                    Rows Removed by Filter: 35205261
              ->  Hash  (cost=61283.27..61283.27 rows=2528527 width=4) (actual time=2057.295..2057.295 rows=2528312 loops=1)
                    Buckets: 131072  Batches: 64  Memory Usage: 2415kB
                    ->  Seq Scan on title t  (cost=0.00..61283.27 rows=2528527 width=4) (actual time=0.023..1216.205 rows=2528312 loops=1)
Planning time: 1.463 ms
Execution time: 18221.251 ms
