Hash Join  (cost=94973.51..901153.85 rows=122088 width=0) (actual time=4786.019..14377.876 rows=965503 loops=1)
  Hash Cond: (ci.movie_id = t.id)
  ->  Seq Scan on cast_info ci  (cost=0.00..796071.18 rows=185056 width=4) (actual time=2990.772..11334.408 rows=1389111 loops=1)
        Filter: ((person_id > 3753412) AND (role_id = 10))
        Rows Removed by Filter: 34855233
  ->  Hash  (cost=67604.59..67604.59 rows=1668154 width=4) (actual time=1793.901..1793.901 rows=1674098 loops=1)
        Buckets: 131072  Batches: 32  Memory Usage: 2869kB
        ->  Seq Scan on title t  (cost=0.00..67604.59 rows=1668154 width=4) (actual time=0.032..1285.517 rows=1674098 loops=1)
              Filter: (kind_id > 3)
              Rows Removed by Filter: 854214
Planning time: 1.676 ms
Execution time: 14493.168 ms
