Hash Join  (cost=83074.74..433651.07 rows=113 width=0) (actual time=1480.546..6828.092 rows=2513 loops=1)
  Hash Cond: (mi.movie_id = t.id)
  ->  Seq Scan on movie_info mi  (cost=0.00..346232.03 rows=1158179 width=4) (actual time=109.564..5368.105 rows=1204709 loops=1)
        Filter: (info_type_id > 18)
        Rows Removed by Filter: 13631011
  ->  Hash  (cost=83071.67..83071.67 rows=246 width=8) (actual time=1290.530..1290.530 rows=137 loops=1)
        Buckets: 1024  Batches: 1  Memory Usage: 14kB
        ->  Nested Loop  (cost=0.43..83071.67 rows=246 width=8) (actual time=7.975..1290.324 rows=137 loops=1)
              ->  Seq Scan on movie_keyword mk  (cost=0.00..81003.12 rows=246 width=4) (actual time=6.805..1281.316 rows=137 loops=1)
                    Filter: (keyword_id = 3587)
                    Rows Removed by Filter: 4523793
              ->  Index Only Scan using title_pkey on title t  (cost=0.43..8.40 rows=1 width=4) (actual time=0.060..0.061 rows=1 loops=137)
                    Index Cond: (id = mk.movie_id)
                    Heap Fetches: 137
Planning time: 1.236 ms
Execution time: 6828.602 ms
