Hash Join  (cost=112452.52..463757.68 rows=30134 width=0) (actual time=3121.636..7751.138 rows=9135 loops=1)
  Hash Cond: (mi.movie_id = t.id)
  ->  Seq Scan on movie_info mi  (cost=0.00..346232.03 rows=1272478 width=4) (actual time=1103.395..5461.122 rows=1325361 loops=1)
        Filter: (info_type_id = 8)
        Rows Removed by Filter: 13510359
  ->  Hash  (cost=111704.04..111704.04 rows=59878 width=8) (actual time=2017.820..2017.820 rows=25416 loops=1)
        Buckets: 65536  Batches: 1  Memory Usage: 1505kB
        ->  Hash Join  (cost=79273.71..111704.04 rows=59878 width=8) (actual time=1570.294..2007.846 rows=25416 loops=1)
              Hash Cond: (mi_idx.movie_id = t.id)
              ->  Seq Scan on movie_info_idx mi_idx  (cost=0.00..25185.44 rows=464566 width=4) (actual time=0.027..473.859 rows=459925 loops=1)
                    Filter: (info_type_id = 101)
                    Rows Removed by Filter: 920110
              ->  Hash  (cost=73925.90..73925.90 rows=325904 width=4) (actual time=1262.555..1262.555 rows=349534 loops=1)
                    Buckets: 131072  Batches: 8  Memory Usage: 2566kB
                    ->  Seq Scan on title t  (cost=0.00..73925.90 rows=325904 width=4) (actual time=0.034..1152.828 rows=349534 loops=1)
                          Filter: ((production_year > 2009) AND (kind_id = 7))
                          Rows Removed by Filter: 2178778
Planning time: 1.174 ms
Execution time: 7752.835 ms
