Seq Scan on movie_keyword mk  (cost=0.00..81003.12 rows=246 width=0) (actual time=1.228..1134.962 rows=4000 loops=1)
  Filter: (keyword_id = 917)
  Rows Removed by Filter: 4519930
Planning time: 0.233 ms
Execution time: 1136.006 ms
