Seq Scan on movie_keyword mk  (cost=0.00..81003.12 rows=1651375 width=0) (actual time=0.025..1440.625 rows=1663280 loops=1)
  Filter: (keyword_id < 2551)
  Rows Removed by Filter: 2860650
Planning time: 0.304 ms
Execution time: 1650.390 ms
