Seq Scan on cast_info ci  (cost=0.00..796071.18 rows=7979485 width=0) (actual time=6917.375..14453.194 rows=12670688 loops=1)
  Filter: ((person_id < 2304000) AND (role_id = 1))
  Rows Removed by Filter: 23573656
Planning time: 0.351 ms
Execution time: 16036.893 ms
