Hash Join  (cost=130169.55..228053.54 rows=77444 width=0) (actual time=2464.145..4827.805 rows=1408431 loops=1)
  Hash Cond: (mk.movie_id = t.id)
  ->  Seq Scan on movie_keyword mk  (cost=0.00..81003.12 rows=4295046 width=4) (actual time=0.013..1434.799 rows=4281524 loops=1)
        Filter: (keyword_id > 196)
        Rows Removed by Filter: 242406
  ->  Hash  (cost=129599.65..129599.65 rows=45592 width=8) (actual time=2463.796..2463.796 rows=72198 loops=1)
        Buckets: 131072 (originally 65536)  Batches: 1 (originally 1)  Memory Usage: 3845kB
        ->  Hash Join  (cost=74478.21..129599.65 rows=45592 width=8) (actual time=1142.598..2435.875 rows=72198 loops=1)
              Hash Cond: (mc.movie_id = t.id)
              ->  Seq Scan on movie_companies mc  (cost=0.00..44881.29 rows=2609129 width=4) (actual time=0.016..643.707 rows=2609129 loops=1)
              ->  Hash  (cost=73925.90..73925.90 rows=44184 width=4) (actual time=1142.298..1142.298 rows=35489 loops=1)
                    Buckets: 65536  Batches: 1  Memory Usage: 1760kB
                    ->  Seq Scan on title t  (cost=0.00..73925.90 rows=44184 width=4) (actual time=0.061..1126.133 rows=35489 loops=1)
                          Filter: ((kind_id < 7) AND (production_year = 2007))
                          Rows Removed by Filter: 2492823
Planning time: 0.788 ms
Execution time: 4994.498 ms
