Seq Scan on movie_companies mc  (cost=0.00..57926.93 rows=99122 width=0) (actual time=0.019..871.085 rows=159756 loops=1)
  Filter: ((company_id < 63) AND (company_type_id < 2))
  Rows Removed by Filter: 2449373
Planning time: 0.341 ms
Execution time: 892.117 ms
