Seq Scan on movie_keyword mk  (cost=0.00..81003.12 rows=1868428 width=0) (actual time=0.033..1428.299 rows=1877200 loops=1)
  Filter: (keyword_id < 3196)
  Rows Removed by Filter: 2646730
Planning time: 0.924 ms
Execution time: 1668.934 ms
