Hash Join  (cost=232585.09..313306.48 rows=471267 width=0) (actual time=5145.942..7546.595 rows=1666005 loops=1)
  Hash Cond: (mc.movie_id = t.id)
  ->  Seq Scan on movie_companies mc  (cost=0.00..57926.93 rows=1238610 width=4) (actual time=0.021..1292.309 rows=1296556 loops=1)
        Filter: ((company_id > 36) AND (company_type_id = 2))
        Rows Removed by Filter: 1312573
  ->  Hash  (cost=216800.39..216800.39 rows=962056 width=8) (actual time=5144.908..5144.908 rows=966214 loops=1)
        Buckets: 131072  Batches: 16  Memory Usage: 3411kB
        ->  Hash Join  (cost=102767.86..216800.39 rows=962056 width=8) (actual time=1910.929..4872.480 rows=966214 loops=1)
              Hash Cond: (mk.movie_id = t.id)
              ->  Seq Scan on movie_keyword mk  (cost=0.00..81003.12 rows=962056 width=4) (actual time=0.024..1425.050 rows=966214 loops=1)
                    Filter: (keyword_id < 910)
                    Rows Removed by Filter: 3557716
              ->  Hash  (cost=61283.27..61283.27 rows=2528527 width=4) (actual time=1909.736..1909.736 rows=2528312 loops=1)
                    Buckets: 131072  Batches: 64  Memory Usage: 2425kB
                    ->  Seq Scan on title t  (cost=0.00..61283.27 rows=2528527 width=4) (actual time=0.016..1039.621 rows=2528312 loops=1)
Planning time: 1.129 ms
Execution time: 7723.398 ms
