Hash Join  (cost=136950.75..1152730.90 rows=3700162 width=0) (actual time=3473.320..31741.081 rows=4604256 loops=1)
  Hash Cond: (ci.movie_id = t.id)
  ->  Seq Scan on cast_info ci  (cost=0.00..705507.15 rows=23499554 width=4) (actual time=0.023..16043.589 rows=23573656 loops=1)
        Filter: (role_id > 1)
        Rows Removed by Filter: 12670688
  ->  Hash  (cost=130418.08..130418.08 rows=398134 width=8) (actual time=3471.833..3471.833 rows=223092 loops=1)
        Buckets: 131072  Batches: 8  Memory Usage: 2122kB
        ->  Hash Join  (cost=85894.26..130418.08 rows=398134 width=8) (actual time=1729.078..3405.109 rows=223092 loops=1)
              Hash Cond: (mi_idx.movie_id = t.id)
              ->  Seq Scan on movie_info_idx mi_idx  (cost=0.00..21735.35 rows=1380035 width=4) (actual time=0.024..423.657 rows=1380035 loops=1)
              ->  Hash  (cost=73925.90..73925.90 rows=729468 width=4) (actual time=1570.710..1570.710 rows=638430 loops=1)
                    Buckets: 131072  Batches: 16  Memory Usage: 2425kB
                    ->  Seq Scan on title t  (cost=0.00..73925.90 rows=729468 width=4) (actual time=0.020..1361.173 rows=638430 loops=1)
                          Filter: ((production_year < 2003) AND (kind_id = 7))
                          Rows Removed by Filter: 1889882
Planning time: 1.149 ms
Execution time: 32250.518 ms
