Hash Join  (cost=74787.47..130164.21 rows=71122 width=0) (actual time=1266.964..2448.412 rows=28308 loops=1)
  Hash Cond: (mc.movie_id = t.id)
  ->  Seq Scan on movie_companies mc  (cost=0.00..44881.29 rows=2609129 width=4) (actual time=0.016..562.069 rows=2609129 loops=1)
  ->  Hash  (cost=73925.90..73925.90 rows=68925 width=4) (actual time=1164.938..1164.938 rows=84076 loops=1)
        Buckets: 131072  Batches: 1  Memory Usage: 3980kB
        ->  Seq Scan on title t  (cost=0.00..73925.90 rows=68925 width=4) (actual time=0.015..1132.175 rows=84076 loops=1)
              Filter: ((kind_id = 7) AND (production_year = 2007))
              Rows Removed by Filter: 2444236
Planning time: 4.077 ms
Execution time: 2452.487 ms
