Hash Join  (cost=74611.35..424055.23 rows=17559 width=0) (actual time=4193.830..6761.944 rows=28075 loops=1)
  Hash Cond: (mi.movie_id = t.id)
  ->  Seq Scan on movie_info mi  (cost=0.00..346232.03 rows=809669 width=4) (actual time=3010.390..5359.207 rows=802140 loops=1)
        Filter: (info_type_id = 1)
        Rows Removed by Filter: 14033580
  ->  Hash  (cost=73925.90..73925.90 rows=54836 width=4) (actual time=1182.841..1182.841 rows=55815 loops=1)
        Buckets: 65536  Batches: 1  Memory Usage: 2475kB
        ->  Seq Scan on title t  (cost=0.00..73925.90 rows=54836 width=4) (actual time=103.031..1159.881 rows=55815 loops=1)
              Filter: ((production_year > 1997) AND (kind_id = 2))
              Rows Removed by Filter: 2472497
Planning time: 0.797 ms
Execution time: 6765.854 ms
