Hash Join  (cost=190230.21..922347.14 rows=680392 width=0) (actual time=7814.846..16743.391 rows=1314056 loops=1)
  Hash Cond: (ci.movie_id = t.id)
  ->  Seq Scan on cast_info ci  (cost=0.00..705507.15 rows=1246628 width=4) (actual time=1165.562..10535.591 rows=1153745 loops=1)
        Filter: (person_id < 117565)
        Rows Removed by Filter: 35090599
  ->  Hash  (cost=167588.78..167588.78 rows=1380035 width=8) (actual time=4421.163..4421.163 rows=1380035 loops=1)
        Buckets: 131072  Batches: 32  Memory Usage: 2708kB
        ->  Hash Join  (cost=102767.86..167588.78 rows=1380035 width=8) (actual time=1999.195..4016.777 rows=1380035 loops=1)
              Hash Cond: (mi_idx.movie_id = t.id)
              ->  Seq Scan on movie_info_idx mi_idx  (cost=0.00..21735.35 rows=1380035 width=4) (actual time=0.016..492.146 rows=1380035 loops=1)
              ->  Hash  (cost=61283.27..61283.27 rows=2528527 width=4) (actual time=1997.185..1997.185 rows=2528312 loops=1)
                    Buckets: 131072  Batches: 64  Memory Usage: 2415kB
                    ->  Seq Scan on title t  (cost=0.00..61283.27 rows=2528527 width=4) (actual time=0.014..1146.192 rows=2528312 loops=1)
Planning time: 0.768 ms
Execution time: 16897.069 ms
