Hash Join  (cost=75411.94..426056.70 rows=12195 width=0) (actual time=4573.877..6887.556 rows=24741 loops=1)
  Hash Cond: (mi.movie_id = t.id)
  ->  Seq Scan on movie_info mi  (cost=0.00..346232.03 rows=340474 width=4) (actual time=3388.866..5555.010 rows=328857 loops=1)
        Filter: (info_type_id = 98)
        Rows Removed by Filter: 14506863
  ->  Hash  (cost=73925.90..73925.90 rows=90563 width=4) (actual time=1184.074..1184.074 rows=80990 loops=1)
        Buckets: 131072  Batches: 2  Memory Usage: 2456kB
        ->  Seq Scan on title t  (cost=0.00..73925.90 rows=90563 width=4) (actual time=0.040..1151.718 rows=80990 loops=1)
              Filter: ((kind_id < 7) AND (production_year > 2011))
              Rows Removed by Filter: 2447322
Planning time: 0.636 ms
Execution time: 6891.451 ms
