Hash Join  (cost=81720.25..889475.03 rows=2248377 width=0) (actual time=1808.790..18096.016 rows=2536248 loops=1)
  Hash Cond: (ci.movie_id = t.id)
  ->  Seq Scan on cast_info ci  (cost=0.00..705507.15 rows=6607695 width=4) (actual time=474.036..12352.947 rows=6691714 loops=1)
        Filter: (person_id > 2990903)
        Rows Removed by Filter: 29552630
  ->  Hash  (cost=67604.59..67604.59 rows=860373 width=4) (actual time=1333.807..1333.807 rows=854214 loops=1)
        Buckets: 131072  Batches: 16  Memory Usage: 2897kB
        ->  Seq Scan on title t  (cost=0.00..67604.59 rows=860373 width=4) (actual time=0.028..1073.169 rows=854214 loops=1)
              Filter: (kind_id < 4)
              Rows Removed by Filter: 1674098
Planning time: 0.790 ms
Execution time: 18389.321 ms
