Hash Join  (cost=313295.50..1939487.19 rows=41273948 width=0) (actual time=8050.329..75102.837 rows=132749409 loops=1)
  Hash Cond: (ci.movie_id = t.id)
  ->  Seq Scan on cast_info ci  (cost=0.00..705507.15 rows=35299210 width=4) (actual time=0.020..17007.475 rows=35284901 loops=1)
        Filter: (person_id < 3877428)
        Rows Removed by Filter: 959443
  ->  Hash  (cost=264790.19..264790.19 rows=2956505 width=8) (actual time=8048.683..8048.683 rows=2939517 loops=1)
        Buckets: 131072  Batches: 64  Memory Usage: 2838kB
        ->  Hash Join  (cost=102767.86..264790.19 rows=2956505 width=8) (actual time=2431.833..7143.337 rows=2939517 loops=1)
              Hash Cond: (mk.movie_id = t.id)
              ->  Seq Scan on movie_keyword mk  (cost=0.00..81003.12 rows=2956505 width=4) (actual time=0.021..1794.600 rows=2939517 loops=1)
                    Filter: (keyword_id < 9823)
                    Rows Removed by Filter: 1584413
              ->  Hash  (cost=61283.27..61283.27 rows=2528527 width=4) (actual time=2430.392..2430.392 rows=2528312 loops=1)
                    Buckets: 131072  Batches: 64  Memory Usage: 2425kB
                    ->  Seq Scan on title t  (cost=0.00..61283.27 rows=2528527 width=4) (actual time=0.448..1145.698 rows=2528312 loops=1)
Planning time: 1.119 ms
Execution time: 89819.313 ms
