Hash Join  (cost=174865.45..315801.46 rows=1343499 width=0) (actual time=4073.163..8985.104 rows=5663516 loops=1)
  Hash Cond: (mk.movie_id = t.id)
  ->  Seq Scan on movie_keyword mk  (cost=0.00..81003.12 rows=3712239 width=4) (actual time=0.022..1816.660 rows=3708682 loops=1)
        Filter: (keyword_id < 22477)
        Rows Removed by Filter: 815248
  ->  Hash  (cost=159851.69..159851.69 rows=915101 width=8) (actual time=4072.164..4072.164 rows=919850 loops=1)
        Buckets: 131072  Batches: 16  Memory Usage: 3282kB
        ->  Hash Join  (cost=102767.86..159851.69 rows=915101 width=8) (actual time=2064.951..3776.214 rows=919850 loops=1)
              Hash Cond: (mi_idx.movie_id = t.id)
              ->  Seq Scan on movie_info_idx mi_idx  (cost=0.00..25185.44 rows=915101 width=4) (actual time=0.029..506.149 rows=919850 loops=1)
                    Filter: (info_type_id < 101)
                    Rows Removed by Filter: 460185
              ->  Hash  (cost=61283.27..61283.27 rows=2528527 width=4) (actual time=2063.313..2063.313 rows=2528312 loops=1)
                    Buckets: 131072  Batches: 64  Memory Usage: 2415kB
                    ->  Seq Scan on title t  (cost=0.00..61283.27 rows=2528527 width=4) (actual time=0.024..1193.578 rows=2528312 loops=1)
Planning time: 2.234 ms
Execution time: 9638.391 ms
