Seq Scan on movie_keyword mk  (cost=0.00..81003.12 rows=246 width=0) (actual time=0.464..1250.603 rows=527 loops=1)
  Filter: (keyword_id = 331)
  Rows Removed by Filter: 4523403
Planning time: 0.363 ms
Execution time: 1250.932 ms
