Hash Join  (cost=84037.34..938282.33 rows=970844 width=0) (actual time=6983.740..15829.065 rows=565773 loops=1)
  Hash Cond: (ci.movie_id = t.id)
  ->  Seq Scan on cast_info ci  (cost=0.00..796071.18 rows=3983297 width=4) (actual time=5518.954..13251.054 rows=1822945 loops=1)
        Filter: ((person_id < 1969945) AND (role_id = 2))
        Rows Removed by Filter: 34421399
  ->  Hash  (cost=73925.90..73925.90 rows=616275 width=4) (actual time=1463.755..1463.755 rows=676927 loops=1)
        Buckets: 131072  Batches: 16  Memory Usage: 2516kB
        ->  Seq Scan on title t  (cost=0.00..73925.90 rows=616275 width=4) (actual time=50.684..1249.315 rows=676927 loops=1)
              Filter: ((production_year > 2005) AND (kind_id = 7))
              Rows Removed by Filter: 1851385
Planning time: 0.788 ms
Execution time: 15897.557 ms
