Hash Join  (cost=87180.69..1121339.42 rows=9390433 width=0) (actual time=1657.714..28910.400 rows=9313592 loops=1)
  Hash Cond: (ci.movie_id = t.id)
  ->  Seq Scan on cast_info ci  (cost=0.00..705507.15 rows=19899267 width=4) (actual time=0.021..14184.970 rows=19781378 loops=1)
        Filter: (person_id < 1984052)
        Rows Removed by Filter: 16462966
  ->  Hash  (cost=67604.59..67604.59 rows=1193208 width=4) (actual time=1656.738..1656.738 rows=1192518 loops=1)
        Buckets: 131072  Batches: 16  Memory Usage: 3646kB
        ->  Seq Scan on title t  (cost=0.00..67604.59 rows=1193208 width=4) (actual time=0.005..1271.323 rows=1192518 loops=1)
              Filter: (production_year > 2003)
              Rows Removed by Filter: 1335794
Planning time: 1.416 ms
Execution time: 30003.893 ms
