Hash Join  (cost=74213.42..160197.49 rows=11796 width=0) (actual time=1081.203..2763.461 rows=23609 loops=1)
  Hash Cond: (mk.movie_id = t.id)
  ->  Seq Scan on movie_keyword mk  (cost=0.00..81003.12 rows=1296796 width=4) (actual time=0.022..1436.300 rows=1311482 loops=1)
        Filter: (keyword_id > 13396)
        Rows Removed by Filter: 3212448
  ->  Hash  (cost=73925.90..73925.90 rows=23001 width=4) (actual time=1080.966..1080.966 rows=17208 loops=1)
        Buckets: 32768  Batches: 1  Memory Usage: 861kB
        ->  Seq Scan on title t  (cost=0.00..73925.90 rows=23001 width=4) (actual time=0.036..1073.036 rows=17208 loops=1)
              Filter: ((kind_id < 4) AND (production_year = 2003))
              Rows Removed by Filter: 2511104
Planning time: 0.563 ms
Execution time: 2767.053 ms
