Hash Join  (cost=179971.13..316631.67 rows=1203150 width=0) (actual time=3940.378..7812.831 rows=1561799 loops=1)
  Hash Cond: (mk.movie_id = t.id)
  ->  Seq Scan on movie_keyword mk  (cost=0.00..69693.30 rows=4523930 width=4) (actual time=0.021..1429.050 rows=4523930 loops=1)
  ->  Hash  (cost=168938.28..168938.28 rows=672468 width=8) (actual time=3936.705..3936.705 rows=505607 loops=1)
        Buckets: 131072  Batches: 16  Memory Usage: 2275kB
        ->  Hash Join  (cost=84618.08..168938.28 rows=672468 width=8) (actual time=1455.403..3781.240 rows=505607 loops=1)
              Hash Cond: (mc.movie_id = t.id)
              ->  Seq Scan on movie_companies mc  (cost=0.00..44881.29 rows=2609129 width=4) (actual time=0.020..898.889 rows=2609129 loops=1)
              ->  Hash  (cost=73925.90..73925.90 rows=651694 width=4) (actual time=1454.457..1454.457 rows=532575 loops=1)
                    Buckets: 131072  Batches: 16  Memory Usage: 2197kB
                    ->  Seq Scan on title t  (cost=0.00..73925.90 rows=651694 width=4) (actual time=0.016..1275.888 rows=532575 loops=1)
                          Filter: ((kind_id > 1) AND (production_year < 1997))
                          Rows Removed by Filter: 1995737
Planning time: 1.033 ms
Execution time: 7978.965 ms
