Nested Loop  (cost=0.43..58358.27 rows=51 width=0) (actual time=197.609..863.266 rows=4 loops=1)
  ->  Seq Scan on movie_companies mc  (cost=0.00..57926.93 rows=51 width=4) (actual time=197.524..863.004 rows=4 loops=1)
        Filter: ((company_type_id < 2) AND (company_id = 25355))
        Rows Removed by Filter: 2609125
  ->  Index Only Scan using title_pkey on title t  (cost=0.43..8.45 rows=1 width=4) (actual time=0.057..0.058 rows=1 loops=4)
        Index Cond: (id = mc.movie_id)
        Heap Fetches: 4
Planning time: 0.703 ms
Execution time: 863.337 ms
