Hash Join  (cost=82033.88..880495.06 rows=6612 width=0) (actual time=12192.549..12916.999 rows=47005 loops=1)
  Hash Cond: (ci.movie_id = t.id)
  ->  Seq Scan on cast_info ci  (cost=0.00..796071.18 rows=33835 width=4) (actual time=10868.990..11401.202 rows=192224 loops=1)
        Filter: ((person_id > 3424542) AND (role_id > 10))
        Rows Removed by Filter: 36052120
  ->  Hash  (cost=73925.90..73925.90 rows=494158 width=4) (actual time=1322.650..1322.650 rows=581419 loops=1)
        Buckets: 131072  Batches: 8  Memory Usage: 3592kB
        ->  Seq Scan on title t  (cost=0.00..73925.90 rows=494158 width=4) (actual time=0.020..1154.578 rows=581419 loops=1)
              Filter: ((kind_id < 7) AND (production_year < 2004))
              Rows Removed by Filter: 1946893
Planning time: 0.782 ms
Execution time: 12923.454 ms
