Hash Join  (cost=83462.78..796095.12 rows=80501 width=0) (actual time=10545.391..14223.112 rows=65168 loops=1)
  Hash Cond: (ci.movie_id = t.id)
  ->  Seq Scan on cast_info ci  (cost=0.00..705507.15 rows=350181 width=4) (actual time=8840.857..12245.069 rows=316118 loops=1)
        Filter: (role_id > 10)
        Rows Removed by Filter: 35928226
  ->  Hash  (cost=73925.90..73925.90 rows=581270 width=4) (actual time=1703.465..1703.465 rows=602533 loops=1)
        Buckets: 131072  Batches: 8  Memory Usage: 3669kB
        ->  Seq Scan on title t  (cost=0.00..73925.90 rows=581270 width=4) (actual time=0.036..1510.023 rows=602533 loops=1)
              Filter: ((kind_id > 1) AND (production_year > 2007))
              Rows Removed by Filter: 1925779
Planning time: 3.510 ms
Execution time: 14232.297 ms
