Hash Join  (cost=308828.17..964882.02 rows=5244289 width=181) (actual time=10567.453..100042.238 rows=170617452 loops=1)
  Hash Cond: (mi.movie_id = t.id)
  ->  Seq Scan on movie_info mi  (cost=0.00..346232.03 rows=7503588 width=75) (actual time=0.022..8995.541 rows=7548855 loops=1)
        Filter: (info_type_id > 7)
        Rows Removed by Filter: 7286865
  ->  Hash  (cost=257399.19..257399.19 rows=1767198 width=106) (actual time=10565.341..10565.341 rows=3878469 loops=1)
        Buckets: 32768 (originally 32768)  Batches: 256 (originally 128)  Memory Usage: 3841kB
        ->  Hash Join  (cost=94420.17..257399.19 rows=1767198 width=106) (actual time=2077.503..7675.863 rows=3878469 loops=1)
              Hash Cond: (mk.movie_id = t.id)
              ->  Seq Scan on movie_keyword mk  (cost=0.00..69693.30 rows=4523930 width=12) (actual time=0.015..1544.418 rows=4523930 loops=1)
              ->  Hash  (cost=67604.59..67604.59 rows=987727 width=94) (actual time=2073.455..2073.455 rows=985048 loops=1)
                    Buckets: 32768  Batches: 64  Memory Usage: 1954kB
                    ->  Seq Scan on title t  (cost=0.00..67604.59 rows=987727 width=94) (actual time=0.028..1612.356 rows=985048 loops=1)
                          Filter: (kind_id < 7)
                          Rows Removed by Filter: 1543264
Planning time: 1.773 ms
Execution time: 109032.791 ms
