Hash Join  (cost=67976.49..155166.83 rows=53231 width=0) (actual time=1124.335..2964.358 rows=65035 loops=1)
  Hash Cond: (mk.movie_id = t.id)
  ->  Seq Scan on movie_keyword mk  (cost=0.00..69693.30 rows=4523930 width=4) (actual time=0.014..946.504 rows=4523930 loops=1)
  ->  Hash  (cost=67604.59..67604.59 rows=29752 width=4) (actual time=1123.640..1123.640 rows=30027 loops=1)
        Buckets: 32768  Batches: 1  Memory Usage: 1312kB
        ->  Seq Scan on title t  (cost=0.00..67604.59 rows=29752 width=4) (actual time=0.073..1110.474 rows=30027 loops=1)
              Filter: (production_year = 1994)
              Rows Removed by Filter: 2498285
Planning time: 0.756 ms
Execution time: 2973.311 ms
