Hash Join  (cost=69928.56..131968.17 rows=16432 width=0) (actual time=1984.196..2910.841 rows=30085 loops=1)
  Hash Cond: (mc.movie_id = t.id)
  ->  Seq Scan on movie_companies mc  (cost=0.00..57926.93 rows=293427 width=4) (actual time=263.038..933.182 rows=579790 loops=1)
        Filter: ((company_id > 71071) AND (company_type_id > 1))
        Rows Removed by Filter: 2029339
  ->  Hash  (cost=67604.59..67604.59 rows=141598 width=4) (actual time=1719.535..1719.535 rows=141703 loops=1)
        Buckets: 131072  Batches: 2  Memory Usage: 3511kB
        ->  Seq Scan on title t  (cost=0.00..67604.59 rows=141598 width=4) (actual time=0.032..1212.510 rows=141703 loops=1)
              Filter: (production_year = 2010)
              Rows Removed by Filter: 2386609
Planning time: 0.771 ms
Execution time: 2915.351 ms
