Hash Join  (cost=263521.86..444757.27 rows=4397646 width=0) (actual time=6594.966..17424.181 rows=33650245 loops=1)
  Hash Cond: (mk.movie_id = t.id)
  ->  Seq Scan on movie_keyword mk  (cost=0.00..69693.30 rows=4523930 width=4) (actual time=0.014..1485.758 rows=4523930 loops=1)
  ->  Hash  (cost=223195.56..223195.56 rows=2457944 width=8) (actual time=6594.152..6594.152 rows=2459156 loops=1)
        Buckets: 131072  Batches: 64  Memory Usage: 2595kB
        ->  Hash Join  (cost=102767.86..223195.56 rows=2457944 width=8) (actual time=1991.357..5841.676 rows=2459156 loops=1)
              Hash Cond: (mc.movie_id = t.id)
              ->  Seq Scan on movie_companies mc  (cost=0.00..51404.11 rows=2457944 width=4) (actual time=0.019..1159.999 rows=2459156 loops=1)
                    Filter: (company_id < 132119)
                    Rows Removed by Filter: 149973
              ->  Hash  (cost=61283.27..61283.27 rows=2528527 width=4) (actual time=1989.450..1989.450 rows=2528312 loops=1)
                    Buckets: 131072  Batches: 64  Memory Usage: 2415kB
                    ->  Seq Scan on title t  (cost=0.00..61283.27 rows=2528527 width=4) (actual time=0.016..1160.048 rows=2528312 loops=1)
Planning time: 1.035 ms
Execution time: 20956.877 ms
