Seq Scan on cast_info ci  (cost=0.00..796071.18 rows=519444 width=0) (actual time=1102.327..11200.630 rows=492797 loops=1)
  Filter: ((person_id < 59865) AND (role_id < 8))
  Rows Removed by Filter: 35751547
Planning time: 0.376 ms
Execution time: 11259.001 ms
