Seq Scan on movie_companies mc  (cost=0.00..51404.11 rows=104 width=0) (actual time=30.214..781.473 rows=940 loops=1)
  Filter: (company_id = 14890)
  Rows Removed by Filter: 2608189
Planning time: 0.265 ms
Execution time: 781.761 ms
