Seq Scan on movie_companies mc  (cost=0.00..57926.93 rows=53 width=0) (actual time=375.394..783.253 rows=507 loops=1)
  Filter: ((company_id = 1) AND (company_type_id = 2))
  Rows Removed by Filter: 2608622
Planning time: 0.387 ms
Execution time: 783.436 ms
