Seq Scan on movie_companies mc  (cost=0.00..51404.11 rows=222366 width=0) (actual time=0.127..856.683 rows=221625 loops=1)
  Filter: (company_id < 77)
  Rows Removed by Filter: 2387504
Planning time: 0.327 ms
Execution time: 885.673 ms
