Seq Scan on cast_info ci  (cost=0.00..796071.18 rows=11588831 width=0) (actual time=7214.617..14873.885 rows=5950296 loops=1)
  Filter: ((person_id < 2679135) AND (role_id > 2))
  Rows Removed by Filter: 30294048
Planning time: 0.366 ms
Execution time: 15606.591 ms
