Hash Join  (cost=77939.33..1147740.91 rows=3504241 width=0) (actual time=1257.291..34203.949 rows=4985720 loops=1)
  Hash Cond: (ci.movie_id = t.id)
  ->  Seq Scan on cast_info ci  (cost=0.00..614943.12 rows=36225612 width=4) (actual time=0.018..13078.770 rows=36244344 loops=1)
  ->  Hash  (cost=73925.90..73925.90 rows=244594 width=4) (actual time=1256.191..1256.191 rows=359543 loops=1)
        Buckets: 131072 (originally 131072)  Batches: 8 (originally 4)  Memory Usage: 3073kB
        ->  Seq Scan on title t  (cost=0.00..73925.90 rows=244594 width=4) (actual time=257.876..1137.833 rows=359543 loops=1)
              Filter: ((production_year < 1998) AND (kind_id = 1))
              Rows Removed by Filter: 2168769
Planning time: 0.761 ms
Execution time: 34785.348 ms
