Hash Join  (cost=102767.86..981772.05 rows=3036001 width=0) (actual time=2837.327..21480.974 rows=6870317 loops=1)
  Hash Cond: (ci.movie_id = t.id)
  ->  Seq Scan on cast_info ci  (cost=0.00..796071.18 rows=3036001 width=4) (actual time=783.674..13360.145 rows=6870317 loops=1)
        Filter: ((person_id > 2976462) AND (role_id > 2))
        Rows Removed by Filter: 29374027
  ->  Hash  (cost=61283.27..61283.27 rows=2528527 width=4) (actual time=2052.823..2052.823 rows=2528312 loops=1)
        Buckets: 131072  Batches: 64  Memory Usage: 2415kB
        ->  Seq Scan on title t  (cost=0.00..61283.27 rows=2528527 width=4) (actual time=0.031..1209.188 rows=2528312 loops=1)
Planning time: 0.737 ms
Execution time: 22300.954 ms
