Hash Join  (cost=478047.37..1581555.53 rows=6785399 width=0) (actual time=8372.614..45326.988 rows=28413761 loops=1)
  Hash Cond: (ci.movie_id = t.id)
  ->  Seq Scan on cast_info ci  (cost=0.00..614943.12 rows=36225612 width=4) (actual time=0.017..13260.679 rows=36244344 loops=1)
  ->  Hash  (cost=470276.16..470276.16 rows=473617 width=8) (actual time=8371.738..8371.738 rows=486554 loops=1)
        Buckets: 131072  Batches: 8  Memory Usage: 3382kB
        ->  Hash Join  (cost=102767.86..470276.16 rows=473617 width=8) (actual time=4124.644..8237.548 rows=486554 loops=1)
              Hash Cond: (mi.movie_id = t.id)
              ->  Seq Scan on movie_info mi  (cost=0.00..346232.03 rows=473617 width=4) (actual time=2137.617..5469.897 rows=486554 loops=1)
                    Filter: (info_type_id = 5)
                    Rows Removed by Filter: 14349166
              ->  Hash  (cost=61283.27..61283.27 rows=2528527 width=4) (actual time=1986.166..1986.166 rows=2528312 loops=1)
                    Buckets: 131072  Batches: 64  Memory Usage: 2425kB
                    ->  Seq Scan on title t  (cost=0.00..61283.27 rows=2528527 width=4) (actual time=0.030..1126.620 rows=2528312 loops=1)
Planning time: 1.241 ms
Execution time: 48377.041 ms
