Seq Scan on movie_keyword mk  (cost=0.00..81003.12 rows=2665759 width=0) (actual time=0.018..1569.867 rows=2658224 loops=1)
  Filter: (keyword_id > 3152)
  Rows Removed by Filter: 1865706
Planning time: 0.309 ms
Execution time: 1903.772 ms
