Hash Join  (cost=73962.22..423240.17 rows=930 width=0) (actual time=4355.397..5973.869 rows=5331 loops=1)
  Hash Cond: (mi.movie_id = t.id)
  ->  Seq Scan on movie_info mi  (cost=0.00..346232.03 rows=809768 width=4) (actual time=3311.775..4786.541 rows=802140 loops=1)
        Filter: (info_type_id < 2)
        Rows Removed by Filter: 14033580
  ->  Hash  (cost=73925.90..73925.90 rows=2905 width=4) (actual time=1043.179..1043.179 rows=7852 loops=1)
        Buckets: 8192 (originally 4096)  Batches: 1 (originally 1)  Memory Usage: 341kB
        ->  Seq Scan on title t  (cost=0.00..73925.90 rows=2905 width=4) (actual time=0.039..1039.193 rows=7852 loops=1)
              Filter: ((kind_id < 7) AND (production_year = 1986))
              Rows Removed by Filter: 2520460
Planning time: 2.538 ms
Execution time: 5974.985 ms
