Hash Join  (cost=80355.62..438738.33 rows=125506 width=0) (actual time=1489.109..7161.816 rows=244579 loops=1)
  Hash Cond: (mi.movie_id = t.id)
  ->  Seq Scan on movie_info mi  (cost=0.00..346232.03 rows=809768 width=4) (actual time=102.257..5502.505 rows=802140 loops=1)
        Filter: (info_type_id < 2)
        Rows Removed by Filter: 14033580
  ->  Hash  (cost=73925.90..73925.90 rows=391897 width=4) (actual time=1243.602..1243.602 rows=289693 loops=1)
        Buckets: 131072  Batches: 8  Memory Usage: 2308kB
        ->  Seq Scan on title t  (cost=0.00..73925.90 rows=391897 width=4) (actual time=77.867..1149.150 rows=289693 loops=1)
              Filter: ((production_year > 1998) AND (kind_id = 1))
              Rows Removed by Filter: 2238619
Planning time: 0.719 ms
Execution time: 7183.370 ms
