Hash Join  (cost=52284.99..79196.04 rows=57 width=0) (actual time=866.637..1305.445 rows=315 loops=1)
  Hash Cond: (mi_idx.movie_id = t.id)
  ->  Seq Scan on movie_info_idx mi_idx  (cost=0.00..21735.35 rows=1380035 width=4) (actual time=0.022..285.926 rows=1380035 loops=1)
  ->  Hash  (cost=52283.69..52283.69 rows=104 width=8) (actual time=761.163..761.163 rows=105 loops=1)
        Buckets: 1024  Batches: 1  Memory Usage: 13kB
        ->  Nested Loop  (cost=0.43..52283.69 rows=104 width=8) (actual time=212.572..761.071 rows=105 loops=1)
              ->  Seq Scan on movie_companies mc  (cost=0.00..51404.11 rows=104 width=4) (actual time=212.481..752.268 rows=105 loops=1)
                    Filter: (company_id = 13488)
                    Rows Removed by Filter: 2609024
              ->  Index Only Scan using title_pkey on title t  (cost=0.43..8.45 rows=1 width=4) (actual time=0.081..0.082 rows=1 loops=105)
                    Index Cond: (id = mc.movie_id)
                    Heap Fetches: 105
Planning time: 1.208 ms
Execution time: 1305.622 ms
