Hash Join  (cost=102454.22..161762.96 rows=1159321 width=0) (actual time=2522.638..4243.370 rows=1179682 loops=1)
  Hash Cond: (mi_idx.movie_id = t.id)
  ->  Seq Scan on movie_info_idx mi_idx  (cost=0.00..21735.35 rows=1380035 width=4) (actual time=0.015..453.993 rows=1380035 loops=1)
  ->  Hash  (cost=67604.59..67604.59 rows=2124131 width=4) (actual time=2521.112..2521.112 rows=2118372 loops=1)
        Buckets: 131072  Batches: 32  Memory Usage: 3356kB
        ->  Seq Scan on title t  (cost=0.00..67604.59 rows=2124131 width=4) (actual time=0.032..1380.697 rows=2118372 loops=1)
              Filter: (production_year > 1967)
              Rows Removed by Filter: 409940
Planning time: 0.778 ms
Execution time: 4373.703 ms
