Hash Join  (cost=83265.76..126289.23 rows=310699 width=0) (actual time=2180.977..3293.849 rows=172566 loops=1)
  Hash Cond: (mi_idx.movie_id = t.id)
  ->  Seq Scan on movie_info_idx mi_idx  (cost=0.00..21735.35 rows=1380035 width=4) (actual time=0.010..442.893 rows=1380035 loops=1)
  ->  Hash  (cost=73925.90..73925.90 rows=569268 width=4) (actual time=2180.334..2180.334 rows=460200 loops=1)
        Buckets: 131072  Batches: 8  Memory Usage: 3031kB
        ->  Seq Scan on title t  (cost=0.00..73925.90 rows=569268 width=4) (actual time=0.015..1396.765 rows=460200 loops=1)
              Filter: ((kind_id > 4) AND (production_year < 1998))
              Rows Removed by Filter: 2068112
Planning time: 0.500 ms
Execution time: 3312.544 ms
