Hash Join  (cost=132805.92..497527.31 rows=6546 width=0) (actual time=1876.952..9241.820 rows=11663 loops=1)
  Hash Cond: (mi.movie_id = t.id)
  ->  Seq Scan on movie_info mi  (cost=0.00..309384.22 rows=14739122 width=4) (actual time=0.007..4514.469 rows=14835720 loops=1)
  ->  Hash  (cost=132791.88..132791.88 rows=1123 width=8) (actual time=1869.984..1869.984 rows=900 loops=1)
        Buckets: 2048  Batches: 1  Memory Usage: 52kB
        ->  Hash Join  (cost=74103.28..132791.88 rows=1123 width=8) (actual time=1215.567..1869.439 rows=900 loops=1)
              Hash Cond: (mc.movie_id = t.id)
              ->  Seq Scan on movie_companies mc  (cost=0.00..57926.93 rows=200116 width=4) (actual time=214.153..843.074 rows=92911 loops=1)
                    Filter: ((company_id < 240) AND (company_type_id > 1))
                    Rows Removed by Filter: 2516218
              ->  Hash  (cost=73925.90..73925.90 rows=14190 width=4) (actual time=999.019..999.019 rows=12208 loops=1)
                    Buckets: 16384  Batches: 1  Memory Usage: 558kB
                    ->  Seq Scan on title t  (cost=0.00..73925.90 rows=14190 width=4) (actual time=0.085..993.295 rows=12208 loops=1)
                          Filter: ((kind_id < 7) AND (production_year = 1996))
                          Rows Removed by Filter: 2516104
Planning time: 0.789 ms
Execution time: 9244.683 ms
