Hash Join  (cost=100908.38..850065.76 rows=7287 width=0) (actual time=1762.946..15874.602 rows=44260 loops=1)
  Hash Cond: (ci.movie_id = t.id)
  ->  Seq Scan on cast_info ci  (cost=0.00..705507.15 rows=11620622 width=4) (actual time=0.013..12041.546 rows=11522369 loops=1)
        Filter: (person_id < 1134084)
        Rows Removed by Filter: 24721975
  ->  Hash  (cost=100888.56..100888.56 rows=1586 width=8) (actual time=1762.864..1762.864 rows=3443 loops=1)
        Buckets: 4096 (originally 2048)  Batches: 1 (originally 1)  Memory Usage: 167kB
        ->  Hash Join  (cost=73962.22..100888.56 rows=1586 width=8) (actual time=1175.087..1761.334 rows=3443 loops=1)
              Hash Cond: (mi_idx.movie_id = t.id)
              ->  Seq Scan on movie_info_idx mi_idx  (cost=0.00..21735.35 rows=1380035 width=4) (actual time=0.020..341.142 rows=1380035 loops=1)
              ->  Hash  (cost=73925.90..73925.90 rows=2905 width=4) (actual time=1161.173..1161.173 rows=2748 loops=1)
                    Buckets: 4096  Batches: 1  Memory Usage: 129kB
                    ->  Seq Scan on title t  (cost=0.00..73925.90 rows=2905 width=4) (actual time=0.468..1159.586 rows=2748 loops=1)
                          Filter: ((kind_id < 7) AND (production_year = 1951))
                          Rows Removed by Filter: 2525564
Planning time: 1.207 ms
Execution time: 15881.883 ms
