Seq Scan on movie_keyword mk  (cost=0.00..81003.12 rows=246 width=0) (actual time=29.291..1252.153 rows=216 loops=1)
  Filter: (keyword_id = 4170)
  Rows Removed by Filter: 4523714
Planning time: 0.338 ms
Execution time: 1252.386 ms
