Hash Join  (cost=102767.86..191392.11 rows=865189 width=0) (actual time=2565.801..5040.713 rows=1070015 loops=1)
  Hash Cond: (mc.movie_id = t.id)
  ->  Seq Scan on movie_companies mc  (cost=0.00..57926.93 rows=865189 width=4) (actual time=0.042..1216.993 rows=1070015 loops=1)
        Filter: ((company_id > 3039) AND (company_type_id = 2))
        Rows Removed by Filter: 1539114
  ->  Hash  (cost=61283.27..61283.27 rows=2528527 width=4) (actual time=2563.962..2563.962 rows=2528312 loops=1)
        Buckets: 131072  Batches: 64  Memory Usage: 2415kB
        ->  Seq Scan on title t  (cost=0.00..61283.27 rows=2528527 width=4) (actual time=0.031..1160.437 rows=2528312 loops=1)
Planning time: 2.960 ms
Execution time: 5164.258 ms
