Hash Join  (cost=152640.46..280879.15 rows=511865 width=0) (actual time=3298.142..7714.658 rows=5377832 loops=1)
  Hash Cond: (mk.movie_id = t.id)
  ->  Seq Scan on movie_keyword mk  (cost=0.00..69693.30 rows=4523930 width=4) (actual time=0.019..1395.213 rows=4523930 loops=1)
  ->  Hash  (cost=147946.30..147946.30 rows=286093 width=8) (actual time=3295.721..3295.721 rows=406117 loops=1)
        Buckets: 131072 (originally 131072)  Batches: 8 (originally 4)  Memory Usage: 3073kB
        ->  Hash Join  (cost=77934.62..147946.30 rows=286093 width=8) (actual time=1374.185..3167.975 rows=406117 loops=1)
              Hash Cond: (mc.movie_id = t.id)
              ->  Seq Scan on movie_companies mc  (cost=0.00..51404.11 rows=1148969 width=4) (actual time=0.028..1050.531 rows=1145272 loops=1)
                    Filter: (company_id < 8781)
                    Rows Removed by Filter: 1463857
              ->  Hash  (cost=67604.59..67604.59 rows=629603 width=4) (actual time=1373.053..1373.053 rows=622851 loops=1)
                    Buckets: 131072  Batches: 16  Memory Usage: 2387kB
                    ->  Seq Scan on title t  (cost=0.00..67604.59 rows=629603 width=4) (actual time=0.017..1167.051 rows=622851 loops=1)
                          Filter: (production_year < 1987)
                          Rows Removed by Filter: 1905461
Planning time: 1.064 ms
Execution time: 8321.132 ms
