Hash Join  (cost=102803.67..268828.29 rows=3149167 width=0) (actual time=2058.633..6346.254 rows=1606798 loops=1)
  Hash Cond: (mk.movie_id = t.id)
  ->  Seq Scan on movie_keyword mk  (cost=0.00..69693.30 rows=4523930 width=4) (actual time=0.023..1460.055 rows=4523930 loops=1)
  ->  Hash  (cost=73925.90..73925.90 rows=1760141 width=4) (actual time=2055.326..2055.326 rows=1754586 loops=1)
        Buckets: 131072  Batches: 32  Memory Usage: 2961kB
        ->  Seq Scan on title t  (cost=0.00..73925.90 rows=1760141 width=4) (actual time=0.015..1482.765 rows=1754586 loops=1)
              Filter: ((kind_id > 1) AND (production_year < 2013))
              Rows Removed by Filter: 773726
Planning time: 0.751 ms
Execution time: 6521.065 ms
