Seq Scan on movie_keyword mk  (cost=0.00..81003.12 rows=246 width=0) (actual time=128.006..1186.545 rows=59 loops=1)
  Filter: (keyword_id = 18557)
  Rows Removed by Filter: 4523871
Planning time: 0.317 ms
Execution time: 1186.648 ms
