Hash Join  (cost=259657.11..441105.59 rows=4415153 width=0) (actual time=6467.331..18102.337 rows=34671605 loops=1)
  Hash Cond: (mk.movie_id = t.id)
  ->  Seq Scan on movie_keyword mk  (cost=0.00..69693.30 rows=4523930 width=4) (actual time=0.014..1486.812 rows=4523930 loops=1)
  ->  Hash  (cost=219170.50..219170.50 rows=2467729 width=8) (actual time=6463.438..6463.438 rows=2530916 loops=1)
        Buckets: 131072  Batches: 64  Memory Usage: 2646kB
        ->  Hash Join  (cost=106840.27..219170.50 rows=2467729 width=8) (actual time=2143.579..5465.776 rows=2530916 loops=1)
              Hash Cond: (mc.movie_id = t.id)
              ->  Seq Scan on movie_companies mc  (cost=0.00..44881.29 rows=2609129 width=4) (actual time=0.021..874.438 rows=2609129 loops=1)
              ->  Hash  (cost=67604.59..67604.59 rows=2391495 width=4) (actual time=2142.598..2142.598 rows=2388876 loops=1)
                    Buckets: 131072  Batches: 32  Memory Usage: 3646kB
                    ->  Seq Scan on title t  (cost=0.00..67604.59 rows=2391495 width=4) (actual time=0.023..1379.152 rows=2388876 loops=1)
                          Filter: (production_year < 2013)
                          Rows Removed by Filter: 139436
Planning time: 1.047 ms
Execution time: 22035.543 ms
