Hash Join  (cost=195849.24..1033433.14 rows=687754 width=0) (actual time=5112.753..17515.079 rows=1917 loops=1)
  Hash Cond: (ci.movie_id = t.id)
  ->  Seq Scan on cast_info ci  (cost=0.00..796071.18 rows=2784314 width=4) (actual time=738.586..13026.378 rows=2630 loops=1)
        Filter: ((person_id < 1359276) AND (role_id = 2))
        Rows Removed by Filter: 36241714
  ->  Hash  (cost=185602.09..185602.09 rows=624572 width=8) (actual time=4350.375..4350.375 rows=853403 loops=1)
        Buckets: 131072  Batches: 16  Memory Usage: 3084kB
        ->  Hash Join  (cost=102767.86..185602.09 rows=624572 width=8) (actual time=2001.864..4115.883 rows=853403 loops=1)
              Hash Cond: (mc.movie_id = t.id)
              ->  Seq Scan on movie_companies mc  (cost=0.00..57926.93 rows=624572 width=4) (actual time=0.027..1049.964 rows=853403 loops=1)
                    Filter: ((company_id < 11203) AND (company_type_id = 1))
                    Rows Removed by Filter: 1755726
              ->  Hash  (cost=61283.27..61283.27 rows=2528527 width=4) (actual time=2000.485..2000.485 rows=2528312 loops=1)
                    Buckets: 131072  Batches: 64  Memory Usage: 2415kB
                    ->  Seq Scan on title t  (cost=0.00..61283.27 rows=2528527 width=4) (actual time=0.022..1171.007 rows=2528312 loops=1)
Planning time: 1.240 ms
Execution time: 17515.902 ms
