Nested Loop  (cost=0.43..709671.90 rows=500 width=0) (actual time=688.775..10973.200 rows=4 loops=1)
  ->  Seq Scan on cast_info ci  (cost=0.00..705507.15 rows=500 width=4) (actual time=688.676..10972.989 rows=4 loops=1)
        Filter: (person_id = 2314391)
        Rows Removed by Filter: 36244340
  ->  Index Only Scan using title_pkey on title t  (cost=0.43..8.32 rows=1 width=4) (actual time=0.047..0.047 rows=1 loops=4)
        Index Cond: (id = ci.movie_id)
        Heap Fetches: 4
Planning time: 0.783 ms
Execution time: 10973.272 ms
