Nested Loop  (cost=0.43..58358.27 rows=51 width=0) (actual time=284.119..792.079 rows=17 loops=1)
  ->  Seq Scan on movie_companies mc  (cost=0.00..57926.93 rows=51 width=4) (actual time=284.008..791.194 rows=17 loops=1)
        Filter: ((company_id = 4469) AND (company_type_id = 1))
        Rows Removed by Filter: 2609112
  ->  Index Only Scan using title_pkey on title t  (cost=0.43..8.45 rows=1 width=4) (actual time=0.045..0.046 rows=1 loops=17)
        Index Cond: (id = mc.movie_id)
        Heap Fetches: 17
Planning time: 1.889 ms
Execution time: 792.171 ms
