Seq Scan on movie_companies mc  (cost=0.00..51404.11 rows=787163 width=0) (actual time=0.025..848.793 rows=775193 loops=1)
  Filter: (company_id < 1682)
  Rows Removed by Filter: 1833936
Planning time: 0.222 ms
Execution time: 948.604 ms
