Seq Scan on movie_keyword mk  (cost=0.00..81003.12 rows=246 width=0) (actual time=0.125..1337.829 rows=302 loops=1)
  Filter: (keyword_id = 3910)
  Rows Removed by Filter: 4523628
Planning time: 0.291 ms
Execution time: 1338.063 ms
