Hash Join  (cost=102767.86..262540.73 rows=2863000 width=0) (actual time=1994.485..6617.769 rows=2848025 loops=1)
  Hash Cond: (mk.movie_id = t.id)
  ->  Seq Scan on movie_keyword mk  (cost=0.00..81003.12 rows=2863000 width=4) (actual time=0.062..1609.850 rows=2848025 loops=1)
        Filter: (keyword_id > 2567)
        Rows Removed by Filter: 1675905
  ->  Hash  (cost=61283.27..61283.27 rows=2528527 width=4) (actual time=1992.308..1992.308 rows=2528312 loops=1)
        Buckets: 131072  Batches: 64  Memory Usage: 2425kB
        ->  Seq Scan on title t  (cost=0.00..61283.27 rows=2528527 width=4) (actual time=0.026..1115.423 rows=2528312 loops=1)
Planning time: 0.691 ms
Execution time: 6976.196 ms
