Hash Join  (cost=102767.86..169863.40 rows=241565 width=0) (actual time=2112.326..3412.963 rows=243924 loops=1)
  Hash Cond: (mc.movie_id = t.id)
  ->  Seq Scan on movie_companies mc  (cost=0.00..51404.11 rows=241565 width=4) (actual time=252.225..953.613 rows=243924 loops=1)
        Filter: (company_id > 102214)
        Rows Removed by Filter: 2365205
  ->  Hash  (cost=61283.27..61283.27 rows=2528527 width=4) (actual time=1858.496..1858.496 rows=2528312 loops=1)
        Buckets: 131072  Batches: 64  Memory Usage: 2415kB
        ->  Seq Scan on title t  (cost=0.00..61283.27 rows=2528527 width=4) (actual time=0.023..1045.050 rows=2528312 loops=1)
Planning time: 0.712 ms
Execution time: 3441.929 ms
