Hash Join  (cost=70241.71..197963.95 rows=240185 width=0) (actual time=1263.885..4530.737 rows=120201 loops=1)
  Hash Cond: (mk.movie_id = t.id)
  ->  Seq Scan on movie_keyword mk  (cost=0.00..81003.12 rows=3778471 width=4) (actual time=0.022..1792.865 rows=3772969 loops=1)
        Filter: (keyword_id < 24897)
        Rows Removed by Filter: 750961
  ->  Hash  (cost=67604.59..67604.59 rows=160730 width=4) (actual time=1262.651..1262.651 rows=160017 loops=1)
        Buckets: 131072  Batches: 4  Memory Usage: 2442kB
        ->  Seq Scan on title t  (cost=0.00..67604.59 rows=160730 width=4) (actual time=0.011..1203.102 rows=160017 loops=1)
              Filter: (production_year = 2011)
              Rows Removed by Filter: 2368295
Planning time: 0.753 ms
Execution time: 4546.990 ms
