Hash Join  (cost=1086265.25..1894221.13 rows=25574024 width=0) (actual time=26955.065..76367.841 rows=114119544 loops=1)
  Hash Cond: (mi.movie_id = t.id)
  ->  Seq Scan on movie_info mi  (cost=0.00..309384.22 rows=14739122 width=4) (actual time=0.015..6435.742 rows=14835720 loops=1)
  ->  Hash  (cost=1014286.29..1014286.29 rows=4387277 width=8) (actual time=26953.960..26953.960 rows=8970027 loops=1)
        Buckets: 131072 (originally 131072)  Batches: 128 (originally 64)  Memory Usage: 3825kB
        ->  Hash Join  (cost=102767.86..1014286.29 rows=4387277 width=8) (actual time=1952.310..24020.437 rows=8970027 loops=1)
              Hash Cond: (ci.movie_id = t.id)
              ->  Seq Scan on cast_info ci  (cost=0.00..796071.18 rows=4387277 width=4) (actual time=0.024..14229.285 rows=8970027 loops=1)
                    Filter: ((person_id < 1224099) AND (role_id < 2))
                    Rows Removed by Filter: 27274317
              ->  Hash  (cost=61283.27..61283.27 rows=2528527 width=4) (actual time=1951.240..1951.240 rows=2528312 loops=1)
                    Buckets: 131072  Batches: 64  Memory Usage: 2415kB
                    ->  Seq Scan on title t  (cost=0.00..61283.27 rows=2528527 width=4) (actual time=0.018..1112.084 rows=2528312 loops=1)
Planning time: 1.164 ms
Execution time: 89341.325 ms
