Hash Join  (cost=71089.54..102822.86 rows=38722 width=0) (actual time=1529.791..2262.442 rows=38007 loops=1)
  Hash Cond: (mi_idx.movie_id = t.id)
  ->  Seq Scan on movie_info_idx mi_idx  (cost=0.00..25185.44 rows=460978 width=4) (actual time=0.023..485.278 rows=459925 loops=1)
        Filter: (info_type_id = 99)
        Rows Removed by Filter: 920110
  ->  Hash  (cost=67604.59..67604.59 rows=212396 width=4) (actual time=1528.220..1528.220 rows=211624 loops=1)
        Buckets: 131072  Batches: 4  Memory Usage: 2883kB
        ->  Seq Scan on title t  (cost=0.00..67604.59 rows=212396 width=4) (actual time=0.065..1146.675 rows=211624 loops=1)
              Filter: (production_year < 1957)
              Rows Removed by Filter: 2316688
Planning time: 0.759 ms
Execution time: 2267.761 ms
