Seq Scan on movie_companies mc  (cost=0.00..57926.93 rows=479507 width=0) (actual time=0.020..924.863 rows=174992 loops=1)
  Filter: ((company_id > 17087) AND (company_type_id = 1))
  Rows Removed by Filter: 2434137
Planning time: 0.330 ms
Execution time: 948.147 ms
