Seq Scan on movie_keyword mk  (cost=0.00..81003.12 rows=9111 width=0) (actual time=0.029..1130.992 rows=7116 loops=1)
  Filter: (keyword_id > 127608)
  Rows Removed by Filter: 4516814
Planning time: 0.296 ms
Execution time: 1132.262 ms
