Nested Loop  (cost=0.43..83072.90 rows=1 width=0) (actual time=672.313..1100.449 rows=1 loops=1)
  ->  Seq Scan on movie_keyword mk  (cost=0.00..81003.12 rows=246 width=4) (actual time=5.471..1086.133 rows=150 loops=1)
        Filter: (keyword_id = 18549)
        Rows Removed by Filter: 4523780
  ->  Index Scan using title_pkey on title t  (cost=0.43..8.40 rows=1 width=4) (actual time=0.092..0.092 rows=0 loops=150)
        Index Cond: (id = mk.movie_id)
        Filter: ((kind_id = 7) AND (production_year = 1979))
        Rows Removed by Filter: 1
Planning time: 0.772 ms
Execution time: 1100.535 ms
