Hash Join  (cost=28268.28..114928.56 rows=224 width=0) (actual time=380.156..2149.442 rows=39250 loops=1)
  Hash Cond: (mk.movie_id = t.id)
  ->  Seq Scan on movie_keyword mk  (cost=0.00..69693.30 rows=4523930 width=4) (actual time=0.025..997.625 rows=4523930 loops=1)
  ->  Hash  (cost=28266.72..28266.72 rows=125 width=8) (actual time=377.184..377.184 rows=260 loops=1)
        Buckets: 1024  Batches: 1  Memory Usage: 19kB
        ->  Nested Loop  (cost=0.43..28266.72 rows=125 width=8) (actual time=314.350..377.059 rows=260 loops=1)
              ->  Seq Scan on movie_info_idx mi_idx  (cost=0.00..25185.44 rows=368 width=4) (actual time=314.272..370.268 rows=260 loops=1)
                    Filter: (info_type_id > 101)
                    Rows Removed by Filter: 1379775
              ->  Index Scan using title_pkey on title t  (cost=0.43..8.36 rows=1 width=4) (actual time=0.025..0.025 rows=1 loops=260)
                    Index Cond: (id = mi_idx.movie_id)
                    Filter: (kind_id < 4)
Planning time: 7.223 ms
Execution time: 2154.534 ms
