Hash Join  (cost=905764.05..1500422.45 rows=7310567 width=0) (actual time=18685.880..32599.778 rows=3814749 loops=1)
  Hash Cond: (mi.movie_id = t.id)
  ->  Seq Scan on movie_info mi  (cost=0.00..309384.22 rows=14739122 width=4) (actual time=0.016..5764.561 rows=14835720 loops=1)
  ->  Hash  (cost=885188.26..885188.26 rows=1254143 width=8) (actual time=18679.254..18679.254 rows=758476 loops=1)
        Buckets: 131072  Batches: 32  Memory Usage: 1949kB
        ->  Hash Join  (cost=81055.23..885188.26 rows=1254143 width=8) (actual time=4201.302..18451.740 rows=758476 loops=1)
              Hash Cond: (ci.movie_id = t.id)
              ->  Seq Scan on cast_info ci  (cost=0.00..705507.15 rows=7298253 width=4) (actual time=2827.981..13631.866 rows=7451973 loops=1)
                    Filter: (role_id = 2)
                    Rows Removed by Filter: 28792371
              ->  Hash  (cost=73925.90..73925.90 rows=434506 width=4) (actual time=1372.456..1372.456 rows=315167 loops=1)
                    Buckets: 131072  Batches: 8  Memory Usage: 2397kB
                    ->  Seq Scan on title t  (cost=0.00..73925.90 rows=434506 width=4) (actual time=140.453..1270.311 rows=315167 loops=1)
                          Filter: ((production_year < 1991) AND (kind_id = 7))
                          Rows Removed by Filter: 2213145
Planning time: 1.218 ms
Execution time: 32996.709 ms
