Seq Scan on movie_keyword mk  (cost=0.00..81003.12 rows=246 width=0) (actual time=0.988..1274.748 rows=1159 loops=1)
  Filter: (keyword_id = 2099)
  Rows Removed by Filter: 4522771
Planning time: 0.315 ms
Execution time: 1275.237 ms
