Hash Join  (cost=449253.37..577955.82 rows=549942 width=0) (actual time=7684.188..11781.468 rows=1552005 loops=1)
  Hash Cond: (mk.movie_id = t.id)
  ->  Seq Scan on movie_keyword mk  (cost=0.00..69693.30 rows=4523930 width=4) (actual time=0.027..1425.441 rows=4523930 loops=1)
  ->  Hash  (cost=444210.18..444210.18 rows=307375 width=8) (actual time=7683.090..7683.090 rows=382564 loops=1)
        Buckets: 131072  Batches: 8  Memory Usage: 2905kB
        ->  Hash Join  (cost=77062.89..444210.18 rows=307375 width=8) (actual time=2940.469..7556.084 rows=382564 loops=1)
              Hash Cond: (mi.movie_id = t.id)
              ->  Seq Scan on movie_info mi  (cost=0.00..346232.03 rows=1348138 width=4) (actual time=1652.535..5383.565 rows=1298989 loops=1)
                    Filter: (info_type_id = 4)
                    Rows Removed by Filter: 13536731
              ->  Hash  (cost=67604.59..67604.59 rows=576504 width=4) (actual time=1286.868..1286.868 rows=568449 loops=1)
                    Buckets: 131072  Batches: 8  Memory Usage: 3519kB
                    ->  Seq Scan on title t  (cost=0.00..67604.59 rows=576504 width=4) (actual time=0.034..1095.649 rows=568449 loops=1)
                          Filter: (production_year < 1984)
                          Rows Removed by Filter: 1959863
Planning time: 1.311 ms
Execution time: 11938.833 ms
