Hash Join  (cost=74185.18..127419.18 rows=3917 width=0) (actual time=1719.847..2147.890 rows=22 loops=1)
  Hash Cond: (mc.movie_id = t.id)
  ->  Seq Scan on movie_companies mc  (cost=0.00..51404.11 rows=477524 width=4) (actual time=0.025..796.558 rows=471529 loops=1)
        Filter: (company_id < 419)
        Rows Removed by Filter: 2137600
  ->  Hash  (cost=73925.90..73925.90 rows=20742 width=4) (actual time=1213.929..1213.929 rows=51721 loops=1)
        Buckets: 65536 (originally 32768)  Batches: 1 (originally 1)  Memory Usage: 2331kB
        ->  Seq Scan on title t  (cost=0.00..73925.90 rows=20742 width=4) (actual time=688.319..1193.835 rows=51721 loops=1)
              Filter: ((kind_id < 7) AND (production_year < 1914))
              Rows Removed by Filter: 2476591
Planning time: 0.713 ms
Execution time: 2148.112 ms
