Hash Join  (cost=152160.36..1227052.27 rows=3999775 width=0) (actual time=2924.710..34838.226 rows=8781745 loops=1)
  Hash Cond: (ci.movie_id = t.id)
  ->  Seq Scan on cast_info ci  (cost=0.00..614943.12 rows=36225612 width=4) (actual time=0.103..12754.299 rows=36244344 loops=1)
  ->  Hash  (cost=147579.58..147579.58 rows=279182 width=8) (actual time=2923.803..2923.803 rows=206582 loops=1)
        Buckets: 131072  Batches: 4  Memory Usage: 3028kB
        ->  Hash Join  (cost=78473.92..147579.58 rows=279182 width=8) (actual time=1299.467..2863.763 rows=206582 loops=1)
              Hash Cond: (mc.movie_id = t.id)
              ->  Seq Scan on movie_companies mc  (cost=0.00..51404.11 rows=1065527 width=4) (actual time=0.021..912.063 rows=1061320 loops=1)
                    Filter: (company_id < 6359)
                    Rows Removed by Filter: 1547809
              ->  Hash  (cost=67604.59..67604.59 rows=662507 width=4) (actual time=1298.179..1298.179 rows=662065 loops=1)
                    Buckets: 131072  Batches: 16  Memory Usage: 2481kB
                    ->  Seq Scan on title t  (cost=0.00..67604.59 rows=662507 width=4) (actual time=0.017..1086.197 rows=662065 loops=1)
                          Filter: (production_year > 2008)
                          Rows Removed by Filter: 1866247
Planning time: 1.015 ms
Execution time: 35876.425 ms
