Seq Scan on cast_info ci  (cost=0.00..705507.15 rows=500 width=0) (actual time=1916.547..10906.030 rows=489 loops=1)
  Filter: (person_id = 3016394)
  Rows Removed by Filter: 36243855
Planning time: 0.327 ms
Execution time: 10906.195 ms
