Hash Join  (cost=365418.15..1728135.49 rows=28507443 width=0) (actual time=11965.946..49326.520 rows=70998050 loops=1)
  Hash Cond: (ci.movie_id = t.id)
  ->  Seq Scan on cast_info ci  (cost=0.00..796071.18 rows=15933456 width=4) (actual time=3336.257..16538.124 rows=14464948 loops=1)
        Filter: ((person_id > 1191751) AND (role_id < 4))
        Rows Removed by Filter: 21779396
  ->  Hash  (cost=291197.02..291197.02 rows=4523930 width=8) (actual time=8627.976..8627.976 rows=4523930 loops=1)
        Buckets: 131072  Batches: 64  Memory Usage: 3816kB
        ->  Hash Join  (cost=102767.86..291197.02 rows=4523930 width=8) (actual time=2128.436..7355.121 rows=4523930 loops=1)
              Hash Cond: (mk.movie_id = t.id)
              ->  Seq Scan on movie_keyword mk  (cost=0.00..69693.30 rows=4523930 width=4) (actual time=0.034..1532.885 rows=4523930 loops=1)
              ->  Hash  (cost=61283.27..61283.27 rows=2528527 width=4) (actual time=2126.556..2126.556 rows=2528312 loops=1)
                    Buckets: 131072  Batches: 64  Memory Usage: 2425kB
                    ->  Seq Scan on title t  (cost=0.00..61283.27 rows=2528527 width=4) (actual time=0.018..1037.704 rows=2528312 loops=1)
Planning time: 1.149 ms
Execution time: 56917.767 ms
