Hash Join  (cost=827104.99..920387.75 rows=99458 width=0) (actual time=14876.163..16874.183 rows=311334 loops=1)
  Hash Cond: (mk.movie_id = t.id)
  ->  Seq Scan on movie_keyword mk  (cost=0.00..81003.12 rows=879214 width=4) (actual time=0.027..1518.781 rows=887109 loops=1)
        Filter: (keyword_id < 839)
        Rows Removed by Filter: 3636821
  ->  Hash  (cost=822411.59..822411.59 rows=286032 width=8) (actual time=14875.290..14875.290 rows=263231 loops=1)
        Buckets: 131072  Batches: 4  Memory Usage: 3599kB
        ->  Hash Join  (cost=101489.21..822411.59 rows=286032 width=8) (actual time=8969.178..14790.303 rows=263231 loops=1)
              Hash Cond: (ci.movie_id = t.id)
              ->  Seq Scan on cast_info ci  (cost=0.00..705507.15 rows=350181 width=4) (actual time=6993.711..12215.145 rows=316118 loops=1)
                    Filter: (role_id > 10)
                    Rows Removed by Filter: 35928226
              ->  Hash  (cost=67604.59..67604.59 rows=2065330 width=4) (actual time=1974.363..1974.363 rows=2064552 loops=1)
                    Buckets: 131072  Batches: 32  Memory Usage: 3289kB
                    ->  Seq Scan on title t  (cost=0.00..67604.59 rows=2065330 width=4) (actual time=0.023..1308.130 rows=2064552 loops=1)
                          Filter: (production_year < 2011)
                          Rows Removed by Filter: 463760
Planning time: 1.291 ms
Execution time: 16911.988 ms
