Hash Join  (cost=905778.82..982290.69 rows=106034 width=0) (actual time=16066.424..17925.857 rows=193354 loops=1)
  Hash Cond: (mc.movie_id = t.id)
  ->  Seq Scan on movie_companies mc  (cost=0.00..44881.29 rows=2609129 width=4) (actual time=0.025..860.072 rows=2609129 loops=1)
  ->  Hash  (cost=904092.35..904092.35 rows=102758 width=8) (actual time=16065.686..16065.686 rows=136522 loops=1)
        Buckets: 131072  Batches: 2  Memory Usage: 3683kB
        ->  Hash Join  (cost=98864.94..904092.35 rows=102758 width=8) (actual time=6235.302..16022.209 rows=136522 loops=1)
              Hash Cond: (ci.movie_id = t.id)
              ->  Seq Scan on cast_info ci  (cost=0.00..796071.18 rows=170929 width=4) (actual time=4270.719..13672.583 rows=243403 loops=1)
                    Filter: ((person_id > 1834300) AND (role_id > 10))
                    Rows Removed by Filter: 36000941
              ->  Hash  (cost=73925.90..73925.90 rows=1520083 width=4) (actual time=1963.017..1963.017 rows=1507233 loops=1)
                    Buckets: 131072  Batches: 32  Memory Usage: 2679kB
                    ->  Seq Scan on title t  (cost=0.00..73925.90 rows=1520083 width=4) (actual time=0.023..1476.758 rows=1507233 loops=1)
                          Filter: ((kind_id > 1) AND (production_year < 2011))
                          Rows Removed by Filter: 1021079
Planning time: 2.964 ms
Execution time: 17951.253 ms
