Hash Join  (cost=235033.03..1379595.29 rows=9916784 width=0) (actual time=6514.863..60299.497 rows=81062202 loops=1)
  Hash Cond: (ci.movie_id = t.id)
  ->  Seq Scan on cast_info ci  (cost=0.00..796071.18 rows=21162733 width=4) (actual time=0.026..18348.481 rows=24332025 loops=1)
        Filter: ((person_id < 2758480) AND (role_id < 8))
        Rows Removed by Filter: 11912319
  ->  Hash  (cost=215593.29..215593.29 rows=1184859 width=8) (actual time=6511.731..6511.731 rows=2567149 loops=1)
        Buckets: 131072 (originally 131072)  Batches: 64 (originally 16)  Memory Usage: 3073kB
        ->  Hash Join  (cost=83810.17..215593.29 rows=1184859 width=8) (actual time=1824.138..5760.462 rows=2567149 loops=1)
              Hash Cond: (mk.movie_id = t.id)
              ->  Seq Scan on movie_keyword mk  (cost=0.00..81003.12 rows=3033174 width=4) (actual time=0.021..1703.426 rows=3021685 loops=1)
                    Filter: (keyword_id > 2163)
                    Rows Removed by Filter: 1502245
              ->  Hash  (cost=67604.59..67604.59 rows=987727 width=4) (actual time=1822.349..1822.349 rows=985048 loops=1)
                    Buckets: 131072  Batches: 16  Memory Usage: 3197kB
                    ->  Seq Scan on title t  (cost=0.00..67604.59 rows=987727 width=4) (actual time=0.024..1247.902 rows=985048 loops=1)
                          Filter: (kind_id < 7)
                          Rows Removed by Filter: 1543264
Planning time: 1.172 ms
Execution time: 69419.508 ms
