Hash Join  (cost=102767.86..195468.21 rows=1305615 width=0) (actual time=2058.548..4494.197 rows=1295493 loops=1)
  Hash Cond: (mc.movie_id = t.id)
  ->  Seq Scan on movie_companies mc  (cost=0.00..51404.11 rows=1305615 width=4) (actual time=0.019..1010.536 rows=1295493 loops=1)
        Filter: (company_id < 11272)
        Rows Removed by Filter: 1313636
  ->  Hash  (cost=61283.27..61283.27 rows=2528527 width=4) (actual time=2057.593..2057.593 rows=2528312 loops=1)
        Buckets: 131072  Batches: 64  Memory Usage: 2415kB
        ->  Seq Scan on title t  (cost=0.00..61283.27 rows=2528527 width=4) (actual time=0.019..1190.429 rows=2528312 loops=1)
Planning time: 0.911 ms
Execution time: 4636.838 ms
