Hash Join  (cost=174403.47..1110305.34 rows=4341785 width=0) (actual time=7280.981..29998.553 rows=20346642 loops=1)
  Hash Cond: (ci.movie_id = t.id)
  ->  Seq Scan on cast_info ci  (cost=0.00..705507.15 rows=15938097 width=4) (actual time=3057.687..12403.913 rows=16065773 loops=1)
        Filter: (person_id > 2027263)
        Rows Removed by Filter: 20178571
  ->  Hash  (cost=163102.35..163102.35 rows=688810 width=8) (actual time=4222.445..4222.445 rows=1307690 loops=1)
        Buckets: 131072 (originally 131072)  Batches: 32 (originally 16)  Memory Usage: 3073kB
        ->  Hash Join  (cost=78556.72..163102.35 rows=688810 width=8) (actual time=1361.920..3851.996 rows=1307690 loops=1)
              Hash Cond: (mc.movie_id = t.id)
              ->  Seq Scan on movie_companies mc  (cost=0.00..44881.29 rows=2609129 width=4) (actual time=0.021..876.134 rows=2609129 loops=1)
              ->  Hash  (cost=67604.59..67604.59 rows=667531 width=4) (actual time=1208.964..1208.964 rows=662825 loops=1)
                    Buckets: 131072  Batches: 16  Memory Usage: 2476kB
                    ->  Seq Scan on title t  (cost=0.00..67604.59 rows=667531 width=4) (actual time=15.518..964.719 rows=662825 loops=1)
                          Filter: (kind_id = 1)
                          Rows Removed by Filter: 1865487
Planning time: 3.289 ms
Execution time: 32293.924 ms
