Hash Join  (cost=954289.81..1582692.21 rows=1839616 width=0) (actual time=24716.437..38371.744 rows=1329126 loops=1)
  Hash Cond: (mi.movie_id = t.id)
  ->  Seq Scan on movie_info mi  (cost=0.00..309384.22 rows=14739122 width=4) (actual time=0.023..6001.882 rows=14835720 loops=1)
  ->  Hash  (cost=949111.93..949111.93 rows=315590 width=8) (actual time=24596.405..24596.405 rows=161739 loops=1)
        Buckets: 131072  Batches: 8  Memory Usage: 1787kB
        ->  Hash Join  (cost=74421.58..949111.93 rows=315590 width=8) (actual time=1184.630..24130.100 rows=161739 loops=1)
              Hash Cond: (ci.movie_id = t.id)
              ->  Seq Scan on cast_info ci  (cost=0.00..796071.18 rows=20123539 width=4) (actual time=0.024..16834.354 rows=23973043 loops=1)
                    Filter: ((person_id < 2796924) AND (role_id < 5))
                    Rows Removed by Filter: 12271301
              ->  Hash  (cost=73925.90..73925.90 rows=39654 width=4) (actual time=1184.233..1184.233 rows=37544 loops=1)
                    Buckets: 65536  Batches: 1  Memory Usage: 1832kB
                    ->  Seq Scan on title t  (cost=0.00..73925.90 rows=39654 width=4) (actual time=0.043..1168.673 rows=37544 loops=1)
                          Filter: ((production_year > 2004) AND (kind_id = 2))
                          Rows Removed by Filter: 2490768
Planning time: 1.177 ms
Execution time: 38515.857 ms
