Hash Join  (cost=448761.92..574400.56 rows=298460 width=0) (actual time=7223.335..11262.617 rows=3240885 loops=1)
  Hash Cond: (mk.movie_id = t.id)
  ->  Seq Scan on movie_keyword mk  (cost=0.00..69693.30 rows=4523930 width=4) (actual time=0.013..1411.284 rows=4523930 loops=1)
  ->  Hash  (cost=446024.72..446024.72 rows=166816 width=8) (actual time=7222.520..7222.520 rows=344592 loops=1)
        Buckets: 131072 (originally 131072)  Batches: 8 (originally 4)  Memory Usage: 3073kB
        ->  Hash Join  (cost=89253.38..446024.72 rows=166816 width=8) (actual time=4602.762..7107.235 rows=344592 loops=1)
              Hash Cond: (mi.movie_id = t.id)
              ->  Seq Scan on movie_info mi  (cost=0.00..346232.03 rows=451508 width=4) (actual time=3040.930..5041.433 rows=474443 loops=1)
                    Filter: (info_type_id = 6)
                    Rows Removed by Filter: 14361277
              ->  Hash  (cost=73925.90..73925.90 rows=934198 width=4) (actual time=1560.891..1560.891 rows=950693 loops=1)
                    Buckets: 131072  Batches: 16  Memory Usage: 3123kB
                    ->  Seq Scan on title t  (cost=0.00..73925.90 rows=934198 width=4) (actual time=0.030..1275.576 rows=950693 loops=1)
                          Filter: ((kind_id < 7) AND (production_year < 2013))
                          Rows Removed by Filter: 1577619
Planning time: 1.098 ms
Execution time: 11628.423 ms
