Hash Join  (cost=83072.91..109983.40 rows=1 width=0) (actual time=1413.555..1908.322 rows=24 loops=1)
  Hash Cond: (mi_idx.movie_id = t.id)
  ->  Seq Scan on movie_info_idx mi_idx  (cost=0.00..21735.35 rows=1380035 width=4) (actual time=0.019..342.963 rows=1380035 loops=1)
  ->  Hash  (cost=83072.90..83072.90 rows=1 width=8) (actual time=1310.469..1310.469 rows=8 loops=1)
        Buckets: 1024  Batches: 1  Memory Usage: 9kB
        ->  Nested Loop  (cost=0.43..83072.90 rows=1 width=8) (actual time=160.515..1310.447 rows=8 loops=1)
              ->  Seq Scan on movie_keyword mk  (cost=0.00..81003.12 rows=246 width=4) (actual time=0.267..1281.066 rows=702 loops=1)
                    Filter: (keyword_id = 9249)
                    Rows Removed by Filter: 4523228
              ->  Index Scan using title_pkey on title t  (cost=0.43..8.40 rows=1 width=4) (actual time=0.040..0.040 rows=0 loops=702)
                    Index Cond: (id = mk.movie_id)
                    Filter: ((kind_id < 2) AND (production_year = 1976))
                    Rows Removed by Filter: 1
Planning time: 3.755 ms
Execution time: 1908.521 ms
