Hash Join  (cost=74469.67..935562.69 rows=285219 width=0) (actual time=5010.956..20203.277 rows=213411 loops=1)
  Hash Cond: (ci.movie_id = t.id)
  ->  Seq Scan on cast_info ci  (cost=0.00..796071.18 rows=16578575 width=4) (actual time=3870.081..15472.017 rows=12904037 loops=1)
        Filter: ((person_id < 2640681) AND (role_id > 1))
        Rows Removed by Filter: 23340307
  ->  Hash  (cost=73925.90..73925.90 rows=43501 width=4) (actual time=1140.259..1140.259 rows=39560 loops=1)
        Buckets: 65536  Batches: 1  Memory Usage: 1903kB
        ->  Seq Scan on title t  (cost=0.00..73925.90 rows=43501 width=4) (actual time=0.059..1125.035 rows=39560 loops=1)
              Filter: ((kind_id = 1) AND (production_year = 2012))
              Rows Removed by Filter: 2488752
Planning time: 0.742 ms
Execution time: 20238.542 ms
