Seq Scan on title t  (cost=0.00..73925.90 rows=525381 width=0) (actual time=0.036..750.476 rows=401442 loops=1)
  Filter: ((kind_id < 3) AND (production_year > 1990))
  Rows Removed by Filter: 2126870
Planning time: 0.428 ms
Execution time: 795.734 ms
