Hash Join  (cost=102798.12..189531.73 rows=7557 width=0) (actual time=1793.976..3678.507 rows=95603 loops=1)
  Hash Cond: (mk.movie_id = t.id)
  ->  Seq Scan on movie_keyword mk  (cost=0.00..69693.30 rows=4523930 width=4) (actual time=0.023..1063.995 rows=4523930 loops=1)
  ->  Hash  (cost=102745.32..102745.32 rows=4224 width=8) (actual time=1791.581..1791.581 rows=9480 loops=1)
        Buckets: 16384 (originally 8192)  Batches: 1 (originally 1)  Memory Usage: 499kB
        ->  Hash Join  (cost=74071.18..102745.32 rows=4224 width=8) (actual time=1163.346..1787.732 rows=9480 loops=1)
              Hash Cond: (mi_idx.movie_id = t.id)
              ->  Seq Scan on movie_info_idx mi_idx  (cost=0.00..25185.44 rows=919057 width=4) (actual time=0.014..463.020 rows=920110 loops=1)
                    Filter: (info_type_id > 99)
                    Rows Removed by Filter: 459925
              ->  Hash  (cost=73925.90..73925.90 rows=11622 width=4) (actual time=1163.141..1163.141 rows=11141 loops=1)
                    Buckets: 16384  Batches: 1  Memory Usage: 520kB
                    ->  Seq Scan on title t  (cost=0.00..73925.90 rows=11622 width=4) (actual time=0.116..1157.998 rows=11141 loops=1)
                          Filter: ((kind_id < 7) AND (production_year = 1994))
                          Rows Removed by Filter: 2517171
Planning time: 4.063 ms
Execution time: 3690.844 ms
