Seq Scan on cast_info ci  (cost=0.00..705507.15 rows=34861835 width=0) (actual time=0.019..14184.619 rows=34970495 loops=1)
  Filter: (person_id > 128049)
  Rows Removed by Filter: 1273849
Planning time: 0.218 ms
Execution time: 18501.483 ms
