Seq Scan on movie_companies mc  (cost=0.00..57926.93 rows=257199 width=0) (actual time=294.063..987.304 rows=136348 loops=1)
  Filter: ((company_id < 451) AND (company_type_id = 2))
  Rows Removed by Filter: 2472781
Planning time: 0.347 ms
Execution time: 1005.374 ms
