Hash Join  (cost=119934.21..244785.16 rows=233791 width=0) (actual time=3699.128..5107.816 rows=141990 loops=1)
  Hash Cond: (mk.movie_id = t.id)
  ->  Seq Scan on movie_keyword mk  (cost=0.00..69693.30 rows=4523930 width=4) (actual time=0.018..1378.922 rows=4523930 loops=1)
  ->  Hash  (cost=117789.82..117789.82 rows=130671 width=8) (actual time=2356.838..2356.838 rows=54945 loops=1)
        Buckets: 131072  Batches: 2  Memory Usage: 2102kB
        ->  Hash Join  (cost=77854.63..117789.82 rows=130671 width=8) (actual time=1288.889..2338.957 rows=54945 loops=1)
              Hash Cond: (mi_idx.movie_id = t.id)
              ->  Seq Scan on movie_info_idx mi_idx  (cost=0.00..21735.35 rows=1380035 width=4) (actual time=0.023..444.191 rows=1380035 loops=1)
              ->  Hash  (cost=73925.90..73925.90 rows=239418 width=4) (actual time=1287.596..1287.596 rows=256906 loops=1)
                    Buckets: 131072  Batches: 4  Memory Usage: 3296kB
                    ->  Seq Scan on title t  (cost=0.00..73925.90 rows=239418 width=4) (actual time=224.710..1206.539 rows=256906 loops=1)
                          Filter: ((production_year > 2010) AND (kind_id = 7))
                          Rows Removed by Filter: 2271406
Planning time: 1.137 ms
Execution time: 5125.562 ms
