Hash Join  (cost=479215.15..616158.53 rows=1226334 width=0) (actual time=8288.390..13960.931 rows=6486781 loops=1)
  Hash Cond: (mk.movie_id = t.id)
  ->  Seq Scan on movie_keyword mk  (cost=0.00..69693.30 rows=4523930 width=4) (actual time=0.018..1519.562 rows=4523930 loops=1)
  ->  Hash  (cost=467969.33..467969.33 rows=685426 width=8) (actual time=8287.130..8287.130 rows=1253050 loops=1)
        Buckets: 131072 (originally 131072)  Batches: 32 (originally 16)  Memory Usage: 4100kB
        ->  Hash Join  (cost=87636.94..467969.33 rows=685426 width=8) (actual time=1380.246..7887.294 rows=1253050 loops=1)
              Hash Cond: (mi.movie_id = t.id)
              ->  Seq Scan on movie_info mi  (cost=0.00..346232.03 rows=2073893 width=4) (actual time=0.013..4636.905 rows=2091068 loops=1)
                    Filter: (info_type_id < 3)
                    Rows Removed by Filter: 12744652
              ->  Hash  (cost=73925.90..73925.90 rows=835683 width=4) (actual time=1379.490..1379.490 rows=749869 loops=1)
                    Buckets: 131072  Batches: 16  Memory Usage: 2683kB
                    ->  Seq Scan on title t  (cost=0.00..73925.90 rows=835683 width=4) (actual time=0.022..1134.170 rows=749869 loops=1)
                          Filter: ((kind_id < 7) AND (production_year > 1966))
                          Rows Removed by Filter: 1778443
Planning time: 5.678 ms
Execution time: 14705.455 ms
