Seq Scan on cast_info ci  (cost=0.00..796071.18 rows=20533853 width=0) (actual time=0.020..14042.431 rows=19549679 loops=1)
  Filter: ((person_id > 1242833) AND (role_id < 10))
  Rows Removed by Filter: 16694665
Planning time: 0.325 ms
Execution time: 16254.488 ms
