Hash Join  (cost=83328.83..1005408.17 rows=2028550 width=0) (actual time=9757.587..20115.121 rows=924099 loops=1)
  Hash Cond: (ci.movie_id = t.id)
  ->  Seq Scan on cast_info ci  (cost=0.00..796071.18 rows=8949777 width=4) (actual time=7988.782..15282.072 rows=5034969 loops=1)
        Filter: ((person_id > 1040484) AND (role_id = 1))
        Rows Removed by Filter: 31209375
  ->  Hash  (cost=73925.90..73925.90 rows=573114 width=4) (actual time=1767.922..1767.922 rows=446387 loops=1)
        Buckets: 131072  Batches: 8  Memory Usage: 2976kB
        ->  Seq Scan on title t  (cost=0.00..73925.90 rows=573114 width=4) (actual time=0.016..1376.512 rows=446387 loops=1)
              Filter: ((kind_id > 1) AND (production_year < 1994))
              Rows Removed by Filter: 2081925
Planning time: 0.777 ms
Execution time: 20228.906 ms
