Nested Loop  (cost=0.43..128640.68 rows=2309 width=0) (actual time=0.143..1615.451 rows=4829 loops=1)
  ->  Seq Scan on movie_keyword mk  (cost=0.00..81003.12 rows=6786 width=4) (actual time=0.093..1396.115 rows=5733 loops=1)
        Filter: (keyword_id = 249)
        Rows Removed by Filter: 4518197
  ->  Index Scan using title_pkey on title t  (cost=0.43..7.01 rows=1 width=4) (actual time=0.037..0.037 rows=1 loops=5733)
        Index Cond: (id = mk.movie_id)
        Filter: (kind_id < 4)
        Rows Removed by Filter: 0
Planning time: 3.724 ms
Execution time: 1617.108 ms
