Hash Join  (cost=135597.96..500284.26 rows=3036 width=0) (actual time=1457.622..8694.150 rows=4347 loops=1)
  Hash Cond: (mi.movie_id = t.id)
  ->  Seq Scan on movie_info mi  (cost=0.00..309384.22 rows=14739122 width=4) (actual time=7.915..4632.330 rows=14835720 loops=1)
  ->  Hash  (cost=135591.45..135591.45 rows=521 width=8) (actual time=1408.336..1408.336 rows=165 loops=1)
        Buckets: 1024  Batches: 1  Memory Usage: 15kB
        ->  Nested Loop  (cost=0.43..135591.45 rows=521 width=8) (actual time=31.689..1408.108 rows=165 loops=1)
              ->  Seq Scan on movie_keyword mk  (cost=0.00..81003.12 rows=7992 width=4) (actual time=0.186..1240.047 rows=7673 loops=1)
                    Filter: (keyword_id = 7078)
                    Rows Removed by Filter: 4516257
              ->  Index Scan using title_pkey on title t  (cost=0.43..6.82 rows=1 width=4) (actual time=0.021..0.021 rows=0 loops=7673)
                    Index Cond: (id = mk.movie_id)
                    Filter: (production_year = 2012)
                    Rows Removed by Filter: 1
Planning time: 0.891 ms
Execution time: 8695.395 ms
