Hash Join  (cost=206482.54..722095.05 rows=1629066 width=0) (actual time=5285.779..31177.484 rows=57892738 loops=1)
  Hash Cond: (mi.movie_id = t.id)
  ->  Seq Scan on movie_info mi  (cost=0.00..309384.22 rows=14739122 width=4) (actual time=0.021..5647.307 rows=14835720 loops=1)
  ->  Hash  (cost=201897.17..201897.17 rows=279470 width=8) (actual time=5284.091..5284.091 rows=1225342 loops=1)
        Buckets: 131072 (originally 131072)  Batches: 32 (originally 4)  Memory Usage: 3073kB
        ->  Hash Join  (cost=76489.43..201897.17 rows=279470 width=8) (actual time=1090.177..4869.779 rows=1225342 loops=1)
              Hash Cond: (mk.movie_id = t.id)
              ->  Seq Scan on movie_keyword mk  (cost=0.00..69693.30 rows=4523930 width=4) (actual time=0.024..1317.855 rows=4523930 loops=1)
              ->  Hash  (cost=73925.90..73925.90 rows=156202 width=4) (actual time=1069.637..1069.637 rows=291648 loops=1)
                    Buckets: 131072  Batches: 4  Memory Usage: 3596kB
                    ->  Seq Scan on title t  (cost=0.00..73925.90 rows=156202 width=4) (actual time=407.769..975.901 rows=291648 loops=1)
                          Filter: ((kind_id < 2) AND (production_year < 1985))
                          Rows Removed by Filter: 2236664
Planning time: 1.204 ms
Execution time: 37587.545 ms
