Hash Join  (cost=80372.21..556248.41 rows=1517683 width=0) (actual time=1628.338..12657.137 rows=874588 loops=1)
  Hash Cond: (mi.movie_id = t.id)
  ->  Seq Scan on movie_info mi  (cost=0.00..346232.03 rows=9767026 width=4) (actual time=0.015..7139.222 rows=9911754 loops=1)
        Filter: (info_type_id > 4)
        Rows Removed by Filter: 4923966
  ->  Hash  (cost=73925.90..73925.90 rows=392904 width=4) (actual time=1233.326..1233.326 rows=277350 loops=1)
        Buckets: 131072  Batches: 8  Memory Usage: 2237kB
        ->  Seq Scan on title t  (cost=0.00..73925.90 rows=392904 width=4) (actual time=0.014..1142.372 rows=277350 loops=1)
              Filter: ((production_year < 1988) AND (kind_id = 7))
              Rows Removed by Filter: 2250962
Planning time: 0.768 ms
Execution time: 12746.063 ms
