Hash Join  (cost=126420.26..500579.03 rows=175894 width=0) (actual time=3886.975..9392.533 rows=1295358 loops=1)
  Hash Cond: (mi.movie_id = t.id)
  ->  Seq Scan on movie_info mi  (cost=0.00..346232.03 rows=2194617 width=4) (actual time=1320.470..5543.678 rows=2233850 loops=1)
        Filter: (info_type_id > 16)
        Rows Removed by Filter: 12601870
  ->  Hash  (cost=123095.06..123095.06 rows=202656 width=8) (actual time=2554.322..2554.322 rows=307042 loops=1)
        Buckets: 131072  Batches: 4  Memory Usage: 4039kB
        ->  Hash Join  (cost=83113.43..123095.06 rows=202656 width=8) (actual time=1353.947..2459.398 rows=307042 loops=1)
              Hash Cond: (mi_idx.movie_id = t.id)
              ->  Seq Scan on movie_info_idx mi_idx  (cost=0.00..25185.44 rows=915101 width=4) (actual time=0.036..522.860 rows=919850 loops=1)
                    Filter: (info_type_id < 101)
                    Rows Removed by Filter: 460185
              ->  Hash  (cost=73925.90..73925.90 rows=559962 width=4) (actual time=1352.836..1352.836 rows=477167 loops=1)
                    Buckets: 131072  Batches: 8  Memory Usage: 3118kB
                    ->  Seq Scan on title t  (cost=0.00..73925.90 rows=559962 width=4) (actual time=0.035..1205.806 rows=477167 loops=1)
                          Filter: ((kind_id < 7) AND (production_year > 1999))
                          Rows Removed by Filter: 2051145
Planning time: 1.128 ms
Execution time: 9539.973 ms
