Hash Join  (cost=189632.99..1359039.23 rows=11888738 width=0) (actual time=5412.264..51188.537 rows=47463439 loops=1)
  Hash Cond: (ci.movie_id = t.id)
  ->  Seq Scan on cast_info ci  (cost=0.00..705507.15 rows=29494321 width=4) (actual time=0.024..16375.551 rows=29578073 loops=1)
        Filter: (person_id > 643738)
        Rows Removed by Filter: 6666271
  ->  Hash  (cost=172910.83..172910.83 rows=1019213 width=8) (actual time=5410.896..5410.896 rows=1891821 loops=1)
        Buckets: 131072 (originally 131072)  Batches: 32 (originally 16)  Memory Usage: 3321kB
        ->  Hash Join  (cost=83810.17..172910.83 rows=1019213 width=8) (actual time=1606.223..4869.473 rows=1891821 loops=1)
              Hash Cond: (mc.movie_id = t.id)
              ->  Seq Scan on movie_companies mc  (cost=0.00..44881.29 rows=2609129 width=4) (actual time=0.014..974.302 rows=2609129 loops=1)
              ->  Hash  (cost=67604.59..67604.59 rows=987727 width=4) (actual time=1605.429..1605.429 rows=985048 loops=1)
                    Buckets: 131072  Batches: 16  Memory Usage: 3188kB
                    ->  Seq Scan on title t  (cost=0.00..67604.59 rows=987727 width=4) (actual time=0.025..1292.112 rows=985048 loops=1)
                          Filter: (kind_id < 7)
                          Rows Removed by Filter: 1543264
Planning time: 1.164 ms
Execution time: 56447.504 ms
