Hash Join  (cost=263115.61..1345896.76 rows=11702863 width=0) (actual time=8909.348..37387.122 rows=29383509 loops=1)
  Hash Cond: (ci.movie_id = t.id)
  ->  Seq Scan on cast_info ci  (cost=0.00..796071.18 rows=11341335 width=4) (actual time=2289.374..15991.545 rows=13547027 loops=1)
        Filter: ((person_id < 1677574) AND (role_id < 4))
        Rows Removed by Filter: 22697317
  ->  Hash  (cost=220309.49..220309.49 rows=2609129 width=8) (actual time=6618.685..6618.685 rows=2609129 loops=1)
        Buckets: 131072  Batches: 64  Memory Usage: 2610kB
        ->  Hash Join  (cost=102767.86..220309.49 rows=2609129 width=8) (actual time=1969.460..5861.845 rows=2609129 loops=1)
              Hash Cond: (mc.movie_id = t.id)
              ->  Seq Scan on movie_companies mc  (cost=0.00..44881.29 rows=2609129 width=4) (actual time=0.018..966.776 rows=2609129 loops=1)
              ->  Hash  (cost=61283.27..61283.27 rows=2528527 width=4) (actual time=1968.588..1968.588 rows=2528312 loops=1)
                    Buckets: 131072  Batches: 64  Memory Usage: 2415kB
                    ->  Seq Scan on title t  (cost=0.00..61283.27 rows=2528527 width=4) (actual time=0.015..1129.514 rows=2528312 loops=1)
Planning time: 1.262 ms
Execution time: 40610.297 ms
