Seq Scan on title t  (cost=0.00..73925.90 rows=1474648 width=0) (actual time=0.019..1304.716 rows=1478439 loops=1)
  Filter: ((production_year > 1912) AND (kind_id = 7))
  Rows Removed by Filter: 1049873
Planning time: 0.377 ms
Execution time: 1494.097 ms
