Hash Join  (cost=79098.59..207973.03 rows=564040 width=0) (actual time=1386.647..5026.049 rows=1860455 loops=1)
  Hash Cond: (mk.movie_id = t.id)
  ->  Seq Scan on movie_keyword mk  (cost=0.00..69693.30 rows=4523930 width=4) (actual time=0.018..1392.574 rows=4523930 loops=1)
  ->  Hash  (cost=73925.90..73925.90 rows=315255 width=4) (actual time=1385.504..1385.504 rows=443551 loops=1)
        Buckets: 131072  Batches: 8  Memory Usage: 2989kB
        ->  Seq Scan on title t  (cost=0.00..73925.90 rows=315255 width=4) (actual time=0.022..1242.942 rows=443551 loops=1)
              Filter: ((kind_id < 4) AND (production_year < 1998))
              Rows Removed by Filter: 2084761
Planning time: 0.726 ms
Execution time: 5230.930 ms
