Hash Join  (cost=78306.32..994686.05 rows=998014 width=0) (actual time=3043.133..18635.860 rows=551239 loops=1)
  Hash Cond: (ci.movie_id = t.id)
  ->  Seq Scan on cast_info ci  (cost=0.00..796071.18 rows=9451576 width=4) (actual time=1913.391..14717.620 rows=6069237 loops=1)
        Filter: ((person_id > 902428) AND (role_id < 2))
        Rows Removed by Filter: 30175107
  ->  Hash  (cost=73925.90..73925.90 rows=266993 width=4) (actual time=1128.831..1128.831 rows=216282 loops=1)
        Buckets: 131072  Batches: 4  Memory Usage: 2928kB
        ->  Seq Scan on title t  (cost=0.00..73925.90 rows=266993 width=4) (actual time=0.023..1055.217 rows=216282 loops=1)
              Filter: ((production_year > 2005) AND (kind_id = 1))
              Rows Removed by Filter: 2312030
Planning time: 0.719 ms
Execution time: 18703.246 ms
