Hash Join  (cost=58358.43..85268.93 rows=2 width=0) (actual time=1260.780..1462.179 rows=3 loops=1)
  Hash Cond: (mi_idx.movie_id = t.id)
  ->  Seq Scan on movie_info_idx mi_idx  (cost=0.00..21735.35 rows=1380035 width=4) (actual time=0.021..399.433 rows=1380035 loops=1)
  ->  Hash  (cost=58358.39..58358.39 rows=3 width=8) (actual time=791.942..791.942 rows=3 loops=1)
        Buckets: 1024  Batches: 1  Memory Usage: 9kB
        ->  Nested Loop  (cost=0.43..58358.39 rows=3 width=8) (actual time=5.404..791.933 rows=3 loops=1)
              ->  Seq Scan on movie_companies mc  (cost=0.00..57926.93 rows=51 width=4) (actual time=4.078..785.283 rows=288 loops=1)
                    Filter: ((company_id = 191) AND (company_type_id = 1))
                    Rows Removed by Filter: 2608841
              ->  Index Scan using title_pkey on title t  (cost=0.43..8.45 rows=1 width=4) (actual time=0.022..0.022 rows=0 loops=288)
                    Index Cond: (id = mc.movie_id)
                    Filter: (production_year = 2011)
                    Rows Removed by Filter: 1
Planning time: 0.771 ms
Execution time: 1462.279 ms
