Seq Scan on title t  (cost=0.00..73925.90 rows=225429 width=0) (actual time=0.109..673.863 rows=197206 loops=1)
  Filter: ((kind_id < 4) AND (production_year > 2008))
  Rows Removed by Filter: 2331106
Planning time: 0.399 ms
Execution time: 696.242 ms
