Hash Join  (cost=316577.58..936813.34 rows=12410282 width=0) (actual time=7490.703..59206.717 rows=184212413 loops=1)
  Hash Cond: (mi.movie_id = t.id)
  ->  Seq Scan on movie_info mi  (cost=0.00..346232.03 rows=9767026 width=4) (actual time=0.019..6876.124 rows=9911754 loops=1)
        Filter: (info_type_id > 4)
        Rows Removed by Filter: 4923966
  ->  Hash  (cost=263866.28..263866.28 rows=3212824 width=8) (actual time=7478.701..7478.701 rows=3815930 loops=1)
        Buckets: 131072  Batches: 64  Memory Usage: 3447kB
        ->  Hash Join  (cost=97066.09..263866.28 rows=3212824 width=8) (actual time=1818.921..6450.786 rows=3815930 loops=1)
              Hash Cond: (mk.movie_id = t.id)
              ->  Seq Scan on movie_keyword mk  (cost=0.00..69693.30 rows=4523930 width=4) (actual time=0.033..1406.129 rows=4523930 loops=1)
              ->  Hash  (cost=67604.59..67604.59 rows=1795720 width=4) (actual time=1817.160..1817.160 rows=1794153 loops=1)
                    Buckets: 131072  Batches: 32  Memory Usage: 3001kB
                    ->  Seq Scan on title t  (cost=0.00..67604.59 rows=1795720 width=4) (actual time=0.024..1230.461 rows=1794153 loops=1)
                          Filter: (production_year < 2009)
                          Rows Removed by Filter: 734159
Planning time: 1.206 ms
Execution time: 79053.816 ms
