Hash Join  (cost=93117.31..979656.37 rows=2737026 width=0) (actual time=8642.511..22190.345 rows=5918477 loops=1)
  Hash Cond: (ci.movie_id = t.id)
  ->  Seq Scan on cast_info ci  (cost=0.00..796071.18 rows=4450523 width=4) (actual time=6854.745..13557.122 rows=9118667 loops=1)
        Filter: ((person_id < 1244716) AND (role_id = 1))
        Rows Removed by Filter: 27125677
  ->  Hash  (cost=67604.59..67604.59 rows=1555018 width=4) (actual time=1786.785..1786.785 rows=1551727 loops=1)
        Buckets: 131072  Batches: 32  Memory Usage: 2728kB
        ->  Seq Scan on title t  (cost=0.00..67604.59 rows=1555018 width=4) (actual time=0.033..1280.131 rows=1551727 loops=1)
              Filter: (production_year < 2007)
              Rows Removed by Filter: 976585
Planning time: 0.759 ms
Execution time: 22838.923 ms
