Seq Scan on movie_keyword mk  (cost=0.00..81003.12 rows=246 width=0) (actual time=3.081..1283.886 rows=474 loops=1)
  Filter: (keyword_id = 5065)
  Rows Removed by Filter: 4523456
Planning time: 0.405 ms
Execution time: 1284.180 ms
