Hash Join  (cost=102767.86..992237.60 rows=7234621 width=0) (actual time=5574.525..20479.920 rows=7297685 loops=1)
  Hash Cond: (ci.movie_id = t.id)
  ->  Seq Scan on cast_info ci  (cost=0.00..705507.15 rows=7234621 width=4) (actual time=3562.652..12262.522 rows=7297685 loops=1)
        Filter: (person_id > 2939658)
        Rows Removed by Filter: 28946659
  ->  Hash  (cost=61283.27..61283.27 rows=2528527 width=4) (actual time=2010.278..2010.278 rows=2528312 loops=1)
        Buckets: 131072  Batches: 64  Memory Usage: 2415kB
        ->  Seq Scan on title t  (cost=0.00..61283.27 rows=2528527 width=4) (actual time=0.028..1134.823 rows=2528312 loops=1)
Planning time: 0.700 ms
Execution time: 21307.581 ms
