Seq Scan on cast_info ci  (cost=0.00..796071.18 rows=6583808 width=0) (actual time=876.327..13890.898 rows=7451073 loops=1)
  Filter: ((person_id > 328952) AND (role_id = 2))
  Rows Removed by Filter: 28793271
Planning time: 0.378 ms
Execution time: 14772.883 ms
