Hash Join  (cost=74651.88..101671.87 rows=10588 width=0) (actual time=1202.613..1911.953 rows=23078 loops=1)
  Hash Cond: (mi_idx.movie_id = t.id)
  ->  Seq Scan on movie_info_idx mi_idx  (cost=0.00..25185.44 rows=460978 width=4) (actual time=0.018..518.252 rows=459925 loops=1)
        Filter: (info_type_id < 100)
        Rows Removed by Filter: 920110
  ->  Hash  (cost=73925.90..73925.90 rows=58078 width=4) (actual time=1202.145..1202.145 rows=151461 loops=1)
        Buckets: 131072 (originally 65536)  Batches: 2 (originally 1)  Memory Usage: 3686kB
        ->  Seq Scan on title t  (cost=0.00..73925.90 rows=58078 width=4) (actual time=18.682..1144.223 rows=151461 loops=1)
              Filter: ((kind_id < 7) AND (production_year < 1945))
              Rows Removed by Filter: 2376851
Planning time: 0.963 ms
Execution time: 1914.647 ms
