Hash Join  (cost=84197.31..146345.89 rows=6949 width=0) (actual time=2183.369..2617.127 rows=25 loops=1)
  Hash Cond: (mc.movie_id = t.id)
  ->  Seq Scan on movie_companies mc  (cost=0.00..57926.93 rows=17374 width=4) (actual time=0.184..921.116 rows=619 loops=1)
        Filter: ((company_type_id > 1) AND (company_id = 160))
        Rows Removed by Filter: 2608510
  ->  Hash  (cost=67604.59..67604.59 rows=1011338 width=4) (actual time=1523.998..1523.998 rows=1012920 loops=1)
        Buckets: 131072  Batches: 16  Memory Usage: 3250kB
        ->  Seq Scan on title t  (cost=0.00..67604.59 rows=1011338 width=4) (actual time=0.016..1206.438 rows=1012920 loops=1)
              Filter: (production_year > 2005)
              Rows Removed by Filter: 1515392
Planning time: 0.767 ms
Execution time: 2617.232 ms
