Seq Scan on cast_info ci  (cost=0.00..705507.15 rows=500 width=0) (actual time=9871.427..11305.884 rows=8 loops=1)
  Filter: (person_id = 3265533)
  Rows Removed by Filter: 36244336
Planning time: 0.357 ms
Execution time: 11305.970 ms
