Hash Join  (cost=190230.21..1389778.42 rows=12765235 width=0) (actual time=7424.400..45123.644 rows=25276111 loops=1)
  Hash Cond: (ci.movie_id = t.id)
  ->  Seq Scan on cast_info ci  (cost=0.00..796071.18 rows=23388713 width=4) (actual time=2612.802..19405.471 rows=23456055 loops=1)
        Filter: ((person_id > 87759) AND (role_id < 4))
        Rows Removed by Filter: 12788289
  ->  Hash  (cost=167588.78..167588.78 rows=1380035 width=8) (actual time=4810.644..4810.644 rows=1380035 loops=1)
        Buckets: 131072  Batches: 32  Memory Usage: 2708kB
        ->  Hash Join  (cost=102767.86..167588.78 rows=1380035 width=8) (actual time=1859.365..3855.305 rows=1380035 loops=1)
              Hash Cond: (mi_idx.movie_id = t.id)
              ->  Seq Scan on movie_info_idx mi_idx  (cost=0.00..21735.35 rows=1380035 width=4) (actual time=0.029..456.364 rows=1380035 loops=1)
              ->  Hash  (cost=61283.27..61283.27 rows=2528527 width=4) (actual time=1857.468..1857.468 rows=2528312 loops=1)
                    Buckets: 131072  Batches: 64  Memory Usage: 2415kB
                    ->  Seq Scan on title t  (cost=0.00..61283.27 rows=2528527 width=4) (actual time=0.020..1037.708 rows=2528312 loops=1)
Planning time: 5.757 ms
Execution time: 47986.022 ms
