Hash Join  (cost=83810.17..186237.94 rows=443558 width=0) (actual time=1504.124..3880.874 rows=1000147 loops=1)
  Hash Cond: (mk.movie_id = t.id)
  ->  Seq Scan on movie_keyword mk  (cost=0.00..81003.12 rows=1135483 width=4) (actual time=0.027..1390.220 rows=1142414 loops=1)
        Filter: (keyword_id < 1301)
        Rows Removed by Filter: 3381516
  ->  Hash  (cost=67604.59..67604.59 rows=987727 width=4) (actual time=1503.253..1503.253 rows=985048 loops=1)
        Buckets: 131072  Batches: 16  Memory Usage: 3197kB
        ->  Seq Scan on title t  (cost=0.00..67604.59 rows=987727 width=4) (actual time=0.015..1173.329 rows=985048 loops=1)
              Filter: (kind_id < 7)
              Rows Removed by Filter: 1543264
Planning time: 0.736 ms
Execution time: 4003.408 ms
