Hash Join  (cost=83073.81..833873.44 rows=1047 width=0) (actual time=1332.458..17403.519 rows=46473 loops=1)
  Hash Cond: (ci.movie_id = t.id)
  ->  Seq Scan on cast_info ci  (cost=0.00..614943.12 rows=36225612 width=4) (actual time=0.021..8955.796 rows=36244344 loops=1)
  ->  Hash  (cost=83072.90..83072.90 rows=73 width=8) (actual time=1332.278..1332.278 rows=725 loops=1)
        Buckets: 1024  Batches: 1  Memory Usage: 37kB
        ->  Nested Loop  (cost=0.43..83072.90 rows=73 width=8) (actual time=2.041..1331.664 rows=725 loops=1)
              ->  Seq Scan on movie_keyword mk  (cost=0.00..81003.12 rows=246 width=4) (actual time=1.973..1292.098 rows=920 loops=1)
                    Filter: (keyword_id = 3800)
                    Rows Removed by Filter: 4523010
              ->  Index Scan using title_pkey on title t  (cost=0.43..8.40 rows=1 width=4) (actual time=0.041..0.041 rows=1 loops=920)
                    Index Cond: (id = mk.movie_id)
                    Filter: ((kind_id < 7) AND (production_year < 2010))
                    Rows Removed by Filter: 0
Planning time: 1.133 ms
Execution time: 17414.354 ms
