Hash Join  (cost=102767.86..1103463.00 rows=11856984 width=0) (actual time=5358.581..25682.844 rows=11930226 loops=1)
  Hash Cond: (ci.movie_id = t.id)
  ->  Seq Scan on cast_info ci  (cost=0.00..705507.15 rows=11856984 width=4) (actual time=3425.761..13724.684 rows=11930226 loops=1)
        Filter: (person_id > 2496425)
        Rows Removed by Filter: 24314118
  ->  Hash  (cost=61283.27..61283.27 rows=2528527 width=4) (actual time=1931.769..1931.769 rows=2528312 loops=1)
        Buckets: 131072  Batches: 64  Memory Usage: 2415kB
        ->  Seq Scan on title t  (cost=0.00..61283.27 rows=2528527 width=4) (actual time=0.031..1108.981 rows=2528312 loops=1)
Planning time: 0.761 ms
Execution time: 27005.706 ms
