Hash Join  (cost=102767.86..255703.96 rows=2578891 width=0) (actual time=1915.061..5887.854 rows=2566268 loops=1)
  Hash Cond: (mk.movie_id = t.id)
  ->  Seq Scan on movie_keyword mk  (cost=0.00..81003.12 rows=2578891 width=4) (actual time=0.024..1783.021 rows=2566268 loops=1)
        Filter: (keyword_id > 3405)
        Rows Removed by Filter: 1957662
  ->  Hash  (cost=61283.27..61283.27 rows=2528527 width=4) (actual time=1913.537..1913.537 rows=2528312 loops=1)
        Buckets: 131072  Batches: 64  Memory Usage: 2425kB
        ->  Seq Scan on title t  (cost=0.00..61283.27 rows=2528527 width=4) (actual time=0.016..1072.693 rows=2528312 loops=1)
Planning time: 0.718 ms
Execution time: 6156.381 ms
