Seq Scan on movie_companies mc  (cost=0.00..57926.93 rows=39655 width=0) (actual time=153.858..843.837 rows=66520 loops=1)
  Filter: ((company_id < 19) AND (company_type_id = 1))
  Rows Removed by Filter: 2542609
Planning time: 0.280 ms
Execution time: 853.021 ms
