Seq Scan on cast_info ci  (cost=0.00..796071.18 rows=2054092 width=0) (actual time=9088.196..13779.153 rows=3591204 loops=1)
  Filter: ((person_id > 1884010) AND (role_id = 10))
  Rows Removed by Filter: 32653140
Planning time: 0.374 ms
Execution time: 14221.768 ms
