Hash Join  (cost=263115.61..1231754.25 rows=10705008 width=0) (actual time=12294.015..33230.643 rows=25431004 loops=1)
  Hash Cond: (ci.movie_id = t.id)
  ->  Seq Scan on cast_info ci  (cost=0.00..705507.15 rows=10374306 width=4) (actual time=4429.998..13342.029 rows=10386059 loops=1)
        Filter: (person_id > 2672134)
        Rows Removed by Filter: 25858285
  ->  Hash  (cost=220309.49..220309.49 rows=2609129 width=8) (actual time=7862.984..7862.984 rows=2609129 loops=1)
        Buckets: 131072  Batches: 64  Memory Usage: 2610kB
        ->  Hash Join  (cost=102767.86..220309.49 rows=2609129 width=8) (actual time=2841.701..7071.215 rows=2609129 loops=1)
              Hash Cond: (mc.movie_id = t.id)
              ->  Seq Scan on movie_companies mc  (cost=0.00..44881.29 rows=2609129 width=4) (actual time=0.028..936.441 rows=2609129 loops=1)
              ->  Hash  (cost=61283.27..61283.27 rows=2528527 width=4) (actual time=2840.242..2840.242 rows=2528312 loops=1)
                    Buckets: 131072  Batches: 64  Memory Usage: 2415kB
                    ->  Seq Scan on title t  (cost=0.00..61283.27 rows=2528527 width=4) (actual time=0.017..1232.118 rows=2528312 loops=1)
Planning time: 1.139 ms
Execution time: 35790.152 ms
