Seq Scan on movie_keyword mk  (cost=0.00..81003.12 rows=2872183 width=0) (actual time=0.025..1545.065 rows=2864315 loops=1)
  Filter: (keyword_id < 8807)
  Rows Removed by Filter: 1659615
Planning time: 0.308 ms
Execution time: 1897.046 ms
