Hash Join  (cost=92883.59..235708.13 rows=1798516 width=0) (actual time=1765.600..4945.656 rows=444055 loops=1)
  Hash Cond: (mk.movie_id = t.id)
  ->  Seq Scan on movie_keyword mk  (cost=0.00..81003.12 rows=2951451 width=4) (actual time=0.019..1600.309 rows=2942121 loops=1)
        Filter: (keyword_id > 2401)
        Rows Removed by Filter: 1581809
  ->  Hash  (cost=67604.59..67604.59 rows=1540800 width=4) (actual time=1702.739..1702.739 rows=1543264 loops=1)
        Buckets: 131072  Batches: 32  Memory Usage: 2728kB
        ->  Seq Scan on title t  (cost=0.00..67604.59 rows=1540800 width=4) (actual time=0.039..1192.926 rows=1543264 loops=1)
              Filter: (kind_id = 7)
              Rows Removed by Filter: 985048
Planning time: 0.727 ms
Execution time: 4996.121 ms
