Seq Scan on movie_keyword mk  (cost=0.00..81003.12 rows=1561152 width=0) (actual time=0.027..1541.084 rows=1568601 loops=1)
  Filter: (keyword_id < 2360)
  Rows Removed by Filter: 2955329
Planning time: 0.795 ms
Execution time: 1737.916 ms
