Hash Join  (cost=154654.97..538510.42 rows=77562 width=181) (actual time=3404.203..12515.518 rows=1144558 loops=1)
  Hash Cond: (mi.movie_id = t.id)
  ->  Seq Scan on movie_info mi  (cost=0.00..309384.22 rows=14739122 width=75) (actual time=0.016..5175.200 rows=14835720 loops=1)
  ->  Hash  (cost=154488.65..154488.65 rows=13306 width=106) (actual time=3403.039..3403.039 rows=25585 loops=1)
        Buckets: 32768 (originally 16384)  Batches: 1 (originally 1)  Memory Usage: 3435kB
        ->  Hash Join  (cost=67697.55..154488.65 rows=13306 width=106) (actual time=1160.067..3384.847 rows=25585 loops=1)
              Hash Cond: (mk.movie_id = t.id)
              ->  Seq Scan on movie_keyword mk  (cost=0.00..69693.30 rows=4523930 width=12) (actual time=0.014..1325.891 rows=4523930 loops=1)
              ->  Hash  (cost=67604.59..67604.59 rows=7437 width=94) (actual time=1159.906..1159.906 rows=14349 loops=1)
                    Buckets: 16384 (originally 8192)  Batches: 1 (originally 1)  Memory Usage: 1747kB
                    ->  Seq Scan on title t  (cost=0.00..67604.59 rows=7437 width=94) (actual time=0.105..1151.849 rows=14349 loops=1)
                          Filter: (production_year = 1969)
                          Rows Removed by Filter: 2513963
Planning time: 4.672 ms
Execution time: 12583.502 ms
