Seq Scan on movie_companies mc  (cost=0.00..57926.93 rows=852930 width=0) (actual time=0.078..1084.336 rows=662740 loops=1)
  Filter: ((company_id > 2560) AND (company_type_id < 2))
  Rows Removed by Filter: 1946389
Planning time: 0.358 ms
Execution time: 1178.052 ms
