Hash Join  (cost=501764.42..1720391.54 rows=17991795 width=0) (actual time=10326.346..61363.317 rows=83614797 loops=1)
  Hash Cond: (ci.movie_id = t.id)
  ->  Seq Scan on cast_info ci  (cost=0.00..614943.12 rows=36225612 width=4) (actual time=0.015..12949.183 rows=36244344 loops=1)
  ->  Hash  (cost=481160.71..481160.71 rows=1255817 width=8) (actual time=10325.198..10325.198 rows=1481103 loops=1)
        Buckets: 131072  Batches: 32  Memory Usage: 2678kB
        ->  Hash Join  (cost=91342.70..481160.71 rows=1255817 width=8) (actual time=2238.421..9210.136 rows=1481103 loops=1)
              Hash Cond: (mi.movie_id = t.id)
              ->  Seq Scan on movie_info mi  (cost=0.00..346232.03 rows=2194617 width=4) (actual time=578.818..5875.888 rows=2233850 loops=1)
                    Filter: (info_type_id > 16)
                    Rows Removed by Filter: 12601870
              ->  Hash  (cost=67604.59..67604.59 rows=1446889 width=4) (actual time=1658.896..1658.896 rows=1443298 loops=1)
                    Buckets: 131072  Batches: 32  Memory Usage: 2617kB
                    ->  Seq Scan on title t  (cost=0.00..67604.59 rows=1446889 width=4) (actual time=0.018..1171.574 rows=1443298 loops=1)
                          Filter: (production_year < 2006)
                          Rows Removed by Filter: 1085014
Planning time: 1.224 ms
Execution time: 69942.077 ms
