Hash Join  (cost=913622.22..1377940.45 rows=467986 width=0) (actual time=16156.292..28126.096 rows=1784510 loops=1)
  Hash Cond: (mi.movie_id = t.id)
  ->  Seq Scan on movie_info mi  (cost=0.00..346232.03 rows=9767026 width=4) (actual time=0.022..6766.544 rows=9911754 loops=1)
        Filter: (info_type_id > 4)
        Rows Removed by Filter: 4923966
  ->  Hash  (cost=911633.79..911633.79 rows=121154 width=8) (actual time=16155.485..16155.485 rows=235906 loops=1)
        Buckets: 131072 (originally 131072)  Batches: 4 (originally 2)  Memory Usage: 3334kB
        ->  Hash Join  (cost=102767.86..911633.79 rows=121154 width=8) (actual time=15154.563..16079.739 rows=235906 loops=1)
              Hash Cond: (ci.movie_id = t.id)
              ->  Seq Scan on cast_info ci  (cost=0.00..796071.18 rows=121154 width=4) (actual time=12484.101..12855.396 rows=235906 loops=1)
                    Filter: ((person_id > 2417148) AND (role_id > 10))
                    Rows Removed by Filter: 36008438
              ->  Hash  (cost=61283.27..61283.27 rows=2528527 width=4) (actual time=2669.474..2669.474 rows=2528312 loops=1)
                    Buckets: 131072  Batches: 64  Memory Usage: 2415kB
                    ->  Seq Scan on title t  (cost=0.00..61283.27 rows=2528527 width=4) (actual time=0.018..1213.706 rows=2528312 loops=1)
Planning time: 1.159 ms
Execution time: 28348.676 ms
