Seq Scan on movie_keyword mk  (cost=0.00..81003.12 rows=4035003 width=0) (actual time=0.024..1618.355 rows=4039869 loops=1)
  Filter: (keyword_id < 37065)
  Rows Removed by Filter: 484061
Planning time: 0.337 ms
Execution time: 2106.569 ms
