Seq Scan on movie_companies mc  (cost=0.00..57926.93 rows=8232 width=0) (actual time=80.265..859.702 rows=8081 loops=1)
  Filter: ((company_type_id < 2) AND (company_id = 166))
  Rows Removed by Filter: 2601048
Planning time: 0.273 ms
Execution time: 860.839 ms
