Hash Join  (cost=164960.81..590148.65 rows=1790646 width=0) (actual time=3886.068..13759.697 rows=4053075 loops=1)
  Hash Cond: (mi.movie_id = t.id)
  ->  Seq Scan on movie_info mi  (cost=0.00..346232.03 rows=4972096 width=4) (actual time=0.020..6100.535 rows=4923966 loops=1)
        Filter: (info_type_id < 5)
        Rows Removed by Filter: 9911754
  ->  Hash  (cost=150020.05..150020.05 rows=910621 width=8) (actual time=3885.024..3885.024 rows=1068706 loops=1)
        Buckets: 131072  Batches: 16  Memory Usage: 3662kB
        ->  Hash Join  (cost=94978.31..150020.05 rows=910621 width=8) (actual time=1901.959..3573.754 rows=1068706 loops=1)
              Hash Cond: (mi_idx.movie_id = t.id)
              ->  Seq Scan on movie_info_idx mi_idx  (cost=0.00..21735.35 rows=1380035 width=4) (actual time=0.025..430.775 rows=1380035 loops=1)
              ->  Hash  (cost=67604.59..67604.59 rows=1668458 width=4) (actual time=1901.105..1901.105 rows=1671292 loops=1)
                    Buckets: 131072  Batches: 32  Memory Usage: 2858kB
                    ->  Seq Scan on title t  (cost=0.00..67604.59 rows=1668458 width=4) (actual time=0.018..1360.988 rows=1671292 loops=1)
                          Filter: (production_year < 2008)
                          Rows Removed by Filter: 857020
Planning time: 1.154 ms
Execution time: 14197.823 ms
