Hash Join  (cost=74545.71..158034.40 rows=12352 width=0) (actual time=1180.315..2754.301 rows=23109 loops=1)
  Hash Cond: (mk.movie_id = t.id)
  ->  Seq Scan on movie_keyword mk  (cost=0.00..81003.12 rows=629881 width=4) (actual time=0.021..1443.642 rows=631561 loops=1)
        Filter: (keyword_id > 29033)
        Rows Removed by Filter: 3892369
  ->  Hash  (cost=73925.90..73925.90 rows=49584 width=4) (actual time=1179.715..1179.715 rows=38752 loops=1)
        Buckets: 65536  Batches: 1  Memory Usage: 1875kB
        ->  Seq Scan on title t  (cost=0.00..73925.90 rows=49584 width=4) (actual time=0.075..1163.786 rows=38752 loops=1)
              Filter: ((kind_id < 7) AND (production_year = 2008))
              Rows Removed by Filter: 2489560
Planning time: 0.784 ms
Execution time: 2758.022 ms
