Hash Join  (cost=331215.40..1059296.94 rows=19814881 width=0) (actual time=8095.557..60265.907 rows=185057121 loops=1)
  Hash Cond: (mi.movie_id = t.id)
  ->  Seq Scan on movie_info mi  (cost=0.00..309384.22 rows=14739122 width=4) (actual time=0.026..5907.565 rows=14835720 loops=1)
  ->  Hash  (cost=275445.35..275445.35 rows=3399284 width=8) (actual time=8093.631..8093.631 rows=3390318 loops=1)
        Buckets: 131072  Batches: 64  Memory Usage: 3194kB
        ->  Hash Join  (cost=102767.86..275445.35 rows=3399284 width=8) (actual time=1835.975..7150.361 rows=3390318 loops=1)
              Hash Cond: (mk.movie_id = t.id)
              ->  Seq Scan on movie_keyword mk  (cost=0.00..81003.12 rows=3399284 width=4) (actual time=0.032..1745.954 rows=3390318 loops=1)
                    Filter: (keyword_id > 1248)
                    Rows Removed by Filter: 1133612
              ->  Hash  (cost=61283.27..61283.27 rows=2528527 width=4) (actual time=1833.779..1833.779 rows=2528312 loops=1)
                    Buckets: 131072  Batches: 64  Memory Usage: 2425kB
                    ->  Seq Scan on title t  (cost=0.00..61283.27 rows=2528527 width=4) (actual time=0.013..1022.517 rows=2528312 loops=1)
Planning time: 1.036 ms
Execution time: 79793.380 ms
