Nested Loop  (cost=0.43..83072.29 rows=139 width=0) (actual time=5.221..1063.287 rows=86 loops=1)
  ->  Seq Scan on movie_keyword mk  (cost=0.00..81003.12 rows=246 width=4) (actual time=0.080..1049.148 rows=613 loops=1)
        Filter: (keyword_id = 7201)
        Rows Removed by Filter: 4523317
  ->  Index Scan using title_pkey on title t  (cost=0.43..8.40 rows=1 width=4) (actual time=0.022..0.022 rows=0 loops=613)
        Index Cond: (id = mk.movie_id)
        Filter: (production_year > 1999)
        Rows Removed by Filter: 1
Planning time: 0.611 ms
Execution time: 1063.452 ms
