Hash Join  (cost=910656.76..1278402.07 rows=308938 width=0) (actual time=13809.667..27252.049 rows=2516980 loops=1)
  Hash Cond: (mi.movie_id = t.id)
  ->  Seq Scan on movie_info mi  (cost=0.00..309384.22 rows=14739122 width=4) (actual time=0.017..4864.743 rows=14835720 loops=1)
  ->  Hash  (cost=909994.27..909994.27 rows=52999 width=8) (actual time=13809.171..13809.171 rows=202865 loops=1)
        Buckets: 131072 (originally 65536)  Batches: 4 (originally 1)  Memory Usage: 3073kB
        ->  Hash Join  (cost=102767.86..909994.27 rows=52999 width=8) (actual time=8923.790..13733.642 rows=202865 loops=1)
              Hash Cond: (ci.movie_id = t.id)
              ->  Seq Scan on cast_info ci  (cost=0.00..796071.18 rows=52999 width=4) (actual time=7150.517..11400.049 rows=202865 loops=1)
                    Filter: ((person_id > 2989538) AND (role_id = 7))
                    Rows Removed by Filter: 36041479
              ->  Hash  (cost=61283.27..61283.27 rows=2528527 width=4) (actual time=1772.088..1772.088 rows=2528312 loops=1)
                    Buckets: 131072  Batches: 64  Memory Usage: 2415kB
                    ->  Seq Scan on title t  (cost=0.00..61283.27 rows=2528527 width=4) (actual time=0.013..949.506 rows=2528312 loops=1)
Planning time: 1.143 ms
Execution time: 27574.994 ms
