Hash Join  (cost=180743.29..252085.47 rows=62856 width=0) (actual time=3870.155..4957.773 rows=50226 loops=1)
  Hash Cond: (mc.movie_id = t.id)
  ->  Seq Scan on movie_companies mc  (cost=0.00..57926.93 rows=1054851 width=4) (actual time=492.827..1243.388 rows=1274246 loops=1)
        Filter: ((company_id < 76506) AND (company_type_id = 1))
        Rows Removed by Filter: 1334883
  ->  Hash  (cost=178270.92..178270.92 rows=150669 width=8) (actual time=3270.010..3270.010 rows=31616 loops=1)
        Buckets: 131072  Batches: 2  Memory Usage: 1657kB
        ->  Hash Join  (cost=87146.10..178270.92 rows=150669 width=8) (actual time=1689.573..3258.575 rows=31616 loops=1)
              Hash Cond: (mk.movie_id = t.id)
              ->  Seq Scan on movie_keyword mk  (cost=0.00..81003.12 rows=472801 width=4) (actual time=0.027..1344.636 rows=468804 loops=1)
                    Filter: (keyword_id > 37922)
                    Rows Removed by Filter: 4055126
              ->  Hash  (cost=73925.90..73925.90 rows=805776 width=4) (actual time=1521.291..1521.291 rows=881945 loops=1)
                    Buckets: 131072  Batches: 16  Memory Usage: 2976kB
                    ->  Seq Scan on title t  (cost=0.00..73925.90 rows=805776 width=4) (actual time=0.019..1228.507 rows=881945 loops=1)
                          Filter: ((production_year > 2001) AND (kind_id = 7))
                          Rows Removed by Filter: 1646367
Planning time: 1.104 ms
Execution time: 4964.655 ms
