Seq Scan on movie_companies mc  (cost=0.00..57926.93 rows=913322 width=0) (actual time=341.123..996.583 rows=591349 loops=1)
  Filter: ((company_id < 27883) AND (company_type_id = 2))
  Rows Removed by Filter: 2017780
Planning time: 0.356 ms
Execution time: 1072.854 ms
