Seq Scan on movie_companies mc  (cost=0.00..51404.11 rows=1783659 width=0) (actual time=0.031..1067.363 rows=1790694 loops=1)
  Filter: (company_id > 1924)
  Rows Removed by Filter: 818435
Planning time: 0.325 ms
Execution time: 1291.302 ms
