Seq Scan on movie_companies mc  (cost=0.00..51404.11 rows=1254027 width=0) (actual time=0.025..979.254 rows=1244515 loops=1)
  Filter: (company_id < 11149)
  Rows Removed by Filter: 1364614
Planning time: 0.329 ms
Execution time: 1133.402 ms
