Seq Scan on movie_companies mc  (cost=0.00..51404.11 rows=104 width=0) (actual time=0.388..787.225 rows=475 loops=1)
  Filter: (company_id = 2451)
  Rows Removed by Filter: 2608654
Planning time: 0.374 ms
Execution time: 787.468 ms
