Hash Join  (cost=365418.15..1461249.71 rows=14648488 width=0) (actual time=13193.124..52331.933 rows=78775652 loops=1)
  Hash Cond: (ci.movie_id = t.id)
  ->  Seq Scan on cast_info ci  (cost=0.00..796071.18 rows=8187372 width=4) (actual time=4640.232..15785.162 rows=12670688 loops=1)
        Filter: ((person_id < 2372187) AND (role_id = 1))
        Rows Removed by Filter: 23573656
  ->  Hash  (cost=291197.02..291197.02 rows=4523930 width=8) (actual time=8550.685..8550.685 rows=4523930 loops=1)
        Buckets: 131072  Batches: 64  Memory Usage: 3816kB
        ->  Hash Join  (cost=102767.86..291197.02 rows=4523930 width=8) (actual time=1887.395..7222.447 rows=4523930 loops=1)
              Hash Cond: (mk.movie_id = t.id)
              ->  Seq Scan on movie_keyword mk  (cost=0.00..69693.30 rows=4523930 width=4) (actual time=0.026..1529.174 rows=4523930 loops=1)
              ->  Hash  (cost=61283.27..61283.27 rows=2528527 width=4) (actual time=1886.066..1886.066 rows=2528312 loops=1)
                    Buckets: 131072  Batches: 64  Memory Usage: 2425kB
                    ->  Seq Scan on title t  (cost=0.00..61283.27 rows=2528527 width=4) (actual time=0.019..1036.880 rows=2528312 loops=1)
Planning time: 1.286 ms
Execution time: 61367.831 ms
