Hash Join  (cost=102767.86..182183.63 rows=482513 width=0) (actual time=2270.037..3333.221 rows=178941 loops=1)
  Hash Cond: (mc.movie_id = t.id)
  ->  Seq Scan on movie_companies mc  (cost=0.00..57926.93 rows=482513 width=4) (actual time=289.362..833.515 rows=178941 loops=1)
        Filter: ((company_id > 16882) AND (company_type_id < 2))
        Rows Removed by Filter: 2430188
  ->  Hash  (cost=61283.27..61283.27 rows=2528527 width=4) (actual time=1979.386..1979.386 rows=2528312 loops=1)
        Buckets: 131072  Batches: 64  Memory Usage: 2415kB
        ->  Seq Scan on title t  (cost=0.00..61283.27 rows=2528527 width=4) (actual time=0.023..1146.721 rows=2528312 loops=1)
Planning time: 0.740 ms
Execution time: 3353.694 ms
