Hash Join  (cost=83074.16..142626.23 rows=26 width=0) (actual time=2157.099..2390.885 rows=23 loops=1)
  Hash Cond: (mc.movie_id = t.id)
  ->  Seq Scan on movie_companies mc  (cost=0.00..57926.93 rows=433301 width=4) (actual time=0.025..1000.127 rows=246716 loops=1)
        Filter: ((company_id < 2281) AND (company_type_id = 2))
        Rows Removed by Filter: 2362413
  ->  Hash  (cost=83072.29..83072.29 rows=150 width=8) (actual time=1355.946..1355.946 rows=74 loops=1)
        Buckets: 1024  Batches: 1  Memory Usage: 11kB
        ->  Nested Loop  (cost=0.43..83072.29 rows=150 width=8) (actual time=663.515..1355.875 rows=74 loops=1)
              ->  Seq Scan on movie_keyword mk  (cost=0.00..81003.12 rows=246 width=4) (actual time=1.143..1265.695 rows=1893 loops=1)
                    Filter: (keyword_id = 2487)
                    Rows Removed by Filter: 4522037
              ->  Index Scan using title_pkey on title t  (cost=0.43..8.40 rows=1 width=4) (actual time=0.047..0.047 rows=0 loops=1893)
                    Index Cond: (id = mk.movie_id)
                    Filter: (kind_id = 7)
                    Rows Removed by Filter: 1
Planning time: 1.346 ms
Execution time: 2391.064 ms
