Seq Scan on movie_keyword mk  (cost=0.00..81003.12 rows=4485358 width=0) (actual time=0.016..1598.348 rows=4492070 loops=1)
  Filter: (keyword_id > 37)
  Rows Removed by Filter: 31860
Planning time: 0.304 ms
Execution time: 2155.021 ms
