Hash Join  (cost=83074.74..139466.19 rows=129 width=0) (actual time=1211.273..2028.321 rows=86 loops=1)
  Hash Cond: (mc.movie_id = t.id)
  ->  Seq Scan on movie_companies mc  (cost=0.00..51404.11 rows=1329612 width=4) (actual time=211.685..865.706 rows=1334883 loops=1)
        Filter: (company_type_id = 2)
        Rows Removed by Filter: 1274246
  ->  Hash  (cost=83071.67..83071.67 rows=246 width=8) (actual time=993.019..993.019 rows=48 loops=1)
        Buckets: 1024  Batches: 1  Memory Usage: 10kB
        ->  Nested Loop  (cost=0.43..83071.67 rows=246 width=8) (actual time=44.221..992.945 rows=48 loops=1)
              ->  Seq Scan on movie_keyword mk  (cost=0.00..81003.12 rows=246 width=4) (actual time=44.139..991.167 rows=48 loops=1)
                    Filter: (keyword_id = 16077)
                    Rows Removed by Filter: 4523882
              ->  Index Only Scan using title_pkey on title t  (cost=0.43..8.40 rows=1 width=4) (actual time=0.031..0.032 rows=1 loops=48)
                    Index Cond: (id = mk.movie_id)
                    Heap Fetches: 48
Planning time: 1.155 ms
Execution time: 2028.482 ms
