Hash Join  (cost=357345.27..1916406.46 rows=42803904 width=0) (actual time=8580.516..73209.121 rows=138765832 loops=1)
  Hash Cond: (ci.movie_id = t.id)
  ->  Seq Scan on cast_info ci  (cost=0.00..705507.15 rows=26756800 width=4) (actual time=0.024..15901.051 rows=26783642 loops=1)
        Filter: (person_id < 2759679)
        Rows Removed by Filter: 9460702
  ->  Hash  (cost=290981.97..290981.97 rows=4044984 width=8) (actual time=8578.896..8578.896 rows=4048463 loops=1)
        Buckets: 131072  Batches: 64  Memory Usage: 3513kB
        ->  Hash Join  (cost=102767.86..290981.97 rows=4044984 width=8) (actual time=2017.905..7372.552 rows=4048463 loops=1)
              Hash Cond: (mk.movie_id = t.id)
              ->  Seq Scan on movie_keyword mk  (cost=0.00..81003.12 rows=4044984 width=4) (actual time=0.046..1855.190 rows=4048463 loops=1)
                    Filter: (keyword_id < 37554)
                    Rows Removed by Filter: 475467
              ->  Hash  (cost=61283.27..61283.27 rows=2528527 width=4) (actual time=2015.763..2015.763 rows=2528312 loops=1)
                    Buckets: 131072  Batches: 64  Memory Usage: 2425kB
                    ->  Seq Scan on title t  (cost=0.00..61283.27 rows=2528527 width=4) (actual time=0.025..1124.338 rows=2528312 loops=1)
Planning time: 1.211 ms
Execution time: 88866.661 ms
