Hash Join  (cost=190608.54..679159.82 rows=819533 width=0) (actual time=3525.837..13826.189 rows=149709 loops=1)
  Hash Cond: (mi.movie_id = t.id)
  ->  Seq Scan on movie_info mi  (cost=0.00..309384.22 rows=14739122 width=4) (actual time=0.014..5468.561 rows=14835720 loops=1)
  ->  Hash  (cost=188301.13..188301.13 rows=140593 width=8) (actual time=3521.173..3521.173 rows=23101 loops=1)
        Buckets: 131072  Batches: 2  Memory Usage: 1478kB
        ->  Hash Join  (cost=76243.83..188301.13 rows=140593 width=8) (actual time=1321.047..3512.614 rows=23101 loops=1)
              Hash Cond: (mk.movie_id = t.id)
              ->  Seq Scan on movie_keyword mk  (cost=0.00..81003.12 rows=2516332 width=4) (actual time=0.366..1595.918 rows=2510356 loops=1)
                    Filter: (keyword_id > 3588)
                    Rows Removed by Filter: 2013574
              ->  Hash  (cost=73925.90..73925.90 rows=141274 width=4) (actual time=1139.197..1139.197 rows=150659 loops=1)
                    Buckets: 131072  Batches: 2  Memory Usage: 3679kB
                    ->  Seq Scan on title t  (cost=0.00..73925.90 rows=141274 width=4) (actual time=0.033..1083.512 rows=150659 loops=1)
                          Filter: ((production_year > 2011) AND (kind_id = 7))
                          Rows Removed by Filter: 2377653
Planning time: 0.809 ms
Execution time: 13845.396 ms
