Hash Join  (cost=858475.44..3051971.59 rows=91226094 width=0) (actual time=20928.576..100349.272 rows=184876615 loops=1)
  Hash Cond: (ci.movie_id = t.id)
  ->  Seq Scan on cast_info ci  (cost=0.00..705507.15 rows=23560938 width=4) (actual time=0.018..15741.093 rows=23464729 loops=1)
        Filter: (person_id < 2401922)
        Rows Removed by Filter: 12779615
  ->  Hash  (cost=697853.22..697853.22 rows=9790257 width=8) (actual time=20926.695..20926.695 rows=8632174 loops=1)
        Buckets: 131072  Batches: 128  Memory Usage: 3650kB
        ->  Hash Join  (cost=95159.82..697853.22 rows=9790257 width=8) (actual time=1946.128..18497.646 rows=8632174 loops=1)
              Hash Cond: (mi.movie_id = t.id)
              ->  Seq Scan on movie_info mi  (cost=0.00..309384.22 rows=14739122 width=4) (actual time=0.019..5962.558 rows=14835720 loops=1)
              ->  Hash  (cost=67604.59..67604.59 rows=1679539 width=4) (actual time=1945.438..1945.438 rows=1673541 loops=1)
                    Buckets: 131072  Batches: 32  Memory Usage: 2874kB
                    ->  Seq Scan on title t  (cost=0.00..67604.59 rows=1679539 width=4) (actual time=0.020..1389.786 rows=1673541 loops=1)
                          Filter: (production_year > 1993)
                          Rows Removed by Filter: 854771
Planning time: 1.154 ms
Execution time: 120545.425 ms
