Nested Loop  (cost=0.43..83072.29 rows=74 width=0) (actual time=234.079..1306.451 rows=30 loops=1)
  ->  Seq Scan on movie_keyword mk  (cost=0.00..81003.12 rows=246 width=4) (actual time=20.762..1302.762 rows=48 loops=1)
        Filter: (keyword_id = 744)
        Rows Removed by Filter: 4523882
  ->  Index Scan using title_pkey on title t  (cost=0.43..8.40 rows=1 width=4) (actual time=0.070..0.071 rows=1 loops=48)
        Index Cond: (id = mk.movie_id)
        Filter: (kind_id < 3)
        Rows Removed by Filter: 0
Planning time: 0.519 ms
Execution time: 1306.546 ms
