Seq Scan on movie_keyword mk  (cost=0.00..81003.12 rows=555743 width=0) (actual time=0.024..1286.327 rows=553524 loops=1)
  Filter: (keyword_id > 33304)
  Rows Removed by Filter: 3970406
Planning time: 0.316 ms
Execution time: 1357.363 ms
