Hash Join  (cost=102767.86..187621.87 rows=708497 width=0) (actual time=1941.631..4260.179 rows=935587 loops=1)
  Hash Cond: (mc.movie_id = t.id)
  ->  Seq Scan on movie_companies mc  (cost=0.00..57926.93 rows=708497 width=4) (actual time=0.043..1087.130 rows=935587 loops=1)
        Filter: ((company_id > 11135) AND (company_type_id = 2))
        Rows Removed by Filter: 1673542
  ->  Hash  (cost=61283.27..61283.27 rows=2528527 width=4) (actual time=1939.816..1939.816 rows=2528312 loops=1)
        Buckets: 131072  Batches: 64  Memory Usage: 2415kB
        ->  Seq Scan on title t  (cost=0.00..61283.27 rows=2528527 width=4) (actual time=0.014..1074.448 rows=2528312 loops=1)
Planning time: 0.720 ms
Execution time: 4372.762 ms
