Hash Join  (cost=103916.13..165396.50 rows=8728 width=0) (actual time=1961.358..3132.001 rows=5878 loops=1)
  Hash Cond: (mc.movie_id = t.id)
  ->  Seq Scan on movie_companies mc  (cost=0.00..57926.93 rows=924308 width=4) (actual time=15.865..1057.484 rows=605652 loops=1)
        Filter: ((company_id < 30203) AND (company_type_id > 1))
        Rows Removed by Filter: 2003477
  ->  Hash  (cost=103617.68..103617.68 rows=23876 width=8) (actual time=1945.082..1945.082 rows=13476 loops=1)
        Buckets: 32768  Batches: 1  Memory Usage: 783kB
        ->  Hash Join  (cost=74747.02..103617.68 rows=23876 width=8) (actual time=1278.261..1939.934 rows=13476 loops=1)
              Hash Cond: (mi_idx.movie_id = t.id)
              ->  Seq Scan on movie_info_idx mi_idx  (cost=0.00..25185.44 rows=919057 width=4) (actual time=0.029..469.448 rows=920110 loops=1)
                    Filter: (info_type_id > 99)
                    Rows Removed by Filter: 459925
              ->  Hash  (cost=73925.90..73925.90 rows=65689 width=4) (actual time=1250.834..1250.834 rows=74524 loops=1)
                    Buckets: 131072  Batches: 1  Memory Usage: 3644kB
                    ->  Seq Scan on title t  (cost=0.00..73925.90 rows=65689 width=4) (actual time=0.020..1220.474 rows=74524 loops=1)
                          Filter: ((kind_id = 7) AND (production_year = 2006))
                          Rows Removed by Filter: 2453788
Planning time: 1.866 ms
Execution time: 3133.185 ms
