Hash Join  (cost=102767.86..199540.48 rows=1203796 width=0) (actual time=2047.824..4466.320 rows=1279270 loops=1)
  Hash Cond: (mc.movie_id = t.id)
  ->  Seq Scan on movie_companies mc  (cost=0.00..57926.93 rows=1203796 width=4) (actual time=0.385..1149.950 rows=1279270 loops=1)
        Filter: ((company_id > 108) AND (company_type_id > 1))
        Rows Removed by Filter: 1329859
  ->  Hash  (cost=61283.27..61283.27 rows=2528527 width=4) (actual time=2046.250..2046.250 rows=2528312 loops=1)
        Buckets: 131072  Batches: 64  Memory Usage: 2415kB
        ->  Seq Scan on title t  (cost=0.00..61283.27 rows=2528527 width=4) (actual time=0.026..1200.241 rows=2528312 loops=1)
Planning time: 1.256 ms
Execution time: 4591.371 ms
