Hash Join  (cost=463110.47..594219.30 rows=747479 width=0) (actual time=7947.267..11390.884 rows=378824 loops=1)
  Hash Cond: (mk.movie_id = t.id)
  ->  Seq Scan on movie_keyword mk  (cost=0.00..69693.30 rows=4523930 width=4) (actual time=0.014..1517.606 rows=4523930 loops=1)
  ->  Hash  (cost=456256.18..456256.18 rows=417783 width=8) (actual time=7945.653..7945.653 rows=90212 loops=1)
        Buckets: 131072  Batches: 8  Memory Usage: 1468kB
        ->  Hash Join  (cost=88890.15..456256.18 rows=417783 width=8) (actual time=2087.505..7915.729 rows=90212 loops=1)
              Hash Cond: (mi.movie_id = t.id)
              ->  Seq Scan on movie_info mi  (cost=0.00..346232.03 rows=1158179 width=4) (actual time=330.314..5587.381 rows=1204709 loops=1)
                    Filter: (info_type_id > 18)
                    Rows Removed by Filter: 13631011
              ->  Hash  (cost=73925.90..73925.90 rows=912100 width=4) (actual time=1592.346..1592.346 rows=998211 loops=1)
                    Buckets: 131072  Batches: 16  Memory Usage: 3232kB
                    ->  Seq Scan on title t  (cost=0.00..73925.90 rows=912100 width=4) (actual time=0.026..1273.529 rows=998211 loops=1)
                          Filter: ((kind_id > 4) AND (production_year > 1998))
                          Rows Removed by Filter: 1530101
Planning time: 1.246 ms
Execution time: 11437.114 ms
