Hash Join  (cost=834841.16..994089.01 rows=566203 width=0) (actual time=20728.516..22329.636 rows=453956 loops=1)
  Hash Cond: (mk.movie_id = t.id)
  ->  Seq Scan on movie_keyword mk  (cost=0.00..81003.12 rows=4303851 width=4) (actual time=0.029..1731.125 rows=4289311 loops=1)
        Filter: (keyword_id > 186)
        Rows Removed by Filter: 234619
  ->  Hash  (cost=829383.08..829383.08 rows=332646 width=8) (actual time=18855.651..18855.651 rows=424821 loops=1)
        Buckets: 131072  Batches: 8  Memory Usage: 3098kB
        ->  Hash Join  (cost=74787.47..829383.08 rows=332646 width=8) (actual time=6934.970..18678.484 rows=424821 loops=1)
              Hash Cond: (ci.movie_id = t.id)
              ->  Seq Scan on cast_info ci  (cost=0.00..705507.15 rows=12203201 width=4) (actual time=5683.089..13837.077 rows=12113646 loops=1)
                    Filter: (role_id > 3)
                    Rows Removed by Filter: 24130698
              ->  Hash  (cost=73925.90..73925.90 rows=68925 width=4) (actual time=1249.329..1249.329 rows=84076 loops=1)
                    Buckets: 131072  Batches: 1  Memory Usage: 3980kB
                    ->  Seq Scan on title t  (cost=0.00..73925.90 rows=68925 width=4) (actual time=0.019..1215.692 rows=84076 loops=1)
                          Filter: ((kind_id = 7) AND (production_year = 2007))
                          Rows Removed by Filter: 2444236
Planning time: 1.202 ms
Execution time: 22380.684 ms
