Seq Scan on movie_keyword mk  (cost=0.00..81003.12 rows=617685 width=0) (actual time=0.023..1318.132 rows=616748 loops=1)
  Filter: (keyword_id > 29573)
  Rows Removed by Filter: 3907182
Planning time: 0.302 ms
Execution time: 1402.842 ms
