Hash Join  (cost=245670.88..810484.80 rows=7966900 width=0) (actual time=5006.114..20040.956 rows=8351738 loops=1)
  Hash Cond: (mi.movie_id = t.id)
  ->  Seq Scan on movie_info mi  (cost=0.00..309384.22 rows=14739122 width=4) (actual time=0.013..6146.537 rows=14835720 loops=1)
  ->  Hash  (cost=223247.65..223247.65 rows=1366738 width=8) (actual time=5005.099..5005.099 rows=658692 loops=1)
        Buckets: 131072  Batches: 32  Memory Usage: 1839kB
        ->  Hash Join  (cost=96651.52..223247.65 rows=1366738 width=8) (actual time=1880.254..4808.667 rows=658692 loops=1)
              Hash Cond: (mk.movie_id = t.id)
              ->  Seq Scan on movie_keyword mk  (cost=0.00..81003.12 rows=1951925 width=4) (actual time=0.213..1573.050 rows=1960249 loops=1)
                    Filter: (keyword_id > 6503)
                    Rows Removed by Filter: 2563681
              ->  Hash  (cost=67604.59..67604.59 rows=1770475 width=4) (actual time=1876.791..1876.791 rows=1774635 loops=1)
                    Buckets: 131072  Batches: 32  Memory Usage: 2984kB
                    ->  Seq Scan on title t  (cost=0.00..67604.59 rows=1770475 width=4) (actual time=0.019..1296.336 rows=1774635 loops=1)
                          Filter: (kind_id > 2)
                          Rows Removed by Filter: 753677
Planning time: 1.137 ms
Execution time: 20995.092 ms
