Hash Join  (cost=236045.94..283548.97 rows=571755 width=0) (actual time=5012.615..6900.000 rows=2435313 loops=1)
  Hash Cond: (mi_idx.movie_id = t.id)
  ->  Seq Scan on movie_info_idx mi_idx  (cost=0.00..21735.35 rows=1380035 width=4) (actual time=0.012..548.244 rows=1380035 loops=1)
  ->  Hash  (cost=218858.17..218858.17 rows=1047581 width=8) (actual time=5010.925..5010.925 rows=1058093 loops=1)
        Buckets: 131072  Batches: 16  Memory Usage: 3666kB
        ->  Hash Join  (cost=102767.86..218858.17 rows=1047581 width=8) (actual time=1983.840..4690.772 rows=1058093 loops=1)
              Hash Cond: (mk.movie_id = t.id)
              ->  Seq Scan on movie_keyword mk  (cost=0.00..81003.12 rows=1047581 width=4) (actual time=0.017..1437.757 rows=1058093 loops=1)
                    Filter: (keyword_id > 16680)
                    Rows Removed by Filter: 3465837
              ->  Hash  (cost=61283.27..61283.27 rows=2528527 width=4) (actual time=1982.262..1982.262 rows=2528312 loops=1)
                    Buckets: 131072  Batches: 64  Memory Usage: 2425kB
                    ->  Seq Scan on title t  (cost=0.00..61283.27 rows=2528527 width=4) (actual time=0.018..1086.162 rows=2528312 loops=1)
Planning time: 1.129 ms
Execution time: 7181.507 ms
