Seq Scan on movie_keyword mk  (cost=0.00..81003.12 rows=4492677 width=0) (actual time=0.019..1619.099 rows=4496897 loops=1)
  Filter: (keyword_id > 22)
  Rows Removed by Filter: 27033
Planning time: 0.242 ms
Execution time: 2153.549 ms
