Seq Scan on movie_companies mc  (cost=0.00..57926.93 rows=175402 width=0) (actual time=337.921..831.906 rows=347574 loops=1)
  Filter: ((company_id > 88485) AND (company_type_id > 1))
  Rows Removed by Filter: 2261555
Planning time: 4.198 ms
Execution time: 872.319 ms
