Seq Scan on movie_companies mc  (cost=0.00..57926.93 rows=934531 width=0) (actual time=0.032..1083.022 rows=1237707 loops=1)
  Filter: ((company_id < 44130) AND (company_type_id = 1))
  Rows Removed by Filter: 1371422
Planning time: 1.175 ms
Execution time: 1228.446 ms
