Seq Scan on movie_companies mc  (cost=0.00..57926.93 rows=681803 width=0) (actual time=579.078..1051.359 rows=467388 loops=1)
  Filter: ((company_id > 11135) AND (company_type_id = 1))
  Rows Removed by Filter: 2141741
Planning time: 0.359 ms
Execution time: 1108.292 ms
