Seq Scan on cast_info ci  (cost=0.00..796071.18 rows=6592493 width=0) (actual time=355.032..13343.211 rows=173776 loops=1)
  Filter: ((person_id > 1713582) AND (role_id = 1))
  Rows Removed by Filter: 36070568
Planning time: 0.406 ms
Execution time: 13365.468 ms
