Hash Join  (cost=231113.77..277475.58 rows=505233 width=0) (actual time=4917.299..6479.640 rows=2005665 loops=1)
  Hash Cond: (mi_idx.movie_id = t.id)
  ->  Seq Scan on movie_info_idx mi_idx  (cost=0.00..21735.35 rows=1380035 width=4) (actual time=0.018..421.433 rows=1380035 loops=1)
  ->  Hash  (cost=215925.56..215925.56 rows=925697 width=8) (actual time=4916.354..4916.354 rows=934355 loops=1)
        Buckets: 131072  Batches: 16  Memory Usage: 3333kB
        ->  Hash Join  (cost=102767.86..215925.56 rows=925697 width=8) (actual time=2121.179..4645.534 rows=934355 loops=1)
              Hash Cond: (mk.movie_id = t.id)
              ->  Seq Scan on movie_keyword mk  (cost=0.00..81003.12 rows=925697 width=4) (actual time=0.025..1378.645 rows=934355 loops=1)
                    Filter: (keyword_id < 875)
                    Rows Removed by Filter: 3589575
              ->  Hash  (cost=61283.27..61283.27 rows=2528527 width=4) (actual time=2119.168..2119.168 rows=2528312 loops=1)
                    Buckets: 131072  Batches: 64  Memory Usage: 2425kB
                    ->  Seq Scan on title t  (cost=0.00..61283.27 rows=2528527 width=4) (actual time=0.019..1259.829 rows=2528312 loops=1)
Planning time: 1.120 ms
Execution time: 6678.003 ms
