Hash Join  (cost=164950.27..1332749.19 rows=13043879 width=0) (actual time=4097.756..41827.534 rows=17296740 loops=1)
  Hash Cond: (ci.movie_id = t.id)
  ->  Seq Scan on cast_info ci  (cost=0.00..614943.12 rows=36225612 width=4) (actual time=0.026..13614.469 rows=36244344 loops=1)
  ->  Hash  (cost=150012.59..150012.59 rows=910455 width=8) (actual time=4096.585..4096.585 rows=525930 loops=1)
        Buckets: 131072  Batches: 16  Memory Usage: 2312kB
        ->  Hash Join  (cost=94973.51..150012.59 rows=910455 width=8) (actual time=2492.743..3946.077 rows=525930 loops=1)
              Hash Cond: (mi_idx.movie_id = t.id)
              ->  Seq Scan on movie_info_idx mi_idx  (cost=0.00..21735.35 rows=1380035 width=4) (actual time=0.027..414.629 rows=1380035 loops=1)
              ->  Hash  (cost=67604.59..67604.59 rows=1668154 width=4) (actual time=2491.591..2491.591 rows=1674098 loops=1)
                    Buckets: 131072  Batches: 32  Memory Usage: 2869kB
                    ->  Seq Scan on title t  (cost=0.00..67604.59 rows=1668154 width=4) (actual time=0.030..1275.401 rows=1674098 loops=1)
                          Filter: (kind_id > 3)
                          Rows Removed by Filter: 854214
Planning time: 1.165 ms
Execution time: 43697.819 ms
