Hash Join  (cost=73963.69..427997.61 rows=2479 width=0) (actual time=1182.707..6307.527 rows=1660 loops=1)
  Hash Cond: (mi.movie_id = t.id)
  ->  Seq Scan on movie_info mi  (cost=0.00..346232.03 rows=2073893 width=4) (actual time=188.231..5091.452 rows=2091068 loops=1)
        Filter: (info_type_id < 3)
        Rows Removed by Filter: 12744652
  ->  Hash  (cost=73925.90..73925.90 rows=3023 width=4) (actual time=915.351..915.351 rows=1148 loops=1)
        Buckets: 4096  Batches: 1  Memory Usage: 73kB
        ->  Seq Scan on title t  (cost=0.00..73925.90 rows=3023 width=4) (actual time=647.285..914.687 rows=1148 loops=1)
              Filter: ((production_year > 2012) AND (kind_id = 4))
              Rows Removed by Filter: 2527164
Planning time: 0.978 ms
Execution time: 6308.029 ms
