Hash Join  (cost=90991.69..1235257.30 rows=9030453 width=0) (actual time=3335.339..35396.505 rows=11083083 loops=1)
  Hash Cond: (ci.movie_id = t.id)
  ->  Seq Scan on cast_info ci  (cost=0.00..796071.18 rows=21952506 width=4) (actual time=1660.467..18735.327 rows=22910832 loops=1)
        Filter: ((person_id > 226361) AND (role_id > 1))
        Rows Removed by Filter: 13333512
  ->  Hash  (cost=73925.90..73925.90 rows=1040143 width=4) (actual time=1673.899..1673.899 rows=1134228 loops=1)
        Buckets: 131072  Batches: 16  Memory Usage: 3525kB
        ->  Seq Scan on title t  (cost=0.00..73925.90 rows=1040143 width=4) (actual time=0.030..1323.937 rows=1134228 loops=1)
              Filter: ((production_year > 1992) AND (kind_id = 7))
              Rows Removed by Filter: 1394084
Planning time: 0.559 ms
Execution time: 36621.775 ms
