Nested Loop  (cost=0.43..52283.69 rows=104 width=0) (actual time=0.298..2613.007 rows=772 loops=1)
  ->  Seq Scan on movie_companies mc  (cost=0.00..51404.11 rows=104 width=4) (actual time=0.246..2555.519 rows=772 loops=1)
        Filter: (company_id = 895)
        Rows Removed by Filter: 2608357
  ->  Index Only Scan using title_pkey on title t  (cost=0.43..8.45 rows=1 width=4) (actual time=0.072..0.073 rows=1 loops=772)
        Index Cond: (id = mc.movie_id)
        Heap Fetches: 772
Planning time: 0.652 ms
Execution time: 2613.378 ms
