Hash Join  (cost=102767.86..1001459.67 rows=3854193 width=0) (actual time=3167.241..21614.493 rows=3911634 loops=1)
  Hash Cond: (ci.movie_id = t.id)
  ->  Seq Scan on cast_info ci  (cost=0.00..796071.18 rows=3854193 width=4) (actual time=1167.879..16089.140 rows=3911634 loops=1)
        Filter: ((person_id > 122864) AND (role_id = 3))
        Rows Removed by Filter: 32332710
  ->  Hash  (cost=61283.27..61283.27 rows=2528527 width=4) (actual time=1998.390..1998.390 rows=2528312 loops=1)
        Buckets: 131072  Batches: 64  Memory Usage: 2415kB
        ->  Seq Scan on title t  (cost=0.00..61283.27 rows=2528527 width=4) (actual time=0.025..1110.693 rows=2528312 loops=1)
Planning time: 0.744 ms
Execution time: 22039.917 ms
