Seq Scan on cast_info ci  (cost=0.00..796071.18 rows=449041 width=0) (actual time=7403.274..13045.015 rows=305344 loops=1)
  Filter: ((person_id < 2268531) AND (role_id = 6))
  Rows Removed by Filter: 35939000
Planning time: 0.351 ms
Execution time: 13075.161 ms
