Hash Join  (cost=102767.86..1150921.48 rows=10065627 width=0) (actual time=1744.206..33894.548 rows=7264586 loops=1)
  Hash Cond: (ci.movie_id = t.id)
  ->  Seq Scan on cast_info ci  (cost=0.00..796071.18 rows=10065627 width=4) (actual time=0.025..24383.552 rows=7264586 loops=1)
        Filter: ((person_id > 725320) AND (role_id < 2))
        Rows Removed by Filter: 28979758
  ->  Hash  (cost=61283.27..61283.27 rows=2528527 width=4) (actual time=1742.864..1742.864 rows=2528312 loops=1)
        Buckets: 131072  Batches: 64  Memory Usage: 2415kB
        ->  Seq Scan on title t  (cost=0.00..61283.27 rows=2528527 width=4) (actual time=0.026..919.477 rows=2528312 loops=1)
Planning time: 0.709 ms
Execution time: 34825.850 ms
