Seq Scan on movie_companies mc  (cost=0.00..57926.93 rows=666641 width=0) (actual time=0.019..958.705 rows=437999 loops=1)
  Filter: ((company_id > 11146) AND (company_type_id = 1))
  Rows Removed by Filter: 2171130
Planning time: 0.274 ms
Execution time: 1011.931 ms
