Hash Join  (cost=248969.68..877714.47 rows=12231796 width=0) (actual time=7508.114..35919.614 rows=57941140 loops=1)
  Hash Cond: (mi.movie_id = t.id)
  ->  Seq Scan on movie_info mi  (cost=0.00..309384.22 rows=14739122 width=4) (actual time=0.019..5965.373 rows=14835720 loops=1)
  ->  Hash  (cost=214542.81..214542.81 rows=2098390 width=8) (actual time=7506.652..7506.652 rows=2097479 loops=1)
        Buckets: 131072  Batches: 32  Memory Usage: 3643kB
        ->  Hash Join  (cost=102767.86..214542.81 rows=2098390 width=8) (actual time=2706.460..6030.959 rows=2097479 loops=1)
              Hash Cond: (mc.movie_id = t.id)
              ->  Seq Scan on movie_companies mc  (cost=0.00..51404.11 rows=2098390 width=4) (actual time=0.011..1145.134 rows=2097479 loops=1)
                    Filter: (company_id > 467)
                    Rows Removed by Filter: 511650
              ->  Hash  (cost=61283.27..61283.27 rows=2528527 width=4) (actual time=2704.856..2704.856 rows=2528312 loops=1)
                    Buckets: 131072  Batches: 64  Memory Usage: 2415kB
                    ->  Seq Scan on title t  (cost=0.00..61283.27 rows=2528527 width=4) (actual time=0.011..1083.738 rows=2528312 loops=1)
Planning time: 0.792 ms
Execution time: 42197.428 ms
