Hash Join  (cost=162805.49..559242.67 rows=282361 width=0) (actual time=3214.032..14195.166 rows=4585942 loops=1)
  Hash Cond: (mi.movie_id = t.id)
  ->  Seq Scan on movie_info mi  (cost=0.00..346232.03 rows=9476311 width=4) (actual time=0.026..6568.797 rows=9565151 loops=1)
        Filter: (info_type_id < 16)
        Rows Removed by Filter: 5270569
  ->  Hash  (cost=161863.73..161863.73 rows=75341 width=8) (actual time=3212.745..3212.745 rows=151030 loops=1)
        Buckets: 131072 (originally 131072)  Batches: 2 (originally 1)  Memory Usage: 3987kB
        ->  Hash Join  (cost=74452.28..161863.73 rows=75341 width=8) (actual time=1108.222..3156.632 rows=151030 loops=1)
              Hash Cond: (mk.movie_id = t.id)
              ->  Seq Scan on movie_keyword mk  (cost=0.00..69693.30 rows=4523930 width=4) (actual time=0.014..1094.187 rows=4523930 loops=1)
              ->  Hash  (cost=73925.90..73925.90 rows=42110 width=4) (actual time=1107.445..1107.445 rows=33905 loops=1)
                    Buckets: 65536  Batches: 1  Memory Usage: 1704kB
                    ->  Seq Scan on title t  (cost=0.00..73925.90 rows=42110 width=4) (actual time=0.186..1093.724 rows=33905 loops=1)
                          Filter: ((kind_id < 7) AND (production_year = 2006))
                          Rows Removed by Filter: 2494407
Planning time: 1.205 ms
Execution time: 14745.361 ms
