Hash Join  (cost=102767.86..261199.22 rows=2807276 width=0) (actual time=1819.868..5931.051 rows=2801702 loops=1)
  Hash Cond: (mk.movie_id = t.id)
  ->  Seq Scan on movie_keyword mk  (cost=0.00..81003.12 rows=2807276 width=4) (actual time=1.395..1673.193 rows=2801702 loops=1)
        Filter: (keyword_id > 2762)
        Rows Removed by Filter: 1722228
  ->  Hash  (cost=61283.27..61283.27 rows=2528527 width=4) (actual time=1816.105..1816.105 rows=2528312 loops=1)
        Buckets: 131072  Batches: 64  Memory Usage: 2425kB
        ->  Seq Scan on title t  (cost=0.00..61283.27 rows=2528527 width=4) (actual time=0.021..961.993 rows=2528312 loops=1)
Planning time: 0.743 ms
Execution time: 6248.639 ms
