Hash Join  (cost=123028.54..220812.43 rows=93987 width=0) (actual time=7037.344..13908.528 rows=896057 loops=1)
  Hash Cond: (mk.movie_id = t.id)
  ->  Seq Scan on movie_keyword mk  (cost=0.00..81003.12 rows=1308504 width=4) (actual time=0.019..4800.954 rows=1316890 loops=1)
        Filter: (keyword_id < 1726)
        Rows Removed by Filter: 3207040
  ->  Hash  (cost=120048.30..120048.30 rows=181619 width=8) (actual time=7036.419..7036.419 rows=318279 loops=1)
        Buckets: 131072 (originally 131072)  Batches: 8 (originally 4)  Memory Usage: 3073kB
        ->  Hash Join  (cost=83810.17..120048.30 rows=181619 width=8) (actual time=4678.581..6925.016 rows=318279 loops=1)
              Hash Cond: (mi_idx.movie_id = t.id)
              ->  Seq Scan on movie_info_idx mi_idx  (cost=0.00..25185.44 rows=464934 width=4) (actual time=0.019..1513.658 rows=460185 loops=1)
                    Filter: (info_type_id > 100)
                    Rows Removed by Filter: 919850
              ->  Hash  (cost=67604.59..67604.59 rows=987727 width=4) (actual time=4677.797..4677.797 rows=985048 loops=1)
                    Buckets: 131072  Batches: 16  Memory Usage: 3188kB
                    ->  Seq Scan on title t  (cost=0.00..67604.59 rows=987727 width=4) (actual time=0.014..3600.327 rows=985048 loops=1)
                          Filter: (kind_id < 7)
                          Rows Removed by Filter: 1543264
Planning time: 1.133 ms
Execution time: 14123.633 ms
