Seq Scan on movie_keyword mk  (cost=0.00..81003.12 rows=2174075 width=0) (actual time=0.026..1483.708 rows=2176132 loops=1)
  Filter: (keyword_id < 4257)
  Rows Removed by Filter: 2347798
Planning time: 0.304 ms
Execution time: 1761.949 ms
