Hash Join  (cost=73994.33..438969.35 rows=31909 width=0) (actual time=3570.218..25317.365 rows=41501 loops=1)
  Hash Cond: (mi.movie_id = t.id)
  ->  Seq Scan on movie_info mi  (cost=0.00..309384.22 rows=14739122 width=4) (actual time=0.017..17195.162 rows=14835720 loops=1)
  ->  Hash  (cost=73925.90..73925.90 rows=5474 width=4) (actual time=3555.924..3555.924 rows=10142 loops=1)
        Buckets: 16384 (originally 8192)  Batches: 1 (originally 1)  Memory Usage: 485kB
        ->  Seq Scan on title t  (cost=0.00..73925.90 rows=5474 width=4) (actual time=0.109..3550.527 rows=10142 loops=1)
              Filter: ((kind_id > 1) AND (production_year = 1973))
              Rows Removed by Filter: 2518170
Planning time: 0.685 ms
Execution time: 25328.178 ms
