Hash Join  (cost=176752.52..1309567.43 rows=9638374 width=0) (actual time=11186.278..99104.773 rows=41206107 loops=1)
  Hash Cond: (ci.movie_id = t.id)
  ->  Seq Scan on cast_info ci  (cost=0.00..614943.12 rows=36225612 width=4) (actual time=0.025..47959.218 rows=36244344 loops=1)
  ->  Hash  (cost=165715.11..165715.11 rows=672753 width=8) (actual time=11185.095..11185.095 rows=1192986 loops=1)
        Buckets: 131072  Batches: 16  Memory Usage: 3922kB
        ->  Hash Join  (cost=83810.17..165715.11 rows=672753 width=8) (actual time=4898.121..10794.453 rows=1192986 loops=1)
              Hash Cond: (mc.movie_id = t.id)
              ->  Seq Scan on movie_companies mc  (cost=0.00..51404.11 rows=1722212 width=4) (actual time=0.018..3793.564 rows=1715606 loops=1)
                    Filter: (company_id < 21843)
                    Rows Removed by Filter: 893523
              ->  Hash  (cost=67604.59..67604.59 rows=987727 width=4) (actual time=4897.069..4897.069 rows=985048 loops=1)
                    Buckets: 131072  Batches: 16  Memory Usage: 3188kB
                    ->  Seq Scan on title t  (cost=0.00..67604.59 rows=987727 width=4) (actual time=0.020..4183.863 rows=985048 loops=1)
                          Filter: (kind_id < 7)
                          Rows Removed by Filter: 1543264
Planning time: 1.655 ms
Execution time: 105050.072 ms
