Hash Join  (cost=52284.99..803089.06 rows=1490 width=0) (actual time=2357.160..44549.633 rows=715 loops=1)
  Hash Cond: (ci.movie_id = t.id)
  ->  Seq Scan on cast_info ci  (cost=0.00..614943.12 rows=36225612 width=4) (actual time=0.020..33427.468 rows=36244344 loops=1)
  ->  Hash  (cost=52283.69..52283.69 rows=104 width=8) (actual time=2174.047..2174.047 rows=16 loops=1)
        Buckets: 1024  Batches: 1  Memory Usage: 9kB
        ->  Nested Loop  (cost=0.43..52283.69 rows=104 width=8) (actual time=79.893..2174.015 rows=16 loops=1)
              ->  Seq Scan on movie_companies mc  (cost=0.00..51404.11 rows=104 width=4) (actual time=79.769..2170.853 rows=16 loops=1)
                    Filter: (company_id = 124262)
                    Rows Removed by Filter: 2609113
              ->  Index Only Scan using title_pkey on title t  (cost=0.43..8.45 rows=1 width=4) (actual time=0.190..0.191 rows=1 loops=16)
                    Index Cond: (id = mc.movie_id)
                    Heap Fetches: 16
Planning time: 1.105 ms
Execution time: 44550.439 ms
