Seq Scan on cast_info ci  (cost=0.00..796071.18 rows=6567182 width=0) (actual time=1603.564..45403.515 rows=7451057 loops=1)
  Filter: ((person_id > 336671) AND (role_id = 2))
  Rows Removed by Filter: 28793287
Planning time: 0.329 ms
Execution time: 46791.309 ms
