Seq Scan on title t  (cost=0.00..73925.90 rows=1732711 width=0) (actual time=0.022..4359.039 rows=1799904 loops=1)
  Filter: ((kind_id > 1) AND (production_year > 1926))
  Rows Removed by Filter: 728408
Planning time: 0.315 ms
Execution time: 4702.941 ms
