Hash Join  (cost=709678.15..736591.36 rows=273 width=0) (actual time=32601.269..34091.586 rows=972 loops=1)
  Hash Cond: (mi_idx.movie_id = t.id)
  ->  Seq Scan on movie_info_idx mi_idx  (cost=0.00..21735.35 rows=1380035 width=4) (actual time=0.016..1205.787 rows=1380035 loops=1)
  ->  Hash  (cost=709671.90..709671.90 rows=500 width=8) (actual time=32488.822..32488.822 rows=1845 loops=1)
        Buckets: 2048 (originally 1024)  Batches: 1 (originally 1)  Memory Usage: 89kB
        ->  Nested Loop  (cost=0.43..709671.90 rows=500 width=8) (actual time=11758.620..32487.800 rows=1845 loops=1)
              ->  Seq Scan on cast_info ci  (cost=0.00..705507.15 rows=500 width=4) (actual time=11758.505..32268.957 rows=1845 loops=1)
                    Filter: (person_id = 1007186)
                    Rows Removed by Filter: 36242499
              ->  Index Only Scan using title_pkey on title t  (cost=0.43..8.32 rows=1 width=4) (actual time=0.117..0.118 rows=1 loops=1845)
                    Index Cond: (id = ci.movie_id)
                    Heap Fetches: 1845
Planning time: 1.036 ms
Execution time: 34115.115 ms
