Seq Scan on cast_info ci  (cost=0.00..796071.18 rows=10563833 width=0) (actual time=51.817..39822.334 rows=4505903 loops=1)
  Filter: ((person_id < 1600167) AND (role_id > 1))
  Rows Removed by Filter: 31738441
Planning time: 6.758 ms
Execution time: 40624.426 ms
