Nested Loop  (cost=32636.42..151990.04 rows=6392 width=0) (actual time=1595.210..6724.157 rows=24334 loops=1)
  ->  Hash Join  (cost=32635.99..122269.12 rows=34811 width=8) (actual time=1595.135..5002.634 rows=24334 loops=1)
        Hash Cond: (mk.movie_id = mi_idx.movie_id)
        ->  Seq Scan on movie_keyword mk  (cost=0.00..81003.12 rows=35588 width=4) (actual time=17.361..3262.146 rows=34710 loops=1)
              Filter: (keyword_id = 2488)
              Rows Removed by Filter: 4489220
        ->  Hash  (cost=25185.44..25185.44 rows=454124 width=4) (actual time=1577.056..1577.056 rows=459925 loops=1)
              Buckets: 131072  Batches: 8  Memory Usage: 3059kB
              ->  Seq Scan on movie_info_idx mi_idx  (cost=0.00..25185.44 rows=454124 width=4) (actual time=0.024..1378.373 rows=459925 loops=1)
                    Filter: (info_type_id = 100)
                    Rows Removed by Filter: 920110
  ->  Index Only Scan using title_pkey on title t  (cost=0.43..0.84 rows=1 width=4) (actual time=0.070..0.070 rows=1 loops=24334)
        Index Cond: (id = mi_idx.movie_id)
        Heap Fetches: 24334
Planning time: 5.193 ms
Execution time: 6730.315 ms
