Seq Scan on cast_info ci  (cost=0.00..796071.18 rows=2825871 width=0) (actual time=11611.755..14050.515 rows=1655145 loops=1)
  Filter: ((person_id < 2645780) AND (role_id = 3))
  Rows Removed by Filter: 34589199
Planning time: 0.430 ms
Execution time: 14250.507 ms
