Hash Join  (cost=796926.65..851593.21 rows=104 width=0) (actual time=30058.853..32368.897 rows=38 loops=1)
  Hash Cond: (mc.movie_id = t.id)
  ->  Seq Scan on movie_companies mc  (cost=0.00..44881.29 rows=2609129 width=4) (actual time=0.021..2564.867 rows=2609129 loops=1)
  ->  Hash  (cost=796925.39..796925.39 rows=101 width=8) (actual time=29150.201..29150.201 rows=20 loops=1)
        Buckets: 1024  Batches: 1  Memory Usage: 9kB
        ->  Nested Loop  (cost=0.43..796925.39 rows=101 width=8) (actual time=9527.788..29150.146 rows=20 loops=1)
              ->  Seq Scan on cast_info ci  (cost=0.00..796071.18 rows=101 width=4) (actual time=9527.618..29149.465 rows=20 loops=1)
                    Filter: ((person_id = 1963135) AND (role_id = 2))
                    Rows Removed by Filter: 36244324
              ->  Index Only Scan using title_pkey on title t  (cost=0.43..8.45 rows=1 width=4) (actual time=0.029..0.029 rows=1 loops=20)
                    Index Cond: (id = ci.movie_id)
                    Heap Fetches: 20
Planning time: 1.210 ms
Execution time: 32369.013 ms
