Hash Join  (cost=74235.99..101281.86 rows=13539 width=0) (actual time=3354.508..5107.924 rows=9561 loops=1)
  Hash Cond: (mi_idx.movie_id = t.id)
  ->  Seq Scan on movie_info_idx mi_idx  (cost=0.00..21735.35 rows=1380035 width=4) (actual time=0.033..1322.446 rows=1380035 loops=1)
  ->  Hash  (cost=73925.90..73925.90 rows=24807 width=4) (actual time=3354.263..3354.263 rows=25986 loops=1)
        Buckets: 32768  Batches: 1  Memory Usage: 1170kB
        ->  Seq Scan on title t  (cost=0.00..73925.90 rows=24807 width=4) (actual time=340.522..3336.654 rows=25986 loops=1)
              Filter: ((kind_id = 7) AND (production_year = 1997))
              Rows Removed by Filter: 2502326
Planning time: 4.824 ms
Execution time: 5109.403 ms
