Seq Scan on movie_keyword mk  (cost=0.00..81003.12 rows=246 width=0) (actual time=0.637..3183.861 rows=533 loops=1)
  Filter: (keyword_id = 10332)
  Rows Removed by Filter: 4523397
Planning time: 0.347 ms
Execution time: 3184.256 ms
