Hash Join  (cost=203337.48..733498.43 rows=4719203 width=0) (actual time=10494.570..45995.609 rows=15470623 loops=1)
  Hash Cond: (mi.movie_id = t.id)
  ->  Seq Scan on movie_info mi  (cost=0.00..309384.22 rows=14739122 width=4) (actual time=0.007..20207.022 rows=14835720 loops=1)
  ->  Hash  (cost=190054.61..190054.61 rows=809589 width=8) (actual time=10493.524..10493.524 rows=1024529 loops=1)
        Buckets: 131072  Batches: 16  Memory Usage: 3541kB
        ->  Hash Join  (cost=102767.86..190054.61 rows=809589 width=8) (actual time=5609.581..10126.752 rows=1024529 loops=1)
              Hash Cond: (mc.movie_id = t.id)
              ->  Seq Scan on movie_companies mc  (cost=0.00..57926.93 rows=809589 width=4) (actual time=567.955..3015.125 rows=1024529 loops=1)
                    Filter: ((company_id > 5379) AND (company_type_id > 1))
                    Rows Removed by Filter: 1584600
              ->  Hash  (cost=61283.27..61283.27 rows=2528527 width=4) (actual time=5040.365..5040.365 rows=2528312 loops=1)
                    Buckets: 131072  Batches: 64  Memory Usage: 2415kB
                    ->  Seq Scan on title t  (cost=0.00..61283.27 rows=2528527 width=4) (actual time=0.015..3869.242 rows=2528312 loops=1)
Planning time: 3.616 ms
Execution time: 48276.504 ms
