Hash Join  (cost=621544.41..1830153.84 rows=23937388 width=0) (actual time=30565.622..89166.677 rows=24654467 loops=1)
  Hash Cond: (ci.movie_id = t.id)
  ->  Seq Scan on cast_info ci  (cost=0.00..705507.15 rows=16274183 width=4) (actual time=0.021..39964.150 rows=16416596 loops=1)
        Filter: (person_id > 1989825)
        Rows Removed by Filter: 19827748
  ->  Hash  (cost=560526.87..560526.87 rows=3719163 width=8) (actual time=30564.652..30564.652 rows=2288009 loops=1)
        Buckets: 131072  Batches: 64  Memory Usage: 2391kB
        ->  Hash Join  (cost=92883.59..560526.87 rows=3719163 width=8) (actual time=5027.113..29822.849 rows=2288009 loops=1)
              Hash Cond: (mi.movie_id = t.id)
              ->  Seq Scan on movie_info mi  (cost=0.00..346232.03 rows=6103325 width=4) (actual time=0.011..19292.933 rows=6083429 loops=1)
                    Filter: (info_type_id > 9)
                    Rows Removed by Filter: 8752291
              ->  Hash  (cost=67604.59..67604.59 rows=1540800 width=4) (actual time=5026.093..5026.093 rows=1543264 loops=1)
                    Buckets: 131072  Batches: 32  Memory Usage: 2728kB
                    ->  Seq Scan on title t  (cost=0.00..67604.59 rows=1540800 width=4) (actual time=612.712..4288.791 rows=1543264 loops=1)
                          Filter: (kind_id = 7)
                          Rows Removed by Filter: 985048
Planning time: 1.198 ms
Execution time: 92574.890 ms
