Hash Join  (cost=93315.44..185176.72 rows=1219475 width=0) (actual time=5403.657..10957.640 rows=585488 loops=1)
  Hash Cond: (mc.movie_id = t.id)
  ->  Seq Scan on movie_companies mc  (cost=0.00..44881.29 rows=2609129 width=4) (actual time=0.015..3242.719 rows=2609129 loops=1)
  ->  Hash  (cost=73925.90..73925.90 rows=1181803 width=4) (actual time=5399.495..5399.495 rows=1139957 loops=1)
        Buckets: 131072  Batches: 16  Memory Usage: 3528kB
        ->  Seq Scan on title t  (cost=0.00..73925.90 rows=1181803 width=4) (actual time=0.014..4237.453 rows=1139957 loops=1)
              Filter: ((kind_id > 4) AND (production_year < 2010))
              Rows Removed by Filter: 1388355
Planning time: 0.739 ms
Execution time: 11040.097 ms
