Hash Join  (cost=154783.57..660052.69 rows=2386322 width=0) (actual time=7841.096..41375.325 rows=6773951 loops=1)
  Hash Cond: (mi.movie_id = t.id)
  ->  Seq Scan on movie_info mi  (cost=0.00..309384.22 rows=14739122 width=4) (actual time=0.025..21213.326 rows=14835720 loops=1)
  ->  Hash  (cost=148066.35..148066.35 rows=409378 width=8) (actual time=7840.233..7840.233 rows=436964 loops=1)
        Buckets: 131072  Batches: 8  Memory Usage: 3174kB
        ->  Hash Join  (cost=104131.46..148066.35 rows=409378 width=8) (actual time=5209.077..7690.092 rows=436964 loops=1)
              Hash Cond: (mi_idx.movie_id = t.id)
              ->  Seq Scan on movie_info_idx mi_idx  (cost=0.00..25185.44 rows=464934 width=4) (actual time=0.025..1541.282 rows=460185 loops=1)
                    Filter: (info_type_id > 100)
                    Rows Removed by Filter: 919850
              ->  Hash  (cost=67604.59..67604.59 rows=2226390 width=4) (actual time=5207.900..5207.900 rows=2224569 loops=1)
                    Buckets: 131072  Batches: 32  Memory Usage: 3463kB
                    ->  Seq Scan on title t  (cost=0.00..67604.59 rows=2226390 width=4) (actual time=0.015..4175.831 rows=2224569 loops=1)
                          Filter: (production_year < 2012)
                          Rows Removed by Filter: 303743
Planning time: 2.318 ms
Execution time: 42356.318 ms
