Hash Join  (cost=1380763.17..2964771.59 rows=81038576 width=0) (actual time=73207.252..164263.807 rows=180490264 loops=1)
  Hash Cond: (mi.movie_id = t.id)
  ->  Seq Scan on movie_info mi  (cost=0.00..309384.22 rows=14739122 width=4) (actual time=0.006..21111.502 rows=14835720 loops=1)
  ->  Hash  (cost=1152677.97..1152677.97 rows=13902336 width=8) (actual time=73206.155..73206.155 rows=14080494 loops=1)
        Buckets: 131072  Batches: 256  Memory Usage: 3225kB
        ->  Hash Join  (cost=102767.86..1152677.97 rows=13902336 width=8) (actual time=9536.281..67638.300 rows=14080494 loops=1)
              Hash Cond: (ci.movie_id = t.id)
              ->  Seq Scan on cast_info ci  (cost=0.00..705507.15 rows=13902336 width=4) (actual time=3755.213..43877.565 rows=14080494 loops=1)
                    Filter: (person_id > 2257731)
                    Rows Removed by Filter: 22163850
              ->  Hash  (cost=61283.27..61283.27 rows=2528527 width=4) (actual time=5779.920..5779.920 rows=2528312 loops=1)
                    Buckets: 131072  Batches: 64  Memory Usage: 2415kB
                    ->  Seq Scan on title t  (cost=0.00..61283.27 rows=2528527 width=4) (actual time=0.023..4604.791 rows=2528312 loops=1)
Planning time: 1.112 ms
Execution time: 189214.748 ms
