Hash Join  (cost=28268.19..392931.00 rows=686 width=0) (actual time=1393.432..22040.579 rows=54658 loops=1)
  Hash Cond: (mi.movie_id = t.id)
  ->  Seq Scan on movie_info mi  (cost=0.00..309384.22 rows=14739122 width=4) (actual time=0.010..16825.748 rows=14835720 loops=1)
  ->  Hash  (cost=28266.72..28266.72 rows=118 width=8) (actual time=1324.746..1324.746 rows=155 loops=1)
        Buckets: 1024  Batches: 1  Memory Usage: 15kB
        ->  Nested Loop  (cost=0.43..28266.72 rows=118 width=8) (actual time=884.405..1324.664 rows=155 loops=1)
              ->  Seq Scan on movie_info_idx mi_idx  (cost=0.00..25185.44 rows=368 width=4) (actual time=884.331..1287.552 rows=260 loops=1)
                    Filter: (info_type_id > 101)
                    Rows Removed by Filter: 1379775
              ->  Index Scan using title_pkey on title t  (cost=0.43..8.36 rows=1 width=4) (actual time=0.142..0.142 rows=1 loops=260)
                    Index Cond: (id = mi_idx.movie_id)
                    Filter: (production_year < 1995)
                    Rows Removed by Filter: 0
Planning time: 1.123 ms
Execution time: 22049.011 ms
