Seq Scan on cast_info ci  (cost=0.00..705507.15 rows=34709820 width=0) (actual time=0.021..42235.014 rows=34721154 loops=1)
  Filter: (person_id < 3761447)
  Rows Removed by Filter: 1523190
Planning time: 0.331 ms
Execution time: 48275.494 ms
