Seq Scan on movie_info mi  (cost=0.00..346232.03 rows=13622206 width=0) (actual time=0.025..18861.310 rows=13661666 loops=1)
  Filter: (info_type_id < 45)
  Rows Removed by Filter: 1174054
Planning time: 0.341 ms
Execution time: 21121.349 ms
