Seq Scan on title t  (cost=0.00..67604.59 rows=7437 width=0) (actual time=0.126..3463.223 rows=14779 loops=1)
  Filter: (production_year = 1980)
  Rows Removed by Filter: 2513533
Planning time: 0.300 ms
Execution time: 3466.836 ms
