Hash Join  (cost=662132.81..2320600.85 rows=41726928 width=0) (actual time=45583.465..195147.434 rows=212920534 loops=1)
  Hash Cond: (ci.movie_id = t.id)
  ->  Seq Scan on cast_info ci  (cost=0.00..705507.15 rows=31554923 width=4) (actual time=0.026..55927.154 rows=31605208 loops=1)
        Filter: (role_id < 10)
        Rows Removed by Filter: 4639136
  ->  Hash  (cost=607275.56..607275.56 rows=3343620 width=8) (actual time=45568.223..45568.223 rows=7232899 loops=1)
        Buckets: 131072 (originally 131072)  Batches: 128 (originally 64)  Memory Usage: 3242kB
        ->  Hash Join  (cost=78556.72..607275.56 rows=3343620 width=8) (actual time=5525.977..42356.974 rows=7232899 loops=1)
              Hash Cond: (mi.movie_id = t.id)
              ->  Seq Scan on movie_info mi  (cost=0.00..346232.03 rows=12665229 width=4) (actual time=670.272..24699.106 rows=12744652 loops=1)
                    Filter: (info_type_id > 2)
                    Rows Removed by Filter: 2091068
              ->  Hash  (cost=67604.59..67604.59 rows=667531 width=4) (actual time=4134.814..4134.814 rows=662825 loops=1)
                    Buckets: 131072  Batches: 16  Memory Usage: 2485kB
                    ->  Seq Scan on title t  (cost=0.00..67604.59 rows=667531 width=4) (actual time=1084.223..3855.480 rows=662825 loops=1)
                          Filter: (kind_id = 1)
                          Rows Removed by Filter: 1865487
Planning time: 6.401 ms
Execution time: 225990.237 ms
