Seq Scan on movie_keyword mk  (cost=0.00..81003.12 rows=748101 width=0) (actual time=0.025..1379.381 rows=753686 loops=1)
  Filter: (keyword_id > 24807)
  Rows Removed by Filter: 3770244
Planning time: 0.313 ms
Execution time: 1476.010 ms
