Seq Scan on cast_info ci  (cost=0.00..705507.15 rows=500 width=0) (actual time=26385.049..31148.962 rows=47 loops=1)
  Filter: (person_id = 3406942)
  Rows Removed by Filter: 36244297
Planning time: 15.532 ms
Execution time: 31149.101 ms
