Hash Join  (cost=100862.54..465524.30 rows=585 width=0) (actual time=3957.516..23120.235 rows=4387 loops=1)
  Hash Cond: (mi.movie_id = t.id)
  ->  Seq Scan on movie_info mi  (cost=0.00..309384.22 rows=14739122 width=4) (actual time=0.019..15634.178 rows=14835720 loops=1)
  ->  Hash  (cost=100861.29..100861.29 rows=100 width=8) (actual time=3740.674..3740.674 rows=297 loops=1)
        Buckets: 1024  Batches: 1  Memory Usage: 20kB
        ->  Hash Join  (cost=73932.73..100861.29 rows=100 width=8) (actual time=2496.403..3740.441 rows=297 loops=1)
              Hash Cond: (mi_idx.movie_id = t.id)
              ->  Seq Scan on movie_info_idx mi_idx  (cost=0.00..25185.44 rows=464566 width=4) (actual time=0.020..1151.797 rows=459925 loops=1)
                    Filter: (info_type_id = 101)
                    Rows Removed by Filter: 920110
              ->  Hash  (cost=73925.90..73925.90 rows=546 width=4) (actual time=2495.680..2495.680 rows=447 loops=1)
                    Buckets: 1024  Batches: 1  Memory Usage: 24kB
                    ->  Seq Scan on title t  (cost=0.00..73925.90 rows=546 width=4) (actual time=1556.669..2495.316 rows=447 loops=1)
                          Filter: ((kind_id = 6) AND (production_year = 2006))
                          Rows Removed by Filter: 2527865
Planning time: 1.193 ms
Execution time: 23121.628 ms
