Hash Join  (cost=373443.88..1184852.04 rows=25897553 width=0) (actual time=18475.248..115072.452 rows=229707366 loops=1)
  Hash Cond: (mi.movie_id = t.id)
  ->  Seq Scan on movie_info mi  (cost=0.00..309384.22 rows=14739122 width=4) (actual time=0.021..20819.373 rows=14835720 loops=1)
  ->  Hash  (cost=300554.14..300554.14 rows=4442779 width=8) (actual time=18472.244..18472.244 rows=4444199 loops=1)
        Buckets: 131072  Batches: 64  Memory Usage: 3837kB
        ->  Hash Join  (cost=102767.86..300554.14 rows=4442779 width=8) (actual time=5491.385..16965.430 rows=4444199 loops=1)
              Hash Cond: (mk.movie_id = t.id)
              ->  Seq Scan on movie_keyword mk  (cost=0.00..81003.12 rows=4442779 width=4) (actual time=0.016..4817.401 rows=4444199 loops=1)
                    Filter: (keyword_id < 87898)
                    Rows Removed by Filter: 79731
              ->  Hash  (cost=61283.27..61283.27 rows=2528527 width=4) (actual time=5490.470..5490.470 rows=2528312 loops=1)
                    Buckets: 131072  Batches: 64  Memory Usage: 2425kB
                    ->  Seq Scan on title t  (cost=0.00..61283.27 rows=2528527 width=4) (actual time=0.024..4246.944 rows=2528312 loops=1)
Planning time: 1.146 ms
Execution time: 147712.499 ms
