Hash Join  (cost=90260.67..631110.05 rows=6070248 width=0) (actual time=5835.781..38849.273 rows=5162456 loops=1)
  Hash Cond: (mi.movie_id = t.id)
  ->  Seq Scan on movie_info mi  (cost=0.00..346232.03 rows=11115165 width=4) (actual time=626.528..23447.417 rows=11210743 loops=1)
        Filter: (info_type_id > 3)
        Rows Removed by Filter: 3624977
  ->  Hash  (cost=67604.59..67604.59 rows=1380887 width=4) (actual time=5208.421..5208.421 rows=1381453 loops=1)
        Buckets: 131072  Batches: 32  Memory Usage: 2550kB
        ->  Seq Scan on title t  (cost=0.00..67604.59 rows=1380887 width=4) (actual time=0.018..4564.429 rows=1381453 loops=1)
              Filter: (production_year > 2000)
              Rows Removed by Filter: 1146859
Planning time: 6.781 ms
Execution time: 39596.075 ms
