Hash Join  (cost=28267.70..392923.92 rows=28 width=0) (actual time=1136.712..20443.494 rows=1662 loops=1)
  Hash Cond: (mi.movie_id = t.id)
  ->  Seq Scan on movie_info mi  (cost=0.00..309384.22 rows=14739122 width=4) (actual time=0.011..15786.651 rows=14835720 loops=1)
  ->  Hash  (cost=28267.64..28267.64 rows=5 width=8) (actual time=1003.857..1003.857 rows=6 loops=1)
        Buckets: 1024  Batches: 1  Memory Usage: 9kB
        ->  Nested Loop  (cost=0.43..28267.64 rows=5 width=8) (actual time=495.504..1003.844 rows=6 loops=1)
              ->  Seq Scan on movie_info_idx mi_idx  (cost=0.00..25185.44 rows=368 width=4) (actual time=493.942..995.392 rows=260 loops=1)
                    Filter: (info_type_id > 101)
                    Rows Removed by Filter: 1379775
              ->  Index Scan using title_pkey on title t  (cost=0.43..8.37 rows=1 width=4) (actual time=0.032..0.032 rows=0 loops=260)
                    Index Cond: (id = mi_idx.movie_id)
                    Filter: ((kind_id < 7) AND (production_year = 2004))
                    Rows Removed by Filter: 1
Planning time: 1.128 ms
Execution time: 20443.930 ms
