Hash Join  (cost=75238.98..188567.02 rows=85265 width=0) (actual time=3674.987..9426.750 rows=384171 loops=1)
  Hash Cond: (mk.movie_id = t.id)
  ->  Seq Scan on movie_keyword mk  (cost=0.00..81003.12 rows=2694737 width=4) (actual time=0.023..4024.453 rows=2688073 loops=1)
        Filter: (keyword_id > 3033)
        Rows Removed by Filter: 1835857
  ->  Hash  (cost=73925.90..73925.90 rows=80006 width=4) (actual time=3674.079..3674.079 rows=180389 loops=1)
        Buckets: 131072 (originally 131072)  Batches: 4 (originally 2)  Memory Usage: 3073kB
        ->  Seq Scan on title t  (cost=0.00..73925.90 rows=80006 width=4) (actual time=0.087..3521.947 rows=180389 loops=1)
              Filter: ((kind_id < 7) AND (production_year < 1956))
              Rows Removed by Filter: 2347923
Planning time: 0.781 ms
Execution time: 9490.553 ms
