Hash Join  (cost=464627.24..581663.22 rows=353875 width=0) (actual time=22380.533..29146.392 rows=721615 loops=1)
  Hash Cond: (mk.movie_id = t.id)
  ->  Seq Scan on movie_keyword mk  (cost=0.00..81003.12 rows=2698160 width=4) (actual time=0.024..5145.680 rows=2690765 loops=1)
        Filter: (keyword_id > 3020)
        Rows Removed by Filter: 1833165
  ->  Hash  (cost=459185.91..459185.91 rows=331627 width=8) (actual time=22377.216..22377.216 rows=121915 loops=1)
        Buckets: 131072  Batches: 8  Memory Usage: 1612kB
        ->  Hash Join  (cost=96651.52..459185.91 rows=331627 width=8) (actual time=15840.630..22335.379 rows=121915 loops=1)
              Hash Cond: (mi.movie_id = t.id)
              ->  Seq Scan on movie_info mi  (cost=0.00..346232.03 rows=473617 width=4) (actual time=10465.498..16252.971 rows=486554 loops=1)
                    Filter: (info_type_id = 5)
                    Rows Removed by Filter: 14349166
              ->  Hash  (cost=67604.59..67604.59 rows=1770475 width=4) (actual time=5374.072..5374.072 rows=1774635 loops=1)
                    Buckets: 131072  Batches: 32  Memory Usage: 2984kB
                    ->  Seq Scan on title t  (cost=0.00..67604.59 rows=1770475 width=4) (actual time=0.036..4587.589 rows=1774635 loops=1)
                          Filter: (kind_id > 2)
                          Rows Removed by Filter: 753677
Planning time: 1.159 ms
Execution time: 29256.163 ms
