Hash Join  (cost=135252.47..1223724.12 rows=5321755 width=0) (actual time=8346.433..82444.345 rows=7510017 loops=1)
  Hash Cond: (ci.movie_id = t.id)
  ->  Seq Scan on cast_info ci  (cost=0.00..614943.12 rows=36225612 width=4) (actual time=0.018..47327.522 rows=36244344 loops=1)
  ->  Hash  (cost=129158.29..129158.29 rows=371455 width=8) (actual time=8345.419..8345.419 rows=179553 loops=1)
        Buckets: 131072  Batches: 8  Memory Usage: 1894kB
        ->  Hash Join  (cost=85092.26..129158.29 rows=371455 width=8) (actual time=5106.253..8271.380 rows=179553 loops=1)
              Hash Cond: (mi_idx.movie_id = t.id)
              ->  Seq Scan on movie_info_idx mi_idx  (cost=0.00..21735.35 rows=1380035 width=4) (actual time=0.019..1762.795 rows=1380035 loops=1)
              ->  Hash  (cost=73925.90..73925.90 rows=680588 width=4) (actual time=5101.309..5101.309 rows=743261 loops=1)
                    Buckets: 131072  Batches: 16  Memory Usage: 2663kB
                    ->  Seq Scan on title t  (cost=0.00..73925.90 rows=680588 width=4) (actual time=0.021..4478.849 rows=743261 loops=1)
                          Filter: ((kind_id > 4) AND (production_year > 2004))
                          Rows Removed by Filter: 1785051
Planning time: 1.162 ms
Execution time: 83653.082 ms
