Seq Scan on movie_companies mc  (cost=0.00..57926.93 rows=758410 width=0) (actual time=884.105..3133.123 rows=471269 loops=1)
  Filter: ((company_id < 13543) AND (company_type_id = 2))
  Rows Removed by Filter: 2137860
Planning time: 0.326 ms
Execution time: 3241.158 ms
