Nested Loop  (cost=0.43..121307.98 rows=5580 width=0) (actual time=0.231..4074.819 rows=5857 loops=1)
  ->  Seq Scan on movie_keyword mk  (cost=0.00..81003.12 rows=5580 width=4) (actual time=0.174..3409.777 rows=5857 loops=1)
        Filter: (keyword_id = 405)
        Rows Removed by Filter: 4518073
  ->  Index Only Scan using title_pkey on title t  (cost=0.43..7.21 rows=1 width=4) (actual time=0.112..0.113 rows=1 loops=5857)
        Index Cond: (id = mk.movie_id)
        Heap Fetches: 5857
Planning time: 0.744 ms
Execution time: 4076.700 ms
