Hash Join  (cost=102767.86..903541.45 rows=3548581 width=0) (actual time=7007.395..42670.565 rows=3422611 loops=1)
  Hash Cond: (ci.movie_id = t.id)
  ->  Seq Scan on cast_info ci  (cost=0.00..705507.15 rows=3548581 width=4) (actual time=960.175..31638.160 rows=3422611 loops=1)
        Filter: (person_id < 329173)
        Rows Removed by Filter: 32821733
  ->  Hash  (cost=61283.27..61283.27 rows=2528527 width=4) (actual time=6045.699..6045.699 rows=2528312 loops=1)
        Buckets: 131072  Batches: 64  Memory Usage: 2415kB
        ->  Seq Scan on title t  (cost=0.00..61283.27 rows=2528527 width=4) (actual time=0.020..4545.380 rows=2528312 loops=1)
Planning time: 2.294 ms
Execution time: 43205.125 ms
