Hash Join  (cost=237395.15..1557689.81 rows=23060874 width=0) (actual time=13266.428..104429.557 rows=50857080 loops=1)
  Hash Cond: (ci.movie_id = t.id)
  ->  Seq Scan on cast_info ci  (cost=0.00..705507.15 rows=29379555 width=4) (actual time=0.025..50029.981 rows=29315301 loops=1)
        Filter: (person_id < 2971726)
        Rows Removed by Filter: 6929043
  ->  Hash  (cost=204833.21..204833.21 rows=1984715 width=8) (actual time=13265.411..13265.411 rows=2175302 loops=1)
        Buckets: 131072  Batches: 32  Memory Usage: 3650kB
        ->  Hash Join  (cost=99161.12..204833.21 rows=1984715 width=8) (actual time=6154.354..12450.040 rows=2175302 loops=1)
              Hash Cond: (mc.movie_id = t.id)
              ->  Seq Scan on movie_companies mc  (cost=0.00..44881.29 rows=2609129 width=4) (actual time=0.039..3146.217 rows=2609129 loops=1)
              ->  Hash  (cost=67604.59..67604.59 rows=1923403 width=4) (actual time=6153.225..6153.225 rows=1922849 loops=1)
                    Buckets: 131072  Batches: 32  Memory Usage: 3132kB
                    ->  Seq Scan on title t  (cost=0.00..67604.59 rows=1923403 width=4) (actual time=0.025..4972.026 rows=1922849 loops=1)
                          Filter: (production_year < 2010)
                          Rows Removed by Filter: 605463
Planning time: 14.265 ms
Execution time: 111796.091 ms
