Hash Join  (cost=71961.27..429443.71 rows=85015 width=0) (actual time=2095.894..6057.563 rows=104735 loops=1)
  Hash Cond: (mi.movie_id = t.id)
  ->  Seq Scan on movie_info mi  (cost=0.00..346232.03 rows=809669 width=4) (actual time=964.738..4465.664 rows=802140 loops=1)
        Filter: (info_type_id = 1)
        Rows Removed by Filter: 14033580
  ->  Hash  (cost=67604.59..67604.59 rows=265495 width=4) (actual time=1130.230..1130.230 rows=263594 loops=1)
        Buckets: 131072  Batches: 4  Memory Usage: 3346kB
        ->  Seq Scan on title t  (cost=0.00..67604.59 rows=265495 width=4) (actual time=0.038..1041.826 rows=263594 loops=1)
              Filter: (production_year < 1962)
              Rows Removed by Filter: 2264718
Planning time: 0.726 ms
Execution time: 6070.841 ms
