Nested Loop  (cost=0.43..83071.67 rows=246 width=0) (actual time=32.677..4242.949 rows=49 loops=1)
  ->  Seq Scan on movie_keyword mk  (cost=0.00..81003.12 rows=246 width=4) (actual time=32.558..4233.017 rows=49 loops=1)
        Filter: (keyword_id = 11883)
        Rows Removed by Filter: 4523881
  ->  Index Only Scan using title_pkey on title t  (cost=0.43..8.40 rows=1 width=4) (actual time=0.196..0.197 rows=1 loops=49)
        Index Cond: (id = mk.movie_id)
        Heap Fetches: 49
Planning time: 0.757 ms
Execution time: 4243.078 ms
