Seq Scan on movie_companies mc  (cost=0.00..57926.93 rows=51 width=40) (actual time=1.985..1000.785 rows=61 loops=1)
  Filter: ((company_type_id < 2) AND (company_id = 386))
  Rows Removed by Filter: 2609068
Planning time: 0.443 ms
Execution time: 1000.833 ms
