Hash Join  (cost=491650.71..578220.05 rows=835581 width=0) (actual time=8508.629..11429.285 rows=1945745 loops=1)
  Hash Cond: (mc.movie_id = t.id)
  ->  Seq Scan on movie_companies mc  (cost=0.00..44881.29 rows=2609129 width=4) (actual time=0.035..854.859 rows=2609129 loops=1)
  ->  Hash  (cost=478364.61..478364.61 rows=809768 width=8) (actual time=8507.857..8507.857 rows=802140 loops=1)
        Buckets: 131072  Batches: 16  Memory Usage: 2973kB
        ->  Hash Join  (cost=102767.86..478364.61 rows=809768 width=8) (actual time=3688.555..8271.795 rows=802140 loops=1)
              Hash Cond: (mi.movie_id = t.id)
              ->  Seq Scan on movie_info mi  (cost=0.00..346232.03 rows=809768 width=4) (actual time=1665.899..5103.095 rows=802140 loops=1)
                    Filter: (info_type_id < 2)
                    Rows Removed by Filter: 14033580
              ->  Hash  (cost=61283.27..61283.27 rows=2528527 width=4) (actual time=2021.650..2021.650 rows=2528312 loops=1)
                    Buckets: 131072  Batches: 64  Memory Usage: 2425kB
                    ->  Seq Scan on title t  (cost=0.00..61283.27 rows=2528527 width=4) (actual time=0.016..1157.359 rows=2528312 loops=1)
Planning time: 1.146 ms
Execution time: 11677.185 ms
