Hash Join  (cost=86935.43..150849.48 rows=61622 width=0) (actual time=1938.922..2761.755 rows=39781 loops=1)
  Hash Cond: (mc.movie_id = t.id)
  ->  Seq Scan on movie_companies mc  (cost=0.00..57926.93 rows=196505 width=4) (actual time=408.345..932.608 rows=390256 loops=1)
        Filter: ((company_id > 83236) AND (company_type_id = 2))
        Rows Removed by Filter: 2218873
  ->  Hash  (cost=73925.90..73925.90 rows=792922 width=4) (actual time=1529.688..1529.688 rows=692469 loops=1)
        Buckets: 131072  Batches: 16  Memory Usage: 2548kB
        ->  Seq Scan on title t  (cost=0.00..73925.90 rows=792922 width=4) (actual time=0.032..1313.890 rows=692469 loops=1)
              Filter: ((kind_id > 1) AND (production_year < 2001))
              Rows Removed by Filter: 1835843
Planning time: 7.093 ms
Execution time: 2766.927 ms
