Hash Join  (cost=510374.62..607922.67 rows=1248536 width=0) (actual time=9759.849..13052.178 rows=2496192 loops=1)
  Hash Cond: (mc.movie_id = t.id)
  ->  Seq Scan on movie_companies mc  (cost=0.00..51404.11 rows=2480953 width=4) (actual time=0.013..1116.477 rows=2477806 loops=1)
        Filter: (company_id > 19)
        Rows Removed by Filter: 131323
  ->  Hash  (cost=489497.65..489497.65 rows=1272478 width=8) (actual time=9758.784..9758.784 rows=1325361 loops=1)
        Buckets: 131072  Batches: 32  Memory Usage: 2635kB
        ->  Hash Join  (cost=102767.86..489497.65 rows=1272478 width=8) (actual time=2215.037..9374.315 rows=1325361 loops=1)
              Hash Cond: (mi.movie_id = t.id)
              ->  Seq Scan on movie_info mi  (cost=0.00..346232.03 rows=1272478 width=4) (actual time=262.805..5558.009 rows=1325361 loops=1)
                    Filter: (info_type_id = 8)
                    Rows Removed by Filter: 13510359
              ->  Hash  (cost=61283.27..61283.27 rows=2528527 width=4) (actual time=1950.956..1950.956 rows=2528312 loops=1)
                    Buckets: 131072  Batches: 64  Memory Usage: 2425kB
                    ->  Seq Scan on title t  (cost=0.00..61283.27 rows=2528527 width=4) (actual time=0.024..1041.883 rows=2528312 loops=1)
Planning time: 1.174 ms
Execution time: 13349.229 ms
