Hash Join  (cost=313293.32..1013830.25 rows=17233420 width=0) (actual time=13387.066..75591.775 rows=150245475 loops=1)
  Hash Cond: (mi.movie_id = t.id)
  ->  Seq Scan on movie_info mi  (cost=0.00..309384.22 rows=14739122 width=4) (actual time=0.010..17321.720 rows=14835720 loops=1)
  ->  Hash  (cost=264788.95..264788.95 rows=2956429 width=8) (actual time=13385.686..13385.686 rows=2939487 loops=1)
        Buckets: 131072  Batches: 64  Memory Usage: 2920kB
        ->  Hash Join  (cost=102767.86..264788.95 rows=2956429 width=8) (actual time=5447.829..12548.575 rows=2939487 loops=1)
              Hash Cond: (mk.movie_id = t.id)
              ->  Seq Scan on movie_keyword mk  (cost=0.00..81003.12 rows=2956429 width=4) (actual time=0.015..4062.374 rows=2939487 loops=1)
                    Filter: (keyword_id < 9822)
                    Rows Removed by Filter: 1584443
              ->  Hash  (cost=61283.27..61283.27 rows=2528527 width=4) (actual time=5446.380..5446.380 rows=2528312 loops=1)
                    Buckets: 131072  Batches: 64  Memory Usage: 2425kB
                    ->  Seq Scan on title t  (cost=0.00..61283.27 rows=2528527 width=4) (actual time=0.018..3974.269 rows=2528312 loops=1)
Planning time: 4.359 ms
Execution time: 93415.376 ms
