Hash Join  (cost=83074.74..141854.98 rows=191 width=0) (actual time=1325.305..2523.149 rows=116 loops=1)
  Hash Cond: (mc.movie_id = t.id)
  ->  Seq Scan on movie_companies mc  (cost=0.00..51404.11 rows=1966457 width=4) (actual time=0.016..1015.963 rows=1961115 loops=1)
        Filter: (company_id < 55233)
        Rows Removed by Filter: 648014
  ->  Hash  (cost=83071.67..83071.67 rows=246 width=8) (actual time=1242.045..1242.045 rows=11 loops=1)
        Buckets: 1024  Batches: 1  Memory Usage: 9kB
        ->  Nested Loop  (cost=0.43..83071.67 rows=246 width=8) (actual time=21.999..1242.017 rows=11 loops=1)
              ->  Seq Scan on movie_keyword mk  (cost=0.00..81003.12 rows=246 width=4) (actual time=21.891..1237.085 rows=11 loops=1)
                    Filter: (keyword_id = 31870)
                    Rows Removed by Filter: 4523919
              ->  Index Only Scan using title_pkey on title t  (cost=0.43..8.40 rows=1 width=4) (actual time=0.438..0.439 rows=1 loops=11)
                    Index Cond: (id = mk.movie_id)
                    Heap Fetches: 11
Planning time: 1.086 ms
Execution time: 2523.274 ms
