Hash Join  (cost=144031.91..624864.20 rows=1967793 width=0) (actual time=7484.040..34177.807 rows=1645374 loops=1)
  Hash Cond: (mi.movie_id = t.id)
  ->  Seq Scan on movie_info mi  (cost=0.00..346232.03 rows=9767026 width=4) (actual time=0.021..21021.197 rows=9911754 loops=1)
        Filter: (info_type_id > 4)
        Rows Removed by Filter: 4923966
  ->  Hash  (cost=135674.04..135674.04 rows=509430 width=8) (actual time=7483.056..7483.056 rows=258141 loops=1)
        Buckets: 131072  Batches: 8  Memory Usage: 2286kB
        ->  Hash Join  (cost=89240.26..135674.04 rows=509430 width=8) (actual time=4777.467..7401.527 rows=258141 loops=1)
              Hash Cond: (mi_idx.movie_id = t.id)
              ->  Seq Scan on movie_info_idx mi_idx  (cost=0.00..21735.35 rows=1380035 width=4) (actual time=0.017..1739.387 rows=1380035 loops=1)
              ->  Hash  (cost=73925.90..73925.90 rows=933388 width=4) (actual time=4752.259..4752.259 rows=1024206 loops=1)
                    Buckets: 131072  Batches: 16  Memory Usage: 3285kB
                    ->  Seq Scan on title t  (cost=0.00..73925.90 rows=933388 width=4) (actual time=523.522..4311.928 rows=1024206 loops=1)
                          Filter: ((production_year > 1997) AND (kind_id = 7))
                          Rows Removed by Filter: 1504106
Planning time: 5.214 ms
Execution time: 34387.473 ms
