Hash Join  (cost=163690.20..1243951.80 rows=4522444 width=0) (actual time=8015.038..40685.629 rows=5074244 loops=1)
  Hash Cond: (ci.movie_id = t.id)
  ->  Seq Scan on cast_info ci  (cost=0.00..614943.12 rows=36225612 width=4) (actual time=0.011..14841.366 rows=36244344 loops=1)
  ->  Hash  (cost=158510.40..158510.40 rows=315664 width=8) (actual time=8014.261..8014.261 rows=272475 loops=1)
        Buckets: 131072  Batches: 8  Memory Usage: 2350kB
        ->  Hash Join  (cost=84417.00..158510.40 rows=315664 width=8) (actual time=4308.026..7933.230 rows=272475 loops=1)
              Hash Cond: (mc.movie_id = t.id)
              ->  Seq Scan on movie_companies mc  (cost=0.00..57926.93 rows=778886 width=4) (actual time=76.054..2638.771 rows=486054 loops=1)
                    Filter: ((company_id < 14165) AND (company_type_id = 2))
                    Rows Removed by Filter: 2123075
              ->  Hash  (cost=67604.59..67604.59 rows=1024753 width=4) (actual time=4230.770..4230.770 rows=1021752 loops=1)
                    Buckets: 131072  Batches: 16  Memory Usage: 3274kB
                    ->  Seq Scan on title t  (cost=0.00..67604.59 rows=1024753 width=4) (actual time=0.040..3788.023 rows=1021752 loops=1)
                          Filter: (production_year < 2000)
                          Rows Removed by Filter: 1506560
Planning time: 4.060 ms
Execution time: 41284.197 ms
