Hash Join  (cost=1015134.34..1871380.34 rows=28373046 width=0) (actual time=19651.250..51721.110 rows=62304067 loops=1)
  Hash Cond: (mi.movie_id = t.id)
  ->  Seq Scan on movie_info mi  (cost=0.00..309384.22 rows=14739122 width=4) (actual time=0.010..5953.022 rows=14835720 loops=1)
  ->  Hash  (cost=935277.15..935277.15 rows=4867455 width=8) (actual time=19649.469..19649.469 rows=4750425 loops=1)
        Buckets: 131072  Batches: 64  Memory Usage: 4004kB
        ->  Hash Join  (cost=102767.86..935277.15 rows=4867455 width=8) (actual time=2688.523..18246.856 rows=4750425 loops=1)
              Hash Cond: (ci.movie_id = t.id)
              ->  Seq Scan on cast_info ci  (cost=0.00..705507.15 rows=4867455 width=4) (actual time=670.355..11790.509 rows=4750425 loops=1)
                    Filter: (person_id < 461148)
                    Rows Removed by Filter: 31493919
              ->  Hash  (cost=61283.27..61283.27 rows=2528527 width=4) (actual time=2017.102..2017.102 rows=2528312 loops=1)
                    Buckets: 131072  Batches: 64  Memory Usage: 2415kB
                    ->  Seq Scan on title t  (cost=0.00..61283.27 rows=2528527 width=4) (actual time=0.015..1152.531 rows=2528312 loops=1)
Planning time: 1.238 ms
Execution time: 58646.413 ms
