Hash Join  (cost=74272.58..829035.12 rows=397338 width=0) (actual time=11397.642..17364.011 rows=1 loops=1)
  Hash Cond: (ci.movie_id = t.id)
  ->  Seq Scan on cast_info ci  (cost=0.00..614943.12 rows=36225612 width=4) (actual time=0.030..9176.402 rows=36244344 loops=1)
  ->  Hash  (cost=73925.90..73925.90 rows=27734 width=4) (actual time=999.422..999.422 rows=1 loops=1)
        Buckets: 32768  Batches: 1  Memory Usage: 257kB
        ->  Seq Scan on title t  (cost=0.00..73925.90 rows=27734 width=4) (actual time=299.561..999.413 rows=1 loops=1)
              Filter: ((production_year < 1913) AND (kind_id = 7))
              Rows Removed by Filter: 2528311
Planning time: 0.811 ms
Execution time: 17364.164 ms
