Seq Scan on movie_keyword mk  (cost=0.00..81003.12 rows=3649153 width=0) (actual time=0.032..1602.953 rows=3641817 loops=1)
  Filter: (keyword_id < 20902)
  Rows Removed by Filter: 882113
Planning time: 0.292 ms
Execution time: 2053.415 ms
