Hash Join  (cost=130731.04..259281.58 rows=537450 width=0) (actual time=2647.335..5828.960 rows=424575 loops=1)
  Hash Cond: (mk.movie_id = t.id)
  ->  Seq Scan on movie_keyword mk  (cost=0.00..69693.30 rows=4523930 width=4) (actual time=0.021..1416.243 rows=4523930 loops=1)
  ->  Hash  (cost=125802.13..125802.13 rows=300393 width=8) (actual time=2646.214..2646.214 rows=135423 loops=1)
        Buckets: 131072  Batches: 4  Memory Usage: 2340kB
        ->  Hash Join  (cost=82955.72..125802.13 rows=300393 width=8) (actual time=1401.807..2603.351 rows=135423 loops=1)
              Hash Cond: (mi_idx.movie_id = t.id)
              ->  Seq Scan on movie_info_idx mi_idx  (cost=0.00..21735.35 rows=1380035 width=4) (actual time=0.012..440.511 rows=1380035 loops=1)
              ->  Hash  (cost=73925.90..73925.90 rows=550385 width=4) (actual time=1400.657..1400.657 rows=602403 loops=1)
                    Buckets: 131072  Batches: 8  Memory Usage: 3672kB
                    ->  Seq Scan on title t  (cost=0.00..73925.90 rows=550385 width=4) (actual time=0.019..1208.494 rows=602403 loops=1)
                          Filter: ((production_year > 2006) AND (kind_id = 7))
                          Rows Removed by Filter: 1925909
Planning time: 6.427 ms
Execution time: 5902.671 ms
