Hash Join  (cost=877290.98..1472498.38 rows=8042823 width=0) (actual time=17130.633..34536.213 rows=10330909 loops=1)
  Hash Cond: (mi.movie_id = t.id)
  ->  Seq Scan on movie_info mi  (cost=0.00..346232.03 rows=12665229 width=4) (actual time=0.016..6983.130 rows=12744652 loops=1)
        Filter: (info_type_id > 2)
        Rows Removed by Filter: 2091068
  ->  Hash  (cost=850946.79..850946.79 rows=1605695 width=8) (actual time=17129.207..17129.207 rows=1597430 loops=1)
        Buckets: 131072  Batches: 32  Memory Usage: 2976kB
        ->  Hash Join  (cost=91959.31..850946.79 rows=1605695 width=8) (actual time=3302.227..16654.896 rows=1597430 loops=1)
              Hash Cond: (ci.movie_id = t.id)
              ->  Seq Scan on cast_info ci  (cost=0.00..705507.15 rows=2735034 width=4) (actual time=1522.998..12187.194 rows=2728943 loops=1)
                    Filter: (role_id = 4)
                    Rows Removed by Filter: 33515401
              ->  Hash  (cost=67604.59..67604.59 rows=1484458 width=4) (actual time=1778.069..1778.069 rows=1485030 loops=1)
                    Buckets: 131072  Batches: 32  Memory Usage: 2655kB
                    ->  Seq Scan on title t  (cost=0.00..67604.59 rows=1484458 width=4) (actual time=0.029..1299.935 rows=1485030 loops=1)
                          Filter: (production_year > 1998)
                          Rows Removed by Filter: 1043282
Planning time: 1.219 ms
Execution time: 35759.024 ms
