Hash Join  (cost=118204.69..196140.54 rows=209331 width=0) (actual time=2434.100..4613.672 rows=745533 loops=1)
  Hash Cond: (mc.movie_id = t.id)
  ->  Seq Scan on movie_companies mc  (cost=0.00..44881.29 rows=2609129 width=4) (actual time=0.010..917.606 rows=2609129 loops=1)
  ->  Hash  (cost=114875.88..114875.88 rows=202865 width=8) (actual time=2432.544..2432.544 rows=218781 loops=1)
        Buckets: 131072  Batches: 4  Memory Usage: 3166kB
        ->  Hash Join  (cost=73702.75..114875.88 rows=202865 width=8) (actual time=1276.218..2361.232 rows=218781 loops=1)
              Hash Cond: (mi_idx.movie_id = t.id)
              ->  Seq Scan on movie_info_idx mi_idx  (cost=0.00..21735.35 rows=1380035 width=4) (actual time=0.014..442.063 rows=1380035 loops=1)
              ->  Hash  (cost=67604.59..67604.59 rows=371693 width=4) (actual time=1272.855..1272.855 rows=366430 loops=1)
                    Buckets: 131072  Batches: 8  Memory Usage: 2627kB
                    ->  Seq Scan on title t  (cost=0.00..67604.59 rows=371693 width=4) (actual time=0.030..1154.972 rows=366430 loops=1)
                          Filter: (production_year < 1970)
                          Rows Removed by Filter: 2161882
Planning time: 1.167 ms
Execution time: 4703.483 ms
