Hash Join  (cost=138117.12..512500.18 rows=1258 width=0) (actual time=1414.492..8212.382 rows=4613 loops=1)
  Hash Cond: (mi.movie_id = t.id)
  ->  Seq Scan on movie_info mi  (cost=0.00..346232.03 rows=7503588 width=4) (actual time=0.010..5736.512 rows=7548855 loops=1)
        Filter: (info_type_id > 7)
        Rows Removed by Filter: 7286865
  ->  Hash  (cost=138111.83..138111.83 rows=424 width=8) (actual time=1381.898..1381.898 rows=421 loops=1)
        Buckets: 1024  Batches: 1  Memory Usage: 25kB
        ->  Nested Loop  (cost=0.43..138111.83 rows=424 width=8) (actual time=0.343..1381.442 rows=421 loops=1)
              ->  Seq Scan on movie_keyword mk  (cost=0.00..81003.12 rows=8445 width=4) (actual time=0.050..1224.043 rows=7552 loops=1)
                    Filter: (keyword_id = 910)
                    Rows Removed by Filter: 4516378
              ->  Index Scan using title_pkey on title t  (cost=0.43..6.75 rows=1 width=4) (actual time=0.020..0.020 rows=0 loops=7552)
                    Index Cond: (id = mk.movie_id)
                    Filter: (production_year = 2008)
                    Rows Removed by Filter: 1
Planning time: 3.585 ms
Execution time: 8213.485 ms
