Hash Join  (cost=75733.69..142922.35 rows=55736 width=0) (actual time=1443.823..2678.777 rows=278436 loops=1)
  Hash Cond: (mc.movie_id = t.id)
  ->  Seq Scan on movie_companies mc  (cost=0.00..51404.11 rows=1279517 width=4) (actual time=102.574..817.056 rows=1274246 loops=1)
        Filter: (company_type_id = 1)
        Rows Removed by Filter: 1334883
  ->  Hash  (cost=73925.90..73925.90 rows=110143 width=4) (actual time=1053.058..1053.058 rows=239899 loops=1)
        Buckets: 131072 (originally 131072)  Batches: 4 (originally 2)  Memory Usage: 3134kB
        ->  Seq Scan on title t  (cost=0.00..73925.90 rows=110143 width=4) (actual time=269.203..967.129 rows=239899 loops=1)
              Filter: ((production_year < 1973) AND (kind_id = 1))
              Rows Removed by Filter: 2288413
Planning time: 0.766 ms
Execution time: 2710.135 ms
