Hash Join  (cost=282897.73..934794.48 rows=14401590 width=0) (actual time=6476.516..42379.234 rows=111074504 loops=1)
  Hash Cond: (mi.movie_id = t.id)
  ->  Seq Scan on movie_info mi  (cost=0.00..309384.22 rows=14739122 width=4) (actual time=0.014..6311.892 rows=14835720 loops=1)
  ->  Hash  (cost=242363.94..242363.94 rows=2470623 width=8) (actual time=6474.823..6474.823 rows=1970380 loops=1)
        Buckets: 131072  Batches: 64  Memory Usage: 2321kB
        ->  Hash Join  (cost=90260.67..242363.94 rows=2470623 width=8) (actual time=1668.367..5912.377 rows=1970380 loops=1)
              Hash Cond: (mk.movie_id = t.id)
              ->  Seq Scan on movie_keyword mk  (cost=0.00..69693.30 rows=4523930 width=4) (actual time=0.017..1543.326 rows=4523930 loops=1)
              ->  Hash  (cost=67604.59..67604.59 rows=1380887 width=4) (actual time=1667.124..1667.124 rows=1381453 loops=1)
                    Buckets: 131072  Batches: 32  Memory Usage: 2551kB
                    ->  Seq Scan on title t  (cost=0.00..67604.59 rows=1380887 width=4) (actual time=0.014..1207.584 rows=1381453 loops=1)
                          Filter: (production_year > 2000)
                          Rows Removed by Filter: 1146859
Planning time: 0.867 ms
Execution time: 53715.700 ms
