Seq Scan on movie_keyword mk  (cost=0.00..81003.12 rows=2831292 width=0) (actual time=0.024..1519.601 rows=2823825 loops=1)
  Filter: (keyword_id > 2650)
  Rows Removed by Filter: 1700105
Planning time: 0.290 ms
Execution time: 1867.918 ms
