Hash Join  (cost=140519.08..227493.96 rows=31684 width=0) (actual time=3696.239..4092.763 rows=15602 loops=1)
  Hash Cond: (mk.movie_id = t.id)
  ->  Seq Scan on movie_keyword mk  (cost=0.00..69693.30 rows=4523930 width=4) (actual time=0.021..976.807 rows=4523930 loops=1)
  ->  Hash  (cost=140297.72..140297.72 rows=17709 width=8) (actual time=2304.167..2304.167 rows=6689 loops=1)
        Buckets: 32768  Batches: 1  Memory Usage: 518kB
        ->  Hash Join  (cost=75195.76..140297.72 rows=17709 width=8) (actual time=1157.941..2301.155 rows=6689 loops=1)
              Hash Cond: (mc.movie_id = t.id)
              ->  Seq Scan on movie_companies mc  (cost=0.00..57926.93 rows=578917 width=4) (actual time=0.171..989.918 rows=366653 loops=1)
                    Filter: ((company_id < 8304) AND (company_type_id = 2))
                    Rows Removed by Filter: 2242476
              ->  Hash  (cost=73925.90..73925.90 rows=77348 width=4) (actual time=1156.134..1156.134 rows=84109 loops=1)
                    Buckets: 131072  Batches: 2  Memory Usage: 2509kB
                    ->  Seq Scan on title t  (cost=0.00..73925.90 rows=77348 width=4) (actual time=0.010..1124.960 rows=84109 loops=1)
                          Filter: ((kind_id = 7) AND (production_year = 2008))
                          Rows Removed by Filter: 2444203
Planning time: 0.837 ms
Execution time: 4095.050 ms
