Seq Scan on movie_companies mc  (cost=0.00..51404.11 rows=1486619 width=0) (actual time=0.021..987.054 rows=1475634 loops=1)
  Filter: (company_id < 13508)
  Rows Removed by Filter: 1133495
Planning time: 0.338 ms
Execution time: 1167.605 ms
