Seq Scan on cast_info ci  (cost=0.00..796071.18 rows=4573161 width=0) (actual time=4464.596..16510.612 rows=3852027 loops=1)
  Filter: ((person_id < 3910773) AND (role_id > 9))
  Rows Removed by Filter: 32392317
Planning time: 0.366 ms
Execution time: 17011.359 ms
