Seq Scan on movie_companies mc  (cost=0.00..51404.11 rows=1015009 width=0) (actual time=0.020..898.467 rows=1015124 loops=1)
  Filter: (company_id < 5201)
  Rows Removed by Filter: 1594005
Planning time: 0.305 ms
Execution time: 1026.356 ms
