Hash Join  (cost=89532.49..243312.53 rows=1695363 width=0) (actual time=1559.727..6553.070 rows=3842733 loops=1)
  Hash Cond: (mk.movie_id = t.id)
  ->  Seq Scan on movie_keyword mk  (cost=0.00..81003.12 rows=4506475 width=4) (actual time=0.023..1926.664 rows=4509552 loops=1)
        Filter: (keyword_id < 121623)
        Rows Removed by Filter: 14378
  ->  Hash  (cost=73925.90..73925.90 rows=951247 width=4) (actual time=1556.762..1556.762 rows=953271 loops=1)
        Buckets: 131072  Batches: 16  Memory Usage: 3127kB
        ->  Seq Scan on title t  (cost=0.00..73925.90 rows=951247 width=4) (actual time=0.011..1261.827 rows=953271 loops=1)
              Filter: ((kind_id < 7) AND (production_year > 1909))
              Rows Removed by Filter: 1575041
Planning time: 0.733 ms
Execution time: 6968.978 ms
