Hash Join  (cost=210878.87..684939.04 rows=580659 width=0) (actual time=4357.387..14811.426 rows=2178163 loops=1)
  Hash Cond: (mi.movie_id = t.id)
  ->  Seq Scan on movie_info mi  (cost=0.00..346232.03 rows=9476311 width=4) (actual time=170.219..6682.388 rows=9565151 loops=1)
        Filter: (info_type_id < 16)
        Rows Removed by Filter: 5270569
  ->  Hash  (cost=208336.19..208336.19 rows=154935 width=8) (actual time=4174.255..4174.255 rows=103976 loops=1)
        Buckets: 131072  Batches: 4  Memory Usage: 2021kB
        ->  Hash Join  (cost=75411.94..208336.19 rows=154935 width=8) (actual time=1143.905..4134.636 rows=103976 loops=1)
              Hash Cond: (mk.movie_id = t.id)
              ->  Seq Scan on movie_keyword mk  (cost=0.00..81003.12 rows=4325805 width=4) (actual time=0.029..1741.812 rows=4323290 loops=1)
                    Filter: (keyword_id < 68593)
                    Rows Removed by Filter: 200640
              ->  Hash  (cost=73925.90..73925.90 rows=90563 width=4) (actual time=1142.397..1142.397 rows=80990 loops=1)
                    Buckets: 131072  Batches: 2  Memory Usage: 2456kB
                    ->  Seq Scan on title t  (cost=0.00..73925.90 rows=90563 width=4) (actual time=0.133..1110.370 rows=80990 loops=1)
                          Filter: ((kind_id < 7) AND (production_year > 2011))
                          Rows Removed by Filter: 2447322
Planning time: 1.117 ms
Execution time: 15031.437 ms
