Seq Scan on movie_companies mc  (cost=0.00..57926.93 rows=673946 width=0) (actual time=0.023..959.178 rows=450232 loops=1)
  Filter: ((company_id > 11138) AND (company_type_id = 1))
  Rows Removed by Filter: 2158897
Planning time: 0.393 ms
Execution time: 1016.280 ms
