Hash Join  (cost=222246.44..757924.64 rows=4115192 width=0) (actual time=4859.404..17310.853 rows=1426377 loops=1)
  Hash Cond: (mi.movie_id = t.id)
  ->  Seq Scan on movie_info mi  (cost=0.00..346232.03 rows=12545135 width=4) (actual time=721.967..7266.451 rows=12601870 loops=1)
        Filter: (info_type_id < 17)
        Rows Removed by Filter: 2233850
  ->  Hash  (cost=208638.51..208638.51 rows=829435 width=8) (actual time=4134.000..4134.000 rows=169723 loops=1)
        Buckets: 131072  Batches: 16  Memory Usage: 1437kB
        ->  Hash Join  (cost=88391.98..208638.51 rows=829435 width=8) (actual time=1499.644..4094.890 rows=169723 loops=1)
              Hash Cond: (mk.movie_id = t.id)
              ->  Seq Scan on movie_keyword mk  (cost=0.00..81003.12 rows=2378680 width=4) (actual time=0.029..1554.132 rows=2379807 loops=1)
                    Filter: (keyword_id < 5454)
                    Rows Removed by Filter: 2144123
              ->  Hash  (cost=73925.90..73925.90 rows=881686 width=4) (actual time=1498.559..1498.559 rows=801513 loops=1)
                    Buckets: 131072  Batches: 16  Memory Usage: 2792kB
                    ->  Seq Scan on title t  (cost=0.00..73925.90 rows=881686 width=4) (actual time=0.023..1245.138 rows=801513 loops=1)
                          Filter: ((production_year < 2006) AND (kind_id = 7))
                          Rows Removed by Filter: 1726799
Planning time: 0.902 ms
Execution time: 17487.998 ms
