Seq Scan on movie_keyword mk  (cost=0.00..81003.12 rows=2737658 width=0) (actual time=0.017..1700.478 rows=2727645 loops=1)
  Filter: (keyword_id > 2903)
  Rows Removed by Filter: 1796285
Planning time: 0.225 ms
Execution time: 2052.570 ms
