Hash Join  (cost=423284.59..1225398.19 rows=931 width=0) (actual time=6598.471..19107.134 rows=2395 loops=1)
  Hash Cond: (ci.movie_id = t.id)
  ->  Seq Scan on cast_info ci  (cost=0.00..796071.18 rows=1608829 width=4) (actual time=0.015..11965.577 rows=4360797 loops=1)
        Filter: ((person_id > 2713942) AND (role_id > 8))
        Rows Removed by Filter: 31883547
  ->  Hash  (cost=423266.30..423266.30 rows=1463 width=8) (actual time=6594.473..6594.473 rows=1417 loops=1)
        Buckets: 2048  Batches: 1  Memory Usage: 72kB
        ->  Hash Join  (cost=73983.02..423266.30 rows=1463 width=8) (actual time=5370.458..6593.879 rows=1417 loops=1)
              Hash Cond: (mi.movie_id = t.id)
              ->  Seq Scan on movie_info mi  (cost=0.00..346232.03 rows=809768 width=4) (actual time=4060.685..5141.433 rows=802140 loops=1)
                    Filter: (info_type_id < 2)
                    Rows Removed by Filter: 14033580
              ->  Hash  (cost=73925.90..73925.90 rows=4569 width=4) (actual time=1307.164..1307.164 rows=7863 loops=1)
                    Buckets: 8192  Batches: 1  Memory Usage: 341kB
                    ->  Seq Scan on title t  (cost=0.00..73925.90 rows=4569 width=4) (actual time=1.080..1303.147 rows=7863 loops=1)
                          Filter: ((kind_id > 4) AND (production_year = 1974))
                          Rows Removed by Filter: 2520449
Planning time: 1.241 ms
Execution time: 19107.731 ms
