Hash Join  (cost=102767.86..1012789.12 rows=4325051 width=0) (actual time=6887.918..19171.115 rows=3269374 loops=1)
  Hash Cond: (ci.movie_id = t.id)
  ->  Seq Scan on cast_info ci  (cost=0.00..796071.18 rows=4325051 width=4) (actual time=4960.839..14458.014 rows=3269374 loops=1)
        Filter: ((person_id < 2157913) AND (role_id = 2))
        Rows Removed by Filter: 32974970
  ->  Hash  (cost=61283.27..61283.27 rows=2528527 width=4) (actual time=1925.641..1925.641 rows=2528312 loops=1)
        Buckets: 131072  Batches: 64  Memory Usage: 2415kB
        ->  Seq Scan on title t  (cost=0.00..61283.27 rows=2528527 width=4) (actual time=0.021..1090.966 rows=2528312 loops=1)
Planning time: 0.786 ms
Execution time: 19519.904 ms
