Hash Join  (cost=130062.66..482367.98 rows=26056 width=0) (actual time=6385.721..8342.880 rows=1276 loops=1)
  Hash Cond: (mi.movie_id = t.id)
  ->  Seq Scan on movie_info mi  (cost=0.00..346232.03 rows=1550064 width=4) (actual time=3854.004..5533.837 rows=1533909 loops=1)
        Filter: (info_type_id = 3)
        Rows Removed by Filter: 13301811
  ->  Hash  (cost=129531.36..129531.36 rows=42504 width=8) (actual time=2529.528..2529.528 rows=14427 loops=1)
        Buckets: 65536  Batches: 1  Memory Usage: 1076kB
        ->  Hash Join  (cost=74440.79..129531.36 rows=42504 width=8) (actual time=1572.416..2524.207 rows=14427 loops=1)
              Hash Cond: (mc.movie_id = t.id)
              ->  Seq Scan on movie_companies mc  (cost=0.00..44881.29 rows=2609129 width=4) (actual time=0.029..620.678 rows=2609129 loops=1)
              ->  Hash  (cost=73925.90..73925.90 rows=41191 width=4) (actual time=1190.485..1190.485 rows=43851 loops=1)
                    Buckets: 65536  Batches: 1  Memory Usage: 2054kB
                    ->  Seq Scan on title t  (cost=0.00..73925.90 rows=41191 width=4) (actual time=0.047..1172.359 rows=43851 loops=1)
                          Filter: ((kind_id = 7) AND (production_year = 2003))
                          Rows Removed by Filter: 2484461
Planning time: 1.186 ms
Execution time: 8343.489 ms
