Hash Join  (cost=97102.97..1004568.96 rows=3724986 width=0) (actual time=6562.400..23346.240 rows=5972109 loops=1)
  Hash Cond: (ci.movie_id = t.id)
  ->  Seq Scan on cast_info ci  (cost=0.00..796071.18 rows=5238590 width=4) (actual time=4035.505..14300.362 rows=7264468 loops=1)
        Filter: ((person_id > 1590516) AND (role_id > 4))
        Rows Removed by Filter: 28979876
  ->  Hash  (cost=67604.59..67604.59 rows=1797951 width=4) (actual time=2525.785..2525.785 rows=1793384 loops=1)
        Buckets: 131072  Batches: 32  Memory Usage: 2998kB
        ->  Seq Scan on title t  (cost=0.00..67604.59 rows=1797951 width=4) (actual time=0.026..1305.540 rows=1793384 loops=1)
              Filter: (production_year > 1988)
              Rows Removed by Filter: 734928
Planning time: 0.848 ms
Execution time: 24029.377 ms
