Seq Scan on movie_keyword mk  (cost=0.00..81003.12 rows=3830786 width=0) (actual time=0.023..1607.026 rows=3825120 loops=1)
  Filter: (keyword_id < 26993)
  Rows Removed by Filter: 698810
Planning time: 0.394 ms
Execution time: 2096.839 ms
