Nested Loop  (cost=0.43..83072.29 rows=150 width=0) (actual time=1012.272..1247.892 rows=2 loops=1)
  ->  Seq Scan on movie_keyword mk  (cost=0.00..81003.12 rows=246 width=4) (actual time=785.102..1247.763 rows=3 loops=1)
        Filter: (keyword_id = 49481)
        Rows Removed by Filter: 4523927
  ->  Index Scan using title_pkey on title t  (cost=0.43..8.40 rows=1 width=4) (actual time=0.038..0.038 rows=1 loops=3)
        Index Cond: (id = mk.movie_id)
        Filter: (kind_id = 7)
        Rows Removed by Filter: 0
Planning time: 0.773 ms
Execution time: 1248.000 ms
