Hash Join  (cost=100882.53..466740.48 rows=120202 width=0) (actual time=1875.383..10015.351 rows=286784 loops=1)
  Hash Cond: (mi.movie_id = t.id)
  ->  Seq Scan on movie_info mi  (cost=0.00..309384.22 rows=14739122 width=4) (actual time=0.012..4454.445 rows=14835720 loops=1)
  ->  Hash  (cost=100624.76..100624.76 rows=20621 width=8) (actual time=1875.113..1875.113 rows=19339 loops=1)
        Buckets: 32768  Batches: 1  Memory Usage: 1012kB
        ->  Hash Join  (cost=69460.45..100624.76 rows=20621 width=8) (actual time=1154.346..1867.178 rows=19339 loops=1)
              Hash Cond: (mi_idx.movie_id = t.id)
              ->  Seq Scan on movie_info_idx mi_idx  (cost=0.00..25185.44 rows=460978 width=4) (actual time=0.010..502.752 rows=459925 loops=1)
                    Filter: (info_type_id < 100)
                    Rows Removed by Filter: 920110
              ->  Hash  (cost=67604.59..67604.59 rows=113109 width=4) (actual time=1153.557..1153.557 rows=119565 loops=1)
                    Buckets: 131072  Batches: 2  Memory Usage: 3115kB
                    ->  Seq Scan on title t  (cost=0.00..67604.59 rows=113109 width=4) (actual time=0.027..1109.324 rows=119565 loops=1)
                          Filter: (production_year = 2007)
                          Rows Removed by Filter: 2408747
Planning time: 1.259 ms
Execution time: 10058.822 ms
