Nested Loop  (cost=0.43..58375.18 rows=53 width=0) (actual time=133.575..981.211 rows=4 loops=1)
  ->  Seq Scan on movie_companies mc  (cost=0.00..57926.93 rows=53 width=4) (actual time=133.479..980.984 rows=4 loops=1)
        Filter: ((company_type_id > 1) AND (company_id = 5495))
        Rows Removed by Filter: 2609125
  ->  Index Only Scan using title_pkey on title t  (cost=0.43..8.45 rows=1 width=4) (actual time=0.047..0.048 rows=1 loops=4)
        Index Cond: (id = mc.movie_id)
        Heap Fetches: 4
Planning time: 0.786 ms
Execution time: 981.281 ms
