Hash Join  (cost=163577.85..1248590.43 rows=4984941 width=0) (actual time=3372.379..39267.960 rows=23916276 loops=1)
  Hash Cond: (ci.movie_id = t.id)
  ->  Seq Scan on cast_info ci  (cost=0.00..614943.12 rows=36225612 width=4) (actual time=0.020..13386.947 rows=36244344 loops=1)
  ->  Hash  (cost=157868.53..157868.53 rows=347946 width=8) (actual time=3371.588..3371.588 rows=399813 loops=1)
        Buckets: 131072  Batches: 8  Memory Usage: 2980kB
        ->  Hash Join  (cost=83958.69..157868.53 rows=347946 width=8) (actual time=1450.627..3255.412 rows=399813 loops=1)
              Hash Cond: (mc.movie_id = t.id)
              ->  Seq Scan on movie_companies mc  (cost=0.00..51404.11 rows=1438737 width=4) (actual time=0.022..945.382 rows=1430279 loops=1)
                    Filter: (company_id < 12651)
                    Rows Removed by Filter: 1178850
              ->  Hash  (cost=73925.90..73925.90 rows=611503 width=4) (actual time=1449.553..1449.553 rows=511129 loops=1)
                    Buckets: 131072  Batches: 8  Memory Usage: 3286kB
                    ->  Seq Scan on title t  (cost=0.00..73925.90 rows=611503 width=4) (actual time=456.832..1311.314 rows=511129 loops=1)
                          Filter: ((production_year > 1941) AND (kind_id = 1))
                          Rows Removed by Filter: 2017183
Planning time: 1.143 ms
Execution time: 42002.824 ms
