Hash Join  (cost=125550.54..475657.22 rows=2020 width=0) (actual time=5387.389..7999.384 rows=20954 loops=1)
  Hash Cond: (mi.movie_id = t.id)
  ->  Seq Scan on movie_info mi  (cost=0.00..346232.03 rows=1027854 width=4) (actual time=2943.138..5407.818 rows=1083166 loops=1)
        Filter: (info_type_id > 70)
        Rows Removed by Filter: 13752554
  ->  Hash  (cost=125488.42..125488.42 rows=4970 width=8) (actual time=2406.341..2406.341 rows=9988 loops=1)
        Buckets: 16384 (originally 8192)  Batches: 1 (originally 1)  Memory Usage: 519kB
        ->  Hash Join  (cost=67697.55..125488.42 rows=4970 width=8) (actual time=1092.706..2401.414 rows=9988 loops=1)
              Hash Cond: (mc.movie_id = t.id)
              ->  Seq Scan on movie_companies mc  (cost=0.00..51404.11 rows=1689881 width=4) (actual time=0.023..953.957 rows=1688102 loops=1)
                    Filter: (company_id > 3139)
                    Rows Removed by Filter: 921027
              ->  Hash  (cost=67604.59..67604.59 rows=7437 width=4) (actual time=1083.474..1083.474 rows=14235 loops=1)
                    Buckets: 16384 (originally 8192)  Batches: 1 (originally 1)  Memory Usage: 629kB
                    ->  Seq Scan on title t  (cost=0.00..67604.59 rows=7437 width=4) (actual time=0.064..1076.427 rows=14235 loops=1)
                          Filter: (production_year = 1968)
                          Rows Removed by Filter: 2514077
Planning time: 1.209 ms
Execution time: 8002.256 ms
