Seq Scan on movie_companies mc  (cost=0.00..57926.93 rows=1119882 width=0) (actual time=0.014..1162.196 rows=1238199 loops=1)
  Filter: ((company_id > 272) AND (company_type_id > 1))
  Rows Removed by Filter: 1370930
Planning time: 10.751 ms
Execution time: 1321.623 ms
