Hash Join  (cost=86650.76..1232671.84 rows=9172421 width=0) (actual time=1596.192..35877.532 rows=11003716 loops=1)
  Hash Cond: (ci.movie_id = t.id)
  ->  Seq Scan on cast_info ci  (cost=0.00..705507.15 rows=29903394 width=4) (actual time=0.025..15316.148 rows=30018538 loops=1)
        Filter: (person_id > 599631)
        Rows Removed by Filter: 6225806
  ->  Hash  (cost=73925.90..73925.90 rows=775588 width=4) (actual time=1595.150..1595.150 rows=838642 loops=1)
        Buckets: 131072  Batches: 16  Memory Usage: 2873kB
        ->  Seq Scan on title t  (cost=0.00..73925.90 rows=775588 width=4) (actual time=0.024..1321.892 rows=838642 loops=1)
              Filter: ((kind_id > 2) AND (production_year > 2004))
              Rows Removed by Filter: 1689670
Planning time: 3.174 ms
Execution time: 37097.394 ms
