Seq Scan on movie_keyword mk  (cost=0.00..81003.12 rows=1970974 width=0) (actual time=0.032..1559.143 rows=1974983 loops=1)
  Filter: (keyword_id < 3469)
  Rows Removed by Filter: 2548947
Planning time: 0.319 ms
Execution time: 1809.501 ms
