Seq Scan on movie_companies mc  (cost=0.00..57926.93 rows=23202 width=0) (actual time=142.862..829.081 rows=42064 loops=1)
  Filter: ((company_id = 19) AND (company_type_id = 1))
  Rows Removed by Filter: 2567065
Planning time: 0.460 ms
Execution time: 834.831 ms
