Hash Join  (cost=84571.72..224989.46 rows=1033090 width=0) (actual time=1627.346..6152.098 rows=2598694 loops=1)
  Hash Cond: (mk.movie_id = t.id)
  ->  Seq Scan on movie_keyword mk  (cost=0.00..81003.12 rows=4025792 width=4) (actual time=0.026..1998.510 rows=4021945 loops=1)
        Filter: (keyword_id > 359)
        Rows Removed by Filter: 501985
  ->  Hash  (cost=73925.90..73925.90 rows=648865 width=4) (actual time=1626.204..1626.204 rows=656311 loops=1)
        Buckets: 131072  Batches: 16  Memory Usage: 2471kB
        ->  Seq Scan on title t  (cost=0.00..73925.90 rows=648865 width=4) (actual time=1.261..1417.910 rows=656311 loops=1)
              Filter: ((production_year > 0) AND (kind_id = 1))
              Rows Removed by Filter: 1872001
Planning time: 0.482 ms
Execution time: 6466.346 ms
