Hash Join  (cost=201471.67..728764.52 rows=4450392 width=0) (actual time=4593.143..27284.868 rows=41305897 loops=1)
  Hash Cond: (mi.movie_id = t.id)
  ->  Seq Scan on movie_info mi  (cost=0.00..309384.22 rows=14739122 width=4) (actual time=0.010..6162.382 rows=14835720 loops=1)
  ->  Hash  (cost=188945.24..188945.24 rows=763474 width=8) (actual time=4592.222..4592.222 rows=1050276 loops=1)
        Buckets: 131072  Batches: 16  Memory Usage: 3638kB
        ->  Hash Join  (cost=102767.86..188945.24 rows=763474 width=8) (actual time=1906.254..4276.395 rows=1050276 loops=1)
              Hash Cond: (mc.movie_id = t.id)
              ->  Seq Scan on movie_companies mc  (cost=0.00..57926.93 rows=763474 width=4) (actual time=0.026..1121.565 rows=1050276 loops=1)
                    Filter: ((company_id < 14682) AND (company_type_id = 1))
                    Rows Removed by Filter: 1558853
              ->  Hash  (cost=61283.27..61283.27 rows=2528527 width=4) (actual time=1904.995..1904.995 rows=2528312 loops=1)
                    Buckets: 131072  Batches: 64  Memory Usage: 2415kB
                    ->  Seq Scan on title t  (cost=0.00..61283.27 rows=2528527 width=4) (actual time=0.012..1055.307 rows=2528312 loops=1)
Planning time: 1.147 ms
Execution time: 31705.392 ms
