Hash Join  (cost=213764.62..256111.84 rows=271273 width=0) (actual time=4341.787..5680.566 rows=1153258 loops=1)
  Hash Cond: (mi_idx.movie_id = t.id)
  ->  Seq Scan on movie_info_idx mi_idx  (cost=0.00..21735.35 rows=1380035 width=4) (actual time=0.034..422.963 rows=1380035 loops=1)
  ->  Hash  (cost=205609.74..205609.74 rows=497031 width=8) (actual time=4340.834..4340.834 rows=490785 loops=1)
        Buckets: 131072  Batches: 8  Memory Usage: 3449kB
        ->  Hash Join  (cost=102767.86..205609.74 rows=497031 width=8) (actual time=2029.213..4185.720 rows=490785 loops=1)
              Hash Cond: (mk.movie_id = t.id)
              ->  Seq Scan on movie_keyword mk  (cost=0.00..81003.12 rows=497031 width=4) (actual time=0.018..1305.548 rows=490785 loops=1)
                    Filter: (keyword_id > 36668)
                    Rows Removed by Filter: 4033145
              ->  Hash  (cost=61283.27..61283.27 rows=2528527 width=4) (actual time=2026.514..2026.514 rows=2528312 loops=1)
                    Buckets: 131072  Batches: 64  Memory Usage: 2425kB
                    ->  Seq Scan on title t  (cost=0.00..61283.27 rows=2528527 width=4) (actual time=0.013..1179.931 rows=2528312 loops=1)
Planning time: 1.196 ms
Execution time: 5812.994 ms
