Hash Join  (cost=76192.15..118786.30 rows=285667 width=0) (actual time=1304.984..2375.638 rows=328739 loops=1)
  Hash Cond: (mi_idx.movie_id = t.id)
  ->  Seq Scan on movie_info_idx mi_idx  (cost=0.00..21735.35 rows=1380035 width=4) (actual time=0.021..389.356 rows=1380035 loops=1)
  ->  Hash  (cost=67604.59..67604.59 rows=523405 width=4) (actual time=1304.130..1304.130 rows=523734 loops=1)
        Buckets: 131072  Batches: 8  Memory Usage: 3319kB
        ->  Seq Scan on title t  (cost=0.00..67604.59 rows=523405 width=4) (actual time=0.009..1126.921 rows=523734 loops=1)
              Filter: (production_year < 1981)
              Rows Removed by Filter: 2004578
Planning time: 0.778 ms
Execution time: 2408.092 ms
