Hash Join  (cost=136582.49..876217.98 rows=3488 width=0) (actual time=2108.481..15344.620 rows=11240 loops=1)
  Hash Cond: (ci.movie_id = t.id)
  ->  Seq Scan on cast_info ci  (cost=0.00..705507.15 rows=9091589 width=4) (actual time=0.028..11490.756 rows=9095105 loops=1)
        Filter: (person_id > 2788424)
        Rows Removed by Filter: 27149239
  ->  Hash  (cost=136570.37..136570.37 rows=970 width=8) (actual time=2106.292..2106.292 rows=2621 loops=1)
        Buckets: 4096 (originally 1024)  Batches: 1 (originally 1)  Memory Usage: 135kB
        ->  Hash Join  (cost=73950.44..136570.37 rows=970 width=8) (actual time=1094.677..2104.964 rows=2621 loops=1)
              Hash Cond: (mc.movie_id = t.id)
              ->  Seq Scan on movie_companies mc  (cost=0.00..57926.93 rows=1248877 width=4) (actual time=20.490..1131.994 rows=1177950 loops=1)
                    Filter: ((company_id < 129106) AND (company_type_id = 2))
                    Rows Removed by Filter: 1431179
              ->  Hash  (cost=73925.90..73925.90 rows=1963 width=4) (actual time=778.218..778.218 rows=3338 loops=1)
                    Buckets: 4096 (originally 2048)  Batches: 1 (originally 1)  Memory Usage: 150kB
                    ->  Seq Scan on title t  (cost=0.00..73925.90 rows=1963 width=4) (actual time=57.631..776.550 rows=3338 loops=1)
                          Filter: ((kind_id = 1) AND (production_year = 1962))
                          Rows Removed by Filter: 2524974
Planning time: 1.462 ms
Execution time: 15347.472 ms
