Hash Join  (cost=68426.36..123770.27 rows=67838 width=0) (actual time=1272.757..2676.206 rows=47312 loops=1)
  Hash Cond: (mc.movie_id = t.id)
  ->  Seq Scan on movie_companies mc  (cost=0.00..44881.29 rows=2609129 width=4) (actual time=0.019..669.450 rows=2609129 loops=1)
  ->  Hash  (cost=67604.59..67604.59 rows=65742 width=4) (actual time=1272.031..1272.031 rows=63827 loops=1)
        Buckets: 131072  Batches: 1  Memory Usage: 3268kB
        ->  Seq Scan on title t  (cost=0.00..67604.59 rows=65742 width=4) (actual time=0.021..1246.112 rows=63827 loops=1)
              Filter: (production_year = 2013)
              Rows Removed by Filter: 2464485
Planning time: 0.807 ms
Execution time: 2683.771 ms
