Seq Scan on movie_keyword mk  (cost=0.00..81003.12 rows=246 width=0) (actual time=1.454..1070.252 rows=915 loops=1)
  Filter: (keyword_id = 5620)
  Rows Removed by Filter: 4523015
Planning time: 0.412 ms
Execution time: 1070.641 ms
