Seq Scan on cast_info ci  (cost=0.00..705507.15 rows=29005508 width=0) (actual time=0.024..13326.327 rows=28962000 loops=1)
  Filter: (person_id < 2940869)
  Rows Removed by Filter: 7282344
Planning time: 0.335 ms
Execution time: 16931.647 ms
