Seq Scan on movie_keyword mk  (cost=0.00..81003.12 rows=1848613 width=0) (actual time=0.020..1468.106 rows=1860059 loops=1)
  Filter: (keyword_id < 3111)
  Rows Removed by Filter: 2663871
Planning time: 0.352 ms
Execution time: 1710.060 ms
