Seq Scan on movie_keyword mk  (cost=0.00..81003.12 rows=236225 width=0) (actual time=0.018..1356.300 rows=252629 loops=1)
  Filter: (keyword_id < 217)
  Rows Removed by Filter: 4271301
Planning time: 0.330 ms
Execution time: 1390.616 ms
