Hash Join  (cost=236242.47..811289.03 rows=7199173 width=0) (actual time=5975.688..35512.746 rows=75199111 loops=1)
  Hash Cond: (mi.movie_id = t.id)
  ->  Seq Scan on movie_info mi  (cost=0.00..309384.22 rows=14739122 width=4) (actual time=0.023..6067.052 rows=14835720 loops=1)
  ->  Hash  (cost=215979.55..215979.55 rows=1235033 width=8) (actual time=5974.123..5974.123 rows=1703748 loops=1)
        Buckets: 131072  Batches: 32  Memory Usage: 3155kB
        ->  Hash Join  (cost=78930.19..215979.55 rows=1235033 width=8) (actual time=1558.536..5464.112 rows=1703748 loops=1)
              Hash Cond: (mk.movie_id = t.id)
              ->  Seq Scan on movie_keyword mk  (cost=0.00..69693.30 rows=4523930 width=4) (actual time=0.013..1392.147 rows=4523930 loops=1)
              ->  Hash  (cost=67604.59..67604.59 rows=690288 width=4) (actual time=1557.647..1557.647 rows=684146 loops=1)
                    Buckets: 131072  Batches: 16  Memory Usage: 2532kB
                    ->  Seq Scan on title t  (cost=0.00..67604.59 rows=690288 width=4) (actual time=0.024..1318.936 rows=684146 loops=1)
                          Filter: (production_year < 1990)
                          Rows Removed by Filter: 1844166
Planning time: 1.191 ms
Execution time: 43428.301 ms
