Hash Join  (cost=81152.82..588355.51 rows=2567576 width=0) (actual time=1272.354..15989.445 rows=6211609 loops=1)
  Hash Cond: (mi.movie_id = t.id)
  ->  Seq Scan on movie_info mi  (cost=0.00..309384.22 rows=14739122 width=4) (actual time=0.020..6196.816 rows=14835720 loops=1)
  ->  Hash  (cost=73925.90..73925.90 rows=440473 width=4) (actual time=1271.653..1271.653 rows=473918 loops=1)
        Buckets: 131072  Batches: 8  Memory Usage: 3126kB
        ->  Seq Scan on title t  (cost=0.00..73925.90 rows=440473 width=4) (actual time=2.168..1123.433 rows=473918 loops=1)
              Filter: ((kind_id < 2) AND (production_year < 2008))
              Rows Removed by Filter: 2054394
Planning time: 0.698 ms
Execution time: 16652.592 ms
