Seq Scan on movie_companies mc  (cost=0.00..57926.93 rows=51 width=0) (actual time=340.470..936.705 rows=948 loops=1)
  Filter: ((company_type_id < 2) AND (company_id = 2995))
  Rows Removed by Filter: 2608181
Planning time: 0.443 ms
Execution time: 937.064 ms
