Seq Scan on movie_keyword mk  (cost=0.00..81003.12 rows=1522047 width=0) (actual time=0.012..1325.871 rows=1538291 loops=1)
  Filter: (keyword_id > 10322)
  Rows Removed by Filter: 2985639
Planning time: 0.290 ms
Execution time: 1512.348 ms
