Hash Join  (cost=74050.79..1073872.17 rows=2395567 width=0) (actual time=1440.497..22640.769 rows=1763610 loops=1)
  Hash Cond: (ci.movie_id = t.id)
  ->  Seq Scan on cast_info ci  (cost=0.00..796071.18 rows=15416943 width=4) (actual time=0.032..15639.983 rows=11009565 loops=1)
        Filter: ((person_id < 2425892) AND (role_id > 1))
        Rows Removed by Filter: 25234779
  ->  Hash  (cost=67604.59..67604.59 rows=392896 width=4) (actual time=1439.186..1439.186 rows=391666 loops=1)
        Buckets: 131072  Batches: 8  Memory Usage: 2753kB
        ->  Seq Scan on title t  (cost=0.00..67604.59 rows=392896 width=4) (actual time=0.016..1021.274 rows=391666 loops=1)
              Filter: (production_year > 2010)
              Rows Removed by Filter: 2136646
Planning time: 0.651 ms
Execution time: 22865.249 ms
