Seq Scan on cast_info ci  (cost=0.00..705507.15 rows=28744056 width=0) (actual time=0.016..12671.767 rows=28835250 loops=1)
  Filter: (person_id > 717034)
  Rows Removed by Filter: 7409094
Planning time: 0.272 ms
Execution time: 16186.785 ms
