Seq Scan on movie_keyword mk  (cost=0.00..81003.12 rows=246 width=0) (actual time=0.084..1109.383 rows=899 loops=1)
  Filter: (keyword_id = 2894)
  Rows Removed by Filter: 4523031
Planning time: 0.400 ms
Execution time: 1109.834 ms
