Hash Join  (cost=125875.28..194085.39 rows=113381 width=0) (actual time=2863.832..4803.591 rows=1119042 loops=1)
  Hash Cond: (mc.movie_id = t.id)
  ->  Seq Scan on movie_companies mc  (cost=0.00..51404.11 rows=1279517 width=4) (actual time=0.021..1026.580 rows=1274246 loops=1)
        Filter: (company_type_id = 1)
        Rows Removed by Filter: 1334883
  ->  Hash  (cost=122198.54..122198.54 rows=224059 width=8) (actual time=2862.914..2862.914 rows=478281 loops=1)
        Buckets: 131072 (originally 131072)  Batches: 8 (originally 4)  Memory Usage: 3374kB
        ->  Hash Join  (cost=80661.47..122198.54 rows=224059 width=8) (actual time=1421.755..2713.191 rows=478281 loops=1)
              Hash Cond: (mi_idx.movie_id = t.id)
              ->  Seq Scan on movie_info_idx mi_idx  (cost=0.00..21735.35 rows=1380035 width=4) (actual time=0.021..453.684 rows=1380035 loops=1)
              ->  Hash  (cost=73925.90..73925.90 rows=410525 width=4) (actual time=1420.941..1420.941 rows=456146 loops=1)
                    Buckets: 131072  Batches: 8  Memory Usage: 3040kB
                    ->  Seq Scan on title t  (cost=0.00..73925.90 rows=410525 width=4) (actual time=672.804..1279.998 rows=456146 loops=1)
                          Filter: ((production_year < 2007) AND (kind_id = 1))
                          Rows Removed by Filter: 2072166
Planning time: 1.201 ms
Execution time: 4933.088 ms
