Seq Scan on movie_keyword mk  (cost=0.00..81003.12 rows=246 width=0) (actual time=51.195..1201.818 rows=163 loops=1)
  Filter: (keyword_id = 22076)
  Rows Removed by Filter: 4523767
Planning time: 0.383 ms
Execution time: 1202.007 ms
