Seq Scan on movie_companies mc  (cost=0.00..57926.93 rows=857343 width=0) (actual time=297.907..1051.198 rows=669326 loops=1)
  Filter: ((company_id > 2435) AND (company_type_id < 2))
  Rows Removed by Filter: 1939803
Planning time: 0.348 ms
Execution time: 1144.101 ms
