Hash Join  (cost=849781.94..923722.91 rows=410981 width=0) (actual time=14669.105..16412.686 rows=1061350 loops=1)
  Hash Cond: (mc.movie_id = t.id)
  ->  Seq Scan on movie_companies mc  (cost=0.00..51404.11 rows=1329612 width=4) (actual time=271.807..965.888 rows=1334883 loops=1)
        Filter: (company_type_id = 2)
        Rows Removed by Filter: 1274246
  ->  Hash  (cost=836959.41..836959.41 rows=781563 width=8) (actual time=14396.175..14396.175 rows=814401 loops=1)
        Buckets: 131072  Batches: 16  Memory Usage: 2992kB
        ->  Hash Join  (cost=102767.86..836959.41 rows=781563 width=8) (actual time=9206.974..14152.882 rows=814401 loops=1)
              Hash Cond: (ci.movie_id = t.id)
              ->  Seq Scan on cast_info ci  (cost=0.00..705507.15 rows=781563 width=4) (actual time=7323.219..11150.739 rows=814401 loops=1)
                    Filter: (person_id > 3905841)
                    Rows Removed by Filter: 35429943
              ->  Hash  (cost=61283.27..61283.27 rows=2528527 width=4) (actual time=1881.014..1881.014 rows=2528312 loops=1)
                    Buckets: 131072  Batches: 64  Memory Usage: 2415kB
                    ->  Seq Scan on title t  (cost=0.00..61283.27 rows=2528527 width=4) (actual time=0.019..1018.743 rows=2528312 loops=1)
Planning time: 1.748 ms
Execution time: 16537.946 ms
