Seq Scan on title t  (cost=0.00..73925.90 rows=112601 width=0) (actual time=0.080..1338.540 rows=212417 loops=1)
  Filter: ((kind_id < 7) AND (production_year < 1964))
  Rows Removed by Filter: 2315895
Planning time: 0.328 ms
Execution time: 1365.162 ms
