Seq Scan on movie_keyword mk  (cost=0.00..81003.12 rows=246 width=0) (actual time=0.743..1350.276 rows=1043 loops=1)
  Filter: (keyword_id = 11078)
  Rows Removed by Filter: 4522887
Planning time: 0.408 ms
Execution time: 1350.739 ms
