Hash Join  (cost=102767.86..1410175.17 rows=24603456 width=0) (actual time=1995.929..39494.806 rows=24586151 loops=1)
  Hash Cond: (ci.movie_id = t.id)
  ->  Seq Scan on cast_info ci  (cost=0.00..705507.15 rows=24603456 width=4) (actual time=0.021..15794.568 rows=24586151 loops=1)
        Filter: (person_id < 2527886)
        Rows Removed by Filter: 11658193
  ->  Hash  (cost=61283.27..61283.27 rows=2528527 width=4) (actual time=1993.853..1993.853 rows=2528312 loops=1)
        Buckets: 131072  Batches: 64  Memory Usage: 2415kB
        ->  Seq Scan on title t  (cost=0.00..61283.27 rows=2528527 width=4) (actual time=0.004..1137.198 rows=2528312 loops=1)
Planning time: 0.771 ms
Execution time: 42270.839 ms
