Seq Scan on movie_companies mc  (cost=0.00..57926.93 rows=53 width=0) (actual time=168.315..817.573 rows=108 loops=1)
  Filter: ((company_id = 2731) AND (company_type_id = 2))
  Rows Removed by Filter: 2609021
Planning time: 0.397 ms
Execution time: 817.705 ms
