Seq Scan on movie_info mi  (cost=0.00..346232.03 rows=17937 width=0) (actual time=4232.458..5354.072 rows=6590 loops=1)
  Filter: (info_type_id = 71)
  Rows Removed by Filter: 14829130
Planning time: 0.375 ms
Execution time: 5355.178 ms
