Hash Join  (cost=78556.72..887812.87 rows=1880018 width=0) (actual time=1431.018..17874.554 rows=2139526 loops=1)
  Hash Cond: (ci.movie_id = t.id)
  ->  Seq Scan on cast_info ci  (cost=0.00..705507.15 rows=7121283 width=4) (actual time=127.461..12266.615 rows=7189241 loops=1)
        Filter: (person_id > 2949113)
        Rows Removed by Filter: 29055103
  ->  Hash  (cost=67604.59..67604.59 rows=667531 width=4) (actual time=1302.073..1302.073 rows=662825 loops=1)
        Buckets: 131072  Batches: 16  Memory Usage: 2476kB
        ->  Seq Scan on title t  (cost=0.00..67604.59 rows=667531 width=4) (actual time=17.864..1088.646 rows=662825 loops=1)
              Filter: (kind_id = 1)
              Rows Removed by Filter: 1865487
Planning time: 0.802 ms
Execution time: 18113.831 ms
