Hash Join  (cost=140788.33..894800.31 rows=322281 width=0) (actual time=2702.906..20157.107 rows=533773 loops=1)
  Hash Cond: (ci.movie_id = t.id)
  ->  Seq Scan on cast_info ci  (cost=0.00..614943.12 rows=36225612 width=4) (actual time=0.010..8567.389 rows=36244344 loops=1)
  ->  Hash  (cost=140507.14..140507.14 rows=22495 width=8) (actual time=2702.691..2702.691 rows=19412 loops=1)
        Buckets: 32768  Batches: 1  Memory Usage: 1015kB
        ->  Hash Join  (cost=75636.60..140507.14 rows=22495 width=8) (actual time=1382.980..2695.398 rows=19412 loops=1)
              Hash Cond: (mc.movie_id = t.id)
              ->  Seq Scan on movie_companies mc  (cost=0.00..57926.93 rows=545774 width=4) (actual time=0.028..988.304 rows=844549 loops=1)
                    Filter: ((company_id > 14328) AND (company_type_id = 2))
                    Rows Removed by Filter: 1764580
              ->  Hash  (cost=73925.90..73925.90 rows=104216 width=4) (actual time=1381.681..1381.681 rows=108513 loops=1)
                    Buckets: 131072  Batches: 2  Memory Usage: 2931kB
                    ->  Seq Scan on title t  (cost=0.00..73925.90 rows=104216 width=4) (actual time=0.018..1340.847 rows=108513 loops=1)
                          Filter: ((kind_id > 1) AND (production_year = 2010))
                          Rows Removed by Filter: 2419799
Planning time: 1.238 ms
Execution time: 20231.617 ms
