Hash Join  (cost=73982.55..825421.01 rows=64929 width=0) (actual time=2895.098..17239.774 rows=19 loops=1)
  Hash Cond: (ci.movie_id = t.id)
  ->  Seq Scan on cast_info ci  (cost=0.00..614943.12 rows=36225612 width=4) (actual time=0.017..9275.541 rows=36244344 loops=1)
  ->  Hash  (cost=73925.90..73925.90 rows=4532 width=4) (actual time=1093.975..1093.975 rows=11 loops=1)
        Buckets: 8192  Batches: 1  Memory Usage: 65kB
        ->  Seq Scan on title t  (cost=0.00..73925.90 rows=4532 width=4) (actual time=146.037..1093.947 rows=11 loops=1)
              Filter: ((kind_id = 7) AND (production_year = 1936))
              Rows Removed by Filter: 2528301
Planning time: 0.819 ms
Execution time: 17239.908 ms
