Hash Join  (cost=101373.08..153588.86 rows=498 width=0) (actual time=1776.779..2244.470 rows=840 loops=1)
  Hash Cond: (mc.movie_id = t.id)
  ->  Seq Scan on movie_companies mc  (cost=0.00..51404.11 rows=215117 width=4) (actual time=0.033..448.653 rows=215203 loops=1)
        Filter: (company_id < 73)
        Rows Removed by Filter: 2393926
  ->  Hash  (cost=101299.90..101299.90 rows=5854 width=8) (actual time=1771.621..1771.621 rows=3897 loops=1)
        Buckets: 8192  Batches: 1  Memory Usage: 217kB
        ->  Hash Join  (cost=74327.26..101299.90 rows=5854 width=8) (actual time=1179.048..1769.756 rows=3897 loops=1)
              Hash Cond: (mi_idx.movie_id = t.id)
              ->  Seq Scan on movie_info_idx mi_idx  (cost=0.00..25185.44 rows=460978 width=4) (actual time=0.013..485.214 rows=459925 loops=1)
                    Filter: (info_type_id < 100)
                    Rows Removed by Filter: 920110
              ->  Hash  (cost=73925.90..73925.90 rows=32108 width=4) (actual time=1161.722..1161.722 rows=36085 loops=1)
                    Buckets: 65536 (originally 32768)  Batches: 1 (originally 1)  Memory Usage: 1781kB
                    ->  Seq Scan on title t  (cost=0.00..73925.90 rows=32108 width=4) (actual time=0.540..1146.331 rows=36085 loops=1)
                          Filter: ((kind_id > 4) AND (production_year = 2000))
                          Rows Removed by Filter: 2492227
Planning time: 1.154 ms
Execution time: 2244.727 ms
