Seq Scan on movie_companies mc  (cost=0.00..57926.93 rows=53 width=0) (actual time=97.866..952.339 rows=2 loops=1)
  Filter: ((company_type_id > 1) AND (company_id = 12289))
  Rows Removed by Filter: 2609127
Planning time: 0.381 ms
Execution time: 952.426 ms
