Seq Scan on movie_companies mc  (cost=0.00..51404.11 rows=40415 width=0) (actual time=113.975..876.331 rows=39601 loops=1)
  Filter: (company_id > 199762)
  Rows Removed by Filter: 2569528
Planning time: 0.240 ms
Execution time: 882.675 ms
