Seq Scan on movie_companies mc  (cost=0.00..51404.11 rows=2063826 width=0) (actual time=0.029..1023.612 rows=2058733 loops=1)
  Filter: (company_id < 71884)
  Rows Removed by Filter: 550396
Planning time: 6.331 ms
Execution time: 1276.353 ms
