Seq Scan on movie_companies mc  (cost=0.00..57926.93 rows=391420 width=0) (actual time=382.885..921.148 rows=73775 loops=1)
  Filter: ((company_id > 29881) AND (company_type_id < 2))
  Rows Removed by Filter: 2535354
Planning time: 0.360 ms
Execution time: 930.415 ms
