Seq Scan on cast_info ci  (cost=0.00..705507.15 rows=24381070 width=0) (actual time=0.015..12273.894 rows=24323890 loops=1)
  Filter: (person_id < 2497807)
  Rows Removed by Filter: 11920454
Planning time: 0.358 ms
Execution time: 15218.584 ms
