Seq Scan on title t  (cost=0.00..73925.90 rows=1275885 width=0) (actual time=0.019..1430.077 rows=1357653 loops=1)
  Filter: ((production_year > 1969) AND (kind_id = 7))
  Rows Removed by Filter: 1170659
Planning time: 0.374 ms
Execution time: 1601.872 ms
