Hash Join  (cost=130832.96..519292.07 rows=54522 width=0) (actual time=2602.438..10974.588 rows=143530 loops=1)
  Hash Cond: (mi.movie_id = t.id)
  ->  Seq Scan on movie_info mi  (cost=0.00..346232.03 rows=11115165 width=4) (actual time=0.021..6365.115 rows=11210743 loops=1)
        Filter: (info_type_id > 3)
        Rows Removed by Filter: 3624977
  ->  Hash  (cost=130677.92..130677.92 rows=12403 width=8) (actual time=2388.759..2388.759 rows=14510 loops=1)
        Buckets: 16384  Batches: 1  Memory Usage: 695kB
        ->  Hash Join  (cost=76379.89..130677.92 rows=12403 width=8) (actual time=1612.104..2383.516 rows=14510 loops=1)
              Hash Cond: (mc.movie_id = t.id)
              ->  Seq Scan on movie_companies mc  (cost=0.00..51404.11 rows=58637 width=4) (actual time=219.876..867.774 rows=57579 loops=1)
                    Filter: (company_id > 185599)
                    Rows Removed by Filter: 2551550
              ->  Hash  (cost=67604.59..67604.59 rows=534824 width=4) (actual time=1391.339..1391.339 rows=533369 loops=1)
                    Buckets: 131072  Batches: 8  Memory Usage: 3369kB
                    ->  Seq Scan on title t  (cost=0.00..67604.59 rows=534824 width=4) (actual time=0.020..1222.185 rows=533369 loops=1)
                          Filter: (production_year > 2009)
                          Rows Removed by Filter: 1994943
Planning time: 1.160 ms
Execution time: 10994.579 ms
