Hash Join  (cost=100888.25..155559.24 rows=547 width=0) (actual time=1616.091..2775.240 rows=4654 loops=1)
  Hash Cond: (mc.movie_id = t.id)
  ->  Seq Scan on movie_companies mc  (cost=0.00..44881.29 rows=2609129 width=4) (actual time=0.018..665.445 rows=2609129 loops=1)
  ->  Hash  (cost=100881.62..100881.62 rows=530 width=8) (actual time=1614.334..1614.334 rows=1399 loops=1)
        Buckets: 2048 (originally 1024)  Batches: 1 (originally 1)  Memory Usage: 71kB
        ->  Hash Join  (cost=73962.22..100881.62 rows=530 width=8) (actual time=1128.381..1613.561 rows=1399 loops=1)
              Hash Cond: (mi_idx.movie_id = t.id)
              ->  Seq Scan on movie_info_idx mi_idx  (cost=0.00..25185.44 rows=460978 width=4) (actual time=0.015..410.950 rows=459925 loops=1)
                    Filter: (info_type_id = 99)
                    Rows Removed by Filter: 920110
              ->  Hash  (cost=73925.90..73925.90 rows=2905 width=4) (actual time=1127.532..1127.532 rows=3676 loops=1)
                    Buckets: 4096  Batches: 1  Memory Usage: 162kB
                    ->  Seq Scan on title t  (cost=0.00..73925.90 rows=2905 width=4) (actual time=0.128..1125.620 rows=3676 loops=1)
                          Filter: ((kind_id < 7) AND (production_year = 1958))
                          Rows Removed by Filter: 2524636
Planning time: 4.144 ms
Execution time: 2776.204 ms
