Hash Join  (cost=93117.31..688066.22 rows=9064408 width=0) (actual time=1828.245..19403.292 rows=10427559 loops=1)
  Hash Cond: (mi.movie_id = t.id)
  ->  Seq Scan on movie_info mi  (cost=0.00..309384.22 rows=14739122 width=4) (actual time=0.014..6383.668 rows=14835720 loops=1)
  ->  Hash  (cost=67604.59..67604.59 rows=1555018 width=4) (actual time=1827.335..1827.335 rows=1551727 loops=1)
        Buckets: 131072  Batches: 32  Memory Usage: 2737kB
        ->  Seq Scan on title t  (cost=0.00..67604.59 rows=1555018 width=4) (actual time=0.014..1304.152 rows=1551727 loops=1)
              Filter: (production_year < 2007)
              Rows Removed by Filter: 976585
Planning time: 0.488 ms
Execution time: 20694.409 ms
