Seq Scan on movie_info mi  (cost=0.00..346232.03 rows=13722687 width=0) (actual time=0.016..6105.728 rows=13763110 loops=1)
  Filter: (info_type_id < 75)
  Rows Removed by Filter: 1072610
Planning time: 0.297 ms
Execution time: 7622.469 ms
