Hash Join  (cost=139152.68..1187362.55 rows=5244765 width=0) (actual time=3321.329..36164.891 rows=16761959 loops=1)
  Hash Cond: (ci.movie_id = t.id)
  ->  Seq Scan on cast_info ci  (cost=0.00..705507.15 rows=24923209 width=4) (actual time=0.016..15690.994 rows=25020303 loops=1)
        Filter: (person_id > 1101599)
        Rows Removed by Filter: 11224041
  ->  Hash  (cost=130422.48..130422.48 rows=532096 width=8) (actual time=3320.479..3320.479 rows=937655 loops=1)
        Buckets: 131072 (originally 131072)  Batches: 16 (originally 8)  Memory Usage: 3312kB
        ->  Hash Join  (cost=83600.04..130422.48 rows=532096 width=8) (actual time=1449.685..3029.224 rows=937655 loops=1)
              Hash Cond: (mi_idx.movie_id = t.id)
              ->  Seq Scan on movie_info_idx mi_idx  (cost=0.00..21735.35 rows=1380035 width=4) (actual time=0.016..471.148 rows=1380035 loops=1)
              ->  Hash  (cost=67604.59..67604.59 rows=974916 width=4) (actual time=1448.556..1448.556 rows=972448 loops=1)
                    Buckets: 131072  Batches: 16  Memory Usage: 3160kB
                    ->  Seq Scan on title t  (cost=0.00..67604.59 rows=974916 width=4) (actual time=0.033..1147.774 rows=972448 loops=1)
                          Filter: (kind_id < 6)
                          Rows Removed by Filter: 1555864
Planning time: 1.219 ms
Execution time: 38282.339 ms
