Hash Join  (cost=83073.10..440811.64 rows=79 width=0) (actual time=1853.294..7170.360 rows=13196 loops=1)
  Hash Cond: (mi.movie_id = t.id)
  ->  Seq Scan on movie_info mi  (cost=0.00..346232.03 rows=3068194 width=4) (actual time=0.021..5696.269 rows=3036719 loops=1)
        Filter: (info_type_id = 16)
        Rows Removed by Filter: 11799001
  ->  Hash  (cost=83072.29..83072.29 rows=65 width=8) (actual time=1012.952..1012.952 rows=866 loops=1)
        Buckets: 1024  Batches: 1  Memory Usage: 42kB
        ->  Nested Loop  (cost=0.43..83072.29 rows=65 width=8) (actual time=0.607..1012.478 rows=866 loops=1)
              ->  Seq Scan on movie_keyword mk  (cost=0.00..81003.12 rows=246 width=4) (actual time=0.574..985.726 rows=1129 loops=1)
                    Filter: (keyword_id = 38)
                    Rows Removed by Filter: 4522801
              ->  Index Scan using title_pkey on title t  (cost=0.43..8.40 rows=1 width=4) (actual time=0.022..0.023 rows=1 loops=1129)
                    Index Cond: (id = mk.movie_id)
                    Filter: (kind_id = 1)
                    Rows Removed by Filter: 0
Planning time: 1.340 ms
Execution time: 7172.302 ms
