Hash Join  (cost=81703.78..163497.12 rows=489182 width=0) (actual time=1651.542..3920.324 rows=1071583 loops=1)
  Hash Cond: (mc.movie_id = t.id)
  ->  Seq Scan on movie_companies mc  (cost=0.00..44881.29 rows=2609129 width=4) (actual time=0.018..965.823 rows=2609129 loops=1)
  ->  Hash  (cost=73925.90..73925.90 rows=474070 width=4) (actual time=1388.177..1388.177 rows=496025 loops=1)
        Buckets: 131072  Batches: 8  Memory Usage: 3214kB
        ->  Seq Scan on title t  (cost=0.00..73925.90 rows=474070 width=4) (actual time=509.967..1235.019 rows=496025 loops=1)
              Filter: ((production_year < 2009) AND (kind_id = 1))
              Rows Removed by Filter: 2032287
Planning time: 0.842 ms
Execution time: 4047.674 ms
