Hash Join  (cost=92883.59..168638.31 rows=380593 width=0) (actual time=2675.351..3664.777 rows=316839 loops=1)
  Hash Cond: (mc.movie_id = t.id)
  ->  Seq Scan on movie_companies mc  (cost=0.00..57926.93 rows=624572 width=4) (actual time=0.027..1075.759 rows=853403 loops=1)
        Filter: ((company_id < 11203) AND (company_type_id = 1))
        Rows Removed by Filter: 1755726
  ->  Hash  (cost=67604.59..67604.59 rows=1540800 width=4) (actual time=1858.113..1858.113 rows=1543264 loops=1)
        Buckets: 131072  Batches: 32  Memory Usage: 2722kB
        ->  Seq Scan on title t  (cost=0.00..67604.59 rows=1540800 width=4) (actual time=0.035..1371.292 rows=1543264 loops=1)
              Filter: (kind_id = 7)
              Rows Removed by Filter: 985048
Planning time: 10.577 ms
Execution time: 3701.322 ms
