Seq Scan on movie_keyword mk  (cost=0.00..81003.12 rows=1047079 width=0) (actual time=0.054..4622.472 rows=1057225 loops=1)
  Filter: (keyword_id > 16687)
  Rows Removed by Filter: 3466705
Planning time: 2.992 ms
Execution time: 4798.071 ms
