Hash Join  (cost=171645.95..986796.46 rows=389614 width=0) (actual time=9385.440..17311.866 rows=1140246 loops=1)
  Hash Cond: (ci.movie_id = t.id)
  ->  Seq Scan on cast_info ci  (cost=0.00..796071.18 rows=969917 width=4) (actual time=5578.895..12374.410 rows=1613530 loops=1)
        Filter: ((person_id > 2812140) AND (role_id = 3))
        Rows Removed by Filter: 34630814
  ->  Hash  (cost=154981.62..154981.62 rows=1015706 width=8) (actual time=3805.427..3805.427 rows=750135 loops=1)
        Buckets: 131072  Batches: 16  Memory Usage: 2867kB
        ->  Hash Join  (cost=98137.04..154981.62 rows=1015706 width=8) (actual time=1966.541..3583.290 rows=750135 loops=1)
              Hash Cond: (mi_idx.movie_id = t.id)
              ->  Seq Scan on movie_info_idx mi_idx  (cost=0.00..21735.35 rows=1380035 width=4) (actual time=0.032..424.897 rows=1380035 loops=1)
              ->  Hash  (cost=67604.59..67604.59 rows=1860996 width=4) (actual time=1964.814..1964.814 rows=1865487 loops=1)
                    Buckets: 131072  Batches: 32  Memory Usage: 3079kB
                    ->  Seq Scan on title t  (cost=0.00..67604.59 rows=1860996 width=4) (actual time=0.019..1357.436 rows=1865487 loops=1)
                          Filter: (kind_id > 1)
                          Rows Removed by Filter: 662825
Planning time: 1.215 ms
Execution time: 17444.066 ms
