Hash Join  (cost=164799.32..548602.43 rows=72326 width=0) (actual time=3284.221..11180.658 rows=1042815 loops=1)
  Hash Cond: (mi.movie_id = t.id)
  ->  Seq Scan on movie_info mi  (cost=0.00..309384.22 rows=14739122 width=4) (actual time=0.017..4604.971 rows=14835720 loops=1)
  ->  Hash  (cost=164644.22..164644.22 rows=12408 width=8) (actual time=3283.160..3283.160 rows=16702 loops=1)
        Buckets: 32768 (originally 16384)  Batches: 1 (originally 1)  Memory Usage: 909kB
        ->  Hash Join  (cost=67697.55..164644.22 rows=12408 width=8) (actual time=1112.284..3276.617 rows=16702 loops=1)
              Hash Cond: (mk.movie_id = t.id)
              ->  Seq Scan on movie_keyword mk  (cost=0.00..81003.12 rows=4218524 width=4) (actual time=0.019..1521.875 rows=4200194 loops=1)
                    Filter: (keyword_id > 261)
                    Rows Removed by Filter: 323736
              ->  Hash  (cost=67604.59..67604.59 rows=7437 width=4) (actual time=1112.195..1112.195 rows=10308 loops=1)
                    Buckets: 16384 (originally 8192)  Batches: 1 (originally 1)  Memory Usage: 491kB
                    ->  Seq Scan on title t  (cost=0.00..67604.59 rows=7437 width=4) (actual time=0.020..1107.067 rows=10308 loops=1)
                          Filter: (production_year = 1962)
                          Rows Removed by Filter: 2518004
Planning time: 1.215 ms
Execution time: 11309.096 ms
