Hash Join  (cost=146707.61..982495.17 rows=379368 width=0) (actual time=3131.269..20223.174 rows=791873 loops=1)
  Hash Cond: (ci.movie_id = t.id)
  ->  Seq Scan on cast_info ci  (cost=0.00..705507.15 rows=10909529 width=4) (actual time=0.021..13044.472 rows=10798342 loops=1)
        Filter: (person_id < 1060159)
        Rows Removed by Filter: 25446002
  ->  Hash  (cost=145264.52..145264.52 rows=87927 width=8) (actual time=3130.479..3130.479 rows=75723 loops=1)
        Buckets: 131072  Batches: 2  Memory Usage: 2497kB
        ->  Hash Join  (cost=69002.72..145264.52 rows=87927 width=8) (actual time=1200.000..3103.330 rows=75723 loops=1)
              Hash Cond: (mc.movie_id = t.id)
              ->  Seq Scan on movie_companies mc  (cost=0.00..44881.29 rows=2609129 width=4) (actual time=0.027..907.778 rows=2609129 loops=1)
              ->  Hash  (cost=67604.59..67604.59 rows=85211 width=4) (actual time=1199.257..1199.257 rows=84593 loops=1)
                    Buckets: 131072  Batches: 2  Memory Usage: 2518kB
                    ->  Seq Scan on title t  (cost=0.00..67604.59 rows=85211 width=4) (actual time=0.037..1166.225 rows=84593 loops=1)
                          Filter: (production_year = 2004)
                          Rows Removed by Filter: 2443719
Planning time: 1.213 ms
Execution time: 20318.597 ms
