Hash Join  (cost=102767.86..229016.66 rows=1469765 width=0) (actual time=1910.561..4955.854 rows=1481420 loops=1)
  Hash Cond: (mk.movie_id = t.id)
  ->  Seq Scan on movie_keyword mk  (cost=0.00..81003.12 rows=1469765 width=4) (actual time=0.022..1511.500 rows=1481420 loops=1)
        Filter: (keyword_id > 11058)
        Rows Removed by Filter: 3042510
  ->  Hash  (cost=61283.27..61283.27 rows=2528527 width=4) (actual time=1909.542..1909.542 rows=2528312 loops=1)
        Buckets: 131072  Batches: 64  Memory Usage: 2425kB
        ->  Seq Scan on title t  (cost=0.00..61283.27 rows=2528527 width=4) (actual time=0.018..1038.833 rows=2528312 loops=1)
Planning time: 14.931 ms
Execution time: 5125.569 ms
