Seq Scan on movie_companies mc  (cost=0.00..57926.93 rows=910105 width=0) (actual time=239.472..1061.831 rows=748371 loops=1)
  Filter: ((company_id > 1451) AND (company_type_id < 2))
  Rows Removed by Filter: 1860758
Planning time: 0.894 ms
Execution time: 1155.646 ms
