Seq Scan on movie_companies mc  (cost=0.00..57926.93 rows=565954 width=0) (actual time=0.016..2427.634 rows=351832 loops=1)
  Filter: ((company_id < 7656) AND (company_type_id = 2))
  Rows Removed by Filter: 2257297
Planning time: 0.334 ms
Execution time: 2490.715 ms
