Seq Scan on movie_keyword mk  (cost=0.00..81003.12 rows=4095855 width=0) (actual time=0.025..3791.400 rows=4101100 loops=1)
  Filter: (keyword_id < 41308)
  Rows Removed by Filter: 422830
Planning time: 0.329 ms
Execution time: 4427.205 ms
