Hash Join  (cost=444228.15..521901.06 rows=190238 width=0) (actual time=19690.503..26015.477 rows=7361036 loops=1)
  Hash Cond: (mc.movie_id = t.id)
  ->  Seq Scan on movie_companies mc  (cost=0.00..44881.29 rows=2609129 width=4) (actual time=0.018..2851.259 rows=2609129 loops=1)
  ->  Hash  (cost=441202.64..441202.64 rows=184361 width=8) (actual time=19689.703..19689.703 rows=513972 loops=1)
        Buckets: 131072 (originally 131072)  Batches: 8 (originally 4)  Memory Usage: 3531kB
        ->  Hash Join  (cost=83810.17..441202.64 rows=184361 width=8) (actual time=5371.730..19466.057 rows=513972 loops=1)
              Hash Cond: (mi.movie_id = t.id)
              ->  Seq Scan on movie_info mi  (cost=0.00..346232.03 rows=471955 width=4) (actual time=1424.073..14804.656 rows=543367 loops=1)
                    Filter: (info_type_id > 98)
                    Rows Removed by Filter: 14292353
              ->  Hash  (cost=67604.59..67604.59 rows=987727 width=4) (actual time=3945.374..3945.374 rows=985048 loops=1)
                    Buckets: 131072  Batches: 16  Memory Usage: 3197kB
                    ->  Seq Scan on title t  (cost=0.00..67604.59 rows=987727 width=4) (actual time=0.031..3424.039 rows=985048 loops=1)
                          Filter: (kind_id < 7)
                          Rows Removed by Filter: 1543264
Planning time: 3.697 ms
Execution time: 26948.378 ms
