Seq Scan on cast_info ci  (cost=0.00..705507.15 rows=500 width=0) (actual time=642.303..25789.926 rows=505 loops=1)
  Filter: (person_id = 2857025)
  Rows Removed by Filter: 36243839
Planning time: 0.404 ms
Execution time: 25790.072 ms
