Seq Scan on cast_info ci  (cost=0.00..796071.18 rows=55 width=0) (actual time=7465.516..27908.554 rows=28 loops=1)
  Filter: ((person_id = 2867108) AND (role_id = 3))
  Rows Removed by Filter: 36244316
Planning time: 0.488 ms
Execution time: 27908.665 ms
