Seq Scan on movie_keyword mk  (cost=0.00..81003.12 rows=2741254 width=0) (actual time=0.021..4037.254 rows=2732361 loops=1)
  Filter: (keyword_id < 7766)
  Rows Removed by Filter: 1791569
Planning time: 0.325 ms
Execution time: 4466.215 ms
