Seq Scan on movie_keyword mk  (cost=0.00..81003.12 rows=3018360 width=0) (actual time=0.021..4229.434 rows=3006729 loops=1)
  Filter: (keyword_id > 2197)
  Rows Removed by Filter: 1517201
Planning time: 0.348 ms
Execution time: 4685.363 ms
