Seq Scan on movie_companies mc  (cost=0.00..51404.11 rows=739842 width=0) (actual time=0.014..917.147 rows=733159 loops=1)
  Filter: (company_id < 1434)
  Rows Removed by Filter: 1875970
Planning time: 0.717 ms
Execution time: 1006.743 ms
