Seq Scan on movie_companies mc  (cost=0.00..51404.11 rows=1533248 width=0) (actual time=0.022..2983.713 rows=1537654 loops=1)
  Filter: (company_id > 6665)
  Rows Removed by Filter: 1071475
Planning time: 0.284 ms
Execution time: 3244.500 ms
