Hash Join  (cost=102767.86..261980.94 rows=2839751 width=0) (actual time=5843.559..14575.777 rows=2829407 loops=1)
  Hash Cond: (mk.movie_id = t.id)
  ->  Seq Scan on movie_keyword mk  (cost=0.00..81003.12 rows=2839751 width=4) (actual time=0.021..5463.507 rows=2829407 loops=1)
        Filter: (keyword_id < 8521)
        Rows Removed by Filter: 1694523
  ->  Hash  (cost=61283.27..61283.27 rows=2528527 width=4) (actual time=5841.015..5841.015 rows=2528312 loops=1)
        Buckets: 131072  Batches: 64  Memory Usage: 2425kB
        ->  Seq Scan on title t  (cost=0.00..61283.27 rows=2528527 width=4) (actual time=0.017..4419.460 rows=2528312 loops=1)
Planning time: 4.432 ms
Execution time: 14960.915 ms
