Seq Scan on cast_info ci  (cost=0.00..796071.18 rows=2948872 width=0) (actual time=18121.725..36719.096 rows=2647 loops=1)
  Filter: ((person_id < 1434160) AND (role_id = 2))
  Rows Removed by Filter: 36241697
Planning time: 0.460 ms
Execution time: 36719.809 ms
