Hash Join  (cost=129941.90..932080.57 rows=12455 width=0) (actual time=34270.931..47056.816 rows=22438 loops=1)
  Hash Cond: (ci.movie_id = t.id)
  ->  Seq Scan on cast_info ci  (cost=0.00..796071.18 rows=1584783 width=4) (actual time=26978.577..39237.833 rows=1601424 loops=1)
        Filter: ((person_id < 3470426) AND (role_id = 8))
        Rows Removed by Filter: 34642920
  ->  Hash  (cost=129693.50..129693.50 rows=19872 width=8) (actual time=7291.783..7291.783 rows=23971 loops=1)
        Buckets: 32768  Batches: 1  Memory Usage: 1193kB
        ->  Hash Join  (cost=68332.59..129693.50 rows=19872 width=8) (actual time=3452.029..7275.531 rows=23971 loops=1)
              Hash Cond: (mc.movie_id = t.id)
              ->  Seq Scan on movie_companies mc  (cost=0.00..57926.93 rows=862736 width=4) (actual time=0.033..3440.787 rows=1175452 loops=1)
                    Filter: ((company_id < 24483) AND (company_type_id < 2))
                    Rows Removed by Filter: 1433677
              ->  Hash  (cost=67604.59..67604.59 rows=58240 width=4) (actual time=3451.465..3451.465 rows=58590 loops=1)
                    Buckets: 65536  Batches: 1  Memory Usage: 2572kB
                    ->  Seq Scan on title t  (cost=0.00..67604.59 rows=58240 width=4) (actual time=0.035..3426.338 rows=58590 loops=1)
                          Filter: (production_year = 2001)
                          Rows Removed by Filter: 2469722
Planning time: 2.515 ms
Execution time: 47060.581 ms
