Seq Scan on movie_keyword mk  (cost=0.00..81003.12 rows=1773786 width=0) (actual time=0.018..4161.624 rows=1780404 loops=1)
  Filter: (keyword_id < 2882)
  Rows Removed by Filter: 2743526
Planning time: 0.227 ms
Execution time: 4511.982 ms
