Hash Join  (cost=83074.74..447745.01 rows=1434 width=0) (actual time=1363.794..8487.496 rows=11659 loops=1)
  Hash Cond: (mi.movie_id = t.id)
  ->  Seq Scan on movie_info mi  (cost=0.00..309384.22 rows=14739122 width=4) (actual time=0.016..4489.154 rows=14835720 loops=1)
  ->  Hash  (cost=83071.67..83071.67 rows=246 width=8) (actual time=1331.637..1331.637 rows=222 loops=1)
        Buckets: 1024  Batches: 1  Memory Usage: 17kB
        ->  Nested Loop  (cost=0.43..83071.67 rows=246 width=8) (actual time=0.815..1331.377 rows=222 loops=1)
              ->  Seq Scan on movie_keyword mk  (cost=0.00..81003.12 rows=246 width=4) (actual time=0.763..1321.863 rows=222 loops=1)
                    Filter: (keyword_id = 8918)
                    Rows Removed by Filter: 4523708
              ->  Index Only Scan using title_pkey on title t  (cost=0.43..8.40 rows=1 width=4) (actual time=0.039..0.040 rows=1 loops=222)
                    Index Cond: (id = mk.movie_id)
                    Heap Fetches: 222
Planning time: 1.111 ms
Execution time: 8489.899 ms
