Hash Join  (cost=78556.72..154946.54 rows=294692 width=0) (actual time=3712.645..8020.775 rows=643383 loops=1)
  Hash Cond: (mc.movie_id = t.id)
  ->  Seq Scan on movie_companies mc  (cost=0.00..57926.93 rows=1116256 width=4) (actual time=0.026..3394.241 rows=1014345 loops=1)
        Filter: ((company_id > 160) AND (company_type_id < 2))
        Rows Removed by Filter: 1594784
  ->  Hash  (cost=67604.59..67604.59 rows=667531 width=4) (actual time=3711.816..3711.816 rows=662825 loops=1)
        Buckets: 131072  Batches: 16  Memory Usage: 2476kB
        ->  Seq Scan on title t  (cost=0.00..67604.59 rows=667531 width=4) (actual time=0.011..3452.649 rows=662825 loops=1)
              Filter: (kind_id = 1)
              Rows Removed by Filter: 1865487
Planning time: 0.778 ms
Execution time: 8097.058 ms
