Seq Scan on movie_keyword mk  (cost=0.00..81003.12 rows=246 width=0) (actual time=62.775..3845.920 rows=700 loops=1)
  Filter: (keyword_id = 3403)
  Rows Removed by Filter: 4523230
Planning time: 3.178 ms
Execution time: 3846.434 ms
