Hash Join  (cost=119644.77..244396.76 rows=225695 width=0) (actual time=6497.527..14458.690 rows=3364079 loops=1)
  Hash Cond: (mk.movie_id = t.id)
  ->  Seq Scan on movie_keyword mk  (cost=0.00..69693.30 rows=4523930 width=4) (actual time=0.025..4658.756 rows=4523930 loops=1)
  ->  Hash  (cost=117574.95..117574.95 rows=126146 width=8) (actual time=6496.579..6496.579 rows=287836 loops=1)
        Buckets: 131072 (originally 131072)  Batches: 4 (originally 2)  Memory Usage: 3853kB
        ->  Hash Join  (cost=77718.01..117574.95 rows=126146 width=8) (actual time=3998.345..6381.436 rows=287836 loops=1)
              Hash Cond: (mi_idx.movie_id = t.id)
              ->  Seq Scan on movie_info_idx mi_idx  (cost=0.00..21735.35 rows=1380035 width=4) (actual time=0.025..1472.421 rows=1380035 loops=1)
              ->  Hash  (cost=73925.90..73925.90 rows=231128 width=4) (actual time=3997.536..3997.536 rows=341868 loops=1)
                    Buckets: 131072  Batches: 4  Memory Usage: 4031kB
                    ->  Seq Scan on title t  (cost=0.00..73925.90 rows=231128 width=4) (actual time=0.029..3856.207 rows=341868 loops=1)
                          Filter: ((kind_id < 7) AND (production_year < 1985))
                          Rows Removed by Filter: 2186444
Planning time: 1.129 ms
Execution time: 14928.872 ms
