Hash Join  (cost=101937.69..188809.99 rows=21427 width=0) (actual time=4855.227..7814.630 rows=108056 loops=1)
  Hash Cond: (mk.movie_id = t.id)
  ->  Seq Scan on movie_keyword mk  (cost=0.00..69693.30 rows=4523930 width=4) (actual time=0.011..2656.229 rows=4523930 loops=1)
  ->  Hash  (cost=101787.99..101787.99 rows=11976 width=8) (actual time=4154.293..4154.293 rows=29644 loops=1)
        Buckets: 32768 (originally 16384)  Batches: 1 (originally 1)  Memory Usage: 1414kB
        ->  Hash Join  (cost=74740.67..101787.99 rows=11976 width=8) (actual time=3025.004..4138.547 rows=29644 loops=1)
              Hash Cond: (mi_idx.movie_id = t.id)
              ->  Seq Scan on movie_info_idx mi_idx  (cost=0.00..25185.44 rows=464566 width=4) (actual time=0.014..1010.219 rows=459925 loops=1)
                    Filter: (info_type_id = 101)
                    Rows Removed by Filter: 920110
              ->  Hash  (cost=73925.90..73925.90 rows=65181 width=4) (actual time=2955.874..2955.874 rows=69449 loops=1)
                    Buckets: 131072 (originally 65536)  Batches: 1 (originally 1)  Memory Usage: 3466kB
                    ->  Seq Scan on title t  (cost=0.00..73925.90 rows=65181 width=4) (actual time=0.019..2919.778 rows=69449 loops=1)
                          Filter: ((production_year > 1987) AND (kind_id = 2))
                          Rows Removed by Filter: 2458863
Planning time: 1.194 ms
Execution time: 7828.608 ms
