Hash Join  (cost=441581.08..518310.67 rows=121807 width=0) (actual time=20351.897..25125.854 rows=80047 loops=1)
  Hash Cond: (mc.movie_id = t.id)
  ->  Seq Scan on movie_companies mc  (cost=0.00..44881.29 rows=2609129 width=4) (actual time=0.018..3169.538 rows=2609129 loops=1)
  ->  Hash  (cost=439643.53..439643.53 rows=118044 width=8) (actual time=20350.967..20350.967 rows=24985 loops=1)
        Buckets: 131072  Batches: 2  Memory Usage: 1511kB
        ->  Hash Join  (cost=84302.23..439643.53 rows=118044 width=8) (actual time=14641.542..20340.800 rows=24985 loops=1)
              Hash Cond: (mi.movie_id = t.id)
              ->  Seq Scan on movie_info mi  (cost=0.00..346232.03 rows=471955 width=4) (actual time=9761.380..15755.397 rows=543367 loops=1)
                    Filter: (info_type_id > 98)
                    Rows Removed by Filter: 14292353
              ->  Hash  (cost=73925.90..73925.90 rows=632426 width=4) (actual time=4170.633..4170.633 rows=674499 loops=1)
                    Buckets: 131072  Batches: 16  Memory Usage: 2515kB
                    ->  Seq Scan on title t  (cost=0.00..73925.90 rows=632426 width=4) (actual time=0.032..3899.703 rows=674499 loops=1)
                          Filter: ((kind_id > 2) AND (production_year > 2006))
                          Rows Removed by Filter: 1853813
Planning time: 1.140 ms
Execution time: 25137.161 ms
