Hash Join  (cost=97468.80..450253.40 rows=31104 width=0) (actual time=9854.660..16983.252 rows=295 loops=1)
  Hash Cond: (mi.movie_id = t.id)
  ->  Seq Scan on movie_info mi  (cost=0.00..346232.03 rows=54808 width=4) (actual time=5714.241..12758.827 rows=50267 loops=1)
        Filter: (info_type_id > 107)
        Rows Removed by Filter: 14785453
  ->  Hash  (cost=73925.90..73925.90 rows=1434952 width=4) (actual time=3905.261..3905.261 rows=1560688 loops=1)
        Buckets: 131072  Batches: 32  Memory Usage: 2756kB
        ->  Seq Scan on title t  (cost=0.00..73925.90 rows=1434952 width=4) (actual time=0.034..3347.954 rows=1560688 loops=1)
              Filter: ((kind_id > 1) AND (production_year > 1979))
              Rows Removed by Filter: 967624
Planning time: 4.468 ms
Execution time: 16983.392 ms
