Hash Join  (cost=67697.55..154488.65 rows=13306 width=0) (actual time=3546.024..8229.606 rows=37530 loops=1)
  Hash Cond: (mk.movie_id = t.id)
  ->  Seq Scan on movie_keyword mk  (cost=0.00..69693.30 rows=4523930 width=4) (actual time=0.013..3585.647 rows=4523930 loops=1)
  ->  Hash  (cost=67604.59..67604.59 rows=7437 width=4) (actual time=3545.474..3545.474 rows=14456 loops=1)
        Buckets: 16384 (originally 8192)  Batches: 1 (originally 1)  Memory Usage: 637kB
        ->  Seq Scan on title t  (cost=0.00..67604.59 rows=7437 width=4) (actual time=5.986..3538.033 rows=14456 loops=1)
              Filter: (production_year = 1981)
              Rows Removed by Filter: 2513856
Planning time: 3.547 ms
Execution time: 8242.048 ms
