Seq Scan on title t  (cost=0.00..73925.90 rows=1714646 width=0) (actual time=0.008..4492.283 rows=1709251 loops=1)
  Filter: ((kind_id > 2) AND (production_year > 1901))
  Rows Removed by Filter: 819061
Planning time: 0.338 ms
Execution time: 4766.008 ms
