Hash Join  (cost=83074.74..137742.81 rows=254 width=0) (actual time=3555.789..6397.120 rows=1000 loops=1)
  Hash Cond: (mc.movie_id = t.id)
  ->  Seq Scan on movie_companies mc  (cost=0.00..44881.29 rows=2609129 width=4) (actual time=0.029..2321.570 rows=2609129 loops=1)
  ->  Hash  (cost=83071.67..83071.67 rows=246 width=8) (actual time=3522.425..3522.425 rows=107 loops=1)
        Buckets: 1024  Batches: 1  Memory Usage: 13kB
        ->  Nested Loop  (cost=0.43..83071.67 rows=246 width=8) (actual time=25.176..3522.246 rows=107 loops=1)
              ->  Seq Scan on movie_keyword mk  (cost=0.00..81003.12 rows=246 width=4) (actual time=25.093..3493.920 rows=107 loops=1)
                    Filter: (keyword_id = 40117)
                    Rows Removed by Filter: 4523823
              ->  Index Only Scan using title_pkey on title t  (cost=0.43..8.40 rows=1 width=4) (actual time=0.259..0.259 rows=1 loops=107)
                    Index Cond: (id = mk.movie_id)
                    Heap Fetches: 107
Planning time: 1.041 ms
Execution time: 6397.461 ms
