Hash Join  (cost=115536.53..500928.62 rows=253371 width=0) (actual time=2010.139..9921.900 rows=21249 loops=1)
  Hash Cond: (mi.movie_id = t.id)
  ->  Seq Scan on movie_info mi  (cost=0.00..346232.03 rows=9767026 width=4) (actual time=0.022..6094.874 rows=9911754 loops=1)
        Filter: (info_type_id > 4)
        Rows Removed by Filter: 4923966
  ->  Hash  (cost=114716.60..114716.60 rows=65594 width=8) (actual time=2007.045..2007.045 rows=3129 loops=1)
        Buckets: 131072  Batches: 1  Memory Usage: 1147kB
        ->  Hash Join  (cost=75898.18..114716.60 rows=65594 width=8) (actual time=1512.228..2005.122 rows=3129 loops=1)
              Hash Cond: (mi_idx.movie_id = t.id)
              ->  Seq Scan on movie_info_idx mi_idx  (cost=0.00..21735.35 rows=1380035 width=4) (actual time=0.022..461.817 rows=1380035 loops=1)
              ->  Hash  (cost=73925.90..73925.90 rows=120182 width=4) (actual time=1136.655..1136.655 rows=17916 loops=1)
                    Buckets: 131072  Batches: 2  Memory Usage: 1340kB
                    ->  Seq Scan on title t  (cost=0.00..73925.90 rows=120182 width=4) (actual time=155.956..1128.762 rows=17916 loops=1)
                          Filter: ((production_year < 1955) AND (kind_id = 7))
                          Rows Removed by Filter: 2510396
Planning time: 1.119 ms
Execution time: 9924.858 ms
