Hash Join  (cost=798791.46..893502.76 rows=468 width=0) (actual time=39443.845..41390.135 rows=4 loops=1)
  Hash Cond: (mk.movie_id = t.id)
  ->  Seq Scan on movie_keyword mk  (cost=0.00..81003.12 rows=3654265 width=4) (actual time=0.021..3211.324 rows=3645944 loops=1)
        Filter: (keyword_id < 21015)
        Rows Removed by Filter: 877986
  ->  Hash  (cost=798787.41..798787.41 rows=324 width=8) (actual time=37606.178..37606.178 rows=2 loops=1)
        Buckets: 1024  Batches: 1  Memory Usage: 9kB
        ->  Nested Loop  (cost=0.43..798787.41 rows=324 width=8) (actual time=3617.776..37606.154 rows=2 loops=1)
              ->  Seq Scan on cast_info ci  (cost=0.00..796071.18 rows=324 width=4) (actual time=3617.559..37605.883 rows=2 loops=1)
                    Filter: ((role_id > 1) AND (person_id = 963499))
                    Rows Removed by Filter: 36244342
              ->  Index Only Scan using title_pkey on title t  (cost=0.43..8.37 rows=1 width=4) (actual time=0.087..0.088 rows=1 loops=2)
                    Index Cond: (id = ci.movie_id)
                    Heap Fetches: 2
Planning time: 1.105 ms
Execution time: 41390.243 ms
