Hash Join  (cost=159309.93..510691.29 rows=9383 width=0) (actual time=14588.949..25390.783 rows=40157 loops=1)
  Hash Cond: (mi.movie_id = t.id)
  ->  Seq Scan on movie_info mi  (cost=0.00..346232.03 rows=1348138 width=4) (actual time=6758.444..17121.884 rows=1298989 loops=1)
        Filter: (info_type_id = 4)
        Rows Removed by Filter: 13536731
  ->  Hash  (cost=159089.97..159089.97 rows=17597 width=8) (actual time=7829.785..7829.785 rows=31106 loops=1)
        Buckets: 32768  Batches: 1  Memory Usage: 1472kB
        ->  Hash Join  (cost=74545.71..159089.97 rows=17597 width=8) (actual time=3628.682..7817.345 rows=31106 loops=1)
              Hash Cond: (mk.movie_id = t.id)
              ->  Seq Scan on movie_keyword mk  (cost=0.00..81003.12 rows=897378 width=4) (actual time=0.027..3957.452 rows=903904 loops=1)
                    Filter: (keyword_id < 858)
                    Rows Removed by Filter: 3620026
              ->  Hash  (cost=73925.90..73925.90 rows=49584 width=4) (actual time=3628.118..3628.118 rows=38752 loops=1)
                    Buckets: 65536  Batches: 1  Memory Usage: 1875kB
                    ->  Seq Scan on title t  (cost=0.00..73925.90 rows=49584 width=4) (actual time=0.074..3607.667 rows=38752 loops=1)
                          Filter: ((kind_id < 7) AND (production_year = 2008))
                          Rows Removed by Filter: 2489560
Planning time: 1.286 ms
Execution time: 25400.197 ms
