Hash Join  (cost=86810.27..1258243.55 rows=9800317 width=0) (actual time=4515.276..79672.895 rows=10025115 loops=1)
  Hash Cond: (ci.movie_id = t.id)
  ->  Seq Scan on cast_info ci  (cost=0.00..705507.15 rows=31554923 width=4) (actual time=0.013..51547.388 rows=31605208 loops=1)
        Filter: (role_id < 10)
        Rows Removed by Filter: 4639136
  ->  Hash  (cost=73925.90..73925.90 rows=785309 width=4) (actual time=4513.872..4513.872 rows=695753 loops=1)
        Buckets: 131072  Batches: 16  Memory Usage: 2553kB
        ->  Seq Scan on title t  (cost=0.00..73925.90 rows=785309 width=4) (actual time=0.024..4197.303 rows=695753 loops=1)
              Filter: ((kind_id < 7) AND (production_year > 1975))
              Rows Removed by Filter: 1832559
Planning time: 8.915 ms
Execution time: 81130.334 ms
