Hash Join  (cost=156487.41..225318.72 rows=123960 width=0) (actual time=8373.550..12666.819 rows=570083 loops=1)
  Hash Cond: (mc.movie_id = t.id)
  ->  Seq Scan on movie_companies mc  (cost=0.00..57926.93 rows=679939 width=4) (actual time=610.366..3367.997 rows=929623 loops=1)
        Filter: ((company_id < 11844) AND (company_type_id < 2))
        Rows Removed by Filter: 1679506
  ->  Hash  (cost=148924.19..148924.19 rows=460978 width=8) (actual time=7762.330..7762.330 rows=459925 loops=1)
        Buckets: 131072  Batches: 8  Memory Usage: 3275kB
        ->  Hash Join  (cost=102767.86..148924.19 rows=460978 width=8) (actual time=5084.218..7616.884 rows=459925 loops=1)
              Hash Cond: (mi_idx.movie_id = t.id)
              ->  Seq Scan on movie_info_idx mi_idx  (cost=0.00..25185.44 rows=460978 width=4) (actual time=0.038..1417.121 rows=459925 loops=1)
                    Filter: (info_type_id = 99)
                    Rows Removed by Filter: 920110
              ->  Hash  (cost=61283.27..61283.27 rows=2528527 width=4) (actual time=5082.486..5082.486 rows=2528312 loops=1)
                    Buckets: 131072  Batches: 64  Memory Usage: 2415kB
                    ->  Seq Scan on title t  (cost=0.00..61283.27 rows=2528527 width=4) (actual time=0.015..4051.897 rows=2528312 loops=1)
Planning time: 1.172 ms
Execution time: 12754.805 ms
