Hash Join  (cost=102097.62..870253.29 rows=189366 width=0) (actual time=14802.009..50315.191 rows=396272 loops=1)
  Hash Cond: (ci.movie_id = t.id)
  ->  Seq Scan on cast_info ci  (cost=0.00..705507.15 rows=16201301 width=4) (actual time=9371.430..39797.575 rows=16121683 loops=1)
        Filter: (role_id > 2)
        Rows Removed by Filter: 20122661
  ->  Hash  (cost=101728.19..101728.19 rows=29554 width=8) (actual time=5430.205..5430.205 rows=20689 loops=1)
        Buckets: 32768  Batches: 1  Memory Usage: 1065kB
        ->  Hash Join  (cost=70241.71..101728.19 rows=29554 width=8) (actual time=3621.092..5416.395 rows=20689 loops=1)
              Hash Cond: (mi_idx.movie_id = t.id)
              ->  Seq Scan on movie_info_idx mi_idx  (cost=0.00..25185.44 rows=464934 width=4) (actual time=0.026..1480.060 rows=460185 loops=1)
                    Filter: (info_type_id > 100)
                    Rows Removed by Filter: 919850
              ->  Hash  (cost=67604.59..67604.59 rows=160730 width=4) (actual time=3620.133..3620.133 rows=160017 loops=1)
                    Buckets: 131072  Batches: 4  Memory Usage: 2436kB
                    ->  Seq Scan on title t  (cost=0.00..67604.59 rows=160730 width=4) (actual time=0.038..3544.765 rows=160017 loops=1)
                          Filter: (production_year = 2011)
                          Rows Removed by Filter: 2368295
Planning time: 5.392 ms
Execution time: 50393.049 ms
