Seq Scan on movie_keyword mk  (cost=0.00..81003.12 rows=4095675 width=0) (actual time=0.025..4677.554 rows=4100969 loops=1)
  Filter: (keyword_id < 41292)
  Rows Removed by Filter: 422961
Planning time: 0.391 ms
Execution time: 5352.521 ms
