Seq Scan on movie_keyword mk  (cost=0.00..81003.12 rows=3226899 width=0) (actual time=0.015..4349.298 rows=3210500 loops=1)
  Filter: (keyword_id < 13391)
  Rows Removed by Filter: 1313430
Planning time: 0.340 ms
Execution time: 4836.446 ms
