Hash Join  (cost=229581.04..793654.02 rows=6170716 width=0) (actual time=5354.985..32943.652 rows=61545095 loops=1)
  Hash Cond: (mi.movie_id = t.id)
  ->  Seq Scan on movie_info mi  (cost=0.00..309384.22 rows=14739122 width=4) (actual time=0.015..6153.427 rows=14835720 loops=1)
  ->  Hash  (cost=212212.55..212212.55 rows=1058599 width=8) (actual time=5353.525..5353.525 rows=1458646 loops=1)
        Buckets: 131072 (originally 131072)  Batches: 32 (originally 16)  Memory Usage: 3073kB
        ->  Hash Join  (cost=77312.52..212212.55 rows=1058599 width=8) (actual time=1372.635..4910.773 rows=1458646 loops=1)
              Hash Cond: (mk.movie_id = t.id)
              ->  Seq Scan on movie_keyword mk  (cost=0.00..69693.30 rows=4523930 width=4) (actual time=0.014..1290.935 rows=4523930 loops=1)
              ->  Hash  (cost=67604.59..67604.59 rows=591675 width=4) (actual time=1371.658..1371.658 rows=585020 loops=1)
                    Buckets: 131072  Batches: 8  Memory Usage: 3593kB
                    ->  Seq Scan on title t  (cost=0.00..67604.59 rows=591675 width=4) (actual time=0.014..1177.045 rows=585020 loops=1)
                          Filter: (production_year < 1985)
                          Rows Removed by Filter: 1943292
Planning time: 1.154 ms
Execution time: 39668.464 ms
