Hash Join  (cost=88359.31..150319.18 rows=169515 width=0) (actual time=6246.235..8134.289 rows=191039 loops=1)
  Hash Cond: (mc.movie_id = t.id)
  ->  Seq Scan on movie_companies mc  (cost=0.00..51404.11 rows=338827 width=4) (actual time=1287.974..2626.399 rows=341450 loops=1)
        Filter: (company_id > 89168)
        Rows Removed by Filter: 2267679
  ->  Hash  (cost=67604.59..67604.59 rows=1265018 width=4) (actual time=4957.191..4957.191 rows=1263700 loops=1)
        Buckets: 131072  Batches: 32  Memory Usage: 2410kB
        ->  Seq Scan on title t  (cost=0.00..67604.59 rows=1265018 width=4) (actual time=0.035..4175.329 rows=1263700 loops=1)
              Filter: (production_year < 2004)
              Rows Removed by Filter: 1264612
Planning time: 0.657 ms
Execution time: 8158.068 ms
