Nested Loop  (cost=0.43..83071.67 rows=246 width=0) (actual time=530.085..3476.847 rows=7 loops=1)
  ->  Seq Scan on movie_keyword mk  (cost=0.00..81003.12 rows=246 width=4) (actual time=528.344..3474.782 rows=7 loops=1)
        Filter: (keyword_id = 10621)
        Rows Removed by Filter: 4523923
  ->  Index Only Scan using title_pkey on title t  (cost=0.43..8.40 rows=1 width=4) (actual time=0.287..0.288 rows=1 loops=7)
        Index Cond: (id = mk.movie_id)
        Heap Fetches: 7
Planning time: 0.714 ms
Execution time: 3476.919 ms
