Hash Join  (cost=103836.64..191257.38 rows=76270 width=0) (actual time=4283.263..8180.584 rows=79608 loops=1)
  Hash Cond: (mk.movie_id = t.id)
  ->  Seq Scan on movie_keyword mk  (cost=0.00..69693.30 rows=4523930 width=4) (actual time=0.015..2821.210 rows=4523930 loops=1)
  ->  Hash  (cost=103303.78..103303.78 rows=42629 width=8) (actual time=4282.461..4282.461 rows=23161 loops=1)
        Buckets: 65536  Batches: 1  Memory Usage: 1417kB
        ->  Hash Join  (cost=71408.55..103303.78 rows=42629 width=8) (actual time=2831.851..4269.859 rows=23161 loops=1)
              Hash Cond: (mi_idx.movie_id = t.id)
              ->  Seq Scan on movie_info_idx mi_idx  (cost=0.00..25185.44 rows=464934 width=4) (actual time=0.029..1093.048 rows=460185 loops=1)
                    Filter: (info_type_id > 100)
                    Rows Removed by Filter: 919850
              ->  Hash  (cost=67604.59..67604.59 rows=231837 width=4) (actual time=2830.960..2830.960 rows=231649 loops=1)
                    Buckets: 131072  Batches: 4  Memory Usage: 3076kB
                    ->  Seq Scan on title t  (cost=0.00..67604.59 rows=231837 width=4) (actual time=0.018..2747.150 rows=231649 loops=1)
                          Filter: (production_year > 2011)
                          Rows Removed by Filter: 2296663
Planning time: 1.278 ms
Execution time: 8198.897 ms
