Seq Scan on movie_companies mc  (cost=0.00..57926.93 rows=53 width=0) (actual time=64.771..2584.383 rows=1 loops=1)
  Filter: ((company_type_id > 1) AND (company_id = 9786))
  Rows Removed by Filter: 2609128
Planning time: 0.360 ms
Execution time: 2584.468 ms
