Hash Join  (cost=99591.38..279653.07 rows=3435499 width=0) (actual time=5473.211..14338.610 rows=3172687 loops=1)
  Hash Cond: (mk.movie_id = t.id)
  ->  Seq Scan on movie_keyword mk  (cost=0.00..81003.12 rows=4455515 width=4) (actual time=0.014..4265.033 rows=4451961 loops=1)
        Filter: (keyword_id > 62)
        Rows Removed by Filter: 71969
  ->  Hash  (cost=67604.59..67604.59 rows=1949663 width=4) (actual time=5469.941..5469.941 rows=1947263 loops=1)
        Buckets: 131072  Batches: 32  Memory Usage: 3180kB
        ->  Seq Scan on title t  (cost=0.00..67604.59 rows=1949663 width=4) (actual time=0.018..4515.932 rows=1947263 loops=1)
              Filter: (production_year > 1979)
              Rows Removed by Filter: 581049
Planning time: 4.526 ms
Execution time: 14687.992 ms
