Seq Scan on movie_companies mc  (cost=0.00..57926.93 rows=51 width=0) (actual time=524.324..2307.244 rows=87 loops=1)
  Filter: ((company_type_id < 2) AND (company_id = 17263))
  Rows Removed by Filter: 2609042
Planning time: 0.355 ms
Execution time: 2307.358 ms
