Hash Join  (cost=709678.15..1058948.41 rows=160 width=0) (actual time=33083.841..47543.566 rows=37 loops=1)
  Hash Cond: (mi.movie_id = t.id)
  ->  Seq Scan on movie_info mi  (cost=0.00..346232.03 rows=809768 width=4) (actual time=1480.878..15818.294 rows=802140 loops=1)
        Filter: (info_type_id < 2)
        Rows Removed by Filter: 14033580
  ->  Hash  (cost=709671.90..709671.90 rows=500 width=8) (actual time=31564.075..31564.075 rows=114 loops=1)
        Buckets: 1024  Batches: 1  Memory Usage: 13kB
        ->  Nested Loop  (cost=0.43..709671.90 rows=500 width=8) (actual time=10400.395..31563.991 rows=114 loops=1)
              ->  Seq Scan on cast_info ci  (cost=0.00..705507.15 rows=500 width=4) (actual time=10400.254..31560.021 rows=114 loops=1)
                    Filter: (person_id = 1047195)
                    Rows Removed by Filter: 36244230
              ->  Index Only Scan using title_pkey on title t  (cost=0.43..8.32 rows=1 width=4) (actual time=0.033..0.033 rows=1 loops=114)
                    Index Cond: (id = ci.movie_id)
                    Heap Fetches: 114
Planning time: 1.437 ms
Execution time: 47543.699 ms
