Hash Join  (cost=215938.89..1427848.83 rows=17337878 width=0) (actual time=11547.598..85808.638 rows=46736963 loops=1)
  Hash Cond: (ci.movie_id = t.id)
  ->  Seq Scan on cast_info ci  (cost=0.00..614943.12 rows=36225612 width=4) (actual time=0.012..36387.036 rows=36244344 loops=1)
  ->  Hash  (cost=196083.71..196083.71 rows=1210174 width=8) (actual time=11546.669..11546.669 rows=1252456 loops=1)
        Buckets: 131072 (originally 131072)  Batches: 32 (originally 16)  Memory Usage: 4064kB
        ->  Hash Join  (cost=106840.27..196083.71 rows=1210174 width=8) (actual time=5845.568..11107.200 rows=1252456 loops=1)
              Hash Cond: (mc.movie_id = t.id)
              ->  Seq Scan on movie_companies mc  (cost=0.00..51404.11 rows=1279517 width=4) (actual time=0.013..3127.340 rows=1274246 loops=1)
                    Filter: (company_type_id = 1)
                    Rows Removed by Filter: 1334883
              ->  Hash  (cost=67604.59..67604.59 rows=2391495 width=4) (actual time=5844.444..5844.444 rows=2388876 loops=1)
                    Buckets: 131072  Batches: 32  Memory Usage: 3646kB
                    ->  Seq Scan on title t  (cost=0.00..67604.59 rows=2391495 width=4) (actual time=0.013..4385.625 rows=2388876 loops=1)
                          Filter: (production_year < 2013)
                          Rows Removed by Filter: 139436
Planning time: 5.761 ms
Execution time: 91669.588 ms
