Hash Join  (cost=83074.55..833889.64 rows=2594 width=0) (actual time=4395.894..48559.629 rows=26683 loops=1)
  Hash Cond: (ci.movie_id = t.id)
  ->  Seq Scan on cast_info ci  (cost=0.00..614943.12 rows=36225612 width=4) (actual time=0.009..34601.787 rows=36244344 loops=1)
  ->  Hash  (cost=83072.29..83072.29 rows=181 width=8) (actual time=4395.683..4395.683 rows=734 loops=1)
        Buckets: 1024  Batches: 1  Memory Usage: 37kB
        ->  Nested Loop  (cost=0.43..83072.29 rows=181 width=8) (actual time=8.039..4394.924 rows=734 loops=1)
              ->  Seq Scan on movie_keyword mk  (cost=0.00..81003.12 rows=246 width=4) (actual time=0.083..3675.477 rows=3278 loops=1)
                    Filter: (keyword_id = 283)
                    Rows Removed by Filter: 4520652
              ->  Index Scan using title_pkey on title t  (cost=0.43..8.40 rows=1 width=4) (actual time=0.218..0.218 rows=0 loops=3278)
                    Index Cond: (id = mk.movie_id)
                    Filter: (kind_id > 1)
                    Rows Removed by Filter: 1
Planning time: 1.118 ms
Execution time: 48568.409 ms
