Seq Scan on movie_companies mc  (cost=0.00..57926.93 rows=1817 width=0) (actual time=0.372..2714.029 rows=1989 loops=1)
  Filter: ((company_type_id > 1) AND (company_id = 69))
  Rows Removed by Filter: 2607140
Planning time: 11.015 ms
Execution time: 2714.564 ms
