Hash Join  (cost=257253.03..357921.14 rows=1621718 width=0) (actual time=11692.285..19556.280 rows=12397560 loops=1)
  Hash Cond: (mc.movie_id = t.id)
  ->  Seq Scan on movie_companies mc  (cost=0.00..44881.29 rows=2609129 width=4) (actual time=0.012..2896.079 rows=2609129 loops=1)
  ->  Hash  (cost=231467.79..231467.79 rows=1571619 width=8) (actual time=11690.549..11690.549 rows=1588449 loops=1)
        Buckets: 131072  Batches: 32  Memory Usage: 2951kB
        ->  Hash Join  (cost=102767.86..231467.79 rows=1571619 width=8) (actual time=4801.012..11227.962 rows=1588449 loops=1)
              Hash Cond: (mk.movie_id = t.id)
              ->  Seq Scan on movie_keyword mk  (cost=0.00..81003.12 rows=1571619 width=4) (actual time=0.028..4667.934 rows=1588449 loops=1)
                    Filter: (keyword_id > 9768)
                    Rows Removed by Filter: 2935481
              ->  Hash  (cost=61283.27..61283.27 rows=2528527 width=4) (actual time=4799.065..4799.065 rows=2528312 loops=1)
                    Buckets: 131072  Batches: 64  Memory Usage: 2425kB
                    ->  Seq Scan on title t  (cost=0.00..61283.27 rows=2528527 width=4) (actual time=0.012..3749.924 rows=2528312 loops=1)
Planning time: 1.201 ms
Execution time: 21078.393 ms
