Hash Join  (cost=439607.97..1422772.59 rows=596530 width=0) (actual time=24066.065..70956.609 rows=4301830 loops=1)
  Hash Cond: (ci.movie_id = t.id)
  ->  Seq Scan on cast_info ci  (cost=0.00..614943.12 rows=36225612 width=4) (actual time=0.023..31398.720 rows=36244344 loops=1)
  ->  Hash  (cost=439087.50..439087.50 rows=41638 width=8) (actual time=24065.658..24065.658 rows=71153 loops=1)
        Buckets: 131072 (originally 65536)  Batches: 1 (originally 1)  Memory Usage: 3804kB
        ->  Hash Join  (cost=74015.19..439087.50 rows=41638 width=8) (actual time=2924.378..24026.986 rows=71153 loops=1)
              Hash Cond: (mi.movie_id = t.id)
              ->  Seq Scan on movie_info mi  (cost=0.00..309384.22 rows=14739122 width=4) (actual time=0.011..16903.916 rows=14835720 loops=1)
              ->  Hash  (cost=73925.90..73925.90 rows=7143 width=4) (actual time=2924.170..2924.170 rows=5068 loops=1)
                    Buckets: 8192  Batches: 1  Memory Usage: 243kB
                    ->  Seq Scan on title t  (cost=0.00..73925.90 rows=7143 width=4) (actual time=0.034..2921.576 rows=5068 loops=1)
                          Filter: ((kind_id = 1) AND (production_year = 1993))
                          Rows Removed by Filter: 2523244
Planning time: 1.194 ms
Execution time: 71667.417 ms
