Seq Scan on movie_companies mc  (cost=0.00..51404.11 rows=367700 width=0) (actual time=458.562..2543.044 rows=370343 loops=1)
  Filter: (company_id > 85446)
  Rows Removed by Filter: 2238786
Planning time: 0.392 ms
Execution time: 2603.055 ms
