Hash Join  (cost=159918.43..915155.33 rows=444777 width=0) (actual time=5921.460..54653.208 rows=1440222 loops=1)
  Hash Cond: (ci.movie_id = t.id)
  ->  Seq Scan on cast_info ci  (cost=0.00..614943.12 rows=36225612 width=4) (actual time=0.012..34665.791 rows=36244344 loops=1)
  ->  Hash  (cost=159530.37..159530.37 rows=31045 width=8) (actual time=5921.171..5921.171 rows=30554 loops=1)
        Buckets: 32768  Batches: 1  Memory Usage: 1450kB
        ->  Hash Join  (cost=69374.09..159530.37 rows=31045 width=8) (actual time=2767.263..5909.448 rows=30554 loops=1)
              Hash Cond: (mk.movie_id = t.id)
              ->  Seq Scan on movie_keyword mk  (cost=0.00..81003.12 rows=728188 width=4) (actual time=0.014..2795.333 rows=721487 loops=1)
                    Filter: (keyword_id < 643)
                    Rows Removed by Filter: 3802443
              ->  Hash  (cost=67604.59..67604.59 rows=107800 width=4) (actual time=2766.397..2766.397 rows=108429 loops=1)
                    Buckets: 131072  Batches: 2  Memory Usage: 2938kB
                    ->  Seq Scan on title t  (cost=0.00..67604.59 rows=107800 width=4) (actual time=0.053..2704.388 rows=108429 loops=1)
                          Filter: (production_year = 2006)
                          Rows Removed by Filter: 2419883
Planning time: 1.190 ms
Execution time: 54910.876 ms
