Hash Join  (cost=197434.22..683054.57 rows=544843 width=0) (actual time=10748.186..41697.008 rows=3876040 loops=1)
  Hash Cond: (mi.movie_id = t.id)
  ->  Seq Scan on movie_info mi  (cost=0.00..309384.22 rows=14739122 width=4) (actual time=0.016..22340.050 rows=14835720 loops=1)
  ->  Hash  (cost=195899.85..195899.85 rows=93469 width=8) (actual time=10747.418..10747.418 rows=102400 loops=1)
        Buckets: 131072  Batches: 2  Memory Usage: 3054kB
        ->  Hash Join  (cost=102767.86..195899.85 rows=93469 width=8) (actual time=6096.152..10712.384 rows=102400 loops=1)
              Hash Cond: (mk.movie_id = t.id)
              ->  Seq Scan on movie_keyword mk  (cost=0.00..81003.12 rows=93469 width=4) (actual time=0.025..4095.864 rows=102400 loops=1)
                    Filter: (keyword_id < 103)
                    Rows Removed by Filter: 4421530
              ->  Hash  (cost=61283.27..61283.27 rows=2528527 width=4) (actual time=6095.467..6095.467 rows=2528312 loops=1)
                    Buckets: 131072  Batches: 64  Memory Usage: 2425kB
                    ->  Seq Scan on title t  (cost=0.00..61283.27 rows=2528527 width=4) (actual time=0.012..4660.559 rows=2528312 loops=1)
Planning time: 1.122 ms
Execution time: 42243.280 ms
