Hash Join  (cost=105440.90..747110.34 rows=13443061 width=0) (actual time=5881.878..40373.127 rows=12939883 loops=1)
  Hash Cond: (mi.movie_id = t.id)
  ->  Seq Scan on movie_info mi  (cost=0.00..309384.22 rows=14739122 width=4) (actual time=0.013..20600.224 rows=14835720 loops=1)
  ->  Hash  (cost=67604.59..67604.59 rows=2306185 width=4) (actual time=5880.631..5880.631 rows=2298721 loops=1)
        Buckets: 131072  Batches: 32  Memory Usage: 3562kB
        ->  Seq Scan on title t  (cost=0.00..67604.59 rows=2306185 width=4) (actual time=0.013..4792.116 rows=2298721 loops=1)
              Filter: (production_year > 1947)
              Rows Removed by Filter: 229591
Planning time: 0.750 ms
Execution time: 41949.648 ms
