Hash Join  (cost=130738.07..885295.03 rows=376780 width=0) (actual time=2378.904..19117.519 rows=343687 loops=1)
  Hash Cond: (ci.movie_id = t.id)
  ->  Seq Scan on cast_info ci  (cost=0.00..614943.12 rows=36225612 width=4) (actual time=0.015..8566.869 rows=36244344 loops=1)
  ->  Hash  (cost=130409.33..130409.33 rows=26299 width=8) (actual time=2378.631..2378.631 rows=12370 loops=1)
        Buckets: 32768  Batches: 1  Memory Usage: 740kB
        ->  Hash Join  (cost=68426.36..130409.33 rows=26299 width=8) (actual time=1054.093..2373.710 rows=12370 loops=1)
              Hash Cond: (mc.movie_id = t.id)
              ->  Seq Scan on movie_companies mc  (cost=0.00..57926.93 rows=1011478 width=4) (actual time=0.024..1139.807 rows=718964 loops=1)
                    Filter: ((company_id < 60160) AND (company_type_id > 1))
                    Rows Removed by Filter: 1890165
              ->  Hash  (cost=67604.59..67604.59 rows=65742 width=4) (actual time=1053.311..1053.311 rows=63827 loops=1)
                    Buckets: 131072  Batches: 1  Memory Usage: 3268kB
                    ->  Seq Scan on title t  (cost=0.00..67604.59 rows=65742 width=4) (actual time=0.016..1026.770 rows=63827 loops=1)
                          Filter: (production_year = 2013)
                          Rows Removed by Filter: 2464485
Planning time: 0.994 ms
Execution time: 19171.421 ms
