Hash Join  (cost=91673.71..474985.27 rows=887244 width=0) (actual time=11118.711..23631.313 rows=322549 loops=1)
  Hash Cond: (mi.movie_id = t.id)
  ->  Seq Scan on movie_info mi  (cost=0.00..346232.03 rows=2073893 width=4) (actual time=5633.934..16459.779 rows=2091068 loops=1)
        Filter: (info_type_id < 3)
        Rows Removed by Filter: 12744652
  ->  Hash  (cost=73925.90..73925.90 rows=1081744 width=4) (actual time=5467.292..5467.292 rows=1176905 loops=1)
        Buckets: 131072  Batches: 16  Memory Usage: 3625kB
        ->  Seq Scan on title t  (cost=0.00..73925.90 rows=1081744 width=4) (actual time=0.029..4951.720 rows=1176905 loops=1)
              Filter: ((production_year > 1989) AND (kind_id = 7))
              Rows Removed by Filter: 1351407
Planning time: 19.442 ms
Execution time: 23686.852 ms
