Seq Scan on movie_companies mc  (cost=0.00..57926.93 rows=1166467 width=0) (actual time=160.407..2741.716 rows=1013263 loops=1)
  Filter: ((company_id < 91462) AND (company_type_id > 1))
  Rows Removed by Filter: 1595866
Planning time: 0.314 ms
Execution time: 2883.613 ms
