Seq Scan on movie_companies mc  (cost=0.00..51404.11 rows=2157158 width=0) (actual time=0.025..3028.302 rows=2154051 loops=1)
  Filter: (company_id < 76905)
  Rows Removed by Filter: 455078
Planning time: 0.310 ms
Execution time: 3399.944 ms
