Hash Join  (cost=217609.93..1040668.54 rows=1639316 width=0) (actual time=4688.341..21006.971 rows=940553 loops=1)
  Hash Cond: (ci.movie_id = t.id)
  ->  Seq Scan on cast_info ci  (cost=0.00..705507.15 rows=8585680 width=4) (actual time=0.014..12435.727 rows=8475832 loops=1)
        Filter: (person_id < 831706)
        Rows Removed by Filter: 27768512
  ->  Hash  (cost=209689.09..209689.09 rows=482787 width=8) (actual time=4686.557..4686.557 rows=107556 loops=1)
        Buckets: 131072  Batches: 8  Memory Usage: 1572kB
        ->  Hash Join  (cost=79273.71..209689.09 rows=482787 width=8) (actual time=3138.046..4651.427 rows=107556 loops=1)
              Hash Cond: (mk.movie_id = t.id)
              ->  Seq Scan on movie_keyword mk  (cost=0.00..81003.12 rows=3745704 width=4) (actual time=0.023..1812.057 rows=3737378 loops=1)
                    Filter: (keyword_id < 23945)
                    Rows Removed by Filter: 786552
              ->  Hash  (cost=73925.90..73925.90 rows=325904 width=4) (actual time=1263.839..1263.839 rows=349534 loops=1)
                    Buckets: 131072  Batches: 8  Memory Usage: 2572kB
                    ->  Seq Scan on title t  (cost=0.00..73925.90 rows=325904 width=4) (actual time=0.013..1144.912 rows=349534 loops=1)
                          Filter: ((production_year > 2009) AND (kind_id = 7))
                          Rows Removed by Filter: 2178778
Planning time: 1.240 ms
Execution time: 21113.101 ms
