Nested Loop  (cost=0.43..83071.67 rows=246 width=0) (actual time=0.116..3027.021 rows=2174 loops=1)
  ->  Seq Scan on movie_keyword mk  (cost=0.00..81003.12 rows=246 width=4) (actual time=0.055..2760.649 rows=2174 loops=1)
        Filter: (keyword_id = 395)
        Rows Removed by Filter: 4521756
  ->  Index Only Scan using title_pkey on title t  (cost=0.43..8.40 rows=1 width=4) (actual time=0.120..0.120 rows=1 loops=2174)
        Index Cond: (id = mk.movie_id)
        Heap Fetches: 2174
Planning time: 0.708 ms
Execution time: 3027.851 ms
