Seq Scan on movie_companies mc  (cost=0.00..57926.93 rows=624402 width=0) (actual time=92.555..2185.796 rows=890742 loops=1)
  Filter: ((company_id > 11812) AND (company_type_id = 2))
  Rows Removed by Filter: 1718387
Planning time: 1.887 ms
Execution time: 2316.989 ms
