Hash Join  (cost=147820.49..865227.65 rows=73209 width=0) (actual time=12408.243..47414.134 rows=129762 loops=1)
  Hash Cond: (ci.movie_id = t.id)
  ->  Seq Scan on cast_info ci  (cost=0.00..705507.15 rows=895980 width=4) (actual time=4289.992..38734.105 rows=898389 loops=1)
        Filter: (role_id = 5)
        Rows Removed by Filter: 35345955
  ->  Hash  (cost=144429.96..144429.96 rows=206602 width=8) (actual time=8117.327..8117.327 rows=176197 loops=1)
        Buckets: 131072  Batches: 4  Memory Usage: 2758kB
        ->  Hash Join  (cost=74050.79..144429.96 rows=206602 width=8) (actual time=4270.297..8039.669 rows=176197 loops=1)
              Hash Cond: (mc.movie_id = t.id)
              ->  Seq Scan on movie_companies mc  (cost=0.00..51404.11 rows=1329612 width=4) (actual time=0.031..2819.677 rows=1334883 loops=1)
                    Filter: (company_type_id = 2)
                    Rows Removed by Filter: 1274246
              ->  Hash  (cost=67604.59..67604.59 rows=392896 width=4) (actual time=4269.372..4269.372 rows=391666 loops=1)
                    Buckets: 131072  Batches: 8  Memory Usage: 2753kB
                    ->  Seq Scan on title t  (cost=0.00..67604.59 rows=392896 width=4) (actual time=0.019..3889.190 rows=391666 loops=1)
                          Filter: (production_year > 2010)
                          Rows Removed by Filter: 2136646
Planning time: 5.301 ms
Execution time: 47431.969 ms
