Seq Scan on movie_keyword mk  (cost=0.00..81003.12 rows=246 width=0) (actual time=0.557..3441.867 rows=1635 loops=1)
  Filter: (keyword_id = 5599)
  Rows Removed by Filter: 4522295
Planning time: 0.379 ms
Execution time: 3442.582 ms
