Hash Join  (cost=139266.66..490558.70 rows=31954 width=0) (actual time=12903.436..22486.098 rows=51421 loops=1)
  Hash Cond: (mi.movie_id = t.id)
  ->  Seq Scan on movie_info mi  (cost=0.00..346232.03 rows=1264125 width=4) (actual time=6257.823..15386.170 rows=1288928 loops=1)
        Filter: (info_type_id = 2)
        Rows Removed by Filter: 13546792
  ->  Hash  (cost=138467.73..138467.73 rows=63915 width=8) (actual time=6644.861..6644.861 rows=53617 loops=1)
        Buckets: 65536  Batches: 1  Memory Usage: 2607kB
        ->  Hash Join  (cost=69460.45..138467.73 rows=63915 width=8) (actual time=3487.405..6607.448 rows=53617 loops=1)
              Hash Cond: (mc.movie_id = t.id)
              ->  Seq Scan on movie_companies mc  (cost=0.00..51404.11 rows=1428804 width=4) (actual time=0.036..2500.419 rows=1433405 loops=1)
                    Filter: (company_id > 9999)
                    Rows Removed by Filter: 1175724
              ->  Hash  (cost=67604.59..67604.59 rows=113109 width=4) (actual time=3486.598..3486.598 rows=119565 loops=1)
                    Buckets: 131072  Batches: 2  Memory Usage: 3115kB
                    ->  Seq Scan on title t  (cost=0.00..67604.59 rows=113109 width=4) (actual time=0.022..3439.813 rows=119565 loops=1)
                          Filter: (production_year = 2007)
                          Rows Removed by Filter: 2408747
Planning time: 9.746 ms
Execution time: 22495.017 ms
