Seq Scan on movie_companies mc  (cost=0.00..57926.93 rows=53 width=0) (actual time=588.020..2390.844 rows=77 loops=1)
  Filter: ((company_id = 64339) AND (company_type_id = 2))
  Rows Removed by Filter: 2609052
Planning time: 0.365 ms
Execution time: 2390.937 ms
