Hash Join  (cost=72707.20..495596.39 rows=725359 width=0) (actual time=2497.152..10531.962 rows=1259248 loops=1)
  Hash Cond: (mi.movie_id = t.id)
  ->  Seq Scan on movie_info mi  (cost=0.00..346232.03 rows=5897221 width=4) (actual time=1252.892..6122.857 rows=5884963 loops=1)
        Filter: (info_type_id < 7)
        Rows Removed by Filter: 8950757
  ->  Hash  (cost=67604.59..67604.59 rows=311009 width=4) (actual time=1220.146..1220.146 rows=309534 loops=1)
        Buckets: 131072  Batches: 8  Memory Usage: 2384kB
        ->  Seq Scan on title t  (cost=0.00..67604.59 rows=311009 width=4) (actual time=0.026..1108.675 rows=309534 loops=1)
              Filter: (production_year < 1966)
              Rows Removed by Filter: 2218778
Planning time: 0.792 ms
Execution time: 10680.616 ms
