Hash Join  (cost=187872.48..231077.51 rows=321255 width=0) (actual time=4131.099..5516.596 rows=900879 loops=1)
  Hash Cond: (mi_idx.movie_id = t.id)
  ->  Seq Scan on movie_info_idx mi_idx  (cost=0.00..21735.35 rows=1380035 width=4) (actual time=0.010..434.377 rows=1380035 loops=1)
  ->  Hash  (cost=178214.87..178214.87 rows=588609 width=8) (actual time=4130.148..4130.148 rows=583994 loops=1)
        Buckets: 131072  Batches: 8  Memory Usage: 3875kB
        ->  Hash Join  (cost=102767.86..178214.87 rows=588609 width=8) (actual time=1982.616..3954.039 rows=583994 loops=1)
              Hash Cond: (mc.movie_id = t.id)
              ->  Seq Scan on movie_companies mc  (cost=0.00..51404.11 rows=588609 width=4) (actual time=0.029..886.701 rows=583994 loops=1)
                    Filter: (company_id < 663)
                    Rows Removed by Filter: 2025135
              ->  Hash  (cost=61283.27..61283.27 rows=2528527 width=4) (actual time=1981.712..1981.712 rows=2528312 loops=1)
                    Buckets: 131072  Batches: 64  Memory Usage: 2415kB
                    ->  Seq Scan on title t  (cost=0.00..61283.27 rows=2528527 width=4) (actual time=0.025..1124.860 rows=2528312 loops=1)
Planning time: 1.149 ms
Execution time: 5630.534 ms
