Seq Scan on movie_keyword mk  (cost=0.00..81003.12 rows=378377 width=0) (actual time=221.572..3422.036 rows=376286 loops=1)
  Filter: (keyword_id > 45207)
  Rows Removed by Filter: 4147644
Planning time: 0.410 ms
Execution time: 3475.162 ms
