Seq Scan on movie_keyword mk  (cost=0.00..81003.12 rows=1649851 width=0) (actual time=0.015..1379.411 rows=1658776 loops=1)
  Filter: (keyword_id < 2546)
  Rows Removed by Filter: 2865154
Planning time: 0.237 ms
Execution time: 1597.414 ms
