Hash Join  (cost=114892.54..482742.95 rows=319447 width=0) (actual time=2310.306..9776.458 rows=124638 loops=1)
  Hash Cond: (mi.movie_id = t.id)
  ->  Seq Scan on movie_info mi  (cost=0.00..309384.22 rows=14739122 width=4) (actual time=0.022..4441.732 rows=14835720 loops=1)
  ->  Hash  (cost=114207.52..114207.52 rows=54802 width=8) (actual time=2052.460..2052.460 rows=22593 loops=1)
        Buckets: 65536  Batches: 1  Memory Usage: 1395kB
        ->  Hash Join  (cost=75574.02..114207.52 rows=54802 width=8) (actual time=1197.182..2045.209 rows=22593 loops=1)
              Hash Cond: (mi_idx.movie_id = t.id)
              ->  Seq Scan on movie_info_idx mi_idx  (cost=0.00..21735.35 rows=1380035 width=4) (actual time=0.030..390.851 rows=1380035 loops=1)
              ->  Hash  (cost=73925.90..73925.90 rows=100409 width=4) (actual time=1196.391..1196.391 rows=110402 loops=1)
                    Buckets: 131072  Batches: 2  Memory Usage: 2964kB
                    ->  Seq Scan on title t  (cost=0.00..73925.90 rows=100409 width=4) (actual time=0.030..1155.474 rows=110402 loops=1)
                          Filter: ((kind_id = 7) AND (production_year = 2012))
                          Rows Removed by Filter: 2417910
Planning time: 3.914 ms
Execution time: 9792.911 ms
