Seq Scan on cast_info ci  (cost=0.00..705507.15 rows=17704082 width=0) (actual time=12.608..22372.306 rows=17556581 loops=1)
  Filter: (person_id < 1737570)
  Rows Removed by Filter: 18687763
Planning time: 8.765 ms
Execution time: 24576.527 ms
