Hash Join  (cost=300899.54..1420368.26 rows=17235564 width=0) (actual time=11286.544..67459.306 rows=56875141 loops=1)
  Hash Cond: (ci.movie_id = t.id)
  ->  Seq Scan on cast_info ci  (cost=0.00..705507.15 rows=16444630 width=4) (actual time=3688.846..30972.537 rows=16580500 loops=1)
        Filter: (person_id > 1970976)
        Rows Removed by Filter: 19663844
  ->  Hash  (cost=257419.77..257419.77 rows=2650141 width=8) (actual time=7595.733..7595.733 rows=2639405 loops=1)
        Buckets: 131072  Batches: 64  Memory Usage: 2657kB
        ->  Hash Join  (cost=102767.86..257419.77 rows=2650141 width=8) (actual time=2355.580..6792.149 rows=2639405 loops=1)
              Hash Cond: (mk.movie_id = t.id)
              ->  Seq Scan on movie_keyword mk  (cost=0.00..81003.12 rows=2650141 width=4) (actual time=0.045..1768.366 rows=2639405 loops=1)
                    Filter: (keyword_id > 3219)
                    Rows Removed by Filter: 1884525
              ->  Hash  (cost=61283.27..61283.27 rows=2528527 width=4) (actual time=2353.233..2353.233 rows=2528312 loops=1)
                    Buckets: 131072  Batches: 64  Memory Usage: 2425kB
                    ->  Seq Scan on title t  (cost=0.00..61283.27 rows=2528527 width=4) (actual time=0.018..1177.520 rows=2528312 loops=1)
Planning time: 1.307 ms
Execution time: 75257.028 ms
