Hash Join  (cost=28267.65..114925.71 rows=2 width=0) (actual time=621.942..2162.245 rows=477 loops=1)
  Hash Cond: (mk.movie_id = t.id)
  ->  Seq Scan on movie_keyword mk  (cost=0.00..69693.30 rows=4523930 width=4) (actual time=0.015..997.530 rows=4523930 loops=1)
  ->  Hash  (cost=28267.64..28267.64 rows=1 width=8) (actual time=412.771..412.771 rows=3 loops=1)
        Buckets: 1024  Batches: 1  Memory Usage: 9kB
        ->  Nested Loop  (cost=0.43..28267.64 rows=1 width=8) (actual time=177.502..412.760 rows=3 loops=1)
              ->  Seq Scan on movie_info_idx mi_idx  (cost=0.00..25185.44 rows=368 width=4) (actual time=175.855..400.655 rows=260 loops=1)
                    Filter: (info_type_id > 101)
                    Rows Removed by Filter: 1379775
              ->  Index Scan using title_pkey on title t  (cost=0.43..8.37 rows=1 width=4) (actual time=0.046..0.046 rows=0 loops=260)
                    Index Cond: (id = mi_idx.movie_id)
                    Filter: ((kind_id < 7) AND (production_year = 1987))
                    Rows Removed by Filter: 1
Planning time: 0.772 ms
Execution time: 2162.439 ms
