Nested Loop  (cost=44377.22..165252.55 rows=18607 width=0) (actual time=2117.018..7498.286 rows=50719 loops=1)
  Join Filter: (mc.movie_id = t.id)
  ->  Hash Join  (cost=44376.79..108369.64 rows=96346 width=8) (actual time=2116.923..4859.750 rows=50719 loops=1)
        Hash Cond: (mc.movie_id = mi_idx.movie_id)
        ->  Seq Scan on movie_companies mc  (cost=0.00..51404.11 rows=34093 width=4) (actual time=0.201..2557.123 rows=36136 loops=1)
              Filter: (company_id = 160)
              Rows Removed by Filter: 2572993
        ->  Hash  (cost=21735.35..21735.35 rows=1380035 width=4) (actual time=2004.768..2004.768 rows=1380035 loops=1)
              Buckets: 131072  Batches: 32  Memory Usage: 2540kB
              ->  Seq Scan on movie_info_idx mi_idx  (cost=0.00..21735.35 rows=1380035 width=4) (actual time=0.013..1417.732 rows=1380035 loops=1)
  ->  Index Only Scan using title_pkey on title t  (cost=0.43..0.58 rows=1 width=4) (actual time=0.051..0.051 rows=1 loops=50719)
        Index Cond: (id = mi_idx.movie_id)
        Heap Fetches: 50719
Planning time: 1.150 ms
Execution time: 7508.109 ms
