Hash Join  (cost=129364.46..216422.07 rows=39957 width=0) (actual time=2225.438..4086.411 rows=59081 loops=1)
  Hash Cond: (mk.movie_id = t.id)
  ->  Seq Scan on movie_keyword mk  (cost=0.00..69693.30 rows=4523930 width=4) (actual time=0.017..992.639 rows=4523930 loops=1)
  ->  Hash  (cost=129085.30..129085.30 rows=22333 width=8) (actual time=2223.507..2223.507 rows=25176 loops=1)
        Buckets: 32768  Batches: 1  Memory Usage: 1240kB
        ->  Hash Join  (cost=74196.44..129085.30 rows=22333 width=8) (actual time=1114.917..2213.599 rows=25176 loops=1)
              Hash Cond: (mc.movie_id = t.id)
              ->  Seq Scan on movie_companies mc  (cost=0.00..44881.29 rows=2609129 width=4) (actual time=0.013..551.381 rows=2609129 loops=1)
              ->  Hash  (cost=73925.90..73925.90 rows=21643 width=4) (actual time=1114.715..1114.715 rows=11565 loops=1)
                    Buckets: 32768  Batches: 1  Memory Usage: 663kB
                    ->  Seq Scan on title t  (cost=0.00..73925.90 rows=21643 width=4) (actual time=342.124..1110.195 rows=11565 loops=1)
                          Filter: ((production_year > 2009) AND (kind_id = 3))
                          Rows Removed by Filter: 2516747
Planning time: 1.688 ms
Execution time: 4094.330 ms
