Nested Loop  (cost=0.43..52283.69 rows=104 width=0) (actual time=51.352..878.061 rows=93 loops=1)
  ->  Seq Scan on movie_companies mc  (cost=0.00..51404.11 rows=104 width=4) (actual time=51.254..876.351 rows=93 loops=1)
        Filter: (company_id = 48860)
        Rows Removed by Filter: 2609036
  ->  Index Only Scan using title_pkey on title t  (cost=0.43..8.45 rows=1 width=4) (actual time=0.017..0.017 rows=1 loops=93)
        Index Cond: (id = mc.movie_id)
        Heap Fetches: 93
Planning time: 0.784 ms
Execution time: 878.145 ms
