Seq Scan on movie_keyword mk  (cost=0.00..81003.12 rows=246 width=0) (actual time=0.331..1331.007 rows=2543 loops=1)
  Filter: (keyword_id = 1082)
  Rows Removed by Filter: 4521387
Planning time: 0.346 ms
Execution time: 1331.852 ms
