Hash Join  (cost=79158.73..205447.86 rows=433184 width=0) (actual time=2956.821..4318.497 rows=87518 loops=1)
  Hash Cond: (mk.movie_id = t.id)
  ->  Seq Scan on movie_keyword mk  (cost=0.00..81003.12 rows=3434177 width=4) (actual time=0.017..1679.061 rows=3429443 loops=1)
        Filter: (keyword_id > 1117)
        Rows Removed by Filter: 1094487
  ->  Hash  (cost=73925.90..73925.90 rows=318946 width=4) (actual time=1255.737..1255.737 rows=209805 loops=1)
        Buckets: 131072  Batches: 8  Memory Usage: 1942kB
        ->  Seq Scan on title t  (cost=0.00..73925.90 rows=318946 width=4) (actual time=0.028..1184.767 rows=209805 loops=1)
              Filter: ((production_year < 1981) AND (kind_id = 7))
              Rows Removed by Filter: 2318507
Planning time: 0.788 ms
Execution time: 4328.602 ms
