Hash Join  (cost=213802.80..360311.10 rows=1641202 width=0) (actual time=5204.463..13793.153 rows=23633642 loops=1)
  Hash Cond: (mk.movie_id = t.id)
  ->  Seq Scan on movie_keyword mk  (cost=0.00..81003.12 rows=3884842 width=4) (actual time=0.027..1885.286 rows=3884292 loops=1)
        Filter: (keyword_id > 495)
        Rows Removed by Filter: 639638
  ->  Hash  (cost=196277.19..196277.19 rows=1068209 width=8) (actual time=5203.002..5203.002 rows=1274246 loops=1)
        Buckets: 131072 (originally 131072)  Batches: 32 (originally 16)  Memory Usage: 3073kB
        ->  Hash Join  (cost=102767.86..196277.19 rows=1068209 width=8) (actual time=2065.672..4806.000 rows=1274246 loops=1)
              Hash Cond: (mc.movie_id = t.id)
              ->  Seq Scan on movie_companies mc  (cost=0.00..57926.93 rows=1068209 width=4) (actual time=0.026..1233.160 rows=1274246 loops=1)
                    Filter: ((company_id < 78641) AND (company_type_id < 2))
                    Rows Removed by Filter: 1334883
              ->  Hash  (cost=61283.27..61283.27 rows=2528527 width=4) (actual time=2064.168..2064.168 rows=2528312 loops=1)
                    Buckets: 131072  Batches: 64  Memory Usage: 2415kB
                    ->  Seq Scan on title t  (cost=0.00..61283.27 rows=2528527 width=4) (actual time=0.016..1225.207 rows=2528312 loops=1)
Planning time: 3.965 ms
Execution time: 16210.312 ms
