Hash Join  (cost=262390.74..1625158.33 rows=27615239 width=0) (actual time=6740.295..64204.472 rows=101350197 loops=1)
  Hash Cond: (ci.movie_id = t.id)
  ->  Seq Scan on cast_info ci  (cost=0.00..614943.12 rows=36225612 width=4) (actual time=0.013..13285.350 rows=36244344 loops=1)
  ->  Hash  (cost=230766.64..230766.64 rows=1927528 width=8) (actual time=6738.736..6738.736 rows=2529592 loops=1)
        Buckets: 131072 (originally 131072)  Batches: 64 (originally 32)  Memory Usage: 4028kB
        ->  Hash Join  (cost=85280.32..230766.64 rows=1927528 width=8) (actual time=1669.564..6018.632 rows=2529592 loops=1)
              Hash Cond: (mk.movie_id = t.id)
              ->  Seq Scan on movie_keyword mk  (cost=0.00..69693.30 rows=4523930 width=4) (actual time=0.015..1573.394 rows=4523930 loops=1)
              ->  Hash  (cost=67604.59..67604.59 rows=1077339 width=4) (actual time=1668.737..1668.737 rows=1074765 loops=1)
                    Buckets: 131072  Batches: 16  Memory Usage: 3396kB
                    ->  Seq Scan on title t  (cost=0.00..67604.59 rows=1077339 width=4) (actual time=0.011..1317.160 rows=1074765 loops=1)
                          Filter: (production_year < 2001)
                          Rows Removed by Filter: 1453547
Planning time: 0.691 ms
Execution time: 74739.197 ms
