Hash Join  (cost=93117.31..1235946.79 rows=11049029 width=0) (actual time=2485.610..33558.708 rows=12448059 loops=1)
  Hash Cond: (ci.movie_id = t.id)
  ->  Seq Scan on cast_info ci  (cost=0.00..796071.18 rows=17966202 width=4) (actual time=636.070..17126.115 rows=19660860 loops=1)
        Filter: ((person_id < 2065410) AND (role_id < 10))
        Rows Removed by Filter: 16583484
  ->  Hash  (cost=67604.59..67604.59 rows=1555018 width=4) (actual time=1848.781..1848.781 rows=1551727 loops=1)
        Buckets: 131072  Batches: 32  Memory Usage: 2728kB
        ->  Seq Scan on title t  (cost=0.00..67604.59 rows=1555018 width=4) (actual time=0.015..1148.775 rows=1551727 loops=1)
              Filter: (production_year < 2007)
              Rows Removed by Filter: 976585
Planning time: 0.856 ms
Execution time: 34959.903 ms
