Hash Join  (cost=74858.68..456928.79 rows=261464 width=0) (actual time=1314.497..11094.164 rows=115673 loops=1)
  Hash Cond: (mi.movie_id = t.id)
  ->  Seq Scan on movie_info mi  (cost=0.00..346232.03 rows=8859586 width=4) (actual time=0.014..6191.081 rows=8966694 loops=1)
        Filter: (info_type_id < 15)
        Rows Removed by Filter: 5869026
  ->  Hash  (cost=73925.90..73925.90 rows=74622 width=4) (actual time=1313.605..1313.605 rows=93597 loops=1)
        Buckets: 131072 (originally 131072)  Batches: 2 (originally 1)  Memory Usage: 3073kB
        ->  Seq Scan on title t  (cost=0.00..73925.90 rows=74622 width=4) (actual time=0.021..1270.853 rows=93597 loops=1)
              Filter: ((kind_id > 3) AND (production_year = 2007))
              Rows Removed by Filter: 2434715
Planning time: 0.789 ms
Execution time: 11111.434 ms
