Hash Join  (cost=225178.41..817355.39 rows=8804615 width=0) (actual time=11177.691..55395.096 rows=35822245 loops=1)
  Hash Cond: (mi.movie_id = t.id)
  ->  Seq Scan on movie_info mi  (cost=0.00..309384.22 rows=14739122 width=4) (actual time=0.012..22758.959 rows=14835720 loops=1)
  ->  Hash  (cost=200396.78..200396.78 rows=1510450 width=8) (actual time=11176.849..11176.849 rows=1517927 loops=1)
        Buckets: 131072  Batches: 32  Memory Usage: 2912kB
        ->  Hash Join  (cost=102767.86..200396.78 rows=1510450 width=8) (actual time=5764.771..10678.252 rows=1517927 loops=1)
              Hash Cond: (mc.movie_id = t.id)
              ->  Seq Scan on movie_companies mc  (cost=0.00..51404.11 rows=1510450 width=4) (actual time=0.010..2962.117 rows=1517927 loops=1)
                    Filter: (company_id > 7282)
                    Rows Removed by Filter: 1091202
              ->  Hash  (cost=61283.27..61283.27 rows=2528527 width=4) (actual time=5762.808..5762.808 rows=2528312 loops=1)
                    Buckets: 131072  Batches: 64  Memory Usage: 2415kB
                    ->  Seq Scan on title t  (cost=0.00..61283.27 rows=2528527 width=4) (actual time=0.016..4471.542 rows=2528312 loops=1)
Planning time: 7.983 ms
Execution time: 60441.126 ms
