Hash Join  (cost=125451.68..617133.47 rows=1112984 width=0) (actual time=2682.033..17184.417 rows=7903258 loops=1)
  Hash Cond: (mi.movie_id = t.id)
  ->  Seq Scan on movie_info mi  (cost=0.00..309384.22 rows=14739122 width=4) (actual time=0.019..6262.237 rows=14835720 loops=1)
  ->  Hash  (cost=122319.00..122319.00 rows=190935 width=8) (actual time=2681.065..2681.065 rows=426204 loops=1)
        Buckets: 131072 (originally 131072)  Batches: 8 (originally 4)  Memory Usage: 3128kB
        ->  Hash Join  (cost=82581.58..122319.00 rows=190935 width=8) (actual time=1393.202..2544.923 rows=426204 loops=1)
              Hash Cond: (mi_idx.movie_id = t.id)
              ->  Seq Scan on movie_info_idx mi_idx  (cost=0.00..25185.44 rows=915101 width=4) (actual time=0.032..494.772 rows=919850 loops=1)
                    Filter: (info_type_id < 101)
                    Rows Removed by Filter: 460185
              ->  Hash  (cost=73925.90..73925.90 rows=527574 width=4) (actual time=1392.300..1392.300 rows=609532 loops=1)
                    Buckets: 131072  Batches: 8  Memory Usage: 3715kB
                    ->  Seq Scan on title t  (cost=0.00..73925.90 rows=527574 width=4) (actual time=0.025..1192.197 rows=609532 loops=1)
                          Filter: ((kind_id < 7) AND (production_year < 2005))
                          Rows Removed by Filter: 1918780
Planning time: 1.147 ms
Execution time: 18020.419 ms
