Hash Join  (cost=83074.74..137742.81 rows=254 width=0) (actual time=1239.429..2360.321 rows=6010 loops=1)
  Hash Cond: (mc.movie_id = t.id)
  ->  Seq Scan on movie_companies mc  (cost=0.00..44881.29 rows=2609129 width=4) (actual time=0.019..669.965 rows=2609129 loops=1)
  ->  Hash  (cost=83071.67..83071.67 rows=246 width=8) (actual time=1214.927..1214.927 rows=447 loops=1)
        Buckets: 1024  Batches: 1  Memory Usage: 26kB
        ->  Nested Loop  (cost=0.43..83071.67 rows=246 width=8) (actual time=1.813..1214.567 rows=447 loops=1)
              ->  Seq Scan on movie_keyword mk  (cost=0.00..81003.12 rows=246 width=4) (actual time=1.768..1194.305 rows=447 loops=1)
                    Filter: (keyword_id = 30579)
                    Rows Removed by Filter: 4523483
              ->  Index Only Scan using title_pkey on title t  (cost=0.43..8.40 rows=1 width=4) (actual time=0.043..0.043 rows=1 loops=447)
                    Index Cond: (id = mk.movie_id)
                    Heap Fetches: 447
Planning time: 1.079 ms
Execution time: 2361.263 ms
