Hash Join  (cost=435033.50..522744.48 rows=105294 width=0) (actual time=8124.930..10117.938 rows=318904 loops=1)
  Hash Cond: (mk.movie_id = t.id)
  ->  Seq Scan on movie_keyword mk  (cost=0.00..69693.30 rows=4523930 width=4) (actual time=0.013..1028.147 rows=4523930 loops=1)
  ->  Hash  (cost=434297.86..434297.86 rows=58851 width=8) (actual time=8124.287..8124.287 rows=48405 loops=1)
        Buckets: 65536  Batches: 1  Memory Usage: 2403kB
        ->  Hash Join  (cost=69179.59..434297.86 rows=58851 width=8) (actual time=2823.947..8106.868 rows=48405 loops=1)
              Hash Cond: (mi.movie_id = t.id)
              ->  Seq Scan on movie_info mi  (cost=0.00..346232.03 rows=1550064 width=4) (actual time=1147.368..5337.122 rows=1533909 loops=1)
                    Filter: (info_type_id = 3)
                    Rows Removed by Filter: 13301811
              ->  Hash  (cost=67604.59..67604.59 rows=96000 width=4) (actual time=1169.109..1169.109 rows=95005 loops=1)
                    Buckets: 131072  Batches: 2  Memory Usage: 2722kB
                    ->  Seq Scan on title t  (cost=0.00..67604.59 rows=96000 width=4) (actual time=0.032..1043.785 rows=95005 loops=1)
                          Filter: (production_year = 2005)
                          Rows Removed by Filter: 2433307
Planning time: 1.207 ms
Execution time: 10159.833 ms
