Hash Join  (cost=375981.33..2254001.09 rows=64548853 width=0) (actual time=10297.725..90943.980 rows=214735930 loops=1)
  Hash Cond: (ci.movie_id = t.id)
  ->  Seq Scan on cast_info ci  (cost=0.00..614943.12 rows=36225612 width=4) (actual time=0.014..13515.338 rows=36244344 loops=1)
  ->  Hash  (cost=302062.92..302062.92 rows=4505473 width=8) (actual time=10296.109..10296.109 rows=4508633 loops=1)
        Buckets: 131072  Batches: 64  Memory Usage: 3806kB
        ->  Hash Join  (cost=102767.86..302062.92 rows=4505473 width=8) (actual time=1937.759..8784.393 rows=4508633 loops=1)
              Hash Cond: (mk.movie_id = t.id)
              ->  Seq Scan on movie_keyword mk  (cost=0.00..81003.12 rows=4505473 width=4) (actual time=0.014..1843.009 rows=4508633 loops=1)
                    Filter: (keyword_id < 120904)
                    Rows Removed by Filter: 15297
              ->  Hash  (cost=61283.27..61283.27 rows=2528527 width=4) (actual time=1936.101..1936.101 rows=2528312 loops=1)
                    Buckets: 131072  Batches: 64  Memory Usage: 2425kB
                    ->  Seq Scan on title t  (cost=0.00..61283.27 rows=2528527 width=4) (actual time=0.026..1089.287 rows=2528312 loops=1)
Planning time: 1.214 ms
Execution time: 113391.692 ms
