Hash Join  (cost=263115.61..419334.57 rows=2751949 width=0) (actual time=6846.558..16372.249 rows=20006518 loops=1)
  Hash Cond: (mk.movie_id = t.id)
  ->  Seq Scan on movie_keyword mk  (cost=0.00..81003.12 rows=2666935 width=4) (actual time=0.016..1737.979 rows=2662035 loops=1)
        Filter: (keyword_id < 7407)
        Rows Removed by Filter: 1861895
  ->  Hash  (cost=220309.49..220309.49 rows=2609129 width=8) (actual time=6845.272..6845.272 rows=2609129 loops=1)
        Buckets: 131072  Batches: 64  Memory Usage: 2691kB
        ->  Hash Join  (cost=102767.86..220309.49 rows=2609129 width=8) (actual time=1984.455..6084.558 rows=2609129 loops=1)
              Hash Cond: (mc.movie_id = t.id)
              ->  Seq Scan on movie_companies mc  (cost=0.00..44881.29 rows=2609129 width=4) (actual time=0.017..894.031 rows=2609129 loops=1)
              ->  Hash  (cost=61283.27..61283.27 rows=2528527 width=4) (actual time=1982.945..1982.945 rows=2528312 loops=1)
                    Buckets: 131072  Batches: 64  Memory Usage: 2415kB
                    ->  Seq Scan on title t  (cost=0.00..61283.27 rows=2528527 width=4) (actual time=0.012..1152.424 rows=2528312 loops=1)
Planning time: 1.114 ms
Execution time: 18429.022 ms
