Hash Join  (cost=709678.15..796345.14 rows=895 width=0) (actual time=11456.128..13341.155 rows=5691 loops=1)
  Hash Cond: (mk.movie_id = t.id)
  ->  Seq Scan on movie_keyword mk  (cost=0.00..69693.30 rows=4523930 width=4) (actual time=0.019..1126.075 rows=4523930 loops=1)
  ->  Hash  (cost=709671.90..709671.90 rows=500 width=8) (actual time=11439.437..11439.437 rows=321 loops=1)
        Buckets: 1024  Batches: 1  Memory Usage: 21kB
        ->  Nested Loop  (cost=0.43..709671.90 rows=500 width=8) (actual time=88.647..11439.181 rows=321 loops=1)
              ->  Seq Scan on cast_info ci  (cost=0.00..705507.15 rows=500 width=4) (actual time=88.536..11428.625 rows=321 loops=1)
                    Filter: (person_id = 1292969)
                    Rows Removed by Filter: 36244023
              ->  Index Only Scan using title_pkey on title t  (cost=0.43..8.32 rows=1 width=4) (actual time=0.031..0.032 rows=1 loops=321)
                    Index Cond: (id = ci.movie_id)
                    Heap Fetches: 321
Planning time: 1.214 ms
Execution time: 13342.025 ms
