Hash Join  (cost=149441.06..236831.88 rows=73278 width=0) (actual time=2722.926..6110.607 rows=2072555 loops=1)
  Hash Cond: (mk.movie_id = t.id)
  ->  Seq Scan on movie_keyword mk  (cost=0.00..69693.30 rows=4523930 width=4) (actual time=0.018..1171.072 rows=4523930 loops=1)
  ->  Hash  (cost=148929.10..148929.10 rows=40957 width=8) (actual time=2722.413..2722.413 rows=205463 loops=1)
        Buckets: 131072 (originally 65536)  Batches: 4 (originally 1)  Memory Usage: 3073kB
        ->  Hash Join  (cost=86080.39..148929.10 rows=40957 width=8) (actual time=1769.637..2648.317 rows=205463 loops=1)
              Hash Cond: (mc.movie_id = t.id)
              ->  Seq Scan on movie_companies mc  (cost=0.00..57926.93 rows=139787 width=4) (actual time=305.738..878.164 rows=276124 loops=1)
                    Filter: ((company_id > 96507) AND (company_type_id = 2))
                    Rows Removed by Filter: 2333005
              ->  Hash  (cost=73925.90..73925.90 rows=740839 width=4) (actual time=1463.004..1463.004 rows=635012 loops=1)
                    Buckets: 131072  Batches: 16  Memory Usage: 2418kB
                    ->  Seq Scan on title t  (cost=0.00..73925.90 rows=740839 width=4) (actual time=0.028..1257.364 rows=635012 loops=1)
                          Filter: ((kind_id < 4) AND (production_year > 1963))
                          Rows Removed by Filter: 1893300
Planning time: 15.016 ms
Execution time: 6359.037 ms
