Seq Scan on movie_companies mc  (cost=0.00..51404.11 rows=1539711 width=0) (actual time=0.014..1009.087 rows=1542169 loops=1)
  Filter: (company_id > 6474)
  Rows Removed by Filter: 1066960
Planning time: 0.198 ms
Execution time: 1190.364 ms
