Seq Scan on movie_companies mc  (cost=0.00..51404.11 rows=880108 width=0) (actual time=0.026..900.147 rows=874627 loops=1)
  Filter: (company_id < 2562)
  Rows Removed by Filter: 1734502
Planning time: 0.299 ms
Execution time: 1012.278 ms
