Hash Join  (cost=28270.40..124918.12 rows=607 width=0) (actual time=1133.668..6836.091 rows=35369 loops=1)
  Hash Cond: (mk.movie_id = t.id)
  ->  Seq Scan on movie_keyword mk  (cost=0.00..81003.12 rows=4170273 width=4) (actual time=0.015..4874.789 rows=4172976 loops=1)
        Filter: (keyword_id < 47446)
        Rows Removed by Filter: 350954
  ->  Hash  (cost=28265.80..28265.80 rows=368 width=8) (actual time=1133.473..1133.473 rows=260 loops=1)
        Buckets: 1024  Batches: 1  Memory Usage: 19kB
        ->  Nested Loop  (cost=0.43..28265.80 rows=368 width=8) (actual time=558.878..1133.343 rows=260 loops=1)
              ->  Seq Scan on movie_info_idx mi_idx  (cost=0.00..25185.44 rows=368 width=4) (actual time=558.791..1072.904 rows=260 loops=1)
                    Filter: (info_type_id > 101)
                    Rows Removed by Filter: 1379775
              ->  Index Only Scan using title_pkey on title t  (cost=0.43..8.36 rows=1 width=4) (actual time=0.231..0.232 rows=1 loops=260)
                    Index Cond: (id = mi_idx.movie_id)
                    Heap Fetches: 260
Planning time: 1.089 ms
Execution time: 6840.772 ms
