Hash Join  (cost=1347701.82..2862472.13 rows=76276255 width=0) (actual time=30987.366..88803.578 rows=171143503 loops=1)
  Hash Cond: (mi.movie_id = t.id)
  ->  Seq Scan on movie_info mi  (cost=0.00..309384.22 rows=14739122 width=4) (actual time=0.014..6264.103 rows=14835720 loops=1)
  ->  Hash  (cost=1133019.95..1133019.95 rows=13085350 width=8) (actual time=30982.684..30982.684 rows=13206266 loops=1)
        Buckets: 131072  Batches: 256  Memory Usage: 3101kB
        ->  Hash Join  (cost=102767.86..1133019.95 rows=13085350 width=8) (actual time=1919.764..27170.259 rows=13206266 loops=1)
              Hash Cond: (ci.movie_id = t.id)
              ->  Seq Scan on cast_info ci  (cost=0.00..705507.15 rows=13085350 width=4) (actual time=0.010..13466.004 rows=13206266 loops=1)
                    Filter: (person_id > 2353563)
                    Rows Removed by Filter: 23038078
              ->  Hash  (cost=61283.27..61283.27 rows=2528527 width=4) (actual time=1918.011..1918.011 rows=2528312 loops=1)
                    Buckets: 131072  Batches: 64  Memory Usage: 2415kB
                    ->  Seq Scan on title t  (cost=0.00..61283.27 rows=2528527 width=4) (actual time=0.025..1106.396 rows=2528312 loops=1)
Planning time: 1.079 ms
Execution time: 107180.055 ms
