Hash Join  (cost=142214.21..651929.70 rows=2803058 width=0) (actual time=3069.733..16578.742 rows=4079775 loops=1)
  Hash Cond: (mi.movie_id = t.id)
  ->  Seq Scan on movie_info mi  (cost=0.00..309384.22 rows=14739122 width=4) (actual time=0.017..5964.358 rows=14835720 loops=1)
  ->  Hash  (cost=134324.34..134324.34 rows=480870 width=8) (actual time=3068.242..3068.242 rows=396321 loops=1)
        Buckets: 131072  Batches: 8  Memory Usage: 2983kB
        ->  Hash Join  (cost=88381.15..134324.34 rows=480870 width=8) (actual time=1660.119..2953.844 rows=396321 loops=1)
              Hash Cond: (mi_idx.movie_id = t.id)
              ->  Seq Scan on movie_info_idx mi_idx  (cost=0.00..21735.35 rows=1380035 width=4) (actual time=0.024..460.855 rows=1380035 loops=1)
              ->  Hash  (cost=73925.90..73925.90 rows=881060 width=4) (actual time=1658.945..1658.945 rows=795183 loops=1)
                    Buckets: 131072  Batches: 16  Memory Usage: 2773kB
                    ->  Seq Scan on title t  (cost=0.00..73925.90 rows=881060 width=4) (actual time=0.022..1398.577 rows=795183 loops=1)
                          Filter: ((kind_id > 1) AND (production_year < 2003))
                          Rows Removed by Filter: 1733129
Planning time: 2.357 ms
Execution time: 17045.433 ms
