Hash Join  (cost=112400.67..871702.23 rows=851237 width=0) (actual time=1943.578..19589.841 rows=1073253 loops=1)
  Hash Cond: (ci.movie_id = t.id)
  ->  Seq Scan on cast_info ci  (cost=0.00..614943.12 rows=36225612 width=4) (actual time=0.016..8304.345 rows=36244344 loops=1)
  ->  Hash  (cost=111657.97..111657.97 rows=59416 width=8) (actual time=1943.254..1943.254 rows=25416 loops=1)
        Buckets: 65536  Batches: 1  Memory Usage: 1505kB
        ->  Hash Join  (cost=79273.71..111657.97 rows=59416 width=8) (actual time=1247.445..1932.324 rows=25416 loops=1)
              Hash Cond: (mi_idx.movie_id = t.id)
              ->  Seq Scan on movie_info_idx mi_idx  (cost=0.00..25185.44 rows=460978 width=4) (actual time=0.021..433.305 rows=459925 loops=1)
                    Filter: (info_type_id = 99)
                    Rows Removed by Filter: 920110
              ->  Hash  (cost=73925.90..73925.90 rows=325904 width=4) (actual time=1222.529..1222.529 rows=349534 loops=1)
                    Buckets: 131072  Batches: 8  Memory Usage: 2566kB
                    ->  Seq Scan on title t  (cost=0.00..73925.90 rows=325904 width=4) (actual time=12.153..1112.440 rows=349534 loops=1)
                          Filter: ((production_year > 2009) AND (kind_id = 7))
                          Rows Removed by Filter: 2178778
Planning time: 0.797 ms
Execution time: 19736.235 ms
