Seq Scan on title t  (cost=0.00..73925.90 rows=328614 width=0) (actual time=1.117..1224.740 rows=350917 loops=1)
  Filter: ((kind_id > 4) AND (production_year > 2009))
  Rows Removed by Filter: 2177395
Planning time: 0.335 ms
Execution time: 1271.217 ms
