Hash Join  (cost=94699.36..157329.42 rows=2005 width=0) (actual time=1879.025..2941.978 rows=13766 loops=1)
  Hash Cond: (mc.movie_id = t.id)
  ->  Seq Scan on movie_companies mc  (cost=0.00..57926.93 rows=1248820 width=4) (actual time=335.492..1159.683 rows=1296872 loops=1)
        Filter: ((company_id > 27) AND (company_type_id = 2))
        Rows Removed by Filter: 1312257
  ->  Hash  (cost=94648.62..94648.62 rows=4059 width=8) (actual time=1542.338..1542.338 rows=12122 loops=1)
        Buckets: 16384 (originally 4096)  Batches: 1 (originally 1)  Memory Usage: 602kB
        ->  Hash Join  (cost=67697.55..94648.62 rows=4059 width=8) (actual time=904.181..1537.538 rows=12122 loops=1)
              Hash Cond: (mi_idx.movie_id = t.id)
              ->  Seq Scan on movie_info_idx mi_idx  (cost=0.00..21735.35 rows=1380035 width=4) (actual time=0.019..317.694 rows=1380035 loops=1)
              ->  Hash  (cost=67604.59..67604.59 rows=7437 width=4) (actual time=904.104..904.104 rows=15489 loops=1)
                    Buckets: 16384 (originally 8192)  Batches: 1 (originally 1)  Memory Usage: 673kB
                    ->  Seq Scan on title t  (cost=0.00..67604.59 rows=7437 width=4) (actual time=0.172..896.691 rows=15489 loops=1)
                          Filter: (production_year = 1983)
                          Rows Removed by Filter: 2512823
Planning time: 1.301 ms
Execution time: 2944.255 ms
