Seq Scan on cast_info ci  (cost=0.00..796071.18 rows=7464544 width=0) (actual time=6416.147..13107.209 rows=4600640 loops=1)
  Filter: ((person_id < 1638140) AND (role_id > 2))
  Rows Removed by Filter: 31643704
Planning time: 0.332 ms
Execution time: 13677.973 ms
