Hash Join  (cost=70241.71..477753.70 rows=316060 width=0) (actual time=1245.670..9549.307 rows=293847 loops=1)
  Hash Cond: (mi.movie_id = t.id)
  ->  Seq Scan on movie_info mi  (cost=0.00..346232.03 rows=4972096 width=4) (actual time=129.122..5926.143 rows=4923966 loops=1)
        Filter: (info_type_id < 5)
        Rows Removed by Filter: 9911754
  ->  Hash  (cost=67604.59..67604.59 rows=160730 width=4) (actual time=1115.717..1115.717 rows=160017 loops=1)
        Buckets: 131072  Batches: 4  Memory Usage: 2442kB
        ->  Seq Scan on title t  (cost=0.00..67604.59 rows=160730 width=4) (actual time=0.030..1050.210 rows=160017 loops=1)
              Filter: (production_year = 2011)
              Rows Removed by Filter: 2368295
Planning time: 0.691 ms
Execution time: 9589.034 ms
