Hash Join  (cost=254044.01..1231915.39 rows=10732322 width=0) (actual time=7136.790..34659.890 rows=27179153 loops=1)
  Hash Cond: (ci.movie_id = t.id)
  ->  Seq Scan on cast_info ci  (cost=0.00..705507.15 rows=12203201 width=4) (actual time=1078.282..14468.547 rows=12113646 loops=1)
        Filter: (role_id > 3)
        Rows Removed by Filter: 24130698
  ->  Hash  (cost=217560.04..217560.04 rows=2223758 width=8) (actual time=6057.425..6057.425 rows=2223482 loops=1)
        Buckets: 131072  Batches: 32  Memory Usage: 3714kB
        ->  Hash Join  (cost=102767.86..217560.04 rows=2223758 width=8) (actual time=1970.377..5417.858 rows=2223482 loops=1)
              Hash Cond: (mc.movie_id = t.id)
              ->  Seq Scan on movie_companies mc  (cost=0.00..51404.11 rows=2223758 width=4) (actual time=0.025..1243.893 rows=2223482 loops=1)
                    Filter: (company_id > 225)
                    Rows Removed by Filter: 385647
              ->  Hash  (cost=61283.27..61283.27 rows=2528527 width=4) (actual time=1969.291..1969.291 rows=2528312 loops=1)
                    Buckets: 131072  Batches: 64  Memory Usage: 2415kB
                    ->  Seq Scan on title t  (cost=0.00..61283.27 rows=2528527 width=4) (actual time=0.022..1133.533 rows=2528312 loops=1)
Planning time: 5.170 ms
Execution time: 37763.438 ms
