Hash Join  (cost=517129.04..579477.49 rows=154997 width=219) (actual time=7988.111..9548.010 rows=561055 loops=1)
  Hash Cond: (mi_idx.movie_id = t.id)
  ->  Seq Scan on movie_info_idx mi_idx  (cost=0.00..21735.35 rows=1380035 width=50) (actual time=0.019..449.997 rows=1380035 loops=1)
  ->  Hash  (cost=506645.17..506645.17 rows=283989 width=169) (actual time=7987.002..7987.002 rows=221333 loops=1)
        Buckets: 32768 (originally 32768)  Batches: 32 (originally 16)  Memory Usage: 3841kB
        ->  Hash Join  (cost=118476.17..506645.17 rows=283989 width=169) (actual time=4673.090..7795.477 rows=221333 loops=1)
              Hash Cond: (mi.movie_id = t.id)
              ->  Seq Scan on movie_info mi  (cost=0.00..346232.03 rows=383217 width=75) (actual time=2177.458..4207.672 rows=368218 loops=1)
                    Filter: (info_type_id = 17)
                    Rows Removed by Filter: 14467502
              ->  Hash  (cost=67604.59..67604.59 rows=1873807 width=94) (actual time=2360.394..2360.394 rows=1871198 loops=1)
                    Buckets: 32768  Batches: 64  Memory Usage: 3574kB
                    ->  Seq Scan on title t  (cost=0.00..67604.59 rows=1873807 width=94) (actual time=0.030..1521.807 rows=1871198 loops=1)
                          Filter: (production_year > 1984)
                          Rows Removed by Filter: 657114
Planning time: 1.309 ms
Execution time: 9581.152 ms
