Seq Scan on movie_keyword mk  (cost=0.00..81003.12 rows=3652749 width=0) (actual time=0.025..1517.412 rows=3647864 loops=1)
  Filter: (keyword_id > 830)
  Rows Removed by Filter: 876066
Planning time: 0.361 ms
Execution time: 1968.016 ms
