Hash Join  (cost=275497.65..814008.56 rows=7086395 width=0) (actual time=5793.547..25224.261 rows=39524025 loops=1)
  Hash Cond: (mi.movie_id = t.id)
  ->  Seq Scan on movie_info mi  (cost=0.00..346232.03 rows=8859586 width=4) (actual time=0.026..6335.569 rows=8966694 loops=1)
        Filter: (info_type_id < 15)
        Rows Removed by Filter: 5869026
  ->  Hash  (cost=242315.93..242315.93 rows=2022458 width=8) (actual time=5792.389..5792.389 rows=2028337 loops=1)
        Buckets: 131072  Batches: 32  Memory Usage: 3566kB
        ->  Hash Join  (cost=102767.86..242315.93 rows=2022458 width=8) (actual time=1973.902..5261.936 rows=2028337 loops=1)
              Hash Cond: (mk.movie_id = t.id)
              ->  Seq Scan on movie_keyword mk  (cost=0.00..81003.12 rows=2022458 width=4) (actual time=0.026..1474.179 rows=2028337 loops=1)
                    Filter: (keyword_id > 6087)
                    Rows Removed by Filter: 2495593
              ->  Hash  (cost=61283.27..61283.27 rows=2528527 width=4) (actual time=1971.886..1971.886 rows=2528312 loops=1)
                    Buckets: 131072  Batches: 64  Memory Usage: 2425kB
                    ->  Seq Scan on title t  (cost=0.00..61283.27 rows=2528527 width=4) (actual time=0.021..1111.661 rows=2528312 loops=1)
Planning time: 1.216 ms
Execution time: 29232.642 ms
