Hash Join  (cost=78556.72..876862.05 rows=1676469 width=0) (actual time=3063.753..16985.901 rows=1931658 loops=1)
  Hash Cond: (ci.movie_id = t.id)
  ->  Seq Scan on cast_info ci  (cost=0.00..705507.15 rows=6350262 width=4) (actual time=1702.529..11895.192 rows=6437406 loops=1)
        Filter: (person_id > 3011788)
        Rows Removed by Filter: 29806938
  ->  Hash  (cost=67604.59..67604.59 rows=667531 width=4) (actual time=1359.563..1359.563 rows=662825 loops=1)
        Buckets: 131072  Batches: 16  Memory Usage: 2476kB
        ->  Seq Scan on title t  (cost=0.00..67604.59 rows=667531 width=4) (actual time=18.360..1148.447 rows=662825 loops=1)
              Filter: (kind_id = 1)
              Rows Removed by Filter: 1865487
Planning time: 0.764 ms
Execution time: 17227.672 ms
