Hash Join  (cost=183417.19..261200.28 rows=631393 width=0) (actual time=4285.193..6573.681 rows=1589255 loops=1)
  Hash Cond: (mc.movie_id = t.id)
  ->  Seq Scan on movie_companies mc  (cost=0.00..51404.11 rows=1329612 width=4) (actual time=0.025..1051.944 rows=1334883 loops=1)
        Filter: (company_type_id > 1)
        Rows Removed by Filter: 1274246
  ->  Hash  (cost=163717.17..163717.17 rows=1200722 width=8) (actual time=4284.338..4284.338 rows=1232815 loops=1)
        Buckets: 131072  Batches: 16  Memory Usage: 4039kB
        ->  Hash Join  (cost=103698.42..163717.17 rows=1200722 width=8) (actual time=2091.199..3933.118 rows=1232815 loops=1)
              Hash Cond: (mi_idx.movie_id = t.id)
              ->  Seq Scan on movie_info_idx mi_idx  (cost=0.00..21735.35 rows=1380035 width=4) (actual time=0.018..451.840 rows=1380035 loops=1)
              ->  Hash  (cost=67604.59..67604.59 rows=2199987 width=4) (actual time=2090.049..2090.049 rows=2192624 loops=1)
                    Buckets: 131072  Batches: 32  Memory Usage: 3436kB
                    ->  Seq Scan on title t  (cost=0.00..67604.59 rows=2199987 width=4) (actual time=0.021..1382.505 rows=2192624 loops=1)
                          Filter: (production_year > 1961)
                          Rows Removed by Filter: 335688
Planning time: 1.169 ms
Execution time: 6762.970 ms
