Seq Scan on movie_keyword mk  (cost=0.00..81003.12 rows=246 width=0) (actual time=63.645..3560.020 rows=50 loops=1)
  Filter: (keyword_id = 28835)
  Rows Removed by Filter: 4523880
Planning time: 0.354 ms
Execution time: 3560.150 ms
