Seq Scan on movie_companies mc  (cost=0.00..51404.11 rows=910034 width=0) (actual time=0.024..879.100 rows=919027 loops=1)
  Filter: (company_id > 20235)
  Rows Removed by Filter: 1690102
Planning time: 0.343 ms
Execution time: 990.523 ms
