Seq Scan on cast_info ci  (cost=0.00..796071.18 rows=5003612 width=0) (actual time=7364.246..13682.461 rows=8241424 loops=1)
  Filter: ((person_id > 2145772) AND (role_id > 3))
  Rows Removed by Filter: 28002920
Planning time: 0.370 ms
Execution time: 14700.471 ms
