Seq Scan on movie_keyword mk  (cost=0.00..81003.12 rows=4290357 width=0) (actual time=0.021..1571.563 rows=4277446 loops=1)
  Filter: (keyword_id > 212)
  Rows Removed by Filter: 246484
Planning time: 0.331 ms
Execution time: 2100.725 ms
