Hash Join  (cost=83810.17..1340497.31 rows=13821420 width=0) (actual time=1382.946..41528.548 rows=14509845 loops=1)
  Hash Cond: (ci.movie_id = t.id)
  ->  Seq Scan on cast_info ci  (cost=0.00..705507.15 rows=35382077 width=4) (actual time=0.021..16778.258 rows=35369642 loops=1)
        Filter: (person_id < 3893684)
        Rows Removed by Filter: 874702
  ->  Hash  (cost=67604.59..67604.59 rows=987727 width=4) (actual time=1381.788..1381.788 rows=985048 loops=1)
        Buckets: 131072  Batches: 16  Memory Usage: 3188kB
        ->  Seq Scan on title t  (cost=0.00..67604.59 rows=987727 width=4) (actual time=0.025..1077.206 rows=985048 loops=1)
              Filter: (kind_id < 7)
              Rows Removed by Filter: 1543264
Planning time: 2.349 ms
Execution time: 43132.644 ms
