Seq Scan on movie_companies mc  (cost=0.00..51404.11 rows=104 width=0) (actual time=549.955..767.561 rows=6 loops=1)
  Filter: (company_id = 113127)
  Rows Removed by Filter: 2609123
Planning time: 0.394 ms
Execution time: 767.651 ms
