Seq Scan on movie_companies mc  (cost=0.00..51404.11 rows=104 width=0) (actual time=110.307..878.261 rows=112 loops=1)
  Filter: (company_id = 95230)
  Rows Removed by Filter: 2609017
Planning time: 0.371 ms
Execution time: 878.377 ms
