Hash Join  (cost=101665.97..157935.64 rows=4610 width=0) (actual time=1994.287..3108.554 rows=14178 loops=1)
  Hash Cond: (mc.movie_id = t.id)
  ->  Seq Scan on movie_companies mc  (cost=0.00..51404.11 rows=1285189 width=4) (actual time=0.016..871.031 rows=1275869 loops=1)
        Filter: (company_id < 11205)
        Rows Removed by Filter: 1333260
  ->  Hash  (cost=101552.60..101552.60 rows=9070 width=8) (actual time=1994.072..1994.072 rows=9680 loops=1)
        Buckets: 16384  Batches: 1  Memory Usage: 507kB
        ->  Hash Join  (cost=74547.79..101552.60 rows=9070 width=8) (actual time=1293.073..1990.045 rows=9680 loops=1)
              Hash Cond: (mi_idx.movie_id = t.id)
              ->  Seq Scan on movie_info_idx mi_idx  (cost=0.00..25185.44 rows=460978 width=4) (actual time=0.016..554.739 rows=459925 loops=1)
                    Filter: (info_type_id = 99)
                    Rows Removed by Filter: 920110
              ->  Hash  (cost=73925.90..73925.90 rows=49751 width=4) (actual time=1292.560..1292.560 rows=56995 loops=1)
                    Buckets: 65536  Batches: 1  Memory Usage: 2516kB
                    ->  Seq Scan on title t  (cost=0.00..73925.90 rows=49751 width=4) (actual time=0.026..1268.802 rows=56995 loops=1)
                          Filter: ((kind_id > 1) AND (production_year = 2003))
                          Rows Removed by Filter: 2471317
Planning time: 1.016 ms
Execution time: 3111.134 ms
