Seq Scan on movie_companies mc  (cost=0.00..51404.11 rows=459610 width=0) (actual time=135.396..629.094 rows=462290 loops=1)
  Filter: (company_id > 76410)
  Rows Removed by Filter: 2146839
Planning time: 0.315 ms
Execution time: 684.930 ms
