Hash Join  (cost=107730.59..152916.45 rows=449359 width=0) (actual time=3549.502..4849.304 rows=457977 loops=1)
  Hash Cond: (mi_idx.movie_id = t.id)
  ->  Seq Scan on movie_info_idx mi_idx  (cost=0.00..25185.44 rows=464566 width=4) (actual time=0.031..434.791 rows=459925 loops=1)
        Filter: (info_type_id = 101)
        Rows Removed by Filter: 920110
  ->  Hash  (cost=67604.59..67604.59 rows=2445760 width=4) (actual time=3548.366..3548.366 rows=2442366 loops=1)
        Buckets: 131072  Batches: 32  Memory Usage: 3707kB
        ->  Seq Scan on title t  (cost=0.00..67604.59 rows=2445760 width=4) (actual time=0.016..1290.087 rows=2442366 loops=1)
              Filter: (production_year > 1903)
              Rows Removed by Filter: 85946
Planning time: 0.733 ms
Execution time: 4909.222 ms
