Hash Join  (cost=217020.42..1335818.23 rows=8273864 width=0) (actual time=4244.222..41383.681 rows=27962338 loops=1)
  Hash Cond: (ci.movie_id = t.id)
  ->  Seq Scan on cast_info ci  (cost=0.00..614943.12 rows=36225612 width=4) (actual time=0.018..13145.530 rows=36244344 loops=1)
  ->  Hash  (cost=207545.54..207545.54 rows=577511 width=8) (actual time=4243.376..4243.376 rows=575059 loops=1)
        Buckets: 131072  Batches: 8  Memory Usage: 3862kB
        ->  Hash Join  (cost=102767.86..207545.54 rows=577511 width=8) (actual time=1916.232..4087.674 rows=575059 loops=1)
              Hash Cond: (mk.movie_id = t.id)
              ->  Seq Scan on movie_keyword mk  (cost=0.00..81003.12 rows=577511 width=4) (actual time=0.032..1347.439 rows=575059 loops=1)
                    Filter: (keyword_id > 31917)
                    Rows Removed by Filter: 3948871
              ->  Hash  (cost=61283.27..61283.27 rows=2528527 width=4) (actual time=1914.421..1914.421 rows=2528312 loops=1)
                    Buckets: 131072  Batches: 64  Memory Usage: 2425kB
                    ->  Seq Scan on title t  (cost=0.00..61283.27 rows=2528527 width=4) (actual time=0.017..1077.018 rows=2528312 loops=1)
Planning time: 1.178 ms
Execution time: 44558.635 ms
