Hash Join  (cost=219902.05..1336098.79 rows=9279271 width=0) (actual time=4679.104..38039.291 rows=15385660 loops=1)
  Hash Cond: (ci.movie_id = t.id)
  ->  Seq Scan on cast_info ci  (cost=0.00..796071.18 rows=19249293 width=4) (actual time=0.027..17831.830 rows=22144878 loops=1)
        Filter: ((person_id < 2491367) AND (role_id < 8))
        Rows Removed by Filter: 14099466
  ->  Hash  (cost=199903.85..199903.85 rows=1218896 width=8) (actual time=4677.953..4677.953 rows=1116076 loops=1)
        Buckets: 131072  Batches: 16  Memory Usage: 3736kB
        ->  Hash Join  (cost=102767.86..199903.85 rows=1218896 width=8) (actual time=1950.446..4365.748 rows=1116076 loops=1)
              Hash Cond: (mc.movie_id = t.id)
              ->  Seq Scan on movie_companies mc  (cost=0.00..57926.93 rows=1218896 width=4) (actual time=0.389..1159.477 rows=1116076 loops=1)
                    Filter: ((company_id < 108300) AND (company_type_id = 2))
                    Rows Removed by Filter: 1493053
              ->  Hash  (cost=61283.27..61283.27 rows=2528527 width=4) (actual time=1948.892..1948.892 rows=2528312 loops=1)
                    Buckets: 131072  Batches: 64  Memory Usage: 2415kB
                    ->  Seq Scan on title t  (cost=0.00..61283.27 rows=2528527 width=4) (actual time=0.009..1097.928 rows=2528312 loops=1)
Planning time: 1.232 ms
Execution time: 39757.371 ms
