Hash Join  (cost=152077.95..1202347.32 rows=1602821 width=0) (actual time=2830.959..31114.825 rows=3862505 loops=1)
  Hash Cond: (ci.movie_id = t.id)
  ->  Seq Scan on cast_info ci  (cost=0.00..614943.12 rows=36225612 width=4) (actual time=0.013..12896.843 rows=36244344 loops=1)
  ->  Hash  (cost=150241.50..150241.50 rows=111876 width=8) (actual time=2830.192..2830.192 rows=136174 loops=1)
        Buckets: 131072  Batches: 2  Memory Usage: 3696kB
        ->  Hash Join  (cost=83198.94..150241.50 rows=111876 width=8) (actual time=1905.313..2788.955 rows=136174 loops=1)
              Hash Cond: (mc.movie_id = t.id)
              ->  Seq Scan on movie_companies mc  (cost=0.00..57926.93 rows=500496 width=4) (actual time=498.307..865.209 rows=200198 loops=1)
                    Filter: ((company_id > 15586) AND (company_type_id < 2))
                    Rows Removed by Filter: 2408931
              ->  Hash  (cost=73925.90..73925.90 rows=565203 width=4) (actual time=1406.170..1406.170 rows=641785 loops=1)
                    Buckets: 131072  Batches: 8  Memory Usage: 3862kB
                    ->  Seq Scan on title t  (cost=0.00..73925.90 rows=565203 width=4) (actual time=0.037..1199.240 rows=641785 loops=1)
                          Filter: ((kind_id < 7) AND (production_year < 2006))
                          Rows Removed by Filter: 1886527
Planning time: 1.150 ms
Execution time: 31597.239 ms
