Seq Scan on cast_info ci  (cost=0.00..796071.18 rows=55 width=0) (actual time=2841.434..10949.325 rows=450 loops=1)
  Filter: ((person_id = 2884114) AND (role_id = 3))
  Rows Removed by Filter: 36243894
Planning time: 0.406 ms
Execution time: 10949.494 ms
