Seq Scan on cast_info ci  (cost=0.00..705507.15 rows=26334280 width=0) (actual time=0.027..13414.595 rows=26375400 loops=1)
  Filter: (person_id < 2725217)
  Rows Removed by Filter: 9868944
Planning time: 8.607 ms
Execution time: 16743.824 ms
