Seq Scan on movie_keyword mk  (cost=0.00..81003.12 rows=246 width=0) (actual time=0.483..989.970 rows=506 loops=1)
  Filter: (keyword_id = 11058)
  Rows Removed by Filter: 4523424
Planning time: 5.665 ms
Execution time: 990.260 ms
