Seq Scan on movie_companies mc  (cost=0.00..51404.11 rows=2031320 width=0) (actual time=0.028..996.638 rows=2027151 loops=1)
  Filter: (company_id < 71013)
  Rows Removed by Filter: 581978
Planning time: 0.348 ms
Execution time: 1249.702 ms
