Hash Join  (cost=443511.05..602377.39 rows=704974 width=0) (actual time=10860.561..16577.646 rows=10216033 loops=1)
  Hash Cond: (mk.movie_id = t.id)
  ->  Seq Scan on movie_keyword mk  (cost=0.00..69693.30 rows=4523930 width=4) (actual time=0.020..1482.402 rows=4523930 loops=1)
  ->  Hash  (cost=437045.72..437045.72 rows=394026 width=8) (actual time=10858.564..10858.564 rows=395214 loops=1)
        Buckets: 131072  Batches: 8  Memory Usage: 3091kB
        ->  Hash Join  (cost=68449.54..437045.72 rows=394026 width=8) (actual time=1031.703..9724.092 rows=395214 loops=1)
              Hash Cond: (mi.movie_id = t.id)
              ->  Seq Scan on movie_info mi  (cost=0.00..309384.22 rows=14739122 width=4) (actual time=0.027..4328.250 rows=14835720 loops=1)
              ->  Hash  (cost=67604.59..67604.59 rows=67596 width=4) (actual time=1030.823..1030.823 rows=67777 loops=1)
                    Buckets: 131072  Batches: 1  Memory Usage: 3407kB
                    ->  Seq Scan on title t  (cost=0.00..67604.59 rows=67596 width=4) (actual time=0.031..1003.187 rows=67777 loops=1)
                          Filter: (production_year = 2003)
                          Rows Removed by Filter: 2460535
Planning time: 1.140 ms
Execution time: 17822.351 ms
