Hash Join  (cost=81282.57..114368.10 rows=81743 width=0) (actual time=1193.828..1923.278 rows=40539 loops=1)
  Hash Cond: (mi_idx.movie_id = t.id)
  ->  Seq Scan on movie_info_idx mi_idx  (cost=0.00..25185.44 rows=460978 width=4) (actual time=0.024..483.052 rows=459925 loops=1)
        Filter: (info_type_id < 100)
        Rows Removed by Filter: 920110
  ->  Hash  (cost=73925.90..73925.90 rows=448373 width=4) (actual time=1192.646..1192.646 rows=329492 loops=1)
        Buckets: 131072  Batches: 8  Memory Usage: 2461kB
        ->  Seq Scan on title t  (cost=0.00..73925.90 rows=448373 width=4) (actual time=0.030..1086.678 rows=329492 loops=1)
              Filter: ((production_year < 1992) AND (kind_id = 7))
              Rows Removed by Filter: 2198820
Planning time: 0.764 ms
Execution time: 1928.678 ms
