Hash Join  (cost=83073.05..833863.94 rows=165 width=0) (actual time=1446.421..17574.461 rows=574 loops=1)
  Hash Cond: (ci.movie_id = t.id)
  ->  Seq Scan on cast_info ci  (cost=0.00..614943.12 rows=36225612 width=4) (actual time=0.014..9458.336 rows=36244344 loops=1)
  ->  Hash  (cost=83072.90..83072.90 rows=12 width=8) (actual time=1379.349..1379.349 rows=14 loops=1)
        Buckets: 1024  Batches: 1  Memory Usage: 9kB
        ->  Nested Loop  (cost=0.43..83072.90 rows=12 width=8) (actual time=45.436..1379.320 rows=14 loops=1)
              ->  Seq Scan on movie_keyword mk  (cost=0.00..81003.12 rows=246 width=4) (actual time=2.297..1338.619 rows=1523 loops=1)
                    Filter: (keyword_id = 1733)
                    Rows Removed by Filter: 4522407
              ->  Index Scan using title_pkey on title t  (cost=0.43..8.40 rows=1 width=4) (actual time=0.026..0.026 rows=0 loops=1523)
                    Index Cond: (id = mk.movie_id)
                    Filter: ((kind_id > 1) AND (production_year = 2011))
                    Rows Removed by Filter: 1
Planning time: 1.084 ms
Execution time: 17575.039 ms
