Seq Scan on movie_keyword mk  (cost=0.00..81003.12 rows=246 width=0) (actual time=24.076..971.331 rows=26 loops=1)
  Filter: (keyword_id = 18605)
  Rows Removed by Filter: 4523904
Planning time: 0.372 ms
Execution time: 971.430 ms
