Seq Scan on cast_info ci  (cost=0.00..796071.18 rows=435 width=0) (actual time=12512.384..14371.896 rows=23 loops=1)
  Filter: ((role_id < 10) AND (person_id = 3147328))
  Rows Removed by Filter: 36244321
Planning time: 0.400 ms
Execution time: 14372.084 ms
