Hash Join  (cost=217607.05..685298.39 rows=3325806 width=0) (actual time=4709.128..16602.430 rows=5979356 loops=1)
  Hash Cond: (mi.movie_id = t.id)
  ->  Seq Scan on movie_info mi  (cost=0.00..346232.03 rows=7235534 width=4) (actual time=57.158..6528.598 rows=7286865 loops=1)
        Filter: (info_type_id < 8)
        Rows Removed by Filter: 7548855
  ->  Hash  (cost=198539.11..198539.11 rows=1162235 width=8) (actual time=4651.136..4651.136 rows=1003252 loops=1)
        Buckets: 131072  Batches: 16  Memory Usage: 3472kB
        ->  Hash Join  (cost=102767.86..198539.11 rows=1162235 width=8) (actual time=1889.067..4348.775 rows=1003252 loops=1)
              Hash Cond: (mc.movie_id = t.id)
              ->  Seq Scan on movie_companies mc  (cost=0.00..57926.93 rows=1162235 width=4) (actual time=0.452..1223.836 rows=1003252 loops=1)
                    Filter: ((company_id < 90443) AND (company_type_id > 1))
                    Rows Removed by Filter: 1605877
              ->  Hash  (cost=61283.27..61283.27 rows=2528527 width=4) (actual time=1887.319..1887.319 rows=2528312 loops=1)
                    Buckets: 131072  Batches: 64  Memory Usage: 2415kB
                    ->  Seq Scan on title t  (cost=0.00..61283.27 rows=2528527 width=4) (actual time=0.023..1055.575 rows=2528312 loops=1)
Planning time: 1.130 ms
Execution time: 17305.549 ms
