Hash Join  (cost=77037.46..595516.82 rows=1044726 width=0) (actual time=1322.766..15088.110 rows=3203394 loops=1)
  Hash Cond: (mi.movie_id = t.id)
  ->  Seq Scan on movie_info mi  (cost=0.00..346232.03 rows=13929354 width=4) (actual time=0.024..7115.284 rows=14033580 loops=1)
        Filter: (info_type_id > 1)
        Rows Removed by Filter: 802140
  ->  Hash  (cost=73925.90..73925.90 rows=189644 width=4) (actual time=1321.505..1321.505 rows=294316 loops=1)
        Buckets: 131072  Batches: 4  Memory Usage: 3621kB
        ->  Seq Scan on title t  (cost=0.00..73925.90 rows=189644 width=4) (actual time=0.028..1220.891 rows=294316 loops=1)
              Filter: ((kind_id < 7) AND (production_year < 1978))
              Rows Removed by Filter: 2233996
Planning time: 0.770 ms
Execution time: 15409.171 ms
