Seq Scan on movie_keyword mk  (cost=0.00..81003.12 rows=246 width=0) (actual time=233.152..1161.640 rows=3 loops=1)
  Filter: (keyword_id = 75627)
  Rows Removed by Filter: 4523927
Planning time: 0.380 ms
Execution time: 1161.733 ms
