Seq Scan on movie_companies mc  (cost=0.00..57926.93 rows=53 width=0) (actual time=21.069..857.773 rows=276 loops=1)
  Filter: ((company_id = 466) AND (company_type_id = 2))
  Rows Removed by Filter: 2608853
Planning time: 0.358 ms
Execution time: 857.938 ms
