Hash Join  (cost=477317.51..1409547.97 rows=2427284 width=0) (actual time=9752.605..32852.132 rows=4970704 loops=1)
  Hash Cond: (ci.movie_id = t.id)
  ->  Seq Scan on cast_info ci  (cost=0.00..796071.18 rows=9457187 width=4) (actual time=740.140..16477.812 rows=12670688 loops=1)
        Filter: ((person_id < 2772012) AND (role_id < 2))
        Rows Removed by Filter: 23573656
  ->  Hash  (cost=466669.36..466669.36 rows=648972 width=8) (actual time=9009.825..9009.825 rows=613227 loops=1)
        Buckets: 131072  Batches: 16  Memory Usage: 2521kB
        ->  Hash Join  (cost=76379.89..466669.36 rows=648972 width=8) (actual time=1320.464..8807.333 rows=613227 loops=1)
              Hash Cond: (mi.movie_id = t.id)
              ->  Seq Scan on movie_info mi  (cost=0.00..346232.03 rows=3068194 width=4) (actual time=0.026..5738.100 rows=3036719 loops=1)
                    Filter: (info_type_id = 16)
                    Rows Removed by Filter: 11799001
              ->  Hash  (cost=67604.59..67604.59 rows=534824 width=4) (actual time=1319.590..1319.590 rows=533369 loops=1)
                    Buckets: 131072  Batches: 8  Memory Usage: 3376kB
                    ->  Seq Scan on title t  (cost=0.00..67604.59 rows=534824 width=4) (actual time=0.019..1139.369 rows=533369 loops=1)
                          Filter: (production_year > 2009)
                          Rows Removed by Filter: 1994943
Planning time: 1.168 ms
Execution time: 33475.854 ms
