Hash Join  (cost=74478.21..129599.65 rows=45592 width=0) (actual time=1163.845..2500.223 rows=72198 loops=1)
  Hash Cond: (mc.movie_id = t.id)
  ->  Seq Scan on movie_companies mc  (cost=0.00..44881.29 rows=2609129 width=4) (actual time=0.023..646.592 rows=2609129 loops=1)
  ->  Hash  (cost=73925.90..73925.90 rows=44184 width=4) (actual time=1163.491..1163.491 rows=35489 loops=1)
        Buckets: 65536  Batches: 1  Memory Usage: 1760kB
        ->  Seq Scan on title t  (cost=0.00..73925.90 rows=44184 width=4) (actual time=0.024..1141.010 rows=35489 loops=1)
              Filter: ((kind_id < 7) AND (production_year = 2007))
              Rows Removed by Filter: 2492823
Planning time: 0.673 ms
Execution time: 2510.590 ms
