Hash Join  (cost=83073.03..109983.56 rows=5 width=0) (actual time=1521.906..1878.830 rows=3 loops=1)
  Hash Cond: (mi_idx.movie_id = t.id)
  ->  Seq Scan on movie_info_idx mi_idx  (cost=0.00..21735.35 rows=1380035 width=4) (actual time=0.013..304.552 rows=1380035 loops=1)
  ->  Hash  (cost=83072.90..83072.90 rows=10 width=8) (actual time=1333.664..1333.664 rows=3 loops=1)
        Buckets: 1024  Batches: 1  Memory Usage: 9kB
        ->  Nested Loop  (cost=0.43..83072.90 rows=10 width=8) (actual time=328.290..1333.647 rows=3 loops=1)
              ->  Seq Scan on movie_keyword mk  (cost=0.00..81003.12 rows=246 width=4) (actual time=13.430..1309.740 rows=89 loops=1)
                    Filter: (keyword_id = 15551)
                    Rows Removed by Filter: 4523841
              ->  Index Scan using title_pkey on title t  (cost=0.43..8.40 rows=1 width=4) (actual time=0.265..0.265 rows=0 loops=89)
                    Index Cond: (id = mk.movie_id)
                    Filter: ((kind_id = 7) AND (production_year = 2012))
                    Rows Removed by Filter: 1
Planning time: 1.173 ms
Execution time: 1878.968 ms
