Seq Scan on movie_keyword mk  (cost=0.00..81003.12 rows=246 width=0) (actual time=3.340..1268.849 rows=184 loops=1)
  Filter: (keyword_id = 59191)
  Rows Removed by Filter: 4523746
Planning time: 0.278 ms
Execution time: 1269.024 ms
