Seq Scan on movie_keyword mk  (cost=0.00..81003.12 rows=3673836 width=0) (actual time=0.021..1319.593 rows=3667735 loops=1)
  Filter: (keyword_id < 21452)
  Rows Removed by Filter: 856195
Planning time: 0.298 ms
Execution time: 1718.383 ms
