Hash Join  (cost=72956.84..1154766.04 rows=4673104 width=0) (actual time=1043.163..31787.859 rows=3451400 loops=1)
  Hash Cond: (ci.movie_id = t.id)
  ->  Seq Scan on cast_info ci  (cost=0.00..614943.12 rows=36225612 width=4) (actual time=0.018..13538.913 rows=36244344 loops=1)
  ->  Hash  (cost=67604.59..67604.59 rows=326180 width=4) (actual time=1041.595..1041.595 rows=323245 loops=1)
        Buckets: 131072  Batches: 8  Memory Usage: 2437kB
        ->  Seq Scan on title t  (cost=0.00..67604.59 rows=326180 width=4) (actual time=0.009..937.328 rows=323245 loops=1)
              Filter: (production_year < 1967)
              Rows Removed by Filter: 2205067
Planning time: 0.718 ms
Execution time: 32225.453 ms
