Seq Scan on movie_companies mc  (cost=0.00..51404.11 rows=255725 width=0) (actual time=0.027..2312.802 rows=251328 loops=1)
  Filter: (company_id < 120)
  Rows Removed by Filter: 2357801
Planning time: 0.333 ms
Execution time: 2350.935 ms
