Seq Scan on cast_info ci  (cost=0.00..796071.18 rows=114976 width=0) (actual time=217.644..10306.215 rows=512675 loops=1)
  Filter: ((person_id > 3964243) AND (role_id > 5))
  Rows Removed by Filter: 35731669
Planning time: 0.350 ms
Execution time: 10371.656 ms
