Seq Scan on movie_keyword mk  (cost=0.00..81003.12 rows=3110211 width=0) (actual time=0.015..1519.943 rows=3096262 loops=1)
  Filter: (keyword_id < 11681)
  Rows Removed by Filter: 1427668
Planning time: 0.432 ms
Execution time: 1918.563 ms
