Hash Join  (cost=97599.19..184689.33 rows=43210 width=0) (actual time=1827.489..2913.358 rows=25382 loops=1)
  Hash Cond: (mk.movie_id = t.id)
  ->  Seq Scan on movie_keyword mk  (cost=0.00..69693.30 rows=4523930 width=4) (actual time=0.022..547.715 rows=4523930 loops=1)
  ->  Hash  (cost=97297.30..97297.30 rows=24151 width=8) (actual time=1826.394..1826.394 rows=9874 loops=1)
        Buckets: 32768  Batches: 1  Memory Usage: 642kB
        ->  Hash Join  (cost=68438.72..97297.30 rows=24151 width=8) (actual time=1088.584..1822.077 rows=9874 loops=1)
              Hash Cond: (mi_idx.movie_id = t.id)
              ->  Seq Scan on movie_info_idx mi_idx  (cost=0.00..25185.44 rows=915101 width=4) (actual time=0.013..515.802 rows=919850 loops=1)
                    Filter: (info_type_id < 101)
                    Rows Removed by Filter: 460185
              ->  Hash  (cost=67604.59..67604.59 rows=66731 width=4) (actual time=1087.463..1087.463 rows=67342 loops=1)
                    Buckets: 131072  Batches: 1  Memory Usage: 3392kB
                    ->  Seq Scan on title t  (cost=0.00..67604.59 rows=66731 width=4) (actual time=0.029..1059.049 rows=67342 loops=1)
                          Filter: (production_year > 2012)
                          Rows Removed by Filter: 2460970
Planning time: 8.370 ms
Execution time: 2915.752 ms
