Hash Join  (cost=74814.89..101858.66 rows=12966 width=0) (actual time=1206.599..1836.461 rows=9180 loops=1)
  Hash Cond: (mi_idx.movie_id = t.id)
  ->  Seq Scan on movie_info_idx mi_idx  (cost=0.00..25185.44 rows=460978 width=4) (actual time=0.020..478.701 rows=459925 loops=1)
        Filter: (info_type_id = 99)
        Rows Removed by Filter: 920110
  ->  Hash  (cost=73925.90..73925.90 rows=71119 width=4) (actual time=1205.445..1205.445 rows=84234 loops=1)
        Buckets: 131072  Batches: 1  Memory Usage: 3986kB
        ->  Seq Scan on title t  (cost=0.00..73925.90 rows=71119 width=4) (actual time=0.016..1171.868 rows=84234 loops=1)
              Filter: ((kind_id > 3) AND (production_year = 2006))
              Rows Removed by Filter: 2444078
Planning time: 0.564 ms
Execution time: 1838.204 ms
