Hash Join  (cost=90016.07..133225.69 rows=356472 width=0) (actual time=1737.307..2875.205 rows=184164 loops=1)
  Hash Cond: (mi_idx.movie_id = t.id)
  ->  Seq Scan on movie_info_idx mi_idx  (cost=0.00..25185.44 rows=919057 width=4) (actual time=0.015..517.847 rows=920110 loops=1)
        Filter: (info_type_id > 99)
        Rows Removed by Filter: 459925
  ->  Hash  (cost=73925.90..73925.90 rows=980733 width=4) (actual time=1710.106..1710.106 rows=1074493 loops=1)
        Buckets: 131072  Batches: 16  Memory Usage: 3394kB
        ->  Seq Scan on title t  (cost=0.00..73925.90 rows=980733 width=4) (actual time=19.472..1370.694 rows=1074493 loops=1)
              Filter: ((production_year > 1995) AND (kind_id = 7))
              Rows Removed by Filter: 1453819
Planning time: 0.762 ms
Execution time: 2899.187 ms
