Nested Loop  (cost=0.43..447802.20 rows=17937 width=0) (actual time=4496.045..5316.872 rows=6160 loops=1)
  ->  Seq Scan on movie_info mi  (cost=0.00..346232.03 rows=17937 width=4) (actual time=4495.944..5212.840 rows=6160 loops=1)
        Filter: (info_type_id = 87)
        Rows Removed by Filter: 14829560
  ->  Index Only Scan using title_pkey on title t  (cost=0.43..5.65 rows=1 width=4) (actual time=0.016..0.016 rows=1 loops=6160)
        Index Cond: (id = mi.movie_id)
        Heap Fetches: 6160
Planning time: 0.804 ms
Execution time: 5318.252 ms
