Hash Join  (cost=122440.10..613124.54 rows=1019452 width=0) (actual time=3107.441..17156.576 rows=3484957 loops=1)
  Hash Cond: (mi.movie_id = t.id)
  ->  Seq Scan on movie_info mi  (cost=0.00..309384.22 rows=14739122 width=4) (actual time=0.023..5773.688 rows=14835720 loops=1)
  ->  Hash  (cost=119569.99..119569.99 rows=174889 width=8) (actual time=3106.648..3106.648 rows=216565 loops=1)
        Buckets: 131072  Batches: 4  Memory Usage: 3151kB
        ->  Hash Join  (cost=83580.70..119569.99 rows=174889 width=8) (actual time=2133.567..3038.568 rows=216565 loops=1)
              Hash Cond: (mi_idx.movie_id = t.id)
              ->  Seq Scan on movie_info_idx mi_idx  (cost=0.00..25185.44 rows=454124 width=4) (actual time=0.016..418.547 rows=459925 loops=1)
                    Filter: (info_type_id = 100)
                    Rows Removed by Filter: 920110
              ->  Hash  (cost=67604.59..67604.59 rows=973769 width=4) (actual time=2132.722..2132.722 rows=971188 loops=1)
                    Buckets: 131072  Batches: 16  Memory Usage: 3161kB
                    ->  Seq Scan on title t  (cost=0.00..67604.59 rows=973769 width=4) (actual time=0.014..1142.139 rows=971188 loops=1)
                          Filter: (production_year < 1999)
                          Rows Removed by Filter: 1557124
Planning time: 1.234 ms
Execution time: 17580.829 ms
