Seq Scan on movie_keyword mk  (cost=0.00..81003.12 rows=246 width=0) (actual time=21.539..1289.793 rows=108 loops=1)
  Filter: (keyword_id = 7024)
  Rows Removed by Filter: 4523822
Planning time: 2.303 ms
Execution time: 1289.963 ms
