Seq Scan on cast_info ci  (cost=0.00..796071.18 rows=224 width=0) (actual time=7179.078..12844.688 rows=468 loops=1)
  Filter: ((role_id > 2) AND (person_id = 2856871))
  Rows Removed by Filter: 36243876
Planning time: 0.401 ms
Execution time: 12844.908 ms
