Hash Join  (cost=123946.90..207401.56 rows=11916 width=0) (actual time=2431.422..3930.828 rows=88729 loops=1)
  Hash Cond: (mk.movie_id = t.id)
  ->  Seq Scan on movie_keyword mk  (cost=0.00..81003.12 rows=621966 width=4) (actual time=0.028..1357.274 rows=622914 loops=1)
        Filter: (keyword_id > 29329)
        Rows Removed by Filter: 3901016
  ->  Hash  (cost=123341.37..123341.37 rows=48443 width=8) (actual time=2429.502..2429.502 rows=39399 loops=1)
        Buckets: 65536  Batches: 1  Memory Usage: 2052kB
        ->  Hash Join  (cost=68191.41..123341.37 rows=48443 width=8) (actual time=1023.577..2413.464 rows=39399 loops=1)
              Hash Cond: (mc.movie_id = t.id)
              ->  Seq Scan on movie_companies mc  (cost=0.00..44881.29 rows=2609129 width=4) (actual time=0.028..636.133 rows=2609129 loops=1)
              ->  Hash  (cost=67604.59..67604.59 rows=46946 width=4) (actual time=1023.159..1023.159 rows=46583 loops=1)
                    Buckets: 65536  Batches: 1  Memory Usage: 2150kB
                    ->  Seq Scan on title t  (cost=0.00..67604.59 rows=46946 width=4) (actual time=0.046..1003.677 rows=46583 loops=1)
                          Filter: (production_year = 1998)
                          Rows Removed by Filter: 2481729
Planning time: 1.138 ms
Execution time: 3942.462 ms
