Seq Scan on movie_keyword mk  (cost=0.00..81003.12 rows=695828 width=0) (actual time=0.028..1273.456 rows=700687 loops=1)
  Filter: (keyword_id > 26904)
  Rows Removed by Filter: 3823243
Planning time: 0.286 ms
Execution time: 1364.827 ms
