Seq Scan on movie_companies mc  (cost=0.00..51404.11 rows=2470947 width=0) (actual time=0.024..976.848 rows=2471949 loops=1)
  Filter: (company_id < 137670)
  Rows Removed by Filter: 137180
Planning time: 0.348 ms
Execution time: 1289.973 ms
