Hash Join  (cost=83073.40..451420.93 rows=92 width=0) (actual time=3128.649..9296.990 rows=175 loops=1)
  Hash Cond: (mi.movie_id = t.id)
  ->  Seq Scan on movie_info mi  (cost=0.00..346232.03 rows=5897221 width=4) (actual time=341.284..5723.392 rows=5884963 loops=1)
        Filter: (info_type_id < 7)
        Rows Removed by Filter: 8950757
  ->  Hash  (cost=83072.90..83072.90 rows=40 width=8) (actual time=2747.286..2747.286 rows=59 loops=1)
        Buckets: 1024  Batches: 1  Memory Usage: 11kB
        ->  Nested Loop  (cost=0.43..83072.90 rows=40 width=8) (actual time=2578.696..2747.250 rows=59 loops=1)
              ->  Seq Scan on movie_keyword mk  (cost=0.00..81003.12 rows=246 width=4) (actual time=0.116..836.528 rows=3179 loops=1)
                    Filter: (keyword_id = 3921)
                    Rows Removed by Filter: 4520751
              ->  Index Scan using title_pkey on title t  (cost=0.43..8.40 rows=1 width=4) (actual time=0.600..0.600 rows=0 loops=3179)
                    Index Cond: (id = mk.movie_id)
                    Filter: ((production_year < 1989) AND (kind_id = 7))
                    Rows Removed by Filter: 1
Planning time: 1.307 ms
Execution time: 9297.198 ms
