Hash Join  (cost=83073.33..833867.36 rows=487 width=0) (actual time=1311.058..17213.221 rows=24363 loops=1)
  Hash Cond: (ci.movie_id = t.id)
  ->  Seq Scan on cast_info ci  (cost=0.00..614943.12 rows=36225612 width=4) (actual time=0.514..8771.803 rows=36244344 loops=1)
  ->  Hash  (cost=83072.90..83072.90 rows=34 width=8) (actual time=1310.105..1310.105 rows=205 loops=1)
        Buckets: 1024  Batches: 1  Memory Usage: 17kB
        ->  Nested Loop  (cost=0.43..83072.90 rows=34 width=8) (actual time=25.139..1309.884 rows=205 loops=1)
              ->  Seq Scan on movie_keyword mk  (cost=0.00..81003.12 rows=246 width=4) (actual time=2.089..1259.818 rows=1173 loops=1)
                    Filter: (keyword_id = 4962)
                    Rows Removed by Filter: 4522757
              ->  Index Scan using title_pkey on title t  (cost=0.43..8.40 rows=1 width=4) (actual time=0.041..0.042 rows=0 loops=1173)
                    Index Cond: (id = mk.movie_id)
                    Filter: ((kind_id < 2) AND (production_year > 2001))
                    Rows Removed by Filter: 1
Planning time: 1.162 ms
Execution time: 17219.488 ms
