Nested Loop  (cost=0.43..447802.20 rows=17937 width=0) (actual time=11048.511..15157.955 rows=4797 loops=1)
  ->  Seq Scan on movie_info mi  (cost=0.00..346232.03 rows=17937 width=4) (actual time=11048.331..14868.422 rows=4797 loops=1)
        Filter: (info_type_id = 95)
        Rows Removed by Filter: 14830923
  ->  Index Only Scan using title_pkey on title t  (cost=0.43..5.65 rows=1 width=4) (actual time=0.059..0.060 rows=1 loops=4797)
        Index Cond: (id = mi.movie_id)
        Heap Fetches: 4797
Planning time: 0.832 ms
Execution time: 15159.105 ms
