Seq Scan on movie_keyword mk  (cost=0.00..81003.12 rows=698269 width=0) (actual time=0.025..1236.532 rows=702927 loops=1)
  Filter: (keyword_id > 26823)
  Rows Removed by Filter: 3821003
Planning time: 0.370 ms
Execution time: 1323.451 ms
