Hash Join  (cost=583046.46..783994.30 rows=5000614 width=0) (actual time=28398.998..46673.665 rows=32905609 loops=1)
  Hash Cond: (mk.movie_id = t.id)
  ->  Seq Scan on movie_keyword mk  (cost=0.00..81003.12 rows=4121052 width=4) (actual time=0.021..5244.994 rows=4126106 loops=1)
        Filter: (keyword_id < 43540)
        Rows Removed by Filter: 397824
  ->  Hash  (cost=532708.04..532708.04 rows=3068194 width=8) (actual time=28397.989..28397.989 rows=3036719 loops=1)
        Buckets: 131072  Batches: 64  Memory Usage: 2960kB
        ->  Hash Join  (cost=102767.86..532708.04 rows=3068194 width=8) (actual time=13964.130..27293.475 rows=3036719 loops=1)
              Hash Cond: (mi.movie_id = t.id)
              ->  Seq Scan on movie_info mi  (cost=0.00..346232.03 rows=3068194 width=4) (actual time=8537.981..17481.907 rows=3036719 loops=1)
                    Filter: (info_type_id = 16)
                    Rows Removed by Filter: 11799001
              ->  Hash  (cost=61283.27..61283.27 rows=2528527 width=4) (actual time=5417.696..5417.696 rows=2528312 loops=1)
                    Buckets: 131072  Batches: 64  Memory Usage: 2425kB
                    ->  Seq Scan on title t  (cost=0.00..61283.27 rows=2528527 width=4) (actual time=0.023..4167.832 rows=2528312 loops=1)
Planning time: 1.128 ms
Execution time: 51325.845 ms
