Hash Join  (cost=365418.15..1580998.22 rows=20866819 width=0) (actual time=13814.525..39050.534 rows=37812639 loops=1)
  Hash Cond: (ci.movie_id = t.id)
  ->  Seq Scan on cast_info ci  (cost=0.00..796071.18 rows=11662938 width=4) (actual time=5394.242..15884.323 rows=5969008 loops=1)
        Filter: ((person_id < 2697916) AND (role_id > 2))
        Rows Removed by Filter: 30275336
  ->  Hash  (cost=291197.02..291197.02 rows=4523930 width=8) (actual time=8418.973..8418.973 rows=4523930 loops=1)
        Buckets: 131072  Batches: 64  Memory Usage: 3816kB
        ->  Hash Join  (cost=102767.86..291197.02 rows=4523930 width=8) (actual time=2042.421..7136.345 rows=4523930 loops=1)
              Hash Cond: (mk.movie_id = t.id)
              ->  Seq Scan on movie_keyword mk  (cost=0.00..69693.30 rows=4523930 width=4) (actual time=0.028..1449.235 rows=4523930 loops=1)
              ->  Hash  (cost=61283.27..61283.27 rows=2528527 width=4) (actual time=2040.217..2040.217 rows=2528312 loops=1)
                    Buckets: 131072  Batches: 64  Memory Usage: 2425kB
                    ->  Seq Scan on title t  (cost=0.00..61283.27 rows=2528527 width=4) (actual time=0.020..1159.522 rows=2528312 loops=1)
Planning time: 1.115 ms
Execution time: 43354.317 ms
