Hash Join  (cost=137471.74..219715.12 rows=521786 width=0) (actual time=3208.578..5807.079 rows=1884204 loops=1)
  Hash Cond: (mc.movie_id = t.id)
  ->  Seq Scan on movie_companies mc  (cost=0.00..44881.29 rows=2609129 width=4) (actual time=0.022..881.783 rows=2609129 loops=1)
  ->  Hash  (cost=129174.90..129174.90 rows=505667 width=8) (actual time=3207.844..3207.844 rows=621085 loops=1)
        Buckets: 131072  Batches: 8  Memory Usage: 4068kB
        ->  Hash Join  (cost=82805.75..129174.90 rows=505667 width=8) (actual time=1602.375..3031.734 rows=621085 loops=1)
              Hash Cond: (mi_idx.movie_id = t.id)
              ->  Seq Scan on movie_info_idx mi_idx  (cost=0.00..21735.35 rows=1380035 width=4) (actual time=0.024..463.546 rows=1380035 loops=1)
              ->  Hash  (cost=67604.59..67604.59 rows=926493 width=4) (actual time=1601.485..1601.485 rows=924605 loops=1)
                    Buckets: 131072  Batches: 16  Memory Usage: 3056kB
                    ->  Seq Scan on title t  (cost=0.00..67604.59 rows=926493 width=4) (actual time=0.015..1306.741 rows=924605 loops=1)
                          Filter: (production_year < 1998)
                          Rows Removed by Filter: 1603707
Planning time: 1.363 ms
Execution time: 6016.939 ms
