Hash Join  (cost=102767.86..178590.53 rows=333153 width=0) (actual time=1799.726..3549.118 rows=480778 loops=1)
  Hash Cond: (mc.movie_id = t.id)
  ->  Seq Scan on movie_companies mc  (cost=0.00..57926.93 rows=333153 width=4) (actual time=0.027..965.382 rows=480778 loops=1)
        Filter: ((company_id < 1075) AND (company_type_id = 1))
        Rows Removed by Filter: 2128351
  ->  Hash  (cost=61283.27..61283.27 rows=2528527 width=4) (actual time=1797.629..1797.629 rows=2528312 loops=1)
        Buckets: 131072  Batches: 64  Memory Usage: 2415kB
        ->  Seq Scan on title t  (cost=0.00..61283.27 rows=2528527 width=4) (actual time=0.026..964.535 rows=2528312 loops=1)
Planning time: 0.757 ms
Execution time: 3607.106 ms
