Seq Scan on cast_info ci  (cost=0.00..705507.15 rows=500 width=0) (actual time=802.386..10514.784 rows=102 loops=1)
  Filter: (person_id = 1728057)
  Rows Removed by Filter: 36244242
Planning time: 0.374 ms
Execution time: 10514.892 ms
