Seq Scan on cast_info ci  (cost=0.00..796071.18 rows=12 width=0) (actual time=5817.226..10578.081 rows=1 loops=1)
  Filter: ((person_id = 2897585) AND (role_id = 5))
  Rows Removed by Filter: 36244343
Planning time: 0.686 ms
Execution time: 10578.188 ms
