Hash Join  (cost=147521.74..265301.90 rows=126746 width=0) (actual time=2685.839..5733.470 rows=661881 loops=1)
  Hash Cond: (mk.movie_id = t.id)
  ->  Seq Scan on movie_keyword mk  (cost=0.00..81003.12 rows=3035352 width=4) (actual time=0.021..1760.753 rows=3023311 loops=1)
        Filter: (keyword_id > 2158)
        Rows Removed by Filter: 1500619
  ->  Hash  (cost=145788.95..145788.95 rows=105583 width=8) (actual time=2684.977..2684.977 rows=200368 loops=1)
        Buckets: 131072 (originally 131072)  Batches: 4 (originally 2)  Memory Usage: 3073kB
        ->  Hash Join  (cost=69283.60..145788.95 rows=105583 width=8) (actual time=724.742..2609.794 rows=200368 loops=1)
              Hash Cond: (mc.movie_id = t.id)
              ->  Seq Scan on movie_companies mc  (cost=0.00..44881.29 rows=2609129 width=4) (actual time=0.025..894.191 rows=2609129 loops=1)
              ->  Hash  (cost=67604.59..67604.59 rows=102321 width=4) (actual time=723.981..723.981 rows=100537 loops=1)
                    Buckets: 131072  Batches: 2  Memory Usage: 2797kB
                    ->  Seq Scan on title t  (cost=0.00..67604.59 rows=102321 width=4) (actual time=0.028..632.841 rows=100537 loops=1)
                          Filter: (kind_id = 3)
                          Rows Removed by Filter: 2427775
Planning time: 2.635 ms
Execution time: 5816.068 ms
