Hash Join  (cost=93038.76..989815.24 rows=2739689 width=0) (actual time=3098.451..24479.167 rows=5685453 loops=1)
  Hash Cond: (ci.movie_id = t.id)
  ->  Seq Scan on cast_info ci  (cost=0.00..796071.18 rows=5946512 width=4) (actual time=1297.959..14782.836 rows=12107065 loops=1)
        Filter: ((person_id < 1661520) AND (role_id < 2))
        Rows Removed by Filter: 24137279
  ->  Hash  (cost=73925.90..73925.90 rows=1164948 width=4) (actual time=1799.415..1799.415 rows=1252934 loops=1)
        Buckets: 131072  Batches: 16  Memory Usage: 3788kB
        ->  Seq Scan on title t  (cost=0.00..73925.90 rows=1164948 width=4) (actual time=0.034..1410.802 rows=1252934 loops=1)
              Filter: ((production_year > 1982) AND (kind_id = 7))
              Rows Removed by Filter: 1275378
Planning time: 0.726 ms
Execution time: 25139.397 ms
