Seq Scan on cast_info ci  (cost=0.00..796071.18 rows=324 width=0) (actual time=6707.123..36967.031 rows=179 loops=1)
  Filter: ((role_id > 1) AND (person_id = 2187572))
  Rows Removed by Filter: 36244165
Planning time: 0.435 ms
Execution time: 36967.184 ms
