Seq Scan on movie_companies mc  (cost=0.00..57926.93 rows=1026511 width=0) (actual time=0.031..1163.554 rows=896227 loops=1)
  Filter: ((company_id > 474) AND (company_type_id = 1))
  Rows Removed by Filter: 1712902
Planning time: 0.600 ms
Execution time: 1291.117 ms
