Nested Loop  (cost=0.43..709671.90 rows=500 width=0) (actual time=261.080..10080.227 rows=101 loops=1)
  ->  Seq Scan on cast_info ci  (cost=0.00..705507.15 rows=500 width=4) (actual time=260.968..10077.844 rows=101 loops=1)
        Filter: (person_id = 821825)
        Rows Removed by Filter: 36244243
  ->  Index Only Scan using title_pkey on title t  (cost=0.43..8.32 rows=1 width=4) (actual time=0.022..0.022 rows=1 loops=101)
        Index Cond: (id = ci.movie_id)
        Heap Fetches: 101
Planning time: 0.605 ms
Execution time: 10080.358 ms
