Seq Scan on cast_info ci  (cost=0.00..705507.15 rows=500 width=0) (actual time=9216.687..10311.406 rows=20 loops=1)
  Filter: (person_id = 857269)
  Rows Removed by Filter: 36244324
Planning time: 0.376 ms
Execution time: 10311.511 ms
