Hash Join  (cost=151431.71..250951.74 rows=111913 width=0) (actual time=2996.622..5254.353 rows=550181 loops=1)
  Hash Cond: (mk.movie_id = t.id)
  ->  Seq Scan on movie_keyword mk  (cost=0.00..81003.12 rows=1438073 width=4) (actual time=0.016..1503.697 rows=1456462 loops=1)
        Filter: (keyword_id < 2053)
        Rows Removed by Filter: 3067468
  ->  Hash  (cost=148203.04..148203.04 rows=196774 width=8) (actual time=2995.732..2995.732 rows=261544 loops=1)
        Buckets: 131072  Batches: 4  Memory Usage: 3597kB
        ->  Hash Join  (cost=85280.32..148203.04 rows=196774 width=8) (actual time=1538.487..2919.281 rows=261544 loops=1)
              Hash Cond: (mc.movie_id = t.id)
              ->  Seq Scan on movie_companies mc  (cost=0.00..51404.11 rows=461830 width=4) (actual time=0.022..900.985 rows=458080 loops=1)
                    Filter: (company_id < 394)
                    Rows Removed by Filter: 2151049
              ->  Hash  (cost=67604.59..67604.59 rows=1077339 width=4) (actual time=1537.661..1537.661 rows=1074765 loops=1)
                    Buckets: 131072  Batches: 16  Memory Usage: 3388kB
                    ->  Seq Scan on title t  (cost=0.00..67604.59 rows=1077339 width=4) (actual time=0.018..1205.078 rows=1074765 loops=1)
                          Filter: (production_year < 2001)
                          Rows Removed by Filter: 1453547
Planning time: 1.163 ms
Execution time: 5322.767 ms
