Seq Scan on title t  (cost=0.00..73925.90 rows=3860 width=0) (actual time=182.159..963.050 rows=7727 loops=1)
  Filter: ((kind_id = 4) AND (production_year = 2004))
  Rows Removed by Filter: 2520585
Planning time: 0.403 ms
Execution time: 964.599 ms
