Seq Scan on cast_info ci  (cost=0.00..796071.18 rows=276 width=0) (actual time=7740.049..14205.621 rows=1 loops=1)
  Filter: ((role_id < 3) AND (person_id = 789173))
  Rows Removed by Filter: 36244343
Planning time: 0.317 ms
Execution time: 14205.754 ms
