Hash Join  (cost=147674.09..235045.55 rows=71343 width=0) (actual time=3076.557..6188.974 rows=1706741 loops=1)
  Hash Cond: (mk.movie_id = t.id)
  ->  Seq Scan on movie_keyword mk  (cost=0.00..69693.30 rows=4523930 width=4) (actual time=0.015..1040.575 rows=4523930 loops=1)
  ->  Hash  (cost=147175.65..147175.65 rows=39875 width=8) (actual time=3076.159..3076.159 rows=201929 loops=1)
        Buckets: 131072 (originally 65536)  Batches: 4 (originally 1)  Memory Usage: 3073kB
        ->  Hash Join  (cost=83810.17..147175.65 rows=39875 width=8) (actual time=1848.350..3010.210 rows=201929 loops=1)
              Hash Cond: (mc.movie_id = t.id)
              ->  Seq Scan on movie_companies mc  (cost=0.00..57926.93 rows=102077 width=4) (actual time=0.015..847.541 rows=201929 loops=1)
                    Filter: ((company_id > 112846) AND (company_type_id = 2))
                    Rows Removed by Filter: 2407200
              ->  Hash  (cost=67604.59..67604.59 rows=987727 width=4) (actual time=1847.493..1847.493 rows=985048 loops=1)
                    Buckets: 131072  Batches: 16  Memory Usage: 3188kB
                    ->  Seq Scan on title t  (cost=0.00..67604.59 rows=987727 width=4) (actual time=0.006..1128.024 rows=985048 loops=1)
                          Filter: (kind_id < 7)
                          Rows Removed by Filter: 1543264
Planning time: 0.817 ms
Execution time: 6388.473 ms
