Hash Join  (cost=171751.15..927156.54 rows=461623 width=0) (actual time=3247.624..20202.683 rows=103792 loops=1)
  Hash Cond: (ci.movie_id = t.id)
  ->  Seq Scan on cast_info ci  (cost=0.00..614943.12 rows=36225612 width=4) (actual time=0.018..9186.936 rows=36244344 loops=1)
  ->  Hash  (cost=171348.38..171348.38 rows=32221 width=8) (actual time=3245.760..3245.760 rows=6578 loops=1)
        Buckets: 32768  Batches: 1  Memory Usage: 513kB
        ->  Hash Join  (cost=102767.86..171348.38 rows=32221 width=8) (actual time=2144.436..3243.002 rows=6578 loops=1)
              Hash Cond: (mc.movie_id = t.id)
              ->  Seq Scan on movie_companies mc  (cost=0.00..57926.93 rows=32221 width=4) (actual time=257.948..972.402 rows=6578 loops=1)
                    Filter: ((company_type_id > 1) AND (company_id = 6))
                    Rows Removed by Filter: 2602551
              ->  Hash  (cost=61283.27..61283.27 rows=2528527 width=4) (actual time=1878.915..1878.915 rows=2528312 loops=1)
                    Buckets: 131072  Batches: 64  Memory Usage: 2415kB
                    ->  Seq Scan on title t  (cost=0.00..61283.27 rows=2528527 width=4) (actual time=0.020..1057.591 rows=2528312 loops=1)
Planning time: 1.178 ms
Execution time: 20219.991 ms
