Hash Join  (cost=83073.10..476802.99 rows=325 width=0) (actual time=1298.536..9724.033 rows=95428 loops=1)
  Hash Cond: (mi.movie_id = t.id)
  ->  Seq Scan on movie_info mi  (cost=0.00..346232.03 rows=12665229 width=4) (actual time=0.016..6421.827 rows=12744652 loops=1)
        Filter: (info_type_id > 2)
        Rows Removed by Filter: 2091068
  ->  Hash  (cost=83072.29..83072.29 rows=65 width=8) (actual time=1298.228..1298.228 rows=939 loops=1)
        Buckets: 1024  Batches: 1  Memory Usage: 45kB
        ->  Nested Loop  (cost=0.43..83072.29 rows=65 width=8) (actual time=1.875..1297.523 rows=939 loops=1)
              ->  Seq Scan on movie_keyword mk  (cost=0.00..81003.12 rows=246 width=4) (actual time=1.818..1250.524 rows=1030 loops=1)
                    Filter: (keyword_id = 4608)
                    Rows Removed by Filter: 4522900
              ->  Index Scan using title_pkey on title t  (cost=0.43..8.40 rows=1 width=4) (actual time=0.043..0.044 rows=1 loops=1030)
                    Index Cond: (id = mk.movie_id)
                    Filter: (kind_id < 2)
                    Rows Removed by Filter: 0
Planning time: 2.173 ms
Execution time: 9737.682 ms
