Seq Scan on movie_companies mc  (cost=0.00..57926.93 rows=783992 width=0) (actual time=0.026..1050.290 rows=1081018 loops=1)
  Filter: ((company_id < 16010) AND (company_type_id < 2))
  Rows Removed by Filter: 1528111
Planning time: 0.355 ms
Execution time: 1186.260 ms
