Hash Join  (cost=189632.99..1130227.35 rows=3632924 width=0) (actual time=5122.620..30291.896 rows=16994164 loops=1)
  Hash Cond: (ci.movie_id = t.id)
  ->  Seq Scan on cast_info ci  (cost=0.00..796071.18 rows=9012783 width=4) (actual time=0.015..14614.011 rows=10518145 loops=1)
        Filter: ((person_id < 1192184) AND (role_id < 5))
        Rows Removed by Filter: 25726199
  ->  Hash  (cost=172910.83..172910.83 rows=1019213 width=8) (actual time=5121.656..5121.656 rows=1891821 loops=1)
        Buckets: 131072 (originally 131072)  Batches: 32 (originally 16)  Memory Usage: 3321kB
        ->  Hash Join  (cost=83810.17..172910.83 rows=1019213 width=8) (actual time=1390.649..4350.385 rows=1891821 loops=1)
              Hash Cond: (mc.movie_id = t.id)
              ->  Seq Scan on movie_companies mc  (cost=0.00..44881.29 rows=2609129 width=4) (actual time=0.018..974.360 rows=2609129 loops=1)
              ->  Hash  (cost=67604.59..67604.59 rows=987727 width=4) (actual time=1389.668..1389.668 rows=985048 loops=1)
                    Buckets: 131072  Batches: 16  Memory Usage: 3188kB
                    ->  Seq Scan on title t  (cost=0.00..67604.59 rows=987727 width=4) (actual time=0.022..1087.311 rows=985048 loops=1)
                          Filter: (kind_id < 7)
                          Rows Removed by Filter: 1543264
Planning time: 1.128 ms
Execution time: 32173.018 ms
