Hash Join  (cost=102767.86..181959.90 rows=744242 width=0) (actual time=1834.715..3807.147 rows=738251 loops=1)
  Hash Cond: (mc.movie_id = t.id)
  ->  Seq Scan on movie_companies mc  (cost=0.00..51404.11 rows=744242 width=4) (actual time=0.015..944.535 rows=738251 loops=1)
        Filter: (company_id < 1451)
        Rows Removed by Filter: 1870878
  ->  Hash  (cost=61283.27..61283.27 rows=2528527 width=4) (actual time=1832.975..1832.975 rows=2528312 loops=1)
        Buckets: 131072  Batches: 64  Memory Usage: 2415kB
        ->  Seq Scan on title t  (cost=0.00..61283.27 rows=2528527 width=4) (actual time=0.021..1010.465 rows=2528312 loops=1)
Planning time: 0.705 ms
Execution time: 3902.507 ms
