Hash Join  (cost=83074.74..437538.72 rows=214 width=0) (actual time=2374.160..7111.397 rows=3404 loops=1)
  Hash Cond: (mi.movie_id = t.id)
  ->  Seq Scan on movie_info mi  (cost=0.00..346232.03 rows=2194617 width=4) (actual time=1037.210..5573.897 rows=2233850 loops=1)
        Filter: (info_type_id > 16)
        Rows Removed by Filter: 12601870
  ->  Hash  (cost=83071.67..83071.67 rows=246 width=8) (actual time=1236.308..1236.308 rows=111 loops=1)
        Buckets: 1024  Batches: 1  Memory Usage: 13kB
        ->  Nested Loop  (cost=0.43..83071.67 rows=246 width=8) (actual time=0.724..1236.114 rows=111 loops=1)
              ->  Seq Scan on movie_keyword mk  (cost=0.00..81003.12 rows=246 width=4) (actual time=0.642..1230.440 rows=111 loops=1)
                    Filter: (keyword_id = 28716)
                    Rows Removed by Filter: 4523819
              ->  Index Only Scan using title_pkey on title t  (cost=0.43..8.40 rows=1 width=4) (actual time=0.045..0.046 rows=1 loops=111)
                    Index Cond: (id = mk.movie_id)
                    Heap Fetches: 111
Planning time: 1.135 ms
Execution time: 7112.071 ms
