Hash Join  (cost=74445.07..434862.19 rows=59526 width=0) (actual time=1757.064..8063.453 rows=14755 loops=1)
  Hash Cond: (mi.movie_id = t.id)
  ->  Seq Scan on movie_info mi  (cost=0.00..346232.03 rows=3623957 width=4) (actual time=387.217..5783.823 rows=3624977 loops=1)
        Filter: (info_type_id < 4)
        Rows Removed by Filter: 11210743
  ->  Hash  (cost=73925.90..73925.90 rows=41533 width=4) (actual time=1369.140..1369.140 rows=44260 loops=1)
        Buckets: 65536  Batches: 1  Memory Usage: 2069kB
        ->  Seq Scan on title t  (cost=0.00..73925.90 rows=41533 width=4) (actual time=1.982..1343.024 rows=44260 loops=1)
              Filter: ((kind_id > 4) AND (production_year = 2003))
              Rows Removed by Filter: 2484052
Planning time: 0.755 ms
Execution time: 8065.849 ms
