Seq Scan on movie_keyword mk  (cost=0.00..81003.12 rows=2081621 width=0) (actual time=0.024..1532.809 rows=2079629 loops=1)
  Filter: (keyword_id > 5817)
  Rows Removed by Filter: 2444301
Planning time: 0.339 ms
Execution time: 1797.043 ms
