Hash Join  (cost=142398.59..230149.57 rows=109294 width=0) (actual time=7895.408..13271.053 rows=1137909 loops=1)
  Hash Cond: (mk.movie_id = t.id)
  ->  Seq Scan on movie_keyword mk  (cost=0.00..69693.30 rows=4523930 width=4) (actual time=0.019..3784.603 rows=4523930 loops=1)
  ->  Hash  (cost=141635.00..141635.00 rows=61087 width=8) (actual time=7895.014..7895.014 rows=52132 loops=1)
        Buckets: 65536  Batches: 1  Memory Usage: 2549kB
        ->  Hash Join  (cost=69928.56..141635.00 rows=61087 width=8) (actual time=3534.122..7849.684 rows=52132 loops=1)
              Hash Cond: (mc.movie_id = t.id)
              ->  Seq Scan on movie_companies mc  (cost=0.00..57926.93 rows=1090836 width=4) (actual time=0.023..3299.193 rows=1274246 loops=1)
                    Filter: ((company_id < 83329) AND (company_type_id = 1))
                    Rows Removed by Filter: 1334883
              ->  Hash  (cost=67604.59..67604.59 rows=141598 width=4) (actual time=3533.377..3533.377 rows=141703 loops=1)
                    Buckets: 131072  Batches: 2  Memory Usage: 3511kB
                    ->  Seq Scan on title t  (cost=0.00..67604.59 rows=141598 width=4) (actual time=0.016..3471.281 rows=141703 loops=1)
                          Filter: (production_year = 2010)
                          Rows Removed by Filter: 2386609
Planning time: 1.160 ms
Execution time: 13476.977 ms
