Hash Join  (cost=52284.33..138942.52 rows=16 width=0) (actual time=1796.784..2690.276 rows=117 loops=1)
  Hash Cond: (mk.movie_id = t.id)
  ->  Seq Scan on movie_keyword mk  (cost=0.00..69693.30 rows=4523930 width=4) (actual time=0.022..1045.281 rows=4523930 loops=1)
  ->  Hash  (cost=52284.21..52284.21 rows=9 width=8) (actual time=878.947..878.947 rows=3 loops=1)
        Buckets: 1024  Batches: 1  Memory Usage: 9kB
        ->  Nested Loop  (cost=0.43..52284.21 rows=9 width=8) (actual time=95.965..878.938 rows=3 loops=1)
              ->  Seq Scan on movie_companies mc  (cost=0.00..51404.11 rows=104 width=4) (actual time=20.708..876.743 rows=52 loops=1)
                    Filter: (company_id = 2408)
                    Rows Removed by Filter: 2609077
              ->  Index Scan using title_pkey on title t  (cost=0.43..8.45 rows=1 width=4) (actual time=0.039..0.039 rows=0 loops=52)
                    Index Cond: (id = mc.movie_id)
                    Filter: ((kind_id < 2) AND (production_year < 1995))
                    Rows Removed by Filter: 1
Planning time: 1.139 ms
Execution time: 2690.419 ms
