Hash Join  (cost=70308.29..869221.55 rows=11727 width=0) (actual time=6974.653..13652.772 rows=40585 loops=1)
  Hash Cond: (ci.movie_id = t.id)
  ->  Seq Scan on cast_info ci  (cost=0.00..796071.18 rows=179951 width=4) (actual time=5756.825..12192.383 rows=554593 loops=1)
        Filter: ((person_id > 2936237) AND (role_id = 5))
        Rows Removed by Filter: 35689751
  ->  Hash  (cost=67604.59..67604.59 rows=164776 width=4) (actual time=1216.931..1216.931 rows=164307 loops=1)
        Buckets: 131072  Batches: 4  Memory Usage: 2482kB
        ->  Seq Scan on title t  (cost=0.00..67604.59 rows=164776 width=4) (actual time=0.031..1159.148 rows=164307 loops=1)
              Filter: (production_year = 2012)
              Rows Removed by Filter: 2364005
Planning time: 0.675 ms
Execution time: 13656.980 ms
