Seq Scan on movie_keyword mk  (cost=0.00..81003.12 rows=246 width=0) (actual time=1.031..1236.843 rows=910 loops=1)
  Filter: (keyword_id = 10208)
  Rows Removed by Filter: 4523020
Planning time: 0.360 ms
Execution time: 1237.240 ms
