Hash Join  (cost=198505.78..582140.56 rows=145603 width=0) (actual time=8976.783..10928.331 rows=1344983 loops=1)
  Hash Cond: (mi.movie_id = t.id)
  ->  Seq Scan on movie_info mi  (cost=0.00..346232.03 rows=3068194 width=4) (actual time=3709.773..5565.971 rows=3036719 loops=1)
        Filter: (info_type_id = 16)
        Rows Removed by Filter: 11799001
  ->  Hash  (cost=196536.87..196536.87 rows=119993 width=8) (actual time=3915.563..3915.563 rows=117921 loops=1)
        Buckets: 131072  Batches: 2  Memory Usage: 3341kB
        ->  Hash Join  (cost=102767.86..196536.87 rows=119993 width=8) (actual time=1958.586..3876.166 rows=117921 loops=1)
              Hash Cond: (mk.movie_id = t.id)
              ->  Seq Scan on movie_keyword mk  (cost=0.00..81003.12 rows=119993 width=4) (actual time=0.047..1370.719 rows=117921 loops=1)
                    Filter: (keyword_id > 78538)
                    Rows Removed by Filter: 4406009
              ->  Hash  (cost=61283.27..61283.27 rows=2528527 width=4) (actual time=1952.504..1952.504 rows=2528312 loops=1)
                    Buckets: 131072  Batches: 64  Memory Usage: 2425kB
                    ->  Seq Scan on title t  (cost=0.00..61283.27 rows=2528527 width=4) (actual time=0.020..1063.370 rows=2528312 loops=1)
Planning time: 1.130 ms
Execution time: 11099.465 ms
