Hash Join  (cost=67697.55..155108.78 rows=4987 width=0) (actual time=2998.832..7639.412 rows=6741 loops=1)
  Hash Cond: (mk.movie_id = t.id)
  ->  Seq Scan on movie_keyword mk  (cost=0.00..81003.12 rows=1695529 width=4) (actual time=0.017..4218.432 rows=1707415 loops=1)
        Filter: (keyword_id > 8423)
        Rows Removed by Filter: 2816515
  ->  Hash  (cost=67604.59..67604.59 rows=7437 width=4) (actual time=2998.640..2998.640 rows=10308 loops=1)
        Buckets: 16384 (originally 8192)  Batches: 1 (originally 1)  Memory Usage: 491kB
        ->  Seq Scan on title t  (cost=0.00..67604.59 rows=7437 width=4) (actual time=0.111..2993.024 rows=10308 loops=1)
              Filter: (production_year = 1962)
              Rows Removed by Filter: 2518004
Planning time: 0.675 ms
Execution time: 7640.744 ms
