Hash Join  (cost=299355.01..1622833.96 rows=22562218 width=0) (actual time=6226.043..40484.795 rows=12058000 loops=1)
  Hash Cond: (ci.movie_id = t.id)
  ->  Seq Scan on cast_info ci  (cost=0.00..796071.18 rows=20694495 width=4) (actual time=0.082..18007.292 rows=22680813 loops=1)
        Filter: ((person_id < 2424864) AND (role_id < 10))
        Rows Removed by Filter: 13563531
  ->  Hash  (cost=254126.86..254126.86 rows=2756732 width=8) (actual time=6215.621..6215.621 rows=645461 loops=1)
        Buckets: 131072  Batches: 64  Memory Usage: 1402kB
        ->  Hash Join  (cost=92883.59..254126.86 rows=2756732 width=8) (actual time=4126.549..6018.732 rows=645461 loops=1)
              Hash Cond: (mk.movie_id = t.id)
              ->  Seq Scan on movie_keyword mk  (cost=0.00..69693.30 rows=4523930 width=4) (actual time=0.025..1415.127 rows=4523930 loops=1)
              ->  Hash  (cost=67604.59..67604.59 rows=1540800 width=4) (actual time=2188.882..2188.882 rows=1543264 loops=1)
                    Buckets: 131072  Batches: 32  Memory Usage: 2728kB
                    ->  Seq Scan on title t  (cost=0.00..67604.59 rows=1540800 width=4) (actual time=0.011..1387.691 rows=1543264 loops=1)
                          Filter: (kind_id = 7)
                          Rows Removed by Filter: 985048
Planning time: 1.154 ms
Execution time: 41861.697 ms
