Nested Loop  (cost=0.43..709671.90 rows=500 width=0) (actual time=5661.222..11108.368 rows=374 loops=1)
  ->  Seq Scan on cast_info ci  (cost=0.00..705507.15 rows=500 width=4) (actual time=5661.061..11081.975 rows=374 loops=1)
        Filter: (person_id = 467985)
        Rows Removed by Filter: 36243970
  ->  Index Only Scan using title_pkey on title t  (cost=0.43..8.32 rows=1 width=4) (actual time=0.069..0.070 rows=1 loops=374)
        Index Cond: (id = ci.movie_id)
        Heap Fetches: 374
Planning time: 0.786 ms
Execution time: 11108.526 ms
