Seq Scan on movie_keyword mk  (cost=0.00..81003.12 rows=117248 width=0) (actual time=0.026..1255.411 rows=115507 loops=1)
  Filter: (keyword_id > 78980)
  Rows Removed by Filter: 4408423
Planning time: 0.595 ms
Execution time: 1271.813 ms
