Hash Join  (cost=216675.87..749792.01 rows=4996121 width=0) (actual time=6751.093..46026.303 rows=116966263 loops=1)
  Hash Cond: (mi.movie_id = t.id)
  ->  Seq Scan on movie_info mi  (cost=0.00..309384.22 rows=14739122 width=4) (actual time=0.020..6111.437 rows=14835720 loops=1)
  ->  Hash  (cost=202613.18..202613.18 rows=857095 width=8) (actual time=6750.406..6750.406 rows=1860398 loops=1)
        Buckets: 131072 (originally 131072)  Batches: 32 (originally 16)  Memory Usage: 3363kB
        ->  Hash Join  (cost=83810.17..202613.18 rows=857095 width=8) (actual time=2229.846..5533.891 rows=1860398 loops=1)
              Hash Cond: (mk.movie_id = t.id)
              ->  Seq Scan on movie_keyword mk  (cost=0.00..81003.12 rows=2194116 width=4) (actual time=0.010..1631.987 rows=2194236 loops=1)
                    Filter: (keyword_id > 5127)
                    Rows Removed by Filter: 2329694
              ->  Hash  (cost=67604.59..67604.59 rows=987727 width=4) (actual time=2229.159..2229.159 rows=985048 loops=1)
                    Buckets: 131072  Batches: 16  Memory Usage: 3197kB
                    ->  Seq Scan on title t  (cost=0.00..67604.59 rows=987727 width=4) (actual time=0.015..1250.887 rows=985048 loops=1)
                          Filter: (kind_id < 7)
                          Rows Removed by Filter: 1543264
Planning time: 0.752 ms
Execution time: 58547.685 ms
