Hash Join  (cost=75941.23..200620.82 rows=219755 width=0) (actual time=1206.749..3784.516 rows=3123 loops=1)
  Hash Cond: (mk.movie_id = t.id)
  ->  Seq Scan on movie_keyword mk  (cost=0.00..69693.30 rows=4523930 width=4) (actual time=0.015..1304.964 rows=4523930 loops=1)
  ->  Hash  (cost=73925.90..73925.90 rows=122826 width=4) (actual time=1196.131..1196.131 rows=5119 loops=1)
        Buckets: 131072  Batches: 2  Memory Usage: 1120kB
        ->  Seq Scan on title t  (cost=0.00..73925.90 rows=122826 width=4) (actual time=0.452..1192.835 rows=5119 loops=1)
              Filter: ((kind_id > 1) AND (production_year < 1951))
              Rows Removed by Filter: 2523193
Planning time: 2.810 ms
Execution time: 3785.195 ms
