Seq Scan on cast_info ci  (cost=0.00..796071.18 rows=12499241 width=0) (actual time=4801.070..13796.946 rows=10236047 loops=1)
  Filter: ((person_id > 1978796) AND (role_id < 6))
  Rows Removed by Filter: 26008297
Planning time: 0.344 ms
Execution time: 15020.005 ms
