Hash Join  (cost=490715.29..1628434.01 rows=10115658 width=0) (actual time=9510.824..49090.864 rows=25536963 loops=1)
  Hash Cond: (ci.movie_id = t.id)
  ->  Seq Scan on cast_info ci  (cost=0.00..614943.12 rows=36225612 width=4) (actual time=0.025..13498.546 rows=36244344 loops=1)
  ->  Hash  (cost=479130.45..479130.45 rows=706067 width=8) (actual time=9509.284..9509.284 rows=1485453 loops=1)
        Buckets: 131072 (originally 131072)  Batches: 32 (originally 16)  Memory Usage: 3073kB
        ->  Hash Join  (cost=82008.92..479130.45 rows=706067 width=8) (actual time=1592.303..9076.700 rows=1485453 loops=1)
              Hash Cond: (mi.movie_id = t.id)
              ->  Seq Scan on movie_info mi  (cost=0.00..346232.03 rows=3623957 width=4) (actual time=272.437..5480.875 rows=3624977 loops=1)
                    Filter: (info_type_id < 4)
                    Rows Removed by Filter: 11210743
              ->  Hash  (cost=73925.90..73925.90 rows=492641 width=4) (actual time=1318.982..1318.982 rows=420285 loops=1)
                    Buckets: 131072  Batches: 8  Memory Usage: 2875kB
                    ->  Seq Scan on title t  (cost=0.00..73925.90 rows=492641 width=4) (actual time=0.028..1172.784 rows=420285 loops=1)
                          Filter: ((kind_id < 7) AND (production_year > 2002))
                          Rows Removed by Filter: 2108027
Planning time: 1.577 ms
Execution time: 52117.036 ms
