Hash Join  (cost=176757.98..1179218.66 rows=1989663 width=0) (actual time=3681.027..31325.326 rows=4396485 loops=1)
  Hash Cond: (ci.movie_id = t.id)
  ->  Seq Scan on cast_info ci  (cost=0.00..796071.18 rows=16022897 width=4) (actual time=0.018..17645.912 rows=20380300 loops=1)
        Filter: ((person_id > 1123949) AND (role_id > 1))
        Rows Removed by Filter: 15864044
  ->  Hash  (cost=171606.19..171606.19 rows=313983 width=8) (actual time=3679.339..3679.339 rows=313836 loops=1)
        Buckets: 131072  Batches: 8  Memory Usage: 2567kB
        ->  Hash Join  (cost=102767.86..171606.19 rows=313983 width=8) (actual time=2396.060..3586.564 rows=313836 loops=1)
              Hash Cond: (mc.movie_id = t.id)
              ->  Seq Scan on movie_companies mc  (cost=0.00..51404.11 rows=313983 width=4) (actual time=428.392..939.658 rows=313836 loops=1)
                    Filter: (company_id > 92195)
                    Rows Removed by Filter: 2295293
              ->  Hash  (cost=61283.27..61283.27 rows=2528527 width=4) (actual time=1966.750..1966.750 rows=2528312 loops=1)
                    Buckets: 131072  Batches: 64  Memory Usage: 2415kB
                    ->  Seq Scan on title t  (cost=0.00..61283.27 rows=2528527 width=4) (actual time=0.024..1111.650 rows=2528312 loops=1)
Planning time: 1.123 ms
Execution time: 31839.396 ms
