Hash Join  (cost=129928.86..532853.15 rows=471955 width=169) (actual time=7614.351..11102.866 rows=543367 loops=1)
  Hash Cond: (mi.movie_id = t.id)
  ->  Seq Scan on movie_info mi  (cost=0.00..346232.03 rows=471955 width=75) (actual time=4755.853..7220.762 rows=543367 loops=1)
        Filter: (info_type_id > 98)
        Rows Removed by Filter: 14292353
  ->  Hash  (cost=61283.27..61283.27 rows=2528527 width=94) (actual time=2747.283..2747.283 rows=2528312 loops=1)
        Buckets: 32768  Batches: 128  Memory Usage: 2470kB
        ->  Seq Scan on title t  (cost=0.00..61283.27 rows=2528527 width=94) (actual time=0.026..1447.325 rows=2528312 loops=1)
Planning time: 0.837 ms
Execution time: 11130.930 ms
