Hash Join  (cost=67756.30..94707.56 rows=2232 width=144) (actual time=1193.625..1792.979 rows=1683 loops=1)
  Hash Cond: (mi_idx.movie_id = t.id)
  ->  Seq Scan on movie_info_idx mi_idx  (cost=0.00..25185.44 rows=464934 width=50) (actual time=0.018..474.946 rows=460185 loops=1)
        Filter: (info_type_id > 100)
        Rows Removed by Filter: 919850
  ->  Hash  (cost=67604.59..67604.59 rows=12137 width=94) (actual time=1193.309..1193.309 rows=11234 loops=1)
        Buckets: 16384  Batches: 1  Memory Usage: 1464kB
        ->  Seq Scan on title t  (cost=0.00..67604.59 rows=12137 width=94) (actual time=0.036..1188.153 rows=11234 loops=1)
              Filter: (production_year < 1903)
              Rows Removed by Filter: 2517078
Planning time: 0.937 ms
Execution time: 1793.249 ms
