Hash Join  (cost=112673.29..1163537.47 rows=1660799 width=0) (actual time=2281.181..29157.149 rows=2804960 loops=1)
  Hash Cond: (ci.movie_id = t.id)
  ->  Seq Scan on cast_info ci  (cost=0.00..614943.12 rows=36225612 width=4) (actual time=0.029..12694.507 rows=36244344 loops=1)
  ->  Hash  (cost=110771.25..110771.25 rows=115923 width=8) (actual time=2280.198..2280.198 rows=114067 loops=1)
        Buckets: 131072  Batches: 2  Memory Usage: 3243kB
        ->  Hash Join  (cost=71089.54..110771.25 rows=115923 width=8) (actual time=1167.090..2242.551 rows=114067 loops=1)
              Hash Cond: (mi_idx.movie_id = t.id)
              ->  Seq Scan on movie_info_idx mi_idx  (cost=0.00..21735.35 rows=1380035 width=4) (actual time=0.020..455.853 rows=1380035 loops=1)
              ->  Hash  (cost=67604.59..67604.59 rows=212396 width=4) (actual time=1164.899..1164.899 rows=211624 loops=1)
                    Buckets: 131072  Batches: 4  Memory Usage: 2883kB
                    ->  Seq Scan on title t  (cost=0.00..67604.59 rows=212396 width=4) (actual time=0.016..1097.097 rows=211624 loops=1)
                          Filter: (production_year < 1957)
                          Rows Removed by Filter: 2316688
Planning time: 1.186 ms
Execution time: 29495.147 ms
