Hash Join  (cost=94706.90..505944.62 rows=1815385 width=0) (actual time=2516.865..9696.136 rows=414924 loops=1)
  Hash Cond: (mi.movie_id = t.id)
  ->  Seq Scan on movie_info mi  (cost=0.00..346232.03 rows=3623957 width=4) (actual time=0.018..5835.448 rows=3624977 loops=1)
        Filter: (info_type_id < 4)
        Rows Removed by Filter: 11210743
  ->  Hash  (cost=73925.90..73925.90 rows=1266640 width=4) (actual time=1819.433..1819.433 rows=1348885 loops=1)
        Buckets: 131072  Batches: 32  Memory Usage: 2517kB
        ->  Seq Scan on title t  (cost=0.00..73925.90 rows=1266640 width=4) (actual time=0.022..1388.329 rows=1348885 loops=1)
              Filter: ((production_year > 1970) AND (kind_id = 7))
              Rows Removed by Filter: 1179427
Planning time: 0.795 ms
Execution time: 9744.057 ms
