Seq Scan on movie_keyword mk  (cost=0.00..81003.12 rows=308162 width=0) (actual time=56.601..1322.089 rows=303946 loops=1)
  Filter: (keyword_id > 53261)
  Rows Removed by Filter: 4219984
Planning time: 0.324 ms
Execution time: 1364.426 ms
