Hash Join  (cost=85113.64..119588.05 rows=125285 width=0) (actual time=1321.720..2357.306 rows=94903 loops=1)
  Hash Cond: (mi_idx.movie_id = t.id)
  ->  Seq Scan on movie_info_idx mi_idx  (cost=0.00..25185.44 rows=464566 width=4) (actual time=0.007..260.822 rows=459925 loops=1)
        Filter: (info_type_id = 101)
        Rows Removed by Filter: 920110
  ->  Hash  (cost=73925.90..73925.90 rows=681899 width=4) (actual time=1320.205..1320.205 rows=565062 loops=1)
        Buckets: 131072  Batches: 16  Memory Usage: 2266kB
        ->  Seq Scan on title t  (cost=0.00..73925.90 rows=681899 width=4) (actual time=0.024..1144.239 rows=565062 loops=1)
              Filter: ((kind_id > 1) AND (production_year < 1998))
              Rows Removed by Filter: 1963250
Planning time: 0.556 ms
Execution time: 2367.866 ms
