Hash Join  (cost=633403.69..2234920.92 rows=42040503 width=0) (actual time=17811.982..122334.997 rows=280678437 loops=1)
  Hash Cond: (ci.movie_id = t.id)
  ->  Seq Scan on cast_info ci  (cost=0.00..614943.12 rows=36225612 width=4) (actual time=0.017..13671.984 rows=36244344 loops=1)
  ->  Hash  (cost=585260.65..585260.65 rows=2934403 width=8) (actual time=17809.657..17809.657 rows=6123042 loops=1)
        Buckets: 131072 (originally 131072)  Batches: 128 (originally 64)  Memory Usage: 3073kB
        ->  Hash Join  (cost=78556.72..585260.65 rows=2934403 width=8) (actual time=1415.181..16073.316 rows=6123042 loops=1)
              Hash Cond: (mi.movie_id = t.id)
              ->  Seq Scan on movie_info mi  (cost=0.00..346232.03 rows=11115165 width=4) (actual time=0.027..6807.656 rows=11210743 loops=1)
                    Filter: (info_type_id > 3)
                    Rows Removed by Filter: 3624977
              ->  Hash  (cost=67604.59..67604.59 rows=667531 width=4) (actual time=1414.164..1414.164 rows=662825 loops=1)
                    Buckets: 131072  Batches: 16  Memory Usage: 2485kB
                    ->  Seq Scan on title t  (cost=0.00..67604.59 rows=667531 width=4) (actual time=0.531..1202.331 rows=662825 loops=1)
                          Filter: (kind_id = 1)
                          Rows Removed by Filter: 1865487
Planning time: 1.320 ms
Execution time: 154102.348 ms
