Hash Join  (cost=125260.42..212469.40 rows=55095 width=0) (actual time=2365.187..4556.970 rows=849273 loops=1)
  Hash Cond: (mk.movie_id = t.id)
  ->  Seq Scan on movie_keyword mk  (cost=0.00..69693.30 rows=4523930 width=4) (actual time=0.008..1126.173 rows=4523930 loops=1)
  ->  Hash  (cost=124875.49..124875.49 rows=30794 width=8) (actual time=2364.934..2364.934 rows=29477 loops=1)
        Buckets: 32768  Batches: 1  Memory Usage: 1408kB
        ->  Hash Join  (cost=68365.25..124875.49 rows=30794 width=8) (actual time=1413.755..2354.006 rows=29477 loops=1)
              Hash Cond: (mc.movie_id = t.id)
              ->  Seq Scan on movie_companies mc  (cost=0.00..51404.11 rows=1279517 width=4) (actual time=350.019..963.417 rows=1274246 loops=1)
                    Filter: (company_type_id = 1)
                    Rows Removed by Filter: 1334883
              ->  Hash  (cost=67604.59..67604.59 rows=60853 width=4) (actual time=1063.247..1063.247 rows=62568 loops=1)
                    Buckets: 65536  Batches: 1  Memory Usage: 2712kB
                    ->  Seq Scan on title t  (cost=0.00..67604.59 rows=60853 width=4) (actual time=0.021..1036.852 rows=62568 loops=1)
                          Filter: (production_year = 2002)
                          Rows Removed by Filter: 2465744
Planning time: 1.746 ms
Execution time: 4662.799 ms
