Nested Loop  (cost=0.43..83072.29 rows=96 width=0) (actual time=37.570..1286.081 rows=171 loops=1)
  ->  Seq Scan on movie_keyword mk  (cost=0.00..81003.12 rows=246 width=4) (actual time=7.297..1275.275 rows=197 loops=1)
        Filter: (keyword_id = 3051)
        Rows Removed by Filter: 4523733
  ->  Index Scan using title_pkey on title t  (cost=0.43..8.40 rows=1 width=4) (actual time=0.051..0.052 rows=1 loops=197)
        Index Cond: (id = mk.movie_id)
        Filter: (kind_id < 7)
        Rows Removed by Filter: 0
Planning time: 1.277 ms
Execution time: 1286.320 ms
