Hash Join  (cost=102767.86..191994.51 rows=890198 width=0) (actual time=2415.478..4367.390 rows=722481 loops=1)
  Hash Cond: (mc.movie_id = t.id)
  ->  Seq Scan on movie_companies mc  (cost=0.00..57926.93 rows=890198 width=4) (actual time=485.583..1122.224 rows=722481 loops=1)
        Filter: ((company_id > 1695) AND (company_type_id < 2))
        Rows Removed by Filter: 1886648
  ->  Hash  (cost=61283.27..61283.27 rows=2528527 width=4) (actual time=1928.249..1928.249 rows=2528312 loops=1)
        Buckets: 131072  Batches: 64  Memory Usage: 2415kB
        ->  Seq Scan on title t  (cost=0.00..61283.27 rows=2528527 width=4) (actual time=0.022..1079.455 rows=2528312 loops=1)
Planning time: 0.790 ms
Execution time: 4448.867 ms
