Hash Join  (cost=74173.71..439985.20 rows=115557 width=0) (actual time=1151.667..9178.422 rows=149027 loops=1)
  Hash Cond: (mi.movie_id = t.id)
  ->  Seq Scan on movie_info mi  (cost=0.00..309384.22 rows=14739122 width=4) (actual time=0.017..4624.445 rows=14835720 loops=1)
  ->  Hash  (cost=73925.90..73925.90 rows=19824 width=4) (actual time=1089.104..1089.104 rows=16677 loops=1)
        Buckets: 32768  Batches: 1  Memory Usage: 843kB
        ->  Seq Scan on title t  (cost=0.00..73925.90 rows=19824 width=4) (actual time=197.805..1082.313 rows=16677 loops=1)
              Filter: ((production_year < 1983) AND (kind_id = 2))
              Rows Removed by Filter: 2511635
Planning time: 0.821 ms
Execution time: 9199.545 ms
