Hash Join  (cost=422824.10..1174303.95 rows=69073 width=0) (actual time=6539.728..22636.756 rows=1095948 loops=1)
  Hash Cond: (ci.movie_id = t.id)
  ->  Seq Scan on cast_info ci  (cost=0.00..614943.12 rows=36225612 width=4) (actual time=0.024..8502.064 rows=36244344 loops=1)
  ->  Hash  (cost=422763.83..422763.83 rows=4821 width=8) (actual time=6539.539..6539.539 rows=12438 loops=1)
        Buckets: 16384 (originally 8192)  Batches: 1 (originally 1)  Memory Usage: 614kB
        ->  Hash Join  (cost=74173.24..422763.83 rows=4821 width=8) (actual time=2306.354..6534.833 rows=12438 loops=1)
              Hash Cond: (mi.movie_id = t.id)
              ->  Seq Scan on movie_info mi  (cost=0.00..346232.03 rows=616095 width=4) (actual time=1290.091..5463.254 rows=598457 loops=1)
                    Filter: (info_type_id = 15)
                    Rows Removed by Filter: 14237263
              ->  Hash  (cost=73925.90..73925.90 rows=19787 width=4) (actual time=971.050..971.050 rows=15791 loops=1)
                    Buckets: 32768  Batches: 1  Memory Usage: 812kB
                    ->  Seq Scan on title t  (cost=0.00..73925.90 rows=19787 width=4) (actual time=0.057..964.115 rows=15791 loops=1)
                          Filter: ((kind_id < 7) AND (production_year = 1999))
                          Rows Removed by Filter: 2512521
Planning time: 3.918 ms
Execution time: 22774.717 ms
