Seq Scan on cast_info ci  (cost=0.00..705507.15 rows=20564838 width=0) (actual time=0.025..12500.324 rows=20471888 loops=1)
  Filter: (person_id < 2059154)
  Rows Removed by Filter: 15772456
Planning time: 0.358 ms
Execution time: 14990.295 ms
