Hash Join  (cost=164300.97..914687.25 rows=973775 width=0) (actual time=9141.520..18395.869 rows=1526346 loops=1)
  Hash Cond: (ci.movie_id = t.id)
  ->  Seq Scan on cast_info ci  (cost=0.00..705507.15 rows=2735034 width=4) (actual time=4681.206..12237.601 rows=2728943 loops=1)
        Filter: (role_id = 4)
        Rows Removed by Filter: 33515401
  ->  Hash  (cost=149530.83..149530.83 rows=900251 width=8) (actual time=4459.165..4459.165 rows=833913 loops=1)
        Buckets: 131072  Batches: 16  Memory Usage: 3060kB
        ->  Hash Join  (cost=94666.80..149530.83 rows=900251 width=8) (actual time=1793.520..4211.178 rows=833913 loops=1)
              Hash Cond: (mi_idx.movie_id = t.id)
              ->  Seq Scan on movie_info_idx mi_idx  (cost=0.00..21735.35 rows=1380035 width=4) (actual time=0.019..506.288 rows=1380035 loops=1)
              ->  Hash  (cost=67604.59..67604.59 rows=1649457 width=4) (actual time=1792.377..1792.377 rows=1643514 loops=1)
                    Buckets: 131072  Batches: 32  Memory Usage: 2831kB
                    ->  Seq Scan on title t  (cost=0.00..67604.59 rows=1649457 width=4) (actual time=0.026..1273.266 rows=1643514 loops=1)
                          Filter: (production_year > 1994)
                          Rows Removed by Filter: 884798
Planning time: 10.473 ms
Execution time: 18566.632 ms
