Hash Join  (cost=102767.86..265261.68 rows=2976043 width=0) (actual time=1870.338..5995.501 rows=2961912 loops=1)
  Hash Cond: (mk.movie_id = t.id)
  ->  Seq Scan on movie_keyword mk  (cost=0.00..81003.12 rows=2976043 width=4) (actual time=0.015..1753.481 rows=2961912 loops=1)
        Filter: (keyword_id < 10053)
        Rows Removed by Filter: 1562018
  ->  Hash  (cost=61283.27..61283.27 rows=2528527 width=4) (actual time=1868.951..1868.951 rows=2528312 loops=1)
        Buckets: 131072  Batches: 64  Memory Usage: 2425kB
        ->  Seq Scan on title t  (cost=0.00..61283.27 rows=2528527 width=4) (actual time=0.021..1023.928 rows=2528312 loops=1)
Planning time: 0.636 ms
Execution time: 6301.330 ms
