Seq Scan on cast_info ci  (cost=0.00..705507.15 rows=33504974 width=0) (actual time=0.017..13800.385 rows=33479718 loops=1)
  Filter: (person_id < 3535479)
  Rows Removed by Filter: 2764626
Planning time: 0.347 ms
Execution time: 18007.118 ms
