Hash Join  (cost=1281603.86..2481901.16 rows=53710716 width=0) (actual time=33113.281..91368.876 rows=160233289 loops=1)
  Hash Cond: (mi.movie_id = t.id)
  ->  Seq Scan on movie_info mi  (cost=0.00..309384.22 rows=14739122 width=4) (actual time=0.022..6551.953 rows=14835720 loops=1)
  ->  Hash  (cost=1130433.54..1130433.54 rows=9214185 width=8) (actual time=33110.506..33110.506 rows=12670688 loops=1)
        Buckets: 131072 (originally 131072)  Batches: 256 (originally 128)  Memory Usage: 3073kB
        ->  Hash Join  (cost=102767.86..1130433.54 rows=9214185 width=8) (actual time=1862.787..29566.371 rows=12670688 loops=1)
              Hash Cond: (ci.movie_id = t.id)
              ->  Seq Scan on cast_info ci  (cost=0.00..796071.18 rows=9214185 width=4) (actual time=0.019..16573.798 rows=12670688 loops=1)
                    Filter: ((person_id < 2715933) AND (role_id = 1))
                    Rows Removed by Filter: 23573656
              ->  Hash  (cost=61283.27..61283.27 rows=2528527 width=4) (actual time=1860.899..1860.899 rows=2528312 loops=1)
                    Buckets: 131072  Batches: 64  Memory Usage: 2415kB
                    ->  Seq Scan on title t  (cost=0.00..61283.27 rows=2528527 width=4) (actual time=0.016..1023.651 rows=2528312 loops=1)
Planning time: 1.389 ms
Execution time: 108295.015 ms
