Hash Join  (cost=82871.49..596590.60 rows=3178318 width=0) (actual time=4273.167..35973.646 rows=7264648 loops=1)
  Hash Cond: (mi.movie_id = t.id)
  ->  Seq Scan on movie_info mi  (cost=0.00..309384.22 rows=14739122 width=4) (actual time=0.006..19536.371 rows=14835720 loops=1)
  ->  Hash  (cost=73925.90..73925.90 rows=545247 width=4) (actual time=4272.195..4272.195 rows=557319 loops=1)
        Buckets: 131072  Batches: 8  Memory Usage: 3494kB
        ->  Seq Scan on title t  (cost=0.00..73925.90 rows=545247 width=4) (actual time=1671.630..3820.381 rows=557319 loops=1)
              Filter: ((production_year < 2011) AND (kind_id = 1))
              Rows Removed by Filter: 1970993
Planning time: 1.454 ms
Execution time: 36984.969 ms
