Hash Join  (cost=176342.42..215369.98 rows=77808 width=0) (actual time=3427.679..4570.229 rows=331711 loops=1)
  Hash Cond: (mi_idx.movie_id = t.id)
  ->  Seq Scan on movie_info_idx mi_idx  (cost=0.00..21735.35 rows=1380035 width=4) (actual time=0.017..487.427 rows=1380035 loops=1)
  ->  Hash  (cost=174003.41..174003.41 rows=142561 width=8) (actual time=3426.647..3426.647 rows=220009 loops=1)
        Buckets: 131072 (originally 131072)  Batches: 4 (originally 2)  Memory Usage: 3171kB
        ->  Hash Join  (cost=102767.86..174003.41 rows=142561 width=8) (actual time=1906.095..3357.467 rows=220009 loops=1)
              Hash Cond: (mc.movie_id = t.id)
              ->  Seq Scan on movie_companies mc  (cost=0.00..57926.93 rows=142561 width=4) (actual time=34.253..918.057 rows=220009 loops=1)
                    Filter: ((company_id < 159) AND (company_type_id < 2))
                    Rows Removed by Filter: 2389120
              ->  Hash  (cost=61283.27..61283.27 rows=2528527 width=4) (actual time=1870.543..1870.543 rows=2528312 loops=1)
                    Buckets: 131072  Batches: 64  Memory Usage: 2415kB
                    ->  Seq Scan on title t  (cost=0.00..61283.27 rows=2528527 width=4) (actual time=0.019..1026.298 rows=2528312 loops=1)
Planning time: 1.310 ms
Execution time: 4610.475 ms
