Seq Scan on movie_companies mc  (cost=0.00..57926.93 rows=51 width=0) (actual time=74.822..885.068 rows=307 loops=1)
  Filter: ((company_type_id < 2) AND (company_id = 400))
  Rows Removed by Filter: 2608822
Planning time: 0.396 ms
Execution time: 885.265 ms
