Hash Join  (cost=102767.86..1454681.54 rows=26453079 width=0) (actual time=1962.429..39353.928 rows=26658438 loops=1)
  Hash Cond: (ci.movie_id = t.id)
  ->  Seq Scan on cast_info ci  (cost=0.00..705507.15 rows=26453079 width=4) (actual time=0.015..15898.843 rows=26658438 loops=1)
        Filter: (person_id > 942442)
        Rows Removed by Filter: 9585906
  ->  Hash  (cost=61283.27..61283.27 rows=2528527 width=4) (actual time=1961.357..1961.357 rows=2528312 loops=1)
        Buckets: 131072  Batches: 64  Memory Usage: 2415kB
        ->  Seq Scan on title t  (cost=0.00..61283.27 rows=2528527 width=4) (actual time=0.008..1130.539 rows=2528312 loops=1)
Planning time: 0.557 ms
Execution time: 42519.545 ms
