Hash Join  (cost=161431.47..872817.10 rows=13068 width=0) (actual time=7247.692..15562.122 rows=80846 loops=1)
  Hash Cond: (ci.movie_id = t.id)
  ->  Seq Scan on cast_info ci  (cost=0.00..705507.15 rows=1149559 width=4) (actual time=4235.407..12271.055 rows=1093558 loops=1)
        Filter: (role_id = 9)
        Rows Removed by Filter: 35150786
  ->  Hash  (cost=161072.18..161072.18 rows=28743 width=8) (actual time=3011.936..3011.936 rows=68834 loops=1)
        Buckets: 131072 (originally 32768)  Batches: 1 (originally 1)  Memory Usage: 3713kB
        ->  Hash Join  (cost=74126.72..161072.18 rows=28743 width=8) (actual time=1120.310..2987.703 rows=68834 loops=1)
              Hash Cond: (mk.movie_id = t.id)
              ->  Seq Scan on movie_keyword mk  (cost=0.00..69693.30 rows=4523930 width=4) (actual time=0.023..1003.807 rows=4523930 loops=1)
              ->  Hash  (cost=73925.90..73925.90 rows=16065 width=4) (actual time=1120.170..1120.170 rows=9704 loops=1)
                    Buckets: 16384  Batches: 1  Memory Usage: 470kB
                    ->  Seq Scan on title t  (cost=0.00..73925.90 rows=16065 width=4) (actual time=247.807..1115.951 rows=9704 loops=1)
                          Filter: ((kind_id = 1) AND (production_year = 2002))
                          Rows Removed by Filter: 2518608
Planning time: 0.791 ms
Execution time: 15572.842 ms
