Hash Join  (cost=73953.78..102578.92 rows=807 width=0) (actual time=1051.474..1491.365 rows=5616 loops=1)
  Hash Cond: (mi_idx.movie_id = t.id)
  ->  Seq Scan on movie_info_idx mi_idx  (cost=0.00..25185.44 rows=915101 width=4) (actual time=0.022..312.518 rows=919850 loops=1)
        Filter: (info_type_id < 101)
        Rows Removed by Filter: 460185
  ->  Hash  (cost=73925.90..73925.90 rows=2230 width=4) (actual time=1051.318..1051.318 rows=6462 loops=1)
        Buckets: 8192 (originally 4096)  Batches: 1 (originally 1)  Memory Usage: 292kB
        ->  Seq Scan on title t  (cost=0.00..73925.90 rows=2230 width=4) (actual time=0.399..1048.160 rows=6462 loops=1)
              Filter: ((kind_id < 3) AND (production_year = 1992))
              Rows Removed by Filter: 2521850
Planning time: 0.794 ms
Execution time: 1492.306 ms
