Seq Scan on movie_keyword mk  (cost=0.00..81003.12 rows=512380 width=0) (actual time=0.028..1308.625 rows=504559 loops=1)
  Filter: (keyword_id > 35916)
  Rows Removed by Filter: 4019371
Planning time: 0.321 ms
Execution time: 1374.595 ms
