Hash Join  (cost=468541.99..550611.27 rows=509175 width=0) (actual time=7956.931..10042.178 rows=356876 loops=1)
  Hash Cond: (mc.movie_id = t.id)
  ->  Seq Scan on movie_companies mc  (cost=0.00..44881.29 rows=2609129 width=4) (actual time=0.014..974.132 rows=2609129 loops=1)
  ->  Hash  (cost=460445.91..460445.91 rows=493446 width=8) (actual time=7956.240..7956.240 rows=169038 loops=1)
        Buckets: 131072  Batches: 8  Memory Usage: 1839kB
        ->  Hash Join  (cost=92883.59..460445.91 rows=493446 width=8) (actual time=4593.320..7909.547 rows=169038 loops=1)
              Hash Cond: (mi.movie_id = t.id)
              ->  Seq Scan on movie_info mi  (cost=0.00..346232.03 rows=809768 width=4) (actual time=2793.976..5435.788 rows=802140 loops=1)
                    Filter: (info_type_id < 2)
                    Rows Removed by Filter: 14033580
              ->  Hash  (cost=67604.59..67604.59 rows=1540800 width=4) (actual time=1798.144..1798.144 rows=1543264 loops=1)
                    Buckets: 131072  Batches: 32  Memory Usage: 2728kB
                    ->  Seq Scan on title t  (cost=0.00..67604.59 rows=1540800 width=4) (actual time=92.630..1299.296 rows=1543264 loops=1)
                          Filter: (kind_id = 7)
                          Rows Removed by Filter: 985048
Planning time: 1.149 ms
Execution time: 10074.716 ms
