Seq Scan on movie_companies mc  (cost=0.00..57926.93 rows=615352 width=0) (actual time=0.015..1090.276 rows=886260 loops=1)
  Filter: ((company_id > 12063) AND (company_type_id > 1))
  Rows Removed by Filter: 1722869
Planning time: 2.267 ms
Execution time: 1203.556 ms
