Hash Join  (cost=74747.02..158871.01 rows=20220 width=0) (actual time=1332.341..2849.706 rows=5437 loops=1)
  Hash Cond: (mk.movie_id = t.id)
  ->  Seq Scan on movie_keyword mk  (cost=0.00..81003.12 rows=778312 width=4) (actual time=0.019..1448.648 rows=779380 loops=1)
        Filter: (keyword_id < 745)
        Rows Removed by Filter: 3744550
  ->  Hash  (cost=73925.90..73925.90 rows=65689 width=4) (actual time=1226.736..1226.736 rows=74524 loops=1)
        Buckets: 131072  Batches: 1  Memory Usage: 3644kB
        ->  Seq Scan on title t  (cost=0.00..73925.90 rows=65689 width=4) (actual time=0.018..1196.454 rows=74524 loops=1)
              Filter: ((kind_id = 7) AND (production_year = 2006))
              Rows Removed by Filter: 2453788
Planning time: 0.779 ms
Execution time: 2850.761 ms
