Hash Join  (cost=59523.26..424183.45 rows=426 width=0) (actual time=1071.145..8159.077 rows=2520 loops=1)
  Hash Cond: (mi.movie_id = t.id)
  ->  Seq Scan on movie_info mi  (cost=0.00..309384.22 rows=14739122 width=4) (actual time=0.020..4484.039 rows=14835720 loops=1)
  ->  Hash  (cost=59522.35..59522.35 rows=73 width=8) (actual time=859.875..859.875 rows=360 loops=1)
        Buckets: 1024  Batches: 1  Memory Usage: 23kB
        ->  Nested Loop  (cost=0.43..59522.35 rows=73 width=8) (actual time=2.483..859.638 rows=360 loops=1)
              ->  Seq Scan on movie_companies mc  (cost=0.00..57926.93 rows=189 width=4) (actual time=2.431..847.672 rows=507 loops=1)
                    Filter: ((company_id < 2) AND (company_type_id > 1))
                    Rows Removed by Filter: 2608622
              ->  Index Scan using title_pkey on title t  (cost=0.43..8.43 rows=1 width=4) (actual time=0.022..0.022 rows=1 loops=507)
                    Index Cond: (id = mc.movie_id)
                    Filter: ((kind_id > 1) AND (production_year > 2001))
                    Rows Removed by Filter: 0
Planning time: 4.722 ms
Execution time: 8160.040 ms
