Seq Scan on movie_keyword mk  (cost=0.00..81003.12 rows=2318578 width=0) (actual time=0.024..1490.792 rows=2319360 loops=1)
  Filter: (keyword_id < 5057)
  Rows Removed by Filter: 2204570
Planning time: 0.309 ms
Execution time: 1782.468 ms
