Hash Join  (cost=123028.54..870593.53 rows=241831 width=0) (actual time=3647.408..15615.231 rows=827108 loops=1)
  Hash Cond: (ci.movie_id = t.id)
  ->  Seq Scan on cast_info ci  (cost=0.00..705507.15 rows=3366806 width=4) (actual time=827.835..11014.096 rows=3253934 loops=1)
        Filter: (person_id < 314091)
        Rows Removed by Filter: 32990410
  ->  Hash  (cost=120048.30..120048.30 rows=181619 width=8) (actual time=2818.660..2818.660 rows=318279 loops=1)
        Buckets: 131072 (originally 131072)  Batches: 8 (originally 4)  Memory Usage: 3073kB
        ->  Hash Join  (cost=83810.17..120048.30 rows=181619 width=8) (actual time=1347.109..2242.226 rows=318279 loops=1)
              Hash Cond: (mi_idx.movie_id = t.id)
              ->  Seq Scan on movie_info_idx mi_idx  (cost=0.00..25185.44 rows=464934 width=4) (actual time=0.031..374.557 rows=460185 loops=1)
                    Filter: (info_type_id > 100)
                    Rows Removed by Filter: 919850
              ->  Hash  (cost=67604.59..67604.59 rows=987727 width=4) (actual time=1346.010..1346.010 rows=985048 loops=1)
                    Buckets: 131072  Batches: 16  Memory Usage: 3188kB
                    ->  Seq Scan on title t  (cost=0.00..67604.59 rows=987727 width=4) (actual time=0.814..1045.285 rows=985048 loops=1)
                          Filter: (kind_id < 7)
                          Rows Removed by Filter: 1543264
Planning time: 1.202 ms
Execution time: 15710.824 ms
