Seq Scan on movie_companies mc  (cost=0.00..57926.93 rows=857145 width=0) (actual time=0.016..1002.958 rows=1064174 loops=1)
  Filter: ((company_id > 3263) AND (company_type_id = 2))
  Rows Removed by Filter: 1544955
Planning time: 0.379 ms
Execution time: 1130.702 ms
