Hash Join  (cost=83074.74..109986.57 rows=134 width=0) (actual time=1388.925..1987.937 rows=1846 loops=1)
  Hash Cond: (mi_idx.movie_id = t.id)
  ->  Seq Scan on movie_info_idx mi_idx  (cost=0.00..21735.35 rows=1380035 width=4) (actual time=0.014..364.195 rows=1380035 loops=1)
  ->  Hash  (cost=83071.67..83071.67 rows=246 width=8) (actual time=1373.415..1373.415 rows=903 loops=1)
        Buckets: 1024  Batches: 1  Memory Usage: 44kB
        ->  Nested Loop  (cost=0.43..83071.67 rows=246 width=8) (actual time=0.493..1372.682 rows=903 loops=1)
              ->  Seq Scan on movie_keyword mk  (cost=0.00..81003.12 rows=246 width=4) (actual time=0.416..1317.561 rows=903 loops=1)
                    Filter: (keyword_id = 3661)
                    Rows Removed by Filter: 4523027
              ->  Index Only Scan using title_pkey on title t  (cost=0.43..8.40 rows=1 width=4) (actual time=0.059..0.059 rows=1 loops=903)
                    Index Cond: (id = mk.movie_id)
                    Heap Fetches: 903
Planning time: 1.181 ms
Execution time: 1988.369 ms
