Seq Scan on movie_keyword mk  (cost=0.00..81003.12 rows=1231001 width=0) (actual time=0.024..1462.719 rows=1242084 loops=1)
  Filter: (keyword_id > 14553)
  Rows Removed by Filter: 3281846
Planning time: 0.403 ms
Execution time: 1619.916 ms
