Seq Scan on movie_companies mc  (cost=0.00..57926.93 rows=51 width=0) (actual time=1151.826..2258.051 rows=1 loops=1)
  Filter: ((company_type_id < 2) AND (company_id = 7642))
  Rows Removed by Filter: 2609128
Planning time: 0.400 ms
Execution time: 2258.145 ms
