Seq Scan on movie_keyword mk  (cost=0.00..81003.12 rows=2742380 width=0) (actual time=0.023..1501.463 rows=2734006 loops=1)
  Filter: (keyword_id > 2891)
  Rows Removed by Filter: 1789924
Planning time: 0.324 ms
Execution time: 1837.318 ms
