Seq Scan on cast_info ci  (cost=0.00..796071.18 rows=1073925 width=0) (actual time=13349.218..15396.916 rows=1093558 loops=1)
  Filter: ((person_id < 3588071) AND (role_id = 9))
  Rows Removed by Filter: 35150786
Planning time: 0.404 ms
Execution time: 15534.568 ms
