Seq Scan on movie_keyword mk  (cost=0.00..81003.12 rows=723378 width=0) (actual time=0.013..1309.959 rows=727870 loops=1)
  Filter: (keyword_id > 25768)
  Rows Removed by Filter: 3796060
Planning time: 0.333 ms
Execution time: 1402.057 ms
