Seq Scan on movie_companies mc  (cost=0.00..51404.11 rows=2264640 width=0) (actual time=0.026..950.430 rows=2260652 loops=1)
  Filter: (company_id < 88447)
  Rows Removed by Filter: 348477
Planning time: 0.396 ms
Execution time: 1224.388 ms
