Hash Join  (cost=101042.06..465962.05 rows=26406 width=0) (actual time=1962.659..9186.706 rows=49107 loops=1)
  Hash Cond: (mi.movie_id = t.id)
  ->  Seq Scan on movie_info mi  (cost=0.00..309384.22 rows=14739122 width=4) (actual time=0.013..4555.454 rows=14835720 loops=1)
  ->  Hash  (cost=100985.44..100985.44 rows=4530 width=8) (actual time=1710.382..1710.382 rows=6162 loops=1)
        Buckets: 8192  Batches: 1  Memory Usage: 305kB
        ->  Hash Join  (cost=74029.65..100985.44 rows=4530 width=8) (actual time=1203.751..1707.926 rows=6162 loops=1)
              Hash Cond: (mi_idx.movie_id = t.id)
              ->  Seq Scan on movie_info_idx mi_idx  (cost=0.00..21735.35 rows=1380035 width=4) (actual time=0.013..324.930 rows=1380035 loops=1)
              ->  Hash  (cost=73925.90..73925.90 rows=8300 width=4) (actual time=1090.052..1090.052 rows=7850 loops=1)
                    Buckets: 16384  Batches: 1  Memory Usage: 404kB
                    ->  Seq Scan on title t  (cost=0.00..73925.90 rows=8300 width=4) (actual time=0.106..1086.256 rows=7850 loops=1)
                          Filter: ((production_year > 2011) AND (kind_id = 2))
                          Rows Removed by Filter: 2520462
Planning time: 1.168 ms
Execution time: 9193.938 ms
