Seq Scan on movie_companies mc  (cost=0.00..57926.93 rows=386164 width=0) (actual time=0.017..907.917 rows=545426 loops=1)
  Filter: ((company_id < 1684) AND (company_type_id = 1))
  Rows Removed by Filter: 2063703
Planning time: 0.393 ms
Execution time: 971.470 ms
