Nested Loop  (cost=0.43..83071.67 rows=246 width=0) (actual time=5.898..1188.357 rows=84 loops=1)
  ->  Seq Scan on movie_keyword mk  (cost=0.00..81003.12 rows=246 width=4) (actual time=5.822..1180.266 rows=84 loops=1)
        Filter: (keyword_id = 48582)
        Rows Removed by Filter: 4523846
  ->  Index Only Scan using title_pkey on title t  (cost=0.43..8.40 rows=1 width=4) (actual time=0.091..0.091 rows=1 loops=84)
        Index Cond: (id = mk.movie_id)
        Heap Fetches: 84
Planning time: 0.736 ms
Execution time: 1188.502 ms
