Hash Join  (cost=156253.89..252703.89 rows=67413 width=0) (actual time=3129.224..5230.345 rows=70917 loops=1)
  Hash Cond: (mk.movie_id = t.id)
  ->  Seq Scan on movie_keyword mk  (cost=0.00..81003.12 rows=1230599 width=4) (actual time=0.019..1402.832 rows=1239555 loops=1)
        Filter: (keyword_id < 1578)
        Rows Removed by Filter: 3284375
  ->  Hash  (cost=153980.46..153980.46 rows=138514 width=8) (actual time=3052.863..3052.863 rows=162546 loops=1)
        Buckets: 131072 (originally 131072)  Batches: 4 (originally 2)  Memory Usage: 3073kB
        ->  Hash Join  (cost=93155.63..153980.46 rows=138514 width=8) (actual time=1951.207..2989.559 rows=162546 loops=1)
              Hash Cond: (mc.movie_id = t.id)
              ->  Seq Scan on movie_companies mc  (cost=0.00..51404.11 rows=298821 width=4) (actual time=0.025..868.567 rows=292877 loops=1)
                    Filter: (company_id < 160)
                    Rows Removed by Filter: 2316252
              ->  Hash  (cost=73925.90..73925.90 rows=1172058 width=4) (actual time=1702.144..1702.144 rows=1128906 loops=1)
                    Buckets: 131072  Batches: 16  Memory Usage: 3503kB
                    ->  Seq Scan on title t  (cost=0.00..73925.90 rows=1172058 width=4) (actual time=0.018..1356.928 rows=1128906 loops=1)
                          Filter: ((production_year < 2010) AND (kind_id = 7))
                          Rows Removed by Filter: 1399406
Planning time: 1.232 ms
Execution time: 5238.024 ms
