Hash Join  (cost=88334.42..163161.54 rows=461797 width=0) (actual time=4086.870..7756.452 rows=302070 loops=1)
  Hash Cond: (mc.movie_id = t.id)
  ->  Seq Scan on movie_companies mc  (cost=0.00..51404.11 rows=1329612 width=4) (actual time=4.658..2537.943 rows=1334883 loops=1)
        Filter: (company_type_id = 2)
        Rows Removed by Filter: 1274246
  ->  Hash  (cost=73925.90..73925.90 rows=878201 width=4) (actual time=4080.379..4080.379 rows=947729 loops=1)
        Buckets: 131072  Batches: 16  Memory Usage: 3113kB
        ->  Seq Scan on title t  (cost=0.00..73925.90 rows=878201 width=4) (actual time=0.024..3710.798 rows=947729 loops=1)
              Filter: ((kind_id > 1) AND (production_year > 2003))
              Rows Removed by Filter: 1580583
Planning time: 0.756 ms
Execution time: 7808.513 ms
