Seq Scan on movie_companies mc  (cost=0.00..51404.11 rows=574517 width=0) (actual time=67.413..904.268 rows=577055 loops=1)
  Filter: (company_id > 71108)
  Rows Removed by Filter: 2032074
Planning time: 0.345 ms
Execution time: 980.981 ms
