Hash Join  (cost=88608.73..134681.70 rows=488449 width=0) (actual time=1580.310..3099.248 rows=864855 loops=1)
  Hash Cond: (mi_idx.movie_id = t.id)
  ->  Seq Scan on movie_info_idx mi_idx  (cost=0.00..21735.35 rows=1380035 width=4) (actual time=0.009..508.896 rows=1380035 loops=1)
  ->  Hash  (cost=73925.90..73925.90 rows=894946 width=4) (actual time=1579.427..1579.427 rows=810098 loops=1)
        Buckets: 131072  Batches: 16  Memory Usage: 2806kB
        ->  Seq Scan on title t  (cost=0.00..73925.90 rows=894946 width=4) (actual time=0.029..1311.890 rows=810098 loops=1)
              Filter: ((kind_id < 7) AND (production_year > 1951))
              Rows Removed by Filter: 1718214
Planning time: 1.657 ms
Execution time: 3197.099 ms
