Hash Join  (cost=225796.01..380831.82 rows=2344198 width=0) (actual time=5674.182..12931.980 rows=16750490 loops=1)
  Hash Cond: (mk.movie_id = t.id)
  ->  Seq Scan on movie_keyword mk  (cost=0.00..81003.12 rows=3420139 width=4) (actual time=0.024..1698.613 rows=3411154 loops=1)
        Filter: (keyword_id > 1146)
        Rows Removed by Filter: 1112776
  ->  Hash  (cost=197362.54..197362.54 rows=1733078 width=8) (actual time=5672.901..5672.901 rows=1431450 loops=1)
        Buckets: 131072  Batches: 32  Memory Usage: 2821kB
        ->  Hash Join  (cost=95159.82..197362.54 rows=1733078 width=8) (actual time=1932.715..5217.307 rows=1431450 loops=1)
              Hash Cond: (mc.movie_id = t.id)
              ->  Seq Scan on movie_companies mc  (cost=0.00..44881.29 rows=2609129 width=4) (actual time=0.021..899.759 rows=2609129 loops=1)
              ->  Hash  (cost=67604.59..67604.59 rows=1679539 width=4) (actual time=1931.519..1931.519 rows=1673541 loops=1)
                    Buckets: 131072  Batches: 32  Memory Usage: 2866kB
                    ->  Seq Scan on title t  (cost=0.00..67604.59 rows=1679539 width=4) (actual time=0.015..1237.587 rows=1673541 loops=1)
                          Filter: (production_year > 1993)
                          Rows Removed by Filter: 854771
Planning time: 1.179 ms
Execution time: 14798.288 ms
