Hash Join  (cost=52284.01..138942.14 rows=9 width=0) (actual time=898.631..2614.274 rows=3792 loops=1)
  Hash Cond: (mk.movie_id = t.id)
  ->  Seq Scan on movie_keyword mk  (cost=0.00..69693.30 rows=4523930 width=4) (actual time=0.013..961.990 rows=4523930 loops=1)
  ->  Hash  (cost=52283.95..52283.95 rows=5 width=8) (actual time=863.261..863.261 rows=49 loops=1)
        Buckets: 1024  Batches: 1  Memory Usage: 10kB
        ->  Nested Loop  (cost=0.43..52283.95 rows=5 width=8) (actual time=20.610..863.180 rows=49 loops=1)
              ->  Seq Scan on movie_companies mc  (cost=0.00..51404.11 rows=104 width=4) (actual time=0.103..822.019 rows=1477 loops=1)
                    Filter: (company_id = 2690)
                    Rows Removed by Filter: 2607652
              ->  Index Scan using title_pkey on title t  (cost=0.43..8.45 rows=1 width=4) (actual time=0.027..0.027 rows=0 loops=1477)
                    Index Cond: (id = mc.movie_id)
                    Filter: (production_year = 2008)
                    Rows Removed by Filter: 1
Planning time: 1.190 ms
Execution time: 2614.986 ms
