Seq Scan on cast_info ci  (cost=0.00..705507.15 rows=22195908 width=0) (actual time=0.024..13008.806 rows=22239774 loops=1)
  Filter: (person_id > 1379664)
  Rows Removed by Filter: 14004570
Planning time: 0.340 ms
Execution time: 15755.097 ms
