Hash Join  (cost=65416.47..161801.42 rows=900 width=0) (actual time=2015.448..3041.668 rows=7836 loops=1)
  Hash Cond: (mk.movie_id = t.id)
  ->  Seq Scan on movie_keyword mk  (cost=0.00..81003.12 rows=4099418 width=4) (actual time=0.022..1592.193 rows=4087742 loops=1)
        Filter: (keyword_id > 335)
        Rows Removed by Filter: 436188
  ->  Hash  (cost=65409.54..65409.54 rows=555 width=8) (actual time=839.808..839.808 rows=2211 loops=1)
        Buckets: 4096 (originally 1024)  Batches: 1 (originally 1)  Memory Usage: 119kB
        ->  Nested Loop  (cost=0.43..65409.54 rows=555 width=8) (actual time=0.787..838.654 rows=2211 loops=1)
              ->  Seq Scan on movie_companies mc  (cost=0.00..57926.93 rows=910 width=4) (actual time=0.268..734.902 rows=3969 loops=1)
                    Filter: ((company_id < 6) AND (company_type_id < 2))
                    Rows Removed by Filter: 2605160
              ->  Index Scan using title_pkey on title t  (cost=0.43..8.21 rows=1 width=4) (actual time=0.023..0.025 rows=1 loops=3969)
                    Index Cond: (id = mc.movie_id)
                    Filter: (kind_id = 7)
                    Rows Removed by Filter: 0
Planning time: 1.250 ms
Execution time: 3042.872 ms
