Hash Join  (cost=102767.86..502450.90 rows=1810770 width=0) (actual time=9724.728..27204.578 rows=1865632 loops=1)
  Hash Cond: (mi.movie_id = t.id)
  ->  Seq Scan on movie_info mi  (cost=0.00..346232.03 rows=1810770 width=4) (actual time=3074.923..17995.393 rows=1865632 loops=1)
        Filter: (info_type_id > 17)
        Rows Removed by Filter: 12970088
  ->  Hash  (cost=61283.27..61283.27 rows=2528527 width=4) (actual time=6648.864..6648.864 rows=2528312 loops=1)
        Buckets: 131072  Batches: 64  Memory Usage: 2425kB
        ->  Seq Scan on title t  (cost=0.00..61283.27 rows=2528527 width=4) (actual time=0.024..4937.869 rows=2528312 loops=1)
Planning time: 8.991 ms
Execution time: 27490.100 ms
