Hash Join  (cost=216579.34..767092.97 rows=6626670 width=0) (actual time=5387.477..30130.376 rows=47903401 loops=1)
  Hash Cond: (mi.movie_id = t.id)
  ->  Seq Scan on movie_info mi  (cost=0.00..309384.22 rows=14739122 width=4) (actual time=0.017..6118.578 rows=14835720 loops=1)
  ->  Hash  (cost=197928.10..197928.10 rows=1136819 width=8) (actual time=5385.574..5385.574 rows=1274246 loops=1)
        Buckets: 131072 (originally 131072)  Batches: 32 (originally 16)  Memory Usage: 3073kB
        ->  Hash Join  (cost=102767.86..197928.10 rows=1136819 width=8) (actual time=2298.137..5040.604 rows=1274246 loops=1)
              Hash Cond: (mc.movie_id = t.id)
              ->  Seq Scan on movie_companies mc  (cost=0.00..57926.93 rows=1136819 width=4) (actual time=306.340..1310.711 rows=1274246 loops=1)
                    Filter: ((company_id < 94628) AND (company_type_id = 1))
                    Rows Removed by Filter: 1334883
              ->  Hash  (cost=61283.27..61283.27 rows=2528527 width=4) (actual time=1990.452..1990.452 rows=2528312 loops=1)
                    Buckets: 131072  Batches: 64  Memory Usage: 2415kB
                    ->  Seq Scan on title t  (cost=0.00..61283.27 rows=2528527 width=4) (actual time=0.015..1150.541 rows=2528312 loops=1)
Planning time: 1.590 ms
Execution time: 35379.198 ms
