Hash Join  (cost=239800.68..795532.72 rows=7115710 width=0) (actual time=6032.177..59040.672 rows=183893118 loops=1)
  Hash Cond: (mi.movie_id = t.id)
  ->  Seq Scan on movie_info mi  (cost=0.00..309384.22 rows=14739122 width=4) (actual time=0.018..6039.635 rows=14835720 loops=1)
  ->  Hash  (cost=219772.75..219772.75 rows=1220715 width=8) (actual time=6031.280..6031.280 rows=2619889 loops=1)
        Buckets: 131072 (originally 131072)  Batches: 64 (originally 16)  Memory Usage: 3073kB
        ->  Hash Join  (cost=81720.25..219772.75 rows=1220715 width=8) (actual time=1338.468..5330.624 rows=2619889 loops=1)
              Hash Cond: (mk.movie_id = t.id)
              ->  Seq Scan on movie_keyword mk  (cost=0.00..81003.12 rows=3587526 width=4) (actual time=0.023..1729.872 rows=3580349 loops=1)
                    Filter: (keyword_id > 875)
                    Rows Removed by Filter: 943581
              ->  Hash  (cost=67604.59..67604.59 rows=860373 width=4) (actual time=1337.166..1337.166 rows=854214 loops=1)
                    Buckets: 131072  Batches: 16  Memory Usage: 2906kB
                    ->  Seq Scan on title t  (cost=0.00..67604.59 rows=860373 width=4) (actual time=0.027..1068.005 rows=854214 loops=1)
                          Filter: (kind_id < 4)
                          Rows Removed by Filter: 1674098
Planning time: 1.125 ms
Execution time: 78506.295 ms
