Hash Join  (cost=222972.34..765748.72 rows=4174853 width=0) (actual time=6058.154..44065.648 rows=115108653 loops=1)
  Hash Cond: (mi.movie_id = t.id)
  ->  Seq Scan on movie_info mi  (cost=0.00..309384.22 rows=14739122 width=4) (actual time=0.013..5877.750 rows=14835720 loops=1)
  ->  Hash  (cost=211221.78..211221.78 rows=716205 width=8) (actual time=6056.700..6056.700 rows=2175857 loops=1)
        Buckets: 131072 (originally 131072)  Batches: 32 (originally 16)  Memory Usage: 3721kB
        ->  Hash Join  (cost=80493.69..211221.78 rows=716205 width=8) (actual time=1346.770..5205.852 rows=2175857 loops=1)
              Hash Cond: (mk.movie_id = t.id)
              ->  Seq Scan on movie_keyword mk  (cost=0.00..69693.30 rows=4523930 width=4) (actual time=0.013..1375.561 rows=4523930 loops=1)
              ->  Hash  (cost=73925.90..73925.90 rows=400303 width=4) (actual time=1345.842..1345.842 rows=500611 loops=1)
                    Buckets: 131072  Batches: 8  Memory Usage: 3243kB
                    ->  Seq Scan on title t  (cost=0.00..73925.90 rows=400303 width=4) (actual time=0.015..1177.653 rows=500611 loops=1)
                          Filter: ((kind_id < 7) AND (production_year < 2000))
                          Rows Removed by Filter: 2027701
Planning time: 1.242 ms
Execution time: 56580.250 ms
