Hash Join  (cost=158062.78..1113891.75 rows=1124046 width=0) (actual time=3580.015..29973.819 rows=8127449 loops=1)
  Hash Cond: (ci.movie_id = t.id)
  ->  Seq Scan on cast_info ci  (cost=0.00..796071.18 rows=12769421 width=4) (actual time=0.022..14724.787 rows=19007633 loops=1)
        Filter: ((person_id > 1623395) AND (role_id > 1))
        Rows Removed by Filter: 17236711
  ->  Hash  (cost=154410.57..154410.57 rows=222577 width=8) (actual time=3578.901..3578.901 rows=663430 loops=1)
        Buckets: 131072 (originally 131072)  Batches: 16 (originally 4)  Memory Usage: 3073kB
        ->  Hash Join  (cost=83810.17..154410.57 rows=222577 width=8) (actual time=1560.420..3368.662 rows=663430 loops=1)
              Hash Cond: (mc.movie_id = t.id)
              ->  Seq Scan on movie_companies mc  (cost=0.00..57926.93 rows=569784 width=4) (actual time=90.588..1045.266 rows=861653 loops=1)
                    Filter: ((company_id > 13543) AND (company_type_id = 2))
                    Rows Removed by Filter: 1747476
              ->  Hash  (cost=67604.59..67604.59 rows=987727 width=4) (actual time=1468.938..1468.938 rows=985048 loops=1)
                    Buckets: 131072  Batches: 16  Memory Usage: 3188kB
                    ->  Seq Scan on title t  (cost=0.00..67604.59 rows=987727 width=4) (actual time=0.026..1157.095 rows=985048 loops=1)
                          Filter: (kind_id < 7)
                          Rows Removed by Filter: 1543264
Planning time: 11.145 ms
Execution time: 30841.065 ms
