Hash Join  (cost=914887.89..1040895.66 rows=328774 width=0) (actual time=15222.107..18494.318 rows=222666 loops=1)
  Hash Cond: (mk.movie_id = t.id)
  ->  Seq Scan on movie_keyword mk  (cost=0.00..69693.30 rows=4523930 width=4) (actual time=0.021..1535.161 rows=4523930 loops=1)
  ->  Hash  (cost=911872.90..911872.90 rows=183759 width=8) (actual time=15221.092..15221.092 rows=150353 loops=1)
        Buckets: 131072  Batches: 4  Memory Usage: 2506kB
        ->  Hash Join  (cost=103604.85..911872.90 rows=183759 width=8) (actual time=2188.387..15173.287 rows=150353 loops=1)
              Hash Cond: (ci.movie_id = t.id)
              ->  Seq Scan on cast_info ci  (cost=0.00..796071.18 rows=256855 width=4) (actual time=12.496..12540.716 rows=247551 loops=1)
                    Filter: ((person_id < 509602) AND (role_id = 8))
                    Rows Removed by Filter: 35996793
              ->  Hash  (cost=73925.90..73925.90 rows=1808956 width=4) (actual time=2175.019..2175.019 rows=1799907 loops=1)
                    Buckets: 131072  Batches: 32  Memory Usage: 3007kB
                    ->  Seq Scan on title t  (cost=0.00..73925.90 rows=1808956 width=4) (actual time=0.021..1605.605 rows=1799907 loops=1)
                          Filter: ((kind_id > 1) AND (production_year > 0))
                          Rows Removed by Filter: 728405
Planning time: 1.267 ms
Execution time: 18523.002 ms
