Seq Scan on movie_keyword mk  (cost=0.00..81003.12 rows=2471820 width=0) (actual time=0.027..1488.097 rows=2467763 loops=1)
  Filter: (keyword_id < 5943)
  Rows Removed by Filter: 2056167
Planning time: 0.327 ms
Execution time: 1808.396 ms
