Hash Join  (cost=83074.74..833899.15 rows=3524 width=0) (actual time=1405.957..17436.001 rows=4312 loops=1)
  Hash Cond: (ci.movie_id = t.id)
  ->  Seq Scan on cast_info ci  (cost=0.00..614943.12 rows=36225612 width=4) (actual time=0.023..9286.041 rows=36244344 loops=1)
  ->  Hash  (cost=83071.67..83071.67 rows=246 width=8) (actual time=1396.873..1396.873 rows=85 loops=1)
        Buckets: 1024  Batches: 1  Memory Usage: 12kB
        ->  Nested Loop  (cost=0.43..83071.67 rows=246 width=8) (actual time=2.002..1396.765 rows=85 loops=1)
              ->  Seq Scan on movie_keyword mk  (cost=0.00..81003.12 rows=246 width=4) (actual time=1.935..1389.235 rows=85 loops=1)
                    Filter: (keyword_id = 7249)
                    Rows Removed by Filter: 4523845
              ->  Index Only Scan using title_pkey on title t  (cost=0.43..8.40 rows=1 width=4) (actual time=0.083..0.083 rows=1 loops=85)
                    Index Cond: (id = mk.movie_id)
                    Heap Fetches: 85
Planning time: 1.193 ms
Execution time: 17438.256 ms
