Hash Join  (cost=100908.38..190383.56 rows=1415 width=0) (actual time=1683.111..3602.754 rows=41387 loops=1)
  Hash Cond: (mk.movie_id = t.id)
  ->  Seq Scan on movie_keyword mk  (cost=0.00..81003.12 rows=2255441 width=4) (actual time=0.022..1561.090 rows=2259927 loops=1)
        Filter: (keyword_id < 4684)
        Rows Removed by Filter: 2264003
  ->  Hash  (cost=100888.56..100888.56 rows=1586 width=8) (actual time=1682.860..1682.860 rows=6879 loops=1)
        Buckets: 8192 (originally 2048)  Batches: 1 (originally 1)  Memory Usage: 333kB
        ->  Hash Join  (cost=73962.22..100888.56 rows=1586 width=8) (actual time=1097.025..1680.013 rows=6879 loops=1)
              Hash Cond: (mi_idx.movie_id = t.id)
              ->  Seq Scan on movie_info_idx mi_idx  (cost=0.00..21735.35 rows=1380035 width=4) (actual time=0.016..307.147 rows=1380035 loops=1)
              ->  Hash  (cost=73925.90..73925.90 rows=2905 width=4) (actual time=1096.518..1096.518 rows=5878 loops=1)
                    Buckets: 8192 (originally 4096)  Batches: 1 (originally 1)  Memory Usage: 271kB
                    ->  Seq Scan on title t  (cost=0.00..73925.90 rows=2905 width=4) (actual time=4.072..1093.595 rows=5878 loops=1)
                          Filter: ((kind_id < 7) AND (production_year = 1973))
                          Rows Removed by Filter: 2522434
Planning time: 0.970 ms
Execution time: 3608.495 ms
