Hash Join  (cost=171805.89..528485.95 rows=7857 width=0) (actual time=4316.797..8890.803 rows=14706 loops=1)
  Hash Cond: (mi.movie_id = t.id)
  ->  Seq Scan on movie_info mi  (cost=0.00..346232.03 rows=2073893 width=4) (actual time=919.565..5223.025 rows=2091068 loops=1)
        Filter: (info_type_id < 3)
        Rows Removed by Filter: 12744652
  ->  Hash  (cost=171686.15..171686.15 rows=9579 width=8) (actual time=3396.988..3396.988 rows=8458 loops=1)
        Buckets: 16384  Batches: 1  Memory Usage: 459kB
        ->  Hash Join  (cost=73994.33..171686.15 rows=9579 width=8) (actual time=1245.101..3393.703 rows=8458 loops=1)
              Hash Cond: (mk.movie_id = t.id)
              ->  Seq Scan on movie_keyword mk  (cost=0.00..81003.12 rows=4424775 width=4) (actual time=0.033..1488.351 rows=4426727 loops=1)
                    Filter: (keyword_id < 83047)
                    Rows Removed by Filter: 97203
              ->  Hash  (cost=73925.90..73925.90 rows=5474 width=4) (actual time=1244.128..1244.128 rows=10544 loops=1)
                    Buckets: 16384 (originally 8192)  Batches: 1 (originally 1)  Memory Usage: 499kB
                    ->  Seq Scan on title t  (cost=0.00..73925.90 rows=5474 width=4) (actual time=1.255..1238.618 rows=10544 loops=1)
                          Filter: ((kind_id > 1) AND (production_year = 1979))
                          Rows Removed by Filter: 2517768
Planning time: 1.226 ms
Execution time: 8892.619 ms
