Hash Join  (cost=189520.31..231597.12 rows=255533 width=0) (actual time=3960.975..5190.862 rows=262296 loops=1)
  Hash Cond: (mi_idx.movie_id = t.id)
  ->  Seq Scan on movie_info_idx mi_idx  (cost=0.00..21735.35 rows=1380035 width=4) (actual time=0.013..533.342 rows=1380035 loops=1)
  ->  Hash  (cost=181838.91..181838.91 rows=468192 width=8) (actual time=3960.072..3960.072 rows=159606 loops=1)
        Buckets: 131072  Batches: 8  Memory Usage: 1814kB
        ->  Hash Join  (cost=102767.86..181838.91 rows=468192 width=8) (actual time=2458.374..3907.994 rows=159606 loops=1)
              Hash Cond: (mc.movie_id = t.id)
              ->  Seq Scan on movie_companies mc  (cost=0.00..57926.93 rows=468192 width=4) (actual time=137.016..1013.173 rows=159606 loops=1)
                    Filter: ((company_id > 17975) AND (company_type_id = 1))
                    Rows Removed by Filter: 2449523
              ->  Hash  (cost=61283.27..61283.27 rows=2528527 width=4) (actual time=2320.376..2320.376 rows=2528312 loops=1)
                    Buckets: 131072  Batches: 64  Memory Usage: 2415kB
                    ->  Seq Scan on title t  (cost=0.00..61283.27 rows=2528527 width=4) (actual time=0.022..1187.478 rows=2528312 loops=1)
Planning time: 4.743 ms
Execution time: 5225.327 ms
