Nested Loop  (cost=0.43..83072.90 rows=2 width=0) (actual time=804.868..1346.068 rows=2 loops=1)
  ->  Seq Scan on movie_keyword mk  (cost=0.00..81003.12 rows=246 width=4) (actual time=20.323..1337.603 rows=155 loops=1)
        Filter: (keyword_id = 23100)
        Rows Removed by Filter: 4523775
  ->  Index Scan using title_pkey on title t  (cost=0.43..8.40 rows=1 width=4) (actual time=0.051..0.051 rows=0 loops=155)
        Index Cond: (id = mk.movie_id)
        Filter: ((production_year < 1980) AND (kind_id = 2))
        Rows Removed by Filter: 1
Planning time: 6.579 ms
Execution time: 1346.220 ms
