Seq Scan on movie_companies mc  (cost=0.00..57926.93 rows=565957 width=0) (actual time=213.885..1066.301 rows=774958 loops=1)
  Filter: ((company_id < 8969) AND (company_type_id = 1))
  Rows Removed by Filter: 1834171
Planning time: 0.418 ms
Execution time: 1165.318 ms
