Hash Join  (cost=85894.26..1227056.59 rows=10450917 width=0) (actual time=1514.679..36647.461 rows=8296309 loops=1)
  Hash Cond: (ci.movie_id = t.id)
  ->  Seq Scan on cast_info ci  (cost=0.00..614943.12 rows=36225612 width=4) (actual time=0.013..14019.023 rows=36244344 loops=1)
  ->  Hash  (cost=73925.90..73925.90 rows=729468 width=4) (actual time=1513.730..1513.730 rows=638430 loops=1)
        Buckets: 131072  Batches: 16  Memory Usage: 2425kB
        ->  Seq Scan on title t  (cost=0.00..73925.90 rows=729468 width=4) (actual time=0.013..1309.590 rows=638430 loops=1)
              Filter: ((production_year < 2003) AND (kind_id = 7))
              Rows Removed by Filter: 1889882
Planning time: 0.559 ms
Execution time: 37563.793 ms
