Hash Join  (cost=100872.60..187537.05 rows=641 width=0) (actual time=1240.002..2920.414 rows=605 loops=1)
  Hash Cond: (mk.movie_id = t.id)
  ->  Seq Scan on movie_keyword mk  (cost=0.00..69693.30 rows=4523930 width=4) (actual time=0.024..942.554 rows=4523930 loops=1)
  ->  Hash  (cost=100868.13..100868.13 rows=358 width=8) (actual time=1238.378..1238.378 rows=221 loops=1)
        Buckets: 1024  Batches: 1  Memory Usage: 17kB
        ->  Hash Join  (cost=73950.44..100868.13 rows=358 width=8) (actual time=697.650..1238.196 rows=221 loops=1)
              Hash Cond: (mi_idx.movie_id = t.id)
              ->  Seq Scan on movie_info_idx mi_idx  (cost=0.00..25185.44 rows=460978 width=4) (actual time=0.023..453.573 rows=459925 loops=1)
                    Filter: (info_type_id < 100)
                    Rows Removed by Filter: 920110
              ->  Hash  (cost=73925.90..73925.90 rows=1963 width=4) (actual time=691.306..691.306 rows=8902 loops=1)
                    Buckets: 16384 (originally 2048)  Batches: 1 (originally 1)  Memory Usage: 441kB
                    ->  Seq Scan on title t  (cost=0.00..73925.90 rows=1963 width=4) (actual time=0.072..687.468 rows=8902 loops=1)
                          Filter: ((kind_id = 1) AND (production_year = 1913))
                          Rows Removed by Filter: 2519410
Planning time: 1.081 ms
Execution time: 2920.737 ms
