Hash Join  (cost=219123.16..749242.00 rows=4715293 width=0) (actual time=4867.335..23023.102 rows=22638195 loops=1)
  Hash Cond: (mi.movie_id = t.id)
  ->  Seq Scan on movie_info mi  (cost=0.00..309384.22 rows=14739122 width=4) (actual time=0.018..6081.686 rows=14835720 loops=1)
  ->  Hash  (cost=205851.68..205851.68 rows=808918 width=8) (actual time=4865.267..4865.267 rows=478302 loops=1)
        Buckets: 131072  Batches: 16  Memory Usage: 2246kB
        ->  Hash Join  (cost=78473.92..205851.68 rows=808918 width=8) (actual time=1493.123..4734.804 rows=478302 loops=1)
              Hash Cond: (mk.movie_id = t.id)
              ->  Seq Scan on movie_keyword mk  (cost=0.00..81003.12 rows=3087321 width=4) (actual time=0.028..1784.625 rows=3068778 loops=1)
                    Filter: (keyword_id > 2048)
                    Rows Removed by Filter: 1455152
              ->  Hash  (cost=67604.59..67604.59 rows=662507 width=4) (actual time=1490.843..1490.843 rows=662065 loops=1)
                    Buckets: 131072  Batches: 16  Memory Usage: 2488kB
                    ->  Seq Scan on title t  (cost=0.00..67604.59 rows=662507 width=4) (actual time=0.015..1262.846 rows=662065 loops=1)
                          Filter: (production_year > 2008)
                          Rows Removed by Filter: 1866247
Planning time: 3.794 ms
Execution time: 25422.745 ms
