Hash Join  (cost=73955.77..100879.29 rows=1304 width=0) (actual time=1233.858..1489.006 rows=1182 loops=1)
  Hash Cond: (mi_idx.movie_id = t.id)
  ->  Seq Scan on movie_info_idx mi_idx  (cost=0.00..21735.35 rows=1380035 width=4) (actual time=0.017..294.904 rows=1380035 loops=1)
  ->  Hash  (cost=73925.90..73925.90 rows=2389 width=4) (actual time=910.010..910.010 rows=2310 loops=1)
        Buckets: 4096  Batches: 1  Memory Usage: 114kB
        ->  Seq Scan on title t  (cost=0.00..73925.90 rows=2389 width=4) (actual time=0.169..908.672 rows=2310 loops=1)
              Filter: ((production_year > 2012) AND (kind_id = 2))
              Rows Removed by Filter: 2526002
Planning time: 0.498 ms
Execution time: 1489.283 ms
