Seq Scan on cast_info ci  (cost=0.00..705507.15 rows=14944043 width=0) (actual time=0.035..12304.905 rows=15112963 loops=1)
  Filter: (person_id > 2134260)
  Rows Removed by Filter: 21131381
Planning time: 0.298 ms
Execution time: 14145.728 ms
