Hash Join  (cost=90234.05..137234.72 rows=542518 width=0) (actual time=5119.946..7857.963 rows=456969 loops=1)
  Hash Cond: (mi_idx.movie_id = t.id)
  ->  Seq Scan on movie_info_idx mi_idx  (cost=0.00..21735.35 rows=1380035 width=4) (actual time=0.030..1562.709 rows=1380035 loops=1)
  ->  Hash  (cost=73925.90..73925.90 rows=994012 width=4) (actual time=5118.967..5118.967 rows=923721 loops=1)
        Buckets: 131072  Batches: 16  Memory Usage: 3057kB
        ->  Seq Scan on title t  (cost=0.00..73925.90 rows=994012 width=4) (actual time=0.010..4739.103 rows=923721 loops=1)
              Filter: ((kind_id > 1) AND (production_year < 2005))
              Rows Removed by Filter: 1604591
Planning time: 0.667 ms
Execution time: 7941.687 ms
