Seq Scan on cast_info ci  (cost=0.00..796071.18 rows=224 width=0) (actual time=2525.579..13944.956 rows=14 loops=1)
  Filter: ((role_id > 2) AND (person_id = 3343714))
  Rows Removed by Filter: 36244330
Planning time: 0.274 ms
Execution time: 13945.082 ms
