Hash Join  (cost=198074.55..322532.57 rows=969065 width=0) (actual time=4248.443..7627.407 rows=1698915 loops=1)
  Hash Cond: (mk.movie_id = t.id)
  ->  Seq Scan on movie_keyword mk  (cost=0.00..81003.12 rows=2601934 width=4) (actual time=0.022..1697.839 rows=2584283 loops=1)
        Filter: (keyword_id > 3337)
        Rows Removed by Filter: 1939647
  ->  Hash  (cost=182623.98..182623.98 rows=941725 width=8) (actual time=4247.297..4247.297 rows=607176 loops=1)
        Buckets: 131072  Batches: 16  Memory Usage: 2498kB
        ->  Hash Join  (cost=98137.04..182623.98 rows=941725 width=8) (actual time=2327.830..4055.817 rows=607176 loops=1)
              Hash Cond: (mc.movie_id = t.id)
              ->  Seq Scan on movie_companies mc  (cost=0.00..51404.11 rows=1279517 width=4) (actual time=352.310..923.511 rows=1274246 loops=1)
                    Filter: (company_type_id = 1)
                    Rows Removed by Filter: 1334883
              ->  Hash  (cost=67604.59..67604.59 rows=1860996 width=4) (actual time=1974.694..1974.694 rows=1865487 loops=1)
                    Buckets: 131072  Batches: 32  Memory Usage: 3079kB
                    ->  Seq Scan on title t  (cost=0.00..67604.59 rows=1860996 width=4) (actual time=0.030..1368.341 rows=1865487 loops=1)
                          Filter: (kind_id > 1)
                          Rows Removed by Filter: 662825
Planning time: 1.173 ms
Execution time: 7847.509 ms
