Nested Loop  (cost=0.43..796612.46 rows=64 width=0) (actual time=8255.124..13256.829 rows=1 loops=1)
  ->  Seq Scan on cast_info ci  (cost=0.00..796071.18 rows=64 width=4) (actual time=8255.033..13256.732 rows=1 loops=1)
        Filter: ((role_id > 9) AND (person_id = 2016379))
        Rows Removed by Filter: 36244343
  ->  Index Only Scan using title_pkey on title t  (cost=0.43..8.45 rows=1 width=4) (actual time=0.069..0.070 rows=1 loops=1)
        Index Cond: (id = ci.movie_id)
        Heap Fetches: 1
Planning time: 0.703 ms
Execution time: 13256.900 ms
