Hash Join  (cost=215464.51..656304.86 rows=1274978 width=0) (actual time=5074.241..14334.436 rows=732448 loops=1)
  Hash Cond: (mi.movie_id = t.id)
  ->  Seq Scan on movie_info mi  (cost=0.00..346232.03 rows=6231111 width=4) (actual time=474.356..6678.449 rows=6223494 loops=1)
        Filter: (info_type_id > 8)
        Rows Removed by Filter: 8612226
  ->  Hash  (cost=206976.33..206976.33 rows=517374 width=8) (actual time=4597.024..4597.024 rows=135195 loops=1)
        Buckets: 131072  Batches: 8  Memory Usage: 1732kB
        ->  Hash Join  (cost=78670.55..206976.33 rows=517374 width=8) (actual time=1459.359..4551.682 rows=135195 loops=1)
              Hash Cond: (mk.movie_id = t.id)
              ->  Seq Scan on movie_keyword mk  (cost=0.00..69693.30 rows=4523930 width=4) (actual time=0.030..1371.681 rows=4523930 loops=1)
              ->  Hash  (cost=73925.90..73925.90 rows=289172 width=4) (actual time=1457.362..1457.362 rows=292674 loops=1)
                    Buckets: 131072  Batches: 4  Memory Usage: 3623kB
                    ->  Seq Scan on title t  (cost=0.00..73925.90 rows=289172 width=4) (actual time=0.033..1352.664 rows=292674 loops=1)
                          Filter: ((kind_id > 1) AND (production_year > 2010))
                          Rows Removed by Filter: 2235638
Planning time: 0.799 ms
Execution time: 14422.882 ms
