Hash Join  (cost=82257.13..847472.64 rows=854182 width=0) (actual time=7796.973..16477.586 rows=929735 loops=1)
  Hash Cond: (ci.movie_id = t.id)
  ->  Seq Scan on cast_info ci  (cost=0.00..705507.15 rows=4253477 width=4) (actual time=6280.906..11894.561 rows=4306138 loops=1)
        Filter: (person_id > 3272570)
        Rows Removed by Filter: 31938206
  ->  Hash  (cost=73925.90..73925.90 rows=507778 width=4) (actual time=1515.134..1515.134 rows=524129 loops=1)
        Buckets: 131072  Batches: 8  Memory Usage: 3340kB
        ->  Seq Scan on title t  (cost=0.00..73925.90 rows=507778 width=4) (actual time=0.043..1348.738 rows=524129 loops=1)
              Filter: ((production_year < 2010) AND (kind_id = 1))
              Rows Removed by Filter: 2004183
Planning time: 0.777 ms
Execution time: 16593.203 ms
