Seq Scan on cast_info ci  (cost=0.00..705507.15 rows=28976444 width=0) (actual time=0.029..11756.931 rows=29040323 loops=1)
  Filter: (person_id > 695562)
  Rows Removed by Filter: 7204021
Planning time: 0.317 ms
Execution time: 14883.468 ms
