Hash Join  (cost=73982.55..160721.67 rows=8108 width=0) (actual time=2210.928..3021.566 rows=3746 loops=1)
  Hash Cond: (mk.movie_id = t.id)
  ->  Seq Scan on movie_keyword mk  (cost=0.00..69693.30 rows=4523930 width=4) (actual time=0.021..986.634 rows=4523930 loops=1)
  ->  Hash  (cost=73925.90..73925.90 rows=4532 width=4) (actual time=1219.519..1219.519 rows=4691 loops=1)
        Buckets: 8192  Batches: 1  Memory Usage: 229kB
        ->  Seq Scan on title t  (cost=0.00..73925.90 rows=4532 width=4) (actual time=1.491..1216.954 rows=4691 loops=1)
              Filter: ((kind_id = 7) AND (production_year = 1955))
              Rows Removed by Filter: 2523621
Planning time: 0.656 ms
Execution time: 3022.169 ms
