Seq Scan on movie_keyword mk  (cost=0.00..81003.12 rows=2048388 width=0) (actual time=0.025..1420.384 rows=2051362 loops=1)
  Filter: (keyword_id > 5961)
  Rows Removed by Filter: 2472568
Planning time: 0.339 ms
Execution time: 1670.823 ms
