Hash Join  (cost=255102.50..851936.04 rows=9241072 width=0) (actual time=5397.751..18483.022 rows=4064301 loops=1)
  Hash Cond: (mi.movie_id = t.id)
  ->  Seq Scan on movie_info mi  (cost=0.00..309384.22 rows=14739122 width=4) (actual time=0.016..5916.920 rows=14835720 loops=1)
  ->  Hash  (cost=229092.94..229092.94 rows=1585325 width=8) (actual time=4885.305..4885.305 rows=386362 loops=1)
        Buckets: 131072  Batches: 32  Memory Usage: 1496kB
        ->  Hash Join  (cost=92883.59..229092.94 rows=1585325 width=8) (actual time=3116.986..4801.600 rows=386362 loops=1)
              Hash Cond: (mk.movie_id = t.id)
              ->  Seq Scan on movie_keyword mk  (cost=0.00..81003.12 rows=2601595 width=4) (actual time=0.024..1797.594 rows=2582361 loops=1)
                    Filter: (keyword_id > 3338)
                    Rows Removed by Filter: 1941569
              ->  Hash  (cost=67604.59..67604.59 rows=1540800 width=4) (actual time=1686.352..1686.352 rows=1543264 loops=1)
                    Buckets: 131072  Batches: 32  Memory Usage: 2728kB
                    ->  Seq Scan on title t  (cost=0.00..67604.59 rows=1540800 width=4) (actual time=0.021..1187.241 rows=1543264 loops=1)
                          Filter: (kind_id = 7)
                          Rows Removed by Filter: 985048
Planning time: 1.073 ms
Execution time: 18980.470 ms
