Hash Join  (cost=102767.86..950844.01 rows=5514400 width=0) (actual time=7370.169..49986.203 rows=5431590 loops=1)
  Hash Cond: (ci.movie_id = t.id)
  ->  Seq Scan on cast_info ci  (cost=0.00..705507.15 rows=5514400 width=4) (actual time=1496.253..36051.695 rows=5431590 loops=1)
        Filter: (person_id < 524161)
        Rows Removed by Filter: 30812754
  ->  Hash  (cost=61283.27..61283.27 rows=2528527 width=4) (actual time=5872.373..5872.373 rows=2528312 loops=1)
        Buckets: 131072  Batches: 64  Memory Usage: 2415kB
        ->  Seq Scan on title t  (cost=0.00..61283.27 rows=2528527 width=4) (actual time=0.016..4671.923 rows=2528312 loops=1)
Planning time: 0.728 ms
Execution time: 50791.018 ms
