Seq Scan on movie_keyword mk  (cost=0.00..81003.12 rows=4121611 width=0) (actual time=0.037..1544.234 rows=4127358 loops=1)
  Filter: (keyword_id < 43584)
  Rows Removed by Filter: 396572
Planning time: 0.299 ms
Execution time: 2056.001 ms
