Seq Scan on movie_companies mc  (cost=0.00..57926.93 rows=51 width=0) (actual time=176.398..898.566 rows=8 loops=1)
  Filter: ((company_id = 1454) AND (company_type_id = 1))
  Rows Removed by Filter: 2609121
Planning time: 0.367 ms
Execution time: 898.663 ms
