Hash Join  (cost=955321.88..1102426.42 rows=2060351 width=0) (actual time=14930.930..18813.482 rows=2870282 loops=1)
  Hash Cond: (mk.movie_id = t.id)
  ->  Seq Scan on movie_keyword mk  (cost=0.00..69693.30 rows=4523930 width=4) (actual time=0.025..1410.528 rows=4523930 loops=1)
  ->  Hash  (cost=936428.16..936428.16 rows=1151577 width=8) (actual time=14929.580..14929.580 rows=482494 loops=1)
        Buckets: 131072  Batches: 16  Memory Usage: 2203kB
        ->  Hash Join  (cost=102767.86..936428.16 rows=1151577 width=8) (actual time=2265.977..14793.393 rows=482494 loops=1)
              Hash Cond: (ci.movie_id = t.id)
              ->  Seq Scan on cast_info ci  (cost=0.00..796071.18 rows=1151577 width=4) (actual time=247.793..11748.584 rows=482494 loops=1)
                    Filter: ((person_id < 169477) AND (role_id > 1))
                    Rows Removed by Filter: 35761850
              ->  Hash  (cost=61283.27..61283.27 rows=2528527 width=4) (actual time=2016.003..2016.003 rows=2528312 loops=1)
                    Buckets: 131072  Batches: 64  Memory Usage: 2415kB
                    ->  Seq Scan on title t  (cost=0.00..61283.27 rows=2528527 width=4) (actual time=0.028..1169.517 rows=2528312 loops=1)
Planning time: 3.840 ms
Execution time: 19115.855 ms
