Seq Scan on movie_keyword mk  (cost=0.00..81003.12 rows=3028851 width=0) (actual time=0.025..1544.033 rows=3008611 loops=1)
  Filter: (keyword_id < 10687)
  Rows Removed by Filter: 1515319
Planning time: 0.305 ms
Execution time: 1918.544 ms
