Hash Join  (cost=190230.21..270016.22 rows=737184 width=0) (actual time=4313.051..6649.801 rows=1959598 loops=1)
  Hash Cond: (mc.movie_id = t.id)
  ->  Seq Scan on movie_companies mc  (cost=0.00..51404.11 rows=1350682 width=4) (actual time=0.010..987.957 rows=1357836 loops=1)
        Filter: (company_id > 11151)
        Rows Removed by Filter: 1251293
  ->  Hash  (cost=167588.78..167588.78 rows=1380035 width=8) (actual time=4312.174..4312.174 rows=1380035 loops=1)
        Buckets: 131072  Batches: 32  Memory Usage: 2708kB
        ->  Hash Join  (cost=102767.86..167588.78 rows=1380035 width=8) (actual time=1992.956..3907.888 rows=1380035 loops=1)
              Hash Cond: (mi_idx.movie_id = t.id)
              ->  Seq Scan on movie_info_idx mi_idx  (cost=0.00..21735.35 rows=1380035 width=4) (actual time=0.014..432.890 rows=1380035 loops=1)
              ->  Hash  (cost=61283.27..61283.27 rows=2528527 width=4) (actual time=1990.916..1990.916 rows=2528312 loops=1)
                    Buckets: 131072  Batches: 64  Memory Usage: 2415kB
                    ->  Seq Scan on title t  (cost=0.00..61283.27 rows=2528527 width=4) (actual time=0.009..1147.410 rows=2528312 loops=1)
Planning time: 0.749 ms
Execution time: 6876.406 ms
