Seq Scan on movie_keyword mk  (cost=0.00..81003.12 rows=3925926 width=0) (actual time=0.020..1518.386 rows=3920932 loops=1)
  Filter: (keyword_id > 446)
  Rows Removed by Filter: 602998
Planning time: 0.219 ms
Execution time: 2000.803 ms
