Seq Scan on movie_keyword mk  (cost=0.00..81003.12 rows=246 width=0) (actual time=31.146..1236.403 rows=191 loops=1)
  Filter: (keyword_id = 13468)
  Rows Removed by Filter: 4523739
Planning time: 0.348 ms
Execution time: 1236.604 ms
