Hash Join  (cost=129328.00..156405.86 rows=16738 width=0) (actual time=2283.818..2934.004 rows=48940 loops=1)
  Hash Cond: (mi_idx.movie_id = t.id)
  ->  Seq Scan on movie_info_idx mi_idx  (cost=0.00..21735.35 rows=1380035 width=4) (actual time=0.021..327.067 rows=1380035 loops=1)
  ->  Hash  (cost=128944.65..128944.65 rows=30668 width=8) (actual time=2283.383..2283.383 rows=26724 loops=1)
        Buckets: 32768  Batches: 1  Memory Usage: 1300kB
        ->  Hash Join  (cost=69694.50..128944.65 rows=30668 width=8) (actual time=1074.744..2272.531 rows=26724 loops=1)
              Hash Cond: (mc.movie_id = t.id)
              ->  Seq Scan on movie_companies mc  (cost=0.00..51404.11 rows=608894 width=4) (actual time=0.023..934.573 rows=607408 loops=1)
                    Filter: (company_id < 708)
                    Rows Removed by Filter: 2001721
              ->  Hash  (cost=67604.59..67604.59 rows=127353 width=4) (actual time=1073.185..1073.185 rows=128696 loops=1)
                    Buckets: 131072  Batches: 2  Memory Usage: 3284kB
                    ->  Seq Scan on title t  (cost=0.00..67604.59 rows=127353 width=4) (actual time=0.028..1025.681 rows=128696 loops=1)
                          Filter: (production_year = 2009)
                          Rows Removed by Filter: 2399616
Planning time: 1.276 ms
Execution time: 2941.226 ms
