Hash Join  (cost=107609.88..476379.08 rows=411328 width=0) (actual time=2000.764..9616.081 rows=503410 loops=1)
  Hash Cond: (mi.movie_id = t.id)
  ->  Seq Scan on movie_info mi  (cost=0.00..309384.22 rows=14739122 width=4) (actual time=0.024..3689.476 rows=14835720 loops=1)
  ->  Hash  (cost=106727.83..106727.83 rows=70564 width=8) (actual time=2000.048..2000.048 rows=43838 loops=1)
        Buckets: 131072  Batches: 1  Memory Usage: 2737kB
        ->  Hash Join  (cost=74050.79..106727.83 rows=70564 width=8) (actual time=1251.624..1982.551 rows=43838 loops=1)
              Hash Cond: (mi_idx.movie_id = t.id)
              ->  Seq Scan on movie_info_idx mi_idx  (cost=0.00..25185.44 rows=454124 width=4) (actual time=0.021..447.459 rows=459925 loops=1)
                    Filter: (info_type_id = 100)
                    Rows Removed by Filter: 920110
              ->  Hash  (cost=67604.59..67604.59 rows=392896 width=4) (actual time=1250.808..1250.808 rows=391666 loops=1)
                    Buckets: 131072  Batches: 8  Memory Usage: 2753kB
                    ->  Seq Scan on title t  (cost=0.00..67604.59 rows=392896 width=4) (actual time=0.024..1112.820 rows=391666 loops=1)
                          Filter: (production_year > 2010)
                          Rows Removed by Filter: 2136646
Planning time: 1.162 ms
Execution time: 9692.936 ms
