Nested Loop  (cost=0.43..83072.90 rows=20 width=0) (actual time=170.582..1320.133 rows=13 loops=1)
  ->  Seq Scan on movie_keyword mk  (cost=0.00..81003.12 rows=246 width=4) (actual time=0.231..1317.296 rows=107 loops=1)
        Filter: (keyword_id = 30650)
        Rows Removed by Filter: 4523823
  ->  Index Scan using title_pkey on title t  (cost=0.43..8.40 rows=1 width=4) (actual time=0.024..0.024 rows=0 loops=107)
        Index Cond: (id = mk.movie_id)
        Filter: ((kind_id < 7) AND (production_year < 1981))
        Rows Removed by Filter: 1
Planning time: 0.754 ms
Execution time: 1320.245 ms
