Seq Scan on title t  (cost=0.00..67604.59 rows=2336528 width=0) (actual time=0.021..1213.422 rows=2328360 loops=1)
  Filter: (production_year > 1934)
  Rows Removed by Filter: 199952
Planning time: 0.355 ms
Execution time: 1507.666 ms
