Hash Join  (cost=69374.09..138049.78 rows=59919 width=0) (actual time=1097.915..2599.775 rows=52303 loops=1)
  Hash Cond: (mc.movie_id = t.id)
  ->  Seq Scan on movie_companies mc  (cost=0.00..51404.11 rows=1405437 width=4) (actual time=0.027..966.250 rows=1394765 loops=1)
        Filter: (company_id < 12123)
        Rows Removed by Filter: 1214364
  ->  Hash  (cost=67604.59..67604.59 rows=107800 width=4) (actual time=1095.773..1095.773 rows=108429 loops=1)
        Buckets: 131072  Batches: 2  Memory Usage: 2931kB
        ->  Seq Scan on title t  (cost=0.00..67604.59 rows=107800 width=4) (actual time=0.024..1054.001 rows=108429 loops=1)
              Filter: (production_year = 2006)
              Rows Removed by Filter: 2419883
Planning time: 0.755 ms
Execution time: 2607.504 ms
