Hash Join  (cost=905917.27..1394093.22 rows=784403 width=0) (actual time=16551.653..29475.772 rows=2219519 loops=1)
  Hash Cond: (mi.movie_id = t.id)
  ->  Seq Scan on movie_info mi  (cost=0.00..309384.22 rows=14739122 width=4) (actual time=0.010..5995.230 rows=14835720 loops=1)
  ->  Hash  (cost=903709.19..903709.19 rows=134566 width=8) (actual time=16550.526..16550.526 rows=235416 loops=1)
        Buckets: 131072 (originally 131072)  Batches: 4 (originally 2)  Memory Usage: 3345kB
        ->  Hash Join  (cost=69374.09..903709.19 rows=134566 width=8) (actual time=5576.549..16451.575 rows=235416 loops=1)
              Hash Cond: (ci.movie_id = t.id)
              ->  Seq Scan on cast_info ci  (cost=0.00..796071.18 rows=3156337 width=4) (actual time=4457.095..13381.399 rows=4923434 loops=1)
                    Filter: ((person_id > 2058533) AND (role_id = 2))
                    Rows Removed by Filter: 31320910
              ->  Hash  (cost=67604.59..67604.59 rows=107800 width=4) (actual time=1118.455..1118.455 rows=108429 loops=1)
                    Buckets: 131072  Batches: 2  Memory Usage: 2931kB
                    ->  Seq Scan on title t  (cost=0.00..67604.59 rows=107800 width=4) (actual time=0.030..1077.149 rows=108429 loops=1)
                          Filter: (production_year = 2006)
                          Rows Removed by Filter: 2419883
Planning time: 1.171 ms
Execution time: 29735.391 ms
