Nested Loop  (cost=44377.22..810238.44 rows=30023 width=0) (actual time=1700.839..12323.802 rows=54777 loops=1)
  Join Filter: (ci.movie_id = t.id)
  ->  Hash Join  (cost=44376.79..766079.29 rows=74795 width=8) (actual time=1700.699..10484.842 rows=54777 loops=1)
        Hash Cond: (ci.movie_id = mi_idx.movie_id)
        ->  Seq Scan on cast_info ci  (cost=0.00..705507.15 rows=55008 width=4) (actual time=801.590..9309.163 rows=47830 loops=1)
              Filter: (person_id < 5847)
              Rows Removed by Filter: 36196514
        ->  Hash  (cost=21735.35..21735.35 rows=1380035 width=4) (actual time=897.648..897.648 rows=1380035 loops=1)
              Buckets: 131072  Batches: 32  Memory Usage: 2540kB
              ->  Seq Scan on movie_info_idx mi_idx  (cost=0.00..21735.35 rows=1380035 width=4) (actual time=0.031..466.150 rows=1380035 loops=1)
  ->  Index Only Scan using title_pkey on title t  (cost=0.43..0.58 rows=1 width=4) (actual time=0.033..0.033 rows=1 loops=54777)
        Index Cond: (id = mi_idx.movie_id)
        Heap Fetches: 54777
Planning time: 1.130 ms
Execution time: 12334.059 ms
