Seq Scan on cast_info ci  (cost=0.00..796071.18 rows=6274772 width=0) (actual time=0.022..41285.097 rows=12670688 loops=1)
  Filter: ((person_id < 1754027) AND (role_id < 2))
  Rows Removed by Filter: 23573656
Planning time: 0.338 ms
Execution time: 43677.113 ms
