Seq Scan on movie_keyword mk  (cost=0.00..81003.12 rows=2592446 width=12) (actual time=0.024..1708.280 rows=2576640 loops=1)
  Filter: (keyword_id > 3365)
  Rows Removed by Filter: 1947290
Planning time: 0.281 ms
Execution time: 1853.807 ms
