Hash Join  (cost=820409.56..963385.76 rows=329042 width=0) (actual time=19048.942..22027.283 rows=148900 loops=1)
  Hash Cond: (mk.movie_id = t.id)
  ->  Seq Scan on movie_keyword mk  (cost=0.00..69693.30 rows=4523930 width=4) (actual time=0.012..1330.752 rows=4523930 loops=1)
  ->  Hash  (cost=817391.70..817391.70 rows=183909 width=8) (actual time=19045.629..19045.629 rows=141483 loops=1)
        Buckets: 131072  Batches: 4  Memory Usage: 2413kB
        ->  Hash Join  (cost=74539.83..817391.70 rows=183909 width=8) (actual time=2997.001..18975.242 rows=141483 loops=1)
              Hash Cond: (ci.movie_id = t.id)
              ->  Seq Scan on cast_info ci  (cost=0.00..705507.15 rows=9468168 width=4) (actual time=178.028..13518.078 rows=9384703 loops=1)
                    Filter: (role_id > 4)
                    Rows Removed by Filter: 26859641
              ->  Hash  (cost=73925.90..73925.90 rows=49114 width=4) (actual time=2818.447..2818.447 rows=45321 loops=1)
                    Buckets: 65536  Batches: 1  Memory Usage: 2106kB
                    ->  Seq Scan on title t  (cost=0.00..73925.90 rows=49114 width=4) (actual time=0.044..2799.111 rows=45321 loops=1)
                          Filter: ((kind_id > 1) AND (production_year > 2012))
                          Rows Removed by Filter: 2482991
Planning time: 0.733 ms
Execution time: 22043.153 ms
