Hash Join  (cost=102767.86..847817.41 rows=1232763 width=0) (actual time=7099.501..14139.437 rows=1257484 loops=1)
  Hash Cond: (ci.movie_id = t.id)
  ->  Seq Scan on cast_info ci  (cost=0.00..705507.15 rows=1232763 width=4) (actual time=5255.572..10948.679 rows=1257484 loops=1)
        Filter: (person_id > 3818321)
        Rows Removed by Filter: 34986860
  ->  Hash  (cost=61283.27..61283.27 rows=2528527 width=4) (actual time=1841.762..1841.762 rows=2528312 loops=1)
        Buckets: 131072  Batches: 64  Memory Usage: 2415kB
        ->  Seq Scan on title t  (cost=0.00..61283.27 rows=2528527 width=4) (actual time=0.025..1008.116 rows=2528312 loops=1)
Planning time: 0.770 ms
Execution time: 14275.737 ms
