Hash Join  (cost=73702.75..154039.68 rows=383541 width=0) (actual time=3951.509..9721.929 rows=657193 loops=1)
  Hash Cond: (mc.movie_id = t.id)
  ->  Seq Scan on movie_companies mc  (cost=0.00..44881.29 rows=2609129 width=4) (actual time=0.014..3508.758 rows=2609129 loops=1)
  ->  Hash  (cost=67604.59..67604.59 rows=371693 width=4) (actual time=3950.742..3950.742 rows=366430 loops=1)
        Buckets: 131072  Batches: 8  Memory Usage: 2627kB
        ->  Seq Scan on title t  (cost=0.00..67604.59 rows=371693 width=4) (actual time=0.026..3785.913 rows=366430 loops=1)
              Filter: (production_year < 1970)
              Rows Removed by Filter: 2161882
Planning time: 3.244 ms
Execution time: 9846.019 ms
