Hash Join  (cost=160285.10..525269.50 rows=32846 width=0) (actual time=2633.471..10185.979 rows=1123143 loops=1)
  Hash Cond: (mi.movie_id = t.id)
  ->  Seq Scan on movie_info mi  (cost=0.00..309384.22 rows=14739122 width=4) (actual time=0.025..4287.618 rows=14835720 loops=1)
  ->  Hash  (cost=160214.67..160214.67 rows=5635 width=8) (actual time=2633.348..2633.348 rows=10587 loops=1)
        Buckets: 16384 (originally 8192)  Batches: 1 (originally 1)  Memory Usage: 542kB
        ->  Hash Join  (cost=74056.90..160214.67 rows=5635 width=8) (actual time=1117.052..2629.049 rows=10587 loops=1)
              Hash Cond: (mk.movie_id = t.id)
              ->  Seq Scan on movie_keyword mk  (cost=0.00..81003.12 rows=1359543 width=4) (actual time=0.019..1291.323 rows=1373764 loops=1)
                    Filter: (keyword_id > 12156)
                    Rows Removed by Filter: 3150166
              ->  Hash  (cost=73925.90..73925.90 rows=10480 width=4) (actual time=1113.871..1113.871 rows=5587 loops=1)
                    Buckets: 16384  Batches: 1  Memory Usage: 325kB
                    ->  Seq Scan on title t  (cost=0.00..73925.90 rows=10480 width=4) (actual time=231.313..1111.285 rows=5587 loops=1)
                          Filter: ((kind_id = 1) AND (production_year = 1995))
                          Rows Removed by Filter: 2522725
Planning time: 3.881 ms
Execution time: 10325.983 ms
