Seq Scan on movie_keyword mk  (cost=0.00..81003.12 rows=246 width=0) (actual time=0.177..1251.290 rows=1098 loops=1)
  Filter: (keyword_id = 29329)
  Rows Removed by Filter: 4522832
Planning time: 0.285 ms
Execution time: 1251.781 ms
