Hash Join  (cost=206203.43..561986.15 rows=79984 width=0) (actual time=6684.753..9998.257 rows=739941 loops=1)
  Hash Cond: (mi.movie_id = t.id)
  ->  Seq Scan on movie_info mi  (cost=0.00..346232.03 rows=651960 width=4) (actual time=2294.098..5288.326 rows=660923 loops=1)
        Filter: (info_type_id = 18)
        Rows Removed by Filter: 14174797
  ->  Hash  (cost=201113.85..201113.85 rows=310207 width=8) (actual time=4284.366..4284.366 rows=306968 loops=1)
        Buckets: 131072  Batches: 8  Memory Usage: 2583kB
        ->  Hash Join  (cost=102767.86..201113.85 rows=310207 width=8) (actual time=2010.342..3952.857 rows=306968 loops=1)
              Hash Cond: (mk.movie_id = t.id)
              ->  Seq Scan on movie_keyword mk  (cost=0.00..81003.12 rows=310207 width=4) (actual time=0.039..1294.691 rows=306968 loops=1)
                    Filter: (keyword_id > 52966)
                    Rows Removed by Filter: 4216962
              ->  Hash  (cost=61283.27..61283.27 rows=2528527 width=4) (actual time=2008.443..2008.443 rows=2528312 loops=1)
                    Buckets: 131072  Batches: 64  Memory Usage: 2425kB
                    ->  Seq Scan on title t  (cost=0.00..61283.27 rows=2528527 width=4) (actual time=0.020..1127.507 rows=2528312 loops=1)
Planning time: 1.121 ms
Execution time: 10061.515 ms
