Nested Loop  (cost=0.43..83071.67 rows=246 width=0) (actual time=0.155..1242.365 rows=1757 loops=1)
  ->  Seq Scan on movie_keyword mk  (cost=0.00..81003.12 rows=246 width=4) (actual time=0.080..1163.580 rows=1757 loops=1)
        Filter: (keyword_id = 1043)
        Rows Removed by Filter: 4522173
  ->  Index Only Scan using title_pkey on title t  (cost=0.43..8.40 rows=1 width=4) (actual time=0.043..0.044 rows=1 loops=1757)
        Index Cond: (id = mk.movie_id)
        Heap Fetches: 1757
Planning time: 0.807 ms
Execution time: 1243.095 ms
