Nested Loop  (cost=0.43..58358.27 rows=51 width=0) (actual time=0.310..881.216 rows=307 loops=1)
  ->  Seq Scan on movie_companies mc  (cost=0.00..57926.93 rows=51 width=4) (actual time=0.259..863.965 rows=307 loops=1)
        Filter: ((company_id = 4339) AND (company_type_id = 1))
        Rows Removed by Filter: 2608822
  ->  Index Only Scan using title_pkey on title t  (cost=0.43..8.45 rows=1 width=4) (actual time=0.055..0.055 rows=1 loops=307)
        Index Cond: (id = mc.movie_id)
        Heap Fetches: 307
Planning time: 8.619 ms
Execution time: 881.408 ms
