Hash Join  (cost=190755.30..694307.23 rows=4031056 width=0) (actual time=4702.670..21937.587 rows=16499707 loops=1)
  Hash Cond: (mi.movie_id = t.id)
  ->  Seq Scan on movie_info mi  (cost=0.00..346232.03 rows=9767026 width=4) (actual time=0.011..6858.024 rows=9911754 loops=1)
        Filter: (info_type_id > 4)
        Rows Removed by Filter: 4923966
  ->  Hash  (cost=173633.60..173633.60 rows=1043576 width=8) (actual time=4701.691..4701.691 rows=829639 loops=1)
        Buckets: 131072  Batches: 16  Memory Usage: 3043kB
        ->  Hash Join  (cost=84197.31..173633.60 rows=1043576 width=8) (actual time=1796.311..4427.923 rows=829639 loops=1)
              Hash Cond: (mc.movie_id = t.id)
              ->  Seq Scan on movie_companies mc  (cost=0.00..44881.29 rows=2609129 width=4) (actual time=0.012..918.081 rows=2609129 loops=1)
              ->  Hash  (cost=67604.59..67604.59 rows=1011338 width=4) (actual time=1795.549..1795.549 rows=1012920 loops=1)
                    Buckets: 131072  Batches: 16  Memory Usage: 3250kB
                    ->  Seq Scan on title t  (cost=0.00..67604.59 rows=1011338 width=4) (actual time=0.005..1467.364 rows=1012920 loops=1)
                          Filter: (production_year > 2005)
                          Rows Removed by Filter: 1515392
Planning time: 0.699 ms
Execution time: 23961.571 ms
