Hash Join  (cost=83074.74..898739.81 rows=508 width=0) (actual time=1226.030..16347.957 rows=5992 loops=1)
  Hash Cond: (ci.movie_id = t.id)
  ->  Seq Scan on cast_info ci  (cost=0.00..796071.18 rows=5223682 width=4) (actual time=0.028..13485.567 rows=10342349 loops=1)
        Filter: ((person_id > 2519367) AND (role_id > 2))
        Rows Removed by Filter: 25901995
  ->  Hash  (cost=83071.67..83071.67 rows=246 width=8) (actual time=1225.624..1225.624 rows=2229 loops=1)
        Buckets: 4096 (originally 1024)  Batches: 1 (originally 1)  Memory Usage: 120kB
        ->  Nested Loop  (cost=0.43..83071.67 rows=246 width=8) (actual time=1.687..1224.186 rows=2229 loops=1)
              ->  Seq Scan on movie_keyword mk  (cost=0.00..81003.12 rows=246 width=4) (actual time=1.614..1174.030 rows=2229 loops=1)
                    Filter: (keyword_id = 918)
                    Rows Removed by Filter: 4521701
              ->  Index Only Scan using title_pkey on title t  (cost=0.43..8.40 rows=1 width=4) (actual time=0.021..0.021 rows=1 loops=2229)
                    Index Cond: (id = mk.movie_id)
                    Heap Fetches: 2229
Planning time: 1.232 ms
Execution time: 16350.019 ms
