Hash Join  (cost=433328.88..1183418.14 rows=75149 width=0) (actual time=9715.948..21638.302 rows=569018 loops=1)
  Hash Cond: (ci.movie_id = t.id)
  ->  Seq Scan on cast_info ci  (cost=0.00..705507.15 rows=4383064 width=4) (actual time=547.932..10767.632 rows=4246122 loops=1)
        Filter: (person_id < 409668)
        Rows Removed by Filter: 31998222
  ->  Hash  (cost=432786.99..432786.99 rows=43351 width=8) (actual time=9167.247..9167.247 rows=123169 loops=1)
        Buckets: 131072 (originally 65536)  Batches: 2 (originally 1)  Memory Usage: 3434kB
        ->  Hash Join  (cost=67697.55..432786.99 rows=43351 width=8) (actual time=1077.645..9100.160 rows=123169 loops=1)
              Hash Cond: (mi.movie_id = t.id)
              ->  Seq Scan on movie_info mi  (cost=0.00..309384.22 rows=14739122 width=4) (actual time=0.033..4395.871 rows=14835720 loops=1)
              ->  Hash  (cost=67604.59..67604.59 rows=7437 width=4) (actual time=1077.380..1077.380 rows=19440 loops=1)
                    Buckets: 32768 (originally 8192)  Batches: 1 (originally 1)  Memory Usage: 940kB
                    ->  Seq Scan on title t  (cost=0.00..67604.59 rows=7437 width=4) (actual time=0.055..1067.522 rows=19440 loops=1)
                          Filter: (production_year = 1986)
                          Rows Removed by Filter: 2508872
Planning time: 0.995 ms
Execution time: 21699.138 ms
