Hash Join  (cost=102767.86..225266.72 rows=2544046 width=0) (actual time=2174.389..5903.096 rows=2542342 loops=1)
  Hash Cond: (mc.movie_id = t.id)
  ->  Seq Scan on movie_companies mc  (cost=0.00..51404.11 rows=2544046 width=4) (actual time=0.008..1152.457 rows=2542342 loops=1)
        Filter: (company_id > 6)
        Rows Removed by Filter: 66787
  ->  Hash  (cost=61283.27..61283.27 rows=2528527 width=4) (actual time=2173.585..2173.585 rows=2528312 loops=1)
        Buckets: 131072  Batches: 64  Memory Usage: 2415kB
        ->  Seq Scan on title t  (cost=0.00..61283.27 rows=2528527 width=4) (actual time=0.016..1044.879 rows=2528312 loops=1)
Planning time: 0.723 ms
Execution time: 6212.130 ms
