Nested Loop  (cost=0.43..83071.67 rows=246 width=0) (actual time=1.928..1109.232 rows=17 loops=1)
  ->  Seq Scan on movie_keyword mk  (cost=0.00..81003.12 rows=246 width=4) (actual time=1.868..1108.452 rows=17 loops=1)
        Filter: (keyword_id = 22490)
        Rows Removed by Filter: 4523913
  ->  Index Only Scan using title_pkey on title t  (cost=0.43..8.40 rows=1 width=4) (actual time=0.039..0.040 rows=1 loops=17)
        Index Cond: (id = mk.movie_id)
        Heap Fetches: 17
Planning time: 0.739 ms
Execution time: 1109.317 ms
