Seq Scan on movie_keyword mk  (cost=0.00..81003.12 rows=204198 width=0) (actual time=0.010..1236.030 rows=205425 loops=1)
  Filter: (keyword_id > 67432)
  Rows Removed by Filter: 4318505
Planning time: 0.331 ms
Execution time: 1264.005 ms
