Seq Scan on movie_companies mc  (cost=0.00..51404.11 rows=2209246 width=0) (actual time=0.025..963.267 rows=2210153 loops=1)
  Filter: (company_id > 251)
  Rows Removed by Filter: 398976
Planning time: 0.326 ms
Execution time: 1231.120 ms
