Hash Join  (cost=442407.41..569070.28 rows=382484 width=0) (actual time=7393.856..11486.772 rows=3468270 loops=1)
  Hash Cond: (mk.movie_id = t.id)
  ->  Seq Scan on movie_keyword mk  (cost=0.00..69693.30 rows=4523930 width=4) (actual time=0.028..1340.691 rows=4523930 loops=1)
  ->  Hash  (cost=438899.17..438899.17 rows=213779 width=8) (actual time=7392.916..7392.916 rows=443040 loops=1)
        Buckets: 131072 (originally 131072)  Batches: 8 (originally 4)  Memory Usage: 3214kB
        ->  Hash Join  (cost=78556.72..438899.17 rows=213779 width=8) (actual time=1369.157..7260.839 rows=443040 loops=1)
              Hash Cond: (mi.movie_id = t.id)
              ->  Seq Scan on movie_info mi  (cost=0.00..346232.03 rows=809768 width=4) (actual time=0.026..5330.608 rows=802140 loops=1)
                    Filter: (info_type_id < 2)
                    Rows Removed by Filter: 14033580
              ->  Hash  (cost=67604.59..67604.59 rows=667531 width=4) (actual time=1317.624..1317.624 rows=662825 loops=1)
                    Buckets: 131072  Batches: 16  Memory Usage: 2485kB
                    ->  Seq Scan on title t  (cost=0.00..67604.59 rows=667531 width=4) (actual time=164.312..1103.543 rows=662825 loops=1)
                          Filter: (kind_id = 1)
                          Rows Removed by Filter: 1865487
Planning time: 1.152 ms
Execution time: 11902.683 ms
