Hash Join  (cost=474901.93..605794.44 rows=729647 width=0) (actual time=8241.708..15675.596 rows=18541031 loops=1)
  Hash Cond: (mk.movie_id = t.id)
  ->  Seq Scan on movie_keyword mk  (cost=0.00..69693.30 rows=4523930 width=4) (actual time=0.005..1427.971 rows=4523930 loops=1)
  ->  Hash  (cost=468210.23..468210.23 rows=407816 width=8) (actual time=8240.789..8240.789 rows=417307 loops=1)
        Buckets: 131072  Batches: 8  Memory Usage: 3111kB
        ->  Hash Join  (cost=103324.96..468210.23 rows=407816 width=8) (actual time=3627.659..8112.824 rows=417307 loops=1)
              Hash Cond: (mi.movie_id = t.id)
              ->  Seq Scan on movie_info mi  (cost=0.00..346232.03 rows=473617 width=4) (actual time=1528.883..5267.657 rows=486554 loops=1)
                    Filter: (info_type_id = 5)
                    Rows Removed by Filter: 14349166
              ->  Hash  (cost=67604.59..67604.59 rows=2177230 width=4) (actual time=2097.885..2097.885 rows=2171163 loops=1)
                    Buckets: 131072  Batches: 32  Memory Usage: 3421kB
                    ->  Seq Scan on title t  (cost=0.00..67604.59 rows=2177230 width=4) (actual time=0.027..1402.206 rows=2171163 loops=1)
                          Filter: (production_year > 1963)
                          Rows Removed by Filter: 357149
Planning time: 0.764 ms
Execution time: 17700.342 ms
