Seq Scan on title t  (cost=0.00..73925.90 rows=566300 width=0) (actual time=0.029..1229.693 rows=441368 loops=1)
  Filter: ((kind_id > 2) AND (production_year < 1995))
  Rows Removed by Filter: 2086944
Planning time: 0.316 ms
Execution time: 1287.096 ms
