Nested Loop  (cost=0.43..83072.29 rows=65 width=0) (actual time=103.926..1222.854 rows=5 loops=1)
  ->  Seq Scan on movie_keyword mk  (cost=0.00..81003.12 rows=246 width=4) (actual time=103.850..1222.292 rows=9 loops=1)
        Filter: (keyword_id = 24847)
        Rows Removed by Filter: 4523921
  ->  Index Scan using title_pkey on title t  (cost=0.43..8.40 rows=1 width=4) (actual time=0.053..0.053 rows=1 loops=9)
        Index Cond: (id = mk.movie_id)
        Filter: (kind_id = 1)
        Rows Removed by Filter: 0
Planning time: 0.739 ms
Execution time: 1222.981 ms
