Hash Join  (cost=67697.55..156077.19 rows=5741 width=0) (actual time=3188.590..8167.153 rows=7907 loops=1)
  Hash Cond: (mk.movie_id = t.id)
  ->  Seq Scan on movie_keyword mk  (cost=0.00..81003.12 rows=1951762 width=4) (actual time=0.026..4531.170 rows=1959596 loops=1)
        Filter: (keyword_id > 6504)
        Rows Removed by Filter: 2564334
  ->  Hash  (cost=67604.59..67604.59 rows=7437 width=4) (actual time=3175.180..3175.180 rows=9768 loops=1)
        Buckets: 16384 (originally 8192)  Batches: 1 (originally 1)  Memory Usage: 472kB
        ->  Seq Scan on title t  (cost=0.00..67604.59 rows=7437 width=4) (actual time=0.064..3169.712 rows=9768 loops=1)
              Filter: (production_year = 1958)
              Rows Removed by Filter: 2518544
Planning time: 0.724 ms
Execution time: 8168.636 ms
