Seq Scan on cast_info ci  (cost=0.00..705507.15 rows=31572793 width=0) (actual time=0.025..12887.238 rows=31695399 loops=1)
  Filter: (person_id > 439182)
  Rows Removed by Filter: 4548945
Planning time: 0.347 ms
Execution time: 16690.540 ms
