Seq Scan on movie_keyword mk  (cost=0.00..81003.12 rows=3289972 width=0) (actual time=0.034..1494.288 rows=3277379 loops=1)
  Filter: (keyword_id < 14497)
  Rows Removed by Filter: 1246551
Planning time: 0.375 ms
Execution time: 1884.227 ms
