Seq Scan on movie_companies mc  (cost=0.00..57926.93 rows=53 width=0) (actual time=74.377..950.217 rows=22 loops=1)
  Filter: ((company_type_id > 1) AND (company_id = 74022))
  Rows Removed by Filter: 2609107
Planning time: 0.362 ms
Execution time: 950.321 ms
