Hash Join  (cost=797557.90..884027.09 rows=101 width=0) (actual time=12322.930..13037.418 rows=33 loops=1)
  Hash Cond: (mk.movie_id = t.id)
  ->  Seq Scan on movie_keyword mk  (cost=0.00..81003.12 rows=1457349 width=4) (actual time=0.028..1470.863 rows=1467882 loops=1)
        Filter: (keyword_id > 11249)
        Rows Removed by Filter: 3056048
  ->  Hash  (cost=797555.70..797555.70 rows=176 width=8) (actual time=11364.676..11364.676 rows=2 loops=1)
        Buckets: 1024  Batches: 1  Memory Usage: 9kB
        ->  Nested Loop  (cost=0.43..797555.70 rows=176 width=8) (actual time=6182.425..11364.664 rows=2 loops=1)
              ->  Seq Scan on cast_info ci  (cost=0.00..796071.18 rows=176 width=4) (actual time=6182.304..11364.512 rows=2 loops=1)
                    Filter: ((person_id = 139880) AND (role_id = 1))
                    Rows Removed by Filter: 36244342
              ->  Index Only Scan using title_pkey on title t  (cost=0.43..8.42 rows=1 width=4) (actual time=0.053..0.053 rows=1 loops=2)
                    Index Cond: (id = ci.movie_id)
                    Heap Fetches: 2
Planning time: 1.024 ms
Execution time: 13037.527 ms
