Seq Scan on movie_companies mc  (cost=0.00..57926.93 rows=478774 width=0) (actual time=0.022..869.111 rows=173772 loops=1)
  Filter: ((company_id > 17137) AND (company_type_id < 2))
  Rows Removed by Filter: 2435357
Planning time: 0.241 ms
Execution time: 890.797 ms
