Hash Join  (cost=162697.39..978185.62 rows=590067 width=0) (actual time=3184.972..20509.526 rows=183521 loops=1)
  Hash Cond: (ci.movie_id = t.id)
  ->  Seq Scan on cast_info ci  (cost=0.00..705507.15 rows=20816088 width=4) (actual time=0.023..12421.134 rows=20703385 loops=1)
        Filter: (person_id < 2084310)
        Rows Removed by Filter: 15540959
  ->  Hash  (cost=161801.46..161801.46 rows=71675 width=8) (actual time=3178.235..3178.235 rows=8804 loops=1)
        Buckets: 131072  Batches: 1  Memory Usage: 1368kB
        ->  Hash Join  (cost=74426.67..161801.46 rows=71675 width=8) (actual time=2081.951..3174.171 rows=8804 loops=1)
              Hash Cond: (mk.movie_id = t.id)
              ->  Seq Scan on movie_keyword mk  (cost=0.00..69693.30 rows=4523930 width=4) (actual time=0.017..1119.888 rows=4523930 loops=1)
              ->  Hash  (cost=73925.90..73925.90 rows=40061 width=4) (actual time=1193.175..1193.175 rows=40120 loops=1)
                    Buckets: 65536  Batches: 1  Memory Usage: 1923kB
                    ->  Seq Scan on title t  (cost=0.00..73925.90 rows=40061 width=4) (actual time=0.031..1175.916 rows=40120 loops=1)
                          Filter: ((kind_id = 7) AND (production_year = 2013))
                          Rows Removed by Filter: 2488192
Planning time: 1.113 ms
Execution time: 20540.354 ms
