Seq Scan on movie_companies mc  (cost=0.00..51404.11 rows=1507374 width=0) (actual time=0.033..752.167 rows=1495491 loops=1)
  Filter: (company_id < 13878)
  Rows Removed by Filter: 1113638
Planning time: 0.337 ms
Execution time: 914.774 ms
