Seq Scan on cast_info ci  (cost=0.00..705507.15 rows=500 width=0) (actual time=4371.145..11156.371 rows=13 loops=1)
  Filter: (person_id = 1423192)
  Rows Removed by Filter: 36244331
Planning time: 3.642 ms
Execution time: 11156.484 ms
