Hash Join  (cost=83074.74..447745.01 rows=1434 width=0) (actual time=1347.188..8604.781 rows=1685 loops=1)
  Hash Cond: (mi.movie_id = t.id)
  ->  Seq Scan on movie_info mi  (cost=0.00..309384.22 rows=14739122 width=4) (actual time=0.014..4574.339 rows=14835720 loops=1)
  ->  Hash  (cost=83071.67..83071.67 rows=246 width=8) (actual time=1333.656..1333.656 rows=29 loops=1)
        Buckets: 1024  Batches: 1  Memory Usage: 10kB
        ->  Nested Loop  (cost=0.43..83071.67 rows=246 width=8) (actual time=58.676..1333.605 rows=29 loops=1)
              ->  Seq Scan on movie_keyword mk  (cost=0.00..81003.12 rows=246 width=4) (actual time=58.566..1332.223 rows=29 loops=1)
                    Filter: (keyword_id = 5427)
                    Rows Removed by Filter: 4523901
              ->  Index Only Scan using title_pkey on title t  (cost=0.43..8.40 rows=1 width=4) (actual time=0.041..0.042 rows=1 loops=29)
                    Index Cond: (id = mk.movie_id)
                    Heap Fetches: 29
Planning time: 1.125 ms
Execution time: 8605.353 ms
