Seq Scan on movie_companies mc  (cost=0.00..57926.93 rows=939098 width=0) (actual time=0.025..1065.773 rows=1240362 loops=1)
  Filter: ((company_id < 45559) AND (company_type_id = 1))
  Rows Removed by Filter: 1368767
Planning time: 0.412 ms
Execution time: 1224.200 ms
