Hash Join  (cost=190230.21..344108.07 rows=2163957 width=0) (actual time=4136.529..10094.336 rows=9124268 loops=1)
  Hash Cond: (mk.movie_id = t.id)
  ->  Seq Scan on movie_keyword mk  (cost=0.00..81003.12 rows=3964844 width=4) (actual time=0.013..1738.145 rows=3968183 loops=1)
        Filter: (keyword_id < 33091)
        Rows Removed by Filter: 555747
  ->  Hash  (cost=167588.78..167588.78 rows=1380035 width=8) (actual time=4135.432..4135.432 rows=1380035 loops=1)
        Buckets: 131072  Batches: 32  Memory Usage: 2726kB
        ->  Hash Join  (cost=102767.86..167588.78 rows=1380035 width=8) (actual time=1840.982..3775.722 rows=1380035 loops=1)
              Hash Cond: (mi_idx.movie_id = t.id)
              ->  Seq Scan on movie_info_idx mi_idx  (cost=0.00..21735.35 rows=1380035 width=4) (actual time=0.022..539.130 rows=1380035 loops=1)
              ->  Hash  (cost=61283.27..61283.27 rows=2528527 width=4) (actual time=1840.203..1840.203 rows=2528312 loops=1)
                    Buckets: 131072  Batches: 64  Memory Usage: 2415kB
                    ->  Seq Scan on title t  (cost=0.00..61283.27 rows=2528527 width=4) (actual time=0.014..1013.778 rows=2528312 loops=1)
Planning time: 1.400 ms
Execution time: 11101.580 ms
