Nested Loop  (cost=0.43..58358.27 rows=51 width=0) (actual time=1.999..2875.809 rows=1163 loops=1)
  ->  Seq Scan on movie_companies mc  (cost=0.00..57926.93 rows=51 width=4) (actual time=1.962..2682.950 rows=1163 loops=1)
        Filter: ((company_type_id < 2) AND (company_id = 426))
        Rows Removed by Filter: 2607966
  ->  Index Only Scan using title_pkey on title t  (cost=0.43..8.45 rows=1 width=4) (actual time=0.164..0.165 rows=1 loops=1163)
        Index Cond: (id = mc.movie_id)
        Heap Fetches: 1163
Planning time: 0.672 ms
Execution time: 2876.287 ms
