Hash Join  (cost=83074.74..111692.70 rows=89 width=0) (actual time=1419.687..2002.482 rows=16 loops=1)
  Hash Cond: (mi_idx.movie_id = t.id)
  ->  Seq Scan on movie_info_idx mi_idx  (cost=0.00..25185.44 rows=915101 width=4) (actual time=0.010..482.646 rows=919850 loops=1)
        Filter: (info_type_id < 101)
        Rows Removed by Filter: 460185
  ->  Hash  (cost=83071.67..83071.67 rows=246 width=8) (actual time=1402.394..1402.394 rows=8 loops=1)
        Buckets: 1024  Batches: 1  Memory Usage: 9kB
        ->  Nested Loop  (cost=0.43..83071.67 rows=246 width=8) (actual time=135.046..1402.374 rows=8 loops=1)
              ->  Seq Scan on movie_keyword mk  (cost=0.00..81003.12 rows=246 width=4) (actual time=134.956..1401.925 rows=8 loops=1)
                    Filter: (keyword_id = 56427)
                    Rows Removed by Filter: 4523922
              ->  Index Only Scan using title_pkey on title t  (cost=0.43..8.40 rows=1 width=4) (actual time=0.048..0.049 rows=1 loops=8)
                    Index Cond: (id = mk.movie_id)
                    Heap Fetches: 8
Planning time: 1.185 ms
Execution time: 2002.611 ms
