Hash Join  (cost=76192.15..588553.06 rows=3050998 width=0) (actual time=1362.595..16065.228 rows=4492287 loops=1)
  Hash Cond: (mi.movie_id = t.id)
  ->  Seq Scan on movie_info mi  (cost=0.00..309384.22 rows=14739122 width=4) (actual time=0.027..6351.607 rows=14835720 loops=1)
  ->  Hash  (cost=67604.59..67604.59 rows=523405 width=4) (actual time=1361.471..1361.471 rows=523734 loops=1)
        Buckets: 131072  Batches: 8  Memory Usage: 3326kB
        ->  Seq Scan on title t  (cost=0.00..67604.59 rows=523405 width=4) (actual time=0.019..1187.620 rows=523734 loops=1)
              Filter: (production_year < 1981)
              Rows Removed by Filter: 2004578
Planning time: 0.772 ms
Execution time: 16597.754 ms
