Seq Scan on movie_keyword mk  (cost=0.00..81003.12 rows=246 width=0) (actual time=8.435..1286.753 rows=687 loops=1)
  Filter: (keyword_id = 482)
  Rows Removed by Filter: 4523243
Planning time: 0.350 ms
Execution time: 1287.136 ms
