Hash Join  (cost=228402.01..1326760.85 rows=8170367 width=0) (actual time=5384.601..46712.870 rows=64221830 loops=1)
  Hash Cond: (ci.movie_id = t.id)
  ->  Seq Scan on cast_info ci  (cost=0.00..705507.15 rows=24022411 width=4) (actual time=0.013..15665.181 rows=24130698 loops=1)
        Filter: (role_id < 4)
        Rows Removed by Filter: 12113646
  ->  Hash  (cost=214292.16..214292.16 rows=859988 width=8) (actual time=5382.933..5382.933 rows=1565515 loops=1)
        Buckets: 131072 (originally 131072)  Batches: 32 (originally 16)  Memory Usage: 3073kB
        ->  Hash Join  (cost=81812.24..214292.16 rows=859988 width=8) (actual time=1525.777..4919.067 rows=1565515 loops=1)
              Hash Cond: (mk.movie_id = t.id)
              ->  Seq Scan on movie_keyword mk  (cost=0.00..69693.30 rows=4523930 width=4) (actual time=0.022..1337.448 rows=4523930 loops=1)
              ->  Hash  (cost=73925.90..73925.90 rows=480667 width=4) (actual time=1349.196..1349.196 rows=350545 loops=1)
                    Buckets: 131072  Batches: 8  Memory Usage: 2580kB
                    ->  Seq Scan on title t  (cost=0.00..73925.90 rows=480667 width=4) (actual time=261.438..1238.829 rows=350545 loops=1)
                          Filter: ((production_year > 1987) AND (kind_id = 1))
                          Rows Removed by Filter: 2177767
Planning time: 1.124 ms
Execution time: 52990.996 ms
