Seq Scan on movie_companies mc  (cost=0.00..57926.93 rows=1214388 width=0) (actual time=280.545..1209.056 rows=1274246 loops=1)
  Filter: ((company_id < 140280) AND (company_type_id = 1))
  Rows Removed by Filter: 1334883
Planning time: 0.394 ms
Execution time: 1370.409 ms
