Seq Scan on title t  (cost=0.00..73925.90 rows=129427 width=0) (actual time=33.076..1062.340 rows=27808 loops=1)
  Filter: ((production_year < 1957) AND (kind_id = 7))
  Rows Removed by Filter: 2500504
Planning time: 0.367 ms
Execution time: 1067.591 ms
