Seq Scan on movie_keyword mk  (cost=0.00..81003.12 rows=1650460 width=0) (actual time=0.018..1487.499 rows=1660618 loops=1)
  Filter: (keyword_id < 2548)
  Rows Removed by Filter: 2863312
Planning time: 0.311 ms
Execution time: 1695.698 ms
