Seq Scan on movie_companies mc  (cost=0.00..57926.93 rows=53 width=0) (actual time=452.952..824.144 rows=12 loops=1)
  Filter: ((company_id = 42793) AND (company_type_id = 2))
  Rows Removed by Filter: 2609117
Planning time: 0.299 ms
Execution time: 824.234 ms
