Seq Scan on movie_companies mc  (cost=0.00..57926.93 rows=53 width=0) (actual time=381.693..812.760 rows=238 loops=1)
  Filter: ((company_id = 95131) AND (company_type_id = 2))
  Rows Removed by Filter: 2608891
Planning time: 0.404 ms
Execution time: 812.923 ms
