Seq Scan on movie_companies mc  (cost=0.00..51404.11 rows=104 width=0) (actual time=653.551..2345.726 rows=45 loops=1)
  Filter: (company_id = 17510)
  Rows Removed by Filter: 2609084
Planning time: 0.331 ms
Execution time: 2345.813 ms
