Hash Join  (cost=75227.65..113663.17 rows=43303 width=0) (actual time=1219.761..2108.450 rows=39072 loops=1)
  Hash Cond: (mi_idx.movie_id = t.id)
  ->  Seq Scan on movie_info_idx mi_idx  (cost=0.00..21735.35 rows=1380035 width=4) (actual time=0.025..458.108 rows=1380035 loops=1)
  ->  Hash  (cost=73925.90..73925.90 rows=79340 width=4) (actual time=1218.812..1218.812 rows=92312 loops=1)
        Buckets: 131072  Batches: 2  Memory Usage: 2648kB
        ->  Seq Scan on title t  (cost=0.00..73925.90 rows=79340 width=4) (actual time=0.021..1183.665 rows=92312 loops=1)
              Filter: ((kind_id > 1) AND (production_year = 2006))
              Rows Removed by Filter: 2436000
Planning time: 0.844 ms
Execution time: 2113.998 ms
