Hash Join  (cost=465534.04..542923.21 rows=169664 width=0) (actual time=7909.905..10794.669 rows=4080504 loops=1)
  Hash Cond: (mc.movie_id = t.id)
  ->  Seq Scan on movie_companies mc  (cost=0.00..44881.29 rows=2609129 width=4) (actual time=0.020..936.850 rows=2609129 loops=1)
  ->  Hash  (cost=462835.76..462835.76 rows=164423 width=8) (actual time=7899.144..7899.144 rows=197754 loops=1)
        Buckets: 131072  Batches: 4  Memory Usage: 2874kB
        ->  Hash Join  (cost=102767.86..462835.76 rows=164423 width=8) (actual time=6074.604..7838.636 rows=197754 loops=1)
              Hash Cond: (mi.movie_id = t.id)
              ->  Seq Scan on movie_info mi  (cost=0.00..346232.03 rows=164423 width=4) (actual time=4013.429..5255.475 rows=197754 loops=1)
                    Filter: (info_type_id > 106)
                    Rows Removed by Filter: 14637966
              ->  Hash  (cost=61283.27..61283.27 rows=2528527 width=4) (actual time=2025.775..2025.775 rows=2528312 loops=1)
                    Buckets: 131072  Batches: 64  Memory Usage: 2425kB
                    ->  Seq Scan on title t  (cost=0.00..61283.27 rows=2528527 width=4) (actual time=0.031..1194.458 rows=2528312 loops=1)
Planning time: 1.110 ms
Execution time: 11266.177 ms
