Hash Join  (cost=80562.70..145624.20 rows=86093 width=0) (actual time=1476.108..2521.370 rows=33070 loops=1)
  Hash Cond: (mc.movie_id = t.id)
  ->  Seq Scan on movie_companies mc  (cost=0.00..57926.93 rows=275636 width=4) (actual time=0.923..840.612 rows=141096 loops=1)
        Filter: ((company_id < 530) AND (company_type_id > 1))
        Rows Removed by Filter: 2468033
  ->  Hash  (cost=67604.59..67604.59 rows=789769 width=4) (actual time=1473.476..1473.476 rows=784926 loops=1)
        Buckets: 131072  Batches: 16  Memory Usage: 2749kB
        ->  Seq Scan on title t  (cost=0.00..67604.59 rows=789769 width=4) (actual time=0.011..1223.785 rows=784926 loops=1)
              Filter: (production_year > 2007)
              Rows Removed by Filter: 1743386
Planning time: 0.771 ms
Execution time: 2525.804 ms
