Hash Join  (cost=113441.74..190078.68 rows=115141 width=0) (actual time=2228.428..4224.043 rows=421015 loops=1)
  Hash Cond: (mc.movie_id = t.id)
  ->  Seq Scan on movie_companies mc  (cost=0.00..44881.29 rows=2609129 width=4) (actual time=0.011..869.912 rows=2609129 loops=1)
  ->  Hash  (cost=111610.94..111610.94 rows=111584 width=8) (actual time=2227.672..2227.672 rows=130194 loops=1)
        Buckets: 131072  Batches: 2  Memory Usage: 3574kB
        ->  Hash Join  (cost=77561.16..111610.94 rows=111584 width=8) (actual time=1301.002..2182.354 rows=130194 loops=1)
              Hash Cond: (mi_idx.movie_id = t.id)
              ->  Seq Scan on movie_info_idx mi_idx  (cost=0.00..25185.44 rows=464934 width=4) (actual time=0.010..505.572 rows=460185 loops=1)
                    Filter: (info_type_id > 100)
                    Rows Removed by Filter: 919850
              ->  Hash  (cost=67604.59..67604.59 rows=606846 width=4) (actual time=1300.151..1300.151 rows=603411 loops=1)
                    Buckets: 131072  Batches: 8  Memory Usage: 3668kB
                    ->  Seq Scan on title t  (cost=0.00..67604.59 rows=606846 width=4) (actual time=0.022..1113.046 rows=603411 loops=1)
                          Filter: (production_year < 1986)
                          Rows Removed by Filter: 1924901
Planning time: 1.158 ms
Execution time: 4277.626 ms
