Hash Join  (cost=149372.64..273431.30 rows=168762 width=0) (actual time=4419.720..5493.873 rows=65141 loops=1)
  Hash Cond: (mk.movie_id = t.id)
  ->  Seq Scan on movie_keyword mk  (cost=0.00..69693.30 rows=4523930 width=4) (actual time=0.013..1479.528 rows=4523930 loops=1)
  ->  Hash  (cost=147824.58..147824.58 rows=94325 width=8) (actual time=2659.549..2659.549 rows=64361 loops=1)
        Buckets: 131072  Batches: 2  Memory Usage: 2290kB
        ->  Hash Join  (cost=79462.84..147824.58 rows=94325 width=8) (actual time=1707.235..2636.272 rows=64361 loops=1)
              Hash Cond: (mc.movie_id = t.id)
              ->  Seq Scan on movie_companies mc  (cost=0.00..57926.93 rows=706813 width=4) (actual time=399.026..1087.437 rows=444351 loops=1)
                    Filter: ((company_id < 11850) AND (company_type_id = 2))
                    Rows Removed by Filter: 2164778
              ->  Hash  (cost=73925.90..73925.90 rows=337435 width=4) (actual time=1307.205..1307.205 rows=225506 loops=1)
                    Buckets: 131072  Batches: 8  Memory Usage: 2004kB
                    ->  Seq Scan on title t  (cost=0.00..73925.90 rows=337435 width=4) (actual time=0.032..1232.998 rows=225506 loops=1)
                          Filter: ((production_year < 1983) AND (kind_id = 7))
                          Rows Removed by Filter: 2302806
Planning time: 1.119 ms
Execution time: 5502.967 ms
