Hash Join  (cost=102767.86..222850.02 rows=1213479 width=0) (actual time=1887.829..4696.511 rows=1218357 loops=1)
  Hash Cond: (mk.movie_id = t.id)
  ->  Seq Scan on movie_keyword mk  (cost=0.00..81003.12 rows=1213479 width=4) (actual time=0.025..1447.525 rows=1218357 loops=1)
        Filter: (keyword_id < 1535)
        Rows Removed by Filter: 3305573
  ->  Hash  (cost=61283.27..61283.27 rows=2528527 width=4) (actual time=1887.080..1887.080 rows=2528312 loops=1)
        Buckets: 131072  Batches: 64  Memory Usage: 2425kB
        ->  Seq Scan on title t  (cost=0.00..61283.27 rows=2528527 width=4) (actual time=0.019..1023.253 rows=2528312 loops=1)
Planning time: 0.720 ms
Execution time: 4836.856 ms
