Seq Scan on movie_companies mc  (cost=0.00..51404.11 rows=2457148 width=0) (actual time=0.019..1035.798 rows=2458441 loops=1)
  Filter: (company_id < 131788)
  Rows Removed by Filter: 150688
Planning time: 0.302 ms
Execution time: 1339.604 ms
