Seq Scan on movie_keyword mk  (cost=0.00..81003.12 rows=288601 width=0) (actual time=33.955..1291.737 rows=285522 loops=1)
  Filter: (keyword_id > 55993)
  Rows Removed by Filter: 4238408
Planning time: 0.200 ms
Execution time: 1328.898 ms
