Seq Scan on cast_info ci  (cost=0.00..796071.18 rows=12454196 width=0) (actual time=4304.986..16670.291 rows=12179752 loops=1)
  Filter: ((person_id > 70727) AND (role_id < 2))
  Rows Removed by Filter: 24064592
Planning time: 0.376 ms
Execution time: 18172.179 ms
