Hash Join  (cost=98137.04..1338917.97 rows=19264371 width=0) (actual time=1821.517..38858.892 rows=18687191 loops=1)
  Hash Cond: (ci.movie_id = t.id)
  ->  Seq Scan on cast_info ci  (cost=0.00..705507.15 rows=26174415 width=4) (actual time=0.024..15541.507 rows=26182977 loops=1)
        Filter: (person_id < 2709435)
        Rows Removed by Filter: 10061367
  ->  Hash  (cost=67604.59..67604.59 rows=1860996 width=4) (actual time=1820.560..1820.560 rows=1865487 loops=1)
        Buckets: 131072  Batches: 32  Memory Usage: 3079kB
        ->  Seq Scan on title t  (cost=0.00..67604.59 rows=1860996 width=4) (actual time=0.027..1278.997 rows=1865487 loops=1)
              Filter: (kind_id > 1)
              Rows Removed by Filter: 662825
Planning time: 0.723 ms
Execution time: 40840.958 ms
