Nested Loop  (cost=0.43..799703.28 rows=170 width=0) (actual time=6627.560..14317.735 rows=4 loops=1)
  ->  Seq Scan on cast_info ci  (cost=0.00..796071.18 rows=435 width=4) (actual time=6627.495..14317.596 rows=4 loops=1)
        Filter: ((role_id < 10) AND (person_id = 961488))
        Rows Removed by Filter: 36244340
  ->  Index Scan using title_pkey on title t  (cost=0.43..8.34 rows=1 width=4) (actual time=0.028..0.028 rows=1 loops=4)
        Index Cond: (id = ci.movie_id)
        Filter: (kind_id < 7)
Planning time: 0.716 ms
Execution time: 14317.855 ms
