Hash Join  (cost=188628.52..267579.29 rows=282925 width=0) (actual time=9210.421..12761.042 rows=125725 loops=1)
  Hash Cond: (mc.movie_id = t.id)
  ->  Seq Scan on movie_companies mc  (cost=0.00..44881.29 rows=2609129 width=4) (actual time=0.021..2626.683 rows=2609129 loops=1)
  ->  Hash  (cost=184129.21..184129.21 rows=274185 width=8) (actual time=8784.624..8784.624 rows=73221 loops=1)
        Buckets: 131072  Batches: 4  Memory Usage: 1740kB
        ->  Hash Join  (cost=87428.23..184129.21 rows=274185 width=8) (actual time=4568.813..8760.030 rows=73221 loops=1)
              Hash Cond: (mk.movie_id = t.id)
              ->  Seq Scan on movie_keyword mk  (cost=0.00..81003.12 rows=842400 width=4) (actual time=0.020..3586.789 rows=848017 loops=1)
                    Filter: (keyword_id > 21645)
                    Rows Removed by Filter: 3675913
              ->  Hash  (cost=73925.90..73925.90 rows=822986 width=4) (actual time=4568.016..4568.016 rows=738761 loops=1)
                    Buckets: 131072  Batches: 16  Memory Usage: 2654kB
                    ->  Seq Scan on title t  (cost=0.00..73925.90 rows=822986 width=4) (actual time=0.016..4234.181 rows=738761 loops=1)
                          Filter: ((production_year < 2005) AND (kind_id = 7))
                          Rows Removed by Filter: 1789551
Planning time: 1.067 ms
Execution time: 12777.580 ms
