Hash Join  (cost=215833.08..1250453.14 rows=9866633 width=0) (actual time=4897.259..35242.765 rows=25441845 loops=1)
  Hash Cond: (ci.movie_id = t.id)
  ->  Seq Scan on cast_info ci  (cost=0.00..705507.15 rows=19498019 width=4) (actual time=0.029..14259.524 rows=19659192 loops=1)
        Filter: (person_id > 1641799)
        Rows Removed by Filter: 16585152
  ->  Hash  (cost=194840.12..194840.12 rows=1279517 width=8) (actual time=4896.415..4896.415 rows=1274246 loops=1)
        Buckets: 131072  Batches: 32  Memory Usage: 2553kB
        ->  Hash Join  (cost=102767.86..194840.12 rows=1279517 width=8) (actual time=2441.405..4529.851 rows=1274246 loops=1)
              Hash Cond: (mc.movie_id = t.id)
              ->  Seq Scan on movie_companies mc  (cost=0.00..51404.11 rows=1279517 width=4) (actual time=290.892..932.063 rows=1274246 loops=1)
                    Filter: (company_type_id = 1)
                    Rows Removed by Filter: 1334883
              ->  Hash  (cost=61283.27..61283.27 rows=2528527 width=4) (actual time=2149.176..2149.176 rows=2528312 loops=1)
                    Buckets: 131072  Batches: 64  Memory Usage: 2415kB
                    ->  Seq Scan on title t  (cost=0.00..61283.27 rows=2528527 width=4) (actual time=0.026..1048.487 rows=2528312 loops=1)
Planning time: 1.169 ms
Execution time: 38000.565 ms
