Seq Scan on cast_info ci  (cost=0.00..796071.18 rows=24 width=0) (actual time=9409.486..10692.155 rows=88 loops=1)
  Filter: ((person_id = 478180) AND (role_id = 8))
  Rows Removed by Filter: 36244256
Planning time: 0.252 ms
Execution time: 10692.245 ms
