Seq Scan on movie_keyword mk  (cost=0.00..81003.12 rows=2695110 width=0) (actual time=0.024..1420.910 rows=2689693 loops=1)
  Filter: (keyword_id < 7601)
  Rows Removed by Filter: 1834237
Planning time: 0.325 ms
Execution time: 1756.125 ms
