Nested Loop  (cost=44377.22..133042.25 rows=4468 width=0) (actual time=1047.951..2170.510 rows=5850 loops=1)
  Join Filter: (mc.movie_id = t.id)
  ->  Hash Join  (cost=44376.79..110531.52 rows=37967 width=8) (actual time=1045.996..1953.009 rows=16195 loops=1)
        Hash Cond: (mc.movie_id = mi_idx.movie_id)
        ->  Seq Scan on movie_companies mc  (cost=0.00..57926.93 rows=13435 width=4) (actual time=134.322..803.342 rows=12833 loops=1)
              Filter: ((company_id = 27) AND (company_type_id = 1))
              Rows Removed by Filter: 2596296
        ->  Hash  (cost=21735.35..21735.35 rows=1380035 width=4) (actual time=908.431..908.431 rows=1380035 loops=1)
              Buckets: 131072  Batches: 32  Memory Usage: 2540kB
              ->  Seq Scan on movie_info_idx mi_idx  (cost=0.00..21735.35 rows=1380035 width=4) (actual time=0.032..475.140 rows=1380035 loops=1)
  ->  Index Scan using title_pkey on title t  (cost=0.43..0.58 rows=1 width=4) (actual time=0.013..0.013 rows=0 loops=16195)
        Index Cond: (id = mi_idx.movie_id)
        Filter: (kind_id = 7)
        Rows Removed by Filter: 1
Planning time: 2.523 ms
Execution time: 2171.851 ms
