Hash Join  (cost=180320.14..544242.61 rows=127477 width=0) (actual time=7893.847..10034.588 rows=540910 loops=1)
  Hash Cond: (mi.movie_id = t.id)
  ->  Seq Scan on movie_info mi  (cost=0.00..346232.03 rows=1338312 width=4) (actual time=3935.326..5242.132 rows=1401902 loops=1)
        Filter: (info_type_id = 7)
        Rows Removed by Filter: 13433818
  ->  Hash  (cost=176368.56..176368.56 rows=240847 width=8) (actual time=3957.570..3957.570 rows=355623 loops=1)
        Buckets: 131072 (originally 131072)  Batches: 8 (originally 4)  Memory Usage: 3073kB
        ->  Hash Join  (cost=102767.86..176368.56 rows=240847 width=8) (actual time=2091.504..3832.843 rows=355623 loops=1)
              Hash Cond: (mc.movie_id = t.id)
              ->  Seq Scan on movie_companies mc  (cost=0.00..57926.93 rows=240847 width=4) (actual time=0.035..1015.645 rows=355623 loops=1)
                    Filter: ((company_id < 426) AND (company_type_id = 1))
                    Rows Removed by Filter: 2253506
              ->  Hash  (cost=61283.27..61283.27 rows=2528527 width=4) (actual time=2090.208..2090.208 rows=2528312 loops=1)
                    Buckets: 131072  Batches: 64  Memory Usage: 2415kB
                    ->  Seq Scan on title t  (cost=0.00..61283.27 rows=2528527 width=4) (actual time=0.015..1231.098 rows=2528312 loops=1)
Planning time: 1.041 ms
Execution time: 10101.852 ms
