Hash Join  (cost=160737.19..963119.71 rows=2584 width=0) (actual time=11612.673..42808.928 rows=42046 loops=1)
  Hash Cond: (ci.movie_id = t.id)
  ->  Seq Scan on cast_info ci  (cost=0.00..796071.18 rows=1257100 width=4) (actual time=3938.570..33991.874 rows=3757257 loops=1)
        Filter: ((person_id > 3375721) AND (role_id > 3))
        Rows Removed by Filter: 32487087
  ->  Hash  (cost=160672.23..160672.23 rows=5197 width=8) (actual time=7673.618..7673.618 rows=21138 loops=1)
        Buckets: 32768 (originally 8192)  Batches: 1 (originally 1)  Memory Usage: 1082kB
        ->  Hash Join  (cost=73962.22..160672.23 rows=5197 width=8) (actual time=2884.189..7662.326 rows=21138 loops=1)
              Hash Cond: (mk.movie_id = t.id)
              ->  Seq Scan on movie_keyword mk  (cost=0.00..69693.30 rows=4523930 width=4) (actual time=0.029..3623.149 rows=4523930 loops=1)
              ->  Hash  (cost=73925.90..73925.90 rows=2905 width=4) (actual time=2870.750..2870.750 rows=5783 loops=1)
                    Buckets: 8192 (originally 4096)  Batches: 1 (originally 1)  Memory Usage: 268kB
                    ->  Seq Scan on title t  (cost=0.00..73925.90 rows=2905 width=4) (actual time=11.526..2867.447 rows=5783 loops=1)
                          Filter: ((kind_id < 7) AND (production_year = 1967))
                          Rows Removed by Filter: 2522529
Planning time: 1.137 ms
Execution time: 42815.471 ms
