Hash Join  (cost=80493.69..943003.64 rows=781274 width=0) (actual time=1777.951..16602.236 rows=1219962 loops=1)
  Hash Cond: (ci.movie_id = t.id)
  ->  Seq Scan on cast_info ci  (cost=0.00..796071.18 rows=4934940 width=4) (actual time=366.799..12219.304 rows=5465560 loops=1)
        Filter: ((person_id < 561036) AND (role_id < 9))
        Rows Removed by Filter: 30778784
  ->  Hash  (cost=73925.90..73925.90 rows=400303 width=4) (actual time=1410.178..1410.178 rows=500611 loops=1)
        Buckets: 131072  Batches: 8  Memory Usage: 3236kB
        ->  Seq Scan on title t  (cost=0.00..73925.90 rows=400303 width=4) (actual time=0.023..1254.046 rows=500611 loops=1)
              Filter: ((kind_id < 7) AND (production_year < 2000))
              Rows Removed by Filter: 2027701
Planning time: 0.498 ms
Execution time: 16746.849 ms
