Hash Join  (cost=102767.86..195059.01 rows=58586 width=0) (actual time=2835.761..4170.518 rows=55337 loops=1)
  Hash Cond: (mk.movie_id = t.id)
  ->  Seq Scan on movie_keyword mk  (cost=0.00..81003.12 rows=58586 width=4) (actual time=376.235..1295.151 rows=55337 loops=1)
        Filter: (keyword_id > 97167)
        Rows Removed by Filter: 4468593
  ->  Hash  (cost=61283.27..61283.27 rows=2528527 width=4) (actual time=2458.604..2458.604 rows=2528312 loops=1)
        Buckets: 131072  Batches: 64  Memory Usage: 2425kB
        ->  Seq Scan on title t  (cost=0.00..61283.27 rows=2528527 width=4) (actual time=0.024..1013.760 rows=2528312 loops=1)
Planning time: 0.714 ms
Execution time: 4176.800 ms
