Hash Join  (cost=85000.09..188827.92 rows=378649 width=0) (actual time=2417.675..3805.640 rows=90255 loops=1)
  Hash Cond: (mk.movie_id = t.id)
  ->  Seq Scan on movie_keyword mk  (cost=0.00..81003.12 rows=1418457 width=4) (actual time=0.027..1566.163 rows=1433949 loops=1)
        Filter: (keyword_id < 1986)
        Rows Removed by Filter: 3089981
  ->  Hash  (cost=73925.90..73925.90 rows=674975 width=4) (actual time=1434.490..1434.490 rows=739679 loops=1)
        Buckets: 131072  Batches: 16  Memory Usage: 2660kB
        ->  Seq Scan on title t  (cost=0.00..73925.90 rows=674975 width=4) (actual time=0.027..1197.342 rows=739679 loops=1)
              Filter: ((production_year > 2004) AND (kind_id = 7))
              Rows Removed by Filter: 1788633
Planning time: 0.643 ms
Execution time: 3817.597 ms
