Hash Join  (cost=425693.03..452761.73 rows=15822 width=0) (actual time=6418.654..6985.055 rows=75426 loops=1)
  Hash Cond: (mi_idx.movie_id = t.id)
  ->  Seq Scan on movie_info_idx mi_idx  (cost=0.00..21735.35 rows=1380035 width=4) (actual time=0.019..250.343 rows=1380035 loops=1)
  ->  Hash  (cost=425330.66..425330.66 rows=28990 width=8) (actual time=6418.352..6418.352 rows=50630 loops=1)
        Buckets: 65536 (originally 32768)  Batches: 1 (originally 1)  Memory Usage: 2490kB
        ->  Hash Join  (cost=69090.10..425330.66 rows=28990 width=8) (actual time=3064.169..6399.535 rows=50630 loops=1)
              Hash Cond: (mi.movie_id = t.id)
              ->  Seq Scan on movie_info mi  (cost=0.00..346232.03 rows=809768 width=4) (actual time=2130.397..5136.935 rows=802140 loops=1)
                    Filter: (info_type_id < 2)
                    Rows Removed by Filter: 14033580
              ->  Hash  (cost=67604.59..67604.59 rows=90521 width=4) (actual time=932.940..932.940 rows=90852 loops=1)
                    Buckets: 131072  Batches: 2  Memory Usage: 2632kB
                    ->  Seq Scan on title t  (cost=0.00..67604.59 rows=90521 width=4) (actual time=0.037..897.326 rows=90852 loops=1)
                          Filter: (kind_id = 2)
                          Rows Removed by Filter: 2437460
Planning time: 1.876 ms
Execution time: 6994.394 ms
