Seq Scan on movie_keyword mk  (cost=0.00..81003.12 rows=1429792 width=0) (actual time=0.024..1414.534 rows=1441976 loops=1)
  Filter: (keyword_id > 11577)
  Rows Removed by Filter: 3081954
Planning time: 0.284 ms
Execution time: 1608.399 ms
