Hash Join  (cost=75709.76..175597.80 rows=66176 width=0) (actual time=1359.710..3479.799 rows=17074 loops=1)
  Hash Cond: (mk.movie_id = t.id)
  ->  Seq Scan on movie_keyword mk  (cost=0.00..81003.12 rows=1539242 width=4) (actual time=0.030..1613.368 rows=1554077 loops=1)
        Filter: (keyword_id > 10143)
        Rows Removed by Filter: 2969853
  ->  Hash  (cost=73925.90..73925.90 rows=108708 width=4) (actual time=1358.870..1358.870 rows=115965 loops=1)
        Buckets: 131072  Batches: 2  Memory Usage: 3068kB
        ->  Seq Scan on title t  (cost=0.00..73925.90 rows=108708 width=4) (actual time=0.058..1313.653 rows=115965 loops=1)
              Filter: ((kind_id > 3) AND (production_year = 2012))
              Rows Removed by Filter: 2412347
Planning time: 0.885 ms
Execution time: 3482.349 ms
