Hash Join  (cost=102767.86..181203.07 rows=441740 width=0) (actual time=1807.318..3753.662 rows=635080 loops=1)
  Hash Cond: (mc.movie_id = t.id)
  ->  Seq Scan on movie_companies mc  (cost=0.00..57926.93 rows=441740 width=4) (actual time=0.026..993.824 rows=635080 loops=1)
        Filter: ((company_id < 2840) AND (company_type_id < 2))
        Rows Removed by Filter: 1974049
  ->  Hash  (cost=61283.27..61283.27 rows=2528527 width=4) (actual time=1805.858..1805.858 rows=2528312 loops=1)
        Buckets: 131072  Batches: 64  Memory Usage: 2415kB
        ->  Seq Scan on title t  (cost=0.00..61283.27 rows=2528527 width=4) (actual time=0.018..977.137 rows=2528312 loops=1)
Planning time: 0.737 ms
Execution time: 3832.731 ms
