Hash Join  (cost=102767.86..1577444.51 rows=31554923 width=0) (actual time=6045.465..100622.732 rows=31605208 loops=1)
  Hash Cond: (ci.movie_id = t.id)
  ->  Seq Scan on cast_info ci  (cost=0.00..705507.15 rows=31554923 width=4) (actual time=0.024..55688.621 rows=31605208 loops=1)
        Filter: (role_id < 10)
        Rows Removed by Filter: 4639136
  ->  Hash  (cost=61283.27..61283.27 rows=2528527 width=4) (actual time=6044.207..6044.207 rows=2528312 loops=1)
        Buckets: 131072  Batches: 64  Memory Usage: 2415kB
        ->  Seq Scan on title t  (cost=0.00..61283.27 rows=2528527 width=4) (actual time=0.008..4423.602 rows=2528312 loops=1)
Planning time: 0.772 ms
Execution time: 105253.039 ms
