Hash Join  (cost=191353.81..1433037.30 rows=10574971 width=0) (actual time=4458.136..39213.410 rows=8582637 loops=1)
  Hash Cond: (ci.movie_id = t.id)
  ->  Seq Scan on cast_info ci  (cost=0.00..796071.18 rows=29082826 width=4) (actual time=56.813..19727.577 rows=28926601 loops=1)
        Filter: ((person_id > 269027) AND (role_id < 10))
        Rows Removed by Filter: 7317743
  ->  Hash  (cost=176269.16..176269.16 rows=919412 width=8) (actual time=4400.164..4400.164 rows=512814 loops=1)
        Buckets: 131072  Batches: 16  Memory Usage: 2271kB
        ->  Hash Join  (cost=88544.52..176269.16 rows=919412 width=8) (actual time=1519.182..3974.495 rows=512814 loops=1)
              Hash Cond: (mc.movie_id = t.id)
              ->  Seq Scan on movie_companies mc  (cost=0.00..44881.29 rows=2609129 width=4) (actual time=0.024..865.832 rows=2609129 loops=1)
              ->  Hash  (cost=73925.90..73925.90 rows=891009 width=4) (actual time=1518.378..1518.378 rows=800991 loops=1)
                    Buckets: 131072  Batches: 16  Memory Usage: 2786kB
                    ->  Seq Scan on title t  (cost=0.00..73925.90 rows=891009 width=4) (actual time=0.030..1264.539 rows=800991 loops=1)
                          Filter: ((kind_id > 3) AND (production_year < 2005))
                          Rows Removed by Filter: 1727321
Planning time: 1.122 ms
Execution time: 40131.943 ms
