Hash Join  (cost=143818.44..223525.12 rows=337815 width=0) (actual time=3064.806..5955.665 rows=1106215 loops=1)
  Hash Cond: (mc.movie_id = t.id)
  ->  Seq Scan on movie_companies mc  (cost=0.00..44881.29 rows=2609129 width=4) (actual time=0.027..923.527 rows=2609129 loops=1)
  ->  Hash  (cost=138447.20..138447.20 rows=327379 width=8) (actual time=3063.961..3063.961 rows=375691 loops=1)
        Buckets: 131072  Batches: 8  Memory Usage: 2868kB
        ->  Hash Join  (cost=97066.09..138447.20 rows=327379 width=8) (actual time=1822.012..2949.805 rows=375691 loops=1)
              Hash Cond: (mi_idx.movie_id = t.id)
              ->  Seq Scan on movie_info_idx mi_idx  (cost=0.00..25185.44 rows=460978 width=4) (actual time=0.016..436.477 rows=459925 loops=1)
                    Filter: (info_type_id < 100)
                    Rows Removed by Filter: 920110
              ->  Hash  (cost=67604.59..67604.59 rows=1795720 width=4) (actual time=1820.840..1820.840 rows=1794153 loops=1)
                    Buckets: 131072  Batches: 32  Memory Usage: 2992kB
                    ->  Seq Scan on title t  (cost=0.00..67604.59 rows=1795720 width=4) (actual time=0.019..1242.833 rows=1794153 loops=1)
                          Filter: (production_year < 2009)
                          Rows Removed by Filter: 734159
Planning time: 1.072 ms
Execution time: 6093.081 ms
