Nested Loop  (cost=0.43..798789.03 rows=103 width=0) (actual time=10158.033..11836.485 rows=2 loops=1)
  ->  Seq Scan on cast_info ci  (cost=0.00..796071.18 rows=324 width=4) (actual time=10157.937..11835.467 rows=61 loops=1)
        Filter: ((role_id > 1) AND (person_id = 3969873))
        Rows Removed by Filter: 36244283
  ->  Index Scan using title_pkey on title t  (cost=0.43..8.38 rows=1 width=4) (actual time=0.016..0.016 rows=0 loops=61)
        Index Cond: (id = ci.movie_id)
        Filter: ((kind_id < 7) AND (production_year < 2011))
        Rows Removed by Filter: 1
Planning time: 0.814 ms
Execution time: 11836.586 ms
