Hash Join  (cost=73950.44..438720.80 rows=11443 width=0) (actual time=1071.583..7832.780 rows=31599 loops=1)
  Hash Cond: (mi.movie_id = t.id)
  ->  Seq Scan on movie_info mi  (cost=0.00..309384.22 rows=14739122 width=4) (actual time=0.024..3968.390 rows=14835720 loops=1)
  ->  Hash  (cost=73925.90..73925.90 rows=1963 width=4) (actual time=1044.123..1044.123 rows=2566 loops=1)
        Buckets: 4096 (originally 2048)  Batches: 1 (originally 1)  Memory Usage: 123kB
        ->  Seq Scan on title t  (cost=0.00..73925.90 rows=1963 width=4) (actual time=361.488..1042.811 rows=2566 loops=1)
              Filter: ((kind_id = 1) AND (production_year = 1932))
              Rows Removed by Filter: 2525746
Planning time: 0.793 ms
Execution time: 7838.747 ms
