Hash Join  (cost=90857.47..235354.98 rows=1846347 width=0) (actual time=2103.698..5690.382 rows=495544 loops=1)
  Hash Cond: (mk.movie_id = t.id)
  ->  Seq Scan on movie_keyword mk  (cost=0.00..69693.30 rows=4523930 width=4) (actual time=0.026..1459.446 rows=4523930 loops=1)
  ->  Hash  (cost=73925.90..73925.90 rows=1031965 width=4) (actual time=2096.989..2096.989 rows=1125615 loops=1)
        Buckets: 131072  Batches: 16  Memory Usage: 3513kB
        ->  Seq Scan on title t  (cost=0.00..73925.90 rows=1031965 width=4) (actual time=0.026..1447.869 rows=1125615 loops=1)
              Filter: ((kind_id > 4) AND (production_year > 1993))
              Rows Removed by Filter: 1402697
Planning time: 0.693 ms
Execution time: 5747.577 ms
