Hash Join  (cost=77887.52..1147220.78 rows=3458610 width=0) (actual time=1318.483..31921.100 rows=3856149 loops=1)
  Hash Cond: (ci.movie_id = t.id)
  ->  Seq Scan on cast_info ci  (cost=0.00..614943.12 rows=36225612 width=4) (actual time=0.024..13360.867 rows=36244344 loops=1)
  ->  Hash  (cost=73925.90..73925.90 rows=241409 width=4) (actual time=1317.636..1317.636 rows=257849 loops=1)
        Buckets: 131072  Batches: 4  Memory Usage: 3305kB
        ->  Seq Scan on title t  (cost=0.00..73925.90 rows=241409 width=4) (actual time=0.027..1229.889 rows=257849 loops=1)
              Filter: ((kind_id > 4) AND (production_year > 2010))
              Rows Removed by Filter: 2270463
Planning time: 2.239 ms
Execution time: 32416.032 ms
