Seq Scan on cast_info ci  (cost=0.00..796071.18 rows=18645692 width=0) (actual time=1012.686..14677.353 rows=16032188 loops=1)
  Filter: ((person_id < 2919119) AND (role_id > 1))
  Rows Removed by Filter: 20212156
Planning time: 0.315 ms
Execution time: 16438.087 ms
