Seq Scan on cast_info ci  (cost=0.00..705507.15 rows=26963002 width=0) (actual time=0.016..37069.705 rows=27126118 loops=1)
  Filter: (person_id > 897699)
  Rows Removed by Filter: 9118226
Planning time: 4.357 ms
Execution time: 41836.385 ms
