Hash Join  (cost=83074.55..447741.02 rows=1055 width=0) (actual time=1362.234..8862.761 rows=13565 loops=1)
  Hash Cond: (mi.movie_id = t.id)
  ->  Seq Scan on movie_info mi  (cost=0.00..309384.22 rows=14739122 width=4) (actual time=0.010..4756.753 rows=14835720 loops=1)
  ->  Hash  (cost=83072.29..83072.29 rows=181 width=8) (actual time=1361.292..1361.292 rows=471 loops=1)
        Buckets: 1024  Batches: 1  Memory Usage: 27kB
        ->  Nested Loop  (cost=0.43..83072.29 rows=181 width=8) (actual time=5.654..1360.868 rows=471 loops=1)
              ->  Seq Scan on movie_keyword mk  (cost=0.00..81003.12 rows=246 width=4) (actual time=1.276..1259.372 rows=1763 loops=1)
                    Filter: (keyword_id = 7877)
                    Rows Removed by Filter: 4522167
              ->  Index Scan using title_pkey on title t  (cost=0.43..8.40 rows=1 width=4) (actual time=0.056..0.057 rows=0 loops=1763)
                    Index Cond: (id = mk.movie_id)
                    Filter: (kind_id > 1)
                    Rows Removed by Filter: 1
Planning time: 0.750 ms
Execution time: 8865.666 ms
