Hash Join  (cost=175329.05..217202.10 rows=243657 width=0) (actual time=3863.677..5161.821 rows=675850 loops=1)
  Hash Cond: (mi_idx.movie_id = t.id)
  ->  Seq Scan on movie_info_idx mi_idx  (cost=0.00..21735.35 rows=1380035 width=4) (actual time=0.025..430.698 rows=1380035 loops=1)
  ->  Hash  (cost=168004.62..168004.62 rows=446434 width=8) (actual time=3862.821..3862.821 rows=457527 loops=1)
        Buckets: 131072  Batches: 8  Memory Usage: 3274kB
        ->  Hash Join  (cost=97066.09..168004.62 rows=446434 width=8) (actual time=2046.130..3727.033 rows=457527 loops=1)
              Hash Cond: (mc.movie_id = t.id)
              ->  Seq Scan on movie_companies mc  (cost=0.00..51404.11 rows=628617 width=4) (actual time=59.211..937.954 rows=632637 loops=1)
                    Filter: (company_id > 58976)
                    Rows Removed by Filter: 1976492
              ->  Hash  (cost=67604.59..67604.59 rows=1795720 width=4) (actual time=1986.048..1986.048 rows=1794153 loops=1)
                    Buckets: 131072  Batches: 32  Memory Usage: 2992kB
                    ->  Seq Scan on title t  (cost=0.00..67604.59 rows=1795720 width=4) (actual time=0.031..1416.214 rows=1794153 loops=1)
                          Filter: (production_year < 2009)
                          Rows Removed by Filter: 734159
Planning time: 0.865 ms
Execution time: 5254.593 ms
