Hash Join  (cost=81025.55..1225555.80 rows=5638045 width=0) (actual time=1566.014..36245.815 rows=5426178 loops=1)
  Hash Cond: (ci.movie_id = t.id)
  ->  Seq Scan on cast_info ci  (cost=0.00..705507.15 rows=32947105 width=4) (actual time=0.018..16546.727 rows=33081365 loops=1)
        Filter: (person_id > 306321)
        Rows Removed by Filter: 3162979
  ->  Hash  (cost=73925.90..73925.90 rows=432692 width=4) (actual time=1565.190..1565.190 rows=368246 loops=1)
        Buckets: 131072  Batches: 8  Memory Usage: 2639kB
        ->  Seq Scan on title t  (cost=0.00..73925.90 rows=432692 width=4) (actual time=0.021..1150.792 rows=368246 loops=1)
              Filter: ((kind_id < 7) AND (production_year > 2004))
              Rows Removed by Filter: 2160066
Planning time: 0.516 ms
Execution time: 36816.534 ms
