Hash Join  (cost=189602.67..329358.00 rows=1457130 width=0) (actual time=4152.355..10315.338 rows=14841368 loops=1)
  Hash Cond: (mk.movie_id = t.id)
  ->  Seq Scan on movie_keyword mk  (cost=0.00..69693.30 rows=4523930 width=4) (actual time=0.007..1495.223 rows=4523930 loops=1)
  ->  Hash  (cost=176240.38..176240.38 rows=814423 width=8) (actual time=4151.448..4151.448 rows=646529 loops=1)
        Buckets: 131072  Batches: 16  Memory Usage: 2630kB
        ->  Hash Join  (cost=94009.45..176240.38 rows=814423 width=8) (actual time=1873.242..3953.703 rows=646529 loops=1)
              Hash Cond: (mc.movie_id = t.id)
              ->  Seq Scan on movie_companies mc  (cost=0.00..51404.11 rows=1279517 width=4) (actual time=21.769..981.426 rows=1274246 loops=1)
                    Filter: (company_type_id < 2)
                    Rows Removed by Filter: 1334883
              ->  Hash  (cost=67604.59..67604.59 rows=1609429 width=4) (actual time=1850.639..1850.639 rows=1607077 loops=1)
                    Buckets: 131072  Batches: 32  Memory Usage: 2791kB
                    ->  Seq Scan on title t  (cost=0.00..67604.59 rows=1609429 width=4) (actual time=0.027..1323.644 rows=1607077 loops=1)
                          Filter: (production_year > 1995)
                          Rows Removed by Filter: 921235
Planning time: 1.077 ms
Execution time: 11759.982 ms
