Seq Scan on movie_companies mc  (cost=0.00..51404.11 rows=104 width=0) (actual time=474.717..852.183 rows=326 loops=1)
  Filter: (company_id = 11378)
  Rows Removed by Filter: 2608803
Planning time: 0.369 ms
Execution time: 852.355 ms
