Hash Join  (cost=88295.76..233821.07 rows=1795986 width=0) (actual time=1705.911..5615.120 rows=1381524 loops=1)
  Hash Cond: (mk.movie_id = t.id)
  ->  Seq Scan on movie_keyword mk  (cost=0.00..81003.12 rows=3600885 width=4) (actual time=0.020..1795.219 rows=3593291 loops=1)
        Filter: (keyword_id > 870)
        Rows Removed by Filter: 930639
  ->  Hash  (cost=67604.59..67604.59 rows=1261134 width=4) (actual time=1705.227..1705.227 rows=1260295 loops=1)
        Buckets: 131072  Batches: 32  Memory Usage: 2421kB
        ->  Seq Scan on title t  (cost=0.00..67604.59 rows=1261134 width=4) (actual time=3.024..1267.023 rows=1260295 loops=1)
              Filter: (production_year > 2002)
              Rows Removed by Filter: 1268017
Planning time: 0.724 ms
Execution time: 5778.030 ms
