Seq Scan on movie_keyword mk  (cost=0.00..81003.12 rows=3229207 width=0) (actual time=0.042..1519.205 rows=3215880 loops=1)
  Filter: (keyword_id < 13440)
  Rows Removed by Filter: 1308050
Planning time: 0.296 ms
Execution time: 1933.516 ms
