Hash Join  (cost=96071.96..146404.70 rows=736726 width=0) (actual time=2360.899..3811.124 rows=411051 loops=1)
  Hash Cond: (mi_idx.movie_id = t.id)
  ->  Seq Scan on movie_info_idx mi_idx  (cost=0.00..21735.35 rows=1380035 width=4) (actual time=0.018..471.036 rows=1380035 loops=1)
  ->  Hash  (cost=73925.90..73925.90 rows=1349844 width=4) (actual time=2359.734..2359.734 rows=1425014 loops=1)
        Buckets: 131072  Batches: 32  Memory Usage: 2591kB
        ->  Seq Scan on title t  (cost=0.00..73925.90 rows=1349844 width=4) (actual time=0.014..1710.989 rows=1425014 loops=1)
              Filter: ((production_year > 1960) AND (kind_id = 7))
              Rows Removed by Filter: 1103298
Planning time: 0.503 ms
Execution time: 3862.497 ms
