Seq Scan on cast_info ci  (cost=0.00..796071.18 rows=30489 width=0) (actual time=3432.741..11587.983 rows=183631 loops=1)
  Filter: ((person_id > 3471844) AND (role_id > 10))
  Rows Removed by Filter: 36060713
Planning time: 0.326 ms
Execution time: 11610.460 ms
