Hash Join  (cost=263115.61..434702.28 rows=3402367 width=0) (actual time=6809.886..17765.891 rows=25449317 loops=1)
  Hash Cond: (mk.movie_id = t.id)
  ->  Seq Scan on movie_keyword mk  (cost=0.00..81003.12 rows=3297260 width=4) (actual time=0.014..1746.935 rows=3287257 loops=1)
        Filter: (keyword_id < 14635)
        Rows Removed by Filter: 1236673
  ->  Hash  (cost=220309.49..220309.49 rows=2609129 width=8) (actual time=6808.608..6808.608 rows=2609129 loops=1)
        Buckets: 131072  Batches: 64  Memory Usage: 2691kB
        ->  Hash Join  (cost=102767.86..220309.49 rows=2609129 width=8) (actual time=1932.438..6073.246 rows=2609129 loops=1)
              Hash Cond: (mc.movie_id = t.id)
              ->  Seq Scan on movie_companies mc  (cost=0.00..44881.29 rows=2609129 width=4) (actual time=0.016..976.411 rows=2609129 loops=1)
              ->  Hash  (cost=61283.27..61283.27 rows=2528527 width=4) (actual time=1931.141..1931.141 rows=2528312 loops=1)
                    Buckets: 131072  Batches: 64  Memory Usage: 2415kB
                    ->  Seq Scan on title t  (cost=0.00..61283.27 rows=2528527 width=4) (actual time=0.010..1101.374 rows=2528312 loops=1)
Planning time: 1.094 ms
Execution time: 20636.277 ms
