Seq Scan on movie_keyword mk  (cost=0.00..81003.12 rows=246 width=0) (actual time=0.086..1256.902 rows=79 loops=1)
  Filter: (keyword_id = 268)
  Rows Removed by Filter: 4523851
Planning time: 0.376 ms
Execution time: 1257.133 ms
