Hash Join  (cost=102767.86..266145.32 rows=3012821 width=0) (actual time=2020.163..6221.221 rows=2993316 loops=1)
  Hash Cond: (mk.movie_id = t.id)
  ->  Seq Scan on movie_keyword mk  (cost=0.00..81003.12 rows=3012821 width=4) (actual time=0.023..1660.677 rows=2993316 loops=1)
        Filter: (keyword_id < 10468)
        Rows Removed by Filter: 1530614
  ->  Hash  (cost=61283.27..61283.27 rows=2528527 width=4) (actual time=2019.290..2019.290 rows=2528312 loops=1)
        Buckets: 131072  Batches: 64  Memory Usage: 2425kB
        ->  Seq Scan on title t  (cost=0.00..61283.27 rows=2528527 width=4) (actual time=0.023..1149.956 rows=2528312 loops=1)
Planning time: 2.119 ms
Execution time: 6571.144 ms
