Hash Join  (cost=1051213.77..1928347.58 rows=30330627 width=0) (actual time=23614.657..44624.021 rows=22699299 loops=1)
  Hash Cond: (mi.movie_id = t.id)
  ->  Seq Scan on movie_info mi  (cost=0.00..309384.22 rows=14739122 width=4) (actual time=0.017..6350.092 rows=14835720 loops=1)
  ->  Hash  (cost=965846.74..965846.74 rows=5203282 width=8) (actual time=23611.516..23611.516 rows=5045994 loops=1)
        Buckets: 131072  Batches: 128  Memory Usage: 2505kB
        ->  Hash Join  (cost=92883.59..965846.74 rows=5203282 width=8) (actual time=5624.201..22138.069 rows=5045994 loops=1)
              Hash Cond: (ci.movie_id = t.id)
              ->  Seq Scan on cast_info ci  (cost=0.00..705507.15 rows=8538837 width=4) (actual time=3526.387..13021.643 rows=8527584 loops=1)
                    Filter: (person_id > 2833941)
                    Rows Removed by Filter: 27716760
              ->  Hash  (cost=67604.59..67604.59 rows=1540800 width=4) (actual time=2096.568..2096.568 rows=1543264 loops=1)
                    Buckets: 131072  Batches: 32  Memory Usage: 2722kB
                    ->  Seq Scan on title t  (cost=0.00..67604.59 rows=1540800 width=4) (actual time=108.557..1313.433 rows=1543264 loops=1)
                          Filter: (kind_id = 7)
                          Rows Removed by Filter: 985048
Planning time: 3.469 ms
Execution time: 47208.076 ms
