Seq Scan on movie_companies mc  (cost=0.00..51404.11 rows=104 width=0) (actual time=327.805..860.900 rows=589 loops=1)
  Filter: (company_id = 77353)
  Rows Removed by Filter: 2608540
Planning time: 13.183 ms
Execution time: 861.045 ms
