Seq Scan on movie_keyword mk  (cost=0.00..81003.12 rows=4295046 width=0) (actual time=0.015..1554.465 rows=4281524 loops=1)
  Filter: (keyword_id > 196)
  Rows Removed by Filter: 242406
Planning time: 0.307 ms
Execution time: 2083.178 ms
