Hash Join  (cost=74260.10..161396.49 rows=47835 width=0) (actual time=1165.096..2963.997 rows=34272 loops=1)
  Hash Cond: (mk.movie_id = t.id)
  ->  Seq Scan on movie_keyword mk  (cost=0.00..69693.30 rows=4523930 width=4) (actual time=0.023..879.671 rows=4523930 loops=1)
  ->  Hash  (cost=73925.90..73925.90 rows=26736 width=4) (actual time=1163.995..1163.995 rows=30647 loops=1)
        Buckets: 32768  Batches: 1  Memory Usage: 1334kB
        ->  Seq Scan on title t  (cost=0.00..73925.90 rows=26736 width=4) (actual time=0.095..1150.549 rows=30647 loops=1)
              Filter: ((kind_id > 1) AND (production_year = 1996))
              Rows Removed by Filter: 2497665
Planning time: 1.150 ms
Execution time: 2968.852 ms
