Hash Join  (cost=901986.34..1518129.31 rows=11050714 width=0) (actual time=20057.513..38737.273 rows=14518876 loops=1)
  Hash Cond: (mi.movie_id = t.id)
  ->  Seq Scan on movie_info mi  (cost=0.00..309384.22 rows=14739122 width=4) (actual time=0.019..5666.184 rows=14835720 loops=1)
  ->  Hash  (cost=870883.18..870883.18 rows=1895773 width=8) (actual time=19572.701..19572.701 rows=2603834 loops=1)
        Buckets: 131072 (originally 131072)  Batches: 64 (originally 32)  Memory Usage: 3073kB
        ->  Hash Join  (cost=92128.39..870883.18 rows=1895773 width=8) (actual time=2063.651..18447.936 rows=2603834 loops=1)
              Hash Cond: (ci.movie_id = t.id)
              ->  Seq Scan on cast_info ci  (cost=0.00..705507.15 rows=4320508 width=4) (actual time=415.957..13166.792 rows=4323018 loops=1)
                    Filter: (role_id = 10)
                    Rows Removed by Filter: 31921326
              ->  Hash  (cost=73925.90..73925.90 rows=1109479 width=4) (actual time=1646.536..1646.536 rows=1201090 loops=1)
                    Buckets: 131072  Batches: 16  Memory Usage: 3674kB
                    ->  Seq Scan on title t  (cost=0.00..73925.90 rows=1109479 width=4) (actual time=22.307..1273.018 rows=1201090 loops=1)
                          Filter: ((production_year > 1987) AND (kind_id = 7))
                          Rows Removed by Filter: 1327222
Planning time: 1.213 ms
Execution time: 40361.209 ms
