Hash Join  (cost=58358.92..423017.30 rows=245 width=0) (actual time=1216.440..8076.800 rows=4370 loops=1)
  Hash Cond: (mi.movie_id = t.id)
  ->  Seq Scan on movie_info mi  (cost=0.00..309384.22 rows=14739122 width=4) (actual time=0.019..4420.633 rows=14835720 loops=1)
  ->  Hash  (cost=58358.39..58358.39 rows=42 width=8) (actual time=984.732..984.732 rows=68 loops=1)
        Buckets: 1024  Batches: 1  Memory Usage: 11kB
        ->  Nested Loop  (cost=0.43..58358.39 rows=42 width=8) (actual time=247.808..984.659 rows=68 loops=1)
              ->  Seq Scan on movie_companies mc  (cost=0.00..57926.93 rows=51 width=4) (actual time=247.740..981.776 rows=76 loops=1)
                    Filter: ((company_type_id < 2) AND (company_id = 12472))
                    Rows Removed by Filter: 2609053
              ->  Index Scan using title_pkey on title t  (cost=0.43..8.45 rows=1 width=4) (actual time=0.034..0.035 rows=1 loops=76)
                    Index Cond: (id = mc.movie_id)
                    Filter: (production_year < 2011)
                    Rows Removed by Filter: 0
Planning time: 1.179 ms
Execution time: 8077.969 ms
