Hash Join  (cost=126193.51..1026376.86 rows=525801 width=0) (actual time=3508.239..25924.560 rows=2319792 loops=1)
  Hash Cond: (ci.movie_id = t.id)
  ->  Seq Scan on cast_info ci  (cost=0.00..796071.18 rows=8496576 width=4) (actual time=0.015..15434.723 rows=11350401 loops=1)
        Filter: ((person_id > 1690027) AND (role_id > 2))
        Rows Removed by Filter: 24893943
  ->  Hash  (cost=123625.57..123625.57 rows=156475 width=8) (actual time=3507.334..3507.334 rows=279148 loops=1)
        Buckets: 131072  Batches: 4  Memory Usage: 3753kB
        ->  Hash Join  (cost=88220.42..123625.57 rows=156475 width=8) (actual time=1584.886..3417.630 rows=279148 loops=1)
              Hash Cond: (mi_idx.movie_id = t.id)
              ->  Seq Scan on movie_info_idx mi_idx  (cost=0.00..25185.44 rows=454124 width=4) (actual time=0.012..505.351 rows=459925 loops=1)
                    Filter: (info_type_id = 100)
                    Rows Removed by Filter: 920110
              ->  Hash  (cost=73925.90..73925.90 rows=871241 width=4) (actual time=1583.887..1583.887 rows=786640 loops=1)
                    Buckets: 131072  Batches: 16  Memory Usage: 2754kB
                    ->  Seq Scan on title t  (cost=0.00..73925.90 rows=871241 width=4) (actual time=0.014..1334.716 rows=786640 loops=1)
                          Filter: ((kind_id < 7) AND (production_year > 1958))
                          Rows Removed by Filter: 1741672
Planning time: 0.990 ms
Execution time: 26208.325 ms
