Hash Join  (cost=190230.21..1020801.41 rows=3837456 width=0) (actual time=4380.368..23099.042 rows=8186785 loops=1)
  Hash Cond: (ci.movie_id = t.id)
  ->  Seq Scan on cast_info ci  (cost=0.00..705507.15 rows=7031062 width=4) (actual time=2.217..12538.204 rows=6969360 loops=1)
        Filter: (person_id < 673546)
        Rows Removed by Filter: 29274984
  ->  Hash  (cost=167588.78..167588.78 rows=1380035 width=8) (actual time=4266.713..4266.713 rows=1380035 loops=1)
        Buckets: 131072  Batches: 32  Memory Usage: 2708kB
        ->  Hash Join  (cost=102767.86..167588.78 rows=1380035 width=8) (actual time=1977.380..3882.652 rows=1380035 loops=1)
              Hash Cond: (mi_idx.movie_id = t.id)
              ->  Seq Scan on movie_info_idx mi_idx  (cost=0.00..21735.35 rows=1380035 width=4) (actual time=0.016..455.660 rows=1380035 loops=1)
              ->  Hash  (cost=61283.27..61283.27 rows=2528527 width=4) (actual time=1976.240..1976.240 rows=2528312 loops=1)
                    Buckets: 131072  Batches: 64  Memory Usage: 2415kB
                    ->  Seq Scan on title t  (cost=0.00..61283.27 rows=2528527 width=4) (actual time=0.018..1133.217 rows=2528312 loops=1)
Planning time: 1.149 ms
Execution time: 24013.776 ms
