Nested Loop  (cost=0.43..84385.58 rows=4436 width=0) (actual time=130.022..928.315 rows=5067 loops=1)
  ->  Seq Scan on movie_companies mc  (cost=0.00..51404.11 rows=4436 width=4) (actual time=129.939..791.146 rows=5067 loops=1)
        Filter: (company_id = 11146)
        Rows Removed by Filter: 2604062
  ->  Index Only Scan using title_pkey on title t  (cost=0.43..7.42 rows=1 width=4) (actual time=0.026..0.026 rows=1 loops=5067)
        Index Cond: (id = mc.movie_id)
        Heap Fetches: 5067
Planning time: 0.746 ms
Execution time: 929.586 ms
