Seq Scan on movie_companies mc  (cost=0.00..51404.11 rows=128490 width=0) (actual time=480.364..843.818 rows=127760 loops=1)
  Filter: (company_id > 142377)
  Rows Removed by Filter: 2481369
Planning time: 0.291 ms
Execution time: 859.806 ms
