Hash Join  (cost=69283.60..193516.32 rows=183068 width=0) (actual time=1357.952..3890.864 rows=250907 loops=1)
  Hash Cond: (mk.movie_id = t.id)
  ->  Seq Scan on movie_keyword mk  (cost=0.00..69693.30 rows=4523930 width=4) (actual time=0.020..1336.766 rows=4523930 loops=1)
  ->  Hash  (cost=67604.59..67604.59 rows=102321 width=4) (actual time=1144.854..1144.854 rows=100537 loops=1)
        Buckets: 131072  Batches: 2  Memory Usage: 2803kB
        ->  Seq Scan on title t  (cost=0.00..67604.59 rows=102321 width=4) (actual time=418.363..1106.076 rows=100537 loops=1)
              Filter: (kind_id = 3)
              Rows Removed by Filter: 2427775
Planning time: 0.703 ms
Execution time: 3925.293 ms
