Hash Join  (cost=88195.18..895654.68 rows=2259549 width=0) (actual time=4809.157..46117.141 rows=2490034 loops=1)
  Hash Cond: (ci.movie_id = t.id)
  ->  Seq Scan on cast_info ci  (cost=0.00..705507.15 rows=6569297 width=4) (actual time=0.082..35124.353 rows=6652126 loops=1)
        Filter: (person_id > 2993958)
        Rows Removed by Filter: 29592218
  ->  Hash  (cost=73925.90..73925.90 rows=869702 width=4) (actual time=4808.111..4808.111 rows=896788 loops=1)
        Buckets: 131072  Batches: 16  Memory Usage: 2998kB
        ->  Seq Scan on title t  (cost=0.00..73925.90 rows=869702 width=4) (actual time=0.010..3699.607 rows=896788 loops=1)
              Filter: ((kind_id < 7) AND (production_year < 2012))
              Rows Removed by Filter: 1631524
Planning time: 0.765 ms
Execution time: 46501.834 ms
