Hash Join  (cost=52284.99..803089.06 rows=1490 width=0) (actual time=820.610..16900.096 rows=26986 loops=1)
  Hash Cond: (ci.movie_id = t.id)
  ->  Seq Scan on cast_info ci  (cost=0.00..614943.12 rows=36225612 width=4) (actual time=0.012..8822.097 rows=36244344 loops=1)
  ->  Hash  (cost=52283.69..52283.69 rows=104 width=8) (actual time=819.379..819.379 rows=577 loops=1)
        Buckets: 1024  Batches: 1  Memory Usage: 31kB
        ->  Nested Loop  (cost=0.43..52283.69 rows=104 width=8) (actual time=5.496..818.990 rows=577 loops=1)
              ->  Seq Scan on movie_companies mc  (cost=0.00..51404.11 rows=104 width=4) (actual time=5.427..795.634 rows=577 loops=1)
                    Filter: (company_id = 468)
                    Rows Removed by Filter: 2608552
              ->  Index Only Scan using title_pkey on title t  (cost=0.43..8.45 rows=1 width=4) (actual time=0.039..0.039 rows=1 loops=577)
                    Index Cond: (id = mc.movie_id)
                    Heap Fetches: 577
Planning time: 1.173 ms
Execution time: 16905.744 ms
