Hash Join  (cost=236832.69..665706.88 rows=2098180 width=0) (actual time=6614.108..14719.714 rows=5315982 loops=1)
  Hash Cond: (mi.movie_id = t.id)
  ->  Seq Scan on movie_info mi  (cost=0.00..346232.03 rows=4972096 width=4) (actual time=1559.242..5761.758 rows=4923966 loops=1)
        Filter: (info_type_id < 5)
        Rows Removed by Filter: 9911754
  ->  Hash  (cost=219325.99..219325.99 rows=1067016 width=8) (actual time=5054.000..5054.000 rows=1075945 loops=1)
        Buckets: 131072  Batches: 16  Memory Usage: 3756kB
        ->  Hash Join  (cost=102767.86..219325.99 rows=1067016 width=8) (actual time=2025.813..4717.405 rows=1075945 loops=1)
              Hash Cond: (mk.movie_id = t.id)
              ->  Seq Scan on movie_keyword mk  (cost=0.00..81003.12 rows=1067016 width=4) (actual time=0.026..1429.651 rows=1075945 loops=1)
                    Filter: (keyword_id < 1079)
                    Rows Removed by Filter: 3447985
              ->  Hash  (cost=61283.27..61283.27 rows=2528527 width=4) (actual time=2024.667..2024.667 rows=2528312 loops=1)
                    Buckets: 131072  Batches: 64  Memory Usage: 2425kB
                    ->  Seq Scan on title t  (cost=0.00..61283.27 rows=2528527 width=4) (actual time=0.018..1127.402 rows=2528312 loops=1)
Planning time: 1.105 ms
Execution time: 15336.258 ms
