Seq Scan on movie_companies mc  (cost=0.00..51404.11 rows=104 width=0) (actual time=303.824..763.293 rows=1906 loops=1)
  Filter: (company_id = 1347)
  Rows Removed by Filter: 2607223
Planning time: 0.341 ms
Execution time: 763.799 ms
