Hash Join  (cost=210011.00..562304.13 rows=54433 width=0) (actual time=7231.647..10126.990 rows=366608 loops=1)
  Hash Cond: (mi.movie_id = t.id)
  ->  Seq Scan on movie_info mi  (cost=0.00..346232.03 rows=340474 width=4) (actual time=2998.986..5614.023 rows=328857 loops=1)
        Filter: (info_type_id = 98)
        Rows Removed by Filter: 14506863
  ->  Hash  (cost=203377.95..203377.95 rows=404244 width=8) (actual time=4200.795..4200.795 rows=399278 loops=1)
        Buckets: 131072  Batches: 8  Memory Usage: 3045kB
        ->  Hash Join  (cost=102767.86..203377.95 rows=404244 width=8) (actual time=2054.467..4078.555 rows=399278 loops=1)
              Hash Cond: (mk.movie_id = t.id)
              ->  Seq Scan on movie_keyword mk  (cost=0.00..81003.12 rows=404244 width=4) (actual time=0.034..1301.900 rows=399278 loops=1)
                    Filter: (keyword_id > 43419)
                    Rows Removed by Filter: 4124652
              ->  Hash  (cost=61283.27..61283.27 rows=2528527 width=4) (actual time=2052.334..2052.334 rows=2528312 loops=1)
                    Buckets: 131072  Batches: 64  Memory Usage: 2425kB
                    ->  Seq Scan on title t  (cost=0.00..61283.27 rows=2528527 width=4) (actual time=0.019..1177.450 rows=2528312 loops=1)
Planning time: 1.138 ms
Execution time: 10171.807 ms
