Hash Join  (cost=662132.81..1863276.67 rows=21423934 width=0) (actual time=20139.014..76268.137 rows=146451365 loops=1)
  Hash Cond: (ci.movie_id = t.id)
  ->  Seq Scan on cast_info ci  (cost=0.00..705507.15 rows=16201301 width=4) (actual time=2003.164..14517.777 rows=16121683 loops=1)
        Filter: (role_id > 2)
        Rows Removed by Filter: 20122661
  ->  Hash  (cost=607275.56..607275.56 rows=3343620 width=8) (actual time=18132.860..18132.860 rows=7232899 loops=1)
        Buckets: 131072 (originally 131072)  Batches: 128 (originally 64)  Memory Usage: 3242kB
        ->  Hash Join  (cost=78556.72..607275.56 rows=3343620 width=8) (actual time=1142.953..16172.546 rows=7232899 loops=1)
              Hash Cond: (mi.movie_id = t.id)
              ->  Seq Scan on movie_info mi  (cost=0.00..346232.03 rows=12665229 width=4) (actual time=0.050..7100.290 rows=12744652 loops=1)
                    Filter: (info_type_id > 2)
                    Rows Removed by Filter: 2091068
              ->  Hash  (cost=67604.59..67604.59 rows=667531 width=4) (actual time=1141.652..1141.652 rows=662825 loops=1)
                    Buckets: 131072  Batches: 16  Memory Usage: 2485kB
                    ->  Seq Scan on title t  (cost=0.00..67604.59 rows=667531 width=4) (actual time=205.784..941.107 rows=662825 loops=1)
                          Filter: (kind_id = 1)
                          Rows Removed by Filter: 1865487
Planning time: 1.109 ms
Execution time: 92274.993 ms
