Hash Join  (cost=190986.29..1217054.29 rows=4687453 width=0) (actual time=4104.680..34725.169 rows=13824944 loops=1)
  Hash Cond: (ci.movie_id = t.id)
  ->  Seq Scan on cast_info ci  (cost=0.00..705507.15 rows=23499554 width=4) (actual time=0.017..15600.884 rows=23573656 loops=1)
        Filter: (role_id > 1)
        Rows Removed by Filter: 12670688
  ->  Hash  (cost=182710.72..182710.72 rows=504365 width=8) (actual time=4103.885..4103.885 rows=818297 loops=1)
        Buckets: 131072 (originally 131072)  Batches: 16 (originally 8)  Memory Usage: 3073kB
        ->  Hash Join  (cost=102767.86..182710.72 rows=504365 width=8) (actual time=1903.571..3902.021 rows=818297 loops=1)
              Hash Cond: (mc.movie_id = t.id)
              ->  Seq Scan on movie_companies mc  (cost=0.00..57926.93 rows=504365 width=4) (actual time=0.038..1054.590 rows=818297 loops=1)
                    Filter: ((company_id > 16708) AND (company_type_id > 1))
                    Rows Removed by Filter: 1790832
              ->  Hash  (cost=61283.27..61283.27 rows=2528527 width=4) (actual time=1901.885..1901.885 rows=2528312 loops=1)
                    Buckets: 131072  Batches: 64  Memory Usage: 2415kB
                    ->  Seq Scan on title t  (cost=0.00..61283.27 rows=2528527 width=4) (actual time=0.019..1077.433 rows=2528312 loops=1)
Planning time: 1.265 ms
Execution time: 36266.603 ms
