Seq Scan on cast_info ci  (cost=0.00..705507.15 rows=13547131 width=0) (actual time=258.543..11291.234 rows=13501115 loops=1)
  Filter: (person_id < 1330953)
  Rows Removed by Filter: 22743229
Planning time: 0.329 ms
Execution time: 12943.275 ms
