Seq Scan on movie_keyword mk  (cost=0.00..81003.12 rows=934812 width=0) (actual time=0.019..4290.277 rows=942230 loops=1)
  Filter: (keyword_id > 20124)
  Rows Removed by Filter: 3581700
Planning time: 0.387 ms
Execution time: 4445.417 ms
