Hash Join  (cost=156860.45..984251.24 rows=24095 width=0) (actual time=1629.774..19049.225 rows=6320 loops=1)
  Hash Cond: (ci.movie_id = t.id)
  ->  Seq Scan on cast_info ci  (cost=0.00..796071.18 rows=8287644 width=4) (actual time=0.024..15654.602 rows=12670688 loops=1)
        Filter: ((person_id < 2405444) AND (role_id = 1))
        Rows Removed by Filter: 23573656
  ->  Hash  (cost=156768.57..156768.57 rows=7351 width=8) (actual time=1629.194..1629.194 rows=650 loops=1)
        Buckets: 8192  Batches: 1  Memory Usage: 90kB
        ->  Nested Loop  (cost=0.43..156768.57 rows=7351 width=8) (actual time=395.299..1628.835 rows=650 loops=1)
              ->  Seq Scan on movie_keyword mk  (cost=0.00..81003.12 rows=12064 width=4) (actual time=0.045..1281.881 rows=13753 loops=1)
                    Filter: (keyword_id = 121)
                    Rows Removed by Filter: 4510177
              ->  Index Scan using title_pkey on title t  (cost=0.43..6.27 rows=1 width=4) (actual time=0.025..0.025 rows=0 loops=13753)
                    Index Cond: (id = mk.movie_id)
                    Filter: (kind_id = 7)
                    Rows Removed by Filter: 1
Planning time: 1.203 ms
Execution time: 19051.209 ms
