Seq Scan on movie_keyword mk  (cost=0.00..81003.12 rows=246 width=0) (actual time=0.343..1201.613 rows=253 loops=1)
  Filter: (keyword_id = 1852)
  Rows Removed by Filter: 4523677
Planning time: 0.351 ms
Execution time: 1201.826 ms
