Seq Scan on cast_info ci  (cost=0.00..705507.15 rows=35957774 width=0) (actual time=0.022..13797.897 rows=36018922 loops=1)
  Filter: (person_id > 26339)
  Rows Removed by Filter: 225422
Planning time: 0.297 ms
Execution time: 18286.693 ms
