Hash Join  (cost=796926.65..851593.21 rows=104 width=0) (actual time=10184.351..11427.933 rows=141 loops=1)
  Hash Cond: (mc.movie_id = t.id)
  ->  Seq Scan on movie_companies mc  (cost=0.00..44881.29 rows=2609129 width=4) (actual time=0.015..770.841 rows=2609129 loops=1)
  ->  Hash  (cost=796925.39..796925.39 rows=101 width=8) (actual time=10184.080..10184.080 rows=123 loops=1)
        Buckets: 1024  Batches: 1  Memory Usage: 13kB
        ->  Nested Loop  (cost=0.43..796925.39 rows=101 width=8) (actual time=9309.098..10184.032 rows=123 loops=1)
              ->  Seq Scan on cast_info ci  (cost=0.00..796071.18 rows=101 width=4) (actual time=9308.994..10181.749 rows=123 loops=1)
                    Filter: ((person_id = 2418478) AND (role_id = 2))
                    Rows Removed by Filter: 36244221
              ->  Index Only Scan using title_pkey on title t  (cost=0.43..8.45 rows=1 width=4) (actual time=0.017..0.017 rows=1 loops=123)
                    Index Cond: (id = ci.movie_id)
                    Heap Fetches: 123
Planning time: 0.956 ms
Execution time: 11428.073 ms
