Hash Join  (cost=211965.60..1251467.10 rows=5976601 width=0) (actual time=4799.709..31514.425 rows=4155981 loops=1)
  Hash Cond: (ci.movie_id = t.id)
  ->  Seq Scan on cast_info ci  (cost=0.00..705507.15 rows=23499554 width=4) (actual time=662.981..15711.814 rows=23573656 loops=1)
        Filter: (role_id > 1)
        Rows Removed by Filter: 12670688
  ->  Hash  (cost=201414.15..201414.15 rows=643076 width=8) (actual time=4135.861..4135.861 rows=252753 loops=1)
        Buckets: 131072  Batches: 16  Memory Usage: 1641kB
        ->  Hash Join  (cost=94973.51..201414.15 rows=643076 width=8) (actual time=1817.196..4058.979 rows=252753 loops=1)
              Hash Cond: (mk.movie_id = t.id)
              ->  Seq Scan on movie_keyword mk  (cost=0.00..81003.12 rows=974751 width=4) (actual time=0.031..1424.166 rows=979999 loops=1)
                    Filter: (keyword_id < 918)
                    Rows Removed by Filter: 3543931
              ->  Hash  (cost=67604.59..67604.59 rows=1668154 width=4) (actual time=1815.523..1815.523 rows=1674098 loops=1)
                    Buckets: 131072  Batches: 32  Memory Usage: 2875kB
                    ->  Seq Scan on title t  (cost=0.00..67604.59 rows=1668154 width=4) (actual time=0.022..1253.498 rows=1674098 loops=1)
                          Filter: (kind_id > 3)
                          Rows Removed by Filter: 854214
Planning time: 1.256 ms
Execution time: 31978.980 ms
