Hash Join  (cost=116611.47..604761.89 rows=781946 width=0) (actual time=2521.293..15832.276 rows=2674088 loops=1)
  Hash Cond: (mi.movie_id = t.id)
  ->  Seq Scan on movie_info mi  (cost=0.00..309384.22 rows=14739122 width=4) (actual time=0.015..6204.944 rows=14835720 loops=1)
  ->  Hash  (cost=114409.65..114409.65 rows=134145 width=8) (actual time=2520.432..2520.432 rows=162084 loops=1)
        Buckets: 131072 (originally 131072)  Batches: 4 (originally 2)  Memory Usage: 3073kB
        ->  Hash Join  (cost=79677.10..114409.65 rows=134145 width=8) (actual time=1525.190..2456.930 rows=162084 loops=1)
              Hash Cond: (mi_idx.movie_id = t.id)
              ->  Seq Scan on movie_info_idx mi_idx  (cost=0.00..25185.44 rows=460978 width=4) (actual time=0.021..494.279 rows=459925 loops=1)
                    Filter: (info_type_id = 99)
                    Rows Removed by Filter: 920110
              ->  Hash  (cost=67604.59..67604.59 rows=735801 width=4) (actual time=1524.396..1524.396 rows=730985 loops=1)
                    Buckets: 131072  Batches: 16  Memory Usage: 2631kB
                    ->  Seq Scan on title t  (cost=0.00..67604.59 rows=735801 width=4) (actual time=0.020..1285.518 rows=730985 loops=1)
                          Filter: (production_year < 1992)
                          Rows Removed by Filter: 1797327
Planning time: 1.129 ms
Execution time: 16156.208 ms
