Hash Join  (cost=198324.57..338363.30 rows=1251653 width=0) (actual time=4662.985..9562.168 rows=5452069 loops=1)
  Hash Cond: (mk.movie_id = t.id)
  ->  Seq Scan on movie_keyword mk  (cost=0.00..81003.12 rows=3737087 width=4) (actual time=0.019..1848.645 rows=3733700 loops=1)
        Filter: (keyword_id > 750)
        Rows Removed by Filter: 790230
  ->  Hash  (cost=184429.66..184429.66 rows=846873 width=8) (actual time=4662.051..4662.051 rows=855478 loops=1)
        Buckets: 131072  Batches: 16  Memory Usage: 3141kB
        ->  Hash Join  (cost=102767.86..184429.66 rows=846873 width=8) (actual time=2431.258..4434.621 rows=855478 loops=1)
              Hash Cond: (mc.movie_id = t.id)
              ->  Seq Scan on movie_companies mc  (cost=0.00..51404.11 rows=846873 width=4) (actual time=0.025..1008.639 rows=855478 loops=1)
                    Filter: (company_id > 24675)
                    Rows Removed by Filter: 1753651
              ->  Hash  (cost=61283.27..61283.27 rows=2528527 width=4) (actual time=2429.707..2429.707 rows=2528312 loops=1)
                    Buckets: 131072  Batches: 64  Memory Usage: 2415kB
                    ->  Seq Scan on title t  (cost=0.00..61283.27 rows=2528527 width=4) (actual time=0.024..1241.360 rows=2528312 loops=1)
Planning time: 2.150 ms
Execution time: 10213.125 ms
