Seq Scan on cast_info ci  (cost=0.00..796071.18 rows=7097232 width=0) (actual time=0.021..14139.641 rows=10882824 loops=1)
  Filter: ((person_id > 2035413) AND (role_id > 2))
  Rows Removed by Filter: 25361520
Planning time: 0.359 ms
Execution time: 15478.984 ms
