Hash Join  (cost=75458.68..171619.91 rows=45805 width=0) (actual time=1235.649..3153.812 rows=25669 loops=1)
  Hash Cond: (mk.movie_id = t.id)
  ->  Seq Scan on movie_keyword mk  (cost=0.00..81003.12 rows=1239749 width=4) (actual time=0.021..1490.841 rows=1253357 loops=1)
        Filter: (keyword_id < 1603)
        Rows Removed by Filter: 3270573
  ->  Hash  (cost=73925.90..73925.90 rows=93422 width=4) (actual time=1233.819..1233.819 rows=100754 loops=1)
        Buckets: 131072  Batches: 2  Memory Usage: 2808kB
        ->  Seq Scan on title t  (cost=0.00..73925.90 rows=93422 width=4) (actual time=0.013..1195.005 rows=100754 loops=1)
              Filter: ((kind_id > 1) AND (production_year = 2008))
              Rows Removed by Filter: 2427558
Planning time: 0.730 ms
Execution time: 3157.590 ms
