Hash Join  (cost=128478.61..213548.82 rows=357246 width=0) (actual time=3377.371..5870.933 rows=2166726 loops=1)
  Hash Cond: (mc.movie_id = t.id)
  ->  Seq Scan on movie_companies mc  (cost=0.00..51404.11 rows=2479369 width=4) (actual time=0.020..1127.889 rows=2480195 loops=1)
        Filter: (company_id < 141760)
        Rows Removed by Filter: 128934
  ->  Hash  (cost=122500.50..122500.50 rows=364329 width=8) (actual time=3062.445..3062.445 rows=629900 loops=1)
        Buckets: 131072 (originally 131072)  Batches: 16 (originally 8)  Memory Usage: 3073kB
        ->  Hash Join  (cost=78556.72..122500.50 rows=364329 width=8) (actual time=1632.906..2869.096 rows=629900 loops=1)
              Hash Cond: (mi_idx.movie_id = t.id)
              ->  Seq Scan on movie_info_idx mi_idx  (cost=0.00..21735.35 rows=1380035 width=4) (actual time=0.021..493.459 rows=1380035 loops=1)
              ->  Hash  (cost=67604.59..67604.59 rows=667531 width=4) (actual time=1206.132..1206.132 rows=662825 loops=1)
                    Buckets: 131072  Batches: 16  Memory Usage: 2476kB
                    ->  Seq Scan on title t  (cost=0.00..67604.59 rows=667531 width=4) (actual time=324.840..1002.542 rows=662825 loops=1)
                          Filter: (kind_id = 1)
                          Rows Removed by Filter: 1865487
Planning time: 1.237 ms
Execution time: 6108.423 ms
