Seq Scan on movie_keyword mk  (cost=0.00..81003.12 rows=1659710 width=0) (actual time=0.018..1378.439 rows=1672849 loops=1)
  Filter: (keyword_id < 2563)
  Rows Removed by Filter: 2851081
Planning time: 0.250 ms
Execution time: 1574.998 ms
