Hash Join  (cost=102767.86..176032.83 rows=226833 width=0) (actual time=5930.099..9343.104 rows=108415 loops=1)
  Hash Cond: (mc.movie_id = t.id)
  ->  Seq Scan on movie_companies mc  (cost=0.00..57926.93 rows=226833 width=4) (actual time=0.561..2543.554 rows=108415 loops=1)
        Filter: ((company_id < 341) AND (company_type_id > 1))
        Rows Removed by Filter: 2500714
  ->  Hash  (cost=61283.27..61283.27 rows=2528527 width=4) (actual time=5927.034..5927.034 rows=2528312 loops=1)
        Buckets: 131072  Batches: 64  Memory Usage: 2415kB
        ->  Seq Scan on title t  (cost=0.00..61283.27 rows=2528527 width=4) (actual time=0.015..4572.585 rows=2528312 loops=1)
Planning time: 0.847 ms
Execution time: 9357.454 ms
