Hash Join  (cost=74223.04..828417.83 rows=340562 width=0) (actual time=1067.957..19330.245 rows=363459 loops=1)
  Hash Cond: (ci.movie_id = t.id)
  ->  Seq Scan on cast_info ci  (cost=0.00..614943.12 rows=36225612 width=4) (actual time=0.024..8831.159 rows=36244344 loops=1)
  ->  Hash  (cost=73925.90..73925.90 rows=23771 width=4) (actual time=1067.698..1067.698 rows=20633 loops=1)
        Buckets: 32768  Batches: 1  Memory Usage: 982kB
        ->  Seq Scan on title t  (cost=0.00..73925.90 rows=23771 width=4) (actual time=0.027..1058.940 rows=20633 loops=1)
              Filter: ((kind_id < 7) AND (production_year = 2002))
              Rows Removed by Filter: 2507679
Planning time: 0.769 ms
Execution time: 19395.718 ms
