Hash Join  (cost=203060.13..1049513.17 rows=832787 width=0) (actual time=8510.422..26951.058 rows=17116144 loops=1)
  Hash Cond: (ci.movie_id = t.id)
  ->  Seq Scan on cast_info ci  (cost=0.00..796071.18 rows=3429598 width=4) (actual time=3870.213..15621.348 rows=4033654 loops=1)
        Filter: ((person_id > 715979) AND (role_id = 10))
        Rows Removed by Filter: 32210690
  ->  Hash  (cost=192986.30..192986.30 rows=613986 width=8) (actual time=4638.824..4638.824 rows=1339961 loops=1)
        Buckets: 131072 (originally 131072)  Batches: 32 (originally 16)  Memory Usage: 3073kB
        ->  Hash Join  (cost=83810.17..192986.30 rows=613986 width=8) (actual time=1547.786..4273.102 rows=1339961 loops=1)
              Hash Cond: (mk.movie_id = t.id)
              ->  Seq Scan on movie_keyword mk  (cost=0.00..81003.12 rows=1571771 width=4) (actual time=0.029..1524.227 rows=1588471 loops=1)
                    Filter: (keyword_id > 9766)
                    Rows Removed by Filter: 2935459
              ->  Hash  (cost=67604.59..67604.59 rows=987727 width=4) (actual time=1546.187..1546.187 rows=985048 loops=1)
                    Buckets: 131072  Batches: 16  Memory Usage: 3197kB
                    ->  Seq Scan on title t  (cost=0.00..67604.59 rows=987727 width=4) (actual time=0.022..1223.710 rows=985048 loops=1)
                          Filter: (kind_id < 7)
                          Rows Removed by Filter: 1543264
Planning time: 1.162 ms
Execution time: 28770.092 ms
