Hash Join  (cost=132218.86..480907.46 rows=1172 width=0) (actual time=1637.136..7222.112 rows=12302 loops=1)
  Hash Cond: (mi.movie_id = t.id)
  ->  Seq Scan on movie_info mi  (cost=0.00..346232.03 rows=651960 width=4) (actual time=157.817..5620.553 rows=660923 loops=1)
        Filter: (info_type_id = 18)
        Rows Removed by Filter: 14174797
  ->  Hash  (cost=132162.07..132162.07 rows=4544 width=8) (actual time=1478.798..1478.798 rows=6127 loops=1)
        Buckets: 8192  Batches: 1  Memory Usage: 304kB
        ->  Nested Loop  (cost=0.43..132162.07 rows=4544 width=8) (actual time=0.262..1474.069 rows=6127 loops=1)
              ->  Seq Scan on movie_keyword mk  (cost=0.00..81003.12 rows=7389 width=4) (actual time=0.038..1228.175 rows=7704 loops=1)
                    Filter: (keyword_id = 797)
                    Rows Removed by Filter: 4516226
              ->  Index Scan using title_pkey on title t  (cost=0.43..6.91 rows=1 width=4) (actual time=0.031..0.031 rows=1 loops=7704)
                    Index Cond: (id = mk.movie_id)
                    Filter: (production_year < 2007)
                    Rows Removed by Filter: 0
Planning time: 1.186 ms
Execution time: 7223.943 ms
