Hash Join  (cost=87636.94..455928.40 rows=417796 width=0) (actual time=6623.796..8593.416 rows=716033 loops=1)
  Hash Cond: (mi.movie_id = t.id)
  ->  Seq Scan on movie_info mi  (cost=0.00..346232.03 rows=1264125 width=4) (actual time=4769.195..5738.231 rows=1288928 loops=1)
        Filter: (info_type_id = 2)
        Rows Removed by Filter: 13546792
  ->  Hash  (cost=73925.90..73925.90 rows=835683 width=4) (actual time=1853.501..1853.501 rows=749869 loops=1)
        Buckets: 131072  Batches: 16  Memory Usage: 2683kB
        ->  Seq Scan on title t  (cost=0.00..73925.90 rows=835683 width=4) (actual time=0.037..1321.506 rows=749869 loops=1)
              Filter: ((kind_id < 7) AND (production_year > 1966))
              Rows Removed by Filter: 1778443
Planning time: 0.832 ms
Execution time: 8679.421 ms
