Hash Join  (cost=365418.15..1615320.39 rows=22649166 width=0) (actual time=18305.148..53619.485 rows=78078221 loops=1)
  Hash Cond: (ci.movie_id = t.id)
  ->  Seq Scan on cast_info ci  (cost=0.00..796071.18 rows=12659132 width=4) (actual time=9698.160..17226.514 rows=12558635 loops=1)
        Filter: ((person_id > 18676) AND (role_id = 1))
        Rows Removed by Filter: 23685709
  ->  Hash  (cost=291197.02..291197.02 rows=4523930 width=8) (actual time=8605.852..8605.852 rows=4523930 loops=1)
        Buckets: 131072  Batches: 64  Memory Usage: 3816kB
        ->  Hash Join  (cost=102767.86..291197.02 rows=4523930 width=8) (actual time=1853.572..7278.111 rows=4523930 loops=1)
              Hash Cond: (mk.movie_id = t.id)
              ->  Seq Scan on movie_keyword mk  (cost=0.00..69693.30 rows=4523930 width=4) (actual time=0.027..1394.833 rows=4523930 loops=1)
              ->  Hash  (cost=61283.27..61283.27 rows=2528527 width=4) (actual time=1851.837..1851.837 rows=2528312 loops=1)
                    Buckets: 131072  Batches: 64  Memory Usage: 2425kB
                    ->  Seq Scan on title t  (cost=0.00..61283.27 rows=2528527 width=4) (actual time=0.017..898.572 rows=2528312 loops=1)
Planning time: 1.115 ms
Execution time: 62311.124 ms
