Hash Join  (cost=210606.36..1346898.67 rows=5568808 width=0) (actual time=4304.777..34941.978 rows=1136273 loops=1)
  Hash Cond: (ci.movie_id = t.id)
  ->  Seq Scan on cast_info ci  (cost=0.00..614943.12 rows=36225612 width=4) (actual time=0.026..13092.776 rows=36244344 loops=1)
  ->  Hash  (cost=204228.61..204228.61 rows=388700 width=8) (actual time=4300.382..4300.382 rows=66037 loops=1)
        Buckets: 131072  Batches: 8  Memory Usage: 1324kB
        ->  Hash Join  (cost=77490.57..204228.61 rows=388700 width=8) (actual time=2662.455..4280.077 rows=66037 loops=1)
              Hash Cond: (mk.movie_id = t.id)
              ->  Seq Scan on movie_keyword mk  (cost=0.00..69693.30 rows=4523930 width=4) (actual time=0.016..1493.131 rows=4523930 loops=1)
              ->  Hash  (cost=73925.90..73925.90 rows=217253 width=4) (actual time=1142.910..1142.910 rows=112299 loops=1)
                    Buckets: 131072  Batches: 4  Memory Usage: 2014kB
                    ->  Seq Scan on title t  (cost=0.00..73925.90 rows=217253 width=4) (actual time=0.016..1103.593 rows=112299 loops=1)
                          Filter: ((production_year < 1969) AND (kind_id = 7))
                          Rows Removed by Filter: 2416013
Planning time: 1.129 ms
Execution time: 35073.355 ms
