Hash Join  (cost=92883.59..1183845.70 rows=9310612 width=0) (actual time=28110.904..70391.990 rows=8222161 loops=1)
  Hash Cond: (ci.movie_id = t.id)
  ->  Seq Scan on cast_info ci  (cost=0.00..796071.18 rows=15279163 width=4) (actual time=23068.065..50391.902 rows=14013204 loops=1)
        Filter: ((person_id < 3650685) AND (role_id > 2))
        Rows Removed by Filter: 22231140
  ->  Hash  (cost=67604.59..67604.59 rows=1540800 width=4) (actual time=5041.549..5041.549 rows=1543264 loops=1)
        Buckets: 131072  Batches: 32  Memory Usage: 2722kB
        ->  Seq Scan on title t  (cost=0.00..67604.59 rows=1540800 width=4) (actual time=0.029..4298.736 rows=1543264 loops=1)
              Filter: (kind_id = 7)
              Rows Removed by Filter: 985048
Planning time: 0.685 ms
Execution time: 71605.851 ms
