Hash Join  (cost=162125.38..933893.87 rows=263103 width=0) (actual time=8899.616..18369.269 rows=316141 loops=1)
  Hash Cond: (ci.movie_id = t.id)
  ->  Seq Scan on cast_info ci  (cost=0.00..705507.15 rows=12726058 width=4) (actual time=6060.748..12843.020 rows=12670688 loops=1)
        Filter: (role_id < 2)
        Rows Removed by Filter: 23573656
  ->  Hash  (cost=161471.93..161471.93 rows=52276 width=8) (actual time=2838.208..2838.208 rows=33422 loops=1)
        Buckets: 65536  Batches: 1  Memory Usage: 1818kB
        ->  Hash Join  (cost=74291.13..161471.93 rows=52276 width=8) (actual time=1089.414..2827.035 rows=33422 loops=1)
              Hash Cond: (mk.movie_id = t.id)
              ->  Seq Scan on movie_keyword mk  (cost=0.00..69693.30 rows=4523930 width=4) (actual time=0.026..908.511 rows=4523930 loops=1)
              ->  Hash  (cost=73925.90..73925.90 rows=29218 width=4) (actual time=1083.726..1083.726 rows=30850 loops=1)
                    Buckets: 32768  Batches: 1  Memory Usage: 1341kB
                    ->  Seq Scan on title t  (cost=0.00..73925.90 rows=29218 width=4) (actual time=0.027..1070.533 rows=30850 loops=1)
                          Filter: ((kind_id > 1) AND (production_year = 1995))
                          Rows Removed by Filter: 2497462
Planning time: 1.141 ms
Execution time: 18411.118 ms
