Hash Join  (cost=74569.12..889117.18 rows=95109 width=0) (actual time=1366.188..16023.052 rows=82152 loops=1)
  Hash Cond: (ci.movie_id = t.id)
  ->  Seq Scan on cast_info ci  (cost=0.00..796071.18 rows=4673546 width=4) (actual time=1.081..13701.873 rows=4809736 loops=1)
        Filter: ((person_id < 2359356) AND (role_id = 2))
        Rows Removed by Filter: 31434608
  ->  Hash  (cost=73925.90..73925.90 rows=51457 width=4) (actual time=1086.805..1086.805 rows=34605 loops=1)
        Buckets: 65536  Batches: 1  Memory Usage: 1729kB
        ->  Seq Scan on title t  (cost=0.00..73925.90 rows=51457 width=4) (actual time=0.032..1073.083 rows=34605 loops=1)
              Filter: ((production_year < 2002) AND (kind_id = 4))
              Rows Removed by Filter: 2493707
Planning time: 0.842 ms
Execution time: 16034.823 ms
