Hash Join  (cost=422304.63..1244295.44 rows=17526 width=0) (actual time=7432.993..20201.488 rows=11146 loops=1)
  Hash Cond: (ci.movie_id = t.id)
  ->  Seq Scan on cast_info ci  (cost=0.00..796071.18 rows=6865167 width=4) (actual time=299.682..12915.241 rows=734715 loops=1)
        Filter: ((person_id > 1637444) AND (role_id = 1))
        Rows Removed by Filter: 35509629
  ->  Hash  (cost=422223.94..422223.94 rows=6455 width=8) (actual time=7132.093..7132.093 rows=13209 loops=1)
        Buckets: 16384 (originally 8192)  Batches: 1 (originally 1)  Memory Usage: 644kB
        ->  Hash Join  (cost=67697.55..422223.94 rows=6455 width=8) (actual time=2796.097..7125.752 rows=13209 loops=1)
              Hash Cond: (mi.movie_id = t.id)
              ->  Seq Scan on movie_info mi  (cost=0.00..346232.03 rows=2194617 width=4) (actual time=1643.265..5560.082 rows=2233850 loops=1)
                    Filter: (info_type_id > 16)
                    Rows Removed by Filter: 12601870
              ->  Hash  (cost=67604.59..67604.59 rows=7437 width=4) (actual time=1112.243..1112.243 rows=14349 loops=1)
                    Buckets: 16384 (originally 8192)  Batches: 1 (originally 1)  Memory Usage: 633kB
                    ->  Seq Scan on title t  (cost=0.00..67604.59 rows=7437 width=4) (actual time=0.075..1105.248 rows=14349 loops=1)
                          Filter: (production_year = 1969)
                          Rows Removed by Filter: 2513963
Planning time: 1.218 ms
Execution time: 20203.378 ms
