Seq Scan on movie_keyword mk  (cost=0.00..81003.12 rows=246 width=0) (actual time=6.128..1367.934 rows=1624 loops=1)
  Filter: (keyword_id = 21304)
  Rows Removed by Filter: 4522306
Planning time: 0.318 ms
Execution time: 1368.308 ms
