Seq Scan on movie_companies mc  (cost=0.00..57926.93 rows=51 width=0) (actual time=31.393..1782.311 rows=2058 loops=1)
  Filter: ((company_id = 741) AND (company_type_id = 1))
  Rows Removed by Filter: 2607071
Planning time: 0.274 ms
Execution time: 1782.685 ms
