Hash Join  (cost=102767.86..1099698.83 rows=7936849 width=0) (actual time=1939.718..25981.809 rows=11115671 loops=1)
  Hash Cond: (ci.movie_id = t.id)
  ->  Seq Scan on cast_info ci  (cost=0.00..796071.18 rows=7936849 width=4) (actual time=0.436..15310.550 rows=11115671 loops=1)
        Filter: ((person_id > 1827060) AND (role_id > 2))
        Rows Removed by Filter: 25128673
  ->  Hash  (cost=61283.27..61283.27 rows=2528527 width=4) (actual time=1938.328..1938.328 rows=2528312 loops=1)
        Buckets: 131072  Batches: 64  Memory Usage: 2415kB
        ->  Seq Scan on title t  (cost=0.00..61283.27 rows=2528527 width=4) (actual time=0.015..1058.389 rows=2528312 loops=1)
Planning time: 14.856 ms
Execution time: 27193.090 ms
