Seq Scan on movie_keyword mk  (cost=0.00..81003.12 rows=1434853 width=0) (actual time=0.027..1548.663 rows=1450815 loops=1)
  Filter: (keyword_id < 2042)
  Rows Removed by Filter: 3073115
Planning time: 0.321 ms
Execution time: 1727.000 ms
