Hash Join  (cost=112174.29..167436.20 rows=59639 width=0) (actual time=2482.592..3318.115 rows=61344 loops=1)
  Hash Cond: (mc.movie_id = t.id)
  ->  Seq Scan on movie_companies mc  (cost=0.00..44881.29 rows=2609129 width=4) (actual time=0.026..574.530 rows=2609129 loops=1)
  ->  Hash  (cost=111451.84..111451.84 rows=57796 width=8) (actual time=2073.274..2073.274 rows=24162 loops=1)
        Buckets: 65536  Batches: 1  Memory Usage: 1456kB
        ->  Hash Join  (cost=79082.94..111451.84 rows=57796 width=8) (actual time=1526.084..2063.660 rows=24162 loops=1)
              Hash Cond: (mi_idx.movie_id = t.id)
              ->  Seq Scan on movie_info_idx mi_idx  (cost=0.00..25185.44 rows=464934 width=4) (actual time=0.014..498.372 rows=460185 loops=1)
                    Filter: (info_type_id > 100)
                    Rows Removed by Filter: 919850
              ->  Hash  (cost=73925.90..73925.90 rows=314323 width=4) (actual time=1318.201..1318.201 rows=201761 loops=1)
                    Buckets: 131072  Batches: 8  Memory Usage: 1902kB
                    ->  Seq Scan on title t  (cost=0.00..73925.90 rows=314323 width=4) (actual time=160.351..1080.034 rows=201761 loops=1)
                          Filter: ((production_year < 1980) AND (kind_id = 7))
                          Rows Removed by Filter: 2326551
Planning time: 1.103 ms
Execution time: 3326.639 ms
