Hash Join  (cost=102767.86..178614.13 rows=334113 width=0) (actual time=2256.754..3469.714 rows=182364 loops=1)
  Hash Cond: (mc.movie_id = t.id)
  ->  Seq Scan on movie_companies mc  (cost=0.00..57926.93 rows=334113 width=4) (actual time=285.616..913.197 rows=182364 loops=1)
        Filter: ((company_id < 874) AND (company_type_id > 1))
        Rows Removed by Filter: 2426765
  ->  Hash  (cost=61283.27..61283.27 rows=2528527 width=4) (actual time=1969.727..1969.727 rows=2528312 loops=1)
        Buckets: 131072  Batches: 64  Memory Usage: 2415kB
        ->  Seq Scan on title t  (cost=0.00..61283.27 rows=2528527 width=4) (actual time=0.021..1154.969 rows=2528312 loops=1)
Planning time: 0.687 ms
Execution time: 3490.069 ms
