Hash Join  (cost=278690.12..913244.08 rows=12776215 width=0) (actual time=7273.599..21514.307 rows=5441741 loops=1)
  Hash Cond: (mi.movie_id = t.id)
  ->  Seq Scan on movie_info mi  (cost=0.00..309384.22 rows=14739122 width=4) (actual time=0.028..6458.702 rows=14835720 loops=1)
  ->  Hash  (cost=242730.79..242730.79 rows=2191786 width=8) (actual time=6656.631..6656.631 rows=543015 loops=1)
        Buckets: 131072  Batches: 32  Memory Usage: 1703kB
        ->  Hash Join  (cost=94024.89..242730.79 rows=2191786 width=8) (actual time=3059.503..6502.009 rows=543015 loops=1)
              Hash Cond: (mk.movie_id = t.id)
              ->  Seq Scan on movie_keyword mk  (cost=0.00..69693.30 rows=4523930 width=4) (actual time=0.014..1389.988 rows=4523930 loops=1)
              ->  Hash  (cost=73925.90..73925.90 rows=1225039 width=4) (actual time=2777.350..2777.350 rows=1308896 loops=1)
                    Buckets: 131072  Batches: 32  Memory Usage: 2474kB
                    ->  Seq Scan on title t  (cost=0.00..73925.90 rows=1225039 width=4) (actual time=0.013..1624.837 rows=1308896 loops=1)
                          Filter: ((production_year > 1975) AND (kind_id = 7))
                          Rows Removed by Filter: 1219416
Planning time: 1.118 ms
Execution time: 22143.223 ms
