Seq Scan on title t  (cost=0.00..73925.90 rows=49749 width=0) (actual time=0.321..2744.129 rows=44012 loops=1)
  Filter: ((kind_id < 7) AND (production_year = 2009))
  Rows Removed by Filter: 2484300
Planning time: 0.338 ms
Execution time: 2751.319 ms
