Hash Join  (cost=161341.26..1254812.00 rows=5808357 width=0) (actual time=3795.168..35252.596 rows=10651449 loops=1)
  Hash Cond: (ci.movie_id = t.id)
  ->  Seq Scan on cast_info ci  (cost=0.00..614943.12 rows=36225612 width=4) (actual time=0.024..13018.801 rows=36244344 loops=1)
  ->  Hash  (cost=154689.51..154689.51 rows=405420 width=8) (actual time=3794.239..3794.239 rows=294635 loops=1)
        Buckets: 131072  Batches: 8  Memory Usage: 2454kB
        ->  Hash Join  (cost=74050.79..154689.51 rows=405420 width=8) (actual time=1257.809..3700.351 rows=294635 loops=1)
              Hash Cond: (mc.movie_id = t.id)
              ->  Seq Scan on movie_companies mc  (cost=0.00..44881.29 rows=2609129 width=4) (actual time=0.016..944.069 rows=2609129 loops=1)
              ->  Hash  (cost=67604.59..67604.59 rows=392896 width=4) (actual time=1256.953..1256.953 rows=391666 loops=1)
                    Buckets: 131072  Batches: 8  Memory Usage: 2753kB
                    ->  Seq Scan on title t  (cost=0.00..67604.59 rows=392896 width=4) (actual time=0.023..1128.089 rows=391666 loops=1)
                          Filter: (production_year > 2010)
                          Rows Removed by Filter: 2136646
Planning time: 1.199 ms
Execution time: 36270.069 ms
