Seq Scan on movie_companies mc  (cost=0.00..57926.93 rows=638496 width=0) (actual time=320.749..943.099 rows=868801 loops=1)
  Filter: ((company_id < 11253) AND (company_type_id = 1))
  Rows Removed by Filter: 1740328
Planning time: 0.356 ms
Execution time: 1052.346 ms
