Hash Join  (cost=797557.90..824469.34 rows=96 width=0) (actual time=10971.335..11494.321 rows=462 loops=1)
  Hash Cond: (mi_idx.movie_id = t.id)
  ->  Seq Scan on movie_info_idx mi_idx  (cost=0.00..21735.35 rows=1380035 width=4) (actual time=0.010..358.364 rows=1380035 loops=1)
  ->  Hash  (cost=797555.70..797555.70 rows=176 width=8) (actual time=10862.348..10862.348 rows=3056 loops=1)
        Buckets: 4096 (originally 1024)  Batches: 1 (originally 1)  Memory Usage: 152kB
        ->  Nested Loop  (cost=0.43..797555.70 rows=176 width=8) (actual time=2677.999..10861.074 rows=3056 loops=1)
              ->  Seq Scan on cast_info ci  (cost=0.00..796071.18 rows=176 width=4) (actual time=2677.887..10820.809 rows=3056 loops=1)
                    Filter: ((person_id = 461148) AND (role_id = 1))
                    Rows Removed by Filter: 36241288
              ->  Index Only Scan using title_pkey on title t  (cost=0.43..8.42 rows=1 width=4) (actual time=0.012..0.013 rows=1 loops=3056)
                    Index Cond: (id = ci.movie_id)
                    Heap Fetches: 3056
Planning time: 1.660 ms
Execution time: 11494.467 ms
