Hash Join  (cost=161998.27..547171.63 rows=142342 width=0) (actual time=2874.538..10311.640 rows=241628 loops=1)
  Hash Cond: (mi.movie_id = t.id)
  ->  Seq Scan on movie_info mi  (cost=0.00..346232.03 rows=7503588 width=4) (actual time=0.016..5944.070 rows=7548855 loops=1)
        Filter: (info_type_id > 7)
        Rows Removed by Filter: 7286865
  ->  Hash  (cost=161398.71..161398.71 rows=47965 width=8) (actual time=2874.114..2874.114 rows=24036 loops=1)
        Buckets: 65536  Batches: 1  Memory Usage: 1451kB
        ->  Hash Join  (cost=74261.02..161398.71 rows=47965 width=8) (actual time=1057.708..2865.600 rows=24036 loops=1)
              Hash Cond: (mk.movie_id = t.id)
              ->  Seq Scan on movie_keyword mk  (cost=0.00..69693.30 rows=4523930 width=4) (actual time=0.018..974.001 rows=4523930 loops=1)
              ->  Hash  (cost=73925.90..73925.90 rows=26809 width=4) (actual time=1057.422..1057.422 rows=15183 loops=1)
                    Buckets: 32768  Batches: 1  Memory Usage: 790kB
                    ->  Seq Scan on title t  (cost=0.00..73925.90 rows=26809 width=4) (actual time=0.019..1050.893 rows=15183 loops=1)
                          Filter: ((production_year > 2008) AND (kind_id = 3))
                          Rows Removed by Filter: 2513129
Planning time: 1.176 ms
Execution time: 10343.227 ms
