Hash Join  (cost=257931.80..1553225.58 rows=17637190 width=0) (actual time=5966.755..43653.557 rows=34819030 loops=1)
  Hash Cond: (ci.movie_id = t.id)
  ->  Seq Scan on cast_info ci  (cost=0.00..796071.18 rows=24646337 width=4) (actual time=0.016..17474.885 rows=24130713 loops=1)
        Filter: ((person_id > 760813) AND (role_id < 10))
        Rows Removed by Filter: 12113631
  ->  Hash  (cost=228244.77..228244.77 rows=1809442 width=8) (actual time=5965.259..5965.259 rows=1253091 loops=1)
        Buckets: 131072  Batches: 32  Memory Usage: 2608kB
        ->  Hash Join  (cost=84197.31..228244.77 rows=1809442 width=8) (actual time=1496.160..5572.627 rows=1253091 loops=1)
              Hash Cond: (mk.movie_id = t.id)
              ->  Seq Scan on movie_keyword mk  (cost=0.00..69693.30 rows=4523930 width=4) (actual time=0.015..1303.850 rows=4523930 loops=1)
              ->  Hash  (cost=67604.59..67604.59 rows=1011338 width=4) (actual time=1494.919..1494.919 rows=1012920 loops=1)
                    Buckets: 131072  Batches: 16  Memory Usage: 3257kB
                    ->  Seq Scan on title t  (cost=0.00..67604.59 rows=1011338 width=4) (actual time=0.029..1168.637 rows=1012920 loops=1)
                          Filter: (production_year > 2005)
                          Rows Removed by Filter: 1515392
Planning time: 2.683 ms
Execution time: 47672.782 ms
