Hash Join  (cost=74327.26..902783.99 rows=106073 width=0) (actual time=5192.243..18729.790 rows=157632 loops=1)
  Hash Cond: (ci.movie_id = t.id)
  ->  Seq Scan on cast_info ci  (cost=0.00..796071.18 rows=8353288 width=4) (actual time=3966.142..14059.093 rows=12998174 loops=1)
        Filter: ((person_id > 2377248) AND (role_id > 1))
        Rows Removed by Filter: 23246170
  ->  Hash  (cost=73925.90..73925.90 rows=32108 width=4) (actual time=1225.306..1225.306 rows=36085 loops=1)
        Buckets: 65536 (originally 32768)  Batches: 1 (originally 1)  Memory Usage: 1781kB
        ->  Seq Scan on title t  (cost=0.00..73925.90 rows=32108 width=4) (actual time=0.034..1209.274 rows=36085 loops=1)
              Filter: ((kind_id > 4) AND (production_year = 2000))
              Rows Removed by Filter: 2492227
Planning time: 0.551 ms
Execution time: 18752.279 ms
