Seq Scan on movie_companies mc  (cost=0.00..57926.93 rows=631193 width=0) (actual time=0.027..1017.879 rows=894036 loops=1)
  Filter: ((company_id > 11652) AND (company_type_id > 1))
  Rows Removed by Filter: 1715093
Planning time: 0.326 ms
Execution time: 1125.739 ms
