Hash Join  (cost=202820.05..763815.17 rows=7609019 width=0) (actual time=5070.512..28384.803 rows=42404829 loops=1)
  Hash Cond: (mi.movie_id = t.id)
  ->  Seq Scan on movie_info mi  (cost=0.00..309384.22 rows=14739122 width=4) (actual time=0.013..6254.416 rows=14835720 loops=1)
  ->  Hash  (cost=181404.27..181404.27 rows=1305343 width=8) (actual time=5069.603..5069.603 rows=1591698 loops=1)
        Buckets: 131072  Batches: 32  Memory Usage: 3014kB
        ->  Hash Join  (cost=88359.31..181404.27 rows=1305343 width=8) (actual time=1697.939..4609.663 rows=1591698 loops=1)
              Hash Cond: (mc.movie_id = t.id)
              ->  Seq Scan on movie_companies mc  (cost=0.00..44881.29 rows=2609129 width=4) (actual time=0.042..932.437 rows=2609129 loops=1)
              ->  Hash  (cost=67604.59..67604.59 rows=1265018 width=4) (actual time=1696.432..1696.432 rows=1263700 loops=1)
                    Buckets: 131072  Batches: 32  Memory Usage: 2410kB
                    ->  Seq Scan on title t  (cost=0.00..67604.59 rows=1265018 width=4) (actual time=0.011..1281.138 rows=1263700 loops=1)
                          Filter: (production_year < 2004)
                          Rows Removed by Filter: 1264612
Planning time: 1.075 ms
Execution time: 32998.800 ms
