Hash Join  (cost=97436.99..666375.15 rows=8353423 width=0) (actual time=1839.895..16366.730 rows=3937344 loops=1)
  Hash Cond: (mi.movie_id = t.id)
  ->  Seq Scan on movie_info mi  (cost=0.00..309384.22 rows=14739122 width=4) (actual time=0.015..6326.752 rows=14835720 loops=1)
  ->  Hash  (cost=73925.90..73925.90 rows=1433047 width=4) (actual time=1838.341..1838.341 rows=1478437 loops=1)
        Buckets: 131072  Batches: 32  Memory Usage: 2656kB
        ->  Seq Scan on title t  (cost=0.00..73925.90 rows=1433047 width=4) (actual time=0.024..1355.009 rows=1478437 loops=1)
              Filter: ((production_year > 1927) AND (kind_id = 7))
              Rows Removed by Filter: 1049875
Planning time: 0.787 ms
Execution time: 16793.824 ms
