Hash Join  (cost=827104.99..906224.01 rows=295150 width=0) (actual time=15117.676..17344.636 rows=686493 loops=1)
  Hash Cond: (mc.movie_id = t.id)
  ->  Seq Scan on movie_companies mc  (cost=0.00..44881.29 rows=2609129 width=4) (actual time=0.015..905.121 rows=2609129 loops=1)
  ->  Hash  (cost=822411.59..822411.59 rows=286032 width=8) (actual time=15116.889..15116.889 rows=263231 loops=1)
        Buckets: 131072  Batches: 4  Memory Usage: 3591kB
        ->  Hash Join  (cost=101489.21..822411.59 rows=286032 width=8) (actual time=6654.629..15038.887 rows=263231 loops=1)
              Hash Cond: (ci.movie_id = t.id)
              ->  Seq Scan on cast_info ci  (cost=0.00..705507.15 rows=350181 width=4) (actual time=4673.348..12481.798 rows=316118 loops=1)
                    Filter: (role_id > 10)
                    Rows Removed by Filter: 35928226
              ->  Hash  (cost=67604.59..67604.59 rows=2065330 width=4) (actual time=1980.251..1980.251 rows=2064552 loops=1)
                    Buckets: 131072  Batches: 32  Memory Usage: 3289kB
                    ->  Seq Scan on title t  (cost=0.00..67604.59 rows=2065330 width=4) (actual time=0.022..1328.547 rows=2064552 loops=1)
                          Filter: (production_year < 2011)
                          Rows Removed by Filter: 463760
Planning time: 2.151 ms
Execution time: 17426.725 ms
