Hash Join  (cost=137708.86..208245.37 rows=215635 width=0) (actual time=3273.461..5296.805 rows=1139974 loops=1)
  Hash Cond: (mc.movie_id = t.id)
  ->  Seq Scan on movie_companies mc  (cost=0.00..51404.11 rows=1329612 width=4) (actual time=0.020..1032.014 rows=1334883 loops=1)
        Filter: (company_type_id > 1)
        Rows Removed by Filter: 1274246
  ->  Hash  (cost=130980.94..130980.94 rows=410074 width=8) (actual time=3271.934..3271.934 rows=838326 loops=1)
        Buckets: 131072 (originally 131072)  Batches: 16 (originally 8)  Memory Usage: 3076kB
        ->  Hash Join  (cost=86252.72..130980.94 rows=410074 width=8) (actual time=1501.050..3017.485 rows=838326 loops=1)
              Hash Cond: (mi_idx.movie_id = t.id)
              ->  Seq Scan on movie_info_idx mi_idx  (cost=0.00..21735.35 rows=1380035 width=4) (actual time=0.025..510.240 rows=1380035 loops=1)
              ->  Hash  (cost=73925.90..73925.90 rows=751345 width=4) (actual time=1499.973..1499.973 rows=793943 loops=1)
                    Buckets: 131072  Batches: 16  Memory Usage: 2771kB
                    ->  Seq Scan on title t  (cost=0.00..73925.90 rows=751345 width=4) (actual time=0.014..1246.531 rows=793943 loops=1)
                          Filter: ((kind_id < 7) AND (production_year < 2010))
                          Rows Removed by Filter: 1734369
Planning time: 3.540 ms
Execution time: 5426.394 ms
