Nested Loop  (cost=0.43..52283.69 rows=104 width=0) (actual time=45.352..1932.537 rows=18 loops=1)
  ->  Seq Scan on movie_companies mc  (cost=0.00..51404.11 rows=104 width=4) (actual time=45.256..1930.770 rows=18 loops=1)
        Filter: (company_id = 20406)
        Rows Removed by Filter: 2609111
  ->  Index Only Scan using title_pkey on title t  (cost=0.43..8.45 rows=1 width=4) (actual time=0.091..0.092 rows=1 loops=18)
        Index Cond: (id = mc.movie_id)
        Heap Fetches: 18
Planning time: 0.721 ms
Execution time: 1932.613 ms
