Seq Scan on cast_info ci  (cost=0.00..796071.18 rows=7690884 width=0) (actual time=0.027..39720.562 rows=4763150 loops=1)
  Filter: ((person_id < 1686941) AND (role_id > 2))
  Rows Removed by Filter: 31481194
Planning time: 0.299 ms
Execution time: 40532.730 ms
