Seq Scan on cast_info ci  (cost=0.00..796071.18 rows=15973994 width=0) (actual time=0.028..43504.932 rows=11942377 loops=1)
  Filter: ((person_id < 2531004) AND (role_id > 1))
  Rows Removed by Filter: 24301967
Planning time: 0.297 ms
Execution time: 45785.118 ms
