Hash Join  (cost=83600.04..911921.96 rows=711233 width=0) (actual time=34520.349..37970.147 rows=714 loops=1)
  Hash Cond: (ci.movie_id = t.id)
  ->  Seq Scan on cast_info ci  (cost=0.00..796071.18 rows=1844644 width=4) (actual time=30187.844..33549.090 rows=1596 loops=1)
        Filter: ((person_id < 887595) AND (role_id = 2))
        Rows Removed by Filter: 36242748
  ->  Hash  (cost=67604.59..67604.59 rows=974916 width=4) (actual time=4282.599..4282.599 rows=972448 loops=1)
        Buckets: 131072  Batches: 16  Memory Usage: 3160kB
        ->  Seq Scan on title t  (cost=0.00..67604.59 rows=974916 width=4) (actual time=0.032..3880.228 rows=972448 loops=1)
              Filter: (kind_id < 6)
              Rows Removed by Filter: 1555864
Planning time: 0.779 ms
Execution time: 37970.342 ms
