Hash Join  (cost=709678.15..796345.14 rows=895 width=0) (actual time=11045.771..11983.083 rows=11 loops=1)
  Hash Cond: (mk.movie_id = t.id)
  ->  Seq Scan on movie_keyword mk  (cost=0.00..69693.30 rows=4523930 width=4) (actual time=0.022..1044.189 rows=4523930 loops=1)
  ->  Hash  (cost=709671.90..709671.90 rows=500 width=8) (actual time=10175.011..10175.011 rows=4 loops=1)
        Buckets: 1024  Batches: 1  Memory Usage: 9kB
        ->  Nested Loop  (cost=0.43..709671.90 rows=500 width=8) (actual time=2335.049..10174.985 rows=4 loops=1)
              ->  Seq Scan on cast_info ci  (cost=0.00..705507.15 rows=500 width=4) (actual time=2334.918..10174.782 rows=4 loops=1)
                    Filter: (person_id = 3402680)
                    Rows Removed by Filter: 36244340
              ->  Index Only Scan using title_pkey on title t  (cost=0.43..8.32 rows=1 width=4) (actual time=0.034..0.034 rows=1 loops=4)
                    Index Cond: (id = ci.movie_id)
                    Heap Fetches: 4
Planning time: 1.238 ms
Execution time: 11983.189 ms
