Hash Join  (cost=102767.86..219360.68 rows=1068535 width=0) (actual time=4224.998..8640.415 rows=1080005 loops=1)
  Hash Cond: (mk.movie_id = t.id)
  ->  Seq Scan on movie_keyword mk  (cost=0.00..81003.12 rows=1068535 width=4) (actual time=0.027..3134.832 rows=1080005 loops=1)
        Filter: (keyword_id > 16388)
        Rows Removed by Filter: 3443925
  ->  Hash  (cost=61283.27..61283.27 rows=2528527 width=4) (actual time=4221.430..4221.430 rows=2528312 loops=1)
        Buckets: 131072  Batches: 64  Memory Usage: 2425kB
        ->  Seq Scan on title t  (cost=0.00..61283.27 rows=2528527 width=4) (actual time=0.025..3240.863 rows=2528312 loops=1)
Planning time: 0.640 ms
Execution time: 8776.140 ms
