Hash Join  (cost=73950.44..100871.63 rows=1071 width=0) (actual time=3090.536..4755.634 rows=6929 loops=1)
  Hash Cond: (mi_idx.movie_id = t.id)
  ->  Seq Scan on movie_info_idx mi_idx  (cost=0.00..21735.35 rows=1380035 width=4) (actual time=0.023..1302.705 rows=1380035 loops=1)
  ->  Hash  (cost=73925.90..73925.90 rows=1963 width=4) (actual time=3013.434..3013.434 rows=4939 loops=1)
        Buckets: 8192 (originally 2048)  Batches: 1 (originally 1)  Memory Usage: 238kB
        ->  Seq Scan on title t  (cost=0.00..73925.90 rows=1963 width=4) (actual time=0.180..3010.967 rows=4939 loops=1)
              Filter: ((kind_id = 1) AND (production_year = 1989))
              Rows Removed by Filter: 2523373
Planning time: 11.172 ms
Execution time: 4759.089 ms
