Hash Join  (cost=75353.43..111775.37 rows=31487 width=0) (actual time=3439.628..5635.203 rows=14620 loops=1)
  Hash Cond: (mi_idx.movie_id = t.id)
  ->  Seq Scan on movie_info_idx mi_idx  (cost=0.00..25185.44 rows=915101 width=4) (actual time=0.024..1652.736 rows=919850 loops=1)
        Filter: (info_type_id < 101)
        Rows Removed by Filter: 460185
  ->  Hash  (cost=73925.90..73925.90 rows=87002 width=4) (actual time=3438.866..3438.866 rows=93068 loops=1)
        Buckets: 131072  Batches: 2  Memory Usage: 2660kB
        ->  Seq Scan on title t  (cost=0.00..73925.90 rows=87002 width=4) (actual time=0.550..3399.117 rows=93068 loops=1)
              Filter: ((kind_id > 4) AND (production_year = 2010))
              Rows Removed by Filter: 2435244
Planning time: 2.305 ms
Execution time: 5641.514 ms
