Seq Scan on cast_info ci  (cost=0.00..796071.18 rows=332 width=0) (actual time=12826.807..38141.543 rows=490 loops=1)
  Filter: ((role_id < 4) AND (person_id = 1466446))
  Rows Removed by Filter: 36243854
Planning time: 0.349 ms
Execution time: 38141.802 ms
