Hash Join  (cost=79303.65..982034.60 rows=3812358 width=0) (actual time=4222.062..56911.921 rows=2697571 loops=1)
  Hash Cond: (ci.movie_id = t.id)
  ->  Seq Scan on cast_info ci  (cost=0.00..705507.15 rows=13518993 width=4) (actual time=0.021..42244.536 rows=13669631 loops=1)
        Filter: (person_id > 2303097)
        Rows Removed by Filter: 22574713
  ->  Hash  (cost=67604.59..67604.59 rows=713045 width=4) (actual time=4220.835..4220.835 rows=707186 loops=1)
        Buckets: 131072  Batches: 16  Memory Usage: 2578kB
        ->  Seq Scan on title t  (cost=0.00..67604.59 rows=713045 width=4) (actual time=0.021..3925.089 rows=707186 loops=1)
              Filter: (production_year < 1991)
              Rows Removed by Filter: 1821126
Planning time: 0.659 ms
Execution time: 57316.705 ms
