Hash Join  (cost=185653.82..315778.74 rows=666688 width=0) (actual time=9104.654..14569.190 rows=659321 loops=1)
  Hash Cond: (mk.movie_id = t.id)
  ->  Seq Scan on movie_keyword mk  (cost=0.00..69693.30 rows=4523930 width=4) (actual time=0.019..3942.359 rows=4523930 loops=1)
  ->  Hash  (cost=179539.98..179539.98 rows=372627 width=8) (actual time=8227.156..8227.156 rows=58052 loops=1)
        Buckets: 131072  Batches: 8  Memory Usage: 1325kB
        ->  Hash Join  (cost=102767.86..179539.98 rows=372627 width=8) (actual time=5321.306..8202.948 rows=58052 loops=1)
              Hash Cond: (mc.movie_id = t.id)
              ->  Seq Scan on movie_companies mc  (cost=0.00..57926.93 rows=372627 width=4) (actual time=0.029..2392.759 rows=58052 loops=1)
                    Filter: ((company_id > 34643) AND (company_type_id = 1))
                    Rows Removed by Filter: 2551077
              ->  Hash  (cost=61283.27..61283.27 rows=2528527 width=4) (actual time=5319.462..5319.462 rows=2528312 loops=1)
                    Buckets: 131072  Batches: 64  Memory Usage: 2415kB
                    ->  Seq Scan on title t  (cost=0.00..61283.27 rows=2528527 width=4) (actual time=0.030..4169.455 rows=2528312 loops=1)
Planning time: 1.150 ms
Execution time: 14657.335 ms
