Seq Scan on movie_companies mc  (cost=0.00..57926.93 rows=784659 width=0) (actual time=0.027..2599.326 rows=491271 loops=1)
  Filter: ((company_id < 14355) AND (company_type_id > 1))
  Rows Removed by Filter: 2117858
Planning time: 30.418 ms
Execution time: 2672.844 ms
