Hash Join  (cost=176072.85..663661.43 rows=729363 width=0) (actual time=9348.296..41610.251 rows=3394551 loops=1)
  Hash Cond: (mi.movie_id = t.id)
  ->  Seq Scan on movie_info mi  (cost=0.00..309384.22 rows=14739122 width=4) (actual time=0.015..23277.670 rows=14835720 loops=1)
  ->  Hash  (cost=174019.80..174019.80 rows=125124 width=8) (actual time=9335.917..9335.917 rows=79931 loops=1)
        Buckets: 131072  Batches: 2  Memory Usage: 2589kB
        ->  Hash Join  (cost=84197.31..174019.80 rows=125124 width=8) (actual time=4610.921..9291.735 rows=79931 loops=1)
              Hash Cond: (mk.movie_id = t.id)
              ->  Seq Scan on movie_keyword mk  (cost=0.00..81003.12 rows=312832 width=4) (actual time=0.027..3952.581 rows=334142 loops=1)
                    Filter: (keyword_id < 275)
                    Rows Removed by Filter: 4189788
              ->  Hash  (cost=67604.59..67604.59 rows=1011338 width=4) (actual time=4609.706..4609.706 rows=1012920 loops=1)
                    Buckets: 131072  Batches: 16  Memory Usage: 3257kB
                    ->  Seq Scan on title t  (cost=0.00..67604.59 rows=1011338 width=4) (actual time=0.014..4186.241 rows=1012920 loops=1)
                          Filter: (production_year > 2005)
                          Rows Removed by Filter: 1515392
Planning time: 1.065 ms
Execution time: 42168.383 ms
