Hash Join  (cost=96168.68..189627.42 rows=46073 width=0) (actual time=5003.310..10062.110 rows=26493 loops=1)
  Hash Cond: (mk.movie_id = t.id)
  ->  Seq Scan on movie_keyword mk  (cost=0.00..81003.12 rows=3198637 width=4) (actual time=0.015..4429.169 rows=3183122 loops=1)
        Filter: (keyword_id < 12791)
        Rows Removed by Filter: 1340808
  ->  Hash  (cost=95713.42..95713.42 rows=36421 width=8) (actual time=4968.177..4968.177 rows=14811 loops=1)
        Buckets: 65536  Batches: 1  Memory Usage: 1091kB
        ->  Hash Join  (cost=68438.72..95713.42 rows=36421 width=8) (actual time=3238.994..4960.670 rows=14811 loops=1)
              Hash Cond: (mi_idx.movie_id = t.id)
              ->  Seq Scan on movie_info_idx mi_idx  (cost=0.00..21735.35 rows=1380035 width=4) (actual time=0.020..1236.607 rows=1380035 loops=1)
              ->  Hash  (cost=67604.59..67604.59 rows=66731 width=4) (actual time=3238.262..3238.262 rows=67342 loops=1)
                    Buckets: 131072  Batches: 1  Memory Usage: 3392kB
                    ->  Seq Scan on title t  (cost=0.00..67604.59 rows=66731 width=4) (actual time=0.018..3207.408 rows=67342 loops=1)
                          Filter: (production_year > 2012)
                          Rows Removed by Filter: 2460970
Planning time: 1.673 ms
Execution time: 10066.286 ms
