Hash Join  (cost=83074.16..481549.52 rows=826 width=0) (actual time=6346.399..27167.266 rows=8 loops=1)
  Hash Cond: (mi.movie_id = t.id)
  ->  Seq Scan on movie_info mi  (cost=0.00..346232.03 rows=13929354 width=4) (actual time=3.098..20839.076 rows=14033580 loops=1)
        Filter: (info_type_id > 1)
        Rows Removed by Filter: 802140
  ->  Hash  (cost=83072.29..83072.29 rows=150 width=8) (actual time=3755.530..3755.530 rows=1 loops=1)
        Buckets: 1024  Batches: 1  Memory Usage: 9kB
        ->  Nested Loop  (cost=0.43..83072.29 rows=150 width=8) (actual time=3753.048..3755.514 rows=1 loops=1)
              ->  Seq Scan on movie_keyword mk  (cost=0.00..81003.12 rows=246 width=4) (actual time=183.961..3538.159 rows=845 loops=1)
                    Filter: (keyword_id = 35971)
                    Rows Removed by Filter: 4523085
              ->  Index Scan using title_pkey on title t  (cost=0.43..8.40 rows=1 width=4) (actual time=0.255..0.255 rows=0 loops=845)
                    Index Cond: (id = mk.movie_id)
                    Filter: (kind_id = 7)
                    Rows Removed by Filter: 1
Planning time: 1.096 ms
Execution time: 27167.398 ms
