Hash Join  (cost=207785.32..287803.83 rows=360398 width=0) (actual time=10928.349..16698.189 rows=2435793 loops=1)
  Hash Cond: (mc.movie_id = t.id)
  ->  Seq Scan on movie_companies mc  (cost=0.00..44881.29 rows=2609129 width=4) (actual time=0.014..3237.380 rows=2609129 loops=1)
  ->  Hash  (cost=202054.52..202054.52 rows=349264 width=8) (actual time=10927.573..10927.573 rows=363692 loops=1)
        Buckets: 131072  Batches: 8  Memory Usage: 2828kB
        ->  Hash Join  (cost=102767.86..202054.52 rows=349264 width=8) (actual time=5354.083..10783.059 rows=363692 loops=1)
              Hash Cond: (mk.movie_id = t.id)
              ->  Seq Scan on movie_keyword mk  (cost=0.00..81003.12 rows=349264 width=4) (actual time=4.592..4040.879 rows=363692 loops=1)
                    Filter: (keyword_id < 335)
                    Rows Removed by Filter: 4160238
              ->  Hash  (cost=61283.27..61283.27 rows=2528527 width=4) (actual time=5345.319..5345.319 rows=2528312 loops=1)
                    Buckets: 131072  Batches: 64  Memory Usage: 2425kB
                    ->  Seq Scan on title t  (cost=0.00..61283.27 rows=2528527 width=4) (actual time=0.018..4118.626 rows=2528312 loops=1)
Planning time: 4.975 ms
Execution time: 17090.597 ms
