Seq Scan on cast_info ci  (cost=0.00..796071.18 rows=4726537 width=0) (actual time=0.026..38551.787 rows=10205851 loops=1)
  Filter: ((person_id > 2651419) AND (role_id > 2))
  Rows Removed by Filter: 26038493
Planning time: 0.347 ms
Execution time: 40345.421 ms
