Seq Scan on movie_companies mc  (cost=0.00..51404.11 rows=427825 width=0) (actual time=0.028..2152.729 rows=431926 loops=1)
  Filter: (company_id > 78955)
  Rows Removed by Filter: 2177203
Planning time: 0.289 ms
Execution time: 2208.249 ms
