Seq Scan on movie_companies mc  (cost=0.00..57926.93 rows=337744 width=0) (actual time=0.027..2373.366 rows=487439 loops=1)
  Filter: ((company_id < 1161) AND (company_type_id < 2))
  Rows Removed by Filter: 2121690
Planning time: 0.343 ms
Execution time: 2459.321 ms
