Hash Join  (cost=161217.87..518609.58 rows=18659 width=0) (actual time=10581.340..23899.431 rows=22750 loops=1)
  Hash Cond: (mi.movie_id = t.id)
  ->  Seq Scan on movie_info mi  (cost=0.00..346232.03 rows=2194617 width=4) (actual time=1944.552..15152.914 rows=2233850 loops=1)
        Filter: (info_type_id > 16)
        Rows Removed by Filter: 12601870
  ->  Hash  (cost=160949.13..160949.13 rows=21499 width=8) (actual time=8224.311..8224.311 rows=11721 loops=1)
        Buckets: 32768  Batches: 1  Memory Usage: 714kB
        ->  Hash Join  (cost=74076.10..160949.13 rows=21499 width=8) (actual time=3421.605..8215.003 rows=11721 loops=1)
              Hash Cond: (mk.movie_id = t.id)
              ->  Seq Scan on movie_keyword mk  (cost=0.00..69693.30 rows=4523930 width=4) (actual time=0.033..3611.356 rows=4523930 loops=1)
              ->  Hash  (cost=73925.90..73925.90 rows=12016 width=4) (actual time=3420.551..3420.551 rows=42819 loops=1)
                    Buckets: 65536 (originally 16384)  Batches: 1 (originally 1)  Memory Usage: 2018kB
                    ->  Seq Scan on title t  (cost=0.00..73925.90 rows=12016 width=4) (actual time=0.027..3401.656 rows=42819 loops=1)
                          Filter: ((production_year < 1913) AND (kind_id = 1))
                          Rows Removed by Filter: 2485493
Planning time: 1.149 ms
Execution time: 23903.158 ms
