Seq Scan on movie_keyword mk  (cost=0.00..81003.12 rows=246 width=0) (actual time=22.867..3210.470 rows=14 loops=1)
  Filter: (keyword_id = 46484)
  Rows Removed by Filter: 4523916
Planning time: 0.332 ms
Execution time: 3210.597 ms
