Hash Join  (cost=118532.20..976994.85 rows=538976 width=0) (actual time=21867.353..53037.919 rows=378060 loops=1)
  Hash Cond: (ci.movie_id = t.id)
  ->  Seq Scan on cast_info ci  (cost=0.00..705507.15 rows=12726058 width=4) (actual time=14678.072..39116.004 rows=12670688 loops=1)
        Filter: (role_id = 1)
        Rows Removed by Filter: 23573656
  ->  Hash  (cost=116774.59..116774.59 rows=107089 width=8) (actual time=7188.330..7188.330 rows=43230 loops=1)
        Buckets: 131072  Batches: 2  Memory Usage: 1878kB
        ->  Hash Join  (cost=78780.63..116774.59 rows=107089 width=8) (actual time=4690.545..7172.853 rows=43230 loops=1)
              Hash Cond: (mi_idx.movie_id = t.id)
              ->  Seq Scan on movie_info_idx mi_idx  (cost=0.00..25185.44 rows=915101 width=4) (actual time=0.028..1650.682 rows=919850 loops=1)
                    Filter: (info_type_id < 101)
                    Rows Removed by Filter: 460185
              ->  Hash  (cost=73925.90..73925.90 rows=295898 width=4) (actual time=4689.743..4689.743 rows=160225 loops=1)
                    Buckets: 131072  Batches: 4  Memory Usage: 2432kB
                    ->  Seq Scan on title t  (cost=0.00..73925.90 rows=295898 width=4) (actual time=0.021..3983.736 rows=160225 loops=1)
                          Filter: ((kind_id > 1) AND (production_year < 1972))
                          Rows Removed by Filter: 2368087
Planning time: 1.187 ms
Execution time: 53093.977 ms
