Hash Join  (cost=870056.34..956986.94 rows=27256 width=0) (actual time=40490.617..44726.928 rows=51197 loops=1)
  Hash Cond: (mk.movie_id = t.id)
  ->  Seq Scan on movie_keyword mk  (cost=0.00..69693.30 rows=4523930 width=4) (actual time=0.012..3167.541 rows=4523930 loops=1)
  ->  Hash  (cost=869865.91..869865.91 rows=15234 width=8) (actual time=40489.789..40489.789 rows=17492 loops=1)
        Buckets: 32768 (originally 16384)  Batches: 1 (originally 1)  Memory Usage: 940kB
        ->  Hash Join  (cost=70241.71..869865.91 rows=15234 width=8) (actual time=16678.723..40470.822 rows=17492 loops=1)
              Hash Cond: (ci.movie_id = t.id)
              ->  Seq Scan on cast_info ci  (cost=0.00..796071.18 rows=239648 width=4) (actual time=13051.458..36630.527 rows=271092 loops=1)
                    Filter: ((person_id > 1114231) AND (role_id > 10))
                    Rows Removed by Filter: 35973252
              ->  Hash  (cost=67604.59..67604.59 rows=160730 width=4) (actual time=3626.219..3626.219 rows=160017 loops=1)
                    Buckets: 131072  Batches: 4  Memory Usage: 2436kB
                    ->  Seq Scan on title t  (cost=0.00..67604.59 rows=160730 width=4) (actual time=0.033..3555.370 rows=160017 loops=1)
                          Filter: (production_year = 2011)
                          Rows Removed by Filter: 2368295
Planning time: 1.168 ms
Execution time: 44735.117 ms
