Hash Join  (cost=88544.52..134581.00 rows=486300 width=0) (actual time=4490.738..6889.256 rows=314388 loops=1)
  Hash Cond: (mi_idx.movie_id = t.id)
  ->  Seq Scan on movie_info_idx mi_idx  (cost=0.00..21735.35 rows=1380035 width=4) (actual time=0.025..1398.318 rows=1380035 loops=1)
  ->  Hash  (cost=73925.90..73925.90 rows=891009 width=4) (actual time=4488.948..4488.948 rows=800991 loops=1)
        Buckets: 131072  Batches: 16  Memory Usage: 2786kB
        ->  Seq Scan on title t  (cost=0.00..73925.90 rows=891009 width=4) (actual time=0.026..4155.216 rows=800991 loops=1)
              Filter: ((kind_id > 3) AND (production_year < 2005))
              Rows Removed by Filter: 1727321
Planning time: 0.746 ms
Execution time: 6934.346 ms
