Hash Join  (cost=73950.44..825314.34 rows=9474 width=0) (actual time=2777.612..45146.211 rows=1151 loops=1)
  Hash Cond: (ci.movie_id = t.id)
  ->  Seq Scan on cast_info ci  (cost=0.00..705507.15 rows=12203201 width=4) (actual time=0.015..39811.295 rows=12113646 loops=1)
        Filter: (role_id > 3)
        Rows Removed by Filter: 24130698
  ->  Hash  (cost=73925.90..73925.90 rows=1963 width=4) (actual time=2777.528..2777.528 rows=393 loops=1)
        Buckets: 2048  Batches: 1  Memory Usage: 30kB
        ->  Seq Scan on title t  (cost=0.00..73925.90 rows=1963 width=4) (actual time=0.129..2777.204 rows=393 loops=1)
              Filter: ((kind_id = 1) AND (production_year = 2015))
              Rows Removed by Filter: 2527919
Planning time: 0.989 ms
Execution time: 45147.290 ms
