Hash Join  (cost=90963.25..162127.53 rows=469580 width=144) (actual time=1792.242..3454.528 rows=854105 loops=1)
  Hash Cond: (mi_idx.movie_id = t.id)
  ->  Seq Scan on movie_info_idx mi_idx  (cost=0.00..21735.35 rows=1380035 width=50) (actual time=0.026..393.899 rows=1380035 loops=1)
  ->  Hash  (cost=67604.59..67604.59 rows=860373 width=94) (actual time=1791.741..1791.741 rows=854214 loops=1)
        Buckets: 32768  Batches: 32  Memory Usage: 3184kB
        ->  Seq Scan on title t  (cost=0.00..67604.59 rows=860373 width=94) (actual time=0.343..1463.702 rows=854214 loops=1)
              Filter: (kind_id < 4)
              Rows Removed by Filter: 1674098
Planning time: 0.937 ms
Execution time: 3499.193 ms
