Hash Join  (cost=71408.55..1128272.48 rows=1909431 width=0) (actual time=3752.882..75693.325 rows=2317381 loops=1)
  Hash Cond: (ci.movie_id = t.id)
  ->  Seq Scan on cast_info ci  (cost=0.00..796071.18 rows=20825185 width=4) (actual time=0.016..55376.037 rows=22460578 loops=1)
        Filter: ((person_id > 383352) AND (role_id > 1))
        Rows Removed by Filter: 13783766
  ->  Hash  (cost=67604.59..67604.59 rows=231837 width=4) (actual time=3752.078..3752.078 rows=231649 loops=1)
        Buckets: 131072  Batches: 4  Memory Usage: 3076kB
        ->  Seq Scan on title t  (cost=0.00..67604.59 rows=231837 width=4) (actual time=0.027..3664.563 rows=231649 loops=1)
              Filter: (production_year > 2011)
              Rows Removed by Filter: 2296663
Planning time: 0.724 ms
Execution time: 76047.813 ms
