Hash Join  (cost=223731.66..1116701.17 rows=3741164 width=0) (actual time=33479.831..70040.926 rows=10911234 loops=1)
  Hash Cond: (ci.movie_id = t.id)
  ->  Seq Scan on cast_info ci  (cost=0.00..705507.15 rows=12726058 width=4) (actual time=21175.043..43329.127 rows=12670688 loops=1)
        Filter: (role_id < 2)
        Rows Removed by Filter: 23573656
  ->  Hash  (cost=211536.06..211536.06 rows=743328 width=8) (actual time=12303.898..12303.898 rows=748177 loops=1)
        Buckets: 131072  Batches: 16  Memory Usage: 2876kB
        ->  Hash Join  (cost=102767.86..211536.06 rows=743328 width=8) (actual time=5558.807..12060.125 rows=748177 loops=1)
              Hash Cond: (mk.movie_id = t.id)
              ->  Seq Scan on movie_keyword mk  (cost=0.00..81003.12 rows=743328 width=4) (actual time=0.022..4688.733 rows=748177 loops=1)
                    Filter: (keyword_id < 680)
                    Rows Removed by Filter: 3775753
              ->  Hash  (cost=61283.27..61283.27 rows=2528527 width=4) (actual time=5556.558..5556.558 rows=2528312 loops=1)
                    Buckets: 131072  Batches: 64  Memory Usage: 2425kB
                    ->  Seq Scan on title t  (cost=0.00..61283.27 rows=2528527 width=4) (actual time=0.022..4261.049 rows=2528312 loops=1)
Planning time: 1.080 ms
Execution time: 71606.410 ms
