Seq Scan on cast_info ci  (cost=0.00..796071.18 rows=176 width=0) (actual time=24831.815..40091.713 rows=1 loops=1)
  Filter: ((role_id < 2) AND (person_id = 893518))
  Rows Removed by Filter: 36244343
Planning time: 0.338 ms
Execution time: 40091.843 ms
