Hash Join  (cost=157281.93..515706.74 rows=68706 width=0) (actual time=15495.544..25058.327 rows=126940 loops=1)
  Hash Cond: (mi.movie_id = t.id)
  ->  Seq Scan on movie_info mi  (cost=0.00..346232.03 rows=3068194 width=4) (actual time=7480.391..15854.674 rows=3036719 loops=1)
        Filter: (info_type_id = 16)
        Rows Removed by Filter: 11799001
  ->  Hash  (cost=156574.17..156574.17 rows=56621 width=8) (actual time=8014.552..8014.552 rows=76801 loops=1)
        Buckets: 131072 (originally 65536)  Batches: 1 (originally 1)  Memory Usage: 4025kB
        ->  Hash Join  (cost=96651.52..156574.17 rows=56621 width=8) (actual time=5275.265..7982.617 rows=76801 loops=1)
              Hash Cond: (mc.movie_id = t.id)
              ->  Seq Scan on movie_companies mc  (cost=0.00..51404.11 rows=80864 width=4) (actual time=0.120..2263.700 rows=84071 loops=1)
                    Filter: (company_id < 19)
                    Rows Removed by Filter: 2525058
              ->  Hash  (cost=67604.59..67604.59 rows=1770475 width=4) (actual time=5274.050..5274.050 rows=1774635 loops=1)
                    Buckets: 131072  Batches: 32  Memory Usage: 2978kB
                    ->  Seq Scan on title t  (cost=0.00..67604.59 rows=1770475 width=4) (actual time=0.022..4241.760 rows=1774635 loops=1)
                          Filter: (kind_id > 2)
                          Rows Removed by Filter: 753677
Planning time: 1.167 ms
Execution time: 25078.915 ms
