Seq Scan on cast_info ci  (cost=0.00..796071.18 rows=30256368 width=0) (actual time=12.316..49947.787 rows=30246778 loops=1)
  Filter: ((person_id > 142135) AND (role_id < 10))
  Rows Removed by Filter: 5997566
Planning time: 0.362 ms
Execution time: 55263.782 ms
