Hash Join  (cost=164759.80..529433.92 rows=1818 width=0) (actual time=8427.822..28842.257 rows=354 loops=1)
  Hash Cond: (mi.movie_id = t.id)
  ->  Seq Scan on movie_info mi  (cost=0.00..309384.22 rows=14739122 width=4) (actual time=0.022..17088.524 rows=14835720 loops=1)
  ->  Hash  (cost=164755.90..164755.90 rows=312 width=8) (actual time=8093.987..8093.987 rows=43 loops=1)
        Buckets: 1024  Batches: 1  Memory Usage: 10kB
        ->  Hash Join  (cost=73929.67..164755.90 rows=312 width=8) (actual time=3554.742..8093.872 rows=43 loops=1)
              Hash Cond: (mk.movie_id = t.id)
              ->  Seq Scan on movie_keyword mk  (cost=0.00..81003.12 rows=2618663 width=4) (actual time=0.024..4338.741 rows=2608208 loops=1)
                    Filter: (keyword_id < 7078)
                    Rows Removed by Filter: 1915722
              ->  Hash  (cost=73925.90..73925.90 rows=301 width=4) (actual time=3251.565..3251.565 rows=41 loops=1)
                    Buckets: 1024  Batches: 1  Memory Usage: 10kB
                    ->  Seq Scan on title t  (cost=0.00..73925.90 rows=301 width=4) (actual time=128.850..3251.494 rows=41 loops=1)
                          Filter: ((kind_id = 3) AND (production_year = 1946))
                          Rows Removed by Filter: 2528271
Planning time: 1.103 ms
Execution time: 28842.561 ms
