Hash Join  (cost=87245.25..235342.15 rows=2141786 width=0) (actual time=3718.221..10892.866 rows=2772247 loops=1)
  Hash Cond: (mk.movie_id = t.id)
  ->  Seq Scan on movie_keyword mk  (cost=0.00..69693.30 rows=4523930 width=4) (actual time=0.027..4061.004 rows=4523930 loops=1)
  ->  Hash  (cost=67604.59..67604.59 rows=1197093 width=4) (actual time=3717.379..3717.379 rows=1195923 loops=1)
        Buckets: 131072  Batches: 16  Memory Usage: 3661kB
        ->  Seq Scan on title t  (cost=0.00..67604.59 rows=1197093 width=4) (actual time=0.018..3279.507 rows=1195923 loops=1)
              Filter: (production_year < 2003)
              Rows Removed by Filter: 1332389
Planning time: 3.024 ms
Execution time: 11239.304 ms
