Seq Scan on movie_companies mc  (cost=0.00..57926.93 rows=484248 width=0) (actual time=1264.908..3261.099 rows=693505 loops=1)
  Filter: ((company_id < 4569) AND (company_type_id < 2))
  Rows Removed by Filter: 1915624
Planning time: 0.340 ms
Execution time: 3387.514 ms
