Seq Scan on movie_keyword mk  (cost=0.00..81003.12 rows=2716294 width=0) (actual time=0.019..4170.729 rows=2715053 loops=1)
  Filter: (keyword_id < 7677)
  Rows Removed by Filter: 1808877
Planning time: 0.269 ms
Execution time: 4575.791 ms
