Seq Scan on movie_keyword mk  (cost=0.00..81003.12 rows=394810 width=0) (actual time=0.020..3297.121 rows=390369 loops=1)
  Filter: (keyword_id > 44093)
  Rows Removed by Filter: 4133561
Planning time: 0.275 ms
Execution time: 3365.411 ms
