Hash Join  (cost=959248.63..1052060.30 rows=1288414 width=0) (actual time=46894.754..53318.495 rows=2240936 loops=1)
  Hash Cond: (mc.movie_id = t.id)
  ->  Seq Scan on movie_companies mc  (cost=0.00..44881.29 rows=2609129 width=4) (actual time=0.027..3175.985 rows=2609129 loops=1)
  ->  Hash  (cost=938762.98..938762.98 rows=1248612 width=8) (actual time=46893.460..46893.460 rows=1456438 loops=1)
        Buckets: 131072  Batches: 32  Memory Usage: 2781kB
        ->  Hash Join  (cost=102767.86..938762.98 rows=1248612 width=8) (actual time=12790.220..46404.757 rows=1456438 loops=1)
              Hash Cond: (ci.movie_id = t.id)
              ->  Seq Scan on cast_info ci  (cost=0.00..796071.18 rows=1248612 width=4) (actual time=7346.431..38890.237 rows=1456438 loops=1)
                    Filter: ((person_id > 1960841) AND (role_id = 4))
                    Rows Removed by Filter: 34787906
              ->  Hash  (cost=61283.27..61283.27 rows=2528527 width=4) (actual time=5441.105..5441.105 rows=2528312 loops=1)
                    Buckets: 131072  Batches: 64  Memory Usage: 2415kB
                    ->  Seq Scan on title t  (cost=0.00..61283.27 rows=2528527 width=4) (actual time=0.025..4147.055 rows=2528312 loops=1)
Planning time: 15.083 ms
Execution time: 53662.433 ms
