Seq Scan on cast_info ci  (cost=0.00..796071.18 rows=4109732 width=0) (actual time=1181.986..36408.235 rows=4863196 loops=1)
  Filter: ((person_id < 587912) AND (role_id < 4))
  Rows Removed by Filter: 31381148
Planning time: 1.353 ms
Execution time: 37177.714 ms
