Hash Join  (cost=102767.86..191199.87 rows=857174 width=0) (actual time=4983.977..9286.048 rows=668732 loops=1)
  Hash Cond: (mc.movie_id = t.id)
  ->  Seq Scan on movie_companies mc  (cost=0.00..57926.93 rows=857174 width=4) (actual time=0.019..3140.756 rows=668732 loops=1)
        Filter: ((company_id > 2440) AND (company_type_id < 2))
        Rows Removed by Filter: 1940397
  ->  Hash  (cost=61283.27..61283.27 rows=2528527 width=4) (actual time=4982.076..4982.076 rows=2528312 loops=1)
        Buckets: 131072  Batches: 64  Memory Usage: 2415kB
        ->  Seq Scan on title t  (cost=0.00..61283.27 rows=2528527 width=4) (actual time=0.015..3819.023 rows=2528312 loops=1)
Planning time: 0.699 ms
Execution time: 9389.298 ms
