Hash Join  (cost=82955.72..565530.00 rows=2125991 width=0) (actual time=4664.091..33858.894 rows=1017770 loops=1)
  Hash Cond: (mi.movie_id = t.id)
  ->  Seq Scan on movie_info mi  (cost=0.00..346232.03 rows=9767026 width=4) (actual time=0.023..21583.109 rows=9911754 loops=1)
        Filter: (info_type_id > 4)
        Rows Removed by Filter: 4923966
  ->  Hash  (cost=73925.90..73925.90 rows=550385 width=4) (actual time=4387.245..4387.245 rows=602403 loops=1)
        Buckets: 131072  Batches: 8  Memory Usage: 3678kB
        ->  Seq Scan on title t  (cost=0.00..73925.90 rows=550385 width=4) (actual time=0.015..4135.135 rows=602403 loops=1)
              Filter: ((production_year > 2006) AND (kind_id = 7))
              Rows Removed by Filter: 1925909
Planning time: 0.754 ms
Execution time: 34010.182 ms
