Hash Join  (cost=74329.67..101416.44 rows=17629 width=0) (actual time=3000.135..3830.871 rows=7605 loops=1)
  Hash Cond: (mi_idx.movie_id = t.id)
  ->  Seq Scan on movie_info_idx mi_idx  (cost=0.00..21735.35 rows=1380035 width=4) (actual time=0.022..850.326 rows=1380035 loops=1)
  ->  Hash  (cost=73925.90..73925.90 rows=32301 width=4) (actual time=2583.854..2583.854 rows=5892 loops=1)
        Buckets: 32768  Batches: 1  Memory Usage: 464kB
        ->  Seq Scan on title t  (cost=0.00..73925.90 rows=32301 width=4) (actual time=1217.857..2575.504 rows=5892 loops=1)
              Filter: ((production_year < 1991) AND (kind_id = 4))
              Rows Removed by Filter: 2522420
Planning time: 0.843 ms
Execution time: 3832.189 ms
