Hash Join  (cost=175027.18..288005.69 rows=678857 width=0) (actual time=6931.917..13844.306 rows=2893517 loops=1)
  Hash Cond: (mk.movie_id = t.id)
  ->  Seq Scan on movie_keyword mk  (cost=0.00..81003.12 rows=1867683 width=4) (actual time=0.024..4633.963 rows=1875625 loops=1)
        Filter: (keyword_id > 7324)
        Rows Removed by Filter: 2648305
  ->  Hash  (cost=159947.97..159947.97 rows=919057 width=8) (actual time=6930.495..6930.495 rows=920110 loops=1)
        Buckets: 131072  Batches: 16  Memory Usage: 3283kB
        ->  Hash Join  (cost=102767.86..159947.97 rows=919057 width=8) (actual time=3970.432..6637.669 rows=920110 loops=1)
              Hash Cond: (mi_idx.movie_id = t.id)
              ->  Seq Scan on movie_info_idx mi_idx  (cost=0.00..25185.44 rows=919057 width=4) (actual time=0.020..1296.466 rows=920110 loops=1)
                    Filter: (info_type_id > 99)
                    Rows Removed by Filter: 459925
              ->  Hash  (cost=61283.27..61283.27 rows=2528527 width=4) (actual time=3969.542..3969.542 rows=2528312 loops=1)
                    Buckets: 131072  Batches: 64  Memory Usage: 2415kB
                    ->  Seq Scan on title t  (cost=0.00..61283.27 rows=2528527 width=4) (actual time=0.013..2896.547 rows=2528312 loops=1)
Planning time: 1.959 ms
Execution time: 14346.560 ms
