Hash Join  (cost=83072.41..143176.11 rows=2 width=0) (actual time=3472.134..4297.051 rows=6 loops=1)
  Hash Cond: (mc.movie_id = t.id)
  ->  Seq Scan on movie_companies mc  (cost=0.00..57926.93 rows=580466 width=4) (actual time=399.071..1747.456 rows=368527 loops=1)
        Filter: ((company_id < 8416) AND (company_type_id = 2))
        Rows Removed by Filter: 2240602
  ->  Hash  (cost=83072.29..83072.29 rows=10 width=8) (actual time=2497.575..2497.575 rows=9 loops=1)
        Buckets: 1024  Batches: 1  Memory Usage: 9kB
        ->  Nested Loop  (cost=0.43..83072.29 rows=10 width=8) (actual time=23.271..2497.531 rows=9 loops=1)
              ->  Seq Scan on movie_keyword mk  (cost=0.00..81003.12 rows=246 width=4) (actual time=0.436..2464.209 rows=219 loops=1)
                    Filter: (keyword_id = 13406)
                    Rows Removed by Filter: 4523711
              ->  Index Scan using title_pkey on title t  (cost=0.43..8.40 rows=1 width=4) (actual time=0.148..0.148 rows=0 loops=219)
                    Index Cond: (id = mk.movie_id)
                    Filter: (kind_id = 3)
                    Rows Removed by Filter: 1
Planning time: 1.075 ms
Execution time: 4297.354 ms
