Hash Join  (cost=909508.54..1041531.12 rows=822454 width=0) (actual time=44472.515..62891.909 rows=31440153 loops=1)
  Hash Cond: (mk.movie_id = t.id)
  ->  Seq Scan on movie_keyword mk  (cost=0.00..69693.30 rows=4523930 width=4) (actual time=0.021..5200.921 rows=4523930 loops=1)
  ->  Hash  (cost=901966.44..901966.44 rows=459688 width=8) (actual time=44471.756..44471.756 rows=1043659 loops=1)
        Buckets: 131072 (originally 131072)  Batches: 16 (originally 8)  Memory Usage: 3651kB
        ->  Hash Join  (cost=78556.72..901966.44 rows=459688 width=8) (actual time=25485.116..44077.857 rows=1043659 loops=1)
              Hash Cond: (ci.movie_id = t.id)
              ->  Seq Scan on cast_info ci  (cost=0.00..796071.18 rows=1741241 width=4) (actual time=21574.201..36343.359 rows=3943827 loops=1)
                    Filter: ((person_id > 3337173) AND (role_id > 2))
                    Rows Removed by Filter: 32300517
              ->  Hash  (cost=67604.59..67604.59 rows=667531 width=4) (actual time=3908.375..3908.375 rows=662825 loops=1)
                    Buckets: 131072  Batches: 16  Memory Usage: 2476kB
                    ->  Seq Scan on title t  (cost=0.00..67604.59 rows=667531 width=4) (actual time=1265.349..3637.014 rows=662825 loops=1)
                          Filter: (kind_id = 1)
                          Rows Removed by Filter: 1865487
Planning time: 3.201 ms
Execution time: 67795.081 ms
