Seq Scan on cast_info ci  (cost=0.00..796071.18 rows=10375262 width=0) (actual time=0.021..46681.206 rows=12670688 loops=1)
  Filter: ((person_id < 2984219) AND (role_id = 1))
  Rows Removed by Filter: 23573656
Planning time: 0.355 ms
Execution time: 49153.046 ms
