Hash Join  (cost=135699.20..639045.94 rows=2206184 width=0) (actual time=7137.534..44467.573 rows=10869327 loops=1)
  Hash Cond: (mi.movie_id = t.id)
  ->  Seq Scan on movie_info mi  (cost=0.00..309384.22 rows=14739122 width=4) (actual time=0.018..21518.291 rows=14835720 loops=1)
  ->  Hash  (cost=129489.26..129489.26 rows=378475 width=8) (actual time=7136.608..7136.608 rows=612556 loops=1)
        Buckets: 131072  Batches: 8  Memory Usage: 4042kB
        ->  Hash Join  (cost=85303.03..129489.26 rows=378475 width=8) (actual time=4207.290..6909.269 rows=612556 loops=1)
              Hash Cond: (mi_idx.movie_id = t.id)
              ->  Seq Scan on movie_info_idx mi_idx  (cost=0.00..21735.35 rows=1380035 width=4) (actual time=0.015..1511.134 rows=1380035 loops=1)
              ->  Hash  (cost=73925.90..73925.90 rows=693450 width=4) (actual time=4206.055..4206.055 rows=595167 loops=1)
                    Buckets: 131072  Batches: 16  Memory Usage: 2330kB
                    ->  Seq Scan on title t  (cost=0.00..73925.90 rows=693450 width=4) (actual time=0.029..3877.072 rows=595167 loops=1)
                          Filter: ((kind_id < 7) AND (production_year > 1989))
                          Rows Removed by Filter: 1933145
Planning time: 4.318 ms
Execution time: 46090.572 ms
