Hash Join  (cost=123984.52..219671.67 rows=5804 width=0) (actual time=6756.582..12509.718 rows=12352 loops=1)
  Hash Cond: (mk.movie_id = t.id)
  ->  Seq Scan on movie_keyword mk  (cost=0.00..81003.12 rows=3900262 width=4) (actual time=0.016..4949.650 rows=3896482 loops=1)
        Filter: (keyword_id < 29262)
        Rows Removed by Filter: 627448
  ->  Hash  (cost=123937.48..123937.48 rows=3763 width=8) (actual time=6756.209..6756.209 rows=3142 loops=1)
        Buckets: 4096  Batches: 1  Memory Usage: 155kB
        ->  Hash Join  (cost=67697.55..123937.48 rows=3763 width=8) (actual time=5124.248..6754.726 rows=3142 loops=1)
              Hash Cond: (mc.movie_id = t.id)
              ->  Seq Scan on movie_companies mc  (cost=0.00..51404.11 rows=1279517 width=4) (actual time=1160.961..3331.047 rows=1274246 loops=1)
                    Filter: (company_type_id < 2)
                    Rows Removed by Filter: 1334883
              ->  Hash  (cost=67604.59..67604.59 rows=7437 width=4) (actual time=3145.605..3145.605 rows=4012 loops=1)
                    Buckets: 8192  Batches: 1  Memory Usage: 206kB
                    ->  Seq Scan on title t  (cost=0.00..67604.59 rows=7437 width=4) (actual time=1219.652..3139.226 rows=4012 loops=1)
                          Filter: (production_year = 1920)
                          Rows Removed by Filter: 2524300
Planning time: 1.177 ms
Execution time: 12512.302 ms
