Hash Join  (cost=1091685.47..2102433.45 rows=39399564 width=0) (actual time=50170.432..111075.267 rows=88227906 loops=1)
  Hash Cond: (mi.movie_id = t.id)
  ->  Seq Scan on movie_info mi  (cost=0.00..309384.22 rows=14739122 width=4) (actual time=0.023..19355.870 rows=14835720 loops=1)
  ->  Hash  (cost=980794.01..980794.01 rows=6759077 width=8) (actual time=50169.665..50169.665 rows=6692117 loops=1)
        Buckets: 131072  Batches: 128  Memory Usage: 3120kB
        ->  Hash Join  (cost=102767.86..980794.01 rows=6759077 width=8) (actual time=5290.112..47669.685 rows=6692117 loops=1)
              Hash Cond: (ci.movie_id = t.id)
              ->  Seq Scan on cast_info ci  (cost=0.00..705507.15 rows=6759077 width=4) (actual time=0.020..33540.231 rows=6692117 loops=1)
                    Filter: (person_id < 646496)
                    Rows Removed by Filter: 29552227
              ->  Hash  (cost=61283.27..61283.27 rows=2528527 width=4) (actual time=5288.893..5288.893 rows=2528312 loops=1)
                    Buckets: 131072  Batches: 64  Memory Usage: 2415kB
                    ->  Seq Scan on title t  (cost=0.00..61283.27 rows=2528527 width=4) (actual time=0.020..3925.943 rows=2528312 loops=1)
Planning time: 1.184 ms
Execution time: 124199.252 ms
