Seq Scan on movie_companies mc  (cost=0.00..57926.93 rows=1111165 width=0) (actual time=645.136..3372.436 rows=901995 loops=1)
  Filter: ((company_id < 78869) AND (company_type_id > 1))
  Rows Removed by Filter: 1707134
Planning time: 0.316 ms
Execution time: 3535.950 ms
