Hash Join  (cost=130478.01..495547.05 rows=41311 width=0) (actual time=4786.824..27273.687 rows=318518 loops=1)
  Hash Cond: (mi.movie_id = t.id)
  ->  Seq Scan on movie_info mi  (cost=0.00..309384.22 rows=14739122 width=4) (actual time=0.019..17683.874 rows=14835720 loops=1)
  ->  Hash  (cost=130389.43..130389.43 rows=7087 width=8) (actual time=4786.378..4786.378 rows=7495 loops=1)
        Buckets: 8192  Batches: 1  Memory Usage: 357kB
        ->  Nested Loop  (cost=0.43..130389.43 rows=7087 width=8) (actual time=0.327..4781.721 rows=7495 loops=1)
              ->  Seq Scan on movie_keyword mk  (cost=0.00..81003.12 rows=7087 width=4) (actual time=0.265..3499.122 rows=7495 loops=1)
                    Filter: (keyword_id = 889)
                    Rows Removed by Filter: 4516435
              ->  Index Only Scan using title_pkey on title t  (cost=0.43..6.96 rows=1 width=4) (actual time=0.169..0.169 rows=1 loops=7495)
                    Index Cond: (id = mk.movie_id)
                    Heap Fetches: 7495
Planning time: 1.583 ms
Execution time: 27352.700 ms
