Hash Join  (cost=67697.55..94599.31 rows=1336 width=0) (actual time=3492.450..5345.099 rows=3122 loops=1)
  Hash Cond: (mi_idx.movie_id = t.id)
  ->  Seq Scan on movie_info_idx mi_idx  (cost=0.00..25185.44 rows=454124 width=4) (actual time=0.026..1706.461 rows=459925 loops=1)
        Filter: (info_type_id = 100)
        Rows Removed by Filter: 920110
  ->  Hash  (cost=67604.59..67604.59 rows=7437 width=4) (actual time=3492.207..3492.207 rows=14349 loops=1)
        Buckets: 16384 (originally 8192)  Batches: 1 (originally 1)  Memory Usage: 633kB
        ->  Seq Scan on title t  (cost=0.00..67604.59 rows=7437 width=4) (actual time=0.078..3484.641 rows=14349 loops=1)
              Filter: (production_year = 1969)
              Rows Removed by Filter: 2513963
Planning time: 0.829 ms
Execution time: 5345.974 ms
