Hash Join  (cost=92883.59..721032.13 rows=8892468 width=0) (actual time=6415.792..43839.664 rows=3963167 loops=1)
  Hash Cond: (mi.movie_id = t.id)
  ->  Seq Scan on movie_info mi  (cost=0.00..346232.03 rows=14592968 width=4) (actual time=0.020..25592.659 rows=14637966 loops=1)
        Filter: (info_type_id < 107)
        Rows Removed by Filter: 197754
  ->  Hash  (cost=67604.59..67604.59 rows=1540800 width=4) (actual time=5950.226..5950.226 rows=1543264 loops=1)
        Buckets: 131072  Batches: 32  Memory Usage: 2728kB
        ->  Seq Scan on title t  (cost=0.00..67604.59 rows=1540800 width=4) (actual time=0.011..4956.297 rows=1543264 loops=1)
              Filter: (kind_id = 7)
              Rows Removed by Filter: 985048
Planning time: 0.831 ms
Execution time: 44449.542 ms
