Hash Join  (cost=78670.55..576462.70 rows=1685622 width=0) (actual time=4109.830..33254.697 rows=716853 loops=1)
  Hash Cond: (mi.movie_id = t.id)
  ->  Seq Scan on movie_info mi  (cost=0.00..309384.22 rows=14739122 width=4) (actual time=0.023..20566.825 rows=14835720 loops=1)
  ->  Hash  (cost=73925.90..73925.90 rows=289172 width=4) (actual time=4103.864..4103.864 rows=292674 loops=1)
        Buckets: 131072  Batches: 4  Memory Usage: 3623kB
        ->  Seq Scan on title t  (cost=0.00..73925.90 rows=289172 width=4) (actual time=0.024..3937.962 rows=292674 loops=1)
              Filter: ((kind_id > 1) AND (production_year > 2010))
              Rows Removed by Filter: 2235638
Planning time: 0.803 ms
Execution time: 33364.124 ms
