Seq Scan on movie_keyword mk  (cost=0.00..81003.12 rows=2073516 width=0) (actual time=0.029..1401.273 rows=2073849 loops=1)
  Filter: (keyword_id > 5850)
  Rows Removed by Filter: 2450081
Planning time: 0.336 ms
Execution time: 1658.117 ms
