Hash Join  (cost=102767.86..215212.12 rows=2126163 width=0) (actual time=1963.474..5190.096 rows=2122743 loops=1)
  Hash Cond: (mc.movie_id = t.id)
  ->  Seq Scan on movie_companies mc  (cost=0.00..51404.11 rows=2126163 width=4) (actual time=0.011..1192.120 rows=2122743 loops=1)
        Filter: (company_id < 74905)
        Rows Removed by Filter: 486386
  ->  Hash  (cost=61283.27..61283.27 rows=2528527 width=4) (actual time=1962.601..1962.601 rows=2528312 loops=1)
        Buckets: 131072  Batches: 64  Memory Usage: 2415kB
        ->  Seq Scan on title t  (cost=0.00..61283.27 rows=2528527 width=4) (actual time=0.017..1099.150 rows=2528312 loops=1)
Planning time: 0.700 ms
Execution time: 5418.580 ms
