Hash Join  (cost=426015.10..1181498.42 rows=469411 width=0) (actual time=17560.411..61682.152 rows=1460175 loops=1)
  Hash Cond: (ci.movie_id = t.id)
  ->  Seq Scan on cast_info ci  (cost=0.00..614943.12 rows=36225612 width=4) (actual time=0.016..28630.844 rows=36244344 loops=1)
  ->  Hash  (cost=425605.53..425605.53 rows=32765 width=8) (actual time=17559.214..17559.214 rows=65137 loops=1)
        Buckets: 65536 (originally 32768)  Batches: 1 (originally 1)  Memory Usage: 3057kB
        ->  Hash Join  (cost=69283.60..425605.53 rows=32765 width=8) (actual time=3040.084..17531.642 rows=65137 loops=1)
              Hash Cond: (mi.movie_id = t.id)
              ->  Seq Scan on movie_info mi  (cost=0.00..346232.03 rows=809669 width=4) (actual time=0.015..14104.714 rows=802140 loops=1)
                    Filter: (info_type_id = 1)
                    Rows Removed by Filter: 14033580
              ->  Hash  (cost=67604.59..67604.59 rows=102321 width=4) (actual time=3039.372..3039.372 rows=100537 loops=1)
                    Buckets: 131072  Batches: 2  Memory Usage: 2803kB
                    ->  Seq Scan on title t  (cost=0.00..67604.59 rows=102321 width=4) (actual time=753.744..2996.079 rows=100537 loops=1)
                          Filter: (kind_id = 3)
                          Rows Removed by Filter: 2427775
Planning time: 1.096 ms
Execution time: 61921.245 ms
