Hash Join  (cost=148489.43..637397.31 rows=852995 width=0) (actual time=2568.901..14977.308 rows=5007633 loops=1)
  Hash Cond: (mi.movie_id = t.id)
  ->  Seq Scan on movie_info mi  (cost=0.00..309384.22 rows=14739122 width=4) (actual time=0.021..5834.390 rows=14835720 loops=1)
  ->  Hash  (cost=146088.27..146088.27 rows=146333 width=8) (actual time=2567.903..2567.903 rows=135500 loops=1)
        Buckets: 131072  Batches: 2  Memory Usage: 3673kB
        ->  Hash Join  (cost=79715.19..146088.27 rows=146333 width=8) (actual time=1078.121..2523.031 rows=135500 loops=1)
              Hash Cond: (mc.movie_id = t.id)
              ->  Seq Scan on movie_companies mc  (cost=0.00..51404.11 rows=1048702 width=4) (actual time=0.016..884.562 rows=1046772 loops=1)
                    Filter: (company_id < 6087)
                    Rows Removed by Filter: 1562357
              ->  Hash  (cost=73925.90..73925.90 rows=352823 width=4) (actual time=1077.264..1077.264 rows=302088 loops=1)
                    Buckets: 131072  Batches: 8  Memory Usage: 2342kB
                    ->  Seq Scan on title t  (cost=0.00..73925.90 rows=352823 width=4) (actual time=0.012..984.808 rows=302088 loops=1)
                          Filter: ((kind_id < 7) AND (production_year > 2006))
                          Rows Removed by Filter: 2226224
Planning time: 1.157 ms
Execution time: 15599.405 ms
