Hash Join  (cost=58358.70..85272.83 rows=3 width=0) (actual time=996.526..1366.231 rows=16 loops=1)
  Hash Cond: (mi_idx.movie_id = t.id)
  ->  Seq Scan on movie_info_idx mi_idx  (cost=0.00..25185.44 rows=460978 width=4) (actual time=0.024..400.679 rows=459925 loops=1)
        Filter: (info_type_id < 100)
        Rows Removed by Filter: 920110
  ->  Hash  (cost=58358.52..58358.52 rows=14 width=8) (actual time=899.132..899.132 rows=304 loops=1)
        Buckets: 1024  Batches: 1  Memory Usage: 20kB
        ->  Nested Loop  (cost=0.43..58358.52 rows=14 width=8) (actual time=377.662..898.940 rows=304 loops=1)
              ->  Seq Scan on movie_companies mc  (cost=0.00..57926.93 rows=51 width=4) (actual time=377.587..889.759 rows=304 loops=1)
                    Filter: ((company_id = 12503) AND (company_type_id = 1))
                    Rows Removed by Filter: 2608825
              ->  Index Scan using title_pkey on title t  (cost=0.43..8.45 rows=1 width=4) (actual time=0.029..0.029 rows=1 loops=304)
                    Index Cond: (id = mc.movie_id)
                    Filter: ((kind_id < 7) AND (production_year > 1987))
Planning time: 3.186 ms
Execution time: 1366.369 ms
