Hash Join  (cost=74050.79..1190814.52 rows=3780959 width=0) (actual time=3367.133..74111.357 rows=3749324 loops=1)
  Hash Cond: (ci.movie_id = t.id)
  ->  Seq Scan on cast_info ci  (cost=0.00..796071.18 rows=24332791 width=4) (actual time=0.027..52441.921 rows=24113523 loops=1)
        Filter: ((person_id > 306658) AND (role_id < 5))
        Rows Removed by Filter: 12130821
  ->  Hash  (cost=67604.59..67604.59 rows=392896 width=4) (actual time=3366.102..3366.102 rows=391666 loops=1)
        Buckets: 131072  Batches: 8  Memory Usage: 2753kB
        ->  Seq Scan on title t  (cost=0.00..67604.59 rows=392896 width=4) (actual time=0.018..3211.152 rows=391666 loops=1)
              Filter: (production_year > 2010)
              Rows Removed by Filter: 2136646
Planning time: 0.728 ms
Execution time: 74676.525 ms
