Hash Join  (cost=28267.52..114926.71 rows=115 width=0) (actual time=2222.456..6068.258 rows=12737 loops=1)
  Hash Cond: (mk.movie_id = t.id)
  ->  Seq Scan on movie_keyword mk  (cost=0.00..69693.30 rows=4523930 width=4) (actual time=0.013..3719.906 rows=4523930 loops=1)
  ->  Hash  (cost=28266.72..28266.72 rows=64 width=8) (actual time=1374.904..1374.904 rows=92 loops=1)
        Buckets: 1024  Batches: 1  Memory Usage: 12kB
        ->  Nested Loop  (cost=0.43..28266.72 rows=64 width=8) (actual time=749.283..1374.836 rows=92 loops=1)
              ->  Seq Scan on movie_info_idx mi_idx  (cost=0.00..25185.44 rows=368 width=4) (actual time=749.208..1292.685 rows=260 loops=1)
                    Filter: (info_type_id > 101)
                    Rows Removed by Filter: 1379775
              ->  Index Scan using title_pkey on title t  (cost=0.43..8.36 rows=1 width=4) (actual time=0.315..0.315 rows=0 loops=260)
                    Index Cond: (id = mi_idx.movie_id)
                    Filter: (production_year < 1975)
                    Rows Removed by Filter: 1
Planning time: 1.125 ms
Execution time: 6070.190 ms
