Seq Scan on cast_info ci  (cost=0.00..796071.18 rows=3451054 width=0) (actual time=4420.059..26875.595 rows=4038346 loops=1)
  Filter: ((person_id > 699684) AND (role_id = 10))
  Rows Removed by Filter: 32205998
Planning time: 0.418 ms
Execution time: 27549.529 ms
