Hash Join  (cost=107195.54..477122.59 rows=158043 width=0) (actual time=6169.462..22503.167 rows=454764 loops=1)
  Hash Cond: (mi.movie_id = t.id)
  ->  Seq Scan on movie_info mi  (cost=0.00..346232.03 rows=5897221 width=4) (actual time=1175.570..15519.008 rows=5884963 loops=1)
        Filter: (info_type_id < 7)
        Rows Removed by Filter: 8950757
  ->  Hash  (cost=106348.49..106348.49 rows=67764 width=8) (actual time=4989.304..4989.304 rows=72899 loops=1)
        Buckets: 131072  Batches: 1  Memory Usage: 3872kB
        ->  Hash Join  (cost=73702.75..106348.49 rows=67764 width=8) (actual time=3495.053..4962.670 rows=72899 loops=1)
              Hash Cond: (mi_idx.movie_id = t.id)
              ->  Seq Scan on movie_info_idx mi_idx  (cost=0.00..25185.44 rows=460978 width=4) (actual time=0.019..1126.887 rows=459925 loops=1)
                    Filter: (info_type_id = 99)
                    Rows Removed by Filter: 920110
              ->  Hash  (cost=67604.59..67604.59 rows=371693 width=4) (actual time=3493.487..3493.487 rows=366430 loops=1)
                    Buckets: 131072  Batches: 8  Memory Usage: 2627kB
                    ->  Seq Scan on title t  (cost=0.00..67604.59 rows=371693 width=4) (actual time=0.031..3362.956 rows=366430 loops=1)
                          Filter: (production_year < 1970)
                          Rows Removed by Filter: 2161882
Planning time: 1.294 ms
Execution time: 22570.177 ms
