Hash Join  (cost=83328.83..126388.29 rows=312798 width=0) (actual time=1471.834..2641.834 rows=220596 loops=1)
  Hash Cond: (mi_idx.movie_id = t.id)
  ->  Seq Scan on movie_info_idx mi_idx  (cost=0.00..21735.35 rows=1380035 width=4) (actual time=0.010..462.073 rows=1380035 loops=1)
  ->  Hash  (cost=73925.90..73925.90 rows=573114 width=4) (actual time=1471.032..1471.032 rows=446387 loops=1)
        Buckets: 131072  Batches: 8  Memory Usage: 2976kB
        ->  Seq Scan on title t  (cost=0.00..73925.90 rows=573114 width=4) (actual time=0.024..1324.173 rows=446387 loops=1)
              Filter: ((kind_id > 1) AND (production_year < 1994))
              Rows Removed by Filter: 2081925
Planning time: 0.742 ms
Execution time: 2669.789 ms
