Hash Join  (cost=71089.54..149160.73 rows=219167 width=0) (actual time=2756.254..6824.108 rows=428339 loops=1)
  Hash Cond: (mc.movie_id = t.id)
  ->  Seq Scan on movie_companies mc  (cost=0.00..44881.29 rows=2609129 width=4) (actual time=0.031..2529.024 rows=2609129 loops=1)
  ->  Hash  (cost=67604.59..67604.59 rows=212396 width=4) (actual time=2755.448..2755.448 rows=211624 loops=1)
        Buckets: 131072  Batches: 4  Memory Usage: 2883kB
        ->  Seq Scan on title t  (cost=0.00..67604.59 rows=212396 width=4) (actual time=0.015..2679.611 rows=211624 loops=1)
              Filter: (production_year < 1957)
              Rows Removed by Filter: 2316688
Planning time: 0.679 ms
Execution time: 6879.636 ms
