Hash Join  (cost=83074.74..432344.19 rows=79 width=0) (actual time=2842.206..6511.453 rows=38 loops=1)
  Hash Cond: (mi.movie_id = t.id)
  ->  Seq Scan on movie_info mi  (cost=0.00..346232.03 rows=809768 width=4) (actual time=1582.811..5162.887 rows=802140 loops=1)
        Filter: (info_type_id < 2)
        Rows Removed by Filter: 14033580
  ->  Hash  (cost=83071.67..83071.67 rows=246 width=8) (actual time=1252.653..1252.653 rows=35 loops=1)
        Buckets: 1024  Batches: 1  Memory Usage: 10kB
        ->  Nested Loop  (cost=0.43..83071.67 rows=246 width=8) (actual time=1.210..1252.600 rows=35 loops=1)
              ->  Seq Scan on movie_keyword mk  (cost=0.00..81003.12 rows=246 width=4) (actual time=1.091..1251.139 rows=35 loops=1)
                    Filter: (keyword_id = 16797)
                    Rows Removed by Filter: 4523895
              ->  Index Only Scan using title_pkey on title t  (cost=0.43..8.40 rows=1 width=4) (actual time=0.035..0.036 rows=1 loops=35)
                    Index Cond: (id = mk.movie_id)
                    Heap Fetches: 35
Planning time: 0.780 ms
Execution time: 6511.567 ms
