Seq Scan on cast_info ci  (cost=0.00..705507.15 rows=21619470 width=0) (actual time=0.030..12012.867 rows=21479100 loops=1)
  Filter: (person_id < 2177136)
  Rows Removed by Filter: 14765244
Planning time: 0.317 ms
Execution time: 14689.533 ms
