Hash Join  (cost=79907.83..121015.00 rows=198969 width=0) (actual time=1383.354..2254.538 rows=259790 loops=1)
  Hash Cond: (mi_idx.movie_id = t.id)
  ->  Seq Scan on movie_info_idx mi_idx  (cost=0.00..21735.35 rows=1380035 width=4) (actual time=0.022..450.899 rows=1380035 loops=1)
  ->  Hash  (cost=73925.90..73925.90 rows=364554 width=4) (actual time=1120.103..1120.103 rows=274015 loops=1)
        Buckets: 131072  Batches: 8  Memory Usage: 2229kB
        ->  Seq Scan on title t  (cost=0.00..73925.90 rows=364554 width=4) (actual time=394.810..1033.504 rows=274015 loops=1)
              Filter: ((kind_id < 2) AND (production_year > 2000))
              Rows Removed by Filter: 2254297
Planning time: 0.812 ms
Execution time: 2284.452 ms
