Hash Join  (cost=74426.67..167374.48 rows=48420 width=0) (actual time=1381.946..2635.624 rows=6526 loops=1)
  Hash Cond: (mk.movie_id = t.id)
  ->  Seq Scan on movie_keyword mk  (cost=0.00..81003.12 rows=3056131 width=4) (actual time=0.015..1216.282 rows=3038123 loops=1)
        Filter: (keyword_id > 2125)
        Rows Removed by Filter: 1485807
  ->  Hash  (cost=73925.90..73925.90 rows=40061 width=4) (actual time=1005.789..1005.789 rows=40120 loops=1)
        Buckets: 65536  Batches: 1  Memory Usage: 1923kB
        ->  Seq Scan on title t  (cost=0.00..73925.90 rows=40061 width=4) (actual time=333.918..991.225 rows=40120 loops=1)
              Filter: ((kind_id = 7) AND (production_year = 2013))
              Rows Removed by Filter: 2488192
Planning time: 0.571 ms
Execution time: 2636.666 ms
