Seq Scan on movie_companies mc  (cost=0.00..57926.93 rows=373456 width=0) (actual time=0.027..846.493 rows=690472 loops=1)
  Filter: ((company_id > 39272) AND (company_type_id = 2))
  Rows Removed by Filter: 1918657
Planning time: 0.370 ms
Execution time: 935.450 ms
