Hash Join  (cost=102637.10..190004.73 rows=70960 width=0) (actual time=1973.779..4511.699 rows=553869 loops=1)
  Hash Cond: (mk.movie_id = t.id)
  ->  Seq Scan on movie_keyword mk  (cost=0.00..69693.30 rows=4523930 width=4) (actual time=0.013..1078.641 rows=4523930 loops=1)
  ->  Hash  (cost=102141.33..102141.33 rows=39661 width=8) (actual time=1973.207..1973.207 rows=96078 loops=1)
        Buckets: 131072 (originally 65536)  Batches: 2 (originally 1)  Memory Usage: 3073kB
        ->  Hash Join  (cost=74834.24..102141.33 rows=39661 width=8) (actual time=1208.468..1937.901 rows=96078 loops=1)
              Hash Cond: (mi_idx.movie_id = t.id)
              ->  Seq Scan on movie_info_idx mi_idx  (cost=0.00..21735.35 rows=1380035 width=4) (actual time=0.025..349.070 rows=1380035 loops=1)
              ->  Hash  (cost=73925.90..73925.90 rows=72667 width=4) (actual time=1207.798..1207.798 rows=85275 loops=1)
                    Buckets: 131072  Batches: 1  Memory Usage: 4022kB
                    ->  Seq Scan on title t  (cost=0.00..73925.90 rows=72667 width=4) (actual time=309.451..1174.866 rows=85275 loops=1)
                          Filter: ((production_year < 2009) AND (kind_id = 3))
                          Rows Removed by Filter: 2443037
Planning time: 1.231 ms
Execution time: 4574.751 ms
