Hash Join  (cost=81206.46..182332.34 rows=242301 width=0) (actual time=1281.861..3626.518 rows=753210 loops=1)
  Hash Cond: (mk.movie_id = t.id)
  ->  Seq Scan on movie_keyword mk  (cost=0.00..81003.12 rows=1380733 width=4) (actual time=0.013..1466.332 rows=1393689 loops=1)
        Filter: (keyword_id < 1881)
        Rows Removed by Filter: 3130241
  ->  Hash  (cost=73925.90..73925.90 rows=443724 width=4) (actual time=1280.891..1280.891 rows=536860 loops=1)
        Buckets: 131072  Batches: 8  Memory Usage: 3402kB
        ->  Seq Scan on title t  (cost=0.00..73925.90 rows=443724 width=4) (actual time=0.011..1111.929 rows=536860 loops=1)
              Filter: ((kind_id < 7) AND (production_year < 2002))
              Rows Removed by Filter: 1991452
Planning time: 0.540 ms
Execution time: 3709.480 ms
