Seq Scan on title t  (cost=0.00..73925.90 rows=552760 width=0) (actual time=648.374..1254.323 rows=429855 loops=1)
  Filter: ((production_year > 1969) AND (kind_id = 1))
  Rows Removed by Filter: 2098457
Planning time: 0.453 ms
Execution time: 1309.116 ms
