Hash Join  (cost=102767.86..170484.52 rows=267357 width=0) (actual time=1994.675..3470.212 rows=262833 loops=1)
  Hash Cond: (mc.movie_id = t.id)
  ->  Seq Scan on movie_companies mc  (cost=0.00..51404.11 rows=267357 width=4) (actual time=0.046..858.278 rows=262833 loops=1)
        Filter: (company_id < 137)
        Rows Removed by Filter: 2346296
  ->  Hash  (cost=61283.27..61283.27 rows=2528527 width=4) (actual time=1992.222..1992.222 rows=2528312 loops=1)
        Buckets: 131072  Batches: 64  Memory Usage: 2415kB
        ->  Seq Scan on title t  (cost=0.00..61283.27 rows=2528527 width=4) (actual time=0.015..1161.000 rows=2528312 loops=1)
Planning time: 0.728 ms
Execution time: 3502.141 ms
