Hash Join  (cost=102767.86..482018.34 rows=961628 width=0) (actual time=4741.365..8658.449 rows=1013173 loops=1)
  Hash Cond: (mi.movie_id = t.id)
  ->  Seq Scan on movie_info mi  (cost=0.00..346232.03 rows=961628 width=4) (actual time=2715.036..5507.031 rows=1013173 loops=1)
        Filter: (info_type_id > 86)
        Rows Removed by Filter: 13822547
  ->  Hash  (cost=61283.27..61283.27 rows=2528527 width=4) (actual time=2023.665..2023.665 rows=2528312 loops=1)
        Buckets: 131072  Batches: 64  Memory Usage: 2425kB
        ->  Seq Scan on title t  (cost=0.00..61283.27 rows=2528527 width=4) (actual time=0.027..1165.079 rows=2528312 loops=1)
Planning time: 1.753 ms
Execution time: 8765.451 ms
