Seq Scan on movie_keyword mk  (cost=0.00..81003.12 rows=4488516 width=0) (actual time=0.025..1647.266 rows=4491092 loops=1)
  Filter: (keyword_id < 108740)
  Rows Removed by Filter: 32838
Planning time: 0.305 ms
Execution time: 2190.603 ms
