Hash Join  (cost=188944.04..324354.77 rows=1100569 width=0) (actual time=4022.358..8405.035 rows=4179166 loops=1)
  Hash Cond: (mk.movie_id = t.id)
  ->  Seq Scan on movie_keyword mk  (cost=0.00..69693.30 rows=4523930 width=4) (actual time=0.020..1449.978 rows=4523930 loops=1)
  ->  Hash  (cost=178851.88..178851.88 rows=615133 width=8) (actual time=4021.288..4021.288 rows=619304 loops=1)
        Buckets: 131072  Batches: 16  Memory Usage: 2559kB
        ->  Hash Join  (cost=102767.86..178851.88 rows=615133 width=8) (actual time=1970.570..3829.742 rows=619304 loops=1)
              Hash Cond: (mc.movie_id = t.id)
              ->  Seq Scan on movie_companies mc  (cost=0.00..51404.11 rows=615133 width=4) (actual time=58.181..978.818 rows=619304 loops=1)
                    Filter: (company_id > 62457)
                    Rows Removed by Filter: 1989825
              ->  Hash  (cost=61283.27..61283.27 rows=2528527 width=4) (actual time=1911.269..1911.269 rows=2528312 loops=1)
                    Buckets: 131072  Batches: 64  Memory Usage: 2415kB
                    ->  Seq Scan on title t  (cost=0.00..61283.27 rows=2528527 width=4) (actual time=0.016..1056.687 rows=2528312 loops=1)
Planning time: 1.096 ms
Execution time: 8876.549 ms
