Hash Join  (cost=28267.71..82933.30 rows=6 width=0) (actual time=673.438..1605.206 rows=220 loops=1)
  Hash Cond: (mc.movie_id = t.id)
  ->  Seq Scan on movie_companies mc  (cost=0.00..44881.29 rows=2609129 width=4) (actual time=0.014..664.454 rows=2609129 loops=1)
  ->  Hash  (cost=28267.64..28267.64 rows=6 width=8) (actual time=479.012..479.012 rows=6 loops=1)
        Buckets: 1024  Batches: 1  Memory Usage: 9kB
        ->  Nested Loop  (cost=0.43..28267.64 rows=6 width=8) (actual time=152.456..478.999 rows=6 loops=1)
              ->  Seq Scan on movie_info_idx mi_idx  (cost=0.00..25185.44 rows=368 width=4) (actual time=151.307..470.172 rows=260 loops=1)
                    Filter: (info_type_id > 101)
                    Rows Removed by Filter: 1379775
              ->  Index Scan using title_pkey on title t  (cost=0.43..8.37 rows=1 width=4) (actual time=0.033..0.033 rows=0 loops=260)
                    Index Cond: (id = mi_idx.movie_id)
                    Filter: ((kind_id = 1) AND (production_year = 2011))
                    Rows Removed by Filter: 1
Planning time: 1.980 ms
Execution time: 1605.403 ms
