Hash Join  (cost=161402.02..518847.93 rows=24080 width=0) (actual time=3021.101..8765.618 rows=1718325 loops=1)
  Hash Cond: (mi.movie_id = t.id)
  ->  Seq Scan on movie_info mi  (cost=0.00..346232.03 rows=2194617 width=4) (actual time=0.010..4923.398 rows=2233850 loops=1)
        Filter: (info_type_id > 16)
        Rows Removed by Filter: 12601870
  ->  Hash  (cost=161055.22..161055.22 rows=27744 width=8) (actual time=3020.750..3020.750 rows=63277 loops=1)
        Buckets: 65536 (originally 32768)  Batches: 1 (originally 1)  Memory Usage: 2984kB
        ->  Hash Join  (cost=74119.74..161055.22 rows=27744 width=8) (actual time=1189.329..2999.724 rows=63277 loops=1)
              Hash Cond: (mk.movie_id = t.id)
              ->  Seq Scan on movie_keyword mk  (cost=0.00..69693.30 rows=4523930 width=4) (actual time=0.022..972.216 rows=4523930 loops=1)
              ->  Hash  (cost=73925.90..73925.90 rows=15507 width=4) (actual time=1189.135..1189.135 rows=11835 loops=1)
                    Buckets: 16384  Batches: 1  Memory Usage: 545kB
                    ->  Seq Scan on title t  (cost=0.00..73925.90 rows=15507 width=4) (actual time=3.519..1183.577 rows=11835 loops=1)
                          Filter: ((kind_id < 7) AND (production_year = 1995))
                          Rows Removed by Filter: 2516477
Planning time: 1.885 ms
Execution time: 8971.414 ms
