Nested Loop  (cost=0.43..52283.95 rows=77 width=0) (actual time=0.107..2567.594 rows=261 loops=1)
  ->  Seq Scan on movie_companies mc  (cost=0.00..51404.11 rows=104 width=4) (actual time=0.059..2413.594 rows=617 loops=1)
        Filter: (company_id = 2346)
        Rows Removed by Filter: 2608512
  ->  Index Scan using title_pkey on title t  (cost=0.43..8.45 rows=1 width=4) (actual time=0.248..0.248 rows=0 loops=617)
        Index Cond: (id = mc.movie_id)
        Filter: (kind_id > 1)
        Rows Removed by Filter: 1
Planning time: 0.691 ms
Execution time: 2567.850 ms
