Hash Join  (cost=75709.76..152306.01 rows=112173 width=0) (actual time=1245.227..3055.932 rows=52283 loops=1)
  Hash Cond: (mc.movie_id = t.id)
  ->  Seq Scan on movie_companies mc  (cost=0.00..44881.29 rows=2609129 width=4) (actual time=0.016..883.400 rows=2609129 loops=1)
  ->  Hash  (cost=73925.90..73925.90 rows=108708 width=4) (actual time=1244.257..1244.257 rows=115965 loops=1)
        Buckets: 131072  Batches: 2  Memory Usage: 3062kB
        ->  Seq Scan on title t  (cost=0.00..73925.90 rows=108708 width=4) (actual time=0.016..1201.795 rows=115965 loops=1)
              Filter: ((kind_id > 3) AND (production_year = 2012))
              Rows Removed by Filter: 2412347
Planning time: 0.756 ms
Execution time: 3063.450 ms
