Hash Join  (cost=83073.23..447730.67 rows=151 width=0) (actual time=1356.481..8257.780 rows=11963 loops=1)
  Hash Cond: (mi.movie_id = t.id)
  ->  Seq Scan on movie_info mi  (cost=0.00..309384.22 rows=14739122 width=4) (actual time=0.010..4306.332 rows=14835720 loops=1)
  ->  Hash  (cost=83072.90..83072.90 rows=26 width=8) (actual time=1353.580..1353.580 rows=185 loops=1)
        Buckets: 1024  Batches: 1  Memory Usage: 16kB
        ->  Nested Loop  (cost=0.43..83072.90 rows=26 width=8) (actual time=2.646..1353.311 rows=185 loops=1)
              ->  Seq Scan on movie_keyword mk  (cost=0.00..81003.12 rows=246 width=4) (actual time=2.606..1270.163 rows=1922 loops=1)
                    Filter: (keyword_id = 3338)
                    Rows Removed by Filter: 4522008
              ->  Index Scan using title_pkey on title t  (cost=0.43..8.40 rows=1 width=4) (actual time=0.042..0.042 rows=0 loops=1922)
                    Index Cond: (id = mk.movie_id)
                    Filter: ((production_year > 2005) AND (kind_id = 1))
                    Rows Removed by Filter: 1
Planning time: 1.080 ms
Execution time: 8260.107 ms
