Hash Join  (cost=285298.15..395824.31 rows=2336822 width=0) (actual time=6411.004..12730.389 rows=16800322 loops=1)
  Hash Cond: (mc.movie_id = t.id)
  ->  Seq Scan on movie_companies mc  (cost=0.00..44881.29 rows=2609129 width=4) (actual time=0.015..1018.885 rows=2609129 loops=1)
  ->  Hash  (cost=248143.25..248143.25 rows=2264632 width=8) (actual time=6409.667..6409.667 rows=2267039 loops=1)
        Buckets: 131072  Batches: 32  Memory Usage: 3778kB
        ->  Hash Join  (cost=102767.86..248143.25 rows=2264632 width=8) (actual time=1975.881..5793.028 rows=2267039 loops=1)
              Hash Cond: (mk.movie_id = t.id)
              ->  Seq Scan on movie_keyword mk  (cost=0.00..81003.12 rows=2264632 width=4) (actual time=0.021..1696.311 rows=2267039 loops=1)
                    Filter: (keyword_id < 4739)
                    Rows Removed by Filter: 2256891
              ->  Hash  (cost=61283.27..61283.27 rows=2528527 width=4) (actual time=1974.634..1974.634 rows=2528312 loops=1)
                    Buckets: 131072  Batches: 64  Memory Usage: 2425kB
                    ->  Seq Scan on title t  (cost=0.00..61283.27 rows=2528527 width=4) (actual time=0.054..1106.549 rows=2528312 loops=1)
Planning time: 1.049 ms
Execution time: 14472.216 ms
