Hash Join  (cost=193912.17..231953.32 rows=107325 width=0) (actual time=4191.552..4823.164 rows=76190 loops=1)
  Hash Cond: (mi_idx.movie_id = t.id)
  ->  Seq Scan on movie_info_idx mi_idx  (cost=0.00..25185.44 rows=919057 width=4) (actual time=0.015..549.080 rows=920110 loops=1)
        Filter: (info_type_id > 99)
        Rows Removed by Filter: 459925
  ->  Hash  (cost=189067.25..189067.25 rows=295274 width=8) (actual time=3893.480..3893.480 rows=58207 loops=1)
        Buckets: 131072  Batches: 4  Memory Usage: 1603kB
        ->  Hash Join  (cost=92883.59..189067.25 rows=295274 width=8) (actual time=2357.307..3875.647 rows=58207 loops=1)
              Hash Cond: (mk.movie_id = t.id)
              ->  Seq Scan on movie_keyword mk  (cost=0.00..81003.12 rows=484559 width=4) (actual time=0.011..1410.027 rows=479920 loops=1)
                    Filter: (keyword_id > 37279)
                    Rows Removed by Filter: 4044010
              ->  Hash  (cost=67604.59..67604.59 rows=1540800 width=4) (actual time=1975.198..1975.198 rows=1543264 loops=1)
                    Buckets: 131072  Batches: 32  Memory Usage: 2728kB
                    ->  Seq Scan on title t  (cost=0.00..67604.59 rows=1540800 width=4) (actual time=0.015..1249.366 rows=1543264 loops=1)
                          Filter: (kind_id = 7)
                          Rows Removed by Filter: 985048
Planning time: 0.782 ms
Execution time: 4833.609 ms
