Seq Scan on movie_keyword mk  (cost=0.00..81003.12 rows=2084986 width=0) (actual time=0.029..1453.737 rows=2093223 loops=1)
  Filter: (keyword_id < 3755)
  Rows Removed by Filter: 2430707
Planning time: 0.331 ms
Execution time: 1713.538 ms
