Seq Scan on movie_keyword mk  (cost=0.00..81003.12 rows=4055846 width=0) (actual time=0.014..3707.130 rows=4058645 loops=1)
  Filter: (keyword_id < 38259)
  Rows Removed by Filter: 465285
Planning time: 6.412 ms
Execution time: 4311.054 ms
