Seq Scan on cast_info ci  (cost=0.00..705507.15 rows=31030205 width=0) (actual time=0.023..13719.308 rows=30989272 loops=1)
  Filter: (person_id < 3136307)
  Rows Removed by Filter: 5255072
Planning time: 0.388 ms
Execution time: 17574.294 ms
