Seq Scan on movie_companies mc  (cost=0.00..57926.93 rows=861098 width=0) (actual time=0.025..1048.829 rows=1066808 loops=1)
  Filter: ((company_id > 3141) AND (company_type_id = 2))
  Rows Removed by Filter: 1542321
Planning time: 4.558 ms
Execution time: 1180.596 ms
