Seq Scan on movie_companies mc  (cost=0.00..57926.93 rows=1106927 width=0) (actual time=0.026..1165.936 rows=1229789 loops=1)
  Filter: ((company_id > 323) AND (company_type_id > 1))
  Rows Removed by Filter: 1379340
Planning time: 1.419 ms
Execution time: 1317.917 ms
