Seq Scan on movie_keyword mk  (cost=0.00..81003.12 rows=246 width=0) (actual time=1.799..1231.294 rows=869 loops=1)
  Filter: (keyword_id = 8269)
  Rows Removed by Filter: 4523061
Planning time: 0.327 ms
Execution time: 1231.680 ms
