Hash Join  (cost=106878.65..193858.65 rows=32196 width=0) (actual time=3252.070..3657.292 rows=26456 loops=1)
  Hash Cond: (mk.movie_id = t.id)
  ->  Seq Scan on movie_keyword mk  (cost=0.00..69693.30 rows=4523930 width=4) (actual time=0.018..934.066 rows=4523930 loops=1)
  ->  Hash  (cost=106653.71..106653.71 rows=17995 width=8) (actual time=1914.015..1914.015 rows=8028 loops=1)
        Buckets: 32768  Batches: 1  Memory Usage: 570kB
        ->  Hash Join  (cost=75533.21..106653.71 rows=17995 width=8) (actual time=1472.098..1910.422 rows=8028 loops=1)
              Hash Cond: (mi_idx.movie_id = t.id)
              ->  Seq Scan on movie_info_idx mi_idx  (cost=0.00..25185.44 rows=464566 width=4) (actual time=0.017..485.725 rows=459925 loops=1)
                    Filter: (info_type_id = 101)
                    Rows Removed by Filter: 920110
              ->  Hash  (cost=73925.90..73925.90 rows=97944 width=4) (actual time=1233.490..1233.490 rows=106247 loops=1)
                    Buckets: 131072  Batches: 2  Memory Usage: 2890kB
                    ->  Seq Scan on title t  (cost=0.00..73925.90 rows=97944 width=4) (actual time=0.012..1194.739 rows=106247 loops=1)
                          Filter: ((kind_id = 7) AND (production_year = 2011))
                          Rows Removed by Filter: 2422065
Planning time: 1.158 ms
Execution time: 3660.760 ms
