Hash Join  (cost=76503.02..1133420.22 rows=2250004 width=0) (actual time=1188.370..30931.581 rows=2941608 loops=1)
  Hash Cond: (ci.movie_id = t.id)
  ->  Seq Scan on cast_info ci  (cost=0.00..614943.12 rows=36225612 width=4) (actual time=0.014..12811.498 rows=36244344 loops=1)
  ->  Hash  (cost=73925.90..73925.90 rows=157049 width=4) (actual time=1187.497..1187.497 rows=258048 loops=1)
        Buckets: 131072  Batches: 4  Memory Usage: 3295kB
        ->  Seq Scan on title t  (cost=0.00..73925.90 rows=157049 width=4) (actual time=0.011..1104.795 rows=258048 loops=1)
              Filter: ((kind_id < 7) AND (production_year < 1972))
              Rows Removed by Filter: 2270264
Planning time: 0.780 ms
Execution time: 31265.109 ms
