Hash Join  (cost=74050.79..207089.81 rows=598265 width=0) (actual time=1182.904..4597.997 rows=246861 loops=1)
  Hash Cond: (mk.movie_id = t.id)
  ->  Seq Scan on movie_keyword mk  (cost=0.00..81003.12 rows=3850200 width=4) (actual time=0.014..1755.511 rows=3846391 loops=1)
        Filter: (keyword_id < 27637)
        Rows Removed by Filter: 677539
  ->  Hash  (cost=67604.59..67604.59 rows=392896 width=4) (actual time=1180.702..1180.702 rows=391666 loops=1)
        Buckets: 131072  Batches: 8  Memory Usage: 2759kB
        ->  Seq Scan on title t  (cost=0.00..67604.59 rows=392896 width=4) (actual time=0.024..1049.709 rows=391666 loops=1)
              Filter: (production_year > 2010)
              Rows Removed by Filter: 2136646
Planning time: 0.722 ms
Execution time: 4629.554 ms
