Hash Join  (cost=1137544.79..1972909.64 rows=26416031 width=0) (actual time=59568.504..129743.648 rows=147920146 loops=1)
  Hash Cond: (mi.movie_id = t.id)
  ->  Seq Scan on movie_info mi  (cost=0.00..309384.22 rows=14739122 width=4) (actual time=0.015..20274.884 rows=14835720 loops=1)
  ->  Hash  (cost=1063195.23..1063195.23 rows=4531725 width=8) (actual time=59567.671..59567.671 rows=5026365 loops=1)
        Buckets: 131072 (originally 131072)  Batches: 128 (originally 64)  Memory Usage: 4154kB
        ->  Hash Join  (cost=83810.17..1063195.23 rows=4531725 width=8) (actual time=4220.426..58027.424 rows=5026365 loops=1)
              Hash Cond: (ci.movie_id = t.id)
              ->  Seq Scan on cast_info ci  (cost=0.00..796071.18 rows=11600967 width=4) (actual time=0.014..44560.250 rows=11762634 loops=1)
                    Filter: ((person_id > 170709) AND (role_id > 3))
                    Rows Removed by Filter: 24481710
              ->  Hash  (cost=67604.59..67604.59 rows=987727 width=4) (actual time=4219.657..4219.657 rows=985048 loops=1)
                    Buckets: 131072  Batches: 16  Memory Usage: 3188kB
                    ->  Seq Scan on title t  (cost=0.00..67604.59 rows=987727 width=4) (actual time=0.017..3606.120 rows=985048 loops=1)
                          Filter: (kind_id < 7)
                          Rows Removed by Filter: 1543264
Planning time: 1.135 ms
Execution time: 146754.262 ms
