Nested Loop  (cost=44377.22..861874.46 rows=5694 width=0) (actual time=6797.935..11190.193 rows=8613 loops=1)
  Join Filter: (ci.movie_id = t.id)
  ->  Hash Join  (cost=44376.79..848981.20 rows=21746 width=8) (actual time=6797.801..10996.619 rows=12516 loops=1)
        Hash Cond: (ci.movie_id = mi_idx.movie_id)
        ->  Seq Scan on cast_info ci  (cost=0.00..796071.18 rows=15993 width=4) (actual time=5883.303..9858.463 rows=6091 loops=1)
              Filter: ((person_id < 157620) AND (role_id > 10))
              Rows Removed by Filter: 36238253
        ->  Hash  (cost=21735.35..21735.35 rows=1380035 width=4) (actual time=912.692..912.692 rows=1380035 loops=1)
              Buckets: 131072  Batches: 32  Memory Usage: 2540kB
              ->  Seq Scan on movie_info_idx mi_idx  (cost=0.00..21735.35 rows=1380035 width=4) (actual time=0.023..489.669 rows=1380035 loops=1)
  ->  Index Scan using title_pkey on title t  (cost=0.43..0.58 rows=1 width=4) (actual time=0.015..0.015 rows=1 loops=12516)
        Index Cond: (id = mi_idx.movie_id)
        Filter: (production_year > 1994)
        Rows Removed by Filter: 0
Planning time: 1.259 ms
Execution time: 11191.948 ms
