Hash Join  (cost=131307.60..886461.12 rows=436436 width=0) (actual time=2414.152..21030.800 rows=736462 loops=1)
  Hash Cond: (ci.movie_id = t.id)
  ->  Seq Scan on cast_info ci  (cost=0.00..614943.12 rows=36225612 width=4) (actual time=0.009..9260.504 rows=36244344 loops=1)
  ->  Hash  (cost=130926.81..130926.81 rows=30463 width=8) (actual time=2413.726..2413.726 rows=20489 loops=1)
        Buckets: 32768  Batches: 1  Memory Usage: 1057kB
        ->  Hash Join  (cost=74730.49..130926.81 rows=30463 width=8) (actual time=1104.199..2405.059 rows=20489 loops=1)
              Hash Cond: (mc.movie_id = t.id)
              ->  Seq Scan on movie_companies mc  (cost=0.00..51404.11 rows=1196687 width=4) (actual time=0.033..961.249 rows=1188692 loops=1)
                    Filter: (company_id < 10583)
                    Rows Removed by Filter: 1420437
              ->  Hash  (cost=73925.90..73925.90 rows=64367 width=4) (actual time=1103.676..1103.676 rows=53905 loops=1)
                    Buckets: 65536  Batches: 1  Memory Usage: 2408kB
                    ->  Seq Scan on title t  (cost=0.00..73925.90 rows=64367 width=4) (actual time=0.078..1082.406 rows=53905 loops=1)
                          Filter: ((kind_id < 7) AND (production_year = 2012))
                          Rows Removed by Filter: 2474407
Planning time: 6.349 ms
Execution time: 21134.780 ms
