Seq Scan on movie_keyword mk  (cost=0.00..81003.12 rows=3757997 width=0) (actual time=0.032..1465.777 rows=3756987 loops=1)
  Filter: (keyword_id > 722)
  Rows Removed by Filter: 766943
Planning time: 0.282 ms
Execution time: 1904.430 ms
