Seq Scan on movie_keyword mk  (cost=0.00..81003.12 rows=246 width=0) (actual time=0.798..1234.608 rows=2401 loops=1)
  Filter: (keyword_id = 1586)
  Rows Removed by Filter: 4521529
Planning time: 0.362 ms
Execution time: 1235.452 ms
