Seq Scan on movie_companies mc  (cost=0.00..57926.93 rows=1181808 width=0) (actual time=385.290..1087.791 rows=1274246 loops=1)
  Filter: ((company_id < 113218) AND (company_type_id < 2))
  Rows Removed by Filter: 1334883
Planning time: 0.328 ms
Execution time: 1237.759 ms
