Hash Join  (cost=83074.74..109986.57 rows=134 width=0) (actual time=1299.773..1850.954 rows=1971 loops=1)
  Hash Cond: (mi_idx.movie_id = t.id)
  ->  Seq Scan on movie_info_idx mi_idx  (cost=0.00..21735.35 rows=1380035 width=4) (actual time=0.010..302.760 rows=1380035 loops=1)
  ->  Hash  (cost=83071.67..83071.67 rows=246 width=8) (actual time=1292.436..1292.436 rows=742 loops=1)
        Buckets: 1024  Batches: 1  Memory Usage: 37kB
        ->  Nested Loop  (cost=0.43..83071.67 rows=246 width=8) (actual time=1.252..1291.868 rows=742 loops=1)
              ->  Seq Scan on movie_keyword mk  (cost=0.00..81003.12 rows=246 width=4) (actual time=1.225..1256.245 rows=742 loops=1)
                    Filter: (keyword_id = 462)
                    Rows Removed by Filter: 4523188
              ->  Index Only Scan using title_pkey on title t  (cost=0.43..8.40 rows=1 width=4) (actual time=0.046..0.046 rows=1 loops=742)
                    Index Cond: (id = mk.movie_id)
                    Heap Fetches: 742
Planning time: 0.957 ms
Execution time: 1851.391 ms
