Hash Join  (cost=123567.61..220782.26 rows=61652 width=0) (actual time=2558.570..4929.681 rows=537324 loops=1)
  Hash Cond: (mk.movie_id = t.id)
  ->  Seq Scan on movie_keyword mk  (cost=0.00..81003.12 rows=4158667 width=4) (actual time=0.028..1602.964 rows=4161391 loops=1)
        Filter: (keyword_id < 46129)
        Rows Removed by Filter: 362539
  ->  Hash  (cost=123099.05..123099.05 rows=37485 width=8) (actual time=2556.835..2556.835 rows=34035 loops=1)
        Buckets: 65536  Batches: 1  Memory Usage: 1842kB
        ->  Hash Join  (cost=68058.67..123099.05 rows=37485 width=8) (actual time=1170.575..2542.825 rows=34035 loops=1)
              Hash Cond: (mc.movie_id = t.id)
              ->  Seq Scan on movie_companies mc  (cost=0.00..44881.29 rows=2609129 width=4) (actual time=0.019..684.412 rows=2609129 loops=1)
              ->  Hash  (cost=67604.59..67604.59 rows=36327 width=4) (actual time=1170.220..1170.220 rows=36509 loops=1)
                    Buckets: 65536  Batches: 1  Memory Usage: 1796kB
                    ->  Seq Scan on title t  (cost=0.00..67604.59 rows=36327 width=4) (actual time=0.030..1154.491 rows=36509 loops=1)
                          Filter: (production_year = 1996)
                          Rows Removed by Filter: 2491803
Planning time: 1.187 ms
Execution time: 4993.688 ms
