Hash Join  (cost=128068.83..214850.52 rows=12365 width=0) (actual time=2557.954..4490.573 rows=235990 loops=1)
  Hash Cond: (mk.movie_id = t.id)
  ->  Seq Scan on movie_keyword mk  (cost=0.00..69693.30 rows=4523930 width=4) (actual time=0.016..1015.405 rows=4523930 loops=1)
  ->  Hash  (cost=127982.44..127982.44 rows=6911 width=8) (actual time=2556.214..2556.214 rows=14581 loops=1)
        Buckets: 16384 (originally 8192)  Batches: 1 (originally 1)  Memory Usage: 698kB
        ->  Hash Join  (cost=67697.55..127982.44 rows=6911 width=8) (actual time=1021.060..2549.600 rows=14581 loops=1)
              Hash Cond: (mc.movie_id = t.id)
              ->  Seq Scan on movie_companies mc  (cost=0.00..51404.11 rows=2349779 width=4) (actual time=0.019..1066.934 rows=2353758 loops=1)
                    Filter: (company_id > 122)
                    Rows Removed by Filter: 255371
              ->  Hash  (cost=67604.59..67604.59 rows=7437 width=4) (actual time=1019.133..1019.133 rows=13623 loops=1)
                    Buckets: 16384 (originally 8192)  Batches: 1 (originally 1)  Memory Usage: 607kB
                    ->  Seq Scan on title t  (cost=0.00..67604.59 rows=7437 width=4) (actual time=0.112..1012.746 rows=13623 loops=1)
                          Filter: (production_year = 1972)
                          Rows Removed by Filter: 2514689
Planning time: 1.230 ms
Execution time: 4522.240 ms
