Nested Loop  (cost=0.43..816192.27 rows=79 width=0) (actual time=2767.772..35273.922 rows=5431 loops=1)
  ->  Seq Scan on cast_info ci  (cost=0.00..796071.18 rows=2571 width=4) (actual time=2759.279..25445.563 rows=160723 loops=1)
        Filter: ((person_id > 4008698) AND (role_id > 10))
        Rows Removed by Filter: 36083621
  ->  Index Scan using title_pkey on title t  (cost=0.43..7.82 rows=1 width=4) (actual time=0.061..0.061 rows=0 loops=160723)
        Index Cond: (id = ci.movie_id)
        Filter: ((kind_id = 7) AND (production_year = 2009))
        Rows Removed by Filter: 1
Planning time: 5.522 ms
Execution time: 35275.814 ms
