Seq Scan on movie_companies mc  (cost=0.00..57926.93 rows=53 width=0) (actual time=628.920..953.772 rows=38 loops=1)
  Filter: ((company_id = 11531) AND (company_type_id = 2))
  Rows Removed by Filter: 2609091
Planning time: 0.383 ms
Execution time: 953.887 ms
