Hash Join  (cost=97725.07..512719.20 rows=2227713 width=0) (actual time=3380.240..11358.457 rows=2312169 loops=1)
  Hash Cond: (mi.movie_id = t.id)
  ->  Seq Scan on movie_info mi  (cost=0.00..346232.03 rows=3068194 width=4) (actual time=1529.631..5874.959 rows=3036719 loops=1)
        Filter: (info_type_id = 16)
        Rows Removed by Filter: 11799001
  ->  Hash  (cost=67604.59..67604.59 rows=1835879 width=4) (actual time=1848.912..1848.912 rows=1833367 loops=1)
        Buckets: 131072  Batches: 32  Memory Usage: 3053kB
        ->  Seq Scan on title t  (cost=0.00..67604.59 rows=1835879 width=4) (actual time=0.027..1273.958 rows=1833367 loops=1)
              Filter: (production_year > 1986)
              Rows Removed by Filter: 694945
Planning time: 0.522 ms
Execution time: 11613.472 ms
