Hash Join  (cost=162263.85..574675.71 rows=285370 width=0) (actual time=3029.632..11211.385 rows=92826 loops=1)
  Hash Cond: (mi.movie_id = t.id)
  ->  Seq Scan on movie_info mi  (cost=0.00..346232.03 rows=12665229 width=4) (actual time=0.017..6259.416 rows=12744652 loops=1)
        Filter: (info_type_id > 2)
        Rows Removed by Filter: 2091068
  ->  Hash  (cost=161551.70..161551.70 rows=56972 width=8) (actual time=2751.059..2751.059 rows=12672 loops=1)
        Buckets: 65536  Batches: 1  Memory Usage: 1007kB
        ->  Hash Join  (cost=74323.94..161551.70 rows=56972 width=8) (actual time=1377.375..2746.514 rows=12672 loops=1)
              Hash Cond: (mk.movie_id = t.id)
              ->  Seq Scan on movie_keyword mk  (cost=0.00..69693.30 rows=4523930 width=4) (actual time=0.020..983.398 rows=4523930 loops=1)
              ->  Hash  (cost=73925.90..73925.90 rows=31843 width=4) (actual time=960.368..960.368 rows=35656 loops=1)
                    Buckets: 65536 (originally 32768)  Batches: 1 (originally 1)  Memory Usage: 1766kB
                    ->  Seq Scan on title t  (cost=0.00..73925.90 rows=31843 width=4) (actual time=0.044..948.453 rows=35656 loops=1)
                          Filter: ((kind_id = 7) AND (production_year = 2000))
                          Rows Removed by Filter: 2492656
Planning time: 1.196 ms
Execution time: 11223.240 ms
