Hash Join  (cost=93190.30..646028.45 rows=6844522 width=0) (actual time=2094.743..17117.100 rows=2970993 loops=1)
  Hash Cond: (mi.movie_id = t.id)
  ->  Seq Scan on movie_info mi  (cost=0.00..309384.22 rows=14739122 width=4) (actual time=0.020..6271.019 rows=14835720 loops=1)
  ->  Hash  (cost=73925.90..73925.90 rows=1174192 width=4) (actual time=1838.187..1838.187 rows=1260829 loops=1)
        Buckets: 131072  Batches: 16  Memory Usage: 3812kB
        ->  Seq Scan on title t  (cost=0.00..73925.90 rows=1174192 width=4) (actual time=0.019..1426.340 rows=1260829 loops=1)
              Filter: ((production_year > 1981) AND (kind_id = 7))
              Rows Removed by Filter: 1267483
Planning time: 1.226 ms
Execution time: 17461.662 ms
