Hash Join  (cost=138015.88..1213391.86 rows=4046887 width=0) (actual time=3089.789..34925.225 rows=8349426 loops=1)
  Hash Cond: (ci.movie_id = t.id)
  ->  Seq Scan on cast_info ci  (cost=0.00..614943.12 rows=36225612 width=4) (actual time=0.024..13284.835 rows=36244344 loops=1)
  ->  Hash  (cost=133381.01..133381.01 rows=282470 width=8) (actual time=3089.018..3089.018 rows=261891 loops=1)
        Buckets: 131072  Batches: 4  Memory Usage: 3574kB
        ->  Hash Join  (cost=93408.25..133381.01 rows=282470 width=8) (actual time=1940.421..3010.507 rows=261891 loops=1)
              Hash Cond: (mi_idx.movie_id = t.id)
              ->  Seq Scan on movie_info_idx mi_idx  (cost=0.00..25185.44 rows=454124 width=4) (actual time=0.021..488.379 rows=459925 loops=1)
                    Filter: (info_type_id = 100)
                    Rows Removed by Filter: 920110
              ->  Hash  (cost=67604.59..67604.59 rows=1572773 width=4) (actual time=1939.596..1939.596 rows=1570568 loops=1)
                    Buckets: 131072  Batches: 32  Memory Usage: 2751kB
                    ->  Seq Scan on title t  (cost=0.00..67604.59 rows=1572773 width=4) (actual time=0.016..1425.827 rows=1570568 loops=1)
                          Filter: (production_year > 1996)
                          Rows Removed by Filter: 957744
Planning time: 1.003 ms
Execution time: 35893.425 ms
