Hash Join  (cost=82581.58..170414.17 rows=72873 width=0) (actual time=1508.317..2914.892 rows=230712 loops=1)
  Hash Cond: (mk.movie_id = t.id)
  ->  Seq Scan on movie_keyword mk  (cost=0.00..81003.12 rows=349264 width=4) (actual time=0.015..1133.735 rows=363692 loops=1)
        Filter: (keyword_id < 335)
        Rows Removed by Filter: 4160238
  ->  Hash  (cost=73925.90..73925.90 rows=527574 width=4) (actual time=1507.118..1507.118 rows=609532 loops=1)
        Buckets: 131072  Batches: 8  Memory Usage: 3723kB
        ->  Seq Scan on title t  (cost=0.00..73925.90 rows=527574 width=4) (actual time=0.014..1025.069 rows=609532 loops=1)
              Filter: ((kind_id < 7) AND (production_year < 2005))
              Rows Removed by Filter: 1918780
Planning time: 0.794 ms
Execution time: 2934.932 ms
