Hash Join  (cost=77210.13..569466.70 rows=1166864 width=0) (actual time=3435.000..15964.392 rows=446158 loops=1)
  Hash Cond: (mi.movie_id = t.id)
  ->  Seq Scan on movie_info mi  (cost=0.00..309384.22 rows=14739122 width=4) (actual time=0.015..6790.783 rows=14835720 loops=1)
  ->  Hash  (cost=73925.90..73925.90 rows=200178 width=4) (actual time=3433.994..3433.994 rows=79097 loops=1)
        Buckets: 131072  Batches: 4  Memory Usage: 1724kB
        ->  Seq Scan on title t  (cost=0.00..73925.90 rows=200178 width=4) (actual time=0.033..3394.128 rows=79097 loops=1)
              Filter: ((kind_id > 3) AND (production_year < 1965))
              Rows Removed by Filter: 2449215
Planning time: 13.815 ms
Execution time: 16015.628 ms
