Seq Scan on movie_keyword mk  (cost=0.00..81003.12 rows=774544 width=0) (actual time=0.016..1276.375 rows=776778 loops=1)
  Filter: (keyword_id < 738)
  Rows Removed by Filter: 3747152
Planning time: 0.348 ms
Execution time: 1373.330 ms
