Hash Join  (cost=95982.60..1429632.11 rows=24780733 width=0) (actual time=1915.739..43018.786 rows=26405638 loops=1)
  Hash Cond: (ci.movie_id = t.id)
  ->  Seq Scan on cast_info ci  (cost=0.00..614943.12 rows=36225612 width=4) (actual time=0.024..13301.368 rows=36244344 loops=1)
  ->  Hash  (cost=67604.59..67604.59 rows=1729681 width=4) (actual time=1914.455..1914.455 rows=1725233 loops=1)
        Buckets: 131072  Batches: 32  Memory Usage: 2923kB
        ->  Seq Scan on title t  (cost=0.00..67604.59 rows=1729681 width=4) (actual time=0.016..1356.773 rows=1725233 loops=1)
              Filter: (production_year > 1991)
              Rows Removed by Filter: 803079
Planning time: 0.777 ms
Execution time: 45931.468 ms
