Hash Join  (cost=914155.39..995641.04 rows=466813 width=0) (actual time=15734.570..18028.881 rows=629128 loops=1)
  Hash Cond: (mc.movie_id = t.id)
  ->  Seq Scan on movie_companies mc  (cost=0.00..44881.29 rows=2609129 width=4) (actual time=0.017..812.043 rows=2609129 loops=1)
  ->  Hash  (cost=906732.49..906732.49 rows=452392 width=8) (actual time=15733.693..15733.693 rows=476542 loops=1)
        Buckets: 131072  Batches: 8  Memory Usage: 3365kB
        ->  Hash Join  (cost=91342.70..906732.49 rows=452392 width=8) (actual time=4604.574..15602.958 rows=476542 loops=1)
              Hash Cond: (ci.movie_id = t.id)
              ->  Seq Scan on cast_info ci  (cost=0.00..796071.18 rows=790583 width=4) (actual time=2941.163..13084.359 rows=889954 loops=1)
                    Filter: ((person_id > 1965678) AND (role_id = 8))
                    Rows Removed by Filter: 35354390
              ->  Hash  (cost=67604.59..67604.59 rows=1446889 width=4) (actual time=1662.309..1662.309 rows=1443298 loops=1)
                    Buckets: 131072  Batches: 32  Memory Usage: 2608kB
                    ->  Seq Scan on title t  (cost=0.00..67604.59 rows=1446889 width=4) (actual time=0.026..1200.110 rows=1443298 loops=1)
                          Filter: (production_year < 2006)
                          Rows Removed by Filter: 1085014
Planning time: 1.177 ms
Execution time: 18106.729 ms
