Seq Scan on cast_info ci  (cost=0.00..796071.18 rows=18152630 width=0) (actual time=0.026..15732.342 rows=19848038 loops=1)
  Filter: ((person_id < 2086728) AND (role_id < 10))
  Rows Removed by Filter: 16396306
Planning time: 0.346 ms
Execution time: 18179.093 ms
