Hash Join  (cost=918282.72..996694.59 rows=243835 width=0) (actual time=14053.655..16895.237 rows=1987235 loops=1)
  Hash Cond: (mc.movie_id = t.id)
  ->  Seq Scan on movie_companies mc  (cost=0.00..44881.29 rows=2609129 width=4) (actual time=0.018..886.172 rows=2609129 loops=1)
  ->  Hash  (cost=914404.94..914404.94 rows=236302 width=8) (actual time=14052.636..14052.636 rows=552906 loops=1)
        Buckets: 131072 (originally 131072)  Batches: 8 (originally 4)  Memory Usage: 3693kB
        ->  Hash Join  (cost=102767.86..914404.94 rows=236302 width=8) (actual time=12315.781..13908.353 rows=552906 loops=1)
              Hash Cond: (ci.movie_id = t.id)
              ->  Seq Scan on cast_info ci  (cost=0.00..796071.18 rows=236302 width=4) (actual time=10200.614..11029.068 rows=552906 loops=1)
                    Filter: ((person_id > 3955563) AND (role_id > 2))
                    Rows Removed by Filter: 35691438
              ->  Hash  (cost=61283.27..61283.27 rows=2528527 width=4) (actual time=2112.525..2112.525 rows=2528312 loops=1)
                    Buckets: 131072  Batches: 64  Memory Usage: 2415kB
                    ->  Seq Scan on title t  (cost=0.00..61283.27 rows=2528527 width=4) (actual time=0.030..1027.563 rows=2528312 loops=1)
Planning time: 1.201 ms
Execution time: 17140.998 ms
