Hash Join  (cost=129928.86..331608.21 rows=3214845 width=106) (actual time=2503.460..7676.468 rows=3205705 loops=1)
  Hash Cond: (mk.movie_id = t.id)
  ->  Seq Scan on movie_keyword mk  (cost=0.00..81003.12 rows=3214845 width=12) (actual time=0.025..1951.504 rows=3205705 loops=1)
        Filter: (keyword_id > 1727)
        Rows Removed by Filter: 1318225
  ->  Hash  (cost=61283.27..61283.27 rows=2528527 width=94) (actual time=2502.938..2502.938 rows=2528312 loops=1)
        Buckets: 32768  Batches: 128  Memory Usage: 2470kB
        ->  Seq Scan on title t  (cost=0.00..61283.27 rows=2528527 width=94) (actual time=0.018..1211.337 rows=2528312 loops=1)
Planning time: 0.754 ms
Execution time: 7838.595 ms
