Hash Join  (cost=107928.35..282448.59 rows=3619962 width=0) (actual time=2217.860..6942.116 rows=3701209 loops=1)
  Hash Cond: (mk.movie_id = t.id)
  ->  Seq Scan on movie_keyword mk  (cost=0.00..81003.12 rows=3724100 width=4) (actual time=0.020..1781.047 rows=3720556 loops=1)
        Filter: (keyword_id > 772)
        Rows Removed by Filter: 803374
  ->  Hash  (cost=67604.59..67604.59 rows=2457821 width=4) (actual time=2216.242..2216.242 rows=2456218 loops=1)
        Buckets: 131072  Batches: 64  Memory Usage: 2385kB
        ->  Seq Scan on title t  (cost=0.00..67604.59 rows=2457821 width=4) (actual time=0.022..1383.075 rows=2456218 loops=1)
              Filter: (production_year > 0)
              Rows Removed by Filter: 72094
Planning time: 0.792 ms
Execution time: 7336.427 ms
