Seq Scan on movie_keyword mk  (cost=0.00..81003.12 rows=313959 width=0) (actual time=0.014..1289.503 rows=311317 loops=1)
  Filter: (keyword_id > 52425)
  Rows Removed by Filter: 4212613
Planning time: 0.356 ms
Execution time: 1328.863 ms
