Hash Join  (cost=228631.97..306706.53 rows=382686 width=0) (actual time=4883.010..6896.050 rows=1021194 loops=1)
  Hash Cond: (mc.movie_id = t.id)
  ->  Seq Scan on movie_companies mc  (cost=0.00..57926.93 rows=1119404 width=4) (actual time=0.013..1144.206 rows=919087 loops=1)
        Filter: ((company_id < 80472) AND (company_type_id = 2))
        Rows Removed by Filter: 1690042
  ->  Hash  (cost=214449.76..214449.76 rows=864417 width=8) (actual time=4882.285..4882.285 rows=874528 loops=1)
        Buckets: 131072  Batches: 16  Memory Usage: 3202kB
        ->  Hash Join  (cost=102767.86..214449.76 rows=864417 width=8) (actual time=1939.760..4648.987 rows=874528 loops=1)
              Hash Cond: (mk.movie_id = t.id)
              ->  Seq Scan on movie_keyword mk  (cost=0.00..81003.12 rows=864417 width=4) (actual time=0.008..1357.658 rows=874528 loops=1)
                    Filter: (keyword_id > 21131)
                    Rows Removed by Filter: 3649402
              ->  Hash  (cost=61283.27..61283.27 rows=2528527 width=4) (actual time=1938.932..1938.932 rows=2528312 loops=1)
                    Buckets: 131072  Batches: 64  Memory Usage: 2425kB
                    ->  Seq Scan on title t  (cost=0.00..61283.27 rows=2528527 width=4) (actual time=0.014..1112.205 rows=2528312 loops=1)
Planning time: 0.761 ms
Execution time: 7025.208 ms
