Seq Scan on title t  (cost=0.00..73925.90 rows=1016702 width=0) (actual time=251.152..1240.102 rows=960113 loops=1)
  Filter: ((production_year < 2008) AND (kind_id = 7))
  Rows Removed by Filter: 1568199
Planning time: 0.358 ms
Execution time: 1361.362 ms
