Hash Join  (cost=198097.88..1332000.39 rows=9744235 width=0) (actual time=4806.026..45143.668 rows=35369900 loops=1)
  Hash Cond: (ci.movie_id = t.id)
  ->  Seq Scan on cast_info ci  (cost=0.00..614943.12 rows=36225612 width=4) (actual time=0.019..13416.936 rows=36244344 loops=1)
  ->  Hash  (cost=186939.10..186939.10 rows=680142 width=8) (actual time=4804.997..4804.997 rows=929876 loops=1)
        Buckets: 131072  Batches: 16  Memory Usage: 3270kB
        ->  Hash Join  (cost=102767.86..186939.10 rows=680142 width=8) (actual time=2397.379..4480.777 rows=929876 loops=1)
              Hash Cond: (mc.movie_id = t.id)
              ->  Seq Scan on movie_companies mc  (cost=0.00..57926.93 rows=680142 width=4) (actual time=407.919..1043.167 rows=929876 loops=1)
                    Filter: ((company_id < 11849) AND (company_type_id = 1))
                    Rows Removed by Filter: 1679253
              ->  Hash  (cost=61283.27..61283.27 rows=2528527 width=4) (actual time=1988.302..1988.302 rows=2528312 loops=1)
                    Buckets: 131072  Batches: 64  Memory Usage: 2415kB
                    ->  Seq Scan on title t  (cost=0.00..61283.27 rows=2528527 width=4) (actual time=0.010..1159.565 rows=2528312 loops=1)
Planning time: 8.412 ms
Execution time: 49130.555 ms
