Seq Scan on movie_keyword mk  (cost=0.00..81003.12 rows=1865017 width=0) (actual time=0.022..1472.065 rows=1871587 loops=1)
  Filter: (keyword_id > 7350)
  Rows Removed by Filter: 2652343
Planning time: 0.355 ms
Execution time: 1701.455 ms
