Seq Scan on title t  (cost=0.00..73925.90 rows=16021 width=0) (actual time=414.898..851.420 rows=59846 loops=1)
  Filter: ((production_year < 1915) AND (kind_id = 1))
  Rows Removed by Filter: 2468466
Planning time: 0.403 ms
Execution time: 858.167 ms
