Hash Join  (cost=117484.79..1164855.94 rows=1320696 width=0) (actual time=2444.760..31853.830 rows=4983008 loops=1)
  Hash Cond: (ci.movie_id = t.id)
  ->  Seq Scan on cast_info ci  (cost=0.00..614943.12 rows=36225612 width=4) (actual time=0.019..12895.352 rows=36244344 loops=1)
  ->  Hash  (cost=115971.49..115971.49 rows=92184 width=8) (actual time=2443.899..2443.899 rows=202617 loops=1)
        Buckets: 131072 (originally 131072)  Batches: 4 (originally 2)  Memory Usage: 3073kB
        ->  Hash Join  (cost=76697.17..115971.49 rows=92184 width=8) (actual time=1277.404..2378.458 rows=202617 loops=1)
              Hash Cond: (mi_idx.movie_id = t.id)
              ->  Seq Scan on movie_info_idx mi_idx  (cost=0.00..21735.35 rows=1380035 width=4) (actual time=0.010..471.526 rows=1380035 loops=1)
              ->  Hash  (cost=73925.90..73925.90 rows=168901 width=4) (actual time=1276.628..1276.628 rows=269915 loops=1)
                    Buckets: 131072  Batches: 4  Memory Usage: 3401kB
                    ->  Seq Scan on title t  (cost=0.00..73925.90 rows=168901 width=4) (actual time=0.017..1179.959 rows=269915 loops=1)
                          Filter: ((kind_id < 7) AND (production_year < 1974))
                          Rows Removed by Filter: 2258397
Planning time: 1.159 ms
Execution time: 32451.571 ms
