Seq Scan on title t  (cost=0.00..73925.90 rows=2905 width=0) (actual time=279.728..1145.452 rows=3781 loops=1)
  Filter: ((kind_id < 7) AND (production_year = 1918))
  Rows Removed by Filter: 2524531
Planning time: 3.823 ms
Execution time: 1146.509 ms
