Hash Join  (cost=90016.07..1014081.10 rows=5393711 width=0) (actual time=1674.949..24829.913 rows=5534657 loops=1)
  Hash Cond: (ci.movie_id = t.id)
  ->  Seq Scan on cast_info ci  (cost=0.00..705507.15 rows=13906073 width=4) (actual time=0.023..13047.182 rows=13891110 loops=1)
        Filter: (person_id < 1368662)
        Rows Removed by Filter: 22353234
  ->  Hash  (cost=73925.90..73925.90 rows=980733 width=4) (actual time=1673.986..1673.986 rows=1074493 loops=1)
        Buckets: 131072  Batches: 16  Memory Usage: 3394kB
        ->  Seq Scan on title t  (cost=0.00..73925.90 rows=980733 width=4) (actual time=0.010..1328.782 rows=1074493 loops=1)
              Filter: ((production_year > 1995) AND (kind_id = 7))
              Rows Removed by Filter: 1453819
Planning time: 0.756 ms
Execution time: 25456.227 ms
