Seq Scan on movie_keyword mk  (cost=0.00..81003.12 rows=482763 width=0) (actual time=0.026..1321.782 rows=478454 loops=1)
  Filter: (keyword_id > 37367)
  Rows Removed by Filter: 4045476
Planning time: 0.326 ms
Execution time: 1383.897 ms
