Hash Join  (cost=101928.16..156716.99 rows=12330 width=0) (actual time=1885.789..3121.462 rows=38168 loops=1)
  Hash Cond: (mc.movie_id = t.id)
  ->  Seq Scan on movie_companies mc  (cost=0.00..44881.29 rows=2609129 width=4) (actual time=0.024..639.553 rows=2609129 loops=1)
  ->  Hash  (cost=101778.80..101778.80 rows=11949 width=8) (actual time=1864.145..1864.145 rows=19373 loops=1)
        Buckets: 32768 (originally 16384)  Batches: 1 (originally 1)  Memory Usage: 1013kB
        ->  Hash Join  (cost=74745.21..101778.80 rows=11949 width=8) (actual time=1200.410..1855.678 rows=19373 loops=1)
              Hash Cond: (mi_idx.movie_id = t.id)
              ->  Seq Scan on movie_info_idx mi_idx  (cost=0.00..25185.44 rows=460978 width=4) (actual time=0.029..501.745 rows=459925 loops=1)
                    Filter: (info_type_id = 99)
                    Rows Removed by Filter: 920110
              ->  Hash  (cost=73925.90..73925.90 rows=65544 width=4) (actual time=1199.472..1199.472 rows=62209 loops=1)
                    Buckets: 131072  Batches: 1  Memory Usage: 3212kB
                    ->  Seq Scan on title t  (cost=0.00..73925.90 rows=65544 width=4) (actual time=473.294..1175.895 rows=62209 loops=1)
                          Filter: ((production_year < 2006) AND (kind_id = 4))
                          Rows Removed by Filter: 2466103
Planning time: 1.150 ms
Execution time: 3127.356 ms
