Seq Scan on movie_keyword mk  (cost=0.00..81003.12 rows=1036611 width=0) (actual time=0.020..1291.052 rows=1037190 loops=1)
  Filter: (keyword_id < 1028)
  Rows Removed by Filter: 3486740
Planning time: 0.297 ms
Execution time: 1421.265 ms
