Hash Join  (cost=52284.74..803082.94 rows=903 width=0) (actual time=10394.832..16515.326 rows=1 loops=1)
  Hash Cond: (ci.movie_id = t.id)
  ->  Seq Scan on cast_info ci  (cost=0.00..614943.12 rows=36225612 width=4) (actual time=0.020..8868.722 rows=36244344 loops=1)
  ->  Hash  (cost=52283.95..52283.95 rows=63 width=8) (actual time=829.681..829.681 rows=3 loops=1)
        Buckets: 1024  Batches: 1  Memory Usage: 9kB
        ->  Nested Loop  (cost=0.43..52283.95 rows=63 width=8) (actual time=413.529..829.662 rows=3 loops=1)
              ->  Seq Scan on movie_companies mc  (cost=0.00..51404.11 rows=104 width=4) (actual time=49.805..825.398 rows=40 loops=1)
                    Filter: (company_id = 1588)
                    Rows Removed by Filter: 2609089
              ->  Index Scan using title_pkey on title t  (cost=0.43..8.45 rows=1 width=4) (actual time=0.102..0.102 rows=0 loops=40)
                    Index Cond: (id = mc.movie_id)
                    Filter: (kind_id = 7)
                    Rows Removed by Filter: 1
Planning time: 2.873 ms
Execution time: 16515.483 ms
