Seq Scan on cast_info ci  (cost=0.00..705507.15 rows=500 width=0) (actual time=917.222..10996.061 rows=50 loops=1)
  Filter: (person_id = 3270572)
  Rows Removed by Filter: 36244294
Planning time: 0.257 ms
Execution time: 10996.196 ms
