Hash Join  (cost=206539.22..722246.04 rows=1637901 width=0) (actual time=5244.470..26945.119 rows=37707950 loops=1)
  Hash Cond: (mi.movie_id = t.id)
  ->  Seq Scan on movie_info mi  (cost=0.00..309384.22 rows=14739122 width=4) (actual time=0.012..6202.237 rows=14835720 loops=1)
  ->  Hash  (cost=201928.91..201928.91 rows=280985 width=8) (actual time=5243.113..5243.113 rows=930104 loops=1)
        Buckets: 131072 (originally 131072)  Batches: 16 (originally 4)  Memory Usage: 3413kB
        ->  Hash Join  (cost=76503.02..201928.91 rows=280985 width=8) (actual time=1363.087..4655.358 rows=930104 loops=1)
              Hash Cond: (mk.movie_id = t.id)
              ->  Seq Scan on movie_keyword mk  (cost=0.00..69693.30 rows=4523930 width=4) (actual time=0.015..1369.749 rows=4523930 loops=1)
              ->  Hash  (cost=73925.90..73925.90 rows=157049 width=4) (actual time=1362.370..1362.370 rows=258048 loops=1)
                    Buckets: 131072  Batches: 4  Memory Usage: 3301kB
                    ->  Seq Scan on title t  (cost=0.00..73925.90 rows=157049 width=4) (actual time=0.210..1274.314 rows=258048 loops=1)
                          Filter: ((kind_id < 7) AND (production_year < 1972))
                          Rows Removed by Filter: 2270264
Planning time: 1.100 ms
Execution time: 31112.898 ms
