Hash Join  (cost=114141.07..488714.36 rows=120802 width=0) (actual time=2113.890..9351.944 rows=39660 loops=1)
  Hash Cond: (mi.movie_id = t.id)
  ->  Seq Scan on movie_info mi  (cost=0.00..346232.03 rows=7235534 width=4) (actual time=32.188..5855.025 rows=7286865 loops=1)
        Filter: (info_type_id < 8)
        Rows Removed by Filter: 7548855
  ->  Hash  (cost=113613.39..113613.39 rows=42215 width=8) (actual time=2081.224..2081.224 rows=18987 loops=1)
        Buckets: 65536  Batches: 1  Memory Usage: 1254kB
        ->  Hash Join  (cost=75195.76..113613.39 rows=42215 width=8) (actual time=1211.927..2074.621 rows=18987 loops=1)
              Hash Cond: (mi_idx.movie_id = t.id)
              ->  Seq Scan on movie_info_idx mi_idx  (cost=0.00..21735.35 rows=1380035 width=4) (actual time=0.018..389.966 rows=1380035 loops=1)
              ->  Hash  (cost=73925.90..73925.90 rows=77348 width=4) (actual time=1210.077..1210.077 rows=84109 loops=1)
                    Buckets: 131072  Batches: 2  Memory Usage: 2509kB
                    ->  Seq Scan on title t  (cost=0.00..73925.90 rows=77348 width=4) (actual time=260.627..1178.452 rows=84109 loops=1)
                          Filter: ((kind_id = 7) AND (production_year = 2008))
                          Rows Removed by Filter: 2444203
Planning time: 1.182 ms
Execution time: 9357.461 ms
