Hash Join  (cost=102767.86..278709.11 rows=3534900 width=0) (actual time=2621.261..7733.694 rows=3525529 loops=1)
  Hash Cond: (mk.movie_id = t.id)
  ->  Seq Scan on movie_keyword mk  (cost=0.00..81003.12 rows=3534900 width=4) (actual time=0.011..1851.160 rows=3525529 loops=1)
        Filter: (keyword_id < 18607)
        Rows Removed by Filter: 998401
  ->  Hash  (cost=61283.27..61283.27 rows=2528527 width=4) (actual time=2620.378..2620.378 rows=2528312 loops=1)
        Buckets: 131072  Batches: 64  Memory Usage: 2425kB
        ->  Seq Scan on title t  (cost=0.00..61283.27 rows=2528527 width=4) (actual time=0.017..1132.409 rows=2528312 loops=1)
Planning time: 0.570 ms
Execution time: 8163.154 ms
