Hash Join  (cost=103398.66..454727.58 rows=7823 width=0) (actual time=5223.266..6616.700 rows=2214 loops=1)
  Hash Cond: (mi.movie_id = t.id)
  ->  Seq Scan on movie_info mi  (cost=0.00..346232.03 rows=1338312 width=4) (actual time=4332.927..5537.998 rows=1401902 loops=1)
        Filter: (info_type_id = 7)
        Rows Removed by Filter: 13433818
  ->  Hash  (cost=103213.91..103213.91 rows=14780 width=8) (actual time=889.960..889.960 rows=5512 loops=1)
        Buckets: 16384  Batches: 1  Memory Usage: 344kB
        ->  Hash Join  (cost=74434.21..103213.91 rows=14780 width=8) (actual time=769.274..888.760 rows=5512 loops=1)
              Hash Cond: (mi_idx.movie_id = t.id)
              ->  Seq Scan on movie_info_idx mi_idx  (cost=0.00..25185.44 rows=919057 width=4) (actual time=0.024..197.310 rows=920110 loops=1)
                    Filter: (info_type_id > 99)
                    Rows Removed by Filter: 459925
              ->  Hash  (cost=73925.90..73925.90 rows=40664 width=4) (actual time=584.602..584.602 rows=40257 loops=1)
                    Buckets: 65536  Batches: 1  Memory Usage: 1928kB
                    ->  Seq Scan on title t  (cost=0.00..73925.90 rows=40664 width=4) (actual time=0.017..570.795 rows=40257 loops=1)
                          Filter: ((production_year > 2012) AND (kind_id = 7))
                          Rows Removed by Filter: 2488055
Planning time: 1.315 ms
Execution time: 6617.046 ms
