Hash Join  (cost=121661.12..930179.07 rows=60586 width=0) (actual time=5690.522..14957.427 rows=440940 loops=1)
  Hash Cond: (ci.movie_id = t.id)
  ->  Seq Scan on cast_info ci  (cost=0.00..796071.18 rows=970642 width=4) (actual time=3211.281..11280.939 rows=2936704 loops=1)
        Filter: ((person_id > 3512988) AND (role_id > 3))
        Rows Removed by Filter: 33307640
  ->  Hash  (cost=119071.30..119071.30 rows=157826 width=8) (actual time=2478.141..2478.141 rows=78936 loops=1)
        Buckets: 131072  Batches: 4  Memory Usage: 1797kB
        ->  Hash Join  (cost=78670.55..119071.30 rows=157826 width=8) (actual time=1439.688..2458.804 rows=78936 loops=1)
              Hash Cond: (mi_idx.movie_id = t.id)
              ->  Seq Scan on movie_info_idx mi_idx  (cost=0.00..21735.35 rows=1380035 width=4) (actual time=0.043..495.965 rows=1380035 loops=1)
              ->  Hash  (cost=73925.90..73925.90 rows=289172 width=4) (actual time=1438.404..1438.404 rows=292674 loops=1)
                    Buckets: 131072  Batches: 4  Memory Usage: 3617kB
                    ->  Seq Scan on title t  (cost=0.00..73925.90 rows=289172 width=4) (actual time=0.032..1339.615 rows=292674 loops=1)
                          Filter: ((kind_id > 1) AND (production_year > 2010))
                          Rows Removed by Filter: 2235638
Planning time: 1.241 ms
Execution time: 15005.693 ms
