Hash Join  (cost=102767.86..853496.00 rows=1468738 width=0) (actual time=4278.560..14102.035 rows=1391414 loops=1)
  Hash Cond: (ci.movie_id = t.id)
  ->  Seq Scan on cast_info ci  (cost=0.00..705507.15 rows=1468738 width=4) (actual time=2360.729..10150.084 rows=1391414 loops=1)
        Filter: (person_id < 139730)
        Rows Removed by Filter: 34852930
  ->  Hash  (cost=61283.27..61283.27 rows=2528527 width=4) (actual time=1878.832..1878.832 rows=2528312 loops=1)
        Buckets: 131072  Batches: 64  Memory Usage: 2415kB
        ->  Seq Scan on title t  (cost=0.00..61283.27 rows=2528527 width=4) (actual time=0.025..1037.146 rows=2528312 loops=1)
Planning time: 1.066 ms
Execution time: 14263.639 ms
