Hash Join  (cost=124306.24..250654.67 rows=356740 width=0) (actual time=2411.924..5507.175 rows=208380 loops=1)
  Hash Cond: (mk.movie_id = t.id)
  ->  Seq Scan on movie_keyword mk  (cost=0.00..69693.30 rows=4523930 width=4) (actual time=0.008..1464.910 rows=4523930 loops=1)
  ->  Hash  (cost=121034.86..121034.86 rows=199390 width=8) (actual time=2402.436..2402.436 rows=82119 loops=1)
        Buckets: 131072  Batches: 4  Memory Usage: 1831kB
        ->  Hash Join  (cost=79920.48..121034.86 rows=199390 width=8) (actual time=1375.506..2375.642 rows=82119 loops=1)
              Hash Cond: (mi_idx.movie_id = t.id)
              ->  Seq Scan on movie_info_idx mi_idx  (cost=0.00..21735.35 rows=1380035 width=4) (actual time=0.025..414.826 rows=1380035 loops=1)
              ->  Hash  (cost=73925.90..73925.90 rows=365326 width=4) (actual time=1368.700..1368.700 rows=227401 loops=1)
                    Buckets: 131072  Batches: 8  Memory Usage: 2012kB
                    ->  Seq Scan on title t  (cost=0.00..73925.90 rows=365326 width=4) (actual time=0.019..1292.804 rows=227401 loops=1)
                          Filter: ((kind_id > 3) AND (production_year < 1983))
                          Rows Removed by Filter: 2300911
Planning time: 1.158 ms
Execution time: 5530.508 ms
