Hash Join  (cost=68257.79..451984.41 rows=195843 width=0) (actual time=1146.775..9663.469 rows=181196 loops=1)
  Hash Cond: (mi.movie_id = t.id)
  ->  Seq Scan on movie_info mi  (cost=0.00..346232.03 rows=9476311 width=4) (actual time=6.128..6239.387 rows=9565151 loops=1)
        Filter: (info_type_id < 16)
        Rows Removed by Filter: 5270569
  ->  Hash  (cost=67604.59..67604.59 rows=52256 width=4) (actual time=1139.280..1139.280 rows=53013 loops=1)
        Buckets: 65536  Batches: 1  Memory Usage: 2376kB
        ->  Seq Scan on title t  (cost=0.00..67604.59 rows=52256 width=4) (actual time=0.046..1117.339 rows=53013 loops=1)
              Filter: (production_year = 2000)
              Rows Removed by Filter: 2475299
Planning time: 0.706 ms
Execution time: 9689.289 ms
