Seq Scan on movie_keyword mk  (cost=0.00..81003.12 rows=1478346 width=0) (actual time=0.014..1508.879 rows=1489451 loops=1)
  Filter: (keyword_id > 10926)
  Rows Removed by Filter: 3034479
Planning time: 0.300 ms
Execution time: 1690.104 ms
