Hash Join  (cost=88391.98..628674.69 rows=4416308 width=0) (actual time=1849.606..16069.506 rows=2160655 loops=1)
  Hash Cond: (mi.movie_id = t.id)
  ->  Seq Scan on movie_info mi  (cost=0.00..346232.03 rows=12665229 width=4) (actual time=0.016..7455.023 rows=12744652 loops=1)
        Filter: (info_type_id > 2)
        Rows Removed by Filter: 2091068
  ->  Hash  (cost=73925.90..73925.90 rows=881686 width=4) (actual time=1635.757..1635.757 rows=801513 loops=1)
        Buckets: 131072  Batches: 16  Memory Usage: 2792kB
        ->  Seq Scan on title t  (cost=0.00..73925.90 rows=881686 width=4) (actual time=132.028..1374.583 rows=801513 loops=1)
              Filter: ((production_year < 2006) AND (kind_id = 7))
              Rows Removed by Filter: 1726799
Planning time: 0.797 ms
Execution time: 16328.063 ms
