Hash Join  (cost=102767.86..263223.74 rows=2891370 width=0) (actual time=2438.064..6513.377 rows=2883031 loops=1)
  Hash Cond: (mk.movie_id = t.id)
  ->  Seq Scan on movie_keyword mk  (cost=0.00..81003.12 rows=2891370 width=4) (actual time=0.027..1729.507 rows=2883031 loops=1)
        Filter: (keyword_id > 2488)
        Rows Removed by Filter: 1640899
  ->  Hash  (cost=61283.27..61283.27 rows=2528527 width=4) (actual time=2435.630..2435.630 rows=2528312 loops=1)
        Buckets: 131072  Batches: 64  Memory Usage: 2425kB
        ->  Seq Scan on title t  (cost=0.00..61283.27 rows=2528527 width=4) (actual time=0.010..1236.378 rows=2528312 loops=1)
Planning time: 0.725 ms
Execution time: 6815.940 ms
