Hash Join  (cost=79158.73..578802.45 rows=1859179 width=0) (actual time=1691.615..14098.667 rows=940364 loops=1)
  Hash Cond: (mi.movie_id = t.id)
  ->  Seq Scan on movie_info mi  (cost=0.00..309384.22 rows=14739122 width=4) (actual time=0.005..6088.458 rows=14835720 loops=1)
  ->  Hash  (cost=73925.90..73925.90 rows=318946 width=4) (actual time=1285.944..1285.944 rows=209805 loops=1)
        Buckets: 131072  Batches: 8  Memory Usage: 1942kB
        ->  Seq Scan on title t  (cost=0.00..73925.90 rows=318946 width=4) (actual time=164.957..1212.669 rows=209805 loops=1)
              Filter: ((production_year < 1981) AND (kind_id = 7))
              Rows Removed by Filter: 2318507
Planning time: 0.591 ms
Execution time: 14211.138 ms
