Hash Join  (cost=215964.88..765532.55 rows=6537974 width=0) (actual time=4962.389..29562.864 rows=47903401 loops=1)
  Hash Cond: (mi.movie_id = t.id)
  ->  Seq Scan on movie_info mi  (cost=0.00..309384.22 rows=14739122 width=4) (actual time=0.018..6285.049 rows=14835720 loops=1)
  ->  Hash  (cost=197562.84..197562.84 rows=1121603 width=8) (actual time=4961.670..4961.670 rows=1274246 loops=1)
        Buckets: 131072 (originally 131072)  Batches: 32 (originally 16)  Memory Usage: 3073kB
        ->  Hash Join  (cost=102767.86..197562.84 rows=1121603 width=8) (actual time=2017.156..4603.324 rows=1274246 loops=1)
              Hash Cond: (mc.movie_id = t.id)
              ->  Seq Scan on movie_companies mc  (cost=0.00..57926.93 rows=1121603 width=4) (actual time=0.021..1187.543 rows=1274246 loops=1)
                    Filter: ((company_id < 91234) AND (company_type_id < 2))
                    Rows Removed by Filter: 1334883
              ->  Hash  (cost=61283.27..61283.27 rows=2528527 width=4) (actual time=2016.062..2016.062 rows=2528312 loops=1)
                    Buckets: 131072  Batches: 64  Memory Usage: 2415kB
                    ->  Seq Scan on title t  (cost=0.00..61283.27 rows=2528527 width=4) (actual time=0.013..1168.450 rows=2528312 loops=1)
Planning time: 1.212 ms
Execution time: 34663.220 ms
