Seq Scan on cast_info ci  (cost=0.00..796071.18 rows=1455788 width=0) (actual time=7162.239..11599.528 rows=2283636 loops=1)
  Filter: ((person_id > 3615683) AND (role_id > 1))
  Rows Removed by Filter: 33960708
Planning time: 0.382 ms
Execution time: 11879.300 ms
