Seq Scan on movie_keyword mk  (cost=0.00..81003.12 rows=246 width=0) (actual time=13.593..1342.153 rows=300 loops=1)
  Filter: (keyword_id = 23040)
  Rows Removed by Filter: 4523630
Planning time: 0.399 ms
Execution time: 1342.426 ms
