Hash Join  (cost=1314081.54..2582718.19 rows=58388760 width=0) (actual time=26053.886..65946.996 rows=89793238 loops=1)
  Hash Cond: (mi.movie_id = t.id)
  ->  Seq Scan on movie_info mi  (cost=0.00..309384.22 rows=14739122 width=4) (actual time=0.008..6438.672 rows=14835720 loops=1)
  ->  Hash  (cost=1149744.62..1149744.62 rows=10016713 width=8) (actual time=26050.288..26050.288 rows=7176576 loops=1)
        Buckets: 131072  Batches: 256  Memory Usage: 2198kB
        ->  Hash Join  (cost=102767.86..1149744.62 rows=10016713 width=8) (actual time=11266.399..24025.474 rows=7176576 loops=1)
              Hash Cond: (ci.movie_id = t.id)
              ->  Seq Scan on cast_info ci  (cost=0.00..796071.18 rows=10016713 width=4) (actual time=9312.839..15656.832 rows=7176576 loops=1)
                    Filter: ((person_id > 737923) AND (role_id = 1))
                    Rows Removed by Filter: 29067768
              ->  Hash  (cost=61283.27..61283.27 rows=2528527 width=4) (actual time=1951.717..1951.717 rows=2528312 loops=1)
                    Buckets: 131072  Batches: 64  Memory Usage: 2415kB
                    ->  Seq Scan on title t  (cost=0.00..61283.27 rows=2528527 width=4) (actual time=0.019..1110.991 rows=2528312 loops=1)
Planning time: 1.525 ms
Execution time: 76663.803 ms
