Seq Scan on movie_companies mc  (cost=0.00..57926.93 rows=536362 width=0) (actual time=481.034..944.395 rows=322949 loops=1)
  Filter: ((company_id < 6158) AND (company_type_id = 2))
  Rows Removed by Filter: 2286180
Planning time: 1.871 ms
Execution time: 985.033 ms
