Seq Scan on movie_keyword mk  (cost=0.00..81003.12 rows=246 width=0) (actual time=55.093..1265.435 rows=9 loops=1)
  Filter: (keyword_id = 63739)
  Rows Removed by Filter: 4523921
Planning time: 0.340 ms
Execution time: 1265.511 ms
