Hash Join  (cost=96375.19..183081.38 rows=4816 width=0) (actual time=4750.440..9595.929 rows=75064 loops=1)
  Hash Cond: (mk.movie_id = t.id)
  ->  Seq Scan on movie_keyword mk  (cost=0.00..69693.30 rows=4523930 width=4) (actual time=0.017..3666.036 rows=4523930 loops=1)
  ->  Hash  (cost=96341.54..96341.54 rows=2692 width=8) (actual time=4749.863..4749.863 rows=9526 loops=1)
        Buckets: 16384 (originally 4096)  Batches: 1 (originally 1)  Memory Usage: 501kB
        ->  Hash Join  (cost=67697.55..96341.54 rows=2692 width=8) (actual time=3302.685..4745.683 rows=9526 loops=1)
              Hash Cond: (mi_idx.movie_id = t.id)
              ->  Seq Scan on movie_info_idx mi_idx  (cost=0.00..25185.44 rows=915101 width=4) (actual time=0.017..1159.891 rows=919850 loops=1)
                    Filter: (info_type_id < 101)
                    Rows Removed by Filter: 460185
              ->  Hash  (cost=67604.59..67604.59 rows=7437 width=4) (actual time=3302.490..3302.490 rows=19440 loops=1)
                    Buckets: 32768 (originally 8192)  Batches: 1 (originally 1)  Memory Usage: 940kB
                    ->  Seq Scan on title t  (cost=0.00..67604.59 rows=7437 width=4) (actual time=0.078..3292.958 rows=19440 loops=1)
                          Filter: (production_year = 1986)
                          Rows Removed by Filter: 2508872
Planning time: 1.689 ms
Execution time: 9608.376 ms
