Hash Join  (cost=244802.57..1118897.66 rows=2316340 width=0) (actual time=29371.968..57072.539 rows=19577926 loops=1)
  Hash Cond: (ci.movie_id = t.id)
  ->  Seq Scan on cast_info ci  (cost=0.00..796071.18 rows=4282538 width=4) (actual time=18773.192..38288.283 rows=4136390 loops=1)
        Filter: ((person_id < 3998273) AND (role_id = 10))
        Rows Removed by Filter: 32107954
  ->  Hash  (cost=222364.19..222364.19 rows=1367630 width=8) (actual time=10596.089..10596.089 rows=957781 loops=1)
        Buckets: 131072  Batches: 32  Memory Usage: 2239kB
        ->  Hash Join  (cost=84197.31..222364.19 rows=1367630 width=8) (actual time=3173.166..10317.326 rows=957781 loops=1)
              Hash Cond: (mk.movie_id = t.id)
              ->  Seq Scan on movie_keyword mk  (cost=0.00..81003.12 rows=3419321 width=4) (actual time=0.032..4605.325 rows=3409137 loops=1)
                    Filter: (keyword_id > 1150)
                    Rows Removed by Filter: 1114793
              ->  Hash  (cost=67604.59..67604.59 rows=1011338 width=4) (actual time=3166.766..3166.766 rows=1012920 loops=1)
                    Buckets: 131072  Batches: 16  Memory Usage: 3257kB
                    ->  Seq Scan on title t  (cost=0.00..67604.59 rows=1011338 width=4) (actual time=0.011..2816.197 rows=1012920 loops=1)
                          Filter: (production_year > 2005)
                          Rows Removed by Filter: 1515392
Planning time: 1.203 ms
Execution time: 59609.893 ms
