Hash Join  (cost=83600.04..438890.59 rows=131275 width=0) (actual time=9134.794..20134.396 rows=212946 loops=1)
  Hash Cond: (mi.movie_id = t.id)
  ->  Seq Scan on movie_info mi  (cost=0.00..346232.03 rows=340474 width=4) (actual time=4937.846..15515.430 rows=328857 loops=1)
        Filter: (info_type_id = 98)
        Rows Removed by Filter: 14506863
  ->  Hash  (cost=67604.59..67604.59 rows=974916 width=4) (actual time=4195.852..4195.852 rows=972448 loops=1)
        Buckets: 131072  Batches: 16  Memory Usage: 3169kB
        ->  Seq Scan on title t  (cost=0.00..67604.59 rows=974916 width=4) (actual time=0.034..3591.836 rows=972448 loops=1)
              Filter: (kind_id < 6)
              Rows Removed by Filter: 1555864
Planning time: 0.822 ms
Execution time: 20162.022 ms
