Seq Scan on cast_info ci  (cost=0.00..796071.18 rows=7096486 width=0) (actual time=8372.843..37430.103 rows=12670688 loops=1)
  Filter: ((person_id < 2016988) AND (role_id = 1))
  Rows Removed by Filter: 23573656
Planning time: 1.337 ms
Execution time: 39318.188 ms
