Hash Join  (cost=662016.36..2549891.75 rows=65508217 width=0) (actual time=14204.055..62106.146 rows=59044942 loops=1)
  Hash Cond: (ci.movie_id = t.id)
  ->  Seq Scan on cast_info ci  (cost=0.00..614943.12 rows=36225612 width=4) (actual time=0.021..13951.191 rows=36244344 loops=1)
  ->  Hash  (cost=586998.91..586998.91 rows=4572436 width=8) (actual time=14202.412..14202.412 rows=2574603 loops=1)
        Buckets: 131072  Batches: 64  Memory Usage: 2563kB
        ->  Hash Join  (cost=92883.59..586998.91 rows=4572436 width=8) (actual time=2800.784..13422.158 rows=2574603 loops=1)
              Hash Cond: (mi.movie_id = t.id)
              ->  Seq Scan on movie_info mi  (cost=0.00..346232.03 rows=7503588 width=4) (actual time=735.078..6620.231 rows=7548855 loops=1)
                    Filter: (info_type_id > 7)
                    Rows Removed by Filter: 7286865
              ->  Hash  (cost=67604.59..67604.59 rows=1540800 width=4) (actual time=2064.770..2064.770 rows=1543264 loops=1)
                    Buckets: 131072  Batches: 32  Memory Usage: 2728kB
                    ->  Seq Scan on title t  (cost=0.00..67604.59 rows=1540800 width=4) (actual time=0.032..1104.571 rows=1543264 loops=1)
                          Filter: (kind_id = 7)
                          Rows Removed by Filter: 985048
Planning time: 1.074 ms
Execution time: 68378.065 ms
