Hash Join  (cost=130579.82..218265.63 rows=102778 width=0) (actual time=6489.372..11889.763 rows=773054 loops=1)
  Hash Cond: (mk.movie_id = t.id)
  ->  Seq Scan on movie_keyword mk  (cost=0.00..69693.30 rows=4523930 width=4) (actual time=0.012..3515.501 rows=4523930 loops=1)
  ->  Hash  (cost=129861.75..129861.75 rows=57445 width=8) (actual time=6488.901..6488.901 rows=128737 loops=1)
        Buckets: 131072 (originally 65536)  Batches: 2 (originally 1)  Memory Usage: 3545kB
        ->  Hash Join  (cost=74621.78..129861.75 rows=57445 width=8) (actual time=4046.549..6404.688 rows=128737 loops=1)
              Hash Cond: (mc.movie_id = t.id)
              ->  Seq Scan on movie_companies mc  (cost=0.00..44881.29 rows=2609129 width=4) (actual time=0.019..2006.598 rows=2609129 loops=1)
              ->  Hash  (cost=73925.90..73925.90 rows=55670 width=4) (actual time=3441.485..3441.485 rows=60828 loops=1)
                    Buckets: 65536  Batches: 1  Memory Usage: 2651kB
                    ->  Seq Scan on title t  (cost=0.00..73925.90 rows=55670 width=4) (actual time=310.364..3411.015 rows=60828 loops=1)
                          Filter: ((production_year < 2007) AND (kind_id = 2))
                          Rows Removed by Filter: 2467484
Planning time: 1.146 ms
Execution time: 11981.891 ms
