Seq Scan on movie_keyword mk  (cost=0.00..81003.12 rows=2417684 width=0) (actual time=0.026..4189.128 rows=2409410 loops=1)
  Filter: (keyword_id > 3843)
  Rows Removed by Filter: 2114520
Planning time: 0.350 ms
Execution time: 4622.436 ms
