Hash Join  (cost=102767.86..1418059.27 rows=24931093 width=0) (actual time=5136.913..69467.356 rows=25027647 loops=1)
  Hash Cond: (ci.movie_id = t.id)
  ->  Seq Scan on cast_info ci  (cost=0.00..705507.15 rows=24931093 width=4) (actual time=0.014..39477.587 rows=25027647 loops=1)
        Filter: (person_id > 1100824)
        Rows Removed by Filter: 11216697
  ->  Hash  (cost=61283.27..61283.27 rows=2528527 width=4) (actual time=5135.047..5135.047 rows=2528312 loops=1)
        Buckets: 131072  Batches: 64  Memory Usage: 2415kB
        ->  Seq Scan on title t  (cost=0.00..61283.27 rows=2528527 width=4) (actual time=0.008..3975.786 rows=2528312 loops=1)
Planning time: 4.797 ms
Execution time: 72712.827 ms
