Hash Join  (cost=159839.72..526494.16 rows=199853 width=0) (actual time=8621.268..27488.554 rows=1042408 loops=1)
  Hash Cond: (mi.movie_id = t.id)
  ->  Seq Scan on movie_info mi  (cost=0.00..309384.22 rows=14739122 width=4) (actual time=0.021..14367.453 rows=14835720 loops=1)
  ->  Hash  (cost=159411.15..159411.15 rows=34285 width=8) (actual time=8620.841..8620.841 rows=26912 loops=1)
        Buckets: 65536  Batches: 1  Memory Usage: 1564kB
        ->  Hash Join  (cost=69694.50..159411.15 rows=34285 width=8) (actual time=3706.165..8609.702 rows=26912 loops=1)
              Hash Cond: (mk.movie_id = t.id)
              ->  Seq Scan on movie_keyword mk  (cost=0.00..81003.12 rows=680714 width=4) (actual time=0.019..4584.954 rows=678575 loops=1)
                    Filter: (keyword_id < 555)
                    Rows Removed by Filter: 3845355
              ->  Hash  (cost=67604.59..67604.59 rows=127353 width=4) (actual time=3704.952..3704.952 rows=128696 loops=1)
                    Buckets: 131072  Batches: 2  Memory Usage: 3290kB
                    ->  Seq Scan on title t  (cost=0.00..67604.59 rows=127353 width=4) (actual time=0.031..3435.736 rows=128696 loops=1)
                          Filter: (production_year = 2009)
                          Rows Removed by Filter: 2399616
Planning time: 1.099 ms
Execution time: 27670.621 ms
