Hash Join  (cost=106683.01..161778.13 rows=42960 width=0) (actual time=4848.235..8427.639 rows=115126 loops=1)
  Hash Cond: (mc.movie_id = t.id)
  ->  Seq Scan on movie_companies mc  (cost=0.00..44881.29 rows=2609129 width=4) (actual time=0.013..2653.390 rows=2609129 loops=1)
  ->  Hash  (cost=106162.59..106162.59 rows=41633 width=8) (actual time=4847.824..4847.824 rows=55700 loops=1)
        Buckets: 65536  Batches: 1  Memory Usage: 2688kB
        ->  Hash Join  (cost=69484.36..106162.59 rows=41633 width=8) (actual time=3655.638..4828.484 rows=55700 loops=1)
              Hash Cond: (mi_idx.movie_id = t.id)
              ->  Seq Scan on movie_info_idx mi_idx  (cost=0.00..25185.44 rows=919057 width=4) (actual time=0.015..1261.189 rows=920110 loops=1)
                    Filter: (info_type_id > 99)
                    Rows Removed by Filter: 459925
              ->  Hash  (cost=67604.59..67604.59 rows=114542 width=4) (actual time=3118.679..3118.679 rows=118234 loops=1)
                    Buckets: 131072  Batches: 2  Memory Usage: 3101kB
                    ->  Seq Scan on title t  (cost=0.00..67604.59 rows=114542 width=4) (actual time=532.756..3075.279 rows=118234 loops=1)
                          Filter: (kind_id = 4)
                          Rows Removed by Filter: 2410078
Planning time: 1.066 ms
Execution time: 8448.278 ms
