Hash Join  (cost=74440.79..160254.66 rows=20028 width=0) (actual time=6156.943..8241.347 rows=5697 loops=1)
  Hash Cond: (mk.movie_id = t.id)
  ->  Seq Scan on movie_keyword mk  (cost=0.00..81003.12 rows=1229456 width=4) (actual time=0.023..4688.641 rows=1237304 loops=1)
        Filter: (keyword_id < 1574)
        Rows Removed by Filter: 3286626
  ->  Hash  (cost=73925.90..73925.90 rows=41191 width=4) (actual time=3246.996..3246.996 rows=43851 loops=1)
        Buckets: 65536  Batches: 1  Memory Usage: 2054kB
        ->  Seq Scan on title t  (cost=0.00..73925.90 rows=41191 width=4) (actual time=0.016..3214.685 rows=43851 loops=1)
              Filter: ((kind_id = 7) AND (production_year = 2003))
              Rows Removed by Filter: 2484461
Planning time: 0.815 ms
Execution time: 8251.240 ms
