Hash Join  (cost=102191.01..468611.65 rows=176473 width=0) (actual time=1751.150..9571.221 rows=204181 loops=1)
  Hash Cond: (mi.movie_id = t.id)
  ->  Seq Scan on movie_info mi  (cost=0.00..309384.22 rows=14739122 width=4) (actual time=0.023..4268.680 rows=14835720 loops=1)
  ->  Hash  (cost=101812.59..101812.59 rows=30274 width=8) (actual time=1750.544..1750.544 rows=18218 loops=1)
        Buckets: 32768  Batches: 1  Memory Usage: 968kB
        ->  Hash Join  (cost=70308.29..101812.59 rows=30274 width=8) (actual time=1064.729..1743.760 rows=18218 loops=1)
              Hash Cond: (mi_idx.movie_id = t.id)
              ->  Seq Scan on movie_info_idx mi_idx  (cost=0.00..25185.44 rows=464566 width=4) (actual time=0.019..453.504 rows=459925 loops=1)
                    Filter: (info_type_id = 101)
                    Rows Removed by Filter: 920110
              ->  Hash  (cost=67604.59..67604.59 rows=164776 width=4) (actual time=1063.416..1063.416 rows=164307 loops=1)
                    Buckets: 131072  Batches: 4  Memory Usage: 2482kB
                    ->  Seq Scan on title t  (cost=0.00..67604.59 rows=164776 width=4) (actual time=0.022..1005.526 rows=164307 loops=1)
                          Filter: (production_year = 2012)
                          Rows Removed by Filter: 2364005
Planning time: 1.182 ms
Execution time: 9602.876 ms
