Seq Scan on title t  (cost=0.00..73925.90 rows=2905 width=0) (actual time=595.162..3534.577 rows=5835 loops=1)
  Filter: ((kind_id < 7) AND (production_year = 1916))
  Rows Removed by Filter: 2522477
Planning time: 4.559 ms
Execution time: 3536.032 ms
