Hash Join  (cost=74406.67..161752.84 rows=68813 width=0) (actual time=3888.351..8583.972 rows=50409 loops=1)
  Hash Cond: (mk.movie_id = t.id)
  ->  Seq Scan on movie_keyword mk  (cost=0.00..69693.30 rows=4523930 width=4) (actual time=0.025..3579.823 rows=4523930 loops=1)
  ->  Hash  (cost=73925.90..73925.90 rows=38461 width=4) (actual time=3887.946..3887.946 rows=44913 loops=1)
        Buckets: 65536  Batches: 1  Memory Usage: 2091kB
        ->  Seq Scan on title t  (cost=0.00..73925.90 rows=38461 width=4) (actual time=0.026..3865.990 rows=44913 loops=1)
              Filter: ((kind_id > 1) AND (production_year = 2000))
              Rows Removed by Filter: 2483399
Planning time: 3.994 ms
Execution time: 8592.232 ms
