Seq Scan on movie_companies mc  (cost=0.00..51404.11 rows=104 width=0) (actual time=91.360..1938.719 rows=32 loops=1)
  Filter: (company_id = 16067)
  Rows Removed by Filter: 2609097
Planning time: 0.400 ms
Execution time: 1938.822 ms
