Hash Join  (cost=102767.86..200398.10 rows=1239465 width=0) (actual time=5844.860..10530.694 rows=1157577 loops=1)
  Hash Cond: (mc.movie_id = t.id)
  ->  Seq Scan on movie_companies mc  (cost=0.00..57926.93 rows=1239465 width=4) (actual time=0.019..2523.805 rows=1157577 loops=1)
        Filter: ((company_id < 121276) AND (company_type_id = 2))
        Rows Removed by Filter: 1451552
  ->  Hash  (cost=61283.27..61283.27 rows=2528527 width=4) (actual time=5842.897..5842.897 rows=2528312 loops=1)
        Buckets: 131072  Batches: 64  Memory Usage: 2415kB
        ->  Seq Scan on title t  (cost=0.00..61283.27 rows=2528527 width=4) (actual time=0.008..4031.454 rows=2528312 loops=1)
Planning time: 0.679 ms
Execution time: 10686.807 ms
