Seq Scan on movie_keyword mk  (cost=0.00..81003.12 rows=246 width=0) (actual time=1.375..3228.692 rows=1222 loops=1)
  Filter: (keyword_id = 3529)
  Rows Removed by Filter: 4522708
Planning time: 0.367 ms
Execution time: 3229.200 ms
