Seq Scan on cast_info ci  (cost=0.00..705507.15 rows=24479177 width=0) (actual time=0.013..40445.735 rows=24608719 loops=1)
  Filter: (person_id > 1144541)
  Rows Removed by Filter: 11635625
Planning time: 0.320 ms
Execution time: 44470.814 ms
