Hash Join  (cost=85280.32..203785.19 rows=896467 width=0) (actual time=4447.515..11503.191 rows=1177015 loops=1)
  Hash Cond: (mk.movie_id = t.id)
  ->  Seq Scan on movie_keyword mk  (cost=0.00..81003.12 rows=2104019 width=4) (actual time=0.012..4716.606 rows=2102124 loops=1)
        Filter: (keyword_id > 5712)
        Rows Removed by Filter: 2421806
  ->  Hash  (cost=67604.59..67604.59 rows=1077339 width=4) (actual time=4435.235..4435.235 rows=1074765 loops=1)
        Buckets: 131072  Batches: 16  Memory Usage: 3396kB
        ->  Seq Scan on title t  (cost=0.00..67604.59 rows=1077339 width=4) (actual time=0.017..4012.483 rows=1074765 loops=1)
              Filter: (production_year < 2001)
              Rows Removed by Filter: 1453547
Planning time: 0.635 ms
Execution time: 11648.641 ms
