Hash Join  (cost=263115.61..430438.92 rows=3221924 width=0) (actual time=12719.180..26587.521 rows=23994668 loops=1)
  Hash Cond: (mk.movie_id = t.id)
  ->  Seq Scan on movie_keyword mk  (cost=0.00..81003.12 rows=3122391 width=4) (actual time=0.016..5134.215 rows=3108328 loops=1)
        Filter: (keyword_id < 11801)
        Rows Removed by Filter: 1415602
  ->  Hash  (cost=220309.49..220309.49 rows=2609129 width=8) (actual time=12716.956..12716.956 rows=2609129 loops=1)
        Buckets: 131072  Batches: 64  Memory Usage: 2691kB
        ->  Hash Join  (cost=102767.86..220309.49 rows=2609129 width=8) (actual time=5817.714..11870.613 rows=2609129 loops=1)
              Hash Cond: (mc.movie_id = t.id)
              ->  Seq Scan on movie_companies mc  (cost=0.00..44881.29 rows=2609129 width=4) (actual time=0.016..3079.822 rows=2609129 loops=1)
              ->  Hash  (cost=61283.27..61283.27 rows=2528527 width=4) (actual time=5816.386..5816.386 rows=2528312 loops=1)
                    Buckets: 131072  Batches: 64  Memory Usage: 2415kB
                    ->  Seq Scan on title t  (cost=0.00..61283.27 rows=2528527 width=4) (actual time=0.016..4454.798 rows=2528312 loops=1)
Planning time: 0.768 ms
Execution time: 29555.621 ms
