Hash Join  (cost=58358.78..423016.52 rows=181 width=0) (actual time=3021.076..21511.690 rows=42 loops=1)
  Hash Cond: (mi.movie_id = t.id)
  ->  Seq Scan on movie_info mi  (cost=0.00..309384.22 rows=14739122 width=4) (actual time=0.011..15652.467 rows=14835720 loops=1)
  ->  Hash  (cost=58358.39..58358.39 rows=31 width=8) (actual time=2360.916..2360.916 rows=3 loops=1)
        Buckets: 1024  Batches: 1  Memory Usage: 9kB
        ->  Nested Loop  (cost=0.43..58358.39 rows=31 width=8) (actual time=1628.156..2360.906 rows=3 loops=1)
              ->  Seq Scan on movie_companies mc  (cost=0.00..57926.93 rows=51 width=4) (actual time=133.543..2342.824 rows=64 loops=1)
                    Filter: ((company_id = 23) AND (company_type_id = 1))
                    Rows Removed by Filter: 2609065
              ->  Index Scan using title_pkey on title t  (cost=0.43..8.45 rows=1 width=4) (actual time=0.280..0.280 rows=0 loops=64)
                    Index Cond: (id = mc.movie_id)
                    Filter: (kind_id = 7)
                    Rows Removed by Filter: 1
Planning time: 1.094 ms
Execution time: 21511.854 ms
