Nested Loop  (cost=0.43..709671.90 rows=500 width=0) (actual time=7218.444..28792.425 rows=135 loops=1)
  ->  Seq Scan on cast_info ci  (cost=0.00..705507.15 rows=500 width=4) (actual time=7218.258..28790.335 rows=135 loops=1)
        Filter: (person_id = 1229382)
        Rows Removed by Filter: 36244209
  ->  Index Only Scan using title_pkey on title t  (cost=0.43..8.32 rows=1 width=4) (actual time=0.014..0.014 rows=1 loops=135)
        Index Cond: (id = ci.movie_id)
        Heap Fetches: 135
Planning time: 0.759 ms
Execution time: 28792.534 ms
