Hash Join  (cost=83073.10..447732.81 rows=379 width=0) (actual time=4154.120..24646.455 rows=68177 loops=1)
  Hash Cond: (mi.movie_id = t.id)
  ->  Seq Scan on movie_info mi  (cost=0.00..309384.22 rows=14739122 width=4) (actual time=0.020..17036.433 rows=14835720 loops=1)
  ->  Hash  (cost=83072.29..83072.29 rows=65 width=8) (actual time=4082.415..4082.415 rows=586 loops=1)
        Buckets: 1024  Batches: 1  Memory Usage: 31kB
        ->  Nested Loop  (cost=0.43..83072.29 rows=65 width=8) (actual time=1.322..4081.756 rows=586 loops=1)
              ->  Seq Scan on movie_keyword mk  (cost=0.00..81003.12 rows=246 width=4) (actual time=1.278..3820.399 rows=774 loops=1)
                    Filter: (keyword_id = 1669)
                    Rows Removed by Filter: 4523156
              ->  Index Scan using title_pkey on title t  (cost=0.43..8.40 rows=1 width=4) (actual time=0.334..0.335 rows=1 loops=774)
                    Index Cond: (id = mk.movie_id)
                    Filter: (kind_id = 1)
                    Rows Removed by Filter: 0
Planning time: 1.100 ms
Execution time: 24657.238 ms
