Nested Loop  (cost=0.43..83072.90 rows=125 width=0) (actual time=31.110..3450.529 rows=19 loops=1)
  ->  Seq Scan on movie_keyword mk  (cost=0.00..81003.12 rows=246 width=4) (actual time=18.813..3352.318 rows=403 loops=1)
        Filter: (keyword_id = 721)
        Rows Removed by Filter: 4523527
  ->  Index Scan using title_pkey on title t  (cost=0.43..8.40 rows=1 width=4) (actual time=0.241..0.241 rows=0 loops=403)
        Index Cond: (id = mk.movie_id)
        Filter: ((production_year > 1968) AND (kind_id = 7))
        Rows Removed by Filter: 1
Planning time: 18.972 ms
Execution time: 3450.644 ms
