Seq Scan on movie_keyword mk  (cost=0.00..81003.12 rows=3691417 width=0) (actual time=0.020..4280.188 rows=3684601 loops=1)
  Filter: (keyword_id < 21893)
  Rows Removed by Filter: 839329
Planning time: 7.452 ms
Execution time: 4914.228 ms
