Hash Join  (cost=102767.86..188965.11 rows=1035393 width=0) (actual time=1842.590..3998.161 rows=1044077 loops=1)
  Hash Cond: (mc.movie_id = t.id)
  ->  Seq Scan on movie_companies mc  (cost=0.00..51404.11 rows=1035393 width=4) (actual time=0.028..898.596 rows=1044077 loops=1)
        Filter: (company_id > 15121)
        Rows Removed by Filter: 1565052
  ->  Hash  (cost=61283.27..61283.27 rows=2528527 width=4) (actual time=1841.371..1841.371 rows=2528312 loops=1)
        Buckets: 131072  Batches: 64  Memory Usage: 2415kB
        ->  Seq Scan on title t  (cost=0.00..61283.27 rows=2528527 width=4) (actual time=0.021..999.209 rows=2528312 loops=1)
Planning time: 0.818 ms
Execution time: 4124.132 ms
