Seq Scan on movie_companies mc  (cost=0.00..57926.93 rows=1012120 width=0) (actual time=0.029..3451.205 rows=1274246 loops=1)
  Filter: ((company_id < 71885) AND (company_type_id < 2))
  Rows Removed by Filter: 1334883
Planning time: 0.302 ms
Execution time: 3643.552 ms
