Seq Scan on cast_info ci  (cost=0.00..796071.18 rows=220422 width=0) (actual time=7417.718..37132.029 rows=463099 loops=1)
  Filter: ((person_id > 2604575) AND (role_id = 6))
  Rows Removed by Filter: 35781245
Planning time: 0.410 ms
Execution time: 37207.142 ms
