Hash Join  (cost=68438.72..163603.39 rows=93111 width=0) (actual time=3372.335..8825.710 rows=33309 loops=1)
  Hash Cond: (mk.movie_id = t.id)
  ->  Seq Scan on movie_keyword mk  (cost=0.00..81003.12 rows=3528114 width=4) (actual time=0.015..4710.683 rows=3518289 loops=1)
        Filter: (keyword_id < 18327)
        Rows Removed by Filter: 1005641
  ->  Hash  (cost=67604.59..67604.59 rows=66731 width=4) (actual time=3371.197..3371.197 rows=67342 loops=1)
        Buckets: 131072  Batches: 1  Memory Usage: 3392kB
        ->  Seq Scan on title t  (cost=0.00..67604.59 rows=66731 width=4) (actual time=0.016..3341.141 rows=67342 loops=1)
              Filter: (production_year > 2012)
              Rows Removed by Filter: 2460970
Planning time: 0.704 ms
Execution time: 8834.942 ms
