Hash Join  (cost=100908.38..851924.77 rows=22715 width=0) (actual time=5113.724..51153.312 rows=107363 loops=1)
  Hash Cond: (ci.movie_id = t.id)
  ->  Seq Scan on cast_info ci  (cost=0.00..614943.12 rows=36225612 width=4) (actual time=0.015..35953.453 rows=36244344 loops=1)
  ->  Hash  (cost=100888.56..100888.56 rows=1586 width=8) (actual time=5112.649..5112.649 rows=4179 loops=1)
        Buckets: 8192 (originally 2048)  Batches: 1 (originally 1)  Memory Usage: 228kB
        ->  Hash Join  (cost=73962.22..100888.56 rows=1586 width=8) (actual time=3636.536..5110.541 rows=4179 loops=1)
              Hash Cond: (mi_idx.movie_id = t.id)
              ->  Seq Scan on movie_info_idx mi_idx  (cost=0.00..21735.35 rows=1380035 width=4) (actual time=0.013..1176.662 rows=1380035 loops=1)
              ->  Hash  (cost=73925.90..73925.90 rows=2905 width=4) (actual time=3595.302..3595.302 rows=3835 loops=1)
                    Buckets: 4096  Batches: 1  Memory Usage: 167kB
                    ->  Seq Scan on title t  (cost=0.00..73925.90 rows=2905 width=4) (actual time=0.074..3592.967 rows=3835 loops=1)
                          Filter: ((kind_id < 7) AND (production_year = 1959))
                          Rows Removed by Filter: 2524477
Planning time: 1.176 ms
Execution time: 51172.905 ms
