Seq Scan on movie_keyword mk  (cost=0.00..81003.12 rows=4131008 width=0) (actual time=0.022..4351.138 rows=4135092 loops=1)
  Filter: (keyword_id < 44221)
  Rows Removed by Filter: 388838
Planning time: 0.715 ms
Execution time: 4985.990 ms
