Seq Scan on cast_info ci  (cost=0.00..705507.15 rows=500 width=0) (actual time=10367.867..28195.743 rows=304 loops=1)
  Filter: (person_id = 2443114)
  Rows Removed by Filter: 36244040
Planning time: 0.365 ms
Execution time: 28195.851 ms
