Hash Join  (cost=75636.60..199911.23 rows=186459 width=0) (actual time=3600.688..8360.134 rows=82065 loops=1)
  Hash Cond: (mk.movie_id = t.id)
  ->  Seq Scan on movie_keyword mk  (cost=0.00..69693.30 rows=4523930 width=4) (actual time=0.013..3208.391 rows=4523930 loops=1)
  ->  Hash  (cost=73925.90..73925.90 rows=104216 width=4) (actual time=3598.880..3598.880 rows=108513 loops=1)
        Buckets: 131072  Batches: 2  Memory Usage: 2937kB
        ->  Seq Scan on title t  (cost=0.00..73925.90 rows=104216 width=4) (actual time=0.023..2873.715 rows=108513 loops=1)
              Filter: ((kind_id > 1) AND (production_year = 2010))
              Rows Removed by Filter: 2419799
Planning time: 0.736 ms
Execution time: 8370.653 ms
