Hash Join  (cost=91342.70..1025338.31 rows=7377143 width=0) (actual time=4972.996..57304.188 rows=6329217 loops=1)
  Hash Cond: (ci.movie_id = t.id)
  ->  Seq Scan on cast_info ci  (cost=0.00..705507.15 rows=12892008 width=4) (actual time=0.013..40952.634 rows=13012092 loops=1)
        Filter: (person_id > 2375466)
        Rows Removed by Filter: 23232252
  ->  Hash  (cost=67604.59..67604.59 rows=1446889 width=4) (actual time=4971.736..4971.736 rows=1443298 loops=1)
        Buckets: 131072  Batches: 32  Memory Usage: 2608kB
        ->  Seq Scan on title t  (cost=0.00..67604.59 rows=1446889 width=4) (actual time=0.013..4373.689 rows=1443298 loops=1)
              Filter: (production_year < 2006)
              Rows Removed by Filter: 1085014
Planning time: 0.820 ms
Execution time: 58194.289 ms
