Seq Scan on cast_info ci  (cost=0.00..796071.18 rows=455388 width=0) (actual time=7288.049..31474.821 rows=273 loops=1)
  Filter: ((person_id < 215028) AND (role_id = 2))
  Rows Removed by Filter: 36244071
Planning time: 0.472 ms
Execution time: 31475.028 ms
