Hash Join  (cost=163046.79..585780.00 rows=711960 width=0) (actual time=8821.349..26249.397 rows=686479 loops=1)
  Hash Cond: (mi.movie_id = t.id)
  ->  Seq Scan on movie_info mi  (cost=0.00..346232.03 rows=5897221 width=4) (actual time=2576.730..16579.693 rows=5884963 loops=1)
        Filter: (info_type_id < 7)
        Rows Removed by Filter: 8950757
  ->  Hash  (cost=158037.99..158037.99 rows=305264 width=8) (actual time=6202.278..6202.278 rows=193227 loops=1)
        Buckets: 131072  Batches: 4  Memory Usage: 2915kB
        ->  Hash Join  (cost=78779.83..158037.99 rows=305264 width=8) (actual time=2704.448..6129.793 rows=193227 loops=1)
              Hash Cond: (mc.movie_id = t.id)
              ->  Seq Scan on movie_companies mc  (cost=0.00..44881.29 rows=2609129 width=4) (actual time=0.020..2170.383 rows=2609129 loops=1)
              ->  Hash  (cost=73925.90..73925.90 rows=295834 width=4) (actual time=2703.459..2703.459 rows=185285 loops=1)
                    Buckets: 131072  Batches: 4  Memory Usage: 2648kB
                    ->  Seq Scan on title t  (cost=0.00..73925.90 rows=295834 width=4) (actual time=0.024..2636.822 rows=185285 loops=1)
                          Filter: ((production_year < 1978) AND (kind_id = 7))
                          Rows Removed by Filter: 2343027
Planning time: 5.728 ms
Execution time: 26334.195 ms
