Seq Scan on movie_keyword mk  (cost=0.00..81003.12 rows=3924878 width=0) (actual time=0.015..4008.905 rows=3923559 loops=1)
  Filter: (keyword_id < 30635)
  Rows Removed by Filter: 600371
Planning time: 0.343 ms
Execution time: 4636.035 ms
