Hash Join  (cost=426091.74..1179723.91 rows=284300 width=0) (actual time=18637.855..68099.640 rows=888594 loops=1)
  Hash Cond: (ci.movie_id = t.id)
  ->  Seq Scan on cast_info ci  (cost=0.00..614943.12 rows=36225612 width=4) (actual time=0.022..36145.093 rows=36244344 loops=1)
  ->  Hash  (cost=425843.69..425843.69 rows=19844 width=8) (actual time=18636.866..18636.866 rows=26997 loops=1)
        Buckets: 32768  Batches: 1  Memory Usage: 1311kB
        ->  Hash Join  (cost=74394.55..425843.69 rows=19844 width=8) (actual time=7895.474..18624.725 rows=26997 loops=1)
              Hash Cond: (mi.movie_id = t.id)
              ->  Seq Scan on movie_info mi  (cost=0.00..346232.03 rows=1338312 width=4) (actual time=4138.550..14871.587 rows=1401902 loops=1)
                    Filter: (info_type_id = 7)
                    Rows Removed by Filter: 13433818
              ->  Hash  (cost=73925.90..73925.90 rows=37492 width=4) (actual time=3364.759..3364.759 rows=49168 loops=1)
                    Buckets: 65536  Batches: 1  Memory Usage: 2241kB
                    ->  Seq Scan on title t  (cost=0.00..73925.90 rows=37492 width=4) (actual time=0.025..3345.031 rows=49168 loops=1)
                          Filter: ((production_year < 1998) AND (kind_id = 3))
                          Rows Removed by Filter: 2479144
Planning time: 1.125 ms
Execution time: 68259.227 ms
