Hash Join  (cost=83072.39..470986.63 rows=36 width=0) (actual time=2241.733..9049.533 rows=555 loops=1)
  Hash Cond: (mi.movie_id = t.id)
  ->  Seq Scan on movie_info mi  (cost=0.00..346232.03 rows=11115165 width=4) (actual time=309.353..6108.245 rows=11210743 loops=1)
        Filter: (info_type_id > 3)
        Rows Removed by Filter: 3624977
  ->  Hash  (cost=83072.29..83072.29 rows=8 width=8) (actual time=1409.155..1409.155 rows=3 loops=1)
        Buckets: 1024  Batches: 1  Memory Usage: 9kB
        ->  Nested Loop  (cost=0.43..83072.29 rows=8 width=8) (actual time=64.372..1409.144 rows=3 loops=1)
              ->  Seq Scan on movie_keyword mk  (cost=0.00..81003.12 rows=246 width=4) (actual time=1.690..1398.497 rows=294 loops=1)
                    Filter: (keyword_id = 1141)
                    Rows Removed by Filter: 4523636
              ->  Index Scan using title_pkey on title t  (cost=0.43..8.40 rows=1 width=4) (actual time=0.033..0.033 rows=0 loops=294)
                    Index Cond: (id = mk.movie_id)
                    Filter: (production_year = 2004)
                    Rows Removed by Filter: 1
Planning time: 0.735 ms
Execution time: 9049.717 ms
