Nested Loop  (cost=0.43..709671.90 rows=500 width=0) (actual time=14450.129..27591.866 rows=72 loops=1)
  ->  Seq Scan on cast_info ci  (cost=0.00..705507.15 rows=500 width=4) (actual time=14450.007..27585.597 rows=72 loops=1)
        Filter: (person_id = 2942232)
        Rows Removed by Filter: 36244272
  ->  Index Only Scan using title_pkey on title t  (cost=0.43..8.32 rows=1 width=4) (actual time=0.085..0.085 rows=1 loops=72)
        Index Cond: (id = ci.movie_id)
        Heap Fetches: 72
Planning time: 0.761 ms
Execution time: 27591.961 ms
