Hash Join  (cost=73962.22..438787.48 rows=16934 width=0) (actual time=1069.514..8537.709 rows=47200 loops=1)
  Hash Cond: (mi.movie_id = t.id)
  ->  Seq Scan on movie_info mi  (cost=0.00..309384.22 rows=14739122 width=4) (actual time=0.026..4459.412 rows=14835720 loops=1)
  ->  Hash  (cost=73925.90..73925.90 rows=2905 width=4) (actual time=1067.426..1067.426 rows=4593 loops=1)
        Buckets: 8192 (originally 4096)  Batches: 1 (originally 1)  Memory Usage: 226kB
        ->  Seq Scan on title t  (cost=0.00..73925.90 rows=2905 width=4) (actual time=0.070..1065.033 rows=4593 loops=1)
              Filter: ((kind_id < 7) AND (production_year = 1963))
              Rows Removed by Filter: 2523719
Planning time: 2.673 ms
Execution time: 8546.702 ms
