Seq Scan on movie_keyword mk  (cost=0.00..81003.12 rows=3597587 width=0) (actual time=0.018..4362.424 rows=3589443 loops=1)
  Filter: (keyword_id < 20319)
  Rows Removed by Filter: 934487
Planning time: 0.285 ms
Execution time: 4943.918 ms
