Hash Join  (cost=157605.66..653574.59 rows=1514700 width=0) (actual time=8511.740..43619.368 rows=9698321 loops=1)
  Hash Cond: (mi.movie_id = t.id)
  ->  Seq Scan on movie_info mi  (cost=0.00..309384.22 rows=14739122 width=4) (actual time=3.344..23194.901 rows=14835720 loops=1)
  ->  Hash  (cost=153341.54..153341.54 rows=259850 width=8) (actual time=8505.987..8505.987 rows=561445 loops=1)
        Buckets: 131072 (originally 131072)  Batches: 8 (originally 4)  Memory Usage: 3795kB
        ->  Hash Join  (cost=82033.88..153341.54 rows=259850 width=8) (actual time=4486.595..8312.816 rows=561445 loops=1)
              Hash Cond: (mc.movie_id = t.id)
              ->  Seq Scan on movie_companies mc  (cost=0.00..51404.11 rows=1329612 width=4) (actual time=212.629..2908.260 rows=1334883 loops=1)
                    Filter: (company_type_id > 1)
                    Rows Removed by Filter: 1274246
              ->  Hash  (cost=73925.90..73925.90 rows=494158 width=4) (actual time=4272.976..4272.976 rows=581419 loops=1)
                    Buckets: 131072  Batches: 8  Memory Usage: 3592kB
                    ->  Seq Scan on title t  (cost=0.00..73925.90 rows=494158 width=4) (actual time=0.024..4020.069 rows=581419 loops=1)
                          Filter: ((kind_id < 7) AND (production_year < 2004))
                          Rows Removed by Filter: 1946893
Planning time: 7.077 ms
Execution time: 44858.859 ms
