Seq Scan on movie_companies mc  (cost=0.00..57926.93 rows=867103 width=0) (actual time=823.869..2980.301 rows=1178987 loops=1)
  Filter: ((company_id < 25172) AND (company_type_id = 1))
  Rows Removed by Filter: 1430142
Planning time: 0.284 ms
Execution time: 3160.500 ms
