Seq Scan on movie_keyword mk  (cost=0.00..81003.12 rows=2473681 width=0) (actual time=0.025..3471.862 rows=2469531 loops=1)
  Filter: (keyword_id < 5952)
  Rows Removed by Filter: 2054399
Planning time: 0.400 ms
Execution time: 3832.588 ms
