Nested Loop  (cost=0.43..709674.40 rows=268 width=0) (actual time=6284.508..27584.792 rows=441 loops=1)
  ->  Seq Scan on cast_info ci  (cost=0.00..705507.15 rows=500 width=4) (actual time=6284.315..27565.376 rows=477 loops=1)
        Filter: (person_id = 1387352)
        Rows Removed by Filter: 36243867
  ->  Index Scan using title_pkey on title t  (cost=0.43..8.32 rows=1 width=4) (actual time=0.040..0.040 rows=1 loops=477)
        Index Cond: (id = ci.movie_id)
        Filter: ((production_year < 2012) AND (kind_id = 7))
        Rows Removed by Filter: 0
Planning time: 0.867 ms
Execution time: 27584.995 ms
