Hash Join  (cost=68332.59..126676.11 rows=40157 width=0) (actual time=3523.896..7455.386 rows=35387 loops=1)
  Hash Cond: (mc.movie_id = t.id)
  ->  Seq Scan on movie_companies mc  (cost=0.00..51404.11 rows=1743423 width=4) (actual time=0.029..3315.206 rows=1736516 loops=1)
        Filter: (company_id < 23448)
        Rows Removed by Filter: 872613
  ->  Hash  (cost=67604.59..67604.59 rows=58240 width=4) (actual time=3523.451..3523.451 rows=58590 loops=1)
        Buckets: 65536  Batches: 1  Memory Usage: 2572kB
        ->  Seq Scan on title t  (cost=0.00..67604.59 rows=58240 width=4) (actual time=0.022..3474.217 rows=58590 loops=1)
              Filter: (production_year = 2001)
              Rows Removed by Filter: 2469722
Planning time: 6.810 ms
Execution time: 7465.132 ms
