Hash Join  (cost=101489.21..190626.58 rows=900943 width=0) (actual time=7338.122..10645.546 rows=764601 loops=1)
  Hash Cond: (mc.movie_id = t.id)
  ->  Seq Scan on movie_companies mc  (cost=0.00..57926.93 rows=1103000 width=4) (actual time=1397.243..3535.136 rows=886402 loops=1)
        Filter: ((company_id < 77377) AND (company_type_id = 2))
        Rows Removed by Filter: 1722727
  ->  Hash  (cost=67604.59..67604.59 rows=2065330 width=4) (actual time=5939.973..5939.973 rows=2064552 loops=1)
        Buckets: 131072  Batches: 32  Memory Usage: 3289kB
        ->  Seq Scan on title t  (cost=0.00..67604.59 rows=2065330 width=4) (actual time=0.033..5079.869 rows=2064552 loops=1)
              Filter: (production_year < 2011)
              Rows Removed by Filter: 463760
Planning time: 0.751 ms
Execution time: 10745.617 ms
