Hash Join  (cost=75225.89..175056.72 rows=48840 width=0) (actual time=3202.145..8305.987 rows=25569 loops=1)
  Hash Cond: (mk.movie_id = t.id)
  ->  Seq Scan on movie_keyword mk  (cost=0.00..81003.12 rows=1559282 width=4) (actual time=0.017..4400.756 rows=1564454 loops=1)
        Filter: (keyword_id < 2353)
        Rows Removed by Filter: 2959476
  ->  Hash  (cost=73925.90..73925.90 rows=79199 width=4) (actual time=3201.247..3201.247 rows=97735 loops=1)
        Buckets: 131072  Batches: 2  Memory Usage: 2739kB
        ->  Seq Scan on title t  (cost=0.00..73925.90 rows=79199 width=4) (actual time=0.021..3128.086 rows=97735 loops=1)
              Filter: ((kind_id > 2) AND (production_year = 2007))
              Rows Removed by Filter: 2430577
Planning time: 0.589 ms
Execution time: 8309.983 ms
