Hash Join  (cost=192279.14..1177760.46 rows=3796646 width=0) (actual time=16571.715..54723.947 rows=2358972 loops=1)
  Hash Cond: (ci.movie_id = t.id)
  ->  Seq Scan on cast_info ci  (cost=0.00..796071.18 rows=12845248 width=4) (actual time=6599.907..38071.997 rows=10763579 loops=1)
        Filter: ((person_id > 1278821) AND (role_id < 3))
        Rows Removed by Filter: 25480765
  ->  Hash  (cost=180017.24..180017.24 rows=747352 width=8) (actual time=9968.997..9968.997 rows=371937 loops=1)
        Buckets: 131072  Batches: 16  Memory Usage: 1919kB
        ->  Hash Join  (cost=92883.59..180017.24 rows=747352 width=8) (actual time=5112.989..9853.829 rows=371937 loops=1)
              Hash Cond: (mc.movie_id = t.id)
              ->  Seq Scan on movie_companies mc  (cost=0.00..57926.93 rows=1226440 width=4) (actual time=0.032..3352.332 rows=1292876 loops=1)
                    Filter: ((company_id > 64) AND (company_type_id > 1))
                    Rows Removed by Filter: 1316253
              ->  Hash  (cost=67604.59..67604.59 rows=1540800 width=4) (actual time=5111.445..5111.445 rows=1543264 loops=1)
                    Buckets: 131072  Batches: 32  Memory Usage: 2722kB
                    ->  Seq Scan on title t  (cost=0.00..67604.59 rows=1540800 width=4) (actual time=0.024..4473.317 rows=1543264 loops=1)
                          Filter: (kind_id = 7)
                          Rows Removed by Filter: 985048
Planning time: 1.246 ms
Execution time: 55039.062 ms
