Seq Scan on title t  (cost=0.00..73925.90 rows=55880 width=0) (actual time=37.924..1213.093 rows=43879 loops=1)
  Filter: ((production_year > 2000) AND (kind_id = 3))
  Rows Removed by Filter: 2484433
Planning time: 0.369 ms
Execution time: 1219.323 ms
