Hash Join  (cost=187291.42..1335845.66 rows=11170507 width=0) (actual time=8943.835..83023.455 rows=10411010 loops=1)
  Hash Cond: (ci.movie_id = t.id)
  ->  Seq Scan on cast_info ci  (cost=0.00..614943.12 rows=36225612 width=4) (actual time=0.012..46532.262 rows=36244344 loops=1)
  ->  Hash  (cost=174499.23..174499.23 rows=779695 width=8) (actual time=8942.717..8942.717 rows=316839 loops=1)
        Buckets: 131072  Batches: 16  Memory Usage: 1784kB
        ->  Hash Join  (cost=92883.59..174499.23 rows=779695 width=8) (actual time=6241.101..8839.620 rows=316839 loops=1)
              Hash Cond: (mc.movie_id = t.id)
              ->  Seq Scan on movie_companies mc  (cost=0.00..51404.11 rows=1279517 width=4) (actual time=0.028..2741.289 rows=1274246 loops=1)
                    Filter: (company_type_id = 1)
                    Rows Removed by Filter: 1334883
              ->  Hash  (cost=67604.59..67604.59 rows=1540800 width=4) (actual time=4977.037..4977.037 rows=1543264 loops=1)
                    Buckets: 131072  Batches: 32  Memory Usage: 2722kB
                    ->  Seq Scan on title t  (cost=0.00..67604.59 rows=1540800 width=4) (actual time=473.267..4286.103 rows=1543264 loops=1)
                          Filter: (kind_id = 7)
                          Rows Removed by Filter: 985048
Planning time: 1.064 ms
Execution time: 84465.565 ms
