Hash Join  (cost=102767.86..175641.77 rows=210645 width=0) (actual time=5820.527..9597.270 rows=327265 loops=1)
  Hash Cond: (mc.movie_id = t.id)
  ->  Seq Scan on movie_companies mc  (cost=0.00..57926.93 rows=210645 width=4) (actual time=0.022..2991.949 rows=327265 loops=1)
        Filter: ((company_id < 305) AND (company_type_id < 2))
        Rows Removed by Filter: 2281864
  ->  Hash  (cost=61283.27..61283.27 rows=2528527 width=4) (actual time=5819.556..5819.556 rows=2528312 loops=1)
        Buckets: 131072  Batches: 64  Memory Usage: 2415kB
        ->  Seq Scan on title t  (cost=0.00..61283.27 rows=2528527 width=4) (actual time=0.015..4498.144 rows=2528312 loops=1)
Planning time: 0.790 ms
Execution time: 9638.322 ms
