Hash Join  (cost=798388.90..885051.88 rows=494 width=0) (actual time=31242.577..35756.108 rows=2758 loops=1)
  Hash Cond: (mk.movie_id = t.id)
  ->  Seq Scan on movie_keyword mk  (cost=0.00..69693.30 rows=4523930 width=4) (actual time=0.011..3509.416 rows=4523930 loops=1)
  ->  Hash  (cost=798385.45..798385.45 rows=276 width=8) (actual time=31164.183..31164.183 rows=801 loops=1)
        Buckets: 1024  Batches: 1  Memory Usage: 40kB
        ->  Nested Loop  (cost=0.43..798385.45 rows=276 width=8) (actual time=18896.051..31163.766 rows=801 loops=1)
              ->  Seq Scan on cast_info ci  (cost=0.00..796071.18 rows=276 width=4) (actual time=18895.933..31114.140 rows=801 loops=1)
                    Filter: ((role_id < 3) AND (person_id = 582903))
                    Rows Removed by Filter: 36243543
              ->  Index Only Scan using title_pkey on title t  (cost=0.43..8.38 rows=1 width=4) (actual time=0.061..0.061 rows=1 loops=801)
                    Index Cond: (id = ci.movie_id)
                    Heap Fetches: 801
Planning time: 1.071 ms
Execution time: 35756.618 ms
