Seq Scan on movie_keyword mk  (cost=0.00..81003.12 rows=246 width=0) (actual time=305.111..3861.015 rows=7 loops=1)
  Filter: (keyword_id = 74761)
  Rows Removed by Filter: 4523923
Planning time: 0.373 ms
Execution time: 3861.105 ms
