Hash Join  (cost=283635.21..467466.23 rows=2469098 width=156) (actual time=1968.497..5257.416 rows=10424626 loops=1)
  Hash Cond: (mk.movie_id = t.id)
  ->  Seq Scan on movie_keyword mk  (cost=0.00..69693.30 rows=4523930 width=12) (actual time=0.017..321.390 rows=4523930 loops=1)
  ->  Hash  (cost=238082.78..238082.78 rows=1380035 width=144) (actual time=1967.204..1967.204 rows=1380035 loops=1)
        Buckets: 32768  Batches: 64  Memory Usage: 3137kB
        ->  Hash Join  (cost=129928.86..238082.78 rows=1380035 width=144) (actual time=677.464..1593.976 rows=1380035 loops=1)
              Hash Cond: (mi_idx.movie_id = t.id)
              ->  Seq Scan on movie_info_idx mi_idx  (cost=0.00..21735.35 rows=1380035 width=50) (actual time=0.009..101.858 rows=1380035 loops=1)
              ->  Hash  (cost=61283.27..61283.27 rows=2528527 width=94) (actual time=677.243..677.243 rows=2528312 loops=1)
                    Buckets: 32768  Batches: 128  Memory Usage: 2453kB
                    ->  Seq Scan on title t  (cost=0.00..61283.27 rows=2528527 width=94) (actual time=0.010..244.170 rows=2528312 loops=1)
Planning time: 0.694 ms
Execution time: 5520.628 ms
