Seq Scan on movie_companies mc  (cost=0.00..57926.93 rows=140398 width=0) (actual time=251.528..828.088 rows=64010 loops=1)
  Filter: ((company_id < 145) AND (company_type_id > 1))
  Rows Removed by Filter: 2545119
Planning time: 0.255 ms
Execution time: 836.466 ms
