Hash Join  (cost=74671.72..814651.34 rows=204075 width=0) (actual time=6912.860..15754.526 rows=193167 loops=1)
  Hash Cond: (ci.movie_id = t.id)
  ->  Seq Scan on cast_info ci  (cost=0.00..705507.15 rows=8648459 width=4) (actual time=5727.738..11818.306 rows=8648232 loops=1)
        Filter: (person_id > 2824191)
        Rows Removed by Filter: 27596112
  ->  Hash  (cost=73925.90..73925.90 rows=59665 width=4) (actual time=1184.176..1184.176 rows=68274 loops=1)
        Buckets: 131072 (originally 65536)  Batches: 1 (originally 1)  Memory Usage: 3425kB
        ->  Seq Scan on title t  (cost=0.00..73925.90 rows=59665 width=4) (actual time=1.787..1153.595 rows=68274 loops=1)
              Filter: ((kind_id > 2) AND (production_year = 2004))
              Rows Removed by Filter: 2460038
Planning time: 1.841 ms
Execution time: 15783.044 ms
