Seq Scan on title t  (cost=0.00..73925.90 rows=198344 width=0) (actual time=304.716..1043.209 rows=331222 loops=1)
  Filter: ((production_year < 1993) AND (kind_id = 1))
  Rows Removed by Filter: 2197090
Planning time: 0.354 ms
Execution time: 1085.688 ms
