Hash Join  (cost=798791.46..825703.71 rows=177 width=0) (actual time=41127.579..41715.966 rows=849 loops=1)
  Hash Cond: (mi_idx.movie_id = t.id)
  ->  Seq Scan on movie_info_idx mi_idx  (cost=0.00..21735.35 rows=1380035 width=4) (actual time=0.023..1036.609 rows=1380035 loops=1)
  ->  Hash  (cost=798787.41..798787.41 rows=324 width=8) (actual time=40357.623..40357.623 rows=287 loops=1)
        Buckets: 1024  Batches: 1  Memory Usage: 20kB
        ->  Nested Loop  (cost=0.43..798787.41 rows=324 width=8) (actual time=25542.373..40357.435 rows=287 loops=1)
              ->  Seq Scan on cast_info ci  (cost=0.00..796071.18 rows=324 width=4) (actual time=25542.207..40330.121 rows=287 loops=1)
                    Filter: ((role_id > 1) AND (person_id = 2774492))
                    Rows Removed by Filter: 36244057
              ->  Index Only Scan using title_pkey on title t  (cost=0.43..8.37 rows=1 width=4) (actual time=0.094..0.094 rows=1 loops=287)
                    Index Cond: (id = ci.movie_id)
                    Heap Fetches: 287
Planning time: 4.399 ms
Execution time: 41716.193 ms
