Seq Scan on movie_keyword mk  (cost=0.00..81003.12 rows=246 width=0) (actual time=2.452..1228.396 rows=895 loops=1)
  Filter: (keyword_id = 3483)
  Rows Removed by Filter: 4523035
Planning time: 0.380 ms
Execution time: 1228.818 ms
