Hash Join  (cost=162451.30..189453.43 rows=9165 width=0) (actual time=2805.011..3381.785 rows=11328 loops=1)
  Hash Cond: (mi_idx.movie_id = t.id)
  ->  Seq Scan on movie_info_idx mi_idx  (cost=0.00..21735.35 rows=1380035 width=4) (actual time=0.018..293.524 rows=1380035 loops=1)
  ->  Hash  (cost=162241.39..162241.39 rows=16793 width=8) (actual time=2804.514..2804.514 rows=9239 loops=1)
        Buckets: 32768  Batches: 1  Memory Usage: 617kB
        ->  Hash Join  (cost=75464.55..162241.39 rows=16793 width=8) (actual time=1325.901..2800.473 rows=9239 loops=1)
              Hash Cond: (mk.movie_id = t.id)
              ->  Seq Scan on movie_keyword mk  (cost=0.00..81003.12 rows=453008 width=4) (actual time=0.017..1298.310 rows=465401 loops=1)
                    Filter: (keyword_id < 355)
                    Rows Removed by Filter: 4058529
              ->  Hash  (cost=73925.90..73925.90 rows=93732 width=4) (actual time=1325.124..1325.124 rows=100592 loops=1)
                    Buckets: 131072  Batches: 2  Memory Usage: 2797kB
                    ->  Seq Scan on title t  (cost=0.00..73925.90 rows=93732 width=4) (actual time=0.033..1283.333 rows=100592 loops=1)
                          Filter: ((kind_id > 1) AND (production_year = 2009))
                          Rows Removed by Filter: 2427720
Planning time: 1.692 ms
Execution time: 3383.554 ms
