Hash Join  (cost=163338.54..971023.23 rows=173198 width=0) (actual time=8550.430..40348.865 rows=2489994 loops=1)
  Hash Cond: (ci.movie_id = t.id)
  ->  Seq Scan on cast_info ci  (cost=0.00..796071.18 rows=613210 width=4) (actual time=0.018..29191.535 rows=2543214 loops=1)
        Filter: ((person_id > 3144177) AND (role_id = 10))
        Rows Removed by Filter: 33701130
  ->  Hash  (cost=151621.42..151621.42 rows=714169 width=8) (actual time=8549.564..8549.564 rows=715276 loops=1)
        Buckets: 131072  Batches: 16  Memory Usage: 2777kB
        ->  Hash Join  (cost=99841.01..151621.42 rows=714169 width=8) (actual time=5574.256..8316.481 rows=715276 loops=1)
              Hash Cond: (mi_idx.movie_id = t.id)
              ->  Seq Scan on movie_info_idx mi_idx  (cost=0.00..25185.44 rows=919057 width=4) (actual time=0.016..1535.960 rows=920110 loops=1)
                    Filter: (info_type_id > 99)
                    Rows Removed by Filter: 459925
              ->  Hash  (cost=67604.59..67604.59 rows=1964834 width=4) (actual time=5573.040..5573.040 rows=1962189 loops=1)
                    Buckets: 131072  Batches: 32  Memory Usage: 3187kB
                    ->  Seq Scan on title t  (cost=0.00..67604.59 rows=1964834 width=4) (actual time=0.009..4451.373 rows=1962189 loops=1)
                          Filter: (production_year > 1978)
                          Rows Removed by Filter: 566123
Planning time: 1.079 ms
Execution time: 40637.661 ms
