Seq Scan on movie_companies mc  (cost=0.00..57926.93 rows=705572 width=0) (actual time=589.202..1029.799 rows=489647 loops=1)
  Filter: ((company_id > 9701) AND (company_type_id < 2))
  Rows Removed by Filter: 2119482
Planning time: 0.337 ms
Execution time: 1091.965 ms
