Hash Join  (cost=532159.52..1324599.02 rows=2863185 width=0) (actual time=10480.217..28546.145 rows=7350423 loops=1)
  Hash Cond: (ci.movie_id = t.id)
  ->  Seq Scan on cast_info ci  (cost=0.00..705507.15 rows=3998100 width=4) (actual time=345.457..13656.192 rows=4008037 loops=1)
        Filter: (role_id = 3)
        Rows Removed by Filter: 32236307
  ->  Hash  (cost=502450.90..502450.90 rows=1810770 width=8) (actual time=10133.883..10133.883 rows=1865632 loops=1)
        Buckets: 131072  Batches: 32  Memory Usage: 3181kB
        ->  Hash Join  (cost=102767.86..502450.90 rows=1810770 width=8) (actual time=1912.511..9601.932 rows=1865632 loops=1)
              Hash Cond: (mi.movie_id = t.id)
              ->  Seq Scan on movie_info mi  (cost=0.00..346232.03 rows=1810770 width=4) (actual time=0.028..5803.805 rows=1865632 loops=1)
                    Filter: (info_type_id > 17)
                    Rows Removed by Filter: 12970088
              ->  Hash  (cost=61283.27..61283.27 rows=2528527 width=4) (actual time=1911.582..1911.582 rows=2528312 loops=1)
                    Buckets: 131072  Batches: 64  Memory Usage: 2425kB
                    ->  Seq Scan on title t  (cost=0.00..61283.27 rows=2528527 width=4) (actual time=0.014..1079.803 rows=2528312 loops=1)
Planning time: 0.760 ms
Execution time: 29396.761 ms
