Hash Join  (cost=113578.87..168244.52 rows=13 width=0) (actual time=1354.531..2358.337 rows=206 loops=1)
  Hash Cond: (mc.movie_id = t.id)
  ->  Seq Scan on movie_companies mc  (cost=0.00..44881.29 rows=2609129 width=4) (actual time=0.020..598.598 rows=2609129 loops=1)
  ->  Hash  (cost=113578.71..113578.71 rows=13 width=8) (actual time=1295.601..1295.601 rows=19 loops=1)
        Buckets: 1024  Batches: 1  Memory Usage: 9kB
        ->  Nested Loop  (cost=0.43..113578.71 rows=13 width=8) (actual time=170.341..1295.550 rows=19 loops=1)
              ->  Seq Scan on movie_keyword mk  (cost=0.00..81003.12 rows=4373 width=4) (actual time=0.607..1179.304 rows=4217 loops=1)
                    Filter: (keyword_id = 394)
                    Rows Removed by Filter: 4519713
              ->  Index Scan using title_pkey on title t  (cost=0.43..7.44 rows=1 width=4) (actual time=0.027..0.027 rows=0 loops=4217)
                    Index Cond: (id = mk.movie_id)
                    Filter: (production_year = 1968)
                    Rows Removed by Filter: 1
Planning time: 1.192 ms
Execution time: 2358.537 ms
