Hash Join  (cost=110878.98..187176.71 rows=90521 width=0) (actual time=2094.834..3879.228 rows=185578 loops=1)
  Hash Cond: (mc.movie_id = t.id)
  ->  Seq Scan on movie_companies mc  (cost=0.00..44881.29 rows=2609129 width=4) (actual time=0.017..917.636 rows=2609129 loops=1)
  ->  Hash  (cost=109439.43..109439.43 rows=87724 width=8) (actual time=2093.843..2093.843 rows=62055 loops=1)
        Buckets: 131072  Batches: 2  Memory Usage: 2230kB
        ->  Hash Join  (cost=70241.71..109439.43 rows=87724 width=8) (actual time=1106.495..2072.211 rows=62055 loops=1)
              Hash Cond: (mi_idx.movie_id = t.id)
              ->  Seq Scan on movie_info_idx mi_idx  (cost=0.00..21735.35 rows=1380035 width=4) (actual time=0.020..395.762 rows=1380035 loops=1)
              ->  Hash  (cost=67604.59..67604.59 rows=160730 width=4) (actual time=1105.663..1105.663 rows=160017 loops=1)
                    Buckets: 131072  Batches: 4  Memory Usage: 2436kB
                    ->  Seq Scan on title t  (cost=0.00..67604.59 rows=160730 width=4) (actual time=0.017..1048.512 rows=160017 loops=1)
                          Filter: (production_year = 2011)
                          Rows Removed by Filter: 2368295
Planning time: 1.111 ms
Execution time: 3900.395 ms
