Hash Join  (cost=142312.68..266972.88 rows=218116 width=0) (actual time=2881.167..5848.126 rows=288054 loops=1)
  Hash Cond: (mk.movie_id = t.id)
  ->  Seq Scan on movie_keyword mk  (cost=0.00..69693.30 rows=4523930 width=4) (actual time=0.021..1507.913 rows=4523930 loops=1)
  ->  Hash  (cost=140311.81..140311.81 rows=121910 width=8) (actual time=2880.267..2880.267 rows=105006 loops=1)
        Buckets: 131072  Batches: 2  Memory Usage: 3082kB
        ->  Hash Join  (cost=71408.55..140311.81 rows=121910 width=8) (actual time=1611.461..2845.394 rows=105006 loops=1)
              Hash Cond: (mc.movie_id = t.id)
              ->  Seq Scan on movie_companies mc  (cost=0.00..51404.11 rows=1329612 width=4) (actual time=356.698..989.508 rows=1334883 loops=1)
                    Filter: (company_type_id > 1)
                    Rows Removed by Filter: 1274246
              ->  Hash  (cost=67604.59..67604.59 rows=231837 width=4) (actual time=1253.815..1253.815 rows=231649 loops=1)
                    Buckets: 131072  Batches: 4  Memory Usage: 3076kB
                    ->  Seq Scan on title t  (cost=0.00..67604.59 rows=231837 width=4) (actual time=0.029..1173.283 rows=231649 loops=1)
                          Filter: (production_year > 2011)
                          Rows Removed by Filter: 2296663
Planning time: 1.049 ms
Execution time: 5886.685 ms
