Seq Scan on movie_keyword mk  (cost=0.00..81003.12 rows=1279952 width=0) (actual time=0.018..1374.947 rows=1289416 loops=1)
  Filter: (keyword_id > 13707)
  Rows Removed by Filter: 3234514
Planning time: 0.343 ms
Execution time: 1531.990 ms
