Hash Join  (cost=149865.28..1205204.81 rows=2096436 width=0) (actual time=2863.478..29281.293 rows=2383985 loops=1)
  Hash Cond: (ci.movie_id = t.id)
  ->  Seq Scan on cast_info ci  (cost=0.00..614943.12 rows=36225612 width=4) (actual time=0.020..12670.239 rows=36244344 loops=1)
  ->  Hash  (cost=147464.16..147464.16 rows=146330 width=8) (actual time=2862.647..2862.647 rows=69610 loops=1)
        Buckets: 131072  Batches: 2  Memory Usage: 2391kB
        ->  Hash Join  (cost=78670.55..147464.16 rows=146330 width=8) (actual time=1379.504..2841.141 rows=69610 loops=1)
              Hash Cond: (mc.movie_id = t.id)
              ->  Seq Scan on movie_companies mc  (cost=0.00..51404.11 rows=1279517 width=4) (actual time=0.015..879.261 rows=1274246 loops=1)
                    Filter: (company_type_id < 2)
                    Rows Removed by Filter: 1334883
              ->  Hash  (cost=73925.90..73925.90 rows=289172 width=4) (actual time=1378.345..1378.345 rows=292674 loops=1)
                    Buckets: 131072  Batches: 4  Memory Usage: 3617kB
                    ->  Seq Scan on title t  (cost=0.00..73925.90 rows=289172 width=4) (actual time=0.019..1279.725 rows=292674 loops=1)
                          Filter: ((kind_id > 1) AND (production_year > 2010))
                          Rows Removed by Filter: 2235638
Planning time: 1.196 ms
Execution time: 29595.877 ms
