Hash Join  (cost=433076.24..1190035.23 rows=616978 width=0) (actual time=7558.976..27943.229 rows=638005 loops=1)
  Hash Cond: (ci.movie_id = t.id)
  ->  Seq Scan on cast_info ci  (cost=0.00..614943.12 rows=36225612 width=4) (actual time=0.013..9228.645 rows=36244344 loops=1)
  ->  Hash  (cost=432537.93..432537.93 rows=43065 width=8) (actual time=7555.841..7555.841 rows=42724 loops=1)
        Buckets: 65536  Batches: 1  Memory Usage: 2181kB
        ->  Hash Join  (cost=74369.53..432537.93 rows=43065 width=8) (actual time=1894.329..7538.941 rows=42724 loops=1)
              Hash Cond: (mi.movie_id = t.id)
              ->  Seq Scan on movie_info mi  (cost=0.00..346232.03 rows=3068194 width=4) (actual time=726.434..5630.587 rows=3036719 loops=1)
                    Filter: (info_type_id = 16)
                    Rows Removed by Filter: 11799001
              ->  Hash  (cost=73925.90..73925.90 rows=35490 width=4) (actual time=1166.910..1166.910 rows=39698 loops=1)
                    Buckets: 65536  Batches: 1  Memory Usage: 1908kB
                    ->  Seq Scan on title t  (cost=0.00..73925.90 rows=35490 width=4) (actual time=0.033..1150.137 rows=39698 loops=1)
                          Filter: ((kind_id = 7) AND (production_year = 2001))
                          Rows Removed by Filter: 2488614
Planning time: 1.176 ms
Execution time: 28037.224 ms
