Hash Join  (cost=1067669.73..1776338.44 rows=17995498 width=0) (actual time=19528.547..49031.846 rows=51749778 loops=1)
  Hash Cond: (mi.movie_id = t.id)
  ->  Seq Scan on movie_info mi  (cost=0.00..309384.22 rows=14739122 width=4) (actual time=0.018..6066.824 rows=14835720 loops=1)
  ->  Hash  (cost=1017020.17..1017020.17 rows=3087165 width=8) (actual time=19526.148..19526.148 rows=1787629 loops=1)
        Buckets: 131072  Batches: 64  Memory Usage: 2198kB
        ->  Hash Join  (cost=89144.17..1017020.17 rows=3087165 width=8) (actual time=1706.284..18959.103 rows=1787629 loops=1)
              Hash Cond: (ci.movie_id = t.id)
              ->  Seq Scan on cast_info ci  (cost=0.00..796071.18 rows=8415779 width=4) (actual time=0.012..14280.775 rows=4205275 loops=1)
                    Filter: ((person_id < 2577739) AND (role_id > 3))
                    Rows Removed by Filter: 32039069
              ->  Hash  (cost=73925.90..73925.90 rows=927541 width=4) (actual time=1704.885..1704.885 rows=892520 loops=1)
                    Buckets: 131072  Batches: 16  Memory Usage: 2986kB
                    ->  Seq Scan on title t  (cost=0.00..73925.90 rows=927541 width=4) (actual time=0.011..1264.110 rows=892520 loops=1)
                          Filter: ((kind_id < 7) AND (production_year > 1919))
                          Rows Removed by Filter: 1635792
Planning time: 0.932 ms
Execution time: 55130.824 ms
