Seq Scan on movie_keyword mk  (cost=0.00..81003.12 rows=246 width=0) (actual time=0.130..1211.350 rows=966 loops=1)
  Filter: (keyword_id = 1500)
  Rows Removed by Filter: 4522964
Planning time: 0.290 ms
Execution time: 1211.789 ms
