Hash Join  (cost=73950.44..130350.92 rows=1032 width=0) (actual time=1602.423..2067.734 rows=5006 loops=1)
  Hash Cond: (mc.movie_id = t.id)
  ->  Seq Scan on movie_companies mc  (cost=0.00..51404.11 rows=1329612 width=4) (actual time=355.842..835.326 rows=1334883 loops=1)
        Filter: (company_type_id > 1)
        Rows Removed by Filter: 1274246
  ->  Hash  (cost=73925.90..73925.90 rows=1963 width=4) (actual time=1015.545..1015.545 rows=5461 loops=1)
        Buckets: 8192 (originally 2048)  Batches: 1 (originally 1)  Memory Usage: 256kB
        ->  Seq Scan on title t  (cost=0.00..73925.90 rows=1963 width=4) (actual time=364.436..1012.711 rows=5461 loops=1)
              Filter: ((kind_id = 1) AND (production_year = 1990))
              Rows Removed by Filter: 2522851
Planning time: 0.894 ms
Execution time: 2068.767 ms
