Hash Join  (cost=52284.99..79196.04 rows=57 width=0) (actual time=869.753..1424.118 rows=598 loops=1)
  Hash Cond: (mi_idx.movie_id = t.id)
  ->  Seq Scan on movie_info_idx mi_idx  (cost=0.00..21735.35 rows=1380035 width=4) (actual time=0.029..296.803 rows=1380035 loops=1)
  ->  Hash  (cost=52283.69..52283.69 rows=104 width=8) (actual time=869.356..869.356 rows=209 loops=1)
        Buckets: 1024  Batches: 1  Memory Usage: 17kB
        ->  Nested Loop  (cost=0.43..52283.69 rows=104 width=8) (actual time=120.430..869.203 rows=209 loops=1)
              ->  Seq Scan on movie_companies mc  (cost=0.00..51404.11 rows=104 width=4) (actual time=120.308..863.644 rows=209 loops=1)
                    Filter: (company_id = 8783)
                    Rows Removed by Filter: 2608920
              ->  Index Only Scan using title_pkey on title t  (cost=0.43..8.45 rows=1 width=4) (actual time=0.024..0.025 rows=1 loops=209)
                    Index Cond: (id = mc.movie_id)
                    Heap Fetches: 209
Planning time: 1.287 ms
Execution time: 1424.346 ms
