Hash Join  (cost=513437.85..1414637.74 rows=3151558 width=0) (actual time=13292.167..33485.192 rows=8056824 loops=1)
  Hash Cond: (ci.movie_id = t.id)
  ->  Seq Scan on cast_info ci  (cost=0.00..796071.18 rows=5910967 width=4) (actual time=4069.761..14375.965 rows=12037795 loops=1)
        Filter: ((person_id < 1651502) AND (role_id = 1))
        Rows Removed by Filter: 24206549
  ->  Hash  (cost=491319.12..491319.12 rows=1348138 width=8) (actual time=9221.348..9221.348 rows=1298989 loops=1)
        Buckets: 131072  Batches: 32  Memory Usage: 2598kB
        ->  Hash Join  (cost=102767.86..491319.12 rows=1348138 width=8) (actual time=2268.314..8909.254 rows=1298989 loops=1)
              Hash Cond: (mi.movie_id = t.id)
              ->  Seq Scan on movie_info mi  (cost=0.00..346232.03 rows=1348138 width=4) (actual time=419.318..5725.795 rows=1298989 loops=1)
                    Filter: (info_type_id = 4)
                    Rows Removed by Filter: 13536731
              ->  Hash  (cost=61283.27..61283.27 rows=2528527 width=4) (actual time=1847.674..1847.674 rows=2528312 loops=1)
                    Buckets: 131072  Batches: 64  Memory Usage: 2425kB
                    ->  Seq Scan on title t  (cost=0.00..61283.27 rows=2528527 width=4) (actual time=0.026..999.928 rows=2528312 loops=1)
Planning time: 1.197 ms
Execution time: 34331.026 ms
