Seq Scan on cast_info ci  (cost=0.00..705507.15 rows=500 width=0) (actual time=10760.855..10942.171 rows=472 loops=1)
  Filter: (person_id = 687088)
  Rows Removed by Filter: 36243872
Planning time: 0.331 ms
Execution time: 10942.314 ms
