Hash Join  (cost=128478.61..259746.24 rows=541181 width=0) (actual time=3281.062..8021.267 rows=6206185 loops=1)
  Hash Cond: (mk.movie_id = t.id)
  ->  Seq Scan on movie_keyword mk  (cost=0.00..81003.12 rows=3755918 width=4) (actual time=0.015..1848.101 rows=3747679 loops=1)
        Filter: (keyword_id < 24293)
        Rows Removed by Filter: 776251
  ->  Hash  (cost=122500.50..122500.50 rows=364329 width=8) (actual time=2945.661..2945.661 rows=629900 loops=1)
        Buckets: 131072 (originally 131072)  Batches: 16 (originally 8)  Memory Usage: 3073kB
        ->  Hash Join  (cost=78556.72..122500.50 rows=364329 width=8) (actual time=1679.309..2770.867 rows=629900 loops=1)
              Hash Cond: (mi_idx.movie_id = t.id)
              ->  Seq Scan on movie_info_idx mi_idx  (cost=0.00..21735.35 rows=1380035 width=4) (actual time=0.018..479.826 rows=1380035 loops=1)
              ->  Hash  (cost=67604.59..67604.59 rows=667531 width=4) (actual time=1445.526..1445.526 rows=662825 loops=1)
                    Buckets: 131072  Batches: 16  Memory Usage: 2476kB
                    ->  Seq Scan on title t  (cost=0.00..67604.59 rows=667531 width=4) (actual time=0.024..1244.145 rows=662825 loops=1)
                          Filter: (kind_id = 1)
                          Rows Removed by Filter: 1865487
Planning time: 6.960 ms
Execution time: 8720.172 ms
