Hash Join  (cost=100089.65..263954.30 rows=2849807 width=0) (actual time=2049.591..6668.521 rows=2656683 loops=1)
  Hash Cond: (mk.movie_id = t.id)
  ->  Seq Scan on movie_keyword mk  (cost=0.00..81003.12 rows=3639291 width=4) (actual time=0.019..1792.832 rows=3632676 loops=1)
        Filter: (keyword_id < 20684)
        Rows Removed by Filter: 891254
  ->  Hash  (cost=67604.59..67604.59 rows=1980005 width=4) (actual time=2047.779..2047.779 rows=1976617 loops=1)
        Buckets: 131072  Batches: 32  Memory Usage: 3212kB
        ->  Seq Scan on title t  (cost=0.00..67604.59 rows=1980005 width=4) (actual time=0.020..1399.377 rows=1976617 loops=1)
              Filter: (production_year > 1977)
              Rows Removed by Filter: 551695
Planning time: 0.775 ms
Execution time: 6964.379 ms
