Seq Scan on cast_info ci  (cost=0.00..796071.18 rows=3437695 width=0) (actual time=4642.680..12492.020 rows=2028723 loops=1)
  Filter: ((person_id < 986009) AND (role_id > 3))
  Rows Removed by Filter: 34215621
Planning time: 0.358 ms
Execution time: 12750.831 ms
