Hash Join  (cost=139635.72..613661.53 rows=1650263 width=0) (actual time=3578.456..17232.745 rows=9714399 loops=1)
  Hash Cond: (mi.movie_id = t.id)
  ->  Seq Scan on movie_info mi  (cost=0.00..346232.03 rows=9476311 width=4) (actual time=0.016..6566.444 rows=9565151 loops=1)
        Filter: (info_type_id < 16)
        Rows Removed by Filter: 5270569
  ->  Hash  (cost=132410.55..132410.55 rows=440333 width=8) (actual time=3577.457..3577.457 rows=877706 loops=1)
        Buckets: 131072 (originally 131072)  Batches: 16 (originally 8)  Memory Usage: 3188kB
        ->  Hash Join  (cost=87162.74..132410.55 rows=440333 width=8) (actual time=1780.699..3303.922 rows=877706 loops=1)
              Hash Cond: (mi_idx.movie_id = t.id)
              ->  Seq Scan on movie_info_idx mi_idx  (cost=0.00..21735.35 rows=1380035 width=4) (actual time=0.013..472.413 rows=1380035 loops=1)
              ->  Hash  (cost=73925.90..73925.90 rows=806787 width=4) (actual time=1779.654..1779.654 rows=843018 loops=1)
                    Buckets: 131072  Batches: 16  Memory Usage: 2879kB
                    ->  Seq Scan on title t  (cost=0.00..73925.90 rows=806787 width=4) (actual time=0.015..1231.922 rows=843018 loops=1)
                          Filter: ((kind_id < 7) AND (production_year < 2011))
                          Rows Removed by Filter: 1685294
Planning time: 1.204 ms
Execution time: 18291.243 ms
