Hash Join  (cost=101489.21..200405.37 rows=1535605 width=0) (actual time=1957.759..4926.733 rows=1681023 loops=1)
  Hash Cond: (mc.movie_id = t.id)
  ->  Seq Scan on movie_companies mc  (cost=0.00..51404.11 rows=1879999 width=4) (actual time=0.026..1081.174 rows=1875540 loops=1)
        Filter: (company_id < 39960)
        Rows Removed by Filter: 733589
  ->  Hash  (cost=67604.59..67604.59 rows=2065330 width=4) (actual time=1956.899..1956.899 rows=2064552 loops=1)
        Buckets: 131072  Batches: 32  Memory Usage: 3289kB
        ->  Seq Scan on title t  (cost=0.00..67604.59 rows=2065330 width=4) (actual time=0.022..1325.967 rows=2064552 loops=1)
              Filter: (production_year < 2011)
              Rows Removed by Filter: 463760
Planning time: 0.733 ms
Execution time: 5131.909 ms
