Nested Loop  (cost=0.43..58375.18 rows=53 width=0) (actual time=161.448..890.650 rows=128 loops=1)
  ->  Seq Scan on movie_companies mc  (cost=0.00..57926.93 rows=53 width=4) (actual time=161.375..885.699 rows=128 loops=1)
        Filter: ((company_type_id > 1) AND (company_id = 100990))
        Rows Removed by Filter: 2609001
  ->  Index Only Scan using title_pkey on title t  (cost=0.43..8.45 rows=1 width=4) (actual time=0.036..0.037 rows=1 loops=128)
        Index Cond: (id = mc.movie_id)
        Heap Fetches: 128
Planning time: 0.755 ms
Execution time: 890.769 ms
