Seq Scan on movie_keyword mk  (cost=0.00..81003.12 rows=3134378 width=0) (actual time=0.027..1529.361 rows=3118788 loops=1)
  Filter: (keyword_id < 11914)
  Rows Removed by Filter: 1405142
Planning time: 0.348 ms
Execution time: 1899.921 ms
