Hash Join  (cost=136662.72..505765.47 rows=302199 width=0) (actual time=4258.910..9163.007 rows=425035 loops=1)
  Hash Cond: (mi.movie_id = t.id)
  ->  Seq Scan on movie_info mi  (cost=0.00..346232.03 rows=1550064 width=4) (actual time=1284.583..5336.479 rows=1533909 loops=1)
        Filter: (info_type_id = 3)
        Rows Removed by Filter: 13301811
  ->  Hash  (cost=128574.75..128574.75 rows=492958 width=8) (actual time=2973.500..2973.500 rows=369173 loops=1)
        Buckets: 131072  Batches: 8  Memory Usage: 2817kB
        ->  Hash Join  (cost=82423.69..128574.75 rows=492958 width=8) (actual time=1562.720..2867.840 rows=369173 loops=1)
              Hash Cond: (mi_idx.movie_id = t.id)
              ->  Seq Scan on movie_info_idx mi_idx  (cost=0.00..21735.35 rows=1380035 width=4) (actual time=0.020..462.334 rows=1380035 loops=1)
              ->  Hash  (cost=67604.59..67604.59 rows=903208 width=4) (actual time=1561.710..1561.710 rows=904491 loops=1)
                    Buckets: 131072  Batches: 16  Memory Usage: 3010kB
                    ->  Seq Scan on title t  (cost=0.00..67604.59 rows=903208 width=4) (actual time=0.030..1281.932 rows=904491 loops=1)
                          Filter: (production_year > 2006)
                          Rows Removed by Filter: 1623821
Planning time: 1.156 ms
Execution time: 9217.907 ms
