Seq Scan on movie_keyword mk  (cost=0.00..81003.12 rows=246 width=0) (actual time=556.365..1134.660 rows=2 loops=1)
  Filter: (keyword_id = 127754)
  Rows Removed by Filter: 4523928
Planning time: 0.312 ms
Execution time: 1134.737 ms
