Seq Scan on movie_keyword mk  (cost=0.00..81003.12 rows=2558366 width=0) (actual time=0.022..1482.468 rows=2551474 loops=1)
  Filter: (keyword_id > 3452)
  Rows Removed by Filter: 1972456
Planning time: 0.209 ms
Execution time: 1800.900 ms
