Hash Join  (cost=83074.16..434325.65 rows=79 width=0) (actual time=2882.316..7285.346 rows=38 loops=1)
  Hash Cond: (mi.movie_id = t.id)
  ->  Seq Scan on movie_info mi  (cost=0.00..346232.03 rows=1338312 width=4) (actual time=1697.753..5910.162 rows=1401902 loops=1)
        Filter: (info_type_id = 7)
        Rows Removed by Filter: 13433818
  ->  Hash  (cost=83072.29..83072.29 rows=150 width=8) (actual time=1177.126..1177.126 rows=64 loops=1)
        Buckets: 1024  Batches: 1  Memory Usage: 11kB
        ->  Nested Loop  (cost=0.43..83072.29 rows=150 width=8) (actual time=708.392..1177.058 rows=64 loops=1)
              ->  Seq Scan on movie_keyword mk  (cost=0.00..81003.12 rows=246 width=4) (actual time=0.463..1153.036 rows=560 loops=1)
                    Filter: (keyword_id = 5364)
                    Rows Removed by Filter: 4523370
              ->  Index Scan using title_pkey on title t  (cost=0.43..8.40 rows=1 width=4) (actual time=0.042..0.042 rows=0 loops=560)
                    Index Cond: (id = mk.movie_id)
                    Filter: (kind_id = 7)
                    Rows Removed by Filter: 1
Planning time: 1.206 ms
Execution time: 7285.507 ms
