Seq Scan on movie_companies mc  (cost=0.00..51404.11 rows=1149023 width=0) (actual time=0.026..904.856 rows=1145419 loops=1)
  Filter: (company_id < 8783)
  Rows Removed by Filter: 1463710
Planning time: 0.300 ms
Execution time: 1040.953 ms
