Hash Join  (cost=308680.41..1851377.73 rows=40722612 width=0) (actual time=7233.472..74646.087 rows=134343997 loops=1)
  Hash Cond: (ci.movie_id = t.id)
  ->  Seq Scan on cast_info ci  (cost=0.00..614943.12 rows=36225612 width=4) (actual time=0.021..13857.688 rows=36244344 loops=1)
  ->  Hash  (cost=262046.23..262046.23 rows=2842415 width=8) (actual time=7232.397..7232.397 rows=2832034 loops=1)
        Buckets: 131072  Batches: 64  Memory Usage: 2771kB
        ->  Hash Join  (cost=102767.86..262046.23 rows=2842415 width=8) (actual time=2063.605..6421.136 rows=2832034 loops=1)
              Hash Cond: (mk.movie_id = t.id)
              ->  Seq Scan on movie_keyword mk  (cost=0.00..81003.12 rows=2842415 width=4) (actual time=0.036..1822.795 rows=2832034 loops=1)
                    Filter: (keyword_id < 8544)
                    Rows Removed by Filter: 1691896
              ->  Hash  (cost=61283.27..61283.27 rows=2528527 width=4) (actual time=2061.678..2061.678 rows=2528312 loops=1)
                    Buckets: 131072  Batches: 64  Memory Usage: 2425kB
                    ->  Seq Scan on title t  (cost=0.00..61283.27 rows=2528527 width=4) (actual time=0.021..1190.382 rows=2528312 loops=1)
Planning time: 1.129 ms
Execution time: 89402.901 ms
