Hash Join  (cost=103331.19..580569.95 rows=4416718 width=0) (actual time=2001.843..12400.034 rows=3051615 loops=1)
  Hash Cond: (mi.movie_id = t.id)
  ->  Seq Scan on movie_info mi  (cost=0.00..346232.03 rows=6231111 width=4) (actual time=0.010..5989.745 rows=6223494 loops=1)
        Filter: (info_type_id > 8)
        Rows Removed by Filter: 8612226
  ->  Hash  (cost=73925.90..73925.90 rows=1792263 width=4) (actual time=1998.320..1998.320 rows=1799906 loops=1)
        Buckets: 131072  Batches: 32  Memory Usage: 3013kB
        ->  Seq Scan on title t  (cost=0.00..73925.90 rows=1792263 width=4) (actual time=0.042..1428.568 rows=1799906 loops=1)
              Filter: ((kind_id > 1) AND (production_year > 1909))
              Rows Removed by Filter: 728406
Planning time: 0.965 ms
Execution time: 12742.480 ms
