Hash Join  (cost=489779.68..1654317.50 rows=12726472 width=0) (actual time=8700.325..40096.187 rows=8041192 loops=1)
  Hash Cond: (ci.movie_id = t.id)
  ->  Seq Scan on cast_info ci  (cost=0.00..614943.12 rows=36225612 width=4) (actual time=0.022..13267.340 rows=36244344 loops=1)
  ->  Hash  (cost=475205.93..475205.93 rows=888300 width=8) (actual time=8699.448..8699.448 rows=206021 loops=1)
        Buckets: 131072  Batches: 16  Memory Usage: 1524kB
        ->  Hash Join  (cost=90717.09..475205.93 rows=888300 width=8) (actual time=2451.919..8651.704 rows=206021 loops=1)
              Hash Cond: (mi.movie_id = t.id)
              ->  Seq Scan on movie_info mi  (cost=0.00..346232.03 rows=2194617 width=4) (actual time=619.178..5712.897 rows=2233850 loops=1)
                    Filter: (info_type_id > 16)
                    Rows Removed by Filter: 12601870
              ->  Hash  (cost=73925.90..73925.90 rows=1023455 width=4) (actual time=1804.694..1804.694 rows=1117981 loops=1)
                    Buckets: 131072  Batches: 16  Memory Usage: 3495kB
                    ->  Seq Scan on title t  (cost=0.00..73925.90 rows=1023455 width=4) (actual time=0.027..1453.530 rows=1117981 loops=1)
                          Filter: ((production_year > 1993) AND (kind_id = 7))
                          Rows Removed by Filter: 1410331
Planning time: 1.138 ms
Execution time: 40968.241 ms
