Hash Join  (cost=79388.64..1162192.20 rows=4769939 width=0) (actual time=1259.441..31243.795 rows=4538764 loops=1)
  Hash Cond: (ci.movie_id = t.id)
  ->  Seq Scan on cast_info ci  (cost=0.00..614943.12 rows=36225612 width=4) (actual time=0.022..12693.464 rows=36244344 loops=1)
  ->  Hash  (cost=73925.90..73925.90 rows=332939 width=4) (actual time=1258.607..1258.607 rows=255571 loops=1)
        Buckets: 131072  Batches: 8  Memory Usage: 2147kB
        ->  Seq Scan on title t  (cost=0.00..73925.90 rows=332939 width=4) (actual time=63.386..1179.042 rows=255571 loops=1)
              Filter: ((production_year > 2002) AND (kind_id = 1))
              Rows Removed by Filter: 2272741
Planning time: 0.786 ms
Execution time: 31749.684 ms
