Hash Join  (cost=83074.74..464852.16 rows=922 width=0) (actual time=1310.101..9022.594 rows=76761 loops=1)
  Hash Cond: (mi.movie_id = t.id)
  ->  Seq Scan on movie_info mi  (cost=0.00..346232.03 rows=9476311 width=4) (actual time=0.028..6208.543 rows=9565151 loops=1)
        Filter: (info_type_id < 16)
        Rows Removed by Filter: 5270569
  ->  Hash  (cost=83071.67..83071.67 rows=246 width=8) (actual time=1310.016..1310.016 rows=2412 loops=1)
        Buckets: 4096 (originally 1024)  Batches: 1 (originally 1)  Memory Usage: 127kB
        ->  Nested Loop  (cost=0.43..83071.67 rows=246 width=8) (actual time=0.173..1308.368 rows=2412 loops=1)
              ->  Seq Scan on movie_keyword mk  (cost=0.00..81003.12 rows=246 width=4) (actual time=0.137..1232.078 rows=2412 loops=1)
                    Filter: (keyword_id = 1138)
                    Rows Removed by Filter: 4521518
              ->  Index Only Scan using title_pkey on title t  (cost=0.43..8.40 rows=1 width=4) (actual time=0.030..0.031 rows=1 loops=2412)
                    Index Cond: (id = mk.movie_id)
                    Heap Fetches: 2412
Planning time: 1.016 ms
Execution time: 9034.340 ms
