Seq Scan on movie_keyword mk  (cost=0.00..81003.12 rows=1059781 width=0) (actual time=0.017..1055.907 rows=1063193 loops=1)
  Filter: (keyword_id > 16510)
  Rows Removed by Filter: 3460737
Planning time: 0.270 ms
Execution time: 1164.946 ms
