Hash Join  (cost=365418.15..1549537.89 rows=19233146 width=0) (actual time=8680.948..38023.252 rows=40247831 loops=1)
  Hash Cond: (ci.movie_id = t.id)
  ->  Seq Scan on cast_info ci  (cost=0.00..796071.18 rows=10749841 width=4) (actual time=485.212..14973.028 rows=8114273 loops=1)
        Filter: ((person_id > 1646797) AND (role_id < 3))
        Rows Removed by Filter: 28130071
  ->  Hash  (cost=291197.02..291197.02 rows=4523930 width=8) (actual time=8192.377..8192.377 rows=4523930 loops=1)
        Buckets: 131072  Batches: 64  Memory Usage: 3816kB
        ->  Hash Join  (cost=102767.86..291197.02 rows=4523930 width=8) (actual time=1950.084..7014.332 rows=4523930 loops=1)
              Hash Cond: (mk.movie_id = t.id)
              ->  Seq Scan on movie_keyword mk  (cost=0.00..69693.30 rows=4523930 width=4) (actual time=0.032..1514.266 rows=4523930 loops=1)
              ->  Hash  (cost=61283.27..61283.27 rows=2528527 width=4) (actual time=1949.366..1949.366 rows=2528312 loops=1)
                    Buckets: 131072  Batches: 64  Memory Usage: 2425kB
                    ->  Seq Scan on title t  (cost=0.00..61283.27 rows=2528527 width=4) (actual time=0.015..1094.920 rows=2528312 loops=1)
Planning time: 0.831 ms
Execution time: 42663.898 ms
