Hash Join  (cost=145574.53..1268351.12 rows=4355070 width=0) (actual time=3060.057..35285.238 rows=6347552 loops=1)
  Hash Cond: (ci.movie_id = t.id)
  ->  Seq Scan on cast_info ci  (cost=0.00..705507.15 rows=32206051 width=4) (actual time=0.008..16369.870 rows=32192232 loops=1)
        Filter: (person_id < 3313432)
        Rows Removed by Filter: 4052112
  ->  Hash  (cost=139964.51..139964.51 rows=341921 width=8) (actual time=3059.177..3059.177 rows=250045 loops=1)
        Buckets: 131072  Batches: 8  Memory Usage: 2248kB
        ->  Hash Join  (cost=98137.04..139964.51 rows=341921 width=8) (actual time=1850.262..2976.508 rows=250045 loops=1)
              Hash Cond: (mi_idx.movie_id = t.id)
              ->  Seq Scan on movie_info_idx mi_idx  (cost=0.00..25185.44 rows=464566 width=4) (actual time=0.017..459.858 rows=459925 loops=1)
                    Filter: (info_type_id = 101)
                    Rows Removed by Filter: 920110
              ->  Hash  (cost=67604.59..67604.59 rows=1860996 width=4) (actual time=1849.124..1849.124 rows=1865487 loops=1)
                    Buckets: 131072  Batches: 32  Memory Usage: 3079kB
                    ->  Seq Scan on title t  (cost=0.00..67604.59 rows=1860996 width=4) (actual time=0.014..1244.595 rows=1865487 loops=1)
                          Filter: (kind_id > 1)
                          Rows Removed by Filter: 662825
Planning time: 1.056 ms
Execution time: 36034.378 ms
