Seq Scan on movie_keyword mk  (cost=0.00..81003.12 rows=3478319 width=0) (actual time=0.020..1520.533 rows=3476378 loops=1)
  Filter: (keyword_id > 1043)
  Rows Removed by Filter: 1047552
Planning time: 0.308 ms
Execution time: 1950.787 ms
