Seq Scan on movie_companies mc  (cost=0.00..51404.11 rows=983246 width=0) (actual time=0.022..875.681 rows=984479 loops=1)
  Filter: (company_id < 4473)
  Rows Removed by Filter: 1624650
Planning time: 0.313 ms
Execution time: 1012.946 ms
