Hash Join  (cost=73950.44..438720.80 rows=11443 width=0) (actual time=1192.976..8490.667 rows=43591 loops=1)
  Hash Cond: (mi.movie_id = t.id)
  ->  Seq Scan on movie_info mi  (cost=0.00..309384.22 rows=14739122 width=4) (actual time=0.025..4284.880 rows=14835720 loops=1)
  ->  Hash  (cost=73925.90..73925.90 rows=1963 width=4) (actual time=1172.054..1172.054 rows=3792 loops=1)
        Buckets: 4096 (originally 2048)  Batches: 1 (originally 1)  Memory Usage: 166kB
        ->  Seq Scan on title t  (cost=0.00..73925.90 rows=1963 width=4) (actual time=571.916..1170.239 rows=3792 loops=1)
              Filter: ((kind_id = 1) AND (production_year = 1966))
              Rows Removed by Filter: 2524520
Planning time: 0.787 ms
Execution time: 8498.700 ms
