Hash Join  (cost=75464.55..133966.08 rows=644 width=0) (actual time=1637.350..2031.612 rows=4 loops=1)
  Hash Cond: (mc.movie_id = t.id)
  ->  Seq Scan on movie_companies mc  (cost=0.00..57926.93 rows=17374 width=4) (actual time=382.514..768.896 rows=619 loops=1)
        Filter: ((company_id = 160) AND (company_type_id = 2))
        Rows Removed by Filter: 2608510
  ->  Hash  (cost=73925.90..73925.90 rows=93732 width=4) (actual time=1251.979..1251.979 rows=100592 loops=1)
        Buckets: 131072  Batches: 2  Memory Usage: 2791kB
        ->  Seq Scan on title t  (cost=0.00..73925.90 rows=93732 width=4) (actual time=0.030..1212.876 rows=100592 loops=1)
              Filter: ((kind_id > 1) AND (production_year = 2009))
              Rows Removed by Filter: 2427720
Planning time: 0.690 ms
Execution time: 2031.693 ms
