Hash Join  (cost=70467.44..442793.54 rows=143098 width=0) (actual time=2622.870..7586.512 rows=223333 loops=1)
  Hash Cond: (mi.movie_id = t.id)
  ->  Seq Scan on movie_info mi  (cost=0.00..346232.03 rows=2073893 width=4) (actual time=1366.422..5377.737 rows=2091068 loops=1)
        Filter: (info_type_id < 3)
        Rows Removed by Filter: 12744652
  ->  Hash  (cost=67604.59..67604.59 rows=174468 width=4) (actual time=1254.531..1254.531 rows=174610 loops=1)
        Buckets: 131072  Batches: 4  Memory Usage: 2563kB
        ->  Seq Scan on title t  (cost=0.00..67604.59 rows=174468 width=4) (actual time=0.022..1194.563 rows=174610 loops=1)
              Filter: (production_year < 1952)
              Rows Removed by Filter: 2353702
Planning time: 0.805 ms
Execution time: 7612.477 ms
