Nested Loop  (cost=0.43..52283.69 rows=104 width=0) (actual time=192.359..856.455 rows=9 loops=1)
  ->  Seq Scan on movie_companies mc  (cost=0.00..51404.11 rows=104 width=4) (actual time=192.248..856.094 rows=9 loops=1)
        Filter: (company_id = 28519)
        Rows Removed by Filter: 2609120
  ->  Index Only Scan using title_pkey on title t  (cost=0.43..8.45 rows=1 width=4) (actual time=0.034..0.035 rows=1 loops=9)
        Index Cond: (id = mc.movie_id)
        Heap Fetches: 9
Planning time: 0.696 ms
Execution time: 856.524 ms
