Hash Join  (cost=156209.36..283760.30 rows=601943 width=0) (actual time=3464.760..7150.816 rows=2606858 loops=1)
  Hash Cond: (mk.movie_id = t.id)
  ->  Seq Scan on movie_keyword mk  (cost=0.00..81003.12 rows=3351570 width=4) (actual time=0.023..1726.480 rows=3349949 loops=1)
        Filter: (keyword_id > 1382)
        Rows Removed by Filter: 1173981
  ->  Hash  (cost=148758.81..148758.81 rows=454124 width=8) (actual time=3460.364..3460.364 rows=459925 loops=1)
        Buckets: 131072  Batches: 8  Memory Usage: 3284kB
        ->  Hash Join  (cost=102767.86..148758.81 rows=454124 width=8) (actual time=1930.485..3312.959 rows=459925 loops=1)
              Hash Cond: (mi_idx.movie_id = t.id)
              ->  Seq Scan on movie_info_idx mi_idx  (cost=0.00..25185.44 rows=454124 width=4) (actual time=0.025..516.403 rows=459925 loops=1)
                    Filter: (info_type_id = 100)
                    Rows Removed by Filter: 920110
              ->  Hash  (cost=61283.27..61283.27 rows=2528527 width=4) (actual time=1928.888..1928.888 rows=2528312 loops=1)
                    Buckets: 131072  Batches: 64  Memory Usage: 2415kB
                    ->  Seq Scan on title t  (cost=0.00..61283.27 rows=2528527 width=4) (actual time=0.015..1093.014 rows=2528312 loops=1)
Planning time: 1.168 ms
Execution time: 7429.464 ms
