Hash Join  (cost=67697.55..94648.62 rows=4059 width=0) (actual time=972.937..1380.936 rows=537 loops=1)
  Hash Cond: (mi_idx.movie_id = t.id)
  ->  Seq Scan on movie_info_idx mi_idx  (cost=0.00..21735.35 rows=1380035 width=4) (actual time=0.022..235.402 rows=1380035 loops=1)
  ->  Hash  (cost=67604.59..67604.59 rows=7437 width=4) (actual time=971.565..971.565 rows=1747 loops=1)
        Buckets: 8192  Batches: 1  Memory Usage: 126kB
        ->  Seq Scan on title t  (cost=0.00..67604.59 rows=7437 width=4) (actual time=0.015..970.599 rows=1747 loops=1)
              Filter: (production_year = 1901)
              Rows Removed by Filter: 2526565
Planning time: 0.726 ms
Execution time: 1381.265 ms
