Hash Join  (cost=308173.62..1000401.47 rows=16454709 width=0) (actual time=6189.482..23032.881 rows=13456811 loops=1)
  Hash Cond: (mi.movie_id = t.id)
  ->  Seq Scan on movie_info mi  (cost=0.00..309384.22 rows=14739122 width=4) (actual time=0.021..6205.888 rows=14835720 loops=1)
  ->  Hash  (cost=261861.12..261861.12 rows=2822840 width=8) (actual time=6186.535..6186.535 rows=1176413 loops=1)
        Buckets: 131072  Batches: 64  Memory Usage: 1732kB
        ->  Hash Join  (cost=99811.77..261861.12 rows=2822840 width=8) (actual time=1912.698..5839.982 rows=1176413 loops=1)
              Hash Cond: (mk.movie_id = t.id)
              ->  Seq Scan on movie_keyword mk  (cost=0.00..69693.30 rows=4523930 width=4) (actual time=0.018..1443.255 rows=4523930 loops=1)
              ->  Hash  (cost=73925.90..73925.90 rows=1577749 width=4) (actual time=1905.688..1905.688 rows=1567237 loops=1)
                    Buckets: 131072  Batches: 32  Memory Usage: 2755kB
                    ->  Seq Scan on title t  (cost=0.00..73925.90 rows=1577749 width=4) (actual time=0.029..1394.989 rows=1567237 loops=1)
                          Filter: ((kind_id > 3) AND (production_year < 2013))
                          Rows Removed by Filter: 961075
Planning time: 1.824 ms
Execution time: 24568.642 ms
