Seq Scan on cast_info ci  (cost=0.00..705507.15 rows=5474809 width=0) (actual time=0.026..10932.055 rows=5548188 loops=1)
  Filter: (person_id > 3098462)
  Rows Removed by Filter: 30696156
Planning time: 0.357 ms
Execution time: 11631.927 ms
