Hash Join  (cost=102767.86..955787.92 rows=1956116 width=0) (actual time=1985.717..16247.634 rows=632549 loops=1)
  Hash Cond: (ci.movie_id = t.id)
  ->  Seq Scan on cast_info ci  (cost=0.00..796071.18 rows=1956116 width=4) (actual time=0.014..13035.437 rows=632549 loops=1)
        Filter: ((person_id < 1610161) AND (role_id = 10))
        Rows Removed by Filter: 35611795
  ->  Hash  (cost=61283.27..61283.27 rows=2528527 width=4) (actual time=1984.512..1984.512 rows=2528312 loops=1)
        Buckets: 131072  Batches: 64  Memory Usage: 2415kB
        ->  Seq Scan on title t  (cost=0.00..61283.27 rows=2528527 width=4) (actual time=0.012..1120.680 rows=2528312 loops=1)
Planning time: 0.485 ms
Execution time: 16316.228 ms
