Hash Join  (cost=123946.90..524196.07 rows=262557 width=0) (actual time=2554.573..12150.497 rows=1106330 loops=1)
  Hash Cond: (mi.movie_id = t.id)
  ->  Seq Scan on movie_info mi  (cost=0.00..346232.03 rows=13704418 width=4) (actual time=0.006..6270.091 rows=13739936 loops=1)
        Filter: (info_type_id < 67)
        Rows Removed by Filter: 1095784
  ->  Hash  (cost=123341.37..123341.37 rows=48443 width=8) (actual time=2552.497..2552.497 rows=39399 loops=1)
        Buckets: 65536  Batches: 1  Memory Usage: 2052kB
        ->  Hash Join  (cost=68191.41..123341.37 rows=48443 width=8) (actual time=1158.907..2536.730 rows=39399 loops=1)
              Hash Cond: (mc.movie_id = t.id)
              ->  Seq Scan on movie_companies mc  (cost=0.00..44881.29 rows=2609129 width=4) (actual time=0.038..654.430 rows=2609129 loops=1)
              ->  Hash  (cost=67604.59..67604.59 rows=46946 width=4) (actual time=1158.397..1158.397 rows=46583 loops=1)
                    Buckets: 65536  Batches: 1  Memory Usage: 2150kB
                    ->  Seq Scan on title t  (cost=0.00..67604.59 rows=46946 width=4) (actual time=0.032..1138.772 rows=46583 loops=1)
                          Filter: (production_year = 1998)
                          Rows Removed by Filter: 2481729
Planning time: 1.171 ms
Execution time: 12292.150 ms
