Seq Scan on movie_keyword mk  (cost=0.00..81003.12 rows=2239514 width=0) (actual time=0.024..1556.138 rows=2233266 loops=1)
  Filter: (keyword_id < 4597)
  Rows Removed by Filter: 2290664
Planning time: 0.320 ms
Execution time: 1830.943 ms
