Hash Join  (cost=251538.74..820316.14 rows=8338348 width=0) (actual time=5240.497..35501.296 rows=69186105 loops=1)
  Hash Cond: (mi.movie_id = t.id)
  ->  Seq Scan on movie_info mi  (cost=0.00..309384.22 rows=14739122 width=4) (actual time=0.019..6188.434 rows=14835720 loops=1)
  ->  Hash  (cost=228069.97..228069.97 rows=1430461 width=8) (actual time=5239.587..5239.587 rows=1446291 loops=1)
        Buckets: 131072  Batches: 32  Memory Usage: 2859kB
        ->  Hash Join  (cost=102767.86..228069.97 rows=1430461 width=8) (actual time=1894.723..4816.067 rows=1446291 loops=1)
              Hash Cond: (mk.movie_id = t.id)
              ->  Seq Scan on movie_keyword mk  (cost=0.00..81003.12 rows=1430461 width=4) (actual time=1.943..1399.610 rows=1446291 loops=1)
                    Filter: (keyword_id < 2027)
                    Rows Removed by Filter: 3077639
              ->  Hash  (cost=61283.27..61283.27 rows=2528527 width=4) (actual time=1891.323..1891.323 rows=2528312 loops=1)
                    Buckets: 131072  Batches: 64  Memory Usage: 2425kB
                    ->  Seq Scan on title t  (cost=0.00..61283.27 rows=2528527 width=4) (actual time=0.023..1008.897 rows=2528312 loops=1)
Planning time: 1.130 ms
Execution time: 43357.267 ms
