Hash Join  (cost=74152.53..439865.28 rows=105682 width=0) (actual time=1375.697..8468.810 rows=55756 loops=1)
  Hash Cond: (mi.movie_id = t.id)
  ->  Seq Scan on movie_info mi  (cost=0.00..309384.22 rows=14739122 width=4) (actual time=0.018..3991.437 rows=14835720 loops=1)
  ->  Hash  (cost=73925.90..73925.90 rows=18130 width=4) (actual time=1132.865..1132.865 rows=18886 loops=1)
        Buckets: 32768  Batches: 1  Memory Usage: 920kB
        ->  Seq Scan on title t  (cost=0.00..73925.90 rows=18130 width=4) (actual time=0.084..1124.102 rows=18886 loops=1)
              Filter: ((kind_id = 7) AND (production_year = 1994))
              Rows Removed by Filter: 2509426
Planning time: 0.765 ms
Execution time: 8476.618 ms
