Hash Join  (cost=102767.86..241595.86 rows=1992546 width=0) (actual time=2011.796..5606.592 rows=1999356 loops=1)
  Hash Cond: (mk.movie_id = t.id)
  ->  Seq Scan on movie_keyword mk  (cost=0.00..81003.12 rows=1992546 width=4) (actual time=0.017..1632.419 rows=1999356 loops=1)
        Filter: (keyword_id < 3537)
        Rows Removed by Filter: 2524574
  ->  Hash  (cost=61283.27..61283.27 rows=2528527 width=4) (actual time=2010.901..2010.901 rows=2528312 loops=1)
        Buckets: 131072  Batches: 64  Memory Usage: 2425kB
        ->  Seq Scan on title t  (cost=0.00..61283.27 rows=2528527 width=4) (actual time=0.007..1130.278 rows=2528312 loops=1)
Planning time: 0.662 ms
Execution time: 5848.009 ms
