Hash Join  (cost=198329.36..243365.70 rows=427986 width=0) (actual time=4264.002..5745.231 rows=1385002 loops=1)
  Hash Cond: (mi_idx.movie_id = t.id)
  ->  Seq Scan on movie_info_idx mi_idx  (cost=0.00..21735.35 rows=1380035 width=4) (actual time=0.024..442.481 rows=1380035 loops=1)
  ->  Hash  (cost=185463.30..185463.30 rows=784165 width=8) (actual time=4262.975..4262.975 rows=823964 loops=1)
        Buckets: 131072  Batches: 16  Memory Usage: 3026kB
        ->  Hash Join  (cost=106229.42..185463.30 rows=784165 width=8) (actual time=1998.010..4033.974 rows=823964 loops=1)
              Hash Cond: (mc.movie_id = t.id)
              ->  Seq Scan on movie_companies mc  (cost=0.00..51404.11 rows=842222 width=4) (actual time=0.019..953.919 rows=835954 loops=1)
                    Filter: (company_id < 2164)
                    Rows Removed by Filter: 1773175
              ->  Hash  (cost=67604.59..67604.59 rows=2354227 width=4) (actual time=1996.964..1996.964 rows=2349391 loops=1)
                    Buckets: 131072  Batches: 32  Memory Usage: 3609kB
                    ->  Seq Scan on title t  (cost=0.00..67604.59 rows=2354227 width=4) (actual time=0.013..1270.850 rows=2349391 loops=1)
                          Filter: (production_year > 1926)
                          Rows Removed by Filter: 178921
Planning time: 1.180 ms
Execution time: 5896.297 ms
