Seq Scan on cast_info ci  (cost=0.00..705507.15 rows=500 width=0) (actual time=595.358..11048.179 rows=186 loops=1)
  Filter: (person_id = 1037997)
  Rows Removed by Filter: 36244158
Planning time: 0.438 ms
Execution time: 11048.330 ms
