Seq Scan on movie_keyword mk  (cost=0.00..81003.12 rows=246 width=0) (actual time=56.528..1216.801 rows=17 loops=1)
  Filter: (keyword_id = 31766)
  Rows Removed by Filter: 4523913
Planning time: 0.388 ms
Execution time: 1216.898 ms
