Nested Loop  (cost=0.43..83072.29 rows=11 width=0) (actual time=233.464..1384.289 rows=5 loops=1)
  ->  Seq Scan on movie_keyword mk  (cost=0.00..81003.12 rows=246 width=4) (actual time=0.090..1357.574 rows=529 loops=1)
        Filter: (keyword_id = 3067)
        Rows Removed by Filter: 4523401
  ->  Index Scan using title_pkey on title t  (cost=0.43..8.40 rows=1 width=4) (actual time=0.049..0.049 rows=0 loops=529)
        Index Cond: (id = mk.movie_id)
        Filter: (kind_id = 4)
        Rows Removed by Filter: 1
Planning time: 1.118 ms
Execution time: 1384.404 ms
