Hash Join  (cost=135145.03..940658.63 rows=14366 width=0) (actual time=8126.360..17092.607 rows=40556 loops=1)
  Hash Cond: (ci.movie_id = t.id)
  ->  Seq Scan on cast_info ci  (cost=0.00..796071.18 rows=2479669 width=4) (actual time=5640.605..14154.063 rows=1540452 loops=1)
        Filter: ((person_id < 2274775) AND (role_id = 3))
        Rows Removed by Filter: 34703892
  ->  Hash  (cost=134961.91..134961.91 rows=14649 width=8) (actual time=2485.515..2485.515 rows=32178 loops=1)
        Buckets: 32768 (originally 16384)  Batches: 1 (originally 1)  Memory Usage: 1513kB
        ->  Hash Join  (cost=74730.49..134961.91 rows=14649 width=8) (actual time=1151.727..2472.818 rows=32178 loops=1)
              Hash Cond: (mc.movie_id = t.id)
              ->  Seq Scan on movie_companies mc  (cost=0.00..57926.93 rows=575466 width=4) (actual time=0.041..1072.152 rows=865114 loops=1)
                    Filter: ((company_id > 13363) AND (company_type_id = 2))
                    Rows Removed by Filter: 1744015
              ->  Hash  (cost=73925.90..73925.90 rows=64367 width=4) (actual time=1151.316..1151.316 rows=53905 loops=1)
                    Buckets: 65536  Batches: 1  Memory Usage: 2408kB
                    ->  Seq Scan on title t  (cost=0.00..73925.90 rows=64367 width=4) (actual time=0.046..1130.255 rows=53905 loops=1)
                          Filter: ((kind_id < 7) AND (production_year = 2012))
                          Rows Removed by Filter: 2474407
Planning time: 1.259 ms
Execution time: 17100.146 ms
