Hash Join  (cost=156487.41..976321.36 rows=1532579 width=0) (actual time=4883.825..19751.147 rows=3294747 loops=1)
  Hash Cond: (ci.movie_id = t.id)
  ->  Seq Scan on cast_info ci  (cost=0.00..705507.15 rows=8406402 width=4) (actual time=1683.988..11740.451 rows=8373183 loops=1)
        Filter: (person_id > 2846356)
        Rows Removed by Filter: 27871161
  ->  Hash  (cost=148924.19..148924.19 rows=460978 width=8) (actual time=3198.913..3198.913 rows=459925 loops=1)
        Buckets: 131072  Batches: 8  Memory Usage: 3275kB
        ->  Hash Join  (cost=102767.86..148924.19 rows=460978 width=8) (actual time=1895.675..3078.738 rows=459925 loops=1)
              Hash Cond: (mi_idx.movie_id = t.id)
              ->  Seq Scan on movie_info_idx mi_idx  (cost=0.00..25185.44 rows=460978 width=4) (actual time=0.658..485.223 rows=459925 loops=1)
                    Filter: (info_type_id < 100)
                    Rows Removed by Filter: 920110
              ->  Hash  (cost=61283.27..61283.27 rows=2528527 width=4) (actual time=1893.040..1893.040 rows=2528312 loops=1)
                    Buckets: 131072  Batches: 64  Memory Usage: 2415kB
                    ->  Seq Scan on title t  (cost=0.00..61283.27 rows=2528527 width=4) (actual time=0.024..1049.501 rows=2528312 loops=1)
Planning time: 1.191 ms
Execution time: 20115.814 ms
