Nested Loop  (cost=0.43..83071.67 rows=246 width=0) (actual time=3.370..1288.548 rows=396 loops=1)
  ->  Seq Scan on movie_keyword mk  (cost=0.00..81003.12 rows=246 width=4) (actual time=3.318..1277.449 rows=396 loops=1)
        Filter: (keyword_id = 20603)
        Rows Removed by Filter: 4523534
  ->  Index Only Scan using title_pkey on title t  (cost=0.43..8.40 rows=1 width=4) (actual time=0.026..0.027 rows=1 loops=396)
        Index Cond: (id = mk.movie_id)
        Heap Fetches: 396
Planning time: 1.322 ms
Execution time: 1288.737 ms
