Seq Scan on cast_info ci  (cost=0.00..705507.15 rows=500 width=0) (actual time=2845.495..10749.407 rows=18 loops=1)
  Filter: (person_id = 1012927)
  Rows Removed by Filter: 36244326
Planning time: 0.374 ms
Execution time: 10749.491 ms
