Hash Join  (cost=170979.57..237908.70 rows=41083 width=0) (actual time=3461.265..4307.661 rows=27912 loops=1)
  Hash Cond: (mc.movie_id = t.id)
  ->  Seq Scan on movie_companies mc  (cost=0.00..51404.11 rows=1279517 width=4) (actual time=0.021..964.208 rows=1274246 loops=1)
        Filter: (company_type_id = 1)
        Rows Removed by Filter: 1334883
  ->  Hash  (cost=169646.74..169646.74 rows=81186 width=8) (actual time=2931.480..2931.480 rows=20246 loops=1)
        Buckets: 131072  Batches: 2  Memory Usage: 1430kB
        ->  Hash Join  (cost=79273.71..169646.74 rows=81186 width=8) (actual time=1239.736..2924.255 rows=20246 loops=1)
              Hash Cond: (mk.movie_id = t.id)
              ->  Seq Scan on movie_keyword mk  (cost=0.00..81003.12 rows=629881 width=4) (actual time=34.795..1389.436 rows=631561 loops=1)
                    Filter: (keyword_id > 29033)
                    Rows Removed by Filter: 3892369
              ->  Hash  (cost=73925.90..73925.90 rows=325904 width=4) (actual time=1203.228..1203.228 rows=349534 loops=1)
                    Buckets: 131072  Batches: 8  Memory Usage: 2572kB
                    ->  Seq Scan on title t  (cost=0.00..73925.90 rows=325904 width=4) (actual time=47.280..1088.513 rows=349534 loops=1)
                          Filter: ((production_year > 2009) AND (kind_id = 7))
                          Rows Removed by Filter: 2178778
Planning time: 2.904 ms
Execution time: 4311.401 ms
