Nested Loop  (cost=0.43..709673.15 rows=467 width=0) (actual time=3689.995..11028.046 rows=1280 loops=1)
  ->  Seq Scan on cast_info ci  (cost=0.00..705507.15 rows=500 width=4) (actual time=3689.916..11004.609 rows=1283 loops=1)
        Filter: (person_id = 3894826)
        Rows Removed by Filter: 36243061
  ->  Index Scan using title_pkey on title t  (cost=0.43..8.32 rows=1 width=4) (actual time=0.017..0.018 rows=1 loops=1283)
        Index Cond: (id = ci.movie_id)
        Filter: (production_year > 1924)
        Rows Removed by Filter: 0
Planning time: 0.697 ms
Execution time: 11028.451 ms
