Seq Scan on title t  (cost=0.00..73925.90 rows=693214 width=0) (actual time=0.018..1128.013 rows=597633 loops=1)
  Filter: ((kind_id < 3) AND (production_year > 1943))
  Rows Removed by Filter: 1930679
Planning time: 0.447 ms
Execution time: 1201.288 ms
