Hash Join  (cost=74528.24..441993.05 rows=280888 width=0) (actual time=1128.868..9897.273 rows=447526 loops=1)
  Hash Cond: (mi.movie_id = t.id)
  ->  Seq Scan on movie_info mi  (cost=0.00..309384.22 rows=14739122 width=4) (actual time=0.019..4746.547 rows=14835720 loops=1)
  ->  Hash  (cost=73925.90..73925.90 rows=48187 width=4) (actual time=1128.469..1128.469 rows=42764 loops=1)
        Buckets: 65536  Batches: 1  Memory Usage: 2016kB
        ->  Seq Scan on title t  (cost=0.00..73925.90 rows=48187 width=4) (actual time=0.065..1110.758 rows=42764 loops=1)
              Filter: ((kind_id < 3) AND (production_year = 2011))
              Rows Removed by Filter: 2485548
Planning time: 0.780 ms
Execution time: 9959.738 ms
