Seq Scan on movie_companies mc  (cost=0.00..51404.11 rows=4349 width=0) (actual time=6.201..609.047 rows=4285 loops=1)
  Filter: (company_id = 258)
  Rows Removed by Filter: 2604844
Planning time: 0.402 ms
Execution time: 609.752 ms
