Hash Join  (cost=893289.12..1331141.41 rows=429381 width=0) (actual time=17731.455..28381.771 rows=1768331 loops=1)
  Hash Cond: (mi.movie_id = t.id)
  ->  Seq Scan on movie_info mi  (cost=0.00..346232.03 rows=7503588 width=4) (actual time=0.014..6621.717 rows=7548855 loops=1)
        Filter: (info_type_id > 7)
        Rows Removed by Filter: 7286865
  ->  Hash  (cost=890914.49..890914.49 rows=144691 width=8) (actual time=17530.365..17530.365 rows=233846 loops=1)
        Buckets: 131072 (originally 131072)  Batches: 4 (originally 2)  Memory Usage: 3315kB
        ->  Hash Join  (cost=79388.64..890914.49 rows=144691 width=8) (actual time=10657.980..17445.537 rows=233846 loops=1)
              Hash Cond: (ci.movie_id = t.id)
              ->  Seq Scan on cast_info ci  (cost=0.00..796071.18 rows=1098868 width=4) (actual time=9374.464..15525.017 rows=1073506 loops=1)
                    Filter: ((person_id > 152610) AND (role_id = 9))
                    Rows Removed by Filter: 35170838
              ->  Hash  (cost=73925.90..73925.90 rows=332939 width=4) (actual time=1282.744..1282.744 rows=255571 loops=1)
                    Buckets: 131072  Batches: 8  Memory Usage: 2147kB
                    ->  Seq Scan on title t  (cost=0.00..73925.90 rows=332939 width=4) (actual time=0.033..1201.680 rows=255571 loops=1)
                          Filter: ((production_year > 2002) AND (kind_id = 1))
                          Rows Removed by Filter: 2272741
Planning time: 1.443 ms
Execution time: 28573.303 ms
