Seq Scan on movie_keyword mk  (cost=0.00..81003.12 rows=1876566 width=0) (actual time=0.024..1283.871 rows=1884964 loops=1)
  Filter: (keyword_id > 7280)
  Rows Removed by Filter: 2638966
Planning time: 0.354 ms
Execution time: 1499.977 ms
