Hash Join  (cost=159261.50..654242.77 rows=1422134 width=0) (actual time=3134.395..20513.539 rows=15558690 loops=1)
  Hash Cond: (mi.movie_id = t.id)
  ->  Seq Scan on movie_info mi  (cost=0.00..309384.22 rows=14739122 width=4) (actual time=0.012..6530.495 rows=14835720 loops=1)
  ->  Hash  (cost=155257.88..155257.88 rows=243970 width=8) (actual time=3133.614..3133.614 rows=380492 loops=1)
        Buckets: 131072 (originally 131072)  Batches: 8 (originally 4)  Memory Usage: 3073kB
        ->  Hash Join  (cost=83810.17..155257.88 rows=243970 width=8) (actual time=1475.058..3009.784 rows=380492 loops=1)
              Hash Cond: (mc.movie_id = t.id)
              ->  Seq Scan on movie_companies mc  (cost=0.00..57926.93 rows=624551 width=4) (actual time=0.021..827.932 rows=380492 loops=1)
                    Filter: ((company_id > 11386) AND (company_type_id < 2))
                    Rows Removed by Filter: 2228637
              ->  Hash  (cost=67604.59..67604.59 rows=987727 width=4) (actual time=1474.107..1474.107 rows=985048 loops=1)
                    Buckets: 131072  Batches: 16  Memory Usage: 3188kB
                    ->  Seq Scan on title t  (cost=0.00..67604.59 rows=987727 width=4) (actual time=0.018..1162.335 rows=985048 loops=1)
                          Filter: (kind_id < 7)
                          Rows Removed by Filter: 1543264
Planning time: 1.169 ms
Execution time: 22450.739 ms
