Hash Join  (cost=105772.75..284140.86 rows=4162316 width=0) (actual time=2245.884..8786.317 rows=4237669 loops=1)
  Hash Cond: (mk.movie_id = t.id)
  ->  Seq Scan on movie_keyword mk  (cost=0.00..69693.30 rows=4523930 width=4) (actual time=0.038..1435.334 rows=4523930 loops=1)
  ->  Hash  (cost=67604.59..67604.59 rows=2326413 width=4) (actual time=2244.499..2244.499 rows=2320300 loops=1)
        Buckets: 131072  Batches: 32  Memory Usage: 3586kB
        ->  Seq Scan on title t  (cost=0.00..67604.59 rows=2326413 width=4) (actual time=0.022..1504.397 rows=2320300 loops=1)
              Filter: (production_year > 1937)
              Rows Removed by Filter: 208012
Planning time: 0.741 ms
Execution time: 9283.171 ms
