Hash Join  (cost=229096.05..626433.12 rows=1182133 width=0) (actual time=7181.592..12218.296 rows=903396 loops=1)
  Hash Cond: (mi.movie_id = t.id)
  ->  Seq Scan on movie_info mi  (cost=0.00..346232.03 rows=3068194 width=4) (actual time=2278.902..5703.448 rows=3036719 loops=1)
        Filter: (info_type_id = 16)
        Rows Removed by Filter: 11799001
  ->  Hash  (cost=213112.47..213112.47 rows=974206 width=8) (actual time=4901.224..4901.224 rows=503550 loops=1)
        Buckets: 131072  Batches: 16  Memory Usage: 2279kB
        ->  Hash Join  (cost=98137.04..213112.47 rows=974206 width=8) (actual time=2220.412..4757.986 rows=503550 loops=1)
              Hash Cond: (mk.movie_id = t.id)
              ->  Seq Scan on movie_keyword mk  (cost=0.00..81003.12 rows=1323650 width=4) (actual time=0.034..1481.473 rows=1339633 loops=1)
                    Filter: (keyword_id < 1747)
                    Rows Removed by Filter: 3184297
              ->  Hash  (cost=67604.59..67604.59 rows=1860996 width=4) (actual time=2219.399..2219.399 rows=1865487 loops=1)
                    Buckets: 131072  Batches: 32  Memory Usage: 3085kB
                    ->  Seq Scan on title t  (cost=0.00..67604.59 rows=1860996 width=4) (actual time=0.020..1315.159 rows=1865487 loops=1)
                          Filter: (kind_id > 1)
                          Rows Removed by Filter: 662825
Planning time: 1.092 ms
Execution time: 12319.047 ms
