Hash Join  (cost=69694.50..438274.93 rows=91202 width=0) (actual time=2342.312..7164.570 rows=90007 loops=1)
  Hash Cond: (mi.movie_id = t.id)
  ->  Seq Scan on movie_info mi  (cost=0.00..346232.03 rows=1810770 width=4) (actual time=1096.033..5349.135 rows=1865632 loops=1)
        Filter: (info_type_id > 17)
        Rows Removed by Filter: 12970088
  ->  Hash  (cost=67604.59..67604.59 rows=127353 width=4) (actual time=1108.972..1108.972 rows=128696 loops=1)
        Buckets: 131072  Batches: 2  Memory Usage: 3290kB
        ->  Seq Scan on title t  (cost=0.00..67604.59 rows=127353 width=4) (actual time=0.033..1056.923 rows=128696 loops=1)
              Filter: (production_year = 2009)
              Rows Removed by Filter: 2399616
Planning time: 0.779 ms
Execution time: 7176.964 ms
