Hash Join  (cost=102045.13..162741.32 rows=8302 width=0) (actual time=1898.674..2979.136 rows=10949 loops=1)
  Hash Cond: (mc.movie_id = t.id)
  ->  Seq Scan on movie_companies mc  (cost=0.00..57926.93 rows=716329 width=4) (actual time=0.026..968.632 rows=501853 loops=1)
        Filter: ((company_id > 8761) AND (company_type_id = 1))
        Rows Removed by Filter: 2107276
  ->  Hash  (cost=101678.85..101678.85 rows=29303 width=8) (actual time=1898.310..1898.310 rows=20683 loops=1)
        Buckets: 32768  Batches: 1  Memory Usage: 1064kB
        ->  Hash Join  (cost=70241.71..101678.85 rows=29303 width=8) (actual time=1152.775..1889.700 rows=20683 loops=1)
              Hash Cond: (mi_idx.movie_id = t.id)
              ->  Seq Scan on movie_info_idx mi_idx  (cost=0.00..25185.44 rows=460978 width=4) (actual time=0.027..500.220 rows=459925 loops=1)
                    Filter: (info_type_id = 99)
                    Rows Removed by Filter: 920110
              ->  Hash  (cost=67604.59..67604.59 rows=160730 width=4) (actual time=1151.720..1151.720 rows=160017 loops=1)
                    Buckets: 131072  Batches: 4  Memory Usage: 2436kB
                    ->  Seq Scan on title t  (cost=0.00..67604.59 rows=160730 width=4) (actual time=0.016..1095.713 rows=160017 loops=1)
                          Filter: (production_year = 2011)
                          Rows Removed by Filter: 2368295
Planning time: 1.221 ms
Execution time: 2980.962 ms
