Hash Join  (cost=95844.60..660656.42 rows=6691818 width=0) (actual time=2789.496..16900.569 rows=3109199 loops=1)
  Hash Cond: (mi.movie_id = t.id)
  ->  Seq Scan on movie_info mi  (cost=0.00..346232.03 rows=12665229 width=4) (actual time=0.020..7472.858 rows=12744652 loops=1)
        Filter: (info_type_id > 2)
        Rows Removed by Filter: 2091068
  ->  Hash  (cost=73925.90..73925.90 rows=1335976 width=4) (actual time=1926.293..1926.293 rows=1412362 loops=1)
        Buckets: 131072  Batches: 32  Memory Usage: 2584kB
        ->  Seq Scan on title t  (cost=0.00..73925.90 rows=1335976 width=4) (actual time=352.366..1437.796 rows=1412362 loops=1)
              Filter: ((production_year > 1962) AND (kind_id = 7))
              Rows Removed by Filter: 1115950
Planning time: 0.744 ms
Execution time: 17278.143 ms
