Seq Scan on movie_keyword mk  (cost=0.00..81003.12 rows=3045072 width=0) (actual time=0.028..1498.188 rows=3030394 loops=1)
  Filter: (keyword_id > 2137)
  Rows Removed by Filter: 1493536
Planning time: 0.289 ms
Execution time: 1873.415 ms
