Hash Join  (cost=522411.00..1685434.46 rows=15011656 width=0) (actual time=10309.997..41249.723 rows=13601977 loops=1)
  Hash Cond: (ci.movie_id = t.id)
  ->  Seq Scan on cast_info ci  (cost=0.00..705507.15 rows=23499554 width=4) (actual time=0.014..15714.298 rows=23573656 loops=1)
        Filter: (role_id > 1)
        Rows Removed by Filter: 12670688
  ->  Hash  (cost=495910.53..495910.53 rows=1615238 width=8) (actual time=10308.688..10308.688 rows=687938 loops=1)
        Buckets: 131072  Batches: 32  Memory Usage: 1827kB
        ->  Hash Join  (cost=98137.04..495910.53 rows=1615238 width=8) (actual time=1924.309..10099.562 rows=687938 loops=1)
              Hash Cond: (mi.movie_id = t.id)
              ->  Seq Scan on movie_info mi  (cost=0.00..346232.03 rows=2194617 width=4) (actual time=0.013..6269.579 rows=2233850 loops=1)
                    Filter: (info_type_id > 16)
                    Rows Removed by Filter: 12601870
              ->  Hash  (cost=67604.59..67604.59 rows=1860996 width=4) (actual time=1921.144..1921.144 rows=1865487 loops=1)
                    Buckets: 131072  Batches: 32  Memory Usage: 3085kB
                    ->  Seq Scan on title t  (cost=0.00..67604.59 rows=1860996 width=4) (actual time=0.015..1319.440 rows=1865487 loops=1)
                          Filter: (kind_id > 1)
                          Rows Removed by Filter: 662825
Planning time: 1.245 ms
Execution time: 42893.290 ms
