Hash Join  (cost=227907.03..1386294.11 rows=12127692 width=0) (actual time=4771.097..46933.428 rows=41642311 loops=1)
  Hash Cond: (ci.movie_id = t.id)
  ->  Seq Scan on cast_info ci  (cost=0.00..614943.12 rows=36225612 width=4) (actual time=0.027..13499.106 rows=36244344 loops=1)
  ->  Hash  (cost=214018.71..214018.71 rows=846506 width=8) (actual time=4770.112..4770.112 rows=852903 loops=1)
        Buckets: 131072  Batches: 16  Memory Usage: 3147kB
        ->  Hash Join  (cost=102767.86..214018.71 rows=846506 width=8) (actual time=2030.393..4537.838 rows=852903 loops=1)
              Hash Cond: (mk.movie_id = t.id)
              ->  Seq Scan on movie_keyword mk  (cost=0.00..81003.12 rows=846506 width=4) (actual time=0.021..1447.049 rows=852903 loops=1)
                    Filter: (keyword_id > 21542)
                    Rows Removed by Filter: 3671027
              ->  Hash  (cost=61283.27..61283.27 rows=2528527 width=4) (actual time=2027.803..2027.803 rows=2528312 loops=1)
                    Buckets: 131072  Batches: 64  Memory Usage: 2425kB
                    ->  Seq Scan on title t  (cost=0.00..61283.27 rows=2528527 width=4) (actual time=0.024..1168.173 rows=2528312 loops=1)
Planning time: 1.088 ms
Execution time: 51351.617 ms
