Hash Join  (cost=102767.86..1022969.35 rows=4748081 width=0) (actual time=1852.218..18933.114 rows=5140722 loops=1)
  Hash Cond: (ci.movie_id = t.id)
  ->  Seq Scan on cast_info ci  (cost=0.00..796071.18 rows=4748081 width=4) (actual time=0.019..12313.344 rows=5140722 loops=1)
        Filter: ((person_id < 518239) AND (role_id < 10))
        Rows Removed by Filter: 31103622
  ->  Hash  (cost=61283.27..61283.27 rows=2528527 width=4) (actual time=1851.396..1851.396 rows=2528312 loops=1)
        Buckets: 131072  Batches: 64  Memory Usage: 2415kB
        ->  Seq Scan on title t  (cost=0.00..61283.27 rows=2528527 width=4) (actual time=0.018..1015.352 rows=2528312 loops=1)
Planning time: 0.752 ms
Execution time: 19536.845 ms
