Seq Scan on movie_keyword mk  (cost=0.00..81003.12 rows=1695876 width=0) (actual time=0.018..1501.674 rows=1707686 loops=1)
  Filter: (keyword_id > 8420)
  Rows Removed by Filter: 2816244
Planning time: 0.223 ms
Execution time: 1715.286 ms
