Hash Join  (cost=83073.29..110000.91 rows=6 width=0) (actual time=1488.726..1802.230 rows=7 loops=1)
  Hash Cond: (mi_idx.movie_id = t.id)
  ->  Seq Scan on movie_info_idx mi_idx  (cost=0.00..25185.44 rows=464566 width=4) (actual time=0.026..459.476 rows=459925 loops=1)
        Filter: (info_type_id = 101)
        Rows Removed by Filter: 920110
  ->  Hash  (cost=83072.90..83072.90 rows=31 width=8) (actual time=1281.599..1281.599 rows=10 loops=1)
        Buckets: 1024  Batches: 1  Memory Usage: 9kB
        ->  Nested Loop  (cost=0.43..83072.90 rows=31 width=8) (actual time=26.971..1281.575 rows=10 loops=1)
              ->  Seq Scan on movie_keyword mk  (cost=0.00..81003.12 rows=246 width=4) (actual time=26.897..1280.405 rows=21 loops=1)
                    Filter: (keyword_id = 27725)
                    Rows Removed by Filter: 4523909
              ->  Index Scan using title_pkey on title t  (cost=0.43..8.40 rows=1 width=4) (actual time=0.048..0.048 rows=0 loops=21)
                    Index Cond: (id = mk.movie_id)
                    Filter: ((kind_id < 7) AND (production_year < 1995))
                    Rows Removed by Filter: 1
Planning time: 1.244 ms
Execution time: 1802.369 ms
