Hash Join  (cost=170019.13..296757.56 rows=571464 width=0) (actual time=4047.706..11263.823 rows=17513165 loops=1)
  Hash Cond: (mk.movie_id = t.id)
  ->  Seq Scan on movie_keyword mk  (cost=0.00..81003.12 rows=3313777 width=4) (actual time=0.025..1795.781 rows=3304560 loops=1)
        Filter: (keyword_id < 14952)
        Rows Removed by Filter: 1219370
  ->  Hash  (cost=162864.54..162864.54 rows=436047 width=8) (actual time=4046.384..4046.384 rows=874861 loops=1)
        Buckets: 131072 (originally 131072)  Batches: 16 (originally 8)  Memory Usage: 3226kB
        ->  Hash Join  (cost=83810.17..162864.54 rows=436047 width=8) (actual time=1618.608..3767.627 rows=874861 loops=1)
              Hash Cond: (mc.movie_id = t.id)
              ->  Seq Scan on movie_companies mc  (cost=0.00..57926.93 rows=1116256 width=4) (actual time=0.018..1209.833 rows=1014345 loops=1)
                    Filter: ((company_id > 160) AND (company_type_id < 2))
                    Rows Removed by Filter: 1594784
              ->  Hash  (cost=67604.59..67604.59 rows=987727 width=4) (actual time=1617.644..1617.644 rows=985048 loops=1)
                    Buckets: 131072  Batches: 16  Memory Usage: 3188kB
                    ->  Seq Scan on title t  (cost=0.00..67604.59 rows=987727 width=4) (actual time=0.016..1301.566 rows=985048 loops=1)
                          Filter: (kind_id < 7)
                          Rows Removed by Filter: 1543264
Planning time: 0.906 ms
Execution time: 13235.350 ms
