Hash Join  (cost=173322.03..1080632.13 rows=578527 width=0) (actual time=4893.749..23602.382 rows=2684388 loops=1)
  Hash Cond: (ci.movie_id = t.id)
  ->  Seq Scan on cast_info ci  (cost=0.00..705507.15 rows=16923640 width=4) (actual time=1082.395..12708.219 rows=17041337 loops=1)
        Filter: (person_id > 1919044)
        Rows Removed by Filter: 19203007
  ->  Hash  (cost=171903.57..171903.57 rows=86437 width=8) (actual time=3810.565..3810.565 rows=84291 loops=1)
        Buckets: 131072  Batches: 2  Memory Usage: 2638kB
        ->  Hash Join  (cost=69694.50..171903.57 rows=86437 width=8) (actual time=1182.735..3782.415 rows=84291 loops=1)
              Hash Cond: (mk.movie_id = t.id)
              ->  Seq Scan on movie_keyword mk  (cost=0.00..81003.12 rows=1716152 width=4) (actual time=0.029..1495.116 rows=1724808 loops=1)
                    Filter: (keyword_id > 8219)
                    Rows Removed by Filter: 2799122
              ->  Hash  (cost=67604.59..67604.59 rows=127353 width=4) (actual time=1181.937..1181.937 rows=128696 loops=1)
                    Buckets: 131072  Batches: 2  Memory Usage: 3290kB
                    ->  Seq Scan on title t  (cost=0.00..67604.59 rows=127353 width=4) (actual time=0.034..1130.784 rows=128696 loops=1)
                          Filter: (production_year = 2009)
                          Rows Removed by Filter: 2399616
Planning time: 4.403 ms
Execution time: 23926.675 ms
