Seq Scan on movie_keyword mk  (cost=0.00..81003.12 rows=4327788 width=0) (actual time=0.023..1581.113 rows=4308082 loops=1)
  Filter: (keyword_id > 141)
  Rows Removed by Filter: 215848
Planning time: 0.238 ms
Execution time: 2117.333 ms
