Seq Scan on cast_info ci  (cost=0.00..705507.15 rows=7859614 width=0) (actual time=0.015..11714.045 rows=7846332 loops=1)
  Filter: (person_id > 2893410)
  Rows Removed by Filter: 28398012
Planning time: 0.335 ms
Execution time: 12717.975 ms
