Hash Join  (cost=215748.15..768696.33 rows=5591254 width=0) (actual time=4583.282..28604.329 rows=41002270 loops=1)
  Hash Cond: (mi.movie_id = t.id)
  ->  Seq Scan on movie_info mi  (cost=0.00..346232.03 rows=12665229 width=4) (actual time=0.028..7494.096 rows=12744652 loops=1)
        Filter: (info_type_id > 2)
        Rows Removed by Filter: 2091068
  ->  Hash  (cost=197433.95..197433.95 rows=1116256 width=8) (actual time=4582.361..4582.361 rows=1014345 loops=1)
        Buckets: 131072  Batches: 16  Memory Usage: 3560kB
        ->  Hash Join  (cost=102767.86..197433.95 rows=1116256 width=8) (actual time=2150.319..4282.394 rows=1014345 loops=1)
              Hash Cond: (mc.movie_id = t.id)
              ->  Seq Scan on movie_companies mc  (cost=0.00..57926.93 rows=1116256 width=4) (actual time=225.843..1144.410 rows=1014345 loops=1)
                    Filter: ((company_id > 160) AND (company_type_id = 1))
                    Rows Removed by Filter: 1594784
              ->  Hash  (cost=61283.27..61283.27 rows=2528527 width=4) (actual time=1923.239..1923.239 rows=2528312 loops=1)
                    Buckets: 131072  Batches: 64  Memory Usage: 2415kB
                    ->  Seq Scan on title t  (cost=0.00..61283.27 rows=2528527 width=4) (actual time=0.021..1108.864 rows=2528312 loops=1)
Planning time: 1.101 ms
Execution time: 33390.186 ms
