Seq Scan on movie_keyword mk  (cost=0.00..81003.12 rows=213969 width=0) (actual time=0.037..1294.907 rows=215021 loops=1)
  Filter: (keyword_id > 65564)
  Rows Removed by Filter: 4308909
Planning time: 0.315 ms
Execution time: 1323.918 ms
