Seq Scan on movie_companies mc  (cost=0.00..57926.93 rows=344649 width=0) (actual time=0.026..970.209 rows=494237 loops=1)
  Filter: ((company_id < 1284) AND (company_type_id = 1))
  Rows Removed by Filter: 2114892
Planning time: 0.368 ms
Execution time: 1026.437 ms
