Seq Scan on cast_info ci  (cost=0.00..705507.15 rows=500 width=0) (actual time=2698.742..11082.155 rows=6 loops=1)
  Filter: (person_id = 2298846)
  Rows Removed by Filter: 36244338
Planning time: 0.332 ms
Execution time: 11082.273 ms
