Hash Join  (cost=206402.85..254041.27 rows=579694 width=0) (actual time=4859.478..6550.263 rows=1566718 loops=1)
  Hash Cond: (mi_idx.movie_id = t.id)
  ->  Seq Scan on movie_info_idx mi_idx  (cost=0.00..21735.35 rows=1380035 width=4) (actual time=0.017..437.224 rows=1380035 loops=1)
  ->  Hash  (cost=188977.28..188977.28 rows=1062126 width=8) (actual time=4858.381..4858.381 rows=965991 loops=1)
        Buckets: 131072  Batches: 16  Memory Usage: 3382kB
        ->  Hash Join  (cost=102454.22..188977.28 rows=1062126 width=8) (actual time=2161.452..4545.738 rows=965991 loops=1)
              Hash Cond: (mc.movie_id = t.id)
              ->  Seq Scan on movie_companies mc  (cost=0.00..51404.11 rows=1264336 width=4) (actual time=0.017..882.597 rows=1275444 loops=1)
                    Filter: (company_id > 11410)
                    Rows Removed by Filter: 1333685
              ->  Hash  (cost=67604.59..67604.59 rows=2124131 width=4) (actual time=2160.278..2160.278 rows=2118372 loops=1)
                    Buckets: 131072  Batches: 32  Memory Usage: 3356kB
                    ->  Seq Scan on title t  (cost=0.00..67604.59 rows=2124131 width=4) (actual time=0.020..1249.051 rows=2118372 loops=1)
                          Filter: (production_year > 1967)
                          Rows Removed by Filter: 409940
Planning time: 1.127 ms
Execution time: 6744.151 ms
