Seq Scan on title t  (cost=0.00..73925.90 rows=24 width=94) (actual time=10.615..410.539 rows=86 loops=1)
  Filter: ((production_year > 2013) AND (kind_id = 2))
  Rows Removed by Filter: 2528226
Planning time: 0.339 ms
Execution time: 410.623 ms
