Hash Join  (cost=83074.43..447737.46 rows=714 width=0) (actual time=1366.193..8782.941 rows=298 loops=1)
  Hash Cond: (mi.movie_id = t.id)
  ->  Seq Scan on movie_info mi  (cost=0.00..309384.22 rows=14739122 width=4) (actual time=0.007..4743.622 rows=14835720 loops=1)
  ->  Hash  (cost=83072.90..83072.90 rows=122 width=8) (actual time=1348.881..1348.881 rows=23 loops=1)
        Buckets: 1024  Batches: 1  Memory Usage: 9kB
        ->  Nested Loop  (cost=0.43..83072.90 rows=122 width=8) (actual time=8.332..1348.848 rows=23 loops=1)
              ->  Seq Scan on movie_keyword mk  (cost=0.00..81003.12 rows=246 width=4) (actual time=8.280..1340.567 rows=111 loops=1)
                    Filter: (keyword_id = 4280)
                    Rows Removed by Filter: 4523819
              ->  Index Scan using title_pkey on title t  (cost=0.43..8.40 rows=1 width=4) (actual time=0.070..0.070 rows=0 loops=111)
                    Index Cond: (id = mk.movie_id)
                    Filter: ((production_year < 2011) AND (kind_id = 7))
                    Rows Removed by Filter: 1
Planning time: 1.156 ms
Execution time: 8783.215 ms
