Hash Join  (cost=102767.86..1310921.43 rows=16714978 width=0) (actual time=1839.563..32390.502 rows=15340025 loops=1)
  Hash Cond: (ci.movie_id = t.id)
  ->  Seq Scan on cast_info ci  (cost=0.00..796071.18 rows=16714978 width=4) (actual time=0.053..15096.973 rows=15340025 loops=1)
        Filter: ((person_id > 1478622) AND (role_id < 8))
        Rows Removed by Filter: 20904319
  ->  Hash  (cost=61283.27..61283.27 rows=2528527 width=4) (actual time=1838.723..1838.723 rows=2528312 loops=1)
        Buckets: 131072  Batches: 64  Memory Usage: 2415kB
        ->  Seq Scan on title t  (cost=0.00..61283.27 rows=2528527 width=4) (actual time=0.008..987.177 rows=2528312 loops=1)
Planning time: 0.764 ms
Execution time: 34242.980 ms
