Hash Join  (cost=82699.12..122545.66 rows=194364 width=0) (actual time=1534.976..2518.748 rows=294814 loops=1)
  Hash Cond: (mi_idx.movie_id = t.id)
  ->  Seq Scan on movie_info_idx mi_idx  (cost=0.00..25185.44 rows=919057 width=4) (actual time=0.031..540.951 rows=920110 loops=1)
        Filter: (info_type_id > 99)
        Rows Removed by Filter: 459925
  ->  Hash  (cost=73925.90..73925.90 rows=534737 width=4) (actual time=1419.372..1419.372 rows=408101 loops=1)
        Buckets: 131072  Batches: 8  Memory Usage: 2825kB
        ->  Seq Scan on title t  (cost=0.00..73925.90 rows=534737 width=4) (actual time=0.025..1284.286 rows=408101 loops=1)
              Filter: ((production_year > 1974) AND (kind_id = 1))
              Rows Removed by Filter: 2120211
Planning time: 0.772 ms
Execution time: 2553.271 ms
