Hash Join  (cost=76444.38..204266.65 rows=230524 width=0) (actual time=1110.464..4489.293 rows=173685 loops=1)
  Hash Cond: (mk.movie_id = t.id)
  ->  Seq Scan on movie_keyword mk  (cost=0.00..81003.12 rows=3797842 width=4) (actual time=0.022..1929.260 rows=3790049 loops=1)
        Filter: (keyword_id < 25652)
        Rows Removed by Filter: 733881
  ->  Hash  (cost=73925.90..73925.90 rows=153478 width=4) (actual time=1106.966..1106.966 rows=134760 loops=1)
        Buckets: 131072  Batches: 4  Memory Usage: 2222kB
        ->  Seq Scan on title t  (cost=0.00..73925.90 rows=153478 width=4) (actual time=0.020..1057.834 rows=134760 loops=1)
              Filter: ((kind_id < 7) AND (production_year > 2010))
              Rows Removed by Filter: 2393552
Planning time: 0.919 ms
Execution time: 4512.262 ms
