Seq Scan on movie_keyword mk  (cost=0.00..81003.12 rows=246 width=0) (actual time=61.765..1246.750 rows=40 loops=1)
  Filter: (keyword_id = 22595)
  Rows Removed by Filter: 4523890
Planning time: 0.253 ms
Execution time: 1246.860 ms
