Hash Join  (cost=100338.29..271486.06 rows=3569682 width=0) (actual time=2216.324..7399.922 rows=3322338 loops=1)
  Hash Cond: (mk.movie_id = t.id)
  ->  Seq Scan on movie_keyword mk  (cost=0.00..69693.30 rows=4523930 width=4) (actual time=0.033..1554.740 rows=4523930 loops=1)
  ->  Hash  (cost=67604.59..67604.59 rows=1995176 width=4) (actual time=2215.133..2215.133 rows=1990655 loops=1)
        Buckets: 131072  Batches: 32  Memory Usage: 3227kB
        ->  Seq Scan on title t  (cost=0.00..67604.59 rows=1995176 width=4) (actual time=0.029..1274.499 rows=1990655 loops=1)
              Filter: (production_year > 1976)
              Rows Removed by Filter: 537657
Planning time: 0.707 ms
Execution time: 7803.066 ms
