Hash Join  (cost=74526.68..162044.62 rows=85990 width=0) (actual time=1087.132..3592.288 rows=572058 loops=1)
  Hash Cond: (mk.movie_id = t.id)
  ->  Seq Scan on movie_keyword mk  (cost=0.00..69693.30 rows=4523930 width=4) (actual time=0.015..954.766 rows=4523930 loops=1)
  ->  Hash  (cost=73925.90..73925.90 rows=48062 width=4) (actual time=1086.661..1086.661 rows=168950 loops=1)
        Buckets: 131072 (originally 65536)  Batches: 2 (originally 1)  Memory Usage: 3996kB
        ->  Seq Scan on title t  (cost=0.00..73925.90 rows=48062 width=4) (actual time=0.029..1020.948 rows=168950 loops=1)
              Filter: ((production_year < 1953) AND (kind_id = 1))
              Rows Removed by Filter: 2359362
Planning time: 0.906 ms
Execution time: 3656.095 ms
