Hash Join  (cost=96376.07..661289.95 rows=7976196 width=0) (actual time=2378.607..17212.629 rows=3747652 loops=1)
  Hash Cond: (mi.movie_id = t.id)
  ->  Seq Scan on movie_info mi  (cost=0.00..309384.22 rows=14739122 width=4) (actual time=0.017..5567.185 rows=14835720 loops=1)
  ->  Hash  (cost=73925.90..73925.90 rows=1368333 width=4) (actual time=2376.687..2376.687 rows=1444787 loops=1)
        Buckets: 131072  Batches: 32  Memory Usage: 2619kB
        ->  Seq Scan on title t  (cost=0.00..73925.90 rows=1368333 width=4) (actual time=365.829..1439.930 rows=1444787 loops=1)
              Filter: ((production_year > 1957) AND (kind_id = 7))
              Rows Removed by Filter: 1083525
Planning time: 0.703 ms
Execution time: 17661.497 ms
