Hash Join  (cost=100809.69..995601.09 rows=3100986 width=0) (actual time=4126.988..22911.699 rows=6318644 loops=1)
  Hash Cond: (ci.movie_id = t.id)
  ->  Seq Scan on cast_info ci  (cost=0.00..796071.18 rows=4785071 width=4) (actual time=2022.632..13842.657 rows=10221162 loops=1)
        Filter: ((person_id > 2637450) AND (role_id > 2))
        Rows Removed by Filter: 26023182
  ->  Hash  (cost=73925.90..73925.90 rows=1638623 width=4) (actual time=2102.707..2102.707 rows=1629839 loops=1)
        Buckets: 131072  Batches: 32  Memory Usage: 2813kB
        ->  Seq Scan on title t  (cost=0.00..73925.90 rows=1638623 width=4) (actual time=0.035..1559.222 rows=1629839 loops=1)
              Filter: ((kind_id > 1) AND (production_year < 2012))
              Rows Removed by Filter: 898473
Planning time: 0.734 ms
Execution time: 23620.499 ms
