Seq Scan on cast_info ci  (cost=0.00..705507.15 rows=19611731 width=0) (actual time=9.603..12148.223 rows=19502743 loops=1)
  Filter: (person_id < 1952587)
  Rows Removed by Filter: 16741601
Planning time: 0.315 ms
Execution time: 14521.134 ms
