Seq Scan on cast_info ci  (cost=0.00..705507.15 rows=29514314 width=0) (actual time=0.027..12945.801 rows=29450291 loops=1)
  Filter: (person_id < 2982660)
  Rows Removed by Filter: 6794053
Planning time: 0.367 ms
Execution time: 16504.319 ms
