Hash Join  (cost=298989.29..1285715.32 rows=7628242 width=0) (actual time=10128.026..28195.103 rows=15044394 loops=1)
  Hash Cond: (ci.movie_id = t.id)
  ->  Seq Scan on cast_info ci  (cost=0.00..796071.18 rows=7409989 width=4) (actual time=3404.869..14931.929 rows=3924608 loops=1)
        Filter: ((person_id < 2222773) AND (role_id > 3))
        Rows Removed by Filter: 32319736
  ->  Hash  (cost=256283.77..256283.77 rows=2603002 width=8) (actual time=6721.329..6721.329 rows=2591335 loops=1)
        Buckets: 131072  Batches: 64  Memory Usage: 2623kB
        ->  Hash Join  (cost=102767.86..256283.77 rows=2603002 width=8) (actual time=1903.182..5966.816 rows=2591335 loops=1)
              Hash Cond: (mk.movie_id = t.id)
              ->  Seq Scan on movie_keyword mk  (cost=0.00..81003.12 rows=2603002 width=4) (actual time=0.036..1689.263 rows=2591335 loops=1)
                    Filter: (keyword_id < 6899)
                    Rows Removed by Filter: 1932595
              ->  Hash  (cost=61283.27..61283.27 rows=2528527 width=4) (actual time=1901.935..1901.935 rows=2528312 loops=1)
                    Buckets: 131072  Batches: 64  Memory Usage: 2425kB
                    ->  Seq Scan on title t  (cost=0.00..61283.27 rows=2528527 width=4) (actual time=0.016..1093.872 rows=2528312 loops=1)
Planning time: 1.203 ms
Execution time: 30052.078 ms
