Seq Scan on movie_keyword mk  (cost=0.00..81003.12 rows=4068596 width=0) (actual time=0.026..1558.982 rows=4071806 loops=1)
  Filter: (keyword_id < 39170)
  Rows Removed by Filter: 452124
Planning time: 0.297 ms
Execution time: 2070.969 ms
