Seq Scan on movie_keyword mk  (cost=0.00..81003.12 rows=246 width=0) (actual time=74.847..1273.011 rows=11 loops=1)
  Filter: (keyword_id = 79464)
  Rows Removed by Filter: 4523919
Planning time: 2.232 ms
Execution time: 1273.123 ms
