Hash Join  (cost=183912.07..547696.26 rows=164769 width=0) (actual time=3981.300..10364.162 rows=418212 loops=1)
  Hash Cond: (mi.movie_id = t.id)
  ->  Seq Scan on movie_info mi  (cost=0.00..346232.03 rows=1264125 width=4) (actual time=144.234..5732.413 rows=1288928 loops=1)
        Filter: (info_type_id = 2)
        Rows Removed by Filter: 13546792
  ->  Hash  (cost=178504.39..178504.39 rows=329575 width=8) (actual time=3836.145..3836.145 rows=476067 loops=1)
        Buckets: 131072  Batches: 8  Memory Usage: 3365kB
        ->  Hash Join  (cost=102767.86..178504.39 rows=329575 width=8) (actual time=2014.866..3692.498 rows=476067 loops=1)
              Hash Cond: (mc.movie_id = t.id)
              ->  Seq Scan on movie_companies mc  (cost=0.00..57926.93 rows=329575 width=4) (actual time=90.631..938.559 rows=476067 loops=1)
                    Filter: ((company_id < 1010) AND (company_type_id = 1))
                    Rows Removed by Filter: 2133062
              ->  Hash  (cost=61283.27..61283.27 rows=2528527 width=4) (actual time=1922.922..1922.922 rows=2528312 loops=1)
                    Buckets: 131072  Batches: 64  Memory Usage: 2415kB
                    ->  Seq Scan on title t  (cost=0.00..61283.27 rows=2528527 width=4) (actual time=0.022..1088.077 rows=2528312 loops=1)
Planning time: 1.309 ms
Execution time: 10414.016 ms
