Seq Scan on movie_keyword mk  (cost=0.00..81003.12 rows=1155223 width=0) (actual time=0.023..1359.254 rows=1159219 loops=1)
  Filter: (keyword_id < 1381)
  Rows Removed by Filter: 3364711
Planning time: 0.335 ms
Execution time: 1499.488 ms
