Hash Join  (cost=95678.39..150608.30 rows=26440 width=0) (actual time=1583.256..2929.579 rows=75251 loops=1)
  Hash Cond: (mc.movie_id = t.id)
  ->  Seq Scan on movie_companies mc  (cost=0.00..44881.29 rows=2609129 width=4) (actual time=0.020..705.441 rows=2609129 loops=1)
  ->  Hash  (cost=95358.11..95358.11 rows=25622 width=8) (actual time=1582.826..1582.826 rows=28786 loops=1)
        Buckets: 32768  Batches: 1  Memory Usage: 1381kB
        ->  Hash Join  (cost=68191.41..95358.11 rows=25622 width=8) (actual time=922.540..1572.929 rows=28786 loops=1)
              Hash Cond: (mi_idx.movie_id = t.id)
              ->  Seq Scan on movie_info_idx mi_idx  (cost=0.00..21735.35 rows=1380035 width=4) (actual time=0.026..310.198 rows=1380035 loops=1)
              ->  Hash  (cost=67604.59..67604.59 rows=46946 width=4) (actual time=922.022..922.022 rows=46583 loops=1)
                    Buckets: 65536  Batches: 1  Memory Usage: 2150kB
                    ->  Seq Scan on title t  (cost=0.00..67604.59 rows=46946 width=4) (actual time=0.014..902.961 rows=46583 loops=1)
                          Filter: (production_year = 1998)
                          Rows Removed by Filter: 2481729
Planning time: 1.148 ms
Execution time: 2940.033 ms
