Hash Join  (cost=74478.21..158277.05 rows=12447 width=0) (actual time=1249.947..2693.797 rows=25191 loops=1)
  Hash Cond: (mk.movie_id = t.id)
  ->  Seq Scan on movie_keyword mk  (cost=0.00..81003.12 rows=712333 width=4) (actual time=0.017..1277.982 rows=711658 loops=1)
        Filter: (keyword_id < 613)
        Rows Removed by Filter: 3812272
  ->  Hash  (cost=73925.90..73925.90 rows=44184 width=4) (actual time=1249.357..1249.357 rows=35489 loops=1)
        Buckets: 65536  Batches: 1  Memory Usage: 1760kB
        ->  Seq Scan on title t  (cost=0.00..73925.90 rows=44184 width=4) (actual time=0.070..1234.644 rows=35489 loops=1)
              Filter: ((kind_id < 7) AND (production_year = 2007))
              Rows Removed by Filter: 2492823
Planning time: 0.767 ms
Execution time: 2697.960 ms
