Hash Join  (cost=90991.69..1277877.70 rows=14901884 width=0) (actual time=1674.095..38976.103 rows=16693394 loops=1)
  Hash Cond: (ci.movie_id = t.id)
  ->  Seq Scan on cast_info ci  (cost=0.00..614943.12 rows=36225612 width=4) (actual time=0.019..13145.646 rows=36244344 loops=1)
  ->  Hash  (cost=73925.90..73925.90 rows=1040143 width=4) (actual time=1672.952..1672.952 rows=1134228 loops=1)
        Buckets: 131072  Batches: 16  Memory Usage: 3525kB
        ->  Seq Scan on title t  (cost=0.00..73925.90 rows=1040143 width=4) (actual time=81.650..1315.590 rows=1134228 loops=1)
              Filter: ((production_year > 1992) AND (kind_id = 7))
              Rows Removed by Filter: 1394084
Planning time: 0.712 ms
Execution time: 40944.613 ms
