Hash Join  (cost=187075.67..905980.73 rows=144499 width=0) (actual time=12470.262..17499.021 rows=542987 loops=1)
  Hash Cond: (ci.movie_id = t.id)
  ->  Seq Scan on cast_info ci  (cost=0.00..705507.15 rows=895980 width=4) (actual time=8216.472..12495.215 rows=898389 loops=1)
        Filter: (role_id = 5)
        Rows Removed by Filter: 35345955
  ->  Hash  (cost=180385.33..180385.33 rows=407787 width=8) (actual time=4252.866..4252.866 rows=732362 loops=1)
        Buckets: 131072 (originally 131072)  Batches: 16 (originally 8)  Memory Usage: 3073kB
        ->  Hash Join  (cost=102767.86..180385.33 rows=407787 width=8) (actual time=2261.344..4049.458 rows=732362 loops=1)
              Hash Cond: (mc.movie_id = t.id)
              ->  Seq Scan on movie_companies mc  (cost=0.00..57926.93 rows=407787 width=4) (actual time=333.409..1131.628 rows=732362 loops=1)
                    Filter: ((company_id > 29648) AND (company_type_id > 1))
                    Rows Removed by Filter: 1876767
              ->  Hash  (cost=61283.27..61283.27 rows=2528527 width=4) (actual time=1926.714..1926.714 rows=2528312 loops=1)
                    Buckets: 131072  Batches: 64  Memory Usage: 2415kB
                    ->  Seq Scan on title t  (cost=0.00..61283.27 rows=2528527 width=4) (actual time=0.060..1078.147 rows=2528312 loops=1)
Planning time: 1.141 ms
Execution time: 17565.249 ms
