Hash Join  (cost=73950.44..825020.84 rows=28123 width=0) (actual time=1158.492..16334.631 rows=24486 loops=1)
  Hash Cond: (ci.movie_id = t.id)
  ->  Seq Scan on cast_info ci  (cost=0.00..614943.12 rows=36225612 width=4) (actual time=0.014..8039.946 rows=36244344 loops=1)
  ->  Hash  (cost=73925.90..73925.90 rows=1963 width=4) (actual time=1158.395..1158.395 rows=2786 loops=1)
        Buckets: 4096 (originally 2048)  Batches: 1 (originally 1)  Memory Usage: 130kB
        ->  Seq Scan on title t  (cost=0.00..73925.90 rows=1963 width=4) (actual time=465.428..1156.944 rows=2786 loops=1)
              Filter: ((kind_id < 2) AND (production_year = 1925))
              Rows Removed by Filter: 2525526
Planning time: 0.777 ms
Execution time: 16340.229 ms
