Hash Join  (cost=102767.86..194341.42 rows=987731 width=0) (actual time=2671.845..4374.436 rows=686334 loops=1)
  Hash Cond: (mc.movie_id = t.id)
  ->  Seq Scan on movie_companies mc  (cost=0.00..57926.93 rows=987731 width=4) (actual time=161.218..1005.318 rows=686334 loops=1)
        Filter: ((company_id < 49457) AND (company_type_id > 1))
        Rows Removed by Filter: 1922795
  ->  Hash  (cost=61283.27..61283.27 rows=2528527 width=4) (actual time=2509.333..2509.333 rows=2528312 loops=1)
        Buckets: 131072  Batches: 64  Memory Usage: 2415kB
        ->  Seq Scan on title t  (cost=0.00..61283.27 rows=2528527 width=4) (actual time=0.021..1294.724 rows=2528312 loops=1)
Planning time: 0.612 ms
Execution time: 4444.396 ms
