Hash Join  (cost=91901.05..237785.30 rows=1960221 width=0) (actual time=4646.232..6096.577 rows=491868 loops=1)
  Hash Cond: (mk.movie_id = t.id)
  ->  Seq Scan on movie_keyword mk  (cost=0.00..69693.30 rows=4523930 width=4) (actual time=0.013..1395.147 rows=4523930 loops=1)
  ->  Hash  (cost=73925.90..73925.90 rows=1095612 width=4) (actual time=1800.302..1800.302 rows=1189548 loops=1)
        Buckets: 131072  Batches: 16  Memory Usage: 3653kB
        ->  Seq Scan on title t  (cost=0.00..73925.90 rows=1095612 width=4) (actual time=0.013..1425.323 rows=1189548 loops=1)
              Filter: ((production_year > 1988) AND (kind_id = 7))
              Rows Removed by Filter: 1338764
Planning time: 0.749 ms
Execution time: 6155.157 ms
