Hash Join  (cost=1277873.59..2472437.43 rows=53173369 width=0) (actual time=23580.355..57364.634 rows=72296208 loops=1)
  Hash Cond: (mi.movie_id = t.id)
  ->  Seq Scan on movie_info mi  (cost=0.00..309384.22 rows=14739122 width=4) (actual time=0.012..6413.017 rows=14835720 loops=1)
  ->  Hash  (cost=1128215.57..1128215.57 rows=9122002 width=8) (actual time=23578.679..23578.679 rows=4768866 loops=1)
        Buckets: 131072  Batches: 128  Memory Usage: 2528kB
        ->  Hash Join  (cost=102767.86..1128215.57 rows=9122002 width=8) (actual time=1969.451..22181.786 rows=4768866 loops=1)
              Hash Cond: (ci.movie_id = t.id)
              ->  Seq Scan on cast_info ci  (cost=0.00..796071.18 rows=9122002 width=4) (actual time=0.012..15329.899 rows=4768866 loops=1)
                    Filter: ((person_id < 2784180) AND (role_id > 3))
                    Rows Removed by Filter: 31475478
              ->  Hash  (cost=61283.27..61283.27 rows=2528527 width=4) (actual time=1968.691..1968.691 rows=2528312 loops=1)
                    Buckets: 131072  Batches: 64  Memory Usage: 2415kB
                    ->  Seq Scan on title t  (cost=0.00..61283.27 rows=2528527 width=4) (actual time=0.016..1143.616 rows=2528312 loops=1)
Planning time: 1.081 ms
Execution time: 64837.570 ms
