Seq Scan on cast_info ci  (cost=0.00..796071.18 rows=3944175 width=0) (actual time=7231.877..15555.915 rows=4202462 loops=1)
  Filter: ((person_id > 296829) AND (role_id = 10))
  Rows Removed by Filter: 32041882
Planning time: 0.401 ms
Execution time: 16072.807 ms
