Hash Join  (cost=130085.34..512770.02 rows=91648 width=0) (actual time=2555.133..10354.218 rows=37068 loops=1)
  Hash Cond: (mi.movie_id = t.id)
  ->  Seq Scan on movie_info mi  (cost=0.00..346232.03 rows=9476311 width=4) (actual time=0.011..6178.703 rows=9565151 loops=1)
        Filter: (info_type_id < 16)
        Rows Removed by Filter: 5270569
  ->  Hash  (cost=129779.67..129779.67 rows=24454 width=8) (actual time=2543.629..2543.629 rows=7888 loops=1)
        Buckets: 32768  Batches: 1  Memory Usage: 565kB
        ->  Hash Join  (cost=74794.63..129779.67 rows=24454 width=8) (actual time=1361.351..2540.061 rows=7888 loops=1)
              Hash Cond: (mc.movie_id = t.id)
              ->  Seq Scan on movie_companies mc  (cost=0.00..51404.11 rows=889703 width=4) (actual time=0.009..916.101 rows=895825 loops=1)
                    Filter: (company_id > 21641)
                    Rows Removed by Filter: 1713304
              ->  Hash  (cost=73925.90..73925.90 rows=69498 width=4) (actual time=1360.718..1360.718 rows=84506 loops=1)
                    Buckets: 131072  Batches: 1  Memory Usage: 3995kB
                    ->  Seq Scan on title t  (cost=0.00..73925.90 rows=69498 width=4) (actual time=0.015..1327.030 rows=84506 loops=1)
                          Filter: ((kind_id > 4) AND (production_year = 2007))
                          Rows Removed by Filter: 2443806
Planning time: 1.003 ms
Execution time: 10359.864 ms
