Hash Join  (cost=88745.44..230436.91 rows=1616043 width=0) (actual time=1481.935..5857.752 rows=3461187 loops=1)
  Hash Cond: (mk.movie_id = t.id)
  ->  Seq Scan on movie_keyword mk  (cost=0.00..69693.30 rows=4523930 width=4) (actual time=2.379..1519.484 rows=4523930 loops=1)
  ->  Hash  (cost=73925.90..73925.90 rows=903243 width=4) (actual time=1478.445..1478.445 rows=828143 loops=1)
        Buckets: 131072  Batches: 16  Memory Usage: 2853kB
        ->  Seq Scan on title t  (cost=0.00..73925.90 rows=903243 width=4) (actual time=0.047..1209.590 rows=828143 loops=1)
              Filter: ((kind_id < 7) AND (production_year > 1943))
              Rows Removed by Filter: 1700169
Planning time: 3.712 ms
Execution time: 6245.324 ms
