Hash Join  (cost=219874.45..382507.97 rows=2870857 width=0) (actual time=5934.418..15324.073 rows=26019842 loops=1)
  Hash Cond: (mk.movie_id = t.id)
  ->  Seq Scan on movie_keyword mk  (cost=0.00..69693.30 rows=4523930 width=4) (actual time=0.024..1381.500 rows=4523930 loops=1)
  ->  Hash  (cost=193549.12..193549.12 rows=1604587 width=8) (actual time=5932.754..5932.754 rows=1853708 loops=1)
        Buckets: 131072  Batches: 32  Memory Usage: 3311kB
        ->  Hash Join  (cost=93117.31..193549.12 rows=1604587 width=8) (actual time=2308.053..5391.368 rows=1853708 loops=1)
              Hash Cond: (mc.movie_id = t.id)
              ->  Seq Scan on movie_companies mc  (cost=0.00..44881.29 rows=2609129 width=4) (actual time=0.021..959.730 rows=2609129 loops=1)
              ->  Hash  (cost=67604.59..67604.59 rows=1555018 width=4) (actual time=2307.017..2307.017 rows=1551727 loops=1)
                    Buckets: 131072  Batches: 32  Memory Usage: 2728kB
                    ->  Seq Scan on title t  (cost=0.00..67604.59 rows=1555018 width=4) (actual time=0.010..1318.171 rows=1551727 loops=1)
                          Filter: (production_year < 2007)
                          Rows Removed by Filter: 976585
Planning time: 1.131 ms
Execution time: 18232.350 ms
