Seq Scan on movie_companies mc  (cost=0.00..51404.11 rows=104 width=0) (actual time=0.772..811.055 rows=82 loops=1)
  Filter: (company_id = 20632)
  Rows Removed by Filter: 2609047
Planning time: 0.358 ms
Execution time: 811.159 ms
