Hash Join  (cost=640598.94..1998711.39 rows=22491986 width=0) (actual time=19582.872..57812.239 rows=45395834 loops=1)
  Hash Cond: (ci.movie_id = t.id)
  ->  Seq Scan on cast_info ci  (cost=0.00..796071.18 rows=18242338 width=4) (actual time=3964.441..18029.496 rows=21360320 loops=1)
        Filter: ((person_id > 779737) AND (role_id > 1))
        Rows Removed by Filter: 14884024
  ->  Hash  (cost=589451.42..589451.42 rows=3117561 width=8) (actual time=15616.319..15616.319 rows=2433915 loops=1)
        Buckets: 131072  Batches: 64  Memory Usage: 2505kB
        ->  Hash Join  (cost=76379.89..589451.42 rows=3117561 width=8) (actual time=1387.101..14944.286 rows=2433915 loops=1)
              Hash Cond: (mi.movie_id = t.id)
              ->  Seq Scan on movie_info mi  (cost=0.00..309384.22 rows=14739122 width=4) (actual time=0.031..6020.000 rows=14835720 loops=1)
              ->  Hash  (cost=67604.59..67604.59 rows=534824 width=4) (actual time=1386.406..1386.406 rows=533369 loops=1)
                    Buckets: 131072  Batches: 8  Memory Usage: 3376kB
                    ->  Seq Scan on title t  (cost=0.00..67604.59 rows=534824 width=4) (actual time=0.020..1203.877 rows=533369 loops=1)
                          Filter: (production_year > 2009)
                          Rows Removed by Filter: 1994943
Planning time: 1.182 ms
Execution time: 62728.826 ms
