Seq Scan on movie_companies mc  (cost=0.00..57926.93 rows=578403 width=0) (actual time=0.029..967.700 rows=865833 loops=1)
  Filter: ((company_id > 13239) AND (company_type_id > 1))
  Rows Removed by Filter: 1743296
Planning time: 0.351 ms
Execution time: 1060.923 ms
