Hash Join  (cost=217366.57..1337415.00 rows=8395527 width=0) (actual time=4558.226..41370.233 rows=23020817 loops=1)
  Hash Cond: (ci.movie_id = t.id)
  ->  Seq Scan on cast_info ci  (cost=0.00..614943.12 rows=36225612 width=4) (actual time=0.013..13688.120 rows=36244344 loops=1)
  ->  Hash  (cost=207751.53..207751.53 rows=586003 width=8) (actual time=4557.340..4557.340 rows=587834 loops=1)
        Buckets: 131072  Batches: 8  Memory Usage: 3930kB
        ->  Hash Join  (cost=102767.86..207751.53 rows=586003 width=8) (actual time=2051.432..4384.224 rows=587834 loops=1)
              Hash Cond: (mk.movie_id = t.id)
              ->  Seq Scan on movie_keyword mk  (cost=0.00..81003.12 rows=586003 width=4) (actual time=0.017..1431.231 rows=587834 loops=1)
                    Filter: (keyword_id < 429)
                    Rows Removed by Filter: 3936096
              ->  Hash  (cost=61283.27..61283.27 rows=2528527 width=4) (actual time=2049.061..2049.061 rows=2528312 loops=1)
                    Buckets: 131072  Batches: 64  Memory Usage: 2425kB
                    ->  Seq Scan on title t  (cost=0.00..61283.27 rows=2528527 width=4) (actual time=0.019..1156.575 rows=2528312 loops=1)
Planning time: 1.201 ms
Execution time: 43815.125 ms
