Seq Scan on cast_info ci  (cost=0.00..796071.18 rows=11046433 width=0) (actual time=0.024..15390.673 rows=12927956 loops=1)
  Filter: ((person_id > 1124005) AND (role_id > 2))
  Rows Removed by Filter: 23316388
Planning time: 0.329 ms
Execution time: 16963.409 ms
