Seq Scan on cast_info ci  (cost=0.00..796071.18 rows=3813770 width=0) (actual time=9975.998..12767.299 rows=1106842 loops=1)
  Filter: ((person_id < 1876816) AND (role_id = 2))
  Rows Removed by Filter: 35137502
Planning time: 0.405 ms
Execution time: 12896.120 ms
