Hash Join  (cost=205545.63..684359.72 rows=4049161 width=0) (actual time=5717.665..21505.674 rows=20798184 loops=1)
  Hash Cond: (mi.movie_id = t.id)
  ->  Seq Scan on movie_info mi  (cost=0.00..346232.03 rows=7503588 width=4) (actual time=281.239..6459.033 rows=7548855 loops=1)
        Filter: (info_type_id > 7)
        Rows Removed by Filter: 7286865
  ->  Hash  (cost=183159.76..183159.76 rows=1364469 width=8) (actual time=5435.558..5435.558 rows=1117390 loops=1)
        Buckets: 131072  Batches: 32  Memory Usage: 2418kB
        ->  Hash Join  (cost=89299.55..183159.76 rows=1364469 width=8) (actual time=1591.943..5098.994 rows=1117390 loops=1)
              Hash Cond: (mc.movie_id = t.id)
              ->  Seq Scan on movie_companies mc  (cost=0.00..44881.29 rows=2609129 width=4) (actual time=0.022..961.665 rows=2609129 loops=1)
              ->  Hash  (cost=67604.59..67604.59 rows=1322317 width=4) (actual time=1591.139..1591.139 rows=1322863 loops=1)
                    Buckets: 131072  Batches: 32  Memory Usage: 2481kB
                    ->  Seq Scan on title t  (cost=0.00..67604.59 rows=1322317 width=4) (actual time=0.028..1166.602 rows=1322863 loops=1)
                          Filter: (production_year > 2001)
                          Rows Removed by Filter: 1205449
Planning time: 1.174 ms
Execution time: 23897.694 ms
