Hash Join  (cost=179256.15..700360.10 rows=1292580 width=0) (actual time=3674.239..25310.145 rows=33977249 loops=1)
  Hash Cond: (mi.movie_id = t.id)
  ->  Seq Scan on movie_info mi  (cost=0.00..346232.03 rows=13926693 width=4) (actual time=0.017..7695.184 rows=13963496 loops=1)
        Filter: (info_type_id < 98)
        Rows Removed by Filter: 872224
  ->  Hash  (cost=175405.64..175405.64 rows=234681 width=8) (actual time=3673.390..3673.390 rows=548152 loops=1)
        Buckets: 131072 (originally 131072)  Batches: 8 (originally 4)  Memory Usage: 3821kB
        ->  Hash Join  (cost=80042.24..175405.64 rows=234681 width=8) (actual time=1397.771..3496.099 rows=548152 loops=1)
              Hash Cond: (mk.movie_id = t.id)
              ->  Seq Scan on movie_keyword mk  (cost=0.00..81003.12 rows=782791 width=4) (actual time=0.032..1444.836 rows=789952 loops=1)
                    Filter: (keyword_id > 23746)
                    Rows Removed by Filter: 3733978
              ->  Hash  (cost=67604.59..67604.59 rows=758052 width=4) (actual time=1396.967..1396.967 rows=753677 loops=1)
                    Buckets: 131072  Batches: 16  Memory Usage: 2686kB
                    ->  Seq Scan on title t  (cost=0.00..67604.59 rows=758052 width=4) (actual time=0.032..1143.533 rows=753677 loops=1)
                          Filter: (kind_id < 3)
                          Rows Removed by Filter: 1774635
Planning time: 8.513 ms
Execution time: 29082.794 ms
