Seq Scan on movie_companies mc  (cost=0.00..51404.11 rows=104 width=0) (actual time=1.852..874.540 rows=120 loops=1)
  Filter: (company_id = 1059)
  Rows Removed by Filter: 2609009
Planning time: 1.604 ms
Execution time: 874.639 ms
