Hash Join  (cost=109234.49..932936.44 rows=73485 width=0) (actual time=7582.933..15944.128 rows=29981 loops=1)
  Hash Cond: (ci.movie_id = t.id)
  ->  Seq Scan on cast_info ci  (cost=0.00..796071.18 rows=2298643 width=4) (actual time=5530.787..13475.331 rows=742586 loops=1)
        Filter: ((person_id < 1915622) AND (role_id = 10))
        Rows Removed by Filter: 35501758
  ->  Hash  (cost=107908.05..107908.05 rows=80835 width=8) (actual time=2051.361..2051.361 rows=88479 loops=1)
        Buckets: 131072  Batches: 2  Memory Usage: 2756kB
        ->  Hash Join  (cost=74823.14..107908.05 rows=80835 width=8) (actual time=1231.080..2021.703 rows=88479 loops=1)
              Hash Cond: (mi_idx.movie_id = t.id)
              ->  Seq Scan on movie_info_idx mi_idx  (cost=0.00..25185.44 rows=464566 width=4) (actual time=0.026..477.017 rows=459925 loops=1)
                    Filter: (info_type_id = 101)
                    Rows Removed by Filter: 920110
              ->  Hash  (cost=67604.59..67604.59 rows=439964 width=4) (actual time=1230.233..1230.233 rows=437515 loops=1)
                    Buckets: 131072  Batches: 8  Memory Usage: 2944kB
                    ->  Seq Scan on title t  (cost=0.00..67604.59 rows=439964 width=4) (actual time=0.023..1084.636 rows=437515 loops=1)
                          Filter: (production_year < 1975)
                          Rows Removed by Filter: 2090797
Planning time: 1.227 ms
Execution time: 15949.009 ms
