Hash Join  (cost=965060.19..1125767.15 rows=2712701 width=0) (actual time=21535.659..31166.636 rows=25083849 loops=1)
  Hash Cond: (mk.movie_id = t.id)
  ->  Seq Scan on movie_keyword mk  (cost=0.00..69693.30 rows=4523930 width=4) (actual time=0.012..1470.698 rows=4523930 loops=1)
  ->  Hash  (cost=940184.82..940184.82 rows=1516190 width=8) (actual time=21533.898..21533.898 rows=3340878 loops=1)
        Buckets: 131072 (originally 131072)  Batches: 64 (originally 32)  Memory Usage: 3122kB
        ->  Hash Join  (cost=87245.25..940184.82 rows=1516190 width=8) (actual time=1958.997..20489.131 rows=3340878 loops=1)
              Hash Cond: (ci.movie_id = t.id)
              ->  Seq Scan on cast_info ci  (cost=0.00..796071.18 rows=3202530 width=4) (actual time=0.021..13484.602 rows=6475229 loops=1)
                    Filter: ((person_id < 883585) AND (role_id < 2))
                    Rows Removed by Filter: 29769115
              ->  Hash  (cost=67604.59..67604.59 rows=1197093 width=4) (actual time=1957.664..1957.664 rows=1195923 loops=1)
                    Buckets: 131072  Batches: 16  Memory Usage: 3653kB
                    ->  Seq Scan on title t  (cost=0.00..67604.59 rows=1197093 width=4) (actual time=0.023..1271.421 rows=1195923 loops=1)
                          Filter: (production_year < 2003)
                          Rows Removed by Filter: 1332389
Planning time: 1.219 ms
Execution time: 33842.801 ms
