Hash Join  (cost=28270.40..428082.18 rows=2079 width=0) (actual time=365.785..8668.925 rows=79202 loops=1)
  Hash Cond: (mi.movie_id = t.id)
  ->  Seq Scan on movie_info mi  (cost=0.00..346232.03 rows=14282391 width=4) (actual time=0.019..6263.577 rows=14308956 loops=1)
        Filter: (info_type_id < 103)
        Rows Removed by Filter: 526764
  ->  Hash  (cost=28265.80..28265.80 rows=368 width=8) (actual time=363.293..363.293 rows=260 loops=1)
        Buckets: 1024  Batches: 1  Memory Usage: 19kB
        ->  Nested Loop  (cost=0.43..28265.80 rows=368 width=8) (actual time=307.958..363.160 rows=260 loops=1)
              ->  Seq Scan on movie_info_idx mi_idx  (cost=0.00..25185.44 rows=368 width=4) (actual time=307.856..350.179 rows=260 loops=1)
                    Filter: (info_type_id > 101)
                    Rows Removed by Filter: 1379775
              ->  Index Only Scan using title_pkey on title t  (cost=0.43..8.36 rows=1 width=4) (actual time=0.049..0.049 rows=1 loops=260)
                    Index Cond: (id = mi_idx.movie_id)
                    Heap Fetches: 260
Planning time: 1.103 ms
Execution time: 8679.826 ms
