Seq Scan on movie_companies mc  (cost=0.00..57926.93 rows=711456 width=0) (actual time=0.028..1047.961 rows=981106 loops=1)
  Filter: ((company_id < 12863) AND (company_type_id = 1))
  Rows Removed by Filter: 1628023
Planning time: 0.389 ms
Execution time: 1168.064 ms
