Hash Join  (cost=72085.10..194114.81 rows=341342 width=0) (actual time=1364.565..5317.755 rows=545986 loops=1)
  Hash Cond: (mk.movie_id = t.id)
  ->  Seq Scan on movie_keyword mk  (cost=0.00..81003.12 rows=3160577 width=4) (actual time=0.013..1732.683 rows=3143530 loops=1)
        Filter: (keyword_id < 12097)
        Rows Removed by Filter: 1380400
  ->  Hash  (cost=67604.59..67604.59 rows=273081 width=4) (actual time=1360.186..1360.186 rows=273902 loops=1)
        Buckets: 131072  Batches: 4  Memory Usage: 3434kB
        ->  Seq Scan on title t  (cost=0.00..67604.59 rows=273081 width=4) (actual time=0.021..1265.327 rows=273902 loops=1)
              Filter: (production_year < 1963)
              Rows Removed by Filter: 2254410
Planning time: 0.759 ms
Execution time: 5381.028 ms
