Seq Scan on movie_keyword mk  (cost=0.00..81003.12 rows=246 width=0) (actual time=1.392..1285.586 rows=2392 loops=1)
  Filter: (keyword_id = 7773)
  Rows Removed by Filter: 4521538
Planning time: 0.361 ms
Execution time: 1286.313 ms
