Hash Join  (cost=98137.04..247666.66 rows=2234945 width=0) (actual time=1859.101..5526.341 rows=1066114 loops=1)
  Hash Cond: (mk.movie_id = t.id)
  ->  Seq Scan on movie_keyword mk  (cost=0.00..81003.12 rows=3036610 width=4) (actual time=0.019..1703.819 rows=3021411 loops=1)
        Filter: (keyword_id < 10793)
        Rows Removed by Filter: 1502519
  ->  Hash  (cost=67604.59..67604.59 rows=1860996 width=4) (actual time=1856.713..1856.713 rows=1865487 loops=1)
        Buckets: 131072  Batches: 32  Memory Usage: 3085kB
        ->  Seq Scan on title t  (cost=0.00..67604.59 rows=1860996 width=4) (actual time=0.058..1233.496 rows=1865487 loops=1)
              Filter: (kind_id > 1)
              Rows Removed by Filter: 662825
Planning time: 0.727 ms
Execution time: 5648.399 ms
