Hash Join  (cost=74690.65..442912.84 rows=356626 width=0) (actual time=1243.311..9707.488 rows=388351 loops=1)
  Hash Cond: (mi.movie_id = t.id)
  ->  Seq Scan on movie_info mi  (cost=0.00..309384.22 rows=14739122 width=4) (actual time=0.019..4360.161 rows=14835720 loops=1)
  ->  Hash  (cost=73925.90..73925.90 rows=61180 width=4) (actual time=1242.919..1242.919 rows=53378 loops=1)
        Buckets: 65536  Batches: 1  Memory Usage: 2389kB
        ->  Seq Scan on title t  (cost=0.00..73925.90 rows=61180 width=4) (actual time=253.258..1222.960 rows=53378 loops=1)
              Filter: ((production_year < 2005) AND (kind_id = 4))
              Rows Removed by Filter: 2474934
Planning time: 0.713 ms
Execution time: 9758.739 ms
