Seq Scan on movie_keyword mk  (cost=0.00..81003.12 rows=23615 width=0) (actual time=483.005..1141.105 rows=20191 loops=1)
  Filter: (keyword_id > 117204)
  Rows Removed by Filter: 4503739
Planning time: 0.316 ms
Execution time: 1144.028 ms
