Hash Join  (cost=474386.37..1410577.00 rows=1606433 width=0) (actual time=7912.208..26606.820 rows=3057855 loops=1)
  Hash Cond: (ci.movie_id = t.id)
  ->  Seq Scan on cast_info ci  (cost=0.00..796071.18 rows=10599499 width=4) (actual time=0.023..13924.611 rows=7772311 loops=1)
        Filter: ((person_id > 2021838) AND (role_id < 4))
        Rows Removed by Filter: 28472033
  ->  Hash  (cost=468099.16..468099.16 rows=383217 width=8) (actual time=7911.319..7911.319 rows=368218 loops=1)
        Buckets: 131072  Batches: 8  Memory Usage: 2837kB
        ->  Hash Join  (cost=102767.86..468099.16 rows=383217 width=8) (actual time=2878.226..7794.723 rows=368218 loops=1)
              Hash Cond: (mi.movie_id = t.id)
              ->  Seq Scan on movie_info mi  (cost=0.00..346232.03 rows=383217 width=4) (actual time=1032.664..5251.517 rows=368218 loops=1)
                    Filter: (info_type_id = 17)
                    Rows Removed by Filter: 14467502
              ->  Hash  (cost=61283.27..61283.27 rows=2528527 width=4) (actual time=1818.368..1818.368 rows=2528312 loops=1)
                    Buckets: 131072  Batches: 64  Memory Usage: 2425kB
                    ->  Seq Scan on title t  (cost=0.00..61283.27 rows=2528527 width=4) (actual time=0.026..986.810 rows=2528312 loops=1)
Planning time: 0.772 ms
Execution time: 27019.008 ms
