Hash Join  (cost=175027.18..1134621.94 rows=5991149 width=0) (actual time=3913.113..29965.937 rows=12807943 loops=1)
  Hash Cond: (ci.movie_id = t.id)
  ->  Seq Scan on cast_info ci  (cost=0.00..705507.15 rows=16482963 width=4) (actual time=0.107..14107.793 rows=16331748 loops=1)
        Filter: (person_id < 1617892)
        Rows Removed by Filter: 19912596
  ->  Hash  (cost=159947.97..159947.97 rows=919057 width=8) (actual time=3912.153..3912.153 rows=920110 loops=1)
        Buckets: 131072  Batches: 16  Memory Usage: 3269kB
        ->  Hash Join  (cost=102767.86..159947.97 rows=919057 width=8) (actual time=1927.071..3642.084 rows=920110 loops=1)
              Hash Cond: (mi_idx.movie_id = t.id)
              ->  Seq Scan on movie_info_idx mi_idx  (cost=0.00..25185.44 rows=919057 width=4) (actual time=0.054..526.276 rows=920110 loops=1)
                    Filter: (info_type_id > 99)
                    Rows Removed by Filter: 459925
              ->  Hash  (cost=61283.27..61283.27 rows=2528527 width=4) (actual time=1925.617..1925.617 rows=2528312 loops=1)
                    Buckets: 131072  Batches: 64  Memory Usage: 2415kB
                    ->  Seq Scan on title t  (cost=0.00..61283.27 rows=2528527 width=4) (actual time=0.026..1101.702 rows=2528312 loops=1)
Planning time: 1.111 ms
Execution time: 31448.856 ms
