Hash Join  (cost=171546.18..681809.26 rows=2854416 width=0) (actual time=3660.490..17320.258 rows=3734111 loops=1)
  Hash Cond: (mi.movie_id = t.id)
  ->  Seq Scan on movie_info mi  (cost=0.00..309384.22 rows=14739122 width=4) (actual time=0.016..5753.823 rows=14835720 loops=1)
  ->  Hash  (cost=163512.16..163512.16 rows=489681 width=8) (actual time=3656.500..3656.500 rows=365079 loops=1)
        Buckets: 131072  Batches: 8  Memory Usage: 2826kB
        ->  Hash Join  (cost=81711.83..163512.16 rows=489681 width=8) (actual time=1405.569..3548.683 rows=365079 loops=1)
              Hash Cond: (mc.movie_id = t.id)
              ->  Seq Scan on movie_companies mc  (cost=0.00..44881.29 rows=2609129 width=4) (actual time=0.020..911.697 rows=2609129 loops=1)
              ->  Hash  (cost=73925.90..73925.90 rows=474554 width=4) (actual time=1404.149..1404.149 rows=337207 loops=1)
                    Buckets: 131072  Batches: 8  Memory Usage: 2496kB
                    ->  Seq Scan on title t  (cost=0.00..73925.90 rows=474554 width=4) (actual time=0.021..1290.729 rows=337207 loops=1)
                          Filter: ((kind_id > 1) AND (production_year < 1988))
                          Rows Removed by Filter: 2191105
Planning time: 1.258 ms
Execution time: 17768.788 ms
