Hash Join  (cost=1018504.83..4588847.74 rows=187328877 width=0) (actual time=26489.135..163505.956 rows=408722051 loops=1)
  Hash Cond: (ci.movie_id = t.id)
  ->  Seq Scan on cast_info ci  (cost=0.00..705507.15 rows=32136658 width=4) (actual time=0.029..16511.983 rows=32280151 loops=1)
        Filter: (person_id > 379745)
        Rows Removed by Filter: 3964193
  ->  Hash  (cost=776690.81..776690.81 rows=14739122 width=8) (actual time=26484.836..26484.836 rows=14835720 loops=1)
        Buckets: 131072  Batches: 256  Memory Usage: 3268kB
        ->  Hash Join  (cost=102767.86..776690.81 rows=14739122 width=8) (actual time=1958.815..21484.410 rows=14835720 loops=1)
              Hash Cond: (mi.movie_id = t.id)
              ->  Seq Scan on movie_info mi  (cost=0.00..309384.22 rows=14739122 width=4) (actual time=0.024..6014.194 rows=14835720 loops=1)
              ->  Hash  (cost=61283.27..61283.27 rows=2528527 width=4) (actual time=1957.929..1957.929 rows=2528312 loops=1)
                    Buckets: 131072  Batches: 64  Memory Usage: 2425kB
                    ->  Seq Scan on title t  (cost=0.00..61283.27 rows=2528527 width=4) (actual time=0.017..1072.440 rows=2528312 loops=1)
Planning time: 1.184 ms
Execution time: 207297.575 ms
