Hash Join  (cost=58375.61..809166.64 rows=186 width=0) (actual time=906.397..16857.267 rows=4696 loops=1)
  Hash Cond: (ci.movie_id = t.id)
  ->  Seq Scan on cast_info ci  (cost=0.00..614943.12 rows=36225612 width=4) (actual time=0.010..9242.498 rows=36244344 loops=1)
  ->  Hash  (cost=58375.45..58375.45 rows=13 width=8) (actual time=901.066..901.066 rows=95 loops=1)
        Buckets: 1024  Batches: 1  Memory Usage: 12kB
        ->  Nested Loop  (cost=0.43..58375.45 rows=13 width=8) (actual time=310.107..900.980 rows=95 loops=1)
              ->  Seq Scan on movie_companies mc  (cost=0.00..57926.93 rows=53 width=4) (actual time=302.035..889.402 rows=302 loops=1)
                    Filter: ((company_type_id > 1) AND (company_id = 6425))
                    Rows Removed by Filter: 2608827
              ->  Index Scan using title_pkey on title t  (cost=0.43..8.45 rows=1 width=4) (actual time=0.037..0.037 rows=0 loops=302)
                    Index Cond: (id = mc.movie_id)
                    Filter: ((kind_id < 7) AND (production_year > 1997))
                    Rows Removed by Filter: 1
Planning time: 1.270 ms
Execution time: 16859.587 ms
