Hash Join  (cost=83074.62..109986.12 rows=102 width=0) (actual time=1378.939..1946.844 rows=6542 loops=1)
  Hash Cond: (mi_idx.movie_id = t.id)
  ->  Seq Scan on movie_info_idx mi_idx  (cost=0.00..21735.35 rows=1380035 width=4) (actual time=0.023..292.926 rows=1380035 loops=1)
  ->  Hash  (cost=83072.29..83072.29 rows=187 width=8) (actual time=1378.759..1378.759 rows=2633 loops=1)
        Buckets: 4096 (originally 1024)  Batches: 1 (originally 1)  Memory Usage: 135kB
        ->  Nested Loop  (cost=0.43..83072.29 rows=187 width=8) (actual time=0.220..1376.913 rows=2633 loops=1)
              ->  Seq Scan on movie_keyword mk  (cost=0.00..81003.12 rows=246 width=4) (actual time=0.187..1227.557 rows=3006 loops=1)
                    Filter: (keyword_id = 429)
                    Rows Removed by Filter: 4520924
              ->  Index Scan using title_pkey on title t  (cost=0.43..8.40 rows=1 width=4) (actual time=0.048..0.049 rows=1 loops=3006)
                    Index Cond: (id = mk.movie_id)
                    Filter: (production_year < 2010)
                    Rows Removed by Filter: 0
Planning time: 1.220 ms
Execution time: 1948.006 ms
