Hash Join  (cost=83074.74..137742.81 rows=254 width=0) (actual time=1197.628..2250.206 rows=6801 loops=1)
  Hash Cond: (mc.movie_id = t.id)
  ->  Seq Scan on movie_companies mc  (cost=0.00..44881.29 rows=2609129 width=4) (actual time=0.009..561.340 rows=2609129 loops=1)
  ->  Hash  (cost=83071.67..83071.67 rows=246 width=8) (actual time=1196.641..1196.641 rows=867 loops=1)
        Buckets: 1024  Batches: 1  Memory Usage: 42kB
        ->  Nested Loop  (cost=0.43..83071.67 rows=246 width=8) (actual time=0.135..1196.017 rows=867 loops=1)
              ->  Seq Scan on movie_keyword mk  (cost=0.00..81003.12 rows=246 width=4) (actual time=0.087..1167.647 rows=867 loops=1)
                    Filter: (keyword_id = 548)
                    Rows Removed by Filter: 4523063
              ->  Index Only Scan using title_pkey on title t  (cost=0.43..8.40 rows=1 width=4) (actual time=0.031..0.031 rows=1 loops=867)
                    Index Cond: (id = mk.movie_id)
                    Heap Fetches: 867
Planning time: 1.154 ms
Execution time: 2251.341 ms
