Hash Join  (cost=80562.70..1012140.05 rows=2816329 width=0) (actual time=2880.190..19749.865 rows=1535260 loops=1)
  Hash Cond: (ci.movie_id = t.id)
  ->  Seq Scan on cast_info ci  (cost=0.00..796071.18 rows=9016767 width=4) (actual time=1485.938..15505.341 rows=5185864 loops=1)
        Filter: ((person_id > 1020858) AND (role_id = 1))
        Rows Removed by Filter: 31058480
  ->  Hash  (cost=67604.59..67604.59 rows=789769 width=4) (actual time=1392.884..1392.884 rows=784926 loops=1)
        Buckets: 131072  Batches: 16  Memory Usage: 2749kB
        ->  Seq Scan on title t  (cost=0.00..67604.59 rows=789769 width=4) (actual time=0.023..1136.111 rows=784926 loops=1)
              Filter: (production_year > 2007)
              Rows Removed by Filter: 1743386
Planning time: 0.780 ms
Execution time: 19918.311 ms
