Hash Join  (cost=167035.45..532521.39 rows=83001 width=0) (actual time=1472.781..9836.902 rows=282220 loops=1)
  Hash Cond: (mi.movie_id = t.id)
  ->  Seq Scan on movie_info mi  (cost=0.00..309384.22 rows=14739122 width=4) (actual time=0.009..4839.997 rows=14835720 loops=1)
  ->  Hash  (cost=166857.47..166857.47 rows=14239 width=8) (actual time=1472.474..1472.474 rows=14373 loops=1)
        Buckets: 16384  Batches: 1  Memory Usage: 690kB
        ->  Nested Loop  (cost=0.43..166857.47 rows=14239 width=8) (actual time=0.091..1465.255 rows=14373 loops=1)
              ->  Seq Scan on movie_keyword mk  (cost=0.00..81003.12 rows=14239 width=4) (actual time=0.035..1186.046 rows=14373 loops=1)
                    Filter: (keyword_id < 3)
                    Rows Removed by Filter: 4509557
              ->  Index Only Scan using title_pkey on title t  (cost=0.43..6.02 rows=1 width=4) (actual time=0.018..0.019 rows=1 loops=14373)
                    Index Cond: (id = mk.movie_id)
                    Heap Fetches: 14373
Planning time: 1.124 ms
Execution time: 9877.898 ms
