Hash Join  (cost=139929.25..647410.79 rows=2593663 width=0) (actual time=3423.570..16629.956 rows=2581404 loops=1)
  Hash Cond: (mi.movie_id = t.id)
  ->  Seq Scan on movie_info mi  (cost=0.00..309384.22 rows=14739122 width=4) (actual time=0.026..6313.929 rows=14835720 loops=1)
  ->  Hash  (cost=132628.40..132628.40 rows=444948 width=8) (actual time=3339.304..3339.304 rows=292989 loops=1)
        Buckets: 131072  Batches: 8  Memory Usage: 2456kB
        ->  Hash Join  (cost=87301.44..132628.40 rows=444948 width=8) (actual time=1885.408..3238.659 rows=292989 loops=1)
              Hash Cond: (mi_idx.movie_id = t.id)
              ->  Seq Scan on movie_info_idx mi_idx  (cost=0.00..21735.35 rows=1380035 width=4) (actual time=0.020..470.670 rows=1380035 loops=1)
              ->  Hash  (cost=73925.90..73925.90 rows=815243 width=4) (actual time=1884.593..1884.593 rows=876186 loops=1)
                    Buckets: 131072  Batches: 16  Memory Usage: 2955kB
                    ->  Seq Scan on title t  (cost=0.00..73925.90 rows=815243 width=4) (actual time=0.025..1448.700 rows=876186 loops=1)
                          Filter: ((kind_id > 1) AND (production_year > 2004))
                          Rows Removed by Filter: 1652126
Planning time: 1.225 ms
Execution time: 16927.277 ms
