Hash Join  (cost=73950.44..100871.63 rows=1071 width=0) (actual time=571.186..1115.695 rows=5390 loops=1)
  Hash Cond: (mi_idx.movie_id = t.id)
  ->  Seq Scan on movie_info_idx mi_idx  (cost=0.00..21735.35 rows=1380035 width=4) (actual time=0.018..292.716 rows=1380035 loops=1)
  ->  Hash  (cost=73925.90..73925.90 rows=1963 width=4) (actual time=570.976..570.976 rows=4169 loops=1)
        Buckets: 8192 (originally 2048)  Batches: 1 (originally 1)  Memory Usage: 211kB
        ->  Seq Scan on title t  (cost=0.00..73925.90 rows=1963 width=4) (actual time=0.137..569.532 rows=4169 loops=1)
              Filter: ((kind_id = 1) AND (production_year = 1974))
              Rows Removed by Filter: 2524143
Planning time: 0.813 ms
Execution time: 1116.496 ms
