Hash Join  (cost=190230.21..1232371.68 rows=10621848 width=0) (actual time=5717.120..37007.948 rows=21396318 loops=1)
  Hash Cond: (ci.movie_id = t.id)
  ->  Seq Scan on cast_info ci  (cost=0.00..705507.15 rows=19461556 width=4) (actual time=1368.529..14725.891 rows=19622479 loops=1)
        Filter: (person_id > 1645395)
        Rows Removed by Filter: 16621865
  ->  Hash  (cost=167588.78..167588.78 rows=1380035 width=8) (actual time=4347.294..4347.294 rows=1380035 loops=1)
        Buckets: 131072  Batches: 32  Memory Usage: 2708kB
        ->  Hash Join  (cost=102767.86..167588.78 rows=1380035 width=8) (actual time=2013.330..3948.615 rows=1380035 loops=1)
              Hash Cond: (mi_idx.movie_id = t.id)
              ->  Seq Scan on movie_info_idx mi_idx  (cost=0.00..21735.35 rows=1380035 width=4) (actual time=0.025..454.628 rows=1380035 loops=1)
              ->  Hash  (cost=61283.27..61283.27 rows=2528527 width=4) (actual time=2011.807..2011.807 rows=2528312 loops=1)
                    Buckets: 131072  Batches: 64  Memory Usage: 2415kB
                    ->  Seq Scan on title t  (cost=0.00..61283.27 rows=2528527 width=4) (actual time=0.026..1170.659 rows=2528312 loops=1)
Planning time: 1.122 ms
Execution time: 39265.242 ms
