Hash Join  (cost=217858.32..335109.96 rows=970763 width=0) (actual time=5222.220..8429.935 rows=3425723 loops=1)
  Hash Cond: (mk.movie_id = t.id)
  ->  Seq Scan on movie_keyword mk  (cost=0.00..81003.12 rows=1846103 width=4) (actual time=0.014..1514.491 rows=1849059 loops=1)
        Filter: (keyword_id > 7482)
        Rows Removed by Filter: 2674871
  ->  Hash  (cost=196044.17..196044.17 rows=1329612 width=8) (actual time=5221.125..5221.125 rows=1334883 loops=1)
        Buckets: 131072  Batches: 32  Memory Usage: 2660kB
        ->  Hash Join  (cost=102767.86..196044.17 rows=1329612 width=8) (actual time=2180.715..4834.737 rows=1334883 loops=1)
              Hash Cond: (mc.movie_id = t.id)
              ->  Seq Scan on movie_companies mc  (cost=0.00..51404.11 rows=1329612 width=4) (actual time=113.780..972.904 rows=1334883 loops=1)
                    Filter: (company_type_id = 2)
                    Rows Removed by Filter: 1274246
              ->  Hash  (cost=61283.27..61283.27 rows=2528527 width=4) (actual time=2065.595..2065.595 rows=2528312 loops=1)
                    Buckets: 131072  Batches: 64  Memory Usage: 2415kB
                    ->  Seq Scan on title t  (cost=0.00..61283.27 rows=2528527 width=4) (actual time=0.021..1213.156 rows=2528312 loops=1)
Planning time: 1.129 ms
Execution time: 8770.676 ms
