Hash Join  (cost=320205.25..929115.80 rows=11720158 width=0) (actual time=7738.374..37110.846 rows=80898974 loops=1)
  Hash Cond: (mi.movie_id = t.id)
  ->  Seq Scan on movie_info mi  (cost=0.00..346232.03 rows=9476311 width=4) (actual time=0.015..6851.975 rows=9565151 loops=1)
        Filter: (info_type_id < 16)
        Rows Removed by Filter: 5270569
  ->  Hash  (cost=268898.70..268898.70 rows=3127244 width=8) (actual time=7736.831..7736.831 rows=3112942 loops=1)
        Buckets: 131072  Batches: 64  Memory Usage: 3027kB
        ->  Hash Join  (cost=102767.86..268898.70 rows=3127244 width=8) (actual time=2068.790..6511.834 rows=3112942 loops=1)
              Hash Cond: (mk.movie_id = t.id)
              ->  Seq Scan on movie_keyword mk  (cost=0.00..81003.12 rows=3127244 width=4) (actual time=0.015..1674.150 rows=3112942 loops=1)
                    Filter: (keyword_id > 1932)
                    Rows Removed by Filter: 1410988
              ->  Hash  (cost=61283.27..61283.27 rows=2528527 width=4) (actual time=2066.416..2066.416 rows=2528312 loops=1)
                    Buckets: 131072  Batches: 64  Memory Usage: 2425kB
                    ->  Seq Scan on title t  (cost=0.00..61283.27 rows=2528527 width=4) (actual time=0.013..1197.493 rows=2528312 loops=1)
Planning time: 1.120 ms
Execution time: 45692.276 ms
