Hash Join  (cost=102767.86..955494.03 rows=1943938 width=0) (actual time=12670.328..16280.411 rows=629492 loops=1)
  Hash Cond: (ci.movie_id = t.id)
  ->  Seq Scan on cast_info ci  (cost=0.00..796071.18 rows=1943938 width=4) (actual time=10685.329..13423.924 rows=629492 loops=1)
        Filter: ((person_id < 1601535) AND (role_id = 10))
        Rows Removed by Filter: 35614852
  ->  Hash  (cost=61283.27..61283.27 rows=2528527 width=4) (actual time=1983.794..1983.794 rows=2528312 loops=1)
        Buckets: 131072  Batches: 64  Memory Usage: 2415kB
        ->  Seq Scan on title t  (cost=0.00..61283.27 rows=2528527 width=4) (actual time=0.028..1159.357 rows=2528312 loops=1)
Planning time: 1.956 ms
Execution time: 16350.270 ms
