Hash Join  (cost=102767.86..210099.37 rows=683593 width=0) (actual time=1963.740..4281.449 rows=681653 loops=1)
  Hash Cond: (mk.movie_id = t.id)
  ->  Seq Scan on movie_keyword mk  (cost=0.00..81003.12 rows=683593 width=4) (actual time=0.018..1378.605 rows=681653 loops=1)
        Filter: (keyword_id < 562)
        Rows Removed by Filter: 3842277
  ->  Hash  (cost=61283.27..61283.27 rows=2528527 width=4) (actual time=1961.560..1961.560 rows=2528312 loops=1)
        Buckets: 131072  Batches: 64  Memory Usage: 2425kB
        ->  Seq Scan on title t  (cost=0.00..61283.27 rows=2528527 width=4) (actual time=0.008..1105.349 rows=2528312 loops=1)
Planning time: 0.755 ms
Execution time: 4360.164 ms
