Hash Join  (cost=964802.72..1536620.95 rows=6896640 width=0) (actual time=19741.192..50379.968 rows=73251612 loops=1)
  Hash Cond: (mi.movie_id = t.id)
  ->  Seq Scan on movie_info mi  (cost=0.00..309384.22 rows=14739122 width=4) (actual time=0.009..6213.427 rows=14835720 loops=1)
  ->  Hash  (cost=945391.56..945391.56 rows=1183133 width=8) (actual time=19738.519..19738.519 rows=1677967 loops=1)
        Buckets: 131072 (originally 131072)  Batches: 32 (originally 16)  Memory Usage: 3139kB
        ->  Hash Join  (cost=85435.26..945391.56 rows=1183133 width=8) (actual time=1468.979..18762.098 rows=1677967 loops=1)
              Hash Cond: (ci.movie_id = t.id)
              ->  Seq Scan on cast_info ci  (cost=0.00..796071.18 rows=4264746 width=4) (actual time=0.014..13339.358 rows=6047818 loops=1)
                    Filter: ((person_id > 1622917) AND (role_id > 6))
                    Rows Removed by Filter: 30196526
              ->  Hash  (cost=73925.90..73925.90 rows=701468 width=4) (actual time=1468.189..1468.189 rows=749931 loops=1)
                    Buckets: 131072  Batches: 16  Memory Usage: 2673kB
                    ->  Seq Scan on title t  (cost=0.00..73925.90 rows=701468 width=4) (actual time=0.013..1228.427 rows=749931 loops=1)
                          Filter: ((kind_id < 7) AND (production_year < 2009))
                          Rows Removed by Filter: 1778381
Planning time: 1.700 ms
Execution time: 58152.246 ms
