Hash Join  (cost=87245.25..211640.99 rows=1124703 width=0) (actual time=1589.463..4917.164 rows=1457321 loops=1)
  Hash Cond: (mk.movie_id = t.id)
  ->  Seq Scan on movie_keyword mk  (cost=0.00..81003.12 rows=2375624 width=4) (actual time=0.016..1702.310 rows=2368338 loops=1)
        Filter: (keyword_id > 4078)
        Rows Removed by Filter: 2155592
  ->  Hash  (cost=67604.59..67604.59 rows=1197093 width=4) (actual time=1588.536..1588.536 rows=1195923 loops=1)
        Buckets: 131072  Batches: 16  Memory Usage: 3661kB
        ->  Seq Scan on title t  (cost=0.00..67604.59 rows=1197093 width=4) (actual time=0.014..1195.917 rows=1195923 loops=1)
              Filter: (production_year < 2003)
              Rows Removed by Filter: 1332389
Planning time: 0.526 ms
Execution time: 5086.616 ms
