Hash Join  (cost=102767.86..296874.66 rows=4289826 width=0) (actual time=1951.097..7397.688 rows=4274183 loops=1)
  Hash Cond: (mk.movie_id = t.id)
  ->  Seq Scan on movie_keyword mk  (cost=0.00..81003.12 rows=4289826 width=4) (actual time=0.013..1905.078 rows=4274183 loops=1)
        Filter: (keyword_id > 213)
        Rows Removed by Filter: 249747
  ->  Hash  (cost=61283.27..61283.27 rows=2528527 width=4) (actual time=1949.613..1949.613 rows=2528312 loops=1)
        Buckets: 131072  Batches: 64  Memory Usage: 2425kB
        ->  Seq Scan on title t  (cost=0.00..61283.27 rows=2528527 width=4) (actual time=0.005..1098.921 rows=2528312 loops=1)
Planning time: 0.498 ms
Execution time: 7831.870 ms
