Seq Scan on movie_keyword mk  (cost=0.00..81003.12 rows=246 width=0) (actual time=1.106..1292.699 rows=289 loops=1)
  Filter: (keyword_id = 4581)
  Rows Removed by Filter: 4523641
Planning time: 0.272 ms
Execution time: 1292.929 ms
