Hash Join  (cost=177264.43..306196.22 rows=568776 width=0) (actual time=3371.207..6692.099 rows=464731 loops=1)
  Hash Cond: (mk.movie_id = t.id)
  ->  Seq Scan on movie_keyword mk  (cost=0.00..69693.30 rows=4523930 width=4) (actual time=0.017..1383.101 rows=4523930 loops=1)
  ->  Hash  (cost=172048.65..172048.65 rows=317902 width=8) (actual time=3369.943..3369.943 rows=207555 loops=1)
        Buckets: 131072  Batches: 8  Memory Usage: 2051kB
        ->  Hash Join  (cost=98137.04..172048.65 rows=317902 width=8) (actual time=1866.884..3303.904 rows=207555 loops=1)
              Hash Cond: (mc.movie_id = t.id)
              ->  Seq Scan on movie_companies mc  (cost=0.00..57926.93 rows=431932 width=4) (actual time=0.018..910.966 rows=246407 loops=1)
                    Filter: ((company_id < 2242) AND (company_type_id = 2))
                    Rows Removed by Filter: 2362722
              ->  Hash  (cost=67604.59..67604.59 rows=1860996 width=4) (actual time=1865.922..1865.922 rows=1865487 loops=1)
                    Buckets: 131072  Batches: 32  Memory Usage: 3079kB
                    ->  Seq Scan on title t  (cost=0.00..67604.59 rows=1860996 width=4) (actual time=0.013..1267.131 rows=1865487 loops=1)
                          Filter: (kind_id > 1)
                          Rows Removed by Filter: 662825
Planning time: 1.247 ms
Execution time: 6749.832 ms
