Seq Scan on movie_companies mc  (cost=0.00..57926.93 rows=533005 width=0) (actual time=491.522..914.504 rows=248620 loops=1)
  Filter: ((company_id > 14060) AND (company_type_id = 1))
  Rows Removed by Filter: 2360509
Planning time: 0.400 ms
Execution time: 945.595 ms
