Nested Loop  (cost=0.43..709671.90 rows=500 width=0) (actual time=5100.008..10699.883 rows=66 loops=1)
  ->  Seq Scan on cast_info ci  (cost=0.00..705507.15 rows=500 width=4) (actual time=5099.841..10698.333 rows=66 loops=1)
        Filter: (person_id = 1205404)
        Rows Removed by Filter: 36244278
  ->  Index Only Scan using title_pkey on title t  (cost=0.43..8.32 rows=1 width=4) (actual time=0.021..0.022 rows=1 loops=66)
        Index Cond: (id = ci.movie_id)
        Heap Fetches: 66
Planning time: 0.773 ms
Execution time: 10699.976 ms
