Hash Join  (cost=92883.59..162946.37 rows=197133 width=0) (actual time=2006.268..3072.344 rows=264595 loops=1)
  Hash Cond: (mc.movie_id = t.id)
  ->  Seq Scan on movie_companies mc  (cost=0.00..57926.93 rows=323504 width=4) (actual time=392.080..998.551 rows=469185 loops=1)
        Filter: ((company_id < 900) AND (company_type_id < 2))
        Rows Removed by Filter: 2139944
  ->  Hash  (cost=67604.59..67604.59 rows=1540800 width=4) (actual time=1612.570..1612.570 rows=1543264 loops=1)
        Buckets: 131072  Batches: 32  Memory Usage: 2722kB
        ->  Seq Scan on title t  (cost=0.00..67604.59 rows=1540800 width=4) (actual time=0.038..1122.549 rows=1543264 loops=1)
              Filter: (kind_id = 7)
              Rows Removed by Filter: 985048
Planning time: 0.784 ms
Execution time: 3095.641 ms
