Hash Join  (cost=156632.57..1050355.19 rows=1314039 width=0) (actual time=3613.627..16710.850 rows=490654 loops=1)
  Hash Cond: (ci.movie_id = t.id)
  ->  Seq Scan on cast_info ci  (cost=0.00..796071.18 rows=7152015 width=4) (actual time=293.065..12271.437 rows=1313449 loops=1)
        Filter: ((person_id > 1557277) AND (role_id = 1))
        Rows Removed by Filter: 34930895
  ->  Hash  (cost=149010.49..149010.49 rows=464566 width=8) (actual time=3319.660..3319.660 rows=459925 loops=1)
        Buckets: 131072  Batches: 8  Memory Usage: 3275kB
        ->  Hash Join  (cost=102767.86..149010.49 rows=464566 width=8) (actual time=1924.958..3190.344 rows=459925 loops=1)
              Hash Cond: (mi_idx.movie_id = t.id)
              ->  Seq Scan on movie_info_idx mi_idx  (cost=0.00..25185.44 rows=464566 width=4) (actual time=0.018..505.741 rows=459925 loops=1)
                    Filter: (info_type_id = 101)
                    Rows Removed by Filter: 920110
              ->  Hash  (cost=61283.27..61283.27 rows=2528527 width=4) (actual time=1924.199..1924.199 rows=2528312 loops=1)
                    Buckets: 131072  Batches: 64  Memory Usage: 2415kB
                    ->  Seq Scan on title t  (cost=0.00..61283.27 rows=2528527 width=4) (actual time=0.018..1098.183 rows=2528312 loops=1)
Planning time: 1.187 ms
Execution time: 16768.452 ms
