Seq Scan on cast_info ci  (cost=0.00..705507.15 rows=500 width=0) (actual time=308.535..10954.119 rows=88 loops=1)
  Filter: (person_id = 1425350)
  Rows Removed by Filter: 36244256
Planning time: 0.369 ms
Execution time: 10954.245 ms
