Seq Scan on movie_companies mc  (cost=0.00..51404.11 rows=104 width=0) (actual time=3.531..795.234 rows=90 loops=1)
  Filter: (company_id = 17117)
  Rows Removed by Filter: 2609039
Planning time: 0.383 ms
Execution time: 795.345 ms
