Hash Join  (cost=89484.46..125489.29 rows=174228 width=0) (actual time=1568.851..2502.881 rows=314455 loops=1)
  Hash Cond: (mi_idx.movie_id = t.id)
  ->  Seq Scan on movie_info_idx mi_idx  (cost=0.00..25185.44 rows=464566 width=4) (actual time=0.016..451.613 rows=459925 loops=1)
        Filter: (info_type_id = 101)
        Rows Removed by Filter: 920110
  ->  Hash  (cost=73925.90..73925.90 rows=948284 width=4) (actual time=1567.133..1567.133 rows=942729 loops=1)
        Buckets: 131072  Batches: 16  Memory Usage: 3096kB
        ->  Seq Scan on title t  (cost=0.00..73925.90 rows=948284 width=4) (actual time=0.016..1273.651 rows=942729 loops=1)
              Filter: ((kind_id < 7) AND (production_year > 1911))
              Rows Removed by Filter: 1585583
Planning time: 0.737 ms
Execution time: 2541.857 ms
