Seq Scan on movie_keyword mk  (cost=0.00..81003.12 rows=710252 width=0) (actual time=0.020..1266.817 rows=715648 loops=1)
  Filter: (keyword_id > 26330)
  Rows Removed by Filter: 3808282
Planning time: 0.328 ms
Execution time: 1355.838 ms
