Seq Scan on movie_keyword mk  (cost=0.00..81003.12 rows=4072 width=0) (actual time=2.501..1264.953 rows=4211 loops=1)
  Filter: (keyword_id = 19735)
  Rows Removed by Filter: 4519719
Planning time: 0.417 ms
Execution time: 1265.970 ms
