Seq Scan on movie_keyword mk  (cost=0.00..81003.12 rows=3030681 width=0) (actual time=0.025..1418.494 rows=3011344 loops=1)
  Filter: (keyword_id < 10712)
  Rows Removed by Filter: 1512586
Planning time: 0.335 ms
Execution time: 1794.223 ms
