Seq Scan on movie_keyword mk  (cost=0.00..81003.12 rows=3347366 width=0) (actual time=0.020..1512.767 rows=3342181 loops=1)
  Filter: (keyword_id > 1399)
  Rows Removed by Filter: 1181749
Planning time: 0.315 ms
Execution time: 1918.700 ms
