Hash Join  (cost=109583.25..846043.02 rows=217774 width=0) (actual time=2153.607..16519.882 rows=108083 loops=1)
  Hash Cond: (ci.movie_id = t.id)
  ->  Seq Scan on cast_info ci  (cost=0.00..705507.15 rows=7673297 width=4) (actual time=0.028..12300.135 rows=7702425 loops=1)
        Filter: (person_id > 2906483)
        Rows Removed by Filter: 28541919
  ->  Hash  (cost=108686.23..108686.23 rows=71762 width=8) (actual time=2152.942..2152.942 rows=45397 loops=1)
        Buckets: 131072  Batches: 1  Memory Usage: 2798kB
        ->  Hash Join  (cost=69762.12..108686.23 rows=71762 width=8) (actual time=1410.024..2137.475 rows=45397 loops=1)
              Hash Cond: (mi_idx.movie_id = t.id)
              ->  Seq Scan on movie_info_idx mi_idx  (cost=0.00..21735.35 rows=1380035 width=4) (actual time=0.017..466.028 rows=1380035 loops=1)
              ->  Hash  (cost=67604.59..67604.59 rows=131483 width=4) (actual time=1177.862..1177.862 rows=133123 loops=1)
                    Buckets: 131072  Batches: 2  Memory Usage: 3361kB
                    ->  Seq Scan on title t  (cost=0.00..67604.59 rows=131483 width=4) (actual time=0.010..1132.313 rows=133123 loops=1)
                          Filter: (production_year < 1937)
                          Rows Removed by Filter: 2395189
Planning time: 0.817 ms
Execution time: 16535.983 ms
