Seq Scan on cast_info ci  (cost=0.00..705507.15 rows=13250605 width=0) (actual time=0.013..12191.693 rows=13218767 loops=1)
  Filter: (person_id < 1304017)
  Rows Removed by Filter: 23025577
Planning time: 0.399 ms
Execution time: 13858.451 ms
