Seq Scan on cast_info ci  (cost=0.00..796071.18 rows=414831 width=0) (actual time=11251.304..12392.408 rows=678288 loops=1)
  Filter: ((person_id > 2823684) AND (role_id = 8))
  Rows Removed by Filter: 35566056
Planning time: 0.429 ms
Execution time: 12482.532 ms
