Seq Scan on cast_info ci  (cost=0.00..705507.15 rows=24901357 width=0) (actual time=0.028..12981.170 rows=24999079 loops=1)
  Filter: (person_id > 1103747)
  Rows Removed by Filter: 11245265
Planning time: 0.314 ms
Execution time: 16070.120 ms
