Seq Scan on cast_info ci  (cost=0.00..705507.15 rows=32558977 width=0) (actual time=0.020..12662.664 rows=32685265 loops=1)
  Filter: (person_id > 340215)
  Rows Removed by Filter: 3559079
Planning time: 0.340 ms
Execution time: 16461.767 ms
