Hash Join  (cost=83074.68..137741.67 rows=146 width=0) (actual time=1350.099..2158.389 rows=16 loops=1)
  Hash Cond: (mc.movie_id = t.id)
  ->  Seq Scan on movie_companies mc  (cost=0.00..44881.29 rows=2609129 width=4) (actual time=0.020..603.272 rows=2609129 loops=1)
  ->  Hash  (cost=83072.90..83072.90 rows=142 width=8) (actual time=1107.815..1107.815 rows=9 loops=1)
        Buckets: 1024  Batches: 1  Memory Usage: 9kB
        ->  Nested Loop  (cost=0.43..83072.90 rows=142 width=8) (actual time=626.205..1107.798 rows=9 loops=1)
              ->  Seq Scan on movie_keyword mk  (cost=0.00..81003.12 rows=246 width=4) (actual time=4.981..1105.323 rows=52 loops=1)
                    Filter: (keyword_id = 18956)
                    Rows Removed by Filter: 4523878
              ->  Index Scan using title_pkey on title t  (cost=0.43..8.40 rows=1 width=4) (actual time=0.042..0.043 rows=0 loops=52)
                    Index Cond: (id = mk.movie_id)
                    Filter: ((production_year < 2013) AND (kind_id = 7))
                    Rows Removed by Filter: 1
Planning time: 1.336 ms
Execution time: 2158.548 ms
