Hash Join  (cost=74119.74..828130.08 rows=78047 width=0) (actual time=1111.413..16114.081 rows=74354 loops=1)
  Hash Cond: (ci.movie_id = t.id)
  ->  Seq Scan on cast_info ci  (cost=0.00..705507.15 rows=12726058 width=4) (actual time=0.026..12483.518 rows=12670688 loops=1)
        Filter: (role_id = 1)
        Rows Removed by Filter: 23573656
  ->  Hash  (cost=73925.90..73925.90 rows=15507 width=4) (actual time=1111.261..1111.261 rows=11835 loops=1)
        Buckets: 16384  Batches: 1  Memory Usage: 545kB
        ->  Seq Scan on title t  (cost=0.00..73925.90 rows=15507 width=4) (actual time=0.097..1106.125 rows=11835 loops=1)
              Filter: ((kind_id < 7) AND (production_year = 1995))
              Rows Removed by Filter: 2516477
Planning time: 0.823 ms
Execution time: 16127.544 ms
