Seq Scan on cast_info ci  (cost=0.00..796071.18 rows=6442796 width=0) (actual time=9781.277..14120.851 rows=7451973 loops=1)
  Filter: ((person_id < 3273850) AND (role_id = 2))
  Rows Removed by Filter: 28792371
Planning time: 2.268 ms
Execution time: 14985.706 ms
