Seq Scan on cast_info ci  (cost=0.00..796071.18 rows=435 width=0) (actual time=8.821..14425.102 rows=10 loops=1)
  Filter: ((role_id < 10) AND (person_id = 1157288))
  Rows Removed by Filter: 36244334
Planning time: 0.458 ms
Execution time: 14425.268 ms
