Seq Scan on movie_companies mc  (cost=0.00..57926.93 rows=1129623 width=0) (actual time=22.755..1155.759 rows=1241972 loops=1)
  Filter: ((company_id > 239) AND (company_type_id = 2))
  Rows Removed by Filter: 1367157
Planning time: 0.372 ms
Execution time: 1310.812 ms
