Seq Scan on movie_companies mc  (cost=0.00..51404.11 rows=129540 width=0) (actual time=383.204..772.079 rows=128731 loops=1)
  Filter: (company_id > 141867)
  Rows Removed by Filter: 2480398
Planning time: 0.269 ms
Execution time: 788.347 ms
