Hash Join  (cost=68257.79..127060.80 rows=38646 width=0) (actual time=1012.803..2209.493 rows=33747 loops=1)
  Hash Cond: (mc.movie_id = t.id)
  ->  Seq Scan on movie_companies mc  (cost=0.00..51404.11 rows=1869983 width=4) (actual time=0.025..755.603 rows=1865204 loops=1)
        Filter: (company_id < 38103)
        Rows Removed by Filter: 743925
  ->  Hash  (cost=67604.59..67604.59 rows=52256 width=4) (actual time=1012.424..1012.424 rows=53013 loops=1)
        Buckets: 65536  Batches: 1  Memory Usage: 2376kB
        ->  Seq Scan on title t  (cost=0.00..67604.59 rows=52256 width=4) (actual time=0.026..989.589 rows=53013 loops=1)
              Filter: (production_year = 2000)
              Rows Removed by Filter: 2475299
Planning time: 0.805 ms
Execution time: 2214.205 ms
