Hash Join  (cost=283635.21..473025.22 rows=2303674 width=156) (actual time=2861.358..7198.821 rows=9730428 loops=1)
  Hash Cond: (mk.movie_id = t.id)
  ->  Seq Scan on movie_keyword mk  (cost=0.00..81003.12 rows=4220837 width=12) (actual time=0.012..756.214 rows=4224572 loops=1)
        Filter: (keyword_id < 53992)
        Rows Removed by Filter: 299358
  ->  Hash  (cost=238082.78..238082.78 rows=1380035 width=144) (actual time=2860.980..2860.980 rows=1380035 loops=1)
        Buckets: 32768  Batches: 64  Memory Usage: 3137kB
        ->  Hash Join  (cost=129928.86..238082.78 rows=1380035 width=144) (actual time=961.830..2338.583 rows=1380035 loops=1)
              Hash Cond: (mi_idx.movie_id = t.id)
              ->  Seq Scan on movie_info_idx mi_idx  (cost=0.00..21735.35 rows=1380035 width=50) (actual time=0.018..179.553 rows=1380035 loops=1)
              ->  Hash  (cost=61283.27..61283.27 rows=2528527 width=94) (actual time=961.497..961.497 rows=2528312 loops=1)
                    Buckets: 32768  Batches: 128  Memory Usage: 2453kB
                    ->  Seq Scan on title t  (cost=0.00..61283.27 rows=2528527 width=94) (actual time=0.007..358.763 rows=2528312 loops=1)
Planning time: 0.797 ms
Execution time: 7503.640 ms
