Hash Join  (cost=897551.11..1028756.48 rows=291242 width=0) (actual time=18190.387..20430.635 rows=109098 loops=1)
  Hash Cond: (mk.movie_id = t.id)
  ->  Seq Scan on movie_keyword mk  (cost=0.00..69693.30 rows=4523930 width=4) (actual time=0.022..1334.573 rows=4523930 loops=1)
  ->  Hash  (cost=894880.33..894880.33 rows=162782 width=8) (actual time=17247.793..17247.793 rows=81830 loops=1)
        Buckets: 131072  Batches: 4  Memory Usage: 1825kB
        ->  Hash Join  (cost=74787.47..894880.33 rows=162782 width=8) (actual time=2530.688..16907.193 rows=81830 loops=1)
              Hash Cond: (ci.movie_id = t.id)
              ->  Seq Scan on cast_info ci  (cost=0.00..796071.18 rows=5971698 width=4) (actual time=1158.353..14649.631 rows=2651587 loops=1)
                    Filter: ((person_id < 2320020) AND (role_id > 4))
                    Rows Removed by Filter: 33592757
              ->  Hash  (cost=73925.90..73925.90 rows=68925 width=4) (actual time=1371.168..1371.168 rows=84076 loops=1)
                    Buckets: 131072  Batches: 1  Memory Usage: 3980kB
                    ->  Seq Scan on title t  (cost=0.00..73925.90 rows=68925 width=4) (actual time=0.032..1337.979 rows=84076 loops=1)
                          Filter: ((kind_id = 7) AND (production_year = 2007))
                          Rows Removed by Filter: 2444236
Planning time: 1.135 ms
Execution time: 20444.221 ms
