Hash Join  (cost=224442.57..766183.73 rows=5804523 width=0) (actual time=5645.097..50348.758 rows=135485606 loops=1)
  Hash Cond: (mi.movie_id = t.id)
  ->  Seq Scan on movie_info mi  (cost=0.00..309384.22 rows=14739122 width=4) (actual time=0.015..6575.079 rows=14835720 loops=1)
  ->  Hash  (cost=208105.34..208105.34 rows=995778 width=8) (actual time=5641.456..5641.456 rows=2164138 loops=1)
        Buckets: 131072 (originally 131072)  Batches: 32 (originally 16)  Memory Usage: 3735kB
        ->  Hash Join  (cost=83810.17..208105.34 rows=995778 width=8) (actual time=1613.515..5028.603 rows=2164138 loops=1)
              Hash Cond: (mk.movie_id = t.id)
              ->  Seq Scan on movie_keyword mk  (cost=0.00..81003.12 rows=2549137 width=4) (actual time=0.010..1616.130 rows=2545729 loops=1)
                    Filter: (keyword_id > 3481)
                    Rows Removed by Filter: 1978201
              ->  Hash  (cost=67604.59..67604.59 rows=987727 width=4) (actual time=1612.570..1612.570 rows=985048 loops=1)
                    Buckets: 131072  Batches: 16  Memory Usage: 3197kB
                    ->  Seq Scan on title t  (cost=0.00..67604.59 rows=987727 width=4) (actual time=0.020..1299.311 rows=985048 loops=1)
                          Filter: (kind_id < 7)
                          Rows Removed by Filter: 1543264
Planning time: 1.094 ms
Execution time: 65157.900 ms
