Hash Join  (cost=114811.45..988897.20 rows=416350 width=0) (actual time=2095.344..22387.719 rows=443583 loops=1)
  Hash Cond: (ci.movie_id = t.id)
  ->  Seq Scan on cast_info ci  (cost=0.00..796071.18 rows=19693631 width=4) (actual time=0.017..16201.982 rows=18604651 loops=1)
        Filter: ((person_id > 1337716) AND (role_id < 10))
        Rows Removed by Filter: 17639693
  ->  Hash  (cost=114143.25..114143.25 rows=53456 width=8) (actual time=2094.285..2094.285 rows=24084 loops=1)
        Buckets: 65536  Batches: 1  Memory Usage: 1453kB
        ->  Hash Join  (cost=75533.21..114143.25 rows=53456 width=8) (actual time=1210.919..2085.669 rows=24084 loops=1)
              Hash Cond: (mi_idx.movie_id = t.id)
              ->  Seq Scan on movie_info_idx mi_idx  (cost=0.00..21735.35 rows=1380035 width=4) (actual time=0.023..411.217 rows=1380035 loops=1)
              ->  Hash  (cost=73925.90..73925.90 rows=97944 width=4) (actual time=1210.013..1210.013 rows=106247 loops=1)
                    Buckets: 131072  Batches: 2  Memory Usage: 2890kB
                    ->  Seq Scan on title t  (cost=0.00..73925.90 rows=97944 width=4) (actual time=0.015..1170.108 rows=106247 loops=1)
                          Filter: ((kind_id = 7) AND (production_year = 2011))
                          Rows Removed by Filter: 2422065
Planning time: 1.248 ms
Execution time: 22446.626 ms
