Seq Scan on cast_info ci  (cost=0.00..796071.18 rows=324 width=0) (actual time=4715.649..14679.784 rows=190 loops=1)
  Filter: ((role_id > 1) AND (person_id = 2837754))
  Rows Removed by Filter: 36244154
Planning time: 0.731 ms
Execution time: 14679.916 ms
