Hash Join  (cost=67697.55..416990.03 rows=2382 width=0) (actual time=1228.594..6620.733 rows=7932 loops=1)
  Hash Cond: (mi.movie_id = t.id)
  ->  Seq Scan on movie_info mi  (cost=0.00..346232.03 rows=809768 width=4) (actual time=215.629..5419.164 rows=802140 loops=1)
        Filter: (info_type_id < 2)
        Rows Removed by Filter: 14033580
  ->  Hash  (cost=67604.59..67604.59 rows=7437 width=4) (actual time=1012.820..1012.820 rows=24917 loops=1)
        Buckets: 32768 (originally 8192)  Batches: 1 (originally 1)  Memory Usage: 1132kB
        ->  Seq Scan on title t  (cost=0.00..67604.59 rows=7437 width=4) (actual time=0.038..1002.067 rows=24917 loops=1)
              Filter: (production_year = 1992)
              Rows Removed by Filter: 2503395
Planning time: 0.720 ms
Execution time: 6622.243 ms
