Hash Join  (cost=167079.63..297443.34 rows=686267 width=0) (actual time=3965.397..9419.567 rows=7025215 loops=1)
  Hash Cond: (mk.movie_id = t.id)
  ->  Seq Scan on movie_keyword mk  (cost=0.00..69693.30 rows=4523930 width=4) (actual time=0.017..1536.944 rows=4523930 loops=1)
  ->  Hash  (cost=160786.00..160786.00 rows=383570 width=8) (actual time=3964.299..3964.299 rows=839453 loops=1)
        Buckets: 131072 (originally 131072)  Batches: 16 (originally 8)  Memory Usage: 3097kB
        ->  Hash Join  (cost=83810.17..160786.00 rows=383570 width=8) (actual time=1603.952..3715.213 rows=839453 loops=1)
              Hash Cond: (mc.movie_id = t.id)
              ->  Seq Scan on movie_companies mc  (cost=0.00..57926.93 rows=981918 width=4) (actual time=0.014..1131.570 rows=1142451 loops=1)
                    Filter: ((company_id > 1102) AND (company_type_id = 2))
                    Rows Removed by Filter: 1466678
              ->  Hash  (cost=67604.59..67604.59 rows=987727 width=4) (actual time=1602.917..1602.917 rows=985048 loops=1)
                    Buckets: 131072  Batches: 16  Memory Usage: 3188kB
                    ->  Seq Scan on title t  (cost=0.00..67604.59 rows=987727 width=4) (actual time=0.025..1288.231 rows=985048 loops=1)
                          Filter: (kind_id < 7)
                          Rows Removed by Filter: 1543264
Planning time: 1.163 ms
Execution time: 10246.401 ms
