Hash Join  (cost=196891.72..628468.27 rows=475297 width=0) (actual time=4979.159..14353.232 rows=7674244 loops=1)
  Hash Cond: (mi.movie_id = t.id)
  ->  Seq Scan on movie_info mi  (cost=0.00..346232.03 rows=6231111 width=4) (actual time=957.138..6104.834 rows=6223494 loops=1)
        Filter: (info_type_id > 8)
        Rows Removed by Filter: 8612226
  ->  Hash  (cost=193726.84..193726.84 rows=192871 width=8) (actual time=4020.970..4020.970 rows=183641 loops=1)
        Buckets: 131072  Batches: 4  Memory Usage: 2838kB
        ->  Hash Join  (cost=69374.09..193726.84 rows=192871 width=8) (actual time=1135.013..3958.904 rows=183641 loops=1)
              Hash Cond: (mk.movie_id = t.id)
              ->  Seq Scan on movie_keyword mk  (cost=0.00..69693.30 rows=4523930 width=4) (actual time=0.027..1421.112 rows=4523930 loops=1)
              ->  Hash  (cost=67604.59..67604.59 rows=107800 width=4) (actual time=1134.108..1134.108 rows=108429 loops=1)
                    Buckets: 131072  Batches: 2  Memory Usage: 2938kB
                    ->  Seq Scan on title t  (cost=0.00..67604.59 rows=107800 width=4) (actual time=0.025..1089.034 rows=108429 loops=1)
                          Filter: (production_year = 2006)
                          Rows Removed by Filter: 2419883
Planning time: 1.169 ms
Execution time: 15284.900 ms
