Hash Join  (cost=171550.84..1042931.78 rows=1066503 width=0) (actual time=3464.344..23293.088 rows=3054141 loops=1)
  Hash Cond: (ci.movie_id = t.id)
  ->  Seq Scan on cast_info ci  (cost=0.00..705507.15 rows=13355136 width=4) (actual time=0.412..12538.452 rows=13316880 loops=1)
        Filter: (person_id < 1313546)
        Rows Removed by Filter: 22927464
  ->  Hash  (cost=168237.83..168237.83 rows=201921 width=8) (actual time=3463.172..3463.172 rows=271223 loops=1)
        Buckets: 131072  Batches: 4  Memory Usage: 3660kB
        ->  Hash Join  (cost=98498.33..168237.83 rows=201921 width=8) (actual time=2103.144..3382.154 rows=271223 loops=1)
              Hash Cond: (mc.movie_id = t.id)
              ->  Seq Scan on movie_companies mc  (cost=0.00..57926.93 rows=340894 width=4) (actual time=194.141..890.342 rows=490318 loops=1)
                    Filter: ((company_id < 1220) AND (company_type_id < 2))
                    Rows Removed by Filter: 2118811
              ->  Hash  (cost=73925.90..73925.90 rows=1497714 width=4) (actual time=1907.482..1907.482 rows=1478440 loops=1)
                    Buckets: 131072  Batches: 32  Memory Usage: 2651kB
                    ->  Seq Scan on title t  (cost=0.00..73925.90 rows=1497714 width=4) (actual time=0.023..1427.213 rows=1478440 loops=1)
                          Filter: ((production_year > 0) AND (kind_id = 7))
                          Rows Removed by Filter: 1049872
Planning time: 1.989 ms
Execution time: 23615.674 ms
