Hash Join  (cost=106748.40..860057.79 rows=252019 width=0) (actual time=1908.021..18924.223 rows=344645 loops=1)
  Hash Cond: (ci.movie_id = t.id)
  ->  Seq Scan on cast_info ci  (cost=0.00..614943.12 rows=36225612 width=4) (actual time=0.022..8767.829 rows=36244344 loops=1)
  ->  Hash  (cost=106528.52..106528.52 rows=17591 width=8) (actual time=1907.708..1907.708 rows=8028 loops=1)
        Buckets: 32768  Batches: 1  Memory Usage: 570kB
        ->  Hash Join  (cost=75533.21..106528.52 rows=17591 width=8) (actual time=1374.594..1904.481 rows=8028 loops=1)
              Hash Cond: (mi_idx.movie_id = t.id)
              ->  Seq Scan on movie_info_idx mi_idx  (cost=0.00..25185.44 rows=454124 width=4) (actual time=0.014..467.089 rows=459925 loops=1)
                    Filter: (info_type_id = 100)
                    Rows Removed by Filter: 920110
              ->  Hash  (cost=73925.90..73925.90 rows=97944 width=4) (actual time=1249.097..1249.097 rows=106247 loops=1)
                    Buckets: 131072  Batches: 2  Memory Usage: 2890kB
                    ->  Seq Scan on title t  (cost=0.00..73925.90 rows=97944 width=4) (actual time=199.319..1210.135 rows=106247 loops=1)
                          Filter: ((kind_id = 7) AND (production_year = 2011))
                          Rows Removed by Filter: 2422065
Planning time: 1.121 ms
Execution time: 18977.344 ms
