Hash Join  (cost=58375.53..809645.50 rows=82 width=0) (actual time=927.055..15351.205 rows=267 loops=1)
  Hash Cond: (ci.movie_id = t.id)
  ->  Seq Scan on cast_info ci  (cost=0.00..705507.15 rows=12203201 width=4) (actual time=0.026..12811.871 rows=12113646 loops=1)
        Filter: (role_id > 3)
        Rows Removed by Filter: 24130698
  ->  Hash  (cost=58375.31..58375.31 rows=17 width=8) (actual time=923.471..923.471 rows=20 loops=1)
        Buckets: 1024  Batches: 1  Memory Usage: 9kB
        ->  Nested Loop  (cost=0.43..58375.31 rows=17 width=8) (actual time=0.504..923.444 rows=20 loops=1)
              ->  Seq Scan on movie_companies mc  (cost=0.00..57926.93 rows=53 width=4) (actual time=0.368..917.745 rows=75 loops=1)
                    Filter: ((company_type_id > 1) AND (company_id = 990))
                    Rows Removed by Filter: 2609054
              ->  Index Scan using title_pkey on title t  (cost=0.43..8.45 rows=1 width=4) (actual time=0.073..0.073 rows=0 loops=75)
                    Index Cond: (id = mc.movie_id)
                    Filter: (production_year > 2007)
                    Rows Removed by Filter: 1
Planning time: 7.843 ms
Execution time: 15351.551 ms
