Hash Join  (cost=1077149.86..1740729.69 rows=15598347 width=0) (actual time=18759.822..35202.741 rows=16973980 loops=1)
  Hash Cond: (mi.movie_id = t.id)
  ->  Seq Scan on movie_info mi  (cost=0.00..346232.03 rows=9476311 width=4) (actual time=63.585..7172.407 rows=9565151 loops=1)
        Filter: (info_type_id < 16)
        Rows Removed by Filter: 5270569
  ->  Hash  (cost=1008866.28..1008866.28 rows=4162046 width=8) (actual time=18695.227..18695.227 rows=1334663 loops=1)
        Buckets: 131072  Batches: 64  Memory Usage: 1896kB
        ->  Hash Join  (cost=102767.86..1008866.28 rows=4162046 width=8) (actual time=12849.663..18275.033 rows=1334663 loops=1)
              Hash Cond: (ci.movie_id = t.id)
              ->  Seq Scan on cast_info ci  (cost=0.00..796071.18 rows=4162046 width=4) (actual time=10968.910..14782.546 rows=1334663 loops=1)
                    Filter: ((person_id < 2678249) AND (role_id > 8))
                    Rows Removed by Filter: 34909681
              ->  Hash  (cost=61283.27..61283.27 rows=2528527 width=4) (actual time=1879.244..1879.244 rows=2528312 loops=1)
                    Buckets: 131072  Batches: 64  Memory Usage: 2415kB
                    ->  Seq Scan on title t  (cost=0.00..61283.27 rows=2528527 width=4) (actual time=0.024..1043.508 rows=2528312 loops=1)
Planning time: 1.496 ms
Execution time: 37103.604 ms
