Hash Join  (cost=282190.81..391624.72 rows=2257597 width=0) (actual time=6268.283..12665.854 rows=17464188 loops=1)
  Hash Cond: (mc.movie_id = t.id)
  ->  Seq Scan on movie_companies mc  (cost=0.00..44881.29 rows=2609129 width=4) (actual time=0.027..894.195 rows=2609129 loops=1)
  ->  Hash  (cost=246295.63..246295.63 rows=2187855 width=8) (actual time=6266.309..6266.309 rows=2186775 loops=1)
        Buckets: 131072  Batches: 32  Memory Usage: 3677kB
        ->  Hash Join  (cost=102767.86..246295.63 rows=2187855 width=8) (actual time=2199.483..5672.823 rows=2186775 loops=1)
              Hash Cond: (mk.movie_id = t.id)
              ->  Seq Scan on movie_keyword mk  (cost=0.00..81003.12 rows=2187855 width=4) (actual time=0.035..1517.070 rows=2186775 loops=1)
                    Filter: (keyword_id > 5166)
                    Rows Removed by Filter: 2337155
              ->  Hash  (cost=61283.27..61283.27 rows=2528527 width=4) (actual time=2198.114..2198.114 rows=2528312 loops=1)
                    Buckets: 131072  Batches: 64  Memory Usage: 2425kB
                    ->  Seq Scan on title t  (cost=0.00..61283.27 rows=2528527 width=4) (actual time=0.023..1066.465 rows=2528312 loops=1)
Planning time: 1.108 ms
Execution time: 14647.310 ms
