Hash Join  (cost=168423.83..927202.18 rows=798921 width=0) (actual time=3063.390..20502.308 rows=436285 loops=1)
  Hash Cond: (ci.movie_id = t.id)
  ->  Seq Scan on cast_info ci  (cost=0.00..614943.12 rows=36225612 width=4) (actual time=0.035..8729.313 rows=36244344 loops=1)
  ->  Hash  (cost=167726.79..167726.79 rows=55764 width=8) (actual time=3062.658..3062.658 rows=10889 loops=1)
        Buckets: 65536  Batches: 1  Memory Usage: 938kB
        ->  Hash Join  (cost=80549.28..167726.79 rows=55764 width=8) (actual time=2500.904..3058.072 rows=10889 loops=1)
              Hash Cond: (mk.movie_id = t.id)
              ->  Seq Scan on movie_keyword mk  (cost=0.00..81003.12 rows=349264 width=4) (actual time=0.026..1353.334 rows=363692 loops=1)
                    Filter: (keyword_id < 335)
                    Rows Removed by Filter: 4160238
              ->  Hash  (cost=73925.90..73925.90 rows=403710 width=4) (actual time=1444.011..1444.011 rows=434218 loops=1)
                    Buckets: 131072  Batches: 8  Memory Usage: 2941kB
                    ->  Seq Scan on title t  (cost=0.00..73925.90 rows=403710 width=4) (actual time=340.362..1297.932 rows=434218 loops=1)
                          Filter: ((production_year > 2008) AND (kind_id = 7))
                          Rows Removed by Filter: 2094094
Planning time: 1.135 ms
Execution time: 20561.857 ms
