Hash Join  (cost=1021169.35..1197009.07 rows=3683969 width=0) (actual time=15930.001..19122.100 rows=7971 loops=1)
  Hash Cond: (mk.movie_id = t.id)
  ->  Seq Scan on movie_keyword mk  (cost=0.00..81003.12 rows=3352306 width=4) (actual time=0.024..1770.707 rows=3338456 loops=1)
        Filter: (keyword_id < 15689)
        Rows Removed by Filter: 1185474
  ->  Hash  (cost=975580.73..975580.73 rows=2778689 width=8) (actual time=15462.167..15462.167 rows=2257 loops=1)
        Buckets: 131072  Batches: 64  Memory Usage: 1032kB
        ->  Hash Join  (cost=102767.86..975580.73 rows=2778689 width=8) (actual time=12669.007..15459.488 rows=2257 loops=1)
              Hash Cond: (ci.movie_id = t.id)
              ->  Seq Scan on cast_info ci  (cost=0.00..796071.18 rows=2778689 width=4) (actual time=10653.524..13127.563 rows=2257 loops=1)
                    Filter: ((person_id < 1356224) AND (role_id = 2))
                    Rows Removed by Filter: 36242087
              ->  Hash  (cost=61283.27..61283.27 rows=2528527 width=4) (actual time=1987.755..1987.755 rows=2528312 loops=1)
                    Buckets: 131072  Batches: 64  Memory Usage: 2415kB
                    ->  Seq Scan on title t  (cost=0.00..61283.27 rows=2528527 width=4) (actual time=0.029..1166.704 rows=2528312 loops=1)
Planning time: 1.192 ms
Execution time: 19123.500 ms
