Hash Join  (cost=434250.73..1204038.95 rows=352620 width=0) (actual time=7353.743..28202.592 rows=889440 loops=1)
  Hash Cond: (ci.movie_id = t.id)
  ->  Seq Scan on cast_info ci  (cost=0.00..705507.15 rows=16201301 width=4) (actual time=0.027..14380.483 rows=16121683 loops=1)
        Filter: (role_id > 2)
        Rows Removed by Filter: 20122661
  ->  Hash  (cost=433562.82..433562.82 rows=55033 width=8) (actual time=7353.012..7353.012 rows=130606 loops=1)
        Buckets: 131072 (originally 65536)  Batches: 2 (originally 1)  Memory Usage: 3582kB
        ->  Hash Join  (cost=76746.21..433562.82 rows=55033 width=8) (actual time=3332.832..7298.555 rows=130606 loops=1)
              Hash Cond: (mi.movie_id = t.id)
              ->  Seq Scan on movie_info mi  (cost=0.00..346232.03 rows=809669 width=4) (actual time=2031.559..5545.628 rows=802140 loops=1)
                    Filter: (info_type_id = 1)
                    Rows Removed by Filter: 14033580
              ->  Hash  (cost=73925.90..73925.90 rows=171864 width=4) (actual time=1300.231..1300.231 rows=275829 loops=1)
                    Buckets: 131072  Batches: 4  Memory Usage: 3459kB
                    ->  Seq Scan on title t  (cost=0.00..73925.90 rows=171864 width=4) (actual time=0.148..1209.277 rows=275829 loops=1)
                          Filter: ((kind_id < 7) AND (production_year < 1975))
                          Rows Removed by Filter: 2252483
Planning time: 1.134 ms
Execution time: 28318.037 ms
