Hash Join  (cost=139798.63..267393.17 rows=458951 width=0) (actual time=3056.505..6268.106 rows=831838 loops=1)
  Hash Cond: (mk.movie_id = t.id)
  ->  Seq Scan on movie_keyword mk  (cost=0.00..69693.30 rows=4523930 width=4) (actual time=0.031..1354.091 rows=4523930 loops=1)
  ->  Hash  (cost=135589.15..135589.15 rows=256518 width=8) (actual time=3055.373..3055.373 rows=210079 loops=1)
        Buckets: 131072  Batches: 4  Memory Usage: 3081kB
        ->  Hash Join  (cost=97010.87..135589.15 rows=256518 width=8) (actual time=1995.247..2988.873 rows=210079 loops=1)
              Hash Cond: (mi_idx.movie_id = t.id)
              ->  Seq Scan on movie_info_idx mi_idx  (cost=0.00..25185.44 rows=460978 width=4) (actual time=0.022..448.743 rows=459925 loops=1)
                    Filter: (info_type_id = 99)
                    Rows Removed by Filter: 920110
              ->  Hash  (cost=73925.90..73925.90 rows=1407037 width=4) (actual time=1994.419..1994.419 rows=1529626 loops=1)
                    Buckets: 131072  Batches: 32  Memory Usage: 2715kB
                    ->  Seq Scan on title t  (cost=0.00..73925.90 rows=1407037 width=4) (actual time=0.031..1498.607 rows=1529626 loops=1)
                          Filter: ((kind_id > 1) AND (production_year > 1982))
                          Rows Removed by Filter: 998686
Planning time: 1.170 ms
Execution time: 6368.193 ms
