Hash Join  (cost=205090.76..352269.27 rows=2066447 width=0) (actual time=5205.756..8396.485 rows=1217622 loops=1)
  Hash Cond: (mk.movie_id = t.id)
  ->  Seq Scan on movie_keyword mk  (cost=0.00..69693.30 rows=4523930 width=4) (actual time=0.023..1500.224 rows=4523930 loops=1)
  ->  Hash  (cost=186141.46..186141.46 rows=1154984 width=8) (actual time=4632.182..4632.182 rows=533564 loops=1)
        Buckets: 131072  Batches: 16  Memory Usage: 2310kB
        ->  Hash Join  (cost=92883.59..186141.46 rows=1154984 width=8) (actual time=2367.019..4225.784 rows=533564 loops=1)
              Hash Cond: (mc.movie_id = t.id)
              ->  Seq Scan on movie_companies mc  (cost=0.00..51404.11 rows=1895385 width=4) (actual time=0.022..1178.517 rows=1890448 loops=1)
                    Filter: (company_id < 42567)
                    Rows Removed by Filter: 718681
              ->  Hash  (cost=67604.59..67604.59 rows=1540800 width=4) (actual time=1781.211..1781.211 rows=1543264 loops=1)
                    Buckets: 131072  Batches: 32  Memory Usage: 2722kB
                    ->  Seq Scan on title t  (cost=0.00..67604.59 rows=1540800 width=4) (actual time=0.018..1281.522 rows=1543264 loops=1)
                          Filter: (kind_id = 7)
                          Rows Removed by Filter: 985048
Planning time: 1.197 ms
Execution time: 8538.363 ms
