Nested Loop  (cost=0.43..58358.52 rows=1 width=0) (actual time=417.660..831.246 rows=7 loops=1)
  ->  Seq Scan on movie_companies mc  (cost=0.00..57926.93 rows=51 width=4) (actual time=236.427..815.749 rows=491 loops=1)
        Filter: ((company_id = 2455) AND (company_type_id = 1))
        Rows Removed by Filter: 2608638
  ->  Index Scan using title_pkey on title t  (cost=0.43..8.45 rows=1 width=4) (actual time=0.031..0.031 rows=0 loops=491)
        Index Cond: (id = mc.movie_id)
        Filter: ((kind_id = 4) AND (production_year = 1991))
        Rows Removed by Filter: 1
Planning time: 0.780 ms
Execution time: 831.354 ms
