Hash Join  (cost=28267.69..114927.13 rows=140 width=0) (actual time=651.575..1965.723 rows=2567 loops=1)
  Hash Cond: (mk.movie_id = t.id)
  ->  Seq Scan on movie_keyword mk  (cost=0.00..69693.30 rows=4523930 width=4) (actual time=0.016..883.176 rows=4523930 loops=1)
  ->  Hash  (cost=28266.72..28266.72 rows=78 width=8) (actual time=418.953..418.953 rows=20 loops=1)
        Buckets: 1024  Batches: 1  Memory Usage: 9kB
        ->  Nested Loop  (cost=0.43..28266.72 rows=78 width=8) (actual time=286.638..418.923 rows=20 loops=1)
              ->  Seq Scan on movie_info_idx mi_idx  (cost=0.00..25185.44 rows=368 width=4) (actual time=286.224..412.988 rows=260 loops=1)
                    Filter: (info_type_id > 101)
                    Rows Removed by Filter: 1379775
              ->  Index Scan using title_pkey on title t  (cost=0.43..8.36 rows=1 width=4) (actual time=0.022..0.022 rows=0 loops=260)
                    Index Cond: (id = mi_idx.movie_id)
                    Filter: (production_year > 2009)
                    Rows Removed by Filter: 1
Planning time: 1.184 ms
Execution time: 1966.230 ms
