Seq Scan on cast_info ci  (cost=0.00..705507.15 rows=21171416 width=0) (actual time=135.907..12882.993 rows=21299659 loops=1)
  Filter: (person_id > 1475307)
  Rows Removed by Filter: 14944685
Planning time: 0.307 ms
Execution time: 15488.379 ms
