Seq Scan on cast_info ci  (cost=0.00..705507.15 rows=500 width=0) (actual time=9608.837..11228.583 rows=2760 loops=1)
  Filter: (person_id = 356575)
  Rows Removed by Filter: 36241584
Planning time: 0.357 ms
Execution time: 11229.062 ms
