Hash Join  (cost=878718.49..3922793.56 rows=148136073 width=0) (actual time=24449.904..155616.993 rows=357869302 loops=1)
  Hash Cond: (ci.movie_id = t.id)
  ->  Seq Scan on cast_info ci  (cost=0.00..705507.15 rows=35783745 width=4) (actual time=0.016..17191.149 rows=35780284 loops=1)
        Filter: (person_id < 3973236)
        Rows Removed by Filter: 464060
  ->  Hash  (cost=706985.84..706985.84 rows=10467492 width=8) (actual time=24445.904..24445.904 rows=11658103 loops=1)
        Buckets: 131072  Batches: 256  Memory Usage: 2768kB
        ->  Hash Join  (cost=97066.09..706985.84 rows=10467492 width=8) (actual time=1841.761..19843.841 rows=11658103 loops=1)
              Hash Cond: (mi.movie_id = t.id)
              ->  Seq Scan on movie_info mi  (cost=0.00..309384.22 rows=14739122 width=4) (actual time=0.013..5755.023 rows=14835720 loops=1)
              ->  Hash  (cost=67604.59..67604.59 rows=1795720 width=4) (actual time=1840.675..1840.675 rows=1794153 loops=1)
                    Buckets: 131072  Batches: 32  Memory Usage: 3001kB
                    ->  Seq Scan on title t  (cost=0.00..67604.59 rows=1795720 width=4) (actual time=0.026..1236.640 rows=1794153 loops=1)
                          Filter: (production_year < 2009)
                          Rows Removed by Filter: 734159
Planning time: 1.158 ms
Execution time: 195952.563 ms
