Hash Join  (cost=102767.86..187472.78 rows=973342 width=0) (actual time=2008.980..4705.054 rows=974239 loops=1)
  Hash Cond: (mc.movie_id = t.id)
  ->  Seq Scan on movie_companies mc  (cost=0.00..51404.11 rows=973342 width=4) (actual time=2.263..1035.913 rows=974239 loops=1)
        Filter: (company_id < 4241)
        Rows Removed by Filter: 1634890
  ->  Hash  (cost=61283.27..61283.27 rows=2528527 width=4) (actual time=2005.456..2005.456 rows=2528312 loops=1)
        Buckets: 131072  Batches: 64  Memory Usage: 2415kB
        ->  Seq Scan on title t  (cost=0.00..61283.27 rows=2528527 width=4) (actual time=0.019..1161.004 rows=2528312 loops=1)
Planning time: 2.539 ms
Execution time: 4804.134 ms
