Hash Join  (cost=282564.14..1683333.87 rows=31314552 width=0) (actual time=6854.605..70008.996 rows=116549855 loops=1)
  Hash Cond: (ci.movie_id = t.id)
  ->  Seq Scan on cast_info ci  (cost=0.00..614943.12 rows=36225612 width=4) (actual time=0.021..14084.091 rows=36244344 loops=1)
  ->  Hash  (cost=246703.41..246703.41 rows=2185738 width=8) (actual time=6853.088..6853.088 rows=2489114 loops=1)
        Buckets: 131072 (originally 131072)  Batches: 64 (originally 32)  Memory Usage: 4044kB
        ->  Hash Join  (cost=101489.21..246703.41 rows=2185738 width=8) (actual time=2059.280..6127.477 rows=2489114 loops=1)
              Hash Cond: (mk.movie_id = t.id)
              ->  Seq Scan on movie_keyword mk  (cost=0.00..81003.12 rows=2675939 width=4) (actual time=0.018..1719.007 rows=2670883 loops=1)
                    Filter: (keyword_id < 7469)
                    Rows Removed by Filter: 1853047
              ->  Hash  (cost=67604.59..67604.59 rows=2065330 width=4) (actual time=2058.140..2058.140 rows=2064552 loops=1)
                    Buckets: 131072  Batches: 32  Memory Usage: 3298kB
                    ->  Seq Scan on title t  (cost=0.00..67604.59 rows=2065330 width=4) (actual time=0.023..1346.356 rows=2064552 loops=1)
                          Filter: (production_year < 2011)
                          Rows Removed by Filter: 463760
Planning time: 1.124 ms
Execution time: 82695.908 ms
