Seq Scan on cast_info ci  (cost=0.00..796071.18 rows=3602653 width=0) (actual time=4439.907..15407.959 rows=3738515 loops=1)
  Filter: ((person_id > 332395) AND (role_id = 3))
  Rows Removed by Filter: 32505829
Planning time: 0.384 ms
Execution time: 15864.966 ms
