Hash Join  (cost=76379.89..183166.14 rows=366370 width=0) (actual time=1283.637..3646.663 rows=171609 loops=1)
  Hash Cond: (mk.movie_id = t.id)
  ->  Seq Scan on movie_keyword mk  (cost=0.00..81003.12 rows=1732115 width=4) (actual time=0.024..1569.838 rows=1741914 loops=1)
        Filter: (keyword_id < 2847)
        Rows Removed by Filter: 2782016
  ->  Hash  (cost=67604.59..67604.59 rows=534824 width=4) (actual time=1282.478..1282.478 rows=533369 loops=1)
        Buckets: 131072  Batches: 8  Memory Usage: 3376kB
        ->  Seq Scan on title t  (cost=0.00..67604.59 rows=534824 width=4) (actual time=0.027..1109.743 rows=533369 loops=1)
              Filter: (production_year > 2009)
              Rows Removed by Filter: 1994943
Planning time: 0.749 ms
Execution time: 3664.282 ms
