Hash Join  (cost=102767.86..266956.27 rows=3046479 width=0) (actual time=1950.802..6904.288 rows=3030804 loops=1)
  Hash Cond: (mk.movie_id = t.id)
  ->  Seq Scan on movie_keyword mk  (cost=0.00..81003.12 rows=3046479 width=4) (actual time=0.037..1734.502 rows=3030804 loops=1)
        Filter: (keyword_id > 2134)
        Rows Removed by Filter: 1493126
  ->  Hash  (cost=61283.27..61283.27 rows=2528527 width=4) (actual time=1949.804..1949.804 rows=2528312 loops=1)
        Buckets: 131072  Batches: 64  Memory Usage: 2425kB
        ->  Seq Scan on title t  (cost=0.00..61283.27 rows=2528527 width=4) (actual time=0.016..1075.486 rows=2528312 loops=1)
Planning time: 0.703 ms
Execution time: 7247.632 ms
