Hash Join  (cost=74657.14..442723.05 rows=340998 width=0) (actual time=1216.903..10058.786 rows=145880 loops=1)
  Hash Cond: (mi.movie_id = t.id)
  ->  Seq Scan on movie_info mi  (cost=0.00..309384.22 rows=14739122 width=4) (actual time=0.024..4509.432 rows=14835720 loops=1)
  ->  Hash  (cost=73925.90..73925.90 rows=58499 width=4) (actual time=1216.042..1216.042 rows=62752 loops=1)
        Buckets: 65536  Batches: 1  Memory Usage: 2719kB
        ->  Seq Scan on title t  (cost=0.00..73925.90 rows=58499 width=4) (actual time=162.643..1189.286 rows=62752 loops=1)
              Filter: ((kind_id = 7) AND (production_year = 2005))
              Rows Removed by Filter: 2465560
Planning time: 0.752 ms
Execution time: 10078.741 ms
