Hash Join  (cost=75389.57..974288.28 rows=571368 width=0) (actual time=5092.409..22447.441 rows=810541 loops=1)
  Hash Cond: (ci.movie_id = t.id)
  ->  Seq Scan on cast_info ci  (cost=0.00..705507.15 rows=16201301 width=4) (actual time=3727.852..14957.507 rows=16121683 loops=1)
        Filter: (role_id > 2)
        Rows Removed by Filter: 20122661
  ->  Hash  (cost=73925.90..73925.90 rows=89173 width=4) (actual time=1363.562..1363.562 rows=96478 loops=1)
        Buckets: 131072  Batches: 2  Memory Usage: 2718kB
        ->  Seq Scan on title t  (cost=0.00..73925.90 rows=89173 width=4) (actual time=0.032..1326.363 rows=96478 loops=1)
              Filter: ((kind_id > 2) AND (production_year = 2009))
              Rows Removed by Filter: 2431834
Planning time: 0.759 ms
Execution time: 22552.024 ms
