Hash Join  (cost=80827.88..122460.14 rows=229578 width=0) (actual time=1390.534..2313.756 rows=110583 loops=1)
  Hash Cond: (mi_idx.movie_id = t.id)
  ->  Seq Scan on movie_info_idx mi_idx  (cost=0.00..21735.35 rows=1380035 width=4) (actual time=0.022..422.849 rows=1380035 loops=1)
  ->  Hash  (cost=73925.90..73925.90 rows=420638 width=4) (actual time=1265.489..1265.489 rows=301535 loops=1)
        Buckets: 131072  Batches: 8  Memory Usage: 2337kB
        ->  Seq Scan on title t  (cost=0.00..73925.90 rows=420638 width=4) (actual time=0.018..1171.429 rows=301535 loops=1)
              Filter: ((production_year < 1990) AND (kind_id = 7))
              Rows Removed by Filter: 2226777
Planning time: 0.743 ms
Execution time: 2325.564 ms
