Hash Join  (cost=73983.02..160722.80 rows=8175 width=0) (actual time=1097.275..3088.585 rows=5959 loops=1)
  Hash Cond: (mk.movie_id = t.id)
  ->  Seq Scan on movie_keyword mk  (cost=0.00..69693.30 rows=4523930 width=4) (actual time=0.012..1135.234 rows=4523930 loops=1)
  ->  Hash  (cost=73925.90..73925.90 rows=4569 width=4) (actual time=1092.018..1092.018 rows=8185 loops=1)
        Buckets: 8192  Batches: 1  Memory Usage: 352kB
        ->  Seq Scan on title t  (cost=0.00..73925.90 rows=4569 width=4) (actual time=0.027..1088.123 rows=8185 loops=1)
              Filter: ((kind_id > 4) AND (production_year = 1982))
              Rows Removed by Filter: 2520127
Planning time: 0.615 ms
Execution time: 3089.601 ms
