Seq Scan on movie_companies mc  (cost=0.00..57926.93 rows=954669 width=0) (actual time=78.155..1056.077 rows=642897 loops=1)
  Filter: ((company_id < 38731) AND (company_type_id = 2))
  Rows Removed by Filter: 1966232
Planning time: 0.386 ms
Execution time: 1130.991 ms
