Hash Join  (cost=69928.56..832610.39 rows=261559 width=0) (actual time=3554.674..16619.395 rows=357757 loops=1)
  Hash Cond: (ci.movie_id = t.id)
  ->  Seq Scan on cast_info ci  (cost=0.00..705507.15 rows=4670689 width=4) (actual time=2433.864..13359.492 rows=4639136 loops=1)
        Filter: (role_id > 9)
        Rows Removed by Filter: 31605208
  ->  Hash  (cost=67604.59..67604.59 rows=141598 width=4) (actual time=1119.794..1119.794 rows=141703 loops=1)
        Buckets: 131072  Batches: 2  Memory Usage: 3511kB
        ->  Seq Scan on title t  (cost=0.00..67604.59 rows=141598 width=4) (actual time=0.032..1066.830 rows=141703 loops=1)
              Filter: (production_year = 2010)
              Rows Removed by Filter: 2386609
Planning time: 0.723 ms
Execution time: 16667.381 ms
