Hash Join  (cost=136317.78..266781.94 rows=694513 width=0) (actual time=2950.679..7648.642 rows=5622093 loops=1)
  Hash Cond: (mk.movie_id = t.id)
  ->  Seq Scan on movie_keyword mk  (cost=0.00..69693.30 rows=4523930 width=4) (actual time=0.022..1494.372 rows=4523930 loops=1)
  ->  Hash  (cost=129948.54..129948.54 rows=388179 width=8) (actual time=2949.097..2949.097 rows=635171 loops=1)
        Buckets: 131072 (originally 131072)  Batches: 16 (originally 8)  Memory Usage: 3073kB
        ->  Hash Join  (cost=85595.27..129948.54 rows=388179 width=8) (actual time=1392.688..2751.771 rows=635171 loops=1)
              Hash Cond: (mi_idx.movie_id = t.id)
              ->  Seq Scan on movie_info_idx mi_idx  (cost=0.00..21735.35 rows=1380035 width=4) (actual time=0.020..469.120 rows=1380035 loops=1)
              ->  Hash  (cost=73925.90..73925.90 rows=711229 width=4) (actual time=1391.781..1391.781 rows=612155 loops=1)
                    Buckets: 131072  Batches: 16  Memory Usage: 2368kB
                    ->  Seq Scan on title t  (cost=0.00..73925.90 rows=711229 width=4) (actual time=0.023..1207.896 rows=612155 loops=1)
                          Filter: ((kind_id < 7) AND (production_year > 1987))
                          Rows Removed by Filter: 1916157
Planning time: 3.147 ms
Execution time: 8266.159 ms
