Seq Scan on cast_info ci  (cost=0.00..796071.18 rows=7390260 width=0) (actual time=1878.184..13715.041 rows=11382174 loops=1)
  Filter: ((person_id > 2560908) AND (role_id > 1))
  Rows Removed by Filter: 24862170
Planning time: 0.350 ms
Execution time: 15101.071 ms
