Hash Join  (cost=94973.51..161747.46 rows=79187 width=0) (actual time=2046.451..3174.754 rows=32552 loops=1)
  Hash Cond: (mc.movie_id = t.id)
  ->  Seq Scan on movie_companies mc  (cost=0.00..57926.93 rows=120029 width=4) (actual time=0.039..875.699 rows=54390 loops=1)
        Filter: ((company_id < 93) AND (company_type_id > 1))
        Rows Removed by Filter: 2554739
  ->  Hash  (cost=67604.59..67604.59 rows=1668154 width=4) (actual time=2000.904..2000.904 rows=1674098 loops=1)
        Buckets: 131072  Batches: 32  Memory Usage: 2869kB
        ->  Seq Scan on title t  (cost=0.00..67604.59 rows=1668154 width=4) (actual time=0.019..1464.226 rows=1674098 loops=1)
              Filter: (kind_id > 3)
              Rows Removed by Filter: 854214
Planning time: 0.805 ms
Execution time: 3178.906 ms
