Hash Join  (cost=83074.74..906074.24 rows=698 width=0) (actual time=1246.278..14882.161 rows=4404 loops=1)
  Hash Cond: (ci.movie_id = t.id)
  ->  Seq Scan on cast_info ci  (cost=0.00..796071.18 rows=7179023 width=4) (actual time=0.013..13155.155 rows=3071799 loops=1)
        Filter: ((person_id < 1079032) AND (role_id > 1))
        Rows Removed by Filter: 33172545
  ->  Hash  (cost=83071.67..83071.67 rows=246 width=8) (actual time=1246.133..1246.133 rows=735 loops=1)
        Buckets: 1024  Batches: 1  Memory Usage: 37kB
        ->  Nested Loop  (cost=0.43..83071.67 rows=246 width=8) (actual time=4.361..1245.584 rows=735 loops=1)
              ->  Seq Scan on movie_keyword mk  (cost=0.00..81003.12 rows=246 width=4) (actual time=4.305..1225.101 rows=735 loops=1)
                    Filter: (keyword_id = 4471)
                    Rows Removed by Filter: 4523195
              ->  Index Only Scan using title_pkey on title t  (cost=0.43..8.40 rows=1 width=4) (actual time=0.026..0.026 rows=1 loops=735)
                    Index Cond: (id = mk.movie_id)
                    Heap Fetches: 735
Planning time: 2.301 ms
Execution time: 14883.555 ms
