Hash Join  (cost=52285.18..138944.96 rows=175 width=0) (actual time=1117.298..2854.266 rows=10 loops=1)
  Hash Cond: (mk.movie_id = t.id)
  ->  Seq Scan on movie_keyword mk  (cost=0.00..69693.30 rows=4523930 width=4) (actual time=0.019..1168.823 rows=4523930 loops=1)
  ->  Hash  (cost=52283.95..52283.95 rows=98 width=8) (actual time=890.631..890.631 rows=586 loops=1)
        Buckets: 1024  Batches: 1  Memory Usage: 31kB
        ->  Nested Loop  (cost=0.43..52283.95 rows=98 width=8) (actual time=179.551..890.303 rows=586 loops=1)
              ->  Seq Scan on movie_companies mc  (cost=0.00..51404.11 rows=104 width=4) (actual time=179.478..873.422 rows=586 loops=1)
                    Filter: (company_id = 91850)
                    Rows Removed by Filter: 2608543
              ->  Index Scan using title_pkey on title t  (cost=0.43..8.45 rows=1 width=4) (actual time=0.028..0.028 rows=1 loops=586)
                    Index Cond: (id = mc.movie_id)
                    Filter: (production_year < 2013)
Planning time: 1.159 ms
Execution time: 2854.422 ms
