Hash Join  (cost=175027.18..265296.59 rows=843640 width=0) (actual time=4186.577..7339.752 rows=2440498 loops=1)
  Hash Cond: (mc.movie_id = t.id)
  ->  Seq Scan on movie_companies mc  (cost=0.00..51404.11 rows=2321038 width=4) (actual time=0.016..1179.794 rows=2326253 loops=1)
        Filter: (company_id > 150)
        Rows Removed by Filter: 282876
  ->  Hash  (cost=159947.97..159947.97 rows=919057 width=8) (actual time=4185.468..4185.468 rows=920110 loops=1)
        Buckets: 131072  Batches: 16  Memory Usage: 3269kB
        ->  Hash Join  (cost=102767.86..159947.97 rows=919057 width=8) (actual time=2242.813..3921.034 rows=920110 loops=1)
              Hash Cond: (mi_idx.movie_id = t.id)
              ->  Seq Scan on movie_info_idx mi_idx  (cost=0.00..25185.44 rows=919057 width=4) (actual time=0.021..523.847 rows=920110 loops=1)
                    Filter: (info_type_id > 99)
                    Rows Removed by Filter: 459925
              ->  Hash  (cost=61283.27..61283.27 rows=2528527 width=4) (actual time=2240.969..2240.969 rows=2528312 loops=1)
                    Buckets: 131072  Batches: 64  Memory Usage: 2415kB
                    ->  Seq Scan on title t  (cost=0.00..61283.27 rows=2528527 width=4) (actual time=0.008..1160.471 rows=2528312 loops=1)
Planning time: 1.125 ms
Execution time: 7638.143 ms
