Seq Scan on movie_keyword mk  (cost=0.00..81003.12 rows=246 width=0) (actual time=0.169..1166.506 rows=255 loops=1)
  Filter: (keyword_id = 11506)
  Rows Removed by Filter: 4523675
Planning time: 0.378 ms
Execution time: 1166.749 ms
