Hash Join  (cost=83743.23..218788.62 rows=1070535 width=0) (actual time=1329.571..5788.191 rows=1854986 loops=1)
  Hash Cond: (mk.movie_id = t.id)
  ->  Seq Scan on movie_keyword mk  (cost=0.00..69693.30 rows=4523930 width=4) (actual time=0.025..1435.721 rows=4523930 loops=1)
  ->  Hash  (cost=73925.90..73925.90 rows=598346 width=4) (actual time=1328.539..1328.539 rows=507407 loops=1)
        Buckets: 131072  Batches: 8  Memory Usage: 3259kB
        ->  Seq Scan on title t  (cost=0.00..73925.90 rows=598346 width=4) (actual time=0.027..1165.426 rows=507407 loops=1)
              Filter: ((kind_id < 7) AND (production_year > 1997))
              Rows Removed by Filter: 2020905
Planning time: 0.687 ms
Execution time: 6012.405 ms
