Seq Scan on cast_info ci  (cost=0.00..796071.18 rows=677166 width=0) (actual time=7408.719..11751.265 rows=2611609 loops=1)
  Filter: ((person_id > 3073215) AND (role_id = 10))
  Rows Removed by Filter: 33632735
Planning time: 0.375 ms
Execution time: 12067.775 ms
