Seq Scan on movie_companies mc  (cost=0.00..57926.93 rows=602850 width=0) (actual time=101.825..872.318 rows=388485 loops=1)
  Filter: ((company_id < 10094) AND (company_type_id > 1))
  Rows Removed by Filter: 2220644
Planning time: 0.356 ms
Execution time: 914.061 ms
