Seq Scan on cast_info ci  (cost=0.00..705507.15 rows=500 width=0) (actual time=7356.574..11008.658 rows=1 loops=1)
  Filter: (person_id = 1714578)
  Rows Removed by Filter: 36244343
Planning time: 0.366 ms
Execution time: 11008.764 ms
