Seq Scan on movie_companies mc  (cost=0.00..51404.11 rows=1992019 width=0) (actual time=0.013..692.709 rows=1988018 loops=1)
  Filter: (company_id < 61985)
  Rows Removed by Filter: 621111
Planning time: 2.865 ms
Execution time: 887.761 ms
