Seq Scan on movie_companies mc  (cost=0.00..57926.93 rows=634846 width=0) (actual time=0.024..1009.240 rows=394246 loops=1)
  Filter: ((company_id > 11319) AND (company_type_id < 2))
  Rows Removed by Filter: 2214883
Planning time: 0.337 ms
Execution time: 1057.639 ms
