Hash Join  (cost=94978.31..245472.29 rows=2140634 width=0) (actual time=1855.007..6021.259 rows=2602508 loops=1)
  Hash Cond: (mk.movie_id = t.id)
  ->  Seq Scan on movie_keyword mk  (cost=0.00..81003.12 rows=3244103 width=4) (actual time=0.026..1722.256 rows=3234601 loops=1)
        Filter: (keyword_id < 13709)
        Rows Removed by Filter: 1289329
  ->  Hash  (cost=67604.59..67604.59 rows=1668458 width=4) (actual time=1853.882..1853.882 rows=1671292 loops=1)
        Buckets: 131072  Batches: 32  Memory Usage: 2866kB
        ->  Seq Scan on title t  (cost=0.00..67604.59 rows=1668458 width=4) (actual time=0.017..1292.812 rows=1671292 loops=1)
              Filter: (production_year < 2008)
              Rows Removed by Filter: 857020
Planning time: 0.556 ms
Execution time: 6333.113 ms
