Hash Join  (cost=80135.37..210387.23 rows=677083 width=0) (actual time=1375.911..4674.043 rows=1111554 loops=1)
  Hash Cond: (mk.movie_id = t.id)
  ->  Seq Scan on movie_keyword mk  (cost=0.00..69693.30 rows=4523930 width=4) (actual time=0.022..1277.014 rows=4523930 loops=1)
  ->  Hash  (cost=73925.90..73925.90 rows=378437 width=4) (actual time=1374.999..1374.999 rows=282115 loops=1)
        Buckets: 131072  Batches: 8  Memory Usage: 2273kB
        ->  Seq Scan on title t  (cost=0.00..73925.90 rows=378437 width=4) (actual time=14.053..872.331 rows=282115 loops=1)
              Filter: ((production_year > 1999) AND (kind_id = 1))
              Rows Removed by Filter: 2246197
Planning time: 0.764 ms
Execution time: 4797.502 ms
