Hash Join  (cost=86178.74..130865.08 rows=407586 width=0) (actual time=1434.214..2802.636 rows=684373 loops=1)
  Hash Cond: (mi_idx.movie_id = t.id)
  ->  Seq Scan on movie_info_idx mi_idx  (cost=0.00..21735.35 rows=1380035 width=4) (actual time=0.024..477.525 rows=1380035 loops=1)
  ->  Hash  (cost=73925.90..73925.90 rows=746787 width=4) (actual time=1433.432..1433.432 rows=650324 loops=1)
        Buckets: 131072  Batches: 16  Memory Usage: 2453kB
        ->  Seq Scan on title t  (cost=0.00..73925.90 rows=746787 width=4) (actual time=0.027..1226.293 rows=650324 loops=1)
              Filter: ((kind_id < 7) AND (production_year > 1982))
              Rows Removed by Filter: 1877988
Planning time: 0.728 ms
Execution time: 2881.479 ms
