Seq Scan on movie_keyword mk  (cost=0.00..81003.12 rows=3144456 width=0) (actual time=0.021..1487.743 rows=3128816 loops=1)
  Filter: (keyword_id < 12009)
  Rows Removed by Filter: 1395114
Planning time: 0.318 ms
Execution time: 1885.980 ms
