Hash Join  (cost=192374.81..705686.06 rows=3140032 width=0) (actual time=4063.404..24425.647 rows=27022513 loops=1)
  Hash Cond: (mi.movie_id = t.id)
  ->  Seq Scan on movie_info mi  (cost=0.00..309384.22 rows=14739122 width=4) (actual time=0.003..6136.395 rows=14835720 loops=1)
  ->  Hash  (cost=183536.33..183536.33 rows=538679 width=8) (actual time=4062.672..4062.672 rows=747319 loops=1)
        Buckets: 131072 (originally 131072)  Batches: 16 (originally 8)  Memory Usage: 3073kB
        ->  Hash Join  (cost=102767.86..183536.33 rows=538679 width=8) (actual time=1862.998..3862.227 rows=747319 loops=1)
              Hash Cond: (mc.movie_id = t.id)
              ->  Seq Scan on movie_companies mc  (cost=0.00..57926.93 rows=538679 width=4) (actual time=31.108..1063.516 rows=747319 loops=1)
                    Filter: ((company_id < 7275) AND (company_type_id = 1))
                    Rows Removed by Filter: 1861810
              ->  Hash  (cost=61283.27..61283.27 rows=2528527 width=4) (actual time=1830.726..1830.726 rows=2528312 loops=1)
                    Buckets: 131072  Batches: 64  Memory Usage: 2415kB
                    ->  Seq Scan on title t  (cost=0.00..61283.27 rows=2528527 width=4) (actual time=0.013..971.328 rows=2528312 loops=1)
Planning time: 1.148 ms
Execution time: 27501.756 ms
