Hash Join  (cost=78556.72..209018.94 rows=870873 width=0) (actual time=1258.405..4953.316 rows=2120461 loops=1)
  Hash Cond: (mk.movie_id = t.id)
  ->  Seq Scan on movie_keyword mk  (cost=0.00..81003.12 rows=3298763 width=4) (actual time=0.022..1652.605 rows=3289605 loops=1)
        Filter: (keyword_id > 1559)
        Rows Removed by Filter: 1234325
  ->  Hash  (cost=67604.59..67604.59 rows=667531 width=4) (actual time=1257.252..1257.252 rows=662825 loops=1)
        Buckets: 131072  Batches: 16  Memory Usage: 2486kB
        ->  Seq Scan on title t  (cost=0.00..67604.59 rows=667531 width=4) (actual time=268.953..1045.530 rows=662825 loops=1)
              Filter: (kind_id = 1)
              Rows Removed by Filter: 1865487
Planning time: 0.779 ms
Execution time: 5203.401 ms
