Seq Scan on movie_companies mc  (cost=0.00..57926.93 rows=287100 width=0) (actual time=4.854..910.307 rows=146068 loops=1)
  Filter: ((company_id < 596) AND (company_type_id > 1))
  Rows Removed by Filter: 2463061
Planning time: 0.288 ms
Execution time: 927.369 ms
