Seq Scan on cast_info ci  (cost=0.00..705507.15 rows=15203245 width=0) (actual time=0.017..11979.196 rows=15078613 loops=1)
  Filter: (person_id < 1487801)
  Rows Removed by Filter: 21165731
Planning time: 0.332 ms
Execution time: 13867.615 ms
