Hash Join  (cost=102767.86..249843.15 rows=2335272 width=0) (actual time=2330.700..6259.610 rows=2335015 loops=1)
  Hash Cond: (mk.movie_id = t.id)
  ->  Seq Scan on movie_keyword mk  (cost=0.00..81003.12 rows=2335272 width=4) (actual time=0.025..1783.542 rows=2335015 loops=1)
        Filter: (keyword_id < 5161)
        Rows Removed by Filter: 2188915
  ->  Hash  (cost=61283.27..61283.27 rows=2528527 width=4) (actual time=2329.774..2329.774 rows=2528312 loops=1)
        Buckets: 131072  Batches: 64  Memory Usage: 2425kB
        ->  Seq Scan on title t  (cost=0.00..61283.27 rows=2528527 width=4) (actual time=0.010..1152.664 rows=2528312 loops=1)
Planning time: 0.709 ms
Execution time: 6536.110 ms
