Hash Join  (cost=82778.48..552463.55 rows=1890560 width=0) (actual time=1771.352..12718.414 rows=904638 loops=1)
  Hash Cond: (mi.movie_id = t.id)
  ->  Seq Scan on movie_info mi  (cost=0.00..346232.03 rows=8859586 width=4) (actual time=357.242..6666.599 rows=8966694 loops=1)
        Filter: (info_type_id < 15)
        Rows Removed by Filter: 5869026
  ->  Hash  (cost=73925.90..73925.90 rows=539566 width=4) (actual time=1413.224..1413.224 rows=428248 loops=1)
        Buckets: 131072  Batches: 8  Memory Usage: 2896kB
        ->  Seq Scan on title t  (cost=0.00..73925.90 rows=539566 width=4) (actual time=0.029..1263.540 rows=428248 loops=1)
              Filter: ((production_year < 1997) AND (kind_id = 7))
              Rows Removed by Filter: 2100064
Planning time: 0.756 ms
Execution time: 12824.410 ms
