Hash Join  (cost=263115.61..438945.76 rows=3581946 width=0) (actual time=5998.991..16098.096 rows=27807877 loops=1)
  Hash Cond: (mk.movie_id = t.id)
  ->  Seq Scan on movie_keyword mk  (cost=0.00..81003.12 rows=3471291 width=4) (actual time=0.025..1798.320 rows=3463809 loops=1)
        Filter: (keyword_id > 1057)
        Rows Removed by Filter: 1060121
  ->  Hash  (cost=220309.49..220309.49 rows=2609129 width=8) (actual time=5998.021..5998.021 rows=2609129 loops=1)
        Buckets: 131072  Batches: 64  Memory Usage: 2691kB
        ->  Hash Join  (cost=102767.86..220309.49 rows=2609129 width=8) (actual time=1876.879..5235.928 rows=2609129 loops=1)
              Hash Cond: (mc.movie_id = t.id)
              ->  Seq Scan on movie_companies mc  (cost=0.00..44881.29 rows=2609129 width=4) (actual time=0.010..856.355 rows=2609129 loops=1)
              ->  Hash  (cost=61283.27..61283.27 rows=2528527 width=4) (actual time=1875.382..1875.382 rows=2528312 loops=1)
                    Buckets: 131072  Batches: 64  Memory Usage: 2415kB
                    ->  Seq Scan on title t  (cost=0.00..61283.27 rows=2528527 width=4) (actual time=0.013..1061.213 rows=2528312 loops=1)
Planning time: 1.149 ms
Execution time: 19316.711 ms
