Seq Scan on movie_companies mc  (cost=0.00..51404.11 rows=1603845 width=0) (actual time=0.025..893.435 rows=1601287 loops=1)
  Filter: (company_id > 4883)
  Rows Removed by Filter: 1007842
Planning time: 0.292 ms
Execution time: 1085.070 ms
