Seq Scan on cast_info ci  (cost=0.00..796071.18 rows=1554481 width=0) (actual time=3583.522..11015.904 rows=2448682 loops=1)
  Filter: ((person_id > 3585522) AND (role_id > 1))
  Rows Removed by Filter: 33795662
Planning time: 0.321 ms
Execution time: 11324.376 ms
