Hash Join  (cost=117382.03..602981.67 rows=542971 width=0) (actual time=2493.023..15549.325 rows=4078884 loops=1)
  Hash Cond: (mi.movie_id = t.id)
  ->  Seq Scan on movie_info mi  (cost=0.00..309384.22 rows=14739122 width=4) (actual time=1.881..5973.813 rows=14835720 loops=1)
  ->  Hash  (cost=115853.68..115853.68 rows=93148 width=8) (actual time=2490.277..2490.277 rows=219046 loops=1)
        Buckets: 131072 (originally 131072)  Batches: 4 (originally 2)  Memory Usage: 3175kB
        ->  Hash Join  (cost=78149.13..115853.68 rows=93148 width=8) (actual time=1312.028..2412.334 rows=219046 loops=1)
              Hash Cond: (mi_idx.movie_id = t.id)
              ->  Seq Scan on movie_info_idx mi_idx  (cost=0.00..25185.44 rows=915101 width=4) (actual time=0.016..518.973 rows=919850 loops=1)
                    Filter: (info_type_id < 101)
                    Rows Removed by Filter: 460185
              ->  Hash  (cost=73925.90..73925.90 rows=257378 width=4) (actual time=1311.051..1311.051 rows=370676 loops=1)
                    Buckets: 131072 (originally 131072)  Batches: 8 (originally 4)  Memory Usage: 3073kB
                    ->  Seq Scan on title t  (cost=0.00..73925.90 rows=257378 width=4) (actual time=0.020..1182.959 rows=370676 loops=1)
                          Filter: ((kind_id < 6) AND (production_year < 1989))
                          Rows Removed by Filter: 2157636
Planning time: 1.222 ms
Execution time: 16019.741 ms
