Seq Scan on movie_keyword mk  (cost=0.00..81003.12 rows=2970760 width=0) (actual time=0.020..1425.291 rows=2956488 loops=1)
  Filter: (keyword_id < 9998)
  Rows Removed by Filter: 1567442
Planning time: 0.282 ms
Execution time: 1790.847 ms
