Seq Scan on movie_companies mc  (cost=0.00..57926.93 rows=140407 width=0) (actual time=311.958..815.615 rows=277358 loops=1)
  Filter: ((company_id > 96316) AND (company_type_id > 1))
  Rows Removed by Filter: 2331771
Planning time: 0.298 ms
Execution time: 850.921 ms
