Hash Join  (cost=104131.46..269026.08 rows=3062690 width=0) (actual time=2320.546..6637.940 rows=3338990 loops=1)
  Hash Cond: (mk.movie_id = t.id)
  ->  Seq Scan on movie_keyword mk  (cost=0.00..81003.12 rows=3478319 width=4) (actual time=0.023..1703.709 rows=3476378 loops=1)
        Filter: (keyword_id > 1043)
        Rows Removed by Filter: 1047552
  ->  Hash  (cost=67604.59..67604.59 rows=2226390 width=4) (actual time=2318.742..2318.742 rows=2224569 loops=1)
        Buckets: 131072  Batches: 32  Memory Usage: 3472kB
        ->  Seq Scan on title t  (cost=0.00..67604.59 rows=2226390 width=4) (actual time=0.021..1354.601 rows=2224569 loops=1)
              Filter: (production_year < 2012)
              Rows Removed by Filter: 303743
Planning time: 0.712 ms
Execution time: 6983.699 ms
