Hash Join  (cost=73994.33..102646.13 rows=1990 width=0) (actual time=1197.110..1871.606 rows=3706 loops=1)
  Hash Cond: (mi_idx.movie_id = t.id)
  ->  Seq Scan on movie_info_idx mi_idx  (cost=0.00..25185.44 rows=919057 width=4) (actual time=0.017..504.459 rows=920110 loops=1)
        Filter: (info_type_id > 99)
        Rows Removed by Filter: 459925
  ->  Hash  (cost=73925.90..73925.90 rows=5474 width=4) (actual time=1196.680..1196.680 rows=10548 loops=1)
        Buckets: 16384 (originally 8192)  Batches: 1 (originally 1)  Memory Usage: 499kB
        ->  Seq Scan on title t  (cost=0.00..73925.90 rows=5474 width=4) (actual time=0.288..1191.352 rows=10548 loops=1)
              Filter: ((kind_id > 1) AND (production_year = 1967))
              Rows Removed by Filter: 2517764
Planning time: 0.667 ms
Execution time: 1872.277 ms
