Hash Join  (cost=101399.47..703781.60 rows=9761030 width=0) (actual time=2025.668..17553.563 rows=5656853 loops=1)
  Hash Cond: (mi.movie_id = t.id)
  ->  Seq Scan on movie_info mi  (cost=0.00..309384.22 rows=14739122 width=4) (actual time=0.026..5900.024 rows=14835720 loops=1)
  ->  Hash  (cost=73925.90..73925.90 rows=1674525 width=4) (actual time=2024.538..2024.538 rows=1666241 loops=1)
        Buckets: 131072  Batches: 32  Memory Usage: 2863kB
        ->  Seq Scan on title t  (cost=0.00..73925.90 rows=1674525 width=4) (actual time=0.014..1464.370 rows=1666241 loops=1)
              Filter: ((kind_id > 2) AND (production_year < 2013))
              Rows Removed by Filter: 862071
Planning time: 0.716 ms
Execution time: 18212.951 ms
