Hash Join  (cost=73986.94..100924.07 rows=2665 width=0) (actual time=1096.607..1684.080 rows=6435 loops=1)
  Hash Cond: (mi_idx.movie_id = t.id)
  ->  Seq Scan on movie_info_idx mi_idx  (cost=0.00..21735.35 rows=1380035 width=4) (actual time=0.016..304.269 rows=1380035 loops=1)
  ->  Hash  (cost=73925.90..73925.90 rows=4883 width=4) (actual time=1096.473..1096.473 rows=9263 loops=1)
        Buckets: 16384 (originally 8192)  Batches: 1 (originally 1)  Memory Usage: 454kB
        ->  Seq Scan on title t  (cost=0.00..73925.90 rows=4883 width=4) (actual time=0.164..1092.205 rows=9263 loops=1)
              Filter: ((kind_id = 4) AND (production_year = 2006))
              Rows Removed by Filter: 2519049
Planning time: 0.593 ms
Execution time: 1685.247 ms
