Hash Join  (cost=83074.74..110004.13 rows=45 width=0) (actual time=1417.968..1903.624 rows=1563 loops=1)
  Hash Cond: (mi_idx.movie_id = t.id)
  ->  Seq Scan on movie_info_idx mi_idx  (cost=0.00..25185.44 rows=464934 width=4) (actual time=0.019..414.504 rows=460185 loops=1)
        Filter: (info_type_id > 100)
        Rows Removed by Filter: 919850
  ->  Hash  (cost=83071.67..83071.67 rows=246 width=8) (actual time=1416.884..1416.884 rows=2023 loops=1)
        Buckets: 2048 (originally 1024)  Batches: 1 (originally 1)  Memory Usage: 96kB
        ->  Nested Loop  (cost=0.43..83071.67 rows=246 width=8) (actual time=0.201..1415.380 rows=2023 loops=1)
              ->  Seq Scan on movie_keyword mk  (cost=0.00..81003.12 rows=246 width=4) (actual time=0.147..1317.305 rows=2023 loops=1)
                    Filter: (keyword_id = 1322)
                    Rows Removed by Filter: 4521907
              ->  Index Only Scan using title_pkey on title t  (cost=0.43..8.40 rows=1 width=4) (actual time=0.047..0.047 rows=1 loops=2023)
                    Index Cond: (id = mk.movie_id)
                    Heap Fetches: 2023
Planning time: 1.140 ms
Execution time: 1904.094 ms
