Nested Loop  (cost=0.43..70305.04 rows=522 width=0) (actual time=119.580..908.916 rows=265 loops=1)
  ->  Seq Scan on movie_companies mc  (cost=0.00..57926.93 rows=1535 width=4) (actual time=119.524..883.448 rows=340 loops=1)
        Filter: ((company_type_id < 2) AND (company_id = 677))
        Rows Removed by Filter: 2608789
  ->  Index Scan using title_pkey on title t  (cost=0.43..8.05 rows=1 width=4) (actual time=0.073..0.073 rows=1 loops=340)
        Index Cond: (id = mc.movie_id)
        Filter: (kind_id < 4)
        Rows Removed by Filter: 0
Planning time: 8.831 ms
Execution time: 909.141 ms
