Seq Scan on title t  (cost=0.00..73925.90 rows=448373 width=0) (actual time=0.026..1032.051 rows=329492 loops=1)
  Filter: ((production_year < 1992) AND (kind_id = 7))
  Rows Removed by Filter: 2198820
Planning time: 0.349 ms
Execution time: 1077.060 ms
