Seq Scan on movie_companies mc  (cost=0.00..51404.11 rows=104 width=0) (actual time=329.455..626.774 rows=205 loops=1)
  Filter: (company_id = 84677)
  Rows Removed by Filter: 2608924
Planning time: 0.346 ms
Execution time: 626.862 ms
