Hash Join  (cost=73982.55..882409.62 rows=5878 width=0) (actual time=3737.465..14381.395 rows=3009 loops=1)
  Hash Cond: (ci.movie_id = t.id)
  ->  Seq Scan on cast_info ci  (cost=0.00..796071.18 rows=3279228 width=4) (actual time=2643.230..12409.921 rows=5478264 loops=1)
        Filter: ((person_id > 1989538) AND (role_id = 2))
        Rows Removed by Filter: 30766080
  ->  Hash  (cost=73925.90..73925.90 rows=4532 width=4) (actual time=1089.357..1089.357 rows=3303 loops=1)
        Buckets: 8192  Batches: 1  Memory Usage: 181kB
        ->  Seq Scan on title t  (cost=0.00..73925.90 rows=4532 width=4) (actual time=3.937..1087.528 rows=3303 loops=1)
              Filter: ((kind_id = 7) AND (production_year = 1952))
              Rows Removed by Filter: 2525009
Planning time: 0.744 ms
Execution time: 14382.348 ms
