Seq Scan on movie_companies mc  (cost=0.00..51404.11 rows=1199324 width=0) (actual time=0.028..884.617 rows=1190919 loops=1)
  Filter: (company_id < 10584)
  Rows Removed by Filter: 1418210
Planning time: 0.285 ms
Execution time: 1030.618 ms
