Hash Join  (cost=249382.35..1259647.95 rows=9099228 width=0) (actual time=6868.839..45683.860 rows=69681355 loops=1)
  Hash Cond: (ci.movie_id = t.id)
  ->  Seq Scan on cast_info ci  (cost=0.00..705507.15 rows=16252434 width=4) (actual time=0.015..14030.896 rows=16122236 loops=1)
        Filter: (person_id < 1597124)
        Rows Removed by Filter: 20122108
  ->  Hash  (cost=226156.81..226156.81 rows=1415643 width=8) (actual time=6867.296..6867.296 rows=2842356 loops=1)
        Buckets: 131072 (originally 131072)  Batches: 64 (originally 32)  Memory Usage: 3073kB
        ->  Hash Join  (cost=86907.34..226156.81 rows=1415643 width=8) (actual time=1490.389..6055.023 rows=2842356 loops=1)
              Hash Cond: (mk.movie_id = t.id)
              ->  Seq Scan on movie_keyword mk  (cost=0.00..69693.30 rows=4523930 width=4) (actual time=0.017..1455.985 rows=4523930 loops=1)
              ->  Hash  (cost=73925.90..73925.90 rows=791235 width=4) (actual time=1488.173..1488.173 rows=701949 loops=1)
                    Buckets: 131072  Batches: 16  Memory Usage: 2575kB
                    ->  Seq Scan on title t  (cost=0.00..73925.90 rows=791235 width=4) (actual time=0.024..1256.878 rows=701949 loops=1)
                          Filter: ((kind_id < 7) AND (production_year > 1974))
                          Rows Removed by Filter: 1826363
Planning time: 1.125 ms
Execution time: 53174.624 ms
