Hash Join  (cost=73962.22..825167.57 rows=41619 width=0) (actual time=1198.026..16526.872 rows=51878 loops=1)
  Hash Cond: (ci.movie_id = t.id)
  ->  Seq Scan on cast_info ci  (cost=0.00..614943.12 rows=36225612 width=4) (actual time=0.017..7961.735 rows=36244344 loops=1)
  ->  Hash  (cost=73925.90..73925.90 rows=2905 width=4) (actual time=1197.930..1197.930 rows=2748 loops=1)
        Buckets: 4096  Batches: 1  Memory Usage: 129kB
        ->  Seq Scan on title t  (cost=0.00..73925.90 rows=2905 width=4) (actual time=0.068..1196.334 rows=2748 loops=1)
              Filter: ((kind_id < 7) AND (production_year = 1951))
              Rows Removed by Filter: 2525564
Planning time: 0.705 ms
Execution time: 16537.781 ms
