Hash Join  (cost=100930.24..187603.17 rows=1490 width=0) (actual time=2883.855..3473.285 rows=2773 loops=1)
  Hash Cond: (mk.movie_id = t.id)
  ->  Seq Scan on movie_keyword mk  (cost=0.00..69693.30 rows=4523930 width=4) (actual time=0.023..1007.562 rows=4523930 loops=1)
  ->  Hash  (cost=100919.82..100919.82 rows=833 width=8) (actual time=1675.659..1675.659 rows=685 loops=1)
        Buckets: 1024  Batches: 1  Memory Usage: 35kB
        ->  Hash Join  (cost=73982.55..100919.82 rows=833 width=8) (actual time=1285.957..1675.284 rows=685 loops=1)
              Hash Cond: (mi_idx.movie_id = t.id)
              ->  Seq Scan on movie_info_idx mi_idx  (cost=0.00..25185.44 rows=464934 width=4) (actual time=0.025..459.371 rows=460185 loops=1)
                    Filter: (info_type_id > 100)
                    Rows Removed by Filter: 919850
              ->  Hash  (cost=73925.90..73925.90 rows=4532 width=4) (actual time=1122.116..1122.116 rows=8269 loops=1)
                    Buckets: 16384 (originally 8192)  Batches: 1 (originally 1)  Memory Usage: 419kB
                    ->  Seq Scan on title t  (cost=0.00..73925.90 rows=4532 width=4) (actual time=25.270..1117.958 rows=8269 loops=1)
                          Filter: ((kind_id = 7) AND (production_year = 1971))
                          Rows Removed by Filter: 2520043
Planning time: 1.123 ms
Execution time: 3473.885 ms
