Seq Scan on movie_keyword mk  (cost=0.00..81003.12 rows=246 width=0) (actual time=7.909..1283.452 rows=199 loops=1)
  Filter: (keyword_id = 8540)
  Rows Removed by Filter: 4523731
Planning time: 0.300 ms
Execution time: 1283.666 ms
