Hash Join  (cost=914185.57..1069542.28 rows=522989 width=0) (actual time=22442.119..27017.304 rows=2472630 loops=1)
  Hash Cond: (mk.movie_id = t.id)
  ->  Seq Scan on movie_keyword mk  (cost=0.00..81003.12 rows=4438092 width=4) (actual time=0.021..1809.724 rows=4432115 loops=1)
        Filter: (keyword_id > 77)
        Rows Removed by Filter: 91815
  ->  Hash  (cost=909297.02..909297.02 rows=297964 width=8) (actual time=22438.489..22438.489 rows=341727 loops=1)
        Buckets: 131072 (originally 131072)  Batches: 8 (originally 4)  Memory Usage: 3073kB
        ->  Hash Join  (cost=68449.54..909297.02 rows=297964 width=8) (actual time=6442.003..21105.213 rows=341727 loops=1)
              Hash Cond: (ci.movie_id = t.id)
              ->  Seq Scan on cast_info ci  (cost=0.00..796071.18 rows=11145777 width=4) (actual time=5343.930..16224.599 rows=12670688 loops=1)
                    Filter: ((person_id < 3235002) AND (role_id < 2))
                    Rows Removed by Filter: 23573656
              ->  Hash  (cost=67604.59..67604.59 rows=67596 width=4) (actual time=1097.360..1097.360 rows=67777 loops=1)
                    Buckets: 131072  Batches: 1  Memory Usage: 3407kB
                    ->  Seq Scan on title t  (cost=0.00..67604.59 rows=67596 width=4) (actual time=0.025..1068.898 rows=67777 loops=1)
                          Filter: (production_year = 2003)
                          Rows Removed by Filter: 2460535
Planning time: 1.155 ms
Execution time: 27336.850 ms
