Seq Scan on movie_companies mc  (cost=0.00..51404.11 rows=104 width=0) (actual time=1.834..730.034 rows=32 loops=1)
  Filter: (company_id = 1248)
  Rows Removed by Filter: 2609097
Planning time: 0.307 ms
Execution time: 730.125 ms
