Seq Scan on movie_keyword mk  (cost=0.00..81003.12 rows=246 width=0) (actual time=23.601..1242.527 rows=37 loops=1)
  Filter: (keyword_id = 72203)
  Rows Removed by Filter: 4523893
Planning time: 0.318 ms
Execution time: 1242.644 ms
