Hash Join  (cost=83073.68..447733.21 rows=359 width=0) (actual time=1346.216..8147.518 rows=95914 loops=1)
  Hash Cond: (mi.movie_id = t.id)
  ->  Seq Scan on movie_info mi  (cost=0.00..309384.22 rows=14739122 width=4) (actual time=0.018..3982.842 rows=14835720 loops=1)
  ->  Hash  (cost=83072.90..83072.90 rows=62 width=8) (actual time=1346.006..1346.006 rows=1518 loops=1)
        Buckets: 2048 (originally 1024)  Batches: 1 (originally 1)  Memory Usage: 76kB
        ->  Nested Loop  (cost=0.43..83072.90 rows=62 width=8) (actual time=15.265..1344.863 rows=1518 loops=1)
              ->  Seq Scan on movie_keyword mk  (cost=0.00..81003.12 rows=246 width=4) (actual time=2.182..1250.349 rows=2478 loops=1)
                    Filter: (keyword_id = 2085)
                    Rows Removed by Filter: 4521452
              ->  Index Scan using title_pkey on title t  (cost=0.43..8.40 rows=1 width=4) (actual time=0.037..0.037 rows=1 loops=2478)
                    Index Cond: (id = mk.movie_id)
                    Filter: ((kind_id < 3) AND (production_year > 1968))
                    Rows Removed by Filter: 0
Planning time: 1.135 ms
Execution time: 8161.139 ms
