Seq Scan on movie_companies mc  (cost=0.00..51404.11 rows=1999960 width=0) (actual time=0.027..911.243 rows=1995388 loops=1)
  Filter: (company_id < 63881)
  Rows Removed by Filter: 613741
Planning time: 0.273 ms
Execution time: 1160.296 ms
