Hash Join  (cost=101143.55..194345.49 rows=28734 width=0) (actual time=1925.103..3976.884 rows=103193 loops=1)
  Hash Cond: (mk.movie_id = t.id)
  ->  Seq Scan on movie_keyword mk  (cost=0.00..81003.12 rows=3176395 width=4) (actual time=0.022..1522.689 rows=3157712 loops=1)
        Filter: (keyword_id > 1787)
        Rows Removed by Filter: 1366218
  ->  Hash  (cost=100857.63..100857.63 rows=22873 width=8) (actual time=1924.585..1924.585 rows=20111 loops=1)
        Buckets: 32768  Batches: 1  Memory Usage: 1042kB
        ->  Hash Join  (cost=69694.50..100857.63 rows=22873 width=8) (actual time=1252.689..1916.601 rows=20111 loops=1)
              Hash Cond: (mi_idx.movie_id = t.id)
              ->  Seq Scan on movie_info_idx mi_idx  (cost=0.00..25185.44 rows=454124 width=4) (actual time=0.017..453.875 rows=459925 loops=1)
                    Filter: (info_type_id = 100)
                    Rows Removed by Filter: 920110
              ->  Hash  (cost=67604.59..67604.59 rows=127353 width=4) (actual time=1251.520..1251.520 rows=128696 loops=1)
                    Buckets: 131072  Batches: 2  Memory Usage: 3284kB
                    ->  Seq Scan on title t  (cost=0.00..67604.59 rows=127353 width=4) (actual time=0.020..1203.710 rows=128696 loops=1)
                          Filter: (production_year = 2009)
                          Rows Removed by Filter: 2399616
Planning time: 1.191 ms
Execution time: 3990.629 ms
