Hash Join  (cost=128661.55..509818.32 rows=7446 width=0) (actual time=2075.109..9359.023 rows=337081 loops=1)
  Hash Cond: (mi.movie_id = t.id)
  ->  Seq Scan on movie_info mi  (cost=0.00..346232.03 rows=9293409 width=4) (actual time=0.019..5699.389 rows=9425200 loops=1)
        Filter: (info_type_id > 5)
        Rows Removed by Filter: 5410520
  ->  Hash  (cost=128636.23..128636.23 rows=2026 width=8) (actual time=2074.313..2074.313 rows=8734 loops=1)
        Buckets: 16384 (originally 2048)  Batches: 1 (originally 1)  Memory Usage: 470kB
        ->  Hash Join  (cost=73950.44..128636.23 rows=2026 width=8) (actual time=1150.750..2070.862 rows=8734 loops=1)
              Hash Cond: (mc.movie_id = t.id)
              ->  Seq Scan on movie_companies mc  (cost=0.00..44881.29 rows=2609129 width=4) (actual time=0.027..523.193 rows=2609129 loops=1)
              ->  Hash  (cost=73925.90..73925.90 rows=1963 width=4) (actual time=1060.277..1060.277 rows=4466 loops=1)
                    Buckets: 8192 (originally 2048)  Batches: 1 (originally 1)  Memory Usage: 222kB
                    ->  Seq Scan on title t  (cost=0.00..73925.90 rows=1963 width=4) (actual time=422.755..1058.198 rows=4466 loops=1)
                          Filter: ((kind_id = 1) AND (production_year = 1980))
                          Rows Removed by Filter: 2523846
Planning time: 1.138 ms
Execution time: 9398.165 ms
