Seq Scan on movie_companies mc  (cost=0.00..57926.93 rows=846951 width=0) (actual time=169.518..953.698 rows=653953 loops=1)
  Filter: ((company_id > 2589) AND (company_type_id < 2))
  Rows Removed by Filter: 1955176
Planning time: 0.302 ms
Execution time: 1037.478 ms
