Hash Join  (cost=106229.42..218030.09 rows=2429273 width=0) (actual time=2210.014..5555.448 rows=2382118 loops=1)
  Hash Cond: (mc.movie_id = t.id)
  ->  Seq Scan on movie_companies mc  (cost=0.00..44881.29 rows=2609129 width=4) (actual time=0.018..931.699 rows=2609129 loops=1)
  ->  Hash  (cost=67604.59..67604.59 rows=2354227 width=4) (actual time=2209.198..2209.198 rows=2349391 loops=1)
        Buckets: 131072  Batches: 32  Memory Usage: 3609kB
        ->  Seq Scan on title t  (cost=0.00..67604.59 rows=2354227 width=4) (actual time=0.016..1475.027 rows=2349391 loops=1)
              Filter: (production_year > 1926)
              Rows Removed by Filter: 178921
Planning time: 0.665 ms
Execution time: 5823.150 ms
