Hash Join  (cost=102767.86..1439645.06 rows=25828188 width=0) (actual time=1989.056..43354.078 rows=26023071 loops=1)
  Hash Cond: (ci.movie_id = t.id)
  ->  Seq Scan on cast_info ci  (cost=0.00..705507.15 rows=25828188 width=4) (actual time=0.015..15394.650 rows=26023071 loops=1)
        Filter: (person_id > 1005347)
        Rows Removed by Filter: 10221273
  ->  Hash  (cost=61283.27..61283.27 rows=2528527 width=4) (actual time=1987.808..1987.808 rows=2528312 loops=1)
        Buckets: 131072  Batches: 64  Memory Usage: 2415kB
        ->  Seq Scan on title t  (cost=0.00..61283.27 rows=2528527 width=4) (actual time=6.938..1150.060 rows=2528312 loops=1)
Planning time: 0.594 ms
Execution time: 46196.463 ms
