Hash Join  (cost=185997.01..553149.56 rows=249664 width=0) (actual time=3614.057..11084.928 rows=9043 loops=1)
  Hash Cond: (mi.movie_id = t.id)
  ->  Seq Scan on movie_info mi  (cost=0.00..309384.22 rows=14739122 width=4) (actual time=0.022..4467.957 rows=14835720 loops=1)
  ->  Hash  (cost=185461.64..185461.64 rows=42830 width=8) (actual time=3553.579..3553.579 rows=908 loops=1)
        Buckets: 65536  Batches: 1  Memory Usage: 548kB
        ->  Hash Join  (cost=97538.03..185461.64 rows=42830 width=8) (actual time=2557.710..3552.770 rows=908 loops=1)
              Hash Cond: (mk.movie_id = t.id)
              ->  Seq Scan on movie_keyword mk  (cost=0.00..81003.12 rows=75248 width=4) (actual time=0.075..1315.157 rows=72496 loops=1)
                    Filter: (keyword_id = 335)
                    Rows Removed by Filter: 4451434
              ->  Hash  (cost=73925.90..73925.90 rows=1439210 width=4) (actual time=1945.790..1945.790 rows=1478437 loops=1)
                    Buckets: 131072  Batches: 32  Memory Usage: 2656kB
                    ->  Seq Scan on title t  (cost=0.00..73925.90 rows=1439210 width=4) (actual time=117.501..1473.563 rows=1478437 loops=1)
                          Filter: ((production_year > 1923) AND (kind_id = 7))
                          Rows Removed by Filter: 1049875
Planning time: 1.085 ms
Execution time: 11086.848 ms
