Seq Scan on movie_keyword mk  (cost=0.00..81003.12 rows=246 width=0) (actual time=0.382..1311.098 rows=948 loops=1)
  Filter: (keyword_id = 5816)
  Rows Removed by Filter: 4522982
Planning time: 0.322 ms
Execution time: 1311.531 ms
