Seq Scan on movie_keyword mk  (cost=0.00..81003.12 rows=2460731 width=0) (actual time=0.025..1691.751 rows=2458117 loops=1)
  Filter: (keyword_id < 5892)
  Rows Removed by Filter: 2065813
Planning time: 0.277 ms
Execution time: 1997.217 ms
