Hash Join  (cost=83074.74..432344.19 rows=79 width=0) (actual time=4004.941..6797.908 rows=694 loops=1)
  Hash Cond: (mi.movie_id = t.id)
  ->  Seq Scan on movie_info mi  (cost=0.00..346232.03 rows=809768 width=4) (actual time=2727.421..5409.432 rows=802140 loops=1)
        Filter: (info_type_id < 2)
        Rows Removed by Filter: 14033580
  ->  Hash  (cost=83071.67..83071.67 rows=246 width=8) (actual time=1274.802..1274.802 rows=498 loops=1)
        Buckets: 1024  Batches: 1  Memory Usage: 28kB
        ->  Nested Loop  (cost=0.43..83071.67 rows=246 width=8) (actual time=4.830..1274.355 rows=498 loops=1)
              ->  Seq Scan on movie_keyword mk  (cost=0.00..81003.12 rows=246 width=4) (actual time=4.684..1247.788 rows=498 loops=1)
                    Filter: (keyword_id = 12732)
                    Rows Removed by Filter: 4523432
              ->  Index Only Scan using title_pkey on title t  (cost=0.43..8.40 rows=1 width=4) (actual time=0.051..0.051 rows=1 loops=498)
                    Index Cond: (id = mk.movie_id)
                    Heap Fetches: 498
Planning time: 1.121 ms
Execution time: 6798.152 ms
