Seq Scan on movie_keyword mk  (cost=0.00..81003.12 rows=246 width=0) (actual time=38.758..1274.305 rows=71 loops=1)
  Filter: (keyword_id = 25055)
  Rows Removed by Filter: 4523859
Planning time: 0.217 ms
Execution time: 1274.446 ms
