Seq Scan on movie_keyword mk  (cost=0.00..81003.12 rows=246 width=0) (actual time=0.030..1188.888 rows=1044 loops=1)
  Filter: (keyword_id = 2863)
  Rows Removed by Filter: 4522886
Planning time: 0.371 ms
Execution time: 1189.294 ms
