Hash Join  (cost=114892.54..170123.56 rows=56549 width=0) (actual time=2112.962..3225.683 rows=48165 loops=1)
  Hash Cond: (mc.movie_id = t.id)
  ->  Seq Scan on movie_companies mc  (cost=0.00..44881.29 rows=2609129 width=4) (actual time=0.019..546.276 rows=2609129 loops=1)
  ->  Hash  (cost=114207.52..114207.52 rows=54802 width=8) (actual time=2112.253..2112.253 rows=22593 loops=1)
        Buckets: 65536  Batches: 1  Memory Usage: 1395kB
        ->  Hash Join  (cost=75574.02..114207.52 rows=54802 width=8) (actual time=1280.599..2106.357 rows=22593 loops=1)
              Hash Cond: (mi_idx.movie_id = t.id)
              ->  Seq Scan on movie_info_idx mi_idx  (cost=0.00..21735.35 rows=1380035 width=4) (actual time=0.022..416.074 rows=1380035 loops=1)
              ->  Hash  (cost=73925.90..73925.90 rows=100409 width=4) (actual time=1279.223..1279.223 rows=110402 loops=1)
                    Buckets: 131072  Batches: 2  Memory Usage: 2964kB
                    ->  Seq Scan on title t  (cost=0.00..73925.90 rows=100409 width=4) (actual time=278.691..1238.484 rows=110402 loops=1)
                          Filter: ((kind_id = 7) AND (production_year = 2012))
                          Rows Removed by Filter: 2417910
Planning time: 1.055 ms
Execution time: 3231.523 ms
