Seq Scan on cast_info ci  (cost=0.00..705507.15 rows=500 width=0) (actual time=4008.929..11184.918 rows=141 loops=1)
  Filter: (person_id = 2910899)
  Rows Removed by Filter: 36244203
Planning time: 4.284 ms
Execution time: 11185.035 ms
