Seq Scan on movie_companies mc  (cost=0.00..51404.11 rows=104 width=40) (actual time=19.401..289.507 rows=185 loops=1)
  Filter: (company_id = 80227)
  Rows Removed by Filter: 2608944
Planning time: 0.284 ms
Execution time: 289.563 ms
