Hash Join  (cost=73996.05..100937.17 rows=3063 width=0) (actual time=1438.794..1865.687 rows=5706 loops=1)
  Hash Cond: (mi_idx.movie_id = t.id)
  ->  Seq Scan on movie_info_idx mi_idx  (cost=0.00..21735.35 rows=1380035 width=4) (actual time=0.016..393.318 rows=1380035 loops=1)
  ->  Hash  (cost=73925.90..73925.90 rows=5612 width=4) (actual time=1211.548..1211.548 rows=3582 loops=1)
        Buckets: 8192  Batches: 1  Memory Usage: 190kB
        ->  Seq Scan on title t  (cost=0.00..73925.90 rows=5612 width=4) (actual time=0.023..1209.808 rows=3582 loops=1)
              Filter: ((production_year > 2004) AND (kind_id = 6))
              Rows Removed by Filter: 2524730
Planning time: 3.878 ms
Execution time: 1866.582 ms
