Seq Scan on cast_info ci  (cost=0.00..705507.15 rows=25736438 width=0) (actual time=0.025..12720.959 rows=25744089 loops=1)
  Filter: (person_id < 2659874)
  Rows Removed by Filter: 10500255
Planning time: 0.311 ms
Execution time: 15895.419 ms
