Seq Scan on movie_keyword mk  (cost=0.00..81003.12 rows=246 width=0) (actual time=1.467..1273.018 rows=2714 loops=1)
  Filter: (keyword_id = 1806)
  Rows Removed by Filter: 4521216
Planning time: 0.300 ms
Execution time: 1273.915 ms
