Hash Join  (cost=75229.22..106249.13 rows=14597 width=0) (actual time=1302.996..1998.586 rows=25312 loops=1)
  Hash Cond: (mi_idx.movie_id = t.id)
  ->  Seq Scan on movie_info_idx mi_idx  (cost=0.00..25185.44 rows=464934 width=4) (actual time=0.022..485.551 rows=460185 loops=1)
        Filter: (info_type_id > 100)
        Rows Removed by Filter: 919850
  ->  Hash  (cost=73925.90..73925.90 rows=79385 width=4) (actual time=1302.233..1302.233 rows=112028 loops=1)
        Buckets: 131072  Batches: 2  Memory Usage: 2995kB
        ->  Seq Scan on title t  (cost=0.00..73925.90 rows=79385 width=4) (actual time=668.014..1263.946 rows=112028 loops=1)
              Filter: ((production_year > 1990) AND (kind_id = 4))
              Rows Removed by Filter: 2416284
Planning time: 0.766 ms
Execution time: 2002.509 ms
