Hash Join  (cost=81055.23..1004335.45 rows=1623982 width=0) (actual time=7792.274..19359.079 rows=764957 loops=1)
  Hash Cond: (ci.movie_id = t.id)
  ->  Seq Scan on cast_info ci  (cost=0.00..796071.18 rows=9450459 width=4) (actual time=6342.268..15110.831 rows=6067505 loops=1)
        Filter: ((person_id > 902715) AND (role_id = 1))
        Rows Removed by Filter: 30176839
  ->  Hash  (cost=73925.90..73925.90 rows=434506 width=4) (actual time=1448.519..1448.519 rows=315167 loops=1)
        Buckets: 131072  Batches: 8  Memory Usage: 2397kB
        ->  Seq Scan on title t  (cost=0.00..73925.90 rows=434506 width=4) (actual time=0.033..1102.840 rows=315167 loops=1)
              Filter: ((production_year < 1991) AND (kind_id = 7))
              Rows Removed by Filter: 2213145
Planning time: 0.631 ms
Execution time: 19449.238 ms
