Hash Join  (cost=58358.42..423014.47 rows=12 width=0) (actual time=811.757..7948.463 rows=140 loops=1)
  Hash Cond: (mi.movie_id = t.id)
  ->  Seq Scan on movie_info mi  (cost=0.00..309384.22 rows=14739122 width=4) (actual time=0.017..4468.199 rows=14835720 loops=1)
  ->  Hash  (cost=58358.39..58358.39 rows=2 width=8) (actual time=771.132..771.132 rows=7 loops=1)
        Buckets: 1024  Batches: 1  Memory Usage: 9kB
        ->  Nested Loop  (cost=0.43..58358.39 rows=2 width=8) (actual time=90.822..771.121 rows=7 loops=1)
              ->  Seq Scan on movie_companies mc  (cost=0.00..57926.93 rows=51 width=4) (actual time=90.744..748.761 rows=2523 loops=1)
                    Filter: ((company_id = 10584) AND (company_type_id = 1))
                    Rows Removed by Filter: 2606606
              ->  Index Scan using title_pkey on title t  (cost=0.43..8.45 rows=1 width=4) (actual time=0.008..0.008 rows=0 loops=2523)
                    Index Cond: (id = mc.movie_id)
                    Filter: (kind_id = 2)
                    Rows Removed by Filter: 1
Planning time: 1.144 ms
Execution time: 7948.641 ms
