Hash Join  (cost=100908.38..162477.07 rows=608 width=0) (actual time=1706.507..2627.982 rows=10174 loops=1)
  Hash Cond: (mc.movie_id = t.id)
  ->  Seq Scan on movie_companies mc  (cost=0.00..57926.93 rows=969513 width=4) (actual time=0.016..797.856 rows=1259150 loops=1)
        Filter: ((company_id < 58013) AND (company_type_id = 1))
        Rows Removed by Filter: 1349979
  ->  Hash  (cost=100888.56..100888.56 rows=1586 width=8) (actual time=1705.858..1705.858 rows=4000 loops=1)
        Buckets: 4096 (originally 2048)  Batches: 1 (originally 1)  Memory Usage: 189kB
        ->  Hash Join  (cost=73962.22..100888.56 rows=1586 width=8) (actual time=1282.888..1704.186 rows=4000 loops=1)
              Hash Cond: (mi_idx.movie_id = t.id)
              ->  Seq Scan on movie_info_idx mi_idx  (cost=0.00..21735.35 rows=1380035 width=4) (actual time=0.023..201.333 rows=1380035 loops=1)
              ->  Hash  (cost=73925.90..73925.90 rows=2905 width=4) (actual time=1282.835..1282.835 rows=3316 loops=1)
                    Buckets: 4096  Batches: 1  Memory Usage: 149kB
                    ->  Seq Scan on title t  (cost=0.00..73925.90 rows=2905 width=4) (actual time=0.060..1281.064 rows=3316 loops=1)
                          Filter: ((kind_id < 7) AND (production_year = 1955))
                          Rows Removed by Filter: 2524996
Planning time: 1.110 ms
Execution time: 2629.079 ms
