Nested Loop  (cost=0.43..797555.70 rows=176 width=0) (actual time=2337.188..11234.947 rows=214 loops=1)
  ->  Seq Scan on cast_info ci  (cost=0.00..796071.18 rows=176 width=4) (actual time=2337.061..11227.633 rows=214 loops=1)
        Filter: ((person_id = 1522291) AND (role_id = 1))
        Rows Removed by Filter: 36244130
  ->  Index Only Scan using title_pkey on title t  (cost=0.43..8.42 rows=1 width=4) (actual time=0.033..0.033 rows=1 loops=214)
        Index Cond: (id = ci.movie_id)
        Heap Fetches: 214
Planning time: 10.275 ms
Execution time: 11235.117 ms
