Hash Join  (cost=267718.56..665105.16 rows=1588549 width=0) (actual time=7766.623..20439.672 rows=31510355 loops=1)
  Hash Cond: (mi.movie_id = t.id)
  ->  Seq Scan on movie_info mi  (cost=0.00..346232.03 rows=2194617 width=4) (actual time=1745.041..5680.185 rows=2233850 loops=1)
        Filter: (info_type_id > 16)
        Rows Removed by Filter: 12601870
  ->  Hash  (cost=237690.48..237690.48 rows=1830246 width=8) (actual time=5971.510..5971.510 rows=1836381 loops=1)
        Buckets: 131072  Batches: 32  Memory Usage: 3336kB
        ->  Hash Join  (cost=102767.86..237690.48 rows=1830246 width=8) (actual time=2010.360..5421.967 rows=1836381 loops=1)
              Hash Cond: (mk.movie_id = t.id)
              ->  Seq Scan on movie_keyword mk  (cost=0.00..81003.12 rows=1830246 width=4) (actual time=0.042..1603.177 rows=1836381 loops=1)
                    Filter: (keyword_id < 3037)
                    Rows Removed by Filter: 2687549
              ->  Hash  (cost=61283.27..61283.27 rows=2528527 width=4) (actual time=2008.742..2008.742 rows=2528312 loops=1)
                    Buckets: 131072  Batches: 64  Memory Usage: 2425kB
                    ->  Seq Scan on title t  (cost=0.00..61283.27 rows=2528527 width=4) (actual time=0.021..1158.047 rows=2528312 loops=1)
Planning time: 1.109 ms
Execution time: 23887.594 ms
