Hash Join  (cost=267574.30..873596.51 rows=10102239 width=0) (actual time=5650.270..20182.879 rows=6178084 loops=1)
  Hash Cond: (mi.movie_id = t.id)
  ->  Seq Scan on movie_info mi  (cost=0.00..309384.22 rows=14739122 width=4) (actual time=0.014..6357.782 rows=14835720 loops=1)
  ->  Hash  (cost=239141.05..239141.05 rows=1733060 width=8) (actual time=5648.749..5648.749 rows=491665 loops=1)
        Buckets: 131072  Batches: 32  Memory Usage: 1600kB
        ->  Hash Join  (cost=93315.44..239141.05 rows=1733060 width=8) (actual time=1855.207..5497.889 rows=491665 loops=1)
              Hash Cond: (mk.movie_id = t.id)
              ->  Seq Scan on movie_keyword mk  (cost=0.00..81003.12 rows=3707969 width=4) (actual time=0.017..1786.654 rows=3704871 loops=1)
                    Filter: (keyword_id > 784)
                    Rows Removed by Filter: 819059
              ->  Hash  (cost=73925.90..73925.90 rows=1181803 width=4) (actual time=1854.228..1854.228 rows=1139957 loops=1)
                    Buckets: 131072  Batches: 16  Memory Usage: 3534kB
                    ->  Seq Scan on title t  (cost=0.00..73925.90 rows=1181803 width=4) (actual time=0.026..1495.040 rows=1139957 loops=1)
                          Filter: ((kind_id > 4) AND (production_year < 2010))
                          Rows Removed by Filter: 1388355
Planning time: 1.130 ms
Execution time: 20882.533 ms
