Hash Join  (cost=102767.86..173071.72 rows=103811 width=0) (actual time=2347.931..3337.042 rows=205148 loops=1)
  Hash Cond: (mc.movie_id = t.id)
  ->  Seq Scan on movie_companies mc  (cost=0.00..57926.93 rows=103811 width=4) (actual time=432.300..871.432 rows=205148 loops=1)
        Filter: ((company_id > 111933) AND (company_type_id > 1))
        Rows Removed by Filter: 2403981
  ->  Hash  (cost=61283.27..61283.27 rows=2528527 width=4) (actual time=1914.220..1914.220 rows=2528312 loops=1)
        Buckets: 131072  Batches: 64  Memory Usage: 2415kB
        ->  Seq Scan on title t  (cost=0.00..61283.27 rows=2528527 width=4) (actual time=0.030..1066.637 rows=2528312 loops=1)
Planning time: 0.523 ms
Execution time: 3361.603 ms
