Hash Join  (cost=91673.71..1284681.79 rows=15497892 width=0) (actual time=1940.185..42313.610 rows=17328675 loops=1)
  Hash Cond: (ci.movie_id = t.id)
  ->  Seq Scan on cast_info ci  (cost=0.00..614943.12 rows=36225612 width=4) (actual time=0.015..13439.947 rows=36244344 loops=1)
  ->  Hash  (cost=73925.90..73925.90 rows=1081744 width=4) (actual time=1629.893..1629.893 rows=1176905 loops=1)
        Buckets: 131072  Batches: 16  Memory Usage: 3619kB
        ->  Seq Scan on title t  (cost=0.00..73925.90 rows=1081744 width=4) (actual time=291.099..1270.917 rows=1176905 loops=1)
              Filter: ((production_year > 1989) AND (kind_id = 7))
              Rows Removed by Filter: 1351407
Planning time: 0.676 ms
Execution time: 44330.104 ms
