Hash Join  (cost=365418.15..1840015.86 rows=39020161 width=0) (actual time=8447.881..64513.316 rows=126798559 loops=1)
  Hash Cond: (ci.movie_id = t.id)
  ->  Seq Scan on cast_info ci  (cost=0.00..705507.15 rows=21809252 width=4) (actual time=0.021..15104.579 rows=21897566 loops=1)
        Filter: (person_id > 1412586)
        Rows Removed by Filter: 14346778
  ->  Hash  (cost=291197.02..291197.02 rows=4523930 width=8) (actual time=8446.625..8446.625 rows=4523930 loops=1)
        Buckets: 131072  Batches: 64  Memory Usage: 3816kB
        ->  Hash Join  (cost=102767.86..291197.02 rows=4523930 width=8) (actual time=1900.891..7165.218 rows=4523930 loops=1)
              Hash Cond: (mk.movie_id = t.id)
              ->  Seq Scan on movie_keyword mk  (cost=0.00..69693.30 rows=4523930 width=4) (actual time=0.008..1493.556 rows=4523930 loops=1)
              ->  Hash  (cost=61283.27..61283.27 rows=2528527 width=4) (actual time=1900.189..1900.189 rows=2528312 loops=1)
                    Buckets: 131072  Batches: 64  Memory Usage: 2425kB
                    ->  Seq Scan on title t  (cost=0.00..61283.27 rows=2528527 width=4) (actual time=0.012..1035.146 rows=2528312 loops=1)
Planning time: 0.850 ms
Execution time: 78097.543 ms
