Nested Loop  (cost=0.43..52284.21 rows=22 width=0) (actual time=501.765..893.669 rows=2 loops=1)
  ->  Seq Scan on movie_companies mc  (cost=0.00..51404.11 rows=104 width=4) (actual time=443.931..892.886 rows=16 loops=1)
        Filter: (company_id = 81670)
        Rows Removed by Filter: 2609113
  ->  Index Scan using title_pkey on title t  (cost=0.43..8.45 rows=1 width=4) (actual time=0.044..0.044 rows=0 loops=16)
        Index Cond: (id = mc.movie_id)
        Filter: ((production_year < 1997) AND (kind_id = 7))
        Rows Removed by Filter: 1
Planning time: 0.783 ms
Execution time: 893.776 ms
