Hash Join  (cost=1201320.84..2417416.16 rows=55191217 width=0) (actual time=27811.225..85460.497 rows=161551811 loops=1)
  Hash Cond: (mi.movie_id = t.id)
  ->  Seq Scan on movie_info mi  (cost=0.00..309384.22 rows=14739122 width=4) (actual time=0.012..6478.405 rows=14835720 loops=1)
  ->  Hash  (cost=1045982.74..1045982.74 rows=9468168 width=8) (actual time=27809.288..27809.288 rows=9384703 loops=1)
        Buckets: 131072  Batches: 128  Memory Usage: 3897kB
        ->  Hash Join  (cost=102767.86..1045982.74 rows=9468168 width=8) (actual time=9183.089..25145.143 rows=9384703 loops=1)
              Hash Cond: (ci.movie_id = t.id)
              ->  Seq Scan on cast_info ci  (cost=0.00..705507.15 rows=9468168 width=4) (actual time=6429.185..14167.888 rows=9384703 loops=1)
                    Filter: (role_id > 4)
                    Rows Removed by Filter: 26859641
              ->  Hash  (cost=61283.27..61283.27 rows=2528527 width=4) (actual time=2752.858..2752.858 rows=2528312 loops=1)
                    Buckets: 131072  Batches: 64  Memory Usage: 2415kB
                    ->  Seq Scan on title t  (cost=0.00..61283.27 rows=2528527 width=4) (actual time=0.032..1226.938 rows=2528312 loops=1)
Planning time: 1.101 ms
Execution time: 103932.648 ms
