Hash Join  (cost=102767.86..199591.61 rows=246931 width=0) (actual time=2801.509..4618.733 rows=245287 loops=1)
  Hash Cond: (mk.movie_id = t.id)
  ->  Seq Scan on movie_keyword mk  (cost=0.00..81003.12 rows=246931 width=4) (actual time=8.653..1225.486 rows=245287 loops=1)
        Filter: (keyword_id > 61120)
        Rows Removed by Filter: 4278643
  ->  Hash  (cost=61283.27..61283.27 rows=2528527 width=4) (actual time=2791.525..2791.525 rows=2528312 loops=1)
        Buckets: 131072  Batches: 64  Memory Usage: 2425kB
        ->  Seq Scan on title t  (cost=0.00..61283.27 rows=2528527 width=4) (actual time=0.022..1049.718 rows=2528312 loops=1)
Planning time: 0.678 ms
Execution time: 4649.815 ms
