Seq Scan on title t  (cost=0.00..73925.90 rows=48941 width=0) (actual time=0.021..896.515 rows=38305 loops=1)
  Filter: ((kind_id < 6) AND (production_year = 2008))
  Rows Removed by Filter: 2490007
Planning time: 0.390 ms
Execution time: 901.182 ms
