Seq Scan on movie_keyword mk  (cost=0.00..81003.12 rows=246 width=0) (actual time=0.229..1238.385 rows=4059 loops=1)
  Filter: (keyword_id = 648)
  Rows Removed by Filter: 4519871
Planning time: 0.357 ms
Execution time: 1239.469 ms
