Seq Scan on movie_companies mc  (cost=0.00..57926.93 rows=654504 width=0) (actual time=440.630..1025.914 rows=905967 loops=1)
  Filter: ((company_id > 11359) AND (company_type_id > 1))
  Rows Removed by Filter: 1703162
Planning time: 0.213 ms
Execution time: 1140.429 ms
