Hash Join  (cost=73982.55..100917.78 rows=2474 width=0) (actual time=1181.437..1550.461 rows=2970 loops=1)
  Hash Cond: (mi_idx.movie_id = t.id)
  ->  Seq Scan on movie_info_idx mi_idx  (cost=0.00..21735.35 rows=1380035 width=4) (actual time=0.016..190.852 rows=1380035 loops=1)
  ->  Hash  (cost=73925.90..73925.90 rows=4532 width=4) (actual time=1171.615..1171.615 rows=7822 loops=1)
        Buckets: 8192  Batches: 1  Memory Usage: 339kB
        ->  Seq Scan on title t  (cost=0.00..73925.90 rows=4532 width=4) (actual time=0.085..1167.690 rows=7822 loops=1)
              Filter: ((kind_id = 7) AND (production_year = 1974))
              Rows Removed by Filter: 2520490
Planning time: 2.829 ms
Execution time: 1550.893 ms
