Hash Join  (cost=196808.06..1181589.79 rows=725425 width=0) (actual time=3816.927..28562.462 rows=2872600 loops=1)
  Hash Cond: (ci.movie_id = t.id)
  ->  Seq Scan on cast_info ci  (cost=0.00..705507.15 rows=23499554 width=4) (actual time=0.018..15881.302 rows=23573656 loops=1)
        Filter: (role_id > 1)
        Rows Removed by Filter: 12670688
  ->  Hash  (cost=195527.38..195527.38 rows=78055 width=8) (actual time=3816.085..3816.085 rows=76902 loops=1)
        Buckets: 131072  Batches: 2  Memory Usage: 2527kB
        ->  Hash Join  (cost=102767.86..195527.38 rows=78055 width=8) (actual time=1993.813..3789.762 rows=76902 loops=1)
              Hash Cond: (mk.movie_id = t.id)
              ->  Seq Scan on movie_keyword mk  (cost=0.00..81003.12 rows=78055 width=4) (actual time=0.030..1254.779 rows=76902 loops=1)
                    Filter: (keyword_id > 88732)
                    Rows Removed by Filter: 4447028
              ->  Hash  (cost=61283.27..61283.27 rows=2528527 width=4) (actual time=1988.170..1988.170 rows=2528312 loops=1)
                    Buckets: 131072  Batches: 64  Memory Usage: 2425kB
                    ->  Seq Scan on title t  (cost=0.00..61283.27 rows=2528527 width=4) (actual time=0.020..1106.833 rows=2528312 loops=1)
Planning time: 1.136 ms
Execution time: 28900.181 ms
