Hash Join  (cost=596171.52..1978941.31 rows=30844938 width=0) (actual time=14001.924..50834.263 rows=36108358 loops=1)
  Hash Cond: (ci.movie_id = t.id)
  ->  Seq Scan on cast_info ci  (cost=0.00..705507.15 rows=25372689 width=4) (actual time=1511.463..15582.091 rows=25514545 loops=1)
        Filter: (person_id > 1052755)
        Rows Removed by Filter: 10729799
  ->  Hash  (cost=545740.20..545740.20 rows=3073866 width=8) (actual time=12488.508..12488.508 rows=2216454 loops=1)
        Buckets: 131072  Batches: 64  Memory Usage: 2346kB
        ->  Hash Join  (cost=95609.53..545740.20 rows=3073866 width=8) (actual time=1783.201..11827.182 rows=2216454 loops=1)
              Hash Cond: (mi.movie_id = t.id)
              ->  Seq Scan on movie_info mi  (cost=0.00..346232.03 rows=5880796 width=4) (actual time=0.028..6234.115 rows=5869026 loops=1)
                    Filter: (info_type_id > 13)
                    Rows Removed by Filter: 8966694
              ->  Hash  (cost=73925.90..73925.90 rows=1321650 width=4) (actual time=1781.948..1781.948 rows=1298128 loops=1)
                    Buckets: 131072  Batches: 32  Memory Usage: 2457kB
                    ->  Seq Scan on title t  (cost=0.00..73925.90 rows=1321650 width=4) (actual time=0.021..1346.834 rows=1298128 loops=1)
                          Filter: ((kind_id > 1) AND (production_year < 2009))
                          Rows Removed by Filter: 1230184
Planning time: 1.261 ms
Execution time: 54437.439 ms
