Hash Join  (cost=81201.38..123046.86 rows=242000 width=0) (actual time=1382.223..2457.918 rows=325989 loops=1)
  Hash Cond: (mi_idx.movie_id = t.id)
  ->  Seq Scan on movie_info_idx mi_idx  (cost=0.00..21735.35 rows=1380035 width=4) (actual time=0.017..406.557 rows=1380035 loops=1)
  ->  Hash  (cost=73925.90..73925.90 rows=443398 width=4) (actual time=1381.317..1381.317 rows=320021 loops=1)
        Buckets: 131072  Batches: 8  Memory Usage: 2434kB
        ->  Seq Scan on title t  (cost=0.00..73925.90 rows=443398 width=4) (actual time=427.023..1282.289 rows=320021 loops=1)
              Filter: ((production_year > 1993) AND (kind_id = 1))
              Rows Removed by Filter: 2208291
Planning time: 4.156 ms
Execution time: 2491.773 ms
