Seq Scan on movie_keyword mk  (cost=0.00..81003.12 rows=246 width=0) (actual time=0.087..1374.167 rows=2186 loops=1)
  Filter: (keyword_id = 745)
  Rows Removed by Filter: 4521744
Planning time: 0.340 ms
Execution time: 1374.921 ms
