Hash Join  (cost=69694.50..1083632.00 rows=1285362 width=0) (actual time=1131.949..25927.082 rows=1459673 loops=1)
  Hash Cond: (ci.movie_id = t.id)
  ->  Seq Scan on cast_info ci  (cost=0.00..705507.15 rows=25520194 width=4) (actual time=0.015..14463.806 rows=25529451 loops=1)
        Filter: (person_id < 2636794)
        Rows Removed by Filter: 10714893
  ->  Hash  (cost=67604.59..67604.59 rows=127353 width=4) (actual time=1131.177..1131.177 rows=128696 loops=1)
        Buckets: 131072  Batches: 2  Memory Usage: 3284kB
        ->  Seq Scan on title t  (cost=0.00..67604.59 rows=127353 width=4) (actual time=0.012..1083.442 rows=128696 loops=1)
              Filter: (production_year = 2009)
              Rows Removed by Filter: 2399616
Planning time: 0.808 ms
Execution time: 26122.532 ms
