Hash Join  (cost=83074.74..476813.70 rows=1232 width=0) (actual time=1416.748..9654.602 rows=38744 loops=1)
  Hash Cond: (mi.movie_id = t.id)
  ->  Seq Scan on movie_info mi  (cost=0.00..346232.03 rows=12665229 width=4) (actual time=0.017..6343.246 rows=12744652 loops=1)
        Filter: (info_type_id > 2)
        Rows Removed by Filter: 2091068
  ->  Hash  (cost=83071.67..83071.67 rows=246 width=8) (actual time=1416.027..1416.027 rows=607 loops=1)
        Buckets: 1024  Batches: 1  Memory Usage: 32kB
        ->  Nested Loop  (cost=0.43..83071.67 rows=246 width=8) (actual time=1.943..1415.506 rows=607 loops=1)
              ->  Seq Scan on movie_keyword mk  (cost=0.00..81003.12 rows=246 width=4) (actual time=1.886..1389.776 rows=607 loops=1)
                    Filter: (keyword_id = 3252)
                    Rows Removed by Filter: 4523323
              ->  Index Only Scan using title_pkey on title t  (cost=0.43..8.40 rows=1 width=4) (actual time=0.040..0.041 rows=1 loops=607)
                    Index Cond: (id = mk.movie_id)
                    Heap Fetches: 607
Planning time: 1.139 ms
Execution time: 9660.748 ms
