Seq Scan on movie_companies mc  (cost=0.00..51404.11 rows=1761849 width=0) (actual time=0.025..955.087 rows=1752669 loops=1)
  Filter: (company_id < 24649)
  Rows Removed by Filter: 856460
Planning time: 0.826 ms
Execution time: 1185.069 ms
