Hash Join  (cost=157693.84..1254495.58 rows=6132555 width=0) (actual time=3814.157..38775.357 rows=13532782 loops=1)
  Hash Cond: (ci.movie_id = t.id)
  ->  Seq Scan on cast_info ci  (cost=0.00..614943.12 rows=36225612 width=4) (actual time=0.013..13511.433 rows=36244344 loops=1)
  ->  Hash  (cost=150670.23..150670.23 rows=428049 width=8) (actual time=3813.337..3813.337 rows=451042 loops=1)
        Buckets: 131072  Batches: 8  Memory Usage: 3234kB
        ->  Hash Join  (cost=106125.41..150670.23 rows=428049 width=8) (actual time=2245.929..3682.238 rows=451042 loops=1)
              Hash Cond: (mi_idx.movie_id = t.id)
              ->  Seq Scan on movie_info_idx mi_idx  (cost=0.00..25185.44 rows=460978 width=4) (actual time=0.014..483.688 rows=459925 loops=1)
                    Filter: (info_type_id < 100)
                    Rows Removed by Filter: 920110
              ->  Hash  (cost=67604.59..67604.59 rows=2347906 width=4) (actual time=2244.909..2244.909 rows=2340903 loops=1)
                    Buckets: 131072  Batches: 32  Memory Usage: 3600kB
                    ->  Seq Scan on title t  (cost=0.00..67604.59 rows=2347906 width=4) (actual time=0.007..1497.280 rows=2340903 loops=1)
                          Filter: (production_year > 1929)
                          Rows Removed by Filter: 187409
Planning time: 1.168 ms
Execution time: 40347.814 ms
