Hash Join  (cost=134031.88..627256.23 rows=1257543 width=0) (actual time=2803.813..15788.056 rows=916359 loops=1)
  Hash Cond: (mi.movie_id = t.id)
  ->  Seq Scan on movie_info mi  (cost=0.00..309384.22 rows=14739122 width=4) (actual time=0.016..5920.678 rows=14835720 loops=1)
  ->  Hash  (cost=130492.20..130492.20 rows=215734 width=8) (actual time=2802.360..2802.360 rows=115876 loops=1)
        Buckets: 131072  Batches: 4  Memory Usage: 2160kB
        ->  Hash Join  (cost=93190.30..130492.20 rows=215734 width=8) (actual time=2065.518..2763.144 rows=115876 loops=1)
              Hash Cond: (mi_idx.movie_id = t.id)
              ->  Seq Scan on movie_info_idx mi_idx  (cost=0.00..25185.44 rows=464566 width=4) (actual time=0.030..498.332 rows=459925 loops=1)
                    Filter: (info_type_id = 101)
                    Rows Removed by Filter: 920110
              ->  Hash  (cost=73925.90..73925.90 rows=1174192 width=4) (actual time=1745.073..1745.073 rows=1260829 loops=1)
                    Buckets: 131072  Batches: 16  Memory Usage: 3806kB
                    ->  Seq Scan on title t  (cost=0.00..73925.90 rows=1174192 width=4) (actual time=76.035..1356.037 rows=1260829 loops=1)
                          Filter: ((production_year > 1981) AND (kind_id = 7))
                          Rows Removed by Filter: 1267483
Planning time: 1.060 ms
Execution time: 15892.235 ms
