Seq Scan on cast_info ci  (cost=0.00..705507.15 rows=500 width=0) (actual time=2837.633..11034.077 rows=244 loops=1)
  Filter: (person_id = 2014124)
  Rows Removed by Filter: 36244100
Planning time: 0.392 ms
Execution time: 11034.239 ms
