Hash Join  (cost=76243.83..1107819.08 rows=1082996 width=0) (actual time=5635.165..25829.787 rows=1043165 loops=1)
  Hash Cond: (ci.movie_id = t.id)
  ->  Seq Scan on cast_info ci  (cost=0.00..796071.18 rows=19383497 width=4) (actual time=4443.481..17691.047 rows=17142591 loops=1)
        Filter: ((person_id < 3012235) AND (role_id > 1))
        Rows Removed by Filter: 19101753
  ->  Hash  (cost=73925.90..73925.90 rows=141274 width=4) (actual time=1190.573..1190.573 rows=150659 loops=1)
        Buckets: 131072  Batches: 2  Memory Usage: 3673kB
        ->  Seq Scan on title t  (cost=0.00..73925.90 rows=141274 width=4) (actual time=0.050..1137.213 rows=150659 loops=1)
              Filter: ((production_year > 2011) AND (kind_id = 7))
              Rows Removed by Filter: 2377653
Planning time: 0.833 ms
Execution time: 25957.004 ms
