Seq Scan on movie_keyword mk  (cost=0.00..81003.12 rows=2840562 width=0) (actual time=0.023..1568.950 rows=2829714 loops=1)
  Filter: (keyword_id < 8528)
  Rows Removed by Filter: 1694216
Planning time: 1.725 ms
Execution time: 1932.639 ms
