Hash Join  (cost=154739.82..272993.75 rows=435416 width=0) (actual time=3805.041..6846.891 rows=1748483 loops=1)
  Hash Cond: (mk.movie_id = t.id)
  ->  Seq Scan on movie_keyword mk  (cost=0.00..81003.12 rows=2707639 width=4) (actual time=0.020..1583.575 rows=2704713 loops=1)
        Filter: (keyword_id > 2984)
        Rows Removed by Filter: 1819217
  ->  Hash  (cost=148068.16..148068.16 rows=406613 width=8) (actual time=3804.110..3804.110 rows=417906 loops=1)
        Buckets: 131072  Batches: 8  Memory Usage: 3080kB
        ->  Hash Join  (cost=104196.70..148068.16 rows=406613 width=8) (actual time=2038.831..3700.421 rows=417906 loops=1)
              Hash Cond: (mi_idx.movie_id = t.id)
              ->  Seq Scan on movie_info_idx mi_idx  (cost=0.00..25185.44 rows=460978 width=4) (actual time=0.019..530.206 rows=459925 loops=1)
                    Filter: (info_type_id < 100)
                    Rows Removed by Filter: 920110
              ->  Hash  (cost=67604.59..67604.59 rows=2230329 width=4) (actual time=2037.953..2037.953 rows=2225335 loops=1)
                    Buckets: 131072  Batches: 32  Memory Usage: 3472kB
                    ->  Seq Scan on title t  (cost=0.00..67604.59 rows=2230329 width=4) (actual time=0.021..1323.779 rows=2225335 loops=1)
                          Filter: (production_year > 1958)
                          Rows Removed by Filter: 302977
Planning time: 9.054 ms
Execution time: 7025.794 ms
