Hash Join  (cost=437262.18..1395514.43 rows=1016137 width=0) (actual time=8244.204..29955.598 rows=836383 loops=1)
  Hash Cond: (ci.movie_id = t.id)
  ->  Seq Scan on cast_info ci  (cost=0.00..705507.15 rows=20938593 width=4) (actual time=0.016..14449.108 rows=20815859 loops=1)
        Filter: (person_id < 2097263)
        Rows Removed by Filter: 15428485
  ->  Hash  (cost=435248.33..435248.33 rows=122708 width=8) (actual time=8243.387..8243.387 rows=38326 loops=1)
        Buckets: 131072  Batches: 2  Memory Usage: 1773kB
        ->  Hash Join  (cost=71408.55..435248.33 rows=122708 width=8) (actual time=4110.114..8228.810 rows=38326 loops=1)
              Hash Cond: (mi.movie_id = t.id)
              ->  Seq Scan on movie_info mi  (cost=0.00..346232.03 rows=1338312 width=4) (actual time=2317.630..5178.052 rows=1401902 loops=1)
                    Filter: (info_type_id = 7)
                    Rows Removed by Filter: 13433818
              ->  Hash  (cost=67604.59..67604.59 rows=231837 width=4) (actual time=1791.623..1791.623 rows=231649 loops=1)
                    Buckets: 131072  Batches: 4  Memory Usage: 3082kB
                    ->  Seq Scan on title t  (cost=0.00..67604.59 rows=231837 width=4) (actual time=0.033..1200.253 rows=231649 loops=1)
                          Filter: (production_year > 2011)
                          Rows Removed by Filter: 2296663
Planning time: 4.299 ms
Execution time: 30066.876 ms
