Seq Scan on movie_keyword mk  (cost=0.00..81003.12 rows=121167 width=0) (actual time=0.020..1235.160 rows=118568 loops=1)
  Filter: (keyword_id > 78349)
  Rows Removed by Filter: 4405362
Planning time: 0.301 ms
Execution time: 1251.627 ms
