Hash Join  (cost=84571.72..161172.02 rows=293110 width=0) (actual time=2516.849..3865.211 rows=665251 loops=1)
  Hash Cond: (mc.movie_id = t.id)
  ->  Seq Scan on movie_companies mc  (cost=0.00..57926.93 rows=1142204 width=4) (actual time=536.369..1323.326 rows=1274246 loops=1)
        Filter: ((company_id < 95614) AND (company_type_id = 1))
        Rows Removed by Filter: 1334883
  ->  Hash  (cost=73925.90..73925.90 rows=648865 width=4) (actual time=1640.615..1640.615 rows=656311 loops=1)
        Buckets: 131072  Batches: 16  Memory Usage: 2462kB
        ->  Seq Scan on title t  (cost=0.00..73925.90 rows=648865 width=4) (actual time=98.124..1417.377 rows=656311 loops=1)
              Filter: ((production_year > 0) AND (kind_id = 1))
              Rows Removed by Filter: 1872001
Planning time: 0.611 ms
Execution time: 3948.123 ms
