Hash Join  (cost=199120.44..240254.22 rows=256388 width=0) (actual time=3836.956..4987.729 rows=374913 loops=1)
  Hash Cond: (mi_idx.movie_id = t.id)
  ->  Seq Scan on movie_info_idx mi_idx  (cost=0.00..25185.44 rows=919057 width=4) (actual time=0.035..581.074 rows=920110 loops=1)
        Filter: (info_type_id > 99)
        Rows Removed by Filter: 459925
  ->  Hash  (cost=187547.20..187547.20 rows=705379 width=8) (actual time=3835.923..3835.923 rows=444146 loops=1)
        Buckets: 131072  Batches: 16  Memory Usage: 2100kB
        ->  Hash Join  (cost=102767.86..187547.20 rows=705379 width=8) (actual time=2345.092..3706.771 rows=444146 loops=1)
              Hash Cond: (mc.movie_id = t.id)
              ->  Seq Scan on movie_companies mc  (cost=0.00..57926.93 rows=705379 width=4) (actual time=350.257..953.108 rows=444146 loops=1)
                    Filter: ((company_id < 11816) AND (company_type_id > 1))
                    Rows Removed by Filter: 2164983
              ->  Hash  (cost=61283.27..61283.27 rows=2528527 width=4) (actual time=1993.753..1993.753 rows=2528312 loops=1)
                    Buckets: 131072  Batches: 64  Memory Usage: 2415kB
                    ->  Seq Scan on title t  (cost=0.00..61283.27 rows=2528527 width=4) (actual time=0.026..1135.788 rows=2528312 loops=1)
Planning time: 4.349 ms
Execution time: 5030.406 ms
