Hash Join  (cost=58358.90..85269.67 rows=28 width=0) (actual time=3847.110..4400.450 rows=477 loops=1)
  Hash Cond: (mi_idx.movie_id = t.id)
  ->  Seq Scan on movie_info_idx mi_idx  (cost=0.00..21735.35 rows=1380035 width=4) (actual time=0.031..311.481 rows=1380035 loops=1)
  ->  Hash  (cost=58358.27..58358.27 rows=51 width=8) (actual time=3837.822..3837.822 rows=172 loops=1)
        Buckets: 1024  Batches: 1  Memory Usage: 15kB
        ->  Nested Loop  (cost=0.43..58358.27 rows=51 width=8) (actual time=62.412..3837.681 rows=172 loops=1)
              ->  Seq Scan on movie_companies mc  (cost=0.00..57926.93 rows=51 width=4) (actual time=62.320..796.281 rows=172 loops=1)
                    Filter: ((company_id = 178) AND (company_type_id = 1))
                    Rows Removed by Filter: 2608957
              ->  Index Only Scan using title_pkey on title t  (cost=0.43..8.45 rows=1 width=4) (actual time=17.680..17.680 rows=1 loops=172)
                    Index Cond: (id = mc.movie_id)
                    Heap Fetches: 172
Planning time: 0.958 ms
Execution time: 4400.625 ms
