Hash Join  (cost=83074.74..109989.30 rows=45 width=0) (actual time=1288.344..1700.107 rows=29 loops=1)
  Hash Cond: (mi_idx.movie_id = t.id)
  ->  Seq Scan on movie_info_idx mi_idx  (cost=0.00..25185.44 rows=460978 width=4) (actual time=0.164..383.984 rows=459925 loops=1)
        Filter: (info_type_id = 99)
        Rows Removed by Filter: 920110
  ->  Hash  (cost=83071.67..83071.67 rows=246 width=8) (actual time=1254.565..1254.565 rows=52 loops=1)
        Buckets: 1024  Batches: 1  Memory Usage: 11kB
        ->  Nested Loop  (cost=0.43..83071.67 rows=246 width=8) (actual time=44.553..1254.490 rows=52 loops=1)
              ->  Seq Scan on movie_keyword mk  (cost=0.00..81003.12 rows=246 width=4) (actual time=44.429..1251.437 rows=52 loops=1)
                    Filter: (keyword_id = 38490)
                    Rows Removed by Filter: 4523878
              ->  Index Only Scan using title_pkey on title t  (cost=0.43..8.40 rows=1 width=4) (actual time=0.052..0.053 rows=1 loops=52)
                    Index Cond: (id = mk.movie_id)
                    Heap Fetches: 52
Planning time: 2.140 ms
Execution time: 1700.241 ms
