Hash Join  (cost=136437.54..887931.43 rows=70473 width=0) (actual time=2504.039..18441.757 rows=161617 loops=1)
  Hash Cond: (ci.movie_id = t.id)
  ->  Seq Scan on cast_info ci  (cost=0.00..614943.12 rows=36225612 width=4) (actual time=0.018..8652.852 rows=36244344 loops=1)
  ->  Hash  (cost=136376.05..136376.05 rows=4919 width=8) (actual time=2503.842..2503.842 rows=4184 loops=1)
        Buckets: 8192  Batches: 1  Memory Usage: 228kB
        ->  Hash Join  (cost=74060.24..136376.05 rows=4919 width=8) (actual time=1437.172..2501.973 rows=4184 loops=1)
              Hash Cond: (mc.movie_id = t.id)
              ->  Seq Scan on movie_companies mc  (cost=0.00..57926.93 rows=1157249 width=4) (actual time=0.477..1180.334 rows=994085 loops=1)
                    Filter: ((company_id < 89241) AND (company_type_id = 2))
                    Rows Removed by Filter: 1615044
              ->  Hash  (cost=73925.90..73925.90 rows=10747 width=4) (actual time=1142.404..1142.404 rows=6468 loops=1)
                    Buckets: 16384  Batches: 1  Memory Usage: 356kB
                    ->  Seq Scan on title t  (cost=0.00..73925.90 rows=10747 width=4) (actual time=35.762..1139.284 rows=6468 loops=1)
                          Filter: ((kind_id = 1) AND (production_year = 1997))
                          Rows Removed by Filter: 2521844
Planning time: 1.233 ms
Execution time: 18468.580 ms
