Hash Join  (cost=102767.86..171679.63 rows=317025 width=0) (actual time=1921.794..3388.573 rows=316720 loops=1)
  Hash Cond: (mc.movie_id = t.id)
  ->  Seq Scan on movie_companies mc  (cost=0.00..51404.11 rows=317025 width=4) (actual time=0.015..842.267 rows=316720 loops=1)
        Filter: (company_id > 91833)
        Rows Removed by Filter: 2292409
  ->  Hash  (cost=61283.27..61283.27 rows=2528527 width=4) (actual time=1920.368..1920.368 rows=2528312 loops=1)
        Buckets: 131072  Batches: 64  Memory Usage: 2415kB
        ->  Seq Scan on title t  (cost=0.00..61283.27 rows=2528527 width=4) (actual time=0.017..1091.710 rows=2528312 loops=1)
Planning time: 0.705 ms
Execution time: 3424.755 ms
