Hash Join  (cost=156209.36..235266.99 rows=347915 width=0) (actual time=3753.907..6083.346 rows=1043520 loops=1)
  Hash Cond: (mc.movie_id = t.id)
  ->  Seq Scan on movie_companies mc  (cost=0.00..51404.11 rows=1937166 width=4) (actual time=0.017..1103.165 rows=1932451 loops=1)
        Filter: (company_id < 49257)
        Rows Removed by Filter: 676678
  ->  Hash  (cost=148758.81..148758.81 rows=454124 width=8) (actual time=3753.018..3753.018 rows=459925 loops=1)
        Buckets: 131072  Batches: 8  Memory Usage: 3275kB
        ->  Hash Join  (cost=102767.86..148758.81 rows=454124 width=8) (actual time=1982.823..3633.076 rows=459925 loops=1)
              Hash Cond: (mi_idx.movie_id = t.id)
              ->  Seq Scan on movie_info_idx mi_idx  (cost=0.00..25185.44 rows=454124 width=4) (actual time=0.019..482.995 rows=459925 loops=1)
                    Filter: (info_type_id = 100)
                    Rows Removed by Filter: 920110
              ->  Hash  (cost=61283.27..61283.27 rows=2528527 width=4) (actual time=1980.801..1980.801 rows=2528312 loops=1)
                    Buckets: 131072  Batches: 64  Memory Usage: 2415kB
                    ->  Seq Scan on title t  (cost=0.00..61283.27 rows=2528527 width=4) (actual time=0.011..1101.191 rows=2528312 loops=1)
Planning time: 1.190 ms
Execution time: 6205.653 ms
