Hash Join  (cost=114191.20..170611.37 rows=21787 width=0) (actual time=2320.511..2888.473 rows=55897 loops=1)
  Hash Cond: (mc.movie_id = t.id)
  ->  Seq Scan on movie_companies mc  (cost=0.00..51404.11 rows=1279517 width=4) (actual time=231.390..599.084 rows=1274246 loops=1)
        Filter: (company_type_id < 2)
        Rows Removed by Filter: 1334883
  ->  Hash  (cost=113653.01..113653.01 rows=43055 width=8) (actual time=2088.673..2088.673 rows=36582 loops=1)
        Buckets: 65536  Batches: 1  Memory Usage: 1941kB
        ->  Hash Join  (cost=75220.98..113653.01 rows=43055 width=8) (actual time=1134.528..2075.617 rows=36582 loops=1)
              Hash Cond: (mi_idx.movie_id = t.id)
              ->  Seq Scan on movie_info_idx mi_idx  (cost=0.00..21735.35 rows=1380035 width=4) (actual time=0.025..472.747 rows=1380035 loops=1)
              ->  Hash  (cost=73925.90..73925.90 rows=78886 width=4) (actual time=1133.770..1133.770 rows=74127 loops=1)
                    Buckets: 131072  Batches: 2  Memory Usage: 2328kB
                    ->  Seq Scan on title t  (cost=0.00..73925.90 rows=78886 width=4) (actual time=0.105..1106.182 rows=74127 loops=1)
                          Filter: ((kind_id < 4) AND (production_year > 2011))
                          Rows Removed by Filter: 2454185
Planning time: 1.150 ms
Execution time: 2894.183 ms
