Hash Join  (cost=1410383.15..2863873.90 rows=72259789 width=0) (actual time=32807.298..87349.951 rows=152812879 loops=1)
  Hash Cond: (mi.movie_id = t.id)
  ->  Seq Scan on movie_info mi  (cost=0.00..309384.22 rows=14739122 width=4) (actual time=0.014..6486.479 rows=14835720 loops=1)
  ->  Hash  (cost=1207005.19..1207005.19 rows=12396317 width=8) (actual time=32801.955..32801.955 rows=12065626 loops=1)
        Buckets: 131072  Batches: 256  Memory Usage: 2942kB
        ->  Hash Join  (cost=102767.86..1207005.19 rows=12396317 width=8) (actual time=10298.723..28854.792 rows=12065626 loops=1)
              Hash Cond: (ci.movie_id = t.id)
              ->  Seq Scan on cast_info ci  (cost=0.00..796071.18 rows=12396317 width=4) (actual time=8477.075..16385.277 rows=12065626 loops=1)
                    Filter: ((person_id > 86017) AND (role_id = 1))
                    Rows Removed by Filter: 24178718
              ->  Hash  (cost=61283.27..61283.27 rows=2528527 width=4) (actual time=1820.534..1820.534 rows=2528312 loops=1)
                    Buckets: 131072  Batches: 64  Memory Usage: 2415kB
                    ->  Seq Scan on title t  (cost=0.00..61283.27 rows=2528527 width=4) (actual time=0.027..987.904 rows=2528312 loops=1)
Planning time: 0.965 ms
Execution time: 103824.013 ms
