Hash Join  (cost=98137.04..817978.42 rows=257733 width=0) (actual time=7842.339..13259.115 rows=207121 loops=1)
  Hash Cond: (ci.movie_id = t.id)
  ->  Seq Scan on cast_info ci  (cost=0.00..705507.15 rows=350181 width=4) (actual time=6031.467..10923.048 rows=316118 loops=1)
        Filter: (role_id > 10)
        Rows Removed by Filter: 35928226
  ->  Hash  (cost=67604.59..67604.59 rows=1860996 width=4) (actual time=1809.417..1809.417 rows=1865487 loops=1)
        Buckets: 131072  Batches: 32  Memory Usage: 3079kB
        ->  Seq Scan on title t  (cost=0.00..67604.59 rows=1860996 width=4) (actual time=0.017..1129.117 rows=1865487 loops=1)
              Filter: (kind_id > 1)
              Rows Removed by Filter: 662825
Planning time: 0.547 ms
Execution time: 13284.295 ms
