Hash Join  (cost=102874.60..854496.72 rows=83297 width=0) (actual time=1727.427..18669.083 rows=305374 loops=1)
  Hash Cond: (ci.movie_id = t.id)
  ->  Seq Scan on cast_info ci  (cost=0.00..614943.12 rows=36225612 width=4) (actual time=0.011..8670.841 rows=36244344 loops=1)
  ->  Hash  (cost=102801.92..102801.92 rows=5814 width=8) (actual time=1727.206..1727.206 rows=10018 loops=1)
        Buckets: 16384 (originally 8192)  Batches: 1 (originally 1)  Memory Usage: 520kB
        ->  Hash Join  (cost=74126.72..102801.92 rows=5814 width=8) (actual time=1027.747..1722.935 rows=10018 loops=1)
              Hash Cond: (mi_idx.movie_id = t.id)
              ->  Seq Scan on movie_info_idx mi_idx  (cost=0.00..25185.44 rows=915101 width=4) (actual time=0.016..511.970 rows=919850 loops=1)
                    Filter: (info_type_id < 101)
                    Rows Removed by Filter: 460185
              ->  Hash  (cost=73925.90..73925.90 rows=16065 width=4) (actual time=1027.600..1027.600 rows=9704 loops=1)
                    Buckets: 16384  Batches: 1  Memory Usage: 470kB
                    ->  Seq Scan on title t  (cost=0.00..73925.90 rows=16065 width=4) (actual time=40.053..1023.582 rows=9704 loops=1)
                          Filter: ((kind_id < 2) AND (production_year = 2002))
                          Rows Removed by Filter: 2518608
Planning time: 1.214 ms
Execution time: 18721.466 ms
