Seq Scan on cast_info ci  (cost=0.00..796071.18 rows=652116 width=0) (actual time=892.010..13210.089 rows=895492 loops=1)
  Filter: ((person_id > 1535487) AND (role_id = 9))
  Rows Removed by Filter: 35348852
Planning time: 0.252 ms
Execution time: 13313.307 ms
