Hash Join  (cost=188336.81..228540.86 rows=146357 width=0) (actual time=4348.013..6034.608 rows=180555 loops=1)
  Hash Cond: (mi_idx.movie_id = t.id)
  ->  Seq Scan on movie_info_idx mi_idx  (cost=0.00..21735.35 rows=1380035 width=4) (actual time=0.015..473.887 rows=1380035 loops=1)
  ->  Hash  (cost=183936.82..183936.82 rows=268159 width=8) (actual time=4347.298..4347.298 rows=106678 loops=1)
        Buckets: 131072  Batches: 4  Memory Usage: 2078kB
        ->  Hash Join  (cost=87577.05..183936.82 rows=268159 width=8) (actual time=2377.614..4312.047 rows=106678 loops=1)
              Hash Cond: (mk.movie_id = t.id)
              ->  Seq Scan on movie_keyword mk  (cost=0.00..81003.12 rows=814948 width=4) (actual time=0.032..1375.183 rows=821166 loops=1)
                    Filter: (keyword_id > 22334)
                    Rows Removed by Filter: 3702764
              ->  Hash  (cost=73925.90..73925.90 rows=832012 width=4) (actual time=2369.594..2369.594 rows=923009 loops=1)
                    Buckets: 131072  Batches: 16  Memory Usage: 3069kB
                    ->  Seq Scan on title t  (cost=0.00..73925.90 rows=832012 width=4) (actual time=0.012..1361.960 rows=923009 loops=1)
                          Filter: ((kind_id > 3) AND (production_year > 2002))
                          Rows Removed by Filter: 1605303
Planning time: 2.137 ms
Execution time: 6055.821 ms
