Hash Join  (cost=533818.82..1888069.08 rows=26786108 width=0) (actual time=10431.769..51386.545 rows=28697890 loops=1)
  Hash Cond: (ci.movie_id = t.id)
  ->  Seq Scan on cast_info ci  (cost=0.00..614943.12 rows=36225612 width=4) (actual time=0.013..13440.786 rows=36244344 loops=1)
  ->  Hash  (cost=503144.13..503144.13 rows=1869655 width=8) (actual time=10430.848..10430.848 rows=1641804 loops=1)
        Buckets: 131072  Batches: 32  Memory Usage: 3025kB
        ->  Hash Join  (cost=92883.59..503144.13 rows=1869655 width=8) (actual time=1808.067..10001.587 rows=1641804 loops=1)
              Hash Cond: (mi.movie_id = t.id)
              ->  Seq Scan on movie_info mi  (cost=0.00..346232.03 rows=3068194 width=4) (actual time=0.016..5963.023 rows=3036719 loops=1)
                    Filter: (info_type_id = 16)
                    Rows Removed by Filter: 11799001
              ->  Hash  (cost=67604.59..67604.59 rows=1540800 width=4) (actual time=1807.278..1807.278 rows=1543264 loops=1)
                    Buckets: 131072  Batches: 32  Memory Usage: 2728kB
                    ->  Seq Scan on title t  (cost=0.00..67604.59 rows=1540800 width=4) (actual time=266.234..1293.737 rows=1543264 loops=1)
                          Filter: (kind_id = 7)
                          Rows Removed by Filter: 985048
Planning time: 0.775 ms
Execution time: 54623.448 ms
