Hash Join  (cost=107847.09..758638.24 rows=14297932 width=0) (actual time=2185.956..20587.450 rows=14761676 loops=1)
  Hash Cond: (mi.movie_id = t.id)
  ->  Seq Scan on movie_info mi  (cost=0.00..309384.22 rows=14739122 width=4) (actual time=0.015..6285.921 rows=14835720 loops=1)
  ->  Hash  (cost=67604.59..67604.59 rows=2452840 width=4) (actual time=2183.947..2183.947 rows=2453873 loops=1)
        Buckets: 131072  Batches: 64  Memory Usage: 2383kB
        ->  Seq Scan on title t  (cost=0.00..67604.59 rows=2452840 width=4) (actual time=0.014..1364.774 rows=2453873 loops=1)
              Filter: (production_year > 1897)
              Rows Removed by Filter: 74439
Planning time: 0.753 ms
Execution time: 22243.600 ms
