Hash Join  (cost=199206.28..243524.36 rows=386160 width=0) (actual time=4058.268..5366.222 rows=562927 loops=1)
  Hash Cond: (mi_idx.movie_id = t.id)
  ->  Seq Scan on movie_info_idx mi_idx  (cost=0.00..21735.35 rows=1380035 width=4) (actual time=0.020..540.731 rows=1380035 loops=1)
  ->  Hash  (cost=187598.16..187598.16 rows=707530 width=8) (actual time=4057.340..4057.340 rows=445092 loops=1)
        Buckets: 131072  Batches: 16  Memory Usage: 2103kB
        ->  Hash Join  (cost=102767.86..187598.16 rows=707530 width=8) (actual time=2253.850..3934.386 rows=445092 loops=1)
              Hash Cond: (mc.movie_id = t.id)
              ->  Seq Scan on movie_companies mc  (cost=0.00..57926.93 rows=707530 width=4) (actual time=49.707..1045.420 rows=445092 loops=1)
                    Filter: ((company_id < 11867) AND (company_type_id = 2))
                    Rows Removed by Filter: 2164037
              ->  Hash  (cost=61283.27..61283.27 rows=2528527 width=4) (actual time=2202.973..2202.973 rows=2528312 loops=1)
                    Buckets: 131072  Batches: 64  Memory Usage: 2415kB
                    ->  Seq Scan on title t  (cost=0.00..61283.27 rows=2528527 width=4) (actual time=0.012..1095.584 rows=2528312 loops=1)
Planning time: 1.082 ms
Execution time: 5423.685 ms
