Seq Scan on movie_keyword mk  (cost=0.00..81003.12 rows=246 width=0) (actual time=95.045..1260.058 rows=39 loops=1)
  Filter: (keyword_id = 9503)
  Rows Removed by Filter: 4523891
Planning time: 0.336 ms
Execution time: 1260.180 ms
