Hash Join  (cost=164062.07..1073641.98 rows=33038 width=0) (actual time=2858.129..25790.476 rows=316877 loops=1)
  Hash Cond: (ci.movie_id = t.id)
  ->  Seq Scan on cast_info ci  (cost=0.00..796071.18 rows=30180889 width=4) (actual time=0.013..17698.365 rows=30511650 loops=1)
        Filter: ((person_id < 4008400) AND (role_id < 9))
        Rows Removed by Filter: 5732694
  ->  Hash  (cost=164027.47..164027.47 rows=2768 width=8) (actual time=2851.546..2851.546 rows=11383 loops=1)
        Buckets: 16384 (originally 4096)  Batches: 1 (originally 1)  Memory Usage: 573kB
        ->  Hash Join  (cost=73962.22..164027.47 rows=2768 width=8) (actual time=1115.918..2846.674 rows=11383 loops=1)
              Hash Cond: (mk.movie_id = t.id)
              ->  Seq Scan on movie_keyword mk  (cost=0.00..81003.12 rows=2409187 width=4) (actual time=0.026..1363.650 rows=2410674 loops=1)
                    Filter: (keyword_id < 5649)
                    Rows Removed by Filter: 2113256
              ->  Hash  (cost=73925.90..73925.90 rows=2905 width=4) (actual time=1113.692..1113.692 rows=5783 loops=1)
                    Buckets: 8192 (originally 4096)  Batches: 1 (originally 1)  Memory Usage: 268kB
                    ->  Seq Scan on title t  (cost=0.00..73925.90 rows=2905 width=4) (actual time=0.712..1110.653 rows=5783 loops=1)
                          Filter: ((kind_id < 7) AND (production_year = 1967))
                          Rows Removed by Filter: 2522529
Planning time: 1.165 ms
Execution time: 25834.013 ms
