Hash Join  (cost=74717.58..101747.15 rows=11546 width=0) (actual time=1151.907..1671.179 rows=8532 loops=1)
  Hash Cond: (mi_idx.movie_id = t.id)
  ->  Seq Scan on movie_info_idx mi_idx  (cost=0.00..25185.44 rows=460978 width=4) (actual time=0.023..392.064 rows=459925 loops=1)
        Filter: (info_type_id < 100)
        Rows Removed by Filter: 920110
  ->  Hash  (cost=73925.90..73925.90 rows=63334 width=4) (actual time=1151.458..1151.458 rows=72031 loops=1)
        Buckets: 131072 (originally 65536)  Batches: 1 (originally 1)  Memory Usage: 3557kB
        ->  Seq Scan on title t  (cost=0.00..73925.90 rows=63334 width=4) (actual time=0.012..1120.704 rows=72031 loops=1)
              Filter: ((kind_id > 3) AND (production_year = 2005))
              Rows Removed by Filter: 2456281
Planning time: 0.513 ms
Execution time: 1672.785 ms
