Hash Join  (cost=101104.18..191754.57 rows=3191 width=0) (actual time=2276.066..3453.577 rows=57 loops=1)
  Hash Cond: (mk.movie_id = t.id)
  ->  Seq Scan on movie_keyword mk  (cost=0.00..81003.12 rows=2564095 width=4) (actual time=0.025..1445.877 rows=2555088 loops=1)
        Filter: (keyword_id > 3434)
        Rows Removed by Filter: 1968842
  ->  Hash  (cost=101064.84..101064.84 rows=3147 width=8) (actual time=1618.661..1618.661 rows=6 loops=1)
        Buckets: 4096  Batches: 1  Memory Usage: 33kB
        ->  Hash Join  (cost=74144.97..101064.84 rows=3147 width=8) (actual time=1327.419..1618.619 rows=6 loops=1)
              Hash Cond: (mi_idx.movie_id = t.id)
              ->  Seq Scan on movie_info_idx mi_idx  (cost=0.00..25185.44 rows=454124 width=4) (actual time=0.024..450.074 rows=459925 loops=1)
                    Filter: (info_type_id = 100)
                    Rows Removed by Filter: 920110
              ->  Hash  (cost=73925.90..73925.90 rows=17525 width=4) (actual time=1089.972..1089.972 rows=12 loops=1)
                    Buckets: 32768  Batches: 1  Memory Usage: 257kB
                    ->  Seq Scan on title t  (cost=0.00..73925.90 rows=17525 width=4) (actual time=600.223..1089.945 rows=12 loops=1)
                          Filter: ((production_year < 1971) AND (kind_id = 4))
                          Rows Removed by Filter: 2528300
Planning time: 1.127 ms
Execution time: 3453.730 ms
