Hash Join  (cost=157820.31..184873.97 rows=14318 width=0) (actual time=2942.135..3596.220 rows=37934 loops=1)
  Hash Cond: (mi_idx.movie_id = t.id)
  ->  Seq Scan on movie_info_idx mi_idx  (cost=0.00..21735.35 rows=1380035 width=4) (actual time=0.023..352.939 rows=1380035 loops=1)
  ->  Hash  (cost=157492.38..157492.38 rows=26234 width=8) (actual time=2941.825..2941.825 rows=22142 loops=1)
        Buckets: 32768  Batches: 1  Memory Usage: 1121kB
        ->  Hash Join  (cost=69687.24..157492.38 rows=26234 width=8) (actual time=1333.773..2933.719 rows=22142 loops=1)
              Hash Cond: (mk.movie_id = t.id)
              ->  Seq Scan on movie_keyword mk  (cost=0.00..81003.12 rows=522581 width=4) (actual time=0.025..1391.870 rows=520878 loops=1)
                    Filter: (keyword_id < 382)
                    Rows Removed by Filter: 4003052
              ->  Hash  (cost=67604.59..67604.59 rows=126932 width=4) (actual time=1332.693..1332.693 rows=122861 loops=1)
                    Buckets: 131072  Batches: 2  Memory Usage: 3197kB
                    ->  Seq Scan on title t  (cost=0.00..67604.59 rows=126932 width=4) (actual time=0.021..1281.524 rows=122861 loops=1)
                          Filter: (production_year = 2008)
                          Rows Removed by Filter: 2405451
Planning time: 1.052 ms
Execution time: 3601.301 ms
