Hash Join  (cost=73962.22..100881.62 rows=530 width=0) (actual time=752.574..926.282 rows=824 loops=1)
  Hash Cond: (mi_idx.movie_id = t.id)
  ->  Seq Scan on movie_info_idx mi_idx  (cost=0.00..25185.44 rows=460978 width=4) (actual time=0.024..172.971 rows=459925 loops=1)
        Filter: (info_type_id = 99)
        Rows Removed by Filter: 920110
  ->  Hash  (cost=73925.90..73925.90 rows=2905 width=4) (actual time=716.181..716.181 rows=1937 loops=1)
        Buckets: 4096  Batches: 1  Memory Usage: 101kB
        ->  Seq Scan on title t  (cost=0.00..73925.90 rows=2905 width=4) (actual time=55.922..715.486 rows=1937 loops=1)
              Filter: ((kind_id < 7) AND (production_year = 1946))
              Rows Removed by Filter: 2526375
Planning time: 0.763 ms
Execution time: 926.492 ms
