Seq Scan on movie_keyword mk  (cost=0.00..81003.12 rows=4512463 width=0) (actual time=0.023..1367.849 rows=4514882 loops=1)
  Filter: (keyword_id < 125918)
  Rows Removed by Filter: 9048
Planning time: 1.855 ms
Execution time: 1851.093 ms
