Hash Join  (cost=133019.79..987391.03 rows=1522374 width=0) (actual time=2610.888..21033.947 rows=2755920 loops=1)
  Hash Cond: (ci.movie_id = t.id)
  ->  Seq Scan on cast_info ci  (cost=0.00..705507.15 rows=11444367 width=4) (actual time=0.024..12453.730 rows=11443685 loops=1)
        Filter: (person_id > 2554073)
        Rows Removed by Filter: 24800659
  ->  Hash  (cost=127501.36..127501.36 rows=336354 width=8) (actual time=2609.747..2609.747 rows=155637 loops=1)
        Buckets: 131072  Batches: 8  Memory Usage: 1778kB
        ->  Hash Join  (cost=84037.34..127501.36 rows=336354 width=8) (actual time=1744.222..2559.512 rows=155637 loops=1)
              Hash Cond: (mi_idx.movie_id = t.id)
              ->  Seq Scan on movie_info_idx mi_idx  (cost=0.00..21735.35 rows=1380035 width=4) (actual time=0.033..404.170 rows=1380035 loops=1)
              ->  Hash  (cost=73925.90..73925.90 rows=616275 width=4) (actual time=1396.810..1396.810 rows=676927 loops=1)
                    Buckets: 131072  Batches: 16  Memory Usage: 2516kB
                    ->  Seq Scan on title t  (cost=0.00..73925.90 rows=616275 width=4) (actual time=0.031..1170.844 rows=676927 loops=1)
                          Filter: ((production_year > 2005) AND (kind_id = 7))
                          Rows Removed by Filter: 1851385
Planning time: 1.061 ms
Execution time: 21367.806 ms
