Hash Join  (cost=125190.94..193075.33 rows=95008 width=0) (actual time=2802.843..4451.570 rows=487640 loops=1)
  Hash Cond: (mc.movie_id = t.id)
  ->  Seq Scan on movie_companies mc  (cost=0.00..51404.11 rows=1279517 width=4) (actual time=0.026..970.473 rows=1274246 loops=1)
        Filter: (company_type_id = 1)
        Rows Removed by Filter: 1334883
  ->  Hash  (cost=122110.07..122110.07 rows=187750 width=8) (actual time=2801.920..2801.920 rows=274280 loops=1)
        Buckets: 131072  Batches: 4  Memory Usage: 3709kB
        ->  Hash Join  (cost=82400.67..122110.07 rows=187750 width=8) (actual time=1625.096..2713.820 rows=274280 loops=1)
              Hash Cond: (mi_idx.movie_id = t.id)
              ->  Seq Scan on movie_info_idx mi_idx  (cost=0.00..25185.44 rows=919057 width=4) (actual time=0.026..510.127 rows=920110 loops=1)
                    Filter: (info_type_id > 99)
                    Rows Removed by Filter: 459925
              ->  Hash  (cost=73925.90..73925.90 rows=516541 width=4) (actual time=1624.397..1624.397 rows=440918 loops=1)
                    Buckets: 131072  Batches: 8  Memory Usage: 2960kB
                    ->  Seq Scan on title t  (cost=0.00..73925.90 rows=516541 width=4) (actual time=0.015..1153.676 rows=440918 loops=1)
                          Filter: ((kind_id < 7) AND (production_year > 2001))
                          Rows Removed by Filter: 2087394
Planning time: 1.211 ms
Execution time: 4503.493 ms
