Hash Join  (cost=144723.73..1252396.51 rows=7190865 width=0) (actual time=3103.124..38363.063 rows=14210543 loops=1)
  Hash Cond: (ci.movie_id = t.id)
  ->  Seq Scan on cast_info ci  (cost=0.00..614943.12 rows=36225612 width=4) (actual time=0.021..13099.658 rows=36244344 loops=1)
  ->  Hash  (cost=136488.76..136488.76 rows=501918 width=8) (actual time=3102.215..3102.215 rows=442702 loops=1)
        Buckets: 131072  Batches: 8  Memory Usage: 3181kB
        ->  Hash Join  (cost=90260.67..136488.76 rows=501918 width=8) (actual time=1655.813..2978.031 rows=442702 loops=1)
              Hash Cond: (mi_idx.movie_id = t.id)
              ->  Seq Scan on movie_info_idx mi_idx  (cost=0.00..25185.44 rows=919057 width=4) (actual time=0.029..524.107 rows=920110 loops=1)
                    Filter: (info_type_id > 99)
                    Rows Removed by Filter: 459925
              ->  Hash  (cost=67604.59..67604.59 rows=1380887 width=4) (actual time=1654.775..1654.775 rows=1381453 loops=1)
                    Buckets: 131072  Batches: 32  Memory Usage: 2543kB
                    ->  Seq Scan on title t  (cost=0.00..67604.59 rows=1380887 width=4) (actual time=0.016..1196.082 rows=1381453 loops=1)
                          Filter: (production_year > 2000)
                          Rows Removed by Filter: 1146859
Planning time: 1.157 ms
Execution time: 39907.705 ms
