Nested Loop  (cost=0.43..83072.29 rows=150 width=0) (actual time=366.087..880.189 rows=40 loops=1)
  ->  Seq Scan on movie_keyword mk  (cost=0.00..81003.12 rows=246 width=4) (actual time=0.872..868.350 rows=450 loops=1)
        Filter: (keyword_id = 21996)
        Rows Removed by Filter: 4523480
  ->  Index Scan using title_pkey on title t  (cost=0.43..8.40 rows=1 width=4) (actual time=0.025..0.025 rows=0 loops=450)
        Index Cond: (id = mk.movie_id)
        Filter: (kind_id = 7)
        Rows Removed by Filter: 1
Planning time: 0.494 ms
Execution time: 880.290 ms
