Hash Join  (cost=830274.22..1344256.43 rows=3202928 width=0) (actual time=14613.931..30574.657 rows=8014995 loops=1)
  Hash Cond: (mi.movie_id = t.id)
  ->  Seq Scan on movie_info mi  (cost=0.00..309384.22 rows=14739122 width=4) (actual time=0.009..6121.179 rows=14835720 loops=1)
  ->  Hash  (cost=821258.86..821258.86 rows=549469 width=8) (actual time=14613.204..14613.204 rows=684924 loops=1)
        Buckets: 131072 (originally 131072)  Batches: 16 (originally 8)  Memory Usage: 3073kB
        ->  Hash Join  (cost=87053.47..821258.86 rows=549469 width=8) (actual time=8623.499..14389.342 rows=684924 loops=1)
              Hash Cond: (ci.movie_id = t.id)
              ->  Seq Scan on cast_info ci  (cost=0.00..705507.15 rows=1736414 width=4) (actual time=7168.509..11780.203 rows=1703543 loops=1)
                    Filter: (role_id = 8)
                    Rows Removed by Filter: 34540801
              ->  Hash  (cost=73925.90..73925.90 rows=800125 width=4) (actual time=1453.917..1453.917 rows=713741 loops=1)
                    Buckets: 131072  Batches: 16  Memory Usage: 2592kB
                    ->  Seq Scan on title t  (cost=0.00..73925.90 rows=800125 width=4) (actual time=0.042..1225.881 rows=713741 loops=1)
                          Filter: ((kind_id < 7) AND (production_year > 1972))
                          Rows Removed by Filter: 1814571
Planning time: 1.188 ms
Execution time: 31515.546 ms
