Hash Join  (cost=476496.30..1615773.37 rows=10267391 width=0) (actual time=8657.113..41615.719 rows=12124153 loops=1)
  Hash Cond: (ci.movie_id = t.id)
  ->  Seq Scan on cast_info ci  (cost=0.00..614943.12 rows=36225612 width=4) (actual time=0.024..13293.950 rows=36244344 loops=1)
  ->  Hash  (cost=464738.07..464738.07 rows=716658 width=8) (actual time=8656.340..8656.340 rows=638722 loops=1)
        Buckets: 131072  Batches: 16  Memory Usage: 2576kB
        ->  Hash Join  (cost=91123.00..464738.07 rows=716658 width=8) (actual time=4069.586..8464.418 rows=638722 loops=1)
              Hash Cond: (mi.movie_id = t.id)
              ->  Seq Scan on movie_info mi  (cost=0.00..346232.03 rows=1264125 width=4) (actual time=2216.839..5493.286 rows=1288928 loops=1)
                    Filter: (info_type_id = 2)
                    Rows Removed by Filter: 13546792
              ->  Hash  (cost=67604.59..67604.59 rows=1433473 width=4) (actual time=1851.834..1851.834 rows=1434466 loops=1)
                    Buckets: 131072  Batches: 32  Memory Usage: 2607kB
                    ->  Seq Scan on title t  (cost=0.00..67604.59 rows=1433473 width=4) (actual time=0.031..1364.208 rows=1434466 loops=1)
                          Filter: (production_year > 1999)
                          Rows Removed by Filter: 1093846
Planning time: 1.205 ms
Execution time: 42898.063 ms
