Hash Join  (cost=71408.55..132218.78 rows=14525 width=0) (actual time=1380.424..2052.602 rows=29325 loops=1)
  Hash Cond: (mc.movie_id = t.id)
  ->  Seq Scan on movie_companies mc  (cost=0.00..57926.93 rows=158413 width=4) (actual time=181.088..652.685 rows=310484 loops=1)
        Filter: ((company_id > 92567) AND (company_type_id > 1))
        Rows Removed by Filter: 2298645
  ->  Hash  (cost=67604.59..67604.59 rows=231837 width=4) (actual time=1198.490..1198.490 rows=231649 loops=1)
        Buckets: 131072  Batches: 4  Memory Usage: 3076kB
        ->  Seq Scan on title t  (cost=0.00..67604.59 rows=231837 width=4) (actual time=0.034..1116.596 rows=231649 loops=1)
              Filter: (production_year > 2011)
              Rows Removed by Filter: 2296663
Planning time: 0.732 ms
Execution time: 2056.772 ms
