Seq Scan on movie_companies mc  (cost=0.00..57926.93 rows=776152 width=0) (actual time=0.025..987.449 rows=484488 loops=1)
  Filter: ((company_id < 14075) AND (company_type_id > 1))
  Rows Removed by Filter: 2124641
Planning time: 0.338 ms
Execution time: 1046.399 ms
