Seq Scan on movie_keyword mk  (cost=0.00..81003.12 rows=246 width=0) (actual time=5.803..1201.722 rows=57 loops=1)
  Filter: (keyword_id = 10253)
  Rows Removed by Filter: 4523873
Planning time: 0.305 ms
Execution time: 1201.847 ms
