Hash Join  (cost=220379.36..758884.57 rows=3774537 width=0) (actual time=5760.346..41917.010 rows=103426897 loops=1)
  Hash Cond: (mi.movie_id = t.id)
  ->  Seq Scan on movie_info mi  (cost=0.00..309384.22 rows=14739122 width=4) (actual time=0.017..6314.449 rows=14835720 loops=1)
  ->  Hash  (cost=209755.23..209755.23 rows=647530 width=8) (actual time=5759.150..5759.150 rows=2009501 loops=1)
        Buckets: 131072 (originally 131072)  Batches: 32 (originally 16)  Memory Usage: 3525kB
        ->  Hash Join  (cost=79863.89..209755.23 rows=647530 width=8) (actual time=1339.979..5168.595 rows=2009501 loops=1)
              Hash Cond: (mk.movie_id = t.id)
              ->  Seq Scan on movie_keyword mk  (cost=0.00..69693.30 rows=4523930 width=4) (actual time=0.018..1424.847 rows=4523930 loops=1)
              ->  Hash  (cost=73925.90..73925.90 rows=361919 width=4) (actual time=1339.090..1339.090 rows=470371 loops=1)
                    Buckets: 131072  Batches: 8  Memory Usage: 3110kB
                    ->  Seq Scan on title t  (cost=0.00..73925.90 rows=361919 width=4) (actual time=0.023..1186.104 rows=470371 loops=1)
                          Filter: ((kind_id < 7) AND (production_year < 1998))
                          Rows Removed by Filter: 2057941
Planning time: 0.839 ms
Execution time: 53158.470 ms
