Seq Scan on movie_keyword mk  (cost=0.00..81003.12 rows=4228673 width=0) (actual time=0.027..1547.041 rows=4231158 loops=1)
  Filter: (keyword_id < 55122)
  Rows Removed by Filter: 292772
Planning time: 0.302 ms
Execution time: 2061.335 ms
