Seq Scan on cast_info ci  (cost=0.00..796071.18 rows=101 width=0) (actual time=10215.991..11003.030 rows=969 loops=1)
  Filter: ((person_id = 2224080) AND (role_id = 2))
  Rows Removed by Filter: 36243375
Planning time: 0.313 ms
Execution time: 11003.261 ms
