Hash Join  (cost=195091.29..1299343.52 rows=6857912 width=0) (actual time=4309.445..37787.801 rows=16441873 loops=1)
  Hash Cond: (ci.movie_id = t.id)
  ->  Seq Scan on cast_info ci  (cost=0.00..614943.12 rows=36225612 width=4) (actual time=0.023..12649.545 rows=36244344 loops=1)
  ->  Hash  (cost=187237.81..187237.81 rows=478678 width=8) (actual time=4308.332..4308.332 rows=307752 loops=1)
        Buckets: 131072  Batches: 8  Memory Usage: 2495kB
        ->  Hash Join  (cost=82423.69..187237.81 rows=478678 width=8) (actual time=1934.459..4220.938 rows=307752 loops=1)
              Hash Cond: (mk.movie_id = t.id)
              ->  Seq Scan on movie_keyword mk  (cost=0.00..81003.12 rows=1340058 width=4) (actual time=0.028..1469.531 rows=1356795 loops=1)
                    Filter: (keyword_id < 1768)
                    Rows Removed by Filter: 3167135
              ->  Hash  (cost=67604.59..67604.59 rows=903208 width=4) (actual time=1932.783..1932.783 rows=904491 loops=1)
                    Buckets: 131072  Batches: 16  Memory Usage: 3017kB
                    ->  Seq Scan on title t  (cost=0.00..67604.59 rows=903208 width=4) (actual time=0.016..1292.939 rows=904491 loops=1)
                          Filter: (production_year > 2006)
                          Rows Removed by Filter: 1623821
Planning time: 1.098 ms
Execution time: 39666.091 ms
