Seq Scan on cast_info ci  (cost=0.00..705507.15 rows=476394 width=0) (actual time=442.545..10687.781 rows=400128 loops=1)
  Filter: (person_id < 45464)
  Rows Removed by Filter: 35844216
Planning time: 1.621 ms
Execution time: 10738.454 ms
