Nested Loop  (cost=0.43..83072.90 rows=109 width=0) (actual time=360.056..1219.671 rows=1 loops=1)
  ->  Seq Scan on movie_keyword mk  (cost=0.00..81003.12 rows=246 width=4) (actual time=5.617..1208.970 rows=283 loops=1)
        Filter: (keyword_id = 5911)
        Rows Removed by Filter: 4523647
  ->  Index Scan using title_pkey on title t  (cost=0.43..8.40 rows=1 width=4) (actual time=0.036..0.036 rows=0 loops=283)
        Index Cond: (id = mk.movie_id)
        Filter: ((production_year > 1986) AND (kind_id = 7))
        Rows Removed by Filter: 1
Planning time: 0.788 ms
Execution time: 1219.776 ms
