Hash Join  (cost=169237.99..537627.42 rows=373349 width=0) (actual time=2871.572..12731.069 rows=7204549 loops=1)
  Hash Cond: (mi.movie_id = t.id)
  ->  Seq Scan on movie_info mi  (cost=0.00..309384.22 rows=14739122 width=4) (actual time=0.014..3254.037 rows=14835720 loops=1)
  ->  Hash  (cost=168437.38..168437.38 rows=64049 width=8) (actual time=2871.122..2871.122 rows=113529 loops=1)
        Buckets: 131072 (originally 65536)  Batches: 2 (originally 1)  Memory Usage: 3243kB
        ->  Hash Join  (cost=74545.71..168437.38 rows=64049 width=8) (actual time=789.765..2829.701 rows=113529 loops=1)
              Hash Cond: (mk.movie_id = t.id)
              ->  Seq Scan on movie_keyword mk  (cost=0.00..81003.12 rows=3266150 width=4) (actual time=0.009..1472.946 rows=3255409 loops=1)
                    Filter: (keyword_id < 14062)
                    Rows Removed by Filter: 1268521
              ->  Hash  (cost=73925.90..73925.90 rows=49584 width=4) (actual time=789.452..789.452 rows=38752 loops=1)
                    Buckets: 65536  Batches: 1  Memory Usage: 1875kB
                    ->  Seq Scan on title t  (cost=0.00..73925.90 rows=49584 width=4) (actual time=0.171..775.871 rows=38752 loops=1)
                          Filter: ((kind_id < 7) AND (production_year = 2008))
                          Rows Removed by Filter: 2489560
Planning time: 0.710 ms
Execution time: 13515.624 ms
