Seq Scan on cast_info ci  (cost=0.00..705507.15 rows=500 width=0) (actual time=3252.123..11186.379 rows=158 loops=1)
  Filter: (person_id = 77360)
  Rows Removed by Filter: 36244186
Planning time: 0.388 ms
Execution time: 11186.488 ms
