Hash Join  (cost=919282.34..1003097.05 rows=635818 width=0) (actual time=15442.707..17830.175 rows=1023129 loops=1)
  Hash Cond: (mc.movie_id = t.id)
  ->  Seq Scan on movie_companies mc  (cost=0.00..44881.29 rows=2609129 width=4) (actual time=0.013..912.134 rows=2609129 loops=1)
  ->  Hash  (cost=909173.14..909173.14 rows=616176 width=8) (actual time=15441.529..15441.529 rows=234636 loops=1)
        Buckets: 131072  Batches: 16  Memory Usage: 1590kB
        ->  Hash Join  (cost=87180.69..909173.14 rows=616176 width=8) (actual time=9845.932..15367.889 rows=234636 loops=1)
              Hash Cond: (ci.movie_id = t.id)
              ->  Seq Scan on cast_info ci  (cost=0.00..796071.18 rows=1305738 width=4) (actual time=8092.998..13110.724 rows=423222 loops=1)
                    Filter: ((person_id < 1065198) AND (role_id = 10))
                    Rows Removed by Filter: 35821122
              ->  Hash  (cost=67604.59..67604.59 rows=1193208 width=4) (actual time=1751.375..1751.375 rows=1192518 loops=1)
                    Buckets: 131072  Batches: 16  Memory Usage: 3646kB
                    ->  Seq Scan on title t  (cost=0.00..67604.59 rows=1193208 width=4) (actual time=0.028..1381.424 rows=1192518 loops=1)
                          Filter: (production_year > 2003)
                          Rows Removed by Filter: 1335794
Planning time: 1.222 ms
Execution time: 17952.772 ms
