Hash Join  (cost=102598.65..844337.89 rows=142482 width=0) (actual time=6943.543..17396.803 rows=350376 loops=1)
  Hash Cond: (ci.movie_id = t.id)
  ->  Seq Scan on cast_info ci  (cost=0.00..705507.15 rows=9281939 width=4) (actual time=4704.666..11537.395 rows=9275771 loops=1)
        Filter: (person_id > 2773754)
        Rows Removed by Filter: 26968573
  ->  Hash  (cost=102113.48..102113.48 rows=38814 width=8) (actual time=2238.089..2238.089 rows=92908 loops=1)
        Buckets: 131072 (originally 65536)  Batches: 2 (originally 1)  Memory Usage: 3073kB
        ->  Hash Join  (cost=74814.85..102113.48 rows=38814 width=8) (actual time=1236.324..2204.091 rows=92908 loops=1)
              Hash Cond: (mi_idx.movie_id = t.id)
              ->  Seq Scan on movie_info_idx mi_idx  (cost=0.00..21735.35 rows=1380035 width=4) (actual time=0.020..418.122 rows=1380035 loops=1)
              ->  Hash  (cost=73925.90..73925.90 rows=71116 width=4) (actual time=1235.599..1235.599 rows=170723 loops=1)
                    Buckets: 131072 (originally 131072)  Batches: 2 (originally 1)  Memory Usage: 4028kB
                    ->  Seq Scan on title t  (cost=0.00..73925.90 rows=71116 width=4) (actual time=0.050..1167.166 rows=170723 loops=1)
                          Filter: ((kind_id < 7) AND (production_year < 1953))
                          Rows Removed by Filter: 2357589
Planning time: 1.174 ms
Execution time: 17441.974 ms
