Hash Join  (cost=102767.86..205918.78 rows=509895 width=0) (actual time=1908.251..3829.935 rows=509486 loops=1)
  Hash Cond: (mk.movie_id = t.id)
  ->  Seq Scan on movie_keyword mk  (cost=0.00..81003.12 rows=509895 width=4) (actual time=0.038..1261.286 rows=509486 loops=1)
        Filter: (keyword_id < 373)
        Rows Removed by Filter: 4014444
  ->  Hash  (cost=61283.27..61283.27 rows=2528527 width=4) (actual time=1901.473..1901.473 rows=2528312 loops=1)
        Buckets: 131072  Batches: 64  Memory Usage: 2425kB
        ->  Seq Scan on title t  (cost=0.00..61283.27 rows=2528527 width=4) (actual time=0.019..1057.571 rows=2528312 loops=1)
Planning time: 0.803 ms
Execution time: 3874.815 ms
