Hash Join  (cost=102767.86..1138502.61 rows=9549512 width=0) (actual time=7855.253..27684.370 rows=11997953 loops=1)
  Hash Cond: (ci.movie_id = t.id)
  ->  Seq Scan on cast_info ci  (cost=0.00..796071.18 rows=9549512 width=4) (actual time=5366.837..15290.086 rows=11997953 loops=1)
        Filter: ((person_id > 1457054) AND (role_id > 2))
        Rows Removed by Filter: 24246391
  ->  Hash  (cost=61283.27..61283.27 rows=2528527 width=4) (actual time=2487.399..2487.399 rows=2528312 loops=1)
        Buckets: 131072  Batches: 64  Memory Usage: 2415kB
        ->  Seq Scan on title t  (cost=0.00..61283.27 rows=2528527 width=4) (actual time=0.022..978.800 rows=2528312 loops=1)
Planning time: 1.538 ms
Execution time: 29096.898 ms
