Hash Join  (cost=83074.74..109986.57 rows=134 width=0) (actual time=1284.746..1838.181 rows=1043 loops=1)
  Hash Cond: (mi_idx.movie_id = t.id)
  ->  Seq Scan on movie_info_idx mi_idx  (cost=0.00..21735.35 rows=1380035 width=4) (actual time=0.013..298.485 rows=1380035 loops=1)
  ->  Hash  (cost=83071.67..83071.67 rows=246 width=8) (actual time=1284.043..1284.043 rows=394 loops=1)
        Buckets: 1024  Batches: 1  Memory Usage: 24kB
        ->  Nested Loop  (cost=0.43..83071.67 rows=246 width=8) (actual time=2.273..1283.658 rows=394 loops=1)
              ->  Seq Scan on movie_keyword mk  (cost=0.00..81003.12 rows=246 width=4) (actual time=2.226..1268.485 rows=394 loops=1)
                    Filter: (keyword_id = 4450)
                    Rows Removed by Filter: 4523536
              ->  Index Only Scan using title_pkey on title t  (cost=0.43..8.40 rows=1 width=4) (actual time=0.036..0.036 rows=1 loops=394)
                    Index Cond: (id = mk.movie_id)
                    Heap Fetches: 394
Planning time: 1.090 ms
Execution time: 1838.500 ms
