Hash Join  (cost=119730.60..607087.40 rows=707587 width=0) (actual time=2582.996..16399.302 rows=6067886 loops=1)
  Hash Cond: (mi.movie_id = t.id)
  ->  Seq Scan on movie_info mi  (cost=0.00..309384.22 rows=14739122 width=4) (actual time=0.021..6144.438 rows=14835720 loops=1)
  ->  Hash  (cost=117738.25..117738.25 rows=121388 width=8) (actual time=2554.736..2554.736 rows=276581 loops=1)
        Buckets: 131072 (originally 131072)  Batches: 4 (originally 2)  Memory Usage: 3738kB
        ->  Hash Join  (cost=79405.47..117738.25 rows=121388 width=8) (actual time=1393.990..2464.852 rows=276581 loops=1)
              Hash Cond: (mi_idx.movie_id = t.id)
              ->  Seq Scan on movie_info_idx mi_idx  (cost=0.00..25185.44 rows=919057 width=4) (actual time=0.016..520.020 rows=920110 loops=1)
                    Filter: (info_type_id > 99)
                    Rows Removed by Filter: 459925
              ->  Hash  (cost=73925.90..73925.90 rows=333965 width=4) (actual time=1393.122..1393.122 rows=411522 loops=1)
                    Buckets: 131072  Batches: 8  Memory Usage: 2841kB
                    ->  Seq Scan on title t  (cost=0.00..73925.90 rows=333965 width=4) (actual time=0.012..1272.694 rows=411522 loops=1)
                          Filter: ((production_year < 2004) AND (kind_id = 1))
                          Rows Removed by Filter: 2116790
Planning time: 1.129 ms
Execution time: 17083.674 ms
