Hash Join  (cost=92883.59..1029541.97 rows=4337224 width=0) (actual time=3566.085..25500.955 rows=6538581 loops=1)
  Hash Cond: (ci.movie_id = t.id)
  ->  Seq Scan on cast_info ci  (cost=0.00..796071.18 rows=7117593 width=4) (actual time=1792.506..15440.338 rows=10889392 loops=1)
        Filter: ((person_id > 2030028) AND (role_id > 2))
        Rows Removed by Filter: 25354952
  ->  Hash  (cost=67604.59..67604.59 rows=1540800 width=4) (actual time=1771.921..1771.921 rows=1543264 loops=1)
        Buckets: 131072  Batches: 32  Memory Usage: 2722kB
        ->  Seq Scan on title t  (cost=0.00..67604.59 rows=1540800 width=4) (actual time=0.032..1283.164 rows=1543264 loops=1)
              Filter: (kind_id = 7)
              Rows Removed by Filter: 985048
Planning time: 0.790 ms
Execution time: 26286.535 ms
