Hash Join  (cost=206991.17..286730.54 rows=340185 width=0) (actual time=4057.792..6697.891 rows=2300214 loops=1)
  Hash Cond: (mc.movie_id = t.id)
  ->  Seq Scan on movie_companies mc  (cost=0.00..44881.29 rows=2609129 width=4) (actual time=0.015..905.192 rows=2609129 loops=1)
  ->  Hash  (cost=201582.22..201582.22 rows=329676 width=8) (actual time=4056.936..4056.936 rows=346691 loops=1)
        Buckets: 131072  Batches: 8  Memory Usage: 2744kB
        ->  Hash Join  (cost=102767.86..201582.22 rows=329676 width=8) (actual time=1937.998..3960.981 rows=346691 loops=1)
              Hash Cond: (mk.movie_id = t.id)
              ->  Seq Scan on movie_keyword mk  (cost=0.00..81003.12 rows=329676 width=4) (actual time=0.023..1369.949 rows=346691 loops=1)
                    Filter: (keyword_id < 297)
                    Rows Removed by Filter: 4177239
              ->  Hash  (cost=61283.27..61283.27 rows=2528527 width=4) (actual time=1935.750..1935.750 rows=2528312 loops=1)
                    Buckets: 131072  Batches: 64  Memory Usage: 2425kB
                    ->  Seq Scan on title t  (cost=0.00..61283.27 rows=2528527 width=4) (actual time=0.023..1077.360 rows=2528312 loops=1)
Planning time: 0.834 ms
Execution time: 6953.793 ms
