Seq Scan on movie_keyword mk  (cost=0.00..81003.12 rows=3990205 width=0) (actual time=0.019..1628.796 rows=4000570 loops=1)
  Filter: (keyword_id < 34644)
  Rows Removed by Filter: 523360
Planning time: 0.301 ms
Execution time: 2111.813 ms
