Nested Loop  (cost=0.43..52283.69 rows=104 width=0) (actual time=0.482..2612.282 rows=1077 loops=1)
  ->  Seq Scan on movie_companies mc  (cost=0.00..51404.11 rows=104 width=4) (actual time=0.405..836.916 rows=1077 loops=1)
        Filter: (company_id = 1841)
        Rows Removed by Filter: 2608052
  ->  Index Only Scan using title_pkey on title t  (cost=0.43..8.45 rows=1 width=4) (actual time=1.647..1.647 rows=1 loops=1077)
        Index Cond: (id = mc.movie_id)
        Heap Fetches: 1077
Planning time: 0.688 ms
Execution time: 2612.688 ms
