Seq Scan on movie_keyword mk  (cost=0.00..81003.12 rows=3798309 width=0) (actual time=0.027..1472.702 rows=3790877 loops=1)
  Filter: (keyword_id < 25672)
  Rows Removed by Filter: 733053
Planning time: 0.290 ms
Execution time: 1928.937 ms
