Hash Join  (cost=83074.74..431083.29 rows=46 width=181) (actual time=7713.698..9147.000 rows=4287 loops=1)
  Hash Cond: (mi.movie_id = t.id)
  ->  Seq Scan on movie_info mi  (cost=0.00..346232.03 rows=473617 width=75) (actual time=5912.734..7272.813 rows=486554 loops=1)
        Filter: (info_type_id = 5)
        Rows Removed by Filter: 14349166
  ->  Hash  (cost=83071.67..83071.67 rows=246 width=106) (actual time=1799.883..1799.883 rows=740 loops=1)
        Buckets: 1024  Batches: 1  Memory Usage: 99kB
        ->  Nested Loop  (cost=0.43..83071.67 rows=246 width=106) (actual time=0.330..1798.619 rows=740 loops=1)
              ->  Seq Scan on movie_keyword mk  (cost=0.00..81003.12 rows=246 width=12) (actual time=0.267..1725.051 rows=740 loops=1)
                    Filter: (keyword_id = 1118)
                    Rows Removed by Filter: 4523190
              ->  Index Scan using title_pkey on title t  (cost=0.43..8.40 rows=1 width=94) (actual time=0.095..0.096 rows=1 loops=740)
                    Index Cond: (id = mk.movie_id)
Planning time: 1.223 ms
Execution time: 9147.353 ms
