Hash Join  (cost=234725.58..777662.92 rows=5916641 width=0) (actual time=4954.981..45739.522 rows=43686102 loops=1)
  Hash Cond: (mi.movie_id = t.id)
  ->  Seq Scan on movie_info mi  (cost=0.00..309384.22 rows=14739122 width=4) (actual time=0.023..18240.953 rows=14835720 loops=1)
  ->  Hash  (cost=218072.93..218072.93 rows=1015012 width=8) (actual time=4953.841..4953.841 rows=1016985 loops=1)
        Buckets: 131072  Batches: 16  Memory Usage: 3608kB
        ->  Hash Join  (cost=102767.86..218072.93 rows=1015012 width=8) (actual time=2037.091..4656.523 rows=1016985 loops=1)
              Hash Cond: (mk.movie_id = t.id)
              ->  Seq Scan on movie_keyword mk  (cost=0.00..81003.12 rows=1015012 width=4) (actual time=0.020..1379.529 rows=1016985 loops=1)
                    Filter: (keyword_id < 992)
                    Rows Removed by Filter: 3506945
              ->  Hash  (cost=61283.27..61283.27 rows=2528527 width=4) (actual time=2035.823..2035.823 rows=2528312 loops=1)
                    Buckets: 131072  Batches: 64  Memory Usage: 2425kB
                    ->  Seq Scan on title t  (cost=0.00..61283.27 rows=2528527 width=4) (actual time=0.016..1158.071 rows=2528312 loops=1)
Planning time: 1.167 ms
Execution time: 51813.937 ms
