Seq Scan on movie_keyword mk  (cost=0.00..81003.12 rows=4373 width=0) (actual time=1141.548..3687.020 rows=4347 loops=1)
  Filter: (keyword_id = 18607)
  Rows Removed by Filter: 4519583
Planning time: 0.353 ms
Execution time: 3687.728 ms
