Hash Join  (cost=102767.86..943618.27 rows=1450414 width=0) (actual time=2508.172..17180.909 rows=1550023 loops=1)
  Hash Cond: (ci.movie_id = t.id)
  ->  Seq Scan on cast_info ci  (cost=0.00..796071.18 rows=1450414 width=4) (actual time=508.267..13516.551 rows=1550023 loops=1)
        Filter: ((person_id > 1669539) AND (role_id = 4))
        Rows Removed by Filter: 34694321
  ->  Hash  (cost=61283.27..61283.27 rows=2528527 width=4) (actual time=1998.191..1998.191 rows=2528312 loops=1)
        Buckets: 131072  Batches: 64  Memory Usage: 2415kB
        ->  Seq Scan on title t  (cost=0.00..61283.27 rows=2528527 width=4) (actual time=0.015..1142.125 rows=2528312 loops=1)
Planning time: 0.733 ms
Execution time: 17368.978 ms
