Hash Join  (cost=121105.15..198122.17 rows=142649 width=0) (actual time=7557.126..12896.237 rows=1118764 loops=1)
  Hash Cond: (mc.movie_id = t.id)
  ->  Seq Scan on movie_companies mc  (cost=0.00..44881.29 rows=2609129 width=4) (actual time=0.025..3368.517 rows=2609129 loops=1)
  ->  Hash  (cost=118836.13..118836.13 rows=138242 width=8) (actual time=7556.304..7556.304 rows=303710 loops=1)
        Buckets: 131072 (originally 131072)  Batches: 4 (originally 2)  Memory Usage: 3996kB
        ->  Hash Join  (cost=80193.64..118836.13 rows=138242 width=8) (actual time=5567.731..7434.320 rows=303710 loops=1)
              Hash Cond: (mi_idx.movie_id = t.id)
              ->  Seq Scan on movie_info_idx mi_idx  (cost=0.00..25185.44 rows=915101 width=4) (actual time=0.022..1848.898 rows=919850 loops=1)
                    Filter: (info_type_id < 101)
                    Rows Removed by Filter: 460185
              ->  Hash  (cost=73925.90..73925.90 rows=381979 width=4) (actual time=4798.403..4798.403 rows=440029 loops=1)
                    Buckets: 131072  Batches: 8  Memory Usage: 2968kB
                    ->  Seq Scan on title t  (cost=0.00..73925.90 rows=381979 width=4) (actual time=132.469..4278.261 rows=440029 loops=1)
                          Filter: ((kind_id < 2) AND (production_year < 2006))
                          Rows Removed by Filter: 2088283
Planning time: 1.183 ms
Execution time: 13090.253 ms
