Seq Scan on movie_keyword mk  (cost=0.00..81003.12 rows=667555 width=0) (actual time=0.030..4071.320 rows=668955 loops=1)
  Filter: (keyword_id < 523)
  Rows Removed by Filter: 3854975
Planning time: 7.353 ms
Execution time: 4172.835 ms
