Seq Scan on movie_companies mc  (cost=0.00..51404.11 rows=754596 width=0) (actual time=0.033..2566.272 rows=749156 loops=1)
  Filter: (company_id < 1461)
  Rows Removed by Filter: 1859973
Planning time: 0.315 ms
Execution time: 2706.752 ms
