Seq Scan on cast_info ci  (cost=0.00..705507.15 rows=7060472 width=0) (actual time=7527.491..36026.449 rows=7130315 loops=1)
  Filter: (person_id > 2954112)
  Rows Removed by Filter: 29114029
Planning time: 0.276 ms
Execution time: 37171.115 ms
