Seq Scan on movie_keyword mk  (cost=0.00..81003.12 rows=246 width=0) (actual time=37.551..3479.540 rows=200 loops=1)
  Filter: (keyword_id = 15391)
  Rows Removed by Filter: 4523730
Planning time: 0.315 ms
Execution time: 3479.796 ms
