Hash Join  (cost=92883.59..1415875.65 rows=19708166 width=0) (actual time=4906.719..81464.501 rows=18982228 loops=1)
  Hash Cond: (ci.movie_id = t.id)
  ->  Seq Scan on cast_info ci  (cost=0.00..705507.15 rows=32342050 width=4) (actual time=0.023..46358.631 rows=32312295 loops=1)
        Filter: (person_id < 3339510)
        Rows Removed by Filter: 3932049
  ->  Hash  (cost=67604.59..67604.59 rows=1540800 width=4) (actual time=4904.933..4904.933 rows=1543264 loops=1)
        Buckets: 131072  Batches: 32  Memory Usage: 2722kB
        ->  Seq Scan on title t  (cost=0.00..67604.59 rows=1540800 width=4) (actual time=0.013..4239.812 rows=1543264 loops=1)
              Filter: (kind_id = 7)
              Rows Removed by Filter: 985048
Planning time: 1.558 ms
Execution time: 84107.834 ms
