Hash Join  (cost=94699.36..488629.30 rows=20331 width=0) (actual time=5130.198..26898.886 rows=46923 loops=1)
  Hash Cond: (mi.movie_id = t.id)
  ->  Seq Scan on movie_info mi  (cost=0.00..346232.03 rows=12665229 width=4) (actual time=565.101..19682.179 rows=12744652 loops=1)
        Filter: (info_type_id > 2)
        Rows Removed by Filter: 2091068
  ->  Hash  (cost=94648.62..94648.62 rows=4059 width=8) (actual time=4390.196..4390.196 rows=2289 loops=1)
        Buckets: 4096  Batches: 1  Memory Usage: 122kB
        ->  Hash Join  (cost=67697.55..94648.62 rows=4059 width=8) (actual time=2917.214..4389.111 rows=2289 loops=1)
              Hash Cond: (mi_idx.movie_id = t.id)
              ->  Seq Scan on movie_info_idx mi_idx  (cost=0.00..21735.35 rows=1380035 width=4) (actual time=0.032..1089.327 rows=1380035 loops=1)
              ->  Hash  (cost=67604.59..67604.59 rows=7437 width=4) (actual time=2917.011..2917.011 rows=1730 loops=1)
                    Buckets: 8192  Batches: 1  Memory Usage: 125kB
                    ->  Seq Scan on title t  (cost=0.00..67604.59 rows=7437 width=4) (actual time=0.092..2915.977 rows=1730 loops=1)
                          Filter: (production_year = 1945)
                          Rows Removed by Filter: 2526582
Planning time: 1.105 ms
Execution time: 26906.696 ms
