Seq Scan on movie_companies mc  (cost=0.00..57926.93 rows=176710 width=0) (actual time=0.026..2666.394 rows=351191 loops=1)
  Filter: ((company_id > 88153) AND (company_type_id > 1))
  Rows Removed by Filter: 2257938
Planning time: 0.336 ms
Execution time: 2721.953 ms
