Nested Loop  (cost=0.43..52283.69 rows=104 width=0) (actual time=46.061..2295.931 rows=257 loops=1)
  ->  Seq Scan on movie_companies mc  (cost=0.00..51404.11 rows=104 width=4) (actual time=45.972..2254.229 rows=257 loops=1)
        Filter: (company_id = 11359)
        Rows Removed by Filter: 2608872
  ->  Index Only Scan using title_pkey on title t  (cost=0.43..8.45 rows=1 width=4) (actual time=0.160..0.160 rows=1 loops=257)
        Index Cond: (id = mc.movie_id)
        Heap Fetches: 257
Planning time: 0.777 ms
Execution time: 2296.119 ms
