Hash Join  (cost=102767.86..227257.13 rows=1396686 width=0) (actual time=5770.803..12332.072 rows=1410138 loops=1)
  Hash Cond: (mk.movie_id = t.id)
  ->  Seq Scan on movie_keyword mk  (cost=0.00..81003.12 rows=1396686 width=4) (actual time=0.025..4631.963 rows=1410138 loops=1)
        Filter: (keyword_id < 1932)
        Rows Removed by Filter: 3113792
  ->  Hash  (cost=61283.27..61283.27 rows=2528527 width=4) (actual time=5768.913..5768.913 rows=2528312 loops=1)
        Buckets: 131072  Batches: 64  Memory Usage: 2425kB
        ->  Seq Scan on title t  (cost=0.00..61283.27 rows=2528527 width=4) (actual time=0.019..4487.468 rows=2528312 loops=1)
Planning time: 0.731 ms
Execution time: 12565.264 ms
