Seq Scan on movie_keyword mk  (cost=0.00..81003.12 rows=246 width=0) (actual time=44.073..1271.283 rows=145 loops=1)
  Filter: (keyword_id = 12737)
  Rows Removed by Filter: 4523785
Planning time: 0.345 ms
Execution time: 1271.489 ms
