Hash Join  (cost=100674.35..155359.14 rows=889826 width=0) (actual time=6287.334..9315.551 rows=730719 loops=1)
  Hash Cond: (mi_idx.movie_id = t.id)
  ->  Seq Scan on movie_info_idx mi_idx  (cost=0.00..21735.35 rows=1380035 width=4) (actual time=0.027..1412.856 rows=1380035 loops=1)
  ->  Hash  (cost=73925.90..73925.90 rows=1630356 width=4) (actual time=6285.899..6285.899 rows=1739665 loops=1)
        Buckets: 131072  Batches: 32  Memory Usage: 2940kB
        ->  Seq Scan on title t  (cost=0.00..73925.90 rows=1630356 width=4) (actual time=0.015..4993.602 rows=1739665 loops=1)
              Filter: ((kind_id > 1) AND (production_year > 1960))
              Rows Removed by Filter: 788647
Planning time: 12.240 ms
Execution time: 9411.717 ms
