Hash Join  (cost=365418.15..2293118.55 rows=62549187 width=0) (actual time=17533.329..155160.661 rows=208895581 loops=1)
  Hash Cond: (ci.movie_id = t.id)
  ->  Seq Scan on cast_info ci  (cost=0.00..705507.15 rows=34960158 width=4) (actual time=0.008..52257.738 rows=35074860 loops=1)
        Filter: (person_id > 118585)
        Rows Removed by Filter: 1169484
  ->  Hash  (cost=291197.02..291197.02 rows=4523930 width=8) (actual time=17531.489..17531.489 rows=4523930 loops=1)
        Buckets: 131072  Batches: 64  Memory Usage: 3816kB
        ->  Hash Join  (cost=102767.86..291197.02 rows=4523930 width=8) (actual time=5492.370..15962.233 rows=4523930 loops=1)
              Hash Cond: (mk.movie_id = t.id)
              ->  Seq Scan on movie_keyword mk  (cost=0.00..69693.30 rows=4523930 width=4) (actual time=0.013..5139.700 rows=4523930 loops=1)
              ->  Hash  (cost=61283.27..61283.27 rows=2528527 width=4) (actual time=5491.363..5491.363 rows=2528312 loops=1)
                    Buckets: 131072  Batches: 64  Memory Usage: 2425kB
                    ->  Seq Scan on title t  (cost=0.00..61283.27 rows=2528527 width=4) (actual time=0.018..4263.409 rows=2528312 loops=1)
Planning time: 1.091 ms
Execution time: 183913.099 ms
