Seq Scan on movie_keyword mk  (cost=0.00..81003.12 rows=632905 width=0) (actual time=0.020..3695.600 rows=632848 loops=1)
  Filter: (keyword_id < 495)
  Rows Removed by Filter: 3891082
Planning time: 0.272 ms
Execution time: 3824.186 ms
