Hash Join  (cost=93117.31..240533.64 rows=1956855 width=0) (actual time=1841.320..5946.014 rows=2422404 loops=1)
  Hash Cond: (mk.movie_id = t.id)
  ->  Seq Scan on movie_keyword mk  (cost=0.00..81003.12 rows=3181931 width=4) (actual time=0.029..1744.350 rows=3171068 loops=1)
        Filter: (keyword_id < 12481)
        Rows Removed by Filter: 1352862
  ->  Hash  (cost=67604.59..67604.59 rows=1555018 width=4) (actual time=1839.010..1839.010 rows=1551727 loops=1)
        Buckets: 131072  Batches: 32  Memory Usage: 2736kB
        ->  Seq Scan on title t  (cost=0.00..67604.59 rows=1555018 width=4) (actual time=0.015..1299.819 rows=1551727 loops=1)
              Filter: (production_year < 2007)
              Rows Removed by Filter: 976585
Planning time: 0.698 ms
Execution time: 6227.587 ms
