Hash Join  (cost=149390.61..649954.90 rows=731866 width=0) (actual time=8253.662..41810.080 rows=2497670 loops=1)
  Hash Cond: (mi.movie_id = t.id)
  ->  Seq Scan on movie_info mi  (cost=0.00..346232.03 rows=12665229 width=4) (actual time=0.012..25380.901 rows=12744652 loops=1)
        Filter: (info_type_id > 2)
        Rows Removed by Filter: 2091068
  ->  Hash  (cost=146993.21..146993.21 rows=146112 width=8) (actual time=8252.768..8252.768 rows=114616 loops=1)
        Buckets: 131072  Batches: 2  Memory Usage: 3247kB
        ->  Hash Join  (cost=69928.56..146993.21 rows=146112 width=8) (actual time=3645.095..8202.004 rows=114616 loops=1)
              Hash Cond: (mc.movie_id = t.id)
              ->  Seq Scan on movie_companies mc  (cost=0.00..44881.29 rows=2609129 width=4) (actual time=0.026..3201.493 rows=2609129 loops=1)
              ->  Hash  (cost=67604.59..67604.59 rows=141598 width=4) (actual time=3644.328..3644.328 rows=141703 loops=1)
                    Buckets: 131072  Batches: 2  Memory Usage: 3511kB
                    ->  Seq Scan on title t  (cost=0.00..67604.59 rows=141598 width=4) (actual time=0.022..3585.221 rows=141703 loops=1)
                          Filter: (production_year = 2010)
                          Rows Removed by Filter: 2386609
Planning time: 1.211 ms
Execution time: 42259.416 ms
