Hash Join  (cost=206518.73..1099371.38 rows=2254120 width=0) (actual time=17348.207..70777.451 rows=13924386 loops=1)
  Hash Cond: (ci.movie_id = t.id)
  ->  Seq Scan on cast_info ci  (cost=0.00..705507.15 rows=12726058 width=4) (actual time=5530.444..45134.280 rows=12670688 loops=1)
        Filter: (role_id < 2)
        Rows Removed by Filter: 23573656
  ->  Hash  (cost=199170.36..199170.36 rows=447869 width=8) (actual time=11813.618..11813.618 rows=742852 loops=1)
        Buckets: 131072 (originally 131072)  Batches: 16 (originally 8)  Memory Usage: 3073kB
        ->  Hash Join  (cost=71711.64..199170.36 rows=447869 width=8) (actual time=3549.088..11474.253 rows=742852 loops=1)
              Hash Cond: (mk.movie_id = t.id)
              ->  Seq Scan on movie_keyword mk  (cost=0.00..69693.30 rows=4523930 width=4) (actual time=0.030..4831.074 rows=4523930 loops=1)
              ->  Hash  (cost=67604.59..67604.59 rows=250324 width=4) (actual time=3532.798..3532.798 rows=252521 loops=1)
                    Buckets: 131072  Batches: 4  Memory Usage: 3250kB
                    ->  Seq Scan on title t  (cost=0.00..67604.59 rows=250324 width=4) (actual time=0.029..3420.107 rows=252521 loops=1)
                          Filter: (production_year < 1961)
                          Rows Removed by Filter: 2275791
Planning time: 3.299 ms
Execution time: 72981.979 ms
