Hash Join  (cost=851652.75..1059027.23 rows=1508449 width=0) (actual time=64413.899..70259.730 rows=1027239 loops=1)
  Hash Cond: (mk.movie_id = t.id)
  ->  Seq Scan on movie_keyword mk  (cost=0.00..81003.12 rows=3862543 width=4) (actual time=0.028..5877.444 rows=3863115 loops=1)
        Filter: (keyword_id > 508)
        Rows Removed by Filter: 660815
  ->  Hash  (cost=835451.35..835451.35 rows=987472 width=8) (actual time=61051.169..61051.169 rows=1292350 loops=1)
        Buckets: 131072 (originally 131072)  Batches: 32 (originally 16)  Memory Usage: 3073kB
        ->  Hash Join  (cost=74787.47..835451.35 rows=987472 width=8) (actual time=4102.613..58413.908 rows=1292350 loops=1)
              Hash Cond: (ci.movie_id = t.id)
              ->  Seq Scan on cast_info ci  (cost=0.00..614943.12 rows=36225612 width=4) (actual time=0.026..36971.994 rows=36244344 loops=1)
              ->  Hash  (cost=73925.90..73925.90 rows=68925 width=4) (actual time=4101.842..4101.842 rows=84076 loops=1)
                    Buckets: 131072  Batches: 1  Memory Usage: 3980kB
                    ->  Seq Scan on title t  (cost=0.00..73925.90 rows=68925 width=4) (actual time=0.023..4062.093 rows=84076 loops=1)
                          Filter: ((kind_id = 7) AND (production_year = 2007))
                          Rows Removed by Filter: 2444236
Planning time: 1.163 ms
Execution time: 70417.531 ms
