Seq Scan on cast_info ci  (cost=0.00..705507.15 rows=5273510 width=0) (actual time=3955.611..32147.392 rows=5179332 loops=1)
  Filter: (person_id < 500836)
  Rows Removed by Filter: 31065012
Planning time: 9.940 ms
Execution time: 33063.842 ms
