Seq Scan on movie_keyword mk  (cost=0.00..81003.12 rows=246 width=0) (actual time=27.094..3002.496 rows=896 loops=1)
  Filter: (keyword_id = 983)
  Rows Removed by Filter: 4523034
Planning time: 0.307 ms
Execution time: 3002.983 ms
