Seq Scan on cast_info ci  (cost=0.00..705507.15 rows=2876992 width=0) (actual time=16515.810..30292.958 rows=2931441 loops=1)
  Filter: (person_id > 3513651)
  Rows Removed by Filter: 33312903
Planning time: 0.374 ms
Execution time: 30803.859 ms
