Seq Scan on movie_keyword mk  (cost=0.00..81003.12 rows=2023369 width=0) (actual time=0.045..3906.593 rows=2028768 loops=1)
  Filter: (keyword_id > 6082)
  Rows Removed by Filter: 2495162
Planning time: 0.335 ms
Execution time: 4243.910 ms
