Hash Join  (cost=83074.74..833899.15 rows=3524 width=0) (actual time=4076.003..51058.980 rows=59589 loops=1)
  Hash Cond: (ci.movie_id = t.id)
  ->  Seq Scan on cast_info ci  (cost=0.00..614943.12 rows=36225612 width=4) (actual time=0.006..36436.903 rows=36244344 loops=1)
  ->  Hash  (cost=83071.67..83071.67 rows=246 width=8) (actual time=4075.562..4075.562 rows=1176 loops=1)
        Buckets: 2048 (originally 1024)  Batches: 1 (originally 1)  Memory Usage: 62kB
        ->  Nested Loop  (cost=0.43..83071.67 rows=246 width=8) (actual time=20.176..4074.333 rows=1176 loops=1)
              ->  Seq Scan on movie_keyword mk  (cost=0.00..81003.12 rows=246 width=4) (actual time=20.107..3726.573 rows=1176 loops=1)
                    Filter: (keyword_id = 1947)
                    Rows Removed by Filter: 4522754
              ->  Index Only Scan using title_pkey on title t  (cost=0.43..8.40 rows=1 width=4) (actual time=0.288..0.288 rows=1 loops=1176)
                    Index Cond: (id = mk.movie_id)
                    Heap Fetches: 1176
Planning time: 4.153 ms
Execution time: 51084.344 ms
