Hash Join  (cost=177051.55..308630.55 rows=785996 width=0) (actual time=4864.469..7362.940 rows=702306 loops=1)
  Hash Cond: (mk.movie_id = t.id)
  ->  Seq Scan on movie_keyword mk  (cost=0.00..69693.30 rows=4523930 width=4) (actual time=0.033..1452.987 rows=4523930 loops=1)
  ->  Hash  (cost=169843.16..169843.16 rows=439311 width=8) (actual time=3837.988..3837.988 rows=186488 loops=1)
        Buckets: 131072  Batches: 8  Memory Usage: 1923kB
        ->  Hash Join  (cost=91219.03..169843.16 rows=439311 width=8) (actual time=2057.772..3779.876 rows=186488 loops=1)
              Hash Cond: (mc.movie_id = t.id)
              ->  Seq Scan on movie_companies mc  (cost=0.00..57926.93 rows=1053890 width=4) (actual time=308.011..1200.417 rows=1274246 loops=1)
                    Filter: ((company_id < 76379) AND (company_type_id < 2))
                    Rows Removed by Filter: 1334883
              ->  Hash  (cost=73925.90..73925.90 rows=1054010 width=4) (actual time=1748.456..1748.456 rows=1148948 loops=1)
                    Buckets: 131072  Batches: 16  Memory Usage: 3556kB
                    ->  Seq Scan on title t  (cost=0.00..73925.90 rows=1054010 width=4) (actual time=187.092..1265.125 rows=1148948 loops=1)
                          Filter: ((production_year > 1991) AND (kind_id = 7))
                          Rows Removed by Filter: 1379364
Planning time: 1.113 ms
Execution time: 7451.609 ms
