Hash Join  (cost=152749.23..573367.44 rows=201752 width=0) (actual time=9287.137..30430.122 rows=356606 loops=1)
  Hash Cond: (mi.movie_id = t.id)
  ->  Seq Scan on movie_info mi  (cost=0.00..346232.03 rows=6231111 width=4) (actual time=1442.022..19378.775 rows=6223494 loops=1)
        Filter: (info_type_id > 8)
        Rows Removed by Filter: 8612226
  ->  Hash  (cost=151405.87..151405.87 rows=81869 width=8) (actual time=7843.819..7843.819 rows=61267 loops=1)
        Buckets: 131072  Batches: 2  Memory Usage: 2209kB
        ->  Hash Join  (cost=75227.65..151405.87 rows=81869 width=8) (actual time=3762.950..7800.766 rows=61267 loops=1)
              Hash Cond: (mc.movie_id = t.id)
              ->  Seq Scan on movie_companies mc  (cost=0.00..44881.29 rows=2609129 width=4) (actual time=0.028..2815.514 rows=2609129 loops=1)
              ->  Hash  (cost=73925.90..73925.90 rows=79340 width=4) (actual time=3760.040..3760.040 rows=92312 loops=1)
                    Buckets: 131072  Batches: 2  Memory Usage: 2648kB
                    ->  Seq Scan on title t  (cost=0.00..73925.90 rows=79340 width=4) (actual time=0.032..3691.612 rows=92312 loops=1)
                          Filter: ((kind_id > 1) AND (production_year = 2006))
                          Rows Removed by Filter: 2436000
Planning time: 1.236 ms
Execution time: 30499.475 ms
