Hash Join  (cost=919641.89..1416236.12 rows=1573330 width=0) (actual time=46976.289..78514.359 rows=3343306 loops=1)
  Hash Cond: (mi.movie_id = t.id)
  ->  Seq Scan on movie_info mi  (cost=0.00..309384.22 rows=14739122 width=4) (actual time=0.008..21291.897 rows=14835720 loops=1)
  ->  Hash  (cost=915213.04..915213.04 rows=269908 width=8) (actual time=46975.434..46975.434 rows=282997 loops=1)
        Buckets: 131072  Batches: 4  Memory Usage: 3794kB
        ->  Hash Join  (cost=102767.86..915213.04 rows=269908 width=8) (actual time=19517.860..46866.391 rows=282997 loops=1)
              Hash Cond: (ci.movie_id = t.id)
              ->  Seq Scan on cast_info ci  (cost=0.00..796071.18 rows=269908 width=4) (actual time=13441.621..40008.583 rows=282997 loops=1)
                    Filter: ((person_id > 801590) AND (role_id > 10))
                    Rows Removed by Filter: 35961347
              ->  Hash  (cost=61283.27..61283.27 rows=2528527 width=4) (actual time=6057.990..6057.990 rows=2528312 loops=1)
                    Buckets: 131072  Batches: 64  Memory Usage: 2415kB
                    ->  Seq Scan on title t  (cost=0.00..61283.27 rows=2528527 width=4) (actual time=0.019..4171.449 rows=2528312 loops=1)
Planning time: 1.176 ms
Execution time: 79054.086 ms
