Hash Join  (cost=83073.20..897812.33 rows=276 width=0) (actual time=2856.623..51034.489 rows=987 loops=1)
  Hash Cond: (ci.movie_id = t.id)
  ->  Seq Scan on cast_info ci  (cost=0.00..705507.15 rows=29127793 width=4) (actual time=0.019..41460.244 rows=29076955 loops=1)
        Filter: (person_id < 2951044)
        Rows Removed by Filter: 7167389
  ->  Hash  (cost=83072.90..83072.90 rows=24 width=8) (actual time=2848.646..2848.646 rows=24 loops=1)
        Buckets: 1024  Batches: 1  Memory Usage: 9kB
        ->  Nested Loop  (cost=0.43..83072.90 rows=24 width=8) (actual time=62.743..2848.574 rows=24 loops=1)
              ->  Seq Scan on movie_keyword mk  (cost=0.00..81003.12 rows=246 width=4) (actual time=62.671..2836.971 rows=97 loops=1)
                    Filter: (keyword_id = 24602)
                    Rows Removed by Filter: 4523833
              ->  Index Scan using title_pkey on title t  (cost=0.43..8.40 rows=1 width=4) (actual time=0.114..0.114 rows=0 loops=97)
                    Index Cond: (id = mk.movie_id)
                    Filter: ((kind_id < 7) AND (production_year < 1987))
                    Rows Removed by Filter: 1
Planning time: 1.908 ms
Execution time: 51035.440 ms
