Hash Join  (cost=210029.61..353284.02 rows=1744338 width=0) (actual time=12654.094..28133.793 rows=26327837 loops=1)
  Hash Cond: (mk.movie_id = t.id)
  ->  Seq Scan on movie_keyword mk  (cost=0.00..69693.30 rows=4523930 width=4) (actual time=0.029..4992.480 rows=4523930 loops=1)
  ->  Hash  (cost=194033.73..194033.73 rows=974950 width=8) (actual time=12652.322..12652.322 rows=1262987 loops=1)
        Buckets: 131072 (originally 131072)  Batches: 32 (originally 16)  Memory Usage: 3073kB
        ->  Hash Join  (cost=102767.86..194033.73 rows=974950 width=8) (actual time=6146.203..12194.700 rows=1262987 loops=1)
              Hash Cond: (mc.movie_id = t.id)
              ->  Seq Scan on movie_companies mc  (cost=0.00..57926.93 rows=974950 width=4) (actual time=0.023..3808.300 rows=1262987 loops=1)
                    Filter: ((company_id < 61040) AND (company_type_id < 2))
                    Rows Removed by Filter: 1346142
              ->  Hash  (cost=61283.27..61283.27 rows=2528527 width=4) (actual time=6145.022..6145.022 rows=2528312 loops=1)
                    Buckets: 131072  Batches: 64  Memory Usage: 2415kB
                    ->  Seq Scan on title t  (cost=0.00..61283.27 rows=2528527 width=4) (actual time=0.338..4307.988 rows=2528312 loops=1)
Planning time: 8.857 ms
Execution time: 31842.792 ms
