Hash Join  (cost=197951.11..685091.57 rows=687352 width=0) (actual time=11188.417..40356.681 rows=3634316 loops=1)
  Hash Cond: (mi.movie_id = t.id)
  ->  Seq Scan on movie_info mi  (cost=0.00..309384.22 rows=14739122 width=4) (actual time=0.012..20158.020 rows=14835720 loops=1)
  ->  Hash  (cost=196016.15..196016.15 rows=117917 width=8) (actual time=11187.607..11187.607 rows=77918 loops=1)
        Buckets: 131072  Batches: 2  Memory Usage: 2526kB
        ->  Hash Join  (cost=75411.94..196016.15 rows=117917 width=8) (actual time=4253.978..11157.146 rows=77918 loops=1)
              Hash Cond: (mk.movie_id = t.id)
              ->  Seq Scan on movie_keyword mk  (cost=0.00..81003.12 rows=3292242 width=4) (actual time=0.026..5468.106 rows=3280608 loops=1)
                    Filter: (keyword_id < 14540)
                    Rows Removed by Filter: 1243322
              ->  Hash  (cost=73925.90..73925.90 rows=90563 width=4) (actual time=4246.625..4246.625 rows=80990 loops=1)
                    Buckets: 131072  Batches: 2  Memory Usage: 2456kB
                    ->  Seq Scan on title t  (cost=0.00..73925.90 rows=90563 width=4) (actual time=0.061..3625.655 rows=80990 loops=1)
                          Filter: ((kind_id < 7) AND (production_year > 2011))
                          Rows Removed by Filter: 2447322
Planning time: 2.492 ms
Execution time: 40936.345 ms
