Seq Scan on cast_info ci  (cost=0.00..705507.15 rows=1487414 width=0) (actual time=7556.521..11337.878 rows=1494763 loops=1)
  Filter: (person_id > 3767812)
  Rows Removed by Filter: 34749581
Planning time: 0.303 ms
Execution time: 11519.055 ms
