Hash Join  (cost=74690.97..169405.42 rows=83138 width=0) (actual time=2661.513..7789.641 rows=66399 loops=1)
  Hash Cond: (mk.movie_id = t.id)
  ->  Seq Scan on movie_keyword mk  (cost=0.00..81003.12 rows=3434653 width=4) (actual time=0.024..4246.090 rows=3429799 loops=1)
        Filter: (keyword_id > 1116)
        Rows Removed by Filter: 1094131
  ->  Hash  (cost=73925.90..73925.90 rows=61205 width=4) (actual time=2660.919..2660.919 rows=61581 loops=1)
        Buckets: 65536  Batches: 1  Memory Usage: 2677kB
        ->  Seq Scan on title t  (cost=0.00..73925.90 rows=61205 width=4) (actual time=965.544..2612.249 rows=61581 loops=1)
              Filter: ((kind_id < 2) AND (production_year > 2011))
              Rows Removed by Filter: 2466731
Planning time: 0.817 ms
Execution time: 7799.283 ms
