Nested Loop  (cost=0.43..447891.89 rows=10783 width=0) (actual time=2012.487..15468.830 rows=661 loops=1)
  ->  Seq Scan on movie_info mi  (cost=0.00..346232.03 rows=17937 width=4) (actual time=2012.360..15003.816 rows=6578 loops=1)
        Filter: (info_type_id = 77)
        Rows Removed by Filter: 14829142
  ->  Index Scan using title_pkey on title t  (cost=0.43..5.66 rows=1 width=4) (actual time=0.070..0.070 rows=0 loops=6578)
        Index Cond: (id = mi.movie_id)
        Filter: ((kind_id > 1) AND (production_year < 2011))
        Rows Removed by Filter: 1
Planning time: 0.716 ms
Execution time: 15469.144 ms
