Hash Join  (cost=102767.86..1198012.32 rows=15786296 width=0) (actual time=11745.619..65895.938 rows=15899944 loops=1)
  Hash Cond: (ci.movie_id = t.id)
  ->  Seq Scan on cast_info ci  (cost=0.00..705507.15 rows=15786296 width=4) (actual time=6504.481..42867.941 rows=15899944 loops=1)
        Filter: (person_id > 2045218)
        Rows Removed by Filter: 20344400
  ->  Hash  (cost=61283.27..61283.27 rows=2528527 width=4) (actual time=5239.309..5239.309 rows=2528312 loops=1)
        Buckets: 131072  Batches: 64  Memory Usage: 2415kB
        ->  Seq Scan on title t  (cost=0.00..61283.27 rows=2528527 width=4) (actual time=0.027..4066.020 rows=2528312 loops=1)
Planning time: 4.574 ms
Execution time: 68180.916 ms
