Hash Join  (cost=100908.38..155590.28 rows=1636 width=0) (actual time=4624.968..8040.062 rows=20877 loops=1)
  Hash Cond: (mc.movie_id = t.id)
  ->  Seq Scan on movie_companies mc  (cost=0.00..44881.29 rows=2609129 width=4) (actual time=0.017..2667.850 rows=2609129 loops=1)
  ->  Hash  (cost=100888.56..100888.56 rows=1586 width=8) (actual time=4622.996..4622.996 rows=6653 loops=1)
        Buckets: 8192 (originally 2048)  Batches: 1 (originally 1)  Memory Usage: 324kB
        ->  Hash Join  (cost=73962.22..100888.56 rows=1586 width=8) (actual time=2914.744..4620.018 rows=6653 loops=1)
              Hash Cond: (mi_idx.movie_id = t.id)
              ->  Seq Scan on movie_info_idx mi_idx  (cost=0.00..21735.35 rows=1380035 width=4) (actual time=0.018..1286.465 rows=1380035 loops=1)
              ->  Hash  (cost=73925.90..73925.90 rows=2905 width=4) (actual time=2914.606..2914.606 rows=5861 loops=1)
                    Buckets: 8192 (originally 4096)  Batches: 1 (originally 1)  Memory Usage: 271kB
                    ->  Seq Scan on title t  (cost=0.00..73925.90 rows=2905 width=4) (actual time=0.048..2911.377 rows=5861 loops=1)
                          Filter: ((kind_id < 7) AND (production_year = 1969))
                          Rows Removed by Filter: 2522451
Planning time: 1.135 ms
Execution time: 8045.522 ms
