Hash Join  (cost=102767.86..925567.52 rows=700214 width=0) (actual time=14635.545..39874.448 rows=869913 loops=1)
  Hash Cond: (ci.movie_id = t.id)
  ->  Seq Scan on cast_info ci  (cost=0.00..796071.18 rows=700214 width=4) (actual time=8882.546..32705.273 rows=869913 loops=1)
        Filter: ((person_id > 2176891) AND (role_id = 8))
        Rows Removed by Filter: 35374431
  ->  Hash  (cost=61283.27..61283.27 rows=2528527 width=4) (actual time=5751.744..5751.744 rows=2528312 loops=1)
        Buckets: 131072  Batches: 64  Memory Usage: 2415kB
        ->  Seq Scan on title t  (cost=0.00..61283.27 rows=2528527 width=4) (actual time=0.018..3931.507 rows=2528312 loops=1)
Planning time: 9.186 ms
Execution time: 40004.875 ms
