Seq Scan on movie_companies mc  (cost=0.00..57926.93 rows=128248 width=0) (actual time=0.038..1922.869 rows=57700 loops=1)
  Filter: ((company_id < 115) AND (company_type_id = 2))
  Rows Removed by Filter: 2551429
Planning time: 0.440 ms
Execution time: 1931.166 ms
