Hash Join  (cost=216342.63..289646.14 rows=212170 width=0) (actual time=10700.528..15474.862 rows=3390859 loops=1)
  Hash Cond: (mc.movie_id = t.id)
  ->  Seq Scan on movie_companies mc  (cost=0.00..57926.93 rows=956769 width=4) (actual time=73.886..2888.444 rows=1250556 loops=1)
        Filter: ((company_id < 51902) AND (company_type_id < 2))
        Rows Removed by Filter: 1358573
  ->  Hash  (cost=207142.65..207142.65 rows=560718 width=8) (actual time=10479.040..10479.040 rows=556839 loops=1)
        Buckets: 131072  Batches: 8  Memory Usage: 3773kB
        ->  Hash Join  (cost=102767.86..207142.65 rows=560718 width=8) (actual time=5630.573..10280.571 rows=556839 loops=1)
              Hash Cond: (mk.movie_id = t.id)
              ->  Seq Scan on movie_keyword mk  (cost=0.00..81003.12 rows=560718 width=4) (actual time=6.275..3560.472 rows=556839 loops=1)
                    Filter: (keyword_id > 32987)
                    Rows Removed by Filter: 3967091
              ->  Hash  (cost=61283.27..61283.27 rows=2528527 width=4) (actual time=5609.730..5609.730 rows=2528312 loops=1)
                    Buckets: 131072  Batches: 64  Memory Usage: 2425kB
                    ->  Seq Scan on title t  (cost=0.00..61283.27 rows=2528527 width=4) (actual time=0.022..4308.028 rows=2528312 loops=1)
Planning time: 1.593 ms
Execution time: 16007.785 ms
