Hash Join  (cost=68438.72..436984.49 rows=388984 width=0) (actual time=1114.928..10163.483 rows=291483 loops=1)
  Hash Cond: (mi.movie_id = t.id)
  ->  Seq Scan on movie_info mi  (cost=0.00..309384.22 rows=14739122 width=4) (actual time=0.020..4747.086 rows=14835720 loops=1)
  ->  Hash  (cost=67604.59..67604.59 rows=66731 width=4) (actual time=1114.245..1114.245 rows=67342 loops=1)
        Buckets: 131072  Batches: 1  Memory Usage: 3392kB
        ->  Seq Scan on title t  (cost=0.00..67604.59 rows=66731 width=4) (actual time=0.060..1083.790 rows=67342 loops=1)
              Filter: (production_year > 2012)
              Rows Removed by Filter: 2460970
Planning time: 0.689 ms
Execution time: 10207.652 ms
