Hash Join  (cost=79388.64..494712.11 rows=693054 width=0) (actual time=5306.193..26584.523 rows=1151813 loops=1)
  Hash Cond: (mi.movie_id = t.id)
  ->  Seq Scan on movie_info mi  (cost=0.00..346232.03 rows=5263441 width=4) (actual time=1127.207..19248.549 rows=5270569 loops=1)
        Filter: (info_type_id > 15)
        Rows Removed by Filter: 9565151
  ->  Hash  (cost=73925.90..73925.90 rows=332939 width=4) (actual time=3593.404..3593.404 rows=255571 loops=1)
        Buckets: 131072  Batches: 8  Memory Usage: 2153kB
        ->  Seq Scan on title t  (cost=0.00..73925.90 rows=332939 width=4) (actual time=382.846..3478.047 rows=255571 loops=1)
              Filter: ((kind_id < 2) AND (production_year > 2002))
              Rows Removed by Filter: 2272741
Planning time: 0.822 ms
Execution time: 26743.093 ms
