Hash Join  (cost=92883.59..1068955.42 rows=5607597 width=0) (actual time=19773.954..65176.362 rows=8660017 loops=1)
  Hash Cond: (ci.movie_id = t.id)
  ->  Seq Scan on cast_info ci  (cost=0.00..796071.18 rows=9202336 width=4) (actual time=14335.960..46204.972 rows=14347653 loops=1)
        Filter: ((person_id > 2227342) AND (role_id > 1))
        Rows Removed by Filter: 21896691
  ->  Hash  (cost=67604.59..67604.59 rows=1540800 width=4) (actual time=5436.759..5436.759 rows=1543264 loops=1)
        Buckets: 131072  Batches: 32  Memory Usage: 2722kB
        ->  Seq Scan on title t  (cost=0.00..67604.59 rows=1540800 width=4) (actual time=0.019..4668.081 rows=1543264 loops=1)
              Filter: (kind_id = 7)
              Rows Removed by Filter: 985048
Planning time: 0.678 ms
Execution time: 66388.335 ms
