Seq Scan on movie_keyword mk  (cost=0.00..81003.12 rows=246 width=0) (actual time=69.629..3892.648 rows=149 loops=1)
  Filter: (keyword_id = 38249)
  Rows Removed by Filter: 4523781
Planning time: 0.362 ms
Execution time: 3892.876 ms
