Hash Join  (cost=136220.85..501544.80 rows=66802 width=0) (actual time=7715.146..30814.769 rows=1483373 loops=1)
  Hash Cond: (mi.movie_id = t.id)
  ->  Seq Scan on movie_info mi  (cost=0.00..309384.22 rows=14739122 width=4) (actual time=0.018..17644.755 rows=14835720 loops=1)
  ->  Hash  (cost=136077.60..136077.60 rows=11460 width=8) (actual time=7714.984..7714.984 rows=17065 loops=1)
        Buckets: 32768 (originally 16384)  Batches: 1 (originally 1)  Memory Usage: 923kB
        ->  Hash Join  (cost=74288.34..136077.60 rows=11460 width=8) (actual time=4040.644..7707.965 rows=17065 loops=1)
              Hash Cond: (mc.movie_id = t.id)
              ->  Seq Scan on movie_companies mc  (cost=0.00..57926.93 rows=999394 width=4) (actual time=370.399..3725.151 rows=858375 loops=1)
                    Filter: ((company_id > 597) AND (company_type_id < 2))
                    Rows Removed by Filter: 1750754
              ->  Hash  (cost=73925.90..73925.90 rows=28995 width=4) (actual time=3670.022..3670.022 rows=19956 loops=1)
                    Buckets: 32768  Batches: 1  Memory Usage: 958kB
                    ->  Seq Scan on title t  (cost=0.00..73925.90 rows=28995 width=4) (actual time=0.146..3653.915 rows=19956 loops=1)
                          Filter: ((kind_id < 4) AND (production_year = 2004))
                          Rows Removed by Filter: 2508356
Planning time: 6.887 ms
Execution time: 31030.194 ms
