Seq Scan on movie_companies mc  (cost=0.00..57926.93 rows=51 width=0) (actual time=1468.107..2263.431 rows=2 loops=1)
  Filter: ((company_id = 31377) AND (company_type_id = 1))
  Rows Removed by Filter: 2609127
Planning time: 11.091 ms
Execution time: 2263.519 ms
