Seq Scan on movie_keyword mk  (cost=0.00..81003.12 rows=805733 width=0) (actual time=0.027..4032.979 rows=804289 loops=1)
  Filter: (keyword_id < 782)
  Rows Removed by Filter: 3719641
Planning time: 0.315 ms
Execution time: 4177.810 ms
