Seq Scan on movie_keyword mk  (cost=0.00..81003.12 rows=4201987 width=0) (actual time=0.026..3923.612 rows=4183354 loops=1)
  Filter: (keyword_id > 282)
  Rows Removed by Filter: 340576
Planning time: 3.789 ms
Execution time: 4624.892 ms
