Seq Scan on movie_companies mc  (cost=0.00..51404.11 rows=2197571 width=0) (actual time=0.021..2891.772 rows=2196268 loops=1)
  Filter: (company_id > 272)
  Rows Removed by Filter: 412861
Planning time: 0.326 ms
Execution time: 3286.455 ms
