Seq Scan on movie_companies mc  (cost=0.00..57926.93 rows=339979 width=0) (actual time=1535.279..2415.824 rows=33616 loops=1)
  Filter: ((company_id > 45697) AND (company_type_id = 1))
  Rows Removed by Filter: 2575513
Planning time: 0.358 ms
Execution time: 2420.690 ms
