Seq Scan on movie_companies mc  (cost=0.00..57926.93 rows=135766 width=0) (actual time=128.807..2295.260 rows=269522 loops=1)
  Filter: ((company_id > 97744) AND (company_type_id = 2))
  Rows Removed by Filter: 2339607
Planning time: 0.373 ms
Execution time: 2339.442 ms
