Nested Loop  (cost=0.43..58375.18 rows=53 width=0) (actual time=629.401..2465.143 rows=878 loops=1)
  ->  Seq Scan on movie_companies mc  (cost=0.00..57926.93 rows=53 width=4) (actual time=629.312..2330.654 rows=878 loops=1)
        Filter: ((company_type_id > 1) AND (company_id = 55))
        Rows Removed by Filter: 2608251
  ->  Index Only Scan using title_pkey on title t  (cost=0.43..8.45 rows=1 width=4) (actual time=0.152..0.152 rows=1 loops=878)
        Index Cond: (id = mc.movie_id)
        Heap Fetches: 878
Planning time: 0.712 ms
Execution time: 2465.502 ms
