Seq Scan on cast_info ci  (cost=0.00..796071.18 rows=2549860 width=0) (actual time=16739.114..34530.170 rows=1506948 loops=1)
  Filter: ((person_id < 724980) AND (role_id > 3))
  Rows Removed by Filter: 34737396
Planning time: 0.337 ms
Execution time: 34777.706 ms
