Seq Scan on movie_companies mc  (cost=0.00..51404.11 rows=2512255 width=0) (actual time=0.024..2806.394 rows=2511674 loops=1)
  Filter: (company_id < 159054)
  Rows Removed by Filter: 97455
Planning time: 0.290 ms
Execution time: 3271.715 ms
