Hash Join  (cost=84341.74..462242.04 rows=520717 width=0) (actual time=12124.129..23949.113 rows=1001978 loops=1)
  Hash Cond: (mi.movie_id = t.id)
  ->  Seq Scan on movie_info mi  (cost=0.00..346232.03 rows=2073893 width=4) (actual time=6551.000..16533.068 rows=2091068 loops=1)
        Filter: (info_type_id < 3)
        Rows Removed by Filter: 12744652
  ->  Hash  (cost=73925.90..73925.90 rows=634867 width=4) (actual time=4797.913..4797.913 rows=596465 loops=1)
        Buckets: 131072  Batches: 16  Memory Usage: 2340kB
        ->  Seq Scan on title t  (cost=0.00..73925.90 rows=634867 width=4) (actual time=0.026..4556.667 rows=596465 loops=1)
              Filter: ((production_year > 1914) AND (kind_id = 1))
              Rows Removed by Filter: 1931847
Planning time: 0.837 ms
Execution time: 24097.709 ms
