Hash Join  (cost=128602.19..493276.25 rows=1813 width=0) (actual time=2249.249..9152.139 rows=877 loops=1)
  Hash Cond: (mi.movie_id = t.id)
  ->  Seq Scan on movie_info mi  (cost=0.00..309384.22 rows=14739122 width=4) (actual time=0.018..4395.060 rows=14835720 loops=1)
  ->  Hash  (cost=128598.30..128598.30 rows=311 width=8) (actual time=2097.059..2097.059 rows=133 loops=1)
        Buckets: 1024  Batches: 1  Memory Usage: 14kB
        ->  Hash Join  (cost=73929.67..128598.30 rows=311 width=8) (actual time=1032.300..2096.860 rows=133 loops=1)
              Hash Cond: (mc.movie_id = t.id)
              ->  Seq Scan on movie_companies mc  (cost=0.00..44881.29 rows=2609129 width=4) (actual time=0.717..589.545 rows=2609129 loops=1)
              ->  Hash  (cost=73925.90..73925.90 rows=301 width=4) (actual time=1030.575..1030.575 rows=119 loops=1)
                    Buckets: 1024  Batches: 1  Memory Usage: 13kB
                    ->  Seq Scan on title t  (cost=0.00..73925.90 rows=301 width=4) (actual time=100.517..1030.438 rows=119 loops=1)
                          Filter: ((kind_id = 3) AND (production_year = 1939))
                          Rows Removed by Filter: 2528193
Planning time: 1.148 ms
Execution time: 9152.672 ms
