Hash Join  (cost=94537.60..243924.74 rows=2247710 width=0) (actual time=1895.778..5637.721 rows=1219042 loops=1)
  Hash Cond: (mk.movie_id = t.id)
  ->  Seq Scan on movie_keyword mk  (cost=0.00..69693.30 rows=4523930 width=4) (actual time=0.014..1429.036 rows=4523930 loops=1)
  ->  Hash  (cost=73925.90..73925.90 rows=1256296 width=4) (actual time=1893.278..1893.278 rows=1375227 loops=1)
        Buckets: 131072  Batches: 32  Memory Usage: 2548kB
        ->  Seq Scan on title t  (cost=0.00..73925.90 rows=1256296 width=4) (actual time=0.025..1427.650 rows=1375227 loops=1)
              Filter: ((kind_id > 1) AND (production_year > 1992))
              Rows Removed by Filter: 1153085
Planning time: 0.764 ms
Execution time: 5761.923 ms
