Seq Scan on cast_info ci  (cost=0.00..796071.18 rows=1369841 width=0) (actual time=0.022..11651.689 rows=3127602 loops=1)
  Filter: ((person_id > 3485589) AND (role_id > 2))
  Rows Removed by Filter: 33116742
Planning time: 0.383 ms
Execution time: 12040.914 ms
