Hash Join  (cost=158763.72..185697.15 rows=2295 width=0) (actual time=2409.254..2910.224 rows=9 loops=1)
  Hash Cond: (mi_idx.movie_id = t.id)
  ->  Seq Scan on movie_info_idx mi_idx  (cost=0.00..21735.35 rows=1380035 width=4) (actual time=0.018..295.435 rows=1380035 loops=1)
  ->  Hash  (cost=158711.17..158711.17 rows=4204 width=8) (actual time=2360.789..2360.789 rows=19 loops=1)
        Buckets: 8192  Batches: 1  Memory Usage: 65kB
        ->  Hash Join  (cost=76243.83..158711.17 rows=4204 width=8) (actual time=1487.745..2360.710 rows=19 loops=1)
              Hash Cond: (mk.movie_id = t.id)
              ->  Seq Scan on movie_keyword mk  (cost=0.00..81003.12 rows=75248 width=4) (actual time=0.023..1284.657 rows=72496 loops=1)
                    Filter: (keyword_id = 335)
                    Rows Removed by Filter: 4451434
              ->  Hash  (cost=73925.90..73925.90 rows=141274 width=4) (actual time=1021.086..1021.086 rows=150659 loops=1)
                    Buckets: 131072  Batches: 2  Memory Usage: 3679kB
                    ->  Seq Scan on title t  (cost=0.00..73925.90 rows=141274 width=4) (actual time=0.029..967.599 rows=150659 loops=1)
                          Filter: ((production_year > 2011) AND (kind_id = 7))
                          Rows Removed by Filter: 2377653
Planning time: 1.125 ms
Execution time: 2910.339 ms
