Hash Join  (cost=145065.91..276883.24 rows=184923 width=0) (actual time=7074.150..12539.758 rows=512716 loops=1)
  Hash Cond: (mk.movie_id = t.id)
  ->  Seq Scan on movie_keyword mk  (cost=0.00..81003.12 rows=4197060 width=4) (actual time=0.014..3793.912 rows=4199215 loops=1)
        Filter: (keyword_id < 50563)
        Rows Removed by Filter: 324715
  ->  Hash  (cost=143237.32..143237.32 rows=111407 width=8) (actual time=7073.320..7073.320 rows=64468 loops=1)
        Buckets: 131072  Batches: 2  Memory Usage: 2293kB
        ->  Hash Join  (cost=70308.29..143237.32 rows=111407 width=8) (actual time=3096.307..7040.629 rows=64468 loops=1)
              Hash Cond: (mc.movie_id = t.id)
              ->  Seq Scan on movie_companies mc  (cost=0.00..51404.11 rows=1709561 width=4) (actual time=0.018..3073.591 rows=1700480 loops=1)
                    Filter: (company_id < 20926)
                    Rows Removed by Filter: 908649
              ->  Hash  (cost=67604.59..67604.59 rows=164776 width=4) (actual time=3095.358..3095.358 rows=164307 loops=1)
                    Buckets: 131072  Batches: 4  Memory Usage: 2482kB
                    ->  Seq Scan on title t  (cost=0.00..67604.59 rows=164776 width=4) (actual time=0.014..3015.381 rows=164307 loops=1)
                          Filter: (production_year = 2012)
                          Rows Removed by Filter: 2364005
Planning time: 1.053 ms
Execution time: 12605.092 ms
