Hash Join  (cost=88890.15..163268.98 rows=461552 width=0) (actual time=5997.804..9970.999 rows=170978 loops=1)
  Hash Cond: (mc.movie_id = t.id)
  ->  Seq Scan on movie_companies mc  (cost=0.00..51404.11 rows=1279517 width=4) (actual time=369.152..2587.066 rows=1274246 loops=1)
        Filter: (company_type_id = 1)
        Rows Removed by Filter: 1334883
  ->  Hash  (cost=73925.90..73925.90 rows=912100 width=4) (actual time=5627.441..5627.441 rows=998211 loops=1)
        Buckets: 131072  Batches: 16  Memory Usage: 3226kB
        ->  Seq Scan on title t  (cost=0.00..73925.90 rows=912100 width=4) (actual time=0.038..4510.938 rows=998211 loops=1)
              Filter: ((kind_id > 4) AND (production_year > 1998))
              Rows Removed by Filter: 1530101
Planning time: 0.904 ms
Execution time: 10004.691 ms
