Seq Scan on movie_companies mc  (cost=0.00..51404.11 rows=724485 width=0) (actual time=0.033..902.710 rows=715973 loops=1)
  Filter: (company_id < 1378)
  Rows Removed by Filter: 1893156
Planning time: 0.321 ms
Execution time: 999.034 ms
