Hash Join  (cost=160622.08..888828.80 rows=30247 width=0) (actual time=22533.888..38367.369 rows=525237 loops=1)
  Hash Cond: (ci.movie_id = t.id)
  ->  Seq Scan on cast_info ci  (cost=0.00..705507.15 rows=5972563 width=4) (actual time=16337.543..30026.677 rows=6037608 loops=1)
        Filter: (person_id > 3044503)
        Rows Removed by Filter: 30206736
  ->  Hash  (cost=160462.02..160462.02 rows=12805 width=8) (actual time=6196.085..6196.085 rows=32615 loops=1)
        Buckets: 32768 (originally 16384)  Batches: 1 (originally 1)  Memory Usage: 1531kB
        ->  Hash Join  (cost=74223.04..160462.02 rows=12805 width=8) (actual time=2924.165..6182.806 rows=32615 loops=1)
              Hash Cond: (mk.movie_id = t.id)
              ->  Seq Scan on movie_keyword mk  (cost=0.00..81003.12 rows=1362080 width=4) (actual time=0.030..2954.671 rows=1376157 loops=1)
                    Filter: (keyword_id > 12109)
                    Rows Removed by Filter: 3147773
              ->  Hash  (cost=73925.90..73925.90 rows=23771 width=4) (actual time=2923.421..2923.421 rows=20633 loops=1)
                    Buckets: 32768  Batches: 1  Memory Usage: 982kB
                    ->  Seq Scan on title t  (cost=0.00..73925.90 rows=23771 width=4) (actual time=0.089..2913.054 rows=20633 loops=1)
                          Filter: ((kind_id < 7) AND (production_year = 2002))
                          Rows Removed by Filter: 2507679
Planning time: 1.145 ms
Execution time: 38460.205 ms
