Hash Join  (cost=121774.71..1179067.53 rows=2286566 width=0) (actual time=5084.934..55502.141 rows=6161287 loops=1)
  Hash Cond: (ci.movie_id = t.id)
  ->  Seq Scan on cast_info ci  (cost=0.00..614943.12 rows=36225612 width=4) (actual time=0.016..31374.691 rows=36244344 loops=1)
  ->  Hash  (cost=119155.70..119155.70 rows=159601 width=8) (actual time=5084.185..5084.185 rows=195628 loops=1)
        Buckets: 131072  Batches: 4  Memory Usage: 2936kB
        ->  Hash Join  (cost=78724.21..119155.70 rows=159601 width=8) (actual time=3545.066..5006.539 rows=195628 loops=1)
              Hash Cond: (mi_idx.movie_id = t.id)
              ->  Seq Scan on movie_info_idx mi_idx  (cost=0.00..21735.35 rows=1380035 width=4) (actual time=0.017..1251.894 rows=1380035 loops=1)
              ->  Hash  (cost=73925.90..73925.90 rows=292424 width=4) (actual time=2964.626..2964.626 rows=231739 loops=1)
                    Buckets: 131072  Batches: 4  Memory Usage: 3067kB
                    ->  Seq Scan on title t  (cost=0.00..73925.90 rows=292424 width=4) (actual time=0.021..2872.936 rows=231739 loops=1)
                          Filter: ((kind_id < 2) AND (production_year > 2004))
                          Rows Removed by Filter: 2296573
Planning time: 1.091 ms
Execution time: 56286.173 ms
