Hash Join  (cost=78556.72..924977.21 rows=887408 width=0) (actual time=4008.879..15591.406 rows=435932 loops=1)
  Hash Cond: (ci.movie_id = t.id)
  ->  Seq Scan on cast_info ci  (cost=0.00..796071.18 rows=3361393 width=4) (actual time=2381.770..12885.693 rows=1686324 loops=1)
        Filter: ((person_id < 1266017) AND (role_id > 4))
        Rows Removed by Filter: 34558020
  ->  Hash  (cost=67604.59..67604.59 rows=667531 width=4) (actual time=1626.113..1626.113 rows=662834 loops=1)
        Buckets: 131072  Batches: 16  Memory Usage: 2478kB
        ->  Seq Scan on title t  (cost=0.00..67604.59 rows=667531 width=4) (actual time=0.018..1307.440 rows=662834 loops=1)
              Filter: (production_year < 1989)
              Rows Removed by Filter: 1865478
Planning time: 0.780 ms
Execution time: 15648.266 ms
