Hash Join  (cost=190230.21..314090.49 rows=1201373 width=0) (actual time=4421.069..8467.153 rows=5106369 loops=1)
  Hash Cond: (mk.movie_id = t.id)
  ->  Seq Scan on movie_keyword mk  (cost=0.00..81003.12 rows=2201179 width=4) (actual time=0.020..1580.282 rows=2198342 loops=1)
        Filter: (keyword_id > 5083)
        Rows Removed by Filter: 2325588
  ->  Hash  (cost=167588.78..167588.78 rows=1380035 width=8) (actual time=4420.163..4420.163 rows=1380035 loops=1)
        Buckets: 131072  Batches: 32  Memory Usage: 2726kB
        ->  Hash Join  (cost=102767.86..167588.78 rows=1380035 width=8) (actual time=2074.685..4040.056 rows=1380035 loops=1)
              Hash Cond: (mi_idx.movie_id = t.id)
              ->  Seq Scan on movie_info_idx mi_idx  (cost=0.00..21735.35 rows=1380035 width=4) (actual time=0.014..489.885 rows=1380035 loops=1)
              ->  Hash  (cost=61283.27..61283.27 rows=2528527 width=4) (actual time=2073.678..2073.678 rows=2528312 loops=1)
                    Buckets: 131072  Batches: 64  Memory Usage: 2415kB
                    ->  Seq Scan on title t  (cost=0.00..61283.27 rows=2528527 width=4) (actual time=0.008..1222.982 rows=2528312 loops=1)
Planning time: 1.188 ms
Execution time: 9076.160 ms
