Hash Join  (cost=68113.45..155499.84 rows=72835 width=0) (actual time=1078.790..3042.534 rows=82084 loops=1)
  Hash Cond: (mk.movie_id = t.id)
  ->  Seq Scan on movie_keyword mk  (cost=0.00..69693.30 rows=4523930 width=4) (actual time=0.008..1078.911 rows=4523930 loops=1)
  ->  Hash  (cost=67604.59..67604.59 rows=40709 width=4) (actual time=1078.417..1078.417 rows=38955 loops=1)
        Buckets: 65536  Batches: 1  Memory Usage: 1882kB
        ->  Seq Scan on title t  (cost=0.00..67604.59 rows=40709 width=4) (actual time=0.015..1061.757 rows=38955 loops=1)
              Filter: (production_year = 1997)
              Rows Removed by Filter: 2489357
Planning time: 0.737 ms
Execution time: 3053.960 ms
