Hash Join  (cost=95498.66..846310.90 rows=2307 width=0) (actual time=1648.345..16626.086 rows=706 loops=1)
  Hash Cond: (ci.movie_id = t.id)
  ->  Seq Scan on cast_info ci  (cost=0.00..614943.12 rows=36225612 width=4) (actual time=0.012..8324.398 rows=36244344 loops=1)
  ->  Hash  (cost=95496.65..95496.65 rows=161 width=8) (actual time=1639.880..1639.880 rows=24 loops=1)
        Buckets: 1024  Batches: 1  Memory Usage: 9kB
        ->  Nested Loop  (cost=0.43..95496.65 rows=161 width=8) (actual time=389.044..1639.854 rows=24 loops=1)
              ->  Seq Scan on movie_companies mc  (cost=0.00..57926.93 rows=5141 width=4) (actual time=364.938..775.831 rows=3040 loops=1)
                    Filter: ((company_id = 2561) AND (company_type_id = 2))
                    Rows Removed by Filter: 2606089
              ->  Index Scan using title_pkey on title t  (cost=0.43..7.30 rows=1 width=4) (actual time=0.284..0.284 rows=0 loops=3040)
                    Index Cond: (id = mc.movie_id)
                    Filter: ((kind_id > 1) AND (production_year = 2006))
                    Rows Removed by Filter: 1
Planning time: 1.228 ms
Execution time: 16626.726 ms
