Hash Join  (cost=100972.04..187683.54 rows=5346 width=0) (actual time=1862.829..3829.827 rows=44499 loops=1)
  Hash Cond: (mk.movie_id = t.id)
  ->  Seq Scan on movie_keyword mk  (cost=0.00..69693.30 rows=4523930 width=4) (actual time=0.023..1134.371 rows=4523930 loops=1)
  ->  Hash  (cost=100934.69..100934.69 rows=2988 width=8) (actual time=1860.256..1860.256 rows=10263 loops=1)
        Buckets: 16384 (originally 4096)  Batches: 1 (originally 1)  Memory Usage: 529kB
        ->  Hash Join  (cost=73994.33..100934.69 rows=2988 width=8) (actual time=1278.339..1856.196 rows=10263 loops=1)
              Hash Cond: (mi_idx.movie_id = t.id)
              ->  Seq Scan on movie_info_idx mi_idx  (cost=0.00..21735.35 rows=1380035 width=4) (actual time=0.012..262.830 rows=1380035 loops=1)
              ->  Hash  (cost=73925.90..73925.90 rows=5474 width=4) (actual time=1278.238..1278.238 rows=17579 loops=1)
                    Buckets: 32768 (originally 8192)  Batches: 1 (originally 1)  Memory Usage: 875kB
                    ->  Seq Scan on title t  (cost=0.00..73925.90 rows=5474 width=4) (actual time=0.021..1269.959 rows=17579 loops=1)
                          Filter: ((kind_id > 1) AND (production_year = 1990))
                          Rows Removed by Filter: 2510733
Planning time: 4.771 ms
Execution time: 3836.058 ms
