Hash Join  (cost=83810.17..158314.20 rows=485868 width=0) (actual time=1471.863..3573.730 rows=1059417 loops=1)
  Hash Cond: (mc.movie_id = t.id)
  ->  Seq Scan on movie_companies mc  (cost=0.00..51404.11 rows=1243796 width=4) (actual time=0.016..972.826 rows=1258037 loops=1)
        Filter: (company_id > 11595)
        Rows Removed by Filter: 1351092
  ->  Hash  (cost=67604.59..67604.59 rows=987727 width=4) (actual time=1470.913..1470.913 rows=985048 loops=1)
        Buckets: 131072  Batches: 16  Memory Usage: 3188kB
        ->  Seq Scan on title t  (cost=0.00..67604.59 rows=987727 width=4) (actual time=0.020..1163.527 rows=985048 loops=1)
              Filter: (kind_id < 7)
              Rows Removed by Filter: 1543264
Planning time: 0.723 ms
Execution time: 3692.078 ms
