Seq Scan on movie_companies mc  (cost=0.00..57926.93 rows=53 width=0) (actual time=43.255..910.291 rows=2 loops=1)
  Filter: ((company_type_id > 1) AND (company_id = 92209))
  Rows Removed by Filter: 2609127
Planning time: 0.406 ms
Execution time: 910.384 ms
