Hash Join  (cost=259657.11..1251409.77 rows=8043905 width=0) (actual time=6540.408..30634.257 rows=21098354 loops=1)
  Hash Cond: (ci.movie_id = t.id)
  ->  Seq Scan on cast_info ci  (cost=0.00..796071.18 rows=8242085 width=4) (actual time=397.529..14275.361 rows=9871319 loops=1)
        Filter: ((person_id < 1217455) AND (role_id < 4))
        Rows Removed by Filter: 26373025
  ->  Hash  (cost=219170.50..219170.50 rows=2467729 width=8) (actual time=6115.544..6115.544 rows=2530916 loops=1)
        Buckets: 131072  Batches: 64  Memory Usage: 2565kB
        ->  Hash Join  (cost=106840.27..219170.50 rows=2467729 width=8) (actual time=2109.942..5433.518 rows=2530916 loops=1)
              Hash Cond: (mc.movie_id = t.id)
              ->  Seq Scan on movie_companies mc  (cost=0.00..44881.29 rows=2609129 width=4) (actual time=0.027..893.689 rows=2609129 loops=1)
              ->  Hash  (cost=67604.59..67604.59 rows=2391495 width=4) (actual time=2108.923..2108.923 rows=2388876 loops=1)
                    Buckets: 131072  Batches: 32  Memory Usage: 3646kB
                    ->  Seq Scan on title t  (cost=0.00..67604.59 rows=2391495 width=4) (actual time=0.015..1361.601 rows=2388876 loops=1)
                          Filter: (production_year < 2013)
                          Rows Removed by Filter: 139436
Planning time: 2.018 ms
Execution time: 32802.456 ms
