Hash Join  (cost=194685.93..329675.69 rows=1065972 width=0) (actual time=4337.008..9326.026 rows=5990323 loops=1)
  Hash Cond: (mk.movie_id = t.id)
  ->  Seq Scan on movie_keyword mk  (cost=0.00..69693.30 rows=4523930 width=4) (actual time=0.014..1410.797 rows=4523930 loops=1)
  ->  Hash  (cost=184910.48..184910.48 rows=595796 width=8) (actual time=4335.371..4335.371 rows=876414 loops=1)
        Buckets: 131072 (originally 131072)  Batches: 16 (originally 8)  Memory Usage: 3184kB
        ->  Hash Join  (cost=102767.86..184910.48 rows=595796 width=8) (actual time=2098.796..4055.719 rows=876414 loops=1)
              Hash Cond: (mc.movie_id = t.id)
              ->  Seq Scan on movie_companies mc  (cost=0.00..57926.93 rows=595796 width=4) (actual time=261.490..870.556 rows=876414 loops=1)
                    Filter: ((company_id > 12673) AND (company_type_id = 2))
                    Rows Removed by Filter: 1732715
              ->  Hash  (cost=61283.27..61283.27 rows=2528527 width=4) (actual time=1836.047..1836.047 rows=2528312 loops=1)
                    Buckets: 131072  Batches: 64  Memory Usage: 2415kB
                    ->  Seq Scan on title t  (cost=0.00..61283.27 rows=2528527 width=4) (actual time=0.019..991.708 rows=2528312 loops=1)
Planning time: 1.146 ms
Execution time: 10030.560 ms
