Seq Scan on title t  (cost=0.00..67604.59 rows=7437 width=0) (actual time=0.203..988.914 rows=2730 loops=1)
  Filter: (production_year = 1938)
  Rows Removed by Filter: 2525582
Planning time: 0.410 ms
Execution time: 989.814 ms
