Hash Join  (cost=173987.13..676291.03 rows=2108497 width=0) (actual time=3446.342..16422.485 rows=1393999 loops=1)
  Hash Cond: (mi.movie_id = t.id)
  ->  Seq Scan on movie_info mi  (cost=0.00..309384.22 rows=14739122 width=4) (actual time=0.020..5856.960 rows=14835720 loops=1)
  ->  Hash  (cost=168052.67..168052.67 rows=361717 width=8) (actual time=3445.140..3445.140 rows=190544 loops=1)
        Buckets: 131072  Batches: 8  Memory Usage: 1956kB
        ->  Hash Join  (cost=92883.59..168052.67 rows=361717 width=8) (actual time=2374.671..3381.478 rows=190544 loops=1)
              Hash Cond: (mc.movie_id = t.id)
              ->  Seq Scan on movie_companies mc  (cost=0.00..57926.93 rows=593595 width=4) (actual time=509.426..992.941 rows=378126 loops=1)
                    Filter: ((company_id < 9452) AND (company_type_id > 1))
                    Rows Removed by Filter: 2231003
              ->  Hash  (cost=67604.59..67604.59 rows=1540800 width=4) (actual time=1863.223..1863.223 rows=1543264 loops=1)
                    Buckets: 131072  Batches: 32  Memory Usage: 2722kB
                    ->  Seq Scan on title t  (cost=0.00..67604.59 rows=1540800 width=4) (actual time=0.019..1362.140 rows=1543264 loops=1)
                          Filter: (kind_id = 7)
                          Rows Removed by Filter: 985048
Planning time: 1.419 ms
Execution time: 16596.398 ms
