Hash Join  (cost=101489.21..968186.60 rows=5961297 width=0) (actual time=6611.998..20900.216 rows=6257126 loops=1)
  Hash Cond: (ci.movie_id = t.id)
  ->  Seq Scan on cast_info ci  (cost=0.00..705507.15 rows=7298253 width=4) (actual time=4716.622..12777.432 rows=7451973 loops=1)
        Filter: (role_id = 2)
        Rows Removed by Filter: 28792371
  ->  Hash  (cost=67604.59..67604.59 rows=2065330 width=4) (actual time=1894.241..1894.241 rows=2064552 loops=1)
        Buckets: 131072  Batches: 32  Memory Usage: 3289kB
        ->  Seq Scan on title t  (cost=0.00..67604.59 rows=2065330 width=4) (actual time=0.042..1269.098 rows=2064552 loops=1)
              Filter: (production_year < 2011)
              Rows Removed by Filter: 463760
Planning time: 2.292 ms
Execution time: 21616.851 ms
