Seq Scan on movie_keyword mk  (cost=0.00..81003.12 rows=872073 width=0) (actual time=0.022..1333.434 rows=876066 loops=1)
  Filter: (keyword_id < 831)
  Rows Removed by Filter: 3647864
Planning time: 0.543 ms
Execution time: 1441.608 ms
