Seq Scan on cast_info ci  (cost=0.00..705507.15 rows=4520037 width=0) (actual time=222.005..11995.168 rows=4551004 loops=1)
  Filter: (person_id > 3231723)
  Rows Removed by Filter: 31693340
Planning time: 0.325 ms
Execution time: 12577.120 ms
