Seq Scan on cast_info ci  (cost=0.00..796071.18 rows=2125420 width=0) (actual time=9110.643..12242.248 rows=4300795 loops=1)
  Filter: ((person_id < 576431) AND (role_id < 2))
  Rows Removed by Filter: 31943549
Planning time: 0.352 ms
Execution time: 12769.456 ms
