Hash Join  (cost=484264.54..1308210.52 rows=536061 width=0) (actual time=9076.283..27041.214 rows=10721587 loops=1)
  Hash Cond: (ci.movie_id = t.id)
  ->  Seq Scan on cast_info ci  (cost=0.00..796071.18 rows=1673382 width=4) (actual time=0.033..13194.736 rows=4659978 loops=1)
        Filter: ((person_id > 2902878) AND (role_id > 6))
        Rows Removed by Filter: 31584366
  ->  Hash  (cost=470974.51..470974.51 rows=810003 width=8) (actual time=9075.590..9075.590 rows=1083597 loops=1)
        Buckets: 131072  Batches: 16  Memory Usage: 3691kB
        ->  Hash Join  (cost=78556.72..470974.51 rows=810003 width=8) (actual time=6722.591..8770.224 rows=1083597 loops=1)
              Hash Cond: (mi.movie_id = t.id)
              ->  Seq Scan on movie_info mi  (cost=0.00..346232.03 rows=3068194 width=4) (actual time=4026.684..5586.587 rows=3036719 loops=1)
                    Filter: (info_type_id = 16)
                    Rows Removed by Filter: 11799001
              ->  Hash  (cost=67604.59..67604.59 rows=667531 width=4) (actual time=1339.227..1339.227 rows=662825 loops=1)
                    Buckets: 131072  Batches: 16  Memory Usage: 2485kB
                    ->  Seq Scan on title t  (cost=0.00..67604.59 rows=667531 width=4) (actual time=0.014..1122.327 rows=662825 loops=1)
                          Filter: (kind_id = 1)
                          Rows Removed by Filter: 1865487
Planning time: 1.153 ms
Execution time: 28173.473 ms
