Hash Join  (cost=164958.42..565119.95 rows=37056 width=0) (actual time=2731.805..11981.145 rows=145811 loops=1)
  Hash Cond: (mi.movie_id = t.id)
  ->  Seq Scan on movie_info mi  (cost=0.00..346232.03 rows=14282391 width=4) (actual time=0.011..6663.533 rows=14308956 loops=1)
        Filter: (info_type_id < 103)
        Rows Removed by Filter: 526764
  ->  Hash  (cost=164876.42..164876.42 rows=6560 width=8) (actual time=2731.677..2731.677 rows=9496 loops=1)
        Buckets: 16384 (originally 8192)  Batches: 1 (originally 1)  Memory Usage: 499kB
        ->  Hash Join  (cost=81573.24..164876.42 rows=6560 width=8) (actual time=1295.989..2728.157 rows=9496 loops=1)
              Hash Cond: (mk.movie_id = t.id)
              ->  Seq Scan on movie_keyword mk  (cost=0.00..81003.12 rows=35588 width=4) (actual time=0.056..1360.004 rows=34710 loops=1)
                    Filter: (keyword_id = 2488)
                    Rows Removed by Filter: 4489220
              ->  Hash  (cost=73925.90..73925.90 rows=466107 width=4) (actual time=1295.236..1295.236 rows=396359 loops=1)
                    Buckets: 131072  Batches: 8  Memory Usage: 2769kB
                    ->  Seq Scan on title t  (cost=0.00..73925.90 rows=466107 width=4) (actual time=0.029..1169.219 rows=396359 loops=1)
                          Filter: ((kind_id < 7) AND (production_year > 2003))
                          Rows Removed by Filter: 2131953
Planning time: 0.791 ms
Execution time: 12004.004 ms
