Nested Loop  (cost=0.43..83072.90 rows=132 width=0) (actual time=0.213..1238.857 rows=448 loops=1)
  ->  Seq Scan on movie_keyword mk  (cost=0.00..81003.12 rows=246 width=4) (actual time=0.123..1157.473 rows=3075 loops=1)
        Filter: (keyword_id = 309)
        Rows Removed by Filter: 4520855
  ->  Index Scan using title_pkey on title t  (cost=0.43..8.40 rows=1 width=4) (actual time=0.026..0.026 rows=0 loops=3075)
        Index Cond: (id = mk.movie_id)
        Filter: ((production_year < 2012) AND (kind_id = 7))
        Rows Removed by Filter: 1
Planning time: 0.762 ms
Execution time: 1239.090 ms
