Hash Join  (cost=67697.55..154488.65 rows=13306 width=0) (actual time=1027.512..2848.798 rows=7819 loops=1)
  Hash Cond: (mk.movie_id = t.id)
  ->  Seq Scan on movie_keyword mk  (cost=0.00..69693.30 rows=4523930 width=4) (actual time=0.008..1026.555 rows=4523930 loops=1)
  ->  Hash  (cost=67604.59..67604.59 rows=7437 width=4) (actual time=1027.417..1027.417 rows=2800 loops=1)
        Buckets: 8192  Batches: 1  Memory Usage: 163kB
        ->  Seq Scan on title t  (cost=0.00..67604.59 rows=7437 width=4) (actual time=0.049..1026.142 rows=2800 loops=1)
              Filter: (production_year = 1929)
              Rows Removed by Filter: 2525512
Planning time: 0.523 ms
Execution time: 2850.153 ms
