Hash Join  (cost=215833.08..1394620.24 rows=11498460 width=0) (actual time=8009.877..43489.005 rows=27915434 loops=1)
  Hash Cond: (ci.movie_id = t.id)
  ->  Seq Scan on cast_info ci  (cost=0.00..796071.18 rows=22722766 width=4) (actual time=2554.595..18087.932 rows=22349534 loops=1)
        Filter: ((person_id < 3825031) AND (role_id > 1))
        Rows Removed by Filter: 13894810
  ->  Hash  (cost=194840.12..194840.12 rows=1279517 width=8) (actual time=5454.466..5454.466 rows=1274246 loops=1)
        Buckets: 131072  Batches: 32  Memory Usage: 2553kB
        ->  Hash Join  (cost=102767.86..194840.12 rows=1279517 width=8) (actual time=2004.600..5043.703 rows=1274246 loops=1)
              Hash Cond: (mc.movie_id = t.id)
              ->  Seq Scan on movie_companies mc  (cost=0.00..51404.11 rows=1279517 width=4) (actual time=30.764..991.134 rows=1274246 loops=1)
                    Filter: (company_type_id = 1)
                    Rows Removed by Filter: 1334883
              ->  Hash  (cost=61283.27..61283.27 rows=2528527 width=4) (actual time=1972.497..1972.497 rows=2528312 loops=1)
                    Buckets: 131072  Batches: 64  Memory Usage: 2415kB
                    ->  Seq Scan on title t  (cost=0.00..61283.27 rows=2528527 width=4) (actual time=0.042..1134.269 rows=2528312 loops=1)
Planning time: 1.200 ms
Execution time: 46716.407 ms
