Hash Join  (cost=94041.70..903960.93 rows=5676230 width=169) (actual time=1989.069..22757.283 rows=7212844 loops=1)
  Hash Cond: (mi.movie_id = t.id)
  ->  Seq Scan on movie_info mi  (cost=0.00..309384.22 rows=14739122 width=75) (actual time=0.015..7580.360 rows=14835720 loops=1)
  ->  Hash  (cost=67604.59..67604.59 rows=973769 width=94) (actual time=1988.026..1988.026 rows=971188 loops=1)
        Buckets: 32768  Batches: 64  Memory Usage: 1961kB
        ->  Seq Scan on title t  (cost=0.00..67604.59 rows=973769 width=94) (actual time=0.025..1523.559 rows=971188 loops=1)
              Filter: (production_year < 1999)
              Rows Removed by Filter: 1557124
Planning time: 2.492 ms
Execution time: 23147.797 ms
