Seq Scan on title t  (cost=0.00..73925.90 rows=17617 width=94) (actual time=390.206..1340.893 rows=22021 loops=1)
  Filter: ((production_year > 2012) AND (kind_id = 1))
  Rows Removed by Filter: 2506291
Planning time: 0.568 ms
Execution time: 1342.448 ms
