Hash Join  (cost=102767.86..297941.47 rows=4334184 width=0) (actual time=1947.346..7240.351 rows=4331355 loops=1)
  Hash Cond: (mk.movie_id = t.id)
  ->  Seq Scan on movie_keyword mk  (cost=0.00..81003.12 rows=4334184 width=4) (actual time=0.023..1964.149 rows=4331355 loops=1)
        Filter: (keyword_id < 70195)
        Rows Removed by Filter: 192575
  ->  Hash  (cost=61283.27..61283.27 rows=2528527 width=4) (actual time=1946.446..1946.446 rows=2528312 loops=1)
        Buckets: 131072  Batches: 64  Memory Usage: 2425kB
        ->  Seq Scan on title t  (cost=0.00..61283.27 rows=2528527 width=4) (actual time=0.012..1063.688 rows=2528312 loops=1)
Planning time: 0.721 ms
Execution time: 7656.378 ms
