Hash Join  (cost=678613.49..2421425.12 rows=51386937 width=0) (actual time=19414.041..108989.823 rows=223822502 loops=1)
  Hash Cond: (ci.movie_id = t.id)
  ->  Seq Scan on cast_info ci  (cost=0.00..614943.12 rows=36225612 width=4) (actual time=0.020..13993.518 rows=36244344 loops=1)
  ->  Hash  (cost=619767.75..619767.75 rows=3586779 width=8) (actual time=19410.792..19410.792 rows=7360853 loops=1)
        Buckets: 131072 (originally 131072)  Batches: 128 (originally 64)  Memory Usage: 3273kB
        ->  Hash Join  (cost=85435.26..619767.75 rows=3586779 width=8) (actual time=1503.454..17247.769 rows=7360853 loops=1)
              Hash Cond: (mi.movie_id = t.id)
              ->  Seq Scan on movie_info mi  (cost=0.00..346232.03 rows=12928982 width=4) (actual time=0.028..7323.280 rows=12970088 loops=1)
                    Filter: (info_type_id < 18)
                    Rows Removed by Filter: 1865632
              ->  Hash  (cost=73925.90..73925.90 rows=701468 width=4) (actual time=1502.463..1502.463 rows=749931 loops=1)
                    Buckets: 131072  Batches: 16  Memory Usage: 2682kB
                    ->  Seq Scan on title t  (cost=0.00..73925.90 rows=701468 width=4) (actual time=0.026..1266.282 rows=749931 loops=1)
                          Filter: ((kind_id < 7) AND (production_year < 2009))
                          Rows Removed by Filter: 1778381
Planning time: 1.607 ms
Execution time: 132845.541 ms
