Seq Scan on cast_info ci  (cost=0.00..705507.15 rows=26545998 width=0) (actual time=0.024..11794.425 rows=26596480 loops=1)
  Filter: (person_id < 2743339)
  Rows Removed by Filter: 9647864
Planning time: 0.333 ms
Execution time: 14921.645 ms
