Nested Loop  (cost=0.43..83072.29 rows=181 width=0) (actual time=168.126..1281.922 rows=141 loops=1)
  ->  Seq Scan on movie_keyword mk  (cost=0.00..81003.12 rows=246 width=4) (actual time=168.075..1275.978 rows=141 loops=1)
        Filter: (keyword_id = 72980)
        Rows Removed by Filter: 4523789
  ->  Index Scan using title_pkey on title t  (cost=0.43..8.40 rows=1 width=4) (actual time=0.038..0.039 rows=1 loops=141)
        Index Cond: (id = mk.movie_id)
        Filter: (kind_id > 1)
Planning time: 0.588 ms
Execution time: 1282.125 ms
