Hash Join  (cost=102767.86..206929.33 rows=551898 width=0) (actual time=1908.182..4159.015 rows=548952 loops=1)
  Hash Cond: (mk.movie_id = t.id)
  ->  Seq Scan on movie_keyword mk  (cost=0.00..81003.12 rows=551898 width=4) (actual time=0.024..1393.544 rows=548952 loops=1)
        Filter: (keyword_id > 33549)
        Rows Removed by Filter: 3974978
  ->  Hash  (cost=61283.27..61283.27 rows=2528527 width=4) (actual time=1907.109..1907.109 rows=2528312 loops=1)
        Buckets: 131072  Batches: 64  Memory Usage: 2425kB
        ->  Seq Scan on title t  (cost=0.00..61283.27 rows=2528527 width=4) (actual time=0.006..1072.987 rows=2528312 loops=1)
Planning time: 0.495 ms
Execution time: 4226.170 ms
