Seq Scan on cast_info ci  (cost=0.00..705507.15 rows=500 width=0) (actual time=253.628..11405.179 rows=144 loops=1)
  Filter: (person_id = 472769)
  Rows Removed by Filter: 36244200
Planning time: 0.414 ms
Execution time: 11405.311 ms
