Seq Scan on title t  (cost=0.00..73925.90 rows=345308 width=0) (actual time=0.020..1120.530 rows=211028 loops=1)
  Filter: ((kind_id > 3) AND (production_year < 1981))
  Rows Removed by Filter: 2317284
Planning time: 0.372 ms
Execution time: 1148.508 ms
