Hash Join  (cost=83891.93..856979.86 rows=1121755 width=0) (actual time=1350.456..16268.883 rows=1351416 loops=1)
  Hash Cond: (ci.movie_id = t.id)
  ->  Seq Scan on cast_info ci  (cost=0.00..705507.15 rows=4669396 width=4) (actual time=39.360..12191.616 rows=4565788 loops=1)
        Filter: (person_id < 441006)
        Rows Removed by Filter: 31678556
  ->  Hash  (cost=73925.90..73925.90 rows=607442 width=4) (actual time=1310.130..1310.130 rows=675690 loops=1)
        Buckets: 131072  Batches: 8  Memory Usage: 4012kB
        ->  Seq Scan on title t  (cost=0.00..73925.90 rows=607442 width=4) (actual time=0.035..1088.290 rows=675690 loops=1)
              Filter: ((kind_id < 7) AND (production_year < 2007))
              Rows Removed by Filter: 1852622
Planning time: 0.757 ms
Execution time: 16438.711 ms
