Seq Scan on movie_keyword mk  (cost=0.00..81003.12 rows=1062263 width=0) (actual time=0.024..1354.004 rows=1066743 loops=1)
  Filter: (keyword_id < 1069)
  Rows Removed by Filter: 3457187
Planning time: 0.294 ms
Execution time: 1493.051 ms
