Hash Join  (cost=83074.74..141952.08 rows=194 width=0) (actual time=1248.898..2486.240 rows=5575 loops=1)
  Hash Cond: (mc.movie_id = t.id)
  ->  Seq Scan on movie_companies mc  (cost=0.00..51404.11 rows=1992341 width=4) (actual time=0.010..932.280 rows=1988262 loops=1)
        Filter: (company_id < 62062)
        Rows Removed by Filter: 620867
  ->  Hash  (cost=83071.67..83071.67 rows=246 width=8) (actual time=1245.258..1245.258 rows=1366 loops=1)
        Buckets: 2048 (originally 1024)  Batches: 1 (originally 1)  Memory Usage: 70kB
        ->  Nested Loop  (cost=0.43..83071.67 rows=246 width=8) (actual time=0.128..1244.267 rows=1366 loops=1)
              ->  Seq Scan on movie_keyword mk  (cost=0.00..81003.12 rows=246 width=4) (actual time=0.069..1199.997 rows=1366 loops=1)
                    Filter: (keyword_id = 1301)
                    Rows Removed by Filter: 4522564
              ->  Index Only Scan using title_pkey on title t  (cost=0.43..8.40 rows=1 width=4) (actual time=0.031..0.031 rows=1 loops=1366)
                    Index Cond: (id = mk.movie_id)
                    Heap Fetches: 1366
Planning time: 1.210 ms
Execution time: 2487.319 ms
