Seq Scan on movie_keyword mk  (cost=0.00..81003.12 rows=3311309 width=0) (actual time=0.025..1241.418 rows=3306102 loops=1)
  Filter: (keyword_id > 1532)
  Rows Removed by Filter: 1217828
Planning time: 0.313 ms
Execution time: 1608.114 ms
