Hash Join  (cost=100908.38..455383.99 rows=1376 width=0) (actual time=3183.423..7518.819 rows=18684 loops=1)
  Hash Cond: (mi.movie_id = t.id)
  ->  Seq Scan on movie_info mi  (cost=0.00..346232.03 rows=2194617 width=4) (actual time=1465.834..5512.965 rows=2233850 loops=1)
        Filter: (info_type_id > 16)
        Rows Removed by Filter: 12601870
  ->  Hash  (cost=100888.56..100888.56 rows=1586 width=8) (actual time=1647.571..1647.571 rows=4260 loops=1)
        Buckets: 8192 (originally 2048)  Batches: 1 (originally 1)  Memory Usage: 231kB
        ->  Hash Join  (cost=73962.22..100888.56 rows=1586 width=8) (actual time=1101.318..1645.758 rows=4260 loops=1)
              Hash Cond: (mi_idx.movie_id = t.id)
              ->  Seq Scan on movie_info_idx mi_idx  (cost=0.00..21735.35 rows=1380035 width=4) (actual time=0.018..277.101 rows=1380035 loops=1)
              ->  Hash  (cost=73925.90..73925.90 rows=2905 width=4) (actual time=1099.482..1099.482 rows=3646 loops=1)
                    Buckets: 4096  Batches: 1  Memory Usage: 161kB
                    ->  Seq Scan on title t  (cost=0.00..73925.90 rows=2905 width=4) (actual time=0.021..1097.347 rows=3646 loops=1)
                          Filter: ((kind_id < 7) AND (production_year = 1957))
                          Rows Removed by Filter: 2524666
Planning time: 1.163 ms
Execution time: 7521.751 ms
