Hash Join  (cost=218708.04..622082.53 rows=1638874 width=0) (actual time=6661.540..13714.909 rows=5265328 loops=1)
  Hash Cond: (mi.movie_id = t.id)
  ->  Seq Scan on movie_info mi  (cost=0.00..346232.03 rows=3068194 width=4) (actual time=1510.608..5397.811 rows=3036719 loops=1)
        Filter: (info_type_id = 16)
        Rows Removed by Filter: 11799001
  ->  Hash  (cost=196549.40..196549.40 rows=1350611 width=8) (actual time=5149.475..5149.475 rows=1356008 loops=1)
        Buckets: 131072  Batches: 32  Memory Usage: 2713kB
        ->  Hash Join  (cost=102767.86..196549.40 rows=1350611 width=8) (actual time=2159.325..4733.109 rows=1356008 loops=1)
              Hash Cond: (mc.movie_id = t.id)
              ->  Seq Scan on movie_companies mc  (cost=0.00..51404.11 rows=1350611 width=4) (actual time=119.153..1098.442 rows=1356008 loops=1)
                    Filter: (company_id > 11153)
                    Rows Removed by Filter: 1253121
              ->  Hash  (cost=61283.27..61283.27 rows=2528527 width=4) (actual time=2039.271..2039.271 rows=2528312 loops=1)
                    Buckets: 131072  Batches: 64  Memory Usage: 2415kB
                    ->  Seq Scan on title t  (cost=0.00..61283.27 rows=2528527 width=4) (actual time=0.032..1191.973 rows=2528312 loops=1)
Planning time: 1.188 ms
Execution time: 14308.884 ms
