Seq Scan on cast_info ci  (cost=0.00..705507.15 rows=18250372 width=0) (actual time=0.018..12003.577 rows=18135834 loops=1)
  Filter: (person_id < 1799934)
  Rows Removed by Filter: 18108510
Planning time: 0.347 ms
Execution time: 14222.205 ms
