Seq Scan on cast_info ci  (cost=0.00..796071.18 rows=324 width=0) (actual time=11283.316..13910.221 rows=93 loops=1)
  Filter: ((role_id > 1) AND (person_id = 2626785))
  Rows Removed by Filter: 36244251
Planning time: 0.390 ms
Execution time: 13910.345 ms
