Seq Scan on movie_keyword mk  (cost=0.00..81003.12 rows=2466088 width=0) (actual time=0.013..1405.135 rows=2450217 loops=1)
  Filter: (keyword_id > 3666)
  Rows Removed by Filter: 2073713
Planning time: 0.315 ms
Execution time: 1718.119 ms
