Hash Join  (cost=92883.59..185227.08 rows=1125521 width=0) (actual time=2075.432..4317.277 rows=321763 loops=1)
  Hash Cond: (mc.movie_id = t.id)
  ->  Seq Scan on movie_companies mc  (cost=0.00..51404.11 rows=1847034 width=4) (actual time=0.016..964.049 rows=1853178 loops=1)
        Filter: (company_id > 1501)
        Rows Removed by Filter: 755951
  ->  Hash  (cost=67604.59..67604.59 rows=1540800 width=4) (actual time=2074.034..2074.034 rows=1543264 loops=1)
        Buckets: 131072  Batches: 32  Memory Usage: 2722kB
        ->  Seq Scan on title t  (cost=0.00..67604.59 rows=1540800 width=4) (actual time=145.050..1294.163 rows=1543264 loops=1)
              Filter: (kind_id = 7)
              Rows Removed by Filter: 985048
Planning time: 0.800 ms
Execution time: 4355.929 ms
