Hash Join  (cost=245050.89..1515594.53 rows=18637650 width=0) (actual time=5315.531..38834.425 rows=13692378 loops=1)
  Hash Cond: (ci.movie_id = t.id)
  ->  Seq Scan on cast_info ci  (cost=0.00..614943.12 rows=36225612 width=4) (actual time=0.017..13546.325 rows=36244344 loops=1)
  ->  Hash  (cost=223707.67..223707.67 rows=1300897 width=8) (actual time=5314.032..5314.032 rows=328672 loops=1)
        Buckets: 131072  Batches: 32  Memory Usage: 1437kB
        ->  Hash Join  (cost=85855.67..223707.67 rows=1300897 width=8) (actual time=3322.770..5216.068 rows=328672 loops=1)
              Hash Cond: (mk.movie_id = t.id)
              ->  Seq Scan on movie_keyword mk  (cost=0.00..69693.30 rows=4523930 width=4) (actual time=0.023..1432.204 rows=4523930 loops=1)
              ->  Hash  (cost=73925.90..73925.90 rows=727101 width=4) (actual time=1659.918..1659.918 rows=796159 loops=1)
                    Buckets: 131072  Batches: 16  Memory Usage: 2786kB
                    ->  Seq Scan on title t  (cost=0.00..73925.90 rows=727101 width=4) (actual time=17.137..1400.035 rows=796159 loops=1)
                          Filter: ((production_year > 2003) AND (kind_id = 7))
                          Rows Removed by Filter: 1732153
Planning time: 1.122 ms
Execution time: 40379.132 ms
