Hash Join  (cost=132952.79..262264.21 rows=599938 width=0) (actual time=2763.543..6915.763 rows=4418727 loops=1)
  Hash Cond: (mk.movie_id = t.id)
  ->  Seq Scan on movie_keyword mk  (cost=0.00..69693.30 rows=4523930 width=4) (actual time=0.013..1405.584 rows=4523930 loops=1)
  ->  Hash  (cost=127451.30..127451.30 rows=335319 width=8) (actual time=2762.442..2762.442 rows=518066 loops=1)
        Buckets: 131072  Batches: 8  Memory Usage: 3574kB
        ->  Hash Join  (cost=84005.63..127451.30 rows=335319 width=8) (actual time=1316.682..2602.647 rows=518066 loops=1)
              Hash Cond: (mi_idx.movie_id = t.id)
              ->  Seq Scan on movie_info_idx mi_idx  (cost=0.00..21735.35 rows=1380035 width=4) (actual time=0.013..414.236 rows=1380035 loops=1)
              ->  Hash  (cost=73925.90..73925.90 rows=614378 width=4) (actual time=1314.819..1314.819 rows=520376 loops=1)
                    Buckets: 131072  Batches: 16  Memory Usage: 2162kB
                    ->  Seq Scan on title t  (cost=0.00..73925.90 rows=614378 width=4) (actual time=0.015..1148.258 rows=520376 loops=1)
                          Filter: ((kind_id < 7) AND (production_year > 1996))
                          Rows Removed by Filter: 2007936
Planning time: 1.177 ms
Execution time: 7374.722 ms
