Hash Join  (cost=102767.86..188594.37 rows=748897 width=0) (actual time=1842.521..3524.286 rows=468051 loops=1)
  Hash Cond: (mc.movie_id = t.id)
  ->  Seq Scan on movie_companies mc  (cost=0.00..57926.93 rows=748897 width=4) (actual time=0.023..960.321 rows=468051 loops=1)
        Filter: ((company_id < 13157) AND (company_type_id > 1))
        Rows Removed by Filter: 2141078
  ->  Hash  (cost=61283.27..61283.27 rows=2528527 width=4) (actual time=1841.614..1841.614 rows=2528312 loops=1)
        Buckets: 131072  Batches: 64  Memory Usage: 2415kB
        ->  Seq Scan on title t  (cost=0.00..61283.27 rows=2528527 width=4) (actual time=0.025..983.262 rows=2528312 loops=1)
Planning time: 0.779 ms
Execution time: 3576.567 ms
