Seq Scan on movie_keyword mk  (cost=0.00..81003.12 rows=3471291 width=0) (actual time=0.016..1582.579 rows=3463809 loops=1)
  Filter: (keyword_id > 1057)
  Rows Removed by Filter: 1060121
Planning time: 0.349 ms
Execution time: 2018.020 ms
