Seq Scan on movie_keyword mk  (cost=0.00..81003.12 rows=1043543 width=0) (actual time=0.010..1101.970 rows=1053596 loops=1)
  Filter: (keyword_id > 16787)
  Rows Removed by Filter: 3470334
Planning time: 0.320 ms
Execution time: 1211.434 ms
