Seq Scan on cast_info ci  (cost=0.00..705507.15 rows=15717929 width=0) (actual time=0.018..11702.354 rows=15609964 loops=1)
  Filter: (person_id < 1540361)
  Rows Removed by Filter: 20634380
Planning time: 0.316 ms
Execution time: 13615.675 ms
