Hash Join  (cost=263115.61..1326743.36 rows=14725150 width=0) (actual time=6444.827..36646.364 rows=31660517 loops=1)
  Hash Cond: (ci.movie_id = t.id)
  ->  Seq Scan on cast_info ci  (cost=0.00..705507.15 rows=14270256 width=4) (actual time=0.023..13739.742 rows=14211385 loops=1)
        Filter: (person_id < 1399459)
        Rows Removed by Filter: 22032959
  ->  Hash  (cost=220309.49..220309.49 rows=2609129 width=8) (actual time=6443.484..6443.484 rows=2609129 loops=1)
        Buckets: 131072  Batches: 64  Memory Usage: 2610kB
        ->  Hash Join  (cost=102767.86..220309.49 rows=2609129 width=8) (actual time=2008.286..5708.700 rows=2609129 loops=1)
              Hash Cond: (mc.movie_id = t.id)
              ->  Seq Scan on movie_companies mc  (cost=0.00..44881.29 rows=2609129 width=4) (actual time=0.029..1006.197 rows=2609129 loops=1)
              ->  Hash  (cost=61283.27..61283.27 rows=2528527 width=4) (actual time=2006.506..2006.506 rows=2528312 loops=1)
                    Buckets: 131072  Batches: 64  Memory Usage: 2415kB
                    ->  Seq Scan on title t  (cost=0.00..61283.27 rows=2528527 width=4) (actual time=0.015..1154.952 rows=2528312 loops=1)
Planning time: 7.539 ms
Execution time: 40078.747 ms
