Seq Scan on movie_keyword mk  (cost=0.00..81003.12 rows=2130404 width=0) (actual time=0.014..1337.487 rows=2129608 loops=1)
  Filter: (keyword_id > 5557)
  Rows Removed by Filter: 2394322
Planning time: 0.321 ms
Execution time: 1595.176 ms
