Seq Scan on movie_keyword mk  (cost=0.00..81003.12 rows=46839 width=0) (actual time=0.011..1163.047 rows=43355 loops=1)
  Filter: (keyword_id > 102896)
  Rows Removed by Filter: 4480575
Planning time: 0.353 ms
Execution time: 1169.674 ms
