Seq Scan on movie_companies mc  (cost=0.00..51404.11 rows=570427 width=0) (actual time=198.044..789.971 rows=573992 loops=1)
  Filter: (company_id > 71226)
  Rows Removed by Filter: 2035137
Planning time: 0.360 ms
Execution time: 858.747 ms
