Hash Join  (cost=102767.86..459757.62 rows=36538 width=0) (actual time=2539.388..7954.089 rows=32053 loops=1)
  Hash Cond: (mi.movie_id = t.id)
  ->  Seq Scan on movie_info mi  (cost=0.00..346232.03 rows=36538 width=4) (actual time=430.351..5508.626 rows=32053 loops=1)
        Filter: (info_type_id > 108)
        Rows Removed by Filter: 14803667
  ->  Hash  (cost=61283.27..61283.27 rows=2528527 width=4) (actual time=2063.531..2063.531 rows=2528312 loops=1)
        Buckets: 131072  Batches: 64  Memory Usage: 2425kB
        ->  Seq Scan on title t  (cost=0.00..61283.27 rows=2528527 width=4) (actual time=0.019..1203.985 rows=2528312 loops=1)
Planning time: 0.725 ms
Execution time: 7957.962 ms
