Hash Join  (cost=102767.86..1099840.53 rows=7942738 width=0) (actual time=8427.647..19400.444 rows=2854025 loops=1)
  Hash Cond: (ci.movie_id = t.id)
  ->  Seq Scan on cast_info ci  (cost=0.00..796071.18 rows=7942738 width=4) (actual time=6601.402..14861.664 rows=2854025 loops=1)
        Filter: ((person_id > 1337621) AND (role_id < 2))
        Rows Removed by Filter: 33390319
  ->  Hash  (cost=61283.27..61283.27 rows=2528527 width=4) (actual time=1824.661..1824.661 rows=2528312 loops=1)
        Buckets: 131072  Batches: 64  Memory Usage: 2415kB
        ->  Seq Scan on title t  (cost=0.00..61283.27 rows=2528527 width=4) (actual time=0.024..1026.088 rows=2528312 loops=1)
Planning time: 0.750 ms
Execution time: 19738.031 ms
