Nested Loop  (cost=0.43..83071.67 rows=246 width=0) (actual time=2.468..1323.045 rows=221 loops=1)
  ->  Seq Scan on movie_keyword mk  (cost=0.00..81003.12 rows=246 width=4) (actual time=2.415..1307.842 rows=221 loops=1)
        Filter: (keyword_id = 4104)
        Rows Removed by Filter: 4523709
  ->  Index Only Scan using title_pkey on title t  (cost=0.43..8.40 rows=1 width=4) (actual time=0.065..0.066 rows=1 loops=221)
        Index Cond: (id = mk.movie_id)
        Heap Fetches: 221
Planning time: 0.701 ms
Execution time: 1323.282 ms
