Hash Join  (cost=102767.86..911691.39 rows=123591 width=0) (actual time=13506.390..15121.788 rows=49626 loops=1)
  Hash Cond: (ci.movie_id = t.id)
  ->  Seq Scan on cast_info ci  (cost=0.00..796071.18 rows=123591 width=4) (actual time=11557.164..12790.865 rows=49626 loops=1)
        Filter: ((person_id < 1257308) AND (role_id > 10))
        Rows Removed by Filter: 36194718
  ->  Hash  (cost=61283.27..61283.27 rows=2528527 width=4) (actual time=1946.764..1946.764 rows=2528312 loops=1)
        Buckets: 131072  Batches: 64  Memory Usage: 2415kB
        ->  Seq Scan on title t  (cost=0.00..61283.27 rows=2528527 width=4) (actual time=0.017..1110.980 rows=2528312 loops=1)
Planning time: 0.810 ms
Execution time: 15127.000 ms
