Hash Join  (cost=1018504.83..3513368.56 rows=109518563 width=0) (actual time=30675.087..128416.256 rows=265688631 loops=1)
  Hash Cond: (ci.movie_id = t.id)
  ->  Seq Scan on cast_info ci  (cost=0.00..796071.18 rows=18788137 width=4) (actual time=3332.821..18486.365 rows=23020546 loops=1)
        Filter: ((person_id < 2890753) AND (role_id < 4))
        Rows Removed by Filter: 13223798
  ->  Hash  (cost=776690.81..776690.81 rows=14739122 width=8) (actual time=27340.886..27340.886 rows=14835720 loops=1)
        Buckets: 131072  Batches: 256  Memory Usage: 3268kB
        ->  Hash Join  (cost=102767.86..776690.81 rows=14739122 width=8) (actual time=1973.003..22715.917 rows=14835720 loops=1)
              Hash Cond: (mi.movie_id = t.id)
              ->  Seq Scan on movie_info mi  (cost=0.00..309384.22 rows=14739122 width=4) (actual time=0.032..6423.171 rows=14835720 loops=1)
              ->  Hash  (cost=61283.27..61283.27 rows=2528527 width=4) (actual time=1970.352..1970.352 rows=2528312 loops=1)
                    Buckets: 131072  Batches: 64  Memory Usage: 2425kB
                    ->  Seq Scan on title t  (cost=0.00..61283.27 rows=2528527 width=4) (actual time=0.021..1116.623 rows=2528312 loops=1)
Planning time: 1.279 ms
Execution time: 157502.644 ms
