Seq Scan on movie_companies mc  (cost=0.00..51404.11 rows=104 width=0) (actual time=399.072..764.012 rows=356 loops=1)
  Filter: (company_id = 241)
  Rows Removed by Filter: 2608773
Planning time: 0.361 ms
Execution time: 764.185 ms
