Seq Scan on cast_info ci  (cost=0.00..705507.15 rows=20770247 width=0) (actual time=0.012..12821.267 rows=20916000 loops=1)
  Filter: (person_id > 1510030)
  Rows Removed by Filter: 15328344
Planning time: 0.301 ms
Execution time: 15473.342 ms
