Hash Join  (cost=798323.42..3353391.63 rows=117232687 width=0) (actual time=17291.294..74617.298 rows=90134909 loops=1)
  Hash Cond: (ci.movie_id = t.id)
  ->  Seq Scan on cast_info ci  (cost=0.00..614943.12 rows=36225612 width=4) (actual time=0.019..13516.292 rows=36244344 loops=1)
  ->  Hash  (cost=664074.73..664074.73 rows=8182775 width=8) (actual time=17289.854..17289.854 rows=3935538 loops=1)
        Buckets: 131072  Batches: 128  Memory Usage: 2188kB
        ->  Hash Join  (cost=96957.05..664074.73 rows=8182775 width=8) (actual time=2628.170..16281.081 rows=3935538 loops=1)
              Hash Cond: (mi.movie_id = t.id)
              ->  Seq Scan on movie_info mi  (cost=0.00..309384.22 rows=14739122 width=4) (actual time=0.013..5964.044 rows=14835720 loops=1)
              ->  Hash  (cost=73925.90..73925.90 rows=1403772 width=4) (actual time=1888.878..1888.878 rows=1477664 loops=1)
                    Buckets: 131072  Batches: 32  Memory Usage: 2656kB
                    ->  Seq Scan on title t  (cost=0.00..73925.90 rows=1403772 width=4) (actual time=0.016..1411.106 rows=1477664 loops=1)
                          Filter: ((production_year > 1948) AND (kind_id = 7))
                          Rows Removed by Filter: 1050648
Planning time: 1.194 ms
Execution time: 84087.872 ms
