Hash Join  (cost=161718.78..913084.17 rows=57618 width=0) (actual time=2703.243..19048.679 rows=17461 loops=1)
  Hash Cond: (ci.movie_id = t.id)
  ->  Seq Scan on cast_info ci  (cost=0.00..614943.12 rows=36225612 width=4) (actual time=0.016..9185.378 rows=36244344 loops=1)
  ->  Hash  (cost=161668.51..161668.51 rows=4022 width=8) (actual time=2677.880..2677.880 rows=2173 loops=1)
        Buckets: 4096  Batches: 1  Memory Usage: 117kB
        ->  Hash Join  (cost=73997.83..161668.51 rows=4022 width=8) (actual time=2298.603..2677.083 rows=2173 loops=1)
              Hash Cond: (mk.movie_id = t.id)
              ->  Seq Scan on movie_keyword mk  (cost=0.00..81003.12 rows=1767289 width=4) (actual time=0.015..1488.365 rows=1771995 loops=1)
                    Filter: (keyword_id > 7821)
                    Rows Removed by Filter: 2751935
              ->  Hash  (cost=73925.90..73925.90 rows=5754 width=4) (actual time=903.405..903.405 rows=5353 loops=1)
                    Buckets: 8192  Batches: 1  Memory Usage: 253kB
                    ->  Seq Scan on title t  (cost=0.00..73925.90 rows=5754 width=4) (actual time=208.034..900.794 rows=5353 loops=1)
                          Filter: ((kind_id = 2) AND (production_year = 2011))
                          Rows Removed by Filter: 2522959
Planning time: 1.218 ms
Execution time: 19052.681 ms
