Seq Scan on movie_keyword mk  (cost=0.00..81003.12 rows=819197 width=0) (actual time=0.030..1438.048 rows=827594 loops=1)
  Filter: (keyword_id > 22227)
  Rows Removed by Filter: 3696336
Planning time: 0.342 ms
Execution time: 1544.401 ms
