Seq Scan on movie_companies mc  (cost=0.00..57926.93 rows=759665 width=0) (actual time=0.028..1141.773 rows=1044232 loops=1)
  Filter: ((company_id < 14499) AND (company_type_id < 2))
  Rows Removed by Filter: 1564897
Planning time: 1.710 ms
Execution time: 1272.770 ms
