Hash Join  (cost=80562.70..1109028.70 rows=4876977 width=0) (actual time=1391.551..30995.232 rows=7598001 loops=1)
  Hash Cond: (ci.movie_id = t.id)
  ->  Seq Scan on cast_info ci  (cost=0.00..796071.18 rows=15614147 width=4) (actual time=0.030..17250.448 rows=20220562 loops=1)
        Filter: ((person_id > 1188916) AND (role_id > 1))
        Rows Removed by Filter: 16023782
  ->  Hash  (cost=67604.59..67604.59 rows=789769 width=4) (actual time=1390.086..1390.086 rows=784926 loops=1)
        Buckets: 131072  Batches: 16  Memory Usage: 2749kB
        ->  Seq Scan on title t  (cost=0.00..67604.59 rows=789769 width=4) (actual time=0.018..1134.357 rows=784926 loops=1)
              Filter: (production_year > 2007)
              Rows Removed by Filter: 1743386
Planning time: 0.820 ms
Execution time: 31846.098 ms
