Hash Join  (cost=90606.68..944206.11 rows=1381867 width=0) (actual time=15998.940..39153.946 rows=795 loops=1)
  Hash Cond: (ci.movie_id = t.id)
  ->  Seq Scan on cast_info ci  (cost=0.00..796071.18 rows=3436688 width=4) (actual time=11153.645..34277.279 rows=2788 loops=1)
        Filter: ((person_id < 1673879) AND (role_id = 2))
        Rows Removed by Filter: 36241556
  ->  Hash  (cost=73925.90..73925.90 rows=1016702 width=4) (actual time=4711.248..4711.248 rows=960113 loops=1)
        Buckets: 131072  Batches: 16  Memory Usage: 3135kB
        ->  Seq Scan on title t  (cost=0.00..73925.90 rows=1016702 width=4) (actual time=0.041..4152.538 rows=960113 loops=1)
              Filter: ((production_year < 2008) AND (kind_id = 7))
              Rows Removed by Filter: 1568199
Planning time: 0.820 ms
Execution time: 39154.401 ms
