Seq Scan on title t  (cost=0.00..73925.90 rows=288972 width=0) (actual time=0.022..1482.108 rows=177760 loops=1)
  Filter: ((kind_id > 4) AND (production_year < 1977))
  Rows Removed by Filter: 2350552
Planning time: 0.324 ms
Execution time: 1505.692 ms
