Hash Join  (cost=108248.19..866115.50 rows=707815 width=0) (actual time=2064.906..27063.547 rows=1495863 loops=1)
  Hash Cond: (ci.movie_id = t.id)
  ->  Seq Scan on cast_info ci  (cost=0.00..614943.12 rows=36225612 width=4) (actual time=0.016..9672.563 rows=36244344 loops=1)
  ->  Hash  (cost=107630.63..107630.63 rows=49405 width=8) (actual time=2064.295..2064.295 rows=113058 loops=1)
        Buckets: 131072 (originally 65536)  Batches: 2 (originally 1)  Memory Usage: 3246kB
        ->  Hash Join  (cost=69090.10..107630.63 rows=49405 width=8) (actual time=1587.291..2033.200 rows=113058 loops=1)
              Hash Cond: (mi_idx.movie_id = t.id)
              ->  Seq Scan on movie_info_idx mi_idx  (cost=0.00..21735.35 rows=1380035 width=4) (actual time=0.010..405.298 rows=1380035 loops=1)
              ->  Hash  (cost=67604.59..67604.59 rows=90521 width=4) (actual time=1166.193..1166.193 rows=90852 loops=1)
                    Buckets: 131072  Batches: 2  Memory Usage: 2626kB
                    ->  Seq Scan on title t  (cost=0.00..67604.59 rows=90521 width=4) (actual time=62.292..1128.469 rows=90852 loops=1)
                          Filter: (kind_id = 2)
                          Rows Removed by Filter: 2437460
Planning time: 0.809 ms
Execution time: 27257.108 ms
