Hash Join  (cost=190230.21..331836.71 rows=1770416 width=0) (actual time=9239.017..19480.787 rows=7541588 loops=1)
  Hash Cond: (mk.movie_id = t.id)
  ->  Seq Scan on movie_keyword mk  (cost=0.00..81003.12 rows=3243791 width=4) (actual time=0.014..5594.073 rows=3233869 loops=1)
        Filter: (keyword_id < 13704)
        Rows Removed by Filter: 1290061
  ->  Hash  (cost=167588.78..167588.78 rows=1380035 width=8) (actual time=9237.546..9237.546 rows=1380035 loops=1)
        Buckets: 131072  Batches: 32  Memory Usage: 2726kB
        ->  Hash Join  (cost=102767.86..167588.78 rows=1380035 width=8) (actual time=5524.462..8773.447 rows=1380035 loops=1)
              Hash Cond: (mi_idx.movie_id = t.id)
              ->  Seq Scan on movie_info_idx mi_idx  (cost=0.00..21735.35 rows=1380035 width=4) (actual time=0.031..1440.068 rows=1380035 loops=1)
              ->  Hash  (cost=61283.27..61283.27 rows=2528527 width=4) (actual time=5523.017..5523.017 rows=2528312 loops=1)
                    Buckets: 131072  Batches: 64  Memory Usage: 2415kB
                    ->  Seq Scan on title t  (cost=0.00..61283.27 rows=2528527 width=4) (actual time=0.018..4243.041 rows=2528312 loops=1)
Planning time: 1.154 ms
Execution time: 20432.313 ms
