Seq Scan on title t  (cost=0.00..73925.90 rows=2905 width=0) (actual time=0.833..2988.037 rows=5914 loops=1)
  Filter: ((kind_id < 7) AND (production_year = 1974))
  Rows Removed by Filter: 2522398
Planning time: 15.390 ms
Execution time: 2989.622 ms
