Hash Join  (cost=94811.97..187970.75 rows=1313626 width=0) (actual time=5048.912..10402.412 rows=868698 loops=1)
  Hash Cond: (mc.movie_id = t.id)
  ->  Seq Scan on movie_companies mc  (cost=0.00..44881.29 rows=2609129 width=4) (actual time=0.030..3229.911 rows=2609129 loops=1)
  ->  Hash  (cost=73925.90..73925.90 rows=1273045 width=4) (actual time=5047.741..5047.741 rows=1394954 loops=1)
        Buckets: 131072  Batches: 32  Memory Usage: 2564kB
        ->  Seq Scan on title t  (cost=0.00..73925.90 rows=1273045 width=4) (actual time=4.413..4440.885 rows=1394954 loops=1)
              Filter: ((kind_id > 1) AND (production_year > 1991))
              Rows Removed by Filter: 1133358
Planning time: 17.406 ms
Execution time: 10513.477 ms
