Hash Join  (cost=83074.74..139466.19 rows=129 width=0) (actual time=3896.294..6736.400 rows=613 loops=1)
  Hash Cond: (mc.movie_id = t.id)
  ->  Seq Scan on movie_companies mc  (cost=0.00..51404.11 rows=1329612 width=4) (actual time=0.031..2588.990 rows=1334883 loops=1)
        Filter: (company_type_id > 1)
        Rows Removed by Filter: 1274246
  ->  Hash  (cost=83071.67..83071.67 rows=246 width=8) (actual time=3891.103..3891.103 rows=343 loops=1)
        Buckets: 1024  Batches: 1  Memory Usage: 22kB
        ->  Nested Loop  (cost=0.43..83071.67 rows=246 width=8) (actual time=8.288..3889.070 rows=343 loops=1)
              ->  Seq Scan on movie_keyword mk  (cost=0.00..81003.12 rows=246 width=4) (actual time=8.215..3813.920 rows=343 loops=1)
                    Filter: (keyword_id = 1164)
                    Rows Removed by Filter: 4523587
              ->  Index Only Scan using title_pkey on title t  (cost=0.43..8.40 rows=1 width=4) (actual time=0.215..0.216 rows=1 loops=343)
                    Index Cond: (id = mk.movie_id)
                    Heap Fetches: 343
Planning time: 1.153 ms
Execution time: 6736.686 ms
