Seq Scan on cast_info ci  (cost=0.00..796071.18 rows=332 width=0) (actual time=2790.974..39032.573 rows=115 loops=1)
  Filter: ((role_id < 4) AND (person_id = 346519))
  Rows Removed by Filter: 36244229
Planning time: 0.446 ms
Execution time: 39032.705 ms
