Seq Scan on movie_keyword mk  (cost=0.00..81003.12 rows=2743563 width=0) (actual time=0.017..3249.828 rows=2743218 loops=1)
  Filter: (keyword_id < 7777)
  Rows Removed by Filter: 1780712
Planning time: 0.306 ms
Execution time: 3672.457 ms
