Seq Scan on title t  (cost=0.00..73925.90 rows=43707 width=0) (actual time=0.011..2794.637 rows=115312 loops=1)
  Filter: ((kind_id < 7) AND (production_year < 1930))
  Rows Removed by Filter: 2413000
Planning time: 3.948 ms
Execution time: 2809.442 ms
