Seq Scan on movie_keyword mk  (cost=0.00..81003.12 rows=4060842 width=0) (actual time=0.042..1191.763 rows=4064291 loops=1)
  Filter: (keyword_id < 38616)
  Rows Removed by Filter: 459639
Planning time: 0.342 ms
Execution time: 1603.842 ms
