Nested Loop  (cost=0.43..83072.29 rows=150 width=0) (actual time=1883.078..3299.141 rows=290 loops=1)
  ->  Seq Scan on movie_keyword mk  (cost=0.00..81003.12 rows=246 width=4) (actual time=0.730..2952.174 rows=2215 loops=1)
        Filter: (keyword_id = 486)
        Rows Removed by Filter: 4521715
  ->  Index Scan using title_pkey on title t  (cost=0.43..8.40 rows=1 width=4) (actual time=0.154..0.154 rows=0 loops=2215)
        Index Cond: (id = mk.movie_id)
        Filter: (kind_id > 6)
        Rows Removed by Filter: 1
Planning time: 0.723 ms
Execution time: 3299.378 ms
