Hash Join  (cost=159416.30..541730.05 rows=54557 width=0) (actual time=8784.622..29236.000 rows=811810 loops=1)
  Hash Cond: (mi.movie_id = t.id)
  ->  Seq Scan on movie_info mi  (cost=0.00..346232.03 rows=9476311 width=4) (actual time=1688.419..19493.595 rows=9565151 loops=1)
        Filter: (info_type_id < 16)
        Rows Removed by Filter: 5270569
  ->  Hash  (cost=159234.34..159234.34 rows=14557 width=8) (actual time=7086.139..7086.139 rows=23961 loops=1)
        Buckets: 32768 (originally 16384)  Batches: 1 (originally 1)  Memory Usage: 1192kB
        ->  Hash Join  (cost=74393.18..159234.34 rows=14557 width=8) (actual time=3178.211..7076.929 rows=23961 loops=1)
              Hash Cond: (mk.movie_id = t.id)
              ->  Seq Scan on movie_keyword mk  (cost=0.00..81003.12 rows=984657 width=4) (actual time=0.038..3661.285 rows=994054 loops=1)
                    Filter: (keyword_id > 18607)
                    Rows Removed by Filter: 3529876
              ->  Hash  (cost=73925.90..73925.90 rows=37382 width=4) (actual time=3177.497..3177.497 rows=33190 loops=1)
                    Buckets: 65536  Batches: 1  Memory Usage: 1679kB
                    ->  Seq Scan on title t  (cost=0.00..73925.90 rows=37382 width=4) (actual time=0.023..3155.590 rows=33190 loops=1)
                          Filter: ((kind_id = 1) AND (production_year = 2010))
                          Rows Removed by Filter: 2495122
Planning time: 4.335 ms
Execution time: 29353.369 ms
