Hash Join  (cost=73962.22..431735.22 rows=3525 width=0) (actual time=12010.457..19860.269 rows=5035 loops=1)
  Hash Cond: (mi.movie_id = t.id)
  ->  Seq Scan on movie_info mi  (cost=0.00..346232.03 rows=3068194 width=4) (actual time=8398.040..15571.949 rows=3036719 loops=1)
        Filter: (info_type_id = 16)
        Rows Removed by Filter: 11799001
  ->  Hash  (cost=73925.90..73925.90 rows=2905 width=4) (actual time=3589.093..3589.093 rows=2720 loops=1)
        Buckets: 4096  Batches: 1  Memory Usage: 128kB
        ->  Seq Scan on title t  (cost=0.00..73925.90 rows=2905 width=4) (actual time=0.097..3587.431 rows=2720 loops=1)
              Filter: ((kind_id < 7) AND (production_year = 1950))
              Rows Removed by Filter: 2525592
Planning time: 0.721 ms
Execution time: 19861.384 ms
