Hash Join  (cost=445590.17..1376960.01 rows=694308 width=0) (actual time=44262.199..80194.369 rows=2527696 loops=1)
  Hash Cond: (ci.movie_id = t.id)
  ->  Seq Scan on cast_info ci  (cost=0.00..796071.18 rows=7152057 width=4) (actual time=15529.260..45835.697 rows=7451973 loops=1)
        Filter: ((person_id < 3916808) AND (role_id = 2))
        Rows Removed by Filter: 28792371
  ->  Hash  (cost=441562.86..441562.86 rows=245465 width=8) (actual time=28731.054..28731.054 rows=395777 loops=1)
        Buckets: 131072 (originally 131072)  Batches: 8 (originally 4)  Memory Usage: 3073kB
        ->  Hash Join  (cost=74452.28..441562.86 rows=245465 width=8) (actual time=3806.594..27598.144 rows=395777 loops=1)
              Hash Cond: (mi.movie_id = t.id)
              ->  Seq Scan on movie_info mi  (cost=0.00..309384.22 rows=14739122 width=4) (actual time=0.032..18744.927 rows=14835720 loops=1)
              ->  Hash  (cost=73925.90..73925.90 rows=42110 width=4) (actual time=3805.800..3805.800 rows=33905 loops=1)
                    Buckets: 65536  Batches: 1  Memory Usage: 1704kB
                    ->  Seq Scan on title t  (cost=0.00..73925.90 rows=42110 width=4) (actual time=0.023..3788.829 rows=33905 loops=1)
                          Filter: ((kind_id < 7) AND (production_year = 2006))
                          Rows Removed by Filter: 2494407
Planning time: 1.276 ms
Execution time: 80533.696 ms
