Hash Join  (cost=102767.86..1337600.50 rows=17823721 width=0) (actual time=17987.373..70674.510 rows=21168918 loops=1)
  Hash Cond: (ci.movie_id = t.id)
  ->  Seq Scan on cast_info ci  (cost=0.00..796071.18 rows=17823721 width=4) (actual time=12855.737..42145.571 rows=21168918 loops=1)
        Filter: ((person_id > 849263) AND (role_id > 1))
        Rows Removed by Filter: 15075426
  ->  Hash  (cost=61283.27..61283.27 rows=2528527 width=4) (actual time=5130.184..5130.184 rows=2528312 loops=1)
        Buckets: 131072  Batches: 64  Memory Usage: 2415kB
        ->  Seq Scan on title t  (cost=0.00..61283.27 rows=2528527 width=4) (actual time=0.017..4075.470 rows=2528312 loops=1)
Planning time: 8.466 ms
Execution time: 73753.659 ms
