Hash Join  (cost=102431.42..155799.21 rows=7016 width=0) (actual time=3427.991..5998.288 rows=8166 loops=1)
  Hash Cond: (mc.movie_id = t.id)
  ->  Seq Scan on movie_companies mc  (cost=0.00..51404.11 rows=504937 width=4) (actual time=0.030..2414.833 rows=501432 loops=1)
        Filter: (company_id < 452)
        Rows Removed by Filter: 2107697
  ->  Hash  (cost=101992.28..101992.28 rows=35131 width=8) (actual time=3427.409..3427.409 rows=32067 loops=1)
        Buckets: 65536  Batches: 1  Memory Usage: 1765kB
        ->  Hash Join  (cost=74730.49..101992.28 rows=35131 width=8) (actual time=2351.419..3416.504 rows=32067 loops=1)
              Hash Cond: (mi_idx.movie_id = t.id)
              ->  Seq Scan on movie_info_idx mi_idx  (cost=0.00..21735.35 rows=1380035 width=4) (actual time=0.018..660.386 rows=1380035 loops=1)
              ->  Hash  (cost=73925.90..73925.90 rows=64367 width=4) (actual time=2351.041..2351.041 rows=53905 loops=1)
                    Buckets: 65536  Batches: 1  Memory Usage: 2408kB
                    ->  Seq Scan on title t  (cost=0.00..73925.90 rows=64367 width=4) (actual time=0.017..2329.861 rows=53905 loops=1)
                          Filter: ((kind_id < 7) AND (production_year = 2012))
                          Rows Removed by Filter: 2474407
Planning time: 1.196 ms
Execution time: 5999.878 ms
