Seq Scan on cast_info ci  (cost=0.00..705507.15 rows=500 width=0) (actual time=5435.384..31953.015 rows=144 loops=1)
  Filter: (person_id = 3700672)
  Rows Removed by Filter: 36244200
Planning time: 0.388 ms
Execution time: 31953.103 ms
