Seq Scan on title t  (cost=0.00..73925.90 rows=841609 width=0) (actual time=0.022..1161.530 rows=755160 loops=1)
  Filter: ((kind_id < 7) AND (production_year > 1965))
  Rows Removed by Filter: 1773152
Planning time: 0.362 ms
Execution time: 1256.746 ms
