Seq Scan on movie_keyword mk  (cost=0.00..81003.12 rows=1439141 width=0) (actual time=0.016..4099.323 rows=1453368 loops=1)
  Filter: (keyword_id > 11483)
  Rows Removed by Filter: 3070562
Planning time: 0.222 ms
Execution time: 4301.507 ms
