Seq Scan on movie_keyword mk  (cost=0.00..81003.12 rows=3371427 width=0) (actual time=0.030..4361.330 rows=3366226 loops=1)
  Filter: (keyword_id > 1370)
  Rows Removed by Filter: 1157704
Planning time: 5.158 ms
Execution time: 4873.498 ms
