Hash Join  (cost=142407.61..500921.94 rows=77657 width=0) (actual time=13402.141..24415.849 rows=155312 loops=1)
  Hash Cond: (mi.movie_id = t.id)
  ->  Seq Scan on movie_info mi  (cost=0.00..346232.03 rows=3068194 width=4) (actual time=6502.936..16592.527 rows=3036719 loops=1)
        Filter: (info_type_id = 16)
        Rows Removed by Filter: 11799001
  ->  Hash  (cost=141607.64..141607.64 rows=63998 width=8) (actual time=6898.771..6898.771 rows=38441 loops=1)
        Buckets: 65536  Batches: 1  Memory Usage: 2014kB
        ->  Hash Join  (cost=83810.17..141607.64 rows=63998 width=8) (actual time=4109.878..6885.740 rows=38441 loops=1)
              Hash Cond: (mc.movie_id = t.id)
              ->  Seq Scan on movie_companies mc  (cost=0.00..51404.11 rows=163832 width=4) (actual time=0.379..2491.955 rows=167708 loops=1)
                    Filter: (company_id < 34)
                    Rows Removed by Filter: 2441421
              ->  Hash  (cost=67604.59..67604.59 rows=987727 width=4) (actual time=4108.051..4108.051 rows=985048 loops=1)
                    Buckets: 131072  Batches: 16  Memory Usage: 3188kB
                    ->  Seq Scan on title t  (cost=0.00..67604.59 rows=987727 width=4) (actual time=0.022..3679.710 rows=985048 loops=1)
                          Filter: (kind_id < 7)
                          Rows Removed by Filter: 1543264
Planning time: 1.123 ms
Execution time: 24437.900 ms
