Hash Join  (cost=73962.22..424949.23 rows=1452 width=0) (actual time=11539.772..19336.213 rows=5060 loops=1)
  Hash Cond: (mi.movie_id = t.id)
  ->  Seq Scan on movie_info mi  (cost=0.00..346232.03 rows=1264125 width=4) (actual time=8068.295..15547.423 rows=1288928 loops=1)
        Filter: (info_type_id = 2)
        Rows Removed by Filter: 13546792
  ->  Hash  (cost=73925.90..73925.90 rows=2905 width=4) (actual time=3471.072..3471.072 rows=6090 loops=1)
        Buckets: 8192 (originally 4096)  Batches: 1 (originally 1)  Memory Usage: 279kB
        ->  Seq Scan on title t  (cost=0.00..73925.90 rows=2905 width=4) (actual time=0.050..3467.369 rows=6090 loops=1)
              Filter: ((kind_id < 7) AND (production_year = 1968))
              Rows Removed by Filter: 2522222
Planning time: 0.882 ms
Execution time: 19337.718 ms
