Hash Join  (cost=751691.49..2085744.50 rows=36027902 width=0) (actual time=36592.874..104397.615 rows=58428659 loops=1)
  Hash Cond: (ci.movie_id = t.id)
  ->  Seq Scan on cast_info ci  (cost=0.00..705507.15 rows=12590297 width=4) (actual time=0.025..39089.250 rows=12536203 loops=1)
        Filter: (person_id < 1235679)
        Rows Removed by Filter: 23708141
  ->  Hash  (cost=632983.31..632983.31 rows=7235534 width=8) (actual time=36591.305..36591.305 rows=7286865 loops=1)
        Buckets: 131072  Batches: 128  Memory Usage: 3236kB
        ->  Hash Join  (cost=102767.86..632983.31 rows=7235534 width=8) (actual time=6019.588..34031.529 rows=7286865 loops=1)
              Hash Cond: (mi.movie_id = t.id)
              ->  Seq Scan on movie_info mi  (cost=0.00..346232.03 rows=7235534 width=4) (actual time=0.026..20017.313 rows=7286865 loops=1)
                    Filter: (info_type_id < 8)
                    Rows Removed by Filter: 7548855
              ->  Hash  (cost=61283.27..61283.27 rows=2528527 width=4) (actual time=6018.684..6018.684 rows=2528312 loops=1)
                    Buckets: 131072  Batches: 64  Memory Usage: 2425kB
                    ->  Seq Scan on title t  (cost=0.00..61283.27 rows=2528527 width=4) (actual time=0.011..4207.453 rows=2528312 loops=1)
Planning time: 1.253 ms
Execution time: 111441.030 ms
