Seq Scan on movie_keyword mk  (cost=0.00..81003.12 rows=2532270 width=0) (actual time=0.016..4290.667 rows=2524643 loops=1)
  Filter: (keyword_id > 3534)
  Rows Removed by Filter: 1999287
Planning time: 0.653 ms
Execution time: 4731.479 ms
