Hash Join  (cost=73983.02..827442.84 rows=22996 width=0) (actual time=6637.682..48587.996 rows=31954 loops=1)
  Hash Cond: (ci.movie_id = t.id)
  ->  Seq Scan on cast_info ci  (cost=0.00..705507.15 rows=12726058 width=4) (actual time=3484.235..42269.809 rows=12670688 loops=1)
        Filter: (role_id < 2)
        Rows Removed by Filter: 23573656
  ->  Hash  (cost=73925.90..73925.90 rows=4569 width=4) (actual time=3151.855..3151.855 rows=5919 loops=1)
        Buckets: 8192  Batches: 1  Memory Usage: 273kB
        ->  Seq Scan on title t  (cost=0.00..73925.90 rows=4569 width=4) (actual time=328.458..3148.396 rows=5919 loops=1)
              Filter: ((kind_id > 4) AND (production_year = 1962))
              Rows Removed by Filter: 2522393
Planning time: 10.972 ms
Execution time: 48597.957 ms
