Hash Join  (cost=58375.85..145034.83 rows=95 width=0) (actual time=2997.625..7157.393 rows=5706 loops=1)
  Hash Cond: (mk.movie_id = t.id)
  ->  Seq Scan on movie_keyword mk  (cost=0.00..69693.30 rows=4523930 width=4) (actual time=0.016..3710.224 rows=4523930 loops=1)
  ->  Hash  (cost=58375.18..58375.18 rows=53 width=8) (actual time=2469.714..2469.714 rows=269 loops=1)
        Buckets: 1024  Batches: 1  Memory Usage: 19kB
        ->  Nested Loop  (cost=0.43..58375.18 rows=53 width=8) (actual time=12.215..2469.510 rows=269 loops=1)
              ->  Seq Scan on movie_companies mc  (cost=0.00..57926.93 rows=53 width=4) (actual time=12.127..2441.336 rows=269 loops=1)
                    Filter: ((company_id = 13981) AND (company_type_id = 2))
                    Rows Removed by Filter: 2608860
              ->  Index Only Scan using title_pkey on title t  (cost=0.43..8.45 rows=1 width=4) (actual time=0.102..0.103 rows=1 loops=269)
                    Index Cond: (id = mc.movie_id)
                    Heap Fetches: 269
Planning time: 0.937 ms
Execution time: 7158.285 ms
