Hash Join  (cost=446861.56..603459.61 rows=518845 width=0) (actual time=10175.476..16097.401 rows=10129075 loops=1)
  Hash Cond: (mk.movie_id = t.id)
  ->  Seq Scan on movie_keyword mk  (cost=0.00..69693.30 rows=4523930 width=4) (actual time=0.012..1429.304 rows=4523930 loops=1)
  ->  Hash  (cost=442103.64..442103.64 rows=289994 width=8) (actual time=10173.734..10173.734 rows=486725 loops=1)
        Buckets: 131072 (originally 131072)  Batches: 8 (originally 4)  Memory Usage: 3519kB
        ->  Hash Join  (cost=74547.77..442103.64 rows=289994 width=8) (actual time=1074.663..9485.130 rows=486725 loops=1)
              Hash Cond: (mi.movie_id = t.id)
              ->  Seq Scan on movie_info mi  (cost=0.00..309384.22 rows=14739122 width=4) (actual time=0.012..4258.488 rows=14835720 loops=1)
              ->  Hash  (cost=73925.90..73925.90 rows=49749 width=4) (actual time=1074.289..1074.289 rows=44012 loops=1)
                    Buckets: 65536  Batches: 1  Memory Usage: 2060kB
                    ->  Seq Scan on title t  (cost=0.00..73925.90 rows=49749 width=4) (actual time=0.172..1056.174 rows=44012 loops=1)
                          Filter: ((kind_id < 7) AND (production_year = 2009))
                          Rows Removed by Filter: 2484300
Planning time: 1.151 ms
Execution time: 17195.367 ms
