Seq Scan on cast_info ci  (cost=0.00..705507.15 rows=500 width=0) (actual time=20703.656..31415.227 rows=108 loops=1)
  Filter: (person_id = 3466811)
  Rows Removed by Filter: 36244236
Planning time: 0.358 ms
Execution time: 31415.345 ms
