Hash Join  (cost=76960.10..1153385.26 rows=1663257 width=0) (actual time=3564.111..69192.545 rows=612961 loops=1)
  Hash Cond: (ci.movie_id = t.id)
  ->  Seq Scan on cast_info ci  (cost=0.00..796071.18 rows=22745709 width=4) (actual time=0.014..51235.486 rows=25654056 loops=1)
        Filter: ((person_id < 2918977) AND (role_id < 8))
        Rows Removed by Filter: 10590288
  ->  Hash  (cost=73925.90..73925.90 rows=184896 width=4) (actual time=3550.638..3550.638 rows=79092 loops=1)
        Buckets: 131072  Batches: 4  Memory Usage: 1718kB
        ->  Seq Scan on title t  (cost=0.00..73925.90 rows=184896 width=4) (actual time=661.214..3322.495 rows=79092 loops=1)
              Filter: ((production_year < 1965) AND (kind_id = 7))
              Rows Removed by Filter: 2449220
Planning time: 0.827 ms
Execution time: 69299.310 ms
