Seq Scan on movie_keyword mk  (cost=0.00..81003.12 rows=1928773 width=0) (actual time=0.024..1198.819 rows=1945231 loops=1)
  Filter: (keyword_id < 3357)
  Rows Removed by Filter: 2578699
Planning time: 0.337 ms
Execution time: 1407.877 ms
