Hash Join  (cost=90016.07..233395.96 rows=1754685 width=0) (actual time=8369.612..12702.506 rows=436059 loops=1)
  Hash Cond: (mk.movie_id = t.id)
  ->  Seq Scan on movie_keyword mk  (cost=0.00..69693.30 rows=4523930 width=4) (actual time=0.014..4736.771 rows=4523930 loops=1)
  ->  Hash  (cost=73925.90..73925.90 rows=980733 width=4) (actual time=5138.224..5138.224 rows=1074493 loops=1)
        Buckets: 131072  Batches: 16  Memory Usage: 3400kB
        ->  Seq Scan on title t  (cost=0.00..73925.90 rows=980733 width=4) (actual time=251.271..4387.451 rows=1074493 loops=1)
              Filter: ((production_year > 1995) AND (kind_id = 7))
              Rows Removed by Filter: 1453819
Planning time: 0.730 ms
Execution time: 12755.189 ms
