Hash Join  (cost=246941.60..1648608.83 rows=31402005 width=0) (actual time=9329.685..90696.602 rows=69491381 loops=1)
  Hash Cond: (ci.movie_id = t.id)
  ->  Seq Scan on cast_info ci  (cost=0.00..614943.12 rows=36225612 width=4) (actual time=0.027..37183.047 rows=36244344 loops=1)
  ->  Hash  (cost=210981.58..210981.58 rows=2191842 width=8) (actual time=9328.498..9328.498 rows=1964836 loops=1)
        Buckets: 131072  Batches: 32  Memory Usage: 3382kB
        ->  Hash Join  (cost=102454.22..210981.58 rows=2191842 width=8) (actual time=4321.932..8789.285 rows=1964836 loops=1)
              Hash Cond: (mc.movie_id = t.id)
              ->  Seq Scan on movie_companies mc  (cost=0.00..44881.29 rows=2609129 width=4) (actual time=0.019..2140.119 rows=2609129 loops=1)
              ->  Hash  (cost=67604.59..67604.59 rows=2124131 width=4) (actual time=4321.192..4321.192 rows=2118372 loops=1)
                    Buckets: 131072  Batches: 32  Memory Usage: 3356kB
                    ->  Seq Scan on title t  (cost=0.00..67604.59 rows=2124131 width=4) (actual time=0.011..3452.302 rows=2118372 loops=1)
                          Filter: (production_year > 1967)
                          Rows Removed by Filter: 409940
Planning time: 7.046 ms
Execution time: 99421.579 ms
