Hash Join  (cost=98098.54..1450727.13 rows=26628241 width=0) (actual time=5482.193..82684.076 rows=28420861 loops=1)
  Hash Cond: (ci.movie_id = t.id)
  ->  Seq Scan on cast_info ci  (cost=0.00..614943.12 rows=36225612 width=4) (actual time=0.022..42342.265 rows=36244344 loops=1)
  ->  Hash  (cost=67604.59..67604.59 rows=1858636 width=4) (actual time=5481.044..5481.044 rows=1852807 loops=1)
        Buckets: 131072  Batches: 32  Memory Usage: 3067kB
        ->  Seq Scan on title t  (cost=0.00..67604.59 rows=1858636 width=4) (actual time=0.013..4758.875 rows=1852807 loops=1)
              Filter: (production_year > 1985)
              Rows Removed by Filter: 675505
Planning time: 0.769 ms
Execution time: 86134.965 ms
