Hash Join  (cost=174354.67..250816.97 rows=102478 width=0) (actual time=6316.293..11479.707 rows=2479483 loops=1)
  Hash Cond: (mc.movie_id = t.id)
  ->  Seq Scan on movie_companies mc  (cost=0.00..44881.29 rows=2609129 width=4) (actual time=0.026..2621.516 rows=2609129 loops=1)
  ->  Hash  (cost=172725.27..172725.27 rows=99312 width=8) (actual time=6315.392..6315.392 rows=323220 loops=1)
        Buckets: 131072 (originally 131072)  Batches: 8 (originally 2)  Memory Usage: 3073kB
        ->  Hash Join  (cost=77961.21..172725.27 rows=99312 width=8) (actual time=2682.343..6184.282 rows=323220 loops=1)
              Hash Cond: (mk.movie_id = t.id)
              ->  Seq Scan on movie_keyword mk  (cost=0.00..81003.12 rows=1021018 width=4) (actual time=0.025..2818.077 rows=1026401 loops=1)
                    Filter: (keyword_id > 17424)
                    Rows Removed by Filter: 3497529
              ->  Hash  (cost=73925.90..73925.90 rows=245944 width=4) (actual time=2681.523..2681.523 rows=357497 loops=1)
                    Buckets: 131072 (originally 131072)  Batches: 8 (originally 4)  Memory Usage: 3073kB
                    ->  Seq Scan on title t  (cost=0.00..73925.90 rows=245944 width=4) (actual time=0.022..2548.450 rows=357497 loops=1)
                          Filter: ((kind_id < 7) AND (production_year < 1987))
                          Rows Removed by Filter: 2170815
Planning time: 2.265 ms
Execution time: 11845.125 ms
