Seq Scan on cast_info ci  (cost=0.00..796071.18 rows=324 width=0) (actual time=25918.141..36677.812 rows=73 loops=1)
  Filter: ((role_id > 1) AND (person_id = 2743407))
  Rows Removed by Filter: 36244271
Planning time: 0.299 ms
Execution time: 36694.127 ms
