Hash Join  (cost=114161.01..481298.17 rows=248125 width=0) (actual time=6265.456..28554.100 rows=165981 loops=1)
  Hash Cond: (mi.movie_id = t.id)
  ->  Seq Scan on movie_info mi  (cost=0.00..309384.22 rows=14739122 width=4) (actual time=0.009..17962.773 rows=14835720 loops=1)
  ->  Hash  (cost=113628.93..113628.93 rows=42566 width=8) (actual time=6254.487..6254.487 rows=19695 loops=1)
        Buckets: 65536  Batches: 1  Memory Usage: 1282kB
        ->  Hash Join  (cost=75205.79..113628.93 rows=42566 width=8) (actual time=4062.455..6245.404 rows=19695 loops=1)
              Hash Cond: (mi_idx.movie_id = t.id)
              ->  Seq Scan on movie_info_idx mi_idx  (cost=0.00..21735.35 rows=1380035 width=4) (actual time=0.020..1624.043 rows=1380035 loops=1)
              ->  Hash  (cost=73925.90..73925.90 rows=77991 width=4) (actual time=4058.172..4058.172 rows=84556 loops=1)
                    Buckets: 131072  Batches: 2  Memory Usage: 2517kB
                    ->  Seq Scan on title t  (cost=0.00..73925.90 rows=77991 width=4) (actual time=0.200..4017.164 rows=84556 loops=1)
                          Filter: ((kind_id > 4) AND (production_year = 2008))
                          Rows Removed by Filter: 2443756
Planning time: 2.148 ms
Execution time: 28579.048 ms
