Hash Join  (cost=97281.65..148304.84 rows=776970 width=0) (actual time=4291.160..6246.139 rows=574026 loops=1)
  Hash Cond: (mi_idx.movie_id = t.id)
  ->  Seq Scan on movie_info_idx mi_idx  (cost=0.00..21735.35 rows=1380035 width=4) (actual time=0.021..888.831 rows=1380035 loops=1)
  ->  Hash  (cost=73925.90..73925.90 rows=1423580 width=4) (actual time=4248.962..4248.962 rows=1539738 loops=1)
        Buckets: 131072  Batches: 32  Memory Usage: 2722kB
        ->  Seq Scan on title t  (cost=0.00..73925.90 rows=1423580 width=4) (actual time=0.024..3511.248 rows=1539738 loops=1)
              Filter: ((kind_id > 2) AND (production_year > 1973))
              Rows Removed by Filter: 988574
Planning time: 1.233 ms
Execution time: 6307.154 ms
