Hash Join  (cost=77014.96..1138523.40 rows=2696928 width=0) (actual time=4219.958..76440.826 rows=4227368 loops=1)
  Hash Cond: (ci.movie_id = t.id)
  ->  Seq Scan on cast_info ci  (cost=0.00..614943.12 rows=36225612 width=4) (actual time=0.011..45921.746 rows=36244344 loops=1)
  ->  Hash  (cost=73925.90..73925.90 rows=188244 width=4) (actual time=4219.183..4219.183 rows=321026 loops=1)
        Buckets: 131072  Batches: 4  Memory Usage: 3846kB
        ->  Seq Scan on title t  (cost=0.00..73925.90 rows=188244 width=4) (actual time=0.018..3645.485 rows=321026 loops=1)
              Filter: ((production_year < 1991) AND (kind_id = 1))
              Rows Removed by Filter: 2207286
Planning time: 0.746 ms
Execution time: 77041.756 ms
