Hash Join  (cost=52284.99..924469.40 rows=835 width=0) (actual time=11089.099..48273.370 rows=2683 loops=1)
  Hash Cond: (ci.movie_id = t.id)
  ->  Seq Scan on cast_info ci  (cost=0.00..796071.18 rows=20294635 width=4) (actual time=8928.493..42605.643 rows=19266240 loops=1)
        Filter: ((person_id > 1272889) AND (role_id < 10))
        Rows Removed by Filter: 16978104
  ->  Hash  (cost=52283.69..52283.69 rows=104 width=8) (actual time=2145.371..2145.371 rows=136 loops=1)
        Buckets: 1024  Batches: 1  Memory Usage: 14kB
        ->  Nested Loop  (cost=0.43..52283.69 rows=104 width=8) (actual time=364.915..2145.219 rows=136 loops=1)
              ->  Seq Scan on movie_companies mc  (cost=0.00..51404.11 rows=104 width=4) (actual time=364.744..2134.771 rows=136 loops=1)
                    Filter: (company_id = 13644)
                    Rows Removed by Filter: 2608993
              ->  Index Only Scan using title_pkey on title t  (cost=0.43..8.45 rows=1 width=4) (actual time=0.073..0.074 rows=1 loops=136)
                    Index Cond: (id = mc.movie_id)
                    Heap Fetches: 136
Planning time: 1.119 ms
Execution time: 48275.349 ms
