Seq Scan on movie_companies mc  (cost=0.00..51404.11 rows=104 width=0) (actual time=911.034..2167.326 rows=100 loops=1)
  Filter: (company_id = 80139)
  Rows Removed by Filter: 2609029
Planning time: 4.451 ms
Execution time: 2167.410 ms
