Hash Join  (cost=102767.86..1087509.80 rows=11194018 width=0) (actual time=6288.057..25237.430 rows=11182676 loops=1)
  Hash Cond: (ci.movie_id = t.id)
  ->  Seq Scan on cast_info ci  (cost=0.00..705507.15 rows=11194018 width=4) (actual time=4324.835..13166.535 rows=11182676 loops=1)
        Filter: (person_id > 2583270)
        Rows Removed by Filter: 25061668
  ->  Hash  (cost=61283.27..61283.27 rows=2528527 width=4) (actual time=1961.761..1961.761 rows=2528312 loops=1)
        Buckets: 131072  Batches: 64  Memory Usage: 2415kB
        ->  Seq Scan on title t  (cost=0.00..61283.27 rows=2528527 width=4) (actual time=0.016..1111.922 rows=2528312 loops=1)
Planning time: 4.321 ms
Execution time: 26556.581 ms
