Hash Join  (cost=116661.42..192838.45 rows=81751 width=0) (actual time=6197.586..10451.495 rows=11415 loops=1)
  Hash Cond: (mc.movie_id = t.id)
  ->  Seq Scan on movie_companies mc  (cost=0.00..44881.29 rows=2609129 width=4) (actual time=0.025..3133.648 rows=2609129 loops=1)
  ->  Hash  (cost=115361.11..115361.11 rows=79225 width=8) (actual time=6174.659..6174.659 rows=4764 loops=1)
        Buckets: 131072  Batches: 2  Memory Usage: 1120kB
        ->  Hash Join  (cost=76308.38..115361.11 rows=79225 width=8) (actual time=3857.505..6172.335 rows=4764 loops=1)
              Hash Cond: (mi_idx.movie_id = t.id)
              ->  Seq Scan on movie_info_idx mi_idx  (cost=0.00..21735.35 rows=1380035 width=4) (actual time=1.207..1736.424 rows=1380035 loops=1)
              ->  Hash  (cost=73925.90..73925.90 rows=145158 width=4) (actual time=3854.836..3854.836 rows=20591 loops=1)
                    Buckets: 131072  Batches: 2  Memory Usage: 1388kB
                    ->  Seq Scan on title t  (cost=0.00..73925.90 rows=145158 width=4) (actual time=0.020..3845.156 rows=20591 loops=1)
                          Filter: ((kind_id > 1) AND (production_year < 1955))
                          Rows Removed by Filter: 2507721
Planning time: 1.053 ms
Execution time: 10453.555 ms
