Hash Join  (cost=90260.67..189570.58 rows=414179 width=0) (actual time=6005.212..12053.608 rows=324545 loops=1)
  Hash Cond: (mk.movie_id = t.id)
  ->  Seq Scan on movie_keyword mk  (cost=0.00..81003.12 rows=758398 width=4) (actual time=0.018..4504.083 rows=759073 loops=1)
        Filter: (keyword_id < 708)
        Rows Removed by Filter: 3764857
  ->  Hash  (cost=67604.59..67604.59 rows=1380887 width=4) (actual time=5998.126..5998.126 rows=1381453 loops=1)
        Buckets: 131072  Batches: 32  Memory Usage: 2551kB
        ->  Seq Scan on title t  (cost=0.00..67604.59 rows=1380887 width=4) (actual time=0.013..4716.866 rows=1381453 loops=1)
              Filter: (production_year > 2000)
              Rows Removed by Filter: 1146859
Planning time: 0.738 ms
Execution time: 12091.801 ms
