Hash Join  (cost=114675.09..169868.51 rows=52788 width=0) (actual time=3818.087..4971.606 rows=92541 loops=1)
  Hash Cond: (mc.movie_id = t.id)
  ->  Seq Scan on movie_companies mc  (cost=0.00..44881.29 rows=2609129 width=4) (actual time=0.018..591.396 rows=2609129 loops=1)
  ->  Hash  (cost=114035.62..114035.62 rows=51158 width=8) (actual time=3817.756..3817.756 rows=34449 loops=1)
        Buckets: 65536  Batches: 1  Memory Usage: 1858kB
        ->  Hash Join  (cost=75464.55..114035.62 rows=51158 width=8) (actual time=2912.191..3805.697 rows=34449 loops=1)
              Hash Cond: (mi_idx.movie_id = t.id)
              ->  Seq Scan on movie_info_idx mi_idx  (cost=0.00..21735.35 rows=1380035 width=4) (actual time=0.012..436.088 rows=1380035 loops=1)
              ->  Hash  (cost=73925.90..73925.90 rows=93732 width=4) (actual time=2911.367..2911.367 rows=100592 loops=1)
                    Buckets: 131072  Batches: 2  Memory Usage: 2791kB
                    ->  Seq Scan on title t  (cost=0.00..73925.90 rows=93732 width=4) (actual time=0.016..2871.578 rows=100592 loops=1)
                          Filter: ((kind_id > 1) AND (production_year = 2009))
                          Rows Removed by Filter: 2427720
Planning time: 2.796 ms
Execution time: 4982.315 ms
