Hash Join  (cost=68438.72..151743.74 rows=15135 width=0) (actual time=2676.538..6218.104 rows=7013 loops=1)
  Hash Cond: (mk.movie_id = t.id)
  ->  Seq Scan on movie_keyword mk  (cost=0.00..81003.12 rows=573477 width=4) (actual time=0.017..3399.461 rows=571094 loops=1)
        Filter: (keyword_id > 32174)
        Rows Removed by Filter: 3952836
  ->  Hash  (cost=67604.59..67604.59 rows=66731 width=4) (actual time=2675.716..2675.716 rows=67342 loops=1)
        Buckets: 131072  Batches: 1  Memory Usage: 3392kB
        ->  Seq Scan on title t  (cost=0.00..67604.59 rows=66731 width=4) (actual time=0.021..2645.333 rows=67342 loops=1)
              Filter: (production_year > 2012)
              Rows Removed by Filter: 2460970
Planning time: 2.094 ms
Execution time: 6219.780 ms
