Hash Join  (cost=154703.69..519629.33 rows=26969 width=0) (actual time=6536.835..23378.537 rows=1865 loops=1)
  Hash Cond: (mi.movie_id = t.id)
  ->  Seq Scan on movie_info mi  (cost=0.00..309384.22 rows=14739122 width=4) (actual time=0.018..13627.326 rows=14835720 loops=1)
  ->  Hash  (cost=154645.85..154645.85 rows=4627 width=8) (actual time=6447.548..6447.548 rows=197 loops=1)
        Buckets: 8192  Batches: 1  Memory Usage: 72kB
        ->  Hash Join  (cost=67697.55..154645.85 rows=4627 width=8) (actual time=2622.777..6445.788 rows=197 loops=1)
              Hash Cond: (mk.movie_id = t.id)
              ->  Seq Scan on movie_keyword mk  (cost=0.00..81003.12 rows=1573042 width=4) (actual time=0.015..3539.756 rows=1582119 loops=1)
                    Filter: (keyword_id < 2403)
                    Rows Removed by Filter: 2941811
              ->  Hash  (cost=67604.59..67604.59 rows=7437 width=4) (actual time=2612.899..2612.899 rows=1787 loops=1)
                    Buckets: 8192  Batches: 1  Memory Usage: 127kB
                    ->  Seq Scan on title t  (cost=0.00..67604.59 rows=7437 width=4) (actual time=724.538..2611.733 rows=1787 loops=1)
                          Filter: (production_year = 1899)
                          Rows Removed by Filter: 2526525
Planning time: 1.124 ms
Execution time: 23379.307 ms
