Hash Join  (cost=93093.08..207422.97 rows=821178 width=0) (actual time=1875.915..4409.838 rows=407775 loops=1)
  Hash Cond: (mk.movie_id = t.id)
  ->  Seq Scan on movie_keyword mk  (cost=0.00..81003.12 rows=1777328 width=4) (actual time=0.029..1441.602 rows=1785516 loops=1)
        Filter: (keyword_id < 2891)
        Rows Removed by Filter: 2738414
  ->  Hash  (cost=73925.90..73925.90 rows=1168254 width=4) (actual time=1874.913..1874.913 rows=1132488 loops=1)
        Buckets: 131072  Batches: 16  Memory Usage: 3524kB
        ->  Seq Scan on title t  (cost=0.00..73925.90 rows=1168254 width=4) (actual time=0.010..1510.884 rows=1132488 loops=1)
              Filter: ((kind_id > 2) AND (production_year < 2008))
              Rows Removed by Filter: 1395824
Planning time: 0.785 ms
Execution time: 4459.039 ms
