Seq Scan on cast_info ci  (cost=0.00..796071.18 rows=324 width=42) (actual time=2394.600..17253.013 rows=183 loops=1)
  Filter: ((role_id > 1) AND (person_id = 3706835))
  Rows Removed by Filter: 36244161
Planning time: 3.699 ms
Execution time: 17253.068 ms
