Hash Join  (cost=67697.55..94648.62 rows=4059 width=0) (actual time=951.342..1381.446 rows=12385 loops=1)
  Hash Cond: (mi_idx.movie_id = t.id)
  ->  Seq Scan on movie_info_idx mi_idx  (cost=0.00..21735.35 rows=1380035 width=4) (actual time=0.013..217.266 rows=1380035 loops=1)
  ->  Hash  (cost=67604.59..67604.59 rows=7437 width=4) (actual time=950.492..950.492 rows=16571 loops=1)
        Buckets: 32768 (originally 8192)  Batches: 1 (originally 1)  Memory Usage: 839kB
        ->  Seq Scan on title t  (cost=0.00..67604.59 rows=7437 width=4) (actual time=0.041..943.978 rows=16571 loops=1)
              Filter: (production_year = 1984)
              Rows Removed by Filter: 2511741
Planning time: 0.840 ms
Execution time: 1382.890 ms
