Seq Scan on movie_companies mc  (cost=0.00..57926.93 rows=1325305 width=0) (actual time=97.790..801.902 rows=1327223 loops=1)
  Filter: ((company_id < 227615) AND (company_type_id = 2))
  Rows Removed by Filter: 1281906
Planning time: 0.391 ms
Execution time: 913.566 ms
