Seq Scan on cast_info ci  (cost=0.00..796071.18 rows=9857896 width=0) (actual time=0.023..14298.681 rows=12762937 loops=1)
  Filter: ((person_id < 1751118) AND (role_id < 3))
  Rows Removed by Filter: 23481407
Planning time: 0.330 ms
Execution time: 15891.749 ms
