Hash Join  (cost=900965.85..4037669.52 rows=160628442 width=0) (actual time=23036.625..151696.059 rows=389139336 loops=1)
  Hash Cond: (ci.movie_id = t.id)
  ->  Seq Scan on cast_info ci  (cost=0.00..614943.12 rows=36225612 width=4) (actual time=0.013..13632.492 rows=36244344 loops=1)
  ->  Hash  (cost=717022.68..717022.68 rows=11211773 width=8) (actual time=23035.746..23035.746 rows=12345460 loops=1)
        Buckets: 131072  Batches: 256  Memory Usage: 2888kB
        ->  Hash Join  (cost=99161.12..717022.68 rows=11211773 width=8) (actual time=1939.852..19729.332 rows=12345460 loops=1)
              Hash Cond: (mi.movie_id = t.id)
              ->  Seq Scan on movie_info mi  (cost=0.00..309384.22 rows=14739122 width=4) (actual time=0.024..5977.969 rows=14835720 loops=1)
              ->  Hash  (cost=67604.59..67604.59 rows=1923403 width=4) (actual time=1938.774..1938.774 rows=1922849 loops=1)
                    Buckets: 131072  Batches: 32  Memory Usage: 3141kB
                    ->  Seq Scan on title t  (cost=0.00..67604.59 rows=1923403 width=4) (actual time=0.012..1288.562 rows=1922849 loops=1)
                          Filter: (production_year < 2010)
                          Rows Removed by Filter: 605463
Planning time: 1.159 ms
Execution time: 191392.324 ms
