Hash Join  (cost=140487.48..943946.41 rows=54695 width=0) (actual time=2799.195..17891.383 rows=746739 loops=1)
  Hash Cond: (ci.movie_id = t.id)
  ->  Seq Scan on cast_info ci  (cost=0.00..796071.18 rows=1824214 width=4) (actual time=0.012..12551.182 rows=5430235 loops=1)
        Filter: ((person_id > 2960762) AND (role_id > 4))
        Rows Removed by Filter: 30814109
  ->  Hash  (cost=139539.83..139539.83 rows=75812 width=8) (actual time=2798.417..2798.417 rows=137638 loops=1)
        Buckets: 131072 (originally 131072)  Batches: 2 (originally 1)  Memory Usage: 3709kB
        ->  Hash Join  (cost=79715.19..139539.83 rows=75812 width=8) (actual time=1769.491..2748.248 rows=137638 loops=1)
              Hash Cond: (mc.movie_id = t.id)
              ->  Seq Scan on movie_companies mc  (cost=0.00..51404.11 rows=543308 width=4) (actual time=367.158..994.902 rows=547801 loops=1)
                    Filter: (company_id > 71933)
                    Rows Removed by Filter: 2061328
              ->  Hash  (cost=73925.90..73925.90 rows=352823 width=4) (actual time=1401.436..1401.436 rows=302088 loops=1)
                    Buckets: 131072  Batches: 8  Memory Usage: 2342kB
                    ->  Seq Scan on title t  (cost=0.00..73925.90 rows=352823 width=4) (actual time=0.035..1302.898 rows=302088 loops=1)
                          Filter: ((kind_id < 7) AND (production_year > 2006))
                          Rows Removed by Filter: 2226224
Planning time: 1.116 ms
Execution time: 17984.998 ms
