Hash Join  (cost=709678.15..796345.14 rows=895 width=0) (actual time=12289.469..13027.880 rows=17 loops=1)
  Hash Cond: (mk.movie_id = t.id)
  ->  Seq Scan on movie_keyword mk  (cost=0.00..69693.30 rows=4523930 width=4) (actual time=0.024..885.294 rows=4523930 loops=1)
  ->  Hash  (cost=709671.90..709671.90 rows=500 width=8) (actual time=11417.345..11417.345 rows=33 loops=1)
        Buckets: 1024  Batches: 1  Memory Usage: 10kB
        ->  Nested Loop  (cost=0.43..709671.90 rows=500 width=8) (actual time=680.207..11417.272 rows=33 loops=1)
              ->  Seq Scan on cast_info ci  (cost=0.00..705507.15 rows=500 width=4) (actual time=680.102..11412.562 rows=33 loops=1)
                    Filter: (person_id = 1592510)
                    Rows Removed by Filter: 36244311
              ->  Index Only Scan using title_pkey on title t  (cost=0.43..8.32 rows=1 width=4) (actual time=0.138..0.138 rows=1 loops=33)
                    Index Cond: (id = ci.movie_id)
                    Heap Fetches: 33
Planning time: 1.221 ms
Execution time: 13028.002 ms
