Seq Scan on title t  (cost=0.00..73925.90 rows=360547 width=0) (actual time=0.034..857.634 rows=243152 loops=1)
  Filter: ((production_year < 1985) AND (kind_id = 7))
  Rows Removed by Filter: 2285160
Planning time: 11.092 ms
Execution time: 884.084 ms
