Hash Join  (cost=28268.52..849129.73 rows=376 width=0) (actual time=1457.707..16585.753 rows=12471 loops=1)
  Hash Cond: (ci.movie_id = t.id)
  ->  Seq Scan on cast_info ci  (cost=0.00..796071.18 rows=6609672 width=4) (actual time=1032.197..15122.725 rows=7516901 loops=1)
        Filter: ((person_id > 800381) AND (role_id > 5))
        Rows Removed by Filter: 28727443
  ->  Hash  (cost=28266.72..28266.72 rows=144 width=8) (actual time=420.482..420.482 rows=260 loops=1)
        Buckets: 1024  Batches: 1  Memory Usage: 19kB
        ->  Nested Loop  (cost=0.43..28266.72 rows=144 width=8) (actual time=44.641..420.405 rows=260 loops=1)
              ->  Seq Scan on movie_info_idx mi_idx  (cost=0.00..25185.44 rows=368 width=4) (actual time=44.592..416.603 rows=260 loops=1)
                    Filter: (info_type_id > 101)
                    Rows Removed by Filter: 1379775
              ->  Index Scan using title_pkey on title t  (cost=0.43..8.36 rows=1 width=4) (actual time=0.014..0.014 rows=1 loops=260)
                    Index Cond: (id = mi_idx.movie_id)
                    Filter: (kind_id < 7)
Planning time: 1.445 ms
Execution time: 16588.714 ms
