Hash Join  (cost=68365.25..123658.70 rows=62793 width=0) (actual time=1006.829..2457.925 rows=58957 loops=1)
  Hash Cond: (mc.movie_id = t.id)
  ->  Seq Scan on movie_companies mc  (cost=0.00..44881.29 rows=2609129 width=4) (actual time=0.012..619.193 rows=2609129 loops=1)
  ->  Hash  (cost=67604.59..67604.59 rows=60853 width=4) (actual time=1006.201..1006.201 rows=62568 loops=1)
        Buckets: 65536  Batches: 1  Memory Usage: 2712kB
        ->  Seq Scan on title t  (cost=0.00..67604.59 rows=60853 width=4) (actual time=0.022..980.800 rows=62568 loops=1)
              Filter: (production_year = 2002)
              Rows Removed by Filter: 2465744
Planning time: 0.750 ms
Execution time: 2467.025 ms
