Seq Scan on movie_companies mc  (cost=0.00..57926.93 rows=522080 width=0) (actual time=0.020..976.045 rows=311793 loops=1)
  Filter: ((company_id < 5499) AND (company_type_id = 2))
  Rows Removed by Filter: 2297336
Planning time: 0.333 ms
Execution time: 1014.983 ms
