Hash Join  (cost=101489.21..1027845.23 rows=4758086 width=0) (actual time=7194.889..21749.618 rows=6373076 loops=1)
  Hash Cond: (ci.movie_id = t.id)
  ->  Seq Scan on cast_info ci  (cost=0.00..796071.18 rows=5825195 width=4) (actual time=4511.088..12841.182 rows=7470232 loops=1)
        Filter: ((person_id < 1018887) AND (role_id < 3))
        Rows Removed by Filter: 28774112
  ->  Hash  (cost=67604.59..67604.59 rows=2065330 width=4) (actual time=2682.953..2682.953 rows=2064552 loops=1)
        Buckets: 131072  Batches: 32  Memory Usage: 3289kB
        ->  Seq Scan on title t  (cost=0.00..67604.59 rows=2065330 width=4) (actual time=0.026..1412.408 rows=2064552 loops=1)
              Filter: (production_year < 2011)
              Rows Removed by Filter: 463760
Planning time: 0.783 ms
Execution time: 22450.978 ms
