Hash Join  (cost=67697.55..432786.99 rows=43351 width=0) (actual time=1073.731..8884.774 rows=91898 loops=1)
  Hash Cond: (mi.movie_id = t.id)
  ->  Seq Scan on movie_info mi  (cost=0.00..309384.22 rows=14739122 width=4) (actual time=0.011..4468.597 rows=14835720 loops=1)
  ->  Hash  (cost=67604.59..67604.59 rows=7437 width=4) (actual time=1073.326..1073.326 rows=13063 loops=1)
        Buckets: 16384 (originally 8192)  Batches: 1 (originally 1)  Memory Usage: 588kB
        ->  Seq Scan on title t  (cost=0.00..67604.59 rows=7437 width=4) (actual time=0.028..1067.388 rows=13063 loops=1)
              Filter: (production_year = 1965)
              Rows Removed by Filter: 2515249
Planning time: 0.744 ms
Execution time: 8899.555 ms
