Nested Loop  (cost=44377.22..123168.49 rows=4493 width=0) (actual time=1030.382..1803.673 rows=249 loops=1)
  Join Filter: (mc.movie_id = t.id)
  ->  Hash Join  (cost=44376.79..109433.95 rows=23263 width=8) (actual time=1030.313..1786.953 rows=249 loops=1)
        Hash Cond: (mc.movie_id = mi_idx.movie_id)
        ->  Seq Scan on movie_companies mc  (cost=0.00..57926.93 rows=8232 width=4) (actual time=72.640..699.195 rows=8081 loops=1)
              Filter: ((company_id = 166) AND (company_type_id = 1))
              Rows Removed by Filter: 2601048
        ->  Hash  (cost=21735.35..21735.35 rows=1380035 width=4) (actual time=881.983..881.983 rows=1380035 loops=1)
              Buckets: 131072  Batches: 32  Memory Usage: 2540kB
              ->  Seq Scan on movie_info_idx mi_idx  (cost=0.00..21735.35 rows=1380035 width=4) (actual time=0.019..438.314 rows=1380035 loops=1)
  ->  Index Only Scan using title_pkey on title t  (cost=0.43..0.58 rows=1 width=4) (actual time=0.066..0.066 rows=1 loops=249)
        Index Cond: (id = mi_idx.movie_id)
        Heap Fetches: 249
Planning time: 1.142 ms
Execution time: 1803.821 ms
