Hash Join  (cost=112245.42..167245.70 rows=33476 width=0) (actual time=2310.689..3624.906 rows=202246 loops=1)
  Hash Cond: (mc.movie_id = t.id)
  ->  Seq Scan on movie_companies mc  (cost=0.00..44881.29 rows=2609129 width=4) (actual time=0.023..599.180 rows=2609129 loops=1)
  ->  Hash  (cost=111839.89..111839.89 rows=32442 width=8) (actual time=2310.444..2310.444 rows=73064 loops=1)
        Buckets: 131072 (originally 32768)  Batches: 1 (originally 1)  Memory Usage: 3879kB
        ->  Hash Join  (cost=75397.40..111839.89 rows=32442 width=8) (actual time=1430.958..2286.990 rows=73064 loops=1)
              Hash Cond: (mi_idx.movie_id = t.id)
              ->  Seq Scan on movie_info_idx mi_idx  (cost=0.00..25185.44 rows=915101 width=4) (actual time=0.015..533.381 rows=919850 loops=1)
                    Filter: (info_type_id < 101)
                    Rows Removed by Filter: 460185
              ->  Hash  (cost=73925.90..73925.90 rows=89640 width=4) (actual time=1430.293..1430.293 rows=97165 loops=1)
                    Buckets: 131072  Batches: 2  Memory Usage: 2736kB
                    ->  Seq Scan on title t  (cost=0.00..73925.90 rows=89640 width=4) (actual time=0.016..1391.505 rows=97165 loops=1)
                          Filter: ((production_year > 1960) AND (kind_id = 3))
                          Rows Removed by Filter: 2431147
Planning time: 1.135 ms
Execution time: 3650.798 ms
