Seq Scan on movie_companies mc  (cost=0.00..57926.93 rows=381636 width=0) (actual time=71.280..912.391 rows=539452 loops=1)
  Filter: ((company_id < 1619) AND (company_type_id = 1))
  Rows Removed by Filter: 2069677
Planning time: 0.375 ms
Execution time: 982.335 ms
