Hash Join  (cost=77590.39..1144260.95 rows=3199439 width=0) (actual time=1315.593..28102.507 rows=875139 loops=1)
  Hash Cond: (ci.movie_id = t.id)
  ->  Seq Scan on cast_info ci  (cost=0.00..614943.12 rows=36225612 width=4) (actual time=0.021..13184.886 rows=36244344 loops=1)
  ->  Hash  (cost=73925.90..73925.90 rows=223319 width=4) (actual time=1313.698..1313.698 rows=90472 loops=1)
        Buckets: 131072  Batches: 4  Memory Usage: 1819kB
        ->  Seq Scan on title t  (cost=0.00..73925.90 rows=223319 width=4) (actual time=0.022..1279.044 rows=90472 loops=1)
              Filter: ((kind_id > 1) AND (production_year < 1965))
              Rows Removed by Filter: 2437840
Planning time: 0.736 ms
Execution time: 28198.770 ms
