Hash Join  (cost=67697.55..422223.94 rows=6455 width=0) (actual time=2729.193..6666.787 rows=2564 loops=1)
  Hash Cond: (mi.movie_id = t.id)
  ->  Seq Scan on movie_info mi  (cost=0.00..346232.03 rows=2194617 width=4) (actual time=1443.595..5159.856 rows=2233850 loops=1)
        Filter: (info_type_id > 16)
        Rows Removed by Filter: 12601870
  ->  Hash  (cost=67604.59..67604.59 rows=7437 width=4) (actual time=1147.802..1147.802 rows=3613 loops=1)
        Buckets: 8192  Batches: 1  Memory Usage: 192kB
        ->  Seq Scan on title t  (cost=0.00..67604.59 rows=7437 width=4) (actual time=0.057..1146.070 rows=3613 loops=1)
              Filter: (production_year = 1919)
              Rows Removed by Filter: 2524699
Planning time: 0.772 ms
Execution time: 6667.427 ms
