Seq Scan on movie_companies mc  (cost=0.00..51404.11 rows=1432026 width=0) (actual time=100.195..949.038 rows=1436234 loops=1)
  Filter: (company_id > 9884)
  Rows Removed by Filter: 1172895
Planning time: 0.300 ms
Execution time: 1130.474 ms
