Hash Join  (cost=215449.45..1140019.31 rows=1966295 width=0) (actual time=4410.280..22973.461 rows=4162162 loops=1)
  Hash Cond: (ci.movie_id = t.id)
  ->  Seq Scan on cast_info ci  (cost=0.00..796071.18 rows=9230595 width=4) (actual time=143.296..14756.373 rows=5659690 loops=1)
        Filter: ((person_id > 958210) AND (role_id < 2))
        Rows Removed by Filter: 30584654
  ->  Hash  (cost=206611.64..206611.64 rows=538625 width=8) (actual time=4265.986..4265.986 rows=531689 loops=1)
        Buckets: 131072  Batches: 8  Memory Usage: 3649kB
        ->  Hash Join  (cost=102767.86..206611.64 rows=538625 width=8) (actual time=1975.041..4110.151 rows=531689 loops=1)
              Hash Cond: (mk.movie_id = t.id)
              ->  Seq Scan on movie_keyword mk  (cost=0.00..81003.12 rows=538625 width=4) (actual time=0.029..1311.063 rows=531689 loops=1)
                    Filter: (keyword_id > 34352)
                    Rows Removed by Filter: 3992241
              ->  Hash  (cost=61283.27..61283.27 rows=2528527 width=4) (actual time=1973.515..1973.515 rows=2528312 loops=1)
                    Buckets: 131072  Batches: 64  Memory Usage: 2425kB
                    ->  Seq Scan on title t  (cost=0.00..61283.27 rows=2528527 width=4) (actual time=0.031..1105.186 rows=2528312 loops=1)
Planning time: 1.786 ms
Execution time: 23497.909 ms
