Seq Scan on movie_keyword mk  (cost=0.00..81003.12 rows=1268772 width=0) (actual time=0.024..1384.620 rows=1277276 loops=1)
  Filter: (keyword_id > 13886)
  Rows Removed by Filter: 3246654
Planning time: 0.304 ms
Execution time: 1545.827 ms
