Hash Join  (cost=156632.57..226453.67 rows=227619 width=0) (actual time=3468.844..5142.954 rows=607395 loops=1)
  Hash Cond: (mc.movie_id = t.id)
  ->  Seq Scan on movie_companies mc  (cost=0.00..51404.11 rows=1238879 width=4) (actual time=110.046..1001.115 rows=1252944 loops=1)
        Filter: (company_id > 11649)
        Rows Removed by Filter: 1356185
  ->  Hash  (cost=149010.49..149010.49 rows=464566 width=8) (actual time=3357.893..3357.893 rows=459925 loops=1)
        Buckets: 131072  Batches: 8  Memory Usage: 3275kB
        ->  Hash Join  (cost=102767.86..149010.49 rows=464566 width=8) (actual time=1983.186..3229.088 rows=459925 loops=1)
              Hash Cond: (mi_idx.movie_id = t.id)
              ->  Seq Scan on movie_info_idx mi_idx  (cost=0.00..25185.44 rows=464566 width=4) (actual time=0.022..478.315 rows=459925 loops=1)
                    Filter: (info_type_id = 101)
                    Rows Removed by Filter: 920110
              ->  Hash  (cost=61283.27..61283.27 rows=2528527 width=4) (actual time=1981.728..1981.728 rows=2528312 loops=1)
                    Buckets: 131072  Batches: 64  Memory Usage: 2415kB
                    ->  Seq Scan on title t  (cost=0.00..61283.27 rows=2528527 width=4) (actual time=0.011..1115.627 rows=2528312 loops=1)
Planning time: 4.051 ms
Execution time: 5209.171 ms
