Hash Join  (cost=190230.21..324679.50 rows=1540954 width=0) (actual time=4280.779..9425.634 rows=6557023 loops=1)
  Hash Cond: (mk.movie_id = t.id)
  ->  Seq Scan on movie_keyword mk  (cost=0.00..81003.12 rows=2823366 width=4) (actual time=0.023..1767.347 rows=2815731 loops=1)
        Filter: (keyword_id > 2697)
        Rows Removed by Filter: 1708199
  ->  Hash  (cost=167588.78..167588.78 rows=1380035 width=8) (actual time=4279.998..4279.998 rows=1380035 loops=1)
        Buckets: 131072  Batches: 32  Memory Usage: 2726kB
        ->  Hash Join  (cost=102767.86..167588.78 rows=1380035 width=8) (actual time=1963.216..3886.262 rows=1380035 loops=1)
              Hash Cond: (mi_idx.movie_id = t.id)
              ->  Seq Scan on movie_info_idx mi_idx  (cost=0.00..21735.35 rows=1380035 width=4) (actual time=0.015..466.574 rows=1380035 loops=1)
              ->  Hash  (cost=61283.27..61283.27 rows=2528527 width=4) (actual time=1962.060..1962.060 rows=2528312 loops=1)
                    Buckets: 131072  Batches: 64  Memory Usage: 2415kB
                    ->  Seq Scan on title t  (cost=0.00..61283.27 rows=2528527 width=4) (actual time=0.019..1118.424 rows=2528312 loops=1)
Planning time: 1.112 ms
Execution time: 10213.577 ms
