Hash Join  (cost=102767.86..173510.23 rows=122058 width=0) (actual time=2005.441..3510.087 rows=187170 loops=1)
  Hash Cond: (mc.movie_id = t.id)
  ->  Seq Scan on movie_companies mc  (cost=0.00..57926.93 rows=122058 width=4) (actual time=0.030..897.237 rows=187170 loops=1)
        Filter: ((company_id < 114) AND (company_type_id = 1))
        Rows Removed by Filter: 2421959
  ->  Hash  (cost=61283.27..61283.27 rows=2528527 width=4) (actual time=2003.456..2003.456 rows=2528312 loops=1)
        Buckets: 131072  Batches: 64  Memory Usage: 2415kB
        ->  Seq Scan on title t  (cost=0.00..61283.27 rows=2528527 width=4) (actual time=0.017..1166.747 rows=2528312 loops=1)
Planning time: 0.740 ms
Execution time: 3532.289 ms
