Seq Scan on movie_keyword mk  (cost=0.00..81003.12 rows=246 width=0) (actual time=17.671..1272.724 rows=545 loops=1)
  Filter: (keyword_id = 13759)
  Rows Removed by Filter: 4523385
Planning time: 0.230 ms
Execution time: 1273.004 ms
