Seq Scan on movie_keyword mk  (cost=0.00..81003.12 rows=246 width=0) (actual time=8.361..1324.006 rows=1134 loops=1)
  Filter: (keyword_id = 10648)
  Rows Removed by Filter: 4522796
Planning time: 0.323 ms
Execution time: 1324.514 ms
