Hash Join  (cost=127028.94..621898.75 rows=1411691 width=0) (actual time=2834.060..18478.535 rows=10128498 loops=1)
  Hash Cond: (mi.movie_id = t.id)
  ->  Seq Scan on movie_info mi  (cost=0.00..309384.22 rows=14739122 width=4) (actual time=0.017..5898.056 rows=14835720 loops=1)
  ->  Hash  (cost=123054.72..123054.72 rows=242178 width=8) (actual time=2833.225..2833.225 rows=542901 loops=1)
        Buckets: 131072 (originally 131072)  Batches: 8 (originally 4)  Memory Usage: 3700kB
        ->  Hash Join  (cost=81206.46..123054.72 rows=242178 width=8) (actual time=1400.674..2663.863 rows=542901 loops=1)
              Hash Cond: (mi_idx.movie_id = t.id)
              ->  Seq Scan on movie_info_idx mi_idx  (cost=0.00..21735.35 rows=1380035 width=4) (actual time=0.018..392.882 rows=1380035 loops=1)
              ->  Hash  (cost=73925.90..73925.90 rows=443724 width=4) (actual time=1399.835..1399.835 rows=536860 loops=1)
                    Buckets: 131072  Batches: 8  Memory Usage: 3395kB
                    ->  Seq Scan on title t  (cost=0.00..73925.90 rows=443724 width=4) (actual time=0.018..1226.257 rows=536860 loops=1)
                          Filter: ((kind_id < 7) AND (production_year < 2002))
                          Rows Removed by Filter: 1991452
Planning time: 1.222 ms
Execution time: 19598.468 ms
