Hash Join  (cost=162641.08..918986.31 rows=555605 width=0) (actual time=2729.206..24190.487 rows=2335082 loops=1)
  Hash Cond: (ci.movie_id = t.id)
  ->  Seq Scan on cast_info ci  (cost=0.00..614943.12 rows=36225612 width=4) (actual time=0.014..9278.943 rows=36244344 loops=1)
  ->  Hash  (cost=162156.32..162156.32 rows=38781 width=8) (actual time=2728.868..2728.868 rows=64035 loops=1)
        Buckets: 65536  Batches: 1  Memory Usage: 3014kB
        ->  Hash Join  (cost=69283.60..162156.32 rows=38781 width=8) (actual time=1018.235..2706.534 rows=64035 loops=1)
              Hash Cond: (mk.movie_id = t.id)
              ->  Seq Scan on movie_keyword mk  (cost=0.00..81003.12 rows=958343 width=4) (actual time=0.019..1330.807 rows=960985 loops=1)
                    Filter: (keyword_id < 903)
                    Rows Removed by Filter: 3562945
              ->  Hash  (cost=67604.59..67604.59 rows=102321 width=4) (actual time=1017.363..1017.363 rows=100537 loops=1)
                    Buckets: 131072  Batches: 2  Memory Usage: 2803kB
                    ->  Seq Scan on title t  (cost=0.00..67604.59 rows=102321 width=4) (actual time=87.830..981.725 rows=100537 loops=1)
                          Filter: (kind_id = 3)
                          Rows Removed by Filter: 2427775
Planning time: 2.234 ms
Execution time: 24501.198 ms
