Hash Join  (cost=171541.16..560681.68 rows=562077 width=0) (actual time=6975.850..11667.914 rows=2561483 loops=1)
  Hash Cond: (mi.movie_id = t.id)
  ->  Seq Scan on movie_info mi  (cost=0.00..346232.03 rows=3068194 width=4) (actual time=2917.153..5651.898 rows=3036719 loops=1)
        Filter: (info_type_id = 16)
        Rows Removed by Filter: 11799001
  ->  Hash  (cost=163940.99..163940.99 rows=463213 width=8) (actual time=4057.611..4057.611 rows=905825 loops=1)
        Buckets: 131072 (originally 131072)  Batches: 16 (originally 8)  Memory Usage: 3257kB
        ->  Hash Join  (cost=83810.17..163940.99 rows=463213 width=8) (actual time=1904.231..3775.334 rows=905825 loops=1)
              Hash Cond: (mc.movie_id = t.id)
              ->  Seq Scan on movie_companies mc  (cost=0.00..57926.93 rows=1185801 width=4) (actual time=407.077..1151.949 rows=1270818 loops=1)
                    Filter: ((company_id > 145) AND (company_type_id = 2))
                    Rows Removed by Filter: 1338311
              ->  Hash  (cost=67604.59..67604.59 rows=987727 width=4) (actual time=1496.279..1496.279 rows=985048 loops=1)
                    Buckets: 131072  Batches: 16  Memory Usage: 3188kB
                    ->  Seq Scan on title t  (cost=0.00..67604.59 rows=987727 width=4) (actual time=0.036..1204.675 rows=985048 loops=1)
                          Filter: (kind_id < 7)
                          Rows Removed by Filter: 1543264
Planning time: 1.194 ms
Execution time: 11910.365 ms
