Seq Scan on cast_info ci  (cost=0.00..705507.15 rows=500 width=0) (actual time=723.361..10711.388 rows=113 loops=1)
  Filter: (person_id = 233430)
  Rows Removed by Filter: 36244231
Planning time: 0.359 ms
Execution time: 10711.515 ms
