Hash Join  (cost=472771.48..1603869.88 rows=9471225 width=0) (actual time=8357.399..42064.764 rows=11058363 loops=1)
  Hash Cond: (ci.movie_id = t.id)
  ->  Seq Scan on cast_info ci  (cost=0.00..614943.12 rows=36225612 width=4) (actual time=0.009..13416.812 rows=36244344 loops=1)
  ->  Hash  (cost=461924.90..461924.90 rows=661086 width=8) (actual time=8356.438..8356.438 rows=582914 loops=1)
        Buckets: 131072  Batches: 16  Memory Usage: 2441kB
        ->  Hash Join  (cost=89299.55..461924.90 rows=661086 width=8) (actual time=5352.436..8213.062 rows=582914 loops=1)
              Hash Cond: (mi.movie_id = t.id)
              ->  Seq Scan on movie_info mi  (cost=0.00..346232.03 rows=1264125 width=4) (actual time=3629.921..5529.883 rows=1288928 loops=1)
                    Filter: (info_type_id = 2)
                    Rows Removed by Filter: 13546792
              ->  Hash  (cost=67604.59..67604.59 rows=1322317 width=4) (actual time=1721.705..1721.705 rows=1322863 loops=1)
                    Buckets: 131072  Batches: 32  Memory Usage: 2488kB
                    ->  Seq Scan on title t  (cost=0.00..67604.59 rows=1322317 width=4) (actual time=0.020..1263.911 rows=1322863 loops=1)
                          Filter: (production_year > 2001)
                          Rows Removed by Filter: 1205449
Planning time: 1.275 ms
Execution time: 43316.854 ms
