Hash Join  (cost=153731.48..258423.09 rows=209183 width=0) (actual time=3421.829..6375.327 rows=2881278 loops=1)
  Hash Cond: (mk.movie_id = t.id)
  ->  Seq Scan on movie_keyword mk  (cost=0.00..81003.12 rows=1766573 width=4) (actual time=0.021..1538.656 rows=1773432 loops=1)
        Filter: (keyword_id < 2879)
        Rows Removed by Filter: 2750498
  ->  Hash  (cost=148818.90..148818.90 rows=299407 width=8) (actual time=3420.338..3420.338 rows=484555 loops=1)
        Buckets: 131072 (originally 131072)  Batches: 8 (originally 4)  Memory Usage: 3439kB
        ->  Hash Join  (cost=77312.52..148818.90 rows=299407 width=8) (actual time=1327.277..3256.904 rows=484555 loops=1)
              Hash Cond: (mc.movie_id = t.id)
              ->  Seq Scan on movie_companies mc  (cost=0.00..51404.11 rows=1279517 width=4) (actual time=0.019..1067.229 rows=1274246 loops=1)
                    Filter: (company_type_id < 2)
                    Rows Removed by Filter: 1334883
              ->  Hash  (cost=67604.59..67604.59 rows=591675 width=4) (actual time=1326.222..1326.222 rows=585020 loops=1)
                    Buckets: 131072  Batches: 8  Memory Usage: 3586kB
                    ->  Seq Scan on title t  (cost=0.00..67604.59 rows=591675 width=4) (actual time=0.014..1139.316 rows=585020 loops=1)
                          Filter: (production_year < 1985)
                          Rows Removed by Filter: 1943292
Planning time: 1.188 ms
Execution time: 6682.788 ms
