Hash Join  (cost=83074.04..109985.02 rows=50 width=0) (actual time=1262.493..1832.763 rows=2132 loops=1)
  Hash Cond: (mi_idx.movie_id = t.id)
  ->  Seq Scan on movie_info_idx mi_idx  (cost=0.00..21735.35 rows=1380035 width=4) (actual time=0.023..304.792 rows=1380035 loops=1)
  ->  Hash  (cost=83072.90..83072.90 rows=91 width=8) (actual time=1262.114..1262.114 rows=711 loops=1)
        Buckets: 1024  Batches: 1  Memory Usage: 36kB
        ->  Nested Loop  (cost=0.43..83072.90 rows=91 width=8) (actual time=0.995..1261.582 rows=711 loops=1)
              ->  Seq Scan on movie_keyword mk  (cost=0.00..81003.12 rows=246 width=4) (actual time=0.950..1217.924 rows=816 loops=1)
                    Filter: (keyword_id = 1936)
                    Rows Removed by Filter: 4523114
              ->  Index Scan using title_pkey on title t  (cost=0.43..8.40 rows=1 width=4) (actual time=0.052..0.052 rows=1 loops=816)
                    Index Cond: (id = mk.movie_id)
                    Filter: ((kind_id < 7) AND (production_year < 2013))
                    Rows Removed by Filter: 0
Planning time: 1.217 ms
Execution time: 1833.282 ms
