Hash Join  (cost=125637.39..193813.68 rows=111499 width=0) (actual time=2518.056..4031.208 rows=123174 loops=1)
  Hash Cond: (mc.movie_id = t.id)
  ->  Seq Scan on movie_companies mc  (cost=0.00..51404.11 rows=1279517 width=4) (actual time=0.024..985.058 rows=1274246 loops=1)
        Filter: (company_type_id = 1)
        Rows Removed by Filter: 1334883
  ->  Hash  (cost=122022.15..122022.15 rows=220339 width=8) (actual time=2517.273..2517.273 rows=96867 loops=1)
        Buckets: 131072  Batches: 4  Memory Usage: 1961kB
        ->  Hash Join  (cost=80549.28..122022.15 rows=220339 width=8) (actual time=1417.926..2487.408 rows=96867 loops=1)
              Hash Cond: (mi_idx.movie_id = t.id)
              ->  Seq Scan on movie_info_idx mi_idx  (cost=0.00..21735.35 rows=1380035 width=4) (actual time=0.024..419.963 rows=1380035 loops=1)
              ->  Hash  (cost=73925.90..73925.90 rows=403710 width=4) (actual time=1416.659..1416.659 rows=434218 loops=1)
                    Buckets: 131072  Batches: 8  Memory Usage: 2935kB
                    ->  Seq Scan on title t  (cost=0.00..73925.90 rows=403710 width=4) (actual time=189.931..1276.531 rows=434218 loops=1)
                          Filter: ((production_year > 2008) AND (kind_id = 7))
                          Rows Removed by Filter: 2094094
Planning time: 1.200 ms
Execution time: 4046.957 ms
