Hash Join  (cost=85113.64..169863.53 rows=703636 width=0) (actual time=1464.685..3744.075 rows=528121 loops=1)
  Hash Cond: (mc.movie_id = t.id)
  ->  Seq Scan on movie_companies mc  (cost=0.00..44881.29 rows=2609129 width=4) (actual time=0.012..836.964 rows=2609129 loops=1)
  ->  Hash  (cost=73925.90..73925.90 rows=681899 width=4) (actual time=1464.073..1464.073 rows=565062 loops=1)
        Buckets: 131072  Batches: 16  Memory Usage: 2266kB
        ->  Seq Scan on title t  (cost=0.00..73925.90 rows=681899 width=4) (actual time=0.013..1275.214 rows=565062 loops=1)
              Filter: ((kind_id > 1) AND (production_year < 1998))
              Rows Removed by Filter: 1963250
Planning time: 0.511 ms
Execution time: 3807.419 ms
