Seq Scan on movie_keyword mk  (cost=0.00..81003.12 rows=246 width=0) (actual time=112.117..1157.159 rows=6 loops=1)
  Filter: (keyword_id = 17820)
  Rows Removed by Filter: 4523924
Planning time: 0.394 ms
Execution time: 1157.253 ms
