Hash Join  (cost=75218.40..1060068.66 rows=731978 width=0) (actual time=1261.038..25274.480 rows=594920 loops=1)
  Hash Cond: (ci.movie_id = t.id)
  ->  Seq Scan on cast_info ci  (cost=0.00..705507.15 rows=23499554 width=4) (actual time=0.021..15439.914 rows=23573656 loops=1)
        Filter: (role_id > 1)
        Rows Removed by Filter: 12670688
  ->  Hash  (cost=73925.90..73925.90 rows=78760 width=4) (actual time=1260.230..1260.230 rows=86749 loops=1)
        Buckets: 131072  Batches: 2  Memory Usage: 2553kB
        ->  Seq Scan on title t  (cost=0.00..73925.90 rows=78760 width=4) (actual time=36.821..1226.989 rows=86749 loops=1)
              Filter: ((production_year > 1961) AND (kind_id = 2))
              Rows Removed by Filter: 2441563
Planning time: 0.995 ms
Execution time: 25359.822 ms
