Seq Scan on cast_info ci  (cost=0.00..705507.15 rows=500 width=0) (actual time=3914.669..11199.312 rows=1059 loops=1)
  Filter: (person_id = 188459)
  Rows Removed by Filter: 36243285
Planning time: 0.419 ms
Execution time: 11199.571 ms
