Hash Join  (cost=255584.93..1185242.58 rows=4128987 width=0) (actual time=6128.211..29117.743 rows=12572950 loops=1)
  Hash Cond: (ci.movie_id = t.id)
  ->  Seq Scan on cast_info ci  (cost=0.00..796071.18 rows=6730520 width=4) (actual time=0.007..16198.084 rows=7451534 loops=1)
        Filter: ((person_id > 266987) AND (role_id = 2))
        Rows Removed by Filter: 28792810
  ->  Hash  (cost=230135.17..230135.17 rows=1551181 width=8) (actual time=6126.985..6126.985 rows=1458447 loops=1)
        Buckets: 131072  Batches: 32  Memory Usage: 2787kB
        ->  Hash Join  (cost=100960.39..230135.17 rows=1551181 width=8) (actual time=2170.904..5713.344 rows=1458447 loops=1)
              Hash Cond: (mk.movie_id = t.id)
              ->  Seq Scan on movie_keyword mk  (cost=0.00..81003.12 rows=1929170 width=4) (actual time=0.012..1631.037 rows=1940090 loops=1)
                    Filter: (keyword_id > 6790)
                    Rows Removed by Filter: 2583840
              ->  Hash  (cost=67604.59..67604.59 rows=2033104 width=4) (actual time=2169.368..2169.368 rows=2032439 loops=1)
                    Buckets: 131072  Batches: 32  Memory Usage: 3269kB
                    ->  Seq Scan on title t  (cost=0.00..67604.59 rows=2033104 width=4) (actual time=0.008..1497.017 rows=2032439 loops=1)
                          Filter: (production_year > 1973)
                          Rows Removed by Filter: 495873
Planning time: 0.796 ms
Execution time: 30486.391 ms
