Hash Join  (cost=52284.99..80917.27 rows=38 width=0) (actual time=952.456..1581.187 rows=24 loops=1)
  Hash Cond: (mi_idx.movie_id = t.id)
  ->  Seq Scan on movie_info_idx mi_idx  (cost=0.00..25185.44 rows=919057 width=4) (actual time=0.019..553.298 rows=920110 loops=1)
        Filter: (info_type_id > 99)
        Rows Removed by Filter: 459925
  ->  Hash  (cost=52283.69..52283.69 rows=104 width=8) (actual time=888.881..888.881 rows=709 loops=1)
        Buckets: 1024  Batches: 1  Memory Usage: 36kB
        ->  Nested Loop  (cost=0.43..52283.69 rows=104 width=8) (actual time=10.614..888.478 rows=709 loops=1)
              ->  Seq Scan on movie_companies mc  (cost=0.00..51404.11 rows=104 width=4) (actual time=10.532..877.860 rows=709 loops=1)
                    Filter: (company_id = 11554)
                    Rows Removed by Filter: 2608420
              ->  Index Only Scan using title_pkey on title t  (cost=0.43..8.45 rows=1 width=4) (actual time=0.014..0.014 rows=1 loops=709)
                    Index Cond: (id = mc.movie_id)
                    Heap Fetches: 709
Planning time: 1.163 ms
Execution time: 1581.302 ms
