Seq Scan on movie_keyword mk  (cost=0.00..81003.12 rows=1407553 width=0) (actual time=0.017..808.800 rows=1421202 loops=1)
  Filter: (keyword_id > 11743)
  Rows Removed by Filter: 3102728
Planning time: 0.296 ms
Execution time: 931.611 ms
