Hash Join  (cost=798791.78..888625.86 rows=265 width=0) (actual time=13660.980..15507.811 rows=962 loops=1)
  Hash Cond: (mk.movie_id = t.id)
  ->  Seq Scan on movie_keyword mk  (cost=0.00..81003.12 rows=2354213 width=4) (actual time=0.024..1531.445 rows=2353943 loops=1)
        Filter: (keyword_id < 5279)
        Rows Removed by Filter: 2169987
  ->  Hash  (cost=798788.22..798788.22 rows=285 width=8) (actual time=13650.815..13650.815 rows=20 loops=1)
        Buckets: 1024  Batches: 1  Memory Usage: 9kB
        ->  Nested Loop  (cost=0.43..798788.22 rows=285 width=8) (actual time=577.429..13650.794 rows=20 loops=1)
              ->  Seq Scan on cast_info ci  (cost=0.00..796071.18 rows=324 width=4) (actual time=577.341..13650.245 rows=20 loops=1)
                    Filter: ((role_id > 1) AND (person_id = 3845283))
                    Rows Removed by Filter: 36244324
              ->  Index Scan using title_pkey on title t  (cost=0.43..8.38 rows=1 width=4) (actual time=0.026..0.026 rows=1 loops=20)
                    Index Cond: (id = ci.movie_id)
                    Filter: (production_year < 2012)
Planning time: 1.179 ms
Execution time: 15508.127 ms
