Hash Join  (cost=164950.27..301002.08 rows=1222740 width=0) (actual time=3983.530..8185.448 rows=1453257 loops=1)
  Hash Cond: (mk.movie_id = t.id)
  ->  Seq Scan on movie_keyword mk  (cost=0.00..81003.12 rows=3395808 width=4) (actual time=0.016..1649.913 rows=3387146 loops=1)
        Filter: (keyword_id > 1265)
        Rows Removed by Filter: 1136784
  ->  Hash  (cost=150012.59..150012.59 rows=910455 width=8) (actual time=3981.304..3981.304 rows=525930 loops=1)
        Buckets: 131072  Batches: 16  Memory Usage: 2319kB
        ->  Hash Join  (cost=94973.51..150012.59 rows=910455 width=8) (actual time=1843.410..3833.389 rows=525930 loops=1)
              Hash Cond: (mi_idx.movie_id = t.id)
              ->  Seq Scan on movie_info_idx mi_idx  (cost=0.00..21735.35 rows=1380035 width=4) (actual time=0.024..460.720 rows=1380035 loops=1)
              ->  Hash  (cost=67604.59..67604.59 rows=1668154 width=4) (actual time=1842.530..1842.530 rows=1674098 loops=1)
                    Buckets: 131072  Batches: 32  Memory Usage: 2869kB
                    ->  Seq Scan on title t  (cost=0.00..67604.59 rows=1668154 width=4) (actual time=0.016..1312.873 rows=1674098 loops=1)
                          Filter: (kind_id > 3)
                          Rows Removed by Filter: 854214
Planning time: 1.123 ms
Execution time: 8357.653 ms
