Hash Join  (cost=98137.04..181933.20 rows=916549 width=0) (actual time=2330.619..4566.857 rows=845043 loops=1)
  Hash Cond: (mc.movie_id = t.id)
  ->  Seq Scan on movie_companies mc  (cost=0.00..51404.11 rows=1245311 width=4) (actual time=0.040..1044.531 rows=1235854 loops=1)
        Filter: (company_id < 11146)
        Rows Removed by Filter: 1373275
  ->  Hash  (cost=67604.59..67604.59 rows=1860996 width=4) (actual time=2329.041..2329.041 rows=1865487 loops=1)
        Buckets: 131072  Batches: 32  Memory Usage: 3079kB
        ->  Seq Scan on title t  (cost=0.00..67604.59 rows=1860996 width=4) (actual time=0.029..1308.900 rows=1865487 loops=1)
              Filter: (kind_id > 1)
              Rows Removed by Filter: 662825
Planning time: 0.740 ms
Execution time: 4667.761 ms
