Hash Join  (cost=324414.07..1053808.08 rows=19937927 width=0) (actual time=8713.699..59937.331 rows=177961374 loops=1)
  Hash Cond: (mi.movie_id = t.id)
  ->  Seq Scan on movie_info mi  (cost=0.00..309384.22 rows=14739122 width=4) (actual time=0.014..6361.311 rows=14835720 loops=1)
  ->  Hash  (cost=268298.16..268298.16 rows=3420393 width=8) (actual time=8711.931..8711.931 rows=3119924 loops=1)
        Buckets: 131072  Batches: 64  Memory Usage: 2998kB
        ->  Hash Join  (cost=98969.27..268298.16 rows=3420393 width=8) (actual time=2817.670..7741.283 rows=3119924 loops=1)
              Hash Cond: (mk.movie_id = t.id)
              ->  Seq Scan on movie_keyword mk  (cost=0.00..69693.30 rows=4523930 width=4) (actual time=0.022..1357.021 rows=4523930 loops=1)
              ->  Hash  (cost=67604.59..67604.59 rows=1911735 width=4) (actual time=2816.286..2816.286 rows=1903258 loops=1)
                    Buckets: 131072  Batches: 32  Memory Usage: 3131kB
                    ->  Seq Scan on title t  (cost=0.00..67604.59 rows=1911735 width=4) (actual time=0.029..1312.304 rows=1903258 loops=1)
                          Filter: (production_year > 1982)
                          Rows Removed by Filter: 625054
Planning time: 1.143 ms
Execution time: 78908.674 ms
