Hash Join  (cost=68332.59..867069.13 rows=15424 width=0) (actual time=3125.339..15340.722 rows=18486 loops=1)
  Hash Cond: (ci.movie_id = t.id)
  ->  Seq Scan on cast_info ci  (cost=0.00..796071.18 rows=669634 width=4) (actual time=2064.069..14018.260 rows=901876 loops=1)
        Filter: ((person_id > 1480381) AND (role_id = 9))
        Rows Removed by Filter: 35342468
  ->  Hash  (cost=67604.59..67604.59 rows=58240 width=4) (actual time=1060.717..1060.717 rows=58590 loops=1)
        Buckets: 65536  Batches: 1  Memory Usage: 2572kB
        ->  Seq Scan on title t  (cost=0.00..67604.59 rows=58240 width=4) (actual time=0.035..1035.618 rows=58590 loops=1)
              Filter: (production_year = 2001)
              Rows Removed by Filter: 2469722
Planning time: 0.816 ms
Execution time: 15343.734 ms
