Hash Join  (cost=69283.60..163215.87 rows=42361 width=0) (actual time=1090.175..2888.414 rows=69379 loops=1)
  Hash Cond: (mk.movie_id = t.id)
  ->  Seq Scan on movie_keyword mk  (cost=0.00..81003.12 rows=1046810 width=4) (actual time=0.028..1423.057 rows=1048235 loops=1)
        Filter: (keyword_id < 1045)
        Rows Removed by Filter: 3475695
  ->  Hash  (cost=67604.59..67604.59 rows=102321 width=4) (actual time=1088.960..1088.960 rows=100537 loops=1)
        Buckets: 131072  Batches: 2  Memory Usage: 2803kB
        ->  Seq Scan on title t  (cost=0.00..67604.59 rows=102321 width=4) (actual time=367.957..1049.557 rows=100537 loops=1)
              Filter: (kind_id = 3)
              Rows Removed by Filter: 2427775
Planning time: 0.764 ms
Execution time: 2897.672 ms
