Hash Join  (cost=67697.55..791142.83 rows=13960 width=0) (actual time=3123.569..13522.323 rows=2720 loops=1)
  Hash Cond: (ci.movie_id = t.id)
  ->  Seq Scan on cast_info ci  (cost=0.00..705507.15 rows=4746275 width=4) (actual time=2155.157..11654.773 rows=4781384 loops=1)
        Filter: (person_id > 3199351)
        Rows Removed by Filter: 31462960
  ->  Hash  (cost=67604.59..67604.59 rows=7437 width=4) (actual time=964.383..964.383 rows=2800 loops=1)
        Buckets: 8192  Batches: 1  Memory Usage: 163kB
        ->  Seq Scan on title t  (cost=0.00..67604.59 rows=7437 width=4) (actual time=2.957..963.024 rows=2800 loops=1)
              Filter: (production_year = 1929)
              Rows Removed by Filter: 2525512
Planning time: 0.801 ms
Execution time: 13523.165 ms
