Hash Join  (cost=69347.06..105961.96 rows=38600 width=0) (actual time=1383.509..2007.952 rows=14852 loops=1)
  Hash Cond: (mi_idx.movie_id = t.id)
  ->  Seq Scan on movie_info_idx mi_idx  (cost=0.00..25185.44 rows=919057 width=4) (actual time=0.010..548.416 rows=920110 loops=1)
        Filter: (info_type_id > 99)
        Rows Removed by Filter: 459925
  ->  Hash  (cost=67604.59..67604.59 rows=106198 width=4) (actual time=1123.567..1123.567 rows=106827 loops=1)
        Buckets: 131072  Batches: 2  Memory Usage: 2897kB
        ->  Seq Scan on title t  (cost=0.00..67604.59 rows=106198 width=4) (actual time=250.821..1087.321 rows=106827 loops=1)
              Filter: (production_year < 1927)
              Rows Removed by Filter: 2421485
Planning time: 0.728 ms
Execution time: 2010.465 ms
