Hash Join  (cost=305333.69..990805.12 rows=15821468 width=0) (actual time=6557.254..24299.963 rows=19732617 loops=1)
  Hash Cond: (mi.movie_id = t.id)
  ->  Seq Scan on movie_info mi  (cost=0.00..309384.22 rows=14739122 width=4) (actual time=0.018..6444.422 rows=14835720 loops=1)
  ->  Hash  (cost=260803.12..260803.12 rows=2714206 width=8) (actual time=6555.287..6555.287 rows=1300142 loops=1)
        Buckets: 131072  Batches: 64  Memory Usage: 1827kB
        ->  Hash Join  (cost=98137.04..260803.12 rows=2714206 width=8) (actual time=2166.903..6207.380 rows=1300142 loops=1)
              Hash Cond: (mk.movie_id = t.id)
              ->  Seq Scan on movie_keyword mk  (cost=0.00..81003.12 rows=3687779 width=4) (actual time=0.019..1881.814 rows=3685986 loops=1)
                    Filter: (keyword_id > 797)
                    Rows Removed by Filter: 837944
              ->  Hash  (cost=67604.59..67604.59 rows=1860996 width=4) (actual time=2162.769..2162.769 rows=1865487 loops=1)
                    Buckets: 131072  Batches: 32  Memory Usage: 3085kB
                    ->  Seq Scan on title t  (cost=0.00..67604.59 rows=1860996 width=4) (actual time=0.028..1286.127 rows=1865487 loops=1)
                          Filter: (kind_id > 1)
                          Rows Removed by Filter: 662825
Planning time: 5.071 ms
Execution time: 26294.951 ms
