Seq Scan on cast_info ci  (cost=0.00..705507.15 rows=500 width=0) (actual time=4853.703..10679.970 rows=9 loops=1)
  Filter: (person_id = 1749973)
  Rows Removed by Filter: 36244335
Planning time: 0.389 ms
Execution time: 10680.080 ms
