Seq Scan on movie_keyword mk  (cost=0.00..81003.12 rows=1331808 width=0) (actual time=0.028..1410.846 rows=1350624 loops=1)
  Filter: (keyword_id < 1757)
  Rows Removed by Filter: 3173306
Planning time: 0.297 ms
Execution time: 1576.120 ms
