Hash Join  (cost=73982.55..438902.66 rows=26418 width=0) (actual time=1246.955..8923.484 rows=38824 loops=1)
  Hash Cond: (mi.movie_id = t.id)
  ->  Seq Scan on movie_info mi  (cost=0.00..309384.22 rows=14739122 width=4) (actual time=0.017..4345.898 rows=14835720 loops=1)
  ->  Hash  (cost=73925.90..73925.90 rows=4532 width=4) (actual time=1246.753..1246.753 rows=11996 loops=1)
        Buckets: 16384 (originally 8192)  Batches: 1 (originally 1)  Memory Usage: 550kB
        ->  Seq Scan on title t  (cost=0.00..73925.90 rows=4532 width=4) (actual time=0.032..1241.011 rows=11996 loops=1)
              Filter: ((kind_id = 7) AND (production_year = 1987))
              Rows Removed by Filter: 2516316
Planning time: 0.827 ms
Execution time: 8929.455 ms
