Seq Scan on movie_keyword mk  (cost=0.00..81003.12 rows=246 width=0) (actual time=90.186..1198.282 rows=201 loops=1)
  Filter: (keyword_id = 55609)
  Rows Removed by Filter: 4523729
Planning time: 0.428 ms
Execution time: 1198.470 ms
