Hash Join  (cost=102767.86..968918.63 rows=6265577 width=0) (actual time=3070.501..20007.940 rows=6343529 loops=1)
  Hash Cond: (ci.movie_id = t.id)
  ->  Seq Scan on cast_info ci  (cost=0.00..705507.15 rows=6265577 width=4) (actual time=1217.645..12709.348 rows=6343529 loops=1)
        Filter: (person_id > 3019103)
        Rows Removed by Filter: 29900815
  ->  Hash  (cost=61283.27..61283.27 rows=2528527 width=4) (actual time=1852.144..1852.144 rows=2528312 loops=1)
        Buckets: 131072  Batches: 64  Memory Usage: 2415kB
        ->  Seq Scan on title t  (cost=0.00..61283.27 rows=2528527 width=4) (actual time=0.012..1020.251 rows=2528312 loops=1)
Planning time: 0.746 ms
Execution time: 20746.036 ms
