Hash Join  (cost=83072.98..833863.00 rows=92 width=0) (actual time=1556.703..15511.477 rows=2300 loops=1)
  Hash Cond: (ci.movie_id = t.id)
  ->  Seq Scan on cast_info ci  (cost=0.00..614943.12 rows=36225612 width=4) (actual time=0.023..8064.964 rows=36244344 loops=1)
  ->  Hash  (cost=83072.90..83072.90 rows=6 width=8) (actual time=1260.121..1260.121 rows=25 loops=1)
        Buckets: 1024  Batches: 1  Memory Usage: 9kB
        ->  Nested Loop  (cost=0.43..83072.90 rows=6 width=8) (actual time=1017.162..1260.102 rows=25 loops=1)
              ->  Seq Scan on movie_keyword mk  (cost=0.00..81003.12 rows=246 width=4) (actual time=7.691..1250.685 rows=234 loops=1)
                    Filter: (keyword_id = 6277)
                    Rows Removed by Filter: 4523696
              ->  Index Scan using title_pkey on title t  (cost=0.43..8.40 rows=1 width=4) (actual time=0.038..0.038 rows=0 loops=234)
                    Index Cond: (id = mk.movie_id)
                    Filter: ((kind_id = 7) AND (production_year = 2006))
                    Rows Removed by Filter: 1
Planning time: 14.452 ms
Execution time: 15512.195 ms
