Hash Join  (cost=83074.70..109986.23 rows=105 width=0) (actual time=1294.987..1847.401 rows=2370 loops=1)
  Hash Cond: (mi_idx.movie_id = t.id)
  ->  Seq Scan on movie_info_idx mi_idx  (cost=0.00..21735.35 rows=1380035 width=4) (actual time=0.008..311.465 rows=1380035 loops=1)
  ->  Hash  (cost=83072.29..83072.29 rows=193 width=8) (actual time=1293.825..1293.825 rows=884 loops=1)
        Buckets: 1024  Batches: 1  Memory Usage: 43kB
        ->  Nested Loop  (cost=0.43..83072.29 rows=193 width=8) (actual time=0.197..1293.167 rows=884 loops=1)
              ->  Seq Scan on movie_keyword mk  (cost=0.00..81003.12 rows=246 width=4) (actual time=0.158..1213.554 rows=2029 loops=1)
                    Filter: (keyword_id = 4801)
                    Rows Removed by Filter: 4521901
              ->  Index Scan using title_pkey on title t  (cost=0.43..8.40 rows=1 width=4) (actual time=0.038..0.038 rows=0 loops=2029)
                    Index Cond: (id = mk.movie_id)
                    Filter: (production_year > 1977)
                    Rows Removed by Filter: 1
Planning time: 1.129 ms
Execution time: 1847.947 ms
