Hash Join  (cost=215017.52..338820.08 rows=1116728 width=0) (actual time=4968.297..8593.053 rows=4101750 loops=1)
  Hash Cond: (mk.movie_id = t.id)
  ->  Seq Scan on movie_keyword mk  (cost=0.00..81003.12 rows=2325373 width=4) (actual time=0.021..1612.044 rows=2325537 loops=1)
        Filter: (keyword_id > 4391)
        Rows Removed by Filter: 2198393
  ->  Hash  (cost=195094.90..195094.90 rows=1214290 width=8) (actual time=4967.468..4967.468 rows=1168155 loops=1)
        Buckets: 131072  Batches: 16  Memory Usage: 3891kB
        ->  Hash Join  (cost=105490.82..195094.90 rows=1214290 width=8) (actual time=2317.744..4607.402 rows=1168155 loops=1)
              Hash Cond: (mc.movie_id = t.id)
              ->  Seq Scan on movie_companies mc  (cost=0.00..51404.11 rows=1329612 width=4) (actual time=190.485..992.811 rows=1334883 loops=1)
                    Filter: (company_type_id = 2)
                    Rows Removed by Filter: 1274246
              ->  Hash  (cost=67604.59..67604.59 rows=2309219 width=4) (actual time=2126.409..2126.409 rows=2302977 loops=1)
                    Buckets: 131072  Batches: 32  Memory Usage: 3558kB
                    ->  Seq Scan on title t  (cost=0.00..67604.59 rows=2309219 width=4) (actual time=0.026..1397.225 rows=2302977 loops=1)
                          Filter: (production_year > 1945)
                          Rows Removed by Filter: 225335
Planning time: 1.147 ms
Execution time: 9015.847 ms
