Hash Join  (cost=936351.31..980438.37 rows=372658 width=0) (actual time=13489.545..14517.075 rows=1317 loops=1)
  Hash Cond: (mi_idx.movie_id = t.id)
  ->  Seq Scan on movie_info_idx mi_idx  (cost=0.00..21735.35 rows=1380035 width=4) (actual time=0.020..468.427 rows=1380035 loops=1)
  ->  Hash  (cost=925148.41..925148.41 rows=682792 width=8) (actual time=13480.959..13480.959 rows=871 loops=1)
        Buckets: 131072  Batches: 16  Memory Usage: 1027kB
        ->  Hash Join  (cost=102767.86..925148.41 rows=682792 width=8) (actual time=3520.896..13479.911 rows=871 loops=1)
              Hash Cond: (ci.movie_id = t.id)
              ->  Seq Scan on cast_info ci  (cost=0.00..796071.18 rows=682792 width=4) (actual time=1620.161..10451.520 rows=871 loops=1)
                    Filter: ((person_id < 316177) AND (role_id = 2))
                    Rows Removed by Filter: 36243473
              ->  Hash  (cost=61283.27..61283.27 rows=2528527 width=4) (actual time=1856.156..1856.156 rows=2528312 loops=1)
                    Buckets: 131072  Batches: 64  Memory Usage: 2415kB
                    ->  Seq Scan on title t  (cost=0.00..61283.27 rows=2528527 width=4) (actual time=0.033..1058.261 rows=2528312 loops=1)
Planning time: 1.167 ms
Execution time: 14517.392 ms
