Hash Join  (cost=101458.67..274094.92 rows=3691829 width=0) (actual time=2336.104..6986.762 rows=3493547 loops=1)
  Hash Cond: (mk.movie_id = t.id)
  ->  Seq Scan on movie_keyword mk  (cost=0.00..69693.30 rows=4523930 width=4) (actual time=0.018..1545.215 rows=4523930 loops=1)
  ->  Hash  (cost=67604.59..67604.59 rows=2063447 width=4) (actual time=2335.338..2335.338 rows=2060346 loops=1)
        Buckets: 131072  Batches: 32  Memory Usage: 3302kB
        ->  Seq Scan on title t  (cost=0.00..67604.59 rows=2063447 width=4) (actual time=0.019..1440.759 rows=2060346 loops=1)
              Filter: (production_year > 1971)
              Rows Removed by Filter: 467966
Planning time: 0.511 ms
Execution time: 7357.066 ms
