Hash Join  (cost=153844.27..640219.81 rows=615661 width=0) (actual time=2949.031..14394.616 rows=2646 loops=1)
  Hash Cond: (mi.movie_id = t.id)
  ->  Seq Scan on movie_info mi  (cost=0.00..309384.22 rows=14739122 width=4) (actual time=0.027..5685.291 rows=14835720 loops=1)
  ->  Hash  (cost=152111.05..152111.05 rows=105618 width=8) (actual time=2943.791..2943.791 rows=373 loops=1)
        Buckets: 131072  Batches: 2  Memory Usage: 1038kB
        ->  Hash Join  (cost=75605.34..152111.05 rows=105618 width=8) (actual time=1268.286..2943.050 rows=373 loops=1)
              Hash Cond: (mc.movie_id = t.id)
              ->  Seq Scan on movie_companies mc  (cost=0.00..44881.29 rows=2609129 width=4) (actual time=0.033..867.099 rows=2609129 loops=1)
              ->  Hash  (cost=73925.90..73925.90 rows=102355 width=4) (actual time=1244.066..1244.066 rows=347 loops=1)
                    Buckets: 131072  Batches: 2  Memory Usage: 1031kB
                    ->  Seq Scan on title t  (cost=0.00..73925.90 rows=102355 width=4) (actual time=2.709..1234.473 rows=347 loops=1)
                          Filter: ((kind_id > 1) AND (production_year < 1940))
                          Rows Removed by Filter: 2527965
Planning time: 1.214 ms
Execution time: 14395.959 ms
