Hash Join  (cost=659572.23..1979941.97 rows=26453920 width=0) (actual time=19602.226..84946.123 rows=145562827 loops=1)
  Hash Cond: (ci.movie_id = t.id)
  ->  Seq Scan on cast_info ci  (cost=0.00..705507.15 rows=18890734 width=4) (actual time=0.017..14017.589 rows=18788165 loops=1)
        Filter: (person_id < 1872430)
        Rows Removed by Filter: 17456179
  ->  Hash  (cost=601479.47..601479.47 rows=3540861 width=8) (actual time=19599.111..19599.111 rows=7724082 loops=1)
        Buckets: 131072 (originally 131072)  Batches: 128 (originally 64)  Memory Usage: 3370kB
        ->  Hash Join  (cost=83891.93..601479.47 rows=3540861 width=8) (actual time=1632.542..17229.521 rows=7724082 loops=1)
              Hash Cond: (mi.movie_id = t.id)
              ->  Seq Scan on movie_info mi  (cost=0.00..309384.22 rows=14739122 width=4) (actual time=0.016..5645.939 rows=14835720 loops=1)
              ->  Hash  (cost=73925.90..73925.90 rows=607442 width=4) (actual time=1631.863..1631.863 rows=675690 loops=1)
                    Buckets: 131072  Batches: 8  Memory Usage: 4021kB
                    ->  Seq Scan on title t  (cost=0.00..73925.90 rows=607442 width=4) (actual time=0.022..1399.345 rows=675690 loops=1)
                          Filter: ((kind_id < 7) AND (production_year < 2007))
                          Rows Removed by Filter: 1852622
Planning time: 1.217 ms
Execution time: 100899.609 ms
