Hash Join  (cost=137466.38..1231059.45 rows=5820286 width=0) (actual time=3119.908..36590.178 rows=8701140 loops=1)
  Hash Cond: (ci.movie_id = t.id)
  ->  Seq Scan on cast_info ci  (cost=0.00..614943.12 rows=36225612 width=4) (actual time=0.020..13684.818 rows=36244344 loops=1)
  ->  Hash  (cost=130801.22..130801.22 rows=406253 width=8) (actual time=3118.665..3118.665 rows=256629 loops=1)
        Buckets: 131072  Batches: 8  Memory Usage: 2271kB
        ->  Hash Join  (cost=86138.21..130801.22 rows=406253 width=8) (actual time=1724.464..3035.738 rows=256629 loops=1)
              Hash Cond: (mi_idx.movie_id = t.id)
              ->  Seq Scan on movie_info_idx mi_idx  (cost=0.00..21735.35 rows=1380035 width=4) (actual time=0.021..479.782 rows=1380035 loops=1)
              ->  Hash  (cost=73925.90..73925.90 rows=744344 width=4) (actual time=1723.253..1723.253 rows=796638 loops=1)
                    Buckets: 131072  Batches: 16  Memory Usage: 2779kB
                    ->  Seq Scan on title t  (cost=0.00..73925.90 rows=744344 width=4) (actual time=0.025..1475.309 rows=796638 loops=1)
                          Filter: ((kind_id > 1) AND (production_year > 2005))
                          Rows Removed by Filter: 1731674
Planning time: 3.144 ms
Execution time: 37640.107 ms
