Seq Scan on cast_info ci  (cost=0.00..796071.18 rows=118 width=0) (actual time=10272.766..13129.184 rows=1 loops=1)
  Filter: ((role_id > 5) AND (person_id = 1158718))
  Rows Removed by Filter: 36244343
Planning time: 0.388 ms
Execution time: 13129.318 ms
