Hash Join  (cost=58375.85..145034.83 rows=95 width=0) (actual time=1215.438..2512.939 rows=33 loops=1)
  Hash Cond: (mk.movie_id = t.id)
  ->  Seq Scan on movie_keyword mk  (cost=0.00..69693.30 rows=4523930 width=4) (actual time=0.025..1001.506 rows=4523930 loops=1)
  ->  Hash  (cost=58375.18..58375.18 rows=53 width=8) (actual time=755.955..755.955 rows=85 loops=1)
        Buckets: 1024  Batches: 1  Memory Usage: 12kB
        ->  Nested Loop  (cost=0.43..58375.18 rows=53 width=8) (actual time=240.306..755.887 rows=85 loops=1)
              ->  Seq Scan on movie_companies mc  (cost=0.00..57926.93 rows=53 width=4) (actual time=240.213..754.092 rows=85 loops=1)
                    Filter: ((company_id = 6332) AND (company_type_id = 2))
                    Rows Removed by Filter: 2609044
              ->  Index Only Scan using title_pkey on title t  (cost=0.43..8.45 rows=1 width=4) (actual time=0.018..0.019 rows=1 loops=85)
                    Index Cond: (id = mc.movie_id)
                    Heap Fetches: 85
Planning time: 1.171 ms
Execution time: 2513.068 ms
