Seq Scan on cast_info ci  (cost=0.00..796071.18 rows=168 width=0) (actual time=4763.827..13260.341 rows=47 loops=1)
  Filter: ((role_id > 3) AND (person_id = 1662360))
  Rows Removed by Filter: 36244297
Planning time: 0.382 ms
Execution time: 13260.511 ms
