Hash Join  (cost=73982.55..100917.78 rows=2474 width=0) (actual time=1339.689..1909.301 rows=678 loops=1)
  Hash Cond: (mi_idx.movie_id = t.id)
  ->  Seq Scan on movie_info_idx mi_idx  (cost=0.00..21735.35 rows=1380035 width=4) (actual time=0.008..319.482 rows=1380035 loops=1)
  ->  Hash  (cost=73925.90..73925.90 rows=4532 width=4) (actual time=1322.352..1322.352 rows=4021 loops=1)
        Buckets: 8192  Batches: 1  Memory Usage: 206kB
        ->  Seq Scan on title t  (cost=0.00..73925.90 rows=4532 width=4) (actual time=0.221..1320.150 rows=4021 loops=1)
              Filter: ((kind_id = 7) AND (production_year = 1954))
              Rows Removed by Filter: 2524291
Planning time: 0.748 ms
Execution time: 1909.475 ms
