Seq Scan on movie_keyword mk  (cost=0.00..81003.12 rows=246 width=0) (actual time=23.203..1349.259 rows=92 loops=1)
  Filter: (keyword_id = 2368)
  Rows Removed by Filter: 4523838
Planning time: 0.327 ms
Execution time: 1349.408 ms
