Hash Join  (cost=74794.72..136702.89 rows=27190 width=0) (actual time=1395.993..2408.583 rows=18736 loops=1)
  Hash Cond: (mc.movie_id = t.id)
  ->  Seq Scan on movie_companies mc  (cost=0.00..57926.93 rows=989157 width=4) (actual time=253.757..1076.741 rows=688539 loops=1)
        Filter: ((company_id < 49974) AND (company_type_id = 2))
        Rows Removed by Filter: 1920590
  ->  Hash  (cost=73925.90..73925.90 rows=69505 width=4) (actual time=1141.559..1141.559 rows=69431 loops=1)
        Buckets: 131072  Batches: 1  Memory Usage: 3465kB
        ->  Seq Scan on title t  (cost=0.00..73925.90 rows=69505 width=4) (actual time=0.064..1106.346 rows=69431 loops=1)
              Filter: ((kind_id < 3) AND (production_year > 2011))
              Rows Removed by Filter: 2458881
Planning time: 0.672 ms
Execution time: 2411.588 ms
