Hash Join  (cost=73957.54..160660.86 rows=4528 width=0) (actual time=1236.886..3145.177 rows=27516 loops=1)
  Hash Cond: (mk.movie_id = t.id)
  ->  Seq Scan on movie_keyword mk  (cost=0.00..69693.30 rows=4523930 width=4) (actual time=0.022..1054.942 rows=4523930 loops=1)
  ->  Hash  (cost=73925.90..73925.90 rows=2531 width=4) (actual time=1233.569..1233.569 rows=6377 loops=1)
        Buckets: 8192 (originally 4096)  Batches: 1 (originally 1)  Memory Usage: 289kB
        ->  Seq Scan on title t  (cost=0.00..73925.90 rows=2531 width=4) (actual time=0.105..1230.251 rows=6377 loops=1)
              Filter: ((kind_id < 4) AND (production_year = 1979))
              Rows Removed by Filter: 2521935
Planning time: 0.711 ms
Execution time: 3149.176 ms
