Hash Join  (cost=102767.86..301860.48 rows=4497077 width=0) (actual time=1947.720..7347.521 rows=4500521 loops=1)
  Hash Cond: (mk.movie_id = t.id)
  ->  Seq Scan on movie_keyword mk  (cost=0.00..81003.12 rows=4497077 width=4) (actual time=0.019..1794.455 rows=4500521 loops=1)
        Filter: (keyword_id < 114881)
        Rows Removed by Filter: 23409
  ->  Hash  (cost=61283.27..61283.27 rows=2528527 width=4) (actual time=1946.780..1946.780 rows=2528312 loops=1)
        Buckets: 131072  Batches: 64  Memory Usage: 2425kB
        ->  Seq Scan on title t  (cost=0.00..61283.27 rows=2528527 width=4) (actual time=0.012..1097.740 rows=2528312 loops=1)
Planning time: 5.845 ms
Execution time: 7871.040 ms
