Seq Scan on movie_companies mc  (cost=0.00..57926.93 rows=474434 width=0) (actual time=0.023..919.766 rows=168946 loops=1)
  Filter: ((company_id > 17433) AND (company_type_id = 1))
  Rows Removed by Filter: 2440183
Planning time: 0.404 ms
Execution time: 945.775 ms
