Hash Join  (cost=709678.15..796345.14 rows=895 width=0) (actual time=10837.635..12430.862 rows=1438 loops=1)
  Hash Cond: (mk.movie_id = t.id)
  ->  Seq Scan on movie_keyword mk  (cost=0.00..69693.30 rows=4523930 width=4) (actual time=0.022..931.600 rows=4523930 loops=1)
  ->  Hash  (cost=709671.90..709671.90 rows=500 width=8) (actual time=10744.063..10744.063 rows=135 loops=1)
        Buckets: 1024  Batches: 1  Memory Usage: 14kB
        ->  Nested Loop  (cost=0.43..709671.90 rows=500 width=8) (actual time=3025.928..10743.974 rows=135 loops=1)
              ->  Seq Scan on cast_info ci  (cost=0.00..705507.15 rows=500 width=4) (actual time=3025.809..10741.983 rows=135 loops=1)
                    Filter: (person_id = 2861065)
                    Rows Removed by Filter: 36244209
              ->  Index Only Scan using title_pkey on title t  (cost=0.43..8.32 rows=1 width=4) (actual time=0.013..0.014 rows=1 loops=135)
                    Index Cond: (id = ci.movie_id)
                    Heap Fetches: 135
Planning time: 1.226 ms
Execution time: 12431.164 ms
