Hash Join  (cost=175857.92..691939.51 rows=3399667 width=0) (actual time=4593.669..27737.191 rows=43863350 loops=1)
  Hash Cond: (mi.movie_id = t.id)
  ->  Seq Scan on movie_info mi  (cost=0.00..309384.22 rows=14739122 width=4) (actual time=0.015..5859.522 rows=14835720 loops=1)
  ->  Hash  (cost=166288.67..166288.67 rows=583220 width=8) (actual time=4592.365..4592.365 rows=1316697 loops=1)
        Buckets: 131072 (originally 131072)  Batches: 32 (originally 8)  Memory Usage: 3073kB
        ->  Hash Join  (cost=83198.94..166288.67 rows=583220 width=8) (actual time=1457.490..4176.037 rows=1316697 loops=1)
              Hash Cond: (mc.movie_id = t.id)
              ->  Seq Scan on movie_companies mc  (cost=0.00..44881.29 rows=2609129 width=4) (actual time=0.009..936.239 rows=2609129 loops=1)
              ->  Hash  (cost=73925.90..73925.90 rows=565203 width=4) (actual time=1456.663..1456.663 rows=641785 loops=1)
                    Buckets: 131072  Batches: 8  Memory Usage: 3862kB
                    ->  Seq Scan on title t  (cost=0.00..73925.90 rows=565203 width=4) (actual time=0.032..1258.013 rows=641785 loops=1)
                          Filter: ((kind_id < 7) AND (production_year < 2006))
                          Rows Removed by Filter: 1886527
Planning time: 1.008 ms
Execution time: 32485.237 ms
