Seq Scan on movie_keyword mk  (cost=0.00..81003.12 rows=4194674 width=0) (actual time=0.020..1374.351 rows=4195874 loops=1)
  Filter: (keyword_id < 50219)
  Rows Removed by Filter: 328056
Planning time: 0.228 ms
Execution time: 1862.410 ms
