Seq Scan on movie_keyword mk  (cost=0.00..81003.12 rows=246 width=0) (actual time=32.424..1361.570 rows=323 loops=1)
  Filter: (keyword_id = 27553)
  Rows Removed by Filter: 4523607
Planning time: 0.386 ms
Execution time: 1361.855 ms
