Seq Scan on cast_info ci  (cost=0.00..796071.18 rows=5468116 width=0) (actual time=0.016..14196.163 rows=11120877 loops=1)
  Filter: ((person_id < 1522738) AND (role_id < 2))
  Rows Removed by Filter: 25123467
Planning time: 1.796 ms
Execution time: 15596.815 ms
