Seq Scan on cast_info ci  (cost=0.00..796071.18 rows=6099203 width=0) (actual time=78.617..12507.876 rows=4039526 loops=1)
  Filter: ((person_id > 2958916) AND (role_id < 10))
  Rows Removed by Filter: 32204818
Planning time: 0.335 ms
Execution time: 13026.517 ms
