Hash Join  (cost=106934.74..197057.33 rows=970850 width=0) (actual time=2022.492..4908.801 rows=675087 loops=1)
  Hash Cond: (mc.movie_id = t.id)
  ->  Seq Scan on movie_companies mc  (cost=0.00..57926.93 rows=1024031 width=4) (actual time=0.017..1140.508 rows=735252 loops=1)
        Filter: ((company_id < 66174) AND (company_type_id = 2))
        Rows Removed by Filter: 1873877
  ->  Hash  (cost=67604.59..67604.59 rows=2397212 width=4) (actual time=2021.373..2021.373 rows=2388701 loops=1)
        Buckets: 131072  Batches: 32  Memory Usage: 3650kB
        ->  Seq Scan on title t  (cost=0.00..67604.59 rows=2397212 width=4) (actual time=0.018..1294.527 rows=2388701 loops=1)
              Filter: (production_year > 1915)
              Rows Removed by Filter: 139611
Planning time: 0.791 ms
Execution time: 4987.767 ms
