Hash Join  (cost=709678.15..1058948.41 rows=160 width=0) (actual time=11107.280..15396.976 rows=74 loops=1)
  Hash Cond: (mi.movie_id = t.id)
  ->  Seq Scan on movie_info mi  (cost=0.00..346232.03 rows=809768 width=4) (actual time=948.457..5142.724 rows=802140 loops=1)
        Filter: (info_type_id < 2)
        Rows Removed by Filter: 14033580
  ->  Hash  (cost=709671.90..709671.90 rows=500 width=8) (actual time=10144.774..10144.774 rows=196 loops=1)
        Buckets: 1024  Batches: 1  Memory Usage: 16kB
        ->  Nested Loop  (cost=0.43..709671.90 rows=500 width=8) (actual time=1579.968..10144.662 rows=196 loops=1)
              ->  Seq Scan on cast_info ci  (cost=0.00..705507.15 rows=500 width=4) (actual time=1579.781..10140.639 rows=196 loops=1)
                    Filter: (person_id = 2174971)
                    Rows Removed by Filter: 36244148
              ->  Index Only Scan using title_pkey on title t  (cost=0.43..8.32 rows=1 width=4) (actual time=0.019..0.019 rows=1 loops=196)
                    Index Cond: (id = ci.movie_id)
                    Heap Fetches: 196
Planning time: 1.153 ms
Execution time: 15397.113 ms
