Nested Loop  (cost=0.43..83071.67 rows=246 width=0) (actual time=3.670..1230.293 rows=79 loops=1)
  ->  Seq Scan on movie_keyword mk  (cost=0.00..81003.12 rows=246 width=4) (actual time=3.626..1224.976 rows=79 loops=1)
        Filter: (keyword_id = 16028)
        Rows Removed by Filter: 4523851
  ->  Index Only Scan using title_pkey on title t  (cost=0.43..8.40 rows=1 width=4) (actual time=0.061..0.062 rows=1 loops=79)
        Index Cond: (id = mk.movie_id)
        Heap Fetches: 79
Planning time: 0.505 ms
Execution time: 1230.424 ms
