Hash Join  (cost=168977.33..523980.06 rows=54090 width=0) (actual time=4517.826..8483.510 rows=27881 loops=1)
  Hash Cond: (mi.movie_id = t.id)
  ->  Seq Scan on movie_info mi  (cost=0.00..346232.03 rows=2194617 width=4) (actual time=1705.390..5271.366 rows=2233850 loops=1)
        Filter: (info_type_id > 16)
        Rows Removed by Filter: 12601870
  ->  Hash  (cost=168198.35..168198.35 rows=62319 width=8) (actual time=2791.704..2791.704 rows=11564 loops=1)
        Buckets: 65536  Batches: 1  Memory Usage: 964kB
        ->  Hash Join  (cost=77642.13..168198.35 rows=62319 width=8) (actual time=2113.495..2787.496 rows=11564 loops=1)
              Hash Cond: (mk.movie_id = t.id)
              ->  Seq Scan on movie_keyword mk  (cost=0.00..81003.12 rows=695707 width=4) (actual time=0.028..1381.051 rows=700228 loops=1)
                    Filter: (keyword_id > 26908)
                    Rows Removed by Filter: 3823702
              ->  Hash  (cost=73925.90..73925.90 rows=226498 width=4) (actual time=1119.082..1119.082 rows=120787 loops=1)
                    Buckets: 131072  Batches: 4  Memory Usage: 2088kB
                    ->  Seq Scan on title t  (cost=0.00..73925.90 rows=226498 width=4) (actual time=0.022..1075.381 rows=120787 loops=1)
                          Filter: ((production_year < 1970) AND (kind_id = 7))
                          Rows Removed by Filter: 2407525
Planning time: 0.988 ms
Execution time: 8487.458 ms
