Hash Join  (cost=167399.41..223786.04 rows=18434 width=0) (actual time=3414.107..4750.621 rows=780602 loops=1)
  Hash Cond: (mc.movie_id = t.id)
  ->  Seq Scan on movie_companies mc  (cost=0.00..51404.11 rows=1279517 width=4) (actual time=20.557..949.143 rows=1274246 loops=1)
        Filter: (company_type_id = 1)
        Rows Removed by Filter: 1334883
  ->  Hash  (cost=166944.07..166944.07 rows=36427 width=8) (actual time=3099.126..3099.126 rows=160313 loops=1)
        Buckets: 131072 (originally 65536)  Batches: 4 (originally 1)  Memory Usage: 3073kB
        ->  Hash Join  (cost=75798.76..166944.07 rows=36427 width=8) (actual time=1300.525..3037.587 rows=160313 loops=1)
              Hash Cond: (mk.movie_id = t.id)
              ->  Seq Scan on movie_keyword mk  (cost=0.00..81003.12 rows=806913 width=4) (actual time=0.060..1300.921 rows=809825 loops=1)
                    Filter: (keyword_id < 784)
                    Rows Removed by Filter: 3714105
              ->  Hash  (cost=73925.90..73925.90 rows=114148 width=4) (actual time=1299.452..1299.452 rows=244041 loops=1)
                    Buckets: 131072 (originally 131072)  Batches: 4 (originally 2)  Memory Usage: 3178kB
                    ->  Seq Scan on title t  (cost=0.00..73925.90 rows=114148 width=4) (actual time=0.035..1009.256 rows=244041 loops=1)
                          Filter: ((kind_id < 2) AND (production_year < 1974))
                          Rows Removed by Filter: 2284271
Planning time: 0.872 ms
Execution time: 4834.427 ms
