Seq Scan on movie_companies mc  (cost=0.00..57926.93 rows=880032 width=40) (actual time=0.030..1421.598 rows=559961 loops=1)
  Filter: ((company_id < 22189) AND (company_type_id > 1))
  Rows Removed by Filter: 2049168
Planning time: 0.450 ms
Execution time: 1454.897 ms
