Nested Loop  (cost=0.43..709673.15 rows=368 width=0) (actual time=3864.959..10141.981 rows=302 loops=1)
  ->  Seq Scan on cast_info ci  (cost=0.00..705507.15 rows=500 width=4) (actual time=3864.781..10128.637 rows=302 loops=1)
        Filter: (person_id = 1760862)
        Rows Removed by Filter: 36244042
  ->  Index Scan using title_pkey on title t  (cost=0.43..8.32 rows=1 width=4) (actual time=0.027..0.027 rows=1 loops=302)
        Index Cond: (id = ci.movie_id)
        Filter: (kind_id > 1)
Planning time: 1.984 ms
Execution time: 10142.184 ms
