Seq Scan on cast_info ci  (cost=0.00..796071.18 rows=18523987 width=0) (actual time=0.017..16324.944 rows=21463310 loops=1)
  Filter: ((person_id > 734096) AND (role_id > 1))
  Rows Removed by Filter: 14781034
Planning time: 0.718 ms
Execution time: 18929.872 ms
