Hash Join  (cost=102767.86..1178078.02 rows=14957847 width=0) (actual time=5883.542..27319.960 rows=15127116 loops=1)
  Hash Cond: (ci.movie_id = t.id)
  ->  Seq Scan on cast_info ci  (cost=0.00..705507.15 rows=14957847 width=4) (actual time=4018.011..13169.168 rows=15127116 loops=1)
        Filter: (person_id > 2132507)
        Rows Removed by Filter: 21117228
  ->  Hash  (cost=61283.27..61283.27 rows=2528527 width=4) (actual time=1864.462..1864.462 rows=2528312 loops=1)
        Buckets: 131072  Batches: 64  Memory Usage: 2415kB
        ->  Seq Scan on title t  (cost=0.00..61283.27 rows=2528527 width=4) (actual time=0.014..1023.728 rows=2528312 loops=1)
Planning time: 0.717 ms
Execution time: 29022.313 ms
