Hash Join  (cost=127921.33..216594.01 rows=1429 width=0) (actual time=2153.293..3927.187 rows=28077 loops=1)
  Hash Cond: (mk.movie_id = t.id)
  ->  Seq Scan on movie_keyword mk  (cost=0.00..81003.12 rows=2041404 width=4) (actual time=0.023..1442.490 rows=2043678 loops=1)
        Filter: (keyword_id < 3654)
        Rows Removed by Filter: 2480252
  ->  Hash  (cost=127899.21..127899.21 rows=1770 width=8) (actual time=2149.845..2149.845 rows=7315 loops=1)
        Buckets: 8192 (originally 2048)  Batches: 1 (originally 1)  Memory Usage: 350kB
        ->  Hash Join  (cost=67697.55..127899.21 rows=1770 width=8) (actual time=1041.669..2146.620 rows=7315 loops=1)
              Hash Cond: (mc.movie_id = t.id)
              ->  Seq Scan on movie_companies mc  (cost=0.00..57926.93 rows=601873 width=4) (actual time=0.018..912.012 rows=880032 loops=1)
                    Filter: ((company_id > 12471) AND (company_type_id = 2))
                    Rows Removed by Filter: 1729097
              ->  Hash  (cost=67604.59..67604.59 rows=7437 width=4) (actual time=1041.328..1041.328 rows=21312 loops=1)
                    Buckets: 32768 (originally 8192)  Batches: 1 (originally 1)  Memory Usage: 1006kB
                    ->  Seq Scan on title t  (cost=0.00..67604.59 rows=7437 width=4) (actual time=0.070..1031.403 rows=21312 loops=1)
                          Filter: (production_year = 1989)
                          Rows Removed by Filter: 2507000
Planning time: 1.185 ms
Execution time: 3931.318 ms
