Seq Scan on cast_info ci  (cost=0.00..705507.15 rows=877689 width=0) (actual time=9058.182..10644.114 rows=911641 loops=1)
  Filter: (person_id > 3886984)
  Rows Removed by Filter: 35332703
Planning time: 0.315 ms
Execution time: 10757.519 ms
