Hash Join  (cost=102767.86..296545.56 rows=4276220 width=0) (actual time=1833.014..7267.012 rows=4277675 loops=1)
  Hash Cond: (mk.movie_id = t.id)
  ->  Seq Scan on movie_keyword mk  (cost=0.00..81003.12 rows=4276220 width=4) (actual time=0.025..1823.896 rows=4277675 loops=1)
        Filter: (keyword_id < 61024)
        Rows Removed by Filter: 246255
  ->  Hash  (cost=61283.27..61283.27 rows=2528527 width=4) (actual time=1831.730..1831.730 rows=2528312 loops=1)
        Buckets: 131072  Batches: 64  Memory Usage: 2425kB
        ->  Seq Scan on title t  (cost=0.00..61283.27 rows=2528527 width=4) (actual time=0.021..971.857 rows=2528312 loops=1)
Planning time: 0.741 ms
Execution time: 7800.482 ms
