Hash Join  (cost=158381.56..291839.62 rows=414666 width=0) (actual time=4175.276..9062.165 rows=4202900 loops=1)
  Hash Cond: (mk.movie_id = t.id)
  ->  Seq Scan on movie_keyword mk  (cost=0.00..81003.12 rows=4091272 width=4) (actual time=0.027..1846.728 rows=4095988 loops=1)
        Filter: (keyword_id < 40902)
        Rows Removed by Filter: 427942
  ->  Hash  (cost=154176.11..154176.11 rows=256276 width=8) (actual time=4174.218..4174.218 rows=505959 loops=1)
        Buckets: 131072 (originally 131072)  Batches: 8 (originally 4)  Memory Usage: 3527kB
        ->  Hash Join  (cost=88195.18..154176.11 rows=256276 width=8) (actual time=1586.986..4009.927 rows=505959 loops=1)
              Hash Cond: (mc.movie_id = t.id)
              ->  Seq Scan on movie_companies mc  (cost=0.00..51404.11 rows=745083 width=4) (actual time=0.034..972.587 rows=750053 loops=1)
                    Filter: (company_id > 37081)
                    Rows Removed by Filter: 1859076
              ->  Hash  (cost=73925.90..73925.90 rows=869702 width=4) (actual time=1585.778..1585.778 rows=896788 loops=1)
                    Buckets: 131072  Batches: 16  Memory Usage: 2998kB
                    ->  Seq Scan on title t  (cost=0.00..73925.90 rows=869702 width=4) (actual time=0.023..1304.787 rows=896788 loops=1)
                          Filter: ((kind_id < 7) AND (production_year < 2012))
                          Rows Removed by Filter: 1631524
Planning time: 3.559 ms
Execution time: 9581.758 ms
