Hash Join  (cost=134001.98..220830.20 rows=17018 width=0) (actual time=2294.818..4158.595 rows=94902 loops=1)
  Hash Cond: (mk.movie_id = t.id)
  ->  Seq Scan on movie_keyword mk  (cost=0.00..69693.30 rows=4523930 width=4) (actual time=0.023..1007.881 rows=4523930 loops=1)
  ->  Hash  (cost=133883.08..133883.08 rows=9512 width=8) (actual time=2294.386..2294.386 rows=5676 loops=1)
        Buckets: 16384  Batches: 1  Memory Usage: 350kB
        ->  Hash Join  (cost=80166.74..133883.08 rows=9512 width=8) (actual time=1384.090..2292.391 rows=5676 loops=1)
              Hash Cond: (mc.movie_id = t.id)
              ->  Seq Scan on movie_companies mc  (cost=0.00..51404.11 rows=63228 width=4) (actual time=0.449..821.393 rows=62075 loops=1)
                    Filter: (company_id = 6)
                    Rows Removed by Filter: 2547054
              ->  Hash  (cost=73925.90..73925.90 rows=380387 width=4) (actual time=1370.882..1370.882 rows=484820 loops=1)
                    Buckets: 131072  Batches: 8  Memory Usage: 3166kB
                    ->  Seq Scan on title t  (cost=0.00..73925.90 rows=380387 width=4) (actual time=0.023..1209.778 rows=484820 loops=1)
                          Filter: ((kind_id < 7) AND (production_year < 1999))
                          Rows Removed by Filter: 2043492
Planning time: 1.134 ms
Execution time: 4171.319 ms
