Hash Join  (cost=175315.23..586906.71 rows=202404 width=0) (actual time=5014.400..11465.641 rows=845541 loops=1)
  Hash Cond: (mi.movie_id = t.id)
  ->  Seq Scan on movie_info mi  (cost=0.00..346232.03 rows=5445713 width=4) (actual time=1413.682..5816.618 rows=5410520 loops=1)
        Filter: (info_type_id < 6)
        Rows Removed by Filter: 9425200
  ->  Hash  (cost=173772.49..173772.49 rows=93979 width=8) (actual time=3592.253..3592.253 rows=85298 loops=1)
        Buckets: 131072  Batches: 2  Memory Usage: 2705kB
        ->  Hash Join  (cost=69687.24..173772.49 rows=93979 width=8) (actual time=1143.562..3270.253 rows=85298 loops=1)
              Hash Cond: (mk.movie_id = t.id)
              ->  Seq Scan on movie_keyword mk  (cost=0.00..81003.12 rows=1872091 width=4) (actual time=0.031..1511.166 rows=1880718 loops=1)
                    Filter: (keyword_id > 7281)
                    Rows Removed by Filter: 2643212
              ->  Hash  (cost=67604.59..67604.59 rows=126932 width=4) (actual time=1142.504..1142.504 rows=122861 loops=1)
                    Buckets: 131072  Batches: 2  Memory Usage: 3197kB
                    ->  Seq Scan on title t  (cost=0.00..67604.59 rows=126932 width=4) (actual time=0.023..1094.458 rows=122861 loops=1)
                          Filter: (production_year = 2008)
                          Rows Removed by Filter: 2405451
Planning time: 1.229 ms
Execution time: 11568.526 ms
