Seq Scan on title t  (cost=0.00..67604.59 rows=2306185 width=0) (actual time=0.018..1109.924 rows=2298721 loops=1)
  Filter: (production_year > 1947)
  Rows Removed by Filter: 229591
Planning time: 0.285 ms
Execution time: 1392.717 ms
