Hash Join  (cost=199015.90..568506.19 rows=481047 width=0) (actual time=8844.507..10679.964 rows=870176 loops=1)
  Hash Cond: (mi.movie_id = t.id)
  ->  Seq Scan on movie_info mi  (cost=0.00..346232.03 rows=1272478 width=4) (actual time=4594.926..5401.987 rows=1325361 loops=1)
        Filter: (info_type_id = 8)
        Rows Removed by Filter: 13510359
  ->  Hash  (cost=183333.35..183333.35 rows=955884 width=8) (actual time=4248.672..4248.672 rows=795710 loops=1)
        Buckets: 131072  Batches: 16  Memory Usage: 2999kB
        ->  Hash Join  (cost=98595.81..183333.35 rows=955884 width=8) (actual time=1928.313..4009.536 rows=795710 loops=1)
              Hash Cond: (mc.movie_id = t.id)
              ->  Seq Scan on movie_companies mc  (cost=0.00..51404.11 rows=1279517 width=4) (actual time=0.045..915.708 rows=1274246 loops=1)
                    Filter: (company_type_id < 2)
                    Rows Removed by Filter: 1334883
              ->  Hash  (cost=67604.59..67604.59 rows=1888978 width=4) (actual time=1927.257..1927.257 rows=1887769 loops=1)
                    Buckets: 131072  Batches: 32  Memory Usage: 3106kB
                    ->  Seq Scan on title t  (cost=0.00..67604.59 rows=1888978 width=4) (actual time=0.019..1330.255 rows=1887769 loops=1)
                          Filter: (production_year > 1983)
                          Rows Removed by Filter: 640543
Planning time: 1.381 ms
Execution time: 10789.673 ms
