Nested Loop  (cost=0.43..797488.04 rows=168 width=0) (actual time=4972.356..12496.296 rows=12 loops=1)
  ->  Seq Scan on cast_info ci  (cost=0.00..796071.18 rows=168 width=4) (actual time=4972.228..12495.893 rows=12 loops=1)
        Filter: ((role_id > 3) AND (person_id = 2926734))
        Rows Removed by Filter: 36244332
  ->  Index Only Scan using title_pkey on title t  (cost=0.43..8.42 rows=1 width=4) (actual time=0.030..0.030 rows=1 loops=12)
        Index Cond: (id = ci.movie_id)
        Heap Fetches: 12
Planning time: 0.742 ms
Execution time: 12496.375 ms
