Seq Scan on movie_keyword mk  (cost=0.00..81003.12 rows=2539818 width=0) (actual time=0.028..1585.702 rows=2533212 loops=1)
  Filter: (keyword_id < 6306)
  Rows Removed by Filter: 1990718
Planning time: 0.295 ms
Execution time: 1906.935 ms
