Hash Join  (cost=73950.44..128636.23 rows=2026 width=0) (actual time=944.593..2096.892 rows=8734 loops=1)
  Hash Cond: (mc.movie_id = t.id)
  ->  Seq Scan on movie_companies mc  (cost=0.00..44881.29 rows=2609129 width=4) (actual time=0.016..626.115 rows=2609129 loops=1)
  ->  Hash  (cost=73925.90..73925.90 rows=1963 width=4) (actual time=944.396..944.396 rows=4466 loops=1)
        Buckets: 8192 (originally 2048)  Batches: 1 (originally 1)  Memory Usage: 222kB
        ->  Seq Scan on title t  (cost=0.00..73925.90 rows=1963 width=4) (actual time=183.444..941.250 rows=4466 loops=1)
              Filter: ((kind_id = 1) AND (production_year = 1980))
              Rows Removed by Filter: 2523846
Planning time: 0.729 ms
Execution time: 2098.488 ms
