Seq Scan on title t  (cost=0.00..73925.90 rows=915689 width=0) (actual time=0.015..1198.254 rows=857416 loops=1)
  Filter: ((kind_id < 7) AND (production_year > 1931))
  Rows Removed by Filter: 1670896
Planning time: 0.328 ms
Execution time: 1306.604 ms
