Seq Scan on movie_keyword mk  (cost=0.00..81003.12 rows=1679546 width=0) (actual time=0.007..1386.184 rows=1689732 loops=1)
  Filter: (keyword_id > 8561)
  Rows Removed by Filter: 2834198
Planning time: 0.203 ms
Execution time: 1583.001 ms
