Hash Join  (cost=175779.00..321337.72 rows=1933468 width=0) (actual time=4284.457..9495.683 rows=7473100 loops=1)
  Hash Cond: (mk.movie_id = t.id)
  ->  Seq Scan on movie_keyword mk  (cost=0.00..69693.30 rows=4523930 width=4) (actual time=0.024..1446.410 rows=4523930 loops=1)
  ->  Hash  (cost=158048.77..158048.77 rows=1080659 width=8) (actual time=4282.418..4282.418 rows=1084141 loops=1)
        Buckets: 131072  Batches: 16  Memory Usage: 3698kB
        ->  Hash Join  (cost=100089.65..158048.77 rows=1080659 width=8) (actual time=1976.458..3935.203 rows=1084141 loops=1)
              Hash Cond: (mi_idx.movie_id = t.id)
              ->  Seq Scan on movie_info_idx mi_idx  (cost=0.00..21735.35 rows=1380035 width=4) (actual time=0.020..556.211 rows=1380035 loops=1)
              ->  Hash  (cost=67604.59..67604.59 rows=1980005 width=4) (actual time=1975.045..1975.045 rows=1976617 loops=1)
                    Buckets: 131072  Batches: 32  Memory Usage: 3203kB
                    ->  Seq Scan on title t  (cost=0.00..67604.59 rows=1980005 width=4) (actual time=0.009..1313.025 rows=1976617 loops=1)
                          Filter: (production_year > 1977)
                          Rows Removed by Filter: 551695
Planning time: 1.188 ms
Execution time: 10335.063 ms
