Hash Join  (cost=539413.40..1647100.35 rows=12283921 width=0) (actual time=12658.100..50896.376 rows=46850651 loops=1)
  Hash Cond: (ci.movie_id = t.id)
  ->  Seq Scan on cast_info ci  (cost=0.00..705507.15 rows=21358716 width=4) (actual time=0.025..15011.714 rows=21212491 loops=1)
        Filter: (person_id < 2144057)
        Rows Removed by Filter: 15031853
  ->  Hash  (cost=515554.68..515554.68 rows=1454218 width=8) (actual time=12656.704..12656.704 rows=2988381 loops=1)
        Buckets: 131072 (originally 131072)  Batches: 64 (originally 32)  Memory Usage: 3073kB
        ->  Hash Join  (cost=84155.89..515554.68 rows=1454218 width=8) (actual time=3779.651..11778.469 rows=2988381 loops=1)
              Hash Cond: (mi.movie_id = t.id)
              ->  Seq Scan on movie_info mi  (cost=0.00..346232.03 rows=5897221 width=4) (actual time=2070.232..6303.137 rows=5884963 loops=1)
                    Filter: (info_type_id < 7)
                    Rows Removed by Filter: 8950757
              ->  Hash  (cost=73925.90..73925.90 rows=623519 width=4) (actual time=1611.494..1611.494 rows=557735 loops=1)
                    Buckets: 131072  Batches: 16  Memory Usage: 2256kB
                    ->  Seq Scan on title t  (cost=0.00..73925.90 rows=623519 width=4) (actual time=0.030..1253.343 rows=557735 loops=1)
                          Filter: ((production_year > 1923) AND (kind_id = 1))
                          Rows Removed by Filter: 1970577
Planning time: 1.254 ms
Execution time: 55939.277 ms
