Seq Scan on movie_keyword mk  (cost=0.00..81003.12 rows=1484392 width=0) (actual time=0.020..1230.168 rows=1496861 loops=1)
  Filter: (keyword_id > 10833)
  Rows Removed by Filter: 3027069
Planning time: 0.224 ms
Execution time: 1411.030 ms
