Hash Join  (cost=79930.86..165667.90 rows=775251 width=0) (actual time=1389.978..3892.211 rows=1126354 loops=1)
  Hash Cond: (mc.movie_id = t.id)
  ->  Seq Scan on movie_companies mc  (cost=0.00..44881.29 rows=2609129 width=4) (actual time=0.024..841.395 rows=2609129 loops=1)
  ->  Hash  (cost=67604.59..67604.59 rows=751302 width=4) (actual time=1389.189..1389.189 rows=755902 loops=1)
        Buckets: 131072  Batches: 16  Memory Usage: 2685kB
        ->  Seq Scan on title t  (cost=0.00..67604.59 rows=751302 width=4) (actual time=0.022..1139.311 rows=755902 loops=1)
              Filter: (production_year < 1993)
              Rows Removed by Filter: 1772410
Planning time: 0.728 ms
Execution time: 4014.985 ms
