Seq Scan on movie_keyword mk  (cost=0.00..81003.12 rows=246 width=0) (actual time=5.044..1301.607 rows=541 loops=1)
  Filter: (keyword_id = 5661)
  Rows Removed by Filter: 4523389
Planning time: 0.382 ms
Execution time: 1301.970 ms
