Hash Join  (cost=71961.27..1144839.28 rows=3803684 width=0) (actual time=1197.852..34099.087 rows=2703025 loops=1)
  Hash Cond: (ci.movie_id = t.id)
  ->  Seq Scan on cast_info ci  (cost=0.00..614943.12 rows=36225612 width=4) (actual time=0.018..13365.175 rows=36244344 loops=1)
  ->  Hash  (cost=67604.59..67604.59 rows=265495 width=4) (actual time=1196.918..1196.918 rows=263594 loops=1)
        Buckets: 131072  Batches: 4  Memory Usage: 3340kB
        ->  Seq Scan on title t  (cost=0.00..67604.59 rows=265495 width=4) (actual time=0.032..1112.061 rows=263594 loops=1)
              Filter: (production_year < 1962)
              Rows Removed by Filter: 2264718
Planning time: 0.738 ms
Execution time: 34426.149 ms
