Nested Loop  (cost=44377.22..142046.32 rows=127 width=0) (actual time=954.133..2636.649 rows=1134 loops=1)
  ->  Hash Join  (cost=44376.79..131989.99 rows=17033 width=8) (actual time=954.075..2444.587 rows=10393 loops=1)
        Hash Cond: (mk.movie_id = mi_idx.movie_id)
        ->  Seq Scan on movie_keyword mk  (cost=0.00..81003.12 rows=5730 width=4) (actual time=0.067..1282.910 rows=4517 loops=1)
              Filter: (keyword_id = 115)
              Rows Removed by Filter: 4519413
        ->  Hash  (cost=21735.35..21735.35 rows=1380035 width=4) (actual time=940.286..940.286 rows=1380035 loops=1)
              Buckets: 131072  Batches: 32  Memory Usage: 2556kB
              ->  Seq Scan on movie_info_idx mi_idx  (cost=0.00..21735.35 rows=1380035 width=4) (actual time=0.029..498.152 rows=1380035 loops=1)
  ->  Index Scan using title_pkey on title t  (cost=0.43..0.58 rows=1 width=4) (actual time=0.018..0.018 rows=0 loops=10393)
        Index Cond: (id = mi_idx.movie_id)
        Filter: (kind_id = 3)
        Rows Removed by Filter: 1
Planning time: 1.316 ms
Execution time: 2637.074 ms
