Hash Join  (cost=444803.97..1377801.61 rows=627955 width=0) (actual time=11459.124..30298.446 rows=2031215 loops=1)
  Hash Cond: (ci.movie_id = t.id)
  ->  Seq Scan on cast_info ci  (cost=0.00..796071.18 rows=7286689 width=4) (actual time=1705.695..16498.283 rows=7451973 loops=1)
        Filter: ((person_id < 4050174) AND (role_id = 2))
        Rows Removed by Filter: 28792371
  ->  Hash  (cost=441228.16..441228.16 rows=217905 width=8) (actual time=9751.569..9751.569 rows=378799 loops=1)
        Buckets: 131072 (originally 131072)  Batches: 8 (originally 4)  Memory Usage: 3073kB
        ->  Hash Join  (cost=74393.18..441228.16 rows=217905 width=8) (actual time=1326.580..9603.170 rows=378799 loops=1)
              Hash Cond: (mi.movie_id = t.id)
              ->  Seq Scan on movie_info mi  (cost=0.00..309384.22 rows=14739122 width=4) (actual time=0.023..4466.642 rows=14835720 loops=1)
              ->  Hash  (cost=73925.90..73925.90 rows=37382 width=4) (actual time=1136.789..1136.789 rows=33190 loops=1)
                    Buckets: 65536  Batches: 1  Memory Usage: 1679kB
                    ->  Seq Scan on title t  (cost=0.00..73925.90 rows=37382 width=4) (actual time=5.429..1123.633 rows=33190 loops=1)
                          Filter: ((kind_id = 1) AND (production_year = 2010))
                          Rows Removed by Filter: 2495122
Planning time: 5.923 ms
Execution time: 30531.758 ms
