Hash Join  (cost=359549.25..1494482.61 rows=16603309 width=0) (actual time=8878.810..34270.732 rows=25583760 loops=1)
  Hash Cond: (ci.movie_id = t.id)
  ->  Seq Scan on cast_info ci  (cost=0.00..796071.18 rows=10240945 width=4) (actual time=298.495..13679.703 rows=8202894 loops=1)
        Filter: ((person_id > 2508056) AND (role_id < 10))
        Rows Removed by Filter: 28041450
  ->  Hash  (cost=292292.53..292292.53 rows=4099418 width=8) (actual time=8578.531..8578.531 rows=4087742 loops=1)
        Buckets: 131072  Batches: 64  Memory Usage: 3546kB
        ->  Hash Join  (cost=102767.86..292292.53 rows=4099418 width=8) (actual time=1869.157..7413.455 rows=4087742 loops=1)
              Hash Cond: (mk.movie_id = t.id)
              ->  Seq Scan on movie_keyword mk  (cost=0.00..81003.12 rows=4099418 width=4) (actual time=0.029..1828.506 rows=4087742 loops=1)
                    Filter: (keyword_id > 335)
                    Rows Removed by Filter: 436188
              ->  Hash  (cost=61283.27..61283.27 rows=2528527 width=4) (actual time=1868.260..1868.260 rows=2528312 loops=1)
                    Buckets: 131072  Batches: 64  Memory Usage: 2425kB
                    ->  Seq Scan on title t  (cost=0.00..61283.27 rows=2528527 width=4) (actual time=0.020..1017.742 rows=2528312 loops=1)
Planning time: 0.788 ms
Execution time: 37093.365 ms
