Hash Join  (cost=102767.86..192129.40 rows=895791 width=0) (actual time=1821.448..3815.949 rows=731879 loops=1)
  Hash Cond: (mc.movie_id = t.id)
  ->  Seq Scan on movie_companies mc  (cost=0.00..57926.93 rows=895791 width=4) (actual time=0.102..1049.975 rows=731879 loops=1)
        Filter: ((company_id > 1649) AND (company_type_id = 1))
        Rows Removed by Filter: 1877250
  ->  Hash  (cost=61283.27..61283.27 rows=2528527 width=4) (actual time=1819.924..1819.924 rows=2528312 loops=1)
        Buckets: 131072  Batches: 64  Memory Usage: 2415kB
        ->  Seq Scan on title t  (cost=0.00..61283.27 rows=2528527 width=4) (actual time=0.023..987.279 rows=2528312 loops=1)
Planning time: 0.987 ms
Execution time: 3899.011 ms
