Hash Join  (cost=102767.86..216747.91 rows=959934 width=0) (actual time=2606.156..5113.599 rows=964858 loops=1)
  Hash Cond: (mk.movie_id = t.id)
  ->  Seq Scan on movie_keyword mk  (cost=0.00..81003.12 rows=959934 width=4) (actual time=0.025..1470.712 rows=964858 loops=1)
        Filter: (keyword_id < 906)
        Rows Removed by Filter: 3559072
  ->  Hash  (cost=61283.27..61283.27 rows=2528527 width=4) (actual time=2605.327..2605.327 rows=2528312 loops=1)
        Buckets: 131072  Batches: 64  Memory Usage: 2425kB
        ->  Seq Scan on title t  (cost=0.00..61283.27 rows=2528527 width=4) (actual time=0.020..1019.227 rows=2528312 loops=1)
Planning time: 3.094 ms
Execution time: 5218.278 ms
