Seq Scan on cast_info ci  (cost=0.00..796071.18 rows=176 width=0) (actual time=12632.729..13806.806 rows=82 loops=1)
  Filter: ((role_id < 2) AND (person_id = 1678085))
  Rows Removed by Filter: 36244262
Planning time: 0.437 ms
Execution time: 13806.945 ms
