Hash Join  (cost=203390.49..1347257.49 rows=7401926 width=0) (actual time=4854.896..41519.240 rows=24910386 loops=1)
  Hash Cond: (ci.movie_id = t.id)
  ->  Seq Scan on cast_info ci  (cost=0.00..705507.15 rows=31308432 width=4) (actual time=0.018..16297.460 rows=31289239 loops=1)
        Filter: (person_id < 3176219)
        Rows Removed by Filter: 4955105
  ->  Hash  (cost=193582.08..193582.08 rows=597793 width=8) (actual time=4852.385..4852.385 rows=796135 loops=1)
        Buckets: 131072 (originally 131072)  Batches: 16 (originally 8)  Memory Usage: 3073kB
        ->  Hash Join  (cost=79303.65..193582.08 rows=597793 width=8) (actual time=1457.166..4278.945 rows=796135 loops=1)
              Hash Cond: (mk.movie_id = t.id)
              ->  Seq Scan on movie_keyword mk  (cost=0.00..81003.12 rows=2119833 width=4) (actual time=0.021..1489.947 rows=2122472 loops=1)
                    Filter: (keyword_id < 3905)
                    Rows Removed by Filter: 2401458
              ->  Hash  (cost=67604.59..67604.59 rows=713045 width=4) (actual time=1456.468..1456.468 rows=707186 loops=1)
                    Buckets: 131072  Batches: 16  Memory Usage: 2584kB
                    ->  Seq Scan on title t  (cost=0.00..67604.59 rows=713045 width=4) (actual time=0.019..1215.158 rows=707186 loops=1)
                          Filter: (production_year < 1991)
                          Rows Removed by Filter: 1821126
Planning time: 1.203 ms
Execution time: 43953.920 ms
