Hash Join  (cost=449514.42..1402473.98 rows=1927182 width=0) (actual time=17142.603..30894.266 rows=1291750 loops=1)
  Hash Cond: (ci.movie_id = t.id)
  ->  Seq Scan on cast_info ci  (cost=0.00..705507.15 rows=12726058 width=4) (actual time=5816.756..13998.218 rows=12670688 loops=1)
        Filter: (role_id = 1)
        Rows Removed by Filter: 23573656
  ->  Hash  (cost=443232.04..443232.04 rows=382910 width=8) (actual time=11324.528..11324.528 rows=174766 loops=1)
        Buckets: 131072  Batches: 8  Memory Usage: 1877kB
        ->  Hash Join  (cost=74747.02..443232.04 rows=382910 width=8) (actual time=1544.996..9829.410 rows=174766 loops=1)
              Hash Cond: (mi.movie_id = t.id)
              ->  Seq Scan on movie_info mi  (cost=0.00..309384.22 rows=14739122 width=4) (actual time=0.025..4296.892 rows=14835720 loops=1)
              ->  Hash  (cost=73925.90..73925.90 rows=65689 width=4) (actual time=1277.307..1277.307 rows=74524 loops=1)
                    Buckets: 131072  Batches: 1  Memory Usage: 3644kB
                    ->  Seq Scan on title t  (cost=0.00..73925.90 rows=65689 width=4) (actual time=0.023..1245.707 rows=74524 loops=1)
                          Filter: ((kind_id = 7) AND (production_year = 2006))
                          Rows Removed by Filter: 2453788
Planning time: 1.237 ms
Execution time: 31033.290 ms
