Hash Join  (cost=197332.20..696551.55 rows=3931816 width=0) (actual time=4530.326..16451.702 rows=2976695 loops=1)
  Hash Cond: (mi.movie_id = t.id)
  ->  Seq Scan on movie_info mi  (cost=0.00..346232.03 rows=9476311 width=4) (actual time=0.007..6405.441 rows=9565151 loops=1)
        Filter: (info_type_id < 16)
        Rows Removed by Filter: 5270569
  ->  Hash  (cost=180119.31..180119.31 rows=1049111 width=8) (actual time=4281.338..4281.338 rows=494102 loops=1)
        Buckets: 131072  Batches: 16  Memory Usage: 2227kB
        ->  Hash Join  (cost=90606.68..180119.31 rows=1049111 width=8) (actual time=1816.251..4123.402 rows=494102 loops=1)
              Hash Cond: (mc.movie_id = t.id)
              ->  Seq Scan on movie_companies mc  (cost=0.00..44881.29 rows=2609129 width=4) (actual time=0.012..948.208 rows=2609129 loops=1)
              ->  Hash  (cost=73925.90..73925.90 rows=1016702 width=4) (actual time=1584.240..1584.240 rows=960113 loops=1)
                    Buckets: 131072  Batches: 16  Memory Usage: 3135kB
                    ->  Seq Scan on title t  (cost=0.00..73925.90 rows=1016702 width=4) (actual time=379.624..1295.830 rows=960113 loops=1)
                          Filter: ((production_year < 2008) AND (kind_id = 7))
                          Rows Removed by Filter: 1568199
Planning time: 0.768 ms
Execution time: 16806.609 ms
