Seq Scan on movie_keyword mk  (cost=0.00..81003.12 rows=1583458 width=0) (actual time=0.020..1265.780 rows=1591002 loops=1)
  Filter: (keyword_id < 2440)
  Rows Removed by Filter: 2932928
Planning time: 0.317 ms
Execution time: 1466.348 ms
