Hash Join  (cost=798388.90..1163060.92 rows=1609 width=0) (actual time=13717.533..20658.756 rows=374 loops=1)
  Hash Cond: (mi.movie_id = t.id)
  ->  Seq Scan on movie_info mi  (cost=0.00..309384.22 rows=14739122 width=4) (actual time=0.011..4319.332 rows=14835720 loops=1)
  ->  Hash  (cost=798385.45..798385.45 rows=276 width=8) (actual time=13700.203..13700.203 rows=42 loops=1)
        Buckets: 1024  Batches: 1  Memory Usage: 10kB
        ->  Nested Loop  (cost=0.43..798385.45 rows=276 width=8) (actual time=2296.571..13700.172 rows=42 loops=1)
              ->  Seq Scan on cast_info ci  (cost=0.00..796071.18 rows=276 width=4) (actual time=2296.461..13696.174 rows=42 loops=1)
                    Filter: ((role_id < 3) AND (person_id = 90904))
                    Rows Removed by Filter: 36244302
              ->  Index Only Scan using title_pkey on title t  (cost=0.43..8.38 rows=1 width=4) (actual time=0.093..0.094 rows=1 loops=42)
                    Index Cond: (id = ci.movie_id)
                    Heap Fetches: 42
Planning time: 1.231 ms
Execution time: 20659.055 ms
