Hash Join  (cost=86616.10..574427.57 rows=2898727 width=0) (actual time=2123.857..14397.357 rows=5022299 loops=1)
  Hash Cond: (mi.movie_id = t.id)
  ->  Seq Scan on movie_info mi  (cost=0.00..346232.03 rows=9476311 width=4) (actual time=800.283..6743.327 rows=9565151 loops=1)
        Filter: (info_type_id < 16)
        Rows Removed by Filter: 5270569
  ->  Hash  (cost=73925.90..73925.90 rows=773456 width=4) (actual time=1322.542..1322.542 rows=683462 loops=1)
        Buckets: 131072  Batches: 16  Memory Usage: 2535kB
        ->  Seq Scan on title t  (cost=0.00..73925.90 rows=773456 width=4) (actual time=0.034..1111.572 rows=683462 loops=1)
              Filter: ((kind_id < 7) AND (production_year > 1977))
              Rows Removed by Filter: 1844850
Planning time: 0.924 ms
Execution time: 14943.987 ms
