Hash Join  (cost=58358.90..85247.40 rows=9 width=0) (actual time=1147.824..1452.419 rows=4 loops=1)
  Hash Cond: (mi_idx.movie_id = t.id)
  ->  Seq Scan on movie_info_idx mi_idx  (cost=0.00..25185.44 rows=454124 width=4) (actual time=0.025..470.502 rows=459925 loops=1)
        Filter: (info_type_id = 100)
        Rows Removed by Filter: 920110
  ->  Hash  (cost=58358.27..58358.27 rows=51 width=8) (actual time=914.408..914.408 rows=19 loops=1)
        Buckets: 1024  Batches: 1  Memory Usage: 9kB
        ->  Nested Loop  (cost=0.43..58358.27 rows=51 width=8) (actual time=228.266..914.372 rows=19 loops=1)
              ->  Seq Scan on movie_companies mc  (cost=0.00..57926.93 rows=51 width=4) (actual time=228.140..913.275 rows=19 loops=1)
                    Filter: ((company_id = 3568) AND (company_type_id = 1))
                    Rows Removed by Filter: 2609110
              ->  Index Only Scan using title_pkey on title t  (cost=0.43..8.45 rows=1 width=4) (actual time=0.050..0.051 rows=1 loops=19)
                    Index Cond: (id = mc.movie_id)
                    Heap Fetches: 19
Planning time: 1.214 ms
Execution time: 1452.520 ms
