Hash Join  (cost=123385.82..219697.54 rows=110037 width=0) (actual time=2748.468..5002.833 rows=1246683 loops=1)
  Hash Cond: (mk.movie_id = t.id)
  ->  Seq Scan on movie_keyword mk  (cost=0.00..81003.12 rows=1146727 width=4) (actual time=0.024..1422.929 rows=1163608 loops=1)
        Filter: (keyword_id > 16106)
        Rows Removed by Filter: 3360322
  ->  Hash  (cost=119404.94..119404.94 rows=242631 width=8) (actual time=2674.485..2674.485 rows=420020 loops=1)
        Buckets: 131072 (originally 131072)  Batches: 8 (originally 4)  Memory Usage: 3092kB
        ->  Hash Join  (cost=78556.72..119404.94 rows=242631 width=8) (actual time=1481.196..2545.366 rows=420020 loops=1)
              Hash Cond: (mi_idx.movie_id = t.id)
              ->  Seq Scan on movie_info_idx mi_idx  (cost=0.00..25185.44 rows=919057 width=4) (actual time=0.023..537.270 rows=920110 loops=1)
                    Filter: (info_type_id > 99)
                    Rows Removed by Filter: 459925
              ->  Hash  (cost=67604.59..67604.59 rows=667531 width=4) (actual time=1336.439..1336.439 rows=662825 loops=1)
                    Buckets: 131072  Batches: 16  Memory Usage: 2476kB
                    ->  Seq Scan on title t  (cost=0.00..67604.59 rows=667531 width=4) (actual time=5.823..1125.332 rows=662825 loops=1)
                          Filter: (kind_id = 1)
                          Rows Removed by Filter: 1865487
Planning time: 1.143 ms
Execution time: 5156.211 ms
