Hash Join  (cost=158839.42..1214722.74 rows=2149316 width=0) (actual time=3154.156..34042.270 rows=4385373 loops=1)
  Hash Cond: (ci.movie_id = t.id)
  ->  Seq Scan on cast_info ci  (cost=0.00..614943.12 rows=36225612 width=4) (actual time=0.018..12270.776 rows=36244344 loops=1)
  ->  Hash  (cost=156377.16..156377.16 rows=150021 width=8) (actual time=3152.448..3152.448 rows=182760 loops=1)
        Buckets: 131072 (originally 131072)  Batches: 4 (originally 2)  Memory Usage: 3073kB
        ->  Hash Join  (cost=88544.52..156377.16 rows=150021 width=8) (actual time=1634.470..3087.698 rows=182760 loops=1)
              Hash Cond: (mc.movie_id = t.id)
              ->  Seq Scan on movie_companies mc  (cost=0.00..57926.93 rows=425732 width=4) (actual time=15.644..965.314 rows=610069 loops=1)
                    Filter: ((company_id < 2536) AND (company_type_id = 1))
                    Rows Removed by Filter: 1999060
              ->  Hash  (cost=73925.90..73925.90 rows=891009 width=4) (actual time=1617.537..1617.537 rows=800991 loops=1)
                    Buckets: 131072  Batches: 16  Memory Usage: 2786kB
                    ->  Seq Scan on title t  (cost=0.00..73925.90 rows=891009 width=4) (actual time=0.028..1355.181 rows=800991 loops=1)
                          Filter: ((kind_id > 3) AND (production_year < 2005))
                          Rows Removed by Filter: 1727321
Planning time: 1.232 ms
Execution time: 34574.125 ms
