Hash Join  (cost=557290.36..1828492.58 rows=23624059 width=0) (actual time=11108.435..42416.633 rows=11741748 loops=1)
  Hash Cond: (ci.movie_id = t.id)
  ->  Seq Scan on cast_info ci  (cost=0.00..705507.15 rows=24984493 width=4) (actual time=364.892..15503.767 rows=25080087 loops=1)
        Filter: (person_id > 1095575)
        Rows Removed by Filter: 11164257
  ->  Hash  (cost=518064.78..518064.78 rows=2390846 width=8) (actual time=10742.143..10742.143 rows=927808 loops=1)
        Buckets: 131072  Batches: 32  Memory Usage: 2148kB
        ->  Hash Join  (cost=94973.51..518064.78 rows=2390846 width=8) (actual time=2377.960..10491.033 rows=927808 loops=1)
              Hash Cond: (mi.movie_id = t.id)
              ->  Seq Scan on movie_info mi  (cost=0.00..346232.03 rows=3623957 width=4) (actual time=151.761..5951.204 rows=3624977 loops=1)
                    Filter: (info_type_id < 4)
                    Rows Removed by Filter: 11210743
              ->  Hash  (cost=67604.59..67604.59 rows=1668154 width=4) (actual time=2224.999..2224.999 rows=1674098 loops=1)
                    Buckets: 131072  Batches: 32  Memory Usage: 2875kB
                    ->  Seq Scan on title t  (cost=0.00..67604.59 rows=1668154 width=4) (actual time=0.023..1370.885 rows=1674098 loops=1)
                          Filter: (kind_id > 3)
                          Rows Removed by Filter: 854214
Planning time: 0.767 ms
Execution time: 43722.173 ms
