Hash Join  (cost=89201.08..1212641.77 rows=10006898 width=0) (actual time=1650.382..34659.922 rows=8946052 loops=1)
  Hash Cond: (ci.movie_id = t.id)
  ->  Seq Scan on cast_info ci  (cost=0.00..705507.15 rows=27176416 width=4) (actual time=0.015..15697.408 rows=27189767 loops=1)
        Filter: (person_id < 2791692)
        Rows Removed by Filter: 9054577
  ->  Hash  (cost=73925.90..73925.90 rows=931054 width=4) (actual time=1648.784..1648.784 rows=852178 loops=1)
        Buckets: 131072  Batches: 16  Memory Usage: 2899kB
        ->  Seq Scan on title t  (cost=0.00..73925.90 rows=931054 width=4) (actual time=0.015..1371.223 rows=852178 loops=1)
              Filter: ((kind_id > 1) AND (production_year < 2004))
              Rows Removed by Filter: 1676134
Planning time: 0.750 ms
Execution time: 35759.282 ms
