Hash Join  (cost=126742.08..1195524.10 rows=3404991 width=0) (actual time=2591.473..35814.272 rows=10068066 loops=1)
  Hash Cond: (ci.movie_id = t.id)
  ->  Seq Scan on cast_info ci  (cost=0.00..614943.12 rows=36225612 width=4) (actual time=0.016..13900.965 rows=36244344 loops=1)
  ->  Hash  (cost=122842.26..122842.26 rows=237666 width=8) (actual time=2590.565..2590.565 rows=318684 loops=1)
        Buckets: 131072 (originally 131072)  Batches: 8 (originally 4)  Memory Usage: 3073kB
        ->  Hash Join  (cost=81071.12..122842.26 rows=237666 width=8) (actual time=1528.632..2489.087 rows=318684 loops=1)
              Hash Cond: (mi_idx.movie_id = t.id)
              ->  Seq Scan on movie_info_idx mi_idx  (cost=0.00..21735.35 rows=1380035 width=4) (actual time=0.024..463.256 rows=1380035 loops=1)
              ->  Hash  (cost=73925.90..73925.90 rows=435457 width=4) (actual time=1296.029..1296.029 rows=314685 loops=1)
                    Buckets: 131072  Batches: 8  Memory Usage: 2411kB
                    ->  Seq Scan on title t  (cost=0.00..73925.90 rows=435457 width=4) (actual time=25.166..1190.449 rows=314685 loops=1)
                          Filter: ((production_year > 1994) AND (kind_id = 1))
                          Rows Removed by Filter: 2213627
Planning time: 2.390 ms
Execution time: 37019.122 ms
