Hash Join  (cost=88391.98..877289.30 rows=1852293 width=0) (actual time=1572.150..16722.865 rows=1625939 loops=1)
  Hash Cond: (ci.movie_id = t.id)
  ->  Seq Scan on cast_info ci  (cost=0.00..705507.15 rows=5312064 width=4) (actual time=0.082..11734.181 rows=5219477 loops=1)
        Filter: (person_id < 504808)
        Rows Removed by Filter: 31024867
  ->  Hash  (cost=73925.90..73925.90 rows=881686 width=4) (actual time=1568.821..1568.821 rows=801513 loops=1)
        Buckets: 131072  Batches: 16  Memory Usage: 2786kB
        ->  Seq Scan on title t  (cost=0.00..73925.90 rows=881686 width=4) (actual time=0.016..1304.129 rows=801513 loops=1)
              Filter: ((production_year < 2006) AND (kind_id = 7))
              Rows Removed by Filter: 1726799
Planning time: 0.806 ms
Execution time: 16924.087 ms
