Hash Join  (cost=215590.86..330400.67 rows=874844 width=0) (actual time=4837.308..8771.011 rows=7356094 loops=1)
  Hash Cond: (mk.movie_id = t.id)
  ->  Seq Scan on movie_keyword mk  (cost=0.00..81003.12 rows=1736866 width=4) (actual time=0.019..1553.308 rows=1745781 loops=1)
        Filter: (keyword_id > 7996)
        Rows Removed by Filter: 2778149
  ->  Hash  (cost=194695.91..194695.91 rows=1273596 width=8) (actual time=4832.823..4832.823 rows=1263574 loops=1)
        Buckets: 131072  Batches: 32  Memory Usage: 2590kB
        ->  Hash Join  (cost=102767.86..194695.91 rows=1273596 width=8) (actual time=2052.269..4473.778 rows=1263574 loops=1)
              Hash Cond: (mc.movie_id = t.id)
              ->  Seq Scan on movie_companies mc  (cost=0.00..51404.11 rows=1273596 width=4) (actual time=0.011..1038.536 rows=1263574 loops=1)
                    Filter: (company_id < 11203)
                    Rows Removed by Filter: 1345555
              ->  Hash  (cost=61283.27..61283.27 rows=2528527 width=4) (actual time=2050.859..2050.859 rows=2528312 loops=1)
                    Buckets: 131072  Batches: 64  Memory Usage: 2415kB
                    ->  Seq Scan on title t  (cost=0.00..61283.27 rows=2528527 width=4) (actual time=0.010..1202.418 rows=2528312 loops=1)
Planning time: 1.030 ms
Execution time: 9513.589 ms
