Seq Scan on cast_info ci  (cost=0.00..796071.18 rows=276 width=0) (actual time=11341.894..14099.673 rows=742 loops=1)
  Filter: ((role_id < 3) AND (person_id = 1737398))
  Rows Removed by Filter: 36243602
Planning time: 0.420 ms
Execution time: 14099.841 ms
