Hash Join  (cost=83072.39..836302.65 rows=42 width=0) (actual time=4777.541..16333.453 rows=733 loops=1)
  Hash Cond: (ci.movie_id = t.id)
  ->  Seq Scan on cast_info ci  (cost=0.00..705507.15 rows=12726058 width=4) (actual time=3453.335..13331.814 rows=12670688 loops=1)
        Filter: (role_id < 2)
        Rows Removed by Filter: 23573656
  ->  Hash  (cost=83072.29..83072.29 rows=8 width=8) (actual time=1309.228..1309.228 rows=86 loops=1)
        Buckets: 1024  Batches: 1  Memory Usage: 12kB
        ->  Nested Loop  (cost=0.43..83072.29 rows=8 width=8) (actual time=12.231..1309.093 rows=86 loops=1)
              ->  Seq Scan on movie_keyword mk  (cost=0.00..81003.12 rows=246 width=4) (actual time=0.042..1259.342 rows=1593 loops=1)
                    Filter: (keyword_id = 13751)
                    Rows Removed by Filter: 4522337
              ->  Index Scan using title_pkey on title t  (cost=0.43..8.40 rows=1 width=4) (actual time=0.030..0.030 rows=0 loops=1593)
                    Index Cond: (id = mk.movie_id)
                    Filter: (production_year = 2004)
                    Rows Removed by Filter: 1
Planning time: 1.166 ms
Execution time: 16334.073 ms
