Hash Join  (cost=124172.05..201717.57 rows=181000 width=0) (actual time=2911.151..4835.118 rows=932006 loops=1)
  Hash Cond: (mc.movie_id = t.id)
  ->  Seq Scan on movie_companies mc  (cost=0.00..44881.29 rows=2609129 width=4) (actual time=0.009..882.354 rows=2609129 loops=1)
  ->  Hash  (cost=121293.45..121293.45 rows=175408 width=8) (actual time=2641.585..2641.585 rows=248902 loops=1)
        Buckets: 131072  Batches: 4  Memory Usage: 3448kB
        ->  Hash Join  (cost=81878.30..121293.45 rows=175408 width=8) (actual time=1459.273..2565.523 rows=248902 loops=1)
              Hash Cond: (mi_idx.movie_id = t.id)
              ->  Seq Scan on movie_info_idx mi_idx  (cost=0.00..25185.44 rows=915101 width=4) (actual time=0.009..571.200 rows=919850 loops=1)
                    Filter: (info_type_id < 101)
                    Rows Removed by Filter: 460185
              ->  Hash  (cost=73925.90..73925.90 rows=484672 width=4) (actual time=1458.407..1458.407 rows=355227 loops=1)
                    Buckets: 131072  Batches: 8  Memory Usage: 2591kB
                    ->  Seq Scan on title t  (cost=0.00..73925.90 rows=484672 width=4) (actual time=249.152..1345.221 rows=355227 loops=1)
                          Filter: ((production_year > 1986) AND (kind_id = 1))
                          Rows Removed by Filter: 2173085
Planning time: 0.826 ms
Execution time: 4944.791 ms
