Hash Join  (cost=1058797.59..1817198.55 rows=20929732 width=0) (actual time=22941.610..42910.464 rows=19839540 loops=1)
  Hash Cond: (mi.movie_id = t.id)
  ->  Seq Scan on movie_info mi  (cost=0.00..309384.22 rows=14739122 width=4) (actual time=0.010..6285.434 rows=14835720 loops=1)
  ->  Hash  (cost=999889.86..999889.86 rows=3590539 width=8) (actual time=22938.879..22938.879 rows=4352048 loops=1)
        Buckets: 131072  Batches: 64  Memory Usage: 3659kB
        ->  Hash Join  (cost=98137.04..999889.86 rows=3590539 width=8) (actual time=10333.854..21610.070 rows=4352048 loops=1)
              Hash Cond: (ci.movie_id = t.id)
              ->  Seq Scan on cast_info ci  (cost=0.00..796071.18 rows=4878450 width=4) (actual time=8458.371..14659.093 rows=5770933 loops=1)
                    Filter: ((person_id < 2480130) AND (role_id = 2))
                    Rows Removed by Filter: 30473411
              ->  Hash  (cost=67604.59..67604.59 rows=1860996 width=4) (actual time=1874.710..1874.710 rows=1865487 loops=1)
                    Buckets: 131072  Batches: 32  Memory Usage: 3079kB
                    ->  Seq Scan on title t  (cost=0.00..67604.59 rows=1860996 width=4) (actual time=0.024..1275.662 rows=1865487 loops=1)
                          Filter: (kind_id > 1)
                          Rows Removed by Filter: 662825
Planning time: 2.515 ms
Execution time: 45134.959 ms
