Hash Join  (cost=96651.52..239145.36 rows=1928538 width=0) (actual time=1829.160..5405.115 rows=846809 loops=1)
  Hash Cond: (mk.movie_id = t.id)
  ->  Seq Scan on movie_keyword mk  (cost=0.00..81003.12 rows=2754267 width=4) (actual time=0.020..1723.739 rows=2749277 loops=1)
        Filter: (keyword_id < 7809)
        Rows Removed by Filter: 1774653
  ->  Hash  (cost=67604.59..67604.59 rows=1770475 width=4) (actual time=1827.642..1827.642 rows=1774635 loops=1)
        Buckets: 131072  Batches: 32  Memory Usage: 2984kB
        ->  Seq Scan on title t  (cost=0.00..67604.59 rows=1770475 width=4) (actual time=0.020..1242.754 rows=1774635 loops=1)
              Filter: (kind_id > 2)
              Rows Removed by Filter: 753677
Planning time: 0.717 ms
Execution time: 5513.357 ms
