Seq Scan on movie_companies mc  (cost=0.00..57926.93 rows=928580 width=0) (actual time=0.029..965.626 rows=609432 loops=1)
  Filter: ((company_id < 31158) AND (company_type_id = 2))
  Rows Removed by Filter: 1999697
Planning time: 0.393 ms
Execution time: 1041.259 ms
