Hash Join  (cost=67697.55..94599.31 rows=1336 width=0) (actual time=1053.362..1600.765 rows=1761 loops=1)
  Hash Cond: (mi_idx.movie_id = t.id)
  ->  Seq Scan on movie_info_idx mi_idx  (cost=0.00..25185.44 rows=454124 width=4) (actual time=0.022..454.479 rows=459925 loops=1)
        Filter: (info_type_id = 100)
        Rows Removed by Filter: 920110
  ->  Hash  (cost=67604.59..67604.59 rows=7437 width=4) (actual time=1052.738..1052.738 rows=8007 loops=1)
        Buckets: 8192  Batches: 1  Memory Usage: 346kB
        ->  Seq Scan on title t  (cost=0.00..67604.59 rows=7437 width=4) (actual time=0.024..1048.775 rows=8007 loops=1)
              Filter: (production_year = 1955)
              Rows Removed by Filter: 2520305
Planning time: 0.823 ms
Execution time: 1601.289 ms
