Seq Scan on cast_info ci  (cost=0.00..796071.18 rows=12340389 width=0) (actual time=1540.066..15511.159 rows=7491596 loops=1)
  Filter: ((person_id < 2825535) AND (role_id > 2))
  Rows Removed by Filter: 28752748
Planning time: 0.377 ms
Execution time: 16438.724 ms
