Hash Join  (cost=76067.34..978180.77 rows=1560099 width=0) (actual time=8466.383..18823.418 rows=567686 loops=1)
  Hash Cond: (ci.movie_id = t.id)
  ->  Seq Scan on cast_info ci  (cost=0.00..796071.18 rows=7647536 width=4) (actual time=6590.830..14296.739 rows=3959667 loops=1)
        Filter: ((person_id < 2961888) AND (role_id > 4))
        Rows Removed by Filter: 32284677
  ->  Hash  (cost=67604.59..67604.59 rows=515820 width=4) (actual time=1874.460..1874.460 rows=508955 loops=1)
        Buckets: 131072  Batches: 8  Memory Usage: 3255kB
        ->  Seq Scan on title t  (cost=0.00..67604.59 rows=515820 width=4) (actual time=0.012..1150.849 rows=508955 loops=1)
              Filter: (production_year < 1980)
              Rows Removed by Filter: 2019357
Planning time: 0.867 ms
Execution time: 18887.497 ms
