Nested Loop  (cost=0.43..83072.29 rows=65 width=0) (actual time=6.116..1235.159 rows=260 loops=1)
  ->  Seq Scan on movie_keyword mk  (cost=0.00..81003.12 rows=246 width=4) (actual time=6.072..1216.482 rows=351 loops=1)
        Filter: (keyword_id = 5818)
        Rows Removed by Filter: 4523579
  ->  Index Scan using title_pkey on title t  (cost=0.43..8.40 rows=1 width=4) (actual time=0.050..0.051 rows=1 loops=351)
        Index Cond: (id = mk.movie_id)
        Filter: (kind_id = 1)
        Rows Removed by Filter: 0
Planning time: 0.802 ms
Execution time: 1235.400 ms
