Hash Join  (cost=145587.44..275048.81 rows=612233 width=0) (actual time=3080.716..6844.643 rows=958487 loops=1)
  Hash Cond: (mk.movie_id = t.id)
  ->  Seq Scan on movie_keyword mk  (cost=0.00..69693.30 rows=4523930 width=4) (actual time=0.023..1538.880 rows=4523930 loops=1)
  ->  Hash  (cost=139973.05..139973.05 rows=342191 width=8) (actual time=3079.182..3079.182 rows=250045 loops=1)
        Buckets: 131072  Batches: 8  Memory Usage: 2254kB
        ->  Hash Join  (cost=98137.04..139973.05 rows=342191 width=8) (actual time=1873.354..2993.687 rows=250045 loops=1)
              Hash Cond: (mi_idx.movie_id = t.id)
              ->  Seq Scan on movie_info_idx mi_idx  (cost=0.00..25185.44 rows=464934 width=4) (actual time=0.022..485.799 rows=460185 loops=1)
                    Filter: (info_type_id > 100)
                    Rows Removed by Filter: 919850
              ->  Hash  (cost=67604.59..67604.59 rows=1860996 width=4) (actual time=1872.502..1872.502 rows=1865487 loops=1)
                    Buckets: 131072  Batches: 32  Memory Usage: 3079kB
                    ->  Seq Scan on title t  (cost=0.00..67604.59 rows=1860996 width=4) (actual time=0.018..1269.816 rows=1865487 loops=1)
                          Filter: (kind_id > 1)
                          Rows Removed by Filter: 662825
Planning time: 1.126 ms
Execution time: 6967.458 ms
