Hash Join  (cost=551344.44..1950992.32 rows=31205365 width=0) (actual time=12122.263..53801.518 rows=36762717 loops=1)
  Hash Cond: (ci.movie_id = t.id)
  ->  Seq Scan on cast_info ci  (cost=0.00..614943.12 rows=36225612 width=4) (actual time=0.024..13790.210 rows=36244344 loops=1)
  ->  Hash  (cost=515608.98..515608.98 rows=2178117 width=8) (actual time=12121.407..12121.407 rows=1972357 loops=1)
        Buckets: 131072  Batches: 32  Memory Usage: 3407kB
        ->  Hash Join  (cost=85777.42..515608.98 rows=2178117 width=8) (actual time=3436.322..11577.358 rows=1972357 loops=1)
              Hash Cond: (mi.movie_id = t.id)
              ->  Seq Scan on movie_info mi  (cost=0.00..346232.03 rows=4972096 width=4) (actual time=1453.819..6273.595 rows=4923966 loops=1)
                    Filter: (info_type_id < 5)
                    Rows Removed by Filter: 9911754
              ->  Hash  (cost=67604.59..67604.59 rows=1107667 width=4) (actual time=1981.599..1981.599 rows=1107925 loops=1)
                    Buckets: 131072  Batches: 16  Memory Usage: 3466kB
                    ->  Seq Scan on title t  (cost=0.00..67604.59 rows=1107667 width=4) (actual time=0.048..1311.904 rows=1107925 loops=1)
                          Filter: (production_year > 2004)
                          Rows Removed by Filter: 1420387
Planning time: 1.206 ms
Execution time: 57774.622 ms
