Seq Scan on movie_companies mc  (cost=0.00..51404.11 rows=1274380 width=0) (actual time=0.033..973.157 rows=1285466 loops=1)
  Filter: (company_id > 11382)
  Rows Removed by Filter: 1323663
Planning time: 0.336 ms
Execution time: 1133.946 ms
