Nested Loop  (cost=0.43..83071.67 rows=246 width=0) (actual time=0.803..1274.756 rows=1251 loops=1)
  ->  Seq Scan on movie_keyword mk  (cost=0.00..81003.12 rows=246 width=4) (actual time=0.744..1222.905 rows=1251 loops=1)
        Filter: (keyword_id = 3040)
        Rows Removed by Filter: 4522679
  ->  Index Only Scan using title_pkey on title t  (cost=0.43..8.40 rows=1 width=4) (actual time=0.040..0.040 rows=1 loops=1251)
        Index Cond: (id = mk.movie_id)
        Heap Fetches: 1251
Planning time: 0.773 ms
Execution time: 1275.350 ms
