Hash Join  (cost=280335.41..910257.42 rows=12342119 width=0) (actual time=5539.706..20094.916 rows=5458038 loops=1)
  Hash Cond: (mi.movie_id = t.id)
  ->  Seq Scan on movie_info mi  (cost=0.00..309384.22 rows=14739122 width=4) (actual time=0.020..6625.807 rows=14835720 loops=1)
  ->  Hash  (cost=245597.96..245597.96 rows=2117316 width=8) (actual time=5538.145..5538.145 rows=515167 loops=1)
        Buckets: 131072  Batches: 32  Memory Usage: 1649kB
        ->  Hash Join  (cost=92883.59..245597.96 rows=2117316 width=8) (actual time=2192.886..5382.152 rows=515167 loops=1)
              Hash Cond: (mk.movie_id = t.id)
              ->  Seq Scan on movie_keyword mk  (cost=0.00..81003.12 rows=3474618 width=4) (actual time=0.021..1741.242 rows=3466287 loops=1)
                    Filter: (keyword_id > 1050)
                    Rows Removed by Filter: 1057643
              ->  Hash  (cost=67604.59..67604.59 rows=1540800 width=4) (actual time=1658.151..1658.151 rows=1543264 loops=1)
                    Buckets: 131072  Batches: 32  Memory Usage: 2728kB
                    ->  Seq Scan on title t  (cost=0.00..67604.59 rows=1540800 width=4) (actual time=0.017..1161.739 rows=1543264 loops=1)
                          Filter: (kind_id = 7)
                          Rows Removed by Filter: 985048
Planning time: 1.169 ms
Execution time: 20683.928 ms
