Seq Scan on movie_keyword mk  (cost=0.00..81003.12 rows=3386759 width=0) (actual time=0.014..1605.348 rows=3377633 loops=1)
  Filter: (keyword_id > 1308)
  Rows Removed by Filter: 1146297
Planning time: 0.329 ms
Execution time: 2032.198 ms
