Hash Join  (cost=70534.51..435191.43 rows=99 width=0) (actual time=1115.738..8072.439 rows=331 loops=1)
  Hash Cond: (mi.movie_id = t.id)
  ->  Seq Scan on movie_info mi  (cost=0.00..309384.22 rows=14739122 width=4) (actual time=0.017..4477.267 rows=14835720 loops=1)
  ->  Hash  (cost=70534.30..70534.30 rows=17 width=8) (actual time=930.513..930.513 rows=15 loops=1)
        Buckets: 1024  Batches: 1  Memory Usage: 9kB
        ->  Nested Loop  (cost=0.43..70534.30 rows=17 width=8) (actual time=36.004..930.491 rows=15 loops=1)
              ->  Seq Scan on movie_companies mc  (cost=0.00..51404.11 rows=2435 width=4) (actual time=12.375..837.002 rows=2411 loops=1)
                    Filter: (company_id = 708)
                    Rows Removed by Filter: 2606718
              ->  Index Scan using title_pkey on title t  (cost=0.43..7.85 rows=1 width=4) (actual time=0.038..0.038 rows=0 loops=2411)
                    Index Cond: (id = mc.movie_id)
                    Filter: ((kind_id = 1) AND (production_year = 2003))
                    Rows Removed by Filter: 1
Planning time: 2.100 ms
Execution time: 8072.730 ms
