Hash Join  (cost=844473.77..1291377.55 rows=1160088 width=0) (actual time=26708.848..30309.315 rows=1610226 loops=1)
  Hash Cond: (mi.movie_id = t.id)
  ->  Seq Scan on movie_info mi  (cost=0.00..346232.03 rows=3068194 width=4) (actual time=2910.156..4443.350 rows=3036719 loops=1)
        Filter: (info_type_id = 16)
        Rows Removed by Filter: 11799001
  ->  Hash  (cost=828788.28..828788.28 rows=956039 width=8) (actual time=23796.074..23796.074 rows=986696 loops=1)
        Buckets: 131072  Batches: 16  Memory Usage: 3435kB
        ->  Hash Join  (cost=68438.72..828788.28 rows=956039 width=8) (actual time=1101.782..21780.247 rows=986696 loops=1)
              Hash Cond: (ci.movie_id = t.id)
              ->  Seq Scan on cast_info ci  (cost=0.00..614943.12 rows=36225612 width=4) (actual time=0.017..8658.784 rows=36244344 loops=1)
              ->  Hash  (cost=67604.59..67604.59 rows=66731 width=4) (actual time=1100.796..1100.796 rows=67342 loops=1)
                    Buckets: 131072  Batches: 1  Memory Usage: 3392kB
                    ->  Seq Scan on title t  (cost=0.00..67604.59 rows=66731 width=4) (actual time=0.018..1072.213 rows=67342 loops=1)
                          Filter: (production_year > 2012)
                          Rows Removed by Filter: 2460970
Planning time: 1.125 ms
Execution time: 30516.947 ms
