Hash Join  (cost=102767.86..175337.11 rows=468993 width=0) (actual time=1907.647..3614.927 rows=466280 loops=1)
  Hash Cond: (mc.movie_id = t.id)
  ->  Seq Scan on movie_companies mc  (cost=0.00..51404.11 rows=468993 width=4) (actual time=0.018..878.886 rows=466280 loops=1)
        Filter: (company_id < 401)
        Rows Removed by Filter: 2142849
  ->  Hash  (cost=61283.27..61283.27 rows=2528527 width=4) (actual time=1906.427..1906.427 rows=2528312 loops=1)
        Buckets: 131072  Batches: 64  Memory Usage: 2415kB
        ->  Seq Scan on title t  (cost=0.00..61283.27 rows=2528527 width=4) (actual time=0.019..1064.170 rows=2528312 loops=1)
Planning time: 1.236 ms
Execution time: 3672.587 ms
