Hash Join  (cost=69694.50..534276.18 rows=491931 width=0) (actual time=1152.790..11542.637 rows=439924 loops=1)
  Hash Cond: (mi.movie_id = t.id)
  ->  Seq Scan on movie_info mi  (cost=0.00..346232.03 rows=9767026 width=4) (actual time=0.020..6688.478 rows=9911754 loops=1)
        Filter: (info_type_id > 4)
        Rows Removed by Filter: 4923966
  ->  Hash  (cost=67604.59..67604.59 rows=127353 width=4) (actual time=1152.093..1152.093 rows=128696 loops=1)
        Buckets: 131072  Batches: 2  Memory Usage: 3290kB
        ->  Seq Scan on title t  (cost=0.00..67604.59 rows=127353 width=4) (actual time=0.015..1102.527 rows=128696 loops=1)
              Filter: (production_year = 2009)
              Rows Removed by Filter: 2399616
Planning time: 0.747 ms
Execution time: 11602.541 ms
