Seq Scan on title t  (cost=0.00..73925.90 rows=70884 width=0) (actual time=0.035..1231.851 rows=77795 loops=1)
  Filter: ((production_year > 1977) AND (kind_id = 2))
  Rows Removed by Filter: 2450517
Planning time: 0.414 ms
Execution time: 1247.109 ms
