Hash Join  (cost=98659.04..180915.48 rows=792727 width=0) (actual time=2093.540..4310.242 rows=568825 loops=1)
  Hash Cond: (mc.movie_id = t.id)
  ->  Seq Scan on movie_companies mc  (cost=0.00..51404.11 rows=1329612 width=4) (actual time=58.492..999.004 rows=1334883 loops=1)
        Filter: (company_type_id = 2)
        Rows Removed by Filter: 1274246
  ->  Hash  (cost=73925.90..73925.90 rows=1507531 width=4) (actual time=2034.123..2034.123 rows=1630311 loops=1)
        Buckets: 131072  Batches: 32  Memory Usage: 2822kB
        ->  Seq Scan on title t  (cost=0.00..73925.90 rows=1507531 width=4) (actual time=0.026..1502.412 rows=1630311 loops=1)
              Filter: ((kind_id > 1) AND (production_year > 1972))
              Rows Removed by Filter: 898001
Planning time: 0.525 ms
Execution time: 4381.514 ms
