Seq Scan on movie_companies mc  (cost=0.00..57926.93 rows=1640 width=0) (actual time=247.974..803.956 rows=18 loops=1)
  Filter: ((company_id = 46) AND (company_type_id = 2))
  Rows Removed by Filter: 2609111
Planning time: 0.370 ms
Execution time: 804.053 ms
