Seq Scan on movie_keyword mk  (cost=0.00..81003.12 rows=2057842 width=0) (actual time=0.016..1438.166 rows=2070661 loops=1)
  Filter: (keyword_id < 3666)
  Rows Removed by Filter: 2453269
Planning time: 0.352 ms
Execution time: 1685.435 ms
