Hash Join  (cost=86935.43..522947.15 rows=1849312 width=0) (actual time=2397.888..10745.751 rows=1194626 loops=1)
  Hash Cond: (mi.movie_id = t.id)
  ->  Seq Scan on movie_info mi  (cost=0.00..346232.03 rows=5897221 width=4) (actual time=873.201..6099.970 rows=5884963 loops=1)
        Filter: (info_type_id < 7)
        Rows Removed by Filter: 8950757
  ->  Hash  (cost=73925.90..73925.90 rows=792922 width=4) (actual time=1523.812..1523.812 rows=692469 loops=1)
        Buckets: 131072  Batches: 16  Memory Usage: 2555kB
        ->  Seq Scan on title t  (cost=0.00..73925.90 rows=792922 width=4) (actual time=0.015..1290.754 rows=692469 loops=1)
              Filter: ((kind_id > 1) AND (production_year < 2001))
              Rows Removed by Filter: 1835843
Planning time: 0.849 ms
Execution time: 10880.790 ms
