Hash Join  (cost=83074.74..804788.00 rows=420 width=0) (actual time=4924.296..14628.446 rows=803 loops=1)
  Hash Cond: (ci.movie_id = t.id)
  ->  Seq Scan on cast_info ci  (cost=0.00..705507.15 rows=4320508 width=4) (actual time=3747.583..12845.113 rows=4323018 loops=1)
        Filter: (role_id = 10)
        Rows Removed by Filter: 31921326
  ->  Hash  (cost=83071.67..83071.67 rows=246 width=8) (actual time=1175.249..1175.249 rows=171 loops=1)
        Buckets: 1024  Batches: 1  Memory Usage: 15kB
        ->  Nested Loop  (cost=0.43..83071.67 rows=246 width=8) (actual time=0.820..1175.045 rows=171 loops=1)
              ->  Seq Scan on movie_keyword mk  (cost=0.00..81003.12 rows=246 width=4) (actual time=0.752..1169.003 rows=171 loops=1)
                    Filter: (keyword_id = 21169)
                    Rows Removed by Filter: 4523759
              ->  Index Only Scan using title_pkey on title t  (cost=0.43..8.40 rows=1 width=4) (actual time=0.032..0.032 rows=1 loops=171)
                    Index Cond: (id = mk.movie_id)
                    Heap Fetches: 171
Planning time: 1.151 ms
Execution time: 14628.938 ms
