Hash Join  (cost=74296.30..440679.52 rows=172729 width=0) (actual time=1150.279..10183.151 rows=806432 loops=1)
  Hash Cond: (mi.movie_id = t.id)
  ->  Seq Scan on movie_info mi  (cost=0.00..309384.22 rows=14739122 width=4) (actual time=0.014..4508.179 rows=14835720 loops=1)
  ->  Hash  (cost=73925.90..73925.90 rows=29632 width=4) (actual time=1149.206..1149.206 rows=73351 loops=1)
        Buckets: 131072 (originally 32768)  Batches: 1 (originally 1)  Memory Usage: 3603kB
        ->  Seq Scan on title t  (cost=0.00..73925.90 rows=29632 width=4) (actual time=0.040..1120.511 rows=73351 loops=1)
              Filter: ((kind_id < 7) AND (production_year < 1917))
              Rows Removed by Filter: 2454961
Planning time: 0.898 ms
Execution time: 10288.602 ms
