Seq Scan on title t  (cost=0.00..73925.90 rows=314323 width=0) (actual time=0.025..1043.877 rows=201761 loops=1)
  Filter: ((production_year < 1980) AND (kind_id = 7))
  Rows Removed by Filter: 2326551
Planning time: 0.421 ms
Execution time: 1070.617 ms
