Seq Scan on cast_info ci  (cost=0.00..705507.15 rows=19173320 width=0) (actual time=0.029..12593.216 rows=19062555 loops=1)
  Filter: (person_id < 1903777)
  Rows Removed by Filter: 17181789
Planning time: 0.342 ms
Execution time: 14974.047 ms
