Nested Loop  (cost=0.43..709673.15 rows=330 width=0) (actual time=1904.944..10958.505 rows=59 loops=1)
  ->  Seq Scan on cast_info ci  (cost=0.00..705507.15 rows=500 width=4) (actual time=1904.771..10957.822 rows=59 loops=1)
        Filter: (person_id = 2658662)
        Rows Removed by Filter: 36244285
  ->  Index Scan using title_pkey on title t  (cost=0.43..8.32 rows=1 width=4) (actual time=0.009..0.009 rows=1 loops=59)
        Index Cond: (id = ci.movie_id)
        Filter: (kind_id > 3)
Planning time: 0.689 ms
Execution time: 10958.618 ms
