Hash Join  (cost=73930.12..824767.56 rows=4828 width=0) (actual time=1112.027..15574.258 rows=14098 loops=1)
  Hash Cond: (ci.movie_id = t.id)
  ->  Seq Scan on cast_info ci  (cost=0.00..614943.12 rows=36225612 width=4) (actual time=0.019..7780.928 rows=36244344 loops=1)
  ->  Hash  (cost=73925.90..73925.90 rows=337 width=4) (actual time=1110.932..1110.932 rows=1387 loops=1)
        Buckets: 2048 (originally 1024)  Batches: 1 (originally 1)  Memory Usage: 65kB
        ->  Seq Scan on title t  (cost=0.00..73925.90 rows=337 width=4) (actual time=0.066..1110.058 rows=1387 loops=1)
              Filter: ((kind_id = 4) AND (production_year = 1991))
              Rows Removed by Filter: 2526925
Planning time: 0.650 ms
Execution time: 15577.961 ms
