Seq Scan on cast_info ci  (cost=0.00..705507.15 rows=34536385 width=0) (actual time=0.027..14154.816 rows=34628641 loops=1)
  Filter: (person_id > 161033)
  Rows Removed by Filter: 1615703
Planning time: 0.328 ms
Execution time: 18513.199 ms
