Seq Scan on movie_keyword mk  (cost=0.00..81003.12 rows=246 width=0) (actual time=2.640..1257.427 rows=2735 loops=1)
  Filter: (keyword_id = 830)
  Rows Removed by Filter: 4521195
Planning time: 0.368 ms
Execution time: 1258.304 ms
