Seq Scan on cast_info ci  (cost=0.00..796071.18 rows=2655308 width=0) (actual time=4976.555..13628.437 rows=4668761 loops=1)
  Filter: ((person_id > 1962047) AND (role_id > 8))
  Rows Removed by Filter: 31575583
Planning time: 0.396 ms
Execution time: 14207.697 ms
