Seq Scan on movie_keyword mk  (cost=0.00..81003.12 rows=1291657 width=0) (actual time=0.018..1337.593 rows=1299567 loops=1)
  Filter: (keyword_id < 1697)
  Rows Removed by Filter: 3224363
Planning time: 0.334 ms
Execution time: 1498.998 ms
