Hash Join  (cost=102767.86..170551.68 rows=270136 width=0) (actual time=1846.108..3261.581 rows=272271 loops=1)
  Hash Cond: (mc.movie_id = t.id)
  ->  Seq Scan on movie_companies mc  (cost=0.00..51404.11 rows=270136 width=4) (actual time=0.021..772.222 rows=272271 loops=1)
        Filter: (company_id > 97161)
        Rows Removed by Filter: 2336858
  ->  Hash  (cost=61283.27..61283.27 rows=2528527 width=4) (actual time=1844.840..1844.840 rows=2528312 loops=1)
        Buckets: 131072  Batches: 64  Memory Usage: 2415kB
        ->  Seq Scan on title t  (cost=0.00..61283.27 rows=2528527 width=4) (actual time=0.018..1001.408 rows=2528312 loops=1)
Planning time: 0.783 ms
Execution time: 3294.737 ms
