Hash Join  (cost=91123.00..931603.65 rows=1276790 width=0) (actual time=11478.376..13576.035 rows=1380 loops=1)
  Hash Cond: (ci.movie_id = t.id)
  ->  Seq Scan on cast_info ci  (cost=0.00..796071.18 rows=2252151 width=4) (actual time=9700.434..11585.512 rows=1814 loops=1)
        Filter: ((person_id < 1089447) AND (role_id = 2))
        Rows Removed by Filter: 36242530
  ->  Hash  (cost=67604.59..67604.59 rows=1433473 width=4) (actual time=1754.197..1754.197 rows=1434466 loops=1)
        Buckets: 131072  Batches: 32  Memory Usage: 2600kB
        ->  Seq Scan on title t  (cost=0.00..67604.59 rows=1433473 width=4) (actual time=0.026..1290.246 rows=1434466 loops=1)
              Filter: (production_year > 1999)
              Rows Removed by Filter: 1093846
Planning time: 0.801 ms
Execution time: 13576.298 ms
