Hash Join  (cost=1151883.87..2022199.88 rows=30309638 width=0) (actual time=24993.988..58086.000 rows=80303070 loops=1)
  Hash Cond: (mi.movie_id = t.id)
  ->  Seq Scan on movie_info mi  (cost=0.00..346232.03 rows=9293409 width=4) (actual time=0.016..7018.885 rows=9425200 loops=1)
        Filter: (info_type_id > 5)
        Rows Removed by Filter: 5410520
  ->  Hash  (cost=1016587.75..1016587.75 rows=8246569 width=8) (actual time=24991.650..24991.650 rows=8129626 loops=1)
        Buckets: 131072  Batches: 128  Memory Usage: 3566kB
        ->  Hash Join  (cost=102767.86..1016587.75 rows=8246569 width=8) (actual time=1799.343..22740.569 rows=8129626 loops=1)
              Hash Cond: (ci.movie_id = t.id)
              ->  Seq Scan on cast_info ci  (cost=0.00..705507.15 rows=8246569 width=4) (actual time=0.013..13019.199 rows=8129626 loops=1)
                    Filter: (person_id < 795024)
                    Rows Removed by Filter: 28114718
              ->  Hash  (cost=61283.27..61283.27 rows=2528527 width=4) (actual time=1798.600..1798.600 rows=2528312 loops=1)
                    Buckets: 131072  Batches: 64  Memory Usage: 2415kB
                    ->  Seq Scan on title t  (cost=0.00..61283.27 rows=2528527 width=4) (actual time=0.009..984.124 rows=2528312 loops=1)
Planning time: 0.770 ms
Execution time: 66749.621 ms
