Hash Join  (cost=1018504.83..4301810.71 rows=168174769 width=0) (actual time=27080.605..154643.945 rows=350199309 loops=1)
  Hash Cond: (ci.movie_id = t.id)
  ->  Seq Scan on cast_info ci  (cost=0.00..705507.15 rows=28850731 width=4) (actual time=0.026..16179.964 rows=28813733 loops=1)
        Filter: (person_id < 2927957)
        Rows Removed by Filter: 7430611
  ->  Hash  (cost=776690.81..776690.81 rows=14739122 width=8) (actual time=27078.877..27078.877 rows=14835720 loops=1)
        Buckets: 131072  Batches: 256  Memory Usage: 3268kB
        ->  Hash Join  (cost=102767.86..776690.81 rows=14739122 width=8) (actual time=1918.206..20401.840 rows=14835720 loops=1)
              Hash Cond: (mi.movie_id = t.id)
              ->  Seq Scan on movie_info mi  (cost=0.00..309384.22 rows=14739122 width=4) (actual time=0.023..6007.129 rows=14835720 loops=1)
              ->  Hash  (cost=61283.27..61283.27 rows=2528527 width=4) (actual time=1916.245..1916.245 rows=2528312 loops=1)
                    Buckets: 131072  Batches: 64  Memory Usage: 2425kB
                    ->  Seq Scan on title t  (cost=0.00..61283.27 rows=2528527 width=4) (actual time=0.016..1039.354 rows=2528312 loops=1)
Planning time: 1.493 ms
Execution time: 193878.485 ms
