Hash Join  (cost=433878.58..521226.23 rows=68961 width=0) (actual time=6864.357..11674.503 rows=9613733 loops=1)
  Hash Cond: (mk.movie_id = t.id)
  ->  Seq Scan on movie_keyword mk  (cost=0.00..69693.30 rows=4523930 width=4) (actual time=0.024..1269.527 rows=4523930 loops=1)
  ->  Hash  (cost=433396.78..433396.78 rows=38544 width=8) (actual time=6863.890..6863.890 rows=105025 loops=1)
        Buckets: 131072 (originally 65536)  Batches: 2 (originally 1)  Memory Usage: 3073kB
        ->  Hash Join  (cost=82581.58..433396.78 rows=38544 width=8) (actual time=3416.951..6832.651 rows=105025 loops=1)
              Hash Cond: (mi.movie_id = t.id)
              ->  Seq Scan on movie_info mi  (cost=0.00..346232.03 rows=184730 width=4) (actual time=1957.999..5184.819 rows=180112 loops=1)
                    Filter: (info_type_id = 13)
                    Rows Removed by Filter: 14655608
              ->  Hash  (cost=73925.90..73925.90 rows=527574 width=4) (actual time=1457.289..1457.289 rows=609532 loops=1)
                    Buckets: 131072  Batches: 8  Memory Usage: 3724kB
                    ->  Seq Scan on title t  (cost=0.00..73925.90 rows=527574 width=4) (actual time=0.035..1254.922 rows=609532 loops=1)
                          Filter: ((kind_id < 7) AND (production_year < 2005))
                          Rows Removed by Filter: 1918780
Planning time: 1.148 ms
Execution time: 12824.484 ms
