Hash Join  (cost=69886.95..108882.45 rows=75902 width=0) (actual time=1013.567..2239.958 rows=54856 loops=1)
  Hash Cond: (mi_idx.movie_id = t.id)
  ->  Seq Scan on movie_info_idx mi_idx  (cost=0.00..21735.35 rows=1380035 width=4) (actual time=0.021..441.839 rows=1380035 loops=1)
  ->  Hash  (cost=67604.59..67604.59 rows=139069 width=4) (actual time=1012.820..1012.820 rows=141131 loops=1)
        Buckets: 131072  Batches: 2  Memory Usage: 3502kB
        ->  Seq Scan on title t  (cost=0.00..67604.59 rows=139069 width=4) (actual time=21.744..964.303 rows=141131 loops=1)
              Filter: (production_year < 1940)
              Rows Removed by Filter: 2387181
Planning time: 0.706 ms
Execution time: 2246.918 ms
