Hash Join  (cost=225769.53..267509.92 rows=287232 width=0) (actual time=4684.805..6025.310 rows=1229750 loops=1)
  Hash Cond: (mi_idx.movie_id = t.id)
  ->  Seq Scan on movie_info_idx mi_idx  (cost=0.00..25185.44 rows=915101 width=4) (actual time=0.023..535.986 rows=919850 loops=1)
        Filter: (info_type_id < 101)
        Rows Removed by Filter: 460185
  ->  Hash  (cost=212747.86..212747.86 rows=793654 width=8) (actual time=4683.770..4683.770 rows=796756 loops=1)
        Buckets: 131072  Batches: 16  Memory Usage: 3006kB
        ->  Hash Join  (cost=102767.86..212747.86 rows=793654 width=8) (actual time=2027.297..4460.066 rows=796756 loops=1)
              Hash Cond: (mk.movie_id = t.id)
              ->  Seq Scan on movie_keyword mk  (cost=0.00..81003.12 rows=793654 width=4) (actual time=0.018..1442.981 rows=796756 loops=1)
                    Filter: (keyword_id > 23269)
                    Rows Removed by Filter: 3727174
              ->  Hash  (cost=61283.27..61283.27 rows=2528527 width=4) (actual time=2026.135..2026.135 rows=2528312 loops=1)
                    Buckets: 131072  Batches: 64  Memory Usage: 2425kB
                    ->  Seq Scan on title t  (cost=0.00..61283.27 rows=2528527 width=4) (actual time=0.019..1172.176 rows=2528312 loops=1)
Planning time: 1.151 ms
Execution time: 6153.134 ms
