Hash Join  (cost=102767.86..255244.94 rows=2559751 width=0) (actual time=2037.672..5968.652 rows=2553391 loops=1)
  Hash Cond: (mk.movie_id = t.id)
  ->  Seq Scan on movie_keyword mk  (cost=0.00..81003.12 rows=2559751 width=4) (actual time=0.023..1731.917 rows=2553391 loops=1)
        Filter: (keyword_id < 6428)
        Rows Removed by Filter: 1970539
  ->  Hash  (cost=61283.27..61283.27 rows=2528527 width=4) (actual time=2034.402..2034.402 rows=2528312 loops=1)
        Buckets: 131072  Batches: 64  Memory Usage: 2425kB
        ->  Seq Scan on title t  (cost=0.00..61283.27 rows=2528527 width=4) (actual time=0.023..1170.603 rows=2528312 loops=1)
Planning time: 0.728 ms
Execution time: 6248.043 ms
