Hash Join  (cost=74517.54..129671.47 rows=48840 width=0) (actual time=1284.290..2679.947 rows=32551 loops=1)
  Hash Cond: (mc.movie_id = t.id)
  ->  Seq Scan on movie_companies mc  (cost=0.00..44881.29 rows=2609129 width=4) (actual time=0.016..694.206 rows=2609129 loops=1)
  ->  Hash  (cost=73925.90..73925.90 rows=47331 width=4) (actual time=1283.759..1283.759 rows=53937 loops=1)
        Buckets: 65536  Batches: 1  Memory Usage: 2409kB
        ->  Seq Scan on title t  (cost=0.00..73925.90 rows=47331 width=4) (actual time=0.065..1260.454 rows=53937 loops=1)
              Filter: ((kind_id > 2) AND (production_year = 2003))
              Rows Removed by Filter: 2474375
Planning time: 5.897 ms
Execution time: 2685.073 ms
