Hash Join  (cost=828968.19..1572394.21 rows=2259436 width=0) (actual time=22228.987..37162.949 rows=6577058 loops=1)
  Hash Cond: (mi.movie_id = t.id)
  ->  Seq Scan on movie_info mi  (cost=0.00..309384.22 rows=14739122 width=4) (actual time=0.022..6253.923 rows=14835720 loops=1)
  ->  Hash  (cost=822608.05..822608.05 rows=387611 width=8) (actual time=22227.693..22227.693 rows=426371 loops=1)
        Buckets: 131072  Batches: 8  Memory Usage: 3111kB
        ->  Hash Join  (cost=67942.77..822608.05 rows=387611 width=8) (actual time=1138.047..20892.715 rows=426371 loops=1)
              Hash Cond: (ci.movie_id = t.id)
              ->  Seq Scan on cast_info ci  (cost=0.00..614943.12 rows=36225612 width=4) (actual time=0.023..9600.441 rows=36244344 loops=1)
              ->  Hash  (cost=67604.59..67604.59 rows=27055 width=4) (actual time=1137.846..1137.846 rows=26775 loops=1)
                    Buckets: 32768  Batches: 1  Memory Usage: 1198kB
                    ->  Seq Scan on title t  (cost=0.00..67604.59 rows=27055 width=4) (actual time=0.050..1126.003 rows=26775 loops=1)
                          Filter: (production_year = 1993)
                          Rows Removed by Filter: 2501537
Planning time: 1.141 ms
Execution time: 37924.725 ms
