Hash Join  (cost=188584.00..320287.07 rows=796203 width=0) (actual time=3467.699..6988.766 rows=1958234 loops=1)
  Hash Cond: (mk.movie_id = t.id)
  ->  Seq Scan on movie_keyword mk  (cost=0.00..69693.30 rows=4523930 width=4) (actual time=0.022..1390.813 rows=4523930 loops=1)
  ->  Hash  (cost=181282.30..181282.30 rows=445016 width=8) (actual time=3465.936..3465.936 rows=129298 loops=1)
        Buckets: 131072  Batches: 8  Memory Usage: 1677kB
        ->  Hash Join  (cost=102767.86..181282.30 rows=445016 width=8) (actual time=2511.113..3424.522 rows=129298 loops=1)
              Hash Cond: (mc.movie_id = t.id)
              ->  Seq Scan on movie_companies mc  (cost=0.00..57926.93 rows=445016 width=4) (actual time=495.008..865.290 rows=129298 loops=1)
                    Filter: ((company_id > 20394) AND (company_type_id < 2))
                    Rows Removed by Filter: 2479831
              ->  Hash  (cost=61283.27..61283.27 rows=2528527 width=4) (actual time=2014.407..2014.407 rows=2528312 loops=1)
                    Buckets: 131072  Batches: 64  Memory Usage: 2415kB
                    ->  Seq Scan on title t  (cost=0.00..61283.27 rows=2528527 width=4) (actual time=0.032..1185.240 rows=2528312 loops=1)
Planning time: 1.157 ms
Execution time: 7182.643 ms
