Hash Join  (cost=77321.76..203835.41 rows=370262 width=0) (actual time=1414.647..5291.661 rows=1427107 loops=1)
  Hash Cond: (mk.movie_id = t.id)
  ->  Seq Scan on movie_keyword mk  (cost=0.00..69693.30 rows=4523930 width=4) (actual time=0.018..1533.003 rows=4523930 loops=1)
  ->  Hash  (cost=73925.90..73925.90 rows=206948 width=4) (actual time=1413.844..1413.844 rows=338870 loops=1)
        Buckets: 131072  Batches: 4  Memory Usage: 4013kB
        ->  Seq Scan on title t  (cost=0.00..73925.90 rows=206948 width=4) (actual time=0.025..1300.137 rows=338870 loops=1)
              Filter: ((kind_id < 3) AND (production_year < 1990))
              Rows Removed by Filter: 2189442
Planning time: 0.732 ms
Execution time: 5463.554 ms
