Hash Join  (cost=300143.08..1138610.77 rows=7458476 width=209) (actual time=6799.066..50966.188 rows=47903401 loops=1)
  Hash Cond: (mi.movie_id = t.id)
  ->  Seq Scan on movie_info mi  (cost=0.00..309384.22 rows=14739122 width=75) (actual time=0.011..8377.153 rows=14835720 loops=1)
  ->  Hash  (cost=259158.12..259158.12 rows=1279517 width=134) (actual time=6796.228..6796.228 rows=1274246 loops=1)
        Buckets: 32768  Batches: 64  Memory Usage: 3344kB
        ->  Hash Join  (cost=129928.86..259158.12 rows=1279517 width=134) (actual time=2631.599..5963.461 rows=1274246 loops=1)
              Hash Cond: (mc.movie_id = t.id)
              ->  Seq Scan on movie_companies mc  (cost=0.00..51404.11 rows=1279517 width=40) (actual time=0.024..1279.892 rows=1274246 loops=1)
                    Filter: (company_type_id < 2)
                    Rows Removed by Filter: 1334883
              ->  Hash  (cost=61283.27..61283.27 rows=2528527 width=94) (actual time=2629.449..2629.449 rows=2528312 loops=1)
                    Buckets: 32768  Batches: 128  Memory Usage: 2453kB
                    ->  Seq Scan on title t  (cost=0.00..61283.27 rows=2528527 width=94) (actual time=0.017..1348.898 rows=2528312 loops=1)
Planning time: 3.687 ms
Execution time: 53650.864 ms
