Hash Join  (cost=106153.60..193435.95 rows=62431 width=0) (actual time=2138.008..4012.380 rows=258021 loops=1)
  Hash Cond: (mk.movie_id = t.id)
  ->  Seq Scan on movie_keyword mk  (cost=0.00..69693.30 rows=4523930 width=4) (actual time=0.023..953.890 rows=4523930 loops=1)
  ->  Hash  (cost=105717.43..105717.43 rows=34894 width=8) (actual time=2137.265..2137.265 rows=38581 loops=1)
        Buckets: 65536  Batches: 1  Memory Usage: 2020kB
        ->  Hash Join  (cost=69179.59..105717.43 rows=34894 width=8) (actual time=1202.563..2123.501 rows=38581 loops=1)
              Hash Cond: (mi_idx.movie_id = t.id)
              ->  Seq Scan on movie_info_idx mi_idx  (cost=0.00..25185.44 rows=919057 width=4) (actual time=0.024..569.950 rows=920110 loops=1)
                    Filter: (info_type_id > 99)
                    Rows Removed by Filter: 459925
              ->  Hash  (cost=67604.59..67604.59 rows=96000 width=4) (actual time=1201.638..1201.638 rows=95005 loops=1)
                    Buckets: 131072  Batches: 2  Memory Usage: 2716kB
                    ->  Seq Scan on title t  (cost=0.00..67604.59 rows=96000 width=4) (actual time=0.019..1164.069 rows=95005 loops=1)
                          Filter: (production_year = 2005)
                          Rows Removed by Filter: 2433307
Planning time: 1.174 ms
Execution time: 4046.258 ms
