Seq Scan on cast_info ci  (cost=0.00..705507.15 rows=22290542 width=0) (actual time=0.014..12522.461 rows=22331418 loops=1)
  Filter: (person_id > 1371172)
  Rows Removed by Filter: 13912926
Planning time: 0.328 ms
Execution time: 15318.487 ms
