Hash Join  (cost=123567.61..210896.32 rows=67067 width=0) (actual time=2315.265..4354.698 rows=584280 loops=1)
  Hash Cond: (mk.movie_id = t.id)
  ->  Seq Scan on movie_keyword mk  (cost=0.00..69693.30 rows=4523930 width=4) (actual time=0.022..1046.633 rows=4523930 loops=1)
  ->  Hash  (cost=123099.05..123099.05 rows=37485 width=8) (actual time=2314.446..2314.446 rows=34035 loops=1)
        Buckets: 65536  Batches: 1  Memory Usage: 1842kB
        ->  Hash Join  (cost=68058.67..123099.05 rows=37485 width=8) (actual time=1022.697..2300.996 rows=34035 loops=1)
              Hash Cond: (mc.movie_id = t.id)
              ->  Seq Scan on movie_companies mc  (cost=0.00..44881.29 rows=2609129 width=4) (actual time=0.018..606.236 rows=2609129 loops=1)
              ->  Hash  (cost=67604.59..67604.59 rows=36327 width=4) (actual time=1022.348..1022.348 rows=36509 loops=1)
                    Buckets: 65536  Batches: 1  Memory Usage: 1796kB
                    ->  Seq Scan on title t  (cost=0.00..67604.59 rows=36327 width=4) (actual time=0.020..1006.739 rows=36509 loops=1)
                          Filter: (production_year = 1996)
                          Rows Removed by Filter: 2491803
Planning time: 0.974 ms
Execution time: 4439.766 ms
