Seq Scan on movie_keyword mk  (cost=0.00..81003.12 rows=246 width=0) (actual time=4.321..1233.461 rows=640 loops=1)
  Filter: (keyword_id = 20335)
  Rows Removed by Filter: 4523290
Planning time: 0.397 ms
Execution time: 1233.862 ms
