Hash Join  (cost=69928.56..186208.48 rows=160397 width=0) (actual time=1262.625..3884.546 rows=115612 loops=1)
  Hash Cond: (mk.movie_id = t.id)
  ->  Seq Scan on movie_keyword mk  (cost=0.00..81003.12 rows=2864220 width=4) (actual time=0.021..1720.647 rows=2850341 loops=1)
        Filter: (keyword_id > 2563)
        Rows Removed by Filter: 1673589
  ->  Hash  (cost=67604.59..67604.59 rows=141598 width=4) (actual time=1261.514..1261.514 rows=141703 loops=1)
        Buckets: 131072  Batches: 2  Memory Usage: 3517kB
        ->  Seq Scan on title t  (cost=0.00..67604.59 rows=141598 width=4) (actual time=0.021..1206.474 rows=141703 loops=1)
              Filter: (production_year = 2010)
              Rows Removed by Filter: 2386609
Planning time: 0.725 ms
Execution time: 3899.667 ms
