Hash Join  (cost=159585.29..245359.32 rows=777950 width=0) (actual time=3613.431..5936.803 rows=996783 loops=1)
  Hash Cond: (mc.movie_id = t.id)
  ->  Seq Scan on movie_companies mc  (cost=0.00..44881.29 rows=2609129 width=4) (actual time=0.015..896.208 rows=2609129 loops=1)
  ->  Hash  (cost=147216.33..147216.33 rows=753917 width=8) (actual time=3612.493..3612.493 rows=482325 loops=1)
        Buckets: 131072  Batches: 16  Memory Usage: 2209kB
        ->  Hash Join  (cost=96588.68..147216.33 rows=753917 width=8) (actual time=1953.273..3468.594 rows=482325 loops=1)
              Hash Cond: (mi_idx.movie_id = t.id)
              ->  Seq Scan on movie_info_idx mi_idx  (cost=0.00..21735.35 rows=1380035 width=4) (actual time=0.021..485.462 rows=1380035 loops=1)
              ->  Hash  (cost=73925.90..73925.90 rows=1381342 width=4) (actual time=1951.519..1951.519 rows=1487993 loops=1)
                    Buckets: 131072  Batches: 32  Memory Usage: 2666kB
                    ->  Seq Scan on title t  (cost=0.00..73925.90 rows=1381342 width=4) (actual time=0.014..1467.325 rows=1487993 loops=1)
                          Filter: ((kind_id > 3) AND (production_year > 1969))
                          Rows Removed by Filter: 1040319
Planning time: 0.981 ms
Execution time: 6046.557 ms
