Hash Join  (cost=130928.61..223147.35 rows=19705 width=0) (actual time=2131.271..4151.783 rows=681000 loops=1)
  Hash Cond: (mk.movie_id = t.id)
  ->  Seq Scan on movie_keyword mk  (cost=0.00..81003.12 rows=2938282 width=4) (actual time=0.027..1405.129 rows=2924291 loops=1)
        Filter: (keyword_id < 9584)
        Rows Removed by Filter: 1599639
  ->  Hash  (cost=130716.65..130716.65 rows=16957 width=8) (actual time=2130.987..2130.987 rows=21960 loops=1)
        Buckets: 32768  Batches: 1  Memory Usage: 1114kB
        ->  Hash Join  (cost=74344.78..130716.65 rows=16957 width=8) (actual time=1574.850..2123.417 rows=21960 loops=1)
              Hash Cond: (mc.movie_id = t.id)
              ->  Seq Scan on movie_companies mc  (cost=0.00..51404.11 rows=1279517 width=4) (actual time=318.495..875.781 rows=1274246 loops=1)
                    Filter: (company_type_id = 1)
                    Rows Removed by Filter: 1334883
              ->  Hash  (cost=73925.90..73925.90 rows=33510 width=4) (actual time=1006.605..1006.605 rows=22107 loops=1)
                    Buckets: 65536  Batches: 1  Memory Usage: 1290kB
                    ->  Seq Scan on title t  (cost=0.00..73925.90 rows=33510 width=4) (actual time=0.032..996.899 rows=22107 loops=1)
                          Filter: ((kind_id = 1) AND (production_year = 2008))
                          Rows Removed by Filter: 2506205
Planning time: 2.416 ms
Execution time: 4235.802 ms
