Hash Join  (cost=75411.94..422213.65 rows=642 width=0) (actual time=4281.572..6247.461 rows=4556 loops=1)
  Hash Cond: (mi.movie_id = t.id)
  ->  Seq Scan on movie_info mi  (cost=0.00..346232.03 rows=17937 width=4) (actual time=3009.657..5108.942 rows=109034 loops=1)
        Filter: (info_type_id = 106)
        Rows Removed by Filter: 14726686
  ->  Hash  (cost=73925.90..73925.90 rows=90563 width=4) (actual time=1102.718..1102.718 rows=80990 loops=1)
        Buckets: 131072  Batches: 2  Memory Usage: 2456kB
        ->  Seq Scan on title t  (cost=0.00..73925.90 rows=90563 width=4) (actual time=0.169..1070.277 rows=80990 loops=1)
              Filter: ((kind_id < 7) AND (production_year > 2011))
              Rows Removed by Filter: 2447322
Planning time: 0.852 ms
Execution time: 6247.929 ms
