Hash Join  (cost=332614.01..1093938.77 rows=21203712 width=0) (actual time=7725.497..61790.056 rows=193451117 loops=1)
  Hash Cond: (mi.movie_id = t.id)
  ->  Seq Scan on movie_info mi  (cost=0.00..309384.22 rows=14739122 width=4) (actual time=0.016..6497.564 rows=14835720 loops=1)
  ->  Hash  (cost=272934.75..272934.75 rows=3637541 width=8) (actual time=7723.201..7723.201 rows=3423842 loops=1)
        Buckets: 131072  Batches: 64  Memory Usage: 3163kB
        ->  Hash Join  (cost=100960.39..272934.75 rows=3637541 width=8) (actual time=2014.624..6720.986 rows=3423842 loops=1)
              Hash Cond: (mk.movie_id = t.id)
              ->  Seq Scan on movie_keyword mk  (cost=0.00..69693.30 rows=4523930 width=4) (actual time=0.025..1454.692 rows=4523930 loops=1)
              ->  Hash  (cost=67604.59..67604.59 rows=2033104 width=4) (actual time=2013.824..2013.824 rows=2032439 loops=1)
                    Buckets: 131072  Batches: 32  Memory Usage: 3269kB
                    ->  Seq Scan on title t  (cost=0.00..67604.59 rows=2033104 width=4) (actual time=0.014..1341.807 rows=2032439 loops=1)
                          Filter: (production_year > 1973)
                          Rows Removed by Filter: 495873
Planning time: 1.111 ms
Execution time: 81375.725 ms
