Hash Join  (cost=74646.13..162335.05 rows=103088 width=0) (actual time=1673.139..3041.956 rows=114379 loops=1)
  Hash Cond: (mk.movie_id = t.id)
  ->  Seq Scan on movie_keyword mk  (cost=0.00..69693.30 rows=4523930 width=4) (actual time=0.025..869.537 rows=4523930 loops=1)
  ->  Hash  (cost=73925.90..73925.90 rows=57618 width=4) (actual time=1352.717..1352.717 rows=59341 loops=1)
        Buckets: 65536  Batches: 1  Memory Usage: 2599kB
        ->  Seq Scan on title t  (cost=0.00..73925.90 rows=57618 width=4) (actual time=0.027..1329.036 rows=59341 loops=1)
              Filter: ((production_year > 1995) AND (kind_id = 2))
              Rows Removed by Filter: 2468971
Planning time: 0.688 ms
Execution time: 3058.379 ms
