Hash Join  (cost=513186.92..666046.94 rows=2532799 width=0) (actual time=10615.566..18923.364 rows=17019049 loops=1)
  Hash Cond: (mk.movie_id = t.id)
  ->  Seq Scan on movie_keyword mk  (cost=0.00..69693.30 rows=4523930 width=4) (actual time=0.034..1408.965 rows=4523930 loops=1)
  ->  Hash  (cost=489961.43..489961.43 rows=1415639 width=8) (actual time=10613.543..10613.543 rows=3089596 loops=1)
        Buckets: 131072 (originally 131072)  Batches: 64 (originally 32)  Memory Usage: 3073kB
        ->  Hash Join  (cost=83810.17..489961.43 rows=1415639 width=8) (actual time=1954.931..9769.923 rows=3089596 loops=1)
              Hash Cond: (mi.movie_id = t.id)
              ->  Seq Scan on movie_info mi  (cost=0.00..346232.03 rows=3623957 width=4) (actual time=620.087..5603.269 rows=3624977 loops=1)
                    Filter: (info_type_id < 4)
                    Rows Removed by Filter: 11210743
              ->  Hash  (cost=67604.59..67604.59 rows=987727 width=4) (actual time=1334.009..1334.009 rows=985048 loops=1)
                    Buckets: 131072  Batches: 16  Memory Usage: 3197kB
                    ->  Seq Scan on title t  (cost=0.00..67604.59 rows=987727 width=4) (actual time=0.037..1017.650 rows=985048 loops=1)
                          Filter: (kind_id < 7)
                          Rows Removed by Filter: 1543264
Planning time: 1.156 ms
Execution time: 20912.230 ms
