Seq Scan on cast_info ci  (cost=0.00..705507.15 rows=10580690 width=0) (actual time=1227.649..11615.398 rows=10416333 loops=1)
  Filter: (person_id < 1022967)
  Rows Removed by Filter: 25828011
Planning time: 3.055 ms
Execution time: 12895.302 ms
