Seq Scan on movie_companies mc  (cost=0.00..51404.11 rows=202554 width=0) (actual time=36.619..698.890 rows=204059 loops=1)
  Filter: (company_id > 112243)
  Rows Removed by Filter: 2405070
Planning time: 0.244 ms
Execution time: 724.597 ms
