Seq Scan on cast_info ci  (cost=0.00..705507.15 rows=19871418 width=0) (actual time=0.024..12469.276 rows=20015629 loops=1)
  Filter: (person_id > 1606745)
  Rows Removed by Filter: 16228715
Planning time: 0.330 ms
Execution time: 14941.945 ms
