Seq Scan on movie_companies mc  (cost=0.00..51404.11 rows=104 width=0) (actual time=14.818..826.446 rows=286 loops=1)
  Filter: (company_id = 71671)
  Rows Removed by Filter: 2608843
Planning time: 0.373 ms
Execution time: 826.603 ms
