Hash Join  (cost=73982.55..128694.84 rows=4676 width=0) (actual time=862.446..1868.607 rows=9159 loops=1)
  Hash Cond: (mc.movie_id = t.id)
  ->  Seq Scan on movie_companies mc  (cost=0.00..44881.29 rows=2609129 width=4) (actual time=0.032..667.154 rows=2609129 loops=1)
  ->  Hash  (cost=73925.90..73925.90 rows=4532 width=4) (actual time=686.694..686.694 rows=6682 loops=1)
        Buckets: 8192  Batches: 1  Memory Usage: 299kB
        ->  Seq Scan on title t  (cost=0.00..73925.90 rows=4532 width=4) (actual time=0.394..684.689 rows=6682 loops=1)
              Filter: ((kind_id = 7) AND (production_year = 1959))
              Rows Removed by Filter: 2521630
Planning time: 0.772 ms
Execution time: 1869.926 ms
