Hash Join  (cost=83072.42..109982.96 rows=6 width=0) (actual time=1216.914..1736.362 rows=51 loops=1)
  Hash Cond: (mi_idx.movie_id = t.id)
  ->  Seq Scan on movie_info_idx mi_idx  (cost=0.00..21735.35 rows=1380035 width=4) (actual time=0.019..277.535 rows=1380035 loops=1)
  ->  Hash  (cost=83072.29..83072.29 rows=11 width=8) (actual time=1204.868..1204.868 rows=24 loops=1)
        Buckets: 1024  Batches: 1  Memory Usage: 9kB
        ->  Nested Loop  (cost=0.43..83072.29 rows=11 width=8) (actual time=28.339..1204.820 rows=24 loops=1)
              ->  Seq Scan on movie_keyword mk  (cost=0.00..81003.12 rows=246 width=4) (actual time=26.969..1177.685 rows=629 loops=1)
                    Filter: (keyword_id = 6113)
                    Rows Removed by Filter: 4523301
              ->  Index Scan using title_pkey on title t  (cost=0.43..8.40 rows=1 width=4) (actual time=0.042..0.042 rows=0 loops=629)
                    Index Cond: (id = mk.movie_id)
                    Filter: (production_year = 2007)
                    Rows Removed by Filter: 1
Planning time: 1.152 ms
Execution time: 1736.505 ms
