Hash Join  (cost=102767.86..197417.08 rows=1115587 width=0) (actual time=2331.517..5063.507 rows=1236158 loops=1)
  Hash Cond: (mc.movie_id = t.id)
  ->  Seq Scan on movie_companies mc  (cost=0.00..57926.93 rows=1115587 width=4) (actual time=516.445..1195.743 rows=1236158 loops=1)
        Filter: ((company_id > 297) AND (company_type_id = 2))
        Rows Removed by Filter: 1372971
  ->  Hash  (cost=61283.27..61283.27 rows=2528527 width=4) (actual time=1813.921..1813.921 rows=2528312 loops=1)
        Buckets: 131072  Batches: 64  Memory Usage: 2415kB
        ->  Seq Scan on title t  (cost=0.00..61283.27 rows=2528527 width=4) (actual time=0.019..995.520 rows=2528312 loops=1)
Planning time: 0.758 ms
Execution time: 5222.167 ms
