Hash Join  (cost=74753.85..422351.85 rows=8919 width=0) (actual time=4110.445..6076.031 rows=5956 loops=1)
  Hash Cond: (mi.movie_id = t.id)
  ->  Seq Scan on movie_info mi  (cost=0.00..346232.03 rows=340474 width=4) (actual time=3041.477..4925.910 rows=328857 loops=1)
        Filter: (info_type_id = 98)
        Rows Removed by Filter: 14506863
  ->  Hash  (cost=73925.90..73925.90 rows=66236 width=4) (actual time=1068.093..1068.093 rows=74971 loops=1)
        Buckets: 131072  Batches: 1  Memory Usage: 3660kB
        ->  Seq Scan on title t  (cost=0.00..73925.90 rows=66236 width=4) (actual time=0.069..1038.397 rows=74971 loops=1)
              Filter: ((kind_id > 4) AND (production_year = 2006))
              Rows Removed by Filter: 2453341
Planning time: 0.619 ms
Execution time: 6077.103 ms
