Hash Join  (cost=68058.67..155597.78 rows=24116 width=0) (actual time=925.221..2672.144 rows=30251 loops=1)
  Hash Cond: (mk.movie_id = t.id)
  ->  Seq Scan on movie_keyword mk  (cost=0.00..81003.12 rows=1678619 width=4) (actual time=0.021..1431.455 rows=1686395 loops=1)
        Filter: (keyword_id < 2625)
        Rows Removed by Filter: 2837535
  ->  Hash  (cost=67604.59..67604.59 rows=36327 width=4) (actual time=924.822..924.822 rows=36509 loops=1)
        Buckets: 65536  Batches: 1  Memory Usage: 1796kB
        ->  Seq Scan on title t  (cost=0.00..67604.59 rows=36327 width=4) (actual time=0.024..909.712 rows=36509 loops=1)
              Filter: (production_year = 1996)
              Rows Removed by Filter: 2491803
Planning time: 1.038 ms
Execution time: 2676.689 ms
