Hash Join  (cost=93093.72..187094.19 rows=1183915 width=0) (actual time=1738.976..4612.468 rows=379372 loops=1)
  Hash Cond: (mc.movie_id = t.id)
  ->  Seq Scan on movie_companies mc  (cost=0.00..51404.11 rows=1926840 width=4) (actual time=0.016..1006.309 rows=1933688 loops=1)
        Filter: (company_id > 1102)
        Rows Removed by Filter: 675441
  ->  Hash  (cost=67604.59..67604.59 rows=1553611 width=4) (actual time=1721.694..1721.694 rows=1555864 loops=1)
        Buckets: 131072  Batches: 32  Memory Usage: 2734kB
        ->  Seq Scan on title t  (cost=0.00..67604.59 rows=1553611 width=4) (actual time=0.015..1220.674 rows=1555864 loops=1)
              Filter: (kind_id > 4)
              Rows Removed by Filter: 972448
Planning time: 0.521 ms
Execution time: 4658.363 ms
