Hash Join  (cost=76444.38..175156.77 rows=85333 width=0) (actual time=1267.447..3330.318 rows=66318 loops=1)
  Hash Cond: (mk.movie_id = t.id)
  ->  Seq Scan on movie_keyword mk  (cost=0.00..81003.12 rows=1405850 width=4) (actual time=0.021..1485.030 rows=1423926 loops=1)
        Filter: (keyword_id < 1962)
        Rows Removed by Filter: 3100004
  ->  Hash  (cost=73925.90..73925.90 rows=153478 width=4) (actual time=1266.001..1266.001 rows=134760 loops=1)
        Buckets: 131072  Batches: 4  Memory Usage: 2222kB
        ->  Seq Scan on title t  (cost=0.00..73925.90 rows=153478 width=4) (actual time=0.044..1217.231 rows=134760 loops=1)
              Filter: ((kind_id < 7) AND (production_year > 2010))
              Rows Removed by Filter: 2393552
Planning time: 0.791 ms
Execution time: 3339.737 ms
