Hash Join  (cost=92883.59..243785.83 rows=2058864 width=0) (actual time=3683.220..5235.135 rows=464905 loops=1)
  Hash Cond: (mk.movie_id = t.id)
  ->  Seq Scan on movie_keyword mk  (cost=0.00..81003.12 rows=3378695 width=4) (actual time=0.025..1765.659 rows=3362793 loops=1)
        Filter: (keyword_id < 16131)
        Rows Removed by Filter: 1161137
  ->  Hash  (cost=67604.59..67604.59 rows=1540800 width=4) (actual time=1688.518..1688.518 rows=1543264 loops=1)
        Buckets: 131072  Batches: 32  Memory Usage: 2728kB
        ->  Seq Scan on title t  (cost=0.00..67604.59 rows=1540800 width=4) (actual time=0.034..1182.746 rows=1543264 loops=1)
              Filter: (kind_id = 7)
              Rows Removed by Filter: 985048
Planning time: 0.760 ms
Execution time: 5284.690 ms
