Seq Scan on cast_info ci  (cost=0.00..796071.18 rows=176 width=0) (actual time=7730.351..11125.027 rows=28 loops=1)
  Filter: ((person_id = 787860) AND (role_id = 1))
  Rows Removed by Filter: 36244316
Planning time: 1.935 ms
Execution time: 11125.114 ms
