Hash Join  (cost=83810.17..661333.09 rows=5743320 width=0) (actual time=1571.959..19409.431 rows=10822141 loops=1)
  Hash Cond: (mi.movie_id = t.id)
  ->  Seq Scan on movie_info mi  (cost=0.00..346232.03 rows=14702584 width=4) (actual time=0.022..7590.855 rows=14785453 loops=1)
        Filter: (info_type_id < 108)
        Rows Removed by Filter: 50267
  ->  Hash  (cost=67604.59..67604.59 rows=987727 width=4) (actual time=1570.714..1570.714 rows=985048 loops=1)
        Buckets: 131072  Batches: 16  Memory Usage: 3197kB
        ->  Seq Scan on title t  (cost=0.00..67604.59 rows=987727 width=4) (actual time=0.029..1256.682 rows=985048 loops=1)
              Filter: (kind_id < 7)
              Rows Removed by Filter: 1543264
Planning time: 0.745 ms
Execution time: 20586.885 ms
