Hash Join  (cost=92883.59..179692.24 rows=947065 width=0) (actual time=2158.451..3878.880 rows=243450 loops=1)
  Hash Cond: (mc.movie_id = t.id)
  ->  Seq Scan on movie_companies mc  (cost=0.00..51404.11 rows=1554179 width=4) (actual time=0.022..1051.616 rows=1557249 loops=1)
        Filter: (company_id > 6158)
        Rows Removed by Filter: 1051880
  ->  Hash  (cost=67604.59..67604.59 rows=1540800 width=4) (actual time=1752.382..1752.382 rows=1543264 loops=1)
        Buckets: 131072  Batches: 32  Memory Usage: 2722kB
        ->  Seq Scan on title t  (cost=0.00..67604.59 rows=1540800 width=4) (actual time=105.381..1274.610 rows=1543264 loops=1)
              Filter: (kind_id = 7)
              Rows Removed by Filter: 985048
Planning time: 0.719 ms
Execution time: 3907.326 ms
