Hash Join  (cost=1191885.26..2393479.95 rows=53832254 width=0) (actual time=25332.227..74713.468 rows=120155456 loops=1)
  Hash Cond: (mi.movie_id = t.id)
  ->  Seq Scan on movie_info mi  (cost=0.00..309384.22 rows=14739122 width=4) (actual time=0.013..6026.003 rows=14835720 loops=1)
  ->  Hash  (cost=1040372.33..1040372.33 rows=9235035 width=8) (actual time=25330.114..25330.114 rows=9086062 loops=1)
        Buckets: 131072  Batches: 128  Memory Usage: 3853kB
        ->  Hash Join  (cost=102767.86..1040372.33 rows=9235035 width=8) (actual time=3393.603..22600.221 rows=9086062 loops=1)
              Hash Cond: (ci.movie_id = t.id)
              ->  Seq Scan on cast_info ci  (cost=0.00..705507.15 rows=9235035 width=4) (actual time=1246.715..12331.844 rows=9086062 loops=1)
                    Filter: (person_id < 895210)
                    Rows Removed by Filter: 27158282
              ->  Hash  (cost=61283.27..61283.27 rows=2528527 width=4) (actual time=2121.177..2121.177 rows=2528312 loops=1)
                    Buckets: 131072  Batches: 64  Memory Usage: 2415kB
                    ->  Seq Scan on title t  (cost=0.00..61283.27 rows=2528527 width=4) (actual time=0.022..1027.059 rows=2528312 loops=1)
Planning time: 1.135 ms
Execution time: 88284.944 ms
