Seq Scan on cast_info ci  (cost=0.00..705507.15 rows=27706267 width=0) (actual time=1134.102..13342.033 rows=27839676 loops=1)
  Filter: (person_id > 824327)
  Rows Removed by Filter: 8404668
Planning time: 0.314 ms
Execution time: 16733.720 ms
