Seq Scan on movie_keyword mk  (cost=0.00..81003.12 rows=246 width=0) (actual time=324.572..1252.678 rows=6 loops=1)
  Filter: (keyword_id = 11081)
  Rows Removed by Filter: 4523924
Planning time: 0.381 ms
Execution time: 1252.770 ms
