Seq Scan on cast_info ci  (cost=0.00..796071.18 rows=224 width=0) (actual time=6454.846..13990.999 rows=2137 loops=1)
  Filter: ((role_id > 2) AND (person_id = 1577802))
  Rows Removed by Filter: 36242207
Planning time: 0.394 ms
Execution time: 13991.397 ms
