Hash Join  (cost=93093.72..200439.52 rows=657071 width=0) (actual time=1832.844..4031.178 rows=147342 loops=1)
  Hash Cond: (mk.movie_id = t.id)
  ->  Seq Scan on movie_keyword mk  (cost=0.00..81003.12 rows=1069393 width=4) (actual time=0.016..1417.439 rows=1079173 loops=1)
        Filter: (keyword_id < 1084)
        Rows Removed by Filter: 3444757
  ->  Hash  (cost=67604.59..67604.59 rows=1553611 width=4) (actual time=1812.313..1812.313 rows=1555864 loops=1)
        Buckets: 131072  Batches: 32  Memory Usage: 2740kB
        ->  Seq Scan on title t  (cost=0.00..67604.59 rows=1553611 width=4) (actual time=0.029..1291.214 rows=1555864 loops=1)
              Filter: (kind_id > 4)
              Rows Removed by Filter: 972448
Planning time: 0.749 ms
Execution time: 4049.469 ms
