Hash Join  (cost=92883.59..1237909.49 rows=13972117 width=0) (actual time=1627.851..32420.002 rows=13811652 loops=1)
  Hash Cond: (ci.movie_id = t.id)
  ->  Seq Scan on cast_info ci  (cost=0.00..705507.15 rows=22928917 width=4) (actual time=0.022..14569.603 rows=22977428 loops=1)
        Filter: (person_id > 1307892)
        Rows Removed by Filter: 13266916
  ->  Hash  (cost=67604.59..67604.59 rows=1540800 width=4) (actual time=1627.031..1627.031 rows=1543264 loops=1)
        Buckets: 131072  Batches: 32  Memory Usage: 2722kB
        ->  Seq Scan on title t  (cost=0.00..67604.59 rows=1540800 width=4) (actual time=0.019..1127.799 rows=1543264 loops=1)
              Filter: (kind_id = 7)
              Rows Removed by Filter: 985048
Planning time: 0.774 ms
Execution time: 33978.036 ms
