Hash Join  (cost=102767.86..227371.38 rows=1401378 width=0) (actual time=1979.591..5048.943 rows=1417668 loops=1)
  Hash Cond: (mk.movie_id = t.id)
  ->  Seq Scan on movie_keyword mk  (cost=0.00..81003.12 rows=1401378 width=4) (actual time=0.015..1518.253 rows=1417668 loops=1)
        Filter: (keyword_id < 1947)
        Rows Removed by Filter: 3106262
  ->  Hash  (cost=61283.27..61283.27 rows=2528527 width=4) (actual time=1978.180..1978.180 rows=2528312 loops=1)
        Buckets: 131072  Batches: 64  Memory Usage: 2425kB
        ->  Seq Scan on title t  (cost=0.00..61283.27 rows=2528527 width=4) (actual time=0.024..1104.455 rows=2528312 loops=1)
Planning time: 0.717 ms
Execution time: 5215.951 ms
