Hash Join  (cost=136600.07..501263.52 rows=752 width=0) (actual time=2455.517..9757.469 rows=36693 loops=1)
  Hash Cond: (mi.movie_id = t.id)
  ->  Seq Scan on movie_info mi  (cost=0.00..309384.22 rows=14739122 width=4) (actual time=0.022..4385.835 rows=14835720 loops=1)
  ->  Hash  (cost=136598.46..136598.46 rows=129 width=8) (actual time=2449.412..2449.412 rows=4896 loops=1)
        Buckets: 8192 (originally 1024)  Batches: 1 (originally 1)  Memory Usage: 256kB
        ->  Hash Join  (cost=73929.13..136598.46 rows=129 width=8) (actual time=1116.519..2447.263 rows=4896 loops=1)
              Hash Cond: (mc.movie_id = t.id)
              ->  Seq Scan on movie_companies mc  (cost=0.00..57926.93 rows=1264294 width=4) (actual time=0.020..1126.469 rows=1312144 loops=1)
                    Filter: ((company_id > 19) AND (company_type_id = 2))
                    Rows Removed by Filter: 1296985
              ->  Hash  (cost=73925.90..73925.90 rows=258 width=4) (actual time=1116.283..1116.283 rows=3378 loops=1)
                    Buckets: 4096 (originally 1024)  Batches: 1 (originally 1)  Memory Usage: 151kB
                    ->  Seq Scan on title t  (cost=0.00..73925.90 rows=258 width=4) (actual time=7.708..1114.537 rows=3378 loops=1)
                          Filter: ((kind_id < 7) AND (production_year > 2013))
                          Rows Removed by Filter: 2524934
Planning time: 14.709 ms
Execution time: 9764.055 ms
