Hash Join  (cost=101829.11..467759.58 rows=127453 width=0) (actual time=1902.581..8455.933 rows=39342 loops=1)
  Hash Cond: (mi.movie_id = t.id)
  ->  Seq Scan on movie_info mi  (cost=0.00..309384.22 rows=14739122 width=4) (actual time=0.017..3870.917 rows=14835720 loops=1)
  ->  Hash  (cost=101555.80..101555.80 rows=21865 width=8) (actual time=1898.868..1898.868 rows=8268 loops=1)
        Buckets: 32768  Batches: 1  Memory Usage: 579kB
        ->  Hash Join  (cost=74426.67..101555.80 rows=21865 width=8) (actual time=1268.330..1895.566 rows=8268 loops=1)
              Hash Cond: (mi_idx.movie_id = t.id)
              ->  Seq Scan on movie_info_idx mi_idx  (cost=0.00..21735.35 rows=1380035 width=4) (actual time=0.020..301.773 rows=1380035 loops=1)
              ->  Hash  (cost=73925.90..73925.90 rows=40061 width=4) (actual time=1267.777..1267.777 rows=40120 loops=1)
                    Buckets: 65536  Batches: 1  Memory Usage: 1923kB
                    ->  Seq Scan on title t  (cost=0.00..73925.90 rows=40061 width=4) (actual time=229.828..1250.761 rows=40120 loops=1)
                          Filter: ((kind_id = 7) AND (production_year = 2013))
                          Rows Removed by Filter: 2488192
Planning time: 1.191 ms
Execution time: 8460.624 ms
