Hash Join  (cost=883732.49..1547985.34 rows=3472771 width=0) (actual time=22312.128..38742.346 rows=10313002 loops=1)
  Hash Cond: (mi.movie_id = t.id)
  ->  Seq Scan on movie_info mi  (cost=0.00..309384.22 rows=14739122 width=4) (actual time=0.011..6093.867 rows=14835720 loops=1)
  ->  Hash  (cost=873957.47..873957.47 rows=595761 width=8) (actual time=22311.245..22311.245 rows=540847 loops=1)
        Buckets: 131072  Batches: 8  Memory Usage: 3668kB
        ->  Hash Join  (cost=74730.49..873957.47 rows=595761 width=8) (actual time=1193.672..22065.686 rows=540847 loops=1)
              Hash Cond: (ci.movie_id = t.id)
              ->  Seq Scan on cast_info ci  (cost=0.00..705507.15 rows=23403259 width=4) (actual time=0.013..13465.434 rows=23453253 loops=1)
                    Filter: (person_id > 1261583)
                    Rows Removed by Filter: 12791091
              ->  Hash  (cost=73925.90..73925.90 rows=64367 width=4) (actual time=1193.311..1193.311 rows=53905 loops=1)
                    Buckets: 65536  Batches: 1  Memory Usage: 2408kB
                    ->  Seq Scan on title t  (cost=0.00..73925.90 rows=64367 width=4) (actual time=0.080..1172.234 rows=53905 loops=1)
                          Filter: ((kind_id < 7) AND (production_year = 2012))
                          Rows Removed by Filter: 2474407
Planning time: 0.864 ms
Execution time: 39817.065 ms
