Hash Join  (cost=225727.41..312052.65 rows=817872 width=0) (actual time=4695.920..8354.693 rows=6407853 loops=1)
  Hash Cond: (mc.movie_id = t.id)
  ->  Seq Scan on movie_companies mc  (cost=0.00..44881.29 rows=2609129 width=4) (actual time=0.026..947.372 rows=2609129 loops=1)
  ->  Hash  (cost=212722.83..212722.83 rows=792606 width=8) (actual time=4695.072..4695.072 rows=796068 loops=1)
        Buckets: 131072  Batches: 16  Memory Usage: 3004kB
        ->  Hash Join  (cost=102767.86..212722.83 rows=792606 width=8) (actual time=1990.791..4482.437 rows=796068 loops=1)
              Hash Cond: (mk.movie_id = t.id)
              ->  Seq Scan on movie_keyword mk  (cost=0.00..81003.12 rows=792606 width=4) (actual time=0.024..1466.393 rows=796068 loops=1)
                    Filter: (keyword_id > 23315)
                    Rows Removed by Filter: 3727862
              ->  Hash  (cost=61283.27..61283.27 rows=2528527 width=4) (actual time=1988.055..1988.055 rows=2528312 loops=1)
                    Buckets: 131072  Batches: 64  Memory Usage: 2425kB
                    ->  Seq Scan on title t  (cost=0.00..61283.27 rows=2528527 width=4) (actual time=0.023..1117.444 rows=2528312 loops=1)
Planning time: 1.111 ms
Execution time: 9076.449 ms
