Hash Join  (cost=125449.76..580057.70 rows=534047 width=0) (actual time=3448.967..12957.903 rows=743052 loops=1)
  Hash Cond: (mi.movie_id = t.id)
  ->  Seq Scan on movie_info mi  (cost=0.00..346232.03 rows=8859586 width=4) (actual time=620.894..6556.557 rows=8966694 loops=1)
        Filter: (info_type_id < 15)
        Rows Removed by Filter: 5869026
  ->  Hash  (cost=122948.54..122948.54 rows=152417 width=8) (actual time=2827.243..2827.243 rows=123275 loops=1)
        Buckets: 131072  Batches: 2  Memory Usage: 3445kB
        ->  Hash Join  (cost=87642.27..122948.54 rows=152417 width=8) (actual time=1933.776..2787.556 rows=123275 loops=1)
              Hash Cond: (mi_idx.movie_id = t.id)
              ->  Seq Scan on movie_info_idx mi_idx  (cost=0.00..25185.44 rows=460978 width=4) (actual time=0.029..474.065 rows=459925 loops=1)
                    Filter: (info_type_id < 100)
                    Rows Removed by Filter: 920110
              ->  Hash  (cost=73925.90..73925.90 rows=836029 width=4) (actual time=1932.529..1932.529 rows=742319 loops=1)
                    Buckets: 131072  Batches: 16  Memory Usage: 2657kB
                    ->  Seq Scan on title t  (cost=0.00..73925.90 rows=836029 width=4) (actual time=0.023..1402.120 rows=742319 loops=1)
                          Filter: ((kind_id > 1) AND (production_year < 2002))
                          Rows Removed by Filter: 1785993
Planning time: 1.567 ms
Execution time: 13053.568 ms
