Hash Join  (cost=73930.12..130134.13 rows=171 width=0) (actual time=1819.416..2127.177 rows=3 loops=1)
  Hash Cond: (mc.movie_id = t.id)
  ->  Seq Scan on movie_companies mc  (cost=0.00..51404.11 rows=1279517 width=4) (actual time=0.020..966.261 rows=1274246 loops=1)
        Filter: (company_type_id < 2)
        Rows Removed by Filter: 1334883
  ->  Hash  (cost=73925.90..73925.90 rows=337 width=4) (actual time=988.060..988.060 rows=17 loops=1)
        Buckets: 1024  Batches: 1  Memory Usage: 9kB
        ->  Seq Scan on title t  (cost=0.00..73925.90 rows=337 width=4) (actual time=432.594..988.027 rows=17 loops=1)
              Filter: ((kind_id = 4) AND (production_year = 1977))
              Rows Removed by Filter: 2528295
Planning time: 0.773 ms
Execution time: 2127.263 ms
