Seq Scan on movie_keyword mk  (cost=0.00..81003.12 rows=246 width=0) (actual time=48.066..1240.615 rows=34 loops=1)
  Filter: (keyword_id = 66008)
  Rows Removed by Filter: 4523896
Planning time: 0.626 ms
Execution time: 1240.734 ms
