Seq Scan on cast_info ci  (cost=0.00..796071.18 rows=10860905 width=0) (actual time=8876.794..14476.804 rows=8899556 loops=1)
  Filter: ((person_id > 504522) AND (role_id = 1))
  Rows Removed by Filter: 27344788
Planning time: 0.418 ms
Execution time: 15441.054 ms
