Hash Join  (cost=102298.04..857699.43 rows=461224 width=0) (actual time=2033.772..19941.016 rows=729732 loops=1)
  Hash Cond: (ci.movie_id = t.id)
  ->  Seq Scan on cast_info ci  (cost=0.00..614943.12 rows=36225612 width=4) (actual time=0.017..9129.343 rows=36244344 loops=1)
  ->  Hash  (cost=101895.63..101895.63 rows=32193 width=8) (actual time=2033.402..2033.402 rows=19188 loops=1)
        Buckets: 32768  Batches: 1  Memory Usage: 1006kB
        ->  Hash Join  (cost=74663.22..101895.63 rows=32193 width=8) (actual time=1328.030..2026.616 rows=19188 loops=1)
              Hash Cond: (mi_idx.movie_id = t.id)
              ->  Seq Scan on movie_info_idx mi_idx  (cost=0.00..21735.35 rows=1380035 width=4) (actual time=0.022..342.629 rows=1380035 loops=1)
              ->  Hash  (cost=73925.90..73925.90 rows=58985 width=4) (actual time=1325.715..1325.715 rows=63200 loops=1)
                    Buckets: 65536  Batches: 1  Memory Usage: 2734kB
                    ->  Seq Scan on title t  (cost=0.00..73925.90 rows=58985 width=4) (actual time=0.047..1294.154 rows=63200 loops=1)
                          Filter: ((kind_id > 4) AND (production_year = 2005))
                          Rows Removed by Filter: 2465112
Planning time: 1.152 ms
Execution time: 20049.828 ms
