Hash Join  (cost=94574.69..187527.84 rows=1298662 width=0) (actual time=2135.662..4477.264 rows=598347 loops=1)
  Hash Cond: (mc.movie_id = t.id)
  ->  Seq Scan on movie_companies mc  (cost=0.00..44881.29 rows=2609129 width=4) (actual time=0.024..1004.079 rows=2609129 loops=1)
  ->  Hash  (cost=73925.90..73925.90 rows=1258543 width=4) (actual time=1888.166..1888.166 rows=1221534 loops=1)
        Buckets: 131072  Batches: 32  Memory Usage: 2363kB
        ->  Seq Scan on title t  (cost=0.00..73925.90 rows=1258543 width=4) (actual time=0.027..1493.382 rows=1221534 loops=1)
              Filter: ((production_year < 2011) AND (kind_id = 7))
              Rows Removed by Filter: 1306778
Planning time: 0.751 ms
Execution time: 4547.120 ms
