Seq Scan on movie_companies mc  (cost=0.00..51404.11 rows=1341283 width=0) (actual time=0.024..886.568 rows=1331241 loops=1)
  Filter: (company_id < 11393)
  Rows Removed by Filter: 1277888
Planning time: 0.862 ms
Execution time: 1046.360 ms
