Hash Join  (cost=162519.35..993643.05 rows=173001 width=0) (actual time=10561.509..21569.307 rows=426403 loops=1)
  Hash Cond: (ci.movie_id = t.id)
  ->  Seq Scan on cast_info ci  (cost=0.00..796071.18 rows=6664503 width=4) (actual time=7208.989..15464.448 rows=7993200 loops=1)
        Filter: ((person_id > 1037540) AND (role_id > 4))
        Rows Removed by Filter: 28251144
  ->  Hash  (cost=161698.89..161698.89 rows=65637 width=8) (actual time=3351.411..3351.411 rows=88440 loops=1)
        Buckets: 131072 (originally 131072)  Batches: 2 (originally 1)  Memory Usage: 3073kB
        ->  Hash Join  (cost=74384.48..161698.89 rows=65637 width=8) (actual time=2882.199..3321.996 rows=88440 loops=1)
              Hash Cond: (mk.movie_id = t.id)
              ->  Seq Scan on movie_keyword mk  (cost=0.00..69693.30 rows=4523930 width=4) (actual time=0.028..1131.284 rows=4523930 loops=1)
              ->  Hash  (cost=73925.90..73925.90 rows=36686 width=4) (actual time=1290.948..1290.948 rows=39125 loops=1)
                    Buckets: 65536  Batches: 1  Memory Usage: 1888kB
                    ->  Seq Scan on title t  (cost=0.00..73925.90 rows=36686 width=4) (actual time=0.062..1274.191 rows=39125 loops=1)
                          Filter: ((production_year < 2000) AND (kind_id = 2))
                          Rows Removed by Filter: 2489187
Planning time: 2.803 ms
Execution time: 21615.734 ms
