Hash Join  (cost=137516.40..202055.17 rows=106189 width=0) (actual time=2823.066..4189.545 rows=197708 loops=1)
  Hash Cond: (mc.movie_id = t.id)
  ->  Seq Scan on movie_companies mc  (cost=0.00..51404.11 rows=948469 width=4) (actual time=0.022..914.456 rows=946796 loops=1)
        Filter: (company_id < 3662)
        Rows Removed by Filter: 1662333
  ->  Hash  (cost=132871.77..132871.77 rows=283091 width=8) (actual time=2800.238..2800.238 rows=141906 loops=1)
        Buckets: 131072  Batches: 4  Memory Usage: 2407kB
        ->  Hash Join  (cost=92883.59..132871.77 rows=283091 width=8) (actual time=2078.669..2757.490 rows=141906 loops=1)
              Hash Cond: (mi_idx.movie_id = t.id)
              ->  Seq Scan on movie_info_idx mi_idx  (cost=0.00..25185.44 rows=464566 width=4) (actual time=0.024..430.443 rows=459925 loops=1)
                    Filter: (info_type_id = 101)
                    Rows Removed by Filter: 920110
              ->  Hash  (cost=67604.59..67604.59 rows=1540800 width=4) (actual time=1810.845..1810.845 rows=1543264 loops=1)
                    Buckets: 131072  Batches: 32  Memory Usage: 2722kB
                    ->  Seq Scan on title t  (cost=0.00..67604.59 rows=1540800 width=4) (actual time=0.013..1316.907 rows=1543264 loops=1)
                          Filter: (kind_id = 7)
                          Rows Removed by Filter: 985048
Planning time: 1.225 ms
Execution time: 4229.842 ms
