Hash Join  (cost=160489.75..527112.07 rows=196641 width=0) (actual time=3320.663..12139.067 rows=2500159 loops=1)
  Hash Cond: (mi.movie_id = t.id)
  ->  Seq Scan on movie_info mi  (cost=0.00..309384.22 rows=14739122 width=4) (actual time=0.011..4844.959 rows=14835720 loops=1)
  ->  Hash  (cost=160068.07..160068.07 rows=33734 width=8) (actual time=3319.912..3319.912 rows=39833 loops=1)
        Buckets: 65536  Batches: 1  Memory Usage: 2068kB
        ->  Hash Join  (cost=67976.49..160068.07 rows=33734 width=8) (actual time=1254.867..3306.019 rows=39833 loops=1)
              Hash Cond: (mk.movie_id = t.id)
              ->  Seq Scan on movie_keyword mk  (cost=0.00..81003.12 rows=2866965 width=4) (actual time=0.014..1573.452 rows=2854695 loops=1)
                    Filter: (keyword_id > 2554)
                    Rows Removed by Filter: 1669235
              ->  Hash  (cost=67604.59..67604.59 rows=29752 width=4) (actual time=1254.474..1254.474 rows=30027 loops=1)
                    Buckets: 32768  Batches: 1  Memory Usage: 1312kB
                    ->  Seq Scan on title t  (cost=0.00..67604.59 rows=29752 width=4) (actual time=0.056..1241.661 rows=30027 loops=1)
                          Filter: (production_year = 1994)
                          Rows Removed by Filter: 2498285
Planning time: 1.093 ms
Execution time: 12453.368 ms
