Seq Scan on movie_keyword mk  (cost=0.00..81003.12 rows=2376364 width=0) (actual time=0.021..1446.279 rows=2369154 loops=1)
  Filter: (keyword_id > 4073)
  Rows Removed by Filter: 2154776
Planning time: 0.325 ms
Execution time: 1748.326 ms
