Seq Scan on movie_companies mc  (cost=0.00..57926.93 rows=2482 width=0) (actual time=0.076..907.690 rows=4773 loops=1)
  Filter: ((company_id = 1427) AND (company_type_id = 2))
  Rows Removed by Filter: 2604356
Planning time: 0.441 ms
Execution time: 908.470 ms
