Hash Join  (cost=196522.92..278646.46 rows=513101 width=0) (actual time=4495.235..9171.705 rows=8418443 loops=1)
  Hash Cond: (mc.movie_id = t.id)
  ->  Seq Scan on movie_companies mc  (cost=0.00..44881.29 rows=2609129 width=4) (actual time=0.017..1013.752 rows=2609129 loops=1)
  ->  Hash  (cost=188364.30..188364.30 rows=497250 width=8) (actual time=4494.409..4494.409 rows=1122945 loops=1)
        Buckets: 131072 (originally 131072)  Batches: 16 (originally 8)  Memory Usage: 3803kB
        ->  Hash Join  (cost=83810.17..188364.30 rows=497250 width=8) (actual time=1540.461..4189.943 rows=1122945 loops=1)
              Hash Cond: (mk.movie_id = t.id)
              ->  Seq Scan on movie_keyword mk  (cost=0.00..81003.12 rows=1272933 width=4) (actual time=0.025..1632.247 rows=1280088 loops=1)
                    Filter: (keyword_id < 1657)
                    Rows Removed by Filter: 3243842
              ->  Hash  (cost=67604.59..67604.59 rows=987727 width=4) (actual time=1537.689..1537.689 rows=985048 loops=1)
                    Buckets: 131072  Batches: 16  Memory Usage: 3197kB
                    ->  Seq Scan on title t  (cost=0.00..67604.59 rows=987727 width=4) (actual time=0.018..1239.967 rows=985048 loops=1)
                          Filter: (kind_id < 7)
                          Rows Removed by Filter: 1543264
Planning time: 1.131 ms
Execution time: 10155.648 ms
