Nested Loop  (cost=0.43..83072.29 rows=150 width=0) (actual time=1.745..1089.751 rows=212 loops=1)
  ->  Seq Scan on movie_keyword mk  (cost=0.00..81003.12 rows=246 width=4) (actual time=0.232..952.892 rows=2412 loops=1)
        Filter: (keyword_id = 1138)
        Rows Removed by Filter: 4521518
  ->  Index Scan using title_pkey on title t  (cost=0.43..8.40 rows=1 width=4) (actual time=0.056..0.056 rows=0 loops=2412)
        Index Cond: (id = mk.movie_id)
        Filter: (kind_id = 7)
        Rows Removed by Filter: 1
Planning time: 1.924 ms
Execution time: 1089.921 ms
