Hash Join  (cost=615649.57..2169018.22 rows=37353437 width=0) (actual time=13768.676..53869.522 rows=34282933 loops=1)
  Hash Cond: (ci.movie_id = t.id)
  ->  Seq Scan on cast_info ci  (cost=0.00..614943.12 rows=36225612 width=4) (actual time=0.018..13575.390 rows=36244344 loops=1)
  ->  Hash  (cost=572873.95..572873.95 rows=2607249 width=8) (actual time=13765.405..13765.405 rows=1273739 loops=1)
        Buckets: 131072  Batches: 64  Memory Usage: 1790kB
        ->  Hash Join  (cost=85000.09..572873.95 rows=2607249 width=8) (actual time=1647.306..13364.386 rows=1273739 loops=1)
              Hash Cond: (mi.movie_id = t.id)
              ->  Seq Scan on movie_info mi  (cost=0.00..346232.03 rows=9767026 width=4) (actual time=0.021..6848.564 rows=9911754 loops=1)
                    Filter: (info_type_id > 4)
                    Rows Removed by Filter: 4923966
              ->  Hash  (cost=73925.90..73925.90 rows=674975 width=4) (actual time=1504.941..1504.941 rows=739679 loops=1)
                    Buckets: 131072  Batches: 16  Memory Usage: 2660kB
                    ->  Seq Scan on title t  (cost=0.00..73925.90 rows=674975 width=4) (actual time=0.017..1254.273 rows=739679 loops=1)
                          Filter: ((production_year > 2004) AND (kind_id = 7))
                          Rows Removed by Filter: 1788633
Planning time: 1.192 ms
Execution time: 57792.759 ms
