Seq Scan on movie_keyword mk  (cost=0.00..81003.12 rows=2252767 width=0) (actual time=0.024..1119.391 rows=2256092 loops=1)
  Filter: (keyword_id < 4668)
  Rows Removed by Filter: 2267838
Planning time: 0.334 ms
Execution time: 1343.996 ms
