Seq Scan on movie_companies mc  (cost=0.00..51404.11 rows=1483589 width=0) (actual time=0.012..946.409 rows=1485570 loops=1)
  Filter: (company_id > 7941)
  Rows Removed by Filter: 1123559
Planning time: 0.354 ms
Execution time: 1129.361 ms
