Hash Join  (cost=102767.86..184442.55 rows=576354 width=0) (actual time=2040.866..3611.203 rows=305562 loops=1)
  Hash Cond: (mc.movie_id = t.id)
  ->  Seq Scan on movie_companies mc  (cost=0.00..57926.93 rows=576354 width=4) (actual time=0.019..919.249 rows=305562 loops=1)
        Filter: ((company_id > 12565) AND (company_type_id < 2))
        Rows Removed by Filter: 2303567
  ->  Hash  (cost=61283.27..61283.27 rows=2528527 width=4) (actual time=2039.289..2039.289 rows=2528312 loops=1)
        Buckets: 131072  Batches: 64  Memory Usage: 2415kB
        ->  Seq Scan on title t  (cost=0.00..61283.27 rows=2528527 width=4) (actual time=0.006..1181.248 rows=2528312 loops=1)
Planning time: 0.696 ms
Execution time: 3647.824 ms
