Hash Join  (cost=207406.31..588640.09 rows=746466 width=0) (actual time=4002.815..11259.120 rows=1423043 loops=1)
  Hash Cond: (mi.movie_id = t.id)
  ->  Seq Scan on movie_info mi  (cost=0.00..346232.03 rows=2073893 width=4) (actual time=0.018..5468.993 rows=2091068 loops=1)
        Filter: (info_type_id < 3)
        Rows Removed by Filter: 12744652
  ->  Hash  (cost=192474.00..192474.00 rows=910105 width=8) (actual time=4001.901..4001.901 rows=748371 loops=1)
        Buckets: 131072  Batches: 16  Memory Usage: 2893kB
        ->  Hash Join  (cost=102767.86..192474.00 rows=910105 width=8) (actual time=2297.199..3811.154 rows=748371 loops=1)
              Hash Cond: (mc.movie_id = t.id)
              ->  Seq Scan on movie_companies mc  (cost=0.00..57926.93 rows=910105 width=4) (actual time=425.989..1062.377 rows=748371 loops=1)
                    Filter: ((company_id > 1451) AND (company_type_id < 2))
                    Rows Removed by Filter: 1860758
              ->  Hash  (cost=61283.27..61283.27 rows=2528527 width=4) (actual time=1869.880..1869.880 rows=2528312 loops=1)
                    Buckets: 131072  Batches: 64  Memory Usage: 2415kB
                    ->  Seq Scan on title t  (cost=0.00..61283.27 rows=2528527 width=4) (actual time=0.010..1030.445 rows=2528312 loops=1)
Planning time: 1.155 ms
Execution time: 11432.247 ms
