Hash Join  (cost=206114.10..1389503.02 rows=10959581 width=0) (actual time=4262.781..41417.038 rows=10548745 loops=1)
  Hash Cond: (ci.movie_id = t.id)
  ->  Seq Scan on cast_info ci  (cost=0.00..705507.15 rows=31554923 width=4) (actual time=0.026..17319.803 rows=31605208 loops=1)
        Filter: (role_id < 10)
        Rows Removed by Filter: 4639136
  ->  Hash  (cost=191705.58..191705.58 rows=878202 width=8) (actual time=4261.741..4261.741 rows=558910 loops=1)
        Buckets: 131072  Batches: 16  Memory Usage: 2379kB
        ->  Hash Join  (cost=102767.86..191705.58 rows=878202 width=8) (actual time=2306.817..4090.578 rows=558910 loops=1)
              Hash Cond: (mc.movie_id = t.id)
              ->  Seq Scan on movie_companies mc  (cost=0.00..57926.93 rows=878202 width=4) (actual time=261.714..1139.115 rows=558910 loops=1)
                    Filter: ((company_id < 21923) AND (company_type_id > 1))
                    Rows Removed by Filter: 2050219
              ->  Hash  (cost=61283.27..61283.27 rows=2528527 width=4) (actual time=2043.863..2043.863 rows=2528312 loops=1)
                    Buckets: 131072  Batches: 64  Memory Usage: 2415kB
                    ->  Seq Scan on title t  (cost=0.00..61283.27 rows=2528527 width=4) (actual time=0.019..1207.407 rows=2528312 loops=1)
Planning time: 1.183 ms
Execution time: 42678.102 ms
