Hash Join  (cost=100809.69..192870.54 rows=1150622 width=0) (actual time=2182.950..4518.134 rows=880857 loops=1)
  Hash Cond: (mc.movie_id = t.id)
  ->  Seq Scan on movie_companies mc  (cost=0.00..51404.11 rows=1775503 width=4) (actual time=0.029..1020.598 rows=1766944 loops=1)
        Filter: (company_id < 25967)
        Rows Removed by Filter: 842185
  ->  Hash  (cost=73925.90..73925.90 rows=1638623 width=4) (actual time=2181.763..2181.763 rows=1629839 loops=1)
        Buckets: 131072  Batches: 32  Memory Usage: 2813kB
        ->  Seq Scan on title t  (cost=0.00..73925.90 rows=1638623 width=4) (actual time=0.020..1389.547 rows=1629839 loops=1)
              Filter: ((kind_id > 1) AND (production_year < 2012))
              Rows Removed by Filter: 898473
Planning time: 0.609 ms
Execution time: 4609.882 ms
