Seq Scan on movie_companies mc  (cost=0.00..51404.11 rows=2065414 width=0) (actual time=0.021..1009.915 rows=2060842 loops=1)
  Filter: (company_id < 71923)
  Rows Removed by Filter: 548287
Planning time: 0.240 ms
Execution time: 1272.271 ms
