Seq Scan on movie_keyword mk  (cost=0.00..81003.12 rows=3761226 width=0) (actual time=0.025..1519.205 rows=3761777 loops=1)
  Filter: (keyword_id > 716)
  Rows Removed by Filter: 762153
Planning time: 0.375 ms
Execution time: 2008.771 ms
