Seq Scan on movie_companies mc  (cost=0.00..51404.11 rows=1915736 width=0) (actual time=0.014..1038.753 rows=1909862 loops=1)
  Filter: (company_id < 45678)
  Rows Removed by Filter: 699267
Planning time: 0.320 ms
Execution time: 1267.596 ms
