Seq Scan on movie_keyword mk  (cost=0.00..81003.12 rows=3604392 width=0) (actual time=0.024..1430.326 rows=3612388 loops=1)
  Filter: (keyword_id < 20342)
  Rows Removed by Filter: 911542
Planning time: 0.274 ms
Execution time: 1876.585 ms
