Seq Scan on cast_info ci  (cost=0.00..796071.18 rows=6923323 width=0) (actual time=641.537..11564.919 rows=8185584 loops=1)
  Filter: ((person_id < 1009471) AND (role_id < 4))
  Rows Removed by Filter: 28058760
Planning time: 0.307 ms
Execution time: 12487.797 ms
