Seq Scan on cast_info ci  (cost=0.00..705507.15 rows=500 width=0) (actual time=1706.639..10798.538 rows=35 loops=1)
  Filter: (person_id = 2499296)
  Rows Removed by Filter: 36244309
Planning time: 0.321 ms
Execution time: 10798.660 ms
