Seq Scan on cast_info ci  (cost=0.00..796071.18 rows=19388423 width=0) (actual time=1709.416..16096.537 rows=17154325 loops=1)
  Filter: ((person_id < 3012891) AND (role_id > 1))
  Rows Removed by Filter: 19090019
Planning time: 0.306 ms
Execution time: 18202.887 ms
