Hash Join  (cost=199121.35..689454.74 rows=986544 width=0) (actual time=4126.391..17869.450 rows=9169602 loops=1)
  Hash Cond: (mi.movie_id = t.id)
  ->  Seq Scan on movie_info mi  (cost=0.00..309384.22 rows=14739122 width=4) (actual time=0.022..6124.992 rows=14835720 loops=1)
  ->  Hash  (cost=196343.80..196343.80 rows=169244 width=8) (actual time=4118.524..4118.524 rows=152363 loops=1)
        Buckets: 131072  Batches: 4  Memory Usage: 2486kB
        ->  Hash Join  (cost=69460.45..196343.80 rows=169244 width=8) (actual time=1155.460..4066.858 rows=152363 loops=1)
              Hash Cond: (mk.movie_id = t.id)
              ->  Seq Scan on movie_keyword mk  (cost=0.00..81003.12 rows=3783410 width=4) (actual time=0.017..1756.137 rows=3780651 loops=1)
                    Filter: (keyword_id > 674)
                    Rows Removed by Filter: 743279
              ->  Hash  (cost=67604.59..67604.59 rows=113109 width=4) (actual time=977.267..977.267 rows=119565 loops=1)
                    Buckets: 131072  Batches: 2  Memory Usage: 3121kB
                    ->  Seq Scan on title t  (cost=0.00..67604.59 rows=113109 width=4) (actual time=0.021..925.259 rows=119565 loops=1)
                          Filter: (production_year = 2007)
                          Rows Removed by Filter: 2408747
Planning time: 1.414 ms
Execution time: 18879.129 ms
