Hash Join  (cost=102767.86..241440.67 rows=1986073 width=0) (actual time=1881.018..5338.246 rows=1991945 loops=1)
  Hash Cond: (mk.movie_id = t.id)
  ->  Seq Scan on movie_keyword mk  (cost=0.00..81003.12 rows=1986073 width=4) (actual time=0.038..1514.171 rows=1991945 loops=1)
        Filter: (keyword_id > 6294)
        Rows Removed by Filter: 2531985
  ->  Hash  (cost=61283.27..61283.27 rows=2528527 width=4) (actual time=1879.922..1879.922 rows=2528312 loops=1)
        Buckets: 131072  Batches: 64  Memory Usage: 2425kB
        ->  Seq Scan on title t  (cost=0.00..61283.27 rows=2528527 width=4) (actual time=0.026..1021.378 rows=2528312 loops=1)
Planning time: 0.911 ms
Execution time: 5584.702 ms
