Hash Join  (cost=1095137.73..1841690.90 rows=18092663 width=0) (actual time=21853.751..50127.586 rows=53675162 loops=1)
  Hash Cond: (mi.movie_id = t.id)
  ->  Seq Scan on movie_info mi  (cost=0.00..309384.22 rows=14739122 width=4) (actual time=0.016..6210.365 rows=14835720 loops=1)
  ->  Hash  (cost=1044214.80..1044214.80 rows=3103834 width=8) (actual time=21852.538..21852.538 rows=2515295 loops=1)
        Buckets: 131072  Batches: 64  Memory Usage: 2618kB
        ->  Hash Join  (cost=78556.72..1044214.80 rows=3103834 width=8) (actual time=8816.164..21078.884 rows=2515295 loops=1)
              Hash Cond: (ci.movie_id = t.id)
              ->  Seq Scan on cast_info ci  (cost=0.00..796071.18 rows=11756949 width=4) (actual time=7537.811..14366.388 rows=9325602 loops=1)
                    Filter: ((person_id > 2085143) AND (role_id < 6))
                    Rows Removed by Filter: 26918742
              ->  Hash  (cost=67604.59..67604.59 rows=667531 width=4) (actual time=1277.327..1277.327 rows=662825 loops=1)
                    Buckets: 131072  Batches: 16  Memory Usage: 2476kB
                    ->  Seq Scan on title t  (cost=0.00..67604.59 rows=667531 width=4) (actual time=431.020..1071.911 rows=662825 loops=1)
                          Filter: (kind_id = 1)
                          Rows Removed by Filter: 1865487
Planning time: 1.160 ms
Execution time: 55860.572 ms
