Hash Join  (cost=58358.64..423015.74 rows=117 width=0) (actual time=899.748..7750.944 rows=14397 loops=1)
  Hash Cond: (mi.movie_id = t.id)
  ->  Seq Scan on movie_info mi  (cost=0.00..309384.22 rows=14739122 width=4) (actual time=0.028..4145.279 rows=14835720 loops=1)
  ->  Hash  (cost=58358.39..58358.39 rows=20 width=8) (actual time=898.221..898.221 rows=322 loops=1)
        Buckets: 1024  Batches: 1  Memory Usage: 21kB
        ->  Nested Loop  (cost=0.43..58358.39 rows=20 width=8) (actual time=2.156..897.978 rows=322 loops=1)
              ->  Seq Scan on movie_companies mc  (cost=0.00..57926.93 rows=51 width=4) (actual time=2.106..826.373 rows=2398 loops=1)
                    Filter: ((company_type_id < 2) AND (company_id = 575))
                    Rows Removed by Filter: 2606731
              ->  Index Scan using title_pkey on title t  (cost=0.43..8.45 rows=1 width=4) (actual time=0.029..0.029 rows=0 loops=2398)
                    Index Cond: (id = mc.movie_id)
                    Filter: (kind_id < 7)
                    Rows Removed by Filter: 1
Planning time: 1.141 ms
Execution time: 7753.947 ms
