Seq Scan on movie_companies mc  (cost=0.00..57926.93 rows=148143 width=0) (actual time=0.042..866.890 rows=65308 loops=1)
  Filter: ((company_id < 159) AND (company_type_id = 2))
  Rows Removed by Filter: 2543821
Planning time: 0.350 ms
Execution time: 875.466 ms
