Hash Join  (cost=158172.45..654881.57 rows=1584120 width=0) (actual time=3501.770..24903.852 rows=36179935 loops=1)
  Hash Cond: (mi.movie_id = t.id)
  ->  Seq Scan on movie_info mi  (cost=0.00..309384.22 rows=14739122 width=4) (actual time=0.021..5913.742 rows=14835720 loops=1)
  ->  Hash  (cost=153713.46..153713.46 rows=271759 width=8) (actual time=3459.458..3459.458 rows=622443 loops=1)
        Buckets: 131072 (originally 131072)  Batches: 8 (originally 4)  Memory Usage: 4128kB
        ->  Hash Join  (cost=78556.72..153713.46 rows=271759 width=8) (actual time=1594.513..3259.359 rows=622443 loops=1)
              Hash Cond: (mc.movie_id = t.id)
              ->  Seq Scan on movie_companies mc  (cost=0.00..57926.93 rows=1029389 width=4) (actual time=0.023..1062.309 rows=902215 loops=1)
                    Filter: ((company_id > 464) AND (company_type_id = 1))
                    Rows Removed by Filter: 1706914
              ->  Hash  (cost=67604.59..67604.59 rows=667531 width=4) (actual time=1462.125..1462.125 rows=662825 loops=1)
                    Buckets: 131072  Batches: 16  Memory Usage: 2476kB
                    ->  Seq Scan on title t  (cost=0.00..67604.59 rows=667531 width=4) (actual time=0.013..982.124 rows=662825 loops=1)
                          Filter: (kind_id < 2)
                          Rows Removed by Filter: 1865487
Planning time: 1.117 ms
Execution time: 28956.913 ms
