Seq Scan on movie_companies mc  (cost=0.00..57926.93 rows=782791 width=0) (actual time=505.987..1056.893 rows=568362 loops=1)
  Filter: ((company_id > 5132) AND (company_type_id < 2))
  Rows Removed by Filter: 2040767
Planning time: 0.236 ms
Execution time: 1130.096 ms
