Hash Join  (cost=90260.67..161253.24 rows=455306 width=0) (actual time=1691.916..3473.370 rows=359682 loops=1)
  Hash Cond: (mc.movie_id = t.id)
  ->  Seq Scan on movie_companies mc  (cost=0.00..51404.11 rows=833706 width=4) (actual time=0.027..957.221 rows=827716 loops=1)
        Filter: (company_id < 2042)
        Rows Removed by Filter: 1781413
  ->  Hash  (cost=67604.59..67604.59 rows=1380887 width=4) (actual time=1689.756..1689.756 rows=1381453 loops=1)
        Buckets: 131072  Batches: 32  Memory Usage: 2543kB
        ->  Seq Scan on title t  (cost=0.00..67604.59 rows=1380887 width=4) (actual time=0.025..1234.059 rows=1381453 loops=1)
              Filter: (production_year > 2000)
              Rows Removed by Filter: 1146859
Planning time: 4.702 ms
Execution time: 3518.394 ms
