Hash Join  (cost=102767.86..191237.11 rows=858727 width=0) (actual time=1930.036..3983.802 rows=671960 loops=1)
  Hash Cond: (mc.movie_id = t.id)
  ->  Seq Scan on movie_companies mc  (cost=0.00..57926.93 rows=858727 width=4) (actual time=0.030..1049.358 rows=671960 loops=1)
        Filter: ((company_id > 2394) AND (company_type_id = 1))
        Rows Removed by Filter: 1937169
  ->  Hash  (cost=61283.27..61283.27 rows=2528527 width=4) (actual time=1928.028..1928.028 rows=2528312 loops=1)
        Buckets: 131072  Batches: 64  Memory Usage: 2415kB
        ->  Seq Scan on title t  (cost=0.00..61283.27 rows=2528527 width=4) (actual time=0.028..1068.063 rows=2528312 loops=1)
Planning time: 0.695 ms
Execution time: 4063.883 ms
