Hash Join  (cost=117698.78..603487.29 rows=560660 width=0) (actual time=2311.086..15329.260 rows=3951629 loops=1)
  Hash Cond: (mi.movie_id = t.id)
  ->  Seq Scan on movie_info mi  (cost=0.00..309384.22 rows=14739122 width=4) (actual time=0.022..5833.940 rows=14835720 loops=1)
  ->  Hash  (cost=116120.51..116120.51 rows=96182 width=8) (actual time=2310.289..2310.289 rows=213102 loops=1)
        Buckets: 131072 (originally 131072)  Batches: 4 (originally 2)  Memory Usage: 3117kB
        ->  Hash Join  (cost=82581.58..116120.51 rows=96182 width=8) (actual time=1422.340..2242.016 rows=213102 loops=1)
              Hash Cond: (mi_idx.movie_id = t.id)
              ->  Seq Scan on movie_info_idx mi_idx  (cost=0.00..25185.44 rows=460978 width=4) (actual time=0.022..440.467 rows=459925 loops=1)
                    Filter: (info_type_id < 100)
                    Rows Removed by Filter: 920110
              ->  Hash  (cost=73925.90..73925.90 rows=527574 width=4) (actual time=1421.455..1421.455 rows=609532 loops=1)
                    Buckets: 131072  Batches: 8  Memory Usage: 3715kB
                    ->  Seq Scan on title t  (cost=0.00..73925.90 rows=527574 width=4) (actual time=0.023..1219.055 rows=609532 loops=1)
                          Filter: ((kind_id < 7) AND (production_year < 2005))
                          Rows Removed by Filter: 1918780
Planning time: 1.088 ms
Execution time: 15783.256 ms
