Seq Scan on movie_companies mc  (cost=0.00..57926.93 rows=1071099 width=0) (actual time=198.660..1126.084 rows=1198459 loops=1)
  Filter: ((company_id > 452) AND (company_type_id > 1))
  Rows Removed by Filter: 1410670
Planning time: 0.314 ms
Execution time: 1277.055 ms
