Seq Scan on cast_info ci  (cost=0.00..796071.18 rows=13313062 width=0) (actual time=0.024..15380.213 rows=9572017 loops=1)
  Filter: ((person_id < 3002812) AND (role_id > 2))
  Rows Removed by Filter: 26672327
Planning time: 0.313 ms
Execution time: 16555.197 ms
