Seq Scan on movie_keyword mk  (cost=0.00..81003.12 rows=1256968 width=0) (actual time=0.031..1290.768 rows=1266890 loops=1)
  Filter: (keyword_id > 14075)
  Rows Removed by Filter: 3257040
Planning time: 0.306 ms
Execution time: 1444.789 ms
