Hash Join  (cost=184646.70..262723.40 rows=219519 width=0) (actual time=4008.251..7285.440 rows=3635578 loops=1)
  Hash Cond: (mc.movie_id = t.id)
  ->  Seq Scan on movie_companies mc  (cost=0.00..44881.29 rows=2609129 width=4) (actual time=0.011..962.861 rows=2609129 loops=1)
  ->  Hash  (cost=181155.49..181155.49 rows=212737 width=8) (actual time=4007.472..4007.472 rows=558821 loops=1)
        Buckets: 131072 (originally 131072)  Batches: 8 (originally 4)  Memory Usage: 3790kB
        ->  Hash Join  (cost=87162.74..181155.49 rows=212737 width=8) (actual time=1557.494..3861.213 rows=558821 loops=1)
              Hash Cond: (mk.movie_id = t.id)
              ->  Seq Scan on movie_keyword mk  (cost=0.00..81003.12 rows=666733 width=4) (actual time=0.022..1401.408 rows=667241 loops=1)
                    Filter: (keyword_id < 521)
                    Rows Removed by Filter: 3856689
              ->  Hash  (cost=73925.90..73925.90 rows=806787 width=4) (actual time=1555.813..1555.813 rows=843018 loops=1)
                    Buckets: 131072  Batches: 16  Memory Usage: 2888kB
                    ->  Seq Scan on title t  (cost=0.00..73925.90 rows=806787 width=4) (actual time=0.020..1288.076 rows=843018 loops=1)
                          Filter: ((kind_id < 7) AND (production_year < 2011))
                          Rows Removed by Filter: 1685294
Planning time: 1.216 ms
Execution time: 7706.250 ms
