Nested Loop  (cost=0.43..97476.43 rows=5459 width=0) (actual time=200.792..1083.659 rows=6058 loops=1)
  ->  Seq Scan on movie_companies mc  (cost=0.00..57926.93 rows=5459 width=4) (actual time=200.707..948.964 rows=6058 loops=1)
        Filter: ((company_type_id < 2) AND (company_id = 11203))
        Rows Removed by Filter: 2603071
  ->  Index Only Scan using title_pkey on title t  (cost=0.43..7.23 rows=1 width=4) (actual time=0.021..0.022 rows=1 loops=6058)
        Index Cond: (id = mc.movie_id)
        Heap Fetches: 6058
Planning time: 8.590 ms
Execution time: 1085.152 ms
