Seq Scan on movie_companies mc  (cost=0.00..57926.93 rows=380653 width=0) (actual time=297.173..828.440 rows=65107 loops=1)
  Filter: ((company_id > 32464) AND (company_type_id = 1))
  Rows Removed by Filter: 2544022
Planning time: 0.364 ms
Execution time: 837.357 ms
