Seq Scan on cast_info ci  (cost=0.00..705507.15 rows=500 width=0) (actual time=1617.653..10531.871 rows=128 loops=1)
  Filter: (person_id = 710095)
  Rows Removed by Filter: 36244216
Planning time: 0.345 ms
Execution time: 10532.022 ms
