Seq Scan on movie_companies mc  (cost=0.00..51404.11 rows=1068182 width=0) (actual time=0.016..903.180 rows=1079650 loops=1)
  Filter: (company_id > 14375)
  Rows Removed by Filter: 1529479
Planning time: 0.293 ms
Execution time: 1037.729 ms
