Seq Scan on cast_info ci  (cost=0.00..796071.18 rows=334304 width=0) (actual time=854.012..13286.634 rows=275414 loops=1)
  Filter: ((person_id < 1637836) AND (role_id = 6))
  Rows Removed by Filter: 35968930
Planning time: 0.373 ms
Execution time: 13319.394 ms
