Hash Join  (cost=74291.13..101258.51 rows=5327 width=0) (actual time=1300.255..1885.715 rows=5270 loops=1)
  Hash Cond: (mi_idx.movie_id = t.id)
  ->  Seq Scan on movie_info_idx mi_idx  (cost=0.00..25185.44 rows=460978 width=4) (actual time=0.023..448.396 rows=459925 loops=1)
        Filter: (info_type_id < 100)
        Rows Removed by Filter: 920110
  ->  Hash  (cost=73925.90..73925.90 rows=29218 width=4) (actual time=1299.470..1299.470 rows=30850 loops=1)
        Buckets: 32768  Batches: 1  Memory Usage: 1341kB
        ->  Seq Scan on title t  (cost=0.00..73925.90 rows=29218 width=4) (actual time=0.173..1285.564 rows=30850 loops=1)
              Filter: ((kind_id > 1) AND (production_year = 1995))
              Rows Removed by Filter: 2497462
Planning time: 1.261 ms
Execution time: 1886.787 ms
