Hash Join  (cost=709675.79..736586.88 rows=61 width=0) (actual time=11558.600..12056.954 rows=36 loops=1)
  Hash Cond: (mi_idx.movie_id = t.id)
  ->  Seq Scan on movie_info_idx mi_idx  (cost=0.00..21735.35 rows=1380035 width=4) (actual time=0.019..323.210 rows=1380035 loops=1)
  ->  Hash  (cost=709674.40..709674.40 rows=111 width=8) (actual time=11460.592..11460.592 rows=12 loops=1)
        Buckets: 1024  Batches: 1  Memory Usage: 9kB
        ->  Nested Loop  (cost=0.43..709674.40 rows=111 width=8) (actual time=7248.789..11460.563 rows=12 loops=1)
              ->  Seq Scan on cast_info ci  (cost=0.00..705507.15 rows=500 width=4) (actual time=5991.394..11456.400 rows=89 loops=1)
                    Filter: (person_id = 2750074)
                    Rows Removed by Filter: 36244255
              ->  Index Scan using title_pkey on title t  (cost=0.43..8.32 rows=1 width=4) (actual time=0.045..0.045 rows=0 loops=89)
                    Index Cond: (id = ci.movie_id)
                    Filter: ((kind_id < 7) AND (production_year > 1999))
                    Rows Removed by Filter: 1
Planning time: 1.170 ms
Execution time: 12057.118 ms
