Hash Join  (cost=156356.93..552632.40 rows=266189 width=0) (actual time=3503.923..12079.911 rows=2142309 loops=1)
  Hash Cond: (mi.movie_id = t.id)
  ->  Seq Scan on movie_info mi  (cost=0.00..346232.03 rows=9476311 width=4) (actual time=472.098..6509.149 rows=9565151 loops=1)
        Filter: (info_type_id < 16)
        Rows Removed by Filter: 5270569
  ->  Hash  (cost=155469.11..155469.11 rows=71026 width=8) (actual time=3031.049..3031.049 rows=72797 loops=1)
        Buckets: 131072  Batches: 1  Memory Usage: 3868kB
        ->  Hash Join  (cost=68100.81..155469.11 rows=71026 width=8) (actual time=1078.994..3007.304 rows=72797 loops=1)
              Hash Cond: (mk.movie_id = t.id)
              ->  Seq Scan on movie_keyword mk  (cost=0.00..69693.30 rows=4523930 width=4) (actual time=0.020..1044.630 rows=4523930 loops=1)
              ->  Hash  (cost=67604.59..67604.59 rows=39698 width=4) (actual time=1078.494..1078.494 rows=36437 loops=1)
                    Buckets: 65536  Batches: 1  Memory Usage: 1793kB
                    ->  Seq Scan on title t  (cost=0.00..67604.59 rows=39698 width=4) (actual time=0.059..1062.870 rows=36437 loops=1)
                          Filter: (production_year = 1995)
                          Rows Removed by Filter: 2491875
Planning time: 1.084 ms
Execution time: 12364.305 ms
