Seq Scan on movie_companies mc  (cost=0.00..51404.11 rows=104 width=0) (actual time=1.075..783.453 rows=10 loops=1)
  Filter: (company_id = 31948)
  Rows Removed by Filter: 2609119
Planning time: 0.319 ms
Execution time: 783.521 ms
