Hash Join  (cost=102767.86..937081.11 rows=1178712 width=0) (actual time=3865.927..17186.073 rows=3383974 loops=1)
  Hash Cond: (ci.movie_id = t.id)
  ->  Seq Scan on cast_info ci  (cost=0.00..796071.18 rows=1178712 width=4) (actual time=1943.346..12236.742 rows=3383974 loops=1)
        Filter: ((person_id > 2784536) AND (role_id > 9))
        Rows Removed by Filter: 32860370
  ->  Hash  (cost=61283.27..61283.27 rows=2528527 width=4) (actual time=1920.509..1920.509 rows=2528312 loops=1)
        Buckets: 131072  Batches: 64  Memory Usage: 2415kB
        ->  Seq Scan on title t  (cost=0.00..61283.27 rows=2528527 width=4) (actual time=0.030..1099.589 rows=2528312 loops=1)
Planning time: 0.793 ms
Execution time: 17579.959 ms
