Hash Join  (cost=84197.31..1234098.15 rows=8992340 width=0) (actual time=1464.610..35831.962 rows=10246817 loops=1)
  Hash Cond: (ci.movie_id = t.id)
  ->  Seq Scan on cast_info ci  (cost=0.00..796071.18 rows=22482468 width=4) (actual time=0.023..17890.404 rows=21996470 loops=1)
        Filter: ((person_id < 3749763) AND (role_id > 1))
        Rows Removed by Filter: 14247874
  ->  Hash  (cost=67604.59..67604.59 rows=1011338 width=4) (actual time=1463.635..1463.635 rows=1012920 loops=1)
        Buckets: 131072  Batches: 16  Memory Usage: 3250kB
        ->  Seq Scan on title t  (cost=0.00..67604.59 rows=1011338 width=4) (actual time=0.021..1140.779 rows=1012920 loops=1)
              Filter: (production_year > 2005)
              Rows Removed by Filter: 1515392
Planning time: 0.711 ms
Execution time: 37016.221 ms
