Hash Join  (cost=102767.86..257851.56 rows=2668097 width=0) (actual time=2045.585..6221.909 rows=2662960 loops=1)
  Hash Cond: (mk.movie_id = t.id)
  ->  Seq Scan on movie_keyword mk  (cost=0.00..81003.12 rows=2668097 width=4) (actual time=0.023..1733.042 rows=2662960 loops=1)
        Filter: (keyword_id < 7415)
        Rows Removed by Filter: 1860970
  ->  Hash  (cost=61283.27..61283.27 rows=2528527 width=4) (actual time=2043.578..2043.578 rows=2528312 loops=1)
        Buckets: 131072  Batches: 64  Memory Usage: 2425kB
        ->  Seq Scan on title t  (cost=0.00..61283.27 rows=2528527 width=4) (actual time=0.019..1151.849 rows=2528312 loops=1)
Planning time: 0.668 ms
Execution time: 6545.225 ms
