Seq Scan on movie_companies mc  (cost=0.00..57926.93 rows=1080133 width=0) (actual time=0.017..926.095 rows=1274246 loops=1)
  Filter: ((company_id < 81040) AND (company_type_id < 2))
  Rows Removed by Filter: 1334883
Planning time: 0.209 ms
Execution time: 1073.791 ms
