Hash Join  (cost=102767.86..1586764.20 rows=31942227 width=0) (actual time=2017.411..45885.542 rows=32093800 loops=1)
  Hash Cond: (ci.movie_id = t.id)
  ->  Seq Scan on cast_info ci  (cost=0.00..705507.15 rows=31942227 width=4) (actual time=0.022..17127.620 rows=32093800 loops=1)
        Filter: (person_id > 399001)
        Rows Removed by Filter: 4150544
  ->  Hash  (cost=61283.27..61283.27 rows=2528527 width=4) (actual time=2014.891..2014.891 rows=2528312 loops=1)
        Buckets: 131072  Batches: 64  Memory Usage: 2415kB
        ->  Seq Scan on title t  (cost=0.00..61283.27 rows=2528527 width=4) (actual time=0.011..1175.989 rows=2528312 loops=1)
Planning time: 0.726 ms
Execution time: 49667.180 ms
