Seq Scan on movie_keyword mk  (cost=0.00..81003.12 rows=246 width=0) (actual time=16.834..1258.533 rows=139 loops=1)
  Filter: (keyword_id = 10282)
  Rows Removed by Filter: 4523791
Planning time: 0.360 ms
Execution time: 1258.718 ms
