Hash Join  (cost=923264.83..1058267.67 rows=1067080 width=0) (actual time=18281.267..21727.837 rows=3267528 loops=1)
  Hash Cond: (mk.movie_id = t.id)
  ->  Seq Scan on movie_keyword mk  (cost=0.00..69693.30 rows=4523930 width=4) (actual time=0.015..1411.795 rows=4523930 loops=1)
  ->  Hash  (cost=913479.64..913479.64 rows=596415 width=8) (actual time=17240.517..17240.517 rows=2005748 loops=1)
        Buckets: 131072 (originally 131072)  Batches: 32 (originally 8)  Memory Usage: 3447kB
        ->  Hash Join  (cost=92883.59..913479.64 rows=596415 width=8) (actual time=4281.955..16664.203 rows=2005748 loops=1)
              Hash Cond: (ci.movie_id = t.id)
              ->  Seq Scan on cast_info ci  (cost=0.00..796071.18 rows=978745 width=4) (actual time=2191.718..12325.838 rows=2993732 loops=1)
                    Filter: ((person_id > 2865662) AND (role_id = 10))
                    Rows Removed by Filter: 33250612
              ->  Hash  (cost=67604.59..67604.59 rows=1540800 width=4) (actual time=2089.004..2089.004 rows=1543264 loops=1)
                    Buckets: 131072  Batches: 32  Memory Usage: 2722kB
                    ->  Seq Scan on title t  (cost=0.00..67604.59 rows=1540800 width=4) (actual time=0.029..1325.777 rows=1543264 loops=1)
                          Filter: (kind_id = 7)
                          Rows Removed by Filter: 985048
Planning time: 1.160 ms
Execution time: 22119.936 ms
