Nested Loop  (cost=0.43..799702.19 rows=435 width=0) (actual time=2666.624..15275.987 rows=532 loops=1)
  ->  Seq Scan on cast_info ci  (cost=0.00..796071.18 rows=435 width=4) (actual time=2666.523..15250.612 rows=532 loops=1)
        Filter: ((role_id < 10) AND (person_id = 1082549))
        Rows Removed by Filter: 36243812
  ->  Index Only Scan using title_pkey on title t  (cost=0.43..8.34 rows=1 width=4) (actual time=0.047..0.047 rows=1 loops=532)
        Index Cond: (id = ci.movie_id)
        Heap Fetches: 532
Planning time: 0.731 ms
Execution time: 15276.207 ms
