Hash Join  (cost=78917.17..547308.33 rows=1139997 width=0) (actual time=2107.722..13949.791 rows=3509323 loops=1)
  Hash Cond: (mi.movie_id = t.id)
  ->  Seq Scan on movie_info mi  (cost=0.00..346232.03 rows=9476311 width=4) (actual time=850.310..6874.587 rows=9565151 loops=1)
        Filter: (info_type_id < 16)
        Rows Removed by Filter: 5270569
  ->  Hash  (cost=73925.90..73925.90 rows=304181 width=4) (actual time=1256.037..1256.037 rows=422218 loops=1)
        Buckets: 131072 (originally 131072)  Batches: 8 (originally 4)  Memory Usage: 3073kB
        ->  Seq Scan on title t  (cost=0.00..73925.90 rows=304181 width=4) (actual time=0.035..1116.789 rows=422218 loops=1)
              Filter: ((kind_id < 7) AND (production_year < 1994))
              Rows Removed by Filter: 2106094
Planning time: 0.966 ms
Execution time: 14352.336 ms
