Hash Join  (cost=96094.99..1328761.41 rows=19358425 width=0) (actual time=1873.938..45772.958 rows=21589475 loops=1)
  Hash Cond: (ci.movie_id = t.id)
  ->  Seq Scan on cast_info ci  (cost=0.00..614943.12 rows=36225612 width=4) (actual time=0.013..13111.370 rows=36244344 loops=1)
  ->  Hash  (cost=73925.90..73925.90 rows=1351207 width=4) (actual time=1872.593..1872.593 rows=1478140 loops=1)
        Buckets: 131072  Batches: 32  Memory Usage: 2658kB
        ->  Seq Scan on title t  (cost=0.00..73925.90 rows=1351207 width=4) (actual time=0.031..1396.517 rows=1478140 loops=1)
              Filter: ((kind_id > 1) AND (production_year > 1986))
              Rows Removed by Filter: 1050172
Planning time: 11.443 ms
Execution time: 48126.483 ms
