Hash Join  (cost=67697.55..127506.17 rows=6541 width=0) (actual time=936.282..2357.151 rows=14399 loops=1)
  Hash Cond: (mc.movie_id = t.id)
  ->  Seq Scan on movie_companies mc  (cost=0.00..51404.11 rows=2223758 width=4) (actual time=0.021..982.002 rows=2223482 loops=1)
        Filter: (company_id > 225)
        Rows Removed by Filter: 385647
  ->  Hash  (cost=67604.59..67604.59 rows=7437 width=4) (actual time=933.559..933.559 rows=14349 loops=1)
        Buckets: 16384 (originally 8192)  Batches: 1 (originally 1)  Memory Usage: 633kB
        ->  Seq Scan on title t  (cost=0.00..67604.59 rows=7437 width=4) (actual time=0.068..926.833 rows=14349 loops=1)
              Filter: (production_year = 1969)
              Rows Removed by Filter: 2513963
Planning time: 0.809 ms
Execution time: 2359.833 ms
