Hash Join  (cost=28266.98..114925.40 rows=38 width=0) (actual time=567.680..2307.610 rows=1086 loops=1)
  Hash Cond: (mk.movie_id = t.id)
  ->  Seq Scan on movie_keyword mk  (cost=0.00..69693.30 rows=4523930 width=4) (actual time=0.014..1104.824 rows=4523930 loops=1)
  ->  Hash  (cost=28266.72..28266.72 rows=21 width=8) (actual time=445.661..445.661 rows=8 loops=1)
        Buckets: 1024  Batches: 1  Memory Usage: 9kB
        ->  Nested Loop  (cost=0.43..28266.72 rows=21 width=8) (actual time=121.217..445.640 rows=8 loops=1)
              ->  Seq Scan on movie_info_idx mi_idx  (cost=0.00..25185.44 rows=368 width=4) (actual time=120.824..437.943 rows=260 loops=1)
                    Filter: (info_type_id > 101)
                    Rows Removed by Filter: 1379775
              ->  Index Scan using title_pkey on title t  (cost=0.43..8.36 rows=1 width=4) (actual time=0.029..0.029 rows=0 loops=260)
                    Index Cond: (id = mi_idx.movie_id)
                    Filter: (production_year = 2010)
                    Rows Removed by Filter: 1
Planning time: 1.182 ms
Execution time: 2307.943 ms
