Hash Join  (cost=1018504.83..3727833.73 rows=129873228 width=0) (actual time=25786.977..128301.894 rows=279508926 loops=1)
  Hash Cond: (ci.movie_id = t.id)
  ->  Seq Scan on cast_info ci  (cost=0.00..705507.15 rows=22280022 width=4) (actual time=0.020..15873.745 rows=22117142 loops=1)
        Filter: (person_id < 2252868)
        Rows Removed by Filter: 14127202
  ->  Hash  (cost=776690.81..776690.81 rows=14739122 width=8) (actual time=25784.379..25784.379 rows=14835720 loops=1)
        Buckets: 131072  Batches: 256  Memory Usage: 3268kB
        ->  Hash Join  (cost=102767.86..776690.81 rows=14739122 width=8) (actual time=1977.754..21703.513 rows=14835720 loops=1)
              Hash Cond: (mi.movie_id = t.id)
              ->  Seq Scan on movie_info mi  (cost=0.00..309384.22 rows=14739122 width=4) (actual time=1.909..6464.925 rows=14835720 loops=1)
              ->  Hash  (cost=61283.27..61283.27 rows=2528527 width=4) (actual time=1974.496..1974.496 rows=2528312 loops=1)
                    Buckets: 131072  Batches: 64  Memory Usage: 2425kB
                    ->  Seq Scan on title t  (cost=0.00..61283.27 rows=2528527 width=4) (actual time=0.013..1098.282 rows=2528312 loops=1)
Planning time: 1.136 ms
Execution time: 159041.824 ms
