Hash Join  (cost=102767.86..172066.46 rows=62010 width=0) (actual time=2476.967..3345.756 rows=121231 loops=1)
  Hash Cond: (mc.movie_id = t.id)
  ->  Seq Scan on movie_companies mc  (cost=0.00..57926.93 rows=62010 width=4) (actual time=575.070..936.462 rows=121231 loops=1)
        Filter: ((company_id > 145683) AND (company_type_id > 1))
        Rows Removed by Filter: 2487898
  ->  Hash  (cost=61283.27..61283.27 rows=2528527 width=4) (actual time=1899.597..1899.597 rows=2528312 loops=1)
        Buckets: 131072  Batches: 64  Memory Usage: 2415kB
        ->  Seq Scan on title t  (cost=0.00..61283.27 rows=2528527 width=4) (actual time=0.024..1073.209 rows=2528312 loops=1)
Planning time: 0.771 ms
Execution time: 3360.785 ms
