Hash Join  (cost=146868.26..674822.13 rows=3272622 width=0) (actual time=3398.916..19446.112 rows=11399074 loops=1)
  Hash Cond: (mi.movie_id = t.id)
  ->  Seq Scan on movie_info mi  (cost=0.00..346232.03 rows=12665229 width=4) (actual time=0.025..7063.945 rows=12744652 loops=1)
        Filter: (info_type_id > 2)
        Rows Removed by Filter: 2091068
  ->  Hash  (cost=136148.30..136148.30 rows=653357 width=8) (actual time=3396.692..3396.692 rows=794821 loops=1)
        Buckets: 131072  Batches: 16  Memory Usage: 2990kB
        ->  Hash Join  (cost=87245.25..136148.30 rows=653357 width=8) (actual time=1600.838..3160.457 rows=794821 loops=1)
              Hash Cond: (mi_idx.movie_id = t.id)
              ->  Seq Scan on movie_info_idx mi_idx  (cost=0.00..21735.35 rows=1380035 width=4) (actual time=0.017..477.611 rows=1380035 loops=1)
              ->  Hash  (cost=67604.59..67604.59 rows=1197093 width=4) (actual time=1599.811..1599.811 rows=1195923 loops=1)
                    Buckets: 131072  Batches: 16  Memory Usage: 3653kB
                    ->  Seq Scan on title t  (cost=0.00..67604.59 rows=1197093 width=4) (actual time=0.020..1222.019 rows=1195923 loops=1)
                          Filter: (production_year < 2003)
                          Rows Removed by Filter: 1332389
Planning time: 4.493 ms
Execution time: 20840.332 ms
