Seq Scan on cast_info ci  (cost=0.00..705507.15 rows=8231 width=0) (actual time=10740.689..11104.765 rows=11821 loops=1)
  Filter: (person_id > 4059953)
  Rows Removed by Filter: 36232523
Planning time: 0.353 ms
Execution time: 11106.480 ms
