Seq Scan on cast_info ci  (cost=0.00..796071.18 rows=20732340 width=0) (actual time=2063.206..16463.526 rows=19250683 loops=1)
  Filter: ((person_id < 3270420) AND (role_id > 1))
  Rows Removed by Filter: 16993661
Planning time: 0.378 ms
Execution time: 18799.259 ms
