Hash Join  (cost=110215.89..232953.24 rows=106699 width=0) (actual time=1967.314..4874.753 rows=276922 loops=1)
  Hash Cond: (mk.movie_id = t.id)
  ->  Seq Scan on movie_keyword mk  (cost=0.00..81003.12 rows=3490996 width=4) (actual time=0.024..1808.075 rows=3486699 loops=1)
        Filter: (keyword_id < 17087)
        Rows Removed by Filter: 1037231
  ->  Hash  (cost=108947.86..108947.86 rows=77282 width=8) (actual time=1966.394..1966.394 rows=60683 loops=1)
        Buckets: 131072  Batches: 2  Memory Usage: 2214kB
        ->  Hash Join  (cost=69928.56..108947.86 rows=77282 width=8) (actual time=1090.341..1946.634 rows=60683 loops=1)
              Hash Cond: (mi_idx.movie_id = t.id)
              ->  Seq Scan on movie_info_idx mi_idx  (cost=0.00..21735.35 rows=1380035 width=4) (actual time=0.024..391.430 rows=1380035 loops=1)
              ->  Hash  (cost=67604.59..67604.59 rows=141598 width=4) (actual time=1089.413..1089.413 rows=141703 loops=1)
                    Buckets: 131072  Batches: 2  Memory Usage: 3511kB
                    ->  Seq Scan on title t  (cost=0.00..67604.59 rows=141598 width=4) (actual time=0.017..1033.612 rows=141703 loops=1)
                          Filter: (production_year = 2010)
                          Rows Removed by Filter: 2386609
Planning time: 1.160 ms
Execution time: 4909.317 ms
