Hash Join  (cost=161158.40..528276.38 rows=246207 width=0) (actual time=2991.266..11568.851 rows=1709430 loops=1)
  Hash Cond: (mi.movie_id = t.id)
  ->  Seq Scan on movie_info mi  (cost=0.00..309384.22 rows=14739122 width=4) (actual time=0.013..4562.277 rows=14835720 loops=1)
  ->  Hash  (cost=160630.44..160630.44 rows=42237 width=8) (actual time=2990.878..2990.878 rows=33460 loops=1)
        Buckets: 65536  Batches: 1  Memory Usage: 1820kB
        ->  Hash Join  (cost=69928.56..160630.44 rows=42237 width=8) (actual time=1292.819..2980.353 rows=33460 loops=1)
              Hash Cond: (mk.movie_id = t.id)
              ->  Seq Scan on movie_keyword mk  (cost=0.00..81003.12 rows=754235 width=4) (actual time=0.017..1431.943 rows=762436 loops=1)
                    Filter: (keyword_id > 24598)
                    Rows Removed by Filter: 3761494
              ->  Hash  (cost=67604.59..67604.59 rows=141598 width=4) (actual time=1292.005..1292.005 rows=141703 loops=1)
                    Buckets: 131072  Batches: 2  Memory Usage: 3517kB
                    ->  Seq Scan on title t  (cost=0.00..67604.59 rows=141598 width=4) (actual time=1.053..1236.911 rows=141703 loops=1)
                          Filter: (production_year = 2010)
                          Rows Removed by Filter: 2386609
Planning time: 1.197 ms
Execution time: 11788.420 ms
