Seq Scan on movie_keyword mk  (cost=0.00..81003.12 rows=246 width=0) (actual time=76.824..1328.171 rows=73 loops=1)
  Filter: (keyword_id = 20143)
  Rows Removed by Filter: 4523857
Planning time: 1.046 ms
Execution time: 1328.316 ms
