Seq Scan on cast_info ci  (cost=0.00..796071.18 rows=254699 width=0) (actual time=10547.849..14708.468 rows=85898 loops=1)
  Filter: ((person_id < 2726405) AND (role_id > 10))
  Rows Removed by Filter: 36158446
Planning time: 6.092 ms
Execution time: 14719.028 ms
