Seq Scan on movie_companies mc  (cost=0.00..51404.11 rows=2209496 width=0) (actual time=0.020..903.225 rows=2210295 loops=1)
  Filter: (company_id > 250)
  Rows Removed by Filter: 398834
Planning time: 0.339 ms
Execution time: 1157.256 ms
