Hash Join  (cost=96094.99..146441.17 rows=737470 width=0) (actual time=1917.704..3437.464 rows=601749 loops=1)
  Hash Cond: (mi_idx.movie_id = t.id)
  ->  Seq Scan on movie_info_idx mi_idx  (cost=0.00..21735.35 rows=1380035 width=4) (actual time=0.015..495.496 rows=1380035 loops=1)
  ->  Hash  (cost=73925.90..73925.90 rows=1351207 width=4) (actual time=1916.561..1916.561 rows=1478140 loops=1)
        Buckets: 131072  Batches: 32  Memory Usage: 2658kB
        ->  Seq Scan on title t  (cost=0.00..73925.90 rows=1351207 width=4) (actual time=0.023..1424.174 rows=1478140 loops=1)
              Filter: ((kind_id > 1) AND (production_year > 1986))
              Rows Removed by Filter: 1050172
Planning time: 0.743 ms
Execution time: 3506.691 ms
