Hash Join  (cost=832722.44..2777607.17 rows=69161337 width=0) (actual time=24239.455..99336.623 rows=181220400 loops=1)
  Hash Cond: (ci.movie_id = t.id)
  ->  Seq Scan on cast_info ci  (cost=0.00..796071.18 rows=19585904 width=4) (actual time=3488.719..18621.347 rows=21926232 loops=1)
        Filter: ((person_id > 574853) AND (role_id > 1))
        Rows Removed by Filter: 14318112
  ->  Hash  (cost=686235.91..686235.91 rows=8928682 width=8) (actual time=20749.248..20749.248 rows=7817192 loops=1)
        Buckets: 131072  Batches: 128  Memory Usage: 3409kB
        ->  Hash Join  (cost=92735.26..686235.91 rows=8928682 width=8) (actual time=1786.947..18002.141 rows=7817192 loops=1)
              Hash Cond: (mi.movie_id = t.id)
              ->  Seq Scan on movie_info mi  (cost=0.00..309384.22 rows=14739122 width=4) (actual time=0.033..6082.110 rows=14835720 loops=1)
              ->  Hash  (cost=67604.59..67604.59 rows=1531734 width=4) (actual time=1784.753..1784.753 rows=1531613 loops=1)
                    Buckets: 131072  Batches: 32  Memory Usage: 2716kB
                    ->  Seq Scan on title t  (cost=0.00..67604.59 rows=1531734 width=4) (actual time=0.022..1274.943 rows=1531613 loops=1)
                          Filter: (production_year > 1997)
                          Rows Removed by Filter: 996699
Planning time: 1.593 ms
Execution time: 119746.747 ms
