Seq Scan on movie_companies mc  (cost=0.00..57926.93 rows=584044 width=0) (actual time=0.021..995.471 rows=317386 loops=1)
  Filter: ((company_id > 12320) AND (company_type_id = 1))
  Rows Removed by Filter: 2291743
Planning time: 0.289 ms
Execution time: 1035.176 ms
