Hash Join  (cost=139746.17..958140.80 rows=308685 width=0) (actual time=9922.677..20920.576 rows=279357 loops=1)
  Hash Cond: (ci.movie_id = t.id)
  ->  Seq Scan on cast_info ci  (cost=0.00..705507.15 rows=9468168 width=4) (actual time=6299.441..13744.277 rows=9384703 loops=1)
        Filter: (role_id > 4)
        Rows Removed by Filter: 26859641
  ->  Hash  (cost=138392.72..138392.72 rows=82436 width=8) (actual time=3622.112..3622.112 rows=152466 loops=1)
        Buckets: 131072  Batches: 2  Memory Usage: 4005kB
        ->  Hash Join  (cost=70177.20..138392.72 rows=82436 width=8) (actual time=1953.164..3572.947 rows=152466 loops=1)
              Hash Cond: (mc.movie_id = t.id)
              ->  Seq Scan on movie_companies mc  (cost=0.00..51404.11 rows=1329612 width=4) (actual time=0.068..1042.122 rows=1334883 loops=1)
                    Filter: (company_type_id = 2)
                    Rows Removed by Filter: 1274246
              ->  Hash  (cost=67604.59..67604.59 rows=156769 width=4) (actual time=1952.232..1952.232 rows=160337 loops=1)
                    Buckets: 131072  Batches: 4  Memory Usage: 2431kB
                    ->  Seq Scan on title t  (cost=0.00..67604.59 rows=156769 width=4) (actual time=0.481..1193.886 rows=160337 loops=1)
                          Filter: (production_year < 1949)
                          Rows Removed by Filter: 2367975
Planning time: 1.161 ms
Execution time: 20954.553 ms
