Hash Join  (cost=97066.09..1157618.29 rows=9181696 width=0) (actual time=2058.180..22079.360 rows=5025310 loops=1)
  Hash Cond: (ci.movie_id = t.id)
  ->  Seq Scan on cast_info ci  (cost=0.00..796071.18 rows=12928612 width=4) (actual time=0.024..14613.074 rows=7137449 loops=1)
        Filter: ((person_id < 1987457) AND (role_id > 1))
        Rows Removed by Filter: 29106895
  ->  Hash  (cost=67604.59..67604.59 rows=1795720 width=4) (actual time=2057.384..2057.384 rows=1794153 loops=1)
        Buckets: 131072  Batches: 32  Memory Usage: 2992kB
        ->  Seq Scan on title t  (cost=0.00..67604.59 rows=1795720 width=4) (actual time=0.005..1472.672 rows=1794153 loops=1)
              Filter: (production_year < 2009)
              Rows Removed by Filter: 734159
Planning time: 0.788 ms
Execution time: 22663.959 ms
