Seq Scan on cast_info ci  (cost=0.00..796071.18 rows=247774 width=0) (actual time=5184.290..11309.358 rows=166 loops=1)
  Filter: ((person_id < 115698) AND (role_id = 2))
  Rows Removed by Filter: 36244178
Planning time: 0.370 ms
Execution time: 11309.508 ms
