Hash Join  (cost=67697.55..94625.21 rows=1356 width=0) (actual time=1081.832..1711.665 rows=3768 loops=1)
  Hash Cond: (mi_idx.movie_id = t.id)
  ->  Seq Scan on movie_info_idx mi_idx  (cost=0.00..25185.44 rows=460978 width=4) (actual time=0.019..512.548 rows=459925 loops=1)
        Filter: (info_type_id < 100)
        Rows Removed by Filter: 920110
  ->  Hash  (cost=67604.59..67604.59 rows=7437 width=4) (actual time=1081.567..1081.567 rows=14428 loops=1)
        Buckets: 16384 (originally 8192)  Batches: 1 (originally 1)  Memory Usage: 636kB
        ->  Seq Scan on title t  (cost=0.00..67604.59 rows=7437 width=4) (actual time=0.020..1074.486 rows=14428 loops=1)
              Filter: (production_year = 1978)
              Rows Removed by Filter: 2513884
Planning time: 0.742 ms
Execution time: 1712.549 ms
