Hash Join  (cost=170724.13..549098.65 rows=98696 width=0) (actual time=2613.556..9304.965 rows=503264 loops=1)
  Hash Cond: (mi.movie_id = t.id)
  ->  Seq Scan on movie_info mi  (cost=0.00..346232.03 rows=6231111 width=4) (actual time=0.012..5474.881 rows=6223494 loops=1)
        Filter: (info_type_id > 8)
        Rows Removed by Filter: 8612226
  ->  Hash  (cost=170223.52..170223.52 rows=40049 width=8) (actual time=2611.568..2611.568 rows=29976 loops=1)
        Buckets: 65536  Batches: 1  Memory Usage: 1683kB
        ->  Hash Join  (cost=74251.74..170223.52 rows=40049 width=8) (actual time=698.053..2602.040 rows=29976 loops=1)
              Hash Cond: (mk.movie_id = t.id)
              ->  Seq Scan on movie_keyword mk  (cost=0.00..81003.12 rows=3884842 width=4) (actual time=0.019..1349.696 rows=3884292 loops=1)
                    Filter: (keyword_id > 495)
                    Rows Removed by Filter: 639638
              ->  Hash  (cost=73925.90..73925.90 rows=26067 width=4) (actual time=697.621..697.621 rows=27085 loops=1)
                    Buckets: 32768  Batches: 1  Memory Usage: 1209kB
                    ->  Seq Scan on title t  (cost=0.00..73925.90 rows=26067 width=4) (actual time=0.029..687.552 rows=27085 loops=1)
                          Filter: ((kind_id < 7) AND (production_year > 2012))
                          Rows Removed by Filter: 2501227
Planning time: 1.257 ms
Execution time: 9366.540 ms
