Hash Join  (cost=67697.55..877459.07 rows=10654 width=0) (actual time=928.437..15899.604 rows=346 loops=1)
  Hash Cond: (ci.movie_id = t.id)
  ->  Seq Scan on cast_info ci  (cost=0.00..796071.18 rows=3622348 width=4) (actual time=0.041..14667.461 rows=1692787 loops=1)
        Filter: ((person_id < 3055898) AND (role_id = 10))
        Rows Removed by Filter: 34551557
  ->  Hash  (cost=67604.59..67604.59 rows=7437 width=4) (actual time=924.238..924.238 rows=3781 loops=1)
        Buckets: 8192  Batches: 1  Memory Usage: 197kB
        ->  Seq Scan on title t  (cost=0.00..67604.59 rows=7437 width=4) (actual time=0.034..922.504 rows=3781 loops=1)
              Filter: (production_year = 1918)
              Rows Removed by Filter: 2524531
Planning time: 0.750 ms
Execution time: 15899.825 ms
