Hash Join  (cost=157057.41..954332.58 rows=3128 width=0) (actual time=16676.088..18349.218 rows=1364 loops=1)
  Hash Cond: (ci.movie_id = t.id)
  ->  Seq Scan on cast_info ci  (cost=0.00..796071.18 rows=312725 width=4) (actual time=13882.365..15528.083 rows=117237 loops=1)
        Filter: ((person_id < 3341613) AND (role_id > 10))
        Rows Removed by Filter: 36127107
  ->  Hash  (cost=156741.27..156741.27 rows=25291 width=8) (actual time=2792.430..2792.430 rows=53432 loops=1)
        Buckets: 65536 (originally 32768)  Batches: 1 (originally 1)  Memory Usage: 2600kB
        ->  Hash Join  (cost=70218.80..156741.27 rows=25291 width=8) (actual time=1153.370..2773.774 rows=53432 loops=1)
              Hash Cond: (mk.movie_id = t.id)
              ->  Seq Scan on movie_keyword mk  (cost=0.00..81003.12 rows=401449 width=4) (actual time=0.028..1411.726 rows=395658 loops=1)
                    Filter: (keyword_id > 43643)
                    Rows Removed by Filter: 4128272
              ->  Hash  (cost=67604.59..67604.59 rows=159297 width=4) (actual time=1152.467..1152.467 rows=164184 loops=1)
                    Buckets: 131072  Batches: 4  Memory Usage: 2471kB
                    ->  Seq Scan on title t  (cost=0.00..67604.59 rows=159297 width=4) (actual time=0.012..1093.233 rows=164184 loops=1)
                          Filter: (production_year < 1950)
                          Rows Removed by Filter: 2364128
Planning time: 1.228 ms
Execution time: 18349.983 ms
