Seq Scan on cast_info ci  (cost=0.00..796071.18 rows=3337217 width=0) (actual time=4149.211..15139.483 rows=4006594 loops=1)
  Filter: ((person_id > 794785) AND (role_id = 10))
  Rows Removed by Filter: 32237750
Planning time: 0.487 ms
Execution time: 15619.834 ms
