Hash Join  (cost=73946.48..827259.19 rows=8284 width=0) (actual time=1117.423..17169.772 rows=10139 loops=1)
  Hash Cond: (ci.movie_id = t.id)
  ->  Seq Scan on cast_info ci  (cost=0.00..705507.15 rows=12726058 width=4) (actual time=0.017..14098.897 rows=12670688 loops=1)
        Filter: (role_id < 2)
        Rows Removed by Filter: 23573656
  ->  Hash  (cost=73925.90..73925.90 rows=1646 width=4) (actual time=1115.724..1115.724 rows=2267 loops=1)
        Buckets: 4096 (originally 2048)  Batches: 1 (originally 1)  Memory Usage: 112kB
        ->  Seq Scan on title t  (cost=0.00..73925.90 rows=1646 width=4) (actual time=309.562..1114.526 rows=2267 loops=1)
              Filter: ((kind_id = 4) AND (production_year = 1996))
              Rows Removed by Filter: 2526045
Planning time: 0.730 ms
Execution time: 17172.305 ms
