Seq Scan on movie_keyword mk  (cost=0.00..81003.12 rows=2046527 width=0) (actual time=0.021..1419.388 rows=2050471 loops=1)
  Filter: (keyword_id > 5970)
  Rows Removed by Filter: 2473459
Planning time: 0.315 ms
Execution time: 1677.993 ms
