Seq Scan on cast_info ci  (cost=0.00..796071.18 rows=324 width=0) (actual time=227.393..14381.148 rows=105 loops=1)
  Filter: ((role_id > 1) AND (person_id = 1197528))
  Rows Removed by Filter: 36244239
Planning time: 0.393 ms
Execution time: 14381.280 ms
