Hash Join  (cost=263115.61..1848687.01 rows=36815164 width=0) (actual time=7152.986..64091.988 rows=79301317 loops=1)
  Hash Cond: (ci.movie_id = t.id)
  ->  Seq Scan on cast_info ci  (cost=0.00..705507.15 rows=35677859 width=4) (actual time=0.011..17134.775 rows=35793455 loops=1)
        Filter: (person_id > 51067)
        Rows Removed by Filter: 450889
  ->  Hash  (cost=220309.49..220309.49 rows=2609129 width=8) (actual time=7152.031..7152.031 rows=2609129 loops=1)
        Buckets: 131072  Batches: 64  Memory Usage: 2610kB
        ->  Hash Join  (cost=102767.86..220309.49 rows=2609129 width=8) (actual time=2422.102..6398.456 rows=2609129 loops=1)
              Hash Cond: (mc.movie_id = t.id)
              ->  Seq Scan on movie_companies mc  (cost=0.00..44881.29 rows=2609129 width=4) (actual time=0.005..972.925 rows=2609129 loops=1)
              ->  Hash  (cost=61283.27..61283.27 rows=2528527 width=4) (actual time=2420.311..2420.311 rows=2528312 loops=1)
                    Buckets: 131072  Batches: 64  Memory Usage: 2415kB
                    ->  Seq Scan on title t  (cost=0.00..61283.27 rows=2528527 width=4) (actual time=0.016..1091.771 rows=2528312 loops=1)
Planning time: 1.170 ms
Execution time: 72456.750 ms
