Seq Scan on title t  (cost=0.00..67604.59 rows=2457821 width=0) (actual time=0.014..1237.367 rows=2456218 loops=1)
  Filter: (production_year > 0)
  Rows Removed by Filter: 72094
Planning time: 0.301 ms
Execution time: 1548.696 ms
