Seq Scan on cast_info ci  (cost=0.00..705507.15 rows=500 width=0) (actual time=271.498..10003.932 rows=491 loops=1)
  Filter: (person_id = 1346229)
  Rows Removed by Filter: 36243853
Planning time: 0.202 ms
Execution time: 10004.070 ms
