Hash Join  (cost=181121.13..1337748.46 rows=11956416 width=0) (actual time=4745.483..44131.336 rows=26866997 loops=1)
  Hash Cond: (ci.movie_id = t.id)
  ->  Seq Scan on cast_info ci  (cost=0.00..614943.12 rows=36225612 width=4) (actual time=0.014..13599.904 rows=36244344 loops=1)
  ->  Hash  (cost=167429.25..167429.25 rows=834551 width=8) (actual time=4744.406..4744.406 rows=1181930 loops=1)
        Buckets: 131072  Batches: 16  Memory Usage: 3925kB
        ->  Hash Join  (cost=80874.21..167429.25 rows=834551 width=8) (actual time=1584.906..4037.037 rows=1181930 loops=1)
              Hash Cond: (mc.movie_id = t.id)
              ->  Seq Scan on movie_companies mc  (cost=0.00..44881.29 rows=2609129 width=4) (actual time=0.017..861.751 rows=2609129 loops=1)
              ->  Hash  (cost=67604.59..67604.59 rows=808770 width=4) (actual time=1584.010..1584.010 rows=812704 loops=1)
                    Buckets: 131072  Batches: 16  Memory Usage: 2812kB
                    ->  Seq Scan on title t  (cost=0.00..67604.59 rows=808770 width=4) (actual time=0.019..1324.836 rows=812704 loops=1)
                          Filter: (production_year < 1995)
                          Rows Removed by Filter: 1715608
Planning time: 0.995 ms
Execution time: 47151.681 ms
