Hash Join  (cost=265140.96..679023.10 rows=2143615 width=0) (actual time=6337.557..15939.726 rows=13209539 loops=1)
  Hash Cond: (mi.movie_id = t.id)
  ->  Seq Scan on movie_info mi  (cost=0.00..346232.03 rows=3068194 width=4) (actual time=659.922..5785.045 rows=3036719 loops=1)
        Filter: (info_type_id = 16)
        Rows Removed by Filter: 11799001
  ->  Hash  (cost=236157.79..236157.79 rows=1766573 width=8) (actual time=5676.141..5676.141 rows=1773432 loops=1)
        Buckets: 131072  Batches: 32  Memory Usage: 3258kB
        ->  Hash Join  (cost=102767.86..236157.79 rows=1766573 width=8) (actual time=1871.428..5162.432 rows=1773432 loops=1)
              Hash Cond: (mk.movie_id = t.id)
              ->  Seq Scan on movie_keyword mk  (cost=0.00..81003.12 rows=1766573 width=4) (actual time=0.035..1531.063 rows=1773432 loops=1)
                    Filter: (keyword_id < 2879)
                    Rows Removed by Filter: 2750498
              ->  Hash  (cost=61283.27..61283.27 rows=2528527 width=4) (actual time=1870.525..1870.525 rows=2528312 loops=1)
                    Buckets: 131072  Batches: 64  Memory Usage: 2425kB
                    ->  Seq Scan on title t  (cost=0.00..61283.27 rows=2528527 width=4) (actual time=0.019..997.918 rows=2528312 loops=1)
Planning time: 1.164 ms
Execution time: 17315.789 ms
