Nested Loop  (cost=0.43..83072.29 rows=181 width=0) (actual time=313.831..1252.517 rows=6 loops=1)
  ->  Seq Scan on movie_keyword mk  (cost=0.00..81003.12 rows=246 width=4) (actual time=18.408..1250.339 rows=43 loops=1)
        Filter: (keyword_id = 17632)
        Rows Removed by Filter: 4523887
  ->  Index Scan using title_pkey on title t  (cost=0.43..8.40 rows=1 width=4) (actual time=0.045..0.045 rows=0 loops=43)
        Index Cond: (id = mk.movie_id)
        Filter: (kind_id > 1)
        Rows Removed by Filter: 1
Planning time: 0.709 ms
Execution time: 1252.629 ms
