Hash Join  (cost=75915.84..1127567.79 rows=1737478 width=0) (actual time=1241.484..29148.702 rows=1828634 loops=1)
  Hash Cond: (ci.movie_id = t.id)
  ->  Seq Scan on cast_info ci  (cost=0.00..614943.12 rows=36225612 width=4) (actual time=0.023..12665.426 rows=36244344 loops=1)
  ->  Hash  (cost=73925.90..73925.90 rows=121275 width=4) (actual time=1240.598..1240.598 rows=124747 loops=1)
        Buckets: 131072  Batches: 2  Memory Usage: 3219kB
        ->  Seq Scan on title t  (cost=0.00..73925.90 rows=121275 width=4) (actual time=0.112..1193.967 rows=124747 loops=1)
              Filter: ((kind_id > 1) AND (production_year = 2012))
              Rows Removed by Filter: 2403565
Planning time: 0.780 ms
Execution time: 29391.517 ms
