Seq Scan on title t  (cost=0.00..73925.90 rows=1183437 width=0) (actual time=0.020..1197.688 rows=1268635 loops=1)
  Filter: ((production_year > 1980) AND (kind_id = 7))
  Rows Removed by Filter: 1259677
Planning time: 0.380 ms
Execution time: 1356.676 ms
