Hash Join  (cost=160872.73..534544.25 rows=21092 width=0) (actual time=4873.293..9936.465 rows=39570 loops=1)
  Hash Cond: (mi.movie_id = t.id)
  ->  Seq Scan on movie_info mi  (cost=0.00..346232.03 rows=5445713 width=4) (actual time=1788.992..5950.735 rows=5410520 loops=1)
        Filter: (info_type_id < 6)
        Rows Removed by Filter: 9425200
  ->  Hash  (cost=160750.31..160750.31 rows=9794 width=8) (actual time=3076.851..3076.851 rows=10362 loops=1)
        Buckets: 16384  Batches: 1  Memory Usage: 533kB
        ->  Hash Join  (cost=73994.33..160750.31 rows=9794 width=8) (actual time=1200.383..3072.777 rows=10362 loops=1)
              Hash Cond: (mk.movie_id = t.id)
              ->  Seq Scan on movie_keyword mk  (cost=0.00..69693.30 rows=4523930 width=4) (actual time=0.037..995.874 rows=4523930 loops=1)
              ->  Hash  (cost=73925.90..73925.90 rows=5474 width=4) (actual time=1196.087..1196.087 rows=10267 loops=1)
                    Buckets: 16384 (originally 8192)  Batches: 1 (originally 1)  Memory Usage: 489kB
                    ->  Seq Scan on title t  (cost=0.00..73925.90 rows=5474 width=4) (actual time=0.123..1190.800 rows=10267 loops=1)
                          Filter: ((kind_id > 1) AND (production_year = 1981))
                          Rows Removed by Filter: 2518045
Planning time: 1.130 ms
Execution time: 9942.411 ms
