Hash Join  (cost=102767.86..181134.56 rows=438878 width=0) (actual time=1951.725..3553.515 rows=250672 loops=1)
  Hash Cond: (mc.movie_id = t.id)
  ->  Seq Scan on movie_companies mc  (cost=0.00..57926.93 rows=438878 width=4) (actual time=0.014..978.328 rows=250672 loops=1)
        Filter: ((company_id < 2440) AND (company_type_id > 1))
        Rows Removed by Filter: 2358457
  ->  Hash  (cost=61283.27..61283.27 rows=2528527 width=4) (actual time=1950.299..1950.299 rows=2528312 loops=1)
        Buckets: 131072  Batches: 64  Memory Usage: 2415kB
        ->  Seq Scan on title t  (cost=0.00..61283.27 rows=2528527 width=4) (actual time=0.030..1023.873 rows=2528312 loops=1)
Planning time: 0.740 ms
Execution time: 3584.523 ms
