Hash Join  (cost=94252.23..131866.99 rows=225866 width=0) (actual time=2433.192..3381.992 rows=124237 loops=1)
  Hash Cond: (mi_idx.movie_id = t.id)
  ->  Seq Scan on movie_info_idx mi_idx  (cost=0.00..25185.44 rows=460978 width=4) (actual time=0.013..484.200 rows=459925 loops=1)
        Filter: (info_type_id < 100)
        Rows Removed by Filter: 920110
  ->  Hash  (cost=73925.90..73925.90 rows=1238906 width=4) (actual time=2432.293..2432.293 rows=1324576 loops=1)
        Buckets: 131072  Batches: 32  Memory Usage: 2484kB
        ->  Seq Scan on title t  (cost=0.00..73925.90 rows=1238906 width=4) (actual time=198.834..1488.651 rows=1324576 loops=1)
              Filter: ((production_year > 1973) AND (kind_id = 7))
              Rows Removed by Filter: 1203736
Planning time: 0.584 ms
Execution time: 3396.204 ms
