Hash Join  (cost=238750.64..1436568.57 rows=15966076 width=0) (actual time=4953.972..51203.654 rows=48261624 loops=1)
  Hash Cond: (ci.movie_id = t.id)
  ->  Seq Scan on cast_info ci  (cost=0.00..614943.12 rows=36225612 width=4) (actual time=0.022..13466.601 rows=36244344 loops=1)
  ->  Hash  (cost=220466.36..220466.36 rows=1114423 width=8) (actual time=4952.963..4952.963 rows=1120975 loops=1)
        Buckets: 131072  Batches: 16  Memory Usage: 3794kB
        ->  Hash Join  (cost=102767.86..220466.36 rows=1114423 width=8) (actual time=1970.563..4614.628 rows=1120975 loops=1)
              Hash Cond: (mk.movie_id = t.id)
              ->  Seq Scan on movie_keyword mk  (cost=0.00..81003.12 rows=1114423 width=4) (actual time=0.023..1324.837 rows=1120975 loops=1)
                    Filter: (keyword_id < 1198)
                    Rows Removed by Filter: 3402955
              ->  Hash  (cost=61283.27..61283.27 rows=2528527 width=4) (actual time=1969.129..1969.129 rows=2528312 loops=1)
                    Buckets: 131072  Batches: 64  Memory Usage: 2425kB
                    ->  Seq Scan on title t  (cost=0.00..61283.27 rows=2528527 width=4) (actual time=0.020..1092.870 rows=2528312 loops=1)
Planning time: 1.167 ms
Execution time: 56835.627 ms
