Hash Join  (cost=181546.82..1042561.96 rows=1332897 width=0) (actual time=10658.995..25742.904 rows=3202782 loops=1)
  Hash Cond: (ci.movie_id = t.id)
  ->  Seq Scan on cast_info ci  (cost=0.00..705507.15 rows=12203201 width=4) (actual time=7009.682..14336.998 rows=12113646 loops=1)
        Filter: (role_id > 3)
        Rows Removed by Filter: 24130698
  ->  Hash  (cost=177015.58..177015.58 rows=276179 width=8) (actual time=3647.930..3647.930 rows=146207 loops=1)
        Buckets: 131072  Batches: 4  Memory Usage: 2441kB
        ->  Hash Join  (cost=78473.92..177015.58 rows=276179 width=8) (actual time=1437.323..3604.439 rows=146207 loops=1)
              Hash Cond: (mk.movie_id = t.id)
              ->  Seq Scan on movie_keyword mk  (cost=0.00..81003.12 rows=1054065 width=4) (actual time=0.034..1514.513 rows=1061117 loops=1)
                    Filter: (keyword_id < 1060)
                    Rows Removed by Filter: 3462813
              ->  Hash  (cost=67604.59..67604.59 rows=662507 width=4) (actual time=1435.938..1435.938 rows=662065 loops=1)
                    Buckets: 131072  Batches: 16  Memory Usage: 2488kB
                    ->  Seq Scan on title t  (cost=0.00..67604.59 rows=662507 width=4) (actual time=0.020..1217.627 rows=662065 loops=1)
                          Filter: (production_year > 2008)
                          Rows Removed by Filter: 1866247
Planning time: 1.435 ms
Execution time: 26133.927 ms
