Seq Scan on cast_info ci  (cost=0.00..705507.15 rows=6005308 width=0) (actual time=128.425..11141.053 rows=5914144 loops=1)
  Filter: (person_id < 572290)
  Rows Removed by Filter: 30330200
Planning time: 0.300 ms
Execution time: 11883.757 ms
