Hash Join  (cost=800199.83..886866.73 rows=886 width=0) (actual time=15988.798..16777.390 rows=9 loops=1)
  Hash Cond: (mk.movie_id = t.id)
  ->  Seq Scan on movie_keyword mk  (cost=0.00..69693.30 rows=4523930 width=4) (actual time=0.023..971.995 rows=4523930 loops=1)
  ->  Hash  (cost=800193.64..800193.64 rows=495 width=8) (actual time=15042.005..15042.005 rows=27 loops=1)
        Buckets: 1024  Batches: 1  Memory Usage: 10kB
        ->  Nested Loop  (cost=0.43..800193.64 rows=495 width=8) (actual time=10316.362..15041.981 rows=27 loops=1)
              ->  Seq Scan on cast_info ci  (cost=0.00..796071.18 rows=495 width=4) (actual time=10316.257..15041.520 rows=27 loops=1)
                    Filter: ((role_id < 11) AND (person_id = 3677699))
                    Rows Removed by Filter: 36244317
              ->  Index Only Scan using title_pkey on title t  (cost=0.43..8.32 rows=1 width=4) (actual time=0.015..0.015 rows=1 loops=27)
                    Index Cond: (id = ci.movie_id)
                    Heap Fetches: 27
Planning time: 1.133 ms
Execution time: 16777.492 ms
