Seq Scan on movie_keyword mk  (cost=0.00..81003.12 rows=1004353 width=0) (actual time=0.018..1399.491 rows=1008972 loops=1)
  Filter: (keyword_id < 973)
  Rows Removed by Filter: 3514958
Planning time: 0.256 ms
Execution time: 1525.382 ms
