Hash Join  (cost=137413.28..201231.34 rows=99187 width=0) (actual time=3453.572..3848.644 rows=74073 loops=1)
  Hash Cond: (mc.movie_id = t.id)
  ->  Seq Scan on movie_companies mc  (cost=0.00..51404.11 rows=892821 width=4) (actual time=0.022..829.778 rows=900220 loops=1)
        Filter: (company_id > 21415)
        Rows Removed by Filter: 1708909
  ->  Hash  (cost=132803.96..132803.96 rows=280905 width=8) (actual time=2656.192..2656.192 rows=141906 loops=1)
        Buckets: 131072  Batches: 4  Memory Usage: 2407kB
        ->  Hash Join  (cost=92883.59..132803.96 rows=280905 width=8) (actual time=1860.734..2613.142 rows=141906 loops=1)
              Hash Cond: (mi_idx.movie_id = t.id)
              ->  Seq Scan on movie_info_idx mi_idx  (cost=0.00..25185.44 rows=460978 width=4) (actual time=0.021..503.895 rows=459925 loops=1)
                    Filter: (info_type_id = 99)
                    Rows Removed by Filter: 920110
              ->  Hash  (cost=67604.59..67604.59 rows=1540800 width=4) (actual time=1584.743..1584.743 rows=1543264 loops=1)
                    Buckets: 131072  Batches: 32  Memory Usage: 2722kB
                    ->  Seq Scan on title t  (cost=0.00..67604.59 rows=1540800 width=4) (actual time=0.020..1083.558 rows=1543264 loops=1)
                          Filter: (kind_id = 7)
                          Rows Removed by Filter: 985048
Planning time: 1.212 ms
Execution time: 3855.454 ms
