Hash Join  (cost=162525.80..299849.07 rows=1257523 width=0) (actual time=3639.861..8565.937 rows=4800526 loops=1)
  Hash Cond: (mk.movie_id = t.id)
  ->  Seq Scan on movie_keyword mk  (cost=0.00..69693.30 rows=4523930 width=4) (actual time=0.020..1504.035 rows=4523930 loops=1)
  ->  Hash  (cost=150994.07..150994.07 rows=702858 width=8) (actual time=3638.939..3638.939 rows=700646 loops=1)
        Buckets: 131072  Batches: 16  Memory Usage: 2753kB
        ->  Hash Join  (cost=99467.55..150994.07 rows=702858 width=8) (actual time=1791.595..3408.441 rows=700646 loops=1)
              Hash Cond: (mi_idx.movie_id = t.id)
              ->  Seq Scan on movie_info_idx mi_idx  (cost=0.00..25185.44 rows=915101 width=4) (actual time=0.021..525.432 rows=919850 loops=1)
                    Filter: (info_type_id < 101)
                    Rows Removed by Filter: 460185
              ->  Hash  (cost=67604.59..67604.59 rows=1942077 width=4) (actual time=1790.726..1790.726 rows=1932484 loops=1)
                    Buckets: 131072  Batches: 32  Memory Usage: 3155kB
                    ->  Seq Scan on title t  (cost=0.00..67604.59 rows=1942077 width=4) (actual time=0.017..1155.202 rows=1932484 loops=1)
                          Filter: (production_year > 1980)
                          Rows Removed by Filter: 595828
Planning time: 1.048 ms
Execution time: 9128.217 ms
