Hash Join  (cost=73962.22..438787.48 rows=16934 width=0) (actual time=1080.003..8164.619 rows=62877 loops=1)
  Hash Cond: (mi.movie_id = t.id)
  ->  Seq Scan on movie_info mi  (cost=0.00..309384.22 rows=14739122 width=4) (actual time=0.009..4046.934 rows=14835720 loops=1)
  ->  Hash  (cost=73925.90..73925.90 rows=2905 width=4) (actual time=1079.618..1079.618 rows=5878 loops=1)
        Buckets: 8192 (originally 4096)  Batches: 1 (originally 1)  Memory Usage: 271kB
        ->  Seq Scan on title t  (cost=0.00..73925.90 rows=2905 width=4) (actual time=0.338..1074.999 rows=5878 loops=1)
              Filter: ((kind_id < 7) AND (production_year = 1973))
              Rows Removed by Filter: 2522434
Planning time: 0.942 ms
Execution time: 8175.889 ms
