Seq Scan on title t  (cost=0.00..73925.90 rows=30403 width=0) (actual time=0.027..1008.410 rows=39760 loops=1)
  Filter: ((production_year < 1993) AND (kind_id = 3))
  Rows Removed by Filter: 2488552
Planning time: 0.382 ms
Execution time: 1014.283 ms
