Hash Join  (cost=334709.59..1068162.88 rows=20318355 width=0) (actual time=8019.259..59873.119 rows=178537671 loops=1)
  Hash Cond: (mi.movie_id = t.id)
  ->  Seq Scan on movie_info mi  (cost=0.00..309384.22 rows=14739122 width=4) (actual time=0.008..6113.210 rows=14835720 loops=1)
  ->  Hash  (cost=277522.89..277522.89 rows=3485656 width=8) (actual time=8017.633..8017.633 rows=3475486 loops=1)
        Buckets: 131072  Batches: 64  Memory Usage: 3245kB
        ->  Hash Join  (cost=102767.86..277522.89 rows=3485656 width=8) (actual time=1965.810..7008.975 rows=3475486 loops=1)
              Hash Cond: (mk.movie_id = t.id)
              ->  Seq Scan on movie_keyword mk  (cost=0.00..81003.12 rows=3485656 width=4) (actual time=0.024..1667.596 rows=3475486 loops=1)
                    Filter: (keyword_id < 16936)
                    Rows Removed by Filter: 1048444
              ->  Hash  (cost=61283.27..61283.27 rows=2528527 width=4) (actual time=1964.261..1964.261 rows=2528312 loops=1)
                    Buckets: 131072  Batches: 64  Memory Usage: 2425kB
                    ->  Seq Scan on title t  (cost=0.00..61283.27 rows=2528527 width=4) (actual time=0.015..1072.172 rows=2528312 loops=1)
Planning time: 1.124 ms
Execution time: 78167.386 ms
