Hash Join  (cost=73950.44..156917.31 rows=406 width=0) (actual time=1088.830..2459.879 rows=2825 loops=1)
  Hash Cond: (mk.movie_id = t.id)
  ->  Seq Scan on movie_keyword mk  (cost=0.00..81003.12 rows=522581 width=4) (actual time=0.011..1273.669 rows=520878 loops=1)
        Filter: (keyword_id < 382)
        Rows Removed by Filter: 4003052
  ->  Hash  (cost=73925.90..73925.90 rows=1963 width=4) (actual time=1087.871..1087.871 rows=4585 loops=1)
        Buckets: 8192 (originally 2048)  Batches: 1 (originally 1)  Memory Usage: 226kB
        ->  Seq Scan on title t  (cost=0.00..73925.90 rows=1963 width=4) (actual time=37.126..1085.644 rows=4585 loops=1)
              Filter: ((kind_id = 1) AND (production_year = 1971))
              Rows Removed by Filter: 2523727
Planning time: 0.765 ms
Execution time: 2460.549 ms
