Seq Scan on cast_info ci  (cost=0.00..796071.18 rows=6651646 width=0) (actual time=206.456..12647.732 rows=2824217 loops=1)
  Filter: ((person_id < 991499) AND (role_id > 1))
  Rows Removed by Filter: 33420127
Planning time: 0.341 ms
Execution time: 12988.636 ms
