Hash Join  (cost=156487.41..230212.43 rows=190619 width=0) (actual time=4010.729..5356.606 rows=521512 loops=1)
  Hash Cond: (mc.movie_id = t.id)
  ->  Seq Scan on movie_companies mc  (cost=0.00..57926.93 rows=1045572 width=4) (actual time=538.939..1226.258 rows=1190490 loops=1)
        Filter: ((company_id > 573) AND (company_type_id > 1))
        Rows Removed by Filter: 1418639
  ->  Hash  (cost=148924.19..148924.19 rows=460978 width=8) (actual time=3470.936..3470.936 rows=459925 loops=1)
        Buckets: 131072  Batches: 8  Memory Usage: 3275kB
        ->  Hash Join  (cost=102767.86..148924.19 rows=460978 width=8) (actual time=1976.383..3324.441 rows=459925 loops=1)
              Hash Cond: (mi_idx.movie_id = t.id)
              ->  Seq Scan on movie_info_idx mi_idx  (cost=0.00..25185.44 rows=460978 width=4) (actual time=0.032..483.035 rows=459925 loops=1)
                    Filter: (info_type_id < 100)
                    Rows Removed by Filter: 920110
              ->  Hash  (cost=61283.27..61283.27 rows=2528527 width=4) (actual time=1975.241..1975.241 rows=2528312 loops=1)
                    Buckets: 131072  Batches: 64  Memory Usage: 2415kB
                    ->  Seq Scan on title t  (cost=0.00..61283.27 rows=2528527 width=4) (actual time=0.033..1155.522 rows=2528312 loops=1)
Planning time: 1.115 ms
Execution time: 5407.720 ms
