Hash Join  (cost=73950.44..162261.30 rows=1510 width=0) (actual time=1304.777..2973.351 rows=6719 loops=1)
  Hash Cond: (mk.movie_id = t.id)
  ->  Seq Scan on movie_keyword mk  (cost=0.00..81003.12 rows=1944701 width=4) (actual time=0.029..1488.353 rows=1956391 loops=1)
        Filter: (keyword_id < 3404)
        Rows Removed by Filter: 2567539
  ->  Hash  (cost=73925.90..73925.90 rows=1963 width=4) (actual time=1174.535..1174.535 rows=2801 loops=1)
        Buckets: 4096 (originally 2048)  Batches: 1 (originally 1)  Memory Usage: 131kB
        ->  Seq Scan on title t  (cost=0.00..73925.90 rows=1963 width=4) (actual time=0.025..1172.943 rows=2801 loops=1)
              Filter: ((kind_id = 1) AND (production_year = 1955))
              Rows Removed by Filter: 2525511
Planning time: 0.743 ms
Execution time: 2974.584 ms
