Seq Scan on movie_keyword mk  (cost=0.00..81003.12 rows=246 width=0) (actual time=207.596..1179.432 rows=22 loops=1)
  Filter: (keyword_id = 31622)
  Rows Removed by Filter: 4523908
Planning time: 0.334 ms
Execution time: 1179.541 ms
