Hash Join  (cost=102767.86..216045.85 rows=930761 width=0) (actual time=2431.008..5103.902 rows=936796 loops=1)
  Hash Cond: (mk.movie_id = t.id)
  ->  Seq Scan on movie_keyword mk  (cost=0.00..81003.12 rows=930761 width=4) (actual time=30.420..1520.823 rows=936796 loops=1)
        Filter: (keyword_id > 20242)
        Rows Removed by Filter: 3587134
  ->  Hash  (cost=61283.27..61283.27 rows=2528527 width=4) (actual time=2398.428..2398.428 rows=2528312 loops=1)
        Buckets: 131072  Batches: 64  Memory Usage: 2425kB
        ->  Seq Scan on title t  (cost=0.00..61283.27 rows=2528527 width=4) (actual time=0.023..1200.080 rows=2528312 loops=1)
Planning time: 0.671 ms
Execution time: 5224.176 ms
