Nested Loop  (cost=32636.42..120709.27 rows=99 width=0) (actual time=1183.510..2463.770 rows=102 loops=1)
  ->  Hash Join  (cost=32635.99..116402.49 rows=5015 width=8) (actual time=1047.694..2402.218 rows=2020 loops=1)
        Hash Cond: (mk.movie_id = mi_idx.movie_id)
        ->  Seq Scan on movie_keyword mk  (cost=0.00..81003.12 rows=5127 width=4) (actual time=0.173..1276.099 rows=4676 loops=1)
              Filter: (keyword_id = 2849)
              Rows Removed by Filter: 4519254
        ->  Hash  (cost=25185.44..25185.44 rows=454124 width=4) (actual time=1042.705..1042.705 rows=459925 loops=1)
              Buckets: 131072  Batches: 8  Memory Usage: 3059kB
              ->  Seq Scan on movie_info_idx mi_idx  (cost=0.00..25185.44 rows=454124 width=4) (actual time=0.039..586.206 rows=459925 loops=1)
                    Filter: (info_type_id = 100)
                    Rows Removed by Filter: 920110
  ->  Index Scan using title_pkey on title t  (cost=0.43..0.85 rows=1 width=4) (actual time=0.030..0.030 rows=0 loops=2020)
        Index Cond: (id = mi_idx.movie_id)
        Filter: ((kind_id < 3) AND (production_year > 2006))
        Rows Removed by Filter: 1
Planning time: 0.722 ms
Execution time: 2463.924 ms
