Nested Loop  (cost=32749.09..830722.47 rows=32 width=0) (actual time=11744.575..11792.712 rows=15 loops=1)
  Join Filter: (ci.movie_id = t.id)
  ->  Hash Join  (cost=32748.66..830654.44 rows=80 width=8) (actual time=11744.452..11792.164 rows=15 loops=1)
        Hash Cond: (ci.movie_id = mi_idx.movie_id)
        ->  Seq Scan on cast_info ci  (cost=0.00..796071.18 rows=176 width=4) (actual time=9607.993..10405.798 rows=41 loops=1)
              Filter: ((person_id = 1606472) AND (role_id = 1))
              Rows Removed by Filter: 36244303
        ->  Hash  (cost=25185.44..25185.44 rows=460978 width=4) (actual time=1315.389..1315.389 rows=459925 loops=1)
              Buckets: 131072  Batches: 8  Memory Usage: 3050kB
              ->  Seq Scan on movie_info_idx mi_idx  (cost=0.00..25185.44 rows=460978 width=4) (actual time=0.037..519.380 rows=459925 loops=1)
                    Filter: (info_type_id = 99)
                    Rows Removed by Filter: 920110
  ->  Index Only Scan using title_pkey on title t  (cost=0.43..0.84 rows=1 width=4) (actual time=0.031..0.032 rows=1 loops=15)
        Index Cond: (id = mi_idx.movie_id)
        Heap Fetches: 15
Planning time: 1.134 ms
Execution time: 11792.813 ms
