Seq Scan on movie_companies mc  (cost=0.00..57926.93 rows=1241317 width=0) (actual time=0.018..1169.284 rows=1210197 loops=1)
  Filter: ((company_id > 11) AND (company_type_id = 1))
  Rows Removed by Filter: 1398932
Planning time: 0.316 ms
Execution time: 1320.063 ms
