Hash Join  (cost=100948.70..852092.31 rows=35437 width=0) (actual time=1802.277..18178.616 rows=64260 loops=1)
  Hash Cond: (ci.movie_id = t.id)
  ->  Seq Scan on cast_info ci  (cost=0.00..614943.12 rows=36225612 width=4) (actual time=0.023..9163.991 rows=36244344 loops=1)
  ->  Hash  (cost=100917.78..100917.78 rows=2474 width=8) (actual time=1802.138..1802.138 rows=2736 loops=1)
        Buckets: 4096  Batches: 1  Memory Usage: 139kB
        ->  Hash Join  (cost=73982.55..100917.78 rows=2474 width=8) (actual time=1469.468..1801.018 rows=2736 loops=1)
              Hash Cond: (mi_idx.movie_id = t.id)
              ->  Seq Scan on movie_info_idx mi_idx  (cost=0.00..21735.35 rows=1380035 width=4) (actual time=0.023..370.134 rows=1380035 loops=1)
              ->  Hash  (cost=73925.90..73925.90 rows=4532 width=4) (actual time=1157.208..1157.208 rows=8406 loops=1)
                    Buckets: 16384 (originally 8192)  Batches: 1 (originally 1)  Memory Usage: 424kB
                    ->  Seq Scan on title t  (cost=0.00..73925.90 rows=4532 width=4) (actual time=234.158..1152.896 rows=8406 loops=1)
                          Filter: ((kind_id = 7) AND (production_year = 1973))
                          Rows Removed by Filter: 2519906
Planning time: 2.027 ms
Execution time: 18189.022 ms
