Hash Join  (cost=929488.67..1455588.13 rows=4338554 width=0) (actual time=19995.671..53467.442 rows=79033166 loops=1)
  Hash Cond: (mi.movie_id = t.id)
  ->  Seq Scan on movie_info mi  (cost=0.00..309384.22 rows=14739122 width=4) (actual time=0.014..6298.177 rows=14835720 loops=1)
  ->  Hash  (cost=917277.07..917277.07 rows=744288 width=8) (actual time=19994.215..19994.215 rows=2134051 loops=1)
        Buckets: 131072 (originally 131072)  Batches: 32 (originally 16)  Memory Usage: 3689kB
        ->  Hash Join  (cost=78556.72..917277.07 rows=744288 width=8) (actual time=1292.250..19064.572 rows=2134051 loops=1)
              Hash Cond: (ci.movie_id = t.id)
              ->  Seq Scan on cast_info ci  (cost=0.00..796071.18 rows=2819275 width=4) (actual time=0.028..13404.007 rows=6971364 loops=1)
                    Filter: ((person_id > 2850090) AND (role_id > 3))
                    Rows Removed by Filter: 29272980
              ->  Hash  (cost=67604.59..67604.59 rows=667531 width=4) (actual time=1291.556..1291.556 rows=662825 loops=1)
                    Buckets: 131072  Batches: 16  Memory Usage: 2476kB
                    ->  Seq Scan on title t  (cost=0.00..67604.59 rows=667531 width=4) (actual time=0.024..1087.233 rows=662825 loops=1)
                          Filter: (kind_id < 2)
                          Rows Removed by Filter: 1865487
Planning time: 1.116 ms
Execution time: 62110.092 ms
