Hash Join  (cost=75458.68..446803.05 rows=76625 width=0) (actual time=3470.588..8535.374 rows=47243 loops=1)
  Hash Cond: (mi.movie_id = t.id)
  ->  Seq Scan on movie_info mi  (cost=0.00..346232.03 rows=2073893 width=4) (actual time=2066.395..6114.295 rows=2091068 loops=1)
        Filter: (info_type_id < 3)
        Rows Removed by Filter: 12744652
  ->  Hash  (cost=73925.90..73925.90 rows=93422 width=4) (actual time=1241.975..1241.975 rows=100754 loops=1)
        Buckets: 131072  Batches: 2  Memory Usage: 2808kB
        ->  Seq Scan on title t  (cost=0.00..73925.90 rows=93422 width=4) (actual time=0.036..1179.812 rows=100754 loops=1)
              Filter: ((kind_id > 1) AND (production_year = 2008))
              Rows Removed by Filter: 2427558
Planning time: 0.686 ms
Execution time: 8541.585 ms
