Hash Join  (cost=255258.33..1565589.23 rows=22510769 width=0) (actual time=5728.329..42903.009 rows=24519631 loops=1)
  Hash Cond: (ci.movie_id = t.id)
  ->  Seq Scan on cast_info ci  (cost=0.00..614943.12 rows=36225612 width=4) (actual time=0.016..13485.280 rows=36244344 loops=1)
  ->  Hash  (cost=229479.84..229479.84 rows=1571239 width=8) (actual time=5725.256..5725.256 rows=732838 loops=1)
        Buckets: 131072  Batches: 32  Memory Usage: 1931kB
        ->  Hash Join  (cost=88334.42..229479.84 rows=1571239 width=8) (actual time=1872.178..5514.025 rows=732838 loops=1)
              Hash Cond: (mk.movie_id = t.id)
              ->  Seq Scan on movie_keyword mk  (cost=0.00..69693.30 rows=4523930 width=4) (actual time=0.023..1430.626 rows=4523930 loops=1)
              ->  Hash  (cost=73925.90..73925.90 rows=878201 width=4) (actual time=1864.694..1864.694 rows=947729 loops=1)
                    Buckets: 131072  Batches: 16  Memory Usage: 3119kB
                    ->  Seq Scan on title t  (cost=0.00..73925.90 rows=878201 width=4) (actual time=0.027..1530.629 rows=947729 loops=1)
                          Filter: ((kind_id > 1) AND (production_year > 2003))
                          Rows Removed by Filter: 1580583
Planning time: 1.644 ms
Execution time: 45719.034 ms
