Hash Join  (cost=211141.59..252881.93 rows=235886 width=0) (actual time=4839.899..6211.453 rows=997577 loops=1)
  Hash Cond: (mi_idx.movie_id = t.id)
  ->  Seq Scan on movie_info_idx mi_idx  (cost=0.00..21735.35 rows=1380035 width=4) (actual time=0.009..443.145 rows=1380035 loops=1)
  ->  Hash  (cost=204050.15..204050.15 rows=432195 width=8) (actual time=4838.885..4838.885 rows=427270 loops=1)
        Buckets: 131072  Batches: 8  Memory Usage: 3137kB
        ->  Hash Join  (cost=102767.86..204050.15 rows=432195 width=8) (actual time=1874.647..4705.245 rows=427270 loops=1)
              Hash Cond: (mk.movie_id = t.id)
              ->  Seq Scan on movie_keyword mk  (cost=0.00..81003.12 rows=432195 width=4) (actual time=0.018..1366.685 rows=427270 loops=1)
                    Filter: (keyword_id > 40943)
                    Rows Removed by Filter: 4096660
              ->  Hash  (cost=61283.27..61283.27 rows=2528527 width=4) (actual time=1873.390..1873.390 rows=2528312 loops=1)
                    Buckets: 131072  Batches: 64  Memory Usage: 2425kB
                    ->  Seq Scan on title t  (cost=0.00..61283.27 rows=2528527 width=4) (actual time=0.020..1014.372 rows=2528312 loops=1)
Planning time: 1.067 ms
Execution time: 6337.782 ms
