Hash Join  (cost=148290.52..634582.77 rows=607833 width=0) (actual time=3104.805..14733.669 rows=2705371 loops=1)
  Hash Cond: (mi.movie_id = t.id)
  ->  Seq Scan on movie_info mi  (cost=0.00..309384.22 rows=14739122 width=4) (actual time=0.020..6060.452 rows=14835720 loops=1)
  ->  Hash  (cost=146579.08..146579.08 rows=104275 width=8) (actual time=3104.001..3104.001 rows=92995 loops=1)
        Buckets: 131072  Batches: 2  Memory Usage: 2837kB
        ->  Hash Join  (cost=69694.50..146579.08 rows=104275 width=8) (actual time=1126.192..3070.534 rows=92995 loops=1)
              Hash Cond: (mc.movie_id = t.id)
              ->  Seq Scan on movie_companies mc  (cost=0.00..51404.11 rows=2070324 width=4) (actual time=0.017..1170.879 rows=2071779 loops=1)
                    Filter: (company_id > 522)
                    Rows Removed by Filter: 537350
              ->  Hash  (cost=67604.59..67604.59 rows=127353 width=4) (actual time=1125.420..1125.420 rows=128696 loops=1)
                    Buckets: 131072  Batches: 2  Memory Usage: 3284kB
                    ->  Seq Scan on title t  (cost=0.00..67604.59 rows=127353 width=4) (actual time=0.018..1074.818 rows=128696 loops=1)
                          Filter: (production_year = 2009)
                          Rows Removed by Filter: 2399616
Planning time: 1.194 ms
Execution time: 15030.052 ms
