Seq Scan on movie_keyword mk  (cost=0.00..81003.12 rows=2365400 width=0) (actual time=0.024..1525.487 rows=2359882 loops=1)
  Filter: (keyword_id > 4147)
  Rows Removed by Filter: 2164048
Planning time: 0.329 ms
Execution time: 1820.000 ms
