Seq Scan on cast_info ci  (cost=0.00..796071.18 rows=5320666 width=0) (actual time=0.011..15307.507 rows=7451973 loops=1)
  Filter: ((person_id < 2731669) AND (role_id = 2))
  Rows Removed by Filter: 28792371
Planning time: 0.389 ms
Execution time: 16211.908 ms
