Seq Scan on movie_keyword mk  (cost=0.00..81003.12 rows=1242408 width=0) (actual time=0.020..1427.087 rows=1255409 loops=1)
  Filter: (keyword_id > 14337)
  Rows Removed by Filter: 3268521
Planning time: 0.196 ms
Execution time: 1588.454 ms
