Seq Scan on movie_companies mc  (cost=0.00..51404.11 rows=1194977 width=0) (actual time=0.020..972.795 rows=1187749 loops=1)
  Filter: (company_id < 10522)
  Rows Removed by Filter: 1421380
Planning time: 0.271 ms
Execution time: 1129.908 ms
