Seq Scan on movie_keyword mk  (cost=0.00..81003.12 rows=2807964 width=0) (actual time=0.016..1507.443 rows=2799123 loops=1)
  Filter: (keyword_id < 8221)
  Rows Removed by Filter: 1724807
Planning time: 0.276 ms
Execution time: 1853.574 ms
