Hash Join  (cost=74539.83..164679.78 rows=44996 width=0) (actual time=1312.933..3155.669 rows=8022 loops=1)
  Hash Cond: (mk.movie_id = t.id)
  ->  Seq Scan on movie_keyword mk  (cost=0.00..81003.12 rows=2316497 width=4) (actual time=0.024..1444.799 rows=2314455 loops=1)
        Filter: (keyword_id > 4456)
        Rows Removed by Filter: 2209475
  ->  Hash  (cost=73925.90..73925.90 rows=49114 width=4) (actual time=1312.343..1312.343 rows=45321 loops=1)
        Buckets: 65536  Batches: 1  Memory Usage: 2106kB
        ->  Seq Scan on title t  (cost=0.00..73925.90 rows=49114 width=4) (actual time=0.030..1293.041 rows=45321 loops=1)
              Filter: ((kind_id > 1) AND (production_year > 2012))
              Rows Removed by Filter: 2482991
Planning time: 0.760 ms
Execution time: 3157.095 ms
