Seq Scan on movie_companies mc  (cost=0.00..51404.11 rows=104 width=0) (actual time=326.270..813.650 rows=666 loops=1)
  Filter: (company_id = 7642)
  Rows Removed by Filter: 2608463
Planning time: 0.304 ms
Execution time: 813.809 ms
