Hash Join  (cost=82706.43..595798.67 rows=3119531 width=0) (actual time=1766.259..16657.266 rows=4895542 loops=1)
  Hash Cond: (mi.movie_id = t.id)
  ->  Seq Scan on movie_info mi  (cost=0.00..309384.22 rows=14739122 width=4) (actual time=0.024..6276.609 rows=14835720 loops=1)
  ->  Hash  (cost=73925.90..73925.90 rows=535162 width=4) (actual time=1765.448..1765.448 rows=414258 loops=1)
        Buckets: 131072  Batches: 8  Memory Usage: 2850kB
        ->  Seq Scan on title t  (cost=0.00..73925.90 rows=535162 width=4) (actual time=0.019..1190.190 rows=414258 loops=1)
              Filter: ((kind_id < 4) AND (production_year > 1996))
              Rows Removed by Filter: 2114054
Planning time: 4.328 ms
Execution time: 17232.507 ms
