Hash Join  (cost=73983.02..825426.77 rows=65459 width=0) (actual time=1209.259..18353.653 rows=179942 loops=1)
  Hash Cond: (ci.movie_id = t.id)
  ->  Seq Scan on cast_info ci  (cost=0.00..614943.12 rows=36225612 width=4) (actual time=0.023..8487.037 rows=36244344 loops=1)
  ->  Hash  (cost=73925.90..73925.90 rows=4569 width=4) (actual time=1207.407..1207.407 rows=12275 loops=1)
        Buckets: 16384 (originally 8192)  Batches: 1 (originally 1)  Memory Usage: 560kB
        ->  Seq Scan on title t  (cost=0.00..73925.90 rows=4569 width=4) (actual time=0.033..1201.543 rows=12275 loops=1)
              Filter: ((kind_id > 4) AND (production_year = 1987))
              Rows Removed by Filter: 2516037
Planning time: 0.664 ms
Execution time: 18383.563 ms
