Seq Scan on movie_keyword mk  (cost=0.00..81003.12 rows=215093 width=0) (actual time=0.022..1401.546 rows=216730 loops=1)
  Filter: (keyword_id > 65349)
  Rows Removed by Filter: 4307200
Planning time: 0.318 ms
Execution time: 1430.702 ms
