Hash Join  (cost=196175.39..925455.53 rows=235543 width=0) (actual time=8579.792..16641.594 rows=66000 loops=1)
  Hash Cond: (ci.movie_id = t.id)
  ->  Seq Scan on cast_info ci  (cost=0.00..705507.15 rows=1736414 width=4) (actual time=4964.092..12331.429 rows=1703543 loops=1)
        Filter: (role_id = 8)
        Rows Removed by Filter: 34540801
  ->  Hash  (cost=190547.98..190547.98 rows=342993 width=8) (actual time=3613.861..3613.861 rows=74143 loops=1)
        Buckets: 131072  Batches: 8  Memory Usage: 1389kB
        ->  Hash Join  (cost=92883.59..190547.98 rows=342993 width=8) (actual time=2886.995..3591.327 rows=74143 loops=1)
              Hash Cond: (mk.movie_id = t.id)
              ->  Seq Scan on movie_keyword mk  (cost=0.00..81003.12 rows=562868 width=4) (actual time=0.025..1283.001 rows=560037 loops=1)
                    Filter: (keyword_id > 32850)
                    Rows Removed by Filter: 3963893
              ->  Hash  (cost=67604.59..67604.59 rows=1540800 width=4) (actual time=1777.217..1777.217 rows=1543264 loops=1)
                    Buckets: 131072  Batches: 32  Memory Usage: 2728kB
                    ->  Seq Scan on title t  (cost=0.00..67604.59 rows=1540800 width=4) (actual time=0.013..1277.740 rows=1543264 loops=1)
                          Filter: (kind_id = 7)
                          Rows Removed by Filter: 985048
Planning time: 1.141 ms
Execution time: 16650.211 ms
