Hash Join  (cost=67697.55..427626.00 rows=10659 width=0) (actual time=3020.240..6978.268 rows=10944 loops=1)
  Hash Cond: (mi.movie_id = t.id)
  ->  Seq Scan on movie_info mi  (cost=0.00..346232.03 rows=3623957 width=4) (actual time=1884.071..5224.926 rows=3624977 loops=1)
        Filter: (info_type_id < 4)
        Rows Removed by Filter: 11210743
  ->  Hash  (cost=67604.59..67604.59 rows=7437 width=4) (actual time=1135.137..1135.137 rows=5663 loops=1)
        Buckets: 8192  Batches: 1  Memory Usage: 264kB
        ->  Seq Scan on title t  (cost=0.00..67604.59 rows=7437 width=4) (actual time=0.189..1132.116 rows=5663 loops=1)
              Filter: (production_year = 1951)
              Rows Removed by Filter: 2522649
Planning time: 0.477 ms
Execution time: 6980.580 ms
