Hash Join  (cost=158228.47..998583.46 rows=3929 width=0) (actual time=2325.152..18109.198 rows=9601 loops=1)
  Hash Cond: (ci.movie_id = t.id)
  ->  Seq Scan on cast_info ci  (cost=0.00..796071.18 rows=11798537 width=4) (actual time=0.021..14019.776 rows=13413820 loops=1)
        Filter: ((person_id > 948325) AND (role_id > 2))
        Rows Removed by Filter: 22830524
  ->  Hash  (cost=158217.95..158217.95 rows=842 width=8) (actual time=2320.420..2320.420 rows=445 loops=1)
        Buckets: 1024  Batches: 1  Memory Usage: 26kB
        ->  Hash Join  (cost=76444.38..158217.95 rows=842 width=8) (actual time=1131.675..2320.140 rows=445 loops=1)
              Hash Cond: (mk.movie_id = t.id)
              ->  Seq Scan on movie_keyword mk  (cost=0.00..81003.12 rows=13873 width=4) (actual time=0.375..1173.522 rows=14364 loops=1)
                    Filter: (keyword_id = 1)
                    Rows Removed by Filter: 4509566
              ->  Hash  (cost=73925.90..73925.90 rows=153478 width=4) (actual time=1110.677..1110.677 rows=134760 loops=1)
                    Buckets: 131072  Batches: 4  Memory Usage: 2222kB
                    ->  Seq Scan on title t  (cost=0.00..73925.90 rows=153478 width=4) (actual time=0.024..1063.739 rows=134760 loops=1)
                          Filter: ((kind_id < 7) AND (production_year > 2010))
                          Rows Removed by Filter: 2393552
Planning time: 0.930 ms
Execution time: 18112.323 ms
