Hash Join  (cost=85855.67..186894.15 rows=342452 width=0) (actual time=1869.987..3520.641 rows=76889 loops=1)
  Hash Cond: (mk.movie_id = t.id)
  ->  Seq Scan on movie_keyword mk  (cost=0.00..81003.12 rows=1190891 width=4) (actual time=0.014..1404.649 rows=1197718 loops=1)
        Filter: (keyword_id < 1456)
        Rows Removed by Filter: 3326212
  ->  Hash  (cost=73925.90..73925.90 rows=727101 width=4) (actual time=1422.984..1422.984 rows=796159 loops=1)
        Buckets: 131072  Batches: 16  Memory Usage: 2786kB
        ->  Seq Scan on title t  (cost=0.00..73925.90 rows=727101 width=4) (actual time=82.904..1153.714 rows=796159 loops=1)
              Filter: ((production_year > 2003) AND (kind_id = 7))
              Rows Removed by Filter: 1732153
Planning time: 0.777 ms
Execution time: 3530.079 ms
