Nested Loop  (cost=0.43..709673.15 rows=195 width=0) (actual time=2017.905..10988.914 rows=5 loops=1)
  ->  Seq Scan on cast_info ci  (cost=0.00..705507.15 rows=500 width=4) (actual time=2017.802..10988.235 rows=38 loops=1)
        Filter: (person_id = 3300715)
        Rows Removed by Filter: 36244306
  ->  Index Scan using title_pkey on title t  (cost=0.43..8.32 rows=1 width=4) (actual time=0.016..0.016 rows=0 loops=38)
        Index Cond: (id = ci.movie_id)
        Filter: (kind_id < 7)
        Rows Removed by Filter: 1
Planning time: 9.738 ms
Execution time: 10989.115 ms
