Seq Scan on movie_companies mc  (cost=0.00..51404.11 rows=2408007 width=0) (actual time=0.026..930.931 rows=2409191 loops=1)
  Filter: (company_id > 60)
  Rows Removed by Filter: 199938
Planning time: 0.268 ms
Execution time: 1202.515 ms
