Seq Scan on cast_info ci  (cost=0.00..796071.18 rows=1706745 width=0) (actual time=1113.751..11443.731 rows=2672301 loops=1)
  Filter: ((person_id > 3547719) AND (role_id > 1))
  Rows Removed by Filter: 33572043
Planning time: 0.319 ms
Execution time: 11782.771 ms
