Nested Loop  (cost=25190.47..374640.45 rows=3 width=0) (actual time=2748.653..5500.697 rows=442 loops=1)
  ->  Hash Join  (cost=25190.04..374561.18 rows=14 width=8) (actual time=2747.759..5479.978 rows=442 loops=1)
        Hash Cond: (mi.movie_id = mi_idx.movie_id)
        ->  Seq Scan on movie_info mi  (cost=0.00..346232.03 rows=17937 width=4) (actual time=2299.484..5033.090 rows=6536 loops=1)
              Filter: (info_type_id = 66)
              Rows Removed by Filter: 14829184
        ->  Hash  (cost=25185.44..25185.44 rows=368 width=4) (actual time=445.589..445.589 rows=260 loops=1)
              Buckets: 1024  Batches: 1  Memory Usage: 18kB
              ->  Seq Scan on movie_info_idx mi_idx  (cost=0.00..25185.44 rows=368 width=4) (actual time=40.863..445.501 rows=260 loops=1)
                    Filter: (info_type_id > 101)
                    Rows Removed by Filter: 1379775
  ->  Index Only Scan using title_pkey on title t  (cost=0.43..5.65 rows=1 width=4) (actual time=0.046..0.046 rows=1 loops=442)
        Index Cond: (id = mi.movie_id)
        Heap Fetches: 442
Planning time: 1.199 ms
Execution time: 5500.905 ms
