Hash Join  (cost=263115.61..451414.34 rows=4109605 width=0) (actual time=6267.184..17606.478 rows=31660689 loops=1)
  Hash Cond: (mk.movie_id = t.id)
  ->  Seq Scan on movie_keyword mk  (cost=0.00..81003.12 rows=3982650 width=4) (actual time=0.015..1413.422 rows=3982530 loops=1)
        Filter: (keyword_id > 382)
        Rows Removed by Filter: 541400
  ->  Hash  (cost=220309.49..220309.49 rows=2609129 width=8) (actual time=6266.060..6266.060 rows=2609129 loops=1)
        Buckets: 131072  Batches: 64  Memory Usage: 2691kB
        ->  Hash Join  (cost=102767.86..220309.49 rows=2609129 width=8) (actual time=2179.420..5577.109 rows=2609129 loops=1)
              Hash Cond: (mc.movie_id = t.id)
              ->  Seq Scan on movie_companies mc  (cost=0.00..44881.29 rows=2609129 width=4) (actual time=0.011..946.682 rows=2609129 loops=1)
              ->  Hash  (cost=61283.27..61283.27 rows=2528527 width=4) (actual time=2178.201..2178.201 rows=2528312 loops=1)
                    Buckets: 131072  Batches: 64  Memory Usage: 2415kB
                    ->  Seq Scan on title t  (cost=0.00..61283.27 rows=2528527 width=4) (actual time=0.010..1324.895 rows=2528312 loops=1)
Planning time: 0.723 ms
Execution time: 21289.237 ms
