Seq Scan on cast_info ci  (cost=0.00..705507.15 rows=500 width=0) (actual time=1728.564..10950.258 rows=180 loops=1)
  Filter: (person_id = 2923291)
  Rows Removed by Filter: 36244164
Planning time: 0.369 ms
Execution time: 10950.410 ms
