Hash Join  (cost=224430.87..1065450.67 rows=4211296 width=0) (actual time=7445.763..24270.324 rows=3602783 loops=1)
  Hash Cond: (ci.movie_id = t.id)
  ->  Seq Scan on cast_info ci  (cost=0.00..705507.15 rows=6813138 width=4) (actual time=1507.505..11811.688 rows=6745678 loops=1)
        Filter: (person_id < 651862)
        Rows Removed by Filter: 29498666
  ->  Hash  (cost=198788.39..198788.39 rows=1562918 width=8) (actual time=5909.500..5909.500 rows=688501 loops=1)
        Buckets: 131072  Batches: 32  Memory Usage: 1836kB
        ->  Hash Join  (cost=93093.72..198788.39 rows=1562918 width=8) (actual time=2195.942..5052.501 rows=688501 loops=1)
              Hash Cond: (mc.movie_id = t.id)
              ->  Seq Scan on movie_companies mc  (cost=0.00..51404.11 rows=2543675 width=4) (actual time=0.024..1133.201 rows=2541052 loops=1)
                    Filter: (company_id > 7)
                    Rows Removed by Filter: 68077
              ->  Hash  (cost=67604.59..67604.59 rows=1553611 width=4) (actual time=2194.424..2194.424 rows=1555864 loops=1)
                    Buckets: 131072  Batches: 32  Memory Usage: 2734kB
                    ->  Seq Scan on title t  (cost=0.00..67604.59 rows=1553611 width=4) (actual time=0.013..1217.403 rows=1555864 loops=1)
                          Filter: (kind_id > 4)
                          Rows Removed by Filter: 972448
Planning time: 1.148 ms
Execution time: 24736.209 ms
