Hash Join  (cost=221016.62..683115.71 rows=2572061 width=0) (actual time=4874.625..14874.419 rows=1560064 loops=1)
  Hash Cond: (mi.movie_id = t.id)
  ->  Seq Scan on movie_info mi  (cost=0.00..346232.03 rows=7503588 width=4) (actual time=0.009..6412.555 rows=7548855 loops=1)
        Filter: (info_type_id > 7)
        Rows Removed by Filter: 7286865
  ->  Hash  (cost=206796.60..206796.60 rows=866722 width=8) (actual time=4765.332..4765.332 rows=223136 loops=1)
        Buckets: 131072  Batches: 16  Memory Usage: 1584kB
        ->  Hash Join  (cost=92883.59..206796.60 rows=866722 width=8) (actual time=2613.945..4696.996 rows=223136 loops=1)
              Hash Cond: (mk.movie_id = t.id)
              ->  Seq Scan on movie_keyword mk  (cost=0.00..81003.12 rows=1422333 width=4) (actual time=0.029..1346.269 rows=1434488 loops=1)
                    Filter: (keyword_id > 11652)
                    Rows Removed by Filter: 3089442
              ->  Hash  (cost=67604.59..67604.59 rows=1540800 width=4) (actual time=1725.833..1725.833 rows=1543264 loops=1)
                    Buckets: 131072  Batches: 32  Memory Usage: 2728kB
                    ->  Seq Scan on title t  (cost=0.00..67604.59 rows=1540800 width=4) (actual time=42.999..1229.806 rows=1543264 loops=1)
                          Filter: (kind_id = 7)
                          Rows Removed by Filter: 985048
Planning time: 1.204 ms
Execution time: 15060.928 ms
