Seq Scan on cast_info ci  (cost=0.00..796071.18 rows=4804171 width=0) (actual time=6313.268..11034.192 rows=2792227 loops=1)
  Filter: ((person_id > 3093428) AND (role_id < 10))
  Rows Removed by Filter: 33452117
Planning time: 0.331 ms
Execution time: 11368.971 ms
