Hash Join  (cost=67697.55..154488.65 rows=13306 width=0) (actual time=1097.785..2945.082 rows=2500 loops=1)
  Hash Cond: (mk.movie_id = t.id)
  ->  Seq Scan on movie_keyword mk  (cost=0.00..69693.30 rows=4523930 width=4) (actual time=0.023..1034.741 rows=4523930 loops=1)
  ->  Hash  (cost=67604.59..67604.59 rows=7437 width=4) (actual time=1096.078..1096.078 rows=8902 loops=1)
        Buckets: 16384 (originally 8192)  Batches: 1 (originally 1)  Memory Usage: 441kB
        ->  Seq Scan on title t  (cost=0.00..67604.59 rows=7437 width=4) (actual time=678.828..1092.297 rows=8902 loops=1)
              Filter: (production_year = 1913)
              Rows Removed by Filter: 2519410
Planning time: 0.740 ms
Execution time: 2945.799 ms
