Seq Scan on cast_info ci  (cost=0.00..705507.15 rows=35339140 width=0) (actual time=0.018..13277.619 rows=35322307 loops=1)
  Filter: (person_id < 3885261)
  Rows Removed by Filter: 922037
Planning time: 0.300 ms
Execution time: 17537.412 ms
