Hash Join  (cost=260682.21..1691184.87 rows=34208948 width=0) (actual time=6216.268..59872.275 rows=74162044 loops=1)
  Hash Cond: (ci.movie_id = t.id)
  ->  Seq Scan on cast_info ci  (cost=0.00..614943.12 rows=36225612 width=4) (actual time=0.013..13480.845 rows=36244344 loops=1)
  ->  Hash  (cost=221507.15..221507.15 rows=2387765 width=8) (actual time=6215.114..6215.114 rows=2387655 loops=1)
        Buckets: 131072  Batches: 32  Memory Usage: 3905kB
        ->  Hash Join  (cost=102767.86..221507.15 rows=2387765 width=8) (actual time=1978.464..5529.766 rows=2387655 loops=1)
              Hash Cond: (mc.movie_id = t.id)
              ->  Seq Scan on movie_companies mc  (cost=0.00..51404.11 rows=2387765 width=4) (actual time=0.019..1147.907 rows=2387655 loops=1)
                    Filter: (company_id > 74)
                    Rows Removed by Filter: 221474
              ->  Hash  (cost=61283.27..61283.27 rows=2528527 width=4) (actual time=1976.842..1976.842 rows=2528312 loops=1)
                    Buckets: 131072  Batches: 64  Memory Usage: 2415kB
                    ->  Seq Scan on title t  (cost=0.00..61283.27 rows=2528527 width=4) (actual time=0.018..1113.712 rows=2528312 loops=1)
Planning time: 0.704 ms
Execution time: 68458.674 ms
