Hash Join  (cost=94521.90..163639.94 rows=414055 width=144) (actual time=1922.081..3945.432 rows=700653 loops=1)
  Hash Cond: (mi_idx.movie_id = t.id)
  ->  Seq Scan on movie_info_idx mi_idx  (cost=0.00..21735.35 rows=1380035 width=50) (actual time=0.020..515.123 rows=1380035 loops=1)
  ->  Hash  (cost=73925.90..73925.90 rows=758640 width=94) (actual time=1921.100..1921.100 rows=663849 loops=1)
        Buckets: 32768  Batches: 32  Memory Usage: 2556kB
        ->  Seq Scan on title t  (cost=0.00..73925.90 rows=758640 width=94) (actual time=0.021..1654.884 rows=663849 loops=1)
              Filter: ((kind_id < 7) AND (production_year > 1980))
              Rows Removed by Filter: 1864463
Planning time: 1.000 ms
Execution time: 3983.876 ms
