Nested Loop  (cost=0.43..709671.90 rows=500 width=0) (actual time=2967.881..11283.886 rows=74 loops=1)
  ->  Seq Scan on cast_info ci  (cost=0.00..705507.15 rows=500 width=4) (actual time=2967.731..11282.023 rows=74 loops=1)
        Filter: (person_id = 2581355)
        Rows Removed by Filter: 36244270
  ->  Index Only Scan using title_pkey on title t  (cost=0.43..8.32 rows=1 width=4) (actual time=0.023..0.023 rows=1 loops=74)
        Index Cond: (id = ci.movie_id)
        Heap Fetches: 74
Planning time: 1.472 ms
Execution time: 11283.982 ms
