Hash Join  (cost=200442.03..736178.69 rows=5241773 width=0) (actual time=4318.081..21645.575 rows=15158250 loops=1)
  Hash Cond: (mi.movie_id = t.id)
  ->  Seq Scan on movie_info mi  (cost=0.00..309384.22 rows=14739122 width=4) (actual time=0.009..5633.392 rows=14835720 loops=1)
  ->  Hash  (cost=185688.57..185688.57 rows=899237 width=8) (actual time=4317.248..4317.248 rows=907742 loops=1)
        Buckets: 131072  Batches: 16  Memory Usage: 3265kB
        ->  Hash Join  (cost=102767.86..185688.57 rows=899237 width=8) (actual time=1868.244..4035.655 rows=907742 loops=1)
              Hash Cond: (mc.movie_id = t.id)
              ->  Seq Scan on movie_companies mc  (cost=0.00..51404.11 rows=899237 width=4) (actual time=0.027..938.374 rows=907742 loops=1)
                    Filter: (company_id > 20950)
                    Rows Removed by Filter: 1701387
              ->  Hash  (cost=61283.27..61283.27 rows=2528527 width=4) (actual time=1866.288..1866.288 rows=2528312 loops=1)
                    Buckets: 131072  Batches: 64  Memory Usage: 2415kB
                    ->  Seq Scan on title t  (cost=0.00..61283.27 rows=2528527 width=4) (actual time=0.014..1047.977 rows=2528312 loops=1)
Planning time: 1.836 ms
Execution time: 23357.393 ms
