Hash Join  (cost=296929.81..948610.47 rows=14381283 width=0) (actual time=5729.509..19963.779 rows=6061497 loops=1)
  Hash Cond: (mi.movie_id = t.id)
  ->  Seq Scan on movie_info mi  (cost=0.00..309384.22 rows=14739122 width=4) (actual time=0.024..6415.146 rows=14835720 loops=1)
  ->  Hash  (cost=256452.57..256452.57 rows=2467139 width=8) (actual time=5726.691..5726.691 rows=588713 loops=1)
        Buckets: 131072  Batches: 64  Memory Usage: 1376kB
        ->  Hash Join  (cost=92883.59..256452.57 rows=2467139 width=8) (actual time=4056.097..5559.244 rows=588713 loops=1)
              Hash Cond: (mk.movie_id = t.id)
              ->  Seq Scan on movie_keyword mk  (cost=0.00..81003.12 rows=4048694 width=4) (actual time=0.031..1779.139 rows=4052221 loops=1)
                    Filter: (keyword_id < 37748)
                    Rows Removed by Filter: 471709
              ->  Hash  (cost=67604.59..67604.59 rows=1540800 width=4) (actual time=1701.392..1701.392 rows=1543264 loops=1)
                    Buckets: 131072  Batches: 32  Memory Usage: 2728kB
                    ->  Seq Scan on title t  (cost=0.00..67604.59 rows=1540800 width=4) (actual time=0.018..1228.351 rows=1543264 loops=1)
                          Filter: (kind_id = 7)
                          Rows Removed by Filter: 985048
Planning time: 1.165 ms
Execution time: 20587.700 ms
