Hash Join  (cost=453990.23..1288868.52 rows=791098 width=0) (actual time=10016.054..27596.777 rows=1557089 loops=1)
  Hash Cond: (ci.movie_id = t.id)
  ->  Seq Scan on cast_info ci  (cost=0.00..705507.15 rows=8572187 width=4) (actual time=349.136..14090.953 rows=8486314 loops=1)
        Filter: (role_id > 5)
        Rows Removed by Filter: 27758030
  ->  Hash  (cost=450161.37..450161.37 rows=233349 width=8) (actual time=9666.151..9666.151 rows=164229 loops=1)
        Buckets: 131072  Batches: 4  Memory Usage: 2621kB
        ->  Hash Join  (cost=68438.72..450161.37 rows=233349 width=8) (actual time=1136.667..9590.928 rows=164229 loops=1)
              Hash Cond: (mi.movie_id = t.id)
              ->  Seq Scan on movie_info mi  (cost=0.00..346232.03 rows=8841901 width=4) (actual time=1.168..6314.564 rows=8950757 loops=1)
                    Filter: (info_type_id > 6)
                    Rows Removed by Filter: 5884963
              ->  Hash  (cost=67604.59..67604.59 rows=66731 width=4) (actual time=1134.790..1134.790 rows=67342 loops=1)
                    Buckets: 131072  Batches: 1  Memory Usage: 3392kB
                    ->  Seq Scan on title t  (cost=0.00..67604.59 rows=66731 width=4) (actual time=0.054..1106.526 rows=67342 loops=1)
                          Filter: (production_year > 2012)
                          Rows Removed by Filter: 2460970
Planning time: 1.428 ms
Execution time: 27776.905 ms
