Seq Scan on movie_companies mc  (cost=0.00..57926.93 rows=1020441 width=0) (actual time=0.022..1060.988 rows=1274246 loops=1)
  Filter: ((company_id < 72623) AND (company_type_id < 2))
  Rows Removed by Filter: 1334883
Planning time: 0.334 ms
Execution time: 1211.601 ms
