Hash Join  (cost=52284.99..416946.98 rows=606 width=0) (actual time=783.357..7754.046 rows=1330 loops=1)
  Hash Cond: (mi.movie_id = t.id)
  ->  Seq Scan on movie_info mi  (cost=0.00..309384.22 rows=14739122 width=4) (actual time=0.021..4354.615 rows=14835720 loops=1)
  ->  Hash  (cost=52283.69..52283.69 rows=104 width=8) (actual time=766.829..766.829 rows=46 loops=1)
        Buckets: 1024  Batches: 1  Memory Usage: 10kB
        ->  Nested Loop  (cost=0.43..52283.69 rows=104 width=8) (actual time=265.477..766.767 rows=46 loops=1)
              ->  Seq Scan on movie_companies mc  (cost=0.00..51404.11 rows=104 width=4) (actual time=265.381..764.810 rows=46 loops=1)
                    Filter: (company_id = 101975)
                    Rows Removed by Filter: 2609083
              ->  Index Only Scan using title_pkey on title t  (cost=0.43..8.45 rows=1 width=4) (actual time=0.038..0.039 rows=1 loops=46)
                    Index Cond: (id = mc.movie_id)
                    Heap Fetches: 46
Planning time: 1.188 ms
Execution time: 7754.571 ms
