Nested Loop  (cost=44377.22..144073.35 rows=3704 width=0) (actual time=919.467..2600.715 rows=14838 loops=1)
  ->  Hash Join  (cost=44376.79..132214.18 rows=20172 width=8) (actual time=919.404..2404.023 rows=14838 loops=1)
        Hash Cond: (mk.movie_id = mi_idx.movie_id)
        ->  Seq Scan on movie_keyword mk  (cost=0.00..81003.12 rows=6786 width=4) (actual time=0.162..1247.269 rows=5733 loops=1)
              Filter: (keyword_id = 249)
              Rows Removed by Filter: 4518197
        ->  Hash  (cost=21735.35..21735.35 rows=1380035 width=4) (actual time=918.254..918.254 rows=1380035 loops=1)
              Buckets: 131072  Batches: 32  Memory Usage: 2556kB
              ->  Seq Scan on movie_info_idx mi_idx  (cost=0.00..21735.35 rows=1380035 width=4) (actual time=0.024..480.480 rows=1380035 loops=1)
  ->  Index Only Scan using title_pkey on title t  (cost=0.43..0.58 rows=1 width=4) (actual time=0.012..0.013 rows=1 loops=14838)
        Index Cond: (id = mi_idx.movie_id)
        Heap Fetches: 14838
Planning time: 10.146 ms
Execution time: 2603.716 ms
