Nested Loop  (cost=0.43..83072.29 rows=16 width=0) (actual time=274.704..1289.230 rows=5 loops=1)
  ->  Seq Scan on movie_keyword mk  (cost=0.00..81003.12 rows=246 width=4) (actual time=3.819..1269.930 rows=367 loops=1)
        Filter: (keyword_id = 7341)
        Rows Removed by Filter: 4523563
  ->  Index Scan using title_pkey on title t  (cost=0.43..8.40 rows=1 width=4) (actual time=0.051..0.051 rows=0 loops=367)
        Index Cond: (id = mk.movie_id)
        Filter: (production_year = 2011)
        Rows Removed by Filter: 1
Planning time: 0.658 ms
Execution time: 1289.328 ms
