Hash Join  (cost=102767.86..1221329.70 rows=16755366 width=0) (actual time=2098.890..29795.203 rows=16614135 loops=1)
  Hash Cond: (ci.movie_id = t.id)
  ->  Seq Scan on cast_info ci  (cost=0.00..705507.15 rows=16755366 width=4) (actual time=3.625..13859.727 rows=16614135 loops=1)
        Filter: (person_id < 1644538)
        Rows Removed by Filter: 19630209
  ->  Hash  (cost=61283.27..61283.27 rows=2528527 width=4) (actual time=2014.083..2014.083 rows=2528312 loops=1)
        Buckets: 131072  Batches: 64  Memory Usage: 2415kB
        ->  Seq Scan on title t  (cost=0.00..61283.27 rows=2528527 width=4) (actual time=0.015..1143.272 rows=2528312 loops=1)
Planning time: 0.746 ms
Execution time: 31595.746 ms
