Seq Scan on movie_keyword mk  (cost=0.00..81003.12 rows=1183351 width=0) (actual time=0.024..1265.528 rows=1193975 loops=1)
  Filter: (keyword_id > 15480)
  Rows Removed by Filter: 3329955
Planning time: 0.356 ms
Execution time: 1410.289 ms
