Hash Join  (cost=179026.59..1236873.81 rows=2340505 width=0) (actual time=3554.030..41011.108 rows=18855336 loops=1)
  Hash Cond: (ci.movie_id = t.id)
  ->  Seq Scan on cast_info ci  (cost=0.00..614943.12 rows=36225612 width=4) (actual time=0.018..15332.665 rows=36244344 loops=1)
  ->  Hash  (cost=176345.51..176345.51 rows=163366 width=8) (actual time=3553.202..3553.202 rows=297659 loops=1)
        Buckets: 131072  Batches: 4  Memory Usage: 3925kB
        ->  Hash Join  (cost=82634.05..176345.51 rows=163366 width=8) (actual time=1613.798..3465.609 rows=297659 loops=1)
              Hash Cond: (mk.movie_id = t.id)
              ->  Seq Scan on movie_keyword mk  (cost=0.00..81003.12 rows=778312 width=4) (actual time=0.017..1426.885 rows=779380 loops=1)
                    Filter: (keyword_id < 745)
                    Rows Removed by Filter: 3744550
              ->  Hash  (cost=73925.90..73925.90 rows=530732 width=4) (actual time=1532.023..1532.023 rows=403730 loops=1)
                    Buckets: 131072  Batches: 8  Memory Usage: 2815kB
                    ->  Seq Scan on title t  (cost=0.00..73925.90 rows=530732 width=4) (actual time=243.400..1406.873 rows=403730 loops=1)
                          Filter: ((production_year > 1975) AND (kind_id = 1))
                          Rows Removed by Filter: 2124582
Planning time: 1.120 ms
Execution time: 43493.464 ms
