Hash Join  (cost=83440.39..923766.81 rows=694956 width=0) (actual time=1341.161..16138.157 rows=902449 loops=1)
  Hash Cond: (ci.movie_id = t.id)
  ->  Seq Scan on cast_info ci  (cost=0.00..796071.18 rows=3030315 width=4) (actual time=0.015..12419.387 rows=4429620 loops=1)
        Filter: ((person_id > 2122794) AND (role_id = 2))
        Rows Removed by Filter: 31814724
  ->  Hash  (cost=73925.90..73925.90 rows=579879 width=4) (actual time=1340.328..1340.328 rows=492958 loops=1)
        Buckets: 131072  Batches: 8  Memory Usage: 3188kB
        ->  Seq Scan on title t  (cost=0.00..73925.90 rows=579879 width=4) (actual time=0.020..1185.963 rows=492958 loops=1)
              Filter: ((kind_id < 7) AND (production_year > 1998))
              Rows Removed by Filter: 2035354
Planning time: 2.159 ms
Execution time: 16244.047 ms
