Seq Scan on movie_companies mc  (cost=0.00..51404.11 rows=104 width=0) (actual time=256.221..873.336 rows=42 loops=1)
  Filter: (company_id = 15314)
  Rows Removed by Filter: 2609087
Planning time: 0.356 ms
Execution time: 873.436 ms
