Hash Join  (cost=263115.61..1608390.55 rows=22812326 width=0) (actual time=6426.633..51434.399 rows=51553612 loops=1)
  Hash Cond: (ci.movie_id = t.id)
  ->  Seq Scan on cast_info ci  (cost=0.00..796071.18 rows=22107601 width=4) (actual time=0.012..19692.685 rows=22979838 loops=1)
        Filter: ((person_id > 204622) AND (role_id > 1))
        Rows Removed by Filter: 13264506
  ->  Hash  (cost=220309.49..220309.49 rows=2609129 width=8) (actual time=6417.826..6417.826 rows=2609129 loops=1)
        Buckets: 131072  Batches: 64  Memory Usage: 2610kB
        ->  Hash Join  (cost=102767.86..220309.49 rows=2609129 width=8) (actual time=2171.009..5680.133 rows=2609129 loops=1)
              Hash Cond: (mc.movie_id = t.id)
              ->  Seq Scan on movie_companies mc  (cost=0.00..44881.29 rows=2609129 width=4) (actual time=0.032..950.879 rows=2609129 loops=1)
              ->  Hash  (cost=61283.27..61283.27 rows=2528527 width=4) (actual time=2168.955..2168.955 rows=2528312 loops=1)
                    Buckets: 131072  Batches: 64  Memory Usage: 2415kB
                    ->  Seq Scan on title t  (cost=0.00..61283.27 rows=2528527 width=4) (actual time=0.015..1069.958 rows=2528312 loops=1)
Planning time: 1.022 ms
Execution time: 56992.556 ms
