Hash Join  (cost=78964.21..1157959.71 rows=4399234 width=0) (actual time=1683.730..30778.399 rows=1757604 loops=1)
  Hash Cond: (ci.movie_id = t.id)
  ->  Seq Scan on cast_info ci  (cost=0.00..614943.12 rows=36225612 width=4) (actual time=0.014..13492.458 rows=36244344 loops=1)
  ->  Hash  (cost=73925.90..73925.90 rows=307064 width=4) (actual time=1682.859..1682.859 rows=169596 loops=1)
        Buckets: 131072  Batches: 8  Memory Usage: 1767kB
        ->  Seq Scan on title t  (cost=0.00..73925.90 rows=307064 width=4) (actual time=0.081..1351.889 rows=169596 loops=1)
              Filter: ((kind_id > 1) AND (production_year < 1973))
              Rows Removed by Filter: 2358716
Planning time: 0.737 ms
Execution time: 30979.529 ms
