Seq Scan on movie_keyword mk  (cost=0.00..81003.12 rows=4287705 width=0) (actual time=0.022..4792.455 rows=4270213 loops=1)
  Filter: (keyword_id > 217)
  Rows Removed by Filter: 253717
Planning time: 0.255 ms
Execution time: 5677.600 ms
