Hash Join  (cost=138611.27..644803.72 rows=2472851 width=0) (actual time=2835.457..16033.122 rows=2285181 loops=1)
  Hash Cond: (mi.movie_id = t.id)
  ->  Seq Scan on movie_info mi  (cost=0.00..309384.22 rows=14739122 width=4) (actual time=0.021..6111.199 rows=14835720 loops=1)
  ->  Hash  (cost=131650.48..131650.48 rows=424223 width=8) (actual time=2831.849..2831.849 rows=246627 loops=1)
        Buckets: 131072  Batches: 8  Memory Usage: 2241kB
        ->  Hash Join  (cost=86678.77..131650.48 rows=424223 width=8) (actual time=1457.992..2753.165 rows=246627 loops=1)
              Hash Cond: (mi_idx.movie_id = t.id)
              ->  Seq Scan on movie_info_idx mi_idx  (cost=0.00..21735.35 rows=1380035 width=4) (actual time=0.023..475.659 rows=1380035 loops=1)
              ->  Hash  (cost=73925.90..73925.90 rows=777269 width=4) (actual time=1454.133..1454.133 rows=690703 loops=1)
                    Buckets: 131072  Batches: 16  Memory Usage: 2541kB
                    ->  Seq Scan on title t  (cost=0.00..73925.90 rows=777269 width=4) (actual time=0.017..1226.410 rows=690703 loops=1)
                          Filter: ((kind_id > 4) AND (production_year < 2004))
                          Rows Removed by Filter: 1837609
Planning time: 1.174 ms
Execution time: 16296.967 ms
