Hash Join  (cost=83882.28..160901.03 rows=287403 width=0) (actual time=6544.255..9731.096 rows=471671 loops=1)
  Hash Cond: (mc.movie_id = t.id)
  ->  Seq Scan on movie_companies mc  (cost=0.00..57926.93 rows=1197544 width=4) (actual time=1086.567..3791.557 rows=1274246 loops=1)
        Filter: ((company_id < 125415) AND (company_type_id < 2))
        Rows Removed by Filter: 1334883
  ->  Hash  (cost=73925.90..73925.90 rows=606830 width=4) (actual time=4678.218..4678.218 rows=492483 loops=1)
        Buckets: 131072  Batches: 8  Memory Usage: 3201kB
        ->  Seq Scan on title t  (cost=0.00..73925.90 rows=606830 width=4) (actual time=0.023..3822.328 rows=492483 loops=1)
              Filter: ((production_year > 1950) AND (kind_id = 1))
              Rows Removed by Filter: 2035829
Planning time: 3.774 ms
Execution time: 9802.935 ms
