Hash Join  (cost=276671.46..384165.31 rows=2116891 width=0) (actual time=5849.414..13571.355 rows=15010428 loops=1)
  Hash Cond: (mc.movie_id = t.id)
  ->  Seq Scan on movie_companies mc  (cost=0.00..44881.29 rows=2609129 width=4) (actual time=0.024..1013.275 rows=2609129 loops=1)
  ->  Hash  (cost=243013.78..243013.78 rows=2051495 width=8) (actual time=5848.386..5848.386 rows=2059636 loops=1)
        Buckets: 131072  Batches: 32  Memory Usage: 3524kB
        ->  Hash Join  (cost=102767.86..243013.78 rows=2051495 width=8) (actual time=1913.428..5307.413 rows=2059636 loops=1)
              Hash Cond: (mk.movie_id = t.id)
              ->  Seq Scan on movie_keyword mk  (cost=0.00..81003.12 rows=2051495 width=4) (actual time=0.024..1509.301 rows=2059636 loops=1)
                    Filter: (keyword_id < 3662)
                    Rows Removed by Filter: 2464294
              ->  Hash  (cost=61283.27..61283.27 rows=2528527 width=4) (actual time=1910.621..1910.621 rows=2528312 loops=1)
                    Buckets: 131072  Batches: 64  Memory Usage: 2425kB
                    ->  Seq Scan on title t  (cost=0.00..61283.27 rows=2528527 width=4) (actual time=0.015..1032.171 rows=2528312 loops=1)
Planning time: 1.166 ms
Execution time: 15384.181 ms
