Hash Join  (cost=542808.31..725325.44 rows=3645855 width=0) (actual time=26943.421..38819.547 rows=8795271 loops=1)
  Hash Cond: (mk.movie_id = t.id)
  ->  Seq Scan on movie_keyword mk  (cost=0.00..81003.12 rows=4445091 width=4) (actual time=0.024..6132.405 rows=4439551 loops=1)
        Filter: (keyword_id > 71)
        Rows Removed by Filter: 84379
  ->  Hash  (cost=508782.64..508782.64 rows=2073893 width=8) (actual time=26940.008..26940.008 rows=2091068 loops=1)
        Buckets: 131072  Batches: 32  Memory Usage: 3569kB
        ->  Hash Join  (cost=102767.86..508782.64 rows=2073893 width=8) (actual time=6771.850..26157.861 rows=2091068 loops=1)
              Hash Cond: (mi.movie_id = t.id)
              ->  Seq Scan on movie_info mi  (cost=0.00..346232.03 rows=2073893 width=4) (actual time=1210.510..17584.921 rows=2091068 loops=1)
                    Filter: (info_type_id < 3)
                    Rows Removed by Filter: 12744652
              ->  Hash  (cost=61283.27..61283.27 rows=2528527 width=4) (actual time=5560.318..5560.318 rows=2528312 loops=1)
                    Buckets: 131072  Batches: 64  Memory Usage: 2425kB
                    ->  Seq Scan on title t  (cost=0.00..61283.27 rows=2528527 width=4) (actual time=0.023..4286.386 rows=2528312 loops=1)
Planning time: 1.051 ms
Execution time: 40038.851 ms
