Hash Join  (cost=832534.12..1546495.38 rows=1435666 width=0) (actual time=58308.062..94371.269 rows=5224596 loops=1)
  Hash Cond: (mi.movie_id = t.id)
  ->  Seq Scan on movie_info mi  (cost=0.00..346232.03 rows=12665229 width=4) (actual time=0.015..23742.451 rows=12744652 loops=1)
        Filter: (info_type_id > 2)
        Rows Removed by Filter: 2091068
  ->  Hash  (cost=827831.35..827831.35 rows=286621 width=8) (actual time=58306.863..58306.863 rows=427147 loops=1)
        Buckets: 131072 (originally 131072)  Batches: 8 (originally 4)  Memory Usage: 3073kB
        ->  Hash Join  (cost=74175.98..827831.35 rows=286621 width=8) (actual time=3455.885..56824.693 rows=427147 loops=1)
              Hash Cond: (ci.movie_id = t.id)
              ->  Seq Scan on cast_info ci  (cost=0.00..614943.12 rows=36225612 width=4) (actual time=0.018..38537.944 rows=36244344 loops=1)
              ->  Hash  (cost=73925.90..73925.90 rows=20006 width=4) (actual time=3455.621..3455.621 rows=24331 loops=1)
                    Buckets: 32768  Batches: 1  Memory Usage: 1112kB
                    ->  Seq Scan on title t  (cost=0.00..73925.90 rows=20006 width=4) (actual time=0.730..3444.783 rows=24331 loops=1)
                          Filter: ((kind_id < 3) AND (production_year > 2012))
                          Rows Removed by Filter: 2503981
Planning time: 1.063 ms
Execution time: 95161.393 ms
