Hash Join  (cost=670032.87..2502868.59 rows=55742339 width=0) (actual time=39185.027..208368.610 rows=310117353 loops=1)
  Hash Cond: (ci.movie_id = t.id)
  ->  Seq Scan on cast_info ci  (cost=0.00..614943.12 rows=36225612 width=4) (actual time=0.016..46787.692 rows=36244344 loops=1)
  ->  Hash  (cost=606199.07..606199.07 rows=3890784 width=8) (actual time=39183.540..39183.540 rows=8386557 loops=1)
        Buckets: 131072 (originally 131072)  Batches: 128 (originally 64)  Memory Usage: 3585kB
        ->  Hash Join  (cost=84877.30..606199.07 rows=3890784 width=8) (actual time=3575.016..36310.177 rows=8386557 loops=1)
              Hash Cond: (mi.movie_id = t.id)
              ->  Seq Scan on movie_info mi  (cost=0.00..309384.22 rows=14739122 width=4) (actual time=0.019..20511.851 rows=14835720 loops=1)
              ->  Hash  (cost=73925.90..73925.90 rows=667472 width=4) (actual time=3574.220..3574.220 rows=677535 loops=1)
                    Buckets: 131072  Batches: 16  Memory Usage: 2522kB
                    ->  Seq Scan on title t  (cost=0.00..73925.90 rows=667472 width=4) (actual time=0.026..3286.066 rows=677535 loops=1)
                          Filter: ((kind_id < 3) AND (production_year < 2012))
                          Rows Removed by Filter: 1850777
Planning time: 1.261 ms
Execution time: 250505.938 ms
