Seq Scan on movie_keyword mk  (cost=0.00..81003.12 rows=246 width=0) (actual time=15.670..3836.897 rows=120 loops=1)
  Filter: (keyword_id = 932)
  Rows Removed by Filter: 4523810
Planning time: 0.380 ms
Execution time: 3837.074 ms
