Hash Join  (cost=102767.86..179301.12 rows=633794 width=0) (actual time=5884.804..9900.695 rows=627255 loops=1)
  Hash Cond: (mc.movie_id = t.id)
  ->  Seq Scan on movie_companies mc  (cost=0.00..51404.11 rows=633794 width=4) (actual time=0.013..2914.885 rows=627255 loops=1)
        Filter: (company_id < 819)
        Rows Removed by Filter: 1981874
  ->  Hash  (cost=61283.27..61283.27 rows=2528527 width=4) (actual time=5883.722..5883.722 rows=2528312 loops=1)
        Buckets: 131072  Batches: 64  Memory Usage: 2415kB
        ->  Seq Scan on title t  (cost=0.00..61283.27 rows=2528527 width=4) (actual time=0.017..4238.862 rows=2528312 loops=1)
Planning time: 0.686 ms
Execution time: 9983.002 ms
