Seq Scan on movie_keyword mk  (cost=0.00..81003.12 rows=3143183 width=0) (actual time=0.020..5056.121 rows=3127595 loops=1)
  Filter: (keyword_id < 11997)
  Rows Removed by Filter: 1396335
Planning time: 0.261 ms
Execution time: 5664.158 ms
