Hash Join  (cost=129162.90..255092.82 rows=322388 width=0) (actual time=12718.562..14874.529 rows=251960 loops=1)
  Hash Cond: (mk.movie_id = t.id)
  ->  Seq Scan on movie_keyword mk  (cost=0.00..69693.30 rows=4523930 width=4) (actual time=0.011..4798.262 rows=4523930 loops=1)
  ->  Hash  (cost=126206.53..126206.53 rows=180190 width=8) (actual time=7700.128..7700.128 rows=92082 loops=1)
        Buckets: 131072  Batches: 4  Memory Usage: 1923kB
        ->  Hash Join  (cost=90016.07..126206.53 rows=180190 width=8) (actual time=5387.465..7666.742 rows=92082 loops=1)
              Hash Cond: (mi_idx.movie_id = t.id)
              ->  Seq Scan on movie_info_idx mi_idx  (cost=0.00..25185.44 rows=464566 width=4) (actual time=0.026..1757.655 rows=459925 loops=1)
                    Filter: (info_type_id = 101)
                    Rows Removed by Filter: 920110
              ->  Hash  (cost=73925.90..73925.90 rows=980733 width=4) (actual time=5386.554..5386.554 rows=1074493 loops=1)
                    Buckets: 131072  Batches: 16  Memory Usage: 3394kB
                    ->  Seq Scan on title t  (cost=0.00..73925.90 rows=980733 width=4) (actual time=0.017..4895.489 rows=1074493 loops=1)
                          Filter: ((production_year > 1995) AND (kind_id = 7))
                          Rows Removed by Filter: 1453819
Planning time: 1.073 ms
Execution time: 14918.881 ms
