Hash Join  (cost=147806.35..202498.91 rows=2704 width=0) (actual time=4369.680..6641.519 rows=5315 loops=1)
  Hash Cond: (mc.movie_id = t.id)
  ->  Seq Scan on movie_companies mc  (cost=0.00..44881.29 rows=2609129 width=4) (actual time=0.013..1791.079 rows=2609129 loops=1)
  ->  Hash  (cost=147773.60..147773.60 rows=2620 width=8) (actual time=4269.294..4269.294 rows=918 loops=1)
        Buckets: 4096  Batches: 1  Memory Usage: 68kB
        ->  Nested Loop  (cost=0.43..147773.60 rows=2620 width=8) (actual time=0.089..4268.283 rows=918 loops=1)
              ->  Seq Scan on movie_keyword mk  (cost=0.00..81003.12 rows=10254 width=4) (actual time=0.034..3263.682 rows=8567 loops=1)
                    Filter: (keyword_id = 3636)
                    Rows Removed by Filter: 4515363
              ->  Index Scan using title_pkey on title t  (cost=0.43..6.50 rows=1 width=4) (actual time=0.117..0.117 rows=0 loops=8567)
                    Index Cond: (id = mk.movie_id)
                    Filter: ((kind_id < 2) AND (production_year > 1902))
                    Rows Removed by Filter: 1
Planning time: 1.239 ms
Execution time: 6642.619 ms
