Hash Join  (cost=153118.25..1220329.32 rows=3252090 width=0) (actual time=9334.172..79407.220 rows=7064114 loops=1)
  Hash Cond: (ci.movie_id = t.id)
  ->  Seq Scan on cast_info ci  (cost=0.00..614943.12 rows=36225612 width=4) (actual time=0.022..45292.806 rows=36244344 loops=1)
  ->  Hash  (cost=149393.83..149393.83 rows=226994 width=8) (actual time=9331.802..9331.802 rows=444153 loops=1)
        Buckets: 131072 (originally 131072)  Batches: 8 (originally 4)  Memory Usage: 3189kB
        ->  Hash Join  (cost=71214.36..149393.83 rows=226994 width=8) (actual time=3509.650..9111.189 rows=444153 loops=1)
              Hash Cond: (mc.movie_id = t.id)
              ->  Seq Scan on movie_companies mc  (cost=0.00..44881.29 rows=2609129 width=4) (actual time=6.211..3618.984 rows=2609129 loops=1)
              ->  Hash  (cost=67604.59..67604.59 rows=219982 width=4) (actual time=3502.652..3502.652 rows=221115 loops=1)
                    Buckets: 131072  Batches: 4  Memory Usage: 2967kB
                    ->  Seq Scan on title t  (cost=0.00..67604.59 rows=219982 width=4) (actual time=0.023..3420.286 rows=221115 loops=1)
                          Filter: (production_year < 1958)
                          Rows Removed by Filter: 2307197
Planning time: 1.755 ms
Execution time: 80403.490 ms
