Hash Join  (cost=83074.74..109986.57 rows=134 width=0) (actual time=4136.643..5749.736 rows=118 loops=1)
  Hash Cond: (mi_idx.movie_id = t.id)
  ->  Seq Scan on movie_info_idx mi_idx  (cost=0.00..21735.35 rows=1380035 width=4) (actual time=0.029..1270.296 rows=1380035 loops=1)
  ->  Hash  (cost=83071.67..83071.67 rows=246 width=8) (actual time=4130.531..4130.531 rows=41 loops=1)
        Buckets: 1024  Batches: 1  Memory Usage: 10kB
        ->  Nested Loop  (cost=0.43..83071.67 rows=246 width=8) (actual time=285.894..4130.456 rows=41 loops=1)
              ->  Seq Scan on movie_keyword mk  (cost=0.00..81003.12 rows=246 width=4) (actual time=285.773..4107.580 rows=41 loops=1)
                    Filter: (keyword_id = 44972)
                    Rows Removed by Filter: 4523889
              ->  Index Only Scan using title_pkey on title t  (cost=0.43..8.40 rows=1 width=4) (actual time=0.550..0.551 rows=1 loops=41)
                    Index Cond: (id = mk.movie_id)
                    Heap Fetches: 41
Planning time: 3.753 ms
Execution time: 5749.896 ms
