Hash Join  (cost=102767.86..172862.17 rows=95100 width=0) (actual time=6450.405..8503.737 rows=39113 loops=1)
  Hash Cond: (mc.movie_id = t.id)
  ->  Seq Scan on movie_companies mc  (cost=0.00..57926.93 rows=95100 width=4) (actual time=830.687..2459.961 rows=39113 loops=1)
        Filter: ((company_id < 49) AND (company_type_id > 1))
        Rows Removed by Filter: 2570016
  ->  Hash  (cost=61283.27..61283.27 rows=2528527 width=4) (actual time=5618.270..5618.270 rows=2528312 loops=1)
        Buckets: 131072  Batches: 64  Memory Usage: 2415kB
        ->  Seq Scan on title t  (cost=0.00..61283.27 rows=2528527 width=4) (actual time=0.027..4453.829 rows=2528312 loops=1)
Planning time: 0.672 ms
Execution time: 8508.832 ms
