Hash Join  (cost=73944.12..171709.88 rows=2572 width=0) (actual time=3930.719..9520.649 rows=5174 loops=1)
  Hash Cond: (mk.movie_id = t.id)
  ->  Seq Scan on movie_keyword mk  (cost=0.00..81003.12 rows=4463177 width=4) (actual time=0.019..5159.743 rows=4466252 loops=1)
        Filter: (keyword_id < 96110)
        Rows Removed by Filter: 57678
  ->  Hash  (cost=73925.90..73925.90 rows=1457 width=4) (actual time=3368.162..3368.162 rows=1825 loops=1)
        Buckets: 2048  Batches: 1  Memory Usage: 81kB
        ->  Seq Scan on title t  (cost=0.00..73925.90 rows=1457 width=4) (actual time=0.144..3366.892 rows=1825 loops=1)
              Filter: ((kind_id = 2) AND (production_year = 1997))
              Rows Removed by Filter: 2526487
Planning time: 0.816 ms
Execution time: 9521.526 ms
