Hash Join  (cost=101393.84..184017.33 rows=2071 width=0) (actual time=1954.201..3229.208 rows=18763 loops=1)
  Hash Cond: (mk.movie_id = t.id)
  ->  Seq Scan on movie_keyword mk  (cost=0.00..81003.12 rows=426573 width=4) (actual time=0.015..1291.326 rows=438602 loops=1)
        Filter: (keyword_id < 339)
        Rows Removed by Filter: 4085328
  ->  Hash  (cost=101240.37..101240.37 rows=12278 width=8) (actual time=1836.817..1836.817 rows=19500 loops=1)
        Buckets: 32768 (originally 16384)  Batches: 1 (originally 1)  Memory Usage: 1018kB
        ->  Hash Join  (cost=74207.10..101240.37 rows=12278 width=8) (actual time=1366.562..1829.710 rows=19500 loops=1)
              Hash Cond: (mi_idx.movie_id = t.id)
              ->  Seq Scan on movie_info_idx mi_idx  (cost=0.00..21735.35 rows=1380035 width=4) (actual time=0.027..382.502 rows=1380035 loops=1)
              ->  Hash  (cost=73925.90..73925.90 rows=22496 width=4) (actual time=1157.474..1157.474 rows=13050 loops=1)
                    Buckets: 32768  Batches: 1  Memory Usage: 715kB
                    ->  Seq Scan on title t  (cost=0.00..73925.90 rows=22496 width=4) (actual time=446.328..1151.945 rows=13050 loops=1)
                          Filter: ((kind_id < 2) AND (production_year = 2004))
                          Rows Removed by Filter: 2515262
Planning time: 1.127 ms
Execution time: 3231.989 ms
