Hash Join  (cost=326367.78..1388705.09 rows=16505730 width=0) (actual time=18196.416..85385.999 rows=58569280 loops=1)
  Hash Cond: (ci.movie_id = t.id)
  ->  Seq Scan on cast_info ci  (cost=0.00..705507.15 rows=12726058 width=4) (actual time=1602.841..41641.861 rows=12670688 loops=1)
        Filter: (role_id < 2)
        Rows Removed by Filter: 23573656
  ->  Hash  (cost=272562.96..272562.96 rows=3279506 width=8) (actual time=16588.800..16588.800 rows=3264956 loops=1)
        Buckets: 131072  Batches: 64  Memory Usage: 3040kB
        ->  Hash Join  (cost=102767.86..272562.96 rows=3279506 width=8) (actual time=5020.700..15216.221 rows=3264956 loops=1)
              Hash Cond: (mk.movie_id = t.id)
              ->  Seq Scan on movie_keyword mk  (cost=0.00..81003.12 rows=3279506 width=4) (actual time=0.026..5487.551 rows=3264956 loops=1)
                    Filter: (keyword_id > 1603)
                    Rows Removed by Filter: 1258974
              ->  Hash  (cost=61283.27..61283.27 rows=2528527 width=4) (actual time=5018.934..5018.934 rows=2528312 loops=1)
                    Buckets: 131072  Batches: 64  Memory Usage: 2425kB
                    ->  Seq Scan on title t  (cost=0.00..61283.27 rows=2528527 width=4) (actual time=0.016..3840.859 rows=2528312 loops=1)
Planning time: 1.069 ms
Execution time: 93731.966 ms
