Seq Scan on movie_keyword mk  (cost=0.00..81003.12 rows=246 width=0) (actual time=375.555..3657.805 rows=3 loops=1)
  Filter: (keyword_id = 80392)
  Rows Removed by Filter: 4523927
Planning time: 0.391 ms
Execution time: 3657.917 ms
