Hash Join  (cost=205270.43..1104311.74 rows=1150342 width=0) (actual time=22511.217..46996.835 rows=214567 loops=1)
  Hash Cond: (ci.movie_id = t.id)
  ->  Seq Scan on cast_info ci  (cost=0.00..796071.18 rows=7012342 width=4) (actual time=11745.708..35558.620 rows=1041140 loops=1)
        Filter: ((person_id > 1598264) AND (role_id = 1))
        Rows Removed by Filter: 35203204
  ->  Hash  (cost=198464.52..198464.52 rows=414793 width=8) (actual time=10762.815..10762.815 rows=151801 loops=1)
        Buckets: 131072  Batches: 8  Memory Usage: 1716kB
        ->  Hash Join  (cost=71408.55..198464.52 rows=414793 width=8) (actual time=3828.168..10661.319 rows=151801 loops=1)
              Hash Cond: (mk.movie_id = t.id)
              ->  Seq Scan on movie_keyword mk  (cost=0.00..69693.30 rows=4523930 width=4) (actual time=0.026..4562.020 rows=4523930 loops=1)
              ->  Hash  (cost=67604.59..67604.59 rows=231837 width=4) (actual time=3816.514..3816.514 rows=231649 loops=1)
                    Buckets: 131072  Batches: 4  Memory Usage: 3082kB
                    ->  Seq Scan on title t  (cost=0.00..67604.59 rows=231837 width=4) (actual time=0.023..3720.896 rows=231649 loops=1)
                          Filter: (production_year > 2011)
                          Rows Removed by Filter: 2296663
Planning time: 1.136 ms
Execution time: 47025.155 ms
