Hash Join  (cost=439285.75..1192835.68 rows=276080 width=0) (actual time=21764.988..65028.579 rows=1088 loops=1)
  Hash Cond: (ci.movie_id = t.id)
  ->  Seq Scan on cast_info ci  (cost=0.00..614943.12 rows=36225612 width=4) (actual time=0.025..32337.214 rows=36244344 loops=1)
  ->  Hash  (cost=439044.87..439044.87 rows=19270 width=8) (actual time=21725.409..21725.409 rows=20 loops=1)
        Buckets: 32768  Batches: 1  Memory Usage: 257kB
        ->  Hash Join  (cost=88511.62..439044.87 rows=19270 width=8) (actual time=21491.077..21725.355 rows=20 loops=1)
              Hash Cond: (mi.movie_id = t.id)
              ->  Seq Scan on movie_info mi  (cost=0.00..346232.03 rows=54808 width=4) (actual time=6096.092..16243.563 rows=50267 loops=1)
                    Filter: (info_type_id > 107)
                    Rows Removed by Filter: 14785453
              ->  Hash  (cost=73925.90..73925.90 rows=889017 width=4) (actual time=5188.713..5188.713 rows=810813 loops=1)
                    Buckets: 131072  Batches: 16  Memory Usage: 2812kB
                    ->  Seq Scan on title t  (cost=0.00..73925.90 rows=889017 width=4) (actual time=0.031..4338.955 rows=810813 loops=1)
                          Filter: ((kind_id > 4) AND (production_year < 2006))
                          Rows Removed by Filter: 1717499
Planning time: 1.100 ms
Execution time: 65029.552 ms
