Seq Scan on cast_info ci  (cost=0.00..796071.18 rows=3771029 width=0) (actual time=29325.925..40180.477 rows=7449073 loops=1)
  Filter: ((person_id > 1718479) AND (role_id = 2))
  Rows Removed by Filter: 28795271
Planning time: 0.352 ms
Execution time: 41623.412 ms
