Hash Join  (cost=28266.92..422983.45 rows=82 width=0) (actual time=3380.738..25638.465 rows=534 loops=1)
  Hash Cond: (mi.movie_id = t.id)
  ->  Seq Scan on movie_info mi  (cost=0.00..346232.03 rows=12928982 width=4) (actual time=0.019..21536.476 rows=12970088 loops=1)
        Filter: (info_type_id < 18)
        Rows Removed by Filter: 1865632
  ->  Hash  (cost=28266.72..28266.72 rows=16 width=8) (actual time=1321.000..1321.000 rows=5 loops=1)
        Buckets: 1024  Batches: 1  Memory Usage: 9kB
        ->  Nested Loop  (cost=0.43..28266.72 rows=16 width=8) (actual time=512.548..1320.986 rows=5 loops=1)
              ->  Seq Scan on movie_info_idx mi_idx  (cost=0.00..25185.44 rows=368 width=4) (actual time=510.515..1265.475 rows=260 loops=1)
                    Filter: (info_type_id > 101)
                    Rows Removed by Filter: 1379775
              ->  Index Scan using title_pkey on title t  (cost=0.43..8.36 rows=1 width=4) (actual time=0.213..0.213 rows=0 loops=260)
                    Index Cond: (id = mi_idx.movie_id)
                    Filter: (production_year < 1929)
                    Rows Removed by Filter: 1
Planning time: 4.666 ms
Execution time: 25638.773 ms
