Hash Join  (cost=102767.86..194948.47 rows=53999 width=0) (actual time=5242.178..9847.016 rows=50021 loops=1)
  Hash Cond: (mk.movie_id = t.id)
  ->  Seq Scan on movie_keyword mk  (cost=0.00..81003.12 rows=53999 width=4) (actual time=0.021..3940.779 rows=50021 loops=1)
        Filter: (keyword_id < 51)
        Rows Removed by Filter: 4473909
  ->  Hash  (cost=61283.27..61283.27 rows=2528527 width=4) (actual time=5237.302..5237.302 rows=2528312 loops=1)
        Buckets: 131072  Batches: 64  Memory Usage: 2425kB
        ->  Seq Scan on title t  (cost=0.00..61283.27 rows=2528527 width=4) (actual time=0.016..3696.421 rows=2528312 loops=1)
Planning time: 0.695 ms
Execution time: 9853.927 ms
