Hash Join  (cost=158430.69..1007125.67 rows=339701 width=0) (actual time=7583.828..52295.692 rows=311043 loops=1)
  Hash Cond: (ci.movie_id = t.id)
  ->  Seq Scan on cast_info ci  (cost=0.00..796071.18 rows=4187942 width=4) (actual time=0.031..39088.936 rows=9349903 loops=1)
        Filter: ((person_id > 2767565) AND (role_id > 2))
        Rows Removed by Filter: 26894441
  ->  Hash  (cost=155064.96..155064.96 rows=205099 width=8) (actual time=7576.032..7576.032 rows=120771 loops=1)
        Buckets: 131072  Batches: 4  Memory Usage: 2207kB
        ->  Hash Join  (cost=77187.44..155064.96 rows=205099 width=8) (actual time=2751.412..7517.847 rows=120771 loops=1)
              Hash Cond: (mc.movie_id = t.id)
              ->  Seq Scan on movie_companies mc  (cost=0.00..44881.29 rows=2609129 width=4) (actual time=0.022..3104.715 rows=2609129 loops=1)
              ->  Hash  (cost=73925.90..73925.90 rows=198763 width=4) (actual time=2750.475..2750.475 rows=95336 loops=1)
                    Buckets: 131072  Batches: 4  Memory Usage: 1860kB
                    ->  Seq Scan on title t  (cost=0.00..73925.90 rows=198763 width=4) (actual time=0.016..2702.885 rows=95336 loops=1)
                          Filter: ((production_year < 1967) AND (kind_id = 7))
                          Rows Removed by Filter: 2432976
Planning time: 1.147 ms
Execution time: 52343.243 ms
