Hash Join  (cost=102464.17..469889.77 rows=77215 width=0) (actual time=5970.351..23260.544 rows=37848 loops=1)
  Hash Cond: (mi.movie_id = t.id)
  ->  Seq Scan on movie_info mi  (cost=0.00..346232.03 rows=5445713 width=4) (actual time=0.025..16274.771 rows=5410520 loops=1)
        Filter: (info_type_id < 6)
        Rows Removed by Filter: 9425200
  ->  Hash  (cost=102016.02..102016.02 rows=35852 width=8) (actual time=5454.747..5454.747 rows=20214 loops=1)
        Buckets: 65536  Batches: 1  Memory Usage: 1302kB
        ->  Hash Join  (cost=74747.02..102016.02 rows=35852 width=8) (actual time=4080.372..5443.097 rows=20214 loops=1)
              Hash Cond: (mi_idx.movie_id = t.id)
              ->  Seq Scan on movie_info_idx mi_idx  (cost=0.00..21735.35 rows=1380035 width=4) (actual time=0.012..1262.982 rows=1380035 loops=1)
              ->  Hash  (cost=73925.90..73925.90 rows=65689 width=4) (actual time=3700.406..3700.406 rows=74524 loops=1)
                    Buckets: 131072  Batches: 1  Memory Usage: 3644kB
                    ->  Seq Scan on title t  (cost=0.00..73925.90 rows=65689 width=4) (actual time=0.023..3644.858 rows=74524 loops=1)
                          Filter: ((kind_id = 7) AND (production_year = 2006))
                          Rows Removed by Filter: 2453788
Planning time: 9.256 ms
Execution time: 23267.267 ms
