Hash Join  (cost=97267.33..850683.03 rows=262647 width=0) (actual time=5336.618..54402.201 rows=642952 loops=1)
  Hash Cond: (ci.movie_id = t.id)
  ->  Seq Scan on cast_info ci  (cost=0.00..614943.12 rows=36225612 width=4) (actual time=0.010..35156.012 rows=36244344 loops=1)
  ->  Hash  (cost=97038.17..97038.17 rows=18333 width=8) (actual time=5336.103..5336.103 rows=20944 loops=1)
        Buckets: 32768  Batches: 1  Memory Usage: 1075kB
        ->  Hash Join  (cost=68237.77..97038.17 rows=18333 width=8) (actual time=3109.422..5327.651 rows=20944 loops=1)
              Hash Cond: (mi_idx.movie_id = t.id)
              ->  Seq Scan on movie_info_idx mi_idx  (cost=0.00..25185.44 rows=915101 width=4) (actual time=0.020..1885.936 rows=919850 loops=1)
                    Filter: (info_type_id < 101)
                    Rows Removed by Filter: 460185
              ->  Hash  (cost=67604.59..67604.59 rows=50655 width=4) (actual time=3109.025..3109.025 rows=50564 loops=1)
                    Buckets: 65536  Batches: 1  Memory Usage: 2290kB
                    ->  Seq Scan on title t  (cost=0.00..67604.59 rows=50655 width=4) (actual time=0.021..3083.759 rows=50564 loops=1)
                          Filter: (production_year = 1999)
                          Rows Removed by Filter: 2477748
Planning time: 6.285 ms
Execution time: 54518.277 ms
