Hash Join  (cost=455306.52..1548160.39 rows=5748267 width=0) (actual time=23854.645..101176.615 rows=23587681 loops=1)
  Hash Cond: (ci.movie_id = t.id)
  ->  Seq Scan on cast_info ci  (cost=0.00..614943.12 rows=36225612 width=4) (actual time=0.021..44500.655 rows=36244344 loops=1)
  ->  Hash  (cost=448723.19..448723.19 rows=401226 width=8) (actual time=23853.570..23853.570 rows=1020248 loops=1)
        Buckets: 131072 (originally 131072)  Batches: 16 (originally 8)  Memory Usage: 3507kB
        ->  Hash Join  (cost=80042.24..448723.19 rows=401226 width=8) (actual time=13728.205..23496.827 rows=1020248 loops=1)
              Hash Cond: (mi.movie_id = t.id)
              ->  Seq Scan on movie_info mi  (cost=0.00..346232.03 rows=1338312 width=4) (actual time=9354.432..17028.991 rows=1401902 loops=1)
                    Filter: (info_type_id = 7)
                    Rows Removed by Filter: 13433818
              ->  Hash  (cost=67604.59..67604.59 rows=758052 width=4) (actual time=4372.945..4372.945 rows=753677 loops=1)
                    Buckets: 131072  Batches: 16  Memory Usage: 2686kB
                    ->  Seq Scan on title t  (cost=0.00..67604.59 rows=758052 width=4) (actual time=0.040..3473.972 rows=753677 loops=1)
                          Filter: (kind_id < 3)
                          Rows Removed by Filter: 1774635
Planning time: 1.182 ms
Execution time: 104416.627 ms
