Hash Join  (cost=96206.82..192721.38 rows=58650 width=0) (actual time=1970.970..3963.797 rows=25413 loops=1)
  Hash Cond: (mk.movie_id = t.id)
  ->  Seq Scan on movie_keyword mk  (cost=0.00..81003.12 rows=3979985 width=4) (actual time=0.019..1577.354 rows=3983921 loops=1)
        Filter: (keyword_id < 34035)
        Rows Removed by Filter: 540009
  ->  Hash  (cost=95741.05..95741.05 rows=37261 width=8) (actual time=1790.843..1790.843 rows=13683 loops=1)
        Buckets: 65536  Batches: 1  Memory Usage: 1047kB
        ->  Hash Join  (cost=68457.96..95741.05 rows=37261 width=8) (actual time=1197.212..1785.429 rows=13683 loops=1)
              Hash Cond: (mi_idx.movie_id = t.id)
              ->  Seq Scan on movie_info_idx mi_idx  (cost=0.00..21735.35 rows=1380035 width=4) (actual time=0.031..286.685 rows=1380035 loops=1)
              ->  Hash  (cost=67604.59..67604.59 rows=68270 width=4) (actual time=1167.875..1167.875 rows=67517 loops=1)
                    Buckets: 131072  Batches: 1  Memory Usage: 3398kB
                    ->  Seq Scan on title t  (cost=0.00..67604.59 rows=68270 width=4) (actual time=20.277..1141.409 rows=67517 loops=1)
                          Filter: (production_year < 1916)
                          Rows Removed by Filter: 2460795
Planning time: 1.135 ms
Execution time: 3967.648 ms
