Nested Loop  (cost=0.43..58358.27 rows=51 width=0) (actual time=787.002..2697.101 rows=384 loops=1)
  ->  Seq Scan on movie_companies mc  (cost=0.00..57926.93 rows=51 width=4) (actual time=786.927..2634.515 rows=384 loops=1)
        Filter: ((company_type_id < 2) AND (company_id = 61))
        Rows Removed by Filter: 2608745
  ->  Index Only Scan using title_pkey on title t  (cost=0.43..8.45 rows=1 width=4) (actual time=0.160..0.161 rows=1 loops=384)
        Index Cond: (id = mc.movie_id)
        Heap Fetches: 384
Planning time: 0.759 ms
Execution time: 2697.359 ms
