Hash Join  (cost=99161.12..214890.03 rows=1013680 width=0) (actual time=5710.353..11957.920 rows=1211947 loops=1)
  Hash Cond: (mk.movie_id = t.id)
  ->  Seq Scan on movie_keyword mk  (cost=0.00..81003.12 rows=1332595 width=4) (actual time=0.016..4658.266 rows=1351608 loops=1)
        Filter: (keyword_id < 1759)
        Rows Removed by Filter: 3172322
  ->  Hash  (cost=67604.59..67604.59 rows=1923403 width=4) (actual time=5709.483..5709.483 rows=1922849 loops=1)
        Buckets: 131072  Batches: 32  Memory Usage: 3141kB
        ->  Seq Scan on title t  (cost=0.00..67604.59 rows=1923403 width=4) (actual time=0.012..4632.134 rows=1922849 loops=1)
              Filter: (production_year < 2010)
              Rows Removed by Filter: 605463
Planning time: 3.451 ms
Execution time: 12121.622 ms
