Hash Join  (cost=110319.94..867390.68 rows=628150 width=0) (actual time=5560.322..62708.176 rows=1615499 loops=1)
  Hash Cond: (ci.movie_id = t.id)
  ->  Seq Scan on cast_info ci  (cost=0.00..614943.12 rows=36225612 width=4) (actual time=0.012..39848.556 rows=36244344 loops=1)
  ->  Hash  (cost=109771.88..109771.88 rows=43845 width=8) (actual time=5559.957..5559.957 rows=50566 loops=1)
        Buckets: 65536  Batches: 1  Memory Usage: 2488kB
        ->  Hash Join  (cost=77838.49..109771.88 rows=43845 width=8) (actual time=3648.437..5534.372 rows=50566 loops=1)
              Hash Cond: (mi_idx.movie_id = t.id)
              ->  Seq Scan on movie_info_idx mi_idx  (cost=0.00..25185.44 rows=464934 width=4) (actual time=0.024..1590.637 rows=460185 loops=1)
                    Filter: (info_type_id > 100)
                    Rows Removed by Filter: 919850
              ->  Hash  (cost=73925.90..73925.90 rows=238447 width=4) (actual time=3554.140..3554.140 rows=200165 loops=1)
                    Buckets: 131072  Batches: 4  Memory Usage: 2784kB
                    ->  Seq Scan on title t  (cost=0.00..73925.90 rows=238447 width=4) (actual time=0.014..3465.170 rows=200165 loops=1)
                          Filter: ((production_year > 2006) AND (kind_id = 1))
                          Rows Removed by Filter: 2328147
Planning time: 1.083 ms
Execution time: 63041.365 ms
