Seq Scan on movie_companies mc  (cost=0.00..57926.93 rows=51 width=0) (actual time=1432.670..2554.783 rows=1 loops=1)
  Filter: ((company_type_id < 2) AND (company_id = 45298))
  Rows Removed by Filter: 2609128
Planning time: 6.297 ms
Execution time: 2554.881 ms
