Seq Scan on movie_companies mc  (cost=0.00..57926.93 rows=993574 width=0) (actual time=981.635..2980.053 rows=1273717 loops=1)
  Filter: ((company_id < 70377) AND (company_type_id < 2))
  Rows Removed by Filter: 1335412
Planning time: 0.328 ms
Execution time: 3222.963 ms
