Hash Join  (cost=174865.45..295988.23 rows=871179 width=0) (actual time=7482.027..14786.930 rows=3736098 loops=1)
  Hash Cond: (mk.movie_id = t.id)
  ->  Seq Scan on movie_keyword mk  (cost=0.00..81003.12 rows=2407165 width=4) (actual time=0.019..4537.489 rows=2402970 loops=1)
        Filter: (keyword_id > 3891)
        Rows Removed by Filter: 2120960
  ->  Hash  (cost=159851.69..159851.69 rows=915101 width=8) (actual time=7480.764..7480.764 rows=919850 loops=1)
        Buckets: 131072  Batches: 16  Memory Usage: 3282kB
        ->  Hash Join  (cost=102767.86..159851.69 rows=915101 width=8) (actual time=4385.638..7170.614 rows=919850 loops=1)
              Hash Cond: (mi_idx.movie_id = t.id)
              ->  Seq Scan on movie_info_idx mi_idx  (cost=0.00..25185.44 rows=915101 width=4) (actual time=0.030..1451.365 rows=919850 loops=1)
                    Filter: (info_type_id < 101)
                    Rows Removed by Filter: 460185
              ->  Hash  (cost=61283.27..61283.27 rows=2528527 width=4) (actual time=4384.592..4384.592 rows=2528312 loops=1)
                    Buckets: 131072  Batches: 64  Memory Usage: 2415kB
                    ->  Seq Scan on title t  (cost=0.00..61283.27 rows=2528527 width=4) (actual time=0.018..3320.806 rows=2528312 loops=1)
Planning time: 1.134 ms
Execution time: 15304.380 ms
