Seq Scan on movie_companies mc  (cost=0.00..57926.93 rows=1684 width=0) (actual time=173.063..2290.649 rows=1993 loops=1)
  Filter: ((company_type_id > 1) AND (company_id = 401))
  Rows Removed by Filter: 2607136
Planning time: 6.521 ms
Execution time: 2291.203 ms
