Hash Join  (cost=167548.70..301323.79 rows=966305 width=0) (actual time=8185.965..18487.976 rows=8952413 loops=1)
  Hash Cond: (mk.movie_id = t.id)
  ->  Seq Scan on movie_keyword mk  (cost=0.00..69693.30 rows=4523930 width=4) (actual time=0.020..4285.851 rows=4523930 loops=1)
  ->  Hash  (cost=158687.57..158687.57 rows=540090 width=8) (actual time=8179.056..8179.056 rows=857905 loops=1)
        Buckets: 131072 (originally 131072)  Batches: 16 (originally 8)  Memory Usage: 3141kB
        ->  Hash Join  (cost=76192.15..158687.57 rows=540090 width=8) (actual time=2915.805..7825.733 rows=857905 loops=1)
              Hash Cond: (mc.movie_id = t.id)
              ->  Seq Scan on movie_companies mc  (cost=0.00..44881.29 rows=2609129 width=4) (actual time=0.014..2602.818 rows=2609129 loops=1)
              ->  Hash  (cost=67604.59..67604.59 rows=523405 width=4) (actual time=2914.729..2914.729 rows=523734 loops=1)
                    Buckets: 131072  Batches: 8  Memory Usage: 3319kB
                    ->  Seq Scan on title t  (cost=0.00..67604.59 rows=523405 width=4) (actual time=0.017..2706.124 rows=523734 loops=1)
                          Filter: (production_year < 1981)
                          Rows Removed by Filter: 2004578
Planning time: 10.594 ms
Execution time: 19895.956 ms
