Seq Scan on movie_companies mc  (cost=0.00..51404.11 rows=2432026 width=0) (actual time=0.018..2610.582 rows=2431571 loops=1)
  Filter: (company_id < 121189)
  Rows Removed by Filter: 177558
Planning time: 0.261 ms
Execution time: 3026.090 ms
