Hash Join  (cost=84618.84..149768.53 rows=85250 width=0) (actual time=4445.534..6843.582 rows=169181 loops=1)
  Hash Cond: (mc.movie_id = t.id)
  ->  Seq Scan on movie_companies mc  (cost=0.00..57926.93 rows=330734 width=4) (actual time=742.271..2466.543 rows=478105 loops=1)
        Filter: ((company_id < 1031) AND (company_type_id < 2))
        Rows Removed by Filter: 2131024
  ->  Hash  (cost=73925.90..73925.90 rows=651755 width=4) (actual time=3702.120..3702.120 rows=711179 loops=1)
        Buckets: 131072  Batches: 16  Memory Usage: 2590kB
        ->  Seq Scan on title t  (cost=0.00..73925.90 rows=651755 width=4) (actual time=0.029..3255.088 rows=711179 loops=1)
              Filter: ((kind_id < 7) AND (production_year < 2008))
              Rows Removed by Filter: 1817133
Planning time: 5.934 ms
Execution time: 6867.192 ms
