Seq Scan on movie_companies mc  (cost=0.00..57926.93 rows=594785 width=0) (actual time=426.438..797.776 rows=378910 loops=1)
  Filter: ((company_id < 9557) AND (company_type_id > 1))
  Rows Removed by Filter: 2230219
Planning time: 0.326 ms
Execution time: 841.751 ms
