Hash Join  (cost=82423.69..188598.31 rows=510803 width=0) (actual time=4807.044..10364.647 rows=360414 loops=1)
  Hash Cond: (mk.movie_id = t.id)
  ->  Seq Scan on movie_keyword mk  (cost=0.00..81003.12 rows=1429991 width=4) (actual time=0.019..4319.140 rows=1443048 loops=1)
        Filter: (keyword_id > 11575)
        Rows Removed by Filter: 3080882
  ->  Hash  (cost=67604.59..67604.59 rows=903208 width=4) (actual time=4804.329..4804.329 rows=904491 loops=1)
        Buckets: 131072  Batches: 16  Memory Usage: 3017kB
        ->  Seq Scan on title t  (cost=0.00..67604.59 rows=903208 width=4) (actual time=0.019..4203.958 rows=904491 loops=1)
              Filter: (production_year > 2006)
              Rows Removed by Filter: 1623821
Planning time: 0.684 ms
Execution time: 10428.868 ms
