Seq Scan on movie_companies mc  (cost=0.00..57926.93 rows=1193959 width=0) (actual time=0.017..2632.733 rows=1273334 loops=1)
  Filter: ((company_id > 133) AND (company_type_id > 1))
  Rows Removed by Filter: 1335795
Planning time: 0.324 ms
Execution time: 2890.354 ms
