Seq Scan on cast_info ci  (cost=0.00..705507.15 rows=9857580 width=0) (actual time=1.032..32158.183 rows=9659042 loops=1)
  Filter: (person_id < 949498)
  Rows Removed by Filter: 26585302
Planning time: 0.304 ms
Execution time: 33836.326 ms
