Hash Join  (cost=102767.86..281747.26 rows=3661186 width=0) (actual time=6130.691..15568.012 rows=3651454 loops=1)
  Hash Cond: (mk.movie_id = t.id)
  ->  Seq Scan on movie_keyword mk  (cost=0.00..81003.12 rows=3661186 width=4) (actual time=0.013..5332.089 rows=3651454 loops=1)
        Filter: (keyword_id < 21168)
        Rows Removed by Filter: 872476
  ->  Hash  (cost=61283.27..61283.27 rows=2528527 width=4) (actual time=6128.587..6128.587 rows=2528312 loops=1)
        Buckets: 131072  Batches: 64  Memory Usage: 2425kB
        ->  Seq Scan on title t  (cost=0.00..61283.27 rows=2528527 width=4) (actual time=0.015..4641.625 rows=2528312 loops=1)
Planning time: 0.671 ms
Execution time: 16076.201 ms
