Seq Scan on movie_keyword mk  (cost=0.00..81003.12 rows=246 width=0) (actual time=30.952..3675.539 rows=105 loops=1)
  Filter: (keyword_id = 7650)
  Rows Removed by Filter: 4523825
Planning time: 0.305 ms
Execution time: 3675.703 ms
