Hash Join  (cost=73982.55..160721.67 rows=8108 width=0) (actual time=3862.225..8335.751 rows=5557 loops=1)
  Hash Cond: (mk.movie_id = t.id)
  ->  Seq Scan on movie_keyword mk  (cost=0.00..69693.30 rows=4523930 width=4) (actual time=0.017..3332.697 rows=4523930 loops=1)
  ->  Hash  (cost=73925.90..73925.90 rows=4532 width=4) (actual time=3853.557..3853.557 rows=10614 loops=1)
        Buckets: 16384 (originally 8192)  Batches: 1 (originally 1)  Memory Usage: 502kB
        ->  Seq Scan on title t  (cost=0.00..73925.90 rows=4532 width=4) (actual time=0.153..3841.125 rows=10614 loops=1)
              Filter: ((kind_id = 7) AND (production_year = 1985))
              Rows Removed by Filter: 2517698
Planning time: 9.852 ms
Execution time: 8336.738 ms
