Seq Scan on cast_info ci  (cost=0.00..796071.18 rows=8777536 width=0) (actual time=32690.377..45230.886 rows=6700275 loops=1)
  Filter: ((person_id < 3546167) AND (role_id > 4))
  Rows Removed by Filter: 29544069
Planning time: 0.369 ms
Execution time: 46440.079 ms
