Seq Scan on movie_keyword mk  (cost=0.00..81003.12 rows=2970258 width=0) (actual time=0.016..4103.829 rows=2966148 loops=1)
  Filter: (keyword_id > 2332)
  Rows Removed by Filter: 1557782
Planning time: 0.303 ms
Execution time: 4619.778 ms
