Hash Join  (cost=102767.86..1108737.86 rows=8312543 width=0) (actual time=9341.024..59301.861 rows=4920370 loops=1)
  Hash Cond: (ci.movie_id = t.id)
  ->  Seq Scan on cast_info ci  (cost=0.00..796071.18 rows=8312543 width=4) (actual time=3966.509..47864.533 rows=4920370 loops=1)
        Filter: ((person_id < 3246646) AND (role_id > 4))
        Rows Removed by Filter: 31323974
  ->  Hash  (cost=61283.27..61283.27 rows=2528527 width=4) (actual time=5373.387..5373.387 rows=2528312 loops=1)
        Buckets: 131072  Batches: 64  Memory Usage: 2415kB
        ->  Seq Scan on title t  (cost=0.00..61283.27 rows=2528527 width=4) (actual time=0.018..4221.946 rows=2528312 loops=1)
Planning time: 0.718 ms
Execution time: 59984.860 ms
