Nested Loop  (cost=0.43..797555.70 rows=176 width=0) (actual time=27733.659..38654.322 rows=792 loops=1)
  ->  Seq Scan on cast_info ci  (cost=0.00..796071.18 rows=176 width=4) (actual time=27733.561..38567.593 rows=792 loops=1)
        Filter: ((role_id < 2) AND (person_id = 1666651))
        Rows Removed by Filter: 36243552
  ->  Index Only Scan using title_pkey on title t  (cost=0.43..8.42 rows=1 width=4) (actual time=0.109..0.109 rows=1 loops=792)
        Index Cond: (id = ci.movie_id)
        Heap Fetches: 792
Planning time: 0.718 ms
Execution time: 38654.594 ms
