Hash Join  (cost=184690.01..1018977.75 rows=663433 width=0) (actual time=10718.752..57001.523 rows=2780806 loops=1)
  Hash Cond: (ci.movie_id = t.id)
  ->  Seq Scan on cast_info ci  (cost=0.00..796071.18 rows=2505129 width=4) (actual time=0.024..42634.919 rows=3731987 loops=1)
        Filter: ((person_id > 1489474) AND (role_id = 10))
        Rows Removed by Filter: 32512357
  ->  Hash  (cost=173703.65..173703.65 rows=669629 width=8) (actual time=10712.099..10712.099 rows=430889 loops=1)
        Buckets: 131072  Batches: 16  Memory Usage: 2056kB
        ->  Hash Join  (cost=95637.05..173703.65 rows=669629 width=8) (actual time=6051.222..10572.703 rows=430889 loops=1)
              Hash Cond: (mc.movie_id = t.id)
              ->  Seq Scan on movie_companies mc  (cost=0.00..51404.11 rows=1279517 width=4) (actual time=0.024..3329.851 rows=1274246 loops=1)
                    Filter: (company_type_id = 1)
                    Rows Removed by Filter: 1334883
              ->  Hash  (cost=73925.90..73925.90 rows=1323292 width=4) (actual time=6049.970..6049.970 rows=1447699 loops=1)
                    Buckets: 131072  Batches: 32  Memory Usage: 2623kB
                    ->  Seq Scan on title t  (cost=0.00..73925.90 rows=1323292 width=4) (actual time=0.025..5072.889 rows=1447699 loops=1)
                          Filter: ((kind_id > 1) AND (production_year > 1988))
                          Rows Removed by Filter: 1080613
Planning time: 14.555 ms
Execution time: 57370.274 ms
