Seq Scan on title t  (cost=0.00..73925.90 rows=46725 width=0) (actual time=0.182..3948.116 rows=43011 loops=1)
  Filter: ((kind_id > 2) AND (production_year > 2012))
  Rows Removed by Filter: 2485301
Planning time: 0.364 ms
Execution time: 3956.271 ms
