Seq Scan on movie_companies mc  (cost=0.00..51404.11 rows=1526210 width=0) (actual time=0.031..2817.214 rows=1531986 loops=1)
  Filter: (company_id > 6873)
  Rows Removed by Filter: 1077143
Planning time: 0.299 ms
Execution time: 3033.258 ms
