Seq Scan on movie_keyword mk  (cost=0.00..81003.12 rows=246 width=0) (actual time=82.988..3156.040 rows=43 loops=1)
  Filter: (keyword_id = 1494)
  Rows Removed by Filter: 4523887
Planning time: 0.326 ms
Execution time: 3156.148 ms
