Hash Join  (cost=238930.99..1123486.47 rows=4834813 width=0) (actual time=13062.502..65519.036 rows=15221513 loops=1)
  Hash Cond: (ci.movie_id = t.id)
  ->  Seq Scan on cast_info ci  (cost=0.00..705507.15 rows=10925654 width=4) (actual time=1002.830..40764.606 rows=10820005 loops=1)
        Filter: (person_id < 1062268)
        Rows Removed by Filter: 25424339
  ->  Hash  (cost=220573.47..220573.47 rows=1118922 width=8) (actual time=11994.791..11994.791 rows=1126050 loops=1)
        Buckets: 131072  Batches: 16  Memory Usage: 3807kB
        ->  Hash Join  (cost=102767.86..220573.47 rows=1118922 width=8) (actual time=5638.530..11617.049 rows=1126050 loops=1)
              Hash Cond: (mk.movie_id = t.id)
              ->  Seq Scan on movie_keyword mk  (cost=0.00..81003.12 rows=1118922 width=4) (actual time=0.039..4398.199 rows=1126050 loops=1)
                    Filter: (keyword_id < 1220)
                    Rows Removed by Filter: 3397880
              ->  Hash  (cost=61283.27..61283.27 rows=2528527 width=4) (actual time=5636.099..5636.099 rows=2528312 loops=1)
                    Buckets: 131072  Batches: 64  Memory Usage: 2425kB
                    ->  Seq Scan on title t  (cost=0.00..61283.27 rows=2528527 width=4) (actual time=0.019..4216.250 rows=2528312 loops=1)
Planning time: 3.097 ms
Execution time: 67693.488 ms
