Seq Scan on movie_keyword mk  (cost=0.00..81003.12 rows=3089364 width=0) (actual time=0.029..4045.712 rows=3074119 loops=1)
  Filter: (keyword_id < 11529)
  Rows Removed by Filter: 1449811
Planning time: 3.449 ms
Execution time: 4584.562 ms
