Hash Join  (cost=709678.15..1091465.08 rows=1874 width=0) (actual time=28338.997..41028.081 rows=39 loops=1)
  Hash Cond: (mi.movie_id = t.id)
  ->  Seq Scan on movie_info mi  (cost=0.00..346232.03 rows=9476311 width=4) (actual time=570.013..15139.010 rows=9565151 loops=1)
        Filter: (info_type_id < 16)
        Rows Removed by Filter: 5270569
  ->  Hash  (cost=709671.90..709671.90 rows=500 width=8) (actual time=24229.703..24229.703 rows=461 loops=1)
        Buckets: 1024  Batches: 1  Memory Usage: 27kB
        ->  Nested Loop  (cost=0.43..709671.90 rows=500 width=8) (actual time=10196.002..24229.490 rows=461 loops=1)
              ->  Seq Scan on cast_info ci  (cost=0.00..705507.15 rows=500 width=4) (actual time=10195.821..24213.439 rows=461 loops=1)
                    Filter: (person_id = 1320822)
                    Rows Removed by Filter: 36243883
              ->  Index Only Scan using title_pkey on title t  (cost=0.43..8.32 rows=1 width=4) (actual time=0.034..0.034 rows=1 loops=461)
                    Index Cond: (id = ci.movie_id)
                    Heap Fetches: 461
Planning time: 1.303 ms
Execution time: 41028.221 ms
