Hash Join  (cost=102767.86..187537.34 rows=976084 width=0) (actual time=4682.430..8480.376 rows=986601 loops=1)
  Hash Cond: (mc.movie_id = t.id)
  ->  Seq Scan on movie_companies mc  (cost=0.00..51404.11 rows=976084 width=4) (actual time=0.017..2427.479 rows=986601 loops=1)
        Filter: (company_id > 17144)
        Rows Removed by Filter: 1622528
  ->  Hash  (cost=61283.27..61283.27 rows=2528527 width=4) (actual time=4681.000..4681.000 rows=2528312 loops=1)
        Buckets: 131072  Batches: 64  Memory Usage: 2415kB
        ->  Seq Scan on title t  (cost=0.00..61283.27 rows=2528527 width=4) (actual time=0.021..3582.202 rows=2528312 loops=1)
Planning time: 12.633 ms
Execution time: 8606.100 ms
