Hash Join  (cost=425909.16..1201494.31 rows=115466 width=0) (actual time=15254.887..31277.064 rows=76604 loops=1)
  Hash Cond: (ci.movie_id = t.id)
  ->  Seq Scan on cast_info ci  (cost=0.00..705507.15 rows=18379557 width=4) (actual time=50.193..12386.925 rows=18274753 loops=1)
        Filter: (person_id < 1815849)
        Rows Removed by Filter: 17969591
  ->  Hash  (cost=425710.60..425710.60 rows=15885 width=8) (actual time=15203.332..15203.332 rows=6180 loops=1)
        Buckets: 16384  Batches: 1  Memory Usage: 370kB
        ->  Hash Join  (cost=74301.05..425710.60 rows=15885 width=8) (actual time=9145.566..15197.638 rows=6180 loops=1)
              Hash Cond: (mi.movie_id = t.id)
              ->  Seq Scan on movie_info mi  (cost=0.00..346232.03 rows=1338312 width=4) (actual time=5988.571..12006.224 rows=1401902 loops=1)
                    Filter: (info_type_id = 7)
                    Rows Removed by Filter: 13433818
              ->  Hash  (cost=73925.90..73925.90 rows=30012 width=4) (actual time=2804.153..2804.153 rows=28831 loops=1)
                    Buckets: 32768  Batches: 1  Memory Usage: 1270kB
                    ->  Seq Scan on title t  (cost=0.00..73925.90 rows=30012 width=4) (actual time=667.621..2791.702 rows=28831 loops=1)
                          Filter: ((production_year > 2008) AND (kind_id = 4))
                          Rows Removed by Filter: 2499481
Planning time: 0.899 ms
Execution time: 31290.866 ms
