Hash Join  (cost=148691.77..1059951.55 rows=491720 width=0) (actual time=7288.186..59983.364 rows=1887840 loops=1)
  Hash Cond: (ci.movie_id = t.id)
  ->  Seq Scan on cast_info ci  (cost=0.00..796071.18 rows=9492641 width=4) (actual time=0.014..43573.210 rows=14797276 loops=1)
        Filter: ((person_id > 2173710) AND (role_id > 1))
        Rows Removed by Filter: 21447068
  ->  Hash  (cost=146542.54..146542.54 rows=130978 width=8) (actual time=7287.348..7287.348 rows=105763 loops=1)
        Buckets: 131072  Batches: 2  Memory Usage: 3093kB
        ->  Hash Join  (cost=69687.24..146542.54 rows=130978 width=8) (actual time=3156.088..7239.447 rows=105763 loops=1)
              Hash Cond: (mc.movie_id = t.id)
              ->  Seq Scan on movie_companies mc  (cost=0.00..44881.29 rows=2609129 width=4) (actual time=0.021..2786.589 rows=2609129 loops=1)
              ->  Hash  (cost=67604.59..67604.59 rows=126932 width=4) (actual time=2997.872..2997.872 rows=122861 loops=1)
                    Buckets: 131072  Batches: 2  Memory Usage: 3191kB
                    ->  Seq Scan on title t  (cost=0.00..67604.59 rows=126932 width=4) (actual time=0.019..2906.528 rows=122861 loops=1)
                          Filter: (production_year = 2008)
                          Rows Removed by Filter: 2405451
Planning time: 1.137 ms
Execution time: 60291.575 ms
