Hash Join  (cost=86956.38..1242630.42 rows=9550177 width=0) (actual time=4557.087..69399.025 rows=9713726 loops=1)
  Hash Cond: (ci.movie_id = t.id)
  ->  Seq Scan on cast_info ci  (cost=0.00..705507.15 rows=30405364 width=4) (actual time=0.014..44037.754 rows=30511650 loops=1)
        Filter: (role_id < 9)
        Rows Removed by Filter: 5732694
  ->  Hash  (cost=73925.90..73925.90 rows=794198 width=4) (actual time=4555.841..4555.841 rows=707863 loops=1)
        Buckets: 131072  Batches: 16  Memory Usage: 2579kB
        ->  Seq Scan on title t  (cost=0.00..73925.90 rows=794198 width=4) (actual time=0.012..4274.684 rows=707863 loops=1)
              Filter: ((kind_id < 7) AND (production_year > 1973))
              Rows Removed by Filter: 1820449
Planning time: 0.734 ms
Execution time: 70576.226 ms
