Seq Scan on movie_companies mc  (cost=0.00..57926.93 rows=729746 width=0) (actual time=338.774..1107.180 rows=948633 loops=1)
  Filter: ((company_id > 9885) AND (company_type_id > 1))
  Rows Removed by Filter: 1660496
Planning time: 0.332 ms
Execution time: 1227.011 ms
