Hash Join  (cost=74050.79..215067.84 rows=692777 width=0) (actual time=4017.641..11978.383 rows=295279 loops=1)
  Hash Cond: (mk.movie_id = t.id)
  ->  Seq Scan on movie_keyword mk  (cost=0.00..81003.12 rows=4458443 width=4) (actual time=0.025..5106.176 rows=4456385 loops=1)
        Filter: (keyword_id > 56)
        Rows Removed by Filter: 67545
  ->  Hash  (cost=67604.59..67604.59 rows=392896 width=4) (actual time=4016.191..4016.191 rows=391666 loops=1)
        Buckets: 131072  Batches: 8  Memory Usage: 2759kB
        ->  Seq Scan on title t  (cost=0.00..67604.59 rows=392896 width=4) (actual time=0.023..3146.349 rows=391666 loops=1)
              Filter: (production_year > 2010)
              Rows Removed by Filter: 2136646
Planning time: 0.743 ms
Execution time: 12018.002 ms
