Seq Scan on cast_info ci  (cost=0.00..705507.15 rows=24818752 width=0) (actual time=0.017..13454.063 rows=24847748 loops=1)
  Filter: (person_id < 2559280)
  Rows Removed by Filter: 11396596
Planning time: 0.342 ms
Execution time: 16565.613 ms
