Hash Join  (cost=85280.32..988091.12 rows=5199464 width=0) (actual time=1559.543..23352.824 rows=4468206 loops=1)
  Hash Cond: (ci.movie_id = t.id)
  ->  Seq Scan on cast_info ci  (cost=0.00..705507.15 rows=12203201 width=4) (actual time=0.021..14326.583 rows=12113646 loops=1)
        Filter: (role_id > 3)
        Rows Removed by Filter: 24130698
  ->  Hash  (cost=67604.59..67604.59 rows=1077339 width=4) (actual time=1558.409..1558.409 rows=1074765 loops=1)
        Buckets: 131072  Batches: 16  Memory Usage: 3388kB
        ->  Seq Scan on title t  (cost=0.00..67604.59 rows=1077339 width=4) (actual time=0.017..1213.821 rows=1074765 loops=1)
              Filter: (production_year < 2001)
              Rows Removed by Filter: 1453547
Planning time: 0.761 ms
Execution time: 23845.193 ms
