Hash Join  (cost=83074.74..836316.99 rows=1238 width=0) (actual time=4873.539..16489.470 rows=39694 loops=1)
  Hash Cond: (ci.movie_id = t.id)
  ->  Seq Scan on cast_info ci  (cost=0.00..705507.15 rows=12726058 width=4) (actual time=3793.808..13407.193 rows=12670688 loops=1)
        Filter: (role_id = 1)
        Rows Removed by Filter: 23573656
  ->  Hash  (cost=83071.67..83071.67 rows=246 width=8) (actual time=1079.499..1079.499 rows=2417 loops=1)
        Buckets: 4096 (originally 1024)  Batches: 1 (originally 1)  Memory Usage: 127kB
        ->  Nested Loop  (cost=0.43..83071.67 rows=246 width=8) (actual time=0.377..1078.036 rows=2417 loops=1)
              ->  Seq Scan on movie_keyword mk  (cost=0.00..81003.12 rows=246 width=4) (actual time=0.270..1019.246 rows=2417 loops=1)
                    Filter: (keyword_id = 1226)
                    Rows Removed by Filter: 4521513
              ->  Index Only Scan using title_pkey on title t  (cost=0.43..8.40 rows=1 width=4) (actual time=0.023..0.023 rows=1 loops=2417)
                    Index Cond: (id = mk.movie_id)
                    Heap Fetches: 2417
Planning time: 1.183 ms
Execution time: 16497.671 ms
