Hash Join  (cost=197229.83..295132.17 rows=275175 width=0) (actual time=4429.823..6788.698 rows=1428938 loops=1)
  Hash Cond: (mk.movie_id = t.id)
  ->  Seq Scan on movie_keyword mk  (cost=0.00..81003.12 rows=984657 width=4) (actual time=0.028..1408.611 rows=994054 loops=1)
        Filter: (keyword_id > 18607)
        Rows Removed by Filter: 3529876
  ->  Hash  (cost=185635.97..185635.97 rows=706629 width=8) (actual time=4428.872..4428.872 rows=908177 loops=1)
        Buckets: 131072  Batches: 16  Memory Usage: 3257kB
        ->  Hash Join  (cost=101489.21..185635.97 rows=706629 width=8) (actual time=1995.577..4183.094 rows=908177 loops=1)
              Hash Cond: (mc.movie_id = t.id)
              ->  Seq Scan on movie_companies mc  (cost=0.00..57926.93 rows=865107 width=4) (actual time=0.013..1041.228 rows=1069977 loops=1)
                    Filter: ((company_id > 3042) AND (company_type_id = 2))
                    Rows Removed by Filter: 1539152
              ->  Hash  (cost=67604.59..67604.59 rows=2065330 width=4) (actual time=1994.887..1994.887 rows=2064552 loops=1)
                    Buckets: 131072  Batches: 32  Memory Usage: 3289kB
                    ->  Seq Scan on title t  (cost=0.00..67604.59 rows=2065330 width=4) (actual time=0.019..1340.265 rows=2064552 loops=1)
                          Filter: (production_year < 2011)
                          Rows Removed by Filter: 463760
Planning time: 1.124 ms
Execution time: 6954.512 ms
