Hash Join  (cost=74628.62..101845.92 rows=30682 width=0) (actual time=1256.755..1950.189 rows=22023 loops=1)
  Hash Cond: (mi_idx.movie_id = t.id)
  ->  Seq Scan on movie_info_idx mi_idx  (cost=0.00..21735.35 rows=1380035 width=4) (actual time=0.013..343.585 rows=1380035 loops=1)
  ->  Hash  (cost=73925.90..73925.90 rows=56217 width=4) (actual time=1255.946..1255.946 rows=64637 loops=1)
        Buckets: 65536  Batches: 1  Memory Usage: 2785kB
        ->  Seq Scan on title t  (cost=0.00..73925.90 rows=56217 width=4) (actual time=0.033..1229.766 rows=64637 loops=1)
              Filter: ((kind_id > 3) AND (production_year = 2004))
              Rows Removed by Filter: 2463675
Planning time: 0.739 ms
Execution time: 1953.364 ms
