Seq Scan on movie_keyword mk  (cost=0.00..81003.12 rows=1298821 width=0) (actual time=6.089..1371.694 rows=1314559 loops=1)
  Filter: (keyword_id > 13353)
  Rows Removed by Filter: 3209371
Planning time: 0.324 ms
Execution time: 1539.828 ms
