Hash Join  (cost=181714.29..678641.03 rows=1604481 width=0) (actual time=3712.214..18813.189 rows=9965305 loops=1)
  Hash Cond: (mi.movie_id = t.id)
  ->  Seq Scan on movie_info mi  (cost=0.00..309384.22 rows=14739122 width=4) (actual time=0.010..5927.069 rows=14835720 loops=1)
  ->  Hash  (cost=177197.64..177197.64 rows=275252 width=8) (actual time=3711.076..3711.076 rows=412065 loops=1)
        Buckets: 131072 (originally 131072)  Batches: 8 (originally 4)  Memory Usage: 3073kB
        ->  Hash Join  (cost=102767.86..177197.64 rows=275252 width=8) (actual time=1956.431..3577.088 rows=412065 loops=1)
              Hash Cond: (mc.movie_id = t.id)
              ->  Seq Scan on movie_companies mc  (cost=0.00..57926.93 rows=275252 width=4) (actual time=5.023..820.591 rows=412065 loops=1)
                    Filter: ((company_id < 588) AND (company_type_id = 1))
                    Rows Removed by Filter: 2197064
              ->  Hash  (cost=61283.27..61283.27 rows=2528527 width=4) (actual time=1950.177..1950.177 rows=2528312 loops=1)
                    Buckets: 131072  Batches: 64  Memory Usage: 2415kB
                    ->  Seq Scan on title t  (cost=0.00..61283.27 rows=2528527 width=4) (actual time=0.015..1101.224 rows=2528312 loops=1)
Planning time: 1.151 ms
Execution time: 19902.817 ms
