Seq Scan on title t  (cost=0.00..73925.90 rows=40061 width=0) (actual time=0.033..1297.791 rows=40120 loops=1)
  Filter: ((kind_id > 6) AND (production_year = 2013))
  Rows Removed by Filter: 2488192
Planning time: 0.372 ms
Execution time: 1304.663 ms
