Nested Loop  (cost=32807.94..740417.50 rows=92 width=0) (actual time=1529.028..11494.467 rows=55 loops=1)
  Join Filter: (ci.movie_id = t.id)
  ->  Hash Join  (cost=32807.51..740223.45 rows=229 width=8) (actual time=1528.983..11492.866 rows=55 loops=1)
        Hash Cond: (ci.movie_id = mi_idx.movie_id)
        ->  Seq Scan on cast_info ci  (cost=0.00..705507.15 rows=500 width=4) (actual time=233.180..10121.501 rows=98 loops=1)
              Filter: (person_id = 274166)
              Rows Removed by Filter: 36244246
        ->  Hash  (cost=25185.44..25185.44 rows=464566 width=4) (actual time=1294.898..1294.898 rows=459925 loops=1)
              Buckets: 131072  Batches: 8  Memory Usage: 3050kB
              ->  Seq Scan on movie_info_idx mi_idx  (cost=0.00..25185.44 rows=464566 width=4) (actual time=0.023..542.644 rows=459925 loops=1)
                    Filter: (info_type_id = 101)
                    Rows Removed by Filter: 920110
  ->  Index Only Scan using title_pkey on title t  (cost=0.43..0.83 rows=1 width=4) (actual time=0.026..0.027 rows=1 loops=55)
        Index Cond: (id = mi_idx.movie_id)
        Heap Fetches: 55
Planning time: 2.994 ms
Execution time: 11494.889 ms
