Hash Join  (cost=101762.73..467607.98 rows=118930 width=0) (actual time=1811.926..9515.115 rows=503910 loops=1)
  Hash Cond: (mi.movie_id = t.id)
  ->  Seq Scan on movie_info mi  (cost=0.00..309384.22 rows=14739122 width=4) (actual time=0.010..4215.177 rows=14835720 loops=1)
  ->  Hash  (cost=101507.69..101507.69 rows=20403 width=8) (actual time=1811.535..1811.535 rows=26531 loops=1)
        Buckets: 32768  Batches: 1  Memory Usage: 1293kB
        ->  Hash Join  (cost=74393.18..101507.69 rows=20403 width=8) (actual time=1160.425..1802.478 rows=26531 loops=1)
              Hash Cond: (mi_idx.movie_id = t.id)
              ->  Seq Scan on movie_info_idx mi_idx  (cost=0.00..21735.35 rows=1380035 width=4) (actual time=0.014..330.730 rows=1380035 loops=1)
              ->  Hash  (cost=73925.90..73925.90 rows=37382 width=4) (actual time=1139.506..1139.506 rows=33190 loops=1)
                    Buckets: 65536  Batches: 1  Memory Usage: 1679kB
                    ->  Seq Scan on title t  (cost=0.00..73925.90 rows=37382 width=4) (actual time=444.202..1126.541 rows=33190 loops=1)
                          Filter: ((kind_id = 1) AND (production_year = 2010))
                          Rows Removed by Filter: 2495122
Planning time: 0.792 ms
Execution time: 9581.059 ms
