Hash Join  (cost=78556.72..192323.45 rows=560539 width=0) (actual time=1315.569..4296.171 rows=1349141 loops=1)
  Hash Cond: (mk.movie_id = t.id)
  ->  Seq Scan on movie_keyword mk  (cost=0.00..81003.12 rows=2123255 width=4) (actual time=0.024..1569.402 rows=2120245 loops=1)
        Filter: (keyword_id > 5599)
        Rows Removed by Filter: 2403685
  ->  Hash  (cost=67604.59..67604.59 rows=667531 width=4) (actual time=1314.715..1314.715 rows=662825 loops=1)
        Buckets: 131072  Batches: 16  Memory Usage: 2486kB
        ->  Seq Scan on title t  (cost=0.00..67604.59 rows=667531 width=4) (actual time=107.423..1108.321 rows=662825 loops=1)
              Filter: (kind_id = 1)
              Rows Removed by Filter: 1865487
Planning time: 2.437 ms
Execution time: 4461.326 ms
