Hash Join  (cost=102767.86..1515419.09 rows=28977236 width=0) (actual time=2007.746..43774.749 rows=29040948 loops=1)
  Hash Cond: (ci.movie_id = t.id)
  ->  Seq Scan on cast_info ci  (cost=0.00..705507.15 rows=28977236 width=4) (actual time=0.023..15598.444 rows=29040948 loops=1)
        Filter: (person_id > 695482)
        Rows Removed by Filter: 7203396
  ->  Hash  (cost=61283.27..61283.27 rows=2528527 width=4) (actual time=2005.932..2005.932 rows=2528312 loops=1)
        Buckets: 131072  Batches: 64  Memory Usage: 2415kB
        ->  Seq Scan on title t  (cost=0.00..61283.27 rows=2528527 width=4) (actual time=0.016..1165.267 rows=2528312 loops=1)
Planning time: 0.847 ms
Execution time: 47226.709 ms
