Hash Join  (cost=126542.79..1194866.95 rows=3360405 width=0) (actual time=2399.217..33122.909 rows=9249343 loops=1)
  Hash Cond: (ci.movie_id = t.id)
  ->  Seq Scan on cast_info ci  (cost=0.00..614943.12 rows=36225612 width=4) (actual time=0.011..13045.639 rows=36244344 loops=1)
  ->  Hash  (cost=122693.86..122693.86 rows=234554 width=8) (actual time=2398.480..2398.480 rows=337909 loops=1)
        Buckets: 131072 (originally 131072)  Batches: 8 (originally 4)  Memory Usage: 3073kB
        ->  Hash Join  (cost=80976.84..122693.86 rows=234554 width=8) (actual time=1189.151..2308.830 rows=337909 loops=1)
              Hash Cond: (mi_idx.movie_id = t.id)
              ->  Seq Scan on movie_info_idx mi_idx  (cost=0.00..21735.35 rows=1380035 width=4) (actual time=0.009..467.872 rows=1380035 loops=1)
              ->  Hash  (cost=73925.90..73925.90 rows=429755 width=4) (actual time=1188.492..1188.492 rows=333645 loops=1)
                    Buckets: 131072  Batches: 8  Memory Usage: 2494kB
                    ->  Seq Scan on title t  (cost=0.00..73925.90 rows=429755 width=4) (actual time=0.020..1082.948 rows=333645 loops=1)
                          Filter: ((kind_id < 3) AND (production_year > 1999))
                          Rows Removed by Filter: 2194667
Planning time: 1.011 ms
Execution time: 34148.099 ms
