Hash Join  (cost=52284.99..416946.98 rows=606 width=0) (actual time=882.016..7670.594 rows=2102 loops=1)
  Hash Cond: (mi.movie_id = t.id)
  ->  Seq Scan on movie_info mi  (cost=0.00..309384.22 rows=14739122 width=4) (actual time=0.007..4261.206 rows=14835720 loops=1)
  ->  Hash  (cost=52283.69..52283.69 rows=104 width=8) (actual time=863.808..863.808 rows=88 loops=1)
        Buckets: 1024  Batches: 1  Memory Usage: 12kB
        ->  Nested Loop  (cost=0.43..52283.69 rows=104 width=8) (actual time=26.304..863.727 rows=88 loops=1)
              ->  Seq Scan on movie_companies mc  (cost=0.00..51404.11 rows=104 width=4) (actual time=26.205..861.432 rows=88 loops=1)
                    Filter: (company_id = 20477)
                    Rows Removed by Filter: 2609041
              ->  Index Only Scan using title_pkey on title t  (cost=0.43..8.45 rows=1 width=4) (actual time=0.023..0.024 rows=1 loops=88)
                    Index Cond: (id = mc.movie_id)
                    Heap Fetches: 88
Planning time: 1.138 ms
Execution time: 7671.133 ms
