Seq Scan on movie_companies mc  (cost=0.00..57926.93 rows=352260 width=0) (actual time=0.090..928.495 rows=663849 loops=1)
  Filter: ((company_id > 46008) AND (company_type_id = 2))
  Rows Removed by Filter: 1945280
Planning time: 0.380 ms
Execution time: 1006.605 ms
