Hash Join  (cost=76379.89..430878.08 rows=95501 width=0) (actual time=2940.891..7254.116 rows=32235 loops=1)
  Hash Cond: (mi.movie_id = t.id)
  ->  Seq Scan on movie_info mi  (cost=0.00..346232.03 rows=451508 width=4) (actual time=1662.544..5269.658 rows=474443 loops=1)
        Filter: (info_type_id = 6)
        Rows Removed by Filter: 14361277
  ->  Hash  (cost=67604.59..67604.59 rows=534824 width=4) (actual time=1277.484..1277.484 rows=533369 loops=1)
        Buckets: 131072  Batches: 8  Memory Usage: 3376kB
        ->  Seq Scan on title t  (cost=0.00..67604.59 rows=534824 width=4) (actual time=0.024..1101.035 rows=533369 loops=1)
              Filter: (production_year > 2009)
              Rows Removed by Filter: 1994943
Planning time: 2.288 ms
Execution time: 7258.001 ms
