Hash Join  (cost=190110.96..709968.43 rows=3753554 width=0) (actual time=3907.457..20267.766 rows=10013906 loops=1)
  Hash Cond: (mi.movie_id = t.id)
  ->  Seq Scan on movie_info mi  (cost=0.00..309384.22 rows=14739122 width=4) (actual time=0.011..6206.182 rows=14835720 loops=1)
  ->  Hash  (cost=179545.83..179545.83 rows=643930 width=8) (actual time=3906.225..3906.225 rows=649172 loops=1)
        Buckets: 131072  Batches: 16  Memory Usage: 2632kB
        ->  Hash Join  (cost=102767.86..179545.83 rows=643930 width=8) (actual time=2146.446..3724.969 rows=649172 loops=1)
              Hash Cond: (mc.movie_id = t.id)
              ->  Seq Scan on movie_companies mc  (cost=0.00..51404.11 rows=643930 width=4) (actual time=284.511..949.193 rows=649172 loops=1)
                    Filter: (company_id > 54962)
                    Rows Removed by Filter: 1959957
              ->  Hash  (cost=61283.27..61283.27 rows=2528527 width=4) (actual time=1858.448..1858.448 rows=2528312 loops=1)
                    Buckets: 131072  Batches: 64  Memory Usage: 2415kB
                    ->  Seq Scan on title t  (cost=0.00..61283.27 rows=2528527 width=4) (actual time=0.017..1082.229 rows=2528312 loops=1)
Planning time: 1.157 ms
Execution time: 21383.428 ms
