Hash Join  (cost=840371.59..1595386.27 rows=3345602 width=0) (actual time=21549.687..34479.031 rows=1208682 loops=1)
  Hash Cond: (mi.movie_id = t.id)
  ->  Seq Scan on movie_info mi  (cost=0.00..309384.22 rows=14739122 width=4) (actual time=0.015..6283.087 rows=14835720 loops=1)
  ->  Hash  (cost=830955.28..830955.28 rows=573945 width=8) (actual time=21548.919..21548.919 rows=511772 loops=1)
        Buckets: 131072  Batches: 8  Memory Usage: 3610kB
        ->  Hash Join  (cost=74426.67..830955.28 rows=573945 width=8) (actual time=1058.289..21078.238 rows=511772 loops=1)
              Hash Cond: (ci.movie_id = t.id)
              ->  Seq Scan on cast_info ci  (cost=0.00..614943.12 rows=36225612 width=4) (actual time=0.017..9233.253 rows=36244344 loops=1)
              ->  Hash  (cost=73925.90..73925.90 rows=40061 width=4) (actual time=1057.933..1057.933 rows=40120 loops=1)
                    Buckets: 65536  Batches: 1  Memory Usage: 1923kB
                    ->  Seq Scan on title t  (cost=0.00..73925.90 rows=40061 width=4) (actual time=0.013..1041.216 rows=40120 loops=1)
                          Filter: ((kind_id = 7) AND (production_year = 2013))
                          Rows Removed by Filter: 2488192
Planning time: 0.819 ms
Execution time: 34601.442 ms
