Hash Join  (cost=74373.12..130756.46 rows=18104 width=0) (actual time=1018.249..1962.605 rows=23476 loops=1)
  Hash Cond: (mc.movie_id = t.id)
  ->  Seq Scan on movie_companies mc  (cost=0.00..51404.11 rows=1279517 width=4) (actual time=0.010..725.472 rows=1274246 loops=1)
        Filter: (company_type_id = 1)
        Rows Removed by Filter: 1334883
  ->  Hash  (cost=73925.90..73925.90 rows=35777 width=4) (actual time=1017.818..1017.818 rows=37357 loops=1)
        Buckets: 65536  Batches: 1  Memory Usage: 1826kB
        ->  Seq Scan on title t  (cost=0.00..73925.90 rows=35777 width=4) (actual time=527.890..1004.071 rows=37357 loops=1)
              Filter: ((production_year > 2007) AND (kind_id = 4))
              Rows Removed by Filter: 2490955
Planning time: 9.061 ms
Execution time: 1964.726 ms
