Seq Scan on movie_keyword mk  (cost=0.00..81003.12 rows=3571588 width=12) (actual time=0.024..1799.621 rows=3557259 loops=1)
  Filter: (keyword_id < 19732)
  Rows Removed by Filter: 966671
Planning time: 0.305 ms
Execution time: 2013.360 ms
