Hash Join  (cost=85777.42..634477.74 rows=6456739 width=0) (actual time=1608.608..16849.233 rows=5444576 loops=1)
  Hash Cond: (mi.movie_id = t.id)
  ->  Seq Scan on movie_info mi  (cost=0.00..309384.22 rows=14739122 width=4) (actual time=0.021..6328.497 rows=14835720 loops=1)
  ->  Hash  (cost=67604.59..67604.59 rows=1107667 width=4) (actual time=1607.665..1607.665 rows=1107925 loops=1)
        Buckets: 131072  Batches: 16  Memory Usage: 3466kB
        ->  Seq Scan on title t  (cost=0.00..67604.59 rows=1107667 width=4) (actual time=0.023..1244.072 rows=1107925 loops=1)
              Filter: (production_year > 2004)
              Rows Removed by Filter: 1420387
Planning time: 0.716 ms
Execution time: 17472.028 ms
