Hash Join  (cost=200318.72..735866.35 rows=5224070 width=0) (actual time=5280.294..26441.524 rows=24438306 loops=1)
  Hash Cond: (mi.movie_id = t.id)
  ->  Seq Scan on movie_info mi  (cost=0.00..309384.22 rows=14739122 width=4) (actual time=0.017..6163.873 rows=14835720 loops=1)
  ->  Hash  (cost=185615.22..185615.22 rows=896200 width=8) (actual time=5279.171..5279.171 rows=892477 loops=1)
        Buckets: 131072  Batches: 16  Memory Usage: 3230kB
        ->  Hash Join  (cost=102767.86..185615.22 rows=896200 width=8) (actual time=2701.143..4998.891 rows=892477 loops=1)
              Hash Cond: (mc.movie_id = t.id)
              ->  Seq Scan on movie_companies mc  (cost=0.00..51404.11 rows=896200 width=4) (actual time=0.023..1099.676 rows=892477 loops=1)
                    Filter: (company_id < 2803)
                    Rows Removed by Filter: 1716652
              ->  Hash  (cost=61283.27..61283.27 rows=2528527 width=4) (actual time=2699.743..2699.743 rows=2528312 loops=1)
                    Buckets: 131072  Batches: 64  Memory Usage: 2415kB
                    ->  Seq Scan on title t  (cost=0.00..61283.27 rows=2528527 width=4) (actual time=0.010..1137.665 rows=2528312 loops=1)
Planning time: 1.135 ms
Execution time: 29236.748 ms
