Seq Scan on cast_info ci  (cost=0.00..705507.15 rows=8964442 width=0) (actual time=806.258..11872.113 rows=8838875 loops=1)
  Filter: (person_id < 869769)
  Rows Removed by Filter: 27405469
Planning time: 0.346 ms
Execution time: 12969.470 ms
