Hash Join  (cost=66222.57..93133.57 rows=51 width=0) (actual time=1079.614..1651.251 rows=765 loops=1)
  Hash Cond: (mi_idx.movie_id = t.id)
  ->  Seq Scan on movie_info_idx mi_idx  (cost=0.00..21735.35 rows=1380035 width=4) (actual time=0.025..328.466 rows=1380035 loops=1)
  ->  Hash  (cost=66221.41..66221.41 rows=93 width=8) (actual time=1077.156..1077.156 rows=403 loops=1)
        Buckets: 1024  Batches: 1  Memory Usage: 24kB
        ->  Nested Loop  (cost=0.43..66221.41 rows=93 width=8) (actual time=0.074..1076.805 rows=403 loops=1)
              ->  Seq Scan on movie_companies mc  (cost=0.00..51404.11 rows=1855 width=4) (actual time=0.022..891.930 rows=4712 loops=1)
                    Filter: (company_id < 6)
                    Rows Removed by Filter: 2604417
              ->  Index Scan using title_pkey on title t  (cost=0.43..7.98 rows=1 width=4) (actual time=0.039..0.039 rows=0 loops=4712)
                    Index Cond: (id = mc.movie_id)
                    Filter: (production_year = 2009)
                    Rows Removed by Filter: 1
Planning time: 1.395 ms
Execution time: 1651.510 ms
