Nested Loop  (cost=0.43..890380.16 rows=16177 width=0) (actual time=1091.749..14195.102 rows=130895 loops=1)
  ->  Seq Scan on cast_info ci  (cost=0.00..796071.18 rows=16177 width=4) (actual time=1091.652..11363.934 rows=130895 loops=1)
        Filter: ((person_id > 4041565) AND (role_id > 8))
        Rows Removed by Filter: 36113449
  ->  Index Only Scan using title_pkey on title t  (cost=0.43..5.82 rows=1 width=4) (actual time=0.021..0.021 rows=1 loops=130895)
        Index Cond: (id = ci.movie_id)
        Heap Fetches: 130895
Planning time: 0.774 ms
Execution time: 14229.513 ms
