Hash Join  (cost=111473.23..199069.35 rows=93809 width=0) (actual time=2242.328..5150.056 rows=1564152 loops=1)
  Hash Cond: (mk.movie_id = t.id)
  ->  Seq Scan on movie_keyword mk  (cost=0.00..69693.30 rows=4523930 width=4) (actual time=0.036..1102.785 rows=4523930 loops=1)
  ->  Hash  (cost=110817.83..110817.83 rows=52432 width=8) (actual time=2241.691..2241.691 rows=130275 loops=1)
        Buckets: 131072 (originally 65536)  Batches: 2 (originally 1)  Memory Usage: 3571kB
        ->  Hash Join  (cost=78716.10..110817.83 rows=52432 width=8) (actual time=1364.278..2195.341 rows=130275 loops=1)
              Hash Cond: (mi_idx.movie_id = t.id)
              ->  Seq Scan on movie_info_idx mi_idx  (cost=0.00..25185.44 rows=454124 width=4) (actual time=0.021..468.359 rows=459925 loops=1)
                    Filter: (info_type_id = 100)
                    Rows Removed by Filter: 920110
              ->  Hash  (cost=73925.90..73925.90 rows=291936 width=4) (actual time=1363.413..1363.413 rows=403476 loops=1)
                    Buckets: 131072 (originally 131072)  Batches: 8 (originally 4)  Memory Usage: 3073kB
                    ->  Seq Scan on title t  (cost=0.00..73925.90 rows=291936 width=4) (actual time=0.041..1226.446 rows=403476 loops=1)
                          Filter: ((kind_id < 3) AND (production_year < 1999))
                          Rows Removed by Filter: 2124836
Planning time: 1.774 ms
Execution time: 5340.060 ms
