Seq Scan on movie_keyword mk  (cost=0.00..81003.12 rows=1067172 width=0) (actual time=0.021..1253.741 rows=1078005 loops=1)
  Filter: (keyword_id > 16407)
  Rows Removed by Filter: 3445925
Planning time: 0.339 ms
Execution time: 1386.472 ms
