Seq Scan on movie_companies mc  (cost=0.00..51404.11 rows=793597 width=0) (actual time=0.015..890.433 rows=781209 loops=1)
  Filter: (company_id < 1693)
  Rows Removed by Filter: 1827920
Planning time: 0.309 ms
Execution time: 988.284 ms
