Hash Join  (cost=132723.69..501204.90 rows=264243 width=0) (actual time=4889.345..9326.387 rows=358598 loops=1)
  Hash Cond: (mi.movie_id = t.id)
  ->  Seq Scan on movie_info mi  (cost=0.00..346232.03 rows=1550064 width=4) (actual time=2045.109..5717.196 rows=1533909 loops=1)
        Filter: (info_type_id = 3)
        Rows Removed by Filter: 13301811
  ->  Hash  (cost=125651.63..125651.63 rows=431045 width=8) (actual time=2843.355..2843.355 rows=311149 loops=1)
        Buckets: 131072  Batches: 8  Memory Usage: 2539kB
        ->  Hash Join  (cost=80562.70..125651.63 rows=431045 width=8) (actual time=1425.917..2746.176 rows=311149 loops=1)
              Hash Cond: (mi_idx.movie_id = t.id)
              ->  Seq Scan on movie_info_idx mi_idx  (cost=0.00..21735.35 rows=1380035 width=4) (actual time=0.029..479.558 rows=1380035 loops=1)
              ->  Hash  (cost=67604.59..67604.59 rows=789769 width=4) (actual time=1424.777..1424.777 rows=784926 loops=1)
                    Buckets: 131072  Batches: 16  Memory Usage: 2749kB
                    ->  Seq Scan on title t  (cost=0.00..67604.59 rows=789769 width=4) (actual time=0.023..1176.462 rows=784926 loops=1)
                          Filter: (production_year > 2007)
                          Rows Removed by Filter: 1743386
Planning time: 1.175 ms
Execution time: 9367.662 ms
