Hash Join  (cost=162246.51..917537.29 rows=450155 width=0) (actual time=3013.422..23652.776 rows=3225319 loops=1)
  Hash Cond: (ci.movie_id = t.id)
  ->  Seq Scan on cast_info ci  (cost=0.00..614943.12 rows=36225612 width=4) (actual time=0.012..9773.241 rows=36244344 loops=1)
  ->  Hash  (cost=161853.75..161853.75 rows=31421 width=8) (actual time=3013.031..3013.031 rows=56872 loops=1)
        Buckets: 65536 (originally 32768)  Batches: 1 (originally 1)  Memory Usage: 2734kB
        ->  Hash Join  (cost=74547.77..161853.75 rows=31421 width=8) (actual time=1146.292..2992.593 rows=56872 loops=1)
              Hash Cond: (mk.movie_id = t.id)
              ->  Seq Scan on movie_keyword mk  (cost=0.00..81003.12 rows=1596972 width=4) (actual time=0.013..1521.225 rows=1606189 loops=1)
                    Filter: (keyword_id < 2488)
                    Rows Removed by Filter: 2917741
              ->  Hash  (cost=73925.90..73925.90 rows=49749 width=4) (actual time=1145.806..1145.806 rows=44012 loops=1)
                    Buckets: 65536  Batches: 1  Memory Usage: 2060kB
                    ->  Seq Scan on title t  (cost=0.00..73925.90 rows=49749 width=4) (actual time=0.079..1126.998 rows=44012 loops=1)
                          Filter: ((kind_id < 7) AND (production_year = 2009))
                          Rows Removed by Filter: 2484300
Planning time: 1.138 ms
Execution time: 24081.830 ms
