Hash Join  (cost=83810.17..935147.91 rows=1298154 width=0) (actual time=2071.302..14164.509 rows=522126 loops=1)
  Hash Cond: (ci.movie_id = t.id)
  ->  Seq Scan on cast_info ci  (cost=0.00..796071.18 rows=3323204 width=4) (actual time=584.983..11774.752 rows=1209466 loops=1)
        Filter: ((person_id > 3355840) AND (role_id < 10))
        Rows Removed by Filter: 35034878
  ->  Hash  (cost=67604.59..67604.59 rows=987727 width=4) (actual time=1485.627..1485.627 rows=985048 loops=1)
        Buckets: 131072  Batches: 16  Memory Usage: 3188kB
        ->  Seq Scan on title t  (cost=0.00..67604.59 rows=987727 width=4) (actual time=0.018..1187.895 rows=985048 loops=1)
              Filter: (kind_id < 7)
              Rows Removed by Filter: 1543264
Planning time: 1.522 ms
Execution time: 14226.729 ms
