Seq Scan on movie_companies mc  (cost=0.00..51404.11 rows=968848 width=0) (actual time=0.010..886.378 rows=981239 loops=1)
  Filter: (company_id > 17386)
  Rows Removed by Filter: 1627890
Planning time: 0.327 ms
Execution time: 1009.634 ms
