Seq Scan on movie_keyword mk  (cost=0.00..81003.12 rows=3635049 width=0) (actual time=0.024..1629.717 rows=3627482 loops=1)
  Filter: (keyword_id < 20600)
  Rows Removed by Filter: 896448
Planning time: 0.335 ms
Execution time: 2094.313 ms
