Hash Join  (cost=255172.13..893448.08 rows=13125012 width=0) (actual time=5928.954..36343.048 rows=61065825 loops=1)
  Hash Cond: (mi.movie_id = t.id)
  ->  Seq Scan on movie_info mi  (cost=0.00..309384.22 rows=14739122 width=4) (actual time=0.025..6280.591 rows=14835720 loops=1)
  ->  Hash  (cost=218230.84..218230.84 rows=2251623 width=8) (actual time=5928.022..5928.022 rows=2247529 loops=1)
        Buckets: 131072  Batches: 32  Memory Usage: 3806kB
        ->  Hash Join  (cost=102767.86..218230.84 rows=2251623 width=8) (actual time=1946.603..5262.409 rows=2247529 loops=1)
              Hash Cond: (mc.movie_id = t.id)
              ->  Seq Scan on movie_companies mc  (cost=0.00..51404.11 rows=2251623 width=4) (actual time=0.021..1078.906 rows=2247529 loops=1)
                    Filter: (company_id < 86764)
                    Rows Removed by Filter: 361600
              ->  Hash  (cost=61283.27..61283.27 rows=2528527 width=4) (actual time=1945.834..1945.834 rows=2528312 loops=1)
                    Buckets: 131072  Batches: 64  Memory Usage: 2415kB
                    ->  Seq Scan on title t  (cost=0.00..61283.27 rows=2528527 width=4) (actual time=0.026..1119.445 rows=2528312 loops=1)
Planning time: 1.249 ms
Execution time: 43279.546 ms
