Seq Scan on movie_keyword mk  (cost=0.00..81003.12 rows=1434666 width=0) (actual time=0.030..1419.187 rows=1449811 loops=1)
  Filter: (keyword_id > 11528)
  Rows Removed by Filter: 3074119
Planning time: 0.349 ms
Execution time: 1609.651 ms
