Seq Scan on cast_info ci  (cost=0.00..796071.18 rows=5792875 width=0) (actual time=0.056..12938.713 rows=3575220 loops=1)
  Filter: ((person_id < 1275407) AND (role_id > 2))
  Rows Removed by Filter: 32669124
Planning time: 0.345 ms
Execution time: 13382.970 ms
