Hash Join  (cost=160823.02..1020896.03 rows=40787 width=0) (actual time=3726.024..18833.367 rows=18210 loops=1)
  Hash Cond: (ci.movie_id = t.id)
  ->  Seq Scan on cast_info ci  (cost=0.00..796071.18 rows=12718798 width=4) (actual time=606.551..14664.106 rows=6825252 loops=1)
        Filter: ((person_id < 1952029) AND (role_id > 1))
        Rows Removed by Filter: 29419092
  ->  Hash  (cost=160721.67..160721.67 rows=8108 width=8) (actual time=3113.781..3113.781 rows=4194 loops=1)
        Buckets: 8192  Batches: 1  Memory Usage: 228kB
        ->  Hash Join  (cost=73982.55..160721.67 rows=8108 width=8) (actual time=2585.705..3112.706 rows=4194 loops=1)
              Hash Cond: (mk.movie_id = t.id)
              ->  Seq Scan on movie_keyword mk  (cost=0.00..69693.30 rows=4523930 width=4) (actual time=0.030..1086.116 rows=4523930 loops=1)
              ->  Hash  (cost=73925.90..73925.90 rows=4532 width=4) (actual time=1207.162..1207.162 rows=8406 loops=1)
                    Buckets: 16384 (originally 8192)  Batches: 1 (originally 1)  Memory Usage: 424kB
                    ->  Seq Scan on title t  (cost=0.00..73925.90 rows=4532 width=4) (actual time=0.513..1202.748 rows=8406 loops=1)
                          Filter: ((kind_id = 7) AND (production_year = 1973))
                          Rows Removed by Filter: 2519906
Planning time: 1.200 ms
Execution time: 18836.458 ms
