Hash Join  (cost=150379.28..1195566.06 rows=1108061 width=0) (actual time=2709.043..30037.941 rows=3978799 loops=1)
  Hash Cond: (ci.movie_id = t.id)
  ->  Seq Scan on cast_info ci  (cost=0.00..614943.12 rows=36225612 width=4) (actual time=0.025..13138.232 rows=36244344 loops=1)
  ->  Hash  (cost=149109.51..149109.51 rows=77342 width=8) (actual time=2708.269..2708.269 rows=130435 loops=1)
        Buckets: 131072  Batches: 2  Memory Usage: 3556kB
        ->  Hash Join  (cost=76796.18..149109.51 rows=77342 width=8) (actual time=1470.526..2675.634 rows=130435 loops=1)
              Hash Cond: (mc.movie_id = t.id)
              ->  Seq Scan on movie_companies mc  (cost=0.00..57926.93 rows=1118126 width=4) (actual time=11.864..1110.118 rows=1236642 loops=1)
                    Filter: ((company_id > 288) AND (company_type_id = 2))
                    Rows Removed by Filter: 1372487
              ->  Hash  (cost=73925.90..73925.90 rows=174902 width=4) (actual time=1078.460..1078.460 rows=160286 loops=1)
                    Buckets: 131072  Batches: 4  Memory Usage: 2435kB
                    ->  Seq Scan on title t  (cost=0.00..73925.90 rows=174902 width=4) (actual time=2.279..1024.792 rows=160286 loops=1)
                          Filter: ((production_year > 2008) AND (kind_id = 1))
                          Rows Removed by Filter: 2368026
Planning time: 1.223 ms
Execution time: 30499.285 ms
