Seq Scan on movie_keyword mk  (cost=0.00..81003.12 rows=866453 width=0) (actual time=0.023..1423.409 rows=875835 loops=1)
  Filter: (keyword_id > 21086)
  Rows Removed by Filter: 3648095
Planning time: 0.323 ms
Execution time: 1534.853 ms
