Nested Loop  (cost=0.43..52283.69 rows=104 width=0) (actual time=0.486..798.541 rows=131 loops=1)
  ->  Seq Scan on movie_companies mc  (cost=0.00..51404.11 rows=104 width=4) (actual time=0.419..795.085 rows=131 loops=1)
        Filter: (company_id = 13383)
        Rows Removed by Filter: 2608998
  ->  Index Only Scan using title_pkey on title t  (cost=0.43..8.45 rows=1 width=4) (actual time=0.024..0.024 rows=1 loops=131)
        Index Cond: (id = mc.movie_id)
        Heap Fetches: 131
Planning time: 0.734 ms
Execution time: 798.678 ms
