Hash Join  (cost=100925.07..187599.82 rows=1671 width=0) (actual time=1602.910..3439.928 rows=10394 loops=1)
  Hash Cond: (mk.movie_id = t.id)
  ->  Seq Scan on movie_keyword mk  (cost=0.00..69693.30 rows=4523930 width=4) (actual time=0.012..1026.820 rows=4523930 loops=1)
  ->  Hash  (cost=100913.40..100913.40 rows=934 width=8) (actual time=1602.217..1602.217 rows=1608 loops=1)
        Buckets: 2048 (originally 1024)  Batches: 1 (originally 1)  Memory Usage: 79kB
        ->  Hash Join  (cost=73989.96..100913.40 rows=934 width=8) (actual time=1127.526..1601.403 rows=1608 loops=1)
              Hash Cond: (mi_idx.movie_id = t.id)
              ->  Seq Scan on movie_info_idx mi_idx  (cost=0.00..25185.44 rows=460978 width=4) (actual time=0.021..460.016 rows=459925 loops=1)
                    Filter: (info_type_id < 100)
                    Rows Removed by Filter: 920110
              ->  Hash  (cost=73925.90..73925.90 rows=5124 width=4) (actual time=1049.170..1049.170 rows=9091 loops=1)
                    Buckets: 16384 (originally 8192)  Batches: 1 (originally 1)  Memory Usage: 448kB
                    ->  Seq Scan on title t  (cost=0.00..73925.90 rows=5124 width=4) (actual time=502.456..1045.077 rows=9091 loops=1)
                          Filter: ((kind_id = 4) AND (production_year = 2007))
                          Rows Removed by Filter: 2519221
Planning time: 1.259 ms
Execution time: 3441.620 ms
