Hash Join  (cost=69484.36..151365.06 rows=1612 width=0) (actual time=1266.399..2257.945 rows=3213 loops=1)
  Hash Cond: (mk.movie_id = t.id)
  ->  Seq Scan on movie_keyword mk  (cost=0.00..81003.12 rows=35588 width=4) (actual time=0.739..1172.789 rows=34710 loops=1)
        Filter: (keyword_id = 2488)
        Rows Removed by Filter: 4489220
  ->  Hash  (cost=67604.59..67604.59 rows=114542 width=4) (actual time=1052.821..1052.821 rows=118234 loops=1)
        Buckets: 131072  Batches: 2  Memory Usage: 3107kB
        ->  Seq Scan on title t  (cost=0.00..67604.59 rows=114542 width=4) (actual time=180.152..1011.768 rows=118234 loops=1)
              Filter: (kind_id = 4)
              Rows Removed by Filter: 2410078
Planning time: 0.728 ms
Execution time: 2258.657 ms
