Hash Join  (cost=109544.49..476420.62 rows=222022 width=0) (actual time=1912.215..10566.173 rows=599801 loops=1)
  Hash Cond: (mi.movie_id = t.id)
  ->  Seq Scan on movie_info mi  (cost=0.00..309384.22 rows=14739122 width=4) (actual time=0.006..4649.019 rows=14835720 loops=1)
  ->  Hash  (cost=109068.39..109068.39 rows=38088 width=8) (actual time=1911.894..1911.894 rows=38647 loops=1)
        Buckets: 65536  Batches: 1  Memory Usage: 2022kB
        ->  Hash Join  (cost=77354.40..109068.39 rows=38088 width=8) (actual time=1242.111..1896.989 rows=38647 loops=1)
              Hash Cond: (mi_idx.movie_id = t.id)
              ->  Seq Scan on movie_info_idx mi_idx  (cost=0.00..25185.44 rows=460978 width=4) (actual time=0.011..425.602 rows=459925 loops=1)
                    Filter: (info_type_id = 99)
                    Rows Removed by Filter: 920110
              ->  Hash  (cost=73925.90..73925.90 rows=208920 width=4) (actual time=1241.271..1241.271 rows=183835 loops=1)
                    Buckets: 131072  Batches: 4  Memory Usage: 2649kB
                    ->  Seq Scan on title t  (cost=0.00..73925.90 rows=208920 width=4) (actual time=0.009..1181.341 rows=183835 loops=1)
                          Filter: ((kind_id < 7) AND (production_year > 2009))
                          Rows Removed by Filter: 2344477
Planning time: 0.761 ms
Execution time: 10652.036 ms
