Seq Scan on movie_keyword mk  (cost=0.00..81003.12 rows=246 width=0) (actual time=0.499..1253.142 rows=2013 loops=1)
  Filter: (keyword_id = 2123)
  Rows Removed by Filter: 4521917
Planning time: 0.275 ms
Execution time: 1253.797 ms
