Hash Join  (cost=719511.94..2599224.02 rows=64620844 width=0) (actual time=20989.794..114266.633 rows=249495810 loops=1)
  Hash Cond: (ci.movie_id = t.id)
  ->  Seq Scan on cast_info ci  (cost=0.00..705507.15 rows=28379144 width=4) (actual time=0.034..16791.794 rows=28531704 loops=1)
        Filter: (role_id < 7)
        Rows Removed by Filter: 7712640
  ->  Hash  (cost=625051.03..625051.03 rows=5757593 width=8) (actual time=20984.748..20984.748 rows=10872384 loops=1)
        Buckets: 131072 (originally 131072)  Batches: 256 (originally 128)  Memory Usage: 3073kB
        ->  Hash Join  (cost=83810.17..625051.03 rows=5757593 width=8) (actual time=1409.002..18031.428 rows=10872384 loops=1)
              Hash Cond: (mi.movie_id = t.id)
              ->  Seq Scan on movie_info mi  (cost=0.00..309384.22 rows=14739122 width=4) (actual time=0.013..5984.430 rows=14835720 loops=1)
              ->  Hash  (cost=67604.59..67604.59 rows=987727 width=4) (actual time=1408.082..1408.082 rows=985048 loops=1)
                    Buckets: 131072  Batches: 16  Memory Usage: 3197kB
                    ->  Seq Scan on title t  (cost=0.00..67604.59 rows=987727 width=4) (actual time=0.033..1090.049 rows=985048 loops=1)
                          Filter: (kind_id < 7)
                          Rows Removed by Filter: 1543264
Planning time: 1.217 ms
Execution time: 140911.570 ms
