Seq Scan on cast_info ci  (cost=0.00..705507.15 rows=11544522 width=0) (actual time=0.010..10971.714 rows=11565147 loops=1)
  Filter: (person_id > 2539321)
  Rows Removed by Filter: 24679197
Planning time: 0.385 ms
Execution time: 12231.562 ms
