Hash Join  (cost=1018504.83..3099740.99 rows=81917224 width=0) (actual time=25420.544..86487.521 rows=138991522 loops=1)
  Hash Cond: (ci.movie_id = t.id)
  ->  Seq Scan on cast_info ci  (cost=0.00..796071.18 rows=14053070 width=4) (actual time=0.023..16979.034 rows=11283445 loops=1)
        Filter: ((person_id < 3191622) AND (role_id > 2))
        Rows Removed by Filter: 24960899
  ->  Hash  (cost=776690.81..776690.81 rows=14739122 width=8) (actual time=25418.831..25418.831 rows=14835720 loops=1)
        Buckets: 131072  Batches: 256  Memory Usage: 3268kB
        ->  Hash Join  (cost=102767.86..776690.81 rows=14739122 width=8) (actual time=2073.174..20760.208 rows=14835720 loops=1)
              Hash Cond: (mi.movie_id = t.id)
              ->  Seq Scan on movie_info mi  (cost=0.00..309384.22 rows=14739122 width=4) (actual time=0.016..5893.253 rows=14835720 loops=1)
              ->  Hash  (cost=61283.27..61283.27 rows=2528527 width=4) (actual time=2071.837..2071.837 rows=2528312 loops=1)
                    Buckets: 131072  Batches: 64  Memory Usage: 2425kB
                    ->  Seq Scan on title t  (cost=0.00..61283.27 rows=2528527 width=4) (actual time=0.020..925.827 rows=2528312 loops=1)
Planning time: 1.189 ms
Execution time: 101472.806 ms
