Hash Join  (cost=481512.73..1313336.28 rows=690262 width=0) (actual time=13315.855..26525.324 rows=1116004 loops=1)
  Hash Cond: (ci.movie_id = t.id)
  ->  Seq Scan on cast_info ci  (cost=0.00..705507.15 rows=9262553 width=4) (actual time=4063.474..12547.750 rows=9253976 loops=1)
        Filter: (person_id > 2775245)
        Rows Removed by Filter: 26990368
  ->  Hash  (cost=478420.34..478420.34 rows=188431 width=8) (actual time=9251.247..9251.247 rows=213928 loops=1)
        Buckets: 131072  Batches: 4  Memory Usage: 3058kB
        ->  Hash Join  (cost=69090.10..478420.34 rows=188431 width=8) (actual time=1191.231..9162.817 rows=213928 loops=1)
              Hash Cond: (mi.movie_id = t.id)
              ->  Seq Scan on movie_info mi  (cost=0.00..346232.03 rows=5263441 width=4) (actual time=49.429..6281.894 rows=5270569 loops=1)
                    Filter: (info_type_id > 15)
                    Rows Removed by Filter: 9565151
              ->  Hash  (cost=67604.59..67604.59 rows=90521 width=4) (actual time=1131.708..1131.708 rows=90852 loops=1)
                    Buckets: 131072  Batches: 2  Memory Usage: 2632kB
                    ->  Seq Scan on title t  (cost=0.00..67604.59 rows=90521 width=4) (actual time=177.653..1095.305 rows=90852 loops=1)
                          Filter: (kind_id = 2)
                          Rows Removed by Filter: 2437460
Planning time: 0.803 ms
Execution time: 26665.932 ms
