Seq Scan on cast_info ci  (cost=0.00..796071.18 rows=631217 width=0) (actual time=1574.977..12590.795 rows=1091604 loops=1)
  Filter: ((person_id > 2850953) AND (role_id = 4))
  Rows Removed by Filter: 35152740
Planning time: 0.444 ms
Execution time: 12726.997 ms
