Hash Join  (cost=102767.86..197701.24 rows=168385 width=0) (actual time=2072.061..3869.581 rows=162850 loops=1)
  Hash Cond: (mk.movie_id = t.id)
  ->  Seq Scan on movie_keyword mk  (cost=0.00..81003.12 rows=168385 width=4) (actual time=0.032..1305.798 rows=162850 loops=1)
        Filter: (keyword_id > 72604)
        Rows Removed by Filter: 4361080
  ->  Hash  (cost=61283.27..61283.27 rows=2528527 width=4) (actual time=2069.990..2069.990 rows=2528312 loops=1)
        Buckets: 131072  Batches: 64  Memory Usage: 2425kB
        ->  Seq Scan on title t  (cost=0.00..61283.27 rows=2528527 width=4) (actual time=0.009..1186.375 rows=2528312 loops=1)
Planning time: 0.793 ms
Execution time: 3887.570 ms
