Hash Join  (cost=134622.23..221281.67 rows=140 width=0) (actual time=3013.820..4236.158 rows=1613 loops=1)
  Hash Cond: (mk.movie_id = t.id)
  ->  Seq Scan on movie_keyword mk  (cost=0.00..69693.30 rows=4523930 width=4) (actual time=0.022..1111.063 rows=4523930 loops=1)
  ->  Hash  (cost=134621.26..134621.26 rows=78 width=8) (actual time=2345.726..2345.726 rows=301 loops=1)
        Buckets: 1024  Batches: 1  Memory Usage: 20kB
        ->  Hash Join  (cost=73929.23..134621.26 rows=78 width=8) (actual time=1820.585..2345.552 rows=301 loops=1)
              Hash Cond: (mc.movie_id = t.id)
              ->  Seq Scan on movie_companies mc  (cost=0.00..57926.93 rows=737150 width=4) (actual time=0.010..1142.516 rows=957133 loops=1)
                    Filter: ((company_id > 9352) AND (company_type_id = 2))
                    Rows Removed by Filter: 1651996
              ->  Hash  (cost=73925.90..73925.90 rows=266 width=4) (actual time=1067.405..1067.405 rows=874 loops=1)
                    Buckets: 1024  Batches: 1  Memory Usage: 39kB
                    ->  Seq Scan on title t  (cost=0.00..73925.90 rows=266 width=4) (actual time=0.045..1066.746 rows=874 loops=1)
                          Filter: ((kind_id = 2) AND (production_year = 1985))
                          Rows Removed by Filter: 2527438
Planning time: 1.109 ms
Execution time: 4236.503 ms
