Hash Join  (cost=52283.96..79194.46 rows=1 width=0) (actual time=1333.977..1484.371 rows=3 loops=1)
  Hash Cond: (mi_idx.movie_id = t.id)
  ->  Seq Scan on movie_info_idx mi_idx  (cost=0.00..21735.35 rows=1380035 width=4) (actual time=0.016..356.656 rows=1380035 loops=1)
  ->  Hash  (cost=52283.95..52283.95 rows=1 width=8) (actual time=885.956..885.956 rows=1 loops=1)
        Buckets: 1024  Batches: 1  Memory Usage: 9kB
        ->  Nested Loop  (cost=0.43..52283.95 rows=1 width=8) (actual time=216.798..885.949 rows=1 loops=1)
              ->  Seq Scan on movie_companies mc  (cost=0.00..51404.11 rows=104 width=4) (actual time=1.855..865.265 rows=268 loops=1)
                    Filter: (company_id = 935)
                    Rows Removed by Filter: 2608861
              ->  Index Scan using title_pkey on title t  (cost=0.43..8.45 rows=1 width=4) (actual time=0.075..0.075 rows=0 loops=268)
                    Index Cond: (id = mc.movie_id)
                    Filter: (production_year = 1985)
                    Rows Removed by Filter: 1
Planning time: 0.883 ms
Execution time: 1484.511 ms
