Hash Join  (cost=87977.22..123297.76 rows=153814 width=0) (actual time=1443.979..2297.191 rows=273242 loops=1)
  Hash Cond: (mi_idx.movie_id = t.id)
  ->  Seq Scan on movie_info_idx mi_idx  (cost=0.00..25185.44 rows=454124 width=4) (actual time=0.018..415.352 rows=459925 loops=1)
        Filter: (info_type_id = 100)
        Rows Removed by Filter: 920110
  ->  Hash  (cost=73925.90..73925.90 rows=856425 width=4) (actual time=1442.480..1442.480 rows=769954 loops=1)
        Buckets: 131072  Batches: 16  Memory Usage: 2718kB
        ->  Seq Scan on title t  (cost=0.00..73925.90 rows=856425 width=4) (actual time=0.024..1198.506 rows=769954 loops=1)
              Filter: ((kind_id < 7) AND (production_year > 1962))
              Rows Removed by Filter: 1758358
Planning time: 0.738 ms
Execution time: 2329.401 ms
