Hash Join  (cost=73994.33..160750.31 rows=9794 width=0) (actual time=1495.505..2876.971 rows=5 loops=1)
  Hash Cond: (mk.movie_id = t.id)
  ->  Seq Scan on movie_keyword mk  (cost=0.00..69693.30 rows=4523930 width=4) (actual time=0.014..956.415 rows=4523930 loops=1)
  ->  Hash  (cost=73925.90..73925.90 rows=5474 width=4) (actual time=1176.335..1176.335 rows=9 loops=1)
        Buckets: 8192  Batches: 1  Memory Usage: 65kB
        ->  Seq Scan on title t  (cost=0.00..73925.90 rows=5474 width=4) (actual time=36.457..1176.312 rows=9 loops=1)
              Filter: ((kind_id > 1) AND (production_year = 1944))
              Rows Removed by Filter: 2528303
Planning time: 0.584 ms
Execution time: 2877.052 ms
