Seq Scan on movie_keyword mk  (cost=0.00..81003.12 rows=246 width=0) (actual time=1.160..1298.644 rows=1298 loops=1)
  Filter: (keyword_id = 240)
  Rows Removed by Filter: 4522632
Planning time: 0.495 ms
Execution time: 1299.130 ms
