Hash Join  (cost=156649.15..227826.82 rows=156863 width=0) (actual time=3639.314..4847.221 rows=220213 loops=1)
  Hash Cond: (mc.movie_id = t.id)
  ->  Seq Scan on movie_companies mc  (cost=0.00..57926.93 rows=853094 width=4) (actual time=172.767..994.496 rows=537966 loops=1)
        Filter: ((company_id < 18874) AND (company_type_id > 1))
        Rows Removed by Filter: 2071163
  ->  Hash  (cost=149020.47..149020.47 rows=464934 width=8) (actual time=3465.867..3465.867 rows=460185 loops=1)
        Buckets: 131072  Batches: 8  Memory Usage: 3276kB
        ->  Hash Join  (cost=102767.86..149020.47 rows=464934 width=8) (actual time=2009.937..3326.756 rows=460185 loops=1)
              Hash Cond: (mi_idx.movie_id = t.id)
              ->  Seq Scan on movie_info_idx mi_idx  (cost=0.00..25185.44 rows=464934 width=4) (actual time=0.024..512.697 rows=460185 loops=1)
                    Filter: (info_type_id > 100)
                    Rows Removed by Filter: 919850
              ->  Hash  (cost=61283.27..61283.27 rows=2528527 width=4) (actual time=2007.653..2007.653 rows=2528312 loops=1)
                    Buckets: 131072  Batches: 64  Memory Usage: 2415kB
                    ->  Seq Scan on title t  (cost=0.00..61283.27 rows=2528527 width=4) (actual time=0.010..1158.741 rows=2528312 loops=1)
Planning time: 1.118 ms
Execution time: 4875.220 ms
