Hash Join  (cost=79993.30..160303.63 rows=381580 width=0) (actual time=1340.566..4006.232 rows=244089 loops=1)
  Hash Cond: (mc.movie_id = t.id)
  ->  Seq Scan on movie_companies mc  (cost=0.00..44881.29 rows=2609129 width=4) (actual time=0.023..818.997 rows=2609129 loops=1)
  ->  Hash  (cost=73925.90..73925.90 rows=369792 width=4) (actual time=1213.848..1213.848 rows=253766 loops=1)
        Buckets: 131072  Batches: 8  Memory Usage: 2127kB
        ->  Seq Scan on title t  (cost=0.00..73925.90 rows=369792 width=4) (actual time=0.017..1132.739 rows=253766 loops=1)
              Filter: ((production_year < 1986) AND (kind_id = 7))
              Rows Removed by Filter: 2274546
Planning time: 5.909 ms
Execution time: 4035.636 ms
