Hash Join  (cost=73962.22..100888.56 rows=1586 width=0) (actual time=1262.988..1854.808 rows=10184 loops=1)
  Hash Cond: (mi_idx.movie_id = t.id)
  ->  Seq Scan on movie_info_idx mi_idx  (cost=0.00..21735.35 rows=1380035 width=4) (actual time=0.014..301.119 rows=1380035 loops=1)
  ->  Hash  (cost=73925.90..73925.90 rows=2905 width=4) (actual time=1262.815..1262.815 rows=7777 loops=1)
        Buckets: 8192 (originally 4096)  Batches: 1 (originally 1)  Memory Usage: 338kB
        ->  Seq Scan on title t  (cost=0.00..73925.90 rows=2905 width=4) (actual time=0.035..1259.012 rows=7777 loops=1)
              Filter: ((kind_id < 7) AND (production_year = 1985))
              Rows Removed by Filter: 2520535
Planning time: 0.787 ms
Execution time: 1856.559 ms
