Seq Scan on cast_info ci  (cost=0.00..705507.15 rows=18507162 width=0) (actual time=0.029..13049.264 rows=18409435 loops=1)
  Filter: (person_id < 1830226)
  Rows Removed by Filter: 17834909
Planning time: 0.345 ms
Execution time: 15292.676 ms
