Seq Scan on title t  (cost=0.00..67604.59 rows=131483 width=0) (actual time=0.019..1096.471 rows=133123 loops=1)
  Filter: (production_year < 1937)
  Rows Removed by Filter: 2395189
Planning time: 0.326 ms
Execution time: 1117.394 ms
