Hash Join  (cost=278837.91..1222675.45 rows=9062878 width=0) (actual time=10503.310..33592.855 rows=31903081 loops=1)
  Hash Cond: (ci.movie_id = t.id)
  ->  Seq Scan on cast_info ci  (cost=0.00..705507.15 rows=10886121 width=4) (actual time=3767.341..13091.689 rows=10892842 loops=1)
        Filter: (person_id > 2617213)
        Rows Removed by Filter: 25351502
  ->  Hash  (cost=244301.90..244301.90 rows=2105041 width=8) (actual time=6734.544..6734.544 rows=2103593 loops=1)
        Buckets: 131072  Batches: 32  Memory Usage: 3576kB
        ->  Hash Join  (cost=102767.86..244301.90 rows=2105041 width=8) (actual time=2239.852..6139.369 rows=2103593 loops=1)
              Hash Cond: (mk.movie_id = t.id)
              ->  Seq Scan on movie_keyword mk  (cost=0.00..81003.12 rows=2105041 width=4) (actual time=0.040..1650.899 rows=2103593 loops=1)
                    Filter: (keyword_id > 5706)
                    Rows Removed by Filter: 2420337
              ->  Hash  (cost=61283.27..61283.27 rows=2528527 width=4) (actual time=2239.034..2239.034 rows=2528312 loops=1)
                    Buckets: 131072  Batches: 64  Memory Usage: 2425kB
                    ->  Seq Scan on title t  (cost=0.00..61283.27 rows=2528527 width=4) (actual time=0.018..1107.281 rows=2528312 loops=1)
Planning time: 1.185 ms
Execution time: 36991.334 ms
