Seq Scan on cast_info ci  (cost=0.00..705507.15 rows=500 width=0) (actual time=7625.314..11466.575 rows=4 loops=1)
  Filter: (person_id = 3482005)
  Rows Removed by Filter: 36244340
Planning time: 0.496 ms
Execution time: 11466.681 ms
