Hash Join  (cost=102767.86..215602.48 rows=912338 width=0) (actual time=1907.774..4379.979 rows=920332 loops=1)
  Hash Cond: (mk.movie_id = t.id)
  ->  Seq Scan on movie_keyword mk  (cost=0.00..81003.12 rows=912338 width=4) (actual time=0.013..1377.157 rows=920332 loops=1)
        Filter: (keyword_id < 870)
        Rows Removed by Filter: 3603598
  ->  Hash  (cost=61283.27..61283.27 rows=2528527 width=4) (actual time=1905.373..1905.373 rows=2528312 loops=1)
        Buckets: 131072  Batches: 64  Memory Usage: 2425kB
        ->  Seq Scan on title t  (cost=0.00..61283.27 rows=2528527 width=4) (actual time=0.008..1052.600 rows=2528312 loops=1)
Planning time: 0.720 ms
Execution time: 4476.409 ms
