Seq Scan on movie_keyword mk  (cost=0.00..81003.12 rows=948168 width=0) (actual time=0.021..1424.253 rows=962301 loops=1)
  Filter: (keyword_id > 19735)
  Rows Removed by Filter: 3561629
Planning time: 0.352 ms
Execution time: 1546.528 ms
