Hash Join  (cost=124789.35..548979.97 rows=510093 width=0) (actual time=2810.091..13668.424 rows=5180760 loops=1)
  Hash Cond: (mi.movie_id = t.id)
  ->  Seq Scan on movie_info mi  (cost=0.00..346232.03 rows=6231111 width=4) (actual time=0.011..6629.664 rows=6223494 loops=1)
        Filter: (info_type_id > 8)
        Rows Removed by Filter: 8612226
  ->  Hash  (cost=121392.96..121392.96 rows=206991 width=8) (actual time=2809.093..2809.093 rows=476728 loops=1)
        Buckets: 131072 (originally 131072)  Batches: 8 (originally 4)  Memory Usage: 3380kB
        ->  Hash Join  (cost=80148.57..121392.96 rows=206991 width=8) (actual time=1412.498..2668.460 rows=476728 loops=1)
              Hash Cond: (mi_idx.movie_id = t.id)
              ->  Seq Scan on movie_info_idx mi_idx  (cost=0.00..21735.35 rows=1380035 width=4) (actual time=0.013..466.388 rows=1380035 loops=1)
              ->  Hash  (cost=73925.90..73925.90 rows=379253 width=4) (actual time=1411.655..1411.655 rows=461364 loops=1)
                    Buckets: 131072  Batches: 8  Memory Usage: 3063kB
                    ->  Seq Scan on title t  (cost=0.00..73925.90 rows=379253 width=4) (actual time=0.012..1268.927 rows=461364 loops=1)
                          Filter: ((kind_id < 3) AND (production_year < 2004))
                          Rows Removed by Filter: 2066948
Planning time: 1.244 ms
Execution time: 14272.277 ms
