Hash Join  (cost=83072.36..434044.88 rows=3 width=0) (actual time=2882.090..6874.113 rows=6 loops=1)
  Hash Cond: (mi.movie_id = t.id)
  ->  Seq Scan on movie_info mi  (cost=0.00..346232.03 rows=1264125 width=4) (actual time=1228.791..5303.731 rows=1288928 loops=1)
        Filter: (info_type_id = 2)
        Rows Removed by Filter: 13546792
  ->  Hash  (cost=83072.29..83072.29 rows=6 width=8) (actual time=1393.875..1393.875 rows=8 loops=1)
        Buckets: 1024  Batches: 1  Memory Usage: 9kB
        ->  Nested Loop  (cost=0.43..83072.29 rows=6 width=8) (actual time=144.839..1393.809 rows=8 loops=1)
              ->  Seq Scan on movie_keyword mk  (cost=0.00..81003.12 rows=246 width=4) (actual time=6.098..1357.888 rows=754 loops=1)
                    Filter: (keyword_id = 5545)
                    Rows Removed by Filter: 4523176
              ->  Index Scan using title_pkey on title t  (cost=0.43..8.40 rows=1 width=4) (actual time=0.046..0.046 rows=0 loops=754)
                    Index Cond: (id = mk.movie_id)
                    Filter: (production_year > 2012)
                    Rows Removed by Filter: 1
Planning time: 1.235 ms
Execution time: 6874.271 ms
