Seq Scan on cast_info ci  (cost=0.00..705507.15 rows=4634761 width=0) (actual time=928.218..11549.167 rows=4525372 loops=1)
  Filter: (person_id < 437195)
  Rows Removed by Filter: 31718972
Planning time: 0.334 ms
Execution time: 12110.862 ms
