Nested Loop  (cost=32807.94..194001.19 rows=19869 width=0) (actual time=883.360..2283.473 rows=52573 loops=1)
  Join Filter: (mc.movie_id = t.id)
  ->  Hash Join  (cost=32807.51..106826.07 rows=102877 width=8) (actual time=883.295..1557.036 rows=52573 loops=1)
        Hash Cond: (mc.movie_id = mi_idx.movie_id)
        ->  Seq Scan on movie_companies mc  (cost=0.00..51404.11 rows=108141 width=4) (actual time=225.400..668.385 rows=108460 loops=1)
              Filter: (company_id > 152722)
              Rows Removed by Filter: 2500669
        ->  Hash  (cost=25185.44..25185.44 rows=464566 width=4) (actual time=657.060..657.060 rows=459925 loops=1)
              Buckets: 131072  Batches: 8  Memory Usage: 3050kB
              ->  Seq Scan on movie_info_idx mi_idx  (cost=0.00..25185.44 rows=464566 width=4) (actual time=0.021..517.720 rows=459925 loops=1)
                    Filter: (info_type_id = 101)
                    Rows Removed by Filter: 920110
  ->  Index Only Scan using title_pkey on title t  (cost=0.43..0.83 rows=1 width=4) (actual time=0.013..0.013 rows=1 loops=52573)
        Index Cond: (id = mi_idx.movie_id)
        Heap Fetches: 52573
Planning time: 1.061 ms
Execution time: 2293.406 ms
