Seq Scan on movie_companies mc  (cost=0.00..57926.93 rows=4609 width=0) (actual time=157.787..931.209 rows=3656 loops=1)
  Filter: ((company_type_id > 1) AND (company_id = 1451))
  Rows Removed by Filter: 2605473
Planning time: 0.391 ms
Execution time: 931.980 ms
