Seq Scan on movie_keyword mk  (cost=0.00..81003.12 rows=246 width=0) (actual time=2.042..1248.047 rows=1248 loops=1)
  Filter: (keyword_id = 800)
  Rows Removed by Filter: 4522682
Planning time: 0.646 ms
Execution time: 1248.532 ms
