Seq Scan on movie_keyword mk  (cost=0.00..81003.12 rows=4013550 width=0) (actual time=0.028..1559.072 rows=4021896 loops=1)
  Filter: (keyword_id < 36014)
  Rows Removed by Filter: 502034
Planning time: 0.351 ms
Execution time: 2025.118 ms
