Seq Scan on movie_companies mc  (cost=0.00..57926.93 rows=547838 width=0) (actual time=633.233..1015.207 rows=267201 loops=1)
  Filter: ((company_id > 13564) AND (company_type_id = 1))
  Rows Removed by Filter: 2341928
Planning time: 0.912 ms
Execution time: 1049.225 ms
