Seq Scan on movie_keyword mk  (cost=0.00..81003.12 rows=246 width=0) (actual time=3.618..1223.172 rows=444 loops=1)
  Filter: (keyword_id = 6092)
  Rows Removed by Filter: 4523486
Planning time: 0.362 ms
Execution time: 1223.447 ms
