Hash Join  (cost=559996.20..1389210.52 rows=1052727 width=0) (actual time=14394.235..33645.570 rows=5853989 loops=1)
  Hash Cond: (ci.movie_id = t.id)
  ->  Seq Scan on cast_info ci  (cost=0.00..705507.15 rows=7298253 width=4) (actual time=331.533..13837.060 rows=7451973 loops=1)
        Filter: (role_id = 2)
        Rows Removed by Filter: 28792371
  ->  Hash  (cost=554012.15..554012.15 rows=364724 width=8) (actual time=14060.487..14060.487 rows=1657154 loops=1)
        Buckets: 131072 (originally 131072)  Batches: 32 (originally 8)  Memory Usage: 3073kB
        ->  Hash Join  (cost=75288.02..554012.15 rows=364724 width=8) (actual time=1206.214..13531.542 rows=1657154 loops=1)
              Hash Cond: (mi.movie_id = t.id)
              ->  Seq Scan on movie_info mi  (cost=0.00..346232.03 rows=11115165 width=4) (actual time=41.588..7234.108 rows=11210743 loops=1)
                    Filter: (info_type_id > 3)
                    Rows Removed by Filter: 3624977
              ->  Hash  (cost=73925.90..73925.90 rows=82969 width=4) (actual time=1162.932..1162.932 rows=183816 loops=1)
                    Buckets: 131072 (originally 131072)  Batches: 4 (originally 2)  Memory Usage: 3073kB
                    ->  Seq Scan on title t  (cost=0.00..73925.90 rows=82969 width=4) (actual time=0.191..1092.748 rows=183816 loops=1)
                          Filter: ((kind_id < 7) AND (production_year < 1957))
                          Rows Removed by Filter: 2344496
Planning time: 1.402 ms
Execution time: 34298.222 ms
