Hash Join  (cost=102767.86..903687.94 rows=3554642 width=0) (actual time=5858.852..43237.677 rows=3553224 loops=1)
  Hash Cond: (ci.movie_id = t.id)
  ->  Seq Scan on cast_info ci  (cost=0.00..705507.15 rows=3554642 width=4) (actual time=0.024..33084.549 rows=3553224 loops=1)
        Filter: (person_id > 3416911)
        Rows Removed by Filter: 32691120
  ->  Hash  (cost=61283.27..61283.27 rows=2528527 width=4) (actual time=5857.541..5857.541 rows=2528312 loops=1)
        Buckets: 131072  Batches: 64  Memory Usage: 2415kB
        ->  Seq Scan on title t  (cost=0.00..61283.27 rows=2528527 width=4) (actual time=0.009..4095.332 rows=2528312 loops=1)
Planning time: 0.767 ms
Execution time: 43683.963 ms
