Nested Loop  (cost=0.43..58358.39 rows=45 width=0) (actual time=226.982..2200.970 rows=238 loops=1)
  ->  Seq Scan on movie_companies mc  (cost=0.00..57926.93 rows=51 width=4) (actual time=226.916..2142.211 rows=242 loops=1)
        Filter: ((company_id = 451) AND (company_type_id = 1))
        Rows Removed by Filter: 2608887
  ->  Index Scan using title_pkey on title t  (cost=0.43..8.45 rows=1 width=4) (actual time=0.240..0.240 rows=1 loops=242)
        Index Cond: (id = mc.movie_id)
        Filter: (production_year < 2012)
        Rows Removed by Filter: 0
Planning time: 0.601 ms
Execution time: 2201.193 ms
