Hash Join  (cost=88767.14..646571.94 rows=4915819 width=0) (actual time=2615.977..16126.085 rows=2076457 loops=1)
  Hash Cond: (mi.movie_id = t.id)
  ->  Seq Scan on movie_info mi  (cost=0.00..346232.03 rows=13740956 width=4) (actual time=0.023..7295.131 rows=13776257 loops=1)
        Filter: (info_type_id < 77)
        Rows Removed by Filter: 1059463
  ->  Hash  (cost=73925.90..73925.90 rows=904579 width=4) (actual time=1642.338..1642.338 rows=992072 loops=1)
        Buckets: 131072  Batches: 16  Memory Usage: 3217kB
        ->  Seq Scan on title t  (cost=0.00..73925.90 rows=904579 width=4) (actual time=0.020..1323.377 rows=992072 loops=1)
              Filter: ((production_year > 1998) AND (kind_id = 7))
              Rows Removed by Filter: 1536240
Planning time: 0.816 ms
Execution time: 16383.699 ms
