Hash Join  (cost=92883.59..264309.18 rows=2720396 width=0) (actual time=5041.947..13334.198 rows=645461 loops=1)
  Hash Cond: (mk.movie_id = t.id)
  ->  Seq Scan on movie_keyword mk  (cost=0.00..81003.12 rows=4464301 width=4) (actual time=0.027..5443.787 rows=4467493 loops=1)
        Filter: (keyword_id < 96658)
        Rows Removed by Filter: 56437
  ->  Hash  (cost=67604.59..67604.59 rows=1540800 width=4) (actual time=5040.804..5040.804 rows=1543264 loops=1)
        Buckets: 131072  Batches: 32  Memory Usage: 2728kB
        ->  Seq Scan on title t  (cost=0.00..67604.59 rows=1540800 width=4) (actual time=0.011..4336.877 rows=1543264 loops=1)
              Filter: (kind_id = 7)
              Rows Removed by Filter: 985048
Planning time: 1.311 ms
Execution time: 13421.285 ms
