Seq Scan on movie_keyword mk  (cost=0.00..81003.12 rows=92263 width=0) (actual time=459.414..3912.285 rows=90018 loops=1)
  Filter: (keyword_id > 84904)
  Rows Removed by Filter: 4433912
Planning time: 0.882 ms
Execution time: 3927.582 ms
