Hash Join  (cost=102767.86..942354.83 rows=1397895 width=0) (actual time=5649.985..33768.316 rows=596635 loops=1)
  Hash Cond: (ci.movie_id = t.id)
  ->  Seq Scan on cast_info ci  (cost=0.00..796071.18 rows=1397895 width=4) (actual time=193.676..27361.887 rows=596635 loops=1)
        Filter: ((person_id < 205501) AND (role_id > 1))
        Rows Removed by Filter: 35647709
  ->  Hash  (cost=61283.27..61283.27 rows=2528527 width=4) (actual time=5454.311..5454.311 rows=2528312 loops=1)
        Buckets: 131072  Batches: 64  Memory Usage: 2415kB
        ->  Seq Scan on title t  (cost=0.00..61283.27 rows=2528527 width=4) (actual time=0.023..4394.206 rows=2528312 loops=1)
Planning time: 8.824 ms
Execution time: 33844.079 ms
