Hash Join  (cost=80827.88..184707.19 rows=267046 width=0) (actual time=9050.714..10988.844 rows=59130 loops=1)
  Hash Cond: (mk.movie_id = t.id)
  ->  Seq Scan on movie_keyword mk  (cost=0.00..81003.12 rows=1605260 width=4) (actual time=0.015..4922.958 rows=1617187 loops=1)
        Filter: (keyword_id > 9328)
        Rows Removed by Filter: 2906743
  ->  Hash  (cost=73925.90..73925.90 rows=420638 width=4) (actual time=4415.625..4415.625 rows=301535 loops=1)
        Buckets: 131072  Batches: 8  Memory Usage: 2343kB
        ->  Seq Scan on title t  (cost=0.00..73925.90 rows=420638 width=4) (actual time=218.772..4259.798 rows=301535 loops=1)
              Filter: ((production_year < 1990) AND (kind_id = 7))
              Rows Removed by Filter: 2226777
Planning time: 0.776 ms
Execution time: 10997.379 ms
