Seq Scan on movie_keyword mk  (cost=0.00..81003.12 rows=3804096 width=0) (actual time=0.024..3866.139 rows=3806638 loops=1)
  Filter: (keyword_id > 622)
  Rows Removed by Filter: 717292
Planning time: 0.312 ms
Execution time: 4447.640 ms
