Seq Scan on cast_info ci  (cost=0.00..796071.18 rows=324 width=0) (actual time=28687.477..40352.863 rows=1 loops=1)
  Filter: ((role_id > 1) AND (person_id = 3812533))
  Rows Removed by Filter: 36244343
Planning time: 0.442 ms
Execution time: 40352.996 ms
