Hash Join  (cost=73982.55..425257.24 rows=2399 width=0) (actual time=3704.840..6496.305 rows=6008 loops=1)
  Hash Cond: (mi.movie_id = t.id)
  ->  Seq Scan on movie_info mi  (cost=0.00..346232.03 rows=1338312 width=4) (actual time=2551.179..5207.296 rows=1401902 loops=1)
        Filter: (info_type_id = 7)
        Rows Removed by Filter: 13433818
  ->  Hash  (cost=73925.90..73925.90 rows=4532 width=4) (actual time=1153.292..1153.292 rows=8768 loops=1)
        Buckets: 16384 (originally 8192)  Batches: 1 (originally 1)  Memory Usage: 437kB
        ->  Seq Scan on title t  (cost=0.00..73925.90 rows=4532 width=4) (actual time=0.148..1149.126 rows=8768 loops=1)
              Filter: ((kind_id = 7) AND (production_year = 1970))
              Rows Removed by Filter: 2519544
Planning time: 0.818 ms
Execution time: 6497.138 ms
