Seq Scan on movie_keyword mk  (cost=0.00..81003.12 rows=4215872 width=0) (actual time=0.023..4551.869 rows=4192622 loops=1)
  Filter: (keyword_id > 266)
  Rows Removed by Filter: 331308
Planning time: 0.300 ms
Execution time: 5286.550 ms
