Seq Scan on movie_companies mc  (cost=0.00..57926.93 rows=53 width=0) (actual time=1.953..2561.955 rows=75 loops=1)
  Filter: ((company_type_id > 1) AND (company_id = 2510))
  Rows Removed by Filter: 2609054
Planning time: 0.367 ms
Execution time: 2562.086 ms
