Hash Join  (cost=130192.42..481687.93 rows=24481 width=0) (actual time=6041.247..17719.473 rows=29441 loops=1)
  Hash Cond: (mi.movie_id = t.id)
  ->  Seq Scan on movie_info mi  (cost=0.00..346232.03 rows=1338312 width=4) (actual time=1191.353..12839.784 rows=1401902 loops=1)
        Filter: (info_type_id = 7)
        Rows Removed by Filter: 13433818
  ->  Hash  (cost=129614.26..129614.26 rows=46253 width=8) (actual time=4566.825..4566.825 rows=69799 loops=1)
        Buckets: 131072 (originally 65536)  Batches: 1 (originally 1)  Memory Usage: 3751kB
        ->  Hash Join  (cost=74486.21..129614.26 rows=46253 width=8) (actual time=2428.246..4539.116 rows=69799 loops=1)
              Hash Cond: (mc.movie_id = t.id)
              ->  Seq Scan on movie_companies mc  (cost=0.00..44881.29 rows=2609129 width=4) (actual time=0.025..1341.580 rows=2609129 loops=1)
              ->  Hash  (cost=73925.90..73925.90 rows=44824 width=4) (actual time=2427.866..2427.866 rows=30839 loops=1)
                    Buckets: 65536  Batches: 1  Memory Usage: 1597kB
                    ->  Seq Scan on title t  (cost=0.00..73925.90 rows=44824 width=4) (actual time=0.026..2414.679 rows=30839 loops=1)
                          Filter: ((production_year > 2004) AND (kind_id = 3))
                          Rows Removed by Filter: 2497473
Planning time: 5.598 ms
Execution time: 17723.877 ms
