Hash Join  (cost=100246.31..155079.59 rows=16776 width=0) (actual time=5007.104..7556.995 rows=109950 loops=1)
  Hash Cond: (mc.movie_id = t.id)
  ->  Seq Scan on movie_companies mc  (cost=0.00..44881.29 rows=2609129 width=4) (actual time=0.047..1913.584 rows=2609129 loops=1)
  ->  Hash  (cost=100043.08..100043.08 rows=16258 width=8) (actual time=4833.082..4833.082 rows=37686 loops=1)
        Buckets: 65536 (originally 16384)  Batches: 1 (originally 1)  Memory Usage: 1985kB
        ->  Hash Join  (cost=69090.10..100043.08 rows=16258 width=8) (actual time=3372.100..4817.035 rows=37686 loops=1)
              Hash Cond: (mi_idx.movie_id = t.id)
              ->  Seq Scan on movie_info_idx mi_idx  (cost=0.00..25185.44 rows=454124 width=4) (actual time=0.022..1213.526 rows=459925 loops=1)
                    Filter: (info_type_id = 100)
                    Rows Removed by Filter: 920110
              ->  Hash  (cost=67604.59..67604.59 rows=90521 width=4) (actual time=3371.291..3371.291 rows=90852 loops=1)
                    Buckets: 131072  Batches: 2  Memory Usage: 2626kB
                    ->  Seq Scan on title t  (cost=0.00..67604.59 rows=90521 width=4) (actual time=0.038..3332.561 rows=90852 loops=1)
                          Filter: (kind_id = 2)
                          Rows Removed by Filter: 2437460
Planning time: 1.138 ms
Execution time: 7572.527 ms
