Seq Scan on movie_companies mc  (cost=0.00..51404.11 rows=687841 width=0) (actual time=0.018..2059.240 rows=680860 loops=1)
  Filter: (company_id < 1153)
  Rows Removed by Filter: 1928269
Planning time: 0.322 ms
Execution time: 2160.834 ms
