Hash Join  (cost=134295.17..248071.26 rows=220204 width=0) (actual time=9865.953..12832.202 rows=186554 loops=1)
  Hash Cond: (mk.movie_id = t.id)
  ->  Seq Scan on movie_keyword mk  (cost=0.00..81003.12 rows=2570646 width=4) (actual time=0.023..4674.431 rows=2560171 loops=1)
        Filter: (keyword_id > 3430)
        Rows Removed by Filter: 1963759
  ->  Hash  (cost=130740.72..130740.72 rows=216596 width=8) (actual time=6963.168..6963.168 rows=117694 loops=1)
        Buckets: 131072  Batches: 4  Memory Usage: 2177kB
        ->  Hash Join  (cost=93417.65..130740.72 rows=216596 width=8) (actual time=5627.926..6926.440 rows=117694 loops=1)
              Hash Cond: (mi_idx.movie_id = t.id)
              ->  Seq Scan on movie_info_idx mi_idx  (cost=0.00..25185.44 rows=460978 width=4) (actual time=0.018..1278.198 rows=459925 loops=1)
                    Filter: (info_type_id = 99)
                    Rows Removed by Filter: 920110
              ->  Hash  (cost=73925.90..73925.90 rows=1188060 width=4) (actual time=5126.031..5126.031 rows=1276679 loops=1)
                    Buckets: 131072  Batches: 16  Memory Usage: 3840kB
                    ->  Seq Scan on title t  (cost=0.00..73925.90 rows=1188060 width=4) (actual time=0.036..4267.535 rows=1276679 loops=1)
                          Filter: ((production_year > 1979) AND (kind_id = 7))
                          Rows Removed by Filter: 1251633
Planning time: 10.669 ms
Execution time: 12863.776 ms
