Seq Scan on cast_info ci  (cost=0.00..705507.15 rows=24411051 width=0) (actual time=0.016..37285.464 rows=24350994 loops=1)
  Filter: (person_id < 2501137)
  Rows Removed by Filter: 11893350
Planning time: 0.357 ms
Execution time: 41466.350 ms
