Hash Join  (cost=130822.74..200366.99 rows=158709 width=0) (actual time=6878.403..10895.447 rows=175305 loops=1)
  Hash Cond: (mc.movie_id = t.id)
  ->  Seq Scan on movie_companies mc  (cost=0.00..51404.11 rows=1329612 width=4) (actual time=0.021..3094.679 rows=1334883 loops=1)
        Filter: (company_type_id > 1)
        Rows Removed by Filter: 1274246
  ->  Hash  (cost=125871.02..125871.02 rows=301818 width=8) (actual time=6877.519..6877.519 rows=152499 loops=1)
        Buckets: 131072  Batches: 4  Memory Usage: 2498kB
        ->  Hash Join  (cost=82999.35..125871.02 rows=301818 width=8) (actual time=4370.488..6829.357 rows=152499 loops=1)
              Hash Cond: (mi_idx.movie_id = t.id)
              ->  Seq Scan on movie_info_idx mi_idx  (cost=0.00..21735.35 rows=1380035 width=4) (actual time=0.027..1650.655 rows=1380035 loops=1)
              ->  Hash  (cost=73925.90..73925.90 rows=552996 width=4) (actual time=4369.600..4369.600 rows=576764 loops=1)
                    Buckets: 131072  Batches: 8  Memory Usage: 3554kB
                    ->  Seq Scan on title t  (cost=0.00..73925.90 rows=552996 width=4) (actual time=0.016..4136.672 rows=576764 loops=1)
                          Filter: ((kind_id > 2) AND (production_year > 2007))
                          Rows Removed by Filter: 1951548
Planning time: 1.160 ms
Execution time: 10922.221 ms
