Seq Scan on title t  (cost=0.00..67604.59 rows=2124131 width=0) (actual time=0.012..4107.170 rows=2118372 loops=1)
  Filter: (production_year > 1967)
  Rows Removed by Filter: 409940
Planning time: 0.279 ms
Execution time: 4455.857 ms
