Hash Join  (cost=58358.73..85269.36 rows=15 width=0) (actual time=2691.107..3934.468 rows=444 loops=1)
  Hash Cond: (mi_idx.movie_id = t.id)
  ->  Seq Scan on movie_info_idx mi_idx  (cost=0.00..21735.35 rows=1380035 width=4) (actual time=0.017..1108.387 rows=1380035 loops=1)
  ->  Hash  (cost=58358.39..58358.39 rows=27 width=8) (actual time=2500.687..2500.687 rows=148 loops=1)
        Buckets: 1024  Batches: 1  Memory Usage: 14kB
        ->  Nested Loop  (cost=0.43..58358.39 rows=27 width=8) (actual time=4.588..2500.535 rows=148 loops=1)
              ->  Seq Scan on movie_companies mc  (cost=0.00..57926.93 rows=51 width=4) (actual time=4.513..2487.070 rows=149 loops=1)
                    Filter: ((company_id = 17704) AND (company_type_id = 1))
                    Rows Removed by Filter: 2608980
              ->  Index Scan using title_pkey on title t  (cost=0.43..8.45 rows=1 width=4) (actual time=0.087..0.088 rows=1 loops=149)
                    Index Cond: (id = mc.movie_id)
                    Filter: (production_year < 2005)
                    Rows Removed by Filter: 0
Planning time: 1.064 ms
Execution time: 3934.714 ms
