Hash Join  (cost=71214.36..951312.92 rows=581985 width=0) (actual time=3229.107..33023.280 rows=175818 loops=1)
  Hash Cond: (ci.movie_id = t.id)
  ->  Seq Scan on cast_info ci  (cost=0.00..796071.18 rows=6689474 width=4) (actual time=467.665..28551.318 rows=2826577 loops=1)
        Filter: ((person_id < 2644694) AND (role_id > 4))
        Rows Removed by Filter: 33417767
  ->  Hash  (cost=67604.59..67604.59 rows=219982 width=4) (actual time=2760.526..2760.526 rows=221115 loops=1)
        Buckets: 131072  Batches: 4  Memory Usage: 2967kB
        ->  Seq Scan on title t  (cost=0.00..67604.59 rows=219982 width=4) (actual time=0.035..2683.997 rows=221115 loops=1)
              Filter: (production_year < 1958)
              Rows Removed by Filter: 2307197
Planning time: 0.814 ms
Execution time: 33046.938 ms
