Seq Scan on title t  (cost=0.00..73925.90 rows=4569 width=0) (actual time=0.236..3218.883 rows=8491 loops=1)
  Filter: ((kind_id > 4) AND (production_year = 1969))
  Rows Removed by Filter: 2519821
Planning time: 0.375 ms
Execution time: 3220.968 ms
