Hash Join  (cost=175027.18..1197227.78 rows=5322441 width=0) (actual time=12643.447..77021.487 rows=14456135 loops=1)
  Hash Cond: (ci.movie_id = t.id)
  ->  Seq Scan on cast_info ci  (cost=0.00..796071.18 rows=14643201 width=4) (actual time=3969.426..49114.233 rows=19797263 loops=1)
        Filter: ((person_id > 1340936) AND (role_id > 1))
        Rows Removed by Filter: 16447081
  ->  Hash  (cost=159947.97..159947.97 rows=919057 width=8) (actual time=8673.114..8673.114 rows=920110 loops=1)
        Buckets: 131072  Batches: 16  Memory Usage: 3269kB
        ->  Hash Join  (cost=102767.86..159947.97 rows=919057 width=8) (actual time=5508.607..8413.364 rows=920110 loops=1)
              Hash Cond: (mi_idx.movie_id = t.id)
              ->  Seq Scan on movie_info_idx mi_idx  (cost=0.00..25185.44 rows=919057 width=4) (actual time=0.032..1665.845 rows=920110 loops=1)
                    Filter: (info_type_id > 99)
                    Rows Removed by Filter: 459925
              ->  Hash  (cost=61283.27..61283.27 rows=2528527 width=4) (actual time=5506.896..5506.896 rows=2528312 loops=1)
                    Buckets: 131072  Batches: 64  Memory Usage: 2415kB
                    ->  Seq Scan on title t  (cost=0.00..61283.27 rows=2528527 width=4) (actual time=0.017..4339.761 rows=2528312 loops=1)
Planning time: 4.414 ms
Execution time: 78923.087 ms
