Nested Loop  (cost=0.43..141374.58 rows=9048 width=0) (actual time=0.089..4132.120 rows=9942 loops=1)
  ->  Seq Scan on movie_keyword mk  (cost=0.00..81003.12 rows=9048 width=4) (actual time=0.026..2918.907 rows=9942 loops=1)
        Filter: (keyword_id = 56)
        Rows Removed by Filter: 4513988
  ->  Index Only Scan using title_pkey on title t  (cost=0.43..6.66 rows=1 width=4) (actual time=0.121..0.121 rows=1 loops=9942)
        Index Cond: (id = mk.movie_id)
        Heap Fetches: 9942
Planning time: 0.685 ms
Execution time: 4136.030 ms
