Seq Scan on movie_companies mc  (cost=0.00..51404.11 rows=104 width=0) (actual time=481.672..2694.662 rows=13 loops=1)
  Filter: (company_id = 56056)
  Rows Removed by Filter: 2609116
Planning time: 0.344 ms
Execution time: 2694.742 ms
