Hash Join  (cost=141756.49..229382.43 rows=96790 width=0) (actual time=7825.212..13377.211 rows=1414576 loops=1)
  Hash Cond: (mk.movie_id = t.id)
  ->  Seq Scan on movie_keyword mk  (cost=0.00..69693.30 rows=4523930 width=4) (actual time=0.018..3882.072 rows=4523930 loops=1)
  ->  Hash  (cost=141080.27..141080.27 rows=54098 width=8) (actual time=7824.773..7824.773 rows=54902 loops=1)
        Buckets: 65536  Batches: 1  Memory Usage: 2657kB
        ->  Hash Join  (cost=69694.50..141080.27 rows=54098 width=8) (actual time=3595.329..7803.725 rows=54902 loops=1)
              Hash Cond: (mc.movie_id = t.id)
              ->  Seq Scan on movie_companies mc  (cost=0.00..57926.93 rows=1074094 width=4) (actual time=0.025..3532.518 rows=1274246 loops=1)
                    Filter: ((company_id < 79859) AND (company_type_id = 1))
                    Rows Removed by Filter: 1334883
              ->  Hash  (cost=67604.59..67604.59 rows=127353 width=4) (actual time=3592.334..3592.334 rows=128696 loops=1)
                    Buckets: 131072  Batches: 2  Memory Usage: 3284kB
                    ->  Seq Scan on title t  (cost=0.00..67604.59 rows=127353 width=4) (actual time=0.034..3508.128 rows=128696 loops=1)
                          Filter: (production_year = 2009)
                          Rows Removed by Filter: 2399616
Planning time: 1.092 ms
Execution time: 13644.261 ms
