Seq Scan on cast_info ci  (cost=0.00..796071.18 rows=280054 width=0) (actual time=14439.185..30869.744 rows=268307 loops=1)
  Filter: ((person_id < 558137) AND (role_id = 8))
  Rows Removed by Filter: 35976037
Planning time: 0.452 ms
Execution time: 30917.962 ms
