Hash Join  (cost=83075.02..447743.72 rows=1278 width=0) (actual time=3829.343..24246.713 rows=40171 loops=1)
  Hash Cond: (mi.movie_id = t.id)
  ->  Seq Scan on movie_info mi  (cost=0.00..309384.22 rows=14739122 width=4) (actual time=0.025..17004.633 rows=14835720 loops=1)
  ->  Hash  (cost=83072.29..83072.29 rows=219 width=8) (actual time=3808.757..3808.757 rows=600 loops=1)
        Buckets: 1024  Batches: 1  Memory Usage: 32kB
        ->  Nested Loop  (cost=0.43..83072.29 rows=219 width=8) (actual time=2.605..3807.993 rows=600 loops=1)
              ->  Seq Scan on movie_keyword mk  (cost=0.00..81003.12 rows=246 width=4) (actual time=2.549..3587.836 rows=824 loops=1)
                    Filter: (keyword_id = 6435)
                    Rows Removed by Filter: 4523106
              ->  Index Scan using title_pkey on title t  (cost=0.43..8.40 rows=1 width=4) (actual time=0.264..0.265 rows=1 loops=824)
                    Index Cond: (id = mk.movie_id)
                    Filter: (production_year > 1956)
                    Rows Removed by Filter: 0
Planning time: 1.077 ms
Execution time: 24257.258 ms
