Hash Join  (cost=109089.29..868973.23 rows=909484 width=0) (actual time=5556.376..54939.064 rows=364977 loops=1)
  Hash Cond: (ci.movie_id = t.id)
  ->  Seq Scan on cast_info ci  (cost=0.00..614943.12 rows=36225612 width=4) (actual time=0.012..36110.551 rows=36244344 loops=1)
  ->  Hash  (cost=108295.78..108295.78 rows=63481 width=8) (actual time=5554.315..5554.315 rows=30962 loops=1)
        Buckets: 65536  Batches: 1  Memory Usage: 1722kB
        ->  Hash Join  (cost=69513.49..108295.78 rows=63481 width=8) (actual time=3199.422..5542.854 rows=30962 loops=1)
              Hash Cond: (mi_idx.movie_id = t.id)
              ->  Seq Scan on movie_info_idx mi_idx  (cost=0.00..21735.35 rows=1380035 width=4) (actual time=0.020..1663.673 rows=1380035 loops=1)
              ->  Hash  (cost=67604.59..67604.59 rows=116312 width=4) (actual time=3197.556..3197.556 rows=120365 loops=1)
                    Buckets: 131072  Batches: 2  Memory Usage: 3135kB
                    ->  Seq Scan on title t  (cost=0.00..67604.59 rows=116312 width=4) (actual time=491.231..3144.245 rows=120365 loops=1)
                          Filter: (production_year < 1932)
                          Rows Removed by Filter: 2407947
Planning time: 1.048 ms
Execution time: 54999.104 ms
