Hash Join  (cost=101707.31..274673.98 rows=3718972 width=0) (actual time=6805.243..16119.945 rows=3529097 loops=1)
  Hash Cond: (mk.movie_id = t.id)
  ->  Seq Scan on movie_keyword mk  (cost=0.00..69693.30 rows=4523930 width=4) (actual time=0.013..4931.560 rows=4523930 loops=1)
  ->  Hash  (cost=67604.59..67604.59 rows=2078618 width=4) (actual time=6804.240..6804.240 rows=2074788 loops=1)
        Buckets: 131072  Batches: 32  Memory Usage: 3318kB
        ->  Seq Scan on title t  (cost=0.00..67604.59 rows=2078618 width=4) (actual time=0.023..5192.013 rows=2074788 loops=1)
              Filter: (production_year > 1970)
              Rows Removed by Filter: 453524
Planning time: 3.047 ms
Execution time: 16566.766 ms
