Seq Scan on movie_keyword mk  (cost=0.00..81003.12 rows=246 width=0) (actual time=9.672..2838.477 rows=365 loops=1)
  Filter: (keyword_id = 3580)
  Rows Removed by Filter: 4523565
Planning time: 0.346 ms
Execution time: 2838.859 ms
