Hash Join  (cost=838190.69..1614647.95 rows=3997916 width=0) (actual time=59903.735..96769.121 rows=10837761 loops=1)
  Hash Cond: (mi.movie_id = t.id)
  ->  Seq Scan on movie_info mi  (cost=0.00..346232.03 rows=13929354 width=4) (actual time=0.016..24385.758 rows=14033580 loops=1)
        Filter: (info_type_id > 1)
        Rows Removed by Filter: 802140
  ->  Hash  (cost=826284.16..826284.16 rows=725722 width=8) (actual time=59901.206..59901.206 rows=703445 loops=1)
        Buckets: 131072  Batches: 16  Memory Usage: 2773kB
        ->  Hash Join  (cost=68237.77..826284.16 rows=725722 width=8) (actual time=3268.726..58923.333 rows=703445 loops=1)
              Hash Cond: (ci.movie_id = t.id)
              ->  Seq Scan on cast_info ci  (cost=0.00..614943.12 rows=36225612 width=4) (actual time=0.011..39666.811 rows=36244344 loops=1)
              ->  Hash  (cost=67604.59..67604.59 rows=50655 width=4) (actual time=3268.343..3268.343 rows=50564 loops=1)
                    Buckets: 65536  Batches: 1  Memory Usage: 2290kB
                    ->  Seq Scan on title t  (cost=0.00..67604.59 rows=50655 width=4) (actual time=0.019..3244.460 rows=50564 loops=1)
                          Filter: (production_year = 1999)
                          Rows Removed by Filter: 2477748
Planning time: 1.429 ms
Execution time: 98271.608 ms
