Seq Scan on cast_info ci  (cost=0.00..796071.18 rows=176 width=0) (actual time=11291.492..26507.278 rows=1 loops=1)
  Filter: ((person_id = 406987) AND (role_id = 1))
  Rows Removed by Filter: 36244343
Planning time: 0.408 ms
Execution time: 26507.402 ms
