Hash Join  (cost=102767.86..195148.12 rows=1021251 width=0) (actual time=6470.709..10126.006 rows=1165502 loops=1)
  Hash Cond: (mc.movie_id = t.id)
  ->  Seq Scan on movie_companies mc  (cost=0.00..57926.93 rows=1021251 width=4) (actual time=823.732..3000.669 rows=1165502 loops=1)
        Filter: ((company_id > 687) AND (company_type_id = 2))
        Rows Removed by Filter: 1443627
  ->  Hash  (cost=61283.27..61283.27 rows=2528527 width=4) (actual time=5645.650..5645.650 rows=2528312 loops=1)
        Buckets: 131072  Batches: 64  Memory Usage: 2415kB
        ->  Seq Scan on title t  (cost=0.00..61283.27 rows=2528527 width=4) (actual time=0.023..4273.541 rows=2528312 loops=1)
Planning time: 0.684 ms
Execution time: 10289.466 ms
