Hash Join  (cost=75317.21..199167.44 rows=151620 width=0) (actual time=6209.885..9229.383 rows=4 loops=1)
  Hash Cond: (mk.movie_id = t.id)
  ->  Seq Scan on movie_keyword mk  (cost=0.00..69693.30 rows=4523930 width=4) (actual time=0.014..4261.246 rows=4523930 loops=1)
  ->  Hash  (cost=73925.90..73925.90 rows=84744 width=4) (actual time=3167.537..3167.537 rows=33 loops=1)
        Buckets: 131072  Batches: 2  Memory Usage: 1031kB
        ->  Seq Scan on title t  (cost=0.00..73925.90 rows=84744 width=4) (actual time=817.357..3167.410 rows=33 loops=1)
              Filter: ((production_year < 1940) AND (kind_id = 7))
              Rows Removed by Filter: 2528279
Planning time: 11.520 ms
Execution time: 9229.462 ms
