Seq Scan on movie_companies mc  (cost=0.00..57926.93 rows=51 width=40) (actual time=133.696..983.962 rows=6 loops=1)
  Filter: ((company_id = 7777) AND (company_type_id = 1))
  Rows Removed by Filter: 2609123
Planning time: 0.515 ms
Execution time: 983.998 ms
