Hash Join  (cost=246286.38..817578.99 rows=6847379 width=0) (actual time=13936.432..86579.357 rows=161036636 loops=1)
  Hash Cond: (mi.movie_id = t.id)
  ->  Seq Scan on movie_info mi  (cost=0.00..309384.22 rows=14739122 width=4) (actual time=0.013..19215.612 rows=14835720 loops=1)
  ->  Hash  (cost=227013.86..227013.86 rows=1174682 width=8) (actual time=13934.669..13934.669 rows=2308993 loops=1)
        Buckets: 131072 (originally 131072)  Batches: 32 (originally 16)  Memory Usage: 3849kB
        ->  Hash Join  (cost=86519.03..227013.86 rows=1174682 width=8) (actual time=4272.811..13110.207 rows=2308993 loops=1)
              Hash Cond: (mk.movie_id = t.id)
              ->  Seq Scan on movie_keyword mk  (cost=0.00..81003.12 rows=3869836 width=4) (actual time=0.013..5072.484 rows=3868656 loops=1)
                    Filter: (keyword_id > 502)
                    Rows Removed by Filter: 655274
              ->  Hash  (cost=73925.90..73925.90 rows=767530 width=4) (actual time=4271.853..4271.853 rows=677132 loops=1)
                    Buckets: 131072  Batches: 16  Memory Usage: 2520kB
                    ->  Seq Scan on title t  (cost=0.00..73925.90 rows=767530 width=4) (actual time=0.024..3974.867 rows=677132 loops=1)
                          Filter: ((kind_id < 7) AND (production_year > 1978))
                          Rows Removed by Filter: 1851180
Planning time: 1.195 ms
Execution time: 108128.605 ms
