Hash Join  (cost=100856.36..155522.21 rows=33 width=0) (actual time=3420.551..5479.554 rows=3 loops=1)
  Hash Cond: (mc.movie_id = t.id)
  ->  Seq Scan on movie_companies mc  (cost=0.00..44881.29 rows=2609129 width=4) (actual time=0.019..1785.155 rows=2609129 loops=1)
  ->  Hash  (cost=100855.96..100855.96 rows=32 width=8) (actual time=3181.756..3181.756 rows=1 loops=1)
        Buckets: 1024  Batches: 1  Memory Usage: 9kB
        ->  Hash Join  (cost=73928.08..100855.96 rows=32 width=8) (actual time=2824.030..3181.716 rows=1 loops=1)
              Hash Cond: (mi_idx.movie_id = t.id)
              ->  Seq Scan on movie_info_idx mi_idx  (cost=0.00..25185.44 rows=464566 width=4) (actual time=0.022..1077.638 rows=459925 loops=1)
                    Filter: (info_type_id = 101)
                    Rows Removed by Filter: 920110
              ->  Hash  (cost=73925.90..73925.90 rows=174 width=4) (actual time=2003.214..2003.214 rows=3217 loops=1)
                    Buckets: 4096 (originally 1024)  Batches: 1 (originally 1)  Memory Usage: 146kB
                    ->  Seq Scan on title t  (cost=0.00..73925.90 rows=174 width=4) (actual time=75.264..2001.442 rows=3217 loops=1)
                          Filter: ((production_year > 2013) AND (kind_id = 1))
                          Rows Removed by Filter: 2525095
Planning time: 2.510 ms
Execution time: 5479.677 ms
