Seq Scan on movie_keyword mk  (cost=0.00..81003.12 rows=1833468 width=0) (actual time=0.016..1401.231 rows=1839483 loops=1)
  Filter: (keyword_id > 7569)
  Rows Removed by Filter: 2684447
Planning time: 0.291 ms
Execution time: 1622.445 ms
