Seq Scan on movie_keyword mk  (cost=0.00..81003.12 rows=246 width=0) (actual time=2.248..3606.092 rows=1679 loops=1)
  Filter: (keyword_id = 42)
  Rows Removed by Filter: 4522251
Planning time: 3.669 ms
Execution time: 3606.873 ms
