Hash Join  (cost=237691.55..1218236.15 rows=4585014 width=0) (actual time=30022.661..74025.336 rows=39568548 loops=1)
  Hash Cond: (ci.movie_id = t.id)
  ->  Seq Scan on cast_info ci  (cost=0.00..796071.18 rows=10482056 width=4) (actual time=15823.979..43433.307 rows=8137785 loops=1)
        Filter: ((person_id > 606980) AND (role_id = 1))
        Rows Removed by Filter: 28106559
  ->  Hash  (cost=219545.34..219545.34 rows=1106017 width=8) (actual time=14197.006..14197.006 rows=2729314 loops=1)
        Buckets: 131072 (originally 131072)  Batches: 64 (originally 16)  Memory Usage: 3073kB
        ->  Hash Join  (cost=84068.13..219545.34 rows=1106017 width=8) (actual time=3932.242..13283.833 rows=2729314 loops=1)
              Hash Cond: (mk.movie_id = t.id)
              ->  Seq Scan on movie_keyword mk  (cost=0.00..69693.30 rows=4523930 width=4) (actual time=0.020..5339.775 rows=4523930 loops=1)
              ->  Hash  (cost=73925.90..73925.90 rows=618178 width=4) (actual time=3931.440..3931.440 rows=533388 loops=1)
                    Buckets: 131072  Batches: 16  Memory Usage: 2204kB
                    ->  Seq Scan on title t  (cost=0.00..73925.90 rows=618178 width=4) (actual time=0.022..3697.786 rows=533388 loops=1)
                          Filter: ((kind_id < 2) AND (production_year > 1932))
                          Rows Removed by Filter: 1994924
Planning time: 1.131 ms
Execution time: 78851.324 ms
