Hash Join  (cost=73983.02..455922.45 rows=17124 width=0) (actual time=4625.260..23100.641 rows=17270 loops=1)
  Hash Cond: (mi.movie_id = t.id)
  ->  Seq Scan on movie_info mi  (cost=0.00..346232.03 rows=9476311 width=4) (actual time=870.189..16964.166 rows=9565151 loops=1)
        Filter: (info_type_id < 16)
        Rows Removed by Filter: 5270569
  ->  Hash  (cost=73925.90..73925.90 rows=4569 width=4) (actual time=3712.791..3712.791 rows=8241 loops=1)
        Buckets: 16384 (originally 8192)  Batches: 1 (originally 1)  Memory Usage: 418kB
        ->  Seq Scan on title t  (cost=0.00..73925.90 rows=4569 width=4) (actual time=0.128..3707.808 rows=8241 loops=1)
              Filter: ((kind_id > 4) AND (production_year = 1978))
              Rows Removed by Filter: 2520071
Planning time: 0.755 ms
Execution time: 23103.773 ms
