Hash Join  (cost=176735.81..208124.54 rows=27762 width=0) (actual time=6432.335..7692.285 rows=31877 loops=1)
  Hash Cond: (mi_idx.movie_id = t.id)
  ->  Seq Scan on movie_info_idx mi_idx  (cost=0.00..25185.44 rows=460978 width=4) (actual time=0.023..1053.988 rows=459925 loops=1)
        Filter: (info_type_id = 99)
        Rows Removed by Filter: 920110
  ->  Hash  (cost=174237.33..174237.33 rows=152279 width=8) (actual time=6431.539..6431.539 rows=68493 loops=1)
        Buckets: 131072  Batches: 2  Memory Usage: 2364kB
        ->  Hash Join  (cost=102767.86..174237.33 rows=152279 width=8) (actual time=4205.393..6405.239 rows=68493 loops=1)
              Hash Cond: (mc.movie_id = t.id)
              ->  Seq Scan on movie_companies mc  (cost=0.00..57926.93 rows=152279 width=4) (actual time=0.043..1706.650 rows=68493 loops=1)
                    Filter: ((company_id < 160) AND (company_type_id > 1))
                    Rows Removed by Filter: 2540636
              ->  Hash  (cost=61283.27..61283.27 rows=2528527 width=4) (actual time=4204.077..4204.077 rows=2528312 loops=1)
                    Buckets: 131072  Batches: 64  Memory Usage: 2415kB
                    ->  Seq Scan on title t  (cost=0.00..61283.27 rows=2528527 width=4) (actual time=0.014..3198.743 rows=2528312 loops=1)
Planning time: 9.945 ms
Execution time: 7697.239 ms
