Seq Scan on cast_info ci  (cost=0.00..796071.18 rows=7160970 width=0) (actual time=12037.907..39630.588 rows=12670688 loops=1)
  Filter: ((person_id < 2038699) AND (role_id = 1))
  Rows Removed by Filter: 23573656
Planning time: 0.423 ms
Execution time: 41764.312 ms
