Seq Scan on movie_keyword mk  (cost=0.00..81003.12 rows=3726462 width=0) (actual time=0.013..4098.206 rows=3726076 loops=1)
  Filter: (keyword_id > 768)
  Rows Removed by Filter: 797854
Planning time: 12.970 ms
Execution time: 4784.929 ms
