Seq Scan on movie_keyword mk  (cost=0.00..81003.12 rows=2463953 width=0) (actual time=0.013..4325.760 rows=2445577 loops=1)
  Filter: (keyword_id > 3673)
  Rows Removed by Filter: 2078353
Planning time: 2.221 ms
Execution time: 4748.875 ms
