Seq Scan on movie_companies mc  (cost=0.00..57926.93 rows=1152 width=0) (actual time=262.938..2684.612 rows=22 loops=1)
  Filter: ((company_id = 1461) AND (company_type_id = 2))
  Rows Removed by Filter: 2609107
Planning time: 0.411 ms
Execution time: 2684.701 ms
