Hash Join  (cost=102767.86..176836.23 rows=260273 width=0) (actual time=2102.359..3476.752 rows=136731 loops=1)
  Hash Cond: (mc.movie_id = t.id)
  ->  Seq Scan on movie_companies mc  (cost=0.00..57926.93 rows=260273 width=4) (actual time=38.553..886.880 rows=136731 loops=1)
        Filter: ((company_id < 467) AND (company_type_id > 1))
        Rows Removed by Filter: 2472398
  ->  Hash  (cost=61283.27..61283.27 rows=2528527 width=4) (actual time=2062.442..2062.442 rows=2528312 loops=1)
        Buckets: 131072  Batches: 64  Memory Usage: 2415kB
        ->  Seq Scan on title t  (cost=0.00..61283.27 rows=2528527 width=4) (actual time=0.026..1189.295 rows=2528312 loops=1)
Planning time: 0.728 ms
Execution time: 3493.408 ms
