Nested Loop  (cost=0.43..796747.78 rows=80 width=0) (actual time=8172.791..37360.183 rows=338 loops=1)
  ->  Seq Scan on cast_info ci  (cost=0.00..796071.18 rows=80 width=4) (actual time=8172.638..37338.846 rows=338 loops=1)
        Filter: ((role_id > 8) AND (person_id = 2709204))
        Rows Removed by Filter: 36244006
  ->  Index Only Scan using title_pkey on title t  (cost=0.43..8.45 rows=1 width=4) (actual time=0.062..0.062 rows=1 loops=338)
        Index Cond: (id = ci.movie_id)
        Heap Fetches: 338
Planning time: 0.756 ms
Execution time: 37360.355 ms
