Seq Scan on movie_companies mc  (cost=0.00..51404.11 rows=2235362 width=0) (actual time=0.025..2044.711 rows=2235489 loops=1)
  Filter: (company_id > 212)
  Rows Removed by Filter: 373640
Planning time: 0.332 ms
Execution time: 2356.491 ms
