Hash Join  (cost=263115.61..1631190.41 rows=27610125 width=0) (actual time=12552.864..94351.923 rows=56708124 loops=1)
  Hash Cond: (ci.movie_id = t.id)
  ->  Seq Scan on cast_info ci  (cost=0.00..705507.15 rows=26757185 width=4) (actual time=0.063..45037.929 rows=26783837 loops=1)
        Filter: (person_id < 2759708)
        Rows Removed by Filter: 9460507
  ->  Hash  (cost=220309.49..220309.49 rows=2609129 width=8) (actual time=12551.688..12551.688 rows=2609129 loops=1)
        Buckets: 131072  Batches: 64  Memory Usage: 2610kB
        ->  Hash Join  (cost=102767.86..220309.49 rows=2609129 width=8) (actual time=5417.259..11782.349 rows=2609129 loops=1)
              Hash Cond: (mc.movie_id = t.id)
              ->  Seq Scan on movie_companies mc  (cost=0.00..44881.29 rows=2609129 width=4) (actual time=0.026..3421.055 rows=2609129 loops=1)
              ->  Hash  (cost=61283.27..61283.27 rows=2528527 width=4) (actual time=5416.460..5416.460 rows=2528312 loops=1)
                    Buckets: 131072  Batches: 64  Memory Usage: 2415kB
                    ->  Seq Scan on title t  (cost=0.00..61283.27 rows=2528527 width=4) (actual time=0.020..4350.905 rows=2528312 loops=1)
Planning time: 2.640 ms
Execution time: 101287.198 ms
