Hash Join  (cost=74710.74..157435.33 rows=10691 width=0) (actual time=2531.389..5225.655 rows=12031 loops=1)
  Hash Cond: (mk.movie_id = t.id)
  ->  Seq Scan on movie_keyword mk  (cost=0.00..81003.12 rows=430547 width=4) (actual time=0.018..2597.291 rows=425394 loops=1)
        Filter: (keyword_id > 41089)
        Rows Removed by Filter: 4098536
  ->  Hash  (cost=73925.90..73925.90 rows=62787 width=4) (actual time=2530.867..2530.867 rows=53770 loops=1)
        Buckets: 65536  Batches: 1  Memory Usage: 2403kB
        ->  Seq Scan on title t  (cost=0.00..73925.90 rows=62787 width=4) (actual time=0.078..2505.575 rows=53770 loops=1)
              Filter: ((kind_id < 7) AND (production_year = 2011))
              Rows Removed by Filter: 2474542
Planning time: 0.890 ms
Execution time: 5227.982 ms
