Seq Scan on cast_info ci  (cost=0.00..796071.18 rows=758742 width=0) (actual time=6486.613..34889.394 rows=920 loops=1)
  Filter: ((person_id < 349830) AND (role_id = 2))
  Rows Removed by Filter: 36243424
Planning time: 0.440 ms
Execution time: 34889.655 ms
