Hash Join  (cost=924595.15..1059667.13 rows=1072694 width=0) (actual time=44757.372..50312.906 rows=1340333 loops=1)
  Hash Cond: (mk.movie_id = t.id)
  ->  Seq Scan on movie_keyword mk  (cost=0.00..69693.30 rows=4523930 width=4) (actual time=0.013..4674.636 rows=4523930 loops=1)
  ->  Hash  (cost=914757.74..914757.74 rows=599553 width=8) (actual time=42483.751..42483.751 rows=821179 loops=1)
        Buckets: 131072 (originally 131072)  Batches: 16 (originally 8)  Memory Usage: 3073kB
        ->  Hash Join  (cost=93155.63..914757.74 rows=599553 width=8) (actual time=14018.507..42187.908 rows=821179 loops=1)
              Hash Cond: (ci.movie_id = t.id)
              ->  Seq Scan on cast_info ci  (cost=0.00..796071.18 rows=1293439 width=4) (actual time=8833.366..34934.568 rows=2033884 loops=1)
                    Filter: ((person_id > 3663103) AND (role_id > 1))
                    Rows Removed by Filter: 34210460
              ->  Hash  (cost=73925.90..73925.90 rows=1172058 width=4) (actual time=5184.052..5184.052 rows=1128906 loops=1)
                    Buckets: 131072  Batches: 16  Memory Usage: 3503kB
                    ->  Seq Scan on title t  (cost=0.00..73925.90 rows=1172058 width=4) (actual time=436.178..4748.798 rows=1128906 loops=1)
                          Filter: ((production_year < 2010) AND (kind_id = 7))
                          Rows Removed by Filter: 1399406
Planning time: 5.680 ms
Execution time: 50497.924 ms
