Seq Scan on movie_companies mc  (cost=0.00..57926.93 rows=353370 width=0) (actual time=1459.796..2462.316 rows=41636 loops=1)
  Filter: ((company_id > 41527) AND (company_type_id = 1))
  Rows Removed by Filter: 2567493
Planning time: 0.454 ms
Execution time: 2468.123 ms
