Hash Join  (cost=798791.46..1163466.28 rows=1889 width=0) (actual time=49930.309..52805.533 rows=28 loops=1)
  Hash Cond: (mi.movie_id = t.id)
  ->  Seq Scan on movie_info mi  (cost=0.00..309384.22 rows=14739122 width=4) (actual time=0.023..15851.133 rows=14835720 loops=1)
  ->  Hash  (cost=798787.41..798787.41 rows=324 width=8) (actual time=33453.274..33453.274 rows=48 loops=1)
        Buckets: 1024  Batches: 1  Memory Usage: 10kB
        ->  Nested Loop  (cost=0.43..798787.41 rows=324 width=8) (actual time=244.146..33453.242 rows=48 loops=1)
              ->  Seq Scan on cast_info ci  (cost=0.00..796071.18 rows=324 width=4) (actual time=244.049..33452.462 rows=48 loops=1)
                    Filter: ((role_id > 1) AND (person_id = 4003081))
                    Rows Removed by Filter: 36244296
              ->  Index Only Scan using title_pkey on title t  (cost=0.43..8.37 rows=1 width=4) (actual time=0.014..0.015 rows=1 loops=48)
                    Index Cond: (id = ci.movie_id)
                    Heap Fetches: 48
Planning time: 1.193 ms
Execution time: 52805.698 ms
