Hash Join  (cost=148220.95..1266688.84 rows=8241673 width=0) (actual time=3199.000..36722.631 rows=11925363 loops=1)
  Hash Cond: (ci.movie_id = t.id)
  ->  Seq Scan on cast_info ci  (cost=0.00..614943.12 rows=36225612 width=4) (actual time=0.014..13349.845 rows=36244344 loops=1)
  ->  Hash  (cost=138782.15..138782.15 rows=575264 width=8) (actual time=3197.909..3197.909 rows=303951 loops=1)
        Buckets: 131072  Batches: 8  Memory Usage: 2504kB
        ->  Hash Join  (cost=91219.03..138782.15 rows=575264 width=8) (actual time=1724.602..3107.214 rows=303951 loops=1)
              Hash Cond: (mi_idx.movie_id = t.id)
              ->  Seq Scan on movie_info_idx mi_idx  (cost=0.00..21735.35 rows=1380035 width=4) (actual time=0.019..437.471 rows=1380035 loops=1)
              ->  Hash  (cost=73925.90..73925.90 rows=1054010 width=4) (actual time=1723.824..1723.824 rows=1148948 loops=1)
                    Buckets: 131072  Batches: 16  Memory Usage: 3556kB
                    ->  Seq Scan on title t  (cost=0.00..73925.90 rows=1054010 width=4) (actual time=0.010..1373.759 rows=1148948 loops=1)
                          Filter: ((production_year > 1991) AND (kind_id = 7))
                          Rows Removed by Filter: 1379364
Planning time: 1.127 ms
Execution time: 38189.562 ms
