Seq Scan on cast_info ci  (cost=0.00..796071.18 rows=332 width=0) (actual time=15945.889..36687.118 rows=3179 loops=1)
  Filter: ((role_id < 4) AND (person_id = 257757))
  Rows Removed by Filter: 36241165
Planning time: 13.532 ms
Execution time: 36687.700 ms
