Seq Scan on cast_info ci  (cost=0.00..705507.15 rows=500 width=0) (actual time=3519.398..10504.746 rows=509 loops=1)
  Filter: (person_id = 1144922)
  Rows Removed by Filter: 36243835
Planning time: 1.578 ms
Execution time: 10504.906 ms
