Seq Scan on movie_keyword mk  (cost=0.00..81003.12 rows=519890 width=0) (actual time=0.020..1291.543 rows=517323 loops=1)
  Filter: (keyword_id < 377)
  Rows Removed by Filter: 4006607
Planning time: 0.313 ms
Execution time: 1362.616 ms
