Seq Scan on cast_info ci  (cost=0.00..796071.18 rows=10157959 width=0) (actual time=0.022..31752.426 rows=7436872 loops=1)
  Filter: ((person_id > 701730) AND (role_id < 2))
  Rows Removed by Filter: 28807472
Planning time: 0.435 ms
Execution time: 32925.100 ms
