Seq Scan on movie_companies mc  (cost=0.00..57926.93 rows=3102 width=0) (actual time=343.638..2831.234 rows=4042 loops=1)
  Filter: ((company_type_id > 1) AND (company_id = 687))
  Rows Removed by Filter: 2605087
Planning time: 0.330 ms
Execution time: 2831.969 ms
