Seq Scan on movie_keyword mk  (cost=0.00..81003.12 rows=3586996 width=0) (actual time=0.024..4401.742 rows=3580075 loops=1)
  Filter: (keyword_id > 876)
  Rows Removed by Filter: 943855
Planning time: 0.329 ms
Execution time: 4974.136 ms
