Hash Join  (cost=73454.11..106065.61 rows=65556 width=0) (actual time=1230.500..2059.645 rows=69859 loops=1)
  Hash Cond: (mi_idx.movie_id = t.id)
  ->  Seq Scan on movie_info_idx mi_idx  (cost=0.00..25185.44 rows=464934 width=4) (actual time=0.012..518.256 rows=460185 loops=1)
        Filter: (info_type_id > 100)
        Rows Removed by Filter: 919850
  ->  Hash  (cost=67604.59..67604.59 rows=356522 width=4) (actual time=1228.771..1228.771 rows=352081 loops=1)
        Buckets: 131072  Batches: 8  Memory Usage: 2565kB
        ->  Seq Scan on title t  (cost=0.00..67604.59 rows=356522 width=4) (actual time=0.010..1115.543 rows=352081 loops=1)
              Filter: (production_year < 1969)
              Rows Removed by Filter: 2176231
Planning time: 0.738 ms
Execution time: 2068.923 ms
