Hash Join  (cost=197470.53..683149.27 rows=550381 width=0) (actual time=3868.098..16837.760 rows=6528975 loops=1)
  Hash Cond: (mi.movie_id = t.id)
  ->  Seq Scan on movie_info mi  (cost=0.00..309384.22 rows=14739122 width=4) (actual time=0.020..6288.196 rows=14835720 loops=1)
  ->  Hash  (cost=195921.29..195921.29 rows=94419 width=8) (actual time=3867.345..3867.345 rows=92411 loops=1)
        Buckets: 131072  Batches: 2  Memory Usage: 2844kB
        ->  Hash Join  (cost=102767.86..195921.29 rows=94419 width=8) (actual time=2025.774..3838.216 rows=92411 loops=1)
              Hash Cond: (mk.movie_id = t.id)
              ->  Seq Scan on movie_keyword mk  (cost=0.00..81003.12 rows=94419 width=4) (actual time=0.025..1380.394 rows=92411 loops=1)
                    Filter: (keyword_id > 84323)
                    Rows Removed by Filter: 4431519
              ->  Hash  (cost=61283.27..61283.27 rows=2528527 width=4) (actual time=2024.841..2024.841 rows=2528312 loops=1)
                    Buckets: 131072  Batches: 64  Memory Usage: 2425kB
                    ->  Seq Scan on title t  (cost=0.00..61283.27 rows=2528527 width=4) (actual time=0.022..1171.791 rows=2528312 loops=1)
Planning time: 1.088 ms
Execution time: 17626.104 ms
