Nested Loop  (cost=0.43..83072.29 rows=10 width=0) (actual time=8.907..1490.416 rows=63 loops=1)
  ->  Seq Scan on movie_keyword mk  (cost=0.00..81003.12 rows=246 width=4) (actual time=1.018..1271.793 rows=1300 loops=1)
        Filter: (keyword_id = 576)
        Rows Removed by Filter: 4522630
  ->  Index Scan using title_pkey on title t  (cost=0.43..8.40 rows=1 width=4) (actual time=0.167..0.167 rows=0 loops=1300)
        Index Cond: (id = mk.movie_id)
        Filter: (production_year = 2006)
        Rows Removed by Filter: 1
Planning time: 0.798 ms
Execution time: 1490.557 ms
