Hash Join  (cost=156487.41..221898.18 rows=166234 width=0) (actual time=3909.345..5460.168 rows=431746 loops=1)
  Hash Cond: (mc.movie_id = t.id)
  ->  Seq Scan on movie_companies mc  (cost=0.00..51404.11 rows=911818 width=4) (actual time=177.252..1080.328 rows=920427 loops=1)
        Filter: (company_id > 20125)
        Rows Removed by Filter: 1688702
  ->  Hash  (cost=148924.19..148924.19 rows=460978 width=8) (actual time=3731.219..3731.219 rows=459925 loops=1)
        Buckets: 131072  Batches: 8  Memory Usage: 3275kB
        ->  Hash Join  (cost=102767.86..148924.19 rows=460978 width=8) (actual time=1960.298..3593.611 rows=459925 loops=1)
              Hash Cond: (mi_idx.movie_id = t.id)
              ->  Seq Scan on movie_info_idx mi_idx  (cost=0.00..25185.44 rows=460978 width=4) (actual time=0.035..554.041 rows=459925 loops=1)
                    Filter: (info_type_id = 99)
                    Rows Removed by Filter: 920110
              ->  Hash  (cost=61283.27..61283.27 rows=2528527 width=4) (actual time=1959.185..1959.185 rows=2528312 loops=1)
                    Buckets: 131072  Batches: 64  Memory Usage: 2415kB
                    ->  Seq Scan on title t  (cost=0.00..61283.27 rows=2528527 width=4) (actual time=0.017..1102.542 rows=2528312 loops=1)
Planning time: 1.182 ms
Execution time: 5516.239 ms
