Seq Scan on cast_info ci  (cost=0.00..796071.18 rows=435 width=0) (actual time=11003.325..14851.210 rows=1 loops=1)
  Filter: ((role_id < 10) AND (person_id = 2459720))
  Rows Removed by Filter: 36244343
Planning time: 0.419 ms
Execution time: 14851.336 ms
