Hash Join  (cost=334791.12..1028097.28 rows=16243741 width=0) (actual time=8061.719..66119.494 rows=206456087 loops=1)
  Hash Cond: (mi.movie_id = t.id)
  ->  Seq Scan on movie_info mi  (cost=0.00..346232.03 rows=11115165 width=4) (actual time=0.028..6845.598 rows=11210743 loops=1)
        Filter: (info_type_id > 3)
        Rows Removed by Filter: 3624977
  ->  Hash  (cost=274166.14..274166.14 rows=3695198 width=8) (actual time=8060.827..8060.827 rows=4200438 loops=1)
        Buckets: 131072  Batches: 64  Memory Usage: 3690kB
        ->  Hash Join  (cost=101489.21..274166.14 rows=3695198 width=8) (actual time=2080.221..6932.404 rows=4200438 loops=1)
              Hash Cond: (mk.movie_id = t.id)
              ->  Seq Scan on movie_keyword mk  (cost=0.00..69693.30 rows=4523930 width=4) (actual time=0.018..1485.356 rows=4523930 loops=1)
              ->  Hash  (cost=67604.59..67604.59 rows=2065330 width=4) (actual time=2078.815..2078.815 rows=2064552 loops=1)
                    Buckets: 131072  Batches: 32  Memory Usage: 3298kB
                    ->  Seq Scan on title t  (cost=0.00..67604.59 rows=2065330 width=4) (actual time=0.028..1410.730 rows=2064552 loops=1)
                          Filter: (production_year < 2011)
                          Rows Removed by Filter: 463760
Planning time: 1.167 ms
Execution time: 88076.910 ms
