Nested Loop  (cost=0.43..58358.27 rows=51 width=0) (actual time=519.853..818.588 rows=1 loops=1)
  ->  Seq Scan on movie_companies mc  (cost=0.00..57926.93 rows=51 width=4) (actual time=519.788..818.522 rows=1 loops=1)
        Filter: ((company_id = 1589) AND (company_type_id = 1))
        Rows Removed by Filter: 2609128
  ->  Index Only Scan using title_pkey on title t  (cost=0.43..8.45 rows=1 width=4) (actual time=0.054..0.055 rows=1 loops=1)
        Index Cond: (id = mc.movie_id)
        Heap Fetches: 1
Planning time: 0.762 ms
Execution time: 818.650 ms
