Seq Scan on movie_keyword mk  (cost=0.00..81003.12 rows=246 width=0) (actual time=3.902..1273.961 rows=222 loops=1)
  Filter: (keyword_id = 14138)
  Rows Removed by Filter: 4523708
Planning time: 0.350 ms
Execution time: 1274.196 ms
