Hash Join  (cost=106465.55..455182.39 rows=3996 width=0) (actual time=3492.300..7317.108 rows=2138 loops=1)
  Hash Cond: (mi.movie_id = t.id)
  ->  Seq Scan on movie_info mi  (cost=0.00..346232.03 rows=651960 width=4) (actual time=1712.136..5426.385 rows=660923 loops=1)
        Filter: (info_type_id = 18)
        Rows Removed by Filter: 14174797
  ->  Hash  (cost=106271.84..106271.84 rows=15497 width=8) (actual time=1776.643..1776.643 rows=7101 loops=1)
        Buckets: 16384  Batches: 1  Memory Usage: 406kB
        ->  Hash Join  (cost=75342.47..106271.84 rows=15497 width=8) (actual time=1310.012..1773.796 rows=7101 loops=1)
              Hash Cond: (mi_idx.movie_id = t.id)
              ->  Seq Scan on movie_info_idx mi_idx  (cost=0.00..25185.44 rows=454124 width=4) (actual time=0.042..475.920 rows=459925 loops=1)
                    Filter: (info_type_id = 100)
                    Rows Removed by Filter: 920110
              ->  Hash  (cost=73925.90..73925.90 rows=86285 width=4) (actual time=1110.407..1110.407 rows=92628 loops=1)
                    Buckets: 131072  Batches: 2  Memory Usage: 2653kB
                    ->  Seq Scan on title t  (cost=0.00..73925.90 rows=86285 width=4) (actual time=0.036..1078.880 rows=92628 loops=1)
                          Filter: ((kind_id = 7) AND (production_year = 2010))
                          Rows Removed by Filter: 2435684
Planning time: 1.345 ms
Execution time: 7317.875 ms
