Seq Scan on movie_companies mc  (cost=0.00..51404.11 rows=1374277 width=0) (actual time=0.021..1012.001 rows=1385774 loops=1)
  Filter: (company_id > 11138)
  Rows Removed by Filter: 1223355
Planning time: 0.316 ms
Execution time: 1184.495 ms
