Nested Loop  (cost=0.43..58358.27 rows=51 width=0) (actual time=15.041..827.831 rows=20 loops=1)
  ->  Seq Scan on movie_companies mc  (cost=0.00..57926.93 rows=51 width=4) (actual time=14.957..826.887 rows=20 loops=1)
        Filter: ((company_id = 19378) AND (company_type_id = 1))
        Rows Removed by Filter: 2609109
  ->  Index Only Scan using title_pkey on title t  (cost=0.43..8.45 rows=1 width=4) (actual time=0.041..0.042 rows=1 loops=20)
        Index Cond: (id = mc.movie_id)
        Heap Fetches: 20
Planning time: 0.795 ms
Execution time: 827.915 ms
