Hash Join  (cost=219197.63..1418707.11 rows=16058218 width=0) (actual time=4931.894..37499.626 rows=15685848 loops=1)
  Hash Cond: (ci.movie_id = t.id)
  ->  Seq Scan on cast_info ci  (cost=0.00..705507.15 rows=25538229 width=4) (actual time=0.028..15246.542 rows=25715636 loops=1)
        Filter: (person_id > 1033156)
        Rows Removed by Filter: 10528708
  ->  Hash  (cost=193112.68..193112.68 rows=1589916 width=8) (actual time=4930.502..4930.502 rows=717308 loops=1)
        Buckets: 131072  Batches: 32  Memory Usage: 1871kB
        ->  Hash Join  (cost=92883.59..193112.68 rows=1589916 width=8) (actual time=1956.103..4707.626 rows=717308 loops=1)
              Hash Cond: (mc.movie_id = t.id)
              ->  Seq Scan on movie_companies mc  (cost=0.00..44881.29 rows=2609129 width=4) (actual time=0.026..911.737 rows=2609129 loops=1)
              ->  Hash  (cost=67604.59..67604.59 rows=1540800 width=4) (actual time=1954.835..1954.835 rows=1543264 loops=1)
                    Buckets: 131072  Batches: 32  Memory Usage: 2722kB
                    ->  Seq Scan on title t  (cost=0.00..67604.59 rows=1540800 width=4) (actual time=306.816..1298.079 rows=1543264 loops=1)
                          Filter: (kind_id = 7)
                          Rows Removed by Filter: 985048
Planning time: 1.171 ms
Execution time: 39234.816 ms
