Hash Join  (cost=102767.86..283870.51 rows=3749386 width=0) (actual time=2086.617..6900.415 rows=3746419 loops=1)
  Hash Cond: (mk.movie_id = t.id)
  ->  Seq Scan on movie_keyword mk  (cost=0.00..81003.12 rows=3749386 width=4) (actual time=0.023..1773.551 rows=3746419 loops=1)
        Filter: (keyword_id > 738)
        Rows Removed by Filter: 777511
  ->  Hash  (cost=61283.27..61283.27 rows=2528527 width=4) (actual time=2085.338..2085.338 rows=2528312 loops=1)
        Buckets: 131072  Batches: 64  Memory Usage: 2425kB
        ->  Seq Scan on title t  (cost=0.00..61283.27 rows=2528527 width=4) (actual time=0.015..1218.342 rows=2528312 loops=1)
Planning time: 0.741 ms
Execution time: 7341.460 ms
