Seq Scan on movie_companies mc  (cost=0.00..51404.11 rows=1929372 width=0) (actual time=0.018..965.795 rows=1923709 loops=1)
  Filter: (company_id < 47817)
  Rows Removed by Filter: 685420
Planning time: 0.309 ms
Execution time: 1204.046 ms
