Hash Join  (cost=195132.05..929177.32 rows=116967 width=0) (actual time=7348.051..19377.849 rows=203768 loops=1)
  Hash Cond: (ci.movie_id = t.id)
  ->  Seq Scan on cast_info ci  (cost=0.00..705507.15 rows=7298253 width=4) (actual time=3472.292..13666.073 rows=7451973 loops=1)
        Filter: (role_id = 2)
        Rows Removed by Filter: 28792371
  ->  Hash  (cost=194625.50..194625.50 rows=40524 width=8) (actual time=3875.162..3875.162 rows=33199 loops=1)
        Buckets: 65536  Batches: 1  Memory Usage: 1809kB
        ->  Hash Join  (cost=102767.86..194625.50 rows=40524 width=8) (actual time=2003.488..3863.241 rows=33199 loops=1)
              Hash Cond: (mk.movie_id = t.id)
              ->  Seq Scan on movie_keyword mk  (cost=0.00..81003.12 rows=40524 width=4) (actual time=0.096..1179.924 rows=33199 loops=1)
                    Filter: (keyword_id < 41)
                    Rows Removed by Filter: 4490731
              ->  Hash  (cost=61283.27..61283.27 rows=2528527 width=4) (actual time=2001.973..2001.973 rows=2528312 loops=1)
                    Buckets: 131072  Batches: 64  Memory Usage: 2425kB
                    ->  Seq Scan on title t  (cost=0.00..61283.27 rows=2528527 width=4) (actual time=0.020..1125.136 rows=2528312 loops=1)
Planning time: 1.110 ms
Execution time: 19406.787 ms
