Hash Join  (cost=126966.14..509840.27 rows=1576 width=0) (actual time=2164.940..9556.906 rows=4407 loops=1)
  Hash Cond: (mi.movie_id = t.id)
  ->  Seq Scan on movie_info mi  (cost=0.00..346232.03 rows=9767026 width=4) (actual time=0.019..6108.279 rows=9911754 loops=1)
        Filter: (info_type_id > 4)
        Rows Removed by Filter: 4923966
  ->  Hash  (cost=126961.04..126961.04 rows=408 width=8) (actual time=2029.495..2029.495 rows=461 loops=1)
        Buckets: 1024  Batches: 1  Memory Usage: 27kB
        ->  Hash Join  (cost=73956.15..126961.04 rows=408 width=8) (actual time=1666.626..2029.241 rows=461 loops=1)
              Hash Cond: (mc.movie_id = t.id)
              ->  Seq Scan on movie_companies mc  (cost=0.00..51404.11 rows=425785 width=4) (actual time=0.020..908.116 rows=430090 loops=1)
                    Filter: (company_id > 79164)
                    Rows Removed by Filter: 2179039
              ->  Hash  (cost=73925.90..73925.90 rows=2420 width=4) (actual time=1047.331..1047.331 rows=3058 loops=1)
                    Buckets: 4096  Batches: 1  Memory Usage: 140kB
                    ->  Seq Scan on title t  (cost=0.00..73925.90 rows=2420 width=4) (actual time=0.215..1045.550 rows=3058 loops=1)
                          Filter: ((kind_id = 2) AND (production_year = 2003))
                          Rows Removed by Filter: 2525254
Planning time: 1.272 ms
Execution time: 9557.899 ms
