Seq Scan on movie_keyword mk  (cost=0.00..81003.12 rows=769949 width=0) (actual time=0.020..1411.229 rows=778247 loops=1)
  Filter: (keyword_id > 24227)
  Rows Removed by Filter: 3745683
Planning time: 0.341 ms
Execution time: 1512.243 ms
