Seq Scan on movie_keyword mk  (cost=0.00..81003.12 rows=3566118 width=0) (actual time=0.029..1208.418 rows=3562945 loops=1)
  Filter: (keyword_id > 902)
  Rows Removed by Filter: 960985
Planning time: 0.287 ms
Execution time: 1567.510 ms
