Hash Join  (cost=140971.06..895626.17 rows=142524 width=0) (actual time=5720.014..21985.181 rows=1705113 loops=1)
  Hash Cond: (ci.movie_id = t.id)
  ->  Seq Scan on cast_info ci  (cost=0.00..705507.15 rows=12726058 width=4) (actual time=3572.100..14104.359 rows=12670688 loops=1)
        Filter: (role_id = 1)
        Rows Removed by Filter: 23573656
  ->  Hash  (cost=140617.09..140617.09 rows=28318 width=8) (actual time=2147.383..2147.383 rows=178844 loops=1)
        Buckets: 131072 (originally 32768)  Batches: 4 (originally 1)  Memory Usage: 3073kB
        ->  Hash Join  (cost=78556.72..140617.09 rows=28318 width=8) (actual time=1278.901..2088.811 rows=178844 loops=1)
              Hash Cond: (mc.movie_id = t.id)
              ->  Seq Scan on movie_companies mc  (cost=0.00..57926.93 rows=107266 width=4) (actual time=270.430..838.255 rows=211553 loops=1)
                    Filter: ((company_id > 110115) AND (company_type_id = 2))
                    Rows Removed by Filter: 2397576
              ->  Hash  (cost=67604.59..67604.59 rows=667531 width=4) (actual time=1007.743..1007.743 rows=662825 loops=1)
                    Buckets: 131072  Batches: 16  Memory Usage: 2476kB
                    ->  Seq Scan on title t  (cost=0.00..67604.59 rows=667531 width=4) (actual time=14.785..822.132 rows=662825 loops=1)
                          Filter: (kind_id = 1)
                          Rows Removed by Filter: 1865487
Planning time: 2.642 ms
Execution time: 22181.665 ms
