Seq Scan on cast_info ci  (cost=0.00..705507.15 rows=500 width=0) (actual time=9082.989..10823.625 rows=149 loops=1)
  Filter: (person_id = 239985)
  Rows Removed by Filter: 36244195
Planning time: 0.341 ms
Execution time: 10823.724 ms
