Seq Scan on movie_keyword mk  (cost=0.00..81003.12 rows=246 width=0) (actual time=51.849..1294.609 rows=567 loops=1)
  Filter: (keyword_id = 21806)
  Rows Removed by Filter: 4523363
Planning time: 0.346 ms
Execution time: 1294.922 ms
