Seq Scan on movie_keyword mk  (cost=0.00..81003.12 rows=246 width=0) (actual time=0.574..701.100 rows=256 loops=1)
  Filter: (keyword_id = 639)
  Rows Removed by Filter: 4523674
Planning time: 0.224 ms
Execution time: 701.246 ms
