Hash Join  (cost=306342.16..1423397.58 rows=17315911 width=0) (actual time=12132.004..32374.544 rows=15298989 loops=1)
  Hash Cond: (ci.movie_id = t.id)
  ->  Seq Scan on cast_info ci  (cost=0.00..705507.15 rows=16201301 width=4) (actual time=5249.532..14041.958 rows=16121683 loops=1)
        Filter: (role_id > 2)
        Rows Removed by Filter: 20122661
  ->  Hash  (cost=262004.11..262004.11 rows=2702484 width=8) (actual time=6880.780..6880.780 rows=1068407 loops=1)
        Buckets: 131072  Batches: 64  Memory Usage: 1654kB
        ->  Hash Join  (cost=94973.51..262004.11 rows=2702484 width=8) (actual time=1837.379..6560.118 rows=1068407 loops=1)
              Hash Cond: (mk.movie_id = t.id)
              ->  Seq Scan on movie_keyword mk  (cost=0.00..81003.12 rows=4096326 width=4) (actual time=0.045..1795.489 rows=4082957 loops=1)
                    Filter: (keyword_id > 341)
                    Rows Removed by Filter: 440973
              ->  Hash  (cost=67604.59..67604.59 rows=1668154 width=4) (actual time=1834.735..1834.735 rows=1674098 loops=1)
                    Buckets: 131072  Batches: 32  Memory Usage: 2875kB
                    ->  Seq Scan on title t  (cost=0.00..67604.59 rows=1668154 width=4) (actual time=0.020..1292.167 rows=1674098 loops=1)
                          Filter: (kind_id > 3)
                          Rows Removed by Filter: 854214
Planning time: 1.039 ms
Execution time: 34029.454 ms
