Hash Join  (cost=109448.91..196097.48 rows=38558 width=0) (actual time=2104.593..3647.052 rows=122523 loops=1)
  Hash Cond: (mk.movie_id = t.id)
  ->  Seq Scan on movie_keyword mk  (cost=0.00..81003.12 rows=1402629 width=4) (actual time=0.026..1274.613 rows=1418954 loops=1)
        Filter: (keyword_id < 1951)
        Rows Removed by Filter: 3104976
  ->  Hash  (cost=108580.06..108580.06 rows=69508 width=8) (actual time=2103.263..2103.263 rows=60340 loops=1)
        Buckets: 131072  Batches: 1  Memory Usage: 3382kB
        ->  Hash Join  (cost=69694.50..108580.06 rows=69508 width=8) (actual time=1169.723..2085.309 rows=60340 loops=1)
              Hash Cond: (mi_idx.movie_id = t.id)
              ->  Seq Scan on movie_info_idx mi_idx  (cost=0.00..21735.35 rows=1380035 width=4) (actual time=0.024..456.743 rows=1380035 loops=1)
              ->  Hash  (cost=67604.59..67604.59 rows=127353 width=4) (actual time=1168.926..1168.926 rows=128696 loops=1)
                    Buckets: 131072  Batches: 2  Memory Usage: 3284kB
                    ->  Seq Scan on title t  (cost=0.00..67604.59 rows=127353 width=4) (actual time=0.016..1121.473 rows=128696 loops=1)
                          Filter: (production_year = 2009)
                          Rows Removed by Filter: 2399616
Planning time: 1.156 ms
Execution time: 3662.547 ms
