Seq Scan on movie_companies mc  (cost=0.00..57926.93 rows=53 width=0) (actual time=35.891..772.595 rows=992 loops=1)
  Filter: ((company_id = 400) AND (company_type_id = 2))
  Rows Removed by Filter: 2608137
Planning time: 0.377 ms
Execution time: 772.921 ms
