Seq Scan on movie_companies mc  (cost=0.00..51404.11 rows=1441969 width=0) (actual time=0.029..965.804 rows=1447462 loops=1)
  Filter: (company_id > 9557)
  Rows Removed by Filter: 1161667
Planning time: 0.264 ms
Execution time: 1144.199 ms
