Nested Loop  (cost=69132.75..906131.37 rows=11027 width=0) (actual time=12755.773..13250.288 rows=6696 loops=1)
  ->  Hash Join  (cost=69132.32..886325.83 rows=27470 width=8) (actual time=12755.668..13087.414 rows=6696 loops=1)
        Hash Cond: (ci.movie_id = mc.movie_id)
        ->  Seq Scan on cast_info ci  (cost=0.00..796071.18 rows=40822 width=4) (actual time=11509.885..11756.663 rows=14934 loops=1)
              Filter: ((person_id < 393309) AND (role_id > 10))
              Rows Removed by Filter: 36229410
        ->  Hash  (cost=57926.93..57926.93 rows=682991 width=4) (actual time=1244.193..1244.193 rows=435277 loops=1)
              Buckets: 131072  Batches: 16  Memory Usage: 1973kB
              ->  Seq Scan on movie_companies mc  (cost=0.00..57926.93 rows=682991 width=4) (actual time=219.879..1111.887 rows=435277 loops=1)
                    Filter: ((company_id < 11388) AND (company_type_id = 2))
                    Rows Removed by Filter: 2173852
  ->  Index Only Scan using title_pkey on title t  (cost=0.43..0.71 rows=1 width=4) (actual time=0.024..0.024 rows=1 loops=6696)
        Index Cond: (id = mc.movie_id)
        Heap Fetches: 6696
Planning time: 1.177 ms
Execution time: 13251.873 ms
