Hash Join  (cost=73962.22..136741.16 rows=1482 width=0) (actual time=1375.474..2516.525 rows=6505 loops=1)
  Hash Cond: (mc.movie_id = t.id)
  ->  Seq Scan on movie_companies mc  (cost=0.00..57926.93 rows=1289916 width=4) (actual time=288.173..1194.726 rows=1318337 loops=1)
        Filter: ((company_id > 11) AND (company_type_id = 2))
        Rows Removed by Filter: 1290792
  ->  Hash  (cost=73925.90..73925.90 rows=2905 width=4) (actual time=1085.611..1085.611 rows=7085 loops=1)
        Buckets: 8192 (originally 4096)  Batches: 1 (originally 1)  Memory Usage: 314kB
        ->  Seq Scan on title t  (cost=0.00..73925.90 rows=2905 width=4) (actual time=0.334..1082.182 rows=7085 loops=1)
              Filter: ((kind_id < 7) AND (production_year = 1983))
              Rows Removed by Filter: 2521227
Planning time: 0.573 ms
Execution time: 2517.793 ms
