Hash Join  (cost=74609.54..129839.41 rows=56434 width=0) (actual time=1123.694..2577.727 rows=70665 loops=1)
  Hash Cond: (mc.movie_id = t.id)
  ->  Seq Scan on movie_companies mc  (cost=0.00..44881.29 rows=2609129 width=4) (actual time=0.022..719.551 rows=2609129 loops=1)
  ->  Hash  (cost=73925.90..73925.90 rows=54691 width=4) (actual time=1123.304..1123.304 rows=46344 loops=1)
        Buckets: 65536  Batches: 1  Memory Usage: 2142kB
        ->  Seq Scan on title t  (cost=0.00..73925.90 rows=54691 width=4) (actual time=0.029..1104.588 rows=46344 loops=1)
              Filter: ((kind_id < 4) AND (production_year = 2011))
              Rows Removed by Filter: 2481968
Planning time: 0.703 ms
Execution time: 2587.838 ms
