Seq Scan on cast_info ci  (cost=0.00..796071.18 rows=124497 width=0) (actual time=6056.630..11479.724 rows=115006 loops=1)
  Filter: ((person_id < 157079) AND (role_id = 4))
  Rows Removed by Filter: 36129338
Planning time: 1.532 ms
Execution time: 11494.498 ms
