Seq Scan on cast_info ci  (cost=0.00..796071.18 rows=168 width=0) (actual time=8170.753..13392.732 rows=167 loops=1)
  Filter: ((role_id > 3) AND (person_id = 2737348))
  Rows Removed by Filter: 36244177
Planning time: 0.409 ms
Execution time: 13392.873 ms
