Hash Join  (cost=174848.11..310771.33 rows=1142618 width=0) (actual time=4685.794..12303.435 rows=13130785 loops=1)
  Hash Cond: (mk.movie_id = t.id)
  ->  Seq Scan on movie_keyword mk  (cost=0.00..69693.30 rows=4523930 width=4) (actual time=0.015..1546.097 rows=4523930 loops=1)
  ->  Hash  (cost=164370.18..164370.18 rows=638635 width=8) (actual time=4684.624..4684.624 rows=914997 loops=1)
        Buckets: 131072  Batches: 16  Memory Usage: 3287kB
        ->  Hash Join  (cost=82805.75..164370.18 rows=638635 width=8) (actual time=1526.331..4428.120 rows=914997 loops=1)
              Hash Cond: (mc.movie_id = t.id)
              ->  Seq Scan on movie_companies mc  (cost=0.00..51404.11 rows=1742924 width=4) (actual time=0.026..1048.355 rows=1735888 loops=1)
                    Filter: (company_id < 23410)
                    Rows Removed by Filter: 873241
              ->  Hash  (cost=67604.59..67604.59 rows=926493 width=4) (actual time=1525.338..1525.338 rows=924605 loops=1)
                    Buckets: 131072  Batches: 16  Memory Usage: 3056kB
                    ->  Seq Scan on title t  (cost=0.00..67604.59 rows=926493 width=4) (actual time=0.026..1231.081 rows=924605 loops=1)
                          Filter: (production_year < 1998)
                          Rows Removed by Filter: 1603707
Planning time: 1.190 ms
Execution time: 13711.539 ms
