Hash Join  (cost=102767.86..1014181.63 rows=8146623 width=0) (actual time=6870.554..22218.135 rows=8100285 loops=1)
  Hash Cond: (ci.movie_id = t.id)
  ->  Seq Scan on cast_info ci  (cost=0.00..705507.15 rows=8146623 width=4) (actual time=4748.767..11504.319 rows=8100285 loops=1)
        Filter: (person_id > 2870735)
        Rows Removed by Filter: 28144059
  ->  Hash  (cost=61283.27..61283.27 rows=2528527 width=4) (actual time=2120.528..2120.528 rows=2528312 loops=1)
        Buckets: 131072  Batches: 64  Memory Usage: 2415kB
        ->  Seq Scan on title t  (cost=0.00..61283.27 rows=2528527 width=4) (actual time=0.015..1280.989 rows=2528312 loops=1)
Planning time: 2.446 ms
Execution time: 23171.703 ms
