Seq Scan on movie_keyword mk  (cost=0.00..81003.12 rows=13061 width=0) (actual time=0.034..1215.865 rows=10366 loops=1)
  Filter: (keyword_id > 124775)
  Rows Removed by Filter: 4513564
Planning time: 0.270 ms
Execution time: 1217.534 ms
