Hash Join  (cost=439317.91..1188540.50 rows=51034 width=0) (actual time=9454.844..23634.028 rows=74312 loops=1)
  Hash Cond: (ci.movie_id = t.id)
  ->  Seq Scan on cast_info ci  (cost=0.00..705507.15 rows=4320508 width=4) (actual time=586.063..13633.155 rows=4323018 loops=1)
        Filter: (role_id = 10)
        Rows Removed by Filter: 31921326
  ->  Hash  (cost=438944.56..438944.56 rows=29868 width=8) (actual time=8868.028..8868.028 rows=67395 loops=1)
        Buckets: 131072 (originally 32768)  Batches: 1 (originally 1)  Memory Usage: 3657kB
        ->  Hash Join  (cost=73989.96..438944.56 rows=29868 width=8) (actual time=1045.151..8822.935 rows=67395 loops=1)
              Hash Cond: (mi.movie_id = t.id)
              ->  Seq Scan on movie_info mi  (cost=0.00..309384.22 rows=14739122 width=4) (actual time=0.032..4680.187 rows=14835720 loops=1)
              ->  Hash  (cost=73925.90..73925.90 rows=5124 width=4) (actual time=997.828..997.828 rows=9091 loops=1)
                    Buckets: 16384 (originally 8192)  Batches: 1 (originally 1)  Memory Usage: 448kB
                    ->  Seq Scan on title t  (cost=0.00..73925.90 rows=5124 width=4) (actual time=232.602..993.384 rows=9091 loops=1)
                          Filter: ((kind_id = 4) AND (production_year = 2007))
                          Rows Removed by Filter: 2519221
Planning time: 1.119 ms
Execution time: 23644.495 ms
