Hash Join  (cost=67841.64..154838.98 rows=33930 width=0) (actual time=969.361..2716.964 rows=5615 loops=1)
  Hash Cond: (mk.movie_id = t.id)
  ->  Seq Scan on movie_keyword mk  (cost=0.00..69693.30 rows=4523930 width=4) (actual time=0.010..912.095 rows=4523930 loops=1)
  ->  Hash  (cost=67604.59..67604.59 rows=18964 width=4) (actual time=969.007..969.007 rows=16892 loops=1)
        Buckets: 32768  Batches: 1  Memory Usage: 850kB
        ->  Seq Scan on title t  (cost=0.00..67604.59 rows=18964 width=4) (actual time=314.695..961.870 rows=16892 loops=1)
              Filter: (production_year < 1907)
              Rows Removed by Filter: 2511420
Planning time: 0.748 ms
Execution time: 2718.003 ms
