Seq Scan on cast_info ci  (cost=0.00..705507.15 rows=4012062 width=0) (actual time=1791.666..10852.755 rows=4044900 loops=1)
  Filter: (person_id > 3314742)
  Rows Removed by Filter: 32199444
Planning time: 0.321 ms
Execution time: 11365.449 ms
