Seq Scan on movie_keyword mk  (cost=0.00..81003.12 rows=1034811 width=0) (actual time=0.030..1328.425 rows=1034765 loops=1)
  Filter: (keyword_id < 1025)
  Rows Removed by Filter: 3489165
Planning time: 0.315 ms
Execution time: 1457.870 ms
