Hash Join  (cost=87150.54..523519.48 rows=1879933 width=0) (actual time=1536.260..11608.915 rows=3548675 loops=1)
  Hash Cond: (mi.movie_id = t.id)
  ->  Seq Scan on movie_info mi  (cost=0.00..346232.03 rows=5897221 width=4) (actual time=64.360..6108.224 rows=5884963 loops=1)
        Filter: (info_type_id < 7)
        Rows Removed by Filter: 8950757
  ->  Hash  (cost=73925.90..73925.90 rows=806051 width=4) (actual time=1470.994..1470.994 rows=719730 loops=1)
        Buckets: 131072  Batches: 16  Memory Usage: 2615kB
        ->  Seq Scan on title t  (cost=0.00..73925.90 rows=806051 width=4) (actual time=0.030..1233.929 rows=719730 loops=1)
              Filter: ((kind_id < 7) AND (production_year > 1971))
              Rows Removed by Filter: 1808582
Planning time: 0.590 ms
Execution time: 11988.584 ms
