Hash Join  (cost=98969.27..1105032.30 rows=7515834 width=0) (actual time=6133.191..21699.393 rows=4438984 loops=1)
  Hash Cond: (ci.movie_id = t.id)
  ->  Seq Scan on cast_info ci  (cost=0.00..796071.18 rows=9940702 width=4) (actual time=4252.350..14967.284 rows=5474319 loops=1)
        Filter: ((person_id < 2247245) AND (role_id > 2))
        Rows Removed by Filter: 30770025
  ->  Hash  (cost=67604.59..67604.59 rows=1911735 width=4) (actual time=1879.812..1879.812 rows=1903258 loops=1)
        Buckets: 131072  Batches: 32  Memory Usage: 3122kB
        ->  Seq Scan on title t  (cost=0.00..67604.59 rows=1911735 width=4) (actual time=0.028..1298.416 rows=1903258 loops=1)
              Filter: (production_year > 1982)
              Rows Removed by Filter: 625054
Planning time: 0.760 ms
Execution time: 22204.724 ms
