Seq Scan on movie_keyword mk  (cost=0.00..81003.12 rows=799484 width=0) (actual time=0.015..1319.852 rows=805124 loops=1)
  Filter: (keyword_id > 23013)
  Rows Removed by Filter: 3718806
Planning time: 0.293 ms
Execution time: 1420.706 ms
