Seq Scan on cast_info ci  (cost=0.00..705507.15 rows=500 width=0) (actual time=370.080..10954.881 rows=92 loops=1)
  Filter: (person_id = 2827738)
  Rows Removed by Filter: 36244252
Planning time: 0.337 ms
Execution time: 10954.997 ms
