Nested Loop  (cost=0.43..58358.39 rows=20 width=0) (actual time=0.097..802.610 rows=547 loops=1)
  ->  Seq Scan on movie_companies mc  (cost=0.00..57926.93 rows=51 width=4) (actual time=0.055..785.512 rows=547 loops=1)
        Filter: ((company_id = 11379) AND (company_type_id = 1))
        Rows Removed by Filter: 2608582
  ->  Index Scan using title_pkey on title t  (cost=0.43..8.45 rows=1 width=4) (actual time=0.030..0.030 rows=1 loops=547)
        Index Cond: (id = mc.movie_id)
        Filter: (kind_id < 7)
Planning time: 0.720 ms
Execution time: 802.898 ms
