Hash Join  (cost=160823.02..1036476.95 rows=50715 width=0) (actual time=9135.155..20247.069 rows=38084 loops=1)
  Hash Cond: (ci.movie_id = t.id)
  ->  Seq Scan on cast_info ci  (cost=0.00..796071.18 rows=15815124 width=4) (actual time=6010.391..14911.923 rows=14692494 loops=1)
        Filter: ((person_id > 729091) AND (role_id < 3))
        Rows Removed by Filter: 21551850
  ->  Hash  (cost=160721.67..160721.67 rows=8108 width=8) (actual time=3123.834..3123.834 rows=3699 loops=1)
        Buckets: 8192  Batches: 1  Memory Usage: 209kB
        ->  Hash Join  (cost=73982.55..160721.67 rows=8108 width=8) (actual time=2408.579..3122.399 rows=3699 loops=1)
              Hash Cond: (mk.movie_id = t.id)
              ->  Seq Scan on movie_keyword mk  (cost=0.00..69693.30 rows=4523930 width=4) (actual time=0.027..1071.047 rows=4523930 loops=1)
              ->  Hash  (cost=73925.90..73925.90 rows=4532 width=4) (actual time=1184.918..1184.918 rows=8404 loops=1)
                    Buckets: 16384 (originally 8192)  Batches: 1 (originally 1)  Memory Usage: 424kB
                    ->  Seq Scan on title t  (cost=0.00..73925.90 rows=4532 width=4) (actual time=0.043..1180.482 rows=8404 loops=1)
                          Filter: ((kind_id = 7) AND (production_year = 1983))
                          Rows Removed by Filter: 2519908
Planning time: 1.282 ms
Execution time: 20253.000 ms
