Hash Join  (cost=128638.74..486769.22 rows=39273 width=0) (actual time=6970.529..8981.549 rows=138757 loops=1)
  Hash Cond: (mi.movie_id = t.id)
  ->  Seq Scan on movie_info mi  (cost=0.00..346232.03 rows=3068194 width=4) (actual time=4313.302..5648.863 rows=3036719 loops=1)
        Filter: (info_type_id = 16)
        Rows Removed by Filter: 11799001
  ->  Hash  (cost=128234.17..128234.17 rows=32365 width=8) (actual time=2653.285..2653.285 rows=29352 loops=1)
        Buckets: 32768  Batches: 1  Memory Usage: 1403kB
        ->  Hash Join  (cost=68058.67..128234.17 rows=32365 width=8) (actual time=1045.972..2641.918 rows=29352 loops=1)
              Hash Cond: (mc.movie_id = t.id)
              ->  Seq Scan on movie_companies mc  (cost=0.00..51404.11 rows=2252730 width=4) (actual time=0.041..1072.512 rows=2258452 loops=1)
                    Filter: (company_id > 166)
                    Rows Removed by Filter: 350677
              ->  Hash  (cost=67604.59..67604.59 rows=36327 width=4) (actual time=1045.273..1045.273 rows=36509 loops=1)
                    Buckets: 65536  Batches: 1  Memory Usage: 1796kB
                    ->  Seq Scan on title t  (cost=0.00..67604.59 rows=36327 width=4) (actual time=0.024..1029.549 rows=36509 loops=1)
                          Filter: (production_year = 1996)
                          Rows Removed by Filter: 2491803
Planning time: 1.147 ms
Execution time: 8999.465 ms
