Seq Scan on movie_keyword mk  (cost=0.00..81003.12 rows=26689 width=0) (actual time=319.594..1233.390 rows=23246 loops=1)
  Filter: (keyword_id > 114999)
  Rows Removed by Filter: 4500684
Planning time: 0.299 ms
Execution time: 1237.207 ms
