Hash Join  (cost=189519.82..1219095.25 rows=4447923 width=0) (actual time=7033.901..36672.112 rows=15224518 loops=1)
  Hash Cond: (ci.movie_id = t.id)
  ->  Seq Scan on cast_info ci  (cost=0.00..705507.15 rows=24022411 width=4) (actual time=2919.066..15692.562 rows=24130698 loops=1)
        Filter: (role_id < 4)
        Rows Removed by Filter: 12113646
  ->  Hash  (cost=181838.64..181838.64 rows=468175 width=8) (actual time=4113.633..4113.633 rows=672184 loops=1)
        Buckets: 131072 (originally 131072)  Batches: 16 (originally 8)  Memory Usage: 3073kB
        ->  Hash Join  (cost=102767.86..181838.64 rows=468175 width=8) (actual time=1907.202..3923.858 rows=672184 loops=1)
              Hash Cond: (mc.movie_id = t.id)
              ->  Seq Scan on movie_companies mc  (cost=0.00..57926.93 rows=468175 width=4) (actual time=0.036..1073.015 rows=672184 loops=1)
                    Filter: ((company_id < 3795) AND (company_type_id = 1))
                    Rows Removed by Filter: 1936945
              ->  Hash  (cost=61283.27..61283.27 rows=2528527 width=4) (actual time=1905.045..1905.045 rows=2528312 loops=1)
                    Buckets: 131072  Batches: 64  Memory Usage: 2415kB
                    ->  Seq Scan on title t  (cost=0.00..61283.27 rows=2528527 width=4) (actual time=0.024..1066.404 rows=2528312 loops=1)
Planning time: 1.135 ms
Execution time: 38475.587 ms
