Seq Scan on cast_info ci  (cost=0.00..705507.15 rows=18040579 width=0) (actual time=3033.951..10951.736 rows=18192205 loops=1)
  Filter: (person_id > 1791605)
  Rows Removed by Filter: 18052139
Planning time: 0.336 ms
Execution time: 13052.659 ms
