Hash Join  (cost=101498.04..922414.63 rows=37607 width=0) (actual time=14023.455..15333.479 rows=132 loops=1)
  Hash Cond: (ci.movie_id = t.id)
  ->  Seq Scan on cast_info ci  (cost=0.00..796071.18 rows=6525157 width=4) (actual time=11968.804..13268.995 rows=55182 loops=1)
        Filter: ((person_id > 1733190) AND (role_id = 1))
        Rows Removed by Filter: 36189162
  ->  Hash  (cost=101315.88..101315.88 rows=14573 width=8) (actual time=2052.609..2052.609 rows=20015 loops=1)
        Buckets: 32768 (originally 16384)  Batches: 1 (originally 1)  Memory Usage: 1038kB
        ->  Hash Join  (cost=74259.67..101315.88 rows=14573 width=8) (actual time=1180.524..2045.276 rows=20015 loops=1)
              Hash Cond: (mi_idx.movie_id = t.id)
              ->  Seq Scan on movie_info_idx mi_idx  (cost=0.00..21735.35 rows=1380035 width=4) (actual time=0.029..350.791 rows=1380035 loops=1)
              ->  Hash  (cost=73925.90..73925.90 rows=26701 width=4) (actual time=1180.100..1180.100 rows=101191 loops=1)
                    Buckets: 131072 (originally 32768)  Batches: 2 (originally 1)  Memory Usage: 3073kB
                    ->  Seq Scan on title t  (cost=0.00..73925.90 rows=26701 width=4) (actual time=454.901..1139.551 rows=101191 loops=1)
                          Filter: ((kind_id < 2) AND (production_year < 1925))
                          Rows Removed by Filter: 2427121
Planning time: 1.218 ms
Execution time: 15333.910 ms
