Hash Join  (cost=126681.62..643537.72 rows=893102 width=0) (actual time=3014.973..15546.755 rows=765859 loops=1)
  Hash Cond: (mi.movie_id = t.id)
  ->  Seq Scan on movie_info mi  (cost=0.00..346232.03 rows=13929354 width=4) (actual time=0.012..7337.907 rows=14033580 loops=1)
        Filter: (info_type_id > 1)
        Rows Removed by Filter: 802140
  ->  Hash  (cost=124021.12..124021.12 rows=162120 width=8) (actual time=2467.019..2467.019 rows=89977 loops=1)
        Buckets: 131072  Batches: 4  Memory Usage: 1911kB
        ->  Hash Join  (cost=88391.98..124021.12 rows=162120 width=8) (actual time=1937.929..2437.133 rows=89977 loops=1)
              Hash Cond: (mi_idx.movie_id = t.id)
              ->  Seq Scan on movie_info_idx mi_idx  (cost=0.00..25185.44 rows=464934 width=4) (actual time=0.024..477.063 rows=460185 loops=1)
                    Filter: (info_type_id > 100)
                    Rows Removed by Filter: 919850
              ->  Hash  (cost=73925.90..73925.90 rows=881686 width=4) (actual time=1584.743..1584.743 rows=801513 loops=1)
                    Buckets: 131072  Batches: 16  Memory Usage: 2786kB
                    ->  Seq Scan on title t  (cost=0.00..73925.90 rows=881686 width=4) (actual time=0.029..1325.954 rows=801513 loops=1)
                          Filter: ((production_year < 2006) AND (kind_id = 7))
                          Rows Removed by Filter: 1726799
Planning time: 1.176 ms
Execution time: 15641.816 ms
