Hash Join  (cost=89338.33..135827.89 rows=512708 width=0) (actual time=1471.882..2981.456 rows=941381 loops=1)
  Hash Cond: (mi_idx.movie_id = t.id)
  ->  Seq Scan on movie_info_idx mi_idx  (cost=0.00..21735.35 rows=1380035 width=4) (actual time=0.021..422.661 rows=1380035 loops=1)
  ->  Hash  (cost=73925.90..73925.90 rows=939394 width=4) (actual time=1470.822..1470.822 rows=917932 loops=1)
        Buckets: 131072  Batches: 16  Memory Usage: 3041kB
        ->  Seq Scan on title t  (cost=0.00..73925.90 rows=939394 width=4) (actual time=0.024..1196.346 rows=917932 loops=1)
              Filter: ((kind_id < 7) AND (production_year > 1914))
              Rows Removed by Filter: 1610380
Planning time: 0.765 ms
Execution time: 3094.721 ms
