Hash Join  (cost=73987.23..438929.14 rows=28598 width=0) (actual time=1289.303..9021.776 rows=26648 loops=1)
  Hash Cond: (mi.movie_id = t.id)
  ->  Seq Scan on movie_info mi  (cost=0.00..309384.22 rows=14739122 width=4) (actual time=0.019..4614.438 rows=14835720 loops=1)
  ->  Hash  (cost=73925.90..73925.90 rows=4906 width=4) (actual time=1145.613..1145.613 rows=7669 loops=1)
        Buckets: 8192  Batches: 1  Memory Usage: 334kB
        ->  Seq Scan on title t  (cost=0.00..73925.90 rows=4906 width=4) (actual time=9.452..1141.847 rows=7669 loops=1)
              Filter: ((kind_id > 3) AND (production_year = 1972))
              Rows Removed by Filter: 2520643
Planning time: 0.744 ms
Execution time: 9025.997 ms
