Hash Join  (cost=83073.69..109984.51 rows=35 width=0) (actual time=1327.994..1938.350 rows=6213 loops=1)
  Hash Cond: (mi_idx.movie_id = t.id)
  ->  Seq Scan on movie_info_idx mi_idx  (cost=0.00..21735.35 rows=1380035 width=4) (actual time=0.012..329.369 rows=1380035 loops=1)
  ->  Hash  (cost=83072.90..83072.90 rows=63 width=8) (actual time=1327.287..1327.287 rows=2247 loops=1)
        Buckets: 4096 (originally 1024)  Batches: 1 (originally 1)  Memory Usage: 120kB
        ->  Nested Loop  (cost=0.43..83072.90 rows=63 width=8) (actual time=1.064..1325.754 rows=2247 loops=1)
              ->  Seq Scan on movie_keyword mk  (cost=0.00..81003.12 rows=246 width=4) (actual time=0.057..1208.042 rows=2773 loops=1)
                    Filter: (keyword_id = 2215)
                    Rows Removed by Filter: 4521157
              ->  Index Scan using title_pkey on title t  (cost=0.43..8.40 rows=1 width=4) (actual time=0.041..0.041 rows=1 loops=2773)
                    Index Cond: (id = mk.movie_id)
                    Filter: ((kind_id < 7) AND (production_year < 2008))
                    Rows Removed by Filter: 0
Planning time: 1.239 ms
Execution time: 1939.503 ms
