Hash Join  (cost=150914.43..636425.96 rows=534660 width=0) (actual time=3073.753..17483.556 rows=5856489 loops=1)
  Hash Cond: (mi.movie_id = t.id)
  ->  Seq Scan on movie_info mi  (cost=0.00..309384.22 rows=14739122 width=4) (actual time=0.022..6235.862 rows=14835720 loops=1)
  ->  Hash  (cost=149408.90..149408.90 rows=91722 width=8) (actual time=3072.955..3072.955 rows=299113 loops=1)
        Buckets: 131072 (originally 131072)  Batches: 4 (originally 2)  Memory Usage: 3949kB
        ->  Hash Join  (cost=83743.23..149408.90 rows=91722 width=8) (actual time=1634.431..2968.920 rows=299113 loops=1)
              Hash Cond: (mc.movie_id = t.id)
              ->  Seq Scan on movie_companies mc  (cost=0.00..57926.93 rows=387605 width=4) (actual time=184.420..971.167 rows=707702 loops=1)
                    Filter: ((company_id > 34517) AND (company_type_id > 1))
                    Rows Removed by Filter: 1901427
              ->  Hash  (cost=73925.90..73925.90 rows=598346 width=4) (actual time=1449.237..1449.237 rows=507407 loops=1)
                    Buckets: 131072  Batches: 8  Memory Usage: 3251kB
                    ->  Seq Scan on title t  (cost=0.00..73925.90 rows=598346 width=4) (actual time=0.023..1292.681 rows=507407 loops=1)
                          Filter: ((kind_id < 7) AND (production_year > 1997))
                          Rows Removed by Filter: 2020905
Planning time: 2.975 ms
Execution time: 18187.921 ms
