Hash Join  (cost=98033.59..165044.65 rows=111842 width=0) (actual time=1886.519..3060.890 rows=197486 loops=1)
  Hash Cond: (mc.movie_id = t.id)
  ->  Seq Scan on movie_companies mc  (cost=0.00..57926.93 rows=192454 width=4) (actual time=131.193..846.385 rows=298736 loops=1)
        Filter: ((company_id < 239) AND (company_type_id = 1))
        Rows Removed by Filter: 2310393
  ->  Hash  (cost=73925.90..73925.90 rows=1469415 width=4) (actual time=1753.674..1753.674 rows=1450465 loops=1)
        Buckets: 131072  Batches: 32  Memory Usage: 2617kB
        ->  Seq Scan on title t  (cost=0.00..73925.90 rows=1469415 width=4) (actual time=0.035..1296.822 rows=1450465 loops=1)
              Filter: ((kind_id > 4) AND (production_year < 2013))
              Rows Removed by Filter: 1077847
Planning time: 0.817 ms
Execution time: 3082.994 ms
