Hash Join  (cost=163197.73..517794.33 rows=13476 width=0) (actual time=4993.880..8828.028 rows=3957 loops=1)
  Hash Cond: (mi.movie_id = t.id)
  ->  Seq Scan on movie_info mi  (cost=0.00..346232.03 rows=2194617 width=4) (actual time=2156.907..5751.085 rows=2233850 loops=1)
        Filter: (info_type_id > 16)
        Rows Removed by Filter: 12601870
  ->  Hash  (cost=163003.65..163003.65 rows=15526 width=8) (actual time=2686.209..2686.209 rows=7346 loops=1)
        Buckets: 16384  Batches: 1  Memory Usage: 415kB
        ->  Hash Join  (cost=78556.72..163003.65 rows=15526 width=8) (actual time=1205.572..2683.190 rows=7346 loops=1)
              Hash Cond: (mk.movie_id = t.id)
              ->  Seq Scan on movie_keyword mk  (cost=0.00..81003.12 rows=58811 width=4) (actual time=0.044..1301.618 rows=58448 loops=1)
                    Filter: (keyword_id = 16264)
                    Rows Removed by Filter: 4465482
              ->  Hash  (cost=67604.59..67604.59 rows=667531 width=4) (actual time=1203.160..1203.160 rows=662825 loops=1)
                    Buckets: 131072  Batches: 16  Memory Usage: 2486kB
                    ->  Seq Scan on title t  (cost=0.00..67604.59 rows=667531 width=4) (actual time=0.023..998.854 rows=662825 loops=1)
                          Filter: (kind_id = 1)
                          Rows Removed by Filter: 1865487
Planning time: 1.122 ms
Execution time: 8829.087 ms
