Seq Scan on movie_keyword mk  (cost=0.00..81003.12 rows=1006506 width=0) (actual time=0.024..1385.076 rows=1009087 loops=1)
  Filter: (keyword_id < 977)
  Rows Removed by Filter: 3514843
Planning time: 0.307 ms
Execution time: 1510.937 ms
