Hash Join  (cost=119670.02..606994.39 rows=704541 width=0) (actual time=2876.955..16382.367 rows=5992306 loops=1)
  Hash Cond: (mi.movie_id = t.id)
  ->  Seq Scan on movie_info mi  (cost=0.00..309384.22 rows=14739122 width=4) (actual time=0.017..5829.339 rows=14835720 loops=1)
  ->  Hash  (cost=117686.19..117686.19 rows=120866 width=8) (actual time=2518.033..2518.033 rows=276376 loops=1)
        Buckets: 131072 (originally 131072)  Batches: 4 (originally 2)  Memory Usage: 3736kB
        ->  Hash Join  (cost=79405.47..117686.19 rows=120866 width=8) (actual time=1337.146..2422.146 rows=276376 loops=1)
              Hash Cond: (mi_idx.movie_id = t.id)
              ->  Seq Scan on movie_info_idx mi_idx  (cost=0.00..25185.44 rows=915101 width=4) (actual time=0.014..568.875 rows=919850 loops=1)
                    Filter: (info_type_id < 101)
                    Rows Removed by Filter: 460185
              ->  Hash  (cost=73925.90..73925.90 rows=333965 width=4) (actual time=1261.391..1261.391 rows=411522 loops=1)
                    Buckets: 131072  Batches: 8  Memory Usage: 2841kB
                    ->  Seq Scan on title t  (cost=0.00..73925.90 rows=333965 width=4) (actual time=0.021..1138.899 rows=411522 loops=1)
                          Filter: ((production_year < 2004) AND (kind_id = 1))
                          Rows Removed by Filter: 2116790
Planning time: 1.152 ms
Execution time: 17059.603 ms
