Hash Join  (cost=442380.47..1246786.43 rows=474654 width=0) (actual time=16187.944..24977.611 rows=645859 loops=1)
  Hash Cond: (ci.movie_id = t.id)
  ->  Seq Scan on cast_info ci  (cost=0.00..705507.15 rows=7298253 width=4) (actual time=7636.631..13244.578 rows=7451973 loops=1)
        Filter: (role_id = 2)
        Rows Removed by Filter: 28792371
  ->  Hash  (cost=439681.89..439681.89 rows=164447 width=8) (actual time=8549.942..8549.942 rows=121014 loops=1)
        Buckets: 131072  Batches: 4  Memory Usage: 2201kB
        ->  Hash Join  (cost=68438.72..439681.89 rows=164447 width=8) (actual time=1063.283..8493.690 rows=121014 loops=1)
              Hash Cond: (mi.movie_id = t.id)
              ->  Seq Scan on movie_info mi  (cost=0.00..346232.03 rows=6231111 width=4) (actual time=0.459..5942.753 rows=6223494 loops=1)
                    Filter: (info_type_id > 8)
                    Rows Removed by Filter: 8612226
              ->  Hash  (cost=67604.59..67604.59 rows=66731 width=4) (actual time=1062.134..1062.134 rows=67342 loops=1)
                    Buckets: 131072  Batches: 1  Memory Usage: 3392kB
                    ->  Seq Scan on title t  (cost=0.00..67604.59 rows=66731 width=4) (actual time=0.024..1034.788 rows=67342 loops=1)
                          Filter: (production_year > 2012)
                          Rows Removed by Filter: 2460970
Planning time: 1.264 ms
Execution time: 25056.188 ms
