Hash Join  (cost=158337.31..286304.10 rows=489576 width=0) (actual time=2969.966..10114.668 rows=17991377 loops=1)
  Hash Cond: (mk.movie_id = t.id)
  ->  Seq Scan on movie_keyword mk  (cost=0.00..69693.30 rows=4523930 width=4) (actual time=0.010..1427.521 rows=4523930 loops=1)
  ->  Hash  (cost=153847.87..153847.87 rows=273635 width=8) (actual time=2969.048..2969.048 rows=386815 loops=1)
        Buckets: 131072 (originally 131072)  Batches: 8 (originally 4)  Memory Usage: 3073kB
        ->  Hash Join  (cost=82798.22..153847.87 rows=273635 width=8) (actual time=1564.204..2845.456 rows=386815 loops=1)
              Hash Cond: (mc.movie_id = t.id)
              ->  Seq Scan on movie_companies mc  (cost=0.00..51404.11 rows=1279517 width=4) (actual time=109.217..973.211 rows=1274246 loops=1)
                    Filter: (company_type_id < 2)
                    Rows Removed by Filter: 1334883
              ->  Hash  (cost=73925.90..73925.90 rows=540745 width=4) (actual time=1137.471..1137.471 rows=416412 loops=1)
                    Buckets: 131072  Batches: 8  Memory Usage: 2862kB
                    ->  Seq Scan on title t  (cost=0.00..73925.90 rows=540745 width=4) (actual time=0.030..920.583 rows=416412 loops=1)
                          Filter: ((production_year > 1972) AND (kind_id = 1))
                          Rows Removed by Filter: 2111900
Planning time: 1.030 ms
Execution time: 12118.162 ms
