Hash Join  (cost=74747.02..834947.29 rows=941111 width=0) (actual time=1260.773..22796.406 rows=1084280 loops=1)
  Hash Cond: (ci.movie_id = t.id)
  ->  Seq Scan on cast_info ci  (cost=0.00..614943.12 rows=36225612 width=4) (actual time=0.022..9161.079 rows=36244344 loops=1)
  ->  Hash  (cost=73925.90..73925.90 rows=65689 width=4) (actual time=1259.954..1259.954 rows=74524 loops=1)
        Buckets: 131072  Batches: 1  Memory Usage: 3644kB
        ->  Seq Scan on title t  (cost=0.00..73925.90 rows=65689 width=4) (actual time=0.019..1229.247 rows=74524 loops=1)
              Filter: ((kind_id > 6) AND (production_year = 2006))
              Rows Removed by Filter: 2453788
Planning time: 0.793 ms
Execution time: 22945.805 ms
