Hash Join  (cost=185939.14..282947.49 rows=342465 width=184) (actual time=4447.320..8018.156 rows=2057684 loops=1)
  Hash Cond: (mc.movie_id = t.id)
  ->  Seq Scan on movie_companies mc  (cost=0.00..51404.11 rows=1606292 width=40) (actual time=2.866..1287.741 rows=1604000 loops=1)
        Filter: (company_id > 4803)
        Rows Removed by Filter: 1005129
  ->  Hash  (cost=168144.54..168144.54 rows=539088 width=144) (actual time=4440.126..4440.126 rows=954317 loops=1)
        Buckets: 32768 (originally 32768)  Batches: 64 (originally 32)  Memory Usage: 4090kB
        ->  Hash Join  (cost=94420.17..168144.54 rows=539088 width=144) (actual time=2046.485..3903.179 rows=954317 loops=1)
              Hash Cond: (mi_idx.movie_id = t.id)
              ->  Seq Scan on movie_info_idx mi_idx  (cost=0.00..21735.35 rows=1380035 width=50) (actual time=0.015..480.679 rows=1380035 loops=1)
              ->  Hash  (cost=67604.59..67604.59 rows=987727 width=94) (actual time=2045.149..2045.149 rows=985048 loops=1)
                    Buckets: 32768  Batches: 64  Memory Usage: 1938kB
                    ->  Seq Scan on title t  (cost=0.00..67604.59 rows=987727 width=94) (actual time=0.019..1627.955 rows=985048 loops=1)
                          Filter: (kind_id < 7)
                          Rows Removed by Filter: 1543264
Planning time: 2.823 ms
Execution time: 8122.603 ms
