Nested Loop  (cost=0.43..709673.15 rows=13 width=0) (actual time=4326.077..11247.507 rows=93 loops=1)
  ->  Seq Scan on cast_info ci  (cost=0.00..705507.15 rows=500 width=4) (actual time=4325.402..11207.312 rows=1170 loops=1)
        Filter: (person_id = 1693693)
        Rows Removed by Filter: 36243174
  ->  Index Scan using title_pkey on title t  (cost=0.43..8.32 rows=1 width=4) (actual time=0.034..0.034 rows=0 loops=1170)
        Index Cond: (id = ci.movie_id)
        Filter: (production_year > 2012)
        Rows Removed by Filter: 1
Planning time: 0.879 ms
Execution time: 11247.666 ms
