Seq Scan on movie_companies mc  (cost=0.00..57926.93 rows=51 width=0) (actual time=495.025..965.968 rows=31 loops=1)
  Filter: ((company_type_id < 2) AND (company_id = 16311))
  Rows Removed by Filter: 2609098
Planning time: 0.365 ms
Execution time: 966.065 ms
