Hash Join  (cost=52284.29..400209.52 rows=5 width=0) (actual time=6168.285..6332.237 rows=4 loops=1)
  Hash Cond: (mi.movie_id = t.id)
  ->  Seq Scan on movie_info mi  (cost=0.00..346232.03 rows=451508 width=4) (actual time=5331.021..5551.633 rows=474443 loops=1)
        Filter: (info_type_id = 6)
        Rows Removed by Filter: 14361277
  ->  Hash  (cost=52283.95..52283.95 rows=27 width=8) (actual time=713.261..713.261 rows=22 loops=1)
        Buckets: 1024  Batches: 1  Memory Usage: 9kB
        ->  Nested Loop  (cost=0.43..52283.95 rows=27 width=8) (actual time=4.999..713.224 rows=22 loops=1)
              ->  Seq Scan on movie_companies mc  (cost=0.00..51404.11 rows=104 width=4) (actual time=4.940..711.951 rows=34 loops=1)
                    Filter: (company_id = 23288)
                    Rows Removed by Filter: 2609095
              ->  Index Scan using title_pkey on title t  (cost=0.43..8.45 rows=1 width=4) (actual time=0.032..0.032 rows=1 loops=34)
                    Index Cond: (id = mc.movie_id)
                    Filter: (kind_id = 1)
                    Rows Removed by Filter: 0
Planning time: 1.256 ms
Execution time: 6332.369 ms
