Seq Scan on movie_companies mc  (cost=0.00..51404.11 rows=104 width=0) (actual time=7.917..903.657 rows=158 loops=1)
  Filter: (company_id = 16762)
  Rows Removed by Filter: 2608971
Planning time: 0.385 ms
Execution time: 903.771 ms
