Hash Join  (cost=365418.15..1617129.28 rows=22743111 width=0) (actual time=8556.738..54812.783 rows=78628424 loops=1)
  Hash Cond: (ci.movie_id = t.id)
  ->  Seq Scan on cast_info ci  (cost=0.00..796071.18 rows=12711640 width=4) (actual time=0.015..17523.319 rows=12646104 loops=1)
        Filter: ((person_id > 4463) AND (role_id < 2))
        Rows Removed by Filter: 23598240
  ->  Hash  (cost=291197.02..291197.02 rows=4523930 width=8) (actual time=8554.712..8554.712 rows=4523930 loops=1)
        Buckets: 131072  Batches: 64  Memory Usage: 3816kB
        ->  Hash Join  (cost=102767.86..291197.02 rows=4523930 width=8) (actual time=1903.572..7252.499 rows=4523930 loops=1)
              Hash Cond: (mk.movie_id = t.id)
              ->  Seq Scan on movie_keyword mk  (cost=0.00..69693.30 rows=4523930 width=4) (actual time=0.025..1553.110 rows=4523930 loops=1)
              ->  Hash  (cost=61283.27..61283.27 rows=2528527 width=4) (actual time=1902.168..1902.168 rows=2528312 loops=1)
                    Buckets: 131072  Batches: 64  Memory Usage: 2425kB
                    ->  Seq Scan on title t  (cost=0.00..61283.27 rows=2528527 width=4) (actual time=0.032..1068.912 rows=2528312 loops=1)
Planning time: 1.210 ms
Execution time: 63781.630 ms
