Hash Join  (cost=164300.97..700100.73 rows=5247682 width=0) (actual time=3757.371..20087.508 rows=11921107 loops=1)
  Hash Cond: (mi.movie_id = t.id)
  ->  Seq Scan on movie_info mi  (cost=0.00..309384.22 rows=14739122 width=4) (actual time=0.019..5957.438 rows=14835720 loops=1)
  ->  Hash  (cost=149530.83..149530.83 rows=900251 width=8) (actual time=3756.377..3756.377 rows=833913 loops=1)
        Buckets: 131072  Batches: 16  Memory Usage: 3072kB
        ->  Hash Join  (cost=94666.80..149530.83 rows=900251 width=8) (actual time=1880.449..3523.626 rows=833913 loops=1)
              Hash Cond: (mi_idx.movie_id = t.id)
              ->  Seq Scan on movie_info_idx mi_idx  (cost=0.00..21735.35 rows=1380035 width=4) (actual time=0.027..516.995 rows=1380035 loops=1)
              ->  Hash  (cost=67604.59..67604.59 rows=1649457 width=4) (actual time=1879.347..1879.347 rows=1643514 loops=1)
                    Buckets: 131072  Batches: 32  Memory Usage: 2831kB
                    ->  Seq Scan on title t  (cost=0.00..67604.59 rows=1649457 width=4) (actual time=0.010..1354.182 rows=1643514 loops=1)
                          Filter: (production_year > 1994)
                          Rows Removed by Filter: 884798
Planning time: 1.339 ms
Execution time: 21378.494 ms
