Seq Scan on movie_companies mc  (cost=0.00..57926.93 rows=749146 width=0) (actual time=70.158..1058.812 rows=966117 loops=1)
  Filter: ((company_id > 8416) AND (company_type_id = 2))
  Rows Removed by Filter: 1643012
Planning time: 5.001 ms
Execution time: 1184.120 ms
