Hash Join  (cost=75915.84..839427.91 rows=229140 width=0) (actual time=3307.500..15492.366 rows=201146 loops=1)
  Hash Cond: (ci.movie_id = t.id)
  ->  Seq Scan on cast_info ci  (cost=0.00..705507.15 rows=4777472 width=4) (actual time=1705.369..12041.033 rows=4676313 loops=1)
        Filter: (person_id < 452898)
        Rows Removed by Filter: 31568031
  ->  Hash  (cost=73925.90..73925.90 rows=121275 width=4) (actual time=1598.539..1598.539 rows=124747 loops=1)
        Buckets: 131072  Batches: 2  Memory Usage: 3219kB
        ->  Seq Scan on title t  (cost=0.00..73925.90 rows=121275 width=4) (actual time=0.043..1231.241 rows=124747 loops=1)
              Filter: ((kind_id > 1) AND (production_year = 2012))
              Rows Removed by Filter: 2403565
Planning time: 0.805 ms
Execution time: 15518.701 ms
