Seq Scan on movie_companies mc  (cost=0.00..51404.11 rows=2578061 width=0) (actual time=7.106..1031.628 rows=2579367 loops=1)
  Filter: (company_id < 207901)
  Rows Removed by Filter: 29762
Planning time: 0.340 ms
Execution time: 1365.202 ms
