Seq Scan on movie_companies mc  (cost=0.00..57926.93 rows=1275406 width=0) (actual time=328.156..1177.052 rows=1228083 loops=1)
  Filter: ((company_id < 153650) AND (company_type_id > 1))
  Rows Removed by Filter: 1381046
Planning time: 0.324 ms
Execution time: 1334.648 ms
