Seq Scan on movie_keyword mk  (cost=0.00..81003.12 rows=246 width=0) (actual time=31.411..964.752 rows=30 loops=1)
  Filter: (keyword_id = 25662)
  Rows Removed by Filter: 4523900
Planning time: 0.369 ms
Execution time: 964.865 ms
