Hash Join  (cost=83074.74..902763.75 rows=613 width=0) (actual time=12219.743..18498.164 rows=8056 loops=1)
  Hash Cond: (ci.movie_id = t.id)
  ->  Seq Scan on cast_info ci  (cost=0.00..796071.18 rows=6296452 width=4) (actual time=10852.209..15964.725 rows=7451973 loops=1)
        Filter: ((person_id < 3168726) AND (role_id = 2))
        Rows Removed by Filter: 28792371
  ->  Hash  (cost=83071.67..83071.67 rows=246 width=8) (actual time=1366.552..1366.552 rows=1617 loops=1)
        Buckets: 2048 (originally 1024)  Batches: 1 (originally 1)  Memory Usage: 80kB
        ->  Nested Loop  (cost=0.43..83071.67 rows=246 width=8) (actual time=2.142..1365.498 rows=1617 loops=1)
              ->  Seq Scan on movie_keyword mk  (cost=0.00..81003.12 rows=246 width=4) (actual time=2.040..1298.593 rows=1617 loops=1)
                    Filter: (keyword_id = 1613)
                    Rows Removed by Filter: 4522313
              ->  Index Only Scan using title_pkey on title t  (cost=0.43..8.40 rows=1 width=4) (actual time=0.040..0.040 rows=1 loops=1617)
                    Index Cond: (id = mk.movie_id)
                    Heap Fetches: 1617
Planning time: 1.140 ms
Execution time: 18500.237 ms
