Nested Loop  (cost=44377.22..138752.52 rows=2222 width=0) (actual time=918.081..2561.415 rows=9948 loops=1)
  ->  Hash Join  (cost=44376.79..131636.55 rows=12104 width=8) (actual time=918.029..2357.693 rows=9948 loops=1)
        Hash Cond: (mk.movie_id = mi_idx.movie_id)
        ->  Seq Scan on movie_keyword mk  (cost=0.00..81003.12 rows=4072 width=4) (actual time=0.749..1212.503 rows=4017 loops=1)
              Filter: (keyword_id = 73)
              Rows Removed by Filter: 4519913
        ->  Hash  (cost=21735.35..21735.35 rows=1380035 width=4) (actual time=914.902..914.902 rows=1380035 loops=1)
              Buckets: 131072  Batches: 32  Memory Usage: 2556kB
              ->  Seq Scan on movie_info_idx mi_idx  (cost=0.00..21735.35 rows=1380035 width=4) (actual time=0.015..474.769 rows=1380035 loops=1)
  ->  Index Only Scan using title_pkey on title t  (cost=0.43..0.58 rows=1 width=4) (actual time=0.020..0.020 rows=1 loops=9948)
        Index Cond: (id = mi_idx.movie_id)
        Heap Fetches: 9948
Planning time: 0.992 ms
Execution time: 2563.552 ms
