Seq Scan on movie_keyword mk  (cost=0.00..81003.12 rows=93469 width=0) (actual time=0.027..1310.943 rows=102400 loops=1)
  Filter: (keyword_id < 103)
  Rows Removed by Filter: 4421530
Planning time: 0.333 ms
Execution time: 1326.528 ms
