Hash Join  (cost=584208.46..1647610.87 rows=6532524 width=0) (actual time=16096.170..48140.445 rows=35473924 loops=1)
  Hash Cond: (ci.movie_id = t.id)
  ->  Seq Scan on cast_info ci  (cost=0.00..705507.15 rows=16201301 width=4) (actual time=0.025..14364.496 rows=16121683 loops=1)
        Filter: (role_id > 2)
        Rows Removed by Filter: 20122661
  ->  Hash  (cost=567481.38..567481.38 rows=1019527 width=8) (actual time=16094.689..16094.689 rows=1748239 loops=1)
        Buckets: 131072 (originally 131072)  Batches: 32 (originally 16)  Memory Usage: 3123kB
        ->  Hash Join  (cost=76796.18..567481.38 rows=1019527 width=8) (actual time=1415.679..14404.333 rows=1748239 loops=1)
              Hash Cond: (mi.movie_id = t.id)
              ->  Seq Scan on movie_info mi  (cost=0.00..309384.22 rows=14739122 width=4) (actual time=0.034..6213.837 rows=14835720 loops=1)
              ->  Hash  (cost=73925.90..73925.90 rows=174902 width=4) (actual time=1162.135..1162.135 rows=160286 loops=1)
                    Buckets: 131072  Batches: 4  Memory Usage: 2441kB
                    ->  Seq Scan on title t  (cost=0.00..73925.90 rows=174902 width=4) (actual time=0.024..1107.424 rows=160286 loops=1)
                          Filter: ((production_year > 2008) AND (kind_id = 1))
                          Rows Removed by Filter: 2368026
Planning time: 1.194 ms
Execution time: 52153.800 ms
