Seq Scan on movie_keyword mk  (cost=0.00..81003.12 rows=246 width=0) (actual time=17.147..1294.563 rows=97 loops=1)
  Filter: (keyword_id = 9809)
  Rows Removed by Filter: 4523833
Planning time: 0.448 ms
Execution time: 1294.742 ms
