Seq Scan on movie_companies mc  (cost=0.00..57926.93 rows=664563 width=0) (actual time=0.016..911.199 rows=422882 loops=1)
  Filter: ((company_id < 11264) AND (company_type_id > 1))
  Rows Removed by Filter: 2186247
Planning time: 0.258 ms
Execution time: 959.644 ms
