Hash Join  (cost=76379.89..142156.44 rows=89062 width=0) (actual time=1878.809..2407.677 rows=18420 loops=1)
  Hash Cond: (mc.movie_id = t.id)
  ->  Seq Scan on movie_companies mc  (cost=0.00..57926.93 rows=421067 width=4) (actual time=565.871..952.403 rows=102023 loops=1)
        Filter: ((company_id > 23925) AND (company_type_id = 1))
        Rows Removed by Filter: 2507106
  ->  Hash  (cost=67604.59..67604.59 rows=534824 width=4) (actual time=1312.226..1312.226 rows=533369 loops=1)
        Buckets: 131072  Batches: 8  Memory Usage: 3369kB
        ->  Seq Scan on title t  (cost=0.00..67604.59 rows=534824 width=4) (actual time=0.018..1141.721 rows=533369 loops=1)
              Filter: (production_year > 2009)
              Rows Removed by Filter: 1994943
Planning time: 0.740 ms
Execution time: 2410.429 ms
