Seq Scan on movie_companies mc  (cost=0.00..57926.93 rows=586469 width=0) (actual time=418.551..960.471 rows=373346 loops=1)
  Filter: ((company_id < 8850) AND (company_type_id = 2))
  Rows Removed by Filter: 2235783
Planning time: 0.392 ms
Execution time: 1007.927 ms
