Seq Scan on movie_companies mc  (cost=0.00..57926.93 rows=945737 width=0) (actual time=437.611..1056.719 rows=1113041 loops=1)
  Filter: ((company_id > 1451) AND (company_type_id > 1))
  Rows Removed by Filter: 1496088
Planning time: 0.302 ms
Execution time: 1194.535 ms
