Hash Join  (cost=102767.86..191307.08 rows=1132745 width=0) (actual time=2255.579..4665.544 rows=1128566 loops=1)
  Hash Cond: (mc.movie_id = t.id)
  ->  Seq Scan on movie_companies mc  (cost=0.00..51404.11 rows=1132745 width=4) (actual time=0.037..1122.500 rows=1128566 loops=1)
        Filter: (company_id < 8187)
        Rows Removed by Filter: 1480563
  ->  Hash  (cost=61283.27..61283.27 rows=2528527 width=4) (actual time=2254.586..2254.586 rows=2528312 loops=1)
        Buckets: 131072  Batches: 64  Memory Usage: 2415kB
        ->  Seq Scan on title t  (cost=0.00..61283.27 rows=2528527 width=4) (actual time=0.019..1113.269 rows=2528312 loops=1)
Planning time: 5.713 ms
Execution time: 4790.789 ms
