Seq Scan on cast_info ci  (cost=0.00..796071.18 rows=420 width=0) (actual time=13869.584..14651.401 rows=11 loops=1)
  Filter: ((role_id < 9) AND (person_id = 807895))
  Rows Removed by Filter: 36244333
Planning time: 1.656 ms
Execution time: 14651.513 ms
