Hash Join  (cost=129071.32..628244.89 rows=1815065 width=0) (actual time=3227.998..19543.346 rows=10723562 loops=1)
  Hash Cond: (mi.movie_id = t.id)
  ->  Seq Scan on movie_info mi  (cost=0.00..309384.22 rows=14739122 width=4) (actual time=0.029..6187.555 rows=14835720 loops=1)
  ->  Hash  (cost=123962.10..123962.10 rows=311378 width=8) (actual time=3227.056..3227.056 rows=569230 loops=1)
        Buckets: 131072  Batches: 8  Memory Usage: 3825kB
        ->  Hash Join  (cost=81720.25..123962.10 rows=311378 width=8) (actual time=1428.644..3048.359 rows=569230 loops=1)
              Hash Cond: (mi_idx.movie_id = t.id)
              ->  Seq Scan on movie_info_idx mi_idx  (cost=0.00..25185.44 rows=915101 width=4) (actual time=0.028..539.197 rows=919850 loops=1)
                    Filter: (info_type_id < 101)
                    Rows Removed by Filter: 460185
              ->  Hash  (cost=67604.59..67604.59 rows=860373 width=4) (actual time=1426.690..1426.690 rows=854214 loops=1)
                    Buckets: 131072  Batches: 16  Memory Usage: 2897kB
                    ->  Seq Scan on title t  (cost=0.00..67604.59 rows=860373 width=4) (actual time=0.037..1160.510 rows=854214 loops=1)
                          Filter: (kind_id < 4)
                          Rows Removed by Filter: 1674098
Planning time: 1.746 ms
Execution time: 20856.873 ms
