Hash Join  (cost=93843.90..649158.51 rows=7076568 width=0) (actual time=2282.433..17210.544 rows=4302093 loops=1)
  Hash Cond: (mi.movie_id = t.id)
  ->  Seq Scan on movie_info mi  (cost=0.00..309384.22 rows=14739122 width=4) (actual time=0.021..5909.596 rows=14835720 loops=1)
  ->  Hash  (cost=73925.90..73925.90 rows=1214000 width=4) (actual time=2281.412..2281.412 rows=1328829 loops=1)
        Buckets: 131072  Batches: 16  Memory Usage: 3957kB
        ->  Seq Scan on title t  (cost=0.00..73925.90 rows=1214000 width=4) (actual time=0.011..1432.356 rows=1328829 loops=1)
              Filter: ((kind_id > 1) AND (production_year > 1994))
              Rows Removed by Filter: 1199483
Planning time: 0.796 ms
Execution time: 17710.650 ms
