Seq Scan on movie_keyword mk  (cost=0.00..81003.12 rows=1229311 width=0) (actual time=0.020..1366.643 rows=1240300 loops=1)
  Filter: (keyword_id > 14585)
  Rows Removed by Filter: 3283630
Planning time: 0.320 ms
Execution time: 1519.233 ms
