Hash Join  (cost=133450.61..509377.66 rows=297821 width=0) (actual time=3326.339..10212.783 rows=2344898 loops=1)
  Hash Cond: (mi.movie_id = t.id)
  ->  Seq Scan on movie_info mi  (cost=0.00..346232.03 rows=2194617 width=4) (actual time=297.932..5661.668 rows=2233850 loops=1)
        Filter: (info_type_id > 16)
        Rows Removed by Filter: 12601870
  ->  Hash  (cost=127820.44..127820.44 rows=343134 width=8) (actual time=2980.078..2980.078 rows=534211 loops=1)
        Buckets: 131072  Batches: 8  Memory Usage: 3651kB
        ->  Hash Join  (cost=84240.62..127820.44 rows=343134 width=8) (actual time=1481.417..2809.886 rows=534211 loops=1)
              Hash Cond: (mi_idx.movie_id = t.id)
              ->  Seq Scan on movie_info_idx mi_idx  (cost=0.00..21735.35 rows=1380035 width=4) (actual time=0.018..456.314 rows=1380035 loops=1)
              ->  Hash  (cost=73925.90..73925.90 rows=628697 width=4) (actual time=1480.429..1480.429 rows=532584 loops=1)
                    Buckets: 131072  Batches: 16  Memory Usage: 2188kB
                    ->  Seq Scan on title t  (cost=0.00..73925.90 rows=628697 width=4) (actual time=0.017..1318.347 rows=532584 loops=1)
                          Filter: ((kind_id < 7) AND (production_year > 1995))
                          Rows Removed by Filter: 1995728
Planning time: 1.231 ms
Execution time: 10457.706 ms
