Hash Join  (cost=102767.86..1674243.77 rows=35577770 width=0) (actual time=1880.876..47605.328 rows=35575148 loops=1)
  Hash Cond: (ci.movie_id = t.id)
  ->  Seq Scan on cast_info ci  (cost=0.00..705507.15 rows=35577770 width=4) (actual time=0.020..16841.086 rows=35575148 loops=1)
        Filter: (person_id < 3932632)
        Rows Removed by Filter: 669196
  ->  Hash  (cost=61283.27..61283.27 rows=2528527 width=4) (actual time=1879.430..1879.430 rows=2528312 loops=1)
        Buckets: 131072  Batches: 64  Memory Usage: 2415kB
        ->  Seq Scan on title t  (cost=0.00..61283.27 rows=2528527 width=4) (actual time=0.008..1036.162 rows=2528312 loops=1)
Planning time: 0.625 ms
Execution time: 51757.068 ms
