Hash Join  (cost=187347.63..1245193.23 rows=7737112 width=0) (actual time=5865.941..45320.323 rows=32756505 loops=1)
  Hash Cond: (ci.movie_id = t.id)
  ->  Seq Scan on cast_info ci  (cost=0.00..705507.15 rows=23499554 width=4) (actual time=0.021..16421.694 rows=23573656 loops=1)
        Filter: (role_id > 1)
        Rows Removed by Filter: 12670688
  ->  Hash  (cost=173689.32..173689.32 rows=832505 width=8) (actual time=5865.015..5865.015 rows=1691571 loops=1)
        Buckets: 131072 (originally 131072)  Batches: 32 (originally 16)  Memory Usage: 3085kB
        ->  Hash Join  (cost=87162.74..173689.32 rows=832505 width=8) (actual time=2099.158..5039.299 rows=1691571 loops=1)
              Hash Cond: (mc.movie_id = t.id)
              ->  Seq Scan on movie_companies mc  (cost=0.00..44881.29 rows=2609129 width=4) (actual time=0.018..944.356 rows=2609129 loops=1)
              ->  Hash  (cost=73925.90..73925.90 rows=806787 width=4) (actual time=2098.081..2098.081 rows=843018 loops=1)
                    Buckets: 131072  Batches: 16  Memory Usage: 2879kB
                    ->  Seq Scan on title t  (cost=0.00..73925.90 rows=806787 width=4) (actual time=0.021..1283.012 rows=843018 loops=1)
                          Filter: ((kind_id < 7) AND (production_year < 2011))
                          Rows Removed by Filter: 1685294
Planning time: 1.099 ms
Execution time: 48985.803 ms
