Hash Join  (cost=190230.21..313751.56 rows=1190530 width=0) (actual time=4498.057..8345.541 rows=4953413 loops=1)
  Hash Cond: (mk.movie_id = t.id)
  ->  Seq Scan on movie_keyword mk  (cost=0.00..81003.12 rows=2181312 width=4) (actual time=0.027..1514.075 rows=2181383 loops=1)
        Filter: (keyword_id < 4310)
        Rows Removed by Filter: 2342547
  ->  Hash  (cost=167588.78..167588.78 rows=1380035 width=8) (actual time=4495.963..4495.963 rows=1380035 loops=1)
        Buckets: 131072  Batches: 32  Memory Usage: 2726kB
        ->  Hash Join  (cost=102767.86..167588.78 rows=1380035 width=8) (actual time=2186.666..4093.972 rows=1380035 loops=1)
              Hash Cond: (mi_idx.movie_id = t.id)
              ->  Seq Scan on movie_info_idx mi_idx  (cost=0.00..21735.35 rows=1380035 width=4) (actual time=0.014..442.769 rows=1380035 loops=1)
              ->  Hash  (cost=61283.27..61283.27 rows=2528527 width=4) (actual time=2185.936..2185.936 rows=2528312 loops=1)
                    Buckets: 131072  Batches: 64  Memory Usage: 2415kB
                    ->  Seq Scan on title t  (cost=0.00..61283.27 rows=2528527 width=4) (actual time=0.013..1061.472 rows=2528312 loops=1)
Planning time: 1.189 ms
Execution time: 8907.006 ms
