Seq Scan on cast_info ci  (cost=0.00..796071.18 rows=176 width=0) (actual time=7939.723..10772.108 rows=3 loops=1)
  Filter: ((person_id = 181488) AND (role_id = 1))
  Rows Removed by Filter: 36244341
Planning time: 0.377 ms
Execution time: 10772.236 ms
