Seq Scan on movie_keyword mk  (cost=0.00..81003.12 rows=5299 width=0) (actual time=802.316..1318.755 rows=4077 loops=1)
  Filter: (keyword_id > 130343)
  Rows Removed by Filter: 4519853
Planning time: 0.183 ms
Execution time: 1319.408 ms
