Nested Loop  (cost=0.43..28266.72 rows=295 width=0) (actual time=175.555..385.381 rows=168 loops=1)
  ->  Seq Scan on movie_info_idx mi_idx  (cost=0.00..25185.44 rows=368 width=4) (actual time=175.475..377.691 rows=260 loops=1)
        Filter: (info_type_id > 101)
        Rows Removed by Filter: 1379775
  ->  Index Scan using title_pkey on title t  (cost=0.43..8.36 rows=1 width=4) (actual time=0.029..0.029 rows=1 loops=260)
        Index Cond: (id = mi_idx.movie_id)
        Filter: (production_year > 1974)
        Rows Removed by Filter: 0
Planning time: 0.592 ms
Execution time: 385.524 ms
