Hash Join  (cost=190910.82..332744.46 rows=1627760 width=0) (actual time=5730.368..7508.118 rows=725931 loops=1)
  Hash Cond: (mk.movie_id = t.id)
  ->  Seq Scan on movie_keyword mk  (cost=0.00..69693.30 rows=4523930 width=4) (actual time=0.014..1486.962 rows=4523930 loops=1)
  ->  Hash  (cost=175984.42..175984.42 rows=909792 width=8) (actual time=3972.003..3972.003 rows=438217 loops=1)
        Buckets: 131072  Batches: 16  Memory Usage: 2093kB
        ->  Hash Join  (cost=88391.98..175984.42 rows=909792 width=8) (actual time=1593.091..3832.566 rows=438217 loops=1)
              Hash Cond: (mc.movie_id = t.id)
              ->  Seq Scan on movie_companies mc  (cost=0.00..44881.29 rows=2609129 width=4) (actual time=0.022..860.569 rows=2609129 loops=1)
              ->  Hash  (cost=73925.90..73925.90 rows=881686 width=4) (actual time=1417.221..1417.221 rows=801513 loops=1)
                    Buckets: 131072  Batches: 16  Memory Usage: 2786kB
                    ->  Seq Scan on title t  (cost=0.00..73925.90 rows=881686 width=4) (actual time=0.016..1159.221 rows=801513 loops=1)
                          Filter: ((production_year < 2006) AND (kind_id = 7))
                          Rows Removed by Filter: 1726799
Planning time: 1.050 ms
Execution time: 7586.694 ms
