Hash Join  (cost=270217.54..1663495.65 rows=30585289 width=0) (actual time=6156.553..60171.028 rows=92220506 loops=1)
  Hash Cond: (ci.movie_id = t.id)
  ->  Seq Scan on cast_info ci  (cost=0.00..614943.12 rows=36225612 width=4) (actual time=0.008..13741.794 rows=36244344 loops=1)
  ->  Hash  (cost=235192.09..235192.09 rows=2134836 width=8) (actual time=6154.183..6154.183 rows=1582474 loops=1)
        Buckets: 131072  Batches: 32  Memory Usage: 3007kB
        ->  Hash Join  (cost=87180.69..235192.09 rows=2134836 width=8) (actual time=1856.484..5707.555 rows=1582474 loops=1)
              Hash Cond: (mk.movie_id = t.id)
              ->  Seq Scan on movie_keyword mk  (cost=0.00..69693.30 rows=4523930 width=4) (actual time=0.026..1377.202 rows=4523930 loops=1)
              ->  Hash  (cost=67604.59..67604.59 rows=1193208 width=4) (actual time=1855.128..1855.128 rows=1192518 loops=1)
                    Buckets: 131072  Batches: 16  Memory Usage: 3654kB
                    ->  Seq Scan on title t  (cost=0.00..67604.59 rows=1193208 width=4) (actual time=0.021..1241.706 rows=1192518 loops=1)
                          Filter: (production_year > 2003)
                          Rows Removed by Filter: 1335794
Planning time: 1.099 ms
Execution time: 70021.523 ms
