Seq Scan on movie_keyword mk  (cost=0.00..81003.12 rows=3848633 width=0) (actual time=0.019..1489.139 rows=3845186 loops=1)
  Filter: (keyword_id < 27585)
  Rows Removed by Filter: 678744
Planning time: 0.320 ms
Execution time: 1959.788 ms
