Seq Scan on movie_keyword mk  (cost=0.00..81003.12 rows=2243422 width=0) (actual time=0.025..1497.713 rows=2242990 loops=1)
  Filter: (keyword_id > 4834)
  Rows Removed by Filter: 2280940
Planning time: 0.306 ms
Execution time: 1793.864 ms
