Hash Join  (cost=89893.22..233109.77 rows=1741252 width=0) (actual time=2058.861..5855.211 rows=864948 loops=1)
  Hash Cond: (mk.movie_id = t.id)
  ->  Seq Scan on movie_keyword mk  (cost=0.00..69693.30 rows=4523930 width=4) (actual time=0.015..1425.291 rows=4523930 loops=1)
  ->  Hash  (cost=73925.90..73925.90 rows=973225 width=4) (actual time=2058.047..2058.047 rows=1057588 loops=1)
        Buckets: 131072  Batches: 16  Memory Usage: 3361kB
        ->  Seq Scan on title t  (cost=0.00..73925.90 rows=973225 width=4) (actual time=0.024..1379.650 rows=1057588 loops=1)
              Filter: ((kind_id > 1) AND (production_year > 2001))
              Rows Removed by Filter: 1470724
Planning time: 0.624 ms
Execution time: 5961.495 ms
