Nested Loop  (cost=0.43..83072.29 rows=175 width=0) (actual time=3.997..1273.959 rows=35 loops=1)
  ->  Seq Scan on movie_keyword mk  (cost=0.00..81003.12 rows=246 width=4) (actual time=3.950..1268.669 rows=36 loops=1)
        Filter: (keyword_id = 63369)
        Rows Removed by Filter: 4523894
  ->  Index Scan using title_pkey on title t  (cost=0.43..8.40 rows=1 width=4) (actual time=0.141..0.142 rows=1 loops=36)
        Index Cond: (id = mk.movie_id)
        Filter: (production_year < 2009)
        Rows Removed by Filter: 0
Planning time: 0.765 ms
Execution time: 1274.094 ms
