Seq Scan on movie_companies mc  (cost=0.00..57926.93 rows=53 width=0) (actual time=576.729..776.884 rows=586 loops=1)
  Filter: ((company_id = 91850) AND (company_type_id = 2))
  Rows Removed by Filter: 2608543
Planning time: 0.332 ms
Execution time: 777.074 ms
