Seq Scan on movie_keyword mk  (cost=0.00..81003.12 rows=4482918 width=0) (actual time=0.026..1021.340 rows=4487523 loops=1)
  Filter: (keyword_id > 42)
  Rows Removed by Filter: 36407
Planning time: 1.044 ms
Execution time: 1403.327 ms
