Hash Join  (cost=834317.71..877012.40 rows=291521 width=0) (actual time=15949.184..17277.517 rows=460272 loops=1)
  Hash Cond: (mi_idx.movie_id = t.id)
  ->  Seq Scan on movie_info_idx mi_idx  (cost=0.00..21735.35 rows=1380035 width=4) (actual time=0.011..514.335 rows=1380035 loops=1)
  ->  Hash  (cost=825554.09..825554.09 rows=534130 width=8) (actual time=15948.436..15948.436 rows=451446 loops=1)
        Buckets: 131072  Batches: 8  Memory Usage: 3220kB
        ->  Hash Join  (cost=98137.04..825554.09 rows=534130 width=8) (actual time=6431.168..15813.839 rows=451446 loops=1)
              Hash Cond: (ci.movie_id = t.id)
              ->  Seq Scan on cast_info ci  (cost=0.00..705507.15 rows=725720 width=4) (actual time=4359.413..12892.975 rows=773674 loops=1)
                    Filter: (role_id = 6)
                    Rows Removed by Filter: 35470670
              ->  Hash  (cost=67604.59..67604.59 rows=1860996 width=4) (actual time=2070.370..2070.370 rows=1865487 loops=1)
                    Buckets: 131072  Batches: 32  Memory Usage: 3079kB
                    ->  Seq Scan on title t  (cost=0.00..67604.59 rows=1860996 width=4) (actual time=0.292..1469.357 rows=1865487 loops=1)
                          Filter: (kind_id > 1)
                          Rows Removed by Filter: 662825
Planning time: 0.760 ms
Execution time: 17341.005 ms
