Hash Join  (cost=83074.65..452198.70 rows=456 width=0) (actual time=1534.673..7669.917 rows=772 loops=1)
  Hash Cond: (mi.movie_id = t.id)
  ->  Seq Scan on movie_info mi  (cost=0.00..346232.03 rows=6103325 width=4) (actual time=0.023..5469.067 rows=6083429 loops=1)
        Filter: (info_type_id > 9)
        Rows Removed by Filter: 8752291
  ->  Hash  (cost=83072.29..83072.29 rows=189 width=8) (actual time=1364.811..1364.811 rows=7 loops=1)
        Buckets: 1024  Batches: 1  Memory Usage: 9kB
        ->  Nested Loop  (cost=0.43..83072.29 rows=189 width=8) (actual time=116.065..1364.795 rows=7 loops=1)
              ->  Seq Scan on movie_keyword mk  (cost=0.00..81003.12 rows=246 width=4) (actual time=78.432..1363.454 rows=25 loops=1)
                    Filter: (keyword_id = 7929)
                    Rows Removed by Filter: 4523905
              ->  Index Scan using title_pkey on title t  (cost=0.43..8.40 rows=1 width=4) (actual time=0.047..0.047 rows=0 loops=25)
                    Index Cond: (id = mk.movie_id)
                    Filter: (production_year > 1980)
                    Rows Removed by Filter: 1
Planning time: 1.190 ms
Execution time: 7670.220 ms
