Seq Scan on cast_info ci  (cost=0.00..705507.15 rows=28315128 width=0) (actual time=0.018..13022.118 rows=28355159 loops=1)
  Filter: (person_id < 2889391)
  Rows Removed by Filter: 7889185
Planning time: 0.257 ms
Execution time: 16557.209 ms
