Hash Join  (cost=102767.86..189747.26 rows=1067895 width=0) (actual time=1975.485..4027.723 rows=1063755 loops=1)
  Hash Cond: (mc.movie_id = t.id)
  ->  Seq Scan on movie_companies mc  (cost=0.00..51404.11 rows=1067895 width=4) (actual time=0.025..989.261 rows=1063755 loops=1)
        Filter: (company_id < 6429)
        Rows Removed by Filter: 1545374
  ->  Hash  (cost=61283.27..61283.27 rows=2528527 width=4) (actual time=1974.176..1974.176 rows=2528312 loops=1)
        Buckets: 131072  Batches: 64  Memory Usage: 2415kB
        ->  Seq Scan on title t  (cost=0.00..61283.27 rows=2528527 width=4) (actual time=0.021..1123.461 rows=2528312 loops=1)
Planning time: 0.741 ms
Execution time: 4127.569 ms
