Hash Join  (cost=74050.79..882986.13 rows=134213 width=0) (actual time=4404.509..12572.593 rows=50687 loops=1)
  Hash Cond: (ci.movie_id = t.id)
  ->  Seq Scan on cast_info ci  (cost=0.00..796071.18 rows=863742 width=4) (actual time=3354.056..11305.492 rows=282638 loops=1)
        Filter: ((person_id < 694849) AND (role_id = 10))
        Rows Removed by Filter: 35961706
  ->  Hash  (cost=67604.59..67604.59 rows=392896 width=4) (actual time=1049.469..1049.469 rows=391666 loops=1)
        Buckets: 131072  Batches: 8  Memory Usage: 2753kB
        ->  Seq Scan on title t  (cost=0.00..67604.59 rows=392896 width=4) (actual time=0.030..931.343 rows=391666 loops=1)
              Filter: (production_year > 2010)
              Rows Removed by Filter: 2136646
Planning time: 0.729 ms
Execution time: 12580.027 ms
