Hash Join  (cost=83073.23..137739.02 rows=27 width=0) (actual time=1157.339..2275.729 rows=438 loops=1)
  Hash Cond: (mc.movie_id = t.id)
  ->  Seq Scan on movie_companies mc  (cost=0.00..44881.29 rows=2609129 width=4) (actual time=0.015..678.572 rows=2609129 loops=1)
  ->  Hash  (cost=83072.90..83072.90 rows=26 width=8) (actual time=1152.708..1152.708 rows=52 loops=1)
        Buckets: 1024  Batches: 1  Memory Usage: 11kB
        ->  Nested Loop  (cost=0.43..83072.90 rows=26 width=8) (actual time=17.978..1152.619 rows=52 loops=1)
              ->  Seq Scan on movie_keyword mk  (cost=0.00..81003.12 rows=246 width=4) (actual time=0.471..1122.728 rows=573 loops=1)
                    Filter: (keyword_id = 4605)
                    Rows Removed by Filter: 4523357
              ->  Index Scan using title_pkey on title t  (cost=0.43..8.40 rows=1 width=4) (actual time=0.050..0.051 rows=0 loops=573)
                    Index Cond: (id = mk.movie_id)
                    Filter: ((kind_id < 4) AND (production_year > 2007))
                    Rows Removed by Filter: 1
Planning time: 2.219 ms
Execution time: 2275.989 ms
