Seq Scan on cast_info ci  (cost=0.00..796071.18 rows=612539 width=0) (actual time=2714.629..12018.761 rows=2631329 loops=1)
  Filter: ((person_id > 3553519) AND (role_id > 5))
  Rows Removed by Filter: 33613015
Planning time: 0.348 ms
Execution time: 12346.351 ms
