Hash Join  (cost=150558.55..987815.62 rows=214531 width=0) (actual time=10277.992..21140.902 rows=1894787 loops=1)
  Hash Cond: (ci.movie_id = t.id)
  ->  Seq Scan on cast_info ci  (cost=0.00..796071.18 rows=3321222 width=4) (actual time=6966.278..15450.105 rows=4000364 loops=1)
        Filter: ((person_id > 810098) AND (role_id = 10))
        Rows Removed by Filter: 32243980
  ->  Hash  (cost=147878.95..147878.95 rows=163328 width=8) (actual time=3310.756..3310.756 rows=522643 loops=1)
        Buckets: 131072 (originally 131072)  Batches: 8 (originally 4)  Memory Usage: 3584kB
        ->  Hash Join  (cost=78556.72..147878.95 rows=163328 width=8) (actual time=1626.096..3168.529 rows=522643 loops=1)
              Hash Cond: (mc.movie_id = t.id)
              ->  Seq Scan on movie_companies mc  (cost=0.00..57926.93 rows=618668 width=4) (actual time=0.048..1154.821 rows=886998 loops=1)
                    Filter: ((company_id > 11961) AND (company_type_id = 2))
                    Rows Removed by Filter: 1722131
              ->  Hash  (cost=67604.59..67604.59 rows=667531 width=4) (actual time=1353.642..1353.642 rows=662825 loops=1)
                    Buckets: 131072  Batches: 16  Memory Usage: 2476kB
                    ->  Seq Scan on title t  (cost=0.00..67604.59 rows=667531 width=4) (actual time=0.020..1149.688 rows=662825 loops=1)
                          Filter: (kind_id = 1)
                          Rows Removed by Filter: 1865487
Planning time: 1.330 ms
Execution time: 21349.107 ms
