Seq Scan on cast_info ci  (cost=0.00..705507.15 rows=23225425 width=0) (actual time=0.014..13310.041 rows=23288218 loops=1)
  Filter: (person_id > 1280064)
  Rows Removed by Filter: 12956126
Planning time: 0.336 ms
Execution time: 16209.758 ms
