Hash Join  (cost=207785.32..1165232.03 rows=1707542 width=0) (actual time=6477.505..25299.684 rows=3176746 loops=1)
  Hash Cond: (ci.movie_id = t.id)
  ->  Seq Scan on cast_info ci  (cost=0.00..796071.18 rows=12361896 width=4) (actual time=2228.126..16617.072 rows=7538777 loops=1)
        Filter: ((person_id < 2829684) AND (role_id > 2))
        Rows Removed by Filter: 28705567
  ->  Hash  (cost=202054.52..202054.52 rows=349264 width=8) (actual time=4235.026..4235.026 rows=363692 loops=1)
        Buckets: 131072  Batches: 8  Memory Usage: 2828kB
        ->  Hash Join  (cost=102767.86..202054.52 rows=349264 width=8) (actual time=2031.766..4130.113 rows=363692 loops=1)
              Hash Cond: (mk.movie_id = t.id)
              ->  Seq Scan on movie_keyword mk  (cost=0.00..81003.12 rows=349264 width=4) (actual time=0.038..1409.272 rows=363692 loops=1)
                    Filter: (keyword_id < 335)
                    Rows Removed by Filter: 4160238
              ->  Hash  (cost=61283.27..61283.27 rows=2528527 width=4) (actual time=2029.755..2029.755 rows=2528312 loops=1)
                    Buckets: 131072  Batches: 64  Memory Usage: 2425kB
                    ->  Seq Scan on title t  (cost=0.00..61283.27 rows=2528527 width=4) (actual time=0.016..1149.854 rows=2528312 loops=1)
Planning time: 1.238 ms
Execution time: 25658.492 ms
