Hash Join  (cost=98137.04..898069.67 rows=3179894 width=0) (actual time=9777.644..18982.602 rows=3336932 loops=1)
  Hash Cond: (ci.movie_id = t.id)
  ->  Seq Scan on cast_info ci  (cost=0.00..705507.15 rows=4320508 width=4) (actual time=7994.249..13632.629 rows=4323018 loops=1)
        Filter: (role_id = 10)
        Rows Removed by Filter: 31921326
  ->  Hash  (cost=67604.59..67604.59 rows=1860996 width=4) (actual time=1781.638..1781.638 rows=1865487 loops=1)
        Buckets: 131072  Batches: 32  Memory Usage: 3079kB
        ->  Seq Scan on title t  (cost=0.00..67604.59 rows=1860996 width=4) (actual time=0.022..1196.916 rows=1865487 loops=1)
              Filter: (kind_id > 1)
              Rows Removed by Filter: 662825
Planning time: 0.707 ms
Execution time: 19355.868 ms
