Hash Join  (cost=196092.20..1282537.19 rows=1914567 width=0) (actual time=3847.431..32718.905 rows=7431219 loops=1)
  Hash Cond: (ci.movie_id = t.id)
  ->  Seq Scan on cast_info ci  (cost=0.00..705507.15 rows=28185034 width=4) (actual time=0.019..16267.017 rows=28233226 loops=1)
        Filter: (person_id < 2879113)
        Rows Removed by Filter: 8011118
  ->  Hash  (cost=193274.21..193274.21 rows=171759 width=8) (actual time=3846.623..3846.623 rows=175199 loops=1)
        Buckets: 131072  Batches: 4  Memory Usage: 2760kB
        ->  Hash Join  (cost=69179.59..193274.21 rows=171759 width=8) (actual time=1090.122..3798.265 rows=175199 loops=1)
              Hash Cond: (mk.movie_id = t.id)
              ->  Seq Scan on movie_keyword mk  (cost=0.00..69693.30 rows=4523930 width=4) (actual time=0.014..1388.313 rows=4523930 loops=1)
              ->  Hash  (cost=67604.59..67604.59 rows=96000 width=4) (actual time=1088.760..1088.760 rows=95005 loops=1)
                    Buckets: 131072  Batches: 2  Memory Usage: 2722kB
                    ->  Seq Scan on title t  (cost=0.00..67604.59 rows=96000 width=4) (actual time=0.016..1050.599 rows=95005 loops=1)
                          Filter: (production_year = 2005)
                          Rows Removed by Filter: 2433307
Planning time: 1.218 ms
Execution time: 33471.074 ms
