Hash Join  (cost=98137.04..171155.96 rows=285348 width=0) (actual time=2200.866..3144.206 rows=15930 loops=1)
  Hash Cond: (mc.movie_id = t.id)
  ->  Seq Scan on movie_companies mc  (cost=0.00..57926.93 rows=387701 width=4) (actual time=336.650..922.446 rows=70637 loops=1)
        Filter: ((company_id > 30745) AND (company_type_id < 2))
        Rows Removed by Filter: 2538492
  ->  Hash  (cost=67604.59..67604.59 rows=1860996 width=4) (actual time=1863.361..1863.361 rows=1865487 loops=1)
        Buckets: 131072  Batches: 32  Memory Usage: 3079kB
        ->  Seq Scan on title t  (cost=0.00..67604.59 rows=1860996 width=4) (actual time=0.029..1272.420 rows=1865487 loops=1)
              Filter: (kind_id > 1)
              Rows Removed by Filter: 662825
Planning time: 0.739 ms
Execution time: 3146.391 ms
