Seq Scan on cast_info ci  (cost=0.00..705507.15 rows=2930726 width=0) (actual time=789.435..10945.901 rows=2995815 loops=1)
  Filter: (person_id > 3505541)
  Rows Removed by Filter: 33248529
Planning time: 0.899 ms
Execution time: 11325.424 ms
