Hash Join  (cost=74787.47..167612.55 rows=80111 width=0) (actual time=1559.348..3447.427 rows=19612 loops=1)
  Hash Cond: (mk.movie_id = t.id)
  ->  Seq Scan on movie_keyword mk  (cost=0.00..81003.12 rows=2938892 width=4) (actual time=0.018..1640.632 rows=2924997 loops=1)
        Filter: (keyword_id < 9592)
        Rows Removed by Filter: 1598933
  ->  Hash  (cost=73925.90..73925.90 rows=68925 width=4) (actual time=1274.774..1274.774 rows=84076 loops=1)
        Buckets: 131072  Batches: 1  Memory Usage: 3980kB
        ->  Seq Scan on title t  (cost=0.00..73925.90 rows=68925 width=4) (actual time=0.013..1241.241 rows=84076 loops=1)
              Filter: ((kind_id = 7) AND (production_year = 2007))
              Rows Removed by Filter: 2444236
Planning time: 2.858 ms
Execution time: 3449.925 ms
