Hash Join  (cost=166341.31..533167.37 rows=217012 width=0) (actual time=2902.057..9372.915 rows=20126 loops=1)
  Hash Cond: (mi.movie_id = t.id)
  ->  Seq Scan on movie_info mi  (cost=0.00..309384.22 rows=14739122 width=4) (actual time=0.014..3823.211 rows=14835720 loops=1)
  ->  Hash  (cost=165875.95..165875.95 rows=37229 width=8) (actual time=2819.956..2819.956 rows=3372 loops=1)
        Buckets: 65536  Batches: 1  Memory Usage: 644kB
        ->  Hash Join  (cost=76243.83..165875.95 rows=37229 width=8) (actual time=1423.455..2818.298 rows=3372 loops=1)
              Hash Cond: (mk.movie_id = t.id)
              ->  Seq Scan on movie_keyword mk  (cost=0.00..81003.12 rows=666322 width=4) (actual time=0.020..1446.649 rows=665815 loops=1)
                    Filter: (keyword_id < 520)
                    Rows Removed by Filter: 3858115
              ->  Hash  (cost=73925.90..73925.90 rows=141274 width=4) (actual time=1115.331..1115.331 rows=150659 loops=1)
                    Buckets: 131072  Batches: 2  Memory Usage: 3679kB
                    ->  Seq Scan on title t  (cost=0.00..73925.90 rows=141274 width=4) (actual time=0.024..1059.190 rows=150659 loops=1)
                          Filter: ((production_year > 2011) AND (kind_id = 7))
                          Rows Removed by Filter: 2377653
Planning time: 1.241 ms
Execution time: 9375.830 ms
