Hash Join  (cost=134251.00..636182.27 rows=2073533 width=0) (actual time=3145.667..20291.200 rows=14046210 loops=1)
  Hash Cond: (mi.movie_id = t.id)
  ->  Seq Scan on movie_info mi  (cost=0.00..309384.22 rows=14739122 width=4) (actual time=0.007..6267.896 rows=14835720 loops=1)
  ->  Hash  (cost=128414.51..128414.51 rows=355719 width=8) (actual time=3144.875..3144.875 rows=758992 loops=1)
        Buckets: 131072 (originally 131072)  Batches: 16 (originally 8)  Memory Usage: 3073kB
        ->  Hash Join  (cost=84618.84..128414.51 rows=355719 width=8) (actual time=1560.623..2946.835 rows=758992 loops=1)
              Hash Cond: (mi_idx.movie_id = t.id)
              ->  Seq Scan on movie_info_idx mi_idx  (cost=0.00..21735.35 rows=1380035 width=4) (actual time=0.041..498.251 rows=1380035 loops=1)
              ->  Hash  (cost=73925.90..73925.90 rows=651755 width=4) (actual time=1559.686..1559.686 rows=711179 loops=1)
                    Buckets: 131072  Batches: 16  Memory Usage: 2590kB
                    ->  Seq Scan on title t  (cost=0.00..73925.90 rows=651755 width=4) (actual time=0.036..1308.050 rows=711179 loops=1)
                          Filter: ((kind_id < 7) AND (production_year < 2008))
                          Rows Removed by Filter: 1817133
Planning time: 0.755 ms
Execution time: 21944.026 ms
