Hash Join  (cost=58358.90..423017.80 rows=297 width=0) (actual time=936.404..7084.171 rows=14686 loops=1)
  Hash Cond: (mi.movie_id = t.id)
  ->  Seq Scan on movie_info mi  (cost=0.00..309384.22 rows=14739122 width=4) (actual time=0.019..3590.320 rows=14835720 loops=1)
  ->  Hash  (cost=58358.27..58358.27 rows=51 width=8) (actual time=858.502..858.502 rows=1366 loops=1)
        Buckets: 2048 (originally 1024)  Batches: 1 (originally 1)  Memory Usage: 70kB
        ->  Nested Loop  (cost=0.43..58358.27 rows=51 width=8) (actual time=349.146..857.698 rows=1366 loops=1)
              ->  Seq Scan on movie_companies mc  (cost=0.00..57926.93 rows=51 width=4) (actual time=349.027..828.715 rows=1366 loops=1)
                    Filter: ((company_type_id < 2) AND (company_id = 11961))
                    Rows Removed by Filter: 2607763
              ->  Index Only Scan using title_pkey on title t  (cost=0.43..8.45 rows=1 width=4) (actual time=0.020..0.020 rows=1 loops=1366)
                    Index Cond: (id = mc.movie_id)
                    Heap Fetches: 1366
Planning time: 1.193 ms
Execution time: 7087.001 ms
