Hash Join  (cost=77280.64..155238.94 rows=210977 width=0) (actual time=1331.570..3687.491 rows=646046 loops=1)
  Hash Cond: (mc.movie_id = t.id)
  ->  Seq Scan on movie_companies mc  (cost=0.00..44881.29 rows=2609129 width=4) (actual time=0.021..1019.587 rows=2609129 loops=1)
  ->  Hash  (cost=73925.90..73925.90 rows=204459 width=4) (actual time=1330.721..1330.721 rows=313929 loops=1)
        Buckets: 131072  Batches: 4  Memory Usage: 3786kB
        ->  Seq Scan on title t  (cost=0.00..73925.90 rows=204459 width=4) (actual time=0.099..1231.340 rows=313929 loops=1)
              Filter: ((kind_id < 7) AND (production_year < 1981))
              Rows Removed by Filter: 2214383
Planning time: 0.756 ms
Execution time: 3760.922 ms
