Hash Join  (cost=134419.52..517549.48 rows=27159 width=0) (actual time=2248.666..10570.002 rows=281213 loops=1)
  Hash Cond: (mi.movie_id = t.id)
  ->  Seq Scan on movie_info mi  (cost=0.00..346232.03 rows=9767026 width=4) (actual time=0.026..6597.865 rows=9911754 loops=1)
        Filter: (info_type_id > 4)
        Rows Removed by Filter: 4923966
  ->  Hash  (cost=134331.63..134331.63 rows=7031 width=8) (actual time=2163.046..2163.046 rows=7338 loops=1)
        Buckets: 8192  Batches: 1  Memory Usage: 351kB
        ->  Hash Join  (cost=74344.78..134331.63 rows=7031 width=8) (actual time=1068.404..2159.864 rows=7338 loops=1)
              Hash Cond: (mc.movie_id = t.id)
              ->  Seq Scan on movie_companies mc  (cost=0.00..57926.93 rows=530561 width=4) (actual time=0.025..1028.948 rows=245053 loops=1)
                    Filter: ((company_id > 14145) AND (company_type_id < 2))
                    Rows Removed by Filter: 2364076
              ->  Hash  (cost=73925.90..73925.90 rows=33510 width=4) (actual time=1068.040..1068.040 rows=22107 loops=1)
                    Buckets: 65536  Batches: 1  Memory Usage: 1290kB
                    ->  Seq Scan on title t  (cost=0.00..73925.90 rows=33510 width=4) (actual time=498.374..1058.479 rows=22107 loops=1)
                          Filter: ((kind_id = 1) AND (production_year = 2008))
                          Rows Removed by Filter: 2506205
Planning time: 8.741 ms
Execution time: 10607.556 ms
