Hash Join  (cost=142166.39..169358.00 rows=28113 width=0) (actual time=2788.851..3638.050 rows=94875 loops=1)
  Hash Cond: (mi_idx.movie_id = t.id)
  ->  Seq Scan on movie_info_idx mi_idx  (cost=0.00..21735.35 rows=1380035 width=4) (actual time=0.019..322.712 rows=1380035 loops=1)
  ->  Hash  (cost=141522.51..141522.51 rows=51510 width=8) (actual time=2788.332..2788.332 rows=86915 loops=1)
        Buckets: 131072 (originally 65536)  Batches: 2 (originally 1)  Memory Usage: 3073kB
        ->  Hash Join  (cost=69484.36..141522.51 rows=51510 width=8) (actual time=1297.880..2753.224 rows=86915 loops=1)
              Hash Cond: (mc.movie_id = t.id)
              ->  Seq Scan on movie_companies mc  (cost=0.00..57926.93 rows=1137098 width=4) (actual time=0.016..1246.050 rows=1054237 loops=1)
                    Filter: ((company_id > 158) AND (company_type_id = 1))
                    Rows Removed by Filter: 1554892
              ->  Hash  (cost=67604.59..67604.59 rows=114542 width=4) (actual time=1088.664..1088.664 rows=118234 loops=1)
                    Buckets: 131072  Batches: 2  Memory Usage: 3101kB
                    ->  Seq Scan on title t  (cost=0.00..67604.59 rows=114542 width=4) (actual time=43.227..1046.291 rows=118234 loops=1)
                          Filter: (kind_id = 4)
                          Rows Removed by Filter: 2410078
Planning time: 1.249 ms
Execution time: 3650.184 ms
