Seq Scan on movie_keyword mk  (cost=0.00..81003.12 rows=988745 width=0) (actual time=0.027..1417.624 rows=995203 loops=1)
  Filter: (keyword_id < 944)
  Rows Removed by Filter: 3528727
Planning time: 0.311 ms
Execution time: 1543.333 ms
