Hash Join  (cost=52284.01..803073.90 rows=72 width=0) (actual time=834.296..16206.603 rows=851 loops=1)
  Hash Cond: (ci.movie_id = t.id)
  ->  Seq Scan on cast_info ci  (cost=0.00..614943.12 rows=36225612 width=4) (actual time=0.024..8684.802 rows=36244344 loops=1)
  ->  Hash  (cost=52283.95..52283.95 rows=5 width=8) (actual time=832.216..832.216 rows=10 loops=1)
        Buckets: 1024  Batches: 1  Memory Usage: 9kB
        ->  Nested Loop  (cost=0.43..52283.95 rows=5 width=8) (actual time=72.539..832.188 rows=10 loops=1)
              ->  Seq Scan on movie_companies mc  (cost=0.00..51404.11 rows=104 width=4) (actual time=0.030..822.155 rows=422 loops=1)
                    Filter: (company_id = 12540)
                    Rows Removed by Filter: 2608707
              ->  Index Scan using title_pkey on title t  (cost=0.43..8.45 rows=1 width=4) (actual time=0.023..0.023 rows=0 loops=422)
                    Index Cond: (id = mc.movie_id)
                    Filter: (production_year = 2007)
                    Rows Removed by Filter: 1
Planning time: 1.145 ms
Execution time: 16207.266 ms
