Seq Scan on movie_keyword mk  (cost=0.00..81003.12 rows=246 width=0) (actual time=0.372..1301.077 rows=3235 loops=1)
  Filter: (keyword_id = 16131)
  Rows Removed by Filter: 4520695
Planning time: 0.266 ms
Execution time: 1301.912 ms
