Hash Join  (cost=67697.55..152492.31 rows=2951 width=0) (actual time=1129.095..2638.368 rows=5575 loops=1)
  Hash Cond: (mk.movie_id = t.id)
  ->  Seq Scan on movie_keyword mk  (cost=0.00..81003.12 rows=1003233 width=4) (actual time=0.028..1329.361 rows=1010878 loops=1)
        Filter: (keyword_id > 18021)
        Rows Removed by Filter: 3513052
  ->  Hash  (cost=67604.59..67604.59 rows=7437 width=4) (actual time=1126.994..1126.994 rows=13711 loops=1)
        Buckets: 16384 (originally 8192)  Batches: 1 (originally 1)  Memory Usage: 611kB
        ->  Seq Scan on title t  (cost=0.00..67604.59 rows=7437 width=4) (actual time=0.144..1120.297 rows=13711 loops=1)
              Filter: (production_year = 1966)
              Rows Removed by Filter: 2514601
Planning time: 0.743 ms
Execution time: 2639.495 ms
