Hash Join  (cost=102767.86..215925.56 rows=925697 width=0) (actual time=1950.409..4444.137 rows=934355 loops=1)
  Hash Cond: (mk.movie_id = t.id)
  ->  Seq Scan on movie_keyword mk  (cost=0.00..81003.12 rows=925697 width=4) (actual time=0.021..1388.653 rows=934355 loops=1)
        Filter: (keyword_id < 875)
        Rows Removed by Filter: 3589575
  ->  Hash  (cost=61283.27..61283.27 rows=2528527 width=4) (actual time=1948.317..1948.317 rows=2528312 loops=1)
        Buckets: 131072  Batches: 64  Memory Usage: 2425kB
        ->  Seq Scan on title t  (cost=0.00..61283.27 rows=2528527 width=4) (actual time=0.011..1086.590 rows=2528312 loops=1)
Planning time: 0.751 ms
Execution time: 4556.163 ms
