Seq Scan on cast_info ci  (cost=0.00..705507.15 rows=500 width=0) (actual time=3857.969..11159.271 rows=80 loops=1)
  Filter: (person_id = 894968)
  Rows Removed by Filter: 36244264
Planning time: 0.398 ms
Execution time: 11159.413 ms
