Seq Scan on movie_info mi  (cost=0.00..346232.03 rows=979897 width=0) (actual time=1217.163..5445.056 rows=1033261 loops=1)
  Filter: (info_type_id > 81)
  Rows Removed by Filter: 13802459
Planning time: 0.346 ms
Execution time: 5581.317 ms
