Hash Join  (cost=192995.82..1029154.89 rows=836669 width=0) (actual time=5376.429..22621.106 rows=1111602 loops=1)
  Hash Cond: (ci.movie_id = t.id)
  ->  Seq Scan on cast_info ci  (cost=0.00..705507.15 rows=10507800 width=4) (actual time=797.731..12779.893 rows=10337435 loops=1)
        Filter: (person_id < 1015959)
        Rows Removed by Filter: 25906909
  ->  Hash  (cost=189692.20..189692.20 rows=201330 width=8) (actual time=4574.490..4574.490 rows=68655 loops=1)
        Buckets: 131072  Batches: 4  Memory Usage: 1647kB
        ->  Hash Join  (cost=70308.29..189692.20 rows=201330 width=8) (actual time=1139.122..4551.248 rows=68655 loops=1)
              Hash Cond: (mk.movie_id = t.id)
              ->  Seq Scan on movie_keyword mk  (cost=0.00..81003.12 rows=3089463 width=4) (actual time=0.021..1713.911 rows=3074643 loops=1)
                    Filter: (keyword_id < 11530)
                    Rows Removed by Filter: 1449287
              ->  Hash  (cost=67604.59..67604.59 rows=164776 width=4) (actual time=1138.189..1138.189 rows=164307 loops=1)
                    Buckets: 131072  Batches: 4  Memory Usage: 2488kB
                    ->  Seq Scan on title t  (cost=0.00..67604.59 rows=164776 width=4) (actual time=0.020..1077.552 rows=164307 loops=1)
                          Filter: (production_year = 2012)
                          Rows Removed by Filter: 2364005
Planning time: 1.121 ms
Execution time: 22756.143 ms
