Hash Join  (cost=165428.59..295211.38 rows=638575 width=0) (actual time=4550.670..11192.044 rows=14709735 loops=1)
  Hash Cond: (mk.movie_id = t.id)
  ->  Seq Scan on movie_keyword mk  (cost=0.00..69693.30 rows=4523930 width=4) (actual time=0.004..1451.457 rows=4523930 loops=1)
  ->  Hash  (cost=159572.17..159572.17 rows=356914 width=8) (actual time=4549.855..4549.855 rows=928236 loops=1)
        Buckets: 131072 (originally 131072)  Batches: 16 (originally 8)  Memory Usage: 3337kB
        ->  Hash Join  (cost=79601.51..159572.17 rows=356914 width=8) (actual time=1921.516..4303.591 rows=928236 loops=1)
              Hash Cond: (mc.movie_id = t.id)
              ->  Seq Scan on movie_companies mc  (cost=0.00..44881.29 rows=2609129 width=4) (actual time=0.013..925.988 rows=2609129 loops=1)
              ->  Hash  (cost=73925.90..73925.90 rows=345888 width=4) (actual time=1920.680..1920.680 rows=457402 loops=1)
                    Buckets: 131072  Batches: 8  Memory Usage: 3047kB
                    ->  Seq Scan on title t  (cost=0.00..73925.90 rows=345888 width=4) (actual time=0.025..1161.577 rows=457402 loops=1)
                          Filter: ((kind_id < 7) AND (production_year < 1997))
                          Rows Removed by Filter: 2070910
Planning time: 0.700 ms
Execution time: 12791.476 ms
