Hash Join  (cost=100915.24..465619.32 rows=4816 width=0) (actual time=1810.753..8800.001 rows=16031 loops=1)
  Hash Cond: (mi.movie_id = t.id)
  ->  Seq Scan on movie_info mi  (cost=0.00..309384.22 rows=14739122 width=4) (actual time=0.002..4140.747 rows=14835720 loops=1)
  ->  Hash  (cost=100904.92..100904.92 rows=826 width=8) (actual time=1730.391..1730.391 rows=1967 loops=1)
        Buckets: 2048 (originally 1024)  Batches: 1 (originally 1)  Memory Usage: 93kB
        ->  Hash Join  (cost=73982.55..100904.92 rows=826 width=8) (actual time=1324.710..1729.424 rows=1967 loops=1)
              Hash Cond: (mi_idx.movie_id = t.id)
              ->  Seq Scan on movie_info_idx mi_idx  (cost=0.00..25185.44 rows=460978 width=4) (actual time=0.020..409.953 rows=459925 loops=1)
                    Filter: (info_type_id = 99)
                    Rows Removed by Filter: 920110
              ->  Hash  (cost=73925.90..73925.90 rows=4532 width=4) (actual time=1202.839..1202.839 rows=14720 loops=1)
                    Buckets: 16384 (originally 8192)  Batches: 1 (originally 1)  Memory Usage: 646kB
                    ->  Seq Scan on title t  (cost=0.00..73925.90 rows=4532 width=4) (actual time=0.026..1195.951 rows=14720 loops=1)
                          Filter: ((kind_id = 7) AND (production_year = 1992))
                          Rows Removed by Filter: 2513592
Planning time: 1.187 ms
Execution time: 8802.767 ms
