Seq Scan on movie_companies mc  (cost=0.00..51404.11 rows=104 width=0) (actual time=171.586..720.878 rows=4 loops=1)
  Filter: (company_id = 93528)
  Rows Removed by Filter: 2609125
Planning time: 0.397 ms
Execution time: 720.952 ms
