Hash Join  (cost=71408.55..127158.42 rows=25261 width=0) (actual time=1233.577..2299.108 rows=10868 loops=1)
  Hash Cond: (mc.movie_id = t.id)
  ->  Seq Scan on movie_companies mc  (cost=0.00..51404.11 rows=275507 width=4) (actual time=0.026..910.107 rows=271432 loops=1)
        Filter: (company_id < 145)
        Rows Removed by Filter: 2337697
  ->  Hash  (cost=67604.59..67604.59 rows=231837 width=4) (actual time=1232.375..1232.375 rows=231649 loops=1)
        Buckets: 131072  Batches: 4  Memory Usage: 3076kB
        ->  Seq Scan on title t  (cost=0.00..67604.59 rows=231837 width=4) (actual time=0.019..1154.068 rows=231649 loops=1)
              Filter: (production_year > 2011)
              Rows Removed by Filter: 2296663
Planning time: 0.771 ms
Execution time: 2301.199 ms
