Seq Scan on movie_companies mc  (cost=0.00..51404.11 rows=104 width=0) (actual time=26.638..804.235 rows=79 loops=1)
  Filter: (company_id = 13943)
  Rows Removed by Filter: 2609050
Planning time: 0.278 ms
Execution time: 804.356 ms
