Hash Join  (cost=67697.55..819552.20 rows=106548 width=0) (actual time=947.603..18800.982 rows=181871 loops=1)
  Hash Cond: (ci.movie_id = t.id)
  ->  Seq Scan on cast_info ci  (cost=0.00..614943.12 rows=36225612 width=4) (actual time=0.015..8673.289 rows=36244344 loops=1)
  ->  Hash  (cost=67604.59..67604.59 rows=7437 width=4) (actual time=946.701..946.701 rows=14349 loops=1)
        Buckets: 16384 (originally 8192)  Batches: 1 (originally 1)  Memory Usage: 633kB
        ->  Seq Scan on title t  (cost=0.00..67604.59 rows=7437 width=4) (actual time=0.067..939.904 rows=14349 loops=1)
              Filter: (production_year = 1969)
              Rows Removed by Filter: 2513963
Planning time: 0.761 ms
Execution time: 18832.235 ms
