Hash Join  (cost=124653.55..898433.26 rows=462228 width=0) (actual time=2444.059..18894.758 rows=714187 loops=1)
  Hash Cond: (ci.movie_id = t.id)
  ->  Seq Scan on cast_info ci  (cost=0.00..705507.15 rows=16973407 width=4) (actual time=0.021..11525.349 rows=16841314 loops=1)
        Filter: (person_id < 1665409)
        Rows Removed by Filter: 19403030
  ->  Hash  (cost=123792.83..123792.83 rows=68858 width=8) (actual time=2443.242..2443.242 rows=53637 loops=1)
        Buckets: 131072  Batches: 1  Memory Usage: 3120kB
        ->  Hash Join  (cost=68438.72..123792.83 rows=68858 width=8) (actual time=992.070..2422.094 rows=53637 loops=1)
              Hash Cond: (mc.movie_id = t.id)
              ->  Seq Scan on movie_companies mc  (cost=0.00..44881.29 rows=2609129 width=4) (actual time=0.016..715.555 rows=2609129 loops=1)
              ->  Hash  (cost=67604.59..67604.59 rows=66731 width=4) (actual time=991.366..991.366 rows=67342 loops=1)
                    Buckets: 131072  Batches: 1  Memory Usage: 3392kB
                    ->  Seq Scan on title t  (cost=0.00..67604.59 rows=66731 width=4) (actual time=0.021..963.830 rows=67342 loops=1)
                          Filter: (production_year > 2012)
                          Rows Removed by Filter: 2460970
Planning time: 1.183 ms
Execution time: 18991.345 ms
