Seq Scan on movie_companies mc  (cost=0.00..51404.11 rows=1388486 width=0) (actual time=0.020..784.712 rows=1376450 loops=1)
  Filter: (company_id < 11868)
  Rows Removed by Filter: 1232679
Planning time: 0.309 ms
Execution time: 951.482 ms
