Hash Join  (cost=272063.10..377937.09 rows=1999405 width=0) (actual time=6084.086..12296.646 rows=15539236 loops=1)
  Hash Cond: (mc.movie_id = t.id)
  ->  Seq Scan on movie_companies mc  (cost=0.00..44881.29 rows=2609129 width=4) (actual time=0.019..912.550 rows=2609129 loops=1)
  ->  Hash  (cost=240273.62..240273.62 rows=1937639 width=8) (actual time=6083.108..6083.108 rows=1946893 loops=1)
        Buckets: 131072  Batches: 32  Memory Usage: 3388kB
        ->  Hash Join  (cost=102767.86..240273.62 rows=1937639 width=8) (actual time=2043.885..5532.283 rows=1946893 loops=1)
              Hash Cond: (mk.movie_id = t.id)
              ->  Seq Scan on movie_keyword mk  (cost=0.00..81003.12 rows=1937639 width=4) (actual time=0.032..1578.878 rows=1946893 loops=1)
                    Filter: (keyword_id > 6678)
                    Rows Removed by Filter: 2577037
              ->  Hash  (cost=61283.27..61283.27 rows=2528527 width=4) (actual time=2042.667..2042.667 rows=2528312 loops=1)
                    Buckets: 131072  Batches: 64  Memory Usage: 2425kB
                    ->  Seq Scan on title t  (cost=0.00..61283.27 rows=2528527 width=4) (actual time=0.012..1188.584 rows=2528312 loops=1)
Planning time: 1.120 ms
Execution time: 14037.877 ms
