Hash Join  (cost=474386.37..568493.64 rows=134506 width=0) (actual time=8227.808..10923.660 rows=3879516 loops=1)
  Hash Cond: (mk.movie_id = t.id)
  ->  Seq Scan on movie_keyword mk  (cost=0.00..81003.12 rows=887490 width=4) (actual time=0.016..1338.535 rows=894097 loops=1)
        Filter: (keyword_id > 20621)
        Rows Removed by Filter: 3629833
  ->  Hash  (cost=468099.16..468099.16 rows=383217 width=8) (actual time=8226.771..8226.771 rows=368218 loops=1)
        Buckets: 131072  Batches: 8  Memory Usage: 2908kB
        ->  Hash Join  (cost=102767.86..468099.16 rows=383217 width=8) (actual time=3472.595..8119.086 rows=368218 loops=1)
              Hash Cond: (mi.movie_id = t.id)
              ->  Seq Scan on movie_info mi  (cost=0.00..346232.03 rows=383217 width=4) (actual time=1476.966..5429.228 rows=368218 loops=1)
                    Filter: (info_type_id = 17)
                    Rows Removed by Filter: 14467502
              ->  Hash  (cost=61283.27..61283.27 rows=2528527 width=4) (actual time=1983.257..1983.257 rows=2528312 loops=1)
                    Buckets: 131072  Batches: 64  Memory Usage: 2425kB
                    ->  Seq Scan on title t  (cost=0.00..61283.27 rows=2528527 width=4) (actual time=0.022..1113.798 rows=2528312 loops=1)
Planning time: 1.124 ms
Execution time: 11383.377 ms
