Hash Join  (cost=94655.84..459391.40 rows=7965 width=0) (actual time=1986.719..7145.204 rows=13 loops=1)
  Hash Cond: (mi.movie_id = t.id)
  ->  Seq Scan on movie_info mi  (cost=0.00..309384.22 rows=14739122 width=4) (actual time=0.019..3196.133 rows=14835720 loops=1)
  ->  Hash  (cost=94638.77..94638.77 rows=1366 width=8) (actual time=1557.025..1557.025 rows=1 loops=1)
        Buckets: 2048  Batches: 1  Memory Usage: 17kB
        ->  Hash Join  (cost=67697.55..94638.77 rows=1366 width=8) (actual time=1232.146..1557.016 rows=1 loops=1)
              Hash Cond: (mi_idx.movie_id = t.id)
              ->  Seq Scan on movie_info_idx mi_idx  (cost=0.00..25185.44 rows=464566 width=4) (actual time=0.013..451.622 rows=459925 loops=1)
                    Filter: (info_type_id = 101)
                    Rows Removed by Filter: 920110
              ->  Hash  (cost=67604.59..67604.59 rows=7437 width=4) (actual time=1026.752..1026.752 rows=3077 loops=1)
                    Buckets: 8192  Batches: 1  Memory Usage: 173kB
                    ->  Seq Scan on title t  (cost=0.00..67604.59 rows=7437 width=4) (actual time=3.108..1025.041 rows=3077 loops=1)
                          Filter: (production_year = 2014)
                          Rows Removed by Filter: 2525235
Planning time: 1.214 ms
Execution time: 7145.339 ms
