Seq Scan on cast_info ci  (cost=0.00..796071.18 rows=176 width=0) (actual time=8928.190..11047.520 rows=330 loops=1)
  Filter: ((person_id = 1563218) AND (role_id = 1))
  Rows Removed by Filter: 36244014
Planning time: 0.404 ms
Execution time: 11047.671 ms
