Hash Join  (cost=83074.14..110001.88 rows=18 width=0) (actual time=1308.092..1777.656 rows=1 loops=1)
  Hash Cond: (mi_idx.movie_id = t.id)
  ->  Seq Scan on movie_info_idx mi_idx  (cost=0.00..25185.44 rows=464566 width=4) (actual time=0.019..433.883 rows=459925 loops=1)
        Filter: (info_type_id = 101)
        Rows Removed by Filter: 920110
  ->  Hash  (cost=83072.90..83072.90 rows=99 width=8) (actual time=1281.156..1281.156 rows=6 loops=1)
        Buckets: 1024  Batches: 1  Memory Usage: 9kB
        ->  Nested Loop  (cost=0.43..83072.90 rows=99 width=8) (actual time=1113.606..1281.141 rows=6 loops=1)
              ->  Seq Scan on movie_keyword mk  (cost=0.00..81003.12 rows=246 width=4) (actual time=36.095..1277.877 rows=70 loops=1)
                    Filter: (keyword_id = 2846)
                    Rows Removed by Filter: 4523860
              ->  Index Scan using title_pkey on title t  (cost=0.43..8.40 rows=1 width=4) (actual time=0.042..0.042 rows=0 loops=70)
                    Index Cond: (id = mk.movie_id)
                    Filter: ((production_year < 2008) AND (kind_id = 7))
                    Rows Removed by Filter: 1
Planning time: 4.208 ms
Execution time: 1777.827 ms
