Nested Loop  (cost=0.43..83071.67 rows=246 width=0) (actual time=0.673..1389.295 rows=381 loops=1)
  ->  Seq Scan on movie_keyword mk  (cost=0.00..81003.12 rows=246 width=4) (actual time=0.614..1371.095 rows=381 loops=1)
        Filter: (keyword_id = 6502)
        Rows Removed by Filter: 4523549
  ->  Index Only Scan using title_pkey on title t  (cost=0.43..8.40 rows=1 width=4) (actual time=0.045..0.045 rows=1 loops=381)
        Index Cond: (id = mk.movie_id)
        Heap Fetches: 381
Planning time: 1.167 ms
Execution time: 1389.574 ms
