Hash Join  (cost=52284.33..79213.33 rows=6 width=0) (actual time=891.807..1437.332 rows=376 loops=1)
  Hash Cond: (mi_idx.movie_id = t.id)
  ->  Seq Scan on movie_info_idx mi_idx  (cost=0.00..25185.44 rows=464934 width=4) (actual time=0.013..478.224 rows=460185 loops=1)
        Filter: (info_type_id > 100)
        Rows Removed by Filter: 919850
  ->  Hash  (cost=52283.95..52283.95 rows=30 width=8) (actual time=891.246..891.246 rows=466 loops=1)
        Buckets: 1024  Batches: 1  Memory Usage: 27kB
        ->  Nested Loop  (cost=0.43..52283.95 rows=30 width=8) (actual time=0.148..890.913 rows=466 loops=1)
              ->  Seq Scan on movie_companies mc  (cost=0.00..51404.11 rows=104 width=4) (actual time=0.089..863.810 rows=470 loops=1)
                    Filter: (company_id = 11280)
                    Rows Removed by Filter: 2608659
              ->  Index Scan using title_pkey on title t  (cost=0.43..8.45 rows=1 width=4) (actual time=0.056..0.056 rows=1 loops=470)
                    Index Cond: (id = mc.movie_id)
                    Filter: (production_year < 1992)
                    Rows Removed by Filter: 0
Planning time: 1.243 ms
Execution time: 1437.602 ms
