Hash Join  (cost=812181.42..851426.91 rows=90501 width=0) (actual time=15557.986..16605.527 rows=163581 loops=1)
  Hash Cond: (mi_idx.movie_id = t.id)
  ->  Seq Scan on movie_info_idx mi_idx  (cost=0.00..21735.35 rows=1380035 width=4) (actual time=0.019..495.332 rows=1380035 loops=1)
  ->  Hash  (cost=809460.70..809460.70 rows=165817 width=8) (actual time=15526.101..15526.101 rows=146899 loops=1)
        Buckets: 131072  Batches: 4  Memory Usage: 2458kB
        ->  Hash Join  (cost=93569.21..809460.70 rows=165817 width=8) (actual time=14124.546..15480.237 rows=146899 loops=1)
              Hash Cond: (ci.movie_id = t.id)
              ->  Seq Scan on cast_info ci  (cost=0.00..705507.15 rows=350181 width=4) (actual time=11879.963..12771.794 rows=316118 loops=1)
                    Filter: (role_id > 10)
                    Rows Removed by Filter: 35928226
              ->  Hash  (cost=73925.90..73925.90 rows=1197304 width=4) (actual time=2243.294..2243.294 rows=1285057 loops=1)
                    Buckets: 131072  Batches: 16  Memory Usage: 3858kB
                    ->  Seq Scan on title t  (cost=0.00..73925.90 rows=1197304 width=4) (actual time=0.027..1458.868 rows=1285057 loops=1)
                          Filter: ((production_year > 1978) AND (kind_id = 7))
                          Rows Removed by Filter: 1243255
Planning time: 3.006 ms
Execution time: 16626.350 ms
