Hash Join  (cost=102767.86..912698.71 rows=165395 width=0) (actual time=6470.763..15169.988 rows=66951 loops=1)
  Hash Cond: (ci.movie_id = t.id)
  ->  Seq Scan on cast_info ci  (cost=0.00..796071.18 rows=165395 width=4) (actual time=4591.232..12873.158 rows=66951 loops=1)
        Filter: ((person_id < 1678288) AND (role_id > 10))
        Rows Removed by Filter: 36177393
  ->  Hash  (cost=61283.27..61283.27 rows=2528527 width=4) (actual time=1877.305..1877.305 rows=2528312 loops=1)
        Buckets: 131072  Batches: 64  Memory Usage: 2415kB
        ->  Seq Scan on title t  (cost=0.00..61283.27 rows=2528527 width=4) (actual time=0.013..1050.291 rows=2528312 loops=1)
Planning time: 0.808 ms
Execution time: 15177.935 ms
