Hash Join  (cost=190230.21..1025316.74 rows=3982282 width=0) (actual time=4339.266..22968.245 rows=8764719 loops=1)
  Hash Cond: (ci.movie_id = t.id)
  ->  Seq Scan on cast_info ci  (cost=0.00..705507.15 rows=7296414 width=4) (actual time=0.020..12022.393 rows=7357375 loops=1)
        Filter: (person_id > 2934503)
        Rows Removed by Filter: 28886969
  ->  Hash  (cost=167588.78..167588.78 rows=1380035 width=8) (actual time=4338.115..4338.115 rows=1380035 loops=1)
        Buckets: 131072  Batches: 32  Memory Usage: 2708kB
        ->  Hash Join  (cost=102767.86..167588.78 rows=1380035 width=8) (actual time=2055.741..3952.018 rows=1380035 loops=1)
              Hash Cond: (mi_idx.movie_id = t.id)
              ->  Seq Scan on movie_info_idx mi_idx  (cost=0.00..21735.35 rows=1380035 width=4) (actual time=0.017..451.393 rows=1380035 loops=1)
              ->  Hash  (cost=61283.27..61283.27 rows=2528527 width=4) (actual time=2053.832..2053.832 rows=2528312 loops=1)
                    Buckets: 131072  Batches: 64  Memory Usage: 2415kB
                    ->  Seq Scan on title t  (cost=0.00..61283.27 rows=2528527 width=4) (actual time=0.017..1199.312 rows=2528312 loops=1)
Planning time: 1.136 ms
Execution time: 23967.338 ms
