Hash Join  (cost=164210.36..918360.16 rows=336068 width=0) (actual time=3013.715..22620.373 rows=3593586 loops=1)
  Hash Cond: (ci.movie_id = t.id)
  ->  Seq Scan on cast_info ci  (cost=0.00..614943.12 rows=36225612 width=4) (actual time=0.028..8989.240 rows=36244344 loops=1)
  ->  Hash  (cost=163917.15..163917.15 rows=23457 width=8) (actual time=3013.491..3013.491 rows=59196 loops=1)
        Buckets: 65536 (originally 32768)  Batches: 1 (originally 1)  Memory Usage: 2825kB
        ->  Hash Join  (cost=74255.97..163917.15 rows=23457 width=8) (actual time=1126.566..2993.117 rows=59196 loops=1)
              Hash Cond: (mk.movie_id = t.id)
              ->  Seq Scan on movie_keyword mk  (cost=0.00..81003.12 rows=2246263 width=4) (actual time=0.011..1470.089 rows=2246042 loops=1)
                    Filter: (keyword_id > 4817)
                    Rows Removed by Filter: 2277888
              ->  Hash  (cost=73925.90..73925.90 rows=26405 width=4) (actual time=1126.413..1126.413 rows=23926 loops=1)
                    Buckets: 32768  Batches: 1  Memory Usage: 1098kB
                    ->  Seq Scan on title t  (cost=0.00..73925.90 rows=26405 width=4) (actual time=0.058..1116.209 rows=23926 loops=1)
                          Filter: ((kind_id < 7) AND (production_year = 2003))
                          Rows Removed by Filter: 2504386
Planning time: 1.185 ms
Execution time: 23084.872 ms
