Hash Join  (cost=101451.10..466896.24 rows=78922 width=0) (actual time=1892.171..9440.677 rows=71973 loops=1)
  Hash Cond: (mi.movie_id = t.id)
  ->  Seq Scan on movie_info mi  (cost=0.00..309384.22 rows=14739122 width=4) (actual time=0.007..4463.707 rows=14835720 loops=1)
  ->  Hash  (cost=101281.86..101281.86 rows=13539 width=8) (actual time=1891.773..1891.773 rows=9561 loops=1)
        Buckets: 16384  Batches: 1  Memory Usage: 502kB
        ->  Hash Join  (cost=74235.99..101281.86 rows=13539 width=8) (actual time=1299.518..1888.500 rows=9561 loops=1)
              Hash Cond: (mi_idx.movie_id = t.id)
              ->  Seq Scan on movie_info_idx mi_idx  (cost=0.00..21735.35 rows=1380035 width=4) (actual time=0.023..337.281 rows=1380035 loops=1)
              ->  Hash  (cost=73925.90..73925.90 rows=24807 width=4) (actual time=1225.375..1225.375 rows=25986 loops=1)
                    Buckets: 32768  Batches: 1  Memory Usage: 1170kB
                    ->  Seq Scan on title t  (cost=0.00..73925.90 rows=24807 width=4) (actual time=0.031..1214.679 rows=25986 loops=1)
                          Filter: ((kind_id = 7) AND (production_year = 1997))
                          Rows Removed by Filter: 2502326
Planning time: 2.634 ms
Execution time: 9450.703 ms
