Hash Join  (cost=102767.86..179354.61 rows=364912 width=0) (actual time=2006.624..3807.356 rows=520045 loops=1)
  Hash Cond: (mc.movie_id = t.id)
  ->  Seq Scan on movie_companies mc  (cost=0.00..57926.93 rows=364912 width=4) (actual time=0.016..996.152 rows=520045 loops=1)
        Filter: ((company_id < 1450) AND (company_type_id = 1))
        Rows Removed by Filter: 2089084
  ->  Hash  (cost=61283.27..61283.27 rows=2528527 width=4) (actual time=2005.360..2005.360 rows=2528312 loops=1)
        Buckets: 131072  Batches: 64  Memory Usage: 2415kB
        ->  Seq Scan on title t  (cost=0.00..61283.27 rows=2528527 width=4) (actual time=0.019..1178.670 rows=2528312 loops=1)
Planning time: 0.763 ms
Execution time: 3868.991 ms
