Hash Join  (cost=83074.74..111707.54 rows=89 width=0) (actual time=1234.466..1844.062 rows=30 loops=1)
  Hash Cond: (mi_idx.movie_id = t.id)
  ->  Seq Scan on movie_info_idx mi_idx  (cost=0.00..25185.44 rows=919057 width=4) (actual time=0.030..520.525 rows=920110 loops=1)
        Filter: (info_type_id > 99)
        Rows Removed by Filter: 459925
  ->  Hash  (cost=83071.67..83071.67 rows=246 width=8) (actual time=1196.404..1196.404 rows=18 loops=1)
        Buckets: 1024  Batches: 1  Memory Usage: 9kB
        ->  Nested Loop  (cost=0.43..83071.67 rows=246 width=8) (actual time=87.673..1196.368 rows=18 loops=1)
              ->  Seq Scan on movie_keyword mk  (cost=0.00..81003.12 rows=246 width=4) (actual time=87.556..1195.343 rows=18 loops=1)
                    Filter: (keyword_id = 29414)
                    Rows Removed by Filter: 4523912
              ->  Index Only Scan using title_pkey on title t  (cost=0.43..8.40 rows=1 width=4) (actual time=0.048..0.050 rows=1 loops=18)
                    Index Cond: (id = mk.movie_id)
                    Heap Fetches: 18
Planning time: 3.327 ms
Execution time: 1844.209 ms
