Seq Scan on cast_info ci  (cost=0.00..705507.15 rows=29879984 width=0) (actual time=0.010..13547.724 rows=29989820 loops=1)
  Filter: (person_id > 602258)
  Rows Removed by Filter: 6254524
Planning time: 0.229 ms
Execution time: 17243.652 ms
