Hash Join  (cost=104131.46..168645.86 rows=179691 width=0) (actual time=2180.505..3585.197 rows=180901 loops=1)
  Hash Cond: (mc.movie_id = t.id)
  ->  Seq Scan on movie_companies mc  (cost=0.00..51404.11 rows=204076 width=4) (actual time=0.019..837.683 rows=205520 loops=1)
        Filter: (company_id > 111835)
        Rows Removed by Filter: 2403609
  ->  Hash  (cost=67604.59..67604.59 rows=2226390 width=4) (actual time=2179.231..2179.231 rows=2224569 loops=1)
        Buckets: 131072  Batches: 32  Memory Usage: 3463kB
        ->  Seq Scan on title t  (cost=0.00..67604.59 rows=2226390 width=4) (actual time=0.022..1481.015 rows=2224569 loops=1)
              Filter: (production_year < 2012)
              Rows Removed by Filter: 303743
Planning time: 4.310 ms
Execution time: 3608.930 ms
