Seq Scan on movie_keyword mk  (cost=0.00..81003.12 rows=246 width=0) (actual time=75.925..1187.902 rows=4387 loops=1)
  Filter: (keyword_id = 20321)
  Rows Removed by Filter: 4519543
Planning time: 0.378 ms
Execution time: 1188.892 ms
