Seq Scan on movie_keyword mk  (cost=0.00..81003.12 rows=246 width=0) (actual time=5.627..1292.828 rows=460 loops=1)
  Filter: (keyword_id = 1611)
  Rows Removed by Filter: 4523470
Planning time: 0.364 ms
Execution time: 1293.130 ms
