Hash Join  (cost=365418.15..1741528.39 rows=33905820 width=0) (actual time=8885.631..60917.410 rows=109130426 loops=1)
  Hash Cond: (ci.movie_id = t.id)
  ->  Seq Scan on cast_info ci  (cost=0.00..705507.15 rows=18950731 width=4) (actual time=0.014..14428.741 rows=19089334 loops=1)
        Filter: (person_id > 1694779)
        Rows Removed by Filter: 17155010
  ->  Hash  (cost=291197.02..291197.02 rows=4523930 width=8) (actual time=8882.972..8882.972 rows=4523930 loops=1)
        Buckets: 131072  Batches: 64  Memory Usage: 3816kB
        ->  Hash Join  (cost=102767.86..291197.02 rows=4523930 width=8) (actual time=1957.805..7591.381 rows=4523930 loops=1)
              Hash Cond: (mk.movie_id = t.id)
              ->  Seq Scan on movie_keyword mk  (cost=0.00..69693.30 rows=4523930 width=4) (actual time=0.017..1574.954 rows=4523930 loops=1)
              ->  Hash  (cost=61283.27..61283.27 rows=2528527 width=4) (actual time=1955.857..1955.857 rows=2528312 loops=1)
                    Buckets: 131072  Batches: 64  Memory Usage: 2425kB
                    ->  Seq Scan on title t  (cost=0.00..61283.27 rows=2528527 width=4) (actual time=0.015..1082.656 rows=2528312 loops=1)
Planning time: 1.114 ms
Execution time: 72960.114 ms
