Seq Scan on movie_keyword mk  (cost=0.00..81003.12 rows=246 width=12) (actual time=16.080..1519.006 rows=155 loops=1)
  Filter: (keyword_id = 61147)
  Rows Removed by Filter: 4523775
Planning time: 0.421 ms
Execution time: 1519.070 ms
