Seq Scan on cast_info ci  (cost=0.00..796071.18 rows=17094586 width=0) (actual time=0.083..15573.446 rows=15855232 loops=1)
  Filter: ((person_id > 1629287) AND (role_id < 10))
  Rows Removed by Filter: 20389112
Planning time: 0.382 ms
Execution time: 17523.387 ms
