Seq Scan on movie_keyword mk  (cost=0.00..81003.12 rows=622448 width=0) (actual time=0.017..1242.059 rows=619017 loops=1)
  Filter: (keyword_id < 473)
  Rows Removed by Filter: 3904913
Planning time: 0.409 ms
Execution time: 1318.145 ms
