Seq Scan on movie_keyword mk  (cost=0.00..81003.12 rows=670172 width=0) (actual time=0.014..1280.314 rows=675353 loops=1)
  Filter: (keyword_id > 27755)
  Rows Removed by Filter: 3848577
Planning time: 0.408 ms
Execution time: 1366.806 ms
