Seq Scan on cast_info ci  (cost=0.00..705507.15 rows=500 width=0) (actual time=1516.681..10786.907 rows=6 loops=1)
  Filter: (person_id = 2871794)
  Rows Removed by Filter: 36244338
Planning time: 0.352 ms
Execution time: 10786.990 ms
