Seq Scan on cast_info ci  (cost=0.00..705507.15 rows=26795316 width=0) (actual time=0.018..12696.095 rows=26822918 loops=1)
  Filter: (person_id < 2762580)
  Rows Removed by Filter: 9421426
Planning time: 0.226 ms
Execution time: 15915.586 ms
