Hash Join  (cost=83073.49..137740.00 rows=99 width=0) (actual time=1225.241..2339.949 rows=5993 loops=1)
  Hash Cond: (mc.movie_id = t.id)
  ->  Seq Scan on movie_companies mc  (cost=0.00..44881.29 rows=2609129 width=4) (actual time=0.015..640.406 rows=2609129 loops=1)
  ->  Hash  (cost=83072.29..83072.29 rows=96 width=8) (actual time=1224.664..1224.664 rows=458 loops=1)
        Buckets: 1024  Batches: 1  Memory Usage: 26kB
        ->  Nested Loop  (cost=0.43..83072.29 rows=96 width=8) (actual time=16.841..1224.269 rows=458 loops=1)
              ->  Seq Scan on movie_keyword mk  (cost=0.00..81003.12 rows=246 width=4) (actual time=14.235..1204.199 rows=491 loops=1)
                    Filter: (keyword_id = 1583)
                    Rows Removed by Filter: 4523439
              ->  Index Scan using title_pkey on title t  (cost=0.43..8.40 rows=1 width=4) (actual time=0.039..0.039 rows=1 loops=491)
                    Index Cond: (id = mk.movie_id)
                    Filter: (kind_id < 7)
                    Rows Removed by Filter: 0
Planning time: 1.245 ms
Execution time: 2341.007 ms
