Seq Scan on movie_companies mc  (cost=0.00..51404.11 rows=104 width=0) (actual time=595.259..826.995 rows=3 loops=1)
  Filter: (company_id = 200482)
  Rows Removed by Filter: 2609126
Planning time: 1.594 ms
Execution time: 827.075 ms
