Hash Join  (cost=847111.77..1060524.55 rows=1468888 width=0) (actual time=21905.065..26053.591 rows=4000951 loops=1)
  Hash Cond: (mk.movie_id = t.id)
  ->  Seq Scan on movie_keyword mk  (cost=0.00..69693.30 rows=4523930 width=4) (actual time=0.024..1392.944 rows=4523930 loops=1)
  ->  Hash  (cost=833641.33..833641.33 rows=820995 width=8) (actual time=21903.427..21903.427 rows=530130 loops=1)
        Buckets: 131072  Batches: 16  Memory Usage: 2319kB
        ->  Hash Join  (cost=74642.22..833641.33 rows=820995 width=8) (actual time=1178.560..21642.834 rows=530130 loops=1)
              Hash Cond: (ci.movie_id = t.id)
              ->  Seq Scan on cast_info ci  (cost=0.00..614943.12 rows=36225612 width=4) (actual time=0.013..9134.104 rows=36244344 loops=1)
              ->  Hash  (cost=73925.90..73925.90 rows=57305 width=4) (actual time=1178.195..1178.195 rows=45651 loops=1)
                    Buckets: 65536  Batches: 1  Memory Usage: 2117kB
                    ->  Seq Scan on title t  (cost=0.00..73925.90 rows=57305 width=4) (actual time=514.867..1158.879 rows=45651 loops=1)
                          Filter: ((production_year < 2004) AND (kind_id = 4))
                          Rows Removed by Filter: 2482661
Planning time: 7.166 ms
Execution time: 26493.761 ms
