Hash Join  (cost=158701.15..571009.83 rows=439175 width=0) (actual time=4684.437..15006.290 rows=5964360 loops=1)
  Hash Cond: (mi.movie_id = t.id)
  ->  Seq Scan on movie_info mi  (cost=0.00..346232.03 rows=5263441 width=4) (actual time=546.840..6214.745 rows=5270569 loops=1)
        Filter: (info_type_id > 15)
        Rows Removed by Filter: 9565151
  ->  Hash  (cost=155238.94..155238.94 rows=210977 width=8) (actual time=4133.773..4133.773 rows=646046 loops=1)
        Buckets: 131072 (originally 131072)  Batches: 16 (originally 4)  Memory Usage: 3073kB
        ->  Hash Join  (cost=77280.64..155238.94 rows=210977 width=8) (actual time=1828.047..3939.946 rows=646046 loops=1)
              Hash Cond: (mc.movie_id = t.id)
              ->  Seq Scan on movie_companies mc  (cost=0.00..44881.29 rows=2609129 width=4) (actual time=0.024..868.054 rows=2609129 loops=1)
              ->  Hash  (cost=73925.90..73925.90 rows=204459 width=4) (actual time=1826.944..1826.944 rows=313929 loops=1)
                    Buckets: 131072  Batches: 4  Memory Usage: 3786kB
                    ->  Seq Scan on title t  (cost=0.00..73925.90 rows=204459 width=4) (actual time=0.024..1069.072 rows=313929 loops=1)
                          Filter: ((kind_id < 7) AND (production_year < 1981))
                          Rows Removed by Filter: 2214383
Planning time: 4.755 ms
Execution time: 15715.385 ms
