Hash Join  (cost=102767.86..1131459.32 rows=13020450 width=0) (actual time=1863.827..26555.326 rows=13156204 loops=1)
  Hash Cond: (ci.movie_id = t.id)
  ->  Seq Scan on cast_info ci  (cost=0.00..705507.15 rows=13020450 width=4) (actual time=0.015..13823.410 rows=13156204 loops=1)
        Filter: (person_id > 2360250)
        Rows Removed by Filter: 23088140
  ->  Hash  (cost=61283.27..61283.27 rows=2528527 width=4) (actual time=1861.938..1861.938 rows=2528312 loops=1)
        Buckets: 131072  Batches: 64  Memory Usage: 2415kB
        ->  Seq Scan on title t  (cost=0.00..61283.27 rows=2528527 width=4) (actual time=0.013..1014.556 rows=2528312 loops=1)
Planning time: 0.742 ms
Execution time: 27988.874 ms
