Hash Join  (cost=101946.25..190894.55 rows=19968 width=0) (actual time=1903.312..3738.830 rows=54747 loops=1)
  Hash Cond: (mk.movie_id = t.id)
  ->  Seq Scan on movie_keyword mk  (cost=0.00..81003.12 rows=2065467 width=4) (actual time=0.011..1466.409 rows=2081876 loops=1)
        Filter: (keyword_id < 3691)
        Rows Removed by Filter: 2442054
  ->  Hash  (cost=101640.69..101640.69 rows=24445 width=8) (actual time=1902.371..1902.371 rows=26496 loops=1)
        Buckets: 32768  Batches: 1  Memory Usage: 1291kB
        ->  Hash Join  (cost=74485.76..101640.69 rows=24445 width=8) (actual time=1249.256..1893.391 rows=26496 loops=1)
              Hash Cond: (mi_idx.movie_id = t.id)
              ->  Seq Scan on movie_info_idx mi_idx  (cost=0.00..21735.35 rows=1380035 width=4) (actual time=0.013..309.107 rows=1380035 loops=1)
              ->  Hash  (cost=73925.90..73925.90 rows=44788 width=4) (actual time=1248.681..1248.681 rows=52864 loops=1)
                    Buckets: 65536  Batches: 1  Memory Usage: 2371kB
                    ->  Seq Scan on title t  (cost=0.00..73925.90 rows=44788 width=4) (actual time=0.032..1226.643 rows=52864 loops=1)
                          Filter: ((kind_id > 1) AND (production_year = 2002))
                          Rows Removed by Filter: 2475448
Planning time: 2.455 ms
Execution time: 3746.129 ms
