Seq Scan on movie_companies mc  (cost=0.00..57926.93 rows=1817 width=0) (actual time=74.611..776.906 rows=1989 loops=1)
  Filter: ((company_id = 69) AND (company_type_id = 2))
  Rows Removed by Filter: 2607140
Planning time: 0.381 ms
Execution time: 777.381 ms
