Seq Scan on movie_keyword mk  (cost=0.00..81003.12 rows=3877542 width=0) (actual time=0.025..1610.862 rows=3866762 loops=1)
  Filter: (keyword_id < 28608)
  Rows Removed by Filter: 657168
Planning time: 0.468 ms
Execution time: 2106.029 ms
