Seq Scan on cast_info ci  (cost=0.00..705507.15 rows=500 width=0) (actual time=5821.888..11207.292 rows=1 loops=1)
  Filter: (person_id = 288373)
  Rows Removed by Filter: 36244343
Planning time: 0.359 ms
Execution time: 11207.395 ms
