Seq Scan on cast_info ci  (cost=0.00..705507.15 rows=36195086 width=0) (actual time=0.017..14227.011 rows=36220274 loops=1)
  Filter: (person_id > 3421)
  Rows Removed by Filter: 24070
Planning time: 0.326 ms
Execution time: 18664.444 ms
