Hash Join  (cost=102767.86..229996.98 rows=1510523 width=0) (actual time=2058.458..5125.528 rows=1528318 loops=1)
  Hash Cond: (mk.movie_id = t.id)
  ->  Seq Scan on movie_keyword mk  (cost=0.00..81003.12 rows=1510523 width=4) (actual time=0.019..1546.781 rows=1528318 loops=1)
        Filter: (keyword_id > 10476)
        Rows Removed by Filter: 2995612
  ->  Hash  (cost=61283.27..61283.27 rows=2528527 width=4) (actual time=2057.660..2057.660 rows=2528312 loops=1)
        Buckets: 131072  Batches: 64  Memory Usage: 2425kB
        ->  Seq Scan on title t  (cost=0.00..61283.27 rows=2528527 width=4) (actual time=0.021..1200.847 rows=2528312 loops=1)
Planning time: 0.793 ms
Execution time: 5298.695 ms
