Nested Loop  (cost=0.43..74904.35 rows=804 width=0) (actual time=156.229..840.066 rows=46 loops=1)
  ->  Seq Scan on movie_companies mc  (cost=0.00..51404.11 rows=3044 width=4) (actual time=0.442..753.847 rows=2795 loops=1)
        Filter: (company_id = 292)
        Rows Removed by Filter: 2606334
  ->  Index Scan using title_pkey on title t  (cost=0.43..7.71 rows=1 width=4) (actual time=0.030..0.030 rows=0 loops=2795)
        Index Cond: (id = mc.movie_id)
        Filter: (kind_id < 2)
        Rows Removed by Filter: 1
Planning time: 2.016 ms
Execution time: 840.188 ms
