Hash Join  (cost=102767.86..1563651.03 rows=30981663 width=0) (actual time=1922.553..46083.794 rows=30930592 loops=1)
  Hash Cond: (ci.movie_id = t.id)
  ->  Seq Scan on cast_info ci  (cost=0.00..705507.15 rows=30981663 width=4) (actual time=0.019..16278.248 rows=30930592 loops=1)
        Filter: (person_id < 3129220)
        Rows Removed by Filter: 5313752
  ->  Hash  (cost=61283.27..61283.27 rows=2528527 width=4) (actual time=1921.263..1921.263 rows=2528312 loops=1)
        Buckets: 131072  Batches: 64  Memory Usage: 2415kB
        ->  Seq Scan on title t  (cost=0.00..61283.27 rows=2528527 width=4) (actual time=0.009..1086.490 rows=2528312 loops=1)
Planning time: 0.549 ms
Execution time: 49414.122 ms
