Hash Join  (cost=128695.20..493525.88 rows=17476 width=0) (actual time=2178.910..10056.384 rows=190797 loops=1)
  Hash Cond: (mi.movie_id = t.id)
  ->  Seq Scan on movie_info mi  (cost=0.00..309384.22 rows=14739122 width=4) (actual time=0.021..4681.194 rows=14835720 loops=1)
  ->  Hash  (cost=128657.72..128657.72 rows=2998 width=8) (actual time=2178.441..2178.441 rows=7973 loops=1)
        Buckets: 8192 (originally 4096)  Batches: 1 (originally 1)  Memory Usage: 376kB
        ->  Hash Join  (cost=73962.22..128657.72 rows=2998 width=8) (actual time=1107.099..2175.403 rows=7973 loops=1)
              Hash Cond: (mc.movie_id = t.id)
              ->  Seq Scan on movie_companies mc  (cost=0.00..44881.29 rows=2609129 width=4) (actual time=0.019..597.843 rows=2609129 loops=1)
              ->  Hash  (cost=73925.90..73925.90 rows=2905 width=4) (actual time=1107.006..1107.006 rows=2787 loops=1)
                    Buckets: 4096  Batches: 1  Memory Usage: 130kB
                    ->  Seq Scan on title t  (cost=0.00..73925.90 rows=2905 width=4) (actual time=64.174..1105.564 rows=2787 loops=1)
                          Filter: ((kind_id < 7) AND (production_year = 1936))
                          Rows Removed by Filter: 2525525
Planning time: 1.205 ms
Execution time: 10083.710 ms
