Seq Scan on movie_companies mc  (cost=0.00..57926.93 rows=51 width=0) (actual time=238.775..803.251 rows=155 loops=1)
  Filter: ((company_id = 7556) AND (company_type_id = 1))
  Rows Removed by Filter: 2608974
Planning time: 0.391 ms
Execution time: 803.414 ms
