Hash Join  (cost=102651.51..462496.99 rows=2361 width=0) (actual time=3520.584..7033.266 rows=830 loops=1)
  Hash Cond: (mi.movie_id = t.id)
  ->  Seq Scan on movie_info mi  (cost=0.00..346232.03 rows=3623957 width=4) (actual time=1736.932..4804.833 rows=3624977 loops=1)
        Filter: (info_type_id < 4)
        Rows Removed by Filter: 11210743
  ->  Hash  (cost=102630.93..102630.93 rows=1647 width=8) (actual time=1774.888..1774.888 rows=452 loops=1)
        Buckets: 2048  Batches: 1  Memory Usage: 34kB
        ->  Hash Join  (cost=73982.55..102630.93 rows=1647 width=8) (actual time=1144.959..1774.667 rows=452 loops=1)
              Hash Cond: (mi_idx.movie_id = t.id)
              ->  Seq Scan on movie_info_idx mi_idx  (cost=0.00..25185.44 rows=919057 width=4) (actual time=0.036..494.346 rows=920110 loops=1)
                    Filter: (info_type_id > 99)
                    Rows Removed by Filter: 459925
              ->  Hash  (cost=73925.90..73925.90 rows=4532 width=4) (actual time=1130.875..1130.875 rows=4021 loops=1)
                    Buckets: 8192  Batches: 1  Memory Usage: 206kB
                    ->  Seq Scan on title t  (cost=0.00..73925.90 rows=4532 width=4) (actual time=159.425..1128.556 rows=4021 loops=1)
                          Filter: ((kind_id = 7) AND (production_year = 1954))
                          Rows Removed by Filter: 2524291
Planning time: 1.141 ms
Execution time: 7033.530 ms
