Seq Scan on movie_companies mc  (cost=0.00..57926.93 rows=297702 width=0) (actual time=0.016..978.074 rows=590589 loops=1)
  Filter: ((company_id > 70096) AND (company_type_id = 2))
  Rows Removed by Filter: 2018540
Planning time: 0.429 ms
Execution time: 1050.300 ms
