Seq Scan on movie_keyword mk  (cost=0.00..81003.12 rows=3929729 width=0) (actual time=0.022..1569.677 rows=3923692 loops=1)
  Filter: (keyword_id > 438)
  Rows Removed by Filter: 600238
Planning time: 0.284 ms
Execution time: 2033.574 ms
