Seq Scan on cast_info ci  (cost=0.00..796071.18 rows=18948642 width=0) (actual time=0.013..17766.535 rows=20122661 loops=1)
  Filter: ((person_id < 3671857) AND (role_id < 3))
  Rows Removed by Filter: 16121683
Planning time: 0.393 ms
Execution time: 20265.277 ms
