Hash Join  (cost=71961.27..594883.41 rows=1462301 width=0) (actual time=1208.407..16063.856 rows=2681773 loops=1)
  Hash Cond: (mi.movie_id = t.id)
  ->  Seq Scan on movie_info mi  (cost=0.00..346232.03 rows=13926693 width=4) (actual time=0.855..7013.139 rows=13963496 loops=1)
        Filter: (info_type_id < 98)
        Rows Removed by Filter: 872224
  ->  Hash  (cost=67604.59..67604.59 rows=265495 width=4) (actual time=1203.178..1203.178 rows=263594 loops=1)
        Buckets: 131072  Batches: 4  Memory Usage: 3346kB
        ->  Seq Scan on title t  (cost=0.00..67604.59 rows=265495 width=4) (actual time=0.015..1110.090 rows=263594 loops=1)
              Filter: (production_year < 1962)
              Rows Removed by Filter: 2264718
Planning time: 0.814 ms
Execution time: 16364.118 ms
