Hash Join  (cost=113990.14..238970.57 rows=244440 width=0) (actual time=2605.409..5664.691 rows=1736110 loops=1)
  Hash Cond: (mk.movie_id = t.id)
  ->  Seq Scan on movie_keyword mk  (cost=0.00..69693.30 rows=4523930 width=4) (actual time=0.017..1439.662 rows=4523930 loops=1)
  ->  Hash  (cost=111748.35..111748.35 rows=136623 width=8) (actual time=2604.512..2604.512 rows=139556 loops=1)
        Buckets: 131072  Batches: 2  Memory Usage: 3757kB
        ->  Hash Join  (cost=71711.64..111748.35 rows=136623 width=8) (actual time=1229.057..2556.486 rows=139556 loops=1)
              Hash Cond: (mi_idx.movie_id = t.id)
              ->  Seq Scan on movie_info_idx mi_idx  (cost=0.00..21735.35 rows=1380035 width=4) (actual time=0.015..467.581 rows=1380035 loops=1)
              ->  Hash  (cost=67604.59..67604.59 rows=250324 width=4) (actual time=1228.368..1228.368 rows=252521 loops=1)
                    Buckets: 131072  Batches: 4  Memory Usage: 3244kB
                    ->  Seq Scan on title t  (cost=0.00..67604.59 rows=250324 width=4) (actual time=0.012..1145.407 rows=252521 loops=1)
                          Filter: (production_year < 1961)
                          Rows Removed by Filter: 2275791
Planning time: 1.193 ms
Execution time: 5853.839 ms
