Hash Join  (cost=83074.74..109963.59 rows=44 width=0) (actual time=1319.452..1829.917 rows=47 loops=1)
  Hash Cond: (mi_idx.movie_id = t.id)
  ->  Seq Scan on movie_info_idx mi_idx  (cost=0.00..25185.44 rows=454124 width=4) (actual time=0.026..452.056 rows=459925 loops=1)
        Filter: (info_type_id = 100)
        Rows Removed by Filter: 920110
  ->  Hash  (cost=83071.67..83071.67 rows=246 width=8) (actual time=1313.131..1313.131 rows=55 loops=1)
        Buckets: 1024  Batches: 1  Memory Usage: 11kB
        ->  Nested Loop  (cost=0.43..83071.67 rows=246 width=8) (actual time=43.234..1313.040 rows=55 loops=1)
              ->  Seq Scan on movie_keyword mk  (cost=0.00..81003.12 rows=246 width=4) (actual time=43.149..1310.404 rows=55 loops=1)
                    Filter: (keyword_id = 20753)
                    Rows Removed by Filter: 4523875
              ->  Index Only Scan using title_pkey on title t  (cost=0.43..8.40 rows=1 width=4) (actual time=0.041..0.042 rows=1 loops=55)
                    Index Cond: (id = mk.movie_id)
                    Heap Fetches: 55
Planning time: 1.165 ms
Execution time: 1830.057 ms
