Seq Scan on movie_keyword mk  (cost=0.00..81003.12 rows=246 width=0) (actual time=0.752..1293.270 rows=721 loops=1)
  Filter: (keyword_id = 8800)
  Rows Removed by Filter: 4523209
Planning time: 0.370 ms
Execution time: 1293.645 ms
