Nested Loop  (cost=0.43..52283.69 rows=104 width=0) (actual time=0.981..883.515 rows=1206 loops=1)
  ->  Seq Scan on movie_companies mc  (cost=0.00..51404.11 rows=104 width=4) (actual time=0.926..827.754 rows=1206 loops=1)
        Filter: (company_id = 317)
        Rows Removed by Filter: 2607923
  ->  Index Only Scan using title_pkey on title t  (cost=0.43..8.45 rows=1 width=4) (actual time=0.045..0.045 rows=1 loops=1206)
        Index Cond: (id = mc.movie_id)
        Heap Fetches: 1206
Planning time: 0.746 ms
Execution time: 883.935 ms
