Seq Scan on movie_keyword mk  (cost=0.00..81003.12 rows=100287 width=0) (actual time=0.022..1217.438 rows=98323 loops=1)
  Filter: (keyword_id > 82742)
  Rows Removed by Filter: 4425607
Planning time: 0.342 ms
Execution time: 1231.901 ms
