Seq Scan on cast_info ci  (cost=0.00..796071.18 rows=224 width=0) (actual time=11912.600..14090.539 rows=47 loops=1)
  Filter: ((role_id > 2) AND (person_id = 2773897))
  Rows Removed by Filter: 36244297
Planning time: 0.403 ms
Execution time: 14090.673 ms
