Hash Join  (cost=75342.47..1121845.48 rows=1236185 width=0) (actual time=1367.458..28089.368 rows=1517330 loops=1)
  Hash Cond: (ci.movie_id = t.id)
  ->  Seq Scan on cast_info ci  (cost=0.00..614943.12 rows=36225612 width=4) (actual time=0.013..12860.776 rows=36244344 loops=1)
  ->  Hash  (cost=73925.90..73925.90 rows=86285 width=4) (actual time=1366.528..1366.528 rows=92628 loops=1)
        Buckets: 131072  Batches: 2  Memory Usage: 2653kB
        ->  Seq Scan on title t  (cost=0.00..73925.90 rows=86285 width=4) (actual time=0.019..1286.460 rows=92628 loops=1)
              Filter: ((kind_id = 7) AND (production_year = 2010))
              Rows Removed by Filter: 2435684
Planning time: 0.585 ms
Execution time: 28291.867 ms
