Seq Scan on movie_keyword mk  (cost=0.00..81003.12 rows=246 width=0) (actual time=1.329..1403.541 rows=1665 loops=1)
  Filter: (keyword_id = 5537)
  Rows Removed by Filter: 4522265
Planning time: 0.394 ms
Execution time: 1404.147 ms
