Hash Join  (cost=151758.24..1196862.64 rows=1100124 width=0) (actual time=3225.489..28054.016 rows=840636 loops=1)
  Hash Cond: (ci.movie_id = t.id)
  ->  Seq Scan on cast_info ci  (cost=0.00..614943.12 rows=36225612 width=4) (actual time=0.015..12593.802 rows=36244344 loops=1)
  ->  Hash  (cost=150498.39..150498.39 rows=76788 width=8) (actual time=3224.749..3224.749 rows=25474 loops=1)
        Buckets: 131072  Batches: 2  Memory Usage: 1521kB
        ->  Hash Join  (cost=75574.02..150498.39 rows=76788 width=8) (actual time=1512.732..3214.826 rows=25474 loops=1)
              Hash Cond: (mc.movie_id = t.id)
              ->  Seq Scan on movie_companies mc  (cost=0.00..51404.11 rows=1933700 width=4) (actual time=0.022..1080.779 rows=1941458 loops=1)
                    Filter: (company_id > 1040)
                    Rows Removed by Filter: 667671
              ->  Hash  (cost=73925.90..73925.90 rows=100409 width=4) (actual time=1373.518..1373.518 rows=110402 loops=1)
                    Buckets: 131072  Batches: 2  Memory Usage: 2964kB
                    ->  Seq Scan on title t  (cost=0.00..73925.90 rows=100409 width=4) (actual time=301.636..1332.877 rows=110402 loops=1)
                          Filter: ((kind_id = 7) AND (production_year = 2012))
                          Rows Removed by Filter: 2417910
Planning time: 0.897 ms
Execution time: 28162.614 ms
