Hash Join  (cost=311174.84..1004804.87 rows=16586127 width=0) (actual time=7849.902..56985.165 rows=157401333 loops=1)
  Hash Cond: (mi.movie_id = t.id)
  ->  Seq Scan on movie_info mi  (cost=0.00..309384.22 rows=14739122 width=4) (actual time=0.013..6284.762 rows=14835720 loops=1)
  ->  Hash  (cost=264492.53..264492.53 rows=2845385 width=8) (actual time=7848.281..7848.281 rows=2902264 loops=1)
        Buckets: 131072  Batches: 64  Memory Usage: 2900kB
        ->  Hash Join  (cost=107928.35..264492.53 rows=2845385 width=8) (actual time=2258.664..7015.763 rows=2902264 loops=1)
              Hash Cond: (mk.movie_id = t.id)
              ->  Seq Scan on movie_keyword mk  (cost=0.00..81003.12 rows=2927240 width=4) (actual time=0.023..1641.512 rows=2917741 loops=1)
                    Filter: (keyword_id > 2487)
                    Rows Removed by Filter: 1606189
              ->  Hash  (cost=67604.59..67604.59 rows=2457821 width=4) (actual time=2256.541..2256.541 rows=2456218 loops=1)
                    Buckets: 131072  Batches: 64  Memory Usage: 2385kB
                    ->  Seq Scan on title t  (cost=0.00..67604.59 rows=2457821 width=4) (actual time=0.025..1400.494 rows=2456218 loops=1)
                          Filter: (production_year > 0)
                          Rows Removed by Filter: 72094
Planning time: 1.186 ms
Execution time: 73882.506 ms
