Hash Join  (cost=74449.67..545102.11 rows=1533413 width=0) (actual time=1308.307..13183.492 rows=2482129 loops=1)
  Hash Cond: (mi.movie_id = t.id)
  ->  Seq Scan on movie_info mi  (cost=0.00..346232.03 rows=9293409 width=4) (actual time=0.027..6704.085 rows=9425200 loops=1)
        Filter: (info_type_id > 5)
        Rows Removed by Filter: 5410520
  ->  Hash  (cost=67604.59..67604.59 rows=417207 width=4) (actual time=1307.388..1307.388 rows=409495 loops=1)
        Buckets: 131072  Batches: 8  Memory Usage: 2827kB
        ->  Seq Scan on title t  (cost=0.00..67604.59 rows=417207 width=4) (actual time=0.021..1168.508 rows=409495 loops=1)
              Filter: (production_year < 1973)
              Rows Removed by Filter: 2118817
Planning time: 0.854 ms
Execution time: 13454.731 ms
