Hash Join  (cost=75470.43..792039.02 rows=33352 width=0) (actual time=2509.023..13920.852 rows=112331 loops=1)
  Hash Cond: (ci.movie_id = t.id)
  ->  Seq Scan on cast_info ci  (cost=0.00..705507.15 rows=895980 width=4) (actual time=1315.905..12276.569 rows=898389 loops=1)
        Filter: (role_id = 5)
        Rows Removed by Filter: 35345955
  ->  Hash  (cost=73925.90..73925.90 rows=94122 width=4) (actual time=1192.167..1192.167 rows=222154 loops=1)
        Buckets: 131072 (originally 131072)  Batches: 4 (originally 2)  Memory Usage: 3073kB
        ->  Seq Scan on title t  (cost=0.00..73925.90 rows=94122 width=4) (actual time=0.028..1109.457 rows=222154 loops=1)
              Filter: ((production_year < 1969) AND (kind_id = 1))
              Rows Removed by Filter: 2306158
Planning time: 0.764 ms
Execution time: 13933.676 ms
