Seq Scan on movie_companies mc  (cost=0.00..57926.93 rows=934870 width=0) (actual time=203.674..1120.647 rows=619253 loops=1)
  Filter: ((company_id < 32672) AND (company_type_id > 1))
  Rows Removed by Filter: 1989876
Planning time: 0.352 ms
Execution time: 1197.419 ms
