Seq Scan on movie_companies mc  (cost=0.00..57926.93 rows=853115 width=0) (actual time=0.027..1032.781 rows=1166649 loops=1)
  Filter: ((company_id < 23159) AND (company_type_id < 2))
  Rows Removed by Filter: 1442480
Planning time: 0.353 ms
Execution time: 1177.521 ms
