Hash Join  (cost=102767.86..231074.35 rows=1555284 width=0) (actual time=2009.509..5329.122 rows=1572440 loops=1)
  Hash Cond: (mk.movie_id = t.id)
  ->  Seq Scan on movie_keyword mk  (cost=0.00..81003.12 rows=1555284 width=4) (actual time=0.031..1502.414 rows=1572440 loops=1)
        Filter: (keyword_id > 9976)
        Rows Removed by Filter: 2951490
  ->  Hash  (cost=61283.27..61283.27 rows=2528527 width=4) (actual time=2007.530..2007.530 rows=2528312 loops=1)
        Buckets: 131072  Batches: 64  Memory Usage: 2425kB
        ->  Seq Scan on title t  (cost=0.00..61283.27 rows=2528527 width=4) (actual time=0.013..1160.520 rows=2528312 loops=1)
Planning time: 0.751 ms
Execution time: 5494.992 ms
