Seq Scan on cast_info ci  (cost=0.00..796071.18 rows=126443 width=0) (actual time=3582.232..12442.892 rows=50634 loops=1)
  Filter: ((person_id < 1287917) AND (role_id > 10))
  Rows Removed by Filter: 36193710
Planning time: 0.362 ms
Execution time: 12449.360 ms
