Hash Join  (cost=567256.22..1609876.04 rows=2234138 width=0) (actual time=12100.195..35394.621 rows=1578501 loops=1)
  Hash Cond: (ci.movie_id = t.id)
  ->  Seq Scan on cast_info ci  (cost=0.00..796071.18 rows=12487728 width=4) (actual time=0.027..17479.283 rows=12670688 loops=1)
        Filter: ((person_id < 3926384) AND (role_id < 2))
        Rows Removed by Filter: 23573656
  ->  Hash  (cost=559833.59..559833.59 rows=452370 width=8) (actual time=12099.089..12099.089 rows=200632 loops=1)
        Buckets: 131072  Batches: 8  Memory Usage: 1979kB
        ->  Hash Join  (cost=75199.97..559833.59 rows=452370 width=8) (actual time=1355.663..12035.627 rows=200632 loops=1)
              Hash Cond: (mi.movie_id = t.id)
              ->  Seq Scan on movie_info mi  (cost=0.00..309384.22 rows=14739122 width=4) (actual time=0.014..5774.744 rows=14835720 loops=1)
              ->  Hash  (cost=73925.90..73925.90 rows=77605 width=4) (actual time=1317.491..1317.491 rows=84684 loops=1)
                    Buckets: 131072  Batches: 2  Memory Usage: 2518kB
                    ->  Seq Scan on title t  (cost=0.00..73925.90 rows=77605 width=4) (actual time=0.028..1278.003 rows=84684 loops=1)
                          Filter: ((kind_id = 7) AND (production_year = 2009))
                          Rows Removed by Filter: 2443628
Planning time: 1.338 ms
Execution time: 35593.826 ms
