Seq Scan on movie_keyword mk  (cost=0.00..81003.12 rows=1244151 width=0) (actual time=0.025..1392.387 rows=1256839 loops=1)
  Filter: (keyword_id > 14304)
  Rows Removed by Filter: 3267091
Planning time: 0.326 ms
Execution time: 1559.997 ms
