Seq Scan on cast_info ci  (cost=0.00..796071.18 rows=324 width=0) (actual time=5998.994..12324.966 rows=63 loops=1)
  Filter: ((role_id > 1) AND (person_id = 2443441))
  Rows Removed by Filter: 36244281
Planning time: 0.398 ms
Execution time: 12325.120 ms
