Hash Join  (cost=82955.72..920355.67 rows=2055495 width=0) (actual time=1394.019..19701.296 rows=2922791 loops=1)
  Hash Cond: (ci.movie_id = t.id)
  ->  Seq Scan on cast_info ci  (cost=0.00..705507.15 rows=9443161 width=4) (actual time=0.021..12465.071 rows=9436089 loops=1)
        Filter: (person_id > 2761611)
        Rows Removed by Filter: 26808255
  ->  Hash  (cost=73925.90..73925.90 rows=550385 width=4) (actual time=1392.905..1392.905 rows=602403 loops=1)
        Buckets: 131072  Batches: 8  Memory Usage: 3672kB
        ->  Seq Scan on title t  (cost=0.00..73925.90 rows=550385 width=4) (actual time=340.638..1208.052 rows=602403 loops=1)
              Filter: ((production_year > 2006) AND (kind_id = 7))
              Rows Removed by Filter: 1925909
Planning time: 0.876 ms
Execution time: 20057.176 ms
