Seq Scan on title t  (cost=0.00..73925.90 rows=2905 width=0) (actual time=333.034..1100.573 rows=2915 loops=1)
  Filter: ((kind_id < 7) AND (production_year = 1927))
  Rows Removed by Filter: 2525397
Planning time: 0.405 ms
Execution time: 1101.432 ms
