Seq Scan on movie_keyword mk  (cost=0.00..81003.12 rows=246 width=0) (actual time=21.693..1285.620 rows=47 loops=1)
  Filter: (keyword_id = 4246)
  Rows Removed by Filter: 4523883
Planning time: 0.270 ms
Execution time: 1285.753 ms
