Seq Scan on movie_companies mc  (cost=0.00..51404.11 rows=2432831 width=0) (actual time=0.014..997.284 rows=2432590 loops=1)
  Filter: (company_id < 121531)
  Rows Removed by Filter: 176539
Planning time: 0.342 ms
Execution time: 1298.567 ms
