Hash Join  (cost=83074.74..109963.59 rows=44 width=0) (actual time=1195.334..1698.350 rows=28 loops=1)
  Hash Cond: (mi_idx.movie_id = t.id)
  ->  Seq Scan on movie_info_idx mi_idx  (cost=0.00..25185.44 rows=454124 width=4) (actual time=0.019..441.511 rows=459925 loops=1)
        Filter: (info_type_id = 100)
        Rows Removed by Filter: 920110
  ->  Hash  (cost=83071.67..83071.67 rows=246 width=8) (actual time=1192.838..1192.838 rows=37 loops=1)
        Buckets: 1024  Batches: 1  Memory Usage: 10kB
        ->  Nested Loop  (cost=0.43..83071.67 rows=246 width=8) (actual time=62.792..1192.768 rows=37 loops=1)
              ->  Seq Scan on movie_keyword mk  (cost=0.00..81003.12 rows=246 width=4) (actual time=62.595..1190.727 rows=37 loops=1)
                    Filter: (keyword_id = 35125)
                    Rows Removed by Filter: 4523893
              ->  Index Only Scan using title_pkey on title t  (cost=0.43..8.40 rows=1 width=4) (actual time=0.047..0.048 rows=1 loops=37)
                    Index Cond: (id = mk.movie_id)
                    Heap Fetches: 37
Planning time: 1.270 ms
Execution time: 1698.477 ms
