Hash Join  (cost=798855.22..1163530.50 rows=1935 width=0) (actual time=14026.589..20832.192 rows=15 loops=1)
  Hash Cond: (mi.movie_id = t.id)
  ->  Seq Scan on movie_info mi  (cost=0.00..309384.22 rows=14739122 width=4) (actual time=0.019..4540.709 rows=14835720 loops=1)
  ->  Hash  (cost=798851.07..798851.07 rows=332 width=8) (actual time=13621.029..13621.029 rows=1 loops=1)
        Buckets: 1024  Batches: 1  Memory Usage: 9kB
        ->  Nested Loop  (cost=0.43..798851.07 rows=332 width=8) (actual time=6586.107..13620.996 rows=1 loops=1)
              ->  Seq Scan on cast_info ci  (cost=0.00..796071.18 rows=332 width=4) (actual time=6585.940..13620.825 rows=1 loops=1)
                    Filter: ((role_id < 4) AND (person_id = 3042002))
                    Rows Removed by Filter: 36244343
              ->  Index Only Scan using title_pkey on title t  (cost=0.43..8.36 rows=1 width=4) (actual time=0.082..0.083 rows=1 loops=1)
                    Index Cond: (id = ci.movie_id)
                    Heap Fetches: 1
Planning time: 1.242 ms
Execution time: 20832.307 ms
