Hash Join  (cost=812165.11..1237889.30 rows=246346 width=0) (actual time=15629.565..22408.042 rows=117756 loops=1)
  Hash Cond: (mi.movie_id = t.id)
  ->  Seq Scan on movie_info mi  (cost=0.00..346232.03 rows=5445713 width=4) (actual time=1408.928..6201.124 rows=5410520 loops=1)
        Filter: (info_type_id < 6)
        Rows Removed by Filter: 9425200
  ->  Hash  (cost=810288.34..810288.34 rows=114382 width=8) (actual time=14213.512..14213.512 rows=114651 loops=1)
        Buckets: 131072  Batches: 2  Memory Usage: 3240kB
        ->  Hash Join  (cost=74389.43..810288.34 rows=114382 width=8) (actual time=1782.024..14158.767 rows=114651 loops=1)
              Hash Cond: (ci.movie_id = t.id)
              ->  Seq Scan on cast_info ci  (cost=0.00..705507.15 rows=7799450 width=4) (actual time=440.299..10855.160 rows=7693236 loops=1)
                    Filter: (person_id < 747309)
                    Rows Removed by Filter: 28551108
              ->  Hash  (cost=73925.90..73925.90 rows=37082 width=4) (actual time=1142.740..1142.740 rows=41935 loops=1)
                    Buckets: 65536  Batches: 1  Memory Usage: 1987kB
                    ->  Seq Scan on title t  (cost=0.00..73925.90 rows=37082 width=4) (actual time=34.479..1124.927 rows=41935 loops=1)
                          Filter: ((kind_id = 7) AND (production_year = 2002))
                          Rows Removed by Filter: 2486377
Planning time: 1.046 ms
Execution time: 22422.693 ms
