Hash Join  (cost=102767.86..203821.47 rows=1652769 width=0) (actual time=1917.194..4467.674 rows=1652826 loops=1)
  Hash Cond: (mc.movie_id = t.id)
  ->  Seq Scan on movie_companies mc  (cost=0.00..51404.11 rows=1652769 width=4) (actual time=0.038..1107.831 rows=1652826 loops=1)
        Filter: (company_id > 3831)
        Rows Removed by Filter: 956303
  ->  Hash  (cost=61283.27..61283.27 rows=2528527 width=4) (actual time=1916.322..1916.322 rows=2528312 loops=1)
        Buckets: 131072  Batches: 64  Memory Usage: 2415kB
        ->  Seq Scan on title t  (cost=0.00..61283.27 rows=2528527 width=4) (actual time=0.020..1068.904 rows=2528312 loops=1)
Planning time: 0.770 ms
Execution time: 4625.195 ms
