Seq Scan on cast_info ci  (cost=0.00..705507.15 rows=22478879 width=0) (actual time=0.008..12836.446 rows=22520930 loops=1)
  Filter: (person_id > 1351242)
  Rows Removed by Filter: 13723414
Planning time: 0.793 ms
Execution time: 15550.836 ms
