Hash Join  (cost=110951.23..198478.58 rows=86932 width=0) (actual time=2165.344..4526.983 rows=1550047 loops=1)
  Hash Cond: (mk.movie_id = t.id)
  ->  Seq Scan on movie_keyword mk  (cost=0.00..69693.30 rows=4523930 width=4) (actual time=0.023..862.193 rows=4523930 loops=1)
  ->  Hash  (cost=110343.88..110343.88 rows=48588 width=8) (actual time=2070.133..2070.133 rows=119107 loops=1)
        Buckets: 131072 (originally 65536)  Batches: 2 (originally 1)  Memory Usage: 3352kB
        ->  Hash Join  (cost=78364.59..110343.88 rows=48588 width=8) (actual time=1219.751..2024.186 rows=119107 loops=1)
              Hash Cond: (mi_idx.movie_id = t.id)
              ->  Seq Scan on movie_info_idx mi_idx  (cost=0.00..25185.44 rows=454124 width=4) (actual time=0.020..460.281 rows=459925 loops=1)
                    Filter: (info_type_id = 100)
                    Rows Removed by Filter: 920110
              ->  Hash  (cost=73925.90..73925.90 rows=270535 width=4) (actual time=1218.962..1218.962 rows=374196 loops=1)
                    Buckets: 131072 (originally 131072)  Batches: 8 (originally 4)  Memory Usage: 3073kB
                    ->  Seq Scan on title t  (cost=0.00..73925.90 rows=270535 width=4) (actual time=109.581..1096.635 rows=374196 loops=1)
                          Filter: ((production_year < 2000) AND (kind_id = 1))
                          Rows Removed by Filter: 2154116
Planning time: 1.181 ms
Execution time: 4698.326 ms
