Hash Join  (cost=119569.63..244295.90 rows=223523 width=0) (actual time=2285.963..5249.772 rows=97374 loops=1)
  Hash Cond: (mk.movie_id = t.id)
  ->  Seq Scan on movie_keyword mk  (cost=0.00..69693.30 rows=4523930 width=4) (actual time=0.027..1429.066 rows=4523930 loops=1)
  ->  Hash  (cost=117518.98..117518.98 rows=124932 width=8) (actual time=2283.620..2283.620 rows=38787 loops=1)
        Buckets: 131072  Batches: 2  Memory Usage: 1796kB
        ->  Hash Join  (cost=77682.18..117518.98 rows=124932 width=8) (actual time=1313.553..2270.634 rows=38787 loops=1)
              Hash Cond: (mi_idx.movie_id = t.id)
              ->  Seq Scan on movie_info_idx mi_idx  (cost=0.00..21735.35 rows=1380035 width=4) (actual time=0.013..443.502 rows=1380035 loops=1)
              ->  Hash  (cost=73925.90..73925.90 rows=228902 width=4) (actual time=1312.425..1312.425 rows=99782 loops=1)
                    Buckets: 131072  Batches: 4  Memory Usage: 1899kB
                    ->  Seq Scan on title t  (cost=0.00..73925.90 rows=228902 width=4) (actual time=0.016..1270.378 rows=99782 loops=1)
                          Filter: ((kind_id > 1) AND (production_year < 1966))
                          Rows Removed by Filter: 2428530
Planning time: 1.166 ms
Execution time: 5263.466 ms
