Hash Join  (cost=1004815.25..1650740.62 rows=13841954 width=0) (actual time=16736.849..35163.786 rows=21150765 loops=1)
  Hash Cond: (mi.movie_id = t.id)
  ->  Seq Scan on movie_info mi  (cost=0.00..309384.22 rows=14739122 width=4) (actual time=0.017..6046.249 rows=14835720 loops=1)
  ->  Hash  (cost=965856.55..965856.55 rows=2374616 width=8) (actual time=16735.291..16735.291 rows=817662 loops=1)
        Buckets: 131072  Batches: 32  Memory Usage: 2051kB
        ->  Hash Join  (cost=102767.86..965856.55 rows=2374616 width=8) (actual time=10773.037..16493.853 rows=817662 loops=1)
              Hash Cond: (ci.movie_id = t.id)
              ->  Seq Scan on cast_info ci  (cost=0.00..796071.18 rows=2374616 width=4) (actual time=8630.428..13221.994 rows=817662 loops=1)
                    Filter: ((person_id < 1447632) AND (role_id > 8))
                    Rows Removed by Filter: 35426682
              ->  Hash  (cost=61283.27..61283.27 rows=2528527 width=4) (actual time=2141.135..2141.135 rows=2528312 loops=1)
                    Buckets: 131072  Batches: 64  Memory Usage: 2415kB
                    ->  Seq Scan on title t  (cost=0.00..61283.27 rows=2528527 width=4) (actual time=0.019..1251.350 rows=2528312 loops=1)
Planning time: 1.344 ms
Execution time: 37523.194 ms
