Seq Scan on movie_companies mc  (cost=0.00..57926.93 rows=8554 width=0) (actual time=123.075..813.936 rows=8139 loops=1)
  Filter: ((company_id = 166) AND (company_type_id = 2))
  Rows Removed by Filter: 2600990
Planning time: 0.381 ms
Execution time: 815.169 ms
