Nested Loop  (cost=0.43..797488.04 rows=168 width=0) (actual time=2176.858..13113.844 rows=1 loops=1)
  ->  Seq Scan on cast_info ci  (cost=0.00..796071.18 rows=168 width=4) (actual time=2171.404..13108.380 rows=1 loops=1)
        Filter: ((role_id > 3) AND (person_id = 923573))
        Rows Removed by Filter: 36244343
  ->  Index Only Scan using title_pkey on title t  (cost=0.43..8.42 rows=1 width=4) (actual time=5.430..5.432 rows=1 loops=1)
        Index Cond: (id = ci.movie_id)
        Heap Fetches: 1
Planning time: 7.293 ms
Execution time: 13113.933 ms
