Hash Join  (cost=365418.15..1350688.48 rows=8907189 width=0) (actual time=18604.229..33722.070 rows=29900404 loops=1)
  Hash Cond: (ci.movie_id = t.id)
  ->  Seq Scan on cast_info ci  (cost=0.00..796071.18 rows=4978430 width=4) (actual time=10444.042..15271.267 rows=6233090 loops=1)
        Filter: ((person_id < 2543717) AND (role_id = 2))
        Rows Removed by Filter: 30011254
  ->  Hash  (cost=291197.02..291197.02 rows=4523930 width=8) (actual time=8158.685..8158.685 rows=4523930 loops=1)
        Buckets: 131072  Batches: 64  Memory Usage: 3816kB
        ->  Hash Join  (cost=102767.86..291197.02 rows=4523930 width=8) (actual time=1901.235..6939.696 rows=4523930 loops=1)
              Hash Cond: (mk.movie_id = t.id)
              ->  Seq Scan on movie_keyword mk  (cost=0.00..69693.30 rows=4523930 width=4) (actual time=0.026..1456.264 rows=4523930 loops=1)
              ->  Hash  (cost=61283.27..61283.27 rows=2528527 width=4) (actual time=1900.384..1900.384 rows=2528312 loops=1)
                    Buckets: 131072  Batches: 64  Memory Usage: 2425kB
                    ->  Seq Scan on title t  (cost=0.00..61283.27 rows=2528527 width=4) (actual time=0.016..1038.808 rows=2528312 loops=1)
Planning time: 1.137 ms
Execution time: 36894.376 ms
