Hash Join  (cost=101220.01..830876.72 rows=57534 width=0) (actual time=2368.655..14766.019 rows=98812 loops=1)
  Hash Cond: (ci.movie_id = t.id)
  ->  Seq Scan on cast_info ci  (cost=0.00..705507.15 rows=6286461 width=4) (actual time=574.981..11417.965 rows=6184742 loops=1)
        Filter: (person_id < 596296)
        Rows Removed by Filter: 30059602
  ->  Hash  (cost=100930.75..100930.75 rows=23141 width=8) (actual time=1765.442..1765.442 rows=19531 loops=1)
        Buckets: 32768  Batches: 1  Memory Usage: 1019kB
        ->  Hash Join  (cost=69687.24..100930.75 rows=23141 width=8) (actual time=1100.503..1757.563 rows=19531 loops=1)
              Hash Cond: (mi_idx.movie_id = t.id)
              ->  Seq Scan on movie_info_idx mi_idx  (cost=0.00..25185.44 rows=460978 width=4) (actual time=0.034..459.132 rows=459925 loops=1)
                    Filter: (info_type_id < 100)
                    Rows Removed by Filter: 920110
              ->  Hash  (cost=67604.59..67604.59 rows=126932 width=4) (actual time=1099.600..1099.600 rows=122861 loops=1)
                    Buckets: 131072  Batches: 2  Memory Usage: 3191kB
                    ->  Seq Scan on title t  (cost=0.00..67604.59 rows=126932 width=4) (actual time=0.021..1048.198 rows=122861 loops=1)
                          Filter: (production_year = 2008)
                          Rows Removed by Filter: 2405451
Planning time: 1.149 ms
Execution time: 14781.503 ms
