Seq Scan on movie_keyword mk  (cost=0.00..81003.12 rows=53999 width=0) (actual time=0.044..1290.079 rows=50021 loops=1)
  Filter: (keyword_id < 51)
  Rows Removed by Filter: 4473909
Planning time: 0.304 ms
Execution time: 1298.948 ms
