Hash Join  (cost=124884.90..241656.82 rows=232650 width=0) (actual time=2783.413..6331.405 rows=3691022 loops=1)
  Hash Cond: (mk.movie_id = t.id)
  ->  Seq Scan on movie_keyword mk  (cost=0.00..81003.12 rows=2821679 width=4) (actual time=0.023..1571.646 rows=2814256 loops=1)
        Filter: (keyword_id > 2707)
        Rows Removed by Filter: 1709674
  ->  Hash  (cost=121463.91..121463.91 rows=208479 width=8) (actual time=2782.577..2782.577 rows=455779 loops=1)
        Buckets: 131072 (originally 131072)  Batches: 8 (originally 4)  Memory Usage: 3275kB
        ->  Hash Join  (cost=80193.64..121463.91 rows=208479 width=8) (actual time=1388.184..2633.130 rows=455779 loops=1)
              Hash Cond: (mi_idx.movie_id = t.id)
              ->  Seq Scan on movie_info_idx mi_idx  (cost=0.00..21735.35 rows=1380035 width=4) (actual time=0.019..446.596 rows=1380035 loops=1)
              ->  Hash  (cost=73925.90..73925.90 rows=381979 width=4) (actual time=1387.407..1387.407 rows=440029 loops=1)
                    Buckets: 131072  Batches: 8  Memory Usage: 2968kB
                    ->  Seq Scan on title t  (cost=0.00..73925.90 rows=381979 width=4) (actual time=436.463..1252.382 rows=440029 loops=1)
                          Filter: ((production_year < 2006) AND (kind_id = 1))
                          Rows Removed by Filter: 2088283
Planning time: 0.802 ms
Execution time: 6739.337 ms
