Hash Join  (cost=256520.69..851378.32 rows=9055880 width=0) (actual time=5630.751..38294.832 rows=84157477 loops=1)
  Hash Cond: (mi.movie_id = t.id)
  ->  Seq Scan on movie_info mi  (cost=0.00..309384.22 rows=14739122 width=4) (actual time=0.018..6338.557 rows=14835720 loops=1)
  ->  Hash  (cost=231032.25..231032.25 rows=1553555 width=8) (actual time=5629.294..5629.294 rows=1567654 loops=1)
        Buckets: 131072  Batches: 32  Memory Usage: 3008kB
        ->  Hash Join  (cost=102767.86..231032.25 rows=1553555 width=8) (actual time=1996.874..5153.587 rows=1567654 loops=1)
              Hash Cond: (mk.movie_id = t.id)
              ->  Seq Scan on movie_keyword mk  (cost=0.00..81003.12 rows=1553555 width=4) (actual time=0.025..1550.767 rows=1567654 loops=1)
                    Filter: (keyword_id > 9994)
                    Rows Removed by Filter: 2956276
              ->  Hash  (cost=61283.27..61283.27 rows=2528527 width=4) (actual time=1994.948..1994.948 rows=2528312 loops=1)
                    Buckets: 131072  Batches: 64  Memory Usage: 2425kB
                    ->  Seq Scan on title t  (cost=0.00..61283.27 rows=2528527 width=4) (actual time=0.013..1132.547 rows=2528312 loops=1)
Planning time: 0.921 ms
Execution time: 47257.919 ms
