Nested Loop  (cost=0.43..58358.39 rows=13 width=0) (actual time=439.508..724.369 rows=263 loops=1)
  ->  Seq Scan on movie_companies mc  (cost=0.00..57926.93 rows=51 width=4) (actual time=439.434..718.876 rows=268 loops=1)
        Filter: ((company_type_id = 1) AND (company_id = 13060))
        Rows Removed by Filter: 2608861
  ->  Index Scan using title_pkey on title t  (cost=0.43..8.45 rows=1 width=4) (actual time=0.019..0.020 rows=1 loops=268)
        Index Cond: (id = mc.movie_id)
        Filter: (kind_id = 1)
        Rows Removed by Filter: 0
Planning time: 0.791 ms
Execution time: 724.563 ms
