Hash Join  (cost=462319.81..1323766.71 rows=815904 width=0) (actual time=12755.461..27323.743 rows=846434 loops=1)
  Hash Cond: (ci.movie_id = t.id)
  ->  Seq Scan on cast_info ci  (cost=0.00..705507.15 rows=12726058 width=4) (actual time=4812.252..14197.847 rows=12670688 loops=1)
        Filter: (role_id < 2)
        Rows Removed by Filter: 23573656
  ->  Hash  (cost=459659.42..459659.42 rows=162111 width=8) (actual time=7941.819..7941.819 rows=138061 loops=1)
        Buckets: 131072  Batches: 4  Memory Usage: 2362kB
        ->  Hash Join  (cost=69460.45..459659.42 rows=162111 width=8) (actual time=1791.691..7893.332 rows=138061 loops=1)
              Hash Cond: (mi.movie_id = t.id)
              ->  Seq Scan on movie_info mi  (cost=0.00..346232.03 rows=3623957 width=4) (actual time=594.800..5281.364 rows=3624977 loops=1)
                    Filter: (info_type_id < 4)
                    Rows Removed by Filter: 11210743
              ->  Hash  (cost=67604.59..67604.59 rows=113109 width=4) (actual time=1195.908..1195.908 rows=119565 loops=1)
                    Buckets: 131072  Batches: 2  Memory Usage: 3121kB
                    ->  Seq Scan on title t  (cost=0.00..67604.59 rows=113109 width=4) (actual time=0.039..1148.271 rows=119565 loops=1)
                          Filter: (production_year = 2007)
                          Rows Removed by Filter: 2408747
Planning time: 0.726 ms
Execution time: 27426.515 ms
