Hash Join  (cost=547692.12..728829.83 rows=3697641 width=0) (actual time=11134.545..31264.923 rows=79381623 loops=1)
  Hash Cond: (mk.movie_id = t.id)
  ->  Seq Scan on movie_keyword mk  (cost=0.00..81003.12 rows=4260235 width=4) (actual time=0.026..1849.091 rows=4259163 loops=1)
        Filter: (keyword_id < 59056)
        Rows Removed by Filter: 264767
  ->  Hash  (cost=511686.41..511686.41 rows=2194617 width=8) (actual time=11133.703..11133.703 rows=2233850 loops=1)
        Buckets: 131072  Batches: 32  Memory Usage: 3671kB
        ->  Hash Join  (cost=102767.86..511686.41 rows=2194617 width=8) (actual time=2963.383..10504.771 rows=2233850 loops=1)
              Hash Cond: (mi.movie_id = t.id)
              ->  Seq Scan on movie_info mi  (cost=0.00..346232.03 rows=2194617 width=4) (actual time=933.491..5978.951 rows=2233850 loops=1)
                    Filter: (info_type_id > 16)
                    Rows Removed by Filter: 12601870
              ->  Hash  (cost=61283.27..61283.27 rows=2528527 width=4) (actual time=2028.976..2028.976 rows=2528312 loops=1)
                    Buckets: 131072  Batches: 64  Memory Usage: 2425kB
                    ->  Seq Scan on title t  (cost=0.00..61283.27 rows=2528527 width=4) (actual time=0.031..1182.096 rows=2528312 loops=1)
Planning time: 1.107 ms
Execution time: 39507.518 ms
