Seq Scan on movie_companies mc  (cost=0.00..57926.93 rows=982861 width=0) (actual time=471.699..1150.314 rows=1143699 loops=1)
  Filter: ((company_id > 1085) AND (company_type_id > 1))
  Rows Removed by Filter: 1465430
Planning time: 0.303 ms
Execution time: 1291.475 ms
