Nested Loop  (cost=0.43..102337.85 rows=6249 width=0) (actual time=27.549..1132.911 rows=4155 loops=1)
  ->  Seq Scan on movie_companies mc  (cost=0.00..57926.93 rows=6249 width=4) (actual time=27.453..1005.450 rows=4155 loops=1)
        Filter: ((company_type_id > 1) AND (company_id = 846))
        Rows Removed by Filter: 2604974
  ->  Index Only Scan using title_pkey on title t  (cost=0.43..7.10 rows=1 width=4) (actual time=0.030..0.030 rows=1 loops=4155)
        Index Cond: (id = mc.movie_id)
        Heap Fetches: 4155
Planning time: 0.760 ms
Execution time: 1134.009 ms
