Hash Join  (cost=124350.29..472464.32 rows=11217 width=0) (actual time=5645.066..7829.878 rows=427404 loops=1)
  Hash Cond: (mi.movie_id = t.id)
  ->  Seq Scan on movie_info mi  (cost=0.00..346232.03 rows=471955 width=4) (actual time=3170.148..5235.669 rows=543367 loops=1)
        Filter: (info_type_id > 98)
        Rows Removed by Filter: 14292353
  ->  Hash  (cost=123599.08..123599.08 rows=60097 width=8) (actual time=2383.104..2383.104 rows=52796 loops=1)
        Buckets: 65536  Batches: 1  Memory Usage: 2575kB
        ->  Hash Join  (cost=68332.59..123599.08 rows=60097 width=8) (actual time=1021.292..2363.875 rows=52796 loops=1)
              Hash Cond: (mc.movie_id = t.id)
              ->  Seq Scan on movie_companies mc  (cost=0.00..44881.29 rows=2609129 width=4) (actual time=0.018..596.759 rows=2609129 loops=1)
              ->  Hash  (cost=67604.59..67604.59 rows=58240 width=4) (actual time=1020.834..1020.834 rows=58590 loops=1)
                    Buckets: 65536  Batches: 1  Memory Usage: 2572kB
                    ->  Seq Scan on title t  (cost=0.00..67604.59 rows=58240 width=4) (actual time=0.037..995.652 rows=58590 loops=1)
                          Filter: (production_year = 2001)
                          Rows Removed by Filter: 2469722
Planning time: 1.173 ms
Execution time: 7887.447 ms
