Hash Join  (cost=84697.09..462859.78 rows=538456 width=0) (actual time=3329.503..7173.216 rows=298630 loops=1)
  Hash Cond: (mi.movie_id = t.id)
  ->  Seq Scan on movie_info mi  (cost=0.00..346232.03 rows=2073893 width=4) (actual time=1972.315..4104.172 rows=2091068 loops=1)
        Filter: (info_type_id < 3)
        Rows Removed by Filter: 12744652
  ->  Hash  (cost=73925.90..73925.90 rows=656495 width=4) (actual time=1356.137..1356.137 rows=556797 loops=1)
        Buckets: 131072  Batches: 16  Memory Usage: 2252kB
        ->  Seq Scan on title t  (cost=0.00..73925.90 rows=656495 width=4) (actual time=0.034..1176.711 rows=556797 loops=1)
              Filter: ((production_year < 2001) AND (kind_id = 7))
              Rows Removed by Filter: 1971515
Planning time: 0.755 ms
Execution time: 7206.943 ms
