Seq Scan on cast_info ci  (cost=0.00..796071.18 rows=208713 width=0) (actual time=10005.843..13286.069 rows=259591 loops=1)
  Filter: ((person_id > 1433924) AND (role_id > 10))
  Rows Removed by Filter: 35984753
Planning time: 0.380 ms
Execution time: 13318.548 ms
