Seq Scan on cast_info ci  (cost=0.00..705507.15 rows=6332724 width=0) (actual time=1641.001..11306.618 rows=6235749 loops=1)
  Filter: (person_id < 600810)
  Rows Removed by Filter: 30008595
Planning time: 0.346 ms
Execution time: 12085.512 ms
