Seq Scan on cast_info ci  (cost=0.00..796071.18 rows=6813728 width=0) (actual time=2537.542..15144.136 rows=3964582 loops=1)
  Filter: ((person_id < 3196416) AND (role_id > 6))
  Rows Removed by Filter: 32279762
Planning time: 0.344 ms
Execution time: 15615.090 ms
