Hash Join  (cost=176145.07..284028.26 rows=238432 width=0) (actual time=3635.894..6264.926 rows=952526 loops=1)
  Hash Cond: (mk.movie_id = t.id)
  ->  Seq Scan on movie_keyword mk  (cost=0.00..81003.12 rows=2017531 width=4) (actual time=0.015..1613.130 rows=2022134 loops=1)
        Filter: (keyword_id > 6115)
        Rows Removed by Filter: 2501796
  ->  Hash  (cost=171241.81..171241.81 rows=298821 width=8) (actual time=3635.038..3635.038 rows=292877 loops=1)
        Buckets: 131072  Batches: 4  Memory Usage: 3895kB
        ->  Hash Join  (cost=102767.86..171241.81 rows=298821 width=8) (actual time=1965.626..3539.933 rows=292877 loops=1)
              Hash Cond: (mc.movie_id = t.id)
              ->  Seq Scan on movie_companies mc  (cost=0.00..51404.11 rows=298821 width=4) (actual time=0.022..885.861 rows=292877 loops=1)
                    Filter: (company_id < 160)
                    Rows Removed by Filter: 2316252
              ->  Hash  (cost=61283.27..61283.27 rows=2528527 width=4) (actual time=1964.605..1964.605 rows=2528312 loops=1)
                    Buckets: 131072  Batches: 64  Memory Usage: 2415kB
                    ->  Seq Scan on title t  (cost=0.00..61283.27 rows=2528527 width=4) (actual time=0.025..1121.160 rows=2528312 loops=1)
Planning time: 1.122 ms
Execution time: 6375.862 ms
