Hash Join  (cost=156649.15..220710.95 rows=148735 width=0) (actual time=3740.881..5249.273 rows=446671 loops=1)
  Hash Cond: (mc.movie_id = t.id)
  ->  Seq Scan on movie_companies mc  (cost=0.00..51404.11 rows=808890 width=4) (actual time=0.031..910.977 rows=803407 loops=1)
        Filter: (company_id < 1781)
        Rows Removed by Filter: 1805722
  ->  Hash  (cost=149020.47..149020.47 rows=464934 width=8) (actual time=3739.928..3739.928 rows=460185 loops=1)
        Buckets: 131072  Batches: 8  Memory Usage: 3276kB
        ->  Hash Join  (cost=102767.86..149020.47 rows=464934 width=8) (actual time=2364.391..3603.705 rows=460185 loops=1)
              Hash Cond: (mi_idx.movie_id = t.id)
              ->  Seq Scan on movie_info_idx mi_idx  (cost=0.00..25185.44 rows=464934 width=4) (actual time=0.034..435.223 rows=460185 loops=1)
                    Filter: (info_type_id > 100)
                    Rows Removed by Filter: 919850
              ->  Hash  (cost=61283.27..61283.27 rows=2528527 width=4) (actual time=2362.705..2362.705 rows=2528312 loops=1)
                    Buckets: 131072  Batches: 64  Memory Usage: 2415kB
                    ->  Seq Scan on title t  (cost=0.00..61283.27 rows=2528527 width=4) (actual time=0.017..954.663 rows=2528312 loops=1)
Planning time: 1.161 ms
Execution time: 5304.806 ms
