Seq Scan on cast_info ci  (cost=0.00..796071.18 rows=1757942 width=0) (actual time=1349.284..11768.379 rows=3530875 loops=1)
  Filter: ((person_id < 474203) AND (role_id = 1))
  Rows Removed by Filter: 32713469
Planning time: 0.427 ms
Execution time: 12174.654 ms
