Hash Join  (cost=218769.17..262274.36 rows=338771 width=0) (actual time=4328.370..6145.953 rows=1455606 loops=1)
  Hash Cond: (mi_idx.movie_id = t.id)
  ->  Seq Scan on movie_info_idx mi_idx  (cost=0.00..21735.35 rows=1380035 width=4) (actual time=0.018..467.766 rows=1380035 loops=1)
  ->  Hash  (cost=208585.39..208585.39 rows=620702 width=8) (actual time=4327.329..4327.329 rows=620392 loops=1)
        Buckets: 131072  Batches: 16  Memory Usage: 2576kB
        ->  Hash Join  (cost=102767.86..208585.39 rows=620702 width=8) (actual time=1936.196..4155.216 rows=620392 loops=1)
              Hash Cond: (mk.movie_id = t.id)
              ->  Seq Scan on movie_keyword mk  (cost=0.00..81003.12 rows=620702 width=4) (actual time=0.030..1313.338 rows=620392 loops=1)
                    Filter: (keyword_id > 29401)
                    Rows Removed by Filter: 3903538
              ->  Hash  (cost=61283.27..61283.27 rows=2528527 width=4) (actual time=1934.003..1934.003 rows=2528312 loops=1)
                    Buckets: 131072  Batches: 64  Memory Usage: 2425kB
                    ->  Seq Scan on title t  (cost=0.00..61283.27 rows=2528527 width=4) (actual time=0.016..1071.694 rows=2528312 loops=1)
Planning time: 1.031 ms
Execution time: 6322.786 ms
