Hash Join  (cost=312115.62..1891937.92 rows=44336604 width=0) (actual time=7342.208..74844.909 rows=150832664 loops=1)
  Hash Cond: (ci.movie_id = t.id)
  ->  Seq Scan on cast_info ci  (cost=0.00..614943.12 rows=36225612 width=4) (actual time=0.026..13580.601 rows=36244344 loops=1)
  ->  Hash  (cost=261343.25..261343.25 rows=3094670 width=8) (actual time=7340.617..7340.617 rows=2687336 loops=1)
        Buckets: 131072  Batches: 64  Memory Usage: 2668kB
        ->  Hash Join  (cost=95982.60..261343.25 rows=3094670 width=8) (actual time=1884.513..6585.406 rows=2687336 loops=1)
              Hash Cond: (mk.movie_id = t.id)
              ->  Seq Scan on movie_keyword mk  (cost=0.00..69693.30 rows=4523930 width=4) (actual time=0.033..1424.881 rows=4523930 loops=1)
              ->  Hash  (cost=67604.59..67604.59 rows=1729681 width=4) (actual time=1882.793..1882.793 rows=1725233 loops=1)
                    Buckets: 131072  Batches: 32  Memory Usage: 2931kB
                    ->  Seq Scan on title t  (cost=0.00..67604.59 rows=1729681 width=4) (actual time=0.016..1294.994 rows=1725233 loops=1)
                          Filter: (production_year > 1991)
                          Rows Removed by Filter: 803079
Planning time: 1.131 ms
Execution time: 91170.280 ms
