Seq Scan on cast_info ci  (cost=0.00..705507.15 rows=500 width=0) (actual time=584.896..10697.806 rows=6 loops=1)
  Filter: (person_id = 1007)
  Rows Removed by Filter: 36244338
Planning time: 1.103 ms
Execution time: 10697.893 ms
