Hash Join  (cost=104196.70..741148.39 rows=13000886 width=0) (actual time=2124.360..19766.556 rows=12279969 loops=1)
  Hash Cond: (mi.movie_id = t.id)
  ->  Seq Scan on movie_info mi  (cost=0.00..309384.22 rows=14739122 width=4) (actual time=0.019..5896.978 rows=14835720 loops=1)
  ->  Hash  (cost=67604.59..67604.59 rows=2230329 width=4) (actual time=2123.540..2123.540 rows=2225335 loops=1)
        Buckets: 131072  Batches: 32  Memory Usage: 3481kB
        ->  Seq Scan on title t  (cost=0.00..67604.59 rows=2230329 width=4) (actual time=0.014..1380.216 rows=2225335 loops=1)
              Filter: (production_year > 1958)
              Rows Removed by Filter: 302977
Planning time: 0.710 ms
Execution time: 21057.161 ms
