Hash Join  (cost=129493.02..1204641.21 rows=4024706 width=0) (actual time=2653.604..34361.846 rows=13082184 loops=1)
  Hash Cond: (ci.movie_id = t.id)
  ->  Seq Scan on cast_info ci  (cost=0.00..614943.12 rows=36225612 width=4) (actual time=0.017..12734.896 rows=36244344 loops=1)
  ->  Hash  (cost=124883.49..124883.49 rows=280922 width=8) (actual time=2652.691..2652.691 rows=415357 loops=1)
        Buckets: 131072 (originally 131072)  Batches: 8 (originally 4)  Memory Usage: 3073kB
        ->  Hash Join  (cost=82370.79..124883.49 rows=280922 width=8) (actual time=1343.051..2522.452 rows=415357 loops=1)
              Hash Cond: (mi_idx.movie_id = t.id)
              ->  Seq Scan on movie_info_idx mi_idx  (cost=0.00..21735.35 rows=1380035 width=4) (actual time=0.031..418.797 rows=1380035 loops=1)
              ->  Hash  (cost=73925.90..73925.90 rows=514711 width=4) (actual time=1342.026..1342.026 rows=386575 loops=1)
                    Buckets: 131072  Batches: 8  Memory Usage: 2730kB
                    ->  Seq Scan on title t  (cost=0.00..73925.90 rows=514711 width=4) (actual time=491.320..1228.228 rows=386575 loops=1)
                          Filter: ((production_year > 1979) AND (kind_id = 1))
                          Rows Removed by Filter: 2141737
Planning time: 1.420 ms
Execution time: 35786.622 ms
