Seq Scan on movie_keyword mk  (cost=0.00..81003.12 rows=2902908 width=0) (actual time=0.028..1494.280 rows=2893315 loops=1)
  Filter: (keyword_id < 9123)
  Rows Removed by Filter: 1630615
Planning time: 0.344 ms
Execution time: 1871.643 ms
