Seq Scan on movie_companies mc  (cost=0.00..57926.93 rows=91517 width=0) (actual time=0.060..750.242 rows=146931 loops=1)
  Filter: ((company_id < 49) AND (company_type_id = 1))
  Rows Removed by Filter: 2462198
Planning time: 0.365 ms
Execution time: 774.457 ms
