Hash Join  (cost=171645.95..296237.18 rows=1021554 width=0) (actual time=3805.277..7092.712 rows=1613895 loops=1)
  Hash Cond: (mk.movie_id = t.id)
  ->  Seq Scan on movie_keyword mk  (cost=0.00..81003.12 rows=2543085 width=4) (actual time=0.026..1675.733 rows=2536122 loops=1)
        Filter: (keyword_id < 6326)
        Rows Removed by Filter: 1987808
  ->  Hash  (cost=154981.62..154981.62 rows=1015706 width=8) (actual time=3804.204..3804.204 rows=750135 loops=1)
        Buckets: 131072  Batches: 16  Memory Usage: 2873kB
        ->  Hash Join  (cost=98137.04..154981.62 rows=1015706 width=8) (actual time=1938.990..3569.003 rows=750135 loops=1)
              Hash Cond: (mi_idx.movie_id = t.id)
              ->  Seq Scan on movie_info_idx mi_idx  (cost=0.00..21735.35 rows=1380035 width=4) (actual time=0.023..410.737 rows=1380035 loops=1)
              ->  Hash  (cost=67604.59..67604.59 rows=1860996 width=4) (actual time=1937.613..1937.613 rows=1865487 loops=1)
                    Buckets: 131072  Batches: 32  Memory Usage: 3079kB
                    ->  Seq Scan on title t  (cost=0.00..67604.59 rows=1860996 width=4) (actual time=0.021..1340.317 rows=1865487 loops=1)
                          Filter: (kind_id > 1)
                          Rows Removed by Filter: 662825
Planning time: 1.195 ms
Execution time: 7282.266 ms
