Nested Loop  (cost=91262.80..151204.77 rows=602 width=0) (actual time=1531.717..2433.421 rows=1311 loops=1)
  Join Filter: (mc.movie_id = t.id)
  ->  Hash Join  (cost=91262.38..148837.99 rows=3165 width=8) (actual time=1531.614..2414.034 rows=1311 loops=1)
        Hash Cond: (mc.movie_id = mk.movie_id)
        ->  Seq Scan on movie_companies mc  (cost=0.00..51404.11 rows=2435 width=4) (actual time=0.288..815.782 rows=2411 loops=1)
              Filter: (company_id = 708)
              Rows Removed by Filter: 2606718
        ->  Hash  (cost=81003.12..81003.12 rows=625300 width=4) (actual time=1499.026..1499.026 rows=621177 loops=1)
              Buckets: 131072  Batches: 16  Memory Usage: 2410kB
              ->  Seq Scan on movie_keyword mk  (cost=0.00..81003.12 rows=625300 width=4) (actual time=0.027..1298.311 rows=621177 loops=1)
                    Filter: (keyword_id < 479)
                    Rows Removed by Filter: 3902753
  ->  Index Only Scan using title_pkey on title t  (cost=0.43..0.74 rows=1 width=4) (actual time=0.014..0.014 rows=1 loops=1311)
        Index Cond: (id = mk.movie_id)
        Heap Fetches: 1311
Planning time: 1.147 ms
Execution time: 2433.756 ms
