Hash Join  (cost=1047478.22..1254430.16 rows=5525443 width=0) (actual time=22192.345..33103.668 rows=26571245 loops=1)
  Hash Cond: (mk.movie_id = t.id)
  ->  Seq Scan on movie_keyword mk  (cost=0.00..81003.12 rows=4074622 width=4) (actual time=0.012..1774.348 rows=4062203 loops=1)
        Filter: (keyword_id > 348)
        Rows Removed by Filter: 461727
  ->  Hash  (cost=991223.70..991223.70 rows=3428841 width=8) (actual time=22189.322..22189.322 rows=6113389 loops=1)
        Buckets: 131072 (originally 131072)  Batches: 128 (originally 64)  Memory Usage: 3073kB
        ->  Hash Join  (cost=102767.86..991223.70 rows=3428841 width=8) (actual time=9267.426..20349.547 rows=6113389 loops=1)
              Hash Cond: (ci.movie_id = t.id)
              ->  Seq Scan on cast_info ci  (cost=0.00..796071.18 rows=3428841 width=4) (actual time=7355.637..12299.628 rows=6113389 loops=1)
                    Filter: ((person_id > 1907681) AND (role_id = 2))
                    Rows Removed by Filter: 30130955
              ->  Hash  (cost=61283.27..61283.27 rows=2528527 width=4) (actual time=1910.821..1910.821 rows=2528312 loops=1)
                    Buckets: 131072  Batches: 64  Memory Usage: 2415kB
                    ->  Seq Scan on title t  (cost=0.00..61283.27 rows=2528527 width=4) (actual time=0.025..1058.594 rows=2528312 loops=1)
Planning time: 0.773 ms
Execution time: 36126.041 ms
