Hash Join  (cost=141162.29..507643.03 rows=182481 width=0) (actual time=2759.998..10026.899 rows=214316 loops=1)
  Hash Cond: (mi.movie_id = t.id)
  ->  Seq Scan on movie_info mi  (cost=0.00..309384.22 rows=14739122 width=4) (actual time=0.013..4059.347 rows=14835720 loops=1)
  ->  Hash  (cost=140770.98..140770.98 rows=31305 width=8) (actual time=2759.032..2759.032 rows=13732 loops=1)
        Buckets: 32768  Batches: 1  Memory Usage: 793kB
        ->  Hash Join  (cost=84197.31..140770.98 rows=31305 width=8) (actual time=1550.702..2754.000 rows=13732 loops=1)
              Hash Cond: (mc.movie_id = t.id)
              ->  Seq Scan on movie_companies mc  (cost=0.00..51404.11 rows=78267 width=4) (actual time=0.041..793.536 rows=80595 loops=1)
                    Filter: (company_id < 12)
                    Rows Removed by Filter: 2528534
              ->  Hash  (cost=67604.59..67604.59 rows=1011338 width=4) (actual time=1546.740..1546.740 rows=1012920 loops=1)
                    Buckets: 131072  Batches: 16  Memory Usage: 3250kB
                    ->  Seq Scan on title t  (cost=0.00..67604.59 rows=1011338 width=4) (actual time=0.016..1227.782 rows=1012920 loops=1)
                          Filter: (production_year > 2005)
                          Rows Removed by Filter: 1515392
Planning time: 1.160 ms
Execution time: 10055.269 ms
