Seq Scan on cast_info ci  (cost=0.00..796071.18 rows=15498166 width=0) (actual time=1924.885..15539.976 rows=20122661 loops=1)
  Filter: ((person_id < 2867453) AND (role_id < 3))
  Rows Removed by Filter: 16121683
Planning time: 1.166 ms
Execution time: 18063.519 ms
