Hash Join  (cost=709675.59..1074342.89 rows=1137 width=0) (actual time=10926.528..18368.463 rows=123 loops=1)
  Hash Cond: (mi.movie_id = t.id)
  ->  Seq Scan on movie_info mi  (cost=0.00..309384.22 rows=14739122 width=4) (actual time=0.004..4786.037 rows=14835720 loops=1)
  ->  Hash  (cost=709673.15..709673.15 rows=195 width=8) (actual time=10919.928..10919.928 rows=2 loops=1)
        Buckets: 1024  Batches: 1  Memory Usage: 9kB
        ->  Nested Loop  (cost=0.43..709673.15 rows=195 width=8) (actual time=2181.752..10919.912 rows=2 loops=1)
              ->  Seq Scan on cast_info ci  (cost=0.00..705507.15 rows=500 width=4) (actual time=2181.662..10919.772 rows=2 loops=1)
                    Filter: (person_id = 1864313)
                    Rows Removed by Filter: 36244342
              ->  Index Scan using title_pkey on title t  (cost=0.43..8.32 rows=1 width=4) (actual time=0.053..0.054 rows=1 loops=2)
                    Index Cond: (id = ci.movie_id)
                    Filter: (kind_id < 7)
Planning time: 1.147 ms
Execution time: 18368.687 ms
