Hash Join  (cost=908695.88..2490059.75 rows=47943624 width=0) (actual time=25472.582..81701.920 rows=137129809 loops=1)
  Hash Cond: (ci.movie_id = t.id)
  ->  Seq Scan on cast_info ci  (cost=0.00..796071.18 rows=10906428 width=4) (actual time=3004.549..16978.021 rows=12670688 loops=1)
        Filter: ((person_id < 3138600) AND (role_id = 1))
        Rows Removed by Filter: 23573656
  ->  Hash  (cost=726337.31..726337.31 rows=11115165 width=8) (actual time=22466.675..22466.675 rows=11210743 loops=1)
        Buckets: 131072  Batches: 256  Memory Usage: 2722kB
        ->  Hash Join  (cost=102767.86..726337.31 rows=11115165 width=8) (actual time=1928.187..19407.837 rows=11210743 loops=1)
              Hash Cond: (mi.movie_id = t.id)
              ->  Seq Scan on movie_info mi  (cost=0.00..346232.03 rows=11115165 width=4) (actual time=0.038..6793.165 rows=11210743 loops=1)
                    Filter: (info_type_id > 3)
                    Rows Removed by Filter: 3624977
              ->  Hash  (cost=61283.27..61283.27 rows=2528527 width=4) (actual time=1926.178..1926.178 rows=2528312 loops=1)
                    Buckets: 131072  Batches: 64  Memory Usage: 2425kB
                    ->  Seq Scan on title t  (cost=0.00..61283.27 rows=2528527 width=4) (actual time=0.020..1042.073 rows=2528312 loops=1)
Planning time: 1.264 ms
Execution time: 96202.257 ms
