Hash Join  (cost=102767.86..1466160.35 rows=26930175 width=0) (actual time=1972.797..38929.270 rows=27097174 loops=1)
  Hash Cond: (ci.movie_id = t.id)
  ->  Seq Scan on cast_info ci  (cost=0.00..705507.15 rows=26930175 width=4) (actual time=0.013..16008.002 rows=27097174 loops=1)
        Filter: (person_id > 900662)
        Rows Removed by Filter: 9147170
  ->  Hash  (cost=61283.27..61283.27 rows=2528527 width=4) (actual time=1971.171..1971.171 rows=2528312 loops=1)
        Buckets: 131072  Batches: 64  Memory Usage: 2415kB
        ->  Seq Scan on title t  (cost=0.00..61283.27 rows=2528527 width=4) (actual time=0.018..1141.155 rows=2528312 loops=1)
Planning time: 0.764 ms
Execution time: 41803.179 ms
