Hash Join  (cost=83073.58..447732.65 rows=315 width=0) (actual time=1294.062..8000.351 rows=380 loops=1)
  Hash Cond: (mi.movie_id = t.id)
  ->  Seq Scan on movie_info mi  (cost=0.00..309384.22 rows=14739122 width=4) (actual time=0.011..4060.221 rows=14835720 loops=1)
  ->  Hash  (cost=83072.90..83072.90 rows=54 width=8) (actual time=1273.559..1273.559 rows=52 loops=1)
        Buckets: 1024  Batches: 1  Memory Usage: 11kB
        ->  Nested Loop  (cost=0.43..83072.90 rows=54 width=8) (actual time=28.459..1273.507 rows=52 loops=1)
              ->  Seq Scan on movie_keyword mk  (cost=0.00..81003.12 rows=246 width=4) (actual time=2.078..1234.716 rows=628 loops=1)
                    Filter: (keyword_id = 4584)
                    Rows Removed by Filter: 4523302
              ->  Index Scan using title_pkey on title t  (cost=0.43..8.40 rows=1 width=4) (actual time=0.060..0.060 rows=0 loops=628)
                    Index Cond: (id = mk.movie_id)
                    Filter: ((kind_id > 4) AND (production_year > 2006))
                    Rows Removed by Filter: 1
Planning time: 1.250 ms
Execution time: 8000.634 ms
