Hash Join  (cost=108179.22..163131.26 rows=28651 width=0) (actual time=1989.091..3449.606 rows=217503 loops=1)
  Hash Cond: (mc.movie_id = t.id)
  ->  Seq Scan on movie_companies mc  (cost=0.00..44881.29 rows=2609129 width=4) (actual time=0.026..691.846 rows=2609129 loops=1)
  ->  Hash  (cost=107832.15..107832.15 rows=27766 width=8) (actual time=1988.858..1988.858 rows=60580 loops=1)
        Buckets: 65536 (originally 32768)  Batches: 1 (originally 1)  Memory Usage: 2879kB
        ->  Hash Join  (cost=76405.93..107832.15 rows=27766 width=8) (actual time=1264.611..1968.342 rows=60580 loops=1)
              Hash Cond: (mi_idx.movie_id = t.id)
              ->  Seq Scan on movie_info_idx mi_idx  (cost=0.00..25185.44 rows=464566 width=4) (actual time=0.022..436.911 rows=459925 loops=1)
                    Filter: (info_type_id = 101)
                    Rows Removed by Filter: 920110
              ->  Hash  (cost=73925.90..73925.90 rows=151122 width=4) (actual time=1263.244..1263.244 rows=251875 loops=1)
                    Buckets: 131072 (originally 131072)  Batches: 4 (originally 2)  Memory Usage: 3239kB
                    ->  Seq Scan on title t  (cost=0.00..73925.90 rows=151122 width=4) (actual time=0.030..1173.443 rows=251875 loops=1)
                          Filter: ((kind_id < 7) AND (production_year < 1971))
                          Rows Removed by Filter: 2276437
Planning time: 1.179 ms
Execution time: 3477.462 ms
