Hash Join  (cost=77062.89..120153.85 rows=314648 width=0) (actual time=1385.205..2661.325 rows=363285 loops=1)
  Hash Cond: (mi_idx.movie_id = t.id)
  ->  Seq Scan on movie_info_idx mi_idx  (cost=0.00..21735.35 rows=1380035 width=4) (actual time=0.023..478.036 rows=1380035 loops=1)
  ->  Hash  (cost=67604.59..67604.59 rows=576504 width=4) (actual time=1384.378..1384.378 rows=568449 loops=1)
        Buckets: 131072  Batches: 8  Memory Usage: 3513kB
        ->  Seq Scan on title t  (cost=0.00..67604.59 rows=576504 width=4) (actual time=0.016..1200.517 rows=568449 loops=1)
              Filter: (production_year < 1984)
              Rows Removed by Filter: 1959863
Planning time: 0.714 ms
Execution time: 2707.780 ms
