Hash Join  (cost=73982.55..896191.61 rows=12433 width=136) (actual time=13874.781..16316.144 rows=13672 loops=1)
  Hash Cond: (ci.movie_id = t.id)
  ->  Seq Scan on cast_info ci  (cost=0.00..796071.18 rows=6936945 width=42) (actual time=12833.809..14747.199 rows=2194893 loops=1)
        Filter: ((person_id > 2415257) AND (role_id < 3))
        Rows Removed by Filter: 34049451
  ->  Hash  (cost=73925.90..73925.90 rows=4532 width=94) (actual time=1040.625..1040.625 rows=14720 loops=1)
        Buckets: 16384 (originally 8192)  Batches: 1 (originally 1)  Memory Usage: 1819kB
        ->  Seq Scan on title t  (cost=0.00..73925.90 rows=4532 width=94) (actual time=32.690..1032.716 rows=14720 loops=1)
              Filter: ((kind_id = 7) AND (production_year = 1992))
              Rows Removed by Filter: 2513592
Planning time: 8.770 ms
Execution time: 16317.303 ms
