Hash Join  (cost=827730.85..1811603.63 rows=409712 width=211) (actual time=25901.163..41742.215 rows=607411 loops=1)
  Hash Cond: (mi.movie_id = t.id)
  ->  Seq Scan on movie_info mi  (cost=0.00..309384.22 rows=14739122 width=75) (actual time=0.004..7167.498 rows=14835720 loops=1)
  ->  Hash  (cost=825479.27..825479.27 rows=70287 width=136) (actual time=25424.133..25424.133 rows=111109 loops=1)
        Buckets: 32768 (originally 32768)  Batches: 8 (originally 4)  Memory Usage: 3841kB
        ->  Hash Join  (cost=73987.23..825479.27 rows=70287 width=136) (actual time=1425.947..25269.801 rows=111109 loops=1)
              Hash Cond: (ci.movie_id = t.id)
              ->  Seq Scan on cast_info ci  (cost=0.00..614943.12 rows=36225612 width=42) (actual time=0.011..13592.616 rows=36244344 loops=1)
              ->  Hash  (cost=73925.90..73925.90 rows=4906 width=94) (actual time=1422.654..1422.654 rows=8141 loops=1)
                    Buckets: 8192  Batches: 1  Memory Usage: 996kB
                    ->  Seq Scan on title t  (cost=0.00..73925.90 rows=4906 width=94) (actual time=0.049..1418.123 rows=8141 loops=1)
                          Filter: ((kind_id > 3) AND (production_year = 1977))
                          Rows Removed by Filter: 2520171
Planning time: 2.425 ms
Execution time: 41776.199 ms
