Seq Scan on cast_info ci  (cost=0.00..796071.18 rows=2075160 width=0) (actual time=3091.819..11918.413 rows=5997622 loops=1)
  Filter: ((person_id > 3028207) AND (role_id > 3))
  Rows Removed by Filter: 30246722
Planning time: 0.352 ms
Execution time: 12618.262 ms
