Seq Scan on title t  (cost=0.00..73925.90 rows=463887 width=0) (actual time=0.023..1350.357 rows=480042 loops=1)
  Filter: ((kind_id > 2) AND (production_year > 2008))
  Rows Removed by Filter: 2048270
Planning time: 0.336 ms
Execution time: 1411.475 ms
