Hash Join  (cost=87539.85..618955.37 rows=4836759 width=0) (actual time=1921.919..17716.567 rows=8122493 loops=1)
  Hash Cond: (mi.movie_id = t.id)
  ->  Seq Scan on movie_info mi  (cost=0.00..309384.22 rows=14739122 width=4) (actual time=0.016..6298.675 rows=14835720 loops=1)
  ->  Hash  (cost=73925.90..73925.90 rows=829756 width=4) (actual time=1921.049..1921.049 rows=744086 loops=1)
        Buckets: 131072  Batches: 16  Memory Usage: 2671kB
        ->  Seq Scan on title t  (cost=0.00..73925.90 rows=829756 width=4) (actual time=0.013..1369.135 rows=744086 loops=1)
              Filter: ((kind_id < 7) AND (production_year > 1967))
              Rows Removed by Filter: 1784226
Planning time: 0.767 ms
Execution time: 18620.615 ms
