Nested Loop  (cost=0.43..83072.90 rows=99 width=0) (actual time=11.644..1391.509 rows=212 loops=1)
  ->  Seq Scan on movie_keyword mk  (cost=0.00..81003.12 rows=246 width=4) (actual time=0.284..1297.848 rows=2713 loops=1)
        Filter: (keyword_id = 2197)
        Rows Removed by Filter: 4521217
  ->  Index Scan using title_pkey on title t  (cost=0.43..8.40 rows=1 width=4) (actual time=0.034..0.034 rows=0 loops=2713)
        Index Cond: (id = mk.movie_id)
        Filter: ((production_year < 2008) AND (kind_id = 7))
        Rows Removed by Filter: 1
Planning time: 13.556 ms
Execution time: 1391.678 ms
