Seq Scan on movie_companies mc  (cost=0.00..57926.93 rows=51 width=0) (actual time=249.432..852.268 rows=1 loops=1)
  Filter: ((company_id = 70864) AND (company_type_id = 1))
  Rows Removed by Filter: 2609128
Planning time: 0.373 ms
Execution time: 852.351 ms
