Seq Scan on movie_companies mc  (cost=0.00..57926.93 rows=51 width=0) (actual time=850.108..932.497 rows=1 loops=1)
  Filter: ((company_type_id < 2) AND (company_id = 70409))
  Rows Removed by Filter: 2609128
Planning time: 0.354 ms
Execution time: 932.590 ms
