Hash Join  (cost=437057.85..1188675.53 rows=82855 width=0) (actual time=6933.561..24833.328 rows=553783 loops=1)
  Hash Cond: (ci.movie_id = t.id)
  ->  Seq Scan on cast_info ci  (cost=0.00..614943.12 rows=36225612 width=4) (actual time=0.008..9025.710 rows=36244344 loops=1)
  ->  Hash  (cost=436985.56..436985.56 rows=5783 width=8) (actual time=6933.294..6933.294 rows=12865 loops=1)
        Buckets: 16384 (originally 8192)  Batches: 1 (originally 1)  Memory Usage: 631kB
        ->  Hash Join  (cost=87301.44..436985.56 rows=5783 width=8) (actual time=4766.319..6929.086 rows=12865 loops=1)
              Hash Cond: (mi.movie_id = t.id)
              ->  Seq Scan on movie_info mi  (cost=0.00..346232.03 rows=17937 width=4) (actual time=2902.391..5017.597 rows=61128 loops=1)
                    Filter: (info_type_id = 103)
                    Rows Removed by Filter: 14774592
              ->  Hash  (cost=73925.90..73925.90 rows=815243 width=4) (actual time=1761.891..1761.891 rows=876186 loops=1)
                    Buckets: 131072  Batches: 16  Memory Usage: 2961kB
                    ->  Seq Scan on title t  (cost=0.00..73925.90 rows=815243 width=4) (actual time=0.027..1479.489 rows=876186 loops=1)
                          Filter: ((kind_id > 1) AND (production_year > 2004))
                          Rows Removed by Filter: 1652126
Planning time: 9.681 ms
Execution time: 24913.596 ms
