Seq Scan on movie_companies mc  (cost=0.00..57926.93 rows=379127 width=0) (actual time=0.022..939.085 rows=537327 loops=1)
  Filter: ((company_id < 1583) AND (company_type_id < 2))
  Rows Removed by Filter: 2071802
Planning time: 0.332 ms
Execution time: 1007.585 ms
