Hash Join  (cost=74452.28..169002.93 rows=57607 width=0) (actual time=1109.177..2606.431 rows=116620 loops=1)
  Hash Cond: (mk.movie_id = t.id)
  ->  Seq Scan on movie_keyword mk  (cost=0.00..81003.12 rows=3459054 width=4) (actual time=0.021..1060.775 rows=3448949 loops=1)
        Filter: (keyword_id < 16439)
        Rows Removed by Filter: 1074981
  ->  Hash  (cost=73925.90..73925.90 rows=42110 width=4) (actual time=1108.746..1108.746 rows=33905 loops=1)
        Buckets: 65536  Batches: 1  Memory Usage: 1704kB
        ->  Seq Scan on title t  (cost=0.00..73925.90 rows=42110 width=4) (actual time=0.017..1095.538 rows=33905 loops=1)
              Filter: ((kind_id < 7) AND (production_year = 2006))
              Rows Removed by Filter: 2494407
Planning time: 1.001 ms
Execution time: 2618.499 ms
