Hash Join  (cost=207214.24..722491.72 rows=628129 width=0) (actual time=4386.943..15447.513 rows=372507 loops=1)
  Hash Cond: (mi.movie_id = t.id)
  ->  Seq Scan on movie_info mi  (cost=0.00..346232.03 rows=12665229 width=4) (actual time=299.859..7145.447 rows=12744652 loops=1)
        Filter: (info_type_id > 2)
        Rows Removed by Filter: 2091068
  ->  Hash  (cost=205156.72..205156.72 rows=125402 width=8) (actual time=4086.019..4086.019 rows=38456 loops=1)
        Buckets: 131072  Batches: 2  Memory Usage: 1777kB
        ->  Hash Join  (cost=75195.76..205156.72 rows=125402 width=8) (actual time=3213.423..4072.477 rows=38456 loops=1)
              Hash Cond: (mk.movie_id = t.id)
              ->  Seq Scan on movie_keyword mk  (cost=0.00..81003.12 rows=4099418 width=4) (actual time=0.033..1661.833 rows=4087742 loops=1)
                    Filter: (keyword_id > 335)
                    Rows Removed by Filter: 436188
              ->  Hash  (cost=73925.90..73925.90 rows=77348 width=4) (actual time=1217.638..1217.638 rows=84109 loops=1)
                    Buckets: 131072  Batches: 2  Memory Usage: 2515kB
                    ->  Seq Scan on title t  (cost=0.00..73925.90 rows=77348 width=4) (actual time=99.502..1184.205 rows=84109 loops=1)
                          Filter: ((kind_id = 7) AND (production_year = 2008))
                          Rows Removed by Filter: 2444203
Planning time: 0.804 ms
Execution time: 15493.693 ms
