Hash Join  (cost=185303.42..319103.14 rows=968268 width=0) (actual time=4094.029..7572.210 rows=1088146 loops=1)
  Hash Cond: (mk.movie_id = t.id)
  ->  Seq Scan on movie_keyword mk  (cost=0.00..69693.30 rows=4523930 width=4) (actual time=0.015..1480.433 rows=4523930 loops=1)
  ->  Hash  (cost=176423.58..176423.58 rows=541187 width=8) (actual time=4091.877..4091.877 rows=171334 loops=1)
        Buckets: 131072  Batches: 8  Memory Usage: 1858kB
        ->  Hash Join  (cost=96096.35..176423.58 rows=541187 width=8) (actual time=2115.584..4035.812 rows=171334 loops=1)
              Hash Cond: (mc.movie_id = t.id)
              ->  Seq Scan on movie_companies mc  (cost=0.00..57926.93 rows=1012646 width=4) (actual time=1.375..1207.374 rows=872023 loops=1)
                    Filter: ((company_id > 531) AND (company_type_id < 2))
                    Rows Removed by Filter: 1737106
              ->  Hash  (cost=73925.90..73925.90 rows=1351316 width=4) (actual time=2113.431..2113.431 rows=1463273 loops=1)
                    Buckets: 131072  Batches: 32  Memory Usage: 2640kB
                    ->  Seq Scan on title t  (cost=0.00..73925.90 rows=1351316 width=4) (actual time=0.018..1497.350 rows=1463273 loops=1)
                          Filter: ((kind_id > 3) AND (production_year > 1972))
                          Rows Removed by Filter: 1065039
Planning time: 1.138 ms
Execution time: 7693.896 ms
