Hash Join  (cost=99161.12..1523278.48 rows=26490480 width=0) (actual time=2006.644..45003.931 rows=26582489 loops=1)
  Hash Cond: (ci.movie_id = t.id)
  ->  Seq Scan on cast_info ci  (cost=0.00..705507.15 rows=34824680 width=4) (actual time=0.013..16817.328 rows=34921198 loops=1)
        Filter: (person_id > 132184)
        Rows Removed by Filter: 1323146
  ->  Hash  (cost=67604.59..67604.59 rows=1923403 width=4) (actual time=2005.464..2005.464 rows=1922849 loops=1)
        Buckets: 131072  Batches: 32  Memory Usage: 3132kB
        ->  Seq Scan on title t  (cost=0.00..67604.59 rows=1923403 width=4) (actual time=0.024..1386.233 rows=1922849 loops=1)
              Filter: (production_year < 2010)
              Rows Removed by Filter: 605463
Planning time: 0.760 ms
Execution time: 47856.541 ms
