Seq Scan on cast_info ci  (cost=0.00..796071.18 rows=14609682 width=0) (actual time=0.026..14729.691 rows=19777409 loops=1)
  Filter: ((person_id > 1346585) AND (role_id > 1))
  Rows Removed by Filter: 16466935
Planning time: 0.383 ms
Execution time: 17083.836 ms
