Hash Join  (cost=102767.86..280836.74 rows=3623370 width=0) (actual time=1841.584..6548.685 rows=3617916 loops=1)
  Hash Cond: (mk.movie_id = t.id)
  ->  Seq Scan on movie_keyword mk  (cost=0.00..81003.12 rows=3623370 width=4) (actual time=0.021..1763.951 rows=3617916 loops=1)
        Filter: (keyword_id > 864)
        Rows Removed by Filter: 906014
  ->  Hash  (cost=61283.27..61283.27 rows=2528527 width=4) (actual time=1840.579..1840.579 rows=2528312 loops=1)
        Buckets: 131072  Batches: 64  Memory Usage: 2425kB
        ->  Seq Scan on title t  (cost=0.00..61283.27 rows=2528527 width=4) (actual time=0.013..983.152 rows=2528312 loops=1)
Planning time: 0.674 ms
Execution time: 6955.603 ms
