Hash Join  (cost=83075.00..440815.38 rows=263 width=0) (actual time=4908.388..7176.324 rows=533 loops=1)
  Hash Cond: (mi.movie_id = t.id)
  ->  Seq Scan on movie_info mi  (cost=0.00..346232.03 rows=3068194 width=4) (actual time=3570.941..5432.383 rows=3036719 loops=1)
        Filter: (info_type_id = 16)
        Rows Removed by Filter: 11799001
  ->  Hash  (cost=83072.29..83072.29 rows=217 width=8) (actual time=1333.292..1333.292 rows=65 loops=1)
        Buckets: 1024  Batches: 1  Memory Usage: 11kB
        ->  Nested Loop  (cost=0.43..83072.29 rows=217 width=8) (actual time=11.258..1333.159 rows=65 loops=1)
              ->  Seq Scan on movie_keyword mk  (cost=0.00..81003.12 rows=246 width=4) (actual time=11.141..1329.946 rows=72 loops=1)
                    Filter: (keyword_id = 1154)
                    Rows Removed by Filter: 4523858
              ->  Index Scan using title_pkey on title t  (cost=0.43..8.40 rows=1 width=4) (actual time=0.038..0.038 rows=1 loops=72)
                    Index Cond: (id = mk.movie_id)
                    Filter: (production_year < 2012)
                    Rows Removed by Filter: 0
Planning time: 1.195 ms
Execution time: 7176.608 ms
