Seq Scan on movie_companies mc  (cost=0.00..51404.11 rows=104 width=0) (actual time=371.712..798.467 rows=1 loops=1)
  Filter: (company_id = 219433)
  Rows Removed by Filter: 2609128
Planning time: 0.330 ms
Execution time: 798.539 ms
