Hash Join  (cost=220220.14..1350652.40 rows=9406409 width=0) (actual time=4812.692..40763.832 rows=25594214 loops=1)
  Hash Cond: (ci.movie_id = t.id)
  ->  Seq Scan on cast_info ci  (cost=0.00..614943.12 rows=36225612 width=4) (actual time=0.023..13234.887 rows=36244344 loops=1)
  ->  Hash  (cost=209448.11..209448.11 rows=656562 width=8) (actual time=4811.801..4811.801 rows=655932 loops=1)
        Buckets: 131072  Batches: 16  Memory Usage: 2652kB
        ->  Hash Join  (cost=102767.86..209448.11 rows=656562 width=8) (actual time=2329.135..4644.392 rows=655932 loops=1)
              Hash Cond: (mk.movie_id = t.id)
              ->  Seq Scan on movie_keyword mk  (cost=0.00..81003.12 rows=656562 width=4) (actual time=0.032..1461.028 rows=655932 loops=1)
                    Filter: (keyword_id < 508)
                    Rows Removed by Filter: 3867998
              ->  Hash  (cost=61283.27..61283.27 rows=2528527 width=4) (actual time=2328.283..2328.283 rows=2528312 loops=1)
                    Buckets: 131072  Batches: 64  Memory Usage: 2425kB
                    ->  Seq Scan on title t  (cost=0.00..61283.27 rows=2528527 width=4) (actual time=0.017..1181.453 rows=2528312 loops=1)
Planning time: 4.781 ms
Execution time: 43579.522 ms
