Hash Join  (cost=1178363.47..2121893.76 rows=34826585 width=0) (actual time=26662.700..49122.171 rows=29219046 loops=1)
  Hash Cond: (mi.movie_id = t.id)
  ->  Seq Scan on movie_info mi  (cost=0.00..309384.22 rows=14739122 width=4) (actual time=0.024..6197.073 rows=14835720 loops=1)
  ->  Hash  (cost=1080342.31..1080342.31 rows=5974573 width=8) (actual time=26532.162..26532.162 rows=6142703 loops=1)
        Buckets: 131072  Batches: 128  Memory Usage: 2820kB
        ->  Hash Join  (cost=92883.59..1080342.31 rows=5974573 width=8) (actual time=1708.722..24739.843 rows=6142703 loops=1)
              Hash Cond: (ci.movie_id = t.id)
              ->  Seq Scan on cast_info ci  (cost=0.00..796071.18 rows=9804562 width=4) (actual time=0.016..15425.850 rows=10686100 loops=1)
                    Filter: ((person_id > 682568) AND (role_id > 3))
                    Rows Removed by Filter: 25558244
              ->  Hash  (cost=67604.59..67604.59 rows=1540800 width=4) (actual time=1707.398..1707.398 rows=1543264 loops=1)
                    Buckets: 131072  Batches: 32  Memory Usage: 2722kB
                    ->  Seq Scan on title t  (cost=0.00..67604.59 rows=1540800 width=4) (actual time=165.049..1220.433 rows=1543264 loops=1)
                          Filter: (kind_id = 7)
                          Rows Removed by Filter: 985048
Planning time: 1.198 ms
Execution time: 52512.095 ms
