Hash Join  (cost=102767.86..1311104.56 rows=16722555 width=0) (actual time=3447.852..38293.631 rows=20699990 loops=1)
  Hash Cond: (ci.movie_id = t.id)
  ->  Seq Scan on cast_info ci  (cost=0.00..796071.18 rows=16722555 width=4) (actual time=1620.816..17705.107 rows=20699990 loops=1)
        Filter: ((person_id > 1010118) AND (role_id > 1))
        Rows Removed by Filter: 15544354
  ->  Hash  (cost=61283.27..61283.27 rows=2528527 width=4) (actual time=1825.500..1825.500 rows=2528312 loops=1)
        Buckets: 131072  Batches: 64  Memory Usage: 2415kB
        ->  Seq Scan on title t  (cost=0.00..61283.27 rows=2528527 width=4) (actual time=0.018..999.940 rows=2528312 loops=1)
Planning time: 0.758 ms
Execution time: 40663.163 ms
