Hash Join  (cost=82778.48..170222.17 rows=67477 width=0) (actual time=2579.746..3358.588 rows=8667 loops=1)
  Hash Cond: (mk.movie_id = t.id)
  ->  Seq Scan on movie_keyword mk  (cost=0.00..81003.12 rows=316212 width=4) (actual time=0.025..1208.590 rows=313480 loops=1)
        Filter: (keyword_id > 52100)
        Rows Removed by Filter: 4210450
  ->  Hash  (cost=73925.90..73925.90 rows=539566 width=4) (actual time=1253.633..1253.633 rows=428248 loops=1)
        Buckets: 131072  Batches: 8  Memory Usage: 2896kB
        ->  Seq Scan on title t  (cost=0.00..73925.90 rows=539566 width=4) (actual time=0.017..1117.735 rows=428248 loops=1)
              Filter: ((production_year < 1997) AND (kind_id = 7))
              Rows Removed by Filter: 2100064
Planning time: 1.990 ms
Execution time: 3359.794 ms
