Hash Join  (cost=142214.21..274698.77 rows=860352 width=0) (actual time=3004.435..6635.924 rows=1573278 loops=1)
  Hash Cond: (mk.movie_id = t.id)
  ->  Seq Scan on movie_keyword mk  (cost=0.00..69693.30 rows=4523930 width=4) (actual time=0.016..1413.247 rows=4523930 loops=1)
  ->  Hash  (cost=134324.34..134324.34 rows=480870 width=8) (actual time=3003.252..3003.252 rows=396321 loops=1)
        Buckets: 131072  Batches: 8  Memory Usage: 2982kB
        ->  Hash Join  (cost=88381.15..134324.34 rows=480870 width=8) (actual time=1595.336..2892.765 rows=396321 loops=1)
              Hash Cond: (mi_idx.movie_id = t.id)
              ->  Seq Scan on movie_info_idx mi_idx  (cost=0.00..21735.35 rows=1380035 width=4) (actual time=0.019..468.112 rows=1380035 loops=1)
              ->  Hash  (cost=73925.90..73925.90 rows=881060 width=4) (actual time=1594.210..1594.210 rows=795183 loops=1)
                    Buckets: 131072  Batches: 16  Memory Usage: 2773kB
                    ->  Seq Scan on title t  (cost=0.00..73925.90 rows=881060 width=4) (actual time=0.020..1336.512 rows=795183 loops=1)
                          Filter: ((kind_id > 1) AND (production_year < 2003))
                          Rows Removed by Filter: 1733129
Planning time: 0.750 ms
Execution time: 6831.524 ms
