Seq Scan on movie_keyword mk  (cost=0.00..81003.12 rows=246 width=0) (actual time=180.834..1310.573 rows=3 loops=1)
  Filter: (keyword_id = 76221)
  Rows Removed by Filter: 4523927
Planning time: 0.312 ms
Execution time: 1310.659 ms
