Seq Scan on movie_keyword mk  (cost=0.00..81003.12 rows=246 width=0) (actual time=2.780..1250.150 rows=917 loops=1)
  Filter: (keyword_id = 18649)
  Rows Removed by Filter: 4523013
Planning time: 0.331 ms
Execution time: 1250.565 ms
