Hash Join  (cost=192836.79..585956.65 rows=863111 width=0) (actual time=3940.159..11859.741 rows=2373055 loops=1)
  Hash Cond: (mi.movie_id = t.id)
  ->  Seq Scan on movie_info mi  (cost=0.00..346232.03 rows=3068194 width=4) (actual time=0.018..5593.143 rows=3036719 loops=1)
        Filter: (info_type_id = 16)
        Rows Removed by Filter: 11799001
  ->  Hash  (cost=181166.56..181166.56 rows=711298 width=8) (actual time=3939.168..3939.168 rows=700539 loops=1)
        Buckets: 131072  Batches: 16  Memory Usage: 2761kB
        ->  Hash Join  (cost=102767.86..181166.56 rows=711298 width=8) (actual time=1881.444..3735.226 rows=700539 loops=1)
              Hash Cond: (mc.movie_id = t.id)
              ->  Seq Scan on movie_companies mc  (cost=0.00..51404.11 rows=711298 width=4) (actual time=0.025..892.148 rows=700539 loops=1)
                    Filter: (company_id < 1305)
                    Rows Removed by Filter: 1908590
              ->  Hash  (cost=61283.27..61283.27 rows=2528527 width=4) (actual time=1880.007..1880.007 rows=2528312 loops=1)
                    Buckets: 131072  Batches: 64  Memory Usage: 2415kB
                    ->  Seq Scan on title t  (cost=0.00..61283.27 rows=2528527 width=4) (actual time=0.020..1034.860 rows=2528312 loops=1)
Planning time: 1.088 ms
Execution time: 12132.439 ms
