Seq Scan on movie_keyword mk  (cost=0.00..81003.12 rows=4340906 width=0) (actual time=0.030..1555.875 rows=4337968 loops=1)
  Filter: (keyword_id < 71480)
  Rows Removed by Filter: 185962
Planning time: 0.257 ms
Execution time: 2087.092 ms
