Hash Join  (cost=83440.39..563241.05 rows=2173247 width=0) (actual time=1755.135..14099.101 rows=3600596 loops=1)
  Hash Cond: (mi.movie_id = t.id)
  ->  Seq Scan on movie_info mi  (cost=0.00..346232.03 rows=9476311 width=4) (actual time=327.865..6797.582 rows=9565151 loops=1)
        Filter: (info_type_id < 16)
        Rows Removed by Filter: 5270569
  ->  Hash  (cost=73925.90..73925.90 rows=579879 width=4) (actual time=1426.508..1426.508 rows=492958 loops=1)
        Buckets: 131072  Batches: 8  Memory Usage: 3196kB
        ->  Seq Scan on title t  (cost=0.00..73925.90 rows=579879 width=4) (actual time=0.033..1261.758 rows=492958 loops=1)
              Filter: ((kind_id < 7) AND (production_year > 1998))
              Rows Removed by Filter: 2035354
Planning time: 0.715 ms
Execution time: 14531.454 ms
