Seq Scan on movie_keyword mk  (cost=0.00..81003.12 rows=1372052 width=0) (actual time=0.030..1428.512 rows=1387924 loops=1)
  Filter: (keyword_id > 12015)
  Rows Removed by Filter: 3136006
Planning time: 0.332 ms
Execution time: 1597.699 ms
