Hash Join  (cost=227019.11..786871.50 rows=5775155 width=0) (actual time=5450.478..32842.038 rows=57318349 loops=1)
  Hash Cond: (mi.movie_id = t.id)
  ->  Seq Scan on movie_info mi  (cost=0.00..309384.22 rows=14739122 width=4) (actual time=0.020..6119.516 rows=14835720 loops=1)
  ->  Hash  (cost=210763.86..210763.86 rows=990740 width=8) (actual time=5448.960..5448.960 rows=1380048 loops=1)
        Buckets: 131072 (originally 131072)  Batches: 32 (originally 16)  Memory Usage: 3073kB
        ->  Hash Join  (cost=76690.42..210763.86 rows=990740 width=8) (actual time=1416.446..5023.829 rows=1380048 loops=1)
              Hash Cond: (mk.movie_id = t.id)
              ->  Seq Scan on movie_keyword mk  (cost=0.00..69693.30 rows=4523930 width=4) (actual time=0.024..1362.002 rows=4523930 loops=1)
              ->  Hash  (cost=67604.59..67604.59 rows=553747 width=4) (actual time=1415.292..1415.292 rows=552960 loops=1)
                    Buckets: 131072  Batches: 8  Memory Usage: 3452kB
                    ->  Seq Scan on title t  (cost=0.00..67604.59 rows=553747 width=4) (actual time=0.025..1231.750 rows=552960 loops=1)
                          Filter: (production_year < 1983)
                          Rows Removed by Filter: 1975352
Planning time: 1.094 ms
Execution time: 39049.769 ms
