Hash Join  (cost=82370.79..122066.54 rows=187085 width=0) (actual time=1311.113..2422.274 rows=276955 loops=1)
  Hash Cond: (mi_idx.movie_id = t.id)
  ->  Seq Scan on movie_info_idx mi_idx  (cost=0.00..25185.44 rows=919057 width=4) (actual time=0.028..536.738 rows=920110 loops=1)
        Filter: (info_type_id > 99)
        Rows Removed by Filter: 459925
  ->  Hash  (cost=73925.90..73925.90 rows=514711 width=4) (actual time=1310.154..1310.154 rows=386575 loops=1)
        Buckets: 131072  Batches: 8  Memory Usage: 2730kB
        ->  Seq Scan on title t  (cost=0.00..73925.90 rows=514711 width=4) (actual time=0.025..1187.528 rows=386575 loops=1)
              Filter: ((production_year > 1979) AND (kind_id = 1))
              Rows Removed by Filter: 2141737
Planning time: 0.712 ms
Execution time: 2457.473 ms
