Seq Scan on movie_companies mc  (cost=0.00..51404.11 rows=1513599 width=0) (actual time=0.024..1018.150 rows=1499154 loops=1)
  Filter: (company_id < 14002)
  Rows Removed by Filter: 1109975
Planning time: 0.306 ms
Execution time: 1207.062 ms
