Hash Join  (cost=83074.74..833899.15 rows=3524 width=0) (actual time=1332.560..18540.894 rows=41991 loops=1)
  Hash Cond: (ci.movie_id = t.id)
  ->  Seq Scan on cast_info ci  (cost=0.00..614943.12 rows=36225612 width=4) (actual time=0.021..9718.654 rows=36244344 loops=1)
  ->  Hash  (cost=83071.67..83071.67 rows=246 width=8) (actual time=1331.851..1331.851 rows=706 loops=1)
        Buckets: 1024  Batches: 1  Memory Usage: 36kB
        ->  Nested Loop  (cost=0.43..83071.67 rows=246 width=8) (actual time=1.350..1331.275 rows=706 loops=1)
              ->  Seq Scan on movie_keyword mk  (cost=0.00..81003.12 rows=246 width=4) (actual time=0.832..1297.325 rows=706 loops=1)
                    Filter: (keyword_id = 884)
                    Rows Removed by Filter: 4523224
              ->  Index Only Scan using title_pkey on title t  (cost=0.43..8.40 rows=1 width=4) (actual time=0.046..0.046 rows=1 loops=706)
                    Index Cond: (id = mk.movie_id)
                    Heap Fetches: 706
Planning time: 1.803 ms
Execution time: 18551.264 ms
