Hash Join  (cost=74098.35..101037.61 rows=2515 width=0) (actual time=1193.651..1738.758 rows=4200 loops=1)
  Hash Cond: (mi_idx.movie_id = t.id)
  ->  Seq Scan on movie_info_idx mi_idx  (cost=0.00..25185.44 rows=460978 width=4) (actual time=0.021..448.123 rows=459925 loops=1)
        Filter: (info_type_id < 100)
        Rows Removed by Filter: 920110
  ->  Hash  (cost=73925.90..73925.90 rows=13796 width=4) (actual time=1193.463..1193.463 rows=8100 loops=1)
        Buckets: 16384  Batches: 1  Memory Usage: 413kB
        ->  Seq Scan on title t  (cost=0.00..73925.90 rows=13796 width=4) (actual time=442.932..1189.757 rows=8100 loops=1)
              Filter: ((kind_id = 1) AND (production_year = 2000))
              Rows Removed by Filter: 2520212
Planning time: 0.750 ms
Execution time: 1739.732 ms
