Hash Join  (cost=74456.32..130873.34 rows=21472 width=0) (actual time=1603.464..1947.354 rows=22057 loops=1)
  Hash Cond: (mc.movie_id = t.id)
  ->  Seq Scan on movie_companies mc  (cost=0.00..51404.11 rows=1279517 width=4) (actual time=160.911..546.756 rows=1274246 loops=1)
        Filter: (company_type_id = 1)
        Rows Removed by Filter: 1334883
  ->  Hash  (cost=73925.90..73925.90 rows=42433 width=4) (actual time=1218.693..1218.693 rows=37411 loops=1)
        Buckets: 65536  Batches: 1  Memory Usage: 1828kB
        ->  Seq Scan on title t  (cost=0.00..73925.90 rows=42433 width=4) (actual time=274.598..1203.663 rows=37411 loops=1)
              Filter: ((kind_id = 1) AND (production_year = 2011))
              Rows Removed by Filter: 2490901
Planning time: 0.682 ms
Execution time: 1949.325 ms
