Seq Scan on cast_info ci  (cost=0.00..796071.18 rows=643808 width=0) (actual time=8002.402..13133.703 rows=858834 loops=1)
  Filter: ((person_id > 2313593) AND (role_id = 8))
  Rows Removed by Filter: 35385510
Planning time: 0.330 ms
Execution time: 13234.359 ms
