Hash Join  (cost=473929.08..1611589.79 rows=10110058 width=0) (actual time=10140.761..49466.984 rows=24645239 loops=1)
  Hash Cond: (ci.movie_id = t.id)
  ->  Seq Scan on cast_info ci  (cost=0.00..614943.12 rows=36225612 width=4) (actual time=0.013..13881.592 rows=36244344 loops=1)
  ->  Hash  (cost=462351.13..462351.13 rows=705676 width=8) (actual time=10139.474..10139.474 rows=1366732 loops=1)
        Buckets: 131072 (originally 131072)  Batches: 32 (originally 16)  Memory Usage: 3073kB
        ->  Hash Join  (cost=81720.25..462351.13 rows=705676 width=8) (actual time=2300.677..9672.788 rows=1366732 loops=1)
              Hash Cond: (mi.movie_id = t.id)
              ->  Seq Scan on movie_info mi  (cost=0.00..346232.03 rows=2073893 width=4) (actual time=847.076..5476.365 rows=2091068 loops=1)
                    Filter: (info_type_id < 3)
                    Rows Removed by Filter: 12744652
              ->  Hash  (cost=67604.59..67604.59 rows=860373 width=4) (actual time=1452.740..1452.740 rows=854214 loops=1)
                    Buckets: 131072  Batches: 16  Memory Usage: 2906kB
                    ->  Seq Scan on title t  (cost=0.00..67604.59 rows=860373 width=4) (actual time=0.039..1180.335 rows=854214 loops=1)
                          Filter: (kind_id < 4)
                          Rows Removed by Filter: 1674098
Planning time: 0.744 ms
Execution time: 52132.636 ms
