Hash Join  (cost=174865.45..280084.19 rows=492033 width=0) (actual time=4490.993..7312.384 rows=2051606 loops=1)
  Hash Cond: (mk.movie_id = t.id)
  ->  Seq Scan on movie_keyword mk  (cost=0.00..81003.12 rows=1359543 width=4) (actual time=0.017..1532.094 rows=1373764 loops=1)
        Filter: (keyword_id > 12156)
        Rows Removed by Filter: 3150166
  ->  Hash  (cost=159851.69..159851.69 rows=915101 width=8) (actual time=4490.001..4490.001 rows=919850 loops=1)
        Buckets: 131072  Batches: 16  Memory Usage: 3282kB
        ->  Hash Join  (cost=102767.86..159851.69 rows=915101 width=8) (actual time=2439.607..4206.649 rows=919850 loops=1)
              Hash Cond: (mi_idx.movie_id = t.id)
              ->  Seq Scan on movie_info_idx mi_idx  (cost=0.00..25185.44 rows=915101 width=4) (actual time=0.018..564.765 rows=919850 loops=1)
                    Filter: (info_type_id < 101)
                    Rows Removed by Filter: 460185
              ->  Hash  (cost=61283.27..61283.27 rows=2528527 width=4) (actual time=2438.653..2438.653 rows=2528312 loops=1)
                    Buckets: 131072  Batches: 64  Memory Usage: 2415kB
                    ->  Seq Scan on title t  (cost=0.00..61283.27 rows=2528527 width=4) (actual time=0.024..1036.875 rows=2528312 loops=1)
Planning time: 1.054 ms
Execution time: 7553.535 ms
