Nested Loop  (cost=0.43..709673.15 rows=473 width=0) (actual time=1215.729..11200.694 rows=237 loops=1)
  ->  Seq Scan on cast_info ci  (cost=0.00..705507.15 rows=500 width=4) (actual time=1215.663..11195.156 rows=238 loops=1)
        Filter: (person_id = 2465184)
        Rows Removed by Filter: 36244106
  ->  Index Scan using title_pkey on title t  (cost=0.43..8.32 rows=1 width=4) (actual time=0.022..0.022 rows=1 loops=238)
        Index Cond: (id = ci.movie_id)
        Filter: (production_year < 2013)
        Rows Removed by Filter: 0
Planning time: 0.724 ms
Execution time: 11200.870 ms
