Hash Join  (cost=832590.92..1463921.31 rows=1950514 width=0) (actual time=22124.992..35791.599 rows=4616104 loops=1)
  Hash Cond: (mi.movie_id = t.id)
  ->  Seq Scan on movie_info mi  (cost=0.00..346232.03 rows=9476311 width=4) (actual time=423.040..6863.764 rows=9565151 loops=1)
        Filter: (info_type_id < 16)
        Rows Removed by Filter: 5270569
  ->  Hash  (cost=824052.32..824052.32 rows=520448 width=8) (actual time=21690.756..21690.756 rows=560419 loops=1)
        Buckets: 131072  Batches: 8  Memory Usage: 3782kB
        ->  Hash Join  (cost=68058.67..824052.32 rows=520448 width=8) (actual time=1192.797..21018.635 rows=560419 loops=1)
              Hash Cond: (ci.movie_id = t.id)
              ->  Seq Scan on cast_info ci  (cost=0.00..614943.12 rows=36225612 width=4) (actual time=0.027..9115.930 rows=36244344 loops=1)
              ->  Hash  (cost=67604.59..67604.59 rows=36327 width=4) (actual time=1192.417..1192.417 rows=36509 loops=1)
                    Buckets: 65536  Batches: 1  Memory Usage: 1796kB
                    ->  Seq Scan on title t  (cost=0.00..67604.59 rows=36327 width=4) (actual time=0.054..1176.624 rows=36509 loops=1)
                          Filter: (production_year = 1996)
                          Rows Removed by Filter: 2491803
Planning time: 1.877 ms
Execution time: 36321.040 ms
