Seq Scan on movie_keyword mk  (cost=0.00..81003.12 rows=246 width=0) (actual time=0.508..703.842 rows=1396 loops=1)
  Filter: (keyword_id = 4147)
  Rows Removed by Filter: 4522534
Planning time: 0.320 ms
Execution time: 704.209 ms
