Seq Scan on movie_keyword mk  (cost=0.00..81003.12 rows=246 width=0) (actual time=5.877..1297.480 rows=317 loops=1)
  Filter: (keyword_id = 11712)
  Rows Removed by Filter: 4523613
Planning time: 0.370 ms
Execution time: 1297.755 ms
