Seq Scan on title t  (cost=0.00..73925.90 rows=38487 width=0) (actual time=0.532..1163.530 rows=25968 loops=1)
  Filter: ((kind_id < 4) AND (production_year = 2007))
  Rows Removed by Filter: 2502344
Planning time: 0.373 ms
Execution time: 1167.626 ms
