Seq Scan on cast_info ci  (cost=0.00..796071.18 rows=324 width=0) (actual time=7806.270..14503.334 rows=4 loops=1)
  Filter: ((role_id > 1) AND (person_id = 956725))
  Rows Removed by Filter: 36244340
Planning time: 0.387 ms
Execution time: 14503.504 ms
