Hash Join  (cost=123018.92..248976.83 rows=324687 width=0) (actual time=2591.925..6820.730 rows=3092652 loops=1)
  Hash Cond: (mk.movie_id = t.id)
  ->  Seq Scan on movie_keyword mk  (cost=0.00..69693.30 rows=4523930 width=4) (actual time=0.026..1601.572 rows=4523930 loops=1)
  ->  Hash  (cost=120041.48..120041.48 rows=181475 width=8) (actual time=2591.200..2591.200 rows=318019 loops=1)
        Buckets: 131072 (originally 131072)  Batches: 8 (originally 4)  Memory Usage: 3073kB
        ->  Hash Join  (cost=83810.17..120041.48 rows=181475 width=8) (actual time=1585.030..2507.563 rows=318019 loops=1)
              Hash Cond: (mi_idx.movie_id = t.id)
              ->  Seq Scan on movie_info_idx mi_idx  (cost=0.00..25185.44 rows=464566 width=4) (actual time=0.021..495.506 rows=459925 loops=1)
                    Filter: (info_type_id = 101)
                    Rows Removed by Filter: 920110
              ->  Hash  (cost=67604.59..67604.59 rows=987727 width=4) (actual time=1584.029..1584.029 rows=985048 loops=1)
                    Buckets: 131072  Batches: 16  Memory Usage: 3188kB
                    ->  Seq Scan on title t  (cost=0.00..67604.59 rows=987727 width=4) (actual time=0.023..1286.245 rows=985048 loops=1)
                          Filter: (kind_id < 7)
                          Rows Removed by Filter: 1543264
Planning time: 1.146 ms
Execution time: 7170.526 ms
