Hash Join  (cost=176099.10..317049.36 rows=1555222 width=0) (actual time=3913.059..9117.570 rows=6937170 loops=1)
  Hash Cond: (mk.movie_id = t.id)
  ->  Seq Scan on movie_keyword mk  (cost=0.00..69693.30 rows=4523930 width=4) (actual time=0.016..1511.190 rows=4523930 loops=1)
  ->  Hash  (cost=161837.49..161837.49 rows=869249 width=8) (actual time=3911.749..3911.749 rows=910116 loops=1)
        Buckets: 131072  Batches: 16  Memory Usage: 3258kB
        ->  Hash Join  (cost=106840.27..161837.49 rows=869249 width=8) (actual time=2031.456..3655.903 rows=910116 loops=1)
              Hash Cond: (mi_idx.movie_id = t.id)
              ->  Seq Scan on movie_info_idx mi_idx  (cost=0.00..25185.44 rows=919057 width=4) (actual time=0.020..535.891 rows=920110 loops=1)
                    Filter: (info_type_id > 99)
                    Rows Removed by Filter: 459925
              ->  Hash  (cost=67604.59..67604.59 rows=2391495 width=4) (actual time=2029.995..2029.995 rows=2388876 loops=1)
                    Buckets: 131072  Batches: 32  Memory Usage: 3646kB
                    ->  Seq Scan on title t  (cost=0.00..67604.59 rows=2391495 width=4) (actual time=0.018..1295.961 rows=2388876 loops=1)
                          Filter: (production_year < 2013)
                          Rows Removed by Filter: 139436
Planning time: 1.238 ms
Execution time: 9928.168 ms
