Seq Scan on movie_companies mc  (cost=0.00..51404.11 rows=792460 width=0) (actual time=0.015..735.262 rows=779541 loops=1)
  Filter: (company_id < 1685)
  Rows Removed by Filter: 1829588
Planning time: 0.260 ms
Execution time: 823.434 ms
