Hash Join  (cost=105067.44..764481.56 rows=12579133 width=0) (actual time=2142.534..20812.516 rows=11967510 loops=1)
  Hash Cond: (mi.movie_id = t.id)
  ->  Seq Scan on movie_info mi  (cost=0.00..346232.03 rows=13929354 width=4) (actual time=0.016..7758.848 rows=14033580 loops=1)
        Filter: (info_type_id > 1)
        Rows Removed by Filter: 802140
  ->  Hash  (cost=67604.59..67604.59 rows=2283428 width=4) (actual time=2141.087..2141.087 rows=2275262 loops=1)
        Buckets: 131072  Batches: 32  Memory Usage: 3536kB
        ->  Seq Scan on title t  (cost=0.00..67604.59 rows=2283428 width=4) (actual time=0.027..1420.639 rows=2275262 loops=1)
              Filter: (production_year > 1952)
              Rows Removed by Filter: 253050
Planning time: 1.357 ms
Execution time: 22158.124 ms
