Hash Join  (cost=78593.13..153913.74 rows=144346 width=0) (actual time=2439.304..3465.316 rows=336599 loops=1)
  Hash Cond: (mc.movie_id = t.id)
  ->  Seq Scan on movie_companies mc  (cost=0.00..57926.93 rows=1283258 width=4) (actual time=508.401..1214.018 rows=1243655 loops=1)
        Filter: ((company_id < 162922) AND (company_type_id = 2))
        Rows Removed by Filter: 1365474
  ->  Hash  (cost=73925.90..73925.90 rows=284418 width=4) (actual time=1534.556..1534.556 rows=382296 loops=1)
        Buckets: 131072 (originally 131072)  Batches: 8 (originally 4)  Memory Usage: 3073kB
        ->  Seq Scan on title t  (cost=0.00..73925.90 rows=284418 width=4) (actual time=0.032..1399.298 rows=382296 loops=1)
              Filter: ((production_year < 2001) AND (kind_id = 1))
              Rows Removed by Filter: 2146016
Planning time: 0.762 ms
Execution time: 3500.202 ms
