Seq Scan on cast_info ci  (cost=0.00..796071.18 rows=9596965 width=0) (actual time=0.019..14790.788 rows=14964724 loops=1)
  Filter: ((person_id > 2153295) AND (role_id > 1))
  Rows Removed by Filter: 21279620
Planning time: 0.284 ms
Execution time: 16636.663 ms
