Seq Scan on title t  (cost=0.00..73925.90 rows=9382 width=0) (actual time=394.422..1018.820 rows=4696 loops=1)
  Filter: ((production_year > 2011) AND (kind_id = 3))
  Rows Removed by Filter: 2523616
Planning time: 0.341 ms
Execution time: 1019.816 ms
