Hash Join  (cost=210538.93..1317110.37 rows=12413097 width=0) (actual time=5403.831..38635.892 rows=14561260 loops=1)
  Hash Cond: (ci.movie_id = t.id)
  ->  Seq Scan on cast_info ci  (cost=0.00..705507.15 rows=23499554 width=4) (actual time=0.024..16268.853 rows=23573656 loops=1)
        Filter: (role_id > 1)
        Rows Removed by Filter: 12670688
  ->  Hash  (cost=188625.48..188625.48 rows=1335636 width=8) (actual time=5398.684..5398.684 rows=574307 loops=1)
        Buckets: 131072  Batches: 32  Memory Usage: 1703kB
        ->  Hash Join  (cost=95162.59..188625.48 rows=1335636 width=8) (actual time=3052.071..5219.424 rows=574307 loops=1)
              Hash Cond: (mc.movie_id = t.id)
              ->  Seq Scan on movie_companies mc  (cost=0.00..44881.29 rows=2609129 width=4) (actual time=0.023..967.964 rows=2609129 loops=1)
              ->  Hash  (cost=73925.90..73925.90 rows=1294375 width=4) (actual time=1826.966..1826.966 rows=1374286 loops=1)
                    Buckets: 131072  Batches: 32  Memory Usage: 2537kB
                    ->  Seq Scan on title t  (cost=0.00..73925.90 rows=1294375 width=4) (actual time=0.017..1386.170 rows=1374286 loops=1)
                          Filter: ((production_year > 1967) AND (kind_id = 7))
                          Rows Removed by Filter: 1154026
Planning time: 3.051 ms
Execution time: 40214.719 ms
