Hash Join  (cost=102767.86..256656.93 rows=2618458 width=0) (actual time=1919.605..6254.549 rows=2606820 loops=1)
  Hash Cond: (mk.movie_id = t.id)
  ->  Seq Scan on movie_keyword mk  (cost=0.00..81003.12 rows=2618458 width=4) (actual time=0.024..1610.661 rows=2606820 loops=1)
        Filter: (keyword_id < 7076)
        Rows Removed by Filter: 1917110
  ->  Hash  (cost=61283.27..61283.27 rows=2528527 width=4) (actual time=1918.912..1918.912 rows=2528312 loops=1)
        Buckets: 131072  Batches: 64  Memory Usage: 2425kB
        ->  Seq Scan on title t  (cost=0.00..61283.27 rows=2528527 width=4) (actual time=0.010..1044.184 rows=2528312 loops=1)
Planning time: 0.709 ms
Execution time: 6568.772 ms
