Hash Join  (cost=102767.86..1087078.68 rows=7412409 width=0) (actual time=1979.130..17203.233 rows=3165329 loops=1)
  Hash Cond: (ci.movie_id = t.id)
  ->  Seq Scan on cast_info ci  (cost=0.00..796071.18 rows=7412409 width=4) (actual time=65.528..12443.352 rows=3165329 loops=1)
        Filter: ((person_id < 1113385) AND (role_id > 1))
        Rows Removed by Filter: 33079015
  ->  Hash  (cost=61283.27..61283.27 rows=2528527 width=4) (actual time=1912.011..1912.011 rows=2528312 loops=1)
        Buckets: 131072  Batches: 64  Memory Usage: 2415kB
        ->  Seq Scan on title t  (cost=0.00..61283.27 rows=2528527 width=4) (actual time=0.020..1057.852 rows=2528312 loops=1)
Planning time: 0.728 ms
Execution time: 17519.845 ms
