Hash Join  (cost=101163.46..187950.39 rows=12889 width=0) (actual time=1648.252..3270.694 rows=11214 loops=1)
  Hash Cond: (mk.movie_id = t.id)
  ->  Seq Scan on movie_keyword mk  (cost=0.00..69693.30 rows=4523930 width=4) (actual time=0.023..856.659 rows=4523930 loops=1)
  ->  Hash  (cost=101073.41..101073.41 rows=7204 width=8) (actual time=1647.698..1647.698 rows=4881 loops=1)
        Buckets: 8192  Batches: 1  Memory Usage: 255kB
        ->  Hash Join  (cost=74090.89..101073.41 rows=7204 width=8) (actual time=1002.024..1645.869 rows=4881 loops=1)
              Hash Cond: (mi_idx.movie_id = t.id)
              ->  Seq Scan on movie_info_idx mi_idx  (cost=0.00..21735.35 rows=1380035 width=4) (actual time=0.014..361.425 rows=1380035 loops=1)
              ->  Hash  (cost=73925.90..73925.90 rows=13199 width=4) (actual time=999.482..999.482 rows=8220 loops=1)
                    Buckets: 16384  Batches: 1  Memory Usage: 417kB
                    ->  Seq Scan on title t  (cost=0.00..73925.90 rows=13199 width=4) (actual time=0.063..995.711 rows=8220 loops=1)
                          Filter: ((production_year < 1967) AND (kind_id = 3))
                          Rows Removed by Filter: 2520092
Planning time: 1.134 ms
Execution time: 3272.318 ms
