Hash Join  (cost=106021.40..1174492.28 rows=11044531 width=0) (actual time=12193.162..30116.310 rows=12278385 loops=1)
  Hash Cond: (ci.movie_id = t.id)
  ->  Seq Scan on cast_info ci  (cost=0.00..796071.18 rows=11926279 width=4) (actual time=9978.331..17794.995 rows=12670688 loops=1)
        Filter: ((person_id < 3609247) AND (role_id < 2))
        Rows Removed by Filter: 23573656
  ->  Hash  (cost=67604.59..67604.59 rows=2341585 width=4) (actual time=2213.799..2213.799 rows=2333286 loops=1)
        Buckets: 131072  Batches: 32  Memory Usage: 3591kB
        ->  Seq Scan on title t  (cost=0.00..67604.59 rows=2341585 width=4) (actual time=0.029..1481.229 rows=2333286 loops=1)
              Filter: (production_year > 1932)
              Rows Removed by Filter: 195026
Planning time: 0.643 ms
Execution time: 31384.640 ms
