Hash Join  (cost=133019.79..647256.11 rows=1719863 width=0) (actual time=2740.434..15520.556 rows=1073535 loops=1)
  Hash Cond: (mi.movie_id = t.id)
  ->  Seq Scan on movie_info mi  (cost=0.00..346232.03 rows=12928982 width=4) (actual time=0.023..6729.696 rows=12970088 loops=1)
        Filter: (info_type_id < 18)
        Rows Removed by Filter: 1865632
  ->  Hash  (cost=127501.36..127501.36 rows=336354 width=8) (actual time=2738.926..2738.926 rows=155637 loops=1)
        Buckets: 131072  Batches: 8  Memory Usage: 1784kB
        ->  Hash Join  (cost=84037.34..127501.36 rows=336354 width=8) (actual time=1502.065..2694.755 rows=155637 loops=1)
              Hash Cond: (mi_idx.movie_id = t.id)
              ->  Seq Scan on movie_info_idx mi_idx  (cost=0.00..21735.35 rows=1380035 width=4) (actual time=0.024..452.118 rows=1380035 loops=1)
              ->  Hash  (cost=73925.90..73925.90 rows=616275 width=4) (actual time=1501.107..1501.107 rows=676927 loops=1)
                    Buckets: 131072  Batches: 16  Memory Usage: 2516kB
                    ->  Seq Scan on title t  (cost=0.00..73925.90 rows=616275 width=4) (actual time=0.010..1274.076 rows=676927 loops=1)
                          Filter: ((production_year > 2005) AND (kind_id = 7))
                          Rows Removed by Filter: 1851385
Planning time: 1.156 ms
Execution time: 15657.958 ms
