Hash Join  (cost=74111.10..171502.24 rows=25213 width=0) (actual time=1108.975..3421.195 rows=8907 loops=1)
  Hash Cond: (mk.movie_id = t.id)
  ->  Seq Scan on movie_keyword mk  (cost=0.00..81003.12 rows=4302902 width=4) (actual time=0.022..1636.117 rows=4301545 loops=1)
        Filter: (keyword_id < 64312)
        Rows Removed by Filter: 222385
  ->  Hash  (cost=73925.90..73925.90 rows=14816 width=4) (actual time=1108.229..1108.229 rows=35049 loops=1)
        Buckets: 65536 (originally 16384)  Batches: 1 (originally 1)  Memory Usage: 1745kB
        ->  Seq Scan on title t  (cost=0.00..73925.90 rows=14816 width=4) (actual time=469.889..1094.472 rows=35049 loops=1)
              Filter: ((kind_id < 7) AND (production_year < 1912))
              Rows Removed by Filter: 2493263
Planning time: 0.753 ms
Execution time: 3422.885 ms
