Seq Scan on movie_keyword mk  (cost=0.00..81003.12 rows=3782614 width=0) (actual time=0.025..1610.962 rows=3779623 loops=1)
  Filter: (keyword_id > 676)
  Rows Removed by Filter: 744307
Planning time: 0.361 ms
Execution time: 2084.680 ms
