Hash Join  (cost=174277.45..298274.58 rows=163710 width=0) (actual time=3391.818..6962.877 rows=1482573 loops=1)
  Hash Cond: (mk.movie_id = t.id)
  ->  Seq Scan on movie_keyword mk  (cost=0.00..69693.30 rows=4523930 width=4) (actual time=0.018..1501.139 rows=4523930 loops=1)
  ->  Hash  (cost=172775.68..172775.68 rows=91501 width=8) (actual time=3390.755..3390.755 rows=180500 loops=1)
        Buckets: 131072 (originally 131072)  Batches: 4 (originally 2)  Memory Usage: 3073kB
        ->  Hash Join  (cost=102767.86..172775.68 rows=91501 width=8) (actual time=1901.647..3326.030 rows=180500 loops=1)
              Hash Cond: (mc.movie_id = t.id)
              ->  Seq Scan on movie_companies mc  (cost=0.00..57926.93 rows=91501 width=4) (actual time=0.024..842.995 rows=180500 loops=1)
                    Filter: ((company_id > 120148) AND (company_type_id = 2))
                    Rows Removed by Filter: 2428629
              ->  Hash  (cost=61283.27..61283.27 rows=2528527 width=4) (actual time=1900.655..1900.655 rows=2528312 loops=1)
                    Buckets: 131072  Batches: 64  Memory Usage: 2415kB
                    ->  Seq Scan on title t  (cost=0.00..61283.27 rows=2528527 width=4) (actual time=0.020..1057.097 rows=2528312 loops=1)
Planning time: 1.132 ms
Execution time: 7144.066 ms
