Seq Scan on movie_companies mc  (cost=0.00..51404.11 rows=1742006 width=0) (actual time=0.014..962.235 rows=1735016 loops=1)
  Filter: (company_id < 23340)
  Rows Removed by Filter: 874113
Planning time: 0.311 ms
Execution time: 1188.924 ms
