Hash Join  (cost=74646.13..101665.28 rows=10504 width=0) (actual time=1122.232..1776.359 rows=25259 loops=1)
  Hash Cond: (mi_idx.movie_id = t.id)
  ->  Seq Scan on movie_info_idx mi_idx  (cost=0.00..25185.44 rows=460978 width=4) (actual time=0.017..470.598 rows=459925 loops=1)
        Filter: (info_type_id = 99)
        Rows Removed by Filter: 920110
  ->  Hash  (cost=73925.90..73925.90 rows=57618 width=4) (actual time=1121.820..1121.820 rows=59341 loops=1)
        Buckets: 65536  Batches: 1  Memory Usage: 2599kB
        ->  Seq Scan on title t  (cost=0.00..73925.90 rows=57618 width=4) (actual time=0.016..1098.228 rows=59341 loops=1)
              Filter: ((production_year > 1995) AND (kind_id = 2))
              Rows Removed by Filter: 2468971
Planning time: 0.795 ms
Execution time: 1780.092 ms
