Hash Join  (cost=146458.60..500637.86 rows=31588 width=0) (actual time=7436.604..8699.738 rows=336568 loops=1)
  Hash Cond: (mi.movie_id = t.id)
  ->  Seq Scan on movie_info mi  (cost=0.00..346232.03 rows=616095 width=4) (actual time=4088.572..5199.942 rows=598457 loops=1)
        Filter: (info_type_id = 15)
        Rows Removed by Filter: 14237263
  ->  Hash  (cost=144331.10..144331.10 rows=129640 width=8) (actual time=2915.477..2915.477 rows=253154 loops=1)
        Buckets: 131072 (originally 131072)  Batches: 4 (originally 2)  Memory Usage: 3507kB
        ->  Hash Join  (cost=80135.37..144331.10 rows=129640 width=8) (actual time=1505.198..2828.426 rows=253154 loops=1)
              Hash Cond: (mc.movie_id = t.id)
              ->  Seq Scan on movie_companies mc  (cost=0.00..51404.11 rows=866191 width=4) (actual time=141.476..930.781 rows=873182 loops=1)
                    Filter: (company_id > 23411)
                    Rows Removed by Filter: 1735947
              ->  Hash  (cost=73925.90..73925.90 rows=378437 width=4) (actual time=1362.632..1362.632 rows=282115 loops=1)
                    Buckets: 131072  Batches: 8  Memory Usage: 2266kB
                    ->  Seq Scan on title t  (cost=0.00..73925.90 rows=378437 width=4) (actual time=281.115..1272.426 rows=282115 loops=1)
                          Filter: ((production_year > 1999) AND (kind_id = 1))
                          Rows Removed by Filter: 2246197
Planning time: 1.168 ms
Execution time: 8742.994 ms
