Hash Join  (cost=113349.02..220762.36 rows=107506 width=0) (actual time=2310.612..5504.458 rows=102375 loops=1)
  Hash Cond: (mk.movie_id = t.id)
  ->  Seq Scan on movie_keyword mk  (cost=0.00..81003.12 rows=2148306 width=4) (actual time=0.018..1713.953 rows=2155250 loops=1)
        Filter: (keyword_id < 4078)
        Rows Removed by Filter: 2368680
  ->  Hash  (cost=111272.36..111272.36 rows=126533 width=8) (actual time=2309.750..2309.750 rows=69471 loops=1)
        Buckets: 131072  Batches: 2  Memory Usage: 2383kB
        ->  Hash Join  (cost=71408.55..111272.36 rows=126533 width=8) (actual time=1212.528..2283.588 rows=69471 loops=1)
              Hash Cond: (mi_idx.movie_id = t.id)
              ->  Seq Scan on movie_info_idx mi_idx  (cost=0.00..21735.35 rows=1380035 width=4) (actual time=0.028..454.796 rows=1380035 loops=1)
              ->  Hash  (cost=67604.59..67604.59 rows=231837 width=4) (actual time=1211.508..1211.508 rows=231649 loops=1)
                    Buckets: 131072  Batches: 4  Memory Usage: 3076kB
                    ->  Seq Scan on title t  (cost=0.00..67604.59 rows=231837 width=4) (actual time=0.033..1129.324 rows=231649 loops=1)
                          Filter: (production_year > 2011)
                          Rows Removed by Filter: 2296663
Planning time: 1.113 ms
Execution time: 5518.577 ms
