Seq Scan on title t  (cost=0.00..73925.90 rows=485433 width=0) (actual time=0.029..1192.504 rows=341070 loops=1)
  Filter: ((kind_id > 3) AND (production_year < 1992))
  Rows Removed by Filter: 2187242
Planning time: 2.792 ms
Execution time: 1236.598 ms
