Hash Join  (cost=101390.71..896155.87 rows=113470 width=0) (actual time=3537.936..19240.019 rows=136515 loops=1)
  Hash Cond: (ci.movie_id = t.id)
  ->  Seq Scan on cast_info ci  (cost=0.00..705507.15 rows=23499554 width=4) (actual time=2449.054..14355.892 rows=23573656 loops=1)
        Filter: (role_id > 1)
        Rows Removed by Filter: 12670688
  ->  Hash  (cost=101238.10..101238.10 rows=12209 width=8) (actual time=1087.956..1087.956 rows=6324 loops=1)
        Buckets: 16384  Batches: 1  Memory Usage: 376kB
        ->  Hash Join  (cost=74205.53..101238.10 rows=12209 width=8) (actual time=626.548..1085.795 rows=6324 loops=1)
              Hash Cond: (mi_idx.movie_id = t.id)
              ->  Seq Scan on movie_info_idx mi_idx  (cost=0.00..21735.35 rows=1380035 width=4) (actual time=0.020..198.281 rows=1380035 loops=1)
              ->  Hash  (cost=73925.90..73925.90 rows=22370 width=4) (actual time=626.325..626.325 rows=22427 loops=1)
                    Buckets: 32768  Batches: 1  Memory Usage: 1045kB
                    ->  Seq Scan on title t  (cost=0.00..73925.90 rows=22370 width=4) (actual time=0.042..618.196 rows=22427 loops=1)
                          Filter: ((kind_id < 4) AND (production_year = 2013))
                          Rows Removed by Filter: 2505885
Planning time: 1.239 ms
Execution time: 19261.397 ms
