Hash Join  (cost=67697.55..154488.65 rows=13306 width=0) (actual time=942.685..2773.460 rows=3685 loops=1)
  Hash Cond: (mk.movie_id = t.id)
  ->  Seq Scan on movie_keyword mk  (cost=0.00..69693.30 rows=4523930 width=4) (actual time=0.015..1026.891 rows=4523930 loops=1)
  ->  Hash  (cost=67604.59..67604.59 rows=7437 width=4) (actual time=934.732..934.732 rows=2614 loops=1)
        Buckets: 8192  Batches: 1  Memory Usage: 156kB
        ->  Seq Scan on title t  (cost=0.00..67604.59 rows=7437 width=4) (actual time=153.699..933.370 rows=2614 loops=1)
              Filter: (production_year = 1923)
              Rows Removed by Filter: 2525698
Planning time: 0.738 ms
Execution time: 2774.245 ms
