Hash Join  (cost=74242.71..444465.96 rows=62456 width=0) (actual time=2188.445..8245.567 rows=117113 loops=1)
  Hash Cond: (mi.movie_id = t.id)
  ->  Seq Scan on movie_info mi  (cost=0.00..346232.03 rows=6231111 width=4) (actual time=949.901..5949.644 rows=6223494 loops=1)
        Filter: (info_type_id > 8)
        Rows Removed by Filter: 8612226
  ->  Hash  (cost=73925.90..73925.90 rows=25344 width=4) (actual time=1097.270..1097.270 rows=15457 loops=1)
        Buckets: 32768  Batches: 1  Memory Usage: 800kB
        ->  Seq Scan on title t  (cost=0.00..73925.90 rows=25344 width=4) (actual time=50.106..1090.315 rows=15457 loops=1)
              Filter: ((kind_id < 2) AND (production_year = 2005))
              Rows Removed by Filter: 2512855
Planning time: 0.790 ms
Execution time: 8262.189 ms
