Hash Join  (cost=200906.24..298091.13 rows=270450 width=0) (actual time=4631.353..6631.009 rows=491143 loops=1)
  Hash Cond: (mk.movie_id = t.id)
  ->  Seq Scan on movie_keyword mk  (cost=0.00..81003.12 rows=912338 width=4) (actual time=0.033..1336.641 rows=920332 loops=1)
        Filter: (keyword_id < 870)
        Rows Removed by Filter: 3603598
  ->  Hash  (cost=188608.92..188608.92 rows=749546 width=8) (actual time=4630.004..4630.004 rows=468365 loops=1)
        Buckets: 131072  Batches: 16  Memory Usage: 2169kB
        ->  Hash Join  (cost=102767.86..188608.92 rows=749546 width=8) (actual time=1825.432..4484.615 rows=468365 loops=1)
              Hash Cond: (mc.movie_id = t.id)
              ->  Seq Scan on movie_companies mc  (cost=0.00..57926.93 rows=749546 width=4) (actual time=0.027..1086.660 rows=468365 loops=1)
                    Filter: ((company_id < 13180) AND (company_type_id > 1))
                    Rows Removed by Filter: 2140764
              ->  Hash  (cost=61283.27..61283.27 rows=2528527 width=4) (actual time=1823.548..1823.548 rows=2528312 loops=1)
                    Buckets: 131072  Batches: 64  Memory Usage: 2415kB
                    ->  Seq Scan on title t  (cost=0.00..61283.27 rows=2528527 width=4) (actual time=0.019..998.636 rows=2528312 loops=1)
Planning time: 1.055 ms
Execution time: 6695.509 ms
