Seq Scan on movie_keyword mk  (cost=0.00..81003.12 rows=1222868 width=0) (actual time=0.016..1374.263 rows=1232026 loops=1)
  Filter: (keyword_id > 14707)
  Rows Removed by Filter: 3291904
Planning time: 0.315 ms
Execution time: 1532.201 ms
