Hash Join  (cost=98864.94..915715.99 rows=473977 width=0) (actual time=7983.416..16436.701 rows=442310 loops=1)
  Hash Cond: (ci.movie_id = t.id)
  ->  Seq Scan on cast_info ci  (cost=0.00..796071.18 rows=788420 width=4) (actual time=5502.003..12462.512 rows=758022 loops=1)
        Filter: ((person_id > 2947248) AND (role_id = 3))
        Rows Removed by Filter: 35486322
  ->  Hash  (cost=73925.90..73925.90 rows=1520083 width=4) (actual time=2480.310..2480.310 rows=1507233 loops=1)
        Buckets: 131072  Batches: 32  Memory Usage: 2679kB
        ->  Seq Scan on title t  (cost=0.00..73925.90 rows=1520083 width=4) (actual time=0.032..1426.372 rows=1507233 loops=1)
              Filter: ((kind_id > 1) AND (production_year < 2011))
              Rows Removed by Filter: 1021079
Planning time: 0.573 ms
Execution time: 16490.675 ms
