Seq Scan on cast_info ci  (cost=0.00..705507.15 rows=4956919 width=0) (actual time=477.738..11352.750 rows=4834985 loops=1)
  Filter: (person_id < 469695)
  Rows Removed by Filter: 31409359
Planning time: 0.237 ms
Execution time: 12006.004 ms
