Seq Scan on cast_info ci  (cost=0.00..796071.18 rows=1803157 width=0) (actual time=10286.266..12232.300 rows=1576 loops=1)
  Filter: ((person_id < 868331) AND (role_id = 2))
  Rows Removed by Filter: 36242768
Planning time: 0.400 ms
Execution time: 12232.672 ms
