Hash Join  (cost=83074.74..437085.89 rows=202 width=0) (actual time=1127.829..6700.603 rows=73 loops=1)
  Hash Cond: (mi.movie_id = t.id)
  ->  Seq Scan on movie_info mi  (cost=0.00..346232.03 rows=2073893 width=4) (actual time=0.020..5284.493 rows=2091068 loops=1)
        Filter: (info_type_id < 3)
        Rows Removed by Filter: 12744652
  ->  Hash  (cost=83071.67..83071.67 rows=246 width=8) (actual time=1125.593..1125.593 rows=32 loops=1)
        Buckets: 1024  Batches: 1  Memory Usage: 10kB
        ->  Nested Loop  (cost=0.43..83071.67 rows=246 width=8) (actual time=33.691..1125.536 rows=32 loops=1)
              ->  Seq Scan on movie_keyword mk  (cost=0.00..81003.12 rows=246 width=4) (actual time=33.610..1124.175 rows=32 loops=1)
                    Filter: (keyword_id = 52869)
                    Rows Removed by Filter: 4523898
              ->  Index Only Scan using title_pkey on title t  (cost=0.43..8.40 rows=1 width=4) (actual time=0.035..0.036 rows=1 loops=32)
                    Index Cond: (id = mk.movie_id)
                    Heap Fetches: 32
Planning time: 1.188 ms
Execution time: 6700.748 ms
