Hash Join  (cost=275069.94..842710.92 rows=8742582 width=0) (actual time=7071.296..48543.295 rows=136029671 loops=1)
  Hash Cond: (mi.movie_id = t.id)
  ->  Seq Scan on movie_info mi  (cost=0.00..346232.03 rows=9767026 width=4) (actual time=171.945..6635.487 rows=9911754 loops=1)
        Filter: (info_type_id > 4)
        Rows Removed by Filter: 4923966
  ->  Hash  (cost=237936.50..237936.50 rows=2263315 width=8) (actual time=6898.040..6898.040 rows=2917498 loops=1)
        Buckets: 131072 (originally 131072)  Batches: 64 (originally 32)  Memory Usage: 3073kB
        ->  Hash Join  (cost=88359.31..237936.50 rows=2263315 width=8) (actual time=1840.930..6135.832 rows=2917498 loops=1)
              Hash Cond: (mk.movie_id = t.id)
              ->  Seq Scan on movie_keyword mk  (cost=0.00..69693.30 rows=4523930 width=4) (actual time=0.038..1441.618 rows=4523930 loops=1)
              ->  Hash  (cost=67604.59..67604.59 rows=1265018 width=4) (actual time=1839.532..1839.532 rows=1263700 loops=1)
                    Buckets: 131072  Batches: 32  Memory Usage: 2418kB
                    ->  Seq Scan on title t  (cost=0.00..67604.59 rows=1265018 width=4) (actual time=0.011..1406.763 rows=1263700 loops=1)
                          Filter: (production_year < 2004)
                          Rows Removed by Filter: 1264612
Planning time: 1.158 ms
Execution time: 63512.557 ms
