Seq Scan on movie_companies mc  (cost=0.00..57926.93 rows=219332 width=0) (actual time=0.022..841.750 rows=435146 loops=1)
  Filter: ((company_id > 78691) AND (company_type_id > 1))
  Rows Removed by Filter: 2173983
Planning time: 0.369 ms
Execution time: 903.241 ms
