Seq Scan on movie_keyword mk  (cost=0.00..81003.12 rows=246 width=0) (actual time=12.826..1079.397 rows=32 loops=1)
  Filter: (keyword_id = 30609)
  Rows Removed by Filter: 4523898
Planning time: 2.514 ms
Execution time: 1079.519 ms
