Nested Loop  (cost=0.43..58358.27 rows=51 width=0) (actual time=1.500..972.072 rows=1477 loops=1)
  ->  Seq Scan on movie_companies mc  (cost=0.00..57926.93 rows=51 width=4) (actual time=1.443..909.115 rows=1477 loops=1)
        Filter: ((company_type_id < 2) AND (company_id = 2690))
        Rows Removed by Filter: 2607652
  ->  Index Only Scan using title_pkey on title t  (cost=0.43..8.45 rows=1 width=4) (actual time=0.041..0.042 rows=1 loops=1477)
        Index Cond: (id = mc.movie_id)
        Heap Fetches: 1477
Planning time: 0.763 ms
Execution time: 972.548 ms
