Seq Scan on movie_keyword mk  (cost=0.00..81003.12 rows=2799180 width=0) (actual time=0.016..1529.085 rows=2795163 loops=1)
  Filter: (keyword_id > 2810)
  Rows Removed by Filter: 1728767
Planning time: 1.897 ms
Execution time: 1884.243 ms
