Seq Scan on title t  (cost=0.00..73925.90 rows=85932 width=0) (actual time=1.552..991.684 rows=187462 loops=1)
  Filter: ((kind_id < 7) AND (production_year < 1958))
  Rows Removed by Filter: 2340850
Planning time: 8.370 ms
Execution time: 1016.927 ms
