Seq Scan on movie_keyword mk  (cost=0.00..81003.12 rows=246 width=0) (actual time=17.865..1216.940 rows=19 loops=1)
  Filter: (keyword_id = 29142)
  Rows Removed by Filter: 4523911
Planning time: 0.346 ms
Execution time: 1217.072 ms
