Seq Scan on title t  (cost=0.00..73925.90 rows=58075 width=0) (actual time=0.022..1035.304 rows=183177 loops=1)
  Filter: ((kind_id < 2) AND (production_year < 1958))
  Rows Removed by Filter: 2345135
Planning time: 0.332 ms
Execution time: 1059.001 ms
