Seq Scan on movie_companies mc  (cost=0.00..57926.93 rows=417165 width=0) (actual time=444.496..925.401 rows=99056 loops=1)
  Filter: ((company_id > 24433) AND (company_type_id = 1))
  Rows Removed by Filter: 2510073
Planning time: 0.476 ms
Execution time: 939.192 ms
