Hash Join  (cost=85684.58..158311.59 rows=362671 width=0) (actual time=1467.606..3172.770 rows=252104 loops=1)
  Hash Cond: (mc.movie_id = t.id)
  ->  Seq Scan on movie_companies mc  (cost=0.00..51404.11 rows=1279517 width=4) (actual time=0.014..945.045 rows=1274246 loops=1)
        Filter: (company_type_id < 2)
        Rows Removed by Filter: 1334883
  ->  Hash  (cost=73925.90..73925.90 rows=716694 width=4) (actual time=1466.319..1466.319 rows=604570 loops=1)
        Buckets: 131072  Batches: 16  Memory Usage: 2356kB
        ->  Seq Scan on title t  (cost=0.00..73925.90 rows=716694 width=4) (actual time=0.018..1270.359 rows=604570 loops=1)
              Filter: ((kind_id > 1) AND (production_year < 1999))
              Rows Removed by Filter: 1923742
Planning time: 0.769 ms
Execution time: 3202.443 ms
