Hash Join  (cost=129098.25..494607.68 rows=85350 width=0) (actual time=2359.321..10172.503 rows=1140099 loops=1)
  Hash Cond: (mi.movie_id = t.id)
  ->  Seq Scan on movie_info mi  (cost=0.00..309384.22 rows=14739122 width=4) (actual time=0.013..4085.261 rows=14835720 loops=1)
  ->  Hash  (cost=128915.22..128915.22 rows=14642 width=8) (actual time=2359.047..2359.047 rows=24986 loops=1)
        Buckets: 32768 (originally 16384)  Batches: 1 (originally 1)  Memory Usage: 1233kB
        ->  Hash Join  (cost=74103.28..128915.22 rows=14642 width=8) (actual time=1137.087..2348.298 rows=24986 loops=1)
              Hash Cond: (mc.movie_id = t.id)
              ->  Seq Scan on movie_companies mc  (cost=0.00..44881.29 rows=2609129 width=4) (actual time=0.015..618.425 rows=2609129 loops=1)
              ->  Hash  (cost=73925.90..73925.90 rows=14190 width=4) (actual time=1136.977..1136.977 rows=12208 loops=1)
                    Buckets: 16384  Batches: 1  Memory Usage: 558kB
                    ->  Seq Scan on title t  (cost=0.00..73925.90 rows=14190 width=4) (actual time=0.539..1131.469 rows=12208 loops=1)
                          Filter: ((kind_id < 7) AND (production_year = 1996))
                          Rows Removed by Filter: 2516104
Planning time: 1.195 ms
Execution time: 10316.720 ms
