Hash Join  (cost=505750.53..1271352.40 rows=1576718 width=0) (actual time=9340.793..24277.213 rows=7039871 loops=1)
  Hash Cond: (ci.movie_id = t.id)
  ->  Seq Scan on cast_info ci  (cost=0.00..705507.15 rows=3442277 width=4) (actual time=457.712..11677.249 rows=3316550 loops=1)
        Filter: (person_id < 319230)
        Rows Removed by Filter: 32927794
  ->  Hash  (cost=486748.29..486748.29 rows=1158179 width=8) (actual time=8882.156..8882.156 rows=1204709 loops=1)
        Buckets: 131072  Batches: 16  Memory Usage: 3882kB
        ->  Hash Join  (cost=102767.86..486748.29 rows=1158179 width=8) (actual time=2529.337..8564.327 rows=1204709 loops=1)
              Hash Cond: (mi.movie_id = t.id)
              ->  Seq Scan on movie_info mi  (cost=0.00..346232.03 rows=1158179 width=4) (actual time=630.556..5341.307 rows=1204709 loops=1)
                    Filter: (info_type_id > 18)
                    Rows Removed by Filter: 13631011
              ->  Hash  (cost=61283.27..61283.27 rows=2528527 width=4) (actual time=1896.309..1896.309 rows=2528312 loops=1)
                    Buckets: 131072  Batches: 64  Memory Usage: 2425kB
                    ->  Seq Scan on title t  (cost=0.00..61283.27 rows=2528527 width=4) (actual time=0.014..1030.695 rows=2528312 loops=1)
Planning time: 1.155 ms
Execution time: 25094.593 ms
