Hash Join  (cost=230549.46..1040374.71 rows=242269 width=0) (actual time=10954.821..20686.194 rows=5660829 loops=1)
  Hash Cond: (ci.movie_id = t.id)
  ->  Seq Scan on cast_info ci  (cost=0.00..796071.18 rows=671835 width=4) (actual time=5811.918..12673.254 rows=2755061 loops=1)
        Filter: ((person_id > 3134072) AND (role_id > 9))
        Rows Removed by Filter: 33489283
  ->  Hash  (cost=215589.86..215589.86 rows=911808 width=8) (actual time=5141.735..5141.735 rows=917718 loops=1)
        Buckets: 131072  Batches: 16  Memory Usage: 3291kB
        ->  Hash Join  (cost=102767.86..215589.86 rows=911808 width=8) (actual time=2053.930..4910.858 rows=917718 loops=1)
              Hash Cond: (mk.movie_id = t.id)
              ->  Seq Scan on movie_keyword mk  (cost=0.00..81003.12 rows=911808 width=4) (actual time=0.031..1536.182 rows=917718 loops=1)
                    Filter: (keyword_id < 869)
                    Rows Removed by Filter: 3606212
              ->  Hash  (cost=61283.27..61283.27 rows=2528527 width=4) (actual time=2051.067..2051.067 rows=2528312 loops=1)
                    Buckets: 131072  Batches: 64  Memory Usage: 2425kB
                    ->  Seq Scan on title t  (cost=0.00..61283.27 rows=2528527 width=4) (actual time=0.019..1185.875 rows=2528312 loops=1)
Planning time: 1.062 ms
Execution time: 21336.384 ms
