Hash Join  (cost=568373.62..1527128.83 rows=2464948 width=0) (actual time=17364.158..33886.158 rows=2018913 loops=1)
  Hash Cond: (ci.movie_id = t.id)
  ->  Seq Scan on cast_info ci  (cost=0.00..705507.15 rows=12726058 width=4) (actual time=4360.117..14156.589 rows=12670688 loops=1)
        Filter: (role_id = 1)
        Rows Removed by Filter: 23573656
  ->  Hash  (cost=560337.65..560337.65 rows=489758 width=8) (actual time=13002.935..13002.935 rows=265764 loops=1)
        Buckets: 131072  Batches: 8  Memory Usage: 2297kB
        ->  Hash Join  (cost=75305.14..560337.65 rows=489758 width=8) (actual time=1347.230..12906.100 rows=265764 loops=1)
              Hash Cond: (mi.movie_id = t.id)
              ->  Seq Scan on movie_info mi  (cost=0.00..309384.22 rows=14739122 width=4) (actual time=0.027..5977.117 rows=14835720 loops=1)
              ->  Hash  (cost=73925.90..73925.90 rows=84019 width=4) (actual time=1341.804..1341.804 rows=92860 loops=1)
                    Buckets: 131072  Batches: 2  Memory Usage: 2662kB
                    ->  Seq Scan on title t  (cost=0.00..73925.90 rows=84019 width=4) (actual time=0.035..1305.254 rows=92860 loops=1)
                          Filter: ((kind_id > 3) AND (production_year = 2009))
                          Rows Removed by Filter: 2435452
Planning time: 1.223 ms
Execution time: 34145.689 ms
