Hash Join  (cost=100948.70..187651.00 rows=4426 width=0) (actual time=2936.791..3667.844 rows=5133 loops=1)
  Hash Cond: (mk.movie_id = t.id)
  ->  Seq Scan on movie_keyword mk  (cost=0.00..69693.30 rows=4523930 width=4) (actual time=0.022..971.937 rows=4523930 loops=1)
  ->  Hash  (cost=100917.78..100917.78 rows=2474 width=8) (actual time=1902.459..1902.459 rows=3309 loops=1)
        Buckets: 4096  Batches: 1  Memory Usage: 162kB
        ->  Hash Join  (cost=73982.55..100917.78 rows=2474 width=8) (actual time=1280.084..1901.277 rows=3309 loops=1)
              Hash Cond: (mi_idx.movie_id = t.id)
              ->  Seq Scan on movie_info_idx mi_idx  (cost=0.00..21735.35 rows=1380035 width=4) (actual time=0.022..328.057 rows=1380035 loops=1)
              ->  Hash  (cost=73925.90..73925.90 rows=4532 width=4) (actual time=1279.473..1279.473 rows=7895 loops=1)
                    Buckets: 8192  Batches: 1  Memory Usage: 342kB
                    ->  Seq Scan on title t  (cost=0.00..73925.90 rows=4532 width=4) (actual time=235.457..1275.617 rows=7895 loops=1)
                          Filter: ((kind_id = 7) AND (production_year = 1982))
                          Rows Removed by Filter: 2520417
Planning time: 1.161 ms
Execution time: 3668.595 ms
