Seq Scan on movie_companies mc  (cost=0.00..57926.93 rows=398844 width=0) (actual time=184.289..920.012 rows=571714 loops=1)
  Filter: ((company_id < 1820) AND (company_type_id = 1))
  Rows Removed by Filter: 2037415
Planning time: 0.408 ms
Execution time: 993.622 ms
