Hash Join  (cost=156487.41..1315703.74 rows=6154947 width=0) (actual time=3318.386..38842.706 rows=12684611 loops=1)
  Hash Cond: (ci.movie_id = t.id)
  ->  Seq Scan on cast_info ci  (cost=0.00..705507.15 rows=33760722 width=4) (actual time=0.014..16615.467 rows=33837462 loops=1)
        Filter: (person_id > 234020)
        Rows Removed by Filter: 2406882
  ->  Hash  (cost=148924.19..148924.19 rows=460978 width=8) (actual time=3317.492..3317.492 rows=459925 loops=1)
        Buckets: 131072  Batches: 8  Memory Usage: 3275kB
        ->  Hash Join  (cost=102767.86..148924.19 rows=460978 width=8) (actual time=1926.087..3188.604 rows=459925 loops=1)
              Hash Cond: (mi_idx.movie_id = t.id)
              ->  Seq Scan on movie_info_idx mi_idx  (cost=0.00..25185.44 rows=460978 width=4) (actual time=0.024..479.276 rows=459925 loops=1)
                    Filter: (info_type_id = 99)
                    Rows Removed by Filter: 920110
              ->  Hash  (cost=61283.27..61283.27 rows=2528527 width=4) (actual time=1924.138..1924.138 rows=2528312 loops=1)
                    Buckets: 131072  Batches: 64  Memory Usage: 2415kB
                    ->  Seq Scan on title t  (cost=0.00..61283.27 rows=2528527 width=4) (actual time=0.023..1085.246 rows=2528312 loops=1)
Planning time: 1.216 ms
Execution time: 40201.510 ms
