Nested Loop  (cost=0.43..798787.41 rows=324 width=0) (actual time=2912.072..14362.814 rows=5 loops=1)
  ->  Seq Scan on cast_info ci  (cost=0.00..796071.18 rows=324 width=4) (actual time=2911.957..14362.607 rows=5 loops=1)
        Filter: ((role_id > 1) AND (person_id = 276369))
        Rows Removed by Filter: 36244339
  ->  Index Only Scan using title_pkey on title t  (cost=0.43..8.37 rows=1 width=4) (actual time=0.033..0.033 rows=1 loops=5)
        Index Cond: (id = ci.movie_id)
        Heap Fetches: 5
Planning time: 0.606 ms
Execution time: 14362.880 ms
