Hash Join  (cost=102767.86..968165.68 rows=6234257 width=0) (actual time=2980.886..20576.802 rows=6124694 loops=1)
  Hash Cond: (ci.movie_id = t.id)
  ->  Seq Scan on cast_info ci  (cost=0.00..705507.15 rows=6234257 width=4) (actual time=405.789..12450.044 rows=6124694 loops=1)
        Filter: (person_id < 591311)
        Rows Removed by Filter: 30119650
  ->  Hash  (cost=61283.27..61283.27 rows=2528527 width=4) (actual time=2573.954..2573.954 rows=2528312 loops=1)
        Buckets: 131072  Batches: 64  Memory Usage: 2415kB
        ->  Seq Scan on title t  (cost=0.00..61283.27 rows=2528527 width=4) (actual time=0.019..1109.359 rows=2528312 loops=1)
Planning time: 7.698 ms
Execution time: 21267.670 ms
