Hash Join  (cost=187545.59..1007449.86 rows=76646 width=176) (actual time=16415.387..21206.648 rows=1141801 loops=1)
  Hash Cond: (ci.movie_id = t.id)
  ->  Seq Scan on cast_info ci  (cost=0.00..796071.18 rows=879636 width=42) (actual time=11310.538..14099.440 rows=1753439 loops=1)
        Filter: ((person_id < 237757) AND (role_id < 2))
        Rows Removed by Filter: 34490905
  ->  Hash  (cost=180487.58..180487.58 rows=220321 width=134) (actual time=5103.687..5103.687 rows=716275 loops=1)
        Buckets: 32768 (originally 32768)  Batches: 32 (originally 16)  Memory Usage: 3841kB
        ->  Hash Join  (cost=79722.84..180487.58 rows=220321 width=134) (actual time=1585.133..4647.339 rows=716275 loops=1)
              Hash Cond: (mc.movie_id = t.id)
              ->  Seq Scan on movie_companies mc  (cost=0.00..44881.29 rows=2609129 width=40) (actual time=0.022..1219.751 rows=2609129 loops=1)
              ->  Hash  (cost=73925.90..73925.90 rows=213515 width=94) (actual time=1584.566..1584.566 rows=341626 loops=1)
                    Buckets: 32768 (originally 32768)  Batches: 16 (originally 8)  Memory Usage: 3841kB
                    ->  Seq Scan on title t  (cost=0.00..73925.90 rows=213515 width=94) (actual time=510.551..1443.830 rows=341626 loops=1)
                          Filter: ((kind_id < 2) AND (production_year < 1995))
                          Rows Removed by Filter: 2186686
Planning time: 1.468 ms
Execution time: 21270.963 ms
