Hash Join  (cost=96552.93..662137.73 rows=8039087 width=0) (actual time=1997.044..16625.122 rows=5061237 loops=1)
  Hash Cond: (mi.movie_id = t.id)
  ->  Seq Scan on movie_info mi  (cost=0.00..309384.22 rows=14739122 width=4) (actual time=0.029..6037.600 rows=14835720 loops=1)
  ->  Hash  (cost=73925.90..73925.90 rows=1379122 width=4) (actual time=1995.521..1995.521 rows=1506535 loops=1)
        Buckets: 131072  Batches: 32  Memory Usage: 2696kB
        ->  Seq Scan on title t  (cost=0.00..73925.90 rows=1379122 width=4) (actual time=0.024..1475.928 rows=1506535 loops=1)
              Filter: ((kind_id > 1) AND (production_year > 1984))
              Rows Removed by Filter: 1021777
Planning time: 0.735 ms
Execution time: 17168.434 ms
