Seq Scan on movie_keyword mk  (cost=0.00..81003.12 rows=246 width=0) (actual time=1.901..985.583 rows=443 loops=1)
  Filter: (keyword_id = 6003)
  Rows Removed by Filter: 4523487
Planning time: 0.342 ms
Execution time: 985.840 ms
