Hash Join  (cost=102767.86..1084015.16 rows=11048748 width=0) (actual time=2049.203..25342.891 rows=10962340 loops=1)
  Hash Cond: (ci.movie_id = t.id)
  ->  Seq Scan on cast_info ci  (cost=0.00..705507.15 rows=11048748 width=4) (actual time=0.015..13515.215 rows=10962340 loops=1)
        Filter: (person_id < 1077259)
        Rows Removed by Filter: 25282004
  ->  Hash  (cost=61283.27..61283.27 rows=2528527 width=4) (actual time=2047.817..2047.817 rows=2528312 loops=1)
        Buckets: 131072  Batches: 64  Memory Usage: 2415kB
        ->  Seq Scan on title t  (cost=0.00..61283.27 rows=2528527 width=4) (actual time=0.035..1232.445 rows=2528312 loops=1)
Planning time: 1.772 ms
Execution time: 26603.041 ms
