Seq Scan on movie_companies mc  (cost=0.00..57926.93 rows=966564 width=0) (actual time=0.025..1115.822 rows=656275 loops=1)
  Filter: ((company_id < 42769) AND (company_type_id > 1))
  Rows Removed by Filter: 1952854
Planning time: 0.324 ms
Execution time: 1199.527 ms
