Hash Join  (cost=139597.14..965406.74 rows=430188 width=0) (actual time=8660.668..18545.909 rows=3231316 loops=1)
  Hash Cond: (ci.movie_id = t.id)
  ->  Seq Scan on cast_info ci  (cost=0.00..796071.18 rows=2017746 width=4) (actual time=4945.447..11902.031 rows=4094130 loops=1)
        Filter: ((person_id < 547657) AND (role_id < 2))
        Rows Removed by Filter: 32150214
  ->  Hash  (cost=130752.54..130752.54 rows=539088 width=8) (actual time=3714.057..3714.057 rows=954317 loops=1)
        Buckets: 131072 (originally 131072)  Batches: 16 (originally 8)  Memory Usage: 3354kB
        ->  Hash Join  (cost=83810.17..130752.54 rows=539088 width=8) (actual time=1883.739..3423.837 rows=954317 loops=1)
              Hash Cond: (mi_idx.movie_id = t.id)
              ->  Seq Scan on movie_info_idx mi_idx  (cost=0.00..21735.35 rows=1380035 width=4) (actual time=0.016..470.046 rows=1380035 loops=1)
              ->  Hash  (cost=67604.59..67604.59 rows=987727 width=4) (actual time=1882.735..1882.735 rows=985048 loops=1)
                    Buckets: 131072  Batches: 16  Memory Usage: 3188kB
                    ->  Seq Scan on title t  (cost=0.00..67604.59 rows=987727 width=4) (actual time=0.037..1127.751 rows=985048 loops=1)
                          Filter: (kind_id < 7)
                          Rows Removed by Filter: 1543264
Planning time: 1.084 ms
Execution time: 18919.670 ms
