Nested Loop  (cost=0.43..83071.67 rows=246 width=0) (actual time=7.901..1236.061 rows=184 loops=1)
  ->  Seq Scan on movie_keyword mk  (cost=0.00..81003.12 rows=246 width=4) (actual time=7.818..1227.797 rows=184 loops=1)
        Filter: (keyword_id = 3890)
        Rows Removed by Filter: 4523746
  ->  Index Only Scan using title_pkey on title t  (cost=0.43..8.40 rows=1 width=4) (actual time=0.041..0.041 rows=1 loops=184)
        Index Cond: (id = mk.movie_id)
        Heap Fetches: 184
Planning time: 0.720 ms
Execution time: 1236.246 ms
