Nested Loop  (cost=0.43..709673.15 rows=305 width=0) (actual time=3871.044..10562.764 rows=375 loops=1)
  ->  Seq Scan on cast_info ci  (cost=0.00..705507.15 rows=500 width=4) (actual time=3870.961..10559.280 rows=375 loops=1)
        Filter: (person_id = 1300521)
        Rows Removed by Filter: 36243969
  ->  Index Scan using title_pkey on title t  (cost=0.43..8.32 rows=1 width=4) (actual time=0.008..0.009 rows=1 loops=375)
        Index Cond: (id = ci.movie_id)
        Filter: (kind_id = 7)
Planning time: 0.930 ms
Execution time: 10563.253 ms
