Seq Scan on movie_companies mc  (cost=0.00..51404.11 rows=851308 width=0) (actual time=0.012..841.632 rows=847085 loops=1)
  Filter: (company_id < 2296)
  Rows Removed by Filter: 1762044
Planning time: 0.225 ms
Execution time: 948.135 ms
