Hash Join  (cost=68438.72..416483.07 rows=11916 width=0) (actual time=2846.991..6058.716 rows=3426 loops=1)
  Hash Cond: (mi.movie_id = t.id)
  ->  Seq Scan on movie_info mi  (cost=0.00..346232.03 rows=451508 width=4) (actual time=1825.772..4936.570 rows=474443 loops=1)
        Filter: (info_type_id = 6)
        Rows Removed by Filter: 14361277
  ->  Hash  (cost=67604.59..67604.59 rows=66731 width=4) (actual time=1020.294..1020.294 rows=67342 loops=1)
        Buckets: 131072  Batches: 1  Memory Usage: 3392kB
        ->  Seq Scan on title t  (cost=0.00..67604.59 rows=66731 width=4) (actual time=0.030..991.958 rows=67342 loops=1)
              Filter: (production_year > 2012)
              Rows Removed by Filter: 2460970
Planning time: 1.052 ms
Execution time: 6059.671 ms
