Seq Scan on cast_info ci  (cost=0.00..705507.15 rows=500 width=0) (actual time=3366.208..11307.334 rows=45 loops=1)
  Filter: (person_id = 2984786)
  Rows Removed by Filter: 36244299
Planning time: 0.355 ms
Execution time: 11307.435 ms
