Seq Scan on movie_companies mc  (cost=0.00..57926.93 rows=935641 width=0) (actual time=0.017..1146.237 rows=1106136 loops=1)
  Filter: ((company_id > 1583) AND (company_type_id > 1))
  Rows Removed by Filter: 1502993
Planning time: 0.342 ms
Execution time: 1273.533 ms
