Hash Join  (cost=1002277.13..1155356.31 rows=2625402 width=0) (actual time=20765.761..29046.919 rows=18508892 loops=1)
  Hash Cond: (mk.movie_id = t.id)
  ->  Seq Scan on movie_keyword mk  (cost=0.00..81003.12 rows=2871406 width=4) (actual time=0.026..1790.527 rows=2863310 loops=1)
        Filter: (keyword_id < 8800)
        Rows Removed by Filter: 1660620
  ->  Hash  (cost=964347.40..964347.40 rows=2311899 width=8) (actual time=20762.283..20762.283 rows=4687192 loops=1)
        Buckets: 131072 (originally 131072)  Batches: 64 (originally 32)  Memory Usage: 3972kB
        ->  Hash Join  (cost=102767.86..964347.40 rows=2311899 width=8) (actual time=11775.445..19310.942 rows=4687192 loops=1)
              Hash Cond: (ci.movie_id = t.id)
              ->  Seq Scan on cast_info ci  (cost=0.00..796071.18 rows=2311899 width=4) (actual time=9953.317..12764.911 rows=4687192 loops=1)
                    Filter: ((person_id < 627991) AND (role_id < 2))
                    Rows Removed by Filter: 31557152
              ->  Hash  (cost=61283.27..61283.27 rows=2528527 width=4) (actual time=1820.870..1820.870 rows=2528312 loops=1)
                    Buckets: 131072  Batches: 64  Memory Usage: 2415kB
                    ->  Seq Scan on title t  (cost=0.00..61283.27 rows=2528527 width=4) (actual time=0.024..989.376 rows=2528312 loops=1)
Planning time: 1.226 ms
Execution time: 31082.411 ms
