Hash Join  (cost=168296.41..674490.15 rows=2472981 width=0) (actual time=4146.679..21459.300 rows=14815789 loops=1)
  Hash Cond: (mi.movie_id = t.id)
  ->  Seq Scan on movie_info mi  (cost=0.00..309384.22 rows=14739122 width=4) (actual time=0.015..5961.960 rows=14835720 loops=1)
  ->  Hash  (cost=161335.35..161335.35 rows=424245 width=8) (actual time=4146.028..4146.028 rows=813282 loops=1)
        Buckets: 131072 (originally 131072)  Batches: 16 (originally 8)  Memory Usage: 3073kB
        ->  Hash Join  (cost=87162.74..161335.35 rows=424245 width=8) (actual time=1844.932..3895.339 rows=813282 loops=1)
              Hash Cond: (mc.movie_id = t.id)
              ->  Seq Scan on movie_companies mc  (cost=0.00..51404.11 rows=1329612 width=4) (actual time=0.018..1022.544 rows=1334883 loops=1)
                    Filter: (company_type_id = 2)
                    Rows Removed by Filter: 1274246
              ->  Hash  (cost=73925.90..73925.90 rows=806787 width=4) (actual time=1844.011..1844.011 rows=843018 loops=1)
                    Buckets: 131072  Batches: 16  Memory Usage: 2879kB
                    ->  Seq Scan on title t  (cost=0.00..73925.90 rows=806787 width=4) (actual time=0.013..1309.890 rows=843018 loops=1)
                          Filter: ((kind_id < 7) AND (production_year < 2011))
                          Rows Removed by Filter: 1685294
Planning time: 0.767 ms
Execution time: 23104.920 ms
