Seq Scan on movie_keyword mk  (cost=0.00..81003.12 rows=2109752 width=0) (actual time=0.019..1485.895 rows=2116406 loops=1)
  Filter: (keyword_id < 3859)
  Rows Removed by Filter: 2407524
Planning time: 0.347 ms
Execution time: 1747.656 ms
