Hash Join  (cost=133924.58..220709.96 rows=12735 width=0) (actual time=1872.131..3619.118 rows=17242 loops=1)
  Hash Cond: (mk.movie_id = t.id)
  ->  Seq Scan on movie_keyword mk  (cost=0.00..69693.30 rows=4523930 width=4) (actual time=0.016..962.033 rows=4523930 loops=1)
  ->  Hash  (cost=133835.60..133835.60 rows=7118 width=8) (actual time=1871.035..1871.035 rows=2860 loops=1)
        Buckets: 8192  Batches: 1  Memory Usage: 176kB
        ->  Hash Join  (cost=74617.32..133835.60 rows=7118 width=8) (actual time=1216.498..1869.658 rows=2860 loops=1)
              Hash Cond: (mc.movie_id = t.id)
              ->  Seq Scan on movie_companies mc  (cost=0.00..57926.93 rows=325378 width=4) (actual time=231.699..831.488 rows=177705 loops=1)
                    Filter: ((company_id < 846) AND (company_type_id = 2))
                    Rows Removed by Filter: 2431424
              ->  Hash  (cost=73925.90..73925.90 rows=55313 width=4) (actual time=984.429..984.429 rows=49075 loops=1)
                    Buckets: 65536  Batches: 1  Memory Usage: 2238kB
                    ->  Seq Scan on title t  (cost=0.00..73925.90 rows=55313 width=4) (actual time=0.236..966.504 rows=49075 loops=1)
                          Filter: ((kind_id < 7) AND (production_year = 2010))
                          Rows Removed by Filter: 2479237
Planning time: 0.766 ms
Execution time: 3621.636 ms
