Seq Scan on movie_keyword mk  (cost=0.00..81003.12 rows=577482 width=0) (actual time=0.027..1399.992 rows=581480 loops=1)
  Filter: (keyword_id < 412)
  Rows Removed by Filter: 3942450
Planning time: 0.227 ms
Execution time: 1474.010 ms
