Hash Join  (cost=458901.61..1559601.37 rows=6512063 width=0) (actual time=8072.826..40566.683 rows=7654300 loops=1)
  Hash Cond: (ci.movie_id = t.id)
  ->  Seq Scan on cast_info ci  (cost=0.00..614943.12 rows=36225612 width=4) (actual time=0.015..12949.829 rows=36244344 loops=1)
  ->  Hash  (cost=451443.89..451443.89 rows=454538 width=8) (actual time=8071.940..8071.940 rows=404980 loops=1)
        Buckets: 131072  Batches: 8  Memory Usage: 2980kB
        ->  Hash Join  (cost=82423.69..451443.89 rows=454538 width=8) (actual time=5674.021..7943.630 rows=404980 loops=1)
              Hash Cond: (mi.movie_id = t.id)
              ->  Seq Scan on movie_info mi  (cost=0.00..346232.03 rows=1272478 width=4) (actual time=3953.147..5282.005 rows=1325361 loops=1)
                    Filter: (info_type_id = 8)
                    Rows Removed by Filter: 13510359
              ->  Hash  (cost=67604.59..67604.59 rows=903208 width=4) (actual time=1719.897..1719.897 rows=904491 loops=1)
                    Buckets: 131072  Batches: 16  Memory Usage: 3017kB
                    ->  Seq Scan on title t  (cost=0.00..67604.59 rows=903208 width=4) (actual time=0.033..1396.490 rows=904491 loops=1)
                          Filter: (production_year > 2006)
                          Rows Removed by Filter: 1623821
Planning time: 1.177 ms
Execution time: 41406.547 ms
