Hash Join  (cost=136522.65..267056.70 rows=700301 width=0) (actual time=2947.284..7744.224 rows=5737500 loops=1)
  Hash Cond: (mk.movie_id = t.id)
  ->  Seq Scan on movie_keyword mk  (cost=0.00..69693.30 rows=4523930 width=4) (actual time=0.013..1335.237 rows=4523930 loops=1)
  ->  Hash  (cost=130100.98..130100.98 rows=391414 width=8) (actual time=2944.171..2944.171 rows=646106 loops=1)
        Buckets: 131072 (originally 131072)  Batches: 16 (originally 8)  Memory Usage: 3073kB
        ->  Hash Join  (cost=85692.35..130100.98 rows=391414 width=8) (actual time=1382.140..2751.078 rows=646106 loops=1)
              Hash Cond: (mi_idx.movie_id = t.id)
              ->  Seq Scan on movie_info_idx mi_idx  (cost=0.00..21735.35 rows=1380035 width=4) (actual time=0.018..486.513 rows=1380035 loops=1)
              ->  Hash  (cost=73925.90..73925.90 rows=717156 width=4) (actual time=1381.392..1381.392 rows=620281 loops=1)
                    Buckets: 131072  Batches: 16  Memory Usage: 2386kB
                    ->  Seq Scan on title t  (cost=0.00..73925.90 rows=717156 width=4) (actual time=0.022..1186.483 rows=620281 loops=1)
                          Filter: ((kind_id < 7) AND (production_year > 1986))
                          Rows Removed by Filter: 1908031
Planning time: 1.173 ms
Execution time: 8397.051 ms
