Hash Join  (cost=126233.00..253242.56 rows=410953 width=0) (actual time=2764.822..7211.751 rows=5745877 loops=1)
  Hash Cond: (mk.movie_id = t.id)
  ->  Seq Scan on movie_keyword mk  (cost=0.00..69693.30 rows=4523930 width=4) (actual time=0.027..1473.855 rows=4523930 loops=1)
  ->  Hash  (cost=122463.86..122463.86 rows=229691 width=8) (actual time=2763.909..2763.909 rows=517314 loops=1)
        Buckets: 131072 (originally 131072)  Batches: 8 (originally 4)  Memory Usage: 3572kB
        ->  Hash Join  (cost=80830.47..122463.86 rows=229691 width=8) (actual time=1377.431..2620.739 rows=517314 loops=1)
              Hash Cond: (mi_idx.movie_id = t.id)
              ->  Seq Scan on movie_info_idx mi_idx  (cost=0.00..21735.35 rows=1380035 width=4) (actual time=0.014..459.057 rows=1380035 loops=1)
              ->  Hash  (cost=73925.90..73925.90 rows=420845 width=4) (actual time=1376.642..1376.642 rows=517968 loops=1)
                    Buckets: 131072  Batches: 8  Memory Usage: 3313kB
                    ->  Seq Scan on title t  (cost=0.00..73925.90 rows=420845 width=4) (actual time=0.026..1210.880 rows=517968 loops=1)
                          Filter: ((kind_id < 7) AND (production_year < 2001))
                          Rows Removed by Filter: 2010344
Planning time: 4.618 ms
Execution time: 7809.294 ms
