Seq Scan on movie_companies mc  (cost=0.00..57926.93 rows=51 width=0) (actual time=1.405..764.015 rows=217 loops=1)
  Filter: ((company_id = 436) AND (company_type_id = 1))
  Rows Removed by Filter: 2608912
Planning time: 0.388 ms
Execution time: 764.183 ms
