Seq Scan on movie_companies mc  (cost=0.00..51404.11 rows=801420 width=0) (actual time=0.022..935.493 rows=793951 loops=1)
  Filter: (company_id < 1715)
  Rows Removed by Filter: 1815178
Planning time: 0.368 ms
Execution time: 1045.460 ms
