Hash Join  (cost=200500.82..297728.12 rows=269179 width=0) (actual time=4184.865..6212.038 rows=504301 loops=1)
  Hash Cond: (mk.movie_id = t.id)
  ->  Seq Scan on movie_keyword mk  (cost=0.00..81003.12 rows=920370 width=4) (actual time=0.016..1438.978 rows=913533 loops=1)
        Filter: (keyword_id > 20335)
        Rows Removed by Filter: 3610397
  ->  Hash  (cost=188367.90..188367.90 rows=739514 width=8) (actual time=4183.377..4183.377 rows=461070 loops=1)
        Buckets: 131072  Batches: 16  Memory Usage: 2151kB
        ->  Hash Join  (cost=102767.86..188367.90 rows=739514 width=8) (actual time=2229.091..4040.425 rows=461070 loops=1)
              Hash Cond: (mc.movie_id = t.id)
              ->  Seq Scan on movie_companies mc  (cost=0.00..57926.93 rows=739514 width=4) (actual time=0.025..989.317 rows=461070 loops=1)
                    Filter: ((company_id < 12870) AND (company_type_id > 1))
                    Rows Removed by Filter: 2148059
              ->  Hash  (cost=61283.27..61283.27 rows=2528527 width=4) (actual time=2227.959..2227.959 rows=2528312 loops=1)
                    Buckets: 131072  Batches: 64  Memory Usage: 2415kB
                    ->  Seq Scan on title t  (cost=0.00..61283.27 rows=2528527 width=4) (actual time=2.527..1091.337 rows=2528312 loops=1)
Planning time: 5.569 ms
Execution time: 6262.728 ms
