Hash Join  (cost=69179.59..172314.90 rows=69166 width=0) (actual time=1183.167..3383.309 rows=68628 loops=1)
  Hash Cond: (mk.movie_id = t.id)
  ->  Seq Scan on movie_keyword mk  (cost=0.00..81003.12 rows=1821741 width=4) (actual time=0.012..1611.966 rows=1822785 loops=1)
        Filter: (keyword_id > 7635)
        Rows Removed by Filter: 2701145
  ->  Hash  (cost=67604.59..67604.59 rows=96000 width=4) (actual time=1182.134..1182.134 rows=95005 loops=1)
        Buckets: 131072  Batches: 2  Memory Usage: 2722kB
        ->  Seq Scan on title t  (cost=0.00..67604.59 rows=96000 width=4) (actual time=0.010..1144.877 rows=95005 loops=1)
              Filter: (production_year = 2005)
              Rows Removed by Filter: 2433307
Planning time: 0.528 ms
Execution time: 3392.638 ms
