Hash Join  (cost=1174419.62..2269975.83 rows=45621097 width=0) (actual time=27852.478..76785.470 rows=119322949 loops=1)
  Hash Cond: (mi.movie_id = t.id)
  ->  Seq Scan on movie_info mi  (cost=0.00..309384.22 rows=14739122 width=4) (actual time=0.019..6025.675 rows=14835720 loops=1)
  ->  Hash  (cost=1046017.69..1046017.69 rows=7826394 width=8) (actual time=27851.145..27851.145 rows=8230105 loops=1)
        Buckets: 131072  Batches: 128  Memory Usage: 3592kB
        ->  Hash Join  (cost=93117.31..1046017.69 rows=7826394 width=8) (actual time=1790.746..25453.619 rows=8230105 loops=1)
              Hash Cond: (ci.movie_id = t.id)
              ->  Seq Scan on cast_info ci  (cost=0.00..705507.15 rows=12726058 width=4) (actual time=0.017..13990.593 rows=12670688 loops=1)
                    Filter: (role_id < 2)
                    Rows Removed by Filter: 23573656
              ->  Hash  (cost=67604.59..67604.59 rows=1555018 width=4) (actual time=1789.656..1789.656 rows=1551727 loops=1)
                    Buckets: 131072  Batches: 32  Memory Usage: 2728kB
                    ->  Seq Scan on title t  (cost=0.00..67604.59 rows=1555018 width=4) (actual time=0.019..1291.156 rows=1551727 loops=1)
                          Filter: (production_year < 2007)
                          Rows Removed by Filter: 976585
Planning time: 0.828 ms
Execution time: 90458.881 ms
