Seq Scan on cast_info ci  (cost=0.00..796071.18 rows=7368975 width=0) (actual time=10432.183..13831.082 rows=1778659 loops=1)
  Filter: ((person_id > 1492098) AND (role_id < 2))
  Rows Removed by Filter: 34465685
Planning time: 0.351 ms
Execution time: 14050.033 ms
