Seq Scan on movie_keyword mk  (cost=0.00..81003.12 rows=1044411 width=0) (actual time=0.017..1222.393 rows=1045053 loops=1)
  Filter: (keyword_id < 1041)
  Rows Removed by Filter: 3478877
Planning time: 0.307 ms
Execution time: 1344.547 ms
