Seq Scan on movie_keyword mk  (cost=0.00..81003.12 rows=1203655 width=0) (actual time=0.025..1098.733 rows=1212724 loops=1)
  Filter: (keyword_id > 15080)
  Rows Removed by Filter: 3311206
Planning time: 0.313 ms
Execution time: 1216.910 ms
