Hash Join  (cost=102767.86..267881.88 rows=3084978 width=0) (actual time=1927.832..6942.944 rows=3065485 loops=1)
  Hash Cond: (mk.movie_id = t.id)
  ->  Seq Scan on movie_keyword mk  (cost=0.00..81003.12 rows=3084978 width=4) (actual time=0.032..1723.829 rows=3065485 loops=1)
        Filter: (keyword_id > 2056)
        Rows Removed by Filter: 1458445
  ->  Hash  (cost=61283.27..61283.27 rows=2528527 width=4) (actual time=1926.207..1926.207 rows=2528312 loops=1)
        Buckets: 131072  Batches: 64  Memory Usage: 2425kB
        ->  Seq Scan on title t  (cost=0.00..61283.27 rows=2528527 width=4) (actual time=0.017..1053.603 rows=2528312 loops=1)
Planning time: 1.309 ms
Execution time: 7304.934 ms
