Seq Scan on movie_keyword mk  (cost=0.00..81003.12 rows=490131 width=0) (actual time=0.026..1370.359 rows=484636 loops=1)
  Filter: (keyword_id > 37006)
  Rows Removed by Filter: 4039294
Planning time: 0.305 ms
Execution time: 1440.393 ms
