Seq Scan on movie_companies mc  (cost=0.00..57926.93 rows=1023288 width=0) (actual time=0.019..1114.882 rows=1274246 loops=1)
  Filter: ((company_id < 72914) AND (company_type_id < 2))
  Rows Removed by Filter: 1334883
Planning time: 0.355 ms
Execution time: 1272.855 ms
