Nested Loop  (cost=0.43..83072.29 rows=151 width=0) (actual time=337.440..1357.028 rows=27 loops=1)
  ->  Seq Scan on movie_keyword mk  (cost=0.00..81003.12 rows=246 width=4) (actual time=0.580..1280.119 rows=916 loops=1)
        Filter: (keyword_id = 7599)
        Rows Removed by Filter: 4523014
  ->  Index Scan using title_pkey on title t  (cost=0.43..8.40 rows=1 width=4) (actual time=0.083..0.083 rows=0 loops=916)
        Index Cond: (id = mk.movie_id)
        Filter: (kind_id > 4)
        Rows Removed by Filter: 1
Planning time: 1.088 ms
Execution time: 1357.133 ms
