Hash Join  (cost=118886.65..243173.54 rows=187486 width=0) (actual time=2346.881..5835.164 rows=1908651 loops=1)
  Hash Cond: (mk.movie_id = t.id)
  ->  Seq Scan on movie_keyword mk  (cost=0.00..69693.30 rows=4523930 width=4) (actual time=0.008..1448.636 rows=4523930 loops=1)
  ->  Hash  (cost=117166.77..117166.77 rows=104790 width=8) (actual time=2346.090..2346.090 rows=165935 loops=1)
        Buckets: 131072 (originally 131072)  Batches: 4 (originally 2)  Memory Usage: 3073kB
        ->  Hash Join  (cost=83356.77..117166.77 rows=104790 width=8) (actual time=1424.992..2285.421 rows=165935 loops=1)
              Hash Cond: (mi_idx.movie_id = t.id)
              ->  Seq Scan on movie_info_idx mi_idx  (cost=0.00..25185.44 rows=460978 width=4) (actual time=0.024..502.526 rows=459925 loops=1)
                    Filter: (info_type_id = 99)
                    Rows Removed by Filter: 920110
              ->  Hash  (cost=73925.90..73925.90 rows=574789 width=4) (actual time=1424.109..1424.109 rows=454004 loops=1)
                    Buckets: 131072  Batches: 8  Memory Usage: 3032kB
                    ->  Seq Scan on title t  (cost=0.00..73925.90 rows=574789 width=4) (actual time=0.015..1284.478 rows=454004 loops=1)
                          Filter: ((production_year > 1963) AND (kind_id = 1))
                          Rows Removed by Filter: 2074308
Planning time: 1.155 ms
Execution time: 6046.728 ms
