Hash Join  (cost=843625.23..1054251.83 rows=1240270 width=0) (actual time=23010.930..26398.938 rows=460944 loops=1)
  Hash Cond: (mk.movie_id = t.id)
  ->  Seq Scan on movie_keyword mk  (cost=0.00..69693.30 rows=4523930 width=4) (actual time=0.017..1392.711 rows=4523930 loops=1)
  ->  Hash  (cost=832252.05..832252.05 rows=693215 width=8) (actual time=22948.241..22948.241 rows=572556 loops=1)
        Buckets: 131072  Batches: 16  Memory Usage: 2517kB
        ->  Hash Join  (cost=74530.73..832252.05 rows=693215 width=8) (actual time=1296.869..21906.347 rows=572556 loops=1)
              Hash Cond: (ci.movie_id = t.id)
              ->  Seq Scan on cast_info ci  (cost=0.00..614943.12 rows=36225612 width=4) (actual time=0.016..9145.501 rows=36244344 loops=1)
              ->  Hash  (cost=73925.90..73925.90 rows=48386 width=4) (actual time=1295.702..1295.702 rows=45023 loops=1)
                    Buckets: 65536  Batches: 1  Memory Usage: 2095kB
                    ->  Seq Scan on title t  (cost=0.00..73925.90 rows=48386 width=4) (actual time=0.062..1277.071 rows=45023 loops=1)
                          Filter: ((kind_id > 1) AND (production_year = 2013))
                          Rows Removed by Filter: 2483289
Planning time: 1.192 ms
Execution time: 26454.103 ms
