Hash Join  (cost=136903.13..935865.25 rows=1647 width=0) (actual time=18415.177..41063.575 rows=23639 loops=1)
  Hash Cond: (ci.movie_id = t.id)
  ->  Seq Scan on cast_info ci  (cost=0.00..796071.18 rows=766525 width=4) (actual time=11772.769..34056.289 rows=1517802 loops=1)
        Filter: ((person_id < 208097) AND (role_id = 1))
        Rows Removed by Filter: 34726542
  ->  Hash  (cost=136835.21..136835.21 rows=5433 width=8) (actual time=6642.243..6642.243 rows=8271 loops=1)
        Buckets: 16384 (originally 8192)  Batches: 1 (originally 1)  Memory Usage: 452kB
        ->  Hash Join  (cost=74060.24..136835.21 rows=5433 width=8) (actual time=3145.695..6638.710 rows=8271 loops=1)
              Hash Cond: (mc.movie_id = t.id)
              ->  Seq Scan on movie_companies mc  (cost=0.00..57926.93 rows=1278322 width=4) (actual time=0.028..3165.946 rows=1274246 loops=1)
                    Filter: ((company_id < 232843) AND (company_type_id < 2))
                    Rows Removed by Filter: 1334883
              ->  Hash  (cost=73925.90..73925.90 rows=10747 width=4) (actual time=3145.471..3145.471 rows=6468 loops=1)
                    Buckets: 16384  Batches: 1  Memory Usage: 356kB
                    ->  Seq Scan on title t  (cost=0.00..73925.90 rows=10747 width=4) (actual time=1307.301..3142.330 rows=6468 loops=1)
                          Filter: ((kind_id = 1) AND (production_year = 1997))
                          Rows Removed by Filter: 2521844
Planning time: 3.126 ms
Execution time: 41067.337 ms
