Seq Scan on cast_info ci  (cost=0.00..705507.15 rows=10123677 width=0) (actual time=325.256..11553.424 rows=9920834 loops=1)
  Filter: (person_id < 976888)
  Rows Removed by Filter: 26323510
Planning time: 0.345 ms
Execution time: 12719.237 ms
