Hash Join  (cost=74437.47..159655.36 rows=17439 width=0) (actual time=1174.881..2567.227 rows=13497 loops=1)
  Hash Cond: (mk.movie_id = t.id)
  ->  Seq Scan on movie_keyword mk  (cost=0.00..81003.12 rows=1077434 width=4) (actual time=0.022..1248.711 rows=1088237 loops=1)
        Filter: (keyword_id > 16264)
        Rows Removed by Filter: 3435693
  ->  Hash  (cost=73925.90..73925.90 rows=40925 width=4) (actual time=1130.945..1130.945 rows=26947 loops=1)
        Buckets: 65536  Batches: 1  Memory Usage: 1460kB
        ->  Seq Scan on title t  (cost=0.00..73925.90 rows=40925 width=4) (actual time=20.485..1120.165 rows=26947 loops=1)
              Filter: ((production_year > 2005) AND (kind_id = 3))
              Rows Removed by Filter: 2501365
Planning time: 0.793 ms
Execution time: 2569.367 ms
