Seq Scan on cast_info ci  (cost=0.00..796071.18 rows=561659 width=0) (actual time=77.125..12822.754 rows=224957 loops=1)
  Filter: ((person_id < 1737074) AND (role_id = 9))
  Rows Removed by Filter: 36019387
Planning time: 0.805 ms
Execution time: 12850.362 ms
