Hash Join  (cost=207240.99..734346.27 rows=1850218 width=0) (actual time=10830.987..51961.245 rows=14894830 loops=1)
  Hash Cond: (mi.movie_id = t.id)
  ->  Seq Scan on movie_info mi  (cost=0.00..346232.03 rows=13929354 width=4) (actual time=0.025..25263.795 rows=14033580 loops=1)
        Filter: (info_type_id > 1)
        Rows Removed by Filter: 802140
  ->  Hash  (cost=201730.72..201730.72 rows=335861 width=8) (actual time=10830.216..10830.216 rows=348976 loops=1)
        Buckets: 131072  Batches: 8  Memory Usage: 2785kB
        ->  Hash Join  (cost=102767.86..201730.72 rows=335861 width=8) (actual time=5576.816..10699.465 rows=348976 loops=1)
              Hash Cond: (mk.movie_id = t.id)
              ->  Seq Scan on movie_keyword mk  (cost=0.00..81003.12 rows=335861 width=4) (actual time=0.041..4300.171 rows=348976 loops=1)
                    Filter: (keyword_id < 309)
                    Rows Removed by Filter: 4174954
              ->  Hash  (cost=61283.27..61283.27 rows=2528527 width=4) (actual time=5574.197..5574.197 rows=2528312 loops=1)
                    Buckets: 131072  Batches: 64  Memory Usage: 2425kB
                    ->  Seq Scan on title t  (cost=0.00..61283.27 rows=2528527 width=4) (actual time=0.017..4390.514 rows=2528312 loops=1)
Planning time: 1.040 ms
Execution time: 54150.530 ms
