Nested Loop  (cost=0.43..796984.59 rows=108 width=0) (actual time=13564.270..13812.165 rows=2 loops=1)
  ->  Seq Scan on cast_info ci  (cost=0.00..796071.18 rows=108 width=4) (actual time=13564.164..13812.032 rows=2 loops=1)
        Filter: ((role_id > 6) AND (person_id = 1393694))
        Rows Removed by Filter: 36244342
  ->  Index Only Scan using title_pkey on title t  (cost=0.43..8.45 rows=1 width=4) (actual time=0.051..0.052 rows=1 loops=2)
        Index Cond: (id = ci.movie_id)
        Heap Fetches: 2
Planning time: 0.684 ms
Execution time: 13812.233 ms
