Hash Join  (cost=67697.55..153749.00 rows=3929 width=0) (actual time=3077.040..7509.630 rows=6765 loops=1)
  Hash Cond: (mk.movie_id = t.id)
  ->  Seq Scan on movie_keyword mk  (cost=0.00..81003.12 rows=1335743 width=4) (actual time=0.024..4132.919 rows=1353666 loops=1)
        Filter: (keyword_id < 1767)
        Rows Removed by Filter: 3170264
  ->  Hash  (cost=67604.59..67604.59 rows=7437 width=4) (actual time=3075.210..3075.210 rows=2467 loops=1)
        Buckets: 8192  Batches: 1  Memory Usage: 151kB
        ->  Seq Scan on title t  (cost=0.00..67604.59 rows=7437 width=4) (actual time=0.022..3073.870 rows=2467 loops=1)
              Filter: (production_year = 1935)
              Rows Removed by Filter: 2525845
Planning time: 0.767 ms
Execution time: 7510.909 ms
