Seq Scan on cast_info ci  (cost=0.00..705507.15 rows=3536580 width=0) (actual time=976.247..34267.350 rows=3533646 loops=1)
  Filter: (person_id > 3419442)
  Rows Removed by Filter: 32710698
Planning time: 0.290 ms
Execution time: 34930.910 ms
