Hash Join  (cost=52285.13..446016.47 rows=471 width=0) (actual time=2627.788..25296.808 rows=194 loops=1)
  Hash Cond: (mi.movie_id = t.id)
  ->  Seq Scan on movie_info mi  (cost=0.00..346232.03 rows=12665229 width=4) (actual time=0.020..20689.985 rows=12744652 loops=1)
        Filter: (info_type_id > 2)
        Rows Removed by Filter: 2091068
  ->  Hash  (cost=52283.95..52283.95 rows=94 width=8) (actual time=2362.962..2362.962 rows=32 loops=1)
        Buckets: 1024  Batches: 1  Memory Usage: 10kB
        ->  Nested Loop  (cost=0.43..52283.95 rows=94 width=8) (actual time=335.621..2362.912 rows=32 loops=1)
              ->  Seq Scan on movie_companies mc  (cost=0.00..51404.11 rows=104 width=4) (actual time=335.567..2360.472 rows=32 loops=1)
                    Filter: (company_id = 112005)
                    Rows Removed by Filter: 2609097
              ->  Index Scan using title_pkey on title t  (cost=0.43..8.45 rows=1 width=4) (actual time=0.071..0.072 rows=1 loops=32)
                    Index Cond: (id = mc.movie_id)
                    Filter: (production_year > 1953)
Planning time: 1.119 ms
Execution time: 25297.081 ms
