Hash Join  (cost=199712.71..696055.61 rows=1549796 width=0) (actual time=10083.274..40523.708 rows=522709 loops=1)
  Hash Cond: (mi.movie_id = t.id)
  ->  Seq Scan on movie_info mi  (cost=0.00..309384.22 rows=14739122 width=4) (actual time=0.013..22506.795 rows=14835720 loops=1)
  ->  Hash  (cost=195350.32..195350.32 rows=265871 width=8) (actual time=10082.445..10082.445 rows=42935 loops=1)
        Buckets: 131072  Batches: 4  Memory Usage: 1442kB
        ->  Hash Join  (cost=77793.68..195350.32 rows=265871 width=8) (actual time=7892.078..10066.729 rows=42935 loops=1)
              Hash Cond: (mk.movie_id = t.id)
              ->  Seq Scan on movie_keyword mk  (cost=0.00..81003.12 rows=2851681 width=4) (actual time=1.377..4535.365 rows=2840248 loops=1)
                    Filter: (keyword_id < 8624)
                    Rows Removed by Filter: 1683682
              ->  Hash  (cost=73925.90..73925.90 rows=235742 width=4) (actual time=4115.727..4115.727 rows=129555 loops=1)
                    Buckets: 131072  Batches: 4  Memory Usage: 2166kB
                    ->  Seq Scan on title t  (cost=0.00..73925.90 rows=235742 width=4) (actual time=0.027..4059.936 rows=129555 loops=1)
                          Filter: ((production_year < 1971) AND (kind_id = 7))
                          Rows Removed by Filter: 2398757
Planning time: 6.159 ms
Execution time: 40600.025 ms
