Seq Scan on movie_companies mc  (cost=0.00..51404.11 rows=104 width=0) (actual time=69.110..2479.246 rows=61 loops=1)
  Filter: (company_id = 5221)
  Rows Removed by Filter: 2609068
Planning time: 0.319 ms
Execution time: 2479.354 ms
