Hash Join  (cost=224378.21..786877.05 rows=7749892 width=0) (actual time=11624.396..46420.067 rows=19464435 loops=1)
  Hash Cond: (mi.movie_id = t.id)
  ->  Seq Scan on movie_info mi  (cost=0.00..309384.22 rows=14739122 width=4) (actual time=0.015..19208.072 rows=14835720 loops=1)
  ->  Hash  (cost=202565.33..202565.33 rows=1329510 width=8) (actual time=11623.025..11623.025 rows=1334376 loops=1)
        Buckets: 131072  Batches: 32  Memory Usage: 2656kB
        ->  Hash Join  (cost=102767.86..202565.33 rows=1329510 width=8) (actual time=5737.489..11171.777 rows=1334376 loops=1)
              Hash Cond: (mc.movie_id = t.id)
              ->  Seq Scan on movie_companies mc  (cost=0.00..57926.93 rows=1329510 width=4) (actual time=0.030..3637.698 rows=1334376 loops=1)
                    Filter: ((company_id > 1) AND (company_type_id > 1))
                    Rows Removed by Filter: 1274753
              ->  Hash  (cost=61283.27..61283.27 rows=2528527 width=4) (actual time=5732.586..5732.586 rows=2528312 loops=1)
                    Buckets: 131072  Batches: 64  Memory Usage: 2415kB
                    ->  Seq Scan on title t  (cost=0.00..61283.27 rows=2528527 width=4) (actual time=0.010..4533.606 rows=2528312 loops=1)
Planning time: 1.053 ms
Execution time: 49106.768 ms
