Hash Join  (cost=100813.10..466660.27 rows=119122 width=0) (actual time=5550.913..27644.973 rows=136949 loops=1)
  Hash Cond: (mi.movie_id = t.id)
  ->  Seq Scan on movie_info mi  (cost=0.00..309384.22 rows=14739122 width=4) (actual time=0.020..17427.391 rows=14835720 loops=1)
  ->  Hash  (cost=100557.65..100557.65 rows=20436 width=8) (actual time=5550.656..5550.656 rows=9512 loops=1)
        Buckets: 32768  Batches: 1  Memory Usage: 628kB
        ->  Hash Join  (cost=69471.89..100557.65 rows=20436 width=8) (actual time=4333.429..5544.848 rows=9512 loops=1)
              Hash Cond: (mi_idx.movie_id = t.id)
              ->  Seq Scan on movie_info_idx mi_idx  (cost=0.00..25185.44 rows=454124 width=4) (actual time=0.029..1344.860 rows=459925 loops=1)
                    Filter: (info_type_id = 100)
                    Rows Removed by Filter: 920110
              ->  Hash  (cost=67604.59..67604.59 rows=113784 width=4) (actual time=3914.516..3914.516 rows=117858 loops=1)
                    Buckets: 131072  Batches: 2  Memory Usage: 3091kB
                    ->  Seq Scan on title t  (cost=0.00..67604.59 rows=113784 width=4) (actual time=32.044..3871.914 rows=117858 loops=1)
                          Filter: (production_year < 1931)
                          Rows Removed by Filter: 2410454
Planning time: 1.270 ms
Execution time: 27689.929 ms
