Seq Scan on movie_keyword mk  (cost=0.00..81003.12 rows=912338 width=0) (actual time=0.026..1394.154 rows=920332 loops=1)
  Filter: (keyword_id < 870)
  Rows Removed by Filter: 3603598
Planning time: 0.401 ms
Execution time: 1514.021 ms
