Hash Join  (cost=158933.42..290462.75 rows=781929 width=0) (actual time=8425.661..17846.996 rows=3451917 loops=1)
  Hash Cond: (mk.movie_id = t.id)
  ->  Seq Scan on movie_keyword mk  (cost=0.00..69693.30 rows=4523930 width=4) (actual time=0.022..4944.804 rows=4523930 loops=1)
  ->  Hash  (cost=151762.44..151762.44 rows=437038 width=8) (actual time=8424.816..8424.816 rows=455304 loops=1)
        Buckets: 131072  Batches: 8  Memory Usage: 3262kB
        ->  Hash Join  (cost=106934.74..151762.44 rows=437038 width=8) (actual time=5765.228..8230.005 rows=455304 loops=1)
              Hash Cond: (mi_idx.movie_id = t.id)
              ->  Seq Scan on movie_info_idx mi_idx  (cost=0.00..25185.44 rows=460978 width=4) (actual time=0.023..1455.171 rows=459925 loops=1)
                    Filter: (info_type_id < 100)
                    Rows Removed by Filter: 920110
              ->  Hash  (cost=67604.59..67604.59 rows=2397212 width=4) (actual time=5764.323..5764.323 rows=2388701 loops=1)
                    Buckets: 131072  Batches: 32  Memory Usage: 3650kB
                    ->  Seq Scan on title t  (cost=0.00..67604.59 rows=2397212 width=4) (actual time=0.022..4097.987 rows=2388701 loops=1)
                          Filter: (production_year > 1915)
                          Rows Removed by Filter: 139611
Planning time: 1.061 ms
Execution time: 18355.391 ms
