Seq Scan on cast_info ci  (cost=0.00..796071.18 rows=8020633 width=0) (actual time=20506.335..38494.926 rows=4934601 loops=1)
  Filter: ((person_id < 1761583) AND (role_id > 2))
  Rows Removed by Filter: 31309743
Planning time: 1.222 ms
Execution time: 39357.221 ms
