Seq Scan on movie_keyword mk  (cost=0.00..81003.12 rows=1328450 width=0) (actual time=0.031..3971.110 rows=1343423 loops=1)
  Filter: (keyword_id > 12732)
  Rows Removed by Filter: 3180507
Planning time: 0.268 ms
Execution time: 4186.400 ms
