Hash Join  (cost=76725.80..440124.11 rows=90976 width=0) (actual time=11425.893..20567.796 rows=29893 loops=1)
  Hash Cond: (mi.movie_id = t.id)
  ->  Seq Scan on movie_info mi  (cost=0.00..346232.03 rows=1348138 width=4) (actual time=8061.904..16209.361 rows=1298989 loops=1)
        Filter: (info_type_id = 4)
        Rows Removed by Filter: 13536731
  ->  Hash  (cost=73925.90..73925.90 rows=170632 width=4) (actual time=3362.771..3362.771 rows=170068 loops=1)
        Buckets: 131072  Batches: 4  Memory Usage: 2540kB
        ->  Seq Scan on title t  (cost=0.00..73925.90 rows=170632 width=4) (actual time=0.040..3235.912 rows=170068 loops=1)
              Filter: ((kind_id > 1) AND (production_year > 2011))
              Rows Removed by Filter: 2358244
Planning time: 0.771 ms
Execution time: 20575.987 ms
