Seq Scan on cast_info ci  (cost=0.00..796071.18 rows=168 width=0) (actual time=5579.808..36561.281 rows=91 loops=1)
  Filter: ((role_id > 3) AND (person_id = 1441649))
  Rows Removed by Filter: 36244253
Planning time: 5.766 ms
Execution time: 36561.402 ms
