Seq Scan on movie_companies mc  (cost=0.00..57926.93 rows=53 width=0) (actual time=44.456..2361.329 rows=65 loops=1)
  Filter: ((company_type_id > 1) AND (company_id = 11199))
  Rows Removed by Filter: 2609064
Planning time: 1.148 ms
Execution time: 2361.490 ms
