Hash Join  (cost=83074.25..109985.59 rows=85 width=0) (actual time=3686.356..4762.580 rows=414 loops=1)
  Hash Cond: (mi_idx.movie_id = t.id)
  ->  Seq Scan on movie_info_idx mi_idx  (cost=0.00..21735.35 rows=1380035 width=4) (actual time=0.027..767.409 rows=1380035 loops=1)
  ->  Hash  (cost=83072.29..83072.29 rows=157 width=8) (actual time=3649.471..3649.471 rows=151 loops=1)
        Buckets: 1024  Batches: 1  Memory Usage: 14kB
        ->  Nested Loop  (cost=0.43..83072.29 rows=157 width=8) (actual time=30.175..3649.270 rows=151 loops=1)
              ->  Seq Scan on movie_keyword mk  (cost=0.00..81003.12 rows=246 width=4) (actual time=13.944..3609.613 rows=177 loops=1)
                    Filter: (keyword_id = 3264)
                    Rows Removed by Filter: 4523753
              ->  Index Scan using title_pkey on title t  (cost=0.43..8.40 rows=1 width=4) (actual time=0.220..0.220 rows=1 loops=177)
                    Index Cond: (id = mk.movie_id)
                    Filter: (production_year > 1995)
                    Rows Removed by Filter: 0
Planning time: 21.650 ms
Execution time: 4762.809 ms
