Hash Join  (cost=210831.54..685948.33 rows=1382884 width=0) (actual time=13496.023..51391.659 rows=31336825 loops=1)
  Hash Cond: (mi.movie_id = t.id)
  ->  Seq Scan on movie_info mi  (cost=0.00..346232.03 rows=8859586 width=4) (actual time=0.029..22441.746 rows=8966694 loops=1)
        Filter: (info_type_id < 15)
        Rows Removed by Filter: 5869026
  ->  Hash  (cost=204356.11..204356.11 rows=394675 width=8) (actual time=13493.800..13493.800 rows=1491893 loops=1)
        Buckets: 131072 (originally 131072)  Batches: 32 (originally 8)  Memory Usage: 3073kB
        ->  Hash Join  (cost=77545.32..204356.11 rows=394675 width=8) (actual time=4530.408..12937.610 rows=1491893 loops=1)
              Hash Cond: (mk.movie_id = t.id)
              ->  Seq Scan on movie_keyword mk  (cost=0.00..69693.30 rows=4523930 width=4) (actual time=0.021..5308.373 rows=4523930 loops=1)
              ->  Hash  (cost=73925.90..73925.90 rows=220593 width=4) (actual time=4529.727..4529.727 rows=351684 loops=1)
                    Buckets: 131072 (originally 131072)  Batches: 8 (originally 4)  Memory Usage: 3073kB
                    ->  Seq Scan on title t  (cost=0.00..73925.90 rows=220593 width=4) (actual time=0.031..4057.862 rows=351684 loops=1)
                          Filter: ((kind_id < 3) AND (production_year < 1992))
                          Rows Removed by Filter: 2176628
Planning time: 2.251 ms
Execution time: 55763.785 ms
