Seq Scan on cast_info ci  (cost=0.00..796071.18 rows=14007887 width=0) (actual time=23831.129..48389.522 rows=11179805 loops=1)
  Filter: ((person_id < 3177948) AND (role_id > 2))
  Rows Removed by Filter: 25064539
Planning time: 0.337 ms
Execution time: 50623.992 ms
