Hash Join  (cost=239393.41..1156231.47 rows=5956119 width=0) (actual time=11920.453..67739.256 rows=3040373 loops=1)
  Hash Cond: (ci.movie_id = t.id)
  ->  Seq Scan on cast_info ci  (cost=0.00..705507.15 rows=12726058 width=4) (actual time=0.014..44774.898 rows=12670688 loops=1)
        Filter: (role_id < 2)
        Rows Removed by Filter: 23573656
  ->  Hash  (cost=219977.72..219977.72 rows=1183415 width=8) (actual time=11919.486..11919.486 rows=315042 loops=1)
        Buckets: 131072  Batches: 16  Memory Usage: 1809kB
        ->  Hash Join  (cost=97247.54..219977.72 rows=1183415 width=8) (actual time=9409.692..11797.131 rows=315042 loops=1)
              Hash Cond: (mk.movie_id = t.id)
              ->  Seq Scan on movie_keyword mk  (cost=0.00..81003.12 rows=2105041 width=4) (actual time=0.023..4689.711 rows=2103593 loops=1)
                    Filter: (keyword_id > 5706)
                    Rows Removed by Filter: 2420337
              ->  Hash  (cost=73925.90..73925.90 rows=1421491 width=4) (actual time=5389.513..5389.513 rows=1478436 loops=1)
                    Buckets: 131072  Batches: 32  Memory Usage: 2656kB
                    ->  Seq Scan on title t  (cost=0.00..73925.90 rows=1421491 width=4) (actual time=1165.304..4693.490 rows=1478436 loops=1)
                          Filter: ((production_year > 1935) AND (kind_id = 7))
                          Rows Removed by Filter: 1049876
Planning time: 1.130 ms
Execution time: 68212.500 ms
