Seq Scan on movie_keyword mk  (cost=0.00..81003.12 rows=246 width=0) (actual time=9.142..3595.998 rows=150 loops=1)
  Filter: (keyword_id = 11409)
  Rows Removed by Filter: 4523780
Planning time: 2.340 ms
Execution time: 3596.235 ms
