Seq Scan on movie_companies mc  (cost=0.00..51404.11 rows=1046687 width=0) (actual time=85.062..2935.379 rows=1056630 loops=1)
  Filter: (company_id > 14814)
  Rows Removed by Filter: 1552499
Planning time: 0.298 ms
Execution time: 3094.349 ms
