Seq Scan on cast_info ci  (cost=0.00..796071.18 rows=5108974 width=0) (actual time=6994.219..42264.868 rows=5492412 loops=1)
  Filter: ((person_id > 414372) AND (role_id > 8))
  Rows Removed by Filter: 30751932
Planning time: 0.355 ms
Execution time: 43154.238 ms
