Hash Join  (cost=73929.23..824756.51 rows=3811 width=0) (actual time=3433.676..47486.178 rows=12356 loops=1)
  Hash Cond: (ci.movie_id = t.id)
  ->  Seq Scan on cast_info ci  (cost=0.00..614943.12 rows=36225612 width=4) (actual time=0.014..33099.494 rows=36244344 loops=1)
  ->  Hash  (cost=73925.90..73925.90 rows=266 width=4) (actual time=3431.619..3431.619 rows=992 loops=1)
        Buckets: 1024  Batches: 1  Memory Usage: 43kB
        ->  Seq Scan on title t  (cost=0.00..73925.90 rows=266 width=4) (actual time=977.034..3430.832 rows=992 loops=1)
              Filter: ((kind_id = 2) AND (production_year = 1988))
              Rows Removed by Filter: 2527320
Planning time: 0.828 ms
Execution time: 47491.391 ms
