Hash Join  (cost=69687.24..1156385.91 rows=1584056 width=0) (actual time=4141.195..70064.041 rows=1727116 loops=1)
  Hash Cond: (ci.movie_id = t.id)
  ->  Seq Scan on cast_info ci  (cost=0.00..705507.15 rows=31554923 width=4) (actual time=2.644..48747.575 rows=31605208 loops=1)
        Filter: (role_id < 10)
        Rows Removed by Filter: 4639136
  ->  Hash  (cost=67604.59..67604.59 rows=126932 width=4) (actual time=4137.783..4137.783 rows=122861 loops=1)
        Buckets: 131072  Batches: 2  Memory Usage: 3191kB
        ->  Seq Scan on title t  (cost=0.00..67604.59 rows=126932 width=4) (actual time=0.037..3622.050 rows=122861 loops=1)
              Filter: (production_year = 2008)
              Rows Removed by Filter: 2405451
Planning time: 0.871 ms
Execution time: 70345.711 ms
