Seq Scan on movie_companies mc  (cost=0.00..51404.11 rows=160023 width=0) (actual time=0.014..2082.356 rows=162876 loops=1)
  Filter: (company_id < 31)
  Rows Removed by Filter: 2446253
Planning time: 0.292 ms
Execution time: 2110.446 ms
