Seq Scan on title t  (cost=0.00..67604.59 rows=127353 width=0) (actual time=0.014..1146.765 rows=128696 loops=1)
  Filter: (production_year = 2009)
  Rows Removed by Filter: 2399616
Planning time: 0.542 ms
Execution time: 1165.716 ms
