Hash Join  (cost=83074.74..800818.52 rows=317 width=0) (actual time=27953.853..36925.568 rows=4314 loops=1)
  Hash Cond: (ci.movie_id = t.id)
  ->  Seq Scan on cast_info ci  (cost=0.00..705507.15 rows=3262255 width=4) (actual time=24169.793..32507.750 rows=3288358 loops=1)
        Filter: (person_id > 3456191)
        Rows Removed by Filter: 32955986
  ->  Hash  (cost=83071.67..83071.67 rows=246 width=8) (actual time=3618.934..3618.934 rows=279 loops=1)
        Buckets: 1024  Batches: 1  Memory Usage: 19kB
        ->  Nested Loop  (cost=0.43..83071.67 rows=246 width=8) (actual time=1.013..3618.553 rows=279 loops=1)
              ->  Seq Scan on movie_keyword mk  (cost=0.00..81003.12 rows=246 width=4) (actual time=0.950..3536.640 rows=279 loops=1)
                    Filter: (keyword_id = 8179)
                    Rows Removed by Filter: 4523651
              ->  Index Only Scan using title_pkey on title t  (cost=0.43..8.40 rows=1 width=4) (actual time=0.289..0.290 rows=1 loops=279)
                    Index Cond: (id = mk.movie_id)
                    Heap Fetches: 279
Planning time: 1.092 ms
Execution time: 36927.077 ms
