Nested Loop  (cost=0.43..798788.22 rows=286 width=0) (actual time=11058.638..41643.668 rows=373 loops=1)
  ->  Seq Scan on cast_info ci  (cost=0.00..796071.18 rows=324 width=4) (actual time=11058.466..41610.856 rows=401 loops=1)
        Filter: ((role_id > 1) AND (person_id = 788154))
        Rows Removed by Filter: 36243943
  ->  Index Scan using title_pkey on title t  (cost=0.43..8.38 rows=1 width=4) (actual time=0.081..0.081 rows=1 loops=401)
        Index Cond: (id = ci.movie_id)
        Filter: (production_year > 1958)
        Rows Removed by Filter: 0
Planning time: 0.719 ms
Execution time: 41643.829 ms
