Seq Scan on movie_companies mc  (cost=0.00..57926.93 rows=798107 width=0) (actual time=1167.256..2500.397 rows=584462 loops=1)
  Filter: ((company_id > 4437) AND (company_type_id = 1))
  Rows Removed by Filter: 2024667
Planning time: 0.368 ms
Execution time: 2586.548 ms
