Seq Scan on movie_companies mc  (cost=0.00..57926.93 rows=1316463 width=0) (actual time=0.028..3263.190 rows=1310474 loops=1)
  Filter: ((company_id < 212505) AND (company_type_id = 2))
  Rows Removed by Filter: 1298655
Planning time: 0.357 ms
Execution time: 3501.488 ms
