Seq Scan on cast_info ci  (cost=0.00..705507.15 rows=500 width=0) (actual time=19009.300..31176.916 rows=70 loops=1)
  Filter: (person_id = 3408615)
  Rows Removed by Filter: 36244274
Planning time: 1.753 ms
Execution time: 31177.029 ms
