Hash Join  (cost=74057.18..891677.58 rows=23606 width=0) (actual time=8946.330..38246.523 rows=7325 loops=1)
  Hash Cond: (ci.movie_id = t.id)
  ->  Seq Scan on cast_info ci  (cost=0.00..796071.18 rows=5683510 width=4) (actual time=6679.563..35193.835 rows=2579801 loops=1)
        Filter: ((person_id < 2192999) AND (role_id > 4))
        Rows Removed by Filter: 33664543
  ->  Hash  (cost=73925.90..73925.90 rows=10502 width=4) (actual time=2266.160..2266.160 rows=6334 loops=1)
        Buckets: 16384  Batches: 1  Memory Usage: 351kB
        ->  Seq Scan on title t  (cost=0.00..73925.90 rows=10502 width=4) (actual time=418.247..2263.186 rows=6334 loops=1)
              Filter: ((production_year > 2011) AND (kind_id = 4))
              Rows Removed by Filter: 2521978
Planning time: 8.466 ms
Execution time: 38248.591 ms
