Seq Scan on movie_companies mc  (cost=0.00..57926.93 rows=443288 width=0) (actual time=0.040..2146.968 rows=252386 loops=1)
  Filter: ((company_id < 2560) AND (company_type_id = 2))
  Rows Removed by Filter: 2356743
Planning time: 1.994 ms
Execution time: 2192.964 ms
