Hash Join  (cost=83810.17..945131.68 rows=1550288 width=0) (actual time=4374.397..41139.778 rows=666351 loops=1)
  Hash Cond: (ci.movie_id = t.id)
  ->  Seq Scan on cast_info ci  (cost=0.00..796071.18 rows=3968652 width=4) (actual time=130.385..35172.099 rows=1760193 loops=1)
        Filter: ((person_id < 1962047) AND (role_id = 2))
        Rows Removed by Filter: 34484151
  ->  Hash  (cost=67604.59..67604.59 rows=987727 width=4) (actual time=4119.879..4119.879 rows=985048 loops=1)
        Buckets: 131072  Batches: 16  Memory Usage: 3188kB
        ->  Seq Scan on title t  (cost=0.00..67604.59 rows=987727 width=4) (actual time=0.022..3491.710 rows=985048 loops=1)
              Filter: (kind_id < 7)
              Rows Removed by Filter: 1543264
Planning time: 0.753 ms
Execution time: 41236.027 ms
