Hash Join  (cost=102617.88..467335.37 rows=6155 width=0) (actual time=4616.505..26829.585 rows=65927 loops=1)
  Hash Cond: (mi.movie_id = t.id)
  ->  Seq Scan on movie_info mi  (cost=0.00..309384.22 rows=14739122 width=4) (actual time=0.015..17814.106 rows=14835720 loops=1)
  ->  Hash  (cost=102604.68..102604.68 rows=1056 width=8) (actual time=4599.044..4599.044 rows=3562 loops=1)
        Buckets: 4096 (originally 2048)  Batches: 1 (originally 1)  Memory Usage: 172kB
        ->  Hash Join  (cost=73962.22..102604.68 rows=1056 width=8) (actual time=2707.100..4597.351 rows=3562 loops=1)
              Hash Cond: (mi_idx.movie_id = t.id)
              ->  Seq Scan on movie_info_idx mi_idx  (cost=0.00..25185.44 rows=919057 width=4) (actual time=0.017..1607.099 rows=920110 loops=1)
                    Filter: (info_type_id > 99)
                    Rows Removed by Filter: 459925
              ->  Hash  (cost=73925.90..73925.90 rows=2905 width=4) (actual time=2705.562..2705.562 rows=4962 loops=1)
                    Buckets: 8192 (originally 4096)  Batches: 1 (originally 1)  Memory Usage: 239kB
                    ->  Seq Scan on title t  (cost=0.00..73925.90 rows=2905 width=4) (actual time=0.064..2702.767 rows=4962 loops=1)
                          Filter: ((kind_id < 7) AND (production_year = 1964))
                          Rows Removed by Filter: 2523350
Planning time: 10.495 ms
Execution time: 26848.972 ms
