Hash Join  (cost=100915.24..939844.28 rows=3731 width=0) (actual time=7991.826..54370.253 rows=9199 loops=1)
  Hash Cond: (ci.movie_id = t.id)
  ->  Seq Scan on cast_info ci  (cost=0.00..796071.18 rows=11418815 width=4) (actual time=2943.492..46315.222 rows=13175690 loops=1)
        Filter: ((person_id > 1033955) AND (role_id > 2))
        Rows Removed by Filter: 23068654
  ->  Hash  (cost=100904.92..100904.92 rows=826 width=8) (actual time=5024.533..5024.533 rows=945 loops=1)
        Buckets: 1024  Batches: 1  Memory Usage: 45kB
        ->  Hash Join  (cost=73982.55..100904.92 rows=826 width=8) (actual time=3494.577..5024.069 rows=945 loops=1)
              Hash Cond: (mi_idx.movie_id = t.id)
              ->  Seq Scan on movie_info_idx mi_idx  (cost=0.00..25185.44 rows=460978 width=4) (actual time=0.013..1387.941 rows=459925 loops=1)
                    Filter: (info_type_id = 99)
                    Rows Removed by Filter: 920110
              ->  Hash  (cost=73925.90..73925.90 rows=4532 width=4) (actual time=3494.083..3494.083 rows=7806 loops=1)
                    Buckets: 8192  Batches: 1  Memory Usage: 339kB
                    ->  Seq Scan on title t  (cost=0.00..73925.90 rows=4532 width=4) (actual time=254.766..3490.106 rows=7806 loops=1)
                          Filter: ((kind_id = 7) AND (production_year = 1981))
                          Rows Removed by Filter: 2520506
Planning time: 12.003 ms
Execution time: 54373.286 ms
