Seq Scan on movie_keyword mk  (cost=0.00..81003.12 rows=970551 width=0) (actual time=0.024..3039.456 rows=975856 loops=1)
  Filter: (keyword_id > 19189)
  Rows Removed by Filter: 3548074
Planning time: 0.282 ms
Execution time: 3246.320 ms
