Nested Loop  (cost=0.43..83072.29 rows=6 width=0) (actual time=960.233..3702.860 rows=3 loops=1)
  ->  Seq Scan on movie_keyword mk  (cost=0.00..81003.12 rows=246 width=4) (actual time=2.101..3635.680 rows=323 loops=1)
        Filter: (keyword_id = 3313)
        Rows Removed by Filter: 4523607
  ->  Index Scan using title_pkey on title t  (cost=0.43..8.40 rows=1 width=4) (actual time=0.206..0.206 rows=0 loops=323)
        Index Cond: (id = mk.movie_id)
        Filter: (production_year = 2001)
        Rows Removed by Filter: 1
Planning time: 17.812 ms
Execution time: 3702.982 ms
