Seq Scan on movie_keyword mk  (cost=0.00..81003.12 rows=771853 width=0) (actual time=0.014..1370.871 rows=775080 loops=1)
  Filter: (keyword_id < 733)
  Rows Removed by Filter: 3748850
Planning time: 0.323 ms
Execution time: 1470.810 ms
