Seq Scan on movie_keyword mk  (cost=0.00..81003.12 rows=1918357 width=0) (actual time=0.026..4708.694 rows=1928024 loops=1)
  Filter: (keyword_id > 6933)
  Rows Removed by Filter: 2595906
Planning time: 0.392 ms
Execution time: 5068.904 ms
