Hash Join  (cost=73990.99..157084.02 rows=1141 width=0) (actual time=3297.001..7299.949 rows=3423 loops=1)
  Hash Cond: (mk.movie_id = t.id)
  ->  Seq Scan on movie_keyword mk  (cost=0.00..81003.12 rows=554264 width=4) (actual time=0.018..3831.722 rows=555726 loops=1)
        Filter: (keyword_id < 398)
        Rows Removed by Filter: 3968204
  ->  Hash  (cost=73925.90..73925.90 rows=5207 width=4) (actual time=3287.349..3287.349 rows=18455 loops=1)
        Buckets: 32768 (originally 8192)  Batches: 1 (originally 1)  Memory Usage: 905kB
        ->  Seq Scan on title t  (cost=0.00..73925.90 rows=5207 width=4) (actual time=0.071..3278.284 rows=18455 loops=1)
              Filter: ((kind_id > 2) AND (production_year = 1992))
              Rows Removed by Filter: 2509857
Planning time: 0.674 ms
Execution time: 7300.960 ms
