Seq Scan on movie_keyword mk  (cost=0.00..81003.12 rows=522581 width=12) (actual time=0.041..1689.973 rows=520878 loops=1)
  Filter: (keyword_id < 382)
  Rows Removed by Filter: 4003052
Planning time: 0.362 ms
Execution time: 1721.484 ms
