Hash Join  (cost=440691.39..1236003.74 rows=545432 width=0) (actual time=59890.617..72942.142 rows=3554192 loops=1)
  Hash Cond: (ci.movie_id = t.id)
  ->  Seq Scan on cast_info ci  (cost=0.00..705507.15 rows=4670689 width=4) (actual time=30723.946..39606.598 rows=4639136 loops=1)
        Filter: (role_id > 9)
        Rows Removed by Filter: 31605208
  ->  Hash  (cost=435846.45..435846.45 rows=295275 width=8) (actual time=29165.356..29165.356 rows=277213 loops=1)
        Buckets: 131072  Batches: 4  Memory Usage: 3713kB
        ->  Hash Join  (cost=68237.77..435846.45 rows=295275 width=8) (actual time=3304.534..27933.975 rows=277213 loops=1)
              Hash Cond: (mi.movie_id = t.id)
              ->  Seq Scan on movie_info mi  (cost=0.00..309384.22 rows=14739122 width=4) (actual time=0.024..18686.593 rows=14835720 loops=1)
              ->  Hash  (cost=67604.59..67604.59 rows=50655 width=4) (actual time=3302.742..3302.742 rows=50564 loops=1)
                    Buckets: 65536  Batches: 1  Memory Usage: 2290kB
                    ->  Seq Scan on title t  (cost=0.00..67604.59 rows=50655 width=4) (actual time=0.069..3271.328 rows=50564 loops=1)
                          Filter: (production_year = 1999)
                          Rows Removed by Filter: 2477748
Planning time: 1.130 ms
Execution time: 73439.259 ms
