Hash Join  (cost=97725.07..1496444.72 rows=24814761 width=0) (actual time=5773.192..94513.527 rows=26223976 loops=1)
  Hash Cond: (ci.movie_id = t.id)
  ->  Seq Scan on cast_info ci  (cost=0.00..705507.15 rows=34176977 width=4) (actual time=0.010..52103.918 rows=34151619 loops=1)
        Filter: (person_id < 3653103)
        Rows Removed by Filter: 2092725
  ->  Hash  (cost=67604.59..67604.59 rows=1835879 width=4) (actual time=5772.315..5772.315 rows=1833367 loops=1)
        Buckets: 131072  Batches: 32  Memory Usage: 3045kB
        ->  Seq Scan on title t  (cost=0.00..67604.59 rows=1835879 width=4) (actual time=0.012..4882.213 rows=1833367 loops=1)
              Filter: (production_year > 1986)
              Rows Removed by Filter: 694945
Planning time: 0.813 ms
Execution time: 98323.959 ms
