Seq Scan on movie_keyword mk  (cost=0.00..81003.12 rows=588262 width=0) (actual time=0.025..4558.310 rows=587650 loops=1)
  Filter: (keyword_id > 31250)
  Rows Removed by Filter: 3936280
Planning time: 0.268 ms
Execution time: 4676.850 ms
