Hash Join  (cost=146993.09..511655.19 rows=615 width=0) (actual time=4230.620..26192.438 rows=13353 loops=1)
  Hash Cond: (mi.movie_id = t.id)
  ->  Seq Scan on movie_info mi  (cost=0.00..309384.22 rows=14739122 width=4) (actual time=0.009..18072.030 rows=14835720 loops=1)
  ->  Hash  (cost=146991.76..146991.76 rows=106 width=8) (actual time=4227.415..4227.415 rows=354 loops=1)
        Buckets: 1024  Batches: 1  Memory Usage: 22kB
        ->  Nested Loop  (cost=0.43..146991.76 rows=106 width=8) (actual time=8.362..4227.056 rows=354 loops=1)
              ->  Seq Scan on movie_keyword mk  (cost=0.00..81003.12 rows=10103 width=4) (actual time=0.056..3236.036 rows=10544 loops=1)
                    Filter: (keyword_id = 398)
                    Rows Removed by Filter: 4513386
              ->  Index Scan using title_pkey on title t  (cost=0.43..6.52 rows=1 width=4) (actual time=0.093..0.093 rows=0 loops=10544)
                    Index Cond: (id = mk.movie_id)
                    Filter: ((kind_id < 7) AND (production_year = 2003))
                    Rows Removed by Filter: 1
Planning time: 1.207 ms
Execution time: 26198.116 ms
