Hash Join  (cost=190230.21..1128036.51 rows=4372052 width=0) (actual time=24566.197..54479.479 rows=5667938 loops=1)
  Hash Cond: (ci.movie_id = t.id)
  ->  Seq Scan on cast_info ci  (cost=0.00..796071.18 rows=8010559 width=4) (actual time=14735.324..37522.801 rows=5807353 loops=1)
        Filter: ((person_id > 2780355) AND (role_id < 10))
        Rows Removed by Filter: 30436991
  ->  Hash  (cost=167588.78..167588.78 rows=1380035 width=8) (actual time=9829.434..9829.434 rows=1380035 loops=1)
        Buckets: 131072  Batches: 32  Memory Usage: 2708kB
        ->  Hash Join  (cost=102767.86..167588.78 rows=1380035 width=8) (actual time=5907.615..9340.522 rows=1380035 loops=1)
              Hash Cond: (mi_idx.movie_id = t.id)
              ->  Seq Scan on movie_info_idx mi_idx  (cost=0.00..21735.35 rows=1380035 width=4) (actual time=0.028..1511.510 rows=1380035 loops=1)
              ->  Hash  (cost=61283.27..61283.27 rows=2528527 width=4) (actual time=5905.975..5905.975 rows=2528312 loops=1)
                    Buckets: 131072  Batches: 64  Memory Usage: 2415kB
                    ->  Seq Scan on title t  (cost=0.00..61283.27 rows=2528527 width=4) (actual time=0.021..4362.255 rows=2528312 loops=1)
Planning time: 7.179 ms
Execution time: 55387.924 ms
