Seq Scan on movie_keyword mk  (cost=0.00..81003.12 rows=246 width=0) (actual time=69.752..3818.659 rows=322 loops=1)
  Filter: (keyword_id = 1065)
  Rows Removed by Filter: 4523608
Planning time: 0.345 ms
Execution time: 3818.980 ms
