Seq Scan on title t  (cost=0.00..67604.59 rows=7437 width=0) (actual time=1947.475..3242.853 rows=2507 loops=1)
  Filter: (production_year = 1931)
  Rows Removed by Filter: 2525805
Planning time: 0.358 ms
Execution time: 3243.600 ms
