Hash Join  (cost=70218.80..109403.70 rows=86942 width=0) (actual time=4025.046..6364.957 rows=82892 loops=1)
  Hash Cond: (mi_idx.movie_id = t.id)
  ->  Seq Scan on movie_info_idx mi_idx  (cost=0.00..21735.35 rows=1380035 width=4) (actual time=0.020..1568.732 rows=1380035 loops=1)
  ->  Hash  (cost=67604.59..67604.59 rows=159297 width=4) (actual time=4024.355..4024.355 rows=164184 loops=1)
        Buckets: 131072  Batches: 4  Memory Usage: 2464kB
        ->  Seq Scan on title t  (cost=0.00..67604.59 rows=159297 width=4) (actual time=0.012..3746.602 rows=164184 loops=1)
              Filter: (production_year < 1950)
              Rows Removed by Filter: 2364128
Planning time: 3.642 ms
Execution time: 6376.736 ms
