Hash Join  (cost=89762.59..182039.36 rows=1124782 width=0) (actual time=4381.325..9157.106 rows=1378737 loops=1)
  Hash Cond: (mc.movie_id = t.id)
  ->  Seq Scan on movie_companies mc  (cost=0.00..51404.11 rows=2105824 width=4) (actual time=0.024..2914.206 rows=2102638 loops=1)
        Filter: (company_id < 73942)
        Rows Removed by Filter: 506491
  ->  Hash  (cost=67604.59..67604.59 rows=1350560 width=4) (actual time=4379.915..4379.915 rows=1348293 loops=1)
        Buckets: 131072  Batches: 32  Memory Usage: 2505kB
        ->  Seq Scan on title t  (cost=0.00..67604.59 rows=1350560 width=4) (actual time=0.011..3879.495 rows=1348293 loops=1)
              Filter: (production_year < 2005)
              Rows Removed by Filter: 1180019
Planning time: 0.821 ms
Execution time: 9335.367 ms
