Hash Join  (cost=73982.55..438902.66 rows=26418 width=0) (actual time=3401.600..23260.619 rows=24657 loops=1)
  Hash Cond: (mi.movie_id = t.id)
  ->  Seq Scan on movie_info mi  (cost=0.00..309384.22 rows=14739122 width=4) (actual time=0.013..15317.638 rows=14835720 loops=1)
  ->  Hash  (cost=73925.90..73925.90 rows=4532 width=4) (actual time=3105.962..3105.962 rows=8044 loops=1)
        Buckets: 8192  Batches: 1  Memory Usage: 347kB
        ->  Seq Scan on title t  (cost=0.00..73925.90 rows=4532 width=4) (actual time=211.196..3093.866 rows=8044 loops=1)
              Filter: ((kind_id = 7) AND (production_year = 1980))
              Rows Removed by Filter: 2520268
Planning time: 1.566 ms
Execution time: 23264.576 ms
