Hash Join  (cost=211070.07..724486.88 rows=3149986 width=0) (actual time=11170.580..42884.179 rows=9970582 loops=1)
  Hash Cond: (mi.movie_id = t.id)
  ->  Seq Scan on movie_info mi  (cost=0.00..309384.22 rows=14739122 width=4) (actual time=0.018..21334.245 rows=14835720 loops=1)
  ->  Hash  (cost=202204.23..202204.23 rows=540387 width=8) (actual time=11169.592..11169.592 rows=236885 loops=1)
        Buckets: 131072  Batches: 8  Memory Usage: 2210kB
        ->  Hash Join  (cost=74050.79..202204.23 rows=540387 width=8) (actual time=4044.159..11086.482 rows=236885 loops=1)
              Hash Cond: (mk.movie_id = t.id)
              ->  Seq Scan on movie_keyword mk  (cost=0.00..81003.12 rows=3477720 width=4) (actual time=0.025..4857.608 rows=3475695 loops=1)
                    Filter: (keyword_id > 1044)
                    Rows Removed by Filter: 1048235
              ->  Hash  (cost=67604.59..67604.59 rows=392896 width=4) (actual time=4043.384..4043.384 rows=391666 loops=1)
                    Buckets: 131072  Batches: 8  Memory Usage: 2759kB
                    ->  Seq Scan on title t  (cost=0.00..67604.59 rows=392896 width=4) (actual time=0.008..3194.558 rows=391666 loops=1)
                          Filter: (production_year > 2010)
                          Rows Removed by Filter: 2136646
Planning time: 1.111 ms
Execution time: 44249.606 ms
