Seq Scan on movie_companies mc  (cost=0.00..51404.11 rows=1007425 width=0) (actual time=0.020..795.670 rows=1009126 loops=1)
  Filter: (company_id < 4953)
  Rows Removed by Filter: 1600003
Planning time: 0.307 ms
Execution time: 907.824 ms
