Hash Join  (cost=138304.10..623257.40 rows=482337 width=0) (actual time=2543.585..13871.323 rows=1250542 loops=1)
  Hash Cond: (mi.movie_id = t.id)
  ->  Seq Scan on movie_info mi  (cost=0.00..309384.22 rows=14739122 width=4) (actual time=0.013..5907.355 rows=14835720 loops=1)
  ->  Hash  (cost=136945.77..136945.77 rows=82746 width=8) (actual time=2428.952..2428.952 rows=78285 loops=1)
        Buckets: 131072  Batches: 2  Memory Usage: 2555kB
        ->  Hash Join  (cost=78473.92..136945.77 rows=82746 width=8) (actual time=1337.308..2402.732 rows=78285 loops=1)
              Hash Cond: (mc.movie_id = t.id)
              ->  Seq Scan on movie_companies mc  (cost=0.00..51404.11 rows=315807 width=4) (actual time=0.015..805.839 rows=315304 loops=1)
                    Filter: (company_id > 91978)
                    Rows Removed by Filter: 2293825
              ->  Hash  (cost=67604.59..67604.59 rows=662507 width=4) (actual time=1336.272..1336.272 rows=662065 loops=1)
                    Buckets: 131072  Batches: 16  Memory Usage: 2481kB
                    ->  Seq Scan on title t  (cost=0.00..67604.59 rows=662507 width=4) (actual time=0.005..1115.981 rows=662065 loops=1)
                          Filter: (production_year > 2008)
                          Rows Removed by Filter: 1866247
Planning time: 1.163 ms
Execution time: 14032.600 ms
