Hash Join  (cost=102767.86..1203753.23 rows=16024875 width=0) (actual time=4515.550..30476.820 rows=16157282 loops=1)
  Hash Cond: (ci.movie_id = t.id)
  ->  Seq Scan on cast_info ci  (cost=0.00..705507.15 rows=16024875 width=4) (actual time=2602.148..14235.711 rows=16157282 loops=1)
        Filter: (person_id > 2016999)
        Rows Removed by Filter: 20087062
  ->  Hash  (cost=61283.27..61283.27 rows=2528527 width=4) (actual time=1911.432..1911.432 rows=2528312 loops=1)
        Buckets: 131072  Batches: 64  Memory Usage: 2415kB
        ->  Seq Scan on title t  (cost=0.00..61283.27 rows=2528527 width=4) (actual time=0.015..1083.262 rows=2528312 loops=1)
Planning time: 4.532 ms
Execution time: 32439.977 ms
