Hash Join  (cost=790514.05..845476.95 rows=29737 width=0) (actual time=34300.441..37297.674 rows=29454 loops=1)
  Hash Cond: (mc.movie_id = t.id)
  ->  Seq Scan on movie_companies mc  (cost=0.00..44881.29 rows=2609129 width=4) (actual time=0.006..2225.875 rows=2609129 loops=1)
  ->  Hash  (cost=790153.81..790153.81 rows=28819 width=8) (actual time=34300.010..34300.010 rows=21893 loops=1)
        Buckets: 32768  Batches: 1  Memory Usage: 1112kB
        ->  Hash Join  (cost=75574.02..790153.81 rows=28819 width=8) (actual time=7930.880..34291.461 rows=21893 loops=1)
              Hash Cond: (ci.movie_id = t.id)
              ->  Seq Scan on cast_info ci  (cost=0.00..705507.15 rows=725720 width=4) (actual time=4482.618..30471.445 rows=773674 loops=1)
                    Filter: (role_id = 6)
                    Rows Removed by Filter: 35470670
              ->  Hash  (cost=73925.90..73925.90 rows=100409 width=4) (actual time=3447.371..3447.371 rows=110402 loops=1)
                    Buckets: 131072  Batches: 2  Memory Usage: 2964kB
                    ->  Seq Scan on title t  (cost=0.00..73925.90 rows=100409 width=4) (actual time=779.424..3400.393 rows=110402 loops=1)
                          Filter: ((kind_id = 7) AND (production_year = 2012))
                          Rows Removed by Filter: 2417910
Planning time: 7.406 ms
Execution time: 37301.820 ms
