Hash Join  (cost=564057.01..1628374.44 rows=10152773 width=0) (actual time=12516.732..31994.857 rows=6886611 loops=1)
  Hash Cond: (ci.movie_id = t.id)
  ->  Seq Scan on cast_info ci  (cost=0.00..796071.18 rows=12379903 width=4) (actual time=0.033..13969.852 rows=6302788 loops=1)
        Filter: ((person_id < 1893198) AND (role_id > 1))
        Rows Removed by Filter: 29941556
  ->  Hash  (cost=530035.41..530035.41 rows=2073648 width=8) (actual time=12515.140..12515.140 rows=1360873 loops=1)
        Buckets: 131072  Batches: 32  Memory Usage: 2666kB
        ->  Hash Join  (cost=87731.24..530035.41 rows=2073648 width=8) (actual time=1775.237..12112.331 rows=1360873 loops=1)
              Hash Cond: (mi.movie_id = t.id)
              ->  Seq Scan on movie_info mi  (cost=0.00..346232.03 rows=6231111 width=4) (actual time=304.653..6382.933 rows=6223494 loops=1)
                    Filter: (info_type_id > 8)
                    Rows Removed by Filter: 8612226
              ->  Hash  (cost=73925.90..73925.90 rows=841467 width=4) (actual time=1469.544..1469.544 rows=921643 loops=1)
                    Buckets: 131072  Batches: 16  Memory Usage: 3062kB
                    ->  Seq Scan on title t  (cost=0.00..73925.90 rows=841467 width=4) (actual time=0.040..1168.679 rows=921643 loops=1)
                          Filter: ((production_year > 2000) AND (kind_id = 7))
                          Rows Removed by Filter: 1606669
Planning time: 1.174 ms
Execution time: 32827.699 ms
