Hash Join  (cost=74299.17..134281.76 rows=6276 width=0) (actual time=4401.040..5518.494 rows=6123 loops=1)
  Hash Cond: (mc.movie_id = t.id)
  ->  Seq Scan on movie_companies mc  (cost=0.00..57926.93 rows=531438 width=4) (actual time=1174.625..2217.740 rows=246241 loops=1)
        Filter: ((company_id > 14115) AND (company_type_id < 2))
        Rows Removed by Filter: 2362888
  ->  Hash  (cost=73925.90..73925.90 rows=29861 width=4) (actual time=3226.117..3226.117 rows=17772 loops=1)
        Buckets: 32768  Batches: 1  Memory Usage: 881kB
        ->  Seq Scan on title t  (cost=0.00..73925.90 rows=29861 width=4) (actual time=596.105..3218.606 rows=17772 loops=1)
              Filter: ((kind_id = 1) AND (production_year = 2007))
              Rows Removed by Filter: 2510540
Planning time: 6.773 ms
Execution time: 5519.852 ms
