Hash Join  (cost=622568.66..1679659.62 rows=11590323 width=0) (actual time=45910.084..78068.435 rows=37019485 loops=1)
  Hash Cond: (ci.movie_id = t.id)
  ->  Seq Scan on cast_info ci  (cost=0.00..705507.15 rows=12726058 width=4) (actual time=13310.827..27160.272 rows=12670688 loops=1)
        Filter: (role_id < 2)
        Rows Removed by Filter: 23573656
  ->  Hash  (cost=584786.80..584786.80 rows=2302869 width=8) (actual time=32597.161..32597.161 rows=3513726 loops=1)
        Buckets: 131072 (originally 131072)  Batches: 64 (originally 32)  Memory Usage: 3200kB
        ->  Hash Join  (cost=80408.18..584786.80 rows=2302869 width=8) (actual time=3595.168..31458.342 rows=3513726 loops=1)
              Hash Cond: (mi.movie_id = t.id)
              ->  Seq Scan on movie_info mi  (cost=0.00..309384.22 rows=14739122 width=4) (actual time=0.017..18311.145 rows=14835720 loops=1)
              ->  Hash  (cost=73925.90..73925.90 rows=395062 width=4) (actual time=3594.147..3594.147 rows=335993 loops=1)
                    Buckets: 131072  Batches: 8  Memory Usage: 2498kB
                    ->  Seq Scan on title t  (cost=0.00..73925.90 rows=395062 width=4) (actual time=0.021..3323.636 rows=335993 loops=1)
                          Filter: ((kind_id < 7) AND (production_year > 2005))
                          Rows Removed by Filter: 2192319
Planning time: 1.091 ms
Execution time: 82306.969 ms
