Seq Scan on cast_info ci  (cost=0.00..796071.18 rows=17760059 width=0) (actual time=1204.902..16296.274 rows=20450645 loops=1)
  Filter: ((person_id < 2298771) AND (role_id < 7))
  Rows Removed by Filter: 15793699
Planning time: 0.395 ms
Execution time: 18817.768 ms
