Hash Join  (cost=176857.49..1313274.89 rows=2048322 width=0) (actual time=3350.541..39287.302 rows=16478656 loops=1)
  Hash Cond: (ci.movie_id = t.id)
  ->  Seq Scan on cast_info ci  (cost=0.00..705507.15 rows=35446922 width=4) (actual time=0.019..16814.394 rows=35578937 loops=1)
        Filter: (person_id > 71221)
        Rows Removed by Filter: 665407
  ->  Hash  (cost=174460.08..174460.08 rows=146113 width=8) (actual time=3349.831..3349.831 rows=333757 loops=1)
        Buckets: 131072 (originally 131072)  Batches: 8 (originally 2)  Memory Usage: 3073kB
        ->  Hash Join  (cost=83810.17..174460.08 rows=146113 width=8) (actual time=1549.899..3252.159 rows=333757 loops=1)
              Hash Cond: (mk.movie_id = t.id)
              ->  Seq Scan on movie_keyword mk  (cost=0.00..81003.12 rows=374040 width=4) (actual time=0.015..1296.441 rows=372052 loops=1)
                    Filter: (keyword_id > 45501)
                    Rows Removed by Filter: 4151878
              ->  Hash  (cost=67604.59..67604.59 rows=987727 width=4) (actual time=1548.876..1548.876 rows=985048 loops=1)
                    Buckets: 131072  Batches: 16  Memory Usage: 3197kB
                    ->  Seq Scan on title t  (cost=0.00..67604.59 rows=987727 width=4) (actual time=0.015..1234.594 rows=985048 loops=1)
                          Filter: (kind_id < 7)
                          Rows Removed by Filter: 1543264
Planning time: 1.183 ms
Execution time: 41027.869 ms
