Hash Join  (cost=102767.86..194323.69 rows=987009 width=0) (actual time=1945.342..4501.076 rows=1269945 loops=1)
  Hash Cond: (mc.movie_id = t.id)
  ->  Seq Scan on movie_companies mc  (cost=0.00..57926.93 rows=987009 width=4) (actual time=0.033..1176.308 rows=1269945 loops=1)
        Filter: ((company_id < 66981) AND (company_type_id < 2))
        Rows Removed by Filter: 1339184
  ->  Hash  (cost=61283.27..61283.27 rows=2528527 width=4) (actual time=1943.122..1943.122 rows=2528312 loops=1)
        Buckets: 131072  Batches: 64  Memory Usage: 2415kB
        ->  Seq Scan on title t  (cost=0.00..61283.27 rows=2528527 width=4) (actual time=0.018..921.092 rows=2528312 loops=1)
Planning time: 0.759 ms
Execution time: 4654.010 ms
