Seq Scan on movie_keyword mk  (cost=0.00..81003.12 rows=246 width=0) (actual time=0.175..1322.889 rows=63 loops=1)
  Filter: (keyword_id = 10010)
  Rows Removed by Filter: 4523867
Planning time: 0.351 ms
Execution time: 1323.019 ms
