Hash Join  (cost=197902.19..333731.90 rows=1282060 width=0) (actual time=4529.353..10941.667 rows=13961182 loops=1)
  Hash Cond: (mk.movie_id = t.id)
  ->  Seq Scan on movie_keyword mk  (cost=0.00..81003.12 rows=3301062 width=4) (actual time=0.015..1710.260 rows=3291636 loops=1)
        Filter: (keyword_id < 14707)
        Rows Removed by Filter: 1232294
  ->  Hash  (cost=181789.89..181789.89 rows=982024 width=8) (actual time=4527.681..4527.681 rows=1137642 loops=1)
        Buckets: 131072  Batches: 16  Memory Usage: 3841kB
        ->  Hash Join  (cost=94978.31..181789.89 rows=982024 width=8) (actual time=1852.043..4197.601 rows=1137642 loops=1)
              Hash Cond: (mc.movie_id = t.id)
              ->  Seq Scan on movie_companies mc  (cost=0.00..51404.11 rows=1488245 width=4) (actual time=0.029..1010.138 rows=1477090 loops=1)
                    Filter: (company_id < 13543)
                    Rows Removed by Filter: 1132039
              ->  Hash  (cost=67604.59..67604.59 rows=1668458 width=4) (actual time=1850.863..1850.863 rows=1671292 loops=1)
                    Buckets: 131072  Batches: 32  Memory Usage: 2858kB
                    ->  Seq Scan on title t  (cost=0.00..67604.59 rows=1668458 width=4) (actual time=0.025..1303.846 rows=1671292 loops=1)
                          Filter: (production_year < 2008)
                          Rows Removed by Filter: 857020
Planning time: 1.025 ms
Execution time: 12519.076 ms
