Hash Join  (cost=88366.54..130818.50 rows=319906 width=0) (actual time=1539.516..2841.929 rows=564144 loops=1)
  Hash Cond: (mi_idx.movie_id = t.id)
  ->  Seq Scan on movie_info_idx mi_idx  (cost=0.00..25185.44 rows=919057 width=4) (actual time=0.022..569.434 rows=920110 loops=1)
        Filter: (info_type_id > 99)
        Rows Removed by Filter: 459925
  ->  Hash  (cost=73925.90..73925.90 rows=880131 width=4) (actual time=1538.578..1538.578 rows=793962 loops=1)
        Buckets: 131072  Batches: 16  Memory Usage: 2770kB
        ->  Seq Scan on title t  (cost=0.00..73925.90 rows=880131 width=4) (actual time=0.024..1292.969 rows=793962 loops=1)
              Filter: ((kind_id < 7) AND (production_year > 1956))
              Rows Removed by Filter: 1734350
Planning time: 0.845 ms
Execution time: 2911.037 ms
