Hash Join  (cost=100899.10..161133.23 rows=336 width=0) (actual time=2021.079..2715.946 rows=1321 loops=1)
  Hash Cond: (mc.movie_id = t.id)
  ->  Seq Scan on movie_companies mc  (cost=0.00..57926.93 rows=614358 width=4) (actual time=144.078..1009.904 rows=396649 loops=1)
        Filter: ((company_id < 10761) AND (company_type_id = 2))
        Rows Removed by Filter: 2212480
  ->  Hash  (cost=100881.83..100881.83 rows=1381 width=8) (actual time=1642.229..1642.229 rows=2964 loops=1)
        Buckets: 4096 (originally 2048)  Batches: 1 (originally 1)  Memory Usage: 148kB
        ->  Hash Join  (cost=73957.54..100881.83 rows=1381 width=8) (actual time=1065.361..1640.954 rows=2964 loops=1)
              Hash Cond: (mi_idx.movie_id = t.id)
              ->  Seq Scan on movie_info_idx mi_idx  (cost=0.00..21735.35 rows=1380035 width=4) (actual time=0.017..309.277 rows=1380035 loops=1)
              ->  Hash  (cost=73925.90..73925.90 rows=2531 width=4) (actual time=1065.108..1065.108 rows=2201 loops=1)
                    Buckets: 4096  Batches: 1  Memory Usage: 110kB
                    ->  Seq Scan on title t  (cost=0.00..73925.90 rows=2531 width=4) (actual time=0.442..1063.899 rows=2201 loops=1)
                          Filter: ((kind_id < 4) AND (production_year = 1940))
                          Rows Removed by Filter: 2526111
Planning time: 1.124 ms
Execution time: 2716.300 ms
