Hash Join  (cost=92883.59..1121219.62 rows=10211119 width=0) (actual time=1915.207..27728.889 rows=9514348 loops=1)
  Hash Cond: (ci.movie_id = t.id)
  ->  Seq Scan on cast_info ci  (cost=0.00..705507.15 rows=16756938 width=4) (actual time=0.021..14178.023 rows=16615455 loops=1)
        Filter: (person_id < 1644693)
        Rows Removed by Filter: 19628889
  ->  Hash  (cost=67604.59..67604.59 rows=1540800 width=4) (actual time=1913.894..1913.894 rows=1543264 loops=1)
        Buckets: 131072  Batches: 32  Memory Usage: 2722kB
        ->  Seq Scan on title t  (cost=0.00..67604.59 rows=1540800 width=4) (actual time=0.014..1167.359 rows=1543264 loops=1)
              Filter: (kind_id = 7)
              Rows Removed by Filter: 985048
Planning time: 0.762 ms
Execution time: 28769.642 ms
