Seq Scan on movie_companies mc  (cost=0.00..51404.11 rows=1241610 width=0) (actual time=0.017..922.952 rows=1256042 loops=1)
  Filter: (company_id > 11619)
  Rows Removed by Filter: 1353087
Planning time: 0.316 ms
Execution time: 1082.528 ms
