Hash Join  (cost=88735.04..230412.92 rows=1614984 width=0) (actual time=1688.311..6075.075 rows=3442158 loops=1)
  Hash Cond: (mk.movie_id = t.id)
  ->  Seq Scan on movie_keyword mk  (cost=0.00..69693.30 rows=4523930 width=4) (actual time=0.024..1514.089 rows=4523930 loops=1)
  ->  Hash  (cost=73925.90..73925.90 rows=902651 width=4) (actual time=1687.102..1687.102 rows=826317 loops=1)
        Buckets: 131072  Batches: 16  Memory Usage: 2849kB
        ->  Seq Scan on title t  (cost=0.00..73925.90 rows=902651 width=4) (actual time=0.015..1140.131 rows=826317 loops=1)
              Filter: ((kind_id < 7) AND (production_year > 1944))
              Rows Removed by Filter: 1701995
Planning time: 0.732 ms
Execution time: 6457.146 ms
