Hash Join  (cost=102767.86..201739.24 rows=1295166 width=0) (actual time=2418.801..4602.571 rows=1268363 loops=1)
  Hash Cond: (mc.movie_id = t.id)
  ->  Seq Scan on movie_companies mc  (cost=0.00..57926.93 rows=1295166 width=4) (actual time=467.569..1238.974 rows=1268363 loops=1)
        Filter: ((company_id < 179054) AND (company_type_id > 1))
        Rows Removed by Filter: 1340766
  ->  Hash  (cost=61283.27..61283.27 rows=2528527 width=4) (actual time=1949.860..1949.860 rows=2528312 loops=1)
        Buckets: 131072  Batches: 64  Memory Usage: 2415kB
        ->  Seq Scan on title t  (cost=0.00..61283.27 rows=2528527 width=4) (actual time=0.026..1129.881 rows=2528312 loops=1)
Planning time: 0.553 ms
Execution time: 4752.114 ms
