Seq Scan on movie_keyword mk  (cost=0.00..81003.12 rows=810052 width=0) (actual time=0.024..1435.963 rows=812748 loops=1)
  Filter: (keyword_id > 22549)
  Rows Removed by Filter: 3711182
Planning time: 0.287 ms
Execution time: 1538.103 ms
