Seq Scan on cast_info ci  (cost=0.00..705507.15 rows=19732348 width=0) (actual time=1709.545..12856.786 rows=19902024 loops=1)
  Filter: (person_id > 1618866)
  Rows Removed by Filter: 16342320
Planning time: 0.366 ms
Execution time: 15349.566 ms
