Seq Scan on cast_info ci  (cost=0.00..705507.15 rows=500 width=0) (actual time=242.839..11480.342 rows=123 loops=1)
  Filter: (person_id = 1609322)
  Rows Removed by Filter: 36244221
Planning time: 0.385 ms
Execution time: 11480.477 ms
