Hash Join  (cost=102767.86..194114.05 rows=978293 width=0) (actual time=2530.647..4697.762 rows=1264966 loops=1)
  Hash Cond: (mc.movie_id = t.id)
  ->  Seq Scan on movie_companies mc  (cost=0.00..57926.93 rows=978293 width=4) (actual time=362.558..1220.264 rows=1264966 loops=1)
        Filter: ((company_id < 62670) AND (company_type_id < 2))
        Rows Removed by Filter: 1344163
  ->  Hash  (cost=61283.27..61283.27 rows=2528527 width=4) (actual time=2166.719..2166.719 rows=2528312 loops=1)
        Buckets: 131072  Batches: 64  Memory Usage: 2415kB
        ->  Seq Scan on title t  (cost=0.00..61283.27 rows=2528527 width=4) (actual time=0.035..1138.967 rows=2528312 loops=1)
Planning time: 0.758 ms
Execution time: 4828.710 ms
