Seq Scan on movie_companies mc  (cost=0.00..57926.93 rows=51 width=0) (actual time=121.548..936.848 rows=10 loops=1)
  Filter: ((company_type_id < 2) AND (company_id = 4663))
  Rows Removed by Filter: 2609119
Planning time: 0.386 ms
Execution time: 936.959 ms
