Hash Join  (cost=131132.68..260475.83 rows=602511 width=0) (actual time=2957.859..7107.121 rows=3655537 loops=1)
  Hash Cond: (mk.movie_id = t.id)
  ->  Seq Scan on movie_keyword mk  (cost=0.00..69693.30 rows=4523930 width=4) (actual time=0.030..1469.950 rows=4523930 loops=1)
  ->  Hash  (cost=125607.22..125607.22 rows=336757 width=8) (actual time=2956.777..2956.777 rows=414113 loops=1)
        Buckets: 131072  Batches: 8  Memory Usage: 3062kB
        ->  Hash Join  (cost=82805.75..125607.22 rows=336757 width=8) (actual time=1536.109..2828.310 rows=414113 loops=1)
              Hash Cond: (mi_idx.movie_id = t.id)
              ->  Seq Scan on movie_info_idx mi_idx  (cost=0.00..25185.44 rows=919057 width=4) (actual time=0.021..562.476 rows=920110 loops=1)
                    Filter: (info_type_id > 99)
                    Rows Removed by Filter: 459925
              ->  Hash  (cost=67604.59..67604.59 rows=926493 width=4) (actual time=1535.140..1535.140 rows=924605 loops=1)
                    Buckets: 131072  Batches: 16  Memory Usage: 3056kB
                    ->  Seq Scan on title t  (cost=0.00..67604.59 rows=926493 width=4) (actual time=0.018..1244.393 rows=924605 loops=1)
                          Filter: (production_year < 1998)
                          Rows Removed by Filter: 1603707
Planning time: 1.157 ms
Execution time: 7518.987 ms
