Hash Join  (cost=83072.93..833869.55 rows=745 width=0) (actual time=1335.372..15299.583 rows=2520 loops=1)
  Hash Cond: (ci.movie_id = t.id)
  ->  Seq Scan on cast_info ci  (cost=0.00..614943.12 rows=36225612 width=4) (actual time=0.018..7809.754 rows=36244344 loops=1)
  ->  Hash  (cost=83072.29..83072.29 rows=52 width=8) (actual time=1328.337..1328.337 rows=184 loops=1)
        Buckets: 1024  Batches: 1  Memory Usage: 16kB
        ->  Nested Loop  (cost=0.43..83072.29 rows=52 width=8) (actual time=179.786..1328.113 rows=184 loops=1)
              ->  Seq Scan on movie_keyword mk  (cost=0.00..81003.12 rows=246 width=4) (actual time=2.146..1244.274 rows=2988 loops=1)
                    Filter: (keyword_id = 20324)
                    Rows Removed by Filter: 4520942
              ->  Index Scan using title_pkey on title t  (cost=0.43..8.40 rows=1 width=4) (actual time=0.027..0.027 rows=0 loops=2988)
                    Index Cond: (id = mk.movie_id)
                    Filter: (production_year > 2009)
                    Rows Removed by Filter: 1
Planning time: 1.264 ms
Execution time: 15300.828 ms
