Hash Join  (cost=688116.59..2664707.13 rows=74144335 width=0) (actual time=16192.022..81733.089 rows=126076604 loops=1)
  Hash Cond: (ci.movie_id = t.id)
  ->  Seq Scan on cast_info ci  (cost=0.00..614943.12 rows=36225612 width=4) (actual time=0.009..13978.606 rows=36244344 loops=1)
  ->  Hash  (cost=603210.19..603210.19 rows=5175232 width=8) (actual time=16190.117..16190.117 rows=4105756 loops=1)
        Buckets: 131072  Batches: 128  Memory Usage: 2273kB
        ->  Hash Join  (cost=90260.67..603210.19 rows=5175232 width=8) (actual time=1803.250..14681.186 rows=4105756 loops=1)
              Hash Cond: (mi.movie_id = t.id)
              ->  Seq Scan on movie_info mi  (cost=0.00..346232.03 rows=9476311 width=4) (actual time=0.016..6575.587 rows=9565151 loops=1)
                    Filter: (info_type_id < 16)
                    Rows Removed by Filter: 5270569
              ->  Hash  (cost=67604.59..67604.59 rows=1380887 width=4) (actual time=1800.993..1800.993 rows=1381453 loops=1)
                    Buckets: 131072  Batches: 32  Memory Usage: 2550kB
                    ->  Seq Scan on title t  (cost=0.00..67604.59 rows=1380887 width=4) (actual time=0.020..1318.430 rows=1381453 loops=1)
                          Filter: (production_year > 2000)
                          Rows Removed by Filter: 1146859
Planning time: 0.782 ms
Execution time: 95540.997 ms
