Seq Scan on cast_info ci  (cost=0.00..796071.18 rows=7387196 width=0) (actual time=1672.113..15338.762 rows=8353653 loops=1)
  Filter: ((person_id > 764144) AND (role_id > 4))
  Rows Removed by Filter: 27890691
Planning time: 0.703 ms
Execution time: 16395.207 ms
