Hash Join  (cost=223048.20..311036.00 rows=938528 width=0) (actual time=4456.130..6595.810 rows=536687 loops=1)
  Hash Cond: (mc.movie_id = t.id)
  ->  Seq Scan on movie_companies mc  (cost=0.00..44881.29 rows=2609129 width=4) (actual time=0.019..869.049 rows=2609129 loops=1)
  ->  Hash  (cost=208126.01..208126.01 rows=909535 width=8) (actual time=4454.817..4454.817 rows=235533 loops=1)
        Buckets: 131072  Batches: 16  Memory Usage: 1611kB
        ->  Hash Join  (cost=92883.59..208126.01 rows=909535 width=8) (actual time=1876.353..4383.171 rows=235533 loops=1)
              Hash Cond: (mk.movie_id = t.id)
              ->  Seq Scan on movie_keyword mk  (cost=0.00..81003.12 rows=1492590 width=4) (actual time=0.019..1624.010 rows=1510597 loops=1)
                    Filter: (keyword_id > 10721)
                    Rows Removed by Filter: 3013333
              ->  Hash  (cost=67604.59..67604.59 rows=1540800 width=4) (actual time=1754.399..1754.399 rows=1543264 loops=1)
                    Buckets: 131072  Batches: 32  Memory Usage: 2728kB
                    ->  Seq Scan on title t  (cost=0.00..67604.59 rows=1540800 width=4) (actual time=230.063..1253.695 rows=1543264 loops=1)
                          Filter: (kind_id = 7)
                          Rows Removed by Filter: 985048
Planning time: 1.144 ms
Execution time: 6660.767 ms
