Hash Join  (cost=431682.97..1182980.56 rows=2841 width=0) (actual time=11265.327..21524.116 rows=978 loops=1)
  Hash Cond: (ci.movie_id = t.id)
  ->  Seq Scan on cast_info ci  (cost=0.00..705507.15 rows=12203201 width=4) (actual time=4353.312..12976.342 rows=12113646 loops=1)
        Filter: (role_id > 3)
        Rows Removed by Filter: 24130698
  ->  Hash  (cost=431675.61..431675.61 rows=589 width=8) (actual time=6906.108..6906.108 rows=247 loops=1)
        Buckets: 1024  Batches: 1  Memory Usage: 18kB
        ->  Hash Join  (cost=73931.97..431675.61 rows=589 width=8) (actual time=2230.657..6905.769 rows=247 loops=1)
              Hash Cond: (mi.movie_id = t.id)
              ->  Seq Scan on movie_info mi  (cost=0.00..346232.03 rows=3068194 width=4) (actual time=1112.176..5365.501 rows=3036719 loops=1)
                    Filter: (info_type_id = 16)
                    Rows Removed by Filter: 11799001
              ->  Hash  (cost=73925.90..73925.90 rows=485 width=4) (actual time=1115.273..1115.273 rows=298 loops=1)
                    Buckets: 1024  Batches: 1  Memory Usage: 19kB
                    ->  Seq Scan on title t  (cost=0.00..73925.90 rows=485 width=4) (actual time=8.066..1114.886 rows=298 loops=1)
                          Filter: ((kind_id > 1) AND (production_year > 2013))
                          Rows Removed by Filter: 2528014
Planning time: 0.836 ms
Execution time: 21524.763 ms
