Hash Join  (cost=485262.73..621476.35 rows=1166458 width=0) (actual time=8778.167..14624.769 rows=9759753 loops=1)
  Hash Cond: (mk.movie_id = t.id)
  ->  Seq Scan on movie_keyword mk  (cost=0.00..69693.30 rows=4523930 width=4) (actual time=0.025..1489.867 rows=4523930 loops=1)
  ->  Hash  (cost=474566.23..474566.23 rows=651960 width=8) (actual time=8775.955..8775.955 rows=660923 loops=1)
        Buckets: 131072  Batches: 16  Memory Usage: 2648kB
        ->  Hash Join  (cost=102767.86..474566.23 rows=651960 width=8) (actual time=4552.677..8579.465 rows=660923 loops=1)
              Hash Cond: (mi.movie_id = t.id)
              ->  Seq Scan on movie_info mi  (cost=0.00..346232.03 rows=651960 width=4) (actual time=2513.798..5603.592 rows=660923 loops=1)
                    Filter: (info_type_id = 18)
                    Rows Removed by Filter: 14174797
              ->  Hash  (cost=61283.27..61283.27 rows=2528527 width=4) (actual time=2038.020..2038.020 rows=2528312 loops=1)
                    Buckets: 131072  Batches: 64  Memory Usage: 2425kB
                    ->  Seq Scan on title t  (cost=0.00..61283.27 rows=2528527 width=4) (actual time=0.031..1182.521 rows=2528312 loops=1)
Planning time: 1.104 ms
Execution time: 15706.346 ms
