Hash Join  (cost=212511.96..1361513.88 rows=11214074 width=0) (actual time=5925.346..60101.190 rows=84492264 loops=1)
  Hash Cond: (ci.movie_id = t.id)
  ->  Seq Scan on cast_info ci  (cost=0.00..614943.12 rows=36225612 width=4) (actual time=0.008..13889.629 rows=36244344 loops=1)
  ->  Hash  (cost=199669.76..199669.76 rows=782736 width=8) (actual time=5924.390..5924.390 rows=1739667 loops=1)
        Buckets: 131072 (originally 131072)  Batches: 32 (originally 16)  Memory Usage: 3137kB
        ->  Hash Join  (cost=83810.17..199669.76 rows=782736 width=8) (actual time=1467.745..4691.734 rows=1739667 loops=1)
              Hash Cond: (mk.movie_id = t.id)
              ->  Seq Scan on movie_keyword mk  (cost=0.00..81003.12 rows=2003761 width=4) (actual time=0.016..1619.411 rows=2007478 loops=1)
                    Filter: (keyword_id < 3575)
                    Rows Removed by Filter: 2516452
              ->  Hash  (cost=67604.59..67604.59 rows=987727 width=4) (actual time=1466.985..1466.985 rows=985048 loops=1)
                    Buckets: 131072  Batches: 16  Memory Usage: 3197kB
                    ->  Seq Scan on title t  (cost=0.00..67604.59 rows=987727 width=4) (actual time=0.015..1144.664 rows=985048 loops=1)
                          Filter: (kind_id < 7)
                          Rows Removed by Filter: 1543264
Planning time: 0.757 ms
Execution time: 69589.417 ms
