Seq Scan on movie_companies mc  (cost=0.00..57926.93 rows=1065222 width=0) (actual time=0.024..1046.626 rows=940369 loops=1)
  Filter: ((company_id > 323) AND (company_type_id < 2))
  Rows Removed by Filter: 1668760
Planning time: 0.272 ms
Execution time: 1171.509 ms
