Hash Join  (cost=83580.70..146249.25 rows=23388 width=0) (actual time=1900.300..2378.500 rows=42173 loops=1)
  Hash Cond: (mc.movie_id = t.id)
  ->  Seq Scan on movie_companies mc  (cost=0.00..57926.93 rows=60730 width=4) (actual time=440.709..713.650 rows=118894 loops=1)
        Filter: ((company_id > 146942) AND (company_type_id > 1))
        Rows Removed by Filter: 2490235
  ->  Hash  (cost=67604.59..67604.59 rows=973769 width=4) (actual time=1458.411..1458.411 rows=971188 loops=1)
        Buckets: 131072  Batches: 16  Memory Usage: 3161kB
        ->  Seq Scan on title t  (cost=0.00..67604.59 rows=973769 width=4) (actual time=0.026..1153.326 rows=971188 loops=1)
              Filter: (production_year < 1999)
              Rows Removed by Filter: 1557124
Planning time: 0.745 ms
Execution time: 2383.651 ms
