Seq Scan on movie_keyword mk  (cost=0.00..81003.12 rows=346228 width=0) (actual time=0.017..1323.234 rows=344519 loops=1)
  Filter: (keyword_id > 48289)
  Rows Removed by Filter: 4179411
Planning time: 0.242 ms
Execution time: 1368.484 ms
