Hash Join  (cost=81253.89..114237.46 rows=80216 width=0) (actual time=1359.783..2086.198 rows=46787 loops=1)
  Hash Cond: (mi_idx.movie_id = t.id)
  ->  Seq Scan on movie_info_idx mi_idx  (cost=0.00..25185.44 rows=454124 width=4) (actual time=0.015..471.392 rows=459925 loops=1)
        Filter: (info_type_id = 100)
        Rows Removed by Filter: 920110
  ->  Hash  (cost=73925.90..73925.90 rows=446639 width=4) (actual time=1359.002..1359.002 rows=306970 loops=1)
        Buckets: 131072  Batches: 8  Memory Usage: 2364kB
        ->  Seq Scan on title t  (cost=0.00..73925.90 rows=446639 width=4) (actual time=0.019..1258.247 rows=306970 loops=1)
              Filter: ((kind_id > 1) AND (production_year < 1986))
              Rows Removed by Filter: 2221342
Planning time: 0.735 ms
Execution time: 2092.030 ms
