Hash Join  (cost=126957.71..491966.58 rows=35295 width=0) (actual time=2372.356..10128.214 rows=333381 loops=1)
  Hash Cond: (mi.movie_id = t.id)
  ->  Seq Scan on movie_info mi  (cost=0.00..309384.22 rows=14739122 width=4) (actual time=0.018..4140.796 rows=14835720 loops=1)
  ->  Hash  (cost=126882.02..126882.02 rows=6055 width=8) (actual time=2372.203..2372.203 rows=15867 loops=1)
        Buckets: 16384 (originally 8192)  Batches: 1 (originally 1)  Memory Usage: 748kB
        ->  Hash Join  (cost=67697.55..126882.02 rows=6055 width=8) (actual time=979.855..2365.335 rows=15867 loops=1)
              Hash Cond: (mc.movie_id = t.id)
              ->  Seq Scan on movie_companies mc  (cost=0.00..51404.11 rows=2058615 width=4) (actual time=0.014..960.934 rows=2053944 loops=1)
                    Filter: (company_id < 71756)
                    Rows Removed by Filter: 555185
              ->  Hash  (cost=67604.59..67604.59 rows=7437 width=4) (actual time=979.640..979.640 rows=14601 loops=1)
                    Buckets: 16384 (originally 8192)  Batches: 1 (originally 1)  Memory Usage: 642kB
                    ->  Seq Scan on title t  (cost=0.00..67604.59 rows=7437 width=4) (actual time=0.062..972.815 rows=14601 loops=1)
                          Filter: (production_year = 1967)
                          Rows Removed by Filter: 2513711
Planning time: 1.235 ms
Execution time: 10173.671 ms
