Hash Join  (cost=73994.33..438969.35 rows=31909 width=0) (actual time=1256.523..9027.634 rows=47023 loops=1)
  Hash Cond: (mi.movie_id = t.id)
  ->  Seq Scan on movie_info mi  (cost=0.00..309384.22 rows=14739122 width=4) (actual time=0.008..4503.523 rows=14835720 loops=1)
  ->  Hash  (cost=73925.90..73925.90 rows=5474 width=4) (actual time=1254.102..1254.102 rows=10544 loops=1)
        Buckets: 16384 (originally 8192)  Batches: 1 (originally 1)  Memory Usage: 499kB
        ->  Seq Scan on title t  (cost=0.00..73925.90 rows=5474 width=4) (actual time=0.080..1248.662 rows=10544 loops=1)
              Filter: ((kind_id > 1) AND (production_year = 1979))
              Rows Removed by Filter: 2517768
Planning time: 0.864 ms
Execution time: 9035.984 ms
