Hash Join  (cost=100915.24..911873.42 rows=9181 width=0) (actual time=1714.344..19688.624 rows=20039 loops=1)
  Hash Cond: (ci.movie_id = t.id)
  ->  Seq Scan on cast_info ci  (cost=0.00..705507.15 rows=28095798 width=4) (actual time=0.021..12937.871 rows=28158468 loops=1)
        Filter: (person_id < 2872063)
        Rows Removed by Filter: 8085876
  ->  Hash  (cost=100904.92..100904.92 rows=826 width=8) (actual time=1709.785..1709.785 rows=990 loops=1)
        Buckets: 1024  Batches: 1  Memory Usage: 47kB
        ->  Hash Join  (cost=73982.55..100904.92 rows=826 width=8) (actual time=1279.693..1709.295 rows=990 loops=1)
              Hash Cond: (mi_idx.movie_id = t.id)
              ->  Seq Scan on movie_info_idx mi_idx  (cost=0.00..25185.44 rows=460978 width=4) (actual time=0.019..424.740 rows=459925 loops=1)
                    Filter: (info_type_id = 99)
                    Rows Removed by Filter: 920110
              ->  Hash  (cost=73925.90..73925.90 rows=4532 width=4) (actual time=1181.917..1181.917 rows=7822 loops=1)
                    Buckets: 8192  Batches: 1  Memory Usage: 339kB
                    ->  Seq Scan on title t  (cost=0.00..73925.90 rows=4532 width=4) (actual time=0.031..1177.813 rows=7822 loops=1)
                          Filter: ((kind_id = 7) AND (production_year = 1974))
                          Rows Removed by Filter: 2520490
Planning time: 2.311 ms
Execution time: 19693.562 ms
