Hash Join  (cost=124884.90..969533.28 rows=317910 width=0) (actual time=2656.738..18302.352 rows=530820 loops=1)
  Hash Cond: (ci.movie_id = t.id)
  ->  Seq Scan on cast_info ci  (cost=0.00..796071.18 rows=3855761 width=4) (actual time=0.026..14174.886 rows=1249816 loops=1)
        Filter: ((person_id < 2454850) AND (role_id > 8))
        Rows Removed by Filter: 34994528
  ->  Hash  (cost=121463.91..121463.91 rows=208479 width=8) (actual time=2655.912..2655.912 rows=455779 loops=1)
        Buckets: 131072 (originally 131072)  Batches: 8 (originally 4)  Memory Usage: 3263kB
        ->  Hash Join  (cost=80193.64..121463.91 rows=208479 width=8) (actual time=1306.096..2524.939 rows=455779 loops=1)
              Hash Cond: (mi_idx.movie_id = t.id)
              ->  Seq Scan on movie_info_idx mi_idx  (cost=0.00..21735.35 rows=1380035 width=4) (actual time=0.017..413.576 rows=1380035 loops=1)
              ->  Hash  (cost=73925.90..73925.90 rows=381979 width=4) (actual time=1305.207..1305.207 rows=440029 loops=1)
                    Buckets: 131072  Batches: 8  Memory Usage: 2968kB
                    ->  Seq Scan on title t  (cost=0.00..73925.90 rows=381979 width=4) (actual time=49.124..1170.798 rows=440029 loops=1)
                          Filter: ((production_year < 2006) AND (kind_id = 1))
                          Rows Removed by Filter: 2088283
Planning time: 9.184 ms
Execution time: 18371.449 ms
