Seq Scan on movie_companies mc  (cost=0.00..57926.93 rows=615970 width=0) (actual time=0.025..995.373 rows=886427 loops=1)
  Filter: ((company_id > 12044) AND (company_type_id > 1))
  Rows Removed by Filter: 1722702
Planning time: 0.349 ms
Execution time: 1113.026 ms
