Hash Join  (cost=274775.58..897689.96 rows=11685355 width=0) (actual time=6472.250..43124.989 rows=98040166 loops=1)
  Hash Cond: (mi.movie_id = t.id)
  ->  Seq Scan on movie_info mi  (cost=0.00..309384.22 rows=14739122 width=4) (actual time=0.020..6286.286 rows=14835720 loops=1)
  ->  Hash  (cost=241886.50..241886.50 rows=2004647 width=8) (actual time=6470.913..6470.913 rows=2011165 loops=1)
        Buckets: 131072  Batches: 32  Memory Usage: 3542kB
        ->  Hash Join  (cost=102767.86..241886.50 rows=2004647 width=8) (actual time=1906.458..5861.173 rows=2011165 loops=1)
              Hash Cond: (mk.movie_id = t.id)
              ->  Seq Scan on movie_keyword mk  (cost=0.00..81003.12 rows=2004647 width=4) (actual time=0.035..1717.878 rows=2011165 loops=1)
                    Filter: (keyword_id < 3578)
                    Rows Removed by Filter: 2512765
              ->  Hash  (cost=61283.27..61283.27 rows=2528527 width=4) (actual time=1905.619..1905.619 rows=2528312 loops=1)
                    Buckets: 131072  Batches: 64  Memory Usage: 2425kB
                    ->  Seq Scan on title t  (cost=0.00..61283.27 rows=2528527 width=4) (actual time=0.014..1085.130 rows=2528312 loops=1)
Planning time: 1.150 ms
Execution time: 54099.158 ms
