Hash Join  (cost=100908.38..153156.38 rows=141 width=0) (actual time=1655.844..1967.486 rows=3901 loops=1)
  Hash Cond: (mc.movie_id = t.id)
  ->  Seq Scan on movie_companies mc  (cost=0.00..51404.11 rows=224660 width=4) (actual time=57.517..347.587 rows=226108 loops=1)
        Filter: (company_id > 106388)
        Rows Removed by Filter: 2383021
  ->  Hash  (cost=100888.56..100888.56 rows=1586 width=8) (actual time=1598.202..1598.202 rows=12527 loops=1)
        Buckets: 16384 (originally 2048)  Batches: 1 (originally 1)  Memory Usage: 618kB
        ->  Hash Join  (cost=73962.22..100888.56 rows=1586 width=8) (actual time=1183.443..1594.973 rows=12527 loops=1)
              Hash Cond: (mi_idx.movie_id = t.id)
              ->  Seq Scan on movie_info_idx mi_idx  (cost=0.00..21735.35 rows=1380035 width=4) (actual time=0.027..197.421 rows=1380035 loops=1)
              ->  Hash  (cost=73925.90..73925.90 rows=2905 width=4) (actual time=1183.368..1183.368 rows=10197 loops=1)
                    Buckets: 16384 (originally 4096)  Batches: 1 (originally 1)  Memory Usage: 487kB
                    ->  Seq Scan on title t  (cost=0.00..73925.90 rows=2905 width=4) (actual time=0.036..1178.630 rows=10197 loops=1)
                          Filter: ((kind_id < 7) AND (production_year = 1992))
                          Rows Removed by Filter: 2518115
Planning time: 2.670 ms
Execution time: 1968.049 ms
