Hash Join  (cost=67697.55..127695.92 rows=1612 width=0) (actual time=1075.861..2231.472 rows=5017 loops=1)
  Hash Cond: (mc.movie_id = t.id)
  ->  Seq Scan on movie_companies mc  (cost=0.00..57926.93 rows=548083 width=4) (actual time=0.026..969.699 rows=847632 loops=1)
        Filter: ((company_id > 14252) AND (company_type_id > 1))
        Rows Removed by Filter: 1761497
  ->  Hash  (cost=67604.59..67604.59 rows=7437 width=4) (actual time=1073.924..1073.924 rows=14054 loops=1)
        Buckets: 16384 (originally 8192)  Batches: 1 (originally 1)  Memory Usage: 623kB
        ->  Seq Scan on title t  (cost=0.00..67604.59 rows=7437 width=4) (actual time=0.039..1067.246 rows=14054 loops=1)
              Filter: (production_year = 1975)
              Rows Removed by Filter: 2514258
Planning time: 10.917 ms
Execution time: 2232.551 ms
