Seq Scan on movie_keyword mk  (cost=0.00..81003.12 rows=3068331 width=0) (actual time=0.021..1454.151 rows=3053127 loops=1)
  Filter: (keyword_id > 2099)
  Rows Removed by Filter: 1470803
Planning time: 0.355 ms
Execution time: 1825.314 ms
