Hash Join  (cost=849558.40..988475.92 rows=1388348 width=0) (actual time=14222.079..18706.932 rows=3905765 loops=1)
  Hash Cond: (mk.movie_id = t.id)
  ->  Seq Scan on movie_keyword mk  (cost=0.00..69693.30 rows=4523930 width=4) (actual time=0.020..1523.936 rows=4523930 loops=1)
  ->  Hash  (cost=836826.67..836826.67 rows=775979 width=8) (actual time=14220.963..14220.963 rows=662870 loops=1)
        Buckets: 131072  Batches: 16  Memory Usage: 2633kB
        ->  Hash Join  (cost=102767.86..836826.67 rows=775979 width=8) (actual time=1975.668..14011.766 rows=662870 loops=1)
              Hash Cond: (ci.movie_id = t.id)
              ->  Seq Scan on cast_info ci  (cost=0.00..705507.15 rows=775979 width=4) (actual time=45.457..10935.834 rows=662870 loops=1)
                    Filter: (person_id < 70943)
                    Rows Removed by Filter: 35581474
              ->  Hash  (cost=61283.27..61283.27 rows=2528527 width=4) (actual time=1928.991..1928.991 rows=2528312 loops=1)
                    Buckets: 131072  Batches: 64  Memory Usage: 2415kB
                    ->  Seq Scan on title t  (cost=0.00..61283.27 rows=2528527 width=4) (actual time=0.020..1090.212 rows=2528312 loops=1)
Planning time: 1.171 ms
Execution time: 19165.094 ms
