Seq Scan on movie_companies mc  (cost=0.00..51404.11 rows=214795 width=0) (actual time=0.013..821.681 rows=216198 loops=1)
  Filter: (company_id > 108961)
  Rows Removed by Filter: 2392931
Planning time: 0.331 ms
Execution time: 848.910 ms
