Seq Scan on movie_companies mc  (cost=0.00..51404.11 rows=1830254 width=0) (actual time=0.027..976.643 rows=1823939 loops=1)
  Filter: (company_id < 32117)
  Rows Removed by Filter: 785190
Planning time: 0.398 ms
Execution time: 1213.419 ms
