Nested Loop  (cost=0.43..798787.41 rows=324 width=0) (actual time=14077.261..14719.225 rows=51 loops=1)
  ->  Seq Scan on cast_info ci  (cost=0.00..796071.18 rows=324 width=4) (actual time=14077.087..14717.838 rows=51 loops=1)
        Filter: ((role_id > 1) AND (person_id = 1917570))
        Rows Removed by Filter: 36244293
  ->  Index Only Scan using title_pkey on title t  (cost=0.43..8.37 rows=1 width=4) (actual time=0.024..0.025 rows=1 loops=51)
        Index Cond: (id = ci.movie_id)
        Heap Fetches: 51
Planning time: 3.788 ms
Execution time: 14719.327 ms
