Seq Scan on movie_keyword mk  (cost=0.00..81003.12 rows=246 width=0) (actual time=20.922..1360.973 rows=88 loops=1)
  Filter: (keyword_id = 10446)
  Rows Removed by Filter: 4523842
Planning time: 0.381 ms
Execution time: 1361.145 ms
