Hash Join  (cost=185112.26..1326907.78 rows=10512536 width=0) (actual time=3901.445..38212.387 rows=15966657 loops=1)
  Hash Cond: (ci.movie_id = t.id)
  ->  Seq Scan on cast_info ci  (cost=0.00..614943.12 rows=36225612 width=4) (actual time=0.011..13399.391 rows=36244344 loops=1)
  ->  Hash  (cost=173073.15..173073.15 rows=733769 width=8) (actual time=3900.273..3900.273 rows=517382 loops=1)
        Buckets: 131072  Batches: 16  Memory Usage: 2267kB
        ->  Hash Join  (cost=92883.59..173073.15 rows=733769 width=8) (actual time=1885.127..3761.391 rows=517382 loops=1)
              Hash Cond: (mc.movie_id = t.id)
              ->  Seq Scan on movie_companies mc  (cost=0.00..51404.11 rows=1204151 width=4) (actual time=0.024..952.795 rows=1196862 loops=1)
                    Filter: (company_id < 10721)
                    Rows Removed by Filter: 1412267
              ->  Hash  (cost=67604.59..67604.59 rows=1540800 width=4) (actual time=1835.765..1835.765 rows=1543264 loops=1)
                    Buckets: 131072  Batches: 32  Memory Usage: 2722kB
                    ->  Seq Scan on title t  (cost=0.00..67604.59 rows=1540800 width=4) (actual time=0.020..1336.214 rows=1543264 loops=1)
                          Filter: (kind_id = 7)
                          Rows Removed by Filter: 985048
Planning time: 1.181 ms
Execution time: 39995.504 ms
