Seq Scan on movie_keyword mk  (cost=0.00..81003.12 rows=1348322 width=0) (actual time=0.027..1419.808 rows=1366226 loops=1)
  Filter: (keyword_id < 1789)
  Rows Removed by Filter: 3157704
Planning time: 0.335 ms
Execution time: 1592.068 ms
