Hash Join  (cost=174865.45..539133.49 rows=344717 width=0) (actual time=7657.263..10286.516 rows=1451506 loops=1)
  Hash Cond: (mi.movie_id = t.id)
  ->  Seq Scan on movie_info mi  (cost=0.00..346232.03 rows=952493 width=4) (actual time=3819.889..5428.988 rows=1000392 loops=1)
        Filter: (info_type_id > 88)
        Rows Removed by Filter: 13835328
  ->  Hash  (cost=159851.69..159851.69 rows=915101 width=8) (actual time=3833.985..3833.985 rows=919850 loops=1)
        Buckets: 131072  Batches: 16  Memory Usage: 3282kB
        ->  Hash Join  (cost=102767.86..159851.69 rows=915101 width=8) (actual time=1896.675..3558.777 rows=919850 loops=1)
              Hash Cond: (mi_idx.movie_id = t.id)
              ->  Seq Scan on movie_info_idx mi_idx  (cost=0.00..25185.44 rows=915101 width=4) (actual time=0.021..516.425 rows=919850 loops=1)
                    Filter: (info_type_id < 101)
                    Rows Removed by Filter: 460185
              ->  Hash  (cost=61283.27..61283.27 rows=2528527 width=4) (actual time=1894.228..1894.228 rows=2528312 loops=1)
                    Buckets: 131072  Batches: 64  Memory Usage: 2415kB
                    ->  Seq Scan on title t  (cost=0.00..61283.27 rows=2528527 width=4) (actual time=0.030..1100.672 rows=2528312 loops=1)
Planning time: 1.157 ms
Execution time: 10461.360 ms
