Hash Join  (cost=87880.14..491528.60 rows=1218959 width=0) (actual time=1819.519..9726.289 rows=2462925 loops=1)
  Hash Cond: (mi.movie_id = t.id)
  ->  Seq Scan on movie_info mi  (cost=0.00..346232.03 rows=3623957 width=4) (actual time=285.510..5649.843 rows=3624977 loops=1)
        Filter: (info_type_id < 4)
        Rows Removed by Filter: 11210743
  ->  Hash  (cost=73925.90..73925.90 rows=850499 width=4) (actual time=1533.115..1533.115 rows=765361 loops=1)
        Buckets: 131072  Batches: 16  Memory Usage: 2718kB
        ->  Seq Scan on title t  (cost=0.00..73925.90 rows=850499 width=4) (actual time=0.027..1280.312 rows=765361 loops=1)
              Filter: ((kind_id < 7) AND (production_year > 1963))
              Rows Removed by Filter: 1762951
Planning time: 0.545 ms
Execution time: 9988.173 ms
