Hash Join  (cost=244144.40..1184932.12 rows=9005601 width=0) (actual time=8334.305..29950.931 rows=21611754 loops=1)
  Hash Cond: (ci.movie_id = t.id)
  ->  Seq Scan on cast_info ci  (cost=0.00..705507.15 rows=10684712 width=4) (actual time=2693.435..11942.930 rows=10685837 loops=1)
        Filter: (person_id > 2639004)
        Rows Removed by Filter: 25558507
  ->  Hash  (cost=209179.82..209179.82 rows=2131167 width=8) (actual time=5639.263..5639.263 rows=2289918 loops=1)
        Buckets: 131072  Batches: 32  Memory Usage: 3790kB
        ->  Hash Join  (cost=101489.21..209179.82 rows=2131167 width=8) (actual time=1988.080..5065.893 rows=2289918 loops=1)
              Hash Cond: (mc.movie_id = t.id)
              ->  Seq Scan on movie_companies mc  (cost=0.00..44881.29 rows=2609129 width=4) (actual time=0.034..879.824 rows=2609129 loops=1)
              ->  Hash  (cost=67604.59..67604.59 rows=2065330 width=4) (actual time=1987.155..1987.155 rows=2064552 loops=1)
                    Buckets: 131072  Batches: 32  Memory Usage: 3289kB
                    ->  Seq Scan on title t  (cost=0.00..67604.59 rows=2065330 width=4) (actual time=0.029..1343.187 rows=2064552 loops=1)
                          Filter: (production_year < 2011)
                          Rows Removed by Filter: 463760
Planning time: 2.722 ms
Execution time: 32158.097 ms
