Seq Scan on cast_info ci  (cost=0.00..705507.15 rows=30541326 width=0) (actual time=0.024..13782.990 rows=30500225 loops=1)
  Filter: (person_id < 3072402)
  Rows Removed by Filter: 5744119
Planning time: 0.322 ms
Execution time: 17699.253 ms
