Seq Scan on movie_companies mc  (cost=0.00..51404.11 rows=2174679 width=0) (actual time=0.018..1041.406 rows=2169144 loops=1)
  Filter: (company_id < 78276)
  Rows Removed by Filter: 439985
Planning time: 0.302 ms
Execution time: 1334.066 ms
