Hash Join  (cost=123984.52..488859.80 rows=21935 width=0) (actual time=2794.718..9399.870 rows=17725 loops=1)
  Hash Cond: (mi.movie_id = t.id)
  ->  Seq Scan on movie_info mi  (cost=0.00..309384.22 rows=14739122 width=4) (actual time=0.011..4648.471 rows=14835720 loops=1)
  ->  Hash  (cost=123937.48..123937.48 rows=3763 width=8) (actual time=1957.536..1957.536 rows=1466 loops=1)
        Buckets: 4096  Batches: 1  Memory Usage: 90kB
        ->  Hash Join  (cost=67697.55..123937.48 rows=3763 width=8) (actual time=1222.519..1957.065 rows=1466 loops=1)
              Hash Cond: (mc.movie_id = t.id)
              ->  Seq Scan on movie_companies mc  (cost=0.00..51404.11 rows=1279517 width=4) (actual time=0.024..755.776 rows=1274246 loops=1)
                    Filter: (company_type_id < 2)
                    Rows Removed by Filter: 1334883
              ->  Hash  (cost=67604.59..67604.59 rows=7437 width=4) (actual time=1066.323..1066.323 rows=1487 loops=1)
                    Buckets: 8192  Batches: 1  Memory Usage: 117kB
                    ->  Seq Scan on title t  (cost=0.00..67604.59 rows=7437 width=4) (actual time=449.782..1065.496 rows=1487 loops=1)
                          Filter: (production_year = 1907)
                          Rows Removed by Filter: 2526825
Planning time: 1.142 ms
Execution time: 9403.302 ms
