Hash Join  (cost=108983.92..197672.20 rows=46976 width=0) (actual time=2098.694..3848.043 rows=165467 loops=1)
  Hash Cond: (mk.movie_id = t.id)
  ->  Seq Scan on movie_keyword mk  (cost=0.00..81003.12 rows=1924104 width=4) (actual time=0.020..1386.327 rows=1934752 loops=1)
        Filter: (keyword_id > 6857)
        Rows Removed by Filter: 2589178
  ->  Hash  (cost=108212.26..108212.26 rows=61733 width=8) (actual time=2097.178..2097.178 rows=58024 loops=1)
        Buckets: 65536  Batches: 1  Memory Usage: 2779kB
        ->  Hash Join  (cost=69460.45..108212.26 rows=61733 width=8) (actual time=1158.595..2077.182 rows=58024 loops=1)
              Hash Cond: (mi_idx.movie_id = t.id)
              ->  Seq Scan on movie_info_idx mi_idx  (cost=0.00..21735.35 rows=1380035 width=4) (actual time=0.012..418.204 rows=1380035 loops=1)
              ->  Hash  (cost=67604.59..67604.59 rows=113109 width=4) (actual time=1157.767..1157.767 rows=119565 loops=1)
                    Buckets: 131072  Batches: 2  Memory Usage: 3115kB
                    ->  Seq Scan on title t  (cost=0.00..67604.59 rows=113109 width=4) (actual time=0.028..1112.940 rows=119565 loops=1)
                          Filter: (production_year = 2007)
                          Rows Removed by Filter: 2408747
Planning time: 3.378 ms
Execution time: 3868.998 ms
