Hash Join  (cost=162345.81..301727.33 rows=1426448 width=0) (actual time=5403.656..7033.879 rows=1107102 loops=1)
  Hash Cond: (mk.movie_id = t.id)
  ->  Seq Scan on movie_keyword mk  (cost=0.00..69693.30 rows=4523930 width=4) (actual time=0.007..1437.854 rows=4523930 loops=1)
  ->  Hash  (cost=149264.89..149264.89 rows=797274 width=8) (actual time=3462.443..3462.443 rows=425568 loops=1)
        Buckets: 131072  Batches: 16  Memory Usage: 2068kB
        ->  Hash Join  (cost=97892.67..149264.89 rows=797274 width=8) (actual time=2386.152..3342.701 rows=425568 loops=1)
              Hash Cond: (mi_idx.movie_id = t.id)
              ->  Seq Scan on movie_info_idx mi_idx  (cost=0.00..21735.35 rows=1380035 width=4) (actual time=0.016..405.465 rows=1380035 loops=1)
              ->  Hash  (cost=73925.90..73925.90 rows=1460781 width=4) (actual time=1979.659..1979.659 rows=1478439 loops=1)
                    Buckets: 131072  Batches: 32  Memory Usage: 2651kB
                    ->  Seq Scan on title t  (cost=0.00..73925.90 rows=1460781 width=4) (actual time=0.021..1517.109 rows=1478439 loops=1)
                          Filter: ((production_year > 1915) AND (kind_id = 7))
                          Rows Removed by Filter: 1049873
Planning time: 0.748 ms
Execution time: 7163.390 ms
