Seq Scan on cast_info ci  (cost=0.00..705507.15 rows=32646903 width=0) (actual time=555.439..13209.036 rows=32788639 loops=1)
  Filter: (person_id > 331991)
  Rows Removed by Filter: 3455705
Planning time: 0.364 ms
Execution time: 17180.390 ms
