Hash Join  (cost=102767.86..245791.14 rows=2166902 width=0) (actual time=2036.857..5624.030 rows=2165800 loops=1)
  Hash Cond: (mk.movie_id = t.id)
  ->  Seq Scan on movie_keyword mk  (cost=0.00..81003.12 rows=2166902 width=4) (actual time=0.011..1645.094 rows=2165800 loops=1)
        Filter: (keyword_id > 5299)
        Rows Removed by Filter: 2358130
  ->  Hash  (cost=61283.27..61283.27 rows=2528527 width=4) (actual time=2035.214..2035.214 rows=2528312 loops=1)
        Buckets: 131072  Batches: 64  Memory Usage: 2425kB
        ->  Seq Scan on title t  (cost=0.00..61283.27 rows=2528527 width=4) (actual time=0.017..1179.109 rows=2528312 loops=1)
Planning time: 0.736 ms
Execution time: 5867.431 ms
