Hash Join  (cost=74394.67..101509.83 rows=20468 width=0) (actual time=2970.475..4794.108 rows=39660 loops=1)
  Hash Cond: (mi_idx.movie_id = t.id)
  ->  Seq Scan on movie_info_idx mi_idx  (cost=0.00..21735.35 rows=1380035 width=4) (actual time=0.028..1304.678 rows=1380035 loops=1)
  ->  Hash  (cost=73925.90..73925.90 rows=37501 width=4) (actual time=2969.927..2969.927 rows=32253 loops=1)
        Buckets: 65536  Batches: 1  Memory Usage: 1646kB
        ->  Seq Scan on title t  (cost=0.00..73925.90 rows=37501 width=4) (actual time=0.023..2956.296 rows=32253 loops=1)
              Filter: ((kind_id < 7) AND (production_year = 2005))
              Rows Removed by Filter: 2496059
Planning time: 0.772 ms
Execution time: 4799.963 ms
