Hash Join  (cost=168337.70..1263960.29 rows=6017843 width=0) (actual time=8990.703..79552.782 rows=7557034 loops=1)
  Hash Cond: (ci.movie_id = t.id)
  ->  Seq Scan on cast_info ci  (cost=0.00..614943.12 rows=36225612 width=4) (actual time=0.007..46598.646 rows=36244344 loops=1)
  ->  Hash  (cost=161446.17..161446.17 rows=420042 width=8) (actual time=8985.456..8985.456 rows=185474 loops=1)
        Buckets: 131072  Batches: 8  Memory Usage: 1918kB
        ->  Hash Join  (cost=80605.23..161446.17 rows=420042 width=8) (actual time=4029.796..8931.725 rows=185474 loops=1)
              Hash Cond: (mc.movie_id = t.id)
              ->  Seq Scan on movie_companies mc  (cost=0.00..44881.29 rows=2609129 width=4) (actual time=0.020..3371.685 rows=2609129 loops=1)
              ->  Hash  (cost=73925.90..73925.90 rows=407066 width=4) (actual time=4027.898..4027.898 rows=436028 loops=1)
                    Buckets: 131072  Batches: 8  Memory Usage: 2943kB
                    ->  Seq Scan on title t  (cost=0.00..73925.90 rows=407066 width=4) (actual time=0.016..3853.739 rows=436028 loops=1)
                          Filter: ((kind_id > 4) AND (production_year > 2008))
                          Rows Removed by Filter: 2092284
Planning time: 1.296 ms
Execution time: 80589.498 ms
