Hash Join  (cost=1191601.85..2216722.38 rows=40746519 width=0) (actual time=53712.201..116092.217 rows=105303592 loops=1)
  Hash Cond: (mi.movie_id = t.id)
  ->  Seq Scan on movie_info mi  (cost=0.00..309384.22 rows=14739122 width=4) (actual time=0.019..18932.873 rows=14835720 loops=1)
  ->  Hash  (cost=1076918.97..1076918.97 rows=6990150 width=8) (actual time=53710.146..53710.146 rows=8276772 loops=1)
        Buckets: 131072  Batches: 128  Memory Usage: 3616kB
        ->  Hash Join  (cost=102767.86..1076918.97 rows=6990150 width=8) (actual time=6758.732..51070.771 rows=8276772 loops=1)
              Hash Cond: (ci.movie_id = t.id)
              ->  Seq Scan on cast_info ci  (cost=0.00..796071.18 rows=6990150 width=4) (actual time=54.864..35801.360 rows=8276772 loops=1)
                    Filter: ((person_id < 1019160) AND (role_id < 4))
                    Rows Removed by Filter: 27967572
              ->  Hash  (cost=61283.27..61283.27 rows=2528527 width=4) (actual time=6250.350..6250.350 rows=2528312 loops=1)
                    Buckets: 131072  Batches: 64  Memory Usage: 2415kB
                    ->  Seq Scan on title t  (cost=0.00..61283.27 rows=2528527 width=4) (actual time=0.017..4449.436 rows=2528312 loops=1)
Planning time: 1.082 ms
Execution time: 129201.751 ms
