Hash Join  (cost=100899.57..854176.05 rows=4659 width=0) (actual time=25570.537..47641.321 rows=16799 loops=1)
  Hash Cond: (ci.movie_id = t.id)
  ->  Seq Scan on cast_info ci  (cost=0.00..705507.15 rows=12726058 width=4) (actual time=20996.798..40360.606 rows=12670688 loops=1)
        Filter: (role_id = 1)
        Rows Removed by Filter: 23573656
  ->  Hash  (cost=100887.99..100887.99 rows=926 width=8) (actual time=4571.943..4571.943 rows=1369 loops=1)
        Buckets: 2048 (originally 1024)  Batches: 1 (originally 1)  Memory Usage: 70kB
        ->  Hash Join  (cost=73990.33..100887.99 rows=926 width=8) (actual time=3035.778..4571.116 rows=1369 loops=1)
              Hash Cond: (mi_idx.movie_id = t.id)
              ->  Seq Scan on movie_info_idx mi_idx  (cost=0.00..25185.44 rows=454124 width=4) (actual time=0.041..1458.254 rows=459925 loops=1)
                    Filter: (info_type_id = 100)
                    Rows Removed by Filter: 920110
              ->  Hash  (cost=73925.90..73925.90 rows=5154 width=4) (actual time=3017.086..3017.086 rows=3618 loops=1)
                    Buckets: 8192  Batches: 1  Memory Usage: 192kB
                    ->  Seq Scan on title t  (cost=0.00..73925.90 rows=5154 width=4) (actual time=2.334..3014.967 rows=3618 loops=1)
                          Filter: ((kind_id = 3) AND (production_year = 2009))
                          Rows Removed by Filter: 2524694
Planning time: 11.384 ms
Execution time: 47646.572 ms
