Hash Join  (cost=450875.83..587903.20 rows=304951 width=0) (actual time=20838.523..27272.546 rows=1586516 loops=1)
  Hash Cond: (mk.movie_id = t.id)
  ->  Seq Scan on movie_keyword mk  (cost=0.00..69693.30 rows=4523930 width=4) (actual time=0.016..3391.606 rows=4523930 loops=1)
  ->  Hash  (cost=448079.28..448079.28 rows=170444 width=8) (actual time=20836.708..20836.708 rows=141930 loops=1)
        Buckets: 131072  Batches: 4  Memory Usage: 2401kB
        ->  Hash Join  (cost=68237.77..448079.28 rows=170444 width=8) (actual time=2815.808..20094.565 rows=141930 loops=1)
              Hash Cond: (mi.movie_id = t.id)
              ->  Seq Scan on movie_info mi  (cost=0.00..346232.03 rows=8508011 width=4) (actual time=361.041..14743.300 rows=8612226 loops=1)
                    Filter: (info_type_id < 9)
                    Rows Removed by Filter: 6223494
              ->  Hash  (cost=67604.59..67604.59 rows=50655 width=4) (actual time=2454.300..2454.300 rows=50564 loops=1)
                    Buckets: 65536  Batches: 1  Memory Usage: 2290kB
                    ->  Seq Scan on title t  (cost=0.00..67604.59 rows=50655 width=4) (actual time=0.028..2428.429 rows=50564 loops=1)
                          Filter: (production_year = 1999)
                          Rows Removed by Filter: 2477748
Planning time: 1.095 ms
Execution time: 27496.294 ms
