Hash Join  (cost=74456.54..441587.00 rows=247453 width=0) (actual time=1102.840..9425.147 rows=411711 loops=1)
  Hash Cond: (mi.movie_id = t.id)
  ->  Seq Scan on movie_info mi  (cost=0.00..309384.22 rows=14739122 width=4) (actual time=0.021..4524.204 rows=14835720 loops=1)
  ->  Hash  (cost=73925.90..73925.90 rows=42451 width=4) (actual time=1102.466..1102.466 rows=37610 loops=1)
        Buckets: 65536  Batches: 1  Memory Usage: 1835kB
        ->  Seq Scan on title t  (cost=0.00..73925.90 rows=42451 width=4) (actual time=0.090..1086.808 rows=37610 loops=1)
              Filter: ((kind_id < 3) AND (production_year = 2010))
              Rows Removed by Filter: 2490702
Planning time: 0.759 ms
Execution time: 9479.591 ms
