Hash Join  (cost=148691.77..609914.70 rows=490874 width=0) (actual time=3041.067..12982.808 rows=1452799 loops=1)
  Hash Cond: (mi.movie_id = t.id)
  ->  Seq Scan on movie_info mi  (cost=0.00..346232.03 rows=9476311 width=4) (actual time=0.019..6136.931 rows=9565151 loops=1)
        Filter: (info_type_id < 16)
        Rows Removed by Filter: 5270569
  ->  Hash  (cost=146542.54..146542.54 rows=130978 width=8) (actual time=3040.270..3040.270 rows=105763 loops=1)
        Buckets: 131072  Batches: 2  Memory Usage: 3100kB
        ->  Hash Join  (cost=69687.24..146542.54 rows=130978 width=8) (actual time=1154.825..3004.153 rows=105763 loops=1)
              Hash Cond: (mc.movie_id = t.id)
              ->  Seq Scan on movie_companies mc  (cost=0.00..44881.29 rows=2609129 width=4) (actual time=0.021..864.797 rows=2609129 loops=1)
              ->  Hash  (cost=67604.59..67604.59 rows=126932 width=4) (actual time=1154.070..1154.070 rows=122861 loops=1)
                    Buckets: 131072  Batches: 2  Memory Usage: 3191kB
                    ->  Seq Scan on title t  (cost=0.00..67604.59 rows=126932 width=4) (actual time=0.032..1109.617 rows=122861 loops=1)
                          Filter: (production_year = 2008)
                          Rows Removed by Filter: 2405451
Planning time: 1.194 ms
Execution time: 13167.041 ms
