Hash Join  (cost=74456.32..917333.90 rows=200492 width=0) (actual time=17018.691..46748.802 rows=223151 loops=1)
  Hash Cond: (ci.movie_id = t.id)
  ->  Seq Scan on cast_info ci  (cost=0.00..796071.18 rows=11947061 width=4) (actual time=14344.250..38913.438 rows=16070268 loops=1)
        Filter: ((person_id < 2176347) AND (role_id < 3))
        Rows Removed by Filter: 20174076
  ->  Hash  (cost=73925.90..73925.90 rows=42433 width=4) (actual time=2673.853..2673.853 rows=37411 loops=1)
        Buckets: 65536  Batches: 1  Memory Usage: 1828kB
        ->  Seq Scan on title t  (cost=0.00..73925.90 rows=42433 width=4) (actual time=0.035..2658.763 rows=37411 loops=1)
              Filter: ((kind_id = 1) AND (production_year = 2011))
              Rows Removed by Filter: 2490901
Planning time: 0.788 ms
Execution time: 46787.275 ms
