Hash Join  (cost=213188.69..1062615.26 rows=1076609 width=0) (actual time=34530.815..57195.189 rows=2062695 loops=1)
  Hash Cond: (ci.movie_id = t.id)
  ->  Seq Scan on cast_info ci  (cost=0.00..796071.18 rows=3413946 width=4) (actual time=23666.710..43276.419 rows=3618323 loops=1)
        Filter: ((person_id > 502828) AND (role_id = 3))
        Rows Removed by Filter: 32626021
  ->  Hash  (cost=200106.35..200106.35 rows=797387 width=8) (actual time=10862.793..10862.793 rows=1046651 loops=1)
        Buckets: 131072  Batches: 16  Memory Usage: 3617kB
        ->  Hash Join  (cost=85280.32..200106.35 rows=797387 width=8) (actual time=4600.899..10519.306 rows=1046651 loops=1)
              Hash Cond: (mk.movie_id = t.id)
              ->  Seq Scan on movie_keyword mk  (cost=0.00..81003.12 rows=1871476 width=4) (actual time=0.031..4280.898 rows=1880189 loops=1)
                    Filter: (keyword_id > 7287)
                    Rows Removed by Filter: 2643741
              ->  Hash  (cost=67604.59..67604.59 rows=1077339 width=4) (actual time=4599.996..4599.996 rows=1074765 loops=1)
                    Buckets: 131072  Batches: 16  Memory Usage: 3396kB
                    ->  Seq Scan on title t  (cost=0.00..67604.59 rows=1077339 width=4) (actual time=0.020..4146.288 rows=1074765 loops=1)
                          Filter: (production_year < 2001)
                          Rows Removed by Filter: 1453547
Planning time: 1.242 ms
Execution time: 57506.820 ms
