Seq Scan on movie_companies mc  (cost=0.00..57926.93 rows=317603 width=0) (actual time=1102.240..2401.172 rows=173281 loops=1)
  Filter: ((company_id < 774) AND (company_type_id > 1))
  Rows Removed by Filter: 2435848
Planning time: 3.251 ms
Execution time: 2424.270 ms
