Hash Join  (cost=71089.54..564106.31 rows=1238085 width=0) (actual time=3588.580..34611.241 rows=2344182 loops=1)
  Hash Cond: (mi.movie_id = t.id)
  ->  Seq Scan on movie_info mi  (cost=0.00..309384.22 rows=14739122 width=4) (actual time=0.019..21928.273 rows=14835720 loops=1)
  ->  Hash  (cost=67604.59..67604.59 rows=212396 width=4) (actual time=3575.899..3575.899 rows=211624 loops=1)
        Buckets: 131072  Batches: 4  Memory Usage: 2890kB
        ->  Seq Scan on title t  (cost=0.00..67604.59 rows=212396 width=4) (actual time=0.025..3495.377 rows=211624 loops=1)
              Filter: (production_year < 1957)
              Rows Removed by Filter: 2316688
Planning time: 0.788 ms
Execution time: 34944.830 ms
