Seq Scan on title t  (cost=0.00..73925.90 rows=841467 width=0) (actual time=0.035..1200.286 rows=921643 loops=1)
  Filter: ((production_year > 2000) AND (kind_id = 7))
  Rows Removed by Filter: 1606669
Planning time: 8.701 ms
Execution time: 1323.089 ms
