Hash Join  (cost=123872.41..560029.08 rows=551039 width=0) (actual time=6271.299..30738.201 rows=1638188 loops=1)
  Hash Cond: (mi.movie_id = t.id)
  ->  Seq Scan on movie_info mi  (cost=0.00..346232.03 rows=7235534 width=4) (actual time=0.019..20149.069 rows=7286865 loops=1)
        Filter: (info_type_id < 8)
        Rows Removed by Filter: 7548855
  ->  Hash  (cost=120712.33..120712.33 rows=192566 width=8) (actual time=6270.467..6270.467 rows=233750 loops=1)
        Buckets: 131072  Batches: 4  Memory Usage: 3303kB
        ->  Hash Join  (cost=79715.19..120712.33 rows=192566 width=8) (actual time=4073.550..6199.180 rows=233750 loops=1)
              Hash Cond: (mi_idx.movie_id = t.id)
              ->  Seq Scan on movie_info_idx mi_idx  (cost=0.00..21735.35 rows=1380035 width=4) (actual time=0.018..1323.334 rows=1380035 loops=1)
              ->  Hash  (cost=73925.90..73925.90 rows=352823 width=4) (actual time=4069.542..4069.542 rows=302088 loops=1)
                    Buckets: 131072  Batches: 8  Memory Usage: 2342kB
                    ->  Seq Scan on title t  (cost=0.00..73925.90 rows=352823 width=4) (actual time=0.019..3963.076 rows=302088 loops=1)
                          Filter: ((kind_id < 7) AND (production_year > 2006))
                          Rows Removed by Filter: 2226224
Planning time: 1.245 ms
Execution time: 30970.728 ms
