Hash Join  (cost=74246.92..440399.82 rows=149698 width=0) (actual time=3242.742..25594.700 rows=208288 loops=1)
  Hash Cond: (mi.movie_id = t.id)
  ->  Seq Scan on movie_info mi  (cost=0.00..309384.22 rows=14739122 width=4) (actual time=0.012..17591.764 rows=14835720 loops=1)
  ->  Hash  (cost=73925.90..73925.90 rows=25681 width=4) (actual time=3238.972..3238.972 rows=23707 loops=1)
        Buckets: 32768  Batches: 1  Memory Usage: 1090kB
        ->  Seq Scan on title t  (cost=0.00..73925.90 rows=25681 width=4) (actual time=0.032..3224.059 rows=23707 loops=1)
              Filter: ((kind_id < 7) AND (production_year = 2013))
              Rows Removed by Filter: 2504605
Planning time: 0.741 ms
Execution time: 25629.829 ms
