Nested Loop  (cost=0.43..83071.67 rows=246 width=0) (actual time=142.408..3483.671 rows=76 loops=1)
  ->  Seq Scan on movie_keyword mk  (cost=0.00..81003.12 rows=246 width=4) (actual time=142.305..3470.068 rows=76 loops=1)
        Filter: (keyword_id = 22335)
        Rows Removed by Filter: 4523854
  ->  Index Only Scan using title_pkey on title t  (cost=0.43..8.40 rows=1 width=4) (actual time=0.173..0.174 rows=1 loops=76)
        Index Cond: (id = mk.movie_id)
        Heap Fetches: 76
Planning time: 0.703 ms
Execution time: 3483.817 ms
