Seq Scan on movie_keyword mk  (cost=0.00..81003.12 rows=246 width=0) (actual time=15.852..3999.901 rows=696 loops=1)
  Filter: (keyword_id = 5058)
  Rows Removed by Filter: 4523234
Planning time: 0.405 ms
Execution time: 4000.370 ms
