Seq Scan on movie_keyword mk  (cost=0.00..81003.12 rows=4433853 width=0) (actual time=0.009..4892.329 rows=4435985 loops=1)
  Filter: (keyword_id < 85493)
  Rows Removed by Filter: 87945
Planning time: 1.037 ms
Execution time: 5628.186 ms
