Hash Join  (cost=93417.65..647118.19 rows=6925361 width=0) (actual time=4432.350..33129.350 rows=3021637 loops=1)
  Hash Cond: (mi.movie_id = t.id)
  ->  Seq Scan on movie_info mi  (cost=0.00..309384.22 rows=14739122 width=4) (actual time=0.016..18923.997 rows=14835720 loops=1)
  ->  Hash  (cost=73925.90..73925.90 rows=1188060 width=4) (actual time=4431.637..4431.637 rows=1276679 loops=1)
        Buckets: 131072  Batches: 16  Memory Usage: 3846kB
        ->  Seq Scan on title t  (cost=0.00..73925.90 rows=1188060 width=4) (actual time=635.181..3886.701 rows=1276679 loops=1)
              Filter: ((production_year > 1979) AND (kind_id = 7))
              Rows Removed by Filter: 1251633
Planning time: 0.792 ms
Execution time: 33508.739 ms
