Hash Join  (cost=217858.32..1155838.40 rows=4273846 width=0) (actual time=15334.010..46021.921 rows=3116396 loops=1)
  Hash Cond: (ci.movie_id = t.id)
  ->  Seq Scan on cast_info ci  (cost=0.00..796071.18 rows=8127586 width=4) (actual time=5408.383..31757.469 rows=4136792 loops=1)
        Filter: ((person_id > 2164811) AND (role_id < 3))
        Rows Removed by Filter: 32107552
  ->  Hash  (cost=196044.17..196044.17 rows=1329612 width=8) (actual time=9924.124..9924.124 rows=1334883 loops=1)
        Buckets: 131072  Batches: 32  Memory Usage: 2639kB
        ->  Hash Join  (cost=102767.86..196044.17 rows=1329612 width=8) (actual time=4995.784..9479.515 rows=1334883 loops=1)
              Hash Cond: (mc.movie_id = t.id)
              ->  Seq Scan on movie_companies mc  (cost=0.00..51404.11 rows=1329612 width=4) (actual time=0.038..2692.731 rows=1334883 loops=1)
                    Filter: (company_type_id = 2)
                    Rows Removed by Filter: 1274246
              ->  Hash  (cost=61283.27..61283.27 rows=2528527 width=4) (actual time=4994.424..4994.424 rows=2528312 loops=1)
                    Buckets: 131072  Batches: 64  Memory Usage: 2415kB
                    ->  Seq Scan on title t  (cost=0.00..61283.27 rows=2528527 width=4) (actual time=0.020..3921.368 rows=2528312 loops=1)
Planning time: 1.112 ms
Execution time: 46423.487 ms
