Hash Join  (cost=85000.09..572873.95 rows=2607249 width=0) (actual time=5384.695..31756.174 rows=1273739 loops=1)
  Hash Cond: (mi.movie_id = t.id)
  ->  Seq Scan on movie_info mi  (cost=0.00..346232.03 rows=9767026 width=4) (actual time=3.772..21265.167 rows=9911754 loops=1)
        Filter: (info_type_id > 4)
        Rows Removed by Filter: 4923966
  ->  Hash  (cost=73925.90..73925.90 rows=674975 width=4) (actual time=4447.494..4447.494 rows=739679 loops=1)
        Buckets: 131072  Batches: 16  Memory Usage: 2660kB
        ->  Seq Scan on title t  (cost=0.00..73925.90 rows=674975 width=4) (actual time=0.018..4134.106 rows=739679 loops=1)
              Filter: ((production_year > 2004) AND (kind_id = 7))
              Rows Removed by Filter: 1788633
Planning time: 0.793 ms
Execution time: 31920.875 ms
