Seq Scan on movie_keyword mk  (cost=0.00..81003.12 rows=719618 width=0) (actual time=0.017..4215.167 rows=722988 loops=1)
  Filter: (keyword_id > 25929)
  Rows Removed by Filter: 3800942
Planning time: 0.289 ms
Execution time: 4331.817 ms
