Hash Join  (cost=194296.57..332590.05 rows=1337144 width=0) (actual time=9237.941..17698.732 rows=5231170 loops=1)
  Hash Cond: (mk.movie_id = t.id)
  ->  Seq Scan on movie_keyword mk  (cost=0.00..69693.30 rows=4523930 width=4) (actual time=0.023..4519.101 rows=4523930 loops=1)
  ->  Hash  (cost=182034.57..182034.57 rows=747360 width=8) (actual time=9236.712..9236.712 rows=752084 loops=1)
        Buckets: 131072  Batches: 16  Memory Usage: 2884kB
        ->  Hash Join  (cost=102767.86..182034.57 rows=747360 width=8) (actual time=5079.643..8974.965 rows=752084 loops=1)
              Hash Cond: (mc.movie_id = t.id)
              ->  Seq Scan on movie_companies mc  (cost=0.00..51404.11 rows=747360 width=4) (actual time=0.015..2630.085 rows=752084 loops=1)
                    Filter: (company_id > 36705)
                    Rows Removed by Filter: 1857045
              ->  Hash  (cost=61283.27..61283.27 rows=2528527 width=4) (actual time=5075.243..5075.243 rows=2528312 loops=1)
                    Buckets: 131072  Batches: 64  Memory Usage: 2415kB
                    ->  Seq Scan on title t  (cost=0.00..61283.27 rows=2528527 width=4) (actual time=0.014..4000.549 rows=2528312 loops=1)
Planning time: 2.056 ms
Execution time: 18323.364 ms
