Seq Scan on title t  (cost=0.00..67604.59 rows=1265018 width=0) (actual time=0.013..1289.081 rows=1263700 loops=1)
  Filter: (production_year < 2004)
  Rows Removed by Filter: 1264612
Planning time: 0.360 ms
Execution time: 1454.531 ms
