Hash Join  (cost=422241.09..1174031.99 rows=100171 width=0) (actual time=20059.381..60516.670 rows=114175 loops=1)
  Hash Cond: (ci.movie_id = t.id)
  ->  Seq Scan on cast_info ci  (cost=0.00..614943.12 rows=36225612 width=4) (actual time=0.013..31068.675 rows=36244344 loops=1)
  ->  Hash  (cost=422153.69..422153.69 rows=6992 width=8) (actual time=20058.789..20058.789 rows=3072 loops=1)
        Buckets: 8192  Batches: 1  Memory Usage: 184kB
        ->  Hash Join  (cost=74574.97..422153.69 rows=6992 width=8) (actual time=3821.810..20057.191 rows=3072 loops=1)
              Hash Cond: (mi.movie_id = t.id)
              ->  Seq Scan on movie_info mi  (cost=0.00..346232.03 rows=340474 width=4) (actual time=415.878..16529.761 rows=328857 loops=1)
                    Filter: (info_type_id = 98)
                    Rows Removed by Filter: 14506863
              ->  Hash  (cost=73925.90..73925.90 rows=51925 width=4) (actual time=3405.301..3405.301 rows=56480 loops=1)
                    Buckets: 65536  Batches: 1  Memory Usage: 2498kB
                    ->  Seq Scan on title t  (cost=0.00..73925.90 rows=51925 width=4) (actual time=0.065..3380.057 rows=56480 loops=1)
                          Filter: ((kind_id = 7) AND (production_year = 2004))
                          Rows Removed by Filter: 2471832
Planning time: 1.184 ms
Execution time: 60545.168 ms
