Hash Join  (cost=85954.24..969414.49 rows=1694616 width=0) (actual time=11911.201..46636.861 rows=747756 loops=1)
  Hash Cond: (ci.movie_id = t.id)
  ->  Seq Scan on cast_info ci  (cost=0.00..796071.18 rows=5844508 width=4) (actual time=7048.137..39984.792 rows=2616962 loops=1)
        Filter: ((person_id < 2262227) AND (role_id > 4))
        Rows Removed by Filter: 33627382
  ->  Hash  (cost=73925.90..73925.90 rows=733147 width=4) (actual time=4857.499..4857.499 rows=800171 loops=1)
        Buckets: 131072  Batches: 16  Memory Usage: 2789kB
        ->  Seq Scan on title t  (cost=0.00..73925.90 rows=733147 width=4) (actual time=0.035..4527.660 rows=800171 loops=1)
              Filter: ((kind_id > 4) AND (production_year > 2003))
              Rows Removed by Filter: 1728141
Planning time: 8.139 ms
Execution time: 46723.068 ms
