Hash Join  (cost=797959.41..1152422.07 rows=82 width=0) (actual time=34632.842..46206.904 rows=22 loops=1)
  Hash Cond: (mi.movie_id = t.id)
  ->  Seq Scan on movie_info mi  (cost=0.00..346232.03 rows=2194617 width=4) (actual time=2304.532..13712.499 rows=2233850 loops=1)
        Filter: (info_type_id > 16)
        Rows Removed by Filter: 12601870
  ->  Hash  (cost=797958.22..797958.22 rows=95 width=8) (actual time=32152.208..32152.208 rows=42 loops=1)
        Buckets: 1024  Batches: 1  Memory Usage: 10kB
        ->  Nested Loop  (cost=0.43..797958.22 rows=95 width=8) (actual time=315.709..32152.171 rows=42 loops=1)
              ->  Seq Scan on cast_info ci  (cost=0.00..796071.18 rows=224 width=4) (actual time=315.650..32131.100 rows=83 loops=1)
                    Filter: ((role_id > 2) AND (person_id = 3432689))
                    Rows Removed by Filter: 36244261
              ->  Index Scan using title_pkey on title t  (cost=0.43..8.41 rows=1 width=4) (actual time=0.253..0.253 rows=1 loops=83)
                    Index Cond: (id = ci.movie_id)
                    Filter: (production_year < 2001)
                    Rows Removed by Filter: 0
Planning time: 12.674 ms
Execution time: 46207.066 ms
