Hash Join  (cost=192590.39..1330185.48 rows=10103693 width=0) (actual time=9146.397..75674.077 rows=18213047 loops=1)
  Hash Cond: (ci.movie_id = t.id)
  ->  Seq Scan on cast_info ci  (cost=0.00..614943.12 rows=36225612 width=4) (actual time=0.017..38335.561 rows=36244344 loops=1)
  ->  Hash  (cost=181019.99..181019.99 rows=705232 width=8) (actual time=9145.479..9145.479 rows=710402 loops=1)
        Buckets: 131072  Batches: 16  Memory Usage: 2766kB
        ->  Hash Join  (cost=102767.86..181019.99 rows=705232 width=8) (actual time=5139.487..8925.995 rows=710402 loops=1)
              Hash Cond: (mc.movie_id = t.id)
              ->  Seq Scan on movie_companies mc  (cost=0.00..51404.11 rows=705232 width=4) (actual time=16.022..2698.546 rows=710402 loops=1)
                    Filter: (company_id > 43863)
                    Rows Removed by Filter: 1898727
              ->  Hash  (cost=61283.27..61283.27 rows=2528527 width=4) (actual time=5121.716..5121.716 rows=2528312 loops=1)
                    Buckets: 131072  Batches: 64  Memory Usage: 2415kB
                    ->  Seq Scan on title t  (cost=0.00..61283.27 rows=2528527 width=4) (actual time=0.023..4070.625 rows=2528312 loops=1)
Planning time: 1.291 ms
Execution time: 77978.449 ms
