Seq Scan on movie_keyword mk  (cost=0.00..81003.12 rows=760428 width=0) (actual time=0.022..4392.011 rows=767507 loops=1)
  Filter: (keyword_id > 24387)
  Rows Removed by Filter: 3756423
Planning time: 0.295 ms
Execution time: 4498.455 ms
