Seq Scan on movie_keyword mk  (cost=0.00..81003.12 rows=2890815 width=0) (actual time=0.018..4551.832 rows=2880334 loops=1)
  Filter: (keyword_id < 8975)
  Rows Removed by Filter: 1643596
Planning time: 0.340 ms
Execution time: 5062.561 ms
