Hash Join  (cost=83810.17..159078.80 rows=340447 width=0) (actual time=4950.175..9551.499 rows=804829 loops=1)
  Hash Cond: (mc.movie_id = t.id)
  ->  Seq Scan on movie_companies mc  (cost=0.00..57926.93 rows=871525 width=4) (actual time=0.017..3035.931 rows=1073442 loops=1)
        Filter: ((company_id > 2805) AND (company_type_id = 2))
        Rows Removed by Filter: 1535687
  ->  Hash  (cost=67604.59..67604.59 rows=987727 width=4) (actual time=4949.111..4949.111 rows=985048 loops=1)
        Buckets: 131072  Batches: 16  Memory Usage: 3188kB
        ->  Seq Scan on title t  (cost=0.00..67604.59 rows=987727 width=4) (actual time=0.018..4033.530 rows=985048 loops=1)
              Filter: (kind_id < 7)
              Rows Removed by Filter: 1543264
Planning time: 0.852 ms
Execution time: 9656.009 ms
