Hash Join  (cost=175027.18..1031850.57 rows=3533149 width=0) (actual time=11108.510..58199.496 rows=7549952 loops=1)
  Hash Cond: (ci.movie_id = t.id)
  ->  Seq Scan on cast_info ci  (cost=0.00..705507.15 rows=9720465 width=4) (actual time=1547.595..39313.978 rows=9537327 loops=1)
        Filter: (person_id < 937792)
        Rows Removed by Filter: 26707017
  ->  Hash  (cost=159947.97..159947.97 rows=919057 width=8) (actual time=9559.613..9559.613 rows=920110 loops=1)
        Buckets: 131072  Batches: 16  Memory Usage: 3269kB
        ->  Hash Join  (cost=102767.86..159947.97 rows=919057 width=8) (actual time=6183.568..9239.713 rows=920110 loops=1)
              Hash Cond: (mi_idx.movie_id = t.id)
              ->  Seq Scan on movie_info_idx mi_idx  (cost=0.00..25185.44 rows=919057 width=4) (actual time=0.028..1625.030 rows=920110 loops=1)
                    Filter: (info_type_id > 99)
                    Rows Removed by Filter: 459925
              ->  Hash  (cost=61283.27..61283.27 rows=2528527 width=4) (actual time=6182.646..6182.646 rows=2528312 loops=1)
                    Buckets: 131072  Batches: 64  Memory Usage: 2415kB
                    ->  Seq Scan on title t  (cost=0.00..61283.27 rows=2528527 width=4) (actual time=0.015..4811.916 rows=2528312 loops=1)
Planning time: 1.066 ms
Execution time: 59268.762 ms
