Hash Join  (cost=110878.98..179869.71 rows=50230 width=0) (actual time=6229.818..10133.261 rows=103842 loops=1)
  Hash Cond: (mc.movie_id = t.id)
  ->  Seq Scan on movie_companies mc  (cost=0.00..51404.11 rows=1447817 width=4) (actual time=0.015..3270.957 rows=1438977 loops=1)
        Filter: (company_id < 12811)
        Rows Removed by Filter: 1170152
  ->  Hash  (cost=109439.43..109439.43 rows=87724 width=8) (actual time=6228.988..6228.988 rows=62055 loops=1)
        Buckets: 131072  Batches: 2  Memory Usage: 2230kB
        ->  Hash Join  (cost=70241.71..109439.43 rows=87724 width=8) (actual time=3984.944..6185.886 rows=62055 loops=1)
              Hash Cond: (mi_idx.movie_id = t.id)
              ->  Seq Scan on movie_info_idx mi_idx  (cost=0.00..21735.35 rows=1380035 width=4) (actual time=0.018..1485.491 rows=1380035 loops=1)
              ->  Hash  (cost=67604.59..67604.59 rows=160730 width=4) (actual time=3983.867..3983.867 rows=160017 loops=1)
                    Buckets: 131072  Batches: 4  Memory Usage: 2436kB
                    ->  Seq Scan on title t  (cost=0.00..67604.59 rows=160730 width=4) (actual time=0.026..3725.950 rows=160017 loops=1)
                          Filter: (production_year = 2011)
                          Rows Removed by Filter: 2368295
Planning time: 1.061 ms
Execution time: 10148.060 ms
