Seq Scan on movie_companies mc  (cost=0.00..57926.93 rows=1121593 width=0) (actual time=0.024..1162.267 rows=923323 loops=1)
  Filter: ((company_id < 80884) AND (company_type_id > 1))
  Rows Removed by Filter: 1685806
Planning time: 1.163 ms
Execution time: 1274.589 ms
