Hash Join  (cost=102767.86..1508697.85 rows=24934204 width=0) (actual time=6349.096..86101.275 rows=27091694 loops=1)
  Hash Cond: (ci.movie_id = t.id)
  ->  Seq Scan on cast_info ci  (cost=0.00..796071.18 rows=24934204 width=4) (actual time=0.019..50647.555 rows=27091694 loops=1)
        Filter: ((person_id < 2911479) AND (role_id < 10))
        Rows Removed by Filter: 9152650
  ->  Hash  (cost=61283.27..61283.27 rows=2528527 width=4) (actual time=6347.706..6347.706 rows=2528312 loops=1)
        Buckets: 131072  Batches: 64  Memory Usage: 2415kB
        ->  Seq Scan on title t  (cost=0.00..61283.27 rows=2528527 width=4) (actual time=0.015..4936.545 rows=2528312 loops=1)
Planning time: 6.350 ms
Execution time: 89501.580 ms
