Hash Join  (cost=240682.14..1598456.80 rows=27129248 width=0) (actual time=11667.260..91707.894 rows=57985519 loops=1)
  Hash Cond: (ci.movie_id = t.id)
  ->  Seq Scan on cast_info ci  (cost=0.00..614943.12 rows=36225612 width=4) (actual time=0.023..38876.776 rows=36244344 loops=1)
  ->  Hash  (cost=209615.07..209615.07 rows=1893606 width=8) (actual time=11665.960..11665.960 rows=1904688 loops=1)
        Buckets: 131072  Batches: 32  Memory Usage: 3330kB
        ->  Hash Join  (cost=102767.86..209615.07 rows=1893606 width=8) (actual time=5285.018..11067.969 rows=1904688 loops=1)
              Hash Cond: (mc.movie_id = t.id)
              ->  Seq Scan on movie_companies mc  (cost=0.00..51404.11 rows=1893606 width=4) (actual time=0.031..3394.480 rows=1904688 loops=1)
                    Filter: (company_id > 1310)
                    Rows Removed by Filter: 704441
              ->  Hash  (cost=61283.27..61283.27 rows=2528527 width=4) (actual time=5283.966..5283.966 rows=2528312 loops=1)
                    Buckets: 131072  Batches: 64  Memory Usage: 2415kB
                    ->  Seq Scan on title t  (cost=0.00..61283.27 rows=2528527 width=4) (actual time=0.016..4244.925 rows=2528312 loops=1)
Planning time: 1.135 ms
Execution time: 99076.675 ms
