Hash Join  (cost=874893.32..961711.59 rows=16024 width=0) (actual time=36934.553..39516.661 rows=152667 loops=1)
  Hash Cond: (mk.movie_id = t.id)
  ->  Seq Scan on movie_keyword mk  (cost=0.00..69693.30 rows=4523930 width=4) (actual time=0.025..1654.013 rows=4523930 loops=1)
  ->  Hash  (cost=874781.37..874781.37 rows=8956 width=8) (actual time=36934.374..36934.374 rows=17123 loops=1)
        Buckets: 32768 (originally 16384)  Batches: 1 (originally 1)  Memory Usage: 925kB
        ->  Hash Join  (cost=75470.43..874781.37 rows=8956 width=8) (actual time=11846.341..36916.996 rows=17123 loops=1)
              Hash Cond: (ci.movie_id = t.id)
              ->  Seq Scan on cast_info ci  (cost=0.00..796071.18 rows=240586 width=4) (actual time=8430.110..33364.989 rows=126773 loops=1)
                    Filter: ((person_id < 938394) AND (role_id = 5))
                    Rows Removed by Filter: 36117571
              ->  Hash  (cost=73925.90..73925.90 rows=94122 width=4) (actual time=3412.865..3412.865 rows=222154 loops=1)
                    Buckets: 131072 (originally 131072)  Batches: 4 (originally 2)  Memory Usage: 3073kB
                    ->  Seq Scan on title t  (cost=0.00..73925.90 rows=94122 width=4) (actual time=3.018..3330.043 rows=222154 loops=1)
                          Filter: ((production_year < 1969) AND (kind_id = 1))
                          Rows Removed by Filter: 2306158
Planning time: 4.958 ms
Execution time: 39536.215 ms
