Hash Join  (cost=102477.73..469240.95 rows=210727 width=0) (actual time=1924.214..9888.765 rows=188877 loops=1)
  Hash Cond: (mi.movie_id = t.id)
  ->  Seq Scan on movie_info mi  (cost=0.00..309384.22 rows=14739122 width=4) (actual time=0.006..4631.363 rows=14835720 loops=1)
  ->  Hash  (cost=102025.85..102025.85 rows=36151 width=8) (actual time=1921.468..1921.468 rows=21105 loops=1)
        Buckets: 65536  Batches: 1  Memory Usage: 1337kB
        ->  Hash Join  (cost=74753.85..102025.85 rows=36151 width=8) (actual time=1275.349..1913.472 rows=21105 loops=1)
              Hash Cond: (mi_idx.movie_id = t.id)
              ->  Seq Scan on movie_info_idx mi_idx  (cost=0.00..21735.35 rows=1380035 width=4) (actual time=0.021..312.685 rows=1380035 loops=1)
              ->  Hash  (cost=73925.90..73925.90 rows=66236 width=4) (actual time=1274.398..1274.398 rows=74971 loops=1)
                    Buckets: 131072  Batches: 1  Memory Usage: 3660kB
                    ->  Seq Scan on title t  (cost=0.00..73925.90 rows=66236 width=4) (actual time=0.056..1244.258 rows=74971 loops=1)
                          Filter: ((kind_id > 4) AND (production_year = 2006))
                          Rows Removed by Filter: 2453341
Planning time: 1.178 ms
Execution time: 9913.708 ms
