Seq Scan on title t  (cost=0.00..73925.90 rows=288817 width=0) (actual time=0.024..984.242 rows=423547 loops=1)
  Filter: ((kind_id < 4) AND (production_year < 1996))
  Rows Removed by Filter: 2104765
Planning time: 0.341 ms
Execution time: 1037.199 ms
