Hash Join  (cost=1077839.98..1872845.56 rows=24360294 width=0) (actual time=27392.748..76822.555 rows=130101969 loops=1)
  Hash Cond: (mi.movie_id = t.id)
  ->  Seq Scan on movie_info mi  (cost=0.00..309384.22 rows=14739122 width=4) (actual time=0.012..6504.299 rows=14835720 loops=1)
  ->  Hash  (cost=1009276.75..1009276.75 rows=4179059 width=8) (actual time=27390.246..27390.246 rows=9330446 loops=1)
        Buckets: 131072 (originally 131072)  Batches: 128 (originally 64)  Memory Usage: 3875kB
        ->  Hash Join  (cost=102767.86..1009276.75 rows=4179059 width=8) (actual time=1925.832..24315.819 rows=9330446 loops=1)
              Hash Cond: (ci.movie_id = t.id)
              ->  Seq Scan on cast_info ci  (cost=0.00..796071.18 rows=4179059 width=4) (actual time=0.014..13446.804 rows=9330446 loops=1)
                    Filter: ((person_id > 2769061) AND (role_id > 2))
                    Rows Removed by Filter: 26913898
              ->  Hash  (cost=61283.27..61283.27 rows=2528527 width=4) (actual time=1924.893..1924.893 rows=2528312 loops=1)
                    Buckets: 131072  Batches: 64  Memory Usage: 2415kB
                    ->  Seq Scan on title t  (cost=0.00..61283.27 rows=2528527 width=4) (actual time=0.020..1091.883 rows=2528312 loops=1)
Planning time: 2.593 ms
Execution time: 90987.746 ms
