Seq Scan on movie_keyword mk  (cost=0.00..81003.12 rows=174905 width=0) (actual time=0.018..1383.776 rows=171127 loops=1)
  Filter: (keyword_id > 72105)
  Rows Removed by Filter: 4352803
Planning time: 0.325 ms
Execution time: 1407.978 ms
