Seq Scan on movie_companies mc  (cost=0.00..57926.93 rows=418376 width=0) (actual time=58.306..965.025 rows=745543 loops=1)
  Filter: ((company_id > 27376) AND (company_type_id = 2))
  Rows Removed by Filter: 1863586
Planning time: 0.393 ms
Execution time: 1056.231 ms
