Hash Join  (cost=81437.64..213419.78 rows=819110 width=0) (actual time=2979.473..4458.987 rows=171072 loops=1)
  Hash Cond: (mk.movie_id = t.id)
  ->  Seq Scan on movie_keyword mk  (cost=0.00..69693.30 rows=4523930 width=4) (actual time=0.015..1346.080 rows=4523930 loops=1)
  ->  Hash  (cost=73925.90..73925.90 rows=457819 width=4) (actual time=1380.063..1380.063 rows=344212 loops=1)
        Buckets: 131072  Batches: 8  Memory Usage: 2529kB
        ->  Seq Scan on title t  (cost=0.00..73925.90 rows=457819 width=4) (actual time=0.015..1171.988 rows=344212 loops=1)
              Filter: ((production_year < 1993) AND (kind_id = 7))
              Rows Removed by Filter: 2184100
Planning time: 0.725 ms
Execution time: 4477.217 ms
