Hash Join  (cost=69484.36..132847.47 rows=18799 width=0) (actual time=1198.456..2400.280 rows=12921 loops=1)
  Hash Cond: (mc.movie_id = t.id)
  ->  Seq Scan on movie_companies mc  (cost=0.00..57926.93 rows=414983 width=4) (actual time=0.027..955.754 rows=594915 loops=1)
        Filter: ((company_id < 2222) AND (company_type_id < 2))
        Rows Removed by Filter: 2014214
  ->  Hash  (cost=67604.59..67604.59 rows=114542 width=4) (actual time=1197.637..1197.637 rows=118234 loops=1)
        Buckets: 131072  Batches: 2  Memory Usage: 3101kB
        ->  Seq Scan on title t  (cost=0.00..67604.59 rows=114542 width=4) (actual time=253.131..1156.613 rows=118234 loops=1)
              Filter: (kind_id = 4)
              Rows Removed by Filter: 2410078
Planning time: 0.757 ms
Execution time: 2402.573 ms
