Seq Scan on cast_info ci  (cost=0.00..796071.18 rows=435 width=0) (actual time=10052.854..14221.542 rows=180 loops=1)
  Filter: ((role_id < 10) AND (person_id = 790222))
  Rows Removed by Filter: 36244164
Planning time: 0.347 ms
Execution time: 14221.691 ms
