Seq Scan on movie_companies mc  (cost=0.00..51404.11 rows=1927618 width=0) (actual time=0.026..998.642 rows=1921914 loops=1)
  Filter: (company_id < 47506)
  Rows Removed by Filter: 687215
Planning time: 0.332 ms
Execution time: 1239.133 ms
