Hash Join  (cost=170015.27..540536.21 rows=92224 width=0) (actual time=5461.422..10180.762 rows=1 loops=1)
  Hash Cond: (mi.movie_id = t.id)
  ->  Seq Scan on movie_info mi  (cost=0.00..346232.03 rows=6231111 width=4) (actual time=561.617..6384.010 rows=6223494 loops=1)
        Filter: (info_type_id > 8)
        Rows Removed by Filter: 8612226
  ->  Hash  (cost=169547.47..169547.47 rows=37424 width=8) (actual time=2729.794..2729.794 rows=1 loops=1)
        Buckets: 65536  Batches: 1  Memory Usage: 513kB
        ->  Hash Join  (cost=75367.73..169547.47 rows=37424 width=8) (actual time=2182.581..2729.771 rows=1 loops=1)
              Hash Cond: (mk.movie_id = t.id)
              ->  Seq Scan on movie_keyword mk  (cost=0.00..81003.12 rows=1077434 width=4) (actual time=0.033..1459.759 rows=1088237 loops=1)
                    Filter: (keyword_id > 16264)
                    Rows Removed by Filter: 3435693
              ->  Hash  (cost=73925.90..73925.90 rows=87826 width=4) (actual time=943.402..943.402 rows=37 loops=1)
                    Buckets: 131072  Batches: 2  Memory Usage: 1031kB
                    ->  Seq Scan on title t  (cost=0.00..73925.90 rows=87826 width=4) (actual time=326.924..943.187 rows=37 loops=1)
                          Filter: ((production_year < 1942) AND (kind_id = 7))
                          Rows Removed by Filter: 2528275
Planning time: 0.772 ms
Execution time: 10180.900 ms
