Seq Scan on movie_keyword mk  (cost=0.00..81003.12 rows=2205192 width=0) (actual time=0.019..1201.254 rows=2203742 loops=1)
  Filter: (keyword_id > 5058)
  Rows Removed by Filter: 2320188
Planning time: 0.338 ms
Execution time: 1441.782 ms
