Nested Loop  (cost=44377.22..431294.25 rows=9790 width=0) (actual time=6211.271..6762.126 rows=20124 loops=1)
  Join Filter: (mi.movie_id = t.id)
  ->  Hash Join  (cost=44376.79..399813.99 rows=53320 width=8) (actual time=6211.212..6533.361 rows=20124 loops=1)
        Hash Cond: (mi.movie_id = mi_idx.movie_id)
        ->  Seq Scan on movie_info mi  (cost=0.00..346232.03 rows=17937 width=4) (actual time=5330.389..5444.884 rows=6590 loops=1)
              Filter: (info_type_id = 71)
              Rows Removed by Filter: 14829130
        ->  Hash  (cost=21735.35..21735.35 rows=1380035 width=4) (actual time=878.550..878.550 rows=1380035 loops=1)
              Buckets: 131072  Batches: 32  Memory Usage: 2557kB
              ->  Seq Scan on movie_info_idx mi_idx  (cost=0.00..21735.35 rows=1380035 width=4) (actual time=0.021..441.469 rows=1380035 loops=1)
  ->  Index Only Scan using title_pkey on title t  (cost=0.43..0.58 rows=1 width=4) (actual time=0.011..0.011 rows=1 loops=20124)
        Index Cond: (id = mi_idx.movie_id)
        Heap Fetches: 20124
Planning time: 1.153 ms
Execution time: 6767.717 ms
