Seq Scan on cast_info ci  (cost=0.00..796071.18 rows=224 width=0) (actual time=12173.745..14957.390 rows=117 loops=1)
  Filter: ((role_id > 2) AND (person_id = 3215009))
  Rows Removed by Filter: 36244227
Planning time: 0.406 ms
Execution time: 14957.541 ms
