Hash Join  (cost=74434.21..898188.83 rows=113840 width=0) (actual time=974.615..15800.741 rows=51925 loops=1)
  Hash Cond: (ci.movie_id = t.id)
  ->  Seq Scan on cast_info ci  (cost=0.00..796071.18 rows=7078680 width=4) (actual time=0.037..13570.359 rows=4395084 loops=1)
        Filter: ((person_id < 1552927) AND (role_id > 2))
        Rows Removed by Filter: 31849260
  ->  Hash  (cost=73925.90..73925.90 rows=40664 width=4) (actual time=973.882..973.882 rows=40257 loops=1)
        Buckets: 65536  Batches: 1  Memory Usage: 1928kB
        ->  Seq Scan on title t  (cost=0.00..73925.90 rows=40664 width=4) (actual time=0.022..957.910 rows=40257 loops=1)
              Filter: ((production_year > 2012) AND (kind_id = 7))
              Rows Removed by Filter: 2488055
Planning time: 0.783 ms
Execution time: 15808.669 ms
