Hash Join  (cost=222060.45..308926.26 rows=857129 width=0) (actual time=4435.701..6468.991 rows=545147 loops=1)
  Hash Cond: (mc.movie_id = t.id)
  ->  Seq Scan on movie_companies mc  (cost=0.00..44881.29 rows=2609129 width=4) (actual time=0.015..931.319 rows=2609129 loops=1)
  ->  Hash  (cost=208432.32..208432.32 rows=830650 width=8) (actual time=4424.741..4424.741 rows=231232 loops=1)
        Buckets: 131072  Batches: 16  Memory Usage: 1604kB
        ->  Hash Join  (cost=95541.49..208432.32 rows=830650 width=8) (actual time=2660.539..4351.046 rows=231232 loops=1)
              Hash Cond: (mk.movie_id = t.id)
              ->  Seq Scan on movie_keyword mk  (cost=0.00..81003.12 rows=1594188 width=4) (actual time=0.016..1460.925 rows=1607838 loops=1)
                    Filter: (keyword_id > 9472)
                    Rows Removed by Filter: 2916092
              ->  Hash  (cost=73925.90..73925.90 rows=1317487 width=4) (actual time=1834.190..1834.190 rows=1399348 loops=1)
                    Buckets: 131072  Batches: 32  Memory Usage: 2569kB
                    ->  Seq Scan on title t  (cost=0.00..73925.90 rows=1317487 width=4) (actual time=303.923..1390.703 rows=1399348 loops=1)
                          Filter: ((production_year > 1964) AND (kind_id = 7))
                          Rows Removed by Filter: 1128964
Planning time: 0.830 ms
Execution time: 6518.527 ms
