Hash Join  (cost=249048.51..1192604.92 rows=5478105 width=0) (actual time=16967.691..19961.641 rows=287228 loops=1)
  Hash Cond: (ci.movie_id = t.id)
  ->  Seq Scan on cast_info ci  (cost=0.00..796071.18 rows=6595037 width=4) (actual time=11146.140..13506.544 rows=176846 loops=1)
        Filter: ((person_id > 1712845) AND (role_id < 2))
        Rows Removed by Filter: 36067498
  ->  Hash  (cost=214589.80..214589.80 rows=2100297 width=8) (actual time=5820.101..5820.101 rows=2095040 loops=1)
        Buckets: 131072  Batches: 32  Memory Usage: 3543kB
        ->  Hash Join  (cost=102767.86..214589.80 rows=2100297 width=8) (actual time=1972.922..5241.928 rows=2095040 loops=1)
              Hash Cond: (mc.movie_id = t.id)
              ->  Seq Scan on movie_companies mc  (cost=0.00..51404.11 rows=2100297 width=4) (actual time=0.040..1198.864 rows=2095040 loops=1)
                    Filter: (company_id < 73644)
                    Rows Removed by Filter: 514089
              ->  Hash  (cost=61283.27..61283.27 rows=2528527 width=4) (actual time=1971.707..1971.707 rows=2528312 loops=1)
                    Buckets: 131072  Batches: 64  Memory Usage: 2415kB
                    ->  Seq Scan on title t  (cost=0.00..61283.27 rows=2528527 width=4) (actual time=0.022..1127.636 rows=2528312 loops=1)
Planning time: 1.165 ms
Execution time: 19989.842 ms
