Seq Scan on movie_keyword mk  (cost=0.00..81003.12 rows=246 width=0) (actual time=126.699..1370.750 rows=8 loops=1)
  Filter: (keyword_id = 19056)
  Rows Removed by Filter: 4523922
Planning time: 0.359 ms
Execution time: 1370.837 ms
