Hash Join  (cost=28269.77..82937.81 rows=252 width=0) (actual time=430.944..1538.502 rows=3788 loops=1)
  Hash Cond: (mc.movie_id = t.id)
  ->  Seq Scan on movie_companies mc  (cost=0.00..44881.29 rows=2609129 width=4) (actual time=0.022..671.287 rows=2609129 loops=1)
  ->  Hash  (cost=28266.72..28266.72 rows=244 width=8) (actual time=426.368..426.368 rows=111 loops=1)
        Buckets: 1024  Batches: 1  Memory Usage: 13kB
        ->  Nested Loop  (cost=0.43..28266.72 rows=244 width=8) (actual time=342.074..426.301 rows=111 loops=1)
              ->  Seq Scan on movie_info_idx mi_idx  (cost=0.00..25185.44 rows=368 width=4) (actual time=342.001..421.246 rows=260 loops=1)
                    Filter: (info_type_id > 101)
                    Rows Removed by Filter: 1379775
              ->  Index Scan using title_pkey on title t  (cost=0.43..8.36 rows=1 width=4) (actual time=0.019..0.019 rows=0 loops=260)
                    Index Cond: (id = mi_idx.movie_id)
                    Filter: (production_year > 1993)
                    Rows Removed by Filter: 1
Planning time: 1.118 ms
Execution time: 1539.192 ms
