Hash Join  (cost=78058.28..573530.05 rows=1468184 width=0) (actual time=1335.267..14812.514 rows=4109055 loops=1)
  Hash Cond: (mi.movie_id = t.id)
  ->  Seq Scan on movie_info mi  (cost=0.00..309384.22 rows=14739122 width=4) (actual time=0.010..6111.070 rows=14835720 loops=1)
  ->  Hash  (cost=73925.90..73925.90 rows=251870 width=4) (actual time=1334.381..1334.381 rows=365623 loops=1)
        Buckets: 131072 (originally 131072)  Batches: 8 (originally 4)  Memory Usage: 3073kB
        ->  Seq Scan on title t  (cost=0.00..73925.90 rows=251870 width=4) (actual time=0.024..1207.268 rows=365623 loops=1)
              Filter: ((kind_id < 7) AND (production_year < 1988))
              Rows Removed by Filter: 2162689
Planning time: 0.774 ms
Execution time: 15204.256 ms
