Hash Join  (cost=156567.24..1010213.62 rows=1066742 width=0) (actual time=3916.873..22260.184 rows=2106174 loops=1)
  Hash Cond: (ci.movie_id = t.id)
  ->  Seq Scan on cast_info ci  (cost=0.00..796071.18 rows=3818075 width=4) (actual time=575.665..14857.148 rows=7449166 loops=1)
        Filter: ((person_id > 1694711) AND (role_id = 2))
        Rows Removed by Filter: 28795178
  ->  Hash  (cost=144976.59..144976.59 rows=706452 width=8) (actual time=3340.250..3340.250 rows=387648 loops=1)
        Buckets: 131072  Batches: 16  Memory Usage: 1972kB
        ->  Hash Join  (cost=95162.59..144976.59 rows=706452 width=8) (actual time=2004.528..3224.957 rows=387648 loops=1)
              Hash Cond: (mi_idx.movie_id = t.id)
              ->  Seq Scan on movie_info_idx mi_idx  (cost=0.00..21735.35 rows=1380035 width=4) (actual time=0.028..449.186 rows=1380035 loops=1)
              ->  Hash  (cost=73925.90..73925.90 rows=1294375 width=4) (actual time=1806.683..1806.683 rows=1374286 loops=1)
                    Buckets: 131072  Batches: 32  Memory Usage: 2537kB
                    ->  Seq Scan on title t  (cost=0.00..73925.90 rows=1294375 width=4) (actual time=287.693..1374.737 rows=1374286 loops=1)
                          Filter: ((production_year > 1967) AND (kind_id = 7))
                          Rows Removed by Filter: 1154026
Planning time: 1.168 ms
Execution time: 22506.962 ms
