Seq Scan on movie_keyword mk  (cost=0.00..81003.12 rows=869213 width=0) (actual time=0.017..1332.048 rows=877436 loops=1)
  Filter: (keyword_id > 21025)
  Rows Removed by Filter: 3646494
Planning time: 0.285 ms
Execution time: 1440.521 ms
