Hash Join  (cost=79366.51..117681.58 rows=120517 width=0) (actual time=1407.422..2465.805 rows=280105 loops=1)
  Hash Cond: (mi_idx.movie_id = t.id)
  ->  Seq Scan on movie_info_idx mi_idx  (cost=0.00..25185.44 rows=919057 width=4) (actual time=0.022..504.458 rows=920110 loops=1)
        Filter: (info_type_id > 99)
        Rows Removed by Filter: 459925
  ->  Hash  (cost=73925.90..73925.90 rows=331568 width=4) (actual time=1406.449..1406.449 rows=445194 loops=1)
        Buckets: 131072  Batches: 8  Memory Usage: 2992kB
        ->  Seq Scan on title t  (cost=0.00..73925.90 rows=331568 width=4) (actual time=0.024..1269.476 rows=445194 loops=1)
              Filter: ((kind_id < 7) AND (production_year < 1996))
              Rows Removed by Filter: 2083118
Planning time: 0.752 ms
Execution time: 2500.668 ms
