Hash Join  (cost=178387.53..305406.54 rows=900950 width=0) (actual time=4680.005..9577.099 rows=8721144 loops=1)
  Hash Cond: (mk.movie_id = t.id)
  ->  Seq Scan on movie_keyword mk  (cost=0.00..81003.12 rows=2938501 width=4) (actual time=0.027..1685.886 rows=2927300 loops=1)
        Filter: (keyword_id > 2447)
        Rows Removed by Filter: 1596630
  ->  Hash  (cost=165667.90..165667.90 rows=775251 width=8) (actual time=4679.090..4679.090 rows=1126354 loops=1)
        Buckets: 131072  Batches: 16  Memory Usage: 3819kB
        ->  Hash Join  (cost=79930.86..165667.90 rows=775251 width=8) (actual time=1723.146..4350.373 rows=1126354 loops=1)
              Hash Cond: (mc.movie_id = t.id)
              ->  Seq Scan on movie_companies mc  (cost=0.00..44881.29 rows=2609129 width=4) (actual time=0.018..918.835 rows=2609129 loops=1)
              ->  Hash  (cost=67604.59..67604.59 rows=751302 width=4) (actual time=1722.364..1722.364 rows=755902 loops=1)
                    Buckets: 131072  Batches: 16  Memory Usage: 2685kB
                    ->  Seq Scan on title t  (cost=0.00..67604.59 rows=751302 width=4) (actual time=0.022..1210.730 rows=755902 loops=1)
                          Filter: (production_year < 1993)
                          Rows Removed by Filter: 1772410
Planning time: 2.777 ms
Execution time: 10504.817 ms
