Seq Scan on movie_keyword mk  (cost=0.00..81003.12 rows=2409575 width=0) (actual time=0.022..1446.631 rows=2404308 loops=1)
  Filter: (keyword_id > 3880)
  Rows Removed by Filter: 2119622
Planning time: 0.280 ms
Execution time: 1755.162 ms
