Seq Scan on title t  (cost=0.00..73925.90 rows=806051 width=0) (actual time=0.023..1356.401 rows=719730 loops=1)
  Filter: ((kind_id < 7) AND (production_year > 1971))
  Rows Removed by Filter: 1808582
Planning time: 0.312 ms
Execution time: 1449.411 ms
