Seq Scan on cast_info ci  (cost=0.00..796071.18 rows=2770140 width=0) (actual time=5179.157..13911.711 rows=891872 loops=1)
  Filter: ((person_id < 2362771) AND (role_id = 10))
  Rows Removed by Filter: 35352472
Planning time: 0.353 ms
Execution time: 14026.030 ms
