Seq Scan on movie_keyword mk  (cost=0.00..81003.12 rows=2564652 width=0) (actual time=0.026..1506.251 rows=2559613 loops=1)
  Filter: (keyword_id < 6458)
  Rows Removed by Filter: 1964317
Planning time: 0.319 ms
Execution time: 1830.603 ms
