Hash Join  (cost=118038.10..181237.49 rows=53092 width=0) (actual time=2420.253..3736.333 rows=118125 loops=1)
  Hash Cond: (mc.movie_id = t.id)
  ->  Seq Scan on movie_companies mc  (cost=0.00..51404.11 rows=925162 width=4) (actual time=0.025..927.665 rows=923764 loops=1)
        Filter: (company_id < 3232)
        Rows Removed by Filter: 1685365
  ->  Hash  (cost=115657.30..115657.30 rows=145104 width=8) (actual time=2419.399..2419.399 rows=103705 loops=1)
        Buckets: 131072  Batches: 2  Memory Usage: 3048kB
        ->  Hash Join  (cost=80562.70..115657.30 rows=145104 width=8) (actual time=1539.207..2384.433 rows=103705 loops=1)
              Hash Cond: (mi_idx.movie_id = t.id)
              ->  Seq Scan on movie_info_idx mi_idx  (cost=0.00..25185.44 rows=464566 width=4) (actual time=0.034..461.152 rows=459925 loops=1)
                    Filter: (info_type_id = 101)
                    Rows Removed by Filter: 920110
              ->  Hash  (cost=67604.59..67604.59 rows=789769 width=4) (actual time=1538.041..1538.041 rows=784926 loops=1)
                    Buckets: 131072  Batches: 16  Memory Usage: 2749kB
                    ->  Seq Scan on title t  (cost=0.00..67604.59 rows=789769 width=4) (actual time=0.019..1273.752 rows=784926 loops=1)
                          Filter: (production_year > 2007)
                          Rows Removed by Filter: 1743386
Planning time: 8.009 ms
Execution time: 3752.857 ms
