Seq Scan on movie_companies mc  (cost=0.00..57926.93 rows=118263 width=0) (actual time=312.281..938.919 rows=53070 loops=1)
  Filter: ((company_id < 92) AND (company_type_id = 2))
  Rows Removed by Filter: 2556059
Planning time: 0.293 ms
Execution time: 946.457 ms
