Hash Join  (cost=80380.17..633572.04 rows=4288874 width=0) (actual time=1491.865..17688.244 rows=5946358 loops=1)
  Hash Cond: (mi.movie_id = t.id)
  ->  Seq Scan on movie_info mi  (cost=0.00..346232.03 rows=13926693 width=4) (actual time=0.022..7842.751 rows=13963496 loops=1)
        Filter: (info_type_id < 98)
        Rows Removed by Filter: 872224
  ->  Hash  (cost=67604.59..67604.59 rows=778687 width=4) (actual time=1490.809..1490.809 rows=782677 loops=1)
        Buckets: 131072  Batches: 16  Memory Usage: 2751kB
        ->  Seq Scan on title t  (cost=0.00..67604.59 rows=778687 width=4) (actual time=0.022..1213.849 rows=782677 loops=1)
              Filter: (production_year < 1994)
              Rows Removed by Filter: 1745635
Planning time: 0.784 ms
Execution time: 18317.143 ms
