Hash Join  (cost=82400.67..448994.26 rows=275405 width=0) (actual time=3865.823..7542.285 rows=450726 loops=1)
  Hash Cond: (mi.movie_id = t.id)
  ->  Seq Scan on movie_info mi  (cost=0.00..346232.03 rows=1348138 width=4) (actual time=2505.122..5321.861 rows=1298989 loops=1)
        Filter: (info_type_id = 4)
        Rows Removed by Filter: 13536731
  ->  Hash  (cost=73925.90..73925.90 rows=516541 width=4) (actual time=1359.607..1359.607 rows=440918 loops=1)
        Buckets: 131072  Batches: 8  Memory Usage: 2967kB
        ->  Seq Scan on title t  (cost=0.00..73925.90 rows=516541 width=4) (actual time=0.038..1216.660 rows=440918 loops=1)
              Filter: ((kind_id < 7) AND (production_year > 2001))
              Rows Removed by Filter: 2087394
Planning time: 4.312 ms
Execution time: 7600.753 ms
