Hash Join  (cost=441350.50..509348.04 rows=69938 width=0) (actual time=6507.300..8101.263 rows=289824 loops=1)
  Hash Cond: (mc.movie_id = t.id)
  ->  Seq Scan on movie_companies mc  (cost=0.00..51404.11 rows=1329612 width=4) (actual time=0.015..986.241 rows=1334883 loops=1)
        Filter: (company_type_id = 2)
        Rows Removed by Filter: 1274246
  ->  Hash  (cost=439167.99..439167.99 rows=133001 width=8) (actual time=6506.530..6506.530 rows=214650 loops=1)
        Buckets: 131072 (originally 131072)  Batches: 4 (originally 2)  Memory Usage: 3123kB
        ->  Hash Join  (cost=83810.17..439167.99 rows=133001 width=8) (actual time=2735.498..6436.322 rows=214650 loops=1)
              Hash Cond: (mi.movie_id = t.id)
              ->  Seq Scan on movie_info mi  (cost=0.00..346232.03 rows=340474 width=4) (actual time=1271.439..4581.025 rows=328857 loops=1)
                    Filter: (info_type_id = 98)
                    Rows Removed by Filter: 14506863
              ->  Hash  (cost=67604.59..67604.59 rows=987727 width=4) (actual time=1462.978..1462.978 rows=985048 loops=1)
                    Buckets: 131072  Batches: 16  Memory Usage: 3197kB
                    ->  Seq Scan on title t  (cost=0.00..67604.59 rows=987727 width=4) (actual time=0.030..1172.378 rows=985048 loops=1)
                          Filter: (kind_id < 7)
                          Rows Removed by Filter: 1543264
Planning time: 1.146 ms
Execution time: 8129.039 ms
