Hash Join  (cost=83074.50..447740.74 rows=1033 width=0) (actual time=1354.167..8505.456 rows=9432 loops=1)
  Hash Cond: (mi.movie_id = t.id)
  ->  Seq Scan on movie_info mi  (cost=0.00..309384.22 rows=14739122 width=4) (actual time=0.016..4376.725 rows=14835720 loops=1)
  ->  Hash  (cost=83072.29..83072.29 rows=177 width=8) (actual time=1352.872..1352.872 rows=358 loops=1)
        Buckets: 1024  Batches: 1  Memory Usage: 22kB
        ->  Nested Loop  (cost=0.43..83072.29 rows=177 width=8) (actual time=25.576..1352.547 rows=358 loops=1)
              ->  Seq Scan on movie_keyword mk  (cost=0.00..81003.12 rows=246 width=4) (actual time=20.371..1337.477 rows=405 loops=1)
                    Filter: (keyword_id = 1776)
                    Rows Removed by Filter: 4523525
              ->  Index Scan using title_pkey on title t  (cost=0.43..8.40 rows=1 width=4) (actual time=0.035..0.035 rows=1 loops=405)
                    Index Cond: (id = mk.movie_id)
                    Filter: (production_year > 1987)
                    Rows Removed by Filter: 0
Planning time: 2.699 ms
Execution time: 8507.507 ms
