Hash Join  (cost=160526.42..279342.06 rows=771292 width=0) (actual time=3562.174..6320.175 rows=630033 loops=1)
  Hash Cond: (mk.movie_id = t.id)
  ->  Seq Scan on movie_keyword mk  (cost=0.00..81003.12 rows=2319091 width=4) (actual time=0.021..1689.271 rows=2319618 loops=1)
        Filter: (keyword_id > 4437)
        Rows Removed by Filter: 2204312
  ->  Hash  (cost=146729.58..146729.58 rows=840947 width=8) (actual time=3437.684..3437.684 rows=425718 loops=1)
        Buckets: 131072  Batches: 16  Memory Usage: 2068kB
        ->  Hash Join  (cost=92883.59..146729.58 rows=840947 width=8) (actual time=1816.616..3309.870 rows=425718 loops=1)
              Hash Cond: (mi_idx.movie_id = t.id)
              ->  Seq Scan on movie_info_idx mi_idx  (cost=0.00..21735.35 rows=1380035 width=4) (actual time=0.023..470.065 rows=1380035 loops=1)
              ->  Hash  (cost=67604.59..67604.59 rows=1540800 width=4) (actual time=1811.175..1811.175 rows=1543264 loops=1)
                    Buckets: 131072  Batches: 32  Memory Usage: 2722kB
                    ->  Seq Scan on title t  (cost=0.00..67604.59 rows=1540800 width=4) (actual time=273.581..1323.844 rows=1543264 loops=1)
                          Filter: (kind_id = 7)
                          Rows Removed by Filter: 985048
Planning time: 1.128 ms
Execution time: 6394.069 ms
