Hash Join  (cost=832324.71..948778.21 rows=364545 width=0) (actual time=14428.407..18062.269 rows=1069816 loops=1)
  Hash Cond: (mk.movie_id = t.id)
  ->  Seq Scan on movie_keyword mk  (cost=0.00..81003.12 rows=2632247 width=4) (actual time=0.015..1597.993 rows=2618307 loops=1)
        Filter: (keyword_id > 3264)
        Rows Removed by Filter: 1905623
  ->  Hash  (cost=826579.45..826579.45 rows=350181 width=8) (actual time=14427.301..14427.301 rows=316118 loops=1)
        Buckets: 131072  Batches: 8  Memory Usage: 2577kB
        ->  Hash Join  (cost=102767.86..826579.45 rows=350181 width=8) (actual time=12890.459..14334.524 rows=316118 loops=1)
              Hash Cond: (ci.movie_id = t.id)
              ->  Seq Scan on cast_info ci  (cost=0.00..705507.15 rows=350181 width=4) (actual time=10878.339..11684.755 rows=316118 loops=1)
                    Filter: (role_id > 10)
                    Rows Removed by Filter: 35928226
              ->  Hash  (cost=61283.27..61283.27 rows=2528527 width=4) (actual time=2011.139..2011.139 rows=2528312 loops=1)
                    Buckets: 131072  Batches: 64  Memory Usage: 2415kB
                    ->  Seq Scan on title t  (cost=0.00..61283.27 rows=2528527 width=4) (actual time=0.024..1102.871 rows=2528312 loops=1)
Planning time: 1.253 ms
Execution time: 18164.749 ms
