Seq Scan on cast_info ci  (cost=0.00..796071.18 rows=10465803 width=0) (actual time=17.710..13842.041 rows=4476514 loops=1)
  Filter: ((person_id < 1585260) AND (role_id > 1))
  Rows Removed by Filter: 31767830
Planning time: 0.386 ms
Execution time: 14399.917 ms
