Seq Scan on movie_companies mc  (cost=0.00..57926.93 rows=670281 width=0) (actual time=235.989..1068.648 rows=914909 loops=1)
  Filter: ((company_id > 11243) AND (company_type_id = 2))
  Rows Removed by Filter: 1694220
Planning time: 0.374 ms
Execution time: 1186.026 ms
