Seq Scan on movie_keyword mk  (cost=0.00..81003.12 rows=2191592 width=0) (actual time=0.025..1425.122 rows=2191872 loops=1)
  Filter: (keyword_id < 4340)
  Rows Removed by Filter: 2332058
Planning time: 0.311 ms
Execution time: 1700.770 ms
