Hash Join  (cost=74056.90..439323.72 rows=61089 width=0) (actual time=1201.645..8585.539 rows=84002 loops=1)
  Hash Cond: (mi.movie_id = t.id)
  ->  Seq Scan on movie_info mi  (cost=0.00..309384.22 rows=14739122 width=4) (actual time=0.018..4379.252 rows=14835720 loops=1)
  ->  Hash  (cost=73925.90..73925.90 rows=10480 width=4) (actual time=1201.376..1201.376 rows=5587 loops=1)
        Buckets: 16384  Batches: 1  Memory Usage: 325kB
        ->  Seq Scan on title t  (cost=0.00..73925.90 rows=10480 width=4) (actual time=0.435..1198.870 rows=5587 loops=1)
              Filter: ((kind_id = 1) AND (production_year = 1995))
              Rows Removed by Filter: 2522725
Planning time: 0.860 ms
Execution time: 8599.133 ms
