Hash Join  (cost=138130.17..1233256.10 rows=5969479 width=0) (actual time=3035.466..38242.372 rows=19555317 loops=1)
  Hash Cond: (ci.movie_id = t.id)
  ->  Seq Scan on cast_info ci  (cost=0.00..614943.12 rows=36225612 width=4) (actual time=0.017..13006.670 rows=36244344 loops=1)
  ->  Hash  (cost=131293.85..131293.85 rows=416666 width=8) (actual time=3034.494..3034.494 rows=707026 loops=1)
        Buckets: 131072 (originally 131072)  Batches: 16 (originally 8)  Memory Usage: 3073kB
        ->  Hash Join  (cost=86451.71..131293.85 rows=416666 width=8) (actual time=1438.385..2811.803 rows=707026 loops=1)
              Hash Cond: (mi_idx.movie_id = t.id)
              ->  Seq Scan on movie_info_idx mi_idx  (cost=0.00..21735.35 rows=1380035 width=4) (actual time=0.018..415.302 rows=1380035 loops=1)
              ->  Hash  (cost=73925.90..73925.90 rows=763424 width=4) (actual time=1436.961..1436.961 rows=671627 loops=1)
                    Buckets: 131072  Batches: 16  Memory Usage: 2500kB
                    ->  Seq Scan on title t  (cost=0.00..73925.90 rows=763424 width=4) (actual time=0.021..1233.667 rows=671627 loops=1)
                          Filter: ((kind_id < 6) AND (production_year > 1977))
                          Rows Removed by Filter: 1856685
Planning time: 1.167 ms
Execution time: 40537.057 ms
