Seq Scan on cast_info ci  (cost=0.00..705507.15 rows=500 width=0) (actual time=58.374..9853.067 rows=104 loops=1)
  Filter: (person_id = 1382161)
  Rows Removed by Filter: 36244240
Planning time: 0.356 ms
Execution time: 9853.188 ms
