Hash Join  (cost=92883.59..162428.04 rows=180416 width=0) (actual time=2474.156..3626.435 rows=165808 loops=1)
  Hash Cond: (mc.movie_id = t.id)
  ->  Seq Scan on movie_companies mc  (cost=0.00..57926.93 rows=296071 width=4) (actual time=374.153..995.170 rows=586234 loops=1)
        Filter: ((company_id > 70908) AND (company_type_id > 1))
        Rows Removed by Filter: 2022895
  ->  Hash  (cost=67604.59..67604.59 rows=1540800 width=4) (actual time=2098.299..2098.299 rows=1543264 loops=1)
        Buckets: 131072  Batches: 32  Memory Usage: 2722kB
        ->  Seq Scan on title t  (cost=0.00..67604.59 rows=1540800 width=4) (actual time=0.025..1306.008 rows=1543264 loops=1)
              Filter: (kind_id = 7)
              Rows Removed by Filter: 985048
Planning time: 0.531 ms
Execution time: 3643.527 ms
