Hash Join  (cost=28268.78..392934.33 rows=964 width=0) (actual time=439.162..7065.887 rows=69936 loops=1)
  Hash Cond: (mi.movie_id = t.id)
  ->  Seq Scan on movie_info mi  (cost=0.00..309384.22 rows=14739122 width=4) (actual time=0.021..4019.191 rows=14835720 loops=1)
  ->  Hash  (cost=28266.72..28266.72 rows=165 width=8) (actual time=438.544..438.544 rows=192 loops=1)
        Buckets: 1024  Batches: 1  Memory Usage: 16kB
        ->  Nested Loop  (cost=0.43..28266.72 rows=165 width=8) (actual time=194.097..438.435 rows=192 loops=1)
              ->  Seq Scan on movie_info_idx mi_idx  (cost=0.00..25185.44 rows=368 width=4) (actual time=194.026..432.211 rows=260 loops=1)
                    Filter: (info_type_id > 101)
                    Rows Removed by Filter: 1379775
              ->  Index Scan using title_pkey on title t  (cost=0.43..8.36 rows=1 width=4) (actual time=0.023..0.023 rows=1 loops=260)
                    Index Cond: (id = mi_idx.movie_id)
                    Filter: (production_year < 2002)
                    Rows Removed by Filter: 0
Planning time: 1.162 ms
Execution time: 7075.341 ms
