Seq Scan on cast_info ci  (cost=0.00..796071.18 rows=10133973 width=0) (actual time=2232.782..15707.440 rows=12670688 loops=1)
  Filter: ((person_id < 2927651) AND (role_id = 1))
  Rows Removed by Filter: 23573656
Planning time: 0.415 ms
Execution time: 17307.989 ms
