Seq Scan on cast_info ci  (cost=0.00..796071.18 rows=294246 width=0) (actual time=2317.796..15162.356 rows=293306 loops=1)
  Filter: ((person_id > 552182) AND (role_id > 10))
  Rows Removed by Filter: 35951038
Planning time: 0.329 ms
Execution time: 15199.714 ms
