Seq Scan on cast_info ci  (cost=0.00..796071.18 rows=276 width=0) (actual time=5818.772..13928.340 rows=206 loops=1)
  Filter: ((role_id < 3) AND (person_id = 372909))
  Rows Removed by Filter: 36244138
Planning time: 0.409 ms
Execution time: 13928.470 ms
