Seq Scan on title t  (cost=0.00..73925.90 rows=32041 width=0) (actual time=339.327..1106.944 rows=125355 loops=1)
  Filter: ((production_year < 1934) AND (kind_id = 1))
  Rows Removed by Filter: 2402957
Planning time: 0.368 ms
Execution time: 1123.758 ms
