Hash Join  (cost=190230.21..331122.57 rows=1747528 width=0) (actual time=4294.289..9383.285 rows=7446495 loops=1)
  Hash Cond: (mk.movie_id = t.id)
  ->  Seq Scan on movie_keyword mk  (cost=0.00..81003.12 rows=3201854 width=4) (actual time=0.010..1687.844 rows=3184761 loops=1)
        Filter: (keyword_id > 1743)
        Rows Removed by Filter: 1339169
  ->  Hash  (cost=167588.78..167588.78 rows=1380035 width=8) (actual time=4292.322..4292.322 rows=1380035 loops=1)
        Buckets: 131072  Batches: 32  Memory Usage: 2726kB
        ->  Hash Join  (cost=102767.86..167588.78 rows=1380035 width=8) (actual time=1852.251..3875.886 rows=1380035 loops=1)
              Hash Cond: (mi_idx.movie_id = t.id)
              ->  Seq Scan on movie_info_idx mi_idx  (cost=0.00..21735.35 rows=1380035 width=4) (actual time=0.021..487.223 rows=1380035 loops=1)
              ->  Hash  (cost=61283.27..61283.27 rows=2528527 width=4) (actual time=1850.647..1850.647 rows=2528312 loops=1)
                    Buckets: 131072  Batches: 64  Memory Usage: 2415kB
                    ->  Seq Scan on title t  (cost=0.00..61283.27 rows=2528527 width=4) (actual time=0.009..1002.558 rows=2528312 loops=1)
Planning time: 0.693 ms
Execution time: 10272.316 ms
