Nested Loop  (cost=0.43..58358.39 rows=45 width=0) (actual time=387.310..843.301 rows=4 loops=1)
  ->  Seq Scan on movie_companies mc  (cost=0.00..57926.93 rows=51 width=4) (actual time=387.232..843.074 rows=4 loops=1)
        Filter: ((company_id = 798) AND (company_type_id = 1))
        Rows Removed by Filter: 2609125
  ->  Index Scan using title_pkey on title t  (cost=0.43..8.45 rows=1 width=4) (actual time=0.049..0.049 rows=1 loops=4)
        Index Cond: (id = mc.movie_id)
        Filter: (production_year < 2012)
Planning time: 0.780 ms
Execution time: 843.416 ms
