Nested Loop  (cost=0.43..115569.31 rows=2810 width=0) (actual time=1.229..1503.652 rows=1184 loops=1)
  ->  Seq Scan on movie_keyword mk  (cost=0.00..81003.12 rows=4675 width=4) (actual time=0.857..1372.781 rows=4400 loops=1)
        Filter: (keyword_id = 7637)
        Rows Removed by Filter: 4519530
  ->  Index Scan using title_pkey on title t  (cost=0.43..7.38 rows=1 width=4) (actual time=0.029..0.029 rows=0 loops=4400)
        Index Cond: (id = mk.movie_id)
        Filter: ((kind_id > 1) AND (production_year < 2011))
        Rows Removed by Filter: 1
Planning time: 0.765 ms
Execution time: 1504.208 ms
