Hash Join  (cost=83192.60..959861.15 rows=2735400 width=0) (actual time=1405.436..21272.058 rows=2697801 loops=1)
  Hash Cond: (ci.movie_id = t.id)
  ->  Seq Scan on cast_info ci  (cost=0.00..705507.15 rows=12246504 width=4) (actual time=13.019..13367.403 rows=12152265 loops=1)
        Filter: (person_id < 1197141)
        Rows Removed by Filter: 24092079
  ->  Hash  (cost=73925.90..73925.90 rows=564776 width=4) (actual time=1363.141..1363.141 rows=442767 loops=1)
        Buckets: 131072  Batches: 8  Memory Usage: 2984kB
        ->  Seq Scan on title t  (cost=0.00..73925.90 rows=564776 width=4) (actual time=0.029..1224.122 rows=442767 loops=1)
              Filter: ((kind_id < 2) AND (production_year > 1966))
              Rows Removed by Filter: 2085545
Planning time: 0.571 ms
Execution time: 21597.144 ms
