Hash Join  (cost=205477.31..283513.54 rows=231648 width=0) (actual time=4136.140..6755.191 rows=1728678 loops=1)
  Hash Cond: (mc.movie_id = t.id)
  ->  Seq Scan on movie_companies mc  (cost=0.00..51404.11 rows=2004169 width=4) (actual time=0.014..1238.448 rows=1998821 loops=1)
        Filter: (company_id < 64886)
        Rows Removed by Filter: 610308
  ->  Hash  (cost=200682.13..200682.13 rows=292255 width=8) (actual time=4135.348..4135.348 rows=311486 loops=1)
        Buckets: 131072  Batches: 4  Memory Usage: 4083kB
        ->  Hash Join  (cost=102767.86..200682.13 rows=292255 width=8) (actual time=2066.118..4046.244 rows=311486 loops=1)
              Hash Cond: (mk.movie_id = t.id)
              ->  Seq Scan on movie_keyword mk  (cost=0.00..81003.12 rows=292255 width=4) (actual time=0.029..1347.574 rows=311486 loops=1)
                    Filter: (keyword_id < 249)
                    Rows Removed by Filter: 4212444
              ->  Hash  (cost=61283.27..61283.27 rows=2528527 width=4) (actual time=2064.669..2064.669 rows=2528312 loops=1)
                    Buckets: 131072  Batches: 64  Memory Usage: 2425kB
                    ->  Seq Scan on title t  (cost=0.00..61283.27 rows=2528527 width=4) (actual time=0.027..1185.550 rows=2528312 loops=1)
Planning time: 1.143 ms
Execution time: 6980.229 ms
