Hash Join  (cost=73950.44..438720.80 rows=11443 width=0) (actual time=1142.780..8276.612 rows=48815 loops=1)
  Hash Cond: (mi.movie_id = t.id)
  ->  Seq Scan on movie_info mi  (cost=0.00..309384.22 rows=14739122 width=4) (actual time=0.014..4162.930 rows=14835720 loops=1)
  ->  Hash  (cost=73925.90..73925.90 rows=1963 width=4) (actual time=1142.553..1142.553 rows=4281 loops=1)
        Buckets: 8192 (originally 2048)  Batches: 1 (originally 1)  Memory Usage: 215kB
        ->  Seq Scan on title t  (cost=0.00..73925.90 rows=1963 width=4) (actual time=0.169..1140.388 rows=4281 loops=1)
              Filter: ((kind_id = 1) AND (production_year = 1978))
              Rows Removed by Filter: 2524031
Planning time: 0.789 ms
Execution time: 8285.257 ms
