Seq Scan on movie_companies mc  (cost=0.00..57926.93 rows=1274624 width=0) (actual time=524.897..1215.298 rows=1274246 loops=1)
  Filter: ((company_id < 226290) AND (company_type_id = 1))
  Rows Removed by Filter: 1334883
Planning time: 6.318 ms
Execution time: 1379.317 ms
