Seq Scan on cast_info ci  (cost=0.00..796071.18 rows=1252226 width=0) (actual time=11413.312..14583.617 rows=1255562 loops=1)
  Filter: ((person_id > 974374) AND (role_id = 8))
  Rows Removed by Filter: 34988782
Planning time: 0.395 ms
Execution time: 14732.230 ms
