Hash Join  (cost=181755.93..309781.10 rows=494313 width=0) (actual time=3943.356..8518.851 rows=4563369 loops=1)
  Hash Cond: (mk.movie_id = t.id)
  ->  Seq Scan on movie_keyword mk  (cost=0.00..69693.30 rows=4523930 width=4) (actual time=0.022..1603.173 rows=4523930 loops=1)
  ->  Hash  (cost=177222.39..177222.39 rows=276283 width=8) (actual time=3942.443..3942.443 rows=415610 loops=1)
        Buckets: 131072 (originally 131072)  Batches: 8 (originally 4)  Memory Usage: 3073kB
        ->  Hash Join  (cost=102767.86..177222.39 rows=276283 width=8) (actual time=2271.582..3804.678 rows=415610 loops=1)
              Hash Cond: (mc.movie_id = t.id)
              ->  Seq Scan on movie_companies mc  (cost=0.00..57926.93 rows=276283 width=4) (actual time=257.395..987.162 rows=415610 loops=1)
                    Filter: ((company_id < 596) AND (company_type_id < 2))
                    Rows Removed by Filter: 2193519
              ->  Hash  (cost=61283.27..61283.27 rows=2528527 width=4) (actual time=2012.804..2012.804 rows=2528312 loops=1)
                    Buckets: 131072  Batches: 64  Memory Usage: 2415kB
                    ->  Seq Scan on title t  (cost=0.00..61283.27 rows=2528527 width=4) (actual time=0.022..1179.834 rows=2528312 loops=1)
Planning time: 1.169 ms
Execution time: 9048.886 ms
