Nested Loop  (cost=32749.09..830808.75 rows=1 width=0) (actual time=1200.590..15491.566 rows=8 loops=1)
  Join Filter: (ci.movie_id = t.id)
  ->  Hash Join  (cost=32748.66..830683.01 rows=147 width=8) (actual time=1198.732..15474.530 rows=129 loops=1)
        Hash Cond: (ci.movie_id = mi_idx.movie_id)
        ->  Seq Scan on cast_info ci  (cost=0.00..796071.18 rows=324 width=4) (actual time=602.764..14803.102 rows=368 loops=1)
              Filter: ((role_id > 1) AND (person_id = 2538321))
              Rows Removed by Filter: 36243976
        ->  Hash  (cost=25185.44..25185.44 rows=460978 width=4) (actual time=595.178..595.178 rows=459925 loops=1)
              Buckets: 131072  Batches: 8  Memory Usage: 3050kB
              ->  Seq Scan on movie_info_idx mi_idx  (cost=0.00..25185.44 rows=460978 width=4) (actual time=0.029..457.731 rows=459925 loops=1)
                    Filter: (info_type_id < 100)
                    Rows Removed by Filter: 920110
  ->  Index Scan using title_pkey on title t  (cost=0.43..0.84 rows=1 width=4) (actual time=0.129..0.129 rows=0 loops=129)
        Index Cond: (id = mi_idx.movie_id)
        Filter: ((kind_id > 4) AND (production_year = 2004))
        Rows Removed by Filter: 1
Planning time: 3.747 ms
Execution time: 15491.715 ms
