Seq Scan on cast_info ci  (cost=0.00..796071.18 rows=8490700 width=0) (actual time=5786.856..14990.675 rows=12670688 loops=1)
  Filter: ((person_id < 2475098) AND (role_id = 1))
  Rows Removed by Filter: 23573656
Planning time: 0.439 ms
Execution time: 16566.714 ms
