Hash Join  (cost=75305.14..1121474.51 rows=1203720 width=0) (actual time=1249.377..26867.636 rows=1601935 loops=1)
  Hash Cond: (ci.movie_id = t.id)
  ->  Seq Scan on cast_info ci  (cost=0.00..614943.12 rows=36225612 width=4) (actual time=0.023..12194.922 rows=36244344 loops=1)
  ->  Hash  (cost=73925.90..73925.90 rows=84019 width=4) (actual time=1248.431..1248.431 rows=92860 loops=1)
        Buckets: 131072  Batches: 2  Memory Usage: 2656kB
        ->  Seq Scan on title t  (cost=0.00..73925.90 rows=84019 width=4) (actual time=0.032..1211.032 rows=92860 loops=1)
              Filter: ((kind_id > 3) AND (production_year = 2009))
              Rows Removed by Filter: 2435452
Planning time: 0.807 ms
Execution time: 27065.070 ms
