Hash Join  (cost=121015.95..254871.81 rows=206927 width=0) (actual time=2852.972..6783.722 rows=1982646 loops=1)
  Hash Cond: (mk.movie_id = t.id)
  ->  Seq Scan on movie_keyword mk  (cost=0.00..81003.12 rows=4351325 width=4) (actual time=0.026..1786.802 rows=4356765 loops=1)
        Filter: (keyword_id < 72281)
        Rows Removed by Filter: 167165
  ->  Hash  (cost=119042.90..119042.90 rows=120244 width=8) (actual time=2852.173..2852.173 rows=205017 loops=1)
        Buckets: 131072 (originally 131072)  Batches: 4 (originally 2)  Memory Usage: 3073kB
        ->  Hash Join  (cost=84747.35..119042.90 rows=120244 width=8) (actual time=1342.881..2779.244 rows=205017 loops=1)
              Hash Cond: (mi_idx.movie_id = t.id)
              ->  Seq Scan on movie_info_idx mi_idx  (cost=0.00..25185.44 rows=460978 width=4) (actual time=0.026..565.600 rows=459925 loops=1)
                    Filter: (info_type_id = 99)
                    Rows Removed by Filter: 920110
              ->  Hash  (cost=73925.90..73925.90 rows=659556 width=4) (actual time=1341.884..1341.884 rows=547452 loops=1)
                    Buckets: 131072  Batches: 16  Memory Usage: 2227kB
                    ->  Seq Scan on title t  (cost=0.00..73925.90 rows=659556 width=4) (actual time=0.028..1166.379 rows=547452 loops=1)
                          Filter: ((kind_id < 3) AND (production_year > 1961))
                          Rows Removed by Filter: 1980860
Planning time: 1.739 ms
Execution time: 7023.209 ms
