Hash Join  (cost=133993.08..1032119.22 rows=1081003 width=0) (actual time=7607.372..18055.297 rows=1817757 loops=1)
  Hash Cond: (ci.movie_id = t.id)
  ->  Seq Scan on cast_info ci  (cost=0.00..796071.18 rows=7772516 width=4) (actual time=4854.815..12578.388 rows=4696197 loops=1)
        Filter: ((person_id > 2731218) AND (role_id < 8))
        Rows Removed by Filter: 31548147
  ->  Hash  (cost=128223.23..128223.23 rows=351668 width=8) (actual time=2751.466..2751.466 rows=549636 loops=1)
        Buckets: 131072  Batches: 8  Memory Usage: 3714kB
        ->  Hash Join  (cost=84497.07..128223.23 rows=351668 width=8) (actual time=1363.327..2599.486 rows=549636 loops=1)
              Hash Cond: (mi_idx.movie_id = t.id)
              ->  Seq Scan on movie_info_idx mi_idx  (cost=0.00..21735.35 rows=1380035 width=4) (actual time=0.026..403.531 rows=1380035 loops=1)
              ->  Hash  (cost=73925.90..73925.90 rows=644333 width=4) (actual time=1362.354..1362.354 rows=544419 loops=1)
                    Buckets: 131072  Batches: 16  Memory Usage: 2215kB
                    ->  Seq Scan on title t  (cost=0.00..73925.90 rows=644333 width=4) (actual time=0.028..1190.007 rows=544419 loops=1)
                          Filter: ((kind_id < 7) AND (production_year > 1994))
                          Rows Removed by Filter: 1983893
Planning time: 1.470 ms
Execution time: 18272.810 ms
