Seq Scan on cast_info ci  (cost=0.00..796071.18 rows=9413018 width=0) (actual time=1117.454..14568.444 rows=6007948 loops=1)
  Filter: ((person_id > 912335) AND (role_id = 1))
  Rows Removed by Filter: 30236396
Planning time: 0.290 ms
Execution time: 15296.247 ms
