Hash Join  (cost=314807.65..1015052.20 rows=17205985 width=0) (actual time=7916.189..63887.633 rows=186496229 loops=1)
  Hash Cond: (mi.movie_id = t.id)
  ->  Seq Scan on movie_info mi  (cost=0.00..309384.22 rows=14739122 width=4) (actual time=0.020..6372.603 rows=14835720 loops=1)
  ->  Hash  (cost=266380.12..266380.12 rows=2951722 width=8) (actual time=7915.129..7915.129 rows=3342656 loops=1)
        Buckets: 131072  Batches: 64  Memory Usage: 3159kB
        ->  Hash Join  (cost=101489.21..266380.12 rows=2951722 width=8) (actual time=2043.311..6851.080 rows=3342656 loops=1)
              Hash Cond: (mk.movie_id = t.id)
              ->  Seq Scan on movie_keyword mk  (cost=0.00..81003.12 rows=3613713 width=4) (actual time=0.032..1777.266 rows=3607676 loops=1)
                    Filter: (keyword_id > 866)
                    Rows Removed by Filter: 916254
              ->  Hash  (cost=67604.59..67604.59 rows=2065330 width=4) (actual time=2041.045..2041.045 rows=2064552 loops=1)
                    Buckets: 131072  Batches: 32  Memory Usage: 3298kB
                    ->  Seq Scan on title t  (cost=0.00..67604.59 rows=2065330 width=4) (actual time=0.017..1355.220 rows=2064552 loops=1)
                          Filter: (production_year < 2011)
                          Rows Removed by Filter: 463760
Planning time: 2.231 ms
Execution time: 84345.669 ms
