Seq Scan on movie_companies mc  (cost=0.00..57926.93 rows=358142 width=0) (actual time=0.020..878.718 rows=198489 loops=1)
  Filter: ((company_id < 1284) AND (company_type_id = 2))
  Rows Removed by Filter: 2410640
Planning time: 0.383 ms
Execution time: 904.168 ms
