Hash Join  (cost=78144.34..1070806.04 rows=2312758 width=0) (actual time=3103.616..27237.889 rows=2896485 loops=1)
  Hash Cond: (ci.movie_id = t.id)
  ->  Seq Scan on cast_info ci  (cost=0.00..705507.15 rows=22747724 width=4) (actual time=1655.517..14664.056 rows=22809536 loops=1)
        Filter: (person_id > 1324838)
        Rows Removed by Filter: 13434808
  ->  Hash  (cost=73925.90..73925.90 rows=257075 width=4) (actual time=1447.143..1447.143 rows=366618 loops=1)
        Buckets: 131072 (originally 131072)  Batches: 8 (originally 4)  Memory Usage: 3073kB
        ->  Seq Scan on title t  (cost=0.00..73925.90 rows=257075 width=4) (actual time=0.033..1325.273 rows=366618 loops=1)
              Filter: ((production_year < 1999) AND (kind_id = 1))
              Rows Removed by Filter: 2161694
Planning time: 2.625 ms
Execution time: 27564.662 ms
