Nested Loop  (cost=51405.84..133481.16 rows=1 width=0) (actual time=912.628..2119.429 rows=10 loops=1)
  Join Filter: (mc.movie_id = t.id)
  ->  Hash Join  (cost=51405.41..133467.50 rows=2 width=8) (actual time=912.567..2118.942 rows=10 loops=1)
        Hash Cond: (mk.movie_id = mc.movie_id)
        ->  Seq Scan on movie_keyword mk  (cost=0.00..81003.12 rows=7992 width=4) (actual time=0.081..1292.988 rows=7673 loops=1)
              Filter: (keyword_id = 7078)
              Rows Removed by Filter: 4516257
        ->  Hash  (cost=51404.11..51404.11 rows=104 width=4) (actual time=823.030..823.030 rows=768 loops=1)
              Buckets: 1024  Batches: 1  Memory Usage: 35kB
              ->  Seq Scan on movie_companies mc  (cost=0.00..51404.11 rows=104 width=4) (actual time=0.301..822.590 rows=768 loops=1)
                    Filter: (company_id = 9557)
                    Rows Removed by Filter: 2608361
  ->  Index Only Scan using title_pkey on title t  (cost=0.43..6.82 rows=1 width=4) (actual time=0.039..0.040 rows=1 loops=10)
        Index Cond: (id = mk.movie_id)
        Heap Fetches: 10
Planning time: 1.098 ms
Execution time: 2119.518 ms
