Hash Join  (cost=78576.13..105506.07 rows=1946 width=0) (actual time=994.412..1616.274 rows=2935 loops=1)
  Hash Cond: (mi_idx.movie_id = t.id)
  ->  Seq Scan on movie_info_idx mi_idx  (cost=0.00..21735.35 rows=1380035 width=4) (actual time=0.025..338.419 rows=1380035 loops=1)
  ->  Hash  (cost=78531.56..78531.56 rows=3566 width=8) (actual time=994.332..994.332 rows=4279 loops=1)
        Buckets: 8192 (originally 4096)  Batches: 1 (originally 1)  Memory Usage: 232kB
        ->  Nested Loop  (cost=0.43..78531.56 rows=3566 width=8) (actual time=0.137..991.934 rows=4279 loops=1)
              ->  Seq Scan on movie_companies mc  (cost=0.00..51404.11 rows=3566 width=4) (actual time=0.071..864.336 rows=4279 loops=1)
                    Filter: (company_id = 69)
                    Rows Removed by Filter: 2604850
              ->  Index Only Scan using title_pkey on title t  (cost=0.43..7.60 rows=1 width=4) (actual time=0.029..0.029 rows=1 loops=4279)
                    Index Cond: (id = mc.movie_id)
                    Heap Fetches: 4279
Planning time: 1.171 ms
Execution time: 1616.896 ms
