Nested Loop  (cost=44377.22..431560.85 rows=923 width=0) (actual time=2523.700..8695.469 rows=125114 loops=1)
  Join Filter: (mi.movie_id = t.id)
  ->  Hash Join  (cost=44376.79..399813.99 rows=53320 width=8) (actual time=2237.223..6399.704 rows=446151 loops=1)
        Hash Cond: (mi.movie_id = mi_idx.movie_id)
        ->  Seq Scan on movie_info mi  (cost=0.00..346232.03 rows=17937 width=4) (actual time=1253.480..4819.899 rows=147487 loops=1)
              Filter: (info_type_id = 107)
              Rows Removed by Filter: 14688233
        ->  Hash  (cost=21735.35..21735.35 rows=1380035 width=4) (actual time=933.218..933.218 rows=1380035 loops=1)
              Buckets: 131072  Batches: 32  Memory Usage: 2557kB
              ->  Seq Scan on movie_info_idx mi_idx  (cost=0.00..21735.35 rows=1380035 width=4) (actual time=0.018..487.932 rows=1380035 loops=1)
  ->  Index Scan using title_pkey on title t  (cost=0.43..0.58 rows=1 width=4) (actual time=0.005..0.005 rows=0 loops=446151)
        Index Cond: (id = mi_idx.movie_id)
        Filter: ((production_year > 2006) AND (kind_id = 1))
        Rows Removed by Filter: 1
Planning time: 1.134 ms
Execution time: 8715.236 ms
