Hash Join  (cost=124175.70..210903.71 rows=6997 width=0) (actual time=2226.245..3802.336 rows=29262 loops=1)
  Hash Cond: (mk.movie_id = t.id)
  ->  Seq Scan on movie_keyword mk  (cost=0.00..69693.30 rows=4523930 width=4) (actual time=0.021..853.192 rows=4523930 loops=1)
  ->  Hash  (cost=124126.82..124126.82 rows=3911 width=8) (actual time=2226.037..2226.037 rows=2685 loops=1)
        Buckets: 4096  Batches: 1  Memory Usage: 137kB
        ->  Hash Join  (cost=67697.55..124126.82 rows=3911 width=8) (actual time=1123.220..2224.662 rows=2685 loops=1)
              Hash Cond: (mc.movie_id = t.id)
              ->  Seq Scan on movie_companies mc  (cost=0.00..51404.11 rows=1329612 width=4) (actual time=0.022..987.692 rows=1334883 loops=1)
                    Filter: (company_type_id > 1)
                    Rows Removed by Filter: 1274246
              ->  Hash  (cost=67604.59..67604.59 rows=7437 width=4) (actual time=1027.164..1027.164 rows=2795 loops=1)
                    Buckets: 8192  Batches: 1  Memory Usage: 163kB
                    ->  Seq Scan on title t  (cost=0.00..67604.59 rows=7437 width=4) (actual time=0.200..1025.681 rows=2795 loops=1)
                          Filter: (production_year = 1937)
                          Rows Removed by Filter: 2525517
Planning time: 1.087 ms
Execution time: 3806.103 ms
