Hash Join  (cost=1051913.46..1805988.21 rows=21648161 width=0) (actual time=20629.720..44433.124 rows=41576674 loops=1)
  Hash Cond: (mi.movie_id = t.id)
  ->  Seq Scan on movie_info mi  (cost=0.00..346232.03 rows=9476311 width=4) (actual time=0.010..6593.660 rows=9565151 loops=1)
        Filter: (info_type_id < 16)
        Rows Removed by Filter: 5270569
  ->  Hash  (cost=957145.79..957145.79 rows=5776294 width=8) (actual time=20628.490..20628.490 rows=5694591 loops=1)
        Buckets: 131072  Batches: 128  Memory Usage: 2820kB
        ->  Hash Join  (cost=102767.86..957145.79 rows=5776294 width=8) (actual time=1861.063..19122.682 rows=5694591 loops=1)
              Hash Cond: (ci.movie_id = t.id)
              ->  Seq Scan on cast_info ci  (cost=0.00..705507.15 rows=5776294 width=4) (actual time=0.025..12166.898 rows=5694591 loops=1)
                    Filter: (person_id < 551115)
                    Rows Removed by Filter: 30549753
              ->  Hash  (cost=61283.27..61283.27 rows=2528527 width=4) (actual time=1858.897..1858.897 rows=2528312 loops=1)
                    Buckets: 131072  Batches: 64  Memory Usage: 2415kB
                    ->  Seq Scan on title t  (cost=0.00..61283.27 rows=2528527 width=4) (actual time=0.010..1029.029 rows=2528312 loops=1)
Planning time: 1.179 ms
Execution time: 48782.561 ms
