Seq Scan on movie_keyword mk  (cost=0.00..81003.12 rows=2323072 width=0) (actual time=0.026..1449.630 rows=2325608 loops=1)
  Filter: (keyword_id < 5085)
  Rows Removed by Filter: 2198322
Planning time: 0.340 ms
Execution time: 1736.335 ms
