Hash Join  (cost=97512.77..666738.34 rows=8380365 width=0) (actual time=2363.959..16849.946 rows=3937344 loops=1)
  Hash Cond: (mi.movie_id = t.id)
  ->  Seq Scan on movie_info mi  (cost=0.00..309384.22 rows=14739122 width=4) (actual time=0.013..6277.269 rows=14835720 loops=1)
  ->  Hash  (cost=73925.90..73925.90 rows=1437669 width=4) (actual time=1998.550..1998.550 rows=1478437 loops=1)
        Buckets: 131072  Batches: 32  Memory Usage: 2656kB
        ->  Seq Scan on title t  (cost=0.00..73925.90 rows=1437669 width=4) (actual time=246.787..1523.505 rows=1478437 loops=1)
              Filter: ((production_year > 1924) AND (kind_id = 7))
              Rows Removed by Filter: 1049875
Planning time: 0.737 ms
Execution time: 17300.899 ms
