Hash Join  (cost=945151.57..1088920.76 rows=1786616 width=0) (actual time=17541.303..20044.408 rows=1077327 loops=1)
  Hash Cond: (mk.movie_id = t.id)
  ->  Seq Scan on movie_keyword mk  (cost=0.00..69693.30 rows=4523930 width=4) (actual time=0.022..1407.865 rows=4523930 loops=1)
  ->  Hash  (cost=928768.32..928768.32 rows=998580 width=8) (actual time=16345.822..16345.822 rows=1116386 loops=1)
        Buckets: 131072  Batches: 16  Memory Usage: 3758kB
        ->  Hash Join  (cost=92508.29..928768.32 rows=998580 width=8) (actual time=4088.285..16016.421 rows=1116386 loops=1)
              Hash Cond: (ci.movie_id = t.id)
              ->  Seq Scan on cast_info ci  (cost=0.00..796071.18 rows=2229345 width=4) (actual time=1738.785..11932.221 rows=2401358 loops=1)
                    Filter: ((person_id < 243056) AND (role_id < 10))
                    Rows Removed by Filter: 33842986
              ->  Hash  (cost=73925.90..73925.90 rows=1132591 width=4) (actual time=2348.471..2348.471 rows=1224674 loops=1)
                    Buckets: 131072  Batches: 16  Memory Usage: 3727kB
                    ->  Seq Scan on title t  (cost=0.00..73925.90 rows=1132591 width=4) (actual time=0.029..1304.920 rows=1224674 loops=1)
                          Filter: ((production_year > 1985) AND (kind_id = 7))
                          Rows Removed by Filter: 1303638
Planning time: 1.143 ms
Execution time: 20164.769 ms
