Hash Join  (cost=85113.64..221979.92 rows=1220024 width=0) (actual time=1489.170..5028.144 rows=566714 loops=1)
  Hash Cond: (mk.movie_id = t.id)
  ->  Seq Scan on movie_keyword mk  (cost=0.00..69693.30 rows=4523930 width=4) (actual time=0.024..1473.313 rows=4523930 loops=1)
  ->  Hash  (cost=73925.90..73925.90 rows=681899 width=4) (actual time=1484.575..1484.575 rows=565062 loops=1)
        Buckets: 131072  Batches: 16  Memory Usage: 2272kB
        ->  Seq Scan on title t  (cost=0.00..73925.90 rows=681899 width=4) (actual time=0.032..1297.145 rows=565062 loops=1)
              Filter: ((kind_id > 1) AND (production_year < 1998))
              Rows Removed by Filter: 1963250
Planning time: 0.714 ms
Execution time: 5094.334 ms
