Hash Join  (cost=223763.42..1749059.08 rows=12048054 width=186) (actual time=4214.546..49001.720 rows=15149568 loops=1)
  Hash Cond: (ci.movie_id = t.id)
  ->  Seq Scan on cast_info ci  (cost=0.00..614943.12 rows=36225612 width=42) (actual time=0.019..13734.487 rows=36244344 loops=1)
  ->  Hash  (cost=196005.58..196005.58 rows=840947 width=144) (actual time=4213.186..4213.186 rows=425718 loops=1)
        Buckets: 32768  Batches: 64  Memory Usage: 1206kB
        ->  Hash Join  (cost=109435.59..196005.58 rows=840947 width=144) (actual time=1949.073..3933.550 rows=425718 loops=1)
              Hash Cond: (mi_idx.movie_id = t.id)
              ->  Seq Scan on movie_info_idx mi_idx  (cost=0.00..21735.35 rows=1380035 width=50) (actual time=0.018..416.007 rows=1380035 loops=1)
              ->  Hash  (cost=67604.59..67604.59 rows=1540800 width=94) (actual time=1948.190..1948.190 rows=1543264 loops=1)
                    Buckets: 32768  Batches: 64  Memory Usage: 3011kB
                    ->  Seq Scan on title t  (cost=0.00..67604.59 rows=1540800 width=94) (actual time=0.013..1287.526 rows=1543264 loops=1)
                          Filter: (kind_id = 7)
                          Rows Removed by Filter: 985048
Planning time: 1.504 ms
Execution time: 49848.416 ms
