Seq Scan on movie_keyword mk  (cost=0.00..81003.12 rows=2634651 width=0) (actual time=0.026..1468.497 rows=2628480 loops=1)
  Filter: (keyword_id < 7156)
  Rows Removed by Filter: 1895450
Planning time: 0.766 ms
Execution time: 1790.837 ms
