Hash Join  (cost=204611.35..355640.21 rows=1491023 width=0) (actual time=4186.085..12241.101 rows=15681922 loops=1)
  Hash Cond: (mk.movie_id = t.id)
  ->  Seq Scan on movie_keyword mk  (cost=0.00..81003.12 rows=4482533 width=4) (actual time=0.013..1982.813 rows=4485604 loops=1)
        Filter: (keyword_id < 105550)
        Rows Removed by Filter: 38326
  ->  Hash  (cost=190812.07..190812.07 rows=841063 width=8) (actual time=4185.157..4185.157 rows=643025 loops=1)
        Buckets: 131072  Batches: 16  Memory Usage: 2638kB
        ->  Hash Join  (cost=102767.86..190812.07 rows=841063 width=8) (actual time=2077.228..4008.520 rows=643025 loops=1)
              Hash Cond: (mc.movie_id = t.id)
              ->  Seq Scan on movie_companies mc  (cost=0.00..57926.93 rows=841063 width=4) (actual time=66.344..1103.084 rows=643025 loops=1)
                    Filter: ((company_id > 2763) AND (company_type_id = 1))
                    Rows Removed by Filter: 1966104
              ->  Hash  (cost=61283.27..61283.27 rows=2528527 width=4) (actual time=2010.177..2010.177 rows=2528312 loops=1)
                    Buckets: 131072  Batches: 64  Memory Usage: 2415kB
                    ->  Seq Scan on title t  (cost=0.00..61283.27 rows=2528527 width=4) (actual time=0.017..1160.316 rows=2528312 loops=1)
Planning time: 1.157 ms
Execution time: 14100.767 ms
