Hash Join  (cost=83074.16..456443.73 rows=429 width=0) (actual time=3938.054..7654.851 rows=82 loops=1)
  Hash Cond: (mi.movie_id = t.id)
  ->  Seq Scan on movie_info mi  (cost=0.00..346232.03 rows=7235534 width=4) (actual time=0.014..5479.069 rows=7286865 loops=1)
        Filter: (info_type_id < 8)
        Rows Removed by Filter: 7548855
  ->  Hash  (cost=83072.29..83072.29 rows=150 width=8) (actual time=1295.133..1295.133 rows=19 loops=1)
        Buckets: 1024  Batches: 1  Memory Usage: 9kB
        ->  Nested Loop  (cost=0.43..83072.29 rows=150 width=8) (actual time=254.320..1295.103 rows=19 loops=1)
              ->  Seq Scan on movie_keyword mk  (cost=0.00..81003.12 rows=246 width=4) (actual time=31.183..1289.548 rows=95 loops=1)
                    Filter: (keyword_id = 15710)
                    Rows Removed by Filter: 4523835
              ->  Index Scan using title_pkey on title t  (cost=0.43..8.40 rows=1 width=4) (actual time=0.054..0.054 rows=0 loops=95)
                    Index Cond: (id = mk.movie_id)
                    Filter: (kind_id = 7)
                    Rows Removed by Filter: 1
Planning time: 0.790 ms
Execution time: 7655.010 ms
