Hash Join  (cost=894770.77..1399724.57 rows=857410 width=0) (actual time=16772.514..32828.401 rows=3331294 loops=1)
  Hash Cond: (mi.movie_id = t.id)
  ->  Seq Scan on movie_info mi  (cost=0.00..346232.03 rows=12928982 width=4) (actual time=0.029..7158.279 rows=12970088 loops=1)
        Filter: (info_type_id < 18)
        Rows Removed by Filter: 1865632
  ->  Hash  (cost=892018.71..892018.71 rows=167684 width=8) (actual time=16601.201..16601.201 rows=893588 loops=1)
        Buckets: 131072 (originally 131072)  Batches: 8 (originally 4)  Memory Usage: 5321kB
        ->  Hash Join  (cost=80549.28..892018.71 rows=167684 width=8) (actual time=8934.487..16329.494 rows=893588 loops=1)
              Hash Cond: (ci.movie_id = t.id)
              ->  Seq Scan on cast_info ci  (cost=0.00..796071.18 rows=1050244 width=4) (actual time=7513.512..13140.657 rows=3101156 loops=1)
                    Filter: ((person_id > 2810612) AND (role_id = 10))
                    Rows Removed by Filter: 33143188
              ->  Hash  (cost=73925.90..73925.90 rows=403710 width=4) (actual time=1419.945..1419.945 rows=434218 loops=1)
                    Buckets: 131072  Batches: 8  Memory Usage: 2935kB
                    ->  Seq Scan on title t  (cost=0.00..73925.90 rows=403710 width=4) (actual time=318.560..1276.534 rows=434218 loops=1)
                          Filter: ((production_year > 2008) AND (kind_id = 7))
                          Rows Removed by Filter: 2094094
Planning time: 1.362 ms
Execution time: 33198.862 ms
