Hash Join  (cost=179875.04..890647.70 rows=31833 width=0) (actual time=9978.888..17040.879 rows=106879 loops=1)
  Hash Cond: (ci.movie_id = t.id)
  ->  Seq Scan on cast_info ci  (cost=0.00..705507.15 rows=350181 width=4) (actual time=6202.396..13008.091 rows=316118 loops=1)
        Filter: (role_id > 10)
        Rows Removed by Filter: 35928226
  ->  Hash  (cost=176103.89..176103.89 rows=229852 width=8) (actual time=3775.379..3775.379 rows=346527 loops=1)
        Buckets: 131072 (originally 131072)  Batches: 8 (originally 4)  Memory Usage: 3073kB
        ->  Hash Join  (cost=102767.86..176103.89 rows=229852 width=8) (actual time=2068.579..3660.541 rows=346527 loops=1)
              Hash Cond: (mc.movie_id = t.id)
              ->  Seq Scan on movie_companies mc  (cost=0.00..57926.93 rows=229852 width=4) (actual time=0.036..894.962 rows=346527 loops=1)
                    Filter: ((company_id < 400) AND (company_type_id = 1))
                    Rows Removed by Filter: 2262602
              ->  Hash  (cost=61283.27..61283.27 rows=2528527 width=4) (actual time=2067.689..2067.689 rows=2528312 loops=1)
                    Buckets: 131072  Batches: 64  Memory Usage: 2415kB
                    ->  Seq Scan on title t  (cost=0.00..61283.27 rows=2528527 width=4) (actual time=0.017..1188.405 rows=2528312 loops=1)
Planning time: 1.115 ms
Execution time: 17055.566 ms
