Hash Join  (cost=69460.45..137624.35 rows=36480 width=0) (actual time=1000.837..2321.114 rows=22425 loops=1)
  Hash Cond: (mc.movie_id = t.id)
  ->  Seq Scan on movie_companies mc  (cost=0.00..57926.93 rows=815510 width=4) (actual time=3.182..1079.491 rows=606866 loops=1)
        Filter: ((company_id > 3613) AND (company_type_id < 2))
        Rows Removed by Filter: 2002263
  ->  Hash  (cost=67604.59..67604.59 rows=113109 width=4) (actual time=996.844..996.844 rows=119565 loops=1)
        Buckets: 131072  Batches: 2  Memory Usage: 3115kB
        ->  Seq Scan on title t  (cost=0.00..67604.59 rows=113109 width=4) (actual time=0.034..953.086 rows=119565 loops=1)
              Filter: (production_year = 2007)
              Rows Removed by Filter: 2408747
Planning time: 0.703 ms
Execution time: 2324.803 ms
