Hash Join  (cost=92883.59..997981.93 rows=6238983 width=0) (actual time=2112.041..23004.760 rows=5765538 loops=1)
  Hash Cond: (ci.movie_id = t.id)
  ->  Seq Scan on cast_info ci  (cost=0.00..705507.15 rows=10238472 width=4) (actual time=0.025..13341.529 rows=10066835 loops=1)
        Filter: (person_id < 989777)
        Rows Removed by Filter: 26177509
  ->  Hash  (cost=67604.59..67604.59 rows=1540800 width=4) (actual time=2110.630..2110.630 rows=1543264 loops=1)
        Buckets: 131072  Batches: 32  Memory Usage: 2722kB
        ->  Seq Scan on title t  (cost=0.00..67604.59 rows=1540800 width=4) (actual time=318.153..1401.523 rows=1543264 loops=1)
              Filter: (kind_id = 7)
              Rows Removed by Filter: 985048
Planning time: 0.726 ms
Execution time: 23715.526 ms
