Seq Scan on cast_info ci  (cost=0.00..796071.18 rows=5200080 width=0) (actual time=0.035..14758.290 rows=7450291 loops=1)
  Filter: ((person_id > 1006988) AND (role_id = 2))
  Rows Removed by Filter: 28794053
Planning time: 1.983 ms
Execution time: 15556.162 ms
