Seq Scan on movie_keyword mk  (cost=0.00..81003.12 rows=2918747 width=0) (actual time=0.025..1515.552 rows=2906743 loops=1)
  Filter: (keyword_id < 9329)
  Rows Removed by Filter: 1617187
Planning time: 0.325 ms
Execution time: 1883.686 ms
