Seq Scan on cast_info ci  (cost=0.00..705507.15 rows=10217720 width=0) (actual time=7.504..12053.676 rows=10036430 loops=1)
  Filter: (person_id < 987447)
  Rows Removed by Filter: 26207914
Planning time: 0.367 ms
Execution time: 13312.081 ms
