Hash Join  (cost=147039.22..505688.34 rows=91137 width=0) (actual time=7053.120..10050.318 rows=762419 loops=1)
  Hash Cond: (mi.movie_id = t.id)
  ->  Seq Scan on movie_info mi  (cost=0.00..346232.03 rows=3068194 width=4) (actual time=3492.329..4880.368 rows=3036719 loops=1)
        Filter: (info_type_id = 16)
        Rows Removed by Filter: 11799001
  ->  Hash  (cost=146100.38..146100.38 rows=75107 width=8) (actual time=3559.695..3559.695 rows=286332 loops=1)
        Buckets: 131072 (originally 131072)  Batches: 4 (originally 1)  Memory Usage: 3818kB
        ->  Hash Join  (cost=80148.57..146100.38 rows=75107 width=8) (actual time=1380.227..3457.388 rows=286332 loops=1)
              Hash Cond: (mc.movie_id = t.id)
              ->  Seq Scan on movie_companies mc  (cost=0.00..57926.93 rows=500749 width=4) (actual time=42.788..1064.017 rows=815498 loops=1)
                    Filter: ((company_id > 16925) AND (company_type_id = 2))
                    Rows Removed by Filter: 1793631
              ->  Hash  (cost=73925.90..73925.90 rows=379253 width=4) (actual time=1336.224..1336.224 rows=461364 loops=1)
                    Buckets: 131072  Batches: 8  Memory Usage: 3063kB
                    ->  Seq Scan on title t  (cost=0.00..73925.90 rows=379253 width=4) (actual time=0.069..1191.697 rows=461364 loops=1)
                          Filter: ((kind_id < 3) AND (production_year < 2004))
                          Rows Removed by Filter: 2066948
Planning time: 4.902 ms
Execution time: 10150.517 ms
