Seq Scan on movie_keyword mk  (cost=0.00..81003.12 rows=3701661 width=0) (actual time=0.024..1584.612 rows=3700701 loops=1)
  Filter: (keyword_id > 786)
  Rows Removed by Filter: 823229
Planning time: 0.323 ms
Execution time: 2051.534 ms
