Hash Join  (cost=195335.91..595379.89 rows=1386923 width=0) (actual time=5922.979..12993.041 rows=4948698 loops=1)
  Hash Cond: (mi.movie_id = t.id)
  ->  Seq Scan on movie_info mi  (cost=0.00..346232.03 rows=3068194 width=4) (actual time=1517.686..5697.942 rows=3036719 loops=1)
        Filter: (info_type_id = 16)
        Rows Removed by Filter: 11799001
  ->  Hash  (cost=176583.71..176583.71 rows=1142976 width=8) (actual time=4403.951..4403.951 rows=917132 loops=1)
        Buckets: 131072  Batches: 16  Memory Usage: 3263kB
        ->  Hash Join  (cost=85777.42..176583.71 rows=1142976 width=8) (actual time=1692.810..4151.282 rows=917132 loops=1)
              Hash Cond: (mc.movie_id = t.id)
              ->  Seq Scan on movie_companies mc  (cost=0.00..44881.29 rows=2609129 width=4) (actual time=0.015..847.283 rows=2609129 loops=1)
              ->  Hash  (cost=67604.59..67604.59 rows=1107667 width=4) (actual time=1691.804..1691.804 rows=1107925 loops=1)
                    Buckets: 131072  Batches: 16  Memory Usage: 3460kB
                    ->  Seq Scan on title t  (cost=0.00..67604.59 rows=1107667 width=4) (actual time=0.021..1327.518 rows=1107925 loops=1)
                          Filter: (production_year > 2004)
                          Rows Removed by Filter: 1420387
Planning time: 1.205 ms
Execution time: 13627.044 ms
