Seq Scan on cast_info ci  (cost=0.00..705507.15 rows=33613837 width=0) (actual time=0.020..13202.387 rows=33591730 loops=1)
  Filter: (person_id < 3550348)
  Rows Removed by Filter: 2652614
Planning time: 0.311 ms
Execution time: 17364.987 ms
