Seq Scan on cast_info ci  (cost=0.00..705507.15 rows=19340137 width=0) (actual time=0.018..9951.039 rows=19248662 loops=1)
  Filter: (person_id < 1923573)
  Rows Removed by Filter: 16995682
Planning time: 0.271 ms
Execution time: 12046.038 ms
