Hash Join  (cost=137099.79..969778.64 rows=260125 width=0) (actual time=2429.292..24160.698 rows=510183 loops=1)
  Hash Cond: (ci.movie_id = t.id)
  ->  Seq Scan on cast_info ci  (cost=0.00..705507.15 rows=33218785 width=4) (actual time=0.015..13558.436 rows=33312340 loops=1)
        Filter: (person_id > 285153)
        Rows Removed by Filter: 2932004
  ->  Hash  (cost=136852.29..136852.29 rows=19800 width=8) (actual time=2428.950..2428.950 rows=21376 loops=1)
        Buckets: 32768  Batches: 1  Memory Usage: 1091kB
        ->  Hash Join  (cost=74478.21..136852.29 rows=19800 width=8) (actual time=1303.413..2420.262 rows=21376 loops=1)
              Hash Cond: (mc.movie_id = t.id)
              ->  Seq Scan on movie_companies mc  (cost=0.00..57926.93 rows=1133107 width=4) (actual time=158.866..1045.714 rows=944355 loops=1)
                    Filter: ((company_id < 83236) AND (company_type_id > 1))
                    Rows Removed by Filter: 1664774
              ->  Hash  (cost=73925.90..73925.90 rows=44184 width=4) (actual time=1144.103..1144.103 rows=35489 loops=1)
                    Buckets: 65536  Batches: 1  Memory Usage: 1760kB
                    ->  Seq Scan on title t  (cost=0.00..73925.90 rows=44184 width=4) (actual time=0.065..1128.141 rows=35489 loops=1)
                          Filter: ((kind_id < 7) AND (production_year = 2007))
                          Rows Removed by Filter: 2492823
Planning time: 4.295 ms
Execution time: 24241.641 ms
