Hash Join  (cost=58375.46..85285.95 rows=1 width=0) (actual time=919.746..1374.715 rows=12 loops=1)
  Hash Cond: (mi_idx.movie_id = t.id)
  ->  Seq Scan on movie_info_idx mi_idx  (cost=0.00..21735.35 rows=1380035 width=4) (actual time=0.025..307.228 rows=1380035 loops=1)
  ->  Hash  (cost=58375.45..58375.45 rows=1 width=8) (actual time=824.583..824.583 rows=4 loops=1)
        Buckets: 1024  Batches: 1  Memory Usage: 9kB
        ->  Nested Loop  (cost=0.43..58375.45 rows=1 width=8) (actual time=684.339..824.570 rows=4 loops=1)
              ->  Seq Scan on movie_companies mc  (cost=0.00..57926.93 rows=53 width=4) (actual time=652.904..823.933 rows=13 loops=1)
                    Filter: ((company_id = 71332) AND (company_type_id = 2))
                    Rows Removed by Filter: 2609116
              ->  Index Scan using title_pkey on title t  (cost=0.43..8.45 rows=1 width=4) (actual time=0.044..0.044 rows=0 loops=13)
                    Index Cond: (id = mc.movie_id)
                    Filter: ((kind_id < 3) AND (production_year = 2011))
                    Rows Removed by Filter: 1
Planning time: 1.270 ms
Execution time: 1374.879 ms
