Nested Loop  (cost=0.43..709671.90 rows=500 width=0) (actual time=5331.018..10493.726 rows=1 loops=1)
  ->  Seq Scan on cast_info ci  (cost=0.00..705507.15 rows=500 width=4) (actual time=5330.933..10493.631 rows=1 loops=1)
        Filter: (person_id = 891889)
        Rows Removed by Filter: 36244343
  ->  Index Only Scan using title_pkey on title t  (cost=0.43..8.32 rows=1 width=4) (actual time=0.058..0.060 rows=1 loops=1)
        Index Cond: (id = ci.movie_id)
        Heap Fetches: 1
Planning time: 1.461 ms
Execution time: 10493.800 ms
