Hash Join  (cost=102767.86..1065359.37 rows=6509805 width=0) (actual time=12884.920..24416.121 rows=7451973 loops=1)
  Hash Cond: (ci.movie_id = t.id)
  ->  Seq Scan on cast_info ci  (cost=0.00..796071.18 rows=6509805 width=4) (actual time=10880.019..15855.963 rows=7451973 loops=1)
        Filter: ((person_id < 3332359) AND (role_id = 2))
        Rows Removed by Filter: 28792371
  ->  Hash  (cost=61283.27..61283.27 rows=2528527 width=4) (actual time=2003.541..2003.541 rows=2528312 loops=1)
        Buckets: 131072  Batches: 64  Memory Usage: 2415kB
        ->  Seq Scan on title t  (cost=0.00..61283.27 rows=2528527 width=4) (actual time=0.017..1116.611 rows=2528312 loops=1)
Planning time: 0.779 ms
Execution time: 25221.122 ms
