Seq Scan on movie_keyword mk  (cost=0.00..81003.12 rows=3709620 width=0) (actual time=0.047..1465.246 rows=3703580 loops=1)
  Filter: (keyword_id < 22362)
  Rows Removed by Filter: 820350
Planning time: 2.437 ms
Execution time: 1934.845 ms
