Seq Scan on movie_keyword mk  (cost=0.00..81003.12 rows=246 width=0) (actual time=3.923..1327.466 rows=446 loops=1)
  Filter: (keyword_id = 11976)
  Rows Removed by Filter: 4523484
Planning time: 0.355 ms
Execution time: 1327.747 ms
