Nested Loop  (cost=0.43..83072.29 rows=1 width=0) (actual time=27.490..1245.372 rows=12 loops=1)
  ->  Seq Scan on movie_keyword mk  (cost=0.00..81003.12 rows=246 width=4) (actual time=1.506..1208.027 rows=954 loops=1)
        Filter: (keyword_id = 641)
        Rows Removed by Filter: 4522976
  ->  Index Scan using title_pkey on title t  (cost=0.43..8.40 rows=1 width=4) (actual time=0.038..0.038 rows=0 loops=954)
        Index Cond: (id = mk.movie_id)
        Filter: (production_year = 1991)
        Rows Removed by Filter: 1
Planning time: 0.789 ms
Execution time: 1245.482 ms
