Hash Join  (cost=365418.15..1490963.40 rows=16191457 width=0) (actual time=18279.708..32785.901 rows=26537852 loops=1)
  Hash Cond: (ci.movie_id = t.id)
  ->  Seq Scan on cast_info ci  (cost=0.00..796071.18 rows=9049772 width=4) (actual time=9798.666..14322.666 rows=5552755 loops=1)
        Filter: ((person_id > 1979024) AND (role_id < 3))
        Rows Removed by Filter: 30691589
  ->  Hash  (cost=291197.02..291197.02 rows=4523930 width=8) (actual time=8478.677..8478.677 rows=4523930 loops=1)
        Buckets: 131072  Batches: 64  Memory Usage: 3816kB
        ->  Hash Join  (cost=102767.86..291197.02 rows=4523930 width=8) (actual time=1985.197..7240.978 rows=4523930 loops=1)
              Hash Cond: (mk.movie_id = t.id)
              ->  Seq Scan on movie_keyword mk  (cost=0.00..69693.30 rows=4523930 width=4) (actual time=0.029..1411.084 rows=4523930 loops=1)
              ->  Hash  (cost=61283.27..61283.27 rows=2528527 width=4) (actual time=1982.486..1982.486 rows=2528312 loops=1)
                    Buckets: 131072  Batches: 64  Memory Usage: 2425kB
                    ->  Seq Scan on title t  (cost=0.00..61283.27 rows=2528527 width=4) (actual time=0.018..1120.773 rows=2528312 loops=1)
Planning time: 2.640 ms
Execution time: 35715.606 ms
