Hash Join  (cost=97102.97..1440800.36 rows=25758821 width=0) (actual time=1904.956..41941.571 rows=27477865 loops=1)
  Hash Cond: (ci.movie_id = t.id)
  ->  Seq Scan on cast_info ci  (cost=0.00..614943.12 rows=36225612 width=4) (actual time=0.023..13001.706 rows=36244344 loops=1)
  ->  Hash  (cost=67604.59..67604.59 rows=1797951 width=4) (actual time=1903.651..1903.651 rows=1793384 loops=1)
        Buckets: 131072  Batches: 32  Memory Usage: 2998kB
        ->  Seq Scan on title t  (cost=0.00..67604.59 rows=1797951 width=4) (actual time=0.017..1313.066 rows=1793384 loops=1)
              Filter: (production_year > 1988)
              Rows Removed by Filter: 734928
Planning time: 2.629 ms
Execution time: 45000.200 ms
