Hash Join  (cost=102767.86..1013994.35 rows=4375096 width=0) (actual time=3813.015..17655.370 rows=2188328 loops=1)
  Hash Cond: (ci.movie_id = t.id)
  ->  Seq Scan on cast_info ci  (cost=0.00..796071.18 rows=4375096 width=4) (actual time=1896.239..13206.028 rows=2188328 loops=1)
        Filter: ((person_id < 1642954) AND (role_id > 4))
        Rows Removed by Filter: 34056016
  ->  Hash  (cost=61283.27..61283.27 rows=2528527 width=4) (actual time=1915.082..1915.082 rows=2528312 loops=1)
        Buckets: 131072  Batches: 64  Memory Usage: 2415kB
        ->  Seq Scan on title t  (cost=0.00..61283.27 rows=2528527 width=4) (actual time=0.028..1053.706 rows=2528312 loops=1)
Planning time: 0.602 ms
Execution time: 17921.010 ms
