Seq Scan on title t  (cost=0.00..73925.90 rows=2905 width=0) (actual time=422.825..1235.418 rows=2433 loops=1)
  Filter: ((kind_id < 7) AND (production_year = 1933))
  Rows Removed by Filter: 2525879
Planning time: 0.391 ms
Execution time: 1236.132 ms
