Seq Scan on movie_keyword mk  (cost=0.00..81003.12 rows=246 width=0) (actual time=2.086..1249.721 rows=435 loops=1)
  Filter: (keyword_id = 1558)
  Rows Removed by Filter: 4523495
Planning time: 0.355 ms
Execution time: 1250.020 ms
