Hash Join  (cost=236307.35..607866.86 rows=561997 width=0) (actual time=6150.068..10944.321 rows=1187659 loops=1)
  Hash Cond: (mi.movie_id = t.id)
  ->  Seq Scan on movie_info mi  (cost=0.00..346232.03 rows=1348138 width=4) (actual time=1416.580..5065.212 rows=1298989 loops=1)
        Filter: (info_type_id = 4)
        Rows Removed by Filter: 13536731
  ->  Hash  (cost=219013.54..219013.54 rows=1054065 width=8) (actual time=4732.409..4732.409 rows=1061117 loops=1)
        Buckets: 131072  Batches: 16  Memory Usage: 3721kB
        ->  Hash Join  (cost=102767.86..219013.54 rows=1054065 width=8) (actual time=1900.417..4444.954 rows=1061117 loops=1)
              Hash Cond: (mk.movie_id = t.id)
              ->  Seq Scan on movie_keyword mk  (cost=0.00..81003.12 rows=1054065 width=4) (actual time=0.047..1352.315 rows=1061117 loops=1)
                    Filter: (keyword_id < 1060)
                    Rows Removed by Filter: 3462813
              ->  Hash  (cost=61283.27..61283.27 rows=2528527 width=4) (actual time=1899.278..1899.278 rows=2528312 loops=1)
                    Buckets: 131072  Batches: 64  Memory Usage: 2425kB
                    ->  Seq Scan on title t  (cost=0.00..61283.27 rows=2528527 width=4) (actual time=0.020..1037.840 rows=2528312 loops=1)
Planning time: 1.196 ms
Execution time: 11083.246 ms
