Hash Join  (cost=89201.08..177494.93 rows=960733 width=0) (actual time=1724.158..4150.302 rows=707827 loops=1)
  Hash Cond: (mc.movie_id = t.id)
  ->  Seq Scan on movie_companies mc  (cost=0.00..44881.29 rows=2609129 width=4) (actual time=0.023..861.884 rows=2609129 loops=1)
  ->  Hash  (cost=73925.90..73925.90 rows=931054 width=4) (actual time=1723.195..1723.195 rows=852178 loops=1)
        Buckets: 131072  Batches: 16  Memory Usage: 2899kB
        ->  Seq Scan on title t  (cost=0.00..73925.90 rows=931054 width=4) (actual time=0.018..1443.622 rows=852178 loops=1)
              Filter: ((kind_id > 1) AND (production_year < 2004))
              Rows Removed by Filter: 1676134
Planning time: 0.777 ms
Execution time: 4230.617 ms
