Seq Scan on cast_info ci  (cost=0.00..796071.18 rows=34235 width=0) (actual time=3982.936..11094.017 rows=11858 loops=1)
  Filter: ((person_id < 328514) AND (role_id > 10))
  Rows Removed by Filter: 36232486
Planning time: 0.338 ms
Execution time: 11095.746 ms
