Hash Join  (cost=158916.24..547428.29 rows=59813 width=0) (actual time=2477.348..10703.757 rows=8316 loops=1)
  Hash Cond: (mi.movie_id = t.id)
  ->  Seq Scan on movie_info mi  (cost=0.00..346232.03 rows=11115165 width=4) (actual time=0.011..6529.383 rows=11210743 loops=1)
        Filter: (info_type_id > 3)
        Rows Removed by Filter: 3624977
  ->  Hash  (cost=158746.16..158746.16 rows=13607 width=8) (actual time=2470.912..2470.912 rows=2116 loops=1)
        Buckets: 16384  Batches: 1  Memory Usage: 211kB
        ->  Hash Join  (cost=74434.21..158746.16 rows=13607 width=8) (actual time=953.568..2469.965 rows=2116 loops=1)
              Hash Cond: (mk.movie_id = t.id)
              ->  Seq Scan on movie_keyword mk  (cost=0.00..81003.12 rows=846068 width=4) (actual time=0.027..1350.455 rows=852258 loops=1)
                    Filter: (keyword_id > 21553)
                    Rows Removed by Filter: 3671672
              ->  Hash  (cost=73925.90..73925.90 rows=40664 width=4) (actual time=953.087..953.087 rows=40257 loops=1)
                    Buckets: 65536  Batches: 1  Memory Usage: 1928kB
                    ->  Seq Scan on title t  (cost=0.00..73925.90 rows=40664 width=4) (actual time=0.025..936.972 rows=40257 loops=1)
                          Filter: ((production_year > 2012) AND (kind_id = 7))
                          Rows Removed by Filter: 2488055
Planning time: 1.228 ms
Execution time: 10705.309 ms
