Seq Scan on movie_keyword mk  (cost=0.00..81003.12 rows=972296 width=0) (actual time=0.019..1385.204 rows=977238 loops=1)
  Filter: (keyword_id > 19117)
  Rows Removed by Filter: 3546692
Planning time: 0.300 ms
Execution time: 1509.915 ms
