Hash Join  (cost=68912.20..192651.29 rows=142505 width=0) (actual time=1245.721..4212.904 rows=33203 loops=1)
  Hash Cond: (mk.movie_id = t.id)
  ->  Seq Scan on movie_keyword mk  (cost=0.00..69693.30 rows=4523930 width=4) (actual time=0.024..1354.540 rows=4523930 loops=1)
  ->  Hash  (cost=67604.59..67604.59 rows=79649 width=4) (actual time=1244.549..1244.549 rows=77866 loops=1)
        Buckets: 131072  Batches: 2  Memory Usage: 2395kB
        ->  Seq Scan on title t  (cost=0.00..67604.59 rows=79649 width=4) (actual time=195.824..1214.551 rows=77866 loops=1)
              Filter: (production_year < 1918)
              Rows Removed by Filter: 2450446
Planning time: 5.774 ms
Execution time: 4222.604 ms
