Seq Scan on movie_companies mc  (cost=0.00..51404.11 rows=678805 width=0) (actual time=0.021..1023.125 rows=670090 loops=1)
  Filter: (company_id < 1070)
  Rows Removed by Filter: 1939039
Planning time: 0.334 ms
Execution time: 1111.381 ms
