Hash Join  (cost=78556.72..146514.97 rows=137962 width=0) (actual time=1532.760..2499.830 rows=184967 loops=1)
  Hash Cond: (mc.movie_id = t.id)
  ->  Seq Scan on movie_companies mc  (cost=0.00..57926.93 rows=522585 width=4) (actual time=182.405..881.398 rows=233336 loops=1)
        Filter: ((company_id > 14423) AND (company_type_id < 2))
        Rows Removed by Filter: 2375793
  ->  Hash  (cost=67604.59..67604.59 rows=667531 width=4) (actual time=1349.436..1349.436 rows=662825 loops=1)
        Buckets: 131072  Batches: 16  Memory Usage: 2476kB
        ->  Seq Scan on title t  (cost=0.00..67604.59 rows=667531 width=4) (actual time=0.091..1129.825 rows=662825 loops=1)
              Filter: (kind_id = 1)
              Rows Removed by Filter: 1865487
Planning time: 0.509 ms
Execution time: 2521.627 ms
