Hash Join  (cost=102767.86..1091779.32 rows=7607771 width=0) (actual time=2764.162..29097.630 rows=12670688 loops=1)
  Hash Cond: (ci.movie_id = t.id)
  ->  Seq Scan on cast_info ci  (cost=0.00..796071.18 rows=7607771 width=4) (actual time=699.082..15309.895 rows=12670688 loops=1)
        Filter: ((person_id < 2181746) AND (role_id < 2))
        Rows Removed by Filter: 23573656
  ->  Hash  (cost=61283.27..61283.27 rows=2528527 width=4) (actual time=2063.976..2063.976 rows=2528312 loops=1)
        Buckets: 131072  Batches: 64  Memory Usage: 2415kB
        ->  Seq Scan on title t  (cost=0.00..61283.27 rows=2528527 width=4) (actual time=0.016..1206.399 rows=2528312 loops=1)
Planning time: 11.687 ms
Execution time: 30550.007 ms
