Seq Scan on title t  (cost=0.00..73925.90 rows=42110 width=0) (actual time=0.040..1234.904 rows=33905 loops=1)
  Filter: ((kind_id < 7) AND (production_year = 2006))
  Rows Removed by Filter: 2494407
Planning time: 0.381 ms
Execution time: 1240.507 ms
