Hash Join  (cost=946146.17..1518100.37 rows=5337755 width=0) (actual time=17248.357..33794.580 rows=6179988 loops=1)
  Hash Cond: (mi.movie_id = t.id)
  ->  Seq Scan on movie_info mi  (cost=0.00..346232.03 rows=14592968 width=4) (actual time=0.018..7409.920 rows=14637966 loops=1)
        Filter: (info_type_id < 107)
        Rows Removed by Filter: 197754
  ->  Hash  (cost=930972.24..930972.24 rows=924874 width=8) (actual time=17247.349..17247.349 rows=948547 loops=1)
        Buckets: 131072  Batches: 16  Memory Usage: 3334kB
        ->  Hash Join  (cost=102767.86..930972.24 rows=924874 width=8) (actual time=2622.701..16984.597 rows=948547 loops=1)
              Hash Cond: (ci.movie_id = t.id)
              ->  Seq Scan on cast_info ci  (cost=0.00..796071.18 rows=924874 width=4) (actual time=474.567..13665.914 rows=948547 loops=1)
                    Filter: ((person_id > 1661864) AND (role_id = 8))
                    Rows Removed by Filter: 35295797
              ->  Hash  (cost=61283.27..61283.27 rows=2528527 width=4) (actual time=2146.850..2146.850 rows=2528312 loops=1)
                    Buckets: 131072  Batches: 64  Memory Usage: 2415kB
                    ->  Seq Scan on title t  (cost=0.00..61283.27 rows=2528527 width=4) (actual time=0.018..1083.328 rows=2528312 loops=1)
Planning time: 1.210 ms
Execution time: 34530.641 ms
