Hash Join  (cost=137849.68..505809.91 rows=330430 width=0) (actual time=2796.601..11604.968 rows=860326 loops=1)
  Hash Cond: (mi.movie_id = t.id)
  ->  Seq Scan on movie_info mi  (cost=0.00..309384.22 rows=14739122 width=4) (actual time=0.010..4632.930 rows=14835720 loops=1)
  ->  Hash  (cost=137141.10..137141.10 rows=56686 width=8) (actual time=2796.014..2796.014 rows=48291 loops=1)
        Buckets: 65536  Batches: 1  Memory Usage: 2399kB
        ->  Hash Join  (cost=69374.09..137141.10 rows=56686 width=8) (actual time=1209.001..2777.868 rows=48291 loops=1)
              Hash Cond: (mc.movie_id = t.id)
              ->  Seq Scan on movie_companies mc  (cost=0.00..51404.11 rows=1329612 width=4) (actual time=0.025..1067.030 rows=1334883 loops=1)
                    Filter: (company_type_id = 2)
                    Rows Removed by Filter: 1274246
              ->  Hash  (cost=67604.59..67604.59 rows=107800 width=4) (actual time=1208.161..1208.161 rows=108429 loops=1)
                    Buckets: 131072  Batches: 2  Memory Usage: 2931kB
                    ->  Seq Scan on title t  (cost=0.00..67604.59 rows=107800 width=4) (actual time=0.033..1167.991 rows=108429 loops=1)
                          Filter: (production_year = 2006)
                          Rows Removed by Filter: 2419883
Planning time: 1.266 ms
Execution time: 11720.332 ms
