Hash Join  (cost=362163.45..1892314.51 rows=41888774 width=0) (actual time=8466.067..69861.953 rows=136985053 loops=1)
  Hash Cond: (ci.movie_id = t.id)
  ->  Seq Scan on cast_info ci  (cost=0.00..705507.15 rows=25436023 width=4) (actual time=0.012..15831.981 rows=25599027 loops=1)
        Filter: (person_id > 1044471)
        Rows Removed by Filter: 10645317
  ->  Hash  (cost=293846.81..293846.81 rows=4164051 width=8) (actual time=8464.224..8464.224 rows=4166196 loops=1)
        Buckets: 131072  Batches: 64  Memory Usage: 3588kB
        ->  Hash Join  (cost=102767.86..293846.81 rows=4164051 width=8) (actual time=2108.358..7328.253 rows=4166196 loops=1)
              Hash Cond: (mk.movie_id = t.id)
              ->  Seq Scan on movie_keyword mk  (cost=0.00..81003.12 rows=4164051 width=4) (actual time=0.020..1832.195 rows=4166196 loops=1)
                    Filter: (keyword_id < 46740)
                    Rows Removed by Filter: 357734
              ->  Hash  (cost=61283.27..61283.27 rows=2528527 width=4) (actual time=2106.484..2106.484 rows=2528312 loops=1)
                    Buckets: 131072  Batches: 64  Memory Usage: 2425kB
                    ->  Seq Scan on title t  (cost=0.00..61283.27 rows=2528527 width=4) (actual time=0.016..1243.023 rows=2528312 loops=1)
Planning time: 1.072 ms
Execution time: 84007.235 ms
