Hash Join  (cost=495870.39..1666915.64 rows=13359903 width=0) (actual time=9434.160..46777.676 rows=19206666 loops=1)
  Hash Cond: (ci.movie_id = t.id)
  ->  Seq Scan on cast_info ci  (cost=0.00..614943.12 rows=36225612 width=4) (actual time=0.021..13457.695 rows=36244344 loops=1)
  ->  Hash  (cost=480570.96..480570.96 rows=932514 width=8) (actual time=9433.089..9433.089 rows=967768 loops=1)
        Buckets: 131072  Batches: 16  Memory Usage: 3384kB
        ->  Hash Join  (cost=86534.07..480570.96 rows=932514 width=8) (actual time=1410.838..9127.104 rows=967768 loops=1)
              Hash Cond: (mi.movie_id = t.id)
              ->  Seq Scan on movie_info mi  (cost=0.00..346232.03 rows=3068194 width=4) (actual time=0.019..5789.530 rows=3036719 loops=1)
                    Filter: (info_type_id = 16)
                    Rows Removed by Filter: 11799001
              ->  Hash  (cost=73925.90..73925.90 rows=768493 width=4) (actual time=1409.696..1409.696 rows=840010 loops=1)
                    Buckets: 131072  Batches: 16  Memory Usage: 2883kB
                    ->  Seq Scan on title t  (cost=0.00..73925.90 rows=768493 width=4) (actual time=0.014..1128.402 rows=840010 loops=1)
                          Filter: ((production_year > 2002) AND (kind_id = 7))
                          Rows Removed by Filter: 1688302
Planning time: 1.197 ms
Execution time: 49058.243 ms
