Hash Join  (cost=176555.46..1290922.05 rows=7842442 width=0) (actual time=3717.906..34749.797 rows=8113319 loops=1)
  Hash Cond: (ci.movie_id = t.id)
  ->  Seq Scan on cast_info ci  (cost=0.00..614943.12 rows=36225612 width=4) (actual time=0.020..13332.363 rows=36244344 loops=1)
  ->  Hash  (cost=167573.99..167573.99 rows=547398 width=8) (actual time=3717.058..3717.058 rows=191469 loops=1)
        Buckets: 131072  Batches: 8  Memory Usage: 1940kB
        ->  Hash Join  (cost=91673.71..167573.99 rows=547398 width=8) (actual time=2053.932..3660.244 rows=191469 loops=1)
              Hash Cond: (mc.movie_id = t.id)
              ->  Seq Scan on movie_companies mc  (cost=0.00..51404.11 rows=1279517 width=4) (actual time=289.729..1036.390 rows=1274246 loops=1)
                    Filter: (company_type_id = 1)
                    Rows Removed by Filter: 1334883
              ->  Hash  (cost=73925.90..73925.90 rows=1081744 width=4) (actual time=1763.095..1763.095 rows=1176905 loops=1)
                    Buckets: 131072  Batches: 16  Memory Usage: 3619kB
                    ->  Seq Scan on title t  (cost=0.00..73925.90 rows=1081744 width=4) (actual time=335.570..1415.291 rows=1176905 loops=1)
                          Filter: ((production_year > 1989) AND (kind_id = 7))
                          Rows Removed by Filter: 1351407
Planning time: 1.195 ms
Execution time: 35664.018 ms
