Hash Join  (cost=267574.06..371870.10 rows=1884910 width=0) (actual time=6297.161..11780.545 rows=14571133 loops=1)
  Hash Cond: (mc.movie_id = t.id)
  ->  Seq Scan on movie_companies mc  (cost=0.00..44881.29 rows=2609129 width=4) (actual time=0.016..984.497 rows=2609129 loops=1)
  ->  Hash  (cost=237604.55..237604.55 rows=1826681 width=8) (actual time=6296.161..6296.161 rows=1831890 loops=1)
        Buckets: 131072  Batches: 32  Memory Usage: 3248kB
        ->  Hash Join  (cost=102767.86..237604.55 rows=1826681 width=8) (actual time=2035.898..5767.795 rows=1831890 loops=1)
              Hash Cond: (mk.movie_id = t.id)
              ->  Seq Scan on movie_keyword mk  (cost=0.00..81003.12 rows=1826681 width=4) (actual time=0.027..1670.658 rows=1831890 loops=1)
                    Filter: (keyword_id > 7613)
                    Rows Removed by Filter: 2692040
              ->  Hash  (cost=61283.27..61283.27 rows=2528527 width=4) (actual time=2034.387..2034.387 rows=2528312 loops=1)
                    Buckets: 131072  Batches: 64  Memory Usage: 2425kB
                    ->  Seq Scan on title t  (cost=0.00..61283.27 rows=2528527 width=4) (actual time=0.018..1180.504 rows=2528312 loops=1)
Planning time: 1.105 ms
Execution time: 13293.416 ms
