Hash Join  (cost=115000.72..170250.41 rows=58416 width=0) (actual time=2137.192..3462.416 rows=181519 loops=1)
  Hash Cond: (mc.movie_id = t.id)
  ->  Seq Scan on movie_companies mc  (cost=0.00..44881.29 rows=2609129 width=4) (actual time=0.017..646.582 rows=2609129 loops=1)
  ->  Hash  (cost=114293.07..114293.07 rows=56612 width=8) (actual time=2136.771..2136.771 rows=52590 loops=1)
        Buckets: 65536  Batches: 1  Memory Usage: 2567kB
        ->  Hash Join  (cost=75628.47..114293.07 rows=56612 width=8) (actual time=1458.818..2121.177 rows=52590 loops=1)
              Hash Cond: (mi_idx.movie_id = t.id)
              ->  Seq Scan on movie_info_idx mi_idx  (cost=0.00..21735.35 rows=1380035 width=4) (actual time=0.020..426.969 rows=1380035 loops=1)
              ->  Hash  (cost=73925.90..73925.90 rows=103725 width=4) (actual time=1234.393..1234.393 rows=98992 loops=1)
                    Buckets: 131072  Batches: 2  Memory Usage: 2760kB
                    ->  Seq Scan on title t  (cost=0.00..73925.90 rows=103725 width=4) (actual time=0.019..1199.268 rows=98992 loops=1)
                          Filter: ((production_year > 2010) AND (kind_id = 1))
                          Rows Removed by Filter: 2429320
Planning time: 1.149 ms
Execution time: 3485.869 ms
