Seq Scan on movie_keyword mk  (cost=0.00..81003.12 rows=2117423 width=0) (actual time=0.023..1409.565 rows=2121137 loops=1)
  Filter: (keyword_id < 3894)
  Rows Removed by Filter: 2402793
Planning time: 0.322 ms
Execution time: 1665.038 ms
