Seq Scan on movie_companies mc  (cost=0.00..51404.11 rows=680438 width=0) (actual time=0.023..906.385 rows=672329 loops=1)
  Filter: (company_id < 1085)
  Rows Removed by Filter: 1936800
Planning time: 0.342 ms
Execution time: 989.678 ms
