Hash Join  (cost=436434.42..1206444.83 rows=87297 width=0) (actual time=7990.832..25025.790 rows=268845 loops=1)
  Hash Cond: (ci.movie_id = t.id)
  ->  Seq Scan on cast_info ci  (cost=0.00..705507.15 rows=12726058 width=4) (actual time=0.018..13842.703 rows=12670688 loops=1)
        Filter: (role_id = 1)
        Rows Removed by Filter: 23573656
  ->  Hash  (cost=436217.60..436217.60 rows=17345 width=8) (actual time=7985.537..7985.537 rows=32158 loops=1)
        Buckets: 32768  Batches: 1  Memory Usage: 1513kB
        ->  Hash Join  (cost=67697.55..436217.60 rows=17345 width=8) (actual time=3500.432..7971.280 rows=32158 loops=1)
              Hash Cond: (mi.movie_id = t.id)
              ->  Seq Scan on movie_info mi  (cost=0.00..346232.03 rows=5897221 width=4) (actual time=2239.840..5673.323 rows=5884963 loops=1)
                    Filter: (info_type_id < 7)
                    Rows Removed by Filter: 8950757
              ->  Hash  (cost=67604.59..67604.59 rows=7437 width=4) (actual time=1242.924..1242.924 rows=9768 loops=1)
                    Buckets: 16384 (originally 8192)  Batches: 1 (originally 1)  Memory Usage: 472kB
                    ->  Seq Scan on title t  (cost=0.00..67604.59 rows=7437 width=4) (actual time=0.024..1237.955 rows=9768 loops=1)
                          Filter: (production_year = 1958)
                          Rows Removed by Filter: 2518544
Planning time: 1.176 ms
Execution time: 25060.959 ms
