Hash Join  (cost=286229.58..926745.89 rows=13334948 width=0) (actual time=6919.587..47980.410 rows=126152133 loops=1)
  Hash Cond: (mi.movie_id = t.id)
  ->  Seq Scan on movie_info mi  (cost=0.00..309384.22 rows=14739122 width=4) (actual time=0.022..6054.817 rows=14835720 loops=1)
  ->  Hash  (cost=248697.10..248697.10 rows=2287638 width=8) (actual time=6918.660..6918.660 rows=2295057 loops=1)
        Buckets: 131072  Batches: 32  Memory Usage: 3884kB
        ->  Hash Join  (cost=102767.86..248697.10 rows=2287638 width=8) (actual time=1990.167..6272.233 rows=2295057 loops=1)
              Hash Cond: (mk.movie_id = t.id)
              ->  Seq Scan on movie_keyword mk  (cost=0.00..81003.12 rows=2287638 width=4) (actual time=0.015..1669.327 rows=2295057 loops=1)
                    Filter: (keyword_id > 4583)
                    Rows Removed by Filter: 2228873
              ->  Hash  (cost=61283.27..61283.27 rows=2528527 width=4) (actual time=1986.019..1986.019 rows=2528312 loops=1)
                    Buckets: 131072  Batches: 64  Memory Usage: 2425kB
                    ->  Seq Scan on title t  (cost=0.00..61283.27 rows=2528527 width=4) (actual time=0.016..1090.554 rows=2528312 loops=1)
Planning time: 1.219 ms
Execution time: 61262.696 ms
