Hash Join  (cost=74118.09..136047.81 rows=6387 width=0) (actual time=1209.918..2245.390 rows=10841 loops=1)
  Hash Cond: (mc.movie_id = t.id)
  ->  Seq Scan on movie_companies mc  (cost=0.00..57926.93 rows=1050377 width=4) (actual time=29.774..1082.668 rows=928308 loops=1)
        Filter: ((company_id > 395) AND (company_type_id < 2))
        Rows Removed by Filter: 1680821
  ->  Hash  (cost=73925.90..73925.90 rows=15375 width=4) (actual time=998.367..998.367 rows=8740 loops=1)
        Buckets: 16384  Batches: 1  Memory Usage: 436kB
        ->  Seq Scan on title t  (cost=0.00..73925.90 rows=15375 width=4) (actual time=0.223..994.604 rows=8740 loops=1)
              Filter: ((kind_id = 1) AND (production_year = 2001))
              Rows Removed by Filter: 2519572
Planning time: 0.805 ms
Execution time: 2247.099 ms
