Hash Join  (cost=81711.23..165189.71 rows=421987 width=0) (actual time=1537.161..3696.868 rows=168285 loops=1)
  Hash Cond: (mc.movie_id = t.id)
  ->  Seq Scan on movie_companies mc  (cost=0.00..51404.11 rows=2248666 width=4) (actual time=4.349..1207.087 rows=2251064 loops=1)
        Filter: (company_id > 180)
        Rows Removed by Filter: 358065
  ->  Hash  (cost=73925.90..73925.90 rows=474506 width=4) (actual time=1188.035..1188.035 rows=360459 loops=1)
        Buckets: 131072  Batches: 8  Memory Usage: 2595kB
        ->  Seq Scan on title t  (cost=0.00..73925.90 rows=474506 width=4) (actual time=0.025..1073.816 rows=360459 loops=1)
              Filter: ((production_year < 1994) AND (kind_id = 7))
              Rows Removed by Filter: 2167853
Planning time: 0.784 ms
Execution time: 3715.143 ms
