Hash Join  (cost=263115.61..426155.35 rows=3040596 width=0) (actual time=5918.302..15026.218 rows=23261964 loops=1)
  Hash Cond: (mk.movie_id = t.id)
  ->  Seq Scan on movie_keyword mk  (cost=0.00..81003.12 rows=2946665 width=4) (actual time=0.017..1826.698 rows=2937490 loops=1)
        Filter: (keyword_id > 2418)
        Rows Removed by Filter: 1586440
  ->  Hash  (cost=220309.49..220309.49 rows=2609129 width=8) (actual time=5916.897..5916.897 rows=2609129 loops=1)
        Buckets: 131072  Batches: 64  Memory Usage: 2691kB
        ->  Hash Join  (cost=102767.86..220309.49 rows=2609129 width=8) (actual time=1903.176..5239.256 rows=2609129 loops=1)
              Hash Cond: (mc.movie_id = t.id)
              ->  Seq Scan on movie_companies mc  (cost=0.00..44881.29 rows=2609129 width=4) (actual time=0.022..916.665 rows=2609129 loops=1)
              ->  Hash  (cost=61283.27..61283.27 rows=2528527 width=4) (actual time=1899.781..1899.781 rows=2528312 loops=1)
                    Buckets: 131072  Batches: 64  Memory Usage: 2415kB
                    ->  Seq Scan on title t  (cost=0.00..61283.27 rows=2528527 width=4) (actual time=0.034..1058.455 rows=2528312 loops=1)
Planning time: 10.431 ms
Execution time: 17631.324 ms
