Hash Join  (cost=193018.82..1176716.59 rows=3578830 width=0) (actual time=4146.908..35213.238 rows=24433562 loops=1)
  Hash Cond: (ci.movie_id = t.id)
  ->  Seq Scan on cast_info ci  (cost=0.00..705507.15 rows=20817421 width=4) (actual time=0.024..14358.384 rows=20957028 loops=1)
        Filter: (person_id > 1505454)
        Rows Removed by Filter: 15287316
  ->  Hash  (cost=185886.17..185886.17 rows=434692 width=8) (actual time=4145.856..4145.856 rows=981455 loops=1)
        Buckets: 131072 (originally 131072)  Batches: 16 (originally 8)  Memory Usage: 3452kB
        ->  Hash Join  (cost=83810.17..185886.17 rows=434692 width=8) (actual time=1370.986..3850.931 rows=981455 loops=1)
              Hash Cond: (mk.movie_id = t.id)
              ->  Seq Scan on movie_keyword mk  (cost=0.00..81003.12 rows=1112788 width=4) (actual time=0.013..1478.212 rows=1119632 loops=1)
                    Filter: (keyword_id < 1190)
                    Rows Removed by Filter: 3404298
              ->  Hash  (cost=67604.59..67604.59 rows=987727 width=4) (actual time=1369.890..1369.890 rows=985048 loops=1)
                    Buckets: 131072  Batches: 16  Memory Usage: 3197kB
                    ->  Seq Scan on title t  (cost=0.00..67604.59 rows=987727 width=4) (actual time=0.021..1055.768 rows=985048 loops=1)
                          Filter: (kind_id < 7)
                          Rows Removed by Filter: 1543264
Planning time: 1.171 ms
Execution time: 37951.629 ms
