Hash Join  (cost=139354.68..263174.55 rows=149183 width=0) (actual time=2632.225..5375.584 rows=534880 loops=1)
  Hash Cond: (mk.movie_id = t.id)
  ->  Seq Scan on movie_keyword mk  (cost=0.00..69693.30 rows=4523930 width=4) (actual time=0.024..1330.569 rows=4523930 loops=1)
  ->  Hash  (cost=137986.41..137986.41 rows=83382 width=8) (actual time=2631.381..2631.381 rows=45850 loops=1)
        Buckets: 131072  Batches: 2  Memory Usage: 1935kB
        ->  Hash Join  (cost=70308.29..137986.41 rows=83382 width=8) (actual time=1109.107..2614.681 rows=45850 loops=1)
              Hash Cond: (mc.movie_id = t.id)
              ->  Seq Scan on movie_companies mc  (cost=0.00..51404.11 rows=1279517 width=4) (actual time=0.026..978.068 rows=1274246 loops=1)
                    Filter: (company_type_id = 1)
                    Rows Removed by Filter: 1334883
              ->  Hash  (cost=67604.59..67604.59 rows=164776 width=4) (actual time=1108.187..1108.187 rows=164307 loops=1)
                    Buckets: 131072  Batches: 4  Memory Usage: 2482kB
                    ->  Seq Scan on title t  (cost=0.00..67604.59 rows=164776 width=4) (actual time=0.022..1051.621 rows=164307 loops=1)
                          Filter: (production_year = 2012)
                          Rows Removed by Filter: 2364005
Planning time: 1.187 ms
Execution time: 5440.225 ms
