Hash Join  (cost=156649.15..686968.22 rows=2500870 width=0) (actual time=3269.283..18926.004 rows=6074845 loops=1)
  Hash Cond: (mi.movie_id = t.id)
  ->  Seq Scan on movie_info mi  (cost=0.00..346232.03 rows=13600892 width=4) (actual time=0.030..7233.268 rows=13641948 loops=1)
        Filter: (info_type_id < 41)
        Rows Removed by Filter: 1193772
  ->  Hash  (cost=149020.47..149020.47 rows=464934 width=8) (actual time=3268.469..3268.469 rows=460185 loops=1)
        Buckets: 131072  Batches: 8  Memory Usage: 3286kB
        ->  Hash Join  (cost=102767.86..149020.47 rows=464934 width=8) (actual time=1868.206..3127.191 rows=460185 loops=1)
              Hash Cond: (mi_idx.movie_id = t.id)
              ->  Seq Scan on movie_info_idx mi_idx  (cost=0.00..25185.44 rows=464934 width=4) (actual time=0.034..457.368 rows=460185 loops=1)
                    Filter: (info_type_id > 100)
                    Rows Removed by Filter: 919850
              ->  Hash  (cost=61283.27..61283.27 rows=2528527 width=4) (actual time=1866.542..1866.542 rows=2528312 loops=1)
                    Buckets: 131072  Batches: 64  Memory Usage: 2415kB
                    ->  Seq Scan on title t  (cost=0.00..61283.27 rows=2528527 width=4) (actual time=0.012..1026.656 rows=2528312 loops=1)
Planning time: 1.081 ms
Execution time: 19629.183 ms
