Hash Join  (cost=102767.86..210088.69 rows=683182 width=0) (actual time=1934.466..4242.568 rows=680183 loops=1)
  Hash Cond: (mk.movie_id = t.id)
  ->  Seq Scan on movie_keyword mk  (cost=0.00..81003.12 rows=683182 width=4) (actual time=0.022..1391.336 rows=680183 loops=1)
        Filter: (keyword_id < 561)
        Rows Removed by Filter: 3843747
  ->  Hash  (cost=61283.27..61283.27 rows=2528527 width=4) (actual time=1933.588..1933.588 rows=2528312 loops=1)
        Buckets: 131072  Batches: 64  Memory Usage: 2425kB
        ->  Seq Scan on title t  (cost=0.00..61283.27 rows=2528527 width=4) (actual time=0.009..1078.366 rows=2528312 loops=1)
Planning time: 0.713 ms
Execution time: 4326.468 ms
