Nested Loop  (cost=0.43..52283.95 rows=16 width=0) (actual time=242.273..797.189 rows=1 loops=1)
  ->  Seq Scan on movie_companies mc  (cost=0.00..51404.11 rows=104 width=4) (actual time=195.679..796.849 rows=6 loops=1)
        Filter: (company_id = 27501)
        Rows Removed by Filter: 2609123
  ->  Index Scan using title_pkey on title t  (cost=0.43..8.45 rows=1 width=4) (actual time=0.049..0.049 rows=0 loops=6)
        Index Cond: (id = mc.movie_id)
        Filter: (production_year > 2010)
        Rows Removed by Filter: 1
Planning time: 0.775 ms
Execution time: 797.286 ms
