Hash Join  (cost=156833.63..896474.95 rows=184379 width=0) (actual time=3640.533..17808.122 rows=944742 loops=1)
  Hash Cond: (ci.movie_id = t.id)
  ->  Seq Scan on cast_info ci  (cost=0.00..705507.15 rows=2735034 width=4) (actual time=0.013..11926.675 rows=2728943 loops=1)
        Filter: (role_id = 4)
        Rows Removed by Filter: 33515401
  ->  Hash  (cost=154036.91..154036.91 rows=170458 width=8) (actual time=3639.704..3639.704 rows=607444 loops=1)
        Buckets: 131072 (originally 131072)  Batches: 8 (originally 4)  Memory Usage: 4006kB
        ->  Hash Join  (cost=76636.80..154036.91 rows=170458 width=8) (actual time=1239.430..3464.221 rows=607444 loops=1)
              Hash Cond: (mc.movie_id = t.id)
              ->  Seq Scan on movie_companies mc  (cost=0.00..44881.29 rows=2609129 width=4) (actual time=0.023..928.467 rows=2609129 loops=1)
              ->  Hash  (cost=73925.90..73925.90 rows=165192 width=4) (actual time=1238.578..1238.578 rows=293647 loops=1)
                    Buckets: 131072  Batches: 4  Memory Usage: 3609kB
                    ->  Seq Scan on title t  (cost=0.00..73925.90 rows=165192 width=4) (actual time=0.066..1143.806 rows=293647 loops=1)
                          Filter: ((kind_id < 4) AND (production_year < 1978))
                          Rows Removed by Filter: 2234665
Planning time: 1.169 ms
Execution time: 17917.164 ms
