Hash Join  (cost=128303.11..197746.16 rows=182975 width=0) (actual time=2798.881..4345.484 rows=391719 loops=1)
  Hash Cond: (mc.movie_id = t.id)
  ->  Seq Scan on movie_companies mc  (cost=0.00..51404.11 rows=1279517 width=4) (actual time=25.828..934.073 rows=1274246 loops=1)
        Filter: (company_type_id < 2)
        Rows Removed by Filter: 1334883
  ->  Hash  (cost=122370.28..122370.28 rows=361587 width=8) (actual time=2772.233..2772.233 rows=252549 loops=1)
        Buckets: 131072  Batches: 8  Memory Usage: 2244kB
        ->  Hash Join  (cost=78473.92..122370.28 rows=361587 width=8) (actual time=1485.154..2707.229 rows=252549 loops=1)
              Hash Cond: (mi_idx.movie_id = t.id)
              ->  Seq Scan on movie_info_idx mi_idx  (cost=0.00..21735.35 rows=1380035 width=4) (actual time=0.018..493.432 rows=1380035 loops=1)
              ->  Hash  (cost=67604.59..67604.59 rows=662507 width=4) (actual time=1484.061..1484.061 rows=662065 loops=1)
                    Buckets: 131072  Batches: 16  Memory Usage: 2481kB
                    ->  Seq Scan on title t  (cost=0.00..67604.59 rows=662507 width=4) (actual time=0.024..1273.020 rows=662065 loops=1)
                          Filter: (production_year > 2008)
                          Rows Removed by Filter: 1866247
Planning time: 1.483 ms
Execution time: 4391.648 ms
