Hash Join  (cost=215144.70..1442121.70 rows=7051990 width=0) (actual time=5674.111..60051.174 rows=81757287 loops=1)
  Hash Cond: (ci.movie_id = t.id)
  ->  Seq Scan on cast_info ci  (cost=0.00..705507.15 rows=35040796 width=4) (actual time=0.016..16198.898 rows=35161157 loops=1)
        Filter: (person_id > 110686)
        Rows Removed by Filter: 1083187
  ->  Hash  (cost=206795.85..206795.85 rows=508868 width=8) (actual time=5671.559..5671.559 rows=1825104 loops=1)
        Buckets: 131072 (originally 131072)  Batches: 32 (originally 8)  Memory Usage: 3226kB
        ->  Hash Join  (cost=78593.13..206795.85 rows=508868 width=8) (actual time=1331.026..5140.676 rows=1825104 loops=1)
              Hash Cond: (mk.movie_id = t.id)
              ->  Seq Scan on movie_keyword mk  (cost=0.00..69693.30 rows=4523930 width=4) (actual time=0.014..1405.155 rows=4523930 loops=1)
              ->  Hash  (cost=73925.90..73925.90 rows=284418 width=4) (actual time=1329.488..1329.488 rows=382296 loops=1)
                    Buckets: 131072 (originally 131072)  Batches: 8 (originally 4)  Memory Usage: 3073kB
                    ->  Seq Scan on title t  (cost=0.00..73925.90 rows=284418 width=4) (actual time=9.874..1196.011 rows=382296 loops=1)
                          Filter: ((production_year < 2001) AND (kind_id = 1))
                          Rows Removed by Filter: 2146016
Planning time: 1.129 ms
Execution time: 69072.162 ms
