Hash Join  (cost=221381.67..265491.29 rows=374014 width=0) (actual time=4461.100..5951.518 rows=1586226 loops=1)
  Hash Cond: (mi_idx.movie_id = t.id)
  ->  Seq Scan on movie_info_idx mi_idx  (cost=0.00..21735.35 rows=1380035 width=4) (actual time=0.023..441.148 rows=1380035 loops=1)
  ->  Hash  (cost=210138.72..210138.72 rows=685276 width=8) (actual time=4460.182..4460.182 rows=691148 loops=1)
        Buckets: 131072  Batches: 16  Memory Usage: 2746kB
        ->  Hash Join  (cost=102767.86..210138.72 rows=685276 width=8) (actual time=1965.302..4259.241 rows=691148 loops=1)
              Hash Cond: (mk.movie_id = t.id)
              ->  Seq Scan on movie_keyword mk  (cost=0.00..81003.12 rows=685276 width=4) (actual time=0.035..1329.689 rows=691148 loops=1)
                    Filter: (keyword_id > 27254)
                    Rows Removed by Filter: 3832782
              ->  Hash  (cost=61283.27..61283.27 rows=2528527 width=4) (actual time=1964.327..1964.327 rows=2528312 loops=1)
                    Buckets: 131072  Batches: 64  Memory Usage: 2425kB
                    ->  Seq Scan on title t  (cost=0.00..61283.27 rows=2528527 width=4) (actual time=0.009..1101.773 rows=2528312 loops=1)
Planning time: 1.142 ms
Execution time: 6130.517 ms
