Hash Join  (cost=102767.86..271841.89 rows=3249533 width=0) (actual time=1927.145..6618.261 rows=3237625 loops=1)
  Hash Cond: (mk.movie_id = t.id)
  ->  Seq Scan on movie_keyword mk  (cost=0.00..81003.12 rows=3249533 width=4) (actual time=0.024..1723.480 rows=3237625 loops=1)
        Filter: (keyword_id > 1661)
        Rows Removed by Filter: 1286305
  ->  Hash  (cost=61283.27..61283.27 rows=2528527 width=4) (actual time=1925.922..1925.922 rows=2528312 loops=1)
        Buckets: 131072  Batches: 64  Memory Usage: 2425kB
        ->  Seq Scan on title t  (cost=0.00..61283.27 rows=2528527 width=4) (actual time=0.022..1063.103 rows=2528312 loops=1)
Planning time: 0.733 ms
Execution time: 6984.847 ms
