Seq Scan on movie_companies mc  (cost=0.00..57926.93 rows=146954 width=0) (actual time=343.205..866.571 rows=291748 loops=1)
  Filter: ((company_id > 94855) AND (company_type_id = 2))
  Rows Removed by Filter: 2317381
Planning time: 0.282 ms
Execution time: 902.305 ms
