Seq Scan on cast_info ci  (cost=0.00..796071.18 rows=24 width=0) (actual time=10789.205..11127.057 rows=4 loops=1)
  Filter: ((person_id = 735700) AND (role_id = 8))
  Rows Removed by Filter: 36244340
Planning time: 0.386 ms
Execution time: 11127.155 ms
