Hash Join  (cost=130043.83..886844.50 rows=601151 width=0) (actual time=2469.200..20354.111 rows=461004 loops=1)
  Hash Cond: (ci.movie_id = t.id)
  ->  Seq Scan on cast_info ci  (cost=0.00..614943.12 rows=36225612 width=4) (actual time=0.017..9013.668 rows=36244344 loops=1)
  ->  Hash  (cost=129519.33..129519.33 rows=41960 width=8) (actual time=2467.792..2467.792 rows=13319 loops=1)
        Buckets: 65536  Batches: 1  Memory Usage: 1033kB
        ->  Hash Join  (cost=74434.21..129519.33 rows=41960 width=8) (actual time=1495.017..2462.404 rows=13319 loops=1)
              Hash Cond: (mc.movie_id = t.id)
              ->  Seq Scan on movie_companies mc  (cost=0.00..44881.29 rows=2609129 width=4) (actual time=0.009..591.982 rows=2609129 loops=1)
              ->  Hash  (cost=73925.90..73925.90 rows=40664 width=4) (actual time=1183.601..1183.601 rows=40257 loops=1)
                    Buckets: 65536  Batches: 1  Memory Usage: 1928kB
                    ->  Seq Scan on title t  (cost=0.00..73925.90 rows=40664 width=4) (actual time=0.028..1166.682 rows=40257 loops=1)
                          Filter: ((production_year > 2012) AND (kind_id = 7))
                          Rows Removed by Filter: 2488055
Planning time: 1.186 ms
Execution time: 20417.244 ms
