Seq Scan on movie_keyword mk  (cost=0.00..81003.12 rows=1094240 width=0) (actual time=0.018..1421.950 rows=1101053 loops=1)
  Filter: (keyword_id < 1131)
  Rows Removed by Filter: 3422877
Planning time: 1.253 ms
Execution time: 1567.766 ms
