Hash Join  (cost=173937.87..307744.72 rows=968882 width=0) (actual time=3669.974..6983.458 rows=1066552 loops=1)
  Hash Cond: (mk.movie_id = t.id)
  ->  Seq Scan on movie_keyword mk  (cost=0.00..69693.30 rows=4523930 width=4) (actual time=0.020..1480.701 rows=4523930 loops=1)
  ->  Hash  (cost=165052.74..165052.74 rows=541530 width=8) (actual time=3668.433..3668.433 rows=404362 loops=1)
        Buckets: 131072  Batches: 8  Memory Usage: 3015kB
        ->  Hash Join  (cost=82536.92..165052.74 rows=541530 width=8) (actual time=1361.730..3548.043 rows=404362 loops=1)
              Hash Cond: (mc.movie_id = t.id)
              ->  Seq Scan on movie_companies mc  (cost=0.00..44881.29 rows=2609129 width=4) (actual time=0.020..872.013 rows=2609129 loops=1)
              ->  Hash  (cost=73925.90..73925.90 rows=524801 width=4) (actual time=1360.907..1360.907 rows=386160 loops=1)
                    Buckets: 131072  Batches: 8  Memory Usage: 2711kB
                    ->  Seq Scan on title t  (cost=0.00..73925.90 rows=524801 width=4) (actual time=0.024..1236.810 rows=386160 loops=1)
                          Filter: ((kind_id > 1) AND (production_year < 1991))
                          Rows Removed by Filter: 2142152
Planning time: 1.178 ms
Execution time: 7069.981 ms
