Hash Join  (cost=100251.19..465820.43 rows=91332 width=0) (actual time=1825.287..10157.293 rows=261023 loops=1)
  Hash Cond: (mi.movie_id = t.id)
  ->  Seq Scan on movie_info mi  (cost=0.00..309384.22 rows=14739122 width=4) (actual time=0.017..4800.554 rows=14835720 loops=1)
  ->  Hash  (cost=100055.34..100055.34 rows=15668 width=8) (actual time=1825.132..1825.132 rows=17040 loops=1)
        Buckets: 32768 (originally 16384)  Batches: 1 (originally 1)  Memory Usage: 922kB
        ->  Hash Join  (cost=69002.72..100055.34 rows=15668 width=8) (actual time=1148.093..1817.745 rows=17040 loops=1)
              Hash Cond: (mi_idx.movie_id = t.id)
              ->  Seq Scan on movie_info_idx mi_idx  (cost=0.00..25185.44 rows=464934 width=4) (actual time=0.022..479.178 rows=460185 loops=1)
                    Filter: (info_type_id > 100)
                    Rows Removed by Filter: 919850
              ->  Hash  (cost=67604.59..67604.59 rows=85211 width=4) (actual time=1147.286..1147.286 rows=84593 loops=1)
                    Buckets: 131072  Batches: 2  Memory Usage: 2518kB
                    ->  Seq Scan on title t  (cost=0.00..67604.59 rows=85211 width=4) (actual time=0.016..1114.627 rows=84593 loops=1)
                          Filter: (production_year = 2004)
                          Rows Removed by Filter: 2443719
Planning time: 1.187 ms
Execution time: 10196.623 ms
