Hash Join  (cost=583619.88..1552308.61 rows=11529723 width=0) (actual time=12262.446..39468.397 rows=35098983 loops=1)
  Hash Cond: (ci.movie_id = t.id)
  ->  Seq Scan on cast_info ci  (cost=0.00..705507.15 rows=9679415 width=4) (actual time=0.023..13003.127 rows=9646761 loops=1)
        Filter: (person_id > 2743356)
        Rows Removed by Filter: 26597583
  ->  Hash  (cost=534205.41..534205.41 rows=3011878 width=8) (actual time=12260.568..12260.568 rows=3234049 loops=1)
        Buckets: 131072  Batches: 64  Memory Usage: 2942kB
        ->  Hash Join  (cost=91342.70..534205.41 rows=3011878 width=8) (actual time=1651.866..11373.727 rows=3234049 loops=1)
              Hash Cond: (mi.movie_id = t.id)
              ->  Seq Scan on movie_info mi  (cost=0.00..346232.03 rows=5263441 width=4) (actual time=0.022..5971.679 rows=5270569 loops=1)
                    Filter: (info_type_id > 15)
                    Rows Removed by Filter: 9565151
              ->  Hash  (cost=67604.59..67604.59 rows=1446889 width=4) (actual time=1650.885..1650.885 rows=1443298 loops=1)
                    Buckets: 131072  Batches: 32  Memory Usage: 2617kB
                    ->  Seq Scan on title t  (cost=0.00..67604.59 rows=1446889 width=4) (actual time=0.013..1197.556 rows=1443298 loops=1)
                          Filter: (production_year < 2006)
                          Rows Removed by Filter: 1085014
Planning time: 1.206 ms
Execution time: 43299.364 ms
