Hash Join  (cost=154261.08..238845.42 rows=691582 width=0) (actual time=3435.589..5924.860 rows=1290435 loops=1)
  Hash Cond: (mc.movie_id = t.id)
  ->  Seq Scan on movie_companies mc  (cost=0.00..44881.29 rows=2609129 width=4) (actual time=0.031..968.455 rows=2609129 loops=1)
  ->  Hash  (cost=143264.37..143264.37 rows=670217 width=8) (actual time=3434.630..3434.630 rows=568425 loops=1)
        Buckets: 131072  Batches: 16  Memory Usage: 2430kB
        ->  Hash Join  (cost=94072.72..143264.37 rows=670217 width=8) (actual time=1816.181..3268.398 rows=568425 loops=1)
              Hash Cond: (mi_idx.movie_id = t.id)
              ->  Seq Scan on movie_info_idx mi_idx  (cost=0.00..21735.35 rows=1380035 width=4) (actual time=0.015..444.290 rows=1380035 loops=1)
              ->  Hash  (cost=73925.90..73925.90 rows=1227985 width=4) (actual time=1815.207..1815.207 rows=1197374 loops=1)
                    Buckets: 131072  Batches: 32  Memory Usage: 2340kB
                    ->  Seq Scan on title t  (cost=0.00..73925.90 rows=1227985 width=4) (actual time=0.012..1428.424 rows=1197374 loops=1)
                          Filter: ((kind_id > 1) AND (production_year < 2008))
                          Rows Removed by Filter: 1330938
Planning time: 2.188 ms
Execution time: 6063.905 ms
