Seq Scan on movie_companies mc  (cost=0.00..57926.93 rows=133792 width=0) (actual time=156.745..866.205 rows=60301 loops=1)
  Filter: ((company_id < 133) AND (company_type_id > 1))
  Rows Removed by Filter: 2548828
Planning time: 0.308 ms
Execution time: 874.438 ms
