Hash Join  (cost=576121.49..1560407.17 rows=4834194 width=0) (actual time=16399.149..36069.586 rows=5794853 loops=1)
  Hash Cond: (ci.movie_id = t.id)
  ->  Seq Scan on cast_info ci  (cost=0.00..705507.15 rows=12726058 width=4) (actual time=2406.711..14476.880 rows=12670688 loops=1)
        Filter: (role_id = 1)
        Rows Removed by Filter: 23573656
  ->  Hash  (cost=560363.22..560363.22 rows=960501 width=8) (actual time=13991.156..13991.156 rows=693106 loops=1)
        Buckets: 131072  Batches: 16  Memory Usage: 2664kB
        ->  Hash Join  (cost=70308.29..560363.22 rows=960501 width=8) (actual time=1238.597..13767.847 rows=693106 loops=1)
              Hash Cond: (mi.movie_id = t.id)
              ->  Seq Scan on movie_info mi  (cost=0.00..309384.22 rows=14739122 width=4) (actual time=0.018..6381.359 rows=14835720 loops=1)
              ->  Hash  (cost=67604.59..67604.59 rows=164776 width=4) (actual time=1237.678..1237.678 rows=164307 loops=1)
                    Buckets: 131072  Batches: 4  Memory Usage: 2488kB
                    ->  Seq Scan on title t  (cost=0.00..67604.59 rows=164776 width=4) (actual time=0.035..1176.569 rows=164307 loops=1)
                          Filter: (production_year = 2012)
                          Rows Removed by Filter: 2364005
Planning time: 1.160 ms
Execution time: 36747.863 ms
