Seq Scan on movie_keyword mk  (cost=0.00..81003.12 rows=2207706 width=0) (actual time=0.023..1433.096 rows=2209584 loops=1)
  Filter: (keyword_id < 4458)
  Rows Removed by Filter: 2314346
Planning time: 0.353 ms
Execution time: 1700.278 ms
