Seq Scan on movie_keyword mk  (cost=0.00..81003.12 rows=246 width=0) (actual time=3.926..1210.155 rows=411 loops=1)
  Filter: (keyword_id = 3799)
  Rows Removed by Filter: 4523519
Planning time: 0.386 ms
Execution time: 1210.457 ms
