Hash Join  (cost=75342.47..941657.04 rows=200393 width=0) (actual time=3054.049..15261.238 rows=92026 loops=1)
  Hash Cond: (ci.movie_id = t.id)
  ->  Seq Scan on cast_info ci  (cost=0.00..796071.18 rows=5872390 width=4) (actual time=1826.949..12152.843 rows=2488738 loops=1)
        Filter: ((person_id < 877785) AND (role_id > 1))
        Rows Removed by Filter: 33755606
  ->  Hash  (cost=73925.90..73925.90 rows=86285 width=4) (actual time=1194.290..1194.290 rows=92628 loops=1)
        Buckets: 131072  Batches: 2  Memory Usage: 2653kB
        ->  Seq Scan on title t  (cost=0.00..73925.90 rows=86285 width=4) (actual time=0.040..1157.460 rows=92628 loops=1)
              Filter: ((kind_id = 7) AND (production_year = 2010))
              Rows Removed by Filter: 2435684
Planning time: 0.821 ms
Execution time: 15273.515 ms
