Hash Join  (cost=102767.86..230904.39 rows=1548271 width=0) (actual time=1983.892..5055.554 rows=1562078 loops=1)
  Hash Cond: (mk.movie_id = t.id)
  ->  Seq Scan on movie_keyword mk  (cost=0.00..81003.12 rows=1548271 width=4) (actual time=0.021..1512.396 rows=1562078 loops=1)
        Filter: (keyword_id > 10049)
        Rows Removed by Filter: 2961852
  ->  Hash  (cost=61283.27..61283.27 rows=2528527 width=4) (actual time=1980.488..1980.488 rows=2528312 loops=1)
        Buckets: 131072  Batches: 64  Memory Usage: 2425kB
        ->  Seq Scan on title t  (cost=0.00..61283.27 rows=2528527 width=4) (actual time=0.016..1120.025 rows=2528312 loops=1)
Planning time: 0.796 ms
Execution time: 5238.831 ms
