Seq Scan on movie_keyword mk  (cost=0.00..81003.12 rows=246 width=0) (actual time=0.889..1300.729 rows=3021 loops=1)
  Filter: (keyword_id = 643)
  Rows Removed by Filter: 4520909
Planning time: 0.374 ms
Execution time: 1301.776 ms
