Hash Join  (cost=466914.24..1370636.27 rows=2097033 width=0) (actual time=7549.303..29754.341 rows=1869271 loops=1)
  Hash Cond: (ci.movie_id = t.id)
  ->  Seq Scan on cast_info ci  (cost=0.00..705507.15 rows=15211349 width=4) (actual time=0.017..13228.962 rows=15085988 loops=1)
        Filter: (person_id < 1488557)
        Rows Removed by Filter: 21158356
  ->  Hash  (cost=461194.97..461194.97 rows=348582 width=8) (actual time=7548.563..7548.563 rows=140307 loops=1)
        Buckets: 131072  Batches: 8  Memory Usage: 1695kB
        ->  Hash Join  (cost=98137.04..461194.97 rows=348582 width=8) (actual time=6116.772..7503.941 rows=140307 loops=1)
              Hash Cond: (mi.movie_id = t.id)
              ->  Seq Scan on movie_info mi  (cost=0.00..346232.03 rows=473617 width=4) (actual time=3897.023..4657.807 rows=486554 loops=1)
                    Filter: (info_type_id = 5)
                    Rows Removed by Filter: 14349166
              ->  Hash  (cost=67604.59..67604.59 rows=1860996 width=4) (actual time=2218.846..2218.846 rows=1865487 loops=1)
                    Buckets: 131072  Batches: 32  Memory Usage: 3085kB
                    ->  Seq Scan on title t  (cost=0.00..67604.59 rows=1860996 width=4) (actual time=0.023..1589.942 rows=1865487 loops=1)
                          Filter: (kind_id > 1)
                          Rows Removed by Filter: 662825
Planning time: 0.785 ms
Execution time: 29978.062 ms
