Hash Join  (cost=1159792.54..2287095.24 rows=48596345 width=0) (actual time=27634.925..79112.605 rows=151198567 loops=1)
  Hash Cond: (mi.movie_id = t.id)
  ->  Seq Scan on movie_info mi  (cost=0.00..309384.22 rows=14739122 width=4) (actual time=0.017..6310.020 rows=14835720 loops=1)
  ->  Hash  (cost=1023016.49..1023016.49 rows=8336804 width=8) (actual time=27633.610..27633.610 rows=8239732 loops=1)
        Buckets: 131072  Batches: 128  Memory Usage: 3554kB
        ->  Hash Join  (cost=104131.46..1023016.49 rows=8336804 width=8) (actual time=10119.055..25174.298 rows=8239732 loops=1)
              Hash Cond: (ci.movie_id = t.id)
              ->  Seq Scan on cast_info ci  (cost=0.00..705507.15 rows=9468168 width=4) (actual time=8078.079..14587.638 rows=9384703 loops=1)
                    Filter: (role_id > 4)
                    Rows Removed by Filter: 26859641
              ->  Hash  (cost=67604.59..67604.59 rows=2226390 width=4) (actual time=2040.104..2040.104 rows=2224569 loops=1)
                    Buckets: 131072  Batches: 32  Memory Usage: 3463kB
                    ->  Seq Scan on title t  (cost=0.00..67604.59 rows=2226390 width=4) (actual time=0.026..1349.899 rows=2224569 loops=1)
                          Filter: (production_year < 2012)
                          Rows Removed by Filter: 303743
Planning time: 1.256 ms
Execution time: 95200.589 ms
