Hash Join  (cost=95609.14..214028.01 rows=1060958 width=0) (actual time=1961.335..4853.559 rows=916923 loops=1)
  Hash Cond: (mk.movie_id = t.id)
  ->  Seq Scan on movie_keyword mk  (cost=0.00..81003.12 rows=1571634 width=4) (actual time=0.015..1636.804 rows=1580031 loops=1)
        Filter: (keyword_id < 2398)
        Rows Removed by Filter: 2943899
  ->  Hash  (cost=67604.59..67604.59 rows=1706924 width=4) (actual time=1959.664..1959.664 rows=1700316 loops=1)
        Buckets: 131072  Batches: 32  Memory Usage: 2903kB
        ->  Seq Scan on title t  (cost=0.00..67604.59 rows=1706924 width=4) (actual time=0.016..1378.135 rows=1700316 loops=1)
              Filter: (production_year > 1992)
              Rows Removed by Filter: 827996
Planning time: 0.780 ms
Execution time: 4950.440 ms
