Nested Loop  (cost=0.43..709671.90 rows=500 width=0) (actual time=1597.805..10542.958 rows=138 loops=1)
  ->  Seq Scan on cast_info ci  (cost=0.00..705507.15 rows=500 width=4) (actual time=1597.683..10541.063 rows=138 loops=1)
        Filter: (person_id = 658336)
        Rows Removed by Filter: 36244206
  ->  Index Only Scan using title_pkey on title t  (cost=0.43..8.32 rows=1 width=4) (actual time=0.012..0.013 rows=1 loops=138)
        Index Cond: (id = ci.movie_id)
        Heap Fetches: 138
Planning time: 0.557 ms
Execution time: 10543.051 ms
