Seq Scan on cast_info ci  (cost=0.00..705507.15 rows=500 width=0) (actual time=3971.103..10466.052 rows=24 loops=1)
  Filter: (person_id = 503829)
  Rows Removed by Filter: 36244320
Planning time: 1.592 ms
Execution time: 10466.163 ms
