Seq Scan on title t  (cost=0.00..73925.90 rows=4532 width=0) (actual time=0.023..1077.931 rows=14720 loops=1)
  Filter: ((kind_id = 7) AND (production_year = 1992))
  Rows Removed by Filter: 2513592
Planning time: 0.416 ms
Execution time: 1081.122 ms
