Seq Scan on movie_keyword mk  (cost=0.00..81003.12 rows=1191828 width=0) (actual time=0.020..1387.898 rows=1200631 loops=1)
  Filter: (keyword_id > 15313)
  Rows Removed by Filter: 3323299
Planning time: 0.680 ms
Execution time: 1539.022 ms
