Seq Scan on cast_info ci  (cost=0.00..705507.15 rows=10893245 width=0) (actual time=3550.818..12095.488 rows=10901652 loops=1)
  Filter: (person_id > 2616441)
  Rows Removed by Filter: 25342692
Planning time: 0.370 ms
Execution time: 13477.563 ms
