Hash Join  (cost=80380.17..166506.79 rows=803509 width=0) (actual time=1491.274..4010.147 rows=1153103 loops=1)
  Hash Cond: (mc.movie_id = t.id)
  ->  Seq Scan on movie_companies mc  (cost=0.00..44881.29 rows=2609129 width=4) (actual time=0.018..897.412 rows=2609129 loops=1)
  ->  Hash  (cost=67604.59..67604.59 rows=778687 width=4) (actual time=1490.194..1490.194 rows=782677 loops=1)
        Buckets: 131072  Batches: 16  Memory Usage: 2744kB
        ->  Seq Scan on title t  (cost=0.00..67604.59 rows=778687 width=4) (actual time=0.015..1230.538 rows=782677 loops=1)
              Filter: (production_year < 1994)
              Rows Removed by Filter: 1745635
Planning time: 0.775 ms
Execution time: 4133.868 ms
