Hash Join  (cost=73926.38..100837.07 rows=21 width=0) (actual time=1116.698..1688.772 rows=207 loops=1)
  Hash Cond: (mi_idx.movie_id = t.id)
  ->  Seq Scan on movie_info_idx mi_idx  (cost=0.00..21735.35 rows=1380035 width=4) (actual time=0.013..361.183 rows=1380035 loops=1)
  ->  Hash  (cost=73925.90..73925.90 rows=38 width=4) (actual time=1070.915..1070.915 rows=310 loops=1)
        Buckets: 1024  Batches: 1  Memory Usage: 19kB
        ->  Seq Scan on title t  (cost=0.00..73925.90 rows=38 width=4) (actual time=453.459..1070.674 rows=310 loops=1)
              Filter: ((kind_id = 6) AND (production_year = 1989))
              Rows Removed by Filter: 2528002
Planning time: 0.807 ms
Execution time: 1688.925 ms
