Hash Join  (cost=102767.86..289689.27 rows=3991279 width=0) (actual time=1881.840..6718.702 rows=4002340 loops=1)
  Hash Cond: (mk.movie_id = t.id)
  ->  Seq Scan on movie_keyword mk  (cost=0.00..81003.12 rows=3991279 width=4) (actual time=0.019..1682.011 rows=4002340 loops=1)
        Filter: (keyword_id < 34708)
        Rows Removed by Filter: 521590
  ->  Hash  (cost=61283.27..61283.27 rows=2528527 width=4) (actual time=1878.699..1878.699 rows=2528312 loops=1)
        Buckets: 131072  Batches: 64  Memory Usage: 2425kB
        ->  Seq Scan on title t  (cost=0.00..61283.27 rows=2528527 width=4) (actual time=0.010..1027.101 rows=2528312 loops=1)
Planning time: 0.549 ms
Execution time: 7149.970 ms
