Hash Join  (cost=796579.24..825196.44 rows=13 width=0) (actual time=10555.326..11071.598 rows=48 loops=1)
  Hash Cond: (mi_idx.movie_id = t.id)
  ->  Seq Scan on movie_info_idx mi_idx  (cost=0.00..25185.44 rows=915101 width=4) (actual time=0.024..507.221 rows=919850 loops=1)
        Filter: (info_type_id < 101)
        Rows Removed by Filter: 460185
  ->  Hash  (cost=796578.78..796578.78 rows=37 width=8) (actual time=10435.229..10435.229 rows=24 loops=1)
        Buckets: 1024  Batches: 1  Memory Usage: 9kB
        ->  Nested Loop  (cost=0.43..796578.78 rows=37 width=8) (actual time=3401.900..10435.168 rows=24 loops=1)
              ->  Seq Scan on cast_info ci  (cost=0.00..796071.18 rows=60 width=4) (actual time=3401.745..10434.693 rows=24 loops=1)
                    Filter: ((person_id = 2718927) AND (role_id = 10))
                    Rows Removed by Filter: 36244320
              ->  Index Scan using title_pkey on title t  (cost=0.43..8.45 rows=1 width=4) (actual time=0.016..0.017 rows=1 loops=24)
                    Index Cond: (id = ci.movie_id)
                    Filter: (kind_id = 7)
Planning time: 1.193 ms
Execution time: 11071.765 ms
