Seq Scan on title t  (cost=0.00..67604.59 rows=111887 width=0) (actual time=90.120..1080.893 rows=115315 loops=1)
  Filter: (production_year < 1930)
  Rows Removed by Filter: 2412997
Planning time: 0.302 ms
Execution time: 1096.160 ms
