Hash Join  (cost=86991.64..150532.76 rows=262664 width=144) (actual time=1788.048..3128.875 rows=115854 loops=1)
  Hash Cond: (mi_idx.movie_id = t.id)
  ->  Seq Scan on movie_info_idx mi_idx  (cost=0.00..21735.35 rows=1380035 width=50) (actual time=0.016..526.717 rows=1380035 loops=1)
  ->  Hash  (cost=73925.90..73925.90 rows=481259 width=94) (actual time=1758.312..1758.312 rows=518327 loops=1)
        Buckets: 32768  Batches: 32  Memory Usage: 2109kB
        ->  Seq Scan on title t  (cost=0.00..73925.90 rows=481259 width=94) (actual time=0.019..1532.642 rows=518327 loops=1)
              Filter: ((production_year > 2007) AND (kind_id = 7))
              Rows Removed by Filter: 2009985
Planning time: 2.204 ms
Execution time: 3135.037 ms
