Hash Join  (cost=180807.57..543298.53 rows=222949 width=0) (actual time=5806.733..10568.355 rows=1353247 loops=1)
  Hash Cond: (mi.movie_id = t.id)
  ->  Seq Scan on movie_info mi  (cost=0.00..346232.03 rows=1027854 width=4) (actual time=1929.498..5686.463 rows=1083166 loops=1)
        Filter: (info_type_id > 70)
        Rows Removed by Filter: 13752554
  ->  Hash  (cost=171808.86..171808.86 rows=548456 width=8) (actual time=3756.496..3756.496 rows=512788 loops=1)
        Buckets: 131072  Batches: 8  Memory Usage: 3545kB
        ->  Hash Join  (cost=98098.54..171808.86 rows=548456 width=8) (actual time=1927.362..3615.884 rows=512788 loops=1)
              Hash Cond: (mc.movie_id = t.id)
              ->  Seq Scan on movie_companies mc  (cost=0.00..51404.11 rows=746131 width=4) (actual time=60.142..955.082 rows=751049 loops=1)
                    Filter: (company_id > 36908)
                    Rows Removed by Filter: 1858080
              ->  Hash  (cost=67604.59..67604.59 rows=1858636 width=4) (actual time=1865.950..1865.950 rows=1852807 loops=1)
                    Buckets: 131072  Batches: 32  Memory Usage: 3067kB
                    ->  Seq Scan on title t  (cost=0.00..67604.59 rows=1858636 width=4) (actual time=0.032..1280.038 rows=1852807 loops=1)
                          Filter: (production_year > 1985)
                          Rows Removed by Filter: 675505
Planning time: 1.176 ms
Execution time: 10737.464 ms
