Hash Join  (cost=67697.55..800787.81 rows=21466 width=0) (actual time=2497.494..15722.049 rows=26046 loops=1)
  Hash Cond: (ci.movie_id = t.id)
  ->  Seq Scan on cast_info ci  (cost=0.00..705507.15 rows=7298253 width=4) (actual time=1442.190..13262.969 rows=7451973 loops=1)
        Filter: (role_id = 2)
        Rows Removed by Filter: 28792371
  ->  Hash  (cost=67604.59..67604.59 rows=7437 width=4) (actual time=1055.116..1055.116 rows=11153 loops=1)
        Buckets: 16384 (originally 8192)  Batches: 1 (originally 1)  Memory Usage: 521kB
        ->  Seq Scan on title t  (cost=0.00..67604.59 rows=7437 width=4) (actual time=0.095..1049.594 rows=11153 loops=1)
              Filter: (production_year = 1963)
              Rows Removed by Filter: 2517159
Planning time: 0.805 ms
Execution time: 15727.004 ms
