Seq Scan on movie_keyword mk  (cost=0.00..81003.12 rows=2985265 width=0) (actual time=0.026..1558.916 rows=2970038 loops=1)
  Filter: (keyword_id < 10149)
  Rows Removed by Filter: 1553892
Planning time: 0.349 ms
Execution time: 1920.995 ms
