Hash Join  (cost=101366.90..156090.94 rows=5852 width=0) (actual time=2070.760..2923.668 rows=4802 loops=1)
  Hash Cond: (mc.movie_id = t.id)
  ->  Seq Scan on movie_companies mc  (cost=0.00..44881.29 rows=2609129 width=4) (actual time=0.022..670.321 rows=2609129 loops=1)
  ->  Hash  (cost=101296.01..101296.01 rows=5671 width=8) (actual time=1740.435..1740.435 rows=3473 loops=1)
        Buckets: 8192  Batches: 1  Memory Usage: 200kB
        ->  Hash Join  (cost=74311.74..101296.01 rows=5671 width=8) (actual time=1147.935..1739.010 rows=3473 loops=1)
              Hash Cond: (mi_idx.movie_id = t.id)
              ->  Seq Scan on movie_info_idx mi_idx  (cost=0.00..25185.44 rows=464566 width=4) (actual time=0.016..455.949 rows=459925 loops=1)
                    Filter: (info_type_id = 101)
                    Rows Removed by Filter: 920110
              ->  Hash  (cost=73925.90..73925.90 rows=30867 width=4) (actual time=1147.335..1147.335 rows=34773 loops=1)
                    Buckets: 65536 (originally 32768)  Batches: 1 (originally 1)  Memory Usage: 1735kB
                    ->  Seq Scan on title t  (cost=0.00..73925.90 rows=30867 width=4) (actual time=0.015..1131.620 rows=34773 loops=1)
                          Filter: ((kind_id = 7) AND (production_year = 1999))
                          Rows Removed by Filter: 2493539
Planning time: 1.910 ms
Execution time: 2924.538 ms
