Seq Scan on movie_companies mc  (cost=0.00..51404.11 rows=495093 width=0) (actual time=29.068..917.741 rows=498017 loops=1)
  Filter: (company_id > 74342)
  Rows Removed by Filter: 2111112
Planning time: 0.319 ms
Execution time: 980.472 ms
