Seq Scan on movie_keyword mk  (cost=0.00..81003.12 rows=246 width=0) (actual time=1.479..1321.667 rows=511 loops=1)
  Filter: (keyword_id = 15202)
  Rows Removed by Filter: 4523419
Planning time: 0.318 ms
Execution time: 1322.000 ms
