Hash Join  (cost=97834.96..162781.23 rows=261057 width=0) (actual time=2225.822..3412.355 rows=124912 loops=1)
  Hash Cond: (mc.movie_id = t.id)
  ->  Seq Scan on movie_companies mc  (cost=0.00..51404.11 rows=452958 width=4) (actual time=247.850..877.914 rows=455788 loops=1)
        Filter: (company_id > 76841)
        Rows Removed by Filter: 2153341
  ->  Hash  (cost=73925.90..73925.90 rows=1457284 width=4) (actual time=1976.638..1976.638 rows=1581379 loops=1)
        Buckets: 131072  Batches: 32  Memory Usage: 2772kB
        ->  Seq Scan on title t  (cost=0.00..73925.90 rows=1457284 width=4) (actual time=0.018..1477.577 rows=1581379 loops=1)
              Filter: ((kind_id > 1) AND (production_year > 1977))
              Rows Removed by Filter: 946933
Planning time: 0.811 ms
Execution time: 3427.603 ms
