Hash Join  (cost=190230.21..1017555.69 rows=829319 width=0) (actual time=4458.796..20507.930 rows=1378550 loops=1)
  Hash Cond: (ci.movie_id = t.id)
  ->  Seq Scan on cast_info ci  (cost=0.00..796071.18 rows=1519495 width=4) (actual time=0.014..14164.612 rows=1607930 loops=1)
        Filter: ((person_id > 1581524) AND (role_id = 4))
        Rows Removed by Filter: 34636414
  ->  Hash  (cost=167588.78..167588.78 rows=1380035 width=8) (actual time=4456.867..4456.867 rows=1380035 loops=1)
        Buckets: 131072  Batches: 32  Memory Usage: 2708kB
        ->  Hash Join  (cost=102767.86..167588.78 rows=1380035 width=8) (actual time=2032.706..4046.040 rows=1380035 loops=1)
              Hash Cond: (mi_idx.movie_id = t.id)
              ->  Seq Scan on movie_info_idx mi_idx  (cost=0.00..21735.35 rows=1380035 width=4) (actual time=0.027..488.953 rows=1380035 loops=1)
              ->  Hash  (cost=61283.27..61283.27 rows=2528527 width=4) (actual time=2031.034..2031.034 rows=2528312 loops=1)
                    Buckets: 131072  Batches: 64  Memory Usage: 2415kB
                    ->  Seq Scan on title t  (cost=0.00..61283.27 rows=2528527 width=4) (actual time=0.018..1173.918 rows=2528312 loops=1)
Planning time: 1.232 ms
Execution time: 20677.611 ms
