Seq Scan on movie_companies mc  (cost=0.00..57926.93 rows=1048738 width=0) (actual time=0.026..990.112 rows=778851 loops=1)
  Filter: ((company_id < 71740) AND (company_type_id = 2))
  Rows Removed by Filter: 1830278
Planning time: 0.384 ms
Execution time: 1087.179 ms
