Hash Join  (cost=105316.09..1522695.29 rows=32931502 width=0) (actual time=2447.854..46654.319 rows=34299027 loops=1)
  Hash Cond: (ci.movie_id = t.id)
  ->  Seq Scan on cast_info ci  (cost=0.00..614943.12 rows=36225612 width=4) (actual time=0.017..13457.102 rows=36244344 loops=1)
  ->  Hash  (cost=67604.59..67604.59 rows=2298600 width=4) (actual time=2446.967..2446.967 rows=2287271 loops=1)
        Buckets: 131072  Batches: 32  Memory Usage: 3541kB
        ->  Seq Scan on title t  (cost=0.00..67604.59 rows=2298600 width=4) (actual time=0.012..1388.464 rows=2287271 loops=1)
              Filter: (production_year > 1950)
              Rows Removed by Filter: 241041
Planning time: 0.818 ms
Execution time: 50345.554 ms
