Hash Join  (cost=165432.75..522140.01 rows=10578 width=0) (actual time=4871.319..9358.686 rows=77403 loops=1)
  Hash Cond: (mi.movie_id = t.id)
  ->  Seq Scan on movie_info mi  (cost=0.00..346232.03 rows=2073893 width=4) (actual time=1506.437..5556.750 rows=2091068 loops=1)
        Filter: (info_type_id < 3)
        Rows Removed by Filter: 12744652
  ->  Hash  (cost=165271.55..165271.55 rows=12896 width=8) (actual time=3364.092..3364.092 rows=38624 loops=1)
        Buckets: 65536 (originally 16384)  Batches: 1 (originally 1)  Memory Usage: 2021kB
        ->  Hash Join  (cost=67697.55..165271.55 rows=12896 width=8) (actual time=1017.379..3349.569 rows=38624 loops=1)
              Hash Cond: (mk.movie_id = t.id)
              ->  Seq Scan on movie_keyword mk  (cost=0.00..81003.12 rows=4384510 width=4) (actual time=0.019..1612.159 rows=4387055 loops=1)
                    Filter: (keyword_id < 75410)
                    Rows Removed by Filter: 136875
              ->  Hash  (cost=67604.59..67604.59 rows=7437 width=4) (actual time=1015.730..1015.730 rows=15489 loops=1)
                    Buckets: 16384 (originally 8192)  Batches: 1 (originally 1)  Memory Usage: 673kB
                    ->  Seq Scan on title t  (cost=0.00..67604.59 rows=7437 width=4) (actual time=0.034..1008.079 rows=15489 loops=1)
                          Filter: (production_year = 1983)
                          Rows Removed by Filter: 2512823
Planning time: 2.194 ms
Execution time: 9369.404 ms
