Hash Join  (cost=311726.95..1865395.44 rows=41790624 width=0) (actual time=6674.430..49246.919 rows=46081530 loops=1)
  Hash Cond: (ci.movie_id = t.id)
  ->  Seq Scan on cast_info ci  (cost=0.00..614943.12 rows=36225612 width=4) (actual time=0.015..13579.541 rows=36244344 loops=1)
  ->  Hash  (cost=263869.92..263869.92 rows=2916962 width=8) (actual time=6673.514..6673.514 rows=1574292 loops=1)
        Buckets: 131072  Batches: 64  Memory Usage: 1960kB
        ->  Hash Join  (cost=100674.35..263869.92 rows=2916962 width=8) (actual time=2061.666..6233.698 rows=1574292 loops=1)
              Hash Cond: (mk.movie_id = t.id)
              ->  Seq Scan on movie_keyword mk  (cost=0.00..69693.30 rows=4523930 width=4) (actual time=0.022..1476.391 rows=4523930 loops=1)
              ->  Hash  (cost=73925.90..73925.90 rows=1630356 width=4) (actual time=2059.001..2059.001 rows=1739665 loops=1)
                    Buckets: 131072  Batches: 32  Memory Usage: 2946kB
                    ->  Seq Scan on title t  (cost=0.00..73925.90 rows=1630356 width=4) (actual time=0.009..1488.372 rows=1739665 loops=1)
                          Filter: ((kind_id > 1) AND (production_year > 1960))
                          Rows Removed by Filter: 788647
Planning time: 1.286 ms
Execution time: 53887.844 ms
