Hash Join  (cost=190230.21..301280.49 rows=790605 width=0) (actual time=4193.056..7970.974 rows=3306781 loops=1)
  Hash Cond: (mk.movie_id = t.id)
  ->  Seq Scan on movie_keyword mk  (cost=0.00..81003.12 rows=1448561 width=4) (actual time=0.014..1518.055 rows=1464550 loops=1)
        Filter: (keyword_id < 2084)
        Rows Removed by Filter: 3059380
  ->  Hash  (cost=167588.78..167588.78 rows=1380035 width=8) (actual time=4191.362..4191.362 rows=1380035 loops=1)
        Buckets: 131072  Batches: 32  Memory Usage: 2726kB
        ->  Hash Join  (cost=102767.86..167588.78 rows=1380035 width=8) (actual time=1900.162..3807.030 rows=1380035 loops=1)
              Hash Cond: (mi_idx.movie_id = t.id)
              ->  Seq Scan on movie_info_idx mi_idx  (cost=0.00..21735.35 rows=1380035 width=4) (actual time=0.014..472.913 rows=1380035 loops=1)
              ->  Hash  (cost=61283.27..61283.27 rows=2528527 width=4) (actual time=1899.382..1899.382 rows=2528312 loops=1)
                    Buckets: 131072  Batches: 64  Memory Usage: 2415kB
                    ->  Seq Scan on title t  (cost=0.00..61283.27 rows=2528527 width=4) (actual time=0.024..1042.609 rows=2528312 loops=1)
Planning time: 0.961 ms
Execution time: 8341.647 ms
