Hash Join  (cost=83073.18..833872.67 rows=1026 width=0) (actual time=1249.852..17024.528 rows=13099 loops=1)
  Hash Cond: (ci.movie_id = t.id)
  ->  Seq Scan on cast_info ci  (cost=0.00..614943.12 rows=36225612 width=4) (actual time=0.014..8658.906 rows=36244344 loops=1)
  ->  Hash  (cost=83072.29..83072.29 rows=72 width=8) (actual time=1245.123..1245.123 rows=315 loops=1)
        Buckets: 1024  Batches: 1  Memory Usage: 21kB
        ->  Nested Loop  (cost=0.43..83072.29 rows=72 width=8) (actual time=1.851..1244.797 rows=315 loops=1)
              ->  Seq Scan on movie_keyword mk  (cost=0.00..81003.12 rows=246 width=4) (actual time=1.807..1202.176 rows=1071 loops=1)
                    Filter: (keyword_id = 1869)
                    Rows Removed by Filter: 4522859
              ->  Index Scan using title_pkey on title t  (cost=0.43..8.40 rows=1 width=4) (actual time=0.039..0.039 rows=0 loops=1071)
                    Index Cond: (id = mk.movie_id)
                    Filter: (production_year < 1992)
                    Rows Removed by Filter: 1
Planning time: 1.194 ms
Execution time: 17028.736 ms
