Seq Scan on title t  (cost=0.00..73925.90 rows=106137 width=0) (actual time=124.576..1087.191 rows=235647 loops=1)
  Filter: ((production_year < 1972) AND (kind_id = 1))
  Rows Removed by Filter: 2292665
Planning time: 3.476 ms
Execution time: 1115.167 ms
