Hash Join  (cost=310660.87..1007151.42 rows=16854182 width=0) (actual time=7781.905..58873.565 rows=156690567 loops=1)
  Hash Cond: (mi.movie_id = t.id)
  ->  Seq Scan on movie_info mi  (cost=0.00..309384.22 rows=14739122 width=4) (actual time=0.015..6366.282 rows=14835720 loops=1)
  ->  Hash  (cost=263223.74..263223.74 rows=2891370 width=8) (actual time=7781.069..7781.069 rows=2883031 loops=1)
        Buckets: 131072  Batches: 64  Memory Usage: 2889kB
        ->  Hash Join  (cost=102767.86..263223.74 rows=2891370 width=8) (actual time=1867.052..6917.656 rows=2883031 loops=1)
              Hash Cond: (mk.movie_id = t.id)
              ->  Seq Scan on movie_keyword mk  (cost=0.00..81003.12 rows=2891370 width=4) (actual time=0.016..1739.909 rows=2883031 loops=1)
                    Filter: (keyword_id > 2488)
                    Rows Removed by Filter: 1640899
              ->  Hash  (cost=61283.27..61283.27 rows=2528527 width=4) (actual time=1864.533..1864.533 rows=2528312 loops=1)
                    Buckets: 131072  Batches: 64  Memory Usage: 2425kB
                    ->  Seq Scan on title t  (cost=0.00..61283.27 rows=2528527 width=4) (actual time=0.008..996.389 rows=2528312 loops=1)
Planning time: 1.182 ms
Execution time: 77163.646 ms
