Hash Join  (cost=102767.86..1050626.99 rows=5897474 width=0) (actual time=7457.709..26911.967 rows=12010505 loops=1)
  Hash Cond: (ci.movie_id = t.id)
  ->  Seq Scan on cast_info ci  (cost=0.00..796071.18 rows=5897474 width=4) (actual time=5577.252..14686.335 rows=12010505 loops=1)
        Filter: ((person_id < 1647714) AND (role_id < 2))
        Rows Removed by Filter: 24233839
  ->  Hash  (cost=61283.27..61283.27 rows=2528527 width=4) (actual time=1879.156..1879.156 rows=2528312 loops=1)
        Buckets: 131072  Batches: 64  Memory Usage: 2415kB
        ->  Seq Scan on title t  (cost=0.00..61283.27 rows=2528527 width=4) (actual time=0.016..1019.193 rows=2528312 loops=1)
Planning time: 0.777 ms
Execution time: 28318.011 ms
