Seq Scan on movie_keyword mk  (cost=0.00..81003.12 rows=246 width=0) (actual time=4.514..1384.836 rows=1052 loops=1)
  Filter: (keyword_id = 5946)
  Rows Removed by Filter: 4522878
Planning time: 0.375 ms
Execution time: 1385.291 ms
