Seq Scan on cast_info ci  (cost=0.00..796071.18 rows=3662276 width=0) (actual time=724.994..12993.177 rows=7380660 loops=1)
  Filter: ((person_id < 1007991) AND (role_id < 2))
  Rows Removed by Filter: 28863684
Planning time: 0.355 ms
Execution time: 13882.398 ms
