Seq Scan on movie_keyword mk  (cost=0.00..81003.12 rows=1430754 width=0) (actual time=0.022..1436.886 rows=1446350 loops=1)
  Filter: (keyword_id < 2028)
  Rows Removed by Filter: 3077580
Planning time: 0.313 ms
Execution time: 1618.867 ms
