Hash Join  (cost=75533.21..114143.25 rows=53456 width=0) (actual time=1781.277..2210.833 rows=24084 loops=1)
  Hash Cond: (mi_idx.movie_id = t.id)
  ->  Seq Scan on movie_info_idx mi_idx  (cost=0.00..21735.35 rows=1380035 width=4) (actual time=0.019..466.020 rows=1380035 loops=1)
  ->  Hash  (cost=73925.90..73925.90 rows=97944 width=4) (actual time=1320.899..1320.899 rows=106247 loops=1)
        Buckets: 131072  Batches: 2  Memory Usage: 2890kB
        ->  Seq Scan on title t  (cost=0.00..73925.90 rows=97944 width=4) (actual time=0.026..1278.664 rows=106247 loops=1)
              Filter: ((kind_id > 6) AND (production_year = 2011))
              Rows Removed by Filter: 2422065
Planning time: 1.307 ms
Execution time: 2218.449 ms
