Hash Join  (cost=120761.90..607879.57 rows=685174 width=0) (actual time=2480.124..16234.809 rows=4792398 loops=1)
  Hash Cond: (mi.movie_id = t.id)
  ->  Seq Scan on movie_info mi  (cost=0.00..309384.22 rows=14739122 width=4) (actual time=0.020..5885.362 rows=14835720 loops=1)
  ->  Hash  (cost=118832.61..118832.61 rows=117543 width=8) (actual time=2479.275..2479.275 rows=248644 loops=1)
        Buckets: 131072 (originally 131072)  Batches: 4 (originally 2)  Memory Usage: 3467kB
        ->  Hash Join  (cost=84663.78..118832.61 rows=117543 width=8) (actual time=1469.193..2396.710 rows=248644 loops=1)
              Hash Cond: (mi_idx.movie_id = t.id)
              ->  Seq Scan on movie_info_idx mi_idx  (cost=0.00..25185.44 rows=454124 width=4) (actual time=0.034..507.528 rows=459925 loops=1)
                    Filter: (info_type_id = 100)
                    Rows Removed by Filter: 920110
              ->  Hash  (cost=73925.90..73925.90 rows=654470 width=4) (actual time=1466.586..1466.586 rows=686054 loops=1)
                    Buckets: 131072  Batches: 16  Memory Usage: 2531kB
                    ->  Seq Scan on title t  (cost=0.00..73925.90 rows=654470 width=4) (actual time=0.055..1249.043 rows=686054 loops=1)
                          Filter: ((kind_id < 4) AND (production_year < 2010))
                          Rows Removed by Filter: 1842258
Planning time: 1.192 ms
Execution time: 16772.746 ms
