Hash Join  (cost=157398.43..684671.03 rows=3209495 width=0) (actual time=3235.759..17814.048 rows=3427316 loops=1)
  Hash Cond: (mi.movie_id = t.id)
  ->  Seq Scan on movie_info mi  (cost=0.00..346232.03 rows=12665229 width=4) (actual time=0.009..7263.356 rows=12744652 loops=1)
        Filter: (info_type_id > 2)
        Rows Removed by Filter: 2091068
  ->  Hash  (cost=146886.01..146886.01 rows=640754 width=8) (actual time=3234.464..3234.464 rows=424718 loops=1)
        Buckets: 131072  Batches: 16  Memory Usage: 2073kB
        ->  Hash Join  (cost=96651.52..146886.01 rows=640754 width=8) (actual time=1819.684..3126.683 rows=424718 loops=1)
              Hash Cond: (mi_idx.movie_id = t.id)
              ->  Seq Scan on movie_info_idx mi_idx  (cost=0.00..25185.44 rows=915101 width=4) (actual time=0.018..503.543 rows=919850 loops=1)
                    Filter: (info_type_id < 101)
                    Rows Removed by Filter: 460185
              ->  Hash  (cost=67604.59..67604.59 rows=1770475 width=4) (actual time=1818.709..1818.709 rows=1774635 loops=1)
                    Buckets: 131072  Batches: 32  Memory Usage: 2978kB
                    ->  Seq Scan on title t  (cost=0.00..67604.59 rows=1770475 width=4) (actual time=0.012..1249.870 rows=1774635 loops=1)
                          Filter: (kind_id > 2)
                          Rows Removed by Filter: 753677
Planning time: 0.793 ms
Execution time: 18227.067 ms
