Hash Join  (cost=89602.09..178243.74 rows=985912 width=0) (actual time=1636.866..3980.054 rows=489412 loops=1)
  Hash Cond: (mc.movie_id = t.id)
  ->  Seq Scan on movie_companies mc  (cost=0.00..44881.29 rows=2609129 width=4) (actual time=0.015..860.272 rows=2609129 loops=1)
  ->  Hash  (cost=73925.90..73925.90 rows=955455 width=4) (actual time=1635.632..1635.632 rows=885784 loops=1)
        Buckets: 131072  Batches: 16  Memory Usage: 2971kB
        ->  Seq Scan on title t  (cost=0.00..73925.90 rows=955455 width=4) (actual time=0.019..1365.059 rows=885784 loops=1)
              Filter: ((kind_id > 4) AND (production_year < 2007))
              Rows Removed by Filter: 1642528
Planning time: 6.023 ms
Execution time: 4038.362 ms
