Hash Join  (cost=167675.20..534556.23 rows=222508 width=0) (actual time=3103.228..15477.004 rows=5203829 loops=1)
  Hash Cond: (mi.movie_id = t.id)
  ->  Seq Scan on movie_info mi  (cost=0.00..309384.22 rows=14739122 width=4) (actual time=0.016..5105.723 rows=14835720 loops=1)
  ->  Hash  (cost=167198.05..167198.05 rows=38172 width=8) (actual time=3102.779..3102.779 rows=134294 loops=1)
        Buckets: 131072 (originally 65536)  Batches: 2 (originally 1)  Memory Usage: 3673kB
        ->  Hash Join  (cost=81598.21..167198.05 rows=38172 width=8) (actual time=1422.381..3057.875 rows=134294 loops=1)
              Hash Cond: (mk.movie_id = t.id)
              ->  Seq Scan on movie_keyword mk  (cost=0.00..81003.12 rows=206401 width=4) (actual time=0.023..1406.407 rows=222109 loops=1)
                    Filter: (keyword_id < 178)
                    Rows Removed by Filter: 4301821
              ->  Hash  (cost=73925.90..73925.90 rows=467624 width=4) (actual time=1421.443..1421.443 rows=557493 loops=1)
                    Buckets: 131072  Batches: 8  Memory Usage: 3493kB
                    ->  Seq Scan on title t  (cost=0.00..73925.90 rows=467624 width=4) (actual time=0.032..1240.073 rows=557493 loops=1)
                          Filter: ((kind_id < 7) AND (production_year < 2003))
                          Rows Removed by Filter: 1970819
Planning time: 1.181 ms
Execution time: 16054.971 ms
