Seq Scan on movie_keyword mk  (cost=0.00..81003.12 rows=1641616 width=0) (actual time=0.018..1419.562 rows=1651112 loops=1)
  Filter: (keyword_id < 2519)
  Rows Removed by Filter: 2872818
Planning time: 0.221 ms
Execution time: 1635.300 ms
