Hash Join  (cost=83189.08..126168.93 rows=308137 width=0) (actual time=1409.787..2567.723 rows=167427 loops=1)
  Hash Cond: (mi_idx.movie_id = t.id)
  ->  Seq Scan on movie_info_idx mi_idx  (cost=0.00..21735.35 rows=1380035 width=4) (actual time=0.017..473.713 rows=1380035 loops=1)
  ->  Hash  (cost=73925.90..73925.90 rows=564574 width=4) (actual time=1409.235..1409.235 rows=454234 loops=1)
        Buckets: 131072  Batches: 8  Memory Usage: 3004kB
        ->  Seq Scan on title t  (cost=0.00..73925.90 rows=564574 width=4) (actual time=0.023..1263.141 rows=454234 loops=1)
              Filter: ((production_year < 1998) AND (kind_id = 7))
              Rows Removed by Filter: 2074078
Planning time: 0.510 ms
Execution time: 2586.719 ms
