Hash Join  (cost=834365.58..1308552.73 rows=714120 width=0) (actual time=18861.075..29068.078 rows=1755413 loops=1)
  Hash Cond: (mi.movie_id = t.id)
  ->  Seq Scan on movie_info mi  (cost=0.00..346232.03 rows=7235534 width=4) (actual time=31.232..6669.299 rows=7286865 loops=1)
        Filter: (info_type_id < 8)
        Rows Removed by Filter: 7548855
  ->  Hash  (cost=830271.13..830271.13 rows=249556 width=8) (actual time=18828.222..18828.222 rows=201461 loops=1)
        Buckets: 131072  Batches: 4  Memory Usage: 2973kB
        ->  Hash Join  (cost=74545.71..830271.13 rows=249556 width=8) (actual time=3460.923..17290.723 rows=201461 loops=1)
              Hash Cond: (ci.movie_id = t.id)
              ->  Seq Scan on cast_info ci  (cost=0.00..705507.15 rows=12726058 width=4) (actual time=2799.024..13466.956 rows=12670688 loops=1)
                    Filter: (role_id < 2)
                    Rows Removed by Filter: 23573656
              ->  Hash  (cost=73925.90..73925.90 rows=49584 width=4) (actual time=661.512..661.512 rows=38752 loops=1)
                    Buckets: 65536  Batches: 1  Memory Usage: 1875kB
                    ->  Seq Scan on title t  (cost=0.00..73925.90 rows=49584 width=4) (actual time=0.030..648.729 rows=38752 loops=1)
                          Filter: ((kind_id < 7) AND (production_year = 2008))
                          Rows Removed by Filter: 2489560
Planning time: 1.162 ms
Execution time: 29286.584 ms
