Hash Join  (cost=796274.36..850939.99 rows=12 width=0) (actual time=10870.854..11617.134 rows=2 loops=1)
  Hash Cond: (mc.movie_id = t.id)
  ->  Seq Scan on movie_companies mc  (cost=0.00..44881.29 rows=2609129 width=4) (actual time=0.014..697.426 rows=2609129 loops=1)
  ->  Hash  (cost=796274.22..796274.22 rows=11 width=8) (actual time=10447.347..10447.347 rows=1 loops=1)
        Buckets: 1024  Batches: 1  Memory Usage: 9kB
        ->  Nested Loop  (cost=0.43..796274.22 rows=11 width=8) (actual time=2604.635..10447.311 rows=1 loops=1)
              ->  Seq Scan on cast_info ci  (cost=0.00..796071.18 rows=24 width=4) (actual time=2604.463..10447.100 rows=2 loops=1)
                    Filter: ((person_id = 1061491) AND (role_id = 8))
                    Rows Removed by Filter: 36244342
              ->  Index Scan using title_pkey on title t  (cost=0.43..8.45 rows=1 width=4) (actual time=0.062..0.062 rows=0 loops=2)
                    Index Cond: (id = ci.movie_id)
                    Filter: (production_year > 2003)
                    Rows Removed by Filter: 0
Planning time: 2.550 ms
Execution time: 11617.317 ms
