Seq Scan on cast_info ci  (cost=0.00..796071.18 rows=3593855 width=0) (actual time=1430.328..14591.098 rows=4967150 loops=1)
  Filter: ((person_id > 1363321) AND (role_id > 8))
  Rows Removed by Filter: 31277194
Planning time: 0.238 ms
Execution time: 15189.836 ms
