Hash Join  (cost=102767.86..297787.54 rows=4327788 width=0) (actual time=1904.339..7384.509 rows=4308082 loops=1)
  Hash Cond: (mk.movie_id = t.id)
  ->  Seq Scan on movie_keyword mk  (cost=0.00..81003.12 rows=4327788 width=4) (actual time=0.014..1725.128 rows=4308082 loops=1)
        Filter: (keyword_id > 141)
        Rows Removed by Filter: 215848
  ->  Hash  (cost=61283.27..61283.27 rows=2528527 width=4) (actual time=1903.037..1903.037 rows=2528312 loops=1)
        Buckets: 131072  Batches: 64  Memory Usage: 2425kB
        ->  Seq Scan on title t  (cost=0.00..61283.27 rows=2528527 width=4) (actual time=0.015..1038.998 rows=2528312 loops=1)
Planning time: 0.732 ms
Execution time: 7880.366 ms
