Seq Scan on movie_keyword mk  (cost=0.00..81003.12 rows=2216956 width=0) (actual time=0.018..1467.611 rows=2214544 loops=1)
  Filter: (keyword_id < 4499)
  Rows Removed by Filter: 2309386
Planning time: 0.334 ms
Execution time: 1754.882 ms
