Hash Join  (cost=181799.40..1250095.64 rows=3357706 width=0) (actual time=3733.633..41115.907 rows=26535796 loops=1)
  Hash Cond: (ci.movie_id = t.id)
  ->  Seq Scan on cast_info ci  (cost=0.00..614943.12 rows=36225612 width=4) (actual time=0.026..12713.441 rows=36244344 loops=1)
  ->  Hash  (cost=177953.83..177953.83 rows=234366 width=8) (actual time=3732.710..3732.710 rows=519803 loops=1)
        Buckets: 131072 (originally 131072)  Batches: 8 (originally 4)  Memory Usage: 3592kB
        ->  Hash Join  (cost=83810.17..177953.83 rows=234366 width=8) (actual time=1570.449..3571.046 rows=519803 loops=1)
              Hash Cond: (mk.movie_id = t.id)
              ->  Seq Scan on movie_keyword mk  (cost=0.00..81003.12 rows=599964 width=4) (actual time=0.017..1369.004 rows=601616 loops=1)
                    Filter: (keyword_id > 30583)
                    Rows Removed by Filter: 3922314
              ->  Hash  (cost=67604.59..67604.59 rows=987727 width=4) (actual time=1569.321..1569.321 rows=985048 loops=1)
                    Buckets: 131072  Batches: 16  Memory Usage: 3197kB
                    ->  Seq Scan on title t  (cost=0.00..67604.59 rows=987727 width=4) (actual time=0.027..1253.314 rows=985048 loops=1)
                          Filter: (kind_id < 7)
                          Rows Removed by Filter: 1543264
Planning time: 1.147 ms
Execution time: 44049.358 ms
