Hash Join  (cost=243377.60..1507401.34 rows=18002956 width=0) (actual time=5908.077..71909.912 rows=139259376 loops=1)
  Hash Cond: (ci.movie_id = t.id)
  ->  Seq Scan on cast_info ci  (cost=0.00..614943.12 rows=36225612 width=4) (actual time=0.010..13413.827 rows=36244344 loops=1)
  ->  Hash  (cost=222761.15..222761.15 rows=1256596 width=8) (actual time=5907.276..5907.276 rows=2357693 loops=1)
        Buckets: 131072 (originally 131072)  Batches: 64 (originally 32)  Memory Usage: 3865kB
        ->  Hash Join  (cost=85449.15..222761.15 rows=1256596 width=8) (actual time=1386.768..5275.228 rows=2357693 loops=1)
              Hash Cond: (mk.movie_id = t.id)
              ->  Seq Scan on movie_keyword mk  (cost=0.00..69693.30 rows=4523930 width=4) (actual time=0.020..1356.229 rows=4523930 loops=1)
              ->  Hash  (cost=73925.90..73925.90 rows=702340 width=4) (actual time=1385.714..1385.714 rows=603836 loops=1)
                    Buckets: 131072  Batches: 16  Memory Usage: 2357kB
                    ->  Seq Scan on title t  (cost=0.00..73925.90 rows=702340 width=4) (actual time=0.015..1187.371 rows=603836 loops=1)
                          Filter: ((kind_id < 7) AND (production_year > 1988))
                          Rows Removed by Filter: 1924476
Planning time: 0.783 ms
Execution time: 87317.484 ms
