Hash Join  (cost=106491.61..862894.43 rows=561360 width=0) (actual time=2006.543..21800.236 rows=1278019 loops=1)
  Hash Cond: (ci.movie_id = t.id)
  ->  Seq Scan on cast_info ci  (cost=0.00..614943.12 rows=36225612 width=4) (actual time=0.022..9069.194 rows=36244344 loops=1)
  ->  Hash  (cost=106001.82..106001.82 rows=39183 width=8) (actual time=2006.161..2006.161 rows=41051 loops=1)
        Buckets: 65536  Batches: 1  Memory Usage: 2116kB
        ->  Hash Join  (cost=69374.09..106001.82 rows=39183 width=8) (actual time=1138.946..1993.270 rows=41051 loops=1)
              Hash Cond: (mi_idx.movie_id = t.id)
              ->  Seq Scan on movie_info_idx mi_idx  (cost=0.00..25185.44 rows=919057 width=4) (actual time=0.022..534.254 rows=920110 loops=1)
                    Filter: (info_type_id > 99)
                    Rows Removed by Filter: 459925
              ->  Hash  (cost=67604.59..67604.59 rows=107800 width=4) (actual time=1138.216..1138.216 rows=108429 loops=1)
                    Buckets: 131072  Batches: 2  Memory Usage: 2931kB
                    ->  Seq Scan on title t  (cost=0.00..67604.59 rows=107800 width=4) (actual time=0.031..1098.451 rows=108429 loops=1)
                          Filter: (production_year = 2006)
                          Rows Removed by Filter: 2419883
Planning time: 1.141 ms
Execution time: 21980.217 ms
