Seq Scan on cast_info ci  (cost=0.00..705507.15 rows=30736157 width=0) (actual time=0.026..13841.448 rows=30682205 loops=1)
  Filter: (person_id < 3096640)
  Rows Removed by Filter: 5562139
Planning time: 0.342 ms
Execution time: 17686.699 ms
