Hash Join  (cost=74300.43..129275.12 rows=30917 width=0) (actual time=1211.807..2540.459 rows=22514 loops=1)
  Hash Cond: (mc.movie_id = t.id)
  ->  Seq Scan on movie_companies mc  (cost=0.00..44881.29 rows=2609129 width=4) (actual time=0.012..623.297 rows=2609129 loops=1)
  ->  Hash  (cost=73925.90..73925.90 rows=29962 width=4) (actual time=1211.582..1211.582 rows=32487 loops=1)
        Buckets: 32768  Batches: 1  Memory Usage: 1399kB
        ->  Seq Scan on title t  (cost=0.00..73925.90 rows=29962 width=4) (actual time=0.023..1197.374 rows=32487 loops=1)
              Filter: ((kind_id > 1) AND (production_year = 1997))
              Rows Removed by Filter: 2495825
Planning time: 0.555 ms
Execution time: 2544.057 ms
