Hash Join  (cost=336237.12..855504.59 rows=7588260 width=0) (actual time=10514.899..25266.144 rows=35024070 loops=1)
  Hash Cond: (mi.movie_id = t.id)
  ->  Seq Scan on movie_info mi  (cost=0.00..346232.03 rows=5445713 width=4) (actual time=2870.317..6137.199 rows=5410520 loops=1)
        Filter: (info_type_id < 6)
        Rows Removed by Filter: 9425200
  ->  Hash  (cost=278431.32..278431.32 rows=3523344 width=8) (actual time=7641.013..7641.013 rows=3516657 loops=1)
        Buckets: 131072  Batches: 64  Memory Usage: 3273kB
        ->  Hash Join  (cost=102767.86..278431.32 rows=3523344 width=8) (actual time=1956.274..6647.530 rows=3516657 loops=1)
              Hash Cond: (mk.movie_id = t.id)
              ->  Seq Scan on movie_keyword mk  (cost=0.00..81003.12 rows=3523344 width=4) (actual time=0.031..1743.761 rows=3516657 loops=1)
                    Filter: (keyword_id > 966)
                    Rows Removed by Filter: 1007273
              ->  Hash  (cost=61283.27..61283.27 rows=2528527 width=4) (actual time=1955.081..1955.081 rows=2528312 loops=1)
                    Buckets: 131072  Batches: 64  Memory Usage: 2425kB
                    ->  Seq Scan on title t  (cost=0.00..61283.27 rows=2528527 width=4) (actual time=0.009..1095.465 rows=2528312 loops=1)
Planning time: 1.210 ms
Execution time: 29244.126 ms
