Seq Scan on movie_keyword mk  (cost=0.00..81003.12 rows=246 width=0) (actual time=221.003..1221.567 rows=4 loops=1)
  Filter: (keyword_id = 52749)
  Rows Removed by Filter: 4523926
Planning time: 0.335 ms
Execution time: 1221.656 ms
