Hash Join  (cost=200938.63..278550.48 rows=185833 width=0) (actual time=4437.484..7004.358 rows=1648469 loops=1)
  Hash Cond: (mc.movie_id = t.id)
  ->  Seq Scan on movie_companies mc  (cost=0.00..44881.29 rows=2609129 width=4) (actual time=0.018..887.432 rows=2609129 loops=1)
  ->  Hash  (cost=197983.48..197983.48 rows=180092 width=8) (actual time=4436.699..4436.699 rows=178564 loops=1)
        Buckets: 131072  Batches: 4  Memory Usage: 2778kB
        ->  Hash Join  (cost=102767.86..197983.48 rows=180092 width=8) (actual time=2469.093..4386.865 rows=178564 loops=1)
              Hash Cond: (mk.movie_id = t.id)
              ->  Seq Scan on movie_keyword mk  (cost=0.00..81003.12 rows=180092 width=4) (actual time=0.012..1407.382 rows=178564 loops=1)
                    Filter: (keyword_id > 71708)
                    Rows Removed by Filter: 4345366
              ->  Hash  (cost=61283.27..61283.27 rows=2528527 width=4) (actual time=2467.708..2467.708 rows=2528312 loops=1)
                    Buckets: 131072  Batches: 64  Memory Usage: 2425kB
                    ->  Seq Scan on title t  (cost=0.00..61283.27 rows=2528527 width=4) (actual time=0.021..1200.342 rows=2528312 loops=1)
Planning time: 1.132 ms
Execution time: 7191.646 ms
