Hash Join  (cost=844021.77..1607358.66 rows=4125523 width=0) (actual time=22649.424..40150.007 rows=14118353 loops=1)
  Hash Cond: (mi.movie_id = t.id)
  ->  Seq Scan on movie_info mi  (cost=0.00..309384.22 rows=14739122 width=4) (actual time=0.016..6196.484 rows=14835720 loops=1)
  ->  Hash  (cost=832409.99..832409.99 rows=707742 width=8) (actual time=22645.760..22645.760 rows=675649 loops=1)
        Buckets: 131072  Batches: 16  Memory Usage: 2601kB
        ->  Hash Join  (cost=74543.40..832409.99 rows=707742 width=8) (actual time=1161.773..21420.954 rows=675649 loops=1)
              Hash Cond: (ci.movie_id = t.id)
              ->  Seq Scan on cast_info ci  (cost=0.00..614943.12 rows=36225612 width=4) (actual time=0.011..8991.566 rows=36244344 loops=1)
              ->  Hash  (cost=73925.90..73925.90 rows=49400 width=4) (actual time=1161.350..1161.350 rows=45100 loops=1)
                    Buckets: 65536  Batches: 1  Memory Usage: 2098kB
                    ->  Seq Scan on title t  (cost=0.00..73925.90 rows=49400 width=4) (actual time=0.223..1143.683 rows=45100 loops=1)
                          Filter: ((kind_id < 3) AND (production_year = 2012))
                          Rows Removed by Filter: 2483212
Planning time: 1.159 ms
Execution time: 41888.978 ms
