Hash Join  (cost=92883.59..237828.69 rows=1866879 width=0) (actual time=1755.776..4969.699 rows=456882 loops=1)
  Hash Cond: (mk.movie_id = t.id)
  ->  Seq Scan on movie_keyword mk  (cost=0.00..81003.12 rows=3063638 width=4) (actual time=0.026..1599.940 rows=3043470 loops=1)
        Filter: (keyword_id > 2109)
        Rows Removed by Filter: 1480460
  ->  Hash  (cost=67604.59..67604.59 rows=1540800 width=4) (actual time=1659.633..1659.633 rows=1543264 loops=1)
        Buckets: 131072  Batches: 32  Memory Usage: 2728kB
        ->  Seq Scan on title t  (cost=0.00..67604.59 rows=1540800 width=4) (actual time=135.528..1160.429 rows=1543264 loops=1)
              Filter: (kind_id = 7)
              Rows Removed by Filter: 985048
Planning time: 0.748 ms
Execution time: 5023.096 ms
