Hash Join  (cost=198469.86..1357549.62 rows=8602465 width=0) (actual time=3939.616..38231.963 rows=8615656 loops=1)
  Hash Cond: (ci.movie_id = t.id)
  ->  Seq Scan on cast_info ci  (cost=0.00..705507.15 rows=31554923 width=4) (actual time=0.016..16798.356 rows=31605208 loops=1)
        Filter: (role_id < 10)
        Rows Removed by Filter: 4639136
  ->  Hash  (cost=187160.31..187160.31 rows=689324 width=8) (actual time=3938.035..3938.035 rows=437924 loops=1)
        Buckets: 131072  Batches: 16  Memory Usage: 2085kB
        ->  Hash Join  (cost=102767.86..187160.31 rows=689324 width=8) (actual time=1921.543..3808.502 rows=437924 loops=1)
              Hash Cond: (mc.movie_id = t.id)
              ->  Seq Scan on movie_companies mc  (cost=0.00..57926.93 rows=689324 width=4) (actual time=0.019..1076.514 rows=437924 loops=1)
                    Filter: ((company_id < 11456) AND (company_type_id > 1))
                    Rows Removed by Filter: 2171205
              ->  Hash  (cost=61283.27..61283.27 rows=2528527 width=4) (actual time=1920.505..1920.505 rows=2528312 loops=1)
                    Buckets: 131072  Batches: 64  Memory Usage: 2415kB
                    ->  Seq Scan on title t  (cost=0.00..61283.27 rows=2528527 width=4) (actual time=0.024..1091.112 rows=2528312 loops=1)
Planning time: 1.381 ms
Execution time: 39270.003 ms
