Hash Join  (cost=173813.41..1362115.22 rows=15039761 width=0) (actual time=3985.880..44688.056 rows=34406774 loops=1)
  Hash Cond: (ci.movie_id = t.id)
  ->  Seq Scan on cast_info ci  (cost=0.00..614943.12 rows=36225612 width=4) (actual time=0.024..12962.091 rows=36244344 loops=1)
  ->  Hash  (cost=156590.32..156590.32 rows=1049767 width=8) (actual time=3984.853..3984.853 rows=1187646 loops=1)
        Buckets: 131072  Batches: 16  Memory Usage: 3930kB
        ->  Hash Join  (cost=99161.12..156590.32 rows=1049767 width=8) (actual time=1948.831..3664.630 rows=1187646 loops=1)
              Hash Cond: (mi_idx.movie_id = t.id)
              ->  Seq Scan on movie_info_idx mi_idx  (cost=0.00..21735.35 rows=1380035 width=4) (actual time=0.016..423.691 rows=1380035 loops=1)
              ->  Hash  (cost=67604.59..67604.59 rows=1923403 width=4) (actual time=1947.478..1947.478 rows=1922849 loops=1)
                    Buckets: 131072  Batches: 32  Memory Usage: 3132kB
                    ->  Seq Scan on title t  (cost=0.00..67604.59 rows=1923403 width=4) (actual time=0.020..1308.966 rows=1922849 loops=1)
                          Filter: (production_year < 2010)
                          Rows Removed by Filter: 605463
Planning time: 1.903 ms
Execution time: 48526.182 ms
