Hash Join  (cost=103823.43..190879.49 rows=39803 width=0) (actual time=1800.392..3601.229 rows=97770 loops=1)
  Hash Cond: (mk.movie_id = t.id)
  ->  Seq Scan on movie_keyword mk  (cost=0.00..69693.30 rows=4523930 width=4) (actual time=0.017..963.707 rows=4523930 loops=1)
  ->  Hash  (cost=103545.34..103545.34 rows=22247 width=8) (actual time=1799.111..1799.111 rows=17908 loops=1)
        Buckets: 32768  Batches: 1  Memory Usage: 956kB
        ->  Hash Join  (cost=74690.97..103545.34 rows=22247 width=8) (actual time=1093.410..1792.531 rows=17908 loops=1)
              Hash Cond: (mi_idx.movie_id = t.id)
              ->  Seq Scan on movie_info_idx mi_idx  (cost=0.00..25185.44 rows=919057 width=4) (actual time=0.029..469.546 rows=920110 loops=1)
                    Filter: (info_type_id > 99)
                    Rows Removed by Filter: 459925
              ->  Hash  (cost=73925.90..73925.90 rows=61205 width=4) (actual time=1093.027..1093.027 rows=61581 loops=1)
                    Buckets: 65536  Batches: 1  Memory Usage: 2677kB
                    ->  Seq Scan on title t  (cost=0.00..73925.90 rows=61205 width=4) (actual time=458.804..1070.110 rows=61581 loops=1)
                          Filter: ((production_year > 2011) AND (kind_id = 1))
                          Rows Removed by Filter: 2466731
Planning time: 5.457 ms
Execution time: 3613.715 ms
