Hash Join  (cost=102767.86..190771.03 rows=839399 width=0) (actual time=2187.570..3927.371 rows=527992 loops=1)
  Hash Cond: (mc.movie_id = t.id)
  ->  Seq Scan on movie_companies mc  (cost=0.00..57926.93 rows=839399 width=4) (actual time=0.020..1031.771 rows=527992 loops=1)
        Filter: ((company_id < 17641) AND (company_type_id > 1))
        Rows Removed by Filter: 2081137
  ->  Hash  (cost=61283.27..61283.27 rows=2528527 width=4) (actual time=2185.223..2185.223 rows=2528312 loops=1)
        Buckets: 131072  Batches: 64  Memory Usage: 2415kB
        ->  Seq Scan on title t  (cost=0.00..61283.27 rows=2528527 width=4) (actual time=0.012..1077.835 rows=2528312 loops=1)
Planning time: 0.757 ms
Execution time: 3974.354 ms
