Hash Join  (cost=194336.61..944429.31 rows=474360 width=0) (actual time=3494.560..16086.923 rows=238874 loops=1)
  Hash Cond: (ci.movie_id = t.id)
  ->  Seq Scan on cast_info ci  (cost=0.00..705507.15 rows=3323720 width=4) (actual time=0.014..11136.460 rows=3205440 loops=1)
        Filter: (person_id < 310061)
        Rows Removed by Filter: 33038904
  ->  Hash  (cost=188415.74..188415.74 rows=360870 width=8) (actual time=3492.445..3492.445 rows=100494 loops=1)
        Buckets: 131072  Batches: 8  Memory Usage: 1506kB
        ->  Hash Join  (cost=88391.98..188415.74 rows=360870 width=8) (actual time=1504.868..3461.232 rows=100494 loops=1)
              Hash Cond: (mk.movie_id = t.id)
              ->  Seq Scan on movie_keyword mk  (cost=0.00..81003.12 rows=1034915 width=4) (actual time=0.014..1388.218 rows=1040705 loops=1)
                    Filter: (keyword_id > 17031)
                    Rows Removed by Filter: 3483225
              ->  Hash  (cost=73925.90..73925.90 rows=881686 width=4) (actual time=1421.616..1421.616 rows=801513 loops=1)
                    Buckets: 131072  Batches: 16  Memory Usage: 2792kB
                    ->  Seq Scan on title t  (cost=0.00..73925.90 rows=881686 width=4) (actual time=0.021..1164.990 rows=801513 loops=1)
                          Filter: ((production_year < 2006) AND (kind_id = 7))
                          Rows Removed by Filter: 1726799
Planning time: 1.098 ms
Execution time: 16119.717 ms
