Seq Scan on cast_info ci  (cost=0.00..796071.18 rows=176 width=0) (actual time=10336.286..13265.070 rows=125 loops=1)
  Filter: ((role_id < 2) AND (person_id = 788550))
  Rows Removed by Filter: 36244219
Planning time: 0.428 ms
Execution time: 13265.209 ms
