Hash Join  (cost=200466.10..945250.99 rows=311057 width=0) (actual time=13121.461..18689.762 rows=300229 loops=1)
  Hash Cond: (ci.movie_id = t.id)
  ->  Seq Scan on cast_info ci  (cost=0.00..705507.15 rows=2735034 width=4) (actual time=8778.815..13225.340 rows=2728943 loops=1)
        Filter: (role_id = 4)
        Rows Removed by Filter: 33515401
  ->  Hash  (cost=195747.46..195747.46 rows=287571 width=8) (actual time=4341.613..4341.613 rows=147733 loops=1)
        Buckets: 131072  Batches: 4  Memory Usage: 2540kB
        ->  Hash Join  (cost=70241.71..195747.46 rows=287571 width=8) (actual time=1349.515..4295.037 rows=147733 loops=1)
              Hash Cond: (mk.movie_id = t.id)
              ->  Seq Scan on movie_keyword mk  (cost=0.00..69693.30 rows=4523930 width=4) (actual time=0.025..1307.792 rows=4523930 loops=1)
              ->  Hash  (cost=67604.59..67604.59 rows=160730 width=4) (actual time=1348.591..1348.591 rows=160017 loops=1)
                    Buckets: 131072  Batches: 4  Memory Usage: 2442kB
                    ->  Seq Scan on title t  (cost=0.00..67604.59 rows=160730 width=4) (actual time=0.036..1022.502 rows=160017 loops=1)
                          Filter: (production_year = 2011)
                          Rows Removed by Filter: 2368295
Planning time: 1.201 ms
Execution time: 18723.876 ms
