Hash Join  (cost=83074.74..901694.66 rows=2934 width=0) (actual time=1203.500..18767.684 rows=131046 loops=1)
  Hash Cond: (ci.movie_id = t.id)
  ->  Seq Scan on cast_info ci  (cost=0.00..705507.15 rows=30155581 width=4) (actual time=0.016..12214.077 rows=30279177 loops=1)
        Filter: (person_id > 577597)
        Rows Removed by Filter: 5965167
  ->  Hash  (cost=83071.67..83071.67 rows=246 width=8) (actual time=1202.017..1202.017 rows=2994 loops=1)
        Buckets: 4096 (originally 1024)  Batches: 1 (originally 1)  Memory Usage: 149kB
        ->  Nested Loop  (cost=0.43..83071.67 rows=246 width=8) (actual time=0.240..1200.158 rows=2994 loops=1)
              ->  Seq Scan on movie_keyword mk  (cost=0.00..81003.12 rows=246 width=4) (actual time=0.174..1127.603 rows=2994 loops=1)
                    Filter: (keyword_id = 7663)
                    Rows Removed by Filter: 4520936
              ->  Index Only Scan using title_pkey on title t  (cost=0.43..8.40 rows=1 width=4) (actual time=0.023..0.023 rows=1 loops=2994)
                    Index Cond: (id = mk.movie_id)
                    Heap Fetches: 2994
Planning time: 1.048 ms
Execution time: 18791.019 ms
