Hash Join  (cost=182064.14..689555.65 rows=2594658 width=0) (actual time=3722.176..19132.639 rows=7591512 loops=1)
  Hash Cond: (mi.movie_id = t.id)
  ->  Seq Scan on movie_info mi  (cost=0.00..309384.22 rows=14739122 width=4) (actual time=0.024..6273.947 rows=14835720 loops=1)
  ->  Hash  (cost=174761.15..174761.15 rows=445119 width=8) (actual time=3721.304..3721.304 rows=445175 loops=1)
        Buckets: 131072  Batches: 8  Memory Usage: 3221kB
        ->  Hash Join  (cost=102767.86..174761.15 rows=445119 width=8) (actual time=2031.078..3588.892 rows=445175 loops=1)
              Hash Cond: (mc.movie_id = t.id)
              ->  Seq Scan on movie_companies mc  (cost=0.00..51404.11 rows=445119 width=4) (actual time=0.025..823.492 rows=445175 loops=1)
                    Filter: (company_id < 341)
                    Rows Removed by Filter: 2163954
              ->  Hash  (cost=61283.27..61283.27 rows=2528527 width=4) (actual time=2029.675..2029.675 rows=2528312 loops=1)
                    Buckets: 131072  Batches: 64  Memory Usage: 2415kB
                    ->  Seq Scan on title t  (cost=0.00..61283.27 rows=2528527 width=4) (actual time=0.023..1159.976 rows=2528312 loops=1)
Planning time: 1.256 ms
Execution time: 20019.788 ms
