Seq Scan on movie_companies mc  (cost=0.00..51404.11 rows=104 width=0) (actual time=40.832..746.648 rows=1826 loops=1)
  Filter: (company_id = 595)
  Rows Removed by Filter: 2607303
Planning time: 5.871 ms
Execution time: 747.184 ms
