Hash Join  (cost=191451.36..342379.43 rows=2374203 width=0) (actual time=4628.130..10754.003 rows=10409581 loops=1)
  Hash Cond: (mk.movie_id = t.id)
  ->  Seq Scan on movie_keyword mk  (cost=0.00..69693.30 rows=4523930 width=4) (actual time=0.010..1363.065 rows=4523930 loops=1)
  ->  Hash  (cost=169679.91..169679.91 rows=1326996 width=8) (actual time=4626.591..4626.591 rows=1369817 loops=1)
        Buckets: 131072  Batches: 32  Memory Usage: 2712kB
        ->  Hash Join  (cost=107494.42..169679.91 rows=1326996 width=8) (actual time=2223.588..4219.763 rows=1369817 loops=1)
              Hash Cond: (mi_idx.movie_id = t.id)
              ->  Seq Scan on movie_info_idx mi_idx  (cost=0.00..21735.35 rows=1380035 width=4) (actual time=0.019..462.237 rows=1380035 loops=1)
              ->  Hash  (cost=67604.59..67604.59 rows=2431347 width=4) (actual time=2222.453..2222.453 rows=2427113 loops=1)
                    Buckets: 131072  Batches: 32  Memory Usage: 3691kB
                    ->  Seq Scan on title t  (cost=0.00..67604.59 rows=2431347 width=4) (actual time=0.017..1415.120 rows=2427113 loops=1)
                          Filter: (production_year > 1910)
                          Rows Removed by Filter: 101199
Planning time: 0.750 ms
Execution time: 11997.976 ms
