Hash Join  (cost=94973.51..1186170.65 rows=12887954 width=0) (actual time=4832.118..32084.388 rows=12814142 loops=1)
  Hash Cond: (ci.movie_id = t.id)
  ->  Seq Scan on cast_info ci  (cost=0.00..705507.15 rows=19535090 width=4) (actual time=2462.073..14678.364 rows=19700071 loops=1)
        Filter: (person_id > 1638143)
        Rows Removed by Filter: 16544273
  ->  Hash  (cost=67604.59..67604.59 rows=1668154 width=4) (actual time=2368.956..2368.956 rows=1674098 loops=1)
        Buckets: 131072  Batches: 32  Memory Usage: 2869kB
        ->  Seq Scan on title t  (cost=0.00..67604.59 rows=1668154 width=4) (actual time=0.024..1342.914 rows=1674098 loops=1)
              Filter: (kind_id > 3)
              Rows Removed by Filter: 854214
Planning time: 0.764 ms
Execution time: 33534.778 ms
