Hash Join  (cost=220976.91..305632.36 rows=696793 width=0) (actual time=4999.790..8329.923 rows=5364871 loops=1)
  Hash Cond: (mc.movie_id = t.id)
  ->  Seq Scan on movie_companies mc  (cost=0.00..44881.29 rows=2609129 width=4) (actual time=0.019..952.993 rows=2609129 loops=1)
  ->  Hash  (cost=209898.07..209898.07 rows=675267 width=8) (actual time=4998.678..4998.678 rows=678694 loops=1)
        Buckets: 131072  Batches: 16  Memory Usage: 2717kB
        ->  Hash Join  (cost=102767.86..209898.07 rows=675267 width=8) (actual time=2438.856..4805.997 rows=678694 loops=1)
              Hash Cond: (mk.movie_id = t.id)
              ->  Seq Scan on movie_keyword mk  (cost=0.00..81003.12 rows=675267 width=4) (actual time=0.022..1451.644 rows=678694 loops=1)
                    Filter: (keyword_id > 27586)
                    Rows Removed by Filter: 3845236
              ->  Hash  (cost=61283.27..61283.27 rows=2528527 width=4) (actual time=2436.770..2436.770 rows=2528312 loops=1)
                    Buckets: 131072  Batches: 64  Memory Usage: 2425kB
                    ->  Seq Scan on title t  (cost=0.00..61283.27 rows=2528527 width=4) (actual time=0.024..1276.827 rows=2528312 loops=1)
Planning time: 1.163 ms
Execution time: 8894.243 ms
