Hash Join  (cost=133450.61..634599.28 rows=2000175 width=0) (actual time=2903.653..17730.785 rows=9435868 loops=1)
  Hash Cond: (mi.movie_id = t.id)
  ->  Seq Scan on movie_info mi  (cost=0.00..309384.22 rows=14739122 width=4) (actual time=0.021..5828.597 rows=14835720 loops=1)
  ->  Hash  (cost=127820.44..127820.44 rows=343134 width=8) (actual time=2872.385..2872.385 rows=534211 loops=1)
        Buckets: 131072  Batches: 8  Memory Usage: 3651kB
        ->  Hash Join  (cost=84240.62..127820.44 rows=343134 width=8) (actual time=1341.812..2707.634 rows=534211 loops=1)
              Hash Cond: (mi_idx.movie_id = t.id)
              ->  Seq Scan on movie_info_idx mi_idx  (cost=0.00..21735.35 rows=1380035 width=4) (actual time=0.033..494.559 rows=1380035 loops=1)
              ->  Hash  (cost=73925.90..73925.90 rows=628697 width=4) (actual time=1340.956..1340.956 rows=532584 loops=1)
                    Buckets: 131072  Batches: 16  Memory Usage: 2188kB
                    ->  Seq Scan on title t  (cost=0.00..73925.90 rows=628697 width=4) (actual time=0.027..1186.733 rows=532584 loops=1)
                          Filter: ((kind_id < 7) AND (production_year > 1995))
                          Rows Removed by Filter: 1995728
Planning time: 1.255 ms
Execution time: 18821.192 ms
