Seq Scan on cast_info ci  (cost=0.00..796071.18 rows=8335272 width=0) (actual time=0.023..13683.626 rows=9536914 loops=1)
  Filter: ((person_id < 1061410) AND (role_id < 6))
  Rows Removed by Filter: 26707430
Planning time: 0.361 ms
Execution time: 14881.932 ms
