Seq Scan on movie_companies mc  (cost=0.00..57926.93 rows=463009 width=0) (actual time=0.019..992.374 rows=787593 loops=1)
  Filter: ((company_id > 20325) AND (company_type_id > 1))
  Rows Removed by Filter: 1821536
Planning time: 5.518 ms
Execution time: 1088.717 ms
