Hash Join  (cost=68449.54..437045.72 rows=394026 width=0) (actual time=1021.418..9525.913 rows=395214 loops=1)
  Hash Cond: (mi.movie_id = t.id)
  ->  Seq Scan on movie_info mi  (cost=0.00..309384.22 rows=14739122 width=4) (actual time=0.016..4419.792 rows=14835720 loops=1)
  ->  Hash  (cost=67604.59..67604.59 rows=67596 width=4) (actual time=1020.668..1020.668 rows=67777 loops=1)
        Buckets: 131072  Batches: 1  Memory Usage: 3407kB
        ->  Seq Scan on title t  (cost=0.00..67604.59 rows=67596 width=4) (actual time=0.029..991.660 rows=67777 loops=1)
              Filter: (production_year = 2003)
              Rows Removed by Filter: 2460535
Planning time: 0.748 ms
Execution time: 9580.896 ms
