Hash Join  (cost=156487.41..221840.96 rows=76600 width=0) (actual time=3457.614..4791.976 rows=343262 loops=1)
  Hash Cond: (mc.movie_id = t.id)
  ->  Seq Scan on movie_companies mc  (cost=0.00..57926.93 rows=420162 width=4) (actual time=269.290..1063.568 rows=747592 loops=1)
        Filter: ((company_id > 26955) AND (company_type_id = 2))
        Rows Removed by Filter: 1861537
  ->  Hash  (cost=148924.19..148924.19 rows=460978 width=8) (actual time=3187.493..3187.493 rows=459925 loops=1)
        Buckets: 131072  Batches: 8  Memory Usage: 3275kB
        ->  Hash Join  (cost=102767.86..148924.19 rows=460978 width=8) (actual time=1825.668..3048.998 rows=459925 loops=1)
              Hash Cond: (mi_idx.movie_id = t.id)
              ->  Seq Scan on movie_info_idx mi_idx  (cost=0.00..25185.44 rows=460978 width=4) (actual time=0.027..419.420 rows=459925 loops=1)
                    Filter: (info_type_id < 100)
                    Rows Removed by Filter: 920110
              ->  Hash  (cost=61283.27..61283.27 rows=2528527 width=4) (actual time=1824.496..1824.496 rows=2528312 loops=1)
                    Buckets: 131072  Batches: 64  Memory Usage: 2415kB
                    ->  Seq Scan on title t  (cost=0.00..61283.27 rows=2528527 width=4) (actual time=0.011..998.539 rows=2528312 loops=1)
Planning time: 1.146 ms
Execution time: 4835.238 ms
