Hash Join  (cost=226694.82..313360.15 rows=842580 width=0) (actual time=4729.176..8880.035 rows=5193083 loops=1)
  Hash Cond: (mc.movie_id = t.id)
  ->  Seq Scan on movie_companies mc  (cost=0.00..44881.29 rows=2609129 width=4) (actual time=0.022..1024.916 rows=2609129 loops=1)
  ->  Hash  (cost=213297.94..213297.94 rows=816551 width=8) (actual time=4728.374..4728.374 rows=819059 loops=1)
        Buckets: 131072  Batches: 16  Memory Usage: 3050kB
        ->  Hash Join  (cost=102767.86..213297.94 rows=816551 width=8) (actual time=2064.485..4502.749 rows=819059 loops=1)
              Hash Cond: (mk.movie_id = t.id)
              ->  Seq Scan on movie_keyword mk  (cost=0.00..81003.12 rows=816551 width=4) (actual time=0.026..1396.624 rows=819059 loops=1)
                    Filter: (keyword_id < 785)
                    Rows Removed by Filter: 3704871
              ->  Hash  (cost=61283.27..61283.27 rows=2528527 width=4) (actual time=2063.734..2063.734 rows=2528312 loops=1)
                    Buckets: 131072  Batches: 64  Memory Usage: 2425kB
                    ->  Seq Scan on title t  (cost=0.00..61283.27 rows=2528527 width=4) (actual time=0.016..1188.626 rows=2528312 loops=1)
Planning time: 1.060 ms
Execution time: 9440.190 ms
