Seq Scan on movie_companies mc  (cost=0.00..57926.93 rows=51 width=0) (actual time=779.500..788.103 rows=1 loops=1)
  Filter: ((company_id = 58895) AND (company_type_id = 1))
  Rows Removed by Filter: 2609128
Planning time: 0.387 ms
Execution time: 788.190 ms
