Hash Join  (cost=89762.59..1133453.56 rows=7657572 width=0) (actual time=1709.166..28037.977 rows=6771985 loops=1)
  Hash Cond: (ci.movie_id = t.id)
  ->  Seq Scan on cast_info ci  (cost=0.00..796071.18 rows=14336554 width=4) (actual time=0.036..17077.172 rows=14997132 loops=1)
        Filter: ((person_id > 387591) AND (role_id > 2))
        Rows Removed by Filter: 21247212
  ->  Hash  (cost=67604.59..67604.59 rows=1350560 width=4) (actual time=1707.644..1707.644 rows=1348293 loops=1)
        Buckets: 131072  Batches: 32  Memory Usage: 2505kB
        ->  Seq Scan on title t  (cost=0.00..67604.59 rows=1350560 width=4) (actual time=0.027..1266.444 rows=1348293 loops=1)
              Filter: (production_year < 2005)
              Rows Removed by Filter: 1180019
Planning time: 0.752 ms
Execution time: 28764.469 ms
