Hash Join  (cost=128131.25..880205.09 rows=128468 width=0) (actual time=2114.362..18531.884 rows=79941 loops=1)
  Hash Cond: (ci.movie_id = t.id)
  ->  Seq Scan on cast_info ci  (cost=0.00..614943.12 rows=36225612 width=4) (actual time=0.021..9293.557 rows=36244344 loops=1)
  ->  Hash  (cost=128019.16..128019.16 rows=8967 width=8) (actual time=2113.814..2113.814 rows=2458 loops=1)
        Buckets: 16384  Batches: 1  Memory Usage: 225kB
        ->  Hash Join  (cost=68191.41..128019.16 rows=8967 width=8) (actual time=1461.507..2112.485 rows=2458 loops=1)
              Hash Cond: (mc.movie_id = t.id)
              ->  Seq Scan on movie_companies mc  (cost=0.00..57926.93 rows=482971 width=4) (actual time=368.755..970.263 rows=179100 loops=1)
                    Filter: ((company_id > 16854) AND (company_type_id = 1))
                    Rows Removed by Filter: 2430029
              ->  Hash  (cost=67604.59..67604.59 rows=46946 width=4) (actual time=1092.272..1092.272 rows=46583 loops=1)
                    Buckets: 65536  Batches: 1  Memory Usage: 2150kB
                    ->  Seq Scan on title t  (cost=0.00..67604.59 rows=46946 width=4) (actual time=0.028..1072.156 rows=46583 loops=1)
                          Filter: (production_year = 1998)
                          Rows Removed by Filter: 2481729
Planning time: 1.176 ms
Execution time: 18549.767 ms
