Hash Join  (cost=102767.86..1148716.26 rows=9973983 width=0) (actual time=2070.200..29114.289 rows=12670688 loops=1)
  Hash Cond: (ci.movie_id = t.id)
  ->  Seq Scan on cast_info ci  (cost=0.00..796071.18 rows=9973983 width=4) (actual time=0.024..16889.103 rows=12670688 loops=1)
        Filter: ((person_id < 2895425) AND (role_id < 2))
        Rows Removed by Filter: 23573656
  ->  Hash  (cost=61283.27..61283.27 rows=2528527 width=4) (actual time=2068.256..2068.256 rows=2528312 loops=1)
        Buckets: 131072  Batches: 64  Memory Usage: 2415kB
        ->  Seq Scan on title t  (cost=0.00..61283.27 rows=2528527 width=4) (actual time=0.011..1227.437 rows=2528312 loops=1)
Planning time: 0.772 ms
Execution time: 30501.181 ms
