Hash Join  (cost=73990.99..128710.25 rows=5373 width=0) (actual time=1210.276..2380.336 rows=11825 loops=1)
  Hash Cond: (mc.movie_id = t.id)
  ->  Seq Scan on movie_companies mc  (cost=0.00..44881.29 rows=2609129 width=4) (actual time=0.010..589.121 rows=2609129 loops=1)
  ->  Hash  (cost=73925.90..73925.90 rows=5207 width=4) (actual time=1210.130..1210.130 rows=17639 loops=1)
        Buckets: 32768 (originally 8192)  Batches: 1 (originally 1)  Memory Usage: 877kB
        ->  Seq Scan on title t  (cost=0.00..73925.90 rows=5207 width=4) (actual time=0.085..1201.273 rows=17639 loops=1)
              Filter: ((kind_id > 2) AND (production_year = 1991))
              Rows Removed by Filter: 2510673
Planning time: 0.752 ms
Execution time: 2382.381 ms
