Seq Scan on movie_keyword mk  (cost=0.00..81003.12 rows=3165305 width=0) (actual time=0.052..1509.317 rows=3151943 loops=1)
  Filter: (keyword_id < 12173)
  Rows Removed by Filter: 1371987
Planning time: 0.317 ms
Execution time: 1908.723 ms
