Nested Loop  (cost=0.43..83072.29 rows=111 width=0) (actual time=0.582..1468.795 rows=2260 loops=1)
  ->  Seq Scan on movie_keyword mk  (cost=0.00..81003.12 rows=246 width=4) (actual time=0.521..1299.446 rows=5252 loops=1)
        Filter: (keyword_id = 3311)
        Rows Removed by Filter: 4518678
  ->  Index Scan using title_pkey on title t  (cost=0.43..8.40 rows=1 width=4) (actual time=0.031..0.032 rows=0 loops=5252)
        Index Cond: (id = mk.movie_id)
        Filter: (production_year < 2002)
        Rows Removed by Filter: 1
Planning time: 0.734 ms
Execution time: 1469.627 ms
