Nested Loop  (cost=0.43..150033.58 rows=10707 width=0) (actual time=0.138..1644.897 rows=9226 loops=1)
  ->  Seq Scan on movie_keyword mk  (cost=0.00..81003.12 rows=10707 width=4) (actual time=0.091..1392.676 rows=9226 loops=1)
        Filter: (keyword_id = 875)
        Rows Removed by Filter: 4514704
  ->  Index Only Scan using title_pkey on title t  (cost=0.43..6.44 rows=1 width=4) (actual time=0.026..0.027 rows=1 loops=9226)
        Index Cond: (id = mk.movie_id)
        Heap Fetches: 9226
Planning time: 1.593 ms
Execution time: 1647.437 ms
