Hash Join  (cost=102767.86..174980.17 rows=183100 width=0) (actual time=2026.780..3349.881 rows=79018 loops=1)
  Hash Cond: (mc.movie_id = t.id)
  ->  Seq Scan on movie_companies mc  (cost=0.00..57926.93 rows=183100 width=4) (actual time=0.069..835.139 rows=79018 loops=1)
        Filter: ((company_id < 176) AND (company_type_id = 2))
        Rows Removed by Filter: 2530111
  ->  Hash  (cost=61283.27..61283.27 rows=2528527 width=4) (actual time=2025.722..2025.722 rows=2528312 loops=1)
        Buckets: 131072  Batches: 64  Memory Usage: 2415kB
        ->  Seq Scan on title t  (cost=0.00..61283.27 rows=2528527 width=4) (actual time=0.013..1139.064 rows=2528312 loops=1)
Planning time: 0.804 ms
Execution time: 3360.485 ms
