Seq Scan on movie_keyword mk  (cost=0.00..81003.12 rows=246 width=0) (actual time=33.760..1289.089 rows=23 loops=1)
  Filter: (keyword_id = 45389)
  Rows Removed by Filter: 4523907
Planning time: 0.332 ms
Execution time: 1289.190 ms
