Hash Join  (cost=28270.40..83538.20 rows=150 width=0) (actual time=414.593..1392.661 rows=1284 loops=1)
  Hash Cond: (mc.movie_id = t.id)
  ->  Seq Scan on movie_companies mc  (cost=0.00..51404.11 rows=1029917 width=4) (actual time=0.023..820.674 rows=1038427 loops=1)
        Filter: (company_id > 15276)
        Rows Removed by Filter: 1570702
  ->  Hash  (cost=28265.80..28265.80 rows=368 width=8) (actual time=413.794..413.794 rows=260 loops=1)
        Buckets: 1024  Batches: 1  Memory Usage: 19kB
        ->  Nested Loop  (cost=0.43..28265.80 rows=368 width=8) (actual time=71.933..413.678 rows=260 loops=1)
              ->  Seq Scan on movie_info_idx mi_idx  (cost=0.00..25185.44 rows=368 width=4) (actual time=71.831..408.867 rows=260 loops=1)
                    Filter: (info_type_id > 101)
                    Rows Removed by Filter: 1379775
              ->  Index Only Scan using title_pkey on title t  (cost=0.43..8.36 rows=1 width=4) (actual time=0.018..0.018 rows=1 loops=260)
                    Index Cond: (id = mi_idx.movie_id)
                    Heap Fetches: 260
Planning time: 1.093 ms
Execution time: 1392.982 ms
