Hash Join  (cost=798789.20..885448.63 rows=140 width=0) (actual time=13573.759..14644.719 rows=210 loops=1)
  Hash Cond: (mk.movie_id = t.id)
  ->  Seq Scan on movie_keyword mk  (cost=0.00..69693.30 rows=4523930 width=4) (actual time=0.028..874.421 rows=4523930 loops=1)
  ->  Hash  (cost=798788.22..798788.22 rows=78 width=8) (actual time=12989.818..12989.818 rows=12 loops=1)
        Buckets: 1024  Batches: 1  Memory Usage: 9kB
        ->  Nested Loop  (cost=0.43..798788.22 rows=78 width=8) (actual time=10940.961..12989.759 rows=12 loops=1)
              ->  Seq Scan on cast_info ci  (cost=0.00..796071.18 rows=324 width=4) (actual time=10940.713..12988.925 rows=23 loops=1)
                    Filter: ((role_id > 1) AND (person_id = 2059585))
                    Rows Removed by Filter: 36244321
              ->  Index Scan using title_pkey on title t  (cost=0.43..8.38 rows=1 width=4) (actual time=0.031..0.031 rows=1 loops=23)
                    Index Cond: (id = ci.movie_id)
                    Filter: (production_year < 1986)
                    Rows Removed by Filter: 0
Planning time: 1.187 ms
Execution time: 14644.946 ms
