Hash Join  (cost=76690.42..616650.79 rows=3050526 width=0) (actual time=1340.543..17061.693 rows=4457215 loops=1)
  Hash Cond: (mi.movie_id = t.id)
  ->  Seq Scan on movie_info mi  (cost=0.00..346232.03 rows=13929354 width=4) (actual time=20.566..6985.166 rows=14033580 loops=1)
        Filter: (info_type_id > 1)
        Rows Removed by Filter: 802140
  ->  Hash  (cost=67604.59..67604.59 rows=553747 width=4) (actual time=1319.061..1319.061 rows=552960 loops=1)
        Buckets: 131072  Batches: 8  Memory Usage: 3452kB
        ->  Seq Scan on title t  (cost=0.00..67604.59 rows=553747 width=4) (actual time=0.024..1136.407 rows=552960 loops=1)
              Filter: (production_year < 1983)
              Rows Removed by Filter: 1975352
Planning time: 0.756 ms
Execution time: 17612.416 ms
