Hash Join  (cost=102353.06..158724.40 rows=16904 width=0) (actual time=2007.215..2606.872 rows=44515 loops=1)
  Hash Cond: (mc.movie_id = t.id)
  ->  Seq Scan on movie_companies mc  (cost=0.00..51404.11 rows=1279517 width=4) (actual time=367.863..972.857 rows=1274246 loops=1)
        Filter: (company_type_id < 2)
        Rows Removed by Filter: 1334883
  ->  Hash  (cost=101935.50..101935.50 rows=33405 width=8) (actual time=1372.513..1372.513 rows=26859 loops=1)
        Buckets: 65536  Batches: 1  Memory Usage: 1562kB
        ->  Hash Join  (cost=74690.97..101935.50 rows=33405 width=8) (actual time=708.255..1363.678 rows=26859 loops=1)
              Hash Cond: (mi_idx.movie_id = t.id)
              ->  Seq Scan on movie_info_idx mi_idx  (cost=0.00..21735.35 rows=1380035 width=4) (actual time=0.018..297.017 rows=1380035 loops=1)
              ->  Hash  (cost=73925.90..73925.90 rows=61205 width=4) (actual time=707.876..707.876 rows=61581 loops=1)
                    Buckets: 65536  Batches: 1  Memory Usage: 2677kB
                    ->  Seq Scan on title t  (cost=0.00..73925.90 rows=61205 width=4) (actual time=0.033..685.172 rows=61581 loops=1)
                          Filter: ((kind_id < 2) AND (production_year > 2011))
                          Rows Removed by Filter: 2466731
Planning time: 1.134 ms
Execution time: 2613.137 ms
