Hash Join  (cost=208027.59..723025.48 rows=1571405 width=0) (actual time=4724.116..18418.491 rows=5989181 loops=1)
  Hash Cond: (mi.movie_id = t.id)
  ->  Seq Scan on movie_info mi  (cost=0.00..309384.22 rows=14739122 width=4) (actual time=0.024..5979.975 rows=14835720 loops=1)
  ->  Hash  (cost=203603.87..203603.87 rows=269578 width=8) (actual time=4722.744..4722.744 rows=137929 loops=1)
        Buckets: 131072  Batches: 4  Memory Usage: 2454kB
        ->  Hash Join  (cost=70241.71..203603.87 rows=269578 width=8) (actual time=1271.038..4683.528 rows=137929 loops=1)
              Hash Cond: (mk.movie_id = t.id)
              ->  Seq Scan on movie_keyword mk  (cost=0.00..81003.12 rows=4240866 width=4) (actual time=0.022..1890.940 rows=4241779 loops=1)
                    Filter: (keyword_id < 56674)
                    Rows Removed by Filter: 282151
              ->  Hash  (cost=67604.59..67604.59 rows=160730 width=4) (actual time=1270.202..1270.202 rows=160017 loops=1)
                    Buckets: 131072  Batches: 4  Memory Usage: 2442kB
                    ->  Seq Scan on title t  (cost=0.00..67604.59 rows=160730 width=4) (actual time=3.507..1211.919 rows=160017 loops=1)
                          Filter: (production_year = 2011)
                          Rows Removed by Filter: 2368295
Planning time: 1.137 ms
Execution time: 19032.946 ms
