Hash Join  (cost=75464.55..561101.24 rows=546376 width=0) (actual time=1273.011..12692.979 rows=327587 loops=1)
  Hash Cond: (mi.movie_id = t.id)
  ->  Seq Scan on movie_info mi  (cost=0.00..309384.22 rows=14739122 width=4) (actual time=0.020..6045.358 rows=14835720 loops=1)
  ->  Hash  (cost=73925.90..73925.90 rows=93732 width=4) (actual time=1269.965..1269.965 rows=100592 loops=1)
        Buckets: 131072  Batches: 2  Memory Usage: 2797kB
        ->  Seq Scan on title t  (cost=0.00..73925.90 rows=93732 width=4) (actual time=0.036..1230.184 rows=100592 loops=1)
              Filter: ((kind_id > 1) AND (production_year = 2009))
              Rows Removed by Filter: 2427720
Planning time: 0.789 ms
Execution time: 12739.174 ms
