Seq Scan on cast_info ci  (cost=0.00..796071.18 rows=55 width=0) (actual time=8120.837..10544.600 rows=139 loops=1)
  Filter: ((person_id = 3053027) AND (role_id = 3))
  Rows Removed by Filter: 36244205
Planning time: 0.403 ms
Execution time: 10544.742 ms
