Seq Scan on movie_companies mc  (cost=0.00..51404.11 rows=1235046 width=0) (actual time=0.016..882.115 rows=1247190 loops=1)
  Filter: (company_id > 11694)
  Rows Removed by Filter: 1361939
Planning time: 0.365 ms
Execution time: 1035.107 ms
