Seq Scan on cast_info ci  (cost=0.00..796071.18 rows=1333907 width=0) (actual time=3780.372..14469.846 rows=1327920 loops=1)
  Filter: ((person_id > 812227) AND (role_id = 8))
  Rows Removed by Filter: 34916424
Planning time: 0.403 ms
Execution time: 14629.781 ms
