Seq Scan on cast_info ci  (cost=0.00..705507.15 rows=30405364 width=0) (actual time=1509.708..14681.313 rows=30511650 loops=1)
  Filter: (role_id < 9)
  Rows Removed by Filter: 5732694
Planning time: 0.292 ms
Execution time: 18403.182 ms
