Hash Join  (cost=263115.61..1535970.64 rows=23580226 width=0) (actual time=6335.758..46165.218 rows=49101516 loops=1)
  Hash Cond: (ci.movie_id = t.id)
  ->  Seq Scan on cast_info ci  (cost=0.00..705507.15 rows=22851779 width=4) (actual time=0.025..14825.173 rows=22729140 loops=1)
        Filter: (person_id < 2320476)
        Rows Removed by Filter: 13515204
  ->  Hash  (cost=220309.49..220309.49 rows=2609129 width=8) (actual time=6334.713..6334.713 rows=2609129 loops=1)
        Buckets: 131072  Batches: 64  Memory Usage: 2610kB
        ->  Hash Join  (cost=102767.86..220309.49 rows=2609129 width=8) (actual time=2010.698..5563.499 rows=2609129 loops=1)
              Hash Cond: (mc.movie_id = t.id)
              ->  Seq Scan on movie_companies mc  (cost=0.00..44881.29 rows=2609129 width=4) (actual time=0.010..954.652 rows=2609129 loops=1)
              ->  Hash  (cost=61283.27..61283.27 rows=2528527 width=4) (actual time=2009.961..2009.961 rows=2528312 loops=1)
                    Buckets: 131072  Batches: 64  Memory Usage: 2415kB
                    ->  Seq Scan on title t  (cost=0.00..61283.27 rows=2528527 width=4) (actual time=0.014..1157.706 rows=2528312 loops=1)
Planning time: 3.829 ms
Execution time: 51486.572 ms
