Hash Join  (cost=154654.97..955436.85 rows=4906 width=0) (actual time=5811.025..15953.090 rows=36822 loops=1)
  Hash Cond: (ci.movie_id = t.id)
  ->  Seq Scan on cast_info ci  (cost=0.00..796071.18 rows=932328 width=4) (actual time=3048.544..12996.018 rows=810424 loops=1)
        Filter: ((person_id < 1936382) AND (role_id = 8))
        Rows Removed by Filter: 35433920
  ->  Hash  (cost=154488.65..154488.65 rows=13306 width=8) (actual time=2761.826..2761.826 rows=55334 loops=1)
        Buckets: 65536 (originally 16384)  Batches: 1 (originally 1)  Memory Usage: 2674kB
        ->  Hash Join  (cost=67697.55..154488.65 rows=13306 width=8) (actual time=875.965..2743.217 rows=55334 loops=1)
              Hash Cond: (mk.movie_id = t.id)
              ->  Seq Scan on movie_keyword mk  (cost=0.00..69693.30 rows=4523930 width=4) (actual time=0.016..969.377 rows=4523930 loops=1)
              ->  Hash  (cost=67604.59..67604.59 rows=7437 width=4) (actual time=875.745..875.745 rows=23799 loops=1)
                    Buckets: 32768 (originally 8192)  Batches: 1 (originally 1)  Memory Usage: 1093kB
                    ->  Seq Scan on title t  (cost=0.00..67604.59 rows=7437 width=4) (actual time=0.058..866.181 rows=23799 loops=1)
                          Filter: (production_year = 1991)
                          Rows Removed by Filter: 2504513
Planning time: 1.115 ms
Execution time: 15958.174 ms
