Hash Join  (cost=197390.87..1256164.39 rows=2430741 width=0) (actual time=4179.365..31010.638 rows=1111408 loops=1)
  Hash Cond: (ci.movie_id = t.id)
  ->  Seq Scan on cast_info ci  (cost=0.00..614943.12 rows=36225612 width=4) (actual time=0.015..12400.466 rows=36244344 loops=1)
  ->  Hash  (cost=194607.07..194607.07 rows=169664 width=8) (actual time=4177.121..4177.121 rows=29035 loops=1)
        Buckets: 131072  Batches: 4  Memory Usage: 1306kB
        ->  Hash Join  (cost=76243.83..194607.07 rows=169664 width=8) (actual time=2631.666..4166.384 rows=29035 loops=1)
              Hash Cond: (mk.movie_id = t.id)
              ->  Seq Scan on movie_keyword mk  (cost=0.00..81003.12 rows=3036659 width=4) (actual time=0.027..1593.721 rows=3025877 loops=1)
                    Filter: (keyword_id > 2155)
                    Rows Removed by Filter: 1498053
              ->  Hash  (cost=73925.90..73925.90 rows=141274 width=4) (actual time=1635.324..1635.324 rows=150659 loops=1)
                    Buckets: 131072  Batches: 2  Memory Usage: 3679kB
                    ->  Seq Scan on title t  (cost=0.00..73925.90 rows=141274 width=4) (actual time=0.031..1019.312 rows=150659 loops=1)
                          Filter: ((production_year > 2011) AND (kind_id = 7))
                          Rows Removed by Filter: 2377653
Planning time: 1.062 ms
Execution time: 31124.139 ms
