Seq Scan on cast_info ci  (cost=0.00..796071.18 rows=4916912 width=0) (actual time=10007.995..14997.570 rows=7450068 loops=1)
  Filter: ((person_id > 1152523) AND (role_id = 2))
  Rows Removed by Filter: 28794276
Planning time: 0.396 ms
Execution time: 15917.295 ms
