Seq Scan on movie_keyword mk  (cost=0.00..81003.12 rows=858536 width=0) (actual time=0.024..1307.081 rows=866539 loops=1)
  Filter: (keyword_id > 21261)
  Rows Removed by Filter: 3657391
Planning time: 0.268 ms
Execution time: 1418.384 ms
