Hash Join  (cost=102767.86..286242.98 rows=3848000 width=0) (actual time=1928.329..7012.774 rows=3844328 loops=1)
  Hash Cond: (mk.movie_id = t.id)
  ->  Seq Scan on movie_keyword mk  (cost=0.00..81003.12 rows=3848000 width=4) (actual time=0.020..1883.289 rows=3844328 loops=1)
        Filter: (keyword_id < 27564)
        Rows Removed by Filter: 679602
  ->  Hash  (cost=61283.27..61283.27 rows=2528527 width=4) (actual time=1927.004..1927.004 rows=2528312 loops=1)
        Buckets: 131072  Batches: 64  Memory Usage: 2425kB
        ->  Seq Scan on title t  (cost=0.00..61283.27 rows=2528527 width=4) (actual time=0.014..1047.626 rows=2528312 loops=1)
Planning time: 0.695 ms
Execution time: 7466.874 ms
