Hash Join  (cost=128661.55..879740.98 rows=29026 width=0) (actual time=2204.931..18730.112 rows=196755 loops=1)
  Hash Cond: (ci.movie_id = t.id)
  ->  Seq Scan on cast_info ci  (cost=0.00..614943.12 rows=36225612 width=4) (actual time=0.017..8682.202 rows=36244344 loops=1)
  ->  Hash  (cost=128636.23..128636.23 rows=2026 width=8) (actual time=2204.487..2204.487 rows=6381 loops=1)
        Buckets: 8192 (originally 2048)  Batches: 1 (originally 1)  Memory Usage: 314kB
        ->  Hash Join  (cost=73950.44..128636.23 rows=2026 width=8) (actual time=1095.265..2200.857 rows=6381 loops=1)
              Hash Cond: (mc.movie_id = t.id)
              ->  Seq Scan on movie_companies mc  (cost=0.00..44881.29 rows=2609129 width=4) (actual time=0.018..596.122 rows=2609129 loops=1)
              ->  Hash  (cost=73925.90..73925.90 rows=1963 width=4) (actual time=1095.207..1095.207 rows=2736 loops=1)
                    Buckets: 4096 (originally 2048)  Batches: 1 (originally 1)  Memory Usage: 129kB
                    ->  Seq Scan on title t  (cost=0.00..73925.90 rows=1963 width=4) (actual time=476.196..1093.740 rows=2736 loops=1)
                          Filter: ((kind_id = 1) AND (production_year = 1953))
                          Rows Removed by Filter: 2525576
Planning time: 0.892 ms
Execution time: 18759.270 ms
