Hash Join  (cost=255376.18..384032.36 rows=922577 width=184) (actual time=5512.107..9945.245 rows=2650917 loops=1)
  Hash Cond: (mc.movie_id = t.id)
  ->  Seq Scan on movie_companies mc  (cost=0.00..51404.11 rows=2538211 width=40) (actual time=0.027..1557.976 rows=2538958 loops=1)
        Filter: (company_id < 176656)
        Rows Removed by Filter: 70171
  ->  Hash  (cost=225039.97..225039.97 rows=919057 width=144) (actual time=5511.442..5511.442 rows=920110 loops=1)
        Buckets: 32768  Batches: 64  Memory Usage: 2113kB
        ->  Hash Join  (cost=129928.86..225039.97 rows=919057 width=144) (actual time=2724.981..4964.111 rows=920110 loops=1)
              Hash Cond: (mi_idx.movie_id = t.id)
              ->  Seq Scan on movie_info_idx mi_idx  (cost=0.00..25185.44 rows=919057 width=50) (actual time=0.058..663.322 rows=920110 loops=1)
                    Filter: (info_type_id > 99)
                    Rows Removed by Filter: 459925
              ->  Hash  (cost=61283.27..61283.27 rows=2528527 width=94) (actual time=2722.008..2722.008 rows=2528312 loops=1)
                    Buckets: 32768  Batches: 128  Memory Usage: 2453kB
                    ->  Seq Scan on title t  (cost=0.00..61283.27 rows=2528527 width=94) (actual time=0.014..1482.140 rows=2528312 loops=1)
Planning time: 2.890 ms
Execution time: 10085.539 ms
