Seq Scan on movie_keyword mk  (cost=0.00..81003.12 rows=1788240 width=0) (actual time=0.024..1424.472 rows=1799341 loops=1)
  Filter: (keyword_id < 2908)
  Rows Removed by Filter: 2724589
Planning time: 0.280 ms
Execution time: 1657.682 ms
