Hash Join  (cost=107308.20..675104.40 rows=9069462 width=0) (actual time=2280.988..17823.541 rows=9125644 loops=1)
  Hash Cond: (mi.movie_id = t.id)
  ->  Seq Scan on movie_info mi  (cost=0.00..346232.03 rows=9476311 width=4) (actual time=0.016..7081.812 rows=9565151 loops=1)
        Filter: (info_type_id < 16)
        Rows Removed by Filter: 5270569
  ->  Hash  (cost=67604.59..67604.59 rows=2419969 width=4) (actual time=2280.158..2280.158 rows=2413398 loops=1)
        Buckets: 131072  Batches: 32  Memory Usage: 3686kB
        ->  Seq Scan on title t  (cost=0.00..67604.59 rows=2419969 width=4) (actual time=0.016..1466.453 rows=2413398 loops=1)
              Filter: (production_year > 1912)
              Rows Removed by Filter: 114914
Planning time: 0.731 ms
Execution time: 18907.531 ms
