Seq Scan on movie_companies mc  (cost=0.00..57926.93 rows=699811 width=0) (actual time=294.131..936.087 rows=442012 loops=1)
  Filter: ((company_id < 11684) AND (company_type_id = 2))
  Rows Removed by Filter: 2167117
Planning time: 0.453 ms
Execution time: 990.876 ms
