Hash Join  (cost=177805.88..712844.33 rows=5176353 width=0) (actual time=4121.057..21976.734 rows=13851048 loops=1)
  Hash Cond: (mi.movie_id = t.id)
  ->  Seq Scan on movie_info mi  (cost=0.00..309384.22 rows=14739122 width=4) (actual time=0.023..6152.998 rows=14835720 loops=1)
  ->  Hash  (cost=163236.71..163236.71 rows=888014 width=8) (actual time=4120.044..4120.044 rows=918690 loops=1)
        Buckets: 131072  Batches: 16  Memory Usage: 3279kB
        ->  Hash Join  (cost=107860.62..163236.71 rows=888014 width=8) (actual time=2169.406..3847.426 rows=918690 loops=1)
              Hash Cond: (mi_idx.movie_id = t.id)
              ->  Seq Scan on movie_info_idx mi_idx  (cost=0.00..25185.44 rows=915101 width=4) (actual time=0.027..539.895 rows=919850 loops=1)
                    Filter: (info_type_id < 101)
                    Rows Removed by Filter: 460185
              ->  Hash  (cost=67604.59..67604.59 rows=2453683 width=4) (actual time=2168.083..2168.083 rows=2455182 loops=1)
                    Buckets: 131072  Batches: 64  Memory Usage: 2375kB
                    ->  Seq Scan on title t  (cost=0.00..67604.59 rows=2453683 width=4) (actual time=0.024..1359.189 rows=2455182 loops=1)
                          Filter: (production_year > 1896)
                          Rows Removed by Filter: 73130
Planning time: 1.168 ms
Execution time: 23601.781 ms
