Seq Scan on movie_keyword mk  (cost=0.00..81003.12 rows=246 width=0) (actual time=80.207..1231.573 rows=23 loops=1)
  Filter: (keyword_id = 16036)
  Rows Removed by Filter: 4523907
Planning time: 0.308 ms
Execution time: 1231.688 ms
