Seq Scan on movie_keyword mk  (cost=0.00..81003.12 rows=3799874 width=0) (actual time=0.032..1537.152 rows=3795004 loops=1)
  Filter: (keyword_id < 25739)
  Rows Removed by Filter: 728926
Planning time: 0.281 ms
Execution time: 1999.826 ms
