Hash Join  (cost=74015.19..166070.77 rows=8264 width=0) (actual time=1081.218..2910.170 rows=22630 loops=1)
  Hash Cond: (mk.movie_id = t.id)
  ->  Seq Scan on movie_keyword mk  (cost=0.00..81003.12 rows=2925283 width=4) (actual time=0.025..1390.318 rows=2912124 loops=1)
        Filter: (keyword_id < 9414)
        Rows Removed by Filter: 1611806
  ->  Hash  (cost=73925.90..73925.90 rows=7143 width=4) (actual time=1080.734..1080.734 rows=5068 loops=1)
        Buckets: 8192  Batches: 1  Memory Usage: 243kB
        ->  Seq Scan on title t  (cost=0.00..73925.90 rows=7143 width=4) (actual time=397.891..1078.265 rows=5068 loops=1)
              Filter: ((kind_id = 1) AND (production_year = 1993))
              Rows Removed by Filter: 2523244
Planning time: 0.727 ms
Execution time: 2913.268 ms
