Hash Join  (cost=101946.13..190488.73 rows=9476 width=0) (actual time=2029.560..3440.457 rows=8771 loops=1)
  Hash Cond: (mk.movie_id = t.id)
  ->  Seq Scan on movie_keyword mk  (cost=0.00..81003.12 rows=1985256 width=4) (actual time=0.017..1415.795 rows=1991546 loops=1)
        Filter: (keyword_id > 6299)
        Rows Removed by Filter: 2532384
  ->  Hash  (cost=101795.27..101795.27 rows=12069 width=8) (actual time=1714.215..1714.215 rows=6738 loops=1)
        Buckets: 16384  Batches: 1  Memory Usage: 392kB
        ->  Hash Join  (cost=74747.02..101795.27 rows=12069 width=8) (actual time=1416.698..1711.513 rows=6738 loops=1)
              Hash Cond: (mi_idx.movie_id = t.id)
              ->  Seq Scan on movie_info_idx mi_idx  (cost=0.00..25185.44 rows=464566 width=4) (actual time=0.025..404.294 rows=459925 loops=1)
                    Filter: (info_type_id = 101)
                    Rows Removed by Filter: 920110
              ->  Hash  (cost=73925.90..73925.90 rows=65689 width=4) (actual time=1170.629..1170.629 rows=74524 loops=1)
                    Buckets: 131072  Batches: 1  Memory Usage: 3644kB
                    ->  Seq Scan on title t  (cost=0.00..73925.90 rows=65689 width=4) (actual time=0.011..1137.384 rows=74524 loops=1)
                          Filter: ((kind_id = 7) AND (production_year = 2006))
                          Rows Removed by Filter: 2453788
Planning time: 1.115 ms
Execution time: 3442.179 ms
