Hash Join  (cost=73950.44..825020.84 rows=28123 width=0) (actual time=1125.544..15602.186 rows=53740 loops=1)
  Hash Cond: (ci.movie_id = t.id)
  ->  Seq Scan on cast_info ci  (cost=0.00..614943.12 rows=36225612 width=4) (actual time=0.010..7581.141 rows=36244344 loops=1)
  ->  Hash  (cost=73925.90..73925.90 rows=1963 width=4) (actual time=1125.225..1125.225 rows=3032 loops=1)
        Buckets: 4096 (originally 2048)  Batches: 1 (originally 1)  Memory Usage: 139kB
        ->  Seq Scan on title t  (cost=0.00..73925.90 rows=1963 width=4) (actual time=55.023..1123.695 rows=3032 loops=1)
              Filter: ((kind_id = 1) AND (production_year = 1958))
              Rows Removed by Filter: 2525280
Planning time: 6.931 ms
Execution time: 15612.943 ms
