Hash Join  (cost=161017.12..288522.02 rows=384348 width=0) (actual time=3458.859..7387.793 rows=468363 loops=1)
  Hash Cond: (mk.movie_id = t.id)
  ->  Seq Scan on movie_keyword mk  (cost=0.00..81003.12 rows=3597944 width=4) (actual time=0.020..1797.381 rows=3597119 loops=1)
        Filter: (keyword_id < 20322)
        Rows Removed by Filter: 926811
  ->  Hash  (cost=156584.77..156584.77 rows=270108 width=8) (actual time=3458.007..3458.007 rows=126982 loops=1)
        Buckets: 131072  Batches: 4  Memory Usage: 2264kB
        ->  Hash Join  (cost=84197.31..156584.77 rows=270108 width=8) (actual time=2052.047..3414.945 rows=126982 loops=1)
              Hash Cond: (mc.movie_id = t.id)
              ->  Seq Scan on movie_companies mc  (cost=0.00..57926.93 rows=675319 width=4) (actual time=128.836..1059.708 rows=428926 loops=1)
                    Filter: ((company_id < 11361) AND (company_type_id > 1))
                    Rows Removed by Filter: 2180203
              ->  Hash  (cost=67604.59..67604.59 rows=1011338 width=4) (actual time=1922.343..1922.343 rows=1012920 loops=1)
                    Buckets: 131072  Batches: 16  Memory Usage: 3250kB
                    ->  Seq Scan on title t  (cost=0.00..67604.59 rows=1011338 width=4) (actual time=0.030..1291.828 rows=1012920 loops=1)
                          Filter: (production_year > 2005)
                          Rows Removed by Filter: 1515392
Planning time: 1.160 ms
Execution time: 7446.410 ms
