Hash Join  (cost=158317.96..507019.91 rows=2507 width=0) (actual time=3998.817..7865.589 rows=71998 loops=1)
  Hash Cond: (mi.movie_id = t.id)
  ->  Seq Scan on movie_info mi  (cost=0.00..346232.03 rows=651960 width=4) (actual time=1171.298..5037.471 rows=660923 loops=1)
        Filter: (info_type_id = 18)
        Rows Removed by Filter: 14174797
  ->  Hash  (cost=158196.43..158196.43 rows=9723 width=8) (actual time=2694.455..2694.455 rows=19760 loops=1)
        Buckets: 32768 (originally 16384)  Batches: 1 (originally 1)  Memory Usage: 1028kB
        ->  Hash Join  (cost=74344.78..158196.43 rows=9723 width=8) (actual time=1185.371..2687.284 rows=19760 loops=1)
              Hash Cond: (mk.movie_id = t.id)
              ->  Seq Scan on movie_keyword mk  (cost=0.00..81003.12 rows=733678 width=4) (actual time=0.079..1366.169 rows=741548 loops=1)
                    Filter: (keyword_id > 25327)
                    Rows Removed by Filter: 3782382
              ->  Hash  (cost=73925.90..73925.90 rows=33510 width=4) (actual time=1181.717..1181.717 rows=22107 loops=1)
                    Buckets: 65536  Batches: 1  Memory Usage: 1290kB
                    ->  Seq Scan on title t  (cost=0.00..73925.90 rows=33510 width=4) (actual time=0.028..1171.945 rows=22107 loops=1)
                          Filter: ((kind_id < 2) AND (production_year = 2008))
                          Rows Removed by Filter: 2506205
Planning time: 1.200 ms
Execution time: 7875.398 ms
