Seq Scan on movie_companies mc  (cost=0.00..57926.93 rows=53 width=0) (actual time=118.302..794.934 rows=1055 loops=1)
  Filter: ((company_id = 6087) AND (company_type_id = 2))
  Rows Removed by Filter: 2608074
Planning time: 6.559 ms
Execution time: 795.228 ms
