Seq Scan on cast_info ci  (cost=0.00..705507.15 rows=500 width=0) (actual time=7209.184..10058.145 rows=137 loops=1)
  Filter: (person_id = 2196998)
  Rows Removed by Filter: 36244207
Planning time: 0.379 ms
Execution time: 10058.256 ms
