Seq Scan on cast_info ci  (cost=0.00..796071.18 rows=5862045 width=0) (actual time=0.021..12032.446 rows=8465775 loops=1)
  Filter: ((person_id > 1864974) AND (role_id > 3))
  Rows Removed by Filter: 27778569
Planning time: 0.355 ms
Execution time: 12936.903 ms
