Hash Join  (cost=1018504.83..4753965.65 rows=198347170 width=0) (actual time=25138.130..166135.943 rows=404093520 loops=1)
  Hash Cond: (ci.movie_id = t.id)
  ->  Seq Scan on cast_info ci  (cost=0.00..705507.15 rows=34026869 width=4) (actual time=0.014..17205.709 rows=34007288 loops=1)
        Filter: (person_id < 3624687)
        Rows Removed by Filter: 2237056
  ->  Hash  (cost=776690.81..776690.81 rows=14739122 width=8) (actual time=25136.907..25136.907 rows=14835720 loops=1)
        Buckets: 131072  Batches: 256  Memory Usage: 3268kB
        ->  Hash Join  (cost=102767.86..776690.81 rows=14739122 width=8) (actual time=2324.593..21105.157 rows=14835720 loops=1)
              Hash Cond: (mi.movie_id = t.id)
              ->  Seq Scan on movie_info mi  (cost=0.00..309384.22 rows=14739122 width=4) (actual time=0.020..6461.259 rows=14835720 loops=1)
              ->  Hash  (cost=61283.27..61283.27 rows=2528527 width=4) (actual time=2322.577..2322.577 rows=2528312 loops=1)
                    Buckets: 131072  Batches: 64  Memory Usage: 2425kB
                    ->  Seq Scan on title t  (cost=0.00..61283.27 rows=2528527 width=4) (actual time=0.028..1178.844 rows=2528312 loops=1)
Planning time: 1.181 ms
Execution time: 208986.962 ms
