Hash Join  (cost=52284.74..803082.94 rows=903 width=0) (actual time=960.658..18083.611 rows=63760 loops=1)
  Hash Cond: (ci.movie_id = t.id)
  ->  Seq Scan on cast_info ci  (cost=0.00..614943.12 rows=36225612 width=4) (actual time=0.016..9672.117 rows=36244344 loops=1)
  ->  Hash  (cost=52283.95..52283.95 rows=63 width=8) (actual time=959.925..959.925 rows=1226 loops=1)
        Buckets: 2048 (originally 1024)  Batches: 1 (originally 1)  Memory Usage: 64kB
        ->  Nested Loop  (cost=0.43..52283.95 rows=63 width=8) (actual time=0.816..959.293 rows=1226 loops=1)
              ->  Seq Scan on movie_companies mc  (cost=0.00..51404.11 rows=104 width=4) (actual time=0.781..908.732 rows=1440 loops=1)
                    Filter: (company_id = 239)
                    Rows Removed by Filter: 2607689
              ->  Index Scan using title_pkey on title t  (cost=0.43..8.45 rows=1 width=4) (actual time=0.034..0.034 rows=1 loops=1440)
                    Index Cond: (id = mc.movie_id)
                    Filter: (kind_id = 7)
                    Rows Removed by Filter: 0
Planning time: 1.169 ms
Execution time: 18094.832 ms
