Seq Scan on movie_companies mc  (cost=0.00..57926.93 rows=51 width=0) (actual time=437.306..915.325 rows=2 loops=1)
  Filter: ((company_type_id < 2) AND (company_id = 13625))
  Rows Removed by Filter: 2609127
Planning time: 0.368 ms
Execution time: 915.423 ms
