Seq Scan on cast_info ci  (cost=0.00..796071.18 rows=2751552 width=0) (actual time=0.067..14645.198 rows=886344 loops=1)
  Filter: ((person_id < 2345309) AND (role_id = 10))
  Rows Removed by Filter: 35358000
Planning time: 0.429 ms
Execution time: 14757.304 ms
