Seq Scan on movie_companies mc  (cost=0.00..57926.93 rows=1194 width=0) (actual time=167.332..903.301 rows=265 loops=1)
  Filter: ((company_type_id < 2) AND (company_id = 14048))
  Rows Removed by Filter: 2608864
Planning time: 0.357 ms
Execution time: 903.463 ms
