Hash Join  (cost=161823.18..561738.85 rows=13611 width=0) (actual time=2698.678..9761.800 rows=912 loops=1)
  Hash Cond: (mi.movie_id = t.id)
  ->  Seq Scan on movie_info mi  (cost=0.00..346232.03 rows=14279346 width=4) (actual time=0.017..5304.918 rows=14292353 loops=1)
        Filter: (info_type_id < 102)
        Rows Removed by Filter: 543367
  ->  Hash  (cost=161793.05..161793.05 rows=2410 width=8) (actual time=2661.129..2661.129 rows=83 loops=1)
        Buckets: 4096  Batches: 1  Memory Usage: 36kB
        ->  Hash Join  (cost=79273.71..161793.05 rows=2410 width=8) (actual time=1307.910..2660.983 rows=83 loops=1)
              Hash Cond: (mk.movie_id = t.id)
              ->  Seq Scan on movie_keyword mk  (cost=0.00..81003.12 rows=18699 width=4) (actual time=0.398..1302.066 rows=20522 loops=1)
                    Filter: (keyword_id = 382)
                    Rows Removed by Filter: 4503408
              ->  Hash  (cost=73925.90..73925.90 rows=325904 width=4) (actual time=1294.303..1294.303 rows=349534 loops=1)
                    Buckets: 131072  Batches: 8  Memory Usage: 2572kB
                    ->  Seq Scan on title t  (cost=0.00..73925.90 rows=325904 width=4) (actual time=0.015..1177.324 rows=349534 loops=1)
                          Filter: ((production_year > 2009) AND (kind_id = 7))
                          Rows Removed by Filter: 2178778
Planning time: 2.586 ms
Execution time: 9762.193 ms
