Hash Join  (cost=110215.89..233902.63 rows=138270 width=0) (actual time=2174.276..4821.516 rows=379122 loops=1)
  Hash Cond: (mk.movie_id = t.id)
  ->  Seq Scan on movie_keyword mk  (cost=0.00..69693.30 rows=4523930 width=4) (actual time=0.017..1353.097 rows=4523930 loops=1)
  ->  Hash  (cost=108947.86..108947.86 rows=77282 width=8) (actual time=2173.460..2173.460 rows=60683 loops=1)
        Buckets: 131072  Batches: 2  Memory Usage: 2214kB
        ->  Hash Join  (cost=69928.56..108947.86 rows=77282 width=8) (actual time=1163.373..2151.202 rows=60683 loops=1)
              Hash Cond: (mi_idx.movie_id = t.id)
              ->  Seq Scan on movie_info_idx mi_idx  (cost=0.00..21735.35 rows=1380035 width=4) (actual time=0.017..484.871 rows=1380035 loops=1)
              ->  Hash  (cost=67604.59..67604.59 rows=141598 width=4) (actual time=1162.302..1162.302 rows=141703 loops=1)
                    Buckets: 131072  Batches: 2  Memory Usage: 3511kB
                    ->  Seq Scan on title t  (cost=0.00..67604.59 rows=141598 width=4) (actual time=0.021..1111.102 rows=141703 loops=1)
                          Filter: (production_year = 2010)
                          Rows Removed by Filter: 2386609
Planning time: 1.167 ms
Execution time: 4863.136 ms
