Seq Scan on cast_info ci  (cost=0.00..705507.15 rows=500 width=0) (actual time=947.749..9867.923 rows=98 loops=1)
  Filter: (person_id = 434143)
  Rows Removed by Filter: 36244246
Planning time: 0.322 ms
Execution time: 9868.006 ms
