Hash Join  (cost=102767.86..237500.12 rows=1822347 width=0) (actual time=1856.637..5539.861 rows=1827679 loops=1)
  Hash Cond: (mk.movie_id = t.id)
  ->  Seq Scan on movie_keyword mk  (cost=0.00..81003.12 rows=1822347 width=4) (actual time=0.022..1600.715 rows=1827679 loops=1)
        Filter: (keyword_id < 3007)
        Rows Removed by Filter: 2696251
  ->  Hash  (cost=61283.27..61283.27 rows=2528527 width=4) (actual time=1854.408..1854.408 rows=2528312 loops=1)
        Buckets: 131072  Batches: 64  Memory Usage: 2425kB
        ->  Seq Scan on title t  (cost=0.00..61283.27 rows=2528527 width=4) (actual time=0.020..985.258 rows=2528312 loops=1)
Planning time: 0.670 ms
Execution time: 5762.284 ms
