Seq Scan on movie_companies mc  (cost=0.00..51404.11 rows=1973901 width=0) (actual time=0.017..1038.314 rows=1969284 loops=1)
  Filter: (company_id < 57171)
  Rows Removed by Filter: 639845
Planning time: 0.318 ms
Execution time: 1275.868 ms
