Seq Scan on movie_companies mc  (cost=0.00..57926.93 rows=1136182 width=0) (actual time=347.001..1173.216 rows=951972 loops=1)
  Filter: ((company_id < 83911) AND (company_type_id = 2))
  Rows Removed by Filter: 1657157
Planning time: 0.260 ms
Execution time: 1292.501 ms
