Nested Loop  (cost=44377.22..200529.72 rows=19423 width=0) (actual time=884.126..3089.458 rows=73035 loops=1)
  ->  Hash Join  (cost=44376.79..138336.69 rows=105788 width=8) (actual time=884.050..2423.541 rows=73035 loops=1)
        Hash Cond: (mk.movie_id = mi_idx.movie_id)
        ->  Seq Scan on movie_keyword mk  (cost=0.00..81003.12 rows=35588 width=4) (actual time=0.043..1256.804 rows=34710 loops=1)
              Filter: (keyword_id = 2488)
              Rows Removed by Filter: 4489220
        ->  Hash  (cost=21735.35..21735.35 rows=1380035 width=4) (actual time=882.601..882.601 rows=1380035 loops=1)
              Buckets: 131072  Batches: 32  Memory Usage: 2556kB
              ->  Seq Scan on movie_info_idx mi_idx  (cost=0.00..21735.35 rows=1380035 width=4) (actual time=0.026..431.388 rows=1380035 loops=1)
  ->  Index Only Scan using title_pkey on title t  (cost=0.43..0.58 rows=1 width=4) (actual time=0.008..0.009 rows=1 loops=73035)
        Index Cond: (id = mi_idx.movie_id)
        Heap Fetches: 73035
Planning time: 1.095 ms
Execution time: 3101.880 ms
