Seq Scan on cast_info ci  (cost=0.00..705507.15 rows=26785783 width=0) (actual time=0.019..13035.900 rows=26812491 loops=1)
  Filter: (person_id < 2761862)
  Rows Removed by Filter: 9431853
Planning time: 0.289 ms
Execution time: 16300.064 ms
