Nested Loop  (cost=0.43..83071.67 rows=246 width=0) (actual time=1.347..1250.494 rows=38 loops=1)
  ->  Seq Scan on movie_keyword mk  (cost=0.00..81003.12 rows=246 width=4) (actual time=1.309..1248.929 rows=38 loops=1)
        Filter: (keyword_id = 13001)
        Rows Removed by Filter: 4523892
  ->  Index Only Scan using title_pkey on title t  (cost=0.43..8.40 rows=1 width=4) (actual time=0.036..0.037 rows=1 loops=38)
        Index Cond: (id = mk.movie_id)
        Heap Fetches: 38
Planning time: 0.403 ms
Execution time: 1250.576 ms
