Hash Join  (cost=317013.22..1890019.21 rows=43673080 width=0) (actual time=7081.932..76514.841 rows=146974208 loops=1)
  Hash Cond: (ci.movie_id = t.id)
  ->  Seq Scan on cast_info ci  (cost=0.00..614943.12 rows=36225612 width=4) (actual time=0.017..13745.753 rows=36244344 loops=1)
  ->  Hash  (cost=267000.77..267000.77 rows=3048356 width=8) (actual time=7079.840..7079.840 rows=3031717 loops=1)
        Buckets: 131072  Batches: 64  Memory Usage: 2901kB
        ->  Hash Join  (cost=102767.86..267000.77 rows=3048356 width=8) (actual time=1914.148..6236.744 rows=3031717 loops=1)
              Hash Cond: (mk.movie_id = t.id)
              ->  Seq Scan on movie_keyword mk  (cost=0.00..81003.12 rows=3048356 width=4) (actual time=0.016..1697.243 rows=3031717 loops=1)
                    Filter: (keyword_id > 2130)
                    Rows Removed by Filter: 1492213
              ->  Hash  (cost=61283.27..61283.27 rows=2528527 width=4) (actual time=1912.254..1912.254 rows=2528312 loops=1)
                    Buckets: 131072  Batches: 64  Memory Usage: 2425kB
                    ->  Seq Scan on title t  (cost=0.00..61283.27 rows=2528527 width=4) (actual time=0.014..1037.346 rows=2528312 loops=1)
Planning time: 1.080 ms
Execution time: 92575.140 ms
