Hash Join  (cost=99217.91..156679.23 rows=1051679 width=0) (actual time=1941.593..3582.274 rows=1040410 loops=1)
  Hash Cond: (mi_idx.movie_id = t.id)
  ->  Seq Scan on movie_info_idx mi_idx  (cost=0.00..21735.35 rows=1380035 width=4) (actual time=0.013..435.711 rows=1380035 loops=1)
  ->  Hash  (cost=67604.59..67604.59 rows=1926906 width=4) (actual time=1940.529..1940.529 rows=1918028 loops=1)
        Buckets: 131072  Batches: 32  Memory Usage: 3139kB
        ->  Seq Scan on title t  (cost=0.00..67604.59 rows=1926906 width=4) (actual time=0.019..1319.131 rows=1918028 loops=1)
              Filter: (production_year > 1981)
              Rows Removed by Filter: 610284
Planning time: 0.789 ms
Execution time: 3701.515 ms
