Hash Join  (cost=74152.53..101099.68 rows=3305 width=0) (actual time=1221.833..1752.936 rows=2407 loops=1)
  Hash Cond: (mi_idx.movie_id = t.id)
  ->  Seq Scan on movie_info_idx mi_idx  (cost=0.00..25185.44 rows=460978 width=4) (actual time=0.032..415.880 rows=459925 loops=1)
        Filter: (info_type_id = 99)
        Rows Removed by Filter: 920110
  ->  Hash  (cost=73925.90..73925.90 rows=18130 width=4) (actual time=1221.572..1221.572 rows=18886 loops=1)
        Buckets: 32768  Batches: 1  Memory Usage: 920kB
        ->  Seq Scan on title t  (cost=0.00..73925.90 rows=18130 width=4) (actual time=0.064..1212.965 rows=18886 loops=1)
              Filter: ((kind_id = 7) AND (production_year = 1994))
              Rows Removed by Filter: 2509426
Planning time: 1.906 ms
Execution time: 1753.412 ms
