Hash Join  (cost=209279.95..242062.06 rows=71017 width=0) (actual time=4081.057..5187.185 rows=300470 loops=1)
  Hash Cond: (mi_idx.movie_id = t.id)
  ->  Seq Scan on movie_info_idx mi_idx  (cost=0.00..25185.44 rows=464934 width=4) (actual time=0.018..469.258 rows=460185 loops=1)
        Filter: (info_type_id > 100)
        Rows Removed by Filter: 919850
  ->  Hash  (cost=202943.14..202943.14 rows=386225 width=8) (actual time=4080.290..4080.290 rows=384200 loops=1)
        Buckets: 131072  Batches: 8  Memory Usage: 2925kB
        ->  Hash Join  (cost=102767.86..202943.14 rows=386225 width=8) (actual time=1959.106..3973.685 rows=384200 loops=1)
              Hash Cond: (mk.movie_id = t.id)
              ->  Seq Scan on movie_keyword mk  (cost=0.00..81003.12 rows=386225 width=4) (actual time=0.027..1318.989 rows=384200 loops=1)
                    Filter: (keyword_id > 44675)
                    Rows Removed by Filter: 4139730
              ->  Hash  (cost=61283.27..61283.27 rows=2528527 width=4) (actual time=1957.809..1957.809 rows=2528312 loops=1)
                    Buckets: 131072  Batches: 64  Memory Usage: 2425kB
                    ->  Seq Scan on title t  (cost=0.00..61283.27 rows=2528527 width=4) (actual time=0.020..1101.502 rows=2528312 loops=1)
Planning time: 1.108 ms
Execution time: 5220.743 ms
