Hash Join  (cost=484253.23..1602226.30 rows=3785484 width=0) (actual time=9061.327..40675.007 rows=11268377 loops=1)
  Hash Cond: (ci.movie_id = t.id)
  ->  Seq Scan on cast_info ci  (cost=0.00..614943.12 rows=36225612 width=4) (actual time=0.025..12931.878 rows=36244344 loops=1)
  ->  Hash  (cost=479917.42..479917.42 rows=264225 width=8) (actual time=9060.490..9060.490 rows=274433 loops=1)
        Buckets: 131072  Batches: 4  Memory Usage: 3643kB
        ->  Hash Join  (cost=69687.24..479917.42 rows=264225 width=8) (actual time=1203.775..8970.330 rows=274433 loops=1)
              Hash Cond: (mi.movie_id = t.id)
              ->  Seq Scan on movie_info mi  (cost=0.00..346232.03 rows=5263441 width=4) (actual time=0.025..5780.486 rows=5270569 loops=1)
                    Filter: (info_type_id > 15)
                    Rows Removed by Filter: 9565151
              ->  Hash  (cost=67604.59..67604.59 rows=126932 width=4) (actual time=1202.980..1202.980 rows=122861 loops=1)
                    Buckets: 131072  Batches: 2  Memory Usage: 3197kB
                    ->  Seq Scan on title t  (cost=0.00..67604.59 rows=126932 width=4) (actual time=0.021..1154.719 rows=122861 loops=1)
                          Filter: (production_year = 2008)
                          Rows Removed by Filter: 2405451
Planning time: 3.633 ms
Execution time: 42011.655 ms
