Hash Join  (cost=547692.12..703949.92 rows=2692872 width=0) (actual time=10963.896..26255.956 rows=57433609 loops=1)
  Hash Cond: (mk.movie_id = t.id)
  ->  Seq Scan on movie_keyword mk  (cost=0.00..81003.12 rows=3102591 width=4) (actual time=0.014..1318.507 rows=3090000 loops=1)
        Filter: (keyword_id < 11662)
        Rows Removed by Filter: 1433930
  ->  Hash  (cost=511686.41..511686.41 rows=2194617 width=8) (actual time=10962.322..10962.322 rows=2233850 loops=1)
        Buckets: 131072  Batches: 32  Memory Usage: 3671kB
        ->  Hash Join  (cost=102767.86..511686.41 rows=2194617 width=8) (actual time=3400.025..10370.067 rows=2233850 loops=1)
              Hash Cond: (mi.movie_id = t.id)
              ->  Seq Scan on movie_info mi  (cost=0.00..346232.03 rows=2194617 width=4) (actual time=1539.155..5767.429 rows=2233850 loops=1)
                    Filter: (info_type_id > 16)
                    Rows Removed by Filter: 12601870
              ->  Hash  (cost=61283.27..61283.27 rows=2528527 width=4) (actual time=1859.977..1859.977 rows=2528312 loops=1)
                    Buckets: 131072  Batches: 64  Memory Usage: 2425kB
                    ->  Seq Scan on title t  (cost=0.00..61283.27 rows=2528527 width=4) (actual time=0.045..1025.677 rows=2528312 loops=1)
Planning time: 1.001 ms
Execution time: 32424.686 ms
