Seq Scan on cast_info ci  (cost=0.00..796071.18 rows=324 width=0) (actual time=10795.192..14002.335 rows=25 loops=1)
  Filter: ((role_id > 1) AND (person_id = 3550284))
  Rows Removed by Filter: 36244319
Planning time: 0.421 ms
Execution time: 14002.465 ms
