Hash Join  (cost=709678.15..1089084.78 rows=1748 width=0) (actual time=10953.788..18209.722 rows=545 loops=1)
  Hash Cond: (mi.movie_id = t.id)
  ->  Seq Scan on movie_info mi  (cost=0.00..346232.03 rows=8841901 width=4) (actual time=0.022..6224.118 rows=8950757 loops=1)
        Filter: (info_type_id > 6)
        Rows Removed by Filter: 5884963
  ->  Hash  (cost=709671.90..709671.90 rows=500 width=8) (actual time=10758.753..10758.753 rows=17 loops=1)
        Buckets: 1024  Batches: 1  Memory Usage: 9kB
        ->  Nested Loop  (cost=0.43..709671.90 rows=500 width=8) (actual time=1255.804..10758.696 rows=17 loops=1)
              ->  Seq Scan on cast_info ci  (cost=0.00..705507.15 rows=500 width=4) (actual time=1255.573..10758.014 rows=17 loops=1)
                    Filter: (person_id = 2561283)
                    Rows Removed by Filter: 36244327
              ->  Index Only Scan using title_pkey on title t  (cost=0.43..8.32 rows=1 width=4) (actual time=0.032..0.032 rows=1 loops=17)
                    Index Cond: (id = ci.movie_id)
                    Heap Fetches: 17
Planning time: 1.193 ms
Execution time: 18210.010 ms
