Seq Scan on movie_keyword mk  (cost=0.00..81003.12 rows=3796721 width=0) (actual time=0.020..1521.021 rows=3788249 loops=1)
  Filter: (keyword_id < 25604)
  Rows Removed by Filter: 735681
Planning time: 0.310 ms
Execution time: 1996.904 ms
