Hash Join  (cost=89253.38..163831.03 rows=472735 width=0) (actual time=1762.931..3510.520 rows=942328 loops=1)
  Hash Cond: (mc.movie_id = t.id)
  ->  Seq Scan on movie_companies mc  (cost=0.00..51404.11 rows=1279517 width=4) (actual time=230.657..992.354 rows=1274246 loops=1)
        Filter: (company_type_id < 2)
        Rows Removed by Filter: 1334883
  ->  Hash  (cost=73925.90..73925.90 rows=934198 width=4) (actual time=1531.419..1531.419 rows=950693 loops=1)
        Buckets: 131072  Batches: 16  Memory Usage: 3114kB
        ->  Seq Scan on title t  (cost=0.00..73925.90 rows=934198 width=4) (actual time=0.024..1226.876 rows=950693 loops=1)
              Filter: ((kind_id < 7) AND (production_year < 2013))
              Rows Removed by Filter: 1577619
Planning time: 0.721 ms
Execution time: 3613.234 ms
