Hash Join  (cost=102767.86..201730.72 rows=335861 width=0) (actual time=1883.576..3896.091 rows=348976 loops=1)
  Hash Cond: (mk.movie_id = t.id)
  ->  Seq Scan on movie_keyword mk  (cost=0.00..81003.12 rows=335861 width=4) (actual time=0.021..1328.146 rows=348976 loops=1)
        Filter: (keyword_id < 309)
        Rows Removed by Filter: 4174954
  ->  Hash  (cost=61283.27..61283.27 rows=2528527 width=4) (actual time=1880.473..1880.473 rows=2528312 loops=1)
        Buckets: 131072  Batches: 64  Memory Usage: 2425kB
        ->  Seq Scan on title t  (cost=0.00..61283.27 rows=2528527 width=4) (actual time=0.025..1008.983 rows=2528312 loops=1)
Planning time: 0.689 ms
Execution time: 3938.061 ms
