Seq Scan on title t  (cost=0.00..73925.90 rows=305078 width=0) (actual time=217.508..903.341 rows=193383 loops=1)
  Filter: ((production_year < 1979) AND (kind_id = 7))
  Rows Removed by Filter: 2334929
Planning time: 0.451 ms
Execution time: 927.767 ms
