Hash Join  (cost=83074.74..894457.86 rows=397 width=0) (actual time=5156.278..15958.827 rows=4838 loops=1)
  Hash Cond: (ci.movie_id = t.id)
  ->  Seq Scan on cast_info ci  (cost=0.00..796071.18 rows=4082124 width=4) (actual time=3926.743..13559.284 rows=8305620 loops=1)
        Filter: ((person_id < 1134023) AND (role_id < 2))
        Rows Removed by Filter: 27938724
  ->  Hash  (cost=83071.67..83071.67 rows=246 width=8) (actual time=1227.898..1227.898 rows=451 loops=1)
        Buckets: 1024  Batches: 1  Memory Usage: 26kB
        ->  Nested Loop  (cost=0.43..83071.67 rows=246 width=8) (actual time=0.938..1227.474 rows=451 loops=1)
              ->  Seq Scan on movie_keyword mk  (cost=0.00..81003.12 rows=246 width=4) (actual time=0.871..1190.711 rows=451 loops=1)
                    Filter: (keyword_id = 9127)
                    Rows Removed by Filter: 4523479
              ->  Index Only Scan using title_pkey on title t  (cost=0.43..8.40 rows=1 width=4) (actual time=0.079..0.080 rows=1 loops=451)
                    Index Cond: (id = mk.movie_id)
                    Heap Fetches: 451
Planning time: 1.124 ms
Execution time: 15960.319 ms
