Nested Loop  (cost=0.43..709673.15 rows=46 width=0) (actual time=7354.870..8742.410 rows=12 loops=1)
  ->  Seq Scan on cast_info ci  (cost=0.00..705507.15 rows=500 width=4) (actual time=7354.716..8739.821 rows=193 loops=1)
        Filter: (person_id = 1113591)
        Rows Removed by Filter: 36244151
  ->  Index Scan using title_pkey on title t  (cost=0.43..8.32 rows=1 width=4) (actual time=0.013..0.013 rows=0 loops=193)
        Index Cond: (id = ci.movie_id)
        Filter: (production_year > 2011)
        Rows Removed by Filter: 1
Planning time: 0.773 ms
Execution time: 8742.529 ms
