Hash Join  (cost=132723.69..947504.13 rows=218743 width=0) (actual time=3725.457..17018.686 rows=923047 loops=1)
  Hash Cond: (ci.movie_id = t.id)
  ->  Seq Scan on cast_info ci  (cost=0.00..796071.18 rows=1283155 width=4) (actual time=1000.042..13025.368 rows=2387615 loops=1)
        Filter: ((person_id > 2527277) AND (role_id = 3))
        Rows Removed by Filter: 33856729
  ->  Hash  (cost=125651.63..125651.63 rows=431045 width=8) (actual time=2724.335..2724.335 rows=311149 loops=1)
        Buckets: 131072  Batches: 8  Memory Usage: 2532kB
        ->  Hash Join  (cost=80562.70..125651.63 rows=431045 width=8) (actual time=1361.826..2625.428 rows=311149 loops=1)
              Hash Cond: (mi_idx.movie_id = t.id)
              ->  Seq Scan on movie_info_idx mi_idx  (cost=0.00..21735.35 rows=1380035 width=4) (actual time=0.023..402.064 rows=1380035 loops=1)
              ->  Hash  (cost=67604.59..67604.59 rows=789769 width=4) (actual time=1360.979..1360.979 rows=784926 loops=1)
                    Buckets: 131072  Batches: 16  Memory Usage: 2749kB
                    ->  Seq Scan on title t  (cost=0.00..67604.59 rows=789769 width=4) (actual time=0.021..1105.294 rows=784926 loops=1)
                          Filter: (production_year > 2007)
                          Rows Removed by Filter: 1743386
Planning time: 7.015 ms
Execution time: 17116.410 ms
