Hash Join  (cost=156487.41..686659.63 rows=2480701 width=0) (actual time=3403.493..18323.149 rows=6018699 loops=1)
  Hash Cond: (mi.movie_id = t.id)
  ->  Seq Scan on movie_info mi  (cost=0.00..346232.03 rows=13606982 width=4) (actual time=0.019..7108.078 rows=13648562 loops=1)
        Filter: (info_type_id < 42)
        Rows Removed by Filter: 1187158
  ->  Hash  (cost=148924.19..148924.19 rows=460978 width=8) (actual time=3402.897..3402.897 rows=459925 loops=1)
        Buckets: 131072  Batches: 8  Memory Usage: 3284kB
        ->  Hash Join  (cost=102767.86..148924.19 rows=460978 width=8) (actual time=1946.713..3251.083 rows=459925 loops=1)
              Hash Cond: (mi_idx.movie_id = t.id)
              ->  Seq Scan on movie_info_idx mi_idx  (cost=0.00..25185.44 rows=460978 width=4) (actual time=0.011..439.460 rows=459925 loops=1)
                    Filter: (info_type_id = 99)
                    Rows Removed by Filter: 920110
              ->  Hash  (cost=61283.27..61283.27 rows=2528527 width=4) (actual time=1944.346..1944.346 rows=2528312 loops=1)
                    Buckets: 131072  Batches: 64  Memory Usage: 2415kB
                    ->  Seq Scan on title t  (cost=0.00..61283.27 rows=2528527 width=4) (actual time=0.016..1101.580 rows=2528312 loops=1)
Planning time: 0.775 ms
Execution time: 19021.265 ms
