Hash Join  (cost=217651.79..736159.88 rows=1900425 width=0) (actual time=5325.661..28666.051 rows=44380983 loops=1)
  Hash Cond: (mi.movie_id = t.id)
  ->  Seq Scan on movie_info mi  (cost=0.00..309384.22 rows=14739122 width=4) (actual time=0.013..6070.562 rows=14835720 loops=1)
  ->  Hash  (cost=212302.51..212302.51 rows=326022 width=8) (actual time=5324.624..5324.624 rows=1055233 loops=1)
        Buckets: 131072 (originally 131072)  Batches: 16 (originally 8)  Memory Usage: 3751kB
        ->  Hash Join  (cost=77037.46..212302.51 rows=326022 width=8) (actual time=1311.091..5008.455 rows=1055233 loops=1)
              Hash Cond: (mk.movie_id = t.id)
              ->  Seq Scan on movie_keyword mk  (cost=0.00..81003.12 rows=4346856 width=4) (actual time=0.017..1794.792 rows=4349479 loops=1)
                    Filter: (keyword_id < 71939)
                    Rows Removed by Filter: 174451
              ->  Hash  (cost=73925.90..73925.90 rows=189644 width=4) (actual time=1309.176..1309.176 rows=294316 loops=1)
                    Buckets: 131072  Batches: 4  Memory Usage: 3621kB
                    ->  Seq Scan on title t  (cost=0.00..73925.90 rows=189644 width=4) (actual time=0.011..1207.887 rows=294316 loops=1)
                          Filter: ((kind_id < 7) AND (production_year < 1978))
                          Rows Removed by Filter: 2233996
Planning time: 1.196 ms
Execution time: 33567.023 ms
