Hash Join  (cost=74173.24..827797.25 rows=283484 width=0) (actual time=1112.603..18866.202 rows=274380 loops=1)
  Hash Cond: (ci.movie_id = t.id)
  ->  Seq Scan on cast_info ci  (cost=0.00..614943.12 rows=36225612 width=4) (actual time=0.014..8654.526 rows=36244344 loops=1)
  ->  Hash  (cost=73925.90..73925.90 rows=19787 width=4) (actual time=1112.088..1112.088 rows=15791 loops=1)
        Buckets: 32768  Batches: 1  Memory Usage: 812kB
        ->  Seq Scan on title t  (cost=0.00..73925.90 rows=19787 width=4) (actual time=0.014..1104.780 rows=15791 loops=1)
              Filter: ((kind_id < 7) AND (production_year = 1999))
              Rows Removed by Filter: 2512521
Planning time: 0.809 ms
Execution time: 18914.783 ms
