Seq Scan on movie_keyword mk  (cost=0.00..81003.12 rows=209952 width=0) (actual time=0.028..1292.917 rows=211804 loops=1)
  Filter: (keyword_id > 66332)
  Rows Removed by Filter: 4312126
Planning time: 0.309 ms
Execution time: 1319.771 ms
