Nested Loop  (cost=0.43..58375.18 rows=53 width=0) (actual time=8.407..1008.282 rows=127 loops=1)
  ->  Seq Scan on movie_companies mc  (cost=0.00..57926.93 rows=53 width=4) (actual time=8.325..1003.574 rows=127 loops=1)
        Filter: ((company_type_id > 1) AND (company_id = 57895))
        Rows Removed by Filter: 2609002
  ->  Index Only Scan using title_pkey on title t  (cost=0.43..8.45 rows=1 width=4) (actual time=0.035..0.035 rows=1 loops=127)
        Index Cond: (id = mc.movie_id)
        Heap Fetches: 127
Planning time: 0.777 ms
Execution time: 1008.416 ms
