Hash Join  (cost=86252.72..799784.60 rows=104055 width=0) (actual time=2480.317..15253.823 rows=109875 loops=1)
  Hash Cond: (ci.movie_id = t.id)
  ->  Seq Scan on cast_info ci  (cost=0.00..705507.15 rows=350181 width=4) (actual time=982.290..13436.144 rows=316118 loops=1)
        Filter: (role_id > 10)
        Rows Removed by Filter: 35928226
  ->  Hash  (cost=73925.90..73925.90 rows=751345 width=4) (actual time=1497.132..1497.132 rows=793943 loops=1)
        Buckets: 131072  Batches: 16  Memory Usage: 2771kB
        ->  Seq Scan on title t  (cost=0.00..73925.90 rows=751345 width=4) (actual time=0.029..1249.714 rows=793943 loops=1)
              Filter: ((kind_id < 7) AND (production_year < 2010))
              Rows Removed by Filter: 1734369
Planning time: 0.726 ms
Execution time: 15268.420 ms
