Hash Join  (cost=96997.87..147859.40 rows=767505 width=0) (actual time=2328.416..3391.569 rows=425493 loops=1)
  Hash Cond: (mi_idx.movie_id = t.id)
  ->  Seq Scan on movie_info_idx mi_idx  (cost=0.00..21735.35 rows=1380035 width=4) (actual time=0.020..475.047 rows=1380035 loops=1)
  ->  Hash  (cost=73925.90..73925.90 rows=1406237 width=4) (actual time=1893.699..1893.699 rows=1478356 loops=1)
        Buckets: 131072  Batches: 32  Memory Usage: 2650kB
        ->  Seq Scan on title t  (cost=0.00..73925.90 rows=1406237 width=4) (actual time=29.548..1424.561 rows=1478356 loops=1)
              Filter: ((production_year > 1946) AND (kind_id = 7))
              Rows Removed by Filter: 1049956
Planning time: 0.816 ms
Execution time: 3448.447 ms
