Seq Scan on movie_keyword mk  (cost=0.00..81003.12 rows=246 width=0) (actual time=1.787..1270.077 rows=115 loops=1)
  Filter: (keyword_id = 4366)
  Rows Removed by Filter: 4523815
Planning time: 1.331 ms
Execution time: 1270.262 ms
