Hash Join  (cost=195591.24..1035396.49 rows=721176 width=0) (actual time=11431.693..19422.767 rows=1263528 loops=1)
  Hash Cond: (ci.movie_id = t.id)
  ->  Seq Scan on cast_info ci  (cost=0.00..796071.18 rows=2949681 width=4) (actual time=6836.016..12615.480 rows=4081190 loops=1)
        Filter: ((person_id > 2172739) AND (role_id = 2))
        Rows Removed by Filter: 32163154
  ->  Hash  (cost=185448.66..185448.66 rows=618207 width=8) (actual time=4594.593..4594.593 rows=373575 loops=1)
        Buckets: 131072  Batches: 16  Memory Usage: 1940kB
        ->  Hash Join  (cost=102767.86..185448.66 rows=618207 width=8) (actual time=2797.988..4492.971 rows=373575 loops=1)
              Hash Cond: (mc.movie_id = t.id)
              ->  Seq Scan on movie_companies mc  (cost=0.00..57926.93 rows=618207 width=4) (actual time=25.574..1048.331 rows=373575 loops=1)
                    Filter: ((company_id > 11428) AND (company_type_id < 2))
                    Rows Removed by Filter: 2235554
              ->  Hash  (cost=61283.27..61283.27 rows=2528527 width=4) (actual time=2771.355..2771.355 rows=2528312 loops=1)
                    Buckets: 131072  Batches: 64  Memory Usage: 2415kB
                    ->  Seq Scan on title t  (cost=0.00..61283.27 rows=2528527 width=4) (actual time=0.015..1092.347 rows=2528312 loops=1)
Planning time: 1.260 ms
Execution time: 19566.657 ms
