Hash Join  (cost=52284.24..138942.32 rows=4 width=0) (actual time=868.502..2440.232 rows=822 loops=1)
  Hash Cond: (mk.movie_id = t.id)
  ->  Seq Scan on movie_keyword mk  (cost=0.00..69693.30 rows=4523930 width=4) (actual time=0.023..1003.745 rows=4523930 loops=1)
  ->  Hash  (cost=52284.21..52284.21 rows=2 width=8) (actual time=663.786..663.786 rows=9 loops=1)
        Buckets: 1024  Batches: 1  Memory Usage: 9kB
        ->  Nested Loop  (cost=0.43..52284.21 rows=2 width=8) (actual time=252.613..663.768 rows=9 loops=1)
              ->  Seq Scan on movie_companies mc  (cost=0.00..51404.11 rows=104 width=4) (actual time=0.571..643.093 rows=380 loops=1)
                    Filter: (company_id = 2165)
                    Rows Removed by Filter: 2608749
              ->  Index Scan using title_pkey on title t  (cost=0.43..8.45 rows=1 width=4) (actual time=0.053..0.053 rows=0 loops=380)
                    Index Cond: (id = mc.movie_id)
                    Filter: ((production_year < 1958) AND (kind_id = 1))
                    Rows Removed by Filter: 1
Planning time: 1.225 ms
Execution time: 2440.448 ms
