Hash Join  (cost=75587.46..199796.90 rows=181141 width=0) (actual time=1292.073..3872.568 rows=31744 loops=1)
  Hash Cond: (mk.movie_id = t.id)
  ->  Seq Scan on movie_keyword mk  (cost=0.00..69693.30 rows=4523930 width=4) (actual time=0.019..1364.313 rows=4523930 loops=1)
  ->  Hash  (cost=73925.90..73925.90 rows=101244 width=4) (actual time=1138.622..1138.622 rows=110779 loops=1)
        Buckets: 131072  Batches: 2  Memory Usage: 2976kB
        ->  Seq Scan on title t  (cost=0.00..73925.90 rows=101244 width=4) (actual time=0.889..1094.729 rows=110779 loops=1)
              Filter: ((kind_id > 4) AND (production_year = 2012))
              Rows Removed by Filter: 2417533
Planning time: 0.756 ms
Execution time: 3876.781 ms
