Hash Join  (cost=82436.85..559706.28 rows=1944023 width=0) (actual time=1256.508..13750.843 rows=3243004 loops=1)
  Hash Cond: (mi.movie_id = t.id)
  ->  Seq Scan on movie_info mi  (cost=0.00..346232.03 rows=9476311 width=4) (actual time=0.021..7014.420 rows=9565151 loops=1)
        Filter: (info_type_id < 16)
        Rows Removed by Filter: 5270569
  ->  Hash  (cost=73925.90..73925.90 rows=518716 width=4) (actual time=1254.208..1254.208 rows=390957 loops=1)
        Buckets: 131072  Batches: 8  Memory Usage: 2757kB
        ->  Seq Scan on title t  (cost=0.00..73925.90 rows=518716 width=4) (actual time=428.959..1134.270 rows=390957 loops=1)
              Filter: ((production_year > 1978) AND (kind_id = 1))
              Rows Removed by Filter: 2137355
Planning time: 0.817 ms
Execution time: 14082.580 ms
