Hash Join  (cost=102767.86..225443.93 rows=1321289 width=0) (actual time=2042.830..4834.825 rows=1332412 loops=1)
  Hash Cond: (mk.movie_id = t.id)
  ->  Seq Scan on movie_keyword mk  (cost=0.00..81003.12 rows=1321289 width=4) (actual time=0.025..1416.420 rows=1332412 loops=1)
        Filter: (keyword_id < 1741)
        Rows Removed by Filter: 3191518
  ->  Hash  (cost=61283.27..61283.27 rows=2528527 width=4) (actual time=2041.991..2041.991 rows=2528312 loops=1)
        Buckets: 131072  Batches: 64  Memory Usage: 2425kB
        ->  Seq Scan on title t  (cost=0.00..61283.27 rows=2528527 width=4) (actual time=0.011..1152.048 rows=2528312 loops=1)
Planning time: 0.720 ms
Execution time: 4983.019 ms
