Seq Scan on movie_keyword mk  (cost=0.00..81003.12 rows=204465 width=0) (actual time=50.893..1290.414 rows=205690 loops=1)
  Filter: (keyword_id > 67381)
  Rows Removed by Filter: 4318240
Planning time: 0.321 ms
Execution time: 1318.333 ms
