Seq Scan on movie_keyword mk  (cost=0.00..81003.12 rows=2658999 width=0) (actual time=0.024..1522.207 rows=2648499 loops=1)
  Filter: (keyword_id > 3181)
  Rows Removed by Filter: 1875431
Planning time: 0.322 ms
Execution time: 1841.309 ms
