Hash Join  (cost=135850.41..224505.26 rows=20212 width=0) (actual time=2662.337..4648.949 rows=516161 loops=1)
  Hash Cond: (mk.movie_id = t.id)
  ->  Seq Scan on movie_keyword mk  (cost=0.00..81003.12 rows=1986563 width=4) (actual time=0.013..1534.398 rows=1992308 loops=1)
        Filter: (keyword_id > 6291)
        Rows Removed by Filter: 2531622
  ->  Hash  (cost=135528.83..135528.83 rows=25726 width=8) (actual time=2661.651..2661.651 rows=32336 loops=1)
        Buckets: 32768  Batches: 1  Memory Usage: 1520kB
        ->  Hash Join  (cost=74242.71..135528.83 rows=25726 width=8) (actual time=1168.153..2649.780 rows=32336 loops=1)
              Hash Cond: (mc.movie_id = t.id)
              ->  Seq Scan on movie_companies mc  (cost=0.00..51404.11 rows=2566601 width=4) (actual time=0.019..999.227 rows=2567505 loops=1)
                    Filter: (company_id < 198120)
                    Rows Removed by Filter: 41624
              ->  Hash  (cost=73925.90..73925.90 rows=25344 width=4) (actual time=1167.922..1167.922 rows=15457 loops=1)
                    Buckets: 32768  Batches: 1  Memory Usage: 800kB
                    ->  Seq Scan on title t  (cost=0.00..73925.90 rows=25344 width=4) (actual time=469.295..1161.500 rows=15457 loops=1)
                          Filter: ((kind_id = 1) AND (production_year = 2005))
                          Rows Removed by Filter: 2512855
Planning time: 1.143 ms
Execution time: 4712.127 ms
