Seq Scan on movie_companies mc  (cost=0.00..57926.93 rows=53 width=0) (actual time=354.133..893.862 rows=718 loops=1)
  Filter: ((company_type_id > 1) AND (company_id = 6429))
  Rows Removed by Filter: 2608411
Planning time: 0.405 ms
Execution time: 894.044 ms
