Hash Join  (cost=433707.94..510036.96 rows=92750 width=0) (actual time=7340.733..9561.766 rows=791837 loops=1)
  Hash Cond: (mc.movie_id = t.id)
  ->  Seq Scan on movie_companies mc  (cost=0.00..44881.29 rows=2609129 width=4) (actual time=0.014..932.018 rows=2609129 loops=1)
  ->  Hash  (cost=432232.38..432232.38 rows=89885 width=8) (actual time=7340.046..7340.046 rows=169482 loops=1)
        Buckets: 131072 (originally 131072)  Batches: 4 (originally 2)  Memory Usage: 3073kB
        ->  Hash Join  (cost=78556.72..432232.38 rows=89885 width=8) (actual time=3951.195..7277.665 rows=169482 loops=1)
              Hash Cond: (mi.movie_id = t.id)
              ->  Seq Scan on movie_info mi  (cost=0.00..346232.03 rows=340474 width=4) (actual time=2330.040..5508.341 rows=328857 loops=1)
                    Filter: (info_type_id = 98)
                    Rows Removed by Filter: 14506863
              ->  Hash  (cost=67604.59..67604.59 rows=667531 width=4) (actual time=1428.581..1428.581 rows=662825 loops=1)
                    Buckets: 131072  Batches: 16  Memory Usage: 2485kB
                    ->  Seq Scan on title t  (cost=0.00..67604.59 rows=667531 width=4) (actual time=126.562..1211.988 rows=662825 loops=1)
                          Filter: (kind_id = 1)
                          Rows Removed by Filter: 1865487
Planning time: 1.182 ms
Execution time: 9664.880 ms
