Hash Join  (cost=154352.50..671715.66 rows=3519822 width=0) (actual time=3606.120..19703.887 rows=11155958 loops=1)
  Hash Cond: (mi.movie_id = t.id)
  ->  Seq Scan on movie_info mi  (cost=0.00..309384.22 rows=14739122 width=4) (actual time=0.018..5988.048 rows=14835720 loops=1)
  ->  Hash  (cost=144445.59..144445.59 rows=603833 width=8) (actual time=3605.285..3605.285 rows=712320 loops=1)
        Buckets: 131072 (originally 131072)  Batches: 16 (originally 8)  Memory Usage: 3073kB
        ->  Hash Join  (cost=94978.31..144445.59 rows=603833 width=8) (actual time=1968.317..3401.394 rows=712320 loops=1)
              Hash Cond: (mi_idx.movie_id = t.id)
              ->  Seq Scan on movie_info_idx mi_idx  (cost=0.00..25185.44 rows=915101 width=4) (actual time=0.029..509.353 rows=919850 loops=1)
                    Filter: (info_type_id < 101)
                    Rows Removed by Filter: 460185
              ->  Hash  (cost=67604.59..67604.59 rows=1668458 width=4) (actual time=1966.869..1966.869 rows=1671292 loops=1)
                    Buckets: 131072  Batches: 32  Memory Usage: 2858kB
                    ->  Seq Scan on title t  (cost=0.00..67604.59 rows=1668458 width=4) (actual time=0.019..1419.959 rows=1671292 loops=1)
                          Filter: (production_year < 2008)
                          Rows Removed by Filter: 857020
Planning time: 1.121 ms
Execution time: 20945.090 ms
