Nested Loop  (cost=0.43..128640.68 rows=2651 width=0) (actual time=0.085..1516.471 rows=4890 loops=1)
  ->  Seq Scan on movie_keyword mk  (cost=0.00..81003.12 rows=6786 width=4) (actual time=0.053..1305.042 rows=5733 loops=1)
        Filter: (keyword_id = 249)
        Rows Removed by Filter: 4518197
  ->  Index Scan using title_pkey on title t  (cost=0.43..7.01 rows=1 width=4) (actual time=0.036..0.036 rows=1 loops=5733)
        Index Cond: (id = mk.movie_id)
        Filter: (kind_id < 7)
        Rows Removed by Filter: 0
Planning time: 0.506 ms
Execution time: 1518.041 ms
