Hash Join  (cost=925029.55..1429904.45 rows=2349397 width=0) (actual time=16285.544..32959.960 rows=7278219 loops=1)
  Hash Cond: (mi.movie_id = t.id)
  ->  Seq Scan on movie_info mi  (cost=0.00..309384.22 rows=14739122 width=4) (actual time=0.016..6174.773 rows=14835720 loops=1)
  ->  Hash  (cost=918416.50..918416.50 rows=403044 width=8) (actual time=16284.541..16284.541 rows=845786 loops=1)
        Buckets: 131072 (originally 131072)  Batches: 16 (originally 8)  Memory Usage: 3077kB
        ->  Hash Join  (cost=102767.86..918416.50 rows=403044 width=8) (actual time=6748.825..16039.098 rows=845786 loops=1)
              Hash Cond: (ci.movie_id = t.id)
              ->  Seq Scan on cast_info ci  (cost=0.00..796071.18 rows=403044 width=4) (actual time=4808.069..13014.178 rows=845786 loops=1)
                    Filter: ((person_id > 2397721) AND (role_id = 9))
                    Rows Removed by Filter: 35398558
              ->  Hash  (cost=61283.27..61283.27 rows=2528527 width=4) (actual time=1939.413..1939.413 rows=2528312 loops=1)
                    Buckets: 131072  Batches: 64  Memory Usage: 2415kB
                    ->  Seq Scan on title t  (cost=0.00..61283.27 rows=2528527 width=4) (actual time=0.022..1099.680 rows=2528312 loops=1)
Planning time: 1.193 ms
Execution time: 33776.528 ms
