Hash Join  (cost=136030.62..264988.70 rows=570905 width=0) (actual time=4855.407..6061.106 rows=414006 loops=1)
  Hash Cond: (mk.movie_id = t.id)
  ->  Seq Scan on movie_keyword mk  (cost=0.00..69693.30 rows=4523930 width=4) (actual time=0.023..1447.048 rows=4523930 loops=1)
  ->  Hash  (cost=130794.97..130794.97 rows=319092 width=8) (actual time=2820.535..2820.535 rows=179954 loops=1)
        Buckets: 131072  Batches: 8  Memory Usage: 1912kB
        ->  Hash Join  (cost=88391.98..130794.97 rows=319092 width=8) (actual time=1572.078..2762.803 rows=179954 loops=1)
              Hash Cond: (mi_idx.movie_id = t.id)
              ->  Seq Scan on movie_info_idx mi_idx  (cost=0.00..25185.44 rows=915101 width=4) (actual time=0.016..571.317 rows=919850 loops=1)
                    Filter: (info_type_id < 101)
                    Rows Removed by Filter: 460185
              ->  Hash  (cost=73925.90..73925.90 rows=881686 width=4) (actual time=1571.061..1571.061 rows=801513 loops=1)
                    Buckets: 131072  Batches: 16  Memory Usage: 2786kB
                    ->  Seq Scan on title t  (cost=0.00..73925.90 rows=881686 width=4) (actual time=0.011..1329.797 rows=801513 loops=1)
                          Filter: ((production_year < 2006) AND (kind_id = 7))
                          Rows Removed by Filter: 1726799
Planning time: 1.166 ms
Execution time: 6108.002 ms
