Seq Scan on movie_keyword mk  (cost=0.00..81003.12 rows=477843 width=0) (actual time=0.019..1316.373 rows=474199 loops=1)
  Filter: (keyword_id > 37608)
  Rows Removed by Filter: 4049731
Planning time: 0.224 ms
Execution time: 1376.599 ms
