Seq Scan on movie_keyword mk  (cost=0.00..81003.12 rows=246 width=0) (actual time=3.496..1251.342 rows=295 loops=1)
  Filter: (keyword_id = 5527)
  Rows Removed by Filter: 4523635
Planning time: 0.345 ms
Execution time: 1251.577 ms
