Nested Loop  (cost=0.43..52283.95 rows=37 width=0) (actual time=7.186..934.906 rows=365 loops=1)
  ->  Seq Scan on movie_companies mc  (cost=0.00..51404.11 rows=104 width=4) (actual time=7.133..886.807 rows=1440 loops=1)
        Filter: (company_id = 239)
        Rows Removed by Filter: 2607689
  ->  Index Scan using title_pkey on title t  (cost=0.43..8.45 rows=1 width=4) (actual time=0.033..0.033 rows=0 loops=1440)
        Index Cond: (id = mc.movie_id)
        Filter: (production_year > 2006)
        Rows Removed by Filter: 1
Planning time: 0.774 ms
Execution time: 935.136 ms
