Hash Join  (cost=70308.29..125141.89 rows=14857 width=0) (actual time=1786.410..2199.418 rows=13306 loops=1)
  Hash Cond: (mc.movie_id = t.id)
  ->  Seq Scan on movie_companies mc  (cost=0.00..51404.11 rows=227978 width=4) (actual time=606.219..891.377 rows=229560 loops=1)
        Filter: (company_id > 105554)
        Rows Removed by Filter: 2379569
  ->  Hash  (cost=67604.59..67604.59 rows=164776 width=4) (actual time=1179.340..1179.340 rows=164307 loops=1)
        Buckets: 131072  Batches: 4  Memory Usage: 2482kB
        ->  Seq Scan on title t  (cost=0.00..67604.59 rows=164776 width=4) (actual time=0.044..1119.375 rows=164307 loops=1)
              Filter: (production_year = 2012)
              Rows Removed by Filter: 2364005
Planning time: 1.661 ms
Execution time: 2201.391 ms
