Hash Join  (cost=129907.52..221366.51 rows=69861 width=0) (actual time=2620.150..4607.725 rows=376105 loops=1)
  Hash Cond: (mk.movie_id = t.id)
  ->  Seq Scan on movie_keyword mk  (cost=0.00..81003.12 rows=765933 width=4) (actual time=0.024..1502.564 rows=765423 loops=1)
        Filter: (keyword_id < 722)
        Rows Removed by Filter: 3758507
  ->  Hash  (cost=126123.69..126123.69 rows=230627 width=8) (actual time=2619.307..2619.307 rows=279975 loops=1)
        Buckets: 131072  Batches: 4  Memory Usage: 3775kB
        ->  Hash Join  (cost=88359.31..126123.69 rows=230627 width=8) (actual time=1562.760..2532.936 rows=279975 loops=1)
              Hash Cond: (mi_idx.movie_id = t.id)
              ->  Seq Scan on movie_info_idx mi_idx  (cost=0.00..25185.44 rows=460978 width=4) (actual time=0.023..456.474 rows=459925 loops=1)
                    Filter: (info_type_id = 99)
                    Rows Removed by Filter: 920110
              ->  Hash  (cost=67604.59..67604.59 rows=1265018 width=4) (actual time=1561.707..1561.707 rows=1263700 loops=1)
                    Buckets: 131072  Batches: 32  Memory Usage: 2410kB
                    ->  Seq Scan on title t  (cost=0.00..67604.59 rows=1265018 width=4) (actual time=0.014..1163.701 rows=1263700 loops=1)
                          Filter: (production_year < 2004)
                          Rows Removed by Filter: 1264612
Planning time: 1.142 ms
Execution time: 4659.567 ms
