Seq Scan on movie_keyword mk  (cost=0.00..81003.12 rows=222852 width=0) (actual time=0.024..918.251 rows=235890 loops=1)
  Filter: (keyword_id < 196)
  Rows Removed by Filter: 4288040
Planning time: 0.314 ms
Execution time: 943.472 ms
