Hash Join  (cost=87245.25..179324.30 rows=1235253 width=0) (actual time=2427.332..5590.225 rows=1526120 loops=1)
  Hash Cond: (mc.movie_id = t.id)
  ->  Seq Scan on movie_companies mc  (cost=0.00..44881.29 rows=2609129 width=4) (actual time=0.020..862.946 rows=2609129 loops=1)
  ->  Hash  (cost=67604.59..67604.59 rows=1197093 width=4) (actual time=2426.345..2426.345 rows=1195923 loops=1)
        Buckets: 131072  Batches: 16  Memory Usage: 3653kB
        ->  Seq Scan on title t  (cost=0.00..67604.59 rows=1197093 width=4) (actual time=0.019..1311.841 rows=1195923 loops=1)
              Filter: (production_year < 2003)
              Rows Removed by Filter: 1332389
Planning time: 0.735 ms
Execution time: 5773.734 ms
