Seq Scan on movie_companies mc  (cost=0.00..57926.93 rows=443325 width=0) (actual time=357.353..987.620 rows=252961 loops=1)
  Filter: ((company_id < 2561) AND (company_type_id = 2))
  Rows Removed by Filter: 2356168
Planning time: 0.377 ms
Execution time: 1020.064 ms
