Seq Scan on cast_info ci  (cost=0.00..796071.18 rows=4903224 width=0) (actual time=4391.779..13802.348 rows=10072467 loops=1)
  Filter: ((person_id < 1373610) AND (role_id = 1))
  Rows Removed by Filter: 26171877
Planning time: 0.379 ms
Execution time: 15085.769 ms
