Seq Scan on movie_keyword mk  (cost=0.00..81003.12 rows=246 width=0) (actual time=44.883..1334.896 rows=64 loops=1)
  Filter: (keyword_id = 36090)
  Rows Removed by Filter: 4523866
Planning time: 0.358 ms
Execution time: 1335.043 ms
