Hash Join  (cost=975150.28..1138589.93 rows=2936970 width=0) (actual time=20127.164..25403.060 rows=4525370 loops=1)
  Hash Cond: (mk.movie_id = t.id)
  ->  Seq Scan on movie_keyword mk  (cost=0.00..69693.30 rows=4523930 width=4) (actual time=0.016..1405.605 rows=4523930 loops=1)
  ->  Hash  (cost=948218.05..948218.05 rows=1641539 width=8) (actual time=20126.245..20126.245 rows=1703543 loops=1)
        Buckets: 131072  Batches: 32  Memory Usage: 3094kB
        ->  Hash Join  (cost=102767.86..948218.05 rows=1641539 width=8) (actual time=15373.850..19612.033 rows=1703543 loops=1)
              Hash Cond: (ci.movie_id = t.id)
              ->  Seq Scan on cast_info ci  (cost=0.00..796071.18 rows=1641539 width=4) (actual time=13407.371..15107.789 rows=1703543 loops=1)
                    Filter: ((person_id < 3665764) AND (role_id = 8))
                    Rows Removed by Filter: 34540801
              ->  Hash  (cost=61283.27..61283.27 rows=2528527 width=4) (actual time=1965.223..1965.223 rows=2528312 loops=1)
                    Buckets: 131072  Batches: 64  Memory Usage: 2415kB
                    ->  Seq Scan on title t  (cost=0.00..61283.27 rows=2528527 width=4) (actual time=0.019..1098.098 rows=2528312 loops=1)
Planning time: 1.154 ms
Execution time: 25859.594 ms
