Hash Join  (cost=78473.92..162899.68 rows=15409 width=0) (actual time=1371.403..2812.800 rows=7874 loops=1)
  Hash Cond: (mk.movie_id = t.id)
  ->  Seq Scan on movie_keyword mk  (cost=0.00..81003.12 rows=58811 width=4) (actual time=0.045..1296.147 rows=58448 loops=1)
        Filter: (keyword_id = 16264)
        Rows Removed by Filter: 4465482
  ->  Hash  (cost=67604.59..67604.59 rows=662507 width=4) (actual time=1369.167..1369.167 rows=662065 loops=1)
        Buckets: 131072  Batches: 16  Memory Usage: 2488kB
        ->  Seq Scan on title t  (cost=0.00..67604.59 rows=662507 width=4) (actual time=0.034..1143.348 rows=662065 loops=1)
              Filter: (production_year > 2008)
              Rows Removed by Filter: 1866247
Planning time: 0.742 ms
Execution time: 2814.107 ms
