Hash Join  (cost=102392.25..158962.61 rows=18020 width=0) (actual time=1586.290..2851.742 rows=60708 loops=1)
  Hash Cond: (mc.movie_id = t.id)
  ->  Seq Scan on movie_companies mc  (cost=0.00..51404.11 rows=1329612 width=4) (actual time=0.026..949.782 rows=1334883 loops=1)
        Filter: (company_type_id > 1)
        Rows Removed by Filter: 1274246
  ->  Hash  (cost=101963.90..101963.90 rows=34268 width=8) (actual time=1585.868..1585.868 rows=37971 loops=1)
        Buckets: 65536  Batches: 1  Memory Usage: 1996kB
        ->  Hash Join  (cost=74710.74..101963.90 rows=34268 width=8) (actual time=1099.025..1573.872 rows=37971 loops=1)
              Hash Cond: (mi_idx.movie_id = t.id)
              ->  Seq Scan on movie_info_idx mi_idx  (cost=0.00..21735.35 rows=1380035 width=4) (actual time=0.019..195.275 rows=1380035 loops=1)
              ->  Hash  (cost=73925.90..73925.90 rows=62787 width=4) (actual time=1098.635..1098.635 rows=53770 loops=1)
                    Buckets: 65536  Batches: 1  Memory Usage: 2403kB
                    ->  Seq Scan on title t  (cost=0.00..73925.90 rows=62787 width=4) (actual time=0.050..1076.227 rows=53770 loops=1)
                          Filter: ((kind_id < 7) AND (production_year = 2011))
                          Rows Removed by Filter: 2474542
Planning time: 3.371 ms
Execution time: 2860.049 ms
