Hash Join  (cost=74251.33..456995.21 rows=97569 width=0) (actual time=1002.822..11044.445 rows=910103 loops=1)
  Hash Cond: (mi.movie_id = t.id)
  ->  Seq Scan on movie_info mi  (cost=0.00..346232.03 rows=9476311 width=4) (actual time=0.019..6340.795 rows=9565151 loops=1)
        Filter: (info_type_id < 16)
        Rows Removed by Filter: 5270569
  ->  Hash  (cost=73925.90..73925.90 rows=26034 width=4) (actual time=1002.542..1002.542 rows=98576 loops=1)
        Buckets: 131072 (originally 32768)  Batches: 2 (originally 1)  Memory Usage: 3073kB
        ->  Seq Scan on title t  (cost=0.00..73925.90 rows=26034 width=4) (actual time=0.012..963.581 rows=98576 loops=1)
              Filter: ((production_year < 1924) AND (kind_id = 1))
              Rows Removed by Filter: 2429736
Planning time: 0.798 ms
Execution time: 11156.488 ms
