Hash Join  (cost=171257.35..522602.33 rows=5743 width=0) (actual time=7374.628..8754.697 rows=21007 loops=1)
  Hash Cond: (mi.movie_id = t.id)
  ->  Seq Scan on movie_info mi  (cost=0.00..346232.03 rows=1348138 width=4) (actual time=4386.872..5497.105 rows=1298989 loops=1)
        Filter: (info_type_id = 4)
        Rows Removed by Filter: 13536731
  ->  Hash  (cost=171122.72..171122.72 rows=10771 width=8) (actual time=2986.206..2986.206 rows=18719 loops=1)
        Buckets: 32768 (originally 16384)  Batches: 1 (originally 1)  Memory Usage: 988kB
        ->  Hash Join  (cost=86588.55..171122.72 rows=10771 width=8) (actual time=1544.190..2979.874 rows=18719 loops=1)
              Hash Cond: (mk.movie_id = t.id)
              ->  Seq Scan on movie_keyword mk  (cost=0.00..81003.12 rows=35287 width=4) (actual time=0.064..1307.333 rows=29440 loops=1)
                    Filter: (keyword_id = 359)
                    Rows Removed by Filter: 4494490
              ->  Hash  (cost=73925.90..73925.90 rows=771812 width=4) (actual time=1542.569..1542.569 rows=670353 loops=1)
                    Buckets: 131072  Batches: 16  Memory Usage: 2504kB
                    ->  Seq Scan on title t  (cost=0.00..73925.90 rows=771812 width=4) (actual time=0.029..1333.065 rows=670353 loops=1)
                          Filter: ((kind_id < 4) AND (production_year > 1954))
                          Rows Removed by Filter: 1857959
Planning time: 1.243 ms
Execution time: 8758.424 ms
