Hash Join  (cost=52284.08..138942.29 rows=18 width=0) (actual time=1150.443..2561.536 rows=26 loops=1)
  Hash Cond: (mk.movie_id = t.id)
  ->  Seq Scan on movie_keyword mk  (cost=0.00..69693.30 rows=4523930 width=4) (actual time=0.019..972.410 rows=4523930 loops=1)
  ->  Hash  (cost=52283.95..52283.95 rows=10 width=8) (actual time=838.040..838.040 rows=4 loops=1)
        Buckets: 1024  Batches: 1  Memory Usage: 9kB
        ->  Nested Loop  (cost=0.43..52283.95 rows=10 width=8) (actual time=35.774..838.019 rows=4 loops=1)
              ->  Seq Scan on movie_companies mc  (cost=0.00..51404.11 rows=104 width=4) (actual time=5.035..834.597 rows=23 loops=1)
                    Filter: (company_id = 27122)
                    Rows Removed by Filter: 2609106
              ->  Index Scan using title_pkey on title t  (cost=0.43..8.45 rows=1 width=4) (actual time=0.143..0.144 rows=0 loops=23)
                    Index Cond: (id = mc.movie_id)
                    Filter: (production_year > 2011)
                    Rows Removed by Filter: 1
Planning time: 1.153 ms
Execution time: 2561.709 ms
