Seq Scan on movie_keyword mk  (cost=0.00..81003.12 rows=246 width=0) (actual time=0.340..1301.291 rows=1671 loops=1)
  Filter: (keyword_id = 2337)
  Rows Removed by Filter: 4522259
Planning time: 0.358 ms
Execution time: 1301.897 ms
