Hash Join  (cost=75580.59..946849.76 rows=249442 width=0) (actual time=1167.703..18539.065 rows=244891 loops=1)
  Hash Cond: (ci.movie_id = t.id)
  ->  Seq Scan on cast_info ci  (cost=0.00..796071.18 rows=6253751 width=4) (actual time=0.071..13492.363 rows=10645750 loops=1)
        Filter: ((person_id > 2248872) AND (role_id > 2))
        Rows Removed by Filter: 25598594
  ->  Hash  (cost=73925.90..73925.90 rows=100855 width=4) (actual time=1166.784..1166.784 rows=111586 loops=1)
        Buckets: 131072  Batches: 2  Memory Usage: 2982kB
        ->  Seq Scan on title t  (cost=0.00..73925.90 rows=100855 width=4) (actual time=98.837..1126.666 rows=111586 loops=1)
              Filter: ((production_year < 2012) AND (kind_id = 4))
              Rows Removed by Filter: 2416726
Planning time: 0.830 ms
Execution time: 18572.854 ms
