Hash Join  (cost=709678.15..1060931.50 rows=265 width=0) (actual time=14525.241..17199.309 rows=265 loops=1)
  Hash Cond: (mi.movie_id = t.id)
  ->  Seq Scan on movie_info mi  (cost=0.00..346232.03 rows=1338312 width=4) (actual time=3431.404..5899.454 rows=1401902 loops=1)
        Filter: (info_type_id = 7)
        Rows Removed by Filter: 13433818
  ->  Hash  (cost=709671.90..709671.90 rows=500 width=8) (actual time=11093.114..11093.114 rows=332 loops=1)
        Buckets: 1024  Batches: 1  Memory Usage: 21kB
        ->  Nested Loop  (cost=0.43..709671.90 rows=500 width=8) (actual time=2346.192..11092.937 rows=332 loops=1)
              ->  Seq Scan on cast_info ci  (cost=0.00..705507.15 rows=500 width=4) (actual time=2345.636..11088.329 rows=332 loops=1)
                    Filter: (person_id = 1675764)
                    Rows Removed by Filter: 36244012
              ->  Index Only Scan using title_pkey on title t  (cost=0.43..8.32 rows=1 width=4) (actual time=0.013..0.013 rows=1 loops=332)
                    Index Cond: (id = ci.movie_id)
                    Heap Fetches: 332
Planning time: 1.159 ms
Execution time: 17199.448 ms
