Hash Join  (cost=52284.70..138943.44 rows=70 width=0) (actual time=850.810..2567.349 rows=3359 loops=1)
  Hash Cond: (mk.movie_id = t.id)
  ->  Seq Scan on movie_keyword mk  (cost=0.00..69693.30 rows=4523930 width=4) (actual time=0.022..980.081 rows=4523930 loops=1)
  ->  Hash  (cost=52284.21..52284.21 rows=39 width=8) (actual time=785.132..785.132 rows=529 loops=1)
        Buckets: 1024  Batches: 1  Memory Usage: 29kB
        ->  Nested Loop  (cost=0.43..52284.21 rows=39 width=8) (actual time=0.494..784.735 rows=529 loops=1)
              ->  Seq Scan on movie_companies mc  (cost=0.00..51404.11 rows=104 width=4) (actual time=0.453..752.329 rows=1228 loops=1)
                    Filter: (company_id = 63)
                    Rows Removed by Filter: 2607901
              ->  Index Scan using title_pkey on title t  (cost=0.43..8.45 rows=1 width=4) (actual time=0.025..0.025 rows=0 loops=1228)
                    Index Cond: (id = mc.movie_id)
                    Filter: ((kind_id < 6) AND (production_year > 1903))
                    Rows Removed by Filter: 1
Planning time: 2.536 ms
Execution time: 2567.985 ms
