Hash Join  (cost=106561.27..218649.67 rows=2450146 width=0) (actual time=2291.971..5739.255 rows=2421248 loops=1)
  Hash Cond: (mc.movie_id = t.id)
  ->  Seq Scan on movie_companies mc  (cost=0.00..44881.29 rows=2609129 width=4) (actual time=0.025..977.269 rows=2609129 loops=1)
  ->  Hash  (cost=67604.59..67604.59 rows=2374455 width=4) (actual time=2290.762..2290.762 rows=2370958 loops=1)
        Buckets: 131072  Batches: 32  Memory Usage: 3631kB
        ->  Seq Scan on title t  (cost=0.00..67604.59 rows=2374455 width=4) (actual time=0.027..1516.862 rows=2370958 loops=1)
              Filter: (production_year > 1919)
              Rows Removed by Filter: 157354
Planning time: 1.385 ms
Execution time: 6023.224 ms
