Seq Scan on movie_keyword mk  (cost=0.00..81003.12 rows=3275607 width=0) (actual time=0.024..1605.921 rows=3263261 loops=1)
  Filter: (keyword_id < 14225)
  Rows Removed by Filter: 1260669
Planning time: 0.352 ms
Execution time: 2018.129 ms
