Seq Scan on movie_companies mc  (cost=0.00..57926.93 rows=53 width=0) (actual time=489.260..1099.705 rows=6 loops=1)
  Filter: ((company_type_id > 1) AND (company_id = 33638))
  Rows Removed by Filter: 2609123
Planning time: 5.766 ms
Execution time: 1099.818 ms
