Seq Scan on movie_companies mc  (cost=0.00..51404.11 rows=104 width=0) (actual time=0.205..842.430 rows=558 loops=1)
  Filter: (company_id = 711)
  Rows Removed by Filter: 2608571
Planning time: 0.356 ms
Execution time: 842.688 ms
