Hash Join  (cost=102767.86..1197931.95 rows=12019256 width=0) (actual time=1910.366..30029.232 rows=11542453 loops=1)
  Hash Cond: (ci.movie_id = t.id)
  ->  Seq Scan on cast_info ci  (cost=0.00..796071.18 rows=12019256 width=4) (actual time=0.023..17911.234 rows=11542453 loops=1)
        Filter: ((person_id < 3951950) AND (role_id > 3))
        Rows Removed by Filter: 24701891
  ->  Hash  (cost=61283.27..61283.27 rows=2528527 width=4) (actual time=1909.171..1909.171 rows=2528312 loops=1)
        Buckets: 131072  Batches: 64  Memory Usage: 2415kB
        ->  Seq Scan on title t  (cost=0.00..61283.27 rows=2528527 width=4) (actual time=0.015..1049.619 rows=2528312 loops=1)
Planning time: 2.886 ms
Execution time: 31346.266 ms
