Seq Scan on movie_companies mc  (cost=0.00..57926.93 rows=1188546 width=0) (actual time=0.018..1141.069 rows=1127374 loops=1)
  Filter: ((company_id > 46) AND (company_type_id < 2))
  Rows Removed by Filter: 1481755
Planning time: 0.338 ms
Execution time: 1283.828 ms
