Seq Scan on cast_info ci  (cost=0.00..796071.18 rows=4009733 width=0) (actual time=3553.834..13064.083 rows=8161302 loops=1)
  Filter: ((person_id < 1112044) AND (role_id < 2))
  Rows Removed by Filter: 28083042
Planning time: 0.334 ms
Execution time: 14031.259 ms
