Hash Join  (cost=75818.69..1183304.51 rows=7172666 width=0) (actual time=1556.046..33654.048 rows=5737161 loops=1)
  Hash Cond: (ci.movie_id = t.id)
  ->  Seq Scan on cast_info ci  (cost=0.00..614943.12 rows=36225612 width=4) (actual time=0.009..12701.197 rows=36244344 loops=1)
  ->  Hash  (cost=67604.59..67604.59 rows=500648 width=4) (actual time=1555.117..1555.117 rows=494029 loops=1)
        Buckets: 131072  Batches: 8  Memory Usage: 3188kB
        ->  Seq Scan on title t  (cost=0.00..67604.59 rows=500648 width=4) (actual time=0.015..1076.141 rows=494029 loops=1)
              Filter: (production_year < 1979)
              Rows Removed by Filter: 2034283
Planning time: 3.193 ms
Execution time: 34360.277 ms
