Seq Scan on cast_info ci  (cost=0.00..796071.18 rows=5 width=0) (actual time=1618.983..11966.329 rows=2 loops=1)
  Filter: ((role_id > 10) AND (person_id = 2958788))
  Rows Removed by Filter: 36244342
Planning time: 2.489 ms
Execution time: 11966.456 ms
