Hash Join  (cost=83072.30..447728.28 rows=4 width=0) (actual time=4473.353..6604.793 rows=6 loops=1)
  Hash Cond: (mi.movie_id = t.id)
  ->  Seq Scan on movie_info mi  (cost=0.00..309384.22 rows=14739122 width=4) (actual time=0.023..3706.773 rows=14835720 loops=1)
  ->  Hash  (cost=83072.29..83072.29 rows=1 width=8) (actual time=549.762..549.762 rows=1 loops=1)
        Buckets: 1024  Batches: 1  Memory Usage: 9kB
        ->  Nested Loop  (cost=0.43..83072.29 rows=1 width=8) (actual time=375.205..549.746 rows=1 loops=1)
              ->  Seq Scan on movie_keyword mk  (cost=0.00..81003.12 rows=246 width=4) (actual time=3.270..546.317 rows=136 loops=1)
                    Filter: (keyword_id = 10171)
                    Rows Removed by Filter: 4523794
              ->  Index Scan using title_pkey on title t  (cost=0.43..8.40 rows=1 width=4) (actual time=0.024..0.024 rows=0 loops=136)
                    Index Cond: (id = mk.movie_id)
                    Filter: (production_year = 1992)
                    Rows Removed by Filter: 1
Planning time: 1.192 ms
Execution time: 6604.927 ms
