Hash Join  (cost=83074.74..833899.15 rows=3524 width=0) (actual time=1256.494..16969.247 rows=3474 loops=1)
  Hash Cond: (ci.movie_id = t.id)
  ->  Seq Scan on cast_info ci  (cost=0.00..614943.12 rows=36225612 width=4) (actual time=0.021..8878.324 rows=36244344 loops=1)
  ->  Hash  (cost=83071.67..83071.67 rows=246 width=8) (actual time=1250.936..1250.936 rows=65 loops=1)
        Buckets: 1024  Batches: 1  Memory Usage: 11kB
        ->  Nested Loop  (cost=0.43..83071.67 rows=246 width=8) (actual time=46.626..1250.818 rows=65 loops=1)
              ->  Seq Scan on movie_keyword mk  (cost=0.00..81003.12 rows=246 width=4) (actual time=46.524..1241.889 rows=65 loops=1)
                    Filter: (keyword_id = 8140)
                    Rows Removed by Filter: 4523865
              ->  Index Only Scan using title_pkey on title t  (cost=0.43..8.40 rows=1 width=4) (actual time=0.130..0.131 rows=1 loops=65)
                    Index Cond: (id = mk.movie_id)
                    Heap Fetches: 65
Planning time: 1.234 ms
Execution time: 16971.334 ms
