Hash Join  (cost=82805.75..172748.38 rows=127976 width=0) (actual time=1431.936..3683.831 rows=189467 loops=1)
  Hash Cond: (mk.movie_id = t.id)
  ->  Seq Scan on movie_keyword mk  (cost=0.00..81003.12 rows=349264 width=4) (actual time=0.029..1254.415 rows=363692 loops=1)
        Filter: (keyword_id < 335)
        Rows Removed by Filter: 4160238
  ->  Hash  (cost=67604.59..67604.59 rows=926493 width=4) (actual time=1431.106..1431.106 rows=924605 loops=1)
        Buckets: 131072  Batches: 16  Memory Usage: 3063kB
        ->  Seq Scan on title t  (cost=0.00..67604.59 rows=926493 width=4) (actual time=0.020..1098.503 rows=924605 loops=1)
              Filter: (production_year < 1998)
              Rows Removed by Filter: 1603707
Planning time: 0.703 ms
Execution time: 3707.278 ms
