Seq Scan on movie_companies mc  (cost=0.00..57926.93 rows=53 width=0) (actual time=379.711..929.723 rows=87 loops=1)
  Filter: ((company_type_id > 1) AND (company_id = 95349))
  Rows Removed by Filter: 2609042
Planning time: 0.283 ms
Execution time: 929.849 ms
