Seq Scan on cast_info ci  (cost=0.00..796071.18 rows=2712059 width=42) (actual time=6329.226..14409.997 rows=2241 loops=1)
  Filter: ((person_id < 1323260) AND (role_id = 2))
  Rows Removed by Filter: 36242103
Planning time: 0.721 ms
Execution time: 14410.224 ms
