Nested Loop  (cost=0.43..150033.58 rows=10707 width=0) (actual time=0.120..2494.742 rows=10307 loops=1)
  ->  Seq Scan on movie_keyword mk  (cost=0.00..81003.12 rows=10707 width=4) (actual time=0.072..1317.256 rows=10307 loops=1)
        Filter: (keyword_id = 870)
        Rows Removed by Filter: 4513623
  ->  Index Only Scan using title_pkey on title t  (cost=0.43..6.44 rows=1 width=4) (actual time=0.113..0.113 rows=1 loops=10307)
        Index Cond: (id = mk.movie_id)
        Heap Fetches: 10307
Planning time: 0.686 ms
Execution time: 2498.022 ms
