Hash Join  (cost=161938.76..519542.66 rows=39880 width=0) (actual time=4772.766..9253.926 rows=269225 loops=1)
  Hash Cond: (mi.movie_id = t.id)
  ->  Seq Scan on movie_info mi  (cost=0.00..346232.03 rows=2194617 width=4) (actual time=1622.912..5676.114 rows=2233850 loops=1)
        Filter: (info_type_id > 16)
        Rows Removed by Filter: 12601870
  ->  Hash  (cost=161364.42..161364.42 rows=45947 width=8) (actual time=3090.820..3090.820 rows=29821 loops=1)
        Buckets: 65536  Batches: 1  Memory Usage: 1677kB
        ->  Hash Join  (cost=74246.92..161364.42 rows=45947 width=8) (actual time=1224.463..3080.169 rows=29821 loops=1)
              Hash Cond: (mk.movie_id = t.id)
              ->  Seq Scan on movie_keyword mk  (cost=0.00..69693.30 rows=4523930 width=4) (actual time=0.021..959.661 rows=4523930 loops=1)
              ->  Hash  (cost=73925.90..73925.90 rows=25681 width=4) (actual time=1223.685..1223.685 rows=23707 loops=1)
                    Buckets: 32768  Batches: 1  Memory Usage: 1090kB
                    ->  Seq Scan on title t  (cost=0.00..73925.90 rows=25681 width=4) (actual time=0.021..1213.429 rows=23707 loops=1)
                          Filter: ((kind_id < 7) AND (production_year = 2013))
                          Rows Removed by Filter: 2504605
Planning time: 3.838 ms
Execution time: 9286.727 ms
