Seq Scan on movie_companies mc  (cost=0.00..51404.11 rows=481293 width=0) (actual time=0.026..838.846 rows=475058 loops=1)
  Filter: (company_id < 420)
  Rows Removed by Filter: 2134071
Planning time: 0.304 ms
Execution time: 900.274 ms
