Hash Join  (cost=326198.57..1046568.33 rows=19092103 width=0) (actual time=7760.219..60306.697 rows=169182270 loops=1)
  Hash Cond: (mi.movie_id = t.id)
  ->  Seq Scan on movie_info mi  (cost=0.00..309384.22 rows=14739122 width=4) (actual time=0.019..5941.086 rows=14835720 loops=1)
  ->  Hash  (cost=272462.45..272462.45 rows=3275290 width=8) (actual time=7758.819..7758.819 rows=3262840 loops=1)
        Buckets: 131072  Batches: 64  Memory Usage: 3112kB
        ->  Hash Join  (cost=102767.86..272462.45 rows=3275290 width=8) (actual time=1964.871..6799.037 rows=3262840 loops=1)
              Hash Cond: (mk.movie_id = t.id)
              ->  Seq Scan on movie_keyword mk  (cost=0.00..81003.12 rows=3275290 width=4) (actual time=0.024..1695.018 rows=3262840 loops=1)
                    Filter: (keyword_id < 14219)
                    Rows Removed by Filter: 1261090
              ->  Hash  (cost=61283.27..61283.27 rows=2528527 width=4) (actual time=1962.886..1962.886 rows=2528312 loops=1)
                    Buckets: 131072  Batches: 64  Memory Usage: 2425kB
                    ->  Seq Scan on title t  (cost=0.00..61283.27 rows=2528527 width=4) (actual time=0.017..1104.074 rows=2528312 loops=1)
Planning time: 1.127 ms
Execution time: 79079.095 ms
