Hash Join  (cost=114767.62..184218.75 rows=69725 width=0) (actual time=2286.227..3884.355 rows=131600 loops=1)
  Hash Cond: (mc.movie_id = t.id)
  ->  Seq Scan on movie_companies mc  (cost=0.00..51404.11 rows=1459671 width=4) (actual time=0.024..1055.761 rows=1463191 loops=1)
        Filter: (company_id > 8799)
        Rows Removed by Filter: 1145938
  ->  Hash  (cost=112785.85..112785.85 rows=120782 width=8) (actual time=2285.184..2285.184 rows=84174 loops=1)
        Buckets: 131072  Batches: 2  Memory Usage: 2665kB
        ->  Hash Join  (cost=78473.92..112785.85 rows=120782 width=8) (actual time=1414.866..2256.441 rows=84174 loops=1)
              Hash Cond: (mi_idx.movie_id = t.id)
              ->  Seq Scan on movie_info_idx mi_idx  (cost=0.00..25185.44 rows=460978 width=4) (actual time=0.022..496.202 rows=459925 loops=1)
                    Filter: (info_type_id < 100)
                    Rows Removed by Filter: 920110
              ->  Hash  (cost=67604.59..67604.59 rows=662507 width=4) (actual time=1413.734..1413.734 rows=662065 loops=1)
                    Buckets: 131072  Batches: 16  Memory Usage: 2481kB
                    ->  Seq Scan on title t  (cost=0.00..67604.59 rows=662507 width=4) (actual time=0.013..1200.135 rows=662065 loops=1)
                          Filter: (production_year > 2008)
                          Rows Removed by Filter: 1866247
Planning time: 1.233 ms
Execution time: 3900.340 ms
