Hash Join  (cost=102767.86..228458.23 rows=1446600 width=0) (actual time=1879.821..5341.016 rows=1458414 loops=1)
  Hash Cond: (mk.movie_id = t.id)
  ->  Seq Scan on movie_keyword mk  (cost=0.00..81003.12 rows=1446600 width=4) (actual time=0.026..1600.061 rows=1458414 loops=1)
        Filter: (keyword_id > 11408)
        Rows Removed by Filter: 3065516
  ->  Hash  (cost=61283.27..61283.27 rows=2528527 width=4) (actual time=1877.309..1877.309 rows=2528312 loops=1)
        Buckets: 131072  Batches: 64  Memory Usage: 2425kB
        ->  Seq Scan on title t  (cost=0.00..61283.27 rows=2528527 width=4) (actual time=2.846..1030.673 rows=2528312 loops=1)
Planning time: 0.727 ms
Execution time: 5516.682 ms
