Hash Join  (cost=211857.32..282092.21 rows=227659 width=0) (actual time=5017.894..6993.710 rows=2794484 loops=1)
  Hash Cond: (mc.movie_id = t.id)
  ->  Seq Scan on movie_companies mc  (cost=0.00..51404.11 rows=1279517 width=4) (actual time=155.314..1063.080 rows=1274246 loops=1)
        Filter: (company_type_id < 2)
        Rows Removed by Filter: 1334883
  ->  Hash  (cost=204475.70..204475.70 rows=449890 width=8) (actual time=4763.461..4763.461 rows=449145 loops=1)
        Buckets: 131072  Batches: 8  Memory Usage: 3244kB
        ->  Hash Join  (cost=102767.86..204475.70 rows=449890 width=8) (actual time=1963.771..4633.010 rows=449145 loops=1)
              Hash Cond: (mk.movie_id = t.id)
              ->  Seq Scan on movie_keyword mk  (cost=0.00..81003.12 rows=449890 width=4) (actual time=0.027..1376.657 rows=449145 loops=1)
                    Filter: (keyword_id > 39559)
                    Rows Removed by Filter: 4074785
              ->  Hash  (cost=61283.27..61283.27 rows=2528527 width=4) (actual time=1961.628..1961.628 rows=2528312 loops=1)
                    Buckets: 131072  Batches: 64  Memory Usage: 2425kB
                    ->  Seq Scan on title t  (cost=0.00..61283.27 rows=2528527 width=4) (actual time=0.014..1026.321 rows=2528312 loops=1)
Planning time: 1.115 ms
Execution time: 7272.996 ms
