Hash Join  (cost=157392.91..197421.34 rows=136095 width=0) (actual time=3270.024..4383.467 rows=434586 loops=1)
  Hash Cond: (mi_idx.movie_id = t.id)
  ->  Seq Scan on movie_info_idx mi_idx  (cost=0.00..21735.35 rows=1380035 width=4) (actual time=0.017..435.629 rows=1380035 loops=1)
  ->  Hash  (cost=153300.96..153300.96 rows=249356 width=8) (actual time=3269.091..3269.091 rows=233683 loops=1)
        Buckets: 131072  Batches: 4  Memory Usage: 3276kB
        ->  Hash Join  (cost=80562.70..153300.96 rows=249356 width=8) (actual time=1371.739..3195.335 rows=233683 loops=1)
              Hash Cond: (mc.movie_id = t.id)
              ->  Seq Scan on movie_companies mc  (cost=0.00..57926.93 rows=798338 width=4) (actual time=0.025..987.486 rows=1096328 loops=1)
                    Filter: ((company_id < 16973) AND (company_type_id = 1))
                    Rows Removed by Filter: 1512801
              ->  Hash  (cost=67604.59..67604.59 rows=789769 width=4) (actual time=1370.937..1370.937 rows=784926 loops=1)
                    Buckets: 131072  Batches: 16  Memory Usage: 2749kB
                    ->  Seq Scan on title t  (cost=0.00..67604.59 rows=789769 width=4) (actual time=0.022..1106.312 rows=784926 loops=1)
                          Filter: (production_year > 2007)
                          Rows Removed by Filter: 1743386
Planning time: 1.118 ms
Execution time: 4437.994 ms
