Seq Scan on cast_info ci  (cost=0.00..796071.18 rows=15274994 width=0) (actual time=0.026..14742.010 rows=17344609 loops=1)
  Filter: ((person_id < 1918956) AND (role_id < 8))
  Rows Removed by Filter: 18899735
Planning time: 0.375 ms
Execution time: 16907.206 ms
