Hash Join  (cost=171645.95..258934.87 rows=822887 width=0) (actual time=4112.513..6767.610 rows=1417068 loops=1)
  Hash Cond: (mc.movie_id = t.id)
  ->  Seq Scan on movie_companies mc  (cost=0.00..51404.11 rows=2048517 width=4) (actual time=0.016..1189.313 rows=2043435 loops=1)
        Filter: (company_id < 71508)
        Rows Removed by Filter: 565694
  ->  Hash  (cost=154981.62..154981.62 rows=1015706 width=8) (actual time=4111.671..4111.671 rows=750135 loops=1)
        Buckets: 131072  Batches: 16  Memory Usage: 2867kB
        ->  Hash Join  (cost=98137.04..154981.62 rows=1015706 width=8) (actual time=1898.788..3871.394 rows=750135 loops=1)
              Hash Cond: (mi_idx.movie_id = t.id)
              ->  Seq Scan on movie_info_idx mi_idx  (cost=0.00..21735.35 rows=1380035 width=4) (actual time=0.017..482.002 rows=1380035 loops=1)
              ->  Hash  (cost=67604.59..67604.59 rows=1860996 width=4) (actual time=1897.753..1897.753 rows=1865487 loops=1)
                    Buckets: 131072  Batches: 32  Memory Usage: 3079kB
                    ->  Seq Scan on title t  (cost=0.00..67604.59 rows=1860996 width=4) (actual time=0.014..1287.176 rows=1865487 loops=1)
                          Filter: (kind_id > 1)
                          Rows Removed by Filter: 662825
Planning time: 1.149 ms
Execution time: 6943.032 ms
