Hash Join  (cost=344868.76..893196.36 rows=9208325 width=0) (actual time=8327.110..50429.183 rows=137870138 loops=1)
  Hash Cond: (mi.movie_id = t.id)
  ->  Seq Scan on movie_info mi  (cost=0.00..346232.03 rows=6231111 width=4) (actual time=158.017..6489.756 rows=6223494 loops=1)
        Filter: (info_type_id > 8)
        Rows Removed by Filter: 8612226
  ->  Hash  (cost=283563.59..283563.59 rows=3736653 width=8) (actual time=8167.212..8167.212 rows=3730856 loops=1)
        Buckets: 131072  Batches: 64  Memory Usage: 3406kB
        ->  Hash Join  (cost=102767.86..283563.59 rows=3736653 width=8) (actual time=2020.661..7163.148 rows=3730856 loops=1)
              Hash Cond: (mk.movie_id = t.id)
              ->  Seq Scan on movie_keyword mk  (cost=0.00..81003.12 rows=3736653 width=4) (actual time=0.028..1796.551 rows=3730856 loops=1)
                    Filter: (keyword_id < 23549)
                    Rows Removed by Filter: 793074
              ->  Hash  (cost=61283.27..61283.27 rows=2528527 width=4) (actual time=2019.333..2019.333 rows=2528312 loops=1)
                    Buckets: 131072  Batches: 64  Memory Usage: 2425kB
                    ->  Seq Scan on title t  (cost=0.00..61283.27 rows=2528527 width=4) (actual time=0.016..1206.501 rows=2528312 loops=1)
Planning time: 2.427 ms
Execution time: 66108.549 ms
