Hash Join  (cost=239818.96..854498.34 rows=10913555 width=0) (actual time=5633.775..31939.066 rows=55828951 loops=1)
  Hash Cond: (mi.movie_id = t.id)
  ->  Seq Scan on movie_info mi  (cost=0.00..309384.22 rows=14739122 width=4) (actual time=0.013..6366.218 rows=14835720 loops=1)
  ->  Hash  (cost=209101.92..209101.92 rows=1872243 width=8) (actual time=5632.543..5632.543 rows=1867850 loops=1)
        Buckets: 131072  Batches: 32  Memory Usage: 3344kB
        ->  Hash Join  (cost=102767.86..209101.92 rows=1872243 width=8) (actual time=1909.118..5112.316 rows=1867850 loops=1)
              Hash Cond: (mc.movie_id = t.id)
              ->  Seq Scan on movie_companies mc  (cost=0.00..51404.11 rows=1872243 width=4) (actual time=0.022..1094.714 rows=1867850 loops=1)
                    Filter: (company_id < 38522)
                    Rows Removed by Filter: 741279
              ->  Hash  (cost=61283.27..61283.27 rows=2528527 width=4) (actual time=1907.295..1907.295 rows=2528312 loops=1)
                    Buckets: 131072  Batches: 64  Memory Usage: 2415kB
                    ->  Seq Scan on title t  (cost=0.00..61283.27 rows=2528527 width=4) (actual time=0.024..1069.171 rows=2528312 loops=1)
Planning time: 1.060 ms
Execution time: 37722.447 ms
