Hash Join  (cost=162060.89..662290.60 rows=1914078 width=0) (actual time=3199.685..15346.118 rows=1655419 loops=1)
  Hash Cond: (mi.movie_id = t.id)
  ->  Seq Scan on movie_info mi  (cost=0.00..309384.22 rows=14739122 width=4) (actual time=0.014..5639.365 rows=14835720 loops=1)
  ->  Hash  (cost=156673.34..156673.34 rows=328364 width=8) (actual time=3189.151..3189.151 rows=195246 loops=1)
        Buckets: 131072  Batches: 8  Memory Usage: 1977kB
        ->  Hash Join  (cost=84171.54..156673.34 rows=328364 width=8) (actual time=2199.561..3124.511 rows=195246 loops=1)
              Hash Cond: (mc.movie_id = t.id)
              ->  Seq Scan on movie_companies mc  (cost=0.00..51404.11 rows=1329612 width=4) (actual time=0.018..1020.547 rows=1334883 loops=1)
                    Filter: (company_type_id = 2)
                    Rows Removed by Filter: 1274246
              ->  Hash  (cost=73925.90..73925.90 rows=624451 width=4) (actual time=1364.488..1364.488 rows=521141 loops=1)
                    Buckets: 131072  Batches: 16  Memory Usage: 2168kB
                    ->  Seq Scan on title t  (cost=0.00..73925.90 rows=624451 width=4) (actual time=0.024..1195.733 rows=521141 loops=1)
                          Filter: ((production_year < 2000) AND (kind_id = 7))
                          Rows Removed by Filter: 2007171
Planning time: 1.210 ms
Execution time: 15536.506 ms
