Hash Join  (cost=87539.85..1243462.21 rows=11887719 width=0) (actual time=1511.383..38781.082 rows=12196817 loops=1)
  Hash Cond: (ci.movie_id = t.id)
  ->  Seq Scan on cast_info ci  (cost=0.00..614943.12 rows=36225612 width=4) (actual time=0.017..13392.130 rows=36244344 loops=1)
  ->  Hash  (cost=73925.90..73925.90 rows=829756 width=4) (actual time=1510.682..1510.682 rows=744086 loops=1)
        Buckets: 131072  Batches: 16  Memory Usage: 2662kB
        ->  Seq Scan on title t  (cost=0.00..73925.90 rows=829756 width=4) (actual time=0.057..1267.046 rows=744086 loops=1)
              Filter: ((kind_id < 7) AND (production_year > 1967))
              Rows Removed by Filter: 1784226
Planning time: 0.695 ms
Execution time: 40102.098 ms
