Hash Join  (cost=129404.03..223695.62 rows=32105 width=0) (actual time=1957.557..4216.134 rows=779739 loops=1)
  Hash Cond: (mk.movie_id = t.id)
  ->  Seq Scan on movie_keyword mk  (cost=0.00..81003.12 rows=3457978 width=4) (actual time=0.024..1511.037 rows=3447767 loops=1)
        Filter: (keyword_id < 16424)
        Rows Removed by Filter: 1076163
  ->  Hash  (cost=129110.58..129110.58 rows=23476 width=8) (actual time=1956.506..1956.506 rows=41463 loops=1)
        Buckets: 65536 (originally 32768)  Batches: 1 (originally 1)  Memory Usage: 2132kB
        ->  Hash Join  (cost=74210.29..129110.58 rows=23476 width=8) (actual time=1020.423..1942.876 rows=41463 loops=1)
              Hash Cond: (mc.movie_id = t.id)
              ->  Seq Scan on movie_companies mc  (cost=0.00..44881.29 rows=2609129 width=4) (actual time=0.020..418.372 rows=2609129 loops=1)
              ->  Hash  (cost=73925.90..73925.90 rows=22751 width=4) (actual time=1019.871..1019.871 rows=18892 loops=1)
                    Buckets: 32768  Batches: 1  Memory Usage: 921kB
                    ->  Seq Scan on title t  (cost=0.00..73925.90 rows=22751 width=4) (actual time=0.080..1011.471 rows=18892 loops=1)
                          Filter: ((kind_id < 7) AND (production_year = 2001))
                          Rows Removed by Filter: 2509420
Planning time: 3.517 ms
Execution time: 4315.120 ms
