Hash Join  (cost=253959.57..834666.10 rows=7729670 width=0) (actual time=6660.004..58685.506 rows=180132433 loops=1)
  Hash Cond: (mi.movie_id = t.id)
  ->  Seq Scan on movie_info mi  (cost=0.00..309384.22 rows=14739122 width=4) (actual time=0.007..5915.080 rows=14835720 loops=1)
  ->  Hash  (cost=232204.06..232204.06 rows=1326041 width=8) (actual time=6658.081..6658.081 rows=2690626 loops=1)
        Buckets: 131072 (originally 131072)  Batches: 64 (originally 32)  Memory Usage: 3073kB
        ->  Hash Join  (cost=87344.71..232204.06 rows=1326041 width=8) (actual time=1512.549..5878.327 rows=2690626 loops=1)
              Hash Cond: (mk.movie_id = t.id)
              ->  Seq Scan on movie_keyword mk  (cost=0.00..81003.12 rows=4099418 width=4) (actual time=0.010..1791.729 rows=4087742 loops=1)
                    Filter: (keyword_id > 335)
                    Rows Removed by Filter: 436188
              ->  Hash  (cost=73925.90..73925.90 rows=817904 width=4) (actual time=1511.454..1511.454 rows=732135 loops=1)
                    Buckets: 131072  Batches: 16  Memory Usage: 2644kB
                    ->  Seq Scan on title t  (cost=0.00..73925.90 rows=817904 width=4) (actual time=0.029..1271.278 rows=732135 loops=1)
                          Filter: ((kind_id < 7) AND (production_year > 1969))
                          Rows Removed by Filter: 1796177
Planning time: 1.199 ms
Execution time: 77037.102 ms
