Hash Join  (cost=204048.26..967603.45 rows=356067 width=0) (actual time=4324.407..17200.295 rows=17683 loops=1)
  Hash Cond: (ci.movie_id = t.id)
  ->  Seq Scan on cast_info ci  (cost=0.00..705507.15 rows=4187076 width=4) (actual time=469.594..11827.312 rows=4058743 loops=1)
        Filter: (person_id < 389470)
        Rows Removed by Filter: 32185601
  ->  Hash  (cost=200520.46..200520.46 rows=215024 width=8) (actual time=3829.745..3829.745 rows=10498 loops=1)
        Buckets: 131072  Batches: 4  Memory Usage: 1121kB
        ->  Hash Join  (cost=75898.18..200520.46 rows=215024 width=8) (actual time=2783.995..3825.212 rows=10498 loops=1)
              Hash Cond: (mk.movie_id = t.id)
              ->  Seq Scan on movie_keyword mk  (cost=0.00..69693.30 rows=4523930 width=4) (actual time=0.016..1438.407 rows=4523930 loops=1)
              ->  Hash  (cost=73925.90..73925.90 rows=120182 width=4) (actual time=1122.855..1122.855 rows=17916 loops=1)
                    Buckets: 131072  Batches: 2  Memory Usage: 1346kB
                    ->  Seq Scan on title t  (cost=0.00..73925.90 rows=120182 width=4) (actual time=224.992..1114.307 rows=17916 loops=1)
                          Filter: ((production_year < 1955) AND (kind_id = 7))
                          Rows Removed by Filter: 2510396
Planning time: 1.153 ms
Execution time: 17202.924 ms
