Hash Join  (cost=95159.82..180449.07 rows=710161 width=0) (actual time=1939.998..3895.918 rows=444057 loops=1)
  Hash Cond: (mc.movie_id = t.id)
  ->  Seq Scan on movie_companies mc  (cost=0.00..57926.93 rows=1069139 width=4) (actual time=0.015..1108.899 rows=818424 loops=1)
        Filter: ((company_id < 73520) AND (company_type_id > 1))
        Rows Removed by Filter: 1790705
  ->  Hash  (cost=67604.59..67604.59 rows=1679539 width=4) (actual time=1938.943..1938.943 rows=1673541 loops=1)
        Buckets: 131072  Batches: 32  Memory Usage: 2866kB
        ->  Seq Scan on title t  (cost=0.00..67604.59 rows=1679539 width=4) (actual time=0.013..1409.406 rows=1673541 loops=1)
              Filter: (production_year > 1993)
              Rows Removed by Filter: 854771
Planning time: 0.472 ms
Execution time: 3950.791 ms
