Seq Scan on movie_keyword mk  (cost=0.00..81003.12 rows=3828493 width=0) (actual time=0.023..1556.099 rows=3831419 loops=1)
  Filter: (keyword_id > 571)
  Rows Removed by Filter: 692511
Planning time: 0.300 ms
Execution time: 2022.959 ms
