Seq Scan on cast_info ci  (cost=0.00..796071.18 rows=1994620 width=0) (actual time=7084.085..13809.701 rows=3573089 loops=1)
  Filter: ((person_id > 1941931) AND (role_id = 10))
  Rows Removed by Filter: 32671255
Planning time: 0.358 ms
Execution time: 14254.735 ms
