Hash Join  (cost=69374.09..529638.36 rows=404008 width=0) (actual time=1001.479..10215.170 rows=323414 loops=1)
  Hash Cond: (mi.movie_id = t.id)
  ->  Seq Scan on movie_info mi  (cost=0.00..346232.03 rows=9476311 width=4) (actual time=0.021..5593.183 rows=9565151 loops=1)
        Filter: (info_type_id < 16)
        Rows Removed by Filter: 5270569
  ->  Hash  (cost=67604.59..67604.59 rows=107800 width=4) (actual time=1000.697..1000.697 rows=108429 loops=1)
        Buckets: 131072  Batches: 2  Memory Usage: 2938kB
        ->  Seq Scan on title t  (cost=0.00..67604.59 rows=107800 width=4) (actual time=0.021..958.365 rows=108429 loops=1)
              Filter: (production_year = 2006)
              Rows Removed by Filter: 2419883
Planning time: 0.708 ms
Execution time: 10257.373 ms
