Hash Join  (cost=150477.06..639956.45 rows=906547 width=0) (actual time=3205.363..18058.657 rows=9814014 loops=1)
  Hash Cond: (mi.movie_id = t.id)
  ->  Seq Scan on movie_info mi  (cost=0.00..309384.22 rows=14739122 width=4) (actual time=0.010..5693.400 rows=14835720 loops=1)
  ->  Hash  (cost=147925.06..147925.06 rows=155520 width=8) (actual time=3204.724..3204.724 rows=190727 loops=1)
        Buckets: 131072  Batches: 4  Memory Usage: 2870kB
        ->  Hash Join  (cost=78968.55..147925.06 rows=155520 width=8) (actual time=1604.871..3157.830 rows=190727 loops=1)
              Hash Cond: (mc.movie_id = t.id)
              ->  Seq Scan on movie_companies mc  (cost=0.00..51404.11 rows=1279517 width=4) (actual time=388.629..962.886 rows=1274246 loops=1)
                    Filter: (company_type_id < 2)
                    Rows Removed by Filter: 1334883
              ->  Hash  (cost=73925.90..73925.90 rows=307332 width=4) (actual time=1215.400..1215.400 rows=252953 loops=1)
                    Buckets: 131072  Batches: 8  Memory Usage: 2127kB
                    ->  Seq Scan on title t  (cost=0.00..73925.90 rows=307332 width=4) (actual time=0.041..1134.579 rows=252953 loops=1)
                          Filter: ((kind_id < 4) AND (production_year > 2006))
                          Rows Removed by Filter: 2275359
Planning time: 0.989 ms
Execution time: 19173.708 ms
