Hash Join  (cost=67697.55..432786.99 rows=43351 width=0) (actual time=1077.699..8781.858 rows=86236 loops=1)
  Hash Cond: (mi.movie_id = t.id)
  ->  Seq Scan on movie_info mi  (cost=0.00..309384.22 rows=14739122 width=4) (actual time=0.011..4401.676 rows=14835720 loops=1)
  ->  Hash  (cost=67604.59..67604.59 rows=7437 width=4) (actual time=1076.583..1076.583 rows=11073 loops=1)
        Buckets: 16384 (originally 8192)  Batches: 1 (originally 1)  Memory Usage: 518kB
        ->  Seq Scan on title t  (cost=0.00..67604.59 rows=7437 width=4) (actual time=0.219..1070.915 rows=11073 loops=1)
              Filter: (production_year = 1961)
              Rows Removed by Filter: 2517239
Planning time: 0.729 ms
Execution time: 8798.829 ms
