Hash Join  (cost=102767.86..1456885.78 rows=26544663 width=0) (actual time=2004.260..39216.588 rows=26745160 loops=1)
  Hash Cond: (ci.movie_id = t.id)
  ->  Seq Scan on cast_info ci  (cost=0.00..705507.15 rows=26544663 width=4) (actual time=0.023..15490.910 rows=26745160 loops=1)
        Filter: (person_id > 934263)
        Rows Removed by Filter: 9499184
  ->  Hash  (cost=61283.27..61283.27 rows=2528527 width=4) (actual time=2003.302..2003.302 rows=2528312 loops=1)
        Buckets: 131072  Batches: 64  Memory Usage: 2415kB
        ->  Seq Scan on title t  (cost=0.00..61283.27 rows=2528527 width=4) (actual time=0.021..1144.590 rows=2528312 loops=1)
Planning time: 0.702 ms
Execution time: 42251.789 ms
