Seq Scan on movie_companies mc  (cost=0.00..57926.93 rows=51 width=0) (actual time=401.517..701.943 rows=108 loops=1)
  Filter: ((company_id = 13670) AND (company_type_id = 1))
  Rows Removed by Filter: 2609021
Planning time: 0.385 ms
Execution time: 702.082 ms
