Hash Join  (cost=77354.40..1141906.05 rows=2993148 width=0) (actual time=1229.241..29706.984 rows=2861830 loops=1)
  Hash Cond: (ci.movie_id = t.id)
  ->  Seq Scan on cast_info ci  (cost=0.00..614943.12 rows=36225612 width=4) (actual time=0.011..12917.801 rows=36244344 loops=1)
  ->  Hash  (cost=73925.90..73925.90 rows=208920 width=4) (actual time=1227.750..1227.750 rows=183835 loops=1)
        Buckets: 131072  Batches: 4  Memory Usage: 2649kB
        ->  Seq Scan on title t  (cost=0.00..73925.90 rows=208920 width=4) (actual time=0.016..1160.404 rows=183835 loops=1)
              Filter: ((kind_id < 7) AND (production_year > 2009))
              Rows Removed by Filter: 2344477
Planning time: 0.789 ms
Execution time: 30040.353 ms
