Hash Join  (cost=461433.00..542147.09 rows=410858 width=0) (actual time=8161.379..10986.186 rows=1416218 loops=1)
  Hash Cond: (mc.movie_id = t.id)
  ->  Seq Scan on movie_companies mc  (cost=0.00..44881.29 rows=2609129 width=4) (actual time=0.026..931.635 rows=2609129 loops=1)
  ->  Hash  (cost=454899.93..454899.93 rows=398165 width=8) (actual time=8160.408..8160.408 rows=657360 loops=1)
        Buckets: 131072 (originally 131072)  Batches: 16 (originally 8)  Memory Usage: 3073kB
        ->  Hash Join  (cost=86178.74..454899.93 rows=398165 width=8) (actual time=6451.295..7973.765 rows=657360 loops=1)
              Hash Cond: (mi.movie_id = t.id)
              ->  Seq Scan on movie_info mi  (cost=0.00..346232.03 rows=1348138 width=4) (actual time=4849.181..5467.272 rows=1298989 loops=1)
                    Filter: (info_type_id = 4)
                    Rows Removed by Filter: 13536731
              ->  Hash  (cost=73925.90..73925.90 rows=746787 width=4) (actual time=1601.220..1601.220 rows=650324 loops=1)
                    Buckets: 131072  Batches: 16  Memory Usage: 2462kB
                    ->  Seq Scan on title t  (cost=0.00..73925.90 rows=746787 width=4) (actual time=0.028..1349.621 rows=650324 loops=1)
                          Filter: ((kind_id < 7) AND (production_year > 1982))
                          Rows Removed by Filter: 1877988
Planning time: 1.124 ms
Execution time: 11162.378 ms
