Seq Scan on movie_companies mc  (cost=0.00..57926.93 rows=416975 width=0) (actual time=103.826..974.660 rows=597438 loops=1)
  Filter: ((company_id < 2281) AND (company_type_id < 2))
  Rows Removed by Filter: 2011691
Planning time: 0.332 ms
Execution time: 1054.611 ms
