Seq Scan on movie_companies mc  (cost=0.00..51404.11 rows=2117138 width=0) (actual time=0.043..1051.648 rows=2115396 loops=1)
  Filter: (company_id < 74486)
  Rows Removed by Filter: 493733
Planning time: 0.298 ms
Execution time: 1316.357 ms
