Hash Join  (cost=98137.04..1243348.63 rows=12473200 width=0) (actual time=6456.183..29256.712 rows=9787981 loops=1)
  Hash Cond: (ci.movie_id = t.id)
  ->  Seq Scan on cast_info ci  (cost=0.00..796071.18 rows=16947282 width=4) (actual time=3921.941..15720.910 rows=13451404 loops=1)
        Filter: ((person_id < 2703532) AND (role_id > 1))
        Rows Removed by Filter: 22792940
  ->  Hash  (cost=67604.59..67604.59 rows=1860996 width=4) (actual time=2533.269..2533.269 rows=1865487 loops=1)
        Buckets: 131072  Batches: 32  Memory Usage: 3079kB
        ->  Seq Scan on title t  (cost=0.00..67604.59 rows=1860996 width=4) (actual time=0.023..1250.329 rows=1865487 loops=1)
              Filter: (kind_id > 1)
              Rows Removed by Filter: 662825
Planning time: 1.010 ms
Execution time: 30242.858 ms
