Seq Scan on movie_keyword mk  (cost=0.00..81003.12 rows=246 width=0) (actual time=30.611..1234.534 rows=36 loops=1)
  Filter: (keyword_id = 29410)
  Rows Removed by Filter: 4523894
Planning time: 0.387 ms
Execution time: 1234.647 ms
