Hash Join  (cost=74419.77..101545.88 rows=21563 width=0) (actual time=1489.140..2150.589 rows=20015 loops=1)
  Hash Cond: (mi_idx.movie_id = t.id)
  ->  Seq Scan on movie_info_idx mi_idx  (cost=0.00..21735.35 rows=1380035 width=4) (actual time=0.026..293.127 rows=1380035 loops=1)
  ->  Hash  (cost=73925.90..73925.90 rows=39509 width=4) (actual time=1341.458..1341.458 rows=101191 loops=1)
        Buckets: 131072 (originally 65536)  Batches: 2 (originally 1)  Memory Usage: 3073kB
        ->  Seq Scan on title t  (cost=0.00..73925.90 rows=39509 width=4) (actual time=599.950..1086.422 rows=101191 loops=1)
              Filter: ((kind_id < 7) AND (production_year < 1925))
              Rows Removed by Filter: 2427121
Planning time: 0.752 ms
Execution time: 2153.802 ms
