Nested Loop  (cost=0.43..52284.21 rows=16 width=0) (actual time=362.751..800.708 rows=2 loops=1)
  ->  Seq Scan on movie_companies mc  (cost=0.00..51404.11 rows=104 width=4) (actual time=362.655..800.524 rows=2 loops=1)
        Filter: (company_id = 109960)
        Rows Removed by Filter: 2609127
  ->  Index Scan using title_pkey on title t  (cost=0.43..8.45 rows=1 width=4) (actual time=0.082..0.083 rows=1 loops=2)
        Index Cond: (id = mc.movie_id)
        Filter: ((kind_id < 7) AND (production_year < 1999))
Planning time: 0.745 ms
Execution time: 800.828 ms
