Hash Join  (cost=69002.72..100049.85 rows=15656 width=0) (actual time=1047.467..1672.677 rows=17034 loops=1)
  Hash Cond: (mi_idx.movie_id = t.id)
  ->  Seq Scan on movie_info_idx mi_idx  (cost=0.00..25185.44 rows=464566 width=4) (actual time=0.026..432.824 rows=459925 loops=1)
        Filter: (info_type_id = 101)
        Rows Removed by Filter: 920110
  ->  Hash  (cost=67604.59..67604.59 rows=85211 width=4) (actual time=1046.678..1046.678 rows=84593 loops=1)
        Buckets: 131072  Batches: 2  Memory Usage: 2518kB
        ->  Seq Scan on title t  (cost=0.00..67604.59 rows=85211 width=4) (actual time=0.023..1014.002 rows=84593 loops=1)
              Filter: (production_year = 2004)
              Rows Removed by Filter: 2443719
Planning time: 0.753 ms
Execution time: 1675.789 ms
