Hash Join  (cost=73944.12..100862.55 rows=795 width=0) (actual time=1092.576..1633.693 rows=2457 loops=1)
  Hash Cond: (mi_idx.movie_id = t.id)
  ->  Seq Scan on movie_info_idx mi_idx  (cost=0.00..21735.35 rows=1380035 width=4) (actual time=0.017..327.872 rows=1380035 loops=1)
  ->  Hash  (cost=73925.90..73925.90 rows=1457 width=4) (actual time=1030.426..1030.426 rows=1825 loops=1)
        Buckets: 2048  Batches: 1  Memory Usage: 81kB
        ->  Seq Scan on title t  (cost=0.00..73925.90 rows=1457 width=4) (actual time=390.065..1029.299 rows=1825 loops=1)
              Filter: ((kind_id = 2) AND (production_year = 1997))
              Rows Removed by Filter: 2526487
Planning time: 0.552 ms
Execution time: 1634.156 ms
