Seq Scan on movie_keyword mk  (cost=0.00..81003.12 rows=246 width=0) (actual time=1079.648..1289.853 rows=1 loops=1)
  Filter: (keyword_id = 25363)
  Rows Removed by Filter: 4523929
Planning time: 0.383 ms
Execution time: 1289.942 ms
