Hash Join  (cost=110768.91..216376.60 rows=74004 width=0) (actual time=2212.407..4298.628 rows=479222 loops=1)
  Hash Cond: (mk.movie_id = t.id)
  ->  Seq Scan on movie_keyword mk  (cost=0.00..81003.12 rows=2032673 width=4) (actual time=0.015..1357.106 rows=2039268 loops=1)
        Filter: (keyword_id > 6037)
        Rows Removed by Filter: 2484662
  ->  Hash  (cost=109258.20..109258.20 rows=92057 width=8) (actual time=2211.617..2211.617 rows=102409 loops=1)
        Buckets: 131072  Batches: 2  Memory Usage: 3035kB
        ->  Hash Join  (cost=75818.69..109258.20 rows=92057 width=8) (actual time=1304.427..2174.662 rows=102409 loops=1)
              Hash Cond: (mi_idx.movie_id = t.id)
              ->  Seq Scan on movie_info_idx mi_idx  (cost=0.00..25185.44 rows=464934 width=4) (actual time=0.028..521.715 rows=460185 loops=1)
                    Filter: (info_type_id > 100)
                    Rows Removed by Filter: 919850
              ->  Hash  (cost=67604.59..67604.59 rows=500648 width=4) (actual time=1303.559..1303.559 rows=494029 loops=1)
                    Buckets: 131072  Batches: 8  Memory Usage: 3188kB
                    ->  Seq Scan on title t  (cost=0.00..67604.59 rows=500648 width=4) (actual time=0.019..1143.268 rows=494029 loops=1)
                          Filter: (production_year < 1979)
                          Rows Removed by Filter: 2034283
Planning time: 1.100 ms
Execution time: 4356.095 ms
