Seq Scan on cast_info ci  (cost=0.00..705507.15 rows=22400022 width=0) (actual time=1.116..11520.487 rows=22246393 loops=1)
  Filter: (person_id < 2266797)
  Rows Removed by Filter: 13997951
Planning time: 0.337 ms
Execution time: 14086.004 ms
