Seq Scan on movie_keyword mk  (cost=0.00..81003.12 rows=1766573 width=0) (actual time=0.016..1367.561 rows=1773432 loops=1)
  Filter: (keyword_id < 2879)
  Rows Removed by Filter: 2750498
Planning time: 0.344 ms
Execution time: 1598.438 ms
