Hash Join  (cost=73982.55..163433.54 rows=4019 width=0) (actual time=1940.709..2660.235 rows=1257 loops=1)
  Hash Cond: (mk.movie_id = t.id)
  ->  Seq Scan on movie_keyword mk  (cost=0.00..81003.12 rows=2242046 width=4) (actual time=0.024..1024.546 rows=2237668 loops=1)
        Filter: (keyword_id < 4608)
        Rows Removed by Filter: 2286262
  ->  Hash  (cost=73925.90..73925.90 rows=4532 width=4) (actual time=1333.400..1333.400 rows=7796 loops=1)
        Buckets: 8192  Batches: 1  Memory Usage: 339kB
        ->  Seq Scan on title t  (cost=0.00..73925.90 rows=4532 width=4) (actual time=336.707..1329.529 rows=7796 loops=1)
              Filter: ((kind_id = 7) AND (production_year = 1976))
              Rows Removed by Filter: 2520516
Planning time: 2.211 ms
Execution time: 2660.483 ms
