Seq Scan on cast_info ci  (cost=0.00..796071.18 rows=1067303 width=0) (actual time=11761.419..15206.295 rows=1017626 loops=1)
  Filter: ((person_id < 3553033) AND (role_id = 9))
  Rows Removed by Filter: 35226718
Planning time: 10.577 ms
Execution time: 15329.659 ms
