Seq Scan on cast_info ci  (cost=0.00..796071.18 rows=20306117 width=0) (actual time=737.536..15639.346 rows=22228032 loops=1)
  Filter: ((person_id < 2372881) AND (role_id < 10))
  Rows Removed by Filter: 14016312
Planning time: 0.326 ms
Execution time: 18391.403 ms
