Seq Scan on cast_info ci  (cost=0.00..705507.15 rows=500 width=0) (actual time=32.490..10751.315 rows=10 loops=1)
  Filter: (person_id = 507638)
  Rows Removed by Filter: 36244334
Planning time: 0.365 ms
Execution time: 10751.426 ms
