Seq Scan on cast_info ci  (cost=0.00..796071.18 rows=21412899 width=0) (actual time=0.022..16202.898 rows=24130698 loops=1)
  Filter: ((person_id < 3328182) AND (role_id < 4))
  Rows Removed by Filter: 12113646
Planning time: 0.310 ms
Execution time: 19121.310 ms
