Hash Join  (cost=74099.05..453972.59 rows=48438 width=0) (actual time=1036.235..8536.393 rows=82136 loops=1)
  Hash Cond: (mi.movie_id = t.id)
  ->  Seq Scan on movie_info mi  (cost=0.00..346232.03 rows=8841901 width=4) (actual time=0.013..5901.653 rows=8950757 loops=1)
        Filter: (info_type_id > 6)
        Rows Removed by Filter: 5884963
  ->  Hash  (cost=73925.90..73925.90 rows=13852 width=4) (actual time=1036.034..1036.034 rows=10385 loops=1)
        Buckets: 16384  Batches: 1  Memory Usage: 494kB
        ->  Seq Scan on title t  (cost=0.00..73925.90 rows=13852 width=4) (actual time=0.025..1031.111 rows=10385 loops=1)
              Filter: ((kind_id < 4) AND (production_year = 1997))
              Rows Removed by Filter: 2517927
Planning time: 1.851 ms
Execution time: 8549.189 ms
