Hash Join  (cost=100842.78..851652.15 rows=2017 width=0) (actual time=1953.074..17178.601 rows=42 loops=1)
  Hash Cond: (ci.movie_id = t.id)
  ->  Seq Scan on cast_info ci  (cost=0.00..614943.12 rows=36225612 width=4) (actual time=0.022..8857.134 rows=36244344 loops=1)
  ->  Hash  (cost=100841.02..100841.02 rows=141 width=8) (actual time=1592.519..1592.519 rows=3 loops=1)
        Buckets: 1024  Batches: 1  Memory Usage: 9kB
        ->  Hash Join  (cost=73929.13..100841.02 rows=141 width=8) (actual time=1493.495..1592.496 rows=3 loops=1)
              Hash Cond: (mi_idx.movie_id = t.id)
              ->  Seq Scan on movie_info_idx mi_idx  (cost=0.00..21735.35 rows=1380035 width=4) (actual time=0.018..278.121 rows=1380035 loops=1)
              ->  Hash  (cost=73925.90..73925.90 rows=258 width=4) (actual time=1030.331..1030.331 rows=3378 loops=1)
                    Buckets: 4096 (originally 1024)  Batches: 1 (originally 1)  Memory Usage: 151kB
                    ->  Seq Scan on title t  (cost=0.00..73925.90 rows=258 width=4) (actual time=7.986..1028.820 rows=3378 loops=1)
                          Filter: ((kind_id < 7) AND (production_year > 2013))
                          Rows Removed by Filter: 2524934
Planning time: 1.225 ms
Execution time: 17178.785 ms
