Hash Join  (cost=69283.60..927424.17 rows=208528 width=0) (actual time=5514.852..17869.682 rows=274665 loops=1)
  Hash Cond: (ci.movie_id = t.id)
  ->  Seq Scan on cast_info ci  (cost=0.00..796071.18 rows=5153095 width=4) (actual time=4369.770..14591.352 rows=5508951 loops=1)
        Filter: ((person_id > 385760) AND (role_id > 8))
        Rows Removed by Filter: 30735393
  ->  Hash  (cost=67604.59..67604.59 rows=102321 width=4) (actual time=1144.065..1144.065 rows=100537 loops=1)
        Buckets: 131072  Batches: 2  Memory Usage: 2797kB
        ->  Seq Scan on title t  (cost=0.00..67604.59 rows=102321 width=4) (actual time=367.335..1108.890 rows=100537 loops=1)
              Filter: (kind_id = 3)
              Rows Removed by Filter: 2427775
Planning time: 0.808 ms
Execution time: 17907.331 ms
