Seq Scan on movie_keyword mk  (cost=0.00..81003.12 rows=2088036 width=0) (actual time=0.028..1423.947 rows=2096011 loops=1)
  Filter: (keyword_id < 3765)
  Rows Removed by Filter: 2427919
Planning time: 0.390 ms
Execution time: 1687.407 ms
