Hash Join  (cost=83113.43..166129.07 rows=577812 width=0) (actual time=1417.760..3690.219 rows=863703 loops=1)
  Hash Cond: (mc.movie_id = t.id)
  ->  Seq Scan on movie_companies mc  (cost=0.00..44881.29 rows=2609129 width=4) (actual time=0.029..832.784 rows=2609129 loops=1)
  ->  Hash  (cost=73925.90..73925.90 rows=559962 width=4) (actual time=1416.873..1416.873 rows=477167 loops=1)
        Buckets: 131072  Batches: 8  Memory Usage: 3118kB
        ->  Seq Scan on title t  (cost=0.00..73925.90 rows=559962 width=4) (actual time=0.007..1275.764 rows=477167 loops=1)
              Filter: ((kind_id < 7) AND (production_year > 1999))
              Rows Removed by Filter: 2051145
Planning time: 0.794 ms
Execution time: 3777.323 ms
