Seq Scan on movie_keyword mk  (cost=0.00..81003.12 rows=246 width=0) (actual time=27.613..1296.855 rows=499 loops=1)
  Filter: (keyword_id = 3479)
  Rows Removed by Filter: 4523431
Planning time: 0.335 ms
Execution time: 1297.082 ms
