Seq Scan on cast_info ci  (cost=0.00..796071.18 rows=22652846 width=0) (actual time=0.020..17089.480 rows=22245102 loops=1)
  Filter: ((person_id < 3804548) AND (role_id > 1))
  Rows Removed by Filter: 13999242
Planning time: 0.370 ms
Execution time: 19779.712 ms
