Hash Join  (cost=102767.86..191775.42 rows=881146 width=0) (actual time=2026.634..4299.206 rows=1078882 loops=1)
  Hash Cond: (mc.movie_id = t.id)
  ->  Seq Scan on movie_companies mc  (cost=0.00..57926.93 rows=881146 width=4) (actual time=0.024..905.267 rows=1078882 loops=1)
        Filter: ((company_id > 2561) AND (company_type_id = 2))
        Rows Removed by Filter: 1530247
  ->  Hash  (cost=61283.27..61283.27 rows=2528527 width=4) (actual time=2024.323..2024.323 rows=2528312 loops=1)
        Buckets: 131072  Batches: 64  Memory Usage: 2415kB
        ->  Seq Scan on title t  (cost=0.00..61283.27 rows=2528527 width=4) (actual time=0.012..1180.995 rows=2528312 loops=1)
Planning time: 0.816 ms
Execution time: 4428.905 ms
