Hash Join  (cost=79677.10..1103694.83 rows=6346489 width=0) (actual time=1389.177..30070.398 rows=5000675 loops=1)
  Hash Cond: (ci.movie_id = t.id)
  ->  Seq Scan on cast_info ci  (cost=0.00..705507.15 rows=21809252 width=4) (actual time=0.024..14760.267 rows=21897566 loops=1)
        Filter: (person_id > 1412586)
        Rows Removed by Filter: 14346778
  ->  Hash  (cost=67604.59..67604.59 rows=735801 width=4) (actual time=1387.949..1387.949 rows=730985 loops=1)
        Buckets: 131072  Batches: 16  Memory Usage: 2631kB
        ->  Seq Scan on title t  (cost=0.00..67604.59 rows=735801 width=4) (actual time=0.030..1146.464 rows=730985 loops=1)
              Filter: (production_year < 1992)
              Rows Removed by Filter: 1797327
Planning time: 0.763 ms
Execution time: 30692.937 ms
