Hash Join  (cost=58358.43..85268.93 rows=2 width=0) (actual time=1022.711..1416.179 rows=36 loops=1)
  Hash Cond: (mi_idx.movie_id = t.id)
  ->  Seq Scan on movie_info_idx mi_idx  (cost=0.00..21735.35 rows=1380035 width=4) (actual time=0.029..292.254 rows=1380035 loops=1)
  ->  Hash  (cost=58358.39..58358.39 rows=3 width=8) (actual time=881.369..881.369 rows=104 loops=1)
        Buckets: 1024  Batches: 1  Memory Usage: 13kB
        ->  Nested Loop  (cost=0.43..58358.39 rows=3 width=8) (actual time=14.917..881.295 rows=104 loops=1)
              ->  Seq Scan on movie_companies mc  (cost=0.00..57926.93 rows=51 width=4) (actual time=1.094..798.970 rows=1854 loops=1)
                    Filter: ((company_id = 226) AND (company_type_id = 1))
                    Rows Removed by Filter: 2607275
              ->  Index Scan using title_pkey on title t  (cost=0.43..8.45 rows=1 width=4) (actual time=0.044..0.044 rows=0 loops=1854)
                    Index Cond: (id = mc.movie_id)
                    Filter: (production_year = 2012)
                    Rows Removed by Filter: 1
Planning time: 1.183 ms
Execution time: 1416.318 ms
