Seq Scan on movie_companies mc  (cost=0.00..51404.11 rows=1561041 width=0) (actual time=0.021..927.210 rows=1550669 loops=1)
  Filter: (company_id < 14781)
  Rows Removed by Filter: 1058460
Planning time: 0.327 ms
Execution time: 1117.148 ms
