Seq Scan on title t  (cost=0.00..73925.90 rows=1368333 width=0) (actual time=0.018..1334.426 rows=1444787 loops=1)
  Filter: ((production_year > 1957) AND (kind_id = 7))
  Rows Removed by Filter: 1083525
Planning time: 0.358 ms
Execution time: 1523.494 ms
