Nested Loop  (cost=44377.22..167564.01 rows=512 width=0) (actual time=964.459..2857.747 rows=1182 loops=1)
  ->  Hash Join  (cost=44376.79..134747.08 rows=55584 width=8) (actual time=901.027..2330.702 rows=45033 loops=1)
        Hash Cond: (mk.movie_id = mi_idx.movie_id)
        ->  Seq Scan on movie_keyword mk  (cost=0.00..81003.12 rows=18699 width=4) (actual time=0.020..1177.486 rows=20522 loops=1)
              Filter: (keyword_id = 382)
              Rows Removed by Filter: 4503408
        ->  Hash  (cost=21735.35..21735.35 rows=1380035 width=4) (actual time=891.363..891.363 rows=1380035 loops=1)
              Buckets: 131072  Batches: 32  Memory Usage: 2556kB
              ->  Seq Scan on movie_info_idx mi_idx  (cost=0.00..21735.35 rows=1380035 width=4) (actual time=0.024..440.591 rows=1380035 loops=1)
  ->  Index Scan using title_pkey on title t  (cost=0.43..0.58 rows=1 width=4) (actual time=0.011..0.011 rows=0 loops=45033)
        Index Cond: (id = mi_idx.movie_id)
        Filter: (production_year = 2008)
        Rows Removed by Filter: 1
Planning time: 1.286 ms
Execution time: 2858.241 ms
