Hash Join  (cost=83074.74..447745.01 rows=1434 width=0) (actual time=1252.524..8034.491 rows=915 loops=1)
  Hash Cond: (mi.movie_id = t.id)
  ->  Seq Scan on movie_info mi  (cost=0.00..309384.22 rows=14739122 width=4) (actual time=0.025..4125.038 rows=14835720 loops=1)
  ->  Hash  (cost=83071.67..83071.67 rows=246 width=8) (actual time=1238.385..1238.385 rows=46 loops=1)
        Buckets: 1024  Batches: 1  Memory Usage: 10kB
        ->  Nested Loop  (cost=0.43..83071.67 rows=246 width=8) (actual time=68.031..1238.298 rows=46 loops=1)
              ->  Seq Scan on movie_keyword mk  (cost=0.00..81003.12 rows=246 width=4) (actual time=67.931..1236.050 rows=46 loops=1)
                    Filter: (keyword_id = 27652)
                    Rows Removed by Filter: 4523884
              ->  Index Only Scan using title_pkey on title t  (cost=0.43..8.40 rows=1 width=4) (actual time=0.042..0.043 rows=1 loops=46)
                    Index Cond: (id = mk.movie_id)
                    Heap Fetches: 46
Planning time: 1.213 ms
Execution time: 8034.990 ms
