Hash Join  (cost=155832.22..885676.10 rows=98328 width=0) (actual time=6032.229..16228.875 rows=850397 loops=1)
  Hash Cond: (ci.movie_id = t.id)
  ->  Seq Scan on cast_info ci  (cost=0.00..705507.15 rows=4670689 width=4) (actual time=3422.823..12337.702 rows=4639136 loops=1)
        Filter: (role_id > 9)
        Rows Removed by Filter: 31605208
  ->  Hash  (cost=155166.83..155166.83 rows=53231 width=8) (actual time=2607.029..2607.029 rows=65035 loops=1)
        Buckets: 65536  Batches: 1  Memory Usage: 3053kB
        ->  Hash Join  (cost=67976.49..155166.83 rows=53231 width=8) (actual time=731.320..2585.659 rows=65035 loops=1)
              Hash Cond: (mk.movie_id = t.id)
              ->  Seq Scan on movie_keyword mk  (cost=0.00..69693.30 rows=4523930 width=4) (actual time=0.018..951.836 rows=4523930 loops=1)
              ->  Hash  (cost=67604.59..67604.59 rows=29752 width=4) (actual time=731.074..731.074 rows=30027 loops=1)
                    Buckets: 32768  Batches: 1  Memory Usage: 1312kB
                    ->  Seq Scan on title t  (cost=0.00..67604.59 rows=29752 width=4) (actual time=0.018..720.845 rows=30027 loops=1)
                          Filter: (production_year = 1994)
                          Rows Removed by Filter: 2498285
Planning time: 0.765 ms
Execution time: 16335.318 ms
