Seq Scan on movie_keyword mk  (cost=0.00..81003.12 rows=746399 width=0) (actual time=0.023..1417.761 rows=752404 loops=1)
  Filter: (keyword_id > 24865)
  Rows Removed by Filter: 3771526
Planning time: 0.282 ms
Execution time: 1517.282 ms
