Hash Join  (cost=102767.86..287051.18 rows=3881612 width=0) (actual time=5726.930..15712.419 rows=3869670 loops=1)
  Hash Cond: (mk.movie_id = t.id)
  ->  Seq Scan on movie_keyword mk  (cost=0.00..81003.12 rows=3881612 width=4) (actual time=0.032..5634.120 rows=3869670 loops=1)
        Filter: (keyword_id < 28758)
        Rows Removed by Filter: 654260
  ->  Hash  (cost=61283.27..61283.27 rows=2528527 width=4) (actual time=5724.629..5724.629 rows=2528312 loops=1)
        Buckets: 131072  Batches: 64  Memory Usage: 2425kB
        ->  Seq Scan on title t  (cost=0.00..61283.27 rows=2528527 width=4) (actual time=12.551..4310.800 rows=2528312 loops=1)
Planning time: 3.780 ms
Execution time: 16252.953 ms
