Hash Join  (cost=67693.52..154372.98 rows=2142 width=0) (actual time=914.782..2737.084 rows=110 loops=1)
  Hash Cond: (mk.movie_id = t.id)
  ->  Seq Scan on movie_keyword mk  (cost=0.00..69693.30 rows=4523930 width=4) (actual time=0.015..1046.574 rows=4523930 loops=1)
  ->  Hash  (cost=67678.56..67678.56 rows=1197 width=8) (actual time=913.065..913.065 rows=1253 loops=1)
        Buckets: 2048  Batches: 1  Memory Usage: 65kB
        ->  Nested Loop  (cost=0.43..67678.56 rows=1197 width=8) (actual time=473.658..912.431 rows=1253 loops=1)
              ->  Seq Scan on movie_companies mc  (cost=0.00..57926.93 rows=1197 width=4) (actual time=473.563..882.547 rows=1253 loops=1)
                    Filter: ((company_type_id > 1) AND (company_id = 14490))
                    Rows Removed by Filter: 2607876
              ->  Index Only Scan using title_pkey on title t  (cost=0.43..8.14 rows=1 width=4) (actual time=0.023..0.023 rows=1 loops=1253)
                    Index Cond: (id = mc.movie_id)
                    Heap Fetches: 1253
Planning time: 1.167 ms
Execution time: 2737.226 ms
