Seq Scan on movie_keyword mk  (cost=0.00..81003.12 rows=708384 width=0) (actual time=0.028..1363.926 rows=714361 loops=1)
  Filter: (keyword_id > 26410)
  Rows Removed by Filter: 3809569
Planning time: 0.328 ms
Execution time: 1452.732 ms
