Hash Join  (cost=709673.50..770264.46 rows=27 width=0) (actual time=11229.686..12574.981 rows=46 loops=1)
  Hash Cond: (mc.movie_id = t.id)
  ->  Seq Scan on movie_companies mc  (cost=0.00..51404.11 rows=2449755 width=4) (actual time=0.011..1019.671 rows=2451324 loops=1)
        Filter: (company_id < 128713)
        Rows Removed by Filter: 157805
  ->  Hash  (cost=709673.15..709673.15 rows=28 width=8) (actual time=11216.638..11216.638 rows=23 loops=1)
        Buckets: 1024  Batches: 1  Memory Usage: 9kB
        ->  Nested Loop  (cost=0.43..709673.15 rows=28 width=8) (actual time=4126.870..11216.594 rows=23 loops=1)
              ->  Seq Scan on cast_info ci  (cost=0.00..705507.15 rows=500 width=4) (actual time=4125.362..11201.885 rows=382 loops=1)
                    Filter: (person_id = 2827146)
                    Rows Removed by Filter: 36243962
              ->  Index Scan using title_pkey on title t  (cost=0.43..8.32 rows=1 width=4) (actual time=0.038..0.038 rows=0 loops=382)
                    Index Cond: (id = ci.movie_id)
                    Filter: (production_year = 2010)
                    Rows Removed by Filter: 1
Planning time: 0.873 ms
Execution time: 12575.122 ms
