Hash Join  (cost=916709.19..1021035.03 rows=172315 width=0) (actual time=48057.157..53844.592 rows=354241 loops=1)
  Hash Cond: (mk.movie_id = t.id)
  ->  Seq Scan on movie_keyword mk  (cost=0.00..81003.12 rows=1785485 width=4) (actual time=0.017..4660.614 rows=1795551 loops=1)
        Filter: (keyword_id < 2901)
        Rows Removed by Filter: 2728379
  ->  Hash  (cost=912704.88..912704.88 rows=244025 width=8) (actual time=48056.334..48056.334 rows=97316 loops=1)
        Buckets: 131072  Batches: 4  Memory Usage: 1979kB
        ->  Hash Join  (cost=102205.59..912704.88 rows=244025 width=8) (actual time=21527.354..48020.155 rows=97316 loops=1)
              Hash Cond: (ci.movie_id = t.id)
              ->  Seq Scan on cast_info ci  (cost=0.00..796071.18 rows=292572 width=4) (actual time=15125.790..41130.333 rows=105885 loops=1)
                    Filter: ((person_id < 3045754) AND (role_id > 10))
                    Rows Removed by Filter: 36138459
              ->  Hash  (cost=67604.59..67604.59 rows=2108960 width=4) (actual time=6400.276..6400.276 rows=2104137 loops=1)
                    Buckets: 131072  Batches: 32  Memory Usage: 3341kB
                    ->  Seq Scan on title t  (cost=0.00..67604.59 rows=2108960 width=4) (actual time=0.019..5033.846 rows=2104137 loops=1)
                          Filter: (production_year > 1968)
                          Rows Removed by Filter: 424175
Planning time: 1.130 ms
Execution time: 53931.395 ms
