Hash Join  (cost=460617.61..530815.52 rows=196176 width=0) (actual time=8144.782..9913.161 rows=635298 loops=1)
  Hash Cond: (mc.movie_id = t.id)
  ->  Seq Scan on movie_companies mc  (cost=0.00..51404.11 rows=1329612 width=4) (actual time=0.014..1024.473 rows=1334883 loops=1)
        Filter: (company_type_id > 1)
        Rows Removed by Filter: 1274246
  ->  Hash  (cost=454496.26..454496.26 rows=373068 width=8) (actual time=8143.472..8143.472 rows=410058 loops=1)
        Buckets: 131072  Batches: 8  Memory Usage: 3034kB
        ->  Hash Join  (cost=91342.70..454496.26 rows=373068 width=8) (actual time=3565.601..8023.002 rows=410058 loops=1)
              Hash Cond: (mi.movie_id = t.id)
              ->  Seq Scan on movie_info mi  (cost=0.00..346232.03 rows=651960 width=4) (actual time=1757.695..5509.980 rows=660923 loops=1)
                    Filter: (info_type_id = 18)
                    Rows Removed by Filter: 14174797
              ->  Hash  (cost=67604.59..67604.59 rows=1446889 width=4) (actual time=1807.057..1807.057 rows=1443298 loops=1)
                    Buckets: 131072  Batches: 32  Memory Usage: 2617kB
                    ->  Seq Scan on title t  (cost=0.00..67604.59 rows=1446889 width=4) (actual time=0.039..1337.399 rows=1443298 loops=1)
                          Filter: (production_year < 2006)
                          Rows Removed by Filter: 1085014
Planning time: 0.776 ms
Execution time: 9976.536 ms
