Nested Loop  (cost=0.43..52283.69 rows=104 width=0) (actual time=774.517..2670.730 rows=2 loops=1)
  ->  Seq Scan on movie_companies mc  (cost=0.00..51404.11 rows=104 width=4) (actual time=767.944..2664.099 rows=2 loops=1)
        Filter: (company_id = 219785)
        Rows Removed by Filter: 2609127
  ->  Index Only Scan using title_pkey on title t  (cost=0.43..8.45 rows=1 width=4) (actual time=3.304..3.304 rows=1 loops=2)
        Index Cond: (id = mc.movie_id)
        Heap Fetches: 2
Planning time: 0.731 ms
Execution time: 2670.799 ms
