Seq Scan on movie_keyword mk  (cost=0.00..81003.12 rows=3055465 width=0) (actual time=0.048..1442.081 rows=3043341 loops=1)
  Filter: (keyword_id < 11078)
  Rows Removed by Filter: 1480589
Planning time: 0.180 ms
Execution time: 1816.835 ms
