Hash Join  (cost=73926.38..448297.99 rows=113 width=0) (actual time=2558.985..7976.273 rows=1088 loops=1)
  Hash Cond: (mi.movie_id = t.id)
  ->  Seq Scan on movie_info mi  (cost=0.00..346232.03 rows=7503588 width=4) (actual time=575.421..5938.717 rows=7548855 loops=1)
        Filter: (info_type_id > 7)
        Rows Removed by Filter: 7286865
  ->  Hash  (cost=73925.90..73925.90 rows=38 width=4) (actual time=975.032..975.032 rows=232 loops=1)
        Buckets: 1024  Batches: 1  Memory Usage: 17kB
        ->  Seq Scan on title t  (cost=0.00..73925.90 rows=38 width=4) (actual time=2.334..974.835 rows=232 loops=1)
              Filter: ((kind_id = 6) AND (production_year = 1992))
              Rows Removed by Filter: 2528080
Planning time: 0.826 ms
Execution time: 7976.672 ms
