Hash Join  (cost=83074.74..833899.15 rows=3524 width=0) (actual time=3664.449..49087.056 rows=12251 loops=1)
  Hash Cond: (ci.movie_id = t.id)
  ->  Seq Scan on cast_info ci  (cost=0.00..614943.12 rows=36225612 width=4) (actual time=0.020..35226.887 rows=36244344 loops=1)
  ->  Hash  (cost=83071.67..83071.67 rows=246 width=8) (actual time=3664.320..3664.320 rows=281 loops=1)
        Buckets: 1024  Batches: 1  Memory Usage: 19kB
        ->  Nested Loop  (cost=0.43..83071.67 rows=246 width=8) (actual time=0.371..3664.002 rows=281 loops=1)
              ->  Seq Scan on movie_keyword mk  (cost=0.00..81003.12 rows=246 width=4) (actual time=0.315..3585.479 rows=281 loops=1)
                    Filter: (keyword_id = 6452)
                    Rows Removed by Filter: 4523649
              ->  Index Only Scan using title_pkey on title t  (cost=0.43..8.40 rows=1 width=4) (actual time=0.275..0.276 rows=1 loops=281)
                    Index Cond: (id = mk.movie_id)
                    Heap Fetches: 281
Planning time: 1.108 ms
Execution time: 49092.990 ms
