Seq Scan on movie_keyword mk  (cost=0.00..81003.12 rows=205642 width=0) (actual time=0.026..3539.686 rows=207078 loops=1)
  Filter: (keyword_id > 67156)
  Rows Removed by Filter: 4316852
Planning time: 0.296 ms
Execution time: 3574.256 ms
