Seq Scan on movie_keyword mk  (cost=0.00..81003.12 rows=246 width=0) (actual time=108.357..3705.275 rows=58 loops=1)
  Filter: (keyword_id = 14655)
  Rows Removed by Filter: 4523872
Planning time: 0.341 ms
Execution time: 3705.432 ms
