Hash Join  (cost=172616.29..249012.69 rows=97686 width=0) (actual time=9264.100..14585.777 rows=1489811 loops=1)
  Hash Cond: (mc.movie_id = t.id)
  ->  Seq Scan on movie_companies mc  (cost=0.00..44881.29 rows=2609129 width=4) (actual time=0.008..3426.205 rows=2609129 loops=1)
  ->  Hash  (cost=171062.93..171062.93 rows=94669 width=8) (actual time=9263.187..9263.187 rows=147233 loops=1)
        Buckets: 131072  Batches: 2  Memory Usage: 3883kB
        ->  Hash Join  (cost=81025.55..171062.93 rows=94669 width=8) (actual time=4460.331..9204.927 rows=147233 loops=1)
              Hash Cond: (mk.movie_id = t.id)
              ->  Seq Scan on movie_keyword mk  (cost=0.00..81003.12 rows=553216 width=4) (actual time=0.015..4292.170 rows=551055 loops=1)
                    Filter: (keyword_id > 33465)
                    Rows Removed by Filter: 3972875
              ->  Hash  (cost=73925.90..73925.90 rows=432692 width=4) (actual time=4459.327..4459.327 rows=368246 loops=1)
                    Buckets: 131072  Batches: 8  Memory Usage: 2646kB
                    ->  Seq Scan on title t  (cost=0.00..73925.90 rows=432692 width=4) (actual time=0.020..3962.889 rows=368246 loops=1)
                          Filter: ((kind_id < 7) AND (production_year > 2004))
                          Rows Removed by Filter: 2160066
Planning time: 1.218 ms
Execution time: 14823.260 ms
