Seq Scan on title t  (cost=0.00..73925.90 rows=4532 width=0) (actual time=215.440..3123.627 rows=13632 loops=1)
  Filter: ((kind_id = 7) AND (production_year = 1990))
  Rows Removed by Filter: 2514680
Planning time: 2.790 ms
Execution time: 3126.834 ms
