Hash Join  (cost=234112.81..689053.55 rows=2492016 width=0) (actual time=15923.229..74039.108 rows=121934005 loops=1)
  Hash Cond: (mi.movie_id = t.id)
  ->  Seq Scan on movie_info mi  (cost=0.00..346232.03 rows=6231111 width=4) (actual time=2143.474..21823.693 rows=6223494 loops=1)
        Filter: (info_type_id > 8)
        Rows Removed by Filter: 8612226
  ->  Hash  (cost=217521.35..217521.35 rows=1011237 width=8) (actual time=13778.842..13778.842 rows=2891650 loops=1)
        Buckets: 131072 (originally 131072)  Batches: 64 (originally 16)  Memory Usage: 3073kB
        ->  Hash Join  (cost=83198.94..217521.35 rows=1011237 width=8) (actual time=3989.286..12586.086 rows=2891650 loops=1)
              Hash Cond: (mk.movie_id = t.id)
              ->  Seq Scan on movie_keyword mk  (cost=0.00..69693.30 rows=4523930 width=4) (actual time=0.026..4623.760 rows=4523930 loops=1)
              ->  Hash  (cost=73925.90..73925.90 rows=565203 width=4) (actual time=3988.294..3988.294 rows=641785 loops=1)
                    Buckets: 131072  Batches: 8  Memory Usage: 3870kB
                    ->  Seq Scan on title t  (cost=0.00..73925.90 rows=565203 width=4) (actual time=0.023..3716.417 rows=641785 loops=1)
                          Filter: ((kind_id < 7) AND (production_year < 2006))
                          Rows Removed by Filter: 1886527
Planning time: 1.096 ms
Execution time: 91186.286 ms
