Hash Join  (cost=74835.37..130251.65 rows=75076 width=0) (actual time=3474.257..6720.187 rows=143817 loops=1)
  Hash Cond: (mc.movie_id = t.id)
  ->  Seq Scan on movie_companies mc  (cost=0.00..44881.29 rows=2609129 width=4) (actual time=0.020..2228.657 rows=2609129 loops=1)
  ->  Hash  (cost=73925.90..73925.90 rows=72757 width=4) (actual time=3473.570..3473.570 rows=66621 loops=1)
        Buckets: 131072  Batches: 1  Memory Usage: 3367kB
        ->  Seq Scan on title t  (cost=0.00..73925.90 rows=72757 width=4) (actual time=1883.112..3440.278 rows=66621 loops=1)
              Filter: ((production_year > 1988) AND (kind_id = 3))
              Rows Removed by Filter: 2461691
Planning time: 0.744 ms
Execution time: 6742.013 ms
