Seq Scan on movie_keyword mk  (cost=0.00..81003.12 rows=333847 width=0) (actual time=0.024..3841.465 rows=332220 loops=1)
  Filter: (keyword_id > 49694)
  Rows Removed by Filter: 4191710
Planning time: 0.307 ms
Execution time: 3896.213 ms
