Hash Join  (cost=94973.51..451308.92 rows=121873 width=0) (actual time=16590.020..19656.920 rows=42846 loops=1)
  Hash Cond: (mi.movie_id = t.id)
  ->  Seq Scan on movie_info mi  (cost=0.00..346232.03 rows=184730 width=4) (actual time=12300.131..14860.122 rows=180112 loops=1)
        Filter: (info_type_id = 13)
        Rows Removed by Filter: 14655608
  ->  Hash  (cost=67604.59..67604.59 rows=1668154 width=4) (actual time=4267.780..4267.780 rows=1674098 loops=1)
        Buckets: 131072  Batches: 32  Memory Usage: 2875kB
        ->  Seq Scan on title t  (cost=0.00..67604.59 rows=1668154 width=4) (actual time=0.022..3604.754 rows=1674098 loops=1)
              Filter: (kind_id > 3)
              Rows Removed by Filter: 854214
Planning time: 10.477 ms
Execution time: 19662.793 ms
