Hash Join  (cost=74357.80..470840.24 rows=176673 width=0) (actual time=6107.411..27786.932 rows=132544 loops=1)
  Hash Cond: (mi.movie_id = t.id)
  ->  Seq Scan on movie_info mi  (cost=0.00..346232.03 rows=12928982 width=4) (actual time=1989.801..19528.378 rows=12970088 loops=1)
        Filter: (info_type_id < 18)
        Rows Removed by Filter: 1865632
  ->  Hash  (cost=73925.90..73925.90 rows=34552 width=4) (actual time=4080.336..4080.336 rows=39508 loops=1)
        Buckets: 65536  Batches: 1  Memory Usage: 1901kB
        ->  Seq Scan on title t  (cost=0.00..73925.90 rows=34552 width=4) (actual time=0.025..4055.700 rows=39508 loops=1)
              Filter: ((kind_id > 1) AND (production_year = 1998))
              Rows Removed by Filter: 2488804
Planning time: 2.776 ms
Execution time: 27827.542 ms
