Hash Join  (cost=147902.52..276726.23 rows=559868 width=0) (actual time=7824.170..15258.160 rows=958308 loops=1)
  Hash Cond: (mk.movie_id = t.id)
  ->  Seq Scan on movie_keyword mk  (cost=0.00..69693.30 rows=4523930 width=4) (actual time=0.022..4668.559 rows=4523930 loops=1)
  ->  Hash  (cost=142767.98..142767.98 rows=312923 width=8) (actual time=7823.453..7823.453 rows=249960 loops=1)
        Buckets: 131072  Batches: 8  Memory Usage: 2254kB
        ->  Hash Join  (cost=101846.64..142767.98 rows=312923 width=8) (actual time=5659.416..7732.951 rows=249960 loops=1)
              Hash Cond: (mi_idx.movie_id = t.id)
              ->  Seq Scan on movie_info_idx mi_idx  (cost=0.00..25185.44 rows=464934 width=4) (actual time=0.033..1330.612 rows=460185 loops=1)
                    Filter: (info_type_id > 100)
                    Rows Removed by Filter: 919850
              ->  Hash  (cost=73925.90..73925.90 rows=1701819 width=4) (actual time=5658.089..5658.089 rows=1799540 loops=1)
                    Buckets: 131072  Batches: 32  Memory Usage: 3006kB
                    ->  Seq Scan on title t  (cost=0.00..73925.90 rows=1701819 width=4) (actual time=0.021..4864.856 rows=1799540 loops=1)
                          Filter: ((kind_id > 1) AND (production_year > 1943))
                          Rows Removed by Filter: 728772
Planning time: 5.646 ms
Execution time: 15386.664 ms
