Hash Join  (cost=171578.72..722304.88 rows=3349450 width=0) (actual time=9934.461..53423.867 rows=38171159 loops=1)
  Hash Cond: (mi.movie_id = t.id)
  ->  Seq Scan on movie_info mi  (cost=0.00..346232.03 rows=14592968 width=4) (actual time=0.020..23232.941 rows=14637966 loops=1)
        Filter: (info_type_id < 107)
        Rows Removed by Filter: 197754
  ->  Hash  (cost=162056.22..162056.22 rows=580360 width=8) (actual time=9931.367..9931.367 rows=955662 loops=1)
        Buckets: 131072 (originally 131072)  Batches: 16 (originally 8)  Memory Usage: 3423kB
        ->  Hash Join  (cost=83810.17..162056.22 rows=580360 width=8) (actual time=4590.136..9560.568 rows=955662 loops=1)
              Hash Cond: (mc.movie_id = t.id)
              ->  Seq Scan on movie_companies mc  (cost=0.00..51404.11 rows=1485689 width=4) (actual time=0.019..3456.712 rows=1474747 loops=1)
                    Filter: (company_id < 13488)
                    Rows Removed by Filter: 1134382
              ->  Hash  (cost=67604.59..67604.59 rows=987727 width=4) (actual time=4589.510..4589.510 rows=985048 loops=1)
                    Buckets: 131072  Batches: 16  Memory Usage: 3188kB
                    ->  Seq Scan on title t  (cost=0.00..67604.59 rows=987727 width=4) (actual time=0.012..3894.554 rows=985048 loops=1)
                          Filter: (kind_id < 7)
                          Rows Removed by Filter: 1543264
Planning time: 1.166 ms
Execution time: 58836.449 ms
