Hash Join  (cost=97494.83..152388.59 rows=22824 width=0) (actual time=5508.266..8918.023 rows=79096 loops=1)
  Hash Cond: (mc.movie_id = t.id)
  ->  Seq Scan on movie_companies mc  (cost=0.00..44881.29 rows=2609129 width=4) (actual time=0.005..2513.797 rows=2609129 loops=1)
  ->  Hash  (cost=97218.34..97218.34 rows=22119 width=8) (actual time=5508.029..5508.029 rows=27686 loops=1)
        Buckets: 32768  Batches: 1  Memory Usage: 1338kB
        ->  Hash Join  (cost=68365.25..97218.34 rows=22119 width=8) (actual time=3677.061..5497.002 rows=27686 loops=1)
              Hash Cond: (mi_idx.movie_id = t.id)
              ->  Seq Scan on movie_info_idx mi_idx  (cost=0.00..25185.44 rows=919057 width=4) (actual time=0.020..1469.587 rows=920110 loops=1)
                    Filter: (info_type_id > 99)
                    Rows Removed by Filter: 459925
              ->  Hash  (cost=67604.59..67604.59 rows=60853 width=4) (actual time=3676.688..3676.688 rows=62568 loops=1)
                    Buckets: 65536  Batches: 1  Memory Usage: 2712kB
                    ->  Seq Scan on title t  (cost=0.00..67604.59 rows=60853 width=4) (actual time=0.023..3650.470 rows=62568 loops=1)
                          Filter: (production_year = 2002)
                          Rows Removed by Filter: 2465744
Planning time: 1.137 ms
Execution time: 8950.006 ms
