Seq Scan on movie_companies mc  (cost=0.00..57926.93 rows=943917 width=0) (actual time=50.760..2566.184 rows=1111976 loops=1)
  Filter: ((company_id > 1461) AND (company_type_id = 2))
  Rows Removed by Filter: 1497153
Planning time: 0.358 ms
Execution time: 2747.958 ms
