Hash Join  (cost=210831.80..1421314.56 rows=16771105 width=0) (actual time=12199.319..87123.835 rows=30269215 loops=1)
  Hash Cond: (ci.movie_id = t.id)
  ->  Seq Scan on cast_info ci  (cost=0.00..705507.15 rows=28668949 width=4) (actual time=0.015..46152.340 rows=28808107 loops=1)
        Filter: (role_id < 8)
        Rows Removed by Filter: 7436237
  ->  Hash  (cost=186564.20..186564.20 rows=1479168 width=8) (actual time=12198.319..12198.319 rows=1217080 loops=1)
        Buckets: 131072  Batches: 32  Memory Usage: 2489kB
        ->  Hash Join  (cost=91123.00..186564.20 rows=1479168 width=8) (actual time=5691.590..11777.203 rows=1217080 loops=1)
              Hash Cond: (mc.movie_id = t.id)
              ->  Seq Scan on movie_companies mc  (cost=0.00..44881.29 rows=2609129 width=4) (actual time=0.028..3340.573 rows=2609129 loops=1)
              ->  Hash  (cost=67604.59..67604.59 rows=1433473 width=4) (actual time=5690.399..5690.399 rows=1434466 loops=1)
                    Buckets: 131072  Batches: 32  Memory Usage: 2600kB
                    ->  Seq Scan on title t  (cost=0.00..67604.59 rows=1433473 width=4) (actual time=0.011..4595.898 rows=1434466 loops=1)
                          Filter: (production_year > 1999)
                          Rows Removed by Filter: 1093846
Planning time: 1.201 ms
Execution time: 91324.706 ms
