Hash Join  (cost=129928.86..300262.82 rows=2009959 width=106) (actual time=3491.786..8181.342 rows=2015322 loops=1)
  Hash Cond: (mk.movie_id = t.id)
  ->  Seq Scan on movie_keyword mk  (cost=0.00..81003.12 rows=2009959 width=12) (actual time=0.024..2100.841 rows=2015322 loops=1)
        Filter: (keyword_id < 3596)
        Rows Removed by Filter: 2508608
  ->  Hash  (cost=61283.27..61283.27 rows=2528527 width=94) (actual time=3488.072..3488.072 rows=2528312 loops=1)
        Buckets: 32768  Batches: 128  Memory Usage: 2470kB
        ->  Seq Scan on title t  (cost=0.00..61283.27 rows=2528527 width=94) (actual time=0.009..1677.462 rows=2528312 loops=1)
Planning time: 0.956 ms
Execution time: 8284.563 ms
