Hash Join  (cost=287583.40..1588878.66 rows=25113002 width=0) (actual time=14402.882..89583.539 rows=13539190 loops=1)
  Hash Cond: (ci.movie_id = t.id)
  ->  Seq Scan on cast_info ci  (cost=0.00..705507.15 rows=26160014 width=4) (actual time=4.521..49308.036 rows=26162120 loops=1)
        Filter: (person_id < 2707715)
        Rows Removed by Filter: 10082224
  ->  Hash  (cost=247759.81..247759.81 rows=2427327 width=8) (actual time=14395.644..14395.644 rows=595822 loops=1)
        Buckets: 131072  Batches: 32  Memory Usage: 1738kB
        ->  Hash Join  (cost=96184.51..247759.81 rows=2427327 width=8) (actual time=9748.416..14188.493 rows=595822 loops=1)
              Hash Cond: (mk.movie_id = t.id)
              ->  Seq Scan on movie_keyword mk  (cost=0.00..69693.30 rows=4523930 width=4) (actual time=0.023..5032.113 rows=4523930 loops=1)
              ->  Hash  (cost=73925.90..73925.90 rows=1356688 width=4) (actual time=5899.398..5899.398 rows=1327781 loops=1)
                    Buckets: 131072  Batches: 32  Memory Usage: 2485kB
                    ->  Seq Scan on title t  (cost=0.00..73925.90 rows=1356688 width=4) (actual time=0.026..5237.426 rows=1327781 loops=1)
                          Filter: ((production_year < 2012) AND (kind_id = 7))
                          Rows Removed by Filter: 1200531
Planning time: 4.077 ms
Execution time: 91514.815 ms
