Hash Join  (cost=263115.61..1411873.68 rows=18328102 width=0) (actual time=23176.810..80866.069 rows=39587999 loops=1)
  Hash Cond: (ci.movie_id = t.id)
  ->  Seq Scan on cast_info ci  (cost=0.00..705507.15 rows=17761905 width=4) (actual time=9904.141..41553.659 rows=17876792 loops=1)
        Filter: (person_id > 1825330)
        Rows Removed by Filter: 18367552
  ->  Hash  (cost=220309.49..220309.49 rows=2609129 width=8) (actual time=13271.634..13271.634 rows=2609129 loops=1)
        Buckets: 131072  Batches: 64  Memory Usage: 2610kB
        ->  Hash Join  (cost=102767.86..220309.49 rows=2609129 width=8) (actual time=5834.754..12379.490 rows=2609129 loops=1)
              Hash Cond: (mc.movie_id = t.id)
              ->  Seq Scan on movie_companies mc  (cost=0.00..44881.29 rows=2609129 width=4) (actual time=0.026..3299.843 rows=2609129 loops=1)
              ->  Hash  (cost=61283.27..61283.27 rows=2528527 width=4) (actual time=5832.805..5832.805 rows=2528312 loops=1)
                    Buckets: 131072  Batches: 64  Memory Usage: 2415kB
                    ->  Seq Scan on title t  (cost=0.00..61283.27 rows=2528527 width=4) (actual time=0.018..4398.979 rows=2528312 loops=1)
Planning time: 0.960 ms
Execution time: 86367.303 ms
