Hash Join  (cost=120200.54..188031.22 rows=60353 width=0) (actual time=8984.400..11058.589 rows=297390 loops=1)
  Hash Cond: (mc.movie_id = t.id)
  ->  Seq Scan on movie_companies mc  (cost=0.00..51404.11 rows=1329612 width=4) (actual time=1113.207..3127.678 rows=1334883 loops=1)
        Filter: (company_type_id = 2)
        Rows Removed by Filter: 1274246
  ->  Hash  (cost=118316.89..118316.89 rows=114772 width=8) (actual time=7129.280..7129.280 rows=204036 loops=1)
        Buckets: 131072 (originally 131072)  Batches: 4 (originally 2)  Memory Usage: 3073kB
        ->  Hash Join  (cost=84167.23..118316.89 rows=114772 width=8) (actual time=4709.785..6836.511 rows=204036 loops=1)
              Hash Cond: (mi_idx.movie_id = t.id)
              ->  Seq Scan on movie_info_idx mi_idx  (cost=0.00..25185.44 rows=464934 width=4) (actual time=0.027..1777.882 rows=460185 loops=1)
                    Filter: (info_type_id > 100)
                    Rows Removed by Filter: 919850
              ->  Hash  (cost=73925.90..73925.90 rows=624186 width=4) (actual time=4461.047..4461.047 rows=560349 loops=1)
                    Buckets: 131072  Batches: 16  Memory Usage: 2252kB
                    ->  Seq Scan on title t  (cost=0.00..73925.90 rows=624186 width=4) (actual time=947.002..4216.843 rows=560349 loops=1)
                          Filter: ((production_year > 1922) AND (kind_id = 1))
                          Rows Removed by Filter: 1967963
Planning time: 1.062 ms
Execution time: 11101.778 ms
