Seq Scan on cast_info ci  (cost=0.00..705507.15 rows=5077052 width=0) (actual time=210.222..33029.448 rows=4959946 loops=1)
  Filter: (person_id < 481172)
  Rows Removed by Filter: 31284398
Planning time: 0.297 ms
Execution time: 33978.406 ms
