Seq Scan on movie_companies mc  (cost=0.00..51404.11 rows=104 width=0) (actual time=24.281..2578.553 rows=96 loops=1)
  Filter: (company_id = 46945)
  Rows Removed by Filter: 2609033
Planning time: 0.376 ms
Execution time: 2578.670 ms
