Hash Join  (cost=1346885.31..2860401.63 rows=76158757 width=0) (actual time=71820.377..159549.020 rows=170472451 loops=1)
  Hash Cond: (mi.movie_id = t.id)
  ->  Seq Scan on movie_info mi  (cost=0.00..309384.22 rows=14739122 width=4) (actual time=0.023..20879.537 rows=14835720 loops=1)
  ->  Hash  (cost=1132534.39..1132534.39 rows=13065193 width=8) (actual time=71819.651..71819.651 rows=13018173 loops=1)
        Buckets: 131072  Batches: 256  Memory Usage: 3086kB
        ->  Hash Join  (cost=102767.86..1132534.39 rows=13065193 width=8) (actual time=5581.735..64990.707 rows=13018173 loops=1)
              Hash Cond: (ci.movie_id = t.id)
              ->  Seq Scan on cast_info ci  (cost=0.00..705507.15 rows=13065193 width=4) (actual time=297.614..43534.374 rows=13018173 loops=1)
                    Filter: (person_id < 1286438)
                    Rows Removed by Filter: 23226171
              ->  Hash  (cost=61283.27..61283.27 rows=2528527 width=4) (actual time=5283.023..5283.023 rows=2528312 loops=1)
                    Buckets: 131072  Batches: 64  Memory Usage: 2415kB
                    ->  Seq Scan on title t  (cost=0.00..61283.27 rows=2528527 width=4) (actual time=0.034..4051.653 rows=2528312 loops=1)
Planning time: 1.193 ms
Execution time: 183799.142 ms
