Hash Join  (cost=75405.37..106438.76 rows=16429 width=0) (actual time=3990.047..5455.656 rows=50053 loops=1)
  Hash Cond: (mi_idx.movie_id = t.id)
  ->  Seq Scan on movie_info_idx mi_idx  (cost=0.00..25185.44 rows=460978 width=4) (actual time=0.017..1755.781 rows=459925 loops=1)
        Filter: (info_type_id < 100)
        Rows Removed by Filter: 920110
  ->  Hash  (cost=73925.90..73925.90 rows=90117 width=4) (actual time=3355.624..3355.624 rows=217597 loops=1)
        Buckets: 131072 (originally 131072)  Batches: 4 (originally 2)  Memory Usage: 3073kB
        ->  Seq Scan on title t  (cost=0.00..73925.90 rows=90117 width=4) (actual time=0.102..3244.286 rows=217597 loops=1)
              Filter: ((production_year < 1968) AND (kind_id = 1))
              Rows Removed by Filter: 2310715
Planning time: 0.696 ms
Execution time: 5462.890 ms
