Seq Scan on cast_info ci  (cost=0.00..705507.15 rows=500 width=0) (actual time=21255.733..30286.282 rows=2 loops=1)
  Filter: (person_id = 1999352)
  Rows Removed by Filter: 36244342
Planning time: 0.314 ms
Execution time: 30286.388 ms
