Seq Scan on cast_info ci  (cost=0.00..796071.18 rows=4322076 width=0) (actual time=0.023..32772.714 rows=1763266 loops=1)
  Filter: ((person_id > 3100142) AND (role_id < 8))
  Rows Removed by Filter: 34481078
Planning time: 0.323 ms
Execution time: 33090.066 ms
