Hash Join  (cost=533818.82..702230.82 rows=3345105 width=0) (actual time=10579.739..14280.024 rows=1380664 loops=1)
  Hash Cond: (mk.movie_id = t.id)
  ->  Seq Scan on movie_keyword mk  (cost=0.00..69693.30 rows=4523930 width=4) (actual time=0.027..1499.297 rows=4523930 loops=1)
  ->  Hash  (cost=503144.13..503144.13 rows=1869655 width=8) (actual time=10366.425..10366.425 rows=1641804 loops=1)
        Buckets: 131072  Batches: 32  Memory Usage: 3031kB
        ->  Hash Join  (cost=92883.59..503144.13 rows=1869655 width=8) (actual time=6097.895..9901.231 rows=1641804 loops=1)
              Hash Cond: (mi.movie_id = t.id)
              ->  Seq Scan on movie_info mi  (cost=0.00..346232.03 rows=3068194 width=4) (actual time=4269.276..5875.128 rows=3036719 loops=1)
                    Filter: (info_type_id = 16)
                    Rows Removed by Filter: 11799001
              ->  Hash  (cost=67604.59..67604.59 rows=1540800 width=4) (actual time=1827.117..1827.117 rows=1543264 loops=1)
                    Buckets: 131072  Batches: 32  Memory Usage: 2728kB
                    ->  Seq Scan on title t  (cost=0.00..67604.59 rows=1540800 width=4) (actual time=0.027..1320.328 rows=1543264 loops=1)
                          Filter: (kind_id = 7)
                          Rows Removed by Filter: 985048
Planning time: 1.176 ms
Execution time: 14422.734 ms
