Seq Scan on movie_companies mc  (cost=0.00..57926.93 rows=2516 width=0) (actual time=3.629..2980.769 rows=4898 loops=1)
  Filter: ((company_type_id < 2) AND (company_id = 1709))
  Rows Removed by Filter: 2604231
Planning time: 0.413 ms
Execution time: 2981.924 ms
