Hash Join  (cost=274514.54..897026.72 rows=11647635 width=0) (actual time=13741.564..73615.994 rows=109941293 loops=1)
  Hash Cond: (mi.movie_id = t.id)
  ->  Seq Scan on movie_info mi  (cost=0.00..309384.22 rows=14739122 width=4) (actual time=0.023..18997.382 rows=14835720 loops=1)
  ->  Hash  (cost=241731.34..241731.34 rows=1998176 width=8) (actual time=13739.960..13739.960 rows=2009396 loops=1)
        Buckets: 131072  Batches: 32  Memory Usage: 3543kB
        ->  Hash Join  (cost=102767.86..241731.34 rows=1998176 width=8) (actual time=5114.459..13014.483 rows=2009396 loops=1)
              Hash Cond: (mk.movie_id = t.id)
              ->  Seq Scan on movie_keyword mk  (cost=0.00..81003.12 rows=1998176 width=4) (actual time=0.031..5006.170 rows=2009396 loops=1)
                    Filter: (keyword_id > 6225)
                    Rows Removed by Filter: 2514534
              ->  Hash  (cost=61283.27..61283.27 rows=2528527 width=4) (actual time=5111.105..5111.105 rows=2528312 loops=1)
                    Buckets: 131072  Batches: 64  Memory Usage: 2425kB
                    ->  Seq Scan on title t  (cost=0.00..61283.27 rows=2528527 width=4) (actual time=0.026..3889.717 rows=2528312 loops=1)
Planning time: 1.179 ms
Execution time: 88884.727 ms
