Hash Join  (cost=571804.48..1920991.46 rows=8661178 width=0) (actual time=36480.782..123082.860 rows=42201900 loops=1)
  Hash Cond: (ci.movie_id = t.id)
  ->  Seq Scan on cast_info ci  (cost=0.00..614943.12 rows=36225612 width=4) (actual time=0.025..45878.620 rows=36244344 loops=1)
  ->  Hash  (cost=561885.67..561885.67 rows=604545 width=8) (actual time=36479.571..36479.571 rows=2405164 loops=1)
        Buckets: 131072 (originally 131072)  Batches: 64 (originally 8)  Memory Usage: 3930kB
        ->  Hash Join  (cost=75628.29..561885.67 rows=604545 width=8) (actual time=3989.057..34864.992 rows=2405164 loops=1)
              Hash Cond: (mi.movie_id = t.id)
              ->  Seq Scan on movie_info mi  (cost=0.00..309384.22 rows=14739122 width=4) (actual time=0.019..20722.527 rows=14835720 loops=1)
              ->  Hash  (cost=73925.90..73925.90 rows=103711 width=4) (actual time=3983.403..3983.403 rows=203434 loops=1)
                    Buckets: 131072 (originally 131072)  Batches: 4 (originally 2)  Memory Usage: 3073kB
                    ->  Seq Scan on title t  (cost=0.00..73925.90 rows=103711 width=4) (actual time=0.184..3723.705 rows=203434 loops=1)
                          Filter: ((kind_id < 7) AND (production_year < 1962))
                          Rows Removed by Filter: 2324878
Planning time: 1.186 ms
Execution time: 128935.871 ms
