Seq Scan on cast_info ci  (cost=0.00..796071.18 rows=3212336 width=0) (actual time=18595.526..36618.742 rows=1599466 loops=1)
  Filter: ((person_id < 1202042) AND (role_id > 4))
  Rows Removed by Filter: 34644878
Planning time: 0.331 ms
Execution time: 36871.105 ms
