Hash Join  (cost=102767.86..291695.59 rows=4074622 width=0) (actual time=5363.306..16132.321 rows=4062203 loops=1)
  Hash Cond: (mk.movie_id = t.id)
  ->  Seq Scan on movie_keyword mk  (cost=0.00..81003.12 rows=4074622 width=4) (actual time=0.013..5946.221 rows=4062203 loops=1)
        Filter: (keyword_id > 348)
        Rows Removed by Filter: 461727
  ->  Hash  (cost=61283.27..61283.27 rows=2528527 width=4) (actual time=5361.861..5361.861 rows=2528312 loops=1)
        Buckets: 131072  Batches: 64  Memory Usage: 2425kB
        ->  Seq Scan on title t  (cost=0.00..61283.27 rows=2528527 width=4) (actual time=0.019..4206.446 rows=2528312 loops=1)
Planning time: 0.742 ms
Execution time: 16686.976 ms
