Hash Join  (cost=164960.81..736037.43 rows=5255498 width=0) (actual time=8806.007..52180.598 rows=16347818 loops=1)
  Hash Cond: (mi.movie_id = t.id)
  ->  Seq Scan on movie_info mi  (cost=0.00..346232.03 rows=14592968 width=4) (actual time=0.012..26408.514 rows=14637966 loops=1)
        Filter: (info_type_id < 107)
        Rows Removed by Filter: 197754
  ->  Hash  (cost=150020.05..150020.05 rows=910621 width=8) (actual time=8805.076..8805.076 rows=1068706 loops=1)
        Buckets: 131072  Batches: 16  Memory Usage: 3662kB
        ->  Hash Join  (cost=94978.31..150020.05 rows=910621 width=8) (actual time=5385.755..8457.464 rows=1068706 loops=1)
              Hash Cond: (mi_idx.movie_id = t.id)
              ->  Seq Scan on movie_info_idx mi_idx  (cost=0.00..21735.35 rows=1380035 width=4) (actual time=0.016..1505.966 rows=1380035 loops=1)
              ->  Hash  (cost=67604.59..67604.59 rows=1668458 width=4) (actual time=5384.895..5384.895 rows=1671292 loops=1)
                    Buckets: 131072  Batches: 32  Memory Usage: 2858kB
                    ->  Seq Scan on title t  (cost=0.00..67604.59 rows=1668458 width=4) (actual time=0.023..4613.044 rows=1671292 loops=1)
                          Filter: (production_year < 2008)
                          Rows Removed by Filter: 857020
Planning time: 1.203 ms
Execution time: 54490.886 ms
