Hash Join  (cost=101186.15..187909.71 rows=6552 width=0) (actual time=4403.108..8829.725 rows=20367 loops=1)
  Hash Cond: (mk.movie_id = t.id)
  ->  Seq Scan on movie_keyword mk  (cost=0.00..69693.30 rows=4523930 width=4) (actual time=0.017..3367.163 rows=4523930 loops=1)
  ->  Hash  (cost=101140.38..101140.38 rows=3662 width=8) (actual time=4402.960..4402.960 rows=4279 loops=1)
        Buckets: 8192 (originally 4096)  Batches: 1 (originally 1)  Memory Usage: 232kB
        ->  Hash Join  (cost=74174.82..101140.38 rows=3662 width=8) (actual time=3003.771..4400.801 rows=4279 loops=1)
              Hash Cond: (mi_idx.movie_id = t.id)
              ->  Seq Scan on movie_info_idx mi_idx  (cost=0.00..25185.44 rows=464934 width=4) (actual time=0.023..1244.910 rows=460185 loops=1)
                    Filter: (info_type_id > 100)
                    Rows Removed by Filter: 919850
              ->  Hash  (cost=73925.90..73925.90 rows=19913 width=4) (actual time=3003.470..3003.470 rows=21707 loops=1)
                    Buckets: 32768  Batches: 1  Memory Usage: 1020kB
                    ->  Seq Scan on title t  (cost=0.00..73925.90 rows=19913 width=4) (actual time=0.125..2989.419 rows=21707 loops=1)
                          Filter: ((kind_id > 1) AND (production_year = 1993))
                          Rows Removed by Filter: 2506605
Planning time: 1.168 ms
Execution time: 8833.147 ms
