Hash Join  (cost=75915.84..1025087.80 rows=968601 width=0) (actual time=2434.205..24858.968 rows=1151246 loops=1)
  Hash Cond: (ci.movie_id = t.id)
  ->  Seq Scan on cast_info ci  (cost=0.00..705507.15 rows=20194880 width=4) (actual time=1140.571..15006.266 rows=20320313 loops=1)
        Filter: (person_id > 1573853)
        Rows Removed by Filter: 15924031
  ->  Hash  (cost=73925.90..73925.90 rows=121275 width=4) (actual time=1292.585..1292.585 rows=124747 loops=1)
        Buckets: 131072  Batches: 2  Memory Usage: 3219kB
        ->  Seq Scan on title t  (cost=0.00..73925.90 rows=121275 width=4) (actual time=0.026..1245.102 rows=124747 loops=1)
              Filter: ((kind_id > 1) AND (production_year = 2012))
              Rows Removed by Filter: 2403565
Planning time: 0.819 ms
Execution time: 25005.927 ms
