Hash Join  (cost=613826.86..1721512.54 rows=16551290 width=0) (actual time=40018.212..119381.110 rows=73841875 loops=1)
  Hash Cond: (ci.movie_id = t.id)
  ->  Seq Scan on cast_info ci  (cost=0.00..705507.15 rows=14730881 width=4) (actual time=0.022..41895.357 rows=14638833 loops=1)
        Filter: (person_id < 1442702)
        Rows Removed by Filter: 21605511
  ->  Hash  (cost=567216.40..567216.40 rows=2840997 width=8) (actual time=40015.336..40015.336 rows=6227189 loops=1)
        Buckets: 131072 (originally 131072)  Batches: 128 (originally 64)  Memory Usage: 3073kB
        ->  Hash Join  (cost=80042.24..567216.40 rows=2840997 width=8) (actual time=4810.253..37417.801 rows=6227189 loops=1)
              Hash Cond: (mi.movie_id = t.id)
              ->  Seq Scan on movie_info mi  (cost=0.00..346232.03 rows=9476311 width=4) (actual time=59.650..23126.879 rows=9565151 loops=1)
                    Filter: (info_type_id < 16)
                    Rows Removed by Filter: 5270569
              ->  Hash  (cost=67604.59..67604.59 rows=758052 width=4) (actual time=4749.449..4749.449 rows=753677 loops=1)
                    Buckets: 131072  Batches: 16  Memory Usage: 2686kB
                    ->  Seq Scan on title t  (cost=0.00..67604.59 rows=758052 width=4) (actual time=0.025..3756.559 rows=753677 loops=1)
                          Filter: (kind_id < 3)
                          Rows Removed by Filter: 1774635
Planning time: 5.390 ms
Execution time: 129634.147 ms
