Hash Join  (cost=52284.36..416940.99 rows=70 width=0) (actual time=2799.206..23697.708 rows=79811 loops=1)
  Hash Cond: (mi.movie_id = t.id)
  ->  Seq Scan on movie_info mi  (cost=0.00..309384.22 rows=14739122 width=4) (actual time=0.011..16806.302 rows=14835720 loops=1)
  ->  Hash  (cost=52284.21..52284.21 rows=12 width=8) (actual time=2798.847..2798.847 rows=451 loops=1)
        Buckets: 1024  Batches: 1  Memory Usage: 26kB
        ->  Nested Loop  (cost=0.43..52284.21 rows=12 width=8) (actual time=1464.592..2798.515 rows=451 loops=1)
              ->  Seq Scan on movie_companies mc  (cost=0.00..51404.11 rows=104 width=4) (actual time=0.023..2671.413 rows=1612 loops=1)
                    Filter: (company_id = 33)
                    Rows Removed by Filter: 2607517
              ->  Index Scan using title_pkey on title t  (cost=0.43..8.45 rows=1 width=4) (actual time=0.075..0.076 rows=0 loops=1612)
                    Index Cond: (id = mc.movie_id)
                    Filter: ((kind_id < 7) AND (production_year < 1993))
                    Rows Removed by Filter: 1
Planning time: 1.158 ms
Execution time: 23709.892 ms
