Hash Join  (cost=102767.86..225476.89 rows=1322702 width=0) (actual time=5787.112..11038.719 rows=1336975 loops=1)
  Hash Cond: (mk.movie_id = t.id)
  ->  Seq Scan on movie_keyword mk  (cost=0.00..81003.12 rows=1322702 width=4) (actual time=0.026..3792.698 rows=1336975 loops=1)
        Filter: (keyword_id > 12846)
        Rows Removed by Filter: 3186955
  ->  Hash  (cost=61283.27..61283.27 rows=2528527 width=4) (actual time=5785.947..5785.947 rows=2528312 loops=1)
        Buckets: 131072  Batches: 64  Memory Usage: 2425kB
        ->  Seq Scan on title t  (cost=0.00..61283.27 rows=2528527 width=4) (actual time=0.018..4646.754 rows=2528312 loops=1)
Planning time: 0.698 ms
Execution time: 11186.338 ms
