Seq Scan on movie_keyword mk  (cost=0.00..81003.12 rows=246 width=0) (actual time=0.059..3206.718 rows=9 loops=1)
  Filter: (keyword_id = 61394)
  Rows Removed by Filter: 4523921
Planning time: 0.314 ms
Execution time: 3206.840 ms
