Hash Join  (cost=107047.03..161913.23 rows=20068 width=0) (actual time=5422.437..8957.323 rows=166790 loops=1)
  Hash Cond: (mc.movie_id = t.id)
  ->  Seq Scan on movie_companies mc  (cost=0.00..44881.29 rows=2609129 width=4) (actual time=0.023..2625.456 rows=2609129 loops=1)
  ->  Hash  (cost=106803.93..106803.93 rows=19448 width=8) (actual time=5422.203..5422.203 rows=44767 loops=1)
        Buckets: 65536 (originally 32768)  Batches: 1 (originally 1)  Memory Usage: 2261kB
        ->  Hash Join  (cost=75676.34..106803.93 rows=19448 width=8) (actual time=3556.509..5394.711 rows=44767 loops=1)
              Hash Cond: (mi_idx.movie_id = t.id)
              ->  Seq Scan on movie_info_idx mi_idx  (cost=0.00..25185.44 rows=460978 width=4) (actual time=0.015..1512.277 rows=459925 loops=1)
                    Filter: (info_type_id = 99)
                    Rows Removed by Filter: 920110
              ->  Hash  (cost=73925.90..73925.90 rows=106675 width=4) (actual time=3554.417..3554.417 rows=207824 loops=1)
                    Buckets: 131072 (originally 131072)  Batches: 4 (originally 2)  Memory Usage: 3073kB
                    ->  Seq Scan on title t  (cost=0.00..73925.90 rows=106675 width=4) (actual time=0.024..3455.941 rows=207824 loops=1)
                          Filter: ((kind_id < 7) AND (production_year < 1963))
                          Rows Removed by Filter: 2320488
Planning time: 11.216 ms
Execution time: 8991.618 ms
