Hash Join  (cost=160823.02..556203.37 rows=31321 width=0) (actual time=8742.194..30495.690 rows=52942 loops=1)
  Hash Cond: (mi.movie_id = t.id)
  ->  Seq Scan on movie_info mi  (cost=0.00..346232.03 rows=9767026 width=4) (actual time=0.017..20222.620 rows=9911754 loops=1)
        Filter: (info_type_id > 4)
        Rows Removed by Filter: 4923966
  ->  Hash  (cost=160721.67..160721.67 rows=8108 width=8) (actual time=8216.658..8216.658 rows=4117 loops=1)
        Buckets: 8192  Batches: 1  Memory Usage: 225kB
        ->  Hash Join  (cost=73982.55..160721.67 rows=8108 width=8) (actual time=3990.388..8215.061 rows=4117 loops=1)
              Hash Cond: (mk.movie_id = t.id)
              ->  Seq Scan on movie_keyword mk  (cost=0.00..69693.30 rows=4523930 width=4) (actual time=0.020..3791.419 rows=4523930 loops=1)
              ->  Hash  (cost=73925.90..73925.90 rows=4532 width=4) (actual time=3251.163..3251.163 rows=7858 loops=1)
                    Buckets: 8192  Batches: 1  Memory Usage: 341kB
                    ->  Seq Scan on title t  (cost=0.00..73925.90 rows=4532 width=4) (actual time=0.064..3245.431 rows=7858 loops=1)
                          Filter: ((kind_id = 7) AND (production_year = 1975))
                          Rows Removed by Filter: 2520454
Planning time: 1.096 ms
Execution time: 30502.982 ms
