Hash Join  (cost=102767.86..196282.96 rows=109414 width=0) (actual time=5563.974..9851.526 rows=121921 loops=1)
  Hash Cond: (mk.movie_id = t.id)
  ->  Seq Scan on movie_keyword mk  (cost=0.00..81003.12 rows=109414 width=4) (actual time=0.021..3772.633 rows=121921 loops=1)
        Filter: (keyword_id < 117)
        Rows Removed by Filter: 4402009
  ->  Hash  (cost=61283.27..61283.27 rows=2528527 width=4) (actual time=5562.839..5562.839 rows=2528312 loops=1)
        Buckets: 131072  Batches: 64  Memory Usage: 2425kB
        ->  Seq Scan on title t  (cost=0.00..61283.27 rows=2528527 width=4) (actual time=0.021..4373.909 rows=2528312 loops=1)
Planning time: 0.700 ms
Execution time: 9868.722 ms
