Seq Scan on cast_info ci  (cost=0.00..796071.18 rows=24563799 width=0) (actual time=0.018..48492.100 rows=24035870 loops=1)
  Filter: ((person_id > 771092) AND (role_id < 10))
  Rows Removed by Filter: 12208474
Planning time: 0.330 ms
Execution time: 52896.552 ms
