Hash Join  (cost=208619.17..1026506.09 rows=366113 width=0) (actual time=4686.956..20127.747 rows=692325 loops=1)
  Hash Cond: (ci.movie_id = t.id)
  ->  Seq Scan on cast_info ci  (cost=0.00..796071.18 rows=1335898 width=4) (actual time=101.751..14781.266 rows=1055412 loops=1)
        Filter: ((person_id < 2851433) AND (role_id = 8))
        Rows Removed by Filter: 35188932
  ->  Hash  (cost=197250.16..197250.16 rows=692961 width=8) (actual time=4584.077..4584.077 rows=886579 loops=1)
        Buckets: 131072  Batches: 16  Memory Usage: 3202kB
        ->  Hash Join  (cost=88359.31..197250.16 rows=692961 width=8) (actual time=1652.682..4345.206 rows=886579 loops=1)
              Hash Cond: (mk.movie_id = t.id)
              ->  Seq Scan on movie_keyword mk  (cost=0.00..81003.12 rows=1385096 width=4) (actual time=0.023..1628.209 rows=1400456 loops=1)
                    Filter: (keyword_id > 11956)
                    Rows Removed by Filter: 3123474
              ->  Hash  (cost=67604.59..67604.59 rows=1265018 width=4) (actual time=1651.503..1651.503 rows=1263700 loops=1)
                    Buckets: 131072  Batches: 32  Memory Usage: 2418kB
                    ->  Seq Scan on title t  (cost=0.00..67604.59 rows=1265018 width=4) (actual time=0.018..1212.892 rows=1263700 loops=1)
                          Filter: (production_year < 2004)
                          Rows Removed by Filter: 1264612
Planning time: 0.799 ms
Execution time: 20198.065 ms
