Nested Loop  (cost=0.43..83072.29 rows=233 width=0) (actual time=1699.877..2286.590 rows=2 loops=1)
  ->  Seq Scan on movie_keyword mk  (cost=0.00..81003.12 rows=246 width=4) (actual time=1699.805..2286.470 rows=2 loops=1)
        Filter: (keyword_id = 98074)
        Rows Removed by Filter: 4523928
  ->  Index Scan using title_pkey on title t  (cost=0.43..8.40 rows=1 width=4) (actual time=0.050..0.051 rows=1 loops=2)
        Index Cond: (id = mk.movie_id)
        Filter: (production_year < 2013)
Planning time: 0.822 ms
Execution time: 2286.677 ms
