Hash Join  (cost=87619.09..446802.85 rows=215188 width=0) (actual time=5396.939..9968.527 rows=126147 loops=1)
  Hash Cond: (mi.movie_id = t.id)
  ->  Seq Scan on movie_info mi  (cost=0.00..346232.03 rows=651960 width=4) (actual time=1781.271..5863.665 rows=660923 loops=1)
        Filter: (info_type_id = 18)
        Rows Removed by Filter: 14174797
  ->  Hash  (cost=73925.90..73925.90 rows=834575 width=4) (actual time=3614.562..3614.562 rows=736354 loops=1)
        Buckets: 131072  Batches: 16  Memory Usage: 2648kB
        ->  Seq Scan on title t  (cost=0.00..73925.90 rows=834575 width=4) (actual time=0.031..3316.890 rows=736354 loops=1)
              Filter: ((kind_id > 3) AND (production_year < 2004))
              Rows Removed by Filter: 1791958
Planning time: 0.802 ms
Execution time: 9984.785 ms
