Seq Scan on movie_keyword mk  (cost=0.00..81003.12 rows=1051743 width=0) (actual time=0.027..1505.792 rows=1059390 loops=1)
  Filter: (keyword_id > 16622)
  Rows Removed by Filter: 3464540
Planning time: 4.816 ms
Execution time: 1638.877 ms
