Hash Join  (cost=624989.62..1845148.00 rows=21563756 width=0) (actual time=16074.056..74139.055 rows=129464767 loops=1)
  Hash Cond: (ci.movie_id = t.id)
  ->  Seq Scan on cast_info ci  (cost=0.00..705507.15 rows=18787018 width=4) (actual time=0.016..14228.098 rows=18918966 loops=1)
        Filter: (person_id > 1711442)
        Rows Removed by Filter: 17325378
  ->  Hash  (cost=577374.55..577374.55 rows=2902246 width=8) (actual time=16071.597..16071.597 rows=5924117 loops=1)
        Buckets: 131072 (originally 131072)  Batches: 128 (originally 64)  Memory Usage: 3073kB
        ->  Hash Join  (cost=86252.72..577374.55 rows=2902246 width=8) (actual time=1410.418..14437.065 rows=5924117 loops=1)
              Hash Cond: (mi.movie_id = t.id)
              ->  Seq Scan on movie_info mi  (cost=0.00..346232.03 rows=9767026 width=4) (actual time=0.022..6661.442 rows=9911754 loops=1)
                    Filter: (info_type_id > 4)
                    Rows Removed by Filter: 4923966
              ->  Hash  (cost=73925.90..73925.90 rows=751345 width=4) (actual time=1408.612..1408.612 rows=793943 loops=1)
                    Buckets: 131072  Batches: 16  Memory Usage: 2780kB
                    ->  Seq Scan on title t  (cost=0.00..73925.90 rows=751345 width=4) (actual time=0.012..1158.323 rows=793943 loops=1)
                          Filter: ((kind_id < 7) AND (production_year < 2010))
                          Rows Removed by Filter: 1734369
Planning time: 1.153 ms
Execution time: 88816.450 ms
