Hash Join  (cost=224294.83..758973.95 rows=5142622 width=0) (actual time=11585.905..43819.103 rows=22380063 loops=1)
  Hash Cond: (mi.movie_id = t.id)
  ->  Seq Scan on movie_info mi  (cost=0.00..309384.22 rows=14739122 width=4) (actual time=0.015..18484.049 rows=14835720 loops=1)
  ->  Hash  (cost=209819.99..209819.99 rows=882227 width=8) (actual time=11584.665..11584.665 rows=493430 loops=1)
        Buckets: 131072  Batches: 16  Memory Usage: 2272kB
        ->  Hash Join  (cost=78473.92..209819.99 rows=882227 width=8) (actual time=3515.155..11432.613 rows=493430 loops=1)
              Hash Cond: (mk.movie_id = t.id)
              ->  Seq Scan on movie_keyword mk  (cost=0.00..81003.12 rows=3367113 width=4) (actual time=0.021..4543.295 rows=3352974 loops=1)
                    Filter: (keyword_id < 15937)
                    Rows Removed by Filter: 1170956
              ->  Hash  (cost=67604.59..67604.59 rows=662507 width=4) (actual time=3513.161..3513.161 rows=662065 loops=1)
                    Buckets: 131072  Batches: 16  Memory Usage: 2488kB
                    ->  Seq Scan on title t  (cost=0.00..67604.59 rows=662507 width=4) (actual time=0.013..3239.409 rows=662065 loops=1)
                          Filter: (production_year > 2008)
                          Rows Removed by Filter: 1866247
Planning time: 1.162 ms
Execution time: 46530.739 ms
