Hash Join  (cost=86252.72..224632.49 rows=1344274 width=0) (actual time=1532.452..5752.006 rows=3521790 loops=1)
  Hash Cond: (mk.movie_id = t.id)
  ->  Seq Scan on movie_keyword mk  (cost=0.00..69693.30 rows=4523930 width=4) (actual time=0.024..1334.123 rows=4523930 loops=1)
  ->  Hash  (cost=73925.90..73925.90 rows=751345 width=4) (actual time=1531.563..1531.563 rows=793943 loops=1)
        Buckets: 131072  Batches: 16  Memory Usage: 2779kB
        ->  Seq Scan on title t  (cost=0.00..73925.90 rows=751345 width=4) (actual time=0.021..1277.641 rows=793943 loops=1)
              Filter: ((kind_id < 7) AND (production_year < 2010))
              Rows Removed by Filter: 1734369
Planning time: 0.721 ms
Execution time: 6138.453 ms
