Seq Scan on movie_keyword mk  (cost=0.00..81003.12 rows=3939353 width=0) (actual time=0.028..3818.470 rows=3936184 loops=1)
  Filter: (keyword_id > 426)
  Rows Removed by Filter: 587746
Planning time: 0.342 ms
Execution time: 4457.544 ms
