Seq Scan on movie_keyword mk  (cost=0.00..81003.12 rows=944254 width=0) (actual time=0.017..1399.589 rows=955351 loops=1)
  Filter: (keyword_id > 19849)
  Rows Removed by Filter: 3568579
Planning time: 0.347 ms
Execution time: 1525.850 ms
