Seq Scan on cast_info ci  (cost=0.00..705507.15 rows=500 width=0) (actual time=2584.696..10746.934 rows=21 loops=1)
  Filter: (person_id = 143505)
  Rows Removed by Filter: 36244323
Planning time: 0.386 ms
Execution time: 10747.045 ms
