Seq Scan on cast_info ci  (cost=0.00..705507.15 rows=500 width=0) (actual time=28.399..10798.805 rows=1 loops=1)
  Filter: (person_id = 3059927)
  Rows Removed by Filter: 36244343
Planning time: 0.368 ms
Execution time: 10798.888 ms
