Seq Scan on movie_keyword mk  (cost=0.00..81003.12 rows=2666459 width=0) (actual time=0.015..1382.166 rows=2659185 loops=1)
  Filter: (keyword_id > 3149)
  Rows Removed by Filter: 1864745
Planning time: 0.302 ms
Execution time: 1688.931 ms
