Seq Scan on cast_info ci  (cost=0.00..796071.18 rows=14225313 width=0) (actual time=0.020..14374.638 rows=12470548 loops=1)
  Filter: ((person_id > 1799981) AND (role_id < 8))
  Rows Removed by Filter: 23773796
Planning time: 0.398 ms
Execution time: 15866.404 ms
