Hash Join  (cost=77939.33..117922.77 rows=133496 width=0) (actual time=1445.544..2621.759 rows=336376 loops=1)
  Hash Cond: (mi_idx.movie_id = t.id)
  ->  Seq Scan on movie_info_idx mi_idx  (cost=0.00..21735.35 rows=1380035 width=4) (actual time=0.018..476.255 rows=1380035 loops=1)
  ->  Hash  (cost=73925.90..73925.90 rows=244594 width=4) (actual time=1428.580..1428.580 rows=359543 loops=1)
        Buckets: 131072 (originally 131072)  Batches: 8 (originally 4)  Memory Usage: 3073kB
        ->  Seq Scan on title t  (cost=0.00..73925.90 rows=244594 width=4) (actual time=0.014..1316.882 rows=359543 loops=1)
              Filter: ((production_year < 1998) AND (kind_id = 1))
              Rows Removed by Filter: 2168769
Planning time: 0.747 ms
Execution time: 2658.934 ms
