Hash Join  (cost=114343.44..201817.59 rows=81612 width=0) (actual time=2198.315..4840.457 rows=586485 loops=1)
  Hash Cond: (mk.movie_id = t.id)
  ->  Seq Scan on movie_keyword mk  (cost=0.00..69693.30 rows=4523930 width=4) (actual time=0.017..1084.814 rows=4523930 loops=1)
  ->  Hash  (cost=113773.25..113773.25 rows=45615 width=8) (actual time=2195.508..2195.508 rows=103878 loops=1)
        Buckets: 131072 (originally 65536)  Batches: 2 (originally 1)  Memory Usage: 3073kB
        ->  Hash Join  (cost=75297.62..113773.25 rows=45615 width=8) (actual time=1335.613..1933.147 rows=103878 loops=1)
              Hash Cond: (mi_idx.movie_id = t.id)
              ->  Seq Scan on movie_info_idx mi_idx  (cost=0.00..21735.35 rows=1380035 width=4) (actual time=0.012..339.575 rows=1380035 loops=1)
              ->  Hash  (cost=73925.90..73925.90 rows=83577 width=4) (actual time=1117.161..1117.161 rows=92182 loops=1)
                    Buckets: 131072  Batches: 2  Memory Usage: 2649kB
                    ->  Seq Scan on title t  (cost=0.00..73925.90 rows=83577 width=4) (actual time=5.272..1084.301 rows=92182 loops=1)
                          Filter: ((production_year < 2011) AND (kind_id = 3))
                          Rows Removed by Filter: 2436130
Planning time: 1.137 ms
Execution time: 4913.029 ms
