Seq Scan on movie_keyword mk  (cost=0.00..81003.12 rows=2572168 width=0) (actual time=0.023..1466.861 rows=2563681 loops=1)
  Filter: (keyword_id < 6504)
  Rows Removed by Filter: 1960249
Planning time: 0.333 ms
Execution time: 1788.531 ms
