Seq Scan on cast_info ci  (cost=0.00..796071.18 rows=4391327 width=0) (actual time=3578.525..12798.593 rows=6852478 loops=1)
  Filter: ((person_id > 2978021) AND (role_id > 1))
  Rows Removed by Filter: 29391866
Planning time: 0.345 ms
Execution time: 13663.612 ms
