Seq Scan on movie_keyword mk  (cost=0.00..81003.12 rows=2818812 width=0) (actual time=0.014..1473.869 rows=2812377 loops=1)
  Filter: (keyword_id > 2724)
  Rows Removed by Filter: 1711553
Planning time: 0.755 ms
Execution time: 1810.193 ms
