Hash Join  (cost=476742.54..1338725.87 rows=451816 width=0) (actual time=11238.464..25734.255 rows=1361750 loops=1)
  Hash Cond: (ci.movie_id = t.id)
  ->  Seq Scan on cast_info ci  (cost=0.00..796071.18 rows=3632571 width=4) (actual time=0.035..12130.894 rows=4011693 loops=1)
        Filter: ((person_id < 432276) AND (role_id < 8))
        Rows Removed by Filter: 32232651
  ->  Hash  (cost=471582.34..471582.34 rows=314496 width=8) (actual time=11237.271..11237.271 rows=439092 loops=1)
        Buckets: 131072  Batches: 8  Memory Usage: 3183kB
        ->  Hash Join  (cost=74710.74..471582.34 rows=314496 width=8) (actual time=1160.461..10771.722 rows=439092 loops=1)
              Hash Cond: (mi.movie_id = t.id)
              ->  Seq Scan on movie_info mi  (cost=0.00..346232.03 rows=12665229 width=4) (actual time=0.025..6434.358 rows=12744652 loops=1)
                    Filter: (info_type_id > 2)
                    Rows Removed by Filter: 2091068
              ->  Hash  (cost=73925.90..73925.90 rows=62787 width=4) (actual time=1160.107..1160.107 rows=53770 loops=1)
                    Buckets: 65536  Batches: 1  Memory Usage: 2403kB
                    ->  Seq Scan on title t  (cost=0.00..73925.90 rows=62787 width=4) (actual time=0.136..1138.970 rows=53770 loops=1)
                          Filter: ((kind_id < 7) AND (production_year = 2011))
                          Rows Removed by Filter: 2474542
Planning time: 1.493 ms
Execution time: 25875.807 ms
