Hash Join  (cost=83742.85..612397.93 rows=3059337 width=0) (actual time=1462.207..14976.778 rows=1661530 loops=1)
  Hash Cond: (mi.movie_id = t.id)
  ->  Seq Scan on movie_info mi  (cost=0.00..346232.03 rows=12928982 width=4) (actual time=0.026..7256.578 rows=12970088 loops=1)
        Filter: (info_type_id < 18)
        Rows Removed by Filter: 1865632
  ->  Hash  (cost=73925.90..73925.90 rows=598316 width=4) (actual time=1461.178..1461.178 rows=492663 loops=1)
        Buckets: 131072  Batches: 8  Memory Usage: 3181kB
        ->  Seq Scan on title t  (cost=0.00..73925.90 rows=598316 width=4) (actual time=0.012..1300.579 rows=492663 loops=1)
              Filter: ((kind_id > 4) AND (production_year < 1999))
              Rows Removed by Filter: 2035649
Planning time: 0.756 ms
Execution time: 15169.415 ms
