Hash Join  (cost=945129.48..991247.60 rows=491064 width=0) (actual time=15295.291..16739.400 rows=928866 loops=1)
  Hash Cond: (mi_idx.movie_id = t.id)
  ->  Seq Scan on movie_info_idx mi_idx  (cost=0.00..21735.35 rows=1380035 width=4) (actual time=0.035..457.508 rows=1380035 loops=1)
  ->  Hash  (cost=930367.76..930367.76 rows=899737 width=8) (actual time=15293.821..15293.821 rows=833381 loops=1)
        Buckets: 131072  Batches: 16  Memory Usage: 3061kB
        ->  Hash Join  (cost=102767.86..930367.76 rows=899737 width=8) (actual time=2132.117..15046.645 rows=833381 loops=1)
              Hash Cond: (ci.movie_id = t.id)
              ->  Seq Scan on cast_info ci  (cost=0.00..796071.18 rows=899737 width=4) (actual time=169.164..11565.247 rows=833381 loops=1)
                    Filter: ((person_id < 1163272) AND (role_id = 4))
                    Rows Removed by Filter: 35410963
              ->  Hash  (cost=61283.27..61283.27 rows=2528527 width=4) (actual time=1961.069..1961.069 rows=2528312 loops=1)
                    Buckets: 131072  Batches: 64  Memory Usage: 2415kB
                    ->  Seq Scan on title t  (cost=0.00..61283.27 rows=2528527 width=4) (actual time=0.017..1132.290 rows=2528312 loops=1)
Planning time: 1.668 ms
Execution time: 16847.436 ms
