Seq Scan on movie_keyword mk  (cost=0.00..81003.12 rows=246 width=0) (actual time=1.002..1272.671 rows=851 loops=1)
  Filter: (keyword_id = 384)
  Rows Removed by Filter: 4523079
Planning time: 0.346 ms
Execution time: 1273.051 ms
