Seq Scan on movie_companies mc  (cost=0.00..57926.93 rows=1147548 width=0) (actual time=433.845..1134.291 rows=1256947 loops=1)
  Filter: ((company_id > 169) AND (company_type_id > 1))
  Rows Removed by Filter: 1352182
Planning time: 0.208 ms
Execution time: 1285.097 ms
