Hash Join  (cost=440957.37..597873.87 rows=544990 width=0) (actual time=10659.489..15221.778 rows=6401458 loops=1)
  Hash Cond: (mk.movie_id = t.id)
  ->  Seq Scan on movie_keyword mk  (cost=0.00..69693.30 rows=4523930 width=4) (actual time=0.016..1440.965 rows=4523930 loops=1)
  ->  Hash  (cost=435959.78..435959.78 rows=304607 width=8) (actual time=10658.604..10658.604 rows=296517 loops=1)
        Buckets: 131072  Batches: 4  Memory Usage: 3916kB
        ->  Hash Join  (cost=68257.79..435959.78 rows=304607 width=8) (actual time=1194.863..10370.608 rows=296517 loops=1)
              Hash Cond: (mi.movie_id = t.id)
              ->  Seq Scan on movie_info mi  (cost=0.00..309384.22 rows=14739122 width=4) (actual time=0.022..4851.796 rows=14835720 loops=1)
              ->  Hash  (cost=67604.59..67604.59 rows=52256 width=4) (actual time=1194.413..1194.413 rows=53013 loops=1)
                    Buckets: 65536  Batches: 1  Memory Usage: 2376kB
                    ->  Seq Scan on title t  (cost=0.00..67604.59 rows=52256 width=4) (actual time=0.030..1168.039 rows=53013 loops=1)
                          Filter: (production_year = 2000)
                          Rows Removed by Filter: 2475299
Planning time: 1.103 ms
Execution time: 15976.270 ms
