Seq Scan on movie_companies mc  (cost=0.00..57926.93 rows=589586 width=0) (actual time=426.355..947.940 rows=873073 loops=1)
  Filter: ((company_id > 12888) AND (company_type_id = 2))
  Rows Removed by Filter: 1736056
Planning time: 0.417 ms
Execution time: 1044.346 ms
