Hash Join  (cost=128096.74..1184916.48 rows=2850508 width=0) (actual time=2382.059..29621.355 rows=2635659 loops=1)
  Hash Cond: (ci.movie_id = t.id)
  ->  Seq Scan on cast_info ci  (cost=0.00..705507.15 rows=27830798 width=4) (actual time=0.025..15550.697 rows=27955430 loops=1)
        Filter: (person_id > 811951)
        Rows Removed by Filter: 8288914
  ->  Hash  (cost=123847.50..123847.50 rows=258979 width=8) (actual time=2381.184..2381.184 rows=134070 loops=1)
        Buckets: 131072  Batches: 4  Memory Usage: 2346kB
        ->  Hash Join  (cost=81711.23..123847.50 rows=258979 width=8) (actual time=1701.120..2340.048 rows=134070 loops=1)
              Hash Cond: (mi_idx.movie_id = t.id)
              ->  Seq Scan on movie_info_idx mi_idx  (cost=0.00..21735.35 rows=1380035 width=4) (actual time=0.025..428.312 rows=1380035 loops=1)
              ->  Hash  (cost=73925.90..73925.90 rows=474506 width=4) (actual time=1250.757..1250.757 rows=360459 loops=1)
                    Buckets: 131072  Batches: 8  Memory Usage: 2595kB
                    ->  Seq Scan on title t  (cost=0.00..73925.90 rows=474506 width=4) (actual time=0.017..1133.840 rows=360459 loops=1)
                          Filter: ((production_year < 1994) AND (kind_id = 7))
                          Rows Removed by Filter: 2167853
Planning time: 1.222 ms
Execution time: 29929.316 ms
