Hash Join  (cost=102767.86..255223.66 rows=2558934 width=0) (actual time=2047.466..6393.866 rows=2549193 loops=1)
  Hash Cond: (mk.movie_id = t.id)
  ->  Seq Scan on movie_keyword mk  (cost=0.00..81003.12 rows=2558934 width=4) (actual time=0.021..1728.441 rows=2549193 loops=1)
        Filter: (keyword_id < 6423)
        Rows Removed by Filter: 1974737
  ->  Hash  (cost=61283.27..61283.27 rows=2528527 width=4) (actual time=2046.292..2046.292 rows=2528312 loops=1)
        Buckets: 131072  Batches: 64  Memory Usage: 2425kB
        ->  Seq Scan on title t  (cost=0.00..61283.27 rows=2528527 width=4) (actual time=0.019..1165.209 rows=2528312 loops=1)
Planning time: 0.717 ms
Execution time: 6697.053 ms
