Seq Scan on cast_info ci  (cost=0.00..796071.18 rows=176 width=0) (actual time=2651.709..13532.296 rows=1 loops=1)
  Filter: ((role_id < 2) AND (person_id = 293661))
  Rows Removed by Filter: 36244343
Planning time: 0.404 ms
Execution time: 13532.400 ms
