Seq Scan on movie_keyword mk  (cost=0.00..81003.12 rows=1174788 width=0) (actual time=0.018..1438.901 rows=1187108 loops=1)
  Filter: (keyword_id > 15636)
  Rows Removed by Filter: 3336822
Planning time: 0.239 ms
Execution time: 1586.259 ms
