Hash Join  (cost=137374.89..225150.13 rows=111720 width=0) (actual time=2815.507..4890.029 rows=772602 loops=1)
  Hash Cond: (mk.movie_id = t.id)
  ->  Seq Scan on movie_keyword mk  (cost=0.00..69693.30 rows=4523930 width=4) (actual time=0.027..1018.810 rows=4523930 loops=1)
  ->  Hash  (cost=136594.36..136594.36 rows=62443 width=8) (actual time=2815.002..2815.002 rows=55252 loops=1)
        Buckets: 65536  Batches: 1  Memory Usage: 2671kB
        ->  Hash Join  (cost=69687.24..136594.36 rows=62443 width=8) (actual time=1247.391..2793.245 rows=55252 loops=1)
              Hash Cond: (mc.movie_id = t.id)
              ->  Seq Scan on movie_companies mc  (cost=0.00..51404.11 rows=1243887 width=4) (actual time=0.018..1038.375 rows=1258181 loops=1)
                    Filter: (company_id > 11594)
                    Rows Removed by Filter: 1350948
              ->  Hash  (cost=67604.59..67604.59 rows=126932 width=4) (actual time=1246.518..1246.518 rows=122861 loops=1)
                    Buckets: 131072  Batches: 2  Memory Usage: 3191kB
                    ->  Seq Scan on title t  (cost=0.00..67604.59 rows=126932 width=4) (actual time=0.017..1201.161 rows=122861 loops=1)
                          Filter: (production_year = 2008)
                          Rows Removed by Filter: 2405451
Planning time: 1.480 ms
Execution time: 4987.159 ms
