Hash Join  (cost=155924.05..293106.06 rows=1245897 width=0) (actual time=3383.956..7136.721 rows=998331 loops=1)
  Hash Cond: (mk.movie_id = t.id)
  ->  Seq Scan on movie_keyword mk  (cost=0.00..69693.30 rows=4523930 width=4) (actual time=0.017..1558.624 rows=4523930 loops=1)
  ->  Hash  (cost=144498.55..144498.55 rows=696360 width=8) (actual time=3381.965..3381.965 rows=382137 loops=1)
        Buckets: 131072  Batches: 16  Memory Usage: 1966kB
        ->  Hash Join  (cost=94858.47..144498.55 rows=696360 width=8) (actual time=1815.214..3266.255 rows=382137 loops=1)
              Hash Cond: (mi_idx.movie_id = t.id)
              ->  Seq Scan on movie_info_idx mi_idx  (cost=0.00..21735.35 rows=1380035 width=4) (actual time=0.020..483.726 rows=1380035 loops=1)
              ->  Hash  (cost=73925.90..73925.90 rows=1275885 width=4) (actual time=1814.080..1814.080 rows=1357653 loops=1)
                    Buckets: 131072  Batches: 32  Memory Usage: 2519kB
                    ->  Seq Scan on title t  (cost=0.00..73925.90 rows=1275885 width=4) (actual time=97.425..1395.231 rows=1357653 loops=1)
                          Filter: ((production_year > 1969) AND (kind_id = 7))
                          Rows Removed by Filter: 1170659
Planning time: 1.170 ms
Execution time: 7251.608 ms
