Hash Join  (cost=86907.34..1237159.89 rows=11335838 width=0) (actual time=1363.036..35552.386 rows=11562757 loops=1)
  Hash Cond: (ci.movie_id = t.id)
  ->  Seq Scan on cast_info ci  (cost=0.00..614943.12 rows=36225612 width=4) (actual time=0.019..13594.903 rows=36244344 loops=1)
  ->  Hash  (cost=73925.90..73925.90 rows=791235 width=4) (actual time=1361.954..1361.954 rows=701949 loops=1)
        Buckets: 131072  Batches: 16  Memory Usage: 2566kB
        ->  Seq Scan on title t  (cost=0.00..73925.90 rows=791235 width=4) (actual time=0.020..1155.583 rows=701949 loops=1)
              Filter: ((kind_id < 7) AND (production_year > 1974))
              Rows Removed by Filter: 1826363
Planning time: 0.944 ms
Execution time: 36777.480 ms
