Nested Loop  (cost=32636.42..132770.32 rows=3033 width=0) (actual time=932.119..2524.009 rows=9525 loops=1)
  ->  Hash Join  (cost=32635.99..118665.89 rows=16520 width=8) (actual time=932.050..2246.227 rows=9525 loops=1)
        Hash Cond: (mk.movie_id = mi_idx.movie_id)
        ->  Seq Scan on movie_keyword mk  (cost=0.00..81003.12 rows=16889 width=4) (actual time=0.088..1220.600 rows=14120 loops=1)
              Filter: (keyword_id = 1382)
              Rows Removed by Filter: 4509810
        ->  Hash  (cost=25185.44..25185.44 rows=454124 width=4) (actual time=929.636..929.636 rows=459925 loops=1)
              Buckets: 131072  Batches: 8  Memory Usage: 3059kB
              ->  Seq Scan on movie_info_idx mi_idx  (cost=0.00..25185.44 rows=454124 width=4) (actual time=0.025..497.323 rows=459925 loops=1)
                    Filter: (info_type_id = 100)
                    Rows Removed by Filter: 920110
  ->  Index Only Scan using title_pkey on title t  (cost=0.43..0.84 rows=1 width=4) (actual time=0.028..0.029 rows=1 loops=9525)
        Index Cond: (id = mi_idx.movie_id)
        Heap Fetches: 9525
Planning time: 4.674 ms
Execution time: 2526.447 ms
