Seq Scan on movie_companies mc  (cost=0.00..51404.11 rows=1769901 width=0) (actual time=0.022..966.585 rows=1760063 loops=1)
  Filter: (company_id < 25361)
  Rows Removed by Filter: 849066
Planning time: 0.367 ms
Execution time: 1193.066 ms
