Hash Join  (cost=102767.86..171527.19 rows=39655 width=0) (actual time=1853.562..3409.928 rows=66520 loops=1)
  Hash Cond: (mc.movie_id = t.id)
  ->  Seq Scan on movie_companies mc  (cost=0.00..57926.93 rows=39655 width=4) (actual time=0.006..810.834 rows=66520 loops=1)
        Filter: ((company_id < 19) AND (company_type_id < 2))
        Rows Removed by Filter: 2542609
  ->  Hash  (cost=61283.27..61283.27 rows=2528527 width=4) (actual time=1852.019..1852.019 rows=2528312 loops=1)
        Buckets: 131072  Batches: 64  Memory Usage: 2415kB
        ->  Seq Scan on title t  (cost=0.00..61283.27 rows=2528527 width=4) (actual time=0.020..1010.873 rows=2528312 loops=1)
Planning time: 0.676 ms
Execution time: 3418.018 ms
