Hash Join  (cost=193656.78..948768.75 rows=432278 width=0) (actual time=3877.811..20752.044 rows=668696 loops=1)
  Hash Cond: (ci.movie_id = t.id)
  ->  Seq Scan on cast_info ci  (cost=0.00..614943.12 rows=36225612 width=4) (actual time=0.015..7992.947 rows=36244344 loops=1)
  ->  Hash  (cost=193279.61..193279.61 rows=30173 width=8) (actual time=3877.311..3877.311 rows=16937 loops=1)
        Buckets: 32768  Batches: 1  Memory Usage: 918kB
        ->  Hash Join  (cost=103076.32..193279.61 rows=30173 width=8) (actual time=2151.407..3870.220 rows=16937 loops=1)
              Hash Cond: (mk.movie_id = t.id)
              ->  Seq Scan on movie_keyword mk  (cost=0.00..81003.12 rows=35287 width=4) (actual time=0.040..1303.983 rows=29440 loops=1)
                    Filter: (keyword_id = 359)
                    Rows Removed by Filter: 4494490
              ->  Hash  (cost=67604.59..67604.59 rows=2162059 width=4) (actual time=2150.386..2150.386 rows=2159747 loops=1)
                    Buckets: 131072  Batches: 32  Memory Usage: 3409kB
                    ->  Seq Scan on title t  (cost=0.00..67604.59 rows=2162059 width=4) (actual time=0.013..1435.050 rows=2159747 loops=1)
                          Filter: (production_year > 1964)
                          Rows Removed by Filter: 368565
Planning time: 1.172 ms
Execution time: 20847.982 ms
