Seq Scan on movie_keyword mk  (cost=0.00..81003.12 rows=4406259 width=0) (actual time=0.018..1634.617 rows=4408071 loops=1)
  Filter: (keyword_id < 78912)
  Rows Removed by Filter: 115859
Planning time: 0.327 ms
Execution time: 2183.201 ms
