Hash Join  (cost=87146.10..1239538.90 rows=11544163 width=0) (actual time=1631.357..36689.276 rows=13323469 loops=1)
  Hash Cond: (ci.movie_id = t.id)
  ->  Seq Scan on cast_info ci  (cost=0.00..614943.12 rows=36225612 width=4) (actual time=0.007..12979.801 rows=36244344 loops=1)
  ->  Hash  (cost=73925.90..73925.90 rows=805776 width=4) (actual time=1630.360..1630.360 rows=881945 loops=1)
        Buckets: 131072  Batches: 16  Memory Usage: 2970kB
        ->  Seq Scan on title t  (cost=0.00..73925.90 rows=805776 width=4) (actual time=0.009..1347.752 rows=881945 loops=1)
              Filter: ((production_year > 2001) AND (kind_id = 7))
              Rows Removed by Filter: 1646367
Planning time: 0.859 ms
Execution time: 38208.529 ms
