Seq Scan on movie_keyword mk  (cost=0.00..81003.12 rows=2846816 width=0) (actual time=0.017..1471.599 rows=2835630 loops=1)
  Filter: (keyword_id < 8582)
  Rows Removed by Filter: 1688300
Planning time: 0.339 ms
Execution time: 1812.443 ms
