Hash Join  (cost=115081.52..191232.55 rows=79850 width=0) (actual time=2512.769..4685.128 rows=583180 loops=1)
  Hash Cond: (mc.movie_id = t.id)
  ->  Seq Scan on movie_companies mc  (cost=0.00..44881.29 rows=2609129 width=4) (actual time=0.018..925.715 rows=2609129 loops=1)
  ->  Hash  (cost=113811.24..113811.24 rows=77383 width=8) (actual time=2511.925..2511.925 rows=172562 loops=1)
        Buckets: 131072 (originally 131072)  Batches: 4 (originally 2)  Memory Usage: 3073kB
        ->  Hash Join  (cost=80830.47..113811.24 rows=77383 width=8) (actual time=1546.840..2444.855 rows=172562 loops=1)
              Hash Cond: (mi_idx.movie_id = t.id)
              ->  Seq Scan on movie_info_idx mi_idx  (cost=0.00..25185.44 rows=464934 width=4) (actual time=0.017..491.635 rows=460185 loops=1)
                    Filter: (info_type_id > 100)
                    Rows Removed by Filter: 919850
              ->  Hash  (cost=73925.90..73925.90 rows=420845 width=4) (actual time=1545.917..1545.917 rows=517968 loops=1)
                    Buckets: 131072  Batches: 8  Memory Usage: 3313kB
                    ->  Seq Scan on title t  (cost=0.00..73925.90 rows=420845 width=4) (actual time=0.028..1372.171 rows=517968 loops=1)
                          Filter: ((kind_id < 7) AND (production_year < 2001))
                          Rows Removed by Filter: 2010344
Planning time: 1.211 ms
Execution time: 4756.754 ms
