Seq Scan on movie_companies mc  (cost=0.00..57926.93 rows=1051681 width=0) (actual time=0.015..1144.393 rows=1274246 loops=1)
  Filter: ((company_id < 76081) AND (company_type_id = 1))
  Rows Removed by Filter: 1334883
Planning time: 0.403 ms
Execution time: 1304.742 ms
