Hash Join  (cost=233575.50..774745.20 rows=5750977 width=0) (actual time=4951.387..27660.937 rows=42644279 loops=1)
  Hash Cond: (mi.movie_id = t.id)
  ->  Seq Scan on movie_info mi  (cost=0.00..309384.22 rows=14739122 width=4) (actual time=0.019..5893.667 rows=14835720 loops=1)
  ->  Hash  (cost=217389.10..217389.10 rows=986592 width=8) (actual time=4950.360..4950.360 rows=994435 loops=1)
        Buckets: 131072  Batches: 16  Memory Usage: 3552kB
        ->  Hash Join  (cost=102767.86..217389.10 rows=986592 width=8) (actual time=2018.155..4639.596 rows=994435 loops=1)
              Hash Cond: (mk.movie_id = t.id)
              ->  Seq Scan on movie_keyword mk  (cost=0.00..81003.12 rows=986592 width=4) (actual time=0.016..1365.254 rows=994435 loops=1)
                    Filter: (keyword_id < 940)
                    Rows Removed by Filter: 3529495
              ->  Hash  (cost=61283.27..61283.27 rows=2528527 width=4) (actual time=2016.278..2016.278 rows=2528312 loops=1)
                    Buckets: 131072  Batches: 64  Memory Usage: 2425kB
                    ->  Seq Scan on title t  (cost=0.00..61283.27 rows=2528527 width=4) (actual time=0.012..1118.960 rows=2528312 loops=1)
Planning time: 1.220 ms
Execution time: 32134.500 ms
