Hash Join  (cost=102767.86..911805.39 rows=128268 width=0) (actual time=2155.636..14206.325 rows=118987 loops=1)
  Hash Cond: (ci.movie_id = t.id)
  ->  Seq Scan on cast_info ci  (cost=0.00..796071.18 rows=128268 width=4) (actual time=0.383..11502.624 rows=118987 loops=1)
        Filter: ((person_id < 161984) AND (role_id = 4))
        Rows Removed by Filter: 36125357
  ->  Hash  (cost=61283.27..61283.27 rows=2528527 width=4) (actual time=2154.478..2154.478 rows=2528312 loops=1)
        Buckets: 131072  Batches: 64  Memory Usage: 2415kB
        ->  Seq Scan on title t  (cost=0.00..61283.27 rows=2528527 width=4) (actual time=0.020..1284.586 rows=2528312 loops=1)
Planning time: 0.553 ms
Execution time: 14221.294 ms
