Seq Scan on cast_info ci  (cost=0.00..705507.15 rows=500 width=0) (actual time=1325.333..10630.671 rows=33 loops=1)
  Filter: (person_id = 1064594)
  Rows Removed by Filter: 36244311
Planning time: 0.458 ms
Execution time: 10630.786 ms
