Hash Join  (cost=202290.51..736897.98 rows=927898 width=0) (actual time=4631.258..20446.025 rows=4846218 loops=1)
  Hash Cond: (mi.movie_id = t.id)
  ->  Seq Scan on movie_info mi  (cost=0.00..346232.03 rows=13926693 width=4) (actual time=0.021..7774.462 rows=13963496 loops=1)
        Filter: (info_type_id < 98)
        Rows Removed by Filter: 872224
  ->  Hash  (cost=199525.65..199525.65 rows=168469 width=8) (actual time=4629.628..4629.628 rows=467660 loops=1)
        Buckets: 131072 (originally 131072)  Batches: 8 (originally 4)  Memory Usage: 3311kB
        ->  Hash Join  (cost=75470.92..199525.65 rows=168469 width=8) (actual time=1077.604..3979.663 rows=467660 loops=1)
              Hash Cond: (mk.movie_id = t.id)
              ->  Seq Scan on movie_keyword mk  (cost=0.00..69693.30 rows=4523930 width=4) (actual time=0.012..1346.709 rows=4523930 loops=1)
              ->  Hash  (cost=73925.90..73925.90 rows=94161 width=4) (actual time=1076.714..1076.714 rows=117908 loops=1)
                    Buckets: 131072  Batches: 2  Memory Usage: 3101kB
                    ->  Seq Scan on title t  (cost=0.00..73925.90 rows=94161 width=4) (actual time=0.013..1034.003 rows=117908 loops=1)
                          Filter: ((production_year > 1970) AND (kind_id = 4))
                          Rows Removed by Filter: 2410404
Planning time: 1.176 ms
Execution time: 21044.032 ms
