Hash Join  (cost=152707.40..1272606.43 rows=8380980 width=0) (actual time=3409.204..40773.748 rows=17232706 loops=1)
  Hash Cond: (ci.movie_id = t.id)
  ->  Seq Scan on cast_info ci  (cost=0.00..614943.12 rows=36225612 width=4) (actual time=0.022..13405.176 rows=36244344 loops=1)
  ->  Hash  (cost=143109.05..143109.05 rows=584988 width=8) (actual time=3408.280..3408.280 rows=540337 loops=1)
        Buckets: 131072  Batches: 8  Memory Usage: 3665kB
        ->  Hash Join  (cost=94009.45..143109.05 rows=584988 width=8) (actual time=1810.564..3250.976 rows=540337 loops=1)
              Hash Cond: (mi_idx.movie_id = t.id)
              ->  Seq Scan on movie_info_idx mi_idx  (cost=0.00..25185.44 rows=919057 width=4) (actual time=0.019..552.300 rows=920110 loops=1)
                    Filter: (info_type_id > 99)
                    Rows Removed by Filter: 459925
              ->  Hash  (cost=67604.59..67604.59 rows=1609429 width=4) (actual time=1809.677..1809.677 rows=1607077 loops=1)
                    Buckets: 131072  Batches: 32  Memory Usage: 2791kB
                    ->  Seq Scan on title t  (cost=0.00..67604.59 rows=1609429 width=4) (actual time=0.011..1308.696 rows=1607077 loops=1)
                          Filter: (production_year > 1995)
                          Rows Removed by Filter: 921235
Planning time: 1.022 ms
Execution time: 42826.937 ms
