Hash Join  (cost=439548.17..1487081.77 rows=1336543 width=0) (actual time=7319.605..44973.818 rows=36838788 loops=1)
  Hash Cond: (ci.movie_id = t.id)
  ->  Seq Scan on cast_info ci  (cost=0.00..614943.12 rows=36225612 width=4) (actual time=0.020..12964.177 rows=36244344 loops=1)
  ->  Hash  (cost=438017.05..438017.05 rows=93290 width=8) (actual time=7318.778..7318.778 rows=397558 loops=1)
        Buckets: 131072 (originally 131072)  Batches: 8 (originally 2)  Memory Usage: 3073kB
        ->  Hash Join  (cost=84013.42..438017.05 rows=93290 width=8) (actual time=6012.010..7193.761 rows=397558 loops=1)
              Hash Cond: (mi.movie_id = t.id)
              ->  Seq Scan on movie_info mi  (cost=0.00..346232.03 rows=383654 width=4) (actual time=4444.975..5277.993 rows=428651 loops=1)
                    Filter: (info_type_id > 104)
                    Rows Removed by Filter: 14407069
              ->  Hash  (cost=73925.90..73925.90 rows=614841 width=4) (actual time=1524.496..1524.496 rows=523219 loops=1)
                    Buckets: 131072  Batches: 16  Memory Usage: 2180kB
                    ->  Seq Scan on title t  (cost=0.00..73925.90 rows=614841 width=4) (actual time=0.032..1356.627 rows=523219 loops=1)
                          Filter: ((production_year > 1936) AND (kind_id = 1))
                          Rows Removed by Filter: 2005093
Planning time: 1.152 ms
Execution time: 49072.953 ms
