Seq Scan on movie_companies mc  (cost=0.00..51404.11 rows=442371 width=0) (actual time=93.386..870.488 rows=446891 loops=1)
  Filter: (company_id > 77527)
  Rows Removed by Filter: 2162238
Planning time: 0.339 ms
Execution time: 927.246 ms
