Hash Join  (cost=141820.76..904468.37 rows=772203 width=0) (actual time=7465.105..19208.150 rows=3139531 loops=1)
  Hash Cond: (ci.movie_id = t.id)
  ->  Seq Scan on cast_info ci  (cost=0.00..705507.15 rows=4113449 width=4) (actual time=3657.056..12391.554 rows=4153627 loops=1)
        Filter: (person_id > 3297031)
        Rows Removed by Filter: 32090717
  ->  Hash  (cost=134032.37..134032.37 rows=474671 width=8) (actual time=3807.114..3807.114 rows=915677 loops=1)
        Buckets: 131072 (originally 131072)  Batches: 16 (originally 8)  Memory Usage: 3265kB
        ->  Hash Join  (cost=88195.18..134032.37 rows=474671 width=8) (actual time=1936.657..3516.619 rows=915677 loops=1)
              Hash Cond: (mi_idx.movie_id = t.id)
              ->  Seq Scan on movie_info_idx mi_idx  (cost=0.00..21735.35 rows=1380035 width=4) (actual time=0.020..497.147 rows=1380035 loops=1)
              ->  Hash  (cost=73925.90..73925.90 rows=869702 width=4) (actual time=1935.596..1935.596 rows=896788 loops=1)
                    Buckets: 131072  Batches: 16  Memory Usage: 2998kB
                    ->  Seq Scan on title t  (cost=0.00..73925.90 rows=869702 width=4) (actual time=6.044..1399.237 rows=896788 loops=1)
                          Filter: ((kind_id < 7) AND (production_year < 2012))
                          Rows Removed by Filter: 1631524
Planning time: 3.588 ms
Execution time: 19580.337 ms
