Hash Join  (cost=103604.85..1139666.68 rows=11590717 width=0) (actual time=4600.458..28754.957 rows=11176587 loops=1)
  Hash Cond: (ci.movie_id = t.id)
  ->  Seq Scan on cast_info ci  (cost=0.00..705507.15 rows=16201301 width=4) (actual time=2544.180..15021.313 rows=16121683 loops=1)
        Filter: (role_id > 2)
        Rows Removed by Filter: 20122661
  ->  Hash  (cost=73925.90..73925.90 rows=1808956 width=4) (actual time=2055.078..2055.078 rows=1799907 loops=1)
        Buckets: 131072  Batches: 32  Memory Usage: 3007kB
        ->  Seq Scan on title t  (cost=0.00..73925.90 rows=1808956 width=4) (actual time=0.026..1504.490 rows=1799907 loops=1)
              Filter: ((kind_id > 1) AND (production_year > 0))
              Rows Removed by Filter: 728405
Planning time: 0.807 ms
Execution time: 30053.869 ms
