Hash Join  (cost=74029.65..100985.44 rows=4530 width=0) (actual time=1159.191..1564.895 rows=6162 loops=1)
  Hash Cond: (mi_idx.movie_id = t.id)
  ->  Seq Scan on movie_info_idx mi_idx  (cost=0.00..21735.35 rows=1380035 width=4) (actual time=0.010..296.236 rows=1380035 loops=1)
  ->  Hash  (cost=73925.90..73925.90 rows=8300 width=4) (actual time=1004.999..1004.999 rows=7850 loops=1)
        Buckets: 16384  Batches: 1  Memory Usage: 404kB
        ->  Seq Scan on title t  (cost=0.00..73925.90 rows=8300 width=4) (actual time=0.015..1001.049 rows=7850 loops=1)
              Filter: ((production_year > 2011) AND (kind_id = 2))
              Rows Removed by Filter: 2520462
Planning time: 0.786 ms
Execution time: 1565.901 ms
