Hash Join  (cost=123984.52..930229.54 rows=4022 width=0) (actual time=4405.267..15638.879 rows=10653 loops=1)
  Hash Cond: (ci.movie_id = t.id)
  ->  Seq Scan on cast_info ci  (cost=0.00..796071.18 rows=2702299 width=4) (actual time=3100.183..14024.813 rows=1616206 loops=1)
        Filter: ((person_id < 2510400) AND (role_id = 3))
        Rows Removed by Filter: 34628138
  ->  Hash  (cost=123937.48..123937.48 rows=3763 width=8) (actual time=1304.189..1304.189 rows=9887 loops=1)
        Buckets: 16384 (originally 4096)  Batches: 1 (originally 1)  Memory Usage: 515kB
        ->  Hash Join  (cost=67697.55..123937.48 rows=3763 width=8) (actual time=854.347..1302.206 rows=9887 loops=1)
              Hash Cond: (mc.movie_id = t.id)
              ->  Seq Scan on movie_companies mc  (cost=0.00..51404.11 rows=1279517 width=4) (actual time=0.033..337.242 rows=1274246 loops=1)
                    Filter: (company_type_id = 1)
                    Rows Removed by Filter: 1334883
              ->  Hash  (cost=67604.59..67604.59 rows=7437 width=4) (actual time=854.230..854.230 rows=13994 loops=1)
                    Buckets: 16384 (originally 8192)  Batches: 1 (originally 1)  Memory Usage: 620kB
                    ->  Seq Scan on title t  (cost=0.00..67604.59 rows=7437 width=4) (actual time=0.036..848.269 rows=13994 loops=1)
                          Filter: (production_year = 1976)
                          Rows Removed by Filter: 2514318
Planning time: 7.228 ms
Execution time: 15640.625 ms
