Seq Scan on cast_info ci  (cost=0.00..796071.18 rows=176 width=0) (actual time=10864.274..13706.620 rows=154 loops=1)
  Filter: ((role_id < 2) AND (person_id = 397838))
  Rows Removed by Filter: 36244190
Planning time: 0.443 ms
Execution time: 13706.773 ms
