Seq Scan on movie_companies mc  (cost=0.00..57926.93 rows=464992 width=0) (actual time=415.995..902.167 rows=264987 loops=1)
  Filter: ((company_id < 3060) AND (company_type_id > 1))
  Rows Removed by Filter: 2344142
Planning time: 0.373 ms
Execution time: 932.990 ms
