Seq Scan on movie_keyword mk  (cost=0.00..81003.12 rows=246 width=0) (actual time=1.092..1241.021 rows=989 loops=1)
  Filter: (keyword_id = 1086)
  Rows Removed by Filter: 4522941
Planning time: 0.346 ms
Execution time: 1241.446 ms
