Hash Join  (cost=566467.51..1517861.81 rows=5280342 width=0) (actual time=14529.647..38996.643 rows=28395887 loops=1)
  Hash Cond: (ci.movie_id = t.id)
  ->  Seq Scan on cast_info ci  (cost=0.00..796071.18 rows=6739952 width=4) (actual time=0.099..15180.075 rows=2838784 loops=1)
        Filter: ((person_id < 2665307) AND (role_id > 4))
        Rows Removed by Filter: 33405560
  ->  Hash  (cost=533966.67..533966.67 rows=1980947 width=8) (actual time=14527.340..14527.340 rows=3869902 loops=1)
        Buckets: 131072 (originally 131072)  Batches: 64 (originally 32)  Memory Usage: 3362kB
        ->  Hash Join  (cost=78556.72..533966.67 rows=1980947 width=8) (actual time=1453.030..13374.276 rows=3869902 loops=1)
              Hash Cond: (mi.movie_id = t.id)
              ->  Seq Scan on movie_info mi  (cost=0.00..346232.03 rows=7503588 width=4) (actual time=0.009..6902.197 rows=7548855 loops=1)
                    Filter: (info_type_id > 7)
                    Rows Removed by Filter: 7286865
              ->  Hash  (cost=67604.59..67604.59 rows=667531 width=4) (actual time=1367.271..1367.271 rows=662825 loops=1)
                    Buckets: 131072  Batches: 16  Memory Usage: 2485kB
                    ->  Seq Scan on title t  (cost=0.00..67604.59 rows=667531 width=4) (actual time=0.016..1159.509 rows=662825 loops=1)
                          Filter: (kind_id = 1)
                          Rows Removed by Filter: 1865487
Planning time: 7.303 ms
Execution time: 42169.826 ms
