Hash Join  (cost=69928.56..871654.96 rows=23559 width=0) (actual time=11861.550..12473.356 rows=40 loops=1)
  Hash Cond: (ci.movie_id = t.id)
  ->  Seq Scan on cast_info ci  (cost=0.00..796071.18 rows=420702 width=4) (actual time=10317.137..10939.355 rows=271 loops=1)
        Filter: ((person_id < 199098) AND (role_id = 2))
        Rows Removed by Filter: 36244073
  ->  Hash  (cost=67604.59..67604.59 rows=141598 width=4) (actual time=1094.150..1094.150 rows=141703 loops=1)
        Buckets: 131072  Batches: 2  Memory Usage: 3511kB
        ->  Seq Scan on title t  (cost=0.00..67604.59 rows=141598 width=4) (actual time=0.027..864.775 rows=141703 loops=1)
              Filter: (production_year = 2010)
              Rows Removed by Filter: 2386609
Planning time: 0.818 ms
Execution time: 12473.667 ms
