Hash Join  (cost=334791.12..2048277.66 rows=52940235 width=0) (actual time=8195.853..83374.706 rows=198254658 loops=1)
  Hash Cond: (ci.movie_id = t.id)
  ->  Seq Scan on cast_info ci  (cost=0.00..614943.12 rows=36225612 width=4) (actual time=0.011..13672.733 rows=36244344 loops=1)
  ->  Hash  (cost=274166.14..274166.14 rows=3695198 width=8) (actual time=8194.559..8194.559 rows=4200438 loops=1)
        Buckets: 131072  Batches: 64  Memory Usage: 3613kB
        ->  Hash Join  (cost=101489.21..274166.14 rows=3695198 width=8) (actual time=2081.179..7038.070 rows=4200438 loops=1)
              Hash Cond: (mk.movie_id = t.id)
              ->  Seq Scan on movie_keyword mk  (cost=0.00..69693.30 rows=4523930 width=4) (actual time=0.014..1510.759 rows=4523930 loops=1)
              ->  Hash  (cost=67604.59..67604.59 rows=2065330 width=4) (actual time=2079.574..2079.574 rows=2064552 loops=1)
                    Buckets: 131072  Batches: 32  Memory Usage: 3298kB
                    ->  Seq Scan on title t  (cost=0.00..67604.59 rows=2065330 width=4) (actual time=0.024..1404.660 rows=2064552 loops=1)
                          Filter: (production_year < 2011)
                          Rows Removed by Filter: 463760
Planning time: 1.508 ms
Execution time: 103150.826 ms
