Hash Join  (cost=185939.14..967311.22 rows=3142414 width=219) (actual time=5342.425..32963.873 rows=17251286 loops=1)
  Hash Cond: (mi.movie_id = t.id)
  ->  Seq Scan on movie_info mi  (cost=0.00..309384.22 rows=14739122 width=75) (actual time=0.011..7881.956 rows=14835720 loops=1)
  ->  Hash  (cost=168144.54..168144.54 rows=539088 width=144) (actual time=5341.512..5341.512 rows=954317 loops=1)
        Buckets: 32768 (originally 32768)  Batches: 64 (originally 32)  Memory Usage: 3841kB
        ->  Hash Join  (cost=94420.17..168144.54 rows=539088 width=144) (actual time=2270.942..4729.365 rows=954317 loops=1)
              Hash Cond: (mi_idx.movie_id = t.id)
              ->  Seq Scan on movie_info_idx mi_idx  (cost=0.00..21735.35 rows=1380035 width=50) (actual time=0.014..610.305 rows=1380035 loops=1)
              ->  Hash  (cost=67604.59..67604.59 rows=987727 width=94) (actual time=2268.940..2268.940 rows=985048 loops=1)
                    Buckets: 32768  Batches: 64  Memory Usage: 1938kB
                    ->  Seq Scan on title t  (cost=0.00..67604.59 rows=987727 width=94) (actual time=0.021..1844.900 rows=985048 loops=1)
                          Filter: (kind_id < 7)
                          Rows Removed by Filter: 1543264
Planning time: 1.439 ms
Execution time: 33914.682 ms
