Seq Scan on movie_keyword mk  (cost=0.00..81003.12 rows=3846094 width=0) (actual time=0.023..4435.488 rows=3846543 loops=1)
  Filter: (keyword_id > 548)
  Rows Removed by Filter: 677387
Planning time: 0.337 ms
Execution time: 5089.658 ms
