Seq Scan on movie_keyword mk  (cost=0.00..81003.12 rows=3925264 width=0) (actual time=0.026..4425.923 rows=3924336 loops=1)
  Filter: (keyword_id < 30657)
  Rows Removed by Filter: 599594
Planning time: 0.292 ms
Execution time: 5028.981 ms
