Hash Join  (cost=67697.55..94625.21 rows=1356 width=0) (actual time=3336.260..5070.429 rows=5677 loops=1)
  Hash Cond: (mi_idx.movie_id = t.id)
  ->  Seq Scan on movie_info_idx mi_idx  (cost=0.00..25185.44 rows=460978 width=4) (actual time=0.015..1563.143 rows=459925 loops=1)
        Filter: (info_type_id = 99)
        Rows Removed by Filter: 920110
  ->  Hash  (cost=67604.59..67604.59 rows=7437 width=4) (actual time=3336.141..3336.141 rows=21312 loops=1)
        Buckets: 32768 (originally 8192)  Batches: 1 (originally 1)  Memory Usage: 1006kB
        ->  Seq Scan on title t  (cost=0.00..67604.59 rows=7437 width=4) (actual time=0.100..3325.967 rows=21312 loops=1)
              Filter: (production_year = 1989)
              Rows Removed by Filter: 2507000
Planning time: 0.693 ms
Execution time: 5071.764 ms
