Hash Join  (cost=102767.86..278838.71 rows=3540291 width=0) (actual time=2249.587..7484.308 rows=3531483 loops=1)
  Hash Cond: (mk.movie_id = t.id)
  ->  Seq Scan on movie_keyword mk  (cost=0.00..81003.12 rows=3540291 width=4) (actual time=0.013..1813.138 rows=3531483 loops=1)
        Filter: (keyword_id < 18649)
        Rows Removed by Filter: 992447
  ->  Hash  (cost=61283.27..61283.27 rows=2528527 width=4) (actual time=2248.651..2248.651 rows=2528312 loops=1)
        Buckets: 131072  Batches: 64  Memory Usage: 2425kB
        ->  Seq Scan on title t  (cost=0.00..61283.27 rows=2528527 width=4) (actual time=0.020..1176.585 rows=2528312 loops=1)
Planning time: 0.716 ms
Execution time: 7914.616 ms
