Seq Scan on movie_keyword mk  (cost=0.00..81003.12 rows=246 width=0) (actual time=89.687..3306.388 rows=37 loops=1)
  Filter: (keyword_id = 20192)
  Rows Removed by Filter: 4523893
Planning time: 0.357 ms
Execution time: 3306.513 ms
