Nested Loop  (cost=0.43..447802.20 rows=17937 width=0) (actual time=13773.616..15384.993 rows=13698 loops=1)
  ->  Seq Scan on movie_info mi  (cost=0.00..346232.03 rows=17937 width=4) (actual time=13773.439..14553.446 rows=13698 loops=1)
        Filter: (info_type_id = 97)
        Rows Removed by Filter: 14822022
  ->  Index Only Scan using title_pkey on title t  (cost=0.43..5.65 rows=1 width=4) (actual time=0.060..0.060 rows=1 loops=13698)
        Index Cond: (id = mi.movie_id)
        Heap Fetches: 13698
Planning time: 1.249 ms
Execution time: 15388.074 ms
