Seq Scan on movie_keyword mk  (cost=0.00..81003.12 rows=588379 width=0) (actual time=0.015..3900.386 rows=595028 loops=1)
  Filter: (keyword_id < 434)
  Rows Removed by Filter: 3928902
Planning time: 0.309 ms
Execution time: 3996.988 ms
