Hash Join  (cost=200807.88..245496.73 rows=407737 width=0) (actual time=9329.509..11677.788 rows=585232 loops=1)
  Hash Cond: (mi_idx.movie_id = t.id)
  ->  Seq Scan on movie_info_idx mi_idx  (cost=0.00..21735.35 rows=1380035 width=4) (actual time=0.020..1366.414 rows=1380035 loops=1)
  ->  Hash  (cost=188550.58..188550.58 rows=747064 width=8) (actual time=9328.383..9328.383 rows=466549 loops=1)
        Buckets: 131072  Batches: 16  Memory Usage: 2154kB
        ->  Hash Join  (cost=102767.86..188550.58 rows=747064 width=8) (actual time=6715.824..9191.255 rows=466549 loops=1)
              Hash Cond: (mc.movie_id = t.id)
              ->  Seq Scan on movie_companies mc  (cost=0.00..57926.93 rows=747064 width=4) (actual time=1563.583..3141.577 rows=466549 loops=1)
                    Filter: ((company_id < 13092) AND (company_type_id > 1))
                    Rows Removed by Filter: 2142580
              ->  Hash  (cost=61283.27..61283.27 rows=2528527 width=4) (actual time=5150.894..5150.894 rows=2528312 loops=1)
                    Buckets: 131072  Batches: 64  Memory Usage: 2415kB
                    ->  Seq Scan on title t  (cost=0.00..61283.27 rows=2528527 width=4) (actual time=0.027..4081.427 rows=2528312 loops=1)
Planning time: 1.164 ms
Execution time: 11769.304 ms
