Seq Scan on cast_info ci  (cost=0.00..796071.18 rows=5569970 width=0) (actual time=0.024..35110.272 rows=11348472 loops=1)
  Filter: ((person_id < 1555990) AND (role_id < 2))
  Rows Removed by Filter: 24895872
Planning time: 0.404 ms
Execution time: 36939.229 ms
