Seq Scan on cast_info ci  (cost=0.00..705507.15 rows=500 width=0) (actual time=5470.598..30302.396 rows=4 loops=1)
  Filter: (person_id = 1995080)
  Rows Removed by Filter: 36244340
Planning time: 0.458 ms
Execution time: 30303.588 ms
