Nested Loop  (cost=0.43..58375.18 rows=53 width=0) (actual time=19.455..2539.233 rows=43 loops=1)
  ->  Seq Scan on movie_companies mc  (cost=0.00..57926.93 rows=53 width=4) (actual time=19.376..2527.428 rows=43 loops=1)
        Filter: ((company_id = 1596) AND (company_type_id = 2))
        Rows Removed by Filter: 2609086
  ->  Index Only Scan using title_pkey on title t  (cost=0.43..8.45 rows=1 width=4) (actual time=0.270..0.270 rows=1 loops=43)
        Index Cond: (id = mc.movie_id)
        Heap Fetches: 43
Planning time: 0.667 ms
Execution time: 2539.340 ms
