Seq Scan on movie_companies mc  (cost=0.00..57926.93 rows=202627 width=0) (actual time=902.696..2476.903 rows=402580 loops=1)
  Filter: ((company_id > 81936) AND (company_type_id > 1))
  Rows Removed by Filter: 2206549
Planning time: 0.351 ms
Execution time: 2541.716 ms
