Nested Loop  (cost=0.43..83071.67 rows=246 width=0) (actual time=5.576..3475.353 rows=445 loops=1)
  ->  Seq Scan on movie_keyword mk  (cost=0.00..81003.12 rows=246 width=4) (actual time=5.494..3391.714 rows=445 loops=1)
        Filter: (keyword_id = 6225)
        Rows Removed by Filter: 4523485
  ->  Index Only Scan using title_pkey on title t  (cost=0.43..8.40 rows=1 width=4) (actual time=0.184..0.185 rows=1 loops=445)
        Index Cond: (id = mk.movie_id)
        Heap Fetches: 445
Planning time: 0.805 ms
Execution time: 3475.767 ms
