Seq Scan on cast_info ci  (cost=0.00..705507.15 rows=20024311 width=0) (actual time=0.024..14297.927 rows=20122661 loops=1)
  Filter: (role_id < 3)
  Rows Removed by Filter: 16121683
Planning time: 0.352 ms
Execution time: 16684.277 ms
