Hash Join  (cost=446336.99..1501188.72 rows=2048959 width=0) (actual time=21373.074..75160.375 rows=4717969 loops=1)
  Hash Cond: (ci.movie_id = t.id)
  ->  Seq Scan on cast_info ci  (cost=0.00..614943.12 rows=36225612 width=4) (actual time=0.017..35534.313 rows=36244344 loops=1)
  ->  Hash  (cost=443990.29..443990.29 rows=143016 width=8) (actual time=21368.342..21368.342 rows=95507 loops=1)
        Buckets: 131072  Batches: 2  Memory Usage: 2867kB
        ->  Hash Join  (cost=70308.29..443990.29 rows=143016 width=8) (actual time=5304.181..21329.313 rows=95507 loops=1)
              Hash Cond: (mi.movie_id = t.id)
              ->  Seq Scan on movie_info mi  (cost=0.00..346232.03 rows=2194617 width=4) (actual time=1753.981..16658.332 rows=2233850 loops=1)
                    Filter: (info_type_id > 16)
                    Rows Removed by Filter: 12601870
              ->  Hash  (cost=67604.59..67604.59 rows=164776 width=4) (actual time=3549.149..3549.149 rows=164307 loops=1)
                    Buckets: 131072  Batches: 4  Memory Usage: 2488kB
                    ->  Seq Scan on title t  (cost=0.00..67604.59 rows=164776 width=4) (actual time=0.026..3180.362 rows=164307 loops=1)
                          Filter: (production_year = 2012)
                          Rows Removed by Filter: 2364005
Planning time: 1.182 ms
Execution time: 75824.388 ms
