Hash Join  (cost=83810.17..144849.21 rows=145814 width=0) (actual time=4839.569..7733.484 rows=345942 loops=1)
  Hash Cond: (mc.movie_id = t.id)
  ->  Seq Scan on movie_companies mc  (cost=0.00..51404.11 rows=373276 width=4) (actual time=114.322..2486.288 rows=377070 loops=1)
        Filter: (company_id > 84725)
        Rows Removed by Filter: 2232059
  ->  Hash  (cost=67604.59..67604.59 rows=987727 width=4) (actual time=4723.709..4723.709 rows=985048 loops=1)
        Buckets: 131072  Batches: 16  Memory Usage: 3188kB
        ->  Seq Scan on title t  (cost=0.00..67604.59 rows=987727 width=4) (actual time=0.025..4049.276 rows=985048 loops=1)
              Filter: (kind_id < 7)
              Rows Removed by Filter: 1543264
Planning time: 1.288 ms
Execution time: 7779.719 ms
