Hash Join  (cost=102767.86..1277962.89 rows=19108916 width=0) (actual time=5498.740..62273.403 rows=19258083 loops=1)
  Hash Cond: (ci.movie_id = t.id)
  ->  Seq Scan on cast_info ci  (cost=0.00..705507.15 rows=19108916 width=4) (actual time=0.020..38643.060 rows=19258083 loops=1)
        Filter: (person_id > 1678975)
        Rows Removed by Filter: 16986261
  ->  Hash  (cost=61283.27..61283.27 rows=2528527 width=4) (actual time=5497.190..5497.190 rows=2528312 loops=1)
        Buckets: 131072  Batches: 64  Memory Usage: 2415kB
        ->  Seq Scan on title t  (cost=0.00..61283.27 rows=2528527 width=4) (actual time=1.473..4443.785 rows=2528312 loops=1)
Planning time: 4.357 ms
Execution time: 64652.075 ms
