Seq Scan on cast_info ci  (cost=0.00..796071.18 rows=2436096 width=0) (actual time=4661.269..35935.548 rows=4946711 loops=1)
  Filter: ((person_id < 663910) AND (role_id < 2))
  Rows Removed by Filter: 31297633
Planning time: 0.320 ms
Execution time: 36734.349 ms
