Seq Scan on movie_companies mc  (cost=0.00..57926.93 rows=51 width=0) (actual time=0.716..2581.795 rows=350 loops=1)
  Filter: ((company_id = 4360) AND (company_type_id = 1))
  Rows Removed by Filter: 2608779
Planning time: 0.387 ms
Execution time: 2582.027 ms
