Hash Join  (cost=160737.19..997399.07 rows=53698 width=0) (actual time=7329.771..43997.506 rows=1626463 loops=1)
  Hash Cond: (ci.movie_id = t.id)
  ->  Seq Scan on cast_info ci  (cost=0.00..705507.15 rows=26123560 width=4) (actual time=0.022..28838.905 rows=26120328 loops=1)
        Filter: (person_id < 2703361)
        Rows Removed by Filter: 10124016
  ->  Hash  (cost=160672.23..160672.23 rows=5197 width=8) (actual time=7329.645..7329.645 rows=46406 loops=1)
        Buckets: 65536 (originally 8192)  Batches: 1 (originally 1)  Memory Usage: 2325kB
        ->  Hash Join  (cost=73962.22..160672.23 rows=5197 width=8) (actual time=3461.116..7313.239 rows=46406 loops=1)
              Hash Cond: (mk.movie_id = t.id)
              ->  Seq Scan on movie_keyword mk  (cost=0.00..69693.30 rows=4523930 width=4) (actual time=0.027..2831.333 rows=4523930 loops=1)
              ->  Hash  (cost=73925.90..73925.90 rows=2905 width=4) (actual time=3460.839..3460.839 rows=9408 loops=1)
                    Buckets: 16384 (originally 4096)  Batches: 1 (originally 1)  Memory Usage: 459kB
                    ->  Seq Scan on title t  (cost=0.00..73925.90 rows=2905 width=4) (actual time=5.388..3447.440 rows=9408 loops=1)
                          Filter: ((kind_id < 7) AND (production_year = 1990))
                          Rows Removed by Filter: 2518904
Planning time: 1.335 ms
Execution time: 44238.733 ms
