Hash Join  (cost=1374233.38..2948204.51 rows=80097847 width=0) (actual time=31809.110..94899.319 rows=179465588 loops=1)
  Hash Cond: (mi.movie_id = t.id)
  ->  Seq Scan on movie_info mi  (cost=0.00..309384.22 rows=14739122 width=4) (actual time=0.011..6490.514 rows=14835720 loops=1)
  ->  Hash  (cost=1148795.48..1148795.48 rows=13740952 width=8) (actual time=31798.743..31798.743 rows=13716878 loops=1)
        Buckets: 131072  Batches: 256  Memory Usage: 3192kB
        ->  Hash Join  (cost=102767.86..1148795.48 rows=13740952 width=8) (actual time=1918.962..27805.393 rows=13716878 loops=1)
              Hash Cond: (ci.movie_id = t.id)
              ->  Seq Scan on cast_info ci  (cost=0.00..705507.15 rows=13740952 width=4) (actual time=0.061..13837.596 rows=13716878 loops=1)
                    Filter: (person_id < 1350610)
                    Rows Removed by Filter: 22527466
              ->  Hash  (cost=61283.27..61283.27 rows=2528527 width=4) (actual time=1917.241..1917.241 rows=2528312 loops=1)
                    Buckets: 131072  Batches: 64  Memory Usage: 2415kB
                    ->  Seq Scan on title t  (cost=0.00..61283.27 rows=2528527 width=4) (actual time=0.019..1062.605 rows=2528312 loops=1)
Planning time: 1.230 ms
Execution time: 113824.002 ms
