Seq Scan on movie_companies mc  (cost=0.00..57926.93 rows=985848 width=0) (actual time=0.026..2650.986 rows=843673 loops=1)
  Filter: ((company_id > 686) AND (company_type_id < 2))
  Rows Removed by Filter: 1765456
Planning time: 0.330 ms
Execution time: 2784.645 ms
