Hash Join  (cost=931534.45..1574119.24 rows=11802206 width=0) (actual time=50994.864..100200.872 rows=49270554 loops=1)
  Hash Cond: (mi.movie_id = t.id)
  ->  Seq Scan on movie_info mi  (cost=0.00..309384.22 rows=14739122 width=4) (actual time=0.012..23531.964 rows=14835720 loops=1)
  ->  Hash  (cost=898316.78..898316.78 rows=2024693 width=8) (actual time=50993.844..50993.844 rows=2254136 loops=1)
        Buckets: 131072  Batches: 32  Memory Usage: 3815kB
        ->  Hash Join  (cost=85435.26..898316.78 rows=2024693 width=8) (actual time=14731.501..49938.966 rows=2254136 loops=1)
              Hash Cond: (ci.movie_id = t.id)
              ->  Seq Scan on cast_info ci  (cost=0.00..705507.15 rows=7298253 width=4) (actual time=10144.963..39526.405 rows=7451973 loops=1)
                    Filter: (role_id = 2)
                    Rows Removed by Filter: 28792371
              ->  Hash  (cost=73925.90..73925.90 rows=701468 width=4) (actual time=4585.262..4585.262 rows=749931 loops=1)
                    Buckets: 131072  Batches: 16  Memory Usage: 2673kB
                    ->  Seq Scan on title t  (cost=0.00..73925.90 rows=701468 width=4) (actual time=0.037..4038.116 rows=749931 loops=1)
                          Filter: ((kind_id < 7) AND (production_year < 2009))
                          Rows Removed by Filter: 1778381
Planning time: 1.167 ms
Execution time: 106612.317 ms
