Seq Scan on movie_keyword mk  (cost=0.00..81003.12 rows=3079419 width=0) (actual time=0.025..4327.043 rows=3067137 loops=1)
  Filter: (keyword_id < 11429)
  Rows Removed by Filter: 1456793
Planning time: 0.372 ms
Execution time: 4781.910 ms
