Hash Join  (cost=709676.96..736589.10 rows=166 width=0) (actual time=11508.782..11731.612 rows=81 loops=1)
  Hash Cond: (mi_idx.movie_id = t.id)
  ->  Seq Scan on movie_info_idx mi_idx  (cost=0.00..21735.35 rows=1380035 width=4) (actual time=0.021..305.034 rows=1380035 loops=1)
  ->  Hash  (cost=709673.15..709673.15 rows=305 width=8) (actual time=11145.055..11145.055 rows=236 loops=1)
        Buckets: 1024  Batches: 1  Memory Usage: 18kB
        ->  Nested Loop  (cost=0.43..709673.15 rows=305 width=8) (actual time=2142.421..11144.952 rows=236 loops=1)
              ->  Seq Scan on cast_info ci  (cost=0.00..705507.15 rows=500 width=4) (actual time=2136.668..11136.869 rows=245 loops=1)
                    Filter: (person_id = 182235)
                    Rows Removed by Filter: 36244099
              ->  Index Scan using title_pkey on title t  (cost=0.43..8.32 rows=1 width=4) (actual time=0.032..0.032 rows=1 loops=245)
                    Index Cond: (id = ci.movie_id)
                    Filter: (kind_id = 7)
                    Rows Removed by Filter: 0
Planning time: 1.075 ms
Execution time: 11731.734 ms
