Seq Scan on movie_keyword mk  (cost=0.00..81003.12 rows=2847511 width=0) (actual time=0.025..4066.472 rows=2836443 loops=1)
  Filter: (keyword_id < 8588)
  Rows Removed by Filter: 1687487
Planning time: 2.806 ms
Execution time: 4544.744 ms
