Nested Loop  (cost=44377.22..146556.67 rows=3 width=0) (actual time=4242.764..5124.225 rows=6 loops=1)
  ->  Hash Join  (cost=44376.79..132471.08 rows=23757 width=8) (actual time=1492.317..4441.883 rows=15265 loops=1)
        Hash Cond: (mk.movie_id = mi_idx.movie_id)
        ->  Seq Scan on movie_keyword mk  (cost=0.00..81003.12 rows=7992 width=4) (actual time=0.021..2672.464 rows=7673 loops=1)
              Filter: (keyword_id = 7078)
              Rows Removed by Filter: 4516257
        ->  Hash  (cost=21735.35..21735.35 rows=1380035 width=4) (actual time=1491.130..1491.130 rows=1380035 loops=1)
              Buckets: 131072  Batches: 32  Memory Usage: 2556kB
              ->  Seq Scan on movie_info_idx mi_idx  (cost=0.00..21735.35 rows=1380035 width=4) (actual time=0.021..1017.061 rows=1380035 loops=1)
  ->  Index Scan using title_pkey on title t  (cost=0.43..0.58 rows=1 width=4) (actual time=0.044..0.044 rows=0 loops=15265)
        Index Cond: (id = mi_idx.movie_id)
        Filter: ((kind_id = 2) AND (production_year = 1999))
        Rows Removed by Filter: 1
Planning time: 1.084 ms
Execution time: 5124.361 ms
