Hash Join  (cost=74383.28..161695.97 rows=65465 width=0) (actual time=2010.258..5375.179 rows=44649 loops=1)
  Hash Cond: (mk.movie_id = t.id)
  ->  Seq Scan on movie_keyword mk  (cost=0.00..69693.30 rows=4523930 width=4) (actual time=0.018..2357.290 rows=4523930 loops=1)
  ->  Hash  (cost=73925.90..73925.90 rows=36590 width=4) (actual time=2009.356..2009.356 rows=42576 loops=1)
        Buckets: 65536  Batches: 1  Memory Usage: 2009kB
        ->  Seq Scan on title t  (cost=0.00..73925.90 rows=36590 width=4) (actual time=0.017..1988.462 rows=42576 loops=1)
              Filter: ((kind_id > 2) AND (production_year = 2000))
              Rows Removed by Filter: 2485736
Planning time: 1.896 ms
Execution time: 5381.958 ms
