Hash Join  (cost=52284.99..803089.06 rows=1490 width=0) (actual time=4655.134..42911.641 rows=808 loops=1)
  Hash Cond: (ci.movie_id = t.id)
  ->  Seq Scan on cast_info ci  (cost=0.00..614943.12 rows=36225612 width=4) (actual time=0.018..32451.429 rows=36244344 loops=1)
  ->  Hash  (cost=52283.69..52283.69 rows=104 width=8) (actual time=1721.791..1721.791 rows=192 loops=1)
        Buckets: 1024  Batches: 1  Memory Usage: 16kB
        ->  Nested Loop  (cost=0.43..52283.69 rows=104 width=8) (actual time=79.128..1721.582 rows=192 loops=1)
              ->  Seq Scan on movie_companies mc  (cost=0.00..51404.11 rows=104 width=4) (actual time=78.350..1705.447 rows=192 loops=1)
                    Filter: (company_id = 14086)
                    Rows Removed by Filter: 2608937
              ->  Index Only Scan using title_pkey on title t  (cost=0.43..8.45 rows=1 width=4) (actual time=0.081..0.082 rows=1 loops=192)
                    Index Cond: (id = mc.movie_id)
                    Heap Fetches: 192
Planning time: 1.748 ms
Execution time: 42911.939 ms
