Seq Scan on movie_keyword mk  (cost=0.00..81003.12 rows=3939169 width=0) (actual time=0.024..4823.800 rows=3941056 loops=1)
  Filter: (keyword_id < 31455)
  Rows Removed by Filter: 582874
Planning time: 0.295 ms
Execution time: 5495.770 ms
