Nested Loop  (cost=0.43..83072.29 rows=150 width=0) (actual time=1002.243..3813.345 rows=197 loops=1)
  ->  Seq Scan on movie_keyword mk  (cost=0.00..81003.12 rows=246 width=4) (actual time=0.156..3281.701 rows=2267 loops=1)
        Filter: (keyword_id = 1697)
        Rows Removed by Filter: 4521663
  ->  Index Scan using title_pkey on title t  (cost=0.43..8.40 rows=1 width=4) (actual time=0.233..0.233 rows=0 loops=2267)
        Index Cond: (id = mk.movie_id)
        Filter: (kind_id = 7)
        Rows Removed by Filter: 1
Planning time: 0.680 ms
Execution time: 3813.532 ms
