Hash Join  (cost=83074.74..109986.57 rows=134 width=0) (actual time=3832.015..5180.939 rows=580 loops=1)
  Hash Cond: (mi_idx.movie_id = t.id)
  ->  Seq Scan on movie_info_idx mi_idx  (cost=0.00..21735.35 rows=1380035 width=4) (actual time=0.025..1019.804 rows=1380035 loops=1)
  ->  Hash  (cost=83071.67..83071.67 rows=246 width=8) (actual time=3815.285..3815.285 rows=215 loops=1)
        Buckets: 1024  Batches: 1  Memory Usage: 17kB
        ->  Nested Loop  (cost=0.43..83071.67 rows=246 width=8) (actual time=54.248..3814.978 rows=215 loops=1)
              ->  Seq Scan on movie_keyword mk  (cost=0.00..81003.12 rows=246 width=4) (actual time=54.165..3800.712 rows=215 loops=1)
                    Filter: (keyword_id = 8131)
                    Rows Removed by Filter: 4523715
              ->  Index Only Scan using title_pkey on title t  (cost=0.43..8.40 rows=1 width=4) (actual time=0.062..0.062 rows=1 loops=215)
                    Index Cond: (id = mk.movie_id)
                    Heap Fetches: 215
Planning time: 9.078 ms
Execution time: 5181.176 ms
