Seq Scan on title t  (cost=0.00..73925.90 rows=33510 width=0) (actual time=118.925..3450.048 rows=22107 loops=1)
  Filter: ((kind_id = 1) AND (production_year = 2008))
  Rows Removed by Filter: 2506205
Planning time: 0.354 ms
Execution time: 3454.242 ms
