Hash Join  (cost=52284.29..867054.40 rows=53 width=0) (actual time=3323.363..32774.399 rows=54 loops=1)
  Hash Cond: (ci.movie_id = t.id)
  ->  Seq Scan on cast_info ci  (cost=0.00..796071.18 rows=4986241 width=4) (actual time=1552.536..30672.030 rows=3094285 loops=1)
        Filter: ((person_id < 1086528) AND (role_id > 2))
        Rows Removed by Filter: 33150059
  ->  Hash  (cost=52283.95..52283.95 rows=27 width=8) (actual time=1645.833..1645.833 rows=51 loops=1)
        Buckets: 1024  Batches: 1  Memory Usage: 10kB
        ->  Nested Loop  (cost=0.43..52283.95 rows=27 width=8) (actual time=3.011..1645.700 rows=51 loops=1)
              ->  Seq Scan on movie_companies mc  (cost=0.00..51404.11 rows=104 width=4) (actual time=2.965..1641.105 rows=51 loops=1)
                    Filter: (company_id = 15929)
                    Rows Removed by Filter: 2609078
              ->  Index Scan using title_pkey on title t  (cost=0.43..8.45 rows=1 width=4) (actual time=0.083..0.084 rows=1 loops=51)
                    Index Cond: (id = mc.movie_id)
                    Filter: (kind_id = 1)
Planning time: 1.302 ms
Execution time: 32774.628 ms
