Seq Scan on movie_keyword mk  (cost=0.00..81003.12 rows=3305181 width=0) (actual time=0.023..1604.424 rows=3295459 loops=1)
  Filter: (keyword_id < 14785)
  Rows Removed by Filter: 1228471
Planning time: 0.346 ms
Execution time: 2053.956 ms
