Hash Join  (cost=134031.83..161047.24 rows=10493 width=0) (actual time=6748.716..8237.670 rows=24723 loops=1)
  Hash Cond: (mi_idx.movie_id = t.id)
  ->  Seq Scan on movie_info_idx mi_idx  (cost=0.00..21735.35 rows=1380035 width=4) (actual time=0.019..1104.389 rows=1380035 loops=1)
  ->  Hash  (cost=133791.52..133791.52 rows=19225 width=8) (actual time=6742.618..6742.618 rows=15647 loops=1)
        Buckets: 32768  Batches: 1  Memory Usage: 868kB
        ->  Hash Join  (cost=75342.47..133791.52 rows=19225 width=8) (actual time=3720.302..6732.017 rows=15647 loops=1)
              Hash Cond: (mc.movie_id = t.id)
              ->  Seq Scan on movie_companies mc  (cost=0.00..51404.11 rows=563383 width=4) (actual time=0.024..2723.136 rows=561678 loops=1)
                    Filter: (company_id < 596)
                    Rows Removed by Filter: 2047451
              ->  Hash  (cost=73925.90..73925.90 rows=86285 width=4) (actual time=3718.583..3718.583 rows=92628 loops=1)
                    Buckets: 131072  Batches: 2  Memory Usage: 2653kB
                    ->  Seq Scan on title t  (cost=0.00..73925.90 rows=86285 width=4) (actual time=0.962..3677.389 rows=92628 loops=1)
                          Filter: ((kind_id = 7) AND (production_year = 2010))
                          Rows Removed by Filter: 2435684
Planning time: 4.255 ms
Execution time: 8241.067 ms
