Hash Join  (cost=75227.65..532142.04 rows=291608 width=0) (actual time=3798.095..26722.096 rows=205041 loops=1)
  Hash Cond: (mi.movie_id = t.id)
  ->  Seq Scan on movie_info mi  (cost=0.00..346232.03 rows=9293409 width=4) (actual time=574.297..18814.269 rows=9425200 loops=1)
        Filter: (info_type_id > 5)
        Rows Removed by Filter: 5410520
  ->  Hash  (cost=73925.90..73925.90 rows=79340 width=4) (actual time=3222.808..3222.808 rows=92312 loops=1)
        Buckets: 131072  Batches: 2  Memory Usage: 2654kB
        ->  Seq Scan on title t  (cost=0.00..73925.90 rows=79340 width=4) (actual time=0.051..2820.318 rows=92312 loops=1)
              Filter: ((kind_id > 1) AND (production_year = 2006))
              Rows Removed by Filter: 2436000
Planning time: 0.738 ms
Execution time: 26751.823 ms
