Hash Join  (cost=83073.49..833876.40 rows=1377 width=0) (actual time=3058.571..40932.510 rows=341 loops=1)
  Hash Cond: (ci.movie_id = t.id)
  ->  Seq Scan on cast_info ci  (cost=0.00..614943.12 rows=36225612 width=4) (actual time=0.013..29864.810 rows=36244344 loops=1)
  ->  Hash  (cost=83072.29..83072.29 rows=96 width=8) (actual time=2764.318..2764.318 rows=5 loops=1)
        Buckets: 1024  Batches: 1  Memory Usage: 9kB
        ->  Nested Loop  (cost=0.43..83072.29 rows=96 width=8) (actual time=63.881..2764.300 rows=5 loops=1)
              ->  Seq Scan on movie_keyword mk  (cost=0.00..81003.12 rows=246 width=4) (actual time=63.813..2755.270 rows=10 loops=1)
                    Filter: (keyword_id = 23056)
                    Rows Removed by Filter: 4523920
              ->  Index Scan using title_pkey on title t  (cost=0.43..8.40 rows=1 width=4) (actual time=0.787..0.787 rows=0 loops=10)
                    Index Cond: (id = mk.movie_id)
                    Filter: (kind_id < 7)
                    Rows Removed by Filter: 0
Planning time: 1.242 ms
Execution time: 40933.034 ms
