Hash Join  (cost=75458.68..145507.12 rows=36400 width=0) (actual time=3731.537..7383.075 rows=30014 loops=1)
  Hash Cond: (mc.movie_id = t.id)
  ->  Seq Scan on movie_companies mc  (cost=0.00..57926.93 rows=985202 width=4) (actual time=0.016..3062.402 rows=1268924 loops=1)
        Filter: ((company_id < 66046) AND (company_type_id = 1))
        Rows Removed by Filter: 1340205
  ->  Hash  (cost=73925.90..73925.90 rows=93422 width=4) (actual time=3730.603..3730.603 rows=100754 loops=1)
        Buckets: 131072  Batches: 2  Memory Usage: 2802kB
        ->  Seq Scan on title t  (cost=0.00..73925.90 rows=93422 width=4) (actual time=0.015..3680.029 rows=100754 loops=1)
              Filter: ((kind_id > 1) AND (production_year = 2008))
              Rows Removed by Filter: 2427558
Planning time: 0.719 ms
Execution time: 7387.712 ms
