Hash Join  (cost=192227.92..1251688.36 rows=2497626 width=0) (actual time=9077.007..73660.910 rows=14624238 loops=1)
  Hash Cond: (ci.movie_id = t.id)
  ->  Seq Scan on cast_info ci  (cost=0.00..614943.12 rows=36225612 width=4) (actual time=0.018..42495.621 rows=36244344 loops=1)
  ->  Hash  (cost=189367.76..189367.76 rows=174333 width=8) (actual time=9074.878..9074.878 rows=202212 loops=1)
        Buckets: 131072  Batches: 4  Memory Usage: 2989kB
        ->  Hash Join  (cost=76796.18..189367.76 rows=174333 width=8) (actual time=3378.439..8985.385 rows=202212 loops=1)
              Hash Cond: (mk.movie_id = t.id)
              ->  Seq Scan on movie_keyword mk  (cost=0.00..81003.12 rows=2520299 width=4) (actual time=0.013..4313.453 rows=2510381 loops=1)
                    Filter: (keyword_id < 6194)
                    Rows Removed by Filter: 2013549
              ->  Hash  (cost=73925.90..73925.90 rows=174902 width=4) (actual time=3377.543..3377.543 rows=160286 loops=1)
                    Buckets: 131072  Batches: 4  Memory Usage: 2442kB
                    ->  Seq Scan on title t  (cost=0.00..73925.90 rows=174902 width=4) (actual time=1364.420..3306.992 rows=160286 loops=1)
                          Filter: ((production_year > 2008) AND (kind_id = 1))
                          Rows Removed by Filter: 2368026
Planning time: 1.105 ms
Execution time: 75483.935 ms
