Seq Scan on cast_info ci  (cost=0.00..796071.18 rows=3812873 width=0) (actual time=8191.696..34248.356 rows=7449146 loops=1)
  Filter: ((person_id > 1697339) AND (role_id = 2))
  Rows Removed by Filter: 28795198
Planning time: 0.445 ms
Execution time: 35538.088 ms
