Seq Scan on cast_info ci  (cost=0.00..705507.15 rows=5579379 width=0) (actual time=0.017..11992.014 rows=5503026 loops=1)
  Filter: (person_id < 531020)
  Rows Removed by Filter: 30741318
Planning time: 0.367 ms
Execution time: 12697.326 ms
