Hash Join  (cost=72797.13..159463.95 rows=878 width=0) (actual time=3790.004..7082.819 rows=48 loops=1)
  Hash Cond: (mk.movie_id = t.id)
  ->  Seq Scan on movie_keyword mk  (cost=0.00..69693.30 rows=4523930 width=4) (actual time=0.013..3368.563 rows=4523930 loops=1)
  ->  Hash  (cost=72790.99..72790.99 rows=491 width=8) (actual time=2784.566..2784.566 rows=45 loops=1)
        Buckets: 1024  Batches: 1  Memory Usage: 10kB
        ->  Nested Loop  (cost=0.43..72790.99 rows=491 width=8) (actual time=751.638..2784.487 rows=45 loops=1)
              ->  Seq Scan on movie_companies mc  (cost=0.00..57926.93 rows=1861 width=4) (actual time=751.571..2771.520 rows=45 loops=1)
                    Filter: ((company_type_id > 1) AND (company_id = 11138))
                    Rows Removed by Filter: 2609084
              ->  Index Scan using title_pkey on title t  (cost=0.43..7.98 rows=1 width=4) (actual time=0.283..0.283 rows=1 loops=45)
                    Index Cond: (id = mc.movie_id)
                    Filter: (kind_id = 1)
Planning time: 12.955 ms
Execution time: 7082.987 ms
