Hash Join  (cost=58358.90..452088.09 rows=255 width=0) (actual time=3318.952..25988.944 rows=2847 loops=1)
  Hash Cond: (mi.movie_id = t.id)
  ->  Seq Scan on movie_info mi  (cost=0.00..346232.03 rows=12665229 width=4) (actual time=0.015..20811.983 rows=12744652 loops=1)
        Filter: (info_type_id > 2)
        Rows Removed by Filter: 2091068
  ->  Hash  (cost=58358.27..58358.27 rows=51 width=8) (actual time=2895.853..2895.853 rows=125 loops=1)
        Buckets: 1024  Batches: 1  Memory Usage: 13kB
        ->  Nested Loop  (cost=0.43..58358.27 rows=51 width=8) (actual time=1357.504..2895.729 rows=125 loops=1)
              ->  Seq Scan on movie_companies mc  (cost=0.00..57926.93 rows=51 width=4) (actual time=1357.419..2868.174 rows=125 loops=1)
                    Filter: ((company_id = 3818) AND (company_type_id = 1))
                    Rows Removed by Filter: 2609004
              ->  Index Only Scan using title_pkey on title t  (cost=0.43..8.45 rows=1 width=4) (actual time=0.217..0.217 rows=1 loops=125)
                    Index Cond: (id = mc.movie_id)
                    Heap Fetches: 125
Planning time: 1.152 ms
Execution time: 25989.921 ms
