Hash Join  (cost=102767.86..180722.86 rows=421789 width=0) (actual time=7867.191..9253.861 rows=102748 loops=1)
  Hash Cond: (mc.movie_id = t.id)
  ->  Seq Scan on movie_companies mc  (cost=0.00..57926.93 rows=421789 width=4) (actual time=1805.830..2702.100 rows=102748 loops=1)
        Filter: ((company_id > 23831) AND (company_type_id = 1))
        Rows Removed by Filter: 2506381
  ->  Hash  (cost=61283.27..61283.27 rows=2528527 width=4) (actual time=6060.426..6060.426 rows=2528312 loops=1)
        Buckets: 131072  Batches: 64  Memory Usage: 2415kB
        ->  Seq Scan on title t  (cost=0.00..61283.27 rows=2528527 width=4) (actual time=0.025..4696.365 rows=2528312 loops=1)
Planning time: 2.998 ms
Execution time: 9267.321 ms
