Seq Scan on cast_info ci  (cost=0.00..705507.15 rows=500 width=0) (actual time=15849.011..34197.888 rows=30 loops=1)
  Filter: (person_id = 1629952)
  Rows Removed by Filter: 36244314
Planning time: 0.416 ms
Execution time: 34198.003 ms
