Hash Join  (cost=114961.80..466290.77 rows=18588 width=0) (actual time=10216.826..23146.133 rows=205498 loops=1)
  Hash Cond: (mi.movie_id = t.id)
  ->  Seq Scan on movie_info mi  (cost=0.00..346232.03 rows=383217 width=4) (actual time=3666.678..16712.059 rows=368218 loops=1)
        Filter: (info_type_id = 17)
        Rows Removed by Filter: 14467502
  ->  Hash  (cost=112948.73..112948.73 rows=122645 width=8) (actual time=6181.861..6181.861 rows=209880 loops=1)
        Buckets: 131072 (originally 131072)  Batches: 4 (originally 2)  Memory Usage: 3083kB
        ->  Hash Join  (cost=78556.72..112948.73 rows=122645 width=8) (actual time=3861.017..6106.458 rows=209880 loops=1)
              Hash Cond: (mi_idx.movie_id = t.id)
              ->  Seq Scan on movie_info_idx mi_idx  (cost=0.00..25185.44 rows=464566 width=4) (actual time=0.028..1757.750 rows=459925 loops=1)
                    Filter: (info_type_id = 101)
                    Rows Removed by Filter: 920110
              ->  Hash  (cost=67604.59..67604.59 rows=667531 width=4) (actual time=3860.116..3860.116 rows=662825 loops=1)
                    Buckets: 131072  Batches: 16  Memory Usage: 2476kB
                    ->  Seq Scan on title t  (cost=0.00..67604.59 rows=667531 width=4) (actual time=1592.256..3549.373 rows=662825 loops=1)
                          Filter: (kind_id = 1)
                          Rows Removed by Filter: 1865487
Planning time: 1.061 ms
Execution time: 23173.921 ms
