Seq Scan on movie_keyword mk  (cost=0.00..81003.12 rows=246 width=0) (actual time=135.713..3073.812 rows=27 loops=1)
  Filter: (keyword_id = 48756)
  Rows Removed by Filter: 4523903
Planning time: 0.349 ms
Execution time: 3073.918 ms
