Seq Scan on cast_info ci  (cost=0.00..705507.15 rows=3034427 width=0) (actual time=0.020..33704.946 rows=2951228 loops=1)
  Filter: (person_id < 287414)
  Rows Removed by Filter: 33293116
Planning time: 0.324 ms
Execution time: 34216.161 ms
