Hash Join  (cost=207017.22..618526.01 rows=649441 width=0) (actual time=15096.705..34358.288 rows=1758131 loops=1)
  Hash Cond: (mi.movie_id = t.id)
  ->  Seq Scan on movie_info mi  (cost=0.00..346232.03 rows=4972096 width=4) (actual time=3356.434..19596.652 rows=4923966 loops=1)
        Filter: (info_type_id < 5)
        Rows Removed by Filter: 9911754
  ->  Hash  (cost=201597.85..201597.85 rows=330269 width=8) (actual time=11280.427..11280.427 rows=329604 loops=1)
        Buckets: 131072  Batches: 8  Memory Usage: 2694kB
        ->  Hash Join  (cost=102767.86..201597.85 rows=330269 width=8) (actual time=6265.396..11170.972 rows=329604 loops=1)
              Hash Cond: (mk.movie_id = t.id)
              ->  Seq Scan on movie_keyword mk  (cost=0.00..81003.12 rows=330269 width=4) (actual time=0.028..4186.388 rows=329604 loops=1)
                    Filter: (keyword_id > 50100)
                    Rows Removed by Filter: 4194326
              ->  Hash  (cost=61283.27..61283.27 rows=2528527 width=4) (actual time=6254.647..6254.647 rows=2528312 loops=1)
                    Buckets: 131072  Batches: 64  Memory Usage: 2425kB
                    ->  Seq Scan on title t  (cost=0.00..61283.27 rows=2528527 width=4) (actual time=0.015..4325.988 rows=2528312 loops=1)
Planning time: 1.146 ms
Execution time: 34595.730 ms
