Seq Scan on cast_info ci  (cost=0.00..796071.18 rows=11606227 width=0) (actual time=0.024..15440.468 rows=13293206 loops=1)
  Filter: ((person_id > 993816) AND (role_id > 2))
  Rows Removed by Filter: 22951138
Planning time: 0.370 ms
Execution time: 17099.284 ms
