Seq Scan on movie_companies mc  (cost=0.00..51404.11 rows=1683985 width=0) (actual time=0.021..3434.457 rows=1675364 loops=1)
  Filter: (company_id < 19325)
  Rows Removed by Filter: 933765
Planning time: 0.351 ms
Execution time: 3673.186 ms
