Seq Scan on movie_keyword mk  (cost=0.00..81003.12 rows=2011021 width=0) (actual time=0.026..3654.354 rows=2017474 loops=1)
  Filter: (keyword_id > 6152)
  Rows Removed by Filter: 2506456
Planning time: 0.323 ms
Execution time: 3978.913 ms
