Nested Loop  (cost=0.43..755813.74 rows=7245 width=0) (actual time=4181.938..27185.436 rows=2352 loops=1)
  ->  Seq Scan on cast_info ci  (cost=0.00..705507.15 rows=7245 width=4) (actual time=4181.768..27099.903 rows=2352 loops=1)
        Filter: (person_id = 244710)
        Rows Removed by Filter: 36241992
  ->  Index Only Scan using title_pkey on title t  (cost=0.43..6.93 rows=1 width=4) (actual time=0.035..0.036 rows=1 loops=2352)
        Index Cond: (id = ci.movie_id)
        Heap Fetches: 2352
Planning time: 0.731 ms
Execution time: 27186.016 ms
