Hash Join  (cost=81720.25..848241.42 rows=1310847 width=0) (actual time=5646.408..41580.166 rows=1397401 loops=1)
  Hash Cond: (ci.movie_id = t.id)
  ->  Seq Scan on cast_info ci  (cost=0.00..705507.15 rows=3852414 width=4) (actual time=897.107..34059.900 rows=3732777 loops=1)
        Filter: (person_id < 357578)
        Rows Removed by Filter: 32511567
  ->  Hash  (cost=67604.59..67604.59 rows=860373 width=4) (actual time=4748.337..4748.337 rows=854214 loops=1)
        Buckets: 131072  Batches: 16  Memory Usage: 2897kB
        ->  Seq Scan on title t  (cost=0.00..67604.59 rows=860373 width=4) (actual time=0.017..4429.589 rows=854214 loops=1)
              Filter: (kind_id < 4)
              Rows Removed by Filter: 1674098
Planning time: 8.375 ms
Execution time: 41772.742 ms
