Seq Scan on movie_companies mc  (cost=0.00..51404.11 rows=104 width=0) (actual time=2.012..2097.002 rows=420 loops=1)
  Filter: (company_id = 11348)
  Rows Removed by Filter: 2608709
Planning time: 0.437 ms
Execution time: 2097.227 ms
