Hash Join  (cost=146984.35..1025402.91 rows=255185 width=0) (actual time=24569.488..51390.274 rows=164925 loops=1)
  Hash Cond: (ci.movie_id = t.id)
  ->  Seq Scan on cast_info ci  (cost=0.00..796071.18 rows=6869475 width=4) (actual time=16598.600..39681.021 rows=7451702 loops=1)
        Filter: ((person_id > 202945) AND (role_id = 2))
        Rows Removed by Filter: 28792642
  ->  Hash  (cost=145443.24..145443.24 rows=93929 width=8) (actual time=7968.963..7968.963 rows=170232 loops=1)
        Buckets: 131072 (originally 131072)  Batches: 4 (originally 2)  Memory Usage: 3073kB
        ->  Hash Join  (cost=69098.42..145443.24 rows=93929 width=8) (actual time=3641.670..7892.817 rows=170232 loops=1)
              Hash Cond: (mc.movie_id = t.id)
              ->  Seq Scan on movie_companies mc  (cost=0.00..44881.29 rows=2609129 width=4) (actual time=0.023..3012.998 rows=2609129 loops=1)
              ->  Hash  (cost=67604.59..67604.59 rows=91027 width=4) (actual time=3640.910..3640.910 rows=89272 loops=1)
                    Buckets: 131072  Batches: 2  Memory Usage: 2593kB
                    ->  Seq Scan on title t  (cost=0.00..67604.59 rows=91027 width=4) (actual time=10.239..3606.839 rows=89272 loops=1)
                          Filter: (production_year < 1921)
                          Rows Removed by Filter: 2439040
Planning time: 1.127 ms
Execution time: 51412.004 ms
