Hash Join  (cost=221444.20..1411171.04 rows=9187236 width=0) (actual time=11561.223..76251.423 rows=3171252 loops=1)
  Hash Cond: (ci.movie_id = t.id)
  ->  Seq Scan on cast_info ci  (cost=0.00..705507.15 rows=33699827 width=4) (actual time=0.013..45503.107 rows=33674640 loops=1)
        Filter: (person_id < 3562093)
        Rows Removed by Filter: 2569704
  ->  Hash  (cost=210134.63..210134.63 rows=689326 width=8) (actual time=11560.113..11560.113 rows=140359 loops=1)
        Buckets: 131072  Batches: 16  Memory Usage: 1352kB
        ->  Hash Join  (cost=82778.48..210134.63 rows=689326 width=8) (actual time=6201.302..11514.330 rows=140359 loops=1)
              Hash Cond: (mk.movie_id = t.id)
              ->  Seq Scan on movie_keyword mk  (cost=0.00..81003.12 rows=3230337 width=4) (actual time=0.013..4723.629 rows=3218286 loops=1)
                    Filter: (keyword_id < 13464)
                    Rows Removed by Filter: 1305644
              ->  Hash  (cost=73925.90..73925.90 rows=539566 width=4) (actual time=4062.199..4062.199 rows=428248 loops=1)
                    Buckets: 131072  Batches: 8  Memory Usage: 2896kB
                    ->  Seq Scan on title t  (cost=0.00..73925.90 rows=539566 width=4) (actual time=445.621..3864.302 rows=428248 loops=1)
                          Filter: ((production_year < 1997) AND (kind_id = 7))
                          Rows Removed by Filter: 2100064
Planning time: 1.313 ms
Execution time: 76646.939 ms
