Hash Join  (cost=94009.45..1076430.97 rows=8982144 width=0) (actual time=3278.116..27063.203 rows=8861238 loops=1)
  Hash Cond: (ci.movie_id = t.id)
  ->  Seq Scan on cast_info ci  (cost=0.00..705507.15 rows=14111585 width=4) (actual time=0.024..13580.802 rows=14070445 loops=1)
        Filter: (person_id < 1386402)
        Rows Removed by Filter: 22173899
  ->  Hash  (cost=67604.59..67604.59 rows=1609429 width=4) (actual time=3276.627..3276.627 rows=1607077 loops=1)
        Buckets: 131072  Batches: 32  Memory Usage: 2791kB
        ->  Seq Scan on title t  (cost=0.00..67604.59 rows=1609429 width=4) (actual time=0.024..2714.407 rows=1607077 loops=1)
              Filter: (production_year > 1995)
              Rows Removed by Filter: 921235
Planning time: 0.766 ms
Execution time: 28068.978 ms
