Hash Join  (cost=1105274.43..2136906.01 rows=41356724 width=0) (actual time=23041.674..63934.398 rows=92992871 loops=1)
  Hash Cond: (mi.movie_id = t.id)
  ->  Seq Scan on movie_info mi  (cost=0.00..309384.22 rows=14739122 width=4) (actual time=0.024..6238.833 rows=14835720 loops=1)
  ->  Hash  (cost=988874.03..988874.03 rows=7094832 width=8) (actual time=23040.048..23040.048 rows=7043333 loops=1)
        Buckets: 131072  Batches: 128  Memory Usage: 3229kB
        ->  Hash Join  (cost=102767.86..988874.03 rows=7094832 width=8) (actual time=2624.641..20717.608 rows=7043333 loops=1)
              Hash Cond: (ci.movie_id = t.id)
              ->  Seq Scan on cast_info ci  (cost=0.00..705507.15 rows=7094832 width=4) (actual time=664.928..12418.849 rows=7043333 loops=1)
                    Filter: (person_id < 679983)
                    Rows Removed by Filter: 29201011
              ->  Hash  (cost=61283.27..61283.27 rows=2528527 width=4) (actual time=1957.761..1957.761 rows=2528312 loops=1)
                    Buckets: 131072  Batches: 64  Memory Usage: 2415kB
                    ->  Seq Scan on title t  (cost=0.00..61283.27 rows=2528527 width=4) (actual time=0.026..1101.675 rows=2528312 loops=1)
Planning time: 2.001 ms
Execution time: 74287.701 ms
