Hash Join  (cost=129732.35..216447.02 rows=5664 width=0) (actual time=2395.318..4190.549 rows=5363 loops=1)
  Hash Cond: (mk.movie_id = t.id)
  ->  Seq Scan on movie_keyword mk  (cost=0.00..69693.30 rows=4523930 width=4) (actual time=0.020..973.001 rows=4523930 loops=1)
  ->  Hash  (cost=129692.77..129692.77 rows=3166 width=8) (actual time=2395.073..2395.073 rows=7468 loops=1)
        Buckets: 8192 (originally 4096)  Batches: 1 (originally 1)  Memory Usage: 356kB
        ->  Hash Join  (cost=67697.55..129692.77 rows=3166 width=8) (actual time=1116.351..2391.837 rows=7468 loops=1)
              Hash Cond: (mc.movie_id = t.id)
              ->  Seq Scan on movie_companies mc  (cost=0.00..57926.93 rows=1076434 width=4) (actual time=0.009..1116.634 rows=1201066 loops=1)
                    Filter: ((company_id > 436) AND (company_type_id > 1))
                    Rows Removed by Filter: 1408063
              ->  Hash  (cost=67604.59..67604.59 rows=7437 width=4) (actual time=1060.283..1060.283 rows=7670 loops=1)
                    Buckets: 8192  Batches: 1  Memory Usage: 334kB
                    ->  Seq Scan on title t  (cost=0.00..67604.59 rows=7437 width=4) (actual time=136.722..1057.005 rows=7670 loops=1)
                          Filter: (production_year = 1915)
                          Rows Removed by Filter: 2520642
Planning time: 1.113 ms
Execution time: 4191.688 ms
