Hash Join  (cost=797557.90..824469.34 rows=96 width=0) (actual time=14044.248..14633.638 rows=462 loops=1)
  Hash Cond: (mi_idx.movie_id = t.id)
  ->  Seq Scan on movie_info_idx mi_idx  (cost=0.00..21735.35 rows=1380035 width=4) (actual time=0.022..342.703 rows=1380035 loops=1)
  ->  Hash  (cost=797555.70..797555.70 rows=176 width=8) (actual time=14041.648..14041.648 rows=245 loops=1)
        Buckets: 1024  Batches: 1  Memory Usage: 18kB
        ->  Nested Loop  (cost=0.43..797555.70 rows=176 width=8) (actual time=2131.604..14041.518 rows=245 loops=1)
              ->  Seq Scan on cast_info ci  (cost=0.00..796071.18 rows=176 width=4) (actual time=2131.409..14033.503 rows=245 loops=1)
                    Filter: ((role_id < 2) AND (person_id = 580557))
                    Rows Removed by Filter: 36244099
              ->  Index Only Scan using title_pkey on title t  (cost=0.43..8.42 rows=1 width=4) (actual time=0.031..0.032 rows=1 loops=245)
                    Index Cond: (id = ci.movie_id)
                    Heap Fetches: 245
Planning time: 1.057 ms
Execution time: 14633.838 ms
