Seq Scan on movie_companies mc  (cost=0.00..51404.11 rows=1002046 width=0) (actual time=0.014..931.117 rows=1010528 loops=1)
  Filter: (company_id > 16339)
  Rows Removed by Filter: 1598601
Planning time: 0.226 ms
Execution time: 1061.280 ms
