Hash Join  (cost=195547.42..1074225.60 rows=2414929 width=0) (actual time=4383.419..29022.920 rows=18271776 loops=1)
  Hash Cond: (ci.movie_id = t.id)
  ->  Seq Scan on cast_info ci  (cost=0.00..705507.15 rows=12726058 width=4) (actual time=0.010..13744.213 rows=12670688 loops=1)
        Filter: (role_id = 1)
        Rows Removed by Filter: 23573656
  ->  Hash  (cost=187674.67..187674.67 rows=479820 width=8) (actual time=4382.562..4382.562 rows=1083754 loops=1)
        Buckets: 131072 (originally 131072)  Batches: 16 (originally 8)  Memory Usage: 3707kB
        ->  Hash Join  (cost=83810.17..187674.67 rows=479820 width=8) (actual time=1417.262..4063.310 rows=1083754 loops=1)
              Hash Cond: (mk.movie_id = t.id)
              ->  Seq Scan on movie_keyword mk  (cost=0.00..81003.12 rows=1228312 width=4) (actual time=0.024..1577.662 rows=1235263 loops=1)
                    Filter: (keyword_id < 1570)
                    Rows Removed by Filter: 3288667
              ->  Hash  (cost=67604.59..67604.59 rows=987727 width=4) (actual time=1416.212..1416.212 rows=985048 loops=1)
                    Buckets: 131072  Batches: 16  Memory Usage: 3197kB
                    ->  Seq Scan on title t  (cost=0.00..67604.59 rows=987727 width=4) (actual time=0.034..1108.619 rows=985048 loops=1)
                          Filter: (kind_id < 7)
                          Rows Removed by Filter: 1543264
Planning time: 1.239 ms
Execution time: 31063.842 ms
