Hash Join  (cost=841716.49..1050817.93 rows=1115054 width=0) (actual time=21738.309..26849.614 rows=4920309 loops=1)
  Hash Cond: (mk.movie_id = t.id)
  ->  Seq Scan on movie_keyword mk  (cost=0.00..69693.30 rows=4523930 width=4) (actual time=0.020..1541.736 rows=4523930 loops=1)
  ->  Hash  (cost=831491.12..831491.12 rows=623229 width=8) (actual time=21731.414..21731.414 rows=641329 loops=1)
        Buckets: 131072  Batches: 16  Memory Usage: 2539kB
        ->  Hash Join  (cost=74469.67..831491.12 rows=623229 width=8) (actual time=1164.872..21416.155 rows=641329 loops=1)
              Hash Cond: (ci.movie_id = t.id)
              ->  Seq Scan on cast_info ci  (cost=0.00..614943.12 rows=36225612 width=4) (actual time=0.028..9042.380 rows=36244344 loops=1)
              ->  Hash  (cost=73925.90..73925.90 rows=43501 width=4) (actual time=1164.499..1164.499 rows=39560 loops=1)
                    Buckets: 65536  Batches: 1  Memory Usage: 1903kB
                    ->  Seq Scan on title t  (cost=0.00..73925.90 rows=43501 width=4) (actual time=397.154..1148.621 rows=39560 loops=1)
                          Filter: ((kind_id = 1) AND (production_year = 2012))
                          Rows Removed by Filter: 2488752
Planning time: 3.249 ms
Execution time: 27422.380 ms
