Hash Join  (cost=220858.97..369946.71 rows=2223170 width=0) (actual time=5307.253..14179.546 rows=26443187 loops=1)
  Hash Cond: (mk.movie_id = t.id)
  ->  Seq Scan on movie_keyword mk  (cost=0.00..69693.30 rows=4523930 width=4) (actual time=0.024..1472.844 rows=4523930 loops=1)
  ->  Hash  (cost=200472.72..200472.72 rows=1242580 width=8) (actual time=5305.738..5305.738 rows=1274246 loops=1)
        Buckets: 131072  Batches: 32  Memory Usage: 2633kB
        ->  Hash Join  (cost=102767.86..200472.72 rows=1242580 width=8) (actual time=2752.656..4929.549 rows=1274246 loops=1)
              Hash Cond: (mc.movie_id = t.id)
              ->  Seq Scan on movie_companies mc  (cost=0.00..57926.93 rows=1242580 width=4) (actual time=506.824..1257.854 rows=1274246 loops=1)
                    Filter: ((company_id < 173479) AND (company_type_id < 2))
                    Rows Removed by Filter: 1334883
              ->  Hash  (cost=61283.27..61283.27 rows=2528527 width=4) (actual time=2244.449..2244.449 rows=2528312 loops=1)
                    Buckets: 131072  Batches: 64  Memory Usage: 2415kB
                    ->  Seq Scan on title t  (cost=0.00..61283.27 rows=2528527 width=4) (actual time=0.014..1153.935 rows=2528312 loops=1)
Planning time: 4.115 ms
Execution time: 16868.044 ms
