Seq Scan on movie_companies mc  (cost=0.00..57926.93 rows=377090 width=0) (actual time=203.694..844.925 rows=215389 loops=1)
  Filter: ((company_id < 1435) AND (company_type_id > 1))
  Rows Removed by Filter: 2393740
Planning time: 0.358 ms
Execution time: 872.031 ms
