Seq Scan on movie_keyword mk  (cost=0.00..81003.12 rows=246 width=0) (actual time=0.577..1227.214 rows=58 loops=1)
  Filter: (keyword_id = 10677)
  Rows Removed by Filter: 4523872
Planning time: 0.387 ms
Execution time: 1227.346 ms
