Nested Loop  (cost=0.43..83072.29 rows=65 width=0) (actual time=4.197..1378.279 rows=448 loops=1)
  ->  Seq Scan on movie_keyword mk  (cost=0.00..81003.12 rows=246 width=4) (actual time=1.752..1346.983 rows=542 loops=1)
        Filter: (keyword_id = 2064)
        Rows Removed by Filter: 4523388
  ->  Index Scan using title_pkey on title t  (cost=0.43..8.40 rows=1 width=4) (actual time=0.055..0.056 rows=1 loops=542)
        Index Cond: (id = mk.movie_id)
        Filter: (kind_id = 1)
        Rows Removed by Filter: 0
Planning time: 0.772 ms
Execution time: 1378.670 ms
