Hash Join  (cost=433328.88..1360157.93 rows=373059 width=0) (actual time=9247.944..32862.684 rows=2924536 loops=1)
  Hash Cond: (ci.movie_id = t.id)
  ->  Seq Scan on cast_info ci  (cost=0.00..705507.15 rows=21759135 width=4) (actual time=0.082..13743.277 rows=21623354 loops=1)
        Filter: (person_id < 2194736)
        Rows Removed by Filter: 14620990
  ->  Hash  (cost=432786.99..432786.99 rows=43351 width=8) (actual time=9246.313..9246.313 rows=127917 loops=1)
        Buckets: 131072 (originally 65536)  Batches: 2 (originally 1)  Memory Usage: 3550kB
        ->  Hash Join  (cost=67697.55..432786.99 rows=43351 width=8) (actual time=1021.485..9184.447 rows=127917 loops=1)
              Hash Cond: (mi.movie_id = t.id)
              ->  Seq Scan on movie_info mi  (cost=0.00..309384.22 rows=14739122 width=4) (actual time=0.020..4557.040 rows=14835720 loops=1)
              ->  Hash  (cost=67604.59..67604.59 rows=7437 width=4) (actual time=1020.576..1020.576 rows=19861 loops=1)
                    Buckets: 32768 (originally 8192)  Batches: 1 (originally 1)  Memory Usage: 955kB
                    ->  Seq Scan on title t  (cost=0.00..67604.59 rows=7437 width=4) (actual time=0.113..1010.847 rows=19861 loops=1)
                          Filter: (production_year = 1988)
                          Rows Removed by Filter: 2508451
Planning time: 1.162 ms
Execution time: 33225.526 ms
