Hash Join  (cost=150654.28..946351.00 rows=1414720 width=0) (actual time=10577.626..19429.769 rows=2073200 loops=1)
  Hash Cond: (ci.movie_id = t.id)
  ->  Seq Scan on cast_info ci  (cost=0.00..705507.15 rows=6387296 width=4) (actual time=7428.389..12796.829 rows=6480569 loops=1)
        Filter: (person_id > 3008589)
        Rows Removed by Filter: 29763775
  ->  Hash  (cost=141465.74..141465.74 rows=560043 width=8) (actual time=3148.307..3148.307 rows=283812 loops=1)
        Buckets: 131072  Batches: 8  Memory Usage: 2409kB
        ->  Hash Join  (cost=92883.59..141465.74 rows=560043 width=8) (actual time=1966.559..3078.111 rows=283812 loops=1)
              Hash Cond: (mi_idx.movie_id = t.id)
              ->  Seq Scan on movie_info_idx mi_idx  (cost=0.00..25185.44 rows=919057 width=4) (actual time=0.024..553.420 rows=920110 loops=1)
                    Filter: (info_type_id > 99)
                    Rows Removed by Filter: 459925
              ->  Hash  (cost=67604.59..67604.59 rows=1540800 width=4) (actual time=1809.003..1809.003 rows=1543264 loops=1)
                    Buckets: 131072  Batches: 32  Memory Usage: 2722kB
                    ->  Seq Scan on title t  (cost=0.00..67604.59 rows=1540800 width=4) (actual time=0.019..1135.785 rows=1543264 loops=1)
                          Filter: (kind_id = 7)
                          Rows Removed by Filter: 985048
Planning time: 1.185 ms
Execution time: 19679.541 ms
