Hash Join  (cost=697320.83..1984317.12 rows=29603850 width=0) (actual time=23495.513..83383.128 rows=149353515 loops=1)
  Hash Cond: (ci.movie_id = t.id)
  ->  Seq Scan on cast_info ci  (cost=0.00..705507.15 rows=14925366 width=4) (actual time=0.022..13598.566 rows=14823642 loops=1)
        Filter: (person_id < 1462315)
        Rows Removed by Filter: 21420702
  ->  Hash  (cost=615039.47..615039.47 rows=5015229 width=8) (actual time=23492.874..23492.874 rows=9874334 loops=1)
        Buckets: 131072 (originally 131072)  Batches: 256 (originally 128)  Memory Usage: 4028kB
        ->  Hash Join  (cost=81720.25..615039.47 rows=5015229 width=8) (actual time=1501.585..19299.169 rows=9874334 loops=1)
              Hash Cond: (mi.movie_id = t.id)
              ->  Seq Scan on movie_info mi  (cost=0.00..309384.22 rows=14739122 width=4) (actual time=0.027..6158.393 rows=14835720 loops=1)
              ->  Hash  (cost=67604.59..67604.59 rows=860373 width=4) (actual time=1500.715..1500.715 rows=854214 loops=1)
                    Buckets: 131072  Batches: 16  Memory Usage: 2906kB
                    ->  Seq Scan on title t  (cost=0.00..67604.59 rows=860373 width=4) (actual time=0.018..1224.019 rows=854214 loops=1)
                          Filter: (kind_id < 4)
                          Rows Removed by Filter: 1674098
Planning time: 6.687 ms
Execution time: 99428.697 ms
