Hash Join  (cost=160580.85..291196.11 rows=706922 width=0) (actual time=3490.196..7438.888 rows=2814590 loops=1)
  Hash Cond: (mk.movie_id = t.id)
  ->  Seq Scan on movie_keyword mk  (cost=0.00..69693.30 rows=4523930 width=4) (actual time=0.005..1461.643 rows=4523930 loops=1)
  ->  Hash  (cost=154097.91..154097.91 rows=395115 width=8) (actual time=3489.550..3489.550 rows=342710 loops=1)
        Buckets: 131072  Batches: 8  Memory Usage: 2696kB
        ->  Hash Join  (cost=82423.69..154097.91 rows=395115 width=8) (actual time=1529.657..3376.948 rows=342710 loops=1)
              Hash Cond: (mc.movie_id = t.id)
              ->  Seq Scan on movie_companies mc  (cost=0.00..51404.11 rows=1106123 width=4) (actual time=30.913..1033.304 rows=1117600 loops=1)
                    Filter: (company_id > 13791)
                    Rows Removed by Filter: 1491529
              ->  Hash  (cost=67604.59..67604.59 rows=903208 width=4) (actual time=1497.651..1497.651 rows=904491 loops=1)
                    Buckets: 131072  Batches: 16  Memory Usage: 3010kB
                    ->  Seq Scan on title t  (cost=0.00..67604.59 rows=903208 width=4) (actual time=0.026..1212.633 rows=904491 loops=1)
                          Filter: (production_year > 2006)
                          Rows Removed by Filter: 1623821
Planning time: 1.074 ms
Execution time: 7766.618 ms
