Seq Scan on cast_info ci  (cost=0.00..705507.15 rows=7516010 width=0) (actual time=4861.016..12098.619 rows=7568641 loops=1)
  Filter: (person_id > 2916809)
  Rows Removed by Filter: 28675703
Planning time: 0.329 ms
Execution time: 13067.092 ms
