Seq Scan on movie_keyword mk  (cost=0.00..81003.12 rows=246 width=0) (actual time=0.357..1303.824 rows=935 loops=1)
  Filter: (keyword_id = 5443)
  Rows Removed by Filter: 4522995
Planning time: 1.641 ms
Execution time: 1304.252 ms
