Seq Scan on movie_keyword mk  (cost=0.00..81003.12 rows=246 width=0) (actual time=63.186..1318.233 rows=3 loops=1)
  Filter: (keyword_id = 85073)
  Rows Removed by Filter: 4523927
Planning time: 0.364 ms
Execution time: 1318.326 ms
