Hash Join  (cost=94978.31..175209.37 rows=536604 width=0) (actual time=1870.074..4117.773 rows=876101 loops=1)
  Hash Cond: (mc.movie_id = t.id)
  ->  Seq Scan on movie_companies mc  (cost=0.00..57926.93 rows=813217 width=4) (actual time=0.014..1151.669 rows=1117489 loops=1)
        Filter: ((company_id < 18153) AND (company_type_id = 1))
        Rows Removed by Filter: 1491640
  ->  Hash  (cost=67604.59..67604.59 rows=1668458 width=4) (actual time=1868.427..1868.427 rows=1671292 loops=1)
        Buckets: 131072  Batches: 32  Memory Usage: 2858kB
        ->  Seq Scan on title t  (cost=0.00..67604.59 rows=1668458 width=4) (actual time=0.020..1340.385 rows=1671292 loops=1)
              Filter: (production_year < 2008)
              Rows Removed by Filter: 857020
Planning time: 0.775 ms
Execution time: 4226.517 ms
