Seq Scan on movie_keyword mk  (cost=0.00..81003.12 rows=2248756 width=0) (actual time=0.017..1545.255 rows=2251169 loops=1)
  Filter: (keyword_id < 4644)
  Rows Removed by Filter: 2272761
Planning time: 0.314 ms
Execution time: 1819.758 ms
