Seq Scan on movie_keyword mk  (cost=0.00..81003.12 rows=246 width=0) (actual time=20.341..1263.264 rows=43 loops=1)
  Filter: (keyword_id = 11833)
  Rows Removed by Filter: 4523887
Planning time: 0.381 ms
Execution time: 1263.408 ms
