Hash Join  (cost=135978.91..639597.79 rows=2231693 width=0) (actual time=3107.549..20366.334 rows=14752941 loops=1)
  Hash Cond: (mi.movie_id = t.id)
  ->  Seq Scan on movie_info mi  (cost=0.00..309384.22 rows=14739122 width=4) (actual time=0.018..5972.185 rows=14835720 loops=1)
  ->  Hash  (cost=129697.26..129697.26 rows=382852 width=8) (actual time=3106.599..3106.599 rows=798605 loops=1)
        Buckets: 131072 (originally 131072)  Batches: 16 (originally 8)  Memory Usage: 3073kB
        ->  Hash Join  (cost=85435.26..129697.26 rows=382852 width=8) (actual time=1426.859..2860.929 rows=798605 loops=1)
              Hash Cond: (mi_idx.movie_id = t.id)
              ->  Seq Scan on movie_info_idx mi_idx  (cost=0.00..21735.35 rows=1380035 width=4) (actual time=0.025..444.747 rows=1380035 loops=1)
              ->  Hash  (cost=73925.90..73925.90 rows=701468 width=4) (actual time=1425.001..1425.001 rows=749931 loops=1)
                    Buckets: 131072  Batches: 16  Memory Usage: 2673kB
                    ->  Seq Scan on title t  (cost=0.00..73925.90 rows=701468 width=4) (actual time=0.018..1181.745 rows=749931 loops=1)
                          Filter: ((kind_id < 7) AND (production_year < 2009))
                          Rows Removed by Filter: 1778381
Planning time: 1.249 ms
Execution time: 22077.530 ms
