Nested Loop  (cost=0.43..709674.40 rows=95 width=0) (actual time=4053.597..11463.618 rows=84 loops=1)
  ->  Seq Scan on cast_info ci  (cost=0.00..705507.15 rows=500 width=4) (actual time=4042.069..11445.879 rows=356 loops=1)
        Filter: (person_id = 1085037)
        Rows Removed by Filter: 36243988
  ->  Index Scan using title_pkey on title t  (cost=0.43..8.32 rows=1 width=4) (actual time=0.049..0.049 rows=0 loops=356)
        Index Cond: (id = ci.movie_id)
        Filter: ((production_year > 2007) AND (kind_id = 7))
        Rows Removed by Filter: 1
Planning time: 0.735 ms
Execution time: 11463.747 ms
