Seq Scan on movie_keyword mk  (cost=0.00..81003.12 rows=817142 width=0) (actual time=0.025..1275.483 rows=819631 loops=1)
  Filter: (keyword_id < 786)
  Rows Removed by Filter: 3704299
Planning time: 0.321 ms
Execution time: 1381.684 ms
