Hash Join  (cost=82581.58..617178.38 rows=2847974 width=0) (actual time=1419.522..16799.458 rows=6320814 loops=1)
  Hash Cond: (mi.movie_id = t.id)
  ->  Seq Scan on movie_info mi  (cost=0.00..346232.03 rows=13649610 width=4) (actual time=7.591..7174.060 rows=13681409 loops=1)
        Filter: (info_type_id < 51)
        Rows Removed by Filter: 1154311
  ->  Hash  (cost=73925.90..73925.90 rows=527574 width=4) (actual time=1411.098..1411.098 rows=609532 loops=1)
        Buckets: 131072  Batches: 8  Memory Usage: 3724kB
        ->  Seq Scan on title t  (cost=0.00..73925.90 rows=527574 width=4) (actual time=0.020..1213.722 rows=609532 loops=1)
              Filter: ((kind_id < 7) AND (production_year < 2005))
              Rows Removed by Filter: 1918780
Planning time: 0.825 ms
Execution time: 17531.635 ms
