Hash Join  (cost=161976.97..540528.77 rows=116420 width=0) (actual time=2884.302..12328.407 rows=7787109 loops=1)
  Hash Cond: (mi.movie_id = t.id)
  ->  Seq Scan on movie_info mi  (cost=0.00..346232.03 rows=6231111 width=4) (actual time=897.041..5898.207 rows=6223494 loops=1)
        Filter: (info_type_id > 8)
        Rows Removed by Filter: 8612226
  ->  Hash  (cost=161386.43..161386.43 rows=47243 width=8) (actual time=1986.639..1986.639 rows=124508 loops=1)
        Buckets: 131072 (originally 65536)  Batches: 2 (originally 1)  Memory Usage: 3459kB
        ->  Hash Join  (cost=74255.97..161386.43 rows=47243 width=8) (actual time=851.731..1956.669 rows=124508 loops=1)
              Hash Cond: (mk.movie_id = t.id)
              ->  Seq Scan on movie_keyword mk  (cost=0.00..69693.30 rows=4523930 width=4) (actual time=0.023..522.962 rows=4523930 loops=1)
              ->  Hash  (cost=73925.90..73925.90 rows=26405 width=4) (actual time=851.376..851.376 rows=23926 loops=1)
                    Buckets: 32768  Batches: 1  Memory Usage: 1098kB
                    ->  Seq Scan on title t  (cost=0.00..73925.90 rows=26405 width=4) (actual time=0.135..837.221 rows=23926 loops=1)
                          Filter: ((kind_id < 7) AND (production_year = 2003))
                          Rows Removed by Filter: 2504386
Planning time: 1.153 ms
Execution time: 13228.697 ms
