Seq Scan on movie_info_idx mi_idx  (cost=0.00..25185.44 rows=464566 width=50) (actual time=0.015..616.714 rows=459925 loops=1)
  Filter: (info_type_id = 101)
  Rows Removed by Filter: 920110
Planning time: 0.402 ms
Execution time: 650.689 ms
