Hash Join  (cost=231845.07..598149.90 rows=399865 width=0) (actual time=5794.536..13151.439 rows=8684220 loops=1)
  Hash Cond: (mi.movie_id = t.id)
  ->  Seq Scan on movie_info mi  (cost=0.00..346232.03 rows=1071243 width=4) (actual time=1053.485..5444.433 rows=1128585 loops=1)
        Filter: (info_type_id > 61)
        Rows Removed by Filter: 13707135
  ->  Hash  (cost=216360.20..216360.20 rows=943829 width=8) (actual time=4738.783..4738.783 rows=946324 loops=1)
        Buckets: 131072  Batches: 16  Memory Usage: 3433kB
        ->  Hash Join  (cost=102767.86..216360.20 rows=943829 width=8) (actual time=1989.380..4489.335 rows=946324 loops=1)
              Hash Cond: (mk.movie_id = t.id)
              ->  Seq Scan on movie_keyword mk  (cost=0.00..81003.12 rows=943829 width=4) (actual time=0.038..1388.004 rows=946324 loops=1)
                    Filter: (keyword_id < 889)
                    Rows Removed by Filter: 3577606
              ->  Hash  (cost=61283.27..61283.27 rows=2528527 width=4) (actual time=1988.272..1988.272 rows=2528312 loops=1)
                    Buckets: 131072  Batches: 64  Memory Usage: 2425kB
                    ->  Seq Scan on title t  (cost=0.00..61283.27 rows=2528527 width=4) (actual time=0.018..1106.593 rows=2528312 loops=1)
Planning time: 1.165 ms
Execution time: 14087.789 ms
