Seq Scan on cast_info ci  (cost=0.00..796071.18 rows=23290837 width=0) (actual time=3938.571..18460.166 rows=23223137 loops=1)
  Filter: ((person_id < 3997600) AND (role_id > 1))
  Rows Removed by Filter: 13021207
Planning time: 0.253 ms
Execution time: 21417.907 ms
