Hash Join  (cost=662845.30..1975713.08 rows=27340782 width=0) (actual time=16784.515..54458.053 rows=51509794 loops=1)
  Hash Cond: (ci.movie_id = t.id)
  ->  Seq Scan on cast_info ci  (cost=0.00..705507.15 rows=17901279 width=4) (actual time=3.062..14126.837 rows=18025003 loops=1)
        Filter: (person_id > 1809362)
        Rows Removed by Filter: 18219341
  ->  Hash  (cost=599486.27..599486.27 rows=3861842 width=8) (actual time=16779.540..16779.540 rows=3121272 loops=1)
        Buckets: 131072  Batches: 64  Memory Usage: 2933kB
        ->  Hash Join  (cost=78473.92..599486.27 rows=3861842 width=8) (actual time=1402.835..15604.310 rows=3121272 loops=1)
              Hash Cond: (mi.movie_id = t.id)
              ->  Seq Scan on movie_info mi  (cost=0.00..309384.22 rows=14739122 width=4) (actual time=0.011..6064.977 rows=14835720 loops=1)
              ->  Hash  (cost=67604.59..67604.59 rows=662507 width=4) (actual time=1401.147..1401.147 rows=662065 loops=1)
                    Buckets: 131072  Batches: 16  Memory Usage: 2487kB
                    ->  Seq Scan on title t  (cost=0.00..67604.59 rows=662507 width=4) (actual time=0.015..1164.573 rows=662065 loops=1)
                          Filter: (production_year > 2008)
                          Rows Removed by Filter: 1866247
Planning time: 1.150 ms
Execution time: 60379.484 ms
