Hash Join  (cost=102767.86..198389.08 rows=1155956 width=0) (actual time=1894.374..4436.229 rows=1274246 loops=1)
  Hash Cond: (mc.movie_id = t.id)
  ->  Seq Scan on movie_companies mc  (cost=0.00..57926.93 rows=1155956 width=4) (actual time=0.022..1162.016 rows=1274246 loops=1)
        Filter: ((company_id < 100268) AND (company_type_id = 1))
        Rows Removed by Filter: 1334883
  ->  Hash  (cost=61283.27..61283.27 rows=2528527 width=4) (actual time=1893.177..1893.177 rows=2528312 loops=1)
        Buckets: 131072  Batches: 64  Memory Usage: 2415kB
        ->  Seq Scan on title t  (cost=0.00..61283.27 rows=2528527 width=4) (actual time=0.013..1054.587 rows=2528312 loops=1)
Planning time: 0.754 ms
Execution time: 4573.950 ms
