Hash Join  (cost=78230.90..205952.69 rows=469475 width=0) (actual time=1389.351..4745.962 rows=91527 loops=1)
  Hash Cond: (mk.movie_id = t.id)
  ->  Seq Scan on movie_keyword mk  (cost=0.00..69693.30 rows=4523930 width=4) (actual time=0.024..1385.897 rows=4523930 loops=1)
  ->  Hash  (cost=73925.90..73925.90 rows=262400 width=4) (actual time=1387.417..1387.417 rows=129927 loops=1)
        Buckets: 131072  Batches: 4  Memory Usage: 2171kB
        ->  Seq Scan on title t  (cost=0.00..73925.90 rows=262400 width=4) (actual time=0.071..1338.640 rows=129927 loops=1)
              Filter: ((kind_id > 1) AND (production_year < 1969))
              Rows Removed by Filter: 2398385
Planning time: 0.711 ms
Execution time: 4756.574 ms
