Seq Scan on movie_keyword mk  (cost=0.00..81003.12 rows=246 width=0) (actual time=2.126..1266.753 rows=354 loops=1)
  Filter: (keyword_id = 3228)
  Rows Removed by Filter: 4523576
Planning time: 0.328 ms
Execution time: 1267.040 ms
