Hash Join  (cost=75384.88..106411.01 rows=16203 width=0) (actual time=1315.369..2062.379 rows=9458 loops=1)
  Hash Cond: (mi_idx.movie_id = t.id)
  ->  Seq Scan on movie_info_idx mi_idx  (cost=0.00..25185.44 rows=460978 width=4) (actual time=0.014..553.050 rows=459925 loops=1)
        Filter: (info_type_id = 99)
        Rows Removed by Filter: 920110
  ->  Hash  (cost=73925.90..73925.90 rows=88878 width=4) (actual time=1313.067..1313.067 rows=96722 loops=1)
        Buckets: 131072  Batches: 2  Memory Usage: 2730kB
        ->  Seq Scan on title t  (cost=0.00..73925.90 rows=88878 width=4) (actual time=0.018..1256.187 rows=96722 loops=1)
              Filter: ((kind_id > 2) AND (production_year = 2008))
              Rows Removed by Filter: 2431590
Planning time: 3.229 ms
Execution time: 2064.325 ms
