Hash Join  (cost=119078.12..243403.35 rows=190619 width=0) (actual time=2249.584..6120.183 rows=1340848 loops=1)
  Hash Cond: (mk.movie_id = t.id)
  ->  Seq Scan on movie_keyword mk  (cost=0.00..69693.30 rows=4523930 width=4) (actual time=0.024..1373.379 rows=4523930 loops=1)
  ->  Hash  (cost=117329.36..117329.36 rows=106541 width=8) (actual time=2248.605..2248.605 rows=160520 loops=1)
        Buckets: 131072 (originally 131072)  Batches: 4 (originally 2)  Memory Usage: 3073kB
        ->  Hash Join  (cost=83440.39..117329.36 rows=106541 width=8) (actual time=1300.721..2187.276 rows=160520 loops=1)
              Hash Cond: (mi_idx.movie_id = t.id)
              ->  Seq Scan on movie_info_idx mi_idx  (cost=0.00..25185.44 rows=464566 width=4) (actual time=0.026..493.863 rows=459925 loops=1)
                    Filter: (info_type_id = 101)
                    Rows Removed by Filter: 920110
              ->  Hash  (cost=73925.90..73925.90 rows=579879 width=4) (actual time=1299.791..1299.791 rows=492958 loops=1)
                    Buckets: 131072  Batches: 8  Memory Usage: 3188kB
                    ->  Seq Scan on title t  (cost=0.00..73925.90 rows=579879 width=4) (actual time=0.047..1141.206 rows=492958 loops=1)
                          Filter: ((kind_id < 7) AND (production_year > 1998))
                          Rows Removed by Filter: 2035354
Planning time: 1.240 ms
Execution time: 6288.663 ms
