Hash Join  (cost=69374.09..961467.59 rows=339962 width=0) (actual time=7324.331..21394.347 rows=532534 loops=1)
  Hash Cond: (ci.movie_id = t.id)
  ->  Seq Scan on cast_info ci  (cost=0.00..796071.18 rows=7974054 width=4) (actual time=6106.010..15308.039 rows=12670688 loops=1)
        Filter: ((person_id < 2302149) AND (role_id = 1))
        Rows Removed by Filter: 23573656
  ->  Hash  (cost=67604.59..67604.59 rows=107800 width=4) (actual time=1217.320..1217.320 rows=108429 loops=1)
        Buckets: 131072  Batches: 2  Memory Usage: 2931kB
        ->  Seq Scan on title t  (cost=0.00..67604.59 rows=107800 width=4) (actual time=0.038..1174.803 rows=108429 loops=1)
              Filter: (production_year = 2006)
              Rows Removed by Filter: 2419883
Planning time: 1.000 ms
Execution time: 21469.517 ms
