Hash Join  (cost=156343.41..195260.50 rows=71361 width=0) (actual time=3014.523..3982.160 rows=194055 loops=1)
  Hash Cond: (mi_idx.movie_id = t.id)
  ->  Seq Scan on movie_info_idx mi_idx  (cost=0.00..21735.35 rows=1380035 width=4) (actual time=0.023..445.456 rows=1380035 loops=1)
  ->  Hash  (cost=154198.04..154198.04 rows=130749 width=8) (actual time=3013.727..3013.727 rows=133385 loops=1)
        Buckets: 131072  Batches: 2  Memory Usage: 3634kB
        ->  Hash Join  (cost=92735.26..154198.04 rows=130749 width=8) (actual time=1847.664..2970.825 rows=133385 loops=1)
              Hash Cond: (mc.movie_id = t.id)
              ->  Seq Scan on movie_companies mc  (cost=0.00..51404.11 rows=215836 width=4) (actual time=133.425..850.419 rows=217248 loops=1)
                    Filter: (company_id > 108682)
                    Rows Removed by Filter: 2391881
              ->  Hash  (cost=67604.59..67604.59 rows=1531734 width=4) (actual time=1713.292..1713.292 rows=1531613 loops=1)
                    Buckets: 131072  Batches: 32  Memory Usage: 2708kB
                    ->  Seq Scan on title t  (cost=0.00..67604.59 rows=1531734 width=4) (actual time=0.032..1224.218 rows=1531613 loops=1)
                          Filter: (production_year > 1997)
                          Rows Removed by Filter: 996699
Planning time: 1.164 ms
Execution time: 4002.884 ms
