Hash Join  (cost=84618.84..168939.68 rows=672531 width=0) (actual time=1440.709..4119.254 rows=1460112 loops=1)
  Hash Cond: (mc.movie_id = t.id)
  ->  Seq Scan on movie_companies mc  (cost=0.00..44881.29 rows=2609129 width=4) (actual time=0.022..858.062 rows=2609129 loops=1)
  ->  Hash  (cost=73925.90..73925.90 rows=651755 width=4) (actual time=1439.854..1439.854 rows=711179 loops=1)
        Buckets: 131072  Batches: 16  Memory Usage: 2590kB
        ->  Seq Scan on title t  (cost=0.00..73925.90 rows=651755 width=4) (actual time=0.017..1223.825 rows=711179 loops=1)
              Filter: ((kind_id < 7) AND (production_year < 2008))
              Rows Removed by Filter: 1817133
Planning time: 0.777 ms
Execution time: 4298.900 ms
