Seq Scan on cast_info ci  (cost=0.00..705507.15 rows=500 width=0) (actual time=4250.599..10835.961 rows=91 loops=1)
  Filter: (person_id = 1886245)
  Rows Removed by Filter: 36244253
Planning time: 0.361 ms
Execution time: 10836.071 ms
