Seq Scan on cast_info ci  (cost=0.00..796071.18 rows=12026482 width=0) (actual time=4552.441..15340.721 rows=6798448 loops=1)
  Filter: ((person_id < 2769775) AND (role_id > 2))
  Rows Removed by Filter: 29445896
Planning time: 0.353 ms
Execution time: 16182.970 ms
