Hash Join  (cost=52284.74..805517.78 rows=317 width=0) (actual time=6303.045..15985.216 rows=10035 loops=1)
  Hash Cond: (ci.movie_id = t.id)
  ->  Seq Scan on cast_info ci  (cost=0.00..705507.15 rows=12726058 width=4) (actual time=5568.337..13341.721 rows=12670688 loops=1)
        Filter: (role_id = 1)
        Rows Removed by Filter: 23573656
  ->  Hash  (cost=52283.95..52283.95 rows=63 width=8) (actual time=728.869..728.869 rows=817 loops=1)
        Buckets: 1024  Batches: 1  Memory Usage: 40kB
        ->  Nested Loop  (cost=0.43..52283.95 rows=63 width=8) (actual time=570.074..728.492 rows=817 loops=1)
              ->  Seq Scan on movie_companies mc  (cost=0.00..51404.11 rows=104 width=4) (actual time=7.650..710.732 rows=884 loops=1)
                    Filter: (company_id = 71105)
                    Rows Removed by Filter: 2608245
              ->  Index Scan using title_pkey on title t  (cost=0.43..8.45 rows=1 width=4) (actual time=0.019..0.019 rows=1 loops=884)
                    Index Cond: (id = mc.movie_id)
                    Filter: (kind_id = 7)
                    Rows Removed by Filter: 0
Planning time: 1.722 ms
Execution time: 15987.930 ms
