Seq Scan on cast_info ci  (cost=0.00..796071.18 rows=572986 width=0) (actual time=163.610..9655.353 rows=565726 loops=1)
  Filter: ((person_id < 68340) AND (role_id < 6))
  Rows Removed by Filter: 35678618
Planning time: 0.229 ms
Execution time: 9727.272 ms
