Seq Scan on movie_keyword mk  (cost=0.00..81003.12 rows=246 width=0) (actual time=1.954..1166.529 rows=759 loops=1)
  Filter: (keyword_id = 4509)
  Rows Removed by Filter: 4523171
Planning time: 0.415 ms
Execution time: 1166.896 ms
