Seq Scan on movie_keyword mk  (cost=0.00..81003.12 rows=1996087 width=0) (actual time=0.024..1399.506 rows=2002716 loops=1)
  Filter: (keyword_id < 3549)
  Rows Removed by Filter: 2521214
Planning time: 0.298 ms
Execution time: 1646.544 ms
