Hash Join  (cost=130363.82..503758.63 rows=2953 width=0) (actual time=2685.672..9301.384 rows=31361 loops=1)
  Hash Cond: (mi.movie_id = t.id)
  ->  Seq Scan on movie_info mi  (cost=0.00..346232.03 rows=7235534 width=4) (actual time=293.564..5814.797 rows=7286865 loops=1)
        Filter: (info_type_id < 8)
        Rows Removed by Filter: 7548855
  ->  Hash  (cost=130350.92..130350.92 rows=1032 width=8) (actual time=2307.206..2307.206 rows=3962 loops=1)
        Buckets: 4096 (originally 2048)  Batches: 1 (originally 1)  Memory Usage: 187kB
        ->  Hash Join  (cost=73950.44..130350.92 rows=1032 width=8) (actual time=1138.073..2305.304 rows=3962 loops=1)
              Hash Cond: (mc.movie_id = t.id)
              ->  Seq Scan on movie_companies mc  (cost=0.00..51404.11 rows=1329612 width=4) (actual time=0.028..952.620 rows=1334883 loops=1)
                    Filter: (company_type_id = 2)
                    Rows Removed by Filter: 1274246
              ->  Hash  (cost=73925.90..73925.90 rows=1963 width=4) (actual time=1138.020..1138.020 rows=4053 loops=1)
                    Buckets: 4096 (originally 2048)  Batches: 1 (originally 1)  Memory Usage: 175kB
                    ->  Seq Scan on title t  (cost=0.00..73925.90 rows=1963 width=4) (actual time=0.034..1135.947 rows=4053 loops=1)
                          Filter: ((kind_id = 1) AND (production_year = 1967))
                          Rows Removed by Filter: 2524259
Planning time: 1.271 ms
Execution time: 9306.829 ms
