Seq Scan on cast_info ci  (cost=0.00..796071.18 rows=14208825 width=0) (actual time=1124.256..16145.025 rows=11628297 loops=1)
  Filter: ((person_id < 3241552) AND (role_id > 2))
  Rows Removed by Filter: 24616047
Planning time: 0.386 ms
Execution time: 17558.343 ms
