Hash Join  (cost=150654.28..230568.43 rows=423160 width=0) (actual time=3681.803..5140.546 rows=453762 loops=1)
  Hash Cond: (mc.movie_id = t.id)
  ->  Seq Scan on movie_companies mc  (cost=0.00..51404.11 rows=1910517 width=4) (actual time=0.025..1069.360 rows=1905739 loops=1)
        Filter: (company_id < 44875)
        Rows Removed by Filter: 703390
  ->  Hash  (cost=141465.74..141465.74 rows=560043 width=8) (actual time=3051.455..3051.455 rows=283812 loops=1)
        Buckets: 131072  Batches: 8  Memory Usage: 2409kB
        ->  Hash Join  (cost=92883.59..141465.74 rows=560043 width=8) (actual time=2173.502..2974.458 rows=283812 loops=1)
              Hash Cond: (mi_idx.movie_id = t.id)
              ->  Seq Scan on movie_info_idx mi_idx  (cost=0.00..25185.44 rows=919057 width=4) (actual time=0.025..568.421 rows=920110 loops=1)
                    Filter: (info_type_id > 99)
                    Rows Removed by Filter: 459925
              ->  Hash  (cost=67604.59..67604.59 rows=1540800 width=4) (actual time=1669.632..1669.632 rows=1543264 loops=1)
                    Buckets: 131072  Batches: 32  Memory Usage: 2722kB
                    ->  Seq Scan on title t  (cost=0.00..67604.59 rows=1540800 width=4) (actual time=0.027..1181.355 rows=1543264 loops=1)
                          Filter: (kind_id = 7)
                          Rows Removed by Filter: 985048
Planning time: 3.501 ms
Execution time: 5192.940 ms
