Seq Scan on movie_keyword mk  (cost=0.00..81003.12 rows=246 width=0) (actual time=2.858..1289.350 rows=251 loops=1)
  Filter: (keyword_id = 1471)
  Rows Removed by Filter: 4523679
Planning time: 0.395 ms
Execution time: 1289.552 ms
