Hash Join  (cost=345671.01..2101566.84 rows=57068658 width=0) (actual time=8156.993..91053.137 rows=207090107 loops=1)
  Hash Cond: (ci.movie_id = t.id)
  ->  Seq Scan on cast_info ci  (cost=0.00..614943.12 rows=36225612 width=4) (actual time=0.042..14012.227 rows=36244344 loops=1)
  ->  Hash  (cost=280319.01..280319.01 rows=3983360 width=8) (actual time=8155.535..8155.535 rows=4348171 loops=1)
        Buckets: 131072  Batches: 64  Memory Usage: 3716kB
        ->  Hash Join  (cost=104131.46..280319.01 rows=3983360 width=8) (actual time=2200.209..7012.329 rows=4348171 loops=1)
              Hash Cond: (mk.movie_id = t.id)
              ->  Seq Scan on movie_keyword mk  (cost=0.00..69693.30 rows=4523930 width=4) (actual time=0.019..1411.007 rows=4523930 loops=1)
              ->  Hash  (cost=67604.59..67604.59 rows=2226390 width=4) (actual time=2199.285..2199.285 rows=2224569 loops=1)
                    Buckets: 131072  Batches: 32  Memory Usage: 3472kB
                    ->  Seq Scan on title t  (cost=0.00..67604.59 rows=2226390 width=4) (actual time=0.011..1473.922 rows=2224569 loops=1)
                          Filter: (production_year < 2012)
                          Rows Removed by Filter: 303743
Planning time: 0.754 ms
Execution time: 114079.958 ms
