Hash Join  (cost=461557.37..543631.40 rows=509551 width=0) (actual time=8297.725..11092.314 rows=1906043 loops=1)
  Hash Cond: (mc.movie_id = t.id)
  ->  Seq Scan on movie_companies mc  (cost=0.00..44881.29 rows=2609129 width=4) (actual time=0.020..1002.750 rows=2609129 loops=1)
  ->  Hash  (cost=453455.76..453455.76 rows=493809 width=8) (actual time=8296.931..8296.931 rows=936925 loops=1)
        Buckets: 131072 (originally 131072)  Batches: 16 (originally 8)  Memory Usage: 3305kB
        ->  Hash Join  (cost=83810.17..453455.76 rows=493809 width=8) (actual time=2367.293..8031.555 rows=936925 loops=1)
              Hash Cond: (mi.movie_id = t.id)
              ->  Seq Scan on movie_info mi  (cost=0.00..346232.03 rows=1264125 width=4) (actual time=869.928..5428.382 rows=1288928 loops=1)
                    Filter: (info_type_id = 2)
                    Rows Removed by Filter: 13546792
              ->  Hash  (cost=67604.59..67604.59 rows=987727 width=4) (actual time=1496.514..1496.514 rows=985048 loops=1)
                    Buckets: 131072  Batches: 16  Memory Usage: 3197kB
                    ->  Seq Scan on title t  (cost=0.00..67604.59 rows=987727 width=4) (actual time=0.025..1186.853 rows=985048 loops=1)
                          Filter: (kind_id < 7)
                          Rows Removed by Filter: 1543264
Planning time: 3.157 ms
Execution time: 11298.024 ms
