Hash Join  (cost=176910.21..1278222.97 rows=6571759 width=0) (actual time=3764.818..38831.012 rows=14352832 loops=1)
  Hash Cond: (ci.movie_id = t.id)
  ->  Seq Scan on cast_info ci  (cost=0.00..614943.12 rows=36225612 width=4) (actual time=0.017..13153.595 rows=36244344 loops=1)
  ->  Hash  (cost=169384.40..169384.40 rows=458705 width=8) (actual time=3764.012..3764.012 rows=526126 loops=1)
        Buckets: 131072  Batches: 8  Memory Usage: 3594kB
        ->  Hash Join  (cost=98137.04..169384.40 rows=458705 width=8) (actual time=1859.627..3607.174 rows=526126 loops=1)
              Hash Cond: (mc.movie_id = t.id)
              ->  Seq Scan on movie_companies mc  (cost=0.00..51404.11 rows=623240 width=4) (actual time=0.022..917.695 rows=619716 loops=1)
                    Filter: (company_id < 774)
                    Rows Removed by Filter: 1989413
              ->  Hash  (cost=67604.59..67604.59 rows=1860996 width=4) (actual time=1858.740..1858.740 rows=1865487 loops=1)
                    Buckets: 131072  Batches: 32  Memory Usage: 3079kB
                    ->  Seq Scan on title t  (cost=0.00..67604.59 rows=1860996 width=4) (actual time=0.011..1270.406 rows=1865487 loops=1)
                          Filter: (kind_id > 1)
                          Rows Removed by Filter: 662825
Planning time: 1.160 ms
Execution time: 40529.959 ms
