Seq Scan on cast_info ci  (cost=0.00..705507.15 rows=500 width=0) (actual time=2747.452..10991.253 rows=76 loops=1)
  Filter: (person_id = 464795)
  Rows Removed by Filter: 36244268
Planning time: 0.382 ms
Execution time: 10991.361 ms
