Hash Join  (cost=52284.99..79196.04 rows=57 width=0) (actual time=773.528..1317.410 rows=351 loops=1)
  Hash Cond: (mi_idx.movie_id = t.id)
  ->  Seq Scan on movie_info_idx mi_idx  (cost=0.00..21735.35 rows=1380035 width=4) (actual time=0.016..294.679 rows=1380035 loops=1)
  ->  Hash  (cost=52283.69..52283.69 rows=104 width=8) (actual time=768.121..768.121 rows=205 loops=1)
        Buckets: 1024  Batches: 1  Memory Usage: 17kB
        ->  Nested Loop  (cost=0.43..52283.69 rows=104 width=8) (actual time=0.654..767.936 rows=205 loops=1)
              ->  Seq Scan on movie_companies mc  (cost=0.00..51404.11 rows=104 width=4) (actual time=0.603..762.189 rows=205 loops=1)
                    Filter: (company_id = 1076)
                    Rows Removed by Filter: 2608924
              ->  Index Only Scan using title_pkey on title t  (cost=0.43..8.45 rows=1 width=4) (actual time=0.025..0.026 rows=1 loops=205)
                    Index Cond: (id = mc.movie_id)
                    Heap Fetches: 205
Planning time: 0.885 ms
Execution time: 1317.584 ms
