Hash Join  (cost=185613.21..335590.78 rows=1579249 width=0) (actual time=4361.321..10592.170 rows=8485771 loops=1)
  Hash Cond: (mk.movie_id = t.id)
  ->  Seq Scan on movie_keyword mk  (cost=0.00..81003.12 rows=4284522 width=4) (actual time=0.019..1822.991 rows=4269459 loops=1)
        Filter: (keyword_id > 223)
        Rows Removed by Filter: 254471
  ->  Hash  (cost=170322.21..170322.21 rows=932000 width=8) (actual time=4360.552..4360.552 rows=730845 loops=1)
        Buckets: 131072  Batches: 16  Memory Usage: 2821kB
        ->  Hash Join  (cost=82423.69..170322.21 rows=932000 width=8) (actual time=1552.864..4145.102 rows=730845 loops=1)
              Hash Cond: (mc.movie_id = t.id)
              ->  Seq Scan on movie_companies mc  (cost=0.00..44881.29 rows=2609129 width=4) (actual time=0.018..948.969 rows=2609129 loops=1)
              ->  Hash  (cost=67604.59..67604.59 rows=903208 width=4) (actual time=1551.990..1551.990 rows=904491 loops=1)
                    Buckets: 131072  Batches: 16  Memory Usage: 3010kB
                    ->  Seq Scan on title t  (cost=0.00..67604.59 rows=903208 width=4) (actual time=0.017..1267.019 rows=904491 loops=1)
                          Filter: (production_year > 2006)
                          Rows Removed by Filter: 1623821
Planning time: 1.094 ms
Execution time: 11501.077 ms
