Hash Join  (cost=77854.63..194100.34 rows=259667 width=0) (actual time=1127.609..4547.221 rows=46647 loops=1)
  Hash Cond: (mk.movie_id = t.id)
  ->  Seq Scan on movie_keyword mk  (cost=0.00..81003.12 rows=2742376 width=4) (actual time=0.031..1632.827 rows=2734818 loops=1)
        Filter: (keyword_id < 7771)
        Rows Removed by Filter: 1789112
  ->  Hash  (cost=73925.90..73925.90 rows=239418 width=4) (actual time=1126.693..1126.693 rows=256906 loops=1)
        Buckets: 131072  Batches: 4  Memory Usage: 3302kB
        ->  Seq Scan on title t  (cost=0.00..73925.90 rows=239418 width=4) (actual time=316.020..1037.531 rows=256906 loops=1)
              Filter: ((production_year > 2010) AND (kind_id = 7))
              Rows Removed by Filter: 2271406
Planning time: 1.434 ms
Execution time: 4553.385 ms
