Hash Join  (cost=128746.77..211840.07 rows=985 width=0) (actual time=2341.795..3713.578 rows=6623 loops=1)
  Hash Cond: (mk.movie_id = t.id)
  ->  Seq Scan on movie_keyword mk  (cost=0.00..81003.12 rows=554754 width=4) (actual time=0.021..1263.954 rows=553145 loops=1)
        Filter: (keyword_id > 33367)
        Rows Removed by Filter: 3970785
  ->  Hash  (cost=128690.67..128690.67 rows=4488 width=8) (actual time=2341.375..2341.375 rows=12966 loops=1)
        Buckets: 16384 (originally 8192)  Batches: 1 (originally 1)  Memory Usage: 635kB
        ->  Hash Join  (cost=73980.27..128690.67 rows=4488 width=8) (actual time=1054.486..2333.326 rows=12966 loops=1)
              Hash Cond: (mc.movie_id = t.id)
              ->  Seq Scan on movie_companies mc  (cost=0.00..44881.29 rows=2609129 width=4) (actual time=0.019..710.481 rows=2609129 loops=1)
              ->  Hash  (cost=73925.90..73925.90 rows=4349 width=4) (actual time=1054.372..1054.372 rows=8831 loops=1)
                    Buckets: 16384 (originally 8192)  Batches: 1 (originally 1)  Memory Usage: 439kB
                    ->  Seq Scan on title t  (cost=0.00..73925.90 rows=4349 width=4) (actual time=84.920..1050.338 rows=8831 loops=1)
                          Filter: ((kind_id = 4) AND (production_year = 2005))
                          Rows Removed by Filter: 2519481
Planning time: 1.170 ms
Execution time: 3714.863 ms
