Seq Scan on movie_keyword mk  (cost=0.00..81003.12 rows=1636783 width=0) (actual time=0.023..1510.194 rows=1646452 loops=1)
  Filter: (keyword_id < 2503)
  Rows Removed by Filter: 2877478
Planning time: 0.343 ms
Execution time: 1720.009 ms
