Seq Scan on movie_keyword mk  (cost=0.00..81003.12 rows=246 width=0) (actual time=88.918..1217.352 rows=35 loops=1)
  Filter: (keyword_id = 46105)
  Rows Removed by Filter: 4523895
Planning time: 0.362 ms
Execution time: 1217.471 ms
