Hash Join  (cost=122535.74..510786.97 rows=33734 width=0) (actual time=2240.589..10015.148 rows=46865 loops=1)
  Hash Cond: (mi.movie_id = t.id)
  ->  Seq Scan on movie_info mi  (cost=0.00..346232.03 rows=11115165 width=4) (actual time=0.018..6024.426 rows=11210743 loops=1)
        Filter: (info_type_id > 3)
        Rows Removed by Filter: 3624977
  ->  Hash  (cost=122439.81..122439.81 rows=7674 width=8) (actual time=2240.265..2240.265 rows=5257 loops=1)
        Buckets: 8192  Batches: 1  Memory Usage: 270kB
        ->  Hash Join  (cost=67697.55..122439.81 rows=7674 width=8) (actual time=1120.394..2237.560 rows=5257 loops=1)
              Hash Cond: (mc.movie_id = t.id)
              ->  Seq Scan on movie_companies mc  (cost=0.00..44881.29 rows=2609129 width=4) (actual time=0.011..616.270 rows=2609129 loops=1)
              ->  Hash  (cost=67604.59..67604.59 rows=7437 width=4) (actual time=1120.288..1120.288 rows=2712 loops=1)
                    Buckets: 8192  Batches: 1  Memory Usage: 160kB
                    ->  Seq Scan on title t  (cost=0.00..67604.59 rows=7437 width=4) (actual time=93.425..1118.947 rows=2712 loops=1)
                          Filter: (production_year = 1908)
                          Rows Removed by Filter: 2525600
Planning time: 1.213 ms
Execution time: 10021.228 ms
