Seq Scan on movie_keyword mk  (cost=0.00..81003.12 rows=2221376 width=0) (actual time=0.035..1394.035 rows=2213751 loops=1)
  Filter: (keyword_id > 4963)
  Rows Removed by Filter: 2310179
Planning time: 0.326 ms
Execution time: 1666.563 ms
