Seq Scan on title t  (cost=0.00..73925.90 rows=139269 width=0) (actual time=0.021..1198.912 rows=239782 loops=1)
  Filter: ((kind_id < 7) AND (production_year < 1969))
  Rows Removed by Filter: 2288530
Planning time: 0.335 ms
Execution time: 1234.702 ms
