Hash Join  (cost=74223.04..440264.61 rows=138564 width=0) (actual time=1076.672..7768.670 rows=259107 loops=1)
  Hash Cond: (mi.movie_id = t.id)
  ->  Seq Scan on movie_info mi  (cost=0.00..309384.22 rows=14739122 width=4) (actual time=0.014..3471.642 rows=14835720 loops=1)
  ->  Hash  (cost=73925.90..73925.90 rows=23771 width=4) (actual time=1076.400..1076.400 rows=20633 loops=1)
        Buckets: 32768  Batches: 1  Memory Usage: 982kB
        ->  Seq Scan on title t  (cost=0.00..73925.90 rows=23771 width=4) (actual time=0.103..1067.468 rows=20633 loops=1)
              Filter: ((kind_id < 7) AND (production_year = 2002))
              Rows Removed by Filter: 2507679
Planning time: 0.765 ms
Execution time: 7801.462 ms
