Seq Scan on movie_keyword mk  (cost=0.00..81003.12 rows=3192349 width=0) (actual time=0.026..1445.373 rows=3177795 loops=1)
  Filter: (keyword_id < 12674)
  Rows Removed by Filter: 1346135
Planning time: 0.324 ms
Execution time: 1831.841 ms
