Seq Scan on movie_companies mc  (cost=0.00..51404.11 rows=166800 width=0) (actual time=241.152..868.975 rows=165533 loops=1)
  Filter: (company_id > 125566)
  Rows Removed by Filter: 2443596
Planning time: 0.323 ms
Execution time: 889.705 ms
