Seq Scan on movie_keyword mk  (cost=0.00..81003.12 rows=2274338 width=0) (actual time=0.024..1531.244 rows=2270748 loops=1)
  Filter: (keyword_id > 4649)
  Rows Removed by Filter: 2253182
Planning time: 0.298 ms
Execution time: 1818.030 ms
