Hash Join  (cost=85456.44..129730.50 rows=383558 width=0) (actual time=1484.828..3379.383 rows=782006 loops=1)
  Hash Cond: (mi_idx.movie_id = t.id)
  ->  Seq Scan on movie_info_idx mi_idx  (cost=0.00..21735.35 rows=1380035 width=4) (actual time=0.018..400.546 rows=1380035 loops=1)
  ->  Hash  (cost=73925.90..73925.90 rows=702763 width=4) (actual time=1484.007..1484.007 rows=726953 loops=1)
        Buckets: 131072  Batches: 16  Memory Usage: 2621kB
        ->  Seq Scan on title t  (cost=0.00..73925.90 rows=702763 width=4) (actual time=0.052..1259.694 rows=726953 loops=1)
              Filter: ((kind_id < 4) AND (production_year < 2011))
              Rows Removed by Filter: 1801359
Planning time: 0.734 ms
Execution time: 3464.657 ms
