Hash Join  (cost=97725.07..184722.87 rows=1028026 width=0) (actual time=2186.458..4417.823 rows=841030 loops=1)
  Hash Cond: (mc.movie_id = t.id)
  ->  Seq Scan on movie_companies mc  (cost=0.00..51404.11 rows=1415884 width=4) (actual time=0.014..1070.791 rows=1404847 loops=1)
        Filter: (company_id < 12285)
        Rows Removed by Filter: 1204282
  ->  Hash  (cost=67604.59..67604.59 rows=1835879 width=4) (actual time=2185.652..2185.652 rows=1833367 loops=1)
        Buckets: 131072  Batches: 32  Memory Usage: 3045kB
        ->  Seq Scan on title t  (cost=0.00..67604.59 rows=1835879 width=4) (actual time=0.024..1374.074 rows=1833367 loops=1)
              Filter: (production_year > 1986)
              Rows Removed by Filter: 694945
Planning time: 0.835 ms
Execution time: 4502.273 ms
