Hash Join  (cost=1155745.40..2083991.99 rows=33394215 width=0) (actual time=31271.897..59662.016 rows=43127975 loops=1)
  Hash Cond: (mi.movie_id = t.id)
  ->  Seq Scan on movie_info mi  (cost=0.00..309384.22 rows=14739122 width=4) (actual time=0.021..6456.984 rows=14835720 loops=1)
  ->  Hash  (cost=1061755.81..1061755.81 rows=5728847 width=8) (actual time=31267.392..31267.392 rows=8576605 loops=1)
        Buckets: 131072  Batches: 128  Memory Usage: 3627kB
        ->  Hash Join  (cost=96651.52..1061755.81 rows=5728847 width=8) (actual time=3989.883..28697.670 rows=8576605 loops=1)
              Hash Cond: (ci.movie_id = t.id)
              ->  Seq Scan on cast_info ci  (cost=0.00..796071.18 rows=8181728 width=4) (actual time=2075.431..16557.718 rows=12670688 loops=1)
                    Filter: ((person_id < 2370284) AND (role_id = 1))
                    Rows Removed by Filter: 23573656
              ->  Hash  (cost=67604.59..67604.59 rows=1770475 width=4) (actual time=1913.528..1913.528 rows=1774635 loops=1)
                    Buckets: 131072  Batches: 32  Memory Usage: 2978kB
                    ->  Seq Scan on title t  (cost=0.00..67604.59 rows=1770475 width=4) (actual time=0.030..1323.298 rows=1774635 loops=1)
                          Filter: (kind_id > 2)
                          Rows Removed by Filter: 753677
Planning time: 1.157 ms
Execution time: 64893.206 ms
