Hash Join  (cost=160917.98..215622.46 rows=3896 width=0) (actual time=3402.038..4534.348 rows=83063 loops=1)
  Hash Cond: (mc.movie_id = t.id)
  ->  Seq Scan on movie_companies mc  (cost=0.00..44881.29 rows=2609129 width=4) (actual time=0.023..651.705 rows=2609129 loops=1)
  ->  Hash  (cost=160870.79..160870.79 rows=3775 width=8) (actual time=3248.728..3248.728 rows=18724 loops=1)
        Buckets: 32768 (originally 4096)  Batches: 1 (originally 1)  Memory Usage: 988kB
        ->  Hash Join  (cost=78364.59..160870.79 rows=3775 width=8) (actual time=1339.432..3242.055 rows=18724 loops=1)
              Hash Cond: (mk.movie_id = t.id)
              ->  Seq Scan on movie_keyword mk  (cost=0.00..81003.12 rows=35287 width=4) (actual time=0.054..1321.898 rows=29440 loops=1)
                    Filter: (keyword_id = 359)
                    Rows Removed by Filter: 4494490
              ->  Hash  (cost=73925.90..73925.90 rows=270535 width=4) (actual time=1338.131..1338.131 rows=374196 loops=1)
                    Buckets: 131072 (originally 131072)  Batches: 8 (originally 4)  Memory Usage: 3073kB
                    ->  Seq Scan on title t  (cost=0.00..73925.90 rows=270535 width=4) (actual time=0.021..1209.944 rows=374196 loops=1)
                          Filter: ((production_year < 2000) AND (kind_id = 1))
                          Rows Removed by Filter: 2154116
Planning time: 1.228 ms
Execution time: 4546.043 ms
