Hash Join  (cost=102767.86..1083776.79 rows=7275185 width=0) (actual time=6549.227..24816.323 rows=7451973 loops=1)
  Hash Cond: (ci.movie_id = t.id)
  ->  Seq Scan on cast_info ci  (cost=0.00..796071.18 rows=7275185 width=4) (actual time=4568.797..16066.667 rows=7451973 loops=1)
        Filter: ((person_id < 4038818) AND (role_id = 2))
        Rows Removed by Filter: 28792371
  ->  Hash  (cost=61283.27..61283.27 rows=2528527 width=4) (actual time=1979.099..1979.099 rows=2528312 loops=1)
        Buckets: 131072  Batches: 64  Memory Usage: 2415kB
        ->  Seq Scan on title t  (cost=0.00..61283.27 rows=2528527 width=4) (actual time=0.010..1086.846 rows=2528312 loops=1)
Planning time: 1.917 ms
Execution time: 25726.997 ms
