Hash Join  (cost=139597.14..284098.89 rows=955769 width=0) (actual time=3162.327..9128.436 rows=9260329 loops=1)
  Hash Cond: (mk.movie_id = t.id)
  ->  Seq Scan on movie_keyword mk  (cost=0.00..81003.12 rows=4482918 width=4) (actual time=0.016..1842.204 rows=4487523 loops=1)
        Filter: (keyword_id > 42)
        Rows Removed by Filter: 36407
  ->  Hash  (cost=130752.54..130752.54 rows=539088 width=8) (actual time=3161.550..3161.550 rows=954317 loops=1)
        Buckets: 131072 (originally 131072)  Batches: 16 (originally 8)  Memory Usage: 3370kB
        ->  Hash Join  (cost=83810.17..130752.54 rows=539088 width=8) (actual time=1493.222..2917.095 rows=954317 loops=1)
              Hash Cond: (mi_idx.movie_id = t.id)
              ->  Seq Scan on movie_info_idx mi_idx  (cost=0.00..21735.35 rows=1380035 width=4) (actual time=0.025..447.673 rows=1380035 loops=1)
              ->  Hash  (cost=67604.59..67604.59 rows=987727 width=4) (actual time=1492.167..1492.167 rows=985048 loops=1)
                    Buckets: 131072  Batches: 16  Memory Usage: 3188kB
                    ->  Seq Scan on title t  (cost=0.00..67604.59 rows=987727 width=4) (actual time=0.014..1208.372 rows=985048 loops=1)
                          Filter: (kind_id < 7)
                          Rows Removed by Filter: 1543264
Planning time: 1.139 ms
Execution time: 10172.610 ms
