Seq Scan on cast_info ci  (cost=0.00..796071.18 rows=6841961 width=0) (actual time=220.960..12520.684 rows=7740765 loops=1)
  Filter: ((person_id < 847497) AND (role_id < 7))
  Rows Removed by Filter: 28503579
Planning time: 0.417 ms
Execution time: 13448.768 ms
