Nested Loop  (cost=44377.22..145309.23 rows=2457 width=0) (actual time=1670.016..3088.604 rows=1683 loops=1)
  ->  Hash Join  (cost=44376.79..132341.63 rows=21964 width=8) (actual time=831.482..2809.369 rows=25061 loops=1)
        Hash Cond: (mk.movie_id = mi_idx.movie_id)
        ->  Seq Scan on movie_keyword mk  (cost=0.00..81003.12 rows=7389 width=4) (actual time=0.038..1278.901 rows=9638 loops=1)
              Filter: (keyword_id = 236)
              Rows Removed by Filter: 4514292
        ->  Hash  (cost=21735.35..21735.35 rows=1380035 width=4) (actual time=830.073..830.073 rows=1380035 loops=1)
              Buckets: 131072  Batches: 32  Memory Usage: 2556kB
              ->  Seq Scan on movie_info_idx mi_idx  (cost=0.00..21735.35 rows=1380035 width=4) (actual time=0.022..417.474 rows=1380035 loops=1)
  ->  Index Scan using title_pkey on title t  (cost=0.43..0.58 rows=1 width=4) (actual time=0.011..0.011 rows=0 loops=25061)
        Index Cond: (id = mi_idx.movie_id)
        Filter: (kind_id = 7)
        Rows Removed by Filter: 1
Planning time: 9.699 ms
Execution time: 3089.102 ms
