Seq Scan on movie_keyword mk  (cost=0.00..81003.12 rows=246 width=0) (actual time=9.366..1243.704 rows=76 loops=1)
  Filter: (keyword_id = 24185)
  Rows Removed by Filter: 4523854
Planning time: 0.363 ms
Execution time: 1243.867 ms
