Seq Scan on cast_info ci  (cost=0.00..796071.18 rows=176 width=0) (actual time=1938.400..13443.508 rows=407 loops=1)
  Filter: ((role_id < 2) AND (person_id = 155789))
  Rows Removed by Filter: 36243937
Planning time: 0.422 ms
Execution time: 13443.722 ms
