Seq Scan on movie_companies mc  (cost=0.00..51404.11 rows=32390 width=0) (actual time=512.580..745.613 rows=31157 loops=1)
  Filter: (company_id > 206745)
  Rows Removed by Filter: 2577972
Planning time: 0.333 ms
Execution time: 749.657 ms
