Seq Scan on cast_info ci  (cost=0.00..796071.18 rows=276 width=0) (actual time=8333.476..13189.361 rows=123 loops=1)
  Filter: ((role_id < 3) AND (person_id = 1280224))
  Rows Removed by Filter: 36244221
Planning time: 0.391 ms
Execution time: 13189.505 ms
