Seq Scan on movie_keyword mk  (cost=0.00..81003.12 rows=246 width=0) (actual time=25.738..1176.297 rows=59 loops=1)
  Filter: (keyword_id = 7114)
  Rows Removed by Filter: 4523871
Planning time: 0.377 ms
Execution time: 1176.442 ms
