Seq Scan on movie_keyword mk  (cost=0.00..81003.12 rows=246 width=0) (actual time=1.667..1202.648 rows=95 loops=1)
  Filter: (keyword_id = 10607)
  Rows Removed by Filter: 4523835
Planning time: 0.373 ms
Execution time: 1202.807 ms
