Seq Scan on movie_keyword mk  (cost=0.00..81003.12 rows=2381699 width=0) (actual time=0.036..1395.408 rows=2373796 loops=1)
  Filter: (keyword_id > 4037)
  Rows Removed by Filter: 2150134
Planning time: 0.320 ms
Execution time: 1699.495 ms
