Nested Loop  (cost=0.43..799702.19 rows=435 width=0) (actual time=3224.932..14906.488 rows=10 loops=1)
  ->  Seq Scan on cast_info ci  (cost=0.00..796071.18 rows=435 width=4) (actual time=3224.842..14906.178 rows=10 loops=1)
        Filter: ((role_id < 10) AND (person_id = 1478250))
        Rows Removed by Filter: 36244334
  ->  Index Only Scan using title_pkey on title t  (cost=0.43..8.34 rows=1 width=4) (actual time=0.027..0.027 rows=1 loops=10)
        Index Cond: (id = ci.movie_id)
        Heap Fetches: 10
Planning time: 0.756 ms
Execution time: 14906.568 ms
