Seq Scan on title t  (cost=0.00..73925.90 rows=106315 width=0) (actual time=0.049..1075.981 rows=6930 loops=1)
  Filter: ((production_year < 1952) AND (kind_id = 7))
  Rows Removed by Filter: 2521382
Planning time: 0.377 ms
Execution time: 1077.602 ms
