Hash Join  (cost=190230.21..338956.78 rows=1998743 width=0) (actual time=4163.146..9708.193 rows=8403448 loops=1)
  Hash Cond: (mk.movie_id = t.id)
  ->  Seq Scan on movie_keyword mk  (cost=0.00..81003.12 rows=3662136 width=4) (actual time=0.014..1691.396 rows=3654964 loops=1)
        Filter: (keyword_id < 21189)
        Rows Removed by Filter: 868966
  ->  Hash  (cost=167588.78..167588.78 rows=1380035 width=8) (actual time=4162.261..4162.261 rows=1380035 loops=1)
        Buckets: 131072  Batches: 32  Memory Usage: 2726kB
        ->  Hash Join  (cost=102767.86..167588.78 rows=1380035 width=8) (actual time=1920.471..3782.481 rows=1380035 loops=1)
              Hash Cond: (mi_idx.movie_id = t.id)
              ->  Seq Scan on movie_info_idx mi_idx  (cost=0.00..21735.35 rows=1380035 width=4) (actual time=0.020..425.481 rows=1380035 loops=1)
              ->  Hash  (cost=61283.27..61283.27 rows=2528527 width=4) (actual time=1919.208..1919.208 rows=2528312 loops=1)
                    Buckets: 131072  Batches: 64  Memory Usage: 2415kB
                    ->  Seq Scan on title t  (cost=0.00..61283.27 rows=2528527 width=4) (actual time=0.024..1064.737 rows=2528312 loops=1)
Planning time: 1.118 ms
Execution time: 10713.178 ms
