Seq Scan on movie_keyword mk  (cost=0.00..81003.12 rows=2453608 width=0) (actual time=0.020..1463.786 rows=2451868 loops=1)
  Filter: (keyword_id < 5863)
  Rows Removed by Filter: 2072062
Planning time: 0.341 ms
Execution time: 1770.797 ms
