Seq Scan on movie_keyword mk  (cost=0.00..81003.12 rows=246 width=0) (actual time=28.744..1275.707 rows=110 loops=1)
  Filter: (keyword_id = 9143)
  Rows Removed by Filter: 4523820
Planning time: 0.405 ms
Execution time: 1275.884 ms
