Hash Join  (cost=156487.41..249660.16 rows=141208 width=0) (actual time=3688.997..5813.269 rows=543342 loops=1)
  Hash Cond: (mk.movie_id = t.id)
  ->  Seq Scan on movie_keyword mk  (cost=0.00..81003.12 rows=774544 width=4) (actual time=0.027..1538.832 rows=776778 loops=1)
        Filter: (keyword_id < 738)
        Rows Removed by Filter: 3747152
  ->  Hash  (cost=148924.19..148924.19 rows=460978 width=8) (actual time=3688.127..3688.127 rows=459925 loops=1)
        Buckets: 131072  Batches: 8  Memory Usage: 3284kB
        ->  Hash Join  (cost=102767.86..148924.19 rows=460978 width=8) (actual time=1956.497..3555.545 rows=459925 loops=1)
              Hash Cond: (mi_idx.movie_id = t.id)
              ->  Seq Scan on movie_info_idx mi_idx  (cost=0.00..25185.44 rows=460978 width=4) (actual time=0.024..501.163 rows=459925 loops=1)
                    Filter: (info_type_id = 99)
                    Rows Removed by Filter: 920110
              ->  Hash  (cost=61283.27..61283.27 rows=2528527 width=4) (actual time=1955.632..1955.632 rows=2528312 loops=1)
                    Buckets: 131072  Batches: 64  Memory Usage: 2415kB
                    ->  Seq Scan on title t  (cost=0.00..61283.27 rows=2528527 width=4) (actual time=0.014..1133.400 rows=2528312 loops=1)
Planning time: 1.135 ms
Execution time: 5880.991 ms
