Nested Loop  (cost=0.43..798851.07 rows=332 width=0) (actual time=2864.159..14032.698 rows=145 loops=1)
  ->  Seq Scan on cast_info ci  (cost=0.00..796071.18 rows=332 width=4) (actual time=2864.045..14029.186 rows=145 loops=1)
        Filter: ((role_id < 4) AND (person_id = 1779571))
        Rows Removed by Filter: 36244199
  ->  Index Only Scan using title_pkey on title t  (cost=0.43..8.36 rows=1 width=4) (actual time=0.023..0.023 rows=1 loops=145)
        Index Cond: (id = ci.movie_id)
        Heap Fetches: 145
Planning time: 0.801 ms
Execution time: 14032.822 ms
