Hash Join  (cost=73982.55..160721.67 rows=8108 width=0) (actual time=2682.368..3014.023 rows=6904 loops=1)
  Hash Cond: (mk.movie_id = t.id)
  ->  Seq Scan on movie_keyword mk  (cost=0.00..69693.30 rows=4523930 width=4) (actual time=0.024..971.270 rows=4523930 loops=1)
  ->  Hash  (cost=73925.90..73925.90 rows=4532 width=4) (actual time=1196.642..1196.642 rows=14325 loops=1)
        Buckets: 16384 (originally 8192)  Batches: 1 (originally 1)  Memory Usage: 632kB
        ->  Seq Scan on title t  (cost=0.00..73925.90 rows=4532 width=4) (actual time=81.800..1189.995 rows=14325 loops=1)
              Filter: ((kind_id > 6) AND (production_year = 1991))
              Rows Removed by Filter: 2513987
Planning time: 0.769 ms
Execution time: 3015.158 ms
