Hash Join  (cost=1035578.38..1747205.42 rows=18272731 width=0) (actual time=16975.175..38771.941 rows=27642355 loops=1)
  Hash Cond: (mi.movie_id = t.id)
  ->  Seq Scan on movie_info mi  (cost=0.00..309384.22 rows=14739122 width=4) (actual time=0.004..6443.287 rows=14835720 loops=1)
  ->  Hash  (cost=984148.32..984148.32 rows=3134725 width=8) (actual time=16974.042..16974.042 rows=1940817 loops=1)
        Buckets: 131072  Batches: 64  Memory Usage: 2238kB
        ->  Hash Join  (cost=102767.86..984148.32 rows=3134725 width=8) (actual time=1999.627..16355.849 rows=1940817 loops=1)
              Hash Cond: (ci.movie_id = t.id)
              ->  Seq Scan on cast_info ci  (cost=0.00..796071.18 rows=3134725 width=4) (actual time=71.685..12083.776 rows=1940817 loops=1)
                    Filter: ((person_id < 671334) AND (role_id > 2))
                    Rows Removed by Filter: 34303527
              ->  Hash  (cost=61283.27..61283.27 rows=2528527 width=4) (actual time=1926.013..1926.013 rows=2528312 loops=1)
                    Buckets: 131072  Batches: 64  Memory Usage: 2415kB
                    ->  Seq Scan on title t  (cost=0.00..61283.27 rows=2528527 width=4) (actual time=0.023..1089.887 rows=2528312 loops=1)
Planning time: 1.187 ms
Execution time: 41977.308 ms
