Hash Join  (cost=164240.87..967168.30 rows=21014 width=0) (actual time=8727.389..14654.714 rows=98 loops=1)
  Hash Cond: (ci.movie_id = t.id)
  ->  Seq Scan on cast_info ci  (cost=0.00..796071.18 rows=485223 width=4) (actual time=5547.003..11695.388 rows=278 loops=1)
        Filter: ((person_id < 228620) AND (role_id = 2))
        Rows Removed by Filter: 36244066
  ->  Hash  (cost=162444.05..162444.05 rows=109505 width=8) (actual time=2949.513..2949.513 rows=86329 loops=1)
        Buckets: 131072  Batches: 2  Memory Usage: 2659kB
        ->  Hash Join  (cost=74690.97..162444.05 rows=109505 width=8) (actual time=1129.513..2919.954 rows=86329 loops=1)
              Hash Cond: (mk.movie_id = t.id)
              ->  Seq Scan on movie_keyword mk  (cost=0.00..69693.30 rows=4523930 width=4) (actual time=0.034..919.818 rows=4523930 loops=1)
              ->  Hash  (cost=73925.90..73925.90 rows=61205 width=4) (actual time=1128.698..1128.698 rows=61581 loops=1)
                    Buckets: 65536  Batches: 1  Memory Usage: 2677kB
                    ->  Seq Scan on title t  (cost=0.00..73925.90 rows=61205 width=4) (actual time=379.336..1106.183 rows=61581 loops=1)
                          Filter: ((production_year > 2011) AND (kind_id = 1))
                          Rows Removed by Filter: 2466731
Planning time: 0.753 ms
Execution time: 14654.918 ms
