Hash Join  (cost=147689.95..1201630.72 rows=1960260 width=0) (actual time=2605.977..29585.579 rows=4654306 loops=1)
  Hash Cond: (ci.movie_id = t.id)
  ->  Seq Scan on cast_info ci  (cost=0.00..614943.12 rows=36225612 width=4) (actual time=0.007..12573.346 rows=36244344 loops=1)
  ->  Hash  (cost=145444.64..145444.64 rows=136825 width=8) (actual time=2605.190..2605.190 rows=83724 loops=1)
        Buckets: 131072  Batches: 2  Memory Usage: 2666kB
        ->  Hash Join  (cost=83568.99..145444.64 rows=136825 width=8) (actual time=1303.809..2578.837 rows=83724 loops=1)
              Hash Cond: (mc.movie_id = t.id)
              ->  Seq Scan on movie_companies mc  (cost=0.00..51404.11 rows=588609 width=4) (actual time=0.035..870.142 rows=583994 loops=1)
                    Filter: (company_id < 663)
                    Rows Removed by Filter: 2025135
              ->  Hash  (cost=73925.90..73925.90 rows=587767 width=4) (actual time=1303.011..1303.011 rows=594730 loops=1)
                    Buckets: 131072  Batches: 8  Memory Usage: 3648kB
                    ->  Seq Scan on title t  (cost=0.00..73925.90 rows=587767 width=4) (actual time=0.018..1123.302 rows=594730 loops=1)
                          Filter: ((kind_id < 2) AND (production_year < 2012))
                          Rows Removed by Filter: 1933582
Planning time: 1.216 ms
Execution time: 30157.351 ms
