Seq Scan on movie_companies mc  (cost=0.00..57926.93 rows=1152 width=0) (actual time=0.489..713.470 rows=2433 loops=1)
  Filter: ((company_id = 252) AND (company_type_id = 1))
  Rows Removed by Filter: 2606696
Planning time: 0.429 ms
Execution time: 713.948 ms
