Hash Join  (cost=167856.26..962757.28 rows=127054 width=0) (actual time=5750.627..20795.155 rows=48855 loops=1)
  Hash Cond: (ci.movie_id = t.id)
  ->  Seq Scan on cast_info ci  (cost=0.00..705507.15 rows=23499554 width=4) (actual time=2923.061..13888.367 rows=23573656 loops=1)
        Filter: (role_id > 1)
        Rows Removed by Filter: 12670688
  ->  Hash  (cost=167685.37..167685.37 rows=13671 width=8) (actual time=2827.058..2827.058 rows=7235 loops=1)
        Buckets: 16384  Batches: 1  Memory Usage: 411kB
        ->  Hash Join  (cost=83568.99..167685.37 rows=13671 width=8) (actual time=1415.796..2823.814 rows=7235 loops=1)
              Hash Cond: (mk.movie_id = t.id)
              ->  Seq Scan on movie_keyword mk  (cost=0.00..81003.12 rows=58811 width=4) (actual time=0.114..1275.381 rows=58448 loops=1)
                    Filter: (keyword_id = 16264)
                    Rows Removed by Filter: 4465482
              ->  Hash  (cost=73925.90..73925.90 rows=587767 width=4) (actual time=1411.693..1411.693 rows=594730 loops=1)
                    Buckets: 131072  Batches: 8  Memory Usage: 3657kB
                    ->  Seq Scan on title t  (cost=0.00..73925.90 rows=587767 width=4) (actual time=432.968..1218.046 rows=594730 loops=1)
                          Filter: ((production_year < 2012) AND (kind_id = 1))
                          Rows Removed by Filter: 1933582
Planning time: 1.205 ms
Execution time: 20804.626 ms
