Seq Scan on movie_companies mc  (cost=0.00..51404.11 rows=104 width=0) (actual time=242.471..789.536 rows=19 loops=1)
  Filter: (company_id = 72632)
  Rows Removed by Filter: 2609110
Planning time: 0.428 ms
Execution time: 789.613 ms
