Hash Join  (cost=85280.32..436300.05 rows=15568 width=0) (actual time=4704.055..6368.808 rows=16541 loops=1)
  Hash Cond: (mi.movie_id = t.id)
  ->  Seq Scan on movie_info mi  (cost=0.00..346232.03 rows=36538 width=4) (actual time=3141.875..4639.927 rows=32053 loops=1)
        Filter: (info_type_id > 108)
        Rows Removed by Filter: 14803667
  ->  Hash  (cost=67604.59..67604.59 rows=1077339 width=4) (actual time=1524.518..1524.518 rows=1074765 loops=1)
        Buckets: 131072  Batches: 16  Memory Usage: 3396kB
        ->  Seq Scan on title t  (cost=0.00..67604.59 rows=1077339 width=4) (actual time=0.023..1177.639 rows=1074765 loops=1)
              Filter: (production_year < 2001)
              Rows Removed by Filter: 1453547
Planning time: 1.648 ms
Execution time: 6371.026 ms
