Hash Join  (cost=102767.86..1197592.77 rows=12005153 width=0) (actual time=1987.863..24826.243 rows=6749183 loops=1)
  Hash Cond: (ci.movie_id = t.id)
  ->  Seq Scan on cast_info ci  (cost=0.00..796071.18 rows=12005153 width=4) (actual time=0.017..15854.951 rows=6749183 loops=1)
        Filter: ((person_id < 2766183) AND (role_id > 2))
        Rows Removed by Filter: 29495161
  ->  Hash  (cost=61283.27..61283.27 rows=2528527 width=4) (actual time=1986.137..1986.137 rows=2528312 loops=1)
        Buckets: 131072  Batches: 64  Memory Usage: 2415kB
        ->  Seq Scan on title t  (cost=0.00..61283.27 rows=2528527 width=4) (actual time=0.023..1129.420 rows=2528312 loops=1)
Planning time: 0.700 ms
Execution time: 25595.192 ms
