Hash Join  (cost=143125.42..501178.88 rows=31571 width=0) (actual time=5428.771..8433.993 rows=14899 loops=1)
  Hash Cond: (mi.movie_id = t.id)
  ->  Seq Scan on movie_info mi  (cost=0.00..346232.03 rows=3068194 width=4) (actual time=3042.199..5538.724 rows=3036719 loops=1)
        Filter: (info_type_id = 16)
        Rows Removed by Filter: 11799001
  ->  Hash  (cost=142800.19..142800.19 rows=26018 width=8) (actual time=2386.267..2386.267 rows=5474 loops=1)
        Buckets: 32768  Batches: 1  Memory Usage: 470kB
        ->  Hash Join  (cost=80562.70..142800.19 rows=26018 width=8) (actual time=1422.307..2383.816 rows=5474 loops=1)
              Hash Cond: (mc.movie_id = t.id)
              ->  Seq Scan on movie_companies mc  (cost=0.00..57926.93 rows=83300 width=4) (actual time=0.281..829.632 rows=38155 loops=1)
                    Filter: ((company_id < 33) AND (company_type_id = 2))
                    Rows Removed by Filter: 2570974
              ->  Hash  (cost=67604.59..67604.59 rows=789769 width=4) (actual time=1414.473..1414.473 rows=784926 loops=1)
                    Buckets: 131072  Batches: 16  Memory Usage: 2749kB
                    ->  Seq Scan on title t  (cost=0.00..67604.59 rows=789769 width=4) (actual time=0.020..1158.016 rows=784926 loops=1)
                          Filter: (production_year > 2007)
                          Rows Removed by Filter: 1743386
Planning time: 1.550 ms
Execution time: 8436.215 ms
