Hash Join  (cost=247992.83..342144.52 rows=1385617 width=0) (actual time=5722.759..10089.225 rows=9607241 loops=1)
  Hash Cond: (mc.movie_id = t.id)
  ->  Seq Scan on movie_companies mc  (cost=0.00..44881.29 rows=2609129 width=4) (actual time=0.012..1055.544 rows=2609129 loops=1)
  ->  Hash  (cost=225961.68..225961.68 rows=1342812 width=8) (actual time=5721.576..5721.576 rows=1361887 loops=1)
        Buckets: 131072  Batches: 32  Memory Usage: 2678kB
        ->  Hash Join  (cost=102767.86..225961.68 rows=1342812 width=8) (actual time=1945.042..4989.984 rows=1361887 loops=1)
              Hash Cond: (mk.movie_id = t.id)
              ->  Seq Scan on movie_keyword mk  (cost=0.00..81003.12 rows=1342812 width=4) (actual time=0.027..1544.455 rows=1361887 loops=1)
                    Filter: (keyword_id < 1775)
                    Rows Removed by Filter: 3162043
              ->  Hash  (cost=61283.27..61283.27 rows=2528527 width=4) (actual time=1943.080..1943.080 rows=2528312 loops=1)
                    Buckets: 131072  Batches: 64  Memory Usage: 2425kB
                    ->  Seq Scan on title t  (cost=0.00..61283.27 rows=2528527 width=4) (actual time=0.028..1044.774 rows=2528312 loops=1)
Planning time: 1.129 ms
Execution time: 11034.652 ms
