Hash Join  (cost=124916.82..649073.37 rows=860993 width=0) (actual time=2465.018..17932.530 rows=4361839 loops=1)
  Hash Cond: (mi.movie_id = t.id)
  ->  Seq Scan on movie_info mi  (cost=0.00..346232.03 rows=14592968 width=4) (actual time=0.015..7781.817 rows=14637966 loops=1)
        Filter: (info_type_id < 107)
        Rows Removed by Filter: 197754
  ->  Hash  (cost=122469.02..122469.02 rows=149184 width=8) (actual time=2464.325..2464.325 rows=257429 loops=1)
        Buckets: 131072 (originally 131072)  Batches: 4 (originally 2)  Memory Usage: 3548kB
        ->  Hash Join  (cost=87247.62..122469.02 rows=149184 width=8) (actual time=1425.906..2378.705 rows=257429 loops=1)
              Hash Cond: (mi_idx.movie_id = t.id)
              ->  Seq Scan on movie_info_idx mi_idx  (cost=0.00..25185.44 rows=464566 width=4) (actual time=0.030..517.742 rows=459925 loops=1)
                    Filter: (info_type_id = 101)
                    Rows Removed by Filter: 920110
              ->  Hash  (cost=73925.90..73925.90 rows=811977 width=4) (actual time=1425.034..1425.034 rows=725903 loops=1)
                    Buckets: 131072  Batches: 16  Memory Usage: 2621kB
                    ->  Seq Scan on title t  (cost=0.00..73925.90 rows=811977 width=4) (actual time=0.015..1198.024 rows=725903 loops=1)
                          Filter: ((kind_id < 7) AND (production_year > 1970))
                          Rows Removed by Filter: 1802409
Planning time: 1.397 ms
Execution time: 18434.995 ms
