Hash Join  (cost=189632.99..1220619.90 rows=8310616 width=0) (actual time=5626.803..40223.412 rows=32692776 loops=1)
  Hash Cond: (ci.movie_id = t.id)
  ->  Seq Scan on cast_info ci  (cost=0.00..705507.15 rows=20617492 width=4) (actual time=904.032..14696.135 rows=20752893 loops=1)
        Filter: (person_id > 1527676)
        Rows Removed by Filter: 15491451
  ->  Hash  (cost=172910.83..172910.83 rows=1019213 width=8) (actual time=4721.605..4721.605 rows=1891821 loops=1)
        Buckets: 131072 (originally 131072)  Batches: 32 (originally 16)  Memory Usage: 3321kB
        ->  Hash Join  (cost=83810.17..172910.83 rows=1019213 width=8) (actual time=1438.107..4225.201 rows=1891821 loops=1)
              Hash Cond: (mc.movie_id = t.id)
              ->  Seq Scan on movie_companies mc  (cost=0.00..44881.29 rows=2609129 width=4) (actual time=0.017..947.987 rows=2609129 loops=1)
              ->  Hash  (cost=67604.59..67604.59 rows=987727 width=4) (actual time=1437.197..1437.197 rows=985048 loops=1)
                    Buckets: 131072  Batches: 16  Memory Usage: 3188kB
                    ->  Seq Scan on title t  (cost=0.00..67604.59 rows=987727 width=4) (actual time=2.074..1140.301 rows=985048 loops=1)
                          Filter: (kind_id < 7)
                          Rows Removed by Filter: 1543264
Planning time: 1.454 ms
Execution time: 44038.186 ms
