Seq Scan on movie_keyword mk  (cost=0.00..81003.12 rows=246 width=0) (actual time=330.969..1262.308 rows=3 loops=1)
  Filter: (keyword_id = 26612)
  Rows Removed by Filter: 4523927
Planning time: 0.395 ms
Execution time: 1262.398 ms
