Hash Join  (cost=74246.92..129177.44 rows=26500 width=0) (actual time=1253.521..2446.655 rows=34003 loops=1)
  Hash Cond: (mc.movie_id = t.id)
  ->  Seq Scan on movie_companies mc  (cost=0.00..44881.29 rows=2609129 width=4) (actual time=0.023..575.776 rows=2609129 loops=1)
  ->  Hash  (cost=73925.90..73925.90 rows=25681 width=4) (actual time=1253.292..1253.292 rows=23707 loops=1)
        Buckets: 32768  Batches: 1  Memory Usage: 1090kB
        ->  Seq Scan on title t  (cost=0.00..73925.90 rows=25681 width=4) (actual time=0.059..1243.522 rows=23707 loops=1)
              Filter: ((kind_id < 7) AND (production_year = 2013))
              Rows Removed by Filter: 2504605
Planning time: 0.829 ms
Execution time: 2451.997 ms
