Seq Scan on movie_keyword mk  (cost=0.00..81003.12 rows=246 width=0) (actual time=1.990..1293.929 rows=731 loops=1)
  Filter: (keyword_id = 2492)
  Rows Removed by Filter: 4523199
Planning time: 0.379 ms
Execution time: 1294.308 ms
