Hash Join  (cost=128736.05..479729.43 rows=2089 width=0) (actual time=2584.285..8230.337 rows=9924 loops=1)
  Hash Cond: (mi.movie_id = t.id)
  ->  Seq Scan on movie_info mi  (cost=0.00..346232.03 rows=1264125 width=4) (actual time=393.213..5803.760 rows=1288928 loops=1)
        Filter: (info_type_id = 2)
        Rows Removed by Filter: 13546792
  ->  Hash  (cost=128683.82..128683.82 rows=4178 width=8) (actual time=2190.814..2190.814 rows=9729 loops=1)
        Buckets: 16384 (originally 8192)  Batches: 1 (originally 1)  Memory Usage: 509kB
        ->  Hash Join  (cost=73976.52..128683.82 rows=4178 width=8) (actual time=953.757..2186.554 rows=9729 loops=1)
              Hash Cond: (mc.movie_id = t.id)
              ->  Seq Scan on movie_companies mc  (cost=0.00..44881.29 rows=2609129 width=4) (actual time=0.028..681.508 rows=2609129 loops=1)
              ->  Hash  (cost=73925.90..73925.90 rows=4049 width=4) (actual time=953.538..953.538 rows=4058 loops=1)
                    Buckets: 4096  Batches: 1  Memory Usage: 175kB
                    ->  Seq Scan on title t  (cost=0.00..73925.90 rows=4049 width=4) (actual time=87.695..951.498 rows=4058 loops=1)
                          Filter: ((kind_id = 2) AND (production_year = 2007))
                          Rows Removed by Filter: 2524254
Planning time: 10.510 ms
Execution time: 8232.014 ms
