Hash Join  (cost=229391.73..612237.77 rows=855692 width=0) (actual time=6603.085..11503.115 rows=305576 loops=1)
  Hash Cond: (mi.movie_id = t.id)
  ->  Seq Scan on movie_info mi  (cost=0.00..346232.03 rows=2073893 width=4) (actual time=1607.578..5477.144 rows=2091068 loops=1)
        Filter: (info_type_id < 3)
        Rows Removed by Filter: 12744652
  ->  Hash  (cost=212274.79..212274.79 rows=1043275 width=8) (actual time=4983.937..4983.937 rows=270191 loops=1)
        Buckets: 131072  Batches: 16  Memory Usage: 1704kB
        ->  Hash Join  (cost=92883.59..212274.79 rows=1043275 width=8) (actual time=3396.396..4902.073 rows=270191 loops=1)
              Hash Cond: (mk.movie_id = t.id)
              ->  Seq Scan on movie_keyword mk  (cost=0.00..81003.12 rows=1712065 width=4) (actual time=0.038..1513.962 rows=1719013 loops=1)
                    Filter: (keyword_id > 8263)
                    Rows Removed by Filter: 2804917
              ->  Hash  (cost=67604.59..67604.59 rows=1540800 width=4) (actual time=1822.849..1822.849 rows=1543264 loops=1)
                    Buckets: 131072  Batches: 32  Memory Usage: 2728kB
                    ->  Seq Scan on title t  (cost=0.00..67604.59 rows=1540800 width=4) (actual time=263.540..1322.904 rows=1543264 loops=1)
                          Filter: (kind_id = 7)
                          Rows Removed by Filter: 985048
Planning time: 1.171 ms
Execution time: 11537.660 ms
