Seq Scan on movie_companies mc  (cost=0.00..57926.93 rows=1791 width=0) (actual time=215.676..801.829 rows=4136 loops=1)
  Filter: ((company_id = 11138) AND (company_type_id = 1))
  Rows Removed by Filter: 2604993
Planning time: 0.303 ms
Execution time: 802.619 ms
