Hash Join  (cost=95386.25..150150.08 rows=9831 width=0) (actual time=1731.950..2834.077 rows=30602 loops=1)
  Hash Cond: (mc.movie_id = t.id)
  ->  Seq Scan on movie_companies mc  (cost=0.00..44881.29 rows=2609129 width=4) (actual time=0.018..568.086 rows=2609129 loops=1)
  ->  Hash  (cost=95267.16..95267.16 rows=9527 width=8) (actual time=1731.768..1731.768 rows=11514 loops=1)
        Buckets: 16384  Batches: 1  Memory Usage: 578kB
        ->  Hash Join  (cost=68257.79..95267.16 rows=9527 width=8) (actual time=1039.392..1726.614 rows=11514 loops=1)
              Hash Cond: (mi_idx.movie_id = t.id)
              ->  Seq Scan on movie_info_idx mi_idx  (cost=0.00..25185.44 rows=460978 width=4) (actual time=0.024..526.535 rows=459925 loops=1)
                    Filter: (info_type_id < 100)
                    Rows Removed by Filter: 920110
              ->  Hash  (cost=67604.59..67604.59 rows=52256 width=4) (actual time=1038.789..1038.789 rows=53013 loops=1)
                    Buckets: 65536  Batches: 1  Memory Usage: 2376kB
                    ->  Seq Scan on title t  (cost=0.00..67604.59 rows=52256 width=4) (actual time=0.023..1016.139 rows=53013 loops=1)
                          Filter: (production_year = 2000)
                          Rows Removed by Filter: 2475299
Planning time: 1.220 ms
Execution time: 2838.662 ms
