Seq Scan on movie_keyword mk  (cost=0.00..81003.12 rows=1706299 width=0) (actual time=0.020..1373.572 rows=1713678 loops=1)
  Filter: (keyword_id < 2731)
  Rows Removed by Filter: 2810252
Planning time: 0.315 ms
Execution time: 1576.983 ms
