Hash Join  (cost=486170.59..1645343.88 rows=12204212 width=0) (actual time=8637.935..42323.823 rows=13796207 loops=1)
  Hash Cond: (ci.movie_id = t.id)
  ->  Seq Scan on cast_info ci  (cost=0.00..614943.12 rows=36225612 width=4) (actual time=0.025..13470.461 rows=36244344 loops=1)
  ->  Hash  (cost=472194.51..472194.51 rows=851847 width=8) (actual time=8636.391..8636.391 rows=321165 loops=1)
        Buckets: 131072  Batches: 16  Memory Usage: 1800kB
        ->  Hash Join  (cost=94009.45..472194.51 rows=851847 width=8) (actual time=4393.198..8533.380 rows=321165 loops=1)
              Hash Cond: (mi.movie_id = t.id)
              ->  Seq Scan on movie_info mi  (cost=0.00..346232.03 rows=1338312 width=4) (actual time=2595.632..5684.318 rows=1401902 loops=1)
                    Filter: (info_type_id = 7)
                    Rows Removed by Filter: 13433818
              ->  Hash  (cost=67604.59..67604.59 rows=1609429 width=4) (actual time=1796.932..1796.932 rows=1607077 loops=1)
                    Buckets: 131072  Batches: 32  Memory Usage: 2799kB
                    ->  Seq Scan on title t  (cost=0.00..67604.59 rows=1609429 width=4) (actual time=0.026..1262.931 rows=1607077 loops=1)
                          Filter: (production_year > 1995)
                          Rows Removed by Filter: 921235
Planning time: 1.198 ms
Execution time: 43950.630 ms
