Hash Join  (cost=170796.11..688576.00 rows=3558896 width=0) (actual time=4400.909..21502.704 rows=19323527 loops=1)
  Hash Cond: (mi.movie_id = t.id)
  ->  Seq Scan on movie_info mi  (cost=0.00..309384.22 rows=14739122 width=4) (actual time=0.013..5906.373 rows=14835720 loops=1)
  ->  Hash  (cost=160779.41..160779.41 rows=610536 width=8) (actual time=4399.733..4399.733 rows=936326 loops=1)
        Buckets: 131072 (originally 131072)  Batches: 16 (originally 8)  Memory Usage: 3344kB
        ->  Hash Join  (cost=77312.52..160779.41 rows=610536 width=8) (actual time=1689.340..4142.457 rows=936326 loops=1)
              Hash Cond: (mc.movie_id = t.id)
              ->  Seq Scan on movie_companies mc  (cost=0.00..44881.29 rows=2609129 width=4) (actual time=0.030..973.642 rows=2609129 loops=1)
              ->  Hash  (cost=67604.59..67604.59 rows=591675 width=4) (actual time=1688.590..1688.590 rows=585020 loops=1)
                    Buckets: 131072  Batches: 8  Memory Usage: 3586kB
                    ->  Seq Scan on title t  (cost=0.00..67604.59 rows=591675 width=4) (actual time=0.022..1211.319 rows=585020 loops=1)
                          Filter: (production_year < 1985)
                          Rows Removed by Filter: 1943292
Planning time: 1.084 ms
Execution time: 23438.850 ms
