Hash Join  (cost=73950.44..443597.50 rows=4837 width=0) (actual time=1994.050..8131.349 rows=28704 loops=1)
  Hash Cond: (mi.movie_id = t.id)
  ->  Seq Scan on movie_info mi  (cost=0.00..346232.03 rows=6231111 width=4) (actual time=0.017..5947.980 rows=6223494 loops=1)
        Filter: (info_type_id > 8)
        Rows Removed by Filter: 8612226
  ->  Hash  (cost=73925.90..73925.90 rows=1963 width=4) (actual time=1169.870..1169.870 rows=4682 loops=1)
        Buckets: 8192 (originally 2048)  Batches: 1 (originally 1)  Memory Usage: 229kB
        ->  Seq Scan on title t  (cost=0.00..73925.90 rows=1963 width=4) (actual time=240.593..1167.608 rows=4682 loops=1)
              Filter: ((kind_id = 1) AND (production_year = 1987))
              Rows Removed by Filter: 2523630
Planning time: 0.547 ms
Execution time: 8135.794 ms
