Hash Join  (cost=100908.38..186886.46 rows=831 width=0) (actual time=1709.421..3312.424 rows=13899 loops=1)
  Hash Cond: (mk.movie_id = t.id)
  ->  Seq Scan on movie_keyword mk  (cost=0.00..81003.12 rows=1324437 width=4) (actual time=0.032..1393.459 rows=1340785 loops=1)
        Filter: (keyword_id < 1749)
        Rows Removed by Filter: 3183145
  ->  Hash  (cost=100888.56..100888.56 rows=1586 width=8) (actual time=1709.266..1709.266 rows=3614 loops=1)
        Buckets: 4096 (originally 2048)  Batches: 1 (originally 1)  Memory Usage: 174kB
        ->  Hash Join  (cost=73962.22..100888.56 rows=1586 width=8) (actual time=1123.466..1707.715 rows=3614 loops=1)
              Hash Cond: (mi_idx.movie_id = t.id)
              ->  Seq Scan on movie_info_idx mi_idx  (cost=0.00..21735.35 rows=1380035 width=4) (actual time=0.017..300.257 rows=1380035 loops=1)
              ->  Hash  (cost=73925.90..73925.90 rows=2905 width=4) (actual time=1123.103..1123.103 rows=3172 loops=1)
                    Buckets: 4096  Batches: 1  Memory Usage: 144kB
                    ->  Seq Scan on title t  (cost=0.00..73925.90 rows=2905 width=4) (actual time=0.109..1121.399 rows=3172 loops=1)
                          Filter: ((kind_id < 7) AND (production_year = 1953))
                          Rows Removed by Filter: 2525140
Planning time: 1.152 ms
Execution time: 3314.491 ms
