Hash Join  (cost=273954.76..1504485.69 rows=19648511 width=0) (actual time=7006.945..52542.585 rows=63411413 loops=1)
  Hash Cond: (ci.movie_id = t.id)
  ->  Seq Scan on cast_info ci  (cost=0.00..705507.15 rows=25036935 width=4) (actual time=0.025..15683.085 rows=25066318 loops=1)
        Filter: (person_id < 2583872)
        Rows Removed by Filter: 11178026
  ->  Hash  (cost=241398.51..241398.51 rows=1984340 width=8) (actual time=7005.815..7005.815 rows=1984712 loops=1)
        Buckets: 131072  Batches: 32  Memory Usage: 3430kB
        ->  Hash Join  (cost=102767.86..241398.51 rows=1984340 width=8) (actual time=2155.742..6443.912 rows=1984712 loops=1)
              Hash Cond: (mk.movie_id = t.id)
              ->  Seq Scan on movie_keyword mk  (cost=0.00..81003.12 rows=1984340 width=4) (actual time=0.024..1693.771 rows=1984712 loops=1)
                    Filter: (keyword_id < 3511)
                    Rows Removed by Filter: 2539218
              ->  Hash  (cost=61283.27..61283.27 rows=2528527 width=4) (actual time=2154.821..2154.821 rows=2528312 loops=1)
                    Buckets: 131072  Batches: 64  Memory Usage: 2425kB
                    ->  Seq Scan on title t  (cost=0.00..61283.27 rows=2528527 width=4) (actual time=0.022..1305.805 rows=2528312 loops=1)
Planning time: 1.176 ms
Execution time: 59204.881 ms
