Hash Join  (cost=798388.90..825300.89 rows=151 width=0) (actual time=14423.861..14658.931 rows=39 loops=1)
  Hash Cond: (mi_idx.movie_id = t.id)
  ->  Seq Scan on movie_info_idx mi_idx  (cost=0.00..21735.35 rows=1380035 width=4) (actual time=3.305..124.647 rows=1380035 loops=1)
  ->  Hash  (cost=798385.45..798385.45 rows=276 width=8) (actual time=14412.352..14412.352 rows=13 loops=1)
        Buckets: 1024  Batches: 1  Memory Usage: 9kB
        ->  Nested Loop  (cost=0.43..798385.45 rows=276 width=8) (actual time=180.239..14412.328 rows=13 loops=1)
              ->  Seq Scan on cast_info ci  (cost=0.00..796071.18 rows=276 width=4) (actual time=180.141..14411.862 rows=13 loops=1)
                    Filter: ((role_id < 3) AND (person_id = 2247513))
                    Rows Removed by Filter: 36244331
              ->  Index Only Scan using title_pkey on title t  (cost=0.43..8.38 rows=1 width=4) (actual time=0.033..0.033 rows=1 loops=13)
                    Index Cond: (id = ci.movie_id)
                    Heap Fetches: 13
Planning time: 1.070 ms
Execution time: 14659.045 ms
