Hash Join  (cost=98137.04..267139.50 rows=2945390 width=0) (actual time=1948.713..6161.400 rows=1409266 loops=1)
  Hash Cond: (mk.movie_id = t.id)
  ->  Seq Scan on movie_keyword mk  (cost=0.00..81003.12 rows=4001888 width=4) (actual time=0.020..1843.135 rows=4003052 loops=1)
        Filter: (keyword_id > 381)
        Rows Removed by Filter: 520878
  ->  Hash  (cost=67604.59..67604.59 rows=1860996 width=4) (actual time=1947.831..1947.831 rows=1865487 loops=1)
        Buckets: 131072  Batches: 32  Memory Usage: 3085kB
        ->  Seq Scan on title t  (cost=0.00..67604.59 rows=1860996 width=4) (actual time=0.040..1316.136 rows=1865487 loops=1)
              Filter: (kind_id > 1)
              Rows Removed by Filter: 662825
Planning time: 0.757 ms
Execution time: 6317.219 ms
