Nested Loop  (cost=0.43..83071.67 rows=246 width=0) (actual time=11.205..1196.708 rows=199 loops=1)
  ->  Seq Scan on movie_keyword mk  (cost=0.00..81003.12 rows=246 width=4) (actual time=11.141..1189.815 rows=199 loops=1)
        Filter: (keyword_id = 5561)
        Rows Removed by Filter: 4523731
  ->  Index Only Scan using title_pkey on title t  (cost=0.43..8.40 rows=1 width=4) (actual time=0.031..0.032 rows=1 loops=199)
        Index Cond: (id = mk.movie_id)
        Heap Fetches: 199
Planning time: 0.716 ms
Execution time: 1196.896 ms
