Seq Scan on movie_keyword mk  (cost=0.00..81003.12 rows=246 width=0) (actual time=1.368..1139.327 rows=1574 loops=1)
  Filter: (keyword_id = 5297)
  Rows Removed by Filter: 4522356
Planning time: 1.553 ms
Execution time: 1139.915 ms
