Hash Join  (cost=412242.79..1421467.38 rows=18172785 width=181) (actual time=10189.812..105835.426 rows=163807146 loops=1)
  Hash Cond: (mi.movie_id = t.id)
  ->  Seq Scan on movie_info mi  (cost=0.00..309384.22 rows=14739122 width=75) (actual time=0.019..7037.834 rows=14835720 loops=1)
  ->  Hash  (cost=321516.06..321516.06 rows=3117579 width=106) (actual time=10186.585..10186.585 rows=2919211 loops=1)
        Buckets: 32768  Batches: 128  Memory Usage: 3230kB
        ->  Hash Join  (cost=121771.29..321516.06 rows=3117579 width=106) (actual time=2529.738..8519.409 rows=2919211 loops=1)
              Hash Cond: (mk.movie_id = t.id)
              ->  Seq Scan on movie_keyword mk  (cost=0.00..81003.12 rows=3950971 width=12) (actual time=0.055..2144.284 rows=3953918 loops=1)
                    Filter: (keyword_id < 32207)
                    Rows Removed by Filter: 570012
              ->  Hash  (cost=67604.59..67604.59 rows=1995176 width=94) (actual time=2528.161..2528.161 rows=1990655 loops=1)
                    Buckets: 32768  Batches: 128  Memory Usage: 2006kB
                    ->  Seq Scan on title t  (cost=0.00..67604.59 rows=1995176 width=94) (actual time=0.018..1576.098 rows=1990655 loops=1)
                          Filter: (production_year > 1976)
                          Rows Removed by Filter: 537657
Planning time: 1.355 ms
Execution time: 115210.807 ms
