Hash Join  (cost=208288.88..641871.56 rows=1320800 width=0) (actual time=5007.216..27844.712 rows=68659512 loops=1)
  Hash Cond: (mi.movie_id = t.id)
  ->  Seq Scan on movie_info mi  (cost=0.00..346232.03 rows=6231111 width=4) (actual time=0.018..6555.686 rows=6223494 loops=1)
        Filter: (info_type_id > 8)
        Rows Removed by Filter: 8612226
  ->  Hash  (cost=199495.28..199495.28 rows=535968 width=8) (actual time=5005.649..5005.649 rows=1504974 loops=1)
        Buckets: 131072 (originally 131072)  Batches: 32 (originally 8)  Memory Usage: 3073kB
        ->  Hash Join  (cost=83198.94..199495.28 rows=535968 width=8) (actual time=1482.407..4577.125 rows=1504974 loops=1)
              Hash Cond: (mk.movie_id = t.id)
              ->  Seq Scan on movie_keyword mk  (cost=0.00..81003.12 rows=2397741 width=4) (actual time=0.019..1618.755 rows=2392679 loops=1)
                    Filter: (keyword_id > 3934)
                    Rows Removed by Filter: 2131251
              ->  Hash  (cost=73925.90..73925.90 rows=565203 width=4) (actual time=1481.521..1481.521 rows=641785 loops=1)
                    Buckets: 131072  Batches: 8  Memory Usage: 3870kB
                    ->  Seq Scan on title t  (cost=0.00..73925.90 rows=565203 width=4) (actual time=0.016..1265.274 rows=641785 loops=1)
                          Filter: ((kind_id < 7) AND (production_year < 2006))
                          Rows Removed by Filter: 1886527
Planning time: 4.463 ms
Execution time: 34597.238 ms
