Seq Scan on movie_companies mc  (cost=0.00..51404.11 rows=860922 width=0) (actual time=0.020..855.000 rows=868554 loops=1)
  Filter: (company_id > 23778)
  Rows Removed by Filter: 1740575
Planning time: 5.246 ms
Execution time: 967.472 ms
