Hash Join  (cost=181494.54..223223.61 rows=235259 width=0) (actual time=3681.759..4892.006 rows=632840 loops=1)
  Hash Cond: (mi_idx.movie_id = t.id)
  ->  Seq Scan on movie_info_idx mi_idx  (cost=0.00..21735.35 rows=1380035 width=4) (actual time=0.015..443.804 rows=1380035 loops=1)
  ->  Hash  (cost=174422.47..174422.47 rows=431046 width=8) (actual time=3680.613..3680.613 rows=431290 loops=1)
        Buckets: 131072  Batches: 8  Memory Usage: 3136kB
        ->  Hash Join  (cost=102767.86..174422.47 rows=431046 width=8) (actual time=1875.952..3553.511 rows=431290 loops=1)
              Hash Cond: (mc.movie_id = t.id)
              ->  Seq Scan on movie_companies mc  (cost=0.00..51404.11 rows=431046 width=4) (actual time=0.029..908.379 rows=431290 loops=1)
                    Filter: (company_id < 312)
                    Rows Removed by Filter: 2177839
              ->  Hash  (cost=61283.27..61283.27 rows=2528527 width=4) (actual time=1874.726..1874.726 rows=2528312 loops=1)
                    Buckets: 131072  Batches: 64  Memory Usage: 2415kB
                    ->  Seq Scan on title t  (cost=0.00..61283.27 rows=2528527 width=4) (actual time=0.022..1060.656 rows=2528312 loops=1)
Planning time: 1.118 ms
Execution time: 4955.011 ms
