Hash Join  (cost=70840.90..810876.76 rows=213333 width=0) (actual time=1193.637..15283.238 rows=175473 loops=1)
  Hash Cond: (ci.movie_id = t.id)
  ->  Seq Scan on cast_info ci  (cost=0.00..705507.15 rows=2735034 width=4) (actual time=0.020..12814.091 rows=2728943 loops=1)
        Filter: (role_id = 4)
        Rows Removed by Filter: 33515401
  ->  Hash  (cost=67604.59..67604.59 rows=197225 width=4) (actual time=1192.881..1192.881 rows=194989 loops=1)
        Buckets: 131072  Batches: 4  Memory Usage: 2738kB
        ->  Seq Scan on title t  (cost=0.00..67604.59 rows=197225 width=4) (actual time=0.112..1126.319 rows=194989 loops=1)
              Filter: (production_year < 1955)
              Rows Removed by Filter: 2333323
Planning time: 0.635 ms
Execution time: 15306.254 ms
