Hash Join  (cost=101576.35..868882.66 rows=104426 width=0) (actual time=1836.526..18933.351 rows=350190 loops=1)
  Hash Cond: (ci.movie_id = t.id)
  ->  Seq Scan on cast_info ci  (cost=0.00..705507.15 rows=16201301 width=4) (actual time=0.010..13735.926 rows=16121683 loops=1)
        Filter: (role_id > 2)
        Rows Removed by Filter: 20122661
  ->  Hash  (cost=101372.63..101372.63 rows=16298 width=8) (actual time=1831.753..1831.753 rows=22000 loops=1)
        Buckets: 32768 (originally 16384)  Batches: 1 (originally 1)  Memory Usage: 1116kB
        ->  Hash Join  (cost=74299.17..101372.63 rows=16298 width=8) (actual time=1182.040..1823.624 rows=22000 loops=1)
              Hash Cond: (mi_idx.movie_id = t.id)
              ->  Seq Scan on movie_info_idx mi_idx  (cost=0.00..21735.35 rows=1380035 width=4) (actual time=0.027..333.522 rows=1380035 loops=1)
              ->  Hash  (cost=73925.90..73925.90 rows=29861 width=4) (actual time=1181.837..1181.837 rows=17772 loops=1)
                    Buckets: 32768  Batches: 1  Memory Usage: 881kB
                    ->  Seq Scan on title t  (cost=0.00..73925.90 rows=29861 width=4) (actual time=0.011..1174.409 rows=17772 loops=1)
                          Filter: ((kind_id = 1) AND (production_year = 2007))
                          Rows Removed by Filter: 2510540
Planning time: 0.818 ms
Execution time: 18983.033 ms
