Hash Join  (cost=190230.21..342172.08 rows=2101838 width=0) (actual time=4375.929..11266.376 rows=9042318 loops=1)
  Hash Cond: (mk.movie_id = t.id)
  ->  Seq Scan on movie_keyword mk  (cost=0.00..81003.12 rows=3851029 width=4) (actual time=0.015..1779.664 rows=3850701 loops=1)
        Filter: (keyword_id > 536)
        Rows Removed by Filter: 673229
  ->  Hash  (cost=167588.78..167588.78 rows=1380035 width=8) (actual time=4374.712..4374.712 rows=1380035 loops=1)
        Buckets: 131072  Batches: 32  Memory Usage: 2726kB
        ->  Hash Join  (cost=102767.86..167588.78 rows=1380035 width=8) (actual time=1915.828..3938.152 rows=1380035 loops=1)
              Hash Cond: (mi_idx.movie_id = t.id)
              ->  Seq Scan on movie_info_idx mi_idx  (cost=0.00..21735.35 rows=1380035 width=4) (actual time=0.021..481.799 rows=1380035 loops=1)
              ->  Hash  (cost=61283.27..61283.27 rows=2528527 width=4) (actual time=1913.953..1913.953 rows=2528312 loops=1)
                    Buckets: 131072  Batches: 64  Memory Usage: 2415kB
                    ->  Seq Scan on title t  (cost=0.00..61283.27 rows=2528527 width=4) (actual time=0.026..1082.525 rows=2528312 loops=1)
Planning time: 1.095 ms
Execution time: 12274.600 ms
