Seq Scan on movie_keyword mk  (cost=0.00..81003.12 rows=246 width=0) (actual time=37.260..1215.719 rows=62 loops=1)
  Filter: (keyword_id = 23980)
  Rows Removed by Filter: 4523868
Planning time: 0.360 ms
Execution time: 1215.873 ms
