Seq Scan on cast_info ci  (cost=0.00..796071.18 rows=1473586 width=0) (actual time=3781.992..11144.636 rows=478774 loops=1)
  Filter: ((person_id < 1209261) AND (role_id = 10))
  Rows Removed by Filter: 35765570
Planning time: 0.406 ms
Execution time: 11206.712 ms
