Hash Join  (cost=106809.92..180876.51 rows=288847 width=0) (actual time=2536.935..4189.368 rows=445221 loops=1)
  Hash Cond: (mc.movie_id = t.id)
  ->  Seq Scan on movie_companies mc  (cost=0.00..57926.93 rows=305637 width=4) (actual time=417.613..948.221 rows=446435 loops=1)
        Filter: ((company_id < 774) AND (company_type_id = 1))
        Rows Removed by Filter: 2162694
  ->  Hash  (cost=67604.59..67604.59 rows=2389627 width=4) (actual time=2118.437..2118.437 rows=2382866 loops=1)
        Buckets: 131072  Batches: 32  Memory Usage: 3644kB
        ->  Seq Scan on title t  (cost=0.00..67604.59 rows=2389627 width=4) (actual time=0.033..1384.315 rows=2382866 loops=1)
              Filter: (production_year > 1916)
              Rows Removed by Filter: 145446
Planning time: 21.920 ms
Execution time: 4245.371 ms
