Hash Join  (cost=941637.54..1082454.07 rows=1544249 width=0) (actual time=16399.523..22840.774 rows=10721512 loops=1)
  Hash Cond: (mk.movie_id = t.id)
  ->  Seq Scan on movie_keyword mk  (cost=0.00..69693.30 rows=4523930 width=4) (actual time=0.009..1332.094 rows=4523930 loops=1)
  ->  Hash  (cost=927476.59..927476.59 rows=863116 width=8) (actual time=16397.625..16397.625 rows=259552 loops=1)
        Buckets: 131072  Batches: 16  Memory Usage: 1702kB
        ->  Hash Join  (cost=86252.72..927476.59 rows=863116 width=8) (actual time=11636.546..16319.552 rows=259552 loops=1)
              Hash Cond: (ci.movie_id = t.id)
              ->  Seq Scan on cast_info ci  (cost=0.00..796071.18 rows=2904675 width=4) (actual time=10168.176..14217.118 rows=932726 loops=1)
                    Filter: ((person_id < 2494851) AND (role_id = 10))
                    Rows Removed by Filter: 35311618
              ->  Hash  (cost=73925.90..73925.90 rows=751345 width=4) (actual time=1467.118..1467.118 rows=793943 loops=1)
                    Buckets: 131072  Batches: 16  Memory Usage: 2771kB
                    ->  Seq Scan on title t  (cost=0.00..73925.90 rows=751345 width=4) (actual time=0.025..1228.386 rows=793943 loops=1)
                          Filter: ((kind_id < 7) AND (production_year < 2010))
                          Rows Removed by Filter: 1734369
Planning time: 0.775 ms
Execution time: 24088.150 ms
