Nested Loop  (cost=0.43..83071.67 rows=246 width=0) (actual time=17.560..1312.484 rows=124 loops=1)
  ->  Seq Scan on movie_keyword mk  (cost=0.00..81003.12 rows=246 width=4) (actual time=17.479..1307.089 rows=124 loops=1)
        Filter: (keyword_id = 27034)
        Rows Removed by Filter: 4523806
  ->  Index Only Scan using title_pkey on title t  (cost=0.43..8.40 rows=1 width=4) (actual time=0.039..0.040 rows=1 loops=124)
        Index Cond: (id = mk.movie_id)
        Heap Fetches: 124
Planning time: 0.814 ms
Execution time: 1312.651 ms
