Hash Join  (cost=152196.20..237731.86 rows=760614 width=0) (actual time=3816.467..6638.252 rows=2624642 loops=1)
  Hash Cond: (mc.movie_id = t.id)
  ->  Seq Scan on movie_companies mc  (cost=0.00..44881.29 rows=2609129 width=4) (actual time=0.014..914.121 rows=2609129 loops=1)
  ->  Hash  (cost=140102.24..140102.24 rows=737117 width=8) (actual time=3815.732..3815.732 rows=891238 loops=1)
        Buckets: 131072  Batches: 16  Memory Usage: 3205kB
        ->  Hash Join  (cost=89762.59..140102.24 rows=737117 width=8) (actual time=1654.858..3564.794 rows=891238 loops=1)
              Hash Cond: (mi_idx.movie_id = t.id)
              ->  Seq Scan on movie_info_idx mi_idx  (cost=0.00..21735.35 rows=1380035 width=4) (actual time=0.011..439.325 rows=1380035 loops=1)
              ->  Hash  (cost=67604.59..67604.59 rows=1350560 width=4) (actual time=1653.857..1653.857 rows=1348293 loops=1)
                    Buckets: 131072  Batches: 32  Memory Usage: 2505kB
                    ->  Seq Scan on title t  (cost=0.00..67604.59 rows=1350560 width=4) (actual time=0.023..1216.836 rows=1348293 loops=1)
                          Filter: (production_year < 2005)
                          Rows Removed by Filter: 1180019
Planning time: 0.765 ms
Execution time: 6918.074 ms
