Hash Join  (cost=510035.48..1235319.96 rows=447941 width=0) (actual time=10208.734..22808.065 rows=702169 loops=1)
  Hash Cond: (ci.movie_id = t.id)
  ->  Seq Scan on cast_info ci  (cost=0.00..705507.15 rows=895980 width=4) (actual time=654.349..12334.273 rows=898389 loops=1)
        Filter: (role_id = 5)
        Rows Removed by Filter: 35345955
  ->  Hash  (cost=489295.91..489295.91 rows=1264125 width=8) (actual time=9553.410..9553.410 rows=1288928 loops=1)
        Buckets: 131072  Batches: 32  Memory Usage: 2584kB
        ->  Hash Join  (cost=102767.86..489295.91 rows=1264125 width=8) (actual time=2341.126..9225.454 rows=1288928 loops=1)
              Hash Cond: (mi.movie_id = t.id)
              ->  Seq Scan on movie_info mi  (cost=0.00..346232.03 rows=1264125 width=4) (actual time=464.336..4845.124 rows=1288928 loops=1)
                    Filter: (info_type_id = 2)
                    Rows Removed by Filter: 13546792
              ->  Hash  (cost=61283.27..61283.27 rows=2528527 width=4) (actual time=1875.528..1875.528 rows=2528312 loops=1)
                    Buckets: 131072  Batches: 64  Memory Usage: 2425kB
                    ->  Seq Scan on title t  (cost=0.00..61283.27 rows=2528527 width=4) (actual time=0.019..1024.149 rows=2528312 loops=1)
Planning time: 1.239 ms
Execution time: 22893.364 ms
