Hash Join  (cost=323394.40..1039456.03 rows=18688389 width=0) (actual time=7679.621..55087.441 rows=165292584 loops=1)
  Hash Cond: (mi.movie_id = t.id)
  ->  Seq Scan on movie_info mi  (cost=0.00..309384.22 rows=14739122 width=4) (actual time=0.011..6582.304 rows=14835720 loops=1)
  ->  Hash  (cost=270795.00..270795.00 rows=3206032 width=8) (actual time=7678.567..7678.567 rows=3193896 loops=1)
        Buckets: 131072  Batches: 64  Memory Usage: 3072kB
        ->  Hash Join  (cost=102767.86..270795.00 rows=3206032 width=8) (actual time=2057.738..6799.876 rows=3193896 loops=1)
              Hash Cond: (mk.movie_id = t.id)
              ->  Seq Scan on movie_keyword mk  (cost=0.00..81003.12 rows=3206032 width=4) (actual time=0.026..1787.602 rows=3193896 loops=1)
                    Filter: (keyword_id < 12948)
                    Rows Removed by Filter: 1330034
              ->  Hash  (cost=61283.27..61283.27 rows=2528527 width=4) (actual time=2055.884..2055.884 rows=2528312 loops=1)
                    Buckets: 131072  Batches: 64  Memory Usage: 2425kB
                    ->  Seq Scan on title t  (cost=0.00..61283.27 rows=2528527 width=4) (actual time=0.017..1150.627 rows=2528312 loops=1)
Planning time: 1.185 ms
Execution time: 71701.428 ms
