Hash Join  (cost=354824.17..1137613.79 rows=23215399 width=0) (actual time=8211.684..72009.634 rows=214873356 loops=1)
  Hash Cond: (mi.movie_id = t.id)
  ->  Seq Scan on movie_info mi  (cost=0.00..309384.22 rows=14739122 width=4) (actual time=0.218..6219.463 rows=14835720 loops=1)
  ->  Hash  (cost=289483.05..289483.05 rows=3982650 width=8) (actual time=8210.053..8210.053 rows=3982530 loops=1)
        Buckets: 131072  Batches: 64  Memory Usage: 3558kB
        ->  Hash Join  (cost=102767.86..289483.05 rows=3982650 width=8) (actual time=1952.762..7060.606 rows=3982530 loops=1)
              Hash Cond: (mk.movie_id = t.id)
              ->  Seq Scan on movie_keyword mk  (cost=0.00..81003.12 rows=3982650 width=4) (actual time=0.025..1828.799 rows=3982530 loops=1)
                    Filter: (keyword_id > 382)
                    Rows Removed by Filter: 541400
              ->  Hash  (cost=61283.27..61283.27 rows=2528527 width=4) (actual time=1951.256..1951.256 rows=2528312 loops=1)
                    Buckets: 131072  Batches: 64  Memory Usage: 2425kB
                    ->  Seq Scan on title t  (cost=0.00..61283.27 rows=2528527 width=4) (actual time=0.023..1088.175 rows=2528312 loops=1)
Planning time: 1.283 ms
Execution time: 96528.383 ms
