Seq Scan on movie_companies mc  (cost=0.00..57926.93 rows=53 width=0) (actual time=583.657..878.122 rows=561 loops=1)
  Filter: ((company_type_id > 1) AND (company_id = 12471))
  Rows Removed by Filter: 2608568
Planning time: 0.386 ms
Execution time: 878.362 ms
