Seq Scan on movie_keyword mk  (cost=0.00..81003.12 rows=826401 width=0) (actual time=0.033..716.728 rows=826874 loops=1)
  Filter: (keyword_id < 793)
  Rows Removed by Filter: 3697056
Planning time: 0.309 ms
Execution time: 786.373 ms
