Hash Join  (cost=73994.33..100892.56 rows=983 width=0) (actual time=1117.601..1680.331 rows=1130 loops=1)
  Hash Cond: (mi_idx.movie_id = t.id)
  ->  Seq Scan on movie_info_idx mi_idx  (cost=0.00..25185.44 rows=454124 width=4) (actual time=0.024..460.204 rows=459925 loops=1)
        Filter: (info_type_id = 100)
        Rows Removed by Filter: 920110
  ->  Hash  (cost=73925.90..73925.90 rows=5474 width=4) (actual time=1117.125..1117.125 rows=10394 loops=1)
        Buckets: 16384 (originally 8192)  Batches: 1 (originally 1)  Memory Usage: 494kB
        ->  Seq Scan on title t  (cost=0.00..73925.90 rows=5474 width=4) (actual time=0.102..1111.939 rows=10394 loops=1)
              Filter: ((kind_id > 1) AND (production_year = 1970))
              Rows Removed by Filter: 2517918
Planning time: 0.792 ms
Execution time: 1680.775 ms
