Seq Scan on movie_keyword mk  (cost=0.00..81003.12 rows=2294858 width=0) (actual time=0.020..1490.888 rows=2295971 loops=1)
  Filter: (keyword_id < 4918)
  Rows Removed by Filter: 2227959
Planning time: 0.343 ms
Execution time: 1789.178 ms
