Seq Scan on movie_keyword mk  (cost=0.00..81003.12 rows=246 width=0) (actual time=0.035..1307.630 rows=702 loops=1)
  Filter: (keyword_id = 9249)
  Rows Removed by Filter: 4523228
Planning time: 1.871 ms
Execution time: 1308.024 ms
