Hash Join  (cost=173864.01..668749.85 rows=1413192 width=0) (actual time=3339.584..17699.697 rows=4369224 loops=1)
  Hash Cond: (mi.movie_id = t.id)
  ->  Seq Scan on movie_info mi  (cost=0.00..309384.22 rows=14739122 width=4) (actual time=0.010..5934.461 rows=14835720 loops=1)
  ->  Hash  (cost=169885.55..169885.55 rows=242436 width=8) (actual time=3251.318..3251.318 rows=244684 loops=1)
        Buckets: 131072  Batches: 4  Memory Usage: 3423kB
        ->  Hash Join  (cost=102767.86..169885.55 rows=242436 width=8) (actual time=1946.993..3183.203 rows=244684 loops=1)
              Hash Cond: (mc.movie_id = t.id)
              ->  Seq Scan on movie_companies mc  (cost=0.00..51404.11 rows=242436 width=4) (actual time=169.461..887.494 rows=244684 loops=1)
                    Filter: (company_id > 102051)
                    Rows Removed by Filter: 2364445
              ->  Hash  (cost=61283.27..61283.27 rows=2528527 width=4) (actual time=1775.710..1775.710 rows=2528312 loops=1)
                    Buckets: 131072  Batches: 64  Memory Usage: 2415kB
                    ->  Seq Scan on title t  (cost=0.00..61283.27 rows=2528527 width=4) (actual time=0.018..943.880 rows=2528312 loops=1)
Planning time: 0.757 ms
Execution time: 18234.743 ms
