Hash Join  (cost=472664.33..1423982.74 rows=2162330 width=0) (actual time=8412.166..29739.324 rows=2016221 loops=1)
  Hash Cond: (ci.movie_id = t.id)
  ->  Seq Scan on cast_info ci  (cost=0.00..796071.18 rows=11394379 width=4) (actual time=1203.377..16974.520 rows=10026636 loops=1)
        Filter: ((person_id > 351533) AND (role_id = 1))
        Rows Removed by Filter: 26217708
  ->  Hash  (cost=464791.29..464791.29 rows=479843 width=8) (actual time=7207.961..7207.961 rows=297371 loops=1)
        Buckets: 131072  Batches: 8  Memory Usage: 2470kB
        ->  Hash Join  (cost=98137.04..464791.29 rows=479843 width=8) (actual time=3399.628..7117.619 rows=297371 loops=1)
              Hash Cond: (mi.movie_id = t.id)
              ->  Seq Scan on movie_info mi  (cost=0.00..346232.03 rows=651960 width=4) (actual time=1411.966..4033.644 rows=660923 loops=1)
                    Filter: (info_type_id = 18)
                    Rows Removed by Filter: 14174797
              ->  Hash  (cost=67604.59..67604.59 rows=1860996 width=4) (actual time=1986.880..1986.880 rows=1865487 loops=1)
                    Buckets: 131072  Batches: 32  Memory Usage: 3085kB
                    ->  Seq Scan on title t  (cost=0.00..67604.59 rows=1860996 width=4) (actual time=0.021..1269.948 rows=1865487 loops=1)
                          Filter: (kind_id > 1)
                          Rows Removed by Filter: 662825
Planning time: 1.252 ms
Execution time: 29953.096 ms
