Seq Scan on movie_keyword mk  (cost=0.00..81003.12 rows=246 width=0) (actual time=0.905..1194.946 rows=483 loops=1)
  Filter: (keyword_id = 72034)
  Rows Removed by Filter: 4523447
Planning time: 0.405 ms
Execution time: 1195.244 ms
