Hash Join  (cost=92027.78..128865.42 rows=201153 width=0) (actual time=1559.555..3145.391 rows=114326 loops=1)
  Hash Cond: (mi_idx.movie_id = t.id)
  ->  Seq Scan on movie_info_idx mi_idx  (cost=0.00..25185.44 rows=460978 width=4) (actual time=0.024..454.661 rows=459925 loops=1)
        Filter: (info_type_id = 99)
        Rows Removed by Filter: 920110
  ->  Hash  (cost=73925.90..73925.90 rows=1103350 width=4) (actual time=1556.248..1556.248 rows=1054846 loops=1)
        Buckets: 131072  Batches: 16  Memory Usage: 3343kB
        ->  Seq Scan on title t  (cost=0.00..73925.90 rows=1103350 width=4) (actual time=0.020..1219.314 rows=1054846 loops=1)
              Filter: ((kind_id > 4) AND (production_year < 2009))
              Rows Removed by Filter: 1473466
Planning time: 0.790 ms
Execution time: 3160.259 ms
