Hash Join  (cost=177591.74..288292.99 rows=449250 width=0) (actual time=3601.326..6491.696 rows=193397 loops=1)
  Hash Cond: (mk.movie_id = t.id)
  ->  Seq Scan on movie_keyword mk  (cost=0.00..81003.12 rows=1986568 width=4) (actual time=0.025..1616.043 rows=1988987 loops=1)
        Filter: (keyword_id < 3518)
        Rows Removed by Filter: 2534943
  ->  Hash  (cost=168210.10..168210.10 rows=571811 width=8) (actual time=3599.158..3599.158 rows=211740 loops=1)
        Buckets: 131072  Batches: 8  Memory Usage: 2068kB
        ->  Hash Join  (cost=93093.72..168210.10 rows=571811 width=8) (actual time=1818.146..3545.212 rows=211740 loops=1)
              Hash Cond: (mc.movie_id = t.id)
              ->  Seq Scan on movie_companies mc  (cost=0.00..51404.11 rows=930631 width=4) (actual time=0.016..1036.976 rows=939016 loops=1)
                    Filter: (company_id > 19076)
                    Rows Removed by Filter: 1670113
              ->  Hash  (cost=67604.59..67604.59 rows=1553611 width=4) (actual time=1815.271..1815.271 rows=1555864 loops=1)
                    Buckets: 131072  Batches: 32  Memory Usage: 2734kB
                    ->  Seq Scan on title t  (cost=0.00..67604.59 rows=1553611 width=4) (actual time=0.011..1284.934 rows=1555864 loops=1)
                          Filter: (kind_id > 4)
                          Rows Removed by Filter: 972448
Planning time: 1.224 ms
Execution time: 6516.579 ms
