Hash Join  (cost=709678.15..796232.88 rows=293 width=0) (actual time=10836.857..12391.339 rows=62 loops=1)
  Hash Cond: (mk.movie_id = t.id)
  ->  Seq Scan on movie_keyword mk  (cost=0.00..81003.12 rows=1479646 width=4) (actual time=0.016..1403.158 rows=1490976 loops=1)
        Filter: (keyword_id > 10906)
        Rows Removed by Filter: 3032954
  ->  Hash  (cost=709671.90..709671.90 rows=500 width=8) (actual time=10785.928..10785.928 rows=16 loops=1)
        Buckets: 1024  Batches: 1  Memory Usage: 9kB
        ->  Nested Loop  (cost=0.43..709671.90 rows=500 width=8) (actual time=344.503..10785.901 rows=16 loops=1)
              ->  Seq Scan on cast_info ci  (cost=0.00..705507.15 rows=500 width=4) (actual time=344.435..10785.560 rows=16 loops=1)
                    Filter: (person_id = 1869318)
                    Rows Removed by Filter: 36244328
              ->  Index Only Scan using title_pkey on title t  (cost=0.43..8.32 rows=1 width=4) (actual time=0.019..0.019 rows=1 loops=16)
                    Index Cond: (id = ci.movie_id)
                    Heap Fetches: 16
Planning time: 1.213 ms
Execution time: 12391.461 ms
