Seq Scan on movie_companies mc  (cost=0.00..57926.93 rows=583509 width=0) (actual time=0.017..946.665 rows=371362 loops=1)
  Filter: ((company_id < 8636) AND (company_type_id > 1))
  Rows Removed by Filter: 2237767
Planning time: 0.329 ms
Execution time: 992.779 ms
