Hash Join  (cost=120227.28..1163890.01 rows=1741271 width=0) (actual time=2464.776..30886.055 rows=3802398 loops=1)
  Hash Cond: (ci.movie_id = t.id)
  ->  Seq Scan on cast_info ci  (cost=0.00..705507.15 rows=27686085 width=4) (actual time=0.021..15758.774 rows=27813505 loops=1)
        Filter: (person_id > 826572)
        Rows Removed by Filter: 8430839
  ->  Hash  (cost=117617.43..117617.43 rows=159028 width=8) (actual time=2464.020..2464.020 rows=197974 loops=1)
        Buckets: 131072  Batches: 4  Memory Usage: 2965kB
        ->  Hash Join  (cost=82131.75..117617.43 rows=159028 width=8) (actual time=1480.828..2402.603 rows=197974 loops=1)
              Hash Cond: (mi_idx.movie_id = t.id)
              ->  Seq Scan on movie_info_idx mi_idx  (cost=0.00..25185.44 rows=454124 width=4) (actual time=0.022..476.614 rows=459925 loops=1)
                    Filter: (info_type_id = 100)
                    Rows Removed by Filter: 920110
              ->  Hash  (cost=67604.59..67604.59 rows=885453 width=4) (actual time=1479.877..1479.877 rows=885650 loops=1)
                    Buckets: 131072  Batches: 16  Memory Usage: 2972kB
                    ->  Seq Scan on title t  (cost=0.00..67604.59 rows=885453 width=4) (actual time=0.026..1201.274 rows=885650 loops=1)
                          Filter: (production_year < 1997)
                          Rows Removed by Filter: 1642662
Planning time: 3.231 ms
Execution time: 31320.208 ms
