Hash Join  (cost=106996.59..864388.97 rows=660326 width=0) (actual time=2066.499..20848.083 rows=1350468 loops=1)
  Hash Cond: (ci.movie_id = t.id)
  ->  Seq Scan on cast_info ci  (cost=0.00..614943.12 rows=36225612 width=4) (actual time=0.013..8697.068 rows=36244344 loops=1)
  ->  Hash  (cost=106420.47..106420.47 rows=46090 width=8) (actual time=2066.055..2066.055 rows=40222 loops=1)
        Buckets: 65536  Batches: 1  Memory Usage: 2084kB
        ->  Hash Join  (cost=69694.50..106420.47 rows=46090 width=8) (actual time=1114.052..2051.361 rows=40222 loops=1)
              Hash Cond: (mi_idx.movie_id = t.id)
              ->  Seq Scan on movie_info_idx mi_idx  (cost=0.00..25185.44 rows=915101 width=4) (actual time=0.028..582.904 rows=919850 loops=1)
                    Filter: (info_type_id < 101)
                    Rows Removed by Filter: 460185
              ->  Hash  (cost=67604.59..67604.59 rows=127353 width=4) (actual time=1113.191..1113.191 rows=128696 loops=1)
                    Buckets: 131072  Batches: 2  Memory Usage: 3284kB
                    ->  Seq Scan on title t  (cost=0.00..67604.59 rows=127353 width=4) (actual time=0.017..1066.601 rows=128696 loops=1)
                          Filter: (production_year = 2009)
                          Rows Removed by Filter: 2399616
Planning time: 2.576 ms
Execution time: 21024.128 ms
