Hash Join  (cost=342890.63..1601991.14 rows=21885026 width=0) (actual time=7710.655..53849.278 rows=89728746 loops=1)
  Hash Cond: (ci.movie_id = t.id)
  ->  Seq Scan on cast_info ci  (cost=0.00..796071.18 rows=15005476 width=4) (actual time=0.025..17115.539 rows=18510324 loops=1)
        Filter: ((person_id < 2293745) AND (role_id < 4))
        Rows Removed by Filter: 17734020
  ->  Hash  (cost=282387.39..282387.39 rows=3687779 width=8) (actual time=7708.686..7708.686 rows=3685986 loops=1)
        Buckets: 131072  Batches: 64  Memory Usage: 3295kB
        ->  Hash Join  (cost=102767.86..282387.39 rows=3687779 width=8) (actual time=1876.686..6670.567 rows=3685986 loops=1)
              Hash Cond: (mk.movie_id = t.id)
              ->  Seq Scan on movie_keyword mk  (cost=0.00..81003.12 rows=3687779 width=4) (actual time=0.013..1704.138 rows=3685986 loops=1)
                    Filter: (keyword_id > 797)
                    Rows Removed by Filter: 837944
              ->  Hash  (cost=61283.27..61283.27 rows=2528527 width=4) (actual time=1875.345..1875.345 rows=2528312 loops=1)
                    Buckets: 131072  Batches: 64  Memory Usage: 2425kB
                    ->  Seq Scan on title t  (cost=0.00..61283.27 rows=2528527 width=4) (actual time=0.020..1045.570 rows=2528312 loops=1)
Planning time: 1.210 ms
Execution time: 62916.564 ms
