Hash Join  (cost=176405.76..312361.91 rows=1145311 width=0) (actual time=4380.675..11387.417 rows=16744729 loops=1)
  Hash Cond: (mk.movie_id = t.id)
  ->  Seq Scan on movie_keyword mk  (cost=0.00..69693.30 rows=4523930 width=4) (actual time=0.012..1557.971 rows=4523930 loops=1)
  ->  Hash  (cost=165903.01..165903.01 rows=640140 width=8) (actual time=4379.856..4379.856 rows=808010 loops=1)
        Buckets: 131072  Batches: 16  Memory Usage: 3036kB
        ->  Hash Join  (cost=88359.31..165903.01 rows=640140 width=8) (actual time=1614.449..4098.016 rows=808010 loops=1)
              Hash Cond: (mc.movie_id = t.id)
              ->  Seq Scan on movie_companies mc  (cost=0.00..51404.11 rows=1279517 width=4) (actual time=0.023..938.422 rows=1274246 loops=1)
                    Filter: (company_type_id < 2)
                    Rows Removed by Filter: 1334883
              ->  Hash  (cost=67604.59..67604.59 rows=1265018 width=4) (actual time=1613.303..1613.303 rows=1263700 loops=1)
                    Buckets: 131072  Batches: 32  Memory Usage: 2410kB
                    ->  Seq Scan on title t  (cost=0.00..67604.59 rows=1265018 width=4) (actual time=0.011..1195.078 rows=1263700 loops=1)
                          Filter: (production_year < 2004)
                          Rows Removed by Filter: 1264612
Planning time: 6.631 ms
Execution time: 13176.265 ms
