Seq Scan on movie_companies mc  (cost=0.00..51404.11 rows=2435 width=0) (actual time=0.154..833.939 rows=2115 loops=1)
  Filter: (company_id = 114)
  Rows Removed by Filter: 2607014
Planning time: 0.355 ms
Execution time: 834.404 ms
