Hash Join  (cost=276728.70..900844.63 rows=11797909 width=0) (actual time=6669.841..44499.434 rows=111023343 loops=1)
  Hash Cond: (mi.movie_id = t.id)
  ->  Seq Scan on movie_info mi  (cost=0.00..309384.22 rows=14739122 width=4) (actual time=0.023..6225.368 rows=14835720 loops=1)
  ->  Hash  (cost=243522.25..243522.25 rows=2023956 width=8) (actual time=6668.865..6668.865 rows=2218804 loops=1)
        Buckets: 131072  Batches: 32  Memory Usage: 3804kB
        ->  Hash Join  (cost=104131.46..243522.25 rows=2023956 width=8) (actual time=2188.183..6015.218 rows=2218804 loops=1)
              Hash Cond: (mk.movie_id = t.id)
              ->  Seq Scan on movie_keyword mk  (cost=0.00..81003.12 rows=2298621 width=4) (actual time=0.015..1747.506 rows=2304317 loops=1)
                    Filter: (keyword_id < 4940)
                    Rows Removed by Filter: 2219613
              ->  Hash  (cost=67604.59..67604.59 rows=2226390 width=4) (actual time=2187.319..2187.319 rows=2224569 loops=1)
                    Buckets: 131072  Batches: 32  Memory Usage: 3472kB
                    ->  Seq Scan on title t  (cost=0.00..67604.59 rows=2226390 width=4) (actual time=0.020..1460.593 rows=2224569 loops=1)
                          Filter: (production_year < 2012)
                          Rows Removed by Filter: 303743
Planning time: 1.176 ms
Execution time: 56631.008 ms
