Seq Scan on movie_keyword mk  (cost=0.00..81003.12 rows=1047150 width=0) (actual time=0.024..1447.538 rows=1057628 loops=1)
  Filter: (keyword_id > 16686)
  Rows Removed by Filter: 3466302
Planning time: 0.390 ms
Execution time: 1578.722 ms
