Seq Scan on movie_keyword mk  (cost=0.00..81003.12 rows=246 width=0) (actual time=6.036..1158.470 rows=209 loops=1)
  Filter: (keyword_id = 7324)
  Rows Removed by Filter: 4523721
Planning time: 0.385 ms
Execution time: 1158.693 ms
