Seq Scan on movie_companies mc  (cost=0.00..57926.93 rows=64313 width=0) (actual time=0.029..842.855 rows=111266 loops=1)
  Filter: ((company_id < 27) AND (company_type_id < 2))
  Rows Removed by Filter: 2497863
Planning time: 0.341 ms
Execution time: 857.129 ms
