Seq Scan on cast_info ci  (cost=0.00..705507.15 rows=28564635 width=0) (actual time=0.018..13339.763 rows=28676725 loops=1)
  Filter: (person_id > 733274)
  Rows Removed by Filter: 7567619
Planning time: 0.345 ms
Execution time: 16849.542 ms
