Hash Join  (cost=83072.36..833862.39 rows=85 width=0) (actual time=1338.590..15605.299 rows=727 loops=1)
  Hash Cond: (ci.movie_id = t.id)
  ->  Seq Scan on cast_info ci  (cost=0.00..614943.12 rows=36225612 width=4) (actual time=0.024..7914.707 rows=36244344 loops=1)
  ->  Hash  (cost=83072.29..83072.29 rows=6 width=8) (actual time=1313.891..1313.891 rows=9 loops=1)
        Buckets: 1024  Batches: 1  Memory Usage: 9kB
        ->  Nested Loop  (cost=0.43..83072.29 rows=6 width=8) (actual time=103.432..1313.850 rows=9 loops=1)
              ->  Seq Scan on movie_keyword mk  (cost=0.00..81003.12 rows=246 width=4) (actual time=0.022..1206.930 rows=317 loops=1)
                    Filter: (keyword_id = 12053)
                    Rows Removed by Filter: 4523613
              ->  Index Scan using title_pkey on title t  (cost=0.43..8.40 rows=1 width=4) (actual time=0.335..0.335 rows=0 loops=317)
                    Index Cond: (id = mk.movie_id)
                    Filter: (production_year = 2002)
                    Rows Removed by Filter: 1
Planning time: 1.144 ms
Execution time: 15605.994 ms
