Hash Join  (cost=172300.91..259804.13 rows=84518 width=0) (actual time=3152.918..5649.582 rows=755816 loops=1)
  Hash Cond: (mk.movie_id = t.id)
  ->  Seq Scan on movie_keyword mk  (cost=0.00..69693.30 rows=4523930 width=4) (actual time=0.021..1004.257 rows=4523930 loops=1)
  ->  Hash  (cost=171710.43..171710.43 rows=47239 width=8) (actual time=3091.124..3091.124 rows=93072 loops=1)
        Buckets: 131072 (originally 65536)  Batches: 2 (originally 1)  Memory Usage: 3073kB
        ->  Hash Join  (cost=102767.86..171710.43 rows=47239 width=8) (actual time=1920.054..3053.654 rows=93072 loops=1)
              Hash Cond: (mc.movie_id = t.id)
              ->  Seq Scan on movie_companies mc  (cost=0.00..57926.93 rows=47239 width=4) (actual time=0.019..570.678 rows=93072 loops=1)
                    Filter: ((company_id > 161786) AND (company_type_id > 1))
                    Rows Removed by Filter: 2516057
              ->  Hash  (cost=61283.27..61283.27 rows=2528527 width=4) (actual time=1919.043..1919.043 rows=2528312 loops=1)
                    Buckets: 131072  Batches: 64  Memory Usage: 2415kB
                    ->  Seq Scan on title t  (cost=0.00..61283.27 rows=2528527 width=4) (actual time=0.020..1113.278 rows=2528312 loops=1)
Planning time: 1.132 ms
Execution time: 5743.353 ms
