Seq Scan on cast_info ci  (cost=0.00..796071.18 rows=302865 width=0) (actual time=5630.876..14884.511 rows=297248 loops=1)
  Filter: ((person_id > 463755) AND (role_id > 10))
  Rows Removed by Filter: 35947096
Planning time: 0.359 ms
Execution time: 14921.165 ms
