Hash Join  (cost=194207.27..328939.03 rows=1044772 width=0) (actual time=3740.510..8249.760 rows=6776599 loops=1)
  Hash Cond: (mk.movie_id = t.id)
  ->  Seq Scan on movie_keyword mk  (cost=0.00..69693.30 rows=4523930 width=4) (actual time=0.013..1505.578 rows=4523930 loops=1)
  ->  Hash  (cost=184625.93..184625.93 rows=583947 width=8) (actual time=3739.625..3739.625 rows=316922 loops=1)
        Buckets: 131072  Batches: 8  Memory Usage: 2599kB
        ->  Hash Join  (cost=102767.86..184625.93 rows=583947 width=8) (actual time=2390.302..3643.066 rows=316922 loops=1)
              Hash Cond: (mc.movie_id = t.id)
              ->  Seq Scan on movie_companies mc  (cost=0.00..57926.93 rows=583947 width=4) (actual time=397.226..967.897 rows=316922 loops=1)
                    Filter: ((company_id > 12323) AND (company_type_id = 1))
                    Rows Removed by Filter: 2292207
              ->  Hash  (cost=61283.27..61283.27 rows=2528527 width=4) (actual time=1992.030..1992.030 rows=2528312 loops=1)
                    Buckets: 131072  Batches: 64  Memory Usage: 2415kB
                    ->  Seq Scan on title t  (cost=0.00..61283.27 rows=2528527 width=4) (actual time=0.014..1139.407 rows=2528312 loops=1)
Planning time: 1.183 ms
Execution time: 8875.165 ms
