Seq Scan on movie_keyword mk  (cost=0.00..81003.12 rows=246 width=0) (actual time=49.092..1240.782 rows=29 loops=1)
  Filter: (keyword_id = 20614)
  Rows Removed by Filter: 4523901
Planning time: 0.387 ms
Execution time: 1240.893 ms
