Hash Join  (cost=89532.49..178113.72 rows=981570 width=0) (actual time=1540.071..4288.328 rows=1832790 loops=1)
  Hash Cond: (mc.movie_id = t.id)
  ->  Seq Scan on movie_companies mc  (cost=0.00..44881.29 rows=2609129 width=4) (actual time=0.022..886.044 rows=2609129 loops=1)
  ->  Hash  (cost=73925.90..73925.90 rows=951247 width=4) (actual time=1539.033..1539.033 rows=953271 loops=1)
        Buckets: 131072  Batches: 16  Memory Usage: 3118kB
        ->  Seq Scan on title t  (cost=0.00..73925.90 rows=951247 width=4) (actual time=0.011..1234.671 rows=953271 loops=1)
              Filter: ((kind_id < 7) AND (production_year > 1909))
              Rows Removed by Filter: 1575041
Planning time: 0.739 ms
Execution time: 4468.325 ms
