Hash Join  (cost=81417.85..470452.57 rows=554096 width=0) (actual time=5346.412..8707.865 rows=653329 loops=1)
  Hash Cond: (mi.movie_id = t.id)
  ->  Seq Scan on movie_info mi  (cost=0.00..346232.03 rows=3068194 width=4) (actual time=2713.311..5786.761 rows=3036719 loops=1)
        Filter: (info_type_id = 16)
        Rows Removed by Filter: 11799001
  ->  Hash  (cost=73925.90..73925.90 rows=456636 width=4) (actual time=1343.867..1343.867 rows=330279 loops=1)
        Buckets: 131072  Batches: 8  Memory Usage: 2490kB
        ->  Seq Scan on title t  (cost=0.00..73925.90 rows=456636 width=4) (actual time=173.033..1231.556 rows=330279 loops=1)
              Filter: ((production_year > 1991) AND (kind_id = 1))
              Rows Removed by Filter: 2198033
Planning time: 1.279 ms
Execution time: 8788.200 ms
