Hash Join  (cost=84618.84..216071.91 rows=873212 width=0) (actual time=1455.841..5252.122 rows=2415394 loops=1)
  Hash Cond: (mk.movie_id = t.id)
  ->  Seq Scan on movie_keyword mk  (cost=0.00..81003.12 rows=3387685 width=4) (actual time=0.024..1620.864 rows=3377245 loops=1)
        Filter: (keyword_id < 16264)
        Rows Removed by Filter: 1146685
  ->  Hash  (cost=73925.90..73925.90 rows=651755 width=4) (actual time=1454.752..1454.752 rows=711179 loops=1)
        Buckets: 131072  Batches: 16  Memory Usage: 2598kB
        ->  Seq Scan on title t  (cost=0.00..73925.90 rows=651755 width=4) (actual time=0.035..1230.518 rows=711179 loops=1)
              Filter: ((kind_id < 7) AND (production_year < 2008))
              Rows Removed by Filter: 1817133
Planning time: 0.711 ms
Execution time: 5536.613 ms
