Hash Join  (cost=863246.45..2931170.56 rows=78050562 width=0) (actual time=23917.267..83103.883 rows=124126820 loops=1)
  Hash Cond: (ci.movie_id = t.id)
  ->  Seq Scan on cast_info ci  (cost=0.00..796071.18 rows=19834690 width=4) (actual time=0.019..17545.721 rows=18763552 loops=1)
        Filter: ((person_id > 1322627) AND (role_id < 10))
        Rows Removed by Filter: 17480792
  ->  Hash  (cost=700005.85..700005.85 rows=9949888 width=8) (actual time=23913.113..23913.113 rows=8797203 loops=1)
        Buckets: 131072  Batches: 256  Memory Usage: 2340kB
        ->  Hash Join  (cost=95609.14..700005.85 rows=9949888 width=8) (actual time=1987.599..20646.489 rows=8797203 loops=1)
              Hash Cond: (mi.movie_id = t.id)
              ->  Seq Scan on movie_info mi  (cost=0.00..309384.22 rows=14739122 width=4) (actual time=0.014..6075.788 rows=14835720 loops=1)
              ->  Hash  (cost=67604.59..67604.59 rows=1706924 width=4) (actual time=1986.055..1986.055 rows=1700316 loops=1)
                    Buckets: 131072  Batches: 32  Memory Usage: 2903kB
                    ->  Seq Scan on title t  (cost=0.00..67604.59 rows=1706924 width=4) (actual time=0.017..1452.203 rows=1700316 loops=1)
                          Filter: (production_year > 1992)
                          Rows Removed by Filter: 827996
Planning time: 1.060 ms
Execution time: 96562.861 ms
