Hash Join  (cost=96356.06..1282988.61 rows=16649134 width=0) (actual time=1812.809..36537.850 rows=17528661 loops=1)
  Hash Cond: (ci.movie_id = t.id)
  ->  Seq Scan on cast_info ci  (cost=0.00..705507.15 rows=24022411 width=4) (actual time=0.008..16463.656 rows=24130698 loops=1)
        Filter: (role_id < 4)
        Rows Removed by Filter: 12113646
  ->  Hash  (cost=67604.59..67604.59 rows=1752438 width=4) (actual time=1811.943..1811.943 rows=1749032 loops=1)
        Buckets: 131072  Batches: 32  Memory Usage: 2950kB
        ->  Seq Scan on title t  (cost=0.00..67604.59 rows=1752438 width=4) (actual time=0.016..1247.089 rows=1749032 loops=1)
              Filter: (production_year > 1990)
              Rows Removed by Filter: 779280
Planning time: 0.809 ms
Execution time: 38536.092 ms
