Hash Join  (cost=102767.86..976938.24 rows=2835151 width=0) (actual time=3676.247..16624.487 rows=3303432 loops=1)
  Hash Cond: (ci.movie_id = t.id)
  ->  Seq Scan on cast_info ci  (cost=0.00..796071.18 rows=2835151 width=4) (actual time=1769.352..11690.734 rows=3303432 loops=1)
        Filter: ((person_id < 398145) AND (role_id < 4))
        Rows Removed by Filter: 32940912
  ->  Hash  (cost=61283.27..61283.27 rows=2528527 width=4) (actual time=1892.505..1892.505 rows=2528312 loops=1)
        Buckets: 131072  Batches: 64  Memory Usage: 2415kB
        ->  Seq Scan on title t  (cost=0.00..61283.27 rows=2528527 width=4) (actual time=0.036..1078.269 rows=2528312 loops=1)
Planning time: 0.742 ms
Execution time: 17012.944 ms
