Hash Join  (cost=97151.21..1213753.80 rows=13231061 width=0) (actual time=1864.645..33363.674 rows=12648545 loops=1)
  Hash Cond: (ci.movie_id = t.id)
  ->  Seq Scan on cast_info ci  (cost=0.00..705507.15 rows=23632755 width=4) (actual time=0.013..15321.838 rows=23704107 loops=1)
        Filter: (person_id > 1235974)
        Rows Removed by Filter: 12540237
  ->  Hash  (cost=73925.90..73925.90 rows=1415624 width=4) (actual time=1863.415..1863.415 rows=1398720 loops=1)
        Buckets: 131072  Batches: 32  Memory Usage: 2560kB
        ->  Seq Scan on title t  (cost=0.00..73925.90 rows=1415624 width=4) (actual time=0.020..1421.639 rows=1398720 loops=1)
              Filter: ((kind_id > 1) AND (production_year < 2010))
              Rows Removed by Filter: 1129592
Planning time: 0.754 ms
Execution time: 34777.036 ms
