Hash Join  (cost=181078.66..318263.01 rows=1246131 width=0) (actual time=5652.667..7970.127 rows=901863 loops=1)
  Hash Cond: (mk.movie_id = t.id)
  ->  Seq Scan on movie_keyword mk  (cost=0.00..69693.30 rows=4523930 width=4) (actual time=0.011..1425.861 rows=4523930 loops=1)
  ->  Hash  (cost=169651.53..169651.53 rows=696491 width=8) (actual time=3717.963..3717.963 rows=287550 loops=1)
        Buckets: 131072  Batches: 16  Memory Usage: 1714kB
        ->  Hash Join  (cost=85000.09..169651.53 rows=696491 width=8) (actual time=1420.316..3635.734 rows=287550 loops=1)
              Hash Cond: (mc.movie_id = t.id)
              ->  Seq Scan on movie_companies mc  (cost=0.00..44881.29 rows=2609129 width=4) (actual time=0.021..901.935 rows=2609129 loops=1)
              ->  Hash  (cost=73925.90..73925.90 rows=674975 width=4) (actual time=1419.034..1419.034 rows=739679 loops=1)
                    Buckets: 131072  Batches: 16  Memory Usage: 2654kB
                    ->  Seq Scan on title t  (cost=0.00..73925.90 rows=674975 width=4) (actual time=0.013..1181.077 rows=739679 loops=1)
                          Filter: ((production_year > 2004) AND (kind_id = 7))
                          Rows Removed by Filter: 1788633
Planning time: 1.193 ms
Execution time: 8069.965 ms
