Hash Join  (cost=285060.99..1696580.70 rows=32361053 width=0) (actual time=6844.314..63656.217 rows=105760210 loops=1)
  Hash Cond: (ci.movie_id = t.id)
  ->  Seq Scan on cast_info ci  (cost=0.00..614943.12 rows=36225612 width=4) (actual time=0.016..13538.359 rows=36244344 loops=1)
  ->  Hash  (cost=248002.21..248002.21 rows=2258783 width=8) (actual time=6842.712..6842.712 rows=2262036 loops=1)
        Buckets: 131072  Batches: 32  Memory Usage: 3771kB
        ->  Hash Join  (cost=102767.86..248002.21 rows=2258783 width=8) (actual time=1999.984..6131.331 rows=2262036 loops=1)
              Hash Cond: (mk.movie_id = t.id)
              ->  Seq Scan on movie_keyword mk  (cost=0.00..81003.12 rows=2258783 width=4) (actual time=0.019..1600.496 rows=2262036 loops=1)
                    Filter: (keyword_id < 4704)
                    Rows Removed by Filter: 2261894
              ->  Hash  (cost=61283.27..61283.27 rows=2528527 width=4) (actual time=1998.814..1998.814 rows=2528312 loops=1)
                    Buckets: 131072  Batches: 64  Memory Usage: 2425kB
                    ->  Seq Scan on title t  (cost=0.00..61283.27 rows=2528527 width=4) (actual time=0.029..1132.616 rows=2528312 loops=1)
Planning time: 1.000 ms
Execution time: 74897.438 ms
