Nested Loop  (cost=0.43..83072.90 rows=48 width=0) (actual time=0.871..1333.672 rows=565 loops=1)
  ->  Seq Scan on movie_keyword mk  (cost=0.00..81003.12 rows=246 width=4) (actual time=0.838..1300.754 rows=946 loops=1)
        Filter: (keyword_id = 7778)
        Rows Removed by Filter: 4522984
  ->  Index Scan using title_pkey on title t  (cost=0.43..8.40 rows=1 width=4) (actual time=0.033..0.034 rows=1 loops=946)
        Index Cond: (id = mk.movie_id)
        Filter: ((kind_id < 7) AND (production_year < 2004))
        Rows Removed by Filter: 0
Planning time: 0.811 ms
Execution time: 1333.993 ms
