Seq Scan on cast_info ci  (cost=0.00..705507.15 rows=500 width=0) (actual time=6083.959..10552.715 rows=792 loops=1)
  Filter: (person_id = 2346963)
  Rows Removed by Filter: 36243552
Planning time: 0.366 ms
Execution time: 10552.919 ms
