Nested Loop  (cost=0.43..799160.00 rows=369 width=0) (actual time=12301.604..14584.204 rows=21 loops=1)
  ->  Seq Scan on cast_info ci  (cost=0.00..796071.18 rows=369 width=4) (actual time=12301.411..14583.566 rows=21 loops=1)
        Filter: ((role_id < 5) AND (person_id = 2171767))
        Rows Removed by Filter: 36244323
  ->  Index Only Scan using title_pkey on title t  (cost=0.43..8.36 rows=1 width=4) (actual time=0.026..0.026 rows=1 loops=21)
        Index Cond: (id = ci.movie_id)
        Heap Fetches: 21
Planning time: 0.822 ms
Execution time: 14584.290 ms
