Hash Join  (cost=215748.15..1413835.69 rows=15992337 width=0) (actual time=5285.745..47609.054 rows=39911386 loops=1)
  Hash Cond: (ci.movie_id = t.id)
  ->  Seq Scan on cast_info ci  (cost=0.00..614943.12 rows=36225612 width=4) (actual time=0.020..13860.291 rows=36244344 loops=1)
  ->  Hash  (cost=197433.95..197433.95 rows=1116256 width=8) (actual time=5284.749..5284.749 rows=1014345 loops=1)
        Buckets: 131072  Batches: 16  Memory Usage: 3482kB
        ->  Hash Join  (cost=102767.86..197433.95 rows=1116256 width=8) (actual time=2570.051..5008.684 rows=1014345 loops=1)
              Hash Cond: (mc.movie_id = t.id)
              ->  Seq Scan on movie_companies mc  (cost=0.00..57926.93 rows=1116256 width=4) (actual time=0.031..1269.027 rows=1014345 loops=1)
                    Filter: ((company_id > 160) AND (company_type_id < 2))
                    Rows Removed by Filter: 1594784
              ->  Hash  (cost=61283.27..61283.27 rows=2528527 width=4) (actual time=2568.812..2568.812 rows=2528312 loops=1)
                    Buckets: 131072  Batches: 64  Memory Usage: 2415kB
                    ->  Seq Scan on title t  (cost=0.00..61283.27 rows=2528527 width=4) (actual time=0.019..1128.676 rows=2528312 loops=1)
Planning time: 1.196 ms
Execution time: 51889.487 ms
