Seq Scan on movie_keyword mk  (cost=0.00..81003.12 rows=246 width=0) (actual time=39.698..1246.605 rows=27 loops=1)
  Filter: (keyword_id = 13078)
  Rows Removed by Filter: 4523903
Planning time: 0.424 ms
Execution time: 1246.719 ms
