Seq Scan on movie_companies mc  (cost=0.00..57926.93 rows=341618 width=0) (actual time=367.142..924.174 rows=187877 loops=1)
  Filter: ((company_id < 995) AND (company_type_id > 1))
  Rows Removed by Filter: 2421252
Planning time: 0.369 ms
Execution time: 946.805 ms
