Seq Scan on movie_keyword mk  (cost=0.00..81003.12 rows=1787059 width=0) (actual time=0.023..1445.314 rows=1796308 loops=1)
  Filter: (keyword_id < 2905)
  Rows Removed by Filter: 2727622
Planning time: 0.315 ms
Execution time: 1675.419 ms
