Seq Scan on movie_keyword mk  (cost=0.00..81003.12 rows=246 width=0) (actual time=1.237..1160.650 rows=664 loops=1)
  Filter: (keyword_id = 5529)
  Rows Removed by Filter: 4523266
Planning time: 0.174 ms
Execution time: 1160.975 ms
