Hash Join  (cost=91879.05..182494.92 rows=1129134 width=0) (actual time=1612.103..3990.233 rows=522971 loops=1)
  Hash Cond: (mc.movie_id = t.id)
  ->  Seq Scan on movie_companies mc  (cost=0.00..44881.29 rows=2609129 width=4) (actual time=0.018..928.928 rows=2609129 loops=1)
  ->  Hash  (cost=73925.90..73925.90 rows=1094252 width=4) (actual time=1610.996..1610.996 rows=1044222 loops=1)
        Buckets: 131072  Batches: 16  Memory Usage: 3319kB
        ->  Seq Scan on title t  (cost=0.00..73925.90 rows=1094252 width=4) (actual time=193.220..1291.443 rows=1044222 loops=1)
              Filter: ((production_year < 2009) AND (kind_id = 7))
              Rows Removed by Filter: 1484090
Planning time: 0.846 ms
Execution time: 4049.013 ms
