Hash Join  (cost=130175.09..494888.89 rows=5788 width=0) (actual time=2217.162..9680.198 rows=218048 loops=1)
  Hash Cond: (mi.movie_id = t.id)
  ->  Seq Scan on movie_info mi  (cost=0.00..309384.22 rows=14739122 width=4) (actual time=0.015..4486.717 rows=14835720 loops=1)
  ->  Hash  (cost=130162.67..130162.67 rows=993 width=8) (actual time=2216.918..2216.918 rows=4908 loops=1)
        Buckets: 8192 (originally 1024)  Batches: 1 (originally 1)  Memory Usage: 256kB
        ->  Hash Join  (cost=73950.44..130162.67 rows=993 width=8) (actual time=1092.155..2214.866 rows=4908 loops=1)
              Hash Cond: (mc.movie_id = t.id)
              ->  Seq Scan on movie_companies mc  (cost=0.00..51404.11 rows=1279517 width=4) (actual time=0.015..913.803 rows=1274246 loops=1)
                    Filter: (company_type_id = 1)
                    Rows Removed by Filter: 1334883
              ->  Hash  (cost=73925.90..73925.90 rows=1963 width=4) (actual time=1092.046..1092.046 rows=4252 loops=1)
                    Buckets: 8192 (originally 2048)  Batches: 1 (originally 1)  Memory Usage: 214kB
                    ->  Seq Scan on title t  (cost=0.00..73925.90 rows=1963 width=4) (actual time=0.043..1089.951 rows=4252 loops=1)
                          Filter: ((kind_id = 1) AND (production_year = 1972))
                          Rows Removed by Filter: 2524060
Planning time: 0.791 ms
Execution time: 9709.613 ms
