Seq Scan on cast_info ci  (cost=0.00..705507.15 rows=19857938 width=0) (actual time=0.023..13084.063 rows=19743783 loops=1)
  Filter: (person_id < 1979478)
  Rows Removed by Filter: 16500561
Planning time: 0.330 ms
Execution time: 15513.586 ms
