Hash Join  (cost=82778.48..596144.43 rows=3145202 width=0) (actual time=1407.773..14503.423 rows=1616765 loops=1)
  Hash Cond: (mi.movie_id = t.id)
  ->  Seq Scan on movie_info mi  (cost=0.00..309384.22 rows=14739122 width=4) (actual time=0.022..6120.547 rows=14835720 loops=1)
  ->  Hash  (cost=73925.90..73925.90 rows=539566 width=4) (actual time=1406.992..1406.992 rows=428248 loops=1)
        Buckets: 131072  Batches: 8  Memory Usage: 2896kB
        ->  Seq Scan on title t  (cost=0.00..73925.90 rows=539566 width=4) (actual time=162.349..1264.901 rows=428248 loops=1)
              Filter: ((production_year < 1997) AND (kind_id = 7))
              Rows Removed by Filter: 2100064
Planning time: 7.948 ms
Execution time: 14690.482 ms
