Hash Join  (cost=97651.71..136453.29 rows=263648 width=0) (actual time=1912.268..2865.984 rows=190067 loops=1)
  Hash Cond: (mi_idx.movie_id = t.id)
  ->  Seq Scan on movie_info_idx mi_idx  (cost=0.00..25185.44 rows=460978 width=4) (actual time=0.027..420.600 rows=459925 loops=1)
        Filter: (info_type_id < 100)
        Rows Removed by Filter: 920110
  ->  Hash  (cost=73925.90..73925.90 rows=1446144 width=4) (actual time=1910.948..1910.948 rows=1429781 loops=1)
        Buckets: 131072  Batches: 32  Memory Usage: 2594kB
        ->  Seq Scan on title t  (cost=0.00..73925.90 rows=1446144 width=4) (actual time=0.027..1451.586 rows=1429781 loops=1)
              Filter: ((kind_id > 2) AND (production_year < 2011))
              Rows Removed by Filter: 1098531
Planning time: 0.760 ms
Execution time: 2889.544 ms
