Seq Scan on movie_keyword mk  (cost=0.00..81003.12 rows=246 width=0) (actual time=98.247..1301.480 rows=6 loops=1)
  Filter: (keyword_id = 60236)
  Rows Removed by Filter: 4523924
Planning time: 0.356 ms
Execution time: 1301.563 ms
