Seq Scan on cast_info ci  (cost=0.00..705507.15 rows=500 width=0) (actual time=1282.657..10930.418 rows=318 loops=1)
  Filter: (person_id = 467069)
  Rows Removed by Filter: 36244026
Planning time: 0.357 ms
Execution time: 10930.570 ms
