Hash Join  (cost=76690.42..1191991.62 rows=7933403 width=0) (actual time=1279.233..33183.440 rows=6623051 loops=1)
  Hash Cond: (ci.movie_id = t.id)
  ->  Seq Scan on cast_info ci  (cost=0.00..614943.12 rows=36225612 width=4) (actual time=0.011..12877.301 rows=36244344 loops=1)
  ->  Hash  (cost=67604.59..67604.59 rows=553747 width=4) (actual time=1278.245..1278.245 rows=552960 loops=1)
        Buckets: 131072  Batches: 8  Memory Usage: 3445kB
        ->  Seq Scan on title t  (cost=0.00..67604.59 rows=553747 width=4) (actual time=0.031..1100.748 rows=552960 loops=1)
              Filter: (production_year < 1983)
              Rows Removed by Filter: 1975352
Planning time: 0.730 ms
Execution time: 33948.447 ms
