Hash Join  (cost=811206.54..3297838.29 rows=110570646 width=0) (actual time=17959.852..71595.807 rows=79019100 loops=1)
  Hash Cond: (ci.movie_id = t.id)
  ->  Seq Scan on cast_info ci  (cost=0.00..614943.12 rows=36225612 width=4) (actual time=0.019..13495.316 rows=36244344 loops=1)
  ->  Hash  (cost=684586.44..684586.44 rows=7717768 width=8) (actual time=17958.327..17958.327 rows=3442295 loops=1)
        Buckets: 131072  Batches: 128  Memory Usage: 2043kB
        ->  Hash Join  (cost=92883.59..684586.44 rows=7717768 width=8) (actual time=1700.126..16926.606 rows=3442295 loops=1)
              Hash Cond: (mi.movie_id = t.id)
              ->  Seq Scan on movie_info mi  (cost=0.00..346232.03 rows=12665229 width=4) (actual time=0.028..7734.941 rows=12744652 loops=1)
                    Filter: (info_type_id > 2)
                    Rows Removed by Filter: 2091068
              ->  Hash  (cost=67604.59..67604.59 rows=1540800 width=4) (actual time=1698.668..1698.668 rows=1543264 loops=1)
                    Buckets: 131072  Batches: 32  Memory Usage: 2728kB
                    ->  Seq Scan on title t  (cost=0.00..67604.59 rows=1540800 width=4) (actual time=0.005..1169.667 rows=1543264 loops=1)
                          Filter: (kind_id = 7)
                          Rows Removed by Filter: 985048
Planning time: 1.036 ms
Execution time: 80578.722 ms
