Hash Join  (cost=73956.69..825098.73 rows=35287 width=0) (actual time=589.196..15046.288 rows=61629 loops=1)
  Hash Cond: (ci.movie_id = t.id)
  ->  Seq Scan on cast_info ci  (cost=0.00..614943.12 rows=36225612 width=4) (actual time=0.023..7429.800 rows=36244344 loops=1)
  ->  Hash  (cost=73925.90..73925.90 rows=2463 width=4) (actual time=588.718..588.718 rows=3040 loops=1)
        Buckets: 4096  Batches: 1  Memory Usage: 139kB
        ->  Seq Scan on title t  (cost=0.00..73925.90 rows=2463 width=4) (actual time=0.095..587.170 rows=3040 loops=1)
              Filter: ((kind_id = 3) AND (production_year = 2002))
              Rows Removed by Filter: 2525272
Planning time: 1.116 ms
Execution time: 15059.720 ms
