Hash Join  (cost=69140.02..1116712.59 rows=1340340 width=0) (actual time=1135.700..26787.126 rows=384504 loops=1)
  Hash Cond: (ci.movie_id = t.id)
  ->  Seq Scan on cast_info ci  (cost=0.00..614943.12 rows=36225612 width=4) (actual time=0.007..12614.115 rows=36244344 loops=1)
  ->  Hash  (cost=67604.59..67604.59 rows=93555 width=4) (actual time=1128.522..1128.522 rows=92899 loops=1)
        Buckets: 131072  Batches: 2  Memory Usage: 2656kB
        ->  Seq Scan on title t  (cost=0.00..67604.59 rows=93555 width=4) (actual time=433.277..1094.423 rows=92899 loops=1)
              Filter: (production_year < 1922)
              Rows Removed by Filter: 2435413
Planning time: 6.584 ms
Execution time: 26839.515 ms
