Seq Scan on movie_keyword mk  (cost=0.00..81003.12 rows=1457414 width=0) (actual time=0.018..1499.149 rows=1467948 loops=1)
  Filter: (keyword_id > 11248)
  Rows Removed by Filter: 3055982
Planning time: 0.234 ms
Execution time: 1684.959 ms
