Hash Join  (cost=477978.59..520090.93 rows=257586 width=0) (actual time=8986.024..10669.463 rows=1299079 loops=1)
  Hash Cond: (mi_idx.movie_id = t.id)
  ->  Seq Scan on movie_info_idx mi_idx  (cost=0.00..21735.35 rows=1380035 width=4) (actual time=0.013..460.394 rows=1380035 loops=1)
  ->  Hash  (cost=470235.15..470235.15 rows=471955 width=8) (actual time=8985.296..8985.296 rows=543367 loops=1)
        Buckets: 131072  Batches: 8  Memory Usage: 3673kB
        ->  Hash Join  (cost=102767.86..470235.15 rows=471955 width=8) (actual time=7589.004..8850.539 rows=543367 loops=1)
              Hash Cond: (mi.movie_id = t.id)
              ->  Seq Scan on movie_info mi  (cost=0.00..346232.03 rows=471955 width=4) (actual time=5128.153..5610.530 rows=543367 loops=1)
                    Filter: (info_type_id > 98)
                    Rows Removed by Filter: 14292353
              ->  Hash  (cost=61283.27..61283.27 rows=2528527 width=4) (actual time=2458.371..2458.371 rows=2528312 loops=1)
                    Buckets: 131072  Batches: 64  Memory Usage: 2425kB
                    ->  Seq Scan on title t  (cost=0.00..61283.27 rows=2528527 width=4) (actual time=0.028..1187.946 rows=2528312 loops=1)
Planning time: 1.167 ms
Execution time: 10811.374 ms
