Seq Scan on movie_info mi  (cost=0.00..346232.03 rows=1062108 width=0) (actual time=3397.229..5510.988 rows=1115380 loops=1)
  Filter: (info_type_id > 63)
  Rows Removed by Filter: 13720340
Planning time: 0.321 ms
Execution time: 5655.104 ms
