Hash Join  (cost=101285.65..853492.44 rows=141765 width=0) (actual time=1769.384..18060.867 rows=259557 loops=1)
  Hash Cond: (ci.movie_id = t.id)
  ->  Seq Scan on cast_info ci  (cost=0.00..614943.12 rows=36225612 width=4) (actual time=0.018..8683.355 rows=36244344 loops=1)
  ->  Hash  (cost=101161.96..101161.96 rows=9895 width=8) (actual time=1768.733..1768.733 rows=7221 loops=1)
        Buckets: 16384  Batches: 1  Memory Usage: 411kB
        ->  Hash Join  (cost=74152.53..101161.96 rows=9895 width=8) (actual time=1166.201..1766.123 rows=7221 loops=1)
              Hash Cond: (mi_idx.movie_id = t.id)
              ->  Seq Scan on movie_info_idx mi_idx  (cost=0.00..21735.35 rows=1380035 width=4) (actual time=0.015..302.570 rows=1380035 loops=1)
              ->  Hash  (cost=73925.90..73925.90 rows=18130 width=4) (actual time=1166.013..1166.013 rows=18886 loops=1)
                    Buckets: 32768  Batches: 1  Memory Usage: 920kB
                    ->  Seq Scan on title t  (cost=0.00..73925.90 rows=18130 width=4) (actual time=0.029..1157.601 rows=18886 loops=1)
                          Filter: ((kind_id = 7) AND (production_year = 1994))
                          Rows Removed by Filter: 2509426
Planning time: 1.241 ms
Execution time: 18096.924 ms
