Hash Join  (cost=135643.91..266182.04 rows=700609 width=0) (actual time=3033.518..7207.034 rows=4144263 loops=1)
  Hash Cond: (mk.movie_id = t.id)
  ->  Seq Scan on movie_keyword mk  (cost=0.00..69693.30 rows=4523930 width=4) (actual time=0.014..1330.510 rows=4523930 loops=1)
  ->  Hash  (cost=129219.09..129219.09 rows=391586 width=8) (actual time=3032.768..3032.768 rows=477288 loops=1)
        Buckets: 131072  Batches: 8  Memory Usage: 3379kB
        ->  Hash Join  (cost=85280.32..129219.09 rows=391586 width=8) (actual time=1570.281..2885.796 rows=477288 loops=1)
              Hash Cond: (mi_idx.movie_id = t.id)
              ->  Seq Scan on movie_info_idx mi_idx  (cost=0.00..25185.44 rows=919057 width=4) (actual time=0.027..515.384 rows=920110 loops=1)
                    Filter: (info_type_id > 99)
                    Rows Removed by Filter: 459925
              ->  Hash  (cost=67604.59..67604.59 rows=1077339 width=4) (actual time=1569.211..1569.211 rows=1074765 loops=1)
                    Buckets: 131072  Batches: 16  Memory Usage: 3388kB
                    ->  Seq Scan on title t  (cost=0.00..67604.59 rows=1077339 width=4) (actual time=0.025..1235.139 rows=1074765 loops=1)
                          Filter: (production_year < 2001)
                          Rows Removed by Filter: 1453547
Planning time: 1.157 ms
Execution time: 7691.655 ms
