Seq Scan on movie_keyword mk  (cost=0.00..81003.12 rows=2998627 width=0) (actual time=0.027..1563.010 rows=2985911 loops=1)
  Filter: (keyword_id > 2245)
  Rows Removed by Filter: 1538019
Planning time: 0.325 ms
Execution time: 1930.541 ms
