Hash Join  (cost=264672.74..446528.13 rows=4448544 width=0) (actual time=6338.105..19643.605 rows=33855026 loops=1)
  Hash Cond: (mk.movie_id = t.id)
  ->  Seq Scan on movie_keyword mk  (cost=0.00..69693.30 rows=4523930 width=4) (actual time=0.014..1463.485 rows=4523930 loops=1)
  ->  Hash  (cost=223879.84..223879.84 rows=2486392 width=8) (actual time=6336.693..6336.693 rows=2486975 loops=1)
        Buckets: 131072  Batches: 64  Memory Usage: 2613kB
        ->  Hash Join  (cost=102767.86..223879.84 rows=2486392 width=8) (actual time=2016.222..5607.442 rows=2486975 loops=1)
              Hash Cond: (mc.movie_id = t.id)
              ->  Seq Scan on movie_companies mc  (cost=0.00..51404.11 rows=2486392 width=4) (actual time=0.024..1216.207 rows=2486975 loops=1)
                    Filter: (company_id < 145171)
                    Rows Removed by Filter: 122154
              ->  Hash  (cost=61283.27..61283.27 rows=2528527 width=4) (actual time=2014.554..2014.554 rows=2528312 loops=1)
                    Buckets: 131072  Batches: 64  Memory Usage: 2415kB
                    ->  Seq Scan on title t  (cost=0.00..61283.27 rows=2528527 width=4) (actual time=0.024..1169.761 rows=2528312 loops=1)
Planning time: 1.157 ms
Execution time: 23650.674 ms
