Hash Join  (cost=127747.48..878539.51 rows=280 width=0) (actual time=2208.667..16523.455 rows=136 loops=1)
  Hash Cond: (ci.movie_id = t.id)
  ->  Seq Scan on cast_info ci  (cost=0.00..614943.12 rows=36225612 width=4) (actual time=0.026..8572.355 rows=36244344 loops=1)
  ->  Hash  (cost=127747.23..127747.23 rows=20 width=8) (actual time=1418.353..1418.353 rows=4 loops=1)
        Buckets: 1024  Batches: 1  Memory Usage: 9kB
        ->  Nested Loop  (cost=0.43..127747.23 rows=20 width=8) (actual time=195.633..1418.333 rows=4 loops=1)
              ->  Seq Scan on movie_keyword mk  (cost=0.00..81003.12 rows=6635 width=4) (actual time=0.270..1236.440 rows=6649 loops=1)
                    Filter: (keyword_id = 500)
                    Rows Removed by Filter: 4517281
              ->  Index Scan using title_pkey on title t  (cost=0.43..7.04 rows=1 width=4) (actual time=0.027..0.027 rows=0 loops=6649)
                    Index Cond: (id = mk.movie_id)
                    Filter: (production_year = 1960)
                    Rows Removed by Filter: 1
Planning time: 1.153 ms
Execution time: 16523.779 ms
