Seq Scan on cast_info ci  (cost=0.00..705507.15 rows=6595257 width=0) (actual time=68.728..11372.727 rows=6525197 loops=1)
  Filter: (person_id < 629593)
  Rows Removed by Filter: 29719147
Planning time: 1.176 ms
Execution time: 12199.702 ms
