Hash Join  (cost=164497.14..1251678.18 rows=5196088 width=0) (actual time=3773.143..41255.194 rows=17235106 loops=1)
  Hash Cond: (ci.movie_id = t.id)
  ->  Seq Scan on cast_info ci  (cost=0.00..614943.12 rows=36225612 width=4) (actual time=0.023..13210.916 rows=36244344 loops=1)
  ->  Hash  (cost=158546.59..158546.59 rows=362684 width=8) (actual time=3772.198..3772.198 rows=726479 loops=1)
        Buckets: 131072 (originally 131072)  Batches: 16 (originally 8)  Memory Usage: 3073kB
        ->  Hash Join  (cost=80042.24..158546.59 rows=362684 width=8) (actual time=1494.045..3560.950 rows=726479 loops=1)
              Hash Cond: (mc.movie_id = t.id)
              ->  Seq Scan on movie_companies mc  (cost=0.00..57926.93 rows=1209753 width=4) (actual time=0.026..1108.242 rows=1280493 loops=1)
                    Filter: ((company_id > 92) AND (company_type_id = 2))
                    Rows Removed by Filter: 1328636
              ->  Hash  (cost=67604.59..67604.59 rows=758052 width=4) (actual time=1492.801..1492.801 rows=753677 loops=1)
                    Buckets: 131072  Batches: 16  Memory Usage: 2677kB
                    ->  Seq Scan on title t  (cost=0.00..67604.59 rows=758052 width=4) (actual time=0.008..1247.508 rows=753677 loops=1)
                          Filter: (kind_id < 3)
                          Rows Removed by Filter: 1774635
Planning time: 1.225 ms
Execution time: 43208.396 ms
