Hash Join  (cost=167351.46..666073.30 rows=1772791 width=0) (actual time=3424.091..16678.151 rows=1097470 loops=1)
  Hash Cond: (mi.movie_id = t.id)
  ->  Seq Scan on movie_info mi  (cost=0.00..309384.22 rows=14739122 width=4) (actual time=0.023..6125.383 rows=14835720 loops=1)
  ->  Hash  (cost=162361.89..162361.89 rows=304126 width=8) (actual time=3405.484..3405.484 rows=99566 loops=1)
        Buckets: 131072  Batches: 4  Memory Usage: 1995kB
        ->  Hash Join  (cost=87301.44..162361.89 rows=304126 width=8) (actual time=1786.266..3373.915 rows=99566 loops=1)
              Hash Cond: (mc.movie_id = t.id)
              ->  Seq Scan on movie_companies mc  (cost=0.00..57926.93 rows=943267 width=4) (actual time=0.027..1069.345 rows=788051 loops=1)
                    Filter: ((company_id > 1133) AND (company_type_id < 2))
                    Rows Removed by Filter: 1821078
              ->  Hash  (cost=73925.90..73925.90 rows=815243 width=4) (actual time=1784.854..1784.854 rows=876186 loops=1)
                    Buckets: 131072  Batches: 16  Memory Usage: 2955kB
                    ->  Seq Scan on title t  (cost=0.00..73925.90 rows=815243 width=4) (actual time=0.016..1491.132 rows=876186 loops=1)
                          Filter: ((kind_id > 1) AND (production_year > 2004))
                          Rows Removed by Filter: 1652126
Planning time: 1.252 ms
Execution time: 16804.561 ms
