Seq Scan on cast_info ci  (cost=0.00..796071.18 rows=286686 width=0) (actual time=7386.611..14753.239 rows=99817 loops=1)
  Filter: ((person_id < 2994022) AND (role_id > 10))
  Rows Removed by Filter: 36144527
Planning time: 0.362 ms
Execution time: 14766.469 ms
