Hash Join  (cost=74281.64..444581.65 rows=70132 width=0) (actual time=1827.402..7737.724 rows=126984 loops=1)
  Hash Cond: (mi.movie_id = t.id)
  ->  Seq Scan on movie_info mi  (cost=0.00..346232.03 rows=6231111 width=4) (actual time=977.175..5795.113 rows=6223494 loops=1)
        Filter: (info_type_id > 8)
        Rows Removed by Filter: 8612226
  ->  Hash  (cost=73925.90..73925.90 rows=28459 width=4) (actual time=695.768..695.768 rows=16117 loops=1)
        Buckets: 32768  Batches: 1  Memory Usage: 823kB
        ->  Seq Scan on title t  (cost=0.00..73925.90 rows=28459 width=4) (actual time=150.397..688.899 rows=16117 loops=1)
              Filter: ((kind_id = 1) AND (production_year = 2006))
              Rows Removed by Filter: 2512195
Planning time: 0.770 ms
Execution time: 7756.399 ms
