Hash Join  (cost=147788.92..1200719.29 rows=1861921 width=0) (actual time=3052.003..34472.242 rows=6888510 loops=1)
  Hash Cond: (ci.movie_id = t.id)
  ->  Seq Scan on cast_info ci  (cost=0.00..614943.12 rows=36225612 width=4) (actual time=0.013..13232.667 rows=36244344 loops=1)
  ->  Hash  (cost=145656.41..145656.41 rows=129961 width=8) (actual time=3051.235..3051.235 rows=262565 loops=1)
        Buckets: 131072 (originally 131072)  Batches: 4 (originally 2)  Memory Usage: 3616kB
        ->  Hash Join  (cost=77934.62..145656.41 rows=129961 width=8) (actual time=1348.701..2969.370 rows=262565 loops=1)
              Hash Cond: (mc.movie_id = t.id)
              ->  Seq Scan on movie_companies mc  (cost=0.00..57926.93 rows=521930 width=4) (actual time=0.012..1114.900 rows=731177 loops=1)
                    Filter: ((company_id < 6332) AND (company_type_id < 2))
                    Rows Removed by Filter: 1877952
              ->  Hash  (cost=67604.59..67604.59 rows=629603 width=4) (actual time=1347.759..1347.759 rows=622851 loops=1)
                    Buckets: 131072  Batches: 16  Memory Usage: 2387kB
                    ->  Seq Scan on title t  (cost=0.00..67604.59 rows=629603 width=4) (actual time=0.016..1146.303 rows=622851 loops=1)
                          Filter: (production_year < 1987)
                          Rows Removed by Filter: 1905461
Planning time: 1.229 ms
Execution time: 35317.112 ms
