Hash Join  (cost=855889.54..1020243.22 rows=691217 width=0) (actual time=19649.872..23664.665 rows=2405438 loops=1)
  Hash Cond: (mk.movie_id = t.id)
  ->  Seq Scan on movie_keyword mk  (cost=0.00..69693.30 rows=4523930 width=4) (actual time=0.023..1459.105 rows=4523930 loops=1)
  ->  Hash  (cost=849550.33..849550.33 rows=386337 width=8) (actual time=19648.933..19648.933 rows=489438 loops=1)
        Buckets: 131072  Batches: 8  Memory Usage: 3408kB
        ->  Hash Join  (cost=74624.40..849550.33 rows=386337 width=8) (actual time=1189.319..19138.564 rows=489438 loops=1)
              Hash Cond: (ci.movie_id = t.id)
              ->  Seq Scan on cast_info ci  (cost=0.00..705507.15 rows=17481440 width=4) (actual time=0.025..12562.813 rows=17605150 loops=1)
                    Filter: (person_id > 1856071)
                    Rows Removed by Filter: 18639194
              ->  Hash  (cost=73925.90..73925.90 rows=55880 width=4) (actual time=1188.948..1188.948 rows=43879 loops=1)
                    Buckets: 65536  Batches: 1  Memory Usage: 2055kB
                    ->  Seq Scan on title t  (cost=0.00..73925.90 rows=55880 width=4) (actual time=425.634..1172.765 rows=43879 loops=1)
                          Filter: ((production_year > 2000) AND (kind_id = 3))
                          Rows Removed by Filter: 2484433
Planning time: 6.074 ms
Execution time: 23934.076 ms
