Hash Join  (cost=185082.75..579757.79 rows=513817 width=0) (actual time=5969.922..11924.901 rows=1288364 loops=1)
  Hash Cond: (mi.movie_id = t.id)
  ->  Seq Scan on movie_info mi  (cost=0.00..346232.03 rows=3623957 width=4) (actual time=2132.623..5961.215 rows=3624977 loops=1)
        Filter: (info_type_id < 4)
        Rows Removed by Filter: 11210743
  ->  Hash  (cost=179200.47..179200.47 rows=358503 width=8) (actual time=3836.373..3836.373 rows=512706 loops=1)
        Buckets: 131072  Batches: 8  Memory Usage: 3549kB
        ->  Hash Join  (cost=102767.86..179200.47 rows=358503 width=8) (actual time=1918.447..3673.888 rows=512706 loops=1)
              Hash Cond: (mc.movie_id = t.id)
              ->  Seq Scan on movie_companies mc  (cost=0.00..57926.93 rows=358503 width=4) (actual time=0.046..960.314 rows=512706 loops=1)
                    Filter: ((company_id < 1404) AND (company_type_id = 1))
                    Rows Removed by Filter: 2096423
              ->  Hash  (cost=61283.27..61283.27 rows=2528527 width=4) (actual time=1915.790..1915.790 rows=2528312 loops=1)
                    Buckets: 131072  Batches: 64  Memory Usage: 2415kB
                    ->  Seq Scan on title t  (cost=0.00..61283.27 rows=2528527 width=4) (actual time=0.025..1060.543 rows=2528312 loops=1)
Planning time: 1.164 ms
Execution time: 12077.705 ms
