Hash Join  (cost=798791.46..1180571.79 rows=1214 width=0) (actual time=14336.888..21604.925 rows=1491 loops=1)
  Hash Cond: (mi.movie_id = t.id)
  ->  Seq Scan on movie_info mi  (cost=0.00..346232.03 rows=9476311 width=4) (actual time=0.016..6084.090 rows=9565151 loops=1)
        Filter: (info_type_id < 16)
        Rows Removed by Filter: 5270569
  ->  Hash  (cost=798787.41..798787.41 rows=324 width=8) (actual time=14243.297..14243.297 rows=129 loops=1)
        Buckets: 1024  Batches: 1  Memory Usage: 14kB
        ->  Nested Loop  (cost=0.43..798787.41 rows=324 width=8) (actual time=3514.754..14243.135 rows=129 loops=1)
              ->  Seq Scan on cast_info ci  (cost=0.00..796071.18 rows=324 width=4) (actual time=3514.572..14239.624 rows=129 loops=1)
                    Filter: ((role_id > 1) AND (person_id = 1011317))
                    Rows Removed by Filter: 36244215
              ->  Index Only Scan using title_pkey on title t  (cost=0.43..8.37 rows=1 width=4) (actual time=0.024..0.025 rows=1 loops=129)
                    Index Cond: (id = ci.movie_id)
                    Heap Fetches: 129
Planning time: 1.207 ms
Execution time: 21608.068 ms
