Hash Join  (cost=83074.74..137742.81 rows=254 width=0) (actual time=1251.089..2421.065 rows=995 loops=1)
  Hash Cond: (mc.movie_id = t.id)
  ->  Seq Scan on movie_companies mc  (cost=0.00..44881.29 rows=2609129 width=4) (actual time=0.025..726.440 rows=2609129 loops=1)
  ->  Hash  (cost=83071.67..83071.67 rows=246 width=8) (actual time=1228.952..1228.952 rows=245 loops=1)
        Buckets: 1024  Batches: 1  Memory Usage: 18kB
        ->  Nested Loop  (cost=0.43..83071.67 rows=246 width=8) (actual time=46.135..1228.707 rows=245 loops=1)
              ->  Seq Scan on movie_keyword mk  (cost=0.00..81003.12 rows=246 width=4) (actual time=46.024..1208.138 rows=245 loops=1)
                    Filter: (keyword_id = 20334)
                    Rows Removed by Filter: 4523685
              ->  Index Only Scan using title_pkey on title t  (cost=0.43..8.40 rows=1 width=4) (actual time=0.081..0.081 rows=1 loops=245)
                    Index Cond: (id = mk.movie_id)
                    Heap Fetches: 245
Planning time: 1.107 ms
Execution time: 2421.376 ms
