Hash Join  (cost=83074.55..833882.63 rows=1891 width=0) (actual time=1361.540..16461.226 rows=113 loops=1)
  Hash Cond: (ci.movie_id = t.id)
  ->  Seq Scan on cast_info ci  (cost=0.00..614943.12 rows=36225612 width=4) (actual time=0.012..8543.065 rows=36244344 loops=1)
  ->  Hash  (cost=83072.90..83072.90 rows=132 width=8) (actual time=1272.146..1272.146 rows=4 loops=1)
        Buckets: 1024  Batches: 1  Memory Usage: 9kB
        ->  Nested Loop  (cost=0.43..83072.90 rows=132 width=8) (actual time=733.993..1272.132 rows=4 loops=1)
              ->  Seq Scan on movie_keyword mk  (cost=0.00..81003.12 rows=246 width=4) (actual time=2.211..1268.198 rows=96 loops=1)
                    Filter: (keyword_id = 12026)
                    Rows Removed by Filter: 4523834
              ->  Index Scan using title_pkey on title t  (cost=0.43..8.40 rows=1 width=4) (actual time=0.037..0.037 rows=0 loops=96)
                    Index Cond: (id = mk.movie_id)
                    Filter: ((production_year < 2012) AND (kind_id = 7))
                    Rows Removed by Filter: 1
Planning time: 1.207 ms
Execution time: 16461.537 ms
