Seq Scan on cast_info ci  (cost=0.00..705507.15 rows=22083889 width=0) (actual time=616.075..12484.368 rows=22142150 loops=1)
  Filter: (person_id > 1388882)
  Rows Removed by Filter: 14102194
Planning time: 0.389 ms
Execution time: 15201.080 ms
