Hash Join  (cost=103180.16..189750.60 rows=6483 width=0) (actual time=2776.421..3512.990 rows=4406 loops=1)
  Hash Cond: (mk.movie_id = t.id)
  ->  Seq Scan on movie_keyword mk  (cost=0.00..81003.12 rows=1467330 width=4) (actual time=0.027..1370.487 rows=1484357 loops=1)
        Filter: (keyword_id < 2124)
        Rows Removed by Filter: 3039573
  ->  Hash  (cost=103040.52..103040.52 rows=11171 width=8) (actual time=1903.652..1903.652 rows=6946 loops=1)
        Buckets: 16384  Batches: 1  Memory Usage: 400kB
        ->  Hash Join  (cost=74311.74..103040.52 rows=11171 width=8) (actual time=1353.135..1900.995 rows=6946 loops=1)
              Hash Cond: (mi_idx.movie_id = t.id)
              ->  Seq Scan on movie_info_idx mi_idx  (cost=0.00..25185.44 rows=915101 width=4) (actual time=0.067..514.644 rows=919850 loops=1)
                    Filter: (info_type_id < 101)
                    Rows Removed by Filter: 460185
              ->  Hash  (cost=73925.90..73925.90 rows=30867 width=4) (actual time=1193.000..1193.000 rows=34773 loops=1)
                    Buckets: 65536 (originally 32768)  Batches: 1 (originally 1)  Memory Usage: 1735kB
                    ->  Seq Scan on title t  (cost=0.00..73925.90 rows=30867 width=4) (actual time=123.946..1177.645 rows=34773 loops=1)
                          Filter: ((kind_id = 7) AND (production_year = 1999))
                          Rows Removed by Filter: 2493539
Planning time: 2.950 ms
Execution time: 3513.796 ms
