Hash Join  (cost=71214.36..137843.17 rows=54872 width=0) (actual time=1125.312..2495.087 rows=133957 loops=1)
  Hash Cond: (mc.movie_id = t.id)
  ->  Seq Scan on movie_companies mc  (cost=0.00..57926.93 rows=630708 width=4) (actual time=0.030..924.099 rows=861149 loops=1)
        Filter: ((company_id < 11209) AND (company_type_id < 2))
        Rows Removed by Filter: 1747980
  ->  Hash  (cost=67604.59..67604.59 rows=219982 width=4) (actual time=1123.853..1123.853 rows=221115 loops=1)
        Buckets: 131072  Batches: 4  Memory Usage: 2967kB
        ->  Seq Scan on title t  (cost=0.00..67604.59 rows=219982 width=4) (actual time=0.009..1050.700 rows=221115 loops=1)
              Filter: (production_year < 1958)
              Rows Removed by Filter: 2307197
Planning time: 3.592 ms
Execution time: 2510.482 ms
