Hash Join  (cost=114328.12..463195.32 rows=19033 width=0) (actual time=3891.413..8498.062 rows=162439 loops=1)
  Hash Cond: (mi.movie_id = t.id)
  ->  Seq Scan on movie_info mi  (cost=0.00..346232.03 rows=651960 width=4) (actual time=1389.747..5615.265 rows=660923 loops=1)
        Filter: (info_type_id = 18)
        Rows Removed by Filter: 14174797
  ->  Hash  (cost=113405.40..113405.40 rows=73817 width=8) (actual time=2500.805..2500.805 rows=166908 loops=1)
        Buckets: 131072 (originally 131072)  Batches: 4 (originally 1)  Memory Usage: 3073kB
        ->  Hash Join  (cost=80569.13..113405.40 rows=73817 width=8) (actual time=1574.214..2435.185 rows=166908 loops=1)
              Hash Cond: (mi_idx.movie_id = t.id)
              ->  Seq Scan on movie_info_idx mi_idx  (cost=0.00..25185.44 rows=460978 width=4) (actual time=0.025..508.966 rows=459925 loops=1)
                    Filter: (info_type_id < 100)
                    Rows Removed by Filter: 920110
              ->  Hash  (cost=73925.90..73925.90 rows=404898 width=4) (actual time=1573.316..1573.316 rows=477683 loops=1)
                    Buckets: 131072  Batches: 8  Memory Usage: 3135kB
                    ->  Seq Scan on title t  (cost=0.00..73925.90 rows=404898 width=4) (actual time=0.035..1211.520 rows=477683 loops=1)
                          Filter: ((kind_id < 3) AND (production_year < 2005))
                          Rows Removed by Filter: 2050629
Planning time: 1.253 ms
Execution time: 8519.192 ms
