Seq Scan on cast_info ci  (cost=0.00..705507.15 rows=29143581 width=0) (actual time=0.019..14221.364 rows=29093368 loops=1)
  Filter: (person_id < 2952341)
  Rows Removed by Filter: 7150976
Planning time: 0.314 ms
Execution time: 17873.622 ms
