Hash Join  (cost=129928.86..289517.78 rows=1596972 width=106) (actual time=2876.646..6709.163 rows=1606189 loops=1)
  Hash Cond: (mk.movie_id = t.id)
  ->  Seq Scan on movie_keyword mk  (cost=0.00..81003.12 rows=1596972 width=12) (actual time=0.016..1812.893 rows=1606189 loops=1)
        Filter: (keyword_id < 2488)
        Rows Removed by Filter: 2917741
  ->  Hash  (cost=61283.27..61283.27 rows=2528527 width=94) (actual time=2872.734..2872.734 rows=2528312 loops=1)
        Buckets: 32768  Batches: 128  Memory Usage: 2470kB
        ->  Seq Scan on title t  (cost=0.00..61283.27 rows=2528527 width=94) (actual time=0.016..1297.264 rows=2528312 loops=1)
Planning time: 1.927 ms
Execution time: 6789.293 ms
