Nested Loop  (cost=0.43..83072.90 rows=1 width=0) (actual time=79.959..1308.981 rows=4 loops=1)
  ->  Seq Scan on movie_keyword mk  (cost=0.00..81003.12 rows=246 width=4) (actual time=0.778..1282.821 rows=457 loops=1)
        Filter: (keyword_id = 1071)
        Rows Removed by Filter: 4523473
  ->  Index Scan using title_pkey on title t  (cost=0.43..8.40 rows=1 width=4) (actual time=0.056..0.056 rows=0 loops=457)
        Index Cond: (id = mk.movie_id)
        Filter: ((kind_id < 7) AND (production_year = 1986))
        Rows Removed by Filter: 1
Planning time: 0.710 ms
Execution time: 1309.102 ms
