Hash Join  (cost=141924.46..266831.42 rows=238393 width=0) (actual time=2475.932..5785.765 rows=2236649 loops=1)
  Hash Cond: (mk.movie_id = t.id)
  ->  Seq Scan on movie_keyword mk  (cost=0.00..69693.30 rows=4523930 width=4) (actual time=0.029..1444.169 rows=4523930 loops=1)
  ->  Hash  (cost=139737.92..139737.92 rows=133243 width=8) (actual time=2474.975..2474.975 rows=56828 loops=1)
        Buckets: 131072  Batches: 2  Memory Usage: 2148kB
        ->  Hash Join  (cost=78556.72..139737.92 rows=133243 width=8) (actual time=1360.978..2454.308 rows=56828 loops=1)
              Hash Cond: (mc.movie_id = t.id)
              ->  Seq Scan on movie_companies mc  (cost=0.00..51404.11 rows=504707 width=4) (actual time=0.025..837.036 rows=501188 loops=1)
                    Filter: (company_id < 451)
                    Rows Removed by Filter: 2107941
              ->  Hash  (cost=67604.59..67604.59 rows=667531 width=4) (actual time=1257.237..1257.237 rows=662825 loops=1)
                    Buckets: 131072  Batches: 16  Memory Usage: 2476kB
                    ->  Seq Scan on title t  (cost=0.00..67604.59 rows=667531 width=4) (actual time=347.953..1055.527 rows=662825 loops=1)
                          Filter: (kind_id = 1)
                          Rows Removed by Filter: 1865487
Planning time: 1.115 ms
Execution time: 6054.465 ms
