Hash Join  (cost=144059.98..216943.51 rows=289383 width=0) (actual time=3358.786..5700.180 rows=1800506 loops=1)
  Hash Cond: (mc.movie_id = t.id)
  ->  Seq Scan on movie_companies mc  (cost=0.00..51404.11 rows=1435091 width=4) (actual time=0.018..1082.232 rows=1440591 loops=1)
        Filter: (company_id > 9749)
        Rows Removed by Filter: 1168538
  ->  Hash  (cost=135694.58..135694.58 rows=509872 width=8) (actual time=3357.590..3357.590 rows=947744 loops=1)
        Buckets: 131072 (originally 131072)  Batches: 16 (originally 8)  Memory Usage: 3340kB
        ->  Hash Join  (cost=89253.38..135694.58 rows=509872 width=8) (actual time=1590.080..3077.760 rows=947744 loops=1)
              Hash Cond: (mi_idx.movie_id = t.id)
              ->  Seq Scan on movie_info_idx mi_idx  (cost=0.00..21735.35 rows=1380035 width=4) (actual time=0.018..449.278 rows=1380035 loops=1)
              ->  Hash  (cost=73925.90..73925.90 rows=934198 width=4) (actual time=1588.981..1588.981 rows=950693 loops=1)
                    Buckets: 131072  Batches: 16  Memory Usage: 3114kB
                    ->  Seq Scan on title t  (cost=0.00..73925.90 rows=934198 width=4) (actual time=0.028..1310.474 rows=950693 loops=1)
                          Filter: ((kind_id < 7) AND (production_year < 2013))
                          Rows Removed by Filter: 1577619
Planning time: 1.117 ms
Execution time: 5899.527 ms
