Seq Scan on movie_keyword mk  (cost=0.00..81003.12 rows=246 width=0) (actual time=12.534..1183.283 rows=101 loops=1)
  Filter: (keyword_id = 8687)
  Rows Removed by Filter: 4523829
Planning time: 0.347 ms
Execution time: 1183.451 ms
