Seq Scan on movie_companies mc  (cost=0.00..57926.93 rows=447775 width=0) (actual time=77.600..1004.979 rows=773596 loops=1)
  Filter: ((company_id > 22459) AND (company_type_id = 2))
  Rows Removed by Filter: 1835533
Planning time: 0.351 ms
Execution time: 1111.040 ms
