Seq Scan on cast_info ci  (cost=0.00..796071.18 rows=324 width=0) (actual time=1084.145..13058.385 rows=31 loops=1)
  Filter: ((role_id > 1) AND (person_id = 2396181))
  Rows Removed by Filter: 36244313
Planning time: 1.089 ms
Execution time: 13058.502 ms
