Hash Join  (cost=83074.16..941588.67 rows=987 width=0) (actual time=5187.523..20785.061 rows=1116 loops=1)
  Hash Cond: (ci.movie_id = t.id)
  ->  Seq Scan on cast_info ci  (cost=0.00..796071.18 rows=16648919 width=4) (actual time=3877.192..16822.166 rows=20122661 loops=1)
        Filter: ((person_id < 3032856) AND (role_id < 3))
        Rows Removed by Filter: 16121683
  ->  Hash  (cost=83072.29..83072.29 rows=150 width=8) (actual time=1290.379..1290.379 rows=47 loops=1)
        Buckets: 1024  Batches: 1  Memory Usage: 10kB
        ->  Nested Loop  (cost=0.43..83072.29 rows=150 width=8) (actual time=77.143..1290.308 rows=47 loops=1)
              ->  Seq Scan on movie_keyword mk  (cost=0.00..81003.12 rows=246 width=4) (actual time=8.088..1255.637 rows=1409 loops=1)
                    Filter: (keyword_id = 868)
                    Rows Removed by Filter: 4522521
              ->  Index Scan using title_pkey on title t  (cost=0.43..8.40 rows=1 width=4) (actual time=0.024..0.024 rows=0 loops=1409)
                    Index Cond: (id = mk.movie_id)
                    Filter: (kind_id = 7)
                    Rows Removed by Filter: 1
Planning time: 1.270 ms
Execution time: 20785.760 ms
