Seq Scan on movie_keyword mk  (cost=0.00..81003.12 rows=4509691 width=0) (actual time=0.014..1654.600 rows=4509566 loops=1)
  Filter: (keyword_id > 1)
  Rows Removed by Filter: 14364
Planning time: 0.346 ms
Execution time: 2224.866 ms
