Seq Scan on movie_keyword mk  (cost=0.00..81003.12 rows=246 width=0) (actual time=2.124..1295.547 rows=208 loops=1)
  Filter: (keyword_id = 8204)
  Rows Removed by Filter: 4523722
Planning time: 0.334 ms
Execution time: 1295.750 ms
