Seq Scan on movie_companies mc  (cost=0.00..51404.11 rows=244946 width=0) (actual time=55.817..853.586 rows=247481 loops=1)
  Filter: (company_id > 101581)
  Rows Removed by Filter: 2361648
Planning time: 3.822 ms
Execution time: 887.025 ms
