Hash Join  (cost=122772.64..247674.07 rows=237940 width=0) (actual time=2219.451..5033.082 rows=169674 loops=1)
  Hash Cond: (mk.movie_id = t.id)
  ->  Seq Scan on movie_keyword mk  (cost=0.00..69693.30 rows=4523930 width=4) (actual time=0.029..1423.539 rows=4523930 loops=1)
  ->  Hash  (cost=120590.26..120590.26 rows=132990 width=8) (actual time=2218.409..2218.409 rows=74364 loops=1)
        Buckets: 131072  Batches: 2  Memory Usage: 2487kB
        ->  Hash Join  (cost=85894.26..120590.26 rows=132990 width=8) (actual time=1481.568..2191.186 rows=74364 loops=1)
              Hash Cond: (mi_idx.movie_id = t.id)
              ->  Seq Scan on movie_info_idx mi_idx  (cost=0.00..25185.44 rows=460978 width=4) (actual time=0.026..476.729 rows=459925 loops=1)
                    Filter: (info_type_id < 100)
                    Rows Removed by Filter: 920110
              ->  Hash  (cost=73925.90..73925.90 rows=729468 width=4) (actual time=1364.107..1364.107 rows=638430 loops=1)
                    Buckets: 131072  Batches: 16  Memory Usage: 2425kB
                    ->  Seq Scan on title t  (cost=0.00..73925.90 rows=729468 width=4) (actual time=299.764..1163.997 rows=638430 loops=1)
                          Filter: ((production_year < 2003) AND (kind_id = 7))
                          Rows Removed by Filter: 1889882
Planning time: 1.211 ms
Execution time: 5055.081 ms
