Seq Scan on movie_keyword mk  (cost=0.00..81003.12 rows=1295760 width=0) (actual time=0.006..1213.330 rows=1310109 loops=1)
  Filter: (keyword_id > 13418)
  Rows Removed by Filter: 3213821
Planning time: 0.234 ms
Execution time: 1358.258 ms
