Hash Join  (cost=130567.05..941900.30 rows=600844 width=0) (actual time=2580.689..24740.901 rows=1834925 loops=1)
  Hash Cond: (ci.movie_id = t.id)
  ->  Seq Scan on cast_info ci  (cost=0.00..705507.15 rows=26618043 width=4) (actual time=0.010..13806.044 rows=26669956 loops=1)
        Filter: (person_id < 2749228)
        Rows Removed by Filter: 9574388
  ->  Hash  (cost=129853.60..129853.60 rows=57076 width=8) (actual time=2580.338..2580.338 rows=75154 loops=1)
        Buckets: 131072 (originally 65536)  Batches: 1 (originally 1)  Memory Usage: 3960kB
        ->  Hash Join  (cost=74617.32..129853.60 rows=57076 width=8) (actual time=1118.342..2550.142 rows=75154 loops=1)
              Hash Cond: (mc.movie_id = t.id)
              ->  Seq Scan on movie_companies mc  (cost=0.00..44881.29 rows=2609129 width=4) (actual time=0.017..686.019 rows=2609129 loops=1)
              ->  Hash  (cost=73925.90..73925.90 rows=55313 width=4) (actual time=1117.957..1117.957 rows=49075 loops=1)
                    Buckets: 65536  Batches: 1  Memory Usage: 2238kB
                    ->  Seq Scan on title t  (cost=0.00..73925.90 rows=55313 width=4) (actual time=0.021..1099.312 rows=49075 loops=1)
                          Filter: ((kind_id < 7) AND (production_year = 2010))
                          Rows Removed by Filter: 2479237
Planning time: 0.756 ms
Execution time: 24978.942 ms
