Seq Scan on cast_info ci  (cost=0.00..796071.18 rows=11192416 width=0) (actual time=832.532..13674.119 rows=12269048 loops=1)
  Filter: ((person_id < 1264664) AND (role_id < 10))
  Rows Removed by Filter: 23975296
Planning time: 0.363 ms
Execution time: 15171.197 ms
