Seq Scan on movie_keyword mk  (cost=0.00..81003.12 rows=940305 width=0) (actual time=0.026..1454.666 rows=951317 loops=1)
  Filter: (keyword_id > 19964)
  Rows Removed by Filter: 3572613
Planning time: 0.302 ms
Execution time: 1573.240 ms
