Seq Scan on movie_keyword mk  (cost=0.00..81003.12 rows=2431710 width=0) (actual time=0.022..1457.591 rows=2423366 loops=1)
  Filter: (keyword_id > 3779)
  Rows Removed by Filter: 2100564
Planning time: 0.264 ms
Execution time: 1757.030 ms
