Hash Join  (cost=74281.64..440596.48 rows=165891 width=0) (actual time=1446.972..8771.850 rows=252628 loops=1)
  Hash Cond: (mi.movie_id = t.id)
  ->  Seq Scan on movie_info mi  (cost=0.00..309384.22 rows=14739122 width=4) (actual time=0.011..4286.708 rows=14835720 loops=1)
  ->  Hash  (cost=73925.90..73925.90 rows=28459 width=4) (actual time=1047.433..1047.433 rows=16117 loops=1)
        Buckets: 32768  Batches: 1  Memory Usage: 823kB
        ->  Seq Scan on title t  (cost=0.00..73925.90 rows=28459 width=4) (actual time=351.428..1040.964 rows=16117 loops=1)
              Filter: ((kind_id = 1) AND (production_year = 2006))
              Rows Removed by Filter: 2512195
Planning time: 0.811 ms
Execution time: 8809.635 ms
