Hash Join  (cost=74118.09..101112.48 rows=8391 width=0) (actual time=903.211..1519.071 rows=13362 loops=1)
  Hash Cond: (mi_idx.movie_id = t.id)
  ->  Seq Scan on movie_info_idx mi_idx  (cost=0.00..21735.35 rows=1380035 width=4) (actual time=0.022..311.769 rows=1380035 loops=1)
  ->  Hash  (cost=73925.90..73925.90 rows=15375 width=4) (actual time=902.961..902.961 rows=8740 loops=1)
        Buckets: 16384  Batches: 1  Memory Usage: 436kB
        ->  Seq Scan on title t  (cost=0.00..73925.90 rows=15375 width=4) (actual time=232.679..899.972 rows=8740 loops=1)
              Filter: ((kind_id = 1) AND (production_year = 2001))
              Rows Removed by Filter: 2519572
Planning time: 0.660 ms
Execution time: 1521.184 ms
