Hash Join  (cost=75650.58..155277.81 rows=96505 width=0) (actual time=1528.292..3222.992 rows=1389 loops=1)
  Hash Cond: (mc.movie_id = t.id)
  ->  Seq Scan on movie_companies mc  (cost=0.00..51404.11 rows=2321885 width=4) (actual time=0.025..1259.805 rows=2319121 loops=1)
        Filter: (company_id < 94953)
        Rows Removed by Filter: 290008
  ->  Hash  (cost=73925.90..73925.90 rows=105094 width=4) (actual time=1263.889..1263.889 rows=1973 loops=1)
        Buckets: 131072  Batches: 2  Memory Usage: 1058kB
        ->  Seq Scan on title t  (cost=0.00..73925.90 rows=105094 width=4) (actual time=0.365..1262.736 rows=1973 loops=1)
              Filter: ((kind_id > 3) AND (production_year < 1950))
              Rows Removed by Filter: 2526339
Planning time: 0.763 ms
Execution time: 3223.287 ms
