Seq Scan on movie_keyword mk  (cost=0.00..81003.12 rows=246 width=0) (actual time=0.107..1067.058 rows=2017 loops=1)
  Filter: (keyword_id = 905)
  Rows Removed by Filter: 4521913
Planning time: 0.385 ms
Execution time: 1067.657 ms
