Nested Loop  (cost=0.43..83071.67 rows=246 width=0) (actual time=0.412..1301.306 rows=2409 loops=1)
  ->  Seq Scan on movie_keyword mk  (cost=0.00..81003.12 rows=246 width=4) (actual time=0.351..1232.994 rows=2409 loops=1)
        Filter: (keyword_id = 4928)
        Rows Removed by Filter: 4521521
  ->  Index Only Scan using title_pkey on title t  (cost=0.43..8.40 rows=1 width=4) (actual time=0.027..0.027 rows=1 loops=2409)
        Index Cond: (id = mk.movie_id)
        Heap Fetches: 2409
Planning time: 0.599 ms
Execution time: 1302.155 ms
