Hash Join  (cost=77961.21..573064.53 rows=1433640 width=0) (actual time=1768.659..16121.935 rows=4016782 loops=1)
  Hash Cond: (mi.movie_id = t.id)
  ->  Seq Scan on movie_info mi  (cost=0.00..309384.22 rows=14739122 width=4) (actual time=0.020..6001.814 rows=14835720 loops=1)
  ->  Hash  (cost=73925.90..73925.90 rows=245944 width=4) (actual time=1767.764..1767.764 rows=357497 loops=1)
        Buckets: 131072 (originally 131072)  Batches: 8 (originally 4)  Memory Usage: 3073kB
        ->  Seq Scan on title t  (cost=0.00..73925.90 rows=245944 width=4) (actual time=0.028..1150.272 rows=357497 loops=1)
              Filter: ((kind_id < 7) AND (production_year < 1987))
              Rows Removed by Filter: 2170815
Planning time: 0.825 ms
Execution time: 16535.630 ms
