Hash Join  (cost=84005.63..219399.85 rows=1099218 width=0) (actual time=1534.948..5413.413 rows=1926005 loops=1)
  Hash Cond: (mk.movie_id = t.id)
  ->  Seq Scan on movie_keyword mk  (cost=0.00..69693.30 rows=4523930 width=4) (actual time=0.024..1462.029 rows=4523930 loops=1)
  ->  Hash  (cost=73925.90..73925.90 rows=614378 width=4) (actual time=1534.114..1534.114 rows=520376 loops=1)
        Buckets: 131072  Batches: 16  Memory Usage: 2170kB
        ->  Seq Scan on title t  (cost=0.00..73925.90 rows=614378 width=4) (actual time=0.021..1354.928 rows=520376 loops=1)
              Filter: ((kind_id < 7) AND (production_year > 1996))
              Rows Removed by Filter: 2007936
Planning time: 0.712 ms
Execution time: 5628.575 ms
