Hash Join  (cost=98137.04..181850.05 rows=675505 width=0) (actual time=1898.887..4395.904 rows=498859 loops=1)
  Hash Cond: (mc.movie_id = t.id)
  ->  Seq Scan on movie_companies mc  (cost=0.00..57926.93 rows=917806 width=4) (actual time=0.022..1244.818 rows=1102292 loops=1)
        Filter: ((company_id > 1774) AND (company_type_id > 1))
        Rows Removed by Filter: 1506837
  ->  Hash  (cost=67604.59..67604.59 rows=1860996 width=4) (actual time=1897.422..1897.422 rows=1865487 loops=1)
        Buckets: 131072  Batches: 32  Memory Usage: 3079kB
        ->  Seq Scan on title t  (cost=0.00..67604.59 rows=1860996 width=4) (actual time=0.020..1296.863 rows=1865487 loops=1)
              Filter: (kind_id > 1)
              Rows Removed by Filter: 662825
Planning time: 0.950 ms
Execution time: 4450.432 ms
