Seq Scan on movie_keyword mk  (cost=0.00..81003.12 rows=1469310 width=0) (actual time=0.022..1401.744 rows=1481119 loops=1)
  Filter: (keyword_id > 11065)
  Rows Removed by Filter: 3042811
Planning time: 0.309 ms
Execution time: 1588.867 ms
