Seq Scan on movie_keyword mk  (cost=0.00..81003.12 rows=246 width=0) (actual time=0.197..967.790 rows=2682 loops=1)
  Filter: (keyword_id = 261)
  Rows Removed by Filter: 4521248
Planning time: 0.386 ms
Execution time: 968.550 ms
