Hash Join  (cost=67697.55..94648.62 rows=4059 width=0) (actual time=1054.228..1695.294 rows=10706 loops=1)
  Hash Cond: (mi_idx.movie_id = t.id)
  ->  Seq Scan on movie_info_idx mi_idx  (cost=0.00..21735.35 rows=1380035 width=4) (actual time=0.019..308.015 rows=1380035 loops=1)
  ->  Hash  (cost=67604.59..67604.59 rows=7437 width=4) (actual time=1053.931..1053.931 rows=14456 loops=1)
        Buckets: 16384 (originally 8192)  Batches: 1 (originally 1)  Memory Usage: 637kB
        ->  Seq Scan on title t  (cost=0.00..67604.59 rows=7437 width=4) (actual time=0.137..1046.901 rows=14456 loops=1)
              Filter: (production_year = 1981)
              Rows Removed by Filter: 2513856
Planning time: 0.688 ms
Execution time: 1697.034 ms
