Hash Join  (cost=82536.92..125144.69 rows=286429 width=0) (actual time=1440.625..2528.253 rows=185448 loops=1)
  Hash Cond: (mi_idx.movie_id = t.id)
  ->  Seq Scan on movie_info_idx mi_idx  (cost=0.00..21735.35 rows=1380035 width=4) (actual time=0.014..415.277 rows=1380035 loops=1)
  ->  Hash  (cost=73925.90..73925.90 rows=524801 width=4) (actual time=1439.778..1439.778 rows=386160 loops=1)
        Buckets: 131072  Batches: 8  Memory Usage: 2711kB
        ->  Seq Scan on title t  (cost=0.00..73925.90 rows=524801 width=4) (actual time=0.014..1304.754 rows=386160 loops=1)
              Filter: ((kind_id > 1) AND (production_year < 1991))
              Rows Removed by Filter: 2142152
Planning time: 0.705 ms
Execution time: 2548.131 ms
