Hash Join  (cost=330428.24..860779.81 rows=8329010 width=0) (actual time=7696.354..46833.831 rows=134091426 loops=1)
  Hash Cond: (mi.movie_id = t.id)
  ->  Seq Scan on movie_info mi  (cost=0.00..346232.03 rows=6231111 width=4) (actual time=14.386..6659.233 rows=6223494 loops=1)
        Filter: (info_type_id > 8)
        Rows Removed by Filter: 8612226
  ->  Hash  (cost=274977.30..274977.30 rows=3379835 width=8) (actual time=7674.695..7674.695 rows=3369934 loops=1)
        Buckets: 131072  Batches: 64  Memory Usage: 3181kB
        ->  Hash Join  (cost=102767.86..274977.30 rows=3379835 width=8) (actual time=1980.550..6727.255 rows=3369934 loops=1)
              Hash Cond: (mk.movie_id = t.id)
              ->  Seq Scan on movie_keyword mk  (cost=0.00..81003.12 rows=3379835 width=4) (actual time=1.970..1750.495 rows=3369934 loops=1)
                    Filter: (keyword_id > 1336)
                    Rows Removed by Filter: 1153996
              ->  Hash  (cost=61283.27..61283.27 rows=2528527 width=4) (actual time=1977.417..1977.417 rows=2528312 loops=1)
                    Buckets: 131072  Batches: 64  Memory Usage: 2425kB
                    ->  Seq Scan on title t  (cost=0.00..61283.27 rows=2528527 width=4) (actual time=0.017..1103.722 rows=2528312 loops=1)
Planning time: 1.149 ms
Execution time: 61389.302 ms
