Seq Scan on movie_companies mc  (cost=0.00..51404.11 rows=1230494 width=0) (actual time=0.013..970.590 rows=1242762 loops=1)
  Filter: (company_id > 11749)
  Rows Removed by Filter: 1366367
Planning time: 0.433 ms
Execution time: 1128.978 ms
