Seq Scan on movie_keyword mk  (cost=0.00..81003.12 rows=235695 width=0) (actual time=0.023..1188.034 rows=251405 loops=1)
  Filter: (keyword_id < 216)
  Rows Removed by Filter: 4272525
Planning time: 0.275 ms
Execution time: 1222.437 ms
