Seq Scan on movie_companies mc  (cost=0.00..57926.93 rows=51 width=0) (actual time=292.708..1005.659 rows=1 loops=1)
  Filter: ((company_type_id < 2) AND (company_id = 61606))
  Rows Removed by Filter: 2609128
Planning time: 0.412 ms
Execution time: 1005.762 ms
