Hash Join  (cost=709678.15..1074363.23 rows=2915 width=0) (actual time=10553.090..17170.450 rows=848 loops=1)
  Hash Cond: (mi.movie_id = t.id)
  ->  Seq Scan on movie_info mi  (cost=0.00..309384.22 rows=14739122 width=4) (actual time=0.011..4038.908 rows=14835720 loops=1)
  ->  Hash  (cost=709671.90..709671.90 rows=500 width=8) (actual time=10522.367..10522.367 rows=81 loops=1)
        Buckets: 1024  Batches: 1  Memory Usage: 12kB
        ->  Nested Loop  (cost=0.43..709671.90 rows=500 width=8) (actual time=853.837..10522.292 rows=81 loops=1)
              ->  Seq Scan on cast_info ci  (cost=0.00..705507.15 rows=500 width=4) (actual time=853.727..10520.999 rows=81 loops=1)
                    Filter: (person_id = 421717)
                    Rows Removed by Filter: 36244263
              ->  Index Only Scan using title_pkey on title t  (cost=0.43..8.32 rows=1 width=4) (actual time=0.014..0.014 rows=1 loops=81)
                    Index Cond: (id = ci.movie_id)
                    Heap Fetches: 81
Planning time: 1.128 ms
Execution time: 17170.825 ms
