Hash Join  (cost=135047.30..954069.14 rows=362424 width=0) (actual time=2801.883..22849.620 rows=466287 loops=1)
  Hash Cond: (ci.movie_id = t.id)
  ->  Seq Scan on cast_info ci  (cost=0.00..705507.15 rows=29304120 width=4) (actual time=0.023..12777.530 rows=29390319 loops=1)
        Filter: (person_id > 662617)
        Rows Removed by Filter: 6854025
  ->  Hash  (cost=134656.40..134656.40 rows=31272 width=8) (actual time=2801.340..2801.340 rows=22419 loops=1)
        Buckets: 32768  Batches: 1  Memory Usage: 1132kB
        ->  Hash Join  (cost=74357.80..134656.40 rows=31272 width=8) (actual time=1285.179..2792.095 rows=22419 loops=1)
              Hash Cond: (mc.movie_id = t.id)
              ->  Seq Scan on movie_companies mc  (cost=0.00..51404.11 rows=2288470 width=4) (actual time=0.021..979.725 rows=2283756 loops=1)
                    Filter: (company_id < 91400)
                    Rows Removed by Filter: 325373
              ->  Hash  (cost=73925.90..73925.90 rows=34552 width=4) (actual time=1284.825..1284.825 rows=39508 loops=1)
                    Buckets: 65536  Batches: 1  Memory Usage: 1901kB
                    ->  Seq Scan on title t  (cost=0.00..73925.90 rows=34552 width=4) (actual time=0.019..1267.308 rows=39508 loops=1)
                          Filter: ((kind_id > 1) AND (production_year = 1998))
                          Rows Removed by Filter: 2488804
Planning time: 1.145 ms
Execution time: 22920.174 ms
