Hash Join  (cost=160597.56..1006818.74 rows=1830 width=0) (actual time=2920.056..20704.373 rows=29226 loops=1)
  Hash Cond: (ci.movie_id = t.id)
  ->  Seq Scan on cast_info ci  (cost=0.00..796071.18 rows=10026335 width=4) (actual time=0.014..15739.457 rows=12670688 loops=1)
        Filter: ((person_id < 2905681) AND (role_id < 2))
        Rows Removed by Filter: 23573656
  ->  Hash  (cost=160591.79..160591.79 rows=462 width=8) (actual time=2919.561..2919.561 rows=5597 loops=1)
        Buckets: 8192 (originally 1024)  Batches: 1 (originally 1)  Memory Usage: 283kB
        ->  Hash Join  (cost=73929.13..160591.79 rows=462 width=8) (actual time=1091.940..2917.083 rows=5597 loops=1)
              Hash Cond: (mk.movie_id = t.id)
              ->  Seq Scan on movie_keyword mk  (cost=0.00..69693.30 rows=4523930 width=4) (actual time=0.010..1040.945 rows=4523930 loops=1)
              ->  Hash  (cost=73925.90..73925.90 rows=258 width=4) (actual time=1078.890..1078.890 rows=3378 loops=1)
                    Buckets: 4096 (originally 1024)  Batches: 1 (originally 1)  Memory Usage: 151kB
                    ->  Seq Scan on title t  (cost=0.00..73925.90 rows=258 width=4) (actual time=0.168..1077.087 rows=3378 loops=1)
                          Filter: ((kind_id < 7) AND (production_year > 2013))
                          Rows Removed by Filter: 2524934
Planning time: 0.776 ms
Execution time: 20709.167 ms
