Seq Scan on cast_info ci  (cost=0.00..796071.18 rows=5014441 width=0) (actual time=1051.369..11780.059 rows=3109637 loops=1)
  Filter: ((person_id < 1092726) AND (role_id > 2))
  Rows Removed by Filter: 33134707
Planning time: 0.314 ms
Execution time: 12172.430 ms
