Seq Scan on movie_keyword mk  (cost=0.00..81003.12 rows=2861647 width=0) (actual time=0.027..1381.832 rows=2851547 loops=1)
  Filter: (keyword_id < 8712)
  Rows Removed by Filter: 1672383
Planning time: 0.290 ms
Execution time: 1718.553 ms
