Hash Join  (cost=156845.23..1309888.41 rows=11607496 width=0) (actual time=3807.886..40062.687 rows=23326812 loops=1)
  Hash Cond: (ci.movie_id = t.id)
  ->  Seq Scan on cast_info ci  (cost=0.00..614943.12 rows=36225612 width=4) (actual time=0.017..12970.736 rows=36244344 loops=1)
  ->  Hash  (cost=143552.76..143552.76 rows=810197 width=8) (actual time=3806.949..3806.949 rows=729984 loops=1)
        Buckets: 131072  Batches: 16  Memory Usage: 2801kB
        ->  Hash Join  (cost=91959.31..143552.76 rows=810197 width=8) (actual time=2069.793..3591.277 rows=729984 loops=1)
              Hash Cond: (mi_idx.movie_id = t.id)
              ->  Seq Scan on movie_info_idx mi_idx  (cost=0.00..21735.35 rows=1380035 width=4) (actual time=0.016..416.487 rows=1380035 loops=1)
              ->  Hash  (cost=67604.59..67604.59 rows=1484458 width=4) (actual time=2068.411..2068.411 rows=1485030 loops=1)
                    Buckets: 131072  Batches: 32  Memory Usage: 2655kB
                    ->  Seq Scan on title t  (cost=0.00..67604.59 rows=1484458 width=4) (actual time=0.030..1296.253 rows=1485030 loops=1)
                          Filter: (production_year > 1998)
                          Rows Removed by Filter: 1043282
Planning time: 1.113 ms
Execution time: 42736.091 ms
