Hash Join  (cost=102767.86..213038.14 rows=805733 width=0) (actual time=1967.612..4474.813 rows=804289 loops=1)
  Hash Cond: (mk.movie_id = t.id)
  ->  Seq Scan on movie_keyword mk  (cost=0.00..81003.12 rows=805733 width=4) (actual time=0.031..1524.890 rows=804289 loops=1)
        Filter: (keyword_id < 782)
        Rows Removed by Filter: 3719641
  ->  Hash  (cost=61283.27..61283.27 rows=2528527 width=4) (actual time=1966.828..1966.828 rows=2528312 loops=1)
        Buckets: 131072  Batches: 64  Memory Usage: 2425kB
        ->  Seq Scan on title t  (cost=0.00..61283.27 rows=2528527 width=4) (actual time=0.013..1090.337 rows=2528312 loops=1)
Planning time: 0.777 ms
Execution time: 4567.855 ms
