Hash Join  (cost=170499.74..1269741.43 rows=6370152 width=0) (actual time=3971.228..42881.325 rows=34780915 loops=1)
  Hash Cond: (ci.movie_id = t.id)
  ->  Seq Scan on cast_info ci  (cost=0.00..614943.12 rows=36225612 width=4) (actual time=0.020..13604.318 rows=36244344 loops=1)
  ->  Hash  (cost=163204.83..163204.83 rows=444633 width=8) (actual time=3966.244..3966.244 rows=885538 loops=1)
        Buckets: 131072 (originally 131072)  Batches: 16 (originally 8)  Memory Usage: 3177kB
        ->  Hash Join  (cost=83810.17..163204.83 rows=444633 width=8) (actual time=1614.161..3687.260 rows=885538 loops=1)
              Hash Cond: (mc.movie_id = t.id)
              ->  Seq Scan on movie_companies mc  (cost=0.00..57926.93 rows=1138237 width=4) (actual time=147.090..1221.800 rows=1055606 loops=1)
                    Filter: ((company_id > 150) AND (company_type_id < 2))
                    Rows Removed by Filter: 1553523
              ->  Hash  (cost=67604.59..67604.59 rows=987727 width=4) (actual time=1465.928..1465.928 rows=985048 loops=1)
                    Buckets: 131072  Batches: 16  Memory Usage: 3188kB
                    ->  Seq Scan on title t  (cost=0.00..67604.59 rows=987727 width=4) (actual time=0.030..1172.454 rows=985048 loops=1)
                          Filter: (kind_id < 7)
                          Rows Removed by Filter: 1543264
Planning time: 1.094 ms
Execution time: 46358.223 ms
