Hash Join  (cost=95693.05..145809.66 rows=724112 width=0) (actual time=2431.784..3894.496 rows=402792 loops=1)
  Hash Cond: (mi_idx.movie_id = t.id)
  ->  Seq Scan on movie_info_idx mi_idx  (cost=0.00..21735.35 rows=1380035 width=4) (actual time=0.015..450.280 rows=1380035 loops=1)
  ->  Hash  (cost=73925.90..73925.90 rows=1326732 width=4) (actual time=2431.035..2431.035 rows=1405802 loops=1)
        Buckets: 131072  Batches: 32  Memory Usage: 2570kB
        ->  Seq Scan on title t  (cost=0.00..73925.90 rows=1326732 width=4) (actual time=324.165..1411.735 rows=1405802 loops=1)
              Filter: ((production_year > 1963) AND (kind_id = 7))
              Rows Removed by Filter: 1122510
Planning time: 0.465 ms
Execution time: 3941.243 ms
