Hash Join  (cost=75071.77..180476.92 rows=304736 width=0) (actual time=1338.137..3685.870 rows=424823 loops=1)
  Hash Cond: (mk.movie_id = t.id)
  ->  Seq Scan on movie_keyword mk  (cost=0.00..81003.12 rows=1692975 width=4) (actual time=0.025..1546.281 rows=1700546 loops=1)
        Filter: (keyword_id < 2652)
        Rows Removed by Filter: 2823384
  ->  Hash  (cost=67604.59..67604.59 rows=455135 width=4) (actual time=1337.024..1337.024 rows=451569 loops=1)
        Buckets: 131072  Batches: 8  Memory Usage: 3010kB
        ->  Seq Scan on title t  (cost=0.00..67604.59 rows=455135 width=4) (actual time=0.020..1060.545 rows=451569 loops=1)
              Filter: (production_year < 1976)
              Rows Removed by Filter: 2076743
Planning time: 0.675 ms
Execution time: 3725.691 ms
