Seq Scan on cast_info ci  (cost=0.00..796071.18 rows=3021575 width=0) (actual time=7746.168..13728.977 rows=4769489 loops=1)
  Filter: ((person_id > 1709461) AND (role_id > 8))
  Rows Removed by Filter: 31474855
Planning time: 0.303 ms
Execution time: 14314.606 ms
