Hash Join  (cost=273343.75..735700.22 rows=4099224 width=0) (actual time=5710.138..27373.287 rows=56302743 loops=1)
  Hash Cond: (mi.movie_id = t.id)
  ->  Seq Scan on movie_info mi  (cost=0.00..346232.03 rows=5263441 width=4) (actual time=0.019..5748.927 rows=5270569 loops=1)
        Filter: (info_type_id > 15)
        Rows Removed by Filter: 9565151
  ->  Hash  (cost=241035.20..241035.20 rows=1969244 width=8) (actual time=5708.452..5708.452 rows=1977875 loops=1)
        Buckets: 131072  Batches: 32  Memory Usage: 3506kB
        ->  Hash Join  (cost=102767.86..241035.20 rows=1969244 width=8) (actual time=1841.228..5161.513 rows=1977875 loops=1)
              Hash Cond: (mk.movie_id = t.id)
              ->  Seq Scan on movie_keyword mk  (cost=0.00..81003.12 rows=1969244 width=4) (actual time=0.025..1468.457 rows=1977875 loops=1)
                    Filter: (keyword_id > 6397)
                    Rows Removed by Filter: 2546055
              ->  Hash  (cost=61283.27..61283.27 rows=2528527 width=4) (actual time=1839.992..1839.992 rows=2528312 loops=1)
                    Buckets: 131072  Batches: 64  Memory Usage: 2425kB
                    ->  Seq Scan on title t  (cost=0.00..61283.27 rows=2528527 width=4) (actual time=0.016..979.054 rows=2528312 loops=1)
Planning time: 2.212 ms
Execution time: 33426.813 ms
