Hash Join  (cost=892412.01..1016990.10 rows=211405 width=0) (actual time=14241.586..15354.707 rows=128402 loops=1)
  Hash Cond: (mk.movie_id = t.id)
  ->  Seq Scan on movie_keyword mk  (cost=0.00..69693.30 rows=4523930 width=4) (actual time=0.031..976.614 rows=4523930 loops=1)
  ->  Hash  (cost=890473.02..890473.02 rows=118159 width=8) (actual time=13275.393..13275.393 rows=96517 loops=1)
        Buckets: 131072  Batches: 2  Memory Usage: 2918kB
        ->  Hash Join  (cost=77854.63..890473.02 rows=118159 width=8) (actual time=10935.679..13237.768 rows=96517 loops=1)
              Hash Cond: (ci.movie_id = t.id)
              ->  Seq Scan on cast_info ci  (cost=0.00..796071.18 rows=1247899 width=4) (actual time=9792.189..11619.356 rows=868675 loops=1)
                    Filter: ((person_id < 1102036) AND (role_id = 3))
                    Rows Removed by Filter: 35375669
              ->  Hash  (cost=73925.90..73925.90 rows=239418 width=4) (actual time=1142.508..1142.508 rows=256906 loops=1)
                    Buckets: 131072  Batches: 4  Memory Usage: 3296kB
                    ->  Seq Scan on title t  (cost=0.00..73925.90 rows=239418 width=4) (actual time=0.030..1059.852 rows=256906 loops=1)
                          Filter: ((production_year > 2010) AND (kind_id = 7))
                          Rows Removed by Filter: 2271406
Planning time: 10.684 ms
Execution time: 15368.015 ms
