Hash Join  (cost=441847.34..1294585.28 rows=147802 width=0) (actual time=9994.007..22900.677 rows=87172 loops=1)
  Hash Cond: (ci.movie_id = t.id)
  ->  Seq Scan on cast_info ci  (cost=0.00..796071.18 rows=4746332 width=4) (actual time=378.628..12527.342 rows=2029430 loops=1)
        Filter: ((person_id < 702377) AND (role_id > 1))
        Rows Removed by Filter: 34214914
  ->  Hash  (cost=440555.10..440555.10 rows=78739 width=8) (actual time=9614.511..9614.511 rows=72728 loops=1)
        Buckets: 131072  Batches: 2  Memory Usage: 2468kB
        ->  Hash Join  (cost=69179.59..440555.10 rows=78739 width=8) (actual time=2884.951..9452.378 rows=72728 loops=1)
              Hash Cond: (mi.movie_id = t.id)
              ->  Seq Scan on movie_info mi  (cost=0.00..346232.03 rows=2073893 width=4) (actual time=2017.928..7777.517 rows=2091068 loops=1)
                    Filter: (info_type_id < 3)
                    Rows Removed by Filter: 12744652
              ->  Hash  (cost=67604.59..67604.59 rows=96000 width=4) (actual time=866.096..866.096 rows=95005 loops=1)
                    Buckets: 131072  Batches: 2  Memory Usage: 2722kB
                    ->  Seq Scan on title t  (cost=0.00..67604.59 rows=96000 width=4) (actual time=0.029..830.065 rows=95005 loops=1)
                          Filter: (production_year = 2005)
                          Rows Removed by Filter: 2433307
Planning time: 1.107 ms
Execution time: 22912.601 ms
