Seq Scan on movie_companies mc  (cost=0.00..57926.93 rows=436060 width=0) (actual time=18.124..963.816 rows=760947 loops=1)
  Filter: ((company_id > 24112) AND (company_type_id = 2))
  Rows Removed by Filter: 1848182
Planning time: 2.101 ms
Execution time: 1053.477 ms
