Hash Join  (cost=130386.76..495131.75 rows=8907 width=0) (actual time=2093.832..9753.433 rows=120128 loops=1)
  Hash Cond: (mi.movie_id = t.id)
  ->  Seq Scan on movie_info mi  (cost=0.00..309384.22 rows=14739122 width=4) (actual time=0.013..4439.812 rows=14835720 loops=1)
  ->  Hash  (cost=130367.65..130367.65 rows=1528 width=8) (actual time=2093.508..2093.508 rows=6726 loops=1)
        Buckets: 8192 (originally 2048)  Batches: 1 (originally 1)  Memory Usage: 327kB
        ->  Hash Join  (cost=73962.22..130367.65 rows=1528 width=8) (actual time=1343.872..2090.673 rows=6726 loops=1)
              Hash Cond: (mc.movie_id = t.id)
              ->  Seq Scan on movie_companies mc  (cost=0.00..51404.11 rows=1329612 width=4) (actual time=214.745..717.966 rows=1334883 loops=1)
                    Filter: (company_type_id = 2)
                    Rows Removed by Filter: 1274246
              ->  Hash  (cost=73925.90..73925.90 rows=2905 width=4) (actual time=1129.050..1129.050 rows=7329 loops=1)
                    Buckets: 8192 (originally 4096)  Batches: 1 (originally 1)  Memory Usage: 322kB
                    ->  Seq Scan on title t  (cost=0.00..73925.90 rows=2905 width=4) (actual time=2.157..1125.458 rows=7329 loops=1)
                          Filter: ((kind_id < 7) AND (production_year = 1984))
                          Rows Removed by Filter: 2520983
Planning time: 0.704 ms
Execution time: 9772.144 ms
