Seq Scan on movie_companies mc  (cost=0.00..51404.11 rows=104 width=0) (actual time=11.613..839.266 rows=636 loops=1)
  Filter: (company_id = 8320)
  Rows Removed by Filter: 2608493
Planning time: 0.399 ms
Execution time: 839.476 ms
