Hash Join  (cost=185613.21..327931.19 rows=1667494 width=0) (actual time=4785.120..11242.031 rows=8807420 loops=1)
  Hash Cond: (mk.movie_id = t.id)
  ->  Seq Scan on movie_keyword mk  (cost=0.00..69693.30 rows=4523930 width=4) (actual time=0.024..1484.314 rows=4523930 loops=1)
  ->  Hash  (cost=170322.21..170322.21 rows=932000 width=8) (actual time=4784.157..4784.157 rows=730845 loops=1)
        Buckets: 131072  Batches: 16  Memory Usage: 2821kB
        ->  Hash Join  (cost=82423.69..170322.21 rows=932000 width=8) (actual time=2100.990..4569.748 rows=730845 loops=1)
              Hash Cond: (mc.movie_id = t.id)
              ->  Seq Scan on movie_companies mc  (cost=0.00..44881.29 rows=2609129 width=4) (actual time=0.023..886.317 rows=2609129 loops=1)
              ->  Hash  (cost=67604.59..67604.59 rows=903208 width=4) (actual time=2100.019..2100.019 rows=904491 loops=1)
                    Buckets: 131072  Batches: 16  Memory Usage: 3010kB
                    ->  Seq Scan on title t  (cost=0.00..67604.59 rows=903208 width=4) (actual time=0.027..1066.491 rows=904491 loops=1)
                          Filter: (production_year > 2006)
                          Rows Removed by Filter: 1623821
Planning time: 1.086 ms
Execution time: 12145.234 ms
