Hash Join  (cost=886040.98..1240885.86 rows=38304 width=0) (actual time=15781.425..21985.577 rows=425647 loops=1)
  Hash Cond: (mi.movie_id = t.id)
  ->  Seq Scan on movie_info mi  (cost=0.00..346232.03 rows=2194617 width=4) (actual time=841.800..5896.663 rows=2233850 loops=1)
        Filter: (info_type_id > 16)
        Rows Removed by Filter: 12601870
  ->  Hash  (cost=885489.33..885489.33 rows=44132 width=8) (actual time=14879.352..14879.352 rows=101616 loops=1)
        Buckets: 131072 (originally 65536)  Batches: 2 (originally 1)  Memory Usage: 3073kB
        ->  Hash Join  (cost=83810.17..885489.33 rows=44132 width=8) (actual time=12150.283..14839.458 rows=101616 loops=1)
              Hash Cond: (ci.movie_id = t.id)
              ->  Seq Scan on cast_info ci  (cost=0.00..796071.18 rows=112976 width=4) (actual time=10530.566..12904.719 rows=234122 loops=1)
                    Filter: ((person_id > 2518312) AND (role_id > 10))
                    Rows Removed by Filter: 36010222
              ->  Hash  (cost=67604.59..67604.59 rows=987727 width=4) (actual time=1618.605..1618.605 rows=985048 loops=1)
                    Buckets: 131072  Batches: 16  Memory Usage: 3188kB
                    ->  Seq Scan on title t  (cost=0.00..67604.59 rows=987727 width=4) (actual time=0.028..1308.892 rows=985048 loops=1)
                          Filter: (kind_id < 7)
                          Rows Removed by Filter: 1543264
Planning time: 1.385 ms
Execution time: 22041.165 ms
