Hash Join  (cost=74173.24..874435.96 rows=8568 width=0) (actual time=5368.963..15084.978 rows=7280 loops=1)
  Hash Cond: (ci.movie_id = t.id)
  ->  Seq Scan on cast_info ci  (cost=0.00..796071.18 rows=1094896 width=4) (actual time=4342.900..13865.181 rows=845052 loops=1)
        Filter: ((person_id < 2319312) AND (role_id = 8))
        Rows Removed by Filter: 35399292
  ->  Hash  (cost=73925.90..73925.90 rows=19787 width=4) (actual time=1025.331..1025.331 rows=15791 loops=1)
        Buckets: 32768  Batches: 1  Memory Usage: 812kB
        ->  Seq Scan on title t  (cost=0.00..73925.90 rows=19787 width=4) (actual time=0.082..1018.472 rows=15791 loops=1)
              Filter: ((kind_id < 7) AND (production_year = 1999))
              Rows Removed by Filter: 2512521
Planning time: 0.642 ms
Execution time: 15086.623 ms
