Seq Scan on movie_companies mc  (cost=0.00..51404.11 rows=2026846 width=0) (actual time=0.022..1070.253 rows=2030439 loops=1)
  Filter: (company_id > 639)
  Rows Removed by Filter: 578690
Planning time: 0.340 ms
Execution time: 1328.337 ms
