Hash Join  (cost=709678.15..1074363.23 rows=2915 width=0) (actual time=11731.091..17248.186 rows=98 loops=1)
  Hash Cond: (mi.movie_id = t.id)
  ->  Seq Scan on movie_info mi  (cost=0.00..309384.22 rows=14739122 width=4) (actual time=0.018..3685.390 rows=14835720 loops=1)
  ->  Hash  (cost=709671.90..709671.90 rows=500 width=8) (actual time=11185.656..11185.656 rows=98 loops=1)
        Buckets: 1024  Batches: 1  Memory Usage: 12kB
        ->  Nested Loop  (cost=0.43..709671.90 rows=500 width=8) (actual time=9950.669..11185.619 rows=98 loops=1)
              ->  Seq Scan on cast_info ci  (cost=0.00..705507.15 rows=500 width=4) (actual time=9950.579..11184.660 rows=98 loops=1)
                    Filter: (person_id = 2916495)
                    Rows Removed by Filter: 36244246
              ->  Index Only Scan using title_pkey on title t  (cost=0.43..8.32 rows=1 width=4) (actual time=0.009..0.009 rows=1 loops=98)
                    Index Cond: (id = ci.movie_id)
                    Heap Fetches: 98
Planning time: 1.135 ms
Execution time: 17248.313 ms
