Nested Loop  (cost=0.43..122269.25 rows=1349 width=0) (actual time=46.922..1382.323 rows=357 loops=1)
  ->  Seq Scan on movie_keyword mk  (cost=0.00..81003.12 rows=5730 width=4) (actual time=0.446..1243.011 rows=4797 loops=1)
        Filter: (keyword_id = 11662)
        Rows Removed by Filter: 4519133
  ->  Index Scan using title_pkey on title t  (cost=0.43..7.19 rows=1 width=4) (actual time=0.028..0.028 rows=0 loops=4797)
        Index Cond: (id = mk.movie_id)
        Filter: ((kind_id > 1) AND (production_year < 1995))
        Rows Removed by Filter: 1
Planning time: 0.576 ms
Execution time: 1382.606 ms
