Hash Join  (cost=83198.94..992004.76 rows=1790567 width=0) (actual time=2572.587..19693.092 rows=2494189 loops=1)
  Hash Cond: (ci.movie_id = t.id)
  ->  Seq Scan on cast_info ci  (cost=0.00..796071.18 rows=8010391 width=4) (actual time=1184.964..12613.146 rows=8664450 loops=1)
        Filter: ((person_id < 891620) AND (role_id < 10))
        Rows Removed by Filter: 27579894
  ->  Hash  (cost=73925.90..73925.90 rows=565203 width=4) (actual time=1385.401..1385.401 rows=641785 loops=1)
        Buckets: 131072  Batches: 8  Memory Usage: 3862kB
        ->  Seq Scan on title t  (cost=0.00..73925.90 rows=565203 width=4) (actual time=0.038..1185.314 rows=641785 loops=1)
              Filter: ((kind_id < 7) AND (production_year < 2006))
              Rows Removed by Filter: 1886527
Planning time: 0.794 ms
Execution time: 19991.740 ms
