Seq Scan on movie_keyword mk  (cost=0.00..81003.12 rows=3522268 width=0) (actual time=0.021..1636.467 rows=3515846 loops=1)
  Filter: (keyword_id > 968)
  Rows Removed by Filter: 1008084
Planning time: 1.815 ms
Execution time: 2073.445 ms
