Hash Join  (cost=131486.40..227588.76 rows=739 width=0) (actual time=2155.524..4238.238 rows=6808 loops=1)
  Hash Cond: (mk.movie_id = t.id)
  ->  Seq Scan on movie_keyword mk  (cost=0.00..81003.12 rows=4024491 width=4) (actual time=0.024..1529.546 rows=4030432 loops=1)
        Filter: (keyword_id < 36550)
        Rows Removed by Filter: 493498
  ->  Hash  (cost=131480.60..131480.60 rows=464 width=8) (actual time=2131.565..2131.565 rows=985 loops=1)
        Buckets: 1024  Batches: 1  Memory Usage: 47kB
        ->  Hash Join  (cost=73934.87..131480.60 rows=464 width=8) (actual time=979.095..2130.938 rows=985 loops=1)
              Hash Cond: (mc.movie_id = t.id)
              ->  Seq Scan on movie_companies mc  (cost=0.00..51404.11 rows=1636528 width=4) (actual time=0.021..921.317 rows=1637516 loops=1)
                    Filter: (company_id > 4223)
                    Rows Removed by Filter: 971613
              ->  Hash  (cost=73925.90..73925.90 rows=717 width=4) (actual time=978.573..978.573 rows=440 loops=1)
                    Buckets: 1024  Batches: 1  Memory Usage: 24kB
                    ->  Seq Scan on title t  (cost=0.00..73925.90 rows=717 width=4) (actual time=0.607..978.239 rows=440 loops=1)
                          Filter: ((kind_id = 6) AND (production_year = 2010))
                          Rows Removed by Filter: 2527872
Planning time: 1.189 ms
Execution time: 4239.240 ms
