Seq Scan on movie_companies mc  (cost=0.00..51404.11 rows=286106 width=0) (actual time=0.016..894.554 rows=288623 loops=1)
  Filter: (company_id > 95052)
  Rows Removed by Filter: 2320506
Planning time: 0.327 ms
Execution time: 931.944 ms
