Hash Join  (cost=233111.07..1457122.49 rows=14107921 width=0) (actual time=4895.785..37044.831 rows=10454214 loops=1)
  Hash Cond: (ci.movie_id = t.id)
  ->  Seq Scan on cast_info ci  (cost=0.00..614943.12 rows=36225612 width=4) (actual time=0.006..14000.039 rows=36244344 loops=1)
  ->  Hash  (cost=216955.01..216955.01 rows=984725 width=8) (actual time=4892.081..4892.081 rows=247643 loops=1)
        Buckets: 131072  Batches: 16  Memory Usage: 1646kB
        ->  Hash Join  (cost=82955.72..216955.01 rows=984725 width=8) (actual time=3569.284..4820.429 rows=247643 loops=1)
              Hash Cond: (mk.movie_id = t.id)
              ->  Seq Scan on movie_keyword mk  (cost=0.00..69693.30 rows=4523930 width=4) (actual time=0.013..1462.582 rows=4523930 loops=1)
              ->  Hash  (cost=73925.90..73925.90 rows=550385 width=4) (actual time=1391.834..1391.834 rows=602403 loops=1)
                    Buckets: 131072  Batches: 8  Memory Usage: 3678kB
                    ->  Seq Scan on title t  (cost=0.00..73925.90 rows=550385 width=4) (actual time=0.026..1189.698 rows=602403 loops=1)
                          Filter: ((production_year > 2006) AND (kind_id = 7))
                          Rows Removed by Filter: 1925909
Planning time: 1.222 ms
Execution time: 38208.096 ms
