Hash Join  (cost=96944.59..664015.14 rows=8178362 width=0) (actual time=1959.036..18315.365 rows=4006498 loops=1)
  Hash Cond: (mi.movie_id = t.id)
  ->  Seq Scan on movie_info mi  (cost=0.00..309384.22 rows=14739122 width=4) (actual time=0.018..6154.975 rows=14835720 loops=1)
  ->  Hash  (cost=73925.90..73925.90 rows=1403015 width=4) (actual time=1958.087..1958.087 rows=1480641 loops=1)
        Buckets: 131072  Batches: 32  Memory Usage: 2658kB
        ->  Seq Scan on title t  (cost=0.00..73925.90 rows=1403015 width=4) (actual time=0.049..1476.377 rows=1480641 loops=1)
              Filter: ((kind_id > 4) AND (production_year > 1952))
              Rows Removed by Filter: 1047671
Planning time: 2.481 ms
Execution time: 18805.692 ms
