Seq Scan on cast_info ci  (cost=0.00..705507.15 rows=16723983 width=0) (actual time=0.026..11972.262 rows=16579143 loops=1)
  Filter: (person_id < 1641443)
  Rows Removed by Filter: 19665201
Planning time: 0.315 ms
Execution time: 13967.478 ms
