Hash Join  (cost=218421.48..1385175.33 rows=8534166 width=0) (actual time=5179.668..52267.838 rows=73593527 loops=1)
  Hash Cond: (ci.movie_id = t.id)
  ->  Seq Scan on cast_info ci  (cost=0.00..614943.12 rows=36225612 width=4) (actual time=0.013..13456.809 rows=36244344 loops=1)
  ->  Hash  (cost=208648.48..208648.48 rows=595680 width=8) (actual time=5178.615..5178.615 rows=922126 loops=1)
        Buckets: 131072 (originally 131072)  Batches: 16 (originally 8)  Memory Usage: 3357kB
        ->  Hash Join  (cost=79388.64..208648.48 rows=595680 width=8) (actual time=1235.559..4879.810 rows=922126 loops=1)
              Hash Cond: (mk.movie_id = t.id)
              ->  Seq Scan on movie_keyword mk  (cost=0.00..69693.30 rows=4523930 width=4) (actual time=0.018..1456.385 rows=4523930 loops=1)
              ->  Hash  (cost=73925.90..73925.90 rows=332939 width=4) (actual time=1234.312..1234.312 rows=255571 loops=1)
                    Buckets: 131072  Batches: 8  Memory Usage: 2154kB
                    ->  Seq Scan on title t  (cost=0.00..73925.90 rows=332939 width=4) (actual time=148.679..1150.613 rows=255571 loops=1)
                          Filter: ((production_year > 2002) AND (kind_id = 1))
                          Rows Removed by Filter: 2272741
Planning time: 1.115 ms
Execution time: 60307.804 ms
