Hash Join  (cost=169222.37..655937.53 rows=647524 width=0) (actual time=3115.013..16294.737 rows=5028955 loops=1)
  Hash Cond: (mi.movie_id = t.id)
  ->  Seq Scan on movie_info mi  (cost=0.00..309384.22 rows=14739122 width=4) (actual time=0.023..5937.236 rows=14835720 loops=1)
  ->  Hash  (cost=167399.82..167399.82 rows=111084 width=8) (actual time=3114.210..3114.210 rows=149696 loops=1)
        Buckets: 131072  Batches: 2  Memory Usage: 3989kB
        ->  Hash Join  (cost=77561.16..167399.82 rows=111084 width=8) (actual time=1303.108..3065.394 rows=149696 loops=1)
              Hash Cond: (mk.movie_id = t.id)
              ->  Seq Scan on movie_keyword mk  (cost=0.00..81003.12 rows=462851 width=4) (actual time=0.020..1372.841 rows=472545 loops=1)
                    Filter: (keyword_id < 359)
                    Rows Removed by Filter: 4051385
              ->  Hash  (cost=67604.59..67604.59 rows=606846 width=4) (actual time=1301.420..1301.420 rows=603411 loops=1)
                    Buckets: 131072  Batches: 8  Memory Usage: 3675kB
                    ->  Seq Scan on title t  (cost=0.00..67604.59 rows=606846 width=4) (actual time=0.019..1100.667 rows=603411 loops=1)
                          Filter: (production_year < 1986)
                          Rows Removed by Filter: 1924901
Planning time: 1.128 ms
Execution time: 16913.044 ms
