Nested Loop  (cost=0.43..83072.29 rows=1 width=0) (actual time=4.388..1388.425 rows=30 loops=1)
  ->  Seq Scan on movie_keyword mk  (cost=0.00..81003.12 rows=246 width=4) (actual time=1.272..1307.501 rows=2269 loops=1)
        Filter: (keyword_id = 1657)
        Rows Removed by Filter: 4521661
  ->  Index Scan using title_pkey on title t  (cost=0.43..8.40 rows=1 width=4) (actual time=0.035..0.035 rows=0 loops=2269)
        Index Cond: (id = mk.movie_id)
        Filter: (production_year = 1986)
        Rows Removed by Filter: 1
Planning time: 0.710 ms
Execution time: 1388.548 ms
