Seq Scan on cast_info ci  (cost=0.00..796071.18 rows=73379 width=0) (actual time=8428.329..10316.557 rows=30599 loops=1)
  Filter: ((person_id < 726937) AND (role_id > 10))
  Rows Removed by Filter: 36213745
Planning time: 0.358 ms
Execution time: 10320.958 ms
