Hash Join  (cost=232254.58..1057711.95 rows=3879298 width=0) (actual time=5028.680..26290.958 rows=15343883 loops=1)
  Hash Cond: (ci.movie_id = t.id)
  ->  Seq Scan on cast_info ci  (cost=0.00..705507.15 rows=5820248 width=4) (actual time=0.022..13214.503 rows=5732694 loops=1)
        Filter: (role_id > 8)
        Rows Removed by Filter: 30511650
  ->  Hash  (cost=204604.23..204604.23 rows=1685308 width=8) (actual time=5027.608..5027.608 rows=1676509 loops=1)
        Buckets: 131072  Batches: 32  Memory Usage: 3029kB
        ->  Hash Join  (cost=102767.86..204604.23 rows=1685308 width=8) (actual time=1851.912..4585.922 rows=1676509 loops=1)
              Hash Cond: (mc.movie_id = t.id)
              ->  Seq Scan on movie_companies mc  (cost=0.00..51404.11 rows=1685308 width=4) (actual time=0.016..991.033 rows=1676509 loops=1)
                    Filter: (company_id < 19385)
                    Rows Removed by Filter: 932620
              ->  Hash  (cost=61283.27..61283.27 rows=2528527 width=4) (actual time=1850.237..1850.237 rows=2528312 loops=1)
                    Buckets: 131072  Batches: 64  Memory Usage: 2415kB
                    ->  Seq Scan on title t  (cost=0.00..61283.27 rows=2528527 width=4) (actual time=0.023..985.328 rows=2528312 loops=1)
Planning time: 1.124 ms
Execution time: 27979.590 ms
