Hash Join  (cost=171517.96..305308.14 rows=887987 width=0) (actual time=4205.375..9509.059 rows=8075885 loops=1)
  Hash Cond: (mk.movie_id = t.id)
  ->  Seq Scan on movie_keyword mk  (cost=0.00..81003.12 rows=3585650 width=4) (actual time=0.029..1732.561 rows=3576344 loops=1)
        Filter: (keyword_id < 20023)
        Rows Removed by Filter: 947586
  ->  Hash  (cost=161243.59..161243.59 rows=626190 width=8) (actual time=4204.632..4204.632 rows=958623 loops=1)
        Buckets: 131072  Batches: 16  Memory Usage: 3397kB
        ->  Hash Join  (cost=77561.16..161243.59 rows=626190 width=8) (actual time=1396.303..3926.430 rows=958623 loops=1)
              Hash Cond: (mc.movie_id = t.id)
              ->  Seq Scan on movie_companies mc  (cost=0.00..44881.29 rows=2609129 width=4) (actual time=0.019..936.721 rows=2609129 loops=1)
              ->  Hash  (cost=67604.59..67604.59 rows=606846 width=4) (actual time=1395.361..1395.361 rows=603411 loops=1)
                    Buckets: 131072  Batches: 8  Memory Usage: 3668kB
                    ->  Seq Scan on title t  (cost=0.00..67604.59 rows=606846 width=4) (actual time=0.024..1197.855 rows=603411 loops=1)
                          Filter: (production_year < 1986)
                          Rows Removed by Filter: 1924901
Planning time: 1.105 ms
Execution time: 10467.482 ms
