Hash Join  (cost=967970.49..1628511.87 rows=3124923 width=0) (actual time=28118.569..45646.657 rows=10848919 loops=1)
  Hash Cond: (mi.movie_id = t.id)
  ->  Seq Scan on movie_info mi  (cost=0.00..309384.22 rows=14739122 width=4) (actual time=0.007..5980.282 rows=14835720 loops=1)
  ->  Hash  (cost=959174.40..959174.40 rows=536087 width=8) (actual time=28116.759..28116.759 rows=639265 loops=1)
        Buckets: 131072 (originally 131072)  Batches: 16 (originally 8)  Memory Usage: 4086kB
        ->  Hash Join  (cost=74690.97..959174.40 rows=536087 width=8) (actual time=1101.668..26015.029 rows=639265 loops=1)
              Hash Cond: (ci.movie_id = t.id)
              ->  Seq Scan on cast_info ci  (cost=0.00..796071.18 rows=22147036 width=4) (actual time=0.018..17533.357 rows=24130698 loops=1)
                    Filter: ((person_id < 3520808) AND (role_id < 4))
                    Rows Removed by Filter: 12113646
              ->  Hash  (cost=73925.90..73925.90 rows=61205 width=4) (actual time=1101.278..1101.278 rows=61581 loops=1)
                    Buckets: 65536  Batches: 1  Memory Usage: 2677kB
                    ->  Seq Scan on title t  (cost=0.00..73925.90 rows=61205 width=4) (actual time=191.827..1077.613 rows=61581 loops=1)
                          Filter: ((production_year > 2011) AND (kind_id = 1))
                          Rows Removed by Filter: 2466731
Planning time: 0.766 ms
Execution time: 47040.247 ms
