Hash Join  (cost=89532.49..232269.83 rows=1701930 width=0) (actual time=1492.755..6379.508 rows=3857070 loops=1)
  Hash Cond: (mk.movie_id = t.id)
  ->  Seq Scan on movie_keyword mk  (cost=0.00..69693.30 rows=4523930 width=4) (actual time=0.014..1364.707 rows=4523930 loops=1)
  ->  Hash  (cost=73925.90..73925.90 rows=951247 width=4) (actual time=1491.879..1491.879 rows=953271 loops=1)
        Buckets: 131072  Batches: 16  Memory Usage: 3127kB
        ->  Seq Scan on title t  (cost=0.00..73925.90 rows=951247 width=4) (actual time=0.026..1196.149 rows=953271 loops=1)
              Filter: ((kind_id < 7) AND (production_year > 1909))
              Rows Removed by Filter: 1575041
Planning time: 0.718 ms
Execution time: 6815.035 ms
