Seq Scan on movie_companies mc  (cost=0.00..57926.93 rows=1075974 width=0) (actual time=0.024..1076.669 rows=834930 loops=1)
  Filter: ((company_id < 74220) AND (company_type_id > 1))
  Rows Removed by Filter: 1774199
Planning time: 0.329 ms
Execution time: 1180.003 ms
