Seq Scan on cast_info ci  (cost=0.00..705507.15 rows=31475050 width=0) (actual time=0.014..13480.865 rows=31593767 loops=1)
  Filter: (person_id > 449937)
  Rows Removed by Filter: 4650577
Planning time: 0.334 ms
Execution time: 17408.006 ms
