Seq Scan on movie_keyword mk  (cost=0.00..81003.12 rows=246 width=0) (actual time=9.264..1289.291 rows=516 loops=1)
  Filter: (keyword_id = 10419)
  Rows Removed by Filter: 4523414
Planning time: 0.371 ms
Execution time: 1289.606 ms
