Hash Join  (cost=149225.45..671974.40 rows=4024605 width=0) (actual time=3442.580..20955.174 rows=13422700 loops=1)
  Hash Cond: (mi.movie_id = t.id)
  ->  Seq Scan on movie_info mi  (cost=0.00..309384.22 rows=14739122 width=4) (actual time=0.019..6097.625 rows=14835720 loops=1)
  ->  Hash  (cost=137898.08..137898.08 rows=690429 width=8) (actual time=3441.490..3441.490 rows=840130 loops=1)
        Buckets: 131072  Batches: 16  Memory Usage: 3098kB
        ->  Hash Join  (cost=88359.31..137898.08 rows=690429 width=8) (actual time=1677.257..3194.332 rows=840130 loops=1)
              Hash Cond: (mi_idx.movie_id = t.id)
              ->  Seq Scan on movie_info_idx mi_idx  (cost=0.00..21735.35 rows=1380035 width=4) (actual time=0.016..414.559 rows=1380035 loops=1)
              ->  Hash  (cost=67604.59..67604.59 rows=1265018 width=4) (actual time=1676.081..1676.081 rows=1263700 loops=1)
                    Buckets: 131072  Batches: 32  Memory Usage: 2410kB
                    ->  Seq Scan on title t  (cost=0.00..67604.59 rows=1265018 width=4) (actual time=0.023..1280.790 rows=1263700 loops=1)
                          Filter: (production_year < 2004)
                          Rows Removed by Filter: 1264612
Planning time: 1.137 ms
Execution time: 22488.556 ms
