Seq Scan on movie_keyword mk  (cost=0.00..81003.12 rows=919538 width=0) (actual time=0.016..1336.183 rows=909252 loops=1)
  Filter: (keyword_id > 20342)
  Rows Removed by Filter: 3614678
Planning time: 0.356 ms
Execution time: 1451.283 ms
