Hash Join  (cost=170796.11..306106.59 rows=1092344 width=0) (actual time=4317.621..10164.247 rows=10050896 loops=1)
  Hash Cond: (mk.movie_id = t.id)
  ->  Seq Scan on movie_keyword mk  (cost=0.00..69693.30 rows=4523930 width=4) (actual time=0.019..1502.529 rows=4523930 loops=1)
  ->  Hash  (cost=160779.41..160779.41 rows=610536 width=8) (actual time=4316.383..4316.383 rows=936326 loops=1)
        Buckets: 131072 (originally 131072)  Batches: 16 (originally 8)  Memory Usage: 3342kB
        ->  Hash Join  (cost=77312.52..160779.41 rows=610536 width=8) (actual time=1326.037..4013.713 rows=936326 loops=1)
              Hash Cond: (mc.movie_id = t.id)
              ->  Seq Scan on movie_companies mc  (cost=0.00..44881.29 rows=2609129 width=4) (actual time=0.033..983.826 rows=2609129 loops=1)
              ->  Hash  (cost=67604.59..67604.59 rows=591675 width=4) (actual time=1323.988..1323.988 rows=585020 loops=1)
                    Buckets: 131072  Batches: 8  Memory Usage: 3586kB
                    ->  Seq Scan on title t  (cost=0.00..67604.59 rows=591675 width=4) (actual time=0.014..1131.797 rows=585020 loops=1)
                          Filter: (production_year < 1985)
                          Rows Removed by Filter: 1943292
Planning time: 5.457 ms
Execution time: 11261.444 ms
