Seq Scan on movie_companies mc  (cost=0.00..57926.93 rows=51 width=0) (actual time=214.524..817.598 rows=4 loops=1)
  Filter: ((company_id = 24559) AND (company_type_id = 1))
  Rows Removed by Filter: 2609125
Planning time: 0.375 ms
Execution time: 817.683 ms
