Seq Scan on cast_info ci  (cost=0.00..705507.15 rows=500 width=0) (actual time=8697.589..10188.161 rows=65 loops=1)
  Filter: (person_id = 2046714)
  Rows Removed by Filter: 36244279
Planning time: 0.369 ms
Execution time: 10188.239 ms
