Hash Join  (cost=126733.10..220135.55 rows=3111 width=0) (actual time=2091.496..3919.387 rows=16 loops=1)
  Hash Cond: (mk.movie_id = t.id)
  ->  Seq Scan on movie_keyword mk  (cost=0.00..81003.12 rows=3298191 width=4) (actual time=0.013..1498.241 rows=3289316 loops=1)
        Filter: (keyword_id > 1561)
        Rows Removed by Filter: 1234614
  ->  Hash  (cost=126703.28..126703.28 rows=2385 width=8) (actual time=1987.430..1987.430 rows=1 loops=1)
        Buckets: 4096  Batches: 1  Memory Usage: 33kB
        ->  Hash Join  (cost=74185.18..126703.28 rows=2385 width=8) (actual time=1239.246..1987.396 rows=1 loops=1)
              Hash Cond: (mc.movie_id = t.id)
              ->  Seq Scan on movie_companies mc  (cost=0.00..51404.11 rows=290704 width=4) (actual time=0.026..798.348 rows=285317 loops=1)
                    Filter: (company_id < 159)
                    Rows Removed by Filter: 2323812
              ->  Hash  (cost=73925.90..73925.90 rows=20742 width=4) (actual time=1104.835..1104.835 rows=51721 loops=1)
                    Buckets: 65536 (originally 32768)  Batches: 1 (originally 1)  Memory Usage: 2331kB
                    ->  Seq Scan on title t  (cost=0.00..73925.90 rows=20742 width=4) (actual time=0.015..1083.737 rows=51721 loops=1)
                          Filter: ((kind_id < 7) AND (production_year < 1914))
                          Rows Removed by Filter: 2476591
Planning time: 1.136 ms
Execution time: 3919.627 ms
