Nested Loop  (cost=0.43..83072.29 rows=181 width=0) (actual time=4.733..532.134 rows=248 loops=1)
  ->  Seq Scan on movie_keyword mk  (cost=0.00..81003.12 rows=246 width=4) (actual time=0.319..518.533 rows=816 loops=1)
        Filter: (keyword_id = 2477)
        Rows Removed by Filter: 4523114
  ->  Index Scan using title_pkey on title t  (cost=0.43..8.40 rows=1 width=4) (actual time=0.016..0.016 rows=0 loops=816)
        Index Cond: (id = mk.movie_id)
        Filter: (kind_id > 1)
        Rows Removed by Filter: 1
Planning time: 2.366 ms
Execution time: 532.320 ms
