Seq Scan on movie_keyword mk  (cost=0.00..81003.12 rows=536444 width=0) (actual time=0.021..1340.528 rows=528023 loops=1)
  Filter: (keyword_id > 34482)
  Rows Removed by Filter: 3995907
Planning time: 0.308 ms
Execution time: 1408.004 ms
