Hash Join  (cost=718961.05..2792704.15 rows=79193690 width=0) (actual time=22620.736..146675.316 rows=369143893 loops=1)
  Hash Cond: (ci.movie_id = t.id)
  ->  Seq Scan on cast_info ci  (cost=0.00..614943.12 rows=36225612 width=4) (actual time=0.018..14224.622 rows=36244344 loops=1)
  ->  Hash  (cost=628272.12..628272.12 rows=5527674 width=8) (actual time=22616.643..22616.643 rows=10480369 loops=1)
        Buckets: 131072 (originally 131072)  Batches: 256 (originally 128)  Memory Usage: 3073kB
        ->  Hash Join  (cost=89484.46..628272.12 rows=5527674 width=8) (actual time=1511.985..19579.782 rows=10480369 loops=1)
              Hash Cond: (mi.movie_id = t.id)
              ->  Seq Scan on movie_info mi  (cost=0.00..309384.22 rows=14739122 width=4) (actual time=0.023..6336.753 rows=14835720 loops=1)
              ->  Hash  (cost=73925.90..73925.90 rows=948284 width=4) (actual time=1509.537..1509.537 rows=942729 loops=1)
                    Buckets: 131072  Batches: 16  Memory Usage: 3105kB
                    ->  Seq Scan on title t  (cost=0.00..73925.90 rows=948284 width=4) (actual time=0.023..1193.785 rows=942729 loops=1)
                          Filter: ((kind_id < 7) AND (production_year > 1911))
                          Rows Removed by Filter: 1585583
Planning time: 1.186 ms
Execution time: 186270.566 ms
