Seq Scan on cast_info ci  (cost=0.00..796071.18 rows=1417790 width=0) (actual time=1885.500..11185.175 rows=2824608 loops=1)
  Filter: ((person_id < 374958) AND (role_id < 2))
  Rows Removed by Filter: 33419736
Planning time: 0.355 ms
Execution time: 11559.228 ms
