Hash Join  (cost=463022.01..542619.69 rows=329915 width=0) (actual time=8526.285..11088.686 rows=3363535 loops=1)
  Hash Cond: (mc.movie_id = t.id)
  ->  Seq Scan on movie_companies mc  (cost=0.00..44881.29 rows=2609129 width=4) (actual time=0.012..846.964 rows=2609129 loops=1)
  ->  Hash  (cost=457776.48..457776.48 rows=319723 width=8) (actual time=8525.505..8525.505 rows=288857 loops=1)
        Buckets: 131072  Batches: 8  Memory Usage: 2408kB
        ->  Hash Join  (cost=95609.14..457776.48 rows=319723 width=8) (actual time=4608.870..8447.704 rows=288857 loops=1)
              Hash Cond: (mi.movie_id = t.id)
              ->  Seq Scan on movie_info mi  (cost=0.00..346232.03 rows=473617 width=4) (actual time=1982.422..5256.200 rows=486554 loops=1)
                    Filter: (info_type_id = 5)
                    Rows Removed by Filter: 14349166
              ->  Hash  (cost=67604.59..67604.59 rows=1706924 width=4) (actual time=2619.621..2619.621 rows=1700316 loops=1)
                    Buckets: 131072  Batches: 32  Memory Usage: 2903kB
                    ->  Seq Scan on title t  (cost=0.00..67604.59 rows=1706924 width=4) (actual time=0.041..1346.059 rows=1700316 loops=1)
                          Filter: (production_year > 1992)
                          Rows Removed by Filter: 827996
Planning time: 1.089 ms
Execution time: 11405.542 ms
