Nested Loop  (cost=44377.22..140266.84 rows=107 width=0) (actual time=962.978..3410.607 rows=441 loops=1)
  ->  Hash Join  (cost=44376.79..131796.92 rows=14346 width=8) (actual time=916.984..3264.003 rows=9777 loops=1)
        Hash Cond: (mk.movie_id = mi_idx.movie_id)
        ->  Seq Scan on movie_keyword mk  (cost=0.00..81003.12 rows=4826 width=4) (actual time=0.070..1267.851 rows=4883 loops=1)
              Filter: (keyword_id = 508)
              Rows Removed by Filter: 4519047
        ->  Hash  (cost=21735.35..21735.35 rows=1380035 width=4) (actual time=896.786..896.786 rows=1380035 loops=1)
              Buckets: 131072  Batches: 32  Memory Usage: 2556kB
              ->  Seq Scan on movie_info_idx mi_idx  (cost=0.00..21735.35 rows=1380035 width=4) (actual time=0.015..455.379 rows=1380035 loops=1)
  ->  Index Scan using title_pkey on title t  (cost=0.43..0.58 rows=1 width=4) (actual time=0.015..0.015 rows=0 loops=9777)
        Index Cond: (id = mi_idx.movie_id)
        Filter: (kind_id = 3)
        Rows Removed by Filter: 1
Planning time: 1.172 ms
Execution time: 3410.866 ms
