Hash Join  (cost=424990.02..1175961.71 rows=18248 width=0) (actual time=6896.948..23257.990 rows=124584 loops=1)
  Hash Cond: (ci.movie_id = t.id)
  ->  Seq Scan on cast_info ci  (cost=0.00..614943.12 rows=36225612 width=4) (actual time=0.018..8342.967 rows=36244344 loops=1)
  ->  Hash  (cost=424974.10..424974.10 rows=1274 width=8) (actual time=6896.764..6896.764 rows=7003 loops=1)
        Buckets: 8192 (originally 2048)  Batches: 1 (originally 1)  Memory Usage: 338kB
        ->  Hash Join  (cost=73957.54..424974.10 rows=1274 width=8) (actual time=5737.372..6893.562 rows=7003 loops=1)
              Hash Cond: (mi.movie_id = t.id)
              ->  Seq Scan on movie_info mi  (cost=0.00..346232.03 rows=1272478 width=4) (actual time=4589.307..5514.536 rows=1325361 loops=1)
                    Filter: (info_type_id = 8)
                    Rows Removed by Filter: 13510359
              ->  Hash  (cost=73925.90..73925.90 rows=2531 width=4) (actual time=1147.418..1147.418 rows=6603 loops=1)
                    Buckets: 8192 (originally 4096)  Batches: 1 (originally 1)  Memory Usage: 297kB
                    ->  Seq Scan on title t  (cost=0.00..73925.90 rows=2531 width=4) (actual time=0.934..1144.162 rows=6603 loops=1)
                          Filter: ((kind_id < 4) AND (production_year = 1983))
                          Rows Removed by Filter: 2521709
Planning time: 1.202 ms
Execution time: 23281.763 ms
