Hash Join  (cost=88195.18..1136125.95 rows=7772906 width=0) (actual time=1578.123..30794.048 rows=8586559 loops=1)
  Hash Cond: (ci.movie_id = t.id)
  ->  Seq Scan on cast_info ci  (cost=0.00..705507.15 rows=22598549 width=4) (actual time=0.022..15334.763 rows=22456055 loops=1)
        Filter: (person_id < 2290249)
        Rows Removed by Filter: 13788289
  ->  Hash  (cost=73925.90..73925.90 rows=869702 width=4) (actual time=1577.037..1577.037 rows=896788 loops=1)
        Buckets: 131072  Batches: 16  Memory Usage: 2998kB
        ->  Seq Scan on title t  (cost=0.00..73925.90 rows=869702 width=4) (actual time=0.033..1293.728 rows=896788 loops=1)
              Filter: ((kind_id < 7) AND (production_year < 2012))
              Rows Removed by Filter: 1631524
Planning time: 0.828 ms
Execution time: 31783.051 ms
