Seq Scan on cast_info ci  (cost=0.00..796071.18 rows=3705525 width=0) (actual time=8280.169..15467.496 rows=4008037 loops=1)
  Filter: ((person_id < 3544999) AND (role_id = 3))
  Rows Removed by Filter: 32236307
Planning time: 0.284 ms
Execution time: 15937.563 ms
