Hash Join  (cost=709678.15..764348.83 rows=516 width=0) (actual time=11165.162..12132.113 rows=5 loops=1)
  Hash Cond: (mc.movie_id = t.id)
  ->  Seq Scan on movie_companies mc  (cost=0.00..44881.29 rows=2609129 width=4) (actual time=0.008..623.174 rows=2609129 loops=1)
  ->  Hash  (cost=709671.90..709671.90 rows=500 width=8) (actual time=11020.927..11020.927 rows=138 loops=1)
        Buckets: 1024  Batches: 1  Memory Usage: 14kB
        ->  Nested Loop  (cost=0.43..709671.90 rows=500 width=8) (actual time=6497.918..11020.873 rows=138 loops=1)
              ->  Seq Scan on cast_info ci  (cost=0.00..705507.15 rows=500 width=4) (actual time=6497.835..11019.475 rows=138 loops=1)
                    Filter: (person_id = 2241276)
                    Rows Removed by Filter: 36244206
              ->  Index Only Scan using title_pkey on title t  (cost=0.43..8.32 rows=1 width=4) (actual time=0.009..0.010 rows=1 loops=138)
                    Index Cond: (id = ci.movie_id)
                    Heap Fetches: 138
Planning time: 0.809 ms
Execution time: 12140.371 ms
