Hash Join  (cost=223763.42..386893.32 rows=1504586 width=156) (actual time=6714.667..8647.785 rows=1107420 loops=1)
  Hash Cond: (mk.movie_id = t.id)
  ->  Seq Scan on movie_keyword mk  (cost=0.00..69693.30 rows=4523930 width=12) (actual time=0.021..1625.101 rows=4523930 loops=1)
  ->  Hash  (cost=196005.58..196005.58 rows=840947 width=144) (actual time=4506.615..4506.615 rows=425718 loops=1)
        Buckets: 32768  Batches: 64  Memory Usage: 1213kB
        ->  Hash Join  (cost=109435.59..196005.58 rows=840947 width=144) (actual time=2480.434..4235.207 rows=425718 loops=1)
              Hash Cond: (mi_idx.movie_id = t.id)
              ->  Seq Scan on movie_info_idx mi_idx  (cost=0.00..21735.35 rows=1380035 width=50) (actual time=0.015..478.897 rows=1380035 loops=1)
              ->  Hash  (cost=67604.59..67604.59 rows=1540800 width=94) (actual time=2407.155..2407.155 rows=1543264 loops=1)
                    Buckets: 32768  Batches: 64  Memory Usage: 3011kB
                    ->  Seq Scan on title t  (cost=0.00..67604.59 rows=1540800 width=94) (actual time=0.025..1718.737 rows=1543264 loops=1)
                          Filter: (kind_id = 7)
                          Rows Removed by Filter: 985048
Planning time: 1.458 ms
Execution time: 8706.589 ms
