Hash Join  (cost=203153.25..592257.38 rows=269212 width=0) (actual time=5010.496..11833.915 rows=1609476 loops=1)
  Hash Cond: (mi.movie_id = t.id)
  ->  Seq Scan on movie_info mi  (cost=0.00..346232.03 rows=3068194 width=4) (actual time=543.686..5792.707 rows=3036719 loops=1)
        Filter: (info_type_id = 16)
        Rows Removed by Filter: 11799001
  ->  Hash  (cost=199512.99..199512.99 rows=221861 width=8) (actual time=4465.870..4465.870 rows=150954 loops=1)
        Buckets: 131072  Batches: 4  Memory Usage: 2467kB
        ->  Hash Join  (cost=69928.56..199512.99 rows=221861 width=8) (actual time=1140.689..4124.733 rows=150954 loops=1)
              Hash Cond: (mk.movie_id = t.id)
              ->  Seq Scan on movie_keyword mk  (cost=0.00..81003.12 rows=3961784 width=4) (actual time=0.021..1740.195 rows=3964536 loops=1)
                    Filter: (keyword_id < 32896)
                    Rows Removed by Filter: 559394
              ->  Hash  (cost=67604.59..67604.59 rows=141598 width=4) (actual time=1139.870..1139.870 rows=141703 loops=1)
                    Buckets: 131072  Batches: 2  Memory Usage: 3517kB
                    ->  Seq Scan on title t  (cost=0.00..67604.59 rows=141598 width=4) (actual time=0.031..1083.812 rows=141703 loops=1)
                          Filter: (production_year = 2010)
                          Rows Removed by Filter: 2386609
Planning time: 8.236 ms
Execution time: 12023.496 ms
