Hash Join  (cost=82213.80..124637.12 rows=275683 width=0) (actual time=1356.007..2642.065 rows=412455 loops=1)
  Hash Cond: (mi_idx.movie_id = t.id)
  ->  Seq Scan on movie_info_idx mi_idx  (cost=0.00..21735.35 rows=1380035 width=4) (actual time=0.026..476.268 rows=1380035 loops=1)
  ->  Hash  (cost=73925.90..73925.90 rows=505112 width=4) (actual time=1355.007..1355.007 rows=392485 loops=1)
        Buckets: 131072  Batches: 8  Memory Usage: 2748kB
        ->  Seq Scan on title t  (cost=0.00..73925.90 rows=505112 width=4) (actual time=0.017..1222.163 rows=392485 loops=1)
              Filter: ((kind_id < 4) AND (production_year > 1998))
              Rows Removed by Filter: 2135827
Planning time: 0.700 ms
Execution time: 2693.409 ms
