Seq Scan on movie_keyword mk  (cost=0.00..81003.12 rows=983901 width=0) (actual time=0.017..1281.719 rows=994061 loops=1)
  Filter: (keyword_id < 935)
  Rows Removed by Filter: 3529869
Planning time: 0.322 ms
Execution time: 1397.209 ms
