Hash Join  (cost=193370.47..1151681.93 rows=6171243 width=0) (actual time=4598.727..28459.153 rows=9005916 loops=1)
  Hash Cond: (ci.movie_id = t.id)
  ->  Seq Scan on cast_info ci  (cost=0.00..705507.15 rows=16201301 width=4) (actual time=0.020..14012.000 rows=16121683 loops=1)
        Filter: (role_id > 2)
        Rows Removed by Filter: 20122661
  ->  Hash  (cost=177568.20..177568.20 rows=963142 width=8) (actual time=4597.131..4597.131 rows=373438 loops=1)
        Buckets: 131072  Batches: 16  Memory Usage: 1915kB
        ->  Hash Join  (cost=89240.26..177568.20 rows=963142 width=8) (actual time=2665.782..4498.737 rows=373438 loops=1)
              Hash Cond: (mc.movie_id = t.id)
              ->  Seq Scan on movie_companies mc  (cost=0.00..44881.29 rows=2609129 width=4) (actual time=0.023..846.425 rows=2609129 loops=1)
              ->  Hash  (cost=73925.90..73925.90 rows=933388 width=4) (actual time=2247.193..2247.193 rows=1024206 loops=1)
                    Buckets: 131072  Batches: 16  Memory Usage: 3285kB
                    ->  Seq Scan on title t  (cost=0.00..73925.90 rows=933388 width=4) (actual time=235.652..1419.403 rows=1024206 loops=1)
                          Filter: ((production_year > 1997) AND (kind_id = 7))
                          Rows Removed by Filter: 1504106
Planning time: 1.100 ms
Execution time: 29466.133 ms
