Seq Scan on movie_companies mc  (cost=0.00..51404.11 rows=104 width=0) (actual time=62.292..829.463 rows=43 loops=1)
  Filter: (company_id = 106120)
  Rows Removed by Filter: 2609086
Planning time: 0.356 ms
Execution time: 829.561 ms
