Hash Join  (cost=131047.25..210866.74 rows=345996 width=0) (actual time=3004.354..5396.414 rows=1252550 loops=1)
  Hash Cond: (mc.movie_id = t.id)
  ->  Seq Scan on movie_companies mc  (cost=0.00..44881.29 rows=2609129 width=4) (actual time=0.022..952.578 rows=2609129 loops=1)
  ->  Hash  (cost=125545.90..125545.90 rows=335308 width=8) (actual time=3003.579..3003.579 rows=413944 loops=1)
        Buckets: 131072  Batches: 8  Memory Usage: 3053kB
        ->  Hash Join  (cost=82805.75..125545.90 rows=335308 width=8) (actual time=1511.379..2889.843 rows=413944 loops=1)
              Hash Cond: (mi_idx.movie_id = t.id)
              ->  Seq Scan on movie_info_idx mi_idx  (cost=0.00..25185.44 rows=915101 width=4) (actual time=0.020..549.295 rows=919850 loops=1)
                    Filter: (info_type_id < 101)
                    Rows Removed by Filter: 460185
              ->  Hash  (cost=67604.59..67604.59 rows=926493 width=4) (actual time=1510.261..1510.261 rows=924605 loops=1)
                    Buckets: 131072  Batches: 16  Memory Usage: 3056kB
                    ->  Seq Scan on title t  (cost=0.00..67604.59 rows=926493 width=4) (actual time=0.018..1214.789 rows=924605 loops=1)
                          Filter: (production_year < 1998)
                          Rows Removed by Filter: 1603707
Planning time: 1.299 ms
Execution time: 5522.141 ms
