Hash Join  (cost=426212.34..1256955.09 rows=80223 width=0) (actual time=6756.201..23218.277 rows=369210 loops=1)
  Hash Cond: (ci.movie_id = t.id)
  ->  Seq Scan on cast_info ci  (cost=0.00..796071.18 rows=9031823 width=4) (actual time=0.027..14048.562 rows=11674029 loops=1)
        Filter: ((person_id > 1573853) AND (role_id > 2))
        Rows Removed by Filter: 24570315
  ->  Hash  (cost=425931.60..425931.60 rows=22459 width=8) (actual time=6755.590..6755.590 rows=19248 loops=1)
        Buckets: 32768  Batches: 1  Memory Usage: 1008kB
        ->  Hash Join  (cost=74456.32..425931.60 rows=22459 width=8) (actual time=5792.526..6748.322 rows=19248 loops=1)
              Hash Cond: (mi.movie_id = t.id)
              ->  Seq Scan on movie_info mi  (cost=0.00..346232.03 rows=1338312 width=4) (actual time=4494.657..5365.380 rows=1401902 loops=1)
                    Filter: (info_type_id = 7)
                    Rows Removed by Filter: 13433818
              ->  Hash  (cost=73925.90..73925.90 rows=42433 width=4) (actual time=1102.569..1102.569 rows=37411 loops=1)
                    Buckets: 65536  Batches: 1  Memory Usage: 1828kB
                    ->  Seq Scan on title t  (cost=0.00..73925.90 rows=42433 width=4) (actual time=512.176..1087.575 rows=37411 loops=1)
                          Filter: ((kind_id = 1) AND (production_year = 2011))
                          Rows Removed by Filter: 2490901
Planning time: 1.226 ms
Execution time: 23269.873 ms
