Hash Join  (cost=196520.67..706137.78 rows=1067130 width=0) (actual time=3799.106..17032.683 rows=4722705 loops=1)
  Hash Cond: (mi.movie_id = t.id)
  ->  Seq Scan on movie_info mi  (cost=0.00..309384.22 rows=14739122 width=4) (actual time=0.022..6212.814 rows=14835720 loops=1)
  ->  Hash  (cost=193516.32..193516.32 rows=183068 width=8) (actual time=3798.288..3798.288 rows=250907 loops=1)
        Buckets: 131072  Batches: 4  Memory Usage: 3470kB
        ->  Hash Join  (cost=69283.60..193516.32 rows=183068 width=8) (actual time=1017.592..3717.221 rows=250907 loops=1)
              Hash Cond: (mk.movie_id = t.id)
              ->  Seq Scan on movie_keyword mk  (cost=0.00..69693.30 rows=4523930 width=4) (actual time=0.022..1293.076 rows=4523930 loops=1)
              ->  Hash  (cost=67604.59..67604.59 rows=102321 width=4) (actual time=1016.690..1016.690 rows=100537 loops=1)
                    Buckets: 131072  Batches: 2  Memory Usage: 2803kB
                    ->  Seq Scan on title t  (cost=0.00..67604.59 rows=102321 width=4) (actual time=0.043..980.516 rows=100537 loops=1)
                          Filter: (kind_id = 3)
                          Rows Removed by Filter: 2427775
Planning time: 1.158 ms
Execution time: 17558.707 ms
