Hash Join  (cost=74185.18..440050.19 rows=120908 width=0) (actual time=1095.800..9201.189 rows=560678 loops=1)
  Hash Cond: (mi.movie_id = t.id)
  ->  Seq Scan on movie_info mi  (cost=0.00..309384.22 rows=14739122 width=4) (actual time=0.018..3989.611 rows=14835720 loops=1)
  ->  Hash  (cost=73925.90..73925.90 rows=20742 width=4) (actual time=1053.679..1053.679 rows=51721 loops=1)
        Buckets: 65536 (originally 32768)  Batches: 1 (originally 1)  Memory Usage: 2331kB
        ->  Seq Scan on title t  (cost=0.00..73925.90 rows=20742 width=4) (actual time=439.709..1032.830 rows=51721 loops=1)
              Filter: ((kind_id < 7) AND (production_year < 1914))
              Rows Removed by Filter: 2476591
Planning time: 0.761 ms
Execution time: 9277.506 ms
