Seq Scan on title t  (cost=0.00..73925.90 rows=440473 width=0) (actual time=183.908..1159.480 rows=473918 loops=1)
  Filter: ((production_year < 2008) AND (kind_id = 1))
  Rows Removed by Filter: 2054394
Planning time: 0.412 ms
Execution time: 1215.796 ms
