Seq Scan on cast_info ci  (cost=0.00..796071.18 rows=6960971 width=0) (actual time=1336.182..12816.876 rows=938353 loops=1)
  Filter: ((person_id > 1611062) AND (role_id = 1))
  Rows Removed by Filter: 35305991
Planning time: 0.382 ms
Execution time: 12934.165 ms
