Seq Scan on movie_keyword mk  (cost=0.00..81003.12 rows=2799011 width=0) (actual time=0.025..1477.579 rows=2794658 loops=1)
  Filter: (keyword_id > 2811)
  Rows Removed by Filter: 1729272
Planning time: 3.647 ms
Execution time: 1853.404 ms
