Hash Join  (cost=436087.99..523913.51 rows=116748 width=0) (actual time=6101.052..10864.358 rows=6155437 loops=1)
  Hash Cond: (mk.movie_id = t.id)
  ->  Seq Scan on movie_keyword mk  (cost=0.00..69693.30 rows=4523930 width=4) (actual time=0.028..1100.130 rows=4523930 loops=1)
  ->  Hash  (cost=435272.33..435272.33 rows=65253 width=8) (actual time=6100.495..6100.495 rows=174573 loops=1)
        Buckets: 131072 (originally 65536)  Batches: 4 (originally 1)  Memory Usage: 3073kB
        ->  Hash Join  (cost=76796.18..435272.33 rows=65253 width=8) (actual time=1296.412..6022.790 rows=174573 loops=1)
              Hash Cond: (mi.movie_id = t.id)
              ->  Seq Scan on movie_info mi  (cost=0.00..346232.03 rows=943358 width=4) (actual time=63.461..4302.709 rows=978723 loops=1)
                    Filter: (info_type_id > 90)
                    Rows Removed by Filter: 13856997
              ->  Hash  (cost=73925.90..73925.90 rows=174902 width=4) (actual time=1224.609..1224.609 rows=160286 loops=1)
                    Buckets: 131072  Batches: 4  Memory Usage: 2441kB
                    ->  Seq Scan on title t  (cost=0.00..73925.90 rows=174902 width=4) (actual time=80.967..1168.957 rows=160286 loops=1)
                          Filter: ((production_year > 2008) AND (kind_id = 1))
                          Rows Removed by Filter: 2368026
Planning time: 5.061 ms
Execution time: 11587.954 ms
