Hash Join  (cost=79907.83..209857.31 rows=652244 width=0) (actual time=1227.357..5268.491 rows=1053171 loops=1)
  Hash Cond: (mk.movie_id = t.id)
  ->  Seq Scan on movie_keyword mk  (cost=0.00..69693.30 rows=4523930 width=4) (actual time=0.012..1402.785 rows=4523930 loops=1)
  ->  Hash  (cost=73925.90..73925.90 rows=364554 width=4) (actual time=1226.275..1226.275 rows=274015 loops=1)
        Buckets: 131072  Batches: 8  Memory Usage: 2237kB
        ->  Seq Scan on title t  (cost=0.00..73925.90 rows=364554 width=4) (actual time=26.917..1132.819 rows=274015 loops=1)
              Filter: ((production_year > 2000) AND (kind_id = 1))
              Rows Removed by Filter: 2254297
Planning time: 0.702 ms
Execution time: 5399.857 ms
