Hash Join  (cost=101489.21..194465.11 rows=1304343 width=0) (actual time=1936.390..4421.067 rows=1390332 loops=1)
  Hash Cond: (mc.movie_id = t.id)
  ->  Seq Scan on movie_companies mc  (cost=0.00..51404.11 rows=1596872 width=4) (actual time=0.016..1008.733 rows=1596660 loops=1)
        Filter: (company_id > 5111)
        Rows Removed by Filter: 1012469
  ->  Hash  (cost=67604.59..67604.59 rows=2065330 width=4) (actual time=1934.938..1934.938 rows=2064552 loops=1)
        Buckets: 131072  Batches: 32  Memory Usage: 3289kB
        ->  Seq Scan on title t  (cost=0.00..67604.59 rows=2065330 width=4) (actual time=0.022..1277.446 rows=2064552 loops=1)
              Filter: (production_year < 2011)
              Rows Removed by Filter: 463760
Planning time: 0.781 ms
Execution time: 4568.358 ms
