Hash Join  (cost=193174.40..1309168.25 rows=8000868 width=0) (actual time=3500.846..36933.751 rows=8781038 loops=1)
  Hash Cond: (ci.movie_id = t.id)
  ->  Seq Scan on cast_info ci  (cost=0.00..614943.12 rows=36225612 width=4) (actual time=0.021..12864.331 rows=36244344 loops=1)
  ->  Hash  (cost=184011.70..184011.70 rows=558456 width=8) (actual time=3500.075..3500.075 rows=278997 loops=1)
        Buckets: 131072  Batches: 8  Memory Usage: 2393kB
        ->  Hash Join  (cost=102767.86..184011.70 rows=558456 width=8) (actual time=1851.917..3425.484 rows=278997 loops=1)
              Hash Cond: (mc.movie_id = t.id)
              ->  Seq Scan on movie_companies mc  (cost=0.00..57926.93 rows=558456 width=4) (actual time=0.018..961.779 rows=278997 loops=1)
                    Filter: ((company_id > 13171) AND (company_type_id = 1))
                    Rows Removed by Filter: 2330132
              ->  Hash  (cost=61283.27..61283.27 rows=2528527 width=4) (actual time=1850.619..1850.619 rows=2528312 loops=1)
                    Buckets: 131072  Batches: 64  Memory Usage: 2415kB
                    ->  Seq Scan on title t  (cost=0.00..61283.27 rows=2528527 width=4) (actual time=0.024..995.709 rows=2528312 loops=1)
Planning time: 1.095 ms
Execution time: 38007.766 ms
