Hash Join  (cost=184465.41..685623.23 rows=2001089 width=0) (actual time=3869.487..20654.127 rows=12735443 loops=1)
  Hash Cond: (mi.movie_id = t.id)
  ->  Seq Scan on movie_info mi  (cost=0.00..309384.22 rows=14739122 width=4) (actual time=0.018..6502.617 rows=14835720 loops=1)
  ->  Hash  (cost=178833.27..178833.27 rows=343291 width=8) (actual time=3868.660..3868.660 rows=492267 loops=1)
        Buckets: 131072  Batches: 8  Memory Usage: 3444kB
        ->  Hash Join  (cost=102767.86..178833.27 rows=343291 width=8) (actual time=2043.214..3718.444 rows=492267 loops=1)
              Hash Cond: (mc.movie_id = t.id)
              ->  Seq Scan on movie_companies mc  (cost=0.00..57926.93 rows=343291 width=4) (actual time=130.695..955.987 rows=492267 loops=1)
                    Filter: ((company_id < 1263) AND (company_type_id < 2))
                    Rows Removed by Filter: 2116862
              ->  Hash  (cost=61283.27..61283.27 rows=2528527 width=4) (actual time=1911.330..1911.330 rows=2528312 loops=1)
                    Buckets: 131072  Batches: 64  Memory Usage: 2415kB
                    ->  Seq Scan on title t  (cost=0.00..61283.27 rows=2528527 width=4) (actual time=0.019..1096.030 rows=2528312 loops=1)
Planning time: 2.878 ms
Execution time: 22137.999 ms
