Hash Join  (cost=74747.02..166548.09 rows=69959 width=0) (actual time=1438.057..3082.818 rows=18625 loops=1)
  Hash Cond: (mk.movie_id = t.id)
  ->  Seq Scan on movie_keyword mk  (cost=0.00..81003.12 rows=2692894 width=4) (actual time=0.029..1495.502 rows=2683318 loops=1)
        Filter: (keyword_id > 3040)
        Rows Removed by Filter: 1840612
  ->  Hash  (cost=73925.90..73925.90 rows=65689 width=4) (actual time=1132.575..1132.575 rows=74524 loops=1)
        Buckets: 131072  Batches: 1  Memory Usage: 3644kB
        ->  Seq Scan on title t  (cost=0.00..73925.90 rows=65689 width=4) (actual time=47.821..1102.437 rows=74524 loops=1)
              Filter: ((kind_id = 7) AND (production_year = 2006))
              Rows Removed by Filter: 2453788
Planning time: 7.772 ms
Execution time: 3085.683 ms
