Hash Join  (cost=83074.74..137742.81 rows=254 width=0) (actual time=1314.589..2477.431 rows=13084 loops=1)
  Hash Cond: (mc.movie_id = t.id)
  ->  Seq Scan on movie_companies mc  (cost=0.00..44881.29 rows=2609129 width=4) (actual time=0.019..662.742 rows=2609129 loops=1)
  ->  Hash  (cost=83071.67..83071.67 rows=246 width=8) (actual time=1314.384..1314.384 rows=1870 loops=1)
        Buckets: 2048 (originally 1024)  Batches: 1 (originally 1)  Memory Usage: 90kB
        ->  Nested Loop  (cost=0.43..83071.67 rows=246 width=8) (actual time=0.195..1312.990 rows=1870 loops=1)
              ->  Seq Scan on movie_keyword mk  (cost=0.00..81003.12 rows=246 width=4) (actual time=0.127..1246.809 rows=1870 loops=1)
                    Filter: (keyword_id = 4297)
                    Rows Removed by Filter: 4522060
              ->  Index Only Scan using title_pkey on title t  (cost=0.43..8.40 rows=1 width=4) (actual time=0.034..0.034 rows=1 loops=1870)
                    Index Cond: (id = mk.movie_id)
                    Heap Fetches: 1870
Planning time: 1.142 ms
Execution time: 2479.521 ms
