Seq Scan on movie_companies mc  (cost=0.00..51404.11 rows=1422758 width=0) (actual time=0.019..1042.414 rows=1412940 loops=1)
  Filter: (company_id < 12390)
  Rows Removed by Filter: 1196189
Planning time: 20.961 ms
Execution time: 1218.418 ms
