Seq Scan on cast_info ci  (cost=0.00..796071.18 rows=176 width=0) (actual time=7696.813..10247.054 rows=80 loops=1)
  Filter: ((person_id = 1596148) AND (role_id = 1))
  Rows Removed by Filter: 36244264
Planning time: 0.361 ms
Execution time: 10247.149 ms
