Hash Join  (cost=67697.55..94640.16 rows=1367 width=0) (actual time=1054.537..1576.922 rows=1104 loops=1)
  Hash Cond: (mi_idx.movie_id = t.id)
  ->  Seq Scan on movie_info_idx mi_idx  (cost=0.00..25185.44 rows=464934 width=4) (actual time=0.022..442.338 rows=460185 loops=1)
        Filter: (info_type_id > 100)
        Rows Removed by Filter: 919850
  ->  Hash  (cost=67604.59..67604.59 rows=7437 width=4) (actual time=1054.290..1054.290 rows=3847 loops=1)
        Buckets: 8192  Batches: 1  Memory Usage: 200kB
        ->  Seq Scan on title t  (cost=0.00..67604.59 rows=7437 width=4) (actual time=0.164..1052.162 rows=3847 loops=1)
              Filter: (production_year = 1949)
              Rows Removed by Filter: 2524465
Planning time: 0.694 ms
Execution time: 1577.292 ms
