Hash Join  (cost=798789.81..827422.17 rows=46 width=0) (actual time=14742.001..15231.909 rows=62 loops=1)
  Hash Cond: (mi_idx.movie_id = t.id)
  ->  Seq Scan on movie_info_idx mi_idx  (cost=0.00..25185.44 rows=919057 width=4) (actual time=0.011..462.394 rows=920110 loops=1)
        Filter: (info_type_id > 99)
        Rows Removed by Filter: 459925
  ->  Hash  (cost=798788.22..798788.22 rows=127 width=8) (actual time=14640.563..14640.563 rows=46 loops=1)
        Buckets: 1024  Batches: 1  Memory Usage: 10kB
        ->  Nested Loop  (cost=0.43..798788.22 rows=127 width=8) (actual time=1508.969..14640.508 rows=46 loops=1)
              ->  Seq Scan on cast_info ci  (cost=0.00..796071.18 rows=324 width=4) (actual time=1508.906..14635.402 rows=224 loops=1)
                    Filter: ((role_id > 1) AND (person_id = 1982333))
                    Rows Removed by Filter: 36244120
              ->  Index Scan using title_pkey on title t  (cost=0.43..8.38 rows=1 width=4) (actual time=0.022..0.022 rows=0 loops=224)
                    Index Cond: (id = ci.movie_id)
                    Filter: (kind_id < 7)
                    Rows Removed by Filter: 1
Planning time: 1.104 ms
Execution time: 15232.065 ms
