Seq Scan on movie_companies mc  (cost=0.00..51404.11 rows=104 width=0) (actual time=38.004..821.639 rows=1468 loops=1)
  Filter: (company_id = 265)
  Rows Removed by Filter: 2607661
Planning time: 0.364 ms
Execution time: 821.958 ms
