Hash Join  (cost=709678.15..1084063.47 rows=1484 width=0) (actual time=11523.076..18205.008 rows=1538 loops=1)
  Hash Cond: (mi.movie_id = t.id)
  ->  Seq Scan on movie_info mi  (cost=0.00..346232.03 rows=7503588 width=4) (actual time=284.089..5988.006 rows=7548855 loops=1)
        Filter: (info_type_id > 7)
        Rows Removed by Filter: 7286865
  ->  Hash  (cost=709671.90..709671.90 rows=500 width=8) (actual time=11067.738..11067.738 rows=869 loops=1)
        Buckets: 1024  Batches: 1  Memory Usage: 42kB
        ->  Nested Loop  (cost=0.43..709671.90 rows=500 width=8) (actual time=2830.731..11067.338 rows=869 loops=1)
              ->  Seq Scan on cast_info ci  (cost=0.00..705507.15 rows=500 width=4) (actual time=2830.598..11051.067 rows=869 loops=1)
                    Filter: (person_id = 1197819)
                    Rows Removed by Filter: 36243475
              ->  Index Only Scan using title_pkey on title t  (cost=0.43..8.32 rows=1 width=4) (actual time=0.018..0.018 rows=1 loops=869)
                    Index Cond: (id = ci.movie_id)
                    Heap Fetches: 869
Planning time: 1.180 ms
Execution time: 18205.562 ms
