Seq Scan on movie_companies mc  (cost=0.00..51404.11 rows=2199079 width=0) (actual time=0.025..1009.975 rows=2197310 loops=1)
  Filter: (company_id > 265)
  Rows Removed by Filter: 411819
Planning time: 0.321 ms
Execution time: 1288.406 ms
