Hash Join  (cost=67697.55..162599.78 rows=10817 width=0) (actual time=1118.865..3344.471 rows=32253 loops=1)
  Hash Cond: (mk.movie_id = t.id)
  ->  Seq Scan on movie_keyword mk  (cost=0.00..81003.12 rows=3677583 width=4) (actual time=0.019..1623.559 rows=3671228 loops=1)
        Filter: (keyword_id < 21546)
        Rows Removed by Filter: 852702
  ->  Hash  (cost=67604.59..67604.59 rows=7437 width=4) (actual time=1111.991..1111.991 rows=15489 loops=1)
        Buckets: 16384 (originally 8192)  Batches: 1 (originally 1)  Memory Usage: 673kB
        ->  Seq Scan on title t  (cost=0.00..67604.59 rows=7437 width=4) (actual time=0.022..1104.603 rows=15489 loops=1)
              Filter: (production_year = 1983)
              Rows Removed by Filter: 2512823
Planning time: 0.672 ms
Execution time: 3349.032 ms
