Hash Join  (cost=74259.27..161394.46 rows=47715 width=0) (actual time=1038.679..3008.740 rows=22881 loops=1)
  Hash Cond: (mk.movie_id = t.id)
  ->  Seq Scan on movie_keyword mk  (cost=0.00..69693.30 rows=4523930 width=4) (actual time=0.019..1095.643 rows=4523930 loops=1)
  ->  Hash  (cost=73925.90..73925.90 rows=26669 width=4) (actual time=1038.135..1038.135 rows=67516 loops=1)
        Buckets: 131072 (originally 32768)  Batches: 1 (originally 1)  Memory Usage: 3398kB
        ->  Seq Scan on title t  (cost=0.00..73925.90 rows=26669 width=4) (actual time=435.143..1011.371 rows=67516 loops=1)
              Filter: ((kind_id < 7) AND (production_year < 1916))
              Rows Removed by Filter: 2460796
Planning time: 0.810 ms
Execution time: 3012.683 ms
