Hash Join  (cost=102767.86..198154.43 rows=1417259 width=0) (actual time=2166.190..4636.600 rows=1406561 loops=1)
  Hash Cond: (mc.movie_id = t.id)
  ->  Seq Scan on movie_companies mc  (cost=0.00..51404.11 rows=1417259 width=4) (actual time=0.030..988.801 rows=1406561 loops=1)
        Filter: (company_id < 12306)
        Rows Removed by Filter: 1202568
  ->  Hash  (cost=61283.27..61283.27 rows=2528527 width=4) (actual time=2165.211..2165.211 rows=2528312 loops=1)
        Buckets: 131072  Batches: 64  Memory Usage: 2415kB
        ->  Seq Scan on title t  (cost=0.00..61283.27 rows=2528527 width=4) (actual time=0.010..1320.047 rows=2528312 loops=1)
Planning time: 1.949 ms
Execution time: 4791.669 ms
