Hash Join  (cost=709678.15..1107808.66 rows=2735 width=0) (actual time=10645.910..17724.430 rows=541 loops=1)
  Hash Cond: (mi.movie_id = t.id)
  ->  Seq Scan on movie_info mi  (cost=0.00..346232.03 rows=13832302 width=4) (actual time=0.025..5569.907 rows=13867355 loops=1)
        Filter: (info_type_id < 94)
        Rows Removed by Filter: 968365
  ->  Hash  (cost=709671.90..709671.90 rows=500 width=8) (actual time=10477.292..10477.292 rows=43 loops=1)
        Buckets: 1024  Batches: 1  Memory Usage: 10kB
        ->  Nested Loop  (cost=0.43..709671.90 rows=500 width=8) (actual time=10238.449..10477.258 rows=43 loops=1)
              ->  Seq Scan on cast_info ci  (cost=0.00..705507.15 rows=500 width=4) (actual time=10238.365..10476.010 rows=43 loops=1)
                    Filter: (person_id = 214075)
                    Rows Removed by Filter: 36244301
              ->  Index Only Scan using title_pkey on title t  (cost=0.43..8.32 rows=1 width=4) (actual time=0.027..0.028 rows=1 loops=43)
                    Index Cond: (id = ci.movie_id)
                    Heap Fetches: 43
Planning time: 1.157 ms
Execution time: 17724.718 ms
