Nested Loop  (cost=0.43..83072.29 rows=193 width=0) (actual time=0.763..1309.393 rows=884 loops=1)
  ->  Seq Scan on movie_keyword mk  (cost=0.00..81003.12 rows=246 width=4) (actual time=0.045..1235.831 rows=2029 loops=1)
        Filter: (keyword_id = 4801)
        Rows Removed by Filter: 4521901
  ->  Index Scan using title_pkey on title t  (cost=0.43..8.40 rows=1 width=4) (actual time=0.035..0.035 rows=0 loops=2029)
        Index Cond: (id = mk.movie_id)
        Filter: (production_year > 1977)
        Rows Removed by Filter: 1
Planning time: 0.676 ms
Execution time: 1309.831 ms
