Seq Scan on movie_companies mc  (cost=0.00..57926.93 rows=950947 width=0) (actual time=349.793..1037.319 rows=1117132 loops=1)
  Filter: ((company_id > 1442) AND (company_type_id = 2))
  Rows Removed by Filter: 1491997
Planning time: 0.267 ms
Execution time: 1180.162 ms
