Hash Join  (cost=782730.90..3292149.35 rows=112788818 width=0) (actual time=21459.230..131862.345 rows=279055690 loops=1)
  Hash Cond: (ci.movie_id = t.id)
  ->  Seq Scan on cast_info ci  (cost=0.00..614943.12 rows=36225612 width=4) (actual time=0.015..14253.157 rows=36244344 loops=1)
  ->  Hash  (cost=653570.46..653570.46 rows=7872595 width=8) (actual time=21457.022..21457.022 rows=9334799 loops=1)
        Buckets: 131072 (originally 131072)  Batches: 256 (originally 128)  Memory Usage: 3818kB
        ->  Hash Join  (cost=89762.59..653570.46 rows=7872595 width=8) (actual time=1789.626..18494.605 rows=9334799 loops=1)
              Hash Cond: (mi.movie_id = t.id)
              ->  Seq Scan on movie_info mi  (cost=0.00..309384.22 rows=14739122 width=4) (actual time=0.022..6258.764 rows=14835720 loops=1)
              ->  Hash  (cost=67604.59..67604.59 rows=1350560 width=4) (actual time=1788.597..1788.597 rows=1348293 loops=1)
                    Buckets: 131072  Batches: 32  Memory Usage: 2514kB
                    ->  Seq Scan on title t  (cost=0.00..67604.59 rows=1350560 width=4) (actual time=0.010..1339.601 rows=1348293 loops=1)
                          Filter: (production_year < 2005)
                          Rows Removed by Filter: 1180019
Planning time: 1.769 ms
Execution time: 163926.665 ms
