Seq Scan on cast_info ci  (cost=0.00..796071.18 rows=435 width=0) (actual time=205.475..14847.186 rows=19 loops=1)
  Filter: ((role_id < 10) AND (person_id = 1957042))
  Rows Removed by Filter: 36244325
Planning time: 0.331 ms
Execution time: 14847.290 ms
