Hash Join  (cost=102767.86..172727.96 rows=360615 width=0) (actual time=1880.094..3471.192 rows=363471 loops=1)
  Hash Cond: (mc.movie_id = t.id)
  ->  Seq Scan on movie_companies mc  (cost=0.00..51404.11 rows=360615 width=4) (actual time=50.687..899.496 rows=363471 loops=1)
        Filter: (company_id > 86362)
        Rows Removed by Filter: 2245658
  ->  Hash  (cost=61283.27..61283.27 rows=2528527 width=4) (actual time=1828.502..1828.502 rows=2528312 loops=1)
        Buckets: 131072  Batches: 64  Memory Usage: 2415kB
        ->  Seq Scan on title t  (cost=0.00..61283.27 rows=2528527 width=4) (actual time=0.029..1017.728 rows=2528312 loops=1)
Planning time: 0.697 ms
Execution time: 3514.733 ms
