Hash Join  (cost=101775.10..188615.12 rows=18198 width=0) (actual time=1729.602..3568.967 rows=96090 loops=1)
  Hash Cond: (mk.movie_id = t.id)
  ->  Seq Scan on movie_keyword mk  (cost=0.00..69693.30 rows=4523930 width=4) (actual time=0.014..974.632 rows=4523930 loops=1)
  ->  Hash  (cost=101647.97..101647.97 rows=10171 width=8) (actual time=1729.082..1729.082 rows=13132 loops=1)
        Buckets: 16384  Batches: 1  Memory Usage: 641kB
        ->  Hash Join  (cost=74617.32..101647.97 rows=10171 width=8) (actual time=1119.481..1723.602 rows=13132 loops=1)
              Hash Cond: (mi_idx.movie_id = t.id)
              ->  Seq Scan on movie_info_idx mi_idx  (cost=0.00..25185.44 rows=464934 width=4) (actual time=0.011..452.397 rows=460185 loops=1)
                    Filter: (info_type_id > 100)
                    Rows Removed by Filter: 919850
              ->  Hash  (cost=73925.90..73925.90 rows=55313 width=4) (actual time=1119.167..1119.167 rows=49075 loops=1)
                    Buckets: 65536  Batches: 1  Memory Usage: 2238kB
                    ->  Seq Scan on title t  (cost=0.00..73925.90 rows=55313 width=4) (actual time=0.016..1099.291 rows=49075 loops=1)
                          Filter: ((kind_id < 7) AND (production_year = 2010))
                          Rows Removed by Filter: 2479237
Planning time: 0.719 ms
Execution time: 3581.614 ms
