Nested Loop  (cost=0.43..127763.81 rows=37 width=0) (actual time=2.166..1370.451 rows=205 loops=1)
  ->  Seq Scan on movie_keyword mk  (cost=0.00..81003.12 rows=6635 width=4) (actual time=0.029..1204.351 rows=6649 loops=1)
        Filter: (keyword_id = 500)
        Rows Removed by Filter: 4517281
  ->  Index Scan using title_pkey on title t  (cost=0.43..7.04 rows=1 width=4) (actual time=0.024..0.024 rows=0 loops=6649)
        Index Cond: (id = mk.movie_id)
        Filter: ((kind_id < 7) AND (production_year = 1996))
        Rows Removed by Filter: 1
Planning time: 0.696 ms
Execution time: 1370.683 ms
