Hash Join  (cost=102767.86..259474.55 rows=2735604 width=0) (actual time=2060.120..6894.399 rows=2727118 loops=1)
  Hash Cond: (mk.movie_id = t.id)
  ->  Seq Scan on movie_keyword mk  (cost=0.00..81003.12 rows=2735604 width=4) (actual time=0.033..1701.691 rows=2727118 loops=1)
        Filter: (keyword_id < 7763)
        Rows Removed by Filter: 1796812
  ->  Hash  (cost=61283.27..61283.27 rows=2528527 width=4) (actual time=2058.555..2058.555 rows=2528312 loops=1)
        Buckets: 131072  Batches: 64  Memory Usage: 2425kB
        ->  Seq Scan on title t  (cost=0.00..61283.27 rows=2528527 width=4) (actual time=0.015..1195.346 rows=2528312 loops=1)
Planning time: 0.487 ms
Execution time: 7212.109 ms
