Hash Join  (cost=102767.86..270127.71 rows=3178260 width=0) (actual time=1937.320..6311.904 rows=3168267 loops=1)
  Hash Cond: (mk.movie_id = t.id)
  ->  Seq Scan on movie_keyword mk  (cost=0.00..81003.12 rows=3178260 width=4) (actual time=0.019..1642.152 rows=3168267 loops=1)
        Filter: (keyword_id < 12413)
        Rows Removed by Filter: 1355663
  ->  Hash  (cost=61283.27..61283.27 rows=2528527 width=4) (actual time=1936.450..1936.450 rows=2528312 loops=1)
        Buckets: 131072  Batches: 64  Memory Usage: 2425kB
        ->  Seq Scan on title t  (cost=0.00..61283.27 rows=2528527 width=4) (actual time=0.039..1072.380 rows=2528312 loops=1)
Planning time: 0.700 ms
Execution time: 6686.507 ms
