Hash Join  (cost=83074.62..143784.14 rows=184 width=0) (actual time=1083.105..2554.059 rows=1954 loops=1)
  Hash Cond: (mc.movie_id = t.id)
  ->  Seq Scan on movie_companies mc  (cost=0.00..51404.11 rows=2480953 width=4) (actual time=0.026..1123.732 rows=2477806 loops=1)
        Filter: (company_id > 19)
        Rows Removed by Filter: 131323
  ->  Hash  (cost=83072.29..83072.29 rows=187 width=8) (actual time=1076.875..1076.875 rows=261 loops=1)
        Buckets: 1024  Batches: 1  Memory Usage: 19kB
        ->  Nested Loop  (cost=0.43..83072.29 rows=187 width=8) (actual time=7.863..1076.625 rows=261 loops=1)
              ->  Seq Scan on movie_keyword mk  (cost=0.00..81003.12 rows=246 width=4) (actual time=7.797..1065.713 rows=275 loops=1)
                    Filter: (keyword_id = 14403)
                    Rows Removed by Filter: 4523655
              ->  Index Scan using title_pkey on title t  (cost=0.43..8.40 rows=1 width=4) (actual time=0.037..0.037 rows=1 loops=275)
                    Index Cond: (id = mk.movie_id)
                    Filter: (production_year < 2010)
                    Rows Removed by Filter: 0
Planning time: 1.181 ms
Execution time: 2554.607 ms
