Hash Join  (cost=126094.63..205064.32 rows=284316 width=0) (actual time=3065.625..5838.879 rows=1774497 loops=1)
  Hash Cond: (mc.movie_id = t.id)
  ->  Seq Scan on movie_companies mc  (cost=0.00..44881.29 rows=2609129 width=4) (actual time=0.026..1035.910 rows=2609129 loops=1)
  ->  Hash  (cost=121573.47..121573.47 rows=275533 width=8) (actual time=3064.733..3064.733 rows=495392 loops=1)
        Buckets: 131072 (originally 131072)  Batches: 8 (originally 4)  Memory Usage: 3454kB
        ->  Hash Join  (cost=80042.24..121573.47 rows=275533 width=8) (actual time=1554.340..2898.799 rows=495392 loops=1)
              Hash Cond: (mi_idx.movie_id = t.id)
              ->  Seq Scan on movie_info_idx mi_idx  (cost=0.00..25185.44 rows=919057 width=4) (actual time=0.027..576.001 rows=920110 loops=1)
                    Filter: (info_type_id > 99)
                    Rows Removed by Filter: 459925
              ->  Hash  (cost=67604.59..67604.59 rows=758052 width=4) (actual time=1553.475..1553.475 rows=753677 loops=1)
                    Buckets: 131072  Batches: 16  Memory Usage: 2677kB
                    ->  Seq Scan on title t  (cost=0.00..67604.59 rows=758052 width=4) (actual time=0.028..1308.965 rows=753677 loops=1)
                          Filter: (kind_id < 3)
                          Rows Removed by Filter: 1774635
Planning time: 1.134 ms
Execution time: 6045.145 ms
