Seq Scan on cast_info ci  (cost=0.00..705507.15 rows=500 width=0) (actual time=3046.008..10041.549 rows=1 loops=1)
  Filter: (person_id = 3073055)
  Rows Removed by Filter: 36244343
Planning time: 0.326 ms
Execution time: 10041.620 ms
