Seq Scan on movie_keyword mk  (cost=0.00..81003.12 rows=246 width=0) (actual time=0.023..1205.191 rows=436 loops=1)
  Filter: (keyword_id = 40089)
  Rows Removed by Filter: 4523494
Planning time: 0.279 ms
Execution time: 1205.464 ms
