Hash Join  (cost=274815.73..1638692.27 rows=27723242 width=0) (actual time=5719.297..39527.248 rows=17686867 loops=1)
  Hash Cond: (ci.movie_id = t.id)
  ->  Seq Scan on cast_info ci  (cost=0.00..614943.12 rows=36225612 width=4) (actual time=0.014..13571.039 rows=36244344 loops=1)
  ->  Hash  (cost=243068.40..243068.40 rows=1935066 width=8) (actual time=5717.566..5717.566 rows=508112 loops=1)
        Buckets: 131072  Batches: 32  Memory Usage: 1636kB
        ->  Hash Join  (cost=97012.42..243068.40 rows=1935066 width=8) (actual time=2905.255..5583.797 rows=508112 loops=1)
              Hash Cond: (mk.movie_id = t.id)
              ->  Seq Scan on movie_keyword mk  (cost=0.00..81003.12 rows=3477120 width=4) (actual time=0.015..1737.246 rows=3473893 loops=1)
                    Filter: (keyword_id > 1045)
                    Rows Removed by Filter: 1050037
              ->  Hash  (cost=73925.90..73925.90 rows=1407161 width=4) (actual time=2010.378..2010.378 rows=1478384 loops=1)
                    Buckets: 131072  Batches: 32  Memory Usage: 2656kB
                    ->  Seq Scan on title t  (cost=0.00..73925.90 rows=1407161 width=4) (actual time=0.014..1513.553 rows=1478384 loops=1)
                          Filter: ((production_year > 1945) AND (kind_id = 7))
                          Rows Removed by Filter: 1049928
Planning time: 1.172 ms
Execution time: 41292.164 ms
