Seq Scan on title t  (cost=0.00..73925.90 rows=152197 width=0) (actual time=440.938..1178.591 rows=287134 loops=1)
  Filter: ((production_year < 1984) AND (kind_id = 1))
  Rows Removed by Filter: 2241178
Planning time: 0.356 ms
Execution time: 1215.167 ms
