Nested Loop  (cost=0.43..94226.19 rows=4947 width=0) (actual time=0.285..929.704 rows=7120 loops=1)
  ->  Seq Scan on movie_companies mc  (cost=0.00..57926.93 rows=4947 width=4) (actual time=0.210..737.750 rows=7120 loops=1)
        Filter: ((company_id = 2561) AND (company_type_id = 1))
        Rows Removed by Filter: 2602009
  ->  Index Only Scan using title_pkey on title t  (cost=0.43..7.33 rows=1 width=4) (actual time=0.026..0.026 rows=1 loops=7120)
        Index Cond: (id = mc.movie_id)
        Heap Fetches: 7120
Planning time: 0.744 ms
Execution time: 931.528 ms
