Hash Join  (cost=482345.83..1540225.70 rows=5459689 width=0) (actual time=11843.554..37366.085 rows=4084181 loops=1)
  Hash Cond: (ci.movie_id = t.id)
  ->  Seq Scan on cast_info ci  (cost=0.00..796071.18 rows=17656740 width=4) (actual time=3178.126..17950.974 rows=21101173 loops=1)
        Filter: ((person_id > 873197) AND (role_id > 1))
        Rows Removed by Filter: 15143171
  ->  Hash  (cost=469517.67..469517.67 rows=781853 width=8) (actual time=8664.477..8664.477 rows=299364 loops=1)
        Buckets: 131072  Batches: 16  Memory Usage: 1751kB
        ->  Hash Join  (cost=93093.72..469517.67 rows=781853 width=8) (actual time=3274.290..8572.773 rows=299364 loops=1)
              Hash Cond: (mi.movie_id = t.id)
              ->  Seq Scan on movie_info mi  (cost=0.00..346232.03 rows=1272478 width=4) (actual time=1442.276..5363.400 rows=1325361 loops=1)
                    Filter: (info_type_id = 8)
                    Rows Removed by Filter: 13510359
              ->  Hash  (cost=67604.59..67604.59 rows=1553611 width=4) (actual time=1830.704..1830.704 rows=1555864 loops=1)
                    Buckets: 131072  Batches: 32  Memory Usage: 2740kB
                    ->  Seq Scan on title t  (cost=0.00..67604.59 rows=1553611 width=4) (actual time=0.095..1319.532 rows=1555864 loops=1)
                          Filter: (kind_id > 4)
                          Rows Removed by Filter: 972448
Planning time: 1.207 ms
Execution time: 37764.901 ms
