Seq Scan on movie_companies mc  (cost=0.00..57926.93 rows=394182 width=0) (actual time=0.027..917.997 rows=566089 loops=1)
  Filter: ((company_id < 1736) AND (company_type_id = 1))
  Rows Removed by Filter: 2043040
Planning time: 0.303 ms
Execution time: 990.612 ms
