Seq Scan on cast_info ci  (cost=0.00..705507.15 rows=30471335 width=0) (actual time=0.025..13252.226 rows=30452658 loops=1)
  Filter: (person_id < 3065442)
  Rows Removed by Filter: 5791686
Planning time: 0.320 ms
Execution time: 16999.728 ms
