Nested Loop  (cost=32807.94..830854.65 rows=15 width=0) (actual time=14389.571..14645.316 rows=22 loops=1)
  Join Filter: (ci.movie_id = t.id)
  ->  Hash Join  (cost=32807.51..830747.25 rows=126 width=8) (actual time=14389.462..14643.431 rows=40 loops=1)
        Hash Cond: (ci.movie_id = mi_idx.movie_id)
        ->  Seq Scan on cast_info ci  (cost=0.00..796071.18 rows=276 width=4) (actual time=13731.421..13917.066 rows=46 loops=1)
              Filter: ((role_id < 3) AND (person_id = 1966544))
              Rows Removed by Filter: 36244298
        ->  Hash  (cost=25185.44..25185.44 rows=464566 width=4) (actual time=656.986..656.986 rows=459925 loops=1)
              Buckets: 131072  Batches: 8  Memory Usage: 3050kB
              ->  Seq Scan on movie_info_idx mi_idx  (cost=0.00..25185.44 rows=464566 width=4) (actual time=0.026..511.921 rows=459925 loops=1)
                    Filter: (info_type_id = 101)
                    Rows Removed by Filter: 920110
  ->  Index Scan using title_pkey on title t  (cost=0.43..0.84 rows=1 width=4) (actual time=0.044..0.045 rows=1 loops=40)
        Index Cond: (id = mi_idx.movie_id)
        Filter: ((kind_id < 7) AND (production_year < 2010))
        Rows Removed by Filter: 0
Planning time: 1.216 ms
Execution time: 14645.446 ms
