Hash Join  (cost=28268.42..392928.02 rows=367 width=0) (actual time=487.551..7509.292 rows=16786 loops=1)
  Hash Cond: (mi.movie_id = t.id)
  ->  Seq Scan on movie_info mi  (cost=0.00..309384.22 rows=14739122 width=4) (actual time=0.018..4322.934 rows=14835720 loops=1)
  ->  Hash  (cost=28267.64..28267.64 rows=63 width=8) (actual time=484.306..484.306 rows=49 loops=1)
        Buckets: 1024  Batches: 1  Memory Usage: 10kB
        ->  Nested Loop  (cost=0.43..28267.64 rows=63 width=8) (actual time=220.664..484.267 rows=49 loops=1)
              ->  Seq Scan on movie_info_idx mi_idx  (cost=0.00..25185.44 rows=368 width=4) (actual time=220.450..476.562 rows=260 loops=1)
                    Filter: (info_type_id > 101)
                    Rows Removed by Filter: 1379775
              ->  Index Scan using title_pkey on title t  (cost=0.43..8.37 rows=1 width=4) (actual time=0.029..0.029 rows=0 loops=260)
                    Index Cond: (id = mi_idx.movie_id)
                    Filter: ((kind_id < 7) AND (production_year > 2004))
                    Rows Removed by Filter: 1
Planning time: 1.172 ms
Execution time: 7511.973 ms
