Seq Scan on movie_companies mc  (cost=0.00..57926.93 rows=53 width=0) (actual time=30.166..773.869 rows=2 loops=1)
  Filter: ((company_id = 2895) AND (company_type_id = 2))
  Rows Removed by Filter: 2609127
Planning time: 0.369 ms
Execution time: 773.944 ms
