Hash Join  (cost=206503.35..1423360.10 rows=17819458 width=0) (actual time=4865.444..46317.219 rows=39146070 loops=1)
  Hash Cond: (ci.movie_id = t.id)
  ->  Seq Scan on cast_info ci  (cost=0.00..614943.12 rows=36225612 width=4) (actual time=0.016..12996.205 rows=36244344 loops=1)
  ->  Hash  (cost=186097.00..186097.00 rows=1243788 width=8) (actual time=4864.517..4864.517 rows=1034790 loops=1)
        Buckets: 131072  Batches: 32  Memory Usage: 2275kB
        ->  Hash Join  (cost=91959.31..186097.00 rows=1243788 width=8) (actual time=1762.191..4546.677 rows=1034790 loops=1)
              Hash Cond: (mc.movie_id = t.id)
              ->  Seq Scan on movie_companies mc  (cost=0.00..51404.11 rows=2118586 width=4) (actual time=0.020..1022.522 rows=2123742 loops=1)
                    Filter: (company_id > 424)
                    Rows Removed by Filter: 485387
              ->  Hash  (cost=67604.59..67604.59 rows=1484458 width=4) (actual time=1761.114..1761.114 rows=1485030 loops=1)
                    Buckets: 131072  Batches: 32  Memory Usage: 2655kB
                    ->  Seq Scan on title t  (cost=0.00..67604.59 rows=1484458 width=4) (actual time=0.013..1272.579 rows=1485030 loops=1)
                          Filter: (production_year > 1998)
                          Rows Removed by Filter: 1043282
Planning time: 0.730 ms
Execution time: 50314.682 ms
