Seq Scan on cast_info ci  (cost=0.00..705507.15 rows=4442902 width=0) (actual time=0.019..11104.638 rows=4317244 loops=1)
  Filter: (person_id < 416084)
  Rows Removed by Filter: 31927100
Planning time: 0.337 ms
Execution time: 11633.939 ms
