Hash Join  (cost=90601.07..134080.09 rows=369412 width=0) (actual time=1947.122..3163.301 rows=269484 loops=1)
  Hash Cond: (mi_idx.movie_id = t.id)
  ->  Seq Scan on movie_info_idx mi_idx  (cost=0.00..25185.44 rows=919057 width=4) (actual time=0.027..525.095 rows=920110 loops=1)
        Filter: (info_type_id > 99)
        Rows Removed by Filter: 459925
  ->  Hash  (cost=73925.90..73925.90 rows=1016333 width=4) (actual time=1946.172..1946.172 rows=1107438 loops=1)
        Buckets: 131072  Batches: 16  Memory Usage: 3463kB
        ->  Seq Scan on title t  (cost=0.00..73925.90 rows=1016333 width=4) (actual time=0.014..1596.657 rows=1107438 loops=1)
              Filter: ((kind_id > 1) AND (production_year > 2000))
              Rows Removed by Filter: 1420874
Planning time: 0.761 ms
Execution time: 3191.851 ms
