Hash Join  (cost=102767.86..192723.18 rows=920516 width=0) (actual time=2005.312..4181.208 rows=1103972 loops=1)
  Hash Cond: (mc.movie_id = t.id)
  ->  Seq Scan on movie_companies mc  (cost=0.00..57926.93 rows=920516 width=4) (actual time=106.373..1007.813 rows=1103972 loops=1)
        Filter: ((company_id > 1727) AND (company_type_id = 2))
        Rows Removed by Filter: 1505157
  ->  Hash  (cost=61283.27..61283.27 rows=2528527 width=4) (actual time=1897.711..1897.711 rows=2528312 loops=1)
        Buckets: 131072  Batches: 64  Memory Usage: 2415kB
        ->  Seq Scan on title t  (cost=0.00..61283.27 rows=2528527 width=4) (actual time=0.017..1038.481 rows=2528312 loops=1)
Planning time: 0.448 ms
Execution time: 4313.004 ms
