Hash Join  (cost=174865.45..1061615.01 rows=2076420 width=0) (actual time=4079.845..20185.849 rows=3024454 loops=1)
  Hash Cond: (ci.movie_id = t.id)
  ->  Seq Scan on cast_info ci  (cost=0.00..796071.18 rows=5737382 width=4) (actual time=55.675..13079.199 rows=3545802 loops=1)
        Filter: ((person_id < 1262304) AND (role_id > 2))
        Rows Removed by Filter: 32698542
  ->  Hash  (cost=159851.69..159851.69 rows=915101 width=8) (actual time=4023.034..4023.034 rows=919850 loops=1)
        Buckets: 131072  Batches: 16  Memory Usage: 3269kB
        ->  Hash Join  (cost=102767.86..159851.69 rows=915101 width=8) (actual time=1993.290..3750.266 rows=919850 loops=1)
              Hash Cond: (mi_idx.movie_id = t.id)
              ->  Seq Scan on movie_info_idx mi_idx  (cost=0.00..25185.44 rows=915101 width=4) (actual time=0.020..539.987 rows=919850 loops=1)
                    Filter: (info_type_id < 101)
                    Rows Removed by Filter: 460185
              ->  Hash  (cost=61283.27..61283.27 rows=2528527 width=4) (actual time=1991.437..1991.437 rows=2528312 loops=1)
                    Buckets: 131072  Batches: 64  Memory Usage: 2415kB
                    ->  Seq Scan on title t  (cost=0.00..61283.27 rows=2528527 width=4) (actual time=0.022..1134.412 rows=2528312 loops=1)
Planning time: 1.110 ms
Execution time: 20559.274 ms
