Nested Loop  (cost=0.43..709671.90 rows=500 width=0) (actual time=3189.914..11369.907 rows=222 loops=1)
  ->  Seq Scan on cast_info ci  (cost=0.00..705507.15 rows=500 width=4) (actual time=3189.838..11366.659 rows=222 loops=1)
        Filter: (person_id = 84229)
        Rows Removed by Filter: 36244122
  ->  Index Only Scan using title_pkey on title t  (cost=0.43..8.32 rows=1 width=4) (actual time=0.014..0.014 rows=1 loops=222)
        Index Cond: (id = ci.movie_id)
        Heap Fetches: 222
Planning time: 1.231 ms
Execution time: 11370.007 ms
