Seq Scan on title t  (cost=0.00..73925.90 rows=160207 width=0) (actual time=0.012..1331.408 rows=296441 loops=1)
  Filter: ((production_year < 1986) AND (kind_id = 1))
  Rows Removed by Filter: 2231871
Planning time: 0.290 ms
Execution time: 1367.527 ms
