Hash Join  (cost=209357.89..729707.17 rows=2072945 width=0) (actual time=4781.391..16608.071 rows=679691 loops=1)
  Hash Cond: (mi.movie_id = t.id)
  ->  Seq Scan on movie_info mi  (cost=0.00..309384.22 rows=14739122 width=4) (actual time=0.015..6004.353 rows=14835720 loops=1)
  ->  Hash  (cost=203522.66..203522.66 rows=355618 width=8) (actual time=4235.780..4235.780 rows=57714 loops=1)
        Buckets: 131072  Batches: 8  Memory Usage: 1293kB
        ->  Hash Join  (cost=77187.44..203522.66 rows=355618 width=8) (actual time=1259.758..4215.857 rows=57714 loops=1)
              Hash Cond: (mk.movie_id = t.id)
              ->  Seq Scan on movie_keyword mk  (cost=0.00..69693.30 rows=4523930 width=4) (actual time=0.955..1354.971 rows=4523930 loops=1)
              ->  Hash  (cost=73925.90..73925.90 rows=198763 width=4) (actual time=1258.001..1258.001 rows=95336 loops=1)
                    Buckets: 131072  Batches: 4  Memory Usage: 1866kB
                    ->  Seq Scan on title t  (cost=0.00..73925.90 rows=198763 width=4) (actual time=0.023..1222.100 rows=95336 loops=1)
                          Filter: ((production_year < 1967) AND (kind_id = 7))
                          Rows Removed by Filter: 2432976
Planning time: 1.172 ms
Execution time: 16680.858 ms
