Hash Join  (cost=204611.18..1301205.05 rows=1704369 width=0) (actual time=3851.831..28946.305 rows=1375650 loops=1)
  Hash Cond: (ci.movie_id = t.id)
  ->  Seq Scan on cast_info ci  (cost=0.00..614943.12 rows=36225612 width=4) (actual time=0.022..12964.413 rows=36244344 loops=1)
  ->  Hash  (cost=202659.14..202659.14 rows=118964 width=8) (actual time=3849.873..3849.873 rows=35927 loops=1)
        Buckets: 131072  Batches: 2  Memory Usage: 1720kB
        ->  Hash Join  (cost=75195.76..202659.14 rows=118964 width=8) (actual time=1611.760..3840.345 rows=35927 loops=1)
              Hash Cond: (mk.movie_id = t.id)
              ->  Seq Scan on movie_keyword mk  (cost=0.00..81003.12 rows=3888964 width=4) (actual time=0.021..1704.249 rows=3879219 loops=1)
                    Filter: (keyword_id < 29029)
                    Rows Removed by Filter: 644711
              ->  Hash  (cost=73925.90..73925.90 rows=77348 width=4) (actual time=1111.617..1111.617 rows=84109 loops=1)
                    Buckets: 131072  Batches: 2  Memory Usage: 2515kB
                    ->  Seq Scan on title t  (cost=0.00..73925.90 rows=77348 width=4) (actual time=77.761..1076.616 rows=84109 loops=1)
                          Filter: ((kind_id = 7) AND (production_year = 2008))
                          Rows Removed by Filter: 2444203
Planning time: 1.146 ms
Execution time: 29108.953 ms
