Hash Join  (cost=83074.16..434325.65 rows=79 width=0) (actual time=6352.558..6915.423 rows=187 loops=1)
  Hash Cond: (mi.movie_id = t.id)
  ->  Seq Scan on movie_info mi  (cost=0.00..346232.03 rows=1338312 width=4) (actual time=0.025..5483.471 rows=1401902 loops=1)
        Filter: (info_type_id = 7)
        Rows Removed by Filter: 13433818
  ->  Hash  (cost=83072.29..83072.29 rows=150 width=8) (actual time=1236.420..1236.420 rows=64 loops=1)
        Buckets: 1024  Batches: 1  Memory Usage: 11kB
        ->  Nested Loop  (cost=0.43..83072.29 rows=150 width=8) (actual time=1161.343..1236.362 rows=64 loops=1)
              ->  Seq Scan on movie_keyword mk  (cost=0.00..81003.12 rows=246 width=4) (actual time=40.820..1233.466 rows=93 loops=1)
                    Filter: (keyword_id = 1919)
                    Rows Removed by Filter: 4523837
              ->  Index Scan using title_pkey on title t  (cost=0.43..8.40 rows=1 width=4) (actual time=0.028..0.028 rows=1 loops=93)
                    Index Cond: (id = mk.movie_id)
                    Filter: (kind_id = 7)
                    Rows Removed by Filter: 0
Planning time: 5.950 ms
Execution time: 6916.011 ms
