Hash Join  (cost=322098.37..1719731.46 rows=32058433 width=0) (actual time=8513.107..66086.755 rows=105436331 loops=1)
  Hash Cond: (ci.movie_id = t.id)
  ->  Seq Scan on cast_info ci  (cost=0.00..705507.15 rows=25538978 width=4) (actual time=1036.424..15322.739 rows=25719462 loops=1)
        Filter: (person_id > 1033058)
        Rows Removed by Filter: 10524882
  ->  Hash  (cost=270024.42..270024.42 rows=3173996 width=8) (actual time=7470.684..7470.684 rows=3163016 loops=1)
        Buckets: 131072  Batches: 64  Memory Usage: 2973kB
        ->  Hash Join  (cost=102767.86..270024.42 rows=3173996 width=8) (actual time=1949.246..6517.313 rows=3163016 loops=1)
              Hash Cond: (mk.movie_id = t.id)
              ->  Seq Scan on movie_keyword mk  (cost=0.00..81003.12 rows=3173996 width=4) (actual time=0.040..1683.027 rows=3163016 loops=1)
                    Filter: (keyword_id < 12334)
                    Rows Removed by Filter: 1360914
              ->  Hash  (cost=61283.27..61283.27 rows=2528527 width=4) (actual time=1947.659..1947.659 rows=2528312 loops=1)
                    Buckets: 131072  Batches: 64  Memory Usage: 2425kB
                    ->  Seq Scan on title t  (cost=0.00..61283.27 rows=2528527 width=4) (actual time=0.023..1083.238 rows=2528312 loops=1)
Planning time: 1.146 ms
Execution time: 78250.839 ms
