Seq Scan on movie_keyword mk  (cost=0.00..81003.12 rows=246 width=0) (actual time=0.265..1299.111 rows=1907 loops=1)
  Filter: (keyword_id = 4030)
  Rows Removed by Filter: 4522023
Planning time: 0.357 ms
Execution time: 1299.828 ms
