Hash Join  (cost=69762.12..194630.60 rows=235244 width=0) (actual time=1194.958..3606.212 rows=235412 loops=1)
  Hash Cond: (mk.movie_id = t.id)
  ->  Seq Scan on movie_keyword mk  (cost=0.00..69693.30 rows=4523930 width=4) (actual time=0.023..1035.777 rows=4523930 loops=1)
  ->  Hash  (cost=67604.59..67604.59 rows=131483 width=4) (actual time=1193.944..1193.944 rows=133123 loops=1)
        Buckets: 131072  Batches: 2  Memory Usage: 3367kB
        ->  Seq Scan on title t  (cost=0.00..67604.59 rows=131483 width=4) (actual time=12.553..1146.431 rows=133123 loops=1)
              Filter: (production_year < 1937)
              Rows Removed by Filter: 2395189
Planning time: 0.745 ms
Execution time: 3632.936 ms
