Hash Join  (cost=547692.12..1518406.59 rows=6706680 width=0) (actual time=23078.404..28907.594 rows=8112587 loops=1)
  Hash Cond: (ci.movie_id = t.id)
  ->  Seq Scan on cast_info ci  (cost=0.00..796071.18 rows=7727098 width=4) (actual time=12237.649..14388.448 rows=2431588 loops=1)
        Filter: ((person_id > 1396137) AND (role_id = 1))
        Rows Removed by Filter: 33812756
  ->  Hash  (cost=511686.41..511686.41 rows=2194617 width=8) (actual time=10839.666..10839.666 rows=2233850 loops=1)
        Buckets: 131072  Batches: 32  Memory Usage: 3598kB
        ->  Hash Join  (cost=102767.86..511686.41 rows=2194617 width=8) (actual time=3210.751..10182.772 rows=2233850 loops=1)
              Hash Cond: (mi.movie_id = t.id)
              ->  Seq Scan on movie_info mi  (cost=0.00..346232.03 rows=2194617 width=4) (actual time=1394.941..6153.117 rows=2233850 loops=1)
                    Filter: (info_type_id > 16)
                    Rows Removed by Filter: 12601870
              ->  Hash  (cost=61283.27..61283.27 rows=2528527 width=4) (actual time=1802.032..1802.032 rows=2528312 loops=1)
                    Buckets: 131072  Batches: 64  Memory Usage: 2425kB
                    ->  Seq Scan on title t  (cost=0.00..61283.27 rows=2528527 width=4) (actual time=0.033..963.894 rows=2528312 loops=1)
Planning time: 1.145 ms
Execution time: 29863.081 ms
