Hash Join  (cost=190230.21..1437285.91 rows=17192732 width=0) (actual time=4433.746..46912.825 rows=34682305 loops=1)
  Hash Cond: (ci.movie_id = t.id)
  ->  Seq Scan on cast_info ci  (cost=0.00..705507.15 rows=31500859 width=4) (actual time=0.014..16556.761 rows=31481360 loops=1)
        Filter: (person_id < 3202264)
        Rows Removed by Filter: 4762984
  ->  Hash  (cost=167588.78..167588.78 rows=1380035 width=8) (actual time=4432.442..4432.442 rows=1380035 loops=1)
        Buckets: 131072  Batches: 32  Memory Usage: 2708kB
        ->  Hash Join  (cost=102767.86..167588.78 rows=1380035 width=8) (actual time=1918.709..3869.997 rows=1380035 loops=1)
              Hash Cond: (mi_idx.movie_id = t.id)
              ->  Seq Scan on movie_info_idx mi_idx  (cost=0.00..21735.35 rows=1380035 width=4) (actual time=0.019..441.923 rows=1380035 loops=1)
              ->  Hash  (cost=61283.27..61283.27 rows=2528527 width=4) (actual time=1916.779..1916.779 rows=2528312 loops=1)
                    Buckets: 131072  Batches: 64  Memory Usage: 2415kB
                    ->  Seq Scan on title t  (cost=0.00..61283.27 rows=2528527 width=4) (actual time=0.024..1076.526 rows=2528312 loops=1)
Planning time: 1.161 ms
Execution time: 50857.344 ms
