Hash Join  (cost=210518.98..357550.27 rows=2054325 width=0) (actual time=4702.936..12100.285 rows=16932697 loops=1)
  Hash Cond: (mk.movie_id = t.id)
  ->  Seq Scan on movie_keyword mk  (cost=0.00..69693.30 rows=4523930 width=4) (actual time=0.016..1419.500 rows=4523930 loops=1)
  ->  Hash  (cost=191680.37..191680.37 rows=1148209 width=8) (actual time=4701.483..4701.483 rows=1144190 loops=1)
        Buckets: 131072  Batches: 16  Memory Usage: 3840kB
        ->  Hash Join  (cost=102767.86..191680.37 rows=1148209 width=8) (actual time=1816.016..4352.460 rows=1144190 loops=1)
              Hash Cond: (mc.movie_id = t.id)
              ->  Seq Scan on movie_companies mc  (cost=0.00..51404.11 rows=1148209 width=4) (actual time=0.021..1102.917 rows=1144190 loops=1)
                    Filter: (company_id < 8753)
                    Rows Removed by Filter: 1464939
              ->  Hash  (cost=61283.27..61283.27 rows=2528527 width=4) (actual time=1815.055..1815.055 rows=2528312 loops=1)
                    Buckets: 131072  Batches: 64  Memory Usage: 2415kB
                    ->  Seq Scan on title t  (cost=0.00..61283.27 rows=2528527 width=4) (actual time=0.020..983.059 rows=2528312 loops=1)
Planning time: 1.144 ms
Execution time: 14042.165 ms
