Seq Scan on movie_companies mc  (cost=0.00..57926.93 rows=1055604 width=0) (actual time=0.016..1152.868 rows=793668 loops=1)
  Filter: ((company_id < 72152) AND (company_type_id > 1))
  Rows Removed by Filter: 1815461
Planning time: 1.248 ms
Execution time: 1251.316 ms
