Seq Scan on cast_info ci  (cost=0.00..796071.18 rows=4612489 width=0) (actual time=0.650..14183.734 rows=4544258 loops=1)
  Filter: ((person_id < 2325597) AND (role_id = 2))
  Rows Removed by Filter: 31700086
Planning time: 0.367 ms
Execution time: 14759.850 ms
