Seq Scan on cast_info ci  (cost=0.00..796071.18 rows=1779744 width=0) (actual time=619.639..12023.450 rows=5359053 loops=1)
  Filter: ((person_id > 3123485) AND (role_id > 3))
  Rows Removed by Filter: 30885291
Planning time: 0.346 ms
Execution time: 12683.632 ms
