Hash Join  (cost=133878.24..220633.99 rows=9771 width=0) (actual time=3411.335..4097.125 rows=9493 loops=1)
  Hash Cond: (mk.movie_id = t.id)
  ->  Seq Scan on movie_keyword mk  (cost=0.00..69693.30 rows=4523930 width=4) (actual time=0.020..939.196 rows=4523930 loops=1)
  ->  Hash  (cost=133809.98..133809.98 rows=5461 width=8) (actual time=2317.868..2317.868 rows=4507 loops=1)
        Buckets: 8192  Batches: 1  Memory Usage: 241kB
        ->  Hash Join  (cost=74369.53..133809.98 rows=5461 width=8) (actual time=1683.292..2316.115 rows=4507 loops=1)
              Hash Cond: (mc.movie_id = t.id)
              ->  Seq Scan on movie_companies mc  (cost=0.00..57926.93 rows=389040 width=4) (actual time=0.023..928.575 rows=550753 loops=1)
                    Filter: ((company_id < 1691) AND (company_type_id = 1))
                    Rows Removed by Filter: 2058376
              ->  Hash  (cost=73925.90..73925.90 rows=35490 width=4) (actual time=1252.031..1252.031 rows=39698 loops=1)
                    Buckets: 65536  Batches: 1  Memory Usage: 1908kB
                    ->  Seq Scan on title t  (cost=0.00..73925.90 rows=35490 width=4) (actual time=244.629..1235.618 rows=39698 loops=1)
                          Filter: ((kind_id = 7) AND (production_year = 2001))
                          Rows Removed by Filter: 2488614
Planning time: 1.235 ms
Execution time: 4098.660 ms
