Hash Join  (cost=152749.23..276536.03 rows=146476 width=0) (actual time=3169.121..5909.570 rows=283364 loops=1)
  Hash Cond: (mk.movie_id = t.id)
  ->  Seq Scan on movie_keyword mk  (cost=0.00..69693.30 rows=4523930 width=4) (actual time=0.021..1339.544 rows=4523930 loops=1)
  ->  Hash  (cost=151405.87..151405.87 rows=81869 width=8) (actual time=3167.377..3167.377 rows=61267 loops=1)
        Buckets: 131072  Batches: 2  Memory Usage: 2209kB
        ->  Hash Join  (cost=75227.65..151405.87 rows=81869 width=8) (actual time=1344.723..3142.032 rows=61267 loops=1)
              Hash Cond: (mc.movie_id = t.id)
              ->  Seq Scan on movie_companies mc  (cost=0.00..44881.29 rows=2609129 width=4) (actual time=0.012..873.941 rows=2609129 loops=1)
              ->  Hash  (cost=73925.90..73925.90 rows=79340 width=4) (actual time=1343.778..1343.778 rows=92312 loops=1)
                    Buckets: 131072  Batches: 2  Memory Usage: 2648kB
                    ->  Seq Scan on title t  (cost=0.00..73925.90 rows=79340 width=4) (actual time=0.023..1306.015 rows=92312 loops=1)
                          Filter: ((kind_id > 1) AND (production_year = 2006))
                          Rows Removed by Filter: 2436000
Planning time: 1.149 ms
Execution time: 5946.700 ms
