Seq Scan on cast_info ci  (cost=0.00..796071.18 rows=2062537 width=0) (actual time=5021.493..9814.363 rows=4185530 loops=1)
  Filter: ((person_id < 560142) AND (role_id = 1))
  Rows Removed by Filter: 32058814
Planning time: 0.252 ms
Execution time: 10216.306 ms
