Seq Scan on movie_keyword mk  (cost=0.00..81003.12 rows=2769141 width=0) (actual time=0.023..1536.144 rows=2759460 loops=1)
  Filter: (keyword_id > 2864)
  Rows Removed by Filter: 1764470
Planning time: 0.300 ms
Execution time: 1886.470 ms
