Nested Loop  (cost=0.43..83071.67 rows=246 width=0) (actual time=0.803..1437.432 rows=2111 loops=1)
  ->  Seq Scan on movie_keyword mk  (cost=0.00..81003.12 rows=246 width=4) (actual time=0.744..1373.993 rows=2111 loops=1)
        Filter: (keyword_id = 2489)
        Rows Removed by Filter: 4521819
  ->  Index Only Scan using title_pkey on title t  (cost=0.43..8.40 rows=1 width=4) (actual time=0.029..0.029 rows=1 loops=2111)
        Index Cond: (id = mk.movie_id)
        Heap Fetches: 2111
Planning time: 0.694 ms
Execution time: 1438.141 ms
