Hash Join  (cost=83692.58..600522.66 rows=3469815 width=0) (actual time=1900.145..15650.418 rows=2202964 loops=1)
  Hash Cond: (mi.movie_id = t.id)
  ->  Seq Scan on movie_info mi  (cost=0.00..309384.22 rows=14739122 width=4) (actual time=0.006..6040.649 rows=14835720 loops=1)
  ->  Hash  (cost=73925.90..73925.90 rows=595254 width=4) (actual time=1899.244..1899.244 rows=471078 loops=1)
        Buckets: 131072  Batches: 8  Memory Usage: 3093kB
        ->  Seq Scan on title t  (cost=0.00..73925.90 rows=595254 width=4) (actual time=0.030..1385.566 rows=471078 loops=1)
              Filter: ((kind_id > 1) AND (production_year < 1995))
              Rows Removed by Filter: 2057234
Planning time: 0.789 ms
Execution time: 15928.317 ms
