Hash Join  (cost=182808.93..238162.43 rows=68799 width=0) (actual time=9279.851..12763.846 rows=37473 loops=1)
  Hash Cond: (mc.movie_id = t.id)
  ->  Seq Scan on movie_companies mc  (cost=0.00..44881.29 rows=2609129 width=4) (actual time=0.024..2681.680 rows=2609129 loops=1)
  ->  Hash  (cost=181975.51..181975.51 rows=66673 width=8) (actual time=9278.980..9278.980 rows=18939 loops=1)
        Buckets: 131072  Batches: 1  Memory Usage: 1764kB
        ->  Hash Join  (cost=92883.59..181975.51 rows=66673 width=8) (actual time=7859.260..9270.470 rows=18939 loops=1)
              Hash Cond: (mk.movie_id = t.id)
              ->  Seq Scan on movie_keyword mk  (cost=0.00..81003.12 rows=109414 width=4) (actual time=0.033..3734.590 rows=121921 loops=1)
                    Filter: (keyword_id < 117)
                    Rows Removed by Filter: 4402009
              ->  Hash  (cost=67604.59..67604.59 rows=1540800 width=4) (actual time=4902.064..4902.064 rows=1543264 loops=1)
                    Buckets: 131072  Batches: 32  Memory Usage: 2728kB
                    ->  Seq Scan on title t  (cost=0.00..67604.59 rows=1540800 width=4) (actual time=0.012..4239.990 rows=1543264 loops=1)
                          Filter: (kind_id = 7)
                          Rows Removed by Filter: 985048
Planning time: 11.876 ms
Execution time: 12769.378 ms
