Hash Join  (cost=52284.99..140016.97 rows=74 width=0) (actual time=877.807..2246.660 rows=627 loops=1)
  Hash Cond: (mk.movie_id = t.id)
  ->  Seq Scan on movie_keyword mk  (cost=0.00..81003.12 rows=1794164 width=4) (actual time=0.026..1158.794 rows=1799540 loops=1)
        Filter: (keyword_id > 7737)
        Rows Removed by Filter: 2724390
  ->  Hash  (cost=52283.69..52283.69 rows=104 width=8) (actual time=862.359..862.359 rows=1124 loops=1)
        Buckets: 2048 (originally 1024)  Batches: 1 (originally 1)  Memory Usage: 60kB
        ->  Nested Loop  (cost=0.43..52283.69 rows=104 width=8) (actual time=1.510..861.738 rows=1124 loops=1)
              ->  Seq Scan on movie_companies mc  (cost=0.00..51404.11 rows=104 width=4) (actual time=1.463..820.229 rows=1124 loops=1)
                    Filter: (company_id = 656)
                    Rows Removed by Filter: 2608005
              ->  Index Only Scan using title_pkey on title t  (cost=0.43..8.45 rows=1 width=4) (actual time=0.035..0.036 rows=1 loops=1124)
                    Index Cond: (id = mc.movie_id)
                    Heap Fetches: 1124
Planning time: 1.152 ms
Execution time: 2246.848 ms
