Nested Loop  (cost=0.43..83072.90 rows=48 width=0) (actual time=1.328..4270.607 rows=2600 loops=1)
  ->  Seq Scan on movie_keyword mk  (cost=0.00..81003.12 rows=246 width=4) (actual time=0.100..3471.674 rows=4606 loops=1)
        Filter: (keyword_id = 228)
        Rows Removed by Filter: 4519324
  ->  Index Scan using title_pkey on title t  (cost=0.43..8.40 rows=1 width=4) (actual time=0.172..0.172 rows=1 loops=4606)
        Index Cond: (id = mk.movie_id)
        Filter: ((kind_id < 7) AND (production_year < 2004))
        Rows Removed by Filter: 0
Planning time: 10.361 ms
Execution time: 4271.665 ms
