Hash Join  (cost=213965.43..1148649.01 rows=1757206 width=0) (actual time=26657.877..59005.739 rows=4792984 loops=1)
  Hash Cond: (ci.movie_id = t.id)
  ->  Seq Scan on cast_info ci  (cost=0.00..796071.18 rows=9301269 width=4) (actual time=14454.498..40356.487 rows=7100537 loops=1)
        Filter: ((person_id > 2639718) AND (role_id < 10))
        Rows Removed by Filter: 29143807
  ->  Hash  (cost=206128.28..206128.28 rows=477692 width=8) (actual time=12201.374..12201.374 rows=682355 loops=1)
        Buckets: 131072 (originally 131072)  Batches: 16 (originally 8)  Memory Usage: 3073kB
        ->  Hash Join  (cost=78306.32..206128.28 rows=477692 width=8) (actual time=3475.476..11904.756 rows=682355 loops=1)
              Hash Cond: (mk.movie_id = t.id)
              ->  Seq Scan on movie_keyword mk  (cost=0.00..69693.30 rows=4523930 width=4) (actual time=0.028..5511.684 rows=4523930 loops=1)
              ->  Hash  (cost=73925.90..73925.90 rows=266993 width=4) (actual time=3471.591..3471.591 rows=216282 loops=1)
                    Buckets: 131072  Batches: 4  Memory Usage: 2935kB
                    ->  Seq Scan on title t  (cost=0.00..73925.90 rows=266993 width=4) (actual time=0.030..3376.727 rows=216282 loops=1)
                          Filter: ((kind_id < 2) AND (production_year > 2005))
                          Rows Removed by Filter: 2312030
Planning time: 13.257 ms
Execution time: 59670.988 ms
