Seq Scan on movie_keyword mk  (cost=0.00..81003.12 rows=246 width=0) (actual time=107.565..4154.719 rows=134 loops=1)
  Filter: (keyword_id = 41776)
  Rows Removed by Filter: 4523796
Planning time: 0.314 ms
Execution time: 4154.862 ms
