Seq Scan on cast_info ci  (cost=0.00..796071.18 rows=815942 width=0) (actual time=25802.627..32654.911 rows=2931209 loops=1)
  Filter: ((person_id > 3013676) AND (role_id > 9))
  Rows Removed by Filter: 33313135
Planning time: 0.302 ms
Execution time: 33241.681 ms
