Hash Join  (cost=262390.74..1370629.92 rows=14742204 width=0) (actual time=13855.870..84521.119 rows=46147363 loops=1)
  Hash Cond: (ci.movie_id = t.id)
  ->  Seq Scan on cast_info ci  (cost=0.00..705507.15 rows=19338793 width=4) (actual time=0.027..41943.058 rows=19489060 loops=1)
        Filter: (person_id > 1657502)
        Rows Removed by Filter: 16755284
  ->  Hash  (cost=230766.64..230766.64 rows=1927528 width=8) (actual time=13854.582..13854.582 rows=2529592 loops=1)
        Buckets: 131072 (originally 131072)  Batches: 64 (originally 32)  Memory Usage: 4028kB
        ->  Hash Join  (cost=85280.32..230766.64 rows=1927528 width=8) (actual time=4622.118..13002.940 rows=2529592 loops=1)
              Hash Cond: (mk.movie_id = t.id)
              ->  Seq Scan on movie_keyword mk  (cost=0.00..69693.30 rows=4523930 width=4) (actual time=0.016..4800.480 rows=4523930 loops=1)
              ->  Hash  (cost=67604.59..67604.59 rows=1077339 width=4) (actual time=4620.950..4620.950 rows=1074765 loops=1)
                    Buckets: 131072  Batches: 16  Memory Usage: 3396kB
                    ->  Seq Scan on title t  (cost=0.00..67604.59 rows=1077339 width=4) (actual time=0.010..4128.385 rows=1074765 loops=1)
                          Filter: (production_year < 2001)
                          Rows Removed by Filter: 1453547
Planning time: 1.151 ms
Execution time: 90913.893 ms
