Seq Scan on cast_info ci  (cost=0.00..796071.18 rows=5809297 width=0) (actual time=0.022..39516.038 rows=6727416 loops=1)
  Filter: ((person_id < 753626) AND (role_id < 5))
  Rows Removed by Filter: 29516928
Planning time: 11.357 ms
Execution time: 40745.944 ms
