Hash Join  (cost=129268.54..259483.23 rows=674065 width=0) (actual time=2902.285..6968.605 rows=4182503 loops=1)
  Hash Cond: (mk.movie_id = t.id)
  ->  Seq Scan on movie_keyword mk  (cost=0.00..69693.30 rows=4523930 width=4) (actual time=0.013..1408.399 rows=4523930 loops=1)
  ->  Hash  (cost=123087.17..123087.17 rows=376750 width=8) (actual time=2901.326..2901.326 rows=452314 loops=1)
        Buckets: 131072  Batches: 8  Memory Usage: 3248kB
        ->  Hash Join  (cost=78930.19..123087.17 rows=376750 width=8) (actual time=1447.905..2767.151 rows=452314 loops=1)
              Hash Cond: (mi_idx.movie_id = t.id)
              ->  Seq Scan on movie_info_idx mi_idx  (cost=0.00..21735.35 rows=1380035 width=4) (actual time=0.016..488.007 rows=1380035 loops=1)
              ->  Hash  (cost=67604.59..67604.59 rows=690288 width=4) (actual time=1446.852..1446.852 rows=684146 loops=1)
                    Buckets: 131072  Batches: 16  Memory Usage: 2525kB
                    ->  Seq Scan on title t  (cost=0.00..67604.59 rows=690288 width=4) (actual time=0.021..1231.259 rows=684146 loops=1)
                          Filter: (production_year < 1990)
                          Rows Removed by Filter: 1844166
Planning time: 2.043 ms
Execution time: 7413.842 ms
