Seq Scan on movie_companies mc  (cost=0.00..57926.93 rows=51 width=0) (actual time=2667.027..2773.559 rows=1 loops=1)
  Filter: ((company_type_id < 2) AND (company_id = 5094))
  Rows Removed by Filter: 2609128
Planning time: 1.488 ms
Execution time: 2773.657 ms
