Hash Join  (cost=291564.64..1824823.59 rows=34022165 width=0) (actual time=14840.222..104543.246 rows=36331034 loops=1)
  Hash Cond: (ci.movie_id = t.id)
  ->  Seq Scan on cast_info ci  (cost=0.00..705507.15 rows=33965135 width=4) (actual time=0.023..51584.101 rows=34037948 loops=1)
        Filter: (person_id > 215039)
        Rows Removed by Filter: 2206396
  ->  Hash  (cost=250010.97..250010.97 rows=2532773 width=8) (actual time=14838.329..14838.329 rows=1404437 loops=1)
        Buckets: 131072  Batches: 64  Memory Usage: 1849kB
        ->  Hash Join  (cost=97151.21..250010.97 rows=2532773 width=8) (actual time=6031.066..14273.580 rows=1404437 loops=1)
              Hash Cond: (mk.movie_id = t.id)
              ->  Seq Scan on movie_keyword mk  (cost=0.00..69693.30 rows=4523930 width=4) (actual time=0.018..4364.877 rows=4523930 loops=1)
              ->  Hash  (cost=73925.90..73925.90 rows=1415624 width=4) (actual time=6029.914..6029.914 rows=1398720 loops=1)
                    Buckets: 131072  Batches: 32  Memory Usage: 2566kB
                    ->  Seq Scan on title t  (cost=0.00..73925.90 rows=1415624 width=4) (actual time=0.021..4732.448 rows=1398720 loops=1)
                          Filter: ((kind_id > 1) AND (production_year < 2010))
                          Rows Removed by Filter: 1129592
Planning time: 1.141 ms
Execution time: 109754.024 ms
