Seq Scan on cast_info ci  (cost=0.00..796071.18 rows=21834741 width=0) (actual time=0.025..48314.404 rows=21598297 loops=1)
  Filter: ((person_id > 307999) AND (role_id < 4))
  Rows Removed by Filter: 14646047
Planning time: 2.850 ms
Execution time: 52225.513 ms
