Seq Scan on title t  (cost=0.00..73925.90 rows=648865 width=0) (actual time=1336.501..3645.680 rows=656311 loops=1)
  Filter: ((kind_id < 2) AND (production_year > 0))
  Rows Removed by Filter: 1872001
Planning time: 0.299 ms
Execution time: 3785.778 ms
