Seq Scan on cast_info ci  (cost=0.00..796071.18 rows=17719869 width=42) (actual time=564.697..17460.301 rows=21202743 loops=1)
  Filter: ((person_id < 2453800) AND (role_id < 5))
  Rows Removed by Filter: 15041601
Planning time: 2.584 ms
Execution time: 18604.514 ms
