Seq Scan on movie_companies mc  (cost=0.00..57926.93 rows=452565 width=0) (actual time=1701.744..2728.046 rows=138872 loops=1)
  Filter: ((company_id > 19445) AND (company_type_id < 2))
  Rows Removed by Filter: 2470257
Planning time: 7.681 ms
Execution time: 2749.466 ms
