Hash Join  (cost=102767.86..281674.00 rows=3658155 width=0) (actual time=6077.177..14328.854 rows=3648388 loops=1)
  Hash Cond: (mk.movie_id = t.id)
  ->  Seq Scan on movie_keyword mk  (cost=0.00..81003.12 rows=3658155 width=4) (actual time=0.025..4453.864 rows=3648388 loops=1)
        Filter: (keyword_id < 21101)
        Rows Removed by Filter: 875542
  ->  Hash  (cost=61283.27..61283.27 rows=2528527 width=4) (actual time=6076.390..6076.390 rows=2528312 loops=1)
        Buckets: 131072  Batches: 64  Memory Usage: 2425kB
        ->  Seq Scan on title t  (cost=0.00..61283.27 rows=2528527 width=4) (actual time=0.011..4547.437 rows=2528312 loops=1)
Planning time: 3.306 ms
Execution time: 14847.792 ms
