Hash Join  (cost=937220.43..1074574.72 rows=1260026 width=0) (actual time=39112.226..47222.795 rows=2513348 loops=1)
  Hash Cond: (mk.movie_id = t.id)
  ->  Seq Scan on movie_keyword mk  (cost=0.00..69693.30 rows=4523930 width=4) (actual time=0.021..4762.555 rows=4523930 loops=1)
  ->  Hash  (cost=925665.21..925665.21 rows=704257 width=8) (actual time=39111.083..39111.083 rows=420279 loops=1)
        Buckets: 131072  Batches: 16  Memory Usage: 2053kB
        ->  Hash Join  (cost=102767.86..925665.21 rows=704257 width=8) (actual time=6154.005..38960.313 rows=420279 loops=1)
              Hash Cond: (ci.movie_id = t.id)
              ->  Seq Scan on cast_info ci  (cost=0.00..796071.18 rows=704257 width=4) (actual time=90.905..31593.622 rows=420279 loops=1)
                    Filter: ((person_id < 150378) AND (role_id > 2))
                    Rows Removed by Filter: 35824065
              ->  Hash  (cost=61283.27..61283.27 rows=2528527 width=4) (actual time=6061.938..6061.938 rows=2528312 loops=1)
                    Buckets: 131072  Batches: 64  Memory Usage: 2415kB
                    ->  Seq Scan on title t  (cost=0.00..61283.27 rows=2528527 width=4) (actual time=0.018..4188.772 rows=2528312 loops=1)
Planning time: 1.124 ms
Execution time: 47553.381 ms
