Hash Join  (cost=164003.65..930811.80 rows=602192 width=0) (actual time=22225.178..50756.105 rows=2423814 loops=1)
  Hash Cond: (ci.movie_id = t.id)
  ->  Seq Scan on cast_info ci  (cost=0.00..705507.15 rows=4670689 width=4) (actual time=14189.245..38232.972 rows=4639136 loops=1)
        Filter: (role_id > 9)
        Rows Removed by Filter: 31605208
  ->  Hash  (cost=158654.61..158654.61 rows=326003 width=8) (actual time=8034.732..8034.732 rows=879143 loops=1)
        Buckets: 131072 (originally 131072)  Batches: 16 (originally 8)  Memory Usage: 3192kB
        ->  Hash Join  (cost=79110.05..158654.61 rows=326003 width=8) (actual time=3360.554..7702.376 rows=879143 loops=1)
              Hash Cond: (mc.movie_id = t.id)
              ->  Seq Scan on movie_companies mc  (cost=0.00..44881.29 rows=2609129 width=4) (actual time=0.030..2514.400 rows=2609129 loops=1)
              ->  Hash  (cost=73925.90..73925.90 rows=315932 width=4) (actual time=3358.509..3358.509 rows=433359 loops=1)
                    Buckets: 131072  Batches: 8  Memory Usage: 2939kB
                    ->  Seq Scan on title t  (cost=0.00..73925.90 rows=315932 width=4) (actual time=0.084..3194.272 rows=433359 loops=1)
                          Filter: ((kind_id < 7) AND (production_year < 1995))
                          Rows Removed by Filter: 2094953
Planning time: 5.249 ms
Execution time: 51086.192 ms
