Seq Scan on movie_companies mc  (cost=0.00..51404.11 rows=1472809 width=0) (actual time=2.661..3026.109 rows=1477183 loops=1)
  Filter: (company_id > 8315)
  Rows Removed by Filter: 1131946
Planning time: 0.334 ms
Execution time: 3252.451 ms
