Hash Join  (cost=83074.74..833899.15 rows=3524 width=0) (actual time=1421.386..17613.365 rows=46536 loops=1)
  Hash Cond: (ci.movie_id = t.id)
  ->  Seq Scan on cast_info ci  (cost=0.00..614943.12 rows=36225612 width=4) (actual time=0.027..8969.056 rows=36244344 loops=1)
  ->  Hash  (cost=83071.67..83071.67 rows=246 width=8) (actual time=1421.286..1421.286 rows=717 loops=1)
        Buckets: 1024  Batches: 1  Memory Usage: 37kB
        ->  Nested Loop  (cost=0.43..83071.67 rows=246 width=8) (actual time=0.518..1420.709 rows=717 loops=1)
              ->  Seq Scan on movie_keyword mk  (cost=0.00..81003.12 rows=246 width=4) (actual time=0.457..1384.178 rows=717 loops=1)
                    Filter: (keyword_id = 685)
                    Rows Removed by Filter: 4523213
              ->  Index Only Scan using title_pkey on title t  (cost=0.43..8.40 rows=1 width=4) (actual time=0.049..0.049 rows=1 loops=717)
                    Index Cond: (id = mk.movie_id)
                    Heap Fetches: 717
Planning time: 3.411 ms
Execution time: 17625.127 ms
