Seq Scan on cast_info ci  (cost=0.00..796071.18 rows=7967554 width=0) (actual time=0.026..35686.986 rows=3386677 loops=1)
  Filter: ((person_id < 1201130) AND (role_id > 1))
  Rows Removed by Filter: 32857667
Planning time: 0.287 ms
Execution time: 36241.843 ms
