Hash Join  (cost=74787.47..887779.02 rows=114660 width=0) (actual time=4858.545..44063.170 rows=210435 loops=1)
  Hash Cond: (ci.movie_id = t.id)
  ->  Seq Scan on cast_info ci  (cost=0.00..796071.18 rows=4206339 width=4) (actual time=1934.161..39032.991 rows=5182022 loops=1)
        Filter: ((person_id > 968063) AND (role_id > 8))
        Rows Removed by Filter: 31062322
  ->  Hash  (cost=73925.90..73925.90 rows=68925 width=4) (actual time=2923.299..2923.299 rows=84076 loops=1)
        Buckets: 131072  Batches: 1  Memory Usage: 3980kB
        ->  Seq Scan on title t  (cost=0.00..73925.90 rows=68925 width=4) (actual time=0.033..2888.327 rows=84076 loops=1)
              Filter: ((kind_id = 7) AND (production_year = 2007))
              Rows Removed by Filter: 2444236
Planning time: 0.757 ms
Execution time: 44099.208 ms
