Hash Join  (cost=197746.14..236386.89 rows=55227 width=0) (actual time=9635.467..11513.591 rows=226999 loops=1)
  Hash Cond: (mi_idx.movie_id = t.id)
  ->  Seq Scan on movie_info_idx mi_idx  (cost=0.00..21735.35 rows=1380035 width=4) (actual time=0.024..1142.434 rows=1380035 loops=1)
  ->  Hash  (cost=196085.29..196085.29 rows=101188 width=8) (actual time=9634.698..9634.698 rows=109861 loops=1)
        Buckets: 131072  Batches: 2  Memory Usage: 3194kB
        ->  Hash Join  (cost=102767.86..196085.29 rows=101188 width=8) (actual time=5387.302..9593.553 rows=109861 loops=1)
              Hash Cond: (mk.movie_id = t.id)
              ->  Seq Scan on movie_keyword mk  (cost=0.00..81003.12 rows=101188 width=4) (actual time=0.023..3689.060 rows=109861 loops=1)
                    Filter: (keyword_id < 108)
                    Rows Removed by Filter: 4414069
              ->  Hash  (cost=61283.27..61283.27 rows=2528527 width=4) (actual time=5378.397..5378.397 rows=2528312 loops=1)
                    Buckets: 131072  Batches: 64  Memory Usage: 2425kB
                    ->  Seq Scan on title t  (cost=0.00..61283.27 rows=2528527 width=4) (actual time=0.010..4205.539 rows=2528312 loops=1)
Planning time: 8.488 ms
Execution time: 11556.336 ms
