Seq Scan on movie_keyword mk  (cost=0.00..81003.12 rows=4087953 width=0) (actual time=0.018..4657.089 rows=4092785 loops=1)
  Filter: (keyword_id < 40608)
  Rows Removed by Filter: 431145
Planning time: 3.617 ms
Execution time: 5413.999 ms
