Nested Loop  (cost=0.43..709673.15 rows=307 width=0) (actual time=23133.959..32980.038 rows=2 loops=1)
  ->  Seq Scan on cast_info ci  (cost=0.00..705507.15 rows=500 width=4) (actual time=23133.748..32979.821 rows=4 loops=1)
        Filter: (person_id = 2321964)
        Rows Removed by Filter: 36244340
  ->  Index Scan using title_pkey on title t  (cost=0.43..8.32 rows=1 width=4) (actual time=0.040..0.040 rows=0 loops=4)
        Index Cond: (id = ci.movie_id)
        Filter: (kind_id > 4)
        Rows Removed by Filter: 0
Planning time: 8.764 ms
Execution time: 32980.143 ms
