Seq Scan on movie_keyword mk  (cost=0.00..81003.12 rows=579635 width=0) (actual time=0.023..3897.907 rows=585396 loops=1)
  Filter: (keyword_id < 416)
  Rows Removed by Filter: 3938534
Planning time: 0.272 ms
Execution time: 3991.573 ms
