Seq Scan on movie_companies mc  (cost=0.00..57926.93 rows=51 width=0) (actual time=513.383..941.910 rows=22 loops=1)
  Filter: ((company_type_id < 2) AND (company_id = 17058))
  Rows Removed by Filter: 2609107
Planning time: 0.387 ms
Execution time: 942.015 ms
