Hash Join  (cost=798852.01..885510.21 rows=16 width=0) (actual time=47688.047..48372.143 rows=14 loops=1)
  Hash Cond: (mk.movie_id = t.id)
  ->  Seq Scan on movie_keyword mk  (cost=0.00..69693.30 rows=4523930 width=4) (actual time=0.017..3929.230 rows=4523930 loops=1)
  ->  Hash  (cost=798851.90..798851.90 rows=9 width=8) (actual time=43204.092..43204.092 rows=1 loops=1)
        Buckets: 1024  Batches: 1  Memory Usage: 9kB
        ->  Nested Loop  (cost=0.43..798851.90 rows=9 width=8) (actual time=26231.917..43204.076 rows=1 loops=1)
              ->  Seq Scan on cast_info ci  (cost=0.00..796071.18 rows=332 width=4) (actual time=26222.899..43194.457 rows=64 loops=1)
                    Filter: ((role_id < 4) AND (person_id = 2812772))
                    Rows Removed by Filter: 36244280
              ->  Index Scan using title_pkey on title t  (cost=0.43..8.37 rows=1 width=4) (actual time=0.149..0.149 rows=0 loops=64)
                    Index Cond: (id = ci.movie_id)
                    Filter: (production_year > 2012)
                    Rows Removed by Filter: 1
Planning time: 1.092 ms
Execution time: 48372.275 ms
