Hash Join  (cost=102767.86..253142.13 rows=2472440 width=0) (actual time=5900.837..14006.126 rows=2468276 loops=1)
  Hash Cond: (mk.movie_id = t.id)
  ->  Seq Scan on movie_keyword mk  (cost=0.00..81003.12 rows=2472440 width=4) (actual time=0.030..5040.362 rows=2468276 loops=1)
        Filter: (keyword_id < 5946)
        Rows Removed by Filter: 2055654
  ->  Hash  (cost=61283.27..61283.27 rows=2528527 width=4) (actual time=5899.518..5899.518 rows=2528312 loops=1)
        Buckets: 131072  Batches: 64  Memory Usage: 2425kB
        ->  Seq Scan on title t  (cost=0.00..61283.27 rows=2528527 width=4) (actual time=0.011..4373.480 rows=2528312 loops=1)
Planning time: 0.710 ms
Execution time: 14341.913 ms
