Hash Join  (cost=127687.70..1017499.68 rows=1965326 width=0) (actual time=15272.405..60170.659 rows=3090934 loops=1)
  Hash Cond: (ci.movie_id = t.id)
  ->  Seq Scan on cast_info ci  (cost=0.00..705507.15 rows=14121216 width=4) (actual time=8362.196..41708.845 rows=14282851 loops=1)
        Filter: (person_id > 2234206)
        Rows Removed by Filter: 21961493
  ->  Hash  (cost=121913.83..121913.83 rows=351909 width=8) (actual time=6909.259..6909.259 rows=420084 loops=1)
        Buckets: 131072  Batches: 8  Memory Usage: 3083kB
        ->  Hash Join  (cost=78183.26..121913.83 rows=351909 width=8) (actual time=4465.938..6775.330 rows=420084 loops=1)
              Hash Cond: (mi_idx.movie_id = t.id)
              ->  Seq Scan on movie_info_idx mi_idx  (cost=0.00..21735.35 rows=1380035 width=4) (actual time=0.017..1254.778 rows=1380035 loops=1)
              ->  Hash  (cost=67604.59..67604.59 rows=644774 width=4) (actual time=4463.484..4463.484 rows=642973 loops=1)
                    Buckets: 131072  Batches: 16  Memory Usage: 2432kB
                    ->  Seq Scan on title t  (cost=0.00..67604.59 rows=644774 width=4) (actual time=0.020..4162.146 rows=642973 loops=1)
                          Filter: (production_year < 1988)
                          Rows Removed by Filter: 1885339
Planning time: 1.091 ms
Execution time: 60671.937 ms
