Nested Loop  (cost=0.43..52283.69 rows=104 width=0) (actual time=1347.880..1920.194 rows=29 loops=1)
  ->  Seq Scan on movie_companies mc  (cost=0.00..51404.11 rows=104 width=4) (actual time=1347.806..1913.935 rows=29 loops=1)
        Filter: (company_id = 19695)
        Rows Removed by Filter: 2609100
  ->  Index Only Scan using title_pkey on title t  (cost=0.43..8.45 rows=1 width=4) (actual time=0.211..0.212 rows=1 loops=29)
        Index Cond: (id = mc.movie_id)
        Heap Fetches: 29
Planning time: 13.684 ms
Execution time: 1920.291 ms
