Hash Join  (cost=69090.10..163013.32 rows=37735 width=0) (actual time=3017.957..7259.764 rows=69670 loops=1)
  Hash Cond: (mk.movie_id = t.id)
  ->  Seq Scan on movie_keyword mk  (cost=0.00..81003.12 rows=1054065 width=4) (actual time=1.494..3757.842 rows=1061117 loops=1)
        Filter: (keyword_id < 1060)
        Rows Removed by Filter: 3462813
  ->  Hash  (cost=67604.59..67604.59 rows=90521 width=4) (actual time=3015.170..3015.170 rows=90852 loops=1)
        Buckets: 131072  Batches: 2  Memory Usage: 2632kB
        ->  Seq Scan on title t  (cost=0.00..67604.59 rows=90521 width=4) (actual time=0.023..2899.795 rows=90852 loops=1)
              Filter: (kind_id = 2)
              Rows Removed by Filter: 2437460
Planning time: 0.744 ms
Execution time: 7268.996 ms
