Seq Scan on movie_keyword mk  (cost=0.00..81003.12 rows=246 width=0) (actual time=216.096..4011.199 rows=25 loops=1)
  Filter: (keyword_id = 17431)
  Rows Removed by Filter: 4523905
Planning time: 0.361 ms
Execution time: 4011.331 ms
