Hash Join  (cost=190179.30..700116.59 rows=2823836 width=0) (actual time=9531.998..45661.752 rows=12286093 loops=1)
  Hash Cond: (mi.movie_id = t.id)
  ->  Seq Scan on movie_info mi  (cost=0.00..309384.22 rows=14739122 width=4) (actual time=4.581..21906.074 rows=14835720 loops=1)
  ->  Hash  (cost=182230.86..182230.86 rows=484435 width=8) (actual time=9526.656..9526.656 rows=802441 loops=1)
        Buckets: 131072 (originally 131072)  Batches: 16 (originally 8)  Memory Usage: 3073kB
        ->  Hash Join  (cost=102767.86..182230.86 rows=484435 width=8) (actual time=5443.869..9230.662 rows=802441 loops=1)
              Hash Cond: (mc.movie_id = t.id)
              ->  Seq Scan on movie_companies mc  (cost=0.00..57926.93 rows=484435 width=4) (actual time=0.473..2491.487 rows=802441 loops=1)
                    Filter: ((company_id > 18164) AND (company_type_id = 2))
                    Rows Removed by Filter: 1806688
              ->  Hash  (cost=61283.27..61283.27 rows=2528527 width=4) (actual time=5442.091..5442.091 rows=2528312 loops=1)
                    Buckets: 131072  Batches: 64  Memory Usage: 2415kB
                    ->  Seq Scan on title t  (cost=0.00..61283.27 rows=2528527 width=4) (actual time=0.018..4139.413 rows=2528312 loops=1)
Planning time: 1.229 ms
Execution time: 47419.028 ms
