Seq Scan on movie_keyword mk  (cost=0.00..81003.12 rows=2857205 width=0) (actual time=0.021..4277.132 rows=2845183 loops=1)
  Filter: (keyword_id > 2586)
  Rows Removed by Filter: 1678747
Planning time: 0.288 ms
Execution time: 4796.947 ms
