Hash Join  (cost=159236.08..971798.43 rows=19878 width=0) (actual time=7966.286..47457.898 rows=122114 loops=1)
  Hash Cond: (ci.movie_id = t.id)
  ->  Seq Scan on cast_info ci  (cost=0.00..796071.18 rows=4344637 width=4) (actual time=0.051..38670.143 rows=2680807 loops=1)
        Filter: ((person_id < 937257) AND (role_id > 2))
        Rows Removed by Filter: 33563537
  ->  Hash  (cost=159091.46..159091.46 rows=11569 width=8) (actual time=7966.063..7966.063 rows=20598 loops=1)
        Buckets: 32768 (originally 16384)  Batches: 1 (originally 1)  Memory Usage: 1061kB
        ->  Hash Join  (cost=74299.17..159091.46 rows=11569 width=8) (actual time=3430.180..7957.524 rows=20598 loops=1)
              Hash Cond: (mk.movie_id = t.id)
              ->  Seq Scan on movie_keyword mk  (cost=0.00..81003.12 rows=979595 width=4) (actual time=0.015..4226.133 rows=986426 loops=1)
                    Filter: (keyword_id < 927)
                    Rows Removed by Filter: 3537504
              ->  Hash  (cost=73925.90..73925.90 rows=29861 width=4) (actual time=3429.792..3429.792 rows=17772 loops=1)
                    Buckets: 32768  Batches: 1  Memory Usage: 881kB
                    ->  Seq Scan on title t  (cost=0.00..73925.90 rows=29861 width=4) (actual time=742.906..3421.633 rows=17772 loops=1)
                          Filter: ((kind_id = 1) AND (production_year = 2007))
                          Rows Removed by Filter: 2510540
Planning time: 1.218 ms
Execution time: 47475.913 ms
