Hash Join  (cost=74281.64..130627.95 rows=14401 width=0) (actual time=3347.585..6880.603 rows=18312 loops=1)
  Hash Cond: (mc.movie_id = t.id)
  ->  Seq Scan on movie_companies mc  (cost=0.00..51404.11 rows=1279517 width=4) (actual time=0.016..3181.080 rows=1274246 loops=1)
        Filter: (company_type_id = 1)
        Rows Removed by Filter: 1334883
  ->  Hash  (cost=73925.90..73925.90 rows=28459 width=4) (actual time=3347.316..3347.316 rows=16117 loops=1)
        Buckets: 32768  Batches: 1  Memory Usage: 823kB
        ->  Seq Scan on title t  (cost=0.00..73925.90 rows=28459 width=4) (actual time=504.603..3335.516 rows=16117 loops=1)
              Filter: ((kind_id = 1) AND (production_year = 2006))
              Rows Removed by Filter: 2512195
Planning time: 0.739 ms
Execution time: 6883.547 ms
