Hash Join  (cost=84145.54..168056.13 rows=642706 width=0) (actual time=4933.382..11132.863 rows=1105768 loops=1)
  Hash Cond: (mc.movie_id = t.id)
  ->  Seq Scan on movie_companies mc  (cost=0.00..44881.29 rows=2609129 width=4) (actual time=0.011..3376.041 rows=2609129 loops=1)
  ->  Hash  (cost=73925.90..73925.90 rows=622851 width=4) (actual time=4481.901..4481.901 rows=555120 loops=1)
        Buckets: 131072  Batches: 16  Memory Usage: 2241kB
        ->  Seq Scan on title t  (cost=0.00..73925.90 rows=622851 width=4) (actual time=0.022..4229.752 rows=555120 loops=1)
              Filter: ((production_year > 1924) AND (kind_id = 1))
              Rows Removed by Filter: 1973192
Planning time: 3.618 ms
Execution time: 11324.044 ms
