Hash Join  (cost=170244.82..1335671.69 rows=12812967 width=0) (actual time=9991.867..83930.493 rows=20805780 loops=1)
  Hash Cond: (ci.movie_id = t.id)
  ->  Seq Scan on cast_info ci  (cost=0.00..614943.12 rows=36225612 width=4) (actual time=0.011..43891.871 rows=36244344 loops=1)
  ->  Hash  (cost=155571.60..155571.60 rows=894338 width=8) (actual time=9989.653..9989.653 rows=707346 loops=1)
        Buckets: 131072  Batches: 16  Memory Usage: 2767kB
        ->  Hash Join  (cost=100809.69..155571.60 rows=894338 width=8) (actual time=6044.145..9688.900 rows=707346 loops=1)
              Hash Cond: (mi_idx.movie_id = t.id)
              ->  Seq Scan on movie_info_idx mi_idx  (cost=0.00..21735.35 rows=1380035 width=4) (actual time=0.022..1773.561 rows=1380035 loops=1)
              ->  Hash  (cost=73925.90..73925.90 rows=1638623 width=4) (actual time=6042.419..6042.419 rows=1629839 loops=1)
                    Buckets: 131072  Batches: 32  Memory Usage: 2813kB
                    ->  Seq Scan on title t  (cost=0.00..73925.90 rows=1638623 width=4) (actual time=0.019..4998.752 rows=1629839 loops=1)
                          Filter: ((kind_id > 1) AND (production_year < 2012))
                          Rows Removed by Filter: 898473
Planning time: 6.298 ms
Execution time: 86747.034 ms
