Hash Join  (cost=156632.57..224421.33 rows=110318 width=0) (actual time=3412.938..5110.273 rows=392896 loops=1)
  Hash Cond: (mc.movie_id = t.id)
  ->  Seq Scan on movie_companies mc  (cost=0.00..57926.93 rows=600438 width=4) (actual time=0.026..1157.696 rows=879398 loops=1)
        Filter: ((company_id > 12514) AND (company_type_id > 1))
        Rows Removed by Filter: 1729731
  ->  Hash  (cost=149010.49..149010.49 rows=464566 width=8) (actual time=3412.045..3412.045 rows=459925 loops=1)
        Buckets: 131072  Batches: 8  Memory Usage: 3275kB
        ->  Hash Join  (cost=102767.86..149010.49 rows=464566 width=8) (actual time=1913.833..3271.951 rows=459925 loops=1)
              Hash Cond: (mi_idx.movie_id = t.id)
              ->  Seq Scan on movie_info_idx mi_idx  (cost=0.00..25185.44 rows=464566 width=4) (actual time=0.031..494.822 rows=459925 loops=1)
                    Filter: (info_type_id = 101)
                    Rows Removed by Filter: 920110
              ->  Hash  (cost=61283.27..61283.27 rows=2528527 width=4) (actual time=1912.567..1912.567 rows=2528312 loops=1)
                    Buckets: 131072  Batches: 64  Memory Usage: 2415kB
                    ->  Seq Scan on title t  (cost=0.00..61283.27 rows=2528527 width=4) (actual time=0.016..1074.994 rows=2528312 loops=1)
Planning time: 1.180 ms
Execution time: 5149.215 ms
