Hash Join  (cost=74547.77..888585.78 rows=89567 width=0) (actual time=3457.304..41066.513 rows=59707 loops=1)
  Hash Cond: (ci.movie_id = t.id)
  ->  Seq Scan on cast_info ci  (cost=0.00..796071.18 rows=4552310 width=4) (actual time=0.014..36306.103 rows=2800583 loops=1)
        Filter: ((person_id < 983080) AND (role_id > 2))
        Rows Removed by Filter: 33443761
  ->  Hash  (cost=73925.90..73925.90 rows=49749 width=4) (actual time=3456.918..3456.918 rows=44012 loops=1)
        Buckets: 65536  Batches: 1  Memory Usage: 2060kB
        ->  Seq Scan on title t  (cost=0.00..73925.90 rows=49749 width=4) (actual time=0.029..3437.784 rows=44012 loops=1)
              Filter: ((kind_id < 7) AND (production_year = 2009))
              Rows Removed by Filter: 2484300
Planning time: 12.019 ms
Execution time: 41090.709 ms
