Seq Scan on movie_keyword mk  (cost=0.00..81003.12 rows=246 width=0) (actual time=0.182..3454.978 rows=1190 loops=1)
  Filter: (keyword_id = 333)
  Rows Removed by Filter: 4522740
Planning time: 1.549 ms
Execution time: 3455.517 ms
