Hash Join  (cost=510374.62..632649.33 rows=1100793 width=0) (actual time=24208.767..31324.645 rows=2446932 loops=1)
  Hash Cond: (mk.movie_id = t.id)
  ->  Seq Scan on movie_keyword mk  (cost=0.00..81003.12 rows=2187374 width=4) (actual time=0.016..4468.129 rows=2184930 loops=1)
        Filter: (keyword_id > 5169)
        Rows Removed by Filter: 2339000
  ->  Hash  (cost=489497.65..489497.65 rows=1272478 width=8) (actual time=24207.338..24207.338 rows=1325361 loops=1)
        Buckets: 131072  Batches: 32  Memory Usage: 2648kB
        ->  Hash Join  (cost=102767.86..489497.65 rows=1272478 width=8) (actual time=9070.571..23776.589 rows=1325361 loops=1)
              Hash Cond: (mi.movie_id = t.id)
              ->  Seq Scan on movie_info mi  (cost=0.00..346232.03 rows=1272478 width=4) (actual time=3495.619..16393.760 rows=1325361 loops=1)
                    Filter: (info_type_id = 8)
                    Rows Removed by Filter: 13510359
              ->  Hash  (cost=61283.27..61283.27 rows=2528527 width=4) (actual time=5573.611..5573.611 rows=2528312 loops=1)
                    Buckets: 131072  Batches: 64  Memory Usage: 2425kB
                    ->  Seq Scan on title t  (cost=0.00..61283.27 rows=2528527 width=4) (actual time=0.022..4090.955 rows=2528312 loops=1)
Planning time: 1.182 ms
Execution time: 31673.293 ms
