Hash Join  (cost=160823.02..511129.35 rows=2596 width=0) (actual time=11579.524..22625.493 rows=1895 loops=1)
  Hash Cond: (mi.movie_id = t.id)
  ->  Seq Scan on movie_info mi  (cost=0.00..346232.03 rows=809669 width=4) (actual time=4995.733..15892.616 rows=802140 loops=1)
        Filter: (info_type_id = 1)
        Rows Removed by Filter: 14033580
  ->  Hash  (cost=160721.67..160721.67 rows=8108 width=8) (actual time=6577.007..6577.007 rows=3524 loops=1)
        Buckets: 8192  Batches: 1  Memory Usage: 202kB
        ->  Hash Join  (cost=73982.55..160721.67 rows=8108 width=8) (actual time=4848.183..6573.960 rows=3524 loops=1)
              Hash Cond: (mk.movie_id = t.id)
              ->  Seq Scan on movie_keyword mk  (cost=0.00..69693.30 rows=4523930 width=4) (actual time=0.028..2573.422 rows=4523930 loops=1)
              ->  Hash  (cost=73925.90..73925.90 rows=4532 width=4) (actual time=2837.573..2837.573 rows=7895 loops=1)
                    Buckets: 8192  Batches: 1  Memory Usage: 342kB
                    ->  Seq Scan on title t  (cost=0.00..73925.90 rows=4532 width=4) (actual time=0.063..2833.105 rows=7895 loops=1)
                          Filter: ((kind_id = 7) AND (production_year = 1982))
                          Rows Removed by Filter: 2520417
Planning time: 1.190 ms
Execution time: 22625.859 ms
