Hash Join  (cost=168729.52..536668.65 rows=328318 width=0) (actual time=8624.526..30163.467 rows=426195 loops=1)
  Hash Cond: (mi.movie_id = t.id)
  ->  Seq Scan on movie_info mi  (cost=0.00..309384.22 rows=14739122 width=4) (actual time=0.019..16500.705 rows=14835720 loops=1)
  ->  Hash  (cost=168025.47..168025.47 rows=56324 width=8) (actual time=8624.129..8624.129 rows=35703 loops=1)
        Buckets: 65536  Batches: 1  Memory Usage: 1907kB
        ->  Hash Join  (cost=74483.34..168025.47 rows=56324 width=8) (actual time=3794.355..8606.111 rows=35703 loops=1)
              Hash Cond: (mk.movie_id = t.id)
              ->  Seq Scan on movie_keyword mk  (cost=0.00..81003.12 rows=3193536 width=4) (actual time=0.026..3997.075 rows=3178715 loops=1)
                    Filter: (keyword_id < 12696)
                    Rows Removed by Filter: 1345215
              ->  Hash  (cost=73925.90..73925.90 rows=44595 width=4) (actual time=3794.007..3794.007 rows=50569 loops=1)
                    Buckets: 65536  Batches: 1  Memory Usage: 2290kB
                    ->  Seq Scan on title t  (cost=0.00..73925.90 rows=44595 width=4) (actual time=0.060..3772.236 rows=50569 loops=1)
                          Filter: ((kind_id > 3) AND (production_year = 2003))
                          Rows Removed by Filter: 2477743
Planning time: 4.629 ms
Execution time: 30244.372 ms
