Hash Join  (cost=69090.10..176260.98 rows=77524 width=0) (actual time=3579.277..9626.383 rows=110595 loops=1)
  Hash Cond: (mk.movie_id = t.id)
  ->  Seq Scan on movie_keyword mk  (cost=0.00..81003.12 rows=2165471 width=4) (actual time=0.022..5020.904 rows=2167745 loops=1)
        Filter: (keyword_id < 4194)
        Rows Removed by Filter: 2356185
  ->  Hash  (cost=67604.59..67604.59 rows=90521 width=4) (actual time=3578.488..3578.488 rows=90852 loops=1)
        Buckets: 131072  Batches: 2  Memory Usage: 2632kB
        ->  Seq Scan on title t  (cost=0.00..67604.59 rows=90521 width=4) (actual time=309.050..3529.570 rows=90852 loops=1)
              Filter: (kind_id = 2)
              Rows Removed by Filter: 2437460
Planning time: 0.651 ms
Execution time: 9640.324 ms
