Hash Join  (cost=333628.89..1960678.76 rows=48933974 width=0) (actual time=17099.119..133662.063 rows=178994385 loops=1)
  Hash Cond: (ci.movie_id = t.id)
  ->  Seq Scan on cast_info ci  (cost=0.00..614943.12 rows=36225612 width=4) (actual time=0.021..46012.619 rows=36244344 loops=1)
  ->  Hash  (cost=277591.35..277591.35 rows=3415563 width=8) (actual time=17097.156..17097.156 rows=3591914 loops=1)
        Buckets: 131072  Batches: 64  Memory Usage: 3234kB
        ->  Hash Join  (cost=106394.85..277591.35 rows=3415563 width=8) (actual time=5455.431..15867.469 rows=3591914 loops=1)
              Hash Cond: (mk.movie_id = t.id)
              ->  Seq Scan on movie_keyword mk  (cost=0.00..81003.12 rows=3652749 width=4) (actual time=0.028..6137.208 rows=3647864 loops=1)
                    Filter: (keyword_id > 830)
                    Rows Removed by Filter: 876066
              ->  Hash  (cost=67604.59..67604.59 rows=2364341 width=4) (actual time=5454.226..5454.226 rows=2360253 loops=1)
                    Buckets: 131072  Batches: 32  Memory Usage: 3629kB
                    ->  Seq Scan on title t  (cost=0.00..67604.59 rows=2364341 width=4) (actual time=5.505..4333.595 rows=2360253 loops=1)
                          Filter: (production_year > 1922)
                          Rows Removed by Filter: 168059
Planning time: 7.238 ms
Execution time: 154637.084 ms
