Hash Join  (cost=295080.95..1286717.98 rows=11425258 width=0) (actual time=12085.301..57653.544 rows=38944687 loops=1)
  Hash Cond: (ci.movie_id = t.id)
  ->  Seq Scan on cast_info ci  (cost=0.00..705507.15 rows=11526127 width=4) (actual time=0.020..29067.526 rows=11441052 loops=1)
        Filter: (person_id < 1124005)
        Rows Removed by Filter: 24803292
  ->  Hash  (cost=253959.97..253959.97 rows=2506399 width=8) (actual time=12083.751..12083.751 rows=2501281 loops=1)
        Buckets: 131072  Batches: 64  Memory Usage: 2568kB
        ->  Hash Join  (cost=102767.86..253959.97 rows=2506399 width=8) (actual time=4569.939..11299.870 rows=2501281 loops=1)
              Hash Cond: (mk.movie_id = t.id)
              ->  Seq Scan on movie_keyword mk  (cost=0.00..81003.12 rows=2506399 width=4) (actual time=0.025..3978.732 rows=2501281 loops=1)
                    Filter: (keyword_id < 6115)
                    Rows Removed by Filter: 2022649
              ->  Hash  (cost=61283.27..61283.27 rows=2528527 width=4) (actual time=4561.394..4561.394 rows=2528312 loops=1)
                    Buckets: 131072  Batches: 64  Memory Usage: 2425kB
                    ->  Seq Scan on title t  (cost=0.00..61283.27 rows=2528527 width=4) (actual time=0.024..3555.864 rows=2528312 loops=1)
Planning time: 1.234 ms
Execution time: 62112.532 ms
