Seq Scan on movie_companies mc  (cost=0.00..51404.11 rows=1793276 width=0) (actual time=0.016..3064.207 rows=1784598 loops=1)
  Filter: (company_id < 28012)
  Rows Removed by Filter: 824531
Planning time: 0.339 ms
Execution time: 3332.342 ms
