Nested Loop  (cost=0.43..798789.03 rows=173 width=0) (actual time=8674.017..40937.497 rows=10 loops=1)
  ->  Seq Scan on cast_info ci  (cost=0.00..796071.18 rows=324 width=4) (actual time=8673.824..40937.087 rows=20 loops=1)
        Filter: ((role_id > 1) AND (person_id = 3352600))
        Rows Removed by Filter: 36244324
  ->  Index Scan using title_pkey on title t  (cost=0.43..8.38 rows=1 width=4) (actual time=0.019..0.019 rows=0 loops=20)
        Index Cond: (id = ci.movie_id)
        Filter: ((production_year > 1960) AND (kind_id = 7))
        Rows Removed by Filter: 0
Planning time: 9.695 ms
Execution time: 40937.604 ms
