Hash Join  (cost=70308.29..532929.89 rows=617541 width=0) (actual time=3569.343..31552.877 rows=416242 loops=1)
  Hash Cond: (mi.movie_id = t.id)
  ->  Seq Scan on movie_info mi  (cost=0.00..346232.03 rows=9476311 width=4) (actual time=0.014..21468.007 rows=9565151 loops=1)
        Filter: (info_type_id < 16)
        Rows Removed by Filter: 5270569
  ->  Hash  (cost=67604.59..67604.59 rows=164776 width=4) (actual time=3568.056..3568.056 rows=164307 loops=1)
        Buckets: 131072  Batches: 4  Memory Usage: 2488kB
        ->  Seq Scan on title t  (cost=0.00..67604.59 rows=164776 width=4) (actual time=0.012..3500.059 rows=164307 loops=1)
              Filter: (production_year = 2012)
              Rows Removed by Filter: 2364005
Planning time: 0.721 ms
Execution time: 31624.129 ms
