Hash Join  (cost=910394.64..949723.92 rows=95380 width=0) (actual time=38753.265..41258.834 rows=181485 loops=1)
  Hash Cond: (mi_idx.movie_id = t.id)
  ->  Seq Scan on movie_info_idx mi_idx  (cost=0.00..21735.35 rows=1380035 width=4) (actual time=0.016..1438.770 rows=1380035 loops=1)
  ->  Hash  (cost=907527.16..907527.16 rows=174758 width=8) (actual time=38751.530..38751.530 rows=182131 loops=1)
        Buckets: 131072  Batches: 4  Memory Usage: 2803kB
        ->  Hash Join  (cost=99942.07..907527.16 rows=174758 width=8) (actual time=9571.062..38680.463 rows=182131 loops=1)
              Hash Cond: (ci.movie_id = t.id)
              ->  Seq Scan on cast_info ci  (cost=0.00..796071.18 rows=278667 width=4) (actual time=3338.244..31939.721 rows=253961 loops=1)
                    Filter: ((person_id < 342489) AND (role_id = 4))
                    Rows Removed by Filter: 35990383
              ->  Hash  (cost=73925.90..73925.90 rows=1585693 width=4) (actual time=6231.858..6231.858 rows=1700125 loops=1)
                    Buckets: 131072  Batches: 32  Memory Usage: 2896kB
                    ->  Seq Scan on title t  (cost=0.00..73925.90 rows=1585693 width=4) (actual time=0.020..5200.385 rows=1700125 loops=1)
                          Filter: ((kind_id > 1) AND (production_year > 1965))
                          Rows Removed by Filter: 828187
Planning time: 7.362 ms
Execution time: 41284.390 ms
