Hash Join  (cost=365418.15..1575436.23 rows=25280889 width=0) (actual time=26471.055..99363.105 rows=84084536 loops=1)
  Hash Cond: (ci.movie_id = t.id)
  ->  Seq Scan on cast_info ci  (cost=0.00..705507.15 rows=14130062 width=4) (actual time=8707.879..44021.668 rows=14293171 loops=1)
        Filter: (person_id > 2233266)
        Rows Removed by Filter: 21951173
  ->  Hash  (cost=291197.02..291197.02 rows=4523930 width=8) (actual time=17761.012..17761.012 rows=4523930 loops=1)
        Buckets: 131072  Batches: 64  Memory Usage: 3816kB
        ->  Hash Join  (cost=102767.86..291197.02 rows=4523930 width=8) (actual time=6011.391..16151.603 rows=4523930 loops=1)
              Hash Cond: (mk.movie_id = t.id)
              ->  Seq Scan on movie_keyword mk  (cost=0.00..69693.30 rows=4523930 width=4) (actual time=0.034..5097.695 rows=4523930 loops=1)
              ->  Hash  (cost=61283.27..61283.27 rows=2528527 width=4) (actual time=6010.497..6010.497 rows=2528312 loops=1)
                    Buckets: 131072  Batches: 64  Memory Usage: 2425kB
                    ->  Seq Scan on title t  (cost=0.00..61283.27 rows=2528527 width=4) (actual time=0.024..4454.840 rows=2528312 loops=1)
Planning time: 1.718 ms
Execution time: 111073.416 ms
