Seq Scan on movie_companies mc  (cost=0.00..51404.11 rows=104 width=0) (actual time=3.285..2311.462 rows=2523 loops=1)
  Filter: (company_id = 10584)
  Rows Removed by Filter: 2606606
Planning time: 0.337 ms
Execution time: 2311.964 ms
