Seq Scan on movie_companies mc  (cost=0.00..51404.11 rows=1113499 width=0) (actual time=0.023..940.245 rows=1123143 loops=1)
  Filter: (company_id > 13642)
  Rows Removed by Filter: 1485986
Planning time: 2.160 ms
Execution time: 1082.991 ms
