Seq Scan on movie_keyword mk  (cost=0.00..81003.12 rows=246 width=0) (actual time=16.483..1221.105 rows=406 loops=1)
  Filter: (keyword_id = 9807)
  Rows Removed by Filter: 4523524
Planning time: 1.490 ms
Execution time: 1221.387 ms
