Seq Scan on title t  (cost=0.00..73925.90 rows=2905 width=0) (actual time=506.730..1068.773 rows=4012 loops=1)
  Filter: ((kind_id < 7) AND (production_year = 1920))
  Rows Removed by Filter: 2524300
Planning time: 0.385 ms
Execution time: 1069.904 ms
