Seq Scan on movie_companies mc  (cost=0.00..57926.93 rows=205232 width=0) (actual time=0.027..818.605 rows=94199 loops=1)
  Filter: ((company_id < 253) AND (company_type_id = 2))
  Rows Removed by Filter: 2514930
Planning time: 0.383 ms
Execution time: 831.501 ms
