Seq Scan on movie_companies mc  (cost=0.00..57926.93 rows=907585 width=0) (actual time=0.033..1079.537 rows=585708 loops=1)
  Filter: ((company_id < 26559) AND (company_type_id > 1))
  Rows Removed by Filter: 2023421
Planning time: 0.318 ms
Execution time: 1155.324 ms
