Seq Scan on movie_companies mc  (cost=0.00..51404.11 rows=104 width=0) (actual time=753.880..811.970 rows=2 loops=1)
  Filter: (company_id = 168825)
  Rows Removed by Filter: 2609127
Planning time: 0.304 ms
Execution time: 812.032 ms
