Hash Join  (cost=135556.82..493413.43 rows=11886 width=0) (actual time=6417.120..8416.802 rows=112017 loops=1)
  Hash Cond: (mi.movie_id = t.id)
  ->  Seq Scan on movie_info mi  (cost=0.00..346232.03 rows=3068194 width=4) (actual time=3071.853..5557.192 rows=3036719 loops=1)
        Filter: (info_type_id = 16)
        Rows Removed by Filter: 11799001
  ->  Hash  (cost=135434.38..135434.38 rows=9795 width=8) (actual time=2240.292..2240.292 rows=19008 loops=1)
        Buckets: 32768 (originally 16384)  Batches: 1 (originally 1)  Memory Usage: 999kB
        ->  Hash Join  (cost=74299.17..135434.38 rows=9795 width=8) (actual time=1274.923..2233.415 rows=19008 loops=1)
              Hash Cond: (mc.movie_id = t.id)
              ->  Seq Scan on movie_companies mc  (cost=0.00..57926.93 rows=829421 width=4) (actual time=0.042..759.048 rows=1042283 loops=1)
                    Filter: ((company_id > 4434) AND (company_type_id > 1))
                    Rows Removed by Filter: 1566846
              ->  Hash  (cost=73925.90..73925.90 rows=29861 width=4) (actual time=1274.665..1274.665 rows=17772 loops=1)
                    Buckets: 32768  Batches: 1  Memory Usage: 881kB
                    ->  Seq Scan on title t  (cost=0.00..73925.90 rows=29861 width=4) (actual time=0.027..1267.193 rows=17772 loops=1)
                          Filter: ((kind_id = 1) AND (production_year = 2007))
                          Rows Removed by Filter: 2510540
Planning time: 1.260 ms
Execution time: 8431.842 ms
