Seq Scan on cast_info ci  (cost=0.00..705507.15 rows=500 width=0) (actual time=5269.990..10987.413 rows=1118 loops=1)
  Filter: (person_id = 2172442)
  Rows Removed by Filter: 36243226
Planning time: 0.412 ms
Execution time: 10987.682 ms
