Hash Join  (cost=102767.86..201228.72 rows=1273965 width=0) (actual time=2352.907..4593.492 rows=1225431 loops=1)
  Hash Cond: (mc.movie_id = t.id)
  ->  Seq Scan on movie_companies mc  (cost=0.00..57926.93 rows=1273965 width=4) (actual time=293.891..1210.575 rows=1225431 loops=1)
        Filter: ((company_id < 152168) AND (company_type_id = 2))
        Rows Removed by Filter: 1383698
  ->  Hash  (cost=61283.27..61283.27 rows=2528527 width=4) (actual time=2057.543..2057.543 rows=2528312 loops=1)
        Buckets: 131072  Batches: 64  Memory Usage: 2415kB
        ->  Seq Scan on title t  (cost=0.00..61283.27 rows=2528527 width=4) (actual time=0.022..1205.536 rows=2528312 loops=1)
Planning time: 5.536 ms
Execution time: 4733.904 ms
