Hash Join  (cost=206888.38..1032563.01 rows=3703279 width=0) (actual time=5425.821..23871.604 rows=8923369 loops=1)
  Hash Cond: (ci.movie_id = t.id)
  ->  Seq Scan on cast_info ci  (cost=0.00..705507.15 rows=6719116 width=4) (actual time=0.014..12594.750 rows=6800023 loops=1)
        Filter: (person_id > 2982038)
        Rows Removed by Filter: 29444321
  ->  Hash  (cost=184024.23..184024.23 rows=1393612 width=8) (actual time=5424.738..5424.738 rows=1667421 loops=1)
        Buckets: 131072  Batches: 32  Memory Usage: 3029kB
        ->  Hash Join  (cost=89762.59..184024.23 rows=1393612 width=8) (actual time=1781.046..4949.283 rows=1667421 loops=1)
              Hash Cond: (mc.movie_id = t.id)
              ->  Seq Scan on movie_companies mc  (cost=0.00..44881.29 rows=2609129 width=4) (actual time=0.015..929.434 rows=2609129 loops=1)
              ->  Hash  (cost=67604.59..67604.59 rows=1350560 width=4) (actual time=1779.294..1779.294 rows=1348293 loops=1)
                    Buckets: 131072  Batches: 32  Memory Usage: 2505kB
                    ->  Seq Scan on title t  (cost=0.00..67604.59 rows=1350560 width=4) (actual time=0.011..1328.325 rows=1348293 loops=1)
                          Filter: (production_year < 2005)
                          Rows Removed by Filter: 1180019
Planning time: 2.919 ms
Execution time: 24794.679 ms
