Nested Loop  (cost=0.43..83072.90 rows=36 width=0) (actual time=1078.845..1262.071 rows=1 loops=1)
  ->  Seq Scan on movie_keyword mk  (cost=0.00..81003.12 rows=246 width=4) (actual time=11.136..1260.919 rows=21 loops=1)
        Filter: (keyword_id = 8156)
        Rows Removed by Filter: 4523909
  ->  Index Scan using title_pkey on title t  (cost=0.43..8.40 rows=1 width=4) (actual time=0.048..0.048 rows=0 loops=21)
        Index Cond: (id = mk.movie_id)
        Filter: ((production_year < 1986) AND (kind_id = 7))
        Rows Removed by Filter: 1
Planning time: 1.983 ms
Execution time: 1262.187 ms
