Seq Scan on movie_keyword mk  (cost=0.00..81003.12 rows=246 width=0) (actual time=1.950..1248.484 rows=221 loops=1)
  Filter: (keyword_id = 41765)
  Rows Removed by Filter: 4523709
Planning time: 1.013 ms
Execution time: 1248.679 ms
