Hash Join  (cost=102767.86..187739.67 rows=984474 width=0) (actual time=1886.926..3944.496 rows=985057 loops=1)
  Hash Cond: (mc.movie_id = t.id)
  ->  Seq Scan on movie_companies mc  (cost=0.00..51404.11 rows=984474 width=4) (actual time=0.009..937.782 rows=985057 loops=1)
        Filter: (company_id < 4501)
        Rows Removed by Filter: 1624072
  ->  Hash  (cost=61283.27..61283.27 rows=2528527 width=4) (actual time=1886.226..1886.226 rows=2528312 loops=1)
        Buckets: 131072  Batches: 64  Memory Usage: 2415kB
        ->  Seq Scan on title t  (cost=0.00..61283.27 rows=2528527 width=4) (actual time=0.013..1032.622 rows=2528312 loops=1)
Planning time: 0.731 ms
Execution time: 4042.028 ms
