Hash Join  (cost=101132.29..702502.95 rows=9666283 width=0) (actual time=2041.564..17506.868 rows=6319816 loops=1)
  Hash Cond: (mi.movie_id = t.id)
  ->  Seq Scan on movie_info mi  (cost=0.00..309384.22 rows=14739122 width=4) (actual time=0.015..6073.427 rows=14835720 loops=1)
  ->  Hash  (cost=73925.90..73925.90 rows=1658271 width=4) (actual time=2040.252..2040.252 rows=1768410 loops=1)
        Buckets: 131072  Batches: 32  Memory Usage: 2978kB
        ->  Seq Scan on title t  (cost=0.00..73925.90 rows=1658271 width=4) (actual time=0.019..1460.573 rows=1768410 loops=1)
              Filter: ((kind_id > 1) AND (production_year > 1956))
              Rows Removed by Filter: 759902
Planning time: 0.817 ms
Execution time: 18257.810 ms
