Hash Join  (cost=190230.21..300408.60 rows=762634 width=0) (actual time=4609.413..7731.227 rows=3171487 loops=1)
  Hash Cond: (mk.movie_id = t.id)
  ->  Seq Scan on movie_keyword mk  (cost=0.00..81003.12 rows=1397312 width=4) (actual time=0.017..1580.080 rows=1410993 loops=1)
        Filter: (keyword_id < 1934)
        Rows Removed by Filter: 3112937
  ->  Hash  (cost=167588.78..167588.78 rows=1380035 width=8) (actual time=4608.576..4608.576 rows=1380035 loops=1)
        Buckets: 131072  Batches: 32  Memory Usage: 2726kB
        ->  Hash Join  (cost=102767.86..167588.78 rows=1380035 width=8) (actual time=2031.527..4210.487 rows=1380035 loops=1)
              Hash Cond: (mi_idx.movie_id = t.id)
              ->  Seq Scan on movie_info_idx mi_idx  (cost=0.00..21735.35 rows=1380035 width=4) (actual time=0.023..495.950 rows=1380035 loops=1)
              ->  Hash  (cost=61283.27..61283.27 rows=2528527 width=4) (actual time=2028.230..2028.230 rows=2528312 loops=1)
                    Buckets: 131072  Batches: 64  Memory Usage: 2415kB
                    ->  Seq Scan on title t  (cost=0.00..61283.27 rows=2528527 width=4) (actual time=0.019..1171.476 rows=2528312 loops=1)
Planning time: 2.159 ms
Execution time: 8069.634 ms
