Hash Join  (cost=83073.69..109984.51 rows=35 width=0) (actual time=1300.974..1843.695 rows=780 loops=1)
  Hash Cond: (mi_idx.movie_id = t.id)
  ->  Seq Scan on movie_info_idx mi_idx  (cost=0.00..21735.35 rows=1380035 width=4) (actual time=0.015..290.252 rows=1380035 loops=1)
  ->  Hash  (cost=83072.90..83072.90 rows=63 width=8) (actual time=1300.647..1300.647 rows=277 loops=1)
        Buckets: 1024  Batches: 1  Memory Usage: 19kB
        ->  Nested Loop  (cost=0.43..83072.90 rows=63 width=8) (actual time=3.738..1299.971 rows=277 loops=1)
              ->  Seq Scan on movie_keyword mk  (cost=0.00..81003.12 rows=246 width=4) (actual time=3.684..1280.914 rows=403 loops=1)
                    Filter: (keyword_id = 2930)
                    Rows Removed by Filter: 4523527
              ->  Index Scan using title_pkey on title t  (cost=0.43..8.40 rows=1 width=4) (actual time=0.045..0.045 rows=1 loops=403)
                    Index Cond: (id = mk.movie_id)
                    Filter: ((kind_id < 7) AND (production_year < 2008))
                    Rows Removed by Filter: 0
Planning time: 1.124 ms
Execution time: 1843.963 ms
