Seq Scan on movie_companies mc  (cost=0.00..51404.11 rows=104 width=0) (actual time=35.132..843.179 rows=1482 loops=1)
  Filter: (company_id = 2281)
  Rows Removed by Filter: 2607647
Planning time: 0.322 ms
Execution time: 843.645 ms
