Hash Join  (cost=73982.55..873160.37 rows=1478 width=0) (actual time=3519.134..13973.027 rows=3360 loops=1)
  Hash Cond: (ci.movie_id = t.id)
  ->  Seq Scan on cast_info ci  (cost=0.00..796071.18 rows=824494 width=4) (actual time=2385.037..12593.942 rows=1308599 loops=1)
        Filter: ((person_id > 2613493) AND (role_id = 4))
        Rows Removed by Filter: 34935745
  ->  Hash  (cost=73925.90..73925.90 rows=4532 width=4) (actual time=1130.931..1130.931 rows=6454 loops=1)
        Buckets: 8192  Batches: 1  Memory Usage: 291kB
        ->  Seq Scan on title t  (cost=0.00..73925.90 rows=4532 width=4) (actual time=0.215..1127.602 rows=6454 loops=1)
              Filter: ((kind_id = 7) AND (production_year = 1964))
              Rows Removed by Filter: 2521858
Planning time: 0.794 ms
Execution time: 13973.766 ms
