Hash Join  (cost=252775.39..1176517.64 rows=3863998 width=0) (actual time=8930.892..26773.244 rows=4120962 loops=1)
  Hash Cond: (ci.movie_id = t.id)
  ->  Seq Scan on cast_info ci  (cost=0.00..796071.18 rows=6489618 width=4) (actual time=3937.863..15495.907 rows=12670688 loops=1)
        Filter: ((person_id < 1826394) AND (role_id = 1))
        Rows Removed by Filter: 23573656
  ->  Hash  (cost=228075.44..228075.44 rows=1505516 width=8) (actual time=4990.978..4990.978 rows=377870 loops=1)
        Buckets: 131072  Batches: 32  Memory Usage: 1498kB
        ->  Hash Join  (cost=87731.24..228075.44 rows=1505516 width=8) (actual time=3556.941..4896.399 rows=377870 loops=1)
              Hash Cond: (mk.movie_id = t.id)
              ->  Seq Scan on movie_keyword mk  (cost=0.00..69693.30 rows=4523930 width=4) (actual time=0.034..1335.148 rows=4523930 loops=1)
              ->  Hash  (cost=73925.90..73925.90 rows=841467 width=4) (actual time=1608.687..1608.687 rows=921643 loops=1)
                    Buckets: 131072  Batches: 16  Memory Usage: 3062kB
                    ->  Seq Scan on title t  (cost=0.00..73925.90 rows=841467 width=4) (actual time=187.964..1301.454 rows=921643 loops=1)
                          Filter: ((production_year > 2000) AND (kind_id = 7))
                          Rows Removed by Filter: 1606669
Planning time: 1.148 ms
Execution time: 27191.262 ms
