Hash Join  (cost=128597.65..493264.07 rows=1049 width=0) (actual time=2108.254..9940.026 rows=48288 loops=1)
  Hash Cond: (mi.movie_id = t.id)
  ->  Seq Scan on movie_info mi  (cost=0.00..309384.22 rows=14739122 width=4) (actual time=0.021..4709.369 rows=14835720 loops=1)
  ->  Hash  (cost=128595.40..128595.40 rows=180 width=8) (actual time=2107.780..2107.780 rows=5982 loops=1)
        Buckets: 8192 (originally 1024)  Batches: 1 (originally 1)  Memory Usage: 298kB
        ->  Hash Join  (cost=73928.08..128595.40 rows=180 width=8) (actual time=1030.826..2105.351 rows=5982 loops=1)
              Hash Cond: (mc.movie_id = t.id)
              ->  Seq Scan on movie_companies mc  (cost=0.00..44881.29 rows=2609129 width=4) (actual time=0.028..588.871 rows=2609129 loops=1)
              ->  Hash  (cost=73925.90..73925.90 rows=174 width=4) (actual time=1030.479..1030.479 rows=3217 loops=1)
                    Buckets: 4096 (originally 1024)  Batches: 1 (originally 1)  Memory Usage: 146kB
                    ->  Seq Scan on title t  (cost=0.00..73925.90 rows=174 width=4) (actual time=461.628..1028.950 rows=3217 loops=1)
                          Filter: ((production_year > 2013) AND (kind_id = 1))
                          Rows Removed by Filter: 2525095
Planning time: 1.179 ms
Execution time: 9948.009 ms
