Hash Join  (cost=81878.30..163823.05 rows=500122 width=0) (actual time=1398.446..3610.785 rows=668127 loops=1)
  Hash Cond: (mc.movie_id = t.id)
  ->  Seq Scan on movie_companies mc  (cost=0.00..44881.29 rows=2609129 width=4) (actual time=0.020..881.363 rows=2609129 loops=1)
  ->  Hash  (cost=73925.90..73925.90 rows=484672 width=4) (actual time=1397.453..1397.453 rows=355227 loops=1)
        Buckets: 131072  Batches: 8  Memory Usage: 2591kB
        ->  Seq Scan on title t  (cost=0.00..73925.90 rows=484672 width=4) (actual time=0.027..1275.636 rows=355227 loops=1)
              Filter: ((production_year > 1986) AND (kind_id = 1))
              Rows Removed by Filter: 2173085
Planning time: 0.712 ms
Execution time: 3686.351 ms
