Seq Scan on cast_info ci  (cost=0.00..796071.18 rows=29711720 width=0) (actual time=0.025..17784.847 rows=29634352 loops=1)
  Filter: ((person_id > 201769) AND (role_id < 10))
  Rows Removed by Filter: 6609992
Planning time: 0.379 ms
Execution time: 21443.042 ms
