Seq Scan on movie_keyword mk  (cost=0.00..81003.12 rows=53138 width=0) (actual time=0.028..1302.662 rows=49477 loops=1)
  Filter: (keyword_id > 99824)
  Rows Removed by Filter: 4474453
Planning time: 0.294 ms
Execution time: 1309.845 ms
