Hash Join  (cost=841764.43..927605.16 rows=782721 width=0) (actual time=15728.173..18593.937 rows=1337715 loops=1)
  Hash Cond: (mc.movie_id = t.id)
  ->  Seq Scan on movie_companies mc  (cost=0.00..44881.29 rows=2609129 width=4) (actual time=0.019..827.186 rows=2609129 loops=1)
  ->  Hash  (cost=829318.67..829318.67 rows=758541 width=8) (actual time=15727.320..15727.320 rows=596904 loops=1)
        Buckets: 131072  Batches: 16  Memory Usage: 2483kB
        ->  Hash Join  (cost=94978.31..829318.67 rows=758541 width=8) (actual time=5915.867..15548.559 rows=596904 loops=1)
              Hash Cond: (ci.movie_id = t.id)
              ->  Seq Scan on cast_info ci  (cost=0.00..705507.15 rows=1149559 width=4) (actual time=4008.414..12516.701 rows=1093558 loops=1)
                    Filter: (role_id = 9)
                    Rows Removed by Filter: 35150786
              ->  Hash  (cost=67604.59..67604.59 rows=1668458 width=4) (actual time=1906.356..1906.356 rows=1671292 loops=1)
                    Buckets: 131072  Batches: 32  Memory Usage: 2858kB
                    ->  Seq Scan on title t  (cost=0.00..67604.59 rows=1668458 width=4) (actual time=0.023..1346.042 rows=1671292 loops=1)
                          Filter: (production_year < 2008)
                          Rows Removed by Filter: 857020
Planning time: 1.044 ms
Execution time: 18758.327 ms
