Seq Scan on cast_info ci  (cost=0.00..796071.18 rows=5766548 width=0) (actual time=2238.545..13290.723 rows=8909100 loops=1)
  Filter: ((person_id > 2803404) AND (role_id > 1))
  Rows Removed by Filter: 27335244
Planning time: 0.352 ms
Execution time: 14391.949 ms
