Hash Join  (cost=105772.75..737252.04 rows=11542359 width=0) (actual time=2167.394..18437.355 rows=11141654 loops=1)
  Hash Cond: (mi.movie_id = t.id)
  ->  Seq Scan on movie_info mi  (cost=0.00..346232.03 rows=12545135 width=4) (actual time=0.019..7173.320 rows=12601870 loops=1)
        Filter: (info_type_id < 17)
        Rows Removed by Filter: 2233850
  ->  Hash  (cost=67604.59..67604.59 rows=2326413 width=4) (actual time=2166.544..2166.544 rows=2320300 loops=1)
        Buckets: 131072  Batches: 32  Memory Usage: 3586kB
        ->  Seq Scan on title t  (cost=0.00..67604.59 rows=2326413 width=4) (actual time=0.017..1441.663 rows=2320300 loops=1)
              Filter: (production_year > 1937)
              Rows Removed by Filter: 208012
Planning time: 0.539 ms
Execution time: 19480.317 ms
