Nested Loop  (cost=62440.23..215608.96 rows=12556 width=0) (actual time=1293.900..3119.550 rows=71107 loops=1)
  ->  Hash Join  (cost=62439.80..167751.85 rows=66005 width=8) (actual time=1293.836..2610.809 rows=71107 loops=1)
        Hash Cond: (mk.movie_id = mc.movie_id)
        ->  Seq Scan on movie_keyword mk  (cost=0.00..81003.12 rows=47202 width=4) (actual time=190.125..1345.031 rows=43674 loops=1)
              Filter: (keyword_id > 102719)
              Rows Removed by Filter: 4480256
        ->  Hash  (cost=51404.11..51404.11 rows=672615 width=4) (actual time=1101.729..1101.729 rows=665632 loops=1)
              Buckets: 131072  Batches: 16  Memory Usage: 2506kB
              ->  Seq Scan on movie_companies mc  (cost=0.00..51404.11 rows=672615 width=4) (actual time=0.028..885.130 rows=665632 loops=1)
                    Filter: (company_id < 1015)
                    Rows Removed by Filter: 1943497
  ->  Index Only Scan using title_pkey on title t  (cost=0.43..0.72 rows=1 width=4) (actual time=0.006..0.007 rows=1 loops=71107)
        Index Cond: (id = mc.movie_id)
        Heap Fetches: 71107
Planning time: 1.113 ms
Execution time: 3131.819 ms
