Seq Scan on movie_keyword mk  (cost=0.00..81003.12 rows=745606 width=0) (actual time=0.027..1327.599 rows=751341 loops=1)
  Filter: (keyword_id > 24892)
  Rows Removed by Filter: 3772589
Planning time: 0.287 ms
Execution time: 1426.588 ms
