Seq Scan on cast_info ci  (cost=0.00..796071.18 rows=5390467 width=0) (actual time=1291.409..15759.405 rows=3015868 loops=1)
  Filter: ((person_id < 3541714) AND (role_id > 8))
  Rows Removed by Filter: 33228476
Planning time: 0.355 ms
Execution time: 16137.346 ms
