Seq Scan on cast_info ci  (cost=0.00..705507.15 rows=500 width=0) (actual time=4903.277..11117.000 rows=301 loops=1)
  Filter: (person_id = 2059091)
  Rows Removed by Filter: 36244043
Planning time: 0.409 ms
Execution time: 11117.159 ms
