Hash Join  (cost=271612.36..889663.42 rows=11229523 width=0) (actual time=6015.537..43706.786 rows=106218253 loops=1)
  Hash Cond: (mi.movie_id = t.id)
  ->  Seq Scan on movie_info mi  (cost=0.00..309384.22 rows=14739122 width=4) (actual time=0.022..6453.321 rows=14835720 loops=1)
  ->  Hash  (cost=240005.76..240005.76 rows=1926448 width=8) (actual time=6014.119..6014.119 rows=1937730 loops=1)
        Buckets: 131072  Batches: 32  Memory Usage: 3457kB
        ->  Hash Join  (cost=102767.86..240005.76 rows=1926448 width=8) (actual time=2001.039..5463.858 rows=1937730 loops=1)
              Hash Cond: (mk.movie_id = t.id)
              ->  Seq Scan on movie_keyword mk  (cost=0.00..81003.12 rows=1926448 width=4) (actual time=0.022..1568.235 rows=1937730 loops=1)
                    Filter: (keyword_id > 6826)
                    Rows Removed by Filter: 2586200
              ->  Hash  (cost=61283.27..61283.27 rows=2528527 width=4) (actual time=1999.212..1999.212 rows=2528312 loops=1)
                    Buckets: 131072  Batches: 64  Memory Usage: 2425kB
                    ->  Seq Scan on title t  (cost=0.00..61283.27 rows=2528527 width=4) (actual time=0.022..1137.202 rows=2528312 loops=1)
Planning time: 1.174 ms
Execution time: 54935.738 ms
