Hash Join  (cost=83074.74..815957.44 rows=710 width=0) (actual time=6603.635..15750.432 rows=8287 loops=1)
  Hash Cond: (ci.movie_id = t.id)
  ->  Seq Scan on cast_info ci  (cost=0.00..705507.15 rows=7298253 width=4) (actual time=5527.664..13561.942 rows=7451973 loops=1)
        Filter: (role_id = 2)
        Rows Removed by Filter: 28792371
  ->  Hash  (cost=83071.67..83071.67 rows=246 width=8) (actual time=1075.381..1075.381 rows=1317 loops=1)
        Buckets: 2048 (originally 1024)  Batches: 1 (originally 1)  Memory Usage: 68kB
        ->  Nested Loop  (cost=0.43..83071.67 rows=246 width=8) (actual time=0.471..1074.608 rows=1317 loops=1)
              ->  Seq Scan on movie_keyword mk  (cost=0.00..81003.12 rows=246 width=4) (actual time=0.332..1031.351 rows=1317 loops=1)
                    Filter: (keyword_id = 7850)
                    Rows Removed by Filter: 4522613
              ->  Index Only Scan using title_pkey on title t  (cost=0.43..8.40 rows=1 width=4) (actual time=0.031..0.032 rows=1 loops=1317)
                    Index Cond: (id = mk.movie_id)
                    Heap Fetches: 1317
Planning time: 1.175 ms
Execution time: 15752.482 ms
