Seq Scan on movie_keyword mk  (cost=0.00..81003.12 rows=246 width=0) (actual time=15.512..1202.719 rows=178 loops=1)
  Filter: (keyword_id = 7780)
  Rows Removed by Filter: 4523752
Planning time: 0.365 ms
Execution time: 1202.917 ms
