Hash Join  (cost=130214.23..497603.03 rows=273287 width=0) (actual time=3269.738..15412.953 rows=2938070 loops=1)
  Hash Cond: (mi.movie_id = t.id)
  ->  Seq Scan on movie_info mi  (cost=0.00..309384.22 rows=14739122 width=4) (actual time=0.015..4651.748 rows=14835720 loops=1)
  ->  Hash  (cost=129628.20..129628.20 rows=46883 width=8) (actual time=3265.270..3265.270 rows=229542 loops=1)
        Buckets: 131072 (originally 65536)  Batches: 2 (originally 1)  Memory Usage: 5497kB
        ->  Hash Join  (cost=74493.84..129628.20 rows=46883 width=8) (actual time=1409.455..3180.187 rows=229542 loops=1)
              Hash Cond: (mc.movie_id = t.id)
              ->  Seq Scan on movie_companies mc  (cost=0.00..44881.29 rows=2609129 width=4) (actual time=0.025..619.322 rows=2609129 loops=1)
              ->  Hash  (cost=73925.90..73925.90 rows=45435 width=4) (actual time=1408.947..1408.947 rows=120362 loops=1)
                    Buckets: 131072 (originally 65536)  Batches: 2 (originally 1)  Memory Usage: 3134kB
                    ->  Seq Scan on title t  (cost=0.00..73925.90 rows=45435 width=4) (actual time=151.409..1251.201 rows=120362 loops=1)
                          Filter: ((kind_id < 7) AND (production_year < 1932))
                          Rows Removed by Filter: 2407950
Planning time: 5.008 ms
Execution time: 15770.909 ms
