Seq Scan on cast_info ci  (cost=0.00..796071.18 rows=3711551 width=0) (actual time=9625.225..13384.650 rows=641437 loops=1)
  Filter: ((person_id < 1820705) AND (role_id = 2))
  Rows Removed by Filter: 35602907
Planning time: 0.434 ms
Execution time: 13463.127 ms
