Seq Scan on movie_keyword mk  (cost=0.00..81003.12 rows=3367590 width=0) (actual time=0.020..1604.196 rows=3353471 loops=1)
  Filter: (keyword_id < 15945)
  Rows Removed by Filter: 1170459
Planning time: 4.182 ms
Execution time: 2025.565 ms
