Hash Join  (cost=190230.21..1312058.92 rows=10273033 width=0) (actual time=4217.570..35292.556 rows=17825862 loops=1)
  Hash Cond: (ci.movie_id = t.id)
  ->  Seq Scan on cast_info ci  (cost=0.00..796071.18 rows=18822451 width=4) (actual time=0.024..16584.482 rows=16299258 loops=1)
        Filter: ((person_id < 2941715) AND (role_id > 1))
        Rows Removed by Filter: 19945086
  ->  Hash  (cost=167588.78..167588.78 rows=1380035 width=8) (actual time=4216.607..4216.607 rows=1380035 loops=1)
        Buckets: 131072  Batches: 32  Memory Usage: 2708kB
        ->  Hash Join  (cost=102767.86..167588.78 rows=1380035 width=8) (actual time=1851.386..3818.027 rows=1380035 loops=1)
              Hash Cond: (mi_idx.movie_id = t.id)
              ->  Seq Scan on movie_info_idx mi_idx  (cost=0.00..21735.35 rows=1380035 width=4) (actual time=0.014..442.869 rows=1380035 loops=1)
              ->  Hash  (cost=61283.27..61283.27 rows=2528527 width=4) (actual time=1849.927..1849.927 rows=2528312 loops=1)
                    Buckets: 131072  Batches: 64  Memory Usage: 2415kB
                    ->  Seq Scan on title t  (cost=0.00..61283.27 rows=2528527 width=4) (actual time=0.011..1051.040 rows=2528312 loops=1)
Planning time: 2.490 ms
Execution time: 37331.400 ms
