Seq Scan on movie_keyword mk  (cost=0.00..81003.12 rows=925986 width=0) (actual time=0.017..1092.628 rows=926337 loops=1)
  Filter: (keyword_id > 20322)
  Rows Removed by Filter: 3597593
Planning time: 2.821 ms
Execution time: 1190.575 ms
