Hash Join  (cost=163181.44..292735.30 rows=619782 width=0) (actual time=3532.652..10313.719 rows=15868432 loops=1)
  Hash Cond: (mk.movie_id = t.id)
  ->  Seq Scan on movie_keyword mk  (cost=0.00..69693.30 rows=4523930 width=4) (actual time=0.020..1408.125 rows=4523930 loops=1)
  ->  Hash  (cost=157497.32..157497.32 rows=346410 width=8) (actual time=3531.669..3531.669 rows=524406 loops=1)
        Buckets: 131072  Batches: 8  Memory Usage: 3624kB
        ->  Hash Join  (cost=85157.92..157497.32 rows=346410 width=8) (actual time=1748.291..3368.158 rows=524406 loops=1)
              Hash Cond: (mc.movie_id = t.id)
              ->  Seq Scan on movie_companies mc  (cost=0.00..51404.11 rows=1279517 width=4) (actual time=275.069..1016.755 rows=1274246 loops=1)
                    Filter: (company_type_id < 2)
                    Rows Removed by Filter: 1334883
              ->  Hash  (cost=73925.90..73925.90 rows=684561 width=4) (actual time=1472.360..1472.360 rows=585759 loops=1)
                    Buckets: 131072  Batches: 16  Memory Usage: 2308kB
                    ->  Seq Scan on title t  (cost=0.00..73925.90 rows=684561 width=4) (actual time=0.062..1278.684 rows=585759 loops=1)
                          Filter: ((kind_id < 7) AND (production_year > 1990))
                          Rows Removed by Filter: 1942553
Planning time: 6.259 ms
Execution time: 12094.130 ms
