Hash Join  (cost=88359.31..184133.72 rows=296835 width=0) (actual time=1778.668..3658.239 rows=376469 loops=1)
  Hash Cond: (mk.movie_id = t.id)
  ->  Seq Scan on movie_keyword mk  (cost=0.00..81003.12 rows=593315 width=4) (actual time=0.012..1318.986 rows=594717 loops=1)
        Filter: (keyword_id > 30962)
        Rows Removed by Filter: 3929213
  ->  Hash  (cost=67604.59..67604.59 rows=1265018 width=4) (actual time=1777.341..1777.341 rows=1263700 loops=1)
        Buckets: 131072  Batches: 32  Memory Usage: 2418kB
        ->  Seq Scan on title t  (cost=0.00..67604.59 rows=1265018 width=4) (actual time=0.020..1339.041 rows=1263700 loops=1)
              Filter: (production_year < 2004)
              Rows Removed by Filter: 1264612
Planning time: 0.733 ms
Execution time: 3697.772 ms
