Hash Join  (cost=190837.27..684224.12 rows=3403666 width=0) (actual time=4478.762..21829.767 rows=26473688 loops=1)
  Hash Cond: (mi.movie_id = t.id)
  ->  Seq Scan on movie_info mi  (cost=0.00..346232.03 rows=9476311 width=4) (actual time=0.023..6604.630 rows=9565151 loops=1)
        Filter: (info_type_id < 16)
        Rows Removed by Filter: 5270569
  ->  Hash  (cost=175936.94..175936.94 rows=908187 width=8) (actual time=4477.330..4477.330 rows=1486395 loops=1)
        Buckets: 131072 (originally 131072)  Batches: 32 (originally 16)  Memory Usage: 3073kB
        ->  Hash Join  (cost=88366.54..175936.94 rows=908187 width=8) (actual time=1441.338..4059.960 rows=1486395 loops=1)
              Hash Cond: (mc.movie_id = t.id)
              ->  Seq Scan on movie_companies mc  (cost=0.00..44881.29 rows=2609129 width=4) (actual time=0.024..848.671 rows=2609129 loops=1)
              ->  Hash  (cost=73925.90..73925.90 rows=880131 width=4) (actual time=1440.253..1440.253 rows=793962 loops=1)
                    Buckets: 131072  Batches: 16  Memory Usage: 2770kB
                    ->  Seq Scan on title t  (cost=0.00..73925.90 rows=880131 width=4) (actual time=0.018..1191.572 rows=793962 loops=1)
                          Filter: ((kind_id < 7) AND (production_year > 1956))
                          Rows Removed by Filter: 1734350
Planning time: 1.240 ms
Execution time: 24594.281 ms
