Hash Join  (cost=58375.34..85285.83 rows=1 width=0) (actual time=1440.052..1489.131 rows=6 loops=1)
  Hash Cond: (mi_idx.movie_id = t.id)
  ->  Seq Scan on movie_info_idx mi_idx  (cost=0.00..21735.35 rows=1380035 width=4) (actual time=0.005..328.040 rows=1380035 loops=1)
  ->  Hash  (cost=58375.31..58375.31 rows=2 width=8) (actual time=917.019..917.019 rows=3 loops=1)
        Buckets: 1024  Batches: 1  Memory Usage: 9kB
        ->  Nested Loop  (cost=0.43..58375.31 rows=2 width=8) (actual time=99.878..917.008 rows=3 loops=1)
              ->  Seq Scan on movie_companies mc  (cost=0.00..57926.93 rows=53 width=4) (actual time=99.805..905.980 rows=718 loops=1)
                    Filter: ((company_type_id = 2) AND (company_id = 6429))
                    Rows Removed by Filter: 2608411
              ->  Index Scan using title_pkey on title t  (cost=0.43..8.45 rows=1 width=4) (actual time=0.015..0.015 rows=0 loops=718)
                    Index Cond: (id = mc.movie_id)
                    Filter: (kind_id = 2)
                    Rows Removed by Filter: 1
Planning time: 0.808 ms
Execution time: 1489.278 ms
