Hash Join  (cost=102767.86..927039.72 rows=761396 width=0) (actual time=3446.739..15378.164 rows=711015 loops=1)
  Hash Cond: (ci.movie_id = t.id)
  ->  Seq Scan on cast_info ci  (cost=0.00..796071.18 rows=761396 width=4) (actual time=1558.629..12252.520 rows=711015 loops=1)
        Filter: ((person_id < 1559227) AND (role_id = 8))
        Rows Removed by Filter: 35533329
  ->  Hash  (cost=61283.27..61283.27 rows=2528527 width=4) (actual time=1886.803..1886.803 rows=2528312 loops=1)
        Buckets: 131072  Batches: 64  Memory Usage: 2415kB
        ->  Seq Scan on title t  (cost=0.00..61283.27 rows=2528527 width=4) (actual time=0.009..1051.258 rows=2528312 loops=1)
Planning time: 0.848 ms
Execution time: 15465.975 ms
