Hash Join  (cost=83074.55..867417.16 rows=1505 width=0) (actual time=2278.607..17350.684 rows=48 loops=1)
  Hash Cond: (ci.movie_id = t.id)
  ->  Seq Scan on cast_info ci  (cost=0.00..705507.15 rows=21018776 width=4) (actual time=0.026..12557.178 rows=21162512 loops=1)
        Filter: (person_id > 1488136)
        Rows Removed by Filter: 15081832
  ->  Hash  (cost=83072.29..83072.29 rows=181 width=8) (actual time=1273.872..1273.872 rows=1 loops=1)
        Buckets: 1024  Batches: 1  Memory Usage: 9kB
        ->  Nested Loop  (cost=0.43..83072.29 rows=181 width=8) (actual time=1183.127..1273.864 rows=1 loops=1)
              ->  Seq Scan on movie_keyword mk  (cost=0.00..81003.12 rows=246 width=4) (actual time=617.536..1273.728 rows=2 loops=1)
                    Filter: (keyword_id = 13219)
                    Rows Removed by Filter: 4523928
              ->  Index Scan using title_pkey on title t  (cost=0.43..8.40 rows=1 width=4) (actual time=0.060..0.060 rows=0 loops=2)
                    Index Cond: (id = mk.movie_id)
                    Filter: (kind_id > 1)
                    Rows Removed by Filter: 0
Planning time: 0.801 ms
Execution time: 17350.885 ms
