Hash Join  (cost=912154.00..1013906.19 rows=57619 width=0) (actual time=14144.405..16416.957 rows=343141 loops=1)
  Hash Cond: (mk.movie_id = t.id)
  ->  Seq Scan on movie_keyword mk  (cost=0.00..81003.12 rows=1715966 width=4) (actual time=0.018..1468.676 rows=1724538 loops=1)
        Filter: (keyword_id > 8221)
        Rows Removed by Filter: 2799392
  ->  Hash  (cost=910760.71..910760.71 rows=84903 width=8) (actual time=14143.551..14143.551 rows=225633 loops=1)
        Buckets: 131072 (originally 131072)  Batches: 4 (originally 2)  Memory Usage: 3233kB
        ->  Hash Join  (cost=102767.86..910760.71 rows=84903 width=8) (actual time=9417.088..14078.603 rows=225633 loops=1)
              Hash Cond: (ci.movie_id = t.id)
              ->  Seq Scan on cast_info ci  (cost=0.00..796071.18 rows=84903 width=4) (actual time=7559.822..11741.471 rows=225633 loops=1)
                    Filter: ((person_id > 2812579) AND (role_id > 10))
                    Rows Removed by Filter: 36018711
              ->  Hash  (cost=61283.27..61283.27 rows=2528527 width=4) (actual time=1856.418..1856.418 rows=2528312 loops=1)
                    Buckets: 131072  Batches: 64  Memory Usage: 2415kB
                    ->  Seq Scan on title t  (cost=0.00..61283.27 rows=2528527 width=4) (actual time=0.023..1007.973 rows=2528312 loops=1)
Planning time: 23.419 ms
Execution time: 16459.988 ms
