Hash Join  (cost=68438.72..166493.77 rows=112115 width=0) (actual time=1129.646..3395.452 rows=41664 loops=1)
  Hash Cond: (mk.movie_id = t.id)
  ->  Seq Scan on movie_keyword mk  (cost=0.00..81003.12 rows=4248206 width=4) (actual time=0.014..1564.800 rows=4226510 loops=1)
        Filter: (keyword_id > 242)
        Rows Removed by Filter: 297420
  ->  Hash  (cost=67604.59..67604.59 rows=66731 width=4) (actual time=1128.714..1128.714 rows=67342 loops=1)
        Buckets: 131072  Batches: 1  Memory Usage: 3392kB
        ->  Seq Scan on title t  (cost=0.00..67604.59 rows=66731 width=4) (actual time=0.023..1100.194 rows=67342 loops=1)
              Filter: (production_year > 2012)
              Rows Removed by Filter: 2460970
Planning time: 0.801 ms
Execution time: 3401.392 ms
