Seq Scan on cast_info ci  (cost=0.00..796071.18 rows=1065469 width=0) (actual time=1284.465..11207.202 rows=1129546 loops=1)
  Filter: ((person_id < 126105) AND (role_id < 8))
  Rows Removed by Filter: 35114798
Planning time: 1.281 ms
Execution time: 11345.958 ms
