Hash Join  (cost=156649.15..961352.93 rows=93491 width=0) (actual time=4554.718..18150.352 rows=240052 loops=1)
  Hash Cond: (ci.movie_id = t.id)
  ->  Seq Scan on cast_info ci  (cost=0.00..796071.18 rows=508450 width=4) (actual time=1276.441..14364.350 rows=686737 loops=1)
        Filter: ((person_id > 1534632) AND (role_id = 5))
        Rows Removed by Filter: 35557607
  ->  Hash  (cost=149020.47..149020.47 rows=464934 width=8) (actual time=3277.474..3277.474 rows=460185 loops=1)
        Buckets: 131072  Batches: 8  Memory Usage: 3276kB
        ->  Hash Join  (cost=102767.86..149020.47 rows=464934 width=8) (actual time=1945.147..3162.488 rows=460185 loops=1)
              Hash Cond: (mi_idx.movie_id = t.id)
              ->  Seq Scan on movie_info_idx mi_idx  (cost=0.00..25185.44 rows=464934 width=4) (actual time=0.033..517.631 rows=460185 loops=1)
                    Filter: (info_type_id > 100)
                    Rows Removed by Filter: 919850
              ->  Hash  (cost=61283.27..61283.27 rows=2528527 width=4) (actual time=1944.085..1944.085 rows=2528312 loops=1)
                    Buckets: 131072  Batches: 64  Memory Usage: 2415kB
                    ->  Seq Scan on title t  (cost=0.00..61283.27 rows=2528527 width=4) (actual time=0.024..1082.237 rows=2528312 loops=1)
Planning time: 1.235 ms
Execution time: 18179.616 ms
