Hash Join  (cost=83810.17..1010650.25 rows=3204824 width=0) (actual time=1489.679..25384.552 rows=5440084 loops=1)
  Hash Cond: (ci.movie_id = t.id)
  ->  Seq Scan on cast_info ci  (cost=0.00..796071.18 rows=8204174 width=4) (actual time=0.026..14888.811 rows=12670688 loops=1)
        Filter: ((person_id < 2377853) AND (role_id < 2))
        Rows Removed by Filter: 23573656
  ->  Hash  (cost=67604.59..67604.59 rows=987727 width=4) (actual time=1488.882..1488.882 rows=985048 loops=1)
        Buckets: 131072  Batches: 16  Memory Usage: 3188kB
        ->  Seq Scan on title t  (cost=0.00..67604.59 rows=987727 width=4) (actual time=0.010..1181.392 rows=985048 loops=1)
              Filter: (kind_id < 7)
              Rows Removed by Filter: 1543264
Planning time: 0.748 ms
Execution time: 26035.931 ms
