Seq Scan on movie_keyword mk  (cost=0.00..81003.12 rows=246 width=0) (actual time=98.175..1105.561 rows=17 loops=1)
  Filter: (keyword_id = 9725)
  Rows Removed by Filter: 4523913
Planning time: 0.384 ms
Execution time: 1105.671 ms
