Seq Scan on movie_keyword mk  (cost=0.00..81003.12 rows=2283913 width=0) (actual time=0.021..1444.428 rows=2287129 loops=1)
  Filter: (keyword_id < 4854)
  Rows Removed by Filter: 2236801
Planning time: 0.244 ms
Execution time: 1729.562 ms
