Hash Join  (cost=84618.08..182258.71 rows=256846 width=0) (actual time=1895.066..3745.955 rows=116601 loops=1)
  Hash Cond: (mk.movie_id = t.id)
  ->  Seq Scan on movie_keyword mk  (cost=0.00..81003.12 rows=996544 width=4) (actual time=0.018..1291.396 rows=1006034 loops=1)
        Filter: (keyword_id > 18297)
        Rows Removed by Filter: 3517896
  ->  Hash  (cost=73925.90..73925.90 rows=651694 width=4) (actual time=1894.248..1894.248 rows=532575 loops=1)
        Buckets: 131072  Batches: 16  Memory Usage: 2203kB
        ->  Seq Scan on title t  (cost=0.00..73925.90 rows=651694 width=4) (actual time=0.032..1411.515 rows=532575 loops=1)
              Filter: ((kind_id > 1) AND (production_year < 1997))
              Rows Removed by Filter: 1995737
Planning time: 0.817 ms
Execution time: 3760.082 ms
