Seq Scan on title t  (cost=0.00..73925.90 rows=210386 width=0) (actual time=0.013..1212.951 rows=320579 loops=1)
  Filter: ((kind_id < 7) AND (production_year < 1982))
  Rows Removed by Filter: 2207733
Planning time: 0.386 ms
Execution time: 1265.836 ms
