Hash Join  (cost=74528.17..101701.62 rows=26297 width=0) (actual time=1127.711..1708.205 rows=35834 loops=1)
  Hash Cond: (mi_idx.movie_id = t.id)
  ->  Seq Scan on movie_info_idx mi_idx  (cost=0.00..21735.35 rows=1380035 width=4) (actual time=0.031..266.778 rows=1380035 loops=1)
  ->  Hash  (cost=73925.90..73925.90 rows=48181 width=4) (actual time=1127.284..1127.284 rows=40899 loops=1)
        Buckets: 65536  Batches: 1  Memory Usage: 1950kB
        ->  Seq Scan on title t  (cost=0.00..73925.90 rows=48181 width=4) (actual time=0.029..1110.888 rows=40899 loops=1)
              Filter: ((kind_id < 4) AND (production_year = 2010))
              Rows Removed by Filter: 2487413
Planning time: 0.773 ms
Execution time: 1713.139 ms
