Hash Join  (cost=83074.74..442900.14 rows=353 width=0) (actual time=3897.998..6983.438 rows=761 loops=1)
  Hash Cond: (mi.movie_id = t.id)
  ->  Seq Scan on movie_info mi  (cost=0.00..346232.03 rows=3623957 width=4) (actual time=2577.274..5182.500 rows=3624977 loops=1)
        Filter: (info_type_id < 4)
        Rows Removed by Filter: 11210743
  ->  Hash  (cost=83071.67..83071.67 rows=246 width=8) (actual time=1310.041..1310.041 rows=203 loops=1)
        Buckets: 1024  Batches: 1  Memory Usage: 16kB
        ->  Nested Loop  (cost=0.43..83071.67 rows=246 width=8) (actual time=0.287..1309.810 rows=203 loops=1)
              ->  Seq Scan on movie_keyword mk  (cost=0.00..81003.12 rows=246 width=4) (actual time=0.237..1295.328 rows=203 loops=1)
                    Filter: (keyword_id = 13706)
                    Rows Removed by Filter: 4523727
              ->  Index Only Scan using title_pkey on title t  (cost=0.43..8.40 rows=1 width=4) (actual time=0.067..0.068 rows=1 loops=203)
                    Index Cond: (id = mk.movie_id)
                    Heap Fetches: 203
Planning time: 1.235 ms
Execution time: 6983.794 ms
