Hash Join  (cost=84832.42..1216471.33 rows=9523875 width=0) (actual time=1537.901..37572.814 rows=10859755 loops=1)
  Hash Cond: (ci.movie_id = t.id)
  ->  Seq Scan on cast_info ci  (cost=0.00..614943.12 rows=36225612 width=4) (actual time=0.022..13626.570 rows=36244344 loops=1)
  ->  Hash  (cost=73925.90..73925.90 rows=664761 width=4) (actual time=1532.133..1532.133 rows=704326 loops=1)
        Buckets: 131072  Batches: 16  Memory Usage: 2575kB
        ->  Seq Scan on title t  (cost=0.00..73925.90 rows=664761 width=4) (actual time=0.022..1305.533 rows=704326 loops=1)
              Filter: ((kind_id > 1) AND (production_year > 2006))
              Rows Removed by Filter: 1823986
Planning time: 2.365 ms
Execution time: 38891.920 ms
