Hash Join  (cost=106921.58..860330.82 rows=262011 width=0) (actual time=1933.065..22081.636 rows=1159540 loops=1)
  Hash Cond: (ci.movie_id = t.id)
  ->  Seq Scan on cast_info ci  (cost=0.00..614943.12 rows=36225612 width=4) (actual time=0.019..9212.708 rows=36244344 loops=1)
  ->  Hash  (cost=106692.98..106692.98 rows=18288 width=8) (actual time=1932.763..1932.763 rows=37049 loops=1)
        Buckets: 65536 (originally 32768)  Batches: 1 (originally 1)  Memory Usage: 1960kB
        ->  Hash Join  (cost=75558.15..106692.98 rows=18288 width=8) (actual time=1226.992..1918.137 rows=37049 loops=1)
              Hash Cond: (mi_idx.movie_id = t.id)
              ->  Seq Scan on movie_info_idx mi_idx  (cost=0.00..25185.44 rows=464934 width=4) (actual time=0.022..481.704 rows=460185 loops=1)
                    Filter: (info_type_id > 100)
                    Rows Removed by Filter: 919850
              ->  Hash  (cost=73925.90..73925.90 rows=99460 width=4) (actual time=1226.184..1226.184 rows=100458 loops=1)
                    Buckets: 131072  Batches: 2  Memory Usage: 2795kB
                    ->  Seq Scan on title t  (cost=0.00..73925.90 rows=99460 width=4) (actual time=0.016..1194.959 rows=100458 loops=1)
                          Filter: ((production_year > 0) AND (kind_id = 3))
                          Rows Removed by Filter: 2427854
Planning time: 1.155 ms
Execution time: 22245.918 ms
