Seq Scan on cast_info ci  (cost=0.00..796071.18 rows=6685237 width=0) (actual time=2757.137..14994.067 rows=7161287 loops=1)
  Filter: ((person_id > 509868) AND (role_id > 6))
  Rows Removed by Filter: 29083057
Planning time: 0.442 ms
Execution time: 15868.453 ms
