Nested Loop  (cost=0.43..797958.22 rows=9 width=0) (actual time=1580.559..13891.589 rows=24 loops=1)
  ->  Seq Scan on cast_info ci  (cost=0.00..796071.18 rows=224 width=4) (actual time=1580.333..13886.483 rows=369 loops=1)
        Filter: ((role_id > 2) AND (person_id = 882457))
        Rows Removed by Filter: 36243975
  ->  Index Scan using title_pkey on title t  (cost=0.43..8.41 rows=1 width=4) (actual time=0.013..0.013 rows=0 loops=369)
        Index Cond: (id = ci.movie_id)
        Filter: (kind_id = 3)
        Rows Removed by Filter: 1
Planning time: 0.847 ms
Execution time: 13891.706 ms
