Hash Join  (cost=102767.86..198296.08 rows=1423145 width=0) (actual time=1908.974..4504.981 rows=1428881 loops=1)
  Hash Cond: (mc.movie_id = t.id)
  ->  Seq Scan on movie_companies mc  (cost=0.00..51404.11 rows=1423145 width=4) (actual time=18.903..1031.301 rows=1428881 loops=1)
        Filter: (company_id > 10201)
        Rows Removed by Filter: 1180248
  ->  Hash  (cost=61283.27..61283.27 rows=2528527 width=4) (actual time=1888.767..1888.767 rows=2528312 loops=1)
        Buckets: 131072  Batches: 64  Memory Usage: 2415kB
        ->  Seq Scan on title t  (cost=0.00..61283.27 rows=2528527 width=4) (actual time=0.023..1038.626 rows=2528312 loops=1)
Planning time: 0.778 ms
Execution time: 4672.534 ms
