Hash Join  (cost=83074.74..109989.30 rows=45 width=0) (actual time=1433.413..1724.552 rows=8 loops=1)
  Hash Cond: (mi_idx.movie_id = t.id)
  ->  Seq Scan on movie_info_idx mi_idx  (cost=0.00..25185.44 rows=460978 width=4) (actual time=0.026..432.898 rows=459925 loops=1)
        Filter: (info_type_id < 100)
        Rows Removed by Filter: 920110
  ->  Hash  (cost=83071.67..83071.67 rows=246 width=8) (actual time=1221.951..1221.951 rows=10 loops=1)
        Buckets: 1024  Batches: 1  Memory Usage: 9kB
        ->  Nested Loop  (cost=0.43..83071.67 rows=246 width=8) (actual time=272.631..1221.929 rows=10 loops=1)
              ->  Seq Scan on movie_keyword mk  (cost=0.00..81003.12 rows=246 width=4) (actual time=272.549..1221.414 rows=10 loops=1)
                    Filter: (keyword_id = 15206)
                    Rows Removed by Filter: 4523920
              ->  Index Only Scan using title_pkey on title t  (cost=0.43..8.40 rows=1 width=4) (actual time=0.042..0.043 rows=1 loops=10)
                    Index Cond: (id = mk.movie_id)
                    Heap Fetches: 10
Planning time: 1.166 ms
Execution time: 1724.660 ms
