Seq Scan on cast_info ci  (cost=0.00..705507.15 rows=20334404 width=0) (actual time=0.015..12083.294 rows=20228707 loops=1)
  Filter: (person_id < 2032809)
  Rows Removed by Filter: 16015637
Planning time: 0.344 ms
Execution time: 14610.737 ms
