Seq Scan on movie_companies mc  (cost=0.00..57926.93 rows=800039 width=0) (actual time=364.391..1098.679 rows=1099288 loops=1)
  Filter: ((company_id < 17089) AND (company_type_id < 2))
  Rows Removed by Filter: 1509841
Planning time: 0.406 ms
Execution time: 1233.849 ms
