Hash Join  (cost=74869.42..126411.56 rows=1018 width=0) (actual time=1625.462..2430.781 rows=443 loops=1)
  Hash Cond: (mc.movie_id = t.id)
  ->  Seq Scan on movie_companies mc  (cost=0.00..51404.11 rows=34093 width=4) (actual time=0.532..969.209 rows=36136 loops=1)
        Filter: (company_id = 160)
        Rows Removed by Filter: 2572993
  ->  Hash  (cost=73925.90..73925.90 rows=75481 width=4) (actual time=1435.785..1435.785 rows=88220 loops=1)
        Buckets: 131072 (originally 131072)  Batches: 2 (originally 1)  Memory Usage: 3073kB
        ->  Seq Scan on title t  (cost=0.00..73925.90 rows=75481 width=4) (actual time=0.028..1395.217 rows=88220 loops=1)
              Filter: ((kind_id > 2) AND (production_year = 2006))
              Rows Removed by Filter: 2440092
Planning time: 0.805 ms
Execution time: 2431.161 ms
