Hash Join  (cost=275069.94..1401935.79 rows=16966285 width=0) (actual time=7460.820..48889.082 rows=71852302 loops=1)
  Hash Cond: (ci.movie_id = t.id)
  ->  Seq Scan on cast_info ci  (cost=0.00..705507.15 rows=18954370 width=4) (actual time=0.013..14701.160 rows=18865969 loops=1)
        Filter: (person_id < 1879533)
        Rows Removed by Filter: 17378375
  ->  Hash  (cost=237936.50..237936.50 rows=2263315 width=8) (actual time=7459.291..7459.291 rows=2917498 loops=1)
        Buckets: 131072 (originally 131072)  Batches: 64 (originally 32)  Memory Usage: 3073kB
        ->  Hash Join  (cost=88359.31..237936.50 rows=2263315 width=8) (actual time=1761.984..6577.380 rows=2917498 loops=1)
              Hash Cond: (mk.movie_id = t.id)
              ->  Seq Scan on movie_keyword mk  (cost=0.00..69693.30 rows=4523930 width=4) (actual time=0.008..1503.619 rows=4523930 loops=1)
              ->  Hash  (cost=67604.59..67604.59 rows=1265018 width=4) (actual time=1761.183..1761.183 rows=1263700 loops=1)
                    Buckets: 131072  Batches: 32  Memory Usage: 2418kB
                    ->  Seq Scan on title t  (cost=0.00..67604.59 rows=1265018 width=4) (actual time=0.013..1340.982 rows=1263700 loops=1)
                          Filter: (production_year < 2004)
                          Rows Removed by Filter: 1264612
Planning time: 0.751 ms
Execution time: 56449.453 ms
