Seq Scan on movie_keyword mk  (cost=0.00..81003.12 rows=246 width=0) (actual time=13.258..1206.894 rows=264 loops=1)
  Filter: (keyword_id = 1014)
  Rows Removed by Filter: 4523666
Planning time: 0.343 ms
Execution time: 1207.100 ms
