Hash Join  (cost=93408.25..243753.53 rows=2065376 width=0) (actual time=2270.009..6159.682 rows=1711324 loops=1)
  Hash Cond: (mk.movie_id = t.id)
  ->  Seq Scan on movie_keyword mk  (cost=0.00..81003.12 rows=3320478 width=4) (actual time=0.024..1711.006 rows=3311252 loops=1)
        Filter: (keyword_id < 15084)
        Rows Removed by Filter: 1212678
  ->  Hash  (cost=67604.59..67604.59 rows=1572773 width=4) (actual time=2268.460..2268.460 rows=1570568 loops=1)
        Buckets: 131072  Batches: 32  Memory Usage: 2759kB
        ->  Seq Scan on title t  (cost=0.00..67604.59 rows=1572773 width=4) (actual time=0.016..1356.928 rows=1570568 loops=1)
              Filter: (production_year > 1996)
              Rows Removed by Filter: 957744
Planning time: 1.833 ms
Execution time: 6362.912 ms
