Hash Join  (cost=268867.80..373618.58 rows=1917885 width=0) (actual time=5791.835..11831.187 rows=13591137 loops=1)
  Hash Cond: (mc.movie_id = t.id)
  ->  Seq Scan on movie_companies mc  (cost=0.00..44881.29 rows=2609129 width=4) (actual time=0.013..955.741 rows=2609129 loops=1)
  ->  Hash  (cost=238373.83..238373.83 rows=1858637 width=8) (actual time=5790.754..5790.754 rows=1865772 loops=1)
        Buckets: 131072  Batches: 32  Memory Usage: 3289kB
        ->  Hash Join  (cost=102767.86..238373.83 rows=1858637 width=8) (actual time=2010.614..5287.497 rows=1865772 loops=1)
              Hash Cond: (mk.movie_id = t.id)
              ->  Seq Scan on movie_keyword mk  (cost=0.00..81003.12 rows=1858637 width=4) (actual time=0.026..1520.415 rows=1865772 loops=1)
                    Filter: (keyword_id < 3154)
                    Rows Removed by Filter: 2658158
              ->  Hash  (cost=61283.27..61283.27 rows=2528527 width=4) (actual time=2008.052..2008.052 rows=2528312 loops=1)
                    Buckets: 131072  Batches: 64  Memory Usage: 2425kB
                    ->  Seq Scan on title t  (cost=0.00..61283.27 rows=2528527 width=4) (actual time=0.019..1162.300 rows=2528312 loops=1)
Planning time: 1.104 ms
Execution time: 13442.139 ms
