Hash Join  (cost=709678.15..796345.14 rows=895 width=0) (actual time=11751.154..13463.063 rows=2004 loops=1)
  Hash Cond: (mk.movie_id = t.id)
  ->  Seq Scan on movie_keyword mk  (cost=0.00..69693.30 rows=4523930 width=4) (actual time=0.012..994.369 rows=4523930 loops=1)
  ->  Hash  (cost=709671.90..709671.90 rows=500 width=8) (actual time=11730.775..11730.775 rows=268 loops=1)
        Buckets: 1024  Batches: 1  Memory Usage: 19kB
        ->  Nested Loop  (cost=0.43..709671.90 rows=500 width=8) (actual time=1832.750..11730.643 rows=268 loops=1)
              ->  Seq Scan on cast_info ci  (cost=0.00..705507.15 rows=500 width=4) (actual time=1832.654..11717.227 rows=268 loops=1)
                    Filter: (person_id = 581881)
                    Rows Removed by Filter: 36244076
              ->  Index Only Scan using title_pkey on title t  (cost=0.43..8.32 rows=1 width=4) (actual time=0.049..0.049 rows=1 loops=268)
                    Index Cond: (id = ci.movie_id)
                    Heap Fetches: 268
Planning time: 1.154 ms
Execution time: 13463.498 ms
