Nested Loop  (cost=0.43..83071.67 rows=246 width=0) (actual time=0.486..1342.188 rows=248 loops=1)
  ->  Seq Scan on movie_keyword mk  (cost=0.00..81003.12 rows=246 width=4) (actual time=0.436..1320.531 rows=248 loops=1)
        Filter: (keyword_id = 40091)
        Rows Removed by Filter: 4523682
  ->  Index Only Scan using title_pkey on title t  (cost=0.43..8.40 rows=1 width=4) (actual time=0.083..0.084 rows=1 loops=248)
        Index Cond: (id = mk.movie_id)
        Heap Fetches: 248
Planning time: 0.701 ms
Execution time: 1342.433 ms
