Hash Join  (cost=103947.06..1509045.72 rows=31736048 width=0) (actual time=2162.867..46112.086 rows=33270643 loops=1)
  Hash Cond: (ci.movie_id = t.id)
  ->  Seq Scan on cast_info ci  (cost=0.00..614943.12 rows=36225612 width=4) (actual time=0.019..13539.710 rows=36244344 loops=1)
  ->  Hash  (cost=67604.59..67604.59 rows=2215158 width=4) (actual time=2161.764..2161.764 rows=2203697 loops=1)
        Buckets: 131072  Batches: 32  Memory Usage: 3448kB
        ->  Seq Scan on title t  (cost=0.00..67604.59 rows=2215158 width=4) (actual time=0.022..1443.237 rows=2203697 loops=1)
              Filter: (production_year > 1960)
              Rows Removed by Filter: 324615
Planning time: 0.783 ms
Execution time: 49745.219 ms
