Seq Scan on movie_companies mc  (cost=0.00..57926.93 rows=51 width=0) (actual time=0.904..937.748 rows=416 loops=1)
  Filter: ((company_id = 161) AND (company_type_id = 1))
  Rows Removed by Filter: 2608713
Planning time: 2.393 ms
Execution time: 937.971 ms
