Seq Scan on cast_info ci  (cost=0.00..796071.18 rows=7732907 width=0) (actual time=0.013..15769.748 rows=8513067 loops=1)
  Filter: ((person_id > 634522) AND (role_id > 4))
  Rows Removed by Filter: 27731277
Planning time: 0.376 ms
Execution time: 16838.652 ms
