Seq Scan on movie_companies mc  (cost=0.00..57926.93 rows=540399 width=0) (actual time=0.025..990.797 rows=840690 loops=1)
  Filter: ((company_id > 14490) AND (company_type_id = 2))
  Rows Removed by Filter: 1768439
Planning time: 0.368 ms
Execution time: 1093.129 ms
