Seq Scan on movie_companies mc  (cost=0.00..51404.11 rows=104 width=0) (actual time=0.105..860.002 rows=738 loops=1)
  Filter: (company_id = 3422)
  Rows Removed by Filter: 2608391
Planning time: 0.357 ms
Execution time: 860.302 ms
