Hash Join  (cost=102767.86..185775.23 rows=902847 width=0) (actual time=2010.749..4117.019 rows=900306 loops=1)
  Hash Cond: (mc.movie_id = t.id)
  ->  Seq Scan on movie_companies mc  (cost=0.00..51404.11 rows=902847 width=4) (actual time=0.019..1067.718 rows=900306 loops=1)
        Filter: (company_id < 2879)
        Rows Removed by Filter: 1708823
  ->  Hash  (cost=61283.27..61283.27 rows=2528527 width=4) (actual time=2009.648..2009.648 rows=2528312 loops=1)
        Buckets: 131072  Batches: 64  Memory Usage: 2415kB
        ->  Seq Scan on title t  (cost=0.00..61283.27 rows=2528527 width=4) (actual time=0.014..1159.630 rows=2528312 loops=1)
Planning time: 0.797 ms
Execution time: 4211.927 ms
