Hash Join  (cost=356586.98..1014546.61 rows=15089327 width=0) (actual time=15966.436..69340.623 rows=100678329 loops=1)
  Hash Cond: (mi.movie_id = t.id)
  ->  Seq Scan on movie_info mi  (cost=0.00..346232.03 rows=9476311 width=4) (actual time=0.023..20949.443 rows=9565151 loops=1)
        Filter: (info_type_id < 16)
        Rows Removed by Filter: 5270569
  ->  Hash  (cost=290531.16..290531.16 rows=4026226 width=8) (actual time=15964.068..15964.068 rows=4032182 loops=1)
        Buckets: 131072  Batches: 64  Memory Usage: 3585kB
        ->  Hash Join  (cost=102767.86..290531.16 rows=4026226 width=8) (actual time=5467.274..14711.277 rows=4032182 loops=1)
              Hash Cond: (mk.movie_id = t.id)
              ->  Seq Scan on movie_keyword mk  (cost=0.00..81003.12 rows=4026226 width=4) (actual time=0.014..5077.674 rows=4032182 loops=1)
                    Filter: (keyword_id < 36635)
                    Rows Removed by Filter: 491748
              ->  Hash  (cost=61283.27..61283.27 rows=2528527 width=4) (actual time=5455.335..5455.335 rows=2528312 loops=1)
                    Buckets: 131072  Batches: 64  Memory Usage: 2425kB
                    ->  Seq Scan on title t  (cost=0.00..61283.27 rows=2528527 width=4) (actual time=0.011..3828.739 rows=2528312 loops=1)
Planning time: 1.174 ms
Execution time: 81914.924 ms
