Hash Join  (cost=75405.37..106487.01 rows=16570 width=0) (actual time=1153.381..2443.045 rows=50132 loops=1)
  Hash Cond: (mi_idx.movie_id = t.id)
  ->  Seq Scan on movie_info_idx mi_idx  (cost=0.00..25185.44 rows=464934 width=4) (actual time=0.014..534.250 rows=460185 loops=1)
        Filter: (info_type_id > 100)
        Rows Removed by Filter: 919850
  ->  Hash  (cost=73925.90..73925.90 rows=90117 width=4) (actual time=1152.532..1152.532 rows=217597 loops=1)
        Buckets: 131072 (originally 131072)  Batches: 4 (originally 2)  Memory Usage: 3073kB
        ->  Seq Scan on title t  (cost=0.00..73925.90 rows=90117 width=4) (actual time=0.025..1070.443 rows=217597 loops=1)
              Filter: ((production_year < 1968) AND (kind_id = 1))
              Rows Removed by Filter: 2310715
Planning time: 0.774 ms
Execution time: 2449.876 ms
