Hash Join  (cost=193718.89..331963.72 rows=1196027 width=0) (actual time=10232.298..17300.991 rows=1106457 loops=1)
  Hash Cond: (mk.movie_id = t.id)
  ->  Seq Scan on movie_keyword mk  (cost=0.00..81003.12 rows=3635049 width=4) (actual time=0.022..4548.645 rows=3627482 loops=1)
        Filter: (keyword_id < 20600)
        Rows Removed by Filter: 896448
  ->  Hash  (cost=180069.49..180069.49 rows=831952 width=8) (actual time=10231.591..10231.591 rows=337642 loops=1)
        Buckets: 131072  Batches: 16  Memory Usage: 1856kB
        ->  Hash Join  (cost=98066.69..180069.49 rows=831952 width=8) (actual time=5747.566..10119.592 rows=337642 loops=1)
              Hash Cond: (mc.movie_id = t.id)
              ->  Seq Scan on movie_companies mc  (cost=0.00..51404.11 rows=1429645 width=4) (actual time=0.020..3155.328 rows=1434155 loops=1)
                    Filter: (company_id > 9969)
                    Rows Removed by Filter: 1174974
              ->  Hash  (cost=73925.90..73925.90 rows=1471423 width=4) (actual time=5746.420..5746.420 rows=1569046 loops=1)
                    Buckets: 131072  Batches: 32  Memory Usage: 2753kB
                    ->  Seq Scan on title t  (cost=0.00..73925.90 rows=1471423 width=4) (actual time=0.014..4765.804 rows=1569046 loops=1)
                          Filter: ((kind_id > 3) AND (production_year > 1958))
                          Rows Removed by Filter: 959266
Planning time: 1.027 ms
Execution time: 17436.864 ms
