Hash Join  (cost=102767.86..1333143.38 rows=21402115 width=0) (actual time=1907.934..33587.455 rows=21517459 loops=1)
  Hash Cond: (ci.movie_id = t.id)
  ->  Seq Scan on cast_info ci  (cost=0.00..705507.15 rows=21402115 width=4) (actual time=0.011..14558.465 rows=21517459 loops=1)
        Filter: (person_id > 1452042)
        Rows Removed by Filter: 14726885
  ->  Hash  (cost=61283.27..61283.27 rows=2528527 width=4) (actual time=1906.208..1906.208 rows=2528312 loops=1)
        Buckets: 131072  Batches: 64  Memory Usage: 2415kB
        ->  Seq Scan on title t  (cost=0.00..61283.27 rows=2528527 width=4) (actual time=0.014..1112.535 rows=2528312 loops=1)
Planning time: 0.732 ms
Execution time: 35921.809 ms
