Hash Join  (cost=74148.97..157792.93 rows=4878 width=0) (actual time=4170.975..7653.544 rows=9984 loops=1)
  Hash Cond: (mk.movie_id = t.id)
  ->  Seq Scan on movie_keyword mk  (cost=0.00..81003.12 rows=691215 width=4) (actual time=0.037..3940.477 rows=689160 loops=1)
        Filter: (keyword_id < 571)
        Rows Removed by Filter: 3834770
  ->  Hash  (cost=73925.90..73925.90 rows=17845 width=4) (actual time=3537.509..3537.509 rows=10782 loops=1)
        Buckets: 32768  Batches: 1  Memory Usage: 636kB
        ->  Seq Scan on title t  (cost=0.00..73925.90 rows=17845 width=4) (actual time=117.509..3532.457 rows=10782 loops=1)
              Filter: ((kind_id = 1) AND (production_year = 2003))
              Rows Removed by Filter: 2517530
Planning time: 4.153 ms
Execution time: 7655.426 ms
