Seq Scan on cast_info ci  (cost=0.00..796071.18 rows=12131122 width=0) (actual time=16250.785..40084.059 rows=11508492 loops=1)
  Filter: ((person_id > 161455) AND (role_id = 1))
  Rows Removed by Filter: 24735852
Planning time: 0.482 ms
Execution time: 41756.674 ms
