Hash Join  (cost=83074.74..109986.57 rows=134 width=0) (actual time=4395.901..5714.031 rows=7371 loops=1)
  Hash Cond: (mi_idx.movie_id = t.id)
  ->  Seq Scan on movie_info_idx mi_idx  (cost=0.00..21735.35 rows=1380035 width=4) (actual time=0.017..976.718 rows=1380035 loops=1)
  ->  Hash  (cost=83071.67..83071.67 rows=246 width=8) (actual time=4395.381..4395.381 rows=3075 loops=1)
        Buckets: 4096 (originally 1024)  Batches: 1 (originally 1)  Memory Usage: 153kB
        ->  Nested Loop  (cost=0.43..83071.67 rows=246 width=8) (actual time=0.104..4392.660 rows=3075 loops=1)
              ->  Seq Scan on movie_keyword mk  (cost=0.00..81003.12 rows=246 width=4) (actual time=0.042..3846.875 rows=3075 loops=1)
                    Filter: (keyword_id = 309)
                    Rows Removed by Filter: 4520855
              ->  Index Only Scan using title_pkey on title t  (cost=0.43..8.40 rows=1 width=4) (actual time=0.170..0.173 rows=1 loops=3075)
                    Index Cond: (id = mk.movie_id)
                    Heap Fetches: 3075
Planning time: 8.030 ms
Execution time: 5715.306 ms
