Hash Join  (cost=343474.99..2058000.43 rows=53041423 width=0) (actual time=12373.492..121595.760 rows=175327856 loops=1)
  Hash Cond: (ci.movie_id = t.id)
  ->  Seq Scan on cast_info ci  (cost=0.00..614943.12 rows=36225612 width=4) (actual time=0.025..38007.557 rows=36244344 loops=1)
  ->  Hash  (cost=282734.72..282734.72 rows=3702261 width=8) (actual time=12371.744..12371.744 rows=3693510 loops=1)
        Buckets: 131072  Batches: 64  Memory Usage: 3305kB
        ->  Hash Join  (cost=102767.86..282734.72 rows=3702261 width=8) (actual time=4680.292..11337.732 rows=3693510 loops=1)
              Hash Cond: (mk.movie_id = t.id)
              ->  Seq Scan on movie_keyword mk  (cost=0.00..81003.12 rows=3702261 width=4) (actual time=0.015..3530.430 rows=3693510 loops=1)
                    Filter: (keyword_id < 22165)
                    Rows Removed by Filter: 830420
              ->  Hash  (cost=61283.27..61283.27 rows=2528527 width=4) (actual time=4678.208..4678.208 rows=2528312 loops=1)
                    Buckets: 131072  Batches: 64  Memory Usage: 2425kB
                    ->  Seq Scan on title t  (cost=0.00..61283.27 rows=2528527 width=4) (actual time=0.027..3671.308 rows=2528312 loops=1)
Planning time: 1.132 ms
Execution time: 143649.430 ms
