Seq Scan on movie_keyword mk  (cost=0.00..81003.12 rows=246 width=0) (actual time=8.593..3826.123 rows=697 loops=1)
  Filter: (keyword_id = 5645)
  Rows Removed by Filter: 4523233
Planning time: 0.381 ms
Execution time: 3826.603 ms
