Hash Join  (cost=86252.72..150986.99 rows=79148 width=0) (actual time=5574.091..7240.612 rows=62090 loops=1)
  Hash Cond: (mc.movie_id = t.id)
  ->  Seq Scan on movie_companies mc  (cost=0.00..57926.93 rows=266361 width=4) (actual time=1094.903..2491.052 rows=140362 loops=1)
        Filter: ((company_id < 483) AND (company_type_id = 2))
        Rows Removed by Filter: 2468767
  ->  Hash  (cost=73925.90..73925.90 rows=751345 width=4) (actual time=4478.142..4478.142 rows=793943 loops=1)
        Buckets: 131072  Batches: 16  Memory Usage: 2771kB
        ->  Seq Scan on title t  (cost=0.00..73925.90 rows=751345 width=4) (actual time=0.030..4162.014 rows=793943 loops=1)
              Filter: ((kind_id < 7) AND (production_year < 2010))
              Rows Removed by Filter: 1734369
Planning time: 0.730 ms
Execution time: 7248.942 ms
