Hash Join  (cost=343376.88..1006008.18 rows=15151758 width=0) (actual time=15355.348..90899.607 rows=188906210 loops=1)
  Hash Cond: (mi.movie_id = t.id)
  ->  Seq Scan on movie_info mi  (cost=0.00..346232.03 rows=9767026 width=4) (actual time=0.024..22500.348 rows=9911754 loops=1)
        Filter: (info_type_id > 4)
        Rows Removed by Filter: 4923966
  ->  Hash  (cost=279022.03..279022.03 rows=3922548 width=8) (actual time=15341.362..15341.362 rows=3719847 loops=1)
        Buckets: 131072  Batches: 64  Memory Usage: 3339kB
        ->  Hash Join  (cost=103574.60..279022.03 rows=3922548 width=8) (actual time=5522.888..14205.952 rows=3719847 loops=1)
              Hash Cond: (mk.movie_id = t.id)
              ->  Seq Scan on movie_keyword mk  (cost=0.00..69693.30 rows=4523930 width=4) (actual time=0.020..4872.990 rows=4523930 loops=1)
              ->  Hash  (cost=67604.59..67604.59 rows=2192401 width=4) (actual time=5521.975..5521.975 rows=2182316 loops=1)
                    Buckets: 131072  Batches: 32  Memory Usage: 3434kB
                    ->  Seq Scan on title t  (cost=0.00..67604.59 rows=2192401 width=4) (actual time=0.006..4620.504 rows=2182316 loops=1)
                          Filter: (production_year > 1962)
                          Rows Removed by Filter: 345996
Planning time: 1.177 ms
Execution time: 114081.137 ms
