Seq Scan on movie_keyword mk  (cost=0.00..81003.12 rows=2157822 width=0) (actual time=0.015..4183.168 rows=2155255 loops=1)
  Filter: (keyword_id > 5364)
  Rows Removed by Filter: 2368675
Planning time: 3.754 ms
Execution time: 4510.740 ms
