Hash Join  (cost=155164.14..647794.40 rows=1201833 width=0) (actual time=9312.231..39897.228 rows=2420601 loops=1)
  Hash Cond: (mi.movie_id = t.id)
  ->  Seq Scan on movie_info mi  (cost=0.00..309384.22 rows=14739122 width=4) (actual time=0.012..22291.140 rows=14835720 loops=1)
  ->  Hash  (cost=151780.93..151780.93 rows=206177 width=8) (actual time=9311.305..9311.305 rows=148890 loops=1)
        Buckets: 131072  Batches: 4  Memory Usage: 2499kB
        ->  Hash Join  (cost=71408.55..151780.93 rows=206177 width=8) (actual time=3983.185..9230.254 rows=148890 loops=1)
              Hash Cond: (mc.movie_id = t.id)
              ->  Seq Scan on movie_companies mc  (cost=0.00..51404.11 rows=2248666 width=4) (actual time=0.021..3663.532 rows=2251064 loops=1)
                    Filter: (company_id > 180)
                    Rows Removed by Filter: 358065
              ->  Hash  (cost=67604.59..67604.59 rows=231837 width=4) (actual time=3982.489..3982.489 rows=231649 loops=1)
                    Buckets: 131072  Batches: 4  Memory Usage: 3076kB
                    ->  Seq Scan on title t  (cost=0.00..67604.59 rows=231837 width=4) (actual time=0.005..3847.303 rows=231649 loops=1)
                          Filter: (production_year > 2011)
                          Rows Removed by Filter: 2296663
Planning time: 7.090 ms
Execution time: 40232.037 ms
