Hash Join  (cost=79863.89..144669.70 rows=60191 width=0) (actual time=4955.827..6903.256 rows=42884 loops=1)
  Hash Cond: (mc.movie_id = t.id)
  ->  Seq Scan on movie_companies mc  (cost=0.00..57926.93 rows=420522 width=4) (actual time=613.059..2389.685 rows=101621 loops=1)
        Filter: ((company_id > 23996) AND (company_type_id < 2))
        Rows Removed by Filter: 2507508
  ->  Hash  (cost=73925.90..73925.90 rows=361919 width=4) (actual time=4341.928..4341.928 rows=470371 loops=1)
        Buckets: 131072  Batches: 8  Memory Usage: 3103kB
        ->  Seq Scan on title t  (cost=0.00..73925.90 rows=361919 width=4) (actual time=0.032..3916.615 rows=470371 loops=1)
              Filter: ((kind_id < 7) AND (production_year < 1998))
              Rows Removed by Filter: 2057941
Planning time: 0.717 ms
Execution time: 6909.391 ms
