Hash Join  (cost=151830.90..505456.30 rows=68122 width=0) (actual time=21340.601..25642.571 rows=139619 loops=1)
  Hash Cond: (mi.movie_id = t.id)
  ->  Seq Scan on movie_info mi  (cost=0.00..346232.03 rows=451508 width=4) (actual time=12258.149..16204.160 rows=474443 loops=1)
        Filter: (info_type_id = 6)
        Rows Removed by Filter: 14361277
  ->  Hash  (cost=145571.22..145571.22 rows=381494 width=8) (actual time=9081.443..9081.443 rows=393167 loops=1)
        Buckets: 131072  Batches: 8  Memory Usage: 2959kB
        ->  Hash Join  (cost=102454.22..145571.22 rows=381494 width=8) (actual time=6507.489..8955.108 rows=393167 loops=1)
              Hash Cond: (mi_idx.movie_id = t.id)
              ->  Seq Scan on movie_info_idx mi_idx  (cost=0.00..25185.44 rows=454124 width=4) (actual time=0.028..1705.577 rows=459925 loops=1)
                    Filter: (info_type_id = 100)
                    Rows Removed by Filter: 920110
              ->  Hash  (cost=67604.59..67604.59 rows=2124131 width=4) (actual time=6506.164..6506.164 rows=2118372 loops=1)
                    Buckets: 131072  Batches: 32  Memory Usage: 3356kB
                    ->  Seq Scan on title t  (cost=0.00..67604.59 rows=2124131 width=4) (actual time=0.025..4791.253 rows=2118372 loops=1)
                          Filter: (production_year > 1967)
                          Rows Removed by Filter: 409940
Planning time: 1.259 ms
Execution time: 25658.579 ms
