Hash Join  (cost=250500.89..1512397.55 rows=17795846 width=0) (actual time=11815.777..78883.662 rows=7358674 loops=1)
  Hash Cond: (ci.movie_id = t.id)
  ->  Seq Scan on cast_info ci  (cost=0.00..614943.12 rows=36225612 width=4) (actual time=0.021..42119.309 rows=36244344 loops=1)
  ->  Hash  (cost=230121.14..230121.14 rows=1242140 width=8) (actual time=11810.404..11810.404 rows=282777 loops=1)
        Buckets: 131072  Batches: 32  Memory Usage: 1348kB
        ->  Hash Join  (cost=86573.65..230121.14 rows=1242140 width=8) (actual time=8207.568..11717.583 rows=282777 loops=1)
              Hash Cond: (mk.movie_id = t.id)
              ->  Seq Scan on movie_keyword mk  (cost=0.00..81003.12 rows=4074390 width=4) (actual time=0.023..4888.370 rows=4075309 loops=1)
                    Filter: (keyword_id < 39584)
                    Rows Removed by Filter: 448621
              ->  Hash  (cost=73925.90..73925.90 rows=770860 width=4) (actual time=4563.170..4563.170 rows=682281 loops=1)
                    Buckets: 131072  Batches: 16  Memory Usage: 2528kB
                    ->  Seq Scan on title t  (cost=0.00..73925.90 rows=770860 width=4) (actual time=0.014..4278.431 rows=682281 loops=1)
                          Filter: ((production_year < 2004) AND (kind_id = 7))
                          Rows Removed by Filter: 1846031
Planning time: 1.463 ms
Execution time: 79803.982 ms
