Hash Join  (cost=225739.82..783485.70 rows=5577804 width=0) (actual time=4693.469..21961.374 rows=20543364 loops=1)
  Hash Cond: (mi.movie_id = t.id)
  ->  Seq Scan on movie_info mi  (cost=0.00..309384.22 rows=14739122 width=4) (actual time=0.019..5988.427 rows=14835720 loops=1)
  ->  Hash  (cost=210040.77..210040.77 rows=956884 width=8) (actual time=4689.133..4689.133 rows=475878 loops=1)
        Buckets: 131072  Batches: 16  Memory Usage: 2278kB
        ->  Hash Join  (cost=76379.89..210040.77 rows=956884 width=8) (actual time=1275.190..4543.397 rows=475878 loops=1)
              Hash Cond: (mk.movie_id = t.id)
              ->  Seq Scan on movie_keyword mk  (cost=0.00..69693.30 rows=4523930 width=4) (actual time=0.028..1310.977 rows=4523930 loops=1)
              ->  Hash  (cost=67604.59..67604.59 rows=534824 width=4) (actual time=1273.863..1273.863 rows=533369 loops=1)
                    Buckets: 131072  Batches: 8  Memory Usage: 3376kB
                    ->  Seq Scan on title t  (cost=0.00..67604.59 rows=534824 width=4) (actual time=0.022..1096.156 rows=533369 loops=1)
                          Filter: (production_year > 2009)
                          Rows Removed by Filter: 1994943
Planning time: 1.117 ms
Execution time: 24328.452 ms
