Seq Scan on movie_keyword mk  (cost=0.00..81003.12 rows=2910136 width=0) (actual time=0.019..3110.747 rows=2898425 loops=1)
  Filter: (keyword_id < 9217)
  Rows Removed by Filter: 1625505
Planning time: 0.348 ms
Execution time: 3513.952 ms
