Seq Scan on movie_keyword mk  (cost=0.00..81003.12 rows=444445 width=0) (actual time=0.031..3904.236 rows=442771 loops=1)
  Filter: (keyword_id > 39948)
  Rows Removed by Filter: 4081159
Planning time: 0.343 ms
Execution time: 3972.661 ms
