Seq Scan on cast_info ci  (cost=0.00..796071.18 rows=11691862 width=0) (actual time=701.015..42978.060 rows=10588551 loops=1)
  Filter: ((person_id < 3760968) AND (role_id > 3))
  Rows Removed by Filter: 25655793
Planning time: 0.358 ms
Execution time: 44681.237 ms
