Seq Scan on movie_companies mc  (cost=0.00..57926.93 rows=379266 width=0) (actual time=418.518..2461.952 rows=218186 loops=1)
  Filter: ((company_id < 1451) AND (company_type_id = 2))
  Rows Removed by Filter: 2390943
Planning time: 6.497 ms
Execution time: 2491.429 ms
