Hash Join  (cost=709678.15..801457.64 rows=568 width=0) (actual time=28763.690..32694.705 rows=68 loops=1)
  Hash Cond: (mk.movie_id = t.id)
  ->  Seq Scan on movie_keyword mk  (cost=0.00..81003.12 rows=2872183 width=4) (actual time=0.015..4052.813 rows=2864315 loops=1)
        Filter: (keyword_id < 8807)
        Rows Removed by Filter: 1659615
  ->  Hash  (cost=709671.90..709671.90 rows=500 width=8) (actual time=28103.192..28103.192 rows=106 loops=1)
        Buckets: 1024  Batches: 1  Memory Usage: 13kB
        ->  Nested Loop  (cost=0.43..709671.90 rows=500 width=8) (actual time=7411.902..28103.133 rows=106 loops=1)
              ->  Seq Scan on cast_info ci  (cost=0.00..705507.15 rows=500 width=4) (actual time=7411.780..28092.081 rows=106 loops=1)
                    Filter: (person_id = 1277427)
                    Rows Removed by Filter: 36244238
              ->  Index Only Scan using title_pkey on title t  (cost=0.43..8.32 rows=1 width=4) (actual time=0.103..0.103 rows=1 loops=106)
                    Index Cond: (id = ci.movie_id)
                    Heap Fetches: 106
Planning time: 1.020 ms
Execution time: 32694.932 ms
