Seq Scan on movie_keyword mk  (cost=0.00..81003.12 rows=246 width=0) (actual time=70.006..3513.553 rows=87 loops=1)
  Filter: (keyword_id = 1928)
  Rows Removed by Filter: 4523843
Planning time: 0.365 ms
Execution time: 3513.665 ms
