Seq Scan on movie_companies mc  (cost=0.00..51404.11 rows=1941929 width=0) (actual time=0.015..2075.566 rows=1936849 loops=1)
  Filter: (company_id < 50137)
  Rows Removed by Filter: 672280
Planning time: 0.313 ms
Execution time: 2331.780 ms
