Hash Join  (cost=86252.72..1024393.75 rows=2844600 width=0) (actual time=3600.208..51294.614 rows=4614128 loops=1)
  Hash Cond: (ci.movie_id = t.id)
  ->  Seq Scan on cast_info ci  (cost=0.00..796071.18 rows=9573028 width=4) (actual time=391.896..37576.209 rows=14922346 loops=1)
        Filter: ((person_id > 2157981) AND (role_id > 1))
        Rows Removed by Filter: 21321998
  ->  Hash  (cost=73925.90..73925.90 rows=751345 width=4) (actual time=3206.767..3206.767 rows=793943 loops=1)
        Buckets: 131072  Batches: 16  Memory Usage: 2771kB
        ->  Seq Scan on title t  (cost=0.00..73925.90 rows=751345 width=4) (actual time=0.037..2931.623 rows=793943 loops=1)
              Filter: ((kind_id < 7) AND (production_year < 2010))
              Rows Removed by Filter: 1734369
Planning time: 0.787 ms
Execution time: 51847.069 ms
