Hash Join  (cost=250433.81..838444.32 rows=8414168 width=0) (actual time=13978.765..100082.440 rows=217379514 loops=1)
  Hash Cond: (mi.movie_id = t.id)
  ->  Seq Scan on movie_info mi  (cost=0.00..309384.22 rows=14739122 width=4) (actual time=0.016..21843.323 rows=14835720 loops=1)
  ->  Hash  (cost=226751.46..226751.46 rows=1443468 width=8) (actual time=13976.653..13976.653 rows=3649321 loops=1)
        Buckets: 131072 (originally 131072)  Batches: 64 (originally 32)  Memory Usage: 3364kB
        ->  Hash Join  (cost=87162.74..226751.46 rows=1443468 width=8) (actual time=4671.051..12805.385 rows=3649321 loops=1)
              Hash Cond: (mk.movie_id = t.id)
              ->  Seq Scan on movie_keyword mk  (cost=0.00..69693.30 rows=4523930 width=4) (actual time=0.012..4391.595 rows=4523930 loops=1)
              ->  Hash  (cost=73925.90..73925.90 rows=806787 width=4) (actual time=4667.511..4667.511 rows=843018 loops=1)
                    Buckets: 131072  Batches: 16  Memory Usage: 2888kB
                    ->  Seq Scan on title t  (cost=0.00..73925.90 rows=806787 width=4) (actual time=0.016..4285.386 rows=843018 loops=1)
                          Filter: ((kind_id < 7) AND (production_year < 2011))
                          Rows Removed by Filter: 1685294
Planning time: 1.122 ms
Execution time: 127023.070 ms
