Seq Scan on title t  (cost=0.00..73925.90 rows=257075 width=0) (actual time=1791.795..3544.319 rows=366618 loops=1)
  Filter: ((kind_id < 2) AND (production_year < 1999))
  Rows Removed by Filter: 2161694
Planning time: 0.302 ms
Execution time: 3601.064 ms
