Hash Join  (cost=67697.55..819552.20 rows=106548 width=0) (actual time=3209.545..47961.195 rows=179002 loops=1)
  Hash Cond: (ci.movie_id = t.id)
  ->  Seq Scan on cast_info ci  (cost=0.00..614943.12 rows=36225612 width=4) (actual time=0.021..32398.479 rows=36244344 loops=1)
  ->  Hash  (cost=67604.59..67604.59 rows=7437 width=4) (actual time=3207.746..3207.746 rows=14442 loops=1)
        Buckets: 16384 (originally 8192)  Batches: 1 (originally 1)  Memory Usage: 636kB
        ->  Seq Scan on title t  (cost=0.00..67604.59 rows=7437 width=4) (actual time=0.092..3200.231 rows=14442 loops=1)
              Filter: (production_year = 1971)
              Rows Removed by Filter: 2513870
Planning time: 0.772 ms
Execution time: 47998.234 ms
