Nested Loop  (cost=0.43..709671.90 rows=500 width=0) (actual time=15911.945..34461.972 rows=17 loops=1)
  ->  Seq Scan on cast_info ci  (cost=0.00..705507.15 rows=500 width=4) (actual time=15911.784..34461.361 rows=17 loops=1)
        Filter: (person_id = 2904070)
        Rows Removed by Filter: 36244327
  ->  Index Only Scan using title_pkey on title t  (cost=0.43..8.32 rows=1 width=4) (actual time=0.028..0.029 rows=1 loops=17)
        Index Cond: (id = ci.movie_id)
        Heap Fetches: 17
Planning time: 6.504 ms
Execution time: 34462.056 ms
