Hash Join  (cost=102767.86..256547.62 rows=2613947 width=0) (actual time=4956.060..14014.971 rows=2605989 loops=1)
  Hash Cond: (mk.movie_id = t.id)
  ->  Seq Scan on movie_keyword mk  (cost=0.00..81003.12 rows=2613947 width=4) (actual time=0.014..5079.103 rows=2605989 loops=1)
        Filter: (keyword_id > 3304)
        Rows Removed by Filter: 1917941
  ->  Hash  (cost=61283.27..61283.27 rows=2528527 width=4) (actual time=4953.776..4953.776 rows=2528312 loops=1)
        Buckets: 131072  Batches: 64  Memory Usage: 2425kB
        ->  Seq Scan on title t  (cost=0.00..61283.27 rows=2528527 width=4) (actual time=0.020..3350.330 rows=2528312 loops=1)
Planning time: 0.752 ms
Execution time: 14354.868 ms
