Hash Join  (cost=190230.21..1108151.07 rows=3734416 width=0) (actual time=36650.395..44233.269 rows=840994 loops=1)
  Hash Cond: (ci.movie_id = t.id)
  ->  Seq Scan on cast_info ci  (cost=0.00..796071.18 rows=6842270 width=4) (actual time=28905.820..35739.992 rows=686916 loops=1)
        Filter: ((person_id > 1643872) AND (role_id = 1))
        Rows Removed by Filter: 35557428
  ->  Hash  (cost=167588.78..167588.78 rows=1380035 width=8) (actual time=7743.640..7743.640 rows=1380035 loops=1)
        Buckets: 131072  Batches: 32  Memory Usage: 2708kB
        ->  Hash Join  (cost=102767.86..167588.78 rows=1380035 width=8) (actual time=4892.402..7376.916 rows=1380035 loops=1)
              Hash Cond: (mi_idx.movie_id = t.id)
              ->  Seq Scan on movie_info_idx mi_idx  (cost=0.00..21735.35 rows=1380035 width=4) (actual time=0.030..1035.938 rows=1380035 loops=1)
              ->  Hash  (cost=61283.27..61283.27 rows=2528527 width=4) (actual time=4890.845..4890.845 rows=2528312 loops=1)
                    Buckets: 131072  Batches: 64  Memory Usage: 2415kB
                    ->  Seq Scan on title t  (cost=0.00..61283.27 rows=2528527 width=4) (actual time=0.020..3825.184 rows=2528312 loops=1)
Planning time: 1.000 ms
Execution time: 44324.276 ms
