Seq Scan on movie_keyword mk  (cost=0.00..81003.12 rows=3623642 width=0) (actual time=0.010..3158.550 rows=3623591 loops=1)
  Filter: (keyword_id < 20504)
  Rows Removed by Filter: 900339
Planning time: 0.312 ms
Execution time: 3653.050 ms
