Seq Scan on title t  (cost=0.00..73925.90 rows=22751 width=0) (actual time=0.031..1088.068 rows=18892 loops=1)
  Filter: ((kind_id < 7) AND (production_year = 2001))
  Rows Removed by Filter: 2509420
Planning time: 0.431 ms
Execution time: 1091.564 ms
