Seq Scan on movie_keyword mk  (cost=0.00..81003.12 rows=246 width=0) (actual time=1.082..2299.245 rows=224 loops=1)
  Filter: (keyword_id = 10068)
  Rows Removed by Filter: 4523706
Planning time: 0.352 ms
Execution time: 2299.537 ms
