Hash Join  (cost=128753.29..211136.18 rows=677 width=0) (actual time=2574.649..3824.715 rows=315 loops=1)
  Hash Cond: (mk.movie_id = t.id)
  ->  Seq Scan on movie_keyword mk  (cost=0.00..81003.12 rows=366133 width=4) (actual time=94.889..1280.509 rows=364296 loops=1)
        Filter: (keyword_id > 46037)
        Rows Removed by Filter: 4159634
  ->  Hash  (cost=128694.84..128694.84 rows=4676 width=8) (actual time=2476.672..2476.672 rows=6361 loops=1)
        Buckets: 8192  Batches: 1  Memory Usage: 313kB
        ->  Hash Join  (cost=73982.55..128694.84 rows=4676 width=8) (actual time=1571.974..2474.056 rows=6361 loops=1)
              Hash Cond: (mc.movie_id = t.id)
              ->  Seq Scan on movie_companies mc  (cost=0.00..44881.29 rows=2609129 width=4) (actual time=0.024..724.954 rows=2609129 loops=1)
              ->  Hash  (cost=73925.90..73925.90 rows=4532 width=4) (actual time=1155.278..1155.278 rows=12643 loops=1)
                    Buckets: 16384 (originally 8192)  Batches: 1 (originally 1)  Memory Usage: 573kB
                    ->  Seq Scan on title t  (cost=0.00..73925.90 rows=4532 width=4) (actual time=256.675..1149.416 rows=12643 loops=1)
                          Filter: ((kind_id = 7) AND (production_year = 1989))
                          Rows Removed by Filter: 2515669
Planning time: 1.212 ms
Execution time: 3825.013 ms
