Hash Join  (cost=131675.60..225753.86 rows=1794 width=0) (actual time=4895.725..9978.208 rows=157393 loops=1)
  Hash Cond: (mk.movie_id = t.id)
  ->  Seq Scan on movie_keyword mk  (cost=0.00..81003.12 rows=3481919 width=4) (actual time=0.016..4369.702 rows=3481153 loops=1)
        Filter: (keyword_id > 1037)
        Rows Removed by Filter: 1042777
  ->  Hash  (cost=131659.31..131659.31 rows=1303 width=8) (actual time=4894.639..4894.639 rows=5000 loops=1)
        Buckets: 8192 (originally 2048)  Batches: 1 (originally 1)  Memory Usage: 260kB
        ->  Hash Join  (cost=73950.44..131659.31 rows=1303 width=8) (actual time=3165.812..4883.080 rows=5000 loops=1)
              Hash Cond: (mc.movie_id = t.id)
              ->  Seq Scan on movie_companies mc  (cost=0.00..51404.11 rows=1677793 width=4) (actual time=0.014..1460.828 rows=1669054 loops=1)
                    Filter: (company_id < 19044)
                    Rows Removed by Filter: 940075
              ->  Hash  (cost=73925.90..73925.90 rows=1963 width=4) (actual time=3165.642..3165.642 rows=4142 loops=1)
                    Buckets: 8192 (originally 2048)  Batches: 1 (originally 1)  Memory Usage: 210kB
                    ->  Seq Scan on title t  (cost=0.00..73925.90 rows=1963 width=4) (actual time=0.045..3163.377 rows=4142 loops=1)
                          Filter: ((kind_id = 1) AND (production_year = 1973))
                          Rows Removed by Filter: 2524170
Planning time: 1.219 ms
Execution time: 9998.646 ms
