Hash Join  (cost=675956.58..2537957.22 rows=58581436 width=0) (actual time=38424.670..153856.384 rows=297861161 loops=1)
  Hash Cond: (ci.movie_id = t.id)
  ->  Seq Scan on cast_info ci  (cost=0.00..614943.12 rows=36225612 width=4) (actual time=0.022..21548.192 rows=36244344 loops=1)
  ->  Hash  (cost=608871.69..608871.69 rows=4088951 width=8) (actual time=38421.817..38421.817 rows=8576516 loops=1)
        Buckets: 131072 (originally 131072)  Batches: 128 (originally 64)  Memory Usage: 3637kB
        ->  Hash Join  (cost=85435.26..608871.69 rows=4088951 width=8) (actual time=3808.634..35418.164 rows=8576516 loops=1)
              Hash Cond: (mi.movie_id = t.id)
              ->  Seq Scan on movie_info mi  (cost=0.00..309384.22 rows=14739122 width=4) (actual time=0.018..19572.568 rows=14835720 loops=1)
              ->  Hash  (cost=73925.90..73925.90 rows=701468 width=4) (actual time=3807.783..3807.783 rows=749931 loops=1)
                    Buckets: 131072  Batches: 16  Memory Usage: 2682kB
                    ->  Seq Scan on title t  (cost=0.00..73925.90 rows=701468 width=4) (actual time=0.014..3506.566 rows=749931 loops=1)
                          Filter: ((kind_id < 7) AND (production_year < 2009))
                          Rows Removed by Filter: 1778381
Planning time: 11.733 ms
Execution time: 185145.342 ms
