Nested Loop  (cost=0.43..83072.29 rows=162 width=0) (actual time=0.288..3288.498 rows=901 loops=1)
  ->  Seq Scan on movie_keyword mk  (cost=0.00..81003.12 rows=246 width=4) (actual time=0.245..3111.030 rows=974 loops=1)
        Filter: (keyword_id = 662)
        Rows Removed by Filter: 4522956
  ->  Index Scan using title_pkey on title t  (cost=0.43..8.40 rows=1 width=4) (actual time=0.169..0.169 rows=1 loops=974)
        Index Cond: (id = mk.movie_id)
        Filter: (production_year < 2008)
        Rows Removed by Filter: 0
Planning time: 0.646 ms
Execution time: 3289.088 ms
