Hash Join  (cost=71463.00..565895.31 rows=1370738 width=0) (actual time=957.576..14438.830 rows=2499406 loops=1)
  Hash Cond: (mi.movie_id = t.id)
  ->  Seq Scan on movie_info mi  (cost=0.00..309384.22 rows=14739122 width=4) (actual time=0.018..6103.779 rows=14835720 loops=1)
  ->  Hash  (cost=67604.59..67604.59 rows=235153 width=4) (actual time=956.770..956.770 rows=230883 loops=1)
        Buckets: 131072  Batches: 4  Memory Usage: 3058kB
        ->  Seq Scan on title t  (cost=0.00..67604.59 rows=235153 width=4) (actual time=0.021..884.634 rows=230883 loops=1)
              Filter: (production_year < 1959)
              Rows Removed by Filter: 2297429
Planning time: 0.754 ms
Execution time: 14752.088 ms
