Nested Loop  (cost=0.43..447847.04 rows=10930 width=0) (actual time=1951.345..5896.934 rows=314 loops=1)
  ->  Seq Scan on movie_info mi  (cost=0.00..346232.03 rows=17937 width=4) (actual time=1951.065..5288.282 rows=68025 loops=1)
        Filter: (info_type_id = 94)
        Rows Removed by Filter: 14767695
  ->  Index Scan using title_pkey on title t  (cost=0.43..5.66 rows=1 width=4) (actual time=0.009..0.009 rows=0 loops=68025)
        Index Cond: (id = mi.movie_id)
        Filter: (kind_id = 7)
        Rows Removed by Filter: 1
Planning time: 1.611 ms
Execution time: 5897.145 ms
