Seq Scan on movie_keyword mk  (cost=0.00..81003.12 rows=1302694 width=0) (actual time=0.020..1338.923 rows=1309755 loops=1)
  Filter: (keyword_id < 1716)
  Rows Removed by Filter: 3214175
Planning time: 0.338 ms
Execution time: 1495.091 ms
