Hash Join  (cost=238284.15..861157.95 rows=11681497 width=0) (actual time=5878.294..30859.747 rows=50208559 loops=1)
  Hash Cond: (mi.movie_id = t.id)
  ->  Seq Scan on movie_info mi  (cost=0.00..309384.22 rows=14739122 width=4) (actual time=0.016..6307.392 rows=14835720 loops=1)
  ->  Hash  (cost=205405.33..205405.33 rows=2003985 width=8) (actual time=5877.294..5877.294 rows=1726648 loops=1)
        Buckets: 131072  Batches: 32  Memory Usage: 3180kB
        ->  Hash Join  (cost=99467.55..205405.33 rows=2003985 width=8) (actual time=1911.352..5104.057 rows=1726648 loops=1)
              Hash Cond: (mc.movie_id = t.id)
              ->  Seq Scan on movie_companies mc  (cost=0.00..44881.29 rows=2609129 width=4) (actual time=0.014..936.737 rows=2609129 loops=1)
              ->  Hash  (cost=67604.59..67604.59 rows=1942077 width=4) (actual time=1909.949..1909.949 rows=1932484 loops=1)
                    Buckets: 131072  Batches: 32  Memory Usage: 3155kB
                    ->  Seq Scan on title t  (cost=0.00..67604.59 rows=1942077 width=4) (actual time=0.018..1299.533 rows=1932484 loops=1)
                          Filter: (production_year > 1980)
                          Rows Removed by Filter: 595828
Planning time: 1.148 ms
Execution time: 36115.092 ms
