Hash Join  (cost=197843.49..336092.32 rows=1333480 width=0) (actual time=7772.300..18583.427 rows=15643159 loops=1)
  Hash Cond: (mk.movie_id = t.id)
  ->  Seq Scan on movie_keyword mk  (cost=0.00..69693.30 rows=4523930 width=4) (actual time=0.009..4190.449 rows=4523930 loops=1)
  ->  Hash  (cost=185615.09..185615.09 rows=745312 width=8) (actual time=7771.192..7771.192 rows=515083 loops=1)
        Buckets: 131072  Batches: 16  Memory Usage: 2315kB
        ->  Hash Join  (cost=100338.29..185615.09 rows=745312 width=8) (actual time=4278.587..7618.288 rows=515083 loops=1)
              Hash Cond: (mc.movie_id = t.id)
              ->  Seq Scan on movie_companies mc  (cost=0.00..57926.93 rows=944549 width=4) (actual time=5.574..2249.160 rows=790767 loops=1)
                    Filter: ((company_id > 1109) AND (company_type_id = 1))
                    Rows Removed by Filter: 1818362
              ->  Hash  (cost=67604.59..67604.59 rows=1995176 width=4) (actual time=4249.592..4249.592 rows=1990655 loops=1)
                    Buckets: 131072  Batches: 32  Memory Usage: 3218kB
                    ->  Seq Scan on title t  (cost=0.00..67604.59 rows=1995176 width=4) (actual time=0.012..3525.731 rows=1990655 loops=1)
                          Filter: (production_year > 1976)
                          Rows Removed by Filter: 537657
Planning time: 0.998 ms
Execution time: 20446.816 ms
