Hash Join  (cost=134341.38..485380.57 rows=6670 width=0) (actual time=3298.819..8102.614 rows=33214 loops=1)
  Hash Cond: (mi.movie_id = t.id)
  ->  Seq Scan on movie_info mi  (cost=0.00..346232.03 rows=1264125 width=4) (actual time=912.844..5398.121 rows=1288928 loops=1)
        Filter: (info_type_id = 2)
        Rows Removed by Filter: 13546792
  ->  Hash  (cost=134174.60..134174.60 rows=13342 width=8) (actual time=2385.751..2385.751 rows=35077 loops=1)
        Buckets: 65536 (originally 16384)  Batches: 1 (originally 1)  Memory Usage: 1883kB
        ->  Hash Join  (cost=79303.65..134174.60 rows=13342 width=8) (actual time=1482.538..2375.278 rows=35077 loops=1)
              Hash Cond: (mc.movie_id = t.id)
              ->  Seq Scan on movie_companies mc  (cost=0.00..51404.11 rows=47312 width=4) (actual time=5.146..787.966 rows=47252 loops=1)
                    Filter: (company_id = 19)
                    Rows Removed by Filter: 2561877
              ->  Hash  (cost=67604.59..67604.59 rows=713045 width=4) (actual time=1469.598..1469.598 rows=707186 loops=1)
                    Buckets: 131072  Batches: 16  Memory Usage: 2578kB
                    ->  Seq Scan on title t  (cost=0.00..67604.59 rows=713045 width=4) (actual time=0.023..1248.605 rows=707186 loops=1)
                          Filter: (production_year < 1991)
                          Rows Removed by Filter: 1821126
Planning time: 3.112 ms
Execution time: 8107.367 ms
