Hash Join  (cost=521607.22..1862804.57 rows=20376354 width=0) (actual time=10073.224..51093.017 rows=23884562 loops=1)
  Hash Cond: (ci.movie_id = t.id)
  ->  Seq Scan on cast_info ci  (cost=0.00..705507.15 rows=33238731 width=4) (actual time=477.823..17151.026 rows=33329687 loops=1)
        Filter: (person_id > 283519)
        Rows Removed by Filter: 2914657
  ->  Hash  (cost=496176.42..496176.42 rows=1550064 width=8) (actual time=9594.511..9594.511 rows=1533909 loops=1)
        Buckets: 131072  Batches: 32  Memory Usage: 2883kB
        ->  Hash Join  (cost=102767.86..496176.42 rows=1550064 width=8) (actual time=5158.694..9152.680 rows=1533909 loops=1)
              Hash Cond: (mi.movie_id = t.id)
              ->  Seq Scan on movie_info mi  (cost=0.00..346232.03 rows=1550064 width=4) (actual time=3135.285..5118.979 rows=1533909 loops=1)
                    Filter: (info_type_id = 3)
                    Rows Removed by Filter: 13301811
              ->  Hash  (cost=61283.27..61283.27 rows=2528527 width=4) (actual time=2022.359..2022.359 rows=2528312 loops=1)
                    Buckets: 131072  Batches: 64  Memory Usage: 2425kB
                    ->  Seq Scan on title t  (cost=0.00..61283.27 rows=2528527 width=4) (actual time=0.018..1164.751 rows=2528312 loops=1)
Planning time: 1.193 ms
Execution time: 53772.754 ms
