Hash Join  (cost=102767.86..173212.17 rows=109623 width=0) (actual time=2084.282..3270.901 rows=48155 loops=1)
  Hash Cond: (mc.movie_id = t.id)
  ->  Seq Scan on movie_companies mc  (cost=0.00..57926.93 rows=109623 width=4) (actual time=57.056..834.932 rows=48155 loops=1)
        Filter: ((company_id < 73) AND (company_type_id > 1))
        Rows Removed by Filter: 2560974
  ->  Hash  (cost=61283.27..61283.27 rows=2528527 width=4) (actual time=2025.863..2025.863 rows=2528312 loops=1)
        Buckets: 131072  Batches: 64  Memory Usage: 2415kB
        ->  Seq Scan on title t  (cost=0.00..61283.27 rows=2528527 width=4) (actual time=0.015..1201.328 rows=2528312 loops=1)
Planning time: 0.701 ms
Execution time: 3276.804 ms
