Hash Join  (cost=73926.24..424898.87 rows=13 width=0) (actual time=3713.379..6980.540 rows=49 loops=1)
  Hash Cond: (mi.movie_id = t.id)
  ->  Seq Scan on movie_info mi  (cost=0.00..346232.03 rows=1264125 width=4) (actual time=2401.761..5730.373 rows=1288928 loops=1)
        Filter: (info_type_id = 2)
        Rows Removed by Filter: 13546792
  ->  Hash  (cost=73925.90..73925.90 rows=27 width=4) (actual time=1075.693..1075.693 rows=55 loops=1)
        Buckets: 1024  Batches: 1  Memory Usage: 10kB
        ->  Seq Scan on title t  (cost=0.00..73925.90 rows=27 width=4) (actual time=361.734..1075.610 rows=55 loops=1)
              Filter: ((production_year > 2013) AND (kind_id = 3))
              Rows Removed by Filter: 2528257
Planning time: 0.840 ms
Execution time: 6980.662 ms
