Hash Join  (cost=218399.39..1426127.54 rows=16930798 width=0) (actual time=4779.109..48450.981 rows=47470011 loops=1)
  Hash Cond: (ci.movie_id = t.id)
  ->  Seq Scan on cast_info ci  (cost=0.00..614943.12 rows=36225612 width=4) (actual time=0.023..13645.146 rows=36244344 loops=1)
  ->  Hash  (cost=199010.39..199010.39 rows=1181760 width=8) (actual time=4778.050..4778.050 rows=1274246 loops=1)
        Buckets: 131072 (originally 131072)  Batches: 32 (originally 16)  Memory Usage: 3073kB
        ->  Hash Join  (cost=102767.86..199010.39 rows=1181760 width=8) (actual time=2306.030..4423.993 rows=1274246 loops=1)
              Hash Cond: (mc.movie_id = t.id)
              ->  Seq Scan on movie_companies mc  (cost=0.00..57926.93 rows=1181760 width=4) (actual time=472.851..1242.716 rows=1274246 loops=1)
                    Filter: ((company_id < 113184) AND (company_type_id < 2))
                    Rows Removed by Filter: 1334883
              ->  Hash  (cost=61283.27..61283.27 rows=2528527 width=4) (actual time=1831.836..1831.836 rows=2528312 loops=1)
                    Buckets: 131072  Batches: 64  Memory Usage: 2415kB
                    ->  Seq Scan on title t  (cost=0.00..61283.27 rows=2528527 width=4) (actual time=0.019..1031.927 rows=2528312 loops=1)
Planning time: 1.163 ms
Execution time: 53365.822 ms
