Seq Scan on movie_keyword mk  (cost=0.00..81003.12 rows=246 width=0) (actual time=0.383..1228.638 rows=1026 loops=1)
  Filter: (keyword_id = 412)
  Rows Removed by Filter: 4522904
Planning time: 0.351 ms
Execution time: 1229.077 ms
