Hash Join  (cost=600760.06..782303.83 rows=2144374 width=181) (actual time=13215.318..34736.549 rows=35032569 loops=1)
  Hash Cond: (mk.movie_id = t.id)
  ->  Seq Scan on movie_keyword mk  (cost=0.00..69693.30 rows=4523930 width=12) (actual time=0.018..1763.282 rows=4523930 loops=1)
  ->  Hash  (cost=556516.32..556516.32 rows=1198539 width=169) (actual time=13213.991..13213.991 rows=1394915 loops=1)
        Buckets: 32768  Batches: 128  Memory Usage: 1984kB
        ->  Hash Join  (cost=94420.17..556516.32 rows=1198539 width=169) (actual time=2253.780..12234.415 rows=1394915 loops=1)
              Hash Cond: (mi.movie_id = t.id)
              ->  Seq Scan on movie_info mi  (cost=0.00..346232.03 rows=3068194 width=75) (actual time=0.042..7097.753 rows=3036719 loops=1)
                    Filter: (info_type_id = 16)
                    Rows Removed by Filter: 11799001
              ->  Hash  (cost=67604.59..67604.59 rows=987727 width=94) (actual time=2251.780..2251.780 rows=985048 loops=1)
                    Buckets: 32768  Batches: 64  Memory Usage: 1954kB
                    ->  Seq Scan on title t  (cost=0.00..67604.59 rows=987727 width=94) (actual time=0.012..1775.493 rows=985048 loops=1)
                          Filter: (kind_id < 7)
                          Rows Removed by Filter: 1543264
Planning time: 1.414 ms
Execution time: 36757.823 ms
