Hash Join  (cost=709675.39..796336.63 rows=320 width=0) (actual time=11569.012..12765.477 rows=49 loops=1)
  Hash Cond: (mk.movie_id = t.id)
  ->  Seq Scan on movie_keyword mk  (cost=0.00..69693.30 rows=4523930 width=4) (actual time=0.027..857.073 rows=4523930 loops=1)
  ->  Hash  (cost=709673.15..709673.15 rows=179 width=8) (actual time=11141.772..11141.772 rows=4 loops=1)
        Buckets: 1024  Batches: 1  Memory Usage: 9kB
        ->  Nested Loop  (cost=0.43..709673.15 rows=179 width=8) (actual time=3145.437..11141.728 rows=4 loops=1)
              ->  Seq Scan on cast_info ci  (cost=0.00..705507.15 rows=500 width=4) (actual time=3145.382..11141.509 rows=4 loops=1)
                    Filter: (person_id = 3034607)
                    Rows Removed by Filter: 36244340
              ->  Index Scan using title_pkey on title t  (cost=0.43..8.32 rows=1 width=4) (actual time=0.035..0.036 rows=1 loops=4)
                    Index Cond: (id = ci.movie_id)
                    Filter: (production_year > 2006)
Planning time: 1.281 ms
Execution time: 12765.644 ms
