Hash Join  (cost=74305.74..101275.25 rows=5540 width=0) (actual time=1139.896..1600.718 rows=12421 loops=1)
  Hash Cond: (mi_idx.movie_id = t.id)
  ->  Seq Scan on movie_info_idx mi_idx  (cost=0.00..25185.44 rows=460978 width=4) (actual time=0.025..452.806 rows=459925 loops=1)
        Filter: (info_type_id < 100)
        Rows Removed by Filter: 920110
  ->  Hash  (cost=73925.90..73925.90 rows=30387 width=4) (actual time=1020.624..1020.624 rows=31314 loops=1)
        Buckets: 32768  Batches: 1  Memory Usage: 1357kB
        ->  Seq Scan on title t  (cost=0.00..73925.90 rows=30387 width=4) (actual time=0.051..1007.770 rows=31314 loops=1)
              Filter: ((production_year < 1996) AND (kind_id = 2))
              Rows Removed by Filter: 2496998
Planning time: 0.790 ms
Execution time: 1602.465 ms
