Nested Loop  (cost=0.43..69062.97 rows=363 width=0) (actual time=7.187..607.976 rows=158 loops=1)
  ->  Seq Scan on movie_companies mc  (cost=0.00..57926.93 rows=1374 width=4) (actual time=0.233..572.256 rows=1433 loops=1)
        Filter: ((company_id = 181) AND (company_type_id = 2))
        Rows Removed by Filter: 2607696
  ->  Index Scan using title_pkey on title t  (cost=0.43..8.09 rows=1 width=4) (actual time=0.024..0.024 rows=0 loops=1433)
        Index Cond: (id = mc.movie_id)
        Filter: (kind_id = 1)
        Rows Removed by Filter: 1
Planning time: 0.497 ms
Execution time: 608.113 ms
