Seq Scan on cast_info ci  (cost=0.00..796071.18 rows=16138721 width=0) (actual time=1416.561..16106.989 rows=20424452 loops=1)
  Filter: ((person_id > 1105988) AND (role_id > 1))
  Rows Removed by Filter: 15819892
Planning time: 0.370 ms
Execution time: 18613.082 ms
