Seq Scan on title t  (cost=0.00..73925.90 rows=20260 width=0) (actual time=179.388..806.733 rows=20873 loops=1)
  Filter: ((production_year < 1979) AND (kind_id = 3))
  Rows Removed by Filter: 2507439
Planning time: 0.344 ms
Execution time: 809.198 ms
