Seq Scan on movie_keyword mk  (cost=0.00..81003.12 rows=4675 width=0) (actual time=0.259..1359.052 rows=3660 loops=1)
  Filter: (keyword_id = 2554)
  Rows Removed by Filter: 4520270
Planning time: 0.397 ms
Execution time: 1360.070 ms
