Hash Join  (cost=196520.67..669270.27 rows=672853 width=0) (actual time=4716.021..16012.025 rows=3154183 loops=1)
  Hash Cond: (mi.movie_id = t.id)
  ->  Seq Scan on movie_info mi  (cost=0.00..346232.03 rows=9293409 width=4) (actual time=199.351..7322.076 rows=9425200 loops=1)
        Filter: (info_type_id > 5)
        Rows Removed by Filter: 5410520
  ->  Hash  (cost=193516.32..193516.32 rows=183068 width=8) (actual time=4234.678..4234.678 rows=250907 loops=1)
        Buckets: 131072  Batches: 4  Memory Usage: 3470kB
        ->  Hash Join  (cost=69283.60..193516.32 rows=183068 width=8) (actual time=1643.840..4152.332 rows=250907 loops=1)
              Hash Cond: (mk.movie_id = t.id)
              ->  Seq Scan on movie_keyword mk  (cost=0.00..69693.30 rows=4523930 width=4) (actual time=0.031..1378.511 rows=4523930 loops=1)
              ->  Hash  (cost=67604.59..67604.59 rows=102321 width=4) (actual time=1337.849..1337.849 rows=100537 loops=1)
                    Buckets: 131072  Batches: 2  Memory Usage: 2803kB
                    ->  Seq Scan on title t  (cost=0.00..67604.59 rows=102321 width=4) (actual time=285.603..1031.242 rows=100537 loops=1)
                          Filter: (kind_id = 3)
                          Rows Removed by Filter: 2427775
Planning time: 1.131 ms
Execution time: 16348.694 ms
