Hash Join  (cost=189632.99..341804.68 rows=1736733 width=0) (actual time=4751.671..14853.142 rows=31404901 loops=1)
  Hash Cond: (mk.movie_id = t.id)
  ->  Seq Scan on movie_keyword mk  (cost=0.00..81003.12 rows=4308596 width=4) (actual time=0.021..1796.263 rows=4306893 loops=1)
        Filter: (keyword_id < 65303)
        Rows Removed by Filter: 217037
  ->  Hash  (cost=172910.83..172910.83 rows=1019213 width=8) (actual time=4750.961..4750.961 rows=1891821 loops=1)
        Buckets: 131072 (originally 131072)  Batches: 32 (originally 16)  Memory Usage: 3402kB
        ->  Hash Join  (cost=83810.17..172910.83 rows=1019213 width=8) (actual time=1436.725..4204.212 rows=1891821 loops=1)
              Hash Cond: (mc.movie_id = t.id)
              ->  Seq Scan on movie_companies mc  (cost=0.00..44881.29 rows=2609129 width=4) (actual time=0.021..778.301 rows=2609129 loops=1)
              ->  Hash  (cost=67604.59..67604.59 rows=987727 width=4) (actual time=1435.924..1435.924 rows=985048 loops=1)
                    Buckets: 131072  Batches: 16  Memory Usage: 3188kB
                    ->  Seq Scan on title t  (cost=0.00..67604.59 rows=987727 width=4) (actual time=0.032..1129.680 rows=985048 loops=1)
                          Filter: (kind_id < 7)
                          Rows Removed by Filter: 1543264
Planning time: 1.112 ms
Execution time: 18019.246 ms
