Hash Join  (cost=709678.15..1078036.41 rows=1166 width=0) (actual time=12086.976..17763.854 rows=49 loops=1)
  Hash Cond: (mi.movie_id = t.id)
  ->  Seq Scan on movie_info mi  (cost=0.00..346232.03 rows=5897221 width=4) (actual time=265.906..5357.693 rows=5884963 loops=1)
        Filter: (info_type_id < 7)
        Rows Removed by Filter: 8950757
  ->  Hash  (cost=709671.90..709671.90 rows=500 width=8) (actual time=11609.342..11609.342 rows=7 loops=1)
        Buckets: 1024  Batches: 1  Memory Usage: 9kB
        ->  Nested Loop  (cost=0.43..709671.90 rows=500 width=8) (actual time=3528.475..11609.263 rows=7 loops=1)
              ->  Seq Scan on cast_info ci  (cost=0.00..705507.15 rows=500 width=4) (actual time=3528.307..11608.907 rows=7 loops=1)
                    Filter: (person_id = 1253862)
                    Rows Removed by Filter: 36244337
              ->  Index Only Scan using title_pkey on title t  (cost=0.43..8.32 rows=1 width=4) (actual time=0.032..0.032 rows=1 loops=7)
                    Index Cond: (id = ci.movie_id)
                    Heap Fetches: 7
Planning time: 1.221 ms
Execution time: 17763.998 ms
