Hash Join  (cost=198387.28..229623.39 rows=21517 width=0) (actual time=3527.766..4448.120 rows=97065 loops=1)
  Hash Cond: (mi_idx.movie_id = t.id)
  ->  Seq Scan on movie_info_idx mi_idx  (cost=0.00..25185.44 rows=464934 width=4) (actual time=0.024..282.188 rows=460185 loops=1)
        Filter: (info_type_id > 100)
        Rows Removed by Filter: 919850
  ->  Hash  (cost=196466.54..196466.54 rows=117019 width=8) (actual time=3526.919..3526.919 rows=115342 loops=1)
        Buckets: 131072  Batches: 2  Memory Usage: 3278kB
        ->  Hash Join  (cost=102767.86..196466.54 rows=117019 width=8) (actual time=1853.660..3495.760 rows=115342 loops=1)
              Hash Cond: (mk.movie_id = t.id)
              ->  Seq Scan on movie_keyword mk  (cost=0.00..81003.12 rows=117019 width=4) (actual time=0.028..1216.399 rows=115342 loops=1)
                    Filter: (keyword_id > 79017)
                    Rows Removed by Filter: 4408588
              ->  Hash  (cost=61283.27..61283.27 rows=2528527 width=4) (actual time=1850.758..1850.758 rows=2528312 loops=1)
                    Buckets: 131072  Batches: 64  Memory Usage: 2425kB
                    ->  Seq Scan on title t  (cost=0.00..61283.27 rows=2528527 width=4) (actual time=0.021..980.569 rows=2528312 loops=1)
Planning time: 1.135 ms
Execution time: 4460.082 ms
