Hash Join  (cost=73982.55..100917.78 rows=2474 width=0) (actual time=1250.627..1610.018 rows=2730 loops=1)
  Hash Cond: (mi_idx.movie_id = t.id)
  ->  Seq Scan on movie_info_idx mi_idx  (cost=0.00..21735.35 rows=1380035 width=4) (actual time=0.024..329.983 rows=1380035 loops=1)
  ->  Hash  (cost=73925.90..73925.90 rows=4532 width=4) (actual time=1002.161..1002.161 rows=5918 loops=1)
        Buckets: 8192  Batches: 1  Memory Usage: 273kB
        ->  Seq Scan on title t  (cost=0.00..73925.90 rows=4532 width=4) (actual time=0.084..999.433 rows=5918 loops=1)
              Filter: ((kind_id = 7) AND (production_year = 1962))
              Rows Removed by Filter: 2522394
Planning time: 3.782 ms
Execution time: 1610.464 ms
