Seq Scan on movie_keyword mk  (cost=0.00..81003.12 rows=4227341 width=0) (actual time=0.028..1384.671 rows=4230423 loops=1)
  Filter: (keyword_id < 54930)
  Rows Removed by Filter: 293507
Planning time: 0.325 ms
Execution time: 1900.550 ms
