Hash Join  (cost=80166.74..160627.40 rows=392513 width=0) (actual time=1514.577..3987.992 rows=984800 loops=1)
  Hash Cond: (mc.movie_id = t.id)
  ->  Seq Scan on movie_companies mc  (cost=0.00..44881.29 rows=2609129 width=4) (actual time=0.024..936.960 rows=2609129 loops=1)
  ->  Hash  (cost=73925.90..73925.90 rows=380387 width=4) (actual time=1513.698..1513.698 rows=484820 loops=1)
        Buckets: 131072  Batches: 8  Memory Usage: 3166kB
        ->  Seq Scan on title t  (cost=0.00..73925.90 rows=380387 width=4) (actual time=0.028..1358.315 rows=484820 loops=1)
              Filter: ((kind_id < 7) AND (production_year < 1999))
              Rows Removed by Filter: 2043492
Planning time: 0.742 ms
Execution time: 4102.399 ms
