Hash Join  (cost=82955.72..216955.01 rows=984725 width=0) (actual time=2713.711..5397.004 rows=247643 loops=1)
  Hash Cond: (mk.movie_id = t.id)
  ->  Seq Scan on movie_keyword mk  (cost=0.00..69693.30 rows=4523930 width=4) (actual time=0.017..1506.663 rows=4523930 loops=1)
  ->  Hash  (cost=73925.90..73925.90 rows=550385 width=4) (actual time=1583.844..1583.844 rows=602403 loops=1)
        Buckets: 131072  Batches: 8  Memory Usage: 3678kB
        ->  Seq Scan on title t  (cost=0.00..73925.90 rows=550385 width=4) (actual time=0.021..1384.967 rows=602403 loops=1)
              Filter: ((production_year > 2006) AND (kind_id = 7))
              Rows Removed by Filter: 1925909
Planning time: 0.668 ms
Execution time: 5427.688 ms
