Hash Join  (cost=147972.58..272917.80 rows=241518 width=0) (actual time=3317.523..6690.163 rows=3192520 loops=1)
  Hash Cond: (mk.movie_id = t.id)
  ->  Seq Scan on movie_keyword mk  (cost=0.00..69693.30 rows=4523930 width=4) (actual time=0.025..1358.162 rows=4523930 loops=1)
  ->  Hash  (cost=145757.20..145757.20 rows=134990 width=8) (actual time=2889.459..2889.459 rows=76333 loops=1)
        Buckets: 131072  Batches: 2  Memory Usage: 2530kB
        ->  Hash Join  (cost=84284.84..145757.20 rows=134990 width=8) (actual time=1562.395..2866.474 rows=76333 loops=1)
              Hash Cond: (mc.movie_id = t.id)
              ->  Seq Scan on movie_companies mc  (cost=0.00..51404.11 rows=540626 width=4) (actual time=0.027..951.054 rows=538711 loops=1)
                    Filter: (company_id < 529)
                    Rows Removed by Filter: 2070418
              ->  Hash  (cost=73925.90..73925.90 rows=631355 width=4) (actual time=1561.238..1561.238 rows=634290 loops=1)
                    Buckets: 131072  Batches: 16  Memory Usage: 2416kB
                    ->  Seq Scan on title t  (cost=0.00..73925.90 rows=631355 width=4) (actual time=505.876..1359.619 rows=634290 loops=1)
                          Filter: ((production_year < 2013) AND (kind_id = 1))
                          Rows Removed by Filter: 1894022
Planning time: 1.117 ms
Execution time: 7095.455 ms
