Seq Scan on cast_info ci  (cost=0.00..796071.18 rows=434736 width=0) (actual time=9016.506..13858.898 rows=534720 loops=1)
  Filter: ((person_id > 1423205) AND (role_id = 6))
  Rows Removed by Filter: 35709624
Planning time: 0.368 ms
Execution time: 13922.716 ms
