Seq Scan on movie_keyword mk  (cost=0.00..81003.12 rows=3776123 width=0) (actual time=0.029..1614.568 rows=3770537 loops=1)
  Filter: (keyword_id < 24817)
  Rows Removed by Filter: 753393
Planning time: 0.347 ms
Execution time: 2094.026 ms
