Seq Scan on cast_info ci  (cost=0.00..796071.18 rows=3224867 width=0) (actual time=1361.105..12068.175 rows=3509492 loops=1)
  Filter: ((person_id < 356575) AND (role_id < 9))
  Rows Removed by Filter: 32734852
Planning time: 0.320 ms
Execution time: 12499.809 ms
