Hash Join  (cost=102767.86..200349.84 rows=1508546 width=0) (actual time=2853.290..6392.757 rows=1515505 loops=1)
  Hash Cond: (mc.movie_id = t.id)
  ->  Seq Scan on movie_companies mc  (cost=0.00..51404.11 rows=1508546 width=4) (actual time=0.025..1123.033 rows=1515505 loops=1)
        Filter: (company_id > 7340)
        Rows Removed by Filter: 1093624
  ->  Hash  (cost=61283.27..61283.27 rows=2528527 width=4) (actual time=2851.566..2851.566 rows=2528312 loops=1)
        Buckets: 131072  Batches: 64  Memory Usage: 2415kB
        ->  Seq Scan on title t  (cost=0.00..61283.27 rows=2528527 width=4) (actual time=0.024..1248.053 rows=2528312 loops=1)
Planning time: 0.669 ms
Execution time: 6572.760 ms
