Hash Join  (cost=79110.05..150567.73 rows=119905 width=0) (actual time=1894.732..2918.875 rows=218795 loops=1)
  Hash Cond: (mc.movie_id = t.id)
  ->  Seq Scan on movie_companies mc  (cost=0.00..57926.93 rows=959650 width=4) (actual time=496.311..1097.319 rows=648154 loops=1)
        Filter: ((company_id < 40543) AND (company_type_id > 1))
        Rows Removed by Filter: 1960975
  ->  Hash  (cost=73925.90..73925.90 rows=315932 width=4) (actual time=1397.353..1397.353 rows=433359 loops=1)
        Buckets: 131072  Batches: 8  Memory Usage: 2939kB
        ->  Seq Scan on title t  (cost=0.00..73925.90 rows=315932 width=4) (actual time=0.075..1258.534 rows=433359 loops=1)
              Filter: ((kind_id < 7) AND (production_year < 1995))
              Rows Removed by Filter: 2094953
Planning time: 0.749 ms
Execution time: 2943.938 ms
