Hash Join  (cost=102767.86..264431.95 rows=2941598 width=0) (actual time=1987.847..6050.789 rows=2935880 loops=1)
  Hash Cond: (mk.movie_id = t.id)
  ->  Seq Scan on movie_keyword mk  (cost=0.00..81003.12 rows=2941598 width=4) (actual time=0.018..1650.274 rows=2935880 loops=1)
        Filter: (keyword_id > 2436)
        Rows Removed by Filter: 1588050
  ->  Hash  (cost=61283.27..61283.27 rows=2528527 width=4) (actual time=1987.083..1987.083 rows=2528312 loops=1)
        Buckets: 131072  Batches: 64  Memory Usage: 2425kB
        ->  Seq Scan on title t  (cost=0.00..61283.27 rows=2528527 width=4) (actual time=0.015..1109.301 rows=2528312 loops=1)
Planning time: 0.696 ms
Execution time: 6365.281 ms
