Hash Join  (cost=165068.67..297187.66 rows=830396 width=0) (actual time=3869.218..10254.255 rows=12404196 loops=1)
  Hash Cond: (mk.movie_id = t.id)
  ->  Seq Scan on movie_keyword mk  (cost=0.00..69693.30 rows=4523930 width=4) (actual time=0.014..1399.419 rows=4523930 loops=1)
  ->  Hash  (cost=157454.08..157454.08 rows=464127 width=8) (actual time=3868.154..3868.154 rows=999104 loops=1)
        Buckets: 131072 (originally 131072)  Batches: 16 (originally 8)  Memory Usage: 3510kB
        ->  Hash Join  (cost=83810.17..157454.08 rows=464127 width=8) (actual time=1472.043..3542.046 rows=999104 loops=1)
              Hash Cond: (mc.movie_id = t.id)
              ->  Seq Scan on movie_companies mc  (cost=0.00..51404.11 rows=1188139 width=4) (actual time=0.013..885.233 rows=1197611 loops=1)
                    Filter: (company_id > 12363)
                    Rows Removed by Filter: 1411518
              ->  Hash  (cost=67604.59..67604.59 rows=987727 width=4) (actual time=1470.871..1470.871 rows=985048 loops=1)
                    Buckets: 131072  Batches: 16  Memory Usage: 3188kB
                    ->  Seq Scan on title t  (cost=0.00..67604.59 rows=987727 width=4) (actual time=0.019..1167.524 rows=985048 loops=1)
                          Filter: (kind_id < 7)
                          Rows Removed by Filter: 1543264
Planning time: 1.147 ms
Execution time: 11568.610 ms
