Hash Join  (cost=100858.46..465517.60 rows=322 width=0) (actual time=2154.825..8098.838 rows=1569 loops=1)
  Hash Cond: (mi.movie_id = t.id)
  ->  Seq Scan on movie_info mi  (cost=0.00..309384.22 rows=14739122 width=4) (actual time=0.022..4042.041 rows=14835720 loops=1)
  ->  Hash  (cost=100857.78..100857.78 rows=55 width=8) (actual time=1519.728..1519.728 rows=198 loops=1)
        Buckets: 1024  Batches: 1  Memory Usage: 16kB
        ->  Hash Join  (cost=73929.67..100857.78 rows=55 width=8) (actual time=1045.168..1519.558 rows=198 loops=1)
              Hash Cond: (mi_idx.movie_id = t.id)
              ->  Seq Scan on movie_info_idx mi_idx  (cost=0.00..25185.44 rows=464566 width=4) (actual time=0.021..402.715 rows=459925 loops=1)
                    Filter: (info_type_id = 101)
                    Rows Removed by Filter: 920110
              ->  Hash  (cost=73925.90..73925.90 rows=301 width=4) (actual time=1043.713..1043.713 rows=983 loops=1)
                    Buckets: 1024  Batches: 1  Memory Usage: 43kB
                    ->  Seq Scan on title t  (cost=0.00..73925.90 rows=301 width=4) (actual time=0.905..1043.160 rows=983 loops=1)
                          Filter: ((kind_id = 3) AND (production_year = 1965))
                          Rows Removed by Filter: 2527329
Planning time: 1.199 ms
Execution time: 8099.583 ms
