Hash Join  (cost=180711.98..220750.72 rows=136725 width=0) (actual time=3296.559..4312.458 rows=168954 loops=1)
  Hash Cond: (mi_idx.movie_id = t.id)
  ->  Seq Scan on movie_info_idx mi_idx  (cost=0.00..21735.35 rows=1380035 width=4) (actual time=0.020..436.025 rows=1380035 loops=1)
  ->  Hash  (cost=176601.60..176601.60 rows=250511 width=8) (actual time=3295.706..3295.706 rows=131732 loops=1)
        Buckets: 131072  Batches: 4  Memory Usage: 2316kB
        ->  Hash Join  (cost=102767.86..176601.60 rows=250511 width=8) (actual time=1898.272..3258.757 rows=131732 loops=1)
              Hash Cond: (mc.movie_id = t.id)
              ->  Seq Scan on movie_companies mc  (cost=0.00..57926.93 rows=250511 width=4) (actual time=0.029..905.368 rows=131732 loops=1)
                    Filter: ((company_id < 428) AND (company_type_id > 1))
                    Rows Removed by Filter: 2477397
              ->  Hash  (cost=61283.27..61283.27 rows=2528527 width=4) (actual time=1895.483..1895.483 rows=2528312 loops=1)
                    Buckets: 131072  Batches: 64  Memory Usage: 2415kB
                    ->  Seq Scan on title t  (cost=0.00..61283.27 rows=2528527 width=4) (actual time=0.021..1054.864 rows=2528312 loops=1)
Planning time: 1.203 ms
Execution time: 4334.146 ms
