Hash Join  (cost=149225.45..524037.27 rows=494441 width=0) (actual time=5984.506..10365.408 rows=2579720 loops=1)
  Hash Cond: (mi.movie_id = t.id)
  ->  Seq Scan on movie_info mi  (cost=0.00..346232.03 rows=1810770 width=4) (actual time=2442.664..5213.305 rows=1865632 loops=1)
        Filter: (info_type_id > 17)
        Rows Removed by Filter: 12970088
  ->  Hash  (cost=137898.08..137898.08 rows=690429 width=8) (actual time=3533.937..3533.937 rows=840130 loops=1)
        Buckets: 131072  Batches: 16  Memory Usage: 3098kB
        ->  Hash Join  (cost=88359.31..137898.08 rows=690429 width=8) (actual time=1723.665..3275.388 rows=840130 loops=1)
              Hash Cond: (mi_idx.movie_id = t.id)
              ->  Seq Scan on movie_info_idx mi_idx  (cost=0.00..21735.35 rows=1380035 width=4) (actual time=0.015..426.543 rows=1380035 loops=1)
              ->  Hash  (cost=67604.59..67604.59 rows=1265018 width=4) (actual time=1722.468..1722.468 rows=1263700 loops=1)
                    Buckets: 131072  Batches: 32  Memory Usage: 2410kB
                    ->  Seq Scan on title t  (cost=0.00..67604.59 rows=1265018 width=4) (actual time=0.039..1307.487 rows=1263700 loops=1)
                          Filter: (production_year < 2004)
                          Rows Removed by Filter: 1264612
Planning time: 1.092 ms
Execution time: 10654.971 ms
