Hash Join  (cost=87636.94..133155.46 rows=456104 width=0) (actual time=1548.486..2899.472 rows=798429 loops=1)
  Hash Cond: (mi_idx.movie_id = t.id)
  ->  Seq Scan on movie_info_idx mi_idx  (cost=0.00..21735.35 rows=1380035 width=4) (actual time=0.029..413.543 rows=1380035 loops=1)
  ->  Hash  (cost=73925.90..73925.90 rows=835683 width=4) (actual time=1547.577..1547.577 rows=749869 loops=1)
        Buckets: 131072  Batches: 16  Memory Usage: 2674kB
        ->  Seq Scan on title t  (cost=0.00..73925.90 rows=835683 width=4) (actual time=0.014..1308.544 rows=749869 loops=1)
              Filter: ((kind_id < 7) AND (production_year > 1966))
              Rows Removed by Filter: 1778443
Planning time: 0.566 ms
Execution time: 2995.397 ms
