Hash Join  (cost=88195.18..980173.97 rows=4197364 width=0) (actual time=1564.227..24965.970 rows=4669642 loops=1)
  Hash Cond: (ci.movie_id = t.id)
  ->  Seq Scan on cast_info ci  (cost=0.00..705507.15 rows=12203201 width=4) (actual time=0.011..14110.123 rows=12113646 loops=1)
        Filter: (role_id > 3)
        Rows Removed by Filter: 24130698
  ->  Hash  (cost=73925.90..73925.90 rows=869702 width=4) (actual time=1563.065..1563.065 rows=896788 loops=1)
        Buckets: 131072  Batches: 16  Memory Usage: 2998kB
        ->  Seq Scan on title t  (cost=0.00..73925.90 rows=869702 width=4) (actual time=0.030..1286.832 rows=896788 loops=1)
              Filter: ((kind_id < 7) AND (production_year < 2012))
              Rows Removed by Filter: 1631524
Planning time: 0.787 ms
Execution time: 25540.325 ms
