Seq Scan on movie_companies mc  (cost=0.00..57926.93 rows=760823 width=0) (actual time=0.024..1062.924 rows=979346 loops=1)
  Filter: ((company_id > 7846) AND (company_type_id = 2))
  Rows Removed by Filter: 1629783
Planning time: 0.337 ms
Execution time: 1184.923 ms
