Hash Join  (cost=1165061.38..2086502.76 rows=33112074 width=0) (actual time=25357.565..72161.114 rows=129572626 loops=1)
  Hash Cond: (mi.movie_id = t.id)
  ->  Seq Scan on movie_info mi  (cost=0.00..346232.03 rows=9767026 width=4) (actual time=0.020..7040.079 rows=9911754 loops=1)
        Filter: (info_type_id > 4)
        Rows Removed by Filter: 4923966
  ->  Hash  (cost=1024423.05..1024423.05 rows=8572187 width=8) (actual time=25352.647..25352.647 rows=8486314 loops=1)
        Buckets: 131072  Batches: 128  Memory Usage: 3627kB
        ->  Hash Join  (cost=102767.86..1024423.05 rows=8572187 width=8) (actual time=8803.798..22986.147 rows=8486314 loops=1)
              Hash Cond: (ci.movie_id = t.id)
              ->  Seq Scan on cast_info ci  (cost=0.00..705507.15 rows=8572187 width=4) (actual time=6817.024..13838.617 rows=8486314 loops=1)
                    Filter: (role_id > 5)
                    Rows Removed by Filter: 27758030
              ->  Hash  (cost=61283.27..61283.27 rows=2528527 width=4) (actual time=1985.307..1985.307 rows=2528312 loops=1)
                    Buckets: 131072  Batches: 64  Memory Usage: 2415kB
                    ->  Seq Scan on title t  (cost=0.00..61283.27 rows=2528527 width=4) (actual time=0.017..1131.929 rows=2528312 loops=1)
Planning time: 1.097 ms
Execution time: 86877.452 ms
