Seq Scan on movie_companies mc  (cost=0.00..57926.93 rows=51 width=0) (actual time=410.719..795.622 rows=289 loops=1)
  Filter: ((company_id = 1609) AND (company_type_id = 1))
  Rows Removed by Filter: 2608840
Planning time: 0.376 ms
Execution time: 795.817 ms
