Hash Join  (cost=74058.02..892365.27 rows=124346 width=0) (actual time=1114.780..20742.072 rows=139845 loops=1)
  Hash Cond: (ci.movie_id = t.id)
  ->  Seq Scan on cast_info ci  (cost=0.00..705507.15 rows=29748439 width=4) (actual time=0.022..13032.527 rows=29855953 loops=1)
        Filter: (person_id > 616342)
        Rows Removed by Filter: 6388391
  ->  Hash  (cost=73925.90..73925.90 rows=10569 width=4) (actual time=1114.587..1114.587 rows=10528 loops=1)
        Buckets: 16384  Batches: 1  Memory Usage: 499kB
        ->  Seq Scan on title t  (cost=0.00..73925.90 rows=10569 width=4) (actual time=0.022..1109.307 rows=10528 loops=1)
              Filter: ((kind_id < 7) AND (production_year = 1993))
              Rows Removed by Filter: 2517784
Planning time: 0.777 ms
Execution time: 20769.240 ms
