Hash Join  (cost=141953.15..215857.96 rows=289329 width=0) (actual time=3755.712..5513.495 rows=385302 loops=1)
  Hash Cond: (mc.movie_id = t.id)
  ->  Seq Scan on movie_companies mc  (cost=0.00..51404.11 rows=1534508 width=4) (actual time=0.016..1074.292 rows=1521294 loops=1)
        Filter: (company_id < 14267)
        Rows Removed by Filter: 1087835
  ->  Hash  (cost=134130.77..134130.77 rows=476750 width=8) (actual time=3584.839..3584.839 rows=237921 loops=1)
        Buckets: 131072  Batches: 8  Memory Usage: 2176kB
        ->  Hash Join  (cost=88257.79..134130.77 rows=476750 width=8) (actual time=1778.190..3506.796 rows=237921 loops=1)
              Hash Cond: (mi_idx.movie_id = t.id)
              ->  Seq Scan on movie_info_idx mi_idx  (cost=0.00..21735.35 rows=1380035 width=4) (actual time=0.014..445.849 rows=1380035 loops=1)
              ->  Hash  (cost=73925.90..73925.90 rows=873511 width=4) (actual time=1679.370..1679.370 rows=957299 loops=1)
                    Buckets: 131072  Batches: 16  Memory Usage: 3134kB
                    ->  Seq Scan on title t  (cost=0.00..73925.90 rows=873511 width=4) (actual time=0.020..1333.605 rows=957299 loops=1)
                          Filter: ((production_year > 1999) AND (kind_id = 7))
                          Rows Removed by Filter: 1571013
Planning time: 1.113 ms
Execution time: 5565.001 ms
