Hash Join  (cost=797557.90..1162224.09 rows=1026 width=0) (actual time=11160.497..18251.957 rows=2109 loops=1)
  Hash Cond: (mi.movie_id = t.id)
  ->  Seq Scan on movie_info mi  (cost=0.00..309384.22 rows=14739122 width=4) (actual time=0.012..4443.319 rows=14835720 loops=1)
  ->  Hash  (cost=797555.70..797555.70 rows=176 width=8) (actual time=11104.746..11104.746 rows=36 loops=1)
        Buckets: 1024  Batches: 1  Memory Usage: 10kB
        ->  Nested Loop  (cost=0.43..797555.70 rows=176 width=8) (actual time=7352.851..11104.692 rows=36 loops=1)
              ->  Seq Scan on cast_info ci  (cost=0.00..796071.18 rows=176 width=4) (actual time=7352.680..11103.543 rows=36 loops=1)
                    Filter: ((person_id = 853859) AND (role_id = 1))
                    Rows Removed by Filter: 36244308
              ->  Index Only Scan using title_pkey on title t  (cost=0.43..8.42 rows=1 width=4) (actual time=0.028..0.029 rows=1 loops=36)
                    Index Cond: (id = ci.movie_id)
                    Heap Fetches: 36
Planning time: 5.221 ms
Execution time: 18252.538 ms
