Hash Join  (cost=78325.14..574806.92 rows=1562785 width=0) (actual time=1149.189..13401.563 rows=771090 loops=1)
  Hash Cond: (mi.movie_id = t.id)
  ->  Seq Scan on movie_info mi  (cost=0.00..309384.22 rows=14739122 width=4) (actual time=0.018..5934.707 rows=14835720 loops=1)
  ->  Hash  (cost=73925.90..73925.90 rows=268099 width=4) (actual time=1148.304..1148.304 rows=161686 loops=1)
        Buckets: 131072  Batches: 4  Memory Usage: 2450kB
        ->  Seq Scan on title t  (cost=0.00..73925.90 rows=268099 width=4) (actual time=0.034..1088.660 rows=161686 loops=1)
              Filter: ((production_year < 1975) AND (kind_id = 7))
              Rows Removed by Filter: 2366626
Planning time: 2.040 ms
Execution time: 13492.275 ms
