Hash Join  (cost=190230.21..322170.01 rows=1460490 width=0) (actual time=4292.530..8727.044 rows=6150948 loops=1)
  Hash Cond: (mk.movie_id = t.id)
  ->  Seq Scan on movie_keyword mk  (cost=0.00..81003.12 rows=2675939 width=4) (actual time=0.024..1675.377 rows=2670883 loops=1)
        Filter: (keyword_id < 7469)
        Rows Removed by Filter: 1853047
  ->  Hash  (cost=167588.78..167588.78 rows=1380035 width=8) (actual time=4291.347..4291.347 rows=1380035 loops=1)
        Buckets: 131072  Batches: 32  Memory Usage: 2726kB
        ->  Hash Join  (cost=102767.86..167588.78 rows=1380035 width=8) (actual time=1936.282..3881.542 rows=1380035 loops=1)
              Hash Cond: (mi_idx.movie_id = t.id)
              ->  Seq Scan on movie_info_idx mi_idx  (cost=0.00..21735.35 rows=1380035 width=4) (actual time=0.024..465.208 rows=1380035 loops=1)
              ->  Hash  (cost=61283.27..61283.27 rows=2528527 width=4) (actual time=1934.631..1934.631 rows=2528312 loops=1)
                    Buckets: 131072  Batches: 64  Memory Usage: 2415kB
                    ->  Seq Scan on title t  (cost=0.00..61283.27 rows=2528527 width=4) (actual time=0.019..1087.942 rows=2528312 loops=1)
Planning time: 1.181 ms
Execution time: 9410.644 ms
