Seq Scan on movie_companies mc  (cost=0.00..57926.93 rows=455758 width=0) (actual time=0.025..895.606 rows=657613 loops=1)
  Filter: ((company_id < 3298) AND (company_type_id = 1))
  Rows Removed by Filter: 1951516
Planning time: 0.406 ms
Execution time: 979.143 ms
