Hash Join  (cost=709678.15..796345.14 rows=895 width=0) (actual time=11448.147..12641.706 rows=196 loops=1)
  Hash Cond: (mk.movie_id = t.id)
  ->  Seq Scan on movie_keyword mk  (cost=0.00..69693.30 rows=4523930 width=4) (actual time=0.016..1000.328 rows=4523930 loops=1)
  ->  Hash  (cost=709671.90..709671.90 rows=500 width=8) (actual time=10926.445..10926.445 rows=5 loops=1)
        Buckets: 1024  Batches: 1  Memory Usage: 9kB
        ->  Nested Loop  (cost=0.43..709671.90 rows=500 width=8) (actual time=3776.107..10926.408 rows=5 loops=1)
              ->  Seq Scan on cast_info ci  (cost=0.00..705507.15 rows=500 width=4) (actual time=3775.923..10926.115 rows=5 loops=1)
                    Filter: (person_id = 2131639)
                    Rows Removed by Filter: 36244339
              ->  Index Only Scan using title_pkey on title t  (cost=0.43..8.32 rows=1 width=4) (actual time=0.038..0.039 rows=1 loops=5)
                    Index Cond: (id = ci.movie_id)
                    Heap Fetches: 5
Planning time: 0.934 ms
Execution time: 12641.809 ms
