Hash Join  (cost=105465.86..166493.51 rows=1259512 width=0) (actual time=2036.596..3885.028 rows=1305775 loops=1)
  Hash Cond: (mi_idx.movie_id = t.id)
  ->  Seq Scan on movie_info_idx mi_idx  (cost=0.00..21735.35 rows=1380035 width=4) (actual time=0.022..418.367 rows=1380035 loops=1)
  ->  Hash  (cost=67604.59..67604.59 rows=2307702 width=4) (actual time=2035.221..2035.221 rows=2301012 loops=1)
        Buckets: 131072  Batches: 32  Memory Usage: 3556kB
        ->  Seq Scan on title t  (cost=0.00..67604.59 rows=2307702 width=4) (actual time=0.012..1289.681 rows=2301012 loops=1)
              Filter: (production_year > 1946)
              Rows Removed by Filter: 227300
Planning time: 0.765 ms
Execution time: 4038.852 ms
