Hash Join  (cost=83072.36..951293.46 rows=43 width=0) (actual time=1344.334..19239.895 rows=607 loops=1)
  Hash Cond: (ci.movie_id = t.id)
  ->  Seq Scan on cast_info ci  (cost=0.00..796071.18 rows=19239855 width=4) (actual time=0.017..15493.015 rows=18419641 loops=1)
        Filter: ((person_id > 691816) AND (role_id < 4))
        Rows Removed by Filter: 17824703
  ->  Hash  (cost=83072.29..83072.29 rows=6 width=8) (actual time=1287.857..1287.857 rows=25 loops=1)
        Buckets: 1024  Batches: 1  Memory Usage: 9kB
        ->  Nested Loop  (cost=0.43..83072.29 rows=6 width=8) (actual time=67.423..1287.794 rows=25 loops=1)
              ->  Seq Scan on movie_keyword mk  (cost=0.00..81003.12 rows=246 width=4) (actual time=0.909..1261.194 rows=1021 loops=1)
                    Filter: (keyword_id = 3537)
                    Rows Removed by Filter: 4522909
              ->  Index Scan using title_pkey on title t  (cost=0.43..8.40 rows=1 width=4) (actual time=0.025..0.025 rows=0 loops=1021)
                    Index Cond: (id = mk.movie_id)
                    Filter: (production_year = 2001)
                    Rows Removed by Filter: 1
Planning time: 0.857 ms
Execution time: 19240.518 ms
