Hash Join  (cost=492833.85..1364972.99 rows=1757109 width=0) (actual time=15204.345..29420.718 rows=4023410 loops=1)
  Hash Cond: (ci.movie_id = t.id)
  ->  Seq Scan on cast_info ci  (cost=0.00..796071.18 rows=4742629 width=4) (actual time=6103.576..14008.457 rows=9733972 loops=1)
        Filter: ((person_id < 1326999) AND (role_id = 1))
        Rows Removed by Filter: 26510372
  ->  Hash  (cost=477463.84..477463.84 rows=936801 width=8) (actual time=9099.855..9099.855 rows=867241 loops=1)
        Buckets: 131072  Batches: 16  Memory Usage: 3136kB
        ->  Hash Join  (cost=98347.17..477463.84 rows=936801 width=8) (actual time=2177.228..8839.978 rows=867241 loops=1)
              Hash Cond: (mi.movie_id = t.id)
              ->  Seq Scan on movie_info mi  (cost=0.00..346232.03 rows=1264125 width=4) (actual time=175.366..5532.517 rows=1288928 loops=1)
                    Filter: (info_type_id = 2)
                    Rows Removed by Filter: 13546792
              ->  Hash  (cost=67604.59..67604.59 rows=1873807 width=4) (actual time=2001.068..2001.068 rows=1871198 loops=1)
                    Buckets: 131072  Batches: 32  Memory Usage: 3097kB
                    ->  Seq Scan on title t  (cost=0.00..67604.59 rows=1873807 width=4) (actual time=0.020..1377.500 rows=1871198 loops=1)
                          Filter: (production_year > 1984)
                          Rows Removed by Filter: 657114
Planning time: 1.178 ms
Execution time: 29899.941 ms
