Hash Join  (cost=537070.26..1769897.83 rows=6150133 width=0) (actual time=11697.264..43892.733 rows=10130276 loops=1)
  Hash Cond: (ci.movie_id = t.id)
  ->  Seq Scan on cast_info ci  (cost=0.00..614943.12 rows=36225612 width=4) (actual time=0.019..13516.113 rows=36244344 loops=1)
  ->  Hash  (cost=530027.31..530027.31 rows=429276 width=8) (actual time=11696.341..11696.341 rows=704791 loops=1)
        Buckets: 131072 (originally 131072)  Batches: 16 (originally 8)  Memory Usage: 3073kB
        ->  Hash Join  (cost=69484.36..530027.31 rows=429276 width=8) (actual time=1305.056..11455.409 rows=704791 loops=1)
              Hash Cond: (mi.movie_id = t.id)
              ->  Seq Scan on movie_info mi  (cost=0.00..346232.03 rows=9476311 width=4) (actual time=93.967..6403.963 rows=9565151 loops=1)
                    Filter: (info_type_id < 16)
                    Rows Removed by Filter: 5270569
              ->  Hash  (cost=67604.59..67604.59 rows=114542 width=4) (actual time=1103.837..1103.837 rows=118234 loops=1)
                    Buckets: 131072  Batches: 2  Memory Usage: 3107kB
                    ->  Seq Scan on title t  (cost=0.00..67604.59 rows=114542 width=4) (actual time=298.622..1061.475 rows=118234 loops=1)
                          Filter: (kind_id = 4)
                          Rows Removed by Filter: 2410078
Planning time: 1.253 ms
Execution time: 44940.115 ms
