Seq Scan on movie_companies mc  (cost=0.00..57926.93 rows=53 width=0) (actual time=437.443..855.099 rows=540 loops=1)
  Filter: ((company_id = 1475) AND (company_type_id = 2))
  Rows Removed by Filter: 2608589
Planning time: 0.403 ms
Execution time: 855.342 ms
