Nested Loop  (cost=0.43..52283.69 rows=104 width=0) (actual time=77.984..897.168 rows=151 loops=1)
  ->  Seq Scan on movie_companies mc  (cost=0.00..51404.11 rows=104 width=4) (actual time=77.897..891.552 rows=151 loops=1)
        Filter: (company_id = 1075)
        Rows Removed by Filter: 2608978
  ->  Index Only Scan using title_pkey on title t  (cost=0.43..8.45 rows=1 width=4) (actual time=0.034..0.035 rows=1 loops=151)
        Index Cond: (id = mc.movie_id)
        Heap Fetches: 151
Planning time: 0.820 ms
Execution time: 897.319 ms
