Nested Loop  (cost=0.43..83071.67 rows=246 width=0) (actual time=0.824..1533.891 rows=2070 loops=1)
  ->  Seq Scan on movie_keyword mk  (cost=0.00..81003.12 rows=246 width=4) (actual time=0.747..1418.816 rows=2070 loops=1)
        Filter: (keyword_id = 536)
        Rows Removed by Filter: 4521860
  ->  Index Only Scan using title_pkey on title t  (cost=0.43..8.40 rows=1 width=4) (actual time=0.054..0.055 rows=1 loops=2070)
        Index Cond: (id = mk.movie_id)
        Heap Fetches: 2070
Planning time: 6.209 ms
Execution time: 1534.642 ms
