Hash Join  (cost=72333.74..104501.35 rows=52551 width=0) (actual time=1191.791..1924.519 rows=53902 loops=1)
  Hash Cond: (mi_idx.movie_id = t.id)
  ->  Seq Scan on movie_info_idx mi_idx  (cost=0.00..25185.44 rows=460978 width=4) (actual time=0.021..472.087 rows=459925 loops=1)
        Filter: (info_type_id < 100)
        Rows Removed by Filter: 920110
  ->  Hash  (cost=67604.59..67604.59 rows=288252 width=4) (actual time=1191.012..1191.012 rows=285055 loops=1)
        Buckets: 131072  Batches: 4  Memory Usage: 3527kB
        ->  Seq Scan on title t  (cost=0.00..67604.59 rows=288252 width=4) (actual time=0.017..1100.000 rows=285055 loops=1)
              Filter: (production_year < 1964)
              Rows Removed by Filter: 2243257
Planning time: 0.765 ms
Execution time: 1931.518 ms
