Seq Scan on cast_info ci  (cost=0.00..705507.15 rows=32799999 width=0) (actual time=0.110..14415.033 rows=32940213 loops=1)
  Filter: (person_id > 318349)
  Rows Removed by Filter: 3304131
Planning time: 0.317 ms
Execution time: 18499.592 ms
