Seq Scan on movie_keyword mk  (cost=0.00..81003.12 rows=2861203 width=0) (actual time=0.016..1476.516 rows=2851195 loops=1)
  Filter: (keyword_id < 8708)
  Rows Removed by Filter: 1672735
Planning time: 0.288 ms
Execution time: 1828.188 ms
