Seq Scan on movie_keyword mk  (cost=0.00..81003.12 rows=246 width=0) (actual time=0.832..1223.865 rows=3346 loops=1)
  Filter: (keyword_id = 85)
  Rows Removed by Filter: 4520584
Planning time: 0.364 ms
Execution time: 1224.841 ms
