Hash Join  (cost=709676.72..738309.67 rows=104 width=0) (actual time=10518.766..11029.149 rows=2 loops=1)
  Hash Cond: (mi_idx.movie_id = t.id)
  ->  Seq Scan on movie_info_idx mi_idx  (cost=0.00..25185.44 rows=919057 width=4) (actual time=0.030..506.591 rows=920110 loops=1)
        Filter: (info_type_id > 99)
        Rows Removed by Filter: 459925
  ->  Hash  (cost=709673.15..709673.15 rows=286 width=8) (actual time=10400.297..10400.297 rows=1 loops=1)
        Buckets: 1024  Batches: 1  Memory Usage: 9kB
        ->  Nested Loop  (cost=0.43..709673.15 rows=286 width=8) (actual time=2050.420..10400.283 rows=1 loops=1)
              ->  Seq Scan on cast_info ci  (cost=0.00..705507.15 rows=500 width=4) (actual time=2049.853..10399.334 rows=26 loops=1)
                    Filter: (person_id = 3613572)
                    Rows Removed by Filter: 36244318
              ->  Index Scan using title_pkey on title t  (cost=0.43..8.32 rows=1 width=4) (actual time=0.035..0.035 rows=0 loops=26)
                    Index Cond: (id = ci.movie_id)
                    Filter: (production_year < 2006)
                    Rows Removed by Filter: 1
Planning time: 1.187 ms
Execution time: 11029.260 ms
