Nested Loop  (cost=0.43..83072.29 rows=32 width=0) (actual time=0.401..1383.322 rows=988 loops=1)
  ->  Seq Scan on movie_keyword mk  (cost=0.00..81003.12 rows=246 width=4) (actual time=0.092..1232.883 rows=4606 loops=1)
        Filter: (keyword_id = 228)
        Rows Removed by Filter: 4519324
  ->  Index Scan using title_pkey on title t  (cost=0.43..8.40 rows=1 width=4) (actual time=0.032..0.032 rows=0 loops=4606)
        Index Cond: (id = mk.movie_id)
        Filter: (production_year < 1967)
        Rows Removed by Filter: 1
Planning time: 0.681 ms
Execution time: 1383.781 ms
