Hash Join  (cost=167671.68..536757.85 rows=73957 width=0) (actual time=3229.512..9897.040 rows=138802 loops=1)
  Hash Cond: (mi.movie_id = t.id)
  ->  Seq Scan on movie_info mi  (cost=0.00..346232.03 rows=5897221 width=4) (actual time=0.012..5646.573 rows=5884963 loops=1)
        Filter: (info_type_id < 7)
        Rows Removed by Filter: 8950757
  ->  Hash  (cost=167275.31..167275.31 rows=31710 width=8) (actual time=3226.665..3226.665 rows=20168 loops=1)
        Buckets: 32768  Batches: 1  Memory Usage: 1044kB
        ->  Hash Join  (cost=74246.92..167275.31 rows=31710 width=8) (actual time=1185.506..3218.997 rows=20168 loops=1)
              Hash Cond: (mk.movie_id = t.id)
              ->  Seq Scan on movie_keyword mk  (cost=0.00..81003.12 rows=3122178 width=4) (actual time=0.013..1508.665 rows=3108143 loops=1)
                    Filter: (keyword_id < 11799)
                    Rows Removed by Filter: 1415787
              ->  Hash  (cost=73925.90..73925.90 rows=25681 width=4) (actual time=1184.310..1184.310 rows=23707 loops=1)
                    Buckets: 32768  Batches: 1  Memory Usage: 1090kB
                    ->  Seq Scan on title t  (cost=0.00..73925.90 rows=25681 width=4) (actual time=1.621..1174.044 rows=23707 loops=1)
                          Filter: ((kind_id < 7) AND (production_year = 2013))
                          Rows Removed by Filter: 2504605
Planning time: 2.775 ms
Execution time: 9914.320 ms
