Hash Join  (cost=73950.44..160643.60 rows=3512 width=0) (actual time=1028.087..2764.607 rows=27456 loops=1)
  Hash Cond: (mk.movie_id = t.id)
  ->  Seq Scan on movie_keyword mk  (cost=0.00..69693.30 rows=4523930 width=4) (actual time=0.013..989.378 rows=4523930 loops=1)
  ->  Hash  (cost=73925.90..73925.90 rows=1963 width=4) (actual time=1027.206..1027.206 rows=4643 loops=1)
        Buckets: 8192 (originally 2048)  Batches: 1 (originally 1)  Memory Usage: 228kB
        ->  Seq Scan on title t  (cost=0.00..73925.90 rows=1963 width=4) (actual time=358.955..1025.097 rows=4643 loops=1)
              Filter: ((kind_id = 1) AND (production_year = 1986))
              Rows Removed by Filter: 2523669
Planning time: 0.801 ms
Execution time: 2768.149 ms
