Hash Join  (cost=102767.86..195599.44 rows=1040040 width=0) (actual time=1939.442..4635.903 rows=1274246 loops=1)
  Hash Cond: (mc.movie_id = t.id)
  ->  Seq Scan on movie_companies mc  (cost=0.00..57926.93 rows=1040040 width=4) (actual time=0.019..1250.535 rows=1274246 loops=1)
        Filter: ((company_id < 74656) AND (company_type_id = 1))
        Rows Removed by Filter: 1334883
  ->  Hash  (cost=61283.27..61283.27 rows=2528527 width=4) (actual time=1938.375..1938.375 rows=2528312 loops=1)
        Buckets: 131072  Batches: 64  Memory Usage: 2415kB
        ->  Seq Scan on title t  (cost=0.00..61283.27 rows=2528527 width=4) (actual time=0.018..1086.297 rows=2528312 loops=1)
Planning time: 1.900 ms
Execution time: 4790.404 ms
