Hash Join  (cost=151592.56..1201147.81 rows=1533308 width=0) (actual time=2796.760..32979.336 rows=5898889 loops=1)
  Hash Cond: (ci.movie_id = t.id)
  ->  Seq Scan on cast_info ci  (cost=0.00..614943.12 rows=36225612 width=4) (actual time=0.024..13612.035 rows=36244344 loops=1)
  ->  Hash  (cost=149835.76..149835.76 rows=107024 width=8) (actual time=2795.952..2795.952 rows=169217 loops=1)
        Buckets: 131072 (originally 131072)  Batches: 4 (originally 2)  Memory Usage: 3073kB
        ->  Hash Join  (cost=83810.17..149835.76 rows=107024 width=8) (actual time=1451.880..2739.704 rows=169217 loops=1)
              Hash Cond: (mc.movie_id = t.id)
              ->  Seq Scan on movie_companies mc  (cost=0.00..57926.93 rows=273976 width=4) (actual time=0.030..850.512 rows=411101 loops=1)
                    Filter: ((company_id < 578) AND (company_type_id < 2))
                    Rows Removed by Filter: 2198028
              ->  Hash  (cost=67604.59..67604.59 rows=987727 width=4) (actual time=1450.875..1450.875 rows=985048 loops=1)
                    Buckets: 131072  Batches: 16  Memory Usage: 3188kB
                    ->  Seq Scan on title t  (cost=0.00..67604.59 rows=987727 width=4) (actual time=0.014..1146.734 rows=985048 loops=1)
                          Filter: (kind_id < 7)
                          Rows Removed by Filter: 1543264
Planning time: 1.163 ms
Execution time: 33660.120 ms
