Seq Scan on movie_companies mc  (cost=0.00..51404.11 rows=1765875 width=0) (actual time=0.025..982.034 rows=1771028 loops=1)
  Filter: (company_id > 2179)
  Rows Removed by Filter: 838101
Planning time: 0.320 ms
Execution time: 1192.225 ms
