Hash Join  (cost=130647.37..1201813.75 rows=3637118 width=0) (actual time=2789.150..39275.674 rows=14223318 loops=1)
  Hash Cond: (ci.movie_id = t.id)
  ->  Seq Scan on cast_info ci  (cost=0.00..614943.12 rows=36225612 width=4) (actual time=0.015..13565.065 rows=36244344 loops=1)
  ->  Hash  (cost=126482.01..126482.01 rows=253869 width=8) (actual time=2788.277..2788.277 rows=532248 loops=1)
        Buckets: 131072 (originally 131072)  Batches: 8 (originally 4)  Memory Usage: 3640kB
        ->  Hash Join  (cost=85435.26..126482.01 rows=253869 width=8) (actual time=1464.839..2649.760 rows=532248 loops=1)
              Hash Cond: (mi_idx.movie_id = t.id)
              ->  Seq Scan on movie_info_idx mi_idx  (cost=0.00..25185.44 rows=915101 width=4) (actual time=0.022..517.884 rows=919850 loops=1)
                    Filter: (info_type_id < 101)
                    Rows Removed by Filter: 460185
              ->  Hash  (cost=73925.90..73925.90 rows=701468 width=4) (actual time=1463.676..1463.676 rows=749931 loops=1)
                    Buckets: 131072  Batches: 16  Memory Usage: 2673kB
                    ->  Seq Scan on title t  (cost=0.00..73925.90 rows=701468 width=4) (actual time=0.029..1236.302 rows=749931 loops=1)
                          Filter: ((kind_id < 7) AND (production_year < 2009))
                          Rows Removed by Filter: 1778381
Planning time: 2.527 ms
Execution time: 40832.436 ms
