Seq Scan on movie_keyword mk  (cost=0.00..81003.12 rows=2242046 width=0) (actual time=0.022..1518.754 rows=2237668 loops=1)
  Filter: (keyword_id < 4608)
  Rows Removed by Filter: 2286262
Planning time: 0.306 ms
Execution time: 1801.020 ms
