Hash Join  (cost=182771.18..990527.99 rows=944499 width=0) (actual time=3355.997..19888.517 rows=1095961 loops=1)
  Hash Cond: (ci.movie_id = t.id)
  ->  Seq Scan on cast_info ci  (cost=0.00..705507.15 rows=7924446 width=4) (actual time=0.017..12714.397 rows=7907889 loops=1)
        Filter: (person_id > 2888288)
        Rows Removed by Filter: 28336455
  ->  Hash  (cost=177826.05..177826.05 rows=301370 width=8) (actual time=3355.238..3355.238 rows=162531 loops=1)
        Buckets: 131072  Batches: 4  Memory Usage: 2617kB
        ->  Hash Join  (cost=102767.86..177826.05 rows=301370 width=8) (actual time=1973.304..3313.007 rows=162531 loops=1)
              Hash Cond: (mc.movie_id = t.id)
              ->  Seq Scan on movie_companies mc  (cost=0.00..57926.93 rows=301370 width=4) (actual time=0.017..875.040 rows=162531 loops=1)
                    Filter: ((company_id < 677) AND (company_type_id = 2))
                    Rows Removed by Filter: 2446598
              ->  Hash  (cost=61283.27..61283.27 rows=2528527 width=4) (actual time=1971.540..1971.540 rows=2528312 loops=1)
                    Buckets: 131072  Batches: 64  Memory Usage: 2415kB
                    ->  Seq Scan on title t  (cost=0.00..61283.27 rows=2528527 width=4) (actual time=0.013..1111.125 rows=2528312 loops=1)
Planning time: 1.194 ms
Execution time: 20023.887 ms
