Hash Join  (cost=158153.55..275642.03 rows=617335 width=0) (actual time=3680.903..7717.849 rows=3226802 loops=1)
  Hash Cond: (mk.movie_id = t.id)
  ->  Seq Scan on movie_keyword mk  (cost=0.00..81003.12 rows=2401867 width=4) (actual time=0.025..1677.237 rows=2405535 loops=1)
        Filter: (keyword_id < 5606)
        Rows Removed by Filter: 2118395
  ->  Hash  (cost=147490.93..147490.93 rows=649890 width=8) (actual time=3680.077..3680.077 rows=751382 loops=1)
        Buckets: 131072  Batches: 16  Memory Usage: 2879kB
        ->  Hash Join  (cost=97066.09..147490.93 rows=649890 width=8) (actual time=1879.686..3452.229 rows=751382 loops=1)
              Hash Cond: (mi_idx.movie_id = t.id)
              ->  Seq Scan on movie_info_idx mi_idx  (cost=0.00..25185.44 rows=915101 width=4) (actual time=0.046..554.482 rows=919850 loops=1)
                    Filter: (info_type_id < 101)
                    Rows Removed by Filter: 460185
              ->  Hash  (cost=67604.59..67604.59 rows=1795720 width=4) (actual time=1878.728..1878.728 rows=1794153 loops=1)
                    Buckets: 131072  Batches: 32  Memory Usage: 2992kB
                    ->  Seq Scan on title t  (cost=0.00..67604.59 rows=1795720 width=4) (actual time=0.023..1306.036 rows=1794153 loops=1)
                          Filter: (production_year < 2009)
                          Rows Removed by Filter: 734159
Planning time: 1.207 ms
Execution time: 8099.973 ms
