Hash Join  (cost=217858.32..1460338.60 rows=16624057 width=0) (actual time=4843.211..48088.512 rows=28762646 loops=1)
  Hash Cond: (ci.movie_id = t.id)
  ->  Seq Scan on cast_info ci  (cost=0.00..705507.15 rows=31614017 width=4) (actual time=0.024..16711.866 rows=31742271 loops=1)
        Filter: (person_id > 434646)
        Rows Removed by Filter: 4502073
  ->  Hash  (cost=196044.17..196044.17 rows=1329612 width=8) (actual time=4842.446..4842.446 rows=1334883 loops=1)
        Buckets: 131072  Batches: 32  Memory Usage: 2639kB
        ->  Hash Join  (cost=102767.86..196044.17 rows=1329612 width=8) (actual time=2125.852..4452.165 rows=1334883 loops=1)
              Hash Cond: (mc.movie_id = t.id)
              ->  Seq Scan on movie_companies mc  (cost=0.00..51404.11 rows=1329612 width=4) (actual time=207.894..999.513 rows=1334883 loops=1)
                    Filter: (company_type_id > 1)
                    Rows Removed by Filter: 1274246
              ->  Hash  (cost=61283.27..61283.27 rows=2528527 width=4) (actual time=1916.804..1916.804 rows=2528312 loops=1)
                    Buckets: 131072  Batches: 64  Memory Usage: 2415kB
                    ->  Seq Scan on title t  (cost=0.00..61283.27 rows=2528527 width=4) (actual time=0.021..1069.072 rows=2528312 loops=1)
Planning time: 1.144 ms
Execution time: 51334.190 ms
