Seq Scan on cast_info ci  (cost=0.00..705507.15 rows=500 width=0) (actual time=10344.767..11112.055 rows=44 loops=1)
  Filter: (person_id = 656690)
  Rows Removed by Filter: 36244300
Planning time: 0.394 ms
Execution time: 11112.176 ms
