Seq Scan on cast_info ci  (cost=0.00..705507.15 rows=500 width=0) (actual time=4171.005..11354.222 rows=5 loops=1)
  Filter: (person_id = 2415104)
  Rows Removed by Filter: 36244339
Planning time: 0.384 ms
Execution time: 11354.297 ms
