Hash Join  (cost=129298.17..883555.68 rows=102764 width=0) (actual time=8724.828..18478.923 rows=432440 loops=1)
  Hash Cond: (ci.movie_id = t.id)
  ->  Seq Scan on cast_info ci  (cost=0.00..705507.15 rows=12726058 width=4) (actual time=6718.864..13544.677 rows=12670688 loops=1)
        Filter: (role_id = 1)
        Rows Removed by Filter: 23573656
  ->  Hash  (cost=129042.95..129042.95 rows=20418 width=8) (actual time=2005.659..2005.659 rows=31698 loops=1)
        Buckets: 32768  Batches: 1  Memory Usage: 1495kB
        ->  Hash Join  (cost=74173.24..129042.95 rows=20418 width=8) (actual time=959.161..1994.792 rows=31698 loops=1)
              Hash Cond: (mc.movie_id = t.id)
              ->  Seq Scan on movie_companies mc  (cost=0.00..44881.29 rows=2609129 width=4) (actual time=0.019..508.305 rows=2609129 loops=1)
              ->  Hash  (cost=73925.90..73925.90 rows=19787 width=4) (actual time=958.928..958.928 rows=15791 loops=1)
                    Buckets: 32768  Batches: 1  Memory Usage: 812kB
                    ->  Seq Scan on title t  (cost=0.00..73925.90 rows=19787 width=4) (actual time=0.882..952.188 rows=15791 loops=1)
                          Filter: ((kind_id < 7) AND (production_year = 1999))
                          Rows Removed by Filter: 2512521
Planning time: 0.805 ms
Execution time: 18536.795 ms
