Seq Scan on cast_info ci  (cost=0.00..796071.18 rows=7781081 width=0) (actual time=156.508..13968.537 rows=2520289 loops=1)
  Filter: ((person_id > 1383492) AND (role_id < 2))
  Rows Removed by Filter: 33724055
Planning time: 2.217 ms
Execution time: 14200.375 ms
