Hash Join  (cost=177866.57..1303919.61 rows=8980088 width=0) (actual time=4995.324..46902.568 rows=40827336 loops=1)
  Hash Cond: (ci.movie_id = t.id)
  ->  Seq Scan on cast_info ci  (cost=0.00..614943.12 rows=36225612 width=4) (actual time=0.016..12657.381 rows=36244344 loops=1)
  ->  Hash  (cost=167582.50..167582.50 rows=626805 width=8) (actual time=4994.447..4994.447 rows=1387914 loops=1)
        Buckets: 131072 (originally 131072)  Batches: 32 (originally 16)  Memory Usage: 3073kB
        ->  Hash Join  (cost=83891.93..167582.50 rows=626805 width=8) (actual time=1855.239..4560.834 rows=1387914 loops=1)
              Hash Cond: (mc.movie_id = t.id)
              ->  Seq Scan on movie_companies mc  (cost=0.00..44881.29 rows=2609129 width=4) (actual time=0.011..871.304 rows=2609129 loops=1)
              ->  Hash  (cost=73925.90..73925.90 rows=607442 width=4) (actual time=1854.447..1854.447 rows=675690 loops=1)
                    Buckets: 131072  Batches: 8  Memory Usage: 4012kB
                    ->  Seq Scan on title t  (cost=0.00..73925.90 rows=607442 width=4) (actual time=0.017..1258.333 rows=675690 loops=1)
                          Filter: ((kind_id < 7) AND (production_year < 2007))
                          Rows Removed by Filter: 1852622
Planning time: 1.195 ms
Execution time: 51433.140 ms
