Hash Join  (cost=139641.83..849501.20 rows=4138 width=0) (actual time=3800.622..12530.254 rows=2827 loops=1)
  Hash Cond: (ci.movie_id = t.id)
  ->  Seq Scan on cast_info ci  (cost=0.00..705507.15 rows=1149559 width=4) (actual time=1599.526..10160.964 rows=1093558 loops=1)
        Filter: (role_id = 9)
        Rows Removed by Filter: 35150786
  ->  Hash  (cost=139528.06..139528.06 rows=9101 width=8) (actual time=2198.823..2198.823 rows=2600 loops=1)
        Buckets: 16384  Batches: 1  Memory Usage: 230kB
        ->  Hash Join  (cost=85000.09..139528.06 rows=9101 width=8) (actual time=1465.132..2197.825 rows=2600 loops=1)
              Hash Cond: (mc.movie_id = t.id)
              ->  Seq Scan on movie_companies mc  (cost=0.00..51404.11 rows=34093 width=4) (actual time=0.364..774.510 rows=36136 loops=1)
                    Filter: (company_id = 160)
                    Rows Removed by Filter: 2572993
              ->  Hash  (cost=73925.90..73925.90 rows=674975 width=4) (actual time=1277.284..1277.284 rows=739679 loops=1)
                    Buckets: 131072  Batches: 16  Memory Usage: 2654kB
                    ->  Seq Scan on title t  (cost=0.00..73925.90 rows=674975 width=4) (actual time=0.025..1051.905 rows=739679 loops=1)
                          Filter: ((production_year > 2004) AND (kind_id = 7))
                          Rows Removed by Filter: 1788633
Planning time: 1.256 ms
Execution time: 12530.844 ms
