Hash Join  (cost=77961.21..441930.65 rows=130175 width=0) (actual time=4830.429..7697.770 rows=755549 loops=1)
  Hash Cond: (mi.movie_id = t.id)
  ->  Seq Scan on movie_info mi  (cost=0.00..346232.03 rows=1338312 width=4) (actual time=3115.357..5091.685 rows=1401902 loops=1)
        Filter: (info_type_id = 7)
        Rows Removed by Filter: 13433818
  ->  Hash  (cost=73925.90..73925.90 rows=245944 width=4) (actual time=1713.932..1713.932 rows=357497 loops=1)
        Buckets: 131072 (originally 131072)  Batches: 8 (originally 4)  Memory Usage: 3073kB
        ->  Seq Scan on title t  (cost=0.00..73925.90 rows=245944 width=4) (actual time=0.036..1161.516 rows=357497 loops=1)
              Filter: ((kind_id < 7) AND (production_year < 1987))
              Rows Removed by Filter: 2170815
Planning time: 0.732 ms
Execution time: 7790.994 ms
