Seq Scan on movie_companies mc  (cost=0.00..57926.93 rows=1088212 width=0) (actual time=214.385..1064.937 rows=856760 loops=1)
  Filter: ((company_id < 75476) AND (company_type_id > 1))
  Rows Removed by Filter: 1752369
Planning time: 0.242 ms
Execution time: 1173.095 ms
