Hash Join  (cost=92883.59..157417.51 rows=18895 width=0) (actual time=2345.739..2827.004 rows=49518 loops=1)
  Hash Cond: (mc.movie_id = t.id)
  ->  Seq Scan on movie_companies mc  (cost=0.00..57926.93 rows=31007 width=4) (actual time=0.161..790.465 rows=55497 loops=1)
        Filter: ((company_id = 6) AND (company_type_id = 1))
        Rows Removed by Filter: 2553632
  ->  Hash  (cost=67604.59..67604.59 rows=1540800 width=4) (actual time=1727.569..1727.569 rows=1543264 loops=1)
        Buckets: 131072  Batches: 32  Memory Usage: 2722kB
        ->  Seq Scan on title t  (cost=0.00..67604.59 rows=1540800 width=4) (actual time=0.025..1222.331 rows=1543264 loops=1)
              Filter: (kind_id = 7)
              Rows Removed by Filter: 985048
Planning time: 0.755 ms
Execution time: 2833.678 ms
