Hash Join  (cost=102767.86..961553.83 rows=2195741 width=0) (actual time=3397.751..15610.694 rows=662239 loops=1)
  Hash Cond: (ci.movie_id = t.id)
  ->  Seq Scan on cast_info ci  (cost=0.00..796071.18 rows=2195741 width=4) (actual time=1493.492..12756.609 rows=662239 loops=1)
        Filter: ((person_id > 2615841) AND (role_id = 2))
        Rows Removed by Filter: 35582105
  ->  Hash  (cost=61283.27..61283.27 rows=2528527 width=4) (actual time=1903.016..1903.016 rows=2528312 loops=1)
        Buckets: 131072  Batches: 64  Memory Usage: 2415kB
        ->  Seq Scan on title t  (cost=0.00..61283.27 rows=2528527 width=4) (actual time=0.021..1067.417 rows=2528312 loops=1)
Planning time: 0.789 ms
Execution time: 15688.342 ms
