Hash Join  (cost=166537.51..515142.71 rows=6281 width=0) (actual time=3822.326..9089.354 rows=636377 loops=1)
  Hash Cond: (mi.movie_id = t.id)
  ->  Seq Scan on movie_info mi  (cost=0.00..346232.03 rows=616095 width=4) (actual time=607.239..5671.312 rows=598457 loops=1)
        Filter: (info_type_id = 15)
        Rows Removed by Filter: 14237263
  ->  Hash  (cost=166215.28..166215.28 rows=25779 width=8) (actual time=3165.148..3165.148 rows=66448 loops=1)
        Buckets: 131072 (originally 32768)  Batches: 1 (originally 1)  Memory Usage: 3620kB
        ->  Hash Join  (cost=74210.29..166215.28 rows=25779 width=8) (actual time=1101.721..3142.791 rows=66448 loops=1)
              Hash Cond: (mk.movie_id = t.id)
              ->  Seq Scan on movie_keyword mk  (cost=0.00..81003.12 rows=2865085 width=4) (actual time=0.045..1552.796 rows=2858602 loops=1)
                    Filter: (keyword_id < 8743)
                    Rows Removed by Filter: 1665328
              ->  Hash  (cost=73925.90..73925.90 rows=22751 width=4) (actual time=1101.094..1101.094 rows=18892 loops=1)
                    Buckets: 32768  Batches: 1  Memory Usage: 921kB
                    ->  Seq Scan on title t  (cost=0.00..73925.90 rows=22751 width=4) (actual time=0.232..1092.798 rows=18892 loops=1)
                          Filter: ((kind_id < 7) AND (production_year = 2001))
                          Rows Removed by Filter: 2509420
Planning time: 1.127 ms
Execution time: 9168.215 ms
