Hash Join  (cost=145921.57..269672.73 rows=143512 width=0) (actual time=3253.095..5139.210 rows=40300 loops=1)
  Hash Cond: (mk.movie_id = t.id)
  ->  Seq Scan on movie_keyword mk  (cost=0.00..69693.30 rows=4523930 width=4) (actual time=0.013..1332.514 rows=4523930 loops=1)
  ->  Hash  (cost=144604.92..144604.92 rows=80212 width=8) (actual time=2569.928..2569.928 rows=38542 loops=1)
        Buckets: 131072  Batches: 2  Memory Usage: 1783kB
        ->  Hash Join  (cost=76428.64..144604.92 rows=80212 width=8) (actual time=1257.099..2557.473 rows=38542 loops=1)
              Hash Cond: (mc.movie_id = t.id)
              ->  Seq Scan on movie_companies mc  (cost=0.00..51404.11 rows=1329612 width=4) (actual time=145.400..1001.785 rows=1334883 loops=1)
                    Filter: (company_type_id = 2)
                    Rows Removed by Filter: 1274246
              ->  Hash  (cost=73925.90..73925.90 rows=152539 width=4) (actual time=1109.659..1109.659 rows=53426 loops=1)
                    Buckets: 131072  Batches: 2  Memory Usage: 1963kB
                    ->  Seq Scan on title t  (cost=0.00..73925.90 rows=152539 width=4) (actual time=0.058..1089.297 rows=53426 loops=1)
                          Filter: ((production_year < 1961) AND (kind_id = 7))
                          Rows Removed by Filter: 2474886
Planning time: 1.178 ms
Execution time: 5143.993 ms
