Seq Scan on movie_keyword mk  (cost=0.00..81003.12 rows=1045912 width=0) (actual time=0.022..1419.365 rows=1055925 loops=1)
  Filter: (keyword_id > 16720)
  Rows Removed by Filter: 3468005
Planning time: 0.241 ms
Execution time: 1551.091 ms
