Hash Join  (cost=83075.22..137743.17 rows=243 width=0) (actual time=1298.838..2364.041 rows=1475 loops=1)
  Hash Cond: (mc.movie_id = t.id)
  ->  Seq Scan on movie_companies mc  (cost=0.00..44881.29 rows=2609129 width=4) (actual time=0.019..602.794 rows=2609129 loops=1)
  ->  Hash  (cost=83072.29..83072.29 rows=235 width=8) (actual time=1291.401..1291.401 rows=167 loops=1)
        Buckets: 1024  Batches: 1  Memory Usage: 15kB
        ->  Nested Loop  (cost=0.43..83072.29 rows=235 width=8) (actual time=0.077..1291.192 rows=167 loops=1)
              ->  Seq Scan on movie_keyword mk  (cost=0.00..81003.12 rows=246 width=4) (actual time=0.047..1284.254 rows=169 loops=1)
                    Filter: (keyword_id = 15321)
                    Rows Removed by Filter: 4523761
              ->  Index Scan using title_pkey on title t  (cost=0.43..8.40 rows=1 width=4) (actual time=0.037..0.037 rows=1 loops=169)
                    Index Cond: (id = mk.movie_id)
                    Filter: (production_year > 1912)
                    Rows Removed by Filter: 0
Planning time: 0.805 ms
Execution time: 2364.438 ms
