Seq Scan on movie_companies mc  (cost=0.00..51404.11 rows=859569 width=0) (actual time=0.023..852.577 rows=853666 loops=1)
  Filter: (company_id < 2416)
  Rows Removed by Filter: 1755463
Planning time: 0.335 ms
Execution time: 959.751 ms
