Seq Scan on title t  (cost=0.00..73925.90 rows=378437 width=0) (actual time=422.260..1228.144 rows=282115 loops=1)
  Filter: ((production_year > 1999) AND (kind_id = 1))
  Rows Removed by Filter: 2246197
Planning time: 0.360 ms
Execution time: 1264.284 ms
