Seq Scan on movie_keyword mk  (cost=0.00..81003.12 rows=2818306 width=0) (actual time=0.023..1526.169 rows=2810360 loops=1)
  Filter: (keyword_id > 2727)
  Rows Removed by Filter: 1713570
Planning time: 0.332 ms
Execution time: 1880.519 ms
