Hash Join  (cost=202555.08..284559.91 rows=504531 width=0) (actual time=4755.441..6344.871 rows=237642 loops=1)
  Hash Cond: (mc.movie_id = t.id)
  ->  Seq Scan on movie_companies mc  (cost=0.00..44881.29 rows=2609129 width=4) (actual time=0.025..877.404 rows=2609129 loops=1)
  ->  Hash  (cost=194533.26..194533.26 rows=488945 width=8) (actual time=3865.376..3865.376 rows=126772 loops=1)
        Buckets: 131072  Batches: 8  Memory Usage: 1634kB
        ->  Hash Join  (cost=90606.68..194533.26 rows=488945 width=8) (actual time=1724.197..3825.980 rows=126772 loops=1)
              Hash Cond: (mk.movie_id = t.id)
              ->  Seq Scan on movie_keyword mk  (cost=0.00..81003.12 rows=1216002 width=4) (actual time=0.031..1377.414 rows=1225836 loops=1)
                    Filter: (keyword_id > 14837)
                    Rows Removed by Filter: 3298094
              ->  Hash  (cost=73925.90..73925.90 rows=1016702 width=4) (actual time=1723.283..1723.283 rows=960113 loops=1)
                    Buckets: 131072  Batches: 16  Memory Usage: 3141kB
                    ->  Seq Scan on title t  (cost=0.00..73925.90 rows=1016702 width=4) (actual time=213.164..1408.201 rows=960113 loops=1)
                          Filter: ((production_year < 2008) AND (kind_id = 7))
                          Rows Removed by Filter: 1568199
Planning time: 1.141 ms
Execution time: 6374.755 ms
