Hash Join  (cost=96651.52..235376.92 rows=1795380 width=0) (actual time=1916.094..5185.676 rows=846374 loops=1)
  Hash Cond: (mk.movie_id = t.id)
  ->  Seq Scan on movie_keyword mk  (cost=0.00..81003.12 rows=2564095 width=4) (actual time=0.030..1544.059 rows=2555088 loops=1)
        Filter: (keyword_id > 3434)
        Rows Removed by Filter: 1968842
  ->  Hash  (cost=67604.59..67604.59 rows=1770475 width=4) (actual time=1915.257..1915.257 rows=1774635 loops=1)
        Buckets: 131072  Batches: 32  Memory Usage: 2984kB
        ->  Seq Scan on title t  (cost=0.00..67604.59 rows=1770475 width=4) (actual time=0.020..1328.383 rows=1774635 loops=1)
              Filter: (kind_id > 2)
              Rows Removed by Filter: 753677
Planning time: 2.389 ms
Execution time: 5294.004 ms
