Seq Scan on cast_info ci  (cost=0.00..705507.15 rows=23277765 width=0) (actual time=0.020..12702.863 rows=23337173 loops=1)
  Filter: (person_id > 1274932)
  Rows Removed by Filter: 12907171
Planning time: 0.318 ms
Execution time: 15611.586 ms
