Seq Scan on title t  (cost=0.00..73925.90 rows=174 width=0) (actual time=0.034..1116.277 rows=3217 loops=1)
  Filter: ((kind_id < 2) AND (production_year > 2013))
  Rows Removed by Filter: 2525095
Planning time: 0.355 ms
Execution time: 1117.100 ms
