Hash Join  (cost=215833.08..338167.13 rows=1105989 width=0) (actual time=4952.683..10643.943 rows=13359482 loops=1)
  Hash Cond: (mk.movie_id = t.id)
  ->  Seq Scan on movie_keyword mk  (cost=0.00..81003.12 rows=2185608 width=4) (actual time=0.016..1667.734 rows=2184001 loops=1)
        Filter: (keyword_id > 5180)
        Rows Removed by Filter: 2339929
  ->  Hash  (cost=194840.12..194840.12 rows=1279517 width=8) (actual time=4951.674..4951.674 rows=1274246 loops=1)
        Buckets: 131072  Batches: 32  Memory Usage: 2633kB
        ->  Hash Join  (cost=102767.86..194840.12 rows=1279517 width=8) (actual time=2266.482..4579.835 rows=1274246 loops=1)
              Hash Cond: (mc.movie_id = t.id)
              ->  Seq Scan on movie_companies mc  (cost=0.00..51404.11 rows=1279517 width=4) (actual time=204.535..1128.669 rows=1274246 loops=1)
                    Filter: (company_type_id = 1)
                    Rows Removed by Filter: 1334883
              ->  Hash  (cost=61283.27..61283.27 rows=2528527 width=4) (actual time=2060.604..2060.604 rows=2528312 loops=1)
                    Buckets: 131072  Batches: 64  Memory Usage: 2415kB
                    ->  Seq Scan on title t  (cost=0.00..61283.27 rows=2528527 width=4) (actual time=0.025..1224.783 rows=2528312 loops=1)
Planning time: 1.157 ms
Execution time: 12021.039 ms
