Hash Join  (cost=95920.39..247544.73 rows=2055546 width=0) (actual time=2582.478..5612.243 rows=495754 loops=1)
  Hash Cond: (mk.movie_id = t.id)
  ->  Seq Scan on movie_keyword mk  (cost=0.00..81003.12 rows=3877000 width=4) (actual time=0.015..1684.786 rows=3865848 loops=1)
        Filter: (keyword_id < 28588)
        Rows Removed by Filter: 658082
  ->  Hash  (cost=73925.90..73925.90 rows=1340599 width=4) (actual time=1922.086..1922.086 rows=1418280 loops=1)
        Buckets: 131072  Batches: 32  Memory Usage: 2590kB
        ->  Seq Scan on title t  (cost=0.00..73925.90 rows=1340599 width=4) (actual time=0.023..1430.539 rows=1418280 loops=1)
              Filter: ((production_year > 1961) AND (kind_id = 7))
              Rows Removed by Filter: 1110032
Planning time: 0.757 ms
Execution time: 5669.915 ms
