Hash Join  (cost=128753.29..882218.50 rows=23534 width=0) (actual time=2377.223..18052.212 rows=46447 loops=1)
  Hash Cond: (ci.movie_id = t.id)
  ->  Seq Scan on cast_info ci  (cost=0.00..705507.15 rows=12726058 width=4) (actual time=0.019..13460.696 rows=12670688 loops=1)
        Filter: (role_id = 1)
        Rows Removed by Filter: 23573656
  ->  Hash  (cost=128694.84..128694.84 rows=4676 width=8) (actual time=2375.828..2375.828 rows=5762 loops=1)
        Buckets: 8192  Batches: 1  Memory Usage: 290kB
        ->  Hash Join  (cost=73982.55..128694.84 rows=4676 width=8) (actual time=1447.145..2373.540 rows=5762 loops=1)
              Hash Cond: (mc.movie_id = t.id)
              ->  Seq Scan on movie_companies mc  (cost=0.00..44881.29 rows=2609129 width=4) (actual time=0.017..562.504 rows=2609129 loops=1)
              ->  Hash  (cost=73925.90..73925.90 rows=4532 width=4) (actual time=1231.433..1231.433 rows=7806 loops=1)
                    Buckets: 8192  Batches: 1  Memory Usage: 339kB
                    ->  Seq Scan on title t  (cost=0.00..73925.90 rows=4532 width=4) (actual time=83.326..1227.682 rows=7806 loops=1)
                          Filter: ((kind_id = 7) AND (production_year = 1981))
                          Rows Removed by Filter: 2520506
Planning time: 1.203 ms
Execution time: 18059.634 ms
