Nested Loop  (cost=0.43..83071.67 rows=246 width=0) (actual time=20.618..1208.130 rows=53 loops=1)
  ->  Seq Scan on movie_keyword mk  (cost=0.00..81003.12 rows=246 width=4) (actual time=20.513..1205.304 rows=53 loops=1)
        Filter: (keyword_id = 7104)
        Rows Removed by Filter: 4523877
  ->  Index Only Scan using title_pkey on title t  (cost=0.43..8.40 rows=1 width=4) (actual time=0.047..0.048 rows=1 loops=53)
        Index Cond: (id = mk.movie_id)
        Heap Fetches: 53
Planning time: 0.769 ms
Execution time: 1208.242 ms
