Hash Join  (cost=144412.98..268482.44 rows=169642 width=0) (actual time=2592.074..5483.418 rows=105765 loops=1)
  Hash Cond: (mk.movie_id = t.id)
  ->  Seq Scan on movie_keyword mk  (cost=0.00..69693.30 rows=4523930 width=4) (actual time=0.019..1502.860 rows=4523930 loops=1)
  ->  Hash  (cost=142856.77..142856.77 rows=94817 width=8) (actual time=2590.043..2590.043 rows=35594 loops=1)
        Buckets: 131072  Batches: 2  Memory Usage: 1728kB
        ->  Hash Join  (cost=83462.78..142856.77 rows=94817 width=8) (actual time=1819.873..2578.779 rows=35594 loops=1)
              Hash Cond: (mc.movie_id = t.id)
              ->  Seq Scan on movie_companies mc  (cost=0.00..51404.11 rows=412455 width=4) (actual time=343.312..841.433 rows=415160 loops=1)
                    Filter: (company_id > 80476)
                    Rows Removed by Filter: 2193969
              ->  Hash  (cost=73925.90..73925.90 rows=581270 width=4) (actual time=1475.687..1475.687 rows=602533 loops=1)
                    Buckets: 131072  Batches: 8  Memory Usage: 3669kB
                    ->  Seq Scan on title t  (cost=0.00..73925.90 rows=581270 width=4) (actual time=0.032..1280.432 rows=602533 loops=1)
                          Filter: ((kind_id > 1) AND (production_year > 2007))
                          Rows Removed by Filter: 1925779
Planning time: 1.180 ms
Execution time: 5499.715 ms
