Seq Scan on movie_keyword mk  (cost=0.00..81003.12 rows=246 width=0) (actual time=41.041..1194.948 rows=224 loops=1)
  Filter: (keyword_id = 10106)
  Rows Removed by Filter: 4523706
Planning time: 0.394 ms
Execution time: 1195.190 ms
