Hash Join  (cost=198074.55..736453.89 rows=5489441 width=0) (actual time=4110.310..18958.451 rows=7587694 loops=1)
  Hash Cond: (mi.movie_id = t.id)
  ->  Seq Scan on movie_info mi  (cost=0.00..309384.22 rows=14739122 width=4) (actual time=0.028..5751.261 rows=14835720 loops=1)
  ->  Hash  (cost=182623.98..182623.98 rows=941725 width=8) (actual time=4109.309..4109.309 rows=607176 loops=1)
        Buckets: 131072  Batches: 16  Memory Usage: 2503kB
        ->  Hash Join  (cost=98137.04..182623.98 rows=941725 width=8) (actual time=1942.629..3946.491 rows=607176 loops=1)
              Hash Cond: (mc.movie_id = t.id)
              ->  Seq Scan on movie_companies mc  (cost=0.00..51404.11 rows=1279517 width=4) (actual time=33.390..975.261 rows=1274246 loops=1)
                    Filter: (company_type_id < 2)
                    Rows Removed by Filter: 1334883
              ->  Hash  (cost=67604.59..67604.59 rows=1860996 width=4) (actual time=1908.384..1908.384 rows=1865487 loops=1)
                    Buckets: 131072  Batches: 32  Memory Usage: 3079kB
                    ->  Seq Scan on title t  (cost=0.00..67604.59 rows=1860996 width=4) (actual time=0.022..1312.068 rows=1865487 loops=1)
                          Filter: (kind_id > 1)
                          Rows Removed by Filter: 662825
Planning time: 1.213 ms
Execution time: 19790.479 ms
