Hash Join  (cost=83072.91..447728.90 rows=1 width=0) (actual time=1501.681..8440.128 rows=12 loops=1)
  Hash Cond: (mi.movie_id = t.id)
  ->  Seq Scan on movie_info mi  (cost=0.00..309384.22 rows=14739122 width=4) (actual time=0.008..4484.247 rows=14835720 loops=1)
  ->  Hash  (cost=83072.90..83072.90 rows=1 width=8) (actual time=1311.359..1311.359 rows=1 loops=1)
        Buckets: 1024  Batches: 1  Memory Usage: 9kB
        ->  Nested Loop  (cost=0.43..83072.90 rows=1 width=8) (actual time=634.357..1311.342 rows=1 loops=1)
              ->  Seq Scan on movie_keyword mk  (cost=0.00..81003.12 rows=246 width=4) (actual time=0.451..1269.721 rows=1075 loops=1)
                    Filter: (keyword_id = 1608)
                    Rows Removed by Filter: 4522855
              ->  Index Scan using title_pkey on title t  (cost=0.43..8.40 rows=1 width=4) (actual time=0.038..0.038 rows=0 loops=1075)
                    Index Cond: (id = mk.movie_id)
                    Filter: ((kind_id = 1) AND (production_year = 1941))
                    Rows Removed by Filter: 1
Planning time: 1.154 ms
Execution time: 8440.305 ms
