Hash Join  (cost=141358.76..264953.06 rows=561891 width=0) (actual time=3074.968..7294.369 rows=5124395 loops=1)
  Hash Cond: (mk.movie_id = t.id)
  ->  Seq Scan on movie_keyword mk  (cost=0.00..81003.12 rows=3039538 width=4) (actual time=0.014..1746.564 rows=3023427 loops=1)
        Filter: (keyword_id < 10833)
        Rows Removed by Filter: 1500503
  ->  Hash  (cost=133689.95..133689.95 rows=467425 width=8) (actual time=3073.839..3073.839 rows=819918 loops=1)
        Buckets: 131072 (originally 131072)  Batches: 16 (originally 8)  Memory Usage: 3073kB
        ->  Hash Join  (cost=87977.22..133689.95 rows=467425 width=8) (actual time=1410.179..2844.131 rows=819918 loops=1)
              Hash Cond: (mi_idx.movie_id = t.id)
              ->  Seq Scan on movie_info_idx mi_idx  (cost=0.00..21735.35 rows=1380035 width=4) (actual time=0.011..488.229 rows=1380035 loops=1)
              ->  Hash  (cost=73925.90..73925.90 rows=856425 width=4) (actual time=1409.410..1409.410 rows=769954 loops=1)
                    Buckets: 131072  Batches: 16  Memory Usage: 2718kB
                    ->  Seq Scan on title t  (cost=0.00..73925.90 rows=856425 width=4) (actual time=0.019..1175.867 rows=769954 loops=1)
                          Filter: ((kind_id < 7) AND (production_year > 1962))
                          Rows Removed by Filter: 1758358
Planning time: 1.191 ms
Execution time: 7830.199 ms
