Seq Scan on movie_info mi  (cost=0.00..346232.03 rows=451508 width=75) (actual time=2799.158..5779.080 rows=474443 loops=1)
  Filter: (info_type_id = 6)
  Rows Removed by Filter: 14361277
Planning time: 0.554 ms
Execution time: 5807.000 ms
