Seq Scan on movie_companies mc  (cost=0.00..57926.93 rows=51 width=0) (actual time=0.523..913.383 rows=129 loops=1)
  Filter: ((company_type_id < 2) AND (company_id = 11591))
  Rows Removed by Filter: 2609000
Planning time: 0.385 ms
Execution time: 913.535 ms
