Seq Scan on title t  (cost=0.00..73925.90 rows=27734 width=0) (actual time=38.052..1002.583 rows=1 loops=1)
  Filter: ((production_year < 1913) AND (kind_id = 7))
  Rows Removed by Filter: 2528311
Planning time: 0.580 ms
Execution time: 1002.710 ms
