Seq Scan on movie_keyword mk  (cost=0.00..81003.12 rows=2958771 width=0) (actual time=0.024..1517.433 rows=2949101 loops=1)
  Filter: (keyword_id > 2375)
  Rows Removed by Filter: 1574829
Planning time: 0.750 ms
Execution time: 1879.940 ms
