Hash Join  (cost=95185.49..460702.15 rows=86074 width=0) (actual time=1757.392..8555.707 rows=304442 loops=1)
  Hash Cond: (mi.movie_id = t.id)
  ->  Seq Scan on movie_info mi  (cost=0.00..309384.22 rows=14739122 width=4) (actual time=0.007..3672.486 rows=14835720 loops=1)
  ->  Hash  (cost=95000.92..95000.92 rows=14766 width=8) (actual time=1756.663..1756.663 rows=19681 loops=1)
        Buckets: 32768 (originally 16384)  Batches: 1 (originally 1)  Memory Usage: 1025kB
        ->  Hash Join  (cost=67942.77..95000.92 rows=14766 width=8) (actual time=1085.042..1749.165 rows=19681 loops=1)
              Hash Cond: (mi_idx.movie_id = t.id)
              ->  Seq Scan on movie_info_idx mi_idx  (cost=0.00..21735.35 rows=1380035 width=4) (actual time=0.013..342.133 rows=1380035 loops=1)
              ->  Hash  (cost=67604.59..67604.59 rows=27055 width=4) (actual time=1084.794..1084.794 rows=26775 loops=1)
                    Buckets: 32768  Batches: 1  Memory Usage: 1198kB
                    ->  Seq Scan on title t  (cost=0.00..67604.59 rows=27055 width=4) (actual time=0.036..1073.017 rows=26775 loops=1)
                          Filter: (production_year = 1993)
                          Rows Removed by Filter: 2501537
Planning time: 1.153 ms
Execution time: 8592.408 ms
