Seq Scan on movie_companies mc  (cost=0.00..57926.93 rows=45881 width=0) (actual time=288.320..698.416 rows=90267 loops=1)
  Filter: ((company_id > 163529) AND (company_type_id > 1))
  Rows Removed by Filter: 2518862
Planning time: 0.331 ms
Execution time: 710.288 ms
