Hash Join  (cost=70241.71..205336.35 rows=278600 width=0) (actual time=1280.931..4818.178 rows=142858 loops=1)
  Hash Cond: (mk.movie_id = t.id)
  ->  Seq Scan on movie_keyword mk  (cost=0.00..81003.12 rows=4382802 width=4) (actual time=0.024..1880.914 rows=4384773 loops=1)
        Filter: (keyword_id < 75135)
        Rows Removed by Filter: 139157
  ->  Hash  (cost=67604.59..67604.59 rows=160730 width=4) (actual time=1277.051..1277.051 rows=160017 loops=1)
        Buckets: 131072  Batches: 4  Memory Usage: 2442kB
        ->  Seq Scan on title t  (cost=0.00..67604.59 rows=160730 width=4) (actual time=0.027..1218.555 rows=160017 loops=1)
              Filter: (production_year = 2011)
              Rows Removed by Filter: 2368295
Planning time: 0.735 ms
Execution time: 4836.824 ms
