Seq Scan on movie_keyword mk  (cost=0.00..81003.12 rows=241315 width=0) (actual time=72.239..1286.580 rows=240486 loops=1)
  Filter: (keyword_id > 61812)
  Rows Removed by Filter: 4283444
Planning time: 0.234 ms
Execution time: 1318.419 ms
