Hash Join  (cost=190230.21..336435.28 rows=1917923 width=0) (actual time=4146.575..10007.320 rows=8090462 loops=1)
  Hash Cond: (mk.movie_id = t.id)
  ->  Seq Scan on movie_keyword mk  (cost=0.00..81003.12 rows=3514056 width=4) (actual time=0.020..1753.856 rows=3507207 loops=1)
        Filter: (keyword_id < 17747)
        Rows Removed by Filter: 1016723
  ->  Hash  (cost=167588.78..167588.78 rows=1380035 width=8) (actual time=4144.343..4144.343 rows=1380035 loops=1)
        Buckets: 131072  Batches: 32  Memory Usage: 2726kB
        ->  Hash Join  (cost=102767.86..167588.78 rows=1380035 width=8) (actual time=1803.469..3762.503 rows=1380035 loops=1)
              Hash Cond: (mi_idx.movie_id = t.id)
              ->  Seq Scan on movie_info_idx mi_idx  (cost=0.00..21735.35 rows=1380035 width=4) (actual time=0.025..516.466 rows=1380035 loops=1)
              ->  Hash  (cost=61283.27..61283.27 rows=2528527 width=4) (actual time=1802.310..1802.310 rows=2528312 loops=1)
                    Buckets: 131072  Batches: 64  Memory Usage: 2415kB
                    ->  Seq Scan on title t  (cost=0.00..61283.27 rows=2528527 width=4) (actual time=0.016..1005.043 rows=2528312 loops=1)
Planning time: 1.101 ms
Execution time: 10927.231 ms
