Hash Join  (cost=82776.67..596134.17 rows=3144357 width=0) (actual time=1462.425..16212.981 rows=5012603 loops=1)
  Hash Cond: (mi.movie_id = t.id)
  ->  Seq Scan on movie_info mi  (cost=0.00..309384.22 rows=14739122 width=4) (actual time=0.018..6192.192 rows=14835720 loops=1)
  ->  Hash  (cost=73925.90..73925.90 rows=539421 width=4) (actual time=1461.553..1461.553 rows=459810 loops=1)
        Buckets: 131072  Batches: 8  Memory Usage: 3048kB
        ->  Seq Scan on title t  (cost=0.00..73925.90 rows=539421 width=4) (actual time=0.012..1311.755 rows=459810 loops=1)
              Filter: ((kind_id < 7) AND (production_year > 2000))
              Rows Removed by Filter: 2068502
Planning time: 2.495 ms
Execution time: 16783.648 ms
