Hash Join  (cost=102767.86..1160104.49 rows=10447228 width=0) (actual time=5683.114..30657.384 rows=12670688 loops=1)
  Hash Cond: (ci.movie_id = t.id)
  ->  Seq Scan on cast_info ci  (cost=0.00..796071.18 rows=10447228 width=4) (actual time=3793.848..17441.666 rows=12670688 loops=1)
        Filter: ((person_id < 3000518) AND (role_id < 2))
        Rows Removed by Filter: 23573656
  ->  Hash  (cost=61283.27..61283.27 rows=2528527 width=4) (actual time=1887.984..1887.984 rows=2528312 loops=1)
        Buckets: 131072  Batches: 64  Memory Usage: 2415kB
        ->  Seq Scan on title t  (cost=0.00..61283.27 rows=2528527 width=4) (actual time=0.016..919.323 rows=2528312 loops=1)
Planning time: 0.762 ms
Execution time: 32107.528 ms
