Seq Scan on movie_keyword mk  (cost=0.00..81003.12 rows=246 width=0) (actual time=1.370..1242.743 rows=219 loops=1)
  Filter: (keyword_id = 8611)
  Rows Removed by Filter: 4523711
Planning time: 0.383 ms
Execution time: 1242.992 ms
