Hash Join  (cost=168092.55..682223.90 rows=3216942 width=0) (actual time=3864.693..18909.325 rows=7918713 loops=1)
  Hash Cond: (mi.movie_id = t.id)
  ->  Seq Scan on movie_info mi  (cost=0.00..309384.22 rows=14739122 width=4) (actual time=0.018..6195.426 rows=14835720 loops=1)
  ->  Hash  (cost=159038.14..159038.14 rows=551873 width=8) (actual time=3796.046..3796.046 rows=409251 loops=1)
        Buckets: 131072  Batches: 8  Memory Usage: 3011kB
        ->  Hash Join  (cost=76379.89..159038.14 rows=551873 width=8) (actual time=1266.011..3670.479 rows=409251 loops=1)
              Hash Cond: (mc.movie_id = t.id)
              ->  Seq Scan on movie_companies mc  (cost=0.00..44881.29 rows=2609129 width=4) (actual time=0.024..945.112 rows=2609129 loops=1)
              ->  Hash  (cost=67604.59..67604.59 rows=534824 width=4) (actual time=1265.156..1265.156 rows=533369 loops=1)
                    Buckets: 131072  Batches: 8  Memory Usage: 3369kB
                    ->  Seq Scan on title t  (cost=0.00..67604.59 rows=534824 width=4) (actual time=0.020..1094.609 rows=533369 loops=1)
                          Filter: (production_year > 2009)
                          Rows Removed by Filter: 1994943
Planning time: 1.136 ms
Execution time: 19846.871 ms
