Seq Scan on cast_info ci  (cost=0.00..705507.15 rows=35229822 width=0) (actual time=0.023..13280.963 rows=35219934 loops=1)
  Filter: (person_id < 3863816)
  Rows Removed by Filter: 1024410
Planning time: 0.320 ms
Execution time: 17421.479 ms
