Hash Join  (cost=86421.94..834767.51 rows=823804 width=0) (actual time=3189.705..16043.051 rows=685088 loops=1)
  Hash Cond: (ci.movie_id = t.id)
  ->  Seq Scan on cast_info ci  (cost=0.00..705507.15 rows=2735034 width=4) (actual time=1825.730..13146.348 rows=2728943 loops=1)
        Filter: (role_id = 4)
        Rows Removed by Filter: 33515401
  ->  Hash  (cost=73925.90..73925.90 rows=761603 width=4) (actual time=1362.905..1362.905 rows=670584 loops=1)
        Buckets: 131072  Batches: 16  Memory Usage: 2498kB
        ->  Seq Scan on title t  (cost=0.00..73925.90 rows=761603 width=4) (actual time=0.023..1151.987 rows=670584 loops=1)
              Filter: ((kind_id < 7) AND (production_year > 1979))
              Rows Removed by Filter: 1857728
Planning time: 0.788 ms
Execution time: 16118.180 ms
