Seq Scan on movie_companies mc  (cost=0.00..51404.11 rows=1591554 width=0) (actual time=0.017..972.368 rows=1582057 loops=1)
  Filter: (company_id < 15712)
  Rows Removed by Filter: 1027072
Planning time: 0.233 ms
Execution time: 1174.907 ms
