Hash Join  (cost=102767.86..193148.93 rows=938224 width=0) (actual time=2245.433..4353.110 rows=622613 loops=1)
  Hash Cond: (mc.movie_id = t.id)
  ->  Seq Scan on movie_companies mc  (cost=0.00..57926.93 rows=938224 width=4) (actual time=0.025..1163.635 rows=622613 loops=1)
        Filter: ((company_id < 33529) AND (company_type_id = 2))
        Rows Removed by Filter: 1986516
  ->  Hash  (cost=61283.27..61283.27 rows=2528527 width=4) (actual time=2244.736..2244.736 rows=2528312 loops=1)
        Buckets: 131072  Batches: 64  Memory Usage: 2415kB
        ->  Seq Scan on title t  (cost=0.00..61283.27 rows=2528527 width=4) (actual time=0.018..1125.131 rows=2528312 loops=1)
Planning time: 0.766 ms
Execution time: 4435.790 ms
