Seq Scan on movie_keyword mk  (cost=0.00..81003.12 rows=210747 width=0) (actual time=0.028..1326.113 rows=212260 loops=1)
  Filter: (keyword_id > 66180)
  Rows Removed by Filter: 4311670
Planning time: 0.338 ms
Execution time: 1355.011 ms
