Nested Loop  (cost=0.43..52283.69 rows=104 width=0) (actual time=85.997..869.426 rows=10 loops=1)
  ->  Seq Scan on movie_companies mc  (cost=0.00..51404.11 rows=104 width=4) (actual time=85.897..868.843 rows=10 loops=1)
        Filter: (company_id = 65127)
        Rows Removed by Filter: 2609119
  ->  Index Only Scan using title_pkey on title t  (cost=0.43..8.45 rows=1 width=4) (actual time=0.051..0.051 rows=1 loops=10)
        Index Cond: (id = mc.movie_id)
        Heap Fetches: 10
Planning time: 0.796 ms
Execution time: 869.497 ms
