Hash Join  (cost=79863.89..467379.29 rows=439164 width=0) (actual time=4877.331..9534.685 rows=577362 loops=1)
  Hash Cond: (mi.movie_id = t.id)
  ->  Seq Scan on movie_info mi  (cost=0.00..346232.03 rows=3068194 width=4) (actual time=3427.682..5824.441 rows=3036719 loops=1)
        Filter: (info_type_id = 16)
        Rows Removed by Filter: 11799001
  ->  Hash  (cost=73925.90..73925.90 rows=361919 width=4) (actual time=1448.493..1448.493 rows=470371 loops=1)
        Buckets: 131072  Batches: 8  Memory Usage: 3111kB
        ->  Seq Scan on title t  (cost=0.00..73925.90 rows=361919 width=4) (actual time=0.037..1295.120 rows=470371 loops=1)
              Filter: ((kind_id < 7) AND (production_year < 1998))
              Rows Removed by Filter: 2057941
Planning time: 0.806 ms
Execution time: 9595.148 ms
