Hash Join  (cost=102767.86..255998.20 rows=2591090 width=0) (actual time=1990.409..5746.013 rows=2575886 loops=1)
  Hash Cond: (mk.movie_id = t.id)
  ->  Seq Scan on movie_keyword mk  (cost=0.00..81003.12 rows=2591090 width=4) (actual time=0.021..1571.124 rows=2575886 loops=1)
        Filter: (keyword_id > 3369)
        Rows Removed by Filter: 1948044
  ->  Hash  (cost=61283.27..61283.27 rows=2528527 width=4) (actual time=1988.278..1988.278 rows=2528312 loops=1)
        Buckets: 131072  Batches: 64  Memory Usage: 2425kB
        ->  Seq Scan on title t  (cost=0.00..61283.27 rows=2528527 width=4) (actual time=0.016..1130.659 rows=2528312 loops=1)
Planning time: 0.522 ms
Execution time: 6030.549 ms
