Hash Join  (cost=134251.00..214361.11 rows=367058 width=0) (actual time=3101.638..5916.039 rows=2529869 loops=1)
  Hash Cond: (mc.movie_id = t.id)
  ->  Seq Scan on movie_companies mc  (cost=0.00..44881.29 rows=2609129 width=4) (actual time=0.027..908.223 rows=2609129 loops=1)
  ->  Hash  (cost=128414.51..128414.51 rows=355719 width=8) (actual time=3100.648..3100.648 rows=758992 loops=1)
        Buckets: 131072 (originally 131072)  Batches: 16 (originally 8)  Memory Usage: 3073kB
        ->  Hash Join  (cost=84618.84..128414.51 rows=355719 width=8) (actual time=1375.471..2862.987 rows=758992 loops=1)
              Hash Cond: (mi_idx.movie_id = t.id)
              ->  Seq Scan on movie_info_idx mi_idx  (cost=0.00..21735.35 rows=1380035 width=4) (actual time=0.019..455.255 rows=1380035 loops=1)
              ->  Hash  (cost=73925.90..73925.90 rows=651755 width=4) (actual time=1374.151..1374.151 rows=711179 loops=1)
                    Buckets: 131072  Batches: 16  Memory Usage: 2590kB
                    ->  Seq Scan on title t  (cost=0.00..73925.90 rows=651755 width=4) (actual time=0.020..1148.675 rows=711179 loops=1)
                          Filter: ((kind_id < 7) AND (production_year < 2008))
                          Rows Removed by Filter: 1817133
Planning time: 1.516 ms
Execution time: 6207.275 ms
