Hash Join  (cost=260048.31..362267.50 rows=1734227 width=0) (actual time=5169.578..7867.030 rows=2475668 loops=1)
  Hash Cond: (mc.movie_id = t.id)
  ->  Seq Scan on movie_companies mc  (cost=0.00..44881.29 rows=2609129 width=4) (actual time=0.022..920.919 rows=2609129 loops=1)
  ->  Hash  (cost=232474.16..232474.16 rows=1680652 width=8) (actual time=5168.541..5168.541 rows=822344 loops=1)
        Buckets: 131072  Batches: 32  Memory Usage: 2027kB
        ->  Hash Join  (cost=98137.04..232474.16 rows=1680652 width=8) (actual time=1810.336..4939.203 rows=822344 loops=1)
              Hash Cond: (mk.movie_id = t.id)
              ->  Seq Scan on movie_keyword mk  (cost=0.00..81003.12 rows=2283495 width=4) (actual time=0.016..1592.681 rows=2289365 loops=1)
                    Filter: (keyword_id > 4601)
                    Rows Removed by Filter: 2234565
              ->  Hash  (cost=67604.59..67604.59 rows=1860996 width=4) (actual time=1809.341..1809.341 rows=1865487 loops=1)
                    Buckets: 131072  Batches: 32  Memory Usage: 3085kB
                    ->  Seq Scan on title t  (cost=0.00..67604.59 rows=1860996 width=4) (actual time=0.028..1203.246 rows=1865487 loops=1)
                          Filter: (kind_id > 1)
                          Rows Removed by Filter: 662825
Planning time: 1.391 ms
Execution time: 8135.029 ms
