Hash Join  (cost=190230.21..311763.30 rows=1126736 width=0) (actual time=5081.528..9650.021 rows=4785462 loops=1)
  Hash Cond: (mk.movie_id = t.id)
  ->  Seq Scan on movie_keyword mk  (cost=0.00..81003.12 rows=2064427 width=4) (actual time=0.020..1612.683 rows=2067745 loops=1)
        Filter: (keyword_id > 5887)
        Rows Removed by Filter: 2456185
  ->  Hash  (cost=167588.78..167588.78 rows=1380035 width=8) (actual time=5080.367..5080.367 rows=1380035 loops=1)
        Buckets: 131072  Batches: 32  Memory Usage: 2726kB
        ->  Hash Join  (cost=102767.86..167588.78 rows=1380035 width=8) (actual time=2693.638..4681.033 rows=1380035 loops=1)
              Hash Cond: (mi_idx.movie_id = t.id)
              ->  Seq Scan on movie_info_idx mi_idx  (cost=0.00..21735.35 rows=1380035 width=4) (actual time=0.030..482.775 rows=1380035 loops=1)
              ->  Hash  (cost=61283.27..61283.27 rows=2528527 width=4) (actual time=2692.721..2692.721 rows=2528312 loops=1)
                    Buckets: 131072  Batches: 64  Memory Usage: 2415kB
                    ->  Seq Scan on title t  (cost=0.00..61283.27 rows=2528527 width=4) (actual time=0.019..1177.444 rows=2528312 loops=1)
Planning time: 1.103 ms
Execution time: 10223.077 ms
