Seq Scan on movie_companies mc  (cost=0.00..51404.11 rows=1363995 width=0) (actual time=140.407..986.284 rows=1376340 loops=1)
  Filter: (company_id > 11141)
  Rows Removed by Filter: 1232789
Planning time: 0.341 ms
Execution time: 1151.298 ms
