Hash Join  (cost=76444.38..907125.95 rows=621343 width=0) (actual time=1680.801..19277.680 rows=556149 loops=1)
  Hash Cond: (ci.movie_id = t.id)
  ->  Seq Scan on cast_info ci  (cost=0.00..705507.15 rows=10236531 width=4) (actual time=0.563..13398.487 rows=10062940 loops=1)
        Filter: (person_id < 989559)
        Rows Removed by Filter: 26181404
  ->  Hash  (cost=73925.90..73925.90 rows=153478 width=4) (actual time=1571.988..1571.988 rows=134760 loops=1)
        Buckets: 131072  Batches: 4  Memory Usage: 2216kB
        ->  Seq Scan on title t  (cost=0.00..73925.90 rows=153478 width=4) (actual time=0.016..1299.841 rows=134760 loops=1)
              Filter: ((kind_id < 7) AND (production_year > 2010))
              Rows Removed by Filter: 2393552
Planning time: 0.830 ms
Execution time: 19353.087 ms
