Seq Scan on title t  (cost=0.00..73925.90 rows=4532 width=0) (actual time=280.858..1147.536 rows=10614 loops=1)
  Filter: ((kind_id = 7) AND (production_year = 1985))
  Rows Removed by Filter: 2517698
Planning time: 0.442 ms
Execution time: 1150.139 ms
