Nested Loop  (cost=0.43..52283.69 rows=104 width=0) (actual time=16.715..986.365 rows=37 loops=1)
  ->  Seq Scan on movie_companies mc  (cost=0.00..51404.11 rows=104 width=4) (actual time=16.597..984.571 rows=37 loops=1)
        Filter: (company_id = 25084)
        Rows Removed by Filter: 2609092
  ->  Index Only Scan using title_pkey on title t  (cost=0.43..8.45 rows=1 width=4) (actual time=0.043..0.043 rows=1 loops=37)
        Index Cond: (id = mc.movie_id)
        Heap Fetches: 37
Planning time: 0.709 ms
Execution time: 986.451 ms
