Hash Join  (cost=95658.13..461038.56 rows=72452 width=0) (actual time=1897.579..9339.619 rows=231632 loops=1)
  Hash Cond: (mi.movie_id = t.id)
  ->  Seq Scan on movie_info mi  (cost=0.00..309384.22 rows=14739122 width=4) (actual time=0.009..3991.908 rows=14835720 loops=1)
  ->  Hash  (cost=95502.77..95502.77 rows=12429 width=8) (actual time=1897.175..1897.175 rows=15109 loops=1)
        Buckets: 16384  Batches: 1  Memory Usage: 719kB
        ->  Hash Join  (cost=68449.54..95502.77 rows=12429 width=8) (actual time=1220.786..1890.545 rows=15109 loops=1)
              Hash Cond: (mi_idx.movie_id = t.id)
              ->  Seq Scan on movie_info_idx mi_idx  (cost=0.00..25185.44 rows=464934 width=4) (actual time=0.023..523.402 rows=460185 loops=1)
                    Filter: (info_type_id > 100)
                    Rows Removed by Filter: 919850
              ->  Hash  (cost=67604.59..67604.59 rows=67596 width=4) (actual time=1220.160..1220.160 rows=67777 loops=1)
                    Buckets: 131072  Batches: 1  Memory Usage: 3407kB
                    ->  Seq Scan on title t  (cost=0.00..67604.59 rows=67596 width=4) (actual time=0.016..1192.246 rows=67777 loops=1)
                          Filter: (production_year = 2003)
                          Rows Removed by Filter: 2460535
Planning time: 1.023 ms
Execution time: 9374.494 ms
