Nested Loop  (cost=0.43..83072.29 rows=36 width=0) (actual time=2.426..1349.559 rows=97 loops=1)
  ->  Seq Scan on movie_keyword mk  (cost=0.00..81003.12 rows=246 width=4) (actual time=0.299..1304.469 rows=978 loops=1)
        Filter: (keyword_id = 1059)
        Rows Removed by Filter: 4522952
  ->  Index Scan using title_pkey on title t  (cost=0.43..8.40 rows=1 width=4) (actual time=0.045..0.045 rows=0 loops=978)
        Index Cond: (id = mk.movie_id)
        Filter: (production_year < 1970)
        Rows Removed by Filter: 1
Planning time: 0.714 ms
Execution time: 1349.732 ms
