Seq Scan on cast_info ci  (cost=0.00..705507.15 rows=500 width=0) (actual time=2506.153..11094.208 rows=2 loops=1)
  Filter: (person_id = 2354538)
  Rows Removed by Filter: 36244342
Planning time: 0.368 ms
Execution time: 11094.318 ms
