Hash Join  (cost=118875.47..640865.95 rows=658080 width=0) (actual time=2785.788..15877.524 rows=1737255 loops=1)
  Hash Cond: (mi.movie_id = t.id)
  ->  Seq Scan on movie_info mi  (cost=0.00..346232.03 rows=14592968 width=4) (actual time=0.015..7645.954 rows=14637966 loops=1)
        Filter: (info_type_id < 107)
        Rows Removed by Filter: 197754
  ->  Hash  (cost=117004.15..117004.15 rows=114026 width=8) (actual time=2784.766..2784.766 rows=115961 loops=1)
        Buckets: 131072  Batches: 2  Memory Usage: 3282kB
        ->  Hash Join  (cost=77354.40..117004.15 rows=114026 width=8) (actual time=1660.033..2742.747 rows=115961 loops=1)
              Hash Cond: (mi_idx.movie_id = t.id)
              ->  Seq Scan on movie_info_idx mi_idx  (cost=0.00..21735.35 rows=1380035 width=4) (actual time=0.017..475.680 rows=1380035 loops=1)
              ->  Hash  (cost=73925.90..73925.90 rows=208920 width=4) (actual time=1659.195..1659.195 rows=183835 loops=1)
                    Buckets: 131072  Batches: 4  Memory Usage: 2649kB
                    ->  Seq Scan on title t  (cost=0.00..73925.90 rows=208920 width=4) (actual time=0.022..1240.208 rows=183835 loops=1)
                          Filter: ((kind_id < 7) AND (production_year > 2009))
                          Rows Removed by Filter: 2344477
Planning time: 1.106 ms
Execution time: 16083.533 ms
