Hash Join  (cost=58375.82..85286.46 rows=16 width=0) (actual time=638.441..1124.821 rows=12 loops=1)
  Hash Cond: (mi_idx.movie_id = t.id)
  ->  Seq Scan on movie_info_idx mi_idx  (cost=0.00..21735.35 rows=1380035 width=4) (actual time=0.025..294.043 rows=1380035 loops=1)
  ->  Hash  (cost=58375.45..58375.45 rows=30 width=8) (actual time=601.868..601.868 rows=12 loops=1)
        Buckets: 1024  Batches: 1  Memory Usage: 9kB
        ->  Nested Loop  (cost=0.43..58375.45 rows=30 width=8) (actual time=74.822..601.845 rows=12 loops=1)
              ->  Seq Scan on movie_companies mc  (cost=0.00..57926.93 rows=53 width=4) (actual time=12.502..598.972 rows=49 loops=1)
                    Filter: ((company_type_id > 1) AND (company_id = 1309))
                    Rows Removed by Filter: 2609080
              ->  Index Scan using title_pkey on title t  (cost=0.43..8.45 rows=1 width=4) (actual time=0.055..0.055 rows=0 loops=49)
                    Index Cond: (id = mc.movie_id)
                    Filter: ((kind_id > 1) AND (production_year < 2010))
                    Rows Removed by Filter: 1
Planning time: 1.175 ms
Execution time: 1124.949 ms
