Hash Join  (cost=152270.70..191721.56 rows=102438 width=0) (actual time=2834.777..3759.260 rows=179014 loops=1)
  Hash Cond: (mi_idx.movie_id = t.id)
  ->  Seq Scan on movie_info_idx mi_idx  (cost=0.00..21735.35 rows=1380035 width=4) (actual time=0.014..428.697 rows=1380035 loops=1)
  ->  Hash  (cost=149190.59..149190.59 rows=187689 width=8) (actual time=2833.985..2833.985 rows=116876 loops=1)
        Buckets: 131072  Batches: 4  Memory Usage: 2170kB
        ->  Hash Join  (cost=78556.72..149190.59 rows=187689 width=8) (actual time=1507.863..2794.453 rows=116876 loops=1)
              Hash Cond: (mc.movie_id = t.id)
              ->  Seq Scan on movie_companies mc  (cost=0.00..57926.93 rows=710944 width=4) (actual time=0.032..923.082 rows=446784 loops=1)
                    Filter: ((company_id < 11961) AND (company_type_id = 2))
                    Rows Removed by Filter: 2162345
              ->  Hash  (cost=67604.59..67604.59 rows=667531 width=4) (actual time=1507.092..1507.092 rows=662825 loops=1)
                    Buckets: 131072  Batches: 16  Memory Usage: 2476kB
                    ->  Seq Scan on title t  (cost=0.00..67604.59 rows=667531 width=4) (actual time=45.030..908.897 rows=662825 loops=1)
                          Filter: (kind_id = 1)
                          Rows Removed by Filter: 1865487
Planning time: 1.139 ms
Execution time: 3776.006 ms
