Seq Scan on cast_info ci  (cost=0.00..796071.18 rows=3832640 width=0) (actual time=8879.976..14798.543 rows=1243058 loops=1)
  Filter: ((person_id < 2436935) AND (role_id > 8))
  Rows Removed by Filter: 35001286
Planning time: 0.265 ms
Execution time: 14956.726 ms
