Seq Scan on movie_keyword mk  (cost=0.00..81003.12 rows=185927 width=0) (actual time=1.907..1225.737 rows=190091 loops=1)
  Filter: (keyword_id > 70925)
  Rows Removed by Filter: 4333839
Planning time: 0.280 ms
Execution time: 1251.318 ms
