Hash Join  (cost=83073.49..434046.21 rows=23 width=0) (actual time=1855.590..6743.040 rows=17 loops=1)
  Hash Cond: (mi.movie_id = t.id)
  ->  Seq Scan on movie_info mi  (cost=0.00..346232.03 rows=1264125 width=4) (actual time=560.517..5326.225 rows=1288928 loops=1)
        Filter: (info_type_id = 2)
        Rows Removed by Filter: 13546792
  ->  Hash  (cost=83072.90..83072.90 rows=47 width=8) (actual time=1238.057..1238.057 rows=28 loops=1)
        Buckets: 1024  Batches: 1  Memory Usage: 10kB
        ->  Nested Loop  (cost=0.43..83072.90 rows=47 width=8) (actual time=555.440..1238.014 rows=28 loops=1)
              ->  Seq Scan on movie_keyword mk  (cost=0.00..81003.12 rows=246 width=4) (actual time=3.563..1221.486 rows=613 loops=1)
                    Filter: (keyword_id = 3061)
                    Rows Removed by Filter: 4523317
              ->  Index Scan using title_pkey on title t  (cost=0.43..8.40 rows=1 width=4) (actual time=0.025..0.025 rows=0 loops=613)
                    Index Cond: (id = mk.movie_id)
                    Filter: ((production_year > 2007) AND (kind_id = 7))
                    Rows Removed by Filter: 1
Planning time: 2.246 ms
Execution time: 6743.169 ms
