Seq Scan on movie_keyword mk  (cost=0.00..81003.12 rows=2348595 width=0) (actual time=0.021..1393.905 rows=2346901 loops=1)
  Filter: (keyword_id < 5244)
  Rows Removed by Filter: 2177029
Planning time: 0.333 ms
Execution time: 1687.582 ms
