Seq Scan on movie_keyword mk  (cost=0.00..81003.12 rows=3343410 width=0) (actual time=0.016..1494.997 rows=3336103 loops=1)
  Filter: (keyword_id > 1415)
  Rows Removed by Filter: 1187827
Planning time: 0.311 ms
Execution time: 1893.436 ms
