Seq Scan on movie_keyword mk  (cost=0.00..81003.12 rows=246 width=0) (actual time=1.885..1200.989 rows=873 loops=1)
  Filter: (keyword_id = 1825)
  Rows Removed by Filter: 4523057
Planning time: 0.349 ms
Execution time: 1201.401 ms
