Hash Join  (cost=102767.86..196690.72 rows=126384 width=0) (actual time=2064.331..3908.032 rows=122911 loops=1)
  Hash Cond: (mk.movie_id = t.id)
  ->  Seq Scan on movie_keyword mk  (cost=0.00..81003.12 rows=126384 width=4) (actual time=0.029..1319.570 rows=122911 loops=1)
        Filter: (keyword_id > 77509)
        Rows Removed by Filter: 4401019
  ->  Hash  (cost=61283.27..61283.27 rows=2528527 width=4) (actual time=2061.021..2061.021 rows=2528312 loops=1)
        Buckets: 131072  Batches: 64  Memory Usage: 2425kB
        ->  Seq Scan on title t  (cost=0.00..61283.27 rows=2528527 width=4) (actual time=0.021..1197.593 rows=2528312 loops=1)
Planning time: 0.769 ms
Execution time: 3922.875 ms
