Seq Scan on cast_info ci  (cost=0.00..796071.18 rows=6449068 width=0) (actual time=3230.860..12480.467 rows=7605691 loops=1)
  Filter: ((person_id < 938210) AND (role_id < 4))
  Rows Removed by Filter: 28638653
Planning time: 0.384 ms
Execution time: 13470.417 ms
