Hash Join  (cost=157698.93..999688.37 rows=1288960 width=0) (actual time=5456.055..23528.025 rows=3884150 loops=1)
  Hash Cond: (ci.movie_id = t.id)
  ->  Seq Scan on cast_info ci  (cost=0.00..705507.15 rows=10584985 width=4) (actual time=1220.398..13100.588 rows=10421201 loops=1)
        Filter: (person_id < 1023380)
        Rows Removed by Filter: 25823143
  ->  Hash  (cost=152647.12..152647.12 rows=307905 width=8) (actual time=3806.957..3806.957 rows=550959 loops=1)
        Buckets: 131072  Batches: 8  Memory Usage: 3716kB
        ->  Hash Join  (cost=74201.04..152647.12 rows=307905 width=8) (actual time=1341.593..3651.622 rows=550959 loops=1)
              Hash Cond: (mc.movie_id = t.id)
              ->  Seq Scan on movie_companies mc  (cost=0.00..51404.11 rows=1936511 width=4) (actual time=0.032..1199.649 rows=1931003 loops=1)
                    Filter: (company_id < 49136)
                    Rows Removed by Filter: 678126
              ->  Hash  (cost=67604.59..67604.59 rows=402036 width=4) (actual time=1340.665..1340.665 rows=395872 loops=1)
                    Buckets: 131072  Batches: 8  Memory Usage: 2759kB
                    ->  Seq Scan on title t  (cost=0.00..67604.59 rows=402036 width=4) (actual time=0.017..1211.469 rows=395872 loops=1)
                          Filter: (production_year < 1972)
                          Rows Removed by Filter: 2132440
Planning time: 1.231 ms
Execution time: 23935.107 ms
