Seq Scan on cast_info ci  (cost=0.00..705507.15 rows=500 width=0) (actual time=1192.697..10633.899 rows=75 loops=1)
  Filter: (person_id = 3055124)
  Rows Removed by Filter: 36244269
Planning time: 0.384 ms
Execution time: 10633.992 ms
