Hash Join  (cost=94699.36..149406.76 rows=4188 width=0) (actual time=1607.925..2771.150 rows=30441 loops=1)
  Hash Cond: (mc.movie_id = t.id)
  ->  Seq Scan on movie_companies mc  (cost=0.00..44881.29 rows=2609129 width=4) (actual time=0.019..619.319 rows=2609129 loops=1)
  ->  Hash  (cost=94648.62..94648.62 rows=4059 width=8) (actual time=1606.950..1606.950 rows=10183 loops=1)
        Buckets: 16384 (originally 4096)  Batches: 1 (originally 1)  Memory Usage: 526kB
        ->  Hash Join  (cost=67697.55..94648.62 rows=4059 width=8) (actual time=1008.682..1603.062 rows=10183 loops=1)
              Hash Cond: (mi_idx.movie_id = t.id)
              ->  Seq Scan on movie_info_idx mi_idx  (cost=0.00..21735.35 rows=1380035 width=4) (actual time=0.018..297.235 rows=1380035 loops=1)
              ->  Hash  (cost=67604.59..67604.59 rows=7437 width=4) (actual time=1008.535..1008.535 rows=13711 loops=1)
                    Buckets: 16384 (originally 8192)  Batches: 1 (originally 1)  Memory Usage: 611kB
                    ->  Seq Scan on title t  (cost=0.00..67604.59 rows=7437 width=4) (actual time=0.058..1001.890 rows=13711 loops=1)
                          Filter: (production_year = 1966)
                          Rows Removed by Filter: 2514601
Planning time: 1.134 ms
Execution time: 2775.611 ms
