Hash Join  (cost=127249.70..492218.71 rows=31308 width=0) (actual time=2165.831..8958.353 rows=26720 loops=1)
  Hash Cond: (mi.movie_id = t.id)
  ->  Seq Scan on movie_info mi  (cost=0.00..309384.22 rows=14739122 width=4) (actual time=0.025..3914.183 rows=14835720 loops=1)
  ->  Hash  (cost=127182.56..127182.56 rows=5371 width=8) (actual time=2165.447..2165.447 rows=3854 loops=1)
        Buckets: 8192  Batches: 1  Memory Usage: 215kB
        ->  Hash Join  (cost=68438.72..127182.56 rows=5371 width=8) (actual time=1444.655..2163.740 rows=3854 loops=1)
              Hash Cond: (mc.movie_id = t.id)
              ->  Seq Scan on movie_companies mc  (cost=0.00..57926.93 rows=203518 width=4) (actual time=311.853..932.116 rows=318090 loops=1)
                    Filter: ((company_id < 288) AND (company_type_id < 2))
                    Rows Removed by Filter: 2291039
              ->  Hash  (cost=67604.59..67604.59 rows=66731 width=4) (actual time=1132.101..1132.101 rows=67342 loops=1)
                    Buckets: 131072  Batches: 1  Memory Usage: 3392kB
                    ->  Seq Scan on title t  (cost=0.00..67604.59 rows=66731 width=4) (actual time=0.024..1102.905 rows=67342 loops=1)
                          Filter: (production_year > 2012)
                          Rows Removed by Filter: 2460970
Planning time: 1.248 ms
Execution time: 8963.184 ms
