Seq Scan on cast_info ci  (cost=0.00..796071.18 rows=2905208 width=0) (actual time=27.389..11720.790 rows=1448649 loops=1)
  Filter: ((person_id < 1083222) AND (role_id > 4))
  Rows Removed by Filter: 34795695
Planning time: 0.326 ms
Execution time: 11893.046 ms
