Hash Join  (cost=226757.89..748687.26 rows=4332649 width=0) (actual time=5185.217..31885.468 rows=61585860 loops=1)
  Hash Cond: (mi.movie_id = t.id)
  ->  Seq Scan on movie_info mi  (cost=0.00..346232.03 rows=11115165 width=4) (actual time=0.009..6911.247 rows=11210743 loops=1)
        Filter: (info_type_id > 3)
        Rows Removed by Filter: 3624977
  ->  Hash  (cost=210586.76..210586.76 rows=985610 width=8) (actual time=5184.167..5184.167 rows=1199886 loops=1)
        Buckets: 131072  Batches: 16  Memory Usage: 4080kB
        ->  Hash Join  (cost=93117.31..210586.76 rows=985610 width=8) (actual time=1865.573..4815.854 rows=1199886 loops=1)
              Hash Cond: (mk.movie_id = t.id)
              ->  Seq Scan on movie_keyword mk  (cost=0.00..81003.12 rows=1602645 width=4) (actual time=0.023..1549.169 rows=1615146 loops=1)
                    Filter: (keyword_id > 9362)
                    Rows Removed by Filter: 2908784
              ->  Hash  (cost=67604.59..67604.59 rows=1555018 width=4) (actual time=1863.325..1863.325 rows=1551727 loops=1)
                    Buckets: 131072  Batches: 32  Memory Usage: 2736kB
                    ->  Seq Scan on title t  (cost=0.00..67604.59 rows=1555018 width=4) (actual time=0.023..1343.291 rows=1551727 loops=1)
                          Filter: (production_year < 2007)
                          Rows Removed by Filter: 976585
Planning time: 1.141 ms
Execution time: 38756.130 ms
