Hash Join  (cost=923898.62..962541.85 rows=136333 width=0) (actual time=13778.288..14640.314 rows=100335 loops=1)
  Hash Cond: (mi_idx.movie_id = t.id)
  ->  Seq Scan on movie_info_idx mi_idx  (cost=0.00..25185.44 rows=919057 width=4) (actual time=0.033..471.517 rows=920110 loops=1)
        Filter: (info_type_id > 99)
        Rows Removed by Filter: 459925
  ->  Hash  (cost=917744.10..917744.10 rows=375081 width=8) (actual time=13777.096..13777.096 rows=121143 loops=1)
        Buckets: 131072  Batches: 8  Memory Usage: 1607kB
        ->  Hash Join  (cost=102767.86..917744.10 rows=375081 width=8) (actual time=2010.125..13741.603 rows=121143 loops=1)
              Hash Cond: (ci.movie_id = t.id)
              ->  Seq Scan on cast_info ci  (cost=0.00..796071.18 rows=375081 width=4) (actual time=33.585..11248.114 rows=121143 loops=1)
                    Filter: ((person_id < 53679) AND (role_id > 1))
                    Rows Removed by Filter: 36123201
              ->  Hash  (cost=61283.27..61283.27 rows=2528527 width=4) (actual time=1975.492..1975.492 rows=2528312 loops=1)
                    Buckets: 131072  Batches: 64  Memory Usage: 2415kB
                    ->  Seq Scan on title t  (cost=0.00..61283.27 rows=2528527 width=4) (actual time=0.018..1135.734 rows=2528312 loops=1)
Planning time: 2.007 ms
Execution time: 14651.897 ms
