Hash Join  (cost=152973.44..242471.12 rows=15670 width=0) (actual time=3286.241..5237.268 rows=26319 loops=1)
  Hash Cond: (mk.movie_id = t.id)
  ->  Seq Scan on movie_keyword mk  (cost=0.00..81003.12 rows=2223428 width=4) (actual time=0.015..1543.647 rows=2217488 loops=1)
        Filter: (keyword_id > 4951)
        Rows Removed by Filter: 2306442
  ->  Hash  (cost=152750.69..152750.69 rows=17820 width=8) (actual time=3285.640..3285.640 rows=32652 loops=1)
        Buckets: 32768  Batches: 1  Memory Usage: 1532kB
        ->  Hash Join  (cost=95609.53..152750.69 rows=17820 width=8) (actual time=2256.670..3273.959 rows=32652 loops=1)
              Hash Cond: (mc.movie_id = t.id)
              ->  Seq Scan on movie_companies mc  (cost=0.00..51404.11 rows=34093 width=4) (actual time=1.623..794.337 rows=36136 loops=1)
                    Filter: (company_id = 160)
                    Rows Removed by Filter: 2572993
              ->  Hash  (cost=73925.90..73925.90 rows=1321650 width=4) (actual time=2251.880..2251.880 rows=1298128 loops=1)
                    Buckets: 131072  Batches: 32  Memory Usage: 2450kB
                    ->  Seq Scan on title t  (cost=0.00..73925.90 rows=1321650 width=4) (actual time=0.015..1500.996 rows=1298128 loops=1)
                          Filter: ((kind_id > 1) AND (production_year < 2009))
                          Rows Removed by Filter: 1230184
Planning time: 4.567 ms
Execution time: 5240.854 ms
