Hash Join  (cost=796537.03..851203.00 rows=45 width=0) (actual time=10604.772..11100.960 rows=478 loops=1)
  Hash Cond: (mc.movie_id = t.id)
  ->  Seq Scan on movie_companies mc  (cost=0.00..44881.29 rows=2609129 width=4) (actual time=0.490..252.042 rows=2609129 loops=1)
  ->  Hash  (cost=796536.48..796536.48 rows=44 width=8) (actual time=10596.980..10596.980 rows=260 loops=1)
        Buckets: 1024  Batches: 1  Memory Usage: 19kB
        ->  Nested Loop  (cost=0.43..796536.48 rows=44 width=8) (actual time=7850.812..10596.845 rows=260 loops=1)
              ->  Seq Scan on cast_info ci  (cost=0.00..796071.18 rows=55 width=4) (actual time=7849.861..10587.676 rows=260 loops=1)
                    Filter: ((person_id = 2718292) AND (role_id = 3))
                    Rows Removed by Filter: 36244084
              ->  Index Scan using title_pkey on title t  (cost=0.43..8.45 rows=1 width=4) (actual time=0.034..0.034 rows=1 loops=260)
                    Index Cond: (id = ci.movie_id)
                    Filter: (production_year > 1975)
Planning time: 1.112 ms
Execution time: 11101.137 ms
