Hash Join  (cost=73929.13..159265.52 rows=118 width=0) (actual time=967.671..1939.881 rows=1730 loops=1)
  Hash Cond: (mk.movie_id = t.id)
  ->  Seq Scan on movie_keyword mk  (cost=0.00..81003.12 rows=1155223 width=4) (actual time=0.025..827.995 rows=1159219 loops=1)
        Filter: (keyword_id < 1381)
        Rows Removed by Filter: 3364711
  ->  Hash  (cost=73925.90..73925.90 rows=258 width=4) (actual time=966.552..966.552 rows=3378 loops=1)
        Buckets: 4096 (originally 1024)  Batches: 1 (originally 1)  Memory Usage: 151kB
        ->  Seq Scan on title t  (cost=0.00..73925.90 rows=258 width=4) (actual time=0.561..964.981 rows=3378 loops=1)
              Filter: ((kind_id < 7) AND (production_year > 2013))
              Rows Removed by Filter: 2524934
Planning time: 0.735 ms
Execution time: 1940.310 ms
