Seq Scan on movie_companies mc  (cost=0.00..57926.93 rows=51 width=0) (actual time=79.591..797.132 rows=7 loops=1)
  Filter: ((company_id = 2930) AND (company_type_id = 1))
  Rows Removed by Filter: 2609122
Planning time: 0.437 ms
Execution time: 797.229 ms
