Seq Scan on movie_keyword mk  (cost=0.00..81003.12 rows=703581 width=0) (actual time=0.029..1387.117 rows=705901 loops=1)
  Filter: (keyword_id < 591)
  Rows Removed by Filter: 3818029
Planning time: 0.302 ms
Execution time: 1478.014 ms
