Hash Join  (cost=339287.76..1098200.81 rows=20977741 width=0) (actual time=7965.321..67554.950 rows=184910438 loops=1)
  Hash Cond: (mi.movie_id = t.id)
  ->  Seq Scan on movie_info mi  (cost=0.00..309384.22 rows=14739122 width=4) (actual time=0.018..6489.026 rows=14835720 loops=1)
  ->  Hash  (cost=280245.08..280245.08 rows=3598775 width=8) (actual time=7964.024..7964.024 rows=3602141 loops=1)
        Buckets: 131072  Batches: 64  Memory Usage: 3326kB
        ->  Hash Join  (cost=102767.86..280245.08 rows=3598775 width=8) (actual time=1954.222..6946.376 rows=3602141 loops=1)
              Hash Cond: (mk.movie_id = t.id)
              ->  Seq Scan on movie_keyword mk  (cost=0.00..81003.12 rows=3598775 width=4) (actual time=0.017..1660.035 rows=3602141 loops=1)
                    Filter: (keyword_id < 20329)
                    Rows Removed by Filter: 921789
              ->  Hash  (cost=61283.27..61283.27 rows=2528527 width=4) (actual time=1952.200..1952.200 rows=2528312 loops=1)
                    Buckets: 131072  Batches: 64  Memory Usage: 2425kB
                    ->  Seq Scan on title t  (cost=0.00..61283.27 rows=2528527 width=4) (actual time=0.025..1078.278 rows=2528312 loops=1)
Planning time: 1.154 ms
Execution time: 89031.860 ms
