Seq Scan on cast_info ci  (cost=0.00..796071.18 rows=396 width=0) (actual time=13375.069..14429.235 rows=27 loops=1)
  Filter: ((role_id < 8) AND (person_id = 2415857))
  Rows Removed by Filter: 36244317
Planning time: 0.419 ms
Execution time: 14429.358 ms
