Seq Scan on movie_keyword mk  (cost=0.00..81003.12 rows=3525497 width=0) (actual time=0.015..1643.982 rows=3517749 loops=1)
  Filter: (keyword_id > 962)
  Rows Removed by Filter: 1006181
Planning time: 0.242 ms
Execution time: 2087.746 ms
