Nested Loop  (cost=0.43..796392.56 rows=38 width=0) (actual time=1948.284..11209.835 rows=7 loops=1)
  ->  Seq Scan on cast_info ci  (cost=0.00..796071.18 rows=38 width=4) (actual time=1948.195..11209.598 rows=7 loops=1)
        Filter: ((person_id = 1181012) AND (role_id = 4))
        Rows Removed by Filter: 36244337
  ->  Index Only Scan using title_pkey on title t  (cost=0.43..8.45 rows=1 width=4) (actual time=0.028..0.029 rows=1 loops=7)
        Index Cond: (id = ci.movie_id)
        Heap Fetches: 7
Planning time: 0.767 ms
Execution time: 11209.915 ms
