Hash Join  (cost=709678.15..1097614.02 rows=2198 width=0) (actual time=11743.814..18403.353 rows=191 loops=1)
  Hash Cond: (mi.movie_id = t.id)
  ->  Seq Scan on movie_info mi  (cost=0.00..346232.03 rows=11115165 width=4) (actual time=0.011..6269.153 rows=11210743 loops=1)
        Filter: (info_type_id > 3)
        Rows Removed by Filter: 3624977
  ->  Hash  (cost=709671.90..709671.90 rows=500 width=8) (actual time=10599.686..10599.686 rows=61 loops=1)
        Buckets: 1024  Batches: 1  Memory Usage: 11kB
        ->  Nested Loop  (cost=0.43..709671.90 rows=500 width=8) (actual time=1190.151..10599.646 rows=61 loops=1)
              ->  Seq Scan on cast_info ci  (cost=0.00..705507.15 rows=500 width=4) (actual time=1190.075..10598.613 rows=61 loops=1)
                    Filter: (person_id = 2680659)
                    Rows Removed by Filter: 36244283
              ->  Index Only Scan using title_pkey on title t  (cost=0.43..8.32 rows=1 width=4) (actual time=0.016..0.016 rows=1 loops=61)
                    Index Cond: (id = ci.movie_id)
                    Heap Fetches: 61
Planning time: 4.512 ms
Execution time: 18403.645 ms
