Hash Join  (cost=77642.13..185136.30 rows=184100 width=0) (actual time=2510.568..3497.918 rows=35396 loops=1)
  Hash Cond: (mk.movie_id = t.id)
  ->  Seq Scan on movie_keyword mk  (cost=0.00..81003.12 rows=2055211 width=4) (actual time=0.017..1578.547 rows=2057952 loops=1)
        Filter: (keyword_id > 5928)
        Rows Removed by Filter: 2465978
  ->  Hash  (cost=73925.90..73925.90 rows=226498 width=4) (actual time=1141.454..1141.454 rows=120787 loops=1)
        Buckets: 131072  Batches: 4  Memory Usage: 2088kB
        ->  Seq Scan on title t  (cost=0.00..73925.90 rows=226498 width=4) (actual time=0.022..1097.391 rows=120787 loops=1)
              Filter: ((production_year < 1970) AND (kind_id = 7))
              Rows Removed by Filter: 2407525
Planning time: 0.695 ms
Execution time: 3502.057 ms
