Nested Loop  (cost=0.43..141419.83 rows=3343 width=0) (actual time=0.111..1492.487 rows=7804 loops=1)
  ->  Seq Scan on movie_keyword mk  (cost=0.00..81003.12 rows=9048 width=4) (actual time=0.042..1194.043 rows=9234 loops=1)
        Filter: (keyword_id = 784)
        Rows Removed by Filter: 4514696
  ->  Index Scan using title_pkey on title t  (cost=0.43..6.67 rows=1 width=4) (actual time=0.031..0.032 rows=1 loops=9234)
        Index Cond: (id = mk.movie_id)
        Filter: ((kind_id < 7) AND (production_year < 2013))
        Rows Removed by Filter: 0
Planning time: 0.778 ms
Execution time: 1494.725 ms
