Hash Join  (cost=1028136.85..1710699.60 rows=14354959 width=0) (actual time=24726.927..43670.115 rows=14306247 loops=1)
  Hash Cond: (mi.movie_id = t.id)
  ->  Seq Scan on movie_info mi  (cost=0.00..346232.03 rows=12928982 width=4) (actual time=0.019..7299.952 rows=12970088 loops=1)
        Filter: (info_type_id < 18)
        Rows Removed by Filter: 1865632
  ->  Hash  (cost=982077.27..982077.27 rows=2807406 width=8) (actual time=24539.169..24539.169 rows=4600402 loops=1)
        Buckets: 131072  Batches: 64  Memory Usage: 3802kB
        ->  Hash Join  (cost=92883.59..982077.27 rows=2807406 width=8) (actual time=1863.350..22542.849 rows=4600402 loops=1)
              Hash Cond: (ci.movie_id = t.id)
              ->  Seq Scan on cast_info ci  (cost=0.00..796071.18 rows=4607089 width=4) (actual time=0.015..13929.492 rows=7449733 loops=1)
                    Filter: ((person_id > 1313810) AND (role_id = 2))
                    Rows Removed by Filter: 28794611
              ->  Hash  (cost=67604.59..67604.59 rows=1540800 width=4) (actual time=1862.471..1862.471 rows=1543264 loops=1)
                    Buckets: 131072  Batches: 32  Memory Usage: 2722kB
                    ->  Seq Scan on title t  (cost=0.00..67604.59 rows=1540800 width=4) (actual time=0.019..1373.325 rows=1543264 loops=1)
                          Filter: (kind_id = 7)
                          Rows Removed by Filter: 985048
Planning time: 1.189 ms
Execution time: 45180.070 ms
