Hash Join  (cost=617885.25..2145788.29 rows=34874488 width=0) (actual time=15806.724..68178.568 rows=79140397 loops=1)
  Hash Cond: (ci.movie_id = t.id)
  ->  Seq Scan on cast_info ci  (cost=0.00..614943.12 rows=36225612 width=4) (actual time=0.015..13862.167 rows=36244344 loops=1)
  ->  Hash  (cost=577948.51..577948.51 rows=2434219 width=8) (actual time=15802.031..15802.031 rows=3594252 loops=1)
        Buckets: 131072 (originally 131072)  Batches: 64 (originally 32)  Memory Usage: 3225kB
        ->  Hash Join  (cost=76690.42..577948.51 rows=2434219 width=8) (actual time=1413.706..14841.859 rows=3594252 loops=1)
              Hash Cond: (mi.movie_id = t.id)
              ->  Seq Scan on movie_info mi  (cost=0.00..346232.03 rows=11115165 width=4) (actual time=0.019..7183.127 rows=11210743 loops=1)
                    Filter: (info_type_id > 3)
                    Rows Removed by Filter: 3624977
              ->  Hash  (cost=67604.59..67604.59 rows=553747 width=4) (actual time=1412.701..1412.701 rows=552960 loops=1)
                    Buckets: 131072  Batches: 8  Memory Usage: 3452kB
                    ->  Seq Scan on title t  (cost=0.00..67604.59 rows=553747 width=4) (actual time=0.016..1221.555 rows=552960 loops=1)
                          Filter: (production_year < 1983)
                          Rows Removed by Filter: 1975352
Planning time: 1.163 ms
Execution time: 76434.323 ms
