Nested Loop  (cost=0.43..58358.27 rows=51 width=0) (actual time=0.434..939.178 rows=86 loops=1)
  ->  Seq Scan on movie_companies mc  (cost=0.00..57926.93 rows=51 width=4) (actual time=0.399..924.352 rows=86 loops=1)
        Filter: ((company_type_id < 2) AND (company_id = 13791))
        Rows Removed by Filter: 2609043
  ->  Index Only Scan using title_pkey on title t  (cost=0.43..8.45 rows=1 width=4) (actual time=0.169..0.170 rows=1 loops=86)
        Index Cond: (id = mc.movie_id)
        Heap Fetches: 86
Planning time: 0.769 ms
Execution time: 939.291 ms
