Hash Join  (cost=99161.12..181756.08 rows=881964 width=0) (actual time=2223.958..4396.723 rows=947491 loops=1)
  Hash Cond: (mc.movie_id = t.id)
  ->  Seq Scan on movie_companies mc  (cost=0.00..51404.11 rows=1159440 width=4) (actual time=0.022..1009.733 rows=1167659 loops=1)
        Filter: (company_id > 12844)
        Rows Removed by Filter: 1441470
  ->  Hash  (cost=67604.59..67604.59 rows=1923403 width=4) (actual time=2222.672..2222.672 rows=1922849 loops=1)
        Buckets: 131072  Batches: 32  Memory Usage: 3132kB
        ->  Seq Scan on title t  (cost=0.00..67604.59 rows=1923403 width=4) (actual time=0.014..1397.515 rows=1922849 loops=1)
              Filter: (production_year < 2010)
              Rows Removed by Filter: 605463
Planning time: 0.746 ms
Execution time: 4503.263 ms
