Hash Join  (cost=133622.57..493515.15 rows=7072 width=0) (actual time=2430.939..7956.468 rows=3198 loops=1)
  Hash Cond: (mi.movie_id = t.id)
  ->  Seq Scan on movie_info mi  (cost=0.00..346232.03 rows=3623957 width=4) (actual time=306.509..5255.001 rows=3624977 loops=1)
        Filter: (info_type_id < 4)
        Rows Removed by Filter: 11210743
  ->  Hash  (cost=133560.89..133560.89 rows=4934 width=8) (actual time=2123.551..2123.551 rows=4271 loops=1)
        Buckets: 8192  Batches: 1  Memory Usage: 231kB
        ->  Hash Join  (cost=74434.21..133560.89 rows=4934 width=8) (actual time=1130.805..2121.742 rows=4271 loops=1)
              Hash Cond: (mc.movie_id = t.id)
              ->  Seq Scan on movie_companies mc  (cost=0.00..57926.93 rows=306777 width=4) (actual time=110.852..931.107 rows=601229 loops=1)
                    Filter: ((company_id > 65594) AND (company_type_id > 1))
                    Rows Removed by Filter: 2007900
              ->  Hash  (cost=73925.90..73925.90 rows=40664 width=4) (actual time=1018.844..1018.844 rows=40257 loops=1)
                    Buckets: 65536  Batches: 1  Memory Usage: 1928kB
                    ->  Seq Scan on title t  (cost=0.00..73925.90 rows=40664 width=4) (actual time=0.031..1002.298 rows=40257 loops=1)
                          Filter: ((production_year > 2012) AND (kind_id = 7))
                          Rows Removed by Filter: 2488055
Planning time: 2.732 ms
Execution time: 7957.145 ms
