Seq Scan on cast_info ci  (cost=0.00..705507.15 rows=4055639 width=0) (actual time=153.158..11326.177 rows=3934521 loops=1)
  Filter: (person_id < 376898)
  Rows Removed by Filter: 32309823
Planning time: 0.320 ms
Execution time: 11817.915 ms
