Hash Join  (cost=83074.74..447745.01 rows=1434 width=0) (actual time=1409.845..8511.325 rows=38779 loops=1)
  Hash Cond: (mi.movie_id = t.id)
  ->  Seq Scan on movie_info mi  (cost=0.00..309384.22 rows=14739122 width=4) (actual time=0.012..4267.461 rows=14835720 loops=1)
  ->  Hash  (cost=83071.67..83071.67 rows=246 width=8) (actual time=1407.526..1407.526 rows=1519 loops=1)
        Buckets: 2048 (originally 1024)  Batches: 1 (originally 1)  Memory Usage: 76kB
        ->  Nested Loop  (cost=0.43..83071.67 rows=246 width=8) (actual time=1.265..1406.290 rows=1519 loops=1)
              ->  Seq Scan on movie_keyword mk  (cost=0.00..81003.12 rows=246 width=4) (actual time=1.212..1338.655 rows=1519 loops=1)
                    Filter: (keyword_id = 341)
                    Rows Removed by Filter: 4522411
              ->  Index Only Scan using title_pkey on title t  (cost=0.43..8.40 rows=1 width=4) (actual time=0.043..0.043 rows=1 loops=1519)
                    Index Cond: (id = mk.movie_id)
                    Heap Fetches: 1519
Planning time: 1.169 ms
Execution time: 8517.968 ms
