Nested Loop  (cost=0.43..709671.90 rows=500 width=0) (actual time=1668.007..10925.851 rows=146 loops=1)
  ->  Seq Scan on cast_info ci  (cost=0.00..705507.15 rows=500 width=4) (actual time=1667.858..10922.841 rows=146 loops=1)
        Filter: (person_id = 1286444)
        Rows Removed by Filter: 36244198
  ->  Index Only Scan using title_pkey on title t  (cost=0.43..8.32 rows=1 width=4) (actual time=0.018..0.019 rows=1 loops=146)
        Index Cond: (id = ci.movie_id)
        Heap Fetches: 146
Planning time: 8.549 ms
Execution time: 10925.984 ms
