Hash Join  (cost=1400981.82..2840026.11 rows=70905944 width=0) (actual time=35339.537..99742.168 rows=188979867 loops=1)
  Hash Cond: (mi.movie_id = t.id)
  ->  Seq Scan on movie_info mi  (cost=0.00..309384.22 rows=14739122 width=4) (actual time=0.020..6567.840 rows=14835720 loops=1)
  ->  Hash  (cost=1201415.04..1201415.04 rows=12164062 width=8) (actual time=35335.206..35335.206 rows=13642806 loops=1)
        Buckets: 131072  Batches: 256  Memory Usage: 3170kB
        ->  Hash Join  (cost=102767.86..1201415.04 rows=12164062 width=8) (actual time=2003.569..31466.394 rows=13642806 loops=1)
              Hash Cond: (ci.movie_id = t.id)
              ->  Seq Scan on cast_info ci  (cost=0.00..796071.18 rows=12164062 width=4) (actual time=0.016..17423.237 rows=13642806 loops=1)
                    Filter: ((person_id > 875228) AND (role_id > 2))
                    Rows Removed by Filter: 22601538
              ->  Hash  (cost=61283.27..61283.27 rows=2528527 width=4) (actual time=2002.267..2002.267 rows=2528312 loops=1)
                    Buckets: 131072  Batches: 64  Memory Usage: 2415kB
                    ->  Seq Scan on title t  (cost=0.00..61283.27 rows=2528527 width=4) (actual time=0.024..1152.568 rows=2528312 loops=1)
Planning time: 1.190 ms
Execution time: 119057.651 ms
