Nested Loop  (cost=0.43..83071.67 rows=246 width=0) (actual time=16.143..1305.085 rows=184 loops=1)
  ->  Seq Scan on movie_keyword mk  (cost=0.00..81003.12 rows=246 width=4) (actual time=16.062..1297.686 rows=184 loops=1)
        Filter: (keyword_id = 17592)
        Rows Removed by Filter: 4523746
  ->  Index Only Scan using title_pkey on title t  (cost=0.43..8.40 rows=1 width=4) (actual time=0.036..0.037 rows=1 loops=184)
        Index Cond: (id = mk.movie_id)
        Heap Fetches: 184
Planning time: 0.653 ms
Execution time: 1305.274 ms
