Hash Join  (cost=102767.86..1422237.88 rows=25104792 width=0) (actual time=1946.049..41324.186 rows=25207053 loops=1)
  Hash Cond: (ci.movie_id = t.id)
  ->  Seq Scan on cast_info ci  (cost=0.00..705507.15 rows=25104792 width=4) (actual time=0.023..15755.965 rows=25207053 loops=1)
        Filter: (person_id > 1083750)
        Rows Removed by Filter: 11037291
  ->  Hash  (cost=61283.27..61283.27 rows=2528527 width=4) (actual time=1944.458..1944.458 rows=2528312 loops=1)
        Buckets: 131072  Batches: 64  Memory Usage: 2415kB
        ->  Seq Scan on title t  (cost=0.00..61283.27 rows=2528527 width=4) (actual time=0.004..1144.742 rows=2528312 loops=1)
Planning time: 0.792 ms
Execution time: 44189.892 ms
