Hash Join  (cost=69090.10..489955.52 rows=223073 width=0) (actual time=2857.785..9159.574 rows=271948 loops=1)
  Hash Cond: (mi.movie_id = t.id)
  ->  Seq Scan on movie_info mi  (cost=0.00..346232.03 rows=6231111 width=4) (actual time=0.015..5788.454 rows=6223494 loops=1)
        Filter: (info_type_id > 8)
        Rows Removed by Filter: 8612226
  ->  Hash  (cost=67604.59..67604.59 rows=90521 width=4) (actual time=1085.933..1085.933 rows=90852 loops=1)
        Buckets: 131072  Batches: 2  Memory Usage: 2632kB
        ->  Seq Scan on title t  (cost=0.00..67604.59 rows=90521 width=4) (actual time=0.073..1050.529 rows=90852 loops=1)
              Filter: (kind_id = 2)
              Rows Removed by Filter: 2437460
Planning time: 0.789 ms
Execution time: 9194.009 ms
