Seq Scan on cast_info ci  (cost=0.00..796071.18 rows=7954239 width=0) (actual time=1144.352..15047.734 rows=12670688 loops=1)
  Filter: ((person_id < 2295417) AND (role_id = 1))
  Rows Removed by Filter: 23573656
Planning time: 0.409 ms
Execution time: 16590.490 ms
