Hash Join  (cost=369297.12..2177723.47 rows=62182214 width=0) (actual time=8425.201..88902.942 rows=206173714 loops=1)
  Hash Cond: (ci.movie_id = t.id)
  ->  Seq Scan on cast_info ci  (cost=0.00..614943.12 rows=36225612 width=4) (actual time=0.024..13624.976 rows=36244344 loops=1)
  ->  Hash  (cost=298088.58..298088.58 rows=4340283 width=8) (actual time=8423.349..8423.349 rows=4336016 loops=1)
        Buckets: 131072  Batches: 64  Memory Usage: 3697kB
        ->  Hash Join  (cost=102767.86..298088.58 rows=4340283 width=8) (actual time=1958.183..7269.655 rows=4336016 loops=1)
              Hash Cond: (mk.movie_id = t.id)
              ->  Seq Scan on movie_keyword mk  (cost=0.00..81003.12 rows=4340283 width=4) (actual time=0.020..1891.556 rows=4336016 loops=1)
                    Filter: (keyword_id < 71361)
                    Rows Removed by Filter: 187914
              ->  Hash  (cost=61283.27..61283.27 rows=2528527 width=4) (actual time=1956.565..1956.565 rows=2528312 loops=1)
                    Buckets: 131072  Batches: 64  Memory Usage: 2425kB
                    ->  Seq Scan on title t  (cost=0.00..61283.27 rows=2528527 width=4) (actual time=0.019..1111.643 rows=2528312 loops=1)
Planning time: 1.184 ms
Execution time: 111288.506 ms
