Nested Loop  (cost=73218.69..462014.11 rows=9432 width=0) (actual time=6396.841..8357.291 rows=195835 loops=1)
  ->  Hash Join  (cost=73218.26..433121.09 rows=48736 width=8) (actual time=6396.780..6837.296 rows=195835 loops=1)
        Hash Cond: (mi.movie_id = mc.movie_id)
        ->  Seq Scan on movie_info mi  (cost=0.00..346232.03 rows=17937 width=4) (actual time=4991.475..5100.140 rows=68025 loops=1)
              Filter: (info_type_id = 94)
              Rows Removed by Filter: 14767695
        ->  Hash  (cost=51404.11..51404.11 rows=1329612 width=4) (actual time=1404.407..1404.407 rows=1334883 loops=1)
              Buckets: 131072  Batches: 32  Memory Usage: 2494kB
              ->  Seq Scan on movie_companies mc  (cost=0.00..51404.11 rows=1329612 width=4) (actual time=0.028..994.364 rows=1334883 loops=1)
                    Filter: (company_type_id > 1)
                    Rows Removed by Filter: 1274246
  ->  Index Only Scan using title_pkey on title t  (cost=0.43..0.58 rows=1 width=4) (actual time=0.007..0.007 rows=1 loops=195835)
        Index Cond: (id = mc.movie_id)
        Heap Fetches: 195835
Planning time: 1.130 ms
Execution time: 8391.478 ms
