Hash Join  (cost=219197.63..1136113.42 rows=3773758 width=0) (actual time=10914.229..26273.413 rows=8015171 loops=1)
  Hash Cond: (ci.movie_id = t.id)
  ->  Seq Scan on cast_info ci  (cost=0.00..796071.18 rows=6001605 width=4) (actual time=6181.615..14259.000 rows=10568515 loops=1)
        Filter: ((person_id > 2315020) AND (role_id > 2))
        Rows Removed by Filter: 25675829
  ->  Hash  (cost=193112.68..193112.68 rows=1589916 width=8) (actual time=4730.781..4730.781 rows=717308 loops=1)
        Buckets: 131072  Batches: 32  Memory Usage: 1871kB
        ->  Hash Join  (cost=92883.59..193112.68 rows=1589916 width=8) (actual time=1917.996..4537.279 rows=717308 loops=1)
              Hash Cond: (mc.movie_id = t.id)
              ->  Seq Scan on movie_companies mc  (cost=0.00..44881.29 rows=2609129 width=4) (actual time=0.025..1043.608 rows=2609129 loops=1)
              ->  Hash  (cost=67604.59..67604.59 rows=1540800 width=4) (actual time=1839.658..1839.658 rows=1543264 loops=1)
                    Buckets: 131072  Batches: 32  Memory Usage: 2722kB
                    ->  Seq Scan on title t  (cost=0.00..67604.59 rows=1540800 width=4) (actual time=0.024..1314.614 rows=1543264 loops=1)
                          Filter: (kind_id = 7)
                          Rows Removed by Filter: 985048
Planning time: 1.222 ms
Execution time: 27205.868 ms
