Seq Scan on movie_companies mc  (cost=0.00..57926.93 rows=853450 width=0) (actual time=0.025..1111.636 rows=1061133 loops=1)
  Filter: ((company_id > 3377) AND (company_type_id > 1))
  Rows Removed by Filter: 1547996
Planning time: 0.359 ms
Execution time: 1243.317 ms
