Hash Join  (cost=91235.85..580996.24 rows=3696691 width=0) (actual time=2745.869..13582.031 rows=1801253 loops=1)
  Hash Cond: (mi.movie_id = t.id)
  ->  Seq Scan on movie_info mi  (cost=0.00..346232.03 rows=8859586 width=4) (actual time=1024.482..6257.467 rows=8966694 loops=1)
        Filter: (info_type_id < 15)
        Rows Removed by Filter: 5869026
  ->  Hash  (cost=73925.90..73925.90 rows=1055036 width=4) (actual time=1718.890..1718.890 rows=1152351 loops=1)
        Buckets: 131072  Batches: 16  Memory Usage: 3567kB
        ->  Seq Scan on title t  (cost=0.00..73925.90 rows=1055036 width=4) (actual time=0.027..1327.025 rows=1152351 loops=1)
              Filter: ((kind_id > 1) AND (production_year > 1999))
              Rows Removed by Filter: 1375961
Planning time: 0.591 ms
Execution time: 13809.512 ms
