Seq Scan on movie_keyword mk  (cost=0.00..81003.12 rows=1285760 width=0) (actual time=0.025..1287.684 rows=1297082 loops=1)
  Filter: (keyword_id > 13614)
  Rows Removed by Filter: 3226848
Planning time: 0.328 ms
Execution time: 1439.392 ms
