Hash Join  (cost=82581.58..165136.02 rows=544392 width=0) (actual time=1509.674..4135.550 rows=1250619 loops=1)
  Hash Cond: (mc.movie_id = t.id)
  ->  Seq Scan on movie_companies mc  (cost=0.00..44881.29 rows=2609129 width=4) (actual time=0.023..964.445 rows=2609129 loops=1)
  ->  Hash  (cost=73925.90..73925.90 rows=527574 width=4) (actual time=1508.838..1508.838 rows=609532 loops=1)
        Buckets: 131072  Batches: 8  Memory Usage: 3715kB
        ->  Seq Scan on title t  (cost=0.00..73925.90 rows=527574 width=4) (actual time=0.030..1308.180 rows=609532 loops=1)
              Filter: ((kind_id < 7) AND (production_year < 2005))
              Rows Removed by Filter: 1918780
Planning time: 0.803 ms
Execution time: 4284.646 ms
