Seq Scan on movie_keyword mk  (cost=0.00..81003.12 rows=3901483 width=0) (actual time=0.028..1504.994 rows=3897346 loops=1)
  Filter: (keyword_id < 29307)
  Rows Removed by Filter: 626584
Planning time: 0.352 ms
Execution time: 1974.540 ms
