Hash Join  (cost=83074.74..943824.99 rows=1678 width=0) (actual time=1404.258..20652.944 rows=2115 loops=1)
  Hash Cond: (ci.movie_id = t.id)
  ->  Seq Scan on cast_info ci  (cost=0.00..796071.18 rows=17243275 width=4) (actual time=0.020..16410.103 rows=20910965 loops=1)
        Filter: ((person_id > 930993) AND (role_id > 1))
        Rows Removed by Filter: 15333379
  ->  Hash  (cost=83071.67..83071.67 rows=246 width=8) (actual time=1388.263..1388.263 rows=61 loops=1)
        Buckets: 1024  Batches: 1  Memory Usage: 11kB
        ->  Nested Loop  (cost=0.43..83071.67 rows=246 width=8) (actual time=1.166..1388.171 rows=61 loops=1)
              ->  Seq Scan on movie_keyword mk  (cost=0.00..81003.12 rows=246 width=4) (actual time=1.106..1384.074 rows=61 loops=1)
                    Filter: (keyword_id = 12662)
                    Rows Removed by Filter: 4523869
              ->  Index Only Scan using title_pkey on title t  (cost=0.43..8.40 rows=1 width=4) (actual time=0.061..0.062 rows=1 loops=61)
                    Index Cond: (id = mk.movie_id)
                    Heap Fetches: 61
Planning time: 1.177 ms
Execution time: 20654.255 ms
