Hash Join  (cost=74626.76..442550.96 rows=326828 width=0) (actual time=1119.952..9848.598 rows=468688 loops=1)
  Hash Cond: (mi.movie_id = t.id)
  ->  Seq Scan on movie_info mi  (cost=0.00..309384.22 rows=14739122 width=4) (actual time=0.019..4395.802 rows=14835720 loops=1)
  ->  Hash  (cost=73925.90..73925.90 rows=56068 width=4) (actual time=1119.434..1119.434 rows=48342 loops=1)
        Buckets: 65536  Batches: 1  Memory Usage: 2212kB
        ->  Seq Scan on title t  (cost=0.00..73925.90 rows=56068 width=4) (actual time=0.066..1099.704 rows=48342 loops=1)
              Filter: ((kind_id < 4) AND (production_year = 2012))
              Rows Removed by Filter: 2479970
Planning time: 0.757 ms
Execution time: 9918.308 ms
