Hash Join  (cost=102767.86..233580.23 rows=1659400 width=0) (actual time=1981.814..5224.352 rows=1665902 loops=1)
  Hash Cond: (mk.movie_id = t.id)
  ->  Seq Scan on movie_keyword mk  (cost=0.00..81003.12 rows=1659400 width=4) (actual time=0.020..1597.835 rows=1665902 loops=1)
        Filter: (keyword_id > 8738)
        Rows Removed by Filter: 2858028
  ->  Hash  (cost=61283.27..61283.27 rows=2528527 width=4) (actual time=1979.085..1979.085 rows=2528312 loops=1)
        Buckets: 131072  Batches: 64  Memory Usage: 2425kB
        ->  Seq Scan on title t  (cost=0.00..61283.27 rows=2528527 width=4) (actual time=0.021..1106.429 rows=2528312 loops=1)
Planning time: 0.756 ms
Execution time: 5408.187 ms
