Hash Join  (cost=106393.58..858780.18 rows=159738 width=186) (actual time=2524.598..21822.123 rows=22591 loops=1)
  Hash Cond: (ci.movie_id = t.id)
  ->  Seq Scan on cast_info ci  (cost=0.00..614943.12 rows=36225612 width=42) (actual time=0.013..11333.018 rows=36244344 loops=1)
  ->  Hash  (cost=106254.21..106254.21 rows=11150 width=144) (actual time=2523.606..2523.606 rows=4302 loops=1)
        Buckets: 16384  Batches: 1  Memory Usage: 693kB
        ->  Hash Join  (cost=69252.15..106254.21 rows=11150 width=144) (actual time=2018.444..2520.168 rows=4302 loops=1)
              Hash Cond: (mi_idx.movie_id = t.id)
              ->  Seq Scan on movie_info_idx mi_idx  (cost=0.00..25185.44 rows=464566 width=50) (actual time=0.026..477.241 rows=459925 loops=1)
                    Filter: (info_type_id = 101)
                    Rows Removed by Filter: 920110
              ->  Hash  (cost=67604.59..67604.59 rows=60685 width=94) (actual time=1847.564..1847.564 rows=59847 loops=1)
                    Buckets: 32768  Batches: 4  Memory Usage: 1946kB
                    ->  Seq Scan on title t  (cost=0.00..67604.59 rows=60685 width=94) (actual time=174.401..1509.960 rows=59847 loops=1)
                          Filter: (production_year < 1915)
                          Rows Removed by Filter: 2468465
Planning time: 1.476 ms
Execution time: 21824.689 ms
