Hash Join  (cost=129926.62..217274.81 rows=69015 width=0) (actual time=2492.164..3820.689 rows=1269752 loops=1)
  Hash Cond: (mk.movie_id = t.id)
  ->  Seq Scan on movie_keyword mk  (cost=0.00..69693.30 rows=4523930 width=4) (actual time=0.024..511.696 rows=4523930 loops=1)
  ->  Hash  (cost=129444.44..129444.44 rows=38574 width=8) (actual time=2491.456..2491.456 rows=48213 loops=1)
        Buckets: 65536  Batches: 1  Memory Usage: 2396kB
        ->  Hash Join  (cost=74393.18..129444.44 rows=38574 width=8) (actual time=1246.305..2473.660 rows=48213 loops=1)
              Hash Cond: (mc.movie_id = t.id)
              ->  Seq Scan on movie_companies mc  (cost=0.00..44881.29 rows=2609129 width=4) (actual time=0.026..593.044 rows=2609129 loops=1)
              ->  Hash  (cost=73925.90..73925.90 rows=37382 width=4) (actual time=1185.934..1185.934 rows=33190 loops=1)
                    Buckets: 65536  Batches: 1  Memory Usage: 1679kB
                    ->  Seq Scan on title t  (cost=0.00..73925.90 rows=37382 width=4) (actual time=0.027..1172.473 rows=33190 loops=1)
                          Filter: ((kind_id = 1) AND (production_year = 2010))
                          Rows Removed by Filter: 2495122
Planning time: 8.092 ms
Execution time: 3933.091 ms
