Seq Scan on cast_info ci  (cost=0.00..796071.18 rows=2553331 width=0) (actual time=3899.612..12533.379 rows=3748224 loops=1)
  Filter: ((person_id > 1451389) AND (role_id = 10))
  Rows Removed by Filter: 32496120
Planning time: 0.661 ms
Execution time: 12983.272 ms
