Hash Join  (cost=74050.79..201569.32 rows=532860 width=0) (actual time=1211.539..4378.790 rows=233176 loops=1)
  Hash Cond: (mk.movie_id = t.id)
  ->  Seq Scan on movie_keyword mk  (cost=0.00..81003.12 rows=3429281 width=4) (actual time=0.027..1603.104 rows=3421248 loops=1)
        Filter: (keyword_id > 1133)
        Rows Removed by Filter: 1102682
  ->  Hash  (cost=67604.59..67604.59 rows=392896 width=4) (actual time=1210.316..1210.316 rows=391666 loops=1)
        Buckets: 131072  Batches: 8  Memory Usage: 2759kB
        ->  Seq Scan on title t  (cost=0.00..67604.59 rows=392896 width=4) (actual time=0.019..1076.147 rows=391666 loops=1)
              Filter: (production_year > 2010)
              Rows Removed by Filter: 2136646
Planning time: 0.750 ms
Execution time: 4407.061 ms
