Hash Join  (cost=428951.72..524421.06 rows=104191 width=0) (actual time=6778.865..8941.843 rows=693465 loops=1)
  Hash Cond: (mk.movie_id = t.id)
  ->  Seq Scan on movie_keyword mk  (cost=0.00..81003.12 rows=3579814 width=4) (actual time=0.015..1465.080 rows=3568643 loops=1)
        Filter: (keyword_id < 19853)
        Rows Removed by Filter: 955287
  ->  Hash  (cost=428031.81..428031.81 rows=73593 width=8) (actual time=6778.114..6778.114 rows=28078 loops=1)
        Buckets: 131072  Batches: 1  Memory Usage: 2121kB
        ->  Hash Join  (cost=74050.79..428031.81 rows=73593 width=8) (actual time=2263.622..6768.587 rows=28078 loops=1)
              Hash Cond: (mi.movie_id = t.id)
              ->  Seq Scan on movie_info mi  (cost=0.00..346232.03 rows=473617 width=4) (actual time=944.879..5187.266 rows=486554 loops=1)
                    Filter: (info_type_id = 5)
                    Rows Removed by Filter: 14349166
              ->  Hash  (cost=67604.59..67604.59 rows=392896 width=4) (actual time=1316.906..1316.906 rows=391666 loops=1)
                    Buckets: 131072  Batches: 8  Memory Usage: 2759kB
                    ->  Seq Scan on title t  (cost=0.00..67604.59 rows=392896 width=4) (actual time=0.029..1179.496 rows=391666 loops=1)
                          Filter: (production_year > 2010)
                          Rows Removed by Filter: 2136646
Planning time: 1.218 ms
Execution time: 9029.553 ms
