Hash Join  (cost=76379.89..182641.37 rows=358264 width=0) (actual time=1228.075..3443.456 rows=195970 loops=1)
  Hash Cond: (mk.movie_id = t.id)
  ->  Seq Scan on movie_keyword mk  (cost=0.00..81003.12 rows=1693791 width=4) (actual time=0.039..1436.131 rows=1705452 loops=1)
        Filter: (keyword_id > 8438)
        Rows Removed by Filter: 2818478
  ->  Hash  (cost=67604.59..67604.59 rows=534824 width=4) (actual time=1226.486..1226.486 rows=533369 loops=1)
        Buckets: 131072  Batches: 8  Memory Usage: 3376kB
        ->  Seq Scan on title t  (cost=0.00..67604.59 rows=534824 width=4) (actual time=0.029..1046.338 rows=533369 loops=1)
              Filter: (production_year > 2009)
              Rows Removed by Filter: 1994943
Planning time: 1.195 ms
Execution time: 3462.619 ms
