Hash Join  (cost=152186.94..236306.89 rows=657942 width=0) (actual time=3249.191..5953.139 rows=1044006 loops=1)
  Hash Cond: (mc.movie_id = t.id)
  ->  Seq Scan on movie_companies mc  (cost=0.00..44881.29 rows=2609129 width=4) (actual time=0.029..879.322 rows=2609129 loops=1)
  ->  Hash  (cost=141725.73..141725.73 rows=637617 width=8) (actual time=3247.959..3247.959 rows=484419 loops=1)
        Buckets: 131072  Batches: 16  Memory Usage: 2223kB
        ->  Hash Join  (cost=93093.08..141725.73 rows=637617 width=8) (actual time=1752.220..3125.104 rows=484419 loops=1)
              Hash Cond: (mi_idx.movie_id = t.id)
              ->  Seq Scan on movie_info_idx mi_idx  (cost=0.00..21735.35 rows=1380035 width=4) (actual time=0.016..449.183 rows=1380035 loops=1)
              ->  Hash  (cost=73925.90..73925.90 rows=1168254 width=4) (actual time=1751.020..1751.020 rows=1132488 loops=1)
                    Buckets: 131072  Batches: 16  Memory Usage: 3518kB
                    ->  Seq Scan on title t  (cost=0.00..73925.90 rows=1168254 width=4) (actual time=0.022..1400.534 rows=1132488 loops=1)
                          Filter: ((kind_id > 2) AND (production_year < 2008))
                          Rows Removed by Filter: 1395824
Planning time: 2.720 ms
Execution time: 6082.239 ms
