Seq Scan on movie_companies mc  (cost=0.00..57926.93 rows=133355 width=0) (actual time=347.416..824.076 rows=265919 loops=1)
  Filter: ((company_id > 98486) AND (company_type_id = 2))
  Rows Removed by Filter: 2343210
Planning time: 0.422 ms
Execution time: 857.903 ms
