Hash Join  (cost=365418.15..1896598.21 rows=37255576 width=0) (actual time=8468.219..71183.846 rows=132348849 loops=1)
  Hash Cond: (ci.movie_id = t.id)
  ->  Seq Scan on cast_info ci  (cost=0.00..796071.18 rows=20822986 width=4) (actual time=0.024..18897.220 rows=24624713 loops=1)
        Filter: ((person_id < 2879603) AND (role_id < 5))
        Rows Removed by Filter: 11619631
  ->  Hash  (cost=291197.02..291197.02 rows=4523930 width=8) (actual time=8466.117..8466.117 rows=4523930 loops=1)
        Buckets: 131072  Batches: 64  Memory Usage: 3816kB
        ->  Hash Join  (cost=102767.86..291197.02 rows=4523930 width=8) (actual time=1958.696..7199.299 rows=4523930 loops=1)
              Hash Cond: (mk.movie_id = t.id)
              ->  Seq Scan on movie_keyword mk  (cost=0.00..69693.30 rows=4523930 width=4) (actual time=0.007..1529.967 rows=4523930 loops=1)
              ->  Hash  (cost=61283.27..61283.27 rows=2528527 width=4) (actual time=1957.746..1957.746 rows=2528312 loops=1)
                    Buckets: 131072  Batches: 64  Memory Usage: 2425kB
                    ->  Seq Scan on title t  (cost=0.00..61283.27 rows=2528527 width=4) (actual time=0.021..1105.843 rows=2528312 loops=1)
Planning time: 1.163 ms
Execution time: 85828.566 ms
