Hash Join  (cost=468538.12..600105.53 rows=702243 width=0) (actual time=8575.676..11726.309 rows=234642 loops=1)
  Hash Cond: (mk.movie_id = t.id)
  ->  Seq Scan on movie_keyword mk  (cost=0.00..81003.12 rows=3598894 width=4) (actual time=0.026..1752.629 rows=3605668 loops=1)
        Filter: (keyword_id < 20330)
        Rows Removed by Filter: 918262
  ->  Hash  (cost=460442.81..460442.81 rows=493385 width=8) (actual time=7888.501..7888.501 rows=169038 loops=1)
        Buckets: 131072  Batches: 8  Memory Usage: 1845kB
        ->  Hash Join  (cost=92883.59..460442.81 rows=493385 width=8) (actual time=3102.550..7834.038 rows=169038 loops=1)
              Hash Cond: (mi.movie_id = t.id)
              ->  Seq Scan on movie_info mi  (cost=0.00..346232.03 rows=809669 width=4) (actual time=1374.763..5396.067 rows=802140 loops=1)
                    Filter: (info_type_id = 1)
                    Rows Removed by Filter: 14033580
              ->  Hash  (cost=67604.59..67604.59 rows=1540800 width=4) (actual time=1726.415..1726.415 rows=1543264 loops=1)
                    Buckets: 131072  Batches: 32  Memory Usage: 2728kB
                    ->  Seq Scan on title t  (cost=0.00..67604.59 rows=1540800 width=4) (actual time=62.115..1208.324 rows=1543264 loops=1)
                          Filter: (kind_id = 7)
                          Rows Removed by Filter: 985048
Planning time: 1.180 ms
Execution time: 11754.345 ms
