Seq Scan on movie_companies mc  (cost=0.00..57926.93 rows=769391 width=0) (actual time=449.283..1016.813 rows=990954 loops=1)
  Filter: ((company_id > 7302) AND (company_type_id > 1))
  Rows Removed by Filter: 1618175
Planning time: 0.341 ms
Execution time: 1141.235 ms
