Nested Loop  (cost=0.43..83071.67 rows=246 width=0) (actual time=2.842..1265.642 rows=880 loops=1)
  ->  Seq Scan on movie_keyword mk  (cost=0.00..81003.12 rows=246 width=4) (actual time=2.777..1244.662 rows=880 loops=1)
        Filter: (keyword_id = 4673)
        Rows Removed by Filter: 4523050
  ->  Index Only Scan using title_pkey on title t  (cost=0.43..8.40 rows=1 width=4) (actual time=0.022..0.022 rows=1 loops=880)
        Index Cond: (id = mk.movie_id)
        Heap Fetches: 880
Planning time: 0.811 ms
Execution time: 1266.027 ms
