Seq Scan on cast_info ci  (cost=0.00..796071.18 rows=2504908 width=0) (actual time=443.688..11846.302 rows=5670990 loops=1)
  Filter: ((person_id > 3082776) AND (role_id > 2))
  Rows Removed by Filter: 30573354
Planning time: 0.380 ms
Execution time: 12500.218 ms
