Hash Join  (cost=100908.38..155590.28 rows=1636 width=0) (actual time=1858.004..3021.859 rows=23387 loops=1)
  Hash Cond: (mc.movie_id = t.id)
  ->  Seq Scan on movie_companies mc  (cost=0.00..44881.29 rows=2609129 width=4) (actual time=0.022..644.674 rows=2609129 loops=1)
  ->  Hash  (cost=100888.56..100888.56 rows=1586 width=8) (actual time=1857.852..1857.852 rows=7429 loops=1)
        Buckets: 8192 (originally 2048)  Batches: 1 (originally 1)  Memory Usage: 355kB
        ->  Hash Join  (cost=73962.22..100888.56 rows=1586 width=8) (actual time=1254.716..1855.003 rows=7429 loops=1)
              Hash Cond: (mi_idx.movie_id = t.id)
              ->  Seq Scan on movie_info_idx mi_idx  (cost=0.00..21735.35 rows=1380035 width=4) (actual time=0.018..311.722 rows=1380035 loops=1)
              ->  Hash  (cost=73925.90..73925.90 rows=2905 width=4) (actual time=1254.054..1254.054 rows=6330 loops=1)
                    Buckets: 8192 (originally 4096)  Batches: 1 (originally 1)  Memory Usage: 287kB
                    ->  Seq Scan on title t  (cost=0.00..73925.90 rows=2905 width=4) (actual time=0.587..1250.759 rows=6330 loops=1)
                          Filter: ((kind_id < 7) AND (production_year = 1978))
                          Rows Removed by Filter: 2521982
Planning time: 1.173 ms
Execution time: 3025.614 ms
