Hash Join  (cost=75818.69..586764.05 rows=2918344 width=0) (actual time=1392.901..15736.334 rows=4298267 loops=1)
  Hash Cond: (mi.movie_id = t.id)
  ->  Seq Scan on movie_info mi  (cost=0.00..309384.22 rows=14739122 width=4) (actual time=0.033..6256.128 rows=14835720 loops=1)
  ->  Hash  (cost=67604.59..67604.59 rows=500648 width=4) (actual time=1391.975..1391.975 rows=494029 loops=1)
        Buckets: 131072  Batches: 8  Memory Usage: 3194kB
        ->  Seq Scan on title t  (cost=0.00..67604.59 rows=500648 width=4) (actual time=0.030..1224.337 rows=494029 loops=1)
              Filter: (production_year < 1979)
              Rows Removed by Filter: 2034283
Planning time: 0.979 ms
Execution time: 16200.426 ms
