Hash Join  (cost=81703.78..209123.59 rows=621798 width=0) (actual time=1330.345..5446.110 rows=1849711 loops=1)
  Hash Cond: (mk.movie_id = t.id)
  ->  Seq Scan on movie_keyword mk  (cost=0.00..81003.12 rows=3316455 width=4) (actual time=0.028..1712.968 rows=3319109 loops=1)
        Filter: (keyword_id > 1514)
        Rows Removed by Filter: 1204821
  ->  Hash  (cost=73925.90..73925.90 rows=474070 width=4) (actual time=1329.497..1329.497 rows=496025 loops=1)
        Buckets: 131072  Batches: 8  Memory Usage: 3223kB
        ->  Seq Scan on title t  (cost=0.00..73925.90 rows=474070 width=4) (actual time=0.023..1172.957 rows=496025 loops=1)
              Filter: ((kind_id < 2) AND (production_year < 2009))
              Rows Removed by Filter: 2032287
Planning time: 0.818 ms
Execution time: 5655.163 ms
