Hash Join  (cost=101489.21..1054690.34 rows=5803228 width=0) (actual time=4235.340..24152.602 rows=8628537 loops=1)
  Hash Cond: (ci.movie_id = t.id)
  ->  Seq Scan on cast_info ci  (cost=0.00..796071.18 rows=7104733 width=4) (actual time=1893.861..13093.436 rows=10947501 loops=1)
        Filter: ((person_id > 2610045) AND (role_id > 1))
        Rows Removed by Filter: 25296843
  ->  Hash  (cost=67604.59..67604.59 rows=2065330 width=4) (actual time=2340.323..2340.323 rows=2064552 loops=1)
        Buckets: 131072  Batches: 32  Memory Usage: 3289kB
        ->  Seq Scan on title t  (cost=0.00..67604.59 rows=2065330 width=4) (actual time=0.032..1428.703 rows=2064552 loops=1)
              Filter: (production_year < 2011)
              Rows Removed by Filter: 463760
Planning time: 0.768 ms
Execution time: 25160.465 ms
