Hash Join  (cost=70342.62..101858.79 rows=30661 width=0) (actual time=1127.847..1818.856 rows=28875 loops=1)
  Hash Cond: (mi_idx.movie_id = t.id)
  ->  Seq Scan on movie_info_idx mi_idx  (cost=0.00..25185.44 rows=464566 width=4) (actual time=0.015..459.129 rows=459925 loops=1)
        Filter: (info_type_id = 101)
        Rows Removed by Filter: 920110
  ->  Hash  (cost=67604.59..67604.59 rows=166883 width=4) (actual time=1126.825..1126.825 rows=168947 loops=1)
        Buckets: 131072  Batches: 4  Memory Usage: 2507kB
        ->  Seq Scan on title t  (cost=0.00..67604.59 rows=166883 width=4) (actual time=0.444..1069.192 rows=168947 loops=1)
              Filter: (production_year < 1951)
              Rows Removed by Filter: 2359365
Planning time: 0.741 ms
Execution time: 1823.166 ms
