Hash Join  (cost=245008.23..811277.96 rows=6827010 width=0) (actual time=7516.995..63626.549 rows=178853702 loops=1)
  Hash Cond: (mi.movie_id = t.id)
  ->  Seq Scan on movie_info mi  (cost=0.00..346232.03 rows=12665229 width=4) (actual time=0.017..7307.469 rows=12744652 loops=1)
        Filter: (info_type_id > 2)
        Rows Removed by Filter: 2091068
  ->  Hash  (cost=222646.16..222646.16 rows=1362966 width=8) (actual time=7515.759..7515.759 rows=2969411 loops=1)
        Buckets: 131072 (originally 131072)  Batches: 64 (originally 32)  Memory Usage: 3073kB
        ->  Hash Join  (cost=83810.17..222646.16 rows=1362966 width=8) (actual time=2333.424..6609.884 rows=2969411 loops=1)
              Hash Cond: (mk.movie_id = t.id)
              ->  Seq Scan on movie_keyword mk  (cost=0.00..81003.12 rows=3489119 width=4) (actual time=0.020..1738.295 rows=3486850 loops=1)
                    Filter: (keyword_id > 1025)
                    Rows Removed by Filter: 1037080
              ->  Hash  (cost=67604.59..67604.59 rows=987727 width=4) (actual time=2332.591..2332.591 rows=985048 loops=1)
                    Buckets: 131072  Batches: 16  Memory Usage: 3197kB
                    ->  Seq Scan on title t  (cost=0.00..67604.59 rows=987727 width=4) (actual time=0.051..1214.998 rows=985048 loops=1)
                          Filter: (kind_id < 7)
                          Rows Removed by Filter: 1543264
Planning time: 2.386 ms
Execution time: 84334.425 ms
