Seq Scan on cast_info ci  (cost=0.00..705507.15 rows=2080325 width=0) (actual time=2895.274..10121.970 rows=2125724 loops=1)
  Filter: (person_id > 3647314)
  Rows Removed by Filter: 34118620
Planning time: 2.173 ms
Execution time: 10382.856 ms
