Nested Loop  (cost=40265.08..178097.49 rows=12935 width=0) (actual time=880.989..3057.641 rows=48701 loops=1)
  ->  Hash Join  (cost=40264.65..132071.18 rows=70451 width=8) (actual time=880.910..2372.607 rows=48701 loops=1)
        Hash Cond: (mk.movie_id = mi_idx.movie_id)
        ->  Seq Scan on movie_keyword mk  (cost=0.00..81003.12 rows=35588 width=4) (actual time=1.286..1308.753 rows=34710 loops=1)
              Filter: (keyword_id = 2488)
              Rows Removed by Filter: 4489220
        ->  Hash  (cost=25185.44..25185.44 rows=919057 width=4) (actual time=871.495..871.495 rows=920110 loops=1)
              Buckets: 131072  Batches: 16  Memory Usage: 3057kB
              ->  Seq Scan on movie_info_idx mi_idx  (cost=0.00..25185.44 rows=919057 width=4) (actual time=0.031..559.285 rows=920110 loops=1)
                    Filter: (info_type_id > 99)
                    Rows Removed by Filter: 459925
  ->  Index Only Scan using title_pkey on title t  (cost=0.43..0.64 rows=1 width=4) (actual time=0.013..0.014 rows=1 loops=48701)
        Index Cond: (id = mi_idx.movie_id)
        Heap Fetches: 48701
Planning time: 1.131 ms
Execution time: 3067.136 ms
