Nested Loop  (cost=0.43..28266.72 rows=113 width=0) (actual time=190.034..420.086 rows=149 loops=1)
  ->  Seq Scan on movie_info_idx mi_idx  (cost=0.00..25185.44 rows=368 width=4) (actual time=189.940..412.304 rows=260 loops=1)
        Filter: (info_type_id > 101)
        Rows Removed by Filter: 1379775
  ->  Index Scan using title_pkey on title t  (cost=0.43..8.36 rows=1 width=4) (actual time=0.029..0.029 rows=1 loops=260)
        Index Cond: (id = mi_idx.movie_id)
        Filter: (production_year < 1994)
        Rows Removed by Filter: 0
Planning time: 0.819 ms
Execution time: 420.232 ms
