Hash Join  (cost=94699.36..846070.04 rows=58152 width=0) (actual time=2248.624..17117.928 rows=42 loops=1)
  Hash Cond: (ci.movie_id = t.id)
  ->  Seq Scan on cast_info ci  (cost=0.00..614943.12 rows=36225612 width=4) (actual time=0.013..8952.271 rows=36244344 loops=1)
  ->  Hash  (cost=94648.62..94648.62 rows=4059 width=8) (actual time=1596.656..1596.656 rows=3 loops=1)
        Buckets: 4096  Batches: 1  Memory Usage: 33kB
        ->  Hash Join  (cost=67697.55..94648.62 rows=4059 width=8) (actual time=975.351..1596.645 rows=3 loops=1)
              Hash Cond: (mi_idx.movie_id = t.id)
              ->  Seq Scan on movie_info_idx mi_idx  (cost=0.00..21735.35 rows=1380035 width=4) (actual time=0.024..370.603 rows=1380035 loops=1)
              ->  Hash  (cost=67604.59..67604.59 rows=7437 width=4) (actual time=969.730..969.730 rows=3077 loops=1)
                    Buckets: 8192  Batches: 1  Memory Usage: 173kB
                    ->  Seq Scan on title t  (cost=0.00..67604.59 rows=7437 width=4) (actual time=1.802..968.142 rows=3077 loops=1)
                          Filter: (production_year = 2014)
                          Rows Removed by Filter: 2525235
Planning time: 1.156 ms
Execution time: 17118.066 ms
