Hash Join  (cost=83074.74..833899.15 rows=3524 width=0) (actual time=1313.655..18174.712 rows=154443 loops=1)
  Hash Cond: (ci.movie_id = t.id)
  ->  Seq Scan on cast_info ci  (cost=0.00..614943.12 rows=36225612 width=4) (actual time=0.025..9317.279 rows=36244344 loops=1)
  ->  Hash  (cost=83071.67..83071.67 rows=246 width=8) (actual time=1313.573..1313.573 rows=2584 loops=1)
        Buckets: 4096 (originally 1024)  Batches: 1 (originally 1)  Memory Usage: 133kB
        ->  Nested Loop  (cost=0.43..83071.67 rows=246 width=8) (actual time=0.470..1311.749 rows=2584 loops=1)
              ->  Seq Scan on movie_keyword mk  (cost=0.00..81003.12 rows=246 width=4) (actual time=0.413..1218.421 rows=2584 loops=1)
                    Filter: (keyword_id = 3244)
                    Rows Removed by Filter: 4521346
              ->  Index Only Scan using title_pkey on title t  (cost=0.43..8.40 rows=1 width=4) (actual time=0.035..0.035 rows=1 loops=2584)
                    Index Cond: (id = mk.movie_id)
                    Heap Fetches: 2584
Planning time: 1.125 ms
Execution time: 18204.532 ms
