Hash Join  (cost=83074.74..111692.70 rows=89 width=0) (actual time=1346.207..2006.307 rows=1432 loops=1)
  Hash Cond: (mi_idx.movie_id = t.id)
  ->  Seq Scan on movie_info_idx mi_idx  (cost=0.00..25185.44 rows=915101 width=4) (actual time=0.020..523.658 rows=919850 loops=1)
        Filter: (info_type_id < 101)
        Rows Removed by Filter: 460185
  ->  Hash  (cost=83071.67..83071.67 rows=246 width=8) (actual time=1345.928..1345.928 rows=1136 loops=1)
        Buckets: 2048 (originally 1024)  Batches: 1 (originally 1)  Memory Usage: 61kB
        ->  Nested Loop  (cost=0.43..83071.67 rows=246 width=8) (actual time=1.724..1345.055 rows=1136 loops=1)
              ->  Seq Scan on movie_keyword mk  (cost=0.00..81003.12 rows=246 width=4) (actual time=1.666..1268.553 rows=1136 loops=1)
                    Filter: (keyword_id = 6019)
                    Rows Removed by Filter: 4522794
              ->  Index Only Scan using title_pkey on title t  (cost=0.43..8.40 rows=1 width=4) (actual time=0.066..0.066 rows=1 loops=1136)
                    Index Cond: (id = mk.movie_id)
                    Heap Fetches: 1136
Planning time: 1.173 ms
Execution time: 2006.726 ms
