Seq Scan on cast_info ci  (cost=0.00..796071.18 rows=882070 width=0) (actual time=0.027..12483.789 rows=3618926 loops=1)
  Filter: ((person_id > 3304211) AND (role_id > 6))
  Rows Removed by Filter: 32625418
Planning time: 0.335 ms
Execution time: 12946.723 ms
