Hash Join  (cost=709675.59..738308.20 rows=71 width=0) (actual time=11635.734..11982.963 rows=10 loops=1)
  Hash Cond: (mi_idx.movie_id = t.id)
  ->  Seq Scan on movie_info_idx mi_idx  (cost=0.00..25185.44 rows=919057 width=4) (actual time=0.021..475.278 rows=920110 loops=1)
        Filter: (info_type_id > 99)
        Rows Removed by Filter: 459925
  ->  Hash  (cost=709673.15..709673.15 rows=195 width=8) (actual time=11381.579..11381.579 rows=6 loops=1)
        Buckets: 1024  Batches: 1  Memory Usage: 9kB
        ->  Nested Loop  (cost=0.43..709673.15 rows=195 width=8) (actual time=572.382..11381.567 rows=6 loops=1)
              ->  Seq Scan on cast_info ci  (cost=0.00..705507.15 rows=500 width=4) (actual time=572.317..11380.650 rows=42 loops=1)
                    Filter: (person_id = 2366771)
                    Rows Removed by Filter: 36244302
              ->  Index Scan using title_pkey on title t  (cost=0.43..8.32 rows=1 width=4) (actual time=0.021..0.021 rows=0 loops=42)
                    Index Cond: (id = ci.movie_id)
                    Filter: (kind_id < 7)
                    Rows Removed by Filter: 1
Planning time: 1.126 ms
Execution time: 11983.136 ms
