Hash Join  (cost=79863.89..188066.56 rows=284027 width=0) (actual time=1223.949..4570.907 rows=889728 loops=1)
  Hash Cond: (mk.movie_id = t.id)
  ->  Seq Scan on movie_keyword mk  (cost=0.00..81003.12 rows=1984340 width=4) (actual time=0.013..1592.644 rows=1984712 loops=1)
        Filter: (keyword_id < 3511)
        Rows Removed by Filter: 2539218
  ->  Hash  (cost=73925.90..73925.90 rows=361919 width=4) (actual time=1222.837..1222.837 rows=470371 loops=1)
        Buckets: 131072  Batches: 8  Memory Usage: 3110kB
        ->  Seq Scan on title t  (cost=0.00..73925.90 rows=361919 width=4) (actual time=0.054..1068.827 rows=470371 loops=1)
              Filter: ((kind_id < 7) AND (production_year < 1998))
              Rows Removed by Filter: 2057941
Planning time: 0.845 ms
Execution time: 4678.469 ms
