Hash Join  (cost=156487.41..1232825.24 rows=5026150 width=0) (actual time=3188.451..35303.904 rows=10259282 loops=1)
  Hash Cond: (ci.movie_id = t.id)
  ->  Seq Scan on cast_info ci  (cost=0.00..705507.15 rows=27569114 width=4) (actual time=0.018..15484.523 rows=27708728 loops=1)
        Filter: (person_id > 838912)
        Rows Removed by Filter: 8535616
  ->  Hash  (cost=148924.19..148924.19 rows=460978 width=8) (actual time=3187.738..3187.738 rows=459925 loops=1)
        Buckets: 131072  Batches: 8  Memory Usage: 3275kB
        ->  Hash Join  (cost=102767.86..148924.19 rows=460978 width=8) (actual time=1769.949..3044.971 rows=459925 loops=1)
              Hash Cond: (mi_idx.movie_id = t.id)
              ->  Seq Scan on movie_info_idx mi_idx  (cost=0.00..25185.44 rows=460978 width=4) (actual time=0.012..417.115 rows=459925 loops=1)
                    Filter: (info_type_id = 99)
                    Rows Removed by Filter: 920110
              ->  Hash  (cost=61283.27..61283.27 rows=2528527 width=4) (actual time=1769.153..1769.153 rows=2528312 loops=1)
                    Buckets: 131072  Batches: 64  Memory Usage: 2415kB
                    ->  Seq Scan on title t  (cost=0.00..61283.27 rows=2528527 width=4) (actual time=0.014..946.405 rows=2528312 loops=1)
Planning time: 1.108 ms
Execution time: 36471.961 ms
