Hash Join  (cost=476082.36..557043.96 rows=428807 width=0) (actual time=8550.053..12155.442 rows=7173432 loops=1)
  Hash Cond: (mc.movie_id = t.id)
  ->  Seq Scan on movie_companies mc  (cost=0.00..44881.29 rows=2609129 width=4) (actual time=0.015..985.194 rows=2609129 loops=1)
  ->  Hash  (cost=469263.86..469263.86 rows=415560 width=8) (actual time=8549.229..8549.229 rows=503792 loops=1)
        Buckets: 131072  Batches: 8  Memory Usage: 3489kB
        ->  Hash Join  (cost=104131.46..469263.86 rows=415560 width=8) (actual time=3224.172..8395.486 rows=503792 loops=1)
              Hash Cond: (mi.movie_id = t.id)
              ->  Seq Scan on movie_info mi  (cost=0.00..346232.03 rows=471955 width=4) (actual time=1156.874..5536.231 rows=543367 loops=1)
                    Filter: (info_type_id > 98)
                    Rows Removed by Filter: 14292353
              ->  Hash  (cost=67604.59..67604.59 rows=2226390 width=4) (actual time=2064.947..2064.947 rows=2224569 loops=1)
                    Buckets: 131072  Batches: 32  Memory Usage: 3472kB
                    ->  Seq Scan on title t  (cost=0.00..67604.59 rows=2226390 width=4) (actual time=0.023..1337.962 rows=2224569 loops=1)
                          Filter: (production_year < 2012)
                          Rows Removed by Filter: 303743
Planning time: 3.828 ms
Execution time: 12884.189 ms
