Hash Join  (cost=102767.86..286446.15 rows=3856441 width=0) (actual time=1865.044..6444.334 rows=3850483 loops=1)
  Hash Cond: (mk.movie_id = t.id)
  ->  Seq Scan on movie_keyword mk  (cost=0.00..81003.12 rows=3856441 width=4) (actual time=0.014..1738.325 rows=3850483 loops=1)
        Filter: (keyword_id < 27844)
        Rows Removed by Filter: 673447
  ->  Hash  (cost=61283.27..61283.27 rows=2528527 width=4) (actual time=1863.575..1863.575 rows=2528312 loops=1)
        Buckets: 131072  Batches: 64  Memory Usage: 2425kB
        ->  Seq Scan on title t  (cost=0.00..61283.27 rows=2528527 width=4) (actual time=0.022..1012.823 rows=2528312 loops=1)
Planning time: 0.696 ms
Execution time: 6816.490 ms
