Seq Scan on movie_companies mc  (cost=0.00..51404.11 rows=1522703 width=0) (actual time=0.029..963.124 rows=1509514 loops=1)
  Filter: (company_id < 14069)
  Rows Removed by Filter: 1099615
Planning time: 0.318 ms
Execution time: 1157.014 ms
