Seq Scan on movie_keyword mk  (cost=0.00..81003.12 rows=2863976 width=0) (actual time=0.026..1534.682 rows=2857418 loops=1)
  Filter: (keyword_id < 8733)
  Rows Removed by Filter: 1666512
Planning time: 0.285 ms
Execution time: 1888.168 ms
