Hash Join  (cost=944425.40..1085660.94 rows=1578650 width=0) (actual time=14541.641..17357.915 rows=7201 loops=1)
  Hash Cond: (mk.movie_id = t.id)
  ->  Seq Scan on movie_keyword mk  (cost=0.00..69693.30 rows=4523930 width=4) (actual time=0.023..1484.314 rows=4523930 loops=1)
  ->  Hash  (cost=929949.11..929949.11 rows=882343 width=8) (actual time=14159.410..14159.410 rows=1164 loops=1)
        Buckets: 131072  Batches: 16  Memory Usage: 1034kB
        ->  Hash Join  (cost=102767.86..929949.11 rows=882343 width=8) (actual time=8159.292..14158.175 rows=1164 loops=1)
              Hash Cond: (ci.movie_id = t.id)
              ->  Seq Scan on cast_info ci  (cost=0.00..796071.18 rows=882343 width=4) (actual time=6118.925..11806.825 rows=1164 loops=1)
                    Filter: ((person_id < 409297) AND (role_id = 2))
                    Rows Removed by Filter: 36243180
              ->  Hash  (cost=61283.27..61283.27 rows=2528527 width=4) (actual time=1984.024..1984.024 rows=2528312 loops=1)
                    Buckets: 131072  Batches: 64  Memory Usage: 2415kB
                    ->  Seq Scan on title t  (cost=0.00..61283.27 rows=2528527 width=4) (actual time=0.027..1154.103 rows=2528312 loops=1)
Planning time: 1.231 ms
Execution time: 17358.824 ms
