Hash Join  (cost=75307.35..560350.18 rows=490790 width=0) (actual time=1196.858..12769.987 rows=870459 loops=1)
  Hash Cond: (mi.movie_id = t.id)
  ->  Seq Scan on movie_info mi  (cost=0.00..309384.22 rows=14739122 width=4) (actual time=2.698..5996.121 rows=14835720 loops=1)
  ->  Hash  (cost=73925.90..73925.90 rows=84196 width=4) (actual time=1193.332..1193.332 rows=116504 loops=1)
        Buckets: 131072  Batches: 2  Memory Usage: 3077kB
        ->  Seq Scan on title t  (cost=0.00..73925.90 rows=84196 width=4) (actual time=665.505..1149.229 rows=116504 loops=1)
              Filter: ((production_year > 1985) AND (kind_id = 4))
              Rows Removed by Filter: 2411808
Planning time: 0.517 ms
Execution time: 12885.236 ms
