Hash Join  (cost=1004710.47..1184072.48 rows=4243906 width=0) (actual time=20531.967..33240.892 rows=30182815 loops=1)
  Hash Cond: (mk.movie_id = t.id)
  ->  Seq Scan on movie_keyword mk  (cost=0.00..69693.30 rows=4523930 width=4) (actual time=0.014..1472.750 rows=4523930 loops=1)
  ->  Hash  (cost=965794.28..965794.28 rows=2372015 width=8) (actual time=20529.954..20529.954 rows=4812330 loops=1)
        Buckets: 131072 (originally 131072)  Batches: 64 (originally 32)  Memory Usage: 4053kB
        ->  Hash Join  (cost=102767.86..965794.28 rows=2372015 width=8) (actual time=8272.943..19062.162 rows=4812330 loops=1)
              Hash Cond: (ci.movie_id = t.id)
              ->  Seq Scan on cast_info ci  (cost=0.00..796071.18 rows=2372015 width=4) (actual time=5999.918..12112.024 rows=4812330 loops=1)
                    Filter: ((person_id < 645804) AND (role_id = 1))
                    Rows Removed by Filter: 31432014
              ->  Hash  (cost=61283.27..61283.27 rows=2528527 width=4) (actual time=2271.610..2271.610 rows=2528312 loops=1)
                    Buckets: 131072  Batches: 64  Memory Usage: 2415kB
                    ->  Seq Scan on title t  (cost=0.00..61283.27 rows=2528527 width=4) (actual time=0.025..1113.602 rows=2528312 loops=1)
Planning time: 1.159 ms
Execution time: 36604.672 ms
