Seq Scan on cast_info ci  (cost=0.00..796071.18 rows=1795505 width=0) (actual time=5512.507..12225.201 rows=3621471 loops=1)
  Filter: ((person_id < 484418) AND (role_id = 1))
  Rows Removed by Filter: 32622873
Planning time: 0.455 ms
Execution time: 12705.461 ms
