Hash Join  (cost=100843.84..851656.50 rows=2353 width=0) (actual time=1741.299..17220.637 rows=15867 loops=1)
  Hash Cond: (ci.movie_id = t.id)
  ->  Seq Scan on cast_info ci  (cost=0.00..614943.12 rows=36225612 width=4) (actual time=0.026..8437.853 rows=36244344 loops=1)
  ->  Hash  (cost=100841.79..100841.79 rows=164 width=8) (actual time=1736.653..1736.653 rows=726 loops=1)
        Buckets: 1024  Batches: 1  Memory Usage: 37kB
        ->  Hash Join  (cost=73929.67..100841.79 rows=164 width=8) (actual time=1162.281..1736.238 rows=726 loops=1)
              Hash Cond: (mi_idx.movie_id = t.id)
              ->  Seq Scan on movie_info_idx mi_idx  (cost=0.00..21735.35 rows=1380035 width=4) (actual time=0.021..316.446 rows=1380035 loops=1)
              ->  Hash  (cost=73925.90..73925.90 rows=301 width=4) (actual time=1159.970..1159.970 rows=1022 loops=1)
                    Buckets: 1024  Batches: 1  Memory Usage: 44kB
                    ->  Seq Scan on title t  (cost=0.00..73925.90 rows=301 width=4) (actual time=634.360..1159.319 rows=1022 loops=1)
                          Filter: ((kind_id = 3) AND (production_year = 1971))
                          Rows Removed by Filter: 2527290
Planning time: 1.232 ms
Execution time: 17224.307 ms
