Seq Scan on title t  (cost=0.00..73925.90 rows=15507 width=0) (actual time=0.239..1095.846 rows=11835 loops=1)
  Filter: ((kind_id < 7) AND (production_year = 1995))
  Rows Removed by Filter: 2516477
Planning time: 0.393 ms
Execution time: 1098.410 ms
