Hash Join  (cost=92917.42..1297083.62 rows=16584104 width=0) (actual time=1708.661..38828.042 rows=18557697 loops=1)
  Hash Cond: (ci.movie_id = t.id)
  ->  Seq Scan on cast_info ci  (cost=0.00..614943.12 rows=36225612 width=4) (actual time=0.022..12678.482 rows=36244344 loops=1)
  ->  Hash  (cost=73925.90..73925.90 rows=1157561 width=4) (actual time=1707.666..1707.666 rows=1267332 loops=1)
        Buckets: 131072  Batches: 16  Memory Usage: 3815kB
        ->  Seq Scan on title t  (cost=0.00..73925.90 rows=1157561 width=4) (actual time=0.013..1317.076 rows=1267332 loops=1)
              Filter: ((kind_id > 1) AND (production_year > 1996))
              Rows Removed by Filter: 1260980
Planning time: 0.784 ms
Execution time: 40811.519 ms
