Hash Join  (cost=493360.23..539031.87 rows=465016 width=0) (actual time=8595.791..10216.495 rows=1939705 loops=1)
  Hash Cond: (mi_idx.movie_id = t.id)
  ->  Seq Scan on movie_info_idx mi_idx  (cost=0.00..21735.35 rows=1380035 width=4) (actual time=0.024..409.772 rows=1380035 loops=1)
  ->  Hash  (cost=479381.08..479381.08 rows=852012 width=8) (actual time=8595.049..8595.049 rows=900340 loops=1)
        Buckets: 131072  Batches: 16  Memory Usage: 3197kB
        ->  Hash Join  (cost=102767.86..479381.08 rows=852012 width=8) (actual time=1946.561..8336.766 rows=900340 loops=1)
              Hash Cond: (mi.movie_id = t.id)
              ->  Seq Scan on movie_info mi  (cost=0.00..346232.03 rows=852012 width=4) (actual time=0.034..5242.320 rows=900340 loops=1)
                    Filter: (info_type_id > 94)
                    Rows Removed by Filter: 13935380
              ->  Hash  (cost=61283.27..61283.27 rows=2528527 width=4) (actual time=1945.192..1945.192 rows=2528312 loops=1)
                    Buckets: 131072  Batches: 64  Memory Usage: 2425kB
                    ->  Seq Scan on title t  (cost=0.00..61283.27 rows=2528527 width=4) (actual time=0.019..1077.251 rows=2528312 loops=1)
Planning time: 1.122 ms
Execution time: 10434.551 ms
