Seq Scan on movie_companies mc  (cost=0.00..51404.11 rows=2194986 width=0) (actual time=0.021..909.061 rows=2194227 loops=1)
  Filter: (company_id > 284)
  Rows Removed by Filter: 414902
Planning time: 0.255 ms
Execution time: 1172.969 ms
