Seq Scan on movie_keyword mk  (cost=0.00..81003.12 rows=823449 width=0) (actual time=0.026..1267.015 rows=823308 loops=1)
  Filter: (keyword_id < 788)
  Rows Removed by Filter: 3700622
Planning time: 0.322 ms
Execution time: 1369.175 ms
