Hash Join  (cost=102767.86..217897.20 rows=1007644 width=0) (actual time=1944.886..4600.104 rows=1013714 loops=1)
  Hash Cond: (mk.movie_id = t.id)
  ->  Seq Scan on movie_keyword mk  (cost=0.00..81003.12 rows=1007644 width=4) (actual time=0.030..1461.990 rows=1013714 loops=1)
        Filter: (keyword_id > 17839)
        Rows Removed by Filter: 3510216
  ->  Hash  (cost=61283.27..61283.27 rows=2528527 width=4) (actual time=1943.700..1943.700 rows=2528312 loops=1)
        Buckets: 131072  Batches: 64  Memory Usage: 2425kB
        ->  Seq Scan on title t  (cost=0.00..61283.27 rows=2528527 width=4) (actual time=0.021..1085.487 rows=2528312 loops=1)
Planning time: 0.688 ms
Execution time: 4717.468 ms
