Seq Scan on movie_keyword mk  (cost=0.00..81003.12 rows=3917843 width=0) (actual time=0.025..1613.810 rows=3912942 loops=1)
  Filter: (keyword_id < 30234)
  Rows Removed by Filter: 610988
Planning time: 0.358 ms
Execution time: 2098.262 ms
