Hash Join  (cost=95252.32..496308.93 rows=92308 width=0) (actual time=1451.837..10801.262 rows=314080 loops=1)
  Hash Cond: (mi.movie_id = t.id)
  ->  Seq Scan on movie_info mi  (cost=0.00..346232.03 rows=14373737 width=4) (actual time=0.024..6554.580 rows=14407069 loops=1)
        Filter: (info_type_id < 105)
        Rows Removed by Filter: 428651
  ->  Hash  (cost=95049.35..95049.35 rows=16238 width=8) (actual time=1451.581..1451.581 rows=21438 loops=1)
        Buckets: 32768 (originally 16384)  Batches: 1 (originally 1)  Memory Usage: 1094kB
        ->  Hash Join  (cost=67976.49..95049.35 rows=16238 width=8) (actual time=945.606..1444.532 rows=21438 loops=1)
              Hash Cond: (mi_idx.movie_id = t.id)
              ->  Seq Scan on movie_info_idx mi_idx  (cost=0.00..21735.35 rows=1380035 width=4) (actual time=0.022..233.101 rows=1380035 loops=1)
              ->  Hash  (cost=67604.59..67604.59 rows=29752 width=4) (actual time=945.170..945.170 rows=30027 loops=1)
                    Buckets: 32768  Batches: 1  Memory Usage: 1312kB
                    ->  Seq Scan on title t  (cost=0.00..67604.59 rows=29752 width=4) (actual time=0.025..933.099 rows=30027 loops=1)
                          Filter: (production_year = 1994)
                          Rows Removed by Filter: 2498285
Planning time: 1.967 ms
Execution time: 10844.500 ms
