Hash Join  (cost=209468.46..977463.63 rows=1020011 width=0) (actual time=5393.911..20630.023 rows=1370133 loops=1)
  Hash Cond: (ci.movie_id = t.id)
  ->  Seq Scan on cast_info ci  (cost=0.00..705507.15 rows=4320508 width=4) (actual time=1296.854..13410.919 rows=4323018 loops=1)
        Filter: (role_id = 10)
        Rows Removed by Filter: 31921326
  ->  Hash  (cost=199674.58..199674.58 rows=596950 width=8) (actual time=4095.938..4095.938 rows=188134 loops=1)
        Buckets: 131072  Batches: 8  Memory Usage: 1917kB
        ->  Hash Join  (cost=93315.44..199674.58 rows=596950 width=8) (actual time=1750.624..4039.393 rows=188134 loops=1)
              Hash Cond: (mk.movie_id = t.id)
              ->  Seq Scan on movie_keyword mk  (cost=0.00..81003.12 rows=1277204 width=4) (actual time=0.035..1455.269 rows=1284969 loops=1)
                    Filter: (keyword_id > 13751)
                    Rows Removed by Filter: 3238961
              ->  Hash  (cost=73925.90..73925.90 rows=1181803 width=4) (actual time=1733.407..1733.407 rows=1139957 loops=1)
                    Buckets: 131072  Batches: 16  Memory Usage: 3534kB
                    ->  Seq Scan on title t  (cost=0.00..73925.90 rows=1181803 width=4) (actual time=0.022..1376.702 rows=1139957 loops=1)
                          Filter: ((kind_id > 4) AND (production_year < 2010))
                          Rows Removed by Filter: 1388355
Planning time: 1.241 ms
Execution time: 20788.052 ms
