Hash Join  (cost=128330.37..1187757.15 rows=2494262 width=0) (actual time=2522.385..31269.581 rows=3127414 loops=1)
  Hash Cond: (ci.movie_id = t.id)
  ->  Seq Scan on cast_info ci  (cost=0.00..614943.12 rows=36225612 width=4) (actual time=0.014..12734.409 rows=36244344 loops=1)
  ->  Hash  (cost=125473.14..125473.14 rows=174098 width=8) (actual time=2521.516..2521.516 rows=96715 loops=1)
        Buckets: 131072  Batches: 4  Memory Usage: 1970kB
        ->  Hash Join  (cost=89472.60..125473.14 rows=174098 width=8) (actual time=1892.611..2490.377 rows=96715 loops=1)
              Hash Cond: (mi_idx.movie_id = t.id)
              ->  Seq Scan on movie_info_idx mi_idx  (cost=0.00..25185.44 rows=464566 width=4) (actual time=0.022..440.005 rows=459925 loops=1)
                    Filter: (info_type_id = 101)
                    Rows Removed by Filter: 920110
              ->  Hash  (cost=73925.90..73925.90 rows=947576 width=4) (actual time=1606.973..1606.973 rows=876037 loops=1)
                    Buckets: 131072  Batches: 16  Memory Usage: 2949kB
                    ->  Seq Scan on title t  (cost=0.00..73925.90 rows=947576 width=4) (actual time=169.879..1327.781 rows=876037 loops=1)
                          Filter: ((production_year < 2007) AND (kind_id = 7))
                          Rows Removed by Filter: 1652275
Planning time: 1.347 ms
Execution time: 31658.327 ms
