Hash Join  (cost=76697.17..1135358.38 rows=2419805 width=0) (actual time=1261.135..33246.901 rows=3125229 loops=1)
  Hash Cond: (ci.movie_id = t.id)
  ->  Seq Scan on cast_info ci  (cost=0.00..614943.12 rows=36225612 width=4) (actual time=0.008..12942.472 rows=36244344 loops=1)
  ->  Hash  (cost=73925.90..73925.90 rows=168901 width=4) (actual time=1260.001..1260.001 rows=269915 loops=1)
        Buckets: 131072  Batches: 4  Memory Usage: 3401kB
        ->  Seq Scan on title t  (cost=0.00..73925.90 rows=168901 width=4) (actual time=0.023..1166.228 rows=269915 loops=1)
              Filter: ((kind_id < 7) AND (production_year < 1974))
              Rows Removed by Filter: 2258397
Planning time: 0.864 ms
Execution time: 33628.001 ms
