Hash Join  (cost=213032.55..651252.52 rows=1721029 width=0) (actual time=4837.229..13305.574 rows=1123504 loops=1)
  Hash Cond: (mi.movie_id = t.id)
  ->  Seq Scan on movie_info mi  (cost=0.00..346232.03 rows=6231111 width=4) (actual time=325.804..5894.884 rows=6223494 loops=1)
        Filter: (info_type_id > 8)
        Rows Removed by Filter: 8612226
  ->  Hash  (cost=201573.84..201573.84 rows=698377 width=8) (actual time=4420.836..4420.836 rows=180671 loops=1)
        Buckets: 131072  Batches: 16  Memory Usage: 1481kB
        ->  Hash Join  (cost=92883.59..201573.84 rows=698377 width=8) (actual time=1888.244..4363.948 rows=180671 loops=1)
              Hash Cond: (mk.movie_id = t.id)
              ->  Seq Scan on movie_keyword mk  (cost=0.00..81003.12 rows=1146071 width=4) (actual time=0.041..1605.355 rows=1162061 loops=1)
                    Filter: (keyword_id > 16117)
                    Rows Removed by Filter: 3361869
              ->  Hash  (cost=67604.59..67604.59 rows=1540800 width=4) (actual time=1886.546..1886.546 rows=1543264 loops=1)
                    Buckets: 131072  Batches: 32  Memory Usage: 2728kB
                    ->  Seq Scan on title t  (cost=0.00..67604.59 rows=1540800 width=4) (actual time=0.020..1154.141 rows=1543264 loops=1)
                          Filter: (kind_id = 7)
                          Rows Removed by Filter: 985048
Planning time: 1.125 ms
Execution time: 13442.156 ms
