Hash Join  (cost=178077.54..1198804.40 rows=1019183 width=0) (actual time=3115.000..32302.314 rows=5589082 loops=1)
  Hash Cond: (ci.movie_id = t.id)
  ->  Seq Scan on cast_info ci  (cost=0.00..796071.18 rows=18501032 width=4) (actual time=0.023..18357.662 rows=21457533 loops=1)
        Filter: ((person_id > 737299) AND (role_id > 1))
        Rows Removed by Filter: 14786811
  ->  Hash  (cost=175791.40..175791.40 rows=139291 width=8) (actual time=3114.095..3114.095 rows=164326 loops=1)
        Buckets: 131072 (originally 131072)  Batches: 4 (originally 2)  Memory Usage: 3073kB
        ->  Hash Join  (cost=78988.28..175791.40 rows=139291 width=8) (actual time=1166.791..3062.470 rows=164326 loops=1)
              Hash Cond: (mk.movie_id = t.id)
              ->  Seq Scan on movie_keyword mk  (cost=0.00..81003.12 rows=1141622 width=4) (actual time=0.027..1346.688 rows=1153148 loops=1)
                    Filter: (keyword_id < 1326)
                    Rows Removed by Filter: 3370782
              ->  Hash  (cost=73925.90..73925.90 rows=308510 width=4) (actual time=1165.844..1165.844 rows=266599 loops=1)
                    Buckets: 131072  Batches: 8  Memory Usage: 2198kB
                    ->  Seq Scan on title t  (cost=0.00..73925.90 rows=308510 width=4) (actual time=0.058..1072.914 rows=266599 loops=1)
                          Filter: ((kind_id < 7) AND (production_year > 2007))
                          Rows Removed by Filter: 2261713
Planning time: 1.227 ms
Execution time: 32950.606 ms
