Seq Scan on cast_info ci  (cost=0.00..796071.18 rows=324 width=0) (actual time=3626.670..13713.024 rows=348 loops=1)
  Filter: ((role_id > 1) AND (person_id = 362216))
  Rows Removed by Filter: 36243996
Planning time: 0.429 ms
Execution time: 13713.216 ms
