Seq Scan on movie_companies mc  (cost=0.00..57926.93 rows=769833 width=0) (actual time=58.232..1029.243 rows=554704 loops=1)
  Filter: ((company_id > 5887) AND (company_type_id < 2))
  Rows Removed by Filter: 2054425
Planning time: 0.327 ms
Execution time: 1097.749 ms
