Seq Scan on cast_info ci  (cost=0.00..705507.15 rows=7922269 width=0) (actual time=578.171..11255.107 rows=7904457 loops=1)
  Filter: (person_id > 2888460)
  Rows Removed by Filter: 28339887
Planning time: 0.320 ms
Execution time: 12238.943 ms
