Hash Join  (cost=121022.41..246246.63 rows=264418 width=0) (actual time=2364.316..5805.957 rows=1491894 loops=1)
  Hash Cond: (mk.movie_id = t.id)
  ->  Seq Scan on movie_keyword mk  (cost=0.00..69693.30 rows=4523930 width=4) (actual time=0.015..1428.419 rows=4523930 loops=1)
  ->  Hash  (cost=118597.05..118597.05 rows=147789 width=8) (actual time=2361.987..2361.987 rows=186362 loops=1)
        Buckets: 131072 (originally 131072)  Batches: 4 (originally 2)  Memory Usage: 3073kB
        ->  Hash Join  (cost=78368.68..118597.05 rows=147789 width=8) (actual time=1124.285..2294.407 rows=186362 loops=1)
              Hash Cond: (mi_idx.movie_id = t.id)
              ->  Seq Scan on movie_info_idx mi_idx  (cost=0.00..21735.35 rows=1380035 width=4) (actual time=0.028..509.059 rows=1380035 loops=1)
              ->  Hash  (cost=73925.90..73925.90 rows=270782 width=4) (actual time=1123.449..1123.449 rows=229992 loops=1)
                    Buckets: 131072  Batches: 4  Memory Usage: 3047kB
                    ->  Seq Scan on title t  (cost=0.00..73925.90 rows=270782 width=4) (actual time=0.045..1046.982 rows=229992 loops=1)
                          Filter: ((kind_id < 3) AND (production_year > 2006))
                          Rows Removed by Filter: 2298320
Planning time: 4.911 ms
Execution time: 5982.746 ms
