Hash Join  (cost=466354.87..1527345.87 rows=2646583 width=0) (actual time=8264.885..41479.439 rows=18039592 loops=1)
  Hash Cond: (ci.movie_id = t.id)
  ->  Seq Scan on cast_info ci  (cost=0.00..614943.12 rows=36225612 width=4) (actual time=0.017..13567.116 rows=36244344 loops=1)
  ->  Hash  (cost=463323.74..463323.74 rows=184730 width=8) (actual time=8264.118..8264.118 rows=180112 loops=1)
        Buckets: 131072  Batches: 4  Memory Usage: 2749kB
        ->  Hash Join  (cost=102767.86..463323.74 rows=184730 width=8) (actual time=7000.471..8219.648 rows=180112 loops=1)
              Hash Cond: (mi.movie_id = t.id)
              ->  Seq Scan on movie_info mi  (cost=0.00..346232.03 rows=184730 width=4) (actual time=4634.100..5411.678 rows=180112 loops=1)
                    Filter: (info_type_id = 13)
                    Rows Removed by Filter: 14655608
              ->  Hash  (cost=61283.27..61283.27 rows=2528527 width=4) (actual time=2346.368..2346.368 rows=2528312 loops=1)
                    Buckets: 131072  Batches: 64  Memory Usage: 2425kB
                    ->  Seq Scan on title t  (cost=0.00..61283.27 rows=2528527 width=4) (actual time=0.031..1183.424 rows=2528312 loops=1)
Planning time: 0.954 ms
Execution time: 43529.519 ms
