Hash Join  (cost=336715.55..1473879.12 rows=15620346 width=0) (actual time=11657.871..34131.766 rows=29911546 loops=1)
  Hash Cond: (ci.movie_id = t.id)
  ->  Seq Scan on cast_info ci  (cost=0.00..796071.18 rows=11172390 width=4) (actual time=3828.312..15139.014 rows=5841488 loops=1)
        Filter: ((person_id < 2577581) AND (role_id > 2))
        Rows Removed by Filter: 30402856
  ->  Hash  (cost=278715.74..278715.74 rows=3535185 width=8) (actual time=7828.067..7828.067 rows=3526835 loops=1)
        Buckets: 131072  Batches: 64  Memory Usage: 3198kB
        ->  Hash Join  (cost=102767.86..278715.74 rows=3535185 width=8) (actual time=1917.591..6780.123 rows=3526835 loops=1)
              Hash Cond: (mk.movie_id = t.id)
              ->  Seq Scan on movie_keyword mk  (cost=0.00..81003.12 rows=3535185 width=4) (actual time=0.032..1801.468 rows=3526835 loops=1)
                    Filter: (keyword_id > 944)
                    Rows Removed by Filter: 997095
              ->  Hash  (cost=61283.27..61283.27 rows=2528527 width=4) (actual time=1916.479..1916.479 rows=2528312 loops=1)
                    Buckets: 131072  Batches: 64  Memory Usage: 2425kB
                    ->  Seq Scan on title t  (cost=0.00..61283.27 rows=2528527 width=4) (actual time=0.020..1034.469 rows=2528312 loops=1)
Planning time: 1.270 ms
Execution time: 37639.395 ms
