Hash Join  (cost=74389.43..420691.35 rows=263 width=0) (actual time=3454.927..6692.212 rows=5 loops=1)
  Hash Cond: (mi.movie_id = t.id)
  ->  Seq Scan on movie_info mi  (cost=0.00..346232.03 rows=17937 width=4) (actual time=2312.688..5518.813 rows=140065 loops=1)
        Filter: (info_type_id = 9)
        Rows Removed by Filter: 14695655
  ->  Hash  (cost=73925.90..73925.90 rows=37082 width=4) (actual time=1137.017..1137.017 rows=41935 loops=1)
        Buckets: 65536  Batches: 1  Memory Usage: 1987kB
        ->  Seq Scan on title t  (cost=0.00..73925.90 rows=37082 width=4) (actual time=27.113..1119.424 rows=41935 loops=1)
              Filter: ((kind_id = 7) AND (production_year = 2002))
              Rows Removed by Filter: 2486377
Planning time: 2.668 ms
Execution time: 6692.495 ms
