Hash Join  (cost=89762.59..653570.46 rows=7872595 width=0) (actual time=1670.620..18451.381 rows=9334799 loops=1)
  Hash Cond: (mi.movie_id = t.id)
  ->  Seq Scan on movie_info mi  (cost=0.00..309384.22 rows=14739122 width=4) (actual time=0.012..6004.140 rows=14835720 loops=1)
  ->  Hash  (cost=67604.59..67604.59 rows=1350560 width=4) (actual time=1669.745..1669.745 rows=1348293 loops=1)
        Buckets: 131072  Batches: 32  Memory Usage: 2514kB
        ->  Seq Scan on title t  (cost=0.00..67604.59 rows=1350560 width=4) (actual time=0.022..1212.679 rows=1348293 loops=1)
              Filter: (production_year < 2005)
              Rows Removed by Filter: 1180019
Planning time: 0.803 ms
Execution time: 19524.250 ms
