Hash Join  (cost=137122.06..227779.35 rows=43563 width=0) (actual time=2785.368..4633.062 rows=199989 loops=1)
  Hash Cond: (mk.movie_id = t.id)
  ->  Seq Scan on movie_keyword mk  (cost=0.00..81003.12 rows=2458275 width=4) (actual time=0.022..1403.800 rows=2453279 loops=1)
        Filter: (keyword_id < 5882)
        Rows Removed by Filter: 2070651
  ->  Hash  (cost=136561.96..136561.96 rows=44808 width=8) (actual time=2784.865..2784.865 rows=37215 loops=1)
        Buckets: 65536  Batches: 1  Memory Usage: 1966kB
        ->  Hash Join  (cost=69002.72..136561.96 rows=44808 width=8) (actual time=1371.729..2771.077 rows=37215 loops=1)
              Hash Cond: (mc.movie_id = t.id)
              ->  Seq Scan on movie_companies mc  (cost=0.00..51404.11 rows=1329612 width=4) (actual time=168.665..1094.051 rows=1334883 loops=1)
                    Filter: (company_type_id = 2)
                    Rows Removed by Filter: 1274246
              ->  Hash  (cost=67604.59..67604.59 rows=85211 width=4) (actual time=1202.214..1202.214 rows=84593 loops=1)
                    Buckets: 131072  Batches: 2  Memory Usage: 2518kB
                    ->  Seq Scan on title t  (cost=0.00..67604.59 rows=85211 width=4) (actual time=0.031..1169.850 rows=84593 loops=1)
                          Filter: (production_year = 2004)
                          Rows Removed by Filter: 2443719
Planning time: 1.352 ms
Execution time: 4657.083 ms
