Hash Join  (cost=88381.15..1251853.72 rows=12622740 width=0) (actual time=1602.400..35910.600 rows=10459387 loops=1)
  Hash Cond: (ci.movie_id = t.id)
  ->  Seq Scan on cast_info ci  (cost=0.00..614943.12 rows=36225612 width=4) (actual time=0.022..13330.777 rows=36244344 loops=1)
  ->  Hash  (cost=73925.90..73925.90 rows=881060 width=4) (actual time=1601.102..1601.102 rows=795183 loops=1)
        Buckets: 131072  Batches: 16  Memory Usage: 2773kB
        ->  Seq Scan on title t  (cost=0.00..73925.90 rows=881060 width=4) (actual time=0.035..1338.358 rows=795183 loops=1)
              Filter: ((kind_id > 1) AND (production_year < 2003))
              Rows Removed by Filter: 1733129
Planning time: 0.763 ms
Execution time: 37089.095 ms
