Hash Join  (cost=177097.93..296862.52 rows=469337 width=0) (actual time=3859.028..6800.627 rows=91457 loops=1)
  Hash Cond: (mk.movie_id = t.id)
  ->  Seq Scan on movie_keyword mk  (cost=0.00..81003.12 rows=2803226 width=4) (actual time=0.021..1707.291 rows=2791583 loops=1)
        Filter: (keyword_id < 8170)
        Rows Removed by Filter: 1732347
  ->  Hash  (cost=170152.11..170152.11 rows=423345 width=8) (actual time=3420.926..3420.926 rows=15295 loops=1)
        Buckets: 131072  Batches: 8  Memory Usage: 1109kB
        ->  Hash Join  (cost=93093.72..170152.11 rows=423345 width=8) (actual time=2227.418..3414.139 rows=15295 loops=1)
              Hash Cond: (mc.movie_id = t.id)
              ->  Seq Scan on movie_companies mc  (cost=0.00..57926.93 rows=689001 width=4) (actual time=382.212..1048.263 rows=473309 loops=1)
                    Filter: ((company_id > 10721) AND (company_type_id = 1))
                    Rows Removed by Filter: 2135820
              ->  Hash  (cost=67604.59..67604.59 rows=1553611 width=4) (actual time=1837.122..1837.122 rows=1555864 loops=1)
                    Buckets: 131072  Batches: 32  Memory Usage: 2734kB
                    ->  Seq Scan on title t  (cost=0.00..67604.59 rows=1553611 width=4) (actual time=0.021..1349.629 rows=1555864 loops=1)
                          Filter: (kind_id > 4)
                          Rows Removed by Filter: 972448
Planning time: 1.121 ms
Execution time: 6811.529 ms
