Nested Loop  (cost=32749.09..921039.99 rows=17623 width=0) (actual time=5488.175..14735.278 rows=20928 loops=1)
  Join Filter: (ci.movie_id = t.id)
  ->  Hash Join  (cost=32748.66..860096.92 rows=71455 width=8) (actual time=5486.633..13091.417 rows=58730 loops=1)
        Hash Cond: (ci.movie_id = mi_idx.movie_id)
        ->  Seq Scan on cast_info ci  (cost=0.00..796071.18 rows=157323 width=4) (actual time=4313.542..11733.525 rows=123603 loops=1)
              Filter: ((person_id < 752339) AND (role_id = 6))
              Rows Removed by Filter: 36120741
        ->  Hash  (cost=25185.44..25185.44 rows=460978 width=4) (actual time=1172.214..1172.214 rows=459925 loops=1)
              Buckets: 131072  Batches: 8  Memory Usage: 3050kB
              ->  Seq Scan on movie_info_idx mi_idx  (cost=0.00..25185.44 rows=460978 width=4) (actual time=0.011..501.599 rows=459925 loops=1)
                    Filter: (info_type_id < 100)
                    Rows Removed by Filter: 920110
  ->  Index Scan using title_pkey on title t  (cost=0.43..0.84 rows=1 width=4) (actual time=0.027..0.027 rows=0 loops=58730)
        Index Cond: (id = mi_idx.movie_id)
        Filter: (kind_id > 4)
        Rows Removed by Filter: 1
Planning time: 1.259 ms
Execution time: 14741.025 ms
