Hash Join  (cost=175027.18..295693.10 rows=862713 width=0) (actual time=3801.379..7833.489 rows=3637549 loops=1)
  Hash Cond: (mk.movie_id = t.id)
  ->  Seq Scan on movie_keyword mk  (cost=0.00..81003.12 rows=2373511 width=4) (actual time=0.025..1677.947 rows=2375137 loops=1)
        Filter: (keyword_id < 5417)
        Rows Removed by Filter: 2148793
  ->  Hash  (cost=159947.97..159947.97 rows=919057 width=8) (actual time=3800.158..3800.158 rows=920110 loops=1)
        Buckets: 131072  Batches: 16  Memory Usage: 3283kB
        ->  Hash Join  (cost=102767.86..159947.97 rows=919057 width=8) (actual time=1927.903..3541.345 rows=920110 loops=1)
              Hash Cond: (mi_idx.movie_id = t.id)
              ->  Seq Scan on movie_info_idx mi_idx  (cost=0.00..25185.44 rows=919057 width=4) (actual time=0.020..522.529 rows=920110 loops=1)
                    Filter: (info_type_id > 99)
                    Rows Removed by Filter: 459925
              ->  Hash  (cost=61283.27..61283.27 rows=2528527 width=4) (actual time=1926.531..1926.531 rows=2528312 loops=1)
                    Buckets: 131072  Batches: 64  Memory Usage: 2415kB
                    ->  Seq Scan on title t  (cost=0.00..61283.27 rows=2528527 width=4) (actual time=0.009..1084.863 rows=2528312 loops=1)
Planning time: 1.115 ms
Execution time: 8262.397 ms
