Hash Join  (cost=83074.16..824092.56 rows=561 width=0) (actual time=2818.881..16403.253 rows=1167 loops=1)
  Hash Cond: (ci.movie_id = t.id)
  ->  Seq Scan on cast_info ci  (cost=0.00..705507.15 rows=9468168 width=4) (actual time=1375.081..13663.657 rows=9384703 loops=1)
        Filter: (role_id > 4)
        Rows Removed by Filter: 26859641
  ->  Hash  (cost=83072.29..83072.29 rows=150 width=8) (actual time=1440.308..1440.308 rows=79 loops=1)
        Buckets: 1024  Batches: 1  Memory Usage: 12kB
        ->  Nested Loop  (cost=0.43..83072.29 rows=150 width=8) (actual time=522.644..1440.172 rows=79 loops=1)
              ->  Seq Scan on movie_keyword mk  (cost=0.00..81003.12 rows=246 width=4) (actual time=4.483..1417.709 rows=443 loops=1)
                    Filter: (keyword_id = 3543)
                    Rows Removed by Filter: 4523487
              ->  Index Scan using title_pkey on title t  (cost=0.43..8.40 rows=1 width=4) (actual time=0.049..0.049 rows=0 loops=443)
                    Index Cond: (id = mk.movie_id)
                    Filter: (kind_id = 7)
                    Rows Removed by Filter: 1
Planning time: 1.178 ms
Execution time: 16403.968 ms
