Seq Scan on cast_info ci  (cost=0.00..796071.18 rows=178148 width=0) (actual time=1749.630..13805.745 rows=72426 loops=1)
  Filter: ((person_id < 1821435) AND (role_id > 10))
  Rows Removed by Filter: 36171918
Planning time: 0.292 ms
Execution time: 13815.478 ms
