Seq Scan on cast_info ci  (cost=0.00..705507.15 rows=33320733 width=0) (actual time=0.022..13325.586 rows=33279755 loops=1)
  Filter: (person_id < 3509442)
  Rows Removed by Filter: 2964589
Planning time: 0.357 ms
Execution time: 17573.390 ms
