Seq Scan on movie_companies mc  (cost=0.00..51404.11 rows=104 width=0) (actual time=115.499..809.488 rows=55 loops=1)
  Filter: (company_id = 83061)
  Rows Removed by Filter: 2609074
Planning time: 0.346 ms
Execution time: 809.571 ms
