Hash Join  (cost=83074.74..434363.60 rows=131 width=0) (actual time=1253.144..7324.458 rows=87 loops=1)
  Hash Cond: (mi.movie_id = t.id)
  ->  Seq Scan on movie_info mi  (cost=0.00..346232.03 rows=1348138 width=4) (actual time=0.025..5900.498 rows=1298989 loops=1)
        Filter: (info_type_id = 4)
        Rows Removed by Filter: 13536731
  ->  Hash  (cost=83071.67..83071.67 rows=246 width=8) (actual time=1246.821..1246.821 rows=70 loops=1)
        Buckets: 1024  Batches: 1  Memory Usage: 11kB
        ->  Nested Loop  (cost=0.43..83071.67 rows=246 width=8) (actual time=1.830..1246.711 rows=70 loops=1)
              ->  Seq Scan on movie_keyword mk  (cost=0.00..81003.12 rows=246 width=4) (actual time=1.763..1239.611 rows=70 loops=1)
                    Filter: (keyword_id = 24905)
                    Rows Removed by Filter: 4523860
              ->  Index Only Scan using title_pkey on title t  (cost=0.43..8.40 rows=1 width=4) (actual time=0.095..0.096 rows=1 loops=70)
                    Index Cond: (id = mk.movie_id)
                    Heap Fetches: 70
Planning time: 1.777 ms
Execution time: 7324.617 ms
