Hash Join  (cost=102767.86..207292.91 rows=567011 width=0) (actual time=1855.691..3974.730 rows=563317 loops=1)
  Hash Cond: (mk.movie_id = t.id)
  ->  Seq Scan on movie_keyword mk  (cost=0.00..81003.12 rows=567011 width=4) (actual time=0.013..1282.985 rows=563317 loops=1)
        Filter: (keyword_id > 32586)
        Rows Removed by Filter: 3960613
  ->  Hash  (cost=61283.27..61283.27 rows=2528527 width=4) (actual time=1854.839..1854.839 rows=2528312 loops=1)
        Buckets: 131072  Batches: 64  Memory Usage: 2425kB
        ->  Seq Scan on title t  (cost=0.00..61283.27 rows=2528527 width=4) (actual time=0.015..1007.554 rows=2528312 loops=1)
Planning time: 0.746 ms
Execution time: 4040.631 ms
