Hash Join  (cost=68438.72..156737.57 rows=47969 width=0) (actual time=1151.007..2966.600 rows=18290 loops=1)
  Hash Cond: (mk.movie_id = t.id)
  ->  Seq Scan on movie_keyword mk  (cost=0.00..81003.12 rows=1817607 width=4) (actual time=0.028..1486.174 rows=1822755 loops=1)
        Filter: (keyword_id < 2989)
        Rows Removed by Filter: 2701175
  ->  Hash  (cost=67604.59..67604.59 rows=66731 width=4) (actual time=1150.108..1150.108 rows=67342 loops=1)
        Buckets: 131072  Batches: 1  Memory Usage: 3392kB
        ->  Seq Scan on title t  (cost=0.00..67604.59 rows=66731 width=4) (actual time=0.018..1122.604 rows=67342 loops=1)
              Filter: (production_year > 2012)
              Rows Removed by Filter: 2460970
Planning time: 0.688 ms
Execution time: 2969.627 ms
