Seq Scan on movie_keyword mk  (cost=0.00..81003.12 rows=1713737 width=0) (actual time=0.019..1537.530 rows=1720476 loops=1)
  Filter: (keyword_id > 8245)
  Rows Removed by Filter: 2803454
Planning time: 0.219 ms
Execution time: 1749.743 ms
