Seq Scan on movie_keyword mk  (cost=0.00..81003.12 rows=2713168 width=0) (actual time=0.026..1403.383 rows=2709019 loops=1)
  Filter: (keyword_id > 2963)
  Rows Removed by Filter: 1814911
Planning time: 0.316 ms
Execution time: 1738.837 ms
