Hash Join  (cost=103698.42..198111.53 rows=1127994 width=0) (actual time=2076.380..4665.486 rows=1073934 loops=1)
  Hash Cond: (mc.movie_id = t.id)
  ->  Seq Scan on movie_companies mc  (cost=0.00..57926.93 rows=1296446 width=4) (actual time=0.372..1217.950 rows=1327562 loops=1)
        Filter: ((company_id > 6) AND (company_type_id = 2))
        Rows Removed by Filter: 1281567
  ->  Hash  (cost=67604.59..67604.59 rows=2199987 width=4) (actual time=2075.231..2075.231 rows=2192624 loops=1)
        Buckets: 131072  Batches: 32  Memory Usage: 3436kB
        ->  Seq Scan on title t  (cost=0.00..67604.59 rows=2199987 width=4) (actual time=0.012..1407.606 rows=2192624 loops=1)
              Filter: (production_year > 1961)
              Rows Removed by Filter: 335688
Planning time: 0.851 ms
Execution time: 4795.300 ms
