Hash Join  (cost=83074.74..434048.47 rows=123 width=0) (actual time=2739.797..6070.783 rows=1376 loops=1)
  Hash Cond: (mi.movie_id = t.id)
  ->  Seq Scan on movie_info mi  (cost=0.00..346232.03 rows=1264125 width=4) (actual time=1454.810..4587.195 rows=1288928 loops=1)
        Filter: (info_type_id = 2)
        Rows Removed by Filter: 13546792
  ->  Hash  (cost=83071.67..83071.67 rows=246 width=8) (actual time=1280.387..1280.387 rows=1395 loops=1)
        Buckets: 2048 (originally 1024)  Batches: 1 (originally 1)  Memory Usage: 71kB
        ->  Nested Loop  (cost=0.43..83071.67 rows=246 width=8) (actual time=0.843..1279.320 rows=1395 loops=1)
              ->  Seq Scan on movie_keyword mk  (cost=0.00..81003.12 rows=246 width=4) (actual time=0.746..1218.458 rows=1395 loops=1)
                    Filter: (keyword_id = 6239)
                    Rows Removed by Filter: 4522535
              ->  Index Only Scan using title_pkey on title t  (cost=0.43..8.40 rows=1 width=4) (actual time=0.042..0.043 rows=1 loops=1395)
                    Index Cond: (id = mk.movie_id)
                    Heap Fetches: 1395
Planning time: 1.147 ms
Execution time: 6071.266 ms
