Hash Join  (cost=151851.80..642317.41 rows=998968 width=0) (actual time=3035.305..15180.035 rows=478294 loops=1)
  Hash Cond: (mi.movie_id = t.id)
  ->  Seq Scan on movie_info mi  (cost=0.00..309384.22 rows=14739122 width=4) (actual time=0.016..6270.759 rows=14835720 loops=1)
  ->  Hash  (cost=149039.61..149039.61 rows=171375 width=8) (actual time=3034.388..3034.388 rows=86447 loops=1)
        Buckets: 131072  Batches: 4  Memory Usage: 1873kB
        ->  Hash Join  (cost=79273.71..149039.61 rows=171375 width=8) (actual time=1586.282..3009.016 rows=86447 loops=1)
              Hash Cond: (mc.movie_id = t.id)
              ->  Seq Scan on movie_companies mc  (cost=0.00..51404.11 rows=1329612 width=4) (actual time=236.679..1008.879 rows=1334883 loops=1)
                    Filter: (company_type_id = 2)
                    Rows Removed by Filter: 1274246
              ->  Hash  (cost=73925.90..73925.90 rows=325904 width=4) (actual time=1348.733..1348.733 rows=349534 loops=1)
                    Buckets: 131072  Batches: 8  Memory Usage: 2566kB
                    ->  Seq Scan on title t  (cost=0.00..73925.90 rows=325904 width=4) (actual time=0.028..1233.187 rows=349534 loops=1)
                          Filter: ((production_year > 2009) AND (kind_id = 7))
                          Rows Removed by Filter: 2178778
Planning time: 1.183 ms
Execution time: 15240.415 ms
