Hash Join  (cost=66231.29..817133.63 rows=11318 width=0) (actual time=978.508..16407.951 rows=14500 loops=1)
  Hash Cond: (ci.movie_id = t.id)
  ->  Seq Scan on cast_info ci  (cost=0.00..614943.12 rows=36225612 width=4) (actual time=0.019..8433.548 rows=36244344 loops=1)
  ->  Hash  (cost=66221.41..66221.41 rows=790 width=8) (actual time=977.231..977.231 rows=593 loops=1)
        Buckets: 1024  Batches: 1  Memory Usage: 32kB
        ->  Nested Loop  (cost=0.43..66221.41 rows=790 width=8) (actual time=16.941..976.838 rows=593 loops=1)
              ->  Seq Scan on movie_companies mc  (cost=0.00..51404.11 rows=1855 width=4) (actual time=0.629..840.527 rows=4712 loops=1)
                    Filter: (company_id < 6)
                    Rows Removed by Filter: 2604417
              ->  Index Scan using title_pkey on title t  (cost=0.43..7.98 rows=1 width=4) (actual time=0.028..0.028 rows=0 loops=4712)
                    Index Cond: (id = mc.movie_id)
                    Filter: (production_year < 2001)
                    Rows Removed by Filter: 1
Planning time: 1.206 ms
Execution time: 16411.743 ms
