Hash Join  (cost=104196.70..280470.72 rows=3990407 width=0) (actual time=2055.249..6864.074 rows=3796494 loops=1)
  Hash Cond: (mk.movie_id = t.id)
  ->  Seq Scan on movie_keyword mk  (cost=0.00..69693.30 rows=4523930 width=4) (actual time=0.016..1428.991 rows=4523930 loops=1)
  ->  Hash  (cost=67604.59..67604.59 rows=2230329 width=4) (actual time=2053.529..2053.529 rows=2225335 loops=1)
        Buckets: 131072  Batches: 32  Memory Usage: 3481kB
        ->  Seq Scan on title t  (cost=0.00..67604.59 rows=2230329 width=4) (actual time=0.023..1339.023 rows=2225335 loops=1)
              Filter: (production_year > 1958)
              Rows Removed by Filter: 302977
Planning time: 0.781 ms
Execution time: 7315.587 ms
