Seq Scan on movie_keyword mk  (cost=0.00..81003.12 rows=4460335 width=0) (actual time=0.023..1570.980 rows=4462750 loops=1)
  Filter: (keyword_id < 94724)
  Rows Removed by Filter: 61180
Planning time: 1.193 ms
Execution time: 2125.411 ms
