Hash Join  (cost=1141944.66..2185229.13 rows=42448813 width=0) (actual time=28514.414..74666.909 rows=112974029 loops=1)
  Hash Cond: (mi.movie_id = t.id)
  ->  Seq Scan on movie_info mi  (cost=0.00..309384.22 rows=14739122 width=4) (actual time=0.020..5977.446 rows=14835720 loops=1)
  ->  Hash  (cost=1022470.39..1022470.39 rows=7282182 width=8) (actual time=28513.607..28513.607 rows=7697571 loops=1)
        Buckets: 131072  Batches: 128  Memory Usage: 3426kB
        ->  Hash Join  (cost=91342.70..1022470.39 rows=7282182 width=8) (actual time=7001.487..25500.545 rows=7697571 loops=1)
              Hash Cond: (ci.movie_id = t.id)
              ->  Seq Scan on cast_info ci  (cost=0.00..705507.15 rows=12726058 width=4) (actual time=5193.153..13546.264 rows=12670688 loops=1)
                    Filter: (role_id = 1)
                    Rows Removed by Filter: 23573656
              ->  Hash  (cost=67604.59..67604.59 rows=1446889 width=4) (actual time=1807.572..1807.572 rows=1443298 loops=1)
                    Buckets: 131072  Batches: 32  Memory Usage: 2608kB
                    ->  Seq Scan on title t  (cost=0.00..67604.59 rows=1446889 width=4) (actual time=0.019..1343.291 rows=1443298 loops=1)
                          Filter: (production_year < 2006)
                          Rows Removed by Filter: 1085014
Planning time: 1.701 ms
Execution time: 87681.881 ms
