Hash Join  (cost=79111.30..148145.83 rows=159922 width=0) (actual time=2056.154..3180.867 rows=467826 loops=1)
  Hash Cond: (mc.movie_id = t.id)
  ->  Seq Scan on movie_companies mc  (cost=0.00..51404.11 rows=1279517 width=4) (actual time=332.745..990.002 rows=1274246 loops=1)
        Filter: (company_type_id < 2)
        Rows Removed by Filter: 1334883
  ->  Hash  (cost=73925.90..73925.90 rows=316032 width=4) (actual time=1269.093..1269.093 rows=400740 loops=1)
        Buckets: 131072  Batches: 8  Memory Usage: 2793kB
        ->  Seq Scan on title t  (cost=0.00..73925.90 rows=316032 width=4) (actual time=78.271..1150.509 rows=400740 loops=1)
              Filter: ((production_year < 2003) AND (kind_id = 1))
              Rows Removed by Filter: 2127572
Planning time: 0.757 ms
Execution time: 3242.107 ms
