Hash Join  (cost=73205.47..440786.83 rows=209259 width=0) (actual time=1231.010..7459.031 rows=351442 loops=1)
  Hash Cond: (mi.movie_id = t.id)
  ->  Seq Scan on movie_info mi  (cost=0.00..346232.03 rows=1550064 width=4) (actual time=90.993..5622.959 rows=1533909 loops=1)
        Filter: (info_type_id = 3)
        Rows Removed by Filter: 13301811
  ->  Hash  (cost=67604.59..67604.59 rows=341351 width=4) (actual time=1138.702..1138.702 rows=337846 loops=1)
        Buckets: 131072  Batches: 8  Memory Usage: 2507kB
        ->  Seq Scan on title t  (cost=0.00..67604.59 rows=341351 width=4) (actual time=0.027..1031.015 rows=337846 loops=1)
              Filter: (production_year < 1968)
              Rows Removed by Filter: 2190466
Planning time: 0.729 ms
Execution time: 7489.185 ms
