Seq Scan on movie_keyword mk  (cost=0.00..81003.12 rows=40524 width=0) (actual time=0.040..1337.052 rows=33199 loops=1)
  Filter: (keyword_id < 41)
  Rows Removed by Filter: 4490731
Planning time: 0.350 ms
Execution time: 1342.775 ms
