Hash Join  (cost=263115.61..435080.72 rows=3418338 width=0) (actual time=5770.775..16349.499 rows=26600242 loops=1)
  Hash Cond: (mk.movie_id = t.id)
  ->  Seq Scan on movie_keyword mk  (cost=0.00..81003.12 rows=3312738 width=4) (actual time=0.029..1717.486 rows=3310373 loops=1)
        Filter: (keyword_id > 1527)
        Rows Removed by Filter: 1213557
  ->  Hash  (cost=220309.49..220309.49 rows=2609129 width=8) (actual time=5769.319..5769.319 rows=2609129 loops=1)
        Buckets: 131072  Batches: 64  Memory Usage: 2691kB
        ->  Hash Join  (cost=102767.86..220309.49 rows=2609129 width=8) (actual time=1881.707..5091.300 rows=2609129 loops=1)
              Hash Cond: (mc.movie_id = t.id)
              ->  Seq Scan on movie_companies mc  (cost=0.00..44881.29 rows=2609129 width=4) (actual time=0.021..825.896 rows=2609129 loops=1)
              ->  Hash  (cost=61283.27..61283.27 rows=2528527 width=4) (actual time=1880.599..1880.599 rows=2528312 loops=1)
                    Buckets: 131072  Batches: 64  Memory Usage: 2415kB
                    ->  Seq Scan on title t  (cost=0.00..61283.27 rows=2528527 width=4) (actual time=0.022..1035.376 rows=2528312 loops=1)
Planning time: 1.106 ms
Execution time: 19310.473 ms
