Seq Scan on movie_keyword mk  (cost=0.00..81003.12 rows=2344393 width=0) (actual time=0.028..1294.625 rows=2342991 loops=1)
  Filter: (keyword_id > 4297)
  Rows Removed by Filter: 2180939
Planning time: 0.210 ms
Execution time: 1553.995 ms
