Hash Join  (cost=28270.40..123101.41 rows=536 width=0) (actual time=438.489..2486.517 rows=34414 loops=1)
  Hash Cond: (mk.movie_id = t.id)
  ->  Seq Scan on movie_keyword mk  (cost=0.00..81003.12 rows=3686008 width=4) (actual time=0.024..1555.856 rows=3684653 loops=1)
        Filter: (keyword_id > 800)
        Rows Removed by Filter: 839277
  ->  Hash  (cost=28265.80..28265.80 rows=368 width=8) (actual time=422.154..422.154 rows=260 loops=1)
        Buckets: 1024  Batches: 1  Memory Usage: 19kB
        ->  Nested Loop  (cost=0.43..28265.80 rows=368 width=8) (actual time=332.281..422.041 rows=260 loops=1)
              ->  Seq Scan on movie_info_idx mi_idx  (cost=0.00..25185.44 rows=368 width=4) (actual time=332.200..410.048 rows=260 loops=1)
                    Filter: (info_type_id > 101)
                    Rows Removed by Filter: 1379775
              ->  Index Only Scan using title_pkey on title t  (cost=0.43..8.36 rows=1 width=4) (actual time=0.045..0.045 rows=1 loops=260)
                    Index Cond: (id = mi_idx.movie_id)
                    Heap Fetches: 260
Planning time: 1.250 ms
Execution time: 2490.991 ms
