Hash Join  (cost=306904.22..997623.04 rows=16313309 width=0) (actual time=7034.789..51063.540 rows=140919823 loops=1)
  Hash Cond: (mi.movie_id = t.id)
  ->  Seq Scan on movie_info mi  (cost=0.00..309384.22 rows=14739122 width=4) (actual time=0.020..5973.531 rows=14835720 loops=1)
  ->  Hash  (cost=260989.94..260989.94 rows=2798582 width=8) (actual time=7031.669..7031.669 rows=2788616 loops=1)
        Buckets: 131072  Batches: 64  Memory Usage: 2821kB
        ->  Hash Join  (cost=102767.86..260989.94 rows=2798582 width=8) (actual time=1942.590..6221.190 rows=2788616 loops=1)
              Hash Cond: (mk.movie_id = t.id)
              ->  Seq Scan on movie_keyword mk  (cost=0.00..81003.12 rows=2798582 width=4) (actual time=0.024..1725.620 rows=2788616 loops=1)
                    Filter: (keyword_id < 8120)
                    Rows Removed by Filter: 1735314
              ->  Hash  (cost=61283.27..61283.27 rows=2528527 width=4) (actual time=1941.646..1941.646 rows=2528312 loops=1)
                    Buckets: 131072  Batches: 64  Memory Usage: 2425kB
                    ->  Seq Scan on title t  (cost=0.00..61283.27 rows=2528527 width=4) (actual time=0.015..1096.327 rows=2528312 loops=1)
Planning time: 1.106 ms
Execution time: 65571.407 ms
