Hash Join  (cost=78556.72..167042.12 rows=90573 width=0) (actual time=1500.793..3108.868 rows=219124 loops=1)
  Hash Cond: (mk.movie_id = t.id)
  ->  Seq Scan on movie_keyword mk  (cost=0.00..81003.12 rows=343078 width=4) (actual time=0.021..1333.449 rows=359202 loops=1)
        Filter: (keyword_id < 323)
        Rows Removed by Filter: 4164728
  ->  Hash  (cost=67604.59..67604.59 rows=667531 width=4) (actual time=1423.359..1423.359 rows=662825 loops=1)
        Buckets: 131072  Batches: 16  Memory Usage: 2486kB
        ->  Seq Scan on title t  (cost=0.00..67604.59 rows=667531 width=4) (actual time=0.123..1206.966 rows=662825 loops=1)
              Filter: (kind_id < 2)
              Rows Removed by Filter: 1865487
Planning time: 0.655 ms
Execution time: 3137.350 ms
