Hash Join  (cost=180433.47..605670.26 rows=600410 width=0) (actual time=3821.707..13959.731 rows=3968437 loops=1)
  Hash Cond: (mi.movie_id = t.id)
  ->  Seq Scan on movie_info mi  (cost=0.00..346232.03 rows=6231111 width=4) (actual time=0.027..5953.398 rows=6223494 loops=1)
        Filter: (info_type_id > 8)
        Rows Removed by Filter: 8612226
  ->  Hash  (cost=176435.96..176435.96 rows=243641 width=8) (actual time=3820.394..3820.394 rows=480592 loops=1)
        Buckets: 131072 (originally 131072)  Batches: 8 (originally 4)  Memory Usage: 3393kB
        ->  Hash Join  (cost=102767.86..176435.96 rows=243641 width=8) (actual time=2013.779..3662.555 rows=480592 loops=1)
              Hash Cond: (mc.movie_id = t.id)
              ->  Seq Scan on movie_companies mc  (cost=0.00..57926.93 rows=243641 width=4) (actual time=85.708..871.779 rows=480592 loops=1)
                    Filter: ((company_id > 75184) AND (company_type_id > 1))
                    Rows Removed by Filter: 2128537
              ->  Hash  (cost=61283.27..61283.27 rows=2528527 width=4) (actual time=1926.929..1926.929 rows=2528312 loops=1)
                    Buckets: 131072  Batches: 64  Memory Usage: 2415kB
                    ->  Seq Scan on title t  (cost=0.00..61283.27 rows=2528527 width=4) (actual time=0.018..1080.745 rows=2528312 loops=1)
Planning time: 1.133 ms
Execution time: 14446.993 ms
