Hash Join  (cost=83810.17..175107.13 rows=162493 width=0) (actual time=1363.263..3025.286 rows=363206 loops=1)
  Hash Cond: (mk.movie_id = t.id)
  ->  Seq Scan on movie_keyword mk  (cost=0.00..81003.12 rows=415973 width=4) (actual time=0.022..1194.227 rows=408048 loops=1)
        Filter: (keyword_id > 42380)
        Rows Removed by Filter: 4115882
  ->  Hash  (cost=67604.59..67604.59 rows=987727 width=4) (actual time=1362.031..1362.031 rows=985048 loops=1)
        Buckets: 131072  Batches: 16  Memory Usage: 3197kB
        ->  Seq Scan on title t  (cost=0.00..67604.59 rows=987727 width=4) (actual time=0.015..1049.404 rows=985048 loops=1)
              Filter: (kind_id < 7)
              Rows Removed by Filter: 1543264
Planning time: 0.686 ms
Execution time: 3071.223 ms
