Seq Scan on movie_keyword mk  (cost=0.00..81003.12 rows=709946 width=0) (actual time=0.025..1439.412 rows=710389 loops=1)
  Filter: (keyword_id < 607)
  Rows Removed by Filter: 3813541
Planning time: 0.313 ms
Execution time: 1531.223 ms
