Hash Join  (cost=129928.86..263155.51 rows=583663 width=106) (actual time=2627.213..5419.632 rows=581576 loops=1)
  Hash Cond: (mk.movie_id = t.id)
  ->  Seq Scan on movie_keyword mk  (cost=0.00..81003.12 rows=583663 width=12) (actual time=0.024..1594.015 rows=581576 loops=1)
        Filter: (keyword_id > 31525)
        Rows Removed by Filter: 3942354
  ->  Hash  (cost=61283.27..61283.27 rows=2528527 width=94) (actual time=2625.738..2625.738 rows=2528312 loops=1)
        Buckets: 32768  Batches: 128  Memory Usage: 2470kB
        ->  Seq Scan on title t  (cost=0.00..61283.27 rows=2528527 width=94) (actual time=0.018..1289.997 rows=2528312 loops=1)
Planning time: 0.994 ms
Execution time: 5452.879 ms
