Hash Join  (cost=325438.42..1495168.62 rows=22189481 width=0) (actual time=7498.769..48804.016 rows=81431492 loops=1)
  Hash Cond: (ci.movie_id = t.id)
  ->  Seq Scan on cast_info ci  (cost=0.00..705507.15 rows=16274436 width=4) (actual time=0.029..14489.580 rows=16417018 loops=1)
        Filter: (person_id > 1989797)
        Rows Removed by Filter: 19827326
  ->  Hash  (cost=268877.22..268877.22 rows=3447536 width=8) (actual time=7496.834..7496.834 rows=3156005 loops=1)
        Buckets: 131072  Batches: 64  Memory Usage: 2934kB
        ->  Hash Join  (cost=99217.91..268877.22 rows=3447536 width=8) (actual time=1951.390..6590.006 rows=3156005 loops=1)
              Hash Cond: (mk.movie_id = t.id)
              ->  Seq Scan on movie_keyword mk  (cost=0.00..69693.30 rows=4523930 width=4) (actual time=0.021..1429.944 rows=4523930 loops=1)
              ->  Hash  (cost=67604.59..67604.59 rows=1926906 width=4) (actual time=1950.289..1950.289 rows=1918028 loops=1)
                    Buckets: 131072  Batches: 32  Memory Usage: 3147kB
                    ->  Seq Scan on title t  (cost=0.00..67604.59 rows=1926906 width=4) (actual time=0.030..1335.271 rows=1918028 loops=1)
                          Filter: (production_year > 1981)
                          Rows Removed by Filter: 610284
Planning time: 1.161 ms
Execution time: 57414.557 ms
