Hash Join  (cost=158318.68..946713.63 rows=232556 width=0) (actual time=2863.014..20476.674 rows=947515 loops=1)
  Hash Cond: (ci.movie_id = t.id)
  ->  Seq Scan on cast_info ci  (cost=0.00..705507.15 rows=21483269 width=4) (actual time=0.021..12530.443 rows=21340236 loops=1)
        Filter: (person_id < 2159874)
        Rows Removed by Filter: 14904108
  ->  Hash  (cost=157976.55..157976.55 rows=27371 width=8) (actual time=2862.670..2862.670 rows=32235 loops=1)
        Buckets: 32768  Batches: 1  Memory Usage: 1516kB
        ->  Hash Join  (cost=67976.49..157976.55 rows=27371 width=8) (actual time=1151.087..2851.847 rows=32235 loops=1)
              Hash Cond: (mk.movie_id = t.id)
              ->  Seq Scan on movie_keyword mk  (cost=0.00..81003.12 rows=2326193 width=4) (actual time=0.026..1318.759 rows=2326103 loops=1)
                    Filter: (keyword_id > 4385)
                    Rows Removed by Filter: 2197827
              ->  Hash  (cost=67604.59..67604.59 rows=29752 width=4) (actual time=1148.591..1148.591 rows=30027 loops=1)
                    Buckets: 32768  Batches: 1  Memory Usage: 1312kB
                    ->  Seq Scan on title t  (cost=0.00..67604.59 rows=29752 width=4) (actual time=0.019..1135.535 rows=30027 loops=1)
                          Filter: (production_year = 1994)
                          Rows Removed by Filter: 2498285
Planning time: 1.935 ms
Execution time: 20600.894 ms
