Hash Join  (cost=83074.74..137742.81 rows=254 width=0) (actual time=1202.913..2282.633 rows=1075 loops=1)
  Hash Cond: (mc.movie_id = t.id)
  ->  Seq Scan on movie_companies mc  (cost=0.00..44881.29 rows=2609129 width=4) (actual time=0.020..613.918 rows=2609129 loops=1)
  ->  Hash  (cost=83071.67..83071.67 rows=246 width=8) (actual time=1201.664..1201.664 rows=109 loops=1)
        Buckets: 1024  Batches: 1  Memory Usage: 13kB
        ->  Nested Loop  (cost=0.43..83071.67 rows=246 width=8) (actual time=0.306..1201.497 rows=109 loops=1)
              ->  Seq Scan on movie_keyword mk  (cost=0.00..81003.12 rows=246 width=4) (actual time=0.253..1197.359 rows=109 loops=1)
                    Filter: (keyword_id = 10440)
                    Rows Removed by Filter: 4523821
              ->  Index Only Scan using title_pkey on title t  (cost=0.43..8.40 rows=1 width=4) (actual time=0.033..0.033 rows=1 loops=109)
                    Index Cond: (id = mk.movie_id)
                    Heap Fetches: 109
Planning time: 1.137 ms
Execution time: 2282.977 ms
