Hash Join  (cost=553763.87..1834552.93 rows=10818980 width=0) (actual time=13783.570..59740.622 rows=45602068 loops=1)
  Hash Cond: (ci.movie_id = t.id)
  ->  Seq Scan on cast_info ci  (cost=0.00..614943.12 rows=36225612 width=4) (actual time=0.025..13498.756 rows=36244344 loops=1)
  ->  Hash  (cost=541374.39..541374.39 rows=755159 width=8) (actual time=13781.490..13781.490 rows=2660678 loops=1)
        Buckets: 131072 (originally 131072)  Batches: 64 (originally 16)  Memory Usage: 3073kB
        ->  Hash Join  (cost=77232.60..541374.39 rows=755159 width=8) (actual time=1660.537..12945.411 rows=2660678 loops=1)
              Hash Cond: (mi.movie_id = t.id)
              ->  Seq Scan on movie_info mi  (cost=0.00..346232.03 rows=9476311 width=4) (actual time=418.576..6449.489 rows=9565151 loops=1)
                    Filter: (info_type_id < 16)
                    Rows Removed by Filter: 5270569
              ->  Hash  (cost=73925.90..73925.90 rows=201496 width=4) (actual time=1241.008..1241.008 rows=307194 loops=1)
                    Buckets: 131072  Batches: 4  Memory Usage: 3733kB
                    ->  Seq Scan on title t  (cost=0.00..73925.90 rows=201496 width=4) (actual time=0.026..1138.101 rows=307194 loops=1)
                          Filter: ((kind_id < 7) AND (production_year < 1980))
                          Rows Removed by Filter: 2221118
Planning time: 1.133 ms
Execution time: 64666.548 ms
