Hash Join  (cost=175027.18..721335.54 rows=4699365 width=0) (actual time=3973.715..21003.643 rows=11313104 loops=1)
  Hash Cond: (mi.movie_id = t.id)
  ->  Seq Scan on movie_info mi  (cost=0.00..346232.03 rows=12928982 width=4) (actual time=0.011..7303.067 rows=12970088 loops=1)
        Filter: (info_type_id < 18)
        Rows Removed by Filter: 1865632
  ->  Hash  (cost=159947.97..159947.97 rows=919057 width=8) (actual time=3971.521..3971.521 rows=920110 loops=1)
        Buckets: 131072  Batches: 16  Memory Usage: 3283kB
        ->  Hash Join  (cost=102767.86..159947.97 rows=919057 width=8) (actual time=1979.474..3690.926 rows=920110 loops=1)
              Hash Cond: (mi_idx.movie_id = t.id)
              ->  Seq Scan on movie_info_idx mi_idx  (cost=0.00..25185.44 rows=919057 width=4) (actual time=0.021..514.596 rows=920110 loops=1)
                    Filter: (info_type_id > 99)
                    Rows Removed by Filter: 459925
              ->  Hash  (cost=61283.27..61283.27 rows=2528527 width=4) (actual time=1977.998..1977.998 rows=2528312 loops=1)
                    Buckets: 131072  Batches: 64  Memory Usage: 2415kB
                    ->  Seq Scan on title t  (cost=0.00..61283.27 rows=2528527 width=4) (actual time=0.011..1117.954 rows=2528312 loops=1)
Planning time: 1.073 ms
Execution time: 22323.232 ms
