Hash Join  (cost=94009.45..1409960.74 rows=23057911 width=0) (actual time=2535.638..44945.763 rows=24621540 loops=1)
  Hash Cond: (ci.movie_id = t.id)
  ->  Seq Scan on cast_info ci  (cost=0.00..614943.12 rows=36225612 width=4) (actual time=0.024..13553.164 rows=36244344 loops=1)
  ->  Hash  (cost=67604.59..67604.59 rows=1609429 width=4) (actual time=2534.867..2534.867 rows=1607077 loops=1)
        Buckets: 131072  Batches: 32  Memory Usage: 2791kB
        ->  Seq Scan on title t  (cost=0.00..67604.59 rows=1609429 width=4) (actual time=0.031..1327.206 rows=1607077 loops=1)
              Filter: (production_year > 1995)
              Rows Removed by Filter: 921235
Planning time: 0.716 ms
Execution time: 47730.208 ms
