Seq Scan on movie_keyword mk  (cost=0.00..81003.12 rows=246 width=0) (actual time=4.313..1253.890 rows=61 loops=1)
  Filter: (keyword_id = 10074)
  Rows Removed by Filter: 4523869
Planning time: 0.356 ms
Execution time: 1254.016 ms
