Hash Join  (cost=102767.86..247563.60 rows=2240530 width=0) (actual time=2052.968..5810.325 rows=2238368 loops=1)
  Hash Cond: (mk.movie_id = t.id)
  ->  Seq Scan on movie_keyword mk  (cost=0.00..81003.12 rows=2240530 width=4) (actual time=0.027..1708.209 rows=2238368 loops=1)
        Filter: (keyword_id > 4851)
        Rows Removed by Filter: 2285562
  ->  Hash  (cost=61283.27..61283.27 rows=2528527 width=4) (actual time=2051.774..2051.774 rows=2528312 loops=1)
        Buckets: 131072  Batches: 64  Memory Usage: 2425kB
        ->  Seq Scan on title t  (cost=0.00..61283.27 rows=2528527 width=4) (actual time=0.022..1197.968 rows=2528312 loops=1)
Planning time: 0.760 ms
Execution time: 6068.812 ms
