Seq Scan on movie_keyword mk  (cost=0.00..81003.12 rows=3571691 width=0) (actual time=0.015..1517.996 rows=3557418 loops=1)
  Filter: (keyword_id < 19735)
  Rows Removed by Filter: 966512
Planning time: 0.187 ms
Execution time: 1969.626 ms
