Nested Loop  (cost=0.43..83072.29 rows=111 width=0) (actual time=10.492..1245.862 rows=98 loops=1)
  ->  Seq Scan on movie_keyword mk  (cost=0.00..81003.12 rows=246 width=4) (actual time=0.089..1197.454 rows=1385 loops=1)
        Filter: (keyword_id = 2163)
        Rows Removed by Filter: 4522545
  ->  Index Scan using title_pkey on title t  (cost=0.43..8.40 rows=1 width=4) (actual time=0.034..0.034 rows=0 loops=1385)
        Index Cond: (id = mk.movie_id)
        Filter: (production_year < 2002)
        Rows Removed by Filter: 1
Planning time: 0.688 ms
Execution time: 1246.044 ms
