Seq Scan on cast_info ci  (cost=0.00..705507.15 rows=500 width=0) (actual time=86.025..10780.462 rows=299 loops=1)
  Filter: (person_id = 1604019)
  Rows Removed by Filter: 36244045
Planning time: 0.358 ms
Execution time: 10780.591 ms
