Hash Join  (cost=77347.14..155363.12 rows=215145 width=0) (actual time=1155.384..3258.735 rows=271781 loops=1)
  Hash Cond: (mc.movie_id = t.id)
  ->  Seq Scan on movie_companies mc  (cost=0.00..44881.29 rows=2609129 width=4) (actual time=0.023..913.597 rows=2609129 loops=1)
  ->  Hash  (cost=73925.90..73925.90 rows=208499 width=4) (actual time=1154.566..1154.566 rows=182393 loops=1)
        Buckets: 131072  Batches: 4  Memory Usage: 2628kB
        ->  Seq Scan on title t  (cost=0.00..73925.90 rows=208499 width=4) (actual time=123.274..1094.935 rows=182393 loops=1)
              Filter: ((kind_id < 2) AND (production_year > 2007))
              Rows Removed by Filter: 2345919
Planning time: 4.759 ms
Execution time: 3294.344 ms
