Hash Join  (cost=87245.25..180664.00 rows=224801 width=0) (actual time=1601.752..3601.163 rows=286804 loops=1)
  Hash Cond: (mk.movie_id = t.id)
  ->  Seq Scan on movie_keyword mk  (cost=0.00..81003.12 rows=474830 width=4) (actual time=0.020..1490.168 rows=470893 loops=1)
        Filter: (keyword_id > 37777)
        Rows Removed by Filter: 4053037
  ->  Hash  (cost=67604.59..67604.59 rows=1197093 width=4) (actual time=1600.688..1600.688 rows=1195923 loops=1)
        Buckets: 131072  Batches: 16  Memory Usage: 3661kB
        ->  Seq Scan on title t  (cost=0.00..67604.59 rows=1197093 width=4) (actual time=0.027..1209.509 rows=1195923 loops=1)
              Filter: (production_year < 2003)
              Rows Removed by Filter: 1332389
Planning time: 1.187 ms
Execution time: 3635.705 ms
