Hash Join  (cost=310578.05..1017180.84 rows=17801905 width=0) (actual time=7307.666..53353.860 rows=150927118 loops=1)
  Hash Cond: (mi.movie_id = t.id)
  ->  Seq Scan on movie_info mi  (cost=0.00..309384.22 rows=14739122 width=4) (actual time=0.015..6408.524 rows=14835720 loops=1)
  ->  Hash  (cost=260473.63..260473.63 rows=3053954 width=8) (actual time=7306.364..7306.364 rows=2629445 loops=1)
        Buckets: 131072  Batches: 64  Memory Usage: 2701kB
        ->  Hash Join  (cost=95609.14..260473.63 rows=3053954 width=8) (actual time=2099.912..6554.656 rows=2629445 loops=1)
              Hash Cond: (mk.movie_id = t.id)
              ->  Seq Scan on movie_keyword mk  (cost=0.00..69693.30 rows=4523930 width=4) (actual time=0.012..1485.062 rows=4523930 loops=1)
              ->  Hash  (cost=67604.59..67604.59 rows=1706924 width=4) (actual time=2097.768..2097.768 rows=1700316 loops=1)
                    Buckets: 131072  Batches: 32  Memory Usage: 2903kB
                    ->  Seq Scan on title t  (cost=0.00..67604.59 rows=1706924 width=4) (actual time=0.017..1343.530 rows=1700316 loops=1)
                          Filter: (production_year > 1992)
                          Rows Removed by Filter: 827996
Planning time: 1.104 ms
Execution time: 69170.775 ms
