Hash Join  (cost=100908.38..194755.41 rows=2145 width=0) (actual time=1906.516..3853.366 rows=978 loops=1)
  Hash Cond: (mk.movie_id = t.id)
  ->  Seq Scan on movie_keyword mk  (cost=0.00..81003.12 rows=3419321 width=4) (actual time=0.022..1583.569 rows=3409137 loops=1)
        Filter: (keyword_id > 1150)
        Rows Removed by Filter: 1114793
  ->  Hash  (cost=100888.56..100888.56 rows=1586 width=8) (actual time=1773.839..1773.839 rows=615 loops=1)
        Buckets: 2048  Batches: 1  Memory Usage: 41kB
        ->  Hash Join  (cost=73962.22..100888.56 rows=1586 width=8) (actual time=1181.980..1773.564 rows=615 loops=1)
              Hash Cond: (mi_idx.movie_id = t.id)
              ->  Seq Scan on movie_info_idx mi_idx  (cost=0.00..21735.35 rows=1380035 width=4) (actual time=0.011..312.016 rows=1380035 loops=1)
              ->  Hash  (cost=73925.90..73925.90 rows=2905 width=4) (actual time=1181.415..1181.415 rows=2618 loops=1)
                    Buckets: 4096  Batches: 1  Memory Usage: 125kB
                    ->  Seq Scan on title t  (cost=0.00..73925.90 rows=2905 width=4) (actual time=4.321..1180.089 rows=2618 loops=1)
                          Filter: ((kind_id < 7) AND (production_year = 1903))
                          Rows Removed by Filter: 2525694
Planning time: 1.131 ms
Execution time: 3853.646 ms
