Seq Scan on movie_keyword mk  (cost=0.00..81003.12 rows=3189704 width=0) (actual time=0.017..1562.081 rows=3175993 loops=1)
  Filter: (keyword_id < 12625)
  Rows Removed by Filter: 1347937
Planning time: 0.342 ms
Execution time: 1989.547 ms
