Hash Join  (cost=339372.43..1098416.46 rows=20990040 width=0) (actual time=9560.382..64196.885 rows=195921714 loops=1)
  Hash Cond: (mi.movie_id = t.id)
  ->  Seq Scan on movie_info mi  (cost=0.00..309384.22 rows=14739122 width=4) (actual time=0.008..6403.244 rows=14835720 loops=1)
  ->  Hash  (cost=280295.36..280295.36 rows=3600885 width=8) (actual time=9558.444..9558.444 rows=3593291 loops=1)
        Buckets: 131072  Batches: 64  Memory Usage: 3315kB
        ->  Hash Join  (cost=102767.86..280295.36 rows=3600885 width=8) (actual time=1995.175..8373.226 rows=3593291 loops=1)
              Hash Cond: (mk.movie_id = t.id)
              ->  Seq Scan on movie_keyword mk  (cost=0.00..81003.12 rows=3600885 width=4) (actual time=0.022..1741.078 rows=3593291 loops=1)
                    Filter: (keyword_id > 870)
                    Rows Removed by Filter: 930639
              ->  Hash  (cost=61283.27..61283.27 rows=2528527 width=4) (actual time=1993.313..1993.313 rows=2528312 loops=1)
                    Buckets: 131072  Batches: 64  Memory Usage: 2425kB
                    ->  Seq Scan on title t  (cost=0.00..61283.27 rows=2528527 width=4) (actual time=0.013..1138.486 rows=2528312 loops=1)
Planning time: 1.122 ms
Execution time: 84263.080 ms
