Hash Join  (cost=78665.12..205240.78 rows=399565 width=0) (actual time=1376.348..5133.653 rows=1360445 loops=1)
  Hash Cond: (mk.movie_id = t.id)
  ->  Seq Scan on movie_keyword mk  (cost=0.00..81003.12 rows=3498103 width=4) (actual time=0.014..1673.305 rows=3494899 loops=1)
        Filter: (keyword_id < 17288)
        Rows Removed by Filter: 1029031
  ->  Hash  (cost=73925.90..73925.90 rows=288817 width=4) (actual time=1375.384..1375.384 rows=423547 loops=1)
        Buckets: 131072 (originally 131072)  Batches: 8 (originally 4)  Memory Usage: 3073kB
        ->  Seq Scan on title t  (cost=0.00..73925.90 rows=288817 width=4) (actual time=0.017..1230.297 rows=423547 loops=1)
              Filter: ((kind_id < 4) AND (production_year < 1996))
              Rows Removed by Filter: 2104765
Planning time: 0.772 ms
Execution time: 5284.954 ms
