Hash Join  (cost=76379.89..210040.77 rows=956884 width=0) (actual time=1324.720..4917.934 rows=475878 loops=1)
  Hash Cond: (mk.movie_id = t.id)
  ->  Seq Scan on movie_keyword mk  (cost=0.00..69693.30 rows=4523930 width=4) (actual time=0.024..1457.983 rows=4523930 loops=1)
  ->  Hash  (cost=67604.59..67604.59 rows=534824 width=4) (actual time=1323.714..1323.714 rows=533369 loops=1)
        Buckets: 131072  Batches: 8  Memory Usage: 3376kB
        ->  Seq Scan on title t  (cost=0.00..67604.59 rows=534824 width=4) (actual time=0.016..1145.762 rows=533369 loops=1)
              Filter: (production_year > 2009)
              Rows Removed by Filter: 1994943
Planning time: 0.756 ms
Execution time: 4971.129 ms
