Seq Scan on movie_keyword mk  (cost=0.00..81003.12 rows=246 width=0) (actual time=1.875..1429.960 rows=1182 loops=1)
  Filter: (keyword_id = 5)
  Rows Removed by Filter: 4522748
Planning time: 0.358 ms
Execution time: 1442.486 ms
