Seq Scan on movie_companies mc  (cost=0.00..57926.93 rows=1199727 width=0) (actual time=329.018..1238.380 rows=1274246 loops=1)
  Filter: ((company_id < 127306) AND (company_type_id = 1))
  Rows Removed by Filter: 1334883
Planning time: 0.348 ms
Execution time: 1393.040 ms
