Hash Join  (cost=84697.09..605335.99 rows=3826797 width=0) (actual time=1707.815..15078.385 rows=1957146 loops=1)
  Hash Cond: (mi.movie_id = t.id)
  ->  Seq Scan on movie_info mi  (cost=0.00..309384.22 rows=14739122 width=4) (actual time=0.014..5886.604 rows=14835720 loops=1)
  ->  Hash  (cost=73925.90..73925.90 rows=656495 width=4) (actual time=1467.674..1467.674 rows=556797 loops=1)
        Buckets: 131072  Batches: 16  Memory Usage: 2252kB
        ->  Seq Scan on title t  (cost=0.00..73925.90 rows=656495 width=4) (actual time=113.200..1277.425 rows=556797 loops=1)
              Filter: ((production_year < 2001) AND (kind_id = 7))
              Rows Removed by Filter: 1971515
Planning time: 11.811 ms
Execution time: 15319.792 ms
