Hash Join  (cost=79462.84..120315.99 rows=184167 width=0) (actual time=1101.975..2254.508 rows=81249 loops=1)
  Hash Cond: (mi_idx.movie_id = t.id)
  ->  Seq Scan on movie_info_idx mi_idx  (cost=0.00..21735.35 rows=1380035 width=4) (actual time=0.012..508.931 rows=1380035 loops=1)
  ->  Hash  (cost=73925.90..73925.90 rows=337435 width=4) (actual time=1100.341..1100.341 rows=225506 loops=1)
        Buckets: 131072  Batches: 8  Memory Usage: 2004kB
        ->  Seq Scan on title t  (cost=0.00..73925.90 rows=337435 width=4) (actual time=0.022..1025.579 rows=225506 loops=1)
              Filter: ((production_year < 1983) AND (kind_id = 7))
              Rows Removed by Filter: 2302806
Planning time: 0.763 ms
Execution time: 2264.767 ms
