Seq Scan on title t  (cost=0.00..73925.90 rows=415212 width=0) (actual time=0.022..1314.608 rows=303236 loops=1)
  Filter: ((production_year > 1996) AND (kind_id = 1))
  Rows Removed by Filter: 2225076
Planning time: 0.422 ms
Execution time: 1350.859 ms
