Hash Join  (cost=101844.05..185160.34 rows=5290 width=0) (actual time=2262.539..2539.150 rows=2019 loops=1)
  Hash Cond: (mk.movie_id = t.id)
  ->  Seq Scan on movie_keyword mk  (cost=0.00..81003.12 rows=602736 width=4) (actual time=0.025..574.748 rows=607085 loops=1)
        Filter: (keyword_id > 30425)
        Rows Removed by Filter: 3916845
  ->  Hash  (cost=101566.63..101566.63 rows=22194 width=8) (actual time=1900.057..1900.057 rows=8268 loops=1)
        Buckets: 32768  Batches: 1  Memory Usage: 579kB
        ->  Hash Join  (cost=74434.21..101566.63 rows=22194 width=8) (actual time=1344.580..1896.649 rows=8268 loops=1)
              Hash Cond: (mi_idx.movie_id = t.id)
              ->  Seq Scan on movie_info_idx mi_idx  (cost=0.00..21735.35 rows=1380035 width=4) (actual time=0.012..356.915 rows=1380035 loops=1)
              ->  Hash  (cost=73925.90..73925.90 rows=40664 width=4) (actual time=1188.398..1188.398 rows=40257 loops=1)
                    Buckets: 65536  Batches: 1  Memory Usage: 1928kB
                    ->  Seq Scan on title t  (cost=0.00..73925.90 rows=40664 width=4) (actual time=213.318..1171.211 rows=40257 loops=1)
                          Filter: ((production_year > 2012) AND (kind_id = 7))
                          Rows Removed by Filter: 2488055
Planning time: 1.684 ms
Execution time: 2539.618 ms
