Seq Scan on cast_info ci  (cost=0.00..796071.18 rows=18066149 width=0) (actual time=4708.719..16056.904 rows=20122661 loops=1)
  Filter: ((person_id < 3418616) AND (role_id < 3))
  Rows Removed by Filter: 16121683
Planning time: 0.329 ms
Execution time: 18515.425 ms
