Hash Join  (cost=157056.23..647786.62 rows=1023747 width=0) (actual time=2891.244..15805.852 rows=794433 loops=1)
  Hash Cond: (mi.movie_id = t.id)
  ->  Seq Scan on movie_info mi  (cost=0.00..309384.22 rows=14739122 width=4) (actual time=0.009..5818.077 rows=14835720 loops=1)
  ->  Hash  (cost=154173.90..154173.90 rows=175626 width=8) (actual time=2886.742..2886.742 rows=95704 loops=1)
        Buckets: 131072  Batches: 4  Memory Usage: 1965kB
        ->  Hash Join  (cost=83189.08..154173.90 rows=175626 width=8) (actual time=1856.266..2860.832 rows=95704 loops=1)
              Hash Cond: (mc.movie_id = t.id)
              ->  Seq Scan on movie_companies mc  (cost=0.00..57926.93 rows=786567 width=4) (actual time=414.205..1130.836 rows=491861 loops=1)
                    Filter: ((company_id < 14423) AND (company_type_id > 1))
                    Rows Removed by Filter: 2117268
              ->  Hash  (cost=73925.90..73925.90 rows=564574 width=4) (actual time=1441.083..1441.083 rows=454234 loops=1)
                    Buckets: 131072  Batches: 8  Memory Usage: 3004kB
                    ->  Seq Scan on title t  (cost=0.00..73925.90 rows=564574 width=4) (actual time=289.011..1287.610 rows=454234 loops=1)
                          Filter: ((production_year < 1998) AND (kind_id = 7))
                          Rows Removed by Filter: 2074078
Planning time: 0.773 ms
Execution time: 15904.225 ms
