Hash Join  (cost=830246.58..873039.90 rows=297284 width=0) (actual time=14374.781..15618.699 rows=290016 loops=1)
  Hash Cond: (mi_idx.movie_id = t.id)
  ->  Seq Scan on movie_info_idx mi_idx  (cost=0.00..21735.35 rows=1380035 width=4) (actual time=0.026..503.559 rows=1380035 loops=1)
  ->  Hash  (cost=821309.95..821309.95 rows=544690 width=8) (actual time=14373.950..14373.950 rows=432805 loops=1)
        Buckets: 131072  Batches: 8  Memory Usage: 3131kB
        ->  Hash Join  (cost=92883.59..821309.95 rows=544690 width=8) (actual time=1794.766..14229.485 rows=432805 loops=1)
              Hash Cond: (ci.movie_id = t.id)
              ->  Seq Scan on cast_info ci  (cost=0.00..705507.15 rows=893863 width=4) (actual time=109.980..11513.576 rows=766966 loops=1)
                    Filter: (person_id < 81425)
                    Rows Removed by Filter: 35477378
              ->  Hash  (cost=67604.59..67604.59 rows=1540800 width=4) (actual time=1683.819..1683.819 rows=1543264 loops=1)
                    Buckets: 131072  Batches: 32  Memory Usage: 2722kB
                    ->  Seq Scan on title t  (cost=0.00..67604.59 rows=1540800 width=4) (actual time=0.024..1191.376 rows=1543264 loops=1)
                          Filter: (kind_id = 7)
                          Rows Removed by Filter: 985048
Planning time: 1.389 ms
Execution time: 15655.484 ms
