Seq Scan on movie_companies mc  (cost=0.00..57926.93 rows=817635 width=0) (actual time=0.022..1077.254 rows=1123176 loops=1)
  Filter: ((company_id < 18567) AND (company_type_id < 2))
  Rows Removed by Filter: 1485953
Planning time: 0.323 ms
Execution time: 1229.025 ms
