Seq Scan on movie_companies mc  (cost=0.00..57926.93 rows=53 width=0) (actual time=491.079..867.717 rows=5 loops=1)
  Filter: ((company_id = 19156) AND (company_type_id = 2))
  Rows Removed by Filter: 2609124
Planning time: 0.309 ms
Execution time: 867.789 ms
