Seq Scan on cast_info ci  (cost=0.00..796071.18 rows=1179281 width=0) (actual time=5367.795..10959.347 rows=2331477 loops=1)
  Filter: ((person_id < 313165) AND (role_id = 1))
  Rows Removed by Filter: 33912867
Planning time: 0.414 ms
Execution time: 11262.784 ms
