Hash Join  (cost=128695.20..934663.79 rows=3119 width=0) (actual time=2331.975..13104.953 rows=6540 loops=1)
  Hash Cond: (ci.movie_id = t.id)
  ->  Seq Scan on cast_info ci  (cost=0.00..796071.18 rows=2630994 width=4) (actual time=0.022..10421.200 rows=1601443 loops=1)
        Filter: ((person_id < 561378) AND (role_id > 2))
        Rows Removed by Filter: 34642901
  ->  Hash  (cost=128657.72..128657.72 rows=2998 width=8) (actual time=2325.283..2325.283 rows=14869 loops=1)
        Buckets: 16384 (originally 4096)  Batches: 1 (originally 1)  Memory Usage: 709kB
        ->  Hash Join  (cost=73962.22..128657.72 rows=2998 width=8) (actual time=1043.845..2318.867 rows=14869 loops=1)
              Hash Cond: (mc.movie_id = t.id)
              ->  Seq Scan on movie_companies mc  (cost=0.00..44881.29 rows=2609129 width=4) (actual time=0.019..718.364 rows=2609129 loops=1)
              ->  Hash  (cost=73925.90..73925.90 rows=2905 width=4) (actual time=1043.337..1043.337 rows=7670 loops=1)
                    Buckets: 8192 (originally 4096)  Batches: 1 (originally 1)  Memory Usage: 334kB
                    ->  Seq Scan on title t  (cost=0.00..73925.90 rows=2905 width=4) (actual time=0.025..1039.992 rows=7670 loops=1)
                          Filter: ((kind_id < 7) AND (production_year = 1915))
                          Rows Removed by Filter: 2520642
Planning time: 1.243 ms
Execution time: 13106.130 ms
