Hash Join  (cost=82272.69..223098.64 rows=857166 width=0) (actual time=1464.771..5522.498 rows=1611178 loops=1)
  Hash Cond: (mk.movie_id = t.id)
  ->  Seq Scan on movie_keyword mk  (cost=0.00..81003.12 rows=4260576 width=4) (actual time=0.020..1873.127 rows=4259554 loops=1)
        Filter: (keyword_id < 59098)
        Rows Removed by Filter: 264376
  ->  Hash  (cost=73925.90..73925.90 rows=508703 width=4) (actual time=1463.893..1463.893 rows=377920 loops=1)
        Buckets: 131072  Batches: 8  Memory Usage: 2700kB
        ->  Seq Scan on title t  (cost=0.00..73925.90 rows=508703 width=4) (actual time=203.976..1340.235 rows=377920 loops=1)
              Filter: ((production_year > 1981) AND (kind_id = 1))
              Rows Removed by Filter: 2150392
Planning time: 0.710 ms
Execution time: 5715.292 ms
