Hash Join  (cost=102767.86..913273.37 rows=189313 width=0) (actual time=9062.917..15626.921 rows=54537 loops=1)
  Hash Cond: (ci.movie_id = t.id)
  ->  Seq Scan on cast_info ci  (cost=0.00..796071.18 rows=189313 width=4) (actual time=7162.467..13310.032 rows=54537 loops=1)
        Filter: ((person_id < 2413874) AND (role_id = 7))
        Rows Removed by Filter: 36189807
  ->  Hash  (cost=61283.27..61283.27 rows=2528527 width=4) (actual time=1899.495..1899.495 rows=2528312 loops=1)
        Buckets: 131072  Batches: 64  Memory Usage: 2415kB
        ->  Seq Scan on title t  (cost=0.00..61283.27 rows=2528527 width=4) (actual time=0.014..1074.982 rows=2528312 loops=1)
Planning time: 0.684 ms
Execution time: 15633.898 ms
