Hash Join  (cost=97512.77..148667.85 rows=784660 width=0) (actual time=2081.159..3326.101 rows=425568 loops=1)
  Hash Cond: (mi_idx.movie_id = t.id)
  ->  Seq Scan on movie_info_idx mi_idx  (cost=0.00..21735.35 rows=1380035 width=4) (actual time=0.019..457.878 rows=1380035 loops=1)
  ->  Hash  (cost=73925.90..73925.90 rows=1437669 width=4) (actual time=1914.108..1914.108 rows=1478437 loops=1)
        Buckets: 131072  Batches: 32  Memory Usage: 2651kB
        ->  Seq Scan on title t  (cost=0.00..73925.90 rows=1437669 width=4) (actual time=0.018..1422.653 rows=1478437 loops=1)
              Filter: ((production_year > 1924) AND (kind_id = 7))
              Rows Removed by Filter: 1049875
Planning time: 0.795 ms
Execution time: 3373.823 ms
