Hash Join  (cost=193189.08..1332958.53 rows=10315328 width=0) (actual time=4449.931..41463.080 rows=22349079 loops=1)
  Hash Cond: (ci.movie_id = t.id)
  ->  Seq Scan on cast_info ci  (cost=0.00..614943.12 rows=36225612 width=4) (actual time=0.023..13189.943 rows=36244344 loops=1)
  ->  Hash  (cost=181376.04..181376.04 rows=720004 width=8) (actual time=4449.099..4449.099 rows=705966 loops=1)
        Buckets: 131072  Batches: 16  Memory Usage: 2747kB
        ->  Hash Join  (cost=102767.86..181376.04 rows=720004 width=8) (actual time=1953.956..4249.093 rows=705966 loops=1)
              Hash Cond: (mc.movie_id = t.id)
              ->  Seq Scan on movie_companies mc  (cost=0.00..51404.11 rows=720004 width=4) (actual time=0.025..1030.754 rows=705966 loops=1)
                    Filter: (company_id < 1344)
                    Rows Removed by Filter: 1903163
              ->  Hash  (cost=61283.27..61283.27 rows=2528527 width=4) (actual time=1951.292..1951.292 rows=2528312 loops=1)
                    Buckets: 131072  Batches: 64  Memory Usage: 2415kB
                    ->  Seq Scan on title t  (cost=0.00..61283.27 rows=2528527 width=4) (actual time=0.024..1096.964 rows=2528312 loops=1)
Planning time: 1.122 ms
Execution time: 43918.233 ms
