Hash Join  (cost=162310.55..966770.91 rows=838910 width=0) (actual time=3144.616..28046.045 rows=3151794 loops=1)
  Hash Cond: (ci.movie_id = t.id)
  ->  Seq Scan on cast_info ci  (cost=0.00..614943.12 rows=36225612 width=4) (actual time=0.021..9743.228 rows=36244344 loops=1)
  ->  Hash  (cost=161578.60..161578.60 rows=58556 width=8) (actual time=3144.125..3144.125 rows=98736 loops=1)
        Buckets: 131072 (originally 65536)  Batches: 2 (originally 1)  Memory Usage: 3073kB
        ->  Hash Join  (cost=74335.01..161578.60 rows=58556 width=8) (actual time=1446.976..3107.383 rows=98736 loops=1)
              Hash Cond: (mk.movie_id = t.id)
              ->  Seq Scan on movie_keyword mk  (cost=0.00..69693.30 rows=4523930 width=4) (actual time=0.015..956.195 rows=4523930 loops=1)
              ->  Hash  (cost=73925.90..73925.90 rows=32728 width=4) (actual time=1220.843..1220.843 rows=43053 loops=1)
                    Buckets: 65536 (originally 32768)  Batches: 1 (originally 1)  Memory Usage: 2026kB
                    ->  Seq Scan on title t  (cost=0.00..73925.90 rows=32728 width=4) (actual time=0.019..1203.696 rows=43053 loops=1)
                          Filter: ((production_year < 1995) AND (kind_id = 3))
                          Rows Removed by Filter: 2485259
Planning time: 4.211 ms
Execution time: 28433.683 ms
