Nested Loop  (cost=0.43..52283.95 rows=31 width=0) (actual time=128.243..782.390 rows=10 loops=1)
  ->  Seq Scan on movie_companies mc  (cost=0.00..51404.11 rows=104 width=4) (actual time=128.179..772.698 rows=10 loops=1)
        Filter: (company_id = 24288)
        Rows Removed by Filter: 2609119
  ->  Index Scan using title_pkey on title t  (cost=0.43..8.45 rows=1 width=4) (actual time=0.963..0.963 rows=1 loops=10)
        Index Cond: (id = mc.movie_id)
        Filter: (kind_id < 3)
Planning time: 0.796 ms
Execution time: 782.531 ms
