Hash Join  (cost=102767.86..1271853.42 rows=18855041 width=0) (actual time=1908.554..33402.877 rows=18745538 loops=1)
  Hash Cond: (ci.movie_id = t.id)
  ->  Seq Scan on cast_info ci  (cost=0.00..705507.15 rows=18855041 width=4) (actual time=0.049..14348.319 rows=18745538 loops=1)
        Filter: (person_id < 1868446)
        Rows Removed by Filter: 17498806
  ->  Hash  (cost=61283.27..61283.27 rows=2528527 width=4) (actual time=1906.460..1906.460 rows=2528312 loops=1)
        Buckets: 131072  Batches: 64  Memory Usage: 2415kB
        ->  Seq Scan on title t  (cost=0.00..61283.27 rows=2528527 width=4) (actual time=0.024..1061.969 rows=2528312 loops=1)
Planning time: 0.695 ms
Execution time: 35704.579 ms
