Hash Join  (cost=709674.80..801126.50 rows=145 width=0) (actual time=11802.533..12717.590 rows=47 loops=1)
  Hash Cond: (mk.movie_id = t.id)
  ->  Seq Scan on movie_keyword mk  (cost=0.00..81003.12 rows=2785901 width=4) (actual time=0.027..1629.973 rows=2777135 loops=1)
        Filter: (keyword_id > 2849)
        Rows Removed by Filter: 1746795
  ->  Hash  (cost=709673.15..709673.15 rows=132 width=8) (actual time=10703.553..10703.553 rows=31 loops=1)
        Buckets: 1024  Batches: 1  Memory Usage: 10kB
        ->  Nested Loop  (cost=0.43..709673.15 rows=132 width=8) (actual time=3348.555..10703.482 rows=31 loops=1)
              ->  Seq Scan on cast_info ci  (cost=0.00..705507.15 rows=500 width=4) (actual time=3348.452..10702.336 rows=52 loops=1)
                    Filter: (person_id = 903903)
                    Rows Removed by Filter: 36244292
              ->  Index Scan using title_pkey on title t  (cost=0.43..8.32 rows=1 width=4) (actual time=0.019..0.019 rows=1 loops=52)
                    Index Cond: (id = ci.movie_id)
                    Filter: (kind_id = 1)
                    Rows Removed by Filter: 0
Planning time: 1.335 ms
Execution time: 12717.767 ms
