Hash Join  (cost=74657.14..133945.57 rows=45816 width=0) (actual time=1509.634..2668.319 rows=16867 loops=1)
  Hash Cond: (mc.movie_id = t.id)
  ->  Seq Scan on movie_companies mc  (cost=0.00..51404.11 rows=1980307 width=4) (actual time=0.017..957.697 rows=1976344 loops=1)
        Filter: (company_id < 58920)
        Rows Removed by Filter: 632785
  ->  Hash  (cost=73925.90..73925.90 rows=58499 width=4) (actual time=1177.079..1177.079 rows=62752 loops=1)
        Buckets: 65536  Batches: 1  Memory Usage: 2719kB
        ->  Seq Scan on title t  (cost=0.00..73925.90 rows=58499 width=4) (actual time=0.014..1153.057 rows=62752 loops=1)
              Filter: ((kind_id = 7) AND (production_year = 2005))
              Rows Removed by Filter: 2465560
Planning time: 0.546 ms
Execution time: 2670.698 ms
