Hash Join  (cost=126672.36..481056.45 rows=39471 width=0) (actual time=6978.168..8077.404 rows=131664 loops=1)
  Hash Cond: (mi.movie_id = t.id)
  ->  Seq Scan on movie_info mi  (cost=0.00..346232.03 rows=616095 width=4) (actual time=4509.770..5360.574 rows=598457 loops=1)
        Filter: (info_type_id = 15)
        Rows Removed by Filter: 14237263
  ->  Hash  (cost=124014.46..124014.46 rows=161992 width=8) (actual time=2451.238..2451.238 rows=89977 loops=1)
        Buckets: 131072  Batches: 4  Memory Usage: 1911kB
        ->  Hash Join  (cost=88391.98..124014.46 rows=161992 width=8) (actual time=1560.529..2419.592 rows=89977 loops=1)
              Hash Cond: (mi_idx.movie_id = t.id)
              ->  Seq Scan on movie_info_idx mi_idx  (cost=0.00..25185.44 rows=464566 width=4) (actual time=0.032..440.411 rows=459925 loops=1)
                    Filter: (info_type_id = 101)
                    Rows Removed by Filter: 920110
              ->  Hash  (cost=73925.90..73925.90 rows=881686 width=4) (actual time=1559.518..1559.518 rows=801513 loops=1)
                    Buckets: 131072  Batches: 16  Memory Usage: 2786kB
                    ->  Seq Scan on title t  (cost=0.00..73925.90 rows=881686 width=4) (actual time=0.019..1304.798 rows=801513 loops=1)
                          Filter: ((production_year < 2006) AND (kind_id = 7))
                          Rows Removed by Filter: 1726799
Planning time: 1.475 ms
Execution time: 8092.236 ms
