Hash Join  (cost=116523.17..601123.09 rows=449200 width=0) (actual time=2315.707..13099.585 rows=1463621 loops=1)
  Hash Cond: (mi.movie_id = t.id)
  ->  Seq Scan on movie_info mi  (cost=0.00..309384.22 rows=14739122 width=4) (actual time=0.030..5942.133 rows=14835720 loops=1)
  ->  Hash  (cost=115257.91..115257.91 rows=77061 width=8) (actual time=1974.090..1974.090 rows=79121 loops=1)
        Buckets: 131072  Batches: 2  Memory Usage: 2571kB
        ->  Hash Join  (cost=76242.82..115257.91 rows=77061 width=8) (actual time=1287.550..1945.016 rows=79121 loops=1)
              Hash Cond: (mi_idx.movie_id = t.id)
              ->  Seq Scan on movie_info_idx mi_idx  (cost=0.00..21735.35 rows=1380035 width=4) (actual time=0.020..418.500 rows=1380035 loops=1)
              ->  Hash  (cost=73925.90..73925.90 rows=141193 width=4) (actual time=1024.671..1024.671 rows=132182 loops=1)
                    Buckets: 131072  Batches: 2  Memory Usage: 3340kB
                    ->  Seq Scan on title t  (cost=0.00..73925.90 rows=141193 width=4) (actual time=0.022..982.873 rows=132182 loops=1)
                          Filter: ((production_year > 2009) AND (kind_id = 1))
                          Rows Removed by Filter: 2396130
Planning time: 1.174 ms
Execution time: 13259.625 ms
