Seq Scan on movie_keyword mk  (cost=0.00..81003.12 rows=78917 width=0) (actual time=407.968..1305.474 rows=77795 loops=1)
  Filter: (keyword_id > 88500)
  Rows Removed by Filter: 4446135
Planning time: 0.314 ms
Execution time: 1317.312 ms
