Seq Scan on movie_companies mc  (cost=0.00..51404.11 rows=1678300 width=0) (actual time=0.025..893.614 rows=1669728 loops=1)
  Filter: (company_id < 19067)
  Rows Removed by Filter: 939401
Planning time: 0.335 ms
Execution time: 1108.138 ms
