Hash Join  (cost=150171.08..501427.78 rows=600 width=0) (actual time=4406.155..7804.990 rows=9813 loops=1)
  Hash Cond: (mi.movie_id = t.id)
  ->  Seq Scan on movie_info mi  (cost=0.00..346232.03 rows=1338312 width=4) (actual time=1897.220..5151.799 rows=1401902 loops=1)
        Filter: (info_type_id = 7)
        Rows Removed by Filter: 13433818
  ->  Hash  (cost=150156.92..150156.92 rows=1133 width=8) (actual time=2434.992..2434.992 rows=3699 loops=1)
        Buckets: 4096 (originally 2048)  Batches: 1 (originally 1)  Memory Usage: 177kB
        ->  Hash Join  (cost=67697.55..150156.92 rows=1133 width=8) (actual time=1060.626..2433.252 rows=3699 loops=1)
              Hash Cond: (mk.movie_id = t.id)
              ->  Seq Scan on movie_keyword mk  (cost=0.00..81003.12 rows=385310 width=4) (actual time=0.033..1296.268 rows=382448 loops=1)
                    Filter: (keyword_id > 44737)
                    Rows Removed by Filter: 4141482
              ->  Hash  (cost=67604.59..67604.59 rows=7437 width=4) (actual time=1057.618..1057.618 rows=20122 loops=1)
                    Buckets: 32768 (originally 8192)  Batches: 1 (originally 1)  Memory Usage: 964kB
                    ->  Seq Scan on title t  (cost=0.00..67604.59 rows=7437 width=4) (actual time=0.028..1047.717 rows=20122 loops=1)
                          Filter: (production_year = 1987)
                          Rows Removed by Filter: 2508190
Planning time: 1.553 ms
Execution time: 7806.554 ms
