Seq Scan on movie_companies mc  (cost=0.00..57926.93 rows=407720 width=0) (actual time=268.982..1000.496 rows=583428 loops=1)
  Filter: ((company_id < 2009) AND (company_type_id < 2))
  Rows Removed by Filter: 2025701
Planning time: 0.322 ms
Execution time: 1066.151 ms
