Seq Scan on movie_companies mc  (cost=0.00..57926.93 rows=885333 width=0) (actual time=254.815..769.909 rows=564589 loops=1)
  Filter: ((company_id < 22982) AND (company_type_id = 2))
  Rows Removed by Filter: 2044540
Planning time: 0.318 ms
Execution time: 843.897 ms
