Hash Join  (cost=106840.27..1537891.32 rows=34262387 width=0) (actual time=2197.235..46674.889 rows=34848421 loops=1)
  Hash Cond: (ci.movie_id = t.id)
  ->  Seq Scan on cast_info ci  (cost=0.00..614943.12 rows=36225612 width=4) (actual time=0.023..13936.439 rows=36244344 loops=1)
  ->  Hash  (cost=67604.59..67604.59 rows=2391495 width=4) (actual time=2196.032..2196.032 rows=2388876 loops=1)
        Buckets: 131072  Batches: 32  Memory Usage: 3646kB
        ->  Seq Scan on title t  (cost=0.00..67604.59 rows=2391495 width=4) (actual time=0.013..1439.616 rows=2388876 loops=1)
              Filter: (production_year < 2013)
              Rows Removed by Filter: 139436
Planning time: 0.724 ms
Execution time: 50530.365 ms
