Hash Join  (cost=167101.16..208510.54 rows=216589 width=0) (actual time=3796.119..5137.035 rows=658940 loops=1)
  Hash Cond: (mi_idx.movie_id = t.id)
  ->  Seq Scan on movie_info_idx mi_idx  (cost=0.00..21735.35 rows=1380035 width=4) (actual time=0.019..479.696 rows=1380035 loops=1)
  ->  Hash  (cost=160589.68..160589.68 rows=396839 width=8) (actual time=3794.828..3794.828 rows=564476 loops=1)
        Buckets: 131072  Batches: 8  Memory Usage: 3782kB
        ->  Hash Join  (cost=82131.75..160589.68 rows=396839 width=8) (actual time=1720.915..3625.586 rows=564476 loops=1)
              Hash Cond: (mc.movie_id = t.id)
              ->  Seq Scan on movie_companies mc  (cost=0.00..57926.93 rows=1133227 width=4) (actual time=234.872..1197.253 rows=1243174 loops=1)
                    Filter: ((company_id > 225) AND (company_type_id = 2))
                    Rows Removed by Filter: 1365955
              ->  Hash  (cost=67604.59..67604.59 rows=885453 width=4) (actual time=1484.799..1484.799 rows=885650 loops=1)
                    Buckets: 131072  Batches: 16  Memory Usage: 2972kB
                    ->  Seq Scan on title t  (cost=0.00..67604.59 rows=885453 width=4) (actual time=0.028..1202.842 rows=885650 loops=1)
                          Filter: (production_year < 1997)
                          Rows Removed by Filter: 1642662
Planning time: 1.265 ms
Execution time: 5216.752 ms
