Hash Join  (cost=293451.01..945066.41 rows=14375157 width=0) (actual time=7120.783..49838.176 rows=135588956 loops=1)
  Hash Cond: (mi.movie_id = t.id)
  ->  Seq Scan on movie_info mi  (cost=0.00..309384.22 rows=14739122 width=4) (actual time=0.016..6120.696 rows=14835720 loops=1)
  ->  Hash  (cost=252990.91..252990.91 rows=2466088 width=8) (actual time=7119.139..7119.139 rows=2450217 loops=1)
        Buckets: 131072  Batches: 64  Memory Usage: 2619kB
        ->  Hash Join  (cost=102767.86..252990.91 rows=2466088 width=8) (actual time=2572.964..6460.112 rows=2450217 loops=1)
              Hash Cond: (mk.movie_id = t.id)
              ->  Seq Scan on movie_keyword mk  (cost=0.00..81003.12 rows=2466088 width=4) (actual time=0.008..1714.916 rows=2450217 loops=1)
                    Filter: (keyword_id > 3666)
                    Rows Removed by Filter: 2073713
              ->  Hash  (cost=61283.27..61283.27 rows=2528527 width=4) (actual time=2570.655..2570.655 rows=2528312 loops=1)
                    Buckets: 131072  Batches: 64  Memory Usage: 2425kB
                    ->  Seq Scan on title t  (cost=0.00..61283.27 rows=2528527 width=4) (actual time=0.015..1050.878 rows=2528312 loops=1)
Planning time: 1.216 ms
Execution time: 63891.110 ms
