Hash Join  (cost=73950.44..100871.63 rows=1071 width=0) (actual time=1263.644..1732.838 rows=5359 loops=1)
  Hash Cond: (mi_idx.movie_id = t.id)
  ->  Seq Scan on movie_info_idx mi_idx  (cost=0.00..21735.35 rows=1380035 width=4) (actual time=0.016..286.888 rows=1380035 loops=1)
  ->  Hash  (cost=73925.90..73925.90 rows=1963 width=4) (actual time=1173.100..1173.100 rows=4281 loops=1)
        Buckets: 8192 (originally 2048)  Batches: 1 (originally 1)  Memory Usage: 215kB
        ->  Seq Scan on title t  (cost=0.00..73925.90 rows=1963 width=4) (actual time=0.049..1170.985 rows=4281 loops=1)
              Filter: ((kind_id = 1) AND (production_year = 1978))
              Rows Removed by Filter: 2524031
Planning time: 0.525 ms
Execution time: 1733.743 ms
