Seq Scan on movie_companies mc  (cost=0.00..51404.11 rows=778008 width=0) (actual time=0.031..837.116 rows=784048 loops=1)
  Filter: (company_id > 32230)
  Rows Removed by Filter: 1825081
Planning time: 0.339 ms
Execution time: 941.167 ms
