Hash Join  (cost=102767.86..194618.85 rows=999265 width=0) (actual time=1784.929..3981.323 rows=858370 loops=1)
  Hash Cond: (mc.movie_id = t.id)
  ->  Seq Scan on movie_companies mc  (cost=0.00..57926.93 rows=999265 width=4) (actual time=0.023..1137.369 rows=858370 loops=1)
        Filter: ((company_id > 598) AND (company_type_id = 1))
        Rows Removed by Filter: 1750759
  ->  Hash  (cost=61283.27..61283.27 rows=2528527 width=4) (actual time=1783.973..1783.973 rows=2528312 loops=1)
        Buckets: 131072  Batches: 64  Memory Usage: 2415kB
        ->  Seq Scan on title t  (cost=0.00..61283.27 rows=2528527 width=4) (actual time=0.014..986.188 rows=2528312 loops=1)
Planning time: 4.303 ms
Execution time: 4076.208 ms
