Seq Scan on cast_info ci  (cost=0.00..796071.18 rows=21402112 width=0) (actual time=5006.347..16951.577 rows=21079055 loops=1)
  Filter: ((person_id > 366684) AND (role_id < 4))
  Rows Removed by Filter: 15165289
Planning time: 0.366 ms
Execution time: 19404.192 ms
