Seq Scan on movie_keyword mk  (cost=0.00..81003.12 rows=1370142 width=0) (actual time=0.022..1303.300 rows=1386409 loops=1)
  Filter: (keyword_id > 12033)
  Rows Removed by Filter: 3137521
Planning time: 0.319 ms
Execution time: 1479.701 ms
