Hash Join  (cost=102767.86..177600.65 rows=563119 width=0) (actual time=1830.488..4035.811 rows=559852 loops=1)
  Hash Cond: (mc.movie_id = t.id)
  ->  Seq Scan on movie_companies mc  (cost=0.00..51404.11 rows=563119 width=4) (actual time=0.017..851.856 rows=559852 loops=1)
        Filter: (company_id < 595)
        Rows Removed by Filter: 2049277
  ->  Hash  (cost=61283.27..61283.27 rows=2528527 width=4) (actual time=1829.368..1829.368 rows=2528312 loops=1)
        Buckets: 131072  Batches: 64  Memory Usage: 2415kB
        ->  Seq Scan on title t  (cost=0.00..61283.27 rows=2528527 width=4) (actual time=0.026..1002.814 rows=2528312 loops=1)
Planning time: 0.715 ms
Execution time: 4103.770 ms
