Seq Scan on cast_info ci  (cost=0.00..796071.18 rows=176 width=0) (actual time=8333.342..11399.925 rows=161 loops=1)
  Filter: ((person_id = 169682) AND (role_id = 1))
  Rows Removed by Filter: 36244183
Planning time: 0.384 ms
Execution time: 11400.078 ms
