Seq Scan on movie_keyword mk  (cost=0.00..81003.12 rows=3852401 width=0) (actual time=0.027..1548.855 rows=3847611 loops=1)
  Filter: (keyword_id < 27710)
  Rows Removed by Filter: 676319
Planning time: 0.609 ms
Execution time: 2012.548 ms
