Hash Join  (cost=168383.70..516520.90 rows=12911 width=0) (actual time=7714.099..9150.829 rows=11597 loops=1)
  Hash Cond: (mi.movie_id = t.id)
  ->  Seq Scan on movie_info mi  (cost=0.00..346232.03 rows=473617 width=4) (actual time=4399.729..5757.390 rows=486554 loops=1)
        Filter: (info_type_id = 5)
        Rows Removed by Filter: 14349166
  ->  Hash  (cost=167522.09..167522.09 rows=68929 width=8) (actual time=3305.372..3305.372 rows=19243 loops=1)
        Buckets: 131072  Batches: 1  Memory Usage: 1776kB
        ->  Hash Join  (cost=74657.14..167522.09 rows=68929 width=8) (actual time=2236.665..3299.189 rows=19243 loops=1)
              Hash Cond: (mk.movie_id = t.id)
              ->  Seq Scan on movie_keyword mk  (cost=0.00..81003.12 rows=2979341 width=4) (actual time=0.035..1539.281 rows=2969686 loops=1)
                    Filter: (keyword_id > 2298)
                    Rows Removed by Filter: 1554244
              ->  Hash  (cost=73925.90..73925.90 rows=58499 width=4) (actual time=1257.834..1257.834 rows=62752 loops=1)
                    Buckets: 65536  Batches: 1  Memory Usage: 2719kB
                    ->  Seq Scan on title t  (cost=0.00..73925.90 rows=58499 width=4) (actual time=0.020..1232.665 rows=62752 loops=1)
                          Filter: ((kind_id = 7) AND (production_year = 2005))
                          Rows Removed by Filter: 2465560
Planning time: 1.165 ms
Execution time: 9152.556 ms
