Hash Join  (cost=709675.28..764341.52 rows=72 width=0) (actual time=9522.636..10681.629 rows=325 loops=1)
  Hash Cond: (mc.movie_id = t.id)
  ->  Seq Scan on movie_companies mc  (cost=0.00..44881.29 rows=2609129 width=4) (actual time=0.017..695.004 rows=2609129 loops=1)
  ->  Hash  (cost=709674.40..709674.40 rows=70 width=8) (actual time=9521.262..9521.262 rows=41 loops=1)
        Buckets: 1024  Batches: 1  Memory Usage: 10kB
        ->  Nested Loop  (cost=0.43..709674.40 rows=70 width=8) (actual time=3181.143..9521.179 rows=41 loops=1)
              ->  Seq Scan on cast_info ci  (cost=0.00..705507.15 rows=500 width=4) (actual time=333.463..9514.439 rows=240 loops=1)
                    Filter: (person_id = 1331667)
                    Rows Removed by Filter: 36244104
              ->  Index Scan using title_pkey on title t  (cost=0.43..8.32 rows=1 width=4) (actual time=0.027..0.027 rows=0 loops=240)
                    Index Cond: (id = ci.movie_id)
                    Filter: ((kind_id < 7) AND (production_year > 2006))
                    Rows Removed by Filter: 1
Planning time: 1.197 ms
Execution time: 10681.831 ms
