Hash Join  (cost=86300.63..638049.78 rows=4154103 width=0) (actual time=1527.527..16778.258 rows=2787637 loops=1)
  Hash Cond: (mi.movie_id = t.id)
  ->  Seq Scan on movie_info mi  (cost=0.00..346232.03 rows=13926693 width=4) (actual time=0.018..7516.050 rows=13963496 loops=1)
        Filter: (info_type_id < 98)
        Rows Removed by Filter: 872224
  ->  Hash  (cost=73925.90..73925.90 rows=754218 width=4) (actual time=1526.611..1526.611 rows=647556 loops=1)
        Buckets: 131072  Batches: 16  Memory Usage: 2457kB
        ->  Seq Scan on title t  (cost=0.00..73925.90 rows=754218 width=4) (actual time=0.014..1320.593 rows=647556 loops=1)
              Filter: ((kind_id > 1) AND (production_year < 2000))
              Rows Removed by Filter: 1880756
Planning time: 0.757 ms
Execution time: 17072.476 ms
