Seq Scan on movie_keyword mk  (cost=0.00..81003.12 rows=3050264 width=0) (actual time=0.024..1581.514 rows=3038175 loops=1)
  Filter: (keyword_id < 10998)
  Rows Removed by Filter: 1485755
Planning time: 0.503 ms
Execution time: 1967.108 ms
