Hash Join  (cost=188514.39..565702.04 rows=384781 width=0) (actual time=3577.505..11082.768 rows=678918 loops=1)
  Hash Cond: (mi.movie_id = t.id)
  ->  Seq Scan on movie_info mi  (cost=0.00..346232.03 rows=2194617 width=4) (actual time=0.004..6250.670 rows=2233850 loops=1)
        Filter: (info_type_id > 16)
        Rows Removed by Filter: 12601870
  ->  Hash  (cost=181240.82..181240.82 rows=443325 width=8) (actual time=3576.713..3576.713 rows=252961 loops=1)
        Buckets: 131072  Batches: 8  Memory Usage: 2272kB
        ->  Hash Join  (cost=102767.86..181240.82 rows=443325 width=8) (actual time=1955.600..3509.251 rows=252961 loops=1)
              Hash Cond: (mc.movie_id = t.id)
              ->  Seq Scan on movie_companies mc  (cost=0.00..57926.93 rows=443325 width=4) (actual time=0.048..1030.407 rows=252961 loops=1)
                    Filter: ((company_id < 2561) AND (company_type_id = 2))
                    Rows Removed by Filter: 2356168
              ->  Hash  (cost=61283.27..61283.27 rows=2528527 width=4) (actual time=1953.846..1953.846 rows=2528312 loops=1)
                    Buckets: 131072  Batches: 64  Memory Usage: 2415kB
                    ->  Seq Scan on title t  (cost=0.00..61283.27 rows=2528527 width=4) (actual time=0.023..1098.223 rows=2528312 loops=1)
Planning time: 2.711 ms
Execution time: 11172.014 ms
