Hash Join  (cost=218525.06..1426712.06 rows=16975483 width=0) (actual time=4647.150..44616.758 rows=25443692 loops=1)
  Hash Cond: (ci.movie_id = t.id)
  ->  Seq Scan on cast_info ci  (cost=0.00..614943.12 rows=36225612 width=4) (actual time=0.019..13635.984 rows=36244344 loops=1)
  ->  Hash  (cost=199085.08..199085.08 rows=1184879 width=8) (actual time=4646.105..4646.105 rows=1048862 loops=1)
        Buckets: 131072  Batches: 16  Memory Usage: 3572kB
        ->  Hash Join  (cost=102767.86..199085.08 rows=1184879 width=8) (actual time=1857.870..4335.180 rows=1048862 loops=1)
              Hash Cond: (mc.movie_id = t.id)
              ->  Seq Scan on movie_companies mc  (cost=0.00..57926.93 rows=1184879 width=4) (actual time=0.028..1201.070 rows=1048862 loops=1)
                    Filter: ((company_id < 95234) AND (company_type_id = 2))
                    Rows Removed by Filter: 1560267
              ->  Hash  (cost=61283.27..61283.27 rows=2528527 width=4) (actual time=1856.082..1856.082 rows=2528312 loops=1)
                    Buckets: 131072  Batches: 64  Memory Usage: 2415kB
                    ->  Seq Scan on title t  (cost=0.00..61283.27 rows=2528527 width=4) (actual time=0.020..1009.472 rows=2528312 loops=1)
Planning time: 1.196 ms
Execution time: 47332.004 ms
