Hash Join  (cost=102767.86..979597.75 rows=6709338 width=0) (actual time=7896.177..19917.904 rows=6792330 loops=1)
  Hash Cond: (ci.movie_id = t.id)
  ->  Seq Scan on cast_info ci  (cost=0.00..705507.15 rows=6709338 width=4) (actual time=5966.169..12015.939 rows=6792330 loops=1)
        Filter: (person_id > 2982816)
        Rows Removed by Filter: 29452014
  ->  Hash  (cost=61283.27..61283.27 rows=2528527 width=4) (actual time=1928.723..1928.723 rows=2528312 loops=1)
        Buckets: 131072  Batches: 64  Memory Usage: 2415kB
        ->  Seq Scan on title t  (cost=0.00..61283.27 rows=2528527 width=4) (actual time=0.017..1089.892 rows=2528312 loops=1)
Planning time: 0.510 ms
Execution time: 20688.588 ms
