Hash Join  (cost=222028.31..745447.78 rows=4087354 width=0) (actual time=4892.128..25232.300 rows=27612974 loops=1)
  Hash Cond: (mi.movie_id = t.id)
  ->  Seq Scan on movie_info mi  (cost=0.00..309384.22 rows=14739122 width=4) (actual time=0.016..5642.211 rows=14835720 loops=1)
  ->  Hash  (cost=210523.39..210523.39 rows=701194 width=8) (actual time=4891.052..4891.052 rows=699472 loops=1)
        Buckets: 131072  Batches: 16  Memory Usage: 2808kB
        ->  Hash Join  (cost=102767.86..210523.39 rows=701194 width=8) (actual time=2282.789..4667.869 rows=699472 loops=1)
              Hash Cond: (mk.movie_id = t.id)
              ->  Seq Scan on movie_keyword mk  (cost=0.00..81003.12 rows=701194 width=4) (actual time=0.019..1349.568 rows=699472 loops=1)
                    Filter: (keyword_id < 585)
                    Rows Removed by Filter: 3824458
              ->  Hash  (cost=61283.27..61283.27 rows=2528527 width=4) (actual time=2281.855..2281.855 rows=2528312 loops=1)
                    Buckets: 131072  Batches: 64  Memory Usage: 2425kB
                    ->  Seq Scan on title t  (cost=0.00..61283.27 rows=2528527 width=4) (actual time=0.012..1107.523 rows=2528312 loops=1)
Planning time: 1.091 ms
Execution time: 28598.330 ms
