Hash Join  (cost=94699.36..446008.54 rows=2164 width=0) (actual time=1905.330..7136.305 rows=15587 loops=1)
  Hash Cond: (mi.movie_id = t.id)
  ->  Seq Scan on movie_info mi  (cost=0.00..346232.03 rows=1348138 width=4) (actual time=285.651..5286.808 rows=1298989 loops=1)
        Filter: (info_type_id = 4)
        Rows Removed by Filter: 13536731
  ->  Hash  (cost=94648.62..94648.62 rows=4059 width=8) (actual time=1619.504..1619.504 rows=17118 loops=1)
        Buckets: 32768 (originally 4096)  Batches: 1 (originally 1)  Memory Usage: 925kB
        ->  Hash Join  (cost=67697.55..94648.62 rows=4059 width=8) (actual time=996.517..1613.148 rows=17118 loops=1)
              Hash Cond: (mi_idx.movie_id = t.id)
              ->  Seq Scan on movie_info_idx mi_idx  (cost=0.00..21735.35 rows=1380035 width=4) (actual time=0.026..304.620 rows=1380035 loops=1)
              ->  Hash  (cost=67604.59..67604.59 rows=7437 width=4) (actual time=996.038..996.038 rows=23799 loops=1)
                    Buckets: 32768 (originally 8192)  Batches: 1 (originally 1)  Memory Usage: 1093kB
                    ->  Seq Scan on title t  (cost=0.00..67604.59 rows=7437 width=4) (actual time=0.072..985.536 rows=23799 loops=1)
                          Filter: (production_year = 1991)
                          Rows Removed by Filter: 2504513
Planning time: 1.132 ms
Execution time: 7138.860 ms
