Nested Loop  (cost=0.43..83072.29 rows=65 width=0) (actual time=4.259..1300.609 rows=510 loops=1)
  ->  Seq Scan on movie_keyword mk  (cost=0.00..81003.12 rows=246 width=4) (actual time=4.200..1271.533 rows=669 loops=1)
        Filter: (keyword_id = 2521)
        Rows Removed by Filter: 4523261
  ->  Index Scan using title_pkey on title t  (cost=0.43..8.40 rows=1 width=4) (actual time=0.042..0.042 rows=1 loops=669)
        Index Cond: (id = mk.movie_id)
        Filter: (kind_id = 1)
        Rows Removed by Filter: 0
Planning time: 0.784 ms
Execution time: 1300.952 ms
