Seq Scan on cast_info ci  (cost=0.00..796071.18 rows=4715997 width=0) (actual time=6.921..12124.517 rows=5099844 loops=1)
  Filter: ((person_id < 515315) AND (role_id < 10))
  Rows Removed by Filter: 31144500
Planning time: 0.356 ms
Execution time: 12770.671 ms
