Hash Join  (cost=797557.90..884219.09 rows=315 width=0) (actual time=10925.907..12625.039 rows=464 loops=1)
  Hash Cond: (mk.movie_id = t.id)
  ->  Seq Scan on movie_keyword mk  (cost=0.00..69693.30 rows=4523930 width=4) (actual time=0.024..1008.408 rows=4523930 loops=1)
  ->  Hash  (cost=797555.70..797555.70 rows=176 width=8) (actual time=10840.418..10840.418 rows=73 loops=1)
        Buckets: 1024  Batches: 1  Memory Usage: 11kB
        ->  Nested Loop  (cost=0.43..797555.70 rows=176 width=8) (actual time=8365.008..10840.350 rows=73 loops=1)
              ->  Seq Scan on cast_info ci  (cost=0.00..796071.18 rows=176 width=4) (actual time=8364.852..10838.594 rows=73 loops=1)
                    Filter: ((person_id = 1724666) AND (role_id = 1))
                    Rows Removed by Filter: 36244271
              ->  Index Only Scan using title_pkey on title t  (cost=0.43..8.42 rows=1 width=4) (actual time=0.022..0.022 rows=1 loops=73)
                    Index Cond: (id = ci.movie_id)
                    Heap Fetches: 73
Planning time: 1.213 ms
Execution time: 12625.231 ms
