Hash Join  (cost=709678.15..1074363.23 rows=2915 width=0) (actual time=11714.955..17923.024 rows=84 loops=1)
  Hash Cond: (mi.movie_id = t.id)
  ->  Seq Scan on movie_info mi  (cost=0.00..309384.22 rows=14739122 width=4) (actual time=0.019..4099.020 rows=14835720 loops=1)
  ->  Hash  (cost=709671.90..709671.90 rows=500 width=8) (actual time=11246.568..11246.568 rows=28 loops=1)
        Buckets: 1024  Batches: 1  Memory Usage: 10kB
        ->  Nested Loop  (cost=0.43..709671.90 rows=500 width=8) (actual time=6382.828..11246.530 rows=28 loops=1)
              ->  Seq Scan on cast_info ci  (cost=0.00..705507.15 rows=500 width=4) (actual time=6382.734..11246.167 rows=28 loops=1)
                    Filter: (person_id = 258502)
                    Rows Removed by Filter: 36244316
              ->  Index Only Scan using title_pkey on title t  (cost=0.43..8.32 rows=1 width=4) (actual time=0.010..0.010 rows=1 loops=28)
                    Index Cond: (id = ci.movie_id)
                    Heap Fetches: 28
Planning time: 2.086 ms
Execution time: 17923.233 ms
