Seq Scan on movie_companies mc  (cost=0.00..57926.93 rows=478950 width=0) (actual time=121.754..919.117 rows=174358 loops=1)
  Filter: ((company_id > 17125) AND (company_type_id < 2))
  Rows Removed by Filter: 2434771
Planning time: 0.338 ms
Execution time: 941.850 ms
