Hash Join  (cost=677366.81..2307631.93 rows=41763883 width=0) (actual time=18544.921..98304.120 rows=164710144 loops=1)
  Hash Cond: (ci.movie_id = t.id)
  ->  Seq Scan on cast_info ci  (cost=0.00..705507.15 rows=29782186 width=4) (actual time=0.030..16523.478 rows=29900993 loops=1)
        Filter: (person_id > 612555)
        Rows Removed by Filter: 6343351
  ->  Hash  (cost=619193.55..619193.55 rows=3545781 width=8) (actual time=18541.736..18541.736 rows=5453215 loops=1)
        Buckets: 131072 (originally 131072)  Batches: 128 (originally 64)  Memory Usage: 3073kB
        ->  Hash Join  (cost=85303.03..619193.55 rows=3545781 width=8) (actual time=1442.233..16990.506 rows=5453215 loops=1)
              Hash Cond: (mi.movie_id = t.id)
              ->  Seq Scan on movie_info mi  (cost=0.00..346232.03 rows=12928982 width=4) (actual time=0.021..7283.134 rows=12970088 loops=1)
                    Filter: (info_type_id < 18)
                    Rows Removed by Filter: 1865632
              ->  Hash  (cost=73925.90..73925.90 rows=693450 width=4) (actual time=1441.044..1441.044 rows=595167 loops=1)
                    Buckets: 131072  Batches: 16  Memory Usage: 2338kB
                    ->  Seq Scan on title t  (cost=0.00..73925.90 rows=693450 width=4) (actual time=0.025..1243.600 rows=595167 loops=1)
                          Filter: ((kind_id < 7) AND (production_year > 1989))
                          Rows Removed by Filter: 1933145
Planning time: 3.744 ms
Execution time: 116902.651 ms
