Seq Scan on movie_keyword mk  (cost=0.00..81003.12 rows=1720053 width=0) (actual time=0.020..1447.228 rows=1731346 loops=1)
  Filter: (keyword_id > 8177)
  Rows Removed by Filter: 2792584
Planning time: 0.332 ms
Execution time: 1661.682 ms
