Seq Scan on cast_info ci  (cost=0.00..705507.15 rows=500 width=0) (actual time=2994.296..10263.507 rows=5 loops=1)
  Filter: (person_id = 2092352)
  Rows Removed by Filter: 36244339
Planning time: 0.356 ms
Execution time: 10263.604 ms
