Hash Join  (cost=199561.01..230963.51 rows=26856 width=0) (actual time=3777.564..4441.677 rows=120345 loops=1)
  Hash Cond: (mi_idx.movie_id = t.id)
  ->  Seq Scan on movie_info_idx mi_idx  (cost=0.00..25185.44 rows=464934 width=4) (actual time=0.021..438.214 rows=460185 loops=1)
        Filter: (info_type_id > 100)
        Rows Removed by Filter: 919850
  ->  Hash  (cost=197164.34..197164.34 rows=146053 width=8) (actual time=3776.847..3776.847 rows=145261 loops=1)
        Buckets: 131072  Batches: 2  Memory Usage: 3864kB
        ->  Hash Join  (cost=102767.86..197164.34 rows=146053 width=8) (actual time=1957.808..3734.817 rows=145261 loops=1)
              Hash Cond: (mk.movie_id = t.id)
              ->  Seq Scan on movie_keyword mk  (cost=0.00..81003.12 rows=146053 width=4) (actual time=0.027..1293.611 rows=145261 loops=1)
                    Filter: (keyword_id > 74342)
                    Rows Removed by Filter: 4378669
              ->  Hash  (cost=61283.27..61283.27 rows=2528527 width=4) (actual time=1957.018..1957.018 rows=2528312 loops=1)
                    Buckets: 131072  Batches: 64  Memory Usage: 2425kB
                    ->  Seq Scan on title t  (cost=0.00..61283.27 rows=2528527 width=4) (actual time=0.026..1104.929 rows=2528312 loops=1)
Planning time: 1.093 ms
Execution time: 4455.838 ms
