Hash Join  (cost=225297.73..308826.70 rows=658633 width=0) (actual time=5001.762..6890.580 rows=409110 loops=1)
  Hash Cond: (mc.movie_id = t.id)
  ->  Seq Scan on movie_companies mc  (cost=0.00..51404.11 rows=1914807 width=4) (actual time=0.025..1133.782 rows=1908804 loops=1)
        Filter: (company_id < 45535)
        Rows Removed by Filter: 700325
  ->  Hash  (cost=211028.05..211028.05 rows=869734 width=8) (actual time=4791.904..4791.904 rows=227018 loops=1)
        Buckets: 131072  Batches: 16  Memory Usage: 1591kB
        ->  Hash Join  (cost=98498.33..211028.05 rows=869734 width=8) (actual time=2868.507..4721.488 rows=227018 loops=1)
              Hash Cond: (mk.movie_id = t.id)
              ->  Seq Scan on movie_keyword mk  (cost=0.00..81003.12 rows=1468335 width=4) (actual time=0.008..1593.195 rows=1479374 loops=1)
                    Filter: (keyword_id > 11080)
                    Rows Removed by Filter: 3044556
              ->  Hash  (cost=73925.90..73925.90 rows=1497714 width=4) (actual time=2115.799..2115.799 rows=1478440 loops=1)
                    Buckets: 131072  Batches: 32  Memory Usage: 2656kB
                    ->  Seq Scan on title t  (cost=0.00..73925.90 rows=1497714 width=4) (actual time=0.016..1426.767 rows=1478440 loops=1)
                          Filter: ((production_year > 0) AND (kind_id = 7))
                          Rows Removed by Filter: 1049872
Planning time: 1.160 ms
Execution time: 6935.945 ms
