Hash Join  (cost=189632.99..732832.21 rows=5941129 width=0) (actual time=5442.018..35358.200 rows=61187500 loops=1)
  Hash Cond: (mi.movie_id = t.id)
  ->  Seq Scan on movie_info mi  (cost=0.00..309384.22 rows=14739122 width=4) (actual time=0.019..5926.250 rows=14835720 loops=1)
  ->  Hash  (cost=172910.83..172910.83 rows=1019213 width=8) (actual time=5441.115..5441.115 rows=1891821 loops=1)
        Buckets: 131072 (originally 131072)  Batches: 32 (originally 16)  Memory Usage: 3403kB
        ->  Hash Join  (cost=83810.17..172910.83 rows=1019213 width=8) (actual time=1459.972..4813.123 rows=1891821 loops=1)
              Hash Cond: (mc.movie_id = t.id)
              ->  Seq Scan on movie_companies mc  (cost=0.00..44881.29 rows=2609129 width=4) (actual time=0.019..922.775 rows=2609129 loops=1)
              ->  Hash  (cost=67604.59..67604.59 rows=987727 width=4) (actual time=1458.946..1458.946 rows=985048 loops=1)
                    Buckets: 131072  Batches: 16  Memory Usage: 3188kB
                    ->  Seq Scan on title t  (cost=0.00..67604.59 rows=987727 width=4) (actual time=0.019..1130.270 rows=985048 loops=1)
                          Filter: (kind_id < 7)
                          Rows Removed by Filter: 1543264
Planning time: 1.144 ms
Execution time: 42731.033 ms
