Nested Loop  (cost=0.43..83071.67 rows=246 width=0) (actual time=4.229..1276.802 rows=116 loops=1)
  ->  Seq Scan on movie_keyword mk  (cost=0.00..81003.12 rows=246 width=4) (actual time=4.168..1272.786 rows=116 loops=1)
        Filter: (keyword_id = 7623)
        Rows Removed by Filter: 4523814
  ->  Index Only Scan using title_pkey on title t  (cost=0.43..8.40 rows=1 width=4) (actual time=0.030..0.031 rows=1 loops=116)
        Index Cond: (id = mk.movie_id)
        Heap Fetches: 116
Planning time: 0.688 ms
Execution time: 1276.956 ms
