Seq Scan on cast_info ci  (cost=0.00..796071.18 rows=3233283 width=0) (actual time=5403.273..14184.248 rows=3360050 loops=1)
  Filter: ((person_id < 2964848) AND (role_id = 3))
  Rows Removed by Filter: 32884294
Planning time: 0.395 ms
Execution time: 14608.996 ms
