Hash Join  (cost=102767.86..177840.16 rows=573058 width=0) (actual time=1930.810..4148.307 rows=572445 loops=1)
  Hash Cond: (mc.movie_id = t.id)
  ->  Seq Scan on movie_companies mc  (cost=0.00..51404.11 rows=573058 width=4) (actual time=0.024..895.207 rows=572445 loops=1)
        Filter: (company_id < 604)
        Rows Removed by Filter: 2036684
  ->  Hash  (cost=61283.27..61283.27 rows=2528527 width=4) (actual time=1929.767..1929.767 rows=2528312 loops=1)
        Buckets: 131072  Batches: 64  Memory Usage: 2415kB
        ->  Seq Scan on title t  (cost=0.00..61283.27 rows=2528527 width=4) (actual time=0.017..1089.092 rows=2528312 loops=1)
Planning time: 0.595 ms
Execution time: 4215.670 ms
