Hash Join  (cost=260355.18..439885.20 rows=4257707 width=0) (actual time=6031.767..17533.456 rows=33204848 loops=1)
  Hash Cond: (mk.movie_id = t.id)
  ->  Seq Scan on movie_keyword mk  (cost=0.00..69693.30 rows=4523930 width=4) (actual time=0.024..1473.783 rows=4523930 loops=1)
  ->  Hash  (cost=221312.57..221312.57 rows=2379729 width=8) (actual time=6030.989..6030.989 rows=2381117 loops=1)
        Buckets: 131072  Batches: 32  Memory Usage: 3977kB
        ->  Hash Join  (cost=102767.86..221312.57 rows=2379729 width=8) (actual time=1845.910..5382.627 rows=2381117 loops=1)
              Hash Cond: (mc.movie_id = t.id)
              ->  Seq Scan on movie_companies mc  (cost=0.00..51404.11 rows=2379729 width=4) (actual time=0.023..1245.061 rows=2381117 loops=1)
                    Filter: (company_id > 84)
                    Rows Removed by Filter: 228012
              ->  Hash  (cost=61283.27..61283.27 rows=2528527 width=4) (actual time=1843.923..1843.923 rows=2528312 loops=1)
                    Buckets: 131072  Batches: 64  Memory Usage: 2415kB
                    ->  Seq Scan on title t  (cost=0.00..61283.27 rows=2528527 width=4) (actual time=0.020..1010.982 rows=2528312 loops=1)
Planning time: 1.115 ms
Execution time: 20889.303 ms
