Hash Join  (cost=28266.94..779058.69 rows=265 width=0) (actual time=457.927..15376.330 rows=1134 loops=1)
  Hash Cond: (ci.movie_id = t.id)
  ->  Seq Scan on cast_info ci  (cost=0.00..614943.12 rows=36225612 width=4) (actual time=0.011..8031.679 rows=36244344 loops=1)
  ->  Hash  (cost=28266.72..28266.72 rows=18 width=8) (actual time=438.284..438.284 rows=7 loops=1)
        Buckets: 1024  Batches: 1  Memory Usage: 9kB
        ->  Nested Loop  (cost=0.43..28266.72 rows=18 width=8) (actual time=221.896..438.268 rows=7 loops=1)
              ->  Seq Scan on movie_info_idx mi_idx  (cost=0.00..25185.44 rows=368 width=4) (actual time=221.698..429.130 rows=260 loops=1)
                    Filter: (info_type_id > 101)
                    Rows Removed by Filter: 1379775
              ->  Index Scan using title_pkey on title t  (cost=0.43..8.36 rows=1 width=4) (actual time=0.035..0.035 rows=0 loops=260)
                    Index Cond: (id = mi_idx.movie_id)
                    Filter: (production_year = 2008)
                    Rows Removed by Filter: 1
Planning time: 1.158 ms
Execution time: 15377.245 ms
