Seq Scan on movie_keyword mk  (cost=0.00..81003.12 rows=246 width=0) (actual time=59.836..1219.374 rows=60 loops=1)
  Filter: (keyword_id = 20931)
  Rows Removed by Filter: 4523870
Planning time: 0.398 ms
Execution time: 1219.520 ms
