Hash Join  (cost=709678.15..1074363.23 rows=2915 width=0) (actual time=11394.057..18418.769 rows=3239 loops=1)
  Hash Cond: (mi.movie_id = t.id)
  ->  Seq Scan on movie_info mi  (cost=0.00..309384.22 rows=14739122 width=4) (actual time=0.020..4403.554 rows=14835720 loops=1)
  ->  Hash  (cost=709671.90..709671.90 rows=500 width=8) (actual time=11269.643..11269.643 rows=299 loops=1)
        Buckets: 1024  Batches: 1  Memory Usage: 20kB
        ->  Nested Loop  (cost=0.43..709671.90 rows=500 width=8) (actual time=6562.327..11269.488 rows=299 loops=1)
              ->  Seq Scan on cast_info ci  (cost=0.00..705507.15 rows=500 width=4) (actual time=6562.206..11263.518 rows=299 loops=1)
                    Filter: (person_id = 1931514)
                    Rows Removed by Filter: 36244045
              ->  Index Only Scan using title_pkey on title t  (cost=0.43..8.32 rows=1 width=4) (actual time=0.019..0.019 rows=1 loops=299)
                    Index Cond: (id = ci.movie_id)
                    Heap Fetches: 299
Planning time: 1.108 ms
Execution time: 18419.829 ms
