Hash Join  (cost=101955.62..856638.36 rows=145288 width=0) (actual time=7255.407..18433.991 rows=196127 loops=1)
  Hash Cond: (ci.movie_id = t.id)
  ->  Seq Scan on cast_info ci  (cost=0.00..705507.15 rows=12726058 width=4) (actual time=5437.794..13736.473 rows=12670688 loops=1)
        Filter: (role_id = 1)
        Rows Removed by Filter: 23573656
  ->  Hash  (cost=101594.78..101594.78 rows=28867 width=8) (actual time=1817.138..1817.138 rows=20683 loops=1)
        Buckets: 32768  Batches: 1  Memory Usage: 1064kB
        ->  Hash Join  (cost=70241.71..101594.78 rows=28867 width=8) (actual time=1124.347..1809.183 rows=20683 loops=1)
              Hash Cond: (mi_idx.movie_id = t.id)
              ->  Seq Scan on movie_info_idx mi_idx  (cost=0.00..25185.44 rows=454124 width=4) (actual time=0.034..468.573 rows=459925 loops=1)
                    Filter: (info_type_id = 100)
                    Rows Removed by Filter: 920110
              ->  Hash  (cost=67604.59..67604.59 rows=160730 width=4) (actual time=1123.380..1123.380 rows=160017 loops=1)
                    Buckets: 131072  Batches: 4  Memory Usage: 2436kB
                    ->  Seq Scan on title t  (cost=0.00..67604.59 rows=160730 width=4) (actual time=0.040..1065.636 rows=160017 loops=1)
                          Filter: (production_year = 2011)
                          Rows Removed by Filter: 2368295
Planning time: 1.255 ms
Execution time: 18465.250 ms
