Hash Join  (cost=102767.86..220671.91 rows=1123011 width=0) (actual time=1921.306..5040.731 rows=1132264 loops=1)
  Hash Cond: (mk.movie_id = t.id)
  ->  Seq Scan on movie_keyword mk  (cost=0.00..81003.12 rows=1123011 width=4) (actual time=0.025..1536.891 rows=1132264 loops=1)
        Filter: (keyword_id < 1240)
        Rows Removed by Filter: 3391666
  ->  Hash  (cost=61283.27..61283.27 rows=2528527 width=4) (actual time=1920.566..1920.566 rows=2528312 loops=1)
        Buckets: 131072  Batches: 64  Memory Usage: 2425kB
        ->  Seq Scan on title t  (cost=0.00..61283.27 rows=2528527 width=4) (actual time=0.008..1052.625 rows=2528312 loops=1)
Planning time: 0.654 ms
Execution time: 5176.065 ms
