Hash Join  (cost=129522.47..495746.32 rows=156792 width=0) (actual time=2548.307..10857.204 rows=551616 loops=1)
  Hash Cond: (mi.movie_id = t.id)
  ->  Seq Scan on movie_info mi  (cost=0.00..309384.22 rows=14739122 width=4) (actual time=0.021..4503.879 rows=14835720 loops=1)
  ->  Hash  (cost=129186.25..129186.25 rows=26898 width=8) (actual time=2547.617..2547.617 rows=40318 loops=1)
        Buckets: 65536 (originally 32768)  Batches: 1 (originally 1)  Memory Usage: 2087kB
        ->  Hash Join  (cost=74251.74..129186.25 rows=26898 width=8) (actual time=1183.575..2531.413 rows=40318 loops=1)
              Hash Cond: (mc.movie_id = t.id)
              ->  Seq Scan on movie_companies mc  (cost=0.00..44881.29 rows=2609129 width=4) (actual time=0.012..672.882 rows=2609129 loops=1)
              ->  Hash  (cost=73925.90..73925.90 rows=26067 width=4) (actual time=1183.363..1183.363 rows=27085 loops=1)
                    Buckets: 32768  Batches: 1  Memory Usage: 1209kB
                    ->  Seq Scan on title t  (cost=0.00..73925.90 rows=26067 width=4) (actual time=0.821..1172.083 rows=27085 loops=1)
                          Filter: ((kind_id < 7) AND (production_year > 2012))
                          Rows Removed by Filter: 2501227
Planning time: 1.098 ms
Execution time: 10930.588 ms
