Hash Join  (cost=86241.46..1205698.82 rows=11458702 width=0) (actual time=1591.229..33773.049 rows=10311650 loops=1)
  Hash Cond: (ci.movie_id = t.id)
  ->  Seq Scan on cast_info ci  (cost=0.00..705507.15 rows=25506984 width=4) (actual time=0.018..15629.849 rows=25680556 loops=1)
        Filter: (person_id > 1036453)
        Rows Removed by Filter: 10563788
  ->  Hash  (cost=67604.59..67604.59 rows=1135910 width=4) (actual time=1590.534..1590.534 rows=1133355 loops=1)
        Buckets: 131072  Batches: 16  Memory Usage: 3516kB
        ->  Seq Scan on title t  (cost=0.00..67604.59 rows=1135910 width=4) (actual time=0.022..1227.769 rows=1133355 loops=1)
              Filter: (production_year < 2002)
              Rows Removed by Filter: 1394957
Planning time: 0.732 ms
Execution time: 34976.266 ms
