Hash Join  (cost=509121.87..660517.72 rows=2412581 width=0) (actual time=9168.376..12935.275 rows=1434018 loops=1)
  Hash Cond: (mk.movie_id = t.id)
  ->  Seq Scan on movie_keyword mk  (cost=0.00..69693.30 rows=4523930 width=4) (actual time=0.013..1442.608 rows=4523930 loops=1)
  ->  Hash  (cost=486998.29..486998.29 rows=1348446 width=8) (actual time=9158.990..9158.990 rows=380120 loops=1)
        Buckets: 131072  Batches: 32  Memory Usage: 1480kB
        ->  Hash Join  (cost=93093.72..486998.29 rows=1348446 width=8) (actual time=1887.596..9036.884 rows=380120 loops=1)
              Hash Cond: (mi.movie_id = t.id)
              ->  Seq Scan on movie_info mi  (cost=0.00..346232.03 rows=2194617 width=4) (actual time=0.017..5703.690 rows=2233850 loops=1)
                    Filter: (info_type_id > 16)
                    Rows Removed by Filter: 12601870
              ->  Hash  (cost=67604.59..67604.59 rows=1553611 width=4) (actual time=1872.800..1872.800 rows=1555864 loops=1)
                    Buckets: 131072  Batches: 32  Memory Usage: 2740kB
                    ->  Seq Scan on title t  (cost=0.00..67604.59 rows=1553611 width=4) (actual time=0.020..1359.886 rows=1555864 loops=1)
                          Filter: (kind_id > 4)
                          Rows Removed by Filter: 972448
Planning time: 1.128 ms
Execution time: 13108.323 ms
