Seq Scan on movie_keyword mk  (cost=0.00..81003.12 rows=246 width=0) (actual time=37.734..1227.993 rows=437 loops=1)
  Filter: (keyword_id = 982)
  Rows Removed by Filter: 4523493
Planning time: 0.349 ms
Execution time: 1228.236 ms
