Hash Join  (cost=74047.72..102700.05 rows=3527 width=0) (actual time=1204.939..1866.472 rows=9986 loops=1)
  Hash Cond: (mi_idx.movie_id = t.id)
  ->  Seq Scan on movie_info_idx mi_idx  (cost=0.00..25185.44 rows=915101 width=4) (actual time=0.017..482.993 rows=919850 loops=1)
        Filter: (info_type_id < 101)
        Rows Removed by Filter: 460185
  ->  Hash  (cost=73925.90..73925.90 rows=9745 width=4) (actual time=1204.291..1204.291 rows=11051 loops=1)
        Buckets: 16384  Batches: 1  Memory Usage: 517kB
        ->  Seq Scan on title t  (cost=0.00..73925.90 rows=9745 width=4) (actual time=0.042..1199.381 rows=11051 loops=1)
              Filter: ((production_year < 2010) AND (kind_id = 6))
              Rows Removed by Filter: 2517261
Planning time: 0.658 ms
Execution time: 1867.997 ms
