Hash Join  (cost=74015.19..462243.09 rows=31400 width=169) (actual time=1414.373..11610.146 rows=56991 loops=1)
  Hash Cond: (mi.movie_id = t.id)
  ->  Seq Scan on movie_info mi  (cost=0.00..346232.03 rows=11115165 width=75) (actual time=0.011..8167.430 rows=11210743 loops=1)
        Filter: (info_type_id > 3)
        Rows Removed by Filter: 3624977
  ->  Hash  (cost=73925.90..73925.90 rows=7143 width=94) (actual time=1413.808..1413.808 rows=5068 loops=1)
        Buckets: 8192  Batches: 1  Memory Usage: 613kB
        ->  Seq Scan on title t  (cost=0.00..73925.90 rows=7143 width=94) (actual time=3.630..1411.090 rows=5068 loops=1)
              Filter: ((kind_id = 1) AND (production_year = 1993))
              Rows Removed by Filter: 2523244
Planning time: 8.592 ms
Execution time: 11613.841 ms
