Hash Join  (cost=165040.61..250552.53 rows=184362 width=184) (actual time=3690.132..6320.410 rows=1419114 loops=1)
  Hash Cond: (mc.movie_id = t.id)
  ->  Seq Scan on movie_companies mc  (cost=0.00..51404.11 rows=1279517 width=40) (actual time=0.027..1123.121 rows=1274246 loops=1)
        Filter: (company_type_id = 1)
        Rows Removed by Filter: 1334883
  ->  Hash  (cost=153014.50..153014.50 rows=364329 width=144) (actual time=3689.715..3689.715 rows=629900 loops=1)
        Buckets: 32768  Batches: 32  Memory Usage: 2722kB
        ->  Hash Join  (cost=85727.72..153014.50 rows=364329 width=144) (actual time=1946.328..3306.696 rows=629900 loops=1)
              Hash Cond: (mi_idx.movie_id = t.id)
              ->  Seq Scan on movie_info_idx mi_idx  (cost=0.00..21735.35 rows=1380035 width=50) (actual time=0.014..482.889 rows=1380035 loops=1)
              ->  Hash  (cost=67604.59..67604.59 rows=667531 width=94) (actual time=1619.942..1619.942 rows=662825 loops=1)
                    Buckets: 32768  Batches: 32  Memory Usage: 2489kB
                    ->  Seq Scan on title t  (cost=0.00..67604.59 rows=667531 width=94) (actual time=303.986..1370.157 rows=662825 loops=1)
                          Filter: (kind_id < 2)
                          Rows Removed by Filter: 1865487
Planning time: 6.688 ms
Execution time: 6399.437 ms
