Seq Scan on movie_keyword mk  (cost=0.00..81003.12 rows=650539 width=0) (actual time=0.027..1318.197 rows=660415 loops=1)
  Filter: (keyword_id > 28455)
  Rows Removed by Filter: 3863515
Planning time: 0.300 ms
Execution time: 1402.884 ms
