Seq Scan on movie_keyword mk  (cost=0.00..81003.12 rows=246 width=0) (actual time=2.581..909.534 rows=909 loops=1)
  Filter: (keyword_id = 3734)
  Rows Removed by Filter: 4523021
Planning time: 0.264 ms
Execution time: 909.865 ms
