Nested Loop  (cost=0.43..66221.41 rows=925 width=0) (actual time=0.179..893.494 rows=3912 loops=1)
  ->  Seq Scan on movie_companies mc  (cost=0.00..51404.11 rows=1855 width=4) (actual time=0.105..778.870 rows=4712 loops=1)
        Filter: (company_id < 6)
        Rows Removed by Filter: 2604417
  ->  Index Scan using title_pkey on title t  (cost=0.43..7.98 rows=1 width=4) (actual time=0.023..0.023 rows=1 loops=4712)
        Index Cond: (id = mc.movie_id)
        Filter: (production_year > 2002)
        Rows Removed by Filter: 0
Planning time: 0.838 ms
Execution time: 894.587 ms
