Hash Join  (cost=106983.91..474317.63 rows=267779 width=0) (actual time=2166.053..10394.995 rows=573252 loops=1)
  Hash Cond: (mi.movie_id = t.id)
  ->  Seq Scan on movie_info mi  (cost=0.00..309384.22 rows=14739122 width=4) (actual time=0.011..4421.085 rows=14835720 loops=1)
  ->  Hash  (cost=106409.68..106409.68 rows=45938 width=8) (actual time=2165.642..2165.642 rows=39062 loops=1)
        Buckets: 65536  Batches: 1  Memory Usage: 2038kB
        ->  Hash Join  (cost=69687.24..106409.68 rows=45938 width=8) (actual time=1241.713..2151.989 rows=39062 loops=1)
              Hash Cond: (mi_idx.movie_id = t.id)
              ->  Seq Scan on movie_info_idx mi_idx  (cost=0.00..25185.44 rows=915101 width=4) (actual time=0.024..571.387 rows=919850 loops=1)
                    Filter: (info_type_id < 101)
                    Rows Removed by Filter: 460185
              ->  Hash  (cost=67604.59..67604.59 rows=126932 width=4) (actual time=1240.846..1240.846 rows=122861 loops=1)
                    Buckets: 131072  Batches: 2  Memory Usage: 3191kB
                    ->  Seq Scan on title t  (cost=0.00..67604.59 rows=126932 width=4) (actual time=0.024..1195.081 rows=122861 loops=1)
                          Filter: (production_year = 2008)
                          Rows Removed by Filter: 2405451
Planning time: 1.113 ms
Execution time: 10472.671 ms
