Hash Join  (cost=74336.80..103088.19 rows=11948 width=0) (actual time=1284.690..1995.572 rows=10774 loops=1)
  Hash Cond: (mi_idx.movie_id = t.id)
  ->  Seq Scan on movie_info_idx mi_idx  (cost=0.00..25185.44 rows=919057 width=4) (actual time=0.025..519.297 rows=920110 loops=1)
        Filter: (info_type_id > 99)
        Rows Removed by Filter: 459925
  ->  Hash  (cost=73925.90..73925.90 rows=32872 width=4) (actual time=1284.139..1284.139 rows=37490 loops=1)
        Buckets: 65536  Batches: 1  Memory Usage: 1831kB
        ->  Seq Scan on title t  (cost=0.00..73925.90 rows=32872 width=4) (actual time=0.077..1267.873 rows=37490 loops=1)
              Filter: ((kind_id > 2) AND (production_year = 1998))
              Rows Removed by Filter: 2490822
Planning time: 0.728 ms
Execution time: 1997.270 ms
