Nested Loop  (cost=0.43..709673.15 rows=219 width=0) (actual time=7686.304..11004.875 rows=433 loops=1)
  ->  Seq Scan on cast_info ci  (cost=0.00..705507.15 rows=500 width=4) (actual time=7686.162..11000.320 rows=433 loops=1)
        Filter: (person_id = 1895906)
        Rows Removed by Filter: 36243911
  ->  Index Scan using title_pkey on title t  (cost=0.43..8.32 rows=1 width=4) (actual time=0.010..0.010 rows=1 loops=433)
        Index Cond: (id = ci.movie_id)
        Filter: (production_year > 2004)
Planning time: 0.779 ms
Execution time: 11005.101 ms
