Seq Scan on movie_companies mc  (cost=0.00..57926.93 rows=8232 width=0) (actual time=232.989..970.361 rows=8081 loops=1)
  Filter: ((company_id = 166) AND (company_type_id = 1))
  Rows Removed by Filter: 2601048
Planning time: 1.504 ms
Execution time: 971.445 ms
