Seq Scan on title t  (cost=0.00..73925.90 rows=1103350 width=0) (actual time=1.853..3851.926 rows=1054846 loops=1)
  Filter: ((kind_id > 4) AND (production_year < 2009))
  Rows Removed by Filter: 1473466
Planning time: 0.329 ms
Execution time: 4051.537 ms
