Hash Join  (cost=82536.92..189034.21 rows=356750 width=0) (actual time=4802.310..10871.949 rows=133520 loops=1)
  Hash Cond: (mk.movie_id = t.id)
  ->  Seq Scan on movie_keyword mk  (cost=0.00..81003.12 rows=1718846 width=4) (actual time=0.025..4908.837 rows=1728552 loops=1)
        Filter: (keyword_id > 8190)
        Rows Removed by Filter: 2795378
  ->  Hash  (cost=73925.90..73925.90 rows=524801 width=4) (actual time=4801.142..4801.142 rows=386160 loops=1)
        Buckets: 131072  Batches: 8  Memory Usage: 2717kB
        ->  Seq Scan on title t  (cost=0.00..73925.90 rows=524801 width=4) (actual time=0.014..4302.624 rows=386160 loops=1)
              Filter: ((kind_id > 1) AND (production_year < 1991))
              Rows Removed by Filter: 2142152
Planning time: 1.445 ms
Execution time: 10892.345 ms
