Seq Scan on movie_keyword mk  (cost=0.00..81003.12 rows=853696 width=0) (actual time=23.968..2482.925 rows=861199 loops=1)
  Filter: (keyword_id > 21368)
  Rows Removed by Filter: 3662731
Planning time: 0.223 ms
Execution time: 2608.691 ms
