Seq Scan on cast_info ci  (cost=0.00..705507.15 rows=27147138 width=0) (actual time=0.031..41637.346 rows=27160805 loops=1)
  Filter: (person_id < 2789435)
  Rows Removed by Filter: 9083539
Planning time: 13.369 ms
Execution time: 46409.241 ms
