Hash Join  (cost=74181.07..440026.90 rows=118990 width=0) (actual time=3336.001..25047.686 rows=204063 loops=1)
  Hash Cond: (mi.movie_id = t.id)
  ->  Seq Scan on movie_info mi  (cost=0.00..309384.22 rows=14739122 width=4) (actual time=0.023..16286.212 rows=14835720 loops=1)
  ->  Hash  (cost=73925.90..73925.90 rows=20413 width=4) (actual time=3335.777..3335.777 rows=17357 loops=1)
        Buckets: 32768  Batches: 1  Memory Usage: 867kB
        ->  Seq Scan on title t  (cost=0.00..73925.90 rows=20413 width=4) (actual time=4.334..3307.344 rows=17357 loops=1)
              Filter: ((kind_id < 7) AND (production_year = 2000))
              Rows Removed by Filter: 2510955
Planning time: 8.910 ms
Execution time: 25089.304 ms
