Seq Scan on cast_info ci  (cost=0.00..705507.15 rows=17019394 width=0) (actual time=6102.067..36463.465 rows=17140058 loops=1)
  Filter: (person_id > 1907681)
  Rows Removed by Filter: 19104286
Planning time: 0.269 ms
Execution time: 39411.907 ms
