Hash Join  (cost=160526.42..237477.98 rows=497311 width=0) (actual time=3573.232..4888.272 rows=250137 loops=1)
  Hash Cond: (mc.movie_id = t.id)
  ->  Seq Scan on movie_companies mc  (cost=0.00..51404.11 rows=1495294 width=4) (actual time=0.032..946.802 rows=1498781 loops=1)
        Filter: (company_id > 7767)
        Rows Removed by Filter: 1110348
  ->  Hash  (cost=146729.58..146729.58 rows=840947 width=8) (actual time=3243.223..3243.223 rows=425718 loops=1)
        Buckets: 131072  Batches: 16  Memory Usage: 2062kB
        ->  Hash Join  (cost=92883.59..146729.58 rows=840947 width=8) (actual time=1633.104..3111.915 rows=425718 loops=1)
              Hash Cond: (mi_idx.movie_id = t.id)
              ->  Seq Scan on movie_info_idx mi_idx  (cost=0.00..21735.35 rows=1380035 width=4) (actual time=0.016..442.924 rows=1380035 loops=1)
              ->  Hash  (cost=67604.59..67604.59 rows=1540800 width=4) (actual time=1631.725..1631.725 rows=1543264 loops=1)
                    Buckets: 131072  Batches: 32  Memory Usage: 2722kB
                    ->  Seq Scan on title t  (cost=0.00..67604.59 rows=1540800 width=4) (actual time=0.006..1140.049 rows=1543264 loops=1)
                          Filter: (kind_id = 7)
                          Rows Removed by Filter: 985048
Planning time: 1.263 ms
Execution time: 4912.647 ms
