Seq Scan on movie_keyword mk  (cost=0.00..81003.12 rows=2562185 width=0) (actual time=0.025..4851.075 rows=2554770 loops=1)
  Filter: (keyword_id > 3440)
  Rows Removed by Filter: 1969160
Planning time: 0.288 ms
Execution time: 5400.143 ms
