Seq Scan on cast_info ci  (cost=0.00..705507.15 rows=500 width=0) (actual time=321.672..34099.023 rows=36 loops=1)
  Filter: (person_id = 1335768)
  Rows Removed by Filter: 36244308
Planning time: 0.319 ms
Execution time: 34099.163 ms
