Nested Loop  (cost=0.43..83072.29 rows=111 width=0) (actual time=12.423..3693.505 rows=790 loops=1)
  ->  Seq Scan on movie_keyword mk  (cost=0.00..81003.12 rows=246 width=4) (actual time=12.361..3441.417 rows=1395 loops=1)
        Filter: (keyword_id = 6239)
        Rows Removed by Filter: 4522535
  ->  Index Scan using title_pkey on title t  (cost=0.43..8.40 rows=1 width=4) (actual time=0.179..0.179 rows=1 loops=1395)
        Index Cond: (id = mk.movie_id)
        Filter: (production_year < 2002)
        Rows Removed by Filter: 0
Planning time: 17.381 ms
Execution time: 3694.028 ms
