Hash Join  (cost=171122.04..259090.12 rows=937056 width=0) (actual time=3955.624..6764.773 rows=1729662 loops=1)
  Hash Cond: (mc.movie_id = t.id)
  ->  Seq Scan on movie_companies mc  (cost=0.00..44881.29 rows=2609129 width=4) (actual time=0.028..1016.079 rows=2609129 loops=1)
  ->  Hash  (cost=156222.68..156222.68 rows=908108 width=8) (actual time=3953.992..3953.992 rows=743445 loops=1)
        Buckets: 131072  Batches: 16  Memory Usage: 2850kB
        ->  Hash Join  (cost=101224.08..156222.68 rows=908108 width=8) (actual time=2172.168..3739.613 rows=743445 loops=1)
              Hash Cond: (mi_idx.movie_id = t.id)
              ->  Seq Scan on movie_info_idx mi_idx  (cost=0.00..21735.35 rows=1380035 width=4) (actual time=0.017..421.274 rows=1380035 loops=1)
              ->  Hash  (cost=73925.90..73925.90 rows=1663854 width=4) (actual time=2171.087..2171.087 rows=1774110 loops=1)
                    Buckets: 131072  Batches: 32  Memory Usage: 2978kB
                    ->  Seq Scan on title t  (cost=0.00..73925.90 rows=1663854 width=4) (actual time=0.017..1591.574 rows=1774110 loops=1)
                          Filter: ((kind_id > 1) AND (production_year > 1955))
                          Rows Removed by Filter: 754202
Planning time: 1.163 ms
Execution time: 6972.651 ms
