Seq Scan on cast_info ci  (cost=0.00..796071.18 rows=1756866 width=0) (actual time=276.538..34285.130 rows=1064658 loops=1)
  Filter: ((person_id < 365013) AND (role_id > 2))
  Rows Removed by Filter: 35179686
Planning time: 0.320 ms
Execution time: 34490.157 ms
