Hash Join  (cost=876097.44..1242248.08 rows=149471 width=0) (actual time=42137.506..63403.135 rows=311976 loops=1)
  Hash Cond: (mi.movie_id = t.id)
  ->  Seq Scan on movie_info mi  (cost=0.00..309384.22 rows=14739122 width=4) (actual time=0.015..16351.030 rows=14835720 loops=1)
  ->  Hash  (cost=875776.92..875776.92 rows=25642 width=8) (actual time=42137.022..42137.022 rows=22288 loops=1)
        Buckets: 32768  Batches: 1  Memory Usage: 1127kB
        ->  Hash Join  (cost=74545.71..875776.92 rows=25642 width=8) (actual time=17334.968..42117.237 rows=22288 loops=1)
              Hash Cond: (ci.movie_id = t.id)
              ->  Seq Scan on cast_info ci  (cost=0.00..796071.18 rows=1307630 width=4) (actual time=13880.853..38124.709 rows=1475824 loops=1)
                    Filter: ((person_id > 1874135) AND (role_id = 4))
                    Rows Removed by Filter: 34768520
              ->  Hash  (cost=73925.90..73925.90 rows=49584 width=4) (actual time=3453.635..3453.635 rows=38752 loops=1)
                    Buckets: 65536  Batches: 1  Memory Usage: 1875kB
                    ->  Seq Scan on title t  (cost=0.00..73925.90 rows=49584 width=4) (actual time=0.100..3436.422 rows=38752 loops=1)
                          Filter: ((kind_id < 7) AND (production_year = 2008))
                          Rows Removed by Filter: 2489560
Planning time: 1.236 ms
Execution time: 63461.271 ms
