Hash Join  (cost=205270.43..1322423.41 rows=3625961 width=0) (actual time=22078.113..75718.445 rows=4376689 loops=1)
  Hash Cond: (ci.movie_id = t.id)
  ->  Seq Scan on cast_info ci  (cost=0.00..796071.18 rows=22103432 width=4) (actual time=11893.716..50974.627 rows=21383457 loops=1)
        Filter: ((person_id < 3633917) AND (role_id > 1))
        Rows Removed by Filter: 14860887
  ->  Hash  (cost=198464.52..198464.52 rows=414793 width=8) (actual time=10182.840..10182.840 rows=151801 loops=1)
        Buckets: 131072  Batches: 8  Memory Usage: 1716kB
        ->  Hash Join  (cost=71408.55..198464.52 rows=414793 width=8) (actual time=3442.075..10123.121 rows=151801 loops=1)
              Hash Cond: (mk.movie_id = t.id)
              ->  Seq Scan on movie_keyword mk  (cost=0.00..69693.30 rows=4523930 width=4) (actual time=0.018..4500.712 rows=4523930 loops=1)
              ->  Hash  (cost=67604.59..67604.59 rows=231837 width=4) (actual time=3437.810..3437.810 rows=231649 loops=1)
                    Buckets: 131072  Batches: 4  Memory Usage: 3082kB
                    ->  Seq Scan on title t  (cost=0.00..67604.59 rows=231837 width=4) (actual time=0.023..3347.010 rows=231649 loops=1)
                          Filter: (production_year > 2011)
                          Rows Removed by Filter: 2296663
Planning time: 1.144 ms
Execution time: 76348.803 ms
