Hash Join  (cost=89240.26..135674.04 rows=509430 width=0) (actual time=4468.569..7229.862 rows=258141 loops=1)
  Hash Cond: (mi_idx.movie_id = t.id)
  ->  Seq Scan on movie_info_idx mi_idx  (cost=0.00..21735.35 rows=1380035 width=4) (actual time=0.023..1472.280 rows=1380035 loops=1)
  ->  Hash  (cost=73925.90..73925.90 rows=933388 width=4) (actual time=4467.498..4467.498 rows=1024206 loops=1)
        Buckets: 131072  Batches: 16  Memory Usage: 3285kB
        ->  Seq Scan on title t  (cost=0.00..73925.90 rows=933388 width=4) (actual time=0.024..4029.624 rows=1024206 loops=1)
              Filter: ((production_year > 1997) AND (kind_id = 7))
              Rows Removed by Filter: 1504106
Planning time: 0.770 ms
Execution time: 7279.041 ms
