Seq Scan on cast_info ci  (cost=0.00..705507.15 rows=8561692 width=0) (actual time=16378.287..36688.205 rows=8556390 loops=1)
  Filter: (person_id > 2831677)
  Rows Removed by Filter: 27687954
Planning time: 0.269 ms
Execution time: 38115.116 ms
