Seq Scan on movie_companies mc  (cost=0.00..57926.93 rows=1119839 width=0) (actual time=518.885..3136.402 rows=1274246 loops=1)
  Filter: ((company_id < 90792) AND (company_type_id < 2))
  Rows Removed by Filter: 1334883
Planning time: 0.353 ms
Execution time: 3348.347 ms
