Seq Scan on movie_keyword mk  (cost=0.00..81003.12 rows=12301 width=0) (actual time=2003.316..3156.136 rows=9735 loops=1)
  Filter: (keyword_id > 125320)
  Rows Removed by Filter: 4514195
Planning time: 5.205 ms
Execution time: 3157.945 ms
