Hash Join  (cost=102767.86..1426911.43 rows=25298980 width=0) (actual time=2214.585..38358.715 rows=25422333 loops=1)
  Hash Cond: (ci.movie_id = t.id)
  ->  Seq Scan on cast_info ci  (cost=0.00..705507.15 rows=25298980 width=4) (actual time=198.749..15214.655 rows=25422333 loops=1)
        Filter: (person_id > 1062396)
        Rows Removed by Filter: 10822011
  ->  Hash  (cost=61283.27..61283.27 rows=2528527 width=4) (actual time=2014.236..2014.236 rows=2528312 loops=1)
        Buckets: 131072  Batches: 64  Memory Usage: 2415kB
        ->  Seq Scan on title t  (cost=0.00..61283.27 rows=2528527 width=4) (actual time=0.030..1174.700 rows=2528312 loops=1)
Planning time: 0.515 ms
Execution time: 41184.571 ms
