Hash Join  (cost=175155.78..1155934.32 rows=4168323 width=0) (actual time=19839.791..65479.634 rows=3038250 loops=1)
  Hash Cond: (ci.movie_id = t.id)
  ->  Seq Scan on cast_info ci  (cost=0.00..705507.15 rows=20024311 width=4) (actual time=10439.074..43844.572 rows=20122661 loops=1)
        Filter: (role_id < 3)
        Rows Removed by Filter: 16121683
  ->  Hash  (cost=166519.45..166519.45 rows=526346 width=8) (actual time=9399.519..9399.519 rows=184027 loops=1)
        Buckets: 131072  Batches: 8  Memory Usage: 1905kB
        ->  Hash Join  (cost=90991.69..166519.45 rows=526346 width=8) (actual time=5300.324..9331.344 rows=184027 loops=1)
              Hash Cond: (mc.movie_id = t.id)
              ->  Seq Scan on movie_companies mc  (cost=0.00..51404.11 rows=1279517 width=4) (actual time=576.847..3482.547 rows=1274246 loops=1)
                    Filter: (company_type_id < 2)
                    Rows Removed by Filter: 1334883
              ->  Hash  (cost=73925.90..73925.90 rows=1040143 width=4) (actual time=4722.220..4722.220 rows=1134228 loops=1)
                    Buckets: 131072  Batches: 16  Memory Usage: 3525kB
                    ->  Seq Scan on title t  (cost=0.00..73925.90 rows=1040143 width=4) (actual time=881.163..4232.259 rows=1134228 loops=1)
                          Filter: ((production_year > 1992) AND (kind_id = 7))
                          Rows Removed by Filter: 1394084
Planning time: 4.999 ms
Execution time: 65932.516 ms
