Seq Scan on cast_info ci  (cost=0.00..796071.18 rows=1429416 width=0) (actual time=18046.641..34122.545 rows=4903554 loops=1)
  Filter: ((person_id > 3099184) AND (role_id > 4))
  Rows Removed by Filter: 31340790
Planning time: 0.312 ms
Execution time: 34927.919 ms
