Seq Scan on movie_keyword mk  (cost=0.00..81003.12 rows=684673 width=0) (actual time=0.028..3461.672 rows=690768 loops=1)
  Filter: (keyword_id > 27274)
  Rows Removed by Filter: 3833162
Planning time: 0.330 ms
Execution time: 3588.044 ms
