Hash Join  (cost=174611.38..1223099.37 rows=1429482 width=0) (actual time=8733.767..79595.853 rows=4860519 loops=1)
  Hash Cond: (ci.movie_id = t.id)
  ->  Seq Scan on cast_info ci  (cost=0.00..614943.12 rows=36225612 width=4) (actual time=0.019..45550.783 rows=36244344 loops=1)
  ->  Hash  (cost=172974.17..172974.17 rows=99777 width=8) (actual time=8733.043..8733.043 rows=161275 loops=1)
        Buckets: 131072 (originally 131072)  Batches: 4 (originally 2)  Memory Usage: 3073kB
        ->  Hash Join  (cost=102767.86..172974.17 rows=99777 width=8) (actual time=6522.361..8668.889 rows=161275 loops=1)
              Hash Cond: (mc.movie_id = t.id)
              ->  Seq Scan on movie_companies mc  (cost=0.00..57926.93 rows=99777 width=4) (actual time=993.637..2588.634 rows=161275 loops=1)
                    Filter: ((company_id < 67) AND (company_type_id < 2))
                    Rows Removed by Filter: 2447854
              ->  Hash  (cost=61283.27..61283.27 rows=2528527 width=4) (actual time=5527.419..5527.419 rows=2528312 loops=1)
                    Buckets: 131072  Batches: 64  Memory Usage: 2415kB
                    ->  Seq Scan on title t  (cost=0.00..61283.27 rows=2528527 width=4) (actual time=0.033..4307.443 rows=2528312 loops=1)
Planning time: 4.195 ms
Execution time: 80363.961 ms
