Seq Scan on movie_keyword mk  (cost=0.00..81003.12 rows=246 width=0) (actual time=1.252..3486.807 rows=328 loops=1)
  Filter: (keyword_id = 4248)
  Rows Removed by Filter: 4523602
Planning time: 0.394 ms
Execution time: 3487.130 ms
