Hash Join  (cost=216150.24..677949.34 rows=2011541 width=0) (actual time=13365.187..34107.616 rows=3027486 loops=1)
  Hash Cond: (mi.movie_id = t.id)
  ->  Seq Scan on movie_info mi  (cost=0.00..346232.03 rows=7235534 width=4) (actual time=2409.128..17955.401 rows=7286865 loops=1)
        Filter: (info_type_id < 8)
        Rows Removed by Filter: 7548855
  ->  Hash  (cost=204617.35..204617.35 rows=702952 width=8) (actual time=10940.862..10940.862 rows=299534 loops=1)
        Buckets: 131072  Batches: 16  Memory Usage: 1791kB
        ->  Hash Join  (cost=74050.79..204617.35 rows=702952 width=8) (actual time=3752.098..10814.508 rows=299534 loops=1)
              Hash Cond: (mk.movie_id = t.id)
              ->  Seq Scan on movie_keyword mk  (cost=0.00..69693.30 rows=4523930 width=4) (actual time=0.035..4406.524 rows=4523930 loops=1)
              ->  Hash  (cost=67604.59..67604.59 rows=392896 width=4) (actual time=3738.392..3738.392 rows=391666 loops=1)
                    Buckets: 131072  Batches: 8  Memory Usage: 2759kB
                    ->  Seq Scan on title t  (cost=0.00..67604.59 rows=392896 width=4) (actual time=0.023..3574.838 rows=391666 loops=1)
                          Filter: (production_year > 2010)
                          Rows Removed by Filter: 2136646
Planning time: 3.953 ms
Execution time: 34563.082 ms
