Hash Join  (cost=206896.92..723191.71 rows=1692998 width=0) (actual time=11158.744..41588.753 rows=477787 loops=1)
  Hash Cond: (mi.movie_id = t.id)
  ->  Seq Scan on movie_info mi  (cost=0.00..309384.22 rows=14739122 width=4) (actual time=0.007..21657.955 rows=14835720 loops=1)
  ->  Hash  (cost=202131.46..202131.46 rows=290437 width=8) (actual time=11157.629..11157.629 rows=57914 loops=1)
        Buckets: 131072  Batches: 4  Memory Usage: 1592kB
        ->  Hash Join  (cost=76590.05..202131.46 rows=290437 width=8) (actual time=3821.194..11104.796 rows=57914 loops=1)
              Hash Cond: (mk.movie_id = t.id)
              ->  Seq Scan on movie_keyword mk  (cost=0.00..69693.30 rows=4523930 width=4) (actual time=0.013..4694.382 rows=4523930 loops=1)
              ->  Hash  (cost=73925.90..73925.90 rows=162332 width=4) (actual time=3818.572..3818.572 rows=162218 loops=1)
                    Buckets: 131072  Batches: 4  Memory Usage: 2469kB
                    ->  Seq Scan on title t  (cost=0.00..73925.90 rows=162332 width=4) (actual time=0.033..3739.378 rows=162218 loops=1)
                          Filter: ((kind_id > 2) AND (production_year > 2011))
                          Rows Removed by Filter: 2366094
Planning time: 1.161 ms
Execution time: 41666.323 ms
