Seq Scan on title t  (cost=0.00..73925.90 rows=536740 width=0) (actual time=267.957..3912.953 rows=412270 loops=1)
  Filter: ((production_year > 1973) AND (kind_id = 1))
  Rows Removed by Filter: 2116042
Planning time: 0.354 ms
Execution time: 3969.993 ms
