Hash Join  (cost=83074.74..109986.57 rows=134 width=0) (actual time=3608.312..5237.600 rows=2429 loops=1)
  Hash Cond: (mi_idx.movie_id = t.id)
  ->  Seq Scan on movie_info_idx mi_idx  (cost=0.00..21735.35 rows=1380035 width=4) (actual time=0.017..1206.383 rows=1380035 loops=1)
  ->  Hash  (cost=83071.67..83071.67 rows=246 width=8) (actual time=3606.668..3606.668 rows=947 loops=1)
        Buckets: 1024  Batches: 1  Memory Usage: 45kB
        ->  Nested Loop  (cost=0.43..83071.67 rows=246 width=8) (actual time=0.408..3605.890 rows=947 loops=1)
              ->  Seq Scan on movie_keyword mk  (cost=0.00..81003.12 rows=246 width=4) (actual time=0.349..3401.699 rows=947 loops=1)
                    Filter: (keyword_id = 2024)
                    Rows Removed by Filter: 4522983
              ->  Index Only Scan using title_pkey on title t  (cost=0.43..8.40 rows=1 width=4) (actual time=0.213..0.214 rows=1 loops=947)
                    Index Cond: (id = mk.movie_id)
                    Heap Fetches: 947
Planning time: 1.374 ms
Execution time: 5238.147 ms
