Nested Loop  (cost=0.43..83072.90 rows=39 width=0) (actual time=926.774..3868.277 rows=3 loops=1)
  ->  Seq Scan on movie_keyword mk  (cost=0.00..81003.12 rows=246 width=4) (actual time=54.503..3865.276 rows=49 loops=1)
        Filter: (keyword_id = 13026)
        Rows Removed by Filter: 4523881
  ->  Index Scan using title_pkey on title t  (cost=0.43..8.40 rows=1 width=4) (actual time=0.056..0.056 rows=0 loops=49)
        Index Cond: (id = mk.movie_id)
        Filter: ((production_year > 2008) AND (kind_id = 7))
        Rows Removed by Filter: 1
Planning time: 0.730 ms
Execution time: 3868.389 ms
