Hash Join  (cost=241529.59..868784.84 rows=12092142 width=0) (actual time=12060.999..61877.739 rows=52531528 loops=1)
  Hash Cond: (mi.movie_id = t.id)
  ->  Seq Scan on movie_info mi  (cost=0.00..309384.22 rows=14739122 width=4) (actual time=0.017..22385.819 rows=14835720 loops=1)
  ->  Hash  (cost=207495.19..207495.19 rows=2074432 width=8) (actual time=12059.674..12059.674 rows=1820068 loops=1)
        Buckets: 131072  Batches: 32  Memory Usage: 3294kB
        ->  Hash Join  (cost=100586.94..207495.19 rows=2074432 width=8) (actual time=5199.414..11434.870 rows=1820068 loops=1)
              Hash Cond: (mc.movie_id = t.id)
              ->  Seq Scan on movie_companies mc  (cost=0.00..44881.29 rows=2609129 width=4) (actual time=0.022..3235.643 rows=2609129 loops=1)
              ->  Hash  (cost=67604.59..67604.59 rows=2010348 width=4) (actual time=5197.888..5197.888 rows=2004649 loops=1)
                    Buckets: 131072  Batches: 32  Memory Usage: 3233kB
                    ->  Seq Scan on title t  (cost=0.00..67604.59 rows=2010348 width=4) (actual time=0.024..4299.625 rows=2004649 loops=1)
                          Filter: (production_year > 1975)
                          Rows Removed by Filter: 523663
Planning time: 4.654 ms
Execution time: 69103.518 ms
