Hash Join  (cost=161835.21..547388.62 rows=247360 width=0) (actual time=9003.593..26852.352 rows=366208 loops=1)
  Hash Cond: (mi.movie_id = t.id)
  ->  Seq Scan on movie_info mi  (cost=0.00..309384.22 rows=14739122 width=4) (actual time=0.019..14523.350 rows=14835720 loops=1)
  ->  Hash  (cost=161304.77..161304.77 rows=42435 width=8) (actual time=7834.666..7834.666 rows=27349 loops=1)
        Buckets: 65536  Batches: 1  Memory Usage: 1581kB
        ->  Hash Join  (cost=74222.38..161304.77 rows=42435 width=8) (actual time=4176.673..7823.930 rows=27349 loops=1)
              Hash Cond: (mk.movie_id = t.id)
              ->  Seq Scan on movie_keyword mk  (cost=0.00..69693.30 rows=4523930 width=4) (actual time=0.018..3386.301 rows=4523930 loops=1)
              ->  Hash  (cost=73925.90..73925.90 rows=23718 width=4) (actual time=3185.799..3185.799 rows=21737 loops=1)
                    Buckets: 32768  Batches: 1  Memory Usage: 1021kB
                    ->  Seq Scan on title t  (cost=0.00..73925.90 rows=23718 width=4) (actual time=879.854..3174.719 rows=21737 loops=1)
                          Filter: ((production_year > 2008) AND (kind_id = 2))
                          Rows Removed by Filter: 2506575
Planning time: 1.153 ms
Execution time: 26926.404 ms
