Hash Join  (cost=227520.12..1398324.28 rows=13336400 width=0) (actual time=13125.922..130682.935 rows=136446213 loops=1)
  Hash Cond: (ci.movie_id = t.id)
  ->  Seq Scan on cast_info ci  (cost=0.00..614943.12 rows=36225612 width=4) (actual time=0.022..49380.165 rows=36244344 loops=1)
  ->  Hash  (cost=212247.21..212247.21 rows=930873 width=8) (actual time=13124.696..13124.696 rows=2274809 loops=1)
        Buckets: 131072 (originally 131072)  Batches: 32 (originally 16)  Memory Usage: 3783kB
        ->  Hash Join  (cost=78556.72..212247.21 rows=930873 width=8) (actual time=3875.993..12264.051 rows=2274809 loops=1)
              Hash Cond: (mk.movie_id = t.id)
              ->  Seq Scan on movie_keyword mk  (cost=0.00..81003.12 rows=3526035 width=4) (actual time=0.018..5228.949 rows=3518148 loops=1)
                    Filter: (keyword_id > 961)
                    Rows Removed by Filter: 1005782
              ->  Hash  (cost=67604.59..67604.59 rows=667531 width=4) (actual time=3874.876..3874.876 rows=662825 loops=1)
                    Buckets: 131072  Batches: 16  Memory Usage: 2486kB
                    ->  Seq Scan on title t  (cost=0.00..67604.59 rows=667531 width=4) (actual time=394.308..3548.784 rows=662825 loops=1)
                          Filter: (kind_id < 2)
                          Rows Removed by Filter: 1865487
Planning time: 1.164 ms
Execution time: 149642.850 ms
