Hash Join  (cost=209183.52..1122323.27 rows=5612889 width=0) (actual time=10535.093..65805.202 rows=10240988 loops=1)
  Hash Cond: (ci.movie_id = t.id)
  ->  Seq Scan on cast_info ci  (cost=0.00..705507.15 rows=12726058 width=4) (actual time=0.020..42503.965 rows=12670688 loops=1)
        Filter: (role_id < 2)
        Rows Removed by Filter: 23573656
  ->  Hash  (cost=190886.28..190886.28 rows=1115219 width=8) (actual time=10534.091..10534.091 rows=1126330 loops=1)
        Buckets: 131072  Batches: 16  Memory Usage: 3778kB
        ->  Hash Join  (cost=102767.86..190886.28 rows=1115219 width=8) (actual time=5979.948..10181.296 rows=1126330 loops=1)
              Hash Cond: (mc.movie_id = t.id)
              ->  Seq Scan on movie_companies mc  (cost=0.00..51404.11 rows=1115219 width=4) (actual time=0.025..2639.231 rows=1126330 loops=1)
                    Filter: (company_id > 13605)
                    Rows Removed by Filter: 1482799
              ->  Hash  (cost=61283.27..61283.27 rows=2528527 width=4) (actual time=5953.073..5953.073 rows=2528312 loops=1)
                    Buckets: 131072  Batches: 64  Memory Usage: 2415kB
                    ->  Seq Scan on title t  (cost=0.00..61283.27 rows=2528527 width=4) (actual time=0.025..4317.669 rows=2528312 loops=1)
Planning time: 1.184 ms
Execution time: 67250.157 ms
