Hash Join  (cost=226373.28..1418837.69 rows=9640985 width=0) (actual time=12441.050..115058.560 rows=93143207 loops=1)
  Hash Cond: (ci.movie_id = t.id)
  ->  Seq Scan on cast_info ci  (cost=0.00..705507.15 rows=30235878 width=4) (actual time=0.024..53427.923 rows=30350286 loops=1)
        Filter: (person_id > 570852)
        Rows Removed by Filter: 5894058
  ->  Hash  (cost=213145.23..213145.23 rows=806244 width=8) (actual time=12439.853..12439.853 rows=1410403 loops=1)
        Buckets: 131072 (originally 131072)  Batches: 32 (originally 16)  Memory Usage: 3073kB
        ->  Hash Join  (cost=81319.76..213145.23 rows=806244 width=8) (actual time=3453.156..11777.468 rows=1410403 loops=1)
              Hash Cond: (mk.movie_id = t.id)
              ->  Seq Scan on movie_keyword mk  (cost=0.00..69693.30 rows=4523930 width=4) (actual time=0.022..5205.529 rows=4523930 loops=1)
              ->  Hash  (cost=73925.90..73925.90 rows=450628 width=4) (actual time=3452.404..3452.404 rows=325089 loops=1)
                    Buckets: 131072  Batches: 8  Memory Usage: 2466kB
                    ->  Seq Scan on title t  (cost=0.00..73925.90 rows=450628 width=4) (actual time=0.014..3266.872 rows=325089 loops=1)
                          Filter: ((kind_id < 2) AND (production_year > 1992))
                          Rows Removed by Filter: 2203223
Planning time: 4.117 ms
Execution time: 128374.235 ms
