Hash Join  (cost=153752.77..640003.26 rows=603957 width=0) (actual time=3374.476..13874.084 rows=251348 loops=1)
  Hash Cond: (mi.movie_id = t.id)
  ->  Seq Scan on movie_info mi  (cost=0.00..309384.22 rows=14739122 width=4) (actual time=0.021..5958.801 rows=14835720 loops=1)
  ->  Hash  (cost=152052.64..152052.64 rows=103610 width=8) (actual time=3148.973..3148.973 rows=45572 loops=1)
        Buckets: 131072  Batches: 2  Memory Usage: 1917kB
        ->  Hash Join  (cost=75574.02..152052.64 rows=103610 width=8) (actual time=1756.367..3132.217 rows=45572 loops=1)
              Hash Cond: (mc.movie_id = t.id)
              ->  Seq Scan on movie_companies mc  (cost=0.00..44881.29 rows=2609129 width=4) (actual time=0.028..917.548 rows=2609129 loops=1)
              ->  Hash  (cost=73925.90..73925.90 rows=100409 width=4) (actual time=1265.727..1265.727 rows=110402 loops=1)
                    Buckets: 131072  Batches: 2  Memory Usage: 2964kB
                    ->  Seq Scan on title t  (cost=0.00..73925.90 rows=100409 width=4) (actual time=0.021..1224.156 rows=110402 loops=1)
                          Filter: ((kind_id = 7) AND (production_year = 2012))
                          Rows Removed by Filter: 2417910
Planning time: 1.310 ms
Execution time: 13902.956 ms
