Hash Join  (cost=217947.33..1122258.30 rows=1616241 width=0) (actual time=33883.045..51253.051 rows=550271 loops=1)
  Hash Cond: (ci.movie_id = t.id)
  ->  Seq Scan on cast_info ci  (cost=0.00..796071.18 rows=7008675 width=4) (actual time=23262.889..38875.105 rows=2717611 loops=1)
        Filter: ((person_id > 2651351) AND (role_id < 4))
        Rows Removed by Filter: 33526733
  ->  Hash  (cost=208380.67..208380.67 rows=583093 width=8) (actual time=10617.825..10617.825 rows=133181 loops=1)
        Buckets: 131072  Batches: 8  Memory Usage: 1703kB
        ->  Hash Join  (cost=79273.71..208380.67 rows=583093 width=8) (actual time=6529.372..10571.077 rows=133181 loops=1)
              Hash Cond: (mk.movie_id = t.id)
              ->  Seq Scan on movie_keyword mk  (cost=0.00..69693.30 rows=4523930 width=4) (actual time=0.031..4287.783 rows=4523930 loops=1)
              ->  Hash  (cost=73925.90..73925.90 rows=325904 width=4) (actual time=3581.874..3581.874 rows=349534 loops=1)
                    Buckets: 131072  Batches: 8  Memory Usage: 2572kB
                    ->  Seq Scan on title t  (cost=0.00..73925.90 rows=325904 width=4) (actual time=492.215..3263.133 rows=349534 loops=1)
                          Filter: ((production_year > 2009) AND (kind_id = 7))
                          Rows Removed by Filter: 2178778
Planning time: 3.618 ms
Execution time: 51363.489 ms
