Seq Scan on movie_keyword mk  (cost=0.00..81003.12 rows=2171480 width=0) (actual time=0.015..4240.720 rows=2174080 loops=1)
  Filter: (keyword_id < 4238)
  Rows Removed by Filter: 2349850
Planning time: 0.303 ms
Execution time: 4647.348 ms
