Hash Join  (cost=83073.40..447731.66 rows=233 width=0) (actual time=3727.655..21685.066 rows=716 loops=1)
  Hash Cond: (mi.movie_id = t.id)
  ->  Seq Scan on movie_info mi  (cost=0.00..309384.22 rows=14739122 width=4) (actual time=0.016..14870.720 rows=14835720 loops=1)
  ->  Hash  (cost=83072.90..83072.90 rows=40 width=8) (actual time=3371.280..3371.280 rows=3 loops=1)
        Buckets: 1024  Batches: 1  Memory Usage: 9kB
        ->  Nested Loop  (cost=0.43..83072.90 rows=40 width=8) (actual time=1491.838..3371.270 rows=3 loops=1)
              ->  Seq Scan on movie_keyword mk  (cost=0.00..81003.12 rows=246 width=4) (actual time=184.063..3359.969 rows=22 loops=1)
                    Filter: (keyword_id = 34779)
                    Rows Removed by Filter: 4523908
              ->  Index Scan using title_pkey on title t  (cost=0.43..8.40 rows=1 width=4) (actual time=0.506..0.506 rows=0 loops=22)
                    Index Cond: (id = mk.movie_id)
                    Filter: ((production_year < 2007) AND (kind_id = 1))
                    Rows Removed by Filter: 1
Planning time: 1.244 ms
Execution time: 21685.362 ms
