Hash Join  (cost=598897.34..1660917.35 rows=8807366 width=0) (actual time=14379.297..36690.711 rows=6103995 loops=1)
  Hash Cond: (ci.movie_id = t.id)
  ->  Seq Scan on cast_info ci  (cost=0.00..705507.15 rows=14738823 width=4) (actual time=355.071..13825.483 rows=14902039 loops=1)
        Filter: (person_id > 2160321)
        Rows Removed by Filter: 21342305
  ->  Hash  (cost=574107.44..574107.44 rows=1510952 width=8) (actual time=14022.528..14022.528 rows=560852 loops=1)
        Buckets: 131072  Batches: 32  Memory Usage: 1706kB
        ->  Hash Join  (cost=78178.99..574107.44 rows=1510952 width=8) (actual time=1414.038..13830.437 rows=560852 loops=1)
              Hash Cond: (mi.movie_id = t.id)
              ->  Seq Scan on movie_info mi  (cost=0.00..309384.22 rows=14739122 width=4) (actual time=0.020..5733.126 rows=14835720 loops=1)
              ->  Hash  (cost=73925.90..73925.90 rows=259207 width=4) (actual time=1411.106..1411.106 rows=271195 loops=1)
                    Buckets: 131072  Batches: 4  Memory Usage: 3430kB
                    ->  Seq Scan on title t  (cost=0.00..73925.90 rows=259207 width=4) (actual time=0.029..1315.043 rows=271195 loops=1)
                          Filter: ((kind_id > 3) AND (production_year > 2010))
                          Rows Removed by Filter: 2257117
Planning time: 2.307 ms
Execution time: 37438.583 ms
