Hash Join  (cost=140228.05..254041.54 rows=413899 width=0) (actual time=8061.842..15473.315 rows=3791973 loops=1)
  Hash Cond: (mk.movie_id = t.id)
  ->  Seq Scan on movie_keyword mk  (cost=0.00..81003.12 rows=2327567 width=4) (actual time=0.025..4879.280 rows=2328572 loops=1)
        Filter: (keyword_id < 5113)
        Rows Removed by Filter: 2195358
  ->  Hash  (cost=132850.61..132850.61 rows=449635 width=8) (actual time=8060.951..8060.951 rows=785590 loops=1)
        Buckets: 131072 (originally 131072)  Batches: 16 (originally 8)  Memory Usage: 3073kB
        ->  Hash Join  (cost=87442.78..132850.61 rows=449635 width=8) (actual time=4678.336..7782.327 rows=785590 loops=1)
              Hash Cond: (mi_idx.movie_id = t.id)
              ->  Seq Scan on movie_info_idx mi_idx  (cost=0.00..21735.35 rows=1380035 width=4) (actual time=0.024..1646.846 rows=1380035 loops=1)
              ->  Hash  (cost=73925.90..73925.90 rows=823830 width=4) (actual time=4676.032..4676.032 rows=737996 loops=1)
                    Buckets: 131072  Batches: 16  Memory Usage: 2648kB
                    ->  Seq Scan on title t  (cost=0.00..73925.90 rows=823830 width=4) (actual time=0.019..4185.977 rows=737996 loops=1)
                          Filter: ((kind_id < 7) AND (production_year > 1968))
                          Rows Removed by Filter: 1790316
Planning time: 1.126 ms
Execution time: 15964.993 ms
