Hash Join  (cost=180783.47..271447.29 rows=986127 width=0) (actual time=8884.354..14607.400 rows=2821370 loops=1)
  Hash Cond: (mc.movie_id = t.id)
  ->  Seq Scan on movie_companies mc  (cost=0.00..51404.11 rows=2150783 width=4) (actual time=0.035..3022.780 rows=2154218 loops=1)
        Filter: (company_id > 382)
        Rows Removed by Filter: 454911
  ->  Hash  (cost=161762.96..161762.96 rows=1159321 width=8) (actual time=8883.308..8883.308 rows=1179682 loops=1)
        Buckets: 131072  Batches: 16  Memory Usage: 3909kB
        ->  Hash Join  (cost=102454.22..161762.96 rows=1159321 width=8) (actual time=5284.243..8420.341 rows=1179682 loops=1)
              Hash Cond: (mi_idx.movie_id = t.id)
              ->  Seq Scan on movie_info_idx mi_idx  (cost=0.00..21735.35 rows=1380035 width=4) (actual time=0.024..1257.424 rows=1380035 loops=1)
              ->  Hash  (cost=67604.59..67604.59 rows=2124131 width=4) (actual time=5283.389..5283.389 rows=2118372 loops=1)
                    Buckets: 131072  Batches: 32  Memory Usage: 3356kB
                    ->  Seq Scan on title t  (cost=0.00..67604.59 rows=2124131 width=4) (actual time=0.020..3975.501 rows=2118372 loops=1)
                          Filter: (production_year > 1967)
                          Rows Removed by Filter: 409940
Planning time: 1.146 ms
Execution time: 15005.476 ms
