Hash Join  (cost=75773.42..106852.05 rows=20223 width=0) (actual time=3141.272..4573.620 rows=46310 loops=1)
  Hash Cond: (mi_idx.movie_id = t.id)
  ->  Seq Scan on movie_info_idx mi_idx  (cost=0.00..25185.44 rows=454124 width=4) (actual time=0.022..1131.259 rows=459925 loops=1)
        Filter: (info_type_id = 100)
        Rows Removed by Filter: 920110
  ->  Hash  (cost=73925.90..73925.90 rows=112601 width=4) (actual time=3139.707..3139.707 rows=212417 loops=1)
        Buckets: 131072 (originally 131072)  Batches: 4 (originally 2)  Memory Usage: 3073kB
        ->  Seq Scan on title t  (cost=0.00..73925.90 rows=112601 width=4) (actual time=0.024..2939.972 rows=212417 loops=1)
              Filter: ((kind_id < 7) AND (production_year < 1964))
              Rows Removed by Filter: 2315895
Planning time: 0.826 ms
Execution time: 4580.029 ms
