Seq Scan on title t  (cost=0.00..67604.59 rows=1540800 width=0) (actual time=557.087..3517.313 rows=1543264 loops=1)
  Filter: (kind_id > 6)
  Rows Removed by Filter: 985048
Planning time: 0.283 ms
Execution time: 3757.265 ms
