Seq Scan on movie_keyword mk  (cost=0.00..81003.12 rows=535370 width=0) (actual time=0.025..3312.092 rows=526079 loops=1)
  Filter: (keyword_id > 34546)
  Rows Removed by Filter: 3997851
Planning time: 0.466 ms
Execution time: 3387.280 ms
