Seq Scan on cast_info ci  (cost=0.00..796071.18 rows=324 width=0) (actual time=21974.844..39054.873 rows=5 loops=1)
  Filter: ((role_id > 1) AND (person_id = 1293402))
  Rows Removed by Filter: 36244339
Planning time: 0.391 ms
Execution time: 39054.979 ms
