Nested Loop  (cost=44377.22..855870.95 rows=2133 width=0) (actual time=4409.652..37999.861 rows=130504 loops=1)
  Join Filter: (ci.movie_id = t.id)
  ->  Hash Join  (cost=44376.79..847805.70 rows=13603 width=8) (actual time=4409.544..30036.603 rows=219061 loops=1)
        Hash Cond: (ci.movie_id = mi_idx.movie_id)
        ->  Seq Scan on cast_info ci  (cost=0.00..796071.18 rows=10004 width=4) (actual time=2273.065..26611.049 rows=167323 loops=1)
              Filter: ((person_id > 3856143) AND (role_id > 10))
              Rows Removed by Filter: 36077021
        ->  Hash  (cost=21735.35..21735.35 rows=1380035 width=4) (actual time=2135.442..2135.442 rows=1380035 loops=1)
              Buckets: 131072  Batches: 32  Memory Usage: 2540kB
              ->  Seq Scan on movie_info_idx mi_idx  (cost=0.00..21735.35 rows=1380035 width=4) (actual time=0.025..1615.274 rows=1380035 loops=1)
  ->  Index Scan using title_pkey on title t  (cost=0.43..0.58 rows=1 width=4) (actual time=0.036..0.036 rows=1 loops=219061)
        Index Cond: (id = mi_idx.movie_id)
        Filter: (kind_id < 7)
        Rows Removed by Filter: 0
Planning time: 1.083 ms
Execution time: 38025.662 ms
