Hash Join  (cost=78556.72..215109.93 rows=1194317 width=0) (actual time=1290.877..5619.501 rows=2886675 loops=1)
  Hash Cond: (mk.movie_id = t.id)
  ->  Seq Scan on movie_keyword mk  (cost=0.00..69693.30 rows=4523930 width=4) (actual time=0.012..1483.343 rows=4523930 loops=1)
  ->  Hash  (cost=67604.59..67604.59 rows=667531 width=4) (actual time=1289.784..1289.784 rows=662825 loops=1)
        Buckets: 131072  Batches: 16  Memory Usage: 2486kB
        ->  Seq Scan on title t  (cost=0.00..67604.59 rows=667531 width=4) (actual time=70.626..1075.667 rows=662825 loops=1)
              Filter: (kind_id < 2)
              Rows Removed by Filter: 1865487
Planning time: 0.711 ms
Execution time: 5924.452 ms
