Hash Join  (cost=225253.86..817548.24 rows=8815655 width=0) (actual time=11735.457..62152.796 rows=46668984 loops=1)
  Hash Cond: (mi.movie_id = t.id)
  ->  Seq Scan on movie_info mi  (cost=0.00..309384.22 rows=14739122 width=4) (actual time=0.010..24665.261 rows=14835720 loops=1)
  ->  Hash  (cost=200441.56..200441.56 rows=1512344 width=8) (actual time=11734.216..11734.216 rows=1498150 loops=1)
        Buckets: 131072  Batches: 32  Memory Usage: 2897kB
        ->  Hash Join  (cost=102767.86..200441.56 rows=1512344 width=8) (actual time=5290.940..11211.833 rows=1498150 loops=1)
              Hash Cond: (mc.movie_id = t.id)
              ->  Seq Scan on movie_companies mc  (cost=0.00..51404.11 rows=1512344 width=4) (actual time=0.019..3856.281 rows=1498150 loops=1)
                    Filter: (company_id < 13977)
                    Rows Removed by Filter: 1110979
              ->  Hash  (cost=61283.27..61283.27 rows=2528527 width=4) (actual time=5289.874..5289.874 rows=2528312 loops=1)
                    Buckets: 131072  Batches: 64  Memory Usage: 2415kB
                    ->  Seq Scan on title t  (cost=0.00..61283.27 rows=2528527 width=4) (actual time=0.011..4158.046 rows=2528312 loops=1)
Planning time: 6.431 ms
Execution time: 69226.454 ms
