Hash Join  (cost=102767.86..1347696.24 rows=18243274 width=0) (actual time=5660.481..80817.920 rows=21922121 loops=1)
  Hash Cond: (ci.movie_id = t.id)
  ->  Seq Scan on cast_info ci  (cost=0.00..796071.18 rows=18243274 width=4) (actual time=0.010..50504.264 rows=21922121 loops=1)
        Filter: ((person_id < 2541913) AND (role_id < 5))
        Rows Removed by Filter: 14322223
  ->  Hash  (cost=61283.27..61283.27 rows=2528527 width=4) (actual time=5659.792..5659.792 rows=2528312 loops=1)
        Buckets: 131072  Batches: 64  Memory Usage: 2415kB
        ->  Seq Scan on title t  (cost=0.00..61283.27 rows=2528527 width=4) (actual time=0.017..4228.711 rows=2528312 loops=1)
Planning time: 0.713 ms
Execution time: 83800.625 ms
