Hash Join  (cost=155469.51..906305.09 rows=4643 width=0) (actual time=6487.064..41682.407 rows=878 loops=1)
  Hash Cond: (ci.movie_id = t.id)
  ->  Seq Scan on cast_info ci  (cost=0.00..614943.12 rows=36225612 width=4) (actual time=0.025..27507.997 rows=36244344 loops=1)
  ->  Hash  (cost=155465.46..155465.46 rows=324 width=8) (actual time=6334.404..6334.404 rows=18 loops=1)
        Buckets: 1024  Batches: 1  Memory Usage: 9kB
        ->  Hash Join  (cost=74373.22..155465.46 rows=324 width=8) (actual time=3225.676..6334.346 rows=18 loops=1)
              Hash Cond: (mk.movie_id = t.id)
              ->  Seq Scan on movie_keyword mk  (cost=0.00..81003.12 rows=22900 width=4) (actual time=0.025..3111.573 rows=19470 loops=1)
                    Filter: (keyword_id > 117717)
                    Rows Removed by Filter: 4504460
              ->  Hash  (cost=73925.90..73925.90 rows=35785 width=4) (actual time=3215.862..3215.862 rows=40139 loops=1)
                    Buckets: 65536  Batches: 1  Memory Usage: 1924kB
                    ->  Seq Scan on title t  (cost=0.00..73925.90 rows=35785 width=4) (actual time=0.020..3197.426 rows=40139 loops=1)
                          Filter: ((kind_id > 4) AND (production_year = 2001))
                          Rows Removed by Filter: 2488173
Planning time: 1.310 ms
Execution time: 41683.089 ms
