Hash Join  (cost=263115.61..1158606.95 rows=3776325 width=0) (actual time=11765.327..27594.234 rows=16018175 loops=1)
  Hash Cond: (ci.movie_id = t.id)
  ->  Seq Scan on cast_info ci  (cost=0.00..796071.18 rows=3659666 width=4) (actual time=4162.502..12744.005 rows=5704992 loops=1)
        Filter: ((person_id > 3077720) AND (role_id > 1))
        Rows Removed by Filter: 30539352
  ->  Hash  (cost=220309.49..220309.49 rows=2609129 width=8) (actual time=7600.898..7600.898 rows=2609129 loops=1)
        Buckets: 131072  Batches: 64  Memory Usage: 2610kB
        ->  Hash Join  (cost=102767.86..220309.49 rows=2609129 width=8) (actual time=2699.144..6714.850 rows=2609129 loops=1)
              Hash Cond: (mc.movie_id = t.id)
              ->  Seq Scan on movie_companies mc  (cost=0.00..44881.29 rows=2609129 width=4) (actual time=0.022..928.348 rows=2609129 loops=1)
              ->  Hash  (cost=61283.27..61283.27 rows=2528527 width=4) (actual time=2698.092..2698.092 rows=2528312 loops=1)
                    Buckets: 131072  Batches: 64  Memory Usage: 2415kB
                    ->  Seq Scan on title t  (cost=0.00..61283.27 rows=2528527 width=4) (actual time=0.021..1147.212 rows=2528312 loops=1)
Planning time: 1.120 ms
Execution time: 29379.233 ms
