Seq Scan on title t  (cost=0.00..67604.59 rows=1795720 width=0) (actual time=0.019..1296.717 rows=1794153 loops=1)
  Filter: (production_year < 2009)
  Rows Removed by Filter: 734159
Planning time: 0.347 ms
Execution time: 1518.368 ms
