Hash Join  (cost=73950.44..102574.61 rows=710 width=0) (actual time=1321.496..1757.224 rows=2344 loops=1)
  Hash Cond: (mi_idx.movie_id = t.id)
  ->  Seq Scan on movie_info_idx mi_idx  (cost=0.00..25185.44 rows=915101 width=4) (actual time=0.026..501.398 rows=919850 loops=1)
        Filter: (info_type_id < 101)
        Rows Removed by Filter: 460185
  ->  Hash  (cost=73925.90..73925.90 rows=1963 width=4) (actual time=1097.619..1097.619 rows=3109 loops=1)
        Buckets: 4096 (originally 2048)  Batches: 1 (originally 1)  Memory Usage: 142kB
        ->  Seq Scan on title t  (cost=0.00..73925.90 rows=1963 width=4) (actual time=354.962..1095.819 rows=3109 loops=1)
              Filter: ((kind_id = 1) AND (production_year = 1960))
              Rows Removed by Filter: 2525203
Planning time: 0.793 ms
Execution time: 1757.793 ms
