Seq Scan on title t  (cost=0.00..67604.59 rows=159297 width=0) (actual time=0.200..1148.599 rows=164184 loops=1)
  Filter: (production_year < 1950)
  Rows Removed by Filter: 2364128
Planning time: 3.665 ms
Execution time: 1170.683 ms
