Hash Join  (cost=89201.08..1032681.86 rows=3472659 width=0) (actual time=3476.269..26451.255 rows=4360373 loops=1)
  Hash Cond: (ci.movie_id = t.id)
  ->  Seq Scan on cast_info ci  (cost=0.00..796071.18 rows=9430937 width=4) (actual time=1467.566..16649.710 rows=12670688 loops=1)
        Filter: ((person_id < 2766384) AND (role_id < 2))
        Rows Removed by Filter: 23573656
  ->  Hash  (cost=73925.90..73925.90 rows=931054 width=4) (actual time=2007.752..2007.752 rows=852178 loops=1)
        Buckets: 131072  Batches: 16  Memory Usage: 2899kB
        ->  Seq Scan on title t  (cost=0.00..73925.90 rows=931054 width=4) (actual time=0.032..1421.475 rows=852178 loops=1)
              Filter: ((kind_id > 1) AND (production_year < 2004))
              Rows Removed by Filter: 1676134
Planning time: 0.817 ms
Execution time: 26986.088 ms
