Seq Scan on cast_info ci  (cost=0.00..796071.18 rows=38 width=0) (actual time=3576.733..10481.281 rows=1 loops=1)
  Filter: ((person_id = 2838163) AND (role_id = 4))
  Rows Removed by Filter: 36244343
Planning time: 0.392 ms
Execution time: 10481.403 ms
