Seq Scan on movie_companies mc  (cost=0.00..57926.93 rows=1003363 width=0) (actual time=306.925..2998.259 rows=858636 loops=1)
  Filter: ((company_id > 595) AND (company_type_id = 1))
  Rows Removed by Filter: 1750493
Planning time: 0.354 ms
Execution time: 3127.585 ms
