Seq Scan on cast_info ci  (cost=0.00..796071.18 rows=1421973 width=0) (actual time=18174.670..23158.208 rows=2436498 loops=1)
  Filter: ((person_id > 2376405) AND (role_id = 3))
  Rows Removed by Filter: 33807846
Planning time: 0.403 ms
Execution time: 23464.637 ms
