Seq Scan on movie_keyword mk  (cost=0.00..81003.12 rows=2874955 width=0) (actual time=0.017..1553.976 rows=2868490 loops=1)
  Filter: (keyword_id < 8832)
  Rows Removed by Filter: 1655440
Planning time: 0.427 ms
Execution time: 1917.534 ms
