Seq Scan on movie_info mi  (cost=0.00..346232.03 rows=13731821 width=0) (actual time=0.014..6659.585 rows=13769730 loops=1)
  Filter: (info_type_id < 76)
  Rows Removed by Filter: 1065990
Planning time: 0.338 ms
Execution time: 8397.308 ms
