Hash Join  (cost=156209.36..1053996.93 rows=1343678 width=0) (actual time=3331.350..25283.757 rows=4281817 loops=1)
  Hash Cond: (ci.movie_id = t.id)
  ->  Seq Scan on cast_info ci  (cost=0.00..796071.18 rows=7481496 width=4) (actual time=0.017..15297.705 rows=10994503 loops=1)
        Filter: ((person_id > 1941457) AND (role_id > 2))
        Rows Removed by Filter: 25249841
  ->  Hash  (cost=148758.81..148758.81 rows=454124 width=8) (actual time=3330.307..3330.307 rows=459925 loops=1)
        Buckets: 131072  Batches: 8  Memory Usage: 3275kB
        ->  Hash Join  (cost=102767.86..148758.81 rows=454124 width=8) (actual time=1895.585..3195.302 rows=459925 loops=1)
              Hash Cond: (mi_idx.movie_id = t.id)
              ->  Seq Scan on movie_info_idx mi_idx  (cost=0.00..25185.44 rows=454124 width=4) (actual time=0.022..477.730 rows=459925 loops=1)
                    Filter: (info_type_id = 100)
                    Rows Removed by Filter: 920110
              ->  Hash  (cost=61283.27..61283.27 rows=2528527 width=4) (actual time=1893.320..1893.320 rows=2528312 loops=1)
                    Buckets: 131072  Batches: 64  Memory Usage: 2415kB
                    ->  Seq Scan on title t  (cost=0.00..61283.27 rows=2528527 width=4) (actual time=0.020..1062.280 rows=2528312 loops=1)
Planning time: 0.810 ms
Execution time: 25770.984 ms
