Hash Join  (cost=119259.60..246045.51 rows=392587 width=0) (actual time=2431.613..5929.304 rows=2416804 loops=1)
  Hash Cond: (mk.movie_id = t.id)
  ->  Seq Scan on movie_keyword mk  (cost=0.00..69693.30 rows=4523930 width=4) (actual time=0.013..1360.949 rows=4523930 loops=1)
  ->  Hash  (cost=115658.78..115658.78 rows=219426 width=8) (actual time=2430.346..2430.346 rows=236422 loops=1)
        Buckets: 131072  Batches: 4  Memory Usage: 3348kB
        ->  Hash Join  (cost=74201.04..115658.78 rows=219426 width=8) (actual time=1182.144..2347.908 rows=236422 loops=1)
              Hash Cond: (mi_idx.movie_id = t.id)
              ->  Seq Scan on movie_info_idx mi_idx  (cost=0.00..21735.35 rows=1380035 width=4) (actual time=0.018..442.366 rows=1380035 loops=1)
              ->  Hash  (cost=67604.59..67604.59 rows=402036 width=4) (actual time=1181.580..1181.580 rows=395872 loops=1)
                    Buckets: 131072  Batches: 8  Memory Usage: 2759kB
                    ->  Seq Scan on title t  (cost=0.00..67604.59 rows=402036 width=4) (actual time=0.017..1055.826 rows=395872 loops=1)
                          Filter: (production_year < 1972)
                          Rows Removed by Filter: 2132440
Planning time: 0.813 ms
Execution time: 6188.210 ms
