Hash Join  (cost=133064.34..490837.83 rows=3574 width=0) (actual time=1559.323..8126.876 rows=75594 loops=1)
  Hash Cond: (mi.movie_id = t.id)
  ->  Seq Scan on movie_info mi  (cost=0.00..346232.03 rows=3068194 width=4) (actual time=0.015..6007.188 rows=3036719 loops=1)
        Filter: (info_type_id = 16)
        Rows Removed by Filter: 11799001
  ->  Hash  (cost=133027.52..133027.52 rows=2945 width=8) (actual time=1558.209..1558.209 rows=7004 loops=1)
        Buckets: 8192 (originally 4096)  Batches: 1 (originally 1)  Memory Usage: 338kB
        ->  Nested Loop  (cost=0.43..133027.52 rows=2945 width=8) (actual time=0.089..1553.715 rows=7004 loops=1)
              ->  Seq Scan on movie_keyword mk  (cost=0.00..81003.12 rows=7540 width=4) (actual time=0.040..1294.189 rows=7668 loops=1)
                    Filter: (keyword_id = 231)
                    Rows Removed by Filter: 4516262
              ->  Index Scan using title_pkey on title t  (cost=0.43..6.89 rows=1 width=4) (actual time=0.033..0.033 rows=1 loops=7668)
                    Index Cond: (id = mk.movie_id)
                    Filter: (kind_id < 7)
                    Rows Removed by Filter: 0
Planning time: 2.331 ms
Execution time: 8136.894 ms
