Seq Scan on movie_keyword mk  (cost=0.00..81003.12 rows=2129213 width=0) (actual time=0.016..985.665 rows=2127985 loops=1)
  Filter: (keyword_id > 5564)
  Rows Removed by Filter: 2395945
Planning time: 0.326 ms
Execution time: 1192.720 ms
