Seq Scan on cast_info ci  (cost=0.00..796071.18 rows=2383240 width=0) (actual time=158.408..13971.878 rows=766255 loops=1)
  Filter: ((person_id < 1992456) AND (role_id = 10))
  Rows Removed by Filter: 35478089
Planning time: 0.428 ms
Execution time: 14068.515 ms
