Seq Scan on movie_keyword mk  (cost=0.00..81003.12 rows=246 width=0) (actual time=4.947..1217.759 rows=23 loops=1)
  Filter: (keyword_id = 31325)
  Rows Removed by Filter: 4523907
Planning time: 0.382 ms
Execution time: 1217.869 ms
