Seq Scan on title t  (cost=0.00..73925.90 rows=2905 width=0) (actual time=1.406..1177.982 rows=8319 loops=1)
  Filter: ((kind_id < 7) AND (production_year = 1988))
  Rows Removed by Filter: 2519993
Planning time: 0.485 ms
Execution time: 1179.953 ms
