Hash Join  (cost=184485.91..695698.29 rows=2943345 width=0) (actual time=3927.526..18794.133 rows=8680129 loops=1)
  Hash Cond: (mi.movie_id = t.id)
  ->  Seq Scan on movie_info mi  (cost=0.00..309384.22 rows=14739122 width=4) (actual time=6.360..5996.423 rows=14835720 loops=1)
  ->  Hash  (cost=176201.20..176201.20 rows=504937 width=8) (actual time=3920.184..3920.184 rows=501432 loops=1)
        Buckets: 131072  Batches: 8  Memory Usage: 3492kB
        ->  Hash Join  (cost=102767.86..176201.20 rows=504937 width=8) (actual time=2055.352..3762.578 rows=501432 loops=1)
              Hash Cond: (mc.movie_id = t.id)
              ->  Seq Scan on movie_companies mc  (cost=0.00..51404.11 rows=504937 width=4) (actual time=0.023..856.970 rows=501432 loops=1)
                    Filter: (company_id < 452)
                    Rows Removed by Filter: 2107697
              ->  Hash  (cost=61283.27..61283.27 rows=2528527 width=4) (actual time=2054.666..2054.666 rows=2528312 loops=1)
                    Buckets: 131072  Batches: 64  Memory Usage: 2415kB
                    ->  Seq Scan on title t  (cost=0.00..61283.27 rows=2528527 width=4) (actual time=0.019..1226.672 rows=2528312 loops=1)
Planning time: 1.225 ms
Execution time: 19791.022 ms
