Seq Scan on movie_keyword mk  (cost=0.00..81003.12 rows=3968548 width=0) (actual time=0.019..1645.745 rows=3970568 loops=1)
  Filter: (keyword_id < 33327)
  Rows Removed by Filter: 553362
Planning time: 0.311 ms
Execution time: 2137.836 ms
