Hash Join  (cost=101352.45..188111.17 rows=10068 width=0) (actual time=1918.133..3753.924 rows=7700 loops=1)
  Hash Cond: (mk.movie_id = t.id)
  ->  Seq Scan on movie_keyword mk  (cost=0.00..69693.30 rows=4523930 width=4) (actual time=0.012..1018.632 rows=4523930 loops=1)
  ->  Hash  (cost=101282.12..101282.12 rows=5627 width=8) (actual time=1917.667..1917.667 rows=3473 loops=1)
        Buckets: 8192  Batches: 1  Memory Usage: 200kB
        ->  Hash Join  (cost=74311.74..101282.12 rows=5627 width=8) (actual time=1301.244..1916.156 rows=3473 loops=1)
              Hash Cond: (mi_idx.movie_id = t.id)
              ->  Seq Scan on movie_info_idx mi_idx  (cost=0.00..25185.44 rows=460978 width=4) (actual time=0.015..478.853 rows=459925 loops=1)
                    Filter: (info_type_id = 99)
                    Rows Removed by Filter: 920110
              ->  Hash  (cost=73925.90..73925.90 rows=30867 width=4) (actual time=1300.663..1300.663 rows=34773 loops=1)
                    Buckets: 65536 (originally 32768)  Batches: 1 (originally 1)  Memory Usage: 1735kB
                    ->  Seq Scan on title t  (cost=0.00..73925.90 rows=30867 width=4) (actual time=0.031..1284.946 rows=34773 loops=1)
                          Filter: ((kind_id = 7) AND (production_year = 1999))
                          Rows Removed by Filter: 2493539
Planning time: 1.157 ms
Execution time: 3755.125 ms
