Hash Join  (cost=73954.59..125596.38 rows=57 width=0) (actual time=1092.900..1785.671 rows=2 loops=1)
  Hash Cond: (mc.movie_id = t.id)
  ->  Seq Scan on movie_companies mc  (cost=0.00..51404.11 rows=63228 width=4) (actual time=9.691..754.685 rows=62075 loops=1)
        Filter: (company_id = 6)
        Rows Removed by Filter: 2547054
  ->  Hash  (cost=73925.90..73925.90 rows=2295 width=4) (actual time=1014.998..1014.998 rows=3114 loops=1)
        Buckets: 4096  Batches: 1  Memory Usage: 142kB
        ->  Seq Scan on title t  (cost=0.00..73925.90 rows=2295 width=4) (actual time=0.041..1013.374 rows=3114 loops=1)
              Filter: ((kind_id = 4) AND (production_year = 1999))
              Rows Removed by Filter: 2525198
Planning time: 0.770 ms
Execution time: 1785.750 ms
