Nested Loop  (cost=0.43..83072.29 rows=217 width=0) (actual time=0.332..1080.114 rows=2257 loops=1)
  ->  Seq Scan on movie_keyword mk  (cost=0.00..81003.12 rows=246 width=4) (actual time=0.277..1023.054 rows=2295 loops=1)
        Filter: (keyword_id = 5300)
        Rows Removed by Filter: 4521635
  ->  Index Scan using title_pkey on title t  (cost=0.43..8.40 rows=1 width=4) (actual time=0.024..0.024 rows=1 loops=2295)
        Index Cond: (id = mk.movie_id)
        Filter: (production_year < 2012)
        Rows Removed by Filter: 0
Planning time: 0.747 ms
Execution time: 1080.910 ms
