Seq Scan on movie_companies mc  (cost=0.00..57926.93 rows=1551 width=0) (actual time=208.649..819.121 rows=295 loops=1)
  Filter: ((company_id = 292) AND (company_type_id = 2))
  Rows Removed by Filter: 2608834
Planning time: 1.090 ms
Execution time: 819.283 ms
