Hash Join  (cost=102767.86..284985.79 rows=3795742 width=0) (actual time=1837.759..6754.242 rows=3799422 loops=1)
  Hash Cond: (mk.movie_id = t.id)
  ->  Seq Scan on movie_keyword mk  (cost=0.00..81003.12 rows=3795742 width=4) (actual time=0.021..1885.765 rows=3799422 loops=1)
        Filter: (keyword_id > 643)
        Rows Removed by Filter: 724508
  ->  Hash  (cost=61283.27..61283.27 rows=2528527 width=4) (actual time=1833.732..1833.732 rows=2528312 loops=1)
        Buckets: 131072  Batches: 64  Memory Usage: 2425kB
        ->  Seq Scan on title t  (cost=0.00..61283.27 rows=2528527 width=4) (actual time=0.018..1000.423 rows=2528312 loops=1)
Planning time: 0.652 ms
Execution time: 7175.614 ms
