Seq Scan on title t  (cost=0.00..73925.90 rows=1518697 width=0) (actual time=0.016..1390.906 rows=1639682 loops=1)
  Filter: ((kind_id > 1) AND (production_year > 1971))
  Rows Removed by Filter: 888630
Planning time: 5.629 ms
Execution time: 1594.831 ms
