Seq Scan on movie_companies mc  (cost=0.00..51404.11 rows=1062829 width=0) (actual time=0.010..897.840 rows=1073408 loops=1)
  Filter: (company_id > 14489)
  Rows Removed by Filter: 1535721
Planning time: 0.321 ms
Execution time: 1030.774 ms
