Hash Join  (cost=92883.59..204340.81 rows=787526 width=0) (actual time=1808.711..4030.514 rows=205636 loops=1)
  Hash Cond: (mk.movie_id = t.id)
  ->  Seq Scan on movie_keyword mk  (cost=0.00..81003.12 rows=1292368 width=4) (actual time=0.030..1373.872 rows=1303799 loops=1)
        Filter: (keyword_id > 13490)
        Rows Removed by Filter: 3220131
  ->  Hash  (cost=67604.59..67604.59 rows=1540800 width=4) (actual time=1783.827..1783.827 rows=1543264 loops=1)
        Buckets: 131072  Batches: 32  Memory Usage: 2728kB
        ->  Seq Scan on title t  (cost=0.00..67604.59 rows=1540800 width=4) (actual time=0.017..1280.102 rows=1543264 loops=1)
              Filter: (kind_id = 7)
              Rows Removed by Filter: 985048
Planning time: 0.774 ms
Execution time: 4055.465 ms
