Hash Join  (cost=73929.13..884430.51 rows=393 width=0) (actual time=1152.095..15603.175 rows=5981 loops=1)
  Hash Cond: (ci.movie_id = t.id)
  ->  Seq Scan on cast_info ci  (cost=0.00..796071.18 rows=3847005 width=4) (actual time=0.139..13303.254 rows=6820000 loops=1)
        Filter: ((person_id > 2162863) AND (role_id > 4))
        Rows Removed by Filter: 29424344
  ->  Hash  (cost=73925.90..73925.90 rows=258 width=4) (actual time=1151.699..1151.699 rows=3378 loops=1)
        Buckets: 4096 (originally 1024)  Batches: 1 (originally 1)  Memory Usage: 151kB
        ->  Seq Scan on title t  (cost=0.00..73925.90 rows=258 width=4) (actual time=10.540..1149.965 rows=3378 loops=1)
              Filter: ((kind_id < 7) AND (production_year > 2013))
              Rows Removed by Filter: 2524934
Planning time: 0.743 ms
Execution time: 15604.974 ms
