Hash Join  (cost=140859.02..637099.05 rows=1540112 width=0) (actual time=3355.346..14887.903 rows=1210807 loops=1)
  Hash Cond: (mi.movie_id = t.id)
  ->  Seq Scan on movie_info mi  (cost=0.00..309384.22 rows=14739122 width=4) (actual time=0.013..5691.635 rows=14835720 loops=1)
  ->  Hash  (cost=136523.41..136523.41 rows=264209 width=8) (actual time=2956.397..2956.397 rows=141856 loops=1)
        Buckets: 131072  Batches: 4  Memory Usage: 2413kB
        ->  Hash Join  (cost=97703.22..136523.41 rows=264209 width=8) (actual time=1916.952..2908.606 rows=141856 loops=1)
              Hash Cond: (mi_idx.movie_id = t.id)
              ->  Seq Scan on movie_info_idx mi_idx  (cost=0.00..25185.44 rows=460978 width=4) (actual time=0.019..463.412 rows=459925 loops=1)
                    Filter: (info_type_id = 99)
                    Rows Removed by Filter: 920110
              ->  Hash  (cost=73925.90..73925.90 rows=1449225 width=4) (actual time=1915.679..1915.679 rows=1478438 loops=1)
                    Buckets: 131072  Batches: 32  Memory Usage: 2651kB
                    ->  Seq Scan on title t  (cost=0.00..73925.90 rows=1449225 width=4) (actual time=303.190..1449.596 rows=1478438 loops=1)
                          Filter: ((production_year > 1918) AND (kind_id = 7))
                          Rows Removed by Filter: 1049874
Planning time: 2.489 ms
Execution time: 15037.762 ms
