Hash Join  (cost=69002.72..136338.94 rows=44173 width=0) (actual time=1108.198..2596.790 rows=35955 loops=1)
  Hash Cond: (mc.movie_id = t.id)
  ->  Seq Scan on movie_companies mc  (cost=0.00..51404.11 rows=1310766 width=4) (actual time=0.028..991.086 rows=1299948 loops=1)
        Filter: (company_id < 11299)
        Rows Removed by Filter: 1309181
  ->  Hash  (cost=67604.59..67604.59 rows=85211 width=4) (actual time=1107.394..1107.394 rows=84593 loops=1)
        Buckets: 131072  Batches: 2  Memory Usage: 2518kB
        ->  Seq Scan on title t  (cost=0.00..67604.59 rows=85211 width=4) (actual time=0.037..1072.653 rows=84593 loops=1)
              Filter: (production_year = 2004)
              Rows Removed by Filter: 2443719
Planning time: 7.775 ms
Execution time: 2602.456 ms
