Hash Join  (cost=167876.85..310728.38 rows=1711249 width=0) (actual time=4184.933..9452.560 rows=6114564 loops=1)
  Hash Cond: (mk.movie_id = t.id)
  ->  Seq Scan on movie_keyword mk  (cost=0.00..69693.30 rows=4523930 width=4) (actual time=0.010..1657.892 rows=4523930 loops=1)
  ->  Hash  (cost=152184.15..152184.15 rows=956456 width=8) (actual time=4172.410..4172.410 rows=910578 loops=1)
        Buckets: 131072  Batches: 16  Memory Usage: 3263kB
        ->  Hash Join  (cost=96356.06..152184.15 rows=956456 width=8) (actual time=2271.211..3913.364 rows=910578 loops=1)
              Hash Cond: (mi_idx.movie_id = t.id)
              ->  Seq Scan on movie_info_idx mi_idx  (cost=0.00..21735.35 rows=1380035 width=4) (actual time=0.013..474.891 rows=1380035 loops=1)
              ->  Hash  (cost=67604.59..67604.59 rows=1752438 width=4) (actual time=2270.238..2270.238 rows=1749032 loops=1)
                    Buckets: 131072  Batches: 32  Memory Usage: 2950kB
                    ->  Seq Scan on title t  (cost=0.00..67604.59 rows=1752438 width=4) (actual time=0.026..1436.741 rows=1749032 loops=1)
                          Filter: (production_year > 1990)
                          Rows Removed by Filter: 779280
Planning time: 1.136 ms
Execution time: 10208.550 ms
