Hash Join  (cost=139597.14..1109407.41 rows=2672053 width=0) (actual time=3322.734..33737.191 rows=12967156 loops=1)
  Hash Cond: (ci.movie_id = t.id)
  ->  Seq Scan on cast_info ci  (cost=0.00..796071.18 rows=12532948 width=4) (actual time=0.026..16668.274 rows=17007617 loops=1)
        Filter: ((person_id < 2299087) AND (role_id < 3))
        Rows Removed by Filter: 19236727
  ->  Hash  (cost=130752.54..130752.54 rows=539088 width=8) (actual time=3321.873..3321.873 rows=954317 loops=1)
        Buckets: 131072 (originally 131072)  Batches: 16 (originally 8)  Memory Usage: 3354kB
        ->  Hash Join  (cost=83810.17..130752.54 rows=539088 width=8) (actual time=1551.044..3058.896 rows=954317 loops=1)
              Hash Cond: (mi_idx.movie_id = t.id)
              ->  Seq Scan on movie_info_idx mi_idx  (cost=0.00..21735.35 rows=1380035 width=4) (actual time=0.014..457.243 rows=1380035 loops=1)
              ->  Hash  (cost=67604.59..67604.59 rows=987727 width=4) (actual time=1549.206..1549.206 rows=985048 loops=1)
                    Buckets: 131072  Batches: 16  Memory Usage: 3188kB
                    ->  Seq Scan on title t  (cost=0.00..67604.59 rows=987727 width=4) (actual time=0.025..1236.091 rows=985048 loops=1)
                          Filter: (kind_id < 7)
                          Rows Removed by Filter: 1543264
Planning time: 1.164 ms
Execution time: 35141.626 ms
