Nested Loop  (cost=0.43..799160.92 rows=97 width=0) (actual time=9955.050..14869.796 rows=22 loops=1)
  ->  Seq Scan on cast_info ci  (cost=0.00..796071.18 rows=369 width=4) (actual time=9954.855..14861.465 rows=260 loops=1)
        Filter: ((role_id < 5) AND (person_id = 2362729))
        Rows Removed by Filter: 36244084
  ->  Index Scan using title_pkey on title t  (cost=0.43..8.36 rows=1 width=4) (actual time=0.031..0.031 rows=0 loops=260)
        Index Cond: (id = ci.movie_id)
        Filter: (kind_id = 1)
        Rows Removed by Filter: 1
Planning time: 0.754 ms
Execution time: 14869.947 ms
