Hash Join  (cost=242908.37..1146492.87 rows=3020589 width=0) (actual time=9468.261..21651.671 rows=3385240 loops=1)
  Hash Cond: (ci.movie_id = t.id)
  ->  Seq Scan on cast_info ci  (cost=0.00..796071.18 rows=6274783 width=4) (actual time=3145.019..11991.242 rows=4200889 loops=1)
        Filter: ((person_id > 2942249) AND (role_id < 10))
        Rows Removed by Filter: 32043455
  ->  Hash  (cost=222938.42..222938.42 rows=1217196 width=8) (actual time=6322.353..6322.353 rows=1223469 loops=1)
        Buckets: 131072  Batches: 16  Memory Usage: 4049kB
        ->  Hash Join  (cost=102767.86..222938.42 rows=1217196 width=8) (actual time=2158.787..5981.062 rows=1223469 loops=1)
              Hash Cond: (mk.movie_id = t.id)
              ->  Seq Scan on movie_keyword mk  (cost=0.00..81003.12 rows=1217196 width=4) (actual time=0.027..2467.647 rows=1223469 loops=1)
                    Filter: (keyword_id < 1548)
                    Rows Removed by Filter: 3300461
              ->  Hash  (cost=61283.27..61283.27 rows=2528527 width=4) (actual time=2157.971..2157.971 rows=2528312 loops=1)
                    Buckets: 131072  Batches: 64  Memory Usage: 2425kB
                    ->  Seq Scan on title t  (cost=0.00..61283.27 rows=2528527 width=4) (actual time=0.017..1251.997 rows=2528312 loops=1)
Planning time: 1.202 ms
Execution time: 22022.738 ms
