Seq Scan on movie_companies mc  (cost=0.00..51404.11 rows=456604 width=0) (actual time=0.033..841.928 rows=451787 loops=1)
  Filter: (company_id < 376)
  Rows Removed by Filter: 2157342
Planning time: 0.323 ms
Execution time: 897.944 ms
