Hash Join  (cost=115000.72..202671.64 rows=101288 width=0) (actual time=2285.532..4152.462 rows=334406 loops=1)
  Hash Cond: (mk.movie_id = t.id)
  ->  Seq Scan on movie_keyword mk  (cost=0.00..69693.30 rows=4523930 width=4) (actual time=0.024..1018.755 rows=4523930 loops=1)
  ->  Hash  (cost=114293.07..114293.07 rows=56612 width=8) (actual time=2207.648..2207.648 rows=52590 loops=1)
        Buckets: 65536  Batches: 1  Memory Usage: 2567kB
        ->  Hash Join  (cost=75628.47..114293.07 rows=56612 width=8) (actual time=1360.300..2190.357 rows=52590 loops=1)
              Hash Cond: (mi_idx.movie_id = t.id)
              ->  Seq Scan on movie_info_idx mi_idx  (cost=0.00..21735.35 rows=1380035 width=4) (actual time=0.007..488.525 rows=1380035 loops=1)
              ->  Hash  (cost=73925.90..73925.90 rows=103725 width=4) (actual time=1237.328..1237.328 rows=98992 loops=1)
                    Buckets: 131072  Batches: 2  Memory Usage: 2760kB
                    ->  Seq Scan on title t  (cost=0.00..73925.90 rows=103725 width=4) (actual time=265.374..1201.362 rows=98992 loops=1)
                          Filter: ((production_year > 2010) AND (kind_id = 1))
                          Rows Removed by Filter: 2429320
Planning time: 1.955 ms
Execution time: 4194.237 ms
