Seq Scan on title t  (cost=0.00..73925.90 rows=2905 width=0) (actual time=0.594..1225.651 rows=9408 loops=1)
  Filter: ((kind_id < 7) AND (production_year = 1990))
  Rows Removed by Filter: 2518904
Planning time: 0.382 ms
Execution time: 1227.812 ms
