Hash Join  (cost=542808.31..1978114.66 rows=28167912 width=0) (actual time=10505.421..53729.146 rows=36641231 loops=1)
  Hash Cond: (ci.movie_id = t.id)
  ->  Seq Scan on cast_info ci  (cost=0.00..705507.15 rows=34342816 width=4) (actual time=0.014..16778.541 rows=34427723 loops=1)
        Filter: (person_id > 179965)
        Rows Removed by Filter: 1816621
  ->  Hash  (cost=508782.64..508782.64 rows=2073893 width=8) (actual time=10504.365..10504.365 rows=2091068 loops=1)
        Buckets: 131072  Batches: 32  Memory Usage: 3553kB
        ->  Hash Join  (cost=102767.86..508782.64 rows=2073893 width=8) (actual time=5193.197..9987.212 rows=2091068 loops=1)
              Hash Cond: (mi.movie_id = t.id)
              ->  Seq Scan on movie_info mi  (cost=0.00..346232.03 rows=2073893 width=4) (actual time=3152.638..5818.319 rows=2091068 loops=1)
                    Filter: (info_type_id < 3)
                    Rows Removed by Filter: 12744652
              ->  Hash  (cost=61283.27..61283.27 rows=2528527 width=4) (actual time=2039.094..2039.094 rows=2528312 loops=1)
                    Buckets: 131072  Batches: 64  Memory Usage: 2425kB
                    ->  Seq Scan on title t  (cost=0.00..61283.27 rows=2528527 width=4) (actual time=0.026..1168.149 rows=2528312 loops=1)
Planning time: 1.377 ms
Execution time: 57357.112 ms
