Seq Scan on movie_keyword mk  (cost=0.00..81003.12 rows=874751 width=0) (actual time=0.025..1370.377 rows=882098 loops=1)
  Filter: (keyword_id < 834)
  Rows Removed by Filter: 3641832
Planning time: 0.322 ms
Execution time: 1481.343 ms
