Hash Join  (cost=111895.66..199054.54 rows=50084 width=0) (actual time=2838.729..3893.463 rows=40090 loops=1)
  Hash Cond: (mk.movie_id = t.id)
  ->  Seq Scan on movie_keyword mk  (cost=0.00..69693.30 rows=4523930 width=4) (actual time=0.025..1083.394 rows=4523930 loops=1)
  ->  Hash  (cost=111545.75..111545.75 rows=27993 width=8) (actual time=1978.951..1978.951 rows=12658 loops=1)
        Buckets: 32768  Batches: 1  Memory Usage: 751kB
        ->  Hash Join  (cost=75195.76..111545.75 rows=27993 width=8) (actual time=1520.307..1969.973 rows=12658 loops=1)
              Hash Cond: (mi_idx.movie_id = t.id)
              ->  Seq Scan on movie_info_idx mi_idx  (cost=0.00..25185.44 rows=915101 width=4) (actual time=0.015..435.878 rows=919850 loops=1)
                    Filter: (info_type_id < 101)
                    Rows Removed by Filter: 460185
              ->  Hash  (cost=73925.90..73925.90 rows=77348 width=4) (actual time=1233.312..1233.312 rows=84109 loops=1)
                    Buckets: 131072  Batches: 2  Memory Usage: 2509kB
                    ->  Seq Scan on title t  (cost=0.00..73925.90 rows=77348 width=4) (actual time=152.261..1197.756 rows=84109 loops=1)
                          Filter: ((kind_id = 7) AND (production_year = 2008))
                          Rows Removed by Filter: 2444203
Planning time: 1.157 ms
Execution time: 3898.932 ms
