Nested Loop  (cost=0.43..83071.67 rows=246 width=0) (actual time=85.631..1209.967 rows=14 loops=1)
  ->  Seq Scan on movie_keyword mk  (cost=0.00..81003.12 rows=246 width=4) (actual time=85.543..1209.285 rows=14 loops=1)
        Filter: (keyword_id = 12184)
        Rows Removed by Filter: 4523916
  ->  Index Only Scan using title_pkey on title t  (cost=0.43..8.40 rows=1 width=4) (actual time=0.041..0.043 rows=1 loops=14)
        Index Cond: (id = mk.movie_id)
        Heap Fetches: 14
Planning time: 0.728 ms
Execution time: 1210.040 ms
