Seq Scan on cast_info ci  (cost=0.00..705507.15 rows=500 width=0) (actual time=954.037..10887.549 rows=124 loops=1)
  Filter: (person_id = 26655)
  Rows Removed by Filter: 36244220
Planning time: 0.373 ms
Execution time: 10887.644 ms
