Hash Join  (cost=553850.28..732381.67 rows=4175744 width=0) (actual time=10811.826..22034.650 rows=31770444 loops=1)
  Hash Cond: (mk.movie_id = t.id)
  ->  Seq Scan on movie_keyword mk  (cost=0.00..69693.30 rows=4523930 width=4) (actual time=0.030..1455.265 rows=4523930 loops=1)
  ->  Hash  (cost=515559.30..515559.30 rows=2333918 width=8) (actual time=10810.668..10810.668 rows=2422906 loops=1)
        Buckets: 131072  Batches: 32  Memory Usage: 4070kB
        ->  Hash Join  (cost=99161.12..515559.30 rows=2333918 width=8) (actual time=3041.626..10162.517 rows=2422906 loops=1)
              Hash Cond: (mi.movie_id = t.id)
              ->  Seq Scan on movie_info mi  (cost=0.00..346232.03 rows=3068194 width=4) (actual time=1048.741..5699.147 rows=3036719 loops=1)
                    Filter: (info_type_id = 16)
                    Rows Removed by Filter: 11799001
              ->  Hash  (cost=67604.59..67604.59 rows=1923403 width=4) (actual time=1991.627..1991.627 rows=1922849 loops=1)
                    Buckets: 131072  Batches: 32  Memory Usage: 3141kB
                    ->  Seq Scan on title t  (cost=0.00..67604.59 rows=1923403 width=4) (actual time=0.025..1351.388 rows=1922849 loops=1)
                          Filter: (production_year < 2010)
                          Rows Removed by Filter: 605463
Planning time: 0.954 ms
Execution time: 25679.758 ms
