Seq Scan on movie_keyword mk  (cost=0.00..81003.12 rows=72319 width=0) (actual time=0.019..1277.975 rows=75008 loops=1)
  Filter: (keyword_id < 70)
  Rows Removed by Filter: 4448922
Planning time: 0.251 ms
Execution time: 1289.272 ms
