Seq Scan on movie_keyword mk  (cost=0.00..81003.12 rows=797685 width=0) (actual time=0.021..1377.022 rows=801180 loops=1)
  Filter: (keyword_id > 23092)
  Rows Removed by Filter: 3722750
Planning time: 0.355 ms
Execution time: 1483.536 ms
