Hash Join  (cost=285209.08..1697271.45 rows=32413919 width=0) (actual time=6276.881..62619.548 rows=109838709 loops=1)
  Hash Cond: (ci.movie_id = t.id)
  ->  Seq Scan on cast_info ci  (cost=0.00..614943.12 rows=36225612 width=4) (actual time=0.019..13409.103 rows=36244344 loops=1)
  ->  Hash  (cost=248090.17..248090.17 rows=2262473 width=8) (actual time=6275.705..6275.705 rows=2258712 loops=1)
        Buckets: 131072  Batches: 32  Memory Usage: 3763kB
        ->  Hash Join  (cost=102767.86..248090.17 rows=2262473 width=8) (actual time=2016.718..5691.115 rows=2258712 loops=1)
              Hash Cond: (mk.movie_id = t.id)
              ->  Seq Scan on movie_keyword mk  (cost=0.00..81003.12 rows=2262473 width=4) (actual time=0.027..1702.705 rows=2258712 loops=1)
                    Filter: (keyword_id > 4720)
                    Rows Removed by Filter: 2265218
              ->  Hash  (cost=61283.27..61283.27 rows=2528527 width=4) (actual time=2011.200..2011.200 rows=2528312 loops=1)
                    Buckets: 131072  Batches: 64  Memory Usage: 2425kB
                    ->  Seq Scan on title t  (cost=0.00..61283.27 rows=2528527 width=4) (actual time=0.023..1130.801 rows=2528312 loops=1)
Planning time: 0.767 ms
Execution time: 74535.024 ms
