Hash Join  (cost=519685.76..1313310.12 rows=2666467 width=0) (actual time=10252.051..33400.888 rows=34086089 loops=1)
  Hash Cond: (ci.movie_id = t.id)
  ->  Seq Scan on cast_info ci  (cost=0.00..705507.15 rows=4320508 width=4) (actual time=937.232..12905.785 rows=4323018 loops=1)
        Filter: (role_id = 10)
        Rows Removed by Filter: 31921326
  ->  Hash  (cost=494083.27..494083.27 rows=1560519 width=8) (actual time=9313.129..9313.129 rows=1504958 loops=1)
        Buckets: 131072  Batches: 32  Memory Usage: 2770kB
        ->  Hash Join  (cost=97102.97..494083.27 rows=1560519 width=8) (actual time=3094.452..8938.728 rows=1504958 loops=1)
              Hash Cond: (mi.movie_id = t.id)
              ->  Seq Scan on movie_info mi  (cost=0.00..346232.03 rows=2194617 width=4) (actual time=948.941..5031.848 rows=2233850 loops=1)
                    Filter: (info_type_id > 16)
                    Rows Removed by Filter: 12601870
              ->  Hash  (cost=67604.59..67604.59 rows=1797951 width=4) (actual time=2123.311..2123.311 rows=1793384 loops=1)
                    Buckets: 131072  Batches: 32  Memory Usage: 3007kB
                    ->  Seq Scan on title t  (cost=0.00..67604.59 rows=1797951 width=4) (actual time=0.026..1169.486 rows=1793384 loops=1)
                          Filter: (production_year > 1988)
                          Rows Removed by Filter: 734928
Planning time: 8.733 ms
Execution time: 37220.157 ms
