Hash Join  (cost=83074.74..141975.31 rows=25 width=0) (actual time=1470.368..2130.536 rows=29 loops=1)
  Hash Cond: (mc.movie_id = t.id)
  ->  Seq Scan on movie_companies mc  (cost=0.00..57926.93 rows=259569 width=4) (actual time=144.715..819.746 rows=136430 loops=1)
        Filter: ((company_id < 461) AND (company_type_id = 2))
        Rows Removed by Filter: 2472699
  ->  Hash  (cost=83071.67..83071.67 rows=246 width=8) (actual time=1289.227..1289.227 rows=654 loops=1)
        Buckets: 1024  Batches: 1  Memory Usage: 34kB
        ->  Nested Loop  (cost=0.43..83071.67 rows=246 width=8) (actual time=1.033..1288.662 rows=654 loops=1)
              ->  Seq Scan on movie_keyword mk  (cost=0.00..81003.12 rows=246 width=4) (actual time=0.976..1259.465 rows=654 loops=1)
                    Filter: (keyword_id = 17536)
                    Rows Removed by Filter: 4523276
              ->  Index Only Scan using title_pkey on title t  (cost=0.43..8.40 rows=1 width=4) (actual time=0.042..0.043 rows=1 loops=654)
                    Index Cond: (id = mk.movie_id)
                    Heap Fetches: 654
Planning time: 1.174 ms
Execution time: 2130.654 ms
