Hash Join  (cost=161102.17..538922.86 rows=43310 width=0) (actual time=4380.577..9254.711 rows=8074 loops=1)
  Hash Cond: (mi.movie_id = t.id)
  ->  Seq Scan on movie_info mi  (cost=0.00..346232.03 rows=6231111 width=4) (actual time=620.596..5534.368 rows=6223494 loops=1)
        Filter: (info_type_id > 8)
        Rows Removed by Filter: 8612226
  ->  Hash  (cost=160882.48..160882.48 rows=17575 width=8) (actual time=2730.457..2730.457 rows=3047 loops=1)
        Buckets: 32768  Batches: 1  Memory Usage: 376kB
        ->  Hash Join  (cost=74048.69..160882.48 rows=17575 width=8) (actual time=1114.725..2728.916 rows=3047 loops=1)
              Hash Cond: (mk.movie_id = t.id)
              ->  Seq Scan on movie_keyword mk  (cost=0.00..69693.30 rows=4523930 width=4) (actual time=0.036..955.072 rows=4523930 loops=1)
              ->  Hash  (cost=73925.90..73925.90 rows=9823 width=4) (actual time=968.540..968.540 rows=2689 loops=1)
                    Buckets: 16384  Batches: 1  Memory Usage: 223kB
                    ->  Seq Scan on title t  (cost=0.00..73925.90 rows=9823 width=4) (actual time=161.313..967.090 rows=2689 loops=1)
                          Filter: ((production_year < 1960) AND (kind_id = 3))
                          Rows Removed by Filter: 2525623
Planning time: 1.182 ms
Execution time: 9256.173 ms
