Hash Join  (cost=101277.57..187119.75 rows=4909 width=0) (actual time=1739.768..3257.917 rows=14454 loops=1)
  Hash Cond: (mk.movie_id = t.id)
  ->  Seq Scan on movie_keyword mk  (cost=0.00..81003.12 rows=1277325 width=4) (actual time=0.019..1299.608 rows=1289891 loops=1)
        Filter: (keyword_id < 1669)
        Rows Removed by Filter: 3234039
  ->  Hash  (cost=101156.11..101156.11 rows=9717 width=8) (actual time=1736.230..1736.230 rows=10863 loops=1)
        Buckets: 16384  Batches: 1  Memory Usage: 553kB
        ->  Hash Join  (cost=74148.46..101156.11 rows=9717 width=8) (actual time=1233.562..1732.278 rows=10863 loops=1)
              Hash Cond: (mi_idx.movie_id = t.id)
              ->  Seq Scan on movie_info_idx mi_idx  (cost=0.00..21735.35 rows=1380035 width=4) (actual time=0.018..319.605 rows=1380035 loops=1)
              ->  Hash  (cost=73925.90..73925.90 rows=17804 width=4) (actual time=1094.171..1094.171 rows=16608 loops=1)
                    Buckets: 32768  Batches: 1  Memory Usage: 840kB
                    ->  Seq Scan on title t  (cost=0.00..73925.90 rows=17804 width=4) (actual time=562.097..1087.338 rows=16608 loops=1)
                          Filter: ((production_year < 1975) AND (kind_id = 3))
                          Rows Removed by Filter: 2511704
Planning time: 1.207 ms
Execution time: 3260.036 ms
