Hash Join  (cost=228402.01..780121.69 rows=5012987 width=0) (actual time=7235.734..51345.308 rows=146148409 loops=1)
  Hash Cond: (mi.movie_id = t.id)
  ->  Seq Scan on movie_info mi  (cost=0.00..309384.22 rows=14739122 width=4) (actual time=0.014..6260.703 rows=14835720 loops=1)
  ->  Hash  (cost=214292.16..214292.16 rows=859988 width=8) (actual time=6992.427..6992.427 rows=1565515 loops=1)
        Buckets: 131072 (originally 131072)  Batches: 32 (originally 16)  Memory Usage: 3073kB
        ->  Hash Join  (cost=81812.24..214292.16 rows=859988 width=8) (actual time=2312.704..6515.151 rows=1565515 loops=1)
              Hash Cond: (mk.movie_id = t.id)
              ->  Seq Scan on movie_keyword mk  (cost=0.00..69693.30 rows=4523930 width=4) (actual time=0.018..1367.203 rows=4523930 loops=1)
              ->  Hash  (cost=73925.90..73925.90 rows=480667 width=4) (actual time=2275.567..2275.567 rows=350545 loops=1)
                    Buckets: 131072  Batches: 8  Memory Usage: 2580kB
                    ->  Seq Scan on title t  (cost=0.00..73925.90 rows=480667 width=4) (actual time=37.071..1360.733 rows=350545 loops=1)
                          Filter: ((production_year > 1987) AND (kind_id = 1))
                          Rows Removed by Filter: 2177767
Planning time: 1.201 ms
Execution time: 66846.341 ms
