Hash Join  (cost=565239.49..1913233.73 rows=8545096 width=0) (actual time=12839.765..47318.021 rows=21190295 loops=1)
  Hash Cond: (ci.movie_id = t.id)
  ->  Seq Scan on cast_info ci  (cost=0.00..614943.12 rows=36225612 width=4) (actual time=0.017..12792.613 rows=36244344 loops=1)
  ->  Hash  (cost=555453.96..555453.96 rows=596443 width=8) (actual time=12838.642..12838.642 rows=803708 loops=1)
        Buckets: 131072 (originally 131072)  Batches: 16 (originally 8)  Memory Usage: 3073kB
        ->  Hash Join  (cost=69283.60..555453.96 rows=596443 width=8) (actual time=995.882..12410.098 rows=803708 loops=1)
              Hash Cond: (mi.movie_id = t.id)
              ->  Seq Scan on movie_info mi  (cost=0.00..309384.22 rows=14739122 width=4) (actual time=0.021..5474.173 rows=14835720 loops=1)
              ->  Hash  (cost=67604.59..67604.59 rows=102321 width=4) (actual time=995.087..995.087 rows=100537 loops=1)
                    Buckets: 131072  Batches: 2  Memory Usage: 2803kB
                    ->  Seq Scan on title t  (cost=0.00..67604.59 rows=102321 width=4) (actual time=0.033..959.582 rows=100537 loops=1)
                          Filter: (kind_id = 3)
                          Rows Removed by Filter: 2427775
Planning time: 1.210 ms
Execution time: 49432.271 ms
