Nested Loop  (cost=0.43..58375.31 rows=16 width=0) (actual time=753.631..880.670 rows=2 loops=1)
  ->  Seq Scan on movie_companies mc  (cost=0.00..57926.93 rows=53 width=4) (actual time=62.346..880.418 rows=5 loops=1)
        Filter: ((company_type_id > 1) AND (company_id = 9340))
        Rows Removed by Filter: 2609124
  ->  Index Scan using title_pkey on title t  (cost=0.43..8.45 rows=1 width=4) (actual time=0.043..0.044 rows=0 loops=5)
        Index Cond: (id = mc.movie_id)
        Filter: (kind_id < 3)
        Rows Removed by Filter: 1
Planning time: 0.801 ms
Execution time: 880.772 ms
