Seq Scan on movie_keyword mk  (cost=0.00..81003.12 rows=3584998 width=0) (actual time=0.018..1605.092 rows=3574941 loops=1)
  Filter: (keyword_id < 20004)
  Rows Removed by Filter: 948989
Planning time: 0.324 ms
Execution time: 2051.141 ms
