Hash Join  (cost=102767.86..230816.55 rows=1544589 width=0) (actual time=1949.100..5106.575 rows=1553480 loops=1)
  Hash Cond: (mk.movie_id = t.id)
  ->  Seq Scan on movie_keyword mk  (cost=0.00..81003.12 rows=1544589 width=4) (actual time=0.013..1610.110 rows=1553480 loops=1)
        Filter: (keyword_id < 2298)
        Rows Removed by Filter: 2970450
  ->  Hash  (cost=61283.27..61283.27 rows=2528527 width=4) (actual time=1948.068..1948.068 rows=2528312 loops=1)
        Buckets: 131072  Batches: 64  Memory Usage: 2425kB
        ->  Seq Scan on title t  (cost=0.00..61283.27 rows=2528527 width=4) (actual time=0.017..1075.883 rows=2528312 loops=1)
Planning time: 0.791 ms
Execution time: 5277.905 ms
