Hash Join  (cost=262479.95..851932.89 rows=8549309 width=0) (actual time=6210.068..19472.536 rows=3420807 loops=1)
  Hash Cond: (mi.movie_id = t.id)
  ->  Seq Scan on movie_info mi  (cost=0.00..309384.22 rows=14739122 width=4) (actual time=0.023..6150.086 rows=14835720 loops=1)
  ->  Hash  (cost=238416.80..238416.80 rows=1466652 width=8) (actual time=5747.148..5747.148 rows=326301 loops=1)
        Buckets: 131072  Batches: 32  Memory Usage: 1412kB
        ->  Hash Join  (cost=87428.23..238416.80 rows=1466652 width=8) (actual time=2416.562..5655.100 rows=326301 loops=1)
              Hash Cond: (mk.movie_id = t.id)
              ->  Seq Scan on movie_keyword mk  (cost=0.00..81003.12 rows=4506114 width=4) (actual time=0.016..1880.475 rows=4509209 loops=1)
                    Filter: (keyword_id < 121364)
                    Rows Removed by Filter: 14721
              ->  Hash  (cost=73925.90..73925.90 rows=822986 width=4) (actual time=1482.401..1482.401 rows=738761 loops=1)
                    Buckets: 131072  Batches: 16  Memory Usage: 2654kB
                    ->  Seq Scan on title t  (cost=0.00..73925.90 rows=822986 width=4) (actual time=0.022..1247.589 rows=738761 loops=1)
                          Filter: ((production_year < 2005) AND (kind_id = 7))
                          Rows Removed by Filter: 1789551
Planning time: 1.117 ms
Execution time: 19846.552 ms
