Hash Join  (cost=68438.72..878221.71 rows=90154 width=0) (actual time=5582.987..16036.183 rows=37009 loops=1)
  Hash Cond: (ci.movie_id = t.id)
  ->  Seq Scan on cast_info ci  (cost=0.00..796071.18 rows=3416072 width=4) (actual time=4553.673..14564.147 rows=1418818 loops=1)
        Filter: ((person_id < 2912676) AND (role_id = 10))
        Rows Removed by Filter: 34825526
  ->  Hash  (cost=67604.59..67604.59 rows=66731 width=4) (actual time=1028.555..1028.555 rows=67342 loops=1)
        Buckets: 131072  Batches: 1  Memory Usage: 3392kB
        ->  Seq Scan on title t  (cost=0.00..67604.59 rows=66731 width=4) (actual time=0.029..1000.786 rows=67342 loops=1)
              Filter: (production_year > 2012)
              Rows Removed by Filter: 2460970
Planning time: 0.526 ms
Execution time: 16042.377 ms
