Hash Join  (cost=102767.86..204948.78 rows=469526 width=0) (actual time=2299.265..4537.024 rows=466740 loops=1)
  Hash Cond: (mk.movie_id = t.id)
  ->  Seq Scan on movie_keyword mk  (cost=0.00..81003.12 rows=469526 width=4) (actual time=0.019..1448.188 rows=466740 loops=1)
        Filter: (keyword_id > 38156)
        Rows Removed by Filter: 4057190
  ->  Hash  (cost=61283.27..61283.27 rows=2528527 width=4) (actual time=2297.883..2297.883 rows=2528312 loops=1)
        Buckets: 131072  Batches: 64  Memory Usage: 2425kB
        ->  Seq Scan on title t  (cost=0.00..61283.27 rows=2528527 width=4) (actual time=0.011..843.924 rows=2528312 loops=1)
Planning time: 0.692 ms
Execution time: 4595.356 ms
