Seq Scan on movie_companies mc  (cost=0.00..57926.93 rows=674445 width=0) (actual time=0.025..1020.255 rows=917994 loops=1)
  Filter: ((company_id > 11207) AND (company_type_id = 2))
  Rows Removed by Filter: 1691135
Planning time: 0.407 ms
Execution time: 1135.803 ms
