Seq Scan on movie_keyword mk  (cost=0.00..81003.12 rows=3062231 width=0) (actual time=0.019..1450.163 rows=3042808 loops=1)
  Filter: (keyword_id > 2112)
  Rows Removed by Filter: 1481122
Planning time: 0.234 ms
Execution time: 1824.137 ms
