Hash Join  (cost=178236.63..1239907.67 rows=2712787 width=0) (actual time=4001.289..37498.536 rows=9470688 loops=1)
  Hash Cond: (ci.movie_id = t.id)
  ->  Seq Scan on cast_info ci  (cost=0.00..614943.12 rows=36225612 width=4) (actual time=0.013..13410.362 rows=36244344 loops=1)
  ->  Hash  (cost=175129.75..175129.75 rows=189351 width=8) (actual time=4000.498..4000.498 rows=375753 loops=1)
        Buckets: 131072 (originally 131072)  Batches: 8 (originally 4)  Memory Usage: 3073kB
        ->  Hash Join  (cost=102767.86..175129.75 rows=189351 width=8) (actual time=1942.904..3884.951 rows=375753 loops=1)
              Hash Cond: (mc.movie_id = t.id)
              ->  Seq Scan on movie_companies mc  (cost=0.00..57926.93 rows=189351 width=4) (actual time=0.010..983.144 rows=375753 loops=1)
                    Filter: ((company_id > 84946) AND (company_type_id = 2))
                    Rows Removed by Filter: 2233376
              ->  Hash  (cost=61283.27..61283.27 rows=2528527 width=4) (actual time=1940.925..1940.925 rows=2528312 loops=1)
                    Buckets: 131072  Batches: 64  Memory Usage: 2415kB
                    ->  Seq Scan on title t  (cost=0.00..61283.27 rows=2528527 width=4) (actual time=0.013..1110.955 rows=2528312 loops=1)
Planning time: 0.761 ms
Execution time: 38636.754 ms
