Seq Scan on title t  (cost=0.00..73925.90 rows=8149 width=0) (actual time=0.018..1046.747 rows=18378 loops=1)
  Filter: ((kind_id < 7) AND (production_year < 1908))
  Rows Removed by Filter: 2509934
Planning time: 1.711 ms
Execution time: 1049.635 ms
