Hash Join  (cost=114640.51..179328.83 rows=24622 width=0) (actual time=2927.874..4254.037 rows=81914 loops=1)
  Hash Cond: (mc.movie_id = t.id)
  ->  Seq Scan on movie_companies mc  (cost=0.00..57926.93 rows=523243 width=4) (actual time=0.039..995.588 rows=832150 loops=1)
        Filter: ((company_id > 15365) AND (company_type_id > 1))
        Rows Removed by Filter: 1776979
  ->  Hash  (cost=112688.19..112688.19 rows=118986 width=8) (actual time=2927.015..2927.015 rows=84174 loops=1)
        Buckets: 131072  Batches: 2  Memory Usage: 2665kB
        ->  Hash Join  (cost=78473.92..112688.19 rows=118986 width=8) (actual time=2088.849..2899.573 rows=84174 loops=1)
              Hash Cond: (mi_idx.movie_id = t.id)
              ->  Seq Scan on movie_info_idx mi_idx  (cost=0.00..25185.44 rows=454124 width=4) (actual time=0.018..489.788 rows=459925 loops=1)
                    Filter: (info_type_id = 100)
                    Rows Removed by Filter: 920110
              ->  Hash  (cost=67604.59..67604.59 rows=662507 width=4) (actual time=2087.514..2087.514 rows=662065 loops=1)
                    Buckets: 131072  Batches: 16  Memory Usage: 2481kB
                    ->  Seq Scan on title t  (cost=0.00..67604.59 rows=662507 width=4) (actual time=0.021..1193.227 rows=662065 loops=1)
                          Filter: (production_year > 2008)
                          Rows Removed by Filter: 1866247
Planning time: 1.148 ms
Execution time: 4264.852 ms
