Nested Loop  (cost=0.43..150060.35 rows=7065 width=0) (actual time=0.116..1408.029 rows=7870 loops=1)
  ->  Seq Scan on movie_keyword mk  (cost=0.00..81003.12 rows=10707 width=4) (actual time=0.069..1182.713 rows=10307 loops=1)
        Filter: (keyword_id = 870)
        Rows Removed by Filter: 4513623
  ->  Index Scan using title_pkey on title t  (cost=0.43..6.44 rows=1 width=4) (actual time=0.021..0.021 rows=1 loops=10307)
        Index Cond: (id = mk.movie_id)
        Filter: (production_year < 2008)
        Rows Removed by Filter: 0
Planning time: 0.730 ms
Execution time: 1410.204 ms
