Hash Join  (cost=709676.70..805167.17 rows=281 width=0) (actual time=11289.590..12939.265 rows=1 loops=1)
  Hash Cond: (mk.movie_id = t.id)
  ->  Seq Scan on movie_keyword mk  (cost=0.00..81003.12 rows=3862543 width=4) (actual time=0.015..1654.374 rows=3863115 loops=1)
        Filter: (keyword_id > 508)
        Rows Removed by Filter: 660815
  ->  Hash  (cost=709674.40..709674.40 rows=184 width=8) (actual time=10764.823..10764.823 rows=15 loops=1)
        Buckets: 1024  Batches: 1  Memory Usage: 9kB
        ->  Nested Loop  (cost=0.43..709674.40 rows=184 width=8) (actual time=842.422..10764.803 rows=15 loops=1)
              ->  Seq Scan on cast_info ci  (cost=0.00..705507.15 rows=500 width=4) (actual time=842.266..10763.299 rows=68 loops=1)
                    Filter: (person_id = 141908)
                    Rows Removed by Filter: 36244276
              ->  Index Scan using title_pkey on title t  (cost=0.43..8.32 rows=1 width=4) (actual time=0.020..0.020 rows=0 loops=68)
                    Index Cond: (id = ci.movie_id)
                    Filter: ((kind_id > 1) AND (production_year < 2004))
                    Rows Removed by Filter: 1
Planning time: 1.284 ms
Execution time: 12939.415 ms
