Hash Join  (cost=94699.36..459591.89 rows=23660 width=0) (actual time=1534.337..7341.274 rows=58400 loops=1)
  Hash Cond: (mi.movie_id = t.id)
  ->  Seq Scan on movie_info mi  (cost=0.00..309384.22 rows=14739122 width=4) (actual time=0.021..3367.244 rows=14835720 loops=1)
  ->  Hash  (cost=94648.62..94648.62 rows=4059 width=8) (actual time=1534.102..1534.102 rows=2941 loops=1)
        Buckets: 4096  Batches: 1  Memory Usage: 147kB
        ->  Hash Join  (cost=67697.55..94648.62 rows=4059 width=8) (actual time=1186.138..1532.927 rows=2941 loops=1)
              Hash Cond: (mi_idx.movie_id = t.id)
              ->  Seq Scan on movie_info_idx mi_idx  (cost=0.00..21735.35 rows=1380035 width=4) (actual time=0.031..268.030 rows=1380035 loops=1)
              ->  Hash  (cost=67604.59..67604.59 rows=7437 width=4) (actual time=998.754..998.754 rows=2493 loops=1)
                    Buckets: 8192  Batches: 1  Memory Usage: 152kB
                    ->  Seq Scan on title t  (cost=0.00..67604.59 rows=7437 width=4) (actual time=0.125..997.472 rows=2493 loops=1)
                          Filter: (production_year = 1934)
                          Rows Removed by Filter: 2525819
Planning time: 1.250 ms
Execution time: 7348.864 ms
