Hash Join  (cost=75574.02..106666.18 rows=18306 width=0) (actual time=1250.059..1908.457 rows=7531 loops=1)
  Hash Cond: (mi_idx.movie_id = t.id)
  ->  Seq Scan on movie_info_idx mi_idx  (cost=0.00..25185.44 rows=460978 width=4) (actual time=0.018..502.182 rows=459925 loops=1)
        Filter: (info_type_id < 100)
        Rows Removed by Filter: 920110
  ->  Hash  (cost=73925.90..73925.90 rows=100409 width=4) (actual time=1211.011..1211.011 rows=110402 loops=1)
        Buckets: 131072  Batches: 2  Memory Usage: 2964kB
        ->  Seq Scan on title t  (cost=0.00..73925.90 rows=100409 width=4) (actual time=0.035..1169.789 rows=110402 loops=1)
              Filter: ((kind_id = 7) AND (production_year = 2012))
              Rows Removed by Filter: 2417910
Planning time: 0.687 ms
Execution time: 1909.783 ms
