Hash Join  (cost=74384.83..830433.93 rows=525993 width=0) (actual time=1197.567..26729.326 rows=1028555 loops=1)
  Hash Cond: (ci.movie_id = t.id)
  ->  Seq Scan on cast_info ci  (cost=0.00..614943.12 rows=36225612 width=4) (actual time=0.021..9769.689 rows=36244344 loops=1)
  ->  Hash  (cost=73925.90..73925.90 rows=36714 width=4) (actual time=1196.987..1196.987 rows=140784 loops=1)
        Buckets: 131072 (originally 65536)  Batches: 2 (originally 1)  Memory Usage: 3495kB
        ->  Seq Scan on title t  (cost=0.00..73925.90 rows=36714 width=4) (actual time=561.598..1139.122 rows=140784 loops=1)
              Filter: ((production_year < 1940) AND (kind_id = 1))
              Rows Removed by Filter: 2387528
Planning time: 0.773 ms
Execution time: 26852.982 ms
