Seq Scan on movie_keyword mk  (cost=0.00..81003.12 rows=246 width=0) (actual time=0.316..1210.643 rows=2039 loops=1)
  Filter: (keyword_id = 2484)
  Rows Removed by Filter: 4521891
Planning time: 0.380 ms
Execution time: 1211.275 ms
