Nested Loop  (cost=0.43..83072.29 rows=129 width=0) (actual time=253.962..1265.729 rows=9 loops=1)
  ->  Seq Scan on movie_keyword mk  (cost=0.00..81003.12 rows=246 width=4) (actual time=84.832..1264.029 rows=31 loops=1)
        Filter: (keyword_id = 50589)
        Rows Removed by Filter: 4523899
  ->  Index Scan using title_pkey on title t  (cost=0.43..8.40 rows=1 width=4) (actual time=0.051..0.051 rows=0 loops=31)
        Index Cond: (id = mk.movie_id)
        Filter: (production_year > 2001)
        Rows Removed by Filter: 1
Planning time: 0.772 ms
Execution time: 1265.855 ms
