Seq Scan on cast_info ci  (cost=0.00..705507.15 rows=500 width=0) (actual time=7833.641..10998.295 rows=6 loops=1)
  Filter: (person_id = 3415510)
  Rows Removed by Filter: 36244338
Planning time: 0.382 ms
Execution time: 10998.426 ms
