Seq Scan on cast_info ci  (cost=0.00..796071.18 rows=324 width=0) (actual time=6489.703..14096.110 rows=224 loops=1)
  Filter: ((role_id > 1) AND (person_id = 3001567))
  Rows Removed by Filter: 36244120
Planning time: 0.441 ms
Execution time: 14096.256 ms
