Hash Join  (cost=133734.11..263313.15 rows=621900 width=0) (actual time=3174.173..8461.317 rows=7529239 loops=1)
  Hash Cond: (mk.movie_id = t.id)
  ->  Seq Scan on movie_keyword mk  (cost=0.00..69693.30 rows=4523930 width=4) (actual time=0.023..1500.531 rows=4523930 loops=1)
  ->  Hash  (cost=128031.19..128031.19 rows=347594 width=8) (actual time=3173.265..3173.265 rows=617732 loops=1)
        Buckets: 131072  Batches: 8  Memory Usage: 4064kB
        ->  Hash Join  (cost=84374.77..128031.19 rows=347594 width=8) (actual time=1595.265..2982.417 rows=617732 loops=1)
              Hash Cond: (mi_idx.movie_id = t.id)
              ->  Seq Scan on movie_info_idx mi_idx  (cost=0.00..21735.35 rows=1380035 width=4) (actual time=0.021..492.244 rows=1380035 loops=1)
              ->  Hash  (cost=73925.90..73925.90 rows=636869 width=4) (actual time=1593.877..1593.877 rows=604590 loops=1)
                    Buckets: 131072  Batches: 16  Memory Usage: 2349kB
                    ->  Seq Scan on title t  (cost=0.00..73925.90 rows=636869 width=4) (actual time=0.027..1401.165 rows=604590 loops=1)
                          Filter: ((production_year > 1913) AND (kind_id = 1))
                          Rows Removed by Filter: 1923722
Planning time: 1.129 ms
Execution time: 9347.970 ms
