Hash Join  (cost=99161.12..1461321.73 rows=27556143 width=0) (actual time=1988.231..42243.757 rows=27622730 loops=1)
  Hash Cond: (ci.movie_id = t.id)
  ->  Seq Scan on cast_info ci  (cost=0.00..614943.12 rows=36225612 width=4) (actual time=0.023..13733.519 rows=36244344 loops=1)
  ->  Hash  (cost=67604.59..67604.59 rows=1923403 width=4) (actual time=1986.849..1986.849 rows=1922849 loops=1)
        Buckets: 131072  Batches: 32  Memory Usage: 3132kB
        ->  Seq Scan on title t  (cost=0.00..67604.59 rows=1923403 width=4) (actual time=0.021..1347.151 rows=1922849 loops=1)
              Filter: (production_year < 2010)
              Rows Removed by Filter: 605463
Planning time: 0.820 ms
Execution time: 45232.961 ms
