Hash Join  (cost=101124.38..461037.15 rows=9091 width=0) (actual time=3082.340..8313.473 rows=47281 loops=1)
  Hash Cond: (mi.movie_id = t.id)
  ->  Seq Scan on movie_info mi  (cost=0.00..346232.03 rows=3623957 width=4) (actual time=1314.655..5870.435 rows=3624977 loops=1)
        Filter: (info_type_id < 4)
        Rows Removed by Filter: 11210743
  ->  Hash  (cost=101045.09..101045.09 rows=6343 width=8) (actual time=1767.227..1767.227 rows=14217 loops=1)
        Buckets: 16384 (originally 8192)  Batches: 1 (originally 1)  Memory Usage: 684kB
        ->  Hash Join  (cost=74071.18..101045.09 rows=6343 width=8) (actual time=1073.514..1761.946 rows=14217 loops=1)
              Hash Cond: (mi_idx.movie_id = t.id)
              ->  Seq Scan on movie_info_idx mi_idx  (cost=0.00..21735.35 rows=1380035 width=4) (actual time=0.016..394.687 rows=1380035 loops=1)
              ->  Hash  (cost=73925.90..73925.90 rows=11622 width=4) (actual time=1073.343..1073.343 rows=11141 loops=1)
                    Buckets: 16384  Batches: 1  Memory Usage: 520kB
                    ->  Seq Scan on title t  (cost=0.00..73925.90 rows=11622 width=4) (actual time=0.032..1068.008 rows=11141 loops=1)
                          Filter: ((kind_id < 7) AND (production_year = 1994))
                          Rows Removed by Filter: 2517171
Planning time: 1.250 ms
Execution time: 8320.608 ms
