Hash Join  (cost=532116.97..1496816.14 rows=8921269 width=0) (actual time=11743.067..34996.873 rows=9026962 loops=1)
  Hash Cond: (ci.movie_id = t.id)
  ->  Seq Scan on cast_info ci  (cost=0.00..705507.15 rows=12726058 width=4) (actual time=1314.760..14963.861 rows=12670688 loops=1)
        Filter: (role_id = 1)
        Rows Removed by Filter: 23573656
  ->  Hash  (cost=503035.00..503035.00 rows=1772558 width=8) (actual time=10427.185..10427.185 rows=1641307 loops=1)
        Buckets: 131072  Batches: 32  Memory Usage: 3024kB
        ->  Hash Join  (cost=97892.67..503035.00 rows=1772558 width=8) (actual time=5693.710..9974.497 rows=1641307 loops=1)
              Hash Cond: (mi.movie_id = t.id)
              ->  Seq Scan on movie_info mi  (cost=0.00..346232.03 rows=3068194 width=4) (actual time=3807.902..5898.354 rows=3036719 loops=1)
                    Filter: (info_type_id = 16)
                    Rows Removed by Filter: 11799001
              ->  Hash  (cost=73925.90..73925.90 rows=1460781 width=4) (actual time=1884.236..1884.236 rows=1478439 loops=1)
                    Buckets: 131072  Batches: 32  Memory Usage: 2656kB
                    ->  Seq Scan on title t  (cost=0.00..73925.90 rows=1460781 width=4) (actual time=0.033..1413.020 rows=1478439 loops=1)
                          Filter: ((production_year > 1915) AND (kind_id = 7))
                          Rows Removed by Filter: 1049873
Planning time: 1.214 ms
Execution time: 36010.338 ms
