Seq Scan on movie_companies mc  (cost=0.00..51404.11 rows=1840039 width=0) (actual time=0.014..1004.133 rows=1834598 loops=1)
  Filter: (company_id < 33391)
  Rows Removed by Filter: 774531
Planning time: 0.246 ms
Execution time: 1230.264 ms
