Hash Join  (cost=832324.71..948437.45 rows=360911 width=0) (actual time=35240.897..41950.401 rows=1056320 loops=1)
  Hash Cond: (mk.movie_id = t.id)
  ->  Seq Scan on movie_keyword mk  (cost=0.00..81003.12 rows=2606001 width=4) (actual time=0.026..5034.109 rows=2587986 loops=1)
        Filter: (keyword_id > 3325)
        Rows Removed by Filter: 1935944
  ->  Hash  (cost=826579.45..826579.45 rows=350181 width=8) (actual time=35239.312..35239.312 rows=316118 loops=1)
        Buckets: 131072  Batches: 8  Memory Usage: 2577kB
        ->  Hash Join  (cost=102767.86..826579.45 rows=350181 width=8) (actual time=6278.189..35134.796 rows=316118 loops=1)
              Hash Cond: (ci.movie_id = t.id)
              ->  Seq Scan on cast_info ci  (cost=0.00..705507.15 rows=350181 width=4) (actual time=2994.254..31069.695 rows=316118 loops=1)
                    Filter: (role_id > 10)
                    Rows Removed by Filter: 35928226
              ->  Hash  (cost=61283.27..61283.27 rows=2528527 width=4) (actual time=3282.918..3282.918 rows=2528312 loops=1)
                    Buckets: 131072  Batches: 64  Memory Usage: 2415kB
                    ->  Seq Scan on title t  (cost=0.00..61283.27 rows=2528527 width=4) (actual time=0.017..2247.008 rows=2528312 loops=1)
Planning time: 4.677 ms
Execution time: 42102.016 ms
