Hash Join  (cost=120730.70..1175611.80 rows=2051797 width=0) (actual time=2358.583..27635.266 rows=1034868 loops=1)
  Hash Cond: (ci.movie_id = t.id)
  ->  Seq Scan on cast_info ci  (cost=0.00..614943.12 rows=36225612 width=4) (actual time=0.013..13059.992 rows=36244344 loops=1)
  ->  Hash  (cost=118380.53..118380.53 rows=143214 width=8) (actual time=2357.000..2357.000 rows=53958 loops=1)
        Buckets: 131072  Batches: 2  Memory Usage: 2088kB
        ->  Hash Join  (cost=78230.90..118380.53 rows=143214 width=8) (actual time=1360.651..2340.864 rows=53958 loops=1)
              Hash Cond: (mi_idx.movie_id = t.id)
              ->  Seq Scan on movie_info_idx mi_idx  (cost=0.00..21735.35 rows=1380035 width=4) (actual time=0.015..450.647 rows=1380035 loops=1)
              ->  Hash  (cost=73925.90..73925.90 rows=262400 width=4) (actual time=1359.446..1359.446 rows=129927 loops=1)
                    Buckets: 131072  Batches: 4  Memory Usage: 2165kB
                    ->  Seq Scan on title t  (cost=0.00..73925.90 rows=262400 width=4) (actual time=0.023..1312.344 rows=129927 loops=1)
                          Filter: ((kind_id > 1) AND (production_year < 1969))
                          Rows Removed by Filter: 2398385
Planning time: 1.188 ms
Execution time: 27758.877 ms
