Seq Scan on movie_keyword mk  (cost=0.00..81003.12 rows=4383777 width=0) (actual time=0.019..1561.922 rows=4385901 loops=1)
  Filter: (keyword_id < 75292)
  Rows Removed by Filter: 138029
Planning time: 0.329 ms
Execution time: 2094.975 ms
