Hash Join  (cost=96021.49..134137.70 rows=241880 width=0) (actual time=2605.734..3539.651 rows=180553 loops=1)
  Hash Cond: (mi_idx.movie_id = t.id)
  ->  Seq Scan on movie_info_idx mi_idx  (cost=0.00..25185.44 rows=454124 width=4) (actual time=0.029..427.956 rows=459925 loops=1)
        Filter: (info_type_id = 100)
        Rows Removed by Filter: 920110
  ->  Hash  (cost=73925.90..73925.90 rows=1346767 width=4) (actual time=2604.726..2604.726 rows=1325688 loops=1)
        Buckets: 131072  Batches: 32  Memory Usage: 2479kB
        ->  Seq Scan on title t  (cost=0.00..73925.90 rows=1346767 width=4) (actual time=0.019..1395.189 rows=1325688 loops=1)
              Filter: ((kind_id > 2) AND (production_year < 2010))
              Rows Removed by Filter: 1202624
Planning time: 0.770 ms
Execution time: 3561.593 ms
