Hash Join  (cost=151270.29..669838.26 rows=3632706 width=0) (actual time=4123.246..16147.572 rows=2652753 loops=1)
  Hash Cond: (mi.movie_id = t.id)
  ->  Seq Scan on movie_info mi  (cost=0.00..309384.22 rows=14739122 width=4) (actual time=0.020..6105.818 rows=14835720 loops=1)
  ->  Hash  (cost=141045.32..141045.32 rows=623198 width=8) (actual time=3219.401..3219.401 rows=337734 loops=1)
        Buckets: 131072  Batches: 16  Memory Usage: 1862kB
        ->  Hash Join  (cost=92659.85..141045.32 rows=623198 width=8) (actual time=2094.682..3133.226 rows=337734 loops=1)
              Hash Cond: (mi_idx.movie_id = t.id)
              ->  Seq Scan on movie_info_idx mi_idx  (cost=0.00..21735.35 rows=1380035 width=4) (actual time=0.021..417.416 rows=1380035 loops=1)
              ->  Hash  (cost=73925.90..73925.90 rows=1141836 width=4) (actual time=1894.774..1894.774 rows=1235288 loops=1)
                    Buckets: 131072  Batches: 16  Memory Usage: 3750kB
                    ->  Seq Scan on title t  (cost=0.00..73925.90 rows=1141836 width=4) (actual time=0.027..1317.215 rows=1235288 loops=1)
                          Filter: ((production_year > 1984) AND (kind_id = 7))
                          Rows Removed by Filter: 1293024
Planning time: 1.192 ms
Execution time: 16434.467 ms
