Hash Join  (cost=189632.99..1213032.57 rows=8114518 width=0) (actual time=4720.555..38813.779 rows=32978261 loops=1)
  Hash Cond: (ci.movie_id = t.id)
  ->  Seq Scan on cast_info ci  (cost=0.00..705507.15 rows=20131000 width=4) (actual time=0.025..15113.832 rows=20004067 loops=1)
        Filter: (person_id < 2008897)
        Rows Removed by Filter: 16240277
  ->  Hash  (cost=172910.83..172910.83 rows=1019213 width=8) (actual time=4719.311..4719.311 rows=1891821 loops=1)
        Buckets: 131072 (originally 131072)  Batches: 32 (originally 16)  Memory Usage: 3321kB
        ->  Hash Join  (cost=83810.17..172910.83 rows=1019213 width=8) (actual time=1503.643..4214.480 rows=1891821 loops=1)
              Hash Cond: (mc.movie_id = t.id)
              ->  Seq Scan on movie_companies mc  (cost=0.00..44881.29 rows=2609129 width=4) (actual time=0.031..825.967 rows=2609129 loops=1)
              ->  Hash  (cost=67604.59..67604.59 rows=987727 width=4) (actual time=1502.501..1502.501 rows=985048 loops=1)
                    Buckets: 131072  Batches: 16  Memory Usage: 3188kB
                    ->  Seq Scan on title t  (cost=0.00..67604.59 rows=987727 width=4) (actual time=0.022..1200.941 rows=985048 loops=1)
                          Filter: (kind_id < 7)
                          Rows Removed by Filter: 1543264
Planning time: 1.187 ms
Execution time: 42432.715 ms
