Hash Join  (cost=96651.52..954901.24 rows=1952797 width=0) (actual time=9848.809..19184.487 rows=2342518 loops=1)
  Hash Cond: (ci.movie_id = t.id)
  ->  Seq Scan on cast_info ci  (cost=0.00..796071.18 rows=2788913 width=4) (actual time=7894.494..13951.028 rows=3164055 loops=1)
        Filter: ((person_id > 1066249) AND (role_id = 3))
        Rows Removed by Filter: 33080289
  ->  Hash  (cost=67604.59..67604.59 rows=1770475 width=4) (actual time=1952.762..1952.762 rows=1774635 loops=1)
        Buckets: 131072  Batches: 32  Memory Usage: 2978kB
        ->  Seq Scan on title t  (cost=0.00..67604.59 rows=1770475 width=4) (actual time=0.024..1393.109 rows=1774635 loops=1)
              Filter: (kind_id > 2)
              Rows Removed by Filter: 753677
Planning time: 0.848 ms
Execution time: 19486.691 ms
