Hash Join  (cost=114061.21..169299.89 rows=57316 width=0) (actual time=3964.077..6195.012 rows=164004 loops=1)
  Hash Cond: (mc.movie_id = t.id)
  ->  Seq Scan on movie_companies mc  (cost=0.00..44881.29 rows=2609129 width=4) (actual time=0.017..1440.484 rows=2609129 loops=1)
  ->  Hash  (cost=113366.90..113366.90 rows=55545 width=8) (actual time=3963.690..3963.690 rows=51046 loops=1)
        Buckets: 65536  Batches: 1  Memory Usage: 2506kB
        ->  Hash Join  (cost=76444.38..113366.90 rows=55545 width=8) (actual time=2561.317..3943.385 rows=51046 loops=1)
              Hash Cond: (mi_idx.movie_id = t.id)
              ->  Seq Scan on movie_info_idx mi_idx  (cost=0.00..25185.44 rows=915101 width=4) (actual time=0.016..918.819 rows=919850 loops=1)
                    Filter: (info_type_id < 101)
                    Rows Removed by Filter: 460185
              ->  Hash  (cost=73925.90..73925.90 rows=153478 width=4) (actual time=2559.955..2559.955 rows=134760 loops=1)
                    Buckets: 131072  Batches: 4  Memory Usage: 2216kB
                    ->  Seq Scan on title t  (cost=0.00..73925.90 rows=153478 width=4) (actual time=0.023..2510.597 rows=134760 loops=1)
                          Filter: ((kind_id < 7) AND (production_year > 2010))
                          Rows Removed by Filter: 2393552
Planning time: 5.119 ms
Execution time: 6216.907 ms
