Hash Join  (cost=117678.76..974437.99 rows=939107 width=0) (actual time=26621.835..51665.651 rows=1389768 loops=1)
  Hash Cond: (ci.movie_id = t.id)
  ->  Seq Scan on cast_info ci  (cost=0.00..705507.15 rows=12203201 width=4) (actual time=20442.159..38212.166 rows=12113646 loops=1)
        Filter: (role_id > 3)
        Rows Removed by Filter: 24130698
  ->  Hash  (cost=114485.44..114485.44 rows=194585 width=8) (actual time=6178.324..6178.324 rows=209413 loops=1)
        Buckets: 131072  Batches: 4  Memory Usage: 3071kB
        ->  Hash Join  (cost=73454.11..114485.44 rows=194585 width=8) (actual time=3722.246..6101.840 rows=209413 loops=1)
              Hash Cond: (mi_idx.movie_id = t.id)
              ->  Seq Scan on movie_info_idx mi_idx  (cost=0.00..21735.35 rows=1380035 width=4) (actual time=0.026..1363.747 rows=1380035 loops=1)
              ->  Hash  (cost=67604.59..67604.59 rows=356522 width=4) (actual time=3721.346..3721.346 rows=352081 loops=1)
                    Buckets: 131072  Batches: 8  Memory Usage: 2565kB
                    ->  Seq Scan on title t  (cost=0.00..67604.59 rows=356522 width=4) (actual time=0.021..3586.282 rows=352081 loops=1)
                          Filter: (production_year < 1969)
                          Rows Removed by Filter: 2176231
Planning time: 1.187 ms
Execution time: 51863.623 ms
