Hash Join  (cost=137265.37..506296.39 rows=68441 width=0) (actual time=9916.498..28454.604 rows=389077 loops=1)
  Hash Cond: (mi.movie_id = t.id)
  ->  Seq Scan on movie_info mi  (cost=0.00..346232.03 rows=5897221 width=4) (actual time=2744.728..18888.397 rows=5884963 loops=1)
        Filter: (info_type_id < 7)
        Rows Removed by Filter: 8950757
  ->  Hash  (cost=136898.56..136898.56 rows=29345 width=8) (actual time=6740.817..6740.817 rows=82486 loops=1)
        Buckets: 131072 (originally 32768)  Batches: 2 (originally 1)  Memory Usage: 3073kB
        ->  Hash Join  (cost=69140.02..136898.56 rows=29345 width=8) (actual time=3360.686..6712.796 rows=82486 loops=1)
              Hash Cond: (mc.movie_id = t.id)
              ->  Seq Scan on movie_companies mc  (cost=0.00..57926.93 rows=793107 width=4) (actual time=0.028..3054.243 rows=579954 loops=1)
                    Filter: ((company_id > 4616) AND (company_type_id = 1))
                    Rows Removed by Filter: 2029175
              ->  Hash  (cost=67604.59..67604.59 rows=93555 width=4) (actual time=3359.872..3359.872 rows=92899 loops=1)
                    Buckets: 131072  Batches: 2  Memory Usage: 2656kB
                    ->  Seq Scan on title t  (cost=0.00..67604.59 rows=93555 width=4) (actual time=0.018..3324.280 rows=92899 loops=1)
                          Filter: (production_year < 1922)
                          Rows Removed by Filter: 2435413
Planning time: 1.103 ms
Execution time: 28506.352 ms
