Hash Join  (cost=128470.22..935159.60 rows=79587 width=0) (actual time=35278.356..42870.095 rows=138159 loops=1)
  Hash Cond: (ci.movie_id = t.id)
  ->  Seq Scan on cast_info ci  (cost=0.00..796071.18 rows=759822 width=4) (actual time=27863.620..34902.034 rows=627307 loops=1)
        Filter: ((person_id > 2968566) AND (role_id = 3))
        Rows Removed by Filter: 35617037
  ->  Hash  (cost=124124.62..124124.62 rows=264848 width=8) (actual time=7413.241..7413.241 rows=118947 loops=1)
        Buckets: 131072  Batches: 4  Memory Usage: 2179kB
        ->  Hash Join  (cost=81887.65..124124.62 rows=264848 width=8) (actual time=5021.184..7373.421 rows=118947 loops=1)
              Hash Cond: (mi_idx.movie_id = t.id)
              ->  Seq Scan on movie_info_idx mi_idx  (cost=0.00..21735.35 rows=1380035 width=4) (actual time=0.040..1505.478 rows=1380035 loops=1)
              ->  Hash  (cost=73925.90..73925.90 rows=485260 width=4) (actual time=5002.455..5002.455 rows=520584 loops=1)
                    Buckets: 131072  Batches: 8  Memory Usage: 3311kB
                    ->  Seq Scan on title t  (cost=0.00..73925.90 rows=485260 width=4) (actual time=0.029..4516.386 rows=520584 loops=1)
                          Filter: ((kind_id > 4) AND (production_year > 2007))
                          Rows Removed by Filter: 2007728
Planning time: 1.912 ms
Execution time: 42891.793 ms
