Seq Scan on movie_companies mc  (cost=0.00..51404.11 rows=402732 width=0) (actual time=0.037..900.740 rows=401412 loops=1)
  Filter: (company_id < 253)
  Rows Removed by Filter: 2207717
Planning time: 0.342 ms
Execution time: 951.548 ms
