Seq Scan on movie_companies mc  (cost=0.00..51404.11 rows=104 width=0) (actual time=10.629..2277.142 rows=162 loops=1)
  Filter: (company_id = 16316)
  Rows Removed by Filter: 2608967
Planning time: 0.389 ms
Execution time: 2277.321 ms
