Hash Join  (cost=243406.92..1127860.15 rows=2333788 width=0) (actual time=19585.313..54039.348 rows=14677033 loops=1)
  Hash Cond: (ci.movie_id = t.id)
  ->  Seq Scan on cast_info ci  (cost=0.00..796071.18 rows=4693231 width=4) (actual time=7385.073..34036.901 rows=2802737 loops=1)
        Filter: ((person_id < 1370838) AND (role_id > 3))
        Rows Removed by Filter: 33441607
  ->  Hash  (cost=222778.01..222778.01 rows=1257353 width=8) (actual time=12198.645..12198.645 rows=3124161 loops=1)
        Buckets: 131072 (originally 131072)  Batches: 64 (originally 32)  Memory Usage: 3073kB
        ->  Hash Join  (cost=85456.44..222778.01 rows=1257353 width=8) (actual time=3983.839..11012.138 rows=3124161 loops=1)
              Hash Cond: (mk.movie_id = t.id)
              ->  Seq Scan on movie_keyword mk  (cost=0.00..69693.30 rows=4523930 width=4) (actual time=0.027..3672.325 rows=4523930 loops=1)
              ->  Hash  (cost=73925.90..73925.90 rows=702763 width=4) (actual time=3982.741..3982.741 rows=726953 loops=1)
                    Buckets: 131072  Batches: 16  Memory Usage: 2630kB
                    ->  Seq Scan on title t  (cost=0.00..73925.90 rows=702763 width=4) (actual time=0.029..3709.392 rows=726953 loops=1)
                          Filter: ((kind_id < 4) AND (production_year < 2011))
                          Rows Removed by Filter: 1801359
Planning time: 1.194 ms
Execution time: 56150.336 ms
