Seq Scan on movie_keyword mk  (cost=0.00..81003.12 rows=3348850 width=0) (actual time=0.017..4419.382 rows=3345139 loops=1)
  Filter: (keyword_id > 1393)
  Rows Removed by Filter: 1178791
Planning time: 0.305 ms
Execution time: 4943.208 ms
