Seq Scan on movie_info mi  (cost=0.00..346232.03 rows=14373737 width=0) (actual time=0.011..6272.555 rows=14407069 loops=1)
  Filter: (info_type_id < 105)
  Rows Removed by Filter: 428651
Planning time: 0.264 ms
Execution time: 7950.947 ms
