Hash Join  (cost=83074.74..447745.01 rows=1434 width=0) (actual time=3296.617..23453.563 rows=2049 loops=1)
  Hash Cond: (mi.movie_id = t.id)
  ->  Seq Scan on movie_info mi  (cost=0.00..309384.22 rows=14739122 width=4) (actual time=0.012..16897.466 rows=14835720 loops=1)
  ->  Hash  (cost=83071.67..83071.67 rows=246 width=8) (actual time=3097.163..3097.163 rows=29 loops=1)
        Buckets: 1024  Batches: 1  Memory Usage: 10kB
        ->  Nested Loop  (cost=0.43..83071.67 rows=246 width=8) (actual time=38.353..3097.098 rows=29 loops=1)
              ->  Seq Scan on movie_keyword mk  (cost=0.00..81003.12 rows=246 width=4) (actual time=38.290..3095.650 rows=29 loops=1)
                    Filter: (keyword_id = 8512)
                    Rows Removed by Filter: 4523901
              ->  Index Only Scan using title_pkey on title t  (cost=0.43..8.40 rows=1 width=4) (actual time=0.043..0.043 rows=1 loops=29)
                    Index Cond: (id = mk.movie_id)
                    Heap Fetches: 29
Planning time: 1.145 ms
Execution time: 23454.267 ms
