Hash Join  (cost=128753.29..215494.99 rows=8366 width=0) (actual time=2984.319..4235.376 rows=5139 loops=1)
  Hash Cond: (mk.movie_id = t.id)
  ->  Seq Scan on movie_keyword mk  (cost=0.00..69693.30 rows=4523930 width=4) (actual time=0.014..976.629 rows=4523930 loops=1)
  ->  Hash  (cost=128694.84..128694.84 rows=4676 width=8) (actual time=2455.400..2455.400 rows=5762 loops=1)
        Buckets: 8192  Batches: 1  Memory Usage: 290kB
        ->  Hash Join  (cost=73982.55..128694.84 rows=4676 width=8) (actual time=1295.726..2452.873 rows=5762 loops=1)
              Hash Cond: (mc.movie_id = t.id)
              ->  Seq Scan on movie_companies mc  (cost=0.00..44881.29 rows=2609129 width=4) (actual time=0.007..661.977 rows=2609129 loops=1)
              ->  Hash  (cost=73925.90..73925.90 rows=4532 width=4) (actual time=1222.788..1222.788 rows=7806 loops=1)
                    Buckets: 8192  Batches: 1  Memory Usage: 339kB
                    ->  Seq Scan on title t  (cost=0.00..73925.90 rows=4532 width=4) (actual time=0.123..1218.983 rows=7806 loops=1)
                          Filter: ((kind_id = 7) AND (production_year = 1981))
                          Rows Removed by Filter: 2520506
Planning time: 1.126 ms
Execution time: 4236.564 ms
