Hash Join  (cost=52284.46..768048.43 rows=44 width=0) (actual time=18210.710..38803.508 rows=255 loops=1)
  Hash Cond: (ci.movie_id = t.id)
  ->  Seq Scan on cast_info ci  (cost=0.00..705507.15 rows=2735034 width=4) (actual time=15778.938..35922.866 rows=2728943 loops=1)
        Filter: (role_id = 4)
        Rows Removed by Filter: 33515401
  ->  Hash  (cost=52283.95..52283.95 rows=41 width=8) (actual time=2410.957..2410.957 rows=67 loops=1)
        Buckets: 1024  Batches: 1  Memory Usage: 11kB
        ->  Nested Loop  (cost=0.43..52283.95 rows=41 width=8) (actual time=320.319..2410.874 rows=67 loops=1)
              ->  Seq Scan on movie_companies mc  (cost=0.00..51404.11 rows=104 width=4) (actual time=320.215..2405.645 rows=67 loops=1)
                    Filter: (company_id = 16973)
                    Rows Removed by Filter: 2609062
              ->  Index Scan using title_pkey on title t  (cost=0.43..8.45 rows=1 width=4) (actual time=0.073..0.074 rows=1 loops=67)
                    Index Cond: (id = mc.movie_id)
                    Filter: (kind_id < 7)
Planning time: 7.345 ms
Execution time: 38803.787 ms
