Nested Loop  (cost=0.43..58375.31 rows=29 width=0) (actual time=1163.745..1630.101 rows=2 loops=1)
  ->  Seq Scan on movie_companies mc  (cost=0.00..57926.93 rows=53 width=4) (actual time=1163.685..1629.921 rows=3 loops=1)
        Filter: ((company_id = 1685) AND (company_type_id = 2))
        Rows Removed by Filter: 2609126
  ->  Index Scan using title_pkey on title t  (cost=0.43..8.45 rows=1 width=4) (actual time=0.053..0.053 rows=1 loops=3)
        Index Cond: (id = mc.movie_id)
        Filter: (production_year > 2000)
        Rows Removed by Filter: 0
Planning time: 6.830 ms
Execution time: 1630.259 ms
