Hash Join  (cost=161021.74..301524.47 rows=1518469 width=0) (actual time=7360.237..16820.033 rows=8269813 loops=1)
  Hash Cond: (mk.movie_id = t.id)
  ->  Seq Scan on movie_keyword mk  (cost=0.00..69693.30 rows=4523930 width=4) (actual time=0.012..3918.798 rows=4523930 loops=1)
  ->  Hash  (cost=147096.91..147096.91 rows=848707 width=8) (actual time=7358.788..7358.788 rows=1010682 loops=1)
        Buckets: 131072  Batches: 16  Memory Usage: 3518kB
        ->  Hash Join  (cost=93117.31..147096.91 rows=848707 width=8) (actual time=4179.433..7079.474 rows=1010682 loops=1)
              Hash Cond: (mi_idx.movie_id = t.id)
              ->  Seq Scan on movie_info_idx mi_idx  (cost=0.00..21735.35 rows=1380035 width=4) (actual time=0.011..994.375 rows=1380035 loops=1)
              ->  Hash  (cost=67604.59..67604.59 rows=1555018 width=4) (actual time=4178.445..4178.445 rows=1551727 loops=1)
                    Buckets: 131072  Batches: 32  Memory Usage: 2728kB
                    ->  Seq Scan on title t  (cost=0.00..67604.59 rows=1555018 width=4) (actual time=0.009..3560.444 rows=1551727 loops=1)
                          Filter: (production_year < 2007)
                          Rows Removed by Filter: 976585
Planning time: 1.137 ms
Execution time: 17964.823 ms
