Hash Join  (cost=72476.92..437238.77 rows=10592 width=0) (actual time=2790.980..23666.269 rows=22373 loops=1)
  Hash Cond: (mi.movie_id = t.id)
  ->  Seq Scan on movie_info mi  (cost=0.00..309384.22 rows=14739122 width=4) (actual time=0.013..17139.301 rows=14835720 loops=1)
  ->  Hash  (cost=72454.21..72454.21 rows=1817 width=8) (actual time=2790.762..2790.762 rows=1269 loops=1)
        Buckets: 2048  Batches: 1  Memory Usage: 66kB
        ->  Nested Loop  (cost=0.43..72454.21 rows=1817 width=8) (actual time=4.992..2789.990 rows=1269 loops=1)
              ->  Seq Scan on movie_companies mc  (cost=0.00..57926.93 rows=1817 width=4) (actual time=4.916..2646.405 rows=1269 loops=1)
                    Filter: ((company_id = 1310) AND (company_type_id = 2))
                    Rows Removed by Filter: 2607860
              ->  Index Only Scan using title_pkey on title t  (cost=0.43..7.99 rows=1 width=4) (actual time=0.112..0.112 rows=1 loops=1269)
                    Index Cond: (id = mc.movie_id)
                    Heap Fetches: 1269
Planning time: 1.141 ms
Execution time: 23670.463 ms
