Hash Join  (cost=214284.46..590671.74 rows=418215 width=0) (actual time=13083.606..30136.656 rows=945496 loops=1)
  Hash Cond: (mi.movie_id = t.id)
  ->  Seq Scan on movie_info mi  (cost=0.00..346232.03 rows=2073893 width=4) (actual time=1760.741..17160.620 rows=2091068 loops=1)
        Filter: (info_type_id < 3)
        Rows Removed by Filter: 12744652
  ->  Hash  (cost=205918.78..205918.78 rows=509895 width=8) (actual time=11321.972..11321.972 rows=509486 loops=1)
        Buckets: 131072  Batches: 8  Memory Usage: 3578kB
        ->  Hash Join  (cost=102767.86..205918.78 rows=509895 width=8) (actual time=6183.373..11177.591 rows=509486 loops=1)
              Hash Cond: (mk.movie_id = t.id)
              ->  Seq Scan on movie_keyword mk  (cost=0.00..81003.12 rows=509895 width=4) (actual time=0.033..4138.812 rows=509486 loops=1)
                    Filter: (keyword_id < 373)
                    Rows Removed by Filter: 4014444
              ->  Hash  (cost=61283.27..61283.27 rows=2528527 width=4) (actual time=6180.633..6180.633 rows=2528312 loops=1)
                    Buckets: 131072  Batches: 64  Memory Usage: 2425kB
                    ->  Seq Scan on title t  (cost=0.00..61283.27 rows=2528527 width=4) (actual time=0.016..4356.900 rows=2528312 loops=1)
Planning time: 1.186 ms
Execution time: 30256.049 ms
