Hash Join  (cost=955413.31..1080579.20 rows=1122125 width=0) (actual time=44541.350..50937.430 rows=4298538 loops=1)
  Hash Cond: (mk.movie_id = t.id)
  ->  Seq Scan on movie_keyword mk  (cost=0.00..81003.12 rows=2459073 width=4) (actual time=0.015..3611.584 rows=2442055 loops=1)
        Filter: (keyword_id > 3689)
        Rows Removed by Filter: 2081875
  ->  Hash  (cost=936482.58..936482.58 rows=1153818 width=8) (actual time=44538.977..44538.977 rows=2345371 loops=1)
        Buckets: 131072 (originally 131072)  Batches: 32 (originally 16)  Memory Usage: 3869kB
        ->  Hash Join  (cost=102767.86..936482.58 rows=1153818 width=8) (actual time=26849.776..43838.768 rows=2345371 loops=1)
              Hash Cond: (ci.movie_id = t.id)
              ->  Seq Scan on cast_info ci  (cost=0.00..796071.18 rows=1153818 width=4) (actual time=21692.129..36036.854 rows=2345371 loops=1)
                    Filter: ((person_id > 2663585) AND (role_id = 3))
                    Rows Removed by Filter: 33898973
              ->  Hash  (cost=61283.27..61283.27 rows=2528527 width=4) (actual time=5156.726..5156.726 rows=2528312 loops=1)
                    Buckets: 131072  Batches: 64  Memory Usage: 2415kB
                    ->  Seq Scan on title t  (cost=0.00..61283.27 rows=2528527 width=4) (actual time=0.018..4073.797 rows=2528312 loops=1)
Planning time: 1.012 ms
Execution time: 51389.593 ms
