Hash Join  (cost=915229.74..1405043.40 rows=937873 width=0) (actual time=36322.438..59937.323 rows=3438136 loops=1)
  Hash Cond: (mi.movie_id = t.id)
  ->  Seq Scan on movie_info mi  (cost=0.00..309384.22 rows=14739122 width=4) (actual time=0.017..14539.693 rows=14835720 loops=1)
  ->  Hash  (cost=912589.56..912589.56 rows=160894 width=8) (actual time=36319.084..36319.084 rows=285626 loops=1)
        Buckets: 131072  Batches: 4  Memory Usage: 3812kB
        ->  Hash Join  (cost=102767.86..912589.56 rows=160894 width=8) (actual time=15906.877..36231.772 rows=285626 loops=1)
              Hash Cond: (ci.movie_id = t.id)
              ->  Seq Scan on cast_info ci  (cost=0.00..796071.18 rows=160894 width=4) (actual time=12091.180..31720.329 rows=285626 loops=1)
                    Filter: ((person_id < 43886) AND (role_id = 1))
                    Rows Removed by Filter: 35958718
              ->  Hash  (cost=61283.27..61283.27 rows=2528527 width=4) (actual time=3814.623..3814.623 rows=2528312 loops=1)
                    Buckets: 131072  Batches: 64  Memory Usage: 2415kB
                    ->  Seq Scan on title t  (cost=0.00..61283.27 rows=2528527 width=4) (actual time=0.016..2898.591 rows=2528312 loops=1)
Planning time: 21.589 ms
Execution time: 60415.190 ms
