Hash Join  (cost=100754.38..448453.26 rows=2979 width=0) (actual time=6746.551..21544.974 rows=10507 loops=1)
  Hash Cond: (mi.movie_id = t.id)
  ->  Seq Scan on movie_info mi  (cost=0.00..346232.03 rows=383217 width=4) (actual time=1544.751..16321.414 rows=368218 loops=1)
        Filter: (info_type_id = 17)
        Rows Removed by Filter: 14467502
  ->  Hash  (cost=100508.72..100508.72 rows=19653 width=8) (actual time=5118.715..5118.715 rows=20523 loops=1)
        Buckets: 32768  Batches: 1  Memory Usage: 1058kB
        ->  Hash Join  (cost=69374.09..100508.72 rows=19653 width=8) (actual time=3589.876..5109.898 rows=20523 loops=1)
              Hash Cond: (mi_idx.movie_id = t.id)
              ->  Seq Scan on movie_info_idx mi_idx  (cost=0.00..25185.44 rows=460978 width=4) (actual time=0.025..1233.059 rows=459925 loops=1)
                    Filter: (info_type_id = 99)
                    Rows Removed by Filter: 920110
              ->  Hash  (cost=67604.59..67604.59 rows=107800 width=4) (actual time=3588.969..3588.969 rows=108429 loops=1)
                    Buckets: 131072  Batches: 2  Memory Usage: 2931kB
                    ->  Seq Scan on title t  (cost=0.00..67604.59 rows=107800 width=4) (actual time=0.019..3542.046 rows=108429 loops=1)
                          Filter: (production_year = 2006)
                          Rows Removed by Filter: 2419883
Planning time: 1.146 ms
Execution time: 21547.201 ms
