Seq Scan on movie_companies mc  (cost=0.00..57926.93 rows=1152 width=0) (actual time=283.993..2290.986 rows=2076 loops=1)
  Filter: ((company_type_id > 1) AND (company_id = 6893))
  Rows Removed by Filter: 2607053
Planning time: 0.340 ms
Execution time: 2291.357 ms
