Seq Scan on title t  (cost=0.00..73925.90 rows=133690 width=0) (actual time=0.045..3643.098 rows=120471 loops=1)
  Filter: ((kind_id < 4) AND (production_year > 2010))
  Rows Removed by Filter: 2407841
Planning time: 7.575 ms
Execution time: 3661.015 ms
