Hash Join  (cost=202004.01..622045.46 rows=481384 width=0) (actual time=14214.902..30287.705 rows=1865700 loops=1)
  Hash Cond: (mi.movie_id = t.id)
  ->  Seq Scan on movie_info mi  (cost=0.00..346232.03 rows=5897221 width=4) (actual time=4746.936..16572.911 rows=5884963 loops=1)
        Filter: (info_type_id < 7)
        Rows Removed by Filter: 8950757
  ->  Hash  (cost=198617.00..198617.00 rows=206401 width=8) (actual time=9462.975..9462.975 rows=222109 loops=1)
        Buckets: 131072  Batches: 4  Memory Usage: 3225kB
        ->  Hash Join  (cost=102767.86..198617.00 rows=206401 width=8) (actual time=4917.570..9389.900 rows=222109 loops=1)
              Hash Cond: (mk.movie_id = t.id)
              ->  Seq Scan on movie_keyword mk  (cost=0.00..81003.12 rows=206401 width=4) (actual time=0.037..3632.365 rows=222109 loops=1)
                    Filter: (keyword_id < 178)
                    Rows Removed by Filter: 4301821
              ->  Hash  (cost=61283.27..61283.27 rows=2528527 width=4) (actual time=4914.538..4914.538 rows=2528312 loops=1)
                    Buckets: 131072  Batches: 64  Memory Usage: 2425kB
                    ->  Seq Scan on title t  (cost=0.00..61283.27 rows=2528527 width=4) (actual time=0.015..3889.573 rows=2528312 loops=1)
Planning time: 13.829 ms
Execution time: 30555.567 ms
