Hash Join  (cost=82131.75..1207680.47 rows=9683823 width=0) (actual time=3131.389..67840.036 rows=9496401 loops=1)
  Hash Cond: (ci.movie_id = t.id)
  ->  Seq Scan on cast_info ci  (cost=0.00..705507.15 rows=27653425 width=4) (actual time=0.021..43827.763 rows=27758030 loops=1)
        Filter: (role_id < 6)
        Rows Removed by Filter: 8486314
  ->  Hash  (cost=67604.59..67604.59 rows=885453 width=4) (actual time=3130.125..3130.125 rows=885650 loops=1)
        Buckets: 131072  Batches: 16  Memory Usage: 2972kB
        ->  Seq Scan on title t  (cost=0.00..67604.59 rows=885453 width=4) (actual time=0.018..2809.967 rows=885650 loops=1)
              Filter: (production_year < 1997)
              Rows Removed by Filter: 1642662
Planning time: 0.755 ms
Execution time: 69063.482 ms
