Seq Scan on movie_info mi  (cost=0.00..346232.03 rows=13704418 width=0) (actual time=0.022..20109.923 rows=13739936 loops=1)
  Filter: (info_type_id < 67)
  Rows Removed by Filter: 1095784
Planning time: 0.363 ms
Execution time: 22408.986 ms
