Seq Scan on movie_companies mc  (cost=0.00..51404.11 rows=2326749 width=0) (actual time=0.020..2839.376 rows=2325291 loops=1)
  Filter: (company_id < 95376)
  Rows Removed by Filter: 283838
Planning time: 0.323 ms
Execution time: 3310.763 ms
