Hash Join  (cost=463672.42..589734.50 rows=333204 width=0) (actual time=23526.293..31722.630 rows=2525435 loops=1)
  Hash Cond: (mk.movie_id = t.id)
  ->  Seq Scan on movie_keyword mk  (cost=0.00..69693.30 rows=4523930 width=4) (actual time=0.018..4647.945 rows=4523930 loops=1)
  ->  Hash  (cost=460616.48..460616.48 rows=186235 width=8) (actual time=23525.458..23525.458 rows=154845 loops=1)
        Buckets: 131072  Batches: 4  Memory Usage: 2526kB
        ->  Hash Join  (cost=76444.38..460616.48 rows=186235 width=8) (actual time=10202.095..23466.283 rows=154845 loops=1)
              Hash Cond: (mi.movie_id = t.id)
              ->  Seq Scan on movie_info mi  (cost=0.00..346232.03 rows=3068194 width=4) (actual time=6345.309..17832.766 rows=3036719 loops=1)
                    Filter: (info_type_id = 16)
                    Rows Removed by Filter: 11799001
              ->  Hash  (cost=73925.90..73925.90 rows=153478 width=4) (actual time=3844.568..3844.568 rows=134760 loops=1)
                    Buckets: 131072  Batches: 4  Memory Usage: 2222kB
                    ->  Seq Scan on title t  (cost=0.00..73925.90 rows=153478 width=4) (actual time=0.036..3779.832 rows=134760 loops=1)
                          Filter: ((kind_id < 7) AND (production_year > 2010))
                          Rows Removed by Filter: 2393552
Planning time: 1.108 ms
Execution time: 32135.756 ms
