Hash Join  (cost=229622.20..774620.78 rows=6109765 width=0) (actual time=10269.450..39935.542 rows=2828845 loops=1)
  Hash Cond: (mi.movie_id = t.id)
  ->  Seq Scan on movie_info mi  (cost=0.00..309384.22 rows=14739122 width=4) (actual time=0.023..20833.004 rows=14835720 loops=1)
  ->  Hash  (cost=212425.41..212425.41 rows=1048143 width=8) (actual time=10268.230..10268.230 rows=271314 loops=1)
        Buckets: 131072  Batches: 16  Memory Usage: 1707kB
        ->  Hash Join  (cost=92883.59..212425.41 rows=1048143 width=8) (actual time=5261.568..10183.212 rows=271314 loops=1)
              Hash Cond: (mk.movie_id = t.id)
              ->  Seq Scan on movie_keyword mk  (cost=0.00..81003.12 rows=1720053 width=4) (actual time=0.021..4150.729 rows=1731346 loops=1)
                    Filter: (keyword_id > 8177)
                    Rows Removed by Filter: 2792584
              ->  Hash  (cost=67604.59..67604.59 rows=1540800 width=4) (actual time=4762.315..4762.315 rows=1543264 loops=1)
                    Buckets: 131072  Batches: 32  Memory Usage: 2728kB
                    ->  Seq Scan on title t  (cost=0.00..67604.59 rows=1540800 width=4) (actual time=0.011..4136.304 rows=1543264 loops=1)
                          Filter: (kind_id = 7)
                          Rows Removed by Filter: 985048
Planning time: 1.945 ms
Execution time: 40300.893 ms
