Seq Scan on movie_companies mc  (cost=0.00..57926.93 rows=51 width=0) (actual time=418.100..852.753 rows=1 loops=1)
  Filter: ((company_id = 56781) AND (company_type_id = 1))
  Rows Removed by Filter: 2609128
Planning time: 0.436 ms
Execution time: 852.836 ms
