Seq Scan on movie_keyword mk  (cost=0.00..81003.12 rows=2405271 width=0) (actual time=0.015..4367.305 rows=2408670 loops=1)
  Filter: (keyword_id < 5626)
  Rows Removed by Filter: 2115260
Planning time: 3.183 ms
Execution time: 4743.076 ms
