Seq Scan on movie_companies mc  (cost=0.00..51404.11 rows=1880576 width=0) (actual time=0.014..2500.763 rows=1875953 loops=1)
  Filter: (company_id < 40067)
  Rows Removed by Filter: 733176
Planning time: 3.552 ms
Execution time: 2810.173 ms
