Seq Scan on movie_keyword mk  (cost=0.00..81003.12 rows=246 width=0) (actual time=28.580..3311.508 rows=433 loops=1)
  Filter: (keyword_id = 9090)
  Rows Removed by Filter: 4523497
Planning time: 0.373 ms
Execution time: 3311.941 ms
