Hash Join  (cost=257931.80..1603320.47 rows=25923447 width=0) (actual time=5703.876..52521.591 rows=73094751 loops=1)
  Hash Cond: (ci.movie_id = t.id)
  ->  Seq Scan on cast_info ci  (cost=0.00..614943.12 rows=36225612 width=4) (actual time=0.014..13355.804 rows=36244344 loops=1)
  ->  Hash  (cost=228244.77..228244.77 rows=1809442 width=8) (actual time=5702.749..5702.749 rows=1253091 loops=1)
        Buckets: 131072  Batches: 32  Memory Usage: 2608kB
        ->  Hash Join  (cost=84197.31..228244.77 rows=1809442 width=8) (actual time=1566.210..5377.284 rows=1253091 loops=1)
              Hash Cond: (mk.movie_id = t.id)
              ->  Seq Scan on movie_keyword mk  (cost=0.00..69693.30 rows=4523930 width=4) (actual time=0.014..1527.208 rows=4523930 loops=1)
              ->  Hash  (cost=67604.59..67604.59 rows=1011338 width=4) (actual time=1564.080..1564.080 rows=1012920 loops=1)
                    Buckets: 131072  Batches: 16  Memory Usage: 3257kB
                    ->  Seq Scan on title t  (cost=0.00..67604.59 rows=1011338 width=4) (actual time=0.023..1244.079 rows=1012920 loops=1)
                          Filter: (production_year > 2005)
                          Rows Removed by Filter: 1515392
Planning time: 1.150 ms
Execution time: 60237.207 ms
