Seq Scan on title t  (cost=0.00..73925.90 rows=5474 width=0) (actual time=0.016..3807.587 rows=4098 loops=1)
  Filter: ((kind_id > 1) AND (production_year = 1953))
  Rows Removed by Filter: 2524214
Planning time: 0.341 ms
Execution time: 3809.118 ms
