Seq Scan on movie_companies mc  (cost=0.00..51404.11 rows=2427585 width=0) (actual time=0.032..2823.035 rows=2426735 loops=1)
  Filter: (company_id > 44)
  Rows Removed by Filter: 182394
Planning time: 8.394 ms
Execution time: 3213.928 ms
