Hash Join  (cost=74509.97..157631.94 rows=9951 width=0) (actual time=3727.592..7490.466 rows=1753 loops=1)
  Hash Cond: (mk.movie_id = t.id)
  ->  Seq Scan on movie_keyword mk  (cost=0.00..81003.12 rows=538491 width=4) (actual time=0.026..3632.128 rows=531314 loops=1)
        Filter: (keyword_id > 34360)
        Rows Removed by Filter: 3992616
  ->  Hash  (cost=73925.90..73925.90 rows=46725 width=4) (actual time=3726.466..3726.466 rows=43011 loops=1)
        Buckets: 65536  Batches: 1  Memory Usage: 2025kB
        ->  Seq Scan on title t  (cost=0.00..73925.90 rows=46725 width=4) (actual time=0.112..3701.472 rows=43011 loops=1)
              Filter: ((kind_id > 2) AND (production_year > 2012))
              Rows Removed by Filter: 2485301
Planning time: 1.069 ms
Execution time: 7491.037 ms
