Seq Scan on cast_info ci  (cost=0.00..796071.18 rows=2843912 width=0) (actual time=8004.859..26077.530 rows=1182482 loops=1)
  Filter: ((person_id < 409770) AND (role_id > 1))
  Rows Removed by Filter: 35061862
Planning time: 0.369 ms
Execution time: 26241.108 ms
