Hash Join  (cost=80874.21..126140.84 rows=441415 width=0) (actual time=4276.993..6710.377 rows=545942 loops=1)
  Hash Cond: (mi_idx.movie_id = t.id)
  ->  Seq Scan on movie_info_idx mi_idx  (cost=0.00..21735.35 rows=1380035 width=4) (actual time=0.014..1364.814 rows=1380035 loops=1)
  ->  Hash  (cost=67604.59..67604.59 rows=808770 width=4) (actual time=4276.096..4276.096 rows=812704 loops=1)
        Buckets: 131072  Batches: 16  Memory Usage: 2812kB
        ->  Seq Scan on title t  (cost=0.00..67604.59 rows=808770 width=4) (actual time=0.011..3817.664 rows=812704 loops=1)
              Filter: (production_year < 1995)
              Rows Removed by Filter: 1715608
Planning time: 0.780 ms
Execution time: 6793.391 ms
