Hash Join  (cost=111952.53..288369.10 rows=2506053 width=106) (actual time=2697.420..6852.522 rows=634306 loops=1)
  Hash Cond: (mk.movie_id = t.id)
  ->  Seq Scan on movie_keyword mk  (cost=0.00..69693.30 rows=4523930 width=12) (actual time=0.013..1554.119 rows=4523930 loops=1)
  ->  Hash  (cost=73925.90..73925.90 rows=1400690 width=94) (actual time=2638.124..2638.124 rows=1474425 loops=1)
        Buckets: 32768  Batches: 64  Memory Usage: 2889kB
        ->  Seq Scan on title t  (cost=0.00..73925.90 rows=1400690 width=94) (actual time=0.017..1795.918 rows=1474425 loops=1)
              Filter: ((production_year > 1950) AND (kind_id = 7))
              Rows Removed by Filter: 1053887
Planning time: 0.907 ms
Execution time: 6887.682 ms
