Hash Join  (cost=249909.25..1388281.08 rows=16801512 width=0) (actual time=12485.642..76042.940 rows=34322099 loops=1)
  Hash Cond: (ci.movie_id = t.id)
  ->  Seq Scan on cast_info ci  (cost=0.00..705507.15 rows=20024311 width=4) (actual time=0.014..39830.454 rows=20122661 loops=1)
        Filter: (role_id < 3)
        Rows Removed by Filter: 16121683
  ->  Hash  (cost=215101.56..215101.56 rows=2121575 width=8) (actual time=12483.582..12483.582 rows=2118283 loops=1)
        Buckets: 131072  Batches: 32  Memory Usage: 3569kB
        ->  Hash Join  (cost=102767.86..215101.56 rows=2121575 width=8) (actual time=5206.719..11783.340 rows=2118283 loops=1)
              Hash Cond: (mc.movie_id = t.id)
              ->  Seq Scan on movie_companies mc  (cost=0.00..51404.11 rows=2121575 width=4) (actual time=0.019..3654.376 rows=2118283 loops=1)
                    Filter: (company_id < 74692)
                    Rows Removed by Filter: 490846
              ->  Hash  (cost=61283.27..61283.27 rows=2528527 width=4) (actual time=5205.918..5205.918 rows=2528312 loops=1)
                    Buckets: 131072  Batches: 64  Memory Usage: 2415kB
                    ->  Seq Scan on title t  (cost=0.00..61283.27 rows=2528527 width=4) (actual time=0.050..3824.468 rows=2528312 loops=1)
Planning time: 1.176 ms
Execution time: 80320.477 ms
