Hash Join  (cost=256337.17..752748.31 rows=5056945 width=0) (actual time=7544.478..32603.346 rows=58132518 loops=1)
  Hash Cond: (mi.movie_id = t.id)
  ->  Seq Scan on movie_info mi  (cost=0.00..346232.03 rows=7235534 width=4) (actual time=0.016..6739.534 rows=7286865 loops=1)
        Filter: (info_type_id < 8)
        Rows Removed by Filter: 7548855
  ->  Hash  (cost=227343.19..227343.19 rows=1767198 width=8) (actual time=7542.046..7542.046 rows=3878469 loops=1)
        Buckets: 131072 (originally 131072)  Batches: 64 (originally 32)  Memory Usage: 3516kB
        ->  Hash Join  (cost=83810.17..227343.19 rows=1767198 width=8) (actual time=1490.425..6417.858 rows=3878469 loops=1)
              Hash Cond: (mk.movie_id = t.id)
              ->  Seq Scan on movie_keyword mk  (cost=0.00..69693.30 rows=4523930 width=4) (actual time=0.023..1496.431 rows=4523930 loops=1)
              ->  Hash  (cost=67604.59..67604.59 rows=987727 width=4) (actual time=1489.161..1489.161 rows=985048 loops=1)
                    Buckets: 131072  Batches: 16  Memory Usage: 3197kB
                    ->  Seq Scan on title t  (cost=0.00..67604.59 rows=987727 width=4) (actual time=0.028..1173.506 rows=985048 loops=1)
                          Filter: (kind_id < 7)
                          Rows Removed by Filter: 1543264
Planning time: 1.177 ms
Execution time: 39355.064 ms
