Seq Scan on movie_companies mc  (cost=0.00..57926.93 rows=51 width=0) (actual time=2052.854..2606.256 rows=2 loops=1)
  Filter: ((company_id = 2495) AND (company_type_id = 1))
  Rows Removed by Filter: 2609127
Planning time: 0.390 ms
Execution time: 2606.341 ms
