Hash Join  (cost=67697.55..866631.20 rows=2228 width=0) (actual time=30636.262..39121.735 rows=2126 loops=1)
  Hash Cond: (ci.movie_id = t.id)
  ->  Seq Scan on cast_info ci  (cost=0.00..796071.18 rows=757383 width=4) (actual time=27575.188..35558.575 rows=2287776 loops=1)
        Filter: ((person_id > 3614859) AND (role_id > 3))
        Rows Removed by Filter: 33956568
  ->  Hash  (cost=67604.59..67604.59 rows=7437 width=4) (actual time=3060.354..3060.354 rows=3077 loops=1)
        Buckets: 8192  Batches: 1  Memory Usage: 173kB
        ->  Seq Scan on title t  (cost=0.00..67604.59 rows=7437 width=4) (actual time=0.148..3058.308 rows=3077 loops=1)
              Filter: (production_year = 2014)
              Rows Removed by Filter: 2525235
Planning time: 0.820 ms
Execution time: 39122.678 ms
