Hash Join  (cost=203308.29..571484.82 rows=407071 width=0) (actual time=12337.791..29226.099 rows=700024 loops=1)
  Hash Cond: (mi.movie_id = t.id)
  ->  Seq Scan on movie_info mi  (cost=0.00..346232.03 rows=1272478 width=4) (actual time=2250.708..17528.001 rows=1325361 loops=1)
        Filter: (info_type_id = 8)
        Rows Removed by Filter: 13510359
  ->  Hash  (cost=190037.21..190037.21 rows=808887 width=8) (actual time=9962.241..9962.241 rows=597785 loops=1)
        Buckets: 131072  Batches: 16  Memory Usage: 2521kB
        ->  Hash Join  (cost=102767.86..190037.21 rows=808887 width=8) (actual time=5483.196..9769.626 rows=597785 loops=1)
              Hash Cond: (mc.movie_id = t.id)
              ->  Seq Scan on movie_companies mc  (cost=0.00..57926.93 rows=808887 width=4) (actual time=263.844..3008.710 rows=597785 loops=1)
                    Filter: ((company_id > 3909) AND (company_type_id = 1))
                    Rows Removed by Filter: 2011344
              ->  Hash  (cost=61283.27..61283.27 rows=2528527 width=4) (actual time=5217.610..5217.610 rows=2528312 loops=1)
                    Buckets: 131072  Batches: 64  Memory Usage: 2415kB
                    ->  Seq Scan on title t  (cost=0.00..61283.27 rows=2528527 width=4) (actual time=0.020..4126.496 rows=2528312 loops=1)
Planning time: 32.473 ms
Execution time: 29314.293 ms
