Hash Join  (cost=834301.82..2489041.49 rows=56883940 width=0) (actual time=42354.910..104931.432 rows=40933720 loops=1)
  Hash Cond: (ci.movie_id = t.id)
  ->  Seq Scan on cast_info ci  (cost=0.00..705507.15 rows=16014264 width=4) (actual time=0.015..36648.014 rows=16146757 loops=1)
        Filter: (person_id > 2018254)
        Rows Removed by Filter: 20097587
  ->  Hash  (cost=686947.71..686947.71 rows=8981529 width=8) (actual time=42353.139..42353.139 rows=3963336 loops=1)
        Buckets: 131072  Batches: 128  Memory Usage: 2196kB
        ->  Hash Join  (cost=92883.59..686947.71 rows=8981529 width=8) (actual time=5886.956..41125.236 rows=3963336 loops=1)
              Hash Cond: (mi.movie_id = t.id)
              ->  Seq Scan on movie_info mi  (cost=0.00..309384.22 rows=14739122 width=4) (actual time=0.005..22393.570 rows=14835720 loops=1)
              ->  Hash  (cost=67604.59..67604.59 rows=1540800 width=4) (actual time=5570.346..5570.346 rows=1543264 loops=1)
                    Buckets: 131072  Batches: 32  Memory Usage: 2728kB
                    ->  Seq Scan on title t  (cost=0.00..67604.59 rows=1540800 width=4) (actual time=0.019..4852.487 rows=1543264 loops=1)
                          Filter: (kind_id = 7)
                          Rows Removed by Filter: 985048
Planning time: 1.064 ms
Execution time: 110084.659 ms
