Hash Join  (cost=107819.01..257404.75 rows=2541499 width=0) (actual time=6743.201..14935.964 rows=2596165 loops=1)
  Hash Cond: (mk.movie_id = t.id)
  ->  Seq Scan on movie_keyword mk  (cost=0.00..81003.12 rows=2621724 width=4) (actual time=0.007..5251.990 rows=2611485 loops=1)
        Filter: (keyword_id > 3287)
        Rows Removed by Filter: 1912445
  ->  Hash  (cost=67604.59..67604.59 rows=2451154 width=4) (actual time=6741.977..6741.977 rows=2450346 loops=1)
        Buckets: 131072  Batches: 64  Memory Usage: 2381kB
        ->  Seq Scan on title t  (cost=0.00..67604.59 rows=2451154 width=4) (actual time=0.010..5400.762 rows=2450346 loops=1)
              Filter: (production_year > 1899)
              Rows Removed by Filter: 77966
Planning time: 0.728 ms
Execution time: 15259.868 ms
