Seq Scan on movie_keyword mk  (cost=0.00..81003.12 rows=2546680 width=0) (actual time=0.015..4527.795 rows=2537381 loops=1)
  Filter: (keyword_id < 6348)
  Rows Removed by Filter: 1986549
Planning time: 1.493 ms
Execution time: 4967.887 ms
