Hash Join  (cost=73982.55..420282.16 rows=32 width=0) (actual time=6724.321..19750.437 rows=5 loops=1)
  Hash Cond: (mi.movie_id = t.id)
  ->  Seq Scan on movie_info mi  (cost=0.00..346232.03 rows=17937 width=4) (actual time=3143.746..16174.779 rows=18539 loops=1)
        Filter: (info_type_id = 90)
        Rows Removed by Filter: 14817181
  ->  Hash  (cost=73925.90..73925.90 rows=4532 width=4) (actual time=3570.635..3570.635 rows=8420 loops=1)
        Buckets: 16384 (originally 8192)  Batches: 1 (originally 1)  Memory Usage: 425kB
        ->  Seq Scan on title t  (cost=0.00..73925.90 rows=4532 width=4) (actual time=0.047..3564.019 rows=8420 loops=1)
              Filter: ((kind_id = 7) AND (production_year = 1966))
              Rows Removed by Filter: 2519892
Planning time: 7.237 ms
Execution time: 19750.615 ms
