Hash Join  (cost=157568.89..283508.16 rows=323123 width=0) (actual time=7814.928..15282.676 rows=320024 loops=1)
  Hash Cond: (mk.movie_id = t.id)
  ->  Seq Scan on movie_keyword mk  (cost=0.00..69693.30 rows=4523930 width=4) (actual time=0.017..5017.433 rows=4523930 loops=1)
  ->  Hash  (cost=154605.38..154605.38 rows=180601 width=8) (actual time=7812.079..7812.079 rows=70417 loops=1)
        Buckets: 131072  Batches: 4  Memory Usage: 1718kB
        ->  Hash Join  (cost=85777.42..154605.38 rows=180601 width=8) (actual time=5227.475..7788.931 rows=70417 loops=1)
              Hash Cond: (mc.movie_id = t.id)
              ->  Seq Scan on movie_companies mc  (cost=0.00..57926.93 rows=412268 width=4) (actual time=315.338..2504.250 rows=232636 loops=1)
                    Filter: ((company_id < 1782) AND (company_type_id = 2))
                    Rows Removed by Filter: 2376493
              ->  Hash  (cost=67604.59..67604.59 rows=1107667 width=4) (actual time=4910.507..4910.507 rows=1107925 loops=1)
                    Buckets: 131072  Batches: 16  Memory Usage: 3460kB
                    ->  Seq Scan on title t  (cost=0.00..67604.59 rows=1107667 width=4) (actual time=0.019..4456.048 rows=1107925 loops=1)
                          Filter: (production_year > 2004)
                          Rows Removed by Filter: 1420387
Planning time: 1.102 ms
Execution time: 15326.859 ms
