Seq Scan on title t  (cost=0.00..67604.59 rows=2139302 width=0) (actual time=0.017..1255.114 rows=2132973 loops=1)
  Filter: (production_year > 1966)
  Rows Removed by Filter: 395339
Planning time: 0.329 ms
Execution time: 1524.054 ms
