Seq Scan on cast_info ci  (cost=0.00..796071.18 rows=23274523 width=0) (actual time=789.920..16387.997 rows=22784336 loops=1)
  Filter: ((person_id > 546878) AND (role_id < 6))
  Rows Removed by Filter: 13460008
Planning time: 0.372 ms
Execution time: 19146.402 ms
