Nested Loop  (cost=0.43..709674.40 rows=29 width=0) (actual time=10988.052..11082.195 rows=1 loops=1)
  ->  Seq Scan on cast_info ci  (cost=0.00..705507.15 rows=500 width=4) (actual time=10987.876..11081.761 rows=16 loops=1)
        Filter: (person_id = 3859657)
        Rows Removed by Filter: 36244328
  ->  Index Scan using title_pkey on title t  (cost=0.43..8.32 rows=1 width=4) (actual time=0.022..0.022 rows=0 loops=16)
        Index Cond: (id = ci.movie_id)
        Filter: ((production_year < 1983) AND (kind_id = 1))
        Rows Removed by Filter: 1
Planning time: 0.776 ms
Execution time: 11082.301 ms
