Seq Scan on movie_keyword mk  (cost=0.00..81003.12 rows=246 width=0) (actual time=4.539..3465.433 rows=450 loops=1)
  Filter: (keyword_id = 1125)
  Rows Removed by Filter: 4523480
Planning time: 5.088 ms
Execution time: 3465.796 ms
