Hash Join  (cost=161403.07..926836.21 rows=117547 width=0) (actual time=7774.472..44105.825 rows=44963 loops=1)
  Hash Cond: (ci.movie_id = t.id)
  ->  Seq Scan on cast_info ci  (cost=0.00..705507.15 rows=15666811 width=4) (actual time=0.025..32369.743 rows=15553469 loops=1)
        Filter: (person_id < 1534456)
        Rows Removed by Filter: 20690875
  ->  Hash  (cost=161165.93..161165.93 rows=18971 width=8) (actual time=7768.154..7768.154 rows=3249 loops=1)
        Buckets: 32768  Batches: 1  Memory Usage: 383kB
        ->  Hash Join  (cost=74323.94..161165.93 rows=18971 width=8) (actual time=4842.608..7766.610 rows=3249 loops=1)
              Hash Cond: (mk.movie_id = t.id)
              ->  Seq Scan on movie_keyword mk  (cost=0.00..81003.12 rows=1506441 width=4) (actual time=0.020..3896.063 rows=1517580 loops=1)
                    Filter: (keyword_id < 2199)
                    Rows Removed by Filter: 3006350
              ->  Hash  (cost=73925.90..73925.90 rows=31843 width=4) (actual time=3462.525..3462.525 rows=35656 loops=1)
                    Buckets: 65536 (originally 32768)  Batches: 1 (originally 1)  Memory Usage: 1766kB
                    ->  Seq Scan on title t  (cost=0.00..73925.90 rows=31843 width=4) (actual time=0.760..3444.132 rows=35656 loops=1)
                          Filter: ((kind_id = 7) AND (production_year = 2000))
                          Rows Removed by Filter: 2492656
Planning time: 1.170 ms
Execution time: 44114.215 ms
