Hash Join  (cost=832324.71..943780.15 rows=311088 width=0) (actual time=41208.795..45305.783 rows=932572 loops=1)
  Hash Cond: (mk.movie_id = t.id)
  ->  Seq Scan on movie_keyword mk  (cost=0.00..81003.12 rows=2246249 width=4) (actual time=0.011..2919.907 rows=2245871 loops=1)
        Filter: (keyword_id < 4629)
        Rows Removed by Filter: 2278059
  ->  Hash  (cost=826579.45..826579.45 rows=350181 width=8) (actual time=41208.064..41208.064 rows=316118 loops=1)
        Buckets: 131072  Batches: 8  Memory Usage: 2577kB
        ->  Hash Join  (cost=102767.86..826579.45 rows=350181 width=8) (actual time=11340.614..41105.214 rows=316118 loops=1)
              Hash Cond: (ci.movie_id = t.id)
              ->  Seq Scan on cast_info ci  (cost=0.00..705507.15 rows=350181 width=4) (actual time=5866.988..34872.322 rows=316118 loops=1)
                    Filter: (role_id > 10)
                    Rows Removed by Filter: 35928226
              ->  Hash  (cost=61283.27..61283.27 rows=2528527 width=4) (actual time=5472.664..5472.664 rows=2528312 loops=1)
                    Buckets: 131072  Batches: 64  Memory Usage: 2415kB
                    ->  Seq Scan on title t  (cost=0.00..61283.27 rows=2528527 width=4) (actual time=0.019..4145.666 rows=2528312 loops=1)
Planning time: 1.094 ms
Execution time: 45403.512 ms
