Hash Join  (cost=213876.94..1428881.10 rows=17639099 width=0) (actual time=4961.853..47778.564 rows=42463036 loops=1)
  Hash Cond: (ci.movie_id = t.id)
  ->  Seq Scan on cast_info ci  (cost=0.00..614943.12 rows=36225612 width=4) (actual time=0.013..13130.897 rows=36244344 loops=1)
  ->  Hash  (cost=193676.95..193676.95 rows=1231199 width=8) (actual time=4960.586..4960.586 rows=1219174 loops=1)
        Buckets: 131072  Batches: 32  Memory Usage: 2480kB
        ->  Hash Join  (cost=102767.86..193676.95 rows=1231199 width=8) (actual time=1853.646..4549.178 rows=1219174 loops=1)
              Hash Cond: (mc.movie_id = t.id)
              ->  Seq Scan on movie_companies mc  (cost=0.00..51404.11 rows=1231199 width=4) (actual time=0.020..968.520 rows=1219174 loops=1)
                    Filter: (company_id < 11138)
                    Rows Removed by Filter: 1389955
              ->  Hash  (cost=61283.27..61283.27 rows=2528527 width=4) (actual time=1852.742..1852.742 rows=2528312 loops=1)
                    Buckets: 131072  Batches: 64  Memory Usage: 2415kB
                    ->  Seq Scan on title t  (cost=0.00..61283.27 rows=2528527 width=4) (actual time=0.025..1006.932 rows=2528312 loops=1)
Planning time: 1.314 ms
Execution time: 52749.814 ms
