Hash Join  (cost=158730.38..684591.83 rows=4316249 width=0) (actual time=6698.576..36883.584 rows=3468441 loops=1)
  Hash Cond: (mi.movie_id = t.id)
  ->  Seq Scan on movie_info mi  (cost=0.00..309384.22 rows=14739122 width=4) (actual time=0.016..19551.760 rows=14835720 loops=1)
  ->  Hash  (cost=146581.61..146581.61 rows=740462 width=8) (actual time=6697.379..6697.379 rows=394707 loops=1)
        Buckets: 131072  Batches: 16  Memory Usage: 1995kB
        ->  Hash Join  (cost=96184.51..146581.61 rows=740462 width=8) (actual time=3945.070..6561.432 rows=394707 loops=1)
              Hash Cond: (mi_idx.movie_id = t.id)
              ->  Seq Scan on movie_info_idx mi_idx  (cost=0.00..21735.35 rows=1380035 width=4) (actual time=0.019..1529.652 rows=1380035 loops=1)
              ->  Hash  (cost=73925.90..73925.90 rows=1356688 width=4) (actual time=3846.526..3846.526 rows=1327781 loops=1)
                    Buckets: 131072  Batches: 32  Memory Usage: 2479kB
                    ->  Seq Scan on title t  (cost=0.00..73925.90 rows=1356688 width=4) (actual time=714.706..3348.465 rows=1327781 loops=1)
                          Filter: ((production_year < 2012) AND (kind_id = 7))
                          Rows Removed by Filter: 1200531
Planning time: 1.098 ms
Execution time: 37293.957 ms
