Nested Loop  (cost=0.43..797555.70 rows=176 width=0) (actual time=9999.762..34485.263 rows=3 loops=1)
  ->  Seq Scan on cast_info ci  (cost=0.00..796071.18 rows=176 width=4) (actual time=9998.697..34483.371 rows=3 loops=1)
        Filter: ((person_id = 1419644) AND (role_id = 1))
        Rows Removed by Filter: 36244341
  ->  Index Only Scan using title_pkey on title t  (cost=0.43..8.42 rows=1 width=4) (actual time=0.584..0.586 rows=1 loops=3)
        Index Cond: (id = ci.movie_id)
        Heap Fetches: 3
Planning time: 0.790 ms
Execution time: 34485.335 ms
