Nested Loop  (cost=0.43..83071.67 rows=246 width=0) (actual time=84.118..1257.589 rows=62 loops=1)
  ->  Seq Scan on movie_keyword mk  (cost=0.00..81003.12 rows=246 width=4) (actual time=84.017..1256.158 rows=62 loops=1)
        Filter: (keyword_id = 31917)
        Rows Removed by Filter: 4523868
  ->  Index Only Scan using title_pkey on title t  (cost=0.43..8.40 rows=1 width=4) (actual time=0.020..0.021 rows=1 loops=62)
        Index Cond: (id = mk.movie_id)
        Heap Fetches: 62
Planning time: 0.800 ms
Execution time: 1257.676 ms
