Seq Scan on movie_keyword mk  (cost=0.00..81003.12 rows=2860255 width=0) (actual time=0.021..1363.643 rows=2846398 loops=1)
  Filter: (keyword_id > 2576)
  Rows Removed by Filter: 1677532
Planning time: 0.246 ms
Execution time: 1703.938 ms
