Hash Join  (cost=102767.86..1013224.78 rows=8106817 width=0) (actual time=3293.245..22257.961 rows=7980036 loops=1)
  Hash Cond: (ci.movie_id = t.id)
  ->  Seq Scan on cast_info ci  (cost=0.00..705507.15 rows=8106817 width=4) (actual time=1307.593..12487.316 rows=7980036 loops=1)
        Filter: (person_id < 780032)
        Rows Removed by Filter: 28264308
  ->  Hash  (cost=61283.27..61283.27 rows=2528527 width=4) (actual time=1984.463..1984.463 rows=2528312 loops=1)
        Buckets: 131072  Batches: 64  Memory Usage: 2415kB
        ->  Seq Scan on title t  (cost=0.00..61283.27 rows=2528527 width=4) (actual time=0.021..1172.677 rows=2528312 loops=1)
Planning time: 0.559 ms
Execution time: 23177.467 ms
