Hash Join  (cost=85935.55..223893.71 rows=1309612 width=0) (actual time=1546.371..5495.750 rows=2529492 loops=1)
  Hash Cond: (mk.movie_id = t.id)
  ->  Seq Scan on movie_keyword mk  (cost=0.00..69693.30 rows=4523930 width=4) (actual time=0.019..1400.924 rows=4523930 loops=1)
  ->  Hash  (cost=73925.90..73925.90 rows=731972 width=4) (actual time=1545.405..1545.405 rows=635910 loops=1)
        Buckets: 131072  Batches: 16  Memory Usage: 2429kB
        ->  Seq Scan on title t  (cost=0.00..73925.90 rows=731972 width=4) (actual time=0.025..1331.841 rows=635910 loops=1)
              Filter: ((kind_id < 7) AND (production_year > 1984))
              Rows Removed by Filter: 1892402
Planning time: 0.776 ms
Execution time: 5772.921 ms
