Hash Join  (cost=80549.28..804142.29 rows=200282 width=0) (actual time=8640.909..13207.221 rows=359121 loops=1)
  Hash Cond: (ci.movie_id = t.id)
  ->  Seq Scan on cast_info ci  (cost=0.00..705507.15 rows=1254411 width=4) (actual time=7272.220..11061.565 rows=1279612 loops=1)
        Filter: (person_id > 3814207)
        Rows Removed by Filter: 34964732
  ->  Hash  (cost=73925.90..73925.90 rows=403710 width=4) (actual time=1367.568..1367.568 rows=434218 loops=1)
        Buckets: 131072  Batches: 8  Memory Usage: 2935kB
        ->  Seq Scan on title t  (cost=0.00..73925.90 rows=403710 width=4) (actual time=0.036..1226.948 rows=434218 loops=1)
              Filter: ((production_year > 2008) AND (kind_id = 7))
              Rows Removed by Filter: 2094094
Planning time: 0.807 ms
Execution time: 13249.903 ms
