Hash Join  (cost=83074.74..447745.01 rows=1434 width=0) (actual time=1367.674..8337.226 rows=40 loops=1)
  Hash Cond: (mi.movie_id = t.id)
  ->  Seq Scan on movie_info mi  (cost=0.00..309384.22 rows=14739122 width=4) (actual time=0.019..4442.151 rows=14835720 loops=1)
  ->  Hash  (cost=83071.67..83071.67 rows=246 width=8) (actual time=1202.506..1202.506 rows=5 loops=1)
        Buckets: 1024  Batches: 1  Memory Usage: 9kB
        ->  Nested Loop  (cost=0.43..83071.67 rows=246 width=8) (actual time=841.816..1202.495 rows=5 loops=1)
              ->  Seq Scan on movie_keyword mk  (cost=0.00..81003.12 rows=246 width=4) (actual time=841.743..1202.337 rows=5 loops=1)
                    Filter: (keyword_id = 52499)
                    Rows Removed by Filter: 4523925
              ->  Index Only Scan using title_pkey on title t  (cost=0.43..8.40 rows=1 width=4) (actual time=0.026..0.026 rows=1 loops=5)
                    Index Cond: (id = mk.movie_id)
                    Heap Fetches: 5
Planning time: 1.187 ms
Execution time: 8337.354 ms
