Seq Scan on movie_companies mc  (cost=0.00..57926.93 rows=1281260 width=0) (actual time=0.015..1151.864 rows=1239513 loops=1)
  Filter: ((company_id < 160357) AND (company_type_id = 2))
  Rows Removed by Filter: 1369616
Planning time: 0.279 ms
Execution time: 1298.646 ms
