Hash Join  (cost=536284.38..1842775.43 rows=22136982 width=0) (actual time=10975.573..50049.347 rows=27948487 loops=1)
  Hash Cond: (ci.movie_id = t.id)
  ->  Seq Scan on cast_info ci  (cost=0.00..614943.12 rows=36225612 width=4) (actual time=0.013..13647.057 rows=36244344 loops=1)
  ->  Hash  (cost=510934.02..510934.02 rows=1545149 width=8) (actual time=10973.903..10973.903 rows=1328331 loops=1)
        Buckets: 131072  Batches: 32  Memory Usage: 2626kB
        ->  Hash Join  (cost=78473.92..510934.02 rows=1545149 width=8) (actual time=1451.335..10626.459 rows=1328331 loops=1)
              Hash Cond: (mi.movie_id = t.id)
              ->  Seq Scan on movie_info mi  (cost=0.00..346232.03 rows=5897221 width=4) (actual time=0.012..6042.392 rows=5884963 loops=1)
                    Filter: (info_type_id < 7)
                    Rows Removed by Filter: 8950757
              ->  Hash  (cost=67604.59..67604.59 rows=662507 width=4) (actual time=1450.343..1450.343 rows=662065 loops=1)
                    Buckets: 131072  Batches: 16  Memory Usage: 2487kB
                    ->  Seq Scan on title t  (cost=0.00..67604.59 rows=662507 width=4) (actual time=0.019..1221.568 rows=662065 loops=1)
                          Filter: (production_year > 2008)
                          Rows Removed by Filter: 1866247
Planning time: 1.117 ms
Execution time: 53142.834 ms
