Hash Join  (cost=196043.17..1131662.25 rows=4032405 width=0) (actual time=6389.784..27910.616 rows=5205695 loops=1)
  Hash Cond: (ci.movie_id = t.id)
  ->  Seq Scan on cast_info ci  (cost=0.00..705507.15 rows=16201301 width=4) (actual time=2524.564..14750.945 rows=16121683 loops=1)
        Filter: (role_id > 2)
        Rows Removed by Filter: 20122661
  ->  Hash  (cost=185717.49..185717.49 rows=629335 width=8) (actual time=3863.986..3863.986 rows=399354 loops=1)
        Buckets: 131072  Batches: 16  Memory Usage: 1992kB
        ->  Hash Join  (cost=102767.86..185717.49 rows=629335 width=8) (actual time=1946.421..3741.472 rows=399354 loops=1)
              Hash Cond: (mc.movie_id = t.id)
              ->  Seq Scan on movie_companies mc  (cost=0.00..57926.93 rows=629335 width=4) (actual time=0.037..1010.878 rows=399354 loops=1)
                    Filter: ((company_id < 11141) AND (company_type_id = 2))
                    Rows Removed by Filter: 2209775
              ->  Hash  (cost=61283.27..61283.27 rows=2528527 width=4) (actual time=1944.867..1944.867 rows=2528312 loops=1)
                    Buckets: 131072  Batches: 64  Memory Usage: 2415kB
                    ->  Seq Scan on title t  (cost=0.00..61283.27 rows=2528527 width=4) (actual time=0.027..1087.718 rows=2528312 loops=1)
Planning time: 1.157 ms
Execution time: 28491.880 ms
