Seq Scan on title t  (cost=0.00..73925.90 rows=85616 width=0) (actual time=0.027..1236.754 rows=88345 loops=1)
  Filter: ((production_year < 2013) AND (kind_id = 2))
  Rows Removed by Filter: 2439967
Planning time: 0.309 ms
Execution time: 1249.701 ms
