Hash Join  (cost=78556.72..112955.10 rows=122743 width=0) (actual time=1388.398..2238.998 rows=145185 loops=1)
  Hash Cond: (mi_idx.movie_id = t.id)
  ->  Seq Scan on movie_info_idx mi_idx  (cost=0.00..25185.44 rows=464934 width=4) (actual time=0.019..470.199 rows=460185 loops=1)
        Filter: (info_type_id > 100)
        Rows Removed by Filter: 919850
  ->  Hash  (cost=67604.59..67604.59 rows=667531 width=4) (actual time=1386.607..1386.607 rows=662834 loops=1)
        Buckets: 131072  Batches: 16  Memory Usage: 2478kB
        ->  Seq Scan on title t  (cost=0.00..67604.59 rows=667531 width=4) (actual time=0.019..1173.852 rows=662834 loops=1)
              Filter: (production_year < 1989)
              Rows Removed by Filter: 1865478
Planning time: 0.703 ms
Execution time: 2257.733 ms
