Hash Join  (cost=96184.51..134357.52 rows=243661 width=0) (actual time=1830.752..2766.760 rows=131569 loops=1)
  Hash Cond: (mi_idx.movie_id = t.id)
  ->  Seq Scan on movie_info_idx mi_idx  (cost=0.00..25185.44 rows=454124 width=4) (actual time=0.010..472.675 rows=459925 loops=1)
        Filter: (info_type_id = 100)
        Rows Removed by Filter: 920110
  ->  Hash  (cost=73925.90..73925.90 rows=1356688 width=4) (actual time=1829.708..1829.708 rows=1327781 loops=1)
        Buckets: 131072  Batches: 32  Memory Usage: 2479kB
        ->  Seq Scan on title t  (cost=0.00..73925.90 rows=1356688 width=4) (actual time=0.023..1400.077 rows=1327781 loops=1)
              Filter: ((production_year < 2012) AND (kind_id = 7))
              Rows Removed by Filter: 1200531
Planning time: 0.733 ms
Execution time: 2782.877 ms
