Seq Scan on movie_keyword mk  (cost=0.00..81003.12 rows=246 width=0) (actual time=740.400..1240.741 rows=5 loops=1)
  Filter: (keyword_id = 40589)
  Rows Removed by Filter: 4523925
Planning time: 0.319 ms
Execution time: 1240.820 ms
