Hash Join  (cost=131590.95..498053.26 rows=180639 width=0) (actual time=2751.163..16350.246 rows=4037142 loops=1)
  Hash Cond: (mi.movie_id = t.id)
  ->  Seq Scan on movie_info mi  (cost=0.00..309384.22 rows=14739122 width=4) (actual time=0.012..5221.730 rows=14835720 loops=1)
  ->  Hash  (cost=131203.58..131203.58 rows=30989 width=8) (actual time=2747.237..2747.237 rows=186522 loops=1)
        Buckets: 131072 (originally 32768)  Batches: 2 (originally 1)  Memory Usage: 4681kB
        ->  Hash Join  (cost=74691.39..131203.58 rows=30989 width=8) (actual time=1168.216..2681.751 rows=186522 loops=1)
              Hash Cond: (mc.movie_id = t.id)
              ->  Seq Scan on movie_companies mc  (cost=0.00..51404.11 rows=1279517 width=4) (actual time=0.030..920.575 rows=1274246 loops=1)
                    Filter: (company_type_id = 1)
                    Rows Removed by Filter: 1334883
              ->  Hash  (cost=73925.90..73925.90 rows=61239 width=4) (actual time=1167.731..1167.731 rows=159561 loops=1)
                    Buckets: 131072 (originally 65536)  Batches: 2 (originally 1)  Memory Usage: 3830kB
                    ->  Seq Scan on title t  (cost=0.00..73925.90 rows=61239 width=4) (actual time=0.016..1106.751 rows=159561 loops=1)
                          Filter: ((kind_id < 7) AND (production_year < 1949))
                          Rows Removed by Filter: 2368751
Planning time: 1.157 ms
Execution time: 16842.038 ms
