Hash Join  (cost=136074.44..217484.00 rows=173 width=0) (actual time=2431.008..3872.454 rows=4372 loops=1)
  Hash Cond: (mk.movie_id = t.id)
  ->  Seq Scan on movie_keyword mk  (cost=0.00..81003.12 rows=107921 width=4) (actual time=0.017..1418.904 rows=107308 loops=1)
        Filter: (keyword_id > 80685)
        Rows Removed by Filter: 4416622
  ->  Hash  (cost=136023.74..136023.74 rows=4056 width=8) (actual time=2429.347..2429.347 rows=5757 loops=1)
        Buckets: 8192 (originally 4096)  Batches: 1 (originally 1)  Memory Usage: 289kB
        ->  Hash Join  (cost=74045.78..136023.74 rows=4056 width=8) (actual time=1150.430..2426.758 rows=5757 loops=1)
              Hash Cond: (mc.movie_id = t.id)
              ->  Seq Scan on movie_companies mc  (cost=0.00..57926.93 rows=1069457 width=4) (actual time=0.025..1112.123 rows=1198152 loops=1)
                    Filter: ((company_id > 466) AND (company_type_id = 2))
                    Rows Removed by Filter: 1410977
              ->  Hash  (cost=73925.90..73925.90 rows=9590 width=4) (actual time=1113.476..1113.476 rows=5862 loops=1)
                    Buckets: 16384  Batches: 1  Memory Usage: 335kB
                    ->  Seq Scan on title t  (cost=0.00..73925.90 rows=9590 width=4) (actual time=0.058..1110.623 rows=5862 loops=1)
                          Filter: ((kind_id = 1) AND (production_year = 1996))
                          Rows Removed by Filter: 2522450
Planning time: 1.220 ms
Execution time: 3873.255 ms
