Hash Join  (cost=163823.59..191028.11 rows=29404 width=0) (actual time=2855.354..3480.274 rows=64828 loops=1)
  Hash Cond: (mi_idx.movie_id = t.id)
  ->  Seq Scan on movie_info_idx mi_idx  (cost=0.00..21735.35 rows=1380035 width=4) (actual time=0.007..327.631 rows=1380035 loops=1)
  ->  Hash  (cost=163150.15..163150.15 rows=53875 width=8) (actual time=2854.976..2854.976 rows=33723 loops=1)
        Buckets: 65536  Batches: 1  Memory Usage: 1830kB
        ->  Hash Join  (cost=69928.56..163150.15 rows=53875 width=8) (actual time=1072.317..2842.345 rows=33723 loops=1)
              Hash Cond: (mk.movie_id = t.id)
              ->  Seq Scan on movie_keyword mk  (cost=0.00..81003.12 rows=962056 width=4) (actual time=0.023..1400.035 rows=966214 loops=1)
                    Filter: (keyword_id < 910)
                    Rows Removed by Filter: 3557716
              ->  Hash  (cost=67604.59..67604.59 rows=141598 width=4) (actual time=1071.021..1071.021 rows=141703 loops=1)
                    Buckets: 131072  Batches: 2  Memory Usage: 3517kB
                    ->  Seq Scan on title t  (cost=0.00..67604.59 rows=141598 width=4) (actual time=0.017..1017.722 rows=141703 loops=1)
                          Filter: (production_year = 2010)
                          Rows Removed by Filter: 2386609
Planning time: 1.137 ms
Execution time: 3488.497 ms
