Seq Scan on movie_keyword mk  (cost=0.00..81003.12 rows=2395569 width=0) (actual time=0.022..1377.024 rows=2396249 loops=1)
  Filter: (keyword_id < 5569)
  Rows Removed by Filter: 2127681
Planning time: 0.293 ms
Execution time: 1678.779 ms
