Hash Join  (cost=123015.17..210058.33 rows=38512 width=0) (actual time=2415.318..4288.085 rows=16256 loops=1)
  Hash Cond: (mk.movie_id = t.id)
  ->  Seq Scan on movie_keyword mk  (cost=0.00..69693.30 rows=4523930 width=4) (actual time=0.007..1003.601 rows=4523930 loops=1)
  ->  Hash  (cost=122746.11..122746.11 rows=21525 width=8) (actual time=2412.762..2412.762 rows=35883 loops=1)
        Buckets: 65536 (originally 32768)  Batches: 1 (originally 1)  Memory Usage: 1914kB
        ->  Hash Join  (cost=67865.34..122746.11 rows=21525 width=8) (actual time=1115.911..2396.823 rows=35883 loops=1)
              Hash Cond: (mc.movie_id = t.id)
              ->  Seq Scan on movie_companies mc  (cost=0.00..44881.29 rows=2609129 width=4) (actual time=0.016..667.753 rows=2609129 loops=1)
              ->  Hash  (cost=67604.59..67604.59 rows=20860 width=4) (actual time=1115.714..1115.714 rows=18379 loops=1)
                    Buckets: 32768  Batches: 1  Memory Usage: 903kB
                    ->  Seq Scan on title t  (cost=0.00..67604.59 rows=20860 width=4) (actual time=0.050..1107.645 rows=18379 loops=1)
                          Filter: (production_year < 1908)
                          Rows Removed by Filter: 2509933
Planning time: 1.086 ms
Execution time: 4290.831 ms
