Hash Join  (cost=102767.86..1433532.74 rows=21810443 width=0) (actual time=2124.529..37392.430 rows=21825405 loops=1)
  Hash Cond: (ci.movie_id = t.id)
  ->  Seq Scan on cast_info ci  (cost=0.00..796071.18 rows=21810443 width=4) (actual time=0.020..17537.823 rows=21825405 loops=1)
        Filter: ((person_id > 1393865) AND (role_id < 11))
        Rows Removed by Filter: 14418939
  ->  Hash  (cost=61283.27..61283.27 rows=2528527 width=4) (actual time=2123.574..2123.574 rows=2528312 loops=1)
        Buckets: 131072  Batches: 64  Memory Usage: 2415kB
        ->  Seq Scan on title t  (cost=0.00..61283.27 rows=2528527 width=4) (actual time=0.009..1064.632 rows=2528312 loops=1)
Planning time: 0.771 ms
Execution time: 39881.680 ms
