Seq Scan on movie_companies mc  (cost=0.00..51404.11 rows=1703731 width=0) (actual time=0.029..957.161 rows=1705999 loops=1)
  Filter: (company_id > 2927)
  Rows Removed by Filter: 903130
Planning time: 0.326 ms
Execution time: 1174.182 ms
