Hash Join  (cost=797490.14..1162155.86 rows=979 width=0) (actual time=12613.399..19068.196 rows=360 loops=1)
  Hash Cond: (mi.movie_id = t.id)
  ->  Seq Scan on movie_info mi  (cost=0.00..309384.22 rows=14739122 width=4) (actual time=0.015..3943.465 rows=14835720 loops=1)
  ->  Hash  (cost=797488.04..797488.04 rows=168 width=8) (actual time=12574.788..12574.788 rows=60 loops=1)
        Buckets: 1024  Batches: 1  Memory Usage: 11kB
        ->  Nested Loop  (cost=0.43..797488.04 rows=168 width=8) (actual time=3944.357..12574.752 rows=60 loops=1)
              ->  Seq Scan on cast_info ci  (cost=0.00..796071.18 rows=168 width=4) (actual time=3944.207..12573.766 rows=60 loops=1)
                    Filter: ((role_id > 3) AND (person_id = 3554703))
                    Rows Removed by Filter: 36244284
              ->  Index Only Scan using title_pkey on title t  (cost=0.43..8.42 rows=1 width=4) (actual time=0.015..0.015 rows=1 loops=60)
                    Index Cond: (id = ci.movie_id)
                    Heap Fetches: 60
Planning time: 1.258 ms
Execution time: 19068.455 ms
