Hash Join  (cost=249606.14..1090272.42 rows=5010938 width=0) (actual time=6281.088..25814.476 rows=11136772 loops=1)
  Hash Cond: (ci.movie_id = t.id)
  ->  Seq Scan on cast_info ci  (cost=0.00..705507.15 rows=5993351 width=4) (actual time=112.976..12298.584 rows=5898860 loops=1)
        Filter: (person_id < 571186)
        Rows Removed by Filter: 30345484
  ->  Hash  (cost=214921.41..214921.41 rows=2114058 width=8) (actual time=6167.181..6167.181 rows=2111112 loops=1)
        Buckets: 131072  Batches: 32  Memory Usage: 3561kB
        ->  Hash Join  (cost=102767.86..214921.41 rows=2114058 width=8) (actual time=1995.051..5600.216 rows=2111112 loops=1)
              Hash Cond: (mc.movie_id = t.id)
              ->  Seq Scan on movie_companies mc  (cost=0.00..51404.11 rows=2114058 width=4) (actual time=0.033..1179.505 rows=2111112 loops=1)
                    Filter: (company_id < 74343)
                    Rows Removed by Filter: 498017
              ->  Hash  (cost=61283.27..61283.27 rows=2528527 width=4) (actual time=1994.094..1994.094 rows=2528312 loops=1)
                    Buckets: 131072  Batches: 64  Memory Usage: 2415kB
                    ->  Seq Scan on title t  (cost=0.00..61283.27 rows=2528527 width=4) (actual time=0.013..1167.327 rows=2528312 loops=1)
Planning time: 1.116 ms
Execution time: 27086.823 ms
