Hash Join  (cost=77934.62..210369.61 rows=867743 width=0) (actual time=1283.735..4914.600 rows=1183697 loops=1)
  Hash Cond: (mk.movie_id = t.id)
  ->  Seq Scan on movie_keyword mk  (cost=0.00..81003.12 rows=3484914 width=4) (actual time=0.024..1714.421 rows=3474800 loops=1)
        Filter: (keyword_id < 16915)
        Rows Removed by Filter: 1049130
  ->  Hash  (cost=67604.59..67604.59 rows=629603 width=4) (actual time=1282.289..1282.289 rows=622851 loops=1)
        Buckets: 131072  Batches: 16  Memory Usage: 2394kB
        ->  Seq Scan on title t  (cost=0.00..67604.59 rows=629603 width=4) (actual time=0.022..1076.614 rows=622851 loops=1)
              Filter: (production_year < 1987)
              Rows Removed by Filter: 1905461
Planning time: 0.714 ms
Execution time: 5063.464 ms
