Seq Scan on movie_keyword mk  (cost=0.00..81003.12 rows=809528 width=0) (actual time=0.023..1347.021 rows=812471 loops=1)
  Filter: (keyword_id > 22572)
  Rows Removed by Filter: 3711459
Planning time: 0.297 ms
Execution time: 1449.537 ms
