Hash Join  (cost=74802.04..162714.12 rows=125404 width=0) (actual time=1181.343..4143.478 rows=708353 loops=1)
  Hash Cond: (mk.movie_id = t.id)
  ->  Seq Scan on movie_keyword mk  (cost=0.00..69693.30 rows=4523930 width=4) (actual time=0.008..1112.244 rows=4523930 loops=1)
  ->  Hash  (cost=73925.90..73925.90 rows=70091 width=4) (actual time=1180.525..1180.525 rows=195608 loops=1)
        Buckets: 131072 (originally 131072)  Batches: 4 (originally 1)  Memory Usage: 3073kB
        ->  Seq Scan on title t  (cost=0.00..73925.90 rows=70091 width=4) (actual time=394.313..1100.990 rows=195608 loops=1)
              Filter: ((production_year < 1962) AND (kind_id = 1))
              Rows Removed by Filter: 2332704
Planning time: 0.757 ms
Execution time: 4227.081 ms
