Hash Join  (cost=95298.09..877279.16 rows=68411 width=0) (actual time=1216.693..16112.702 rows=166130 loops=1)
  Hash Cond: (ci.movie_id = t.id)
  ->  Seq Scan on cast_info ci  (cost=0.00..705507.15 rows=20210613 width=4) (actual time=0.010..11081.182 rows=20327586 loops=1)
        Filter: (person_id > 1573715)
        Rows Removed by Filter: 15916758
  ->  Hash  (cost=95191.11..95191.11 rows=8559 width=8) (actual time=1216.547..1216.547 rows=9593 loops=1)
        Buckets: 16384  Batches: 1  Memory Usage: 503kB
        ->  Hash Join  (cost=68191.41..95191.11 rows=8559 width=8) (actual time=934.374..1213.666 rows=9593 loops=1)
              Hash Cond: (mi_idx.movie_id = t.id)
              ->  Seq Scan on movie_info_idx mi_idx  (cost=0.00..25185.44 rows=460978 width=4) (actual time=0.011..189.619 rows=459925 loops=1)
                    Filter: (info_type_id < 100)
                    Rows Removed by Filter: 920110
              ->  Hash  (cost=67604.59..67604.59 rows=46946 width=4) (actual time=934.063..934.063 rows=46583 loops=1)
                    Buckets: 65536  Batches: 1  Memory Usage: 2150kB
                    ->  Seq Scan on title t  (cost=0.00..67604.59 rows=46946 width=4) (actual time=0.030..913.758 rows=46583 loops=1)
                          Filter: (production_year = 1998)
                          Rows Removed by Filter: 2481729
Planning time: 1.023 ms
Execution time: 16145.239 ms
