Nested Loop  (cost=25190.47..106244.59 rows=1 width=0) (actual time=1083.978..1629.102 rows=2 loops=1)
  ->  Hash Join  (cost=25190.04..106236.22 rows=1 width=8) (actual time=1083.907..1628.979 rows=2 loops=1)
        Hash Cond: (mk.movie_id = mi_idx.movie_id)
        ->  Seq Scan on movie_keyword mk  (cost=0.00..81003.12 rows=246 width=4) (actual time=6.379..1224.903 rows=185 loops=1)
              Filter: (keyword_id = 8148)
              Rows Removed by Filter: 4523745
        ->  Hash  (cost=25185.44..25185.44 rows=368 width=4) (actual time=403.805..403.805 rows=260 loops=1)
              Buckets: 1024  Batches: 1  Memory Usage: 18kB
              ->  Seq Scan on movie_info_idx mi_idx  (cost=0.00..25185.44 rows=368 width=4) (actual time=146.273..403.704 rows=260 loops=1)
                    Filter: (info_type_id > 101)
                    Rows Removed by Filter: 1379775
  ->  Index Only Scan using title_pkey on title t  (cost=0.43..8.36 rows=1 width=4) (actual time=0.048..0.049 rows=1 loops=2)
        Index Cond: (id = mi_idx.movie_id)
        Heap Fetches: 2
Planning time: 1.140 ms
Execution time: 1629.194 ms
