Hash Join  (cost=74181.07..101132.39 rows=3722 width=0) (actual time=766.384..1002.417 rows=7888 loops=1)
  Hash Cond: (mi_idx.movie_id = t.id)
  ->  Seq Scan on movie_info_idx mi_idx  (cost=0.00..25185.44 rows=460978 width=4) (actual time=0.022..182.486 rows=459925 loops=1)
        Filter: (info_type_id = 99)
        Rows Removed by Filter: 920110
  ->  Hash  (cost=73925.90..73925.90 rows=20413 width=4) (actual time=766.154..766.154 rows=17357 loops=1)
        Buckets: 32768  Batches: 1  Memory Usage: 867kB
        ->  Seq Scan on title t  (cost=0.00..73925.90 rows=20413 width=4) (actual time=0.064..759.308 rows=17357 loops=1)
              Filter: ((kind_id < 7) AND (production_year = 2000))
              Rows Removed by Filter: 2510955
Planning time: 0.797 ms
Execution time: 1003.387 ms
