Hash Join  (cost=76656.98..144961.18 rows=87504 width=0) (actual time=1877.005..2708.319 rows=48804 loops=1)
  Hash Cond: (mc.movie_id = t.id)
  ->  Seq Scan on movie_companies mc  (cost=0.00..51404.11 rows=1329612 width=4) (actual time=0.021..1015.167 rows=1334883 loops=1)
        Filter: (company_type_id = 2)
        Rows Removed by Filter: 1274246
  ->  Hash  (cost=73925.90..73925.90 rows=166406 width=4) (actual time=1145.959..1145.959 rows=66078 loops=1)
        Buckets: 131072  Batches: 4  Memory Usage: 1604kB
        ->  Seq Scan on title t  (cost=0.00..73925.90 rows=166406 width=4) (actual time=0.023..1121.792 rows=66078 loops=1)
              Filter: ((production_year < 1963) AND (kind_id = 7))
              Rows Removed by Filter: 2462234
Planning time: 0.773 ms
Execution time: 2714.380 ms
