Seq Scan on movie_keyword mk  (cost=0.00..81003.12 rows=246 width=0) (actual time=21.420..1336.371 rows=196 loops=1)
  Filter: (keyword_id = 1463)
  Rows Removed by Filter: 4523734
Planning time: 0.362 ms
Execution time: 1336.598 ms
