Seq Scan on movie_keyword mk  (cost=0.00..81003.12 rows=1480557 width=0) (actual time=0.019..1369.780 rows=1491993 loops=1)
  Filter: (keyword_id > 10892)
  Rows Removed by Filter: 3031937
Planning time: 0.288 ms
Execution time: 1559.206 ms
