Hash Join  (cost=100619.42..913127.38 rows=31713 width=0) (actual time=1610.601..13573.446 rows=10664 loops=1)
  Hash Cond: (ci.movie_id = t.id)
  ->  Seq Scan on cast_info ci  (cost=0.00..796071.18 rows=4298577 width=4) (actual time=4.093..11845.756 rows=415362 loops=1)
        Filter: ((person_id > 3000886) AND (role_id < 4))
        Rows Removed by Filter: 35828982
  ->  Hash  (cost=100386.24..100386.24 rows=18654 width=8) (actual time=1606.185..1606.185 rows=37049 loops=1)
        Buckets: 65536 (originally 32768)  Batches: 1 (originally 1)  Memory Usage: 1960kB
        ->  Hash Join  (cost=69283.60..100386.24 rows=18654 width=8) (actual time=970.262..1594.738 rows=37049 loops=1)
              Hash Cond: (mi_idx.movie_id = t.id)
              ->  Seq Scan on movie_info_idx mi_idx  (cost=0.00..25185.44 rows=460978 width=4) (actual time=0.019..449.993 rows=459925 loops=1)
                    Filter: (info_type_id < 100)
                    Rows Removed by Filter: 920110
              ->  Hash  (cost=67604.59..67604.59 rows=102321 width=4) (actual time=969.519..969.519 rows=100537 loops=1)
                    Buckets: 131072  Batches: 2  Memory Usage: 2797kB
                    ->  Seq Scan on title t  (cost=0.00..67604.59 rows=102321 width=4) (actual time=0.014..934.564 rows=100537 loops=1)
                          Filter: (kind_id = 3)
                          Rows Removed by Filter: 2427775
Planning time: 1.242 ms
Execution time: 13575.891 ms
