Hash Join  (cost=886448.77..941509.98 rows=39568 width=0) (actual time=14124.442..16279.649 rows=204518 loops=1)
  Hash Cond: (mc.movie_id = t.id)
  ->  Seq Scan on movie_companies mc  (cost=0.00..44881.29 rows=2609129 width=4) (actual time=0.018..780.220 rows=2609129 loops=1)
  ->  Hash  (cost=885969.45..885969.45 rows=38346 width=8) (actual time=14124.002..14124.002 rows=102208 loops=1)
        Buckets: 131072 (originally 65536)  Batches: 2 (originally 1)  Memory Usage: 3073kB
        ->  Hash Join  (cost=84417.00..885969.45 rows=38346 width=8) (actual time=12623.422..14095.523 rows=102208 loops=1)
              Hash Cond: (ci.movie_id = t.id)
              ->  Seq Scan on cast_info ci  (cost=0.00..796071.18 rows=94616 width=4) (actual time=10908.741..12123.309 rows=229722 loops=1)
                    Filter: ((person_id > 2734074) AND (role_id > 10))
                    Rows Removed by Filter: 36014622
              ->  Hash  (cost=67604.59..67604.59 rows=1024753 width=4) (actual time=1713.757..1713.757 rows=1021752 loops=1)
                    Buckets: 131072  Batches: 16  Memory Usage: 3274kB
                    ->  Seq Scan on title t  (cost=0.00..67604.59 rows=1024753 width=4) (actual time=0.036..1389.660 rows=1021752 loops=1)
                          Filter: (production_year < 2000)
                          Rows Removed by Filter: 1506560
Planning time: 1.162 ms
Execution time: 16306.451 ms
