Seq Scan on cast_info ci  (cost=0.00..796071.18 rows=5184729 width=0) (actual time=0.020..12758.192 rows=5873679 loops=1)
  Filter: ((person_id < 632172) AND (role_id < 7))
  Rows Removed by Filter: 30370665
Planning time: 0.335 ms
Execution time: 13483.279 ms
