Seq Scan on title t  (cost=0.00..73925.90 rows=407558 width=0) (actual time=0.023..1296.612 rows=270281 loops=1)
  Filter: ((kind_id > 1) AND (production_year < 1983))
  Rows Removed by Filter: 2258031
Planning time: 0.370 ms
Execution time: 1332.553 ms
