Seq Scan on movie_companies mc  (cost=0.00..57926.93 rows=1238886 width=0) (actual time=432.943..1080.057 rows=1274246 loops=1)
  Filter: ((company_id < 168228) AND (company_type_id < 2))
  Rows Removed by Filter: 1334883
Planning time: 0.317 ms
Execution time: 1235.689 ms
