Hash Join  (cost=128102.52..255751.58 rows=463502 width=0) (actual time=2791.462..6934.252 rows=4066475 loops=1)
  Hash Cond: (mk.movie_id = t.id)
  ->  Seq Scan on movie_keyword mk  (cost=0.00..69693.30 rows=4523930 width=4) (actual time=0.018..1399.487 rows=4523930 loops=1)
  ->  Hash  (cost=123852.24..123852.24 rows=259062 width=8) (actual time=2665.698..2665.698 rows=359697 loops=1)
        Buckets: 131072 (originally 131072)  Batches: 8 (originally 4)  Memory Usage: 3073kB
        ->  Hash Join  (cost=81714.14..123852.24 rows=259062 width=8) (actual time=1308.026..2540.794 rows=359697 loops=1)
              Hash Cond: (mi_idx.movie_id = t.id)
              ->  Seq Scan on movie_info_idx mi_idx  (cost=0.00..21735.35 rows=1380035 width=4) (actual time=0.017..444.680 rows=1380035 loops=1)
              ->  Hash  (cost=73925.90..73925.90 rows=474659 width=4) (actual time=1307.078..1307.078 rows=345685 loops=1)
                    Buckets: 131072  Batches: 8  Memory Usage: 2548kB
                    ->  Seq Scan on title t  (cost=0.00..73925.90 rows=474659 width=4) (actual time=398.469..1197.056 rows=345685 loops=1)
                          Filter: ((production_year > 1988) AND (kind_id = 1))
                          Rows Removed by Filter: 2182627
Planning time: 1.094 ms
Execution time: 7435.036 ms
