Hash Join  (cost=79863.89..1028487.18 rows=1664848 width=0) (actual time=1538.571..18604.728 rows=894034 loops=1)
  Hash Cond: (ci.movie_id = t.id)
  ->  Seq Scan on cast_info ci  (cost=0.00..796071.18 rows=11631367 width=4) (actual time=18.362..14172.345 rows=5108169 loops=1)
        Filter: ((person_id < 1761205) AND (role_id > 1))
        Rows Removed by Filter: 31136175
  ->  Hash  (cost=73925.90..73925.90 rows=361919 width=4) (actual time=1480.017..1480.017 rows=470371 loops=1)
        Buckets: 131072  Batches: 8  Memory Usage: 3103kB
        ->  Seq Scan on title t  (cost=0.00..73925.90 rows=361919 width=4) (actual time=0.027..1329.766 rows=470371 loops=1)
              Filter: ((kind_id < 7) AND (production_year < 1998))
              Rows Removed by Filter: 2057941
Planning time: 0.827 ms
Execution time: 18707.000 ms
