Seq Scan on movie_keyword mk  (cost=0.00..81003.12 rows=2608034 width=0) (actual time=0.022..1386.940 rows=2591160 loops=1)
  Filter: (keyword_id > 3319)
  Rows Removed by Filter: 1932770
Planning time: 0.293 ms
Execution time: 1699.887 ms
