Seq Scan on movie_keyword mk  (cost=0.00..81003.12 rows=2466393 width=0) (actual time=0.024..1550.305 rows=2453269 loops=1)
  Filter: (keyword_id > 3665)
  Rows Removed by Filter: 2070661
Planning time: 0.336 ms
Execution time: 1861.274 ms
