Seq Scan on movie_companies mc  (cost=0.00..51404.11 rows=104 width=0) (actual time=26.626..777.253 rows=386 loops=1)
  Filter: (company_id = 70951)
  Rows Removed by Filter: 2608743
Planning time: 0.360 ms
Execution time: 777.385 ms
