Hash Join  (cost=102767.86..195661.81 rows=1042647 width=0) (actual time=2436.941..4534.793 rows=1188815 loops=1)
  Hash Cond: (mc.movie_id = t.id)
  ->  Seq Scan on movie_companies mc  (cost=0.00..57926.93 rows=1042647 width=4) (actual time=548.627..1267.154 rows=1188815 loops=1)
        Filter: ((company_id > 595) AND (company_type_id > 1))
        Rows Removed by Filter: 1420314
  ->  Hash  (cost=61283.27..61283.27 rows=2528527 width=4) (actual time=1887.170..1887.170 rows=2528312 loops=1)
        Buckets: 131072  Batches: 64  Memory Usage: 2415kB
        ->  Seq Scan on title t  (cost=0.00..61283.27 rows=2528527 width=4) (actual time=0.007..1050.133 rows=2528312 loops=1)
Planning time: 0.678 ms
Execution time: 4681.152 ms
