Hash Join  (cost=194952.14..249984.88 rows=36722 width=0) (actual time=3842.141..5139.569 rows=134553 loops=1)
  Hash Cond: (mc.movie_id = t.id)
  ->  Seq Scan on movie_companies mc  (cost=0.00..44881.29 rows=2609129 width=4) (actual time=0.028..585.133 rows=2609129 loops=1)
  ->  Hash  (cost=194507.29..194507.29 rows=35588 width=8) (actual time=3841.729..3841.729 rows=34710 loops=1)
        Buckets: 65536  Batches: 1  Memory Usage: 1868kB
        ->  Hash Join  (cost=102767.86..194507.29 rows=35588 width=8) (actual time=2076.899..3827.503 rows=34710 loops=1)
              Hash Cond: (mk.movie_id = t.id)
              ->  Seq Scan on movie_keyword mk  (cost=0.00..81003.12 rows=35588 width=4) (actual time=0.024..1281.154 rows=34710 loops=1)
                    Filter: (keyword_id = 2488)
                    Rows Removed by Filter: 4489220
              ->  Hash  (cost=61283.27..61283.27 rows=2528527 width=4) (actual time=2070.562..2070.562 rows=2528312 loops=1)
                    Buckets: 131072  Batches: 64  Memory Usage: 2425kB
                    ->  Seq Scan on title t  (cost=0.00..61283.27 rows=2528527 width=4) (actual time=0.018..1172.508 rows=2528312 loops=1)
Planning time: 1.067 ms
Execution time: 5157.947 ms
