Nested Loop  (cost=44377.22..138782.78 rows=868 width=0) (actual time=903.010..2480.923 rows=6300 loops=1)
  ->  Hash Join  (cost=44376.79..131636.55 rows=12104 width=8) (actual time=902.948..2391.545 rows=6360 loops=1)
        Hash Cond: (mk.movie_id = mi_idx.movie_id)
        ->  Seq Scan on movie_keyword mk  (cost=0.00..81003.12 rows=4072 width=4) (actual time=0.528..1279.022 rows=4211 loops=1)
              Filter: (keyword_id = 19735)
              Rows Removed by Filter: 4519719
        ->  Hash  (cost=21735.35..21735.35 rows=1380035 width=4) (actual time=882.315..882.315 rows=1380035 loops=1)
              Buckets: 131072  Batches: 32  Memory Usage: 2556kB
              ->  Seq Scan on movie_info_idx mi_idx  (cost=0.00..21735.35 rows=1380035 width=4) (actual time=0.019..448.805 rows=1380035 loops=1)
  ->  Index Scan using title_pkey on title t  (cost=0.43..0.58 rows=1 width=4) (actual time=0.013..0.013 rows=1 loops=6360)
        Index Cond: (id = mi_idx.movie_id)
        Filter: (kind_id < 7)
        Rows Removed by Filter: 0
Planning time: 1.463 ms
Execution time: 2482.278 ms
