Seq Scan on movie_keyword mk  (cost=0.00..81003.12 rows=1472691 width=0) (actual time=0.028..1343.983 rows=1484462 loops=1)
  Filter: (keyword_id > 11013)
  Rows Removed by Filter: 3039468
Planning time: 0.312 ms
Execution time: 1529.997 ms
