Seq Scan on movie_keyword mk  (cost=0.00..81003.12 rows=2828054 width=0) (actual time=0.027..1593.922 rows=2815652 loops=1)
  Filter: (keyword_id < 8420)
  Rows Removed by Filter: 1708278
Planning time: 3.741 ms
Execution time: 1941.421 ms
