Hash Join  (cost=190230.21..342560.98 rows=2114339 width=0) (actual time=3947.115..9532.020 rows=8915122 loops=1)
  Hash Cond: (mk.movie_id = t.id)
  ->  Seq Scan on movie_keyword mk  (cost=0.00..81003.12 rows=3873934 width=4) (actual time=0.018..1789.111 rows=3863795 loops=1)
        Filter: (keyword_id < 28475)
        Rows Removed by Filter: 660135
  ->  Hash  (cost=167588.78..167588.78 rows=1380035 width=8) (actual time=3946.389..3946.389 rows=1380035 loops=1)
        Buckets: 131072  Batches: 32  Memory Usage: 2726kB
        ->  Hash Join  (cost=102767.86..167588.78 rows=1380035 width=8) (actual time=1873.972..3616.802 rows=1380035 loops=1)
              Hash Cond: (mi_idx.movie_id = t.id)
              ->  Seq Scan on movie_info_idx mi_idx  (cost=0.00..21735.35 rows=1380035 width=4) (actual time=0.014..469.761 rows=1380035 loops=1)
              ->  Hash  (cost=61283.27..61283.27 rows=2528527 width=4) (actual time=1872.604..1872.604 rows=2528312 loops=1)
                    Buckets: 131072  Batches: 64  Memory Usage: 2415kB
                    ->  Seq Scan on title t  (cost=0.00..61283.27 rows=2528527 width=4) (actual time=0.012..1035.295 rows=2528312 loops=1)
Planning time: 1.040 ms
Execution time: 10492.600 ms
