Hash Join  (cost=217281.79..1193757.77 rows=7883295 width=0) (actual time=11410.278..34055.277 rows=23318495 loops=1)
  Hash Cond: (ci.movie_id = t.id)
  ->  Seq Scan on cast_info ci  (cost=0.00..705507.15 rows=16201301 width=4) (actual time=6742.562..15045.567 rows=16121683 loops=1)
        Filter: (role_id > 2)
        Rows Removed by Filter: 20122661
  ->  Hash  (cost=197095.53..197095.53 rows=1230341 width=8) (actual time=4666.633..4666.633 rows=1241846 loops=1)
        Buckets: 131072  Batches: 32  Memory Usage: 2515kB
        ->  Hash Join  (cost=107494.42..197095.53 rows=1230341 width=8) (actual time=2031.102..4325.820 rows=1241846 loops=1)
              Hash Cond: (mc.movie_id = t.id)
              ->  Seq Scan on movie_companies mc  (cost=0.00..51404.11 rows=1279517 width=4) (actual time=0.038..913.027 rows=1274246 loops=1)
                    Filter: (company_type_id = 1)
                    Rows Removed by Filter: 1334883
              ->  Hash  (cost=67604.59..67604.59 rows=2431347 width=4) (actual time=2029.941..2029.941 rows=2427113 loops=1)
                    Buckets: 131072  Batches: 32  Memory Usage: 3691kB
                    ->  Seq Scan on title t  (cost=0.00..67604.59 rows=2431347 width=4) (actual time=0.022..1271.535 rows=2427113 loops=1)
                          Filter: (production_year > 1910)
                          Rows Removed by Filter: 101199
Planning time: 1.201 ms
Execution time: 36668.308 ms
