Seq Scan on cast_info ci  (cost=0.00..705507.15 rows=500 width=0) (actual time=7761.390..10668.727 rows=1 loops=1)
  Filter: (person_id = 2784738)
  Rows Removed by Filter: 36244343
Planning time: 0.373 ms
Execution time: 10668.835 ms
