Seq Scan on title t  (cost=0.00..73925.90 rows=65689 width=0) (actual time=0.024..1130.298 rows=74524 loops=1)
  Filter: ((kind_id = 7) AND (production_year = 2006))
  Rows Removed by Filter: 2453788
Planning time: 0.391 ms
Execution time: 1141.629 ms
