Seq Scan on title t  (cost=0.00..73925.90 rows=1236141 width=0) (actual time=0.021..1358.658 rows=1353520 loops=1)
  Filter: ((kind_id > 1) AND (production_year > 1993))
  Rows Removed by Filter: 1174792
Planning time: 0.342 ms
Execution time: 1530.436 ms
