Hash Join  (cost=190230.21..1063472.44 rows=2301728 width=0) (actual time=11729.019..24140.910 rows=7994516 loops=1)
  Hash Cond: (ci.movie_id = t.id)
  ->  Seq Scan on cast_info ci  (cost=0.00..796071.18 rows=4217271 width=4) (actual time=7417.367..14425.659 rows=6025841 loops=1)
        Filter: ((person_id > 1644531) AND (role_id > 6))
        Rows Removed by Filter: 30218503
  ->  Hash  (cost=167588.78..167588.78 rows=1380035 width=8) (actual time=4310.498..4310.498 rows=1380035 loops=1)
        Buckets: 131072  Batches: 32  Memory Usage: 2708kB
        ->  Hash Join  (cost=102767.86..167588.78 rows=1380035 width=8) (actual time=1928.517..3927.736 rows=1380035 loops=1)
              Hash Cond: (mi_idx.movie_id = t.id)
              ->  Seq Scan on movie_info_idx mi_idx  (cost=0.00..21735.35 rows=1380035 width=4) (actual time=0.023..520.399 rows=1380035 loops=1)
              ->  Hash  (cost=61283.27..61283.27 rows=2528527 width=4) (actual time=1926.889..1926.889 rows=2528312 loops=1)
                    Buckets: 131072  Batches: 64  Memory Usage: 2415kB
                    ->  Seq Scan on title t  (cost=0.00..61283.27 rows=2528527 width=4) (actual time=0.025..1079.403 rows=2528312 loops=1)
Planning time: 1.203 ms
Execution time: 25089.855 ms
