Hash Join  (cost=213780.44..261470.95 rows=582703 width=0) (actual time=4957.163..6842.519 rows=2319675 loops=1)
  Hash Cond: (mi_idx.movie_id = t.id)
  ->  Seq Scan on movie_info_idx mi_idx  (cost=0.00..21735.35 rows=1380035 width=4) (actual time=0.009..458.106 rows=1380035 loops=1)
  ->  Hash  (cost=196263.94..196263.94 rows=1067640 width=8) (actual time=4956.438..4956.438 rows=1274246 loops=1)
        Buckets: 131072 (originally 131072)  Batches: 32 (originally 16)  Memory Usage: 3073kB
        ->  Hash Join  (cost=102767.86..196263.94 rows=1067640 width=8) (actual time=1963.762..4597.572 rows=1274246 loops=1)
              Hash Cond: (mc.movie_id = t.id)
              ->  Seq Scan on movie_companies mc  (cost=0.00..57926.93 rows=1067640 width=4) (actual time=1.067..1221.441 rows=1274246 loops=1)
                    Filter: ((company_id < 78522) AND (company_type_id = 1))
                    Rows Removed by Filter: 1334883
              ->  Hash  (cost=61283.27..61283.27 rows=2528527 width=4) (actual time=1961.372..1961.372 rows=2528312 loops=1)
                    Buckets: 131072  Batches: 64  Memory Usage: 2415kB
                    ->  Seq Scan on title t  (cost=0.00..61283.27 rows=2528527 width=4) (actual time=0.016..1126.028 rows=2528312 loops=1)
Planning time: 1.006 ms
Execution time: 7106.819 ms
