Hash Join  (cost=28270.40..121915.71 rows=490 width=0) (actual time=405.133..2426.577 rows=31846 loops=1)
  Hash Cond: (mk.movie_id = t.id)
  ->  Seq Scan on movie_keyword mk  (cost=0.00..81003.12 rows=3369943 width=4) (actual time=0.021..1554.668 rows=3365030 loops=1)
        Filter: (keyword_id > 1376)
        Rows Removed by Filter: 1158900
  ->  Hash  (cost=28265.80..28265.80 rows=368 width=8) (actual time=401.366..401.366 rows=260 loops=1)
        Buckets: 1024  Batches: 1  Memory Usage: 19kB
        ->  Nested Loop  (cost=0.43..28265.80 rows=368 width=8) (actual time=128.592..401.245 rows=260 loops=1)
              ->  Seq Scan on movie_info_idx mi_idx  (cost=0.00..25185.44 rows=368 width=4) (actual time=128.490..392.080 rows=260 loops=1)
                    Filter: (info_type_id > 101)
                    Rows Removed by Filter: 1379775
              ->  Index Only Scan using title_pkey on title t  (cost=0.43..8.36 rows=1 width=4) (actual time=0.034..0.035 rows=1 loops=260)
                    Index Cond: (id = mi_idx.movie_id)
                    Heap Fetches: 260
Planning time: 1.162 ms
Execution time: 2430.643 ms
