Hash Join  (cost=139599.66..220905.18 rows=453800 width=0) (actual time=2968.570..5122.617 rows=477786 loops=1)
  Hash Cond: (mc.movie_id = t.id)
  ->  Seq Scan on movie_companies mc  (cost=0.00..44881.29 rows=2609129 width=4) (actual time=0.015..938.946 rows=2609129 loops=1)
  ->  Hash  (cost=132384.40..132384.40 rows=439781 width=8) (actual time=2967.287..2967.287 rows=215175 loops=1)
        Buckets: 131072  Batches: 8  Memory Usage: 2066kB
        ->  Hash Join  (cost=87146.10..132384.40 rows=439781 width=8) (actual time=2049.991..2903.703 rows=215175 loops=1)
              Hash Cond: (mi_idx.movie_id = t.id)
              ->  Seq Scan on movie_info_idx mi_idx  (cost=0.00..21735.35 rows=1380035 width=4) (actual time=0.017..424.395 rows=1380035 loops=1)
              ->  Hash  (cost=73925.90..73925.90 rows=805776 width=4) (actual time=1654.006..1654.006 rows=881945 loops=1)
                    Buckets: 131072  Batches: 16  Memory Usage: 2970kB
                    ->  Seq Scan on title t  (cost=0.00..73925.90 rows=805776 width=4) (actual time=0.012..1375.943 rows=881945 loops=1)
                          Filter: ((production_year > 2001) AND (kind_id = 7))
                          Rows Removed by Filter: 1646367
Planning time: 1.957 ms
Execution time: 5180.996 ms
