Nested Loop  (cost=0.43..52284.21 rows=30 width=0) (actual time=213.724..600.995 rows=24 loops=1)
  ->  Seq Scan on movie_companies mc  (cost=0.00..51404.11 rows=104 width=4) (actual time=22.191..554.275 rows=678 loops=1)
        Filter: (company_id = 12471)
        Rows Removed by Filter: 2608451
  ->  Index Scan using title_pkey on title t  (cost=0.43..8.45 rows=1 width=4) (actual time=0.068..0.068 rows=0 loops=678)
        Index Cond: (id = mc.movie_id)
        Filter: ((kind_id < 7) AND (production_year > 1985))
        Rows Removed by Filter: 1
Planning time: 1.589 ms
Execution time: 601.165 ms
