Hash Join  (cost=166996.35..299866.07 rows=891968 width=0) (actual time=3939.029..12279.931 rows=15202115 loops=1)
  Hash Cond: (mk.movie_id = t.id)
  ->  Seq Scan on movie_keyword mk  (cost=0.00..69693.30 rows=4523930 width=4) (actual time=0.023..1538.270 rows=4523930 loops=1)
  ->  Hash  (cost=158816.59..158816.59 rows=498541 width=8) (actual time=3938.257..3938.257 rows=1088230 loops=1)
        Buckets: 131072 (originally 131072)  Batches: 16 (originally 8)  Memory Usage: 3736kB
        ->  Hash Join  (cost=83810.17..158816.59 rows=498541 width=8) (actual time=1536.965..3602.957 rows=1088230 loops=1)
              Hash Cond: (mc.movie_id = t.id)
              ->  Seq Scan on movie_companies mc  (cost=0.00..51404.11 rows=1276238 width=4) (actual time=0.029..842.666 rows=1286857 loops=1)
                    Filter: (company_id > 11373)
                    Rows Removed by Filter: 1322272
              ->  Hash  (cost=67604.59..67604.59 rows=987727 width=4) (actual time=1536.023..1536.023 rows=985048 loops=1)
                    Buckets: 131072  Batches: 16  Memory Usage: 3188kB
                    ->  Seq Scan on title t  (cost=0.00..67604.59 rows=987727 width=4) (actual time=0.020..1220.259 rows=985048 loops=1)
                          Filter: (kind_id < 7)
                          Rows Removed by Filter: 1543264
Planning time: 1.144 ms
Execution time: 13979.229 ms
