Hash Join  (cost=67697.55..461796.69 rows=37251 width=0) (actual time=1134.630..9500.686 rows=87332 loops=1)
  Hash Cond: (mi.movie_id = t.id)
  ->  Seq Scan on movie_info mi  (cost=0.00..346232.03 rows=12665229 width=4) (actual time=0.021..5960.909 rows=12744652 loops=1)
        Filter: (info_type_id > 2)
        Rows Removed by Filter: 2091068
  ->  Hash  (cost=67604.59..67604.59 rows=7437 width=4) (actual time=1134.172..1134.172 rows=14770 loops=1)
        Buckets: 16384 (originally 8192)  Batches: 1 (originally 1)  Memory Usage: 648kB
        ->  Seq Scan on title t  (cost=0.00..67604.59 rows=7437 width=4) (actual time=0.030..1126.070 rows=14770 loops=1)
              Filter: (production_year = 1982)
              Rows Removed by Filter: 2513542
Planning time: 0.684 ms
Execution time: 9514.652 ms
