Hash Join  (cost=73997.84..160758.85 rows=10297 width=0) (actual time=1152.119..2964.774 rows=57834 loops=1)
  Hash Cond: (mk.movie_id = t.id)
  ->  Seq Scan on movie_keyword mk  (cost=0.00..69693.30 rows=4523930 width=4) (actual time=0.022..956.947 rows=4523930 loops=1)
  ->  Hash  (cost=73925.90..73925.90 rows=5755 width=4) (actual time=1151.863..1151.863 rows=7561 loops=1)
        Buckets: 8192  Batches: 1  Memory Usage: 330kB
        ->  Seq Scan on title t  (cost=0.00..73925.90 rows=5755 width=4) (actual time=0.065..1148.560 rows=7561 loops=1)
              Filter: ((production_year < 2002) AND (kind_id = 6))
              Rows Removed by Filter: 2520751
Planning time: 0.755 ms
Execution time: 2973.058 ms
