Hash Join  (cost=125227.67..252166.81 rows=307451 width=0) (actual time=2880.542..6603.347 rows=2495369 loops=1)
  Hash Cond: (mk.movie_id = t.id)
  ->  Seq Scan on movie_keyword mk  (cost=0.00..81003.12 rows=3634534 width=4) (actual time=0.025..1714.306 rows=3627913 loops=1)
        Filter: (keyword_id > 845)
        Rows Removed by Filter: 896017
  ->  Hash  (cost=121718.02..121718.02 rows=213892 width=8) (actual time=2879.546..2879.546 rows=283557 loops=1)
        Buckets: 131072  Batches: 4  Memory Usage: 3803kB
        ->  Hash Join  (cost=80355.62..121718.02 rows=213892 width=8) (actual time=1636.107..2790.854 rows=283557 loops=1)
              Hash Cond: (mi_idx.movie_id = t.id)
              ->  Seq Scan on movie_info_idx mi_idx  (cost=0.00..21735.35 rows=1380035 width=4) (actual time=0.018..434.670 rows=1380035 loops=1)
              ->  Hash  (cost=73925.90..73925.90 rows=391897 width=4) (actual time=1635.221..1635.221 rows=289693 loops=1)
                    Buckets: 131072  Batches: 8  Memory Usage: 2301kB
                    ->  Seq Scan on title t  (cost=0.00..73925.90 rows=391897 width=4) (actual time=0.025..1299.435 rows=289693 loops=1)
                          Filter: ((production_year > 1998) AND (kind_id = 1))
                          Rows Removed by Filter: 2238619
Planning time: 1.185 ms
Execution time: 6919.231 ms
