Hash Join  (cost=87540.77..227631.74 rows=1484694 width=0) (actual time=1509.413..5344.008 rows=394748 loops=1)
  Hash Cond: (mk.movie_id = t.id)
  ->  Seq Scan on movie_keyword mk  (cost=0.00..69693.30 rows=4523930 width=4) (actual time=0.017..1435.162 rows=4523930 loops=1)
  ->  Hash  (cost=73925.90..73925.90 rows=829829 width=4) (actual time=1507.828..1507.828 rows=747613 loops=1)
        Buckets: 131072  Batches: 16  Memory Usage: 2673kB
        ->  Seq Scan on title t  (cost=0.00..73925.90 rows=829829 width=4) (actual time=0.058..1266.604 rows=747613 loops=1)
              Filter: ((kind_id > 4) AND (production_year < 2005))
              Rows Removed by Filter: 1780699
Planning time: 0.783 ms
Execution time: 5392.361 ms
