Seq Scan on movie_keyword mk  (cost=0.00..81003.12 rows=246 width=0) (actual time=0.561..1283.599 rows=743 loops=1)
  Filter: (keyword_id = 768)
  Rows Removed by Filter: 4523187
Planning time: 0.404 ms
Execution time: 1283.923 ms
