Seq Scan on movie_companies mc  (cost=0.00..51404.11 rows=360753 width=0) (actual time=0.032..812.869 rows=358065 loops=1)
  Filter: (company_id < 181)
  Rows Removed by Filter: 2251064
Planning time: 0.390 ms
Execution time: 864.543 ms
