Hash Join  (cost=77642.13..1144780.14 rows=3244984 width=0) (actual time=1052.848..27933.361 rows=1228048 loops=1)
  Hash Cond: (ci.movie_id = t.id)
  ->  Seq Scan on cast_info ci  (cost=0.00..614943.12 rows=36225612 width=4) (actual time=0.018..12988.554 rows=36244344 loops=1)
  ->  Hash  (cost=73925.90..73925.90 rows=226498 width=4) (actual time=1051.890..1051.890 rows=120787 loops=1)
        Buckets: 131072  Batches: 4  Memory Usage: 2083kB
        ->  Seq Scan on title t  (cost=0.00..73925.90 rows=226498 width=4) (actual time=0.027..1009.480 rows=120787 loops=1)
              Filter: ((production_year < 1970) AND (kind_id = 7))
              Rows Removed by Filter: 2407525
Planning time: 0.743 ms
Execution time: 28068.615 ms
