Seq Scan on movie_keyword mk  (cost=0.00..81003.12 rows=246 width=0) (actual time=196.466..1209.355 rows=2 loops=1)
  Filter: (keyword_id = 27624)
  Rows Removed by Filter: 4523928
Planning time: 0.389 ms
Execution time: 1209.430 ms
