Seq Scan on movie_keyword mk  (cost=0.00..81003.12 rows=2256624 width=0) (actual time=0.026..1390.074 rows=2253855 loops=1)
  Filter: (keyword_id > 4755)
  Rows Removed by Filter: 2270075
Planning time: 0.332 ms
Execution time: 1663.327 ms
