Hash Join  (cost=940084.27..1013966.09 rows=407566 width=0) (actual time=15940.973..17810.300 rows=593231 loops=1)
  Hash Cond: (mc.movie_id = t.id)
  ->  Seq Scan on movie_companies mc  (cost=0.00..51404.11 rows=1329612 width=4) (actual time=0.026..992.986 rows=1334883 loops=1)
        Filter: (company_type_id > 1)
        Rows Removed by Filter: 1274246
  ->  Hash  (cost=927367.91..927367.91 rows=775069 width=8) (actual time=15940.150..15940.150 rows=722881 loops=1)
        Buckets: 131072  Batches: 16  Memory Usage: 2786kB
        ->  Hash Join  (cost=102767.86..927367.91 rows=775069 width=8) (actual time=6837.858..15732.518 rows=722881 loops=1)
              Hash Cond: (ci.movie_id = t.id)
              ->  Seq Scan on cast_info ci  (cost=0.00..796071.18 rows=775069 width=4) (actual time=5031.054..12938.408 rows=722881 loops=1)
                    Filter: ((person_id < 1589282) AND (role_id = 8))
                    Rows Removed by Filter: 35521463
              ->  Hash  (cost=61283.27..61283.27 rows=2528527 width=4) (actual time=1805.517..1805.517 rows=2528312 loops=1)
                    Buckets: 131072  Batches: 64  Memory Usage: 2415kB
                    ->  Seq Scan on title t  (cost=0.00..61283.27 rows=2528527 width=4) (actual time=0.039..1003.889 rows=2528312 loops=1)
Planning time: 1.056 ms
Execution time: 17874.057 ms
