Hash Join  (cost=76243.83..164907.93 rows=32768 width=0) (actual time=1253.335..2688.628 rows=2962 loops=1)
  Hash Cond: (mk.movie_id = t.id)
  ->  Seq Scan on movie_keyword mk  (cost=0.00..81003.12 rows=586478 width=4) (actual time=0.032..1261.345 rows=590840 loops=1)
        Filter: (keyword_id < 430)
        Rows Removed by Filter: 3933090
  ->  Hash  (cost=73925.90..73925.90 rows=141274 width=4) (actual time=1208.186..1208.186 rows=150659 loops=1)
        Buckets: 131072  Batches: 2  Memory Usage: 3679kB
        ->  Seq Scan on title t  (cost=0.00..73925.90 rows=141274 width=4) (actual time=27.017..1151.810 rows=150659 loops=1)
              Filter: ((production_year > 2011) AND (kind_id = 7))
              Rows Removed by Filter: 2377653
Planning time: 0.798 ms
Execution time: 2689.149 ms
