Seq Scan on cast_info ci  (cost=0.00..705507.15 rows=500 width=0) (actual time=397.889..10679.269 rows=86 loops=1)
  Filter: (person_id = 227023)
  Rows Removed by Filter: 36244258
Planning time: 0.409 ms
Execution time: 10679.364 ms
