Seq Scan on movie_companies mc  (cost=0.00..51404.11 rows=2070260 width=0) (actual time=0.031..996.298 rows=2066073 loops=1)
  Filter: (company_id < 72093)
  Rows Removed by Filter: 543056
Planning time: 0.314 ms
Execution time: 1256.778 ms
