Hash Join  (cost=76026.76..209382.67 rows=138388 width=106) (actual time=2636.962..4613.506 rows=41941 loops=1)
  Hash Cond: (mk.movie_id = t.id)
  ->  Seq Scan on movie_keyword mk  (cost=0.00..69693.30 rows=4523930 width=12) (actual time=0.022..1409.457 rows=4523930 loops=1)
  ->  Hash  (cost=73925.90..73925.90 rows=77348 width=94) (actual time=1488.433..1488.433 rows=84109 loops=1)
        Buckets: 32768  Batches: 4  Memory Usage: 2641kB
        ->  Seq Scan on title t  (cost=0.00..73925.90 rows=77348 width=94) (actual time=0.034..1296.218 rows=84109 loops=1)
              Filter: ((kind_id = 7) AND (production_year = 2008))
              Rows Removed by Filter: 2444203
Planning time: 1.026 ms
Execution time: 4616.361 ms
