Hash Join  (cost=83074.74..833899.15 rows=3524 width=0) (actual time=1254.560..17964.942 rows=4905 loops=1)
  Hash Cond: (ci.movie_id = t.id)
  ->  Seq Scan on cast_info ci  (cost=0.00..614943.12 rows=36225612 width=4) (actual time=0.023..9708.950 rows=36244344 loops=1)
  ->  Hash  (cost=83071.67..83071.67 rows=246 width=8) (actual time=1249.518..1249.518 rows=51 loops=1)
        Buckets: 1024  Batches: 1  Memory Usage: 10kB
        ->  Nested Loop  (cost=0.43..83071.67 rows=246 width=8) (actual time=26.067..1249.435 rows=51 loops=1)
              ->  Seq Scan on movie_keyword mk  (cost=0.00..81003.12 rows=246 width=4) (actual time=25.966..1244.030 rows=51 loops=1)
                    Filter: (keyword_id = 64889)
                    Rows Removed by Filter: 4523879
              ->  Index Only Scan using title_pkey on title t  (cost=0.43..8.40 rows=1 width=4) (actual time=0.100..0.100 rows=1 loops=51)
                    Index Cond: (id = mk.movie_id)
                    Heap Fetches: 51
Planning time: 1.684 ms
Execution time: 17967.295 ms
