Hash Join  (cost=138477.78..1267814.27 rows=5326733 width=0) (actual time=2903.263..41944.737 rows=17039299 loops=1)
  Hash Cond: (ci.movie_id = t.id)
  ->  Seq Scan on cast_info ci  (cost=0.00..705507.15 rows=31905855 width=4) (actual time=0.021..16679.601 rows=31873130 loops=1)
        Filter: (person_id < 3262045)
        Rows Removed by Filter: 4371214
  ->  Hash  (cost=131552.01..131552.01 rows=422142 width=8) (actual time=2902.069..2902.069 rows=723649 loops=1)
        Buckets: 131072 (originally 131072)  Batches: 16 (originally 8)  Memory Usage: 3073kB
        ->  Hash Join  (cost=86616.10..131552.01 rows=422142 width=8) (actual time=1306.659..2687.282 rows=723649 loops=1)
              Hash Cond: (mi_idx.movie_id = t.id)
              ->  Seq Scan on movie_info_idx mi_idx  (cost=0.00..21735.35 rows=1380035 width=4) (actual time=3.380..435.487 rows=1380035 loops=1)
              ->  Hash  (cost=73925.90..73925.90 rows=773456 width=4) (actual time=1300.290..1300.290 rows=683462 loops=1)
                    Buckets: 131072  Batches: 16  Memory Usage: 2527kB
                    ->  Seq Scan on title t  (cost=0.00..73925.90 rows=773456 width=4) (actual time=0.036..1093.318 rows=683462 loops=1)
                          Filter: ((kind_id < 7) AND (production_year > 1977))
                          Rows Removed by Filter: 1844850
Planning time: 1.200 ms
Execution time: 43900.761 ms
