Seq Scan on movie_companies mc  (cost=0.00..51404.11 rows=1016080 width=0) (actual time=0.022..937.940 rows=1016030 loops=1)
  Filter: (company_id < 5236)
  Rows Removed by Filter: 1593099
Planning time: 0.319 ms
Execution time: 1065.919 ms
