Nested Loop  (cost=0.43..83071.67 rows=246 width=0) (actual time=4.348..943.733 rows=720 loops=1)
  ->  Seq Scan on movie_keyword mk  (cost=0.00..81003.12 rows=246 width=4) (actual time=4.277..922.183 rows=720 loops=1)
        Filter: (keyword_id = 7869)
        Rows Removed by Filter: 4523210
  ->  Index Only Scan using title_pkey on title t  (cost=0.43..8.40 rows=1 width=4) (actual time=0.028..0.029 rows=1 loops=720)
        Index Cond: (id = mk.movie_id)
        Heap Fetches: 720
Planning time: 0.761 ms
Execution time: 944.046 ms
