Hash Join  (cost=118875.47..253154.22 rows=198308 width=0) (actual time=2340.151..5570.082 rows=653438 loops=1)
  Hash Cond: (mk.movie_id = t.id)
  ->  Seq Scan on movie_keyword mk  (cost=0.00..81003.12 rows=4397478 width=4) (actual time=0.024..1796.465 rows=4400916 loops=1)
        Filter: (keyword_id < 77498)
        Rows Removed by Filter: 123014
  ->  Hash  (cost=117004.15..117004.15 rows=114026 width=8) (actual time=2339.271..2339.271 rows=115961 loops=1)
        Buckets: 131072  Batches: 2  Memory Usage: 3282kB
        ->  Hash Join  (cost=77354.40..117004.15 rows=114026 width=8) (actual time=1299.863..2304.258 rows=115961 loops=1)
              Hash Cond: (mi_idx.movie_id = t.id)
              ->  Seq Scan on movie_info_idx mi_idx  (cost=0.00..21735.35 rows=1380035 width=4) (actual time=0.032..433.189 rows=1380035 loops=1)
              ->  Hash  (cost=73925.90..73925.90 rows=208920 width=4) (actual time=1298.970..1298.970 rows=183835 loops=1)
                    Buckets: 131072  Batches: 4  Memory Usage: 2649kB
                    ->  Seq Scan on title t  (cost=0.00..73925.90 rows=208920 width=4) (actual time=0.035..1233.932 rows=183835 loops=1)
                          Filter: ((kind_id < 7) AND (production_year > 2009))
                          Rows Removed by Filter: 2344477
Planning time: 1.158 ms
Execution time: 5648.693 ms
