Hash Join  (cost=132712.90..258408.90 rows=441987 width=0) (actual time=3026.489..8053.219 rows=5752268 loops=1)
  Hash Cond: (mk.movie_id = t.id)
  ->  Seq Scan on movie_keyword mk  (cost=0.00..81003.12 rows=3370934 width=4) (actual time=0.027..1793.948 rows=3354459 loops=1)
        Filter: (keyword_id < 16001)
        Rows Removed by Filter: 1169471
  ->  Hash  (cost=127272.74..127272.74 rows=331533 width=8) (actual time=3025.492..3025.492 rows=720537 loops=1)
        Buckets: 131072 (originally 131072)  Batches: 16 (originally 8)  Memory Usage: 3073kB
        ->  Hash Join  (cost=83891.93..127272.74 rows=331533 width=8) (actual time=1446.546..2820.148 rows=720537 loops=1)
              Hash Cond: (mi_idx.movie_id = t.id)
              ->  Seq Scan on movie_info_idx mi_idx  (cost=0.00..21735.35 rows=1380035 width=4) (actual time=0.025..458.245 rows=1380035 loops=1)
              ->  Hash  (cost=73925.90..73925.90 rows=607442 width=4) (actual time=1445.443..1445.443 rows=675690 loops=1)
                    Buckets: 131072  Batches: 8  Memory Usage: 4012kB
                    ->  Seq Scan on title t  (cost=0.00..73925.90 rows=607442 width=4) (actual time=0.019..1228.014 rows=675690 loops=1)
                          Filter: ((kind_id < 7) AND (production_year < 2007))
                          Rows Removed by Filter: 1852622
Planning time: 1.132 ms
Execution time: 8729.439 ms
