Seq Scan on movie_companies mc  (cost=0.00..57926.93 rows=466908 width=0) (actual time=212.357..939.739 rows=267871 loops=1)
  Filter: ((company_id < 3127) AND (company_type_id = 2))
  Rows Removed by Filter: 2341258
Planning time: 0.419 ms
Execution time: 973.426 ms
