Seq Scan on movie_keyword mk  (cost=0.00..81003.12 rows=3958158 width=0) (actual time=0.025..1439.396 rows=3961656 loops=1)
  Filter: (keyword_id < 32665)
  Rows Removed by Filter: 562274
Planning time: 0.316 ms
Execution time: 1903.869 ms
