Seq Scan on cast_info ci  (cost=0.00..705507.15 rows=34670801 width=0) (actual time=0.025..14165.482 rows=34768579 loops=1)
  Filter: (person_id > 148425)
  Rows Removed by Filter: 1475765
Planning time: 0.336 ms
Execution time: 18508.126 ms
