Nested Loop  (cost=0.43..58375.45 rows=1 width=0) (actual time=122.038..831.465 rows=2 loops=1)
  ->  Seq Scan on movie_companies mc  (cost=0.00..57926.93 rows=53 width=4) (actual time=62.495..829.514 rows=57 loops=1)
        Filter: ((company_id = 24750) AND (company_type_id = 2))
        Rows Removed by Filter: 2609072
  ->  Index Scan using title_pkey on title t  (cost=0.43..8.45 rows=1 width=4) (actual time=0.032..0.032 rows=0 loops=57)
        Index Cond: (id = mc.movie_id)
        Filter: ((kind_id = 1) AND (production_year = 2004))
        Rows Removed by Filter: 1
Planning time: 0.841 ms
Execution time: 831.569 ms
