Seq Scan on cast_info ci  (cost=0.00..796071.18 rows=4495821 width=0) (actual time=7122.735..16212.400 rows=4588268 loops=1)
  Filter: ((person_id > 127213) AND (role_id > 9))
  Rows Removed by Filter: 31656076
Planning time: 0.377 ms
Execution time: 16790.777 ms
