Hash Join  (cost=156209.36..685985.74 rows=2443817 width=0) (actual time=3629.167..18770.704 rows=6018699 loops=1)
  Hash Cond: (mi.movie_id = t.id)
  ->  Seq Scan on movie_info mi  (cost=0.00..346232.03 rows=13606982 width=4) (actual time=0.018..7277.846 rows=13648562 loops=1)
        Filter: (info_type_id < 42)
        Rows Removed by Filter: 1187158
  ->  Hash  (cost=148758.81..148758.81 rows=454124 width=8) (actual time=3628.296..3628.296 rows=459925 loops=1)
        Buckets: 131072  Batches: 8  Memory Usage: 3284kB
        ->  Hash Join  (cost=102767.86..148758.81 rows=454124 width=8) (actual time=2053.572..3471.473 rows=459925 loops=1)
              Hash Cond: (mi_idx.movie_id = t.id)
              ->  Seq Scan on movie_info_idx mi_idx  (cost=0.00..25185.44 rows=454124 width=4) (actual time=0.020..536.534 rows=459925 loops=1)
                    Filter: (info_type_id = 100)
                    Rows Removed by Filter: 920110
              ->  Hash  (cost=61283.27..61283.27 rows=2528527 width=4) (actual time=2052.699..2052.699 rows=2528312 loops=1)
                    Buckets: 131072  Batches: 64  Memory Usage: 2415kB
                    ->  Seq Scan on title t  (cost=0.00..61283.27 rows=2528527 width=4) (actual time=0.018..1197.709 rows=2528312 loops=1)
Planning time: 1.209 ms
Execution time: 19461.584 ms
