Hash Join  (cost=121119.41..1176897.73 rows=2139108 width=0) (actual time=2162.077..27490.846 rows=1120674 loops=1)
  Hash Cond: (ci.movie_id = t.id)
  ->  Seq Scan on cast_info ci  (cost=0.00..614943.12 rows=36225612 width=4) (actual time=0.015..12147.819 rows=36244344 loops=1)
  ->  Hash  (cost=118669.05..118669.05 rows=149309 width=8) (actual time=2160.764..2160.764 rows=58023 loops=1)
        Buckets: 131072  Batches: 2  Memory Usage: 2171kB
        ->  Hash Join  (cost=78414.48..118669.05 rows=149309 width=8) (actual time=1334.813..2143.751 rows=58023 loops=1)
              Hash Cond: (mi_idx.movie_id = t.id)
              ->  Seq Scan on movie_info_idx mi_idx  (cost=0.00..21735.35 rows=1380035 width=4) (actual time=0.024..217.596 rows=1380035 loops=1)
              ->  Hash  (cost=73925.90..73925.90 rows=273566 width=4) (actual time=1333.702..1333.702 rows=139974 loops=1)
                    Buckets: 131072  Batches: 4  Memory Usage: 2253kB
                    ->  Seq Scan on title t  (cost=0.00..73925.90 rows=273566 width=4) (actual time=0.036..1286.872 rows=139974 loops=1)
                          Filter: ((kind_id > 1) AND (production_year < 1970))
                          Rows Removed by Filter: 2388338
Planning time: 1.176 ms
Execution time: 27635.013 ms
