Seq Scan on cast_info ci  (cost=0.00..705507.15 rows=7228903 width=0) (actual time=0.017..11936.891 rows=7290774 loops=1)
  Filter: (person_id > 2940135)
  Rows Removed by Filter: 28953570
Planning time: 0.320 ms
Execution time: 12857.688 ms
