Hash Join  (cost=69283.60..886411.75 rows=69846 width=0) (actual time=5455.921..17989.916 rows=90521 loops=1)
  Hash Cond: (ci.movie_id = t.id)
  ->  Seq Scan on cast_info ci  (cost=0.00..796071.18 rows=1726003 width=4) (actual time=4378.258..15911.109 rows=1697067 loops=1)
        Filter: ((person_id > 21321) AND (role_id = 8))
        Rows Removed by Filter: 34547277
  ->  Hash  (cost=67604.59..67604.59 rows=102321 width=4) (actual time=1076.500..1076.500 rows=100537 loops=1)
        Buckets: 131072  Batches: 2  Memory Usage: 2797kB
        ->  Seq Scan on title t  (cost=0.00..67604.59 rows=102321 width=4) (actual time=359.167..1041.821 rows=100537 loops=1)
              Filter: (kind_id = 3)
              Rows Removed by Filter: 2427775
Planning time: 0.802 ms
Execution time: 18002.426 ms
