Hash Join  (cost=213379.35..343423.68 rows=1302832 width=0) (actual time=4948.022..10574.055 rows=10693307 loops=1)
  Hash Cond: (mk.movie_id = t.id)
  ->  Seq Scan on movie_keyword mk  (cost=0.00..81003.12 rows=2702638 width=4) (actual time=0.028..1664.291 rows=2701175 loops=1)
        Filter: (keyword_id < 7637)
        Rows Removed by Filter: 1822755
  ->  Hash  (cost=193381.10..193381.10 rows=1218900 width=8) (actual time=4946.372..4946.372 rows=1206226 loops=1)
        Buckets: 131072  Batches: 16  Memory Usage: 3990kB
        ->  Hash Join  (cost=102767.86..193381.10 rows=1218900 width=8) (actual time=1886.734..4615.039 rows=1206226 loops=1)
              Hash Cond: (mc.movie_id = t.id)
              ->  Seq Scan on movie_companies mc  (cost=0.00..51404.11 rows=1218900 width=4) (actual time=0.024..1007.946 rows=1206226 loops=1)
                    Filter: (company_id < 11137)
                    Rows Removed by Filter: 1402903
              ->  Hash  (cost=61283.27..61283.27 rows=2528527 width=4) (actual time=1884.929..1884.929 rows=2528312 loops=1)
                    Buckets: 131072  Batches: 64  Memory Usage: 2415kB
                    ->  Seq Scan on title t  (cost=0.00..61283.27 rows=2528527 width=4) (actual time=0.021..1047.182 rows=2528312 loops=1)
Planning time: 1.137 ms
Execution time: 11714.510 ms
