Hash Join  (cost=130258.96..495076.35 rows=16147 width=0) (actual time=2430.545..9975.580 rows=124751 loops=1)
  Hash Cond: (mi.movie_id = t.id)
  ->  Seq Scan on movie_info mi  (cost=0.00..309384.22 rows=14739122 width=4) (actual time=0.012..4471.040 rows=14835720 loops=1)
  ->  Hash  (cost=130224.33..130224.33 rows=2770 width=8) (actual time=2429.065..2429.065 rows=6344 loops=1)
        Buckets: 8192 (originally 4096)  Batches: 1 (originally 1)  Memory Usage: 312kB
        ->  Hash Join  (cost=73994.33..130224.33 rows=2770 width=8) (actual time=1321.615..2426.168 rows=6344 loops=1)
              Hash Cond: (mc.movie_id = t.id)
              ->  Seq Scan on movie_companies mc  (cost=0.00..51404.11 rows=1279517 width=4) (actual time=0.016..855.466 rows=1274246 loops=1)
                    Filter: (company_type_id = 1)
                    Rows Removed by Filter: 1334883
              ->  Hash  (cost=73925.90..73925.90 rows=5474 width=4) (actual time=1321.255..1321.255 rows=15440 loops=1)
                    Buckets: 16384 (originally 8192)  Batches: 1 (originally 1)  Memory Usage: 671kB
                    ->  Seq Scan on title t  (cost=0.00..73925.90 rows=5474 width=4) (actual time=0.032..1310.743 rows=15440 loops=1)
                          Filter: ((kind_id > 1) AND (production_year = 1987))
                          Rows Removed by Filter: 2512872
Planning time: 0.845 ms
Execution time: 9993.875 ms
