Hash Join  (cost=118016.86..1166619.31 rows=1440629 width=0) (actual time=2352.772..27298.387 rows=320880 loops=1)
  Hash Cond: (ci.movie_id = t.id)
  ->  Seq Scan on cast_info ci  (cost=0.00..614943.12 rows=36225612 width=4) (actual time=0.013..12533.772 rows=36244344 loops=1)
  ->  Hash  (cost=116366.92..116366.92 rows=100555 width=8) (actual time=2350.840..2350.840 rows=19239 loops=1)
        Buckets: 131072  Batches: 2  Memory Usage: 1409kB
        ->  Hash Join  (cost=76948.89..116366.92 rows=100555 width=8) (actual time=1311.199..2344.490 rows=19239 loops=1)
              Hash Cond: (mi_idx.movie_id = t.id)
              ->  Seq Scan on movie_info_idx mi_idx  (cost=0.00..21735.35 rows=1380035 width=4) (actual time=0.018..503.830 rows=1380035 loops=1)
              ->  Hash  (cost=73925.90..73925.90 rows=184239 width=4) (actual time=1310.404..1310.404 rows=60242 loops=1)
                    Buckets: 131072  Batches: 4  Memory Usage: 1555kB
                    ->  Seq Scan on title t  (cost=0.00..73925.90 rows=184239 width=4) (actual time=0.078..1287.783 rows=60242 loops=1)
                          Filter: ((kind_id > 1) AND (production_year < 1961))
                          Rows Removed by Filter: 2468070
Planning time: 1.194 ms
Execution time: 27340.575 ms
