Seq Scan on cast_info ci  (cost=0.00..705507.15 rows=500 width=0) (actual time=37.254..11355.021 rows=28 loops=1)
  Filter: (person_id = 2423676)
  Rows Removed by Filter: 36244316
Planning time: 15.146 ms
Execution time: 11355.149 ms
