Hash Join  (cost=139243.97..637442.65 rows=1723676 width=0) (actual time=3021.158..16782.856 rows=3845250 loops=1)
  Hash Cond: (mi.movie_id = t.id)
  ->  Seq Scan on movie_info mi  (cost=0.00..309384.22 rows=14739122 width=4) (actual time=0.012..6006.093 rows=14835720 loops=1)
  ->  Hash  (cost=134391.72..134391.72 rows=295700 width=8) (actual time=3020.343..3020.343 rows=270120 loops=1)
        Buckets: 131072  Batches: 4  Memory Usage: 3662kB
        ->  Hash Join  (cost=94009.45..134391.72 rows=295700 width=8) (actual time=1785.446..2926.723 rows=270120 loops=1)
              Hash Cond: (mi_idx.movie_id = t.id)
              ->  Seq Scan on movie_info_idx mi_idx  (cost=0.00..25185.44 rows=464566 width=4) (actual time=0.028..497.755 rows=459925 loops=1)
                    Filter: (info_type_id = 101)
                    Rows Removed by Filter: 920110
              ->  Hash  (cost=67604.59..67604.59 rows=1609429 width=4) (actual time=1783.871..1783.871 rows=1607077 loops=1)
                    Buckets: 131072  Batches: 32  Memory Usage: 2791kB
                    ->  Seq Scan on title t  (cost=0.00..67604.59 rows=1609429 width=4) (actual time=0.019..1272.077 rows=1607077 loops=1)
                          Filter: (production_year > 1995)
                          Rows Removed by Filter: 921235
Planning time: 1.232 ms
Execution time: 17255.625 ms
