Hash Join  (cost=102767.86..192642.45 rows=917148 width=0) (actual time=2098.328..4253.788 rows=757362 loops=1)
  Hash Cond: (mc.movie_id = t.id)
  ->  Seq Scan on movie_companies mc  (cost=0.00..57926.93 rows=917148 width=4) (actual time=0.019..1130.865 rows=757362 loops=1)
        Filter: ((company_id > 1427) AND (company_type_id < 2))
        Rows Removed by Filter: 1851767
  ->  Hash  (cost=61283.27..61283.27 rows=2528527 width=4) (actual time=2096.995..2096.995 rows=2528312 loops=1)
        Buckets: 131072  Batches: 64  Memory Usage: 2415kB
        ->  Seq Scan on title t  (cost=0.00..61283.27 rows=2528527 width=4) (actual time=0.016..1221.023 rows=2528312 loops=1)
Planning time: 0.519 ms
Execution time: 4350.553 ms
