Seq Scan on cast_info ci  (cost=0.00..705507.15 rows=500 width=0) (actual time=6739.988..10667.166 rows=5 loops=1)
  Filter: (person_id = 2157697)
  Rows Removed by Filter: 36244339
Planning time: 0.351 ms
Execution time: 10667.265 ms
