Hash Join  (cost=102767.86..194498.40 rows=35287 width=0) (actual time=1853.181..3637.754 rows=29440 loops=1)
  Hash Cond: (mk.movie_id = t.id)
  ->  Seq Scan on movie_keyword mk  (cost=0.00..81003.12 rows=35287 width=4) (actual time=0.170..1385.399 rows=29440 loops=1)
        Filter: (keyword_id = 359)
        Rows Removed by Filter: 4494490
  ->  Hash  (cost=61283.27..61283.27 rows=2528527 width=4) (actual time=1846.685..1846.685 rows=2528312 loops=1)
        Buckets: 131072  Batches: 64  Memory Usage: 2425kB
        ->  Seq Scan on title t  (cost=0.00..61283.27 rows=2528527 width=4) (actual time=0.012..986.726 rows=2528312 loops=1)
Planning time: 0.519 ms
Execution time: 3641.396 ms
