Hash Join  (cost=154654.97..508718.89 rows=8157 width=0) (actual time=5937.980..8631.331 rows=5025 loops=1)
  Hash Cond: (mi.movie_id = t.id)
  ->  Seq Scan on movie_info mi  (cost=0.00..346232.03 rows=1550064 width=4) (actual time=3075.532..5601.932 rows=1533909 loops=1)
        Filter: (info_type_id = 3)
        Rows Removed by Filter: 13301811
  ->  Hash  (cost=154488.65..154488.65 rows=13306 width=8) (actual time=2787.039..2787.039 rows=2500 loops=1)
        Buckets: 16384  Batches: 1  Memory Usage: 226kB
        ->  Hash Join  (cost=67697.55..154488.65 rows=13306 width=8) (actual time=1031.954..2785.843 rows=2500 loops=1)
              Hash Cond: (mk.movie_id = t.id)
              ->  Seq Scan on movie_keyword mk  (cost=0.00..69693.30 rows=4523930 width=4) (actual time=0.027..981.373 rows=4523930 loops=1)
              ->  Hash  (cost=67604.59..67604.59 rows=7437 width=4) (actual time=1031.540..1031.540 rows=8902 loops=1)
                    Buckets: 16384 (originally 8192)  Batches: 1 (originally 1)  Memory Usage: 441kB
                    ->  Seq Scan on title t  (cost=0.00..67604.59 rows=7437 width=4) (actual time=202.636..1027.481 rows=8902 loops=1)
                          Filter: (production_year = 1913)
                          Rows Removed by Filter: 2519410
Planning time: 2.237 ms
Execution time: 8632.349 ms
