Hash Join  (cost=74452.28..136464.99 rows=17374 width=0) (actual time=1193.413..2631.187 rows=36279 loops=1)
  Hash Cond: (mc.movie_id = t.id)
  ->  Seq Scan on movie_companies mc  (cost=0.00..57926.93 rows=1043209 width=4) (actual time=0.029..1169.322 rows=1274246 loops=1)
        Filter: ((company_id < 74956) AND (company_type_id = 1))
        Rows Removed by Filter: 1334883
  ->  Hash  (cost=73925.90..73925.90 rows=42110 width=4) (actual time=1193.007..1193.007 rows=33905 loops=1)
        Buckets: 65536  Batches: 1  Memory Usage: 1704kB
        ->  Seq Scan on title t  (cost=0.00..73925.90 rows=42110 width=4) (actual time=0.022..1178.520 rows=33905 loops=1)
              Filter: ((kind_id < 7) AND (production_year = 2006))
              Rows Removed by Filter: 2494407
Planning time: 0.818 ms
Execution time: 2636.471 ms
