Nested Loop  (cost=32749.09..119932.38 rows=301 width=0) (actual time=620.040..2053.072 rows=2847 loops=1)
  ->  Hash Join  (cost=32748.66..116367.56 rows=4192 width=8) (actual time=618.126..1913.029 rows=3406 loops=1)
        Hash Cond: (mk.movie_id = mi_idx.movie_id)
        ->  Seq Scan on movie_keyword mk  (cost=0.00..81003.12 rows=4222 width=4) (actual time=0.480..1212.530 rows=4408 loops=1)
              Filter: (keyword_id = 2891)
              Rows Removed by Filter: 4519522
        ->  Hash  (cost=25185.44..25185.44 rows=460978 width=4) (actual time=616.792..616.792 rows=459925 loops=1)
              Buckets: 131072  Batches: 8  Memory Usage: 3059kB
              ->  Seq Scan on movie_info_idx mi_idx  (cost=0.00..25185.44 rows=460978 width=4) (actual time=0.016..470.796 rows=459925 loops=1)
                    Filter: (info_type_id < 100)
                    Rows Removed by Filter: 920110
  ->  Index Scan using title_pkey on title t  (cost=0.43..0.84 rows=1 width=4) (actual time=0.040..0.040 rows=1 loops=3406)
        Index Cond: (id = mi_idx.movie_id)
        Filter: (kind_id < 7)
        Rows Removed by Filter: 0
Planning time: 1.162 ms
Execution time: 2054.006 ms
