Hash Join  (cost=75336.05..175508.68 rows=53776 width=0) (actual time=1245.682..3249.453 rows=234151 loops=1)
  Hash Cond: (mk.movie_id = t.id)
  ->  Seq Scan on movie_keyword mk  (cost=0.00..81003.12 rows=1582332 width=4) (actual time=0.024..1370.592 rows=1587785 loops=1)
        Filter: (keyword_id < 2436)
        Rows Removed by Filter: 2936145
  ->  Hash  (cost=73925.90..73925.90 rows=85932 width=4) (actual time=1244.400..1244.400 rows=187462 loops=1)
        Buckets: 131072 (originally 131072)  Batches: 4 (originally 2)  Memory Usage: 3073kB
        ->  Seq Scan on title t  (cost=0.00..73925.90 rows=85932 width=4) (actual time=0.111..1173.411 rows=187462 loops=1)
              Filter: ((kind_id < 7) AND (production_year < 1958))
              Rows Removed by Filter: 2340850
Planning time: 0.775 ms
Execution time: 3272.871 ms
