Hash Join  (cost=145986.57..633002.92 rows=675742 width=0) (actual time=3528.083..15265.389 rows=1374753 loops=1)
  Hash Cond: (mi.movie_id = t.id)
  ->  Seq Scan on movie_info mi  (cost=0.00..309384.22 rows=14739122 width=4) (actual time=0.011..6227.420 rows=14835720 loops=1)
  ->  Hash  (cost=144084.51..144084.51 rows=115925 width=8) (actual time=3527.415..3527.415 rows=67151 loops=1)
        Buckets: 131072  Batches: 2  Memory Usage: 2345kB
        ->  Hash Join  (cost=70308.29..144084.51 rows=115925 width=8) (actual time=1295.330..3497.702 rows=67151 loops=1)
              Hash Cond: (mc.movie_id = t.id)
              ->  Seq Scan on movie_companies mc  (cost=0.00..51404.11 rows=1778895 width=4) (actual time=0.016..1104.504 rows=1769916 loops=1)
                    Filter: (company_id < 26334)
                    Rows Removed by Filter: 839213
              ->  Hash  (cost=67604.59..67604.59 rows=164776 width=4) (actual time=1294.548..1294.548 rows=164307 loops=1)
                    Buckets: 131072  Batches: 4  Memory Usage: 2482kB
                    ->  Seq Scan on title t  (cost=0.00..67604.59 rows=164776 width=4) (actual time=0.017..1236.371 rows=164307 loops=1)
                          Filter: (production_year = 2012)
                          Rows Removed by Filter: 2364005
Planning time: 0.746 ms
Execution time: 15436.571 ms
