Nested Loop  (cost=0.43..110552.98 rows=3921 width=0) (actual time=0.171..1381.558 rows=3129 loops=1)
  ->  Seq Scan on movie_keyword mk  (cost=0.00..81003.12 rows=3921 width=4) (actual time=0.113..1256.209 rows=3129 loops=1)
        Filter: (keyword_id = 1767)
        Rows Removed by Filter: 4520801
  ->  Index Only Scan using title_pkey on title t  (cost=0.43..7.53 rows=1 width=4) (actual time=0.039..0.039 rows=1 loops=3129)
        Index Cond: (id = mk.movie_id)
        Heap Fetches: 3129
Planning time: 0.704 ms
Execution time: 1382.685 ms
