Hash Join  (cost=122885.38..850756.01 rows=6856 width=0) (actual time=7686.717..12838.055 rows=13250 loops=1)
  Hash Cond: (ci.movie_id = t.id)
  ->  Seq Scan on cast_info ci  (cost=0.00..705507.15 rows=5945312 width=4) (actual time=5640.459..9635.287 rows=5996072 loops=1)
        Filter: (person_id > 3047117)
        Rows Removed by Filter: 30248272
  ->  Hash  (cost=122848.93..122848.93 rows=2916 width=8) (actual time=2045.099..2045.099 rows=4522 loops=1)
        Buckets: 8192 (originally 4096)  Batches: 1 (originally 1)  Memory Usage: 241kB
        ->  Hash Join  (cost=67697.55..122848.93 rows=2916 width=8) (actual time=971.030..2042.953 rows=4522 loops=1)
              Hash Cond: (mc.movie_id = t.id)
              ->  Seq Scan on movie_companies mc  (cost=0.00..51404.11 rows=991496 width=4) (actual time=0.042..879.871 rows=1001890 loops=1)
                    Filter: (company_id > 16655)
                    Rows Removed by Filter: 1607239
              ->  Hash  (cost=67604.59..67604.59 rows=7437 width=4) (actual time=970.860..970.860 rows=7199 loops=1)
                    Buckets: 8192  Batches: 1  Memory Usage: 318kB
                    ->  Seq Scan on title t  (cost=0.00..67604.59 rows=7437 width=4) (actual time=0.858..967.204 rows=7199 loops=1)
                          Filter: (production_year = 1954)
                          Rows Removed by Filter: 2521113
Planning time: 1.231 ms
Execution time: 12840.660 ms
