Hash Join  (cost=102767.86..272562.96 rows=3279506 width=0) (actual time=1920.719..6447.505 rows=3264956 loops=1)
  Hash Cond: (mk.movie_id = t.id)
  ->  Seq Scan on movie_keyword mk  (cost=0.00..81003.12 rows=3279506 width=4) (actual time=0.022..1721.603 rows=3264956 loops=1)
        Filter: (keyword_id > 1603)
        Rows Removed by Filter: 1258974
  ->  Hash  (cost=61283.27..61283.27 rows=2528527 width=4) (actual time=1919.818..1919.818 rows=2528312 loops=1)
        Buckets: 131072  Batches: 64  Memory Usage: 2425kB
        ->  Seq Scan on title t  (cost=0.00..61283.27 rows=2528527 width=4) (actual time=0.019..1053.162 rows=2528312 loops=1)
Planning time: 0.708 ms
Execution time: 6838.214 ms
