Seq Scan on cast_info ci  (cost=0.00..796071.18 rows=224 width=0) (actual time=7036.691..13748.699 rows=2145 loops=1)
  Filter: ((role_id > 2) AND (person_id = 119561))
  Rows Removed by Filter: 36242199
Planning time: 0.360 ms
Execution time: 13749.089 ms
