Hash Join  (cost=547692.12..1511320.01 rows=10077805 width=0) (actual time=10670.774..40346.158 rows=42582426 loops=1)
  Hash Cond: (ci.movie_id = t.id)
  ->  Seq Scan on cast_info ci  (cost=0.00..705507.15 rows=11611138 width=4) (actual time=699.704..12875.472 rows=11644078 loops=1)
        Filter: (person_id > 2529509)
        Rows Removed by Filter: 24600266
  ->  Hash  (cost=511686.41..511686.41 rows=2194617 width=8) (actual time=9970.092..9970.092 rows=2233850 loops=1)
        Buckets: 131072  Batches: 32  Memory Usage: 3598kB
        ->  Hash Join  (cost=102767.86..511686.41 rows=2194617 width=8) (actual time=2987.793..9359.547 rows=2233850 loops=1)
              Hash Cond: (mi.movie_id = t.id)
              ->  Seq Scan on movie_info mi  (cost=0.00..346232.03 rows=2194617 width=4) (actual time=947.775..5155.997 rows=2233850 loops=1)
                    Filter: (info_type_id > 16)
                    Rows Removed by Filter: 12601870
              ->  Hash  (cost=61283.27..61283.27 rows=2528527 width=4) (actual time=2031.525..2031.525 rows=2528312 loops=1)
                    Buckets: 131072  Batches: 64  Memory Usage: 2425kB
                    ->  Seq Scan on title t  (cost=0.00..61283.27 rows=2528527 width=4) (actual time=0.025..1137.097 rows=2528312 loops=1)
Planning time: 1.162 ms
Execution time: 44975.776 ms
