Hash Join  (cost=477150.74..558623.27 rows=465901 width=0) (actual time=7144.345..9699.374 rows=1527783 loops=1)
  Hash Cond: (mc.movie_id = t.id)
  ->  Seq Scan on movie_companies mc  (cost=0.00..44881.29 rows=2609129 width=4) (actual time=0.005..914.535 rows=2609129 loops=1)
  ->  Hash  (cost=469742.89..469742.89 rows=451508 width=8) (actual time=7143.585..7143.585 rows=474443 loops=1)
        Buckets: 131072  Batches: 8  Memory Usage: 3338kB
        ->  Hash Join  (cost=102767.86..469742.89 rows=451508 width=8) (actual time=3983.785..6992.106 rows=474443 loops=1)
              Hash Cond: (mi.movie_id = t.id)
              ->  Seq Scan on movie_info mi  (cost=0.00..346232.03 rows=451508 width=4) (actual time=2422.067..4244.792 rows=474443 loops=1)
                    Filter: (info_type_id = 6)
                    Rows Removed by Filter: 14361277
              ->  Hash  (cost=61283.27..61283.27 rows=2528527 width=4) (actual time=1560.262..1560.262 rows=2528312 loops=1)
                    Buckets: 131072  Batches: 64  Memory Usage: 2425kB
                    ->  Seq Scan on title t  (cost=0.00..61283.27 rows=2528527 width=4) (actual time=0.023..805.217 rows=2528312 loops=1)
Planning time: 1.143 ms
Execution time: 9868.321 ms
