Hash Join  (cost=1001513.51..1574185.95 rows=3523280 width=0) (actual time=19268.295..32277.144 rows=3333035 loops=1)
  Hash Cond: (mi.movie_id = t.id)
  ->  Seq Scan on movie_info mi  (cost=0.00..309384.22 rows=14739122 width=4) (actual time=0.010..5956.855 rows=14835720 loops=1)
  ->  Hash  (cost=991596.19..991596.19 rows=604426 width=8) (actual time=19267.490..19267.490 rows=206160 loops=1)
        Buckets: 131072  Batches: 8  Memory Usage: 2033kB
        ->  Hash Join  (cost=70044.05..991596.19 rows=604426 width=8) (actual time=5852.434..18915.688 rows=206160 loops=1)
              Hash Cond: (ci.movie_id = t.id)
              ->  Seq Scan on cast_info ci  (cost=0.00..796071.18 rows=10279386 width=4) (actual time=4690.217..15042.759 rows=6350783 loops=1)
                    Filter: ((person_id < 3069602) AND (role_id > 3))
                    Rows Removed by Filter: 29893561
              ->  Hash  (cost=67604.59..67604.59 rows=148677 width=4) (actual time=1161.371..1161.371 rows=151511 loops=1)
                    Buckets: 131072  Batches: 2  Memory Usage: 3687kB
                    ->  Seq Scan on title t  (cost=0.00..67604.59 rows=148677 width=4) (actual time=3.138..1065.247 rows=151511 loops=1)
                          Filter: (production_year < 1945)
                          Rows Removed by Filter: 2376801
Planning time: 18.618 ms
Execution time: 32638.075 ms
