Seq Scan on movie_companies mc  (cost=0.00..51404.11 rows=1138167 width=0) (actual time=0.043..1016.242 rows=1145139 loops=1)
  Filter: (company_id > 13182)
  Rows Removed by Filter: 1463990
Planning time: 0.426 ms
Execution time: 1162.585 ms
