Hash Join  (cost=133102.92..515153.70 rows=28258 width=0) (actual time=1456.842..9153.420 rows=224659 loops=1)
  Hash Cond: (mi.movie_id = t.id)
  ->  Seq Scan on movie_info mi  (cost=0.00..346232.03 rows=9476311 width=4) (actual time=0.018..5940.868 rows=9565151 loops=1)
        Filter: (info_type_id < 16)
        Rows Removed by Filter: 5270569
  ->  Hash  (cost=133008.67..133008.67 rows=7540 width=8) (actual time=1456.740..1456.740 rows=7668 loops=1)
        Buckets: 8192  Batches: 1  Memory Usage: 364kB
        ->  Nested Loop  (cost=0.43..133008.67 rows=7540 width=8) (actual time=0.084..1452.398 rows=7668 loops=1)
              ->  Seq Scan on movie_keyword mk  (cost=0.00..81003.12 rows=7540 width=4) (actual time=0.021..1243.912 rows=7668 loops=1)
                    Filter: (keyword_id = 231)
                    Rows Removed by Filter: 4516262
              ->  Index Only Scan using title_pkey on title t  (cost=0.43..6.89 rows=1 width=4) (actual time=0.026..0.026 rows=1 loops=7668)
                    Index Cond: (id = mk.movie_id)
                    Heap Fetches: 7668
Planning time: 1.139 ms
Execution time: 9185.001 ms
