Hash Join  (cost=158688.00..213630.68 rows=27715 width=0) (actual time=2654.438..3417.616 rows=209162 loops=1)
  Hash Cond: (mc.movie_id = t.id)
  ->  Seq Scan on movie_companies mc  (cost=0.00..44881.29 rows=2609129 width=4) (actual time=0.015..361.762 rows=2609129 loops=1)
  ->  Hash  (cost=158352.27..158352.27 rows=26859 width=8) (actual time=2626.988..2626.988 rows=24278 loops=1)
        Buckets: 32768  Batches: 1  Memory Usage: 1205kB
        ->  Hash Join  (cost=69374.09..158352.27 rows=26859 width=8) (actual time=1071.147..2618.728 rows=24278 loops=1)
              Hash Cond: (mk.movie_id = t.id)
              ->  Seq Scan on movie_keyword mk  (cost=0.00..81003.12 rows=629990 width=4) (actual time=0.023..1320.782 rows=640368 loops=1)
                    Filter: (keyword_id > 29029)
                    Rows Removed by Filter: 3883562
              ->  Hash  (cost=67604.59..67604.59 rows=107800 width=4) (actual time=1070.268..1070.268 rows=108429 loops=1)
                    Buckets: 131072  Batches: 2  Memory Usage: 2938kB
                    ->  Seq Scan on title t  (cost=0.00..67604.59 rows=107800 width=4) (actual time=0.026..1028.060 rows=108429 loops=1)
                          Filter: (production_year = 2006)
                          Rows Removed by Filter: 2419883
Planning time: 1.200 ms
Execution time: 3436.895 ms
