Hash Join  (cost=52284.46..774335.74 rows=72 width=0) (actual time=9981.364..11418.810 rows=4 loops=1)
  Hash Cond: (ci.movie_id = t.id)
  ->  Seq Scan on cast_info ci  (cost=0.00..705507.15 rows=4411574 width=4) (actual time=2447.256..9875.171 rows=4280728 loops=1)
        Filter: (person_id < 412719)
        Rows Removed by Filter: 31963616
  ->  Hash  (cost=52283.95..52283.95 rows=41 width=8) (actual time=846.645..846.645 rows=744 loops=1)
        Buckets: 1024  Batches: 1  Memory Usage: 38kB
        ->  Nested Loop  (cost=0.43..52283.95 rows=41 width=8) (actual time=126.551..846.277 rows=744 loops=1)
              ->  Seq Scan on movie_companies mc  (cost=0.00..51404.11 rows=104 width=4) (actual time=126.429..824.654 rows=744 loops=1)
                    Filter: (company_id = 12468)
                    Rows Removed by Filter: 2608385
              ->  Index Scan using title_pkey on title t  (cost=0.43..8.45 rows=1 width=4) (actual time=0.028..0.028 rows=1 loops=744)
                    Index Cond: (id = mc.movie_id)
                    Filter: (kind_id < 7)
Planning time: 1.275 ms
Execution time: 11418.946 ms
