Hash Join  (cost=77354.40..160427.12 rows=8352 width=0) (actual time=1449.430..2625.767 rows=12595 loops=1)
  Hash Cond: (mk.movie_id = t.id)
  ->  Seq Scan on movie_keyword mk  (cost=0.00..81003.12 rows=101085 width=4) (actual time=212.729..1313.734 rows=99091 loops=1)
        Filter: (keyword_id > 82527)
        Rows Removed by Filter: 4424839
  ->  Hash  (cost=73925.90..73925.90 rows=208920 width=4) (actual time=1234.322..1234.322 rows=183835 loops=1)
        Buckets: 131072  Batches: 4  Memory Usage: 2655kB
        ->  Seq Scan on title t  (cost=0.00..73925.90 rows=208920 width=4) (actual time=0.033..1171.270 rows=183835 loops=1)
              Filter: ((kind_id < 7) AND (production_year > 2009))
              Rows Removed by Filter: 2344477
Planning time: 0.797 ms
Execution time: 2628.027 ms
