Hash Join  (cost=188354.01..679237.04 rows=1038113 width=0) (actual time=3507.832..15264.070 rows=395396 loops=1)
  Hash Cond: (mi.movie_id = t.id)
  ->  Seq Scan on movie_info mi  (cost=0.00..309384.22 rows=14739122 width=4) (actual time=0.019..5890.726 rows=14835720 loops=1)
  ->  Hash  (cost=185431.89..185431.89 rows=178090 width=8) (actual time=3482.181..3482.181 rows=45575 loops=1)
        Buckets: 131072  Batches: 4  Memory Usage: 1488kB
        ->  Hash Join  (cost=92883.59..185431.89 rows=178090 width=8) (actual time=2379.122..3466.454 rows=45575 loops=1)
              Hash Cond: (mk.movie_id = t.id)
              ->  Seq Scan on movie_keyword mk  (cost=0.00..81003.12 rows=292255 width=4) (actual time=0.035..1205.138 rows=311486 loops=1)
                    Filter: (keyword_id < 249)
                    Rows Removed by Filter: 4212444
              ->  Hash  (cost=67604.59..67604.59 rows=1540800 width=4) (actual time=1818.117..1818.117 rows=1543264 loops=1)
                    Buckets: 131072  Batches: 32  Memory Usage: 2728kB
                    ->  Seq Scan on title t  (cost=0.00..67604.59 rows=1540800 width=4) (actual time=0.016..1311.715 rows=1543264 loops=1)
                          Filter: (kind_id = 7)
                          Rows Removed by Filter: 985048
Planning time: 1.122 ms
Execution time: 15316.386 ms
