Seq Scan on cast_info ci  (cost=0.00..705507.15 rows=14543809 width=0) (actual time=26.101..12486.152 rows=14702036 loops=1)
  Filter: (person_id > 2184991)
  Rows Removed by Filter: 21542308
Planning time: 0.325 ms
Execution time: 14343.944 ms
