Seq Scan on cast_info ci  (cost=0.00..796071.18 rows=9267169 width=0) (actual time=1562.996..14715.623 rows=5734276 loops=1)
  Filter: ((person_id > 948461) AND (role_id = 1))
  Rows Removed by Filter: 30510068
Planning time: 0.291 ms
Execution time: 15401.132 ms
