Hash Join  (cost=87162.74..170689.38 rows=626519 width=0) (actual time=1609.580..4092.974 rows=1292533 loops=1)
  Hash Cond: (mc.movie_id = t.id)
  ->  Seq Scan on movie_companies mc  (cost=0.00..51404.11 rows=1963556 width=4) (actual time=0.029..1081.545 rows=1958418 loops=1)
        Filter: (company_id < 54608)
        Rows Removed by Filter: 650711
  ->  Hash  (cost=73925.90..73925.90 rows=806787 width=4) (actual time=1608.283..1608.283 rows=843018 loops=1)
        Buckets: 131072  Batches: 16  Memory Usage: 2879kB
        ->  Seq Scan on title t  (cost=0.00..73925.90 rows=806787 width=4) (actual time=0.020..1339.779 rows=843018 loops=1)
              Filter: ((kind_id < 7) AND (production_year < 2011))
              Rows Removed by Filter: 1685294
Planning time: 1.769 ms
Execution time: 4231.559 ms
