Seq Scan on movie_keyword mk  (cost=0.00..81003.12 rows=2528728 width=0) (actual time=0.013..1495.419 rows=2521326 loops=1)
  Filter: (keyword_id > 3546)
  Rows Removed by Filter: 2002604
Planning time: 0.329 ms
Execution time: 1799.759 ms
