Hash Join  (cost=83074.74..447745.01 rows=1434 width=0) (actual time=914.676..7683.574 rows=8234 loops=1)
  Hash Cond: (mi.movie_id = t.id)
  ->  Seq Scan on movie_info mi  (cost=0.00..309384.22 rows=14739122 width=4) (actual time=0.024..4022.710 rows=14835720 loops=1)
  ->  Hash  (cost=83071.67..83071.67 rows=246 width=8) (actual time=913.702..913.702 rows=264 loops=1)
        Buckets: 1024  Batches: 1  Memory Usage: 19kB
        ->  Nested Loop  (cost=0.43..83071.67 rows=246 width=8) (actual time=2.652..913.456 rows=264 loops=1)
              ->  Seq Scan on movie_keyword mk  (cost=0.00..81003.12 rows=246 width=4) (actual time=2.598..905.668 rows=264 loops=1)
                    Filter: (keyword_id = 1014)
                    Rows Removed by Filter: 4523666
              ->  Index Only Scan using title_pkey on title t  (cost=0.43..8.40 rows=1 width=4) (actual time=0.027..0.027 rows=1 loops=264)
                    Index Cond: (id = mk.movie_id)
                    Heap Fetches: 264
Planning time: 1.235 ms
Execution time: 7685.564 ms
