Hash Join  (cost=83073.23..430582.07 rows=4 width=0) (actual time=2946.264..6512.403 rows=30 loops=1)
  Hash Cond: (mi.movie_id = t.id)
  ->  Seq Scan on movie_info mi  (cost=0.00..346232.03 rows=340474 width=4) (actual time=1486.000..5218.604 rows=328857 loops=1)
        Filter: (info_type_id = 98)
        Rows Removed by Filter: 14506863
  ->  Hash  (cost=83072.90..83072.90 rows=26 width=8) (actual time=1247.018..1247.018 rows=88 loops=1)
        Buckets: 1024  Batches: 1  Memory Usage: 12kB
        ->  Nested Loop  (cost=0.43..83072.90 rows=26 width=8) (actual time=64.427..1246.876 rows=88 loops=1)
              ->  Seq Scan on movie_keyword mk  (cost=0.00..81003.12 rows=246 width=4) (actual time=5.445..1229.840 rows=188 loops=1)
                    Filter: (keyword_id = 5160)
                    Rows Removed by Filter: 4523742
              ->  Index Scan using title_pkey on title t  (cost=0.43..8.40 rows=1 width=4) (actual time=0.087..0.087 rows=0 loops=188)
                    Index Cond: (id = mk.movie_id)
                    Filter: ((production_year < 2000) AND (kind_id = 1))
                    Rows Removed by Filter: 1
Planning time: 1.211 ms
Execution time: 6512.595 ms
