Hash Join  (cost=365418.15..1452699.03 rows=18907246 width=0) (actual time=8287.115..43012.587 rows=65374241 loops=1)
  Hash Cond: (ci.movie_id = t.id)
  ->  Seq Scan on cast_info ci  (cost=0.00..705507.15 rows=10567688 width=4) (actual time=0.036..12858.999 rows=10401437 loops=1)
        Filter: (person_id < 1021717)
        Rows Removed by Filter: 25842907
  ->  Hash  (cost=291197.02..291197.02 rows=4523930 width=8) (actual time=8286.263..8286.263 rows=4523930 loops=1)
        Buckets: 131072  Batches: 64  Memory Usage: 3816kB
        ->  Hash Join  (cost=102767.86..291197.02 rows=4523930 width=8) (actual time=1974.021..7042.331 rows=4523930 loops=1)
              Hash Cond: (mk.movie_id = t.id)
              ->  Seq Scan on movie_keyword mk  (cost=0.00..69693.30 rows=4523930 width=4) (actual time=0.016..1332.122 rows=4523930 loops=1)
              ->  Hash  (cost=61283.27..61283.27 rows=2528527 width=4) (actual time=1969.829..1969.829 rows=2528312 loops=1)
                    Buckets: 131072  Batches: 64  Memory Usage: 2425kB
                    ->  Seq Scan on title t  (cost=0.00..61283.27 rows=2528527 width=4) (actual time=0.020..1081.968 rows=2528312 loops=1)
Planning time: 1.096 ms
Execution time: 50308.721 ms
