Hash Join  (cost=159691.77..1231865.03 rows=3155991 width=0) (actual time=3666.631..37773.651 rows=12872122 loops=1)
  Hash Cond: (ci.movie_id = t.id)
  ->  Seq Scan on cast_info ci  (cost=0.00..705507.15 rows=28888586 width=4) (actual time=0.012..16308.821 rows=28850768 loops=1)
        Filter: (person_id < 2931115)
        Rows Removed by Filter: 7393576
  ->  Hash  (cost=155158.84..155158.84 rows=276234 width=8) (actual time=3665.928..3665.928 rows=702180 loops=1)
        Buckets: 131072 (originally 131072)  Batches: 16 (originally 4)  Memory Usage: 3073kB
        ->  Hash Join  (cost=81720.25..155158.84 rows=276234 width=8) (actual time=1466.358..3434.849 rows=702180 loops=1)
              Hash Cond: (mc.movie_id = t.id)
              ->  Seq Scan on movie_companies mc  (cost=0.00..57926.93 rows=811818 width=4) (actual time=42.670..1081.620 rows=1026887 loops=1)
                    Filter: ((company_id > 5236) AND (company_type_id > 1))
                    Rows Removed by Filter: 1582242
              ->  Hash  (cost=67604.59..67604.59 rows=860373 width=4) (actual time=1422.825..1422.825 rows=854214 loops=1)
                    Buckets: 131072  Batches: 16  Memory Usage: 2897kB
                    ->  Seq Scan on title t  (cost=0.00..67604.59 rows=860373 width=4) (actual time=0.023..1150.493 rows=854214 loops=1)
                          Filter: (kind_id < 4)
                          Rows Removed by Filter: 1674098
Planning time: 1.291 ms
Execution time: 39276.397 ms
