Hash Join  (cost=102767.86..1358771.58 rows=22467235 width=0) (actual time=1912.110..36754.954 rows=22510346 loops=1)
  Hash Cond: (ci.movie_id = t.id)
  ->  Seq Scan on cast_info ci  (cost=0.00..705507.15 rows=22467235 width=4) (actual time=0.013..15100.254 rows=22510346 loops=1)
        Filter: (person_id > 1352515)
        Rows Removed by Filter: 13733998
  ->  Hash  (cost=61283.27..61283.27 rows=2528527 width=4) (actual time=1910.547..1910.547 rows=2528312 loops=1)
        Buckets: 131072  Batches: 64  Memory Usage: 2415kB
        ->  Seq Scan on title t  (cost=0.00..61283.27 rows=2528527 width=4) (actual time=0.006..1079.226 rows=2528312 loops=1)
Planning time: 0.724 ms
Execution time: 39281.505 ms
