Hash Join  (cost=78641.77..163095.28 rows=20828 width=0) (actual time=1309.984..2804.710 rows=83534 loops=1)
  Hash Cond: (mk.movie_id = t.id)
  ->  Seq Scan on movie_keyword mk  (cost=0.00..81003.12 rows=183228 width=4) (actual time=0.023..1299.695 rows=186824 loops=1)
        Filter: (keyword_id > 71441)
        Rows Removed by Filter: 4337106
  ->  Hash  (cost=73925.90..73925.90 rows=287429 width=4) (actual time=1309.144..1309.144 rows=401493 loops=1)
        Buckets: 131072 (originally 131072)  Batches: 8 (originally 4)  Memory Usage: 3073kB
        ->  Seq Scan on title t  (cost=0.00..73925.90 rows=287429 width=4) (actual time=0.022..1168.271 rows=401493 loops=1)
              Filter: ((kind_id < 7) AND (production_year < 1992))
              Rows Removed by Filter: 2126819
Planning time: 0.974 ms
Execution time: 2814.357 ms
