Hash Join  (cost=68365.25..157799.45 rows=50845 width=0) (actual time=990.670..2954.813 rows=57318 loops=1)
  Hash Cond: (mk.movie_id = t.id)
  ->  Seq Scan on movie_keyword mk  (cost=0.00..81003.12 rows=2112701 width=4) (actual time=0.023..1581.730 rows=2111348 loops=1)
        Filter: (keyword_id > 5661)
        Rows Removed by Filter: 2412582
  ->  Hash  (cost=67604.59..67604.59 rows=60853 width=4) (actual time=990.223..990.223 rows=62568 loops=1)
        Buckets: 65536  Batches: 1  Memory Usage: 2712kB
        ->  Seq Scan on title t  (cost=0.00..67604.59 rows=60853 width=4) (actual time=0.034..965.623 rows=62568 loops=1)
              Filter: (production_year = 2002)
              Rows Removed by Filter: 2465744
Planning time: 0.721 ms
Execution time: 2962.467 ms
