Hash Join  (cost=663721.01..1955868.86 rows=26486348 width=0) (actual time=20254.904..86365.144 rows=156937294 loops=1)
  Hash Cond: (ci.movie_id = t.id)
  ->  Seq Scan on cast_info ci  (cost=0.00..705507.15 rows=17211323 width=4) (actual time=0.016..14490.991 rows=17084890 loops=1)
        Filter: (person_id < 1688411)
        Rows Removed by Filter: 19159454
  ->  Hash  (cost=599881.92..599881.92 rows=3891127 width=8) (actual time=20251.720..20251.720 rows=8301049 loops=1)
        Buckets: 131072 (originally 131072)  Batches: 128 (originally 64)  Memory Usage: 3567kB
        ->  Hash Join  (cost=78556.72..599881.92 rows=3891127 width=8) (actual time=1531.462..17723.597 rows=8301049 loops=1)
              Hash Cond: (mi.movie_id = t.id)
              ->  Seq Scan on movie_info mi  (cost=0.00..309384.22 rows=14739122 width=4) (actual time=0.022..5951.276 rows=14835720 loops=1)
              ->  Hash  (cost=67604.59..67604.59 rows=667531 width=4) (actual time=1416.400..1416.400 rows=662825 loops=1)
                    Buckets: 131072  Batches: 16  Memory Usage: 2485kB
                    ->  Seq Scan on title t  (cost=0.00..67604.59 rows=667531 width=4) (actual time=156.199..1203.831 rows=662825 loops=1)
                          Filter: (kind_id = 1)
                          Rows Removed by Filter: 1865487
Planning time: 1.285 ms
Execution time: 104083.405 ms
