Hash Join  (cost=127971.64..1186900.75 rows=2445888 width=0) (actual time=3066.446..36903.054 rows=8550892 loops=1)
  Hash Cond: (ci.movie_id = t.id)
  ->  Seq Scan on cast_info ci  (cost=0.00..614943.12 rows=36225612 width=4) (actual time=0.016..13104.086 rows=36244344 loops=1)
  ->  Hash  (cost=125170.62..125170.62 rows=170722 width=8) (actual time=3065.664..3065.664 rows=313448 loops=1)
        Buckets: 131072  Batches: 4  Memory Usage: 4089kB
        ->  Hash Join  (cost=89289.29..125170.62 rows=170722 width=8) (actual time=1504.845..2968.636 rows=313448 loops=1)
              Hash Cond: (mi_idx.movie_id = t.id)
              ->  Seq Scan on movie_info_idx mi_idx  (cost=0.00..25185.44 rows=460978 width=4) (actual time=0.016..490.158 rows=459925 loops=1)
                    Filter: (info_type_id = 99)
                    Rows Removed by Filter: 920110
              ->  Hash  (cost=73925.90..73925.90 rows=936431 width=4) (actual time=1503.846..1503.846 rows=910262 loops=1)
                    Buckets: 131072  Batches: 16  Memory Usage: 3024kB
                    ->  Seq Scan on title t  (cost=0.00..73925.90 rows=936431 width=4) (actual time=0.021..1220.987 rows=910262 loops=1)
                          Filter: ((kind_id < 7) AND (production_year > 1915))
                          Rows Removed by Filter: 1618050
Planning time: 1.197 ms
Execution time: 37903.629 ms
