Seq Scan on movie_companies mc  (cost=0.00..57926.93 rows=394425 width=0) (actual time=0.024..794.972 rows=76585 loops=1)
  Filter: ((company_id > 29153) AND (company_type_id < 2))
  Rows Removed by Filter: 2532544
Planning time: 0.333 ms
Execution time: 805.686 ms
