Seq Scan on cast_info ci  (cost=0.00..796071.18 rows=276 width=0) (actual time=4217.011..14188.477 rows=2 loops=1)
  Filter: ((role_id < 3) AND (person_id = 59614))
  Rows Removed by Filter: 36244342
Planning time: 0.392 ms
Execution time: 14188.588 ms
