Hash Join  (cost=474386.37..1322527.98 rows=1635590 width=0) (actual time=7726.845..27059.260 rows=7380363 loops=1)
  Hash Cond: (ci.movie_id = t.id)
  ->  Seq Scan on cast_info ci  (cost=0.00..705507.15 rows=10791882 width=4) (actual time=0.021..12883.820 rows=10794820 loops=1)
        Filter: (person_id > 2627426)
        Rows Removed by Filter: 25449524
  ->  Hash  (cost=468099.16..468099.16 rows=383217 width=8) (actual time=7725.927..7725.927 rows=368218 loops=1)
        Buckets: 131072  Batches: 8  Memory Usage: 2837kB
        ->  Hash Join  (cost=102767.86..468099.16 rows=383217 width=8) (actual time=5641.440..7616.592 rows=368218 loops=1)
              Hash Cond: (mi.movie_id = t.id)
              ->  Seq Scan on movie_info mi  (cost=0.00..346232.03 rows=383217 width=4) (actual time=3605.491..4876.578 rows=368218 loops=1)
                    Filter: (info_type_id = 17)
                    Rows Removed by Filter: 14467502
              ->  Hash  (cost=61283.27..61283.27 rows=2528527 width=4) (actual time=2024.526..2024.526 rows=2528312 loops=1)
                    Buckets: 131072  Batches: 64  Memory Usage: 2425kB
                    ->  Seq Scan on title t  (cost=0.00..61283.27 rows=2528527 width=4) (actual time=0.032..1155.365 rows=2528312 loops=1)
Planning time: 1.212 ms
Execution time: 27848.027 ms
