Hash Join  (cost=120434.75..872001.72 rows=77780 width=0) (actual time=1385.478..18118.259 rows=176170 loops=1)
  Hash Cond: (ci.movie_id = t.id)
  ->  Seq Scan on cast_info ci  (cost=0.00..614943.12 rows=36225612 width=4) (actual time=0.010..8837.401 rows=36244344 loops=1)
  ->  Hash  (cost=120366.89..120366.89 rows=5429 width=8) (actual time=1385.164..1385.164 rows=6326 loops=1)
        Buckets: 8192  Batches: 1  Memory Usage: 312kB
        ->  Nested Loop  (cost=0.43..120366.89 rows=5429 width=8) (actual time=0.203..1381.396 rows=6326 loops=1)
              ->  Seq Scan on movie_keyword mk  (cost=0.00..81003.12 rows=5429 width=4) (actual time=0.130..1231.632 rows=6326 loops=1)
                    Filter: (keyword_id = 498)
                    Rows Removed by Filter: 4517604
              ->  Index Only Scan using title_pkey on title t  (cost=0.43..7.24 rows=1 width=4) (actual time=0.022..0.023 rows=1 loops=6326)
                    Index Cond: (id = mk.movie_id)
                    Heap Fetches: 6326
Planning time: 1.168 ms
Execution time: 18151.951 ms
