Hash Join  (cost=73994.33..438969.35 rows=31909 width=0) (actual time=1341.895..9032.785 rows=53979 loops=1)
  Hash Cond: (mi.movie_id = t.id)
  ->  Seq Scan on movie_info mi  (cost=0.00..309384.22 rows=14739122 width=4) (actual time=0.008..4405.624 rows=14835720 loops=1)
  ->  Hash  (cost=73925.90..73925.90 rows=5474 width=4) (actual time=1329.163..1329.163 rows=9919 loops=1)
        Buckets: 16384 (originally 8192)  Batches: 1 (originally 1)  Memory Usage: 477kB
        ->  Seq Scan on title t  (cost=0.00..73925.90 rows=5474 width=4) (actual time=0.036..1324.043 rows=9919 loops=1)
              Filter: ((kind_id > 1) AND (production_year = 1966))
              Rows Removed by Filter: 2518393
Planning time: 0.833 ms
Execution time: 9041.524 ms
