Hash Join  (cost=126645.57..253795.83 rows=422522 width=0) (actual time=2716.726..6483.818 rows=2412648 loops=1)
  Hash Cond: (mk.movie_id = t.id)
  ->  Seq Scan on movie_keyword mk  (cost=0.00..69693.30 rows=4523930 width=4) (actual time=0.020..1449.738 rows=4523930 loops=1)
  ->  Hash  (cost=122770.61..122770.61 rows=236157 width=8) (actual time=2715.738..2715.738 rows=314770 loops=1)
        Buckets: 131072 (originally 131072)  Batches: 8 (originally 4)  Memory Usage: 3073kB
        ->  Hash Join  (cost=81025.55..122770.61 rows=236157 width=8) (actual time=1426.695..2611.205 rows=314770 loops=1)
              Hash Cond: (mi_idx.movie_id = t.id)
              ->  Seq Scan on movie_info_idx mi_idx  (cost=0.00..21735.35 rows=1380035 width=4) (actual time=0.011..445.376 rows=1380035 loops=1)
              ->  Hash  (cost=73925.90..73925.90 rows=432692 width=4) (actual time=1425.962..1425.962 rows=368246 loops=1)
                    Buckets: 131072  Batches: 8  Memory Usage: 2639kB
                    ->  Seq Scan on title t  (cost=0.00..73925.90 rows=432692 width=4) (actual time=0.034..1311.258 rows=368246 loops=1)
                          Filter: ((kind_id < 7) AND (production_year > 2004))
                          Rows Removed by Filter: 2160066
Planning time: 5.314 ms
Execution time: 6736.503 ms
