Hash Join  (cost=102767.86..253590.14 rows=2491025 width=0) (actual time=2288.684..6174.795 rows=2485590 loops=1)
  Hash Cond: (mk.movie_id = t.id)
  ->  Seq Scan on movie_keyword mk  (cost=0.00..81003.12 rows=2491025 width=4) (actual time=0.031..1696.534 rows=2485590 loops=1)
        Filter: (keyword_id > 3639)
        Rows Removed by Filter: 2038340
  ->  Hash  (cost=61283.27..61283.27 rows=2528527 width=4) (actual time=2286.950..2286.950 rows=2528312 loops=1)
        Buckets: 131072  Batches: 64  Memory Usage: 2425kB
        ->  Seq Scan on title t  (cost=0.00..61283.27 rows=2528527 width=4) (actual time=0.019..1132.014 rows=2528312 loops=1)
Planning time: 0.715 ms
Execution time: 6455.882 ms
