Seq Scan on cast_info ci  (cost=0.00..796071.18 rows=176 width=0) (actual time=1067.854..11313.824 rows=174 loops=1)
  Filter: ((person_id = 1072586) AND (role_id = 1))
  Rows Removed by Filter: 36244170
Planning time: 6.337 ms
Execution time: 11313.950 ms
