Seq Scan on movie_companies mc  (cost=0.00..57926.93 rows=1621 width=0) (actual time=273.925..948.624 rows=1369 loops=1)
  Filter: ((company_type_id < 2) AND (company_id = 401))
  Rows Removed by Filter: 2607760
Planning time: 0.399 ms
Execution time: 948.982 ms
