Seq Scan on movie_companies mc  (cost=0.00..57926.93 rows=695946 width=0) (actual time=300.261..1066.243 rows=482075 loops=1)
  Filter: ((company_id > 10344) AND (company_type_id < 2))
  Rows Removed by Filter: 2127054
Planning time: 0.581 ms
Execution time: 1124.560 ms
