Hash Join  (cost=82805.75..1165495.91 rows=8989454 width=0) (actual time=2223.995..35196.599 rows=9121377 loops=1)
  Hash Cond: (ci.movie_id = t.id)
  ->  Seq Scan on cast_info ci  (cost=0.00..705507.15 rows=24533459 width=4) (actual time=0.059..15538.890 rows=24496281 loops=1)
        Filter: (person_id < 2517576)
        Rows Removed by Filter: 11748063
  ->  Hash  (cost=67604.59..67604.59 rows=926493 width=4) (actual time=2222.960..2222.960 rows=924605 loops=1)
        Buckets: 131072  Batches: 16  Memory Usage: 3056kB
        ->  Seq Scan on title t  (cost=0.00..67604.59 rows=926493 width=4) (actual time=0.011..1250.450 rows=924605 loops=1)
              Filter: (production_year < 1998)
              Rows Removed by Filter: 1603707
Planning time: 0.889 ms
Execution time: 36231.887 ms
