Hash Join  (cost=199590.97..1343122.59 rows=10176794 width=0) (actual time=5289.646..39843.273 rows=19074311 loops=1)
  Hash Cond: (ci.movie_id = t.id)
  ->  Seq Scan on cast_info ci  (cost=0.00..796071.18 rows=20831602 width=4) (actual time=0.014..17725.899 rows=19420727 loops=1)
        Filter: ((person_id < 3297150) AND (role_id > 1))
        Rows Removed by Filter: 16823617
  ->  Hash  (cost=179324.30..179324.30 rows=1235253 width=8) (actual time=5288.751..5288.751 rows=1526120 loops=1)
        Buckets: 131072  Batches: 32  Memory Usage: 2856kB
        ->  Hash Join  (cost=87245.25..179324.30 rows=1235253 width=8) (actual time=1762.134..4839.969 rows=1526120 loops=1)
              Hash Cond: (mc.movie_id = t.id)
              ->  Seq Scan on movie_companies mc  (cost=0.00..44881.29 rows=2609129 width=4) (actual time=0.017..858.628 rows=2609129 loops=1)
              ->  Hash  (cost=67604.59..67604.59 rows=1197093 width=4) (actual time=1760.948..1760.948 rows=1195923 loops=1)
                    Buckets: 131072  Batches: 16  Memory Usage: 3653kB
                    ->  Seq Scan on title t  (cost=0.00..67604.59 rows=1197093 width=4) (actual time=0.013..1377.288 rows=1195923 loops=1)
                          Filter: (production_year < 2003)
                          Rows Removed by Filter: 1332389
Planning time: 1.122 ms
Execution time: 42033.863 ms
