Seq Scan on cast_info ci  (cost=0.00..796071.18 rows=11328519 width=0) (actual time=893.777..16687.805 rows=9475869 loops=1)
  Filter: ((person_id < 3552431) AND (role_id > 3))
  Rows Removed by Filter: 26768475
Planning time: 0.355 ms
Execution time: 17856.087 ms
