Hash Join  (cost=83074.74..909440.30 rows=786 width=0) (actual time=8565.558..14640.157 rows=3 loops=1)
  Hash Cond: (ci.movie_id = t.id)
  ->  Seq Scan on cast_info ci  (cost=0.00..796071.18 rows=8076405 width=4) (actual time=5353.941..12624.628 rows=4949180 loops=1)
        Filter: ((person_id < 1776411) AND (role_id > 2))
        Rows Removed by Filter: 31295164
  ->  Hash  (cost=83071.67..83071.67 rows=246 width=8) (actual time=1341.940..1341.940 rows=1 loops=1)
        Buckets: 1024  Batches: 1  Memory Usage: 9kB
        ->  Nested Loop  (cost=0.43..83071.67 rows=246 width=8) (actual time=779.763..1341.933 rows=1 loops=1)
              ->  Seq Scan on movie_keyword mk  (cost=0.00..81003.12 rows=246 width=4) (actual time=779.606..1341.771 rows=1 loops=1)
                    Filter: (keyword_id = 55732)
                    Rows Removed by Filter: 4523929
              ->  Index Only Scan using title_pkey on title t  (cost=0.43..8.40 rows=1 width=4) (actual time=0.080..0.081 rows=1 loops=1)
                    Index Cond: (id = mk.movie_id)
                    Heap Fetches: 1
Planning time: 1.170 ms
Execution time: 14640.266 ms
