Nested Loop  (cost=44377.22..138782.78 rows=345 width=0) (actual time=1207.019..2441.819 rows=150 loops=1)
  ->  Hash Join  (cost=44376.79..131636.55 rows=12104 width=8) (actual time=888.970..2342.230 rows=6360 loops=1)
        Hash Cond: (mk.movie_id = mi_idx.movie_id)
        ->  Seq Scan on movie_keyword mk  (cost=0.00..81003.12 rows=4072 width=4) (actual time=0.160..1223.010 rows=4211 loops=1)
              Filter: (keyword_id = 19735)
              Rows Removed by Filter: 4519719
        ->  Hash  (cost=21735.35..21735.35 rows=1380035 width=4) (actual time=874.066..874.066 rows=1380035 loops=1)
              Buckets: 131072  Batches: 32  Memory Usage: 2556kB
              ->  Seq Scan on movie_info_idx mi_idx  (cost=0.00..21735.35 rows=1380035 width=4) (actual time=0.016..417.462 rows=1380035 loops=1)
  ->  Index Scan using title_pkey on title t  (cost=0.43..0.58 rows=1 width=4) (actual time=0.015..0.015 rows=0 loops=6360)
        Index Cond: (id = mi_idx.movie_id)
        Filter: (production_year > 2010)
        Rows Removed by Filter: 1
Planning time: 1.186 ms
Execution time: 2442.019 ms
