Hash Join  (cost=178766.66..672254.64 rows=1282204 width=0) (actual time=4202.917..16227.092 rows=4154349 loops=1)
  Hash Cond: (mi.movie_id = t.id)
  ->  Seq Scan on movie_info mi  (cost=0.00..309384.22 rows=14739122 width=4) (actual time=0.011..5784.465 rows=14835720 loops=1)
  ->  Hash  (cost=175157.10..175157.10 rows=219965 width=8) (actual time=4201.849..4201.849 rows=103107 loops=1)
        Buckets: 131072  Batches: 4  Memory Usage: 2053kB
        ->  Hash Join  (cost=74050.79..175157.10 rows=219965 width=8) (actual time=1313.777..4167.656 rows=103107 loops=1)
              Hash Cond: (mk.movie_id = t.id)
              ->  Seq Scan on movie_keyword mk  (cost=0.00..81003.12 rows=1415609 width=4) (actual time=0.019..1490.394 rows=1429133 loops=1)
                    Filter: (keyword_id > 11662)
                    Rows Removed by Filter: 3094797
              ->  Hash  (cost=67604.59..67604.59 rows=392896 width=4) (actual time=1312.752..1312.752 rows=391666 loops=1)
                    Buckets: 131072  Batches: 8  Memory Usage: 2759kB
                    ->  Seq Scan on title t  (cost=0.00..67604.59 rows=392896 width=4) (actual time=0.021..1178.410 rows=391666 loops=1)
                          Filter: (production_year > 2010)
                          Rows Removed by Filter: 2136646
Planning time: 2.284 ms
Execution time: 16648.964 ms
