Hash Join  (cost=28270.40..807880.50 rows=2875 width=0) (actual time=440.441..15733.424 rows=16406 loops=1)
  Hash Cond: (ci.movie_id = t.id)
  ->  Seq Scan on cast_info ci  (cost=0.00..705507.15 rows=19753121 width=4) (actual time=0.021..11996.076 rows=19921975 loops=1)
        Filter: (person_id > 1616902)
        Rows Removed by Filter: 16322369
  ->  Hash  (cost=28265.80..28265.80 rows=368 width=8) (actual time=425.508..425.508 rows=260 loops=1)
        Buckets: 1024  Batches: 1  Memory Usage: 19kB
        ->  Nested Loop  (cost=0.43..28265.80 rows=368 width=8) (actual time=171.518..425.396 rows=260 loops=1)
              ->  Seq Scan on movie_info_idx mi_idx  (cost=0.00..25185.44 rows=368 width=4) (actual time=171.433..419.941 rows=260 loops=1)
                    Filter: (info_type_id > 101)
                    Rows Removed by Filter: 1379775
              ->  Index Only Scan using title_pkey on title t  (cost=0.43..8.36 rows=1 width=4) (actual time=0.020..0.020 rows=1 loops=260)
                    Index Cond: (id = mi_idx.movie_id)
                    Heap Fetches: 260
Planning time: 1.218 ms
Execution time: 15737.538 ms
