Seq Scan on movie_keyword mk  (cost=0.00..81003.12 rows=246 width=0) (actual time=2.489..1238.905 rows=504 loops=1)
  Filter: (keyword_id = 5148)
  Rows Removed by Filter: 4523426
Planning time: 0.357 ms
Execution time: 1239.235 ms
