Seq Scan on cast_info ci  (cost=0.00..796071.18 rows=7678754 width=0) (actual time=2616.325..14113.708 rows=10028997 loops=1)
  Filter: ((person_id < 1367068) AND (role_id < 3))
  Rows Removed by Filter: 26215347
Planning time: 0.366 ms
Execution time: 15368.984 ms
