Hash Join  (cost=160597.98..537997.29 rows=1174 width=0) (actual time=2107.175..8062.208 rows=55228 loops=1)
  Hash Cond: (mi.movie_id = t.id)
  ->  Seq Scan on movie_info mi  (cost=0.00..346232.03 rows=6231111 width=4) (actual time=0.022..5060.835 rows=6223494 loops=1)
        Filter: (info_type_id > 8)
        Rows Removed by Filter: 8612226
  ->  Hash  (cost=160592.03..160592.03 rows=476 width=8) (actual time=2106.680..2106.680 rows=2844 loops=1)
        Buckets: 4096 (originally 1024)  Batches: 1 (originally 1)  Memory Usage: 144kB
        ->  Hash Join  (cost=73929.23..160592.03 rows=476 width=8) (actual time=1370.243..2105.529 rows=2844 loops=1)
              Hash Cond: (mk.movie_id = t.id)
              ->  Seq Scan on movie_keyword mk  (cost=0.00..69693.30 rows=4523930 width=4) (actual time=0.015..739.019 rows=4523930 loops=1)
              ->  Hash  (cost=73925.90..73925.90 rows=266 width=4) (actual time=706.652..706.652 rows=1272 loops=1)
                    Buckets: 2048 (originally 1024)  Batches: 1 (originally 1)  Memory Usage: 61kB
                    ->  Seq Scan on title t  (cost=0.00..73925.90 rows=266 width=4) (actual time=3.377..705.853 rows=1272 loops=1)
                          Filter: ((kind_id = 2) AND (production_year = 1992))
                          Rows Removed by Filter: 2527040
Planning time: 1.738 ms
Execution time: 8069.453 ms
