Seq Scan on movie_keyword mk  (cost=0.00..81003.12 rows=246 width=0) (actual time=2.902..1155.751 rows=231 loops=1)
  Filter: (keyword_id = 11136)
  Rows Removed by Filter: 4523699
Planning time: 0.370 ms
Execution time: 1156.002 ms
