Hash Join  (cost=263115.61..1211941.01 rows=9866414 width=0) (actual time=6327.504..31459.539 rows=23718879 loops=1)
  Hash Cond: (ci.movie_id = t.id)
  ->  Seq Scan on cast_info ci  (cost=0.00..705507.15 rows=9561618 width=4) (actual time=0.022..13198.145 rows=9531847 loops=1)
        Filter: (person_id > 2752689)
        Rows Removed by Filter: 26712497
  ->  Hash  (cost=220309.49..220309.49 rows=2609129 width=8) (actual time=6324.557..6324.557 rows=2609129 loops=1)
        Buckets: 131072  Batches: 64  Memory Usage: 2610kB
        ->  Hash Join  (cost=102767.86..220309.49 rows=2609129 width=8) (actual time=1833.644..5596.021 rows=2609129 loops=1)
              Hash Cond: (mc.movie_id = t.id)
              ->  Seq Scan on movie_companies mc  (cost=0.00..44881.29 rows=2609129 width=4) (actual time=0.024..958.995 rows=2609129 loops=1)
              ->  Hash  (cost=61283.27..61283.27 rows=2528527 width=4) (actual time=1832.531..1832.531 rows=2528312 loops=1)
                    Buckets: 131072  Batches: 64  Memory Usage: 2415kB
                    ->  Seq Scan on title t  (cost=0.00..61283.27 rows=2528527 width=4) (actual time=0.016..988.044 rows=2528312 loops=1)
Planning time: 1.136 ms
Execution time: 34108.548 ms
