Hash Join  (cost=102767.86..226370.69 rows=2589952 width=0) (actual time=1838.622..5381.865 rows=2591344 loops=1)
  Hash Cond: (mc.movie_id = t.id)
  ->  Seq Scan on movie_companies mc  (cost=0.00..51404.11 rows=2589952 width=4) (actual time=0.016..1183.648 rows=2591344 loops=1)
        Filter: (company_id < 218294)
        Rows Removed by Filter: 17785
  ->  Hash  (cost=61283.27..61283.27 rows=2528527 width=4) (actual time=1837.804..1837.804 rows=2528312 loops=1)
        Buckets: 131072  Batches: 64  Memory Usage: 2415kB
        ->  Seq Scan on title t  (cost=0.00..61283.27 rows=2528527 width=4) (actual time=0.027..974.538 rows=2528312 loops=1)
Planning time: 0.799 ms
Execution time: 5675.507 ms
