Hash Join  (cost=830307.19..873112.55 rows=297988 width=0) (actual time=15422.003..16538.840 rows=261294 loops=1)
  Hash Cond: (mi_idx.movie_id = t.id)
  ->  Seq Scan on movie_info_idx mi_idx  (cost=0.00..21735.35 rows=1380035 width=4) (actual time=0.015..443.491 rows=1380035 loops=1)
  ->  Hash  (cost=821349.44..821349.44 rows=545980 width=8) (actual time=15421.080..15421.080 rows=301491 loops=1)
        Buckets: 131072  Batches: 8  Memory Usage: 2490kB
        ->  Hash Join  (cost=92883.59..821349.44 rows=545980 width=8) (actual time=12697.481..15326.164 rows=301491 loops=1)
              Hash Cond: (ci.movie_id = t.id)
              ->  Seq Scan on cast_info ci  (cost=0.00..705507.15 rows=895980 width=4) (actual time=10982.970..12804.785 rows=898389 loops=1)
                    Filter: (role_id = 5)
                    Rows Removed by Filter: 35345955
              ->  Hash  (cost=67604.59..67604.59 rows=1540800 width=4) (actual time=1712.756..1712.756 rows=1543264 loops=1)
                    Buckets: 131072  Batches: 32  Memory Usage: 2722kB
                    ->  Seq Scan on title t  (cost=0.00..67604.59 rows=1540800 width=4) (actual time=113.312..1237.291 rows=1543264 loops=1)
                          Filter: (kind_id = 7)
                          Rows Removed by Filter: 985048
Planning time: 2.467 ms
Execution time: 16568.993 ms
