Hash Join  (cost=183645.98..673735.10 rows=963721 width=0) (actual time=3278.782..15029.738 rows=325090 loops=1)
  Hash Cond: (mi.movie_id = t.id)
  ->  Seq Scan on movie_info mi  (cost=0.00..309384.22 rows=14739122 width=4) (actual time=0.007..5824.506 rows=14835720 loops=1)
  ->  Hash  (cost=180933.38..180933.38 rows=165328 width=8) (actual time=3275.019..3275.019 rows=36703 loops=1)
        Buckets: 131072  Batches: 4  Memory Usage: 1395kB
        ->  Hash Join  (cost=89472.60..180933.38 rows=165328 width=8) (actual time=1673.373..3260.991 rows=36703 loops=1)
              Hash Cond: (mk.movie_id = t.id)
              ->  Seq Scan on movie_keyword mk  (cost=0.00..81003.12 rows=441165 width=4) (actual time=0.031..1208.896 rows=453330 loops=1)
                    Filter: (keyword_id < 348)
                    Rows Removed by Filter: 4070600
              ->  Hash  (cost=73925.90..73925.90 rows=947576 width=4) (actual time=1664.855..1664.855 rows=876037 loops=1)
                    Buckets: 131072  Batches: 16  Memory Usage: 2955kB
                    ->  Seq Scan on title t  (cost=0.00..73925.90 rows=947576 width=4) (actual time=0.025..1363.201 rows=876037 loops=1)
                          Filter: ((production_year < 2007) AND (kind_id = 7))
                          Rows Removed by Filter: 1652275
Planning time: 1.163 ms
Execution time: 15066.973 ms
