Seq Scan on movie_companies mc  (cost=0.00..57926.93 rows=1206445 width=0) (actual time=420.507..1067.832 rows=1090782 loops=1)
  Filter: ((company_id < 102190) AND (company_type_id > 1))
  Rows Removed by Filter: 1518347
Planning time: 0.349 ms
Execution time: 1197.644 ms
