Hash Join  (cost=232816.98..1409059.30 rows=13865816 width=0) (actual time=4804.688..46321.892 rows=46623155 loops=1)
  Hash Cond: (ci.movie_id = t.id)
  ->  Seq Scan on cast_info ci  (cost=0.00..614943.12 rows=36225612 width=4) (actual time=0.020..13137.518 rows=36244344 loops=1)
  ->  Hash  (cost=216938.16..216938.16 rows=967826 width=8) (actual time=4803.704..4803.704 rows=974180 loops=1)
        Buckets: 131072  Batches: 16  Memory Usage: 3454kB
        ->  Hash Join  (cost=102767.86..216938.16 rows=967826 width=8) (actual time=1971.557..4546.490 rows=974180 loops=1)
              Hash Cond: (mk.movie_id = t.id)
              ->  Seq Scan on movie_keyword mk  (cost=0.00..81003.12 rows=967826 width=4) (actual time=0.014..1451.352 rows=974180 loops=1)
                    Filter: (keyword_id > 19281)
                    Rows Removed by Filter: 3549750
              ->  Hash  (cost=61283.27..61283.27 rows=2528527 width=4) (actual time=1970.708..1970.708 rows=2528312 loops=1)
                    Buckets: 131072  Batches: 64  Memory Usage: 2425kB
                    ->  Seq Scan on title t  (cost=0.00..61283.27 rows=2528527 width=4) (actual time=0.019..1090.016 rows=2528312 loops=1)
Planning time: 1.574 ms
Execution time: 51468.047 ms
