Hash Join  (cost=140698.03..971113.85 rows=97036 width=0) (actual time=12953.644..17833.778 rows=111669 loops=1)
  Hash Cond: (ci.movie_id = t.id)
  ->  Seq Scan on cast_info ci  (cost=0.00..796071.18 rows=8899809 width=4) (actual time=10666.888..14595.455 rows=4916519 loops=1)
        Filter: ((person_id > 1057825) AND (role_id < 2))
        Rows Removed by Filter: 31327825
  ->  Hash  (cost=140353.42..140353.42 rows=27569 width=8) (actual time=2286.417..2286.417 rows=11171 loops=1)
        Buckets: 32768  Batches: 1  Memory Usage: 693kB
        ->  Hash Join  (cost=77838.49..140353.42 rows=27569 width=8) (actual time=1198.478..2282.485 rows=11171 loops=1)
              Hash Cond: (mc.movie_id = t.id)
              ->  Seq Scan on movie_companies mc  (cost=0.00..57926.93 rows=292347 width=4) (actual time=0.035..880.451 rows=428170 loops=1)
                    Filter: ((company_id < 686) AND (company_type_id < 2))
                    Rows Removed by Filter: 2180959
              ->  Hash  (cost=73925.90..73925.90 rows=238447 width=4) (actual time=1197.287..1197.287 rows=200165 loops=1)
                    Buckets: 131072  Batches: 4  Memory Usage: 2784kB
                    ->  Seq Scan on title t  (cost=0.00..73925.90 rows=238447 width=4) (actual time=140.326..1135.505 rows=200165 loops=1)
                          Filter: ((production_year > 2006) AND (kind_id = 1))
                          Rows Removed by Filter: 2328147
Planning time: 1.300 ms
Execution time: 17851.259 ms
