Hash Join  (cost=83072.94..447729.03 rows=15 width=0) (actual time=1548.080..8056.759 rows=734 loops=1)
  Hash Cond: (mi.movie_id = t.id)
  ->  Seq Scan on movie_info mi  (cost=0.00..309384.22 rows=14739122 width=4) (actual time=0.011..4142.464 rows=14835720 loops=1)
  ->  Hash  (cost=83072.90..83072.90 rows=3 width=8) (actual time=1290.124..1290.124 rows=6 loops=1)
        Buckets: 1024  Batches: 1  Memory Usage: 9kB
        ->  Nested Loop  (cost=0.43..83072.90 rows=3 width=8) (actual time=2.504..1290.110 rows=6 loops=1)
              ->  Seq Scan on movie_keyword mk  (cost=0.00..81003.12 rows=246 width=4) (actual time=1.730..1277.432 rows=252 loops=1)
                    Filter: (keyword_id = 12334)
                    Rows Removed by Filter: 4523678
              ->  Index Scan using title_pkey on title t  (cost=0.43..8.40 rows=1 width=4) (actual time=0.048..0.048 rows=0 loops=252)
                    Index Cond: (id = mk.movie_id)
                    Filter: ((kind_id < 7) AND (production_year = 2003))
                    Rows Removed by Filter: 1
Planning time: 3.117 ms
Execution time: 8057.104 ms
