Seq Scan on cast_info ci  (cost=0.00..796071.18 rows=12937937 width=0) (actual time=0.020..15020.312 rows=10878084 loops=1)
  Filter: ((person_id > 1261292) AND (role_id < 3))
  Rows Removed by Filter: 25366260
Planning time: 0.299 ms
Execution time: 16329.833 ms
