Seq Scan on cast_info ci  (cost=0.00..705507.15 rows=500 width=0) (actual time=7161.312..10652.816 rows=819 loops=1)
  Filter: (person_id = 1733942)
  Rows Removed by Filter: 36243525
Planning time: 1.426 ms
Execution time: 10653.019 ms
