Seq Scan on cast_info ci  (cost=0.00..796071.18 rows=4171256 width=0) (actual time=3054.062..11841.954 rows=2123638 loops=1)
  Filter: ((person_id > 3193612) AND (role_id < 10))
  Rows Removed by Filter: 34120706
Planning time: 0.349 ms
Execution time: 12096.734 ms
