Seq Scan on movie_keyword mk  (cost=0.00..81003.12 rows=181922 width=0) (actual time=248.053..1437.498 rows=183245 loops=1)
  Filter: (keyword_id > 71568)
  Rows Removed by Filter: 4340685
Planning time: 0.353 ms
Execution time: 1463.039 ms
