Seq Scan on movie_keyword mk  (cost=0.00..81003.12 rows=2492497 width=0) (actual time=0.016..1456.667 rows=2485970 loops=1)
  Filter: (keyword_id < 6043)
  Rows Removed by Filter: 2037960
Planning time: 0.325 ms
Execution time: 1764.598 ms
