Hash Join  (cost=162885.01..538290.83 rows=261898 width=0) (actual time=4763.534..11511.165 rows=5474718 loops=1)
  Hash Cond: (mi.movie_id = t.id)
  ->  Seq Scan on movie_info mi  (cost=0.00..346232.03 rows=2194617 width=4) (actual time=1233.655..5917.757 rows=2233850 loops=1)
        Filter: (info_type_id > 16)
        Rows Removed by Filter: 12601870
  ->  Hash  (cost=157934.19..157934.19 rows=301746 width=8) (actual time=3363.876..3363.876 rows=382751 loops=1)
        Buckets: 131072 (originally 131072)  Batches: 8 (originally 4)  Memory Usage: 3073kB
        ->  Hash Join  (cost=78724.21..157934.19 rows=301746 width=8) (actual time=1165.306..3233.182 rows=382751 loops=1)
              Hash Cond: (mc.movie_id = t.id)
              ->  Seq Scan on movie_companies mc  (cost=0.00..44881.29 rows=2609129 width=4) (actual time=0.026..849.708 rows=2609129 loops=1)
              ->  Hash  (cost=73925.90..73925.90 rows=292424 width=4) (actual time=1164.473..1164.473 rows=231739 loops=1)
                    Buckets: 131072  Batches: 4  Memory Usage: 3067kB
                    ->  Seq Scan on title t  (cost=0.00..73925.90 rows=292424 width=4) (actual time=0.833..1092.602 rows=231739 loops=1)
                          Filter: ((production_year > 2004) AND (kind_id = 1))
                          Rows Removed by Filter: 2296573
Planning time: 1.221 ms
Execution time: 12111.915 ms
