Hash Join  (cost=83072.36..111689.45 rows=2 width=0) (actual time=1359.297..1881.394 rows=8 loops=1)
  Hash Cond: (mi_idx.movie_id = t.id)
  ->  Seq Scan on movie_info_idx mi_idx  (cost=0.00..25185.44 rows=915101 width=4) (actual time=0.024..475.408 rows=919850 loops=1)
        Filter: (info_type_id < 101)
        Rows Removed by Filter: 460185
  ->  Hash  (cost=83072.29..83072.29 rows=6 width=8) (actual time=1282.662..1282.662 rows=4 loops=1)
        Buckets: 1024  Batches: 1  Memory Usage: 9kB
        ->  Nested Loop  (cost=0.43..83072.29 rows=6 width=8) (actual time=424.013..1282.652 rows=4 loops=1)
              ->  Seq Scan on movie_keyword mk  (cost=0.00..81003.12 rows=246 width=4) (actual time=2.772..1245.760 rows=565 loops=1)
                    Filter: (keyword_id = 3476)
                    Rows Removed by Filter: 4523365
              ->  Index Scan using title_pkey on title t  (cost=0.43..8.40 rows=1 width=4) (actual time=0.064..0.064 rows=0 loops=565)
                    Index Cond: (id = mk.movie_id)
                    Filter: (production_year = 2002)
                    Rows Removed by Filter: 1
Planning time: 1.839 ms
Execution time: 1881.523 ms
