Hash Join  (cost=98137.04..477308.89 rows=936544 width=0) (actual time=6807.935..9283.585 rows=620011 loops=1)
  Hash Cond: (mi.movie_id = t.id)
  ->  Seq Scan on movie_info mi  (cost=0.00..346232.03 rows=1272478 width=4) (actual time=4128.841..5437.567 rows=1325361 loops=1)
        Filter: (info_type_id = 8)
        Rows Removed by Filter: 13510359
  ->  Hash  (cost=67604.59..67604.59 rows=1860996 width=4) (actual time=2677.977..2677.977 rows=1865487 loops=1)
        Buckets: 131072  Batches: 32  Memory Usage: 3085kB
        ->  Seq Scan on title t  (cost=0.00..67604.59 rows=1860996 width=4) (actual time=0.039..1337.136 rows=1865487 loops=1)
              Filter: (kind_id > 1)
              Rows Removed by Filter: 662825
Planning time: 0.736 ms
Execution time: 9357.858 ms
