Hash Join  (cost=174062.52..658924.60 rows=473814 width=0) (actual time=3193.780..14934.779 rows=4010485 loops=1)
  Hash Cond: (mi.movie_id = t.id)
  ->  Seq Scan on movie_info mi  (cost=0.00..309384.22 rows=14739122 width=4) (actual time=0.026..5923.263 rows=14835720 loops=1)
  ->  Hash  (cost=172728.47..172728.47 rows=81284 width=8) (actual time=3193.011..3193.011 rows=75011 loops=1)
        Buckets: 131072  Batches: 2  Memory Usage: 2507kB
        ->  Hash Join  (cost=69460.45..172728.47 rows=81284 width=8) (actual time=1118.861..3171.708 rows=75011 loops=1)
              Hash Cond: (mk.movie_id = t.id)
              ->  Seq Scan on movie_keyword mk  (cost=0.00..81003.12 rows=1817081 width=4) (actual time=0.024..1496.939 rows=1819295 loops=1)
                    Filter: (keyword_id < 2987)
                    Rows Removed by Filter: 2704635
              ->  Hash  (cost=67604.59..67604.59 rows=113109 width=4) (actual time=1117.598..1117.598 rows=119565 loops=1)
                    Buckets: 131072  Batches: 2  Memory Usage: 3121kB
                    ->  Seq Scan on title t  (cost=0.00..67604.59 rows=113109 width=4) (actual time=0.015..1070.333 rows=119565 loops=1)
                          Filter: (production_year = 2007)
                          Rows Removed by Filter: 2408747
Planning time: 1.406 ms
Execution time: 15390.370 ms
