Hash Join  (cost=160045.72..263794.27 rows=278302 width=184) (actual time=3968.118..7889.228 rows=2019623 loops=1)
  Hash Cond: (mc.movie_id = t.id)
  ->  Seq Scan on movie_companies mc  (cost=0.00..44881.29 rows=2609129 width=40) (actual time=0.023..986.830 rows=2609129 loops=1)
  ->  Hash  (cost=151142.41..151142.41 rows=269705 width=144) (actual time=3967.358..3967.358 rows=603529 loops=1)
        Buckets: 32768 (originally 32768)  Batches: 32 (originally 16)  Memory Usage: 3841kB
        ->  Hash Join  (cost=87341.88..151142.41 rows=269705 width=144) (actual time=2010.791..3595.489 rows=603529 loops=1)
              Hash Cond: (mi_idx.movie_id = t.id)
              ->  Seq Scan on movie_info_idx mi_idx  (cost=0.00..21735.35 rows=1380035 width=50) (actual time=0.021..454.932 rows=1380035 loops=1)
              ->  Hash  (cost=73925.90..73925.90 rows=494158 width=94) (actual time=2010.085..2010.085 rows=581419 loops=1)
                    Buckets: 32768  Batches: 32  Memory Usage: 2247kB
                    ->  Seq Scan on title t  (cost=0.00..73925.90 rows=494158 width=94) (actual time=0.025..1412.005 rows=581419 loops=1)
                          Filter: ((kind_id < 7) AND (production_year < 2004))
                          Rows Removed by Filter: 1946893
Planning time: 8.976 ms
Execution time: 7999.853 ms
