Seq Scan on cast_info ci  (cost=0.00..705507.15 rows=5130865 width=0) (actual time=96.605..11407.365 rows=5024618 loops=1)
  Filter: (person_id < 486313)
  Rows Removed by Filter: 31219726
Planning time: 0.337 ms
Execution time: 12000.333 ms
