Hash Join  (cost=74146.12..161119.35 rows=31520 width=0) (actual time=1129.609..2972.137 rows=29324 loops=1)
  Hash Cond: (mk.movie_id = t.id)
  ->  Seq Scan on movie_keyword mk  (cost=0.00..69693.30 rows=4523930 width=4) (actual time=0.012..972.145 rows=4523930 loops=1)
  ->  Hash  (cost=73925.90..73925.90 rows=17617 width=4) (actual time=1128.911..1128.911 rows=22021 loops=1)
        Buckets: 32768  Batches: 1  Memory Usage: 1031kB
        ->  Seq Scan on title t  (cost=0.00..73925.90 rows=17617 width=4) (actual time=645.011..1119.395 rows=22021 loops=1)
              Filter: ((production_year > 2012) AND (kind_id = 1))
              Rows Removed by Filter: 2506291
Planning time: 0.550 ms
Execution time: 2976.377 ms
