Hash Join  (cost=204127.68..1087183.99 rows=2821243 width=0) (actual time=4973.067..28553.717 rows=11261130 loops=1)
  Hash Cond: (ci.movie_id = t.id)
  ->  Seq Scan on cast_info ci  (cost=0.00..705507.15 rows=12726058 width=4) (actual time=0.019..13165.365 rows=12670688 loops=1)
        Filter: (role_id = 1)
        Rows Removed by Filter: 23573656
  ->  Hash  (cost=194930.81..194930.81 rows=560550 width=8) (actual time=4972.069..4972.069 rows=720960 loops=1)
        Buckets: 131072 (originally 131072)  Batches: 16 (originally 8)  Memory Usage: 3073kB
        ->  Hash Join  (cost=91342.70..194930.81 rows=560550 width=8) (actual time=2262.433..4763.978 rows=720960 loops=1)
              Hash Cond: (mk.movie_id = t.id)
              ->  Seq Scan on movie_keyword mk  (cost=0.00..81003.12 rows=979595 width=4) (actual time=0.019..1592.056 rows=986426 loops=1)
                    Filter: (keyword_id < 927)
                    Rows Removed by Filter: 3537504
              ->  Hash  (cost=67604.59..67604.59 rows=1446889 width=4) (actual time=2260.900..2260.900 rows=1443298 loops=1)
                    Buckets: 131072  Batches: 32  Memory Usage: 2616kB
                    ->  Seq Scan on title t  (cost=0.00..67604.59 rows=1446889 width=4) (actual time=0.019..1251.188 rows=1443298 loops=1)
                          Filter: (production_year < 2006)
                          Rows Removed by Filter: 1085014
Planning time: 1.196 ms
Execution time: 29789.069 ms
