Hash Join  (cost=127043.47..983742.59 rows=532031 width=0) (actual time=9575.467..21182.361 rows=1095093 loops=1)
  Hash Cond: (ci.movie_id = t.id)
  ->  Seq Scan on cast_info ci  (cost=0.00..796071.18 rows=4686299 width=4) (actual time=6769.530..14923.506 rows=7449743 loops=1)
        Filter: ((person_id > 1276584) AND (role_id = 2))
        Rows Removed by Filter: 28794601
  ->  Hash  (cost=122333.21..122333.21 rows=287061 width=8) (actual time=2804.906..2804.906 rows=207444 loops=1)
        Buckets: 131072  Batches: 4  Memory Usage: 3038kB
        ->  Hash Join  (cost=80562.70..122333.21 rows=287061 width=8) (actual time=1468.423..2735.289 rows=207444 loops=1)
              Hash Cond: (mi_idx.movie_id = t.id)
              ->  Seq Scan on movie_info_idx mi_idx  (cost=0.00..25185.44 rows=919057 width=4) (actual time=0.029..618.961 rows=920110 loops=1)
                    Filter: (info_type_id > 99)
                    Rows Removed by Filter: 459925
              ->  Hash  (cost=67604.59..67604.59 rows=789769 width=4) (actual time=1467.083..1467.083 rows=784926 loops=1)
                    Buckets: 131072  Batches: 16  Memory Usage: 2749kB
                    ->  Seq Scan on title t  (cost=0.00..67604.59 rows=789769 width=4) (actual time=0.017..1206.737 rows=784926 loops=1)
                          Filter: (production_year > 2007)
                          Rows Removed by Filter: 1743386
Planning time: 1.256 ms
Execution time: 21319.385 ms
