Seq Scan on movie_keyword mk  (cost=0.00..81003.12 rows=2168718 width=0) (actual time=0.025..1508.450 rows=2168940 loops=1)
  Filter: (keyword_id > 5286)
  Rows Removed by Filter: 2354990
Planning time: 0.343 ms
Execution time: 1781.907 ms
