Seq Scan on cast_info ci  (cost=0.00..796071.18 rows=14843379 width=0) (actual time=8128.694..16683.244 rows=13014895 loops=1)
  Filter: ((person_id < 3489611) AND (role_id > 2))
  Rows Removed by Filter: 23229449
Planning time: 1.486 ms
Execution time: 18227.262 ms
