Hash Join  (cost=119417.68..245657.74 rows=347803 width=0) (actual time=2384.346..5609.200 rows=613823 loops=1)
  Hash Cond: (mk.movie_id = t.id)
  ->  Seq Scan on movie_keyword mk  (cost=0.00..69693.30 rows=4523930 width=4) (actual time=0.014..1435.459 rows=4523930 loops=1)
  ->  Hash  (cost=116227.74..116227.74 rows=194395 width=8) (actual time=2382.762..2382.762 rows=128146 loops=1)
        Buckets: 131072  Batches: 4  Memory Usage: 2278kB
        ->  Hash Join  (cost=76379.89..116227.74 rows=194395 width=8) (actual time=1380.469..2351.937 rows=128146 loops=1)
              Hash Cond: (mi_idx.movie_id = t.id)
              ->  Seq Scan on movie_info_idx mi_idx  (cost=0.00..25185.44 rows=919057 width=4) (actual time=0.028..519.471 rows=920110 loops=1)
                    Filter: (info_type_id > 99)
                    Rows Removed by Filter: 459925
              ->  Hash  (cost=67604.59..67604.59 rows=534824 width=4) (actual time=1379.431..1379.431 rows=533369 loops=1)
                    Buckets: 131072  Batches: 8  Memory Usage: 3369kB
                    ->  Seq Scan on title t  (cost=0.00..67604.59 rows=534824 width=4) (actual time=0.010..1206.768 rows=533369 loops=1)
                          Filter: (production_year > 2009)
                          Rows Removed by Filter: 1994943
Planning time: 1.166 ms
Execution time: 5685.421 ms
