Seq Scan on movie_keyword mk  (cost=0.00..81003.12 rows=246 width=0) (actual time=0.080..1217.725 rows=2563 loops=1)
  Filter: (keyword_id = 2830)
  Rows Removed by Filter: 4521367
Planning time: 0.825 ms
Execution time: 1218.593 ms
