Hash Join  (cost=100908.38..931522.68 rows=5766 width=0) (actual time=2553.714..14669.793 rows=19163 loops=1)
  Hash Cond: (ci.movie_id = t.id)
  ->  Seq Scan on cast_info ci  (cost=0.00..796071.18 rows=9196115 width=4) (actual time=1474.496..12601.905 rows=5883485 loops=1)
        Filter: ((person_id > 2261826) AND (role_id < 4))
        Rows Removed by Filter: 30360859
  ->  Hash  (cost=100888.56..100888.56 rows=1586 width=8) (actual time=1078.703..1078.703 rows=6773 loops=1)
        Buckets: 8192 (originally 2048)  Batches: 1 (originally 1)  Memory Usage: 329kB
        ->  Hash Join  (cost=73962.22..100888.56 rows=1586 width=8) (actual time=496.834..1076.091 rows=6773 loops=1)
              Hash Cond: (mi_idx.movie_id = t.id)
              ->  Seq Scan on movie_info_idx mi_idx  (cost=0.00..21735.35 rows=1380035 width=4) (actual time=0.024..289.868 rows=1380035 loops=1)
              ->  Hash  (cost=73925.90..73925.90 rows=2905 width=4) (actual time=495.660..495.660 rows=6196 loops=1)
                    Buckets: 8192 (originally 4096)  Batches: 1 (originally 1)  Memory Usage: 282kB
                    ->  Seq Scan on title t  (cost=0.00..73925.90 rows=2905 width=4) (actual time=0.350..493.941 rows=6196 loops=1)
                          Filter: ((kind_id < 7) AND (production_year = 1975))
                          Rows Removed by Filter: 2522116
Planning time: 1.259 ms
Execution time: 14673.324 ms
