Seq Scan on movie_companies mc  (cost=0.00..57926.93 rows=389249 width=0) (actual time=156.702..861.811 rows=551173 loops=1)
  Filter: ((company_id < 1694) AND (company_type_id < 2))
  Rows Removed by Filter: 2057956
Planning time: 0.357 ms
Execution time: 929.305 ms
