Seq Scan on movie_companies mc  (cost=0.00..51404.11 rows=104 width=0) (actual time=2.408..782.646 rows=32 loops=1)
  Filter: (company_id = 48128)
  Rows Removed by Filter: 2609097
Planning time: 0.356 ms
Execution time: 782.747 ms
