Hash Join  (cost=74346.17..101440.15 rows=18350 width=0) (actual time=1170.987..1863.349 rows=25891 loops=1)
  Hash Cond: (mi_idx.movie_id = t.id)
  ->  Seq Scan on movie_info_idx mi_idx  (cost=0.00..21735.35 rows=1380035 width=4) (actual time=0.008..369.481 rows=1380035 loops=1)
  ->  Hash  (cost=73925.90..73925.90 rows=33621 width=4) (actual time=1170.573..1170.573 rows=28104 loops=1)
        Buckets: 65536  Batches: 1  Memory Usage: 1501kB
        ->  Seq Scan on title t  (cost=0.00..73925.90 rows=33621 width=4) (actual time=40.089..1157.089 rows=28104 loops=1)
              Filter: ((kind_id = 1) AND (production_year = 2009))
              Rows Removed by Filter: 2500208
Planning time: 1.853 ms
Execution time: 1867.146 ms
