Nested Loop  (cost=0.43..83072.29 rows=96 width=0) (actual time=1.229..1323.012 rows=76 loops=1)
  ->  Seq Scan on movie_keyword mk  (cost=0.00..81003.12 rows=246 width=4) (actual time=1.181..1319.397 rows=111 loops=1)
        Filter: (keyword_id = 15394)
        Rows Removed by Filter: 4523819
  ->  Index Scan using title_pkey on title t  (cost=0.43..8.40 rows=1 width=4) (actual time=0.029..0.029 rows=1 loops=111)
        Index Cond: (id = mk.movie_id)
        Filter: (kind_id < 7)
        Rows Removed by Filter: 0
Planning time: 0.780 ms
Execution time: 1323.167 ms
