Hash Join  (cost=96071.96..166143.31 rows=423052 width=0) (actual time=2050.612..3729.030 rows=358738 loops=1)
  Hash Cond: (mc.movie_id = t.id)
  ->  Seq Scan on movie_companies mc  (cost=0.00..51404.11 rows=792460 width=4) (actual time=0.014..1034.040 rows=779541 loops=1)
        Filter: (company_id < 1685)
        Rows Removed by Filter: 1829588
  ->  Hash  (cost=73925.90..73925.90 rows=1349844 width=4) (actual time=1948.751..1948.751 rows=1425014 loops=1)
        Buckets: 131072  Batches: 32  Memory Usage: 2591kB
        ->  Seq Scan on title t  (cost=0.00..73925.90 rows=1349844 width=4) (actual time=0.023..1488.991 rows=1425014 loops=1)
              Filter: ((production_year > 1960) AND (kind_id = 7))
              Rows Removed by Filter: 1103298
Planning time: 0.809 ms
Execution time: 3772.913 ms
