Seq Scan on cast_info ci  (cost=0.00..796071.18 rows=224 width=0) (actual time=9666.966..14006.352 rows=290 loops=1)
  Filter: ((role_id > 2) AND (person_id = 1149545))
  Rows Removed by Filter: 36244054
Planning time: 0.413 ms
Execution time: 14006.508 ms
