Hash Join  (cost=90260.67..140884.85 rows=753669 width=0) (actual time=1685.933..3149.277 rows=664016 loops=1)
  Hash Cond: (mi_idx.movie_id = t.id)
  ->  Seq Scan on movie_info_idx mi_idx  (cost=0.00..21735.35 rows=1380035 width=4) (actual time=0.021..421.494 rows=1380035 loops=1)
  ->  Hash  (cost=67604.59..67604.59 rows=1380887 width=4) (actual time=1684.719..1684.719 rows=1381453 loops=1)
        Buckets: 131072  Batches: 32  Memory Usage: 2543kB
        ->  Seq Scan on title t  (cost=0.00..67604.59 rows=1380887 width=4) (actual time=0.010..1248.378 rows=1381453 loops=1)
              Filter: (production_year > 2000)
              Rows Removed by Filter: 1146859
Planning time: 1.953 ms
Execution time: 3223.907 ms
