Hash Join  (cost=1145840.81..1915269.79 rows=22633169 width=0) (actual time=26560.970..66381.505 rows=109158346 loops=1)
  Hash Cond: (mi.movie_id = t.id)
  ->  Seq Scan on movie_info mi  (cost=0.00..346232.03 rows=9767026 width=4) (actual time=0.953..6620.108 rows=9911754 loops=1)
        Filter: (info_type_id > 4)
        Rows Removed by Filter: 4923966
  ->  Hash  (cost=1049709.74..1049709.74 rows=5859366 width=8) (actual time=26558.637..26558.637 rows=7145901 loops=1)
        Buckets: 131072  Batches: 128  Memory Usage: 3228kB
        ->  Hash Join  (cost=102767.86..1049709.74 rows=5859366 width=8) (actual time=5825.057..24533.347 rows=7145901 loops=1)
              Hash Cond: (ci.movie_id = t.id)
              ->  Seq Scan on cast_info ci  (cost=0.00..796071.18 rows=5859366 width=4) (actual time=3811.836..15492.455 rows=7145901 loops=1)
                    Filter: ((person_id > 1117404) AND (role_id > 5))
                    Rows Removed by Filter: 29098443
              ->  Hash  (cost=61283.27..61283.27 rows=2528527 width=4) (actual time=2011.444..2011.444 rows=2528312 loops=1)
                    Buckets: 131072  Batches: 64  Memory Usage: 2415kB
                    ->  Seq Scan on title t  (cost=0.00..61283.27 rows=2528527 width=4) (actual time=0.019..1141.286 rows=2528312 loops=1)
Planning time: 0.960 ms
Execution time: 78036.379 ms
