Hash Join  (cost=75195.76..867624.90 rows=223255 width=0) (actual time=2805.844..16966.487 rows=312562 loops=1)
  Hash Cond: (ci.movie_id = t.id)
  ->  Seq Scan on cast_info ci  (cost=0.00..705507.15 rows=7298253 width=4) (actual time=1647.015..13079.171 rows=7451973 loops=1)
        Filter: (role_id = 2)
        Rows Removed by Filter: 28792371
  ->  Hash  (cost=73925.90..73925.90 rows=77348 width=4) (actual time=1157.964..1157.964 rows=84109 loops=1)
        Buckets: 131072  Batches: 2  Memory Usage: 2509kB
        ->  Seq Scan on title t  (cost=0.00..73925.90 rows=77348 width=4) (actual time=0.065..1126.021 rows=84109 loops=1)
              Filter: ((kind_id = 7) AND (production_year = 2008))
              Rows Removed by Filter: 2444203
Planning time: 0.730 ms
Execution time: 17011.128 ms
