Hash Join  (cost=83075.20..109986.95 rows=127 width=0) (actual time=1322.697..1853.957 rows=571 loops=1)
  Hash Cond: (mi_idx.movie_id = t.id)
  ->  Seq Scan on movie_info_idx mi_idx  (cost=0.00..21735.35 rows=1380035 width=4) (actual time=0.014..301.010 rows=1380035 loops=1)
  ->  Hash  (cost=83072.29..83072.29 rows=233 width=8) (actual time=1318.030..1318.030 rows=260 loops=1)
        Buckets: 1024  Batches: 1  Memory Usage: 19kB
        ->  Nested Loop  (cost=0.43..83072.29 rows=233 width=8) (actual time=8.690..1317.732 rows=260 loops=1)
              ->  Seq Scan on movie_keyword mk  (cost=0.00..81003.12 rows=246 width=4) (actual time=8.636..1309.432 rows=262 loops=1)
                    Filter: (keyword_id = 10449)
                    Rows Removed by Filter: 4523668
              ->  Index Scan using title_pkey on title t  (cost=0.43..8.40 rows=1 width=4) (actual time=0.028..0.029 rows=1 loops=262)
                    Index Cond: (id = mk.movie_id)
                    Filter: (production_year < 2013)
                    Rows Removed by Filter: 0
Planning time: 1.231 ms
Execution time: 1854.220 ms
