Hash Join  (cost=83072.39..833862.70 rows=119 width=0) (actual time=1346.648..16424.721 rows=445 loops=1)
  Hash Cond: (ci.movie_id = t.id)
  ->  Seq Scan on cast_info ci  (cost=0.00..614943.12 rows=36225612 width=4) (actual time=0.021..8525.033 rows=36244344 loops=1)
  ->  Hash  (cost=83072.29..83072.29 rows=8 width=8) (actual time=1296.972..1296.972 rows=10 loops=1)
        Buckets: 1024  Batches: 1  Memory Usage: 9kB
        ->  Nested Loop  (cost=0.43..83072.29 rows=8 width=8) (actual time=13.937..1296.944 rows=10 loops=1)
              ->  Seq Scan on movie_keyword mk  (cost=0.00..81003.12 rows=246 width=4) (actual time=0.100..1284.165 rows=249 loops=1)
                    Filter: (keyword_id = 631)
                    Rows Removed by Filter: 4523681
              ->  Index Scan using title_pkey on title t  (cost=0.43..8.40 rows=1 width=4) (actual time=0.049..0.049 rows=0 loops=249)
                    Index Cond: (id = mk.movie_id)
                    Filter: (production_year = 2004)
                    Rows Removed by Filter: 1
Planning time: 10.072 ms
Execution time: 16425.200 ms
