Seq Scan on movie_companies mc  (cost=0.00..51404.11 rows=2028427 width=0) (actual time=0.024..849.830 rows=2032169 loops=1)
  Filter: (company_id > 633)
  Rows Removed by Filter: 576960
Planning time: 0.235 ms
Execution time: 1089.858 ms
