Hash Join  (cost=190230.21..1476614.38 rows=15549804 width=0) (actual time=4392.208..47023.840 rows=30915788 loops=1)
  Hash Cond: (ci.movie_id = t.id)
  ->  Seq Scan on cast_info ci  (cost=0.00..796071.18 rows=28490653 width=4) (actual time=0.012..20047.864 rows=28642242 loops=1)
        Filter: ((person_id > 22123) AND (role_id < 8))
        Rows Removed by Filter: 7602102
  ->  Hash  (cost=167588.78..167588.78 rows=1380035 width=8) (actual time=4391.044..4391.044 rows=1380035 loops=1)
        Buckets: 131072  Batches: 32  Memory Usage: 2708kB
        ->  Hash Join  (cost=102767.86..167588.78 rows=1380035 width=8) (actual time=1978.259..3991.029 rows=1380035 loops=1)
              Hash Cond: (mi_idx.movie_id = t.id)
              ->  Seq Scan on movie_info_idx mi_idx  (cost=0.00..21735.35 rows=1380035 width=4) (actual time=0.019..449.558 rows=1380035 loops=1)
              ->  Hash  (cost=61283.27..61283.27 rows=2528527 width=4) (actual time=1977.401..1977.401 rows=2528312 loops=1)
                    Buckets: 131072  Batches: 64  Memory Usage: 2415kB
                    ->  Seq Scan on title t  (cost=0.00..61283.27 rows=2528527 width=4) (actual time=0.010..1109.646 rows=2528312 loops=1)
Planning time: 0.814 ms
Execution time: 50441.350 ms
