Hash Join  (cost=100948.70..809824.55 rows=877 width=0) (actual time=5731.504..14529.417 rows=3285 loops=1)
  Hash Cond: (ci.movie_id = t.id)
  ->  Seq Scan on cast_info ci  (cost=0.00..705507.15 rows=895980 width=4) (actual time=3869.675..12535.683 rows=898389 loops=1)
        Filter: (role_id = 5)
        Rows Removed by Filter: 35345955
  ->  Hash  (cost=100917.78..100917.78 rows=2474 width=8) (actual time=1854.934..1854.934 rows=4188 loops=1)
        Buckets: 8192 (originally 4096)  Batches: 1 (originally 1)  Memory Usage: 228kB
        ->  Hash Join  (cost=73982.55..100917.78 rows=2474 width=8) (actual time=1469.259..1853.381 rows=4188 loops=1)
              Hash Cond: (mi_idx.movie_id = t.id)
              ->  Seq Scan on movie_info_idx mi_idx  (cost=0.00..21735.35 rows=1380035 width=4) (actual time=0.018..343.851 rows=1380035 loops=1)
              ->  Hash  (cost=73925.90..73925.90 rows=4532 width=4) (actual time=1215.606..1215.606 rows=8420 loops=1)
                    Buckets: 16384 (originally 8192)  Batches: 1 (originally 1)  Memory Usage: 425kB
                    ->  Seq Scan on title t  (cost=0.00..73925.90 rows=4532 width=4) (actual time=339.552..1211.219 rows=8420 loops=1)
                          Filter: ((kind_id = 7) AND (production_year = 1966))
                          Rows Removed by Filter: 2519892
Planning time: 1.211 ms
Execution time: 14530.195 ms
