Hash Join  (cost=74346.17..161605.73 rows=60153 width=0) (actual time=1181.524..3031.332 rows=121076 loops=1)
  Hash Cond: (mk.movie_id = t.id)
  ->  Seq Scan on movie_keyword mk  (cost=0.00..69693.30 rows=4523930 width=4) (actual time=0.011..970.397 rows=4523930 loops=1)
  ->  Hash  (cost=73925.90..73925.90 rows=33621 width=4) (actual time=1181.144..1181.144 rows=28104 loops=1)
        Buckets: 65536  Batches: 1  Memory Usage: 1501kB
        ->  Seq Scan on title t  (cost=0.00..73925.90 rows=33621 width=4) (actual time=56.682..1169.787 rows=28104 loops=1)
              Filter: ((kind_id = 1) AND (production_year = 2009))
              Rows Removed by Filter: 2500208
Planning time: 0.812 ms
Execution time: 3047.297 ms
