Hash Join  (cost=75354.93..113863.47 rows=47506 width=0) (actual time=1779.008..2230.307 rows=113040 loops=1)
  Hash Cond: (mi_idx.movie_id = t.id)
  ->  Seq Scan on movie_info_idx mi_idx  (cost=0.00..21735.35 rows=1380035 width=4) (actual time=0.023..466.883 rows=1380035 loops=1)
  ->  Hash  (cost=73925.90..73925.90 rows=87042 width=4) (actual time=1283.569..1283.569 rows=90655 loops=1)
        Buckets: 131072  Batches: 2  Memory Usage: 2622kB
        ->  Seq Scan on title t  (cost=0.00..73925.90 rows=87042 width=4) (actual time=78.550..1246.324 rows=90655 loops=1)
              Filter: ((production_year > 1910) AND (kind_id = 2))
              Rows Removed by Filter: 2437657
Planning time: 0.804 ms
Execution time: 2245.456 ms
