Seq Scan on cast_info ci  (cost=0.00..796071.18 rows=9263765 width=0) (actual time=0.015..13223.263 rows=11816175 loops=1)
  Filter: ((person_id > 1516586) AND (role_id > 2))
  Rows Removed by Filter: 24428169
Planning time: 0.365 ms
Execution time: 14603.674 ms
