Hash Join  (cost=74426.67..933130.39 rows=253893 width=0) (actual time=926.398..19795.475 rows=174338 loops=1)
  Hash Cond: (ci.movie_id = t.id)
  ->  Seq Scan on cast_info ci  (cost=0.00..796071.18 rows=16024963 width=4) (actual time=0.060..15514.766 rows=12030125 loops=1)
        Filter: ((person_id < 2542577) AND (role_id > 1))
        Rows Removed by Filter: 24214219
  ->  Hash  (cost=73925.90..73925.90 rows=40061 width=4) (actual time=925.868..925.868 rows=40120 loops=1)
        Buckets: 65536  Batches: 1  Memory Usage: 1923kB
        ->  Seq Scan on title t  (cost=0.00..73925.90 rows=40061 width=4) (actual time=185.683..913.086 rows=40120 loops=1)
              Filter: ((kind_id = 7) AND (production_year = 2013))
              Rows Removed by Filter: 2488192
Planning time: 0.600 ms
Execution time: 19821.798 ms
