Seq Scan on cast_info ci  (cost=0.00..705507.15 rows=500 width=0) (actual time=5428.005..9605.917 rows=183 loops=1)
  Filter: (person_id = 2709492)
  Rows Removed by Filter: 36244161
Planning time: 0.388 ms
Execution time: 9606.044 ms
