Seq Scan on movie_keyword mk  (cost=0.00..81003.12 rows=2313419 width=0) (actual time=0.016..1463.629 rows=2311715 loops=1)
  Filter: (keyword_id > 4471)
  Rows Removed by Filter: 2212215
Planning time: 2.451 ms
Execution time: 1750.033 ms
