Seq Scan on movie_keyword mk  (cost=0.00..81003.12 rows=246 width=0) (actual time=54.109..1249.497 rows=12 loops=1)
  Filter: (keyword_id = 35890)
  Rows Removed by Filter: 4523918
Planning time: 0.361 ms
Execution time: 1249.594 ms
