Seq Scan on cast_info ci  (cost=0.00..705507.15 rows=500 width=0) (actual time=33.274..10358.601 rows=21 loops=1)
  Filter: (person_id = 549712)
  Rows Removed by Filter: 36244323
Planning time: 0.379 ms
Execution time: 10358.718 ms
