Hash Join  (cost=234364.86..806320.10 rows=6909439 width=0) (actual time=5121.709..24694.692 rows=31194779 loops=1)
  Hash Cond: (mi.movie_id = t.id)
  ->  Seq Scan on movie_info mi  (cost=0.00..309384.22 rows=14739122 width=4) (actual time=0.105..6055.290 rows=14835720 loops=1)
  ->  Hash  (cost=214917.25..214917.25 rows=1185329 width=8) (actual time=5119.266..5119.266 rows=684042 loops=1)
        Buckets: 131072  Batches: 16  Memory Usage: 2759kB
        ->  Hash Join  (cost=78473.92..214917.25 rows=1185329 width=8) (actual time=1322.702..4914.371 rows=684042 loops=1)
              Hash Cond: (mk.movie_id = t.id)
              ->  Seq Scan on movie_keyword mk  (cost=0.00..69693.30 rows=4523930 width=4) (actual time=0.023..1443.360 rows=4523930 loops=1)
              ->  Hash  (cost=67604.59..67604.59 rows=662507 width=4) (actual time=1321.169..1321.169 rows=662065 loops=1)
                    Buckets: 131072  Batches: 16  Memory Usage: 2488kB
                    ->  Seq Scan on title t  (cost=0.00..67604.59 rows=662507 width=4) (actual time=0.026..1101.445 rows=662065 loops=1)
                          Filter: (production_year > 2008)
                          Rows Removed by Filter: 1866247
Planning time: 1.139 ms
Execution time: 28200.554 ms
