Hash Join  (cost=220286.97..1394310.53 rows=9241837 width=0) (actual time=4613.085..33726.191 rows=2520166 loops=1)
  Hash Cond: (ci.movie_id = t.id)
  ->  Seq Scan on cast_info ci  (cost=0.00..614943.12 rows=36225612 width=4) (actual time=0.011..13185.329 rows=36244344 loops=1)
  ->  Hash  (cost=209703.53..209703.53 rows=645075 width=8) (actual time=4611.853..4611.853 rows=123651 loops=1)
        Buckets: 131072  Batches: 16  Memory Usage: 1307kB
        ->  Hash Join  (cost=79841.74..209703.53 rows=645075 width=8) (actual time=3220.481..4566.578 rows=123651 loops=1)
              Hash Cond: (mk.movie_id = t.id)
              ->  Seq Scan on movie_keyword mk  (cost=0.00..69693.30 rows=4523930 width=4) (actual time=0.020..1451.712 rows=4523930 loops=1)
              ->  Hash  (cost=73925.90..73925.90 rows=360547 width=4) (actual time=1214.018..1214.018 rows=243152 loops=1)
                    Buckets: 131072  Batches: 8  Memory Usage: 2086kB
                    ->  Seq Scan on title t  (cost=0.00..73925.90 rows=360547 width=4) (actual time=268.422..1129.799 rows=243152 loops=1)
                          Filter: ((production_year < 1985) AND (kind_id = 7))
                          Rows Removed by Filter: 2285160
Planning time: 1.790 ms
Execution time: 34010.357 ms
