Hash Join  (cost=583046.46..1846490.91 rows=21093391 width=0) (actual time=15819.395..48232.445 rows=35606798 loops=1)
  Hash Cond: (ci.movie_id = t.id)
  ->  Seq Scan on cast_info ci  (cost=0.00..796071.18 rows=17383258 width=4) (actual time=4045.175..17646.540 rows=16742652 loops=1)
        Filter: ((person_id > 452943) AND (role_id < 3))
        Rows Removed by Filter: 19501692
  ->  Hash  (cost=532708.04..532708.04 rows=3068194 width=8) (actual time=11773.161..11773.161 rows=3036719 loops=1)
        Buckets: 131072  Batches: 64  Memory Usage: 2881kB
        ->  Hash Join  (cost=102767.86..532708.04 rows=3068194 width=8) (actual time=3002.094..10928.501 rows=3036719 loops=1)
              Hash Cond: (mi.movie_id = t.id)
              ->  Seq Scan on movie_info mi  (cost=0.00..346232.03 rows=3068194 width=4) (actual time=960.471..5858.918 rows=3036719 loops=1)
                    Filter: (info_type_id = 16)
                    Rows Removed by Filter: 11799001
              ->  Hash  (cost=61283.27..61283.27 rows=2528527 width=4) (actual time=2039.771..2039.771 rows=2528312 loops=1)
                    Buckets: 131072  Batches: 64  Memory Usage: 2425kB
                    ->  Seq Scan on title t  (cost=0.00..61283.27 rows=2528527 width=4) (actual time=0.019..1187.201 rows=2528312 loops=1)
Planning time: 1.208 ms
Execution time: 52174.934 ms
