Hash Join  (cost=131245.22..630237.86 rows=1798171 width=0) (actual time=3139.743..18687.339 rows=12633207 loops=1)
  Hash Cond: (mi.movie_id = t.id)
  ->  Seq Scan on movie_info mi  (cost=0.00..309384.22 rows=14739122 width=4) (actual time=0.019..5994.768 rows=14835720 loops=1)
  ->  Hash  (cost=126184.22..126184.22 rows=308480 width=8) (actual time=3138.538..3138.538 rows=679177 loops=1)
        Buckets: 131072 (originally 131072)  Batches: 16 (originally 8)  Memory Usage: 3073kB
        ->  Hash Join  (cost=83198.94..126184.22 rows=308480 width=8) (actual time=1567.332..2956.357 rows=679177 loops=1)
              Hash Cond: (mi_idx.movie_id = t.id)
              ->  Seq Scan on movie_info_idx mi_idx  (cost=0.00..21735.35 rows=1380035 width=4) (actual time=0.031..502.601 rows=1380035 loops=1)
              ->  Hash  (cost=73925.90..73925.90 rows=565203 width=4) (actual time=1566.442..1566.442 rows=641785 loops=1)
                    Buckets: 131072  Batches: 8  Memory Usage: 3862kB
                    ->  Seq Scan on title t  (cost=0.00..73925.90 rows=565203 width=4) (actual time=0.030..1367.405 rows=641785 loops=1)
                          Filter: ((kind_id < 7) AND (production_year < 2006))
                          Rows Removed by Filter: 1886527
Planning time: 1.088 ms
Execution time: 19792.964 ms
