Seq Scan on movie_keyword mk  (cost=0.00..81003.12 rows=920964 width=0) (actual time=0.031..1317.917 rows=915354 loops=1)
  Filter: (keyword_id > 20330)
  Rows Removed by Filter: 3608576
Planning time: 0.319 ms
Execution time: 1431.824 ms
