Seq Scan on movie_keyword mk  (cost=0.00..81003.12 rows=2756641 width=0) (actual time=0.025..1488.707 rows=2750835 loops=1)
  Filter: (keyword_id < 7821)
  Rows Removed by Filter: 1773095
Planning time: 0.332 ms
Execution time: 1823.220 ms
