Hash Join  (cost=74809.10..885978.15 rows=104701 width=0) (actual time=9849.197..12685.963 rows=43726 loops=1)
  Hash Cond: (ci.movie_id = t.id)
  ->  Seq Scan on cast_info ci  (cost=0.00..796071.18 rows=3746894 width=4) (actual time=8615.750..10960.761 rows=1691426 loops=1)
        Filter: ((person_id > 3264809) AND (role_id < 10))
        Rows Removed by Filter: 34552918
  ->  Hash  (cost=73925.90..73925.90 rows=70656 width=4) (actual time=1232.218..1232.218 rows=79548 loops=1)
        Buckets: 131072  Batches: 1  Memory Usage: 3821kB
        ->  Seq Scan on title t  (cost=0.00..73925.90 rows=70656 width=4) (actual time=0.024..1199.486 rows=79548 loops=1)
              Filter: ((kind_id > 1) AND (production_year = 2005))
              Rows Removed by Filter: 2448764
Planning time: 0.838 ms
Execution time: 12692.292 ms
