Seq Scan on cast_info ci  (cost=0.00..705507.15 rows=13030310 width=0) (actual time=1765.665..11377.839 rows=13166549 loops=1)
  Filter: (person_id > 2359082)
  Rows Removed by Filter: 23077795
Planning time: 0.306 ms
Execution time: 13040.296 ms
