Hash Join  (cost=234620.20..757830.79 rows=4450370 width=0) (actual time=5002.782..27609.377 rows=51212107 loops=1)
  Hash Cond: (mi.movie_id = t.id)
  ->  Seq Scan on movie_info mi  (cost=0.00..346232.03 rows=11115165 width=4) (actual time=51.098..6935.683 rows=11210743 loops=1)
        Filter: (info_type_id > 3)
        Rows Removed by Filter: 3624977
  ->  Hash  (cost=218010.32..218010.32 rows=1012390 width=8) (actual time=4927.317..4927.317 rows=1019507 loops=1)
        Buckets: 131072  Batches: 16  Memory Usage: 3650kB
        ->  Hash Join  (cost=102767.86..218010.32 rows=1012390 width=8) (actual time=1893.942..4621.933 rows=1019507 loops=1)
              Hash Cond: (mk.movie_id = t.id)
              ->  Seq Scan on movie_keyword mk  (cost=0.00..81003.12 rows=1012390 width=4) (actual time=0.031..1510.668 rows=1019507 loops=1)
                    Filter: (keyword_id > 17668)
                    Rows Removed by Filter: 3504423
              ->  Hash  (cost=61283.27..61283.27 rows=2528527 width=4) (actual time=1891.637..1891.637 rows=2528312 loops=1)
                    Buckets: 131072  Batches: 64  Memory Usage: 2425kB
                    ->  Seq Scan on title t  (cost=0.00..61283.27 rows=2528527 width=4) (actual time=0.016..1050.995 rows=2528312 loops=1)
Planning time: 1.149 ms
Execution time: 32663.341 ms
