Hash Join  (cost=148034.06..635099.46 rows=680347 width=0) (actual time=3163.010..14820.164 rows=2734330 loops=1)
  Hash Cond: (mi.movie_id = t.id)
  ->  Seq Scan on movie_info mi  (cost=0.00..309384.22 rows=14739122 width=4) (actual time=0.016..6022.183 rows=14835720 loops=1)
  ->  Hash  (cost=146119.12..146119.12 rows=116715 width=8) (actual time=3162.263..3162.263 rows=100506 loops=1)
        Buckets: 131072  Batches: 2  Memory Usage: 3002kB
        ->  Hash Join  (cost=69460.45..146119.12 rows=116715 width=8) (actual time=1199.784..3125.707 rows=100506 loops=1)
              Hash Cond: (mc.movie_id = t.id)
              ->  Seq Scan on movie_companies mc  (cost=0.00..44881.29 rows=2609129 width=4) (actual time=0.017..976.421 rows=2609129 loops=1)
              ->  Hash  (cost=67604.59..67604.59 rows=113109 width=4) (actual time=1198.985..1198.985 rows=119565 loops=1)
                    Buckets: 131072  Batches: 2  Memory Usage: 3115kB
                    ->  Seq Scan on title t  (cost=0.00..67604.59 rows=113109 width=4) (actual time=0.022..1154.501 rows=119565 loops=1)
                          Filter: (production_year = 2007)
                          Rows Removed by Filter: 2408747
Planning time: 1.212 ms
Execution time: 15121.405 ms
