Hash Join  (cost=83073.19..876705.81 rows=216 width=0) (actual time=2685.350..19927.897 rows=406 loops=1)
  Hash Cond: (ci.movie_id = t.id)
  ->  Seq Scan on cast_info ci  (cost=0.00..705507.15 rows=23499554 width=4) (actual time=1418.807..15433.985 rows=23573656 loops=1)
        Filter: (role_id > 1)
        Rows Removed by Filter: 12670688
  ->  Hash  (cost=83072.90..83072.90 rows=23 width=8) (actual time=1241.845..1241.845 rows=17 loops=1)
        Buckets: 1024  Batches: 1  Memory Usage: 9kB
        ->  Nested Loop  (cost=0.43..83072.90 rows=23 width=8) (actual time=934.200..1241.812 rows=17 loops=1)
              ->  Seq Scan on movie_keyword mk  (cost=0.00..81003.12 rows=246 width=4) (actual time=0.571..1231.074 rows=363 loops=1)
                    Filter: (keyword_id = 6423)
                    Rows Removed by Filter: 4523567
              ->  Index Scan using title_pkey on title t  (cost=0.43..8.40 rows=1 width=4) (actual time=0.028..0.028 rows=0 loops=363)
                    Index Cond: (id = mk.movie_id)
                    Filter: ((production_year > 2010) AND (kind_id = 7))
                    Rows Removed by Filter: 1
Planning time: 1.118 ms
Execution time: 19928.412 ms
