Seq Scan on cast_info ci  (cost=0.00..705507.15 rows=22079439 width=0) (actual time=0.023..12120.965 rows=21932730 loops=1)
  Filter: (person_id < 2231554)
  Rows Removed by Filter: 14311614
Planning time: 0.837 ms
Execution time: 14792.162 ms
