Seq Scan on cast_info ci  (cost=0.00..796071.18 rows=276 width=0) (actual time=5513.136..14224.715 rows=100 loops=1)
  Filter: ((role_id < 3) AND (person_id = 1809755))
  Rows Removed by Filter: 36244244
Planning time: 1.825 ms
Execution time: 14224.828 ms
