Hash Join  (cost=99111.90..184434.80 rows=687938 width=0) (actual time=1894.424..4186.688 rows=322606 loops=1)
  Hash Cond: (mc.movie_id = t.id)
  ->  Seq Scan on movie_companies mc  (cost=0.00..57926.93 rows=1133117 width=4) (actual time=0.026..1250.548 rows=1049862 loops=1)
        Filter: ((company_id > 159) AND (company_type_id < 2))
        Rows Removed by Filter: 1559267
  ->  Hash  (cost=73925.90..73925.90 rows=1535120 width=4) (actual time=1892.930..1892.930 rows=1638538 loops=1)
        Buckets: 131072  Batches: 32  Memory Usage: 2828kB
        ->  Seq Scan on title t  (cost=0.00..73925.90 rows=1535120 width=4) (actual time=0.015..1388.015 rows=1638538 loops=1)
              Filter: ((kind_id > 2) AND (production_year > 1962))
              Rows Removed by Filter: 889774
Planning time: 1.263 ms
Execution time: 4228.130 ms
