Hash Join  (cost=107945.60..195644.39 rows=104075 width=0) (actual time=1972.532..3849.031 rows=202028 loops=1)
  Hash Cond: (mk.movie_id = t.id)
  ->  Seq Scan on movie_keyword mk  (cost=0.00..69693.30 rows=4523930 width=4) (actual time=0.018..1011.283 rows=4523930 loops=1)
  ->  Hash  (cost=107218.48..107218.48 rows=58170 width=8) (actual time=1972.157..1972.157 rows=41366 loops=1)
        Buckets: 65536  Batches: 1  Memory Usage: 2128kB
        ->  Hash Join  (cost=70241.71..107218.48 rows=58170 width=8) (actual time=1057.917..1958.147 rows=41366 loops=1)
              Hash Cond: (mi_idx.movie_id = t.id)
              ->  Seq Scan on movie_info_idx mi_idx  (cost=0.00..25185.44 rows=915101 width=4) (actual time=0.023..513.777 rows=919850 loops=1)
                    Filter: (info_type_id < 101)
                    Rows Removed by Filter: 460185
              ->  Hash  (cost=67604.59..67604.59 rows=160730 width=4) (actual time=1056.867..1056.867 rows=160017 loops=1)
                    Buckets: 131072  Batches: 4  Memory Usage: 2436kB
                    ->  Seq Scan on title t  (cost=0.00..67604.59 rows=160730 width=4) (actual time=0.021..993.541 rows=160017 loops=1)
                          Filter: (production_year = 2011)
                          Rows Removed by Filter: 2368295
Planning time: 1.257 ms
Execution time: 3875.056 ms
