Hash Join  (cost=186175.36..326432.80 rows=1498340 width=0) (actual time=4656.617..12503.571 rows=17147597 loops=1)
  Hash Cond: (mk.movie_id = t.id)
  ->  Seq Scan on movie_keyword mk  (cost=0.00..69693.30 rows=4523930 width=4) (actual time=0.028..1474.853 rows=4523930 loops=1)
  ->  Hash  (cost=172435.16..172435.16 rows=837456 width=8) (actual time=4655.448..4655.448 rows=1075401 loops=1)
        Buckets: 131072  Batches: 16  Memory Usage: 3679kB
        ->  Hash Join  (cost=88359.31..172435.16 rows=837456 width=8) (actual time=1819.954..4347.538 rows=1075401 loops=1)
              Hash Cond: (mc.movie_id = t.id)
              ->  Seq Scan on movie_companies mc  (cost=0.00..51404.11 rows=1673914 width=4) (actual time=0.028..1196.839 rows=1665584 loops=1)
                    Filter: (company_id < 18868)
                    Rows Removed by Filter: 943545
              ->  Hash  (cost=67604.59..67604.59 rows=1265018 width=4) (actual time=1818.909..1818.909 rows=1263700 loops=1)
                    Buckets: 131072  Batches: 32  Memory Usage: 2410kB
                    ->  Seq Scan on title t  (cost=0.00..67604.59 rows=1265018 width=4) (actual time=0.017..1395.662 rows=1263700 loops=1)
                          Filter: (production_year < 2004)
                          Rows Removed by Filter: 1264612
Planning time: 1.114 ms
Execution time: 14564.707 ms
