Hash Join  (cost=78593.13..176090.19 rows=136368 width=0) (actual time=1359.976..3798.559 rows=477323 loops=1)
  Hash Cond: (mk.movie_id = t.id)
  ->  Seq Scan on movie_keyword mk  (cost=0.00..81003.12 rows=1212335 width=4) (actual time=0.022..1463.134 rows=1214706 loops=1)
        Filter: (keyword_id < 1531)
        Rows Removed by Filter: 3309224
  ->  Hash  (cost=73925.90..73925.90 rows=284418 width=4) (actual time=1358.944..1358.944 rows=382296 loops=1)
        Buckets: 131072 (originally 131072)  Batches: 8 (originally 4)  Memory Usage: 3073kB
        ->  Seq Scan on title t  (cost=0.00..73925.90 rows=284418 width=4) (actual time=0.017..1219.409 rows=382296 loops=1)
              Filter: ((production_year < 2001) AND (kind_id = 1))
              Rows Removed by Filter: 2146016
Planning time: 0.742 ms
Execution time: 3854.106 ms
