Hash Join  (cost=207655.24..692011.08 rows=3210437 width=0) (actual time=6021.230..21129.152 rows=18010447 loops=1)
  Hash Cond: (mi.movie_id = t.id)
  ->  Seq Scan on movie_info mi  (cost=0.00..346232.03 rows=8859586 width=4) (actual time=925.311..6707.721 rows=8966694 loops=1)
        Filter: (info_type_id < 15)
        Rows Removed by Filter: 5869026
  ->  Hash  (cost=192622.00..192622.00 rows=916259 width=8) (actual time=5095.094..5095.094 rows=1224165 loops=1)
        Buckets: 131072  Batches: 16  Memory Usage: 4065kB
        ->  Hash Join  (cost=102767.86..192622.00 rows=916259 width=8) (actual time=1770.416..4705.048 rows=1224165 loops=1)
              Hash Cond: (mc.movie_id = t.id)
              ->  Seq Scan on movie_companies mc  (cost=0.00..57926.93 rows=916259 width=4) (actual time=0.030..1267.141 rows=1224165 loops=1)
                    Filter: ((company_id < 37808) AND (company_type_id = 1))
                    Rows Removed by Filter: 1384964
              ->  Hash  (cost=61283.27..61283.27 rows=2528527 width=4) (actual time=1769.337..1769.337 rows=2528312 loops=1)
                    Buckets: 131072  Batches: 64  Memory Usage: 2415kB
                    ->  Seq Scan on title t  (cost=0.00..61283.27 rows=2528527 width=4) (actual time=0.015..990.106 rows=2528312 loops=1)
Planning time: 1.177 ms
Execution time: 23205.949 ms
