Hash Join  (cost=74530.73..432855.61 rows=58713 width=0) (actual time=1751.798..7647.786 rows=45800 loops=1)
  Hash Cond: (mi.movie_id = t.id)
  ->  Seq Scan on movie_info mi  (cost=0.00..346232.03 rows=3068194 width=4) (actual time=449.224..5571.082 rows=3036719 loops=1)
        Filter: (info_type_id = 16)
        Rows Removed by Filter: 11799001
  ->  Hash  (cost=73925.90..73925.90 rows=48386 width=4) (actual time=1302.065..1302.065 rows=45023 loops=1)
        Buckets: 65536  Batches: 1  Memory Usage: 2095kB
        ->  Seq Scan on title t  (cost=0.00..73925.90 rows=48386 width=4) (actual time=0.038..1282.590 rows=45023 loops=1)
              Filter: ((kind_id > 1) AND (production_year = 2013))
              Rows Removed by Filter: 2483289
Planning time: 0.769 ms
Execution time: 7654.477 ms
