Hash Join  (cost=709678.15..764348.83 rows=516 width=0) (actual time=10724.298..11811.687 rows=148 loops=1)
  Hash Cond: (mc.movie_id = t.id)
  ->  Seq Scan on movie_companies mc  (cost=0.00..44881.29 rows=2609129 width=4) (actual time=0.022..643.274 rows=2609129 loops=1)
  ->  Hash  (cost=709671.90..709671.90 rows=500 width=8) (actual time=10687.245..10687.245 rows=188 loops=1)
        Buckets: 1024  Batches: 1  Memory Usage: 16kB
        ->  Nested Loop  (cost=0.43..709671.90 rows=500 width=8) (actual time=3558.981..10687.113 rows=188 loops=1)
              ->  Seq Scan on cast_info ci  (cost=0.00..705507.15 rows=500 width=4) (actual time=3558.825..10662.406 rows=188 loops=1)
                    Filter: (person_id = 272767)
                    Rows Removed by Filter: 36244156
              ->  Index Only Scan using title_pkey on title t  (cost=0.43..8.32 rows=1 width=4) (actual time=0.130..0.130 rows=1 loops=188)
                    Index Cond: (id = ci.movie_id)
                    Heap Fetches: 188
Planning time: 1.946 ms
Execution time: 11811.853 ms
