Seq Scan on movie_keyword mk  (cost=0.00..81003.12 rows=1036046 width=0) (actual time=0.032..1270.104 rows=1042395 loops=1)
  Filter: (keyword_id > 16999)
  Rows Removed by Filter: 3481535
Planning time: 0.372 ms
Execution time: 1401.374 ms
