Hash Join  (cost=92883.59..178761.72 rows=706840 width=0) (actual time=1965.304..3872.252 rows=364581 loops=1)
  Hash Cond: (mc.movie_id = t.id)
  ->  Seq Scan on movie_companies mc  (cost=0.00..57926.93 rows=1159959 width=4) (actual time=313.528..1276.591 rows=1265771 loops=1)
        Filter: ((company_id > 160) AND (company_type_id = 2))
        Rows Removed by Filter: 1343358
  ->  Hash  (cost=67604.59..67604.59 rows=1540800 width=4) (actual time=1650.470..1650.470 rows=1543264 loops=1)
        Buckets: 131072  Batches: 32  Memory Usage: 2722kB
        ->  Seq Scan on title t  (cost=0.00..67604.59 rows=1540800 width=4) (actual time=0.033..1148.972 rows=1543264 loops=1)
              Filter: (kind_id = 7)
              Rows Removed by Filter: 985048
Planning time: 0.735 ms
Execution time: 3914.414 ms
