Hash Join  (cost=78144.34..189849.02 rows=240008 width=0) (actual time=1386.410..4331.161 rows=891245 loops=1)
  Hash Cond: (mk.movie_id = t.id)
  ->  Seq Scan on movie_keyword mk  (cost=0.00..81003.12 rows=2360660 width=4) (actual time=0.018..1661.872 rows=2363546 loops=1)
        Filter: (keyword_id < 5325)
        Rows Removed by Filter: 2160384
  ->  Hash  (cost=73925.90..73925.90 rows=257075 width=4) (actual time=1385.584..1385.584 rows=366618 loops=1)
        Buckets: 131072 (originally 131072)  Batches: 8 (originally 4)  Memory Usage: 3073kB
        ->  Seq Scan on title t  (cost=0.00..73925.90 rows=257075 width=4) (actual time=0.010..1251.623 rows=366618 loops=1)
              Filter: ((production_year < 1999) AND (kind_id = 1))
              Rows Removed by Filter: 2161694
Planning time: 0.557 ms
Execution time: 4437.892 ms
