Hash Join  (cost=73982.55..100879.10 rows=814 width=0) (actual time=1398.063..1700.926 rows=905 loops=1)
  Hash Cond: (mi_idx.movie_id = t.id)
  ->  Seq Scan on movie_info_idx mi_idx  (cost=0.00..25185.44 rows=454124 width=4) (actual time=0.025..436.060 rows=459925 loops=1)
        Filter: (info_type_id = 100)
        Rows Removed by Filter: 920110
  ->  Hash  (cost=73925.90..73925.90 rows=4532 width=4) (actual time=1167.344..1167.344 rows=8488 loops=1)
        Buckets: 16384 (originally 8192)  Batches: 1 (originally 1)  Memory Usage: 427kB
        ->  Seq Scan on title t  (cost=0.00..73925.90 rows=4532 width=4) (actual time=19.078..1163.094 rows=8488 loops=1)
              Filter: ((kind_id = 7) AND (production_year = 1969))
              Rows Removed by Filter: 2519824
Planning time: 0.826 ms
Execution time: 1701.247 ms
