Hash Join  (cost=123427.05..917853.38 rows=399173 width=0) (actual time=7060.193..21097.374 rows=1201488 loops=1)
  Hash Cond: (ci.movie_id = t.id)
  ->  Seq Scan on cast_info ci  (cost=0.00..705507.15 rows=7298253 width=4) (actual time=3894.591..13584.268 rows=7451973 loops=1)
        Filter: (role_id = 2)
        Rows Removed by Filter: 28792371
  ->  Hash  (cost=121157.35..121157.35 rows=138296 width=8) (actual time=3164.508..3164.508 rows=230879 loops=1)
        Buckets: 131072 (originally 131072)  Batches: 4 (originally 2)  Memory Usage: 3280kB
        ->  Hash Join  (cost=86275.83..121157.35 rows=138296 width=8) (actual time=2246.351..3091.050 rows=230879 loops=1)
              Hash Cond: (mi_idx.movie_id = t.id)
              ->  Seq Scan on movie_info_idx mi_idx  (cost=0.00..25185.44 rows=464566 width=4) (actual time=0.022..449.275 rows=459925 loops=1)
                    Filter: (info_type_id = 101)
                    Rows Removed by Filter: 920110
              ->  Hash  (cost=73925.90..73925.90 rows=752714 width=4) (actual time=2245.442..2245.442 rows=657199 loops=1)
                    Buckets: 131072  Batches: 16  Memory Usage: 2469kB
                    ->  Seq Scan on title t  (cost=0.00..73925.90 rows=752714 width=4) (actual time=0.030..1401.733 rows=657199 loops=1)
                          Filter: ((kind_id < 7) AND (production_year > 1981))
                          Rows Removed by Filter: 1871113
Planning time: 1.140 ms
Execution time: 21236.139 ms
