Hash Join  (cost=467828.36..549947.80 rows=512792 width=0) (actual time=8092.284..11415.143 rows=4247581 loops=1)
  Hash Cond: (mc.movie_id = t.id)
  ->  Seq Scan on movie_companies mc  (cost=0.00..44881.29 rows=2609129 width=4) (actual time=0.012..943.147 rows=2609129 loops=1)
  ->  Hash  (cost=459674.47..459674.47 rows=496951 width=8) (actual time=8091.187..8091.187 rows=1015639 loops=1)
        Buckets: 131072 (originally 131072)  Batches: 16 (originally 8)  Memory Usage: 3495kB
        ->  Hash Join  (cost=89330.27..459674.47 rows=496951 width=8) (actual time=2711.890..7840.760 rows=1015639 loops=1)
              Hash Cond: (mi.movie_id = t.id)
              ->  Seq Scan on movie_info mi  (cost=0.00..346232.03 rows=1338312 width=4) (actual time=1038.752..5197.398 rows=1401902 loops=1)
                    Filter: (info_type_id = 7)
                    Rows Removed by Filter: 13433818
              ->  Hash  (cost=73925.90..73925.90 rows=938909 width=4) (actual time=1672.430..1672.430 rows=940837 loops=1)
                    Buckets: 131072  Batches: 16  Memory Usage: 3099kB
                    ->  Seq Scan on title t  (cost=0.00..73925.90 rows=938909 width=4) (actual time=0.029..1363.329 rows=940837 loops=1)
                          Filter: ((kind_id < 6) AND (production_year > 1909))
                          Rows Removed by Filter: 1587475
Planning time: 1.182 ms
Execution time: 11904.126 ms
