Hash Join  (cost=94917.47..912827.13 rows=13932 width=0) (actual time=4636.270..17382.058 rows=17339 loops=1)
  Hash Cond: (ci.movie_id = t.id)
  ->  Seq Scan on cast_info ci  (cost=0.00..796071.18 rows=5786443 width=4) (actual time=3735.718..15326.075 rows=7451973 loops=1)
        Filter: ((person_id < 2917634) AND (role_id = 2))
        Rows Removed by Filter: 28792371
  ->  Hash  (cost=94841.37..94841.37 rows=6088 width=8) (actual time=899.756..899.756 rows=4248 loops=1)
        Buckets: 8192  Batches: 1  Memory Usage: 230kB
        ->  Nested Loop  (cost=0.43..94841.37 rows=6088 width=8) (actual time=1.071..897.689 rows=4248 loops=1)
              ->  Seq Scan on movie_companies mc  (cost=0.00..51404.11 rows=6088 width=4) (actual time=0.991..774.302 rows=4248 loops=1)
                    Filter: (company_id = 687)
                    Rows Removed by Filter: 2604881
              ->  Index Only Scan using title_pkey on title t  (cost=0.43..7.12 rows=1 width=4) (actual time=0.028..0.028 rows=1 loops=4248)
                    Index Cond: (id = mc.movie_id)
                    Heap Fetches: 4248
Planning time: 1.168 ms
Execution time: 17384.970 ms
