Hash Join  (cost=80549.28..150960.23 rows=132320 width=0) (actual time=1381.571..2935.633 rows=69647 loops=1)
  Hash Cond: (mc.movie_id = t.id)
  ->  Seq Scan on movie_companies mc  (cost=0.00..57926.93 rows=828751 width=4) (actual time=0.036..1054.794 rows=1041158 loops=1)
        Filter: ((company_id > 4464) AND (company_type_id > 1))
        Rows Removed by Filter: 1567971
  ->  Hash  (cost=73925.90..73925.90 rows=403710 width=4) (actual time=1380.595..1380.595 rows=434218 loops=1)
        Buckets: 131072  Batches: 8  Memory Usage: 2935kB
        ->  Seq Scan on title t  (cost=0.00..73925.90 rows=403710 width=4) (actual time=0.021..1238.999 rows=434218 loops=1)
              Filter: ((production_year > 2008) AND (kind_id = 7))
              Rows Removed by Filter: 2094094
Planning time: 0.789 ms
Execution time: 2943.461 ms
