Hash Join  (cost=957464.50..1049649.01 rows=1242899 width=0) (actual time=17065.796..21059.729 rows=5185908 loops=1)
  Hash Cond: (mc.movie_id = t.id)
  ->  Seq Scan on movie_companies mc  (cost=0.00..44881.29 rows=2609129 width=4) (actual time=0.011..899.740 rows=2609129 loops=1)
  ->  Hash  (cost=937702.21..937702.21 rows=1204503 width=8) (actual time=17064.893..17064.893 rows=2381908 loops=1)
        Buckets: 131072 (originally 131072)  Batches: 32 (originally 16)  Memory Usage: 3910kB
        ->  Hash Join  (cost=102767.86..937702.21 rows=1204503 width=8) (actual time=12421.745..16368.254 rows=2381908 loops=1)
              Hash Cond: (ci.movie_id = t.id)
              ->  Seq Scan on cast_info ci  (cost=0.00..796071.18 rows=1204503 width=4) (actual time=10476.300..12048.993 rows=2381908 loops=1)
                    Filter: ((person_id < 318638) AND (role_id < 2))
                    Rows Removed by Filter: 33862436
              ->  Hash  (cost=61283.27..61283.27 rows=2528527 width=4) (actual time=1944.203..1944.203 rows=2528312 loops=1)
                    Buckets: 131072  Batches: 64  Memory Usage: 2415kB
                    ->  Seq Scan on title t  (cost=0.00..61283.27 rows=2528527 width=4) (actual time=0.017..1100.817 rows=2528312 loops=1)
Planning time: 1.120 ms
Execution time: 21647.834 ms
