Seq Scan on cast_info ci  (cost=0.00..705507.15 rows=500 width=0) (actual time=2578.029..9105.651 rows=2 loops=1)
  Filter: (person_id = 3449956)
  Rows Removed by Filter: 36244342
Planning time: 0.362 ms
Execution time: 9105.739 ms
