Hash Join  (cost=480529.49..1596471.76 rows=3587807 width=0) (actual time=8792.948..38305.873 rows=4842814 loops=1)
  Hash Cond: (ci.movie_id = t.id)
  ->  Seq Scan on cast_info ci  (cost=0.00..614943.12 rows=36225612 width=4) (actual time=0.016..12808.518 rows=36244344 loops=1)
  ->  Hash  (cost=476420.16..476420.16 rows=250427 width=8) (actual time=8791.028..8791.028 rows=247433 loops=1)
        Buckets: 131072  Batches: 4  Memory Usage: 3422kB
        ->  Hash Join  (cost=69694.50..476420.16 rows=250427 width=8) (actual time=1843.660..8700.430 rows=247433 loops=1)
              Hash Cond: (mi.movie_id = t.id)
              ->  Seq Scan on movie_info mi  (cost=0.00..346232.03 rows=4972096 width=4) (actual time=798.757..5633.897 rows=4923966 loops=1)
                    Filter: (info_type_id < 5)
                    Rows Removed by Filter: 9911754
              ->  Hash  (cost=67604.59..67604.59 rows=127353 width=4) (actual time=1044.002..1044.002 rows=128696 loops=1)
                    Buckets: 131072  Batches: 2  Memory Usage: 3290kB
                    ->  Seq Scan on title t  (cost=0.00..67604.59 rows=127353 width=4) (actual time=0.027..991.290 rows=128696 loops=1)
                          Filter: (production_year = 2009)
                          Rows Removed by Filter: 2399616
Planning time: 0.805 ms
Execution time: 38863.360 ms
