Hash Join  (cost=101852.42..472002.58 rows=55147 width=0) (actual time=1877.678..8559.339 rows=20853 loops=1)
  Hash Cond: (mi.movie_id = t.id)
  ->  Seq Scan on movie_info mi  (cost=0.00..346232.03 rows=6231111 width=4) (actual time=0.013..5618.172 rows=6223494 loops=1)
        Filter: (info_type_id > 8)
        Rows Removed by Filter: 8612226
  ->  Hash  (cost=101572.69..101572.69 rows=22378 width=8) (actual time=1875.854..1875.854 rows=8352 loops=1)
        Buckets: 32768  Batches: 1  Memory Usage: 583kB
        ->  Hash Join  (cost=74438.43..101572.69 rows=22378 width=8) (actual time=1243.455..1872.826 rows=8352 loops=1)
              Hash Cond: (mi_idx.movie_id = t.id)
              ->  Seq Scan on movie_info_idx mi_idx  (cost=0.00..21735.35 rows=1380035 width=4) (actual time=0.023..304.124 rows=1380035 loops=1)
              ->  Hash  (cost=73925.90..73925.90 rows=41002 width=4) (actual time=1243.029..1243.029 rows=40409 loops=1)
                    Buckets: 65536  Batches: 1  Memory Usage: 1933kB
                    ->  Seq Scan on title t  (cost=0.00..73925.90 rows=41002 width=4) (actual time=0.017..1225.824 rows=40409 loops=1)
                          Filter: ((kind_id > 4) AND (production_year > 2012))
                          Rows Removed by Filter: 2487903
Planning time: 1.183 ms
Execution time: 8562.592 ms
