Seq Scan on movie_keyword mk  (cost=0.00..81003.12 rows=3793753 width=0) (actual time=0.026..1517.188 rows=3794102 loops=1)
  Filter: (keyword_id > 648)
  Rows Removed by Filter: 729828
Planning time: 0.332 ms
Execution time: 1987.886 ms
