Hash Join  (cost=83074.74..437538.72 rows=214 width=0) (actual time=2798.267..6931.785 rows=9324 loops=1)
  Hash Cond: (mi.movie_id = t.id)
  ->  Seq Scan on movie_info mi  (cost=0.00..346232.03 rows=2194617 width=4) (actual time=1588.086..5402.756 rows=2233850 loops=1)
        Filter: (info_type_id > 16)
        Rows Removed by Filter: 12601870
  ->  Hash  (cost=83071.67..83071.67 rows=246 width=8) (actual time=1203.425..1203.425 rows=334 loops=1)
        Buckets: 1024  Batches: 1  Memory Usage: 22kB
        ->  Nested Loop  (cost=0.43..83071.67 rows=246 width=8) (actual time=4.149..1203.044 rows=334 loops=1)
              ->  Seq Scan on movie_keyword mk  (cost=0.00..81003.12 rows=246 width=4) (actual time=4.053..1187.051 rows=334 loops=1)
                    Filter: (keyword_id = 15412)
                    Rows Removed by Filter: 4523596
              ->  Index Only Scan using title_pkey on title t  (cost=0.43..8.40 rows=1 width=4) (actual time=0.045..0.045 rows=1 loops=334)
                    Index Cond: (id = mk.movie_id)
                    Heap Fetches: 334
Planning time: 1.152 ms
Execution time: 6933.368 ms
