Hash Join  (cost=68173.50..95332.38 rows=24840 width=0) (actual time=1097.319..1692.626 rows=11502 loops=1)
  Hash Cond: (mi_idx.movie_id = t.id)
  ->  Seq Scan on movie_info_idx mi_idx  (cost=0.00..21735.35 rows=1380035 width=4) (actual time=0.020..318.633 rows=1380035 loops=1)
  ->  Hash  (cost=67604.59..67604.59 rows=45513 width=4) (actual time=1037.850..1037.850 rows=42820 loops=1)
        Buckets: 65536  Batches: 1  Memory Usage: 2018kB
        ->  Seq Scan on title t  (cost=0.00..67604.59 rows=45513 width=4) (actual time=0.022..1021.185 rows=42820 loops=1)
              Filter: (production_year < 1913)
              Rows Removed by Filter: 2485492
Planning time: 0.700 ms
Execution time: 1694.525 ms
