Hash Join  (cost=164386.67..553346.47 rows=548405 width=0) (actual time=4287.755..12351.117 rows=3516710 loops=1)
  Hash Cond: (mi.movie_id = t.id)
  ->  Seq Scan on movie_info mi  (cost=0.00..346232.03 rows=3068194 width=4) (actual time=343.338..5518.842 rows=3036719 loops=1)
        Filter: (info_type_id = 16)
        Rows Removed by Filter: 11799001
  ->  Hash  (cost=156971.34..156971.34 rows=451946 width=8) (actual time=3943.205..3943.205 rows=966393 loops=1)
        Buckets: 131072 (originally 131072)  Batches: 16 (originally 8)  Memory Usage: 3421kB
        ->  Hash Join  (cost=83810.17..156971.34 rows=451946 width=8) (actual time=1563.395..3629.250 rows=966393 loops=1)
              Hash Cond: (mc.movie_id = t.id)
              ->  Seq Scan on movie_companies mc  (cost=0.00..51404.11 rows=1156958 width=4) (actual time=60.181..972.125 rows=1164734 loops=1)
                    Filter: (company_id > 12888)
                    Rows Removed by Filter: 1444395
              ->  Hash  (cost=67604.59..67604.59 rows=987727 width=4) (actual time=1502.171..1502.171 rows=985048 loops=1)
                    Buckets: 131072  Batches: 16  Memory Usage: 3188kB
                    ->  Seq Scan on title t  (cost=0.00..67604.59 rows=987727 width=4) (actual time=0.020..1187.953 rows=985048 loops=1)
                          Filter: (kind_id < 7)
                          Rows Removed by Filter: 1543264
Planning time: 1.133 ms
Execution time: 12802.222 ms
