Seq Scan on movie_keyword mk  (cost=0.00..81003.12 rows=2577141 width=0) (actual time=0.025..1560.082 rows=2568686 loops=1)
  Filter: (keyword_id < 6557)
  Rows Removed by Filter: 1955244
Planning time: 0.314 ms
Execution time: 1884.355 ms
