Hash Join  (cost=83074.74..447745.01 rows=1434 width=0) (actual time=1292.776..8498.767 rows=253124 loops=1)
  Hash Cond: (mi.movie_id = t.id)
  ->  Seq Scan on movie_info mi  (cost=0.00..309384.22 rows=14739122 width=4) (actual time=0.012..4306.535 rows=14835720 loops=1)
  ->  Hash  (cost=83071.67..83071.67 rows=246 width=8) (actual time=1292.485..1292.485 rows=2614 loops=1)
        Buckets: 4096 (originally 1024)  Batches: 1 (originally 1)  Memory Usage: 135kB
        ->  Nested Loop  (cost=0.43..83071.67 rows=246 width=8) (actual time=0.177..1290.714 rows=2614 loops=1)
              ->  Seq Scan on movie_keyword mk  (cost=0.00..81003.12 rows=246 width=4) (actual time=0.129..1192.635 rows=2614 loops=1)
                    Filter: (keyword_id = 869)
                    Rows Removed by Filter: 4521316
              ->  Index Only Scan using title_pkey on title t  (cost=0.43..8.40 rows=1 width=4) (actual time=0.036..0.036 rows=1 loops=2614)
                    Index Cond: (id = mk.movie_id)
                    Heap Fetches: 2614
Planning time: 0.732 ms
Execution time: 8534.085 ms
