Hash Join  (cost=465324.80..592475.14 rows=422531 width=0) (actual time=8200.616..11307.238 rows=325437 loops=1)
  Hash Cond: (mk.movie_id = t.id)
  ->  Seq Scan on movie_keyword mk  (cost=0.00..69693.30 rows=4523930 width=4) (actual time=0.024..1471.536 rows=4523930 loops=1)
  ->  Hash  (cost=461449.77..461449.77 rows=236162 width=8) (actual time=8199.591..8199.591 rows=221542 loops=1)
        Buckets: 131072  Batches: 4  Memory Usage: 3217kB
        ->  Hash Join  (cost=70308.29..461449.77 rows=236162 width=8) (actual time=1882.420..8135.247 rows=221542 loops=1)
              Hash Cond: (mi.movie_id = t.id)
              ->  Seq Scan on movie_info mi  (cost=0.00..346232.03 rows=3623957 width=4) (actual time=338.924..5081.475 rows=3624977 loops=1)
                    Filter: (info_type_id < 4)
                    Rows Removed by Filter: 11210743
              ->  Hash  (cost=67604.59..67604.59 rows=164776 width=4) (actual time=1542.409..1542.409 rows=164307 loops=1)
                    Buckets: 131072  Batches: 4  Memory Usage: 2488kB
                    ->  Seq Scan on title t  (cost=0.00..67604.59 rows=164776 width=4) (actual time=0.038..1083.656 rows=164307 loops=1)
                          Filter: (production_year = 2012)
                          Rows Removed by Filter: 2364005
Planning time: 1.249 ms
Execution time: 11337.797 ms
