Seq Scan on movie_keyword mk  (cost=0.00..81003.12 rows=246 width=0) (actual time=2.911..631.187 rows=282 loops=1)
  Filter: (keyword_id = 3310)
  Rows Removed by Filter: 4523648
Planning time: 0.362 ms
Execution time: 631.356 ms
