Hash Join  (cost=52284.99..400287.04 rows=19 width=0) (actual time=2974.183..6235.653 rows=4960 loops=1)
  Hash Cond: (mi.movie_id = t.id)
  ->  Seq Scan on movie_info mi  (cost=0.00..346232.03 rows=471955 width=4) (actual time=2050.542..5315.503 rows=543367 loops=1)
        Filter: (info_type_id > 98)
        Rows Removed by Filter: 14292353
  ->  Hash  (cost=52283.69..52283.69 rows=104 width=8) (actual time=837.391..837.391 rows=709 loops=1)
        Buckets: 1024  Batches: 1  Memory Usage: 36kB
        ->  Nested Loop  (cost=0.43..52283.69 rows=104 width=8) (actual time=2.253..836.901 rows=709 loops=1)
              ->  Seq Scan on movie_companies mc  (cost=0.00..51404.11 rows=104 width=4) (actual time=2.161..818.677 rows=709 loops=1)
                    Filter: (company_id = 1375)
                    Rows Removed by Filter: 2608420
              ->  Index Only Scan using title_pkey on title t  (cost=0.43..8.45 rows=1 width=4) (actual time=0.024..0.024 rows=1 loops=709)
                    Index Cond: (id = mc.movie_id)
                    Heap Fetches: 709
Planning time: 1.254 ms
Execution time: 6236.422 ms
