Nested Loop  (cost=0.43..83071.67 rows=246 width=0) (actual time=0.320..1331.709 rows=2672 loops=1)
  ->  Seq Scan on movie_keyword mk  (cost=0.00..81003.12 rows=246 width=4) (actual time=0.249..1241.736 rows=2672 loops=1)
        Filter: (keyword_id = 851)
        Rows Removed by Filter: 4521258
  ->  Index Only Scan using title_pkey on title t  (cost=0.43..8.40 rows=1 width=4) (actual time=0.032..0.033 rows=1 loops=2672)
        Index Cond: (id = mk.movie_id)
        Heap Fetches: 2672
Planning time: 0.721 ms
Execution time: 1332.660 ms
