Hash Join  (cost=797959.32..852625.75 rows=90 width=0) (actual time=13682.187..14705.687 rows=2 loops=1)
  Hash Cond: (mc.movie_id = t.id)
  ->  Seq Scan on movie_companies mc  (cost=0.00..44881.29 rows=2609129 width=4) (actual time=0.018..568.392 rows=2609129 loops=1)
  ->  Hash  (cost=797958.22..797958.22 rows=88 width=8) (actual time=13672.557..13672.557 rows=1 loops=1)
        Buckets: 1024  Batches: 1  Memory Usage: 9kB
        ->  Nested Loop  (cost=0.43..797958.22 rows=88 width=8) (actual time=3685.574..13672.523 rows=1 loops=1)
              ->  Seq Scan on cast_info ci  (cost=0.00..796071.18 rows=224 width=4) (actual time=3685.445..13672.389 rows=1 loops=1)
                    Filter: ((role_id > 2) AND (person_id = 4059993))
                    Rows Removed by Filter: 36244343
              ->  Index Scan using title_pkey on title t  (cost=0.43..8.41 rows=1 width=4) (actual time=0.063..0.064 rows=1 loops=1)
                    Index Cond: (id = ci.movie_id)
                    Filter: (kind_id < 7)
Planning time: 1.446 ms
Execution time: 14705.843 ms
