Hash Join  (cost=74093.07..157395.64 rows=3198 width=0) (actual time=1103.202..2448.763 rows=6705 loops=1)
  Hash Cond: (mk.movie_id = t.id)
  ->  Seq Scan on movie_keyword mk  (cost=0.00..81003.12 rows=604658 width=4) (actual time=0.027..1226.017 rows=606746 loops=1)
        Filter: (keyword_id < 460)
        Rows Removed by Filter: 3917184
  ->  Hash  (cost=73925.90..73925.90 rows=13373 width=4) (actual time=1103.036..1103.036 rows=7578 loops=1)
        Buckets: 16384  Batches: 1  Memory Usage: 395kB
        ->  Seq Scan on title t  (cost=0.00..73925.90 rows=13373 width=4) (actual time=135.366..1099.461 rows=7578 loops=1)
              Filter: ((kind_id < 2) AND (production_year = 1999))
              Rows Removed by Filter: 2520734
Planning time: 0.797 ms
Execution time: 2449.956 ms
