Hash Join  (cost=102767.86..1011703.83 rows=4279926 width=0) (actual time=2783.586..19282.428 rows=3067099 loops=1)
  Hash Cond: (ci.movie_id = t.id)
  ->  Seq Scan on cast_info ci  (cost=0.00..796071.18 rows=4279926 width=4) (actual time=822.771..14343.024 rows=3067099 loops=1)
        Filter: ((person_id < 2129469) AND (role_id = 2))
        Rows Removed by Filter: 33177245
  ->  Hash  (cost=61283.27..61283.27 rows=2528527 width=4) (actual time=1959.459..1959.459 rows=2528312 loops=1)
        Buckets: 131072  Batches: 64  Memory Usage: 2415kB
        ->  Seq Scan on title t  (cost=0.00..61283.27 rows=2528527 width=4) (actual time=0.021..1120.285 rows=2528312 loops=1)
Planning time: 0.684 ms
Execution time: 19650.122 ms
