Hash Join  (cost=80148.57..112748.11 rows=68114 width=0) (actual time=1933.976..2808.540 rows=158841 loops=1)
  Hash Cond: (mi_idx.movie_id = t.id)
  ->  Seq Scan on movie_info_idx mi_idx  (cost=0.00..25185.44 rows=454124 width=4) (actual time=0.025..513.830 rows=459925 loops=1)
        Filter: (info_type_id = 100)
        Rows Removed by Filter: 920110
  ->  Hash  (cost=73925.90..73925.90 rows=379253 width=4) (actual time=1933.006..1933.006 rows=461364 loops=1)
        Buckets: 131072  Batches: 8  Memory Usage: 3063kB
        ->  Seq Scan on title t  (cost=0.00..73925.90 rows=379253 width=4) (actual time=0.024..1159.796 rows=461364 loops=1)
              Filter: ((kind_id < 3) AND (production_year < 2004))
              Rows Removed by Filter: 2066948
Planning time: 0.808 ms
Execution time: 2828.234 ms
