Hash Join  (cost=83073.13..109987.26 rows=3 width=0) (actual time=1530.681..1995.137 rows=1052 loops=1)
  Hash Cond: (mi_idx.movie_id = t.id)
  ->  Seq Scan on movie_info_idx mi_idx  (cost=0.00..25185.44 rows=460978 width=4) (actual time=0.018..465.725 rows=459925 loops=1)
        Filter: (info_type_id < 100)
        Rows Removed by Filter: 920110
  ->  Hash  (cost=83072.90..83072.90 rows=18 width=8) (actual time=1459.310..1459.310 rows=1177 loops=1)
        Buckets: 2048 (originally 1024)  Batches: 1 (originally 1)  Memory Usage: 62kB
        ->  Nested Loop  (cost=0.43..83072.90 rows=18 width=8) (actual time=184.708..1458.380 rows=1177 loops=1)
              ->  Seq Scan on movie_keyword mk  (cost=0.00..81003.12 rows=246 width=4) (actual time=0.199..1338.711 rows=2830 loops=1)
                    Filter: (keyword_id = 2837)
                    Rows Removed by Filter: 4521100
              ->  Index Scan using title_pkey on title t  (cost=0.43..8.40 rows=1 width=4) (actual time=0.041..0.041 rows=0 loops=2830)
                    Index Cond: (id = mk.movie_id)
                    Filter: ((kind_id < 2) AND (production_year < 1991))
                    Rows Removed by Filter: 1
Planning time: 0.874 ms
Execution time: 1995.529 ms
