Hash Join  (cost=102767.86..248094.67 rows=2262627 width=0) (actual time=1922.185..5517.293 rows=2265817 loops=1)
  Hash Cond: (mk.movie_id = t.id)
  ->  Seq Scan on movie_keyword mk  (cost=0.00..81003.12 rows=2262627 width=4) (actual time=0.016..1540.809 rows=2265817 loops=1)
        Filter: (keyword_id < 4727)
        Rows Removed by Filter: 2258113
  ->  Hash  (cost=61283.27..61283.27 rows=2528527 width=4) (actual time=1920.859..1920.859 rows=2528312 loops=1)
        Buckets: 131072  Batches: 64  Memory Usage: 2425kB
        ->  Seq Scan on title t  (cost=0.00..61283.27 rows=2528527 width=4) (actual time=0.011..1035.672 rows=2528312 loops=1)
Planning time: 0.720 ms
Execution time: 5777.940 ms
