Hash Join  (cost=187788.59..327927.03 rows=1032691 width=0) (actual time=4375.530..7214.901 rows=488590 loops=1)
  Hash Cond: (mk.movie_id = t.id)
  ->  Seq Scan on movie_keyword mk  (cost=0.00..81003.12 rows=4000642 width=4) (actual time=0.024..1636.478 rows=4010036 loops=1)
        Filter: (keyword_id < 35266)
        Rows Removed by Filter: 513894
  ->  Hash  (cost=177079.94..177079.94 rows=652692 width=8) (actual time=3820.654..3820.654 rows=329122 loops=1)
        Buckets: 131072  Batches: 16  Memory Usage: 1820kB
        ->  Hash Join  (cost=92883.59..177079.94 rows=652692 width=8) (actual time=1816.437..3726.130 rows=329122 loops=1)
              Hash Cond: (mc.movie_id = t.id)
              ->  Seq Scan on movie_companies mc  (cost=0.00..57926.93 rows=1071099 width=4) (actual time=140.924..1160.352 rows=1198459 loops=1)
                    Filter: ((company_id > 452) AND (company_type_id > 1))
                    Rows Removed by Filter: 1410670
              ->  Hash  (cost=67604.59..67604.59 rows=1540800 width=4) (actual time=1673.081..1673.081 rows=1543264 loops=1)
                    Buckets: 131072  Batches: 32  Memory Usage: 2722kB
                    ->  Seq Scan on title t  (cost=0.00..67604.59 rows=1540800 width=4) (actual time=0.028..1172.352 rows=1543264 loops=1)
                          Filter: (kind_id = 7)
                          Rows Removed by Filter: 985048
Planning time: 2.037 ms
Execution time: 7266.625 ms
