Seq Scan on movie_keyword mk  (cost=0.00..81003.12 rows=246 width=0) (actual time=4.992..1193.230 rows=263 loops=1)
  Filter: (keyword_id = 6974)
  Rows Removed by Filter: 4523667
Planning time: 0.351 ms
Execution time: 1193.481 ms
