Seq Scan on cast_info ci  (cost=0.00..796071.18 rows=290418 width=0) (actual time=5798.972..14544.506 rows=101973 loops=1)
  Filter: ((person_id < 3026288) AND (role_id > 10))
  Rows Removed by Filter: 36142371
Planning time: 0.379 ms
Execution time: 14557.725 ms
