Seq Scan on movie_keyword mk  (cost=0.00..81003.12 rows=1638217 width=0) (actual time=0.017..1481.862 rows=1646857 loops=1)
  Filter: (keyword_id > 8929)
  Rows Removed by Filter: 2877073
Planning time: 0.327 ms
Execution time: 1688.293 ms
