Hash Join  (cost=129220.67..216203.96 rows=32525 width=0) (actual time=2732.094..4347.385 rows=123868 loops=1)
  Hash Cond: (mk.movie_id = t.id)
  ->  Seq Scan on movie_keyword mk  (cost=0.00..69693.30 rows=4523930 width=4) (actual time=0.012..1023.343 rows=4523930 loops=1)
  ->  Hash  (cost=128993.43..128993.43 rows=18179 width=8) (actual time=2442.962..2442.962 rows=31097 loops=1)
        Buckets: 32768  Batches: 1  Memory Usage: 1471kB
        ->  Hash Join  (cost=74146.12..128993.43 rows=18179 width=8) (actual time=1397.762..2430.724 rows=31097 loops=1)
              Hash Cond: (mc.movie_id = t.id)
              ->  Seq Scan on movie_companies mc  (cost=0.00..44881.29 rows=2609129 width=4) (actual time=0.028..595.206 rows=2609129 loops=1)
              ->  Hash  (cost=73925.90..73925.90 rows=17617 width=4) (actual time=1192.766..1192.766 rows=22021 loops=1)
                    Buckets: 32768  Batches: 1  Memory Usage: 1031kB
                    ->  Seq Scan on title t  (cost=0.00..73925.90 rows=17617 width=4) (actual time=13.717..1183.774 rows=22021 loops=1)
                          Filter: ((kind_id < 2) AND (production_year > 2012))
                          Rows Removed by Filter: 2506291
Planning time: 1.109 ms
Execution time: 4363.212 ms
