Hash Join  (cost=138333.22..266639.39 rows=517413 width=0) (actual time=3022.457..6618.920 rows=1729175 loops=1)
  Hash Cond: (mk.movie_id = t.id)
  ->  Seq Scan on movie_keyword mk  (cost=0.00..69693.30 rows=4523930 width=4) (actual time=0.048..1261.169 rows=4523930 loops=1)
  ->  Hash  (cost=133588.30..133588.30 rows=289194 width=8) (actual time=3021.403..3021.403 rows=261986 loops=1)
        Buckets: 131072  Batches: 4  Memory Usage: 3583kB
        ->  Hash Join  (cost=93408.25..133588.30 rows=289194 width=8) (actual time=1898.102..2945.368 rows=261986 loops=1)
              Hash Cond: (mi_idx.movie_id = t.id)
              ->  Seq Scan on movie_info_idx mi_idx  (cost=0.00..25185.44 rows=464934 width=4) (actual time=0.017..497.692 rows=460185 loops=1)
                    Filter: (info_type_id > 100)
                    Rows Removed by Filter: 919850
              ->  Hash  (cost=67604.59..67604.59 rows=1572773 width=4) (actual time=1897.047..1897.047 rows=1570568 loops=1)
                    Buckets: 131072  Batches: 32  Memory Usage: 2751kB
                    ->  Seq Scan on title t  (cost=0.00..67604.59 rows=1572773 width=4) (actual time=0.012..1399.605 rows=1570568 loops=1)
                          Filter: (production_year > 1996)
                          Rows Removed by Filter: 957744
Planning time: 1.476 ms
Execution time: 6815.973 ms
