Hash Join  (cost=152092.65..179022.69 rows=1956 width=0) (actual time=2869.245..3173.296 rows=8145 loops=1)
  Hash Cond: (mi_idx.movie_id = t.id)
  ->  Seq Scan on movie_info_idx mi_idx  (cost=0.00..21735.35 rows=1380035 width=4) (actual time=0.023..251.716 rows=1380035 loops=1)
  ->  Hash  (cost=152047.86..152047.86 rows=3583 width=8) (actual time=2652.394..2652.394 rows=3479 loops=1)
        Buckets: 4096  Batches: 1  Memory Usage: 168kB
        ->  Hash Join  (cost=69687.24..152047.86 rows=3583 width=8) (actual time=1286.078..2650.965 rows=3479 loops=1)
              Hash Cond: (mk.movie_id = t.id)
              ->  Seq Scan on movie_keyword mk  (cost=0.00..81003.12 rows=71378 width=4) (actual time=0.031..1326.366 rows=70804 loops=1)
                    Filter: (keyword_id > 90928)
                    Rows Removed by Filter: 4453126
              ->  Hash  (cost=67604.59..67604.59 rows=126932 width=4) (actual time=1281.228..1281.228 rows=122861 loops=1)
                    Buckets: 131072  Batches: 2  Memory Usage: 3197kB
                    ->  Seq Scan on title t  (cost=0.00..67604.59 rows=126932 width=4) (actual time=0.018..1029.084 rows=122861 loops=1)
                          Filter: (production_year = 2008)
                          Rows Removed by Filter: 2405451
Planning time: 1.171 ms
Execution time: 3174.604 ms
