Hash Join  (cost=219922.26..368505.08 rows=2181679 width=0) (actual time=4621.149..9547.922 rows=6586205 loops=1)
  Hash Cond: (mk.movie_id = t.id)
  ->  Seq Scan on movie_keyword mk  (cost=0.00..69693.30 rows=4523930 width=4) (actual time=0.021..1419.695 rows=4523930 loops=1)
  ->  Hash  (cost=199915.88..199915.88 rows=1219390 width=8) (actual time=4620.360..4620.360 rows=1117172 loops=1)
        Buckets: 131072  Batches: 16  Memory Usage: 3756kB
        ->  Hash Join  (cost=102767.86..199915.88 rows=1219390 width=8) (actual time=1919.627..4317.497 rows=1117172 loops=1)
              Hash Cond: (mc.movie_id = t.id)
              ->  Seq Scan on movie_companies mc  (cost=0.00..57926.93 rows=1219390 width=4) (actual time=0.027..1119.269 rows=1117172 loops=1)
                    Filter: ((company_id < 108560) AND (company_type_id = 2))
                    Rows Removed by Filter: 1491957
              ->  Hash  (cost=61283.27..61283.27 rows=2528527 width=4) (actual time=1918.715..1918.715 rows=2528312 loops=1)
                    Buckets: 131072  Batches: 64  Memory Usage: 2415kB
                    ->  Seq Scan on title t  (cost=0.00..61283.27 rows=2528527 width=4) (actual time=0.021..1091.081 rows=2528312 loops=1)
Planning time: 1.148 ms
Execution time: 10240.452 ms
