Hash Join  (cost=155244.64..1289960.99 rows=9823418 width=0) (actual time=3468.677..37797.506 rows=17271963 loops=1)
  Hash Cond: (ci.movie_id = t.id)
  ->  Seq Scan on cast_info ci  (cost=0.00..614943.12 rows=36225612 width=4) (actual time=0.008..12899.628 rows=36244344 loops=1)
  ->  Hash  (cost=143994.78..143994.78 rows=685669 width=8) (actual time=3467.756..3467.756 rows=542199 loops=1)
        Buckets: 131072  Batches: 16  Memory Usage: 2359kB
        ->  Hash Join  (cost=94537.60..143994.78 rows=685669 width=8) (actual time=1781.706..3308.057 rows=542199 loops=1)
              Hash Cond: (mi_idx.movie_id = t.id)
              ->  Seq Scan on movie_info_idx mi_idx  (cost=0.00..21735.35 rows=1380035 width=4) (actual time=0.014..473.131 rows=1380035 loops=1)
              ->  Hash  (cost=73925.90..73925.90 rows=1256296 width=4) (actual time=1780.788..1780.788 rows=1375227 loops=1)
                    Buckets: 131072  Batches: 32  Memory Usage: 2542kB
                    ->  Seq Scan on title t  (cost=0.00..73925.90 rows=1256296 width=4) (actual time=0.023..1327.400 rows=1375227 loops=1)
                          Filter: ((kind_id > 1) AND (production_year > 1992))
                          Rows Removed by Filter: 1153085
Planning time: 0.795 ms
Execution time: 39811.847 ms
