Nested Loop  (cost=0.43..58358.52 rows=17 width=134) (actual time=670.249..1102.064 rows=83 loops=1)
  ->  Seq Scan on movie_companies mc  (cost=0.00..57926.93 rows=51 width=40) (actual time=65.414..1080.601 rows=959 loops=1)
        Filter: ((company_type_id < 2) AND (company_id = 192))
        Rows Removed by Filter: 2608170
  ->  Index Scan using title_pkey on title t  (cost=0.43..8.45 rows=1 width=94) (actual time=0.022..0.022 rows=0 loops=959)
        Index Cond: (id = mc.movie_id)
        Filter: ((kind_id > 1) AND (production_year < 2002))
        Rows Removed by Filter: 1
Planning time: 5.502 ms
Execution time: 1102.168 ms
