Seq Scan on cast_info ci  (cost=0.00..705507.15 rows=28668949 width=0) (actual time=0.012..14491.886 rows=28808107 loops=1)
  Filter: (role_id < 8)
  Rows Removed by Filter: 7436237
Planning time: 0.344 ms
Execution time: 17961.644 ms
