Hash Join  (cost=166696.26..547809.06 rows=165732 width=0) (actual time=3517.084..12278.630 rows=2119516 loops=1)
  Hash Cond: (mi.movie_id = t.id)
  ->  Seq Scan on movie_info mi  (cost=0.00..346232.03 rows=8859586 width=4) (actual time=468.766..5828.812 rows=8966694 loops=1)
        Filter: (info_type_id < 15)
        Rows Removed by Filter: 5869026
  ->  Hash  (cost=166105.01..166105.01 rows=47300 width=8) (actual time=3042.863..3042.863 rows=92492 loops=1)
        Buckets: 131072 (originally 65536)  Batches: 2 (originally 1)  Memory Usage: 3073kB
        ->  Hash Join  (cost=74478.21..166105.01 rows=47300 width=8) (actual time=1074.857..3010.489 rows=92492 loops=1)
              Hash Cond: (mk.movie_id = t.id)
              ->  Seq Scan on movie_keyword mk  (cost=0.00..81003.12 rows=2706849 width=4) (actual time=0.033..1485.668 rows=2702184 loops=1)
                    Filter: (keyword_id > 2987)
                    Rows Removed by Filter: 1821746
              ->  Hash  (cost=73925.90..73925.90 rows=44184 width=4) (actual time=1073.746..1073.746 rows=35489 loops=1)
                    Buckets: 65536  Batches: 1  Memory Usage: 1760kB
                    ->  Seq Scan on title t  (cost=0.00..73925.90 rows=44184 width=4) (actual time=0.112..1059.422 rows=35489 loops=1)
                          Filter: ((kind_id < 7) AND (production_year = 2007))
                          Rows Removed by Filter: 2492823
Planning time: 2.082 ms
Execution time: 12516.010 ms
