Hash Join  (cost=329285.62..1247256.41 rows=9673856 width=0) (actual time=7850.148..32013.383 rows=26864358 loops=1)
  Hash Cond: (ci.movie_id = t.id)
  ->  Seq Scan on cast_info ci  (cost=0.00..705507.15 rows=7298253 width=4) (actual time=0.022..13746.988 rows=7451973 loops=1)
        Filter: (role_id = 2)
        Rows Removed by Filter: 28792371
  ->  Hash  (cost=274297.99..274297.99 rows=3351570 width=8) (actual time=7848.423..7848.423 rows=3349949 loops=1)
        Buckets: 131072  Batches: 64  Memory Usage: 3089kB
        ->  Hash Join  (cost=102767.86..274297.99 rows=3351570 width=8) (actual time=1960.454..6898.069 rows=3349949 loops=1)
              Hash Cond: (mk.movie_id = t.id)
              ->  Seq Scan on movie_keyword mk  (cost=0.00..81003.12 rows=3351570 width=4) (actual time=0.020..1753.318 rows=3349949 loops=1)
                    Filter: (keyword_id > 1382)
                    Rows Removed by Filter: 1173981
              ->  Hash  (cost=61283.27..61283.27 rows=2528527 width=4) (actual time=1957.845..1957.845 rows=2528312 loops=1)
                    Buckets: 131072  Batches: 64  Memory Usage: 2425kB
                    ->  Seq Scan on title t  (cost=0.00..61283.27 rows=2528527 width=4) (actual time=0.025..1092.041 rows=2528312 loops=1)
Planning time: 1.033 ms
Execution time: 34925.766 ms
