Hash Join  (cost=100836.57..658363.13 rows=7824040 width=0) (actual time=2055.478..16892.749 rows=7179753 loops=1)
  Hash Cond: (mi.movie_id = t.id)
  ->  Seq Scan on movie_info mi  (cost=0.00..346232.03 rows=9767026 width=4) (actual time=0.014..6619.924 rows=9911754 loops=1)
        Filter: (info_type_id > 4)
        Rows Removed by Filter: 4923966
  ->  Hash  (cost=67604.59..67604.59 rows=2025519 width=4) (actual time=2054.206..2054.206 rows=2018703 loops=1)
        Buckets: 131072  Batches: 32  Memory Usage: 3256kB
        ->  Seq Scan on title t  (cost=0.00..67604.59 rows=2025519 width=4) (actual time=0.018..1379.659 rows=2018703 loops=1)
              Filter: (production_year > 1974)
              Rows Removed by Filter: 509609
Planning time: 0.615 ms
Execution time: 17814.669 ms
