Seq Scan on cast_info ci  (cost=0.00..705507.15 rows=13098011 width=0) (actual time=0.025..11815.773 rows=13221109 loops=1)
  Filter: (person_id > 2352063)
  Rows Removed by Filter: 23023235
Planning time: 0.309 ms
Execution time: 13476.195 ms
