Hash Join  (cost=162439.86..531992.21 rows=120574 width=0) (actual time=3078.013..10358.027 rows=257678 loops=1)
  Hash Cond: (mi.movie_id = t.id)
  ->  Seq Scan on movie_info mi  (cost=0.00..346232.03 rows=5897221 width=4) (actual time=24.867..6113.409 rows=5884963 loops=1)
        Filter: (info_type_id < 7)
        Rows Removed by Filter: 8950757
  ->  Hash  (cost=161793.64..161793.64 rows=51698 width=8) (actual time=2988.821..2988.821 rows=30330 loops=1)
        Buckets: 65536  Batches: 1  Memory Usage: 1697kB
        ->  Hash Join  (cost=70241.71..161793.64 rows=51698 width=8) (actual time=1206.630..2978.226 rows=30330 loops=1)
              Hash Cond: (mk.movie_id = t.id)
              ->  Seq Scan on movie_keyword mk  (cost=0.00..81003.12 rows=813286 width=4) (actual time=0.023..1417.269 rows=816686 loops=1)
                    Filter: (keyword_id > 22407)
                    Rows Removed by Filter: 3707244
              ->  Hash  (cost=67604.59..67604.59 rows=160730 width=4) (actual time=1204.114..1204.114 rows=160017 loops=1)
                    Buckets: 131072  Batches: 4  Memory Usage: 2442kB
                    ->  Seq Scan on title t  (cost=0.00..67604.59 rows=160730 width=4) (actual time=0.022..1146.412 rows=160017 loops=1)
                          Filter: (production_year = 2011)
                          Rows Removed by Filter: 2368295
Planning time: 1.155 ms
Execution time: 10391.655 ms
