Hash Join  (cost=73962.22..160672.23 rows=5197 width=0) (actual time=1114.418..3017.250 rows=5236 loops=1)
  Hash Cond: (mk.movie_id = t.id)
  ->  Seq Scan on movie_keyword mk  (cost=0.00..69693.30 rows=4523930 width=4) (actual time=0.027..1062.552 rows=4523930 loops=1)
  ->  Hash  (cost=73925.90..73925.90 rows=2905 width=4) (actual time=1110.652..1110.652 rows=7670 loops=1)
        Buckets: 8192 (originally 4096)  Batches: 1 (originally 1)  Memory Usage: 334kB
        ->  Seq Scan on title t  (cost=0.00..73925.90 rows=2905 width=4) (actual time=381.654..1107.206 rows=7670 loops=1)
              Filter: ((kind_id < 7) AND (production_year = 1915))
              Rows Removed by Filter: 2520642
Planning time: 0.702 ms
Execution time: 3018.265 ms
