Seq Scan on title t  (cost=0.00..67604.59 rows=2359284 width=0) (actual time=0.020..678.959 rows=2355024 loops=1)
  Filter: (production_year > 1924)
  Rows Removed by Filter: 173288
Planning time: 0.316 ms
Execution time: 880.696 ms
