Hash Join  (cost=208777.96..1433531.87 rows=18588175 width=0) (actual time=4978.447..44098.166 rows=21072043 loops=1)
  Hash Cond: (ci.movie_id = t.id)
  ->  Seq Scan on cast_info ci  (cost=0.00..614943.12 rows=36225612 width=4) (actual time=0.023..13837.070 rows=36244344 loops=1)
  ->  Hash  (cost=187490.91..187490.91 rows=1297444 width=8) (actual time=4977.021..4977.021 rows=840314 loops=1)
        Buckets: 131072  Batches: 32  Memory Usage: 2027kB
        ->  Hash Join  (cost=94554.94..187490.91 rows=1297444 width=8) (actual time=1671.095..4710.182 rows=840314 loops=1)
              Hash Cond: (mc.movie_id = t.id)
              ->  Seq Scan on movie_companies mc  (cost=0.00..44881.29 rows=2609129 width=4) (actual time=0.024..879.238 rows=2609129 loops=1)
              ->  Hash  (cost=73925.90..73925.90 rows=1257363 width=4) (actual time=1667.906..1667.906 rows=1229210 loops=1)
                    Buckets: 131072  Batches: 32  Memory Usage: 2374kB
                    ->  Seq Scan on title t  (cost=0.00..73925.90 rows=1257363 width=4) (actual time=0.018..1282.212 rows=1229210 loops=1)
                          Filter: ((kind_id > 2) AND (production_year < 2009))
                          Rows Removed by Filter: 1299102
Planning time: 1.162 ms
Execution time: 46517.510 ms
