Seq Scan on cast_info ci  (cost=0.00..705507.15 rows=500 width=0) (actual time=2098.752..10665.111 rows=87 loops=1)
  Filter: (person_id = 2904240)
  Rows Removed by Filter: 36244257
Planning time: 0.387 ms
Execution time: 10665.223 ms
