Hash Join  (cost=115076.06..885046.38 rows=370826 width=0) (actual time=8153.538..20536.528 rows=696378 loops=1)
  Hash Cond: (ci.movie_id = t.id)
  ->  Seq Scan on cast_info ci  (cost=0.00..705507.15 rows=16201301 width=4) (actual time=5826.606..14682.985 rows=16121683 loops=1)
        Filter: (role_id > 2)
        Rows Removed by Filter: 20122661
  ->  Hash  (cost=114352.62..114352.62 rows=57875 width=8) (actual time=2326.270..2326.270 rows=26559 loops=1)
        Buckets: 65536  Batches: 1  Memory Usage: 1550kB
        ->  Hash Join  (cost=75666.39..114352.62 rows=57875 width=8) (actual time=1383.121..2317.340 rows=26559 loops=1)
              Hash Cond: (mi_idx.movie_id = t.id)
              ->  Seq Scan on movie_info_idx mi_idx  (cost=0.00..21735.35 rows=1380035 width=4) (actual time=0.015..482.145 rows=1380035 loops=1)
              ->  Hash  (cost=73925.90..73925.90 rows=106039 width=4) (actual time=1382.150..1382.150 rows=113673 loops=1)
                    Buckets: 131072  Batches: 2  Memory Usage: 3022kB
                    ->  Seq Scan on title t  (cost=0.00..73925.90 rows=106039 width=4) (actual time=0.052..1333.702 rows=113673 loops=1)
                          Filter: ((kind_id > 3) AND (production_year = 2011))
                          Rows Removed by Filter: 2414639
Planning time: 1.160 ms
Execution time: 20626.428 ms
