Hash Join  (cost=102767.86..235072.50 rows=1721447 width=0) (actual time=1976.396..5196.718 rows=1732956 loops=1)
  Hash Cond: (mk.movie_id = t.id)
  ->  Seq Scan on movie_keyword mk  (cost=0.00..81003.12 rows=1721447 width=4) (actual time=0.022..1559.137 rows=1732956 loops=1)
        Filter: (keyword_id > 8162)
        Rows Removed by Filter: 2790974
  ->  Hash  (cost=61283.27..61283.27 rows=2528527 width=4) (actual time=1974.845..1974.845 rows=2528312 loops=1)
        Buckets: 131072  Batches: 64  Memory Usage: 2425kB
        ->  Seq Scan on title t  (cost=0.00..61283.27 rows=2528527 width=4) (actual time=0.022..1124.401 rows=2528312 loops=1)
Planning time: 2.730 ms
Execution time: 5388.431 ms
