Hash Join  (cost=103839.08..190903.66 rows=40655 width=0) (actual time=1853.610..3838.988 rows=149116 loops=1)
  Hash Cond: (mk.movie_id = t.id)
  ->  Seq Scan on movie_keyword mk  (cost=0.00..69693.30 rows=4523930 width=4) (actual time=0.022..1074.316 rows=4523930 loops=1)
  ->  Hash  (cost=103555.04..103555.04 rows=22723 width=8) (actual time=1853.255..1853.255 rows=25310 loops=1)
        Buckets: 32768  Batches: 1  Memory Usage: 1245kB
        ->  Hash Join  (cost=74710.74..103555.04 rows=22723 width=8) (actual time=1138.053..1844.131 rows=25310 loops=1)
              Hash Cond: (mi_idx.movie_id = t.id)
              ->  Seq Scan on movie_info_idx mi_idx  (cost=0.00..25185.44 rows=915101 width=4) (actual time=0.027..479.710 rows=919850 loops=1)
                    Filter: (info_type_id < 101)
                    Rows Removed by Filter: 460185
              ->  Hash  (cost=73925.90..73925.90 rows=62787 width=4) (actual time=1137.692..1137.692 rows=53770 loops=1)
                    Buckets: 65536  Batches: 1  Memory Usage: 2403kB
                    ->  Seq Scan on title t  (cost=0.00..73925.90 rows=62787 width=4) (actual time=0.074..1116.313 rows=53770 loops=1)
                          Filter: ((kind_id < 7) AND (production_year = 2011))
                          Rows Removed by Filter: 2474542
Planning time: 1.173 ms
Execution time: 3859.282 ms
