Seq Scan on movie_keyword mk  (cost=0.00..81003.12 rows=225451 width=0) (actual time=0.022..1252.230 rows=227580 loops=1)
  Filter: (keyword_id > 63767)
  Rows Removed by Filter: 4296350
Planning time: 0.315 ms
Execution time: 1281.490 ms
