Hash Join  (cost=80384.28..184583.52 rows=256981 width=0) (actual time=1505.747..3803.120 rows=89065 loops=1)
  Hash Cond: (mk.movie_id = t.id)
  ->  Seq Scan on movie_keyword mk  (cost=0.00..81003.12 rows=1650749 width=4) (actual time=0.030..1509.248 rows=1657180 loops=1)
        Filter: (keyword_id > 8816)
        Rows Removed by Filter: 2866750
  ->  Hash  (cost=73925.90..73925.90 rows=393630 width=4) (actual time=1502.804..1502.804 rows=401187 loops=1)
        Buckets: 131072  Batches: 8  Memory Usage: 2800kB
        ->  Seq Scan on title t  (cost=0.00..73925.90 rows=393630 width=4) (actual time=0.023..1370.629 rows=401187 loops=1)
              Filter: ((kind_id > 1) AND (production_year > 2009))
              Rows Removed by Filter: 2127125
Planning time: 0.936 ms
Execution time: 3815.326 ms
