Hash Join  (cost=165387.00..531497.42 rows=145450 width=0) (actual time=2828.375..10618.602 rows=506197 loops=1)
  Hash Cond: (mi.movie_id = t.id)
  ->  Seq Scan on movie_info mi  (cost=0.00..309384.22 rows=14739122 width=4) (actual time=0.017..4408.982 rows=14835720 loops=1)
  ->  Hash  (cost=165075.10..165075.10 rows=24952 width=8) (actual time=2828.050..2828.050 rows=16797 loops=1)
        Buckets: 32768  Batches: 1  Memory Usage: 913kB
        ->  Hash Join  (cost=75411.94..165075.10 rows=24952 width=8) (actual time=1191.333..2822.614 rows=16797 loops=1)
              Hash Cond: (mk.movie_id = t.id)
              ->  Seq Scan on movie_keyword mk  (cost=0.00..81003.12 rows=696671 width=4) (actual time=0.014..1399.227 rows=692553 loops=1)
                    Filter: (keyword_id < 574)
                    Rows Removed by Filter: 3831377
              ->  Hash  (cost=73925.90..73925.90 rows=90563 width=4) (actual time=1190.284..1190.284 rows=80990 loops=1)
                    Buckets: 131072  Batches: 2  Memory Usage: 2456kB
                    ->  Seq Scan on title t  (cost=0.00..73925.90 rows=90563 width=4) (actual time=0.044..1156.751 rows=80990 loops=1)
                          Filter: ((kind_id < 7) AND (production_year > 2011))
                          Rows Removed by Filter: 2447322
Planning time: 0.810 ms
Execution time: 10686.665 ms
