Hash Join  (cost=443779.77..483123.87 rows=96262 width=0) (actual time=7699.690..8954.304 rows=449131 loops=1)
  Hash Cond: (mi_idx.movie_id = t.id)
  ->  Seq Scan on movie_info_idx mi_idx  (cost=0.00..21735.35 rows=1380035 width=4) (actual time=0.018..450.566 rows=1380035 loops=1)
  ->  Hash  (cost=440886.10..440886.10 rows=176374 width=8) (actual time=7698.940..7698.940 rows=346906 loops=1)
        Buckets: 131072 (originally 131072)  Batches: 8 (originally 4)  Memory Usage: 3073kB
        ->  Hash Join  (cost=83810.17..440886.10 rows=176374 width=8) (actual time=4273.305..7589.645 rows=346906 loops=1)
              Hash Cond: (mi.movie_id = t.id)
              ->  Seq Scan on movie_info mi  (cost=0.00..346232.03 rows=451508 width=4) (actual time=2786.398..5601.294 rows=474443 loops=1)
                    Filter: (info_type_id = 6)
                    Rows Removed by Filter: 14361277
              ->  Hash  (cost=67604.59..67604.59 rows=987727 width=4) (actual time=1486.119..1486.119 rows=985048 loops=1)
                    Buckets: 131072  Batches: 16  Memory Usage: 3197kB
                    ->  Seq Scan on title t  (cost=0.00..67604.59 rows=987727 width=4) (actual time=0.035..1142.043 rows=985048 loops=1)
                          Filter: (kind_id < 7)
                          Rows Removed by Filter: 1543264
Planning time: 1.261 ms
Execution time: 9011.751 ms
