Seq Scan on title t  (cost=0.00..73925.90 rows=7281 width=0) (actual time=515.618..1079.709 rows=7012 loops=1)
  Filter: ((kind_id = 4) AND (production_year = 2011))
  Rows Removed by Filter: 2521300
Planning time: 0.272 ms
Execution time: 1081.107 ms
