Seq Scan on movie_companies mc  (cost=0.00..51404.11 rows=104 width=0) (actual time=0.668..822.221 rows=309 loops=1)
  Filter: (company_id = 2580)
  Rows Removed by Filter: 2608820
Planning time: 0.345 ms
Execution time: 822.407 ms
