Seq Scan on movie_companies mc  (cost=0.00..57926.93 rows=53 width=0) (actual time=308.321..826.951 rows=2 loops=1)
  Filter: ((company_id = 176681) AND (company_type_id = 2))
  Rows Removed by Filter: 2609127
Planning time: 0.449 ms
Execution time: 827.037 ms
