Hash Join  (cost=83240.42..440693.11 rows=146382 width=0) (actual time=1617.099..6397.521 rows=315382 loops=1)
  Hash Cond: (mi.movie_id = t.id)
  ->  Seq Scan on movie_info mi  (cost=0.00..346232.03 rows=651960 width=4) (actual time=185.560..4461.142 rows=660923 loops=1)
        Filter: (info_type_id = 18)
        Rows Removed by Filter: 14174797
  ->  Hash  (cost=73925.90..73925.90 rows=567721 width=4) (actual time=1430.625..1430.625 rows=620439 loops=1)
        Buckets: 131072  Batches: 8  Memory Usage: 3773kB
        ->  Seq Scan on title t  (cost=0.00..73925.90 rows=567721 width=4) (actual time=0.036..1229.760 rows=620439 loops=1)
              Filter: ((kind_id < 4) AND (production_year < 2008))
              Rows Removed by Filter: 1907873
Planning time: 0.797 ms
Execution time: 6435.558 ms
