Hash Join  (cost=100901.76..159448.78 rows=94 width=0) (actual time=1836.442..2636.046 rows=945 loops=1)
  Hash Cond: (mc.movie_id = t.id)
  ->  Seq Scan on movie_companies mc  (cost=0.00..57926.93 rows=165104 width=4) (actual time=113.979..866.348 rows=328621 loops=1)
        Filter: ((company_id > 90991) AND (company_type_id = 2))
        Rows Removed by Filter: 2280508
  ->  Hash  (cost=100883.76..100883.76 rows=1440 width=8) (actual time=1718.016..1718.016 rows=3822 loops=1)
        Buckets: 4096 (originally 2048)  Batches: 1 (originally 1)  Memory Usage: 182kB
        ->  Hash Join  (cost=73958.88..100883.76 rows=1440 width=8) (actual time=1079.642..1716.453 rows=3822 loops=1)
              Hash Cond: (mi_idx.movie_id = t.id)
              ->  Seq Scan on movie_info_idx mi_idx  (cost=0.00..21735.35 rows=1380035 width=4) (actual time=0.016..363.358 rows=1380035 loops=1)
              ->  Hash  (cost=73925.90..73925.90 rows=2638 width=4) (actual time=1079.250..1079.250 rows=4094 loops=1)
                    Buckets: 4096  Batches: 1  Memory Usage: 176kB
                    ->  Seq Scan on title t  (cost=0.00..73925.90 rows=2638 width=4) (actual time=538.424..1077.210 rows=4094 loops=1)
                          Filter: ((kind_id = 4) AND (production_year = 2001))
                          Rows Removed by Filter: 2524218
Planning time: 1.247 ms
Execution time: 2636.304 ms
