Hash Join  (cost=202825.56..280692.01 rows=184067 width=0) (actual time=3841.098..6223.577 rows=1780437 loops=1)
  Hash Cond: (mc.movie_id = t.id)
  ->  Seq Scan on movie_companies mc  (cost=0.00..51404.11 rows=2052711 width=4) (actual time=0.025..1123.043 rows=2048303 loops=1)
        Filter: (company_id < 71611)
        Rows Removed by Filter: 560826
  ->  Hash  (cost=199105.39..199105.39 rows=226733 width=8) (actual time=3840.284..3840.284 rows=228569 loops=1)
        Buckets: 131072  Batches: 4  Memory Usage: 3264kB
        ->  Hash Join  (cost=102767.86..199105.39 rows=226733 width=8) (actual time=1913.860..3768.369 rows=228569 loops=1)
              Hash Cond: (mk.movie_id = t.id)
              ->  Seq Scan on movie_keyword mk  (cost=0.00..81003.12 rows=226733 width=4) (actual time=0.023..1250.384 rows=228569 loops=1)
                    Filter: (keyword_id > 63609)
                    Rows Removed by Filter: 4295361
              ->  Hash  (cost=61283.27..61283.27 rows=2528527 width=4) (actual time=1910.921..1910.921 rows=2528312 loops=1)
                    Buckets: 131072  Batches: 64  Memory Usage: 2425kB
                    ->  Seq Scan on title t  (cost=0.00..61283.27 rows=2528527 width=4) (actual time=0.023..1067.814 rows=2528312 loops=1)
Planning time: 1.080 ms
Execution time: 6421.834 ms
