Hash Join  (cost=80193.64..583758.64 rows=2226607 width=0) (actual time=1384.324..15957.709 rows=5690279 loops=1)
  Hash Cond: (mi.movie_id = t.id)
  ->  Seq Scan on movie_info mi  (cost=0.00..309384.22 rows=14739122 width=4) (actual time=0.016..6124.545 rows=14835720 loops=1)
  ->  Hash  (cost=73925.90..73925.90 rows=381979 width=4) (actual time=1383.502..1383.502 rows=440029 loops=1)
        Buckets: 131072  Batches: 8  Memory Usage: 2976kB
        ->  Seq Scan on title t  (cost=0.00..73925.90 rows=381979 width=4) (actual time=369.911..1237.324 rows=440029 loops=1)
              Filter: ((kind_id < 2) AND (production_year < 2006))
              Rows Removed by Filter: 2088283
Planning time: 1.561 ms
Execution time: 16636.715 ms
