Hash Join  (cost=814531.90..851955.42 rows=77562 width=0) (actual time=15188.994..15952.691 rows=116512 loops=1)
  Hash Cond: (mi_idx.movie_id = t.id)
  ->  Seq Scan on movie_info_idx mi_idx  (cost=0.00..25185.44 rows=919057 width=4) (actual time=0.016..528.134 rows=920110 loops=1)
        Filter: (info_type_id > 99)
        Rows Removed by Filter: 459925
  ->  Hash  (cost=811030.53..811030.53 rows=213389 width=8) (actual time=15068.205..15068.205 rows=174853 loops=1)
        Buckets: 131072  Batches: 4  Memory Usage: 2729kB
        ->  Hash Join  (cost=92883.59..811030.53 rows=213389 width=8) (actual time=9377.606..15024.541 rows=174853 loops=1)
              Hash Cond: (ci.movie_id = t.id)
              ->  Seq Scan on cast_info ci  (cost=0.00..705507.15 rows=350181 width=4) (actual time=7618.304..12887.159 rows=316118 loops=1)
                    Filter: (role_id > 10)
                    Rows Removed by Filter: 35928226
              ->  Hash  (cost=67604.59..67604.59 rows=1540800 width=4) (actual time=1757.716..1757.716 rows=1543264 loops=1)
                    Buckets: 131072  Batches: 32  Memory Usage: 2722kB
                    ->  Seq Scan on title t  (cost=0.00..67604.59 rows=1540800 width=4) (actual time=217.385..1269.651 rows=1543264 loops=1)
                          Filter: (kind_id = 7)
                          Rows Removed by Filter: 985048
Planning time: 1.348 ms
Execution time: 15962.657 ms
