Seq Scan on cast_info ci  (cost=0.00..796071.18 rows=176 width=0) (actual time=10373.718..12870.615 rows=11 loops=1)
  Filter: ((role_id < 2) AND (person_id = 1683614))
  Rows Removed by Filter: 36244333
Planning time: 0.460 ms
Execution time: 12870.718 ms
