Seq Scan on movie_keyword mk  (cost=0.00..81003.12 rows=1010335 width=0) (actual time=0.009..1403.885 rows=1017527 loops=1)
  Filter: (keyword_id > 17728)
  Rows Removed by Filter: 3506403
Planning time: 0.315 ms
Execution time: 1531.877 ms
