Hash Join  (cost=81437.64..811955.32 rows=314398 width=0) (actual time=11499.976..15776.131 rows=204279 loops=1)
  Hash Cond: (ci.movie_id = t.id)
  ->  Seq Scan on cast_info ci  (cost=0.00..705507.15 rows=1736414 width=4) (actual time=10030.400..13345.056 rows=1703543 loops=1)
        Filter: (role_id = 8)
        Rows Removed by Filter: 34540801
  ->  Hash  (cost=73925.90..73925.90 rows=457819 width=4) (actual time=1467.639..1467.639 rows=344212 loops=1)
        Buckets: 131072  Batches: 8  Memory Usage: 2523kB
        ->  Seq Scan on title t  (cost=0.00..73925.90 rows=457819 width=4) (actual time=0.038..1350.456 rows=344212 loops=1)
              Filter: ((production_year < 1993) AND (kind_id = 7))
              Rows Removed by Filter: 2184100
Planning time: 0.790 ms
Execution time: 15797.701 ms
