Seq Scan on movie_companies mc  (cost=0.00..57926.93 rows=53 width=0) (actual time=128.659..806.631 rows=219 loops=1)
  Filter: ((company_id = 7608) AND (company_type_id = 2))
  Rows Removed by Filter: 2608910
Planning time: 0.385 ms
Execution time: 806.779 ms
