Hash Join  (cost=190230.21..285972.32 rows=1248842 width=0) (actual time=4422.555..7793.477 rows=3622228 loops=1)
  Hash Cond: (mc.movie_id = t.id)
  ->  Seq Scan on movie_companies mc  (cost=0.00..51404.11 rows=2288153 width=4) (actual time=0.018..1197.037 rows=2282573 loops=1)
        Filter: (company_id < 91361)
        Rows Removed by Filter: 326556
  ->  Hash  (cost=167588.78..167588.78 rows=1380035 width=8) (actual time=4421.260..4421.260 rows=1380035 loops=1)
        Buckets: 131072  Batches: 32  Memory Usage: 2708kB
        ->  Hash Join  (cost=102767.86..167588.78 rows=1380035 width=8) (actual time=1935.303..3899.644 rows=1380035 loops=1)
              Hash Cond: (mi_idx.movie_id = t.id)
              ->  Seq Scan on movie_info_idx mi_idx  (cost=0.00..21735.35 rows=1380035 width=4) (actual time=0.015..449.639 rows=1380035 loops=1)
              ->  Hash  (cost=61283.27..61283.27 rows=2528527 width=4) (actual time=1934.412..1934.412 rows=2528312 loops=1)
                    Buckets: 131072  Batches: 64  Memory Usage: 2415kB
                    ->  Seq Scan on title t  (cost=0.00..61283.27 rows=2528527 width=4) (actual time=0.021..1086.018 rows=2528312 loops=1)
Planning time: 2.168 ms
Execution time: 8187.865 ms
