Hash Join  (cost=102767.86..726337.31 rows=11115165 width=0) (actual time=1934.930..18312.229 rows=11210743 loops=1)
  Hash Cond: (mi.movie_id = t.id)
  ->  Seq Scan on movie_info mi  (cost=0.00..346232.03 rows=11115165 width=4) (actual time=0.010..7220.000 rows=11210743 loops=1)
        Filter: (info_type_id > 3)
        Rows Removed by Filter: 3624977
  ->  Hash  (cost=61283.27..61283.27 rows=2528527 width=4) (actual time=1933.655..1933.655 rows=2528312 loops=1)
        Buckets: 131072  Batches: 64  Memory Usage: 2425kB
        ->  Seq Scan on title t  (cost=0.00..61283.27 rows=2528527 width=4) (actual time=0.033..1064.458 rows=2528312 loops=1)
Planning time: 1.698 ms
Execution time: 19603.427 ms
