Hash Join  (cost=73952.49..102577.26 rows=770 width=0) (actual time=1080.634..1642.072 rows=1762 loops=1)
  Hash Cond: (mi_idx.movie_id = t.id)
  ->  Seq Scan on movie_info_idx mi_idx  (cost=0.00..25185.44 rows=915101 width=4) (actual time=0.012..523.967 rows=919850 loops=1)
        Filter: (info_type_id < 101)
        Rows Removed by Filter: 460185
  ->  Hash  (cost=73925.90..73925.90 rows=2127 width=4) (actual time=966.940..966.940 rows=2732 loops=1)
        Buckets: 4096  Batches: 1  Memory Usage: 129kB
        ->  Seq Scan on title t  (cost=0.00..73925.90 rows=2127 width=4) (actual time=327.989..965.477 rows=2732 loops=1)
              Filter: ((kind_id = 4) AND (production_year = 1998))
              Rows Removed by Filter: 2525580
Planning time: 0.737 ms
Execution time: 1642.485 ms
