Hash Join  (cost=83810.17..176261.88 rows=191613 width=0) (actual time=1632.223..3630.758 rows=426088 loops=1)
  Hash Cond: (mk.movie_id = t.id)
  ->  Seq Scan on movie_keyword mk  (cost=0.00..81003.12 rows=490519 width=4) (actual time=0.025..1435.872 rows=485097 loops=1)
        Filter: (keyword_id > 36987)
        Rows Removed by Filter: 4038833
  ->  Hash  (cost=67604.59..67604.59 rows=987727 width=4) (actual time=1631.023..1631.023 rows=985048 loops=1)
        Buckets: 131072  Batches: 16  Memory Usage: 3197kB
        ->  Seq Scan on title t  (cost=0.00..67604.59 rows=987727 width=4) (actual time=0.008..1304.749 rows=985048 loops=1)
              Filter: (kind_id < 7)
              Rows Removed by Filter: 1543264
Planning time: 0.718 ms
Execution time: 3683.921 ms
