Hash Join  (cost=162174.19..513066.73 rows=31735 width=0) (actual time=3646.487..9178.409 rows=1472221 loops=1)
  Hash Cond: (mi.movie_id = t.id)
  ->  Seq Scan on movie_info mi  (cost=0.00..346232.03 rows=1158179 width=4) (actual time=221.863..5318.234 rows=1204709 loops=1)
        Filter: (info_type_id > 18)
        Rows Removed by Filter: 13631011
  ->  Hash  (cost=161308.17..161308.17 rows=69282 width=8) (actual time=3317.002..3317.002 rows=74594 loops=1)
        Buckets: 131072  Batches: 1  Memory Usage: 3938kB
        ->  Hash Join  (cost=68332.59..161308.17 rows=69282 width=8) (actual time=1183.124..3292.077 rows=74594 loops=1)
              Hash Cond: (mk.movie_id = t.id)
              ->  Seq Scan on movie_keyword mk  (cost=0.00..81003.12 rows=3007903 width=4) (actual time=0.032..1571.333 rows=2992212 loops=1)
                    Filter: (keyword_id > 2221)
                    Rows Removed by Filter: 1531718
              ->  Hash  (cost=67604.59..67604.59 rows=58240 width=4) (actual time=1182.685..1182.685 rows=58590 loops=1)
                    Buckets: 65536  Batches: 1  Memory Usage: 2572kB
                    ->  Seq Scan on title t  (cost=0.00..67604.59 rows=58240 width=4) (actual time=0.023..1158.554 rows=58590 loops=1)
                          Filter: (production_year = 2001)
                          Rows Removed by Filter: 2469722
Planning time: 2.000 ms
Execution time: 9339.884 ms
