Hash Join  (cost=180851.59..235740.88 rows=22377 width=0) (actual time=3456.667..4393.031 rows=454 loops=1)
  Hash Cond: (mc.movie_id = t.id)
  ->  Seq Scan on movie_companies mc  (cost=0.00..44881.29 rows=2609129 width=4) (actual time=0.016..622.165 rows=2609129 loops=1)
  ->  Hash  (cost=180580.51..180580.51 rows=21686 width=8) (actual time=3278.358..3278.358 rows=168 loops=1)
        Buckets: 32768  Batches: 1  Memory Usage: 263kB
        ->  Hash Join  (cost=92883.59..180580.51 rows=21686 width=8) (actual time=2777.327..3277.916 rows=168 loops=1)
              Hash Cond: (mk.movie_id = t.id)
              ->  Seq Scan on movie_keyword mk  (cost=0.00..81003.12 rows=35588 width=4) (actual time=0.045..1273.789 rows=34710 loops=1)
                    Filter: (keyword_id = 2488)
                    Rows Removed by Filter: 4489220
              ->  Hash  (cost=67604.59..67604.59 rows=1540800 width=4) (actual time=1697.887..1697.887 rows=1543264 loops=1)
                    Buckets: 131072  Batches: 32  Memory Usage: 2728kB
                    ->  Seq Scan on title t  (cost=0.00..67604.59 rows=1540800 width=4) (actual time=0.020..1203.893 rows=1543264 loops=1)
                          Filter: (kind_id = 7)
                          Rows Removed by Filter: 985048
Planning time: 2.873 ms
Execution time: 4396.301 ms
