Hash Join  (cost=899969.42..1495608.14 rows=7402399 width=0) (actual time=18735.020..36089.268 rows=13695666 loops=1)
  Hash Cond: (mi.movie_id = t.id)
  ->  Seq Scan on movie_info mi  (cost=0.00..309384.22 rows=14739122 width=4) (actual time=0.014..6233.263 rows=14835720 loops=1)
  ->  Hash  (cost=879134.71..879134.71 rows=1269897 width=8) (actual time=18734.128..18734.128 rows=939017 loops=1)
        Buckets: 131072  Batches: 32  Memory Usage: 2153kB
        ->  Hash Join  (cost=74823.14..879134.71 rows=1269897 width=8) (actual time=6245.132..18422.405 rows=939017 loops=1)
              Hash Cond: (ci.movie_id = t.id)
              ->  Seq Scan on cast_info ci  (cost=0.00..705507.15 rows=7298253 width=4) (actual time=4636.186..13118.162 rows=7451973 loops=1)
                    Filter: (role_id = 2)
                    Rows Removed by Filter: 28792371
              ->  Hash  (cost=67604.59..67604.59 rows=439964 width=4) (actual time=1608.206..1608.206 rows=437515 loops=1)
                    Buckets: 131072  Batches: 8  Memory Usage: 2944kB
                    ->  Seq Scan on title t  (cost=0.00..67604.59 rows=439964 width=4) (actual time=0.024..1174.318 rows=437515 loops=1)
                          Filter: (production_year < 1975)
                          Rows Removed by Filter: 2090797
Planning time: 0.916 ms
Execution time: 37649.546 ms
