Hash Join  (cost=80874.21..184940.22 rows=431270 width=0) (actual time=1520.080..4541.612 rows=594507 loops=1)
  Hash Cond: (mk.movie_id = t.id)
  ->  Seq Scan on movie_keyword mk  (cost=0.00..81003.12 rows=1348315 width=4) (actual time=0.012..1513.032 rows=1357732 loops=1)
        Filter: (keyword_id > 12364)
        Rows Removed by Filter: 3166198
  ->  Hash  (cost=67604.59..67604.59 rows=808770 width=4) (actual time=1519.158..1519.158 rows=812704 loops=1)
        Buckets: 131072  Batches: 16  Memory Usage: 2819kB
        ->  Seq Scan on title t  (cost=0.00..67604.59 rows=808770 width=4) (actual time=0.017..1235.862 rows=812704 loops=1)
              Filter: (production_year < 1995)
              Rows Removed by Filter: 1715608
Planning time: 0.507 ms
Execution time: 4610.653 ms
