Hash Join  (cost=133941.74..188634.93 rows=2767 width=0) (actual time=1898.445..2607.844 rows=45 loops=1)
  Hash Cond: (mc.movie_id = t.id)
  ->  Seq Scan on movie_companies mc  (cost=0.00..44881.29 rows=2609129 width=4) (actual time=0.016..563.898 rows=2609129 loops=1)
  ->  Hash  (cost=133908.21..133908.21 rows=2682 width=8) (actual time=1571.033..1571.033 rows=15 loops=1)
        Buckets: 4096  Batches: 1  Memory Usage: 33kB
        ->  Nested Loop  (cost=0.43..133908.21 rows=2682 width=8) (actual time=556.060..1571.010 rows=15 loops=1)
              ->  Seq Scan on movie_keyword mk  (cost=0.00..81003.12 rows=7691 width=4) (actual time=0.276..1370.247 rows=7640 loops=1)
                    Filter: (keyword_id = 3660)
                    Rows Removed by Filter: 4516290
              ->  Index Scan using title_pkey on title t  (cost=0.43..6.87 rows=1 width=4) (actual time=0.026..0.026 rows=0 loops=7640)
                    Index Cond: (id = mk.movie_id)
                    Filter: ((production_year < 2006) AND (kind_id = 7))
                    Rows Removed by Filter: 1
Planning time: 1.374 ms
Execution time: 2608.032 ms
