Seq Scan on movie_companies mc  (cost=0.00..51404.11 rows=104 width=0) (actual time=283.490..874.253 rows=654 loops=1)
  Filter: (company_id = 71740)
  Rows Removed by Filter: 2608475
Planning time: 0.343 ms
Execution time: 874.420 ms
