Hash Join  (cost=128251.72..493622.48 rows=71483 width=0) (actual time=1020.694..8619.223 rows=163591 loops=1)
  Hash Cond: (mi.movie_id = t.id)
  ->  Seq Scan on movie_info mi  (cost=0.00..309384.22 rows=14739122 width=4) (actual time=0.022..4150.183 rows=14835720 loops=1)
  ->  Hash  (cost=128098.43..128098.43 rows=12263 width=8) (actual time=1020.248..1020.248 rows=12948 loops=1)
        Buckets: 16384  Batches: 1  Memory Usage: 634kB
        ->  Nested Loop  (cost=0.43..128098.43 rows=12263 width=8) (actual time=89.398..1013.961 rows=12948 loops=1)
              ->  Seq Scan on movie_companies mc  (cost=0.00..51404.11 rows=12263 width=4) (actual time=89.297..785.683 rows=12948 loops=1)
                    Filter: (company_id = 11137)
                    Rows Removed by Filter: 2596181
              ->  Index Only Scan using title_pkey on title t  (cost=0.43..6.24 rows=1 width=4) (actual time=0.017..0.017 rows=1 loops=12948)
                    Index Cond: (id = mc.movie_id)
                    Heap Fetches: 12948
Planning time: 6.588 ms
Execution time: 8643.267 ms
