Hash Join  (cost=125618.41..515074.82 rows=154252 width=0) (actual time=2246.490..10792.669 rows=240441 loops=1)
  Hash Cond: (mi.movie_id = t.id)
  ->  Seq Scan on movie_info mi  (cost=0.00..346232.03 rows=11115165 width=4) (actual time=0.027..6136.127 rows=11210743 loops=1)
        Filter: (info_type_id > 3)
        Rows Removed by Filter: 3624977
  ->  Hash  (cost=125179.78..125179.78 rows=35090 width=8) (actual time=2246.069..2246.069 rows=36330 loops=1)
        Buckets: 65536  Batches: 1  Memory Usage: 1932kB
        ->  Hash Join  (cost=68438.72..125179.78 rows=35090 width=8) (actual time=967.517..2231.651 rows=36330 loops=1)
              Hash Cond: (mc.movie_id = t.id)
              ->  Seq Scan on movie_companies mc  (cost=0.00..51404.11 rows=1329612 width=4) (actual time=0.024..912.650 rows=1334883 loops=1)
                    Filter: (company_type_id > 1)
                    Rows Removed by Filter: 1274246
              ->  Hash  (cost=67604.59..67604.59 rows=66731 width=4) (actual time=966.786..966.786 rows=67342 loops=1)
                    Buckets: 131072  Batches: 1  Memory Usage: 3392kB
                    ->  Seq Scan on title t  (cost=0.00..67604.59 rows=66731 width=4) (actual time=0.022..938.366 rows=67342 loops=1)
                          Filter: (production_year > 2012)
                          Rows Removed by Filter: 2460970
Planning time: 1.127 ms
Execution time: 10826.560 ms
