Seq Scan on movie_keyword mk  (cost=0.00..81003.12 rows=3074900 width=0) (actual time=0.018..1649.598 rows=3056716 loops=1)
  Filter: (keyword_id > 2085)
  Rows Removed by Filter: 1467214
Planning time: 0.281 ms
Execution time: 2049.845 ms
