Hash Join  (cost=239537.92..795817.80 rows=7167098 width=0) (actual time=4684.247..18412.980 rows=6700306 loops=1)
  Hash Cond: (mi.movie_id = t.id)
  ->  Seq Scan on movie_info mi  (cost=0.00..309384.22 rows=14739122 width=4) (actual time=0.021..5684.209 rows=14835720 loops=1)
  ->  Hash  (cost=219365.80..219365.80 rows=1229530 width=8) (actual time=4680.063..4680.063 rows=537620 loops=1)
        Buckets: 131072  Batches: 32  Memory Usage: 1676kB
        ->  Hash Join  (cost=96651.52..219365.80 rows=1229530 width=8) (actual time=1768.723..4523.103 rows=537620 loops=1)
              Hash Cond: (mk.movie_id = t.id)
              ->  Seq Scan on movie_keyword mk  (cost=0.00..81003.12 rows=1755970 width=4) (actual time=0.009..1526.567 rows=1764910 loops=1)
                    Filter: (keyword_id < 2867)
                    Rows Removed by Filter: 2759020
              ->  Hash  (cost=67604.59..67604.59 rows=1770475 width=4) (actual time=1767.732..1767.732 rows=1774635 loops=1)
                    Buckets: 131072  Batches: 32  Memory Usage: 2984kB
                    ->  Seq Scan on title t  (cost=0.00..67604.59 rows=1770475 width=4) (actual time=0.019..1189.449 rows=1774635 loops=1)
                          Filter: (kind_id > 2)
                          Rows Removed by Filter: 753677
Planning time: 1.136 ms
Execution time: 19123.172 ms
