Seq Scan on movie_companies mc  (cost=0.00..51404.11 rows=104 width=0) (actual time=0.757..779.307 rows=78 loops=1)
  Filter: (company_id = 1077)
  Rows Removed by Filter: 2609051
Planning time: 0.336 ms
Execution time: 779.398 ms
