Hash Join  (cost=189607.43..230038.78 rows=159587 width=0) (actual time=3861.589..5387.565 rows=1730987 loops=1)
  Hash Cond: (mi_idx.movie_id = t.id)
  ->  Seq Scan on movie_info_idx mi_idx  (cost=0.00..21735.35 rows=1380035 width=4) (actual time=0.024..440.858 rows=1380035 loops=1)
  ->  Hash  (cost=184809.45..184809.45 rows=292398 width=8) (actual time=3860.494..3860.494 rows=662645 loops=1)
        Buckets: 131072 (originally 131072)  Batches: 16 (originally 4)  Memory Usage: 3073kB
        ->  Hash Join  (cost=87096.73..184809.45 rows=292398 width=8) (actual time=1563.823..3657.614 rows=662645 loops=1)
              Hash Cond: (mk.movie_id = t.id)
              ->  Seq Scan on movie_keyword mk  (cost=0.00..81003.12 rows=920964 width=4) (actual time=0.016..1370.199 rows=915354 loops=1)
                    Filter: (keyword_id > 20330)
                    Rows Removed by Filter: 3608576
              ->  Hash  (cost=73925.90..73925.90 rows=802786 width=4) (actual time=1561.992..1561.992 rows=746233 loops=1)
                    Buckets: 131072  Batches: 16  Memory Usage: 2669kB
                    ->  Seq Scan on title t  (cost=0.00..73925.90 rows=802786 width=4) (actual time=0.028..1309.316 rows=746233 loops=1)
                          Filter: ((kind_id < 4) AND (production_year > 1924))
                          Rows Removed by Filter: 1782079
Planning time: 1.089 ms
Execution time: 5582.360 ms
