Hash Join  (cost=93851.69..458852.35 rows=34473 width=0) (actual time=942.780..8532.465 rows=47258 loops=1)
  Hash Cond: (mi.movie_id = t.id)
  ->  Seq Scan on movie_info mi  (cost=0.00..309384.22 rows=14739122 width=4) (actual time=0.011..4490.403 rows=14835720 loops=1)
  ->  Hash  (cost=93777.77..93777.77 rows=5914 width=8) (actual time=941.826..941.826 rows=5677 loops=1)
        Buckets: 8192  Batches: 1  Memory Usage: 286kB
        ->  Nested Loop  (cost=0.43..93777.77 rows=5914 width=8) (actual time=1.070..938.653 rows=5677 loops=1)
              ->  Seq Scan on movie_companies mc  (cost=0.00..51404.11 rows=5914 width=4) (actual time=1.019..792.690 rows=5677 loops=1)
                    Filter: (company_id = 73)
                    Rows Removed by Filter: 2603452
              ->  Index Only Scan using title_pkey on title t  (cost=0.43..7.15 rows=1 width=4) (actual time=0.025..0.025 rows=1 loops=5677)
                    Index Cond: (id = mc.movie_id)
                    Heap Fetches: 5677
Planning time: 1.166 ms
Execution time: 8540.413 ms
