Seq Scan on movie_keyword mk  (cost=0.00..81003.12 rows=246 width=0) (actual time=0.714..1160.467 rows=952 loops=1)
  Filter: (keyword_id = 6359)
  Rows Removed by Filter: 4522978
Planning time: 1.987 ms
Execution time: 1160.872 ms
