Hash Join  (cost=90505.60..234535.71 rows=1808007 width=0) (actual time=2034.261..5522.831 rows=817850 loops=1)
  Hash Cond: (mk.movie_id = t.id)
  ->  Seq Scan on movie_keyword mk  (cost=0.00..69693.30 rows=4523930 width=4) (actual time=0.018..1270.845 rows=4523930 loops=1)
  ->  Hash  (cost=73925.90..73925.90 rows=1010536 width=4) (actual time=2033.263..2033.263 rows=1127740 loops=1)
        Buckets: 131072  Batches: 16  Memory Usage: 3520kB
        ->  Seq Scan on title t  (cost=0.00..73925.90 rows=1010536 width=4) (actual time=0.023..1336.035 rows=1127740 loops=1)
              Filter: ((kind_id > 3) AND (production_year > 1997))
              Rows Removed by Filter: 1400572
Planning time: 0.673 ms
Execution time: 5612.362 ms
