Nested Loop  (cost=0.43..83072.29 rows=96 width=0) (actual time=3.394..1249.002 rows=114 loops=1)
  ->  Seq Scan on movie_keyword mk  (cost=0.00..81003.12 rows=246 width=4) (actual time=3.332..1238.146 rows=156 loops=1)
        Filter: (keyword_id = 3027)
        Rows Removed by Filter: 4523774
  ->  Index Scan using title_pkey on title t  (cost=0.43..8.40 rows=1 width=4) (actual time=0.065..0.066 rows=1 loops=156)
        Index Cond: (id = mk.movie_id)
        Filter: (kind_id < 7)
        Rows Removed by Filter: 0
Planning time: 0.702 ms
Execution time: 1249.227 ms
