Seq Scan on movie_companies mc  (cost=0.00..51404.11 rows=798858 width=0) (actual time=0.023..757.136 rows=805519 loops=1)
  Filter: (company_id > 29802)
  Rows Removed by Filter: 1803610
Planning time: 0.291 ms
Execution time: 859.092 ms
