Hash Join  (cost=102767.86..250189.92 rows=2349719 width=0) (actual time=2502.741..6106.782 rows=2347926 loops=1)
  Hash Cond: (mk.movie_id = t.id)
  ->  Seq Scan on movie_keyword mk  (cost=0.00..81003.12 rows=2349719 width=4) (actual time=0.023..1510.143 rows=2347926 loops=1)
        Filter: (keyword_id < 5251)
        Rows Removed by Filter: 2176004
  ->  Hash  (cost=61283.27..61283.27 rows=2528527 width=4) (actual time=2500.937..2500.937 rows=2528312 loops=1)
        Buckets: 131072  Batches: 64  Memory Usage: 2425kB
        ->  Seq Scan on title t  (cost=0.00..61283.27 rows=2528527 width=4) (actual time=0.019..985.087 rows=2528312 loops=1)
Planning time: 0.683 ms
Execution time: 6353.811 ms
