Seq Scan on movie_keyword mk  (cost=0.00..81003.12 rows=246 width=0) (actual time=270.933..1290.464 rows=2 loops=1)
  Filter: (keyword_id = 58019)
  Rows Removed by Filter: 4523928
Planning time: 0.326 ms
Execution time: 1290.545 ms
