Hash Join  (cost=132397.51..249641.69 rows=351300 width=0) (actual time=2737.021..6390.084 rows=2533591 loops=1)
  Hash Cond: (mk.movie_id = t.id)
  ->  Seq Scan on movie_keyword mk  (cost=0.00..81003.12 rows=2720014 width=4) (actual time=0.026..1817.208 rows=2713537 loops=1)
        Filter: (keyword_id > 2937)
        Rows Removed by Filter: 1810393
  ->  Hash  (cost=127039.40..127039.40 rows=326569 width=8) (actual time=2735.214..2735.214 rows=500629 loops=1)
        Buckets: 131072  Batches: 8  Memory Usage: 3489kB
        ->  Hash Join  (cost=83743.23..127039.40 rows=326569 width=8) (actual time=1354.351..2594.826 rows=500629 loops=1)
              Hash Cond: (mi_idx.movie_id = t.id)
              ->  Seq Scan on movie_info_idx mi_idx  (cost=0.00..21735.35 rows=1380035 width=4) (actual time=0.018..435.846 rows=1380035 loops=1)
              ->  Hash  (cost=73925.90..73925.90 rows=598346 width=4) (actual time=1353.544..1353.544 rows=507407 loops=1)
                    Buckets: 131072  Batches: 8  Memory Usage: 3251kB
                    ->  Seq Scan on title t  (cost=0.00..73925.90 rows=598346 width=4) (actual time=0.012..1193.109 rows=507407 loops=1)
                          Filter: ((kind_id < 7) AND (production_year > 1997))
                          Rows Removed by Filter: 2020905
Planning time: 1.167 ms
Execution time: 6703.852 ms
