Hash Join  (cost=104693.99..165280.94 rows=1233843 width=0) (actual time=2067.819..3809.306 rows=1271246 loops=1)
  Hash Cond: (mi_idx.movie_id = t.id)
  ->  Seq Scan on movie_info_idx mi_idx  (cost=0.00..21735.35 rows=1380035 width=4) (actual time=0.023..436.421 rows=1380035 loops=1)
  ->  Hash  (cost=67604.59..67604.59 rows=2260672 width=4) (actual time=2066.655..2066.655 rows=2253222 loops=1)
        Buckets: 131072  Batches: 32  Memory Usage: 3503kB
        ->  Seq Scan on title t  (cost=0.00..67604.59 rows=2260672 width=4) (actual time=0.023..1325.880 rows=2253222 loops=1)
              Filter: (production_year > 1955)
              Rows Removed by Filter: 275090
Planning time: 0.709 ms
Execution time: 3944.441 ms
