Hash Join  (cost=92883.59..1405532.69 rows=19374803 width=0) (actual time=1732.696..41114.788 rows=18922381 loops=1)
  Hash Cond: (ci.movie_id = t.id)
  ->  Seq Scan on cast_info ci  (cost=0.00..705507.15 rows=31794984 width=4) (actual time=0.032..16528.976 rows=31939019 loops=1)
        Filter: (person_id > 414758)
        Rows Removed by Filter: 4305325
  ->  Hash  (cost=67604.59..67604.59 rows=1540800 width=4) (actual time=1731.290..1731.290 rows=1543264 loops=1)
        Buckets: 131072  Batches: 32  Memory Usage: 2722kB
        ->  Seq Scan on title t  (cost=0.00..67604.59 rows=1540800 width=4) (actual time=64.698..1231.295 rows=1543264 loops=1)
              Filter: (kind_id = 7)
              Rows Removed by Filter: 985048
Planning time: 2.408 ms
Execution time: 43286.238 ms
