Hash Join  (cost=117739.35..1165698.43 rows=1377988 width=0) (actual time=2439.689..34187.693 rows=7240277 loops=1)
  Hash Cond: (ci.movie_id = t.id)
  ->  Seq Scan on cast_info ci  (cost=0.00..614943.12 rows=36225612 width=4) (actual time=0.017..12787.559 rows=36244344 loops=1)
  ->  Hash  (cost=116161.07..116161.07 rows=96183 width=8) (actual time=2438.842..2438.842 rows=270200 loops=1)
        Buckets: 131072 (originally 131072)  Batches: 4 (originally 2)  Memory Usage: 3672kB
        ->  Hash Join  (cost=76817.76..116161.07 rows=96183 width=8) (actual time=1231.182..2350.918 rows=270200 loops=1)
              Hash Cond: (mi_idx.movie_id = t.id)
              ->  Seq Scan on movie_info_idx mi_idx  (cost=0.00..21735.35 rows=1380035 width=4) (actual time=0.011..423.046 rows=1380035 loops=1)
              ->  Hash  (cost=73925.90..73925.90 rows=176228 width=4) (actual time=1230.587..1230.587 rows=310626 loops=1)
                    Buckets: 131072  Batches: 4  Memory Usage: 3757kB
                    ->  Seq Scan on title t  (cost=0.00..73925.90 rows=176228 width=4) (actual time=0.016..1133.113 rows=310626 loops=1)
                          Filter: ((kind_id < 2) AND (production_year < 1989))
                          Rows Removed by Filter: 2217686
Planning time: 8.582 ms
Execution time: 35004.991 ms
