Seq Scan on movie_keyword mk  (cost=0.00..81003.12 rows=246 width=0) (actual time=17.278..1186.929 rows=47 loops=1)
  Filter: (keyword_id = 4571)
  Rows Removed by Filter: 4523883
Planning time: 0.307 ms
Execution time: 1187.061 ms
