Seq Scan on cast_info ci  (cost=0.00..796071.18 rows=625570 width=0) (actual time=0.024..10549.928 rows=2554029 loops=1)
  Filter: ((person_id > 3129047) AND (role_id = 10))
  Rows Removed by Filter: 33690315
Planning time: 0.351 ms
Execution time: 10875.288 ms
