Hash Join  (cost=709679.22..736592.36 rows=265 width=0) (actual time=10282.243..10755.516 rows=3 loops=1)
  Hash Cond: (mi_idx.movie_id = t.id)
  ->  Seq Scan on movie_info_idx mi_idx  (cost=0.00..21735.35 rows=1380035 width=4) (actual time=0.018..307.266 rows=1380035 loops=1)
  ->  Hash  (cost=709673.15..709673.15 rows=486 width=8) (actual time=10198.845..10198.845 rows=331 loops=1)
        Buckets: 1024  Batches: 1  Memory Usage: 21kB
        ->  Nested Loop  (cost=0.43..709673.15 rows=486 width=8) (actual time=3162.775..10198.706 rows=331 loops=1)
              ->  Seq Scan on cast_info ci  (cost=0.00..705507.15 rows=500 width=4) (actual time=3162.697..10193.328 rows=331 loops=1)
                    Filter: (person_id = 261628)
                    Rows Removed by Filter: 36244013
              ->  Index Scan using title_pkey on title t  (cost=0.43..8.32 rows=1 width=4) (actual time=0.015..0.016 rows=1 loops=331)
                    Index Cond: (id = ci.movie_id)
                    Filter: (production_year > 0)
Planning time: 1.152 ms
Execution time: 10755.667 ms
