Hash Join  (cost=263115.61..419572.63 rows=2762042 width=0) (actual time=7020.810..15821.380 rows=21318711 loops=1)
  Hash Cond: (mk.movie_id = t.id)
  ->  Seq Scan on movie_keyword mk  (cost=0.00..81003.12 rows=2676716 width=4) (actual time=0.018..1647.763 rows=2664087 loops=1)
        Filter: (keyword_id > 3105)
        Rows Removed by Filter: 1859843
  ->  Hash  (cost=220309.49..220309.49 rows=2609129 width=8) (actual time=7019.016..7019.016 rows=2609129 loops=1)
        Buckets: 131072  Batches: 64  Memory Usage: 2691kB
        ->  Hash Join  (cost=102767.86..220309.49 rows=2609129 width=8) (actual time=1859.584..6111.976 rows=2609129 loops=1)
              Hash Cond: (mc.movie_id = t.id)
              ->  Seq Scan on movie_companies mc  (cost=0.00..44881.29 rows=2609129 width=4) (actual time=0.023..955.938 rows=2609129 loops=1)
              ->  Hash  (cost=61283.27..61283.27 rows=2528527 width=4) (actual time=1858.419..1858.419 rows=2528312 loops=1)
                    Buckets: 131072  Batches: 64  Memory Usage: 2415kB
                    ->  Seq Scan on title t  (cost=0.00..61283.27 rows=2528527 width=4) (actual time=0.015..1037.188 rows=2528312 loops=1)
Planning time: 0.698 ms
Execution time: 18330.592 ms
