Hash Join  (cost=73982.55..163701.60 rows=4146 width=0) (actual time=2023.873..2913.126 rows=2046 loops=1)
  Hash Cond: (mk.movie_id = t.id)
  ->  Seq Scan on movie_keyword mk  (cost=0.00..81003.12 rows=2313188 width=4) (actual time=0.027..1325.506 rows=2311083 loops=1)
        Filter: (keyword_id > 4472)
        Rows Removed by Filter: 2212847
  ->  Hash  (cost=73925.90..73925.90 rows=4532 width=4) (actual time=1227.933..1227.933 rows=7634 loops=1)
        Buckets: 8192  Batches: 1  Memory Usage: 333kB
        ->  Seq Scan on title t  (cost=0.00..73925.90 rows=4532 width=4) (actual time=0.029..1224.208 rows=7634 loops=1)
              Filter: ((kind_id = 7) AND (production_year = 1972))
              Rows Removed by Filter: 2520678
Planning time: 0.678 ms
Execution time: 2913.507 ms
