Hash Join  (cost=102767.86..244953.71 rows=2132106 width=0) (actual time=1881.183..5502.105 rows=2131493 loops=1)
  Hash Cond: (mk.movie_id = t.id)
  ->  Seq Scan on movie_keyword mk  (cost=0.00..81003.12 rows=2132106 width=4) (actual time=0.016..1691.299 rows=2131493 loops=1)
        Filter: (keyword_id > 5547)
        Rows Removed by Filter: 2392437
  ->  Hash  (cost=61283.27..61283.27 rows=2528527 width=4) (actual time=1879.721..1879.721 rows=2528312 loops=1)
        Buckets: 131072  Batches: 64  Memory Usage: 2425kB
        ->  Seq Scan on title t  (cost=0.00..61283.27 rows=2528527 width=4) (actual time=0.022..1006.159 rows=2528312 loops=1)
Planning time: 3.528 ms
Execution time: 5744.148 ms
