Hash Join  (cost=74384.42..161698.73 rows=65628 width=0) (actual time=1184.655..2843.231 rows=109739 loops=1)
  Hash Cond: (mk.movie_id = t.id)
  ->  Seq Scan on movie_keyword mk  (cost=0.00..69693.30 rows=4523930 width=4) (actual time=0.015..841.447 rows=4523930 loops=1)
  ->  Hash  (cost=73925.90..73925.90 rows=36681 width=4) (actual time=1184.257..1184.257 rows=24195 loops=1)
        Buckets: 65536  Batches: 1  Memory Usage: 1363kB
        ->  Seq Scan on title t  (cost=0.00..73925.90 rows=36681 width=4) (actual time=0.030..1174.199 rows=24195 loops=1)
              Filter: ((kind_id < 4) AND (production_year = 2006))
              Rows Removed by Filter: 2504117
Planning time: 0.525 ms
Execution time: 2856.705 ms
