Hash Join  (cost=156649.15..1127136.73 rows=3610797 width=0) (actual time=3199.752..29020.930 rows=7548747 loops=1)
  Hash Cond: (ci.movie_id = t.id)
  ->  Seq Scan on cast_info ci  (cost=0.00..705507.15 rows=19637189 width=4) (actual time=0.019..14459.344 rows=19525224 loops=1)
        Filter: (person_id < 1955353)
        Rows Removed by Filter: 16719120
  ->  Hash  (cost=149020.47..149020.47 rows=464934 width=8) (actual time=3199.044..3199.044 rows=460185 loops=1)
        Buckets: 131072  Batches: 8  Memory Usage: 3276kB
        ->  Hash Join  (cost=102767.86..149020.47 rows=464934 width=8) (actual time=1912.928..3083.996 rows=460185 loops=1)
              Hash Cond: (mi_idx.movie_id = t.id)
              ->  Seq Scan on movie_info_idx mi_idx  (cost=0.00..25185.44 rows=464934 width=4) (actual time=0.012..476.596 rows=460185 loops=1)
                    Filter: (info_type_id > 100)
                    Rows Removed by Filter: 919850
              ->  Hash  (cost=61283.27..61283.27 rows=2528527 width=4) (actual time=1911.534..1911.534 rows=2528312 loops=1)
                    Buckets: 131072  Batches: 64  Memory Usage: 2415kB
                    ->  Seq Scan on title t  (cost=0.00..61283.27 rows=2528527 width=4) (actual time=0.018..1098.387 rows=2528312 loops=1)
Planning time: 1.940 ms
Execution time: 29869.603 ms
