Seq Scan on movie_companies mc  (cost=0.00..51404.11 rows=2052792 width=0) (actual time=0.017..1030.408 rows=2048648 loops=1)
  Filter: (company_id < 71613)
  Rows Removed by Filter: 560481
Planning time: 0.353 ms
Execution time: 1297.780 ms
