Hash Join  (cost=28268.13..119535.74 rows=122 width=0) (actual time=418.516..2155.130 rows=13920 loops=1)
  Hash Cond: (mk.movie_id = t.id)
  ->  Seq Scan on movie_keyword mk  (cost=0.00..81003.12 rows=2736871 width=4) (actual time=0.031..1401.767 rows=2726049 loops=1)
        Filter: (keyword_id > 2905)
        Rows Removed by Filter: 1797881
  ->  Hash  (cost=28266.72..28266.72 rows=113 width=8) (actual time=415.565..415.565 rows=149 loops=1)
        Buckets: 1024  Batches: 1  Memory Usage: 14kB
        ->  Nested Loop  (cost=0.43..28266.72 rows=113 width=8) (actual time=53.999..415.478 rows=149 loops=1)
              ->  Seq Scan on movie_info_idx mi_idx  (cost=0.00..25185.44 rows=368 width=4) (actual time=53.883..407.234 rows=260 loops=1)
                    Filter: (info_type_id > 101)
                    Rows Removed by Filter: 1379775
              ->  Index Scan using title_pkey on title t  (cost=0.43..8.36 rows=1 width=4) (actual time=0.031..0.031 rows=1 loops=260)
                    Index Cond: (id = mi_idx.movie_id)
                    Filter: (production_year < 1994)
                    Rows Removed by Filter: 0
Planning time: 1.098 ms
Execution time: 2156.917 ms
