Hash Join  (cost=102767.86..256536.20 rows=2613490 width=0) (actual time=2344.624..5980.440 rows=2605072 loops=1)
  Hash Cond: (mk.movie_id = t.id)
  ->  Seq Scan on movie_keyword mk  (cost=0.00..81003.12 rows=2613490 width=4) (actual time=0.024..1672.822 rows=2605072 loops=1)
        Filter: (keyword_id > 3305)
        Rows Removed by Filter: 1918858
  ->  Hash  (cost=61283.27..61283.27 rows=2528527 width=4) (actual time=2341.100..2341.100 rows=2528312 loops=1)
        Buckets: 131072  Batches: 64  Memory Usage: 2425kB
        ->  Seq Scan on title t  (cost=0.00..61283.27 rows=2528527 width=4) (actual time=0.014..1172.669 rows=2528312 loops=1)
Planning time: 0.673 ms
Execution time: 6216.161 ms
