Seq Scan on title t  (cost=0.00..73925.90 rows=116150 width=0) (actual time=236.899..1168.745 rows=248210 loops=1)
  Filter: ((production_year < 1975) AND (kind_id = 1))
  Rows Removed by Filter: 2280102
Planning time: 0.333 ms
Execution time: 1201.174 ms
