Nested Loop  (cost=0.43..83072.29 rows=59 width=0) (actual time=2.721..1365.563 rows=234 loops=1)
  ->  Seq Scan on movie_keyword mk  (cost=0.00..81003.12 rows=246 width=4) (actual time=0.650..1347.227 rows=495 loops=1)
        Filter: (keyword_id = 8478)
        Rows Removed by Filter: 4523435
  ->  Index Scan using title_pkey on title t  (cost=0.43..8.40 rows=1 width=4) (actual time=0.035..0.035 rows=0 loops=495)
        Index Cond: (id = mk.movie_id)
        Filter: (production_year < 1986)
        Rows Removed by Filter: 1
Planning time: 0.529 ms
Execution time: 1365.811 ms
