Hash Join  (cost=107058.56..630188.66 rows=7136413 width=0) (actual time=2151.947..15595.819 rows=7376368 loops=1)
  Hash Cond: (mi.movie_id = t.id)
  ->  Seq Scan on movie_info mi  (cost=0.00..346232.03 rows=7503588 width=4) (actual time=0.021..6804.416 rows=7548855 loops=1)
        Filter: (info_type_id > 7)
        Rows Removed by Filter: 7286865
  ->  Hash  (cost=67604.59..67604.59 rows=2404798 width=4) (actual time=2150.546..2150.546 rows=2396371 loops=1)
        Buckets: 131072  Batches: 32  Memory Usage: 3667kB
        ->  Seq Scan on title t  (cost=0.00..67604.59 rows=2404798 width=4) (actual time=0.018..1390.432 rows=2396371 loops=1)
              Filter: (production_year > 1914)
              Rows Removed by Filter: 131941
Planning time: 5.821 ms
Execution time: 16452.559 ms
