Seq Scan on movie_keyword mk  (cost=0.00..81003.12 rows=3819156 width=0) (actual time=0.013..1557.770 rows=3816378 loops=1)
  Filter: (keyword_id > 594)
  Rows Removed by Filter: 707552
Planning time: 0.315 ms
Execution time: 2029.260 ms
