Hash Join  (cost=83074.16..913567.38 rows=544 width=0) (actual time=5083.385..16814.776 rows=182 loops=1)
  Hash Cond: (ci.movie_id = t.id)
  ->  Seq Scan on cast_info ci  (cost=0.00..796071.18 rows=9177759 width=4) (actual time=3742.393..14104.556 rows=11762587 loops=1)
        Filter: ((person_id > 1538801) AND (role_id > 2))
        Rows Removed by Filter: 24481757
  ->  Hash  (cost=83072.29..83072.29 rows=150 width=8) (actual time=1242.626..1242.626 rows=16 loops=1)
        Buckets: 1024  Batches: 1  Memory Usage: 9kB
        ->  Nested Loop  (cost=0.43..83072.29 rows=150 width=8) (actual time=689.461..1242.591 rows=16 loops=1)
              ->  Seq Scan on movie_keyword mk  (cost=0.00..81003.12 rows=246 width=4) (actual time=5.427..1237.533 rows=80 loops=1)
                    Filter: (keyword_id = 4638)
                    Rows Removed by Filter: 4523850
              ->  Index Scan using title_pkey on title t  (cost=0.43..8.40 rows=1 width=4) (actual time=0.058..0.058 rows=0 loops=80)
                    Index Cond: (id = mk.movie_id)
                    Filter: (kind_id = 7)
                    Rows Removed by Filter: 1
Planning time: 3.064 ms
Execution time: 16815.078 ms
