Hash Join  (cost=156632.57..249299.08 rows=135032 width=0) (actual time=3391.560..5216.997 rows=509216 loops=1)
  Hash Cond: (mk.movie_id = t.id)
  ->  Seq Scan on movie_keyword mk  (cost=0.00..81003.12 rows=734951 width=4) (actual time=0.030..1347.342 rows=735909 loops=1)
        Filter: (keyword_id < 660)
        Rows Removed by Filter: 3788021
  ->  Hash  (cost=149010.49..149010.49 rows=464566 width=8) (actual time=3390.684..3390.684 rows=459925 loops=1)
        Buckets: 131072  Batches: 8  Memory Usage: 3284kB
        ->  Hash Join  (cost=102767.86..149010.49 rows=464566 width=8) (actual time=1900.358..3237.652 rows=459925 loops=1)
              Hash Cond: (mi_idx.movie_id = t.id)
              ->  Seq Scan on movie_info_idx mi_idx  (cost=0.00..25185.44 rows=464566 width=4) (actual time=0.015..486.076 rows=459925 loops=1)
                    Filter: (info_type_id = 101)
                    Rows Removed by Filter: 920110
              ->  Hash  (cost=61283.27..61283.27 rows=2528527 width=4) (actual time=1899.438..1899.438 rows=2528312 loops=1)
                    Buckets: 131072  Batches: 64  Memory Usage: 2415kB
                    ->  Seq Scan on title t  (cost=0.00..61283.27 rows=2528527 width=4) (actual time=0.009..1056.433 rows=2528312 loops=1)
Planning time: 1.155 ms
Execution time: 5264.741 ms
