Hash Join  (cost=190230.21..1015977.71 rows=778700 width=0) (actual time=4536.967..20375.658 rows=1286802 loops=1)
  Hash Cond: (ci.movie_id = t.id)
  ->  Seq Scan on cast_info ci  (cost=0.00..796071.18 rows=1426750 width=4) (actual time=0.016..14540.460 rows=1528732 loops=1)
        Filter: ((person_id > 1700212) AND (role_id = 4))
        Rows Removed by Filter: 34715612
  ->  Hash  (cost=167588.78..167588.78 rows=1380035 width=8) (actual time=4536.023..4536.023 rows=1380035 loops=1)
        Buckets: 131072  Batches: 32  Memory Usage: 2708kB
        ->  Hash Join  (cost=102767.86..167588.78 rows=1380035 width=8) (actual time=1966.225..4142.986 rows=1380035 loops=1)
              Hash Cond: (mi_idx.movie_id = t.id)
              ->  Seq Scan on movie_info_idx mi_idx  (cost=0.00..21735.35 rows=1380035 width=4) (actual time=0.020..445.777 rows=1380035 loops=1)
              ->  Hash  (cost=61283.27..61283.27 rows=2528527 width=4) (actual time=1965.349..1965.349 rows=2528312 loops=1)
                    Buckets: 131072  Batches: 64  Memory Usage: 2415kB
                    ->  Seq Scan on title t  (cost=0.00..61283.27 rows=2528527 width=4) (actual time=0.014..1149.851 rows=2528312 loops=1)
Planning time: 1.267 ms
Execution time: 20533.357 ms
