Hash Join  (cost=485262.73..525993.34 rows=236971 width=0) (actual time=8838.980..10165.336 rows=753328 loops=1)
  Hash Cond: (mi_idx.movie_id = t.id)
  ->  Seq Scan on movie_info_idx mi_idx  (cost=0.00..25185.44 rows=919057 width=4) (actual time=0.023..582.749 rows=920110 loops=1)
        Filter: (info_type_id > 99)
        Rows Removed by Filter: 459925
  ->  Hash  (cost=474566.23..474566.23 rows=651960 width=8) (actual time=8838.070..8838.070 rows=660923 loops=1)
        Buckets: 131072  Batches: 16  Memory Usage: 2614kB
        ->  Hash Join  (cost=102767.86..474566.23 rows=651960 width=8) (actual time=6756.810..8627.019 rows=660923 loops=1)
              Hash Cond: (mi.movie_id = t.id)
              ->  Seq Scan on movie_info mi  (cost=0.00..346232.03 rows=651960 width=4) (actual time=4639.016..5521.893 rows=660923 loops=1)
                    Filter: (info_type_id = 18)
                    Rows Removed by Filter: 14174797
              ->  Hash  (cost=61283.27..61283.27 rows=2528527 width=4) (actual time=2116.894..2116.894 rows=2528312 loops=1)
                    Buckets: 131072  Batches: 64  Memory Usage: 2425kB
                    ->  Seq Scan on title t  (cost=0.00..61283.27 rows=2528527 width=4) (actual time=0.021..1239.322 rows=2528312 loops=1)
Planning time: 1.164 ms
Execution time: 10259.731 ms
