Hash Join  (cost=516395.92..1546556.25 rows=10033490 width=0) (actual time=11334.997..46492.212 rows=27669669 loops=1)
  Hash Cond: (ci.movie_id = t.id)
  ->  Seq Scan on cast_info ci  (cost=0.00..705507.15 rows=18948081 width=4) (actual time=0.014..14695.613 rows=18860191 loops=1)
        Filter: (person_id < 1878831)
        Rows Removed by Filter: 17384153
  ->  Hash  (cost=494428.43..494428.43 rows=1338919 width=8) (actual time=11332.935..11332.935 rows=2987721 loops=1)
        Buckets: 131072 (originally 131072)  Batches: 64 (originally 32)  Memory Usage: 3073kB
        ->  Hash Join  (cost=89253.38..494428.43 rows=1338919 width=8) (actual time=2009.270..10427.608 rows=2987721 loops=1)
              Hash Cond: (mi.movie_id = t.id)
              ->  Seq Scan on movie_info mi  (cost=0.00..346232.03 rows=3623957 width=4) (actual time=455.172..5251.471 rows=3624977 loops=1)
                    Filter: (info_type_id < 4)
                    Rows Removed by Filter: 11210743
              ->  Hash  (cost=73925.90..73925.90 rows=934198 width=4) (actual time=1553.284..1553.284 rows=950693 loops=1)
                    Buckets: 131072  Batches: 16  Memory Usage: 3123kB
                    ->  Seq Scan on title t  (cost=0.00..73925.90 rows=934198 width=4) (actual time=0.040..1259.549 rows=950693 loops=1)
                          Filter: ((kind_id < 7) AND (production_year < 2013))
                          Rows Removed by Filter: 1577619
Planning time: 1.428 ms
Execution time: 49629.296 ms
