Seq Scan on movie_companies mc  (cost=0.00..51404.11 rows=104 width=0) (actual time=39.656..910.487 rows=42 loops=1)
  Filter: (company_id = 40531)
  Rows Removed by Filter: 2609087
Planning time: 0.373 ms
Execution time: 910.583 ms
