Hash Join  (cost=83816.22..202587.82 rows=605361 width=0) (actual time=1499.401..5314.761 rows=1300565 loops=1)
  Hash Cond: (mk.movie_id = t.id)
  ->  Seq Scan on movie_keyword mk  (cost=0.00..81003.12 rows=2539164 width=4) (actual time=0.010..1673.112 rows=2532569 loops=1)
        Filter: (keyword_id < 6302)
        Rows Removed by Filter: 1991361
  ->  Hash  (cost=73925.90..73925.90 rows=602825 width=4) (actual time=1498.597..1498.597 rows=487361 loops=1)
        Buckets: 131072  Batches: 8  Memory Usage: 3188kB
        ->  Seq Scan on title t  (cost=0.00..73925.90 rows=602825 width=4) (actual time=20.516..1346.426 rows=487361 loops=1)
              Filter: ((production_year > 1952) AND (kind_id = 1))
              Rows Removed by Filter: 2040951
Planning time: 0.481 ms
Execution time: 5456.894 ms
