Hash Join  (cost=161904.05..527153.15 rows=59318 width=0) (actual time=2570.329..7445.436 rows=1114662 loops=1)
  Hash Cond: (mi.movie_id = t.id)
  ->  Seq Scan on movie_info mi  (cost=0.00..309384.22 rows=14739122 width=4) (actual time=0.012..2522.054 rows=14835720 loops=1)
  ->  Hash  (cost=161776.85..161776.85 rows=10176 width=8) (actual time=2570.172..2570.172 rows=25818 loops=1)
        Buckets: 32768 (originally 16384)  Batches: 1 (originally 1)  Memory Usage: 1265kB
        ->  Hash Join  (cost=67697.55..161776.85 rows=10176 width=8) (actual time=991.762..2563.055 rows=25818 loops=1)
              Hash Cond: (mk.movie_id = t.id)
              ->  Seq Scan on movie_keyword mk  (cost=0.00..81003.12 rows=3459844 width=4) (actual time=0.023..1147.966 rows=3449902 loops=1)
                    Filter: (keyword_id < 16450)
                    Rows Removed by Filter: 1074028
              ->  Hash  (cost=67604.59..67604.59 rows=7437 width=4) (actual time=991.552..991.552 rows=13736 loops=1)
                    Buckets: 16384 (originally 8192)  Batches: 1 (originally 1)  Memory Usage: 611kB
                    ->  Seq Scan on title t  (cost=0.00..67604.59 rows=7437 width=4) (actual time=0.026..985.291 rows=13736 loops=1)
                          Filter: (production_year = 1974)
                          Rows Removed by Filter: 2514576
Planning time: 2.699 ms
Execution time: 7560.361 ms
