Seq Scan on movie_keyword mk  (cost=0.00..81003.12 rows=436587 width=0) (actual time=0.026..1318.698 rows=432023 loops=1)
  Filter: (keyword_id > 40554)
  Rows Removed by Filter: 4091907
Planning time: 0.298 ms
Execution time: 1373.672 ms
