Seq Scan on cast_info ci  (cost=0.00..796071.18 rows=80 width=0) (actual time=4861.097..12218.054 rows=6 loops=1)
  Filter: ((role_id > 8) AND (person_id = 2760076))
  Rows Removed by Filter: 36244338
Planning time: 0.514 ms
Execution time: 12218.147 ms
