Seq Scan on cast_info ci  (cost=0.00..796071.18 rows=4196645 width=0) (actual time=7936.531..13556.661 rows=2106010 loops=1)
  Filter: ((person_id < 1576718) AND (role_id > 4))
  Rows Removed by Filter: 34138334
Planning time: 0.343 ms
Execution time: 13821.567 ms
