Seq Scan on movie_keyword mk  (cost=0.00..81003.12 rows=1879334 width=0) (actual time=0.018..1637.288 rows=1887483 loops=1)
  Filter: (keyword_id > 7253)
  Rows Removed by Filter: 2636447
Planning time: 0.306 ms
Execution time: 1886.303 ms
