Seq Scan on movie_keyword mk  (cost=0.00..81003.12 rows=3801252 width=0) (actual time=0.014..1412.298 rows=3796807 loops=1)
  Filter: (keyword_id < 25798)
  Rows Removed by Filter: 727123
Planning time: 0.220 ms
Execution time: 1853.926 ms
