Seq Scan on movie_companies mc  (cost=0.00..57926.93 rows=336501 width=0) (actual time=239.702..882.539 rows=641122 loops=1)
  Filter: ((company_id > 51430) AND (company_type_id > 1))
  Rows Removed by Filter: 1968007
Planning time: 0.303 ms
Execution time: 956.003 ms
