Hash Join  (cost=83073.30..447731.10 rows=185 width=0) (actual time=5870.587..8661.175 rows=1 loops=1)
  Hash Cond: (mi.movie_id = t.id)
  ->  Seq Scan on movie_info mi  (cost=0.00..309384.22 rows=14739122 width=4) (actual time=0.008..4754.031 rows=14835720 loops=1)
  ->  Hash  (cost=83072.90..83072.90 rows=32 width=8) (actual time=1222.498..1222.498 rows=1 loops=1)
        Buckets: 1024  Batches: 1  Memory Usage: 9kB
        ->  Nested Loop  (cost=0.43..83072.90 rows=32 width=8) (actual time=1109.214..1222.490 rows=1 loops=1)
              ->  Seq Scan on movie_keyword mk  (cost=0.00..81003.12 rows=246 width=4) (actual time=48.043..1214.905 rows=57 loops=1)
                    Filter: (keyword_id = 37412)
                    Rows Removed by Filter: 4523873
              ->  Index Scan using title_pkey on title t  (cost=0.43..8.40 rows=1 width=4) (actual time=0.129..0.129 rows=0 loops=57)
                    Index Cond: (id = mk.movie_id)
                    Filter: ((production_year > 2009) AND (kind_id = 7))
                    Rows Removed by Filter: 1
Planning time: 5.251 ms
Execution time: 8661.476 ms
