Hash Join  (cost=156374.91..1105878.61 rows=942849 width=0) (actual time=9272.850..30645.160 rows=6765563 loops=1)
  Hash Cond: (ci.movie_id = t.id)
  ->  Seq Scan on cast_info ci  (cost=0.00..796071.18 rows=12389341 width=4) (actual time=5361.439..15917.633 rows=16774071 loops=1)
        Filter: ((person_id < 2268369) AND (role_id < 3))
        Rows Removed by Filter: 19470273
  ->  Hash  (cost=153217.60..153217.60 rows=192425 width=8) (actual time=3910.383..3910.383 rows=611787 loops=1)
        Buckets: 131072 (originally 131072)  Batches: 8 (originally 4)  Memory Usage: 4027kB
        ->  Hash Join  (cost=83810.17..153217.60 rows=192425 width=8) (actual time=2082.324..3723.615 rows=611787 loops=1)
              Hash Cond: (mc.movie_id = t.id)
              ->  Seq Scan on movie_companies mc  (cost=0.00..57926.93 rows=492598 width=4) (actual time=426.939..1064.830 rows=808200 loops=1)
                    Filter: ((company_id > 17460) AND (company_type_id > 1))
                    Rows Removed by Filter: 1800929
              ->  Hash  (cost=67604.59..67604.59 rows=987727 width=4) (actual time=1654.514..1654.514 rows=985048 loops=1)
                    Buckets: 131072  Batches: 16  Memory Usage: 3188kB
                    ->  Seq Scan on title t  (cost=0.00..67604.59 rows=987727 width=4) (actual time=0.030..1338.587 rows=985048 loops=1)
                          Filter: (kind_id < 7)
                          Rows Removed by Filter: 1543264
Planning time: 13.606 ms
Execution time: 31490.223 ms
