Hash Join  (cost=132923.61..260460.51 rows=454286 width=0) (actual time=2899.296..6979.797 rows=1415359 loops=1)
  Hash Cond: (mk.movie_id = t.id)
  ->  Seq Scan on movie_keyword mk  (cost=0.00..69693.30 rows=4523930 width=4) (actual time=0.015..1512.396 rows=4523930 loops=1)
  ->  Hash  (cost=128757.72..128757.72 rows=253911 width=8) (actual time=2898.612..2898.612 rows=221388 loops=1)
        Buckets: 131072  Batches: 4  Memory Usage: 3188kB
        ->  Hash Join  (cost=90260.67..128757.72 rows=253911 width=8) (actual time=1760.133..2825.342 rows=221388 loops=1)
              Hash Cond: (mi_idx.movie_id = t.id)
              ->  Seq Scan on movie_info_idx mi_idx  (cost=0.00..25185.44 rows=464934 width=4) (actual time=0.023..481.169 rows=460185 loops=1)
                    Filter: (info_type_id > 100)
                    Rows Removed by Filter: 919850
              ->  Hash  (cost=67604.59..67604.59 rows=1380887 width=4) (actual time=1758.736..1758.736 rows=1381453 loops=1)
                    Buckets: 131072  Batches: 32  Memory Usage: 2543kB
                    ->  Seq Scan on title t  (cost=0.00..67604.59 rows=1380887 width=4) (actual time=0.019..1274.199 rows=1381453 loops=1)
                          Filter: (production_year > 2000)
                          Rows Removed by Filter: 1146859
Planning time: 1.140 ms
Execution time: 7126.787 ms
