Hash Join  (cost=73930.13..160594.22 rows=605 width=0) (actual time=863.080..2621.747 rows=200 loops=1)
  Hash Cond: (mk.movie_id = t.id)
  ->  Seq Scan on movie_keyword mk  (cost=0.00..69693.30 rows=4523930 width=4) (actual time=0.019..952.443 rows=4523930 loops=1)
  ->  Hash  (cost=73925.90..73925.90 rows=338 width=4) (actual time=863.019..863.019 rows=152 loops=1)
        Buckets: 1024  Batches: 1  Memory Usage: 14kB
        ->  Seq Scan on title t  (cost=0.00..73925.90 rows=338 width=4) (actual time=2.732..862.895 rows=152 loops=1)
              Filter: ((production_year > 2012) AND (kind_id = 6))
              Rows Removed by Filter: 2528160
Planning time: 0.705 ms
Execution time: 2621.887 ms
