Seq Scan on title t  (cost=0.00..73925.90 rows=746001 width=0) (actual time=0.016..1226.839 rows=639605 loops=1)
  Filter: ((kind_id < 4) AND (production_year > 1962))
  Rows Removed by Filter: 1888707
Planning time: 0.333 ms
Execution time: 1311.064 ms
