Hash Join  (cost=320987.28..1272929.81 rows=11288020 width=0) (actual time=7506.646..28964.963 rows=13779479 loops=1)
  Hash Cond: (ci.movie_id = t.id)
  ->  Seq Scan on cast_info ci  (cost=0.00..705507.15 rows=8572187 width=4) (actual time=912.697..14390.128 rows=8486314 loops=1)
        Filter: (role_id > 5)
        Rows Removed by Filter: 27758030
  ->  Hash  (cost=266360.12..266360.12 rows=3329613 width=8) (actual time=6592.167..6592.167 rows=1637255 loops=1)
        Buckets: 131072  Batches: 64  Memory Usage: 2002kB
        ->  Hash Join  (cost=98137.04..266360.12 rows=3329613 width=8) (actual time=1947.668..6101.685 rows=1637255 loops=1)
              Hash Cond: (mk.movie_id = t.id)
              ->  Seq Scan on movie_keyword mk  (cost=0.00..69693.30 rows=4523930 width=4) (actual time=0.030..1428.230 rows=4523930 loops=1)
              ->  Hash  (cost=67604.59..67604.59 rows=1860996 width=4) (actual time=1945.960..1945.960 rows=1865487 loops=1)
                    Buckets: 131072  Batches: 32  Memory Usage: 3085kB
                    ->  Seq Scan on title t  (cost=0.00..67604.59 rows=1860996 width=4) (actual time=0.026..1317.711 rows=1865487 loops=1)
                          Filter: (kind_id > 1)
                          Rows Removed by Filter: 662825
Planning time: 1.134 ms
Execution time: 30611.274 ms
