Hash Join  (cost=171024.02..967795.21 rows=70003 width=0) (actual time=3029.839..20987.630 rows=997999 loops=1)
  Hash Cond: (ci.movie_id = t.id)
  ->  Seq Scan on cast_info ci  (cost=0.00..614943.12 rows=36225612 width=4) (actual time=0.004..9507.759 rows=36244344 loops=1)
  ->  Hash  (cost=170962.95..170962.95 rows=4886 width=8) (actual time=3029.618..3029.618 rows=26744 loops=1)
        Buckets: 32768 (originally 8192)  Batches: 1 (originally 1)  Memory Usage: 1301kB
        ->  Hash Join  (cost=73962.22..170962.95 rows=4886 width=8) (actual time=1070.173..3021.077 rows=26744 loops=1)
              Hash Cond: (mk.movie_id = t.id)
              ->  Seq Scan on movie_keyword mk  (cost=0.00..81003.12 rows=4252998 width=4) (actual time=0.017..1382.912 rows=4252868 loops=1)
                    Filter: (keyword_id < 58166)
                    Rows Removed by Filter: 271062
              ->  Hash  (cost=73925.90..73925.90 rows=2905 width=4) (actual time=1065.614..1065.614 rows=6330 loops=1)
                    Buckets: 8192 (originally 4096)  Batches: 1 (originally 1)  Memory Usage: 287kB
                    ->  Seq Scan on title t  (cost=0.00..73925.90 rows=2905 width=4) (actual time=0.062..1062.535 rows=6330 loops=1)
                          Filter: ((kind_id < 7) AND (production_year = 1978))
                          Rows Removed by Filter: 2521982
Planning time: 1.100 ms
Execution time: 21137.101 ms
