Hash Join  (cost=142430.23..904100.00 rows=1088060 width=0) (actual time=2902.070..28017.994 rows=2131473 loops=1)
  Hash Cond: (ci.movie_id = t.id)
  ->  Seq Scan on cast_info ci  (cost=0.00..614943.12 rows=36225612 width=4) (actual time=0.018..8817.636 rows=36244344 loops=1)
  ->  Hash  (cost=141480.91..141480.91 rows=75946 width=8) (actual time=2901.242..2901.242 rows=138814 loops=1)
        Buckets: 131072 (originally 131072)  Batches: 2 (originally 1)  Memory Usage: 3725kB
        ->  Hash Join  (cost=69484.36..141480.91 rows=75946 width=8) (actual time=1140.956..2847.197 rows=138814 loops=1)
              Hash Cond: (mc.movie_id = t.id)
              ->  Seq Scan on movie_companies mc  (cost=0.00..51404.11 rows=1676526 width=4) (actual time=0.017..1030.452 rows=1677234 loops=1)
                    Filter: (company_id > 3349)
                    Rows Removed by Filter: 931895
              ->  Hash  (cost=67604.59..67604.59 rows=114542 width=4) (actual time=1140.190..1140.190 rows=118234 loops=1)
                    Buckets: 131072  Batches: 2  Memory Usage: 3101kB
                    ->  Seq Scan on title t  (cost=0.00..67604.59 rows=114542 width=4) (actual time=0.017..1098.745 rows=118234 loops=1)
                          Filter: (kind_id = 4)
                          Rows Removed by Filter: 2410078
Planning time: 1.191 ms
Execution time: 28281.657 ms
