Hash Join  (cost=83113.43..225814.37 rows=956580 width=0) (actual time=1380.026..5435.504 rows=1621917 loops=1)
  Hash Cond: (mk.movie_id = t.id)
  ->  Seq Scan on movie_keyword mk  (cost=0.00..81003.12 rows=4319470 width=4) (actual time=0.024..1838.736 rows=4302531 loops=1)
        Filter: (keyword_id > 171)
        Rows Removed by Filter: 221399
  ->  Hash  (cost=73925.90..73925.90 rows=559962 width=4) (actual time=1379.069..1379.069 rows=477167 loops=1)
        Buckets: 131072  Batches: 8  Memory Usage: 3126kB
        ->  Seq Scan on title t  (cost=0.00..73925.90 rows=559962 width=4) (actual time=0.018..1221.338 rows=477167 loops=1)
              Filter: ((kind_id < 7) AND (production_year > 1999))
              Rows Removed by Filter: 2051145
Planning time: 0.714 ms
Execution time: 5633.246 ms
