Seq Scan on movie_info mi  (cost=0.00..346232.03 rows=17937 width=75) (actual time=2443.982..4964.020 rows=6620 loops=1)
  Filter: (info_type_id = 65)
  Rows Removed by Filter: 14829100
Planning time: 0.482 ms
Execution time: 4964.469 ms
