Hash Join  (cost=150269.10..664554.89 rows=3231386 width=0) (actual time=3386.353..17946.697 rows=7178198 loops=1)
  Hash Cond: (mi.movie_id = t.id)
  ->  Seq Scan on movie_info mi  (cost=0.00..309384.22 rows=14739122 width=4) (actual time=0.019..5869.349 rows=14835720 loops=1)
  ->  Hash  (cost=141173.71..141173.71 rows=554351 width=8) (actual time=3385.460..3385.460 rows=505786 loops=1)
        Buckets: 131072  Batches: 8  Memory Usage: 3506kB
        ->  Hash Join  (cost=92735.26..141173.71 rows=554351 width=8) (actual time=1809.171..3223.456 rows=505786 loops=1)
              Hash Cond: (mi_idx.movie_id = t.id)
              ->  Seq Scan on movie_info_idx mi_idx  (cost=0.00..25185.44 rows=915101 width=4) (actual time=0.025..533.978 rows=919850 loops=1)
                    Filter: (info_type_id < 101)
                    Rows Removed by Filter: 460185
              ->  Hash  (cost=67604.59..67604.59 rows=1531734 width=4) (actual time=1807.887..1807.887 rows=1531613 loops=1)
                    Buckets: 131072  Batches: 32  Memory Usage: 2708kB
                    ->  Seq Scan on title t  (cost=0.00..67604.59 rows=1531734 width=4) (actual time=0.017..1292.018 rows=1531613 loops=1)
                          Filter: (production_year > 1997)
                          Rows Removed by Filter: 996699
Planning time: 1.110 ms
Execution time: 18822.548 ms
