Seq Scan on cast_info ci  (cost=0.00..796071.18 rows=332 width=0) (actual time=12892.731..13691.479 rows=2 loops=1)
  Filter: ((role_id < 4) AND (person_id = 1727615))
  Rows Removed by Filter: 36244342
Planning time: 0.375 ms
Execution time: 13691.579 ms
