Seq Scan on cast_info ci  (cost=0.00..796071.18 rows=2736086 width=0) (actual time=4311.930..12327.657 rows=1671688 loops=1)
  Filter: ((person_id < 582008) AND (role_id > 2))
  Rows Removed by Filter: 34572656
Planning time: 0.399 ms
Execution time: 12564.444 ms
