Seq Scan on movie_keyword mk  (cost=0.00..81003.12 rows=246 width=0) (actual time=238.739..1331.985 rows=24 loops=1)
  Filter: (keyword_id = 24471)
  Rows Removed by Filter: 4523906
Planning time: 0.337 ms
Execution time: 1332.085 ms
