Nested Loop  (cost=0.43..69246.52 rows=2261 width=0) (actual time=0.104..830.931 rows=2437 loops=1)
  ->  Seq Scan on movie_companies mc  (cost=0.00..51404.11 rows=2261 width=4) (actual time=0.061..780.242 rows=2437 loops=1)
        Filter: (company_id = 3139)
        Rows Removed by Filter: 2606692
  ->  Index Only Scan using title_pkey on title t  (cost=0.43..7.88 rows=1 width=4) (actual time=0.020..0.020 rows=1 loops=2437)
        Index Cond: (id = mc.movie_id)
        Heap Fetches: 2437
Planning time: 3.026 ms
Execution time: 831.578 ms
