Hash Join  (cost=83074.74..436098.92 rows=176 width=0) (actual time=2097.113..7504.250 rows=17737 loops=1)
  Hash Cond: (mi.movie_id = t.id)
  ->  Seq Scan on movie_info mi  (cost=0.00..346232.03 rows=1810770 width=4) (actual time=735.859..5841.962 rows=1865632 loops=1)
        Filter: (info_type_id > 17)
        Rows Removed by Filter: 12970088
  ->  Hash  (cost=83071.67..83071.67 rows=246 width=8) (actual time=1350.608..1350.608 rows=1339 loops=1)
        Buckets: 2048 (originally 1024)  Batches: 1 (originally 1)  Memory Usage: 69kB
        ->  Nested Loop  (cost=0.43..83071.67 rows=246 width=8) (actual time=0.237..1349.551 rows=1339 loops=1)
              ->  Seq Scan on movie_keyword mk  (cost=0.00..81003.12 rows=246 width=4) (actual time=0.140..1307.568 rows=1339 loops=1)
                    Filter: (keyword_id = 4834)
                    Rows Removed by Filter: 4522591
              ->  Index Only Scan using title_pkey on title t  (cost=0.43..8.40 rows=1 width=4) (actual time=0.030..0.030 rows=1 loops=1339)
                    Index Cond: (id = mk.movie_id)
                    Heap Fetches: 1339
Planning time: 1.308 ms
Execution time: 7506.998 ms
