Seq Scan on cast_info ci  (cost=0.00..705507.15 rows=31113861 width=0) (actual time=0.028..13308.185 rows=31239611 loops=1)
  Filter: (person_id > 484487)
  Rows Removed by Filter: 5004733
Planning time: 0.397 ms
Execution time: 17081.680 ms
