Hash Join  (cost=79374.89..159149.07 rows=342665 width=0) (actual time=1312.277..3549.513 rows=467122 loops=1)
  Hash Cond: (mc.movie_id = t.id)
  ->  Seq Scan on movie_companies mc  (cost=0.00..44881.29 rows=2609129 width=4) (actual time=0.016..911.988 rows=2609129 loops=1)
  ->  Hash  (cost=73925.90..73925.90 rows=332079 width=4) (actual time=1311.567..1311.567 rows=269283 loops=1)
        Buckets: 131072  Batches: 8  Memory Usage: 2207kB
        ->  Seq Scan on title t  (cost=0.00..73925.90 rows=332079 width=4) (actual time=0.028..1219.285 rows=269283 loops=1)
              Filter: ((kind_id < 3) AND (production_year > 2004))
              Rows Removed by Filter: 2259029
Planning time: 0.631 ms
Execution time: 3609.018 ms
