Hash Join  (cost=92883.59..167630.56 rows=348089 width=0) (actual time=2470.972..4300.955 rows=315155 loops=1)
  Hash Cond: (mc.movie_id = t.id)
  ->  Seq Scan on movie_companies mc  (cost=0.00..57926.93 rows=571230 width=4) (actual time=0.025..1043.021 rows=780891 loops=1)
        Filter: ((company_id < 9452) AND (company_type_id < 2))
        Rows Removed by Filter: 1828238
  ->  Hash  (cost=67604.59..67604.59 rows=1540800 width=4) (actual time=1815.239..1815.239 rows=1543264 loops=1)
        Buckets: 131072  Batches: 32  Memory Usage: 2722kB
        ->  Seq Scan on title t  (cost=0.00..67604.59 rows=1540800 width=4) (actual time=28.467..1322.502 rows=1543264 loops=1)
              Filter: (kind_id = 7)
              Rows Removed by Filter: 985048
Planning time: 0.798 ms
Execution time: 4340.628 ms
