Seq Scan on movie_companies mc  (cost=0.00..57926.93 rows=32221 width=0) (actual time=0.403..855.279 rows=6578 loops=1)
  Filter: ((company_id = 6) AND (company_type_id = 2))
  Rows Removed by Filter: 2602551
Planning time: 0.413 ms
Execution time: 856.233 ms
