Hash Join  (cost=58358.64..85269.24 rows=11 width=0) (actual time=1085.437..1398.947 rows=3 loops=1)
  Hash Cond: (mi_idx.movie_id = t.id)
  ->  Seq Scan on movie_info_idx mi_idx  (cost=0.00..21735.35 rows=1380035 width=4) (actual time=0.015..301.980 rows=1380035 loops=1)
  ->  Hash  (cost=58358.39..58358.39 rows=20 width=8) (actual time=849.462..849.462 rows=2 loops=1)
        Buckets: 1024  Batches: 1  Memory Usage: 9kB
        ->  Nested Loop  (cost=0.43..58358.39 rows=20 width=8) (actual time=313.851..849.450 rows=2 loops=1)
              ->  Seq Scan on movie_companies mc  (cost=0.00..57926.93 rows=51 width=4) (actual time=307.562..843.088 rows=2 loops=1)
                    Filter: ((company_id = 3608) AND (company_type_id = 1))
                    Rows Removed by Filter: 2609127
              ->  Index Scan using title_pkey on title t  (cost=0.43..8.45 rows=1 width=4) (actual time=3.171..3.173 rows=1 loops=2)
                    Index Cond: (id = mc.movie_id)
                    Filter: (kind_id < 7)
Planning time: 1.159 ms
Execution time: 1399.095 ms
