Hash Join  (cost=187299.52..1327186.70 rows=9546263 width=0) (actual time=4034.394..36752.315 rows=11098195 loops=1)
  Hash Cond: (ci.movie_id = t.id)
  ->  Seq Scan on cast_info ci  (cost=0.00..705507.15 rows=29030772 width=4) (actual time=0.012..16198.892 rows=29101806 loops=1)
        Filter: (person_id > 690078)
        Rows Removed by Filter: 7142538
  ->  Hash  (cost=173658.25..173658.25 rows=831462 width=8) (actual time=4033.329..4033.329 rows=331788 loops=1)
        Buckets: 131072  Batches: 16  Memory Usage: 1817kB
        ->  Hash Join  (cost=87146.10..173658.25 rows=831462 width=8) (actual time=1750.850..3931.068 rows=331788 loops=1)
              Hash Cond: (mc.movie_id = t.id)
              ->  Seq Scan on movie_companies mc  (cost=0.00..44881.29 rows=2609129 width=4) (actual time=0.018..922.106 rows=2609129 loops=1)
              ->  Hash  (cost=73925.90..73925.90 rows=805776 width=4) (actual time=1525.390..1525.390 rows=881945 loops=1)
                    Buckets: 131072  Batches: 16  Memory Usage: 2970kB
                    ->  Seq Scan on title t  (cost=0.00..73925.90 rows=805776 width=4) (actual time=0.020..1252.154 rows=881945 loops=1)
                          Filter: ((production_year > 2001) AND (kind_id = 7))
                          Rows Removed by Filter: 1646367
Planning time: 1.261 ms
Execution time: 38006.704 ms
