Seq Scan on title t  (cost=0.00..73925.90 rows=62227 width=0) (actual time=0.457..1166.578 rows=162212 loops=1)
  Filter: ((kind_id < 7) AND (production_year < 1950))
  Rows Removed by Filter: 2366100
Planning time: 0.324 ms
Execution time: 1186.014 ms
