Seq Scan on movie_companies mc  (cost=0.00..51404.11 rows=277540 width=0) (actual time=258.294..786.019 rows=279504 loops=1)
  Filter: (company_id > 96000)
  Rows Removed by Filter: 2329625
Planning time: 0.267 ms
Execution time: 822.268 ms
