Seq Scan on movie_keyword mk  (cost=0.00..81003.12 rows=246 width=0) (actual time=30.154..1223.855 rows=144 loops=1)
  Filter: (keyword_id = 5280)
  Rows Removed by Filter: 4523786
Planning time: 0.381 ms
Execution time: 1224.058 ms
