Hash Join  (cost=102767.86..175737.62 rows=214574 width=0) (actual time=1959.183..3259.702 rows=98828 loops=1)
  Hash Cond: (mc.movie_id = t.id)
  ->  Seq Scan on movie_companies mc  (cost=0.00..57926.93 rows=214574 width=4) (actual time=64.212..905.265 rows=98828 loops=1)
        Filter: ((company_id < 302) AND (company_type_id > 1))
        Rows Removed by Filter: 2510301
  ->  Hash  (cost=61283.27..61283.27 rows=2528527 width=4) (actual time=1893.917..1893.917 rows=2528312 loops=1)
        Buckets: 131072  Batches: 64  Memory Usage: 2415kB
        ->  Seq Scan on title t  (cost=0.00..61283.27 rows=2528527 width=4) (actual time=0.011..1057.854 rows=2528312 loops=1)
Planning time: 0.744 ms
Execution time: 3271.137 ms
