Hash Join  (cost=78183.26..1206880.69 rows=9237526 width=0) (actual time=1341.327..33985.111 rows=8051918 loops=1)
  Hash Cond: (ci.movie_id = t.id)
  ->  Seq Scan on cast_info ci  (cost=0.00..614943.12 rows=36225612 width=4) (actual time=0.015..13020.987 rows=36244344 loops=1)
  ->  Hash  (cost=67604.59..67604.59 rows=644774 width=4) (actual time=1340.280..1340.280 rows=642973 loops=1)
        Buckets: 131072  Batches: 16  Memory Usage: 2432kB
        ->  Seq Scan on title t  (cost=0.00..67604.59 rows=644774 width=4) (actual time=0.013..1114.041 rows=642973 loops=1)
              Filter: (production_year < 1988)
              Rows Removed by Filter: 1885339
Planning time: 0.778 ms
Execution time: 34896.885 ms
