Hash Join  (cost=160971.88..1011021.07 rows=3175142 width=0) (actual time=3512.609..22731.762 rows=5250387 loops=1)
  Hash Cond: (ci.movie_id = t.id)
  ->  Seq Scan on cast_info ci  (cost=0.00..705507.15 rows=9468168 width=4) (actual time=0.018..13827.782 rows=9384703 loops=1)
        Filter: (role_id > 4)
        Rows Removed by Filter: 26859641
  ->  Hash  (cost=147059.64..147059.64 rows=847939 width=8) (actual time=3511.609..3511.609 rows=442380 loops=1)
        Buckets: 131072  Batches: 16  Memory Usage: 2104kB
        ->  Hash Join  (cost=93093.72..147059.64 rows=847939 width=8) (actual time=1892.396..3374.888 rows=442380 loops=1)
              Hash Cond: (mi_idx.movie_id = t.id)
              ->  Seq Scan on movie_info_idx mi_idx  (cost=0.00..21735.35 rows=1380035 width=4) (actual time=0.019..434.225 rows=1380035 loops=1)
              ->  Hash  (cost=67604.59..67604.59 rows=1553611 width=4) (actual time=1886.322..1886.322 rows=1555864 loops=1)
                    Buckets: 131072  Batches: 32  Memory Usage: 2734kB
                    ->  Seq Scan on title t  (cost=0.00..67604.59 rows=1553611 width=4) (actual time=0.029..1391.691 rows=1555864 loops=1)
                          Filter: (kind_id > 4)
                          Rows Removed by Filter: 972448
Planning time: 1.106 ms
Execution time: 23254.082 ms
