Seq Scan on movie_keyword mk  (cost=0.00..81003.12 rows=246 width=0) (actual time=5.368..1276.709 rows=474 loops=1)
  Filter: (keyword_id = 20322)
  Rows Removed by Filter: 4523456
Planning time: 0.340 ms
Execution time: 1276.985 ms
