Nested Loop  (cost=0.43..83072.29 rows=217 width=0) (actual time=0.172..1301.590 rows=1184 loops=1)
  ->  Seq Scan on movie_keyword mk  (cost=0.00..81003.12 rows=246 width=4) (actual time=0.126..1269.128 rows=1228 loops=1)
        Filter: (keyword_id = 925)
        Rows Removed by Filter: 4522702
  ->  Index Scan using title_pkey on title t  (cost=0.43..8.40 rows=1 width=4) (actual time=0.025..0.025 rows=1 loops=1228)
        Index Cond: (id = mk.movie_id)
        Filter: (production_year < 2012)
        Rows Removed by Filter: 0
Planning time: 0.734 ms
Execution time: 1302.140 ms
