Hash Join  (cost=87162.74..965698.59 rows=1715307 width=0) (actual time=5592.988..18276.226 rows=1227443 loops=1)
  Hash Cond: (ci.movie_id = t.id)
  ->  Seq Scan on cast_info ci  (cost=0.00..796071.18 rows=5375893 width=4) (actual time=3251.544..13557.236 rows=3208358 loops=1)
        Filter: ((person_id < 1567446) AND (role_id > 3))
        Rows Removed by Filter: 33035986
  ->  Hash  (cost=73925.90..73925.90 rows=806787 width=4) (actual time=2340.386..2340.386 rows=843018 loops=1)
        Buckets: 131072  Batches: 16  Memory Usage: 2879kB
        ->  Seq Scan on title t  (cost=0.00..73925.90 rows=806787 width=4) (actual time=0.036..1368.720 rows=843018 loops=1)
              Filter: ((kind_id < 7) AND (production_year < 2011))
              Rows Removed by Filter: 1685294
Planning time: 0.791 ms
Execution time: 18417.755 ms
