Hash Join  (cost=102767.86..194637.43 rows=41012 width=0) (actual time=1928.849..3542.166 rows=34728 loops=1)
  Hash Cond: (mk.movie_id = t.id)
  ->  Seq Scan on movie_keyword mk  (cost=0.00..81003.12 rows=41012 width=4) (actual time=0.247..1189.878 rows=34728 loops=1)
        Filter: (keyword_id < 42)
        Rows Removed by Filter: 4489202
  ->  Hash  (cost=61283.27..61283.27 rows=2528527 width=4) (actual time=1925.811..1925.811 rows=2528312 loops=1)
        Buckets: 131072  Batches: 64  Memory Usage: 2425kB
        ->  Seq Scan on title t  (cost=0.00..61283.27 rows=2528527 width=4) (actual time=0.021..1083.705 rows=2528312 loops=1)
Planning time: 0.698 ms
Execution time: 3546.835 ms
