Seq Scan on movie_keyword mk  (cost=0.00..81003.12 rows=2358145 width=0) (actual time=0.016..917.300 rows=2360670 loops=1)
  Filter: (keyword_id < 5307)
  Rows Removed by Filter: 2163260
Planning time: 0.316 ms
Execution time: 1128.002 ms
