Hash Join  (cost=470664.07..1578718.06 rows=7227984 width=0) (actual time=8885.393..38711.317 rows=5089207 loops=1)
  Hash Cond: (ci.movie_id = t.id)
  ->  Seq Scan on cast_info ci  (cost=0.00..614943.12 rows=36225612 width=4) (actual time=0.012..13548.500 rows=36244344 loops=1)
  ->  Hash  (cost=462386.71..462386.71 rows=504509 width=8) (actual time=8884.482..8884.482 rows=170127 loops=1)
        Buckets: 131072  Batches: 8  Memory Usage: 1850kB
        ->  Hash Join  (cost=83462.78..462386.71 rows=504509 width=8) (actual time=3614.597..8834.989 rows=170127 loops=1)
              Hash Cond: (mi.movie_id = t.id)
              ->  Seq Scan on movie_info mi  (cost=0.00..346232.03 rows=2194617 width=4) (actual time=2045.671..5841.971 rows=2233850 loops=1)
                    Filter: (info_type_id > 16)
                    Rows Removed by Filter: 12601870
              ->  Hash  (cost=73925.90..73925.90 rows=581270 width=4) (actual time=1555.868..1555.868 rows=602533 loops=1)
                    Buckets: 131072  Batches: 8  Memory Usage: 3675kB
                    ->  Seq Scan on title t  (cost=0.00..73925.90 rows=581270 width=4) (actual time=0.040..1352.501 rows=602533 loops=1)
                          Filter: ((kind_id > 1) AND (production_year > 2007))
                          Rows Removed by Filter: 1925779
Planning time: 1.088 ms
Execution time: 39270.155 ms
