Hash Join  (cost=165975.75..295909.71 rows=650992 width=0) (actual time=3619.427..7952.414 rows=3311083 loops=1)
  Hash Cond: (mk.movie_id = t.id)
  ->  Seq Scan on movie_keyword mk  (cost=0.00..69693.30 rows=4523930 width=4) (actual time=0.025..1503.442 rows=4523930 loops=1)
  ->  Hash  (cost=160005.58..160005.58 rows=363854 width=8) (actual time=3618.107..3618.107 rows=401255 loops=1)
        Buckets: 131072  Batches: 8  Memory Usage: 2993kB
        ->  Hash Join  (cost=83810.17..160005.58 rows=363854 width=8) (actual time=1736.586..3496.205 rows=401255 loops=1)
              Hash Cond: (mc.movie_id = t.id)
              ->  Seq Scan on movie_companies mc  (cost=0.00..57926.93 rows=931447 width=4) (actual time=0.021..1138.011 rows=614552 loops=1)
                    Filter: ((company_id < 31799) AND (company_type_id = 2))
                    Rows Removed by Filter: 1994577
              ->  Hash  (cost=67604.59..67604.59 rows=987727 width=4) (actual time=1735.372..1735.372 rows=985048 loops=1)
                    Buckets: 131072  Batches: 16  Memory Usage: 3188kB
                    ->  Seq Scan on title t  (cost=0.00..67604.59 rows=987727 width=4) (actual time=0.017..1157.869 rows=985048 loops=1)
                          Filter: (kind_id < 7)
                          Rows Removed by Filter: 1543264
Planning time: 1.231 ms
Execution time: 8369.421 ms
