Seq Scan on movie_keyword mk  (cost=0.00..81003.12 rows=2886489 width=0) (actual time=0.028..4828.723 rows=2877272 loops=1)
  Filter: (keyword_id < 8936)
  Rows Removed by Filter: 1646658
Planning time: 1.997 ms
Execution time: 5349.617 ms
