Hash Join  (cost=102767.86..787211.83 rows=13645043 width=0) (actual time=5989.664..48691.910 rows=13675833 loops=1)
  Hash Cond: (mi.movie_id = t.id)
  ->  Seq Scan on movie_info mi  (cost=0.00..346232.03 rows=13645043 width=4) (actual time=0.026..24821.313 rows=13675833 loops=1)
        Filter: (info_type_id < 50)
        Rows Removed by Filter: 1159887
  ->  Hash  (cost=61283.27..61283.27 rows=2528527 width=4) (actual time=5988.597..5988.597 rows=2528312 loops=1)
        Buckets: 131072  Batches: 64  Memory Usage: 2425kB
        ->  Seq Scan on title t  (cost=0.00..61283.27 rows=2528527 width=4) (actual time=0.005..4447.274 rows=2528312 loops=1)
Planning time: 3.533 ms
Execution time: 50880.924 ms
