Seq Scan on movie_companies mc  (cost=0.00..51404.11 rows=2404094 width=0) (actual time=3.223..3607.607 rows=2402661 loops=1)
  Filter: (company_id < 111578)
  Rows Removed by Filter: 206468
Planning time: 0.312 ms
Execution time: 4026.544 ms
