Hash Join  (cost=118941.10..248720.47 rows=327571 width=0) (actual time=6919.469..15420.264 rows=485394 loops=1)
  Hash Cond: (mk.movie_id = t.id)
  ->  Seq Scan on movie_keyword mk  (cost=0.00..81003.12 rows=3862543 width=4) (actual time=0.023..6361.205 rows=3863115 loops=1)
        Filter: (keyword_id > 508)
        Rows Removed by Filter: 660815
  ->  Hash  (cost=115422.64..115422.64 rows=214437 width=8) (actual time=6916.513..6916.513 rows=131526 loops=1)
        Buckets: 131072  Batches: 4  Memory Usage: 2318kB
        ->  Hash Join  (cost=74050.79..115422.64 rows=214437 width=8) (actual time=4364.333..6849.797 rows=131526 loops=1)
              Hash Cond: (mi_idx.movie_id = t.id)
              ->  Seq Scan on movie_info_idx mi_idx  (cost=0.00..21735.35 rows=1380035 width=4) (actual time=0.009..1540.038 rows=1380035 loops=1)
              ->  Hash  (cost=67604.59..67604.59 rows=392896 width=4) (actual time=4363.367..4363.367 rows=391666 loops=1)
                    Buckets: 131072  Batches: 8  Memory Usage: 2753kB
                    ->  Seq Scan on title t  (cost=0.00..67604.59 rows=392896 width=4) (actual time=0.020..3875.818 rows=391666 loops=1)
                          Filter: (production_year > 2010)
                          Rows Removed by Filter: 2136646
Planning time: 11.099 ms
Execution time: 15486.325 ms
