Hash Join  (cost=28267.43..82933.54 rows=59 width=0) (actual time=634.210..1439.561 rows=379 loops=1)
  Hash Cond: (mc.movie_id = t.id)
  ->  Seq Scan on movie_companies mc  (cost=0.00..44881.29 rows=2609129 width=4) (actual time=0.031..601.580 rows=2609129 loops=1)
  ->  Hash  (cost=28266.72..28266.72 rows=57 width=8) (actual time=379.700..379.700 rows=12 loops=1)
        Buckets: 1024  Batches: 1  Memory Usage: 9kB
        ->  Nested Loop  (cost=0.43..28266.72 rows=57 width=8) (actual time=294.398..379.686 rows=12 loops=1)
              ->  Seq Scan on movie_info_idx mi_idx  (cost=0.00..25185.44 rows=368 width=4) (actual time=292.115..373.271 rows=260 loops=1)
                    Filter: (info_type_id > 101)
                    Rows Removed by Filter: 1379775
              ->  Index Scan using title_pkey on title t  (cost=0.43..8.36 rows=1 width=4) (actual time=0.024..0.024 rows=0 loops=260)
                    Index Cond: (id = mi_idx.movie_id)
                    Filter: (production_year > 2010)
                    Rows Removed by Filter: 1
Planning time: 1.083 ms
Execution time: 1439.777 ms
