Hash Join  (cost=115571.60..875843.65 rows=948291 width=0) (actual time=4770.797..54739.075 rows=1105233 loops=1)
  Hash Cond: (ci.movie_id = t.id)
  ->  Seq Scan on cast_info ci  (cost=0.00..614943.12 rows=36225612 width=4) (actual time=0.020..35255.258 rows=36244344 loops=1)
  ->  Hash  (cost=114744.22..114744.22 rows=66190 width=8) (actual time=4770.017..4770.017 rows=32265 loops=1)
        Buckets: 131072  Batches: 1  Memory Usage: 2285kB
        ->  Hash Join  (cost=75915.84..114744.22 rows=66190 width=8) (actual time=3044.894..4757.726 rows=32265 loops=1)
              Hash Cond: (mi_idx.movie_id = t.id)
              ->  Seq Scan on movie_info_idx mi_idx  (cost=0.00..21735.35 rows=1380035 width=4) (actual time=0.014..1123.157 rows=1380035 loops=1)
              ->  Hash  (cost=73925.90..73925.90 rows=121275 width=4) (actual time=3037.427..3037.427 rows=124747 loops=1)
                    Buckets: 131072  Batches: 2  Memory Usage: 3219kB
                    ->  Seq Scan on title t  (cost=0.00..73925.90 rows=121275 width=4) (actual time=0.009..2984.574 rows=124747 loops=1)
                          Filter: ((kind_id > 1) AND (production_year = 2012))
                          Rows Removed by Filter: 2403565
Planning time: 1.157 ms
Execution time: 54918.597 ms
