Seq Scan on title t  (cost=0.00..73925.90 rows=65724 width=0) (actual time=271.278..3693.504 rows=70398 loops=1)
  Filter: ((production_year > 1986) AND (kind_id = 2))
  Rows Removed by Filter: 2457914
Planning time: 0.374 ms
Execution time: 3718.543 ms
