Nested Loop  (cost=32749.09..740344.19 rows=54 width=0) (actual time=33755.198..33831.912 rows=4 loops=1)
  Join Filter: (ci.movie_id = t.id)
  ->  Hash Join  (cost=32748.66..740150.58 rows=227 width=8) (actual time=19203.993..33812.878 rows=74 loops=1)
        Hash Cond: (ci.movie_id = mi_idx.movie_id)
        ->  Seq Scan on cast_info ci  (cost=0.00..705507.15 rows=500 width=4) (actual time=17562.340..32083.057 rows=293 loops=1)
              Filter: (person_id = 3059080)
              Rows Removed by Filter: 36244051
        ->  Hash  (cost=25185.44..25185.44 rows=460978 width=4) (actual time=1640.403..1640.403 rows=459925 loops=1)
              Buckets: 131072  Batches: 8  Memory Usage: 3050kB
              ->  Seq Scan on movie_info_idx mi_idx  (cost=0.00..25185.44 rows=460978 width=4) (actual time=0.026..1463.253 rows=459925 loops=1)
                    Filter: (info_type_id < 100)
                    Rows Removed by Filter: 920110
  ->  Index Scan using title_pkey on title t  (cost=0.43..0.84 rows=1 width=4) (actual time=0.256..0.256 rows=0 loops=74)
        Index Cond: (id = mi_idx.movie_id)
        Filter: (production_year > 1998)
        Rows Removed by Filter: 1
Planning time: 1.211 ms
Execution time: 33832.033 ms
