Hash Join  (cost=102767.86..213874.55 rows=2070559 width=0) (actual time=5562.147..11856.024 rows=2066543 loops=1)
  Hash Cond: (mc.movie_id = t.id)
  ->  Seq Scan on movie_companies mc  (cost=0.00..51404.11 rows=2070559 width=4) (actual time=0.019..3624.404 rows=2066543 loops=1)
        Filter: (company_id < 72108)
        Rows Removed by Filter: 542586
  ->  Hash  (cost=61283.27..61283.27 rows=2528527 width=4) (actual time=5560.885..5560.885 rows=2528312 loops=1)
        Buckets: 131072  Batches: 64  Memory Usage: 2415kB
        ->  Seq Scan on title t  (cost=0.00..61283.27 rows=2528527 width=4) (actual time=0.017..3854.188 rows=2528312 loops=1)
Planning time: 0.737 ms
Execution time: 12156.001 ms
