Hash Join  (cost=156487.41..228482.91 rows=167082 width=0) (actual time=8160.128..11661.506 rows=245269 loops=1)
  Hash Cond: (mc.movie_id = t.id)
  ->  Seq Scan on movie_companies mc  (cost=0.00..57926.93 rows=916465 width=4) (actual time=0.013..3028.639 rows=596495 loops=1)
        Filter: ((company_id < 28356) AND (company_type_id = 2))
        Rows Removed by Filter: 2012634
  ->  Hash  (cost=148924.19..148924.19 rows=460978 width=8) (actual time=8159.239..8159.239 rows=459925 loops=1)
        Buckets: 131072  Batches: 8  Memory Usage: 3275kB
        ->  Hash Join  (cost=102767.86..148924.19 rows=460978 width=8) (actual time=5602.912..8009.561 rows=459925 loops=1)
              Hash Cond: (mi_idx.movie_id = t.id)
              ->  Seq Scan on movie_info_idx mi_idx  (cost=0.00..25185.44 rows=460978 width=4) (actual time=0.019..1557.417 rows=459925 loops=1)
                    Filter: (info_type_id < 100)
                    Rows Removed by Filter: 920110
              ->  Hash  (cost=61283.27..61283.27 rows=2528527 width=4) (actual time=5601.497..5601.497 rows=2528312 loops=1)
                    Buckets: 131072  Batches: 64  Memory Usage: 2415kB
                    ->  Seq Scan on title t  (cost=0.00..61283.27 rows=2528527 width=4) (actual time=0.020..4178.411 rows=2528312 loops=1)
Planning time: 1.201 ms
Execution time: 11696.229 ms
