Hash Join  (cost=102986.71..157730.02 rows=7779 width=0) (actual time=5432.326..8760.271 rows=16880 loops=1)
  Hash Cond: (mc.movie_id = t.id)
  ->  Seq Scan on movie_companies mc  (cost=0.00..44881.29 rows=2609129 width=4) (actual time=0.022..2613.200 rows=2609129 loops=1)
  ->  Hash  (cost=102892.47..102892.47 rows=7539 width=8) (actual time=5432.101..5432.101 rows=8110 loops=1)
        Buckets: 8192  Batches: 1  Memory Usage: 381kB
        ->  Hash Join  (cost=74185.18..102892.47 rows=7539 width=8) (actual time=3634.675..5423.466 rows=8110 loops=1)
              Hash Cond: (mi_idx.movie_id = t.id)
              ->  Seq Scan on movie_info_idx mi_idx  (cost=0.00..25185.44 rows=919057 width=4) (actual time=0.016..1523.832 rows=920110 loops=1)
                    Filter: (info_type_id > 99)
                    Rows Removed by Filter: 459925
              ->  Hash  (cost=73925.90..73925.90 rows=20742 width=4) (actual time=3634.188..3634.188 rows=51721 loops=1)
                    Buckets: 65536 (originally 32768)  Batches: 1 (originally 1)  Memory Usage: 2331kB
                    ->  Seq Scan on title t  (cost=0.00..73925.90 rows=20742 width=4) (actual time=1273.014..3595.855 rows=51721 loops=1)
                          Filter: ((kind_id < 7) AND (production_year < 1914))
                          Rows Removed by Filter: 2476591
Planning time: 1.144 ms
Execution time: 8763.159 ms
