Seq Scan on title t  (cost=0.00..73925.90 rows=243 width=0) (actual time=195.045..1146.936 rows=10 loops=1)
  Filter: ((kind_id > 1) AND (production_year > 2014))
  Rows Removed by Filter: 2528302
Planning time: 0.356 ms
Execution time: 1147.072 ms
