Hash Join  (cost=331076.50..1089868.99 rows=20966384 width=0) (actual time=17859.102..104062.126 rows=190389983 loops=1)
  Hash Cond: (mi.movie_id = t.id)
  ->  Seq Scan on movie_info mi  (cost=0.00..309384.22 rows=14739122 width=4) (actual time=0.019..22460.383 rows=14835720 loops=1)
  ->  Hash  (cost=272065.16..272065.16 rows=3596827 width=8) (actual time=17857.292..17857.292 rows=3355850 loops=1)
        Buckets: 131072  Batches: 64  Memory Usage: 3132kB
        ->  Hash Join  (cost=100586.94..272065.16 rows=3596827 width=8) (actual time=6845.051..16688.960 rows=3355850 loops=1)
              Hash Cond: (mk.movie_id = t.id)
              ->  Seq Scan on movie_keyword mk  (cost=0.00..69693.30 rows=4523930 width=4) (actual time=0.020..4418.865 rows=4523930 loops=1)
              ->  Hash  (cost=67604.59..67604.59 rows=2010348 width=4) (actual time=6843.601..6843.601 rows=2004649 loops=1)
                    Buckets: 131072  Batches: 32  Memory Usage: 3241kB
                    ->  Seq Scan on title t  (cost=0.00..67604.59 rows=2010348 width=4) (actual time=0.020..5063.780 rows=2004649 loops=1)
                          Filter: (production_year > 1975)
                          Rows Removed by Filter: 523663
Planning time: 1.025 ms
Execution time: 130902.945 ms
