Seq Scan on cast_info ci  (cost=0.00..796071.18 rows=293711 width=0) (actual time=1712.501..34159.682 rows=278777 loops=1)
  Filter: ((person_id < 582903) AND (role_id = 8))
  Rows Removed by Filter: 35965567
Planning time: 0.326 ms
Execution time: 34197.094 ms
