Hash Join  (cost=146108.17..233920.88 rows=115467 width=0) (actual time=6163.898..12124.005 rows=2005962 loops=1)
  Hash Cond: (mk.movie_id = t.id)
  ->  Seq Scan on movie_keyword mk  (cost=0.00..69693.30 rows=4523930 width=4) (actual time=0.016..3255.273 rows=4523930 loops=1)
  ->  Hash  (cost=145301.46..145301.46 rows=64537 width=8) (actual time=6163.339..6163.339 rows=82853 loops=1)
        Buckets: 131072 (originally 65536)  Batches: 2 (originally 1)  Memory Usage: 3073kB
        ->  Hash Join  (cost=80408.18..145301.46 rows=64537 width=8) (actual time=3139.825..6129.597 rows=82853 loops=1)
              Hash Cond: (mc.movie_id = t.id)
              ->  Seq Scan on movie_companies mc  (cost=0.00..57926.93 rows=413059 width=4) (actual time=0.023..2573.419 rows=591588 loops=1)
                    Filter: ((company_id < 2165) AND (company_type_id = 1))
                    Rows Removed by Filter: 2017541
              ->  Hash  (cost=73925.90..73925.90 rows=395062 width=4) (actual time=3138.981..3138.981 rows=335993 loops=1)
                    Buckets: 131072  Batches: 8  Memory Usage: 2492kB
                    ->  Seq Scan on title t  (cost=0.00..73925.90 rows=395062 width=4) (actual time=0.021..2997.753 rows=335993 loops=1)
                          Filter: ((kind_id < 7) AND (production_year > 2005))
                          Rows Removed by Filter: 2192319
Planning time: 2.348 ms
Execution time: 12432.754 ms
