Seq Scan on movie_companies mc  (cost=0.00..57926.93 rows=53 width=0) (actual time=22.100..2275.565 rows=113 loops=1)
  Filter: ((company_id = 74220) AND (company_type_id = 2))
  Rows Removed by Filter: 2609016
Planning time: 0.354 ms
Execution time: 2275.674 ms
