Hash Join  (cost=81720.25..1236091.72 rows=10129471 width=0) (actual time=4208.498..74585.330 rows=10833090 loops=1)
  Hash Cond: (ci.movie_id = t.id)
  ->  Seq Scan on cast_info ci  (cost=0.00..705507.15 rows=29769229 width=4) (actual time=0.077..46870.531 rows=29885485 loops=1)
        Filter: (person_id > 614009)
        Rows Removed by Filter: 6358859
  ->  Hash  (cost=67604.59..67604.59 rows=860373 width=4) (actual time=4207.732..4207.732 rows=854214 loops=1)
        Buckets: 131072  Batches: 16  Memory Usage: 2897kB
        ->  Seq Scan on title t  (cost=0.00..67604.59 rows=860373 width=4) (actual time=0.015..3851.418 rows=854214 loops=1)
              Filter: (kind_id < 4)
              Rows Removed by Filter: 1674098
Planning time: 12.026 ms
Execution time: 76121.330 ms
