Hash Join  (cost=234364.86..1487900.34 rows=16981924 width=0) (actual time=13688.191..97509.953 rows=39997083 loops=1)
  Hash Cond: (ci.movie_id = t.id)
  ->  Seq Scan on cast_info ci  (cost=0.00..614943.12 rows=36225612 width=4) (actual time=0.024..48165.954 rows=36244344 loops=1)
  ->  Hash  (cost=214917.25..214917.25 rows=1185329 width=8) (actual time=13687.131..13687.131 rows=684042 loops=1)
        Buckets: 131072  Batches: 16  Memory Usage: 2706kB
        ->  Hash Join  (cost=78473.92..214917.25 rows=1185329 width=8) (actual time=4216.895..13089.465 rows=684042 loops=1)
              Hash Cond: (mk.movie_id = t.id)
              ->  Seq Scan on movie_keyword mk  (cost=0.00..69693.30 rows=4523930 width=4) (actual time=0.015..5349.766 rows=4523930 loops=1)
              ->  Hash  (cost=67604.59..67604.59 rows=662507 width=4) (actual time=4215.493..4215.493 rows=662065 loops=1)
                    Buckets: 131072  Batches: 16  Memory Usage: 2488kB
                    ->  Seq Scan on title t  (cost=0.00..67604.59 rows=662507 width=4) (actual time=0.023..3899.926 rows=662065 loops=1)
                          Filter: (production_year > 2008)
                          Rows Removed by Filter: 1866247
Planning time: 1.075 ms
Execution time: 103157.496 ms
