Hash Join  (cost=73982.55..128694.84 rows=4676 width=0) (actual time=3606.730..7074.761 rows=6318 loops=1)
  Hash Cond: (mc.movie_id = t.id)
  ->  Seq Scan on movie_companies mc  (cost=0.00..44881.29 rows=2609129 width=4) (actual time=0.018..2611.933 rows=2609129 loops=1)
  ->  Hash  (cost=73925.90..73925.90 rows=4532 width=4) (actual time=3606.562..3606.562 rows=7796 loops=1)
        Buckets: 8192  Batches: 1  Memory Usage: 339kB
        ->  Seq Scan on title t  (cost=0.00..73925.90 rows=4532 width=4) (actual time=0.101..3602.523 rows=7796 loops=1)
              Filter: ((kind_id = 7) AND (production_year = 1976))
              Rows Removed by Filter: 2520516
Planning time: 0.702 ms
Execution time: 7075.788 ms
