Seq Scan on movie_keyword mk  (cost=0.00..81003.12 rows=1219963 width=0) (actual time=0.026..4359.078 rows=1229106 loops=1)
  Filter: (keyword_id > 14762)
  Rows Removed by Filter: 3294824
Planning time: 0.280 ms
Execution time: 4557.292 ms
