Hash Join  (cost=199476.24..565162.83 rows=327139 width=0) (actual time=9800.779..29598.138 rows=9183294 loops=1)
  Hash Cond: (mi.movie_id = t.id)
  ->  Seq Scan on movie_info mi  (cost=0.00..346232.03 rows=1158179 width=4) (actual time=451.299..16773.130 rows=1204709 loops=1)
        Filter: (info_type_id > 18)
        Rows Removed by Filter: 13631011
  ->  Hash  (cost=187758.66..187758.66 rows=714207 width=8) (actual time=9347.223..9347.223 rows=985426 loops=1)
        Buckets: 131072  Batches: 16  Memory Usage: 3477kB
        ->  Hash Join  (cost=102767.86..187758.66 rows=714207 width=8) (actual time=4783.675..9015.271 rows=985426 loops=1)
              Hash Cond: (mc.movie_id = t.id)
              ->  Seq Scan on movie_companies mc  (cost=0.00..57926.93 rows=714207 width=4) (actual time=129.326..2971.909 rows=985426 loops=1)
                    Filter: ((company_id < 12964) AND (company_type_id < 2))
                    Rows Removed by Filter: 1623703
              ->  Hash  (cost=61283.27..61283.27 rows=2528527 width=4) (actual time=4653.028..4653.028 rows=2528312 loops=1)
                    Buckets: 131072  Batches: 64  Memory Usage: 2415kB
                    ->  Seq Scan on title t  (cost=0.00..61283.27 rows=2528527 width=4) (actual time=0.020..3587.037 rows=2528312 loops=1)
Planning time: 1.095 ms
Execution time: 30877.839 ms
