Seq Scan on movie_companies mc  (cost=0.00..51404.11 rows=104 width=0) (actual time=944.721..2094.128 rows=2 loops=1)
  Filter: (company_id = 189344)
  Rows Removed by Filter: 2609127
Planning time: 0.355 ms
Execution time: 2094.193 ms
