Hash Join  (cost=89893.22..630231.73 rows=5673059 width=0) (actual time=6072.594..37232.399 rows=3283653 loops=1)
  Hash Cond: (mi.movie_id = t.id)
  ->  Seq Scan on movie_info mi  (cost=0.00..309384.22 rows=14739122 width=4) (actual time=0.016..19158.479 rows=14835720 loops=1)
  ->  Hash  (cost=73925.90..73925.90 rows=973225 width=4) (actual time=6071.396..6071.396 rows=1057588 loops=1)
        Buckets: 131072  Batches: 16  Memory Usage: 3361kB
        ->  Seq Scan on title t  (cost=0.00..73925.90 rows=973225 width=4) (actual time=0.026..4855.889 rows=1057588 loops=1)
              Filter: ((kind_id > 1) AND (production_year > 2001))
              Rows Removed by Filter: 1470724
Planning time: 0.796 ms
Execution time: 37766.398 ms
