Hash Join  (cost=83075.00..833895.25 rows=3103 width=0) (actual time=4141.046..49535.240 rows=95950 loops=1)
  Hash Cond: (ci.movie_id = t.id)
  ->  Seq Scan on cast_info ci  (cost=0.00..614943.12 rows=36225612 width=4) (actual time=0.024..34982.987 rows=36244344 loops=1)
  ->  Hash  (cost=83072.29..83072.29 rows=217 width=8) (actual time=4140.569..4140.569 rows=1507 loops=1)
        Buckets: 2048 (originally 1024)  Batches: 1 (originally 1)  Memory Usage: 75kB
        ->  Nested Loop  (cost=0.43..83072.29 rows=217 width=8) (actual time=0.776..4139.200 rows=1507 loops=1)
              ->  Seq Scan on movie_keyword mk  (cost=0.00..81003.12 rows=246 width=4) (actual time=0.739..3795.106 rows=1577 loops=1)
                    Filter: (keyword_id = 270)
                    Rows Removed by Filter: 4522353
              ->  Index Scan using title_pkey on title t  (cost=0.43..8.40 rows=1 width=4) (actual time=0.216..0.216 rows=1 loops=1577)
                    Index Cond: (id = mk.movie_id)
                    Filter: (production_year < 2012)
                    Rows Removed by Filter: 0
Planning time: 1.127 ms
Execution time: 49563.552 ms
