Seq Scan on movie_companies mc  (cost=0.00..51404.11 rows=1009113 width=0) (actual time=450.867..2820.548 rows=1018322 loops=1)
  Filter: (company_id > 16066)
  Rows Removed by Filter: 1590807
Planning time: 0.293 ms
Execution time: 2978.382 ms
