Hash Join  (cost=83072.91..447728.90 rows=2 width=0) (actual time=3772.882..21220.754 rows=179 loops=1)
  Hash Cond: (mi.movie_id = t.id)
  ->  Seq Scan on movie_info mi  (cost=0.00..309384.22 rows=14739122 width=4) (actual time=1.026..14318.876 rows=14835720 loops=1)
  ->  Hash  (cost=83072.90..83072.90 rows=1 width=8) (actual time=3674.093..3674.093 rows=2 loops=1)
        Buckets: 1024  Batches: 1  Memory Usage: 9kB
        ->  Nested Loop  (cost=0.43..83072.90 rows=1 width=8) (actual time=2579.931..3674.084 rows=2 loops=1)
              ->  Seq Scan on movie_keyword mk  (cost=0.00..81003.12 rows=246 width=4) (actual time=0.370..3394.208 rows=1683 loops=1)
                    Filter: (keyword_id = 2864)
                    Rows Removed by Filter: 4522247
              ->  Index Scan using title_pkey on title t  (cost=0.43..8.40 rows=1 width=4) (actual time=0.165..0.165 rows=0 loops=1683)
                    Index Cond: (id = mk.movie_id)
                    Filter: ((kind_id < 7) AND (production_year = 1967))
                    Rows Removed by Filter: 1
Planning time: 1.126 ms
Execution time: 21220.948 ms
