Hash Join  (cost=822022.84..952874.35 rows=726347 width=0) (actual time=43256.228..52330.781 rows=3641517 loops=1)
  Hash Cond: (mk.movie_id = t.id)
  ->  Seq Scan on movie_keyword mk  (cost=0.00..69693.30 rows=4523930 width=4) (actual time=0.014..4741.412 rows=4523930 loops=1)
  ->  Hash  (cost=815362.19..815362.19 rows=405972 width=8) (actual time=43255.064..43255.064 rows=607060 loops=1)
        Buckets: 131072 (originally 131072)  Batches: 16 (originally 8)  Memory Usage: 3969kB
        ->  Hash Join  (cost=74050.79..815362.19 rows=405972 width=8) (actual time=6521.765..42995.593 rows=607060 loops=1)
              Hash Cond: (ci.movie_id = t.id)
              ->  Seq Scan on cast_info ci  (cost=0.00..705507.15 rows=2612676 width=4) (actual time=2541.952..36285.293 rows=2653761 loops=1)
                    Filter: (person_id > 3550225)
                    Rows Removed by Filter: 33590583
              ->  Hash  (cost=67604.59..67604.59 rows=392896 width=4) (actual time=3978.840..3978.840 rows=391666 loops=1)
                    Buckets: 131072  Batches: 8  Memory Usage: 2753kB
                    ->  Seq Scan on title t  (cost=0.00..67604.59 rows=392896 width=4) (actual time=0.014..3819.893 rows=391666 loops=1)
                          Filter: (production_year > 2010)
                          Rows Removed by Filter: 2136646
Planning time: 1.228 ms
Execution time: 52914.134 ms
