Hash Join  (cost=77026.21..827872.82 rows=5745 width=0) (actual time=4306.615..46632.898 rows=109 loops=1)
  Hash Cond: (ci.movie_id = t.id)
  ->  Seq Scan on cast_info ci  (cost=0.00..614943.12 rows=36225612 width=4) (actual time=0.022..32976.559 rows=36244344 loops=1)
  ->  Hash  (cost=77021.19..77021.19 rows=401 width=8) (actual time=4150.280..4150.280 rows=4 loops=1)
        Buckets: 1024  Batches: 1  Memory Usage: 9kB
        ->  Nested Loop  (cost=0.43..77021.19 rows=401 width=8) (actual time=2108.427..4150.271 rows=4 loops=1)
              ->  Seq Scan on movie_companies mc  (cost=0.00..57926.93 rows=2431 width=4) (actual time=8.716..3031.602 rows=3707 loops=1)
                    Filter: ((company_type_id < 2) AND (company_id = 164))
                    Rows Removed by Filter: 2605422
              ->  Index Scan using title_pkey on title t  (cost=0.43..7.84 rows=1 width=4) (actual time=0.301..0.301 rows=0 loops=3707)
                    Index Cond: (id = mc.movie_id)
                    Filter: (production_year < 1973)
                    Rows Removed by Filter: 1
Planning time: 1.115 ms
Execution time: 46633.165 ms
