Hash Join  (cost=926563.12..968385.20 rows=240660 width=0) (actual time=46440.801..48942.441 rows=326988 loops=1)
  Hash Cond: (mi_idx.movie_id = t.id)
  ->  Seq Scan on movie_info_idx mi_idx  (cost=0.00..21735.35 rows=1380035 width=4) (actual time=0.024..1469.138 rows=1380035 loops=1)
  ->  Hash  (cost=919328.34..919328.34 rows=440942 width=8) (actual time=46439.852..46439.852 rows=239858 loops=1)
        Buckets: 131072  Batches: 8  Memory Usage: 2195kB
        ->  Hash Join  (cost=102767.86..919328.34 rows=440942 width=8) (actual time=39172.113..46072.486 rows=239858 loops=1)
              Hash Cond: (ci.movie_id = t.id)
              ->  Seq Scan on cast_info ci  (cost=0.00..796071.18 rows=440942 width=4) (actual time=33766.480..40007.841 rows=239858 loops=1)
                    Filter: ((person_id < 1750501) AND (role_id = 5))
                    Rows Removed by Filter: 36004486
              ->  Hash  (cost=61283.27..61283.27 rows=2528527 width=4) (actual time=5404.723..5404.723 rows=2528312 loops=1)
                    Buckets: 131072  Batches: 64  Memory Usage: 2415kB
                    ->  Seq Scan on title t  (cost=0.00..61283.27 rows=2528527 width=4) (actual time=0.016..4300.237 rows=2528312 loops=1)
Planning time: 6.243 ms
Execution time: 49002.050 ms
