Hash Join  (cost=153981.44..192531.89 rows=49997 width=0) (actual time=2661.668..3522.977 rows=104857 loops=1)
  Hash Cond: (mi_idx.movie_id = t.id)
  ->  Seq Scan on movie_info_idx mi_idx  (cost=0.00..21735.35 rows=1380035 width=4) (actual time=0.013..431.471 rows=1380035 loops=1)
  ->  Hash  (cost=152478.36..152478.36 rows=91606 width=8) (actual time=2660.780..2660.780 rows=67410 loops=1)
        Buckets: 131072  Batches: 2  Memory Usage: 2342kB
        ->  Hash Join  (cost=87162.74..152478.36 rows=91606 width=8) (actual time=1476.863..2639.079 rows=67410 loops=1)
              Hash Cond: (mc.movie_id = t.id)
              ->  Seq Scan on movie_companies mc  (cost=0.00..57926.93 rows=287100 width=4) (actual time=0.024..941.159 rows=146068 loops=1)
                    Filter: ((company_id < 596) AND (company_type_id > 1))
                    Rows Removed by Filter: 2463061
              ->  Hash  (cost=73925.90..73925.90 rows=806787 width=4) (actual time=1475.357..1475.357 rows=843018 loops=1)
                    Buckets: 131072  Batches: 16  Memory Usage: 2879kB
                    ->  Seq Scan on title t  (cost=0.00..73925.90 rows=806787 width=4) (actual time=0.013..1219.346 rows=843018 loops=1)
                          Filter: ((kind_id < 7) AND (production_year < 2011))
                          Rows Removed by Filter: 1685294
Planning time: 1.481 ms
Execution time: 3534.473 ms
