Hash Join  (cost=263115.61..1177879.36 rows=4591949 width=0) (actual time=11652.530..64185.578 rows=13351038 loops=1)
  Hash Cond: (ci.movie_id = t.id)
  ->  Seq Scan on cast_info ci  (cost=0.00..796071.18 rows=4450093 width=4) (actual time=0.018..42131.461 rows=7449340 loops=1)
        Filter: ((person_id > 1388504) AND (role_id = 2))
        Rows Removed by Filter: 28795004
  ->  Hash  (cost=220309.49..220309.49 rows=2609129 width=8) (actual time=11651.313..11651.313 rows=2609129 loops=1)
        Buckets: 131072  Batches: 64  Memory Usage: 2610kB
        ->  Hash Join  (cost=102767.86..220309.49 rows=2609129 width=8) (actual time=4707.076..10663.691 rows=2609129 loops=1)
              Hash Cond: (mc.movie_id = t.id)
              ->  Seq Scan on movie_companies mc  (cost=0.00..44881.29 rows=2609129 width=4) (actual time=0.010..2421.889 rows=2609129 loops=1)
              ->  Hash  (cost=61283.27..61283.27 rows=2528527 width=4) (actual time=4705.046..4705.046 rows=2528312 loops=1)
                    Buckets: 131072  Batches: 64  Memory Usage: 2415kB
                    ->  Seq Scan on title t  (cost=0.00..61283.27 rows=2528527 width=4) (actual time=0.018..3608.378 rows=2528312 loops=1)
Planning time: 1.613 ms
Execution time: 65957.953 ms
