Nested Loop  (cost=0.43..58358.27 rows=51 width=0) (actual time=179.071..874.700 rows=32 loops=1)
  ->  Seq Scan on movie_companies mc  (cost=0.00..57926.93 rows=51 width=4) (actual time=178.989..873.494 rows=32 loops=1)
        Filter: ((company_type_id < 2) AND (company_id = 17848))
        Rows Removed by Filter: 2609097
  ->  Index Only Scan using title_pkey on title t  (cost=0.43..8.45 rows=1 width=4) (actual time=0.033..0.034 rows=1 loops=32)
        Index Cond: (id = mc.movie_id)
        Heap Fetches: 32
Planning time: 0.783 ms
Execution time: 874.789 ms
