Hash Join  (cost=175027.18..327583.05 rows=1625418 width=0) (actual time=10599.270..22257.994 rows=6909024 loops=1)
  Hash Cond: (mk.movie_id = t.id)
  ->  Seq Scan on movie_keyword mk  (cost=0.00..81003.12 rows=4471882 width=4) (actual time=0.024..5904.743 rows=4475978 loops=1)
        Filter: (keyword_id > 47)
        Rows Removed by Filter: 47952
  ->  Hash  (cost=159947.97..159947.97 rows=919057 width=8) (actual time=10595.547..10595.547 rows=920110 loops=1)
        Buckets: 131072  Batches: 16  Memory Usage: 3283kB
        ->  Hash Join  (cost=102767.86..159947.97 rows=919057 width=8) (actual time=6486.100..10163.486 rows=920110 loops=1)
              Hash Cond: (mi_idx.movie_id = t.id)
              ->  Seq Scan on movie_info_idx mi_idx  (cost=0.00..25185.44 rows=919057 width=4) (actual time=0.022..1766.387 rows=920110 loops=1)
                    Filter: (info_type_id > 99)
                    Rows Removed by Filter: 459925
              ->  Hash  (cost=61283.27..61283.27 rows=2528527 width=4) (actual time=6484.713..6484.713 rows=2528312 loops=1)
                    Buckets: 131072  Batches: 64  Memory Usage: 2415kB
                    ->  Seq Scan on title t  (cost=0.00..61283.27 rows=2528527 width=4) (actual time=0.019..4783.462 rows=2528312 loops=1)
Planning time: 32.002 ms
Execution time: 23348.121 ms
