Hash Join  (cost=102767.86..246673.26 rows=2203586 width=0) (actual time=5645.435..13894.315 rows=2201937 loops=1)
  Hash Cond: (mk.movie_id = t.id)
  ->  Seq Scan on movie_keyword mk  (cost=0.00..81003.12 rows=2203586 width=4) (actual time=0.021..5584.816 rows=2201937 loops=1)
        Filter: (keyword_id > 5068)
        Rows Removed by Filter: 2321993
  ->  Hash  (cost=61283.27..61283.27 rows=2528527 width=4) (actual time=5643.540..5643.540 rows=2528312 loops=1)
        Buckets: 131072  Batches: 64  Memory Usage: 2425kB
        ->  Seq Scan on title t  (cost=0.00..61283.27 rows=2528527 width=4) (actual time=0.014..4321.764 rows=2528312 loops=1)
Planning time: 0.657 ms
Execution time: 14237.159 ms
