Nested Loop  (cost=62349.08..859749.77 rows=20 width=0) (actual time=42076.412..42091.437 rows=2 loops=1)
  ->  Hash Join  (cost=62348.65..859639.24 rows=98 width=8) (actual time=42071.072..42090.977 rows=6 loops=1)
        Hash Cond: (ci.movie_id = mc.movie_id)
        ->  Seq Scan on cast_info ci  (cost=0.00..796071.18 rows=369 width=4) (actual time=33395.582..39132.576 rows=379 loops=1)
              Filter: ((role_id < 5) AND (person_id = 2393199))
              Rows Removed by Filter: 36243965
        ->  Hash  (cost=57926.93..57926.93 rows=269497 width=4) (actual time=2930.340..2930.340 rows=140632 loops=1)
              Buckets: 131072  Batches: 4  Memory Usage: 2263kB
              ->  Seq Scan on movie_companies mc  (cost=0.00..57926.93 rows=269497 width=4) (actual time=832.186..2867.267 rows=140632 loops=1)
                    Filter: ((company_id < 495) AND (company_type_id = 2))
                    Rows Removed by Filter: 2468497
  ->  Index Scan using title_pkey on title t  (cost=0.43..1.12 rows=1 width=4) (actual time=0.068..0.068 rows=0 loops=6)
        Index Cond: (id = mc.movie_id)
        Filter: (production_year < 2004)
        Rows Removed by Filter: 1
Planning time: 1.259 ms
Execution time: 42091.615 ms
