Hash Join  (cost=83568.99..633228.77 rows=3366718 width=0) (actual time=4831.231..42900.237 rows=7378441 loops=1)
  Hash Cond: (mi.movie_id = t.id)
  ->  Seq Scan on movie_info mi  (cost=0.00..346232.03 rows=14483353 width=4) (actual time=0.021..25260.563 rows=14528932 loops=1)
        Filter: (info_type_id < 106)
        Rows Removed by Filter: 306788
  ->  Hash  (cost=73925.90..73925.90 rows=587767 width=4) (actual time=4830.353..4830.353 rows=594730 loops=1)
        Buckets: 131072  Batches: 8  Memory Usage: 3657kB
        ->  Seq Scan on title t  (cost=0.00..73925.90 rows=587767 width=4) (actual time=13.229..4558.890 rows=594730 loops=1)
              Filter: ((production_year < 2012) AND (kind_id = 1))
              Rows Removed by Filter: 1933582
Planning time: 5.931 ms
Execution time: 44043.745 ms
