Hash Join  (cost=102767.86..182147.42 rows=481023 width=0) (actual time=4886.392..8699.161 rows=689065 loops=1)
  Hash Cond: (mc.movie_id = t.id)
  ->  Seq Scan on movie_companies mc  (cost=0.00..57926.93 rows=481023 width=4) (actual time=0.025..2741.448 rows=689065 loops=1)
        Filter: ((company_id < 4419) AND (company_type_id = 1))
        Rows Removed by Filter: 1920064
  ->  Hash  (cost=61283.27..61283.27 rows=2528527 width=4) (actual time=4884.973..4884.973 rows=2528312 loops=1)
        Buckets: 131072  Batches: 64  Memory Usage: 2415kB
        ->  Seq Scan on title t  (cost=0.00..61283.27 rows=2528527 width=4) (actual time=0.024..3361.407 rows=2528312 loops=1)
Planning time: 0.808 ms
Execution time: 8794.405 ms
