Hash Join  (cost=267750.27..372108.24 rows=1889404 width=0) (actual time=15171.802..24459.322 rows=13371859 loops=1)
  Hash Cond: (mc.movie_id = t.id)
  ->  Seq Scan on movie_companies mc  (cost=0.00..44881.29 rows=2609129 width=4) (actual time=0.026..3254.714 rows=2609129 loops=1)
  ->  Hash  (cost=237709.32..237709.32 rows=1831036 width=8) (actual time=15170.202..15170.202 rows=1839361 loops=1)
        Buckets: 131072  Batches: 32  Memory Usage: 3259kB
        ->  Hash Join  (cost=102767.86..237709.32 rows=1831036 width=8) (actual time=6093.924..14499.691 rows=1839361 loops=1)
              Hash Cond: (mk.movie_id = t.id)
              ->  Seq Scan on movie_keyword mk  (cost=0.00..81003.12 rows=1831036 width=4) (actual time=0.025..5573.139 rows=1839361 loops=1)
                    Filter: (keyword_id < 3040)
                    Rows Removed by Filter: 2684569
              ->  Hash  (cost=61283.27..61283.27 rows=2528527 width=4) (actual time=6092.387..6092.387 rows=2528312 loops=1)
                    Buckets: 131072  Batches: 64  Memory Usage: 2425kB
                    ->  Seq Scan on title t  (cost=0.00..61283.27 rows=2528527 width=4) (actual time=0.016..4468.491 rows=2528312 loops=1)
Planning time: 1.029 ms
Execution time: 26439.326 ms
