Hash Join  (cost=74406.67..441304.53 rows=224194 width=0) (actual time=3877.601..28657.306 rows=168242 loops=1)
  Hash Cond: (mi.movie_id = t.id)
  ->  Seq Scan on movie_info mi  (cost=0.00..309384.22 rows=14739122 width=4) (actual time=0.018..18671.169 rows=14835720 loops=1)
  ->  Hash  (cost=73925.90..73925.90 rows=38461 width=4) (actual time=3877.104..3877.104 rows=44913 loops=1)
        Buckets: 65536  Batches: 1  Memory Usage: 2091kB
        ->  Seq Scan on title t  (cost=0.00..73925.90 rows=38461 width=4) (actual time=0.034..3856.557 rows=44913 loops=1)
              Filter: ((kind_id > 1) AND (production_year = 2000))
              Rows Removed by Filter: 2483399
Planning time: 0.678 ms
Execution time: 28689.422 ms
