Hash Join  (cost=89201.08..170039.50 rows=465538 width=0) (actual time=4703.723..8949.395 rows=362616 loops=1)
  Hash Cond: (mc.movie_id = t.id)
  ->  Seq Scan on movie_companies mc  (cost=0.00..57926.93 rows=1264294 width=4) (actual time=0.031..3209.835 rows=1312144 loops=1)
        Filter: ((company_id > 19) AND (company_type_id > 1))
        Rows Removed by Filter: 1296985
  ->  Hash  (cost=73925.90..73925.90 rows=931054 width=4) (actual time=4702.620..4702.620 rows=852178 loops=1)
        Buckets: 131072  Batches: 16  Memory Usage: 2899kB
        ->  Seq Scan on title t  (cost=0.00..73925.90 rows=931054 width=4) (actual time=0.012..4339.143 rows=852178 loops=1)
              Filter: ((kind_id > 1) AND (production_year < 2004))
              Rows Removed by Filter: 1676134
Planning time: 0.871 ms
Execution time: 9002.120 ms
