Hash Join  (cost=105158.24..163525.17 rows=36563 width=0) (actual time=6143.785..10132.471 rows=152373 loops=1)
  Hash Cond: (mc.movie_id = t.id)
  ->  Seq Scan on movie_companies mc  (cost=0.00..51404.11 rows=1759249 width=4) (actual time=0.028..3231.540 rows=1751055 loops=1)
        Filter: (company_id < 24483)
        Rows Removed by Filter: 858074
  ->  Hash  (cost=104501.35..104501.35 rows=52551 width=8) (actual time=6143.106..6143.106 rows=53902 loops=1)
        Buckets: 65536  Batches: 1  Memory Usage: 2618kB
        ->  Hash Join  (cost=72333.74..104501.35 rows=52551 width=8) (actual time=4118.844..6112.153 rows=53902 loops=1)
              Hash Cond: (mi_idx.movie_id = t.id)
              ->  Seq Scan on movie_info_idx mi_idx  (cost=0.00..25185.44 rows=460978 width=4) (actual time=0.030..1661.545 rows=459925 loops=1)
                    Filter: (info_type_id < 100)
                    Rows Removed by Filter: 920110
              ->  Hash  (cost=67604.59..67604.59 rows=288252 width=4) (actual time=4118.055..4118.055 rows=285055 loops=1)
                    Buckets: 131072  Batches: 4  Memory Usage: 3527kB
                    ->  Seq Scan on title t  (cost=0.00..67604.59 rows=288252 width=4) (actual time=0.016..3734.636 rows=285055 loops=1)
                          Filter: (production_year < 1964)
                          Rows Removed by Filter: 2243257
Planning time: 1.166 ms
Execution time: 10153.668 ms
