Hash Join  (cost=98347.17..930999.22 rows=1072242 width=0) (actual time=13812.594..42735.879 rows=3128274 loops=1)
  Hash Cond: (ci.movie_id = t.id)
  ->  Seq Scan on cast_info ci  (cost=0.00..796071.18 rows=1446890 width=4) (actual time=9239.503..34508.797 rows=3400237 loops=1)
        Filter: ((person_id > 2466733) AND (role_id = 10))
        Rows Removed by Filter: 32844107
  ->  Hash  (cost=67604.59..67604.59 rows=1873807 width=4) (actual time=4571.564..4571.564 rows=1871198 loops=1)
        Buckets: 131072  Batches: 32  Memory Usage: 3088kB
        ->  Seq Scan on title t  (cost=0.00..67604.59 rows=1873807 width=4) (actual time=0.023..3840.877 rows=1871198 loops=1)
              Filter: (production_year > 1984)
              Rows Removed by Filter: 657114
Planning time: 0.763 ms
Execution time: 43149.187 ms
