Seq Scan on cast_info ci  (cost=0.00..796071.18 rows=2637486 width=0) (actual time=0.015..35616.002 rows=3073128 loops=1)
  Filter: ((person_id > 1206226) AND (role_id = 3))
  Rows Removed by Filter: 33171216
Planning time: 0.344 ms
Execution time: 36152.231 ms
