Hash Join  (cost=205522.26..346348.81 rows=1545051 width=0) (actual time=10494.497..20622.086 rows=7063899 loops=1)
  Hash Cond: (mk.movie_id = t.id)
  ->  Seq Scan on movie_keyword mk  (cost=0.00..69693.30 rows=4523930 width=4) (actual time=0.023..4780.648 rows=4523930 loops=1)
  ->  Hash  (cost=191353.71..191353.71 rows=863564 width=8) (actual time=10493.512..10493.512 rows=1069287 loops=1)
        Buckets: 131072  Batches: 16  Memory Usage: 3651kB
        ->  Hash Join  (cost=102767.86..191353.71 rows=863564 width=8) (actual time=5915.165..10133.672 rows=1069287 loops=1)
              Hash Cond: (mc.movie_id = t.id)
              ->  Seq Scan on movie_companies mc  (cost=0.00..57926.93 rows=863564 width=4) (actual time=432.653..3015.841 rows=1069287 loops=1)
                    Filter: ((company_id > 3099) AND (company_type_id > 1))
                    Rows Removed by Filter: 1539842
              ->  Hash  (cost=61283.27..61283.27 rows=2528527 width=4) (actual time=5481.187..5481.187 rows=2528312 loops=1)
                    Buckets: 131072  Batches: 64  Memory Usage: 2415kB
                    ->  Seq Scan on title t  (cost=0.00..61283.27 rows=2528527 width=4) (actual time=0.025..4263.845 rows=2528312 loops=1)
Planning time: 3.587 ms
Execution time: 21597.175 ms
