Seq Scan on movie_companies mc  (cost=0.00..57926.93 rows=484054 width=0) (actual time=1059.486..2527.125 rows=279289 loops=1)
  Filter: ((company_id < 3692) AND (company_type_id = 2))
  Rows Removed by Filter: 2329840
Planning time: 0.330 ms
Execution time: 2613.002 ms
