Seq Scan on cast_info ci  (cost=0.00..705507.15 rows=11349750 width=0) (actual time=0.021..35972.031 rows=11340655 loops=1)
  Filter: (person_id > 2565717)
  Rows Removed by Filter: 24903689
Planning time: 0.305 ms
Execution time: 38026.030 ms
