Hash Join  (cost=74019.21..133937.55 rows=6650 width=0) (actual time=3086.963..6553.635 rows=5757 loops=1)
  Hash Cond: (mc.movie_id = t.id)
  ->  Seq Scan on movie_companies mc  (cost=0.00..51404.11 rows=2252730 width=4) (actual time=1.917..2908.588 rows=2258452 loops=1)
        Filter: (company_id > 166)
        Rows Removed by Filter: 350677
  ->  Hash  (cost=73925.90..73925.90 rows=7464 width=4) (actual time=3077.857..3077.857 rows=5186 loops=1)
        Buckets: 8192  Batches: 1  Memory Usage: 247kB
        ->  Seq Scan on title t  (cost=0.00..73925.90 rows=7464 width=4) (actual time=0.198..3075.528 rows=5186 loops=1)
              Filter: ((kind_id = 4) AND (production_year = 2012))
              Rows Removed by Filter: 2523126
Planning time: 0.753 ms
Execution time: 6554.948 ms
