Hash Join  (cost=74617.32..129853.60 rows=57076 width=0) (actual time=1267.360..2667.065 rows=75154 loops=1)
  Hash Cond: (mc.movie_id = t.id)
  ->  Seq Scan on movie_companies mc  (cost=0.00..44881.29 rows=2609129 width=4) (actual time=0.018..662.631 rows=2609129 loops=1)
  ->  Hash  (cost=73925.90..73925.90 rows=55313 width=4) (actual time=1266.875..1266.875 rows=49075 loops=1)
        Buckets: 65536  Batches: 1  Memory Usage: 2238kB
        ->  Seq Scan on title t  (cost=0.00..73925.90 rows=55313 width=4) (actual time=0.194..1247.349 rows=49075 loops=1)
              Filter: ((kind_id < 7) AND (production_year = 2010))
              Rows Removed by Filter: 2479237
Planning time: 0.753 ms
Execution time: 2678.702 ms
