Hash Join  (cost=921411.81..1420725.48 rows=1828174 width=0) (actual time=47584.296..79887.910 rows=2099207 loops=1)
  Hash Cond: (mi.movie_id = t.id)
  ->  Seq Scan on movie_info mi  (cost=0.00..309384.22 rows=14739122 width=4) (actual time=0.025..22242.277 rows=14835720 loops=1)
  ->  Hash  (cost=916265.48..916265.48 rows=313627 width=8) (actual time=47583.508..47583.508 rows=117356 loops=1)
        Buckets: 131072  Batches: 8  Memory Usage: 1605kB
        ->  Hash Join  (cost=102767.86..916265.48 rows=313627 width=8) (actual time=42526.586..47543.061 rows=117356 loops=1)
              Hash Cond: (ci.movie_id = t.id)
              ->  Seq Scan on cast_info ci  (cost=0.00..796071.18 rows=313627 width=4) (actual time=37237.135..41708.235 rows=117356 loops=1)
                    Filter: ((person_id < 3363874) AND (role_id > 10))
                    Rows Removed by Filter: 36126988
              ->  Hash  (cost=61283.27..61283.27 rows=2528527 width=4) (actual time=5287.905..5287.905 rows=2528312 loops=1)
                    Buckets: 131072  Batches: 64  Memory Usage: 2415kB
                    ->  Seq Scan on title t  (cost=0.00..61283.27 rows=2528527 width=4) (actual time=0.033..4103.764 rows=2528312 loops=1)
Planning time: 1.158 ms
Execution time: 80236.904 ms
