Seq Scan on movie_keyword mk  (cost=0.00..81003.12 rows=4203017 width=0) (actual time=0.025..4297.945 rows=4184648 loops=1)
  Filter: (keyword_id > 280)
  Rows Removed by Filter: 339282
Planning time: 0.313 ms
Execution time: 5146.499 ms
