Nested Loop  (cost=0.43..709671.90 rows=500 width=0) (actual time=9898.264..11043.927 rows=321 loops=1)
  ->  Seq Scan on cast_info ci  (cost=0.00..705507.15 rows=500 width=4) (actual time=9898.153..11035.868 rows=321 loops=1)
        Filter: (person_id = 1079479)
        Rows Removed by Filter: 36244023
  ->  Index Only Scan using title_pkey on title t  (cost=0.43..8.32 rows=1 width=4) (actual time=0.024..0.024 rows=1 loops=321)
        Index Cond: (id = ci.movie_id)
        Heap Fetches: 321
Planning time: 0.569 ms
Execution time: 11044.069 ms
