Seq Scan on cast_info ci  (cost=0.00..796071.18 rows=5794670 width=0) (actual time=0.017..40287.556 rows=8949651 loops=1)
  Filter: ((person_id > 2800669) AND (role_id > 1))
  Rows Removed by Filter: 27294693
Planning time: 0.409 ms
Execution time: 41944.675 ms
