Hash Join  (cost=102767.86..197916.38 rows=1136344 width=0) (actual time=6769.070..10873.058 rows=952188 loops=1)
  Hash Cond: (mc.movie_id = t.id)
  ->  Seq Scan on movie_companies mc  (cost=0.00..57926.93 rows=1136344 width=4) (actual time=1065.190..3645.352 rows=952188 loops=1)
        Filter: ((company_id < 83952) AND (company_type_id = 2))
        Rows Removed by Filter: 1656941
  ->  Hash  (cost=61283.27..61283.27 rows=2528527 width=4) (actual time=5702.428..5702.428 rows=2528312 loops=1)
        Buckets: 131072  Batches: 64  Memory Usage: 2415kB
        ->  Seq Scan on title t  (cost=0.00..61283.27 rows=2528527 width=4) (actual time=0.025..4347.336 rows=2528312 loops=1)
Planning time: 14.141 ms
Execution time: 11040.525 ms
