Hash Join  (cost=83074.74..110002.76 rows=45 width=0) (actual time=4134.986..5110.429 rows=9 loops=1)
  Hash Cond: (mi_idx.movie_id = t.id)
  ->  Seq Scan on movie_info_idx mi_idx  (cost=0.00..25185.44 rows=464566 width=4) (actual time=0.026..1178.605 rows=459925 loops=1)
        Filter: (info_type_id = 101)
        Rows Removed by Filter: 920110
  ->  Hash  (cost=83071.67..83071.67 rows=246 width=8) (actual time=3852.906..3852.906 rows=11 loops=1)
        Buckets: 1024  Batches: 1  Memory Usage: 9kB
        ->  Nested Loop  (cost=0.43..83071.67 rows=246 width=8) (actual time=15.636..3852.871 rows=11 loops=1)
              ->  Seq Scan on movie_keyword mk  (cost=0.00..81003.12 rows=246 width=4) (actual time=15.530..3849.454 rows=11 loops=1)
                    Filter: (keyword_id = 10363)
                    Rows Removed by Filter: 4523919
              ->  Index Only Scan using title_pkey on title t  (cost=0.43..8.40 rows=1 width=4) (actual time=0.298..0.300 rows=1 loops=11)
                    Index Cond: (id = mk.movie_id)
                    Heap Fetches: 11
Planning time: 1.129 ms
Execution time: 5110.549 ms
