Hash Join  (cost=159036.21..272448.24 rows=201856 width=0) (actual time=8636.945..15365.345 rows=107054 loops=1)
  Hash Cond: (mk.movie_id = t.id)
  ->  Seq Scan on movie_keyword mk  (cost=0.00..81003.12 rows=2560894 width=4) (actual time=0.026..5235.290 rows=2555664 loops=1)
        Filter: (keyword_id < 6435)
        Rows Removed by Filter: 1968266
  ->  Hash  (cost=155765.89..155765.89 rows=199305 width=8) (actual time=8200.633..8200.633 rows=133615 loops=1)
        Buckets: 131072  Batches: 4  Memory Usage: 2341kB
        ->  Hash Join  (cost=81711.23..155765.89 rows=199305 width=8) (actual time=3764.923..8135.268 rows=133615 loops=1)
              Hash Cond: (mc.movie_id = t.id)
              ->  Seq Scan on movie_companies mc  (cost=0.00..57926.93 rows=1062048 width=4) (actual time=0.028..3458.804 rows=1274246 loops=1)
                    Filter: ((company_id < 77457) AND (company_type_id = 1))
                    Rows Removed by Filter: 1334883
              ->  Hash  (cost=73925.90..73925.90 rows=474506 width=4) (actual time=3763.523..3763.523 rows=360459 loops=1)
                    Buckets: 131072  Batches: 8  Memory Usage: 2595kB
                    ->  Seq Scan on title t  (cost=0.00..73925.90 rows=474506 width=4) (actual time=80.482..3609.180 rows=360459 loops=1)
                          Filter: ((production_year < 1994) AND (kind_id = 7))
                          Rows Removed by Filter: 2167853
Planning time: 33.678 ms
Execution time: 15386.187 ms
