Seq Scan on movie_companies mc  (cost=0.00..57926.93 rows=628916 width=0) (actual time=0.026..3067.614 rows=892509 loops=1)
  Filter: ((company_id > 11705) AND (company_type_id > 1))
  Rows Removed by Filter: 1716620
Planning time: 0.301 ms
Execution time: 3237.248 ms
