Seq Scan on cast_info ci  (cost=0.00..796071.18 rows=80 width=0) (actual time=6981.559..37554.403 rows=32 loops=1)
  Filter: ((role_id > 8) AND (person_id = 1626419))
  Rows Removed by Filter: 36244312
Planning time: 0.371 ms
Execution time: 37554.534 ms
