Hash Join  (cost=74434.21..134740.18 rows=36606 width=0) (actual time=3640.029..7427.223 rows=11188 loops=1)
  Hash Cond: (mc.movie_id = t.id)
  ->  Seq Scan on movie_companies mc  (cost=0.00..51404.11 rows=2276215 width=4) (actual time=0.023..3098.448 rows=2280116 loops=1)
        Filter: (company_id > 160)
        Rows Removed by Filter: 329013
  ->  Hash  (cost=73925.90..73925.90 rows=40664 width=4) (actual time=3639.547..3639.547 rows=40257 loops=1)
        Buckets: 65536  Batches: 1  Memory Usage: 1928kB
        ->  Seq Scan on title t  (cost=0.00..73925.90 rows=40664 width=4) (actual time=0.026..3621.514 rows=40257 loops=1)
              Filter: ((production_year > 2012) AND (kind_id = 7))
              Rows Removed by Filter: 2488055
Planning time: 0.707 ms
Execution time: 7430.151 ms
