Hash Join  (cost=217021.02..1131922.30 rows=5776341 width=0) (actual time=18380.114..69759.732 rows=10253729 loops=1)
  Hash Cond: (ci.movie_id = t.id)
  ->  Seq Scan on cast_info ci  (cost=0.00..705507.15 rows=12726058 width=4) (actual time=4772.805..42438.566 rows=12670688 loops=1)
        Filter: (role_id = 1)
        Rows Removed by Filter: 23573656
  ->  Hash  (cost=198190.84..198190.84 rows=1147695 width=8) (actual time=13606.392..13606.392 rows=1257161 loops=1)
        Buckets: 131072 (originally 131072)  Batches: 32 (originally 16)  Memory Usage: 4084kB
        ->  Hash Join  (cost=102767.86..198190.84 rows=1147695 width=8) (actual time=8723.701..13189.503 rows=1257161 loops=1)
              Hash Cond: (mc.movie_id = t.id)
              ->  Seq Scan on movie_companies mc  (cost=0.00..57926.93 rows=1147695 width=4) (actual time=1654.779..3696.435 rows=1257161 loops=1)
                    Filter: ((company_id > 168) AND (company_type_id > 1))
                    Rows Removed by Filter: 1351968
              ->  Hash  (cost=61283.27..61283.27 rows=2528527 width=4) (actual time=7067.672..7067.672 rows=2528312 loops=1)
                    Buckets: 131072  Batches: 64  Memory Usage: 2415kB
                    ->  Seq Scan on title t  (cost=0.00..61283.27 rows=2528527 width=4) (actual time=0.023..4437.540 rows=2528312 loops=1)
Planning time: 1.100 ms
Execution time: 71201.263 ms
