Nested Loop  (cost=0.43..83072.29 rows=150 width=0) (actual time=14.662..3929.421 rows=48 loops=1)
  ->  Seq Scan on movie_keyword mk  (cost=0.00..81003.12 rows=246 width=4) (actual time=14.616..3878.359 rows=267 loops=1)
        Filter: (keyword_id = 4381)
        Rows Removed by Filter: 4523663
  ->  Index Scan using title_pkey on title t  (cost=0.43..8.40 rows=1 width=4) (actual time=0.188..0.188 rows=0 loops=267)
        Index Cond: (id = mk.movie_id)
        Filter: (kind_id = 7)
        Rows Removed by Filter: 1
Planning time: 1.916 ms
Execution time: 3929.552 ms
