Hash Join  (cost=71185.45..942962.55 rows=20083 width=0) (actual time=2637.071..50116.109 rows=8650 loops=1)
  Hash Cond: (ci.movie_id = t.id)
  ->  Seq Scan on cast_info ci  (cost=0.00..796071.18 rows=20134691 width=4) (actual time=0.032..43092.409 rows=19515939 loops=1)
        Filter: ((person_id > 559241) AND (role_id < 4))
        Rows Removed by Filter: 16728405
  ->  Hash  (cost=71153.93..71153.93 rows=2522 width=8) (actual time=2610.778..2610.778 rows=2805 loops=1)
        Buckets: 4096  Batches: 1  Memory Usage: 142kB
        ->  Nested Loop  (cost=0.43..71153.93 rows=2522 width=8) (actual time=0.076..2609.091 rows=2805 loops=1)
              ->  Seq Scan on movie_companies mc  (cost=0.00..51404.11 rows=2522 width=4) (actual time=0.022..2347.901 rows=2805 loops=1)
                    Filter: (company_id = 13015)
                    Rows Removed by Filter: 2606324
              ->  Index Only Scan using title_pkey on title t  (cost=0.43..7.82 rows=1 width=4) (actual time=0.092..0.092 rows=1 loops=2805)
                    Index Cond: (id = mc.movie_id)
                    Heap Fetches: 2805
Planning time: 1.147 ms
Execution time: 50118.427 ms
