Hash Join  (cost=74469.67..101436.20 rows=7813 width=0) (actual time=2866.841..4335.190 rows=7463 loops=1)
  Hash Cond: (mi_idx.movie_id = t.id)
  ->  Seq Scan on movie_info_idx mi_idx  (cost=0.00..25185.44 rows=454124 width=4) (actual time=0.017..1269.084 rows=459925 loops=1)
        Filter: (info_type_id = 100)
        Rows Removed by Filter: 920110
  ->  Hash  (cost=73925.90..73925.90 rows=43501 width=4) (actual time=2866.412..2866.412 rows=39560 loops=1)
        Buckets: 65536  Batches: 1  Memory Usage: 1903kB
        ->  Seq Scan on title t  (cost=0.00..73925.90 rows=43501 width=4) (actual time=853.637..2841.711 rows=39560 loops=1)
              Filter: ((kind_id = 1) AND (production_year = 2012))
              Rows Removed by Filter: 2488752
Planning time: 19.636 ms
Execution time: 4336.707 ms
