Hash Join  (cost=837948.81..1215713.11 rows=424546 width=0) (actual time=36435.863..51665.290 rows=3576871 loops=1)
  Hash Cond: (mi.movie_id = t.id)
  ->  Seq Scan on movie_info mi  (cost=0.00..346232.03 rows=2194617 width=4) (actual time=3372.620..15390.827 rows=2233850 loops=1)
        Filter: (info_type_id > 16)
        Rows Removed by Filter: 12601870
  ->  Hash  (cost=829923.55..829923.55 rows=489141 width=8) (actual time=32964.225..32964.225 rows=515327 loops=1)
        Buckets: 131072  Batches: 8  Memory Usage: 3531kB
        ->  Hash Join  (cost=102767.86..829923.55 rows=489141 width=8) (actual time=23132.475..32032.408 rows=515327 loops=1)
              Hash Cond: (ci.movie_id = t.id)
              ->  Seq Scan on cast_info ci  (cost=0.00..705507.15 rows=489141 width=4) (actual time=18559.379..26573.647 rows=515327 loops=1)
                    Filter: (person_id > 3963577)
                    Rows Removed by Filter: 35729017
              ->  Hash  (cost=61283.27..61283.27 rows=2528527 width=4) (actual time=4571.882..4571.882 rows=2528312 loops=1)
                    Buckets: 131072  Batches: 64  Memory Usage: 2415kB
                    ->  Seq Scan on title t  (cost=0.00..61283.27 rows=2528527 width=4) (actual time=0.018..3422.901 rows=2528312 loops=1)
Planning time: 1.108 ms
Execution time: 52065.724 ms
