Seq Scan on movie_companies mc  (cost=0.00..51404.11 rows=252826 width=0) (actual time=0.022..2244.363 rows=248921 loops=1)
  Filter: (company_id < 119)
  Rows Removed by Filter: 2360208
Planning time: 0.273 ms
Execution time: 2277.794 ms
