Hash Join  (cost=83580.70..163086.72 rows=444085 width=0) (actual time=4365.258..8104.050 rows=676797 loops=1)
  Hash Cond: (mc.movie_id = t.id)
  ->  Seq Scan on movie_companies mc  (cost=0.00..57926.93 rows=1153129 width=4) (actual time=663.102..3142.274 rows=1274246 loops=1)
        Filter: ((company_id < 99189) AND (company_type_id = 1))
        Rows Removed by Filter: 1334883
  ->  Hash  (cost=67604.59..67604.59 rows=973769 width=4) (actual time=3700.964..3700.964 rows=971188 loops=1)
        Buckets: 131072  Batches: 16  Memory Usage: 3161kB
        ->  Seq Scan on title t  (cost=0.00..67604.59 rows=973769 width=4) (actual time=0.018..3322.909 rows=971188 loops=1)
              Filter: (production_year < 1999)
              Rows Removed by Filter: 1557124
Planning time: 0.754 ms
Execution time: 8205.535 ms
