Hash Join  (cost=83074.74..137742.81 rows=254 width=0) (actual time=1192.929..2164.497 rows=841 loops=1)
  Hash Cond: (mc.movie_id = t.id)
  ->  Seq Scan on movie_companies mc  (cost=0.00..44881.29 rows=2609129 width=4) (actual time=0.015..529.911 rows=2609129 loops=1)
  ->  Hash  (cost=83071.67..83071.67 rows=246 width=8) (actual time=1190.863..1190.863 rows=101 loops=1)
        Buckets: 1024  Batches: 1  Memory Usage: 12kB
        ->  Nested Loop  (cost=0.43..83071.67 rows=246 width=8) (actual time=10.139..1190.719 rows=101 loops=1)
              ->  Seq Scan on movie_keyword mk  (cost=0.00..81003.12 rows=246 width=4) (actual time=10.056..1186.303 rows=101 loops=1)
                    Filter: (keyword_id = 452)
                    Rows Removed by Filter: 4523829
              ->  Index Only Scan using title_pkey on title t  (cost=0.43..8.40 rows=1 width=4) (actual time=0.038..0.039 rows=1 loops=101)
                    Index Cond: (id = mk.movie_id)
                    Heap Fetches: 101
Planning time: 0.744 ms
Execution time: 2164.759 ms
