Hash Join  (cost=68078.69..823217.47 rows=190891 width=0) (actual time=20940.773..41219.618 rows=16914 loops=1)
  Hash Cond: (ci.movie_id = t.id)
  ->  Seq Scan on cast_info ci  (cost=0.00..705507.15 rows=12726058 width=4) (actual time=17961.346..34169.994 rows=12670688 loops=1)
        Filter: (role_id < 2)
        Rows Removed by Filter: 23573656
  ->  Hash  (cost=67604.59..67604.59 rows=37928 width=4) (actual time=2973.200..2973.200 rows=35050 loops=1)
        Buckets: 65536  Batches: 1  Memory Usage: 1745kB
        ->  Seq Scan on title t  (cost=0.00..67604.59 rows=37928 width=4) (actual time=347.897..2959.076 rows=35050 loops=1)
              Filter: (production_year < 1912)
              Rows Removed by Filter: 2493262
Planning time: 2.797 ms
Execution time: 41226.663 ms
