Seq Scan on title t  (cost=0.00..67604.59 rows=2222744 width=0) (actual time=0.015..1217.017 rows=2214818 loops=1)
  Filter: (production_year > 1959)
  Rows Removed by Filter: 313494
Planning time: 0.460 ms
Execution time: 1492.991 ms
