Seq Scan on cast_info ci  (cost=0.00..705507.15 rows=350181 width=42) (actual time=5089.298..12937.812 rows=316118 loops=1)
  Filter: (role_id > 10)
  Rows Removed by Filter: 35928226
Planning time: 0.425 ms
Execution time: 12956.400 ms
