Seq Scan on movie_keyword mk  (cost=0.00..81003.12 rows=2602019 width=0) (actual time=0.009..1372.743 rows=2590259 loops=1)
  Filter: (keyword_id < 6886)
  Rows Removed by Filter: 1933671
Planning time: 0.213 ms
Execution time: 1665.258 ms
