Hash Join  (cost=72420.37..454188.86 rows=30 width=0) (actual time=660.875..7872.112 rows=173 loops=1)
  Hash Cond: (mi.movie_id = t.id)
  ->  Seq Scan on movie_info mi  (cost=0.00..346232.03 rows=9476311 width=4) (actual time=0.029..5916.992 rows=9565151 loops=1)
        Filter: (info_type_id < 16)
        Rows Removed by Filter: 5270569
  ->  Hash  (cost=72420.27..72420.27 rows=8 width=8) (actual time=594.960..594.960 rows=1 loops=1)
        Buckets: 1024  Batches: 1  Memory Usage: 9kB
        ->  Nested Loop  (cost=0.43..72420.27 rows=8 width=8) (actual time=349.024..594.949 rows=1 loops=1)
              ->  Seq Scan on movie_companies mc  (cost=0.00..51404.11 rows=2696 width=4) (actual time=0.020..544.289 rows=2760 loops=1)
                    Filter: (company_id = 31)
                    Rows Removed by Filter: 2606369
              ->  Index Scan using title_pkey on title t  (cost=0.43..7.79 rows=1 width=4) (actual time=0.018..0.018 rows=0 loops=2760)
                    Index Cond: (id = mc.movie_id)
                    Filter: (production_year = 1965)
                    Rows Removed by Filter: 1
Planning time: 1.230 ms
Execution time: 7872.285 ms
