Seq Scan on cast_info ci  (cost=0.00..705507.15 rows=8035566 width=0) (actual time=0.028..11476.998 rows=8003341 loops=1)
  Filter: (person_id > 2879509)
  Rows Removed by Filter: 28241003
Planning time: 0.337 ms
Execution time: 12485.848 ms
