Hash Join  (cost=168916.58..535977.38 rows=240489 width=0) (actual time=3406.287..9745.507 rows=88036 loops=1)
  Hash Cond: (mi.movie_id = t.id)
  ->  Seq Scan on movie_info mi  (cost=0.00..309384.22 rows=14739122 width=4) (actual time=0.012..3475.767 rows=14835720 loops=1)
  ->  Hash  (cost=168400.88..168400.88 rows=41256 width=8) (actual time=3405.224..3405.224 rows=10041 loops=1)
        Buckets: 65536  Batches: 1  Memory Usage: 905kB
        ->  Hash Join  (cost=74311.74..168400.88 rows=41256 width=8) (actual time=2566.263..3401.147 rows=10041 loops=1)
              Hash Cond: (mk.movie_id = t.id)
              ->  Seq Scan on movie_keyword mk  (cost=0.00..81003.12 rows=3379588 width=4) (actual time=0.029..1623.562 rows=3369891 loops=1)
                    Filter: (keyword_id > 1337)
                    Rows Removed by Filter: 1154039
              ->  Hash  (cost=73925.90..73925.90 rows=30867 width=4) (actual time=1227.454..1227.454 rows=34773 loops=1)
                    Buckets: 65536 (originally 32768)  Batches: 1 (originally 1)  Memory Usage: 1735kB
                    ->  Seq Scan on title t  (cost=0.00..73925.90 rows=30867 width=4) (actual time=0.060..1212.078 rows=34773 loops=1)
                          Filter: ((kind_id > 6) AND (production_year = 1999))
                          Rows Removed by Filter: 2493539
Planning time: 1.233 ms
Execution time: 9756.460 ms
