Nested Loop  (cost=0.43..83072.29 rows=72 width=0) (actual time=0.127..1312.188 rows=402 loops=1)
  ->  Seq Scan on movie_keyword mk  (cost=0.00..81003.12 rows=246 width=4) (actual time=0.074..1272.080 rows=770 loops=1)
        Filter: (keyword_id = 5417)
        Rows Removed by Filter: 4523160
  ->  Index Scan using title_pkey on title t  (cost=0.43..8.40 rows=1 width=4) (actual time=0.050..0.051 rows=1 loops=770)
        Index Cond: (id = mk.movie_id)
        Filter: (production_year < 1992)
        Rows Removed by Filter: 0
Planning time: 7.733 ms
Execution time: 1312.527 ms
