Seq Scan on movie_companies mc  (cost=0.00..51404.11 rows=3479 width=0) (actual time=0.019..807.611 rows=3529 loops=1)
  Filter: (company_id = 419)
  Rows Removed by Filter: 2605600
Planning time: 0.366 ms
Execution time: 808.453 ms
