Hash Join  (cost=461452.96..1396780.33 rows=1212689 width=0) (actual time=10120.138..26624.899 rows=1113468 loops=1)
  Hash Cond: (ci.movie_id = t.id)
  ->  Seq Scan on cast_info ci  (cost=0.00..796071.18 rows=10899816 width=4) (actual time=1820.357..15186.536 rows=5751149 loops=1)
        Filter: ((person_id < 2496761) AND (role_id > 2))
        Rows Removed by Filter: 30493195
  ->  Hash  (cost=456837.48..456837.48 rows=281318 width=8) (actual time=8298.697..8298.697 rows=246442 loops=1)
        Buckets: 131072  Batches: 4  Memory Usage: 3415kB
        ->  Hash Join  (cost=71408.55..456837.48 rows=281318 width=8) (actual time=4890.132..8216.357 rows=246442 loops=1)
              Hash Cond: (mi.movie_id = t.id)
              ->  Seq Scan on movie_info mi  (cost=0.00..346232.03 rows=3068194 width=4) (actual time=3829.030..5744.060 rows=3036719 loops=1)
                    Filter: (info_type_id = 16)
                    Rows Removed by Filter: 11799001
              ->  Hash  (cost=67604.59..67604.59 rows=231837 width=4) (actual time=1060.111..1060.111 rows=231649 loops=1)
                    Buckets: 131072  Batches: 4  Memory Usage: 3082kB
                    ->  Seq Scan on title t  (cost=0.00..67604.59 rows=231837 width=4) (actual time=0.030..980.548 rows=231649 loops=1)
                          Filter: (production_year > 2011)
                          Rows Removed by Filter: 2296663
Planning time: 1.199 ms
Execution time: 26766.694 ms
