Hash Join  (cost=68058.67..150004.30 rows=3478 width=0) (actual time=1133.258..2334.434 rows=4323 loops=1)
  Hash Cond: (mk.movie_id = t.id)
  ->  Seq Scan on movie_keyword mk  (cost=0.00..81003.12 rows=242060 width=4) (actual time=0.017..1135.809 rows=256327 loops=1)
        Filter: (keyword_id < 228)
        Rows Removed by Filter: 4267603
  ->  Hash  (cost=67604.59..67604.59 rows=36327 width=4) (actual time=1132.199..1132.199 rows=36509 loops=1)
        Buckets: 65536  Batches: 1  Memory Usage: 1796kB
        ->  Seq Scan on title t  (cost=0.00..67604.59 rows=36327 width=4) (actual time=0.048..1115.961 rows=36509 loops=1)
              Filter: (production_year = 1996)
              Rows Removed by Filter: 2491803
Planning time: 0.709 ms
Execution time: 2335.338 ms
