Hash Join  (cost=78556.72..149561.98 rows=194605 width=0) (actual time=1556.479..3171.516 rows=568826 loops=1)
  Hash Cond: (mc.movie_id = t.id)
  ->  Seq Scan on movie_companies mc  (cost=0.00..57926.93 rows=737139 width=4) (actual time=0.019..1053.668 rows=957123 loops=1)
        Filter: ((company_id > 9353) AND (company_type_id = 2))
        Rows Removed by Filter: 1652006
  ->  Hash  (cost=67604.59..67604.59 rows=667531 width=4) (actual time=1422.719..1422.719 rows=662825 loops=1)
        Buckets: 131072  Batches: 16  Memory Usage: 2476kB
        ->  Seq Scan on title t  (cost=0.00..67604.59 rows=667531 width=4) (actual time=39.550..1212.313 rows=662825 loops=1)
              Filter: (kind_id = 1)
              Rows Removed by Filter: 1865487
Planning time: 0.737 ms
Execution time: 3230.418 ms
