Hash Join  (cost=100872.60..903808.33 rows=259 width=0) (actual time=6651.232..13171.675 rows=1504 loops=1)
  Hash Cond: (ci.movie_id = t.id)
  ->  Seq Scan on cast_info ci  (cost=0.00..796071.18 rows=1829856 width=4) (actual time=2722.861..11391.020 rows=781169 loops=1)
        Filter: ((person_id < 267273) AND (role_id > 1))
        Rows Removed by Filter: 35463175
  ->  Hash  (cost=100868.13..100868.13 rows=358 width=8) (actual time=1647.004..1647.004 rows=2269 loops=1)
        Buckets: 4096 (originally 1024)  Batches: 1 (originally 1)  Memory Usage: 121kB
        ->  Hash Join  (cost=73950.44..100868.13 rows=358 width=8) (actual time=1071.153..1645.856 rows=2269 loops=1)
              Hash Cond: (mi_idx.movie_id = t.id)
              ->  Seq Scan on movie_info_idx mi_idx  (cost=0.00..25185.44 rows=460978 width=4) (actual time=0.033..488.353 rows=459925 loops=1)
                    Filter: (info_type_id = 99)
                    Rows Removed by Filter: 920110
              ->  Hash  (cost=73925.90..73925.90 rows=1963 width=4) (actual time=1071.048..1071.048 rows=5190 loops=1)
                    Buckets: 8192 (originally 2048)  Batches: 1 (originally 1)  Memory Usage: 247kB
                    ->  Seq Scan on title t  (cost=0.00..73925.90 rows=1963 width=4) (actual time=253.718..1068.602 rows=5190 loops=1)
                          Filter: ((kind_id = 1) AND (production_year = 1992))
                          Rows Removed by Filter: 2523122
Planning time: 1.268 ms
Execution time: 13172.342 ms
