Hash Join  (cost=184099.10..1267088.60 rows=4788033 width=0) (actual time=3498.662..33147.258 rows=4696030 loops=1)
  Hash Cond: (ci.movie_id = t.id)
  ->  Seq Scan on cast_info ci  (cost=0.00..614943.12 rows=36225612 width=4) (actual time=0.014..13241.308 rows=36244344 loops=1)
  ->  Hash  (cost=178615.58..178615.58 rows=334202 width=8) (actual time=3497.792..3497.792 rows=183021 loops=1)
        Buckets: 131072  Batches: 8  Memory Usage: 1926kB
        ->  Hash Join  (cost=102767.86..178615.58 rows=334202 width=8) (actual time=1937.997..3440.108 rows=183021 loops=1)
              Hash Cond: (mc.movie_id = t.id)
              ->  Seq Scan on movie_companies mc  (cost=0.00..57926.93 rows=334202 width=4) (actual time=0.018..909.539 rows=183021 loops=1)
                    Filter: ((company_id < 875) AND (company_type_id = 2))
                    Rows Removed by Filter: 2426108
              ->  Hash  (cost=61283.27..61283.27 rows=2528527 width=4) (actual time=1936.117..1936.117 rows=2528312 loops=1)
                    Buckets: 131072  Batches: 64  Memory Usage: 2415kB
                    ->  Seq Scan on title t  (cost=0.00..61283.27 rows=2528527 width=4) (actual time=0.013..1121.030 rows=2528312 loops=1)
Planning time: 1.177 ms
Execution time: 33654.989 ms
