Hash Join  (cost=87162.74..861605.59 rows=1422702 width=0) (actual time=2780.356..15844.935 rows=1542359 loops=1)
  Hash Cond: (ci.movie_id = t.id)
  ->  Seq Scan on cast_info ci  (cost=0.00..705507.15 rows=4458847 width=4) (actual time=1370.049..11516.868 rows=4496118 loops=1)
        Filter: (person_id > 3240987)
        Rows Removed by Filter: 31748226
  ->  Hash  (cost=73925.90..73925.90 rows=806787 width=4) (actual time=1409.210..1409.210 rows=843018 loops=1)
        Buckets: 131072  Batches: 16  Memory Usage: 2879kB
        ->  Seq Scan on title t  (cost=0.00..73925.90 rows=806787 width=4) (actual time=0.039..1138.744 rows=843018 loops=1)
              Filter: ((kind_id < 7) AND (production_year < 2011))
              Rows Removed by Filter: 1685294
Planning time: 0.549 ms
Execution time: 16039.850 ms
