Hash Join  (cost=77526.34..441252.27 rows=116123 width=0) (actual time=5321.982..7731.574 rows=760013 loops=1)
  Hash Cond: (mi.movie_id = t.id)
  ->  Seq Scan on movie_info mi  (cost=0.00..346232.03 rows=1338312 width=4) (actual time=3976.100..5501.251 rows=1401902 loops=1)
        Filter: (info_type_id = 7)
        Rows Removed by Filter: 13433818
  ->  Hash  (cost=73925.90..73925.90 rows=219395 width=4) (actual time=1344.746..1344.746 rows=359523 loops=1)
        Buckets: 131072 (originally 131072)  Batches: 8 (originally 4)  Memory Usage: 3073kB
        ->  Seq Scan on title t  (cost=0.00..73925.90 rows=219395 width=4) (actual time=0.036..1217.731 rows=359523 loops=1)
              Filter: ((kind_id < 4) AND (production_year < 1988))
              Rows Removed by Filter: 2168789
Planning time: 0.537 ms
Execution time: 7821.262 ms
