Hash Join  (cost=76243.83..143963.30 rows=42591 width=0) (actual time=1409.063..2601.541 rows=21213 loops=1)
  Hash Cond: (mc.movie_id = t.id)
  ->  Seq Scan on movie_companies mc  (cost=0.00..57926.93 rows=762300 width=4) (actual time=322.850..1104.670 rows=981391 loops=1)
        Filter: ((company_id > 7747) AND (company_type_id = 2))
        Rows Removed by Filter: 1627738
  ->  Hash  (cost=73925.90..73925.90 rows=141274 width=4) (actual time=1084.515..1084.515 rows=150659 loops=1)
        Buckets: 131072  Batches: 2  Memory Usage: 3673kB
        ->  Seq Scan on title t  (cost=0.00..73925.90 rows=141274 width=4) (actual time=89.095..1028.553 rows=150659 loops=1)
              Filter: ((production_year > 2011) AND (kind_id = 7))
              Rows Removed by Filter: 2377653
Planning time: 0.855 ms
Execution time: 2604.408 ms
