Seq Scan on movie_companies mc  (cost=0.00..57926.93 rows=292175 width=0) (actual time=807.831..872.295 rows=4051 loops=1)
  Filter: ((company_id > 67153) AND (company_type_id = 1))
  Rows Removed by Filter: 2605078
Planning time: 0.354 ms
Execution time: 873.001 ms
