Seq Scan on movie_keyword mk  (cost=0.00..81003.12 rows=1859609 width=0) (actual time=0.014..1567.178 rows=1865466 loops=1)
  Filter: (keyword_id > 7389)
  Rows Removed by Filter: 2658464
Planning time: 0.320 ms
Execution time: 1804.382 ms
