Seq Scan on title t  (cost=0.00..73925.90 rows=898897 width=0) (actual time=0.012..1222.006 rows=815566 loops=1)
  Filter: ((kind_id < 7) AND (production_year > 1949))
  Rows Removed by Filter: 1712746
Planning time: 0.351 ms
Execution time: 1323.566 ms
