Hash Join  (cost=175152.67..609648.00 rows=1399564 width=0) (actual time=4632.784..12707.043 rows=1311293 loops=1)
  Hash Cond: (mi.movie_id = t.id)
  ->  Seq Scan on movie_info mi  (cost=0.00..346232.03 rows=6231111 width=4) (actual time=0.017..6027.918 rows=6223494 loops=1)
        Filter: (info_type_id > 8)
        Rows Removed by Filter: 8612226
  ->  Hash  (cost=165834.54..165834.54 rows=567930 width=8) (actual time=3711.890..3711.890 rows=238558 loops=1)
        Buckets: 131072  Batches: 8  Memory Usage: 2178kB
        ->  Hash Join  (cost=82955.72..165834.54 rows=567930 width=8) (actual time=1442.866..3650.501 rows=238558 loops=1)
              Hash Cond: (mc.movie_id = t.id)
              ->  Seq Scan on movie_companies mc  (cost=0.00..44881.29 rows=2609129 width=4) (actual time=0.020..891.965 rows=2609129 loops=1)
              ->  Hash  (cost=73925.90..73925.90 rows=550385 width=4) (actual time=1441.899..1441.899 rows=602403 loops=1)
                    Buckets: 131072  Batches: 8  Memory Usage: 3672kB
                    ->  Seq Scan on title t  (cost=0.00..73925.90 rows=550385 width=4) (actual time=0.024..1251.975 rows=602403 loops=1)
                          Filter: ((production_year > 2006) AND (kind_id = 7))
                          Rows Removed by Filter: 1925909
Planning time: 1.173 ms
Execution time: 12862.935 ms
