Hash Join  (cost=190230.21..1078521.81 rows=2784299 width=0) (actual time=10824.450..24650.400 rows=9299517 loops=1)
  Hash Cond: (ci.movie_id = t.id)
  ->  Seq Scan on cast_info ci  (cost=0.00..796071.18 rows=5101446 width=4) (actual time=6326.148..13402.832 rows=7850110 loops=1)
        Filter: ((person_id > 2893055) AND (role_id > 1))
        Rows Removed by Filter: 28394234
  ->  Hash  (cost=167588.78..167588.78 rows=1380035 width=8) (actual time=4497.098..4497.098 rows=1380035 loops=1)
        Buckets: 131072  Batches: 32  Memory Usage: 2708kB
        ->  Hash Join  (cost=102767.86..167588.78 rows=1380035 width=8) (actual time=2089.259..4109.989 rows=1380035 loops=1)
              Hash Cond: (mi_idx.movie_id = t.id)
              ->  Seq Scan on movie_info_idx mi_idx  (cost=0.00..21735.35 rows=1380035 width=4) (actual time=0.021..537.227 rows=1380035 loops=1)
              ->  Hash  (cost=61283.27..61283.27 rows=2528527 width=4) (actual time=2087.786..2087.786 rows=2528312 loops=1)
                    Buckets: 131072  Batches: 64  Memory Usage: 2415kB
                    ->  Seq Scan on title t  (cost=0.00..61283.27 rows=2528527 width=4) (actual time=0.021..1235.670 rows=2528312 loops=1)
Planning time: 1.240 ms
Execution time: 25752.663 ms
