Hash Join  (cost=69460.45..568242.64 rows=566556 width=0) (actual time=1130.625..12078.136 rows=514820 loops=1)
  Hash Cond: (mi.movie_id = t.id)
  ->  Seq Scan on movie_info mi  (cost=0.00..346232.03 rows=12665229 width=4) (actual time=0.015..6312.913 rows=12744652 loops=1)
        Filter: (info_type_id > 2)
        Rows Removed by Filter: 2091068
  ->  Hash  (cost=67604.59..67604.59 rows=113109 width=4) (actual time=1129.763..1129.763 rows=119565 loops=1)
        Buckets: 131072  Batches: 2  Memory Usage: 3121kB
        ->  Seq Scan on title t  (cost=0.00..67604.59 rows=113109 width=4) (actual time=0.026..1081.509 rows=119565 loops=1)
              Filter: (production_year = 2007)
              Rows Removed by Filter: 2408747
Planning time: 0.824 ms
Execution time: 12146.081 ms
