Hash Join  (cost=28268.73..392934.04 rows=940 width=0) (actual time=537.856..7557.756 rows=16786 loops=1)
  Hash Cond: (mi.movie_id = t.id)
  ->  Seq Scan on movie_info mi  (cost=0.00..309384.22 rows=14739122 width=4) (actual time=0.006..4498.271 rows=14835720 loops=1)
  ->  Hash  (cost=28266.72..28266.72 rows=161 width=8) (actual time=400.158..400.158 rows=49 loops=1)
        Buckets: 1024  Batches: 1  Memory Usage: 10kB
        ->  Nested Loop  (cost=0.43..28266.72 rows=161 width=8) (actual time=321.434..400.114 rows=49 loops=1)
              ->  Seq Scan on movie_info_idx mi_idx  (cost=0.00..25185.44 rows=368 width=4) (actual time=321.263..394.680 rows=260 loops=1)
                    Filter: (info_type_id > 101)
                    Rows Removed by Filter: 1379775
              ->  Index Scan using title_pkey on title t  (cost=0.43..8.36 rows=1 width=4) (actual time=0.020..0.020 rows=0 loops=260)
                    Index Cond: (id = mi_idx.movie_id)
                    Filter: (production_year > 2004)
                    Rows Removed by Filter: 1
Planning time: 1.179 ms
Execution time: 7560.534 ms
