Seq Scan on movie_keyword mk  (cost=0.00..81003.12 rows=3678062 width=0) (actual time=0.020..1551.115 rows=3671789 loops=1)
  Filter: (keyword_id < 21558)
  Rows Removed by Filter: 852141
Planning time: 0.315 ms
Execution time: 1995.143 ms
