Seq Scan on cast_info ci  (cost=0.00..705507.15 rows=27529901 width=0) (actual time=0.022..13289.668 rows=27662721 loops=1)
  Filter: (person_id > 843274)
  Rows Removed by Filter: 8581623
Planning time: 0.312 ms
Execution time: 16674.723 ms
