Hash Join  (cost=218098.01..304601.68 rows=830815 width=0) (actual time=4816.380..6679.474 rows=378262 loops=1)
  Hash Cond: (mc.movie_id = t.id)
  ->  Seq Scan on movie_companies mc  (cost=0.00..44881.29 rows=2609129 width=4) (actual time=0.025..939.551 rows=2609129 loops=1)
  ->  Hash  (cost=204887.65..204887.65 rows=805149 width=8) (actual time=4493.241..4493.241 rows=164219 loops=1)
        Buckets: 131072  Batches: 16  Memory Usage: 1427kB
        ->  Hash Join  (cost=92883.59..204887.65 rows=805149 width=8) (actual time=1829.061..4443.562 rows=164219 loops=1)
              Hash Cond: (mk.movie_id = t.id)
              ->  Seq Scan on movie_keyword mk  (cost=0.00..81003.12 rows=1321289 width=4) (actual time=0.021..1443.405 rows=1332412 loops=1)
                    Filter: (keyword_id < 1741)
                    Rows Removed by Filter: 3191518
              ->  Hash  (cost=67604.59..67604.59 rows=1540800 width=4) (actual time=1768.890..1768.890 rows=1543264 loops=1)
                    Buckets: 131072  Batches: 32  Memory Usage: 2728kB
                    ->  Seq Scan on title t  (cost=0.00..67604.59 rows=1540800 width=4) (actual time=0.018..1253.384 rows=1543264 loops=1)
                          Filter: (kind_id = 7)
                          Rows Removed by Filter: 985048
Planning time: 1.114 ms
Execution time: 6722.302 ms
