Seq Scan on movie_companies mc  (cost=0.00..57926.93 rows=226284 width=0) (actual time=0.019..874.922 rows=107317 loops=1)
  Filter: ((company_id < 336) AND (company_type_id > 1))
  Rows Removed by Filter: 2501812
Planning time: 0.387 ms
Execution time: 888.813 ms
