Hash Join  (cost=176988.75..530261.83 rows=57090 width=0) (actual time=7651.192..9544.266 rows=148458 loops=1)
  Hash Cond: (mi.movie_id = t.id)
  ->  Seq Scan on movie_info mi  (cost=0.00..346232.03 rows=451508 width=4) (actual time=3657.465..5373.927 rows=474443 loops=1)
        Filter: (info_type_id = 6)
        Rows Removed by Filter: 14361277
  ->  Hash  (cost=171743.32..171743.32 rows=319714 width=8) (actual time=3864.325..3864.325 rows=319854 loops=1)
        Buckets: 131072  Batches: 8  Memory Usage: 2605kB
        ->  Hash Join  (cost=102767.86..171743.32 rows=319714 width=8) (actual time=2141.089..3759.170 rows=319854 loops=1)
              Hash Cond: (mc.movie_id = t.id)
              ->  Seq Scan on movie_companies mc  (cost=0.00..51404.11 rows=319714 width=4) (actual time=0.041..910.535 rows=319854 loops=1)
                    Filter: (company_id > 91513)
                    Rows Removed by Filter: 2289275
              ->  Hash  (cost=61283.27..61283.27 rows=2528527 width=4) (actual time=2139.741..2139.741 rows=2528312 loops=1)
                    Buckets: 131072  Batches: 64  Memory Usage: 2415kB
                    ->  Seq Scan on title t  (cost=0.00..61283.27 rows=2528527 width=4) (actual time=0.022..1270.253 rows=2528312 loops=1)
Planning time: 1.194 ms
Execution time: 9563.170 ms
