Seq Scan on cast_info ci  (cost=0.00..796071.18 rows=5641032 width=0) (actual time=0.034..13279.811 rows=3475809 loops=1)
  Filter: ((person_id < 1238315) AND (role_id > 2))
  Rows Removed by Filter: 32768535
Planning time: 0.379 ms
Execution time: 13726.630 ms
