Hash Join  (cost=75356.03..932736.15 rows=438525 width=0) (actual time=1730.477..20312.456 rows=423496 loops=1)
  Hash Cond: (ci.movie_id = t.id)
  ->  Seq Scan on cast_info ci  (cost=0.00..705507.15 rows=12726058 width=4) (actual time=337.040..14315.037 rows=12670688 loops=1)
        Filter: (role_id = 1)
        Rows Removed by Filter: 23573656
  ->  Hash  (cost=73925.90..73925.90 rows=87130 width=4) (actual time=1392.541..1392.541 rows=96838 loops=1)
        Buckets: 131072  Batches: 2  Memory Usage: 2720kB
        ->  Seq Scan on title t  (cost=0.00..73925.90 rows=87130 width=4) (actual time=0.031..1359.247 rows=96838 loops=1)
              Filter: ((production_year < 2010) AND (kind_id = 4))
              Rows Removed by Filter: 2431474
Planning time: 0.766 ms
Execution time: 20365.624 ms
