Hash Join  (cost=70467.44..592377.26 rows=985483 width=0) (actual time=1442.039..14920.541 rows=1994419 loops=1)
  Hash Cond: (mi.movie_id = t.id)
  ->  Seq Scan on movie_info mi  (cost=0.00..346232.03 rows=14282391 width=4) (actual time=0.020..7088.742 rows=14308956 loops=1)
        Filter: (info_type_id < 103)
        Rows Removed by Filter: 526764
  ->  Hash  (cost=67604.59..67604.59 rows=174468 width=4) (actual time=1441.067..1441.067 rows=174610 loops=1)
        Buckets: 131072  Batches: 4  Memory Usage: 2563kB
        ->  Seq Scan on title t  (cost=0.00..67604.59 rows=174468 width=4) (actual time=0.020..1056.257 rows=174610 loops=1)
              Filter: (production_year < 1952)
              Rows Removed by Filter: 2353702
Planning time: 0.803 ms
Execution time: 15157.365 ms
