Seq Scan on cast_info ci  (cost=0.00..796071.18 rows=276 width=0) (actual time=11312.659..14084.255 rows=336 loops=1)
  Filter: ((role_id < 3) AND (person_id = 2092847))
  Rows Removed by Filter: 36244008
Planning time: 0.420 ms
Execution time: 14084.386 ms
