Hash Join  (cost=190230.21..1119306.35 rows=4092151 width=0) (actual time=4445.657..28386.817 rows=12860064 loops=1)
  Hash Cond: (ci.movie_id = t.id)
  ->  Seq Scan on cast_info ci  (cost=0.00..796071.18 rows=7497719 width=4) (actual time=0.024..14898.138 rows=10996985 loops=1)
        Filter: ((person_id > 1937516) AND (role_id > 2))
        Rows Removed by Filter: 25247359
  ->  Hash  (cost=167588.78..167588.78 rows=1380035 width=8) (actual time=4444.193..4444.193 rows=1380035 loops=1)
        Buckets: 131072  Batches: 32  Memory Usage: 2708kB
        ->  Hash Join  (cost=102767.86..167588.78 rows=1380035 width=8) (actual time=2093.801..4040.814 rows=1380035 loops=1)
              Hash Cond: (mi_idx.movie_id = t.id)
              ->  Seq Scan on movie_info_idx mi_idx  (cost=0.00..21735.35 rows=1380035 width=4) (actual time=0.014..442.385 rows=1380035 loops=1)
              ->  Hash  (cost=61283.27..61283.27 rows=2528527 width=4) (actual time=2092.107..2092.107 rows=2528312 loops=1)
                    Buckets: 131072  Batches: 64  Memory Usage: 2415kB
                    ->  Seq Scan on title t  (cost=0.00..61283.27 rows=2528527 width=4) (actual time=0.021..1041.944 rows=2528312 loops=1)
Planning time: 1.167 ms
Execution time: 29838.085 ms
