Nested Loop  (cost=0.43..798851.07 rows=332 width=0) (actual time=5967.238..11701.872 rows=385 loops=1)
  ->  Seq Scan on cast_info ci  (cost=0.00..796071.18 rows=332 width=4) (actual time=5967.065..11697.131 rows=385 loops=1)
        Filter: ((role_id < 4) AND (person_id = 2193861))
        Rows Removed by Filter: 36243959
  ->  Index Only Scan using title_pkey on title t  (cost=0.43..8.36 rows=1 width=4) (actual time=0.011..0.012 rows=1 loops=385)
        Index Cond: (id = ci.movie_id)
        Heap Fetches: 385
Planning time: 1.672 ms
Execution time: 11702.021 ms
