Seq Scan on cast_info ci  (cost=0.00..796071.18 rows=3796965 width=0) (actual time=333.875..14689.350 rows=5038207 loops=1)
  Filter: ((person_id > 1235996) AND (role_id > 8))
  Rows Removed by Filter: 31206137
Planning time: 0.339 ms
Execution time: 15241.372 ms
