Hash Join  (cost=84538.93..510197.34 rows=1393196 width=0) (actual time=2904.614..12391.652 rows=3102354 loops=1)
  Hash Cond: (mi.movie_id = t.id)
  ->  Seq Scan on movie_info mi  (cost=0.00..346232.03 rows=5445713 width=4) (actual time=874.957..6178.503 rows=5410520 loops=1)
        Filter: (info_type_id < 6)
        Rows Removed by Filter: 9425200
  ->  Hash  (cost=73925.90..73925.90 rows=646882 width=4) (actual time=1918.702..1918.702 rows=648624 loops=1)
        Buckets: 131072  Batches: 16  Memory Usage: 2454kB
        ->  Seq Scan on title t  (cost=0.00..73925.90 rows=646882 width=4) (actual time=0.030..1183.162 rows=648624 loops=1)
              Filter: ((production_year > 1900) AND (kind_id = 1))
              Rows Removed by Filter: 1879688
Planning time: 0.785 ms
Execution time: 12743.803 ms
