Hash Join  (cost=190230.21..1143125.94 rows=4855931 width=0) (actual time=12479.641..23203.692 rows=5518044 loops=1)
  Hash Cond: (ci.movie_id = t.id)
  ->  Seq Scan on cast_info ci  (cost=0.00..796071.18 rows=8897131 width=4) (actual time=8261.225..14522.423 rows=4907434 loops=1)
        Filter: ((person_id > 1058822) AND (role_id = 1))
        Rows Removed by Filter: 31336910
  ->  Hash  (cost=167588.78..167588.78 rows=1380035 width=8) (actual time=4217.131..4217.131 rows=1380035 loops=1)
        Buckets: 131072  Batches: 32  Memory Usage: 2708kB
        ->  Hash Join  (cost=102767.86..167588.78 rows=1380035 width=8) (actual time=1921.013..3847.190 rows=1380035 loops=1)
              Hash Cond: (mi_idx.movie_id = t.id)
              ->  Seq Scan on movie_info_idx mi_idx  (cost=0.00..21735.35 rows=1380035 width=4) (actual time=0.054..486.342 rows=1380035 loops=1)
              ->  Hash  (cost=61283.27..61283.27 rows=2528527 width=4) (actual time=1920.055..1920.055 rows=2528312 loops=1)
                    Buckets: 131072  Batches: 64  Memory Usage: 2415kB
                    ->  Seq Scan on title t  (cost=0.00..61283.27 rows=2528527 width=4) (actual time=0.018..1053.445 rows=2528312 loops=1)
Planning time: 1.190 ms
Execution time: 23835.260 ms
