Hash Join  (cost=75199.97..106204.11 rows=14258 width=0) (actual time=1171.829..1788.190 rows=6873 loops=1)
  Hash Cond: (mi_idx.movie_id = t.id)
  ->  Seq Scan on movie_info_idx mi_idx  (cost=0.00..25185.44 rows=464566 width=4) (actual time=0.025..431.814 rows=459925 loops=1)
        Filter: (info_type_id = 101)
        Rows Removed by Filter: 920110
  ->  Hash  (cost=73925.90..73925.90 rows=77605 width=4) (actual time=1170.855..1170.855 rows=84684 loops=1)
        Buckets: 131072  Batches: 2  Memory Usage: 2512kB
        ->  Seq Scan on title t  (cost=0.00..73925.90 rows=77605 width=4) (actual time=155.368..1138.854 rows=84684 loops=1)
              Filter: ((kind_id = 7) AND (production_year = 2009))
              Rows Removed by Filter: 2443628
Planning time: 1.568 ms
Execution time: 1789.353 ms
