Hash Join  (cost=102767.86..223499.22 rows=1240507 width=0) (actual time=1789.903..5136.343 rows=1252896 loops=1)
  Hash Cond: (mk.movie_id = t.id)
  ->  Seq Scan on movie_keyword mk  (cost=0.00..81003.12 rows=1240507 width=4) (actual time=0.025..1375.807 rows=1252896 loops=1)
        Filter: (keyword_id > 14373)
        Rows Removed by Filter: 3271034
  ->  Hash  (cost=61283.27..61283.27 rows=2528527 width=4) (actual time=1787.084..1787.084 rows=2528312 loops=1)
        Buckets: 131072  Batches: 64  Memory Usage: 2425kB
        ->  Seq Scan on title t  (cost=0.00..61283.27 rows=2528527 width=4) (actual time=0.016..913.568 rows=2528312 loops=1)
Planning time: 0.711 ms
Execution time: 5281.040 ms
