Hash Join  (cost=263115.61..1201025.57 rows=5571602 width=0) (actual time=12767.721..31154.702 rows=22156682 loops=1)
  Hash Cond: (ci.movie_id = t.id)
  ->  Seq Scan on cast_info ci  (cost=0.00..796071.18 rows=5399482 width=4) (actual time=6746.881..14285.920 rows=8346250 loops=1)
        Filter: ((person_id > 2016565) AND (role_id > 3))
        Rows Removed by Filter: 27898094
  ->  Hash  (cost=220309.49..220309.49 rows=2609129 width=8) (actual time=6018.517..6018.517 rows=2609129 loops=1)
        Buckets: 131072  Batches: 64  Memory Usage: 2610kB
        ->  Hash Join  (cost=102767.86..220309.49 rows=2609129 width=8) (actual time=1877.269..5276.325 rows=2609129 loops=1)
              Hash Cond: (mc.movie_id = t.id)
              ->  Seq Scan on movie_companies mc  (cost=0.00..44881.29 rows=2609129 width=4) (actual time=0.028..860.369 rows=2609129 loops=1)
              ->  Hash  (cost=61283.27..61283.27 rows=2528527 width=4) (actual time=1876.072..1876.072 rows=2528312 loops=1)
                    Buckets: 131072  Batches: 64  Memory Usage: 2415kB
                    ->  Seq Scan on title t  (cost=0.00..61283.27 rows=2528527 width=4) (actual time=0.020..1025.938 rows=2528312 loops=1)
Planning time: 1.163 ms
Execution time: 33650.966 ms
