Hash Join  (cost=75260.73..151467.64 rows=83939 width=0) (actual time=1285.341..3246.409 rows=125101 loops=1)
  Hash Cond: (mc.movie_id = t.id)
  ->  Seq Scan on movie_companies mc  (cost=0.00..44881.29 rows=2609129 width=4) (actual time=0.019..1002.695 rows=2609129 loops=1)
  ->  Hash  (cost=73925.90..73925.90 rows=81346 width=4) (actual time=1284.556..1284.556 rows=89089 loops=1)
        Buckets: 131072  Batches: 2  Memory Usage: 2584kB
        ->  Seq Scan on title t  (cost=0.00..73925.90 rows=81346 width=4) (actual time=478.994..1253.198 rows=89089 loops=1)
              Filter: ((production_year < 2009) AND (kind_id = 4))
              Rows Removed by Filter: 2439223
Planning time: 0.773 ms
Execution time: 3265.012 ms
