Hash Join  (cost=58375.58..145033.99 rows=38 width=0) (actual time=760.034..2575.311 rows=41 loops=1)
  Hash Cond: (mk.movie_id = t.id)
  ->  Seq Scan on movie_keyword mk  (cost=0.00..69693.30 rows=4523930 width=4) (actual time=0.012..1055.858 rows=4523930 loops=1)
  ->  Hash  (cost=58375.31..58375.31 rows=21 width=8) (actual time=756.113..756.113 rows=20 loops=1)
        Buckets: 1024  Batches: 1  Memory Usage: 9kB
        ->  Nested Loop  (cost=0.43..58375.31 rows=21 width=8) (actual time=93.127..756.081 rows=20 loops=1)
              ->  Seq Scan on movie_companies mc  (cost=0.00..57926.93 rows=53 width=4) (actual time=58.994..754.740 rows=27 loops=1)
                    Filter: ((company_id = 4671) AND (company_type_id = 2))
                    Rows Removed by Filter: 2609102
              ->  Index Scan using title_pkey on title t  (cost=0.43..8.45 rows=1 width=4) (actual time=0.045..0.046 rows=1 loops=27)
                    Index Cond: (id = mc.movie_id)
                    Filter: (kind_id < 7)
                    Rows Removed by Filter: 0
Planning time: 1.185 ms
Execution time: 2575.479 ms
