Hash Join  (cost=82999.35..165916.12 rows=570624 width=0) (actual time=1531.044..3795.507 rows=303050 loops=1)
  Hash Cond: (mc.movie_id = t.id)
  ->  Seq Scan on movie_companies mc  (cost=0.00..44881.29 rows=2609129 width=4) (actual time=0.018..898.200 rows=2609129 loops=1)
  ->  Hash  (cost=73925.90..73925.90 rows=552996 width=4) (actual time=1529.942..1529.942 rows=576764 loops=1)
        Buckets: 131072  Batches: 8  Memory Usage: 3554kB
        ->  Seq Scan on title t  (cost=0.00..73925.90 rows=552996 width=4) (actual time=0.029..1345.802 rows=576764 loops=1)
              Filter: ((kind_id > 2) AND (production_year > 2007))
              Rows Removed by Filter: 1951548
Planning time: 0.737 ms
Execution time: 3832.746 ms
