Seq Scan on movie_companies mc  (cost=0.00..51404.11 rows=1180493 width=0) (actual time=0.016..941.617 rows=1175768 loops=1)
  Filter: (company_id < 10005)
  Rows Removed by Filter: 1433361
Planning time: 0.343 ms
Execution time: 1088.950 ms
