Seq Scan on movie_keyword mk  (cost=0.00..81003.12 rows=6751 width=0) (actual time=414.230..1283.506 rows=5232 loops=1)
  Filter: (keyword_id > 129301)
  Rows Removed by Filter: 4518698
Planning time: 0.357 ms
Execution time: 1284.506 ms
