Seq Scan on movie_companies mc  (cost=0.00..51404.11 rows=1587658 width=0) (actual time=0.022..834.173 rows=1577265 loops=1)
  Filter: (company_id < 15549)
  Rows Removed by Filter: 1031864
Planning time: 0.545 ms
Execution time: 1037.121 ms
