Seq Scan on movie_keyword mk  (cost=0.00..81003.12 rows=494071 width=0) (actual time=27.582..1426.587 rows=488563 loops=1)
  Filter: (keyword_id > 36813)
  Rows Removed by Filter: 4035367
Planning time: 1.789 ms
Execution time: 1491.017 ms
