Hash Join  (cost=927296.29..997613.46 rows=232287 width=0) (actual time=16651.750..18884.182 rows=423775 loops=1)
  Hash Cond: (mc.movie_id = t.id)
  ->  Seq Scan on movie_companies mc  (cost=0.00..51404.11 rows=1279517 width=4) (actual time=378.870..1029.527 rows=1274246 loops=1)
        Filter: (company_type_id < 2)
        Rows Removed by Filter: 1334883
  ->  Hash  (cost=919764.36..919764.36 rows=459035 width=8) (actual time=16272.115..16272.115 rows=306193 loops=1)
        Buckets: 131072  Batches: 8  Memory Usage: 2521kB
        ->  Hash Join  (cost=102767.86..919764.36 rows=459035 width=8) (actual time=2860.280..16183.114 rows=306193 loops=1)
              Hash Cond: (ci.movie_id = t.id)
              ->  Seq Scan on cast_info ci  (cost=0.00..796071.18 rows=459035 width=4) (actual time=1168.179..13833.798 rows=306193 loops=1)
                    Filter: ((person_id < 2326570) AND (role_id = 6))
                    Rows Removed by Filter: 35938151
              ->  Hash  (cost=61283.27..61283.27 rows=2528527 width=4) (actual time=1690.527..1690.527 rows=2528312 loops=1)
                    Buckets: 131072  Batches: 64  Memory Usage: 2415kB
                    ->  Seq Scan on title t  (cost=0.00..61283.27 rows=2528527 width=4) (actual time=0.018..878.117 rows=2528312 loops=1)
Planning time: 1.213 ms
Execution time: 18939.658 ms
