Seq Scan on movie_companies mc  (cost=0.00..51404.11 rows=2057149 width=0) (actual time=0.018..980.435 rows=2052098 loops=1)
  Filter: (company_id < 71720)
  Rows Removed by Filter: 557031
Planning time: 0.334 ms
Execution time: 1242.968 ms
