Hash Join  (cost=300316.09..782046.31 rows=5470861 width=0) (actual time=9528.155..20550.520 rows=17979739 loops=1)
  Hash Cond: (mi.movie_id = t.id)
  ->  Seq Scan on movie_info mi  (cost=0.00..346232.03 rows=4972096 width=4) (actual time=2324.153..5917.043 rows=4923966 loops=1)
        Filter: (info_type_id < 5)
        Rows Removed by Filter: 9911754
  ->  Hash  (cost=254670.96..254670.96 rows=2782170 width=8) (actual time=7202.694..7202.694 rows=3430522 loops=1)
        Buckets: 131072  Batches: 64  Memory Usage: 3188kB
        ->  Hash Join  (cost=93117.31..254670.96 rows=2782170 width=8) (actual time=1675.214..6235.527 rows=3430522 loops=1)
              Hash Cond: (mk.movie_id = t.id)
              ->  Seq Scan on movie_keyword mk  (cost=0.00..69693.30 rows=4523930 width=4) (actual time=0.032..1423.670 rows=4523930 loops=1)
              ->  Hash  (cost=67604.59..67604.59 rows=1555018 width=4) (actual time=1673.792..1673.792 rows=1551727 loops=1)
                    Buckets: 131072  Batches: 32  Memory Usage: 2736kB
                    ->  Seq Scan on title t  (cost=0.00..67604.59 rows=1555018 width=4) (actual time=0.018..1157.878 rows=1551727 loops=1)
                          Filter: (production_year < 2007)
                          Rows Removed by Filter: 976585
Planning time: 1.154 ms
Execution time: 22596.364 ms
