Hash Join  (cost=76243.83..182650.91 rows=114552 width=0) (actual time=1179.059..3290.898 rows=19997 loops=1)
  Hash Cond: (mk.movie_id = t.id)
  ->  Seq Scan on movie_keyword mk  (cost=0.00..81003.12 rows=2050249 width=4) (actual time=0.015..1509.418 rows=2053119 loops=1)
        Filter: (keyword_id > 5952)
        Rows Removed by Filter: 2470811
  ->  Hash  (cost=73925.90..73925.90 rows=141274 width=4) (actual time=1129.944..1129.944 rows=150659 loops=1)
        Buckets: 131072  Batches: 2  Memory Usage: 3679kB
        ->  Seq Scan on title t  (cost=0.00..73925.90 rows=141274 width=4) (actual time=128.959..1073.028 rows=150659 loops=1)
              Filter: ((production_year > 2011) AND (kind_id = 7))
              Rows Removed by Filter: 2377653
Planning time: 0.756 ms
Execution time: 3293.614 ms
