Hash Join  (cost=83810.17..945143.95 rows=1550608 width=0) (actual time=3618.692..18562.116 rows=591594 loops=1)
  Hash Cond: (ci.movie_id = t.id)
  ->  Seq Scan on cast_info ci  (cost=0.00..796071.18 rows=3969472 width=4) (actual time=2215.914..15280.005 rows=1927751 loops=1)
        Filter: ((person_id < 3503645) AND (role_id = 10))
        Rows Removed by Filter: 34316593
  ->  Hash  (cost=67604.59..67604.59 rows=987727 width=4) (actual time=1401.392..1401.392 rows=985048 loops=1)
        Buckets: 131072  Batches: 16  Memory Usage: 3188kB
        ->  Seq Scan on title t  (cost=0.00..67604.59 rows=987727 width=4) (actual time=0.046..1093.987 rows=985048 loops=1)
              Filter: (kind_id < 7)
              Rows Removed by Filter: 1543264
Planning time: 0.749 ms
Execution time: 18636.662 ms
