Seq Scan on cast_info ci  (cost=0.00..705507.15 rows=500 width=0) (actual time=10311.677..11671.321 rows=9 loops=1)
  Filter: (person_id = 2022185)
  Rows Removed by Filter: 36244335
Planning time: 0.386 ms
Execution time: 11671.396 ms
