Seq Scan on movie_keyword mk  (cost=0.00..81003.12 rows=4444898 width=0) (actual time=0.015..1608.940 rows=4446038 loops=1)
  Filter: (keyword_id < 88469)
  Rows Removed by Filter: 77892
Planning time: 0.355 ms
Execution time: 2152.651 ms
