Seq Scan on movie_companies mc  (cost=0.00..57926.93 rows=51 width=0) (actual time=22.096..797.401 rows=171 loops=1)
  Filter: ((company_id = 222) AND (company_type_id = 1))
  Rows Removed by Filter: 2608958
Planning time: 0.420 ms
Execution time: 797.563 ms
