Hash Join  (cost=102767.86..300046.52 rows=4421633 width=0) (actual time=2274.542..8104.169 rows=4407328 loops=1)
  Hash Cond: (mk.movie_id = t.id)
  ->  Seq Scan on movie_keyword mk  (cost=0.00..81003.12 rows=4421633 width=4) (actual time=0.029..1979.910 rows=4407328 loops=1)
        Filter: (keyword_id > 112)
        Rows Removed by Filter: 116602
  ->  Hash  (cost=61283.27..61283.27 rows=2528527 width=4) (actual time=2272.877..2272.877 rows=2528312 loops=1)
        Buckets: 131072  Batches: 64  Memory Usage: 2425kB
        ->  Seq Scan on title t  (cost=0.00..61283.27 rows=2528527 width=4) (actual time=0.010..1134.440 rows=2528312 loops=1)
Planning time: 0.802 ms
Execution time: 8612.348 ms
