Hash Join  (cost=90757.62..1275546.63 rows=14697785 width=0) (actual time=1882.040..35714.997 rows=12496909 loops=1)
  Hash Cond: (ci.movie_id = t.id)
  ->  Seq Scan on cast_info ci  (cost=0.00..614943.12 rows=36225612 width=4) (actual time=0.027..12952.051 rows=36244344 loops=1)
  ->  Hash  (cost=73925.90..73925.90 rows=1025897 width=4) (actual time=1880.920..1880.920 rows=957256 loops=1)
        Buckets: 131072  Batches: 16  Memory Usage: 3131kB
        ->  Seq Scan on title t  (cost=0.00..73925.90 rows=1025897 width=4) (actual time=0.027..1251.869 rows=957256 loops=1)
              Filter: ((kind_id > 3) AND (production_year < 2007))
              Rows Removed by Filter: 1571056
Planning time: 0.732 ms
Execution time: 37058.504 ms
