Seq Scan on cast_info ci  (cost=0.00..796071.18 rows=945254 width=0) (actual time=5361.150..10983.943 rows=2155858 loops=1)
  Filter: ((person_id > 3641243) AND (role_id > 2))
  Rows Removed by Filter: 34088486
Planning time: 0.390 ms
Execution time: 11249.129 ms
