Hash Join  (cost=103652.13..855525.26 rows=108396 width=0) (actual time=1004.008..18238.807 rows=89278 loops=1)
  Hash Cond: (ci.movie_id = t.id)
  ->  Seq Scan on cast_info ci  (cost=0.00..614943.12 rows=36225612 width=4) (actual time=0.013..8827.052 rows=36244344 loops=1)
  ->  Hash  (cost=103557.56..103557.56 rows=7566 width=8) (actual time=1002.806..1002.806 rows=8702 loops=1)
        Buckets: 16384 (originally 8192)  Batches: 1 (originally 1)  Memory Usage: 468kB
        ->  Nested Loop  (cost=0.43..103557.56 rows=7566 width=8) (actual time=4.307..998.527 rows=8702 loops=1)
              ->  Seq Scan on movie_companies mc  (cost=0.00..51404.11 rows=7566 width=4) (actual time=4.234..849.614 rows=8702 loops=1)
                    Filter: (company_id = 596)
                    Rows Removed by Filter: 2600427
              ->  Index Only Scan using title_pkey on title t  (cost=0.43..6.88 rows=1 width=4) (actual time=0.016..0.016 rows=1 loops=8702)
                    Index Cond: (id = mc.movie_id)
                    Heap Fetches: 8702
Planning time: 1.193 ms
Execution time: 18253.412 ms
