Hash Join  (cost=223699.58..309312.05 rows=766195 width=0) (actual time=4554.436..8093.201 rows=5958605 loops=1)
  Hash Cond: (mc.movie_id = t.id)
  ->  Seq Scan on movie_companies mc  (cost=0.00..44881.29 rows=2609129 width=4) (actual time=0.020..816.652 rows=2609129 loops=1)
  ->  Hash  (cost=211517.01..211517.01 rows=742525 width=8) (actual time=4553.301..4553.301 rows=747980 loops=1)
        Buckets: 131072  Batches: 16  Memory Usage: 2887kB
        ->  Hash Join  (cost=102767.86..211517.01 rows=742525 width=8) (actual time=1878.352..4352.267 rows=747980 loops=1)
              Hash Cond: (mk.movie_id = t.id)
              ->  Seq Scan on movie_keyword mk  (cost=0.00..81003.12 rows=742525 width=4) (actual time=0.029..1466.158 rows=747980 loops=1)
                    Filter: (keyword_id > 24997)
                    Rows Removed by Filter: 3775950
              ->  Hash  (cost=61283.27..61283.27 rows=2528527 width=4) (actual time=1876.277..1876.277 rows=2528312 loops=1)
                    Buckets: 131072  Batches: 64  Memory Usage: 2425kB
                    ->  Seq Scan on title t  (cost=0.00..61283.27 rows=2528527 width=4) (actual time=0.022..1011.849 rows=2528312 loops=1)
Planning time: 1.232 ms
Execution time: 8780.054 ms
