Seq Scan on movie_keyword mk  (cost=0.00..81003.12 rows=2396645 width=0) (actual time=0.024..1363.822 rows=2391697 loops=1)
  Filter: (keyword_id > 3939)
  Rows Removed by Filter: 2132233
Planning time: 0.336 ms
Execution time: 1649.149 ms
