Hash Join  (cost=147783.42..1145320.19 rows=1068779 width=0) (actual time=3045.829..27903.399 rows=2590571 loops=1)
  Hash Cond: (ci.movie_id = t.id)
  ->  Seq Scan on cast_info ci  (cost=0.00..705507.15 rows=24294620 width=4) (actual time=0.024..15002.332 rows=24396623 loops=1)
        Filter: (person_id > 1164015)
        Rows Removed by Filter: 11847721
  ->  Hash  (cost=145957.97..145957.97 rows=111236 width=8) (actual time=3044.908..3044.908 rows=98794 loops=1)
        Buckets: 131072  Batches: 2  Memory Usage: 2927kB
        ->  Hash Join  (cost=69374.09..145957.97 rows=111236 width=8) (actual time=1111.068..3011.571 rows=98794 loops=1)
              Hash Cond: (mc.movie_id = t.id)
              ->  Seq Scan on movie_companies mc  (cost=0.00..44881.29 rows=2609129 width=4) (actual time=0.007..902.169 rows=2609129 loops=1)
              ->  Hash  (cost=67604.59..67604.59 rows=107800 width=4) (actual time=1110.265..1110.265 rows=108429 loops=1)
                    Buckets: 131072  Batches: 2  Memory Usage: 2931kB
                    ->  Seq Scan on title t  (cost=0.00..67604.59 rows=107800 width=4) (actual time=0.023..1070.636 rows=108429 loops=1)
                          Filter: (production_year = 2006)
                          Rows Removed by Filter: 2419883
Planning time: 1.808 ms
Execution time: 28225.473 ms
