Seq Scan on cast_info ci  (cost=0.00..796071.18 rows=2160625 width=0) (actual time=7088.293..11778.418 rows=1072807 loops=1)
  Filter: ((person_id < 797316) AND (role_id > 4))
  Rows Removed by Filter: 35171537
Planning time: 0.399 ms
Execution time: 11908.921 ms
