Nested Loop  (cost=0.43..58375.45 rows=3 width=0) (actual time=50.290..791.847 rows=9 loops=1)
  ->  Seq Scan on movie_companies mc  (cost=0.00..57926.93 rows=53 width=4) (actual time=0.830..788.365 rows=40 loops=1)
        Filter: ((company_id = 72741) AND (company_type_id = 2))
        Rows Removed by Filter: 2609089
  ->  Index Scan using title_pkey on title t  (cost=0.43..8.45 rows=1 width=4) (actual time=0.084..0.084 rows=0 loops=40)
        Index Cond: (id = mc.movie_id)
        Filter: ((kind_id > 3) AND (production_year > 2011))
        Rows Removed by Filter: 1
Planning time: 0.636 ms
Execution time: 791.947 ms
