Hash Join  (cost=83072.46..137738.12 rows=14 width=0) (actual time=1358.566..1929.206 rows=34 loops=1)
  Hash Cond: (mc.movie_id = t.id)
  ->  Seq Scan on movie_companies mc  (cost=0.00..44881.29 rows=2609129 width=4) (actual time=0.028..326.144 rows=2609129 loops=1)
  ->  Hash  (cost=83072.29..83072.29 rows=14 width=8) (actual time=1282.478..1282.478 rows=13 loops=1)
        Buckets: 1024  Batches: 1  Memory Usage: 9kB
        ->  Nested Loop  (cost=0.43..83072.29 rows=14 width=8) (actual time=288.796..1282.437 rows=13 loops=1)
              ->  Seq Scan on movie_keyword mk  (cost=0.00..81003.12 rows=246 width=4) (actual time=3.645..1276.145 rows=125 loops=1)
                    Filter: (keyword_id = 28504)
                    Rows Removed by Filter: 4523805
              ->  Index Scan using title_pkey on title t  (cost=0.43..8.40 rows=1 width=4) (actual time=0.046..0.046 rows=0 loops=125)
                    Index Cond: (id = mk.movie_id)
                    Filter: (production_year = 2010)
                    Rows Removed by Filter: 1
Planning time: 1.257 ms
Execution time: 1929.345 ms
