Hash Join  (cost=83810.17..203745.55 rows=885685 width=0) (actual time=1615.960..4838.792 rows=1967319 loops=1)
  Hash Cond: (mk.movie_id = t.id)
  ->  Seq Scan on movie_keyword mk  (cost=0.00..81003.12 rows=2267306 width=4) (actual time=0.052..1553.675 rows=2269795 loops=1)
        Filter: (keyword_id < 4755)
        Rows Removed by Filter: 2254135
  ->  Hash  (cost=67604.59..67604.59 rows=987727 width=4) (actual time=1614.668..1614.668 rows=985048 loops=1)
        Buckets: 131072  Batches: 16  Memory Usage: 3197kB
        ->  Seq Scan on title t  (cost=0.00..67604.59 rows=987727 width=4) (actual time=0.023..1302.952 rows=985048 loops=1)
              Filter: (kind_id < 7)
              Rows Removed by Filter: 1543264
Planning time: 1.429 ms
Execution time: 5067.027 ms
