Seq Scan on movie_keyword mk  (cost=0.00..81003.12 rows=246 width=0) (actual time=3.701..1349.083 rows=740 loops=1)
  Filter: (keyword_id = 7876)
  Rows Removed by Filter: 4523190
Planning time: 0.379 ms
Execution time: 1349.466 ms
