Hash Join  (cost=103161.98..477847.62 rows=31516 width=0) (actual time=1902.764..9435.276 rows=54224 loops=1)
  Hash Cond: (mi.movie_id = t.id)
  ->  Seq Scan on movie_info mi  (cost=0.00..346232.03 rows=7503588 width=4) (actual time=0.016..6207.588 rows=7548855 loops=1)
        Filter: (info_type_id > 7)
        Rows Removed by Filter: 7286865
  ->  Hash  (cost=103029.23..103029.23 rows=10620 width=8) (actual time=1898.516..1898.516 rows=10540 loops=1)
        Buckets: 16384  Batches: 1  Memory Usage: 540kB
        ->  Hash Join  (cost=74291.13..103029.23 rows=10620 width=8) (actual time=1191.310..1894.333 rows=10540 loops=1)
              Hash Cond: (mi_idx.movie_id = t.id)
              ->  Seq Scan on movie_info_idx mi_idx  (cost=0.00..25185.44 rows=919057 width=4) (actual time=0.031..476.176 rows=920110 loops=1)
                    Filter: (info_type_id > 99)
                    Rows Removed by Filter: 459925
              ->  Hash  (cost=73925.90..73925.90 rows=29218 width=4) (actual time=1191.094..1191.094 rows=30850 loops=1)
                    Buckets: 32768  Batches: 1  Memory Usage: 1341kB
                    ->  Seq Scan on title t  (cost=0.00..73925.90 rows=29218 width=4) (actual time=0.104..1177.475 rows=30850 loops=1)
                          Filter: ((kind_id > 1) AND (production_year = 1995))
                          Rows Removed by Filter: 2497462
Planning time: 1.292 ms
Execution time: 9446.704 ms
