Hash Join  (cost=100754.38..187764.04 rows=35162 width=0) (actual time=1760.853..3632.732 rows=134686 loops=1)
  Hash Cond: (mk.movie_id = t.id)
  ->  Seq Scan on movie_keyword mk  (cost=0.00..69693.30 rows=4523930 width=4) (actual time=0.014..967.959 rows=4523930 loops=1)
  ->  Hash  (cost=100508.72..100508.72 rows=19653 width=8) (actual time=1760.481..1760.481 rows=20523 loops=1)
        Buckets: 32768  Batches: 1  Memory Usage: 1058kB
        ->  Hash Join  (cost=69374.09..100508.72 rows=19653 width=8) (actual time=1053.953..1752.205 rows=20523 loops=1)
              Hash Cond: (mi_idx.movie_id = t.id)
              ->  Seq Scan on movie_info_idx mi_idx  (cost=0.00..25185.44 rows=460978 width=4) (actual time=0.018..499.845 rows=459925 loops=1)
                    Filter: (info_type_id < 100)
                    Rows Removed by Filter: 920110
              ->  Hash  (cost=67604.59..67604.59 rows=107800 width=4) (actual time=1053.061..1053.061 rows=108429 loops=1)
                    Buckets: 131072  Batches: 2  Memory Usage: 2931kB
                    ->  Seq Scan on title t  (cost=0.00..67604.59 rows=107800 width=4) (actual time=0.016..1012.256 rows=108429 loops=1)
                          Filter: (production_year = 2006)
                          Rows Removed by Filter: 2419883
Planning time: 1.149 ms
Execution time: 3650.639 ms
