Hash Join  (cost=134073.95..499130.56 rows=40069 width=0) (actual time=2857.286..9358.083 rows=125018 loops=1)
  Hash Cond: (mi.movie_id = t.id)
  ->  Seq Scan on movie_info mi  (cost=0.00..309384.22 rows=14739122 width=4) (actual time=0.029..4297.117 rows=14835720 loops=1)
  ->  Hash  (cost=133988.02..133988.02 rows=6874 width=8) (actual time=2072.975..2072.975 rows=4309 loops=1)
        Buckets: 8192  Batches: 1  Memory Usage: 233kB
        ->  Hash Join  (cost=74456.32..133988.02 rows=6874 width=8) (actual time=1116.122..2071.060 rows=4309 loops=1)
              Hash Cond: (mc.movie_id = t.id)
              ->  Seq Scan on movie_companies mc  (cost=0.00..57926.93 rows=409608 width=4) (actual time=0.017..925.577 rows=91893 loops=1)
                    Filter: ((company_id > 25791) AND (company_type_id = 1))
                    Rows Removed by Filter: 2517236
              ->  Hash  (cost=73925.90..73925.90 rows=42433 width=4) (actual time=1115.708..1115.708 rows=37411 loops=1)
                    Buckets: 65536  Batches: 1  Memory Usage: 1828kB
                    ->  Seq Scan on title t  (cost=0.00..73925.90 rows=42433 width=4) (actual time=0.016..1100.568 rows=37411 loops=1)
                          Filter: ((kind_id < 2) AND (production_year = 2011))
                          Rows Removed by Filter: 2490901
Planning time: 1.253 ms
Execution time: 9376.729 ms
