Seq Scan on movie_companies mc  (cost=0.00..51404.11 rows=104 width=0) (actual time=54.364..803.891 rows=113 loops=1)
  Filter: (company_id = 5355)
  Rows Removed by Filter: 2609016
Planning time: 0.419 ms
Execution time: 804.017 ms
