Hash Join  (cost=73929.23..102562.10 rows=97 width=0) (actual time=1016.598..1663.022 rows=818 loops=1)
  Hash Cond: (mi_idx.movie_id = t.id)
  ->  Seq Scan on movie_info_idx mi_idx  (cost=0.00..25185.44 rows=919057 width=4) (actual time=0.016..500.509 rows=920110 loops=1)
        Filter: (info_type_id > 99)
        Rows Removed by Filter: 459925
  ->  Hash  (cost=73925.90..73925.90 rows=266 width=4) (actual time=1016.107..1016.107 rows=889 loops=1)
        Buckets: 1024  Batches: 1  Memory Usage: 40kB
        ->  Seq Scan on title t  (cost=0.00..73925.90 rows=266 width=4) (actual time=298.917..1015.442 rows=889 loops=1)
              Filter: ((kind_id = 2) AND (production_year = 1986))
              Rows Removed by Filter: 2527423
Planning time: 3.591 ms
Execution time: 1663.245 ms
