Hash Join  (cost=224824.87..763531.36 rows=5520056 width=0) (actual time=4843.395..17898.514 rows=2519458 loops=1)
  Hash Cond: (mi.movie_id = t.id)
  ->  Seq Scan on movie_info mi  (cost=0.00..309384.22 rows=14739122 width=4) (actual time=0.012..6172.091 rows=14835720 loops=1)
  ->  Hash  (cost=209287.66..209287.66 rows=946977 width=8) (actual time=4590.764..4590.764 rows=245360 loops=1)
        Buckets: 131072  Batches: 16  Memory Usage: 1641kB
        ->  Hash Join  (cost=92883.59..209287.66 rows=946977 width=8) (actual time=2555.631..4512.666 rows=245360 loops=1)
              Hash Cond: (mk.movie_id = t.id)
              ->  Seq Scan on movie_keyword mk  (cost=0.00..81003.12 rows=1554035 width=4) (actual time=0.021..1564.352 rows=1568374 loops=1)
                    Filter: (keyword_id > 9989)
                    Rows Removed by Filter: 2955556
              ->  Hash  (cost=67604.59..67604.59 rows=1540800 width=4) (actual time=1858.180..1858.180 rows=1543264 loops=1)
                    Buckets: 131072  Batches: 32  Memory Usage: 2728kB
                    ->  Seq Scan on title t  (cost=0.00..67604.59 rows=1540800 width=4) (actual time=0.032..1348.009 rows=1543264 loops=1)
                          Filter: (kind_id = 7)
                          Rows Removed by Filter: 985048
Planning time: 3.486 ms
Execution time: 18183.610 ms
