Seq Scan on movie_info mi  (cost=0.00..346232.03 rows=6103325 width=0) (actual time=576.279..6255.683 rows=6083429 loops=1)
  Filter: (info_type_id > 9)
  Rows Removed by Filter: 8752291
Planning time: 0.324 ms
Execution time: 7007.656 ms
