Hash Join  (cost=102767.86..186598.06 rows=665924 width=0) (actual time=1885.725..4139.928 rows=912007 loops=1)
  Hash Cond: (mc.movie_id = t.id)
  ->  Seq Scan on movie_companies mc  (cost=0.00..57926.93 rows=665924 width=4) (actual time=0.018..1124.403 rows=912007 loops=1)
        Filter: ((company_id > 11255) AND (company_type_id = 2))
        Rows Removed by Filter: 1697122
  ->  Hash  (cost=61283.27..61283.27 rows=2528527 width=4) (actual time=1883.892..1883.892 rows=2528312 loops=1)
        Buckets: 131072  Batches: 64  Memory Usage: 2415kB
        ->  Seq Scan on title t  (cost=0.00..61283.27 rows=2528527 width=4) (actual time=0.019..1050.005 rows=2528312 loops=1)
Planning time: 0.807 ms
Execution time: 4252.617 ms
