Hash Join  (cost=97599.19..956741.24 rows=156652 width=0) (actual time=4510.491..47642.606 rows=121556 loops=1)
  Hash Cond: (ci.movie_id = t.id)
  ->  Seq Scan on cast_info ci  (cost=0.00..796071.18 rows=16401154 width=4) (actual time=0.035..39898.575 rows=12634485 loops=1)
        Filter: ((person_id < 2611103) AND (role_id > 1))
        Rows Removed by Filter: 23609859
  ->  Hash  (cost=97297.30..97297.30 rows=24151 width=8) (actual time=4510.086..4510.086 rows=9874 loops=1)
        Buckets: 32768  Batches: 1  Memory Usage: 642kB
        ->  Hash Join  (cost=68438.72..97297.30 rows=24151 width=8) (actual time=3012.812..4505.514 rows=9874 loops=1)
              Hash Cond: (mi_idx.movie_id = t.id)
              ->  Seq Scan on movie_info_idx mi_idx  (cost=0.00..25185.44 rows=915101 width=4) (actual time=0.019..1264.696 rows=919850 loops=1)
                    Filter: (info_type_id < 101)
                    Rows Removed by Filter: 460185
              ->  Hash  (cost=67604.59..67604.59 rows=66731 width=4) (actual time=3012.085..3012.085 rows=67342 loops=1)
                    Buckets: 131072  Batches: 1  Memory Usage: 3392kB
                    ->  Seq Scan on title t  (cost=0.00..67604.59 rows=66731 width=4) (actual time=0.011..2980.255 rows=67342 loops=1)
                          Filter: (production_year > 2012)
                          Rows Removed by Filter: 2460970
Planning time: 1.111 ms
Execution time: 47666.173 ms
