Seq Scan on cast_info ci  (cost=0.00..705507.15 rows=500 width=0) (actual time=13662.699..29878.518 rows=434 loops=1)
  Filter: (person_id = 2603970)
  Rows Removed by Filter: 36243910
Planning time: 4.780 ms
Execution time: 29878.702 ms
