Hash Join  (cost=161642.09..290645.85 rows=574673 width=0) (actual time=3558.131..14104.956 rows=23299768 loops=1)
  Hash Cond: (mk.movie_id = t.id)
  ->  Seq Scan on movie_keyword mk  (cost=0.00..69693.30 rows=4523930 width=4) (actual time=0.014..1592.106 rows=4523930 loops=1)
  ->  Hash  (cost=156372.11..156372.11 rows=321198 width=8) (actual time=3557.049..3557.049 rows=663122 loops=1)
        Buckets: 131072 (originally 131072)  Batches: 16 (originally 8)  Memory Usage: 3073kB
        ->  Hash Join  (cost=78556.72..156372.11 rows=321198 width=8) (actual time=1333.519..3354.308 rows=663122 loops=1)
              Hash Cond: (mc.movie_id = t.id)
              ->  Seq Scan on movie_companies mc  (cost=0.00..57926.93 rows=1216659 width=4) (actual time=0.029..1199.511 rows=1165662 loops=1)
                    Filter: ((company_id > 19) AND (company_type_id < 2))
                    Rows Removed by Filter: 1443467
              ->  Hash  (cost=67604.59..67604.59 rows=667531 width=4) (actual time=1332.281..1332.281 rows=662825 loops=1)
                    Buckets: 131072  Batches: 16  Memory Usage: 2476kB
                    ->  Seq Scan on title t  (cost=0.00..67604.59 rows=667531 width=4) (actual time=32.954..1126.984 rows=662825 loops=1)
                          Filter: (kind_id = 1)
                          Rows Removed by Filter: 1865487
Planning time: 1.136 ms
Execution time: 17330.579 ms
