Seq Scan on movie_keyword mk  (cost=0.00..81003.12 rows=2400675 width=0) (actual time=0.022..1433.481 rows=2402050 loops=1)
  Filter: (keyword_id < 5599)
  Rows Removed by Filter: 2121880
Planning time: 0.345 ms
Execution time: 1726.188 ms
