Nested Loop  (cost=0.43..52283.95 rows=79 width=0) (actual time=937.082..2376.480 rows=172 loops=1)
  ->  Seq Scan on movie_companies mc  (cost=0.00..51404.11 rows=104 width=4) (actual time=937.005..2344.875 rows=172 loops=1)
        Filter: (company_id = 14918)
        Rows Removed by Filter: 2608957
  ->  Index Scan using title_pkey on title t  (cost=0.43..8.45 rows=1 width=4) (actual time=0.181..0.182 rows=1 loops=172)
        Index Cond: (id = mc.movie_id)
        Filter: (production_year < 2010)
Planning time: 0.767 ms
Execution time: 2376.650 ms
