Hash Join  (cost=94699.36..175952.79 rows=107 width=0) (actual time=3301.043..6253.065 rows=1443 loops=1)
  Hash Cond: (mk.movie_id = t.id)
  ->  Seq Scan on movie_keyword mk  (cost=0.00..81003.12 rows=66463 width=4) (actual time=0.108..2930.717 rows=67785 loops=1)
        Filter: (keyword_id < 58)
        Rows Removed by Filter: 4456145
  ->  Hash  (cost=94648.62..94648.62 rows=4059 width=8) (actual time=3300.205..3300.205 rows=15197 loops=1)
        Buckets: 16384 (originally 4096)  Batches: 1 (originally 1)  Memory Usage: 722kB
        ->  Hash Join  (cost=67697.55..94648.62 rows=4059 width=8) (actual time=2249.533..3291.985 rows=15197 loops=1)
              Hash Cond: (mi_idx.movie_id = t.id)
              ->  Seq Scan on movie_info_idx mi_idx  (cost=0.00..21735.35 rows=1380035 width=4) (actual time=0.025..694.728 rows=1380035 loops=1)
              ->  Hash  (cost=67604.59..67604.59 rows=7437 width=4) (actual time=2249.346..2249.346 rows=19861 loops=1)
                    Buckets: 32768 (originally 8192)  Batches: 1 (originally 1)  Memory Usage: 955kB
                    ->  Seq Scan on title t  (cost=0.00..67604.59 rows=7437 width=4) (actual time=0.018..2239.711 rows=19861 loops=1)
                          Filter: (production_year = 1988)
                          Rows Removed by Filter: 2508451
Planning time: 5.326 ms
Execution time: 6253.914 ms
