Hash Join  (cost=205467.72..1029991.18 rows=198666 width=0) (actual time=10442.907..49965.142 rows=5121309 loops=1)
  Hash Cond: (ci.movie_id = t.id)
  ->  Seq Scan on cast_info ci  (cost=0.00..796071.18 rows=1988526 width=4) (actual time=0.029..33995.088 rows=4486469 loops=1)
        Filter: ((person_id > 3242889) AND (role_id > 2))
        Rows Removed by Filter: 31757875
  ->  Hash  (cost=201323.02..201323.02 rows=252616 width=8) (actual time=10442.064..10442.064 rows=258618 loops=1)
        Buckets: 131072  Batches: 4  Memory Usage: 3513kB
        ->  Hash Join  (cost=76242.82..201323.02 rows=252616 width=8) (actual time=3705.529..10360.118 rows=258618 loops=1)
              Hash Cond: (mk.movie_id = t.id)
              ->  Seq Scan on movie_keyword mk  (cost=0.00..69693.30 rows=4523930 width=4) (actual time=0.013..4630.889 rows=4523930 loops=1)
              ->  Hash  (cost=73925.90..73925.90 rows=141193 width=4) (actual time=3704.482..3704.482 rows=132182 loops=1)
                    Buckets: 131072  Batches: 2  Memory Usage: 3346kB
                    ->  Seq Scan on title t  (cost=0.00..73925.90 rows=141193 width=4) (actual time=0.008..3636.479 rows=132182 loops=1)
                          Filter: ((production_year > 2009) AND (kind_id = 1))
                          Rows Removed by Filter: 2396130
Planning time: 1.177 ms
Execution time: 50639.149 ms
