Seq Scan on movie_keyword mk  (cost=0.00..81003.12 rows=2560912 width=0) (actual time=0.009..1481.428 rows=2553612 loops=1)
  Filter: (keyword_id > 3444)
  Rows Removed by Filter: 1970318
Planning time: 0.335 ms
Execution time: 1796.862 ms
