Nested Loop  (cost=0.43..132162.07 rows=2886 width=0) (actual time=0.054..1530.359 rows=6468 loops=1)
  ->  Seq Scan on movie_keyword mk  (cost=0.00..81003.12 rows=7389 width=4) (actual time=0.033..1285.232 rows=7704 loops=1)
        Filter: (keyword_id = 797)
        Rows Removed by Filter: 4516226
  ->  Index Scan using title_pkey on title t  (cost=0.43..6.91 rows=1 width=4) (actual time=0.031..0.031 rows=1 loops=7704)
        Index Cond: (id = mk.movie_id)
        Filter: (kind_id < 7)
        Rows Removed by Filter: 0
Planning time: 0.503 ms
Execution time: 1532.162 ms
