Hash Join  (cost=73994.33..801453.41 rows=12600 width=136) (actual time=12425.699..18384.399 rows=5400 loops=1)
  Hash Cond: (ci.movie_id = t.id)
  ->  Seq Scan on cast_info ci  (cost=0.00..705507.15 rows=5820248 width=42) (actual time=10954.134..15670.356 rows=5732694 loops=1)
        Filter: (role_id > 8)
        Rows Removed by Filter: 30511650
  ->  Hash  (cost=73925.90..73925.90 rows=5474 width=94) (actual time=1466.193..1466.193 rows=7744 loops=1)
        Buckets: 8192  Batches: 1  Memory Usage: 967kB
        ->  Seq Scan on title t  (cost=0.00..73925.90 rows=5474 width=94) (actual time=0.078..1462.052 rows=7744 loops=1)
              Filter: ((kind_id > 1) AND (production_year = 1961))
              Rows Removed by Filter: 2520568
Planning time: 1.049 ms
Execution time: 18384.951 ms
