Seq Scan on movie_info mi  (cost=0.00..346232.03 rows=1034704 width=0) (actual time=13413.545..17075.234 rows=1089512 loops=1)
  Filter: (info_type_id > 67)
  Rows Removed by Filter: 13746208
Planning time: 0.324 ms
Execution time: 17238.329 ms
