Hash Join  (cost=427210.90..1186161.45 rows=816135 width=0) (actual time=21240.134..70874.847 rows=1708263 loops=1)
  Hash Cond: (ci.movie_id = t.id)
  ->  Seq Scan on cast_info ci  (cost=0.00..614943.12 rows=36225612 width=4) (actual time=0.024..35009.676 rows=36244344 loops=1)
  ->  Hash  (cost=426498.82..426498.82 rows=56966 width=8) (actual time=21239.111..21239.111 rows=55475 loops=1)
        Buckets: 65536  Batches: 1  Memory Usage: 2679kB
        ->  Hash Join  (cost=68191.41..426498.82 rows=56966 width=8) (actual time=6263.798..21213.316 rows=55475 loops=1)
              Hash Cond: (mi.movie_id = t.id)
              ->  Seq Scan on movie_info mi  (cost=0.00..346232.03 rows=3068194 width=4) (actual time=2801.861..16797.225 rows=3036719 loops=1)
                    Filter: (info_type_id = 16)
                    Rows Removed by Filter: 11799001
              ->  Hash  (cost=67604.59..67604.59 rows=46946 width=4) (actual time=3459.520..3459.520 rows=46583 loops=1)
                    Buckets: 65536  Batches: 1  Memory Usage: 2150kB
                    ->  Seq Scan on title t  (cost=0.00..67604.59 rows=46946 width=4) (actual time=0.024..3437.667 rows=46583 loops=1)
                          Filter: (production_year = 1998)
                          Rows Removed by Filter: 2481729
Planning time: 1.316 ms
Execution time: 71168.218 ms
