Hash Join  (cost=74389.43..871466.23 rows=344632 width=0) (actual time=3574.517..55733.218 rows=368335 loops=1)
  Hash Cond: (ci.movie_id = t.id)
  ->  Seq Scan on cast_info ci  (cost=0.00..705507.15 rows=23499554 width=4) (actual time=0.022..43442.860 rows=23573656 loops=1)
        Filter: (role_id > 1)
        Rows Removed by Filter: 12670688
  ->  Hash  (cost=73925.90..73925.90 rows=37082 width=4) (actual time=3573.922..3573.922 rows=41935 loops=1)
        Buckets: 65536  Batches: 1  Memory Usage: 1987kB
        ->  Seq Scan on title t  (cost=0.00..73925.90 rows=37082 width=4) (actual time=0.038..3555.963 rows=41935 loops=1)
              Filter: ((kind_id = 7) AND (production_year = 2002))
              Rows Removed by Filter: 2486377
Planning time: 0.679 ms
Execution time: 55817.496 ms
