Hash Join  (cost=258690.49..860303.26 rows=9688995 width=0) (actual time=11049.110..96702.731 rows=228068482 loops=1)
  Hash Cond: (mi.movie_id = t.id)
  ->  Seq Scan on movie_info mi  (cost=0.00..309384.22 rows=14739122 width=4) (actual time=0.018..19425.013 rows=14835720 loops=1)
  ->  Hash  (cost=231420.40..231420.40 rows=1662167 width=8) (actual time=11041.695..11041.695 rows=3827128 loops=1)
        Buckets: 131072 (originally 131072)  Batches: 64 (originally 32)  Memory Usage: 3482kB
        ->  Hash Join  (cost=89167.69..231420.40 rows=1662167 width=8) (actual time=3270.483..9846.226 rows=3827128 loops=1)
              Hash Cond: (mk.movie_id = t.id)
              ->  Seq Scan on movie_keyword mk  (cost=0.00..69693.30 rows=4523930 width=4) (actual time=0.013..3238.341 rows=4523930 loops=1)
              ->  Hash  (cost=73925.90..73925.90 rows=929023 width=4) (actual time=3268.897..3268.897 rows=896133 loops=1)
                    Buckets: 131072  Batches: 16  Memory Usage: 3003kB
                    ->  Seq Scan on title t  (cost=0.00..73925.90 rows=929023 width=4) (actual time=0.019..2947.424 rows=896133 loops=1)
                          Filter: ((kind_id < 7) AND (production_year > 1918))
                          Rows Removed by Filter: 1632179
Planning time: 3.081 ms
Execution time: 124880.770 ms
