Seq Scan on cast_info ci  (cost=0.00..796071.18 rows=4475767 width=0) (actual time=27147.951..39580.036 rows=6970747 loops=1)
  Filter: ((person_id > 1895211) AND (role_id > 4))
  Rows Removed by Filter: 29273597
Planning time: 0.410 ms
Execution time: 40689.335 ms
