Hash Join  (cost=345671.01..1128504.03 rows=23219536 width=0) (actual time=16613.541..106522.024 rows=229779184 loops=1)
  Hash Cond: (mi.movie_id = t.id)
  ->  Seq Scan on movie_info mi  (cost=0.00..309384.22 rows=14739122 width=4) (actual time=0.010..22811.271 rows=14835720 loops=1)
  ->  Hash  (cost=280319.01..280319.01 rows=3983360 width=8) (actual time=16611.754..16611.754 rows=4348171 loops=1)
        Buckets: 131072  Batches: 64  Memory Usage: 3793kB
        ->  Hash Join  (cost=104131.46..280319.01 rows=3983360 width=8) (actual time=5977.104..15190.270 rows=4348171 loops=1)
              Hash Cond: (mk.movie_id = t.id)
              ->  Seq Scan on movie_keyword mk  (cost=0.00..69693.30 rows=4523930 width=4) (actual time=0.020..4844.901 rows=4523930 loops=1)
              ->  Hash  (cost=67604.59..67604.59 rows=2226390 width=4) (actual time=5972.003..5972.003 rows=2224569 loops=1)
                    Buckets: 131072  Batches: 32  Memory Usage: 3472kB
                    ->  Seq Scan on title t  (cost=0.00..67604.59 rows=2226390 width=4) (actual time=0.030..4920.804 rows=2224569 loops=1)
                          Filter: (production_year < 2012)
                          Rows Removed by Filter: 303743
Planning time: 2.000 ms
Execution time: 134428.243 ms
