Seq Scan on movie_keyword mk  (cost=0.00..81003.12 rows=3336238 width=0) (actual time=0.037..3765.690 rows=3330477 loops=1)
  Filter: (keyword_id > 1444)
  Rows Removed by Filter: 1193453
Planning time: 0.303 ms
Execution time: 4285.379 ms
