Hash Join  (cost=709678.15..770364.94 rows=145 width=0) (actual time=11745.847..12468.651 rows=55 loops=1)
  Hash Cond: (mc.movie_id = t.id)
  ->  Seq Scan on movie_companies mc  (cost=0.00..57926.93 rows=735575 width=4) (actual time=416.658..1012.426 rows=956322 loops=1)
        Filter: ((company_id > 9491) AND (company_type_id = 2))
        Rows Removed by Filter: 1652807
  ->  Hash  (cost=709671.90..709671.90 rows=500 width=8) (actual time=11327.375..11327.375 rows=133 loops=1)
        Buckets: 1024  Batches: 1  Memory Usage: 14kB
        ->  Nested Loop  (cost=0.43..709671.90 rows=500 width=8) (actual time=9318.680..11327.294 rows=133 loops=1)
              ->  Seq Scan on cast_info ci  (cost=0.00..705507.15 rows=500 width=4) (actual time=9318.573..11311.923 rows=133 loops=1)
                    Filter: (person_id = 1778582)
                    Rows Removed by Filter: 36244211
              ->  Index Only Scan using title_pkey on title t  (cost=0.43..8.32 rows=1 width=4) (actual time=0.114..0.115 rows=1 loops=133)
                    Index Cond: (id = ci.movie_id)
                    Heap Fetches: 133
Planning time: 1.191 ms
Execution time: 12468.798 ms
