Seq Scan on cast_info ci  (cost=0.00..705507.15 rows=500 width=0) (actual time=8447.951..27436.373 rows=3 loops=1)
  Filter: (person_id = 2971690)
  Rows Removed by Filter: 36244341
Planning time: 0.424 ms
Execution time: 27436.465 ms
