Seq Scan on movie_companies mc  (cost=0.00..51404.11 rows=104 width=0) (actual time=5.344..2706.265 rows=320 loops=1)
  Filter: (company_id = 1142)
  Rows Removed by Filter: 2608809
Planning time: 0.414 ms
Execution time: 2706.472 ms
