Hash Join  (cost=123949.82..250056.44 rows=336859 width=0) (actual time=6608.417..13669.269 rows=1970758 loops=1)
  Hash Cond: (mk.movie_id = t.id)
  ->  Seq Scan on movie_keyword mk  (cost=0.00..69693.30 rows=4523930 width=4) (actual time=0.020..4361.527 rows=4523930 loops=1)
  ->  Hash  (cost=120860.34..120860.34 rows=188278 width=8) (actual time=6607.716..6607.716 rows=227037 loops=1)
        Buckets: 131072  Batches: 4  Memory Usage: 3252kB
        ->  Hash Join  (cost=84417.00..120860.34 rows=188278 width=8) (actual time=3782.135..6532.281 rows=227037 loops=1)
              Hash Cond: (mi_idx.movie_id = t.id)
              ->  Seq Scan on movie_info_idx mi_idx  (cost=0.00..25185.44 rows=464566 width=4) (actual time=0.018..1503.344 rows=459925 loops=1)
                    Filter: (info_type_id = 101)
                    Rows Removed by Filter: 920110
              ->  Hash  (cost=67604.59..67604.59 rows=1024753 width=4) (actual time=3781.199..3781.199 rows=1021752 loops=1)
                    Buckets: 131072  Batches: 16  Memory Usage: 3274kB
                    ->  Seq Scan on title t  (cost=0.00..67604.59 rows=1024753 width=4) (actual time=0.025..3371.375 rows=1021752 loops=1)
                          Filter: (production_year < 2000)
                          Rows Removed by Filter: 1506560
Planning time: 2.324 ms
Execution time: 13929.472 ms
