Hash Join  (cost=74547.77..129726.64 rows=51335 width=0) (actual time=1160.835..2513.535 rows=79411 loops=1)
  Hash Cond: (mc.movie_id = t.id)
  ->  Seq Scan on movie_companies mc  (cost=0.00..44881.29 rows=2609129 width=4) (actual time=0.008..655.001 rows=2609129 loops=1)
  ->  Hash  (cost=73925.90..73925.90 rows=49749 width=4) (actual time=1160.537..1160.537 rows=44012 loops=1)
        Buckets: 65536  Batches: 1  Memory Usage: 2060kB
        ->  Seq Scan on title t  (cost=0.00..73925.90 rows=49749 width=4) (actual time=0.038..1142.691 rows=44012 loops=1)
              Filter: ((kind_id < 7) AND (production_year = 2009))
              Rows Removed by Filter: 2484300
Planning time: 0.563 ms
Execution time: 2524.581 ms
