Hash Join  (cost=194874.76..275295.52 rows=389624 width=0) (actual time=8842.005..12271.916 rows=266912 loops=1)
  Hash Cond: (mc.movie_id = t.id)
  ->  Seq Scan on movie_companies mc  (cost=0.00..44881.29 rows=2609129 width=4) (actual time=0.011..2191.092 rows=2609129 loops=1)
  ->  Hash  (cost=188679.91..188679.91 rows=377588 width=8) (actual time=8834.064..8834.064 rows=100466 loops=1)
        Buckets: 131072  Batches: 8  Memory Usage: 1527kB
        ->  Hash Join  (cost=86534.07..188679.91 rows=377588 width=8) (actual time=4363.563..8804.797 rows=100466 loops=1)
              Hash Cond: (mk.movie_id = t.id)
              ->  Seq Scan on movie_keyword mk  (cost=0.00..81003.12 rows=1242356 width=4) (actual time=0.031..3032.016 rows=1255379 loops=1)
                    Filter: (keyword_id > 14338)
                    Rows Removed by Filter: 3268551
              ->  Hash  (cost=73925.90..73925.90 rows=768493 width=4) (actual time=4362.586..4362.586 rows=840010 loops=1)
                    Buckets: 131072  Batches: 16  Memory Usage: 2883kB
                    ->  Seq Scan on title t  (cost=0.00..73925.90 rows=768493 width=4) (actual time=539.100..3430.916 rows=840010 loops=1)
                          Filter: ((production_year > 2002) AND (kind_id = 7))
                          Rows Removed by Filter: 1688302
Planning time: 1.051 ms
Execution time: 12303.749 ms
