Hash Join  (cost=83934.33..601682.96 rows=3555970 width=0) (actual time=5027.813..37338.061 rows=6521219 loops=1)
  Hash Cond: (mi.movie_id = t.id)
  ->  Seq Scan on movie_info mi  (cost=0.00..309384.22 rows=14739122 width=4) (actual time=0.014..21232.284 rows=14835720 loops=1)
  ->  Hash  (cost=73925.90..73925.90 rows=610034 width=4) (actual time=4439.923..4439.923 rows=505176 loops=1)
        Buckets: 131072  Batches: 8  Memory Usage: 3266kB
        ->  Seq Scan on title t  (cost=0.00..73925.90 rows=610034 width=4) (actual time=1811.741..4027.238 rows=505176 loops=1)
              Filter: ((production_year > 1944) AND (kind_id = 1))
              Rows Removed by Filter: 2023136
Planning time: 9.441 ms
Execution time: 38215.750 ms
