Seq Scan on title t  (cost=0.00..73925.90 rows=354223 width=0) (actual time=0.015..3707.363 rows=235776 loops=1)
  Filter: ((kind_id > 4) AND (production_year < 1984))
  Rows Removed by Filter: 2292536
Planning time: 13.238 ms
Execution time: 3745.236 ms
