Hash Join  (cost=28268.08..392930.36 rows=637 width=0) (actual time=1047.868..21244.291 rows=49080 loops=1)
  Hash Cond: (mi.movie_id = t.id)
  ->  Seq Scan on movie_info mi  (cost=0.00..309384.22 rows=14739122 width=4) (actual time=0.018..16820.860 rows=14835720 loops=1)
  ->  Hash  (cost=28266.72..28266.72 rows=109 width=8) (actual time=1039.829..1039.829 rows=145 loops=1)
        Buckets: 1024  Batches: 1  Memory Usage: 14kB
        ->  Nested Loop  (cost=0.43..28266.72 rows=109 width=8) (actual time=175.859..1039.732 rows=145 loops=1)
              ->  Seq Scan on movie_info_idx mi_idx  (cost=0.00..25185.44 rows=368 width=4) (actual time=175.726..1024.782 rows=260 loops=1)
                    Filter: (info_type_id > 101)
                    Rows Removed by Filter: 1379775
              ->  Index Scan using title_pkey on title t  (cost=0.43..8.36 rows=1 width=4) (actual time=0.057..0.057 rows=1 loops=260)
                    Index Cond: (id = mi_idx.movie_id)
                    Filter: (production_year < 1993)
                    Rows Removed by Filter: 0
Planning time: 1.194 ms
Execution time: 21253.275 ms
