Seq Scan on movie_keyword mk  (cost=0.00..81003.12 rows=246 width=0) (actual time=554.188..4051.845 rows=21 loops=1)
  Filter: (keyword_id = 4275)
  Rows Removed by Filter: 4523909
Planning time: 0.312 ms
Execution time: 4051.933 ms
