Hash Join  (cost=155924.05..242839.73 rows=630770 width=0) (actual time=8462.128..13107.426 rows=778404 loops=1)
  Hash Cond: (mc.movie_id = t.id)
  ->  Seq Scan on movie_companies mc  (cost=0.00..51404.11 rows=2290364 width=4) (actual time=0.015..3015.426 rows=2290185 loops=1)
        Filter: (company_id < 91626)
        Rows Removed by Filter: 318944
  ->  Hash  (cost=144498.55..144498.55 rows=696360 width=8) (actual time=8460.689..8460.689 rows=382137 loops=1)
        Buckets: 131072  Batches: 16  Memory Usage: 1960kB
        ->  Hash Join  (cost=94858.47..144498.55 rows=696360 width=8) (actual time=6336.144..8344.497 rows=382137 loops=1)
              Hash Cond: (mi_idx.movie_id = t.id)
              ->  Seq Scan on movie_info_idx mi_idx  (cost=0.00..21735.35 rows=1380035 width=4) (actual time=0.014..1662.241 rows=1380035 loops=1)
              ->  Hash  (cost=73925.90..73925.90 rows=1275885 width=4) (actual time=5460.616..5460.616 rows=1357653 loops=1)
                    Buckets: 131072  Batches: 32  Memory Usage: 2519kB
                    ->  Seq Scan on title t  (cost=0.00..73925.90 rows=1275885 width=4) (actual time=0.022..4809.027 rows=1357653 loops=1)
                          Filter: ((production_year > 1969) AND (kind_id = 7))
                          Rows Removed by Filter: 1170659
Planning time: 1.269 ms
Execution time: 13214.489 ms
