Seq Scan on cast_info ci  (cost=0.00..705507.15 rows=11799674 width=0) (actual time=0.017..32449.008 rows=11714958 loops=1)
  Filter: (person_id < 1150268)
  Rows Removed by Filter: 24529386
Planning time: 0.321 ms
Execution time: 34200.239 ms
