Hash Join  (cost=136063.74..887043.89 rows=19098 width=0) (actual time=6243.075..42157.995 rows=50662 loops=1)
  Hash Cond: (ci.movie_id = t.id)
  ->  Seq Scan on cast_info ci  (cost=0.00..614943.12 rows=36225612 width=4) (actual time=0.012..26850.280 rows=36244344 loops=1)
  ->  Hash  (cost=136047.08..136047.08 rows=1333 width=8) (actual time=6234.758..6234.758 rows=2915 loops=1)
        Buckets: 4096 (originally 2048)  Batches: 1 (originally 1)  Memory Usage: 146kB
        ->  Hash Join  (cost=73964.04..136047.08 rows=1333 width=8) (actual time=4073.613..6233.392 rows=2915 loops=1)
              Hash Cond: (mc.movie_id = t.id)
              ->  Seq Scan on movie_companies mc  (cost=0.00..57926.93 rows=1104739 width=4) (actual time=1130.810..3078.855 rows=1001060 loops=1)
                    Filter: ((company_id > 166) AND (company_type_id = 1))
                    Rows Removed by Filter: 1608069
              ->  Hash  (cost=73925.90..73925.90 rows=3051 width=4) (actual time=2942.710..2942.710 rows=3269 loops=1)
                    Buckets: 4096  Batches: 1  Memory Usage: 147kB
                    ->  Seq Scan on title t  (cost=0.00..73925.90 rows=3051 width=4) (actual time=504.547..2940.496 rows=3269 loops=1)
                          Filter: ((kind_id = 2) AND (production_year = 2004))
                          Rows Removed by Filter: 2525043
Planning time: 1.151 ms
Execution time: 42174.599 ms
