Hash Join  (cost=84057.79..127533.56 rows=337029 width=0) (actual time=4400.306..6840.131 rows=593634 loops=1)
  Hash Cond: (mi_idx.movie_id = t.id)
  ->  Seq Scan on movie_info_idx mi_idx  (cost=0.00..21735.35 rows=1380035 width=4) (actual time=0.023..1469.540 rows=1380035 loops=1)
  ->  Hash  (cost=73925.90..73925.90 rows=617511 width=4) (actual time=4399.350..4399.350 rows=530956 loops=1)
        Buckets: 131072  Batches: 16  Memory Usage: 2189kB
        ->  Seq Scan on title t  (cost=0.00..73925.90 rows=617511 width=4) (actual time=46.127..3762.041 rows=530956 loops=1)
              Filter: ((production_year > 1933) AND (kind_id = 1))
              Rows Removed by Filter: 1997356
Planning time: 8.161 ms
Execution time: 6918.538 ms
