Hash Join  (cost=796926.65..825544.09 rows=37 width=0) (actual time=31625.835..32402.713 rows=10 loops=1)
  Hash Cond: (mi_idx.movie_id = t.id)
  ->  Seq Scan on movie_info_idx mi_idx  (cost=0.00..25185.44 rows=915101 width=4) (actual time=0.028..1200.981 rows=919850 loops=1)
        Filter: (info_type_id < 101)
        Rows Removed by Filter: 460185
  ->  Hash  (cost=796925.39..796925.39 rows=101 width=8) (actual time=31047.376..31047.376 rows=161 loops=1)
        Buckets: 1024  Batches: 1  Memory Usage: 15kB
        ->  Nested Loop  (cost=0.43..796925.39 rows=101 width=8) (actual time=27853.816..31047.295 rows=161 loops=1)
              ->  Seq Scan on cast_info ci  (cost=0.00..796071.18 rows=101 width=4) (actual time=27850.381..31037.246 rows=161 loops=1)
                    Filter: ((person_id = 1810223) AND (role_id = 2))
                    Rows Removed by Filter: 36244183
              ->  Index Only Scan using title_pkey on title t  (cost=0.43..8.45 rows=1 width=4) (actual time=0.061..0.062 rows=1 loops=161)
                    Index Cond: (id = ci.movie_id)
                    Heap Fetches: 161
Planning time: 1.209 ms
Execution time: 32402.821 ms
