Seq Scan on cast_info ci  (cost=0.00..796071.18 rows=168 width=0) (actual time=28403.286..39693.962 rows=57 loops=1)
  Filter: ((role_id > 3) AND (person_id = 1279263))
  Rows Removed by Filter: 36244287
Planning time: 0.474 ms
Execution time: 39694.155 ms
