Hash Join  (cost=129938.78..209084.52 rows=297122 width=0) (actual time=7383.152..12971.181 rows=2135156 loops=1)
  Hash Cond: (mc.movie_id = t.id)
  ->  Seq Scan on movie_companies mc  (cost=0.00..44881.29 rows=2609129 width=4) (actual time=0.024..3412.721 rows=2609129 loops=1)
  ->  Hash  (cost=125214.49..125214.49 rows=287943 width=8) (actual time=7382.301..7382.301 rows=639517 loops=1)
        Buckets: 131072 (originally 131072)  Batches: 8 (originally 4)  Memory Usage: 4163kB
        ->  Hash Join  (cost=82581.58..125214.49 rows=287943 width=8) (actual time=4545.719..7179.407 rows=639517 loops=1)
              Hash Cond: (mi_idx.movie_id = t.id)
              ->  Seq Scan on movie_info_idx mi_idx  (cost=0.00..21735.35 rows=1380035 width=4) (actual time=0.016..1533.365 rows=1380035 loops=1)
              ->  Hash  (cost=73925.90..73925.90 rows=527574 width=4) (actual time=4544.883..4544.883 rows=609532 loops=1)
                    Buckets: 131072  Batches: 8  Memory Usage: 3715kB
                    ->  Seq Scan on title t  (cost=0.00..73925.90 rows=527574 width=4) (actual time=0.026..3996.461 rows=609532 loops=1)
                          Filter: ((kind_id < 7) AND (production_year < 2005))
                          Rows Removed by Filter: 1918780
Planning time: 1.089 ms
Execution time: 13241.397 ms
