Hash Join  (cost=87245.25..234936.23 rows=1801415 width=0) (actual time=4688.378..12588.743 rows=2330778 loops=1)
  Hash Cond: (mk.movie_id = t.id)
  ->  Seq Scan on movie_keyword mk  (cost=0.00..81003.12 rows=3804989 width=4) (actual time=0.020..5061.630 rows=3802012 loops=1)
        Filter: (keyword_id < 25958)
        Rows Removed by Filter: 721918
  ->  Hash  (cost=67604.59..67604.59 rows=1197093 width=4) (actual time=4687.168..4687.168 rows=1195923 loops=1)
        Buckets: 131072  Batches: 16  Memory Usage: 3661kB
        ->  Seq Scan on title t  (cost=0.00..67604.59 rows=1197093 width=4) (actual time=0.026..4221.085 rows=1195923 loops=1)
              Filter: (production_year < 2003)
              Rows Removed by Filter: 1332389
Planning time: 5.537 ms
Execution time: 12869.616 ms
