Seq Scan on movie_companies mc  (cost=0.00..57926.93 rows=53 width=0) (actual time=1.448..998.630 rows=460 loops=1)
  Filter: ((company_type_id > 1) AND (company_id = 12888))
  Rows Removed by Filter: 2608669
Planning time: 0.401 ms
Execution time: 998.812 ms
