Hash Join  (cost=102097.62..188220.67 rows=15476 width=0) (actual time=4012.350..7401.924 rows=25653 loops=1)
  Hash Cond: (mk.movie_id = t.id)
  ->  Seq Scan on movie_keyword mk  (cost=0.00..81003.12 rows=1324044 width=4) (actual time=0.022..3112.370 rows=1339909 loops=1)
        Filter: (keyword_id < 1748)
        Rows Removed by Filter: 3184021
  ->  Hash  (cost=101728.19..101728.19 rows=29554 width=8) (actual time=4010.269..4010.269 rows=20689 loops=1)
        Buckets: 32768  Batches: 1  Memory Usage: 1065kB
        ->  Hash Join  (cost=70241.71..101728.19 rows=29554 width=8) (actual time=2950.967..4003.579 rows=20689 loops=1)
              Hash Cond: (mi_idx.movie_id = t.id)
              ->  Seq Scan on movie_info_idx mi_idx  (cost=0.00..25185.44 rows=464934 width=4) (actual time=0.021..842.910 rows=460185 loops=1)
                    Filter: (info_type_id > 100)
                    Rows Removed by Filter: 919850
              ->  Hash  (cost=67604.59..67604.59 rows=160730 width=4) (actual time=2949.608..2949.608 rows=160017 loops=1)
                    Buckets: 131072  Batches: 4  Memory Usage: 2436kB
                    ->  Seq Scan on title t  (cost=0.00..67604.59 rows=160730 width=4) (actual time=0.020..2664.701 rows=160017 loops=1)
                          Filter: (production_year = 2011)
                          Rows Removed by Filter: 2368295
Planning time: 1.255 ms
Execution time: 7405.969 ms
