Seq Scan on cast_info ci  (cost=0.00..796071.18 rows=13934903 width=0) (actual time=0.019..35154.046 rows=16358844 loops=1)
  Filter: ((person_id < 1869646) AND (role_id < 5))
  Rows Removed by Filter: 19885500
Planning time: 0.430 ms
Execution time: 37736.760 ms
