Hash Join  (cost=102767.86..277698.12 rows=3492870 width=0) (actual time=5518.273..13664.034 rows=3487973 loops=1)
  Hash Cond: (mk.movie_id = t.id)
  ->  Seq Scan on movie_keyword mk  (cost=0.00..81003.12 rows=3492870 width=4) (actual time=0.021..4398.943 rows=3487973 loops=1)
        Filter: (keyword_id < 17140)
        Rows Removed by Filter: 1035957
  ->  Hash  (cost=61283.27..61283.27 rows=2528527 width=4) (actual time=5516.274..5516.274 rows=2528312 loops=1)
        Buckets: 131072  Batches: 64  Memory Usage: 2425kB
        ->  Seq Scan on title t  (cost=0.00..61283.27 rows=2528527 width=4) (actual time=0.031..3905.194 rows=2528312 loops=1)
Planning time: 0.754 ms
Execution time: 14090.604 ms
