Hash Join  (cost=162253.50..1231966.26 rows=3495559 width=0) (actual time=8220.475..69578.150 rows=3841049 loops=1)
  Hash Cond: (ci.movie_id = t.id)
  ->  Seq Scan on cast_info ci  (cost=0.00..614943.12 rows=36225612 width=4) (actual time=0.017..41045.600 rows=36244344 loops=1)
  ->  Hash  (cost=158249.65..158249.65 rows=243988 width=8) (actual time=8219.558..8219.558 rows=133570 loops=1)
        Buckets: 131072  Batches: 4  Memory Usage: 2348kB
        ->  Hash Join  (cost=87245.25..158249.65 rows=243988 width=8) (actual time=5222.787..8165.588 rows=133570 loops=1)
              Hash Cond: (mc.movie_id = t.id)
              ->  Seq Scan on movie_companies mc  (cost=0.00..57926.93 rows=515356 width=4) (actual time=0.017..2340.472 rows=222286 loops=1)
                    Filter: ((company_id > 14715) AND (company_type_id < 2))
                    Rows Removed by Filter: 2386843
              ->  Hash  (cost=67604.59..67604.59 rows=1197093 width=4) (actual time=5221.861..5221.861 rows=1195923 loops=1)
                    Buckets: 131072  Batches: 16  Memory Usage: 3653kB
                    ->  Seq Scan on title t  (cost=0.00..67604.59 rows=1197093 width=4) (actual time=0.019..4224.669 rows=1195923 loops=1)
                          Filter: (production_year < 2003)
                          Rows Removed by Filter: 1332389
Planning time: 4.867 ms
Execution time: 70097.947 ms
