Hash Join  (cost=124079.37..491782.19 rows=304689 width=0) (actual time=6709.850..27902.664 rows=1542680 loops=1)
  Hash Cond: (mi.movie_id = t.id)
  ->  Seq Scan on movie_info mi  (cost=0.00..309384.22 rows=14739122 width=4) (actual time=0.020..15835.677 rows=14835720 loops=1)
  ->  Hash  (cost=123426.00..123426.00 rows=52270 width=8) (actual time=6708.080..6708.080 rows=41638 loops=1)
        Buckets: 65536  Batches: 1  Memory Usage: 2139kB
        ->  Hash Join  (cost=68237.77..123426.00 rows=52270 width=8) (actual time=3178.599..6690.784 rows=41638 loops=1)
              Hash Cond: (mc.movie_id = t.id)
              ->  Seq Scan on movie_companies mc  (cost=0.00..44881.29 rows=2609129 width=4) (actual time=0.012..2524.996 rows=2609129 loops=1)
              ->  Hash  (cost=67604.59..67604.59 rows=50655 width=4) (actual time=3178.237..3178.237 rows=50564 loops=1)
                    Buckets: 65536  Batches: 1  Memory Usage: 2290kB
                    ->  Seq Scan on title t  (cost=0.00..67604.59 rows=50655 width=4) (actual time=0.038..3156.415 rows=50564 loops=1)
                          Filter: (production_year = 1999)
                          Rows Removed by Filter: 2477748
Planning time: 1.247 ms
Execution time: 28153.060 ms
