Seq Scan on movie_keyword mk  (cost=0.00..81003.12 rows=982136 width=0) (actual time=0.029..3904.960 rows=988745 loops=1)
  Filter: (keyword_id > 18711)
  Rows Removed by Filter: 3535185
Planning time: 0.286 ms
Execution time: 4086.813 ms
