Hash Join  (cost=251513.50..656158.79 rows=1734954 width=0) (actual time=16927.298..35916.927 rows=11677440 loops=1)
  Hash Cond: (mi.movie_id = t.id)
  ->  Seq Scan on movie_info mi  (cost=0.00..346232.03 rows=3068194 width=4) (actual time=4416.943..18097.329 rows=3036719 loops=1)
        Filter: (info_type_id = 16)
        Rows Removed by Filter: 11799001
  ->  Hash  (cost=228055.10..228055.10 rows=1429792 width=8) (actual time=12409.958..12409.958 rows=1441976 loops=1)
        Buckets: 131072  Batches: 32  Memory Usage: 2852kB
        ->  Hash Join  (cost=102767.86..228055.10 rows=1429792 width=8) (actual time=5515.917..11963.900 rows=1441976 loops=1)
              Hash Cond: (mk.movie_id = t.id)
              ->  Seq Scan on movie_keyword mk  (cost=0.00..81003.12 rows=1429792 width=4) (actual time=0.031..4707.852 rows=1441976 loops=1)
                    Filter: (keyword_id > 11577)
                    Rows Removed by Filter: 3081954
              ->  Hash  (cost=61283.27..61283.27 rows=2528527 width=4) (actual time=5512.489..5512.489 rows=2528312 loops=1)
                    Buckets: 131072  Batches: 64  Memory Usage: 2425kB
                    ->  Seq Scan on title t  (cost=0.00..61283.27 rows=2528527 width=4) (actual time=0.019..4375.586 rows=2528312 loops=1)
Planning time: 1.073 ms
Execution time: 37438.348 ms
