Hash Join  (cost=70241.71..1167688.77 rows=2039185 width=0) (actual time=1196.250..32662.774 rows=2112242 loops=1)
  Hash Cond: (ci.movie_id = t.id)
  ->  Seq Scan on cast_info ci  (cost=0.00..705507.15 rows=32079482 width=4) (actual time=0.019..16414.712 rows=32058373 loops=1)
        Filter: (person_id < 3291322)
        Rows Removed by Filter: 4185971
  ->  Hash  (cost=67604.59..67604.59 rows=160730 width=4) (actual time=1195.554..1195.554 rows=160017 loops=1)
        Buckets: 131072  Batches: 4  Memory Usage: 2436kB
        ->  Seq Scan on title t  (cost=0.00..67604.59 rows=160730 width=4) (actual time=0.017..1139.308 rows=160017 loops=1)
              Filter: (production_year = 2011)
              Rows Removed by Filter: 2368295
Planning time: 0.612 ms
Execution time: 32925.467 ms
