Hash Join  (cost=160095.70..1229399.74 rows=3455788 width=0) (actual time=8512.149..66109.615 rows=19642632 loops=1)
  Hash Cond: (ci.movie_id = t.id)
  ->  Seq Scan on cast_info ci  (cost=0.00..614943.12 rows=36225612 width=4) (actual time=0.011..32119.798 rows=36244344 loops=1)
  ->  Hash  (cost=156137.55..156137.55 rows=241212 width=8) (actual time=8511.072..8511.072 rows=742999 loops=1)
        Buckets: 131072 (originally 131072)  Batches: 8 (originally 4)  Memory Usage: 4663kB
        ->  Hash Join  (cost=77761.90..156137.55 rows=241212 width=8) (actual time=3742.702..8280.307 rows=742999 loops=1)
              Hash Cond: (mc.movie_id = t.id)
              ->  Seq Scan on movie_companies mc  (cost=0.00..44881.29 rows=2609129 width=4) (actual time=0.023..2852.645 rows=2609129 loops=1)
              ->  Hash  (cost=73925.90..73925.90 rows=233760 width=4) (actual time=3741.936..3741.936 rows=353075 loops=1)
                    Buckets: 131072 (originally 131072)  Batches: 8 (originally 4)  Memory Usage: 3073kB
                    ->  Seq Scan on title t  (cost=0.00..73925.90 rows=233760 width=4) (actual time=0.022..3607.045 rows=353075 loops=1)
                          Filter: ((production_year < 1997) AND (kind_id = 1))
                          Rows Removed by Filter: 2175237
Planning time: 4.643 ms
Execution time: 68314.979 ms
