Seq Scan on cast_info ci  (cost=0.00..796071.18 rows=13099521 width=0) (actual time=0.013..15005.828 rows=14198488 loops=1)
  Filter: ((person_id > 664006) AND (role_id > 2))
  Rows Removed by Filter: 22045856
Planning time: 0.345 ms
Execution time: 16692.849 ms
