Hash Join  (cost=488185.00..1651932.32 rows=12649520 width=0) (actual time=8473.664..40362.207 rows=7504429 loops=1)
  Hash Cond: (ci.movie_id = t.id)
  ->  Seq Scan on cast_info ci  (cost=0.00..614943.12 rows=36225612 width=4) (actual time=0.015..13205.186 rows=36244344 loops=1)
  ->  Hash  (cost=473699.39..473699.39 rows=882929 width=8) (actual time=8472.620..8472.620 rows=340737 loops=1)
        Buckets: 131072  Batches: 16  Memory Usage: 1847kB
        ->  Hash Join  (cost=94973.51..473699.39 rows=882929 width=8) (actual time=3551.851..8391.275 rows=340737 loops=1)
              Hash Cond: (mi.movie_id = t.id)
              ->  Seq Scan on movie_info mi  (cost=0.00..346232.03 rows=1338312 width=4) (actual time=1832.427..5369.324 rows=1401902 loops=1)
                    Filter: (info_type_id = 7)
                    Rows Removed by Filter: 13433818
              ->  Hash  (cost=67604.59..67604.59 rows=1668154 width=4) (actual time=1718.049..1718.049 rows=1674098 loops=1)
                    Buckets: 131072  Batches: 32  Memory Usage: 2875kB
                    ->  Seq Scan on title t  (cost=0.00..67604.59 rows=1668154 width=4) (actual time=0.032..1180.924 rows=1674098 loops=1)
                          Filter: (kind_id > 3)
                          Rows Removed by Filter: 854214
Planning time: 1.270 ms
Execution time: 41255.676 ms
