Hash Join  (cost=75342.47..926451.91 rows=416429 width=0) (actual time=1209.097..19903.758 rows=537002 loops=1)
  Hash Cond: (ci.movie_id = t.id)
  ->  Seq Scan on cast_info ci  (cost=0.00..705507.15 rows=12203201 width=4) (actual time=0.016..13952.776 rows=12113646 loops=1)
        Filter: (role_id > 3)
        Rows Removed by Filter: 24130698
  ->  Hash  (cost=73925.90..73925.90 rows=86285 width=4) (actual time=1208.155..1208.155 rows=92628 loops=1)
        Buckets: 131072  Batches: 2  Memory Usage: 2653kB
        ->  Seq Scan on title t  (cost=0.00..73925.90 rows=86285 width=4) (actual time=0.014..1174.360 rows=92628 loops=1)
              Filter: ((kind_id = 7) AND (production_year = 2010))
              Rows Removed by Filter: 2435684
Planning time: 0.524 ms
Execution time: 19977.705 ms
