Hash Join  (cost=160526.42..275358.59 rows=682294 width=0) (actual time=9603.567..12514.878 rows=440208 loops=1)
  Hash Cond: (mk.movie_id = t.id)
  ->  Seq Scan on movie_keyword mk  (cost=0.00..81003.12 rows=2051495 width=4) (actual time=0.021..4297.078 rows=2059636 loops=1)
        Filter: (keyword_id < 3662)
        Rows Removed by Filter: 2464294
  ->  Hash  (cost=146729.58..146729.58 rows=840947 width=8) (actual time=6995.493..6995.493 rows=425718 loops=1)
        Buckets: 131072  Batches: 16  Memory Usage: 2068kB
        ->  Hash Join  (cost=92883.59..146729.58 rows=840947 width=8) (actual time=5364.285..6861.396 rows=425718 loops=1)
              Hash Cond: (mi_idx.movie_id = t.id)
              ->  Seq Scan on movie_info_idx mi_idx  (cost=0.00..21735.35 rows=1380035 width=4) (actual time=0.015..1316.315 rows=1380035 loops=1)
              ->  Hash  (cost=67604.59..67604.59 rows=1540800 width=4) (actual time=4341.446..4341.446 rows=1543264 loops=1)
                    Buckets: 131072  Batches: 32  Memory Usage: 2722kB
                    ->  Seq Scan on title t  (cost=0.00..67604.59 rows=1540800 width=4) (actual time=0.012..3700.461 rows=1543264 loops=1)
                          Filter: (kind_id = 7)
                          Rows Removed by Filter: 985048
Planning time: 8.043 ms
Execution time: 12572.195 ms
