Nested Loop  (cost=0.43..799702.19 rows=435 width=0) (actual time=2060.087..15582.356 rows=6 loops=1)
  ->  Seq Scan on cast_info ci  (cost=0.00..796071.18 rows=435 width=4) (actual time=2059.977..15582.097 rows=6 loops=1)
        Filter: ((role_id < 10) AND (person_id = 1747505))
        Rows Removed by Filter: 36244338
  ->  Index Only Scan using title_pkey on title t  (cost=0.43..8.34 rows=1 width=4) (actual time=0.038..0.038 rows=1 loops=6)
        Index Cond: (id = ci.movie_id)
        Heap Fetches: 6
Planning time: 0.607 ms
Execution time: 15582.434 ms
