Seq Scan on movie_keyword mk  (cost=0.00..81003.12 rows=246 width=0) (actual time=0.455..1321.991 rows=761 loops=1)
  Filter: (keyword_id = 383)
  Rows Removed by Filter: 4523169
Planning time: 0.365 ms
Execution time: 1322.399 ms
