Nested Loop  (cost=0.43..83072.29 rows=65 width=0) (actual time=403.578..1401.770 rows=1 loops=1)
  ->  Seq Scan on movie_keyword mk  (cost=0.00..81003.12 rows=246 width=4) (actual time=403.534..1401.724 rows=1 loops=1)
        Filter: (keyword_id = 103279)
        Rows Removed by Filter: 4523929
  ->  Index Scan using title_pkey on title t  (cost=0.43..8.40 rows=1 width=4) (actual time=0.037..0.038 rows=1 loops=1)
        Index Cond: (id = mk.movie_id)
        Filter: (kind_id = 1)
Planning time: 0.777 ms
Execution time: 1401.865 ms
