Hash Join  (cost=134242.02..218898.02 rows=18354 width=0) (actual time=2874.965..4418.863 rows=113644 loops=1)
  Hash Cond: (mk.movie_id = t.id)
  ->  Seq Scan on movie_keyword mk  (cost=0.00..81003.12 rows=925155 width=4) (actual time=0.020..1341.771 rows=918262 loops=1)
        Filter: (keyword_id > 20329)
        Rows Removed by Filter: 3605668
  ->  Hash  (cost=133615.00..133615.00 rows=50162 width=8) (actual time=2874.140..2874.140 rows=49238 loops=1)
        Buckets: 65536  Batches: 1  Memory Usage: 2436kB
        ->  Hash Join  (cost=69694.50..133615.00 rows=50162 width=8) (actual time=1394.462..2854.695 rows=49238 loops=1)
              Hash Cond: (mc.movie_id = t.id)
              ->  Seq Scan on movie_companies mc  (cost=0.00..51404.11 rows=995937 width=4) (actual time=1.240..1025.979 rows=1004340 loops=1)
                    Filter: (company_id > 16522)
                    Rows Removed by Filter: 1604789
              ->  Hash  (cost=67604.59..67604.59 rows=127353 width=4) (actual time=1392.396..1392.396 rows=128696 loops=1)
                    Buckets: 131072  Batches: 2  Memory Usage: 3284kB
                    ->  Seq Scan on title t  (cost=0.00..67604.59 rows=127353 width=4) (actual time=0.051..1157.661 rows=128696 loops=1)
                          Filter: (production_year = 2009)
                          Rows Removed by Filter: 2399616
Planning time: 3.510 ms
Execution time: 4434.084 ms
