Hash Join  (cost=74223.04..101263.26 rows=12974 width=0) (actual time=1172.192..1850.607 rows=28828 loops=1)
  Hash Cond: (mi_idx.movie_id = t.id)
  ->  Seq Scan on movie_info_idx mi_idx  (cost=0.00..21735.35 rows=1380035 width=4) (actual time=0.019..356.692 rows=1380035 loops=1)
  ->  Hash  (cost=73925.90..73925.90 rows=23771 width=4) (actual time=1171.940..1171.940 rows=20633 loops=1)
        Buckets: 32768  Batches: 1  Memory Usage: 982kB
        ->  Seq Scan on title t  (cost=0.00..73925.90 rows=23771 width=4) (actual time=0.104..1163.161 rows=20633 loops=1)
              Filter: ((kind_id < 7) AND (production_year = 2002))
              Rows Removed by Filter: 2507679
Planning time: 0.852 ms
Execution time: 1854.801 ms
