Hash Join  (cost=79788.29..164137.47 rows=343571 width=0) (actual time=1406.516..3664.524 rows=176930 loops=1)
  Hash Cond: (mc.movie_id = t.id)
  ->  Seq Scan on movie_companies mc  (cost=0.00..51404.11 rows=2431294 width=4) (actual time=0.024..1162.741 rows=2428527 loops=1)
        Filter: (company_id > 34)
        Rows Removed by Filter: 180602
  ->  Hash  (cost=73925.90..73925.90 rows=357311 width=4) (actual time=1405.078..1405.078 rows=218528 loops=1)
        Buckets: 131072  Batches: 8  Memory Usage: 1978kB
        ->  Seq Scan on title t  (cost=0.00..73925.90 rows=357311 width=4) (actual time=0.022..1331.328 rows=218528 loops=1)
              Filter: ((kind_id > 1) AND (production_year < 1978))
              Rows Removed by Filter: 2309784
Planning time: 0.943 ms
Execution time: 3688.136 ms
