Hash Join  (cost=68552.79..937076.89 rows=536690 width=0) (actual time=1122.483..23163.008 rows=117052 loops=1)
  Hash Cond: (ci.movie_id = t.id)
  ->  Seq Scan on cast_info ci  (cost=0.00..796071.18 rows=17889607 width=4) (actual time=0.014..16196.822 rows=21200577 loops=1)
        Filter: ((person_id > 837965) AND (role_id > 1))
        Rows Removed by Filter: 15043767
  ->  Hash  (cost=67604.59..67604.59 rows=75856 width=4) (actual time=1121.574..1121.574 rows=73352 loops=1)
        Buckets: 131072  Batches: 1  Memory Usage: 3603kB
        ->  Seq Scan on title t  (cost=0.00..67604.59 rows=75856 width=4) (actual time=3.434..1086.262 rows=73352 loops=1)
              Filter: (production_year < 1917)
              Rows Removed by Filter: 2454960
Planning time: 0.515 ms
Execution time: 23179.528 ms
