Hash Join  (cost=92883.59..216077.95 rows=1165831 width=0) (actual time=4309.672..5577.535 rows=257686 loops=1)
  Hash Cond: (mk.movie_id = t.id)
  ->  Seq Scan on movie_keyword mk  (cost=0.00..81003.12 rows=1913185 width=4) (actual time=0.019..1536.418 rows=1921650 loops=1)
        Filter: (keyword_id < 3311)
        Rows Removed by Filter: 2602280
  ->  Hash  (cost=67604.59..67604.59 rows=1540800 width=4) (actual time=2588.927..2588.927 rows=1543264 loops=1)
        Buckets: 131072  Batches: 32  Memory Usage: 2728kB
        ->  Seq Scan on title t  (cost=0.00..67604.59 rows=1540800 width=4) (actual time=0.011..1345.643 rows=1543264 loops=1)
              Filter: (kind_id = 7)
              Rows Removed by Filter: 985048
Planning time: 0.519 ms
Execution time: 5605.066 ms
