Hash Join  (cost=103412.25..158235.03 rows=15726 width=0) (actual time=2036.633..3351.649 rows=91210 loops=1)
  Hash Cond: (mc.movie_id = t.id)
  ->  Seq Scan on movie_companies mc  (cost=0.00..44881.29 rows=2609129 width=4) (actual time=0.019..672.520 rows=2609129 loops=1)
  ->  Hash  (cost=103221.75..103221.75 rows=15240 width=8) (actual time=2036.494..2036.494 rows=27570 loops=1)
        Buckets: 32768 (originally 16384)  Batches: 1 (originally 1)  Memory Usage: 1333kB
        ->  Hash Join  (cost=74452.28..103221.75 rows=15240 width=8) (actual time=1308.323..2025.769 rows=27570 loops=1)
              Hash Cond: (mi_idx.movie_id = t.id)
              ->  Seq Scan on movie_info_idx mi_idx  (cost=0.00..25185.44 rows=915101 width=4) (actual time=0.018..508.019 rows=919850 loops=1)
                    Filter: (info_type_id < 101)
                    Rows Removed by Filter: 460185
              ->  Hash  (cost=73925.90..73925.90 rows=42110 width=4) (actual time=1307.802..1307.802 rows=33905 loops=1)
                    Buckets: 65536  Batches: 1  Memory Usage: 1704kB
                    ->  Seq Scan on title t  (cost=0.00..73925.90 rows=42110 width=4) (actual time=0.042..1288.169 rows=33905 loops=1)
                          Filter: ((kind_id < 7) AND (production_year = 2006))
                          Rows Removed by Filter: 2494407
Planning time: 8.876 ms
Execution time: 3364.651 ms
