Seq Scan on title t  (cost=0.00..73925.90 rows=1598857 width=0) (actual time=0.011..1424.873 rows=1698314 loops=1)
  Filter: ((kind_id > 2) AND (production_year > 1952))
  Rows Removed by Filter: 829998
Planning time: 0.323 ms
Execution time: 1639.986 ms
