Nested Loop  (cost=0.43..67321.97 rows=1152 width=0) (actual time=42.045..779.025 rows=1247 loops=1)
  ->  Seq Scan on movie_companies mc  (cost=0.00..57926.93 rows=1152 width=4) (actual time=41.947..737.020 rows=1247 loops=1)
        Filter: ((company_id = 14490) AND (company_type_id = 1))
        Rows Removed by Filter: 2607882
  ->  Index Only Scan using title_pkey on title t  (cost=0.43..8.15 rows=1 width=4) (actual time=0.033..0.033 rows=1 loops=1247)
        Index Cond: (id = mc.movie_id)
        Heap Fetches: 1247
Planning time: 0.501 ms
Execution time: 779.424 ms
