Seq Scan on movie_keyword mk  (cost=0.00..81003.12 rows=3287014 width=0) (actual time=5.907..1596.000 rows=3274574 loops=1)
  Filter: (keyword_id < 14441)
  Rows Removed by Filter: 1249356
Planning time: 0.455 ms
Execution time: 2012.056 ms
