Seq Scan on movie_companies mc  (cost=0.00..57926.93 rows=395680 width=0) (actual time=450.439..1072.861 rows=568996 loops=1)
  Filter: ((company_id < 1763) AND (company_type_id = 1))
  Rows Removed by Filter: 2040133
Planning time: 0.372 ms
Execution time: 1145.836 ms
