Hash Join  (cost=58358.67..85269.22 rows=7 width=0) (actual time=979.206..1438.655 rows=60 loops=1)
  Hash Cond: (mi_idx.movie_id = t.id)
  ->  Seq Scan on movie_info_idx mi_idx  (cost=0.00..21735.35 rows=1380035 width=4) (actual time=0.024..260.986 rows=1380035 loops=1)
  ->  Hash  (cost=58358.52..58358.52 rows=12 width=8) (actual time=962.588..962.588 rows=20 loops=1)
        Buckets: 1024  Batches: 1  Memory Usage: 9kB
        ->  Nested Loop  (cost=0.43..58358.52 rows=12 width=8) (actual time=229.595..962.556 rows=20 loops=1)
              ->  Seq Scan on movie_companies mc  (cost=0.00..57926.93 rows=51 width=4) (actual time=169.083..949.763 rows=448 loops=1)
                    Filter: ((company_type_id < 2) AND (company_id = 737))
                    Rows Removed by Filter: 2608681
              ->  Index Scan using title_pkey on title t  (cost=0.43..8.45 rows=1 width=4) (actual time=0.027..0.027 rows=0 loops=448)
                    Index Cond: (id = mc.movie_id)
                    Filter: ((kind_id > 1) AND (production_year < 1994))
                    Rows Removed by Filter: 1
Planning time: 3.461 ms
Execution time: 1438.798 ms
