Seq Scan on cast_info ci  (cost=0.00..796071.18 rows=41079 width=0) (actual time=7671.312..11254.058 rows=33600 loops=1)
  Filter: ((person_id < 77643) AND (role_id = 8))
  Rows Removed by Filter: 36210744
Planning time: 0.358 ms
Execution time: 11257.935 ms
