Hash Join  (cost=891922.21..1378072.96 rows=594583 width=0) (actual time=13946.579..25588.787 rows=1735432 loops=1)
  Hash Cond: (mi.movie_id = t.id)
  ->  Seq Scan on movie_info mi  (cost=0.00..309384.22 rows=14739122 width=4) (actual time=0.019..6107.890 rows=14835720 loops=1)
  ->  Hash  (cost=890248.18..890248.18 rows=102002 width=8) (actual time=13945.393..13945.393 rows=82977 loops=1)
        Buckets: 131072  Batches: 2  Memory Usage: 2656kB
        ->  Hash Join  (cost=86252.72..890248.18 rows=102002 width=8) (actual time=5514.046..13911.515 rows=82977 loops=1)
              Hash Cond: (ci.movie_id = t.id)
              ->  Seq Scan on cast_info ci  (cost=0.00..796071.18 rows=343270 width=4) (actual time=3834.168..11943.213 rows=308275 loops=1)
                    Filter: ((person_id < 427497) AND (role_id = 4))
                    Rows Removed by Filter: 35936069
              ->  Hash  (cost=73925.90..73925.90 rows=751345 width=4) (actual time=1678.819..1678.819 rows=793943 loops=1)
                    Buckets: 131072  Batches: 16  Memory Usage: 2771kB
                    ->  Seq Scan on title t  (cost=0.00..73925.90 rows=751345 width=4) (actual time=0.034..1419.114 rows=793943 loops=1)
                          Filter: ((kind_id < 7) AND (production_year < 2010))
                          Rows Removed by Filter: 1734369
Planning time: 2.142 ms
Execution time: 25800.119 ms
