Seq Scan on movie_companies mc  (cost=0.00..51404.11 rows=53798 width=0) (actual time=21.131..804.187 rows=52692 loops=1)
  Filter: (company_id > 189360)
  Rows Removed by Filter: 2556437
Planning time: 0.333 ms
Execution time: 811.246 ms
