Seq Scan on cast_info ci  (cost=0.00..796071.18 rows=324 width=0) (actual time=7259.692..14808.046 rows=25 loops=1)
  Filter: ((role_id > 1) AND (person_id = 3575886))
  Rows Removed by Filter: 36244319
Planning time: 1.391 ms
Execution time: 14808.195 ms
