Hash Join  (cost=82805.75..171035.54 rows=956027 width=0) (actual time=1653.911..4373.512 rows=1286436 loops=1)
  Hash Cond: (mc.movie_id = t.id)
  ->  Seq Scan on movie_companies mc  (cost=0.00..44881.29 rows=2609129 width=4) (actual time=0.024..904.615 rows=2609129 loops=1)
  ->  Hash  (cost=67604.59..67604.59 rows=926493 width=4) (actual time=1653.045..1653.045 rows=924605 loops=1)
        Buckets: 131072  Batches: 16  Memory Usage: 3056kB
        ->  Seq Scan on title t  (cost=0.00..67604.59 rows=926493 width=4) (actual time=10.265..1358.864 rows=924605 loops=1)
              Filter: (production_year < 1998)
              Rows Removed by Filter: 1603707
Planning time: 0.815 ms
Execution time: 4526.947 ms
