Seq Scan on movie_keyword mk  (cost=0.00..81003.12 rows=3263339 width=0) (actual time=0.038..1579.662 rows=3253799 loops=1)
  Filter: (keyword_id < 14017)
  Rows Removed by Filter: 1270131
Planning time: 0.292 ms
Execution time: 1987.892 ms
