Hash Join  (cost=83073.55..456440.32 rows=149 width=0) (actual time=1297.018..8061.584 rows=50 loops=1)
  Hash Cond: (mi.movie_id = t.id)
  ->  Seq Scan on movie_info mi  (cost=0.00..346232.03 rows=7235534 width=4) (actual time=0.019..5927.679 rows=7286865 loops=1)
        Filter: (info_type_id < 8)
        Rows Removed by Filter: 7548855
  ->  Hash  (cost=83072.90..83072.90 rows=52 width=8) (actual time=1161.230..1161.230 rows=1 loops=1)
        Buckets: 1024  Batches: 1  Memory Usage: 9kB
        ->  Nested Loop  (cost=0.43..83072.90 rows=52 width=8) (actual time=85.191..1161.225 rows=1 loops=1)
              ->  Seq Scan on movie_keyword mk  (cost=0.00..81003.12 rows=246 width=4) (actual time=85.133..1161.056 rows=3 loops=1)
                    Filter: (keyword_id = 32069)
                    Rows Removed by Filter: 4523927
              ->  Index Scan using title_pkey on title t  (cost=0.43..8.40 rows=1 width=4) (actual time=0.047..0.047 rows=0 loops=3)
                    Index Cond: (id = mk.movie_id)
                    Filter: ((production_year > 1974) AND (kind_id = 1))
                    Rows Removed by Filter: 1
Planning time: 1.183 ms
Execution time: 8061.747 ms
