Hash Join  (cost=232273.23..728532.23 rows=3368762 width=0) (actual time=5885.098..49315.567 rows=135723930 loops=1)
  Hash Cond: (mi.movie_id = t.id)
  ->  Seq Scan on movie_info mi  (cost=0.00..346232.03 rows=9767026 width=4) (actual time=0.020..7091.428 rows=9911754 loops=1)
        Filter: (info_type_id > 4)
        Rows Removed by Filter: 4923966
  ->  Hash  (cost=217964.74..217964.74 rows=872119 width=8) (actual time=5884.184..5884.184 rows=2409492 loops=1)
        Buckets: 131072 (originally 131072)  Batches: 64 (originally 16)  Memory Usage: 3971kB
        ->  Hash Join  (cost=83891.93..217964.74 rows=872119 width=8) (actual time=1496.796..5300.176 rows=2409492 loops=1)
              Hash Cond: (mk.movie_id = t.id)
              ->  Seq Scan on movie_keyword mk  (cost=0.00..81003.12 rows=3630265 width=4) (actual time=0.014..1812.074 rows=3622528 loops=1)
                    Filter: (keyword_id > 851)
                    Rows Removed by Filter: 901402
              ->  Hash  (cost=73925.90..73925.90 rows=607442 width=4) (actual time=1495.975..1495.975 rows=675690 loops=1)
                    Buckets: 131072  Batches: 8  Memory Usage: 4020kB
                    ->  Seq Scan on title t  (cost=0.00..73925.90 rows=607442 width=4) (actual time=0.022..1282.233 rows=675690 loops=1)
                          Filter: ((kind_id < 7) AND (production_year < 2007))
                          Rows Removed by Filter: 1852622
Planning time: 1.123 ms
Execution time: 63811.556 ms
