Seq Scan on movie_companies mc  (cost=0.00..57926.93 rows=932053 width=0) (actual time=443.045..1131.961 rows=779937 loops=1)
  Filter: ((company_id > 1284) AND (company_type_id = 1))
  Rows Removed by Filter: 1829192
Planning time: 0.380 ms
Execution time: 1229.553 ms
