Hash Join  (cost=94699.36..978824.48 rows=37533 width=0) (actual time=2199.298..23947.436 rows=159420 loops=1)
  Hash Cond: (ci.movie_id = t.id)
  ->  Seq Scan on cast_info ci  (cost=0.00..796071.18 rows=23380962 width=4) (actual time=608.798..18211.074 rows=23365735 loops=1)
        Filter: ((person_id < 4025231) AND (role_id > 1))
        Rows Removed by Filter: 12878609
  ->  Hash  (cost=94648.62..94648.62 rows=4059 width=8) (actual time=1589.912..1589.912 rows=10327 loops=1)
        Buckets: 16384 (originally 4096)  Batches: 1 (originally 1)  Memory Usage: 532kB
        ->  Hash Join  (cost=67697.55..94648.62 rows=4059 width=8) (actual time=967.753..1585.969 rows=10327 loops=1)
              Hash Cond: (mi_idx.movie_id = t.id)
              ->  Seq Scan on movie_info_idx mi_idx  (cost=0.00..21735.35 rows=1380035 width=4) (actual time=0.022..309.069 rows=1380035 loops=1)
              ->  Hash  (cost=67604.59..67604.59 rows=7437 width=4) (actual time=967.484..967.484 rows=14779 loops=1)
                    Buckets: 16384 (originally 8192)  Batches: 1 (originally 1)  Memory Usage: 648kB
                    ->  Seq Scan on title t  (cost=0.00..67604.59 rows=7437 width=4) (actual time=0.069..959.999 rows=14779 loops=1)
                          Filter: (production_year = 1980)
                          Rows Removed by Filter: 2513533
Planning time: 1.232 ms
Execution time: 23971.879 ms
