Seq Scan on movie_keyword mk  (cost=0.00..81003.12 rows=246 width=0) (actual time=0.265..1276.257 rows=2342 loops=1)
  Filter: (keyword_id = 43)
  Rows Removed by Filter: 4521588
Planning time: 0.379 ms
Execution time: 1277.058 ms
