Hash Join  (cost=1018504.83..3468888.31 rows=112593851 width=0) (actual time=24821.096..112549.684 rows=241742212 loops=1)
  Hash Cond: (ci.movie_id = t.id)
  ->  Seq Scan on cast_info ci  (cost=0.00..705507.15 rows=19315709 width=4) (actual time=0.026..14612.146 rows=19468618 loops=1)
        Filter: (person_id > 1659799)
        Rows Removed by Filter: 16775726
  ->  Hash  (cost=776690.81..776690.81 rows=14739122 width=8) (actual time=24817.130..24817.130 rows=14835720 loops=1)
        Buckets: 131072  Batches: 256  Memory Usage: 3268kB
        ->  Hash Join  (cost=102767.86..776690.81 rows=14739122 width=8) (actual time=1980.738..20660.575 rows=14835720 loops=1)
              Hash Cond: (mi.movie_id = t.id)
              ->  Seq Scan on movie_info mi  (cost=0.00..309384.22 rows=14739122 width=4) (actual time=0.013..6261.537 rows=14835720 loops=1)
              ->  Hash  (cost=61283.27..61283.27 rows=2528527 width=4) (actual time=1979.979..1979.979 rows=2528312 loops=1)
                    Buckets: 131072  Batches: 64  Memory Usage: 2425kB
                    ->  Seq Scan on title t  (cost=0.00..61283.27 rows=2528527 width=4) (actual time=0.016..1115.829 rows=2528312 loops=1)
Planning time: 3.039 ms
Execution time: 138516.809 ms
