Hash Join  (cost=188966.42..705158.32 rows=3409997 width=0) (actual time=3958.406..20789.744 rows=7158801 loops=1)
  Hash Cond: (mi.movie_id = t.id)
  ->  Seq Scan on movie_info mi  (cost=0.00..309384.22 rows=14739122 width=4) (actual time=0.020..6447.598 rows=14835720 loops=1)
  ->  Hash  (cost=179368.02..179368.02 rows=584992 width=8) (actual time=3957.555..3957.555 rows=564540 loops=1)
        Buckets: 131072  Batches: 8  Memory Usage: 3766kB
        ->  Hash Join  (cost=98137.04..179368.02 rows=584992 width=8) (actual time=2000.299..3797.759 rows=564540 loops=1)
              Hash Cond: (mc.movie_id = t.id)
              ->  Seq Scan on movie_companies mc  (cost=0.00..57926.93 rows=794826 width=4) (actual time=293.505..1127.945 rows=1093416 loops=1)
                    Filter: ((company_id < 16749) AND (company_type_id < 2))
                    Rows Removed by Filter: 1515713
              ->  Hash  (cost=67604.59..67604.59 rows=1860996 width=4) (actual time=1705.989..1705.989 rows=1865487 loops=1)
                    Buckets: 131072  Batches: 32  Memory Usage: 3079kB
                    ->  Seq Scan on title t  (cost=0.00..67604.59 rows=1860996 width=4) (actual time=0.034..1132.526 rows=1865487 loops=1)
                          Filter: (kind_id > 1)
                          Rows Removed by Filter: 662825
Planning time: 4.972 ms
Execution time: 21580.312 ms
