Seq Scan on movie_keyword mk  (cost=0.00..81003.12 rows=3253193 width=0) (actual time=0.026..1611.056 rows=3244350 loops=1)
  Filter: (keyword_id > 1651)
  Rows Removed by Filter: 1279580
Planning time: 0.305 ms
Execution time: 2011.259 ms
