Hash Join  (cost=98137.04..209924.90 rows=857877 width=0) (actual time=1951.809..4445.733 rows=455144 loops=1)
  Hash Cond: (mk.movie_id = t.id)
  ->  Seq Scan on movie_keyword mk  (cost=0.00..81003.12 rows=1165594 width=4) (actual time=0.024..1503.454 rows=1180478 loops=1)
        Filter: (keyword_id > 15790)
        Rows Removed by Filter: 3343452
  ->  Hash  (cost=67604.59..67604.59 rows=1860996 width=4) (actual time=1949.756..1949.756 rows=1865487 loops=1)
        Buckets: 131072  Batches: 32  Memory Usage: 3085kB
        ->  Seq Scan on title t  (cost=0.00..67604.59 rows=1860996 width=4) (actual time=0.023..1333.098 rows=1865487 loops=1)
              Filter: (kind_id > 1)
              Rows Removed by Filter: 662825
Planning time: 0.707 ms
Execution time: 4501.448 ms
