Seq Scan on movie_keyword mk  (cost=0.00..81003.12 rows=4075384 width=0) (actual time=0.027..1734.226 rows=4076321 loops=1)
  Filter: (keyword_id < 39655)
  Rows Removed by Filter: 447609
Planning time: 0.288 ms
Execution time: 2215.314 ms
