Seq Scan on cast_info ci  (cost=0.00..796071.18 rows=5366819 width=0) (actual time=1984.523..10846.723 rows=10387624 loops=1)
  Filter: ((person_id > 2481340) AND (role_id > 2))
  Rows Removed by Filter: 25856720
Planning time: 0.333 ms
Execution time: 12003.819 ms
