Hash Join  (cost=776986.84..1142660.88 rows=101812 width=0) (actual time=13876.256..22315.625 rows=227708 loops=1)
  Hash Cond: (mi.movie_id = t.id)
  ->  Seq Scan on movie_info mi  (cost=0.00..309384.22 rows=14739122 width=4) (actual time=0.024..4839.822 rows=14835720 loops=1)
  ->  Hash  (cost=776768.51..776768.51 rows=17466 width=8) (actual time=13875.760..13875.760 rows=19434 loops=1)
        Buckets: 32768  Batches: 1  Memory Usage: 1016kB
        ->  Hash Join  (cost=68365.25..776768.51 rows=17466 width=8) (actual time=3021.253..13867.858 rows=19434 loops=1)
              Hash Cond: (ci.movie_id = t.id)
              ->  Seq Scan on cast_info ci  (cost=0.00..705507.15 rows=725720 width=4) (actual time=1901.796..12479.353 rows=773674 loops=1)
                    Filter: (role_id = 6)
                    Rows Removed by Filter: 35470670
              ->  Hash  (cost=67604.59..67604.59 rows=60853 width=4) (actual time=1119.022..1119.022 rows=62568 loops=1)
                    Buckets: 65536  Batches: 1  Memory Usage: 2712kB
                    ->  Seq Scan on title t  (cost=0.00..67604.59 rows=60853 width=4) (actual time=0.040..1092.538 rows=62568 loops=1)
                          Filter: (production_year = 2002)
                          Rows Removed by Filter: 2465744
Planning time: 1.197 ms
Execution time: 22349.242 ms
