Hash Join  (cost=83074.74..447745.01 rows=1434 width=0) (actual time=1439.295..8713.986 rows=80317 loops=1)
  Hash Cond: (mi.movie_id = t.id)
  ->  Seq Scan on movie_info mi  (cost=0.00..309384.22 rows=14739122 width=4) (actual time=0.024..4348.386 rows=14835720 loops=1)
  ->  Hash  (cost=83071.67..83071.67 rows=246 width=8) (actual time=1439.204..1439.204 rows=1422 loops=1)
        Buckets: 2048 (originally 1024)  Batches: 1 (originally 1)  Memory Usage: 72kB
        ->  Nested Loop  (cost=0.43..83071.67 rows=246 width=8) (actual time=0.680..1438.147 rows=1422 loops=1)
              ->  Seq Scan on movie_keyword mk  (cost=0.00..81003.12 rows=246 width=4) (actual time=0.625..1367.973 rows=1422 loops=1)
                    Filter: (keyword_id = 386)
                    Rows Removed by Filter: 4522508
              ->  Index Only Scan using title_pkey on title t  (cost=0.43..8.40 rows=1 width=4) (actual time=0.048..0.048 rows=1 loops=1422)
                    Index Cond: (id = mk.movie_id)
                    Heap Fetches: 1422
Planning time: 6.133 ms
Execution time: 8726.434 ms
