Hash Join  (cost=486408.08..623956.65 rows=1276053 width=0) (actual time=9209.788..19620.832 rows=32155085 loops=1)
  Hash Cond: (mk.movie_id = t.id)
  ->  Seq Scan on movie_keyword mk  (cost=0.00..69693.30 rows=4523930 width=4) (actual time=0.014..1413.021 rows=4523930 loops=1)
  ->  Hash  (cost=474706.90..474706.90 rows=713215 width=8) (actual time=9208.811..9208.811 rows=1016002 loops=1)
        Buckets: 131072  Batches: 16  Memory Usage: 3623kB
        ->  Hash Join  (cost=83568.99..474706.90 rows=713215 width=8) (actual time=4306.644..8903.501 rows=1016002 loops=1)
              Hash Cond: (mi.movie_id = t.id)
              ->  Seq Scan on movie_info mi  (cost=0.00..346232.03 rows=3068194 width=4) (actual time=1479.097..5573.679 rows=3036719 loops=1)
                    Filter: (info_type_id = 16)
                    Rows Removed by Filter: 11799001
              ->  Hash  (cost=73925.90..73925.90 rows=587767 width=4) (actual time=1574.457..1574.457 rows=594730 loops=1)
                    Buckets: 131072  Batches: 8  Memory Usage: 3657kB
                    ->  Seq Scan on title t  (cost=0.00..73925.90 rows=587767 width=4) (actual time=0.021..1388.948 rows=594730 loops=1)
                          Filter: ((production_year < 2012) AND (kind_id = 1))
                          Rows Removed by Filter: 1933582
Planning time: 1.171 ms
Execution time: 23179.406 ms
