Hash Join  (cost=132995.99..259538.06 rows=372603 width=0) (actual time=5081.090..6115.905 rows=295260 loops=1)
  Hash Cond: (mk.movie_id = t.id)
  ->  Seq Scan on movie_keyword mk  (cost=0.00..69693.30 rows=4523930 width=4) (actual time=0.020..1382.430 rows=4523930 loops=1)
  ->  Hash  (cost=129578.79..129578.79 rows=208256 width=8) (actual time=2712.403..2712.403 rows=111086 loops=1)
        Buckets: 131072  Batches: 4  Memory Usage: 2110kB
        ->  Hash Join  (cost=92508.29..129578.79 rows=208256 width=8) (actual time=1878.869..2674.131 rows=111086 loops=1)
              Hash Cond: (mi_idx.movie_id = t.id)
              ->  Seq Scan on movie_info_idx mi_idx  (cost=0.00..25185.44 rows=464934 width=4) (actual time=0.031..496.272 rows=460185 loops=1)
                    Filter: (info_type_id > 100)
                    Rows Removed by Filter: 919850
              ->  Hash  (cost=73925.90..73925.90 rows=1132591 width=4) (actual time=1680.575..1680.575 rows=1224674 loops=1)
                    Buckets: 131072  Batches: 16  Memory Usage: 3727kB
                    ->  Seq Scan on title t  (cost=0.00..73925.90 rows=1132591 width=4) (actual time=263.339..1303.415 rows=1224674 loops=1)
                          Filter: ((production_year > 1985) AND (kind_id = 7))
                          Rows Removed by Filter: 1303638
Planning time: 2.040 ms
Execution time: 6153.078 ms
