Hash Join  (cost=102767.86..1227983.14 rows=13268191 width=0) (actual time=2951.149..34109.283 rows=18234937 loops=1)
  Hash Cond: (ci.movie_id = t.id)
  ->  Seq Scan on cast_info ci  (cost=0.00..796071.18 rows=13268191 width=4) (actual time=1034.476..16853.168 rows=18234937 loops=1)
        Filter: ((person_id < 2455439) AND (role_id < 3))
        Rows Removed by Filter: 18009407
  ->  Hash  (cost=61283.27..61283.27 rows=2528527 width=4) (actual time=1915.322..1915.322 rows=2528312 loops=1)
        Buckets: 131072  Batches: 64  Memory Usage: 2415kB
        ->  Seq Scan on title t  (cost=0.00..61283.27 rows=2528527 width=4) (actual time=0.021..1049.256 rows=2528312 loops=1)
Planning time: 0.737 ms
Execution time: 36142.904 ms
