Hash Join  (cost=67697.55..127962.69 rows=1820 width=0) (actual time=1271.892..2240.219 rows=3424 loops=1)
  Hash Cond: (mc.movie_id = t.id)
  ->  Seq Scan on movie_companies mc  (cost=0.00..57926.93 rows=618668 width=4) (actual time=2.110..1031.371 rows=886998 loops=1)
        Filter: ((company_id > 11961) AND (company_type_id > 1))
        Rows Removed by Filter: 1722131
  ->  Hash  (cost=67604.59..67604.59 rows=7437 width=4) (actual time=1051.070..1051.070 rows=4514 loops=1)
        Buckets: 8192  Batches: 1  Memory Usage: 223kB
        ->  Seq Scan on title t  (cost=0.00..67604.59 rows=7437 width=4) (actual time=227.185..1048.912 rows=4514 loops=1)
              Filter: (production_year = 1917)
              Rows Removed by Filter: 2523798
Planning time: 1.330 ms
Execution time: 2240.985 ms
