Seq Scan on movie_keyword mk  (cost=0.00..81003.12 rows=2161642 width=0) (actual time=0.028..1337.243 rows=2164925 loops=1)
  Filter: (keyword_id < 4168)
  Rows Removed by Filter: 2359005
Planning time: 0.349 ms
Execution time: 1587.998 ms
