Hash Join  (cost=446634.74..603059.62 rows=504628 width=0) (actual time=9530.414..12468.105 rows=104352 loops=1)
  Hash Cond: (mk.movie_id = t.id)
  ->  Seq Scan on movie_keyword mk  (cost=0.00..69693.30 rows=4523930 width=4) (actual time=0.023..1314.202 rows=4523930 loops=1)
  ->  Hash  (cost=442007.14..442007.14 rows=282048 width=8) (actual time=9522.147..9522.147 rows=94112 loops=1)
        Buckets: 131072  Batches: 4  Memory Usage: 1959kB
        ->  Hash Join  (cost=74530.73..442007.14 rows=282048 width=8) (actual time=1267.220..9473.831 rows=94112 loops=1)
              Hash Cond: (mi.movie_id = t.id)
              ->  Seq Scan on movie_info mi  (cost=0.00..309384.22 rows=14739122 width=4) (actual time=0.018..4161.507 rows=14835720 loops=1)
              ->  Hash  (cost=73925.90..73925.90 rows=48386 width=4) (actual time=1265.118..1265.118 rows=45023 loops=1)
                    Buckets: 65536  Batches: 1  Memory Usage: 2095kB
                    ->  Seq Scan on title t  (cost=0.00..73925.90 rows=48386 width=4) (actual time=0.028..1245.875 rows=45023 loops=1)
                          Filter: ((kind_id > 1) AND (production_year = 2013))
                          Rows Removed by Filter: 2483289
Planning time: 1.210 ms
Execution time: 12481.440 ms
