Hash Join  (cost=83810.17..207119.95 rows=970911 width=0) (actual time=1488.666..4946.214 rows=2105566 loops=1)
  Hash Cond: (mk.movie_id = t.id)
  ->  Seq Scan on movie_keyword mk  (cost=0.00..81003.12 rows=2485478 width=4) (actual time=0.025..1671.668 rows=2480656 loops=1)
        Filter: (keyword_id > 3644)
        Rows Removed by Filter: 2043274
  ->  Hash  (cost=67604.59..67604.59 rows=987727 width=4) (actual time=1487.665..1487.665 rows=985048 loops=1)
        Buckets: 131072  Batches: 16  Memory Usage: 3197kB
        ->  Seq Scan on title t  (cost=0.00..67604.59 rows=987727 width=4) (actual time=0.021..1166.033 rows=985048 loops=1)
              Filter: (kind_id < 7)
              Rows Removed by Filter: 1543264
Planning time: 0.749 ms
Execution time: 5195.410 ms
