Seq Scan on movie_companies mc  (cost=0.00..57926.93 rows=1247600 width=0) (actual time=0.017..1294.170 rows=1214780 loops=1)
  Filter: ((company_id > 6) AND (company_type_id = 1))
  Rows Removed by Filter: 1394349
Planning time: 0.323 ms
Execution time: 1442.430 ms
