Nested Loop  (cost=0.43..134737.98 rows=6405 width=0) (actual time=0.099..1443.985 rows=6782 loops=1)
  ->  Seq Scan on movie_keyword mk  (cost=0.00..81003.12 rows=7841 width=4) (actual time=0.057..1257.494 rows=7419 loops=1)
        Filter: (keyword_id = 373)
        Rows Removed by Filter: 4516511
  ->  Index Scan using title_pkey on title t  (cost=0.43..6.84 rows=1 width=4) (actual time=0.024..0.024 rows=1 loops=7419)
        Index Cond: (id = mk.movie_id)
        Filter: (production_year < 2011)
        Rows Removed by Filter: 0
Planning time: 1.230 ms
Execution time: 1445.885 ms
