Hash Join  (cost=459506.15..597023.95 rows=748149 width=0) (actual time=7820.122..11880.908 rows=1984630 loops=1)
  Hash Cond: (mk.movie_id = t.id)
  ->  Seq Scan on movie_keyword mk  (cost=0.00..81003.12 rows=4084047 width=4) (actual time=0.025..1790.597 rows=4087863 loops=1)
        Filter: (keyword_id < 40274)
        Rows Removed by Filter: 436067
  ->  Hash  (cost=451906.20..451906.20 rows=463196 width=8) (actual time=7819.391..7819.391 rows=595721 loops=1)
        Buckets: 131072  Batches: 8  Memory Usage: 3940kB
        ->  Hash Join  (cost=82805.75..451906.20 rows=463196 width=8) (actual time=3829.024..7625.360 rows=595721 loops=1)
              Hash Cond: (mi.movie_id = t.id)
              ->  Seq Scan on movie_info mi  (cost=0.00..346232.03 rows=1264125 width=4) (actual time=2320.648..5148.109 rows=1288928 loops=1)
                    Filter: (info_type_id = 2)
                    Rows Removed by Filter: 13546792
              ->  Hash  (cost=67604.59..67604.59 rows=926493 width=4) (actual time=1507.214..1507.214 rows=924605 loops=1)
                    Buckets: 131072  Batches: 16  Memory Usage: 3064kB
                    ->  Seq Scan on title t  (cost=0.00..67604.59 rows=926493 width=4) (actual time=0.049..1207.855 rows=924605 loops=1)
                          Filter: (production_year < 1998)
                          Rows Removed by Filter: 1603707
Planning time: 1.424 ms
Execution time: 12119.894 ms
