Hash Join  (cost=102767.86..182994.28 rows=516153 width=0) (actual time=1908.413..3913.366 rows=726703 loops=1)
  Hash Cond: (mc.movie_id = t.id)
  ->  Seq Scan on movie_companies mc  (cost=0.00..57926.93 rows=516153 width=4) (actual time=0.017..1080.166 rows=726703 loops=1)
        Filter: ((company_id < 6158) AND (company_type_id = 1))
        Rows Removed by Filter: 1882426
  ->  Hash  (cost=61283.27..61283.27 rows=2528527 width=4) (actual time=1907.407..1907.407 rows=2528312 loops=1)
        Buckets: 131072  Batches: 64  Memory Usage: 2415kB
        ->  Seq Scan on title t  (cost=0.00..61283.27 rows=2528527 width=4) (actual time=0.016..1050.106 rows=2528312 loops=1)
Planning time: 0.481 ms
Execution time: 3992.080 ms
