Hash Join  (cost=183417.19..342456.03 rows=2135270 width=0) (actual time=4551.826..10315.179 rows=8596072 loops=1)
  Hash Cond: (mk.movie_id = t.id)
  ->  Seq Scan on movie_keyword mk  (cost=0.00..81003.12 rows=4496535 width=4) (actual time=0.023..1831.668 rows=4499985 loops=1)
        Filter: (keyword_id < 114492)
        Rows Removed by Filter: 23945
  ->  Hash  (cost=163717.17..163717.17 rows=1200722 width=8) (actual time=4550.882..4550.882 rows=1232815 loops=1)
        Buckets: 131072  Batches: 16  Memory Usage: 4056kB
        ->  Hash Join  (cost=103698.42..163717.17 rows=1200722 width=8) (actual time=1969.541..4158.427 rows=1232815 loops=1)
              Hash Cond: (mi_idx.movie_id = t.id)
              ->  Seq Scan on movie_info_idx mi_idx  (cost=0.00..21735.35 rows=1380035 width=4) (actual time=0.017..438.916 rows=1380035 loops=1)
              ->  Hash  (cost=67604.59..67604.59 rows=2199987 width=4) (actual time=1968.490..1968.490 rows=2192624 loops=1)
                    Buckets: 131072  Batches: 32  Memory Usage: 3436kB
                    ->  Seq Scan on title t  (cost=0.00..67604.59 rows=2199987 width=4) (actual time=0.554..1291.768 rows=2192624 loops=1)
                          Filter: (production_year > 1961)
                          Rows Removed by Filter: 335688
Planning time: 1.154 ms
Execution time: 11260.350 ms
