Hash Join  (cost=124884.90..881782.39 rows=336639 width=0) (actual time=3431.569..15851.475 rows=1637584 loops=1)
  Hash Cond: (ci.movie_id = t.id)
  ->  Seq Scan on cast_info ci  (cost=0.00..705507.15 rows=4082917 width=4) (actual time=284.812..9726.386 rows=3961205 loops=1)
        Filter: (person_id < 379745)
        Rows Removed by Filter: 32283139
  ->  Hash  (cost=121463.91..121463.91 rows=208479 width=8) (actual time=3145.800..3145.800 rows=455779 loops=1)
        Buckets: 131072 (originally 131072)  Batches: 8 (originally 4)  Memory Usage: 3263kB
        ->  Hash Join  (cost=80193.64..121463.91 rows=208479 width=8) (actual time=1771.329..3004.245 rows=455779 loops=1)
              Hash Cond: (mi_idx.movie_id = t.id)
              ->  Seq Scan on movie_info_idx mi_idx  (cost=0.00..21735.35 rows=1380035 width=4) (actual time=0.015..459.794 rows=1380035 loops=1)
              ->  Hash  (cost=73925.90..73925.90 rows=381979 width=4) (actual time=1770.417..1770.417 rows=440029 loops=1)
                    Buckets: 131072  Batches: 8  Memory Usage: 2968kB
                    ->  Seq Scan on title t  (cost=0.00..73925.90 rows=381979 width=4) (actual time=0.024..1185.540 rows=440029 loops=1)
                          Filter: ((production_year < 2006) AND (kind_id = 1))
                          Rows Removed by Filter: 2088283
Planning time: 5.085 ms
Execution time: 16046.724 ms
