Hash Join  (cost=425396.34..1177597.70 rows=141221 width=0) (actual time=7121.135..22509.316 rows=199 loops=1)
  Hash Cond: (ci.movie_id = t.id)
  ->  Seq Scan on cast_info ci  (cost=0.00..614943.12 rows=36225612 width=4) (actual time=0.021..8749.965 rows=36244344 loops=1)
  ->  Hash  (cost=425273.13..425273.13 rows=9857 width=8) (actual time=6876.679..6876.679 rows=24 loops=1)
        Buckets: 16384  Batches: 1  Memory Usage: 129kB
        ->  Hash Join  (cost=74170.74..425273.13 rows=9857 width=8) (actual time=2403.302..6876.373 rows=24 loops=1)
              Hash Cond: (mi.movie_id = t.id)
              ->  Seq Scan on movie_info mi  (cost=0.00..346232.03 rows=1272478 width=4) (actual time=995.300..5547.583 rows=1325361 loops=1)
                    Filter: (info_type_id = 8)
                    Rows Removed by Filter: 13510359
              ->  Hash  (cost=73925.90..73925.90 rows=19587 width=4) (actual time=1133.206..1133.206 rows=26 loops=1)
                    Buckets: 32768  Batches: 1  Memory Usage: 257kB
                    ->  Seq Scan on title t  (cost=0.00..73925.90 rows=19587 width=4) (actual time=21.847..1133.131 rows=26 loops=1)
                          Filter: ((production_year < 1974) AND (kind_id = 4))
                          Rows Removed by Filter: 2528286
Planning time: 0.829 ms
Execution time: 22509.721 ms
