Hash Join  (cost=74440.79..130334.17 rows=18690 width=0) (actual time=1416.529..2081.551 rows=3650 loops=1)
  Hash Cond: (mc.movie_id = t.id)
  ->  Seq Scan on movie_companies mc  (cost=0.00..51404.11 rows=1147298 width=4) (actual time=0.021..679.682 rows=1155053 loops=1)
        Filter: (company_id > 13017)
        Rows Removed by Filter: 1454076
  ->  Hash  (cost=73925.90..73925.90 rows=41191 width=4) (actual time=1133.117..1133.117 rows=43851 loops=1)
        Buckets: 65536  Batches: 1  Memory Usage: 2054kB
        ->  Seq Scan on title t  (cost=0.00..73925.90 rows=41191 width=4) (actual time=0.017..1115.195 rows=43851 loops=1)
              Filter: ((kind_id = 7) AND (production_year = 2003))
              Rows Removed by Filter: 2484461
Planning time: 0.782 ms
Execution time: 2082.208 ms
