Hash Join  (cost=99161.12..1154523.40 rows=9379387 width=0) (actual time=3548.091..31025.345 rows=13238355 loops=1)
  Hash Cond: (ci.movie_id = t.id)
  ->  Seq Scan on cast_info ci  (cost=0.00..796071.18 rows=12330246 width=4) (actual time=1599.954..15926.140 rows=16661491 loops=1)
        Filter: ((person_id < 2255740) AND (role_id < 3))
        Rows Removed by Filter: 19582853
  ->  Hash  (cost=67604.59..67604.59 rows=1923403 width=4) (actual time=1947.033..1947.033 rows=1922849 loops=1)
        Buckets: 131072  Batches: 32  Memory Usage: 3132kB
        ->  Seq Scan on title t  (cost=0.00..67604.59 rows=1923403 width=4) (actual time=0.037..1326.940 rows=1922849 loops=1)
              Filter: (production_year < 2010)
              Rows Removed by Filter: 605463
Planning time: 0.787 ms
Execution time: 32572.183 ms
