Hash Join  (cost=285050.40..1683619.42 rows=31100383 width=0) (actual time=5725.556..39613.669 rows=17295846 loops=1)
  Hash Cond: (ci.movie_id = t.id)
  ->  Seq Scan on cast_info ci  (cost=0.00..614943.12 rows=36225612 width=4) (actual time=0.008..13317.083 rows=36244344 loops=1)
  ->  Hash  (cost=249435.54..249435.54 rows=2170789 width=8) (actual time=5723.627..5723.627 rows=494167 loops=1)
        Buckets: 131072  Batches: 32  Memory Usage: 1624kB
        ->  Hash Join  (cost=98498.33..249435.54 rows=2170789 width=8) (actual time=2736.705..5578.494 rows=494167 loops=1)
              Hash Cond: (mk.movie_id = t.id)
              ->  Seq Scan on movie_keyword mk  (cost=0.00..81003.12 rows=3664851 width=4) (actual time=0.023..1665.041 rows=3657025 loops=1)
                    Filter: (keyword_id < 21249)
                    Rows Removed by Filter: 866905
              ->  Hash  (cost=73925.90..73925.90 rows=1497714 width=4) (actual time=1924.835..1924.835 rows=1478440 loops=1)
                    Buckets: 131072  Batches: 32  Memory Usage: 2656kB
                    ->  Seq Scan on title t  (cost=0.00..73925.90 rows=1497714 width=4) (actual time=109.761..1442.885 rows=1478440 loops=1)
                          Filter: ((production_year > 0) AND (kind_id = 7))
                          Rows Removed by Filter: 1049872
Planning time: 0.957 ms
Execution time: 41387.131 ms
