Hash Join  (cost=101230.44..155985.52 rows=8956 width=0) (actual time=1727.525..2917.237 rows=58145 loops=1)
  Hash Cond: (mc.movie_id = t.id)
  ->  Seq Scan on movie_companies mc  (cost=0.00..44881.29 rows=2609129 width=4) (actual time=0.022..618.034 rows=2609129 loops=1)
  ->  Hash  (cost=101121.95..101121.95 rows=8679 width=8) (actual time=1727.268..1727.268 rows=17437 loops=1)
        Buckets: 32768 (originally 16384)  Batches: 1 (originally 1)  Memory Usage: 938kB
        ->  Hash Join  (cost=74124.68..101121.95 rows=8679 width=8) (actual time=1100.996..1720.261 rows=17437 loops=1)
              Hash Cond: (mi_idx.movie_id = t.id)
              ->  Seq Scan on movie_info_idx mi_idx  (cost=0.00..21735.35 rows=1380035 width=4) (actual time=0.022..312.621 rows=1380035 loops=1)
              ->  Hash  (cost=73925.90..73925.90 rows=15902 width=4) (actual time=1100.651..1100.651 rows=12969 loops=1)
                    Buckets: 16384  Batches: 1  Memory Usage: 584kB
                    ->  Seq Scan on title t  (cost=0.00..73925.90 rows=15902 width=4) (actual time=0.029..1094.591 rows=12969 loops=1)
                          Filter: ((kind_id < 7) AND (production_year = 1997))
                          Rows Removed by Filter: 2515343
Planning time: 1.204 ms
Execution time: 2925.527 ms
