Seq Scan on movie_keyword mk  (cost=0.00..81003.12 rows=246 width=0) (actual time=37.349..1277.641 rows=42 loops=1)
  Filter: (keyword_id = 19014)
  Rows Removed by Filter: 4523888
Planning time: 0.378 ms
Execution time: 1277.768 ms
