Hash Join  (cost=109435.59..742223.21 rows=4409093 width=169) (actual time=3168.038..14893.683 rows=1388733 loops=1)
  Hash Cond: (mi.movie_id = t.id)
  ->  Seq Scan on movie_info mi  (cost=0.00..346232.03 rows=7235534 width=75) (actual time=1020.515..6783.946 rows=7286865 loops=1)
        Filter: (info_type_id < 8)
        Rows Removed by Filter: 7548855
  ->  Hash  (cost=67604.59..67604.59 rows=1540800 width=94) (actual time=2146.831..2146.831 rows=1543264 loops=1)
        Buckets: 32768  Batches: 64  Memory Usage: 3017kB
        ->  Seq Scan on title t  (cost=0.00..67604.59 rows=1540800 width=94) (actual time=104.003..1423.917 rows=1543264 loops=1)
              Filter: (kind_id = 7)
              Rows Removed by Filter: 985048
Planning time: 1.225 ms
Execution time: 14971.843 ms
