Hash Join  (cost=69460.45..139831.63 rows=44700 width=0) (actual time=1494.131..2560.164 rows=33232 loops=1)
  Hash Cond: (mc.movie_id = t.id)
  ->  Seq Scan on movie_companies mc  (cost=0.00..57926.93 rows=999265 width=4) (actual time=369.037..1142.723 rows=858370 loops=1)
        Filter: ((company_id > 598) AND (company_type_id < 2))
        Rows Removed by Filter: 1750759
  ->  Hash  (cost=67604.59..67604.59 rows=113109 width=4) (actual time=1124.229..1124.229 rows=119565 loops=1)
        Buckets: 131072  Batches: 2  Memory Usage: 3115kB
        ->  Seq Scan on title t  (cost=0.00..67604.59 rows=113109 width=4) (actual time=0.030..1079.122 rows=119565 loops=1)
              Filter: (production_year = 2007)
              Rows Removed by Filter: 2408747
Planning time: 0.772 ms
Execution time: 2564.417 ms
