Hash Join  (cost=201995.11..350376.54 rows=1713838 width=0) (actual time=4945.150..7915.867 rows=1069327 loops=1)
  Hash Cond: (mk.movie_id = t.id)
  ->  Seq Scan on movie_keyword mk  (cost=0.00..81003.12 rows=3976780 width=4) (actual time=0.023..1738.406 rows=3981237 loops=1)
        Filter: (keyword_id < 33844)
        Rows Removed by Filter: 542693
  ->  Hash  (cost=184116.90..184116.90 rows=1089697 width=8) (actual time=4217.799..4217.799 rows=525320 loops=1)
        Buckets: 131072  Batches: 16  Memory Usage: 2290kB
        ->  Hash Join  (cost=92883.59..184116.90 rows=1089697 width=8) (actual time=1687.293..4061.700 rows=525320 loops=1)
              Hash Cond: (mc.movie_id = t.id)
              ->  Seq Scan on movie_companies mc  (cost=0.00..51404.11 rows=1788245 width=4) (actual time=0.023..1141.876 rows=1779360 loops=1)
                    Filter: (company_id < 27389)
                    Rows Removed by Filter: 829769
              ->  Hash  (cost=67604.59..67604.59 rows=1540800 width=4) (actual time=1686.443..1686.443 rows=1543264 loops=1)
                    Buckets: 131072  Batches: 32  Memory Usage: 2722kB
                    ->  Seq Scan on title t  (cost=0.00..67604.59 rows=1540800 width=4) (actual time=0.028..1189.919 rows=1543264 loops=1)
                          Filter: (kind_id = 7)
                          Rows Removed by Filter: 985048
Planning time: 1.185 ms
Execution time: 8040.602 ms
