Seq Scan on movie_companies mc  (cost=0.00..57926.93 rows=53 width=0) (actual time=307.953..693.170 rows=65 loops=1)
  Filter: ((company_id = 78274) AND (company_type_id = 2))
  Rows Removed by Filter: 2609064
Planning time: 0.418 ms
Execution time: 693.260 ms
