Hash Join  (cost=141214.32..627944.13 rows=648888 width=0) (actual time=2987.428..16469.984 rows=5590274 loops=1)
  Hash Cond: (mi.movie_id = t.id)
  ->  Seq Scan on movie_info mi  (cost=0.00..309384.22 rows=14739122 width=4) (actual time=0.016..6088.776 rows=14835720 loops=1)
  ->  Hash  (cost=139387.84..139387.84 rows=111318 width=8) (actual time=2986.635..2986.635 rows=243154 loops=1)
        Buckets: 131072 (originally 131072)  Batches: 4 (originally 2)  Memory Usage: 3432kB
        ->  Hash Join  (cost=71214.36..139387.84 rows=111318 width=8) (actual time=1665.397..2907.425 rows=243154 loops=1)
              Hash Cond: (mc.movie_id = t.id)
              ->  Seq Scan on movie_companies mc  (cost=0.00..51404.11 rows=1279517 width=4) (actual time=410.634..1052.477 rows=1274246 loops=1)
                    Filter: (company_type_id = 1)
                    Rows Removed by Filter: 1334883
              ->  Hash  (cost=67604.59..67604.59 rows=219982 width=4) (actual time=1252.320..1252.320 rows=221115 loops=1)
                    Buckets: 131072  Batches: 4  Memory Usage: 2967kB
                    ->  Seq Scan on title t  (cost=0.00..67604.59 rows=219982 width=4) (actual time=0.121..1179.899 rows=221115 loops=1)
                          Filter: (production_year < 1958)
                          Rows Removed by Filter: 2307197
Planning time: 1.209 ms
Execution time: 17124.565 ms
