Nested Loop  (cost=0.43..709673.15 rows=318 width=0) (actual time=9754.415..11082.691 rows=185 loops=1)
  ->  Seq Scan on cast_info ci  (cost=0.00..705507.15 rows=500 width=4) (actual time=9754.283..11080.246 rows=187 loops=1)
        Filter: (person_id = 3099682)
        Rows Removed by Filter: 36244157
  ->  Index Scan using title_pkey on title t  (cost=0.43..8.32 rows=1 width=4) (actual time=0.012..0.012 rows=1 loops=187)
        Index Cond: (id = ci.movie_id)
        Filter: (production_year > 1995)
        Rows Removed by Filter: 0
Planning time: 0.778 ms
Execution time: 11082.852 ms
