Hash Join  (cost=160687.50..879907.81 rows=3798 width=0) (actual time=6878.826..16853.883 rows=38807 loops=1)
  Hash Cond: (ci.movie_id = t.id)
  ->  Seq Scan on cast_info ci  (cost=0.00..705507.15 rows=2735034 width=4) (actual time=3817.304..13329.737 rows=2728943 loops=1)
        Filter: (role_id = 4)
        Rows Removed by Filter: 33515401
  ->  Hash  (cost=160643.60..160643.60 rows=3512 width=8) (actual time=3059.482..3059.482 rows=16144 loops=1)
        Buckets: 16384 (originally 4096)  Batches: 1 (originally 1)  Memory Usage: 759kB
        ->  Hash Join  (cost=73950.44..160643.60 rows=3512 width=8) (actual time=1192.471..3053.964 rows=16144 loops=1)
              Hash Cond: (mk.movie_id = t.id)
              ->  Seq Scan on movie_keyword mk  (cost=0.00..69693.30 rows=4523930 width=4) (actual time=0.024..1029.324 rows=4523930 loops=1)
              ->  Hash  (cost=73925.90..73925.90 rows=1963 width=4) (actual time=1192.375..1192.375 rows=2712 loops=1)
                    Buckets: 4096 (originally 2048)  Batches: 1 (originally 1)  Memory Usage: 128kB
                    ->  Seq Scan on title t  (cost=0.00..73925.90 rows=1963 width=4) (actual time=0.110..1190.881 rows=2712 loops=1)
                          Filter: ((kind_id = 1) AND (production_year = 1954))
                          Rows Removed by Filter: 2525600
Planning time: 1.199 ms
Execution time: 16859.331 ms
