Nested Loop  (cost=0.43..797488.46 rows=102 width=0) (actual time=6368.967..13823.286 rows=2 loops=1)
  ->  Seq Scan on cast_info ci  (cost=0.00..796071.18 rows=168 width=4) (actual time=3469.637..13822.914 rows=8 loops=1)
        Filter: ((role_id > 3) AND (person_id = 1080481))
        Rows Removed by Filter: 36244336
  ->  Index Scan using title_pkey on title t  (cost=0.43..8.43 rows=1 width=4) (actual time=0.036..0.036 rows=0 loops=8)
        Index Cond: (id = ci.movie_id)
        Filter: (kind_id = 7)
        Rows Removed by Filter: 1
Planning time: 0.786 ms
Execution time: 13823.421 ms
