Hash Join  (cost=108985.02..232705.40 rows=141034 width=0) (actual time=2145.807..5293.643 rows=862995 loops=1)
  Hash Cond: (mk.movie_id = t.id)
  ->  Seq Scan on movie_keyword mk  (cost=0.00..69693.30 rows=4523930 width=4) (actual time=0.019..1517.969 rows=4523930 loops=1)
  ->  Hash  (cost=107691.69..107691.69 rows=78827 width=8) (actual time=2144.892..2144.892 rows=85128 loops=1)
        Buckets: 131072  Batches: 2  Memory Usage: 2695kB
        ->  Hash Join  (cost=74698.31..107691.69 rows=78827 width=8) (actual time=1270.502..2112.218 rows=85128 loops=1)
              Hash Cond: (mi_idx.movie_id = t.id)
              ->  Seq Scan on movie_info_idx mi_idx  (cost=0.00..25185.44 rows=460978 width=4) (actual time=0.027..518.168 rows=459925 loops=1)
                    Filter: (info_type_id = 99)
                    Rows Removed by Filter: 920110
              ->  Hash  (cost=67604.59..67604.59 rows=432378 width=4) (actual time=1268.970..1268.970 rows=423779 loops=1)
                    Buckets: 131072  Batches: 8  Memory Usage: 2885kB
                    ->  Seq Scan on title t  (cost=0.00..67604.59 rows=432378 width=4) (actual time=0.020..1132.459 rows=423779 loops=1)
                          Filter: (production_year < 1974)
                          Rows Removed by Filter: 2104533
Planning time: 1.259 ms
Execution time: 5406.405 ms
