Seq Scan on movie_companies mc  (cost=0.00..57926.93 rows=478114 width=0) (actual time=307.911..820.919 rows=173029 loops=1)
  Filter: ((company_id > 17182) AND (company_type_id < 2))
  Rows Removed by Filter: 2436100
Planning time: 0.254 ms
Execution time: 843.079 ms
