Seq Scan on movie_companies mc  (cost=0.00..57926.93 rows=862065 width=0) (actual time=236.140..1113.033 rows=545068 loops=1)
  Filter: ((company_id < 19776) AND (company_type_id > 1))
  Rows Removed by Filter: 2064061
Planning time: 0.354 ms
Execution time: 1180.210 ms
