Seq Scan on movie_companies mc  (cost=0.00..57926.93 rows=1031523 width=0) (actual time=448.977..1088.622 rows=1274246 loops=1)
  Filter: ((company_id < 73813) AND (company_type_id = 1))
  Rows Removed by Filter: 1334883
Planning time: 0.694 ms
Execution time: 1260.501 ms
