Hash Join  (cost=83074.74..798840.93 rows=266 width=0) (actual time=3290.185..14527.473 rows=289 loops=1)
  Hash Cond: (ci.movie_id = t.id)
  ->  Seq Scan on cast_info ci  (cost=0.00..705507.15 rows=2735034 width=4) (actual time=2076.253..12937.048 rows=2728943 loops=1)
        Filter: (role_id = 4)
        Rows Removed by Filter: 33515401
  ->  Hash  (cost=83071.67..83071.67 rows=246 width=8) (actual time=1210.477..1210.477 rows=98 loops=1)
        Buckets: 1024  Batches: 1  Memory Usage: 12kB
        ->  Nested Loop  (cost=0.43..83071.67 rows=246 width=8) (actual time=5.617..1210.352 rows=98 loops=1)
              ->  Seq Scan on movie_keyword mk  (cost=0.00..81003.12 rows=246 width=4) (actual time=5.456..1198.351 rows=98 loops=1)
                    Filter: (keyword_id = 46224)
                    Rows Removed by Filter: 4523832
              ->  Index Only Scan using title_pkey on title t  (cost=0.43..8.40 rows=1 width=4) (actual time=0.117..0.118 rows=1 loops=98)
                    Index Cond: (id = mk.movie_id)
                    Heap Fetches: 98
Planning time: 1.823 ms
Execution time: 14527.721 ms
