Hash Join  (cost=83074.74..904628.45 rows=661 width=0) (actual time=3743.762..18397.436 rows=10521 loops=1)
  Hash Cond: (ci.movie_id = t.id)
  ->  Seq Scan on cast_info ci  (cost=0.00..796071.18 rows=6793577 width=4) (actual time=2380.017..15883.026 rows=7451695 loops=1)
        Filter: ((person_id > 237859) AND (role_id = 2))
        Rows Removed by Filter: 28792649
  ->  Hash  (cost=83071.67..83071.67 rows=246 width=8) (actual time=1362.965..1362.965 rows=2305 loops=1)
        Buckets: 4096 (originally 1024)  Batches: 1 (originally 1)  Memory Usage: 123kB
        ->  Nested Loop  (cost=0.43..83071.67 rows=246 width=8) (actual time=0.452..1361.489 rows=2305 loops=1)
              ->  Seq Scan on movie_keyword mk  (cost=0.00..81003.12 rows=246 width=4) (actual time=0.318..1261.074 rows=2305 loops=1)
                    Filter: (keyword_id = 835)
                    Rows Removed by Filter: 4521625
              ->  Index Only Scan using title_pkey on title t  (cost=0.43..8.40 rows=1 width=4) (actual time=0.042..0.042 rows=1 loops=2305)
                    Index Cond: (id = mk.movie_id)
                    Heap Fetches: 2305
Planning time: 1.230 ms
Execution time: 18399.949 ms
