Seq Scan on cast_info ci  (cost=0.00..705507.15 rows=9810837 width=0) (actual time=0.021..10867.832 rows=9784063 loops=1)
  Filter: (person_id > 2732107)
  Rows Removed by Filter: 26460281
Planning time: 0.333 ms
Execution time: 12051.764 ms
