Hash Join  (cost=136338.71..863904.02 rows=4900 width=0) (actual time=2009.204..13727.862 rows=13610 loops=1)
  Hash Cond: (ci.movie_id = t.id)
  ->  Seq Scan on cast_info ci  (cost=0.00..705507.15 rows=5869108 width=4) (actual time=200.481..10772.581 rows=5782054 loops=1)
        Filter: (person_id < 559925)
        Rows Removed by Filter: 30462290
  ->  Hash  (cost=136312.33..136312.33 rows=2111 width=8) (actual time=1803.693..1803.693 rows=3387 loops=1)
        Buckets: 4096  Batches: 1  Memory Usage: 165kB
        ->  Hash Join  (cost=73983.02..136312.33 rows=2111 width=8) (actual time=719.541..1802.108 rows=3387 loops=1)
              Hash Cond: (mc.movie_id = t.id)
              ->  Seq Scan on movie_companies mc  (cost=0.00..57926.93 rows=1168337 width=4) (actual time=136.404..973.738 rows=1274246 loops=1)
                    Filter: ((company_id < 105872) AND (company_type_id < 2))
                    Rows Removed by Filter: 1334883
              ->  Hash  (cost=73925.90..73925.90 rows=4569 width=4) (actual time=582.091..582.091 rows=12953 loops=1)
                    Buckets: 16384 (originally 8192)  Batches: 1 (originally 1)  Memory Usage: 584kB
                    ->  Seq Scan on title t  (cost=0.00..73925.90 rows=4569 width=4) (actual time=0.044..577.563 rows=12953 loops=1)
                          Filter: ((kind_id > 4) AND (production_year = 1989))
                          Rows Removed by Filter: 2515359
Planning time: 1.310 ms
Execution time: 13730.520 ms
