Hash Join  (cost=128708.54..880469.92 rows=97221 width=0) (actual time=1469.254..18919.676 rows=212046 loops=1)
  Hash Cond: (ci.movie_id = t.id)
  ->  Seq Scan on cast_info ci  (cost=0.00..614943.12 rows=36225612 width=4) (actual time=0.023..9333.108 rows=36244344 loops=1)
  ->  Hash  (cost=128623.72..128623.72 rows=6786 width=8) (actual time=1469.129..1469.129 rows=6560 loops=1)
        Buckets: 8192  Batches: 1  Memory Usage: 321kB
        ->  Nested Loop  (cost=0.43..128623.72 rows=6786 width=8) (actual time=0.122..1465.315 rows=6560 loops=1)
              ->  Seq Scan on movie_keyword mk  (cost=0.00..81003.12 rows=6786 width=4) (actual time=0.078..1280.051 rows=6560 loops=1)
                    Filter: (keyword_id = 12015)
                    Rows Removed by Filter: 4517370
              ->  Index Only Scan using title_pkey on title t  (cost=0.43..7.01 rows=1 width=4) (actual time=0.027..0.027 rows=1 loops=6560)
                    Index Cond: (id = mk.movie_id)
                    Heap Fetches: 6560
Planning time: 1.157 ms
Execution time: 18958.082 ms
