Seq Scan on title t  (cost=0.00..73925.90 rows=530732 width=0) (actual time=0.012..1246.014 rows=403730 loops=1)
  Filter: ((production_year > 1975) AND (kind_id = 1))
  Rows Removed by Filter: 2124582
Planning time: 0.363 ms
Execution time: 1299.362 ms
