Hash Join  (cost=83073.88..142663.42 rows=14 width=0) (actual time=1413.122..2163.479 rows=13 loops=1)
  Hash Cond: (mc.movie_id = t.id)
  ->  Seq Scan on movie_companies mc  (cost=0.00..57926.93 rows=443325 width=4) (actual time=0.026..890.667 rows=252961 loops=1)
        Filter: ((company_id < 2561) AND (company_type_id > 1))
        Rows Removed by Filter: 2356168
  ->  Hash  (cost=83072.90..83072.90 rows=78 width=8) (actual time=1234.830..1234.830 rows=59 loops=1)
        Buckets: 1024  Batches: 1  Memory Usage: 11kB
        ->  Nested Loop  (cost=0.43..83072.90 rows=78 width=8) (actual time=40.944..1234.743 rows=59 loops=1)
              ->  Seq Scan on movie_keyword mk  (cost=0.00..81003.12 rows=246 width=4) (actual time=25.968..1230.191 rows=91 loops=1)
                    Filter: (keyword_id = 2075)
                    Rows Removed by Filter: 4523839
              ->  Index Scan using title_pkey on title t  (cost=0.43..8.40 rows=1 width=4) (actual time=0.045..0.046 rows=1 loops=91)
                    Index Cond: (id = mk.movie_id)
                    Filter: ((kind_id < 7) AND (production_year < 2011))
                    Rows Removed by Filter: 0
Planning time: 5.260 ms
Execution time: 2163.684 ms
