Hash Join  (cost=140500.67..167555.42 rows=14427 width=0) (actual time=2247.695..2826.091 rows=30978 loops=1)
  Hash Cond: (mi_idx.movie_id = t.id)
  ->  Seq Scan on movie_info_idx mi_idx  (cost=0.00..21735.35 rows=1380035 width=4) (actual time=0.015..298.275 rows=1380035 loops=1)
  ->  Hash  (cost=140170.26..140170.26 rows=26433 width=8) (actual time=2225.296..2225.296 rows=18784 loops=1)
        Buckets: 32768  Batches: 1  Memory Usage: 990kB
        ->  Hash Join  (cost=76600.09..140170.26 rows=26433 width=8) (actual time=1286.072..2218.877 rows=18784 loops=1)
              Hash Cond: (mc.movie_id = t.id)
              ->  Seq Scan on movie_companies mc  (cost=0.00..57926.93 rows=410107 width=4) (actual time=99.265..945.215 rows=92357 loops=1)
                    Filter: ((company_id > 25681) AND (company_type_id < 2))
                    Rows Removed by Filter: 2516772
              ->  Hash  (cost=73925.90..73925.90 rows=162975 width=4) (actual time=1185.084..1185.084 rows=264037 loops=1)
                    Buckets: 131072  Batches: 4  Memory Usage: 3348kB
                    ->  Seq Scan on title t  (cost=0.00..73925.90 rows=162975 width=4) (actual time=0.173..1097.311 rows=264037 loops=1)
                          Filter: ((kind_id < 7) AND (production_year < 1973))
                          Rows Removed by Filter: 2264275
Planning time: 1.188 ms
Execution time: 2830.499 ms
