Hash Join  (cost=133120.93..262490.30 rows=604633 width=0) (actual time=3026.685..8543.120 rows=7619207 loops=1)
  Hash Cond: (mk.movie_id = t.id)
  ->  Seq Scan on movie_keyword mk  (cost=0.00..69693.30 rows=4523930 width=4) (actual time=0.024..1417.938 rows=4523930 loops=1)
  ->  Hash  (cost=127575.64..127575.64 rows=337943 width=8) (actual time=3025.415..3025.415 rows=678128 loops=1)
        Buckets: 131072 (originally 131072)  Batches: 16 (originally 8)  Memory Usage: 3073kB
        ->  Hash Join  (cost=84084.73..127575.64 rows=337943 width=8) (actual time=1348.788..2799.737 rows=678128 loops=1)
              Hash Cond: (mi_idx.movie_id = t.id)
              ->  Seq Scan on movie_info_idx mi_idx  (cost=0.00..21735.35 rows=1380035 width=4) (actual time=0.013..495.816 rows=1380035 loops=1)
              ->  Hash  (cost=73925.90..73925.90 rows=619186 width=4) (actual time=1347.594..1347.594 rows=634771 loops=1)
                    Buckets: 131072  Batches: 16  Memory Usage: 2418kB
                    ->  Seq Scan on title t  (cost=0.00..73925.90 rows=619186 width=4) (actual time=0.021..1148.638 rows=634771 loops=1)
                          Filter: ((kind_id < 3) AND (production_year < 2011))
                          Rows Removed by Filter: 1893541
Planning time: 1.313 ms
Execution time: 9421.929 ms
