Hash Join  (cost=1131260.73..2023523.26 rows=31748499 width=0) (actual time=22797.435..62456.141 rows=91286853 loops=1)
  Hash Cond: (mi.movie_id = t.id)
  ->  Seq Scan on movie_info mi  (cost=0.00..309384.22 rows=14739122 width=4) (actual time=0.015..6205.453 rows=14835720 loops=1)
  ->  Hash  (cost=1041903.22..1041903.22 rows=5446521 width=8) (actual time=22794.917..22794.917 rows=5659953 loops=1)
        Buckets: 131072  Batches: 128  Memory Usage: 2781kB
        ->  Hash Join  (cost=104943.62..1041903.22 rows=5446521 width=8) (actual time=2095.271..20766.893 rows=5659953 loops=1)
              Hash Cond: (ci.movie_id = t.id)
              ->  Seq Scan on cast_info ci  (cost=0.00..796071.18 rows=6051241 width=4) (actual time=0.019..13350.572 rows=5971490 loops=1)
                    Filter: ((person_id > 3032515) AND (role_id < 11))
                    Rows Removed by Filter: 30272854
              ->  Hash  (cost=67604.59..67604.59 rows=2275843 width=4) (actual time=2094.048..2094.048 rows=2268428 loops=1)
                    Buckets: 131072  Batches: 32  Memory Usage: 3520kB
                    ->  Seq Scan on title t  (cost=0.00..67604.59 rows=2275843 width=4) (actual time=0.012..1368.132 rows=2268428 loops=1)
                          Filter: (production_year > 1953)
                          Rows Removed by Filter: 259884
Planning time: 1.221 ms
Execution time: 72528.313 ms
