Seq Scan on movie_companies mc  (cost=0.00..57926.93 rows=1280 width=0) (actual time=2.597..770.631 rows=1251 loops=1)
  Filter: ((company_id = 119) AND (company_type_id = 1))
  Rows Removed by Filter: 2607878
Planning time: 0.351 ms
Execution time: 770.975 ms
