Hash Join  (cost=276847.15..1256909.47 rows=10346988 width=0) (actual time=9574.057..37357.964 rows=36427515 loops=1)
  Hash Cond: (ci.movie_id = t.id)
  ->  Seq Scan on cast_info ci  (cost=0.00..705507.15 rows=12726058 width=4) (actual time=3566.977..13234.720 rows=12670688 loops=1)
        Filter: (role_id < 2)
        Rows Removed by Filter: 23573656
  ->  Hash  (cost=243118.25..243118.25 rows=2055832 width=8) (actual time=6006.015..6006.015 rows=2058387 loops=1)
        Buckets: 131072  Batches: 32  Memory Usage: 3522kB
        ->  Hash Join  (cost=102767.86..243118.25 rows=2055832 width=8) (actual time=1839.110..5400.265 rows=2058387 loops=1)
              Hash Cond: (mk.movie_id = t.id)
              ->  Seq Scan on movie_keyword mk  (cost=0.00..81003.12 rows=2055832 width=4) (actual time=0.029..1550.245 rows=2058387 loops=1)
                    Filter: (keyword_id > 5925)
                    Rows Removed by Filter: 2465543
              ->  Hash  (cost=61283.27..61283.27 rows=2528527 width=4) (actual time=1837.352..1837.352 rows=2528312 loops=1)
                    Buckets: 131072  Batches: 64  Memory Usage: 2425kB
                    ->  Seq Scan on title t  (cost=0.00..61283.27 rows=2528527 width=4) (actual time=0.016..981.598 rows=2528312 loops=1)
Planning time: 1.324 ms
Execution time: 41655.797 ms
