Hash Join  (cost=709677.46..766437.45 rows=138 width=0) (actual time=10668.291..11430.361 rows=4 loops=1)
  Hash Cond: (mc.movie_id = t.id)
  ->  Seq Scan on movie_companies mc  (cost=0.00..51404.11 rows=1427864 width=4) (actual time=0.017..996.610 rows=1415966 loops=1)
        Filter: (company_id < 12468)
        Rows Removed by Filter: 1193163
  ->  Hash  (cost=709674.40..709674.40 rows=245 width=8) (actual time=10237.568..10237.568 rows=8 loops=1)
        Buckets: 1024  Batches: 1  Memory Usage: 9kB
        ->  Nested Loop  (cost=0.43..709674.40 rows=245 width=8) (actual time=451.267..10237.550 rows=8 loops=1)
              ->  Seq Scan on cast_info ci  (cost=0.00..705507.15 rows=500 width=4) (actual time=448.891..10234.112 rows=198 loops=1)
                    Filter: (person_id = 2627318)
                    Rows Removed by Filter: 36244146
              ->  Index Scan using title_pkey on title t  (cost=0.43..8.32 rows=1 width=4) (actual time=0.016..0.016 rows=0 loops=198)
                    Index Cond: (id = ci.movie_id)
                    Filter: ((production_year > 1973) AND (kind_id = 7))
                    Rows Removed by Filter: 1
Planning time: 1.207 ms
Execution time: 11430.517 ms
