Hash Join  (cost=146501.81..631968.72 rows=530498 width=0) (actual time=2851.147..16701.215 rows=5069167 loops=1)
  Hash Cond: (mi.movie_id = t.id)
  ->  Seq Scan on movie_info mi  (cost=0.00..309384.22 rows=14739122 width=4) (actual time=0.020..6203.315 rows=14835720 loops=1)
  ->  Hash  (cost=145008.21..145008.21 rows=91008 width=8) (actual time=2850.205..2850.205 rows=172674 loops=1)
        Buckets: 131072 (originally 131072)  Batches: 4 (originally 2)  Memory Usage: 3073kB
        ->  Hash Join  (cost=76796.18..145008.21 rows=91008 width=8) (actual time=1174.167..2785.054 rows=172674 loops=1)
              Hash Cond: (mc.movie_id = t.id)
              ->  Seq Scan on movie_companies mc  (cost=0.00..51404.11 rows=1315690 width=4) (actual time=45.407..1009.575 rows=1323732 loops=1)
                    Filter: (company_id > 11241)
                    Rows Removed by Filter: 1285397
              ->  Hash  (cost=73925.90..73925.90 rows=174902 width=4) (actual time=1127.716..1127.716 rows=160286 loops=1)
                    Buckets: 131072  Batches: 4  Memory Usage: 2435kB
                    ->  Seq Scan on title t  (cost=0.00..73925.90 rows=174902 width=4) (actual time=29.031..1075.913 rows=160286 loops=1)
                          Filter: ((production_year > 2008) AND (kind_id = 1))
                          Rows Removed by Filter: 2368026
Planning time: 2.366 ms
Execution time: 17278.583 ms
