Hash Join  (cost=115000.72..466590.10 rows=30184 width=0) (actual time=4450.457..7985.371 rows=60293 loops=1)
  Hash Cond: (mi.movie_id = t.id)
  ->  Seq Scan on movie_info mi  (cost=0.00..346232.03 rows=1348138 width=4) (actual time=2064.234..5543.816 rows=1298989 loops=1)
        Filter: (info_type_id = 4)
        Rows Removed by Filter: 13536731
  ->  Hash  (cost=114293.07..114293.07 rows=56612 width=8) (actual time=2122.370..2122.370 rows=52590 loops=1)
        Buckets: 65536  Batches: 1  Memory Usage: 2567kB
        ->  Hash Join  (cost=75628.47..114293.07 rows=56612 width=8) (actual time=1246.876..2105.158 rows=52590 loops=1)
              Hash Cond: (mi_idx.movie_id = t.id)
              ->  Seq Scan on movie_info_idx mi_idx  (cost=0.00..21735.35 rows=1380035 width=4) (actual time=0.015..399.798 rows=1380035 loops=1)
              ->  Hash  (cost=73925.90..73925.90 rows=103725 width=4) (actual time=1246.086..1246.086 rows=98992 loops=1)
                    Buckets: 131072  Batches: 2  Memory Usage: 2760kB
                    ->  Seq Scan on title t  (cost=0.00..73925.90 rows=103725 width=4) (actual time=604.225..1210.558 rows=98992 loops=1)
                          Filter: ((kind_id < 2) AND (production_year > 2010))
                          Rows Removed by Filter: 2429320
Planning time: 1.239 ms
Execution time: 7993.676 ms
