Hash Join  (cost=67718.38..94678.54 rows=4968 width=0) (actual time=1062.159..1650.018 rows=4101 loops=1)
  Hash Cond: (mi_idx.movie_id = t.id)
  ->  Seq Scan on movie_info_idx mi_idx  (cost=0.00..21735.35 rows=1380035 width=4) (actual time=0.019..305.524 rows=1380035 loops=1)
  ->  Hash  (cost=67604.59..67604.59 rows=9103 width=4) (actual time=1061.860..1061.860 rows=7688 loops=1)
        Buckets: 16384  Batches: 1  Memory Usage: 399kB
        ->  Seq Scan on title t  (cost=0.00..67604.59 rows=9103 width=4) (actual time=12.398..1058.367 rows=7688 loops=1)
              Filter: (production_year < 1901)
              Rows Removed by Filter: 2520624
Planning time: 0.666 ms
Execution time: 1650.734 ms
