Hash Join  (cost=102767.86..301514.92 rows=4482704 width=0) (actual time=1885.278..7702.431 rows=4485743 loops=1)
  Hash Cond: (mk.movie_id = t.id)
  ->  Seq Scan on movie_keyword mk  (cost=0.00..81003.12 rows=4482704 width=4) (actual time=0.025..1781.064 rows=4485743 loops=1)
        Filter: (keyword_id < 105633)
        Rows Removed by Filter: 38187
  ->  Hash  (cost=61283.27..61283.27 rows=2528527 width=4) (actual time=1884.463..1884.463 rows=2528312 loops=1)
        Buckets: 131072  Batches: 64  Memory Usage: 2425kB
        ->  Seq Scan on title t  (cost=0.00..61283.27 rows=2528527 width=4) (actual time=0.016..1014.294 rows=2528312 loops=1)
Planning time: 0.735 ms
Execution time: 8210.841 ms
