Hash Join  (cost=82536.92..480245.38 rows=752160 width=0) (actual time=1494.204..9027.067 rows=391303 loops=1)
  Hash Cond: (mi.movie_id = t.id)
  ->  Seq Scan on movie_info mi  (cost=0.00..346232.03 rows=3623957 width=4) (actual time=0.025..5059.023 rows=3624977 loops=1)
        Filter: (info_type_id < 4)
        Rows Removed by Filter: 11210743
  ->  Hash  (cost=73925.90..73925.90 rows=524801 width=4) (actual time=1493.153..1493.153 rows=386160 loops=1)
        Buckets: 131072  Batches: 8  Memory Usage: 2717kB
        ->  Seq Scan on title t  (cost=0.00..73925.90 rows=524801 width=4) (actual time=0.017..1363.395 rows=386160 loops=1)
              Filter: ((kind_id > 1) AND (production_year < 1991))
              Rows Removed by Filter: 2142152
Planning time: 5.510 ms
Execution time: 9074.741 ms
