Hash Join  (cost=106840.27..753815.55 rows=13940344 width=0) (actual time=2189.579..21186.929 rows=14487892 loops=1)
  Hash Cond: (mi.movie_id = t.id)
  ->  Seq Scan on movie_info mi  (cost=0.00..309384.22 rows=14739122 width=4) (actual time=0.014..6281.368 rows=14835720 loops=1)
  ->  Hash  (cost=67604.59..67604.59 rows=2391495 width=4) (actual time=2188.668..2188.668 rows=2388876 loops=1)
        Buckets: 131072  Batches: 32  Memory Usage: 3656kB
        ->  Seq Scan on title t  (cost=0.00..67604.59 rows=2391495 width=4) (actual time=0.025..1400.255 rows=2388876 loops=1)
              Filter: (production_year < 2013)
              Rows Removed by Filter: 139436
Planning time: 0.858 ms
Execution time: 22822.683 ms
