Hash Join  (cost=190230.21..331152.92 rows=1748497 width=0) (actual time=4216.167..9940.952 rows=7431482 loops=1)
  Hash Cond: (mk.movie_id = t.id)
  ->  Seq Scan on movie_keyword mk  (cost=0.00..81003.12 rows=3203630 width=4) (actual time=0.015..1604.691 rows=3189798 loops=1)
        Filter: (keyword_id < 12897)
        Rows Removed by Filter: 1334132
  ->  Hash  (cost=167588.78..167588.78 rows=1380035 width=8) (actual time=4215.047..4215.047 rows=1380035 loops=1)
        Buckets: 131072  Batches: 32  Memory Usage: 2726kB
        ->  Hash Join  (cost=102767.86..167588.78 rows=1380035 width=8) (actual time=1853.449..3798.712 rows=1380035 loops=1)
              Hash Cond: (mi_idx.movie_id = t.id)
              ->  Seq Scan on movie_info_idx mi_idx  (cost=0.00..21735.35 rows=1380035 width=4) (actual time=0.027..443.116 rows=1380035 loops=1)
              ->  Hash  (cost=61283.27..61283.27 rows=2528527 width=4) (actual time=1851.920..1851.920 rows=2528312 loops=1)
                    Buckets: 131072  Batches: 64  Memory Usage: 2415kB
                    ->  Seq Scan on title t  (cost=0.00..61283.27 rows=2528527 width=4) (actual time=0.023..979.134 rows=2528312 loops=1)
Planning time: 1.243 ms
Execution time: 10878.265 ms
