Hash Join  (cost=52284.99..416946.98 rows=606 width=0) (actual time=999.434..7887.742 rows=47 loops=1)
  Hash Cond: (mi.movie_id = t.id)
  ->  Seq Scan on movie_info mi  (cost=0.00..309384.22 rows=14739122 width=4) (actual time=0.007..4392.525 rows=14835720 loops=1)
  ->  Hash  (cost=52283.69..52283.69 rows=104 width=8) (actual time=807.905..807.905 rows=3 loops=1)
        Buckets: 1024  Batches: 1  Memory Usage: 9kB
        ->  Nested Loop  (cost=0.43..52283.69 rows=104 width=8) (actual time=481.698..807.895 rows=3 loops=1)
              ->  Seq Scan on movie_companies mc  (cost=0.00..51404.11 rows=104 width=4) (actual time=481.587..807.128 rows=3 loops=1)
                    Filter: (company_id = 43688)
                    Rows Removed by Filter: 2609126
              ->  Index Only Scan using title_pkey on title t  (cost=0.43..8.45 rows=1 width=4) (actual time=0.243..0.244 rows=1 loops=3)
                    Index Cond: (id = mc.movie_id)
                    Heap Fetches: 3
Planning time: 0.819 ms
Execution time: 7887.862 ms
