Hash Join  (cost=171421.85..995058.96 rows=65842 width=0) (actual time=3203.294..18867.811 rows=289513 loops=1)
  Hash Cond: (ci.movie_id = t.id)
  ->  Seq Scan on cast_info ci  (cost=0.00..796071.18 rows=7175336 width=4) (actual time=0.013..13183.213 rows=9355171 loops=1)
        Filter: ((person_id < 1278160) AND (role_id < 3))
        Rows Removed by Filter: 26889173
  ->  Hash  (cost=171131.83..171131.83 rows=23202 width=8) (actual time=3202.636..3202.636 rows=42064 loops=1)
        Buckets: 65536 (originally 32768)  Batches: 1 (originally 1)  Memory Usage: 2156kB
        ->  Hash Join  (cost=102767.86..171131.83 rows=23202 width=8) (actual time=1818.413..3184.135 rows=42064 loops=1)
              Hash Cond: (mc.movie_id = t.id)
              ->  Seq Scan on movie_companies mc  (cost=0.00..57926.93 rows=23202 width=4) (actual time=0.104..915.333 rows=42064 loops=1)
                    Filter: ((company_type_id < 2) AND (company_id = 19))
                    Rows Removed by Filter: 2567065
              ->  Hash  (cost=61283.27..61283.27 rows=2528527 width=4) (actual time=1809.293..1809.293 rows=2528312 loops=1)
                    Buckets: 131072  Batches: 64  Memory Usage: 2415kB
                    ->  Seq Scan on title t  (cost=0.00..61283.27 rows=2528527 width=4) (actual time=0.011..998.653 rows=2528312 loops=1)
Planning time: 1.496 ms
Execution time: 18905.254 ms
