Seq Scan on movie_keyword mk  (cost=0.00..81003.12 rows=4413103 width=0) (actual time=0.033..1589.303 rows=4413428 loops=1)
  Filter: (keyword_id < 80014)
  Rows Removed by Filter: 110502
Planning time: 0.391 ms
Execution time: 2143.148 ms
