Hash Join  (cost=116122.48..485174.51 rows=439611 width=0) (actual time=2343.145..15717.245 rows=4389739 loops=1)
  Hash Cond: (mi.movie_id = t.id)
  ->  Seq Scan on movie_info mi  (cost=0.00..309384.22 rows=14739122 width=4) (actual time=0.014..4833.817 rows=14835720 loops=1)
  ->  Hash  (cost=115179.78..115179.78 rows=75416 width=8) (actual time=2342.308..2342.308 rows=220010 loops=1)
        Buckets: 131072 (originally 131072)  Batches: 4 (originally 1)  Memory Usage: 3177kB
        ->  Hash Join  (cost=76193.14..115179.78 rows=75416 width=8) (actual time=1192.407..2265.100 rows=220010 loops=1)
              Hash Cond: (mi_idx.movie_id = t.id)
              ->  Seq Scan on movie_info_idx mi_idx  (cost=0.00..21735.35 rows=1380035 width=4) (actual time=0.017..423.534 rows=1380035 loops=1)
              ->  Hash  (cost=73925.90..73925.90 rows=138179 width=4) (actual time=1191.619..1191.619 rows=274202 loops=1)
                    Buckets: 131072 (originally 131072)  Batches: 4 (originally 2)  Memory Usage: 3435kB
                    ->  Seq Scan on title t  (cost=0.00..73925.90 rows=138179 width=4) (actual time=0.024..1091.465 rows=274202 loops=1)
                          Filter: ((kind_id < 2) AND (production_year < 1981))
                          Rows Removed by Filter: 2254110
Planning time: 1.166 ms
Execution time: 16202.192 ms
