Hash Join  (cost=79788.29..209579.18 rows=639285 width=0) (actual time=1255.155..4303.094 rows=159158 loops=1)
  Hash Cond: (mk.movie_id = t.id)
  ->  Seq Scan on movie_keyword mk  (cost=0.00..69693.30 rows=4523930 width=4) (actual time=0.025..1311.747 rows=4523930 loops=1)
  ->  Hash  (cost=73925.90..73925.90 rows=357311 width=4) (actual time=1253.884..1253.884 rows=218528 loops=1)
        Buckets: 131072  Batches: 8  Memory Usage: 1984kB
        ->  Seq Scan on title t  (cost=0.00..73925.90 rows=357311 width=4) (actual time=0.024..1177.647 rows=218528 loops=1)
              Filter: ((kind_id > 1) AND (production_year < 1978))
              Rows Removed by Filter: 2309784
Planning time: 4.864 ms
Execution time: 4318.873 ms
