Seq Scan on title t  (cost=0.00..73925.90 rows=40664 width=0) (actual time=0.046..1177.145 rows=40257 loops=1)
  Filter: ((production_year > 2012) AND (kind_id = 7))
  Rows Removed by Filter: 2488055
Planning time: 0.428 ms
Execution time: 1184.084 ms
