Hash Join  (cost=82581.58..151720.84 rows=239595 width=0) (actual time=1401.864..3158.670 rows=436922 loops=1)
  Hash Cond: (mc.movie_id = t.id)
  ->  Seq Scan on movie_companies mc  (cost=0.00..51404.11 rows=1148318 width=4) (actual time=0.020..927.571 rows=1144478 loops=1)
        Filter: (company_id < 8757)
        Rows Removed by Filter: 1464651
  ->  Hash  (cost=73925.90..73925.90 rows=527574 width=4) (actual time=1401.028..1401.028 rows=609532 loops=1)
        Buckets: 131072  Batches: 8  Memory Usage: 3715kB
        ->  Seq Scan on title t  (cost=0.00..73925.90 rows=527574 width=4) (actual time=0.031..1217.631 rows=609532 loops=1)
              Filter: ((kind_id < 7) AND (production_year < 2005))
              Rows Removed by Filter: 1918780
Planning time: 0.776 ms
Execution time: 3214.006 ms
