Hash Join  (cost=73950.44..165377.04 rows=2153 width=0) (actual time=1084.384..2980.497 rows=10446 loops=1)
  Hash Cond: (mk.movie_id = t.id)
  ->  Seq Scan on movie_keyword mk  (cost=0.00..81003.12 rows=2773852 width=4) (actual time=0.019..1486.516 rows=2768836 loops=1)
        Filter: (keyword_id < 7908)
        Rows Removed by Filter: 1755094
  ->  Hash  (cost=73925.90..73925.90 rows=1963 width=4) (actual time=1084.002..1084.002 rows=2506 loops=1)
        Buckets: 4096 (originally 2048)  Batches: 1 (originally 1)  Memory Usage: 121kB
        ->  Seq Scan on title t  (cost=0.00..73925.90 rows=1963 width=4) (actual time=204.247..1082.820 rows=2506 loops=1)
              Filter: ((kind_id = 1) AND (production_year = 1931))
              Rows Removed by Filter: 2525806
Planning time: 0.740 ms
Execution time: 2982.087 ms
