Seq Scan on movie_keyword mk  (cost=0.00..81003.12 rows=2692351 width=0) (actual time=0.024..1491.583 rows=2686465 loops=1)
  Filter: (keyword_id < 7582)
  Rows Removed by Filter: 1837465
Planning time: 0.311 ms
Execution time: 1826.273 ms
