Seq Scan on movie_keyword mk  (cost=0.00..81003.12 rows=3958486 width=0) (actual time=0.020..1498.282 rows=3956845 loops=1)
  Filter: (keyword_id > 400)
  Rows Removed by Filter: 567085
Planning time: 0.329 ms
Execution time: 1984.805 ms
