Seq Scan on movie_keyword mk  (cost=0.00..81003.12 rows=246 width=0) (actual time=2.032..1261.219 rows=2682 loops=1)
  Filter: (keyword_id = 3081)
  Rows Removed by Filter: 4521248
Planning time: 0.391 ms
Execution time: 1262.104 ms
