Hash Join  (cost=92128.39..238314.74 rows=1985031 width=0) (actual time=2245.356..5355.623 rows=495742 loops=1)
  Hash Cond: (mk.movie_id = t.id)
  ->  Seq Scan on movie_keyword mk  (cost=0.00..69693.30 rows=4523930 width=4) (actual time=0.016..1424.715 rows=4523930 loops=1)
  ->  Hash  (cost=73925.90..73925.90 rows=1109479 width=4) (actual time=1762.287..1762.287 rows=1201090 loops=1)
        Buckets: 131072  Batches: 16  Memory Usage: 3680kB
        ->  Seq Scan on title t  (cost=0.00..73925.90 rows=1109479 width=4) (actual time=74.951..1369.518 rows=1201090 loops=1)
              Filter: ((production_year > 1987) AND (kind_id = 7))
              Rows Removed by Filter: 1327222
Planning time: 0.712 ms
Execution time: 5410.521 ms
