Hash Join  (cost=280932.90..1162487.20 rows=3060731 width=0) (actual time=13784.604..22990.057 rows=2317995 loops=1)
  Hash Cond: (ci.movie_id = t.id)
  ->  Seq Scan on cast_info ci  (cost=0.00..796071.18 rows=3633564 width=4) (actual time=8331.395..15346.433 rows=3767289 loops=1)
        Filter: ((person_id > 308324) AND (role_id = 3))
        Rows Removed by Filter: 32477055
  ->  Hash  (cost=245989.11..245989.11 rows=2129903 width=8) (actual time=5451.127..5451.127 rows=473894 loops=1)
        Buckets: 131072  Batches: 32  Memory Usage: 1594kB
        ->  Hash Join  (cost=92883.59..245989.11 rows=2129903 width=8) (actual time=2568.485..5311.831 rows=473894 loops=1)
              Hash Cond: (mk.movie_id = t.id)
              ->  Seq Scan on movie_keyword mk  (cost=0.00..81003.12 rows=3495274 width=4) (actual time=0.023..1635.475 rows=3490374 loops=1)
                    Filter: (keyword_id < 17208)
                    Rows Removed by Filter: 1033556
              ->  Hash  (cost=67604.59..67604.59 rows=1540800 width=4) (actual time=1802.223..1802.223 rows=1543264 loops=1)
                    Buckets: 131072  Batches: 32  Memory Usage: 2728kB
                    ->  Seq Scan on title t  (cost=0.00..67604.59 rows=1540800 width=4) (actual time=0.017..1279.622 rows=1543264 loops=1)
                          Filter: (kind_id = 7)
                          Rows Removed by Filter: 985048
Planning time: 1.181 ms
Execution time: 23229.283 ms
