Seq Scan on cast_info ci  (cost=0.00..796071.18 rows=4279792 width=0) (actual time=6286.078..15618.248 rows=4312516 loops=1)
  Filter: ((person_id > 33627) AND (role_id = 10))
  Rows Removed by Filter: 31931828
Planning time: 0.392 ms
Execution time: 16140.277 ms
