Hash Join  (cost=111053.54..478587.14 rows=287764 width=0) (actual time=2042.208..10445.197 rows=1122117 loops=1)
  Hash Cond: (mi.movie_id = t.id)
  ->  Seq Scan on movie_info mi  (cost=0.00..309384.22 rows=14739122 width=4) (actual time=0.014..3958.818 rows=14835720 loops=1)
  ->  Hash  (cost=110436.45..110436.45 rows=49367 width=8) (actual time=2041.780..2041.780 rows=62107 loops=1)
        Buckets: 65536  Batches: 1  Memory Usage: 2939kB
        ->  Hash Join  (cost=78368.68..110436.45 rows=49367 width=8) (actual time=1248.102..2016.676 rows=62107 loops=1)
              Hash Cond: (mi_idx.movie_id = t.id)
              ->  Seq Scan on movie_info_idx mi_idx  (cost=0.00..25185.44 rows=460978 width=4) (actual time=0.038..492.060 rows=459925 loops=1)
                    Filter: (info_type_id = 99)
                    Rows Removed by Filter: 920110
              ->  Hash  (cost=73925.90..73925.90 rows=270782 width=4) (actual time=1247.249..1247.249 rows=229992 loops=1)
                    Buckets: 131072  Batches: 4  Memory Usage: 3047kB
                    ->  Seq Scan on title t  (cost=0.00..73925.90 rows=270782 width=4) (actual time=0.025..1169.264 rows=229992 loops=1)
                          Filter: ((kind_id < 3) AND (production_year > 2006))
                          Rows Removed by Filter: 2298320
Planning time: 1.205 ms
Execution time: 10587.194 ms
