Hash Join  (cost=156487.41..1095317.03 rows=1919819 width=0) (actual time=3514.299..27629.522 rows=4798120 loops=1)
  Hash Cond: (ci.movie_id = t.id)
  ->  Seq Scan on cast_info ci  (cost=0.00..796071.18 rows=10530467 width=4) (actual time=0.037..16637.139 rows=12670688 loops=1)
        Filter: ((person_id < 3020457) AND (role_id = 1))
        Rows Removed by Filter: 23573656
  ->  Hash  (cost=148924.19..148924.19 rows=460978 width=8) (actual time=3512.757..3512.757 rows=459925 loops=1)
        Buckets: 131072  Batches: 8  Memory Usage: 3275kB
        ->  Hash Join  (cost=102767.86..148924.19 rows=460978 width=8) (actual time=2061.693..3371.822 rows=459925 loops=1)
              Hash Cond: (mi_idx.movie_id = t.id)
              ->  Seq Scan on movie_info_idx mi_idx  (cost=0.00..25185.44 rows=460978 width=4) (actual time=0.025..470.747 rows=459925 loops=1)
                    Filter: (info_type_id = 99)
                    Rows Removed by Filter: 920110
              ->  Hash  (cost=61283.27..61283.27 rows=2528527 width=4) (actual time=2059.653..2059.653 rows=2528312 loops=1)
                    Buckets: 131072  Batches: 64  Memory Usage: 2415kB
                    ->  Seq Scan on title t  (cost=0.00..61283.27 rows=2528527 width=4) (actual time=0.019..1231.008 rows=2528312 loops=1)
Planning time: 1.184 ms
Execution time: 28196.617 ms
