Hash Join  (cost=148882.99..503892.34 rows=54751 width=0) (actual time=2787.261..10875.882 rows=1426651 loops=1)
  Hash Cond: (mi.movie_id = t.id)
  ->  Seq Scan on movie_info mi  (cost=0.00..346232.03 rows=2194617 width=4) (actual time=0.015..5474.837 rows=2233850 loops=1)
        Filter: (info_type_id > 16)
        Rows Removed by Filter: 12601870
  ->  Hash  (cost=148094.48..148094.48 rows=63081 width=8) (actual time=2786.740..2786.740 rows=316007 loops=1)
        Buckets: 131072 (originally 65536)  Batches: 8 (originally 1)  Memory Usage: 3073kB
        ->  Hash Join  (cost=83810.17..148094.48 rows=63081 width=8) (actual time=1442.893..2679.770 rows=316007 loops=1)
              Hash Cond: (mc.movie_id = t.id)
              ->  Seq Scan on movie_companies mc  (cost=0.00..57926.93 rows=161483 width=4) (actual time=0.018..804.371 rows=316007 loops=1)
                    Filter: ((company_id > 91850) AND (company_type_id > 1))
                    Rows Removed by Filter: 2293122
              ->  Hash  (cost=67604.59..67604.59 rows=987727 width=4) (actual time=1441.875..1441.875 rows=985048 loops=1)
                    Buckets: 131072  Batches: 16  Memory Usage: 3188kB
                    ->  Seq Scan on title t  (cost=0.00..67604.59 rows=987727 width=4) (actual time=0.032..1160.521 rows=985048 loops=1)
                          Filter: (kind_id < 7)
                          Rows Removed by Filter: 1543264
Planning time: 12.079 ms
Execution time: 11042.794 ms
