Hash Join  (cost=174369.45..305106.89 rows=716940 width=0) (actual time=3316.284..6975.568 rows=711328 loops=1)
  Hash Cond: (mk.movie_id = t.id)
  ->  Seq Scan on movie_keyword mk  (cost=0.00..69693.30 rows=4523930 width=4) (actual time=0.016..1412.877 rows=4523930 loops=1)
  ->  Hash  (cost=167794.53..167794.53 rows=400714 width=8) (actual time=3315.486..3315.486 rows=235724 loops=1)
        Buckets: 131072  Batches: 8  Memory Usage: 2185kB
        ->  Hash Join  (cost=98137.04..167794.53 rows=400714 width=8) (actual time=2024.519..3246.447 rows=235724 loops=1)
              Hash Cond: (mc.movie_id = t.id)
              ->  Seq Scan on movie_companies mc  (cost=0.00..51404.11 rows=544448 width=4) (actual time=234.999..808.374 rows=548624 loops=1)
                    Filter: (company_id > 71905)
                    Rows Removed by Filter: 2060505
              ->  Hash  (cost=67604.59..67604.59 rows=1860996 width=4) (actual time=1788.131..1788.131 rows=1865487 loops=1)
                    Buckets: 131072  Batches: 32  Memory Usage: 3079kB
                    ->  Seq Scan on title t  (cost=0.00..67604.59 rows=1860996 width=4) (actual time=0.028..1207.292 rows=1865487 loops=1)
                          Filter: (kind_id > 1)
                          Rows Removed by Filter: 662825
Planning time: 1.382 ms
Execution time: 7054.977 ms
