Seq Scan on movie_keyword mk  (cost=0.00..81003.12 rows=665319 width=0) (actual time=0.015..1256.681 rows=671900 loops=1)
  Filter: (keyword_id > 27916)
  Rows Removed by Filter: 3852030
Planning time: 0.303 ms
Execution time: 1339.727 ms
