Hash Join  (cost=101852.42..156748.85 rows=23092 width=0) (actual time=1757.185..2959.217 rows=16308 loops=1)
  Hash Cond: (mc.movie_id = t.id)
  ->  Seq Scan on movie_companies mc  (cost=0.00..44881.29 rows=2609129 width=4) (actual time=0.024..685.033 rows=2609129 loops=1)
  ->  Hash  (cost=101572.69..101572.69 rows=22378 width=8) (actual time=1725.747..1725.747 rows=8352 loops=1)
        Buckets: 32768  Batches: 1  Memory Usage: 583kB
        ->  Hash Join  (cost=74438.43..101572.69 rows=22378 width=8) (actual time=1119.207..1722.415 rows=8352 loops=1)
              Hash Cond: (mi_idx.movie_id = t.id)
              ->  Seq Scan on movie_info_idx mi_idx  (cost=0.00..21735.35 rows=1380035 width=4) (actual time=0.030..293.183 rows=1380035 loops=1)
              ->  Hash  (cost=73925.90..73925.90 rows=41002 width=4) (actual time=1099.546..1099.546 rows=40409 loops=1)
                    Buckets: 65536  Batches: 1  Memory Usage: 1933kB
                    ->  Seq Scan on title t  (cost=0.00..73925.90 rows=41002 width=4) (actual time=0.020..1083.250 rows=40409 loops=1)
                          Filter: ((kind_id > 4) AND (production_year > 2012))
                          Rows Removed by Filter: 2487903
Planning time: 1.224 ms
Execution time: 2961.654 ms
