Hash Join  (cost=156632.57..277094.37 rows=516129 width=0) (actual time=3342.483..6838.822 rows=2152375 loops=1)
  Hash Cond: (mk.movie_id = t.id)
  ->  Seq Scan on movie_keyword mk  (cost=0.00..81003.12 rows=2809171 width=4) (actual time=0.015..1731.145 rows=2802165 loops=1)
        Filter: (keyword_id < 8234)
        Rows Removed by Filter: 1721765
  ->  Hash  (cost=149010.49..149010.49 rows=464566 width=8) (actual time=3341.296..3341.296 rows=459925 loops=1)
        Buckets: 131072  Batches: 8  Memory Usage: 3284kB
        ->  Hash Join  (cost=102767.86..149010.49 rows=464566 width=8) (actual time=2042.132..3214.531 rows=459925 loops=1)
              Hash Cond: (mi_idx.movie_id = t.id)
              ->  Seq Scan on movie_info_idx mi_idx  (cost=0.00..25185.44 rows=464566 width=4) (actual time=0.027..448.502 rows=459925 loops=1)
                    Filter: (info_type_id = 101)
                    Rows Removed by Filter: 920110
              ->  Hash  (cost=61283.27..61283.27 rows=2528527 width=4) (actual time=2041.011..2041.011 rows=2528312 loops=1)
                    Buckets: 131072  Batches: 64  Memory Usage: 2415kB
                    ->  Seq Scan on title t  (cost=0.00..61283.27 rows=2528527 width=4) (actual time=0.008..1200.212 rows=2528312 loops=1)
Planning time: 1.087 ms
Execution time: 7067.347 ms
