Seq Scan on movie_companies mc  (cost=0.00..57926.93 rows=346751 width=0) (actual time=0.014..687.954 rows=190938 loops=1)
  Filter: ((company_id < 1085) AND (company_type_id = 2))
  Rows Removed by Filter: 2418191
Planning time: 0.301 ms
Execution time: 705.734 ms
