Hash Join  (cost=52284.29..434053.49 rows=101 width=0) (actual time=1486.312..8073.718 rows=528 loops=1)
  Hash Cond: (mi.movie_id = t.id)
  ->  Seq Scan on movie_info mi  (cost=0.00..346232.03 rows=9476311 width=4) (actual time=688.009..6047.030 rows=9565151 loops=1)
        Filter: (info_type_id < 16)
        Rows Removed by Filter: 5270569
  ->  Hash  (cost=52283.95..52283.95 rows=27 width=8) (actual time=714.923..714.923 rows=22 loops=1)
        Buckets: 1024  Batches: 1  Memory Usage: 9kB
        ->  Nested Loop  (cost=0.43..52283.95 rows=27 width=8) (actual time=27.215..714.864 rows=22 loops=1)
              ->  Seq Scan on movie_companies mc  (cost=0.00..51404.11 rows=104 width=4) (actual time=27.160..713.339 rows=41 loops=1)
                    Filter: (company_id = 3206)
                    Rows Removed by Filter: 2609088
              ->  Index Scan using title_pkey on title t  (cost=0.43..8.45 rows=1 width=4) (actual time=0.033..0.034 rows=1 loops=41)
                    Index Cond: (id = mc.movie_id)
                    Filter: (kind_id = 1)
                    Rows Removed by Filter: 0
Planning time: 1.170 ms
Execution time: 8074.056 ms
