Hash Join  (cost=92883.59..1063675.31 rows=5437420 width=0) (actual time=3033.431..20282.618 rows=2823428 loops=1)
  Hash Cond: (ci.movie_id = t.id)
  ->  Seq Scan on cast_info ci  (cost=0.00..796071.18 rows=8923068 width=4) (actual time=1246.024..14507.632 rows=4972314 loops=1)
        Filter: ((person_id > 1049165) AND (role_id < 2))
        Rows Removed by Filter: 31272030
  ->  Hash  (cost=67604.59..67604.59 rows=1540800 width=4) (actual time=1786.119..1786.119 rows=1543264 loops=1)
        Buckets: 131072  Batches: 32  Memory Usage: 2722kB
        ->  Seq Scan on title t  (cost=0.00..67604.59 rows=1540800 width=4) (actual time=0.017..1294.863 rows=1543264 loops=1)
              Filter: (kind_id = 7)
              Rows Removed by Filter: 985048
Planning time: 2.971 ms
Execution time: 20615.220 ms
