Hash Join  (cost=102767.86..1475837.69 rows=27332350 width=0) (actual time=2049.016..40207.217 rows=27330421 loops=1)
  Hash Cond: (ci.movie_id = t.id)
  ->  Seq Scan on cast_info ci  (cost=0.00..705507.15 rows=27332350 width=4) (actual time=0.023..15801.995 rows=27330421 loops=1)
        Filter: (person_id < 2803070)
        Rows Removed by Filter: 8913923
  ->  Hash  (cost=61283.27..61283.27 rows=2528527 width=4) (actual time=2047.259..2047.259 rows=2528312 loops=1)
        Buckets: 131072  Batches: 64  Memory Usage: 2415kB
        ->  Seq Scan on title t  (cost=0.00..61283.27 rows=2528527 width=4) (actual time=0.012..1185.882 rows=2528312 loops=1)
Planning time: 0.777 ms
Execution time: 43191.328 ms
