Seq Scan on cast_info ci  (cost=0.00..796071.18 rows=23019964 width=0) (actual time=0.023..17441.519 rows=26499713 loops=1)
  Filter: ((person_id < 3156077) AND (role_id < 5))
  Rows Removed by Filter: 9744631
Planning time: 0.344 ms
Execution time: 20641.730 ms
