Seq Scan on movie_companies mc  (cost=0.00..57926.93 rows=795721 width=0) (actual time=483.182..1099.270 rows=581175 loops=1)
  Filter: ((company_id > 4548) AND (company_type_id = 1))
  Rows Removed by Filter: 2027954
Planning time: 0.394 ms
Execution time: 1173.320 ms
