Hash Join  (cost=637586.34..2310670.61 rows=40191207 width=0) (actual time=14766.835..54123.695 rows=28085923 loops=1)
  Hash Cond: (ci.movie_id = t.id)
  ->  Seq Scan on cast_info ci  (cost=0.00..614943.12 rows=36225612 width=4) (actual time=0.019..13725.822 rows=36244344 loops=1)
  ->  Hash  (cost=591560.80..591560.80 rows=2805323 width=8) (actual time=14765.352..14765.352 rows=1043249 loops=1)
        Buckets: 131072  Batches: 64  Memory Usage: 1654kB
        ->  Hash Join  (cost=81821.64..591560.80 rows=2805323 width=8) (actual time=1423.869..14430.967 rows=1043249 loops=1)
              Hash Cond: (mi.movie_id = t.id)
              ->  Seq Scan on movie_info mi  (cost=0.00..309384.22 rows=14739122 width=4) (actual time=0.019..6043.777 rows=14835720 loops=1)
              ->  Hash  (cost=73925.90..73925.90 rows=481259 width=4) (actual time=1344.519..1344.519 rows=518327 loops=1)
                    Buckets: 131072  Batches: 8  Memory Usage: 3307kB
                    ->  Seq Scan on title t  (cost=0.00..73925.90 rows=481259 width=4) (actual time=0.015..1177.420 rows=518327 loops=1)
                          Filter: ((production_year > 2007) AND (kind_id = 7))
                          Rows Removed by Filter: 2009985
Planning time: 1.140 ms
Execution time: 57447.407 ms
