Seq Scan on movie_keyword mk  (cost=0.00..81003.12 rows=246 width=0) (actual time=0.253..1260.440 rows=2113 loops=1)
  Filter: (keyword_id = 2109)
  Rows Removed by Filter: 4521817
Planning time: 0.353 ms
Execution time: 1261.116 ms
