Seq Scan on movie_companies mc  (cost=0.00..57926.93 rows=812603 width=0) (actual time=519.399..1128.876 rows=507749 loops=1)
  Filter: ((company_id < 15839) AND (company_type_id > 1))
  Rows Removed by Filter: 2101380
Planning time: 0.306 ms
Execution time: 1195.099 ms
