Seq Scan on movie_companies mc  (cost=0.00..57926.93 rows=703887 width=0) (actual time=366.148..1141.201 rows=970053 loops=1)
  Filter: ((company_id < 12591) AND (company_type_id < 2))
  Rows Removed by Filter: 1639076
Planning time: 0.317 ms
Execution time: 1260.220 ms
