Seq Scan on movie_keyword mk  (cost=0.00..81003.12 rows=4021000 width=0) (actual time=0.020..1659.747 rows=4028191 loops=1)
  Filter: (keyword_id < 36379)
  Rows Removed by Filter: 495739
Planning time: 0.309 ms
Execution time: 2194.733 ms
