Hash Join  (cost=505316.65..596689.65 rows=1184048 width=0) (actual time=8635.509..14990.121 rows=13804853 loops=1)
  Hash Cond: (mc.movie_id = t.id)
  ->  Seq Scan on movie_companies mc  (cost=0.00..44881.29 rows=2609129 width=4) (actual time=0.029..1040.068 rows=2609129 loops=1)
  ->  Hash  (cost=486490.27..486490.27 rows=1147470 width=8) (actual time=8634.729..8634.729 rows=1200370 loops=1)
        Buckets: 131072  Batches: 16  Memory Usage: 3872kB
        ->  Hash Join  (cost=102767.86..486490.27 rows=1147470 width=8) (actual time=2339.077..8291.212 rows=1200370 loops=1)
              Hash Cond: (mi.movie_id = t.id)
              ->  Seq Scan on movie_info mi  (cost=0.00..346232.03 rows=1147470 width=4) (actual time=463.453..4992.684 rows=1200370 loops=1)
                    Filter: (info_type_id > 35)
                    Rows Removed by Filter: 13635350
              ->  Hash  (cost=61283.27..61283.27 rows=2528527 width=4) (actual time=1873.221..1873.221 rows=2528312 loops=1)
                    Buckets: 131072  Batches: 64  Memory Usage: 2425kB
                    ->  Seq Scan on title t  (cost=0.00..61283.27 rows=2528527 width=4) (actual time=0.035..1043.204 rows=2528312 loops=1)
Planning time: 1.196 ms
Execution time: 16365.570 ms
