Seq Scan on cast_info ci  (cost=0.00..705507.15 rows=3325375 width=0) (actual time=4631.438..11418.239 rows=3345985 loops=1)
  Filter: (person_id > 3447346)
  Rows Removed by Filter: 32898359
Planning time: 0.325 ms
Execution time: 11828.726 ms
