Hash Join  (cost=156209.36..1051575.75 rows=1311127 width=0) (actual time=12281.719..24722.199 rows=3460284 loops=1)
  Hash Cond: (ci.movie_id = t.id)
  ->  Seq Scan on cast_info ci  (cost=0.00..796071.18 rows=7300251 width=4) (actual time=8819.253..16469.692 rows=7849903 loops=1)
        Filter: ((person_id > 511306) AND (role_id > 5))
        Rows Removed by Filter: 28394441
  ->  Hash  (cost=148758.81..148758.81 rows=454124 width=8) (actual time=3461.642..3461.642 rows=459925 loops=1)
        Buckets: 131072  Batches: 8  Memory Usage: 3275kB
        ->  Hash Join  (cost=102767.86..148758.81 rows=454124 width=8) (actual time=2076.628..3317.289 rows=459925 loops=1)
              Hash Cond: (mi_idx.movie_id = t.id)
              ->  Seq Scan on movie_info_idx mi_idx  (cost=0.00..25185.44 rows=454124 width=4) (actual time=0.032..442.322 rows=459925 loops=1)
                    Filter: (info_type_id = 100)
                    Rows Removed by Filter: 920110
              ->  Hash  (cost=61283.27..61283.27 rows=2528527 width=4) (actual time=2075.823..2075.823 rows=2528312 loops=1)
                    Buckets: 131072  Batches: 64  Memory Usage: 2415kB
                    ->  Seq Scan on title t  (cost=0.00..61283.27 rows=2528527 width=4) (actual time=0.014..1226.901 rows=2528312 loops=1)
Planning time: 1.194 ms
Execution time: 25112.643 ms
