Seq Scan on cast_info ci  (cost=0.00..796071.18 rows=346551 width=0) (actual time=1488.571..10280.994 rows=169242 loops=1)
  Filter: ((person_id < 70830) AND (role_id > 2))
  Rows Removed by Filter: 36075102
Planning time: 0.347 ms
Execution time: 10304.158 ms
