Seq Scan on cast_info ci  (cost=0.00..796071.18 rows=6994781 width=0) (actual time=0.020..10353.851 rows=2287130 loops=1)
  Filter: ((person_id > 2403143) AND (role_id < 3))
  Rows Removed by Filter: 33957214
Planning time: 0.358 ms
Execution time: 10633.729 ms
