Hash Join  (cost=95159.82..191164.46 rows=1298736 width=0) (actual time=1824.305..4430.869 rows=1076329 loops=1)
  Hash Cond: (mc.movie_id = t.id)
  ->  Seq Scan on movie_companies mc  (cost=0.00..51404.11 rows=1955233 width=4) (actual time=0.029..1031.746 rows=1963469 loops=1)
        Filter: (company_id > 864)
        Rows Removed by Filter: 645660
  ->  Hash  (cost=67604.59..67604.59 rows=1679539 width=4) (actual time=1822.891..1822.891 rows=1673541 loops=1)
        Buckets: 131072  Batches: 32  Memory Usage: 2866kB
        ->  Seq Scan on title t  (cost=0.00..67604.59 rows=1679539 width=4) (actual time=0.011..1276.453 rows=1673541 loops=1)
              Filter: (production_year > 1993)
              Rows Removed by Filter: 854771
Planning time: 0.707 ms
Execution time: 4559.744 ms
