Seq Scan on movie_keyword mk  (cost=0.00..81003.12 rows=1057915 width=0) (actual time=0.009..1385.189 rows=1060437 loops=1)
  Filter: (keyword_id > 16536)
  Rows Removed by Filter: 3463493
Planning time: 0.309 ms
Execution time: 1518.166 ms
