Hash Join  (cost=569271.02..1803062.84 rows=5445075 width=0) (actual time=13345.490..42578.679 rows=5479157 loops=1)
  Hash Cond: (ci.movie_id = t.id)
  ->  Seq Scan on cast_info ci  (cost=0.00..705507.15 rows=26487093 width=4) (actual time=0.018..15011.909 rows=26532779 loops=1)
        Filter: (person_id < 2738297)
        Rows Removed by Filter: 9711565
  ->  Hash  (cost=560742.51..560742.51 rows=519801 width=8) (actual time=13341.125..13341.125 rows=295749 loops=1)
        Buckets: 131072  Batches: 8  Memory Usage: 2420kB
        ->  Hash Join  (cost=75389.57..560742.51 rows=519801 width=8) (actual time=1259.350..12607.715 rows=295749 loops=1)
              Hash Cond: (mi.movie_id = t.id)
              ->  Seq Scan on movie_info mi  (cost=0.00..309384.22 rows=14739122 width=4) (actual time=0.031..5963.006 rows=14835720 loops=1)
              ->  Hash  (cost=73925.90..73925.90 rows=89173 width=4) (actual time=1255.049..1255.049 rows=96478 loops=1)
                    Buckets: 131072  Batches: 2  Memory Usage: 2724kB
                    ->  Seq Scan on title t  (cost=0.00..73925.90 rows=89173 width=4) (actual time=0.022..1215.510 rows=96478 loops=1)
                          Filter: ((kind_id > 2) AND (production_year = 2009))
                          Rows Removed by Filter: 2431834
Planning time: 1.163 ms
Execution time: 43248.707 ms
