Nested Loop  (cost=0.43..52283.69 rows=104 width=0) (actual time=19.045..793.236 rows=73 loops=1)
  ->  Seq Scan on movie_companies mc  (cost=0.00..51404.11 rows=104 width=4) (actual time=18.957..790.978 rows=73 loops=1)
        Filter: (company_id = 15920)
        Rows Removed by Filter: 2609056
  ->  Index Only Scan using title_pkey on title t  (cost=0.43..8.45 rows=1 width=4) (actual time=0.027..0.028 rows=1 loops=73)
        Index Cond: (id = mc.movie_id)
        Heap Fetches: 73
Planning time: 0.722 ms
Execution time: 793.355 ms
