Seq Scan on movie_companies mc  (cost=0.00..51404.11 rows=2206647 width=0) (actual time=0.046..938.280 rows=2207717 loops=1)
  Filter: (company_id > 252)
  Rows Removed by Filter: 401412
Planning time: 0.300 ms
Execution time: 1206.038 ms
