Hash Join  (cost=101852.05..854255.56 rows=161428 width=0) (actual time=1985.343..21571.883 rows=370908 loops=1)
  Hash Cond: (ci.movie_id = t.id)
  ->  Seq Scan on cast_info ci  (cost=0.00..614943.12 rows=36225612 width=4) (actual time=0.025..9008.670 rows=36244344 loops=1)
  ->  Hash  (cost=101711.20..101711.20 rows=11268 width=8) (actual time=1984.894..1984.894 rows=28195 loops=1)
        Buckets: 32768 (originally 16384)  Batches: 1 (originally 1)  Memory Usage: 1358kB
        ->  Hash Join  (cost=74710.12..101711.20 rows=11268 width=8) (actual time=1337.258..1973.867 rows=28195 loops=1)
              Hash Cond: (mi_idx.movie_id = t.id)
              ->  Seq Scan on movie_info_idx mi_idx  (cost=0.00..25185.44 rows=454124 width=4) (actual time=0.024..477.152 rows=459925 loops=1)
                    Filter: (info_type_id = 100)
                    Rows Removed by Filter: 920110
              ->  Hash  (cost=73925.90..73925.90 rows=62737 width=4) (actual time=1336.897..1336.897 rows=66157 loops=1)
                    Buckets: 131072 (originally 65536)  Batches: 1 (originally 1)  Memory Usage: 3350kB
                    ->  Seq Scan on title t  (cost=0.00..73925.90 rows=62737 width=4) (actual time=0.016..1307.972 rows=66157 loops=1)
                          Filter: ((production_year > 1990) AND (kind_id = 2))
                          Rows Removed by Filter: 2462155
Planning time: 1.165 ms
Execution time: 21634.373 ms
