Hash Join  (cost=74144.62..787599.63 rows=14400 width=0) (actual time=1505.678..13395.172 rows=13179 loops=1)
  Hash Cond: (ci.movie_id = t.id)
  ->  Seq Scan on cast_info ci  (cost=0.00..705507.15 rows=2081029 width=4) (actual time=396.033..11855.089 rows=2022087 loops=1)
        Filter: (person_id < 198410)
        Rows Removed by Filter: 34222257
  ->  Hash  (cost=73925.90..73925.90 rows=17497 width=4) (actual time=1107.293..1107.293 rows=15533 loops=1)
        Buckets: 32768  Batches: 1  Memory Usage: 803kB
        ->  Seq Scan on title t  (cost=0.00..73925.90 rows=17497 width=4) (actual time=7.258..1100.748 rows=15533 loops=1)
              Filter: ((production_year < 1974) AND (kind_id = 3))
              Rows Removed by Filter: 2512779
Planning time: 0.782 ms
Execution time: 13397.307 ms
