Seq Scan on movie_keyword mk  (cost=0.00..81003.12 rows=3870658 width=0) (actual time=0.259..1478.507 rows=3869227 loops=1)
  Filter: (keyword_id > 500)
  Rows Removed by Filter: 654703
Planning time: 0.366 ms
Execution time: 1954.457 ms
