Hash Join  (cost=234112.81..1280216.00 rows=8008344 width=0) (actual time=6208.756..53281.490 rows=76476946 loops=1)
  Hash Cond: (ci.movie_id = t.id)
  ->  Seq Scan on cast_info ci  (cost=0.00..705507.15 rows=20024311 width=4) (actual time=0.023..15354.799 rows=20122661 loops=1)
        Filter: (role_id < 3)
        Rows Removed by Filter: 16121683
  ->  Hash  (cost=217521.35..217521.35 rows=1011237 width=8) (actual time=6207.667..6207.667 rows=2891650 loops=1)
        Buckets: 131072 (originally 131072)  Batches: 64 (originally 16)  Memory Usage: 3073kB
        ->  Hash Join  (cost=83198.94..217521.35 rows=1011237 width=8) (actual time=1512.203..5413.514 rows=2891650 loops=1)
              Hash Cond: (mk.movie_id = t.id)
              ->  Seq Scan on movie_keyword mk  (cost=0.00..69693.30 rows=4523930 width=4) (actual time=0.023..1303.324 rows=4523930 loops=1)
              ->  Hash  (cost=73925.90..73925.90 rows=565203 width=4) (actual time=1511.214..1511.214 rows=641785 loops=1)
                    Buckets: 131072  Batches: 8  Memory Usage: 3870kB
                    ->  Seq Scan on title t  (cost=0.00..73925.90 rows=565203 width=4) (actual time=0.020..1299.176 rows=641785 loops=1)
                          Filter: ((kind_id < 7) AND (production_year < 2006))
                          Rows Removed by Filter: 1886527
Planning time: 1.166 ms
Execution time: 61995.087 ms
