Hash Join  (cost=182172.14..1258153.81 rows=4105850 width=0) (actual time=3881.475..38587.457 rows=14071594 loops=1)
  Hash Cond: (ci.movie_id = t.id)
  ->  Seq Scan on cast_info ci  (cost=0.00..614943.12 rows=36225612 width=4) (actual time=0.014..13754.040 rows=36244344 loops=1)
  ->  Hash  (cost=177469.82..177469.82 rows=286586 width=8) (actual time=3880.547..3880.547 rows=419218 loops=1)
        Buckets: 131072 (originally 131072)  Batches: 8 (originally 4)  Memory Usage: 3073kB
        ->  Hash Join  (cost=102767.86..177469.82 rows=286586 width=8) (actual time=2201.033..3757.718 rows=419218 loops=1)
              Hash Cond: (mc.movie_id = t.id)
              ->  Seq Scan on movie_companies mc  (cost=0.00..57926.93 rows=286586 width=4) (actual time=173.953..1010.826 rows=419218 loops=1)
                    Filter: ((company_id < 647) AND (company_type_id < 2))
                    Rows Removed by Filter: 2189911
              ->  Hash  (cost=61283.27..61283.27 rows=2528527 width=4) (actual time=2025.777..2025.777 rows=2528312 loops=1)
                    Buckets: 131072  Batches: 64  Memory Usage: 2415kB
                    ->  Seq Scan on title t  (cost=0.00..61283.27 rows=2528527 width=4) (actual time=0.030..1184.889 rows=2528312 loops=1)
Planning time: 1.166 ms
Execution time: 40229.893 ms
