Nested Loop  (cost=0.43..83071.67 rows=246 width=0) (actual time=8.903..1122.077 rows=260 loops=1)
  ->  Seq Scan on movie_keyword mk  (cost=0.00..81003.12 rows=246 width=4) (actual time=8.815..1112.213 rows=260 loops=1)
        Filter: (keyword_id = 3101)
        Rows Removed by Filter: 4523670
  ->  Index Only Scan using title_pkey on title t  (cost=0.43..8.40 rows=1 width=4) (actual time=0.035..0.035 rows=1 loops=260)
        Index Cond: (id = mk.movie_id)
        Heap Fetches: 260
Planning time: 0.769 ms
Execution time: 1122.303 ms
