Hash Join  (cost=590061.87..2029146.17 rows=17412299 width=0) (actual time=14834.568..67116.423 rows=78291958 loops=1)
  Hash Cond: (ci.movie_id = t.id)
  ->  Seq Scan on cast_info ci  (cost=0.00..614943.12 rows=36225612 width=4) (actual time=0.012..13255.135 rows=36244344 loops=1)
  ->  Hash  (cost=570121.76..570121.76 rows=1215369 width=8) (actual time=14833.112..14833.112 rows=2062709 loops=1)
        Buckets: 131072 (originally 131072)  Batches: 32 (originally 16)  Memory Usage: 3493kB
        ->  Hash Join  (cost=77347.14..570121.76 rows=1215369 width=8) (actual time=1418.417..13892.526 rows=2062709 loops=1)
              Hash Cond: (mi.movie_id = t.id)
              ->  Seq Scan on movie_info mi  (cost=0.00..309384.22 rows=14739122 width=4) (actual time=0.022..5597.405 rows=14835720 loops=1)
              ->  Hash  (cost=73925.90..73925.90 rows=208499 width=4) (actual time=1416.137..1416.137 rows=182393 loops=1)
                    Buckets: 131072  Batches: 4  Memory Usage: 2634kB
                    ->  Seq Scan on title t  (cost=0.00..73925.90 rows=208499 width=4) (actual time=0.024..1355.261 rows=182393 loops=1)
                          Filter: ((production_year > 2007) AND (kind_id = 1))
                          Rows Removed by Filter: 2345919
Planning time: 1.175 ms
Execution time: 76221.332 ms
