Hash Join  (cost=129373.56..217446.44 rows=16455 width=0) (actual time=2576.186..4280.463 rows=32961 loops=1)
  Hash Cond: (mk.movie_id = t.id)
  ->  Seq Scan on movie_keyword mk  (cost=0.00..81003.12 rows=1841387 width=4) (actual time=0.021..1373.759 rows=1850301 loops=1)
        Filter: (keyword_id < 3080)
        Rows Removed by Filter: 2673629
  ->  Hash  (cost=129091.11..129091.11 rows=22596 width=8) (actual time=2574.777..2574.777 rows=17008 loops=1)
        Buckets: 32768  Batches: 1  Memory Usage: 921kB
        ->  Hash Join  (cost=74199.63..129091.11 rows=22596 width=8) (actual time=1209.719..2567.663 rows=17008 loops=1)
              Hash Cond: (mc.movie_id = t.id)
              ->  Seq Scan on movie_companies mc  (cost=0.00..44881.29 rows=2609129 width=4) (actual time=0.028..713.534 rows=2609129 loops=1)
              ->  Hash  (cost=73925.90..73925.90 rows=21898 width=4) (actual time=1209.515..1209.515 rows=24691 loops=1)
                    Buckets: 32768  Batches: 1  Memory Usage: 1125kB
                    ->  Seq Scan on title t  (cost=0.00..73925.90 rows=21898 width=4) (actual time=0.095..1198.410 rows=24691 loops=1)
                          Filter: ((kind_id > 1) AND (production_year = 1994))
                          Rows Removed by Filter: 2503621
Planning time: 1.146 ms
Execution time: 4285.137 ms
