Hash Join  (cost=102767.86..920786.51 rows=501506 width=0) (actual time=9512.616..16572.023 rows=591313 loops=1)
  Hash Cond: (ci.movie_id = t.id)
  ->  Seq Scan on cast_info ci  (cost=0.00..796071.18 rows=501506 width=4) (actual time=7597.685..13776.058 rows=591313 loops=1)
        Filter: ((person_id > 1090749) AND (role_id = 6))
        Rows Removed by Filter: 35653031
  ->  Hash  (cost=61283.27..61283.27 rows=2528527 width=4) (actual time=1912.582..1912.582 rows=2528312 loops=1)
        Buckets: 131072  Batches: 64  Memory Usage: 2415kB
        ->  Seq Scan on title t  (cost=0.00..61283.27 rows=2528527 width=4) (actual time=0.012..1089.521 rows=2528312 loops=1)
Planning time: 0.776 ms
Execution time: 16640.727 ms
