Hash Join  (cost=122535.74..474627.54 rows=4704 width=0) (actual time=6511.595..7981.449 rows=13018 loops=1)
  Hash Cond: (mi.movie_id = t.id)
  ->  Seq Scan on movie_info mi  (cost=0.00..346232.03 rows=1550064 width=4) (actual time=4106.168..5276.585 rows=1533909 loops=1)
        Filter: (info_type_id = 3)
        Rows Removed by Filter: 13301811
  ->  Hash  (cost=122439.81..122439.81 rows=7674 width=8) (actual time=2404.855..2404.855 rows=15814 loops=1)
        Buckets: 16384 (originally 8192)  Batches: 1 (originally 1)  Memory Usage: 746kB
        ->  Hash Join  (cost=67697.55..122439.81 rows=7674 width=8) (actual time=1093.233..2398.357 rows=15814 loops=1)
              Hash Cond: (mc.movie_id = t.id)
              ->  Seq Scan on movie_companies mc  (cost=0.00..44881.29 rows=2609129 width=4) (actual time=0.032..730.833 rows=2609129 loops=1)
              ->  Hash  (cost=67604.59..67604.59 rows=7437 width=4) (actual time=1093.078..1093.078 rows=9491 loops=1)
                    Buckets: 16384 (originally 8192)  Batches: 1 (originally 1)  Memory Usage: 462kB
                    ->  Seq Scan on title t  (cost=0.00..67604.59 rows=7437 width=4) (actual time=0.047..1088.290 rows=9491 loops=1)
                          Filter: (production_year = 1957)
                          Rows Removed by Filter: 2518821
Planning time: 1.196 ms
Execution time: 7983.676 ms
