Hash Join  (cost=79863.89..155214.26 rows=176342 width=0) (actual time=1297.292..3285.072 rows=510124 loops=1)
  Hash Cond: (mc.movie_id = t.id)
  ->  Seq Scan on movie_companies mc  (cost=0.00..57926.93 rows=1232003 width=4) (actual time=0.027..1207.192 rows=1274246 loops=1)
        Filter: ((company_id < 159045) AND (company_type_id < 2))
        Rows Removed by Filter: 1334883
  ->  Hash  (cost=73925.90..73925.90 rows=361919 width=4) (actual time=1296.244..1296.244 rows=470371 loops=1)
        Buckets: 131072  Batches: 8  Memory Usage: 3103kB
        ->  Seq Scan on title t  (cost=0.00..73925.90 rows=361919 width=4) (actual time=0.018..1148.693 rows=470371 loops=1)
              Filter: ((kind_id < 7) AND (production_year < 1998))
              Rows Removed by Filter: 2057941
Planning time: 0.743 ms
Execution time: 3335.658 ms
