Seq Scan on movie_companies mc  (cost=0.00..51404.11 rows=2075363 width=0) (actual time=0.024..889.882 rows=2077637 loops=1)
  Filter: (company_id > 516)
  Rows Removed by Filter: 531492
Planning time: 0.358 ms
Execution time: 1154.271 ms
