Hash Join  (cost=83074.74..833899.15 rows=3524 width=0) (actual time=1169.529..15731.101 rows=2861 loops=1)
  Hash Cond: (ci.movie_id = t.id)
  ->  Seq Scan on cast_info ci  (cost=0.00..614943.12 rows=36225612 width=4) (actual time=0.016..7929.414 rows=36244344 loops=1)
  ->  Hash  (cost=83071.67..83071.67 rows=246 width=8) (actual time=1168.402..1168.402 rows=47 loops=1)
        Buckets: 1024  Batches: 1  Memory Usage: 10kB
        ->  Nested Loop  (cost=0.43..83071.67 rows=246 width=8) (actual time=3.425..1168.312 rows=47 loops=1)
              ->  Seq Scan on movie_keyword mk  (cost=0.00..81003.12 rows=246 width=4) (actual time=3.360..1166.056 rows=47 loops=1)
                    Filter: (keyword_id = 65769)
                    Rows Removed by Filter: 4523883
              ->  Index Only Scan using title_pkey on title t  (cost=0.43..8.40 rows=1 width=4) (actual time=0.042..0.043 rows=1 loops=47)
                    Index Cond: (id = mk.movie_id)
                    Heap Fetches: 47
Planning time: 1.157 ms
Execution time: 15732.910 ms
