Seq Scan on movie_companies mc  (cost=0.00..57926.93 rows=53 width=0) (actual time=349.152..911.731 rows=3 loops=1)
  Filter: ((company_type_id > 1) AND (company_id = 6570))
  Rows Removed by Filter: 2609126
Planning time: 0.433 ms
Execution time: 911.825 ms
