Seq Scan on movie_companies mc  (cost=0.00..51404.11 rows=1279517 width=40) (actual time=0.016..661.996 rows=1274246 loops=1)
  Filter: (company_type_id < 2)
  Rows Removed by Filter: 1334883
Planning time: 0.526 ms
Execution time: 717.222 ms
