Seq Scan on title t  (cost=0.00..73925.90 rows=581270 width=94) (actual time=0.014..1289.297 rows=602533 loops=1)
  Filter: ((kind_id > 1) AND (production_year > 2007))
  Rows Removed by Filter: 1925779
Planning time: 2.087 ms
Execution time: 1321.523 ms
