Hash Join  (cost=102767.86..1075850.37 rows=10709499 width=0) (actual time=2000.378..24751.202 rows=10718556 loops=1)
  Hash Cond: (ci.movie_id = t.id)
  ->  Seq Scan on cast_info ci  (cost=0.00..705507.15 rows=10709499 width=4) (actual time=0.018..12853.180 rows=10718556 loops=1)
        Filter: (person_id > 2636354)
        Rows Removed by Filter: 25525788
  ->  Hash  (cost=61283.27..61283.27 rows=2528527 width=4) (actual time=1998.729..1998.729 rows=2528312 loops=1)
        Buckets: 131072  Batches: 64  Memory Usage: 2415kB
        ->  Seq Scan on title t  (cost=0.00..61283.27 rows=2528527 width=4) (actual time=0.010..1164.251 rows=2528312 loops=1)
Planning time: 0.782 ms
Execution time: 25996.341 ms
