Hash Join  (cost=128786.93..493772.09 rows=32923 width=0) (actual time=2657.891..10642.037 rows=127893 loops=1)
  Hash Cond: (mi.movie_id = t.id)
  ->  Seq Scan on movie_info mi  (cost=0.00..309384.22 rows=14739122 width=4) (actual time=0.025..4623.882 rows=14835720 loops=1)
  ->  Hash  (cost=128716.33..128716.33 rows=5648 width=8) (actual time=2657.555..2657.555 rows=12984 loops=1)
        Buckets: 16384 (originally 8192)  Batches: 1 (originally 1)  Memory Usage: 636kB
        ->  Hash Join  (cost=73994.33..128716.33 rows=5648 width=8) (actual time=1330.825..2651.801 rows=12984 loops=1)
              Hash Cond: (mc.movie_id = t.id)
              ->  Seq Scan on movie_companies mc  (cost=0.00..44881.29 rows=2609129 width=4) (actual time=0.021..694.715 rows=2609129 loops=1)
              ->  Hash  (cost=73925.90..73925.90 rows=5474 width=4) (actual time=1330.657..1330.657 rows=14797 loops=1)
                    Buckets: 16384 (originally 8192)  Batches: 1 (originally 1)  Memory Usage: 649kB
                    ->  Seq Scan on title t  (cost=0.00..73925.90 rows=5474 width=4) (actual time=0.037..1323.472 rows=14797 loops=1)
                          Filter: ((kind_id > 1) AND (production_year = 1986))
                          Rows Removed by Filter: 2513515
Planning time: 1.135 ms
Execution time: 10661.071 ms
