Seq Scan on movie_keyword mk  (cost=0.00..81003.12 rows=4101014 width=0) (actual time=0.020..1504.980 rows=4107159 loops=1)
  Filter: (keyword_id < 41765)
  Rows Removed by Filter: 416771
Planning time: 0.286 ms
Execution time: 2002.153 ms
