Seq Scan on cast_info ci  (cost=0.00..796071.18 rows=324 width=0) (actual time=3517.558..14209.596 rows=18 loops=1)
  Filter: ((role_id > 1) AND (person_id = 3438165))
  Rows Removed by Filter: 36244326
Planning time: 0.394 ms
Execution time: 14209.717 ms
