Seq Scan on cast_info ci  (cost=0.00..796071.18 rows=9386588 width=0) (actual time=1688.639..15289.298 rows=5965775 loops=1)
  Filter: ((person_id > 918581) AND (role_id = 1))
  Rows Removed by Filter: 30278569
Planning time: 0.414 ms
Execution time: 16021.251 ms
