Hash Join  (cost=96735.51..184125.09 rows=30764 width=0) (actual time=2212.585..3804.735 rows=28129 loops=1)
  Hash Cond: (mk.movie_id = t.id)
  ->  Seq Scan on movie_keyword mk  (cost=0.00..81003.12 rows=55951 width=4) (actual time=0.033..1294.578 rows=54826 loops=1)
        Filter: (keyword_id < 55)
        Rows Removed by Filter: 4469104
  ->  Hash  (cost=73925.90..73925.90 rows=1390288 width=4) (actual time=2208.985..2208.985 rows=1518592 loops=1)
        Buckets: 131072  Batches: 32  Memory Usage: 2709kB
        ->  Seq Scan on title t  (cost=0.00..73925.90 rows=1390288 width=4) (actual time=0.017..1448.049 rows=1518592 loops=1)
              Filter: ((kind_id > 1) AND (production_year > 1983))
              Rows Removed by Filter: 1009720
Planning time: 0.757 ms
Execution time: 3808.734 ms
