Seq Scan on cast_info ci  (cost=0.00..705507.15 rows=500 width=0) (actual time=6018.348..9178.375 rows=63 loops=1)
  Filter: (person_id = 3900225)
  Rows Removed by Filter: 36244281
Planning time: 3.140 ms
Execution time: 9178.484 ms
