Seq Scan on movie_keyword mk  (cost=0.00..81003.12 rows=2973641 width=0) (actual time=0.014..1523.197 rows=2959370 loops=1)
  Filter: (keyword_id < 10028)
  Rows Removed by Filter: 1564560
Planning time: 0.369 ms
Execution time: 1882.413 ms
