Hash Join  (cost=130355.94..1207500.71 rows=4219055 width=0) (actual time=2993.277..33476.999 rows=4490388 loops=1)
  Hash Cond: (ci.movie_id = t.id)
  ->  Seq Scan on cast_info ci  (cost=0.00..614943.12 rows=36225612 width=4) (actual time=0.031..12896.680 rows=36244344 loops=1)
  ->  Hash  (cost=125523.84..125523.84 rows=294488 width=8) (actual time=2989.999..2989.999 rows=157866 loops=1)
        Buckets: 131072  Batches: 4  Memory Usage: 2581kB
        ->  Hash Join  (cost=82778.48..125523.84 rows=294488 width=8) (actual time=1372.980..2945.288 rows=157866 loops=1)
              Hash Cond: (mi_idx.movie_id = t.id)
              ->  Seq Scan on movie_info_idx mi_idx  (cost=0.00..21735.35 rows=1380035 width=4) (actual time=0.016..485.870 rows=1380035 loops=1)
              ->  Hash  (cost=73925.90..73925.90 rows=539566 width=4) (actual time=1372.416..1372.416 rows=428248 loops=1)
                    Buckets: 131072  Batches: 8  Memory Usage: 2890kB
                    ->  Seq Scan on title t  (cost=0.00..73925.90 rows=539566 width=4) (actual time=0.016..1225.784 rows=428248 loops=1)
                          Filter: ((production_year < 1997) AND (kind_id = 7))
                          Rows Removed by Filter: 2100064
Planning time: 1.249 ms
Execution time: 33998.792 ms
