Seq Scan on movie_companies mc  (cost=0.00..57926.93 rows=772938 width=0) (actual time=0.018..1122.608 rows=1064837 loops=1)
  Filter: ((company_id < 15189) AND (company_type_id < 2))
  Rows Removed by Filter: 1544292
Planning time: 0.352 ms
Execution time: 1263.617 ms
