Seq Scan on movie_companies mc  (cost=0.00..51404.11 rows=2098620 width=0) (actual time=0.021..1022.777 rows=2097932 loops=1)
  Filter: (company_id > 466)
  Rows Removed by Filter: 511197
Planning time: 0.337 ms
Execution time: 1296.686 ms
