Hash Join  (cost=147539.05..271242.69 rows=139660 width=0) (actual time=3233.151..5348.006 rows=226220 loops=1)
  Hash Cond: (mk.movie_id = t.id)
  ->  Seq Scan on movie_keyword mk  (cost=0.00..69693.30 rows=4523930 width=4) (actual time=0.019..1338.511 rows=4523930 loops=1)
  ->  Hash  (cost=146258.32..146258.32 rows=78059 width=8) (actual time=2706.540..2706.540 rows=59020 loops=1)
        Buckets: 131072  Batches: 2  Memory Usage: 2185kB
        ->  Hash Join  (cost=79273.71..146258.32 rows=78059 width=8) (actual time=1767.755..2687.654 rows=59020 loops=1)
              Hash Cond: (mc.movie_id = t.id)
              ->  Seq Scan on movie_companies mc  (cost=0.00..57926.93 rows=605623 width=4) (actual time=0.016..987.600 rows=824205 loops=1)
                    Filter: ((company_id < 11141) AND (company_type_id < 2))
                    Rows Removed by Filter: 1784924
              ->  Hash  (cost=73925.90..73925.90 rows=325904 width=4) (actual time=1282.100..1282.100 rows=349534 loops=1)
                    Buckets: 131072  Batches: 8  Memory Usage: 2566kB
                    ->  Seq Scan on title t  (cost=0.00..73925.90 rows=325904 width=4) (actual time=231.009..1171.844 rows=349534 loops=1)
                          Filter: ((production_year > 2009) AND (kind_id = 7))
                          Rows Removed by Filter: 2178778
Planning time: 1.134 ms
Execution time: 5376.123 ms
