Seq Scan on movie_companies mc  (cost=0.00..57926.93 rows=1079632 width=0) (actual time=84.256..1136.848 rows=1203201 loops=1)
  Filter: ((company_id > 424) AND (company_type_id = 2))
  Rows Removed by Filter: 1405928
Planning time: 0.355 ms
Execution time: 1283.185 ms
