Seq Scan on movie_keyword mk  (cost=0.00..81003.12 rows=3160260 width=0) (actual time=0.026..1503.344 rows=3143191 loops=1)
  Filter: (keyword_id > 1828)
  Rows Removed by Filter: 1380739
Planning time: 0.358 ms
Execution time: 1883.637 ms
