Hash Join  (cost=320987.28..1309771.20 rows=8690170 width=0) (actual time=8566.956..23663.214 rows=4207809 loops=1)
  Hash Cond: (ci.movie_id = t.id)
  ->  Seq Scan on cast_info ci  (cost=0.00..796071.18 rows=6599365 width=4) (actual time=2155.515..14687.756 rows=2808297 loops=1)
        Filter: ((person_id < 2607455) AND (role_id > 4))
        Rows Removed by Filter: 33436047
  ->  Hash  (cost=266360.12..266360.12 rows=3329613 width=8) (actual time=6408.388..6408.388 rows=1637255 loops=1)
        Buckets: 131072  Batches: 64  Memory Usage: 2002kB
        ->  Hash Join  (cost=98137.04..266360.12 rows=3329613 width=8) (actual time=1995.457..5977.917 rows=1637255 loops=1)
              Hash Cond: (mk.movie_id = t.id)
              ->  Seq Scan on movie_keyword mk  (cost=0.00..69693.30 rows=4523930 width=4) (actual time=0.032..1427.896 rows=4523930 loops=1)
              ->  Hash  (cost=67604.59..67604.59 rows=1860996 width=4) (actual time=1994.275..1994.275 rows=1865487 loops=1)
                    Buckets: 131072  Batches: 32  Memory Usage: 3085kB
                    ->  Seq Scan on title t  (cost=0.00..67604.59 rows=1860996 width=4) (actual time=0.047..1394.516 rows=1865487 loops=1)
                          Filter: (kind_id > 1)
                          Rows Removed by Filter: 662825
Planning time: 1.229 ms
Execution time: 24134.665 ms
