Seq Scan on cast_info ci  (cost=0.00..705507.15 rows=6332590 width=0) (actual time=100.372..11693.894 rows=6235603 loops=1)
  Filter: (person_id < 600795)
  Rows Removed by Filter: 30008741
Planning time: 0.255 ms
Execution time: 12486.286 ms
