Hash Join  (cost=102767.86..1111793.02 rows=12203201 width=0) (actual time=2038.493..26441.385 rows=12113646 loops=1)
  Hash Cond: (ci.movie_id = t.id)
  ->  Seq Scan on cast_info ci  (cost=0.00..705507.15 rows=12203201 width=4) (actual time=0.027..14207.195 rows=12113646 loops=1)
        Filter: (role_id > 3)
        Rows Removed by Filter: 24130698
  ->  Hash  (cost=61283.27..61283.27 rows=2528527 width=4) (actual time=2037.200..2037.200 rows=2528312 loops=1)
        Buckets: 131072  Batches: 64  Memory Usage: 2415kB
        ->  Seq Scan on title t  (cost=0.00..61283.27 rows=2528527 width=4) (actual time=0.020..1190.484 rows=2528312 loops=1)
Planning time: 0.794 ms
Execution time: 27832.800 ms
