Hash Join  (cost=75240.46..113683.25 rows=43731 width=0) (actual time=1410.162..2544.885 rows=97602 loops=1)
  Hash Cond: (mi_idx.movie_id = t.id)
  ->  Seq Scan on movie_info_idx mi_idx  (cost=0.00..21735.35 rows=1380035 width=4) (actual time=0.010..440.138 rows=1380035 loops=1)
  ->  Hash  (cost=73925.90..73925.90 rows=80124 width=4) (actual time=1409.424..1409.424 rows=80744 loops=1)
        Buckets: 131072  Batches: 2  Memory Usage: 2446kB
        ->  Seq Scan on title t  (cost=0.00..73925.90 rows=80124 width=4) (actual time=86.347..1380.649 rows=80744 loops=1)
              Filter: ((production_year > 1977) AND (kind_id = 3))
              Rows Removed by Filter: 2447568
Planning time: 0.739 ms
Execution time: 2556.890 ms
