Seq Scan on movie_keyword mk  (cost=0.00..81003.12 rows=3632749 width=0) (actual time=0.032..1520.497 rows=3627342 loops=1)
  Filter: (keyword_id > 847)
  Rows Removed by Filter: 896588
Planning time: 0.295 ms
Execution time: 1958.145 ms
