Seq Scan on movie_keyword mk  (cost=0.00..81003.12 rows=246 width=0) (actual time=34.190..1302.450 rows=29 loops=1)
  Filter: (keyword_id = 36873)
  Rows Removed by Filter: 4523901
Planning time: 0.372 ms
Execution time: 1302.570 ms
