Nested Loop  (cost=0.43..83072.29 rows=14 width=0) (actual time=54.492..1379.104 rows=33 loops=1)
  ->  Seq Scan on movie_keyword mk  (cost=0.00..81003.12 rows=246 width=4) (actual time=2.787..1314.437 rows=2342 loops=1)
        Filter: (keyword_id = 43)
        Rows Removed by Filter: 4521588
  ->  Index Scan using title_pkey on title t  (cost=0.43..8.40 rows=1 width=4) (actual time=0.027..0.027 rows=0 loops=2342)
        Index Cond: (id = mk.movie_id)
        Filter: (production_year = 2010)
        Rows Removed by Filter: 1
Planning time: 0.754 ms
Execution time: 1379.250 ms
