Seq Scan on movie_keyword mk  (cost=0.00..81003.12 rows=3503519 width=0) (actual time=0.009..1595.041 rows=3499774 loops=1)
  Filter: (keyword_id > 1001)
  Rows Removed by Filter: 1024156
Planning time: 0.233 ms
Execution time: 2015.253 ms
