Hash Join  (cost=90757.62..576478.93 rows=3519130 width=0) (actual time=2534.354..13330.447 rows=1768231 loops=1)
  Hash Cond: (mi.movie_id = t.id)
  ->  Seq Scan on movie_info mi  (cost=0.00..346232.03 rows=8673596 width=4) (actual time=548.095..6712.572 rows=8786582 loops=1)
        Filter: (info_type_id < 13)
        Rows Removed by Filter: 6049138
  ->  Hash  (cost=73925.90..73925.90 rows=1025897 width=4) (actual time=1985.302..1985.302 rows=957256 loops=1)
        Buckets: 131072  Batches: 16  Memory Usage: 3137kB
        ->  Seq Scan on title t  (cost=0.00..73925.90 rows=1025897 width=4) (actual time=0.039..1381.594 rows=957256 loops=1)
              Filter: ((kind_id > 3) AND (production_year < 2007))
              Rows Removed by Filter: 1571056
Planning time: 0.793 ms
Execution time: 13532.872 ms
