Hash Join  (cost=527095.25..691678.15 rows=3030795 width=0) (actual time=10327.367..16213.187 rows=8465194 loops=1)
  Hash Cond: (mk.movie_id = t.id)
  ->  Seq Scan on movie_keyword mk  (cost=0.00..69693.30 rows=4523930 width=4) (actual time=0.016..1497.690 rows=4523930 loops=1)
  ->  Hash  (cost=499302.50..499302.50 rows=1693980 width=8) (actual time=10325.929..10325.929 rows=1817372 loops=1)
        Buckets: 131072  Batches: 32  Memory Usage: 3241kB
        ->  Hash Join  (cost=101489.21..499302.50 rows=1693980 width=8) (actual time=2997.867..9776.346 rows=1817372 loops=1)
              Hash Cond: (mi.movie_id = t.id)
              ->  Seq Scan on movie_info mi  (cost=0.00..346232.03 rows=2073893 width=4) (actual time=856.737..5610.628 rows=2091068 loops=1)
                    Filter: (info_type_id < 3)
                    Rows Removed by Filter: 12744652
              ->  Hash  (cost=67604.59..67604.59 rows=2065330 width=4) (actual time=2140.301..2140.301 rows=2064552 loops=1)
                    Buckets: 131072  Batches: 32  Memory Usage: 3298kB
                    ->  Seq Scan on title t  (cost=0.00..67604.59 rows=2065330 width=4) (actual time=0.027..1445.351 rows=2064552 loops=1)
                          Filter: (production_year < 2011)
                          Rows Removed by Filter: 463760
Planning time: 1.162 ms
Execution time: 17131.769 ms
