Seq Scan on movie_keyword mk  (cost=0.00..81003.12 rows=3014875 width=0) (actual time=0.020..1426.474 rows=3001532 loops=1)
  Filter: (keyword_id > 2205)
  Rows Removed by Filter: 1522398
Planning time: 0.324 ms
Execution time: 1786.387 ms
