Hash Join  (cost=210378.24..760257.71 rows=6567254 width=0) (actual time=4906.722..28990.897 rows=46366747 loops=1)
  Hash Cond: (mi.movie_id = t.id)
  ->  Seq Scan on movie_info mi  (cost=0.00..309384.22 rows=14739122 width=4) (actual time=0.018..6235.003 rows=14835720 loops=1)
  ->  Hash  (cost=191894.42..191894.42 rows=1126626 width=8) (actual time=4905.861..4905.861 rows=1206606 loops=1)
        Buckets: 131072  Batches: 16  Memory Usage: 4040kB
        ->  Hash Join  (cost=104131.46..191894.42 rows=1126626 width=8) (actual time=2553.196..4572.504 rows=1206606 loops=1)
              Hash Cond: (mc.movie_id = t.id)
              ->  Seq Scan on movie_companies mc  (cost=0.00..51404.11 rows=1279517 width=4) (actual time=427.349..1071.874 rows=1274246 loops=1)
                    Filter: (company_type_id = 1)
                    Rows Removed by Filter: 1334883
              ->  Hash  (cost=67604.59..67604.59 rows=2226390 width=4) (actual time=2125.024..2125.024 rows=2224569 loops=1)
                    Buckets: 131072  Batches: 32  Memory Usage: 3463kB
                    ->  Seq Scan on title t  (cost=0.00..67604.59 rows=2226390 width=4) (actual time=0.024..1401.240 rows=2224569 loops=1)
                          Filter: (production_year < 2012)
                          Rows Removed by Filter: 303743
Planning time: 2.011 ms
Execution time: 34084.333 ms
