Hash Join  (cost=443751.51..1243477.59 rows=365496 width=0) (actual time=7955.809..26967.845 rows=3485163 loops=1)
  Hash Cond: (ci.movie_id = t.id)
  ->  Seq Scan on cast_info ci  (cost=0.00..614943.12 rows=36225612 width=4) (actual time=0.013..8649.399 rows=36244344 loops=1)
  ->  Hash  (cost=443432.62..443432.62 rows=25511 width=8) (actual time=7955.205..7955.205 rows=49247 loops=1)
        Buckets: 65536 (originally 32768)  Batches: 1 (originally 1)  Memory Usage: 2436kB
        ->  Hash Join  (cost=74058.02..443432.62 rows=25511 width=8) (actual time=1105.769..7936.077 rows=49247 loops=1)
              Hash Cond: (mi.movie_id = t.id)
              ->  Seq Scan on movie_info mi  (cost=0.00..346232.03 rows=6103325 width=4) (actual time=0.024..5765.734 rows=6083429 loops=1)
                    Filter: (info_type_id > 9)
                    Rows Removed by Filter: 8752291
              ->  Hash  (cost=73925.90..73925.90 rows=10569 width=4) (actual time=1105.246..1105.246 rows=10528 loops=1)
                    Buckets: 16384  Batches: 1  Memory Usage: 499kB
                    ->  Seq Scan on title t  (cost=0.00..73925.90 rows=10569 width=4) (actual time=0.286..1100.322 rows=10528 loops=1)
                          Filter: ((kind_id < 7) AND (production_year = 1993))
                          Rows Removed by Filter: 2517784
Planning time: 1.205 ms
Execution time: 27392.464 ms
