Hash Join  (cost=83074.74..109986.57 rows=134 width=0) (actual time=1328.240..1921.749 rows=821 loops=1)
  Hash Cond: (mi_idx.movie_id = t.id)
  ->  Seq Scan on movie_info_idx mi_idx  (cost=0.00..21735.35 rows=1380035 width=4) (actual time=0.019..344.818 rows=1380035 loops=1)
  ->  Hash  (cost=83071.67..83071.67 rows=246 width=8) (actual time=1328.172..1328.172 rows=315 loops=1)
        Buckets: 1024  Batches: 1  Memory Usage: 21kB
        ->  Nested Loop  (cost=0.43..83071.67 rows=246 width=8) (actual time=4.896..1327.788 rows=315 loops=1)
              ->  Seq Scan on movie_keyword mk  (cost=0.00..81003.12 rows=246 width=4) (actual time=4.811..1306.625 rows=315 loops=1)
                    Filter: (keyword_id = 8733)
                    Rows Removed by Filter: 4523615
              ->  Index Only Scan using title_pkey on title t  (cost=0.43..8.40 rows=1 width=4) (actual time=0.064..0.064 rows=1 loops=315)
                    Index Cond: (id = mk.movie_id)
                    Heap Fetches: 315
Planning time: 1.103 ms
Execution time: 1922.025 ms
