Hash Join  (cost=73960.37..453512.44 rows=9660 width=0) (actual time=1169.681..8568.330 rows=28596 loops=1)
  Hash Cond: (mi.movie_id = t.id)
  ->  Seq Scan on movie_info mi  (cost=0.00..346232.03 rows=8859586 width=4) (actual time=98.859..6077.595 rows=8966694 loops=1)
        Filter: (info_type_id < 15)
        Rows Removed by Filter: 5869026
  ->  Hash  (cost=73925.90..73925.90 rows=2757 width=4) (actual time=1000.223..1000.223 rows=4737 loops=1)
        Buckets: 8192 (originally 4096)  Batches: 1 (originally 1)  Memory Usage: 231kB
        ->  Seq Scan on title t  (cost=0.00..73925.90 rows=2757 width=4) (actual time=219.366..997.881 rows=4737 loops=1)
              Filter: ((kind_id = 4) AND (production_year = 2002))
              Rows Removed by Filter: 2523575
Planning time: 0.797 ms
Execution time: 8573.741 ms
