Hash Join  (cost=286449.95..793530.11 rows=6320272 width=0) (actual time=6507.122..36146.665 rows=87655598 loops=1)
  Hash Cond: (mi.movie_id = t.id)
  ->  Seq Scan on movie_info mi  (cost=0.00..346232.03 rows=6231111 width=4) (actual time=0.019..6636.385 rows=6223494 loops=1)
        Filter: (info_type_id > 8)
        Rows Removed by Filter: 8612226
  ->  Hash  (cost=244372.11..244372.11 rows=2564707 width=8) (actual time=6501.526..6501.526 rows=2079172 loops=1)
        Buckets: 131072  Batches: 64  Memory Usage: 2384kB
        ->  Hash Join  (cost=91123.00..244372.11 rows=2564707 width=8) (actual time=1663.261..5879.723 rows=2079172 loops=1)
              Hash Cond: (mk.movie_id = t.id)
              ->  Seq Scan on movie_keyword mk  (cost=0.00..69693.30 rows=4523930 width=4) (actual time=0.017..1430.914 rows=4523930 loops=1)
              ->  Hash  (cost=67604.59..67604.59 rows=1433473 width=4) (actual time=1662.198..1662.198 rows=1434466 loops=1)
                    Buckets: 131072  Batches: 32  Memory Usage: 2608kB
                    ->  Seq Scan on title t  (cost=0.00..67604.59 rows=1433473 width=4) (actual time=0.022..1174.234 rows=1434466 loops=1)
                          Filter: (production_year > 1999)
                          Rows Removed by Filter: 1093846
Planning time: 1.150 ms
Execution time: 45894.884 ms
