Hash Join  (cost=142559.75..275162.46 rows=870067 width=0) (actual time=2936.933..6397.446 rows=1069437 loops=1)
  Hash Cond: (mk.movie_id = t.id)
  ->  Seq Scan on movie_keyword mk  (cost=0.00..69693.30 rows=4523930 width=4) (actual time=0.018..1441.072 rows=4523930 loops=1)
  ->  Hash  (cost=134581.00..134581.00 rows=486300 width=8) (actual time=2935.883..2935.883 rows=314388 loops=1)
        Buckets: 131072  Batches: 8  Memory Usage: 2575kB
        ->  Hash Join  (cost=88544.52..134581.00 rows=486300 width=8) (actual time=1590.715..2839.501 rows=314388 loops=1)
              Hash Cond: (mi_idx.movie_id = t.id)
              ->  Seq Scan on movie_info_idx mi_idx  (cost=0.00..21735.35 rows=1380035 width=4) (actual time=0.021..421.987 rows=1380035 loops=1)
              ->  Hash  (cost=73925.90..73925.90 rows=891009 width=4) (actual time=1589.758..1589.758 rows=800991 loops=1)
                    Buckets: 131072  Batches: 16  Memory Usage: 2786kB
                    ->  Seq Scan on title t  (cost=0.00..73925.90 rows=891009 width=4) (actual time=0.014..1335.342 rows=800991 loops=1)
                          Filter: ((kind_id > 3) AND (production_year < 2005))
                          Rows Removed by Filter: 1727321
Planning time: 2.075 ms
Execution time: 6514.763 ms
