Hash Join  (cost=152936.86..638086.19 rows=500740 width=0) (actual time=3098.008..13749.362 rows=641563 loops=1)
  Hash Cond: (mi.movie_id = t.id)
  ->  Seq Scan on movie_info mi  (cost=0.00..309384.22 rows=14739122 width=4) (actual time=0.012..5557.150 rows=14835720 loops=1)
  ->  Hash  (cost=151527.07..151527.07 rows=85903 width=8) (actual time=3096.874..3096.874 rows=60796 loops=1)
        Buckets: 131072  Batches: 2  Memory Usage: 2224kB
        ->  Hash Join  (cost=75292.52..151527.07 rows=85903 width=8) (actual time=1264.240..3072.585 rows=60796 loops=1)
              Hash Cond: (mc.movie_id = t.id)
              ->  Seq Scan on movie_companies mc  (cost=0.00..44881.29 rows=2609129 width=4) (actual time=0.014..881.359 rows=2609129 loops=1)
              ->  Hash  (cost=73925.90..73925.90 rows=83249 width=4) (actual time=1263.476..1263.476 rows=101793 loops=1)
                    Buckets: 131072  Batches: 2  Memory Usage: 2803kB
                    ->  Seq Scan on title t  (cost=0.00..73925.90 rows=83249 width=4) (actual time=0.032..1226.111 rows=101793 loops=1)
                          Filter: ((kind_id > 1) AND (production_year = 2007))
                          Rows Removed by Filter: 2426519
Planning time: 1.205 ms
Execution time: 13829.405 ms
