Seq Scan on cast_info ci  (cost=0.00..796071.18 rows=324 width=0) (actual time=2278.828..13793.667 rows=273 loops=1)
  Filter: ((role_id > 1) AND (person_id = 2545546))
  Rows Removed by Filter: 36244071
Planning time: 0.395 ms
Execution time: 13793.845 ms
