Nested Loop  (cost=44377.22..142640.33 rows=2006 width=0) (actual time=1893.783..2656.028 rows=852 loops=1)
  ->  Hash Join  (cost=44376.79..132053.82 rows=17931 width=8) (actual time=925.466..2438.681 rows=15564 loops=1)
        Hash Cond: (mk.movie_id = mi_idx.movie_id)
        ->  Seq Scan on movie_keyword mk  (cost=0.00..81003.12 rows=6032 width=4) (actual time=0.036..1254.345 rows=6303 loops=1)
              Filter: (keyword_id = 135)
              Rows Removed by Filter: 4517627
        ->  Hash  (cost=21735.35..21735.35 rows=1380035 width=4) (actual time=924.751..924.751 rows=1380035 loops=1)
              Buckets: 131072  Batches: 32  Memory Usage: 2556kB
              ->  Seq Scan on movie_info_idx mi_idx  (cost=0.00..21735.35 rows=1380035 width=4) (actual time=0.024..473.251 rows=1380035 loops=1)
  ->  Index Scan using title_pkey on title t  (cost=0.43..0.58 rows=1 width=4) (actual time=0.014..0.014 rows=0 loops=15564)
        Index Cond: (id = mi_idx.movie_id)
        Filter: (kind_id = 7)
        Rows Removed by Filter: 1
Planning time: 1.197 ms
Execution time: 2656.357 ms
