Seq Scan on cast_info ci  (cost=0.00..796071.18 rows=4007029 width=0) (actual time=229.060..12055.719 rows=2458755 loops=1)
  Filter: ((person_id < 869281) AND (role_id > 2))
  Rows Removed by Filter: 33785589
Planning time: 2.428 ms
Execution time: 12376.650 ms
