Nested Loop  (cost=0.43..83071.67 rows=246 width=0) (actual time=123.946..1365.408 rows=21 loops=1)
  ->  Seq Scan on movie_keyword mk  (cost=0.00..81003.12 rows=246 width=4) (actual time=123.851..1364.286 rows=21 loops=1)
        Filter: (keyword_id = 15571)
        Rows Removed by Filter: 4523909
  ->  Index Only Scan using title_pkey on title t  (cost=0.43..8.40 rows=1 width=4) (actual time=0.046..0.047 rows=1 loops=21)
        Index Cond: (id = mk.movie_id)
        Heap Fetches: 21
Planning time: 0.562 ms
Execution time: 1365.481 ms
