Seq Scan on movie_companies mc  (cost=0.00..57926.93 rows=3839 width=0) (actual time=0.122..781.466 rows=3978 loops=1)
  Filter: ((company_id = 302) AND (company_type_id = 1))
  Rows Removed by Filter: 2605151
Planning time: 0.376 ms
Execution time: 782.338 ms
