Seq Scan on cast_info ci  (cost=0.00..705507.15 rows=2587995 width=0) (actual time=7888.177..10528.239 rows=2630809 loops=1)
  Filter: (person_id > 3553596)
  Rows Removed by Filter: 33613535
Planning time: 0.345 ms
Execution time: 10849.180 ms
