Hash Join  (cost=83072.93..833869.55 rows=745 width=0) (actual time=1341.147..16168.705 rows=2302 loops=1)
  Hash Cond: (ci.movie_id = t.id)
  ->  Seq Scan on cast_info ci  (cost=0.00..614943.12 rows=36225612 width=4) (actual time=0.017..8532.082 rows=36244344 loops=1)
  ->  Hash  (cost=83072.29..83072.29 rows=52 width=8) (actual time=1340.300..1340.300 rows=55 loops=1)
        Buckets: 1024  Batches: 1  Memory Usage: 11kB
        ->  Nested Loop  (cost=0.43..83072.29 rows=52 width=8) (actual time=16.457..1340.208 rows=55 loops=1)
              ->  Seq Scan on movie_keyword mk  (cost=0.00..81003.12 rows=246 width=4) (actual time=1.602..1295.038 rows=970 loops=1)
                    Filter: (keyword_id = 2218)
                    Rows Removed by Filter: 4522960
              ->  Index Scan using title_pkey on title t  (cost=0.43..8.40 rows=1 width=4) (actual time=0.045..0.045 rows=0 loops=970)
                    Index Cond: (id = mk.movie_id)
                    Filter: (production_year > 2009)
                    Rows Removed by Filter: 1
Planning time: 1.212 ms
Execution time: 16170.142 ms
