Seq Scan on title t  (cost=0.00..67604.59 rows=126932 width=0) (actual time=0.020..751.865 rows=122861 loops=1)
  Filter: (production_year = 2008)
  Rows Removed by Filter: 2405451
Planning time: 0.275 ms
Execution time: 767.672 ms
