Hash Join  (cost=67697.55..161964.22 rows=10322 width=0) (actual time=1005.963..3127.482 rows=4248 loops=1)
  Hash Cond: (mk.movie_id = t.id)
  ->  Seq Scan on movie_keyword mk  (cost=0.00..81003.12 rows=3509419 width=4) (actual time=0.021..1570.516 rows=3502468 loops=1)
        Filter: (keyword_id < 17608)
        Rows Removed by Filter: 1021462
  ->  Hash  (cost=67604.59..67604.59 rows=7437 width=4) (actual time=1005.717..1005.717 rows=7670 loops=1)
        Buckets: 8192  Batches: 1  Memory Usage: 334kB
        ->  Seq Scan on title t  (cost=0.00..67604.59 rows=7437 width=4) (actual time=499.026..1002.541 rows=7670 loops=1)
              Filter: (production_year = 1915)
              Rows Removed by Filter: 2520642
Planning time: 1.078 ms
Execution time: 3128.261 ms
