Hash Join  (cost=167618.55..206705.86 rows=81283 width=0) (actual time=2998.399..3959.767 rows=125970 loops=1)
  Hash Cond: (mi_idx.movie_id = t.id)
  ->  Seq Scan on movie_info_idx mi_idx  (cost=0.00..21735.35 rows=1380035 width=4) (actual time=0.015..473.146 rows=1380035 loops=1)
  ->  Hash  (cost=165174.95..165174.95 rows=148928 width=8) (actual time=2997.545..2997.545 rows=99615 loops=1)
        Buckets: 131072  Batches: 2  Memory Usage: 2976kB
        ->  Hash Join  (cost=97151.21..165174.95 rows=148928 width=8) (actual time=2011.525..2963.547 rows=99615 loops=1)
              Hash Cond: (mc.movie_id = t.id)
              ->  Seq Scan on movie_companies mc  (cost=0.00..57926.93 rows=266009 width=4) (actual time=113.523..786.397 rows=140360 loops=1)
                    Filter: ((company_id < 480) AND (company_type_id = 2))
                    Rows Removed by Filter: 2468769
              ->  Hash  (cost=73925.90..73925.90 rows=1415624 width=4) (actual time=1896.785..1896.785 rows=1398720 loops=1)
                    Buckets: 131072  Batches: 32  Memory Usage: 2560kB
                    ->  Seq Scan on title t  (cost=0.00..73925.90 rows=1415624 width=4) (actual time=0.022..1422.624 rows=1398720 loops=1)
                          Filter: ((kind_id > 1) AND (production_year < 2010))
                          Rows Removed by Filter: 1129592
Planning time: 0.925 ms
Execution time: 3976.032 ms
