Seq Scan on cast_info ci  (cost=0.00..796071.18 rows=168 width=0) (actual time=3155.655..13875.399 rows=23 loops=1)
  Filter: ((role_id > 3) AND (person_id = 2801846))
  Rows Removed by Filter: 36244321
Planning time: 0.391 ms
Execution time: 13875.538 ms
