Seq Scan on cast_info ci  (cost=0.00..796071.18 rows=3969934 width=0) (actual time=1800.647..11933.081 rows=8083316 loops=1)
  Filter: ((person_id < 1101431) AND (role_id < 2))
  Rows Removed by Filter: 28161028
Planning time: 0.356 ms
Execution time: 12923.200 ms
