Hash Join  (cost=920717.97..1053056.85 rows=848384 width=0) (actual time=15038.245..18267.023 rows=281611 loops=1)
  Hash Cond: (mk.movie_id = t.id)
  ->  Seq Scan on movie_keyword mk  (cost=0.00..69693.30 rows=4523930 width=4) (actual time=0.022..1367.580 rows=4523930 loops=1)
  ->  Hash  (cost=912937.71..912937.71 rows=474181 width=8) (actual time=15037.363..15037.363 rows=190292 loops=1)
        Buckets: 131072  Batches: 8  Memory Usage: 1952kB
        ->  Hash Join  (cost=81987.19..912937.71 rows=474181 width=8) (actual time=3388.780..14171.345 rows=190292 loops=1)
              Hash Cond: (ci.movie_id = t.id)
              ->  Seq Scan on cast_info ci  (cost=0.00..796071.18 rows=2440408 width=4) (actual time=1954.372..11942.397 rows=1451686 loops=1)
                    Filter: ((person_id < 695084) AND (role_id > 3))
                    Rows Removed by Filter: 34792658
              ->  Hash  (cost=73925.90..73925.90 rows=491303 width=4) (actual time=1433.359..1433.359 rows=352208 loops=1)
                    Buckets: 131072  Batches: 8  Memory Usage: 2561kB
                    ->  Seq Scan on title t  (cost=0.00..73925.90 rows=491303 width=4) (actual time=0.029..1317.272 rows=352208 loops=1)
                          Filter: ((kind_id > 1) AND (production_year < 1989))
                          Rows Removed by Filter: 2176104
Planning time: 5.982 ms
Execution time: 18302.306 ms
