Hash Join  (cost=67697.55..156677.72 rows=6208 width=0) (actual time=1107.015..2896.816 rows=13788 loops=1)
  Hash Cond: (mk.movie_id = t.id)
  ->  Seq Scan on movie_keyword mk  (cost=0.00..81003.12 rows=2110658 width=4) (actual time=0.025..1433.750 rows=2109837 loops=1)
        Filter: (keyword_id > 5673)
        Rows Removed by Filter: 2414093
  ->  Hash  (cost=67604.59..67604.59 rows=7437 width=4) (actual time=1106.348..1106.348 rows=15000 loops=1)
        Buckets: 16384 (originally 8192)  Batches: 1 (originally 1)  Memory Usage: 656kB
        ->  Seq Scan on title t  (cost=0.00..67604.59 rows=7437 width=4) (actual time=0.017..1098.809 rows=15000 loops=1)
              Filter: (production_year = 1970)
              Rows Removed by Filter: 2513312
Planning time: 0.691 ms
Execution time: 2899.029 ms
