Hash Join  (cost=80246.23..468135.43 rows=467445 width=0) (actual time=3491.450..7074.421 rows=253752 loops=1)
  Hash Cond: (mi.movie_id = t.id)
  ->  Seq Scan on movie_info mi  (cost=0.00..346232.03 rows=3068194 width=4) (actual time=2171.382..4418.782 rows=3036719 loops=1)
        Filter: (info_type_id = 16)
        Rows Removed by Filter: 11799001
  ->  Hash  (cost=73925.90..73925.90 rows=385226 width=4) (actual time=1318.848..1318.848 rows=249532 loops=1)
        Buckets: 131072  Batches: 8  Memory Usage: 2119kB
        ->  Seq Scan on title t  (cost=0.00..73925.90 rows=385226 width=4) (actual time=0.033..1233.127 rows=249532 loops=1)
              Filter: ((kind_id > 1) AND (production_year < 1981))
              Rows Removed by Filter: 2278780
Planning time: 0.587 ms
Execution time: 7108.439 ms
