Hash Join  (cost=98137.04..925759.04 rows=885869 width=0) (actual time=4254.039..16735.886 rows=2687760 loops=1)
  Hash Cond: (ci.movie_id = t.id)
  ->  Seq Scan on cast_info ci  (cost=0.00..796071.18 rows=1203626 width=4) (actual time=2396.874..11829.190 rows=3576642 loops=1)
        Filter: ((person_id > 3413582) AND (role_id > 3))
        Rows Removed by Filter: 32667702
  ->  Hash  (cost=67604.59..67604.59 rows=1860996 width=4) (actual time=1855.865..1855.865 rows=1865487 loops=1)
        Buckets: 131072  Batches: 32  Memory Usage: 3079kB
        ->  Seq Scan on title t  (cost=0.00..67604.59 rows=1860996 width=4) (actual time=0.027..1257.505 rows=1865487 loops=1)
              Filter: (kind_id > 1)
              Rows Removed by Filter: 662825
Planning time: 0.848 ms
Execution time: 17064.291 ms
