Hash Join  (cost=147352.38..1199201.88 rows=1756734 width=0) (actual time=3228.037..29760.458 rows=2888336 loops=1)
  Hash Cond: (ci.movie_id = t.id)
  ->  Seq Scan on cast_info ci  (cost=0.00..614943.12 rows=36225612 width=4) (actual time=0.008..12829.733 rows=36244344 loops=1)
  ->  Hash  (cost=145340.64..145340.64 rows=122619 width=8) (actual time=3227.117..3227.117 rows=83506 loops=1)
        Buckets: 131072  Batches: 2  Memory Usage: 2660kB
        ->  Hash Join  (cost=70308.29..145340.64 rows=122619 width=8) (actual time=1296.401..3197.791 rows=83506 loops=1)
              Hash Cond: (mc.movie_id = t.id)
              ->  Seq Scan on movie_companies mc  (cost=0.00..51404.11 rows=1881613 width=4) (actual time=0.005..1098.084 rows=1889682 loops=1)
                    Filter: (company_id > 1401)
                    Rows Removed by Filter: 719447
              ->  Hash  (cost=67604.59..67604.59 rows=164776 width=4) (actual time=1295.692..1295.692 rows=164307 loops=1)
                    Buckets: 131072  Batches: 4  Memory Usage: 2482kB
                    ->  Seq Scan on title t  (cost=0.00..67604.59 rows=164776 width=4) (actual time=0.018..1238.666 rows=164307 loops=1)
                          Filter: (production_year = 2012)
                          Rows Removed by Filter: 2364005
Planning time: 0.877 ms
Execution time: 30116.277 ms
