Seq Scan on title t  (cost=0.00..73925.90 rows=1963 width=0) (actual time=0.262..1023.039 rows=4939 loops=1)
  Filter: ((kind_id = 1) AND (production_year = 1989))
  Rows Removed by Filter: 2523373
Planning time: 0.372 ms
Execution time: 1024.133 ms
