Hash Join  (cost=954014.76..1353678.96 rows=1358145 width=0) (actual time=17118.714..26312.951 rows=5003120 loops=1)
  Hash Cond: (mi.movie_id = t.id)
  ->  Seq Scan on movie_info mi  (cost=0.00..346232.03 rows=3068194 width=4) (actual time=0.019..5954.939 rows=3036719 loops=1)
        Filter: (info_type_id = 16)
        Rows Removed by Filter: 11799001
  ->  Hash  (cost=935651.01..935651.01 rows=1119260 width=8) (actual time=17117.549..17117.549 rows=2214737 loops=1)
        Buckets: 131072 (originally 131072)  Batches: 32 (originally 16)  Memory Usage: 3744kB
        ->  Hash Join  (cost=102767.86..935651.01 rows=1119260 width=8) (actual time=12070.926..16490.190 rows=2214737 loops=1)
              Hash Cond: (ci.movie_id = t.id)
              ->  Seq Scan on cast_info ci  (cost=0.00..796071.18 rows=1119260 width=4) (actual time=10033.277..11974.264 rows=2214737 loops=1)
                    Filter: ((person_id < 298747) AND (role_id < 2))
                    Rows Removed by Filter: 34029607
              ->  Hash  (cost=61283.27..61283.27 rows=2528527 width=4) (actual time=2036.441..2036.441 rows=2528312 loops=1)
                    Buckets: 131072  Batches: 64  Memory Usage: 2415kB
                    ->  Seq Scan on title t  (cost=0.00..61283.27 rows=2528527 width=4) (actual time=0.019..1151.531 rows=2528312 loops=1)
Planning time: 1.258 ms
Execution time: 26872.523 ms
