Seq Scan on cast_info ci  (cost=0.00..796071.18 rows=495 width=0) (actual time=7437.037..15606.800 rows=1879 loops=1)
  Filter: ((role_id < 11) AND (person_id = 552359))
  Rows Removed by Filter: 36242465
Planning time: 0.430 ms
Execution time: 15607.173 ms
