Seq Scan on cast_info ci  (cost=0.00..705507.15 rows=500 width=0) (actual time=595.125..11069.569 rows=754 loops=1)
  Filter: (person_id = 4964)
  Rows Removed by Filter: 36243590
Planning time: 0.467 ms
Execution time: 11069.771 ms
