Hash Join  (cost=102767.86..175518.80 rows=205539 width=0) (actual time=1976.959..3564.112 rows=321106 loops=1)
  Hash Cond: (mc.movie_id = t.id)
  ->  Seq Scan on movie_companies mc  (cost=0.00..57926.93 rows=205539 width=4) (actual time=18.531..969.670 rows=321106 loops=1)
        Filter: ((company_id < 293) AND (company_type_id < 2))
        Rows Removed by Filter: 2288023
  ->  Hash  (cost=61283.27..61283.27 rows=2528527 width=4) (actual time=1957.088..1957.088 rows=2528312 loops=1)
        Buckets: 131072  Batches: 64  Memory Usage: 2415kB
        ->  Seq Scan on title t  (cost=0.00..61283.27 rows=2528527 width=4) (actual time=0.008..1127.821 rows=2528312 loops=1)
Planning time: 0.746 ms
Execution time: 3602.729 ms
