Hash Join  (cost=74181.07..166557.33 rows=23968 width=0) (actual time=1081.098..3039.164 rows=60941 loops=1)
  Hash Cond: (mk.movie_id = t.id)
  ->  Seq Scan on movie_keyword mk  (cost=0.00..81003.12 rows=2968922 width=4) (actual time=0.020..1469.797 rows=2963371 loops=1)
        Filter: (keyword_id > 2337)
        Rows Removed by Filter: 1560559
  ->  Hash  (cost=73925.90..73925.90 rows=20413 width=4) (actual time=1080.716..1080.716 rows=17357 loops=1)
        Buckets: 32768  Batches: 1  Memory Usage: 867kB
        ->  Seq Scan on title t  (cost=0.00..73925.90 rows=20413 width=4) (actual time=0.043..1073.161 rows=17357 loops=1)
              Filter: ((kind_id < 7) AND (production_year = 2000))
              Rows Removed by Filter: 2510955
Planning time: 0.766 ms
Execution time: 3047.483 ms
