Seq Scan on title t  (cost=0.00..73925.90 rows=456636 width=0) (actual time=133.521..1288.944 rows=330279 loops=1)
  Filter: ((production_year > 1991) AND (kind_id = 1))
  Rows Removed by Filter: 2198033
Planning time: 0.418 ms
Execution time: 1328.777 ms
