Seq Scan on cast_info ci  (cost=0.00..796071.18 rows=11150178 width=0) (actual time=3661.069..15650.858 rows=9524823 loops=1)
  Filter: ((person_id > 420810) AND (role_id < 2))
  Rows Removed by Filter: 26719521
Planning time: 0.377 ms
Execution time: 16799.834 ms
