Seq Scan on movie_keyword mk  (cost=0.00..81003.12 rows=1846748 width=0) (actual time=0.022..1518.640 rows=1858954 loops=1)
  Filter: (keyword_id < 3103)
  Rows Removed by Filter: 2664976
Planning time: 4.692 ms
Execution time: 1757.855 ms
