Seq Scan on cast_info ci  (cost=0.00..705507.15 rows=500 width=0) (actual time=1885.040..10874.404 rows=9 loops=1)
  Filter: (person_id = 559615)
  Rows Removed by Filter: 36244335
Planning time: 0.396 ms
Execution time: 10874.506 ms
