Hash Join  (cost=75867.62..509609.04 rows=338514 width=0) (actual time=1191.739..10127.194 rows=118857 loops=1)
  Hash Cond: (mi.movie_id = t.id)
  ->  Seq Scan on movie_info mi  (cost=0.00..346232.03 rows=7235534 width=4) (actual time=0.025..6034.446 rows=7286865 loops=1)
        Filter: (info_type_id < 8)
        Rows Removed by Filter: 7548855
  ->  Hash  (cost=73925.90..73925.90 rows=118297 width=4) (actual time=1190.916..1190.916 rows=122606 loops=1)
        Buckets: 131072  Batches: 2  Memory Usage: 3185kB
        ->  Seq Scan on title t  (cost=0.00..73925.90 rows=118297 width=4) (actual time=0.008..1144.273 rows=122606 loops=1)
              Filter: ((kind_id > 1) AND (production_year = 2011))
              Rows Removed by Filter: 2405706
Planning time: 0.808 ms
Execution time: 10144.292 ms
