Seq Scan on cast_info ci  (cost=0.00..705507.15 rows=24667057 width=0) (actual time=0.026..13479.567 rows=24660801 loops=1)
  Filter: (person_id < 2537254)
  Rows Removed by Filter: 11583543
Planning time: 0.344 ms
Execution time: 16583.827 ms
