Seq Scan on movie_keyword mk  (cost=0.00..81003.12 rows=246 width=0) (actual time=0.206..1429.916 rows=1181 loops=1)
  Filter: (keyword_id = 995)
  Rows Removed by Filter: 4522749
Planning time: 0.351 ms
Execution time: 1430.411 ms
