Hash Join  (cost=190230.21..285211.68 rows=1224502 width=0) (actual time=4441.883..7706.062 rows=3554144 loops=1)
  Hash Cond: (mc.movie_id = t.id)
  ->  Seq Scan on movie_companies mc  (cost=0.00..51404.11 rows=2243556 width=4) (actual time=0.024..1281.633 rows=2243847 loops=1)
        Filter: (company_id > 189)
        Rows Removed by Filter: 365282
  ->  Hash  (cost=167588.78..167588.78 rows=1380035 width=8) (actual time=4440.874..4440.874 rows=1380035 loops=1)
        Buckets: 131072  Batches: 32  Memory Usage: 2708kB
        ->  Hash Join  (cost=102767.86..167588.78 rows=1380035 width=8) (actual time=2153.274..4058.259 rows=1380035 loops=1)
              Hash Cond: (mi_idx.movie_id = t.id)
              ->  Seq Scan on movie_info_idx mi_idx  (cost=0.00..21735.35 rows=1380035 width=4) (actual time=0.015..475.105 rows=1380035 loops=1)
              ->  Hash  (cost=61283.27..61283.27 rows=2528527 width=4) (actual time=2151.474..2151.474 rows=2528312 loops=1)
                    Buckets: 131072  Batches: 64  Memory Usage: 2415kB
                    ->  Seq Scan on title t  (cost=0.00..61283.27 rows=2528527 width=4) (actual time=0.011..1083.341 rows=2528312 loops=1)
Planning time: 1.955 ms
Execution time: 8061.018 ms
