Hash Join  (cost=67697.55..865839.71 rows=1612 width=0) (actual time=2610.325..13246.354 rows=2033 loops=1)
  Hash Cond: (ci.movie_id = t.id)
  ->  Seq Scan on cast_info ci  (cost=0.00..796071.18 rows=547963 width=4) (actual time=1944.428..12412.427 rows=834197 loops=1)
        Filter: ((person_id > 2555928) AND (role_id = 8))
        Rows Removed by Filter: 35410147
  ->  Hash  (cost=67604.59..67604.59 rows=7437 width=4) (actual time=665.112..665.112 rows=6834 loops=1)
        Buckets: 8192  Batches: 1  Memory Usage: 305kB
        ->  Seq Scan on title t  (cost=0.00..67604.59 rows=7437 width=4) (actual time=0.049..662.413 rows=6834 loops=1)
              Filter: (production_year = 1953)
              Rows Removed by Filter: 2521478
Planning time: 0.796 ms
Execution time: 13246.931 ms
