Hash Join  (cost=1251523.79..2329359.23 rows=43960319 width=0) (actual time=21886.217..52351.486 rows=57534658 loops=1)
  Hash Cond: (mi.movie_id = t.id)
  ->  Seq Scan on movie_info mi  (cost=0.00..309384.22 rows=14739122 width=4) (actual time=0.019..6760.024 rows=14835720 loops=1)
  ->  Hash  (cost=1127796.24..1127796.24 rows=7541484 width=8) (actual time=21883.727..21883.727 rows=3673792 loops=1)
        Buckets: 131072  Batches: 128  Memory Usage: 2221kB
        ->  Hash Join  (cost=93117.31..1127796.24 rows=7541484 width=8) (actual time=1763.492..20299.328 rows=3673792 loops=1)
              Hash Cond: (ci.movie_id = t.id)
              ->  Seq Scan on cast_info ci  (cost=0.00..796071.18 rows=12262782 width=4) (actual time=0.098..13927.469 rows=6132464 loops=1)
                    Filter: ((person_id < 1873869) AND (role_id > 1))
                    Rows Removed by Filter: 30111880
              ->  Hash  (cost=67604.59..67604.59 rows=1555018 width=4) (actual time=1761.327..1761.327 rows=1551727 loops=1)
                    Buckets: 131072  Batches: 32  Memory Usage: 2728kB
                    ->  Seq Scan on title t  (cost=0.00..67604.59 rows=1555018 width=4) (actual time=0.013..1253.921 rows=1551727 loops=1)
                          Filter: (production_year < 2007)
                          Rows Removed by Filter: 976585
Planning time: 1.317 ms
Execution time: 58680.511 ms
