Seq Scan on movie_keyword mk  (cost=0.00..81003.12 rows=246 width=0) (actual time=0.174..1263.880 rows=419 loops=1)
  Filter: (keyword_id = 1109)
  Rows Removed by Filter: 4523511
Planning time: 0.237 ms
Execution time: 1264.139 ms
