Hash Join  (cost=93721.77..167108.01 rows=313869 width=0) (actual time=1983.588..3688.237 rows=227442 loops=1)
  Hash Cond: (mc.movie_id = t.id)
  ->  Seq Scan on movie_companies mc  (cost=0.00..57926.93 rows=657765 width=4) (actual time=0.020..1032.875 rows=895455 loops=1)
        Filter: ((company_id < 11393) AND (company_type_id = 1))
        Rows Removed by Filter: 1713674
  ->  Hash  (cost=73925.90..73925.90 rows=1206549 width=4) (actual time=1982.152..1982.152 rows=1293155 loops=1)
        Buckets: 131072  Batches: 16  Memory Usage: 3876kB
        ->  Seq Scan on title t  (cost=0.00..73925.90 rows=1206549 width=4) (actual time=296.329..1570.992 rows=1293155 loops=1)
              Filter: ((production_year > 1977) AND (kind_id = 7))
              Rows Removed by Filter: 1235157
Planning time: 0.718 ms
Execution time: 3714.431 ms
