Hash Join  (cost=1018504.83..3301555.98 rows=95384318 width=0) (actual time=28854.363..92071.011 rows=152498113 loops=1)
  Hash Cond: (ci.movie_id = t.id)
  ->  Seq Scan on cast_info ci  (cost=0.00..796071.18 rows=16363378 width=4) (actual time=3269.867..16855.978 rows=12576976 loops=1)
        Filter: ((person_id < 2604792) AND (role_id > 1))
        Rows Removed by Filter: 23667368
  ->  Hash  (cost=776690.81..776690.81 rows=14739122 width=8) (actual time=25583.242..25583.242 rows=14835720 loops=1)
        Buckets: 131072  Batches: 256  Memory Usage: 3268kB
        ->  Hash Join  (cost=102767.86..776690.81 rows=14739122 width=8) (actual time=2046.281..21330.919 rows=14835720 loops=1)
              Hash Cond: (mi.movie_id = t.id)
              ->  Seq Scan on movie_info mi  (cost=0.00..309384.22 rows=14739122 width=4) (actual time=0.021..6395.465 rows=14835720 loops=1)
              ->  Hash  (cost=61283.27..61283.27 rows=2528527 width=4) (actual time=2045.005..2045.005 rows=2528312 loops=1)
                    Buckets: 131072  Batches: 64  Memory Usage: 2425kB
                    ->  Seq Scan on title t  (cost=0.00..61283.27 rows=2528527 width=4) (actual time=0.016..1188.343 rows=2528312 loops=1)
Planning time: 1.140 ms
Execution time: 108594.484 ms
