Seq Scan on movie_keyword mk  (cost=0.00..81003.12 rows=361571 width=0) (actual time=0.029..1354.545 rows=358840 loops=1)
  Filter: (keyword_id > 46548)
  Rows Removed by Filter: 4165090
Planning time: 0.276 ms
Execution time: 1400.838 ms
