Hash Join  (cost=198286.93..1248952.55 rows=1641446 width=0) (actual time=4100.931..32313.593 rows=6448785 loops=1)
  Hash Cond: (ci.movie_id = t.id)
  ->  Seq Scan on cast_info ci  (cost=0.00..614943.12 rows=36225612 width=4) (actual time=0.025..13121.998 rows=36244344 loops=1)
  ->  Hash  (cost=196406.78..196406.78 rows=114572 width=8) (actual time=4100.145..4100.145 rows=113632 loops=1)
        Buckets: 131072  Batches: 2  Memory Usage: 3246kB
        ->  Hash Join  (cost=102767.86..196406.78 rows=114572 width=8) (actual time=2372.733..4066.556 rows=113632 loops=1)
              Hash Cond: (mk.movie_id = t.id)
              ->  Seq Scan on movie_keyword mk  (cost=0.00..81003.12 rows=114572 width=4) (actual time=182.420..1399.045 rows=113632 loops=1)
                    Filter: (keyword_id > 79411)
                    Rows Removed by Filter: 4410298
              ->  Hash  (cost=61283.27..61283.27 rows=2528527 width=4) (actual time=2186.725..2186.725 rows=2528312 loops=1)
                    Buckets: 131072  Batches: 64  Memory Usage: 2425kB
                    ->  Seq Scan on title t  (cost=0.00..61283.27 rows=2528527 width=4) (actual time=0.015..1060.820 rows=2528312 loops=1)
Planning time: 1.099 ms
Execution time: 33086.315 ms
