Seq Scan on cast_info ci  (cost=0.00..796071.18 rows=224 width=0) (actual time=8483.278..13380.667 rows=11 loops=1)
  Filter: ((role_id > 2) AND (person_id = 509854))
  Rows Removed by Filter: 36244333
Planning time: 0.398 ms
Execution time: 13380.833 ms
