Seq Scan on cast_info ci  (cost=0.00..796071.18 rows=168 width=0) (actual time=12556.485..12830.314 rows=10 loops=1)
  Filter: ((role_id > 3) AND (person_id = 2927391))
  Rows Removed by Filter: 36244334
Planning time: 0.658 ms
Execution time: 12830.435 ms
