Hash Join  (cost=83810.17..221525.42 rows=1334663 width=0) (actual time=1481.221..5449.801 rows=2899968 loops=1)
  Hash Cond: (mk.movie_id = t.id)
  ->  Seq Scan on movie_keyword mk  (cost=0.00..81003.12 rows=3416663 width=4) (actual time=0.016..1724.352 rows=3407926 loops=1)
        Filter: (keyword_id > 1163)
        Rows Removed by Filter: 1116004
  ->  Hash  (cost=67604.59..67604.59 rows=987727 width=4) (actual time=1480.387..1480.387 rows=985048 loops=1)
        Buckets: 131072  Batches: 16  Memory Usage: 3197kB
        ->  Seq Scan on title t  (cost=0.00..67604.59 rows=987727 width=4) (actual time=0.018..1160.102 rows=985048 loops=1)
              Filter: (kind_id < 7)
              Rows Removed by Filter: 1543264
Planning time: 3.097 ms
Execution time: 5756.333 ms
