Nested Loop  (cost=0.43..28266.72 rows=20 width=0) (actual time=354.183..407.564 rows=13 loops=1)
  ->  Seq Scan on movie_info_idx mi_idx  (cost=0.00..25185.44 rows=368 width=4) (actual time=352.453..401.518 rows=260 loops=1)
        Filter: (info_type_id > 101)
        Rows Removed by Filter: 1379775
  ->  Index Scan using title_pkey on title t  (cost=0.43..8.36 rows=1 width=4) (actual time=0.023..0.023 rows=0 loops=260)
        Index Cond: (id = mi_idx.movie_id)
        Filter: (production_year < 1940)
        Rows Removed by Filter: 1
Planning time: 0.746 ms
Execution time: 407.668 ms
