Hash Join  (cost=71408.55..188293.41 rows=256973 width=0) (actual time=1075.907..3640.602 rows=87865 loops=1)
  Hash Cond: (mk.movie_id = t.id)
  ->  Seq Scan on movie_keyword mk  (cost=0.00..81003.12 rows=2802669 width=4) (actual time=0.030..1485.227 rows=2791006 loops=1)
        Filter: (keyword_id < 8164)
        Rows Removed by Filter: 1732924
  ->  Hash  (cost=67604.59..67604.59 rows=231837 width=4) (actual time=1073.553..1073.553 rows=231649 loops=1)
        Buckets: 131072  Batches: 4  Memory Usage: 3082kB
        ->  Seq Scan on title t  (cost=0.00..67604.59 rows=231837 width=4) (actual time=0.018..994.874 rows=231649 loops=1)
              Filter: (production_year > 2011)
              Rows Removed by Filter: 2296663
Planning time: 0.744 ms
Execution time: 3651.596 ms
