Hash Join  (cost=192481.02..1365195.64 rows=13522446 width=0) (actual time=4706.956..53238.847 rows=57038654 loops=1)
  Hash Cond: (ci.movie_id = t.id)
  ->  Seq Scan on cast_info ci  (cost=0.00..614943.12 rows=36225612 width=4) (actual time=0.028..13035.312 rows=36244344 loops=1)
  ->  Hash  (cost=176995.78..176995.78 rows=943859 width=8) (actual time=4705.641..4705.641 rows=1644673 loops=1)
        Buckets: 131072 (originally 131072)  Batches: 32 (originally 16)  Memory Usage: 3073kB
        ->  Hash Join  (cost=88933.67..176995.78 rows=943859 width=8) (actual time=1527.586..4255.946 rows=1644673 loops=1)
              Hash Cond: (mc.movie_id = t.id)
              ->  Seq Scan on movie_companies mc  (cost=0.00..44881.29 rows=2609129 width=4) (actual time=0.028..912.174 rows=2609129 loops=1)
              ->  Hash  (cost=73925.90..73925.90 rows=914701 width=4) (actual time=1524.975..1524.975 rows=854849 loops=1)
                    Buckets: 131072  Batches: 16  Memory Usage: 2904kB
                    ->  Seq Scan on title t  (cost=0.00..73925.90 rows=914701 width=4) (actual time=0.028..1257.609 rows=854849 loops=1)
                          Filter: ((kind_id < 7) AND (production_year > 1932))
                          Rows Removed by Filter: 1673463
Planning time: 1.075 ms
Execution time: 59555.333 ms
