Hash Join  (cost=133197.77..577579.80 rows=1006455 width=0) (actual time=2906.047..13275.918 rows=915936 loops=1)
  Hash Cond: (mi.movie_id = t.id)
  ->  Seq Scan on movie_info mi  (cost=0.00..346232.03 rows=7503588 width=4) (actual time=3.651..6557.592 rows=7548855 loops=1)
        Filter: (info_type_id > 7)
        Rows Removed by Filter: 7286865
  ->  Hash  (cost=127633.38..127633.38 rows=339151 width=8) (actual time=2892.807..2892.807 rows=160365 loops=1)
        Buckets: 131072  Batches: 8  Memory Usage: 1807kB
        ->  Hash Join  (cost=84121.39..127633.38 rows=339151 width=8) (actual time=1601.652..2841.784 rows=160365 loops=1)
              Hash Cond: (mi_idx.movie_id = t.id)
              ->  Seq Scan on movie_info_idx mi_idx  (cost=0.00..21735.35 rows=1380035 width=4) (actual time=0.023..497.119 rows=1380035 loops=1)
              ->  Hash  (cost=73925.90..73925.90 rows=621399 width=4) (actual time=1586.654..1586.654 rows=680061 loops=1)
                    Buckets: 131072  Batches: 16  Memory Usage: 2524kB
                    ->  Seq Scan on title t  (cost=0.00..73925.90 rows=621399 width=4) (actual time=0.112..1368.176 rows=680061 loops=1)
                          Filter: ((kind_id > 4) AND (production_year > 2005))
                          Rows Removed by Filter: 1848251
Planning time: 0.948 ms
Execution time: 13388.698 ms
