Seq Scan on cast_info ci  (cost=0.00..796071.18 rows=168 width=0) (actual time=7854.523..13536.922 rows=8 loops=1)
  Filter: ((role_id > 3) AND (person_id = 3853044))
  Rows Removed by Filter: 36244336
Planning time: 0.295 ms
Execution time: 13537.047 ms
