Hash Join  (cost=141873.90..507070.71 rows=239300 width=0) (actual time=3498.734..9835.355 rows=945495 loops=1)
  Hash Cond: (mi.movie_id = t.id)
  ->  Seq Scan on movie_info mi  (cost=0.00..346232.03 rows=1272478 width=4) (actual time=286.406..5416.637 rows=1325361 loops=1)
        Filter: (info_type_id = 8)
        Rows Removed by Filter: 13510359
  ->  Hash  (cost=134072.01..134072.01 rows=475511 width=8) (actual time=3211.480..3211.480 rows=837650 loops=1)
        Buckets: 131072 (originally 131072)  Batches: 16 (originally 8)  Memory Usage: 3092kB
        ->  Hash Join  (cost=88220.42..134072.01 rows=475511 width=8) (actual time=1544.482..2950.071 rows=837650 loops=1)
              Hash Cond: (mi_idx.movie_id = t.id)
              ->  Seq Scan on movie_info_idx mi_idx  (cost=0.00..21735.35 rows=1380035 width=4) (actual time=0.021..403.285 rows=1380035 loops=1)
              ->  Hash  (cost=73925.90..73925.90 rows=871241 width=4) (actual time=1543.551..1543.551 rows=786640 loops=1)
                    Buckets: 131072  Batches: 16  Memory Usage: 2754kB
                    ->  Seq Scan on title t  (cost=0.00..73925.90 rows=871241 width=4) (actual time=0.016..1298.996 rows=786640 loops=1)
                          Filter: ((kind_id < 7) AND (production_year > 1958))
                          Rows Removed by Filter: 1741672
Planning time: 1.134 ms
Execution time: 9930.769 ms
