Seq Scan on movie_keyword mk  (cost=0.00..81003.12 rows=1944701 width=0) (actual time=0.024..1341.261 rows=1956391 loops=1)
  Filter: (keyword_id < 3404)
  Rows Removed by Filter: 2567539
Planning time: 0.335 ms
Execution time: 1582.474 ms
