Hash Join  (cost=74452.28..902140.54 rows=134443 width=0) (actual time=10939.925..15422.596 rows=47203 loops=1)
  Hash Cond: (ci.movie_id = t.id)
  ->  Seq Scan on cast_info ci  (cost=0.00..796071.18 rows=8072707 width=4) (actual time=9818.279..13549.764 rows=3119301 loops=1)
        Filter: ((person_id > 1303580) AND (role_id = 1))
        Rows Removed by Filter: 33125043
  ->  Hash  (cost=73925.90..73925.90 rows=42110 width=4) (actual time=1121.197..1121.197 rows=33905 loops=1)
        Buckets: 65536  Batches: 1  Memory Usage: 1704kB
        ->  Seq Scan on title t  (cost=0.00..73925.90 rows=42110 width=4) (actual time=0.274..1106.642 rows=33905 loops=1)
              Filter: ((kind_id < 7) AND (production_year = 2006))
              Rows Removed by Filter: 2494407
Planning time: 2.409 ms
Execution time: 15430.035 ms
