Seq Scan on movie_keyword mk  (cost=0.00..81003.12 rows=246 width=0) (actual time=0.692..1178.760 rows=1892 loops=1)
  Filter: (keyword_id = 944)
  Rows Removed by Filter: 4522038
Planning time: 0.442 ms
Execution time: 1179.423 ms
