Seq Scan on movie_keyword mk  (cost=0.00..81003.12 rows=1934917 width=0) (actual time=0.026..1326.958 rows=1944343 loops=1)
  Filter: (keyword_id > 6714)
  Rows Removed by Filter: 2579587
Planning time: 0.343 ms
Execution time: 1570.558 ms
