Hash Join  (cost=75628.47..137571.17 rows=12363 width=0) (actual time=1965.647..2283.193 rows=1877 loops=1)
  Hash Cond: (mc.movie_id = t.id)
  ->  Seq Scan on movie_companies mc  (cost=0.00..57926.93 rows=301370 width=4) (actual time=434.123..863.965 rows=162531 loops=1)
        Filter: ((company_id < 677) AND (company_type_id = 2))
        Rows Removed by Filter: 2446598
  ->  Hash  (cost=73925.90..73925.90 rows=103725 width=4) (actual time=965.640..965.640 rows=98992 loops=1)
        Buckets: 131072  Batches: 2  Memory Usage: 2760kB
        ->  Seq Scan on title t  (cost=0.00..73925.90 rows=103725 width=4) (actual time=18.158..921.413 rows=98992 loops=1)
              Filter: ((production_year > 2010) AND (kind_id = 1))
              Rows Removed by Filter: 2429320
Planning time: 0.811 ms
Execution time: 2283.628 ms
