Seq Scan on movie_keyword mk  (cost=0.00..81003.12 rows=246 width=0) (actual time=3.594..1269.454 rows=259 loops=1)
  Filter: (keyword_id = 864)
  Rows Removed by Filter: 4523671
Planning time: 0.335 ms
Execution time: 1269.707 ms
