Hash Join  (cost=439635.86..1193237.95 rows=281295 width=0) (actual time=7420.959..28300.658 rows=5425528 loops=1)
  Hash Cond: (ci.movie_id = t.id)
  ->  Seq Scan on cast_info ci  (cost=0.00..614943.12 rows=36225612 width=4) (actual time=0.024..8886.322 rows=36244344 loops=1)
  ->  Hash  (cost=439390.44..439390.44 rows=19634 width=8) (actual time=7420.731..7420.731 rows=50001 loops=1)
        Buckets: 65536 (originally 32768)  Batches: 1 (originally 1)  Memory Usage: 2466kB
        ->  Hash Join  (cost=88787.54..439390.44 rows=19634 width=8) (actual time=6535.940..7405.899 rows=50001 loops=1)
              Hash Cond: (mi.movie_id = t.id)
              ->  Seq Scan on movie_info mi  (cost=0.00..346232.03 rows=54808 width=4) (actual time=4800.001..5283.723 rows=50267 loops=1)
                    Filter: (info_type_id > 107)
                    Rows Removed by Filter: 14785453
              ->  Hash  (cost=73925.90..73925.90 rows=905811 width=4) (actual time=1691.849..1691.849 rows=834479 loops=1)
                    Buckets: 131072  Batches: 16  Memory Usage: 2868kB
                    ->  Seq Scan on title t  (cost=0.00..73925.90 rows=905811 width=4) (actual time=0.037..1423.801 rows=834479 loops=1)
                          Filter: ((kind_id < 7) AND (production_year > 1940))
                          Rows Removed by Filter: 1693833
Planning time: 1.180 ms
Execution time: 28988.190 ms
