Hash Join  (cost=75915.84..493638.92 rows=282847 width=0) (actual time=4045.316..9885.781 rows=87077 loops=1)
  Hash Cond: (mi.movie_id = t.id)
  ->  Seq Scan on movie_info mi  (cost=0.00..346232.03 rows=5897221 width=4) (actual time=2707.562..6277.586 rows=5884963 loops=1)
        Filter: (info_type_id < 7)
        Rows Removed by Filter: 8950757
  ->  Hash  (cost=73925.90..73925.90 rows=121275 width=4) (actual time=1335.228..1335.228 rows=124747 loops=1)
        Buckets: 131072  Batches: 2  Memory Usage: 3225kB
        ->  Seq Scan on title t  (cost=0.00..73925.90 rows=121275 width=4) (actual time=0.025..1279.186 rows=124747 loops=1)
              Filter: ((kind_id > 1) AND (production_year = 2012))
              Rows Removed by Filter: 2403565
Planning time: 0.785 ms
Execution time: 9899.022 ms
