Nested Loop  (cost=0.43..83071.67 rows=246 width=0) (actual time=43.412..1296.114 rows=12 loops=1)
  ->  Seq Scan on movie_keyword mk  (cost=0.00..81003.12 rows=246 width=4) (actual time=43.302..1295.460 rows=12 loops=1)
        Filter: (keyword_id = 28324)
        Rows Removed by Filter: 4523918
  ->  Index Only Scan using title_pkey on title t  (cost=0.43..8.40 rows=1 width=4) (actual time=0.046..0.047 rows=1 loops=12)
        Index Cond: (id = mk.movie_id)
        Heap Fetches: 12
Planning time: 7.361 ms
Execution time: 1296.213 ms
