Hash Join  (cost=592186.63..2065880.04 rows=29597415 width=0) (actual time=13359.682..58699.070 rows=53938617 loops=1)
  Hash Cond: (ci.movie_id = t.id)
  ->  Seq Scan on cast_info ci  (cost=0.00..614943.12 rows=36225612 width=4) (actual time=0.016..12841.162 rows=36244344 loops=1)
  ->  Hash  (cost=558293.09..558293.09 rows=2065883 width=8) (actual time=13358.340..13358.340 rows=1458111 loops=1)
        Buckets: 131072  Batches: 32  Memory Usage: 2751kB
        ->  Hash Join  (cost=76379.89..558293.09 rows=2065883 width=8) (actual time=1449.966..12939.223 rows=1458111 loops=1)
              Hash Cond: (mi.movie_id = t.id)
              ->  Seq Scan on movie_info mi  (cost=0.00..346232.03 rows=9767026 width=4) (actual time=167.717..6700.424 rows=9911754 loops=1)
                    Filter: (info_type_id > 4)
                    Rows Removed by Filter: 4923966
              ->  Hash  (cost=67604.59..67604.59 rows=534824 width=4) (actual time=1281.443..1281.443 rows=533369 loops=1)
                    Buckets: 131072  Batches: 8  Memory Usage: 3376kB
                    ->  Seq Scan on title t  (cost=0.00..67604.59 rows=534824 width=4) (actual time=0.024..1103.081 rows=533369 loops=1)
                          Filter: (production_year > 2009)
                          Rows Removed by Filter: 1994943
Planning time: 1.166 ms
Execution time: 64765.114 ms
