Hash Join  (cost=92752.03..160559.26 rows=378475 width=144) (actual time=2197.090..3915.619 rows=612556 loops=1)
  Hash Cond: (mi_idx.movie_id = t.id)
  ->  Seq Scan on movie_info_idx mi_idx  (cost=0.00..21735.35 rows=1380035 width=50) (actual time=0.021..475.145 rows=1380035 loops=1)
  ->  Hash  (cost=73925.90..73925.90 rows=693450 width=94) (actual time=2196.156..2196.156 rows=595167 loops=1)
        Buckets: 32768  Batches: 32  Memory Usage: 2320kB
        ->  Seq Scan on title t  (cost=0.00..73925.90 rows=693450 width=94) (actual time=0.017..1944.897 rows=595167 loops=1)
              Filter: ((kind_id < 7) AND (production_year > 1989))
              Rows Removed by Filter: 1933145
Planning time: 1.995 ms
Execution time: 3952.392 ms
