Hash Join  (cost=505750.53..637972.30 rows=1324885 width=0) (actual time=9705.135..20924.961 rows=35654633 loops=1)
  Hash Cond: (mk.movie_id = t.id)
  ->  Seq Scan on movie_keyword mk  (cost=0.00..81003.12 rows=2892478 width=4) (actual time=0.024..1725.346 rows=2880908 loops=1)
        Filter: (keyword_id < 8990)
        Rows Removed by Filter: 1643022
  ->  Hash  (cost=486748.29..486748.29 rows=1158179 width=8) (actual time=9704.046..9704.046 rows=1204709 loops=1)
        Buckets: 131072  Batches: 16  Memory Usage: 3952kB
        ->  Hash Join  (cost=102767.86..486748.29 rows=1158179 width=8) (actual time=2122.789..9352.165 rows=1204709 loops=1)
              Hash Cond: (mi.movie_id = t.id)
              ->  Seq Scan on movie_info mi  (cost=0.00..346232.03 rows=1158179 width=4) (actual time=0.107..5578.522 rows=1204709 loops=1)
                    Filter: (info_type_id > 18)
                    Rows Removed by Filter: 13631011
              ->  Hash  (cost=61283.27..61283.27 rows=2528527 width=4) (actual time=2116.577..2116.577 rows=2528312 loops=1)
                    Buckets: 131072  Batches: 64  Memory Usage: 2425kB
                    ->  Seq Scan on title t  (cost=0.00..61283.27 rows=2528527 width=4) (actual time=0.013..1260.705 rows=2528312 loops=1)
Planning time: 1.245 ms
Execution time: 25047.601 ms
