Seq Scan on movie_keyword mk  (cost=0.00..81003.12 rows=1858171 width=0) (actual time=0.021..1468.048 rows=1864936 loops=1)
  Filter: (keyword_id < 3152)
  Rows Removed by Filter: 2658994
Planning time: 0.322 ms
Execution time: 1702.366 ms
