Hash Join  (cost=130849.36..253711.90 rows=486578 width=0) (actual time=2854.353..6370.034 rows=3026191 loops=1)
  Hash Cond: (mk.movie_id = t.id)
  ->  Seq Scan on movie_keyword mk  (cost=0.00..81003.12 rows=3063638 width=4) (actual time=0.020..1691.022 rows=3043470 loops=1)
        Filter: (keyword_id > 2109)
        Rows Removed by Filter: 1480460
  ->  Hash  (cost=124260.48..124260.48 rows=401590 width=8) (actual time=2847.998..2847.998 rows=486395 loops=1)
        Buckets: 131072  Batches: 8  Memory Usage: 3415kB
        ->  Hash Join  (cost=79677.10..124260.48 rows=401590 width=8) (actual time=1396.862..2701.135 rows=486395 loops=1)
              Hash Cond: (mi_idx.movie_id = t.id)
              ->  Seq Scan on movie_info_idx mi_idx  (cost=0.00..21735.35 rows=1380035 width=4) (actual time=0.009..437.842 rows=1380035 loops=1)
              ->  Hash  (cost=67604.59..67604.59 rows=735801 width=4) (actual time=1395.461..1395.461 rows=730985 loops=1)
                    Buckets: 131072  Batches: 16  Memory Usage: 2631kB
                    ->  Seq Scan on title t  (cost=0.00..67604.59 rows=735801 width=4) (actual time=0.026..1161.503 rows=730985 loops=1)
                          Filter: (production_year < 1992)
                          Rows Removed by Filter: 1797327
Planning time: 1.132 ms
Execution time: 6662.544 ms
