Hash Join  (cost=115571.60..213840.80 rows=112663 width=0) (actual time=2146.070..4360.525 rows=69564 loops=1)
  Hash Cond: (mk.movie_id = t.id)
  ->  Seq Scan on movie_keyword mk  (cost=0.00..81003.12 rows=4303851 width=4) (actual time=0.025..1572.764 rows=4289311 loops=1)
        Filter: (keyword_id > 186)
        Rows Removed by Filter: 234619
  ->  Hash  (cost=114744.22..114744.22 rows=66190 width=8) (actual time=2143.181..2143.181 rows=32265 loops=1)
        Buckets: 131072  Batches: 1  Memory Usage: 2285kB
        ->  Hash Join  (cost=75915.84..114744.22 rows=66190 width=8) (actual time=1281.774..2132.707 rows=32265 loops=1)
              Hash Cond: (mi_idx.movie_id = t.id)
              ->  Seq Scan on movie_info_idx mi_idx  (cost=0.00..21735.35 rows=1380035 width=4) (actual time=0.021..406.176 rows=1380035 loops=1)
              ->  Hash  (cost=73925.90..73925.90 rows=121275 width=4) (actual time=1281.026..1281.026 rows=124747 loops=1)
                    Buckets: 131072  Batches: 2  Memory Usage: 3219kB
                    ->  Seq Scan on title t  (cost=0.00..73925.90 rows=121275 width=4) (actual time=1.470..1235.976 rows=124747 loops=1)
                          Filter: ((kind_id > 1) AND (production_year = 2012))
                          Rows Removed by Filter: 2403565
Planning time: 1.308 ms
Execution time: 4369.869 ms
