Hash Join  (cost=101464.41..188369.92 rows=24748 width=0) (actual time=1621.507..3487.461 rows=243086 loops=1)
  Hash Cond: (mk.movie_id = t.id)
  ->  Seq Scan on movie_keyword mk  (cost=0.00..69693.30 rows=4523930 width=4) (actual time=0.012..959.975 rows=4523930 loops=1)
  ->  Hash  (cost=101291.51..101291.51 rows=13832 width=8) (actual time=1621.212..1621.212 rows=21510 loops=1)
        Buckets: 32768 (originally 16384)  Batches: 1 (originally 1)  Memory Usage: 1097kB
        ->  Hash Join  (cost=74242.71..101291.51 rows=13832 width=8) (actual time=1135.553..1612.985 rows=21510 loops=1)
              Hash Cond: (mi_idx.movie_id = t.id)
              ->  Seq Scan on movie_info_idx mi_idx  (cost=0.00..21735.35 rows=1380035 width=4) (actual time=0.014..309.041 rows=1380035 loops=1)
              ->  Hash  (cost=73925.90..73925.90 rows=25344 width=4) (actual time=997.833..997.833 rows=15457 loops=1)
                    Buckets: 32768  Batches: 1  Memory Usage: 800kB
                    ->  Seq Scan on title t  (cost=0.00..73925.90 rows=25344 width=4) (actual time=475.984..991.308 rows=15457 loops=1)
                          Filter: ((kind_id = 1) AND (production_year = 2005))
                          Rows Removed by Filter: 2512855
Planning time: 1.114 ms
Execution time: 3518.460 ms
