Hash Join  (cost=725961.92..2865307.29 rows=85579815 width=0) (actual time=19592.316..104310.332 rows=203271772 loops=1)
  Hash Cond: (ci.movie_id = t.id)
  ->  Seq Scan on cast_info ci  (cost=0.00..614943.12 rows=36225612 width=4) (actual time=0.020..13883.876 rows=36244344 loops=1)
  ->  Hash  (cost=627960.15..627960.15 rows=5973422 width=8) (actual time=19589.970..19589.970 rows=7490057 loops=1)
        Buckets: 131072  Batches: 128  Memory Usage: 3281kB
        ->  Hash Join  (cost=84417.00..627960.15 rows=5973422 width=8) (actual time=1599.412..17224.230 rows=7490057 loops=1)
              Hash Cond: (mi.movie_id = t.id)
              ->  Seq Scan on movie_info mi  (cost=0.00..309384.22 rows=14739122 width=4) (actual time=0.020..5914.111 rows=14835720 loops=1)
              ->  Hash  (cost=67604.59..67604.59 rows=1024753 width=4) (actual time=1598.630..1598.630 rows=1021752 loops=1)
                    Buckets: 131072  Batches: 16  Memory Usage: 3282kB
                    ->  Seq Scan on title t  (cost=0.00..67604.59 rows=1024753 width=4) (actual time=0.029..1248.870 rows=1021752 loops=1)
                          Filter: (production_year < 2000)
                          Rows Removed by Filter: 1506560
Planning time: 1.302 ms
Execution time: 125658.294 ms
