Hash Join  (cost=73929.23..128597.49 rows=274 width=0) (actual time=949.563..2164.762 rows=1265 loops=1)
  Hash Cond: (mc.movie_id = t.id)
  ->  Seq Scan on movie_companies mc  (cost=0.00..44881.29 rows=2609129 width=4) (actual time=0.023..717.802 rows=2609129 loops=1)
  ->  Hash  (cost=73925.90..73925.90 rows=266 width=4) (actual time=949.286..949.286 rows=660 loops=1)
        Buckets: 1024  Batches: 1  Memory Usage: 32kB
        ->  Seq Scan on title t  (cost=0.00..73925.90 rows=266 width=4) (actual time=0.028..948.800 rows=660 loops=1)
              Filter: ((kind_id = 2) AND (production_year = 1975))
              Rows Removed by Filter: 2527652
Planning time: 0.787 ms
Execution time: 2165.129 ms
