Hash Join  (cost=73982.55..128694.84 rows=4676 width=0) (actual time=1335.023..2569.463 rows=1847 loops=1)
  Hash Cond: (mc.movie_id = t.id)
  ->  Seq Scan on movie_companies mc  (cost=0.00..44881.29 rows=2609129 width=4) (actual time=0.025..738.898 rows=2609129 loops=1)
  ->  Hash  (cost=73925.90..73925.90 rows=4532 width=4) (actual time=1334.161..1334.161 rows=2043 loops=1)
        Buckets: 8192  Batches: 1  Memory Usage: 136kB
        ->  Seq Scan on title t  (cost=0.00..73925.90 rows=4532 width=4) (actual time=0.205..1332.957 rows=2043 loops=1)
              Filter: ((kind_id = 7) AND (production_year = 1950))
              Rows Removed by Filter: 2526269
Planning time: 1.821 ms
Execution time: 2569.816 ms
