Seq Scan on cast_info ci  (cost=0.00..796071.18 rows=128947 width=0) (actual time=5775.514..11057.296 rows=146 loops=1)
  Filter: ((person_id < 58465) AND (role_id = 2))
  Rows Removed by Filter: 36244198
Planning time: 0.408 ms
Execution time: 11057.464 ms
