Seq Scan on movie_keyword mk  (cost=0.00..81003.12 rows=3788979 width=0) (actual time=0.009..1564.983 rows=3786796 loops=1)
  Filter: (keyword_id > 660)
  Rows Removed by Filter: 737134
Planning time: 0.301 ms
Execution time: 2019.579 ms
