Hash Join  (cost=129693.91..508902.71 rows=107173 width=0) (actual time=4923.253..10131.221 rows=35474 loops=1)
  Hash Cond: (mi.movie_id = t.id)
  ->  Seq Scan on movie_info mi  (cost=0.00..346232.03 rows=8508011 width=4) (actual time=2284.426..6000.503 rows=8612226 loops=1)
        Filter: (info_type_id < 9)
        Rows Removed by Filter: 6223494
  ->  Hash  (cost=129295.78..129295.78 rows=31851 width=8) (actual time=2631.644..2631.644 rows=9940 loops=1)
        Buckets: 32768  Batches: 1  Memory Usage: 645kB
        ->  Hash Join  (cost=74311.74..129295.78 rows=31851 width=8) (actual time=1264.115..2627.842 rows=9940 loops=1)
              Hash Cond: (mc.movie_id = t.id)
              ->  Seq Scan on movie_companies mc  (cost=0.00..44881.29 rows=2609129 width=4) (actual time=0.023..700.470 rows=2609129 loops=1)
              ->  Hash  (cost=73925.90..73925.90 rows=30867 width=4) (actual time=1262.773..1262.773 rows=34773 loops=1)
                    Buckets: 65536 (originally 32768)  Batches: 1 (originally 1)  Memory Usage: 1735kB
                    ->  Seq Scan on title t  (cost=0.00..73925.90 rows=30867 width=4) (actual time=0.065..1247.590 rows=34773 loops=1)
                          Filter: ((kind_id = 7) AND (production_year = 1999))
                          Rows Removed by Filter: 2493539
Planning time: 1.238 ms
Execution time: 10136.075 ms
