Hash Join  (cost=114969.38..183886.75 rows=42343 width=0) (actual time=2492.838..3688.407 rows=89377 loops=1)
  Hash Cond: (mc.movie_id = t.id)
  ->  Seq Scan on movie_companies mc  (cost=0.00..57926.93 rows=872268 width=4) (actual time=0.025..1087.187 rows=552382 loops=1)
        Filter: ((company_id < 21079) AND (company_type_id = 2))
        Rows Removed by Filter: 2056747
  ->  Hash  (cost=112955.10..112955.10 rows=122743 width=8) (actual time=2315.802..2315.802 rows=210140 loops=1)
        Buckets: 131072 (originally 131072)  Batches: 4 (originally 2)  Memory Usage: 3077kB
        ->  Hash Join  (cost=78556.72..112955.10 rows=122743 width=8) (actual time=1375.336..2250.467 rows=210140 loops=1)
              Hash Cond: (mi_idx.movie_id = t.id)
              ->  Seq Scan on movie_info_idx mi_idx  (cost=0.00..25185.44 rows=464934 width=4) (actual time=0.019..495.260 rows=460185 loops=1)
                    Filter: (info_type_id > 100)
                    Rows Removed by Filter: 919850
              ->  Hash  (cost=67604.59..67604.59 rows=667531 width=4) (actual time=1374.342..1374.342 rows=662825 loops=1)
                    Buckets: 131072  Batches: 16  Memory Usage: 2476kB
                    ->  Seq Scan on title t  (cost=0.00..67604.59 rows=667531 width=4) (actual time=0.016..1164.404 rows=662825 loops=1)
                          Filter: (kind_id = 1)
                          Rows Removed by Filter: 1865487
Planning time: 1.116 ms
Execution time: 3698.722 ms
