Hash Join  (cost=102767.86..1107841.65 rows=8275238 width=0) (actual time=2268.283..19804.790 rows=4373819 loops=1)
  Hash Cond: (ci.movie_id = t.id)
  ->  Seq Scan on cast_info ci  (cost=0.00..796071.18 rows=8275238 width=4) (actual time=0.014..13879.848 rows=4373819 loops=1)
        Filter: ((person_id > 2130890) AND (role_id < 3))
        Rows Removed by Filter: 31870525
  ->  Hash  (cost=61283.27..61283.27 rows=2528527 width=4) (actual time=2267.156..2267.156 rows=2528312 loops=1)
        Buckets: 131072  Batches: 64  Memory Usage: 2415kB
        ->  Seq Scan on title t  (cost=0.00..61283.27 rows=2528527 width=4) (actual time=0.014..1137.494 rows=2528312 loops=1)
Planning time: 0.595 ms
Execution time: 20274.883 ms
