Seq Scan on cast_info ci  (cost=0.00..705507.15 rows=500 width=0) (actual time=1783.306..10193.125 rows=1 loops=1)
  Filter: (person_id = 580836)
  Rows Removed by Filter: 36244343
Planning time: 3.119 ms
Execution time: 10193.239 ms
