Seq Scan on cast_info ci  (cost=0.00..796071.18 rows=13674819 width=0) (actual time=0.019..15680.483 rows=19374936 loops=1)
  Filter: ((person_id > 1482393) AND (role_id > 1))
  Rows Removed by Filter: 16869408
Planning time: 0.361 ms
Execution time: 18080.259 ms
