Hash Join  (cost=244144.40..1302109.60 rows=13655254 width=0) (actual time=6653.074..39687.941 rows=33282027 loops=1)
  Hash Cond: (ci.movie_id = t.id)
  ->  Seq Scan on cast_info ci  (cost=0.00..705507.15 rows=16201301 width=4) (actual time=0.022..13968.579 rows=16121683 loops=1)
        Filter: (role_id > 2)
        Rows Removed by Filter: 20122661
  ->  Hash  (cost=209179.82..209179.82 rows=2131167 width=8) (actual time=6651.983..6651.983 rows=2289918 loops=1)
        Buckets: 131072  Batches: 32  Memory Usage: 3790kB
        ->  Hash Join  (cost=101489.21..209179.82 rows=2131167 width=8) (actual time=2077.824..5963.905 rows=2289918 loops=1)
              Hash Cond: (mc.movie_id = t.id)
              ->  Seq Scan on movie_companies mc  (cost=0.00..44881.29 rows=2609129 width=4) (actual time=0.025..880.107 rows=2609129 loops=1)
              ->  Hash  (cost=67604.59..67604.59 rows=2065330 width=4) (actual time=2077.049..2077.049 rows=2064552 loops=1)
                    Buckets: 131072  Batches: 32  Memory Usage: 3289kB
                    ->  Seq Scan on title t  (cost=0.00..67604.59 rows=2065330 width=4) (actual time=0.013..1399.693 rows=2064552 loops=1)
                          Filter: (production_year < 2011)
                          Rows Removed by Filter: 463760
Planning time: 1.253 ms
Execution time: 43531.104 ms
