Hash Join  (cost=101538.63..466635.71 rows=44115 width=0) (actual time=1559.454..8975.697 rows=32747 loops=1)
  Hash Cond: (mi.movie_id = t.id)
  ->  Seq Scan on movie_info mi  (cost=0.00..309384.22 rows=14739122 width=4) (actual time=0.022..4434.893 rows=14835720 loops=1)
  ->  Hash  (cost=101444.03..101444.03 rows=7568 width=8) (actual time=1550.010..1550.010 rows=4503 loops=1)
        Buckets: 8192  Batches: 1  Memory Usage: 240kB
        ->  Hash Join  (cost=74440.79..101444.03 rows=7568 width=8) (actual time=1174.339..1547.979 rows=4503 loops=1)
              Hash Cond: (mi_idx.movie_id = t.id)
              ->  Seq Scan on movie_info_idx mi_idx  (cost=0.00..25185.44 rows=464566 width=4) (actual time=0.026..411.612 rows=459925 loops=1)
                    Filter: (info_type_id = 101)
                    Rows Removed by Filter: 920110
              ->  Hash  (cost=73925.90..73925.90 rows=41191 width=4) (actual time=1015.091..1015.091 rows=43851 loops=1)
                    Buckets: 65536  Batches: 1  Memory Usage: 2054kB
                    ->  Seq Scan on title t  (cost=0.00..73925.90 rows=41191 width=4) (actual time=0.021..995.353 rows=43851 loops=1)
                          Filter: ((kind_id = 7) AND (production_year = 2003))
                          Rows Removed by Filter: 2484461
Planning time: 1.946 ms
Execution time: 8980.873 ms
