Seq Scan on cast_info ci  (cost=0.00..705507.15 rows=500 width=0) (actual time=4240.609..10337.065 rows=26 loops=1)
  Filter: (person_id = 3041733)
  Rows Removed by Filter: 36244318
Planning time: 0.313 ms
Execution time: 10337.190 ms
