Hash Join  (cost=174865.45..986061.32 rows=275306 width=0) (actual time=15710.442..17267.424 rows=460610 loops=1)
  Hash Cond: (ci.movie_id = t.id)
  ->  Seq Scan on cast_info ci  (cost=0.00..796071.18 rows=760701 width=4) (actual time=11112.772..12078.896 rows=710464 loops=1)
        Filter: ((person_id < 1557618) AND (role_id = 8))
        Rows Removed by Filter: 35533880
  ->  Hash  (cost=159851.69..159851.69 rows=915101 width=8) (actual time=4596.667..4596.667 rows=919850 loops=1)
        Buckets: 131072  Batches: 16  Memory Usage: 3269kB
        ->  Hash Join  (cost=102767.86..159851.69 rows=915101 width=8) (actual time=2585.818..4320.401 rows=919850 loops=1)
              Hash Cond: (mi_idx.movie_id = t.id)
              ->  Seq Scan on movie_info_idx mi_idx  (cost=0.00..25185.44 rows=915101 width=4) (actual time=0.015..553.575 rows=919850 loops=1)
                    Filter: (info_type_id < 101)
                    Rows Removed by Filter: 460185
              ->  Hash  (cost=61283.27..61283.27 rows=2528527 width=4) (actual time=2584.196..2584.196 rows=2528312 loops=1)
                    Buckets: 131072  Batches: 64  Memory Usage: 2415kB
                    ->  Seq Scan on title t  (cost=0.00..61283.27 rows=2528527 width=4) (actual time=0.016..1086.227 rows=2528312 loops=1)
Planning time: 1.340 ms
Execution time: 17315.747 ms
