Seq Scan on title t  (cost=0.00..67604.59 rows=7437 width=0) (actual time=0.133..963.573 rows=7199 loops=1)
  Filter: (production_year = 1954)
  Rows Removed by Filter: 2521113
Planning time: 1.275 ms
Execution time: 965.471 ms
