Seq Scan on movie_keyword mk  (cost=0.00..81003.12 rows=246 width=0) (actual time=1.180..1054.208 rows=467 loops=1)
  Filter: (keyword_id = 27551)
  Rows Removed by Filter: 4523463
Planning time: 0.336 ms
Execution time: 1054.486 ms
