Hash Join  (cost=190230.21..1206402.98 rows=9789126 width=0) (actual time=4478.476..33061.883 rows=19632455 loops=1)
  Hash Cond: (ci.movie_id = t.id)
  ->  Seq Scan on cast_info ci  (cost=0.00..705507.15 rows=17935827 width=4) (actual time=0.015..13894.338 rows=18065196 loops=1)
        Filter: (person_id > 1804958)
        Rows Removed by Filter: 18179148
  ->  Hash  (cost=167588.78..167588.78 rows=1380035 width=8) (actual time=4477.027..4477.027 rows=1380035 loops=1)
        Buckets: 131072  Batches: 32  Memory Usage: 2708kB
        ->  Hash Join  (cost=102767.86..167588.78 rows=1380035 width=8) (actual time=2025.464..4063.653 rows=1380035 loops=1)
              Hash Cond: (mi_idx.movie_id = t.id)
              ->  Seq Scan on movie_info_idx mi_idx  (cost=0.00..21735.35 rows=1380035 width=4) (actual time=0.015..486.660 rows=1380035 loops=1)
              ->  Hash  (cost=61283.27..61283.27 rows=2528527 width=4) (actual time=2024.556..2024.556 rows=2528312 loops=1)
                    Buckets: 131072  Batches: 64  Memory Usage: 2415kB
                    ->  Seq Scan on title t  (cost=0.00..61283.27 rows=2528527 width=4) (actual time=0.016..1151.753 rows=2528312 loops=1)
Planning time: 3.584 ms
Execution time: 35282.346 ms
