Hash Join  (cost=76405.93..1132450.98 rows=2165089 width=0) (actual time=1286.354..30661.120 rows=2849532 loops=1)
  Hash Cond: (ci.movie_id = t.id)
  ->  Seq Scan on cast_info ci  (cost=0.00..614943.12 rows=36225612 width=4) (actual time=0.019..12835.105 rows=36244344 loops=1)
  ->  Hash  (cost=73925.90..73925.90 rows=151122 width=4) (actual time=1285.511..1285.511 rows=251875 loops=1)
        Buckets: 131072 (originally 131072)  Batches: 4 (originally 2)  Memory Usage: 3239kB
        ->  Seq Scan on title t  (cost=0.00..73925.90 rows=151122 width=4) (actual time=0.049..1190.189 rows=251875 loops=1)
              Filter: ((kind_id < 7) AND (production_year < 1971))
              Rows Removed by Filter: 2276437
Planning time: 1.259 ms
Execution time: 31006.584 ms
