Hash Join  (cost=83582.82..599996.28 rows=3430754 width=0) (actual time=1340.734..16204.773 rows=5426965 loops=1)
  Hash Cond: (mi.movie_id = t.id)
  ->  Seq Scan on movie_info mi  (cost=0.00..309384.22 rows=14739122 width=4) (actual time=0.019..5869.167 rows=14835720 loops=1)
  ->  Hash  (cost=73925.90..73925.90 rows=588553 width=4) (actual time=1339.675..1339.675 rows=457509 loops=1)
        Buckets: 131072  Batches: 8  Memory Usage: 3046kB
        ->  Seq Scan on title t  (cost=0.00..73925.90 rows=588553 width=4) (actual time=0.026..1186.597 rows=457509 loops=1)
              Filter: ((kind_id < 4) AND (production_year > 1991))
              Rows Removed by Filter: 2070803
Planning time: 0.669 ms
Execution time: 16789.946 ms
