Hash Join  (cost=251847.58..1497298.09 rows=20602934 width=0) (actual time=6005.754..53330.153 rows=66929912 loops=1)
  Hash Cond: (ci.movie_id = t.id)
  ->  Seq Scan on cast_info ci  (cost=0.00..614943.12 rows=36225612 width=4) (actual time=0.025..13121.048 rows=36244344 loops=1)
  ->  Hash  (cost=228253.67..228253.67 rows=1438073 width=8) (actual time=6004.643..6004.643 rows=1456462 loops=1)
        Buckets: 131072  Batches: 32  Memory Usage: 2790kB
        ->  Hash Join  (cost=102767.86..228253.67 rows=1438073 width=8) (actual time=1952.556..5591.887 rows=1456462 loops=1)
              Hash Cond: (mk.movie_id = t.id)
              ->  Seq Scan on movie_keyword mk  (cost=0.00..81003.12 rows=1438073 width=4) (actual time=0.020..1482.860 rows=1456462 loops=1)
                    Filter: (keyword_id < 2053)
                    Rows Removed by Filter: 3067468
              ->  Hash  (cost=61283.27..61283.27 rows=2528527 width=4) (actual time=1951.408..1951.408 rows=2528312 loops=1)
                    Buckets: 131072  Batches: 64  Memory Usage: 2425kB
                    ->  Seq Scan on title t  (cost=0.00..61283.27 rows=2528527 width=4) (actual time=0.014..1095.985 rows=2528312 loops=1)
Planning time: 2.300 ms
Execution time: 60529.807 ms
