Hash Join  (cost=797557.90..824469.34 rows=96 width=0) (actual time=10484.153..11056.316 rows=462 loops=1)
  Hash Cond: (mi_idx.movie_id = t.id)
  ->  Seq Scan on movie_info_idx mi_idx  (cost=0.00..21735.35 rows=1380035 width=4) (actual time=0.017..343.503 rows=1380035 loops=1)
  ->  Hash  (cost=797555.70..797555.70 rows=176 width=8) (actual time=10459.062..10459.062 rows=271 loops=1)
        Buckets: 1024  Batches: 1  Memory Usage: 19kB
        ->  Nested Loop  (cost=0.43..797555.70 rows=176 width=8) (actual time=3146.520..10458.891 rows=271 loops=1)
              ->  Seq Scan on cast_info ci  (cost=0.00..796071.18 rows=176 width=4) (actual time=3146.363..10432.264 rows=271 loops=1)
                    Filter: ((person_id = 1289239) AND (role_id = 1))
                    Rows Removed by Filter: 36244073
              ->  Index Only Scan using title_pkey on title t  (cost=0.43..8.42 rows=1 width=4) (actual time=0.097..0.097 rows=1 loops=271)
                    Index Cond: (id = ci.movie_id)
                    Heap Fetches: 271
Planning time: 0.765 ms
Execution time: 11056.492 ms
