Hash Join  (cost=156410.28..983675.38 rows=169920 width=0) (actual time=4568.312..19599.732 rows=1312072 loops=1)
  Hash Cond: (ci.movie_id = t.id)
  ->  Seq Scan on cast_info ci  (cost=0.00..796071.18 rows=5898943 width=4) (actual time=2052.351..13061.496 rows=9096884 loops=1)
        Filter: ((person_id > 2788278) AND (role_id > 1))
        Rows Removed by Filter: 27147460
  ->  Hash  (cost=155499.84..155499.84 rows=72835 width=8) (actual time=2514.950..2514.950 rows=82084 loops=1)
        Buckets: 131072 (originally 131072)  Batches: 2 (originally 1)  Memory Usage: 3073kB
        ->  Hash Join  (cost=68113.45..155499.84 rows=72835 width=8) (actual time=1050.582..2489.049 rows=82084 loops=1)
              Hash Cond: (mk.movie_id = t.id)
              ->  Seq Scan on movie_keyword mk  (cost=0.00..69693.30 rows=4523930 width=4) (actual time=0.028..716.570 rows=4523930 loops=1)
              ->  Hash  (cost=67604.59..67604.59 rows=40709 width=4) (actual time=1049.844..1049.844 rows=38955 loops=1)
                    Buckets: 65536  Batches: 1  Memory Usage: 1882kB
                    ->  Seq Scan on title t  (cost=0.00..67604.59 rows=40709 width=4) (actual time=0.048..1033.890 rows=38955 loops=1)
                          Filter: (production_year = 1997)
                          Rows Removed by Filter: 2489357
Planning time: 1.164 ms
Execution time: 19755.243 ms
