Seq Scan on movie_keyword mk  (cost=0.00..81003.12 rows=246 width=0) (actual time=18.827..1173.966 rows=162 loops=1)
  Filter: (keyword_id = 11080)
  Rows Removed by Filter: 4523768
Planning time: 0.233 ms
Execution time: 1174.149 ms
