Nested Loop  (cost=44377.22..431294.25 rows=9790 width=0) (actual time=1879.024..8984.070 rows=446151 loops=1)
  Join Filter: (mi.movie_id = t.id)
  ->  Hash Join  (cost=44376.79..399813.99 rows=53320 width=8) (actual time=1878.858..6563.447 rows=446151 loops=1)
        Hash Cond: (mi.movie_id = mi_idx.movie_id)
        ->  Seq Scan on movie_info mi  (cost=0.00..346232.03 rows=17937 width=4) (actual time=810.972..5123.303 rows=147487 loops=1)
              Filter: (info_type_id = 107)
              Rows Removed by Filter: 14688233
        ->  Hash  (cost=21735.35..21735.35 rows=1380035 width=4) (actual time=1017.183..1017.183 rows=1380035 loops=1)
              Buckets: 131072  Batches: 32  Memory Usage: 2557kB
              ->  Seq Scan on movie_info_idx mi_idx  (cost=0.00..21735.35 rows=1380035 width=4) (actual time=0.019..560.848 rows=1380035 loops=1)
  ->  Index Only Scan using title_pkey on title t  (cost=0.43..0.58 rows=1 width=4) (actual time=0.005..0.005 rows=1 loops=446151)
        Index Cond: (id = mi_idx.movie_id)
        Heap Fetches: 446151
Planning time: 1.916 ms
Execution time: 9055.938 ms
