Seq Scan on movie_companies mc  (cost=0.00..51404.11 rows=2075926 width=0) (actual time=0.007..1017.862 rows=2073697 loops=1)
  Filter: (company_id < 72377)
  Rows Removed by Filter: 535432
Planning time: 0.381 ms
Execution time: 1275.903 ms
