Nested Loop  (cost=0.43..28266.72 rows=328 width=0) (actual time=360.325..394.520 rows=214 loops=1)
  ->  Seq Scan on movie_info_idx mi_idx  (cost=0.00..25185.44 rows=368 width=4) (actual time=360.257..389.278 rows=260 loops=1)
        Filter: (info_type_id > 101)
        Rows Removed by Filter: 1379775
  ->  Index Scan using title_pkey on title t  (cost=0.43..8.36 rows=1 width=4) (actual time=0.019..0.020 rows=1 loops=260)
        Index Cond: (id = mi_idx.movie_id)
        Filter: (production_year > 1956)
        Rows Removed by Filter: 0
Planning time: 0.743 ms
Execution time: 394.686 ms
