Hash Join  (cost=126810.94..213519.23 rows=5026 width=0) (actual time=1946.550..3825.061 rows=47055 loops=1)
  Hash Cond: (mk.movie_id = t.id)
  ->  Seq Scan on movie_keyword mk  (cost=0.00..69693.30 rows=4523930 width=4) (actual time=0.022..1052.091 rows=4523930 loops=1)
  ->  Hash  (cost=126775.82..126775.82 rows=2809 width=8) (actual time=1946.376..1946.376 rows=3092 loops=1)
        Buckets: 4096  Batches: 1  Memory Usage: 153kB
        ->  Hash Join  (cost=74223.04..126775.82 rows=2809 width=8) (actual time=1055.267..1944.652 rows=3092 loops=1)
              Hash Cond: (mc.movie_id = t.id)
              ->  Seq Scan on movie_companies mc  (cost=0.00..51404.11 rows=298821 width=4) (actual time=0.030..810.125 rows=292877 loops=1)
                    Filter: (company_id < 160)
                    Rows Removed by Filter: 2316252
              ->  Hash  (cost=73925.90..73925.90 rows=23771 width=4) (actual time=1054.821..1054.821 rows=20633 loops=1)
                    Buckets: 32768  Batches: 1  Memory Usage: 982kB
                    ->  Seq Scan on title t  (cost=0.00..73925.90 rows=23771 width=4) (actual time=0.019..1046.140 rows=20633 loops=1)
                          Filter: ((kind_id < 7) AND (production_year = 2002))
                          Rows Removed by Filter: 2507679
Planning time: 1.536 ms
Execution time: 3831.232 ms
