Hash Join  (cost=89119.65..1259215.26 rows=13267444 width=0) (actual time=1684.258..36462.213 rows=14425575 loops=1)
  Hash Cond: (ci.movie_id = t.id)
  ->  Seq Scan on cast_info ci  (cost=0.00..614943.12 rows=36225612 width=4) (actual time=0.008..13166.511 rows=36244344 loops=1)
  ->  Hash  (cost=73925.90..73925.90 rows=926060 width=4) (actual time=1683.104..1683.104 rows=888508 loops=1)
        Buckets: 131072  Batches: 16  Memory Usage: 2976kB
        ->  Seq Scan on title t  (cost=0.00..73925.90 rows=926060 width=4) (actual time=0.020..1109.614 rows=888508 loops=1)
              Filter: ((kind_id < 7) AND (production_year > 1920))
              Rows Removed by Filter: 1639804
Planning time: 2.179 ms
Execution time: 38031.290 ms
