Hash Join  (cost=105067.44..165867.59 rows=1246263 width=0) (actual time=2203.472..4697.411 rows=1285243 loops=1)
  Hash Cond: (mi_idx.movie_id = t.id)
  ->  Seq Scan on movie_info_idx mi_idx  (cost=0.00..21735.35 rows=1380035 width=4) (actual time=0.018..520.338 rows=1380035 loops=1)
  ->  Hash  (cost=67604.59..67604.59 rows=2283428 width=4) (actual time=2202.185..2202.185 rows=2275262 loops=1)
        Buckets: 131072  Batches: 32  Memory Usage: 3527kB
        ->  Seq Scan on title t  (cost=0.00..67604.59 rows=2283428 width=4) (actual time=0.014..1497.884 rows=2275262 loops=1)
              Filter: (production_year > 1952)
              Rows Removed by Filter: 253050
Planning time: 0.702 ms
Execution time: 4856.646 ms
