Hash Join  (cost=204017.68..1275526.73 rows=3670489 width=0) (actual time=4046.248..38733.532 rows=12758518 loops=1)
  Hash Cond: (ci.movie_id = t.id)
  ->  Seq Scan on cast_info ci  (cost=0.00..614943.12 rows=36225612 width=4) (actual time=0.023..13286.119 rows=36244344 loops=1)
  ->  Hash  (cost=199814.20..199814.20 rows=256198 width=8) (actual time=4045.343..4045.343 rows=254995 loops=1)
        Buckets: 131072  Batches: 4  Memory Usage: 3528kB
        ->  Hash Join  (cost=102767.86..199814.20 rows=256198 width=8) (actual time=2107.613..3968.888 rows=254995 loops=1)
              Hash Cond: (mk.movie_id = t.id)
              ->  Seq Scan on movie_keyword mk  (cost=0.00..81003.12 rows=256198 width=4) (actual time=0.033..1240.594 rows=254995 loops=1)
                    Filter: (keyword_id > 59978)
                    Rows Removed by Filter: 4268935
              ->  Hash  (cost=61283.27..61283.27 rows=2528527 width=4) (actual time=2104.683..2104.683 rows=2528312 loops=1)
                    Buckets: 131072  Batches: 64  Memory Usage: 2425kB
                    ->  Seq Scan on title t  (cost=0.00..61283.27 rows=2528527 width=4) (actual time=0.009..1221.177 rows=2528312 loops=1)
Planning time: 1.099 ms
Execution time: 40166.384 ms
