Hash Join  (cost=201092.07..298701.82 rows=310644 width=0) (actual time=5091.522..7437.897 rows=1246413 loops=1)
  Hash Cond: (mk.movie_id = t.id)
  ->  Seq Scan on movie_keyword mk  (cost=0.00..81003.12 rows=858183 width=4) (actual time=0.011..1426.482 rows=861326 loops=1)
        Filter: (keyword_id < 820)
        Rows Removed by Filter: 3662604
  ->  Hash  (cost=186075.16..186075.16 rows=915273 width=8) (actual time=5090.617..5090.617 rows=923218 loops=1)
        Buckets: 131072  Batches: 16  Memory Usage: 3307kB
        ->  Hash Join  (cost=102767.86..186075.16 rows=915273 width=8) (actual time=1919.784..4795.554 rows=923218 loops=1)
              Hash Cond: (mc.movie_id = t.id)
              ->  Seq Scan on movie_companies mc  (cost=0.00..51404.11 rows=915273 width=4) (actual time=0.011..917.738 rows=923218 loops=1)
                    Filter: (company_id > 19912)
                    Rows Removed by Filter: 1685911
              ->  Hash  (cost=61283.27..61283.27 rows=2528527 width=4) (actual time=1918.175..1918.175 rows=2528312 loops=1)
                    Buckets: 131072  Batches: 64  Memory Usage: 2415kB
                    ->  Seq Scan on title t  (cost=0.00..61283.27 rows=2528527 width=4) (actual time=0.017..1038.787 rows=2528312 loops=1)
Planning time: 1.215 ms
Execution time: 7595.336 ms
