Seq Scan on movie_keyword mk  (cost=0.00..81003.12 rows=3388243 width=0) (actual time=0.024..1586.206 rows=3378865 loops=1)
  Filter: (keyword_id > 1302)
  Rows Removed by Filter: 1145065
Planning time: 0.273 ms
Execution time: 2022.071 ms
