Hash Join  (cost=77815.08..178674.44 rows=141967 width=0) (actual time=1285.798..3506.635 rows=470208 loops=1)
  Hash Cond: (mk.movie_id = t.id)
  ->  Seq Scan on movie_keyword mk  (cost=0.00..81003.12 rows=1514284 width=4) (actual time=0.025..1448.748 rows=1527484 loops=1)
        Filter: (keyword_id < 2217)
        Rows Removed by Filter: 2996446
  ->  Hash  (cost=73925.90..73925.90 rows=237054 width=4) (actual time=1284.947..1284.947 rows=349645 loops=1)
        Buckets: 131072 (originally 131072)  Batches: 8 (originally 4)  Memory Usage: 3073kB
        ->  Seq Scan on title t  (cost=0.00..73925.90 rows=237054 width=4) (actual time=0.066..1162.022 rows=349645 loops=1)
              Filter: ((kind_id < 7) AND (production_year < 1986))
              Rows Removed by Filter: 2178667
Planning time: 1.995 ms
Execution time: 3552.369 ms
