Hash Join  (cost=444564.01..1497769.15 rows=1888704 width=0) (actual time=8055.813..35190.268 rows=2017981 loops=1)
  Hash Cond: (ci.movie_id = t.id)
  ->  Seq Scan on cast_info ci  (cost=0.00..614943.12 rows=36225612 width=4) (actual time=0.018..13049.058 rows=36244344 loops=1)
  ->  Hash  (cost=442401.14..442401.14 rows=131830 width=8) (actual time=8055.024..8055.024 rows=114174 loops=1)
        Buckets: 131072  Batches: 2  Memory Usage: 3255kB
        ->  Hash Join  (cost=70241.71..442401.14 rows=131830 width=8) (actual time=4026.525..8013.798 rows=114174 loops=1)
              Hash Cond: (mi.movie_id = t.id)
              ->  Seq Scan on movie_info mi  (cost=0.00..346232.03 rows=2073893 width=4) (actual time=2978.017..5808.646 rows=2091068 loops=1)
                    Filter: (info_type_id < 3)
                    Rows Removed by Filter: 12744652
              ->  Hash  (cost=67604.59..67604.59 rows=160730 width=4) (actual time=1047.568..1047.568 rows=160017 loops=1)
                    Buckets: 131072  Batches: 4  Memory Usage: 2442kB
                    ->  Seq Scan on title t  (cost=0.00..67604.59 rows=160730 width=4) (actual time=0.047..989.572 rows=160017 loops=1)
                          Filter: (production_year = 2011)
                          Rows Removed by Filter: 2368295
Planning time: 1.353 ms
Execution time: 35448.076 ms
