Hash Join  (cost=83810.17..439829.23 rows=149697 width=0) (actual time=2630.280..7406.394 rows=310737 loops=1)
  Hash Cond: (mi.movie_id = t.id)
  ->  Seq Scan on movie_info mi  (cost=0.00..346232.03 rows=383217 width=4) (actual time=1011.942..5474.147 rows=368218 loops=1)
        Filter: (info_type_id = 17)
        Rows Removed by Filter: 14467502
  ->  Hash  (cost=67604.59..67604.59 rows=987727 width=4) (actual time=1530.091..1530.091 rows=985048 loops=1)
        Buckets: 131072  Batches: 16  Memory Usage: 3197kB
        ->  Seq Scan on title t  (cost=0.00..67604.59 rows=987727 width=4) (actual time=0.036..1223.735 rows=985048 loops=1)
              Filter: (kind_id < 7)
              Rows Removed by Filter: 1543264
Planning time: 0.738 ms
Execution time: 7441.843 ms
