Hash Join  (cost=92883.59..1300388.66 rows=15985887 width=0) (actual time=1851.498..35923.611 rows=15459875 loops=1)
  Hash Cond: (ci.movie_id = t.id)
  ->  Seq Scan on cast_info ci  (cost=0.00..705507.15 rows=26233610 width=4) (actual time=0.020..15587.020 rows=26263739 loops=1)
        Filter: (person_id < 2716505)
        Rows Removed by Filter: 9980605
  ->  Hash  (cost=67604.59..67604.59 rows=1540800 width=4) (actual time=1844.669..1844.669 rows=1543264 loops=1)
        Buckets: 131072  Batches: 32  Memory Usage: 2722kB
        ->  Seq Scan on title t  (cost=0.00..67604.59 rows=1540800 width=4) (actual time=0.032..1339.650 rows=1543264 loops=1)
              Filter: (kind_id = 7)
              Rows Removed by Filter: 985048
Planning time: 4.147 ms
Execution time: 37733.662 ms
