Hash Join  (cost=79653.55..120615.34 rows=190530 width=0) (actual time=1279.599..2332.694 rows=246428 loops=1)
  Hash Cond: (mi_idx.movie_id = t.id)
  ->  Seq Scan on movie_info_idx mi_idx  (cost=0.00..21735.35 rows=1380035 width=4) (actual time=0.028..431.886 rows=1380035 loops=1)
  ->  Hash  (cost=73925.90..73925.90 rows=349092 width=4) (actual time=1231.682..1231.682 rows=265275 loops=1)
        Buckets: 131072  Batches: 8  Memory Usage: 2190kB
        ->  Seq Scan on title t  (cost=0.00..73925.90 rows=349092 width=4) (actual time=351.675..1152.300 rows=265275 loops=1)
              Filter: ((production_year > 2001) AND (kind_id = 1))
              Rows Removed by Filter: 2263037
Planning time: 0.683 ms
Execution time: 2361.540 ms
