Nested Loop  (cost=0.43..83071.67 rows=246 width=0) (actual time=0.169..1390.121 rows=3038 loops=1)
  ->  Seq Scan on movie_keyword mk  (cost=0.00..81003.12 rows=246 width=4) (actual time=0.115..1299.085 rows=3038 loops=1)
        Filter: (keyword_id = 3654)
        Rows Removed by Filter: 4520892
  ->  Index Only Scan using title_pkey on title t  (cost=0.43..8.40 rows=1 width=4) (actual time=0.029..0.029 rows=1 loops=3038)
        Index Cond: (id = mk.movie_id)
        Heap Fetches: 3038
Planning time: 0.631 ms
Execution time: 1391.003 ms
