Hash Join  (cost=131449.18..1201036.73 rows=3483433 width=0) (actual time=2904.058..36249.306 rows=6724017 loops=1)
  Hash Cond: (ci.movie_id = t.id)
  ->  Seq Scan on cast_info ci  (cost=0.00..614943.12 rows=36225612 width=4) (actual time=0.011..13209.036 rows=36244344 loops=1)
  ->  Hash  (cost=127459.91..127459.91 rows=243142 width=8) (actual time=2903.245..2903.245 rows=208899 loops=1)
        Buckets: 131072  Batches: 4  Memory Usage: 3059kB
        ->  Hash Join  (cost=89299.55..127459.91 rows=243142 width=8) (actual time=1780.278..2843.697 rows=208899 loops=1)
              Hash Cond: (mi_idx.movie_id = t.id)
              ->  Seq Scan on movie_info_idx mi_idx  (cost=0.00..25185.44 rows=464934 width=4) (actual time=0.023..561.003 rows=460185 loops=1)
                    Filter: (info_type_id > 100)
                    Rows Removed by Filter: 919850
              ->  Hash  (cost=67604.59..67604.59 rows=1322317 width=4) (actual time=1778.841..1778.841 rows=1322863 loops=1)
                    Buckets: 131072  Batches: 32  Memory Usage: 2481kB
                    ->  Seq Scan on title t  (cost=0.00..67604.59 rows=1322317 width=4) (actual time=0.022..1349.037 rows=1322863 loops=1)
                          Filter: (production_year > 2001)
                          Rows Removed by Filter: 1205449
Planning time: 1.162 ms
Execution time: 37042.277 ms
