Hash Join  (cost=215719.92..601368.42 rows=968266 width=0) (actual time=7088.877..13438.062 rows=4235284 loops=1)
  Hash Cond: (mi.movie_id = t.id)
  ->  Seq Scan on movie_info mi  (cost=0.00..346232.03 rows=2194617 width=4) (actual time=2219.879..5494.900 rows=2233850 loops=1)
        Filter: (info_type_id > 16)
        Rows Removed by Filter: 12601870
  ->  Hash  (cost=197417.08..197417.08 rows=1115587 width=8) (actual time=4858.393..4858.393 rows=1236158 loops=1)
        Buckets: 131072  Batches: 16  Memory Usage: 4052kB
        ->  Hash Join  (cost=102767.86..197417.08 rows=1115587 width=8) (actual time=1994.369..4476.825 rows=1236158 loops=1)
              Hash Cond: (mc.movie_id = t.id)
              ->  Seq Scan on movie_companies mc  (cost=0.00..57926.93 rows=1115587 width=4) (actual time=158.852..1128.351 rows=1236158 loops=1)
                    Filter: ((company_id > 297) AND (company_type_id = 2))
                    Rows Removed by Filter: 1372971
              ->  Hash  (cost=61283.27..61283.27 rows=2528527 width=4) (actual time=1834.208..1834.208 rows=2528312 loops=1)
                    Buckets: 131072  Batches: 64  Memory Usage: 2415kB
                    ->  Seq Scan on title t  (cost=0.00..61283.27 rows=2528527 width=4) (actual time=0.029..990.137 rows=2528312 loops=1)
Planning time: 1.115 ms
Execution time: 13979.276 ms
