Hash Join  (cost=81253.89..212992.00 rows=799107 width=0) (actual time=1324.830..5292.271 rows=252461 loops=1)
  Hash Cond: (mk.movie_id = t.id)
  ->  Seq Scan on movie_keyword mk  (cost=0.00..69693.30 rows=4523930 width=4) (actual time=0.019..1415.889 rows=4523930 loops=1)
  ->  Hash  (cost=73925.90..73925.90 rows=446639 width=4) (actual time=1323.007..1323.007 rows=306970 loops=1)
        Buckets: 131072  Batches: 8  Memory Usage: 2370kB
        ->  Seq Scan on title t  (cost=0.00..73925.90 rows=446639 width=4) (actual time=0.012..1219.083 rows=306970 loops=1)
              Filter: ((kind_id > 1) AND (production_year < 1986))
              Rows Removed by Filter: 2221342
Planning time: 0.617 ms
Execution time: 5322.613 ms
