Seq Scan on cast_info ci  (cost=0.00..796071.18 rows=10897485 width=0) (actual time=1014.785..16370.613 rows=8979847 loops=1)
  Filter: ((person_id > 493794) AND (role_id = 1))
  Rows Removed by Filter: 27264497
Planning time: 2.702 ms
Execution time: 17501.788 ms
