Nested Loop  (cost=0.43..83072.29 rows=184 width=0) (actual time=1.331..1330.291 rows=2826 loops=1)
  ->  Seq Scan on movie_keyword mk  (cost=0.00..81003.12 rows=246 width=4) (actual time=0.250..1261.459 rows=3038 loops=1)
        Filter: (keyword_id = 3654)
        Rows Removed by Filter: 4520892
  ->  Index Scan using title_pkey on title t  (cost=0.43..8.40 rows=1 width=4) (actual time=0.022..0.022 rows=1 loops=3038)
        Index Cond: (id = mk.movie_id)
        Filter: (production_year > 1983)
        Rows Removed by Filter: 0
Planning time: 0.653 ms
Execution time: 1331.077 ms
