Nested Loop  (cost=0.43..798787.41 rows=324 width=0) (actual time=7568.317..14041.525 rows=45 loops=1)
  ->  Seq Scan on cast_info ci  (cost=0.00..796071.18 rows=324 width=4) (actual time=7568.236..14040.726 rows=45 loops=1)
        Filter: ((role_id > 1) AND (person_id = 1434282))
        Rows Removed by Filter: 36244299
  ->  Index Only Scan using title_pkey on title t  (cost=0.43..8.37 rows=1 width=4) (actual time=0.016..0.017 rows=1 loops=45)
        Index Cond: (id = ci.movie_id)
        Heap Fetches: 45
Planning time: 0.725 ms
Execution time: 14041.622 ms
