Hash Join  (cost=936994.98..981230.93 rows=381347 width=0) (actual time=17695.971..18939.722 rows=405792 loops=1)
  Hash Cond: (mi_idx.movie_id = t.id)
  ->  Seq Scan on movie_info_idx mi_idx  (cost=0.00..21735.35 rows=1380035 width=4) (actual time=0.015..482.214 rows=1380035 loops=1)
  ->  Hash  (cost=925531.09..925531.09 rows=698711 width=8) (actual time=17694.456..17694.456 rows=323746 loops=1)
        Buckets: 131072  Batches: 16  Memory Usage: 1818kB
        ->  Hash Join  (cost=102767.86..925531.09 rows=698711 width=8) (actual time=12132.697..17599.826 rows=323746 loops=1)
              Hash Cond: (ci.movie_id = t.id)
              ->  Seq Scan on cast_info ci  (cost=0.00..796071.18 rows=698711 width=4) (actual time=10094.774..14900.298 rows=323746 loops=1)
                    Filter: ((person_id < 2884228) AND (role_id = 5))
                    Rows Removed by Filter: 35920598
              ->  Hash  (cost=61283.27..61283.27 rows=2528527 width=4) (actual time=2036.552..2036.552 rows=2528312 loops=1)
                    Buckets: 131072  Batches: 64  Memory Usage: 2415kB
                    ->  Seq Scan on title t  (cost=0.00..61283.27 rows=2528527 width=4) (actual time=0.027..1182.563 rows=2528312 loops=1)
Planning time: 1.187 ms
Execution time: 18989.286 ms
