Seq Scan on movie_keyword mk  (cost=0.00..81003.12 rows=1457945 width=0) (actual time=0.018..1375.961 rows=1473844 loops=1)
  Filter: (keyword_id < 2104)
  Rows Removed by Filter: 3050086
Planning time: 0.229 ms
Execution time: 1560.150 ms
