Nested Loop  (cost=0.43..83072.90 rows=1 width=0) (actual time=1057.842..1260.015 rows=1 loops=1)
  ->  Seq Scan on movie_keyword mk  (cost=0.00..81003.12 rows=246 width=4) (actual time=2.848..1233.870 rows=652 loops=1)
        Filter: (keyword_id = 16466)
        Rows Removed by Filter: 4523278
  ->  Index Scan using title_pkey on title t  (cost=0.43..8.40 rows=1 width=4) (actual time=0.039..0.039 rows=0 loops=652)
        Index Cond: (id = mk.movie_id)
        Filter: ((kind_id = 1) AND (production_year = 1957))
        Rows Removed by Filter: 1
Planning time: 0.760 ms
Execution time: 1260.168 ms
