Hash Join  (cost=75458.68..859503.01 rows=242055 width=0) (actual time=1512.049..17369.565 rows=256740 loops=1)
  Hash Cond: (ci.movie_id = t.id)
  ->  Seq Scan on cast_info ci  (cost=0.00..705507.15 rows=6551369 width=4) (actual time=275.508..12356.317 rows=6469700 loops=1)
        Filter: (person_id < 624668)
        Rows Removed by Filter: 29774644
  ->  Hash  (cost=73925.90..73925.90 rows=93422 width=4) (actual time=1235.650..1235.650 rows=100754 loops=1)
        Buckets: 131072  Batches: 2  Memory Usage: 2802kB
        ->  Seq Scan on title t  (cost=0.00..73925.90 rows=93422 width=4) (actual time=0.033..1197.085 rows=100754 loops=1)
              Filter: ((kind_id > 1) AND (production_year = 2008))
              Rows Removed by Filter: 2427558
Planning time: 1.478 ms
Execution time: 17401.710 ms
