Hash Join  (cost=102767.86..189839.19 rows=800640 width=0) (actual time=1905.744..4279.659 rows=1099992 loops=1)
  Hash Cond: (mc.movie_id = t.id)
  ->  Seq Scan on movie_companies mc  (cost=0.00..57926.93 rows=800640 width=4) (actual time=133.978..1227.366 rows=1099992 loops=1)
        Filter: ((company_id < 17130) AND (company_type_id < 2))
        Rows Removed by Filter: 1509137
  ->  Hash  (cost=61283.27..61283.27 rows=2528527 width=4) (actual time=1770.386..1770.386 rows=2528312 loops=1)
        Buckets: 131072  Batches: 64  Memory Usage: 2415kB
        ->  Seq Scan on title t  (cost=0.00..61283.27 rows=2528527 width=4) (actual time=0.027..941.129 rows=2528312 loops=1)
Planning time: 0.729 ms
Execution time: 4401.951 ms
