Hash Join  (cost=119349.03..1181639.94 rows=2773068 width=0) (actual time=2360.615..31623.350 rows=4330898 loops=1)
  Hash Cond: (ci.movie_id = t.id)
  ->  Seq Scan on cast_info ci  (cost=0.00..614943.12 rows=36225612 width=4) (actual time=0.019..13356.908 rows=36244344 loops=1)
  ->  Hash  (cost=116172.54..116172.54 rows=193559 width=8) (actual time=2359.646..2359.646 rows=128126 loops=1)
        Buckets: 131072  Batches: 4  Memory Usage: 2271kB
        ->  Hash Join  (cost=76379.89..116172.54 rows=193559 width=8) (actual time=1223.899..2318.425 rows=128126 loops=1)
              Hash Cond: (mi_idx.movie_id = t.id)
              ->  Seq Scan on movie_info_idx mi_idx  (cost=0.00..25185.44 rows=915101 width=4) (actual time=0.015..550.780 rows=919850 loops=1)
                    Filter: (info_type_id < 101)
                    Rows Removed by Filter: 460185
              ->  Hash  (cost=67604.59..67604.59 rows=534824 width=4) (actual time=1222.819..1222.819 rows=533369 loops=1)
                    Buckets: 131072  Batches: 8  Memory Usage: 3369kB
                    ->  Seq Scan on title t  (cost=0.00..67604.59 rows=534824 width=4) (actual time=0.031..1056.568 rows=533369 loops=1)
                          Filter: (production_year > 2009)
                          Rows Removed by Filter: 1994943
Planning time: 1.508 ms
Execution time: 32154.547 ms
