Hash Join  (cost=75628.47..140250.64 rows=21548 width=0) (actual time=1210.431..2033.049 rows=19056 loops=1)
  Hash Cond: (mc.movie_id = t.id)
  ->  Seq Scan on movie_companies mc  (cost=0.00..57926.93 rows=525269 width=4) (actual time=105.000..824.357 rows=238418 loops=1)
        Filter: ((company_id > 14326) AND (company_type_id < 2))
        Rows Removed by Filter: 2370711
  ->  Hash  (cost=73925.90..73925.90 rows=103725 width=4) (actual time=1104.704..1104.704 rows=98992 loops=1)
        Buckets: 131072  Batches: 2  Memory Usage: 2760kB
        ->  Seq Scan on title t  (cost=0.00..73925.90 rows=103725 width=4) (actual time=541.662..1068.154 rows=98992 loops=1)
              Filter: ((production_year > 2010) AND (kind_id = 1))
              Rows Removed by Filter: 2429320
Planning time: 0.561 ms
Execution time: 2036.249 ms
