Hash Join  (cost=450982.06..529419.70 rows=265071 width=0) (actual time=7849.265..10006.351 rows=1187773 loops=1)
  Hash Cond: (mc.movie_id = t.id)
  ->  Seq Scan on movie_companies mc  (cost=0.00..51404.11 rows=1995151 width=4) (actual time=0.015..1063.268 rows=1990788 loops=1)
        Filter: (company_id < 62733)
        Rows Removed by Filter: 618341
  ->  Hash  (cost=445469.88..445469.88 rows=335934 width=8) (actual time=7550.441..7550.441 rows=705350 loops=1)
        Buckets: 131072 (originally 131072)  Batches: 16 (originally 8)  Memory Usage: 3073kB
        ->  Hash Join  (cost=78556.72..445469.88 rows=335934 width=8) (actual time=5141.820..7327.936 rows=705350 loops=1)
              Hash Cond: (mi.movie_id = t.id)
              ->  Seq Scan on movie_info mi  (cost=0.00..346232.03 rows=1272478 width=4) (actual time=3512.340..4961.241 rows=1325361 loops=1)
                    Filter: (info_type_id = 8)
                    Rows Removed by Filter: 13510359
              ->  Hash  (cost=67604.59..67604.59 rows=667531 width=4) (actual time=1378.524..1378.524 rows=662825 loops=1)
                    Buckets: 131072  Batches: 16  Memory Usage: 2485kB
                    ->  Seq Scan on title t  (cost=0.00..67604.59 rows=667531 width=4) (actual time=290.550..1164.143 rows=662825 loops=1)
                          Filter: (kind_id = 1)
                          Rows Removed by Filter: 1865487
Planning time: 1.233 ms
Execution time: 10152.851 ms
