Hash Join  (cost=107432.01..198120.35 rows=1276516 width=0) (actual time=2198.651..5130.085 rows=1280729 loops=1)
  Hash Cond: (mc.movie_id = t.id)
  ->  Seq Scan on movie_companies mc  (cost=0.00..51404.11 rows=1329612 width=4) (actual time=107.995..992.689 rows=1334883 loops=1)
        Filter: (company_type_id = 2)
        Rows Removed by Filter: 1274246
  ->  Hash  (cost=67604.59..67604.59 rows=2427554 width=4) (actual time=2089.850..2089.850 rows=2421168 loops=1)
        Buckets: 131072  Batches: 32  Memory Usage: 3685kB
        ->  Seq Scan on title t  (cost=0.00..67604.59 rows=2427554 width=4) (actual time=0.025..1324.756 rows=2421168 loops=1)
              Filter: (production_year > 1911)
              Rows Removed by Filter: 107144
Planning time: 0.763 ms
Execution time: 5296.850 ms
