Hash Join  (cost=102767.86..283119.68 rows=3718197 width=0) (actual time=1951.958..6621.749 rows=3715618 loops=1)
  Hash Cond: (mk.movie_id = t.id)
  ->  Seq Scan on movie_keyword mk  (cost=0.00..81003.12 rows=3718197 width=4) (actual time=0.016..1731.029 rows=3715618 loops=1)
        Filter: (keyword_id > 782)
        Rows Removed by Filter: 808312
  ->  Hash  (cost=61283.27..61283.27 rows=2528527 width=4) (actual time=1950.018..1950.018 rows=2528312 loops=1)
        Buckets: 131072  Batches: 64  Memory Usage: 2425kB
        ->  Seq Scan on title t  (cost=0.00..61283.27 rows=2528527 width=4) (actual time=0.023..1069.735 rows=2528312 loops=1)
Planning time: 0.720 ms
Execution time: 7018.047 ms
