Seq Scan on movie_companies mc  (cost=0.00..57926.93 rows=53 width=0) (actual time=208.029..681.916 rows=13 loops=1)
  Filter: ((company_id = 850) AND (company_type_id = 2))
  Rows Removed by Filter: 2609116
Planning time: 3.788 ms
Execution time: 682.030 ms
