Seq Scan on cast_info ci  (cost=0.00..796071.18 rows=10101029 width=0) (actual time=3291.564..13643.884 rows=15690961 loops=1)
  Filter: ((person_id > 2068390) AND (role_id > 1))
  Rows Removed by Filter: 20553383
Planning time: 0.341 ms
Execution time: 15613.920 ms
