Hash Join  (cost=93093.72..203362.14 rows=751825 width=0) (actual time=1786.411..5039.404 rows=222969 loops=1)
  Hash Cond: (mk.movie_id = t.id)
  ->  Seq Scan on movie_keyword mk  (cost=0.00..81003.12 rows=1223607 width=4) (actual time=0.017..1546.069 rows=1233173 loops=1)
        Filter: (keyword_id > 14693)
        Rows Removed by Filter: 3290757
  ->  Hash  (cost=67604.59..67604.59 rows=1553611 width=4) (actual time=1772.667..1772.667 rows=1555864 loops=1)
        Buckets: 131072  Batches: 32  Memory Usage: 2740kB
        ->  Seq Scan on title t  (cost=0.00..67604.59 rows=1553611 width=4) (actual time=0.031..1277.917 rows=1555864 loops=1)
              Filter: (kind_id > 4)
              Rows Removed by Filter: 972448
Planning time: 1.315 ms
Execution time: 5065.687 ms
