Hash Join  (cost=160526.42..1145516.92 rows=4146786 width=0) (actual time=8502.149..28248.308 rows=4287300 loops=1)
  Hash Cond: (ci.movie_id = t.id)
  ->  Seq Scan on cast_info ci  (cost=0.00..796071.18 rows=12468392 width=4) (actual time=4798.133..17547.809 rows=12670688 loops=1)
        Filter: ((person_id < 3915277) AND (role_id = 1))
        Rows Removed by Filter: 23573656
  ->  Hash  (cost=146729.58..146729.58 rows=840947 width=8) (actual time=3702.277..3702.277 rows=425718 loops=1)
        Buckets: 131072  Batches: 16  Memory Usage: 2062kB
        ->  Hash Join  (cost=92883.59..146729.58 rows=840947 width=8) (actual time=2142.342..3574.986 rows=425718 loops=1)
              Hash Cond: (mi_idx.movie_id = t.id)
              ->  Seq Scan on movie_info_idx mi_idx  (cost=0.00..21735.35 rows=1380035 width=4) (actual time=0.022..440.419 rows=1380035 loops=1)
              ->  Hash  (cost=67604.59..67604.59 rows=1540800 width=4) (actual time=2141.576..2141.576 rows=1543264 loops=1)
                    Buckets: 131072  Batches: 32  Memory Usage: 2722kB
                    ->  Seq Scan on title t  (cost=0.00..67604.59 rows=1540800 width=4) (actual time=0.029..1403.125 rows=1543264 loops=1)
                          Filter: (kind_id = 7)
                          Rows Removed by Filter: 985048
Planning time: 1.190 ms
Execution time: 28703.607 ms
