Hash Join  (cost=81720.25..1195971.50 rows=7158113 width=0) (actual time=1505.930..31811.506 rows=7212391 loops=1)
  Hash Cond: (ci.movie_id = t.id)
  ->  Seq Scan on cast_info ci  (cost=0.00..796071.18 rows=21036785 width=4) (actual time=0.018..17762.457 rows=20638139 loops=1)
        Filter: ((person_id > 422620) AND (role_id < 4))
        Rows Removed by Filter: 15606205
  ->  Hash  (cost=67604.59..67604.59 rows=860373 width=4) (actual time=1504.975..1504.975 rows=854214 loops=1)
        Buckets: 131072  Batches: 16  Memory Usage: 2897kB
        ->  Seq Scan on title t  (cost=0.00..67604.59 rows=860373 width=4) (actual time=0.021..1239.293 rows=854214 loops=1)
              Filter: (kind_id < 4)
              Rows Removed by Filter: 1674098
Planning time: 0.764 ms
Execution time: 32620.363 ms
