Seq Scan on movie_keyword mk  (cost=0.00..81003.12 rows=4006193 width=0) (actual time=0.020..1586.790 rows=4007025 loops=1)
  Filter: (keyword_id > 373)
  Rows Removed by Filter: 516905
Planning time: 0.325 ms
Execution time: 2083.801 ms
