Seq Scan on movie_companies mc  (cost=0.00..57926.93 rows=660090 width=0) (actual time=387.457..974.062 rows=908391 loops=1)
  Filter: ((company_id > 11315) AND (company_type_id > 1))
  Rows Removed by Filter: 1700738
Planning time: 0.312 ms
Execution time: 1084.741 ms
