Hash Join  (cost=58375.85..150474.98 rows=62 width=0) (actual time=1439.971..2868.329 rows=11 loops=1)
  Hash Cond: (mk.movie_id = t.id)
  ->  Seq Scan on movie_keyword mk  (cost=0.00..81003.12 rows=2958771 width=4) (actual time=0.016..1578.563 rows=2949101 loops=1)
        Filter: (keyword_id > 2375)
        Rows Removed by Filter: 1574829
  ->  Hash  (cost=58375.18..58375.18 rows=53 width=8) (actual time=871.338..871.338 rows=4 loops=1)
        Buckets: 1024  Batches: 1  Memory Usage: 9kB
        ->  Nested Loop  (cost=0.43..58375.18 rows=53 width=8) (actual time=418.162..871.327 rows=4 loops=1)
              ->  Seq Scan on movie_companies mc  (cost=0.00..57926.93 rows=53 width=4) (actual time=418.066..871.048 rows=4 loops=1)
                    Filter: ((company_id = 12807) AND (company_type_id = 2))
                    Rows Removed by Filter: 2609125
              ->  Index Only Scan using title_pkey on title t  (cost=0.43..8.45 rows=1 width=4) (actual time=0.058..0.060 rows=1 loops=4)
                    Index Cond: (id = mc.movie_id)
                    Heap Fetches: 4
Planning time: 1.160 ms
Execution time: 2868.486 ms
