Hash Join  (cost=74113.92..101106.49 rows=8209 width=0) (actual time=1121.518..1708.444 rows=7071 loops=1)
  Hash Cond: (mi_idx.movie_id = t.id)
  ->  Seq Scan on movie_info_idx mi_idx  (cost=0.00..21735.35 rows=1380035 width=4) (actual time=0.019..288.115 rows=1380035 loops=1)
  ->  Hash  (cost=73925.90..73925.90 rows=15041 width=4) (actual time=1121.366..1121.366 rows=11342 loops=1)
        Buckets: 16384  Batches: 1  Memory Usage: 527kB
        ->  Seq Scan on title t  (cost=0.00..73925.90 rows=15041 width=4) (actual time=4.202..1116.727 rows=11342 loops=1)
              Filter: ((production_year < 1970) AND (kind_id = 3))
              Rows Removed by Filter: 2516970
Planning time: 1.005 ms
Execution time: 1709.623 ms
