Seq Scan on movie_keyword mk  (cost=0.00..81003.12 rows=246 width=0) (actual time=3.876..1336.574 rows=398 loops=1)
  Filter: (keyword_id = 11002)
  Rows Removed by Filter: 4523532
Planning time: 0.338 ms
Execution time: 1336.852 ms
