Seq Scan on cast_info ci  (cost=0.00..705507.15 rows=500 width=0) (actual time=2915.860..10841.408 rows=27 loops=1)
  Filter: (person_id = 921957)
  Rows Removed by Filter: 36244317
Planning time: 0.365 ms
Execution time: 10841.505 ms
