Hash Join  (cost=152656.09..637426.48 rows=465246 width=0) (actual time=3013.895..13724.285 rows=293253 loops=1)
  Hash Cond: (mi.movie_id = t.id)
  ->  Seq Scan on movie_info mi  (cost=0.00..309384.22 rows=14739122 width=4) (actual time=0.009..5622.833 rows=14835720 loops=1)
  ->  Hash  (cost=151346.42..151346.42 rows=79814 width=8) (actual time=3012.312..3012.312 rows=28869 loops=1)
        Buckets: 131072  Batches: 2  Memory Usage: 1595kB
        ->  Hash Join  (cost=75195.76..151346.42 rows=79814 width=8) (actual time=1183.594..3001.224 rows=28869 loops=1)
              Hash Cond: (mc.movie_id = t.id)
              ->  Seq Scan on movie_companies mc  (cost=0.00..44881.29 rows=2609129 width=4) (actual time=0.018..872.283 rows=2609129 loops=1)
              ->  Hash  (cost=73925.90..73925.90 rows=77348 width=4) (actual time=1182.895..1182.895 rows=84109 loops=1)
                    Buckets: 131072  Batches: 2  Memory Usage: 2509kB
                    ->  Seq Scan on title t  (cost=0.00..73925.90 rows=77348 width=4) (actual time=0.021..1151.077 rows=84109 loops=1)
                          Filter: ((kind_id = 7) AND (production_year = 2008))
                          Rows Removed by Filter: 2444203
Planning time: 0.933 ms
Execution time: 13761.957 ms
