Nested Loop  (cost=0.43..83072.90 rows=71 width=0) (actual time=871.733..1177.000 rows=5 loops=1)
  ->  Seq Scan on movie_keyword mk  (cost=0.00..81003.12 rows=246 width=4) (actual time=0.023..1148.468 rows=652 loops=1)
        Filter: (keyword_id = 2602)
        Rows Removed by Filter: 4523278
  ->  Index Scan using title_pkey on title t  (cost=0.43..8.40 rows=1 width=4) (actual time=0.043..0.043 rows=0 loops=652)
        Index Cond: (id = mk.movie_id)
        Filter: ((production_year < 2003) AND (kind_id = 7))
        Rows Removed by Filter: 1
Planning time: 0.671 ms
Execution time: 1177.074 ms
