Nested Loop  (cost=0.43..709673.15 rows=267 width=0) (actual time=1701.915..10928.107 rows=48 loops=1)
  ->  Seq Scan on cast_info ci  (cost=0.00..705507.15 rows=500 width=4) (actual time=1701.814..10926.979 rows=48 loops=1)
        Filter: (person_id = 188428)
        Rows Removed by Filter: 36244296
  ->  Index Scan using title_pkey on title t  (cost=0.43..8.32 rows=1 width=4) (actual time=0.022..0.022 rows=1 loops=48)
        Index Cond: (id = ci.movie_id)
        Filter: (production_year < 2005)
Planning time: 0.788 ms
Execution time: 10928.239 ms
