Hash Join  (cost=102767.86..182361.36 rows=489881 width=0) (actual time=2001.448..3362.784 rows=186356 loops=1)
  Hash Cond: (mc.movie_id = t.id)
  ->  Seq Scan on movie_companies mc  (cost=0.00..57926.93 rows=489881 width=4) (actual time=164.947..954.420 rows=186356 loops=1)
        Filter: ((company_id > 16432) AND (company_type_id = 1))
        Rows Removed by Filter: 2422773
  ->  Hash  (cost=61283.27..61283.27 rows=2528527 width=4) (actual time=1835.296..1835.296 rows=2528312 loops=1)
        Buckets: 131072  Batches: 64  Memory Usage: 2415kB
        ->  Seq Scan on title t  (cost=0.00..61283.27 rows=2528527 width=4) (actual time=0.031..1018.845 rows=2528312 loops=1)
Planning time: 0.778 ms
Execution time: 3384.900 ms
