Seq Scan on movie_companies mc  (cost=0.00..57926.93 rows=53 width=0) (actual time=84.271..807.343 rows=697 loops=1)
  Filter: ((company_id = 31575) AND (company_type_id = 2))
  Rows Removed by Filter: 2608432
Planning time: 0.417 ms
Execution time: 807.540 ms
