Hash Join  (cost=684968.18..2020830.74 rows=34121704 width=0) (actual time=21072.548..44167.064 rows=26087988 loops=1)
  Hash Cond: (ci.movie_id = t.id)
  ->  Seq Scan on cast_info ci  (cost=0.00..705507.15 rows=16201301 width=4) (actual time=6596.003..14901.398 rows=16121683 loops=1)
        Filter: (role_id > 2)
        Rows Removed by Filter: 20122661
  ->  Hash  (cost=597598.26..597598.26 rows=5325353 width=8) (actual time=14473.255..14473.255 rows=2855718 loops=1)
        Buckets: 131072  Batches: 128  Memory Usage: 1880kB
        ->  Hash Join  (cost=98137.04..597598.26 rows=5325353 width=8) (actual time=2659.339..13634.988 rows=2855718 loops=1)
              Hash Cond: (mi.movie_id = t.id)
              ->  Seq Scan on movie_info mi  (cost=0.00..346232.03 rows=7235534 width=4) (actual time=295.553..6313.553 rows=7286865 loops=1)
                    Filter: (info_type_id < 8)
                    Rows Removed by Filter: 7548855
              ->  Hash  (cost=67604.59..67604.59 rows=1860996 width=4) (actual time=2362.882..2362.882 rows=1865487 loops=1)
                    Buckets: 131072  Batches: 32  Memory Usage: 3085kB
                    ->  Seq Scan on title t  (cost=0.00..67604.59 rows=1860996 width=4) (actual time=0.026..1300.041 rows=1865487 loops=1)
                          Filter: (kind_id > 1)
                          Rows Removed by Filter: 662825
Planning time: 1.101 ms
Execution time: 46932.589 ms
