Hash Join  (cost=134151.39..214239.23 rows=365431 width=0) (actual time=3076.576..5588.449 rows=2327675 loops=1)
  Hash Cond: (mc.movie_id = t.id)
  ->  Seq Scan on movie_companies mc  (cost=0.00..44881.29 rows=2609129 width=4) (actual time=0.022..961.548 rows=2609129 loops=1)
  ->  Hash  (cost=128340.62..128340.62 rows=354142 width=8) (actual time=2781.128..2781.128 rows=629897 loops=1)
        Buckets: 131072 (originally 131072)  Batches: 16 (originally 8)  Memory Usage: 3073kB
        ->  Hash Join  (cost=84571.72..128340.62 rows=354142 width=8) (actual time=1518.400..2620.877 rows=629897 loops=1)
              Hash Cond: (mi_idx.movie_id = t.id)
              ->  Seq Scan on movie_info_idx mi_idx  (cost=0.00..21735.35 rows=1380035 width=4) (actual time=0.037..423.792 rows=1380035 loops=1)
              ->  Hash  (cost=73925.90..73925.90 rows=648865 width=4) (actual time=1357.818..1357.818 rows=656311 loops=1)
                    Buckets: 131072  Batches: 16  Memory Usage: 2462kB
                    ->  Seq Scan on title t  (cost=0.00..73925.90 rows=648865 width=4) (actual time=0.014..1173.237 rows=656311 loops=1)
                          Filter: ((production_year > 0) AND (kind_id = 1))
                          Rows Removed by Filter: 1872001
Planning time: 1.151 ms
Execution time: 5850.518 ms
