Seq Scan on movie_keyword mk  (cost=0.00..81003.12 rows=246 width=0) (actual time=0.548..1217.076 rows=1075 loops=1)
  Filter: (keyword_id = 1608)
  Rows Removed by Filter: 4522855
Planning time: 0.345 ms
Execution time: 1217.535 ms
