Hash Join  (cost=74242.71..440375.97 rows=147734 width=0) (actual time=1136.664..8690.312 rows=236338 loops=1)
  Hash Cond: (mi.movie_id = t.id)
  ->  Seq Scan on movie_info mi  (cost=0.00..309384.22 rows=14739122 width=4) (actual time=0.011..4194.104 rows=14835720 loops=1)
  ->  Hash  (cost=73925.90..73925.90 rows=25344 width=4) (actual time=1132.524..1132.524 rows=15457 loops=1)
        Buckets: 32768  Batches: 1  Memory Usage: 800kB
        ->  Seq Scan on title t  (cost=0.00..73925.90 rows=25344 width=4) (actual time=425.197..1126.215 rows=15457 loops=1)
              Filter: ((kind_id < 2) AND (production_year = 2005))
              Rows Removed by Filter: 2512855
Planning time: 0.827 ms
Execution time: 8724.866 ms
