Seq Scan on title t  (cost=0.00..73925.90 rows=2905 width=0) (actual time=0.025..1206.244 rows=6090 loops=1)
  Filter: ((kind_id < 7) AND (production_year = 1968))
  Rows Removed by Filter: 2522222
Planning time: 0.284 ms
Execution time: 1207.856 ms
