Hash Join  (cost=102767.86..254028.26 rows=2509248 width=0) (actual time=1989.404..6233.029 rows=2505750 loops=1)
  Hash Cond: (mk.movie_id = t.id)
  ->  Seq Scan on movie_keyword mk  (cost=0.00..81003.12 rows=2509248 width=4) (actual time=0.015..1723.355 rows=2505750 loops=1)
        Filter: (keyword_id > 3612)
        Rows Removed by Filter: 2018180
  ->  Hash  (cost=61283.27..61283.27 rows=2528527 width=4) (actual time=1988.403..1988.403 rows=2528312 loops=1)
        Buckets: 131072  Batches: 64  Memory Usage: 2425kB
        ->  Seq Scan on title t  (cost=0.00..61283.27 rows=2528527 width=4) (actual time=0.023..1104.331 rows=2528312 loops=1)
Planning time: 0.772 ms
Execution time: 6517.555 ms
