Hash Join  (cost=78917.17..203484.58 rows=399330 width=0) (actual time=1270.401..4802.641 rows=1296540 loops=1)
  Hash Cond: (mk.movie_id = t.id)
  ->  Seq Scan on movie_keyword mk  (cost=0.00..81003.12 rows=3319463 width=4) (actual time=0.022..1738.977 rows=3309877 loops=1)
        Filter: (keyword_id < 15064)
        Rows Removed by Filter: 1214053
  ->  Hash  (cost=73925.90..73925.90 rows=304181 width=4) (actual time=1269.424..1269.424 rows=422218 loops=1)
        Buckets: 131072 (originally 131072)  Batches: 8 (originally 4)  Memory Usage: 3073kB
        ->  Seq Scan on title t  (cost=0.00..73925.90 rows=304181 width=4) (actual time=0.018..1129.134 rows=422218 loops=1)
              Filter: ((kind_id < 7) AND (production_year < 1994))
              Rows Removed by Filter: 2106094
Planning time: 0.748 ms
Execution time: 4957.573 ms
