Seq Scan on movie_companies mc  (cost=0.00..51404.11 rows=1891654 width=0) (actual time=0.024..909.893 rows=1887469 loops=1)
  Filter: (company_id < 41999)
  Rows Removed by Filter: 721660
Planning time: 0.331 ms
Execution time: 1136.807 ms
