Seq Scan on movie_keyword mk  (cost=0.00..81003.12 rows=2427571 width=0) (actual time=0.026..1445.472 rows=2427108 loops=1)
  Filter: (keyword_id < 5757)
  Rows Removed by Filter: 2096822
Planning time: 0.331 ms
Execution time: 1766.844 ms
