Seq Scan on cast_info ci  (cost=0.00..796071.18 rows=1066738 width=0) (actual time=2467.364..15902.452 rows=1059209 loops=1)
  Filter: ((person_id > 247374) AND (role_id = 9))
  Rows Removed by Filter: 35185135
Planning time: 0.374 ms
Execution time: 16033.799 ms
