Hash Join  (cost=184333.48..305741.71 rows=1046894 width=0) (actual time=4599.966..8340.696 rows=4840529 loops=1)
  Hash Cond: (mk.movie_id = t.id)
  ->  Seq Scan on movie_keyword mk  (cost=0.00..81003.12 rows=2178445 width=4) (actual time=0.024..1604.429 rows=2177976 loops=1)
        Filter: (keyword_id < 4289)
        Rows Removed by Filter: 2345954
  ->  Hash  (cost=164397.32..164397.32 rows=1215133 width=8) (actual time=4599.161..4599.161 rows=1310384 loops=1)
        Buckets: 131072 (originally 131072)  Batches: 32 (originally 16)  Memory Usage: 3073kB
        ->  Hash Join  (cost=104131.46..164397.32 rows=1215133 width=8) (actual time=2220.590..4184.851 rows=1310384 loops=1)
              Hash Cond: (mi_idx.movie_id = t.id)
              ->  Seq Scan on movie_info_idx mi_idx  (cost=0.00..21735.35 rows=1380035 width=4) (actual time=0.015..448.930 rows=1380035 loops=1)
              ->  Hash  (cost=67604.59..67604.59 rows=2226390 width=4) (actual time=2219.196..2219.196 rows=2224569 loops=1)
                    Buckets: 131072  Batches: 32  Memory Usage: 3463kB
                    ->  Seq Scan on title t  (cost=0.00..67604.59 rows=2226390 width=4) (actual time=0.025..1516.503 rows=2224569 loops=1)
                          Filter: (production_year < 2012)
                          Rows Removed by Filter: 303743
Planning time: 1.166 ms
Execution time: 8830.694 ms
