Seq Scan on movie_companies mc  (cost=0.00..51404.11 rows=1939665 width=0) (actual time=0.017..960.407 rows=1946419 loops=1)
  Filter: (company_id > 987)
  Rows Removed by Filter: 662710
Planning time: 0.329 ms
Execution time: 1221.807 ms
