Hash Join  (cost=67697.55..432786.99 rows=43351 width=169) (actual time=727.134..11408.182 rows=127917 loops=1)
  Hash Cond: (mi.movie_id = t.id)
  ->  Seq Scan on movie_info mi  (cost=0.00..309384.22 rows=14739122 width=75) (actual time=0.018..6735.137 rows=14835720 loops=1)
  ->  Hash  (cost=67604.59..67604.59 rows=7437 width=94) (actual time=726.862..726.862 rows=19861 loops=1)
        Buckets: 32768 (originally 8192)  Batches: 1 (originally 1)  Memory Usage: 2499kB
        ->  Seq Scan on title t  (cost=0.00..67604.59 rows=7437 width=94) (actual time=0.037..718.796 rows=19861 loops=1)
              Filter: (production_year = 1988)
              Rows Removed by Filter: 2508451
Planning time: 4.293 ms
Execution time: 11416.884 ms
