Seq Scan on movie_companies mc  (cost=0.00..57926.93 rows=51 width=0) (actual time=0.079..1016.786 rows=221 loops=1)
  Filter: ((company_type_id < 2) AND (company_id = 10734))
  Rows Removed by Filter: 2608908
Planning time: 0.402 ms
Execution time: 1016.955 ms
