Hash Join  (cost=159313.29..1082047.35 rows=2818001 width=0) (actual time=4276.301..29715.092 rows=6464341 loops=1)
  Hash Cond: (ci.movie_id = t.id)
  ->  Seq Scan on cast_info ci  (cost=0.00..705507.15 rows=16201301 width=4) (actual time=0.021..14802.160 rows=16121683 loops=1)
        Filter: (role_id > 2)
        Rows Removed by Filter: 20122661
  ->  Hash  (cost=152097.74..152097.74 rows=439804 width=8) (actual time=4275.474..4275.474 rows=455810 loops=1)
        Buckets: 131072  Batches: 8  Memory Usage: 3256kB
        ->  Hash Join  (cost=107183.38..152097.74 rows=439804 width=8) (actual time=2793.399..4142.173 rows=455810 loops=1)
              Hash Cond: (mi_idx.movie_id = t.id)
              ->  Seq Scan on movie_info_idx mi_idx  (cost=0.00..25185.44 rows=460978 width=4) (actual time=0.024..539.489 rows=459925 loops=1)
                    Filter: (info_type_id = 99)
                    Rows Removed by Filter: 920110
              ->  Hash  (cost=67604.59..67604.59 rows=2412383 width=4) (actual time=2792.311..2792.311 rows=2404496 loops=1)
                    Buckets: 131072  Batches: 32  Memory Usage: 3666kB
                    ->  Seq Scan on title t  (cost=0.00..67604.59 rows=2412383 width=4) (actual time=0.019..1333.815 rows=2404496 loops=1)
                          Filter: (production_year > 1913)
                          Rows Removed by Filter: 123816
Planning time: 1.181 ms
Execution time: 30501.016 ms
