Seq Scan on movie_keyword mk  (cost=0.00..81003.12 rows=2794289 width=0) (actual time=0.018..1502.228 rows=2784381 loops=1)
  Filter: (keyword_id > 2839)
  Rows Removed by Filter: 1739549
Planning time: 0.225 ms
Execution time: 1847.452 ms
