Hash Join  (cost=102767.86..1182002.59 rows=11357265 width=0) (actual time=2001.438..23361.949 rows=5885521 loops=1)
  Hash Cond: (ci.movie_id = t.id)
  ->  Seq Scan on cast_info ci  (cost=0.00..796071.18 rows=11357265 width=4) (actual time=0.017..15276.025 rows=5885521 loops=1)
        Filter: ((person_id < 2623174) AND (role_id > 2))
        Rows Removed by Filter: 30358823
  ->  Hash  (cost=61283.27..61283.27 rows=2528527 width=4) (actual time=2000.577..2000.577 rows=2528312 loops=1)
        Buckets: 131072  Batches: 64  Memory Usage: 2415kB
        ->  Seq Scan on title t  (cost=0.00..61283.27 rows=2528527 width=4) (actual time=0.022..1162.107 rows=2528312 loops=1)
Planning time: 1.049 ms
Execution time: 24013.747 ms
