Seq Scan on movie_companies mc  (cost=0.00..51404.11 rows=34093 width=0) (actual time=0.114..871.576 rows=36136 loops=1)
  Filter: (company_id = 160)
  Rows Removed by Filter: 2572993
Planning time: 0.386 ms
Execution time: 876.740 ms
