Hash Join  (cost=76211.77..201250.55 rows=249174 width=0) (actual time=1306.276..4592.775 rows=850085 loops=1)
  Hash Cond: (mk.movie_id = t.id)
  ->  Seq Scan on movie_keyword mk  (cost=0.00..69693.30 rows=4523930 width=4) (actual time=0.019..1465.647 rows=4523930 loops=1)
  ->  Hash  (cost=73925.90..73925.90 rows=139269 width=4) (actual time=1305.456..1305.456 rows=239782 loops=1)
        Buckets: 131072 (originally 131072)  Batches: 4 (originally 2)  Memory Usage: 3139kB
        ->  Seq Scan on title t  (cost=0.00..73925.90 rows=139269 width=4) (actual time=0.035..1215.357 rows=239782 loops=1)
              Filter: ((kind_id < 7) AND (production_year < 1969))
              Rows Removed by Filter: 2288530
Planning time: 0.746 ms
Execution time: 4684.658 ms
