Seq Scan on movie_keyword mk  (cost=0.00..81003.12 rows=246 width=0) (actual time=5.108..1320.892 rows=27 loops=1)
  Filter: (keyword_id = 64088)
  Rows Removed by Filter: 4523903
Planning time: 0.412 ms
Execution time: 1321.004 ms
