Seq Scan on cast_info ci  (cost=0.00..796071.18 rows=104 width=0) (actual time=6175.934..13408.154 rows=40 loops=1)
  Filter: ((role_id > 7) AND (person_id = 2495836))
  Rows Removed by Filter: 36244304
Planning time: 0.406 ms
Execution time: 13408.306 ms
