Hash Join  (cost=106809.92..254994.33 rows=2455509 width=0) (actual time=2495.758..6510.381 rows=2554979 loops=1)
  Hash Cond: (mk.movie_id = t.id)
  ->  Seq Scan on movie_keyword mk  (cost=0.00..81003.12 rows=2598238 width=4) (actual time=0.019..1745.059 rows=2586915 loops=1)
        Filter: (keyword_id < 6836)
        Rows Removed by Filter: 1937015
  ->  Hash  (cost=67604.59..67604.59 rows=2389627 width=4) (actual time=2494.700..2494.700 rows=2382866 loops=1)
        Buckets: 131072  Batches: 32  Memory Usage: 3653kB
        ->  Seq Scan on title t  (cost=0.00..67604.59 rows=2389627 width=4) (actual time=0.022..1410.199 rows=2382866 loops=1)
              Filter: (production_year > 1916)
              Rows Removed by Filter: 145446
Planning time: 0.707 ms
Execution time: 6808.733 ms
