Hash Join  (cost=190230.21..273585.52 rows=851659 width=0) (actual time=4228.383..6891.485 rows=2257175 loops=1)
  Hash Cond: (mc.movie_id = t.id)
  ->  Seq Scan on movie_companies mc  (cost=0.00..51404.11 rows=1560427 width=4) (actual time=0.025..1048.338 rows=1561289 loops=1)
        Filter: (company_id > 6087)
        Rows Removed by Filter: 1047840
  ->  Hash  (cost=167588.78..167588.78 rows=1380035 width=8) (actual time=4227.063..4227.063 rows=1380035 loops=1)
        Buckets: 131072  Batches: 32  Memory Usage: 2708kB
        ->  Hash Join  (cost=102767.86..167588.78 rows=1380035 width=8) (actual time=1911.710..3849.992 rows=1380035 loops=1)
              Hash Cond: (mi_idx.movie_id = t.id)
              ->  Seq Scan on movie_info_idx mi_idx  (cost=0.00..21735.35 rows=1380035 width=4) (actual time=0.015..457.113 rows=1380035 loops=1)
              ->  Hash  (cost=61283.27..61283.27 rows=2528527 width=4) (actual time=1910.633..1910.633 rows=2528312 loops=1)
                    Buckets: 131072  Batches: 64  Memory Usage: 2415kB
                    ->  Seq Scan on title t  (cost=0.00..61283.27 rows=2528527 width=4) (actual time=0.077..1077.678 rows=2528312 loops=1)
Planning time: 1.116 ms
Execution time: 7153.489 ms
