Hash Join  (cost=174164.03..1180862.91 rows=5657396 width=0) (actual time=3915.028..31886.977 rows=9707509 loops=1)
  Hash Cond: (ci.movie_id = t.id)
  ->  Seq Scan on cast_info ci  (cost=0.00..705507.15 rows=20925005 width=4) (actual time=0.010..14975.974 rows=20799999 loops=1)
        Filter: (person_id < 2095801)
        Rows Removed by Filter: 15444345
  ->  Hash  (cost=162947.71..162947.71 rows=683626 width=8) (actual time=3913.797..3913.797 rows=524576 loops=1)
        Buckets: 131072  Batches: 16  Memory Usage: 2280kB
        ->  Hash Join  (cost=78473.92..162947.71 rows=683626 width=8) (actual time=1327.091..3757.108 rows=524576 loops=1)
              Hash Cond: (mc.movie_id = t.id)
              ->  Seq Scan on movie_companies mc  (cost=0.00..44881.29 rows=2609129 width=4) (actual time=0.019..955.760 rows=2609129 loops=1)
              ->  Hash  (cost=67604.59..67604.59 rows=662507 width=4) (actual time=1326.029..1326.029 rows=662065 loops=1)
                    Buckets: 131072  Batches: 16  Memory Usage: 2481kB
                    ->  Seq Scan on title t  (cost=0.00..67604.59 rows=662507 width=4) (actual time=0.016..1110.886 rows=662065 loops=1)
                          Filter: (production_year > 2008)
                          Rows Removed by Filter: 1866247
Planning time: 0.791 ms
Execution time: 32988.569 ms
