Hash Join  (cost=196247.76..335592.51 rows=1423471 width=0) (actual time=4389.545..9908.930 rows=8923482 loops=1)
  Hash Cond: (mk.movie_id = t.id)
  ->  Seq Scan on movie_keyword mk  (cost=0.00..69693.30 rows=4523930 width=4) (actual time=0.013..1497.853 rows=4523930 loops=1)
  ->  Hash  (cost=183194.63..183194.63 rows=795610 width=8) (actual time=4388.409..4388.409 rows=785673 loops=1)
        Buckets: 131072  Batches: 16  Memory Usage: 2960kB
        ->  Hash Join  (cost=102767.86..183194.63 rows=795610 width=8) (actual time=1939.094..4168.872 rows=785673 loops=1)
              Hash Cond: (mc.movie_id = t.id)
              ->  Seq Scan on movie_companies mc  (cost=0.00..51404.11 rows=795610 width=4) (actual time=0.053..938.076 rows=785673 loops=1)
                    Filter: (company_id < 1709)
                    Rows Removed by Filter: 1823456
              ->  Hash  (cost=61283.27..61283.27 rows=2528527 width=4) (actual time=1936.850..1936.850 rows=2528312 loops=1)
                    Buckets: 131072  Batches: 64  Memory Usage: 2415kB
                    ->  Seq Scan on title t  (cost=0.00..61283.27 rows=2528527 width=4) (actual time=0.011..1101.163 rows=2528312 loops=1)
Planning time: 5.098 ms
Execution time: 10816.713 ms
