Hash Join  (cost=83075.14..109986.86 rows=124 width=0) (actual time=1260.721..1761.462 rows=84 loops=1)
  Hash Cond: (mi_idx.movie_id = t.id)
  ->  Seq Scan on movie_info_idx mi_idx  (cost=0.00..21735.35 rows=1380035 width=4) (actual time=0.019..288.991 rows=1380035 loops=1)
  ->  Hash  (cost=83072.29..83072.29 rows=228 width=8) (actual time=1218.937..1218.937 rows=39 loops=1)
        Buckets: 1024  Batches: 1  Memory Usage: 10kB
        ->  Nested Loop  (cost=0.43..83072.29 rows=228 width=8) (actual time=19.104..1218.867 rows=39 loops=1)
              ->  Seq Scan on movie_keyword mk  (cost=0.00..81003.12 rows=246 width=4) (actual time=19.036..1216.917 rows=39 loops=1)
                    Filter: (keyword_id = 15831)
                    Rows Removed by Filter: 4523891
              ->  Index Scan using title_pkey on title t  (cost=0.43..8.40 rows=1 width=4) (actual time=0.043..0.044 rows=1 loops=39)
                    Index Cond: (id = mk.movie_id)
                    Filter: (production_year > 1933)
Planning time: 1.131 ms
Execution time: 1761.633 ms
