Seq Scan on cast_info ci  (cost=0.00..796071.18 rows=324 width=0) (actual time=3907.932..13852.159 rows=10 loops=1)
  Filter: ((role_id > 1) AND (person_id = 2755509))
  Rows Removed by Filter: 36244334
Planning time: 0.375 ms
Execution time: 13852.264 ms
