Hash Join  (cost=104445.35..285807.64 rows=3749353 width=0) (actual time=1971.204..7242.070 rows=3572587 loops=1)
  Hash Cond: (mk.movie_id = t.id)
  ->  Seq Scan on movie_keyword mk  (cost=0.00..81003.12 rows=4221926 width=4) (actual time=0.021..1726.634 rows=4226295 loops=1)
        Filter: (keyword_id < 54149)
        Rows Removed by Filter: 297635
  ->  Hash  (cost=67604.59..67604.59 rows=2245501 width=4) (actual time=1970.189..1970.189 rows=2235103 loops=1)
        Buckets: 131072  Batches: 32  Memory Usage: 3492kB
        ->  Seq Scan on title t  (cost=0.00..67604.59 rows=2245501 width=4) (actual time=0.028..1265.242 rows=2235103 loops=1)
              Filter: (production_year > 1957)
              Rows Removed by Filter: 293209
Planning time: 0.976 ms
Execution time: 7648.100 ms
