Nested Loop  (cost=0.43..709673.15 rows=485 width=0) (actual time=4270.096..10565.838 rows=232 loops=1)
  ->  Seq Scan on cast_info ci  (cost=0.00..705507.15 rows=500 width=4) (actual time=4270.005..10557.582 rows=237 loops=1)
        Filter: (person_id = 1784020)
        Rows Removed by Filter: 36244107
  ->  Index Scan using title_pkey on title t  (cost=0.43..8.32 rows=1 width=4) (actual time=0.034..0.034 rows=1 loops=237)
        Index Cond: (id = ci.movie_id)
        Filter: (production_year > 1899)
        Rows Removed by Filter: 0
Planning time: 1.046 ms
Execution time: 10566.024 ms
