Hash Join  (cost=307959.69..1871580.80 rows=42759494 width=0) (actual time=7396.979..48551.700 rows=33769171 loops=1)
  Hash Cond: (ci.movie_id = t.id)
  ->  Seq Scan on cast_info ci  (cost=0.00..614943.12 rows=36225612 width=4) (actual time=0.015..14515.423 rows=36244344 loops=1)
  ->  Hash  (cost=258993.34..258993.34 rows=2984588 width=8) (actual time=7395.378..7395.378 rows=1203219 loops=1)
        Buckets: 131072  Batches: 64  Memory Usage: 1737kB
        ->  Hash Join  (cost=94973.51..258993.34 rows=2984588 width=8) (actual time=2298.146..6382.514 rows=1203219 loops=1)
              Hash Cond: (mk.movie_id = t.id)
              ->  Seq Scan on movie_keyword mk  (cost=0.00..69693.30 rows=4523930 width=4) (actual time=0.012..1401.651 rows=4523930 loops=1)
              ->  Hash  (cost=67604.59..67604.59 rows=1668154 width=4) (actual time=2295.931..2295.931 rows=1674098 loops=1)
                    Buckets: 131072  Batches: 32  Memory Usage: 2875kB
                    ->  Seq Scan on title t  (cost=0.00..67604.59 rows=1668154 width=4) (actual time=0.019..1259.240 rows=1674098 loops=1)
                          Filter: (kind_id > 3)
                          Rows Removed by Filter: 854214
Planning time: 1.097 ms
Execution time: 52544.397 ms
