Hash Join  (cost=709678.15..1074363.23 rows=2915 width=0) (actual time=11595.323..18828.909 rows=2631 loops=1)
  Hash Cond: (mi.movie_id = t.id)
  ->  Seq Scan on movie_info mi  (cost=0.00..309384.22 rows=14739122 width=4) (actual time=0.016..4473.165 rows=14835720 loops=1)
  ->  Hash  (cost=709671.90..709671.90 rows=500 width=8) (actual time=11582.986..11582.986 rows=288 loops=1)
        Buckets: 1024  Batches: 1  Memory Usage: 20kB
        ->  Nested Loop  (cost=0.43..709671.90 rows=500 width=8) (actual time=5701.204..11582.846 rows=288 loops=1)
              ->  Seq Scan on cast_info ci  (cost=0.00..705507.15 rows=500 width=4) (actual time=5700.984..11576.991 rows=288 loops=1)
                    Filter: (person_id = 1974348)
                    Rows Removed by Filter: 36244056
              ->  Index Only Scan using title_pkey on title t  (cost=0.43..8.32 rows=1 width=4) (actual time=0.019..0.019 rows=1 loops=288)
                    Index Cond: (id = ci.movie_id)
                    Heap Fetches: 288
Planning time: 1.272 ms
Execution time: 18829.767 ms
