Hash Join  (cost=1018504.83..4191001.73 rows=160780455 width=0) (actual time=26594.247..147357.516 rows=347580457 loops=1)
  Hash Cond: (ci.movie_id = t.id)
  ->  Seq Scan on cast_info ci  (cost=0.00..705507.15 rows=27582221 width=4) (actual time=1299.278..15767.174 rows=27720559 loops=1)
        Filter: (person_id > 837454)
        Rows Removed by Filter: 8523785
  ->  Hash  (cost=776690.81..776690.81 rows=14739122 width=8) (actual time=25291.962..25291.962 rows=14835720 loops=1)
        Buckets: 131072  Batches: 256  Memory Usage: 3268kB
        ->  Hash Join  (cost=102767.86..776690.81 rows=14739122 width=8) (actual time=2424.570..20961.219 rows=14835720 loops=1)
              Hash Cond: (mi.movie_id = t.id)
              ->  Seq Scan on movie_info mi  (cost=0.00..309384.22 rows=14739122 width=4) (actual time=0.031..5907.053 rows=14835720 loops=1)
              ->  Hash  (cost=61283.27..61283.27 rows=2528527 width=4) (actual time=2423.466..2423.466 rows=2528312 loops=1)
                    Buckets: 131072  Batches: 64  Memory Usage: 2425kB
                    ->  Seq Scan on title t  (cost=0.00..61283.27 rows=2528527 width=4) (actual time=0.018..950.399 rows=2528312 loops=1)
Planning time: 1.137 ms
Execution time: 186140.044 ms
