Seq Scan on cast_info ci  (cost=0.00..796071.18 rows=5716999 width=0) (actual time=944.701..15009.972 rows=7450525 loops=1)
  Filter: ((person_id > 751867) AND (role_id = 2))
  Rows Removed by Filter: 28793819
Planning time: 0.391 ms
Execution time: 15789.659 ms
