Seq Scan on movie_companies mc  (cost=0.00..51404.11 rows=104 width=0) (actual time=196.550..863.489 rows=8 loops=1)
  Filter: (company_id = 160282)
  Rows Removed by Filter: 2609121
Planning time: 0.263 ms
Execution time: 863.558 ms
