Seq Scan on movie_keyword mk  (cost=0.00..81003.12 rows=61983 width=0) (actual time=0.028..1279.347 rows=59189 loops=1)
  Filter: (keyword_id > 95510)
  Rows Removed by Filter: 4464741
Planning time: 0.230 ms
Execution time: 1292.367 ms
