Hash Join  (cost=125339.09..252041.89 rows=385776 width=0) (actual time=2577.565..6116.508 rows=2073553 loops=1)
  Hash Cond: (mk.movie_id = t.id)
  ->  Seq Scan on movie_keyword mk  (cost=0.00..69693.30 rows=4523930 width=4) (actual time=0.019..1364.288 rows=4523930 loops=1)
  ->  Hash  (cost=121800.85..121800.85 rows=215619 width=8) (actual time=2576.400..2576.400 rows=275110 loops=1)
        Buckets: 131072  Batches: 4  Memory Usage: 3710kB
        ->  Hash Join  (cost=80408.18..121800.85 rows=215619 width=8) (actual time=1239.731..2472.260 rows=275110 loops=1)
              Hash Cond: (mi_idx.movie_id = t.id)
              ->  Seq Scan on movie_info_idx mi_idx  (cost=0.00..21735.35 rows=1380035 width=4) (actual time=0.016..477.708 rows=1380035 loops=1)
              ->  Hash  (cost=73925.90..73925.90 rows=395062 width=4) (actual time=1238.844..1238.844 rows=335993 loops=1)
                    Buckets: 131072  Batches: 8  Memory Usage: 2492kB
                    ->  Seq Scan on title t  (cost=0.00..73925.90 rows=395062 width=4) (actual time=0.040..1117.738 rows=335993 loops=1)
                          Filter: ((kind_id < 7) AND (production_year > 2005))
                          Rows Removed by Filter: 2192319
Planning time: 1.204 ms
Execution time: 6362.468 ms
