Hash Join  (cost=83074.74..109986.57 rows=134 width=0) (actual time=1378.130..1855.413 rows=243 loops=1)
  Hash Cond: (mi_idx.movie_id = t.id)
  ->  Seq Scan on movie_info_idx mi_idx  (cost=0.00..21735.35 rows=1380035 width=4) (actual time=0.016..291.218 rows=1380035 loops=1)
  ->  Hash  (cost=83071.67..83071.67 rows=246 width=8) (actual time=1318.389..1318.389 rows=88 loops=1)
        Buckets: 1024  Batches: 1  Memory Usage: 12kB
        ->  Nested Loop  (cost=0.43..83071.67 rows=246 width=8) (actual time=49.806..1318.262 rows=88 loops=1)
              ->  Seq Scan on movie_keyword mk  (cost=0.00..81003.12 rows=246 width=4) (actual time=49.710..1314.348 rows=88 loops=1)
                    Filter: (keyword_id = 29203)
                    Rows Removed by Filter: 4523842
              ->  Index Only Scan using title_pkey on title t  (cost=0.43..8.40 rows=1 width=4) (actual time=0.038..0.039 rows=1 loops=88)
                    Index Cond: (id = mk.movie_id)
                    Heap Fetches: 88
Planning time: 0.709 ms
Execution time: 1855.555 ms
