Seq Scan on movie_companies mc  (cost=0.00..57926.93 rows=1234502 width=0) (actual time=0.021..872.644 rows=1274246 loops=1)
  Filter: ((company_id < 162379) AND (company_type_id < 2))
  Rows Removed by Filter: 1334883
Planning time: 0.320 ms
Execution time: 995.604 ms
