Hash Join  (cost=75398.08..113931.10 rows=48954 width=0) (actual time=1088.458..1918.189 rows=83445 loops=1)
  Hash Cond: (mi_idx.movie_id = t.id)
  ->  Seq Scan on movie_info_idx mi_idx  (cost=0.00..21735.35 rows=1380035 width=4) (actual time=0.014..390.194 rows=1380035 loops=1)
  ->  Hash  (cost=73925.90..73925.90 rows=89694 width=4) (actual time=1087.683..1087.683 rows=117850 loops=1)
        Buckets: 131072  Batches: 2  Memory Usage: 3094kB
        ->  Seq Scan on title t  (cost=0.00..73925.90 rows=89694 width=4) (actual time=0.024..1046.416 rows=117850 loops=1)
              Filter: ((production_year > 1977) AND (kind_id = 4))
              Rows Removed by Filter: 2410462
Planning time: 0.740 ms
Execution time: 1928.635 ms
