Hash Join  (cost=162516.76..549417.53 rows=382096 width=0) (actual time=2897.418..11465.410 rows=646464 loops=1)
  Hash Cond: (mi.movie_id = t.id)
  ->  Seq Scan on movie_info mi  (cost=0.00..309384.22 rows=14739122 width=4) (actual time=0.012..4644.281 rows=14835720 loops=1)
  ->  Hash  (cost=161697.40..161697.40 rows=65549 width=8) (actual time=2896.747..2896.747 rows=63356 loops=1)
        Buckets: 131072  Batches: 1  Memory Usage: 3499kB
        ->  Hash Join  (cost=74383.87..161697.40 rows=65549 width=8) (actual time=1056.784..2875.555 rows=63356 loops=1)
              Hash Cond: (mk.movie_id = t.id)
              ->  Seq Scan on movie_keyword mk  (cost=0.00..69693.30 rows=4523930 width=4) (actual time=0.013..972.758 rows=4523930 loops=1)
              ->  Hash  (cost=73925.90..73925.90 rows=36637 width=4) (actual time=1056.354..1056.354 rows=13887 loops=1)
                    Buckets: 65536  Batches: 1  Memory Usage: 1001kB
                    ->  Seq Scan on title t  (cost=0.00..73925.90 rows=36637 width=4) (actual time=338.617..1050.531 rows=13887 loops=1)
                          Filter: ((production_year < 1995) AND (kind_id = 4))
                          Rows Removed by Filter: 2514425
Planning time: 2.043 ms
Execution time: 11550.145 ms
