Seq Scan on movie_companies mc  (cost=0.00..57926.93 rows=89717 width=0) (actual time=298.728..869.370 rows=176200 loops=1)
  Filter: ((company_id > 121635) AND (company_type_id > 1))
  Rows Removed by Filter: 2432929
Planning time: 0.323 ms
Execution time: 891.542 ms
