Seq Scan on cast_info ci  (cost=0.00..705507.15 rows=500 width=0) (actual time=2412.031..9626.096 rows=164 loops=1)
  Filter: (person_id = 3734080)
  Rows Removed by Filter: 36244180
Planning time: 0.356 ms
Execution time: 9626.175 ms
