Hash Join  (cost=102767.86..195742.02 rows=86956 width=0) (actual time=1978.853..3763.036 rows=85027 loops=1)
  Hash Cond: (mk.movie_id = t.id)
  ->  Seq Scan on movie_keyword mk  (cost=0.00..81003.12 rows=86956 width=4) (actual time=0.027..1345.392 rows=85027 loops=1)
        Filter: (keyword_id > 86334)
        Rows Removed by Filter: 4438903
  ->  Hash  (cost=61283.27..61283.27 rows=2528527 width=4) (actual time=1971.579..1971.579 rows=2528312 loops=1)
        Buckets: 131072  Batches: 64  Memory Usage: 2425kB
        ->  Seq Scan on title t  (cost=0.00..61283.27 rows=2528527 width=4) (actual time=0.015..1093.995 rows=2528312 loops=1)
Planning time: 0.673 ms
Execution time: 3772.804 ms
