Nested Loop  (cost=0.43..797957.66 rows=224 width=0) (actual time=7429.430..13649.623 rows=501 loops=1)
  ->  Seq Scan on cast_info ci  (cost=0.00..796071.18 rows=224 width=4) (actual time=7429.324..13638.117 rows=501 loops=1)
        Filter: ((role_id > 2) AND (person_id = 2846844))
        Rows Removed by Filter: 36243843
  ->  Index Only Scan using title_pkey on title t  (cost=0.43..8.41 rows=1 width=4) (actual time=0.022..0.022 rows=1 loops=501)
        Index Cond: (id = ci.movie_id)
        Heap Fetches: 501
Planning time: 0.821 ms
Execution time: 13649.806 ms
