Hash Join  (cost=92703.08..239652.91 rows=2047679 width=0) (actual time=2029.465..5773.924 rows=1143082 loops=1)
  Hash Cond: (mk.movie_id = t.id)
  ->  Seq Scan on movie_keyword mk  (cost=0.00..69693.30 rows=4523930 width=4) (actual time=0.019..1442.571 rows=4523930 loops=1)
  ->  Hash  (cost=73925.90..73925.90 rows=1144494 width=4) (actual time=2028.042..2028.042 rows=1095581 loops=1)
        Buckets: 131072  Batches: 16  Memory Usage: 3443kB
        ->  Seq Scan on title t  (cost=0.00..73925.90 rows=1144494 width=4) (actual time=0.025..1400.915 rows=1095581 loops=1)
              Filter: ((kind_id > 1) AND (production_year < 2007))
              Rows Removed by Filter: 1432731
Planning time: 0.661 ms
Execution time: 5907.242 ms
