Seq Scan on cast_info ci  (cost=0.00..705507.15 rows=13619199 width=0) (actual time=1385.832..10981.450 rows=13782109 loops=1)
  Filter: (person_id > 2291178)
  Rows Removed by Filter: 22462235
Planning time: 0.883 ms
Execution time: 12473.493 ms
