Hash Join  (cost=67612.84..127268.82 rows=574 width=0) (actual time=1153.496..2509.748 rows=3469 loops=1)
  Hash Cond: (mc.movie_id = t.id)
  ->  Seq Scan on movie_companies mc  (cost=0.00..51404.11 rows=2198968 width=4) (actual time=0.015..1006.518 rows=2195975 loops=1)
        Filter: (company_id < 80696)
        Rows Removed by Filter: 413154
  ->  Hash  (cost=67604.59..67604.59 rows=660 width=4) (actual time=1153.157..1153.157 rows=3515 loops=1)
        Buckets: 4096 (originally 1024)  Batches: 1 (originally 1)  Memory Usage: 156kB
        ->  Seq Scan on title t  (cost=0.00..67604.59 rows=660 width=4) (actual time=3.111..1151.305 rows=3515 loops=1)
              Filter: (production_year > 2013)
              Rows Removed by Filter: 2524797
Planning time: 0.458 ms
Execution time: 2510.499 ms
