Hash Join  (cost=709678.15..1091465.08 rows=1874 width=0) (actual time=13629.154..17936.044 rows=17 loops=1)
  Hash Cond: (mi.movie_id = t.id)
  ->  Seq Scan on movie_info mi  (cost=0.00..346232.03 rows=9476311 width=4) (actual time=230.022..6001.592 rows=9565151 loops=1)
        Filter: (info_type_id < 16)
        Rows Removed by Filter: 5270569
  ->  Hash  (cost=709671.90..709671.90 rows=500 width=8) (actual time=10686.298..10686.298 rows=64 loops=1)
        Buckets: 1024  Batches: 1  Memory Usage: 11kB
        ->  Nested Loop  (cost=0.43..709671.90 rows=500 width=8) (actual time=8168.270..10686.238 rows=64 loops=1)
              ->  Seq Scan on cast_info ci  (cost=0.00..705507.15 rows=500 width=4) (actual time=8168.124..10685.376 rows=64 loops=1)
                    Filter: (person_id = 3107746)
                    Rows Removed by Filter: 36244280
              ->  Index Only Scan using title_pkey on title t  (cost=0.43..8.32 rows=1 width=4) (actual time=0.012..0.012 rows=1 loops=64)
                    Index Cond: (id = ci.movie_id)
                    Heap Fetches: 64
Planning time: 1.166 ms
Execution time: 17936.153 ms
