Hash Join  (cost=101266.37..159564.99 rows=183 width=0) (actual time=1618.993..2434.500 rows=97 loops=1)
  Hash Cond: (mc.movie_id = t.id)
  ->  Seq Scan on movie_companies mc  (cost=0.00..57926.93 rows=98630 width=4) (actual time=0.027..813.532 rows=158760 loops=1)
        Filter: ((company_id < 60) AND (company_type_id = 1))
        Rows Removed by Filter: 2450369
  ->  Hash  (cost=101207.84..101207.84 rows=4682 width=8) (actual time=1592.295..1592.295 rows=2180 loops=1)
        Buckets: 8192  Batches: 1  Memory Usage: 150kB
        ->  Hash Join  (cost=74246.92..101207.84 rows=4682 width=8) (actual time=1087.367..1591.219 rows=2180 loops=1)
              Hash Cond: (mi_idx.movie_id = t.id)
              ->  Seq Scan on movie_info_idx mi_idx  (cost=0.00..25185.44 rows=460978 width=4) (actual time=0.023..393.909 rows=459925 loops=1)
                    Filter: (info_type_id = 99)
                    Rows Removed by Filter: 920110
              ->  Hash  (cost=73925.90..73925.90 rows=25681 width=4) (actual time=1086.973..1086.973 rows=23707 loops=1)
                    Buckets: 32768  Batches: 1  Memory Usage: 1090kB
                    ->  Seq Scan on title t  (cost=0.00..73925.90 rows=25681 width=4) (actual time=0.038..1077.214 rows=23707 loops=1)
                          Filter: ((kind_id < 7) AND (production_year = 2013))
                          Rows Removed by Filter: 2504605
Planning time: 1.122 ms
Execution time: 2434.716 ms
