Hash Join  (cost=74657.14..833827.32 rows=838101 width=0) (actual time=1087.702..21763.933 rows=833813 loops=1)
  Hash Cond: (ci.movie_id = t.id)
  ->  Seq Scan on cast_info ci  (cost=0.00..614943.12 rows=36225612 width=4) (actual time=0.025..8806.338 rows=36244344 loops=1)
  ->  Hash  (cost=73925.90..73925.90 rows=58499 width=4) (actual time=1087.122..1087.122 rows=62752 loops=1)
        Buckets: 65536  Batches: 1  Memory Usage: 2719kB
        ->  Seq Scan on title t  (cost=0.00..73925.90 rows=58499 width=4) (actual time=17.041..1063.230 rows=62752 loops=1)
              Filter: ((kind_id = 7) AND (production_year = 2005))
              Rows Removed by Filter: 2465560
Planning time: 0.656 ms
Execution time: 21888.054 ms
