Hash Join  (cost=74934.79..449395.60 rows=9033 width=0) (actual time=1003.319..8489.796 rows=40735 loops=1)
  Hash Cond: (mi.movie_id = t.id)
  ->  Seq Scan on movie_info mi  (cost=0.00..346232.03 rows=7503588 width=4) (actual time=0.022..6261.463 rows=7548855 loops=1)
        Filter: (info_type_id > 7)
        Rows Removed by Filter: 7286865
  ->  Hash  (cost=74896.74..74896.74 rows=3044 width=8) (actual time=979.965..979.965 rows=3415 loops=1)
        Buckets: 4096  Batches: 1  Memory Usage: 166kB
        ->  Nested Loop  (cost=0.43..74896.74 rows=3044 width=8) (actual time=309.781..978.279 rows=3415 loops=1)
              ->  Seq Scan on movie_companies mc  (cost=0.00..51404.11 rows=3044 width=4) (actual time=309.701..878.582 rows=3415 loops=1)
                    Filter: (company_id = 122)
                    Rows Removed by Filter: 2605714
              ->  Index Only Scan using title_pkey on title t  (cost=0.43..7.71 rows=1 width=4) (actual time=0.028..0.029 rows=1 loops=3415)
                    Index Cond: (id = mc.movie_id)
                    Heap Fetches: 3415
Planning time: 1.024 ms
Execution time: 8495.369 ms
