Hash Join  (cost=264438.71..1635192.15 rows=28392631 width=0) (actual time=6001.807..56295.646 rows=83660013 loops=1)
  Hash Cond: (ci.movie_id = t.id)
  ->  Seq Scan on cast_info ci  (cost=0.00..614943.12 rows=36225612 width=4) (actual time=0.024..13422.985 rows=36244344 loops=1)
  ->  Hash  (cost=231924.35..231924.35 rows=1981789 width=8) (actual time=6000.261..6000.261 rows=1428290 loops=1)
        Buckets: 131072  Batches: 32  Memory Usage: 2818kB
        ->  Hash Join  (cost=85777.42..231924.35 rows=1981789 width=8) (actual time=1619.885..5595.337 rows=1428290 loops=1)
              Hash Cond: (mk.movie_id = t.id)
              ->  Seq Scan on movie_keyword mk  (cost=0.00..69693.30 rows=4523930 width=4) (actual time=0.028..1473.152 rows=4523930 loops=1)
              ->  Hash  (cost=67604.59..67604.59 rows=1107667 width=4) (actual time=1618.813..1618.813 rows=1107925 loops=1)
                    Buckets: 131072  Batches: 16  Memory Usage: 3467kB
                    ->  Seq Scan on title t  (cost=0.00..67604.59 rows=1107667 width=4) (actual time=0.017..1248.930 rows=1107925 loops=1)
                          Filter: (production_year > 2004)
                          Rows Removed by Filter: 1420387
Planning time: 1.071 ms
Execution time: 64882.767 ms
