Seq Scan on cast_info ci  (cost=0.00..796071.18 rows=5099222 width=0) (actual time=4672.296..12773.120 rows=6541842 loops=1)
  Filter: ((person_id < 894296) AND (role_id < 3))
  Rows Removed by Filter: 29702502
Planning time: 0.333 ms
Execution time: 13602.060 ms
