Hash Join  (cost=78306.32..116082.66 rows=96628 width=0) (actual time=1262.350..2141.414 rows=116048 loops=1)
  Hash Cond: (mi_idx.movie_id = t.id)
  ->  Seq Scan on movie_info_idx mi_idx  (cost=0.00..25185.44 rows=915101 width=4) (actual time=0.023..494.436 rows=919850 loops=1)
        Filter: (info_type_id < 101)
        Rows Removed by Filter: 460185
  ->  Hash  (cost=73925.90..73925.90 rows=266993 width=4) (actual time=1261.255..1261.255 rows=216282 loops=1)
        Buckets: 131072  Batches: 4  Memory Usage: 2928kB
        ->  Seq Scan on title t  (cost=0.00..73925.90 rows=266993 width=4) (actual time=178.013..1193.112 rows=216282 loops=1)
              Filter: ((production_year > 2005) AND (kind_id = 1))
              Rows Removed by Filter: 2312030
Planning time: 0.453 ms
Execution time: 2153.283 ms
