Seq Scan on movie_keyword mk  (cost=0.00..81003.12 rows=7540 width=0) (actual time=0.050..1225.630 rows=7692 loops=1)
  Filter: (keyword_id = 186)
  Rows Removed by Filter: 4516238
Planning time: 0.400 ms
Execution time: 1227.355 ms
