Hash Join  (cost=83072.30..109982.79 rows=1 width=0) (actual time=1168.434..1726.071 rows=18 loops=1)
  Hash Cond: (mi_idx.movie_id = t.id)
  ->  Seq Scan on movie_info_idx mi_idx  (cost=0.00..21735.35 rows=1380035 width=4) (actual time=0.019..331.916 rows=1380035 loops=1)
  ->  Hash  (cost=83072.29..83072.29 rows=1 width=8) (actual time=1142.208..1142.208 rows=8 loops=1)
        Buckets: 1024  Batches: 1  Memory Usage: 9kB
        ->  Nested Loop  (cost=0.43..83072.29 rows=1 width=8) (actual time=81.138..1142.177 rows=8 loops=1)
              ->  Seq Scan on movie_keyword mk  (cost=0.00..81003.12 rows=246 width=4) (actual time=0.669..1129.298 rows=315 loops=1)
                    Filter: (keyword_id = 5518)
                    Rows Removed by Filter: 4523615
              ->  Index Scan using title_pkey on title t  (cost=0.43..8.40 rows=1 width=4) (actual time=0.039..0.039 rows=0 loops=315)
                    Index Cond: (id = mk.movie_id)
                    Filter: (production_year = 1985)
                    Rows Removed by Filter: 1
Planning time: 1.151 ms
Execution time: 1726.219 ms
