Seq Scan on movie_keyword mk  (cost=0.00..81003.12 rows=1535688 width=0) (actual time=0.015..1433.049 rows=1550299 loops=1)
  Filter: (keyword_id > 10180)
  Rows Removed by Filter: 2973631
Planning time: 0.217 ms
Execution time: 1625.043 ms
