Seq Scan on cast_info ci  (cost=0.00..705507.15 rows=3470438 width=0) (actual time=0.024..11377.360 rows=3345452 loops=1)
  Filter: (person_id < 321864)
  Rows Removed by Filter: 32898892
Planning time: 0.348 ms
Execution time: 11794.264 ms
