Hash Join  (cost=68113.45..130851.81 rows=19807 width=0) (actual time=3439.206..7369.167 rows=18050 loops=1)
  Hash Cond: (mc.movie_id = t.id)
  ->  Seq Scan on movie_companies mc  (cost=0.00..57926.93 rows=1230228 width=4) (actual time=0.028..3492.968 rows=1274246 loops=1)
        Filter: ((company_id < 156722) AND (company_type_id < 2))
        Rows Removed by Filter: 1334883
  ->  Hash  (cost=67604.59..67604.59 rows=40709 width=4) (actual time=3434.201..3434.201 rows=38955 loops=1)
        Buckets: 65536  Batches: 1  Memory Usage: 1882kB
        ->  Seq Scan on title t  (cost=0.00..67604.59 rows=40709 width=4) (actual time=0.023..3404.357 rows=38955 loops=1)
              Filter: (production_year = 1997)
              Rows Removed by Filter: 2489357
Planning time: 0.803 ms
Execution time: 7373.162 ms
