Hash Join  (cost=85684.58..887045.82 rows=48991 width=0) (actual time=8460.407..12547.674 rows=52296 loops=1)
  Hash Cond: (ci.movie_id = t.id)
  ->  Seq Scan on cast_info ci  (cost=0.00..796071.18 rows=172841 width=4) (actual time=7050.550..10933.637 rows=225338 loops=1)
        Filter: ((person_id > 3405747) AND (role_id = 8))
        Rows Removed by Filter: 36019006
  ->  Hash  (cost=73925.90..73925.90 rows=716694 width=4) (actual time=1408.074..1408.074 rows=604570 loops=1)
        Buckets: 131072  Batches: 16  Memory Usage: 2356kB
        ->  Seq Scan on title t  (cost=0.00..73925.90 rows=716694 width=4) (actual time=0.039..1200.355 rows=604570 loops=1)
              Filter: ((kind_id > 1) AND (production_year < 1999))
              Rows Removed by Filter: 1923742
Planning time: 3.145 ms
Execution time: 12554.271 ms
