Hash Join  (cost=188488.65..754685.34 rows=6547099 width=0) (actual time=4973.738..22608.386 rows=16578590 loops=1)
  Hash Cond: (mi.movie_id = t.id)
  ->  Seq Scan on movie_info mi  (cost=0.00..346232.03 rows=12928982 width=4) (actual time=0.019..7165.629 rows=12970088 loops=1)
        Filter: (info_type_id < 18)
        Rows Removed by Filter: 1865632
  ->  Hash  (cost=167481.42..167481.42 rows=1280419 width=8) (actual time=4972.313..4972.313 rows=1351313 loops=1)
        Buckets: 131072  Batches: 32  Memory Usage: 2694kB
        ->  Hash Join  (cost=106094.70..167481.42 rows=1280419 width=8) (actual time=2159.872..4489.476 rows=1351313 loops=1)
              Hash Cond: (mi_idx.movie_id = t.id)
              ->  Seq Scan on movie_info_idx mi_idx  (cost=0.00..21735.35 rows=1380035 width=4) (actual time=0.016..465.774 rows=1380035 loops=1)
              ->  Hash  (cost=67604.59..67604.59 rows=2346009 width=4) (actual time=2158.980..2158.980 rows=2338360 loops=1)
                    Buckets: 131072  Batches: 32  Memory Usage: 3596kB
                    ->  Seq Scan on title t  (cost=0.00..67604.59 rows=2346009 width=4) (actual time=0.016..1414.250 rows=2338360 loops=1)
                          Filter: (production_year > 1930)
                          Rows Removed by Filter: 189952
Planning time: 10.853 ms
Execution time: 24471.502 ms
