Seq Scan on cast_info ci  (cost=0.00..705507.15 rows=500 width=0) (actual time=18791.249..33838.546 rows=188 loops=1)
  Filter: (person_id = 2417269)
  Rows Removed by Filter: 36244156
Planning time: 0.364 ms
Execution time: 33838.681 ms
