Seq Scan on movie_companies mc  (cost=0.00..51404.11 rows=104 width=0) (actual time=6.935..814.721 rows=246 loops=1)
  Filter: (company_id = 16478)
  Rows Removed by Filter: 2608883
Planning time: 0.365 ms
Execution time: 814.855 ms
