Hash Join  (cost=152045.61..1211509.91 rows=2497914 width=0) (actual time=7739.822..83038.429 rows=7664839 loops=1)
  Hash Cond: (ci.movie_id = t.id)
  ->  Seq Scan on cast_info ci  (cost=0.00..614943.12 rows=36225612 width=4) (actual time=0.026..46308.856 rows=36244344 loops=1)
  ->  Hash  (cost=149184.19..149184.19 rows=174353 width=8) (actual time=7738.921..7738.921 rows=420102 loops=1)
        Buckets: 131072 (originally 131072)  Batches: 8 (originally 4)  Memory Usage: 3085kB
        ->  Hash Join  (cost=79366.51..149184.19 rows=174353 width=8) (actual time=4789.373..7547.991 rows=420102 loops=1)
              Hash Cond: (mc.movie_id = t.id)
              ->  Seq Scan on movie_companies mc  (cost=0.00..51404.11 rows=1329612 width=4) (actual time=973.177..2645.473 rows=1334883 loops=1)
                    Filter: (company_type_id = 2)
                    Rows Removed by Filter: 1274246
              ->  Hash  (cost=73925.90..73925.90 rows=331568 width=4) (actual time=3815.195..3815.195 rows=445194 loops=1)
                    Buckets: 131072  Batches: 8  Memory Usage: 2992kB
                    ->  Seq Scan on title t  (cost=0.00..73925.90 rows=331568 width=4) (actual time=0.048..3610.885 rows=445194 loops=1)
                          Filter: ((kind_id < 7) AND (production_year < 1996))
                          Rows Removed by Filter: 2083118
Planning time: 1.121 ms
Execution time: 84232.266 ms
