Hash Join  (cost=180799.89..985175.54 rows=45087 width=0) (actual time=6858.296..17946.274 rows=342645 loops=1)
  Hash Cond: (ci.movie_id = t.id)
  ->  Seq Scan on cast_info ci  (cost=0.00..796071.18 rows=616692 width=4) (actual time=3007.403..13552.627 rows=881337 loops=1)
        Filter: ((person_id > 1648154) AND (role_id = 9))
        Rows Removed by Filter: 35363007
  ->  Hash  (cost=177766.10..177766.10 rows=184864 width=8) (actual time=3849.912..3849.912 rows=486029 loops=1)
        Buckets: 131072 (originally 131072)  Batches: 8 (originally 4)  Memory Usage: 3442kB
        ->  Hash Join  (cost=82871.49..177766.10 rows=184864 width=8) (actual time=1686.628..3709.773 rows=486029 loops=1)
              Hash Cond: (mk.movie_id = t.id)
              ->  Seq Scan on movie_keyword mk  (cost=0.00..81003.12 rows=857290 width=4) (actual time=0.044..1418.672 rows=859879 loops=1)
                    Filter: (keyword_id < 819)
                    Rows Removed by Filter: 3664051
              ->  Hash  (cost=73925.90..73925.90 rows=545247 width=4) (actual time=1685.673..1685.673 rows=557319 loops=1)
                    Buckets: 131072  Batches: 8  Memory Usage: 3494kB
                    ->  Seq Scan on title t  (cost=0.00..73925.90 rows=545247 width=4) (actual time=90.871..1262.462 rows=557319 loops=1)
                          Filter: ((production_year < 2011) AND (kind_id = 1))
                          Rows Removed by Filter: 1970993
Planning time: 1.225 ms
Execution time: 17988.029 ms
