Hash Join  (cost=107382.98..474504.90 rows=46847 width=0) (actual time=13821.052..22702.530 rows=28933 loops=1)
  Hash Cond: (mi.movie_id = t.id)
  ->  Seq Scan on movie_info mi  (cost=0.00..346232.03 rows=5445713 width=4) (actual time=9051.463..16576.212 rows=5410520 loops=1)
        Filter: (info_type_id < 6)
        Rows Removed by Filter: 9425200
  ->  Hash  (cost=107111.08..107111.08 rows=21752 width=8) (actual time=4744.432..4744.432 rows=12108 loops=1)
        Buckets: 32768  Batches: 1  Memory Usage: 729kB
        ->  Hash Join  (cost=75867.62..107111.08 rows=21752 width=8) (actual time=3360.083..4738.909 rows=12108 loops=1)
              Hash Cond: (mi_idx.movie_id = t.id)
              ->  Seq Scan on movie_info_idx mi_idx  (cost=0.00..25185.44 rows=464934 width=4) (actual time=0.024..1146.464 rows=460185 loops=1)
                    Filter: (info_type_id > 100)
                    Rows Removed by Filter: 919850
              ->  Hash  (cost=73925.90..73925.90 rows=118297 width=4) (actual time=3359.208..3359.208 rows=122606 loops=1)
                    Buckets: 131072  Batches: 2  Memory Usage: 3179kB
                    ->  Seq Scan on title t  (cost=0.00..73925.90 rows=118297 width=4) (actual time=0.019..3311.645 rows=122606 loops=1)
                          Filter: ((kind_id > 1) AND (production_year = 2011))
                          Rows Removed by Filter: 2405706
Planning time: 9.580 ms
Execution time: 22717.737 ms
