Seq Scan on movie_keyword mk  (cost=0.00..81003.12 rows=3294672 width=0) (actual time=0.017..4734.545 rows=3283630 loops=1)
  Filter: (keyword_id < 14586)
  Rows Removed by Filter: 1240300
Planning time: 0.303 ms
Execution time: 5350.492 ms
