Nested Loop  (cost=0.43..709673.15 rows=283 width=0) (actual time=13393.185..31867.680 rows=40 loops=1)
  ->  Seq Scan on cast_info ci  (cost=0.00..705507.15 rows=500 width=4) (actual time=13393.074..31865.690 rows=63 loops=1)
        Filter: (person_id = 1119895)
        Rows Removed by Filter: 36244281
  ->  Index Scan using title_pkey on title t  (cost=0.43..8.32 rows=1 width=4) (actual time=0.031..0.031 rows=1 loops=63)
        Index Cond: (id = ci.movie_id)
        Filter: (production_year > 1999)
        Rows Removed by Filter: 0
Planning time: 0.826 ms
Execution time: 31867.805 ms
