Hash Join  (cost=96184.51..178511.87 rows=812126 width=0) (actual time=6346.310..11330.445 rows=472543 loops=1)
  Hash Cond: (mc.movie_id = t.id)
  ->  Seq Scan on movie_companies mc  (cost=0.00..51404.11 rows=1513599 width=4) (actual time=0.023..3454.710 rows=1499154 loops=1)
        Filter: (company_id < 14002)
        Rows Removed by Filter: 1109975
  ->  Hash  (cost=73925.90..73925.90 rows=1356688 width=4) (actual time=6344.876..6344.876 rows=1327781 loops=1)
        Buckets: 131072  Batches: 32  Memory Usage: 2479kB
        ->  Seq Scan on title t  (cost=0.00..73925.90 rows=1356688 width=4) (actual time=760.571..5502.074 rows=1327781 loops=1)
              Filter: ((production_year < 2012) AND (kind_id = 7))
              Rows Removed by Filter: 1200531
Planning time: 0.724 ms
Execution time: 11395.248 ms
