Hash Join  (cost=73950.44..160643.60 rows=3512 width=0) (actual time=3583.289..8611.887 rows=25096 loops=1)
  Hash Cond: (mk.movie_id = t.id)
  ->  Seq Scan on movie_keyword mk  (cost=0.00..69693.30 rows=4523930 width=4) (actual time=0.012..3762.376 rows=4523930 loops=1)
  ->  Hash  (cost=73925.90..73925.90 rows=1963 width=4) (actual time=3581.992..3581.992 rows=4371 loops=1)
        Buckets: 8192 (originally 2048)  Batches: 1 (originally 1)  Memory Usage: 218kB
        ->  Seq Scan on title t  (cost=0.00..73925.90 rows=1963 width=4) (actual time=0.021..3577.805 rows=4371 loops=1)
              Filter: ((kind_id = 1) AND (production_year = 1975))
              Rows Removed by Filter: 2523941
Planning time: 0.666 ms
Execution time: 8617.207 ms
