Seq Scan on movie_companies mc  (cost=0.00..57926.93 rows=51 width=0) (actual time=1056.008..2677.394 rows=88 loops=1)
  Filter: ((company_id = 17408) AND (company_type_id = 1))
  Rows Removed by Filter: 2609041
Planning time: 0.396 ms
Execution time: 2679.623 ms
