Hash Join  (cost=82008.92..140788.69 rows=78594 width=0) (actual time=3707.656..6730.099 rows=165301 loops=1)
  Hash Cond: (mc.movie_id = t.id)
  ->  Seq Scan on movie_companies mc  (cost=0.00..51404.11 rows=403393 width=4) (actual time=186.726..2828.240 rows=407073 loops=1)
        Filter: (company_id > 81345)
        Rows Removed by Filter: 2202056
  ->  Hash  (cost=73925.90..73925.90 rows=492641 width=4) (actual time=3519.878..3519.878 rows=420285 loops=1)
        Buckets: 131072  Batches: 8  Memory Usage: 2868kB
        ->  Seq Scan on title t  (cost=0.00..73925.90 rows=492641 width=4) (actual time=0.031..3318.073 rows=420285 loops=1)
              Filter: ((kind_id < 7) AND (production_year > 2002))
              Rows Removed by Filter: 2108027
Planning time: 7.642 ms
Execution time: 6762.799 ms
