Hash Join  (cost=87734.02..174755.91 rows=868437 width=0) (actual time=4521.935..10660.878 rows=1411850 loops=1)
  Hash Cond: (mc.movie_id = t.id)
  ->  Seq Scan on movie_companies mc  (cost=0.00..44881.29 rows=2609129 width=4) (actual time=0.014..3526.710 rows=2609129 loops=1)
  ->  Hash  (cost=73925.90..73925.90 rows=841609 width=4) (actual time=4521.062..4521.062 rows=755160 loops=1)
        Buckets: 131072  Batches: 16  Memory Usage: 2686kB
        ->  Seq Scan on title t  (cost=0.00..73925.90 rows=841609 width=4) (actual time=0.025..4155.232 rows=755160 loops=1)
              Filter: ((kind_id < 7) AND (production_year > 1965))
              Rows Removed by Filter: 1773152
Planning time: 0.752 ms
Execution time: 10853.667 ms
