Hash Join  (cost=158455.99..523681.43 rows=56948 width=0) (actual time=2567.585..8822.861 rows=22495 loops=1)
  Hash Cond: (mi.movie_id = t.id)
  ->  Seq Scan on movie_info mi  (cost=0.00..309384.22 rows=14739122 width=4) (actual time=0.016..3530.416 rows=14835720 loops=1)
  ->  Hash  (cost=158333.87..158333.87 rows=9770 width=8) (actual time=2565.211..2565.211 rows=2625 loops=1)
        Buckets: 16384  Batches: 1  Memory Usage: 231kB
        ->  Hash Join  (cost=74323.94..158333.87 rows=9770 width=8) (actual time=1215.763..2564.094 rows=2625 loops=1)
              Hash Cond: (mk.movie_id = t.id)
              ->  Seq Scan on movie_keyword mk  (cost=0.00..81003.12 rows=775760 width=4) (actual time=0.026..1297.338 rows=784391 loops=1)
                    Filter: (keyword_id > 24029)
                    Rows Removed by Filter: 3739539
              ->  Hash  (cost=73925.90..73925.90 rows=31843 width=4) (actual time=1119.808..1119.808 rows=35656 loops=1)
                    Buckets: 65536 (originally 32768)  Batches: 1 (originally 1)  Memory Usage: 1766kB
                    ->  Seq Scan on title t  (cost=0.00..73925.90 rows=31843 width=4) (actual time=0.050..1104.226 rows=35656 loops=1)
                          Filter: ((kind_id = 7) AND (production_year = 2000))
                          Rows Removed by Filter: 2492656
Planning time: 1.236 ms
Execution time: 8826.053 ms
