Hash Join  (cost=123984.52..875312.80 rows=53912 width=0) (actual time=6651.081..53018.732 rows=242438 loops=1)
  Hash Cond: (ci.movie_id = t.id)
  ->  Seq Scan on cast_info ci  (cost=0.00..614943.12 rows=36225612 width=4) (actual time=0.019..35084.332 rows=36244344 loops=1)
  ->  Hash  (cost=123937.48..123937.48 rows=3763 width=8) (actual time=6650.885..6650.885 rows=9370 loops=1)
        Buckets: 16384 (originally 4096)  Batches: 1 (originally 1)  Memory Usage: 495kB
        ->  Hash Join  (cost=67697.55..123937.48 rows=3763 width=8) (actual time=3280.745..6646.760 rows=9370 loops=1)
              Hash Cond: (mc.movie_id = t.id)
              ->  Seq Scan on movie_companies mc  (cost=0.00..51404.11 rows=1279517 width=4) (actual time=0.027..2988.161 rows=1274246 loops=1)
                    Filter: (company_type_id < 2)
                    Rows Removed by Filter: 1334883
              ->  Hash  (cost=67604.59..67604.59 rows=7437 width=4) (actual time=3280.498..3280.498 rows=14054 loops=1)
                    Buckets: 16384 (originally 8192)  Batches: 1 (originally 1)  Memory Usage: 623kB
                    ->  Seq Scan on title t  (cost=0.00..67604.59 rows=7437 width=4) (actual time=0.127..3273.656 rows=14054 loops=1)
                          Filter: (production_year = 1975)
                          Rows Removed by Filter: 2514258
Planning time: 1.160 ms
Execution time: 53063.700 ms
