Seq Scan on movie_keyword mk  (cost=0.00..81003.12 rows=246 width=0) (actual time=0.749..2957.498 rows=746 loops=1)
  Filter: (keyword_id = 2076)
  Rows Removed by Filter: 4523184
Planning time: 0.315 ms
Execution time: 2957.980 ms
