Hash Join  (cost=102767.86..200945.02 rows=303141 width=0) (actual time=5638.121..10023.656 rows=299429 loops=1)
  Hash Cond: (mk.movie_id = t.id)
  ->  Seq Scan on movie_keyword mk  (cost=0.00..81003.12 rows=303141 width=4) (actual time=0.026..3515.649 rows=299429 loops=1)
        Filter: (keyword_id > 53985)
        Rows Removed by Filter: 4224501
  ->  Hash  (cost=61283.27..61283.27 rows=2528527 width=4) (actual time=5637.301..5637.301 rows=2528312 loops=1)
        Buckets: 131072  Batches: 64  Memory Usage: 2425kB
        ->  Seq Scan on title t  (cost=0.00..61283.27 rows=2528527 width=4) (actual time=0.036..4203.318 rows=2528312 loops=1)
Planning time: 4.066 ms
Execution time: 10063.112 ms
