Seq Scan on movie_keyword mk  (cost=0.00..81003.12 rows=246 width=0) (actual time=0.900..3499.330 rows=551 loops=1)
  Filter: (keyword_id = 2949)
  Rows Removed by Filter: 4523379
Planning time: 0.629 ms
Execution time: 3499.595 ms
