Seq Scan on movie_companies mc  (cost=0.00..57926.93 rows=1050519 width=0) (actual time=0.027..3081.139 rows=928588 loops=1)
  Filter: ((company_id > 394) AND (company_type_id = 1))
  Rows Removed by Filter: 1680541
Planning time: 5.094 ms
Execution time: 3240.427 ms
