Seq Scan on movie_info mi  (cost=0.00..346232.03 rows=13759225 width=0) (actual time=0.021..19658.192 rows=13795839 loops=1)
  Filter: (info_type_id < 81)
  Rows Removed by Filter: 1039881
Planning time: 0.342 ms
Execution time: 22157.153 ms
