Hash Join  (cost=156209.36..228343.93 rows=167153 width=0) (actual time=7846.037..11825.503 rows=488171 loops=1)
  Hash Cond: (mc.movie_id = t.id)
  ->  Seq Scan on movie_companies mc  (cost=0.00..57926.93 rows=930696 width=4) (actual time=0.024..3255.402 rows=778416 loops=1)
        Filter: ((company_id > 1305) AND (company_type_id < 2))
        Rows Removed by Filter: 1830713
  ->  Hash  (cost=148758.81..148758.81 rows=454124 width=8) (actual time=7845.165..7845.165 rows=459925 loops=1)
        Buckets: 131072  Batches: 8  Memory Usage: 3275kB
        ->  Hash Join  (cost=102767.86..148758.81 rows=454124 width=8) (actual time=5335.316..7702.086 rows=459925 loops=1)
              Hash Cond: (mi_idx.movie_id = t.id)
              ->  Seq Scan on movie_info_idx mi_idx  (cost=0.00..25185.44 rows=454124 width=4) (actual time=0.020..1474.645 rows=459925 loops=1)
                    Filter: (info_type_id = 100)
                    Rows Removed by Filter: 920110
              ->  Hash  (cost=61283.27..61283.27 rows=2528527 width=4) (actual time=5333.478..5333.478 rows=2528312 loops=1)
                    Buckets: 131072  Batches: 64  Memory Usage: 2415kB
                    ->  Seq Scan on title t  (cost=0.00..61283.27 rows=2528527 width=4) (actual time=0.012..4076.402 rows=2528312 loops=1)
Planning time: 1.190 ms
Execution time: 11891.686 ms
