Seq Scan on title t  (cost=0.00..67604.59 rows=29752 width=0) (actual time=0.070..1069.949 rows=30027 loops=1)
  Filter: (production_year = 1994)
  Rows Removed by Filter: 2498285
Planning time: 0.377 ms
Execution time: 1075.738 ms
