Seq Scan on movie_keyword mk  (cost=0.00..81003.12 rows=2126659 width=0) (actual time=0.025..4109.408 rows=2125650 loops=1)
  Filter: (keyword_id > 5579)
  Rows Removed by Filter: 2398280
Planning time: 0.299 ms
Execution time: 4501.130 ms
