Hash Join  (cost=73926.99..456788.72 rows=336 width=0) (actual time=3128.644..21387.487 rows=1479 loops=1)
  Hash Cond: (mi.movie_id = t.id)
  ->  Seq Scan on movie_info mi  (cost=0.00..346232.03 rows=9767026 width=4) (actual time=0.015..16413.828 rows=9911754 loops=1)
        Filter: (info_type_id > 4)
        Rows Removed by Filter: 4923966
  ->  Hash  (cost=73925.90..73925.90 rows=87 width=4) (actual time=3128.336..3128.336 rows=428 loops=1)
        Buckets: 1024  Batches: 1  Memory Usage: 24kB
        ->  Seq Scan on title t  (cost=0.00..73925.90 rows=87 width=4) (actual time=0.134..3127.919 rows=428 loops=1)
              Filter: ((production_year > 2014) AND (kind_id = 1))
              Rows Removed by Filter: 2527884
Planning time: 0.764 ms
Execution time: 21388.172 ms
