Seq Scan on cast_info ci  (cost=0.00..705507.15 rows=500 width=0) (actual time=15268.121..30644.196 rows=104 loops=1)
  Filter: (person_id = 2835705)
  Rows Removed by Filter: 36244240
Planning time: 0.346 ms
Execution time: 30644.301 ms
