Hash Join  (cost=254092.08..1175517.94 rows=4749852 width=0) (actual time=13250.786..53791.974 rows=7075787 loops=1)
  Hash Cond: (ci.movie_id = t.id)
  ->  Seq Scan on cast_info ci  (cost=0.00..796071.18 rows=5398034 width=4) (actual time=0.023..35114.065 rows=3329124 loops=1)
        Filter: ((person_id < 1179399) AND (role_id > 2))
        Rows Removed by Filter: 32915220
  ->  Hash  (cost=217588.73..217588.73 rows=2224908 width=8) (actual time=13249.839..13249.839 rows=2220547 loops=1)
        Buckets: 131072  Batches: 32  Memory Usage: 3693kB
        ->  Hash Join  (cost=102767.86..217588.73 rows=2224908 width=8) (actual time=5739.369..12493.734 rows=2220547 loops=1)
              Hash Cond: (mc.movie_id = t.id)
              ->  Seq Scan on movie_companies mc  (cost=0.00..51404.11 rows=2224908 width=4) (actual time=0.026..3534.100 rows=2220547 loops=1)
                    Filter: (company_id < 83386)
                    Rows Removed by Filter: 388582
              ->  Hash  (cost=61283.27..61283.27 rows=2528527 width=4) (actual time=5729.892..5729.892 rows=2528312 loops=1)
                    Buckets: 131072  Batches: 64  Memory Usage: 2415kB
                    ->  Seq Scan on title t  (cost=0.00..61283.27 rows=2528527 width=4) (actual time=17.521..4407.172 rows=2528312 loops=1)
Planning time: 1.138 ms
Execution time: 54856.328 ms
