Hash Join  (cost=165084.62..192091.33 rows=9623 width=0) (actual time=7809.151..9612.839 rows=9318 loops=1)
  Hash Cond: (mi_idx.movie_id = t.id)
  ->  Seq Scan on movie_info_idx mi_idx  (cost=0.00..21735.35 rows=1380035 width=4) (actual time=0.019..1298.572 rows=1380035 loops=1)
  ->  Hash  (cost=164864.22..164864.22 rows=17632 width=8) (actual time=7808.928..7808.928 rows=7379 loops=1)
        Buckets: 32768  Batches: 1  Memory Usage: 545kB
        ->  Hash Join  (cost=80042.24..164864.22 rows=17632 width=8) (actual time=3760.363..7805.638 rows=7379 loops=1)
              Hash Cond: (mk.movie_id = t.id)
              ->  Seq Scan on movie_keyword mk  (cost=0.00..81003.12 rows=58811 width=4) (actual time=0.047..3861.831 rows=58448 loops=1)
                    Filter: (keyword_id = 16264)
                    Rows Removed by Filter: 4465482
              ->  Hash  (cost=67604.59..67604.59 rows=758052 width=4) (actual time=3759.078..3759.078 rows=753677 loops=1)
                    Buckets: 131072  Batches: 16  Memory Usage: 2686kB
                    ->  Seq Scan on title t  (cost=0.00..67604.59 rows=758052 width=4) (actual time=0.016..3411.452 rows=753677 loops=1)
                          Filter: (kind_id < 3)
                          Rows Removed by Filter: 1774635
Planning time: 1.138 ms
Execution time: 9618.608 ms
