Hash Join  (cost=102767.86..220603.39 rows=1120148 width=0) (actual time=5913.173..11341.740 rows=1128151 loops=1)
  Hash Cond: (mk.movie_id = t.id)
  ->  Seq Scan on movie_keyword mk  (cost=0.00..81003.12 rows=1120148 width=4) (actual time=0.019..3867.492 rows=1128151 loops=1)
        Filter: (keyword_id < 1226)
        Rows Removed by Filter: 3395779
  ->  Hash  (cost=61283.27..61283.27 rows=2528527 width=4) (actual time=5911.278..5911.278 rows=2528312 loops=1)
        Buckets: 131072  Batches: 64  Memory Usage: 2425kB
        ->  Seq Scan on title t  (cost=0.00..61283.27 rows=2528527 width=4) (actual time=0.016..4344.926 rows=2528312 loops=1)
Planning time: 0.652 ms
Execution time: 11496.866 ms
