Hash Join  (cost=479859.21..635818.98 rows=466417 width=0) (actual time=32165.615..40393.172 rows=823102 loops=1)
  Hash Cond: (mk.movie_id = t.id)
  ->  Seq Scan on movie_keyword mk  (cost=0.00..69693.30 rows=4523930 width=4) (actual time=0.012..5347.452 rows=4523930 loops=1)
  ->  Hash  (cost=475581.58..475581.58 rows=260691 width=8) (actual time=32164.678..32164.678 rows=180814 loops=1)
        Buckets: 131072  Batches: 4  Memory Usage: 2860kB
        ->  Hash Join  (cost=74517.54..475581.58 rows=260691 width=8) (actual time=4026.744..31853.057 rows=180814 loops=1)
              Hash Cond: (mi.movie_id = t.id)
              ->  Seq Scan on movie_info mi  (cost=0.00..346232.03 rows=13926693 width=4) (actual time=0.033..22560.764 rows=13963496 loops=1)
                    Filter: (info_type_id < 98)
                    Rows Removed by Filter: 872224
              ->  Hash  (cost=73925.90..73925.90 rows=47331 width=4) (actual time=4026.083..4026.083 rows=53937 loops=1)
                    Buckets: 65536  Batches: 1  Memory Usage: 2409kB
                    ->  Seq Scan on title t  (cost=0.00..73925.90 rows=47331 width=4) (actual time=0.066..3995.863 rows=53937 loops=1)
                          Filter: ((kind_id > 2) AND (production_year = 2003))
                          Rows Removed by Filter: 2474375
Planning time: 2.976 ms
Execution time: 40514.577 ms
