Hash Join  (cost=885237.54..1252779.87 rows=88888 width=0) (actual time=46024.014..64992.045 rows=18574 loops=1)
  Hash Cond: (mi.movie_id = t.id)
  ->  Seq Scan on movie_info mi  (cost=0.00..346232.03 rows=5445713 width=4) (actual time=1753.753..18854.260 rows=5410520 loops=1)
        Filter: (info_type_id < 6)
        Rows Removed by Filter: 9425200
  ->  Hash  (cost=884721.64..884721.64 rows=41272 width=8) (actual time=44251.836..44251.836 rows=37729 loops=1)
        Buckets: 65536  Batches: 1  Memory Usage: 1986kB
        ->  Hash Join  (cost=75533.21..884721.64 rows=41272 width=8) (actual time=15467.133..44234.428 rows=37729 loops=1)
              Hash Cond: (ci.movie_id = t.id)
              ->  Seq Scan on cast_info ci  (cost=0.00..796071.18 rows=1065477 width=4) (actual time=11749.454..39940.910 rows=1075231 loops=1)
                    Filter: ((person_id > 1376997) AND (role_id = 8))
                    Rows Removed by Filter: 35169113
              ->  Hash  (cost=73925.90..73925.90 rows=97944 width=4) (actual time=3716.693..3716.693 rows=106247 loops=1)
                    Buckets: 131072  Batches: 2  Memory Usage: 2890kB
                    ->  Seq Scan on title t  (cost=0.00..73925.90 rows=97944 width=4) (actual time=709.650..3669.590 rows=106247 loops=1)
                          Filter: ((kind_id = 7) AND (production_year = 2011))
                          Rows Removed by Filter: 2422065
Planning time: 2.054 ms
Execution time: 64995.559 ms
