Hash Join  (cost=138217.09..597831.93 rows=1002667 width=0) (actual time=4284.900..15724.598 rows=2505810 loops=1)
  Hash Cond: (mi.movie_id = t.id)
  ->  Seq Scan on movie_info mi  (cost=0.00..346232.03 rows=8841901 width=4) (actual time=361.663..6552.529 rows=8950757 loops=1)
        Filter: (info_type_id > 6)
        Rows Removed by Filter: 5884963
  ->  Hash  (cost=133511.92..133511.92 rows=286734 width=8) (actual time=3922.480..3922.480 rows=261891 loops=1)
        Buckets: 131072  Batches: 4  Memory Usage: 3582kB
        ->  Hash Join  (cost=93408.25..133511.92 rows=286734 width=8) (actual time=1924.916..3850.900 rows=261891 loops=1)
              Hash Cond: (mi_idx.movie_id = t.id)
              ->  Seq Scan on movie_info_idx mi_idx  (cost=0.00..25185.44 rows=460978 width=4) (actual time=0.025..481.736 rows=459925 loops=1)
                    Filter: (info_type_id < 100)
                    Rows Removed by Filter: 920110
              ->  Hash  (cost=67604.59..67604.59 rows=1572773 width=4) (actual time=1924.129..1924.129 rows=1570568 loops=1)
                    Buckets: 131072  Batches: 32  Memory Usage: 2751kB
                    ->  Seq Scan on title t  (cost=0.00..67604.59 rows=1572773 width=4) (actual time=0.022..1408.736 rows=1570568 loops=1)
                          Filter: (production_year > 1996)
                          Rows Removed by Filter: 957744
Planning time: 1.196 ms
Execution time: 16011.703 ms
