Hash Join  (cost=102767.86..1082667.15 rows=7229053 width=0) (actual time=23811.625..59295.570 rows=8273788 loops=1)
  Hash Cond: (ci.movie_id = t.id)
  ->  Seq Scan on cast_info ci  (cost=0.00..796071.18 rows=7229053 width=4) (actual time=18010.329..43932.841 rows=8273788 loops=1)
        Filter: ((person_id > 829622) AND (role_id > 4))
        Rows Removed by Filter: 27970556
  ->  Hash  (cost=61283.27..61283.27 rows=2528527 width=4) (actual time=5800.095..5800.095 rows=2528312 loops=1)
        Buckets: 131072  Batches: 64  Memory Usage: 2415kB
        ->  Seq Scan on title t  (cost=0.00..61283.27 rows=2528527 width=4) (actual time=0.034..4306.508 rows=2528312 loops=1)
Planning time: 9.170 ms
Execution time: 60461.420 ms
