Hash Join  (cost=83600.04..624044.12 rows=5682916 width=0) (actual time=4644.996..43408.021 rows=10757249 loops=1)
  Hash Cond: (mi.movie_id = t.id)
  ->  Seq Scan on movie_info mi  (cost=0.00..309384.22 rows=14739122 width=4) (actual time=0.019..24279.901 rows=14835720 loops=1)
  ->  Hash  (cost=67604.59..67604.59 rows=974916 width=4) (actual time=4638.409..4638.409 rows=972448 loops=1)
        Buckets: 131072  Batches: 16  Memory Usage: 3169kB
        ->  Seq Scan on title t  (cost=0.00..67604.59 rows=974916 width=4) (actual time=0.031..4023.207 rows=972448 loops=1)
              Filter: (kind_id < 6)
              Rows Removed by Filter: 1555864
Planning time: 16.225 ms
Execution time: 44969.107 ms
