Nested Loop  (cost=0.43..83072.29 rows=98 width=0) (actual time=17.724..1361.242 rows=236 loops=1)
  ->  Seq Scan on movie_keyword mk  (cost=0.00..81003.12 rows=246 width=4) (actual time=4.834..1314.502 rows=881 loops=1)
        Filter: (keyword_id = 4043)
        Rows Removed by Filter: 4523049
  ->  Index Scan using title_pkey on title t  (cost=0.43..8.40 rows=1 width=4) (actual time=0.052..0.052 rows=0 loops=881)
        Index Cond: (id = mk.movie_id)
        Filter: (production_year > 2005)
        Rows Removed by Filter: 1
Planning time: 0.796 ms
Execution time: 1361.503 ms
