Seq Scan on cast_info ci  (cost=0.00..796071.18 rows=24 width=0) (actual time=26595.155..32317.158 rows=6 loops=1)
  Filter: ((person_id = 2852221) AND (role_id = 8))
  Rows Removed by Filter: 36244338
Planning time: 0.356 ms
Execution time: 32317.256 ms
