Hash Join  (cost=102767.86..245792.29 rows=2166973 width=0) (actual time=5805.056..13502.155 rows=2170112 loops=1)
  Hash Cond: (mk.movie_id = t.id)
  ->  Seq Scan on movie_keyword mk  (cost=0.00..81003.12 rows=2166973 width=4) (actual time=0.019..4960.292 rows=2170112 loops=1)
        Filter: (keyword_id < 4205)
        Rows Removed by Filter: 2353818
  ->  Hash  (cost=61283.27..61283.27 rows=2528527 width=4) (actual time=5804.012..5804.012 rows=2528312 loops=1)
        Buckets: 131072  Batches: 64  Memory Usage: 2425kB
        ->  Seq Scan on title t  (cost=0.00..61283.27 rows=2528527 width=4) (actual time=0.012..4222.710 rows=2528312 loops=1)
Planning time: 0.669 ms
Execution time: 13812.753 ms
