Nested Loop  (cost=0.43..709673.15 rows=440 width=0) (actual time=10724.337..32795.832 rows=65 loops=1)
  ->  Seq Scan on cast_info ci  (cost=0.00..705507.15 rows=500 width=4) (actual time=10724.161..32794.329 rows=67 loops=1)
        Filter: (person_id = 4032345)
        Rows Removed by Filter: 36244277
  ->  Index Scan using title_pkey on title t  (cost=0.43..8.32 rows=1 width=4) (actual time=0.020..0.021 rows=1 loops=67)
        Index Cond: (id = ci.movie_id)
        Filter: (production_year < 2012)
        Rows Removed by Filter: 0
Planning time: 0.765 ms
Execution time: 32795.976 ms
