Hash Join  (cost=102767.86..202922.51 rows=385325 width=0) (actual time=5817.547..10192.573 rows=382937 loops=1)
  Hash Cond: (mk.movie_id = t.id)
  ->  Seq Scan on movie_keyword mk  (cost=0.00..81003.12 rows=385325 width=4) (actual time=0.024..3488.918 rows=382937 loops=1)
        Filter: (keyword_id > 44736)
        Rows Removed by Filter: 4140993
  ->  Hash  (cost=61283.27..61283.27 rows=2528527 width=4) (actual time=5816.460..5816.460 rows=2528312 loops=1)
        Buckets: 131072  Batches: 64  Memory Usage: 2425kB
        ->  Seq Scan on title t  (cost=0.00..61283.27 rows=2528527 width=4) (actual time=0.017..4301.470 rows=2528312 loops=1)
Planning time: 0.677 ms
Execution time: 10242.854 ms
