Hash Join  (cost=76379.89..169024.47 rows=147695 width=0) (actual time=3707.955..9040.133 rows=84925 loops=1)
  Hash Cond: (mk.movie_id = t.id)
  ->  Seq Scan on movie_keyword mk  (cost=0.00..81003.12 rows=698269 width=4) (actual time=0.033..4178.819 rows=702927 loops=1)
        Filter: (keyword_id > 26823)
        Rows Removed by Filter: 3821003
  ->  Hash  (cost=67604.59..67604.59 rows=534824 width=4) (actual time=3706.208..3706.208 rows=533369 loops=1)
        Buckets: 131072  Batches: 8  Memory Usage: 3376kB
        ->  Seq Scan on title t  (cost=0.00..67604.59 rows=534824 width=4) (actual time=0.012..3501.436 rows=533369 loops=1)
              Filter: (production_year > 2009)
              Rows Removed by Filter: 1994943
Planning time: 4.570 ms
Execution time: 9051.970 ms
