Hash Join  (cost=99288.38..150594.62 rows=170314 width=144) (actual time=1898.300..3082.985 rows=315828 loops=1)
  Hash Cond: (mi_idx.movie_id = t.id)
  ->  Seq Scan on movie_info_idx mi_idx  (cost=0.00..25185.44 rows=460978 width=50) (actual time=0.017..520.618 rows=459925 loops=1)
        Filter: (info_type_id = 99)
        Rows Removed by Filter: 920110
  ->  Hash  (cost=73925.90..73925.90 rows=934198 width=94) (actual time=1897.574..1897.574 rows=950693 loops=1)
        Buckets: 32768  Batches: 32  Memory Usage: 3537kB
        ->  Seq Scan on title t  (cost=0.00..73925.90 rows=934198 width=94) (actual time=0.012..1545.409 rows=950693 loops=1)
              Filter: ((kind_id < 7) AND (production_year < 2013))
              Rows Removed by Filter: 1577619
Planning time: 10.986 ms
Execution time: 3099.870 ms
