Seq Scan on movie_companies mc  (cost=0.00..57926.93 rows=1133099 width=0) (actual time=0.015..3388.334 rows=1243174 loops=1)
  Filter: ((company_id > 226) AND (company_type_id > 1))
  Rows Removed by Filter: 1365955
Planning time: 0.316 ms
Execution time: 3591.899 ms
