Hash Join  (cost=126748.79..253300.82 rows=373399 width=0) (actual time=6701.258..15361.791 rows=2152022 loops=1)
  Hash Cond: (mk.movie_id = t.id)
  ->  Seq Scan on movie_keyword mk  (cost=0.00..69693.30 rows=4523930 width=4) (actual time=0.019..5103.828 rows=4523930 loops=1)
  ->  Hash  (cost=123324.03..123324.03 rows=208701 width=8) (actual time=6700.509..6700.509 rows=251034 loops=1)
        Buckets: 131072  Batches: 4  Memory Usage: 3488kB
        ->  Hash Join  (cost=86241.46..123324.03 rows=208701 width=8) (actual time=4388.278..6609.347 rows=251034 loops=1)
              Hash Cond: (mi_idx.movie_id = t.id)
              ->  Seq Scan on movie_info_idx mi_idx  (cost=0.00..25185.44 rows=464566 width=4) (actual time=0.016..1534.888 rows=459925 loops=1)
                    Filter: (info_type_id = 101)
                    Rows Removed by Filter: 920110
              ->  Hash  (cost=67604.59..67604.59 rows=1135910 width=4) (actual time=4387.166..4387.166 rows=1133355 loops=1)
                    Buckets: 131072  Batches: 16  Memory Usage: 3516kB
                    ->  Seq Scan on title t  (cost=0.00..67604.59 rows=1135910 width=4) (actual time=0.012..3837.638 rows=1133355 loops=1)
                          Filter: (production_year < 2002)
                          Rows Removed by Filter: 1394957
Planning time: 1.194 ms
Execution time: 15716.138 ms
