Seq Scan on cast_info ci  (cost=0.00..705507.15 rows=14021743 width=0) (actual time=7489.184..37733.003 rows=14202358 loops=1)
  Filter: (person_id > 2244776)
  Rows Removed by Filter: 22041986
Planning time: 0.320 ms
Execution time: 40167.515 ms
