Seq Scan on movie_companies mc  (cost=0.00..57926.93 rows=51 width=0) (actual time=1255.209..2352.589 rows=72 loops=1)
  Filter: ((company_id = 17165) AND (company_type_id = 1))
  Rows Removed by Filter: 2609057
Planning time: 0.370 ms
Execution time: 2352.709 ms
