Hash Join  (cost=89893.22..1241035.14 rows=11034621 width=0) (actual time=4704.390..79265.977 rows=12209573 loops=1)
  Hash Cond: (ci.movie_id = t.id)
  ->  Seq Scan on cast_info ci  (cost=0.00..705507.15 rows=28668949 width=4) (actual time=0.013..48332.415 rows=28808107 loops=1)
        Filter: (role_id < 8)
        Rows Removed by Filter: 7436237
  ->  Hash  (cost=73925.90..73925.90 rows=973225 width=4) (actual time=4703.327..4703.327 rows=1057588 loops=1)
        Buckets: 131072  Batches: 16  Memory Usage: 3355kB
        ->  Seq Scan on title t  (cost=0.00..73925.90 rows=973225 width=4) (actual time=0.026..4288.991 rows=1057588 loops=1)
              Filter: ((kind_id > 1) AND (production_year > 2001))
              Rows Removed by Filter: 1470724
Planning time: 0.832 ms
Execution time: 80946.443 ms
