Hash Join  (cost=79273.71..1161042.37 rows=4669150 width=0) (actual time=4167.294..76151.475 rows=5350557 loops=1)
  Hash Cond: (ci.movie_id = t.id)
  ->  Seq Scan on cast_info ci  (cost=0.00..614943.12 rows=36225612 width=4) (actual time=0.006..46111.177 rows=36244344 loops=1)
  ->  Hash  (cost=73925.90..73925.90 rows=325904 width=4) (actual time=4166.270..4166.270 rows=349534 loops=1)
        Buckets: 131072  Batches: 8  Memory Usage: 2566kB
        ->  Seq Scan on title t  (cost=0.00..73925.90 rows=325904 width=4) (actual time=54.136..4023.736 rows=349534 loops=1)
              Filter: ((production_year > 2009) AND (kind_id = 7))
              Rows Removed by Filter: 2178778
Planning time: 0.692 ms
Execution time: 76962.930 ms
