Seq Scan on movie_companies mc  (cost=0.00..57926.93 rows=53 width=0) (actual time=25.484..2639.844 rows=75 loops=1)
  Filter: ((company_id = 990) AND (company_type_id = 2))
  Rows Removed by Filter: 2609054
Planning time: 1.685 ms
Execution time: 2639.970 ms
