Seq Scan on movie_keyword mk  (cost=0.00..81003.12 rows=246 width=0) (actual time=1069.738..1269.670 rows=1 loops=1)
  Filter: (keyword_id = 109467)
  Rows Removed by Filter: 4523929
Planning time: 0.425 ms
Execution time: 1269.759 ms
