Seq Scan on movie_keyword mk  (cost=0.00..81003.12 rows=246 width=0) (actual time=0.043..2878.914 rows=1428 loops=1)
  Filter: (keyword_id = 2003)
  Rows Removed by Filter: 4522502
Planning time: 0.305 ms
Execution time: 2879.544 ms
