Hash Join  (cost=181068.72..318725.14 rows=1284838 width=0) (actual time=10707.512..28093.511 rows=29760198 loops=1)
  Hash Cond: (mk.movie_id = t.id)
  ->  Seq Scan on movie_keyword mk  (cost=0.00..69693.30 rows=4523930 width=4) (actual time=0.023..5558.770 rows=4523930 loops=1)
  ->  Hash  (cost=169286.15..169286.15 rows=718125 width=8) (actual time=10704.075..10704.075 rows=1461297 loops=1)
        Buckets: 131072 (originally 131072)  Batches: 32 (originally 16)  Memory Usage: 3073kB
        ->  Hash Join  (cost=80042.24..169286.15 rows=718125 width=8) (actual time=4036.467..10150.537 rows=1461297 loops=1)
              Hash Cond: (mc.movie_id = t.id)
              ->  Seq Scan on movie_companies mc  (cost=0.00..51404.11 rows=2395348 width=4) (actual time=0.018..3827.338 rows=2394784 loops=1)
                    Filter: (company_id > 69)
                    Rows Removed by Filter: 214345
              ->  Hash  (cost=67604.59..67604.59 rows=758052 width=4) (actual time=4035.669..4035.669 rows=753677 loops=1)
                    Buckets: 131072  Batches: 16  Memory Usage: 2677kB
                    ->  Seq Scan on title t  (cost=0.00..67604.59 rows=758052 width=4) (actual time=0.025..3742.864 rows=753677 loops=1)
                          Filter: (kind_id < 3)
                          Rows Removed by Filter: 1774635
Planning time: 12.260 ms
Execution time: 32380.491 ms
