Hash Join  (cost=137552.57..503567.91 rows=135941 width=0) (actual time=2645.296..9977.781 rows=55691 loops=1)
  Hash Cond: (mi.movie_id = t.id)
  ->  Seq Scan on movie_info mi  (cost=0.00..309384.22 rows=14739122 width=4) (actual time=0.021..4209.767 rows=14835720 loops=1)
  ->  Hash  (cost=137261.06..137261.06 rows=23321 width=8) (actual time=2642.763..2642.763 rows=8276 loops=1)
        Buckets: 32768  Batches: 1  Memory Usage: 580kB
        ->  Hash Join  (cost=74530.73..137261.06 rows=23321 width=8) (actual time=1329.934..2638.766 rows=8276 loops=1)
              Hash Cond: (mc.movie_id = t.id)
              ->  Seq Scan on movie_companies mc  (cost=0.00..57926.93 rows=1218716 width=4) (actual time=152.727..1154.415 rows=1274246 loops=1)
                    Filter: ((company_id < 144566) AND (company_type_id < 2))
                    Rows Removed by Filter: 1334883
              ->  Hash  (cost=73925.90..73925.90 rows=48386 width=4) (actual time=1176.805..1176.805 rows=45023 loops=1)
                    Buckets: 65536  Batches: 1  Memory Usage: 2095kB
                    ->  Seq Scan on title t  (cost=0.00..73925.90 rows=48386 width=4) (actual time=0.107..1157.355 rows=45023 loops=1)
                          Filter: ((kind_id > 1) AND (production_year = 2013))
                          Rows Removed by Filter: 2483289
Planning time: 1.229 ms
Execution time: 9987.531 ms
