Hash Join  (cost=167878.92..1024943.97 rows=409320 width=0) (actual time=8512.554..57656.133 rows=3855646 loops=1)
  Hash Cond: (ci.movie_id = t.id)
  ->  Seq Scan on cast_info ci  (cost=0.00..705507.15 rows=12726058 width=4) (actual time=0.024..40566.503 rows=12670688 loops=1)
        Filter: (role_id < 2)
        Rows Removed by Filter: 23573656
  ->  Hash  (cost=166544.34..166544.34 rows=81327 width=8) (actual time=8511.775..8511.775 rows=195635 loops=1)
        Buckets: 131072 (originally 131072)  Batches: 4 (originally 2)  Memory Usage: 3073kB
        ->  Hash Join  (cost=78556.72..166544.34 rows=81327 width=8) (actual time=4522.426..8445.517 rows=195635 loops=1)
              Hash Cond: (mk.movie_id = t.id)
              ->  Seq Scan on movie_keyword mk  (cost=0.00..81003.12 rows=308058 width=4) (actual time=0.016..3593.817 rows=327246 loops=1)
                    Filter: (keyword_id < 266)
                    Rows Removed by Filter: 4196684
              ->  Hash  (cost=67604.59..67604.59 rows=667531 width=4) (actual time=3790.277..3790.277 rows=662825 loops=1)
                    Buckets: 131072  Batches: 16  Memory Usage: 2486kB
                    ->  Seq Scan on title t  (cost=0.00..67604.59 rows=667531 width=4) (actual time=506.132..3493.812 rows=662825 loops=1)
                          Filter: (kind_id = 1)
                          Rows Removed by Filter: 1865487
Planning time: 4.104 ms
Execution time: 58185.229 ms
