Hash Join  (cost=73982.55..135624.09 rows=1767 width=0) (actual time=2658.041..5368.285 rows=395 loops=1)
  Hash Cond: (mc.movie_id = t.id)
  ->  Seq Scan on movie_companies mc  (cost=0.00..57926.93 rows=985848 width=4) (actual time=558.586..3064.501 rows=843673 loops=1)
        Filter: ((company_id > 686) AND (company_type_id < 2))
        Rows Removed by Filter: 1765456
  ->  Hash  (cost=73925.90..73925.90 rows=4532 width=4) (actual time=2098.229..2098.229 rows=9242 loops=1)
        Buckets: 16384 (originally 8192)  Batches: 1 (originally 1)  Memory Usage: 453kB
        ->  Seq Scan on title t  (cost=0.00..73925.90 rows=4532 width=4) (actual time=0.035..2089.323 rows=9242 loops=1)
              Filter: ((kind_id = 7) AND (production_year = 1984))
              Rows Removed by Filter: 2519070
Planning time: 0.942 ms
Execution time: 5368.520 ms
