Hash Join  (cost=77838.49..572475.81 rows=1389939 width=0) (actual time=3491.295..27383.501 rows=2331411 loops=1)
  Hash Cond: (mi.movie_id = t.id)
  ->  Seq Scan on movie_info mi  (cost=0.00..309384.22 rows=14739122 width=4) (actual time=0.012..15916.975 rows=14835720 loops=1)
  ->  Hash  (cost=73925.90..73925.90 rows=238447 width=4) (actual time=3452.923..3452.923 rows=200165 loops=1)
        Buckets: 131072  Batches: 4  Memory Usage: 2790kB
        ->  Seq Scan on title t  (cost=0.00..73925.90 rows=238447 width=4) (actual time=1433.013..3368.762 rows=200165 loops=1)
              Filter: ((production_year > 2006) AND (kind_id = 1))
              Rows Removed by Filter: 2328147
Planning time: 1.240 ms
Execution time: 27702.074 ms
