Seq Scan on cast_info ci  (cost=0.00..705507.15 rows=29685534 width=0) (actual time=0.017..33409.632 rows=29790687 loops=1)
  Filter: (person_id > 623401)
  Rows Removed by Filter: 6453657
Planning time: 0.297 ms
Execution time: 37904.574 ms
