Seq Scan on title t  (cost=0.00..73925.90 rows=5474 width=0) (actual time=0.432..1333.053 rows=10142 loops=1)
  Filter: ((kind_id > 1) AND (production_year = 1973))
  Rows Removed by Filter: 2518170
Planning time: 0.402 ms
Execution time: 1335.467 ms
