Seq Scan on cast_info ci  (cost=0.00..705507.15 rows=27995990 width=0) (actual time=0.023..12832.798 rows=28133608 loops=1)
  Filter: (person_id > 793089)
  Rows Removed by Filter: 8110736
Planning time: 0.395 ms
Execution time: 16252.409 ms
