Seq Scan on movie_keyword mk  (cost=0.00..81003.12 rows=246 width=0) (actual time=5.243..1356.460 rows=159 loops=1)
  Filter: (keyword_id = 10201)
  Rows Removed by Filter: 4523771
Planning time: 0.413 ms
Execution time: 1356.676 ms
