Hash Join  (cost=102767.86..1139569.10 rows=9593850 width=0) (actual time=11427.761..38583.127 rows=6332328 loops=1)
  Hash Cond: (ci.movie_id = t.id)
  ->  Seq Scan on cast_info ci  (cost=0.00..796071.18 rows=9593850 width=4) (actual time=6703.927..27400.215 rows=6332328 loops=1)
        Filter: ((person_id > 864899) AND (role_id = 1))
        Rows Removed by Filter: 29912016
  ->  Hash  (cost=61283.27..61283.27 rows=2528527 width=4) (actual time=4722.830..4722.830 rows=2528312 loops=1)
        Buckets: 131072  Batches: 64  Memory Usage: 2415kB
        ->  Seq Scan on title t  (cost=0.00..61283.27 rows=2528527 width=4) (actual time=0.022..3749.809 rows=2528312 loops=1)
Planning time: 2.918 ms
Execution time: 39299.206 ms
