Seq Scan on movie_keyword mk  (cost=0.00..81003.12 rows=356468 width=0) (actual time=0.022..1308.235 rows=354217 loops=1)
  Filter: (keyword_id > 47127)
  Rows Removed by Filter: 4169713
Planning time: 0.336 ms
Execution time: 1354.505 ms
