Hash Join  (cost=166782.10..207288.02 rows=163944 width=0) (actual time=3885.340..4867.435 rows=266136 loops=1)
  Hash Cond: (mi_idx.movie_id = t.id)
  ->  Seq Scan on movie_info_idx mi_idx  (cost=0.00..21735.35 rows=1380035 width=4) (actual time=0.022..419.996 rows=1380035 loops=1)
  ->  Hash  (cost=161853.34..161853.34 rows=300381 width=8) (actual time=3884.505..3884.505 rows=190540 loops=1)
        Buckets: 131072  Batches: 4  Memory Usage: 2891kB
        ->  Hash Join  (cost=95637.05..161853.34 rows=300381 width=8) (actual time=2314.270..3825.556 rows=190540 loops=1)
              Hash Cond: (mc.movie_id = t.id)
              ->  Seq Scan on movie_companies mc  (cost=0.00..51404.11 rows=573963 width=4) (actual time=0.020..900.448 rows=575960 loops=1)
                    Filter: (company_id > 71124)
                    Rows Removed by Filter: 2033169
              ->  Hash  (cost=73925.90..73925.90 rows=1323292 width=4) (actual time=2312.958..2312.958 rows=1447699 loops=1)
                    Buckets: 131072  Batches: 32  Memory Usage: 2623kB
                    ->  Seq Scan on title t  (cost=0.00..73925.90 rows=1323292 width=4) (actual time=0.017..1544.089 rows=1447699 loops=1)
                          Filter: ((kind_id > 1) AND (production_year > 1988))
                          Rows Removed by Filter: 1080613
Planning time: 1.286 ms
Execution time: 4894.252 ms
