Hash Join  (cost=83074.74..447745.01 rows=1434 width=0) (actual time=1387.886..8904.974 rows=347649 loops=1)
  Hash Cond: (mi.movie_id = t.id)
  ->  Seq Scan on movie_info mi  (cost=0.00..309384.22 rows=14739122 width=4) (actual time=0.017..4333.090 rows=14835720 loops=1)
  ->  Hash  (cost=83071.67..83071.67 rows=246 width=8) (actual time=1387.786..1387.786 rows=4049 loops=1)
        Buckets: 4096 (originally 1024)  Batches: 1 (originally 1)  Memory Usage: 191kB
        ->  Nested Loop  (cost=0.43..83071.67 rows=246 width=8) (actual time=0.080..1385.115 rows=4049 loops=1)
              ->  Seq Scan on movie_keyword mk  (cost=0.00..81003.12 rows=246 width=4) (actual time=0.033..1240.530 rows=4049 loops=1)
                    Filter: (keyword_id = 1749)
                    Rows Removed by Filter: 4519881
              ->  Index Only Scan using title_pkey on title t  (cost=0.43..8.40 rows=1 width=4) (actual time=0.034..0.035 rows=1 loops=4049)
                    Index Cond: (id = mk.movie_id)
                    Heap Fetches: 4049
Planning time: 1.156 ms
Execution time: 8953.689 ms
