Hash Join  (cost=114432.54..912439.74 rows=437673 width=0) (actual time=2144.831..21434.828 rows=724887 loops=1)
  Hash Cond: (ci.movie_id = t.id)
  ->  Seq Scan on cast_info ci  (cost=0.00..705507.15 rows=23499554 width=4) (actual time=0.016..14332.137 rows=23573656 loops=1)
        Filter: (role_id > 1)
        Rows Removed by Filter: 12670688
  ->  Hash  (cost=113843.88..113843.88 rows=47093 width=8) (actual time=2143.915..2143.915 rows=21303 loops=1)
        Buckets: 65536  Batches: 1  Memory Usage: 1345kB
        ->  Hash Join  (cost=75342.47..113843.88 rows=47093 width=8) (actual time=1235.538..2137.492 rows=21303 loops=1)
              Hash Cond: (mi_idx.movie_id = t.id)
              ->  Seq Scan on movie_info_idx mi_idx  (cost=0.00..21735.35 rows=1380035 width=4) (actual time=0.022..452.572 rows=1380035 loops=1)
              ->  Hash  (cost=73925.90..73925.90 rows=86285 width=4) (actual time=1234.523..1234.523 rows=92628 loops=1)
                    Buckets: 131072  Batches: 2  Memory Usage: 2653kB
                    ->  Seq Scan on title t  (cost=0.00..73925.90 rows=86285 width=4) (actual time=0.038..1199.676 rows=92628 loops=1)
                          Filter: ((kind_id = 7) AND (production_year = 2010))
                          Rows Removed by Filter: 2435684
Planning time: 1.165 ms
Execution time: 21526.595 ms
