Hash Join  (cost=85894.26..1081070.87 rows=3918930 width=0) (actual time=1545.919..23888.456 rows=2245399 loops=1)
  Hash Cond: (ci.movie_id = t.id)
  ->  Seq Scan on cast_info ci  (cost=0.00..796071.18 rows=13584036 width=4) (actual time=0.017..16886.771 rows=10241961 loops=1)
        Filter: ((person_id < 3056056) AND (role_id > 2))
        Rows Removed by Filter: 26002383
  ->  Hash  (cost=73925.90..73925.90 rows=729468 width=4) (actual time=1544.600..1544.600 rows=638430 loops=1)
        Buckets: 131072  Batches: 16  Memory Usage: 2425kB
        ->  Seq Scan on title t  (cost=0.00..73925.90 rows=729468 width=4) (actual time=60.184..1341.500 rows=638430 loops=1)
              Filter: ((production_year < 2003) AND (kind_id = 7))
              Rows Removed by Filter: 1889882
Planning time: 1.388 ms
Execution time: 24160.533 ms
