Nested Loop  (cost=0.43..83071.67 rows=246 width=0) (actual time=2.621..1173.154 rows=231 loops=1)
  ->  Seq Scan on movie_keyword mk  (cost=0.00..81003.12 rows=246 width=4) (actual time=2.554..1163.225 rows=231 loops=1)
        Filter: (keyword_id = 11077)
        Rows Removed by Filter: 4523699
  ->  Index Only Scan using title_pkey on title t  (cost=0.43..8.40 rows=1 width=4) (actual time=0.040..0.041 rows=1 loops=231)
        Index Cond: (id = mk.movie_id)
        Heap Fetches: 231
Planning time: 0.703 ms
Execution time: 1173.360 ms
