Seq Scan on movie_keyword mk  (cost=0.00..81003.12 rows=246 width=0) (actual time=0.440..1268.701 rows=1188 loops=1)
  Filter: (keyword_id = 3218)
  Rows Removed by Filter: 4522742
Planning time: 0.346 ms
Execution time: 1269.190 ms
