Seq Scan on movie_info mi  (cost=0.00..346232.03 rows=13686148 width=0) (actual time=0.015..6234.578 rows=13726780 loops=1)
  Filter: (info_type_id < 65)
  Rows Removed by Filter: 1108940
Planning time: 0.353 ms
Execution time: 7970.072 ms
