Hash Join  (cost=134018.30..498931.29 rows=25706 width=0) (actual time=2312.085..9421.672 rows=24238 loops=1)
  Hash Cond: (mi.movie_id = t.id)
  ->  Seq Scan on movie_info mi  (cost=0.00..309384.22 rows=14739122 width=4) (actual time=0.009..4297.550 rows=14835720 loops=1)
  ->  Hash  (cost=133963.18..133963.18 rows=4410 width=8) (actual time=2302.143..2302.143 rows=2757 loops=1)
        Buckets: 8192  Batches: 1  Memory Usage: 172kB
        ->  Hash Join  (cost=80605.23..133963.18 rows=4410 width=8) (actual time=1625.401..2301.153 rows=2757 loops=1)
              Hash Cond: (mc.movie_id = t.id)
              ->  Seq Scan on movie_companies mc  (cost=0.00..51404.11 rows=27396 width=4) (actual time=0.053..818.083 rows=27303 loops=1)
                    Filter: (company_id = 27)
                    Rows Removed by Filter: 2581826
              ->  Hash  (cost=73925.90..73925.90 rows=407066 width=4) (actual time=1398.286..1398.286 rows=436028 loops=1)
                    Buckets: 131072  Batches: 8  Memory Usage: 2943kB
                    ->  Seq Scan on title t  (cost=0.00..73925.90 rows=407066 width=4) (actual time=0.024..1256.785 rows=436028 loops=1)
                          Filter: ((kind_id > 4) AND (production_year > 2008))
                          Rows Removed by Filter: 2092284
Planning time: 1.135 ms
Execution time: 9425.274 ms
