Hash Join  (cost=174865.45..251158.07 rows=352559 width=0) (actual time=3820.271..5523.914 rows=552430 loops=1)
  Hash Cond: (mc.movie_id = t.id)
  ->  Seq Scan on movie_companies mc  (cost=0.00..57926.93 rows=974159 width=4) (actual time=0.018..1072.877 rows=667034 loops=1)
        Filter: ((company_id < 45044) AND (company_type_id > 1))
        Rows Removed by Filter: 1942095
  ->  Hash  (cost=159851.69..159851.69 rows=915101 width=8) (actual time=3819.451..3819.451 rows=919850 loops=1)
        Buckets: 131072  Batches: 16  Memory Usage: 3269kB
        ->  Hash Join  (cost=102767.86..159851.69 rows=915101 width=8) (actual time=1874.753..3561.971 rows=919850 loops=1)
              Hash Cond: (mi_idx.movie_id = t.id)
              ->  Seq Scan on movie_info_idx mi_idx  (cost=0.00..25185.44 rows=915101 width=4) (actual time=0.017..538.785 rows=919850 loops=1)
                    Filter: (info_type_id < 101)
                    Rows Removed by Filter: 460185
              ->  Hash  (cost=61283.27..61283.27 rows=2528527 width=4) (actual time=1873.160..1873.160 rows=2528312 loops=1)
                    Buckets: 131072  Batches: 64  Memory Usage: 2415kB
                    ->  Seq Scan on title t  (cost=0.00..61283.27 rows=2528527 width=4) (actual time=0.020..1064.276 rows=2528312 loops=1)
Planning time: 0.740 ms
Execution time: 5589.830 ms
