Hash Join  (cost=93360.65..1348677.09 rows=13108370 width=0) (actual time=1898.279..39529.860 rows=14542796 loops=1)
  Hash Cond: (ci.movie_id = t.id)
  ->  Seq Scan on cast_info ci  (cost=0.00..796071.18 rows=27981215 width=4) (actual time=0.020..19664.905 rows=28150920 loops=1)
        Filter: ((person_id > 47653) AND (role_id < 7))
        Rows Removed by Filter: 8093424
  ->  Hash  (cost=73925.90..73925.90 rows=1184540 width=4) (actual time=1897.148..1897.148 rows=1297979 loops=1)
        Buckets: 131072  Batches: 16  Memory Usage: 3882kB
        ->  Seq Scan on title t  (cost=0.00..73925.90 rows=1184540 width=4) (actual time=0.012..1491.267 rows=1297979 loops=1)
              Filter: ((kind_id > 1) AND (production_year > 1995))
              Rows Removed by Filter: 1230333
Planning time: 0.791 ms
Execution time: 41045.556 ms
