Hash Join  (cost=102767.86..269047.11 rows=3133423 width=0) (actual time=1980.023..6471.771 rows=3118068 loops=1)
  Hash Cond: (mk.movie_id = t.id)
  ->  Seq Scan on movie_keyword mk  (cost=0.00..81003.12 rows=3133423 width=4) (actual time=0.010..1694.279 rows=3118068 loops=1)
        Filter: (keyword_id < 11905)
        Rows Removed by Filter: 1405862
  ->  Hash  (cost=61283.27..61283.27 rows=2528527 width=4) (actual time=1978.968..1978.968 rows=2528312 loops=1)
        Buckets: 131072  Batches: 64  Memory Usage: 2425kB
        ->  Seq Scan on title t  (cost=0.00..61283.27 rows=2528527 width=4) (actual time=0.012..1125.366 rows=2528312 loops=1)
Planning time: 0.761 ms
Execution time: 6801.978 ms
