Seq Scan on cast_info ci  (cost=0.00..796071.18 rows=9192819 width=0) (actual time=0.021..15220.896 rows=10339381 loops=1)
  Filter: ((person_id > 866949) AND (role_id > 3))
  Rows Removed by Filter: 25904963
Planning time: 0.361 ms
Execution time: 16440.800 ms
