Hash Join  (cost=147027.23..534361.97 rows=425499 width=0) (actual time=5478.269..10765.391 rows=945693 loops=1)
  Hash Cond: (mi.movie_id = t.id)
  ->  Seq Scan on movie_info mi  (cost=0.00..346232.03 rows=3068194 width=4) (actual time=2233.746..5635.168 rows=3036719 loops=1)
        Filter: (info_type_id = 16)
        Rows Removed by Filter: 11799001
  ->  Hash  (cost=141274.02..141274.02 rows=350657 width=8) (actual time=3243.561..3243.561 rows=395802 loops=1)
        Buckets: 131072  Batches: 8  Memory Usage: 2972kB
        ->  Hash Join  (cost=99161.12..141274.02 rows=350657 width=8) (actual time=1904.991..3115.324 rows=395802 loops=1)
              Hash Cond: (mi_idx.movie_id = t.id)
              ->  Seq Scan on movie_info_idx mi_idx  (cost=0.00..25185.44 rows=460978 width=4) (actual time=0.024..452.639 rows=459925 loops=1)
                    Filter: (info_type_id < 100)
                    Rows Removed by Filter: 920110
              ->  Hash  (cost=67604.59..67604.59 rows=1923403 width=4) (actual time=1903.681..1903.681 rows=1922849 loops=1)
                    Buckets: 131072  Batches: 32  Memory Usage: 3132kB
                    ->  Seq Scan on title t  (cost=0.00..67604.59 rows=1923403 width=4) (actual time=0.024..1291.328 rows=1922849 loops=1)
                          Filter: (production_year < 2010)
                          Rows Removed by Filter: 605463
Planning time: 1.140 ms
Execution time: 10875.275 ms
