Seq Scan on cast_info ci  (cost=0.00..796071.18 rows=1092559 width=0) (actual time=3838.944..12464.761 rows=3159609 loops=1)
  Filter: ((person_id > 2783101) AND (role_id = 10))
  Rows Removed by Filter: 33084735
Planning time: 0.418 ms
Execution time: 12865.429 ms
