Hash Join  (cost=81703.78..114843.61 rows=85143 width=0) (actual time=1501.220..2085.046 rows=174884 loops=1)
  Hash Cond: (mi_idx.movie_id = t.id)
  ->  Seq Scan on movie_info_idx mi_idx  (cost=0.00..25185.44 rows=454124 width=4) (actual time=0.021..462.069 rows=459925 loops=1)
        Filter: (info_type_id = 100)
        Rows Removed by Filter: 920110
  ->  Hash  (cost=73925.90..73925.90 rows=474070 width=4) (actual time=1275.366..1275.366 rows=496025 loops=1)
        Buckets: 131072  Batches: 8  Memory Usage: 3214kB
        ->  Seq Scan on title t  (cost=0.00..73925.90 rows=474070 width=4) (actual time=0.011..1124.778 rows=496025 loops=1)
              Filter: ((production_year < 2009) AND (kind_id = 1))
              Rows Removed by Filter: 2032287
Planning time: 0.763 ms
Execution time: 2106.857 ms
