Hash Join  (cost=198078.64..1247985.29 rows=1567549 width=0) (actual time=3932.640..30602.801 rows=4993578 loops=1)
  Hash Cond: (ci.movie_id = t.id)
  ->  Seq Scan on cast_info ci  (cost=0.00..614943.12 rows=36225612 width=4) (actual time=0.017..12020.332 rows=36244344 loops=1)
  ->  Hash  (cost=196282.96..196282.96 rows=109414 width=8) (actual time=3931.843..3931.843 rows=121921 loops=1)
        Buckets: 131072  Batches: 2  Memory Usage: 3430kB
        ->  Hash Join  (cost=102767.86..196282.96 rows=109414 width=8) (actual time=2066.541..3892.506 rows=121921 loops=1)
              Hash Cond: (mk.movie_id = t.id)
              ->  Seq Scan on movie_keyword mk  (cost=0.00..81003.12 rows=109414 width=4) (actual time=0.015..1333.860 rows=121921 loops=1)
                    Filter: (keyword_id < 117)
                    Rows Removed by Filter: 4402009
              ->  Hash  (cost=61283.27..61283.27 rows=2528527 width=4) (actual time=2065.163..2065.163 rows=2528312 loops=1)
                    Buckets: 131072  Batches: 64  Memory Usage: 2425kB
                    ->  Seq Scan on title t  (cost=0.00..61283.27 rows=2528527 width=4) (actual time=0.019..1177.217 rows=2528312 loops=1)
Planning time: 1.128 ms
Execution time: 31165.329 ms
