Seq Scan on movie_companies mc  (cost=0.00..51404.11 rows=1607884 width=0) (actual time=0.020..963.665 rows=1599227 loops=1)
  Filter: (company_id < 16363)
  Rows Removed by Filter: 1009902
Planning time: 0.322 ms
Execution time: 1161.679 ms
