Hash Join  (cost=356506.63..1141884.11 rows=23457985 width=0) (actual time=8232.349..67106.377 rows=207611778 loops=1)
  Hash Cond: (mi.movie_id = t.id)
  ->  Seq Scan on movie_info mi  (cost=0.00..309384.22 rows=14739122 width=4) (actual time=0.025..6245.632 rows=14835720 loops=1)
  ->  Hash  (cost=290483.31..290483.31 rows=4024266 width=8) (actual time=8231.273..8231.273 rows=4030163 loops=1)
        Buckets: 131072  Batches: 64  Memory Usage: 3584kB
        ->  Hash Join  (cost=102767.86..290483.31 rows=4024266 width=8) (actual time=1893.793..7053.232 rows=4030163 loops=1)
              Hash Cond: (mk.movie_id = t.id)
              ->  Seq Scan on movie_keyword mk  (cost=0.00..81003.12 rows=4024266 width=4) (actual time=0.014..1802.151 rows=4030163 loops=1)
                    Filter: (keyword_id < 36539)
                    Rows Removed by Filter: 493767
              ->  Hash  (cost=61283.27..61283.27 rows=2528527 width=4) (actual time=1892.366..1892.366 rows=2528312 loops=1)
                    Buckets: 131072  Batches: 64  Memory Usage: 2425kB
                    ->  Seq Scan on title t  (cost=0.00..61283.27 rows=2528527 width=4) (actual time=0.020..1033.266 rows=2528312 loops=1)
Planning time: 6.407 ms
Execution time: 88746.081 ms
