Hash Join  (cost=162533.64..204149.21 rows=228609 width=0) (actual time=3851.604..5231.025 rows=1220360 loops=1)
  Hash Cond: (mi_idx.movie_id = t.id)
  ->  Seq Scan on movie_info_idx mi_idx  (cost=0.00..21735.35 rows=1380035 width=4) (actual time=0.019..449.435 rows=1380035 loops=1)
  ->  Hash  (cost=155660.87..155660.87 rows=418861 width=8) (actual time=3850.792..3850.792 rows=588014 loops=1)
        Buckets: 131072  Batches: 8  Memory Usage: 3891kB
        ->  Hash Join  (cost=83810.17..155660.87 rows=418861 width=8) (actual time=1482.280..3673.822 rows=588014 loops=1)
              Hash Cond: (mc.movie_id = t.id)
              ->  Seq Scan on movie_companies mc  (cost=0.00..51404.11 rows=1072260 width=4) (actual time=0.014..1035.606 rows=1068605 loops=1)
                    Filter: (company_id < 6558)
                    Rows Removed by Filter: 1540524
              ->  Hash  (cost=67604.59..67604.59 rows=987727 width=4) (actual time=1481.242..1481.242 rows=985048 loops=1)
                    Buckets: 131072  Batches: 16  Memory Usage: 3188kB
                    ->  Seq Scan on title t  (cost=0.00..67604.59 rows=987727 width=4) (actual time=0.026..1175.174 rows=985048 loops=1)
                          Filter: (kind_id < 7)
                          Rows Removed by Filter: 1543264
Planning time: 0.984 ms
Execution time: 5357.005 ms
