Hash Join  (cost=81437.64..870298.16 rows=1104300 width=0) (actual time=5872.464..16397.387 rows=581560 loops=1)
  Hash Cond: (ci.movie_id = t.id)
  ->  Seq Scan on cast_info ci  (cost=0.00..705507.15 rows=6099031 width=4) (actual time=4733.140..12117.988 rows=6172351 loops=1)
        Filter: (person_id > 3033489)
        Rows Removed by Filter: 30071993
  ->  Hash  (cost=73925.90..73925.90 rows=457819 width=4) (actual time=1138.147..1138.147 rows=344212 loops=1)
        Buckets: 131072  Batches: 8  Memory Usage: 2523kB
        ->  Seq Scan on title t  (cost=0.00..73925.90 rows=457819 width=4) (actual time=0.043..1040.041 rows=344212 loops=1)
              Filter: ((production_year < 1993) AND (kind_id = 7))
              Rows Removed by Filter: 2184100
Planning time: 0.756 ms
Execution time: 16472.672 ms
