Hash Join  (cost=189632.99..312914.48 rows=989905 width=0) (actual time=5165.815..11897.592 rows=17525243 loops=1)
  Hash Cond: (mk.movie_id = t.id)
  ->  Seq Scan on movie_keyword mk  (cost=0.00..81003.12 rows=2455818 width=4) (actual time=0.014..1776.928 rows=2452763 loops=1)
        Filter: (keyword_id < 5872)
        Rows Removed by Filter: 2071167
  ->  Hash  (cost=172910.83..172910.83 rows=1019213 width=8) (actual time=5154.811..5154.811 rows=1891821 loops=1)
        Buckets: 131072 (originally 131072)  Batches: 32 (originally 16)  Memory Usage: 3402kB
        ->  Hash Join  (cost=83810.17..172910.83 rows=1019213 width=8) (actual time=1539.821..4581.225 rows=1891821 loops=1)
              Hash Cond: (mc.movie_id = t.id)
              ->  Seq Scan on movie_companies mc  (cost=0.00..44881.29 rows=2609129 width=4) (actual time=0.023..1052.192 rows=2609129 loops=1)
              ->  Hash  (cost=67604.59..67604.59 rows=987727 width=4) (actual time=1538.826..1538.826 rows=985048 loops=1)
                    Buckets: 131072  Batches: 16  Memory Usage: 3188kB
                    ->  Seq Scan on title t  (cost=0.00..67604.59 rows=987727 width=4) (actual time=0.041..1233.205 rows=985048 loops=1)
                          Filter: (kind_id < 7)
                          Rows Removed by Filter: 1543264
Planning time: 1.060 ms
Execution time: 13712.127 ms
