Hash Join  (cost=83074.74..109986.57 rows=134 width=0) (actual time=1356.488..1995.760 rows=5059 loops=1)
  Hash Cond: (mi_idx.movie_id = t.id)
  ->  Seq Scan on movie_info_idx mi_idx  (cost=0.00..21735.35 rows=1380035 width=4) (actual time=0.018..375.965 rows=1380035 loops=1)
  ->  Hash  (cost=83071.67..83071.67 rows=246 width=8) (actual time=1355.662..1355.662 rows=1763 loops=1)
        Buckets: 2048 (originally 1024)  Batches: 1 (originally 1)  Memory Usage: 85kB
        ->  Nested Loop  (cost=0.43..83071.67 rows=246 width=8) (actual time=2.793..1354.410 rows=1763 loops=1)
              ->  Seq Scan on movie_keyword mk  (cost=0.00..81003.12 rows=246 width=4) (actual time=2.730..1275.693 rows=1763 loops=1)
                    Filter: (keyword_id = 7877)
                    Rows Removed by Filter: 4522167
              ->  Index Only Scan using title_pkey on title t  (cost=0.43..8.40 rows=1 width=4) (actual time=0.043..0.043 rows=1 loops=1763)
                    Index Cond: (id = mk.movie_id)
                    Heap Fetches: 1763
Planning time: 2.805 ms
Execution time: 1996.687 ms
