Hash Join  (cost=75867.62..114668.75 rows=64565 width=0) (actual time=1390.128..2299.182 rows=36324 loops=1)
  Hash Cond: (mi_idx.movie_id = t.id)
  ->  Seq Scan on movie_info_idx mi_idx  (cost=0.00..21735.35 rows=1380035 width=4) (actual time=0.015..435.565 rows=1380035 loops=1)
  ->  Hash  (cost=73925.90..73925.90 rows=118297 width=4) (actual time=1388.466..1388.466 rows=122606 loops=1)
        Buckets: 131072  Batches: 2  Memory Usage: 3179kB
        ->  Seq Scan on title t  (cost=0.00..73925.90 rows=118297 width=4) (actual time=0.025..1335.568 rows=122606 loops=1)
              Filter: ((kind_id > 1) AND (production_year = 2011))
              Rows Removed by Filter: 2405706
Planning time: 0.787 ms
Execution time: 2304.525 ms
