Hash Join  (cost=52284.38..138942.64 rows=23 width=0) (actual time=906.634..2349.278 rows=7 loops=1)
  Hash Cond: (mk.movie_id = t.id)
  ->  Seq Scan on movie_keyword mk  (cost=0.00..69693.30 rows=4523930 width=4) (actual time=0.016..915.050 rows=4523930 loops=1)
  ->  Hash  (cost=52284.21..52284.21 rows=13 width=8) (actual time=695.380..695.380 rows=3 loops=1)
        Buckets: 1024  Batches: 1  Memory Usage: 9kB
        ->  Nested Loop  (cost=0.43..52284.21 rows=13 width=8) (actual time=260.842..695.367 rows=3 loops=1)
              ->  Seq Scan on movie_companies mc  (cost=0.00..51404.11 rows=104 width=4) (actual time=233.985..695.029 rows=5 loops=1)
                    Filter: (company_id = 120189)
                    Rows Removed by Filter: 2609124
              ->  Index Scan using title_pkey on title t  (cost=0.43..8.45 rows=1 width=4) (actual time=0.060..0.060 rows=1 loops=5)
                    Index Cond: (id = mc.movie_id)
                    Filter: ((kind_id < 7) AND (production_year > 2007))
                    Rows Removed by Filter: 0
Planning time: 5.563 ms
Execution time: 2349.430 ms
