Hash Join  (cost=190880.46..727233.73 rows=5299534 width=0) (actual time=4187.345..19049.962 rows=7441156 loops=1)
  Hash Cond: (mi.movie_id = t.id)
  ->  Seq Scan on movie_info mi  (cost=0.00..309384.22 rows=14739122 width=4) (actual time=0.011..6226.729 rows=14835720 loops=1)
  ->  Hash  (cost=175964.14..175964.14 rows=909146 width=8) (actual time=4186.328..4186.328 rows=668171 loops=1)
        Buckets: 131072  Batches: 16  Memory Usage: 2674kB
        ->  Hash Join  (cost=88381.15..175964.14 rows=909146 width=8) (actual time=1614.643..3995.430 rows=668171 loops=1)
              Hash Cond: (mc.movie_id = t.id)
              ->  Seq Scan on movie_companies mc  (cost=0.00..44881.29 rows=2609129 width=4) (actual time=0.006..871.942 rows=2609129 loops=1)
              ->  Hash  (cost=73925.90..73925.90 rows=881060 width=4) (actual time=1613.279..1613.279 rows=795183 loops=1)
                    Buckets: 131072  Batches: 16  Memory Usage: 2773kB
                    ->  Seq Scan on title t  (cost=0.00..73925.90 rows=881060 width=4) (actual time=0.030..1354.752 rows=795183 loops=1)
                          Filter: ((kind_id > 1) AND (production_year < 2003))
                          Rows Removed by Filter: 1733129
Planning time: 1.268 ms
Execution time: 19870.587 ms
