Hash Join  (cost=103353.12..190261.28 rows=25012 width=0) (actual time=1944.305..3787.242 rows=64104 loops=1)
  Hash Cond: (mk.movie_id = t.id)
  ->  Seq Scan on movie_keyword mk  (cost=0.00..69693.30 rows=4523930 width=4) (actual time=0.014..986.329 rows=4523930 loops=1)
  ->  Hash  (cost=103178.37..103178.37 rows=13980 width=8) (actual time=1943.666..1943.666 rows=14628 loops=1)
        Buckets: 16384  Batches: 1  Memory Usage: 700kB
        ->  Hash Join  (cost=74406.67..103178.37 rows=13980 width=8) (actual time=1196.434..1937.810 rows=14628 loops=1)
              Hash Cond: (mi_idx.movie_id = t.id)
              ->  Seq Scan on movie_info_idx mi_idx  (cost=0.00..25185.44 rows=919057 width=4) (actual time=0.013..517.160 rows=920110 loops=1)
                    Filter: (info_type_id > 99)
                    Rows Removed by Filter: 459925
              ->  Hash  (cost=73925.90..73925.90 rows=38461 width=4) (actual time=1195.991..1195.991 rows=44913 loops=1)
                    Buckets: 65536  Batches: 1  Memory Usage: 2091kB
                    ->  Seq Scan on title t  (cost=0.00..73925.90 rows=38461 width=4) (actual time=0.018..1176.849 rows=44913 loops=1)
                          Filter: ((kind_id > 1) AND (production_year = 2000))
                          Rows Removed by Filter: 2483399
Planning time: 1.170 ms
Execution time: 3795.805 ms
