Hash Join  (cost=74461.72..428822.42 rows=35158 width=0) (actual time=3336.879..7065.849 rows=29780 loops=1)
  Hash Cond: (mi.movie_id = t.id)
  ->  Seq Scan on movie_info mi  (cost=0.00..346232.03 rows=2073893 width=4) (actual time=2132.825..5267.798 rows=2091068 loops=1)
        Filter: (info_type_id < 3)
        Rows Removed by Filter: 12744652
  ->  Hash  (cost=73925.90..73925.90 rows=42865 width=4) (actual time=1203.599..1203.599 rows=49850 loops=1)
        Buckets: 65536  Batches: 1  Memory Usage: 2265kB
        ->  Seq Scan on title t  (cost=0.00..73925.90 rows=42865 width=4) (actual time=0.075..1183.033 rows=49850 loops=1)
              Filter: ((kind_id > 1) AND (production_year = 2001))
              Rows Removed by Filter: 2478462
Planning time: 0.818 ms
Execution time: 7070.417 ms
