Hash Join  (cost=197515.86..1307114.58 rows=7378358 width=0) (actual time=4502.910..47809.167 rows=53605889 loops=1)
  Hash Cond: (ci.movie_id = t.id)
  ->  Seq Scan on cast_info ci  (cost=0.00..614943.12 rows=36225612 width=4) (actual time=0.023..13215.175 rows=36244344 loops=1)
  ->  Hash  (cost=189066.29..189066.29 rows=515005 width=8) (actual time=4501.677..4501.677 rows=1164607 loops=1)
        Buckets: 131072 (originally 131072)  Batches: 16 (originally 8)  Memory Usage: 3906kB
        ->  Hash Join  (cost=83810.17..189066.29 rows=515005 width=8) (actual time=1538.130..4152.079 rows=1164607 loops=1)
              Hash Cond: (mk.movie_id = t.id)
              ->  Seq Scan on movie_keyword mk  (cost=0.00..81003.12 rows=1318385 width=4) (actual time=0.025..1463.653 rows=1328177 loops=1)
                    Filter: (keyword_id < 1736)
                    Rows Removed by Filter: 3195753
              ->  Hash  (cost=67604.59..67604.59 rows=987727 width=4) (actual time=1537.210..1537.210 rows=985048 loops=1)
                    Buckets: 131072  Batches: 16  Memory Usage: 3197kB
                    ->  Seq Scan on title t  (cost=0.00..67604.59 rows=987727 width=4) (actual time=0.016..1217.909 rows=985048 loops=1)
                          Filter: (kind_id < 7)
                          Rows Removed by Filter: 1543264
Planning time: 1.132 ms
Execution time: 53631.969 ms
