Hash Join  (cost=93341.87..1008422.56 rows=3296010 width=0) (actual time=5584.363..25500.020 rows=6043522 loops=1)
  Hash Cond: (ci.movie_id = t.id)
  ->  Seq Scan on cast_info ci  (cost=0.00..796071.18 rows=7042243 width=4) (actual time=3950.450..14408.729 rows=12670688 loops=1)
        Filter: ((person_id < 1999516) AND (role_id < 2))
        Rows Removed by Filter: 23573656
  ->  Hash  (cost=73925.90..73925.90 rows=1183437 width=4) (actual time=1632.621..1632.621 rows=1268635 loops=1)
        Buckets: 131072  Batches: 16  Memory Usage: 3823kB
        ->  Seq Scan on title t  (cost=0.00..73925.90 rows=1183437 width=4) (actual time=0.044..1252.596 rows=1268635 loops=1)
              Filter: ((production_year > 1980) AND (kind_id = 7))
              Rows Removed by Filter: 1259677
Planning time: 0.829 ms
Execution time: 26231.735 ms
