Hash Join  (cost=102767.86..194996.19 rows=55951 width=0) (actual time=1849.917..3354.345 rows=54826 loops=1)
  Hash Cond: (mk.movie_id = t.id)
  ->  Seq Scan on movie_keyword mk  (cost=0.00..81003.12 rows=55951 width=4) (actual time=0.044..1036.263 rows=54826 loops=1)
        Filter: (keyword_id < 55)
        Rows Removed by Filter: 4469104
  ->  Hash  (cost=61283.27..61283.27 rows=2528527 width=4) (actual time=1848.748..1848.748 rows=2528312 loops=1)
        Buckets: 131072  Batches: 64  Memory Usage: 2425kB
        ->  Seq Scan on title t  (cost=0.00..61283.27 rows=2528527 width=4) (actual time=0.025..980.931 rows=2528312 loops=1)
Planning time: 2.269 ms
Execution time: 3361.333 ms
