Seq Scan on movie_keyword mk  (cost=0.00..81003.12 rows=3550204 width=0) (actual time=0.022..1505.561 rows=3545849 loops=1)
  Filter: (keyword_id < 19058)
  Rows Removed by Filter: 978081
Planning time: 0.352 ms
Execution time: 1950.007 ms
