Nested Loop  (cost=0.43..797958.22 rows=136 width=0) (actual time=8209.340..12803.165 rows=172 loops=1)
  ->  Seq Scan on cast_info ci  (cost=0.00..796071.18 rows=224 width=4) (actual time=8209.260..12800.715 rows=172 loops=1)
        Filter: ((role_id > 2) AND (person_id = 3651982))
        Rows Removed by Filter: 36244172
  ->  Index Scan using title_pkey on title t  (cost=0.43..8.41 rows=1 width=4) (actual time=0.013..0.014 rows=1 loops=172)
        Index Cond: (id = ci.movie_id)
        Filter: (kind_id = 7)
Planning time: 0.837 ms
Execution time: 12803.304 ms
