Nested Loop  (cost=0.43..83072.29 rows=96 width=0) (actual time=3.628..1257.451 rows=170 loops=1)
  ->  Seq Scan on movie_keyword mk  (cost=0.00..81003.12 rows=246 width=4) (actual time=3.594..1250.129 rows=184 loops=1)
        Filter: (keyword_id = 3486)
        Rows Removed by Filter: 4523746
  ->  Index Scan using title_pkey on title t  (cost=0.43..8.40 rows=1 width=4) (actual time=0.036..0.036 rows=1 loops=184)
        Index Cond: (id = mk.movie_id)
        Filter: (kind_id < 7)
        Rows Removed by Filter: 0
Planning time: 0.734 ms
Execution time: 1257.678 ms
