Seq Scan on movie_keyword mk  (cost=0.00..81003.12 rows=1269273 width=0) (actual time=0.025..1380.931 rows=1278305 loops=1)
  Filter: (keyword_id < 1647)
  Rows Removed by Filter: 3245625
Planning time: 5.460 ms
Execution time: 1542.404 ms
