Hash Join  (cost=67697.55..156049.25 rows=5719 width=0) (actual time=984.504..2603.816 rows=11470 loops=1)
  Hash Cond: (mk.movie_id = t.id)
  ->  Seq Scan on movie_keyword mk  (cost=0.00..81003.12 rows=1944369 width=4) (actual time=0.012..1304.464 rows=1952959 loops=1)
        Filter: (keyword_id > 6589)
        Rows Removed by Filter: 2570971
  ->  Hash  (cost=67604.59..67604.59 rows=7437 width=4) (actual time=984.189..984.189 rows=14601 loops=1)
        Buckets: 16384 (originally 8192)  Batches: 1 (originally 1)  Memory Usage: 642kB
        ->  Seq Scan on title t  (cost=0.00..67604.59 rows=7437 width=4) (actual time=0.283..977.391 rows=14601 loops=1)
              Filter: (production_year = 1967)
              Rows Removed by Filter: 2513711
Planning time: 0.507 ms
Execution time: 2605.633 ms
