Hash Join  (cost=75533.21..202439.03 rows=147549 width=0) (actual time=1829.618..4640.254 rows=37289 loops=1)
  Hash Cond: (mk.movie_id = t.id)
  ->  Seq Scan on movie_keyword mk  (cost=0.00..81003.12 rows=3809123 width=4) (actual time=0.021..1688.734 rows=3805725 loops=1)
        Filter: (keyword_id < 26135)
        Rows Removed by Filter: 718205
  ->  Hash  (cost=73925.90..73925.90 rows=97944 width=4) (actual time=1118.876..1118.876 rows=106247 loops=1)
        Buckets: 131072  Batches: 2  Memory Usage: 2896kB
        ->  Seq Scan on title t  (cost=0.00..73925.90 rows=97944 width=4) (actual time=0.082..1073.483 rows=106247 loops=1)
              Filter: ((kind_id = 7) AND (production_year = 2011))
              Rows Removed by Filter: 2422065
Planning time: 0.796 ms
Execution time: 4645.157 ms
