Seq Scan on cast_info ci  (cost=0.00..796071.18 rows=11129498 width=0) (actual time=2065.683..13272.435 rows=4749983 loops=1)
  Filter: ((person_id < 1682956) AND (role_id > 1))
  Rows Removed by Filter: 31494361
Planning time: 0.283 ms
Execution time: 13889.424 ms
