Hash Join  (cost=73930.93..171661.87 rows=709 width=0) (actual time=2182.043..3174.234 rows=1 loops=1)
  Hash Cond: (mk.movie_id = t.id)
  ->  Seq Scan on movie_keyword mk  (cost=0.00..81003.12 rows=4458859 width=4) (actual time=0.024..1527.265 rows=4461097 loops=1)
        Filter: (keyword_id < 94004)
        Rows Removed by Filter: 62833
  ->  Hash  (cost=73925.90..73925.90 rows=402 width=4) (actual time=1041.609..1041.609 rows=137 loops=1)
        Buckets: 1024  Batches: 1  Memory Usage: 13kB
        ->  Seq Scan on title t  (cost=0.00..73925.90 rows=402 width=4) (actual time=38.351..1041.452 rows=137 loops=1)
              Filter: ((production_year > 2013) AND (kind_id = 7))
              Rows Removed by Filter: 2528175
Planning time: 0.762 ms
Execution time: 3174.312 ms
