Seq Scan on movie_companies mc  (cost=0.00..57926.93 rows=407340 width=0) (actual time=0.013..928.178 rows=731606 loops=1)
  Filter: ((company_id > 29748) AND (company_type_id > 1))
  Rows Removed by Filter: 1877523
Planning time: 0.335 ms
Execution time: 1023.992 ms
