Hash Join  (cost=158914.48..544083.15 rows=261592 width=0) (actual time=6554.356..10979.368 rows=1527595 loops=1)
  Hash Cond: (mi.movie_id = t.id)
  ->  Seq Scan on movie_info mi  (cost=0.00..346232.03 rows=3068194 width=4) (actual time=3116.122..5717.066 rows=3036719 loops=1)
        Filter: (info_type_id = 16)
        Rows Removed by Filter: 11799001
  ->  Hash  (cost=155376.73..155376.73 rows=215580 width=8) (actual time=3437.274..3437.274 rows=263784 loops=1)
        Buckets: 131072  Batches: 4  Memory Usage: 3587kB
        ->  Hash Join  (cost=77354.40..155376.73 rows=215580 width=8) (actual time=1489.572..3360.650 rows=263784 loops=1)
              Hash Cond: (mc.movie_id = t.id)
              ->  Seq Scan on movie_companies mc  (cost=0.00..44881.29 rows=2609129 width=4) (actual time=0.028..809.181 rows=2609129 loops=1)
              ->  Hash  (cost=73925.90..73925.90 rows=208920 width=4) (actual time=1488.809..1488.809 rows=183835 loops=1)
                    Buckets: 131072  Batches: 4  Memory Usage: 2649kB
                    ->  Seq Scan on title t  (cost=0.00..73925.90 rows=208920 width=4) (actual time=0.028..1193.091 rows=183835 loops=1)
                          Filter: ((kind_id < 7) AND (production_year > 2009))
                          Rows Removed by Filter: 2344477
Planning time: 1.951 ms
Execution time: 11180.390 ms
