Nested Loop  (cost=0.43..799380.35 rows=396 width=0) (actual time=5238.371..14959.133 rows=11 loops=1)
  ->  Seq Scan on cast_info ci  (cost=0.00..796071.18 rows=396 width=4) (actual time=5238.212..14958.723 rows=11 loops=1)
        Filter: ((role_id < 8) AND (person_id = 110323))
        Rows Removed by Filter: 36244333
  ->  Index Only Scan using title_pkey on title t  (cost=0.43..8.35 rows=1 width=4) (actual time=0.030..0.031 rows=1 loops=11)
        Index Cond: (id = ci.movie_id)
        Heap Fetches: 11
Planning time: 0.802 ms
Execution time: 14959.217 ms
