Hash Join  (cost=74311.74..136558.32 rows=13619 width=0) (actual time=1279.481..2691.351 rows=5288 loops=1)
  Hash Cond: (mc.movie_id = t.id)
  ->  Seq Scan on movie_companies mc  (cost=0.00..57926.93 rows=1115587 width=4) (actual time=0.013..1124.481 rows=1236158 loops=1)
        Filter: ((company_id > 297) AND (company_type_id > 1))
        Rows Removed by Filter: 1372971
  ->  Hash  (cost=73925.90..73925.90 rows=30867 width=4) (actual time=1279.074..1279.074 rows=34773 loops=1)
        Buckets: 65536 (originally 32768)  Batches: 1 (originally 1)  Memory Usage: 1735kB
        ->  Seq Scan on title t  (cost=0.00..73925.90 rows=30867 width=4) (actual time=0.030..1263.683 rows=34773 loops=1)
              Filter: ((kind_id = 7) AND (production_year = 1999))
              Rows Removed by Filter: 2493539
Planning time: 0.795 ms
Execution time: 2692.245 ms
