Nested Loop  (cost=0.43..147722.33 rows=10254 width=0) (actual time=0.126..1510.472 rows=8567 loops=1)
  ->  Seq Scan on movie_keyword mk  (cost=0.00..81003.12 rows=10254 width=4) (actual time=0.049..1285.519 rows=8567 loops=1)
        Filter: (keyword_id = 3636)
        Rows Removed by Filter: 4515363
  ->  Index Only Scan using title_pkey on title t  (cost=0.43..6.50 rows=1 width=4) (actual time=0.025..0.026 rows=1 loops=8567)
        Index Cond: (id = mk.movie_id)
        Heap Fetches: 8567
Planning time: 1.618 ms
Execution time: 1512.603 ms
