Hash Join  (cost=131439.52..260232.25 rows=557369 width=0) (actual time=2823.880..7335.317 rows=5711491 loops=1)
  Hash Cond: (mk.movie_id = t.id)
  ->  Seq Scan on movie_keyword mk  (cost=0.00..69693.30 rows=4523930 width=4) (actual time=0.026..1411.350 rows=4523930 loops=1)
  ->  Hash  (cost=126328.45..126328.45 rows=311526 width=8) (actual time=2823.126..2823.126 rows=493655 loops=1)
        Buckets: 131072  Batches: 8  Memory Usage: 3459kB
        ->  Hash Join  (cost=83290.71..126328.45 rows=311526 width=8) (actual time=1407.622..2680.657 rows=493655 loops=1)
              Hash Cond: (mi_idx.movie_id = t.id)
              ->  Seq Scan on movie_info_idx mi_idx  (cost=0.00..21735.35 rows=1380035 width=4) (actual time=0.017..490.996 rows=1380035 loops=1)
              ->  Hash  (cost=73925.90..73925.90 rows=570784 width=4) (actual time=1406.832..1406.832 rows=450312 loops=1)
                    Buckets: 131072  Batches: 8  Memory Usage: 3016kB
                    ->  Seq Scan on title t  (cost=0.00..73925.90 rows=570784 width=4) (actual time=26.202..1265.166 rows=450312 loops=1)
                          Filter: ((production_year > 1964) AND (kind_id = 1))
                          Rows Removed by Filter: 2078000
Planning time: 1.143 ms
Execution time: 7955.886 ms
