Nested Loop  (cost=0.43..799380.35 rows=396 width=0) (actual time=1753.627..13772.995 rows=8 loops=1)
  ->  Seq Scan on cast_info ci  (cost=0.00..796071.18 rows=396 width=4) (actual time=1753.506..13772.670 rows=8 loops=1)
        Filter: ((role_id < 8) AND (person_id = 2803947))
        Rows Removed by Filter: 36244336
  ->  Index Only Scan using title_pkey on title t  (cost=0.43..8.35 rows=1 width=4) (actual time=0.034..0.035 rows=1 loops=8)
        Index Cond: (id = ci.movie_id)
        Heap Fetches: 8
Planning time: 0.775 ms
Execution time: 13773.067 ms
