Hash Join  (cost=709678.15..1074363.23 rows=2915 width=0) (actual time=10735.722..17867.819 rows=1370 loops=1)
  Hash Cond: (mi.movie_id = t.id)
  ->  Seq Scan on movie_info mi  (cost=0.00..309384.22 rows=14739122 width=4) (actual time=0.009..4440.212 rows=14835720 loops=1)
  ->  Hash  (cost=709671.90..709671.90 rows=500 width=8) (actual time=10722.874..10722.874 rows=569 loops=1)
        Buckets: 1024  Batches: 1  Memory Usage: 31kB
        ->  Nested Loop  (cost=0.43..709671.90 rows=500 width=8) (actual time=982.429..10722.567 rows=569 loops=1)
              ->  Seq Scan on cast_info ci  (cost=0.00..705507.15 rows=500 width=4) (actual time=982.351..10712.366 rows=569 loops=1)
                    Filter: (person_id = 821581)
                    Rows Removed by Filter: 36243775
              ->  Index Only Scan using title_pkey on title t  (cost=0.43..8.32 rows=1 width=4) (actual time=0.017..0.017 rows=1 loops=569)
                    Index Cond: (id = ci.movie_id)
                    Heap Fetches: 569
Planning time: 1.212 ms
Execution time: 17868.247 ms
