Hash Join  (cost=709675.56..764343.08 rows=199 width=0) (actual time=10755.709..11859.797 rows=274 loops=1)
  Hash Cond: (mc.movie_id = t.id)
  ->  Seq Scan on movie_companies mc  (cost=0.00..44881.29 rows=2609129 width=4) (actual time=0.021..637.424 rows=2609129 loops=1)
  ->  Hash  (cost=709673.15..709673.15 rows=193 width=8) (actual time=10751.359..10751.359 rows=125 loops=1)
        Buckets: 1024  Batches: 1  Memory Usage: 13kB
        ->  Nested Loop  (cost=0.43..709673.15 rows=193 width=8) (actual time=5956.866..10751.282 rows=125 loops=1)
              ->  Seq Scan on cast_info ci  (cost=0.00..705507.15 rows=500 width=4) (actual time=5956.769..10748.809 rows=125 loops=1)
                    Filter: (person_id = 1429253)
                    Rows Removed by Filter: 36244219
              ->  Index Scan using title_pkey on title t  (cost=0.43..8.32 rows=1 width=4) (actual time=0.018..0.019 rows=1 loops=125)
                    Index Cond: (id = ci.movie_id)
                    Filter: (kind_id < 6)
Planning time: 1.251 ms
Execution time: 11860.080 ms
