Nested Loop  (cost=0.43..709671.90 rows=500 width=0) (actual time=1483.061..10192.553 rows=97 loops=1)
  ->  Seq Scan on cast_info ci  (cost=0.00..705507.15 rows=500 width=4) (actual time=1482.973..10191.187 rows=97 loops=1)
        Filter: (person_id = 2931671)
        Rows Removed by Filter: 36244247
  ->  Index Only Scan using title_pkey on title t  (cost=0.43..8.32 rows=1 width=4) (actual time=0.013..0.013 rows=1 loops=97)
        Index Cond: (id = ci.movie_id)
        Heap Fetches: 97
Planning time: 0.814 ms
Execution time: 10192.646 ms
