Seq Scan on movie_keyword mk  (cost=0.00..81003.12 rows=27165 width=0) (actual time=280.450..1293.357 rows=23695 loops=1)
  Filter: (keyword_id > 114657)
  Rows Removed by Filter: 4500235
Planning time: 0.376 ms
Execution time: 1297.163 ms
