Hash Join  (cost=161021.74..248144.88 rows=875761 width=0) (actual time=3774.681..6912.620 rows=2970087 loops=1)
  Hash Cond: (mc.movie_id = t.id)
  ->  Seq Scan on movie_companies mc  (cost=0.00..44881.29 rows=2609129 width=4) (actual time=0.017..979.272 rows=2609129 loops=1)
  ->  Hash  (cost=147096.91..147096.91 rows=848707 width=8) (actual time=3773.867..3773.867 rows=1010682 loops=1)
        Buckets: 131072  Batches: 16  Memory Usage: 3504kB
        ->  Hash Join  (cost=93117.31..147096.91 rows=848707 width=8) (actual time=1796.125..3481.267 rows=1010682 loops=1)
              Hash Cond: (mi_idx.movie_id = t.id)
              ->  Seq Scan on movie_info_idx mi_idx  (cost=0.00..21735.35 rows=1380035 width=4) (actual time=1.442..467.416 rows=1380035 loops=1)
              ->  Hash  (cost=67604.59..67604.59 rows=1555018 width=4) (actual time=1793.768..1793.768 rows=1551727 loops=1)
                    Buckets: 131072  Batches: 32  Memory Usage: 2728kB
                    ->  Seq Scan on title t  (cost=0.00..67604.59 rows=1555018 width=4) (actual time=0.006..1292.826 rows=1551727 loops=1)
                          Filter: (production_year < 2007)
                          Rows Removed by Filter: 976585
Planning time: 0.993 ms
Execution time: 7246.562 ms
