Hash Join  (cost=135494.14..500248.87 rows=9880 width=0) (actual time=2599.229..9706.804 rows=17476 loops=1)
  Hash Cond: (mi.movie_id = t.id)
  ->  Seq Scan on movie_info mi  (cost=0.00..309384.22 rows=14739122 width=4) (actual time=0.004..4265.360 rows=14835720 loops=1)
  ->  Hash  (cost=135472.95..135472.95 rows=1695 width=8) (actual time=2597.260..2597.260 rows=2148 loops=1)
        Buckets: 4096 (originally 2048)  Batches: 1 (originally 1)  Memory Usage: 116kB
        ->  Hash Join  (cost=73982.55..135472.95 rows=1695 width=8) (actual time=1588.208..2596.263 rows=2148 loops=1)
              Hash Cond: (mc.movie_id = t.id)
              ->  Seq Scan on movie_companies mc  (cost=0.00..57926.93 rows=945737 width=4) (actual time=333.016..1171.092 rows=1113041 loops=1)
                    Filter: ((company_id > 1451) AND (company_type_id = 2))
                    Rows Removed by Filter: 1496088
              ->  Hash  (cost=73925.90..73925.90 rows=4532 width=4) (actual time=1249.204..1249.204 rows=4021 loops=1)
                    Buckets: 8192  Batches: 1  Memory Usage: 206kB
                    ->  Seq Scan on title t  (cost=0.00..73925.90 rows=4532 width=4) (actual time=221.003..1246.932 rows=4021 loops=1)
                          Filter: ((kind_id = 7) AND (production_year = 1954))
                          Rows Removed by Filter: 2524291
Planning time: 1.070 ms
Execution time: 9709.271 ms
