Nested Loop  (cost=0.43..797556.14 rows=100 width=0) (actual time=7335.719..10555.704 rows=13 loops=1)
  ->  Seq Scan on cast_info ci  (cost=0.00..796071.18 rows=176 width=4) (actual time=7335.638..10555.353 rows=13 loops=1)
        Filter: ((person_id = 1664352) AND (role_id = 1))
        Rows Removed by Filter: 36244331
  ->  Index Scan using title_pkey on title t  (cost=0.43..8.43 rows=1 width=4) (actual time=0.023..0.024 rows=1 loops=13)
        Index Cond: (id = ci.movie_id)
        Filter: (production_year > 1999)
Planning time: 1.026 ms
Execution time: 10555.806 ms
