Hash Join  (cost=74730.49..135127.57 rows=57167 width=0) (actual time=1137.164..2687.017 rows=65508 loops=1)
  Hash Cond: (mc.movie_id = t.id)
  ->  Seq Scan on movie_companies mc  (cost=0.00..51404.11 rows=2245679 width=4) (actual time=0.022..947.294 rows=2247684 loops=1)
        Filter: (company_id > 181)
        Rows Removed by Filter: 361445
  ->  Hash  (cost=73925.90..73925.90 rows=64367 width=4) (actual time=1136.794..1136.794 rows=53905 loops=1)
        Buckets: 65536  Batches: 1  Memory Usage: 2408kB
        ->  Seq Scan on title t  (cost=0.00..73925.90 rows=64367 width=4) (actual time=0.027..1113.798 rows=53905 loops=1)
              Filter: ((kind_id < 7) AND (production_year = 2012))
              Rows Removed by Filter: 2474407
Planning time: 0.782 ms
Execution time: 2696.655 ms
