Hash Join  (cost=154391.37..263921.82 rows=324422 width=0) (actual time=3522.234..6435.458 rows=1518543 loops=1)
  Hash Cond: (mk.movie_id = t.id)
  ->  Seq Scan on movie_keyword mk  (cost=0.00..81003.12 rows=2051495 width=4) (actual time=0.024..1497.162 rows=2059636 loops=1)
        Filter: (keyword_id < 3662)
        Rows Removed by Filter: 2464294
  ->  Hash  (cost=147831.12..147831.12 rows=399860 width=8) (actual time=3521.625..3521.625 rows=436710 loops=1)
        Buckets: 131072  Batches: 8  Memory Usage: 3172kB
        ->  Hash Join  (cost=104131.46..147831.12 rows=399860 width=8) (actual time=2093.446..3392.999 rows=436710 loops=1)
              Hash Cond: (mi_idx.movie_id = t.id)
              ->  Seq Scan on movie_info_idx mi_idx  (cost=0.00..25185.44 rows=454124 width=4) (actual time=0.022..491.444 rows=459925 loops=1)
                    Filter: (info_type_id = 100)
                    Rows Removed by Filter: 920110
              ->  Hash  (cost=67604.59..67604.59 rows=2226390 width=4) (actual time=2092.397..2092.397 rows=2224569 loops=1)
                    Buckets: 131072  Batches: 32  Memory Usage: 3463kB
                    ->  Seq Scan on title t  (cost=0.00..67604.59 rows=2226390 width=4) (actual time=0.016..1412.023 rows=2224569 loops=1)
                          Filter: (production_year < 2012)
                          Rows Removed by Filter: 303743
Planning time: 1.235 ms
Execution time: 6582.531 ms
