Hash Join  (cost=76948.89..154619.54 rows=190112 width=0) (actual time=1215.073..3076.690 rows=81548 loops=1)
  Hash Cond: (mc.movie_id = t.id)
  ->  Seq Scan on movie_companies mc  (cost=0.00..44881.29 rows=2609129 width=4) (actual time=0.010..981.872 rows=2609129 loops=1)
  ->  Hash  (cost=73925.90..73925.90 rows=184239 width=4) (actual time=1213.964..1213.964 rows=60242 loops=1)
        Buckets: 131072  Batches: 4  Memory Usage: 1555kB
        ->  Seq Scan on title t  (cost=0.00..73925.90 rows=184239 width=4) (actual time=0.081..1191.045 rows=60242 loops=1)
              Filter: ((kind_id > 1) AND (production_year < 1961))
              Rows Removed by Filter: 2468070
Planning time: 0.941 ms
Execution time: 3084.075 ms
