Hash Join  (cost=78556.72..912240.94 rows=650664 width=0) (actual time=1395.967..16856.347 rows=369541 loops=1)
  Hash Cond: (ci.movie_id = t.id)
  ->  Seq Scan on cast_info ci  (cost=0.00..796071.18 rows=2464638 width=4) (actual time=0.019..14511.935 rows=1535353 loops=1)
        Filter: ((person_id < 2258686) AND (role_id = 3))
        Rows Removed by Filter: 34708991
  ->  Hash  (cost=67604.59..67604.59 rows=667531 width=4) (actual time=1394.949..1394.949 rows=662825 loops=1)
        Buckets: 131072  Batches: 16  Memory Usage: 2476kB
        ->  Seq Scan on title t  (cost=0.00..67604.59 rows=667531 width=4) (actual time=0.016..1183.967 rows=662825 loops=1)
              Filter: (kind_id < 2)
              Rows Removed by Filter: 1865487
Planning time: 0.779 ms
Execution time: 16898.699 ms
