Seq Scan on movie_companies mc  (cost=0.00..57926.93 rows=51 width=0) (actual time=20.070..892.579 rows=77 loops=1)
  Filter: ((company_type_id < 2) AND (company_id = 16784))
  Rows Removed by Filter: 2609052
Planning time: 0.374 ms
Execution time: 892.705 ms
