Seq Scan on movie_keyword mk  (cost=0.00..81003.12 rows=2253268 width=0) (actual time=0.016..1588.743 rows=2257129 loops=1)
  Filter: (keyword_id < 4671)
  Rows Removed by Filter: 2266801
Planning time: 0.662 ms
Execution time: 1866.249 ms
