Hash Join  (cost=709678.15..764348.83 rows=516 width=0) (actual time=11541.560..12664.144 rows=251 loops=1)
  Hash Cond: (mc.movie_id = t.id)
  ->  Seq Scan on movie_companies mc  (cost=0.00..44881.29 rows=2609129 width=4) (actual time=0.027..695.469 rows=2609129 loops=1)
  ->  Hash  (cost=709671.90..709671.90 rows=500 width=8) (actual time=11512.583..11512.583 rows=31 loops=1)
        Buckets: 1024  Batches: 1  Memory Usage: 10kB
        ->  Nested Loop  (cost=0.43..709671.90 rows=500 width=8) (actual time=6281.813..11512.554 rows=31 loops=1)
              ->  Seq Scan on cast_info ci  (cost=0.00..705507.15 rows=500 width=4) (actual time=6281.715..11511.732 rows=31 loops=1)
                    Filter: (person_id = 759353)
                    Rows Removed by Filter: 36244313
              ->  Index Only Scan using title_pkey on title t  (cost=0.43..8.32 rows=1 width=4) (actual time=0.024..0.025 rows=1 loops=31)
                    Index Cond: (id = ci.movie_id)
                    Heap Fetches: 31
Planning time: 1.185 ms
Execution time: 12664.315 ms
