Hash Join  (cost=78556.72..163102.35 rows=688810 width=0) (actual time=1459.245..4414.152 rows=1027288 loops=1)
  Hash Cond: (mc.movie_id = t.id)
  ->  Seq Scan on movie_companies mc  (cost=0.00..44881.29 rows=2609129 width=4) (actual time=0.014..966.514 rows=2609129 loops=1)
  ->  Hash  (cost=67604.59..67604.59 rows=667531 width=4) (actual time=1458.201..1458.201 rows=662834 loops=1)
        Buckets: 131072  Batches: 16  Memory Usage: 2478kB
        ->  Seq Scan on title t  (cost=0.00..67604.59 rows=667531 width=4) (actual time=1.280..1248.774 rows=662834 loops=1)
              Filter: (production_year < 1989)
              Rows Removed by Filter: 1865478
Planning time: 0.524 ms
Execution time: 4533.354 ms
