Hash Join  (cost=218256.21..1238566.11 rows=5698282 width=0) (actual time=5023.877..44132.716 rows=54235662 loops=1)
  Hash Cond: (ci.movie_id = t.id)
  ->  Seq Scan on cast_info ci  (cost=0.00..705507.15 rows=22077321 width=4) (actual time=0.013..14708.256 rows=21930432 loops=1)
        Filter: (person_id < 2231329)
        Rows Removed by Filter: 14313912
  ->  Hash  (cost=207548.37..207548.37 rows=652627 width=8) (actual time=5022.650..5022.650 rows=1327262 loops=1)
        Buckets: 131072 (originally 131072)  Batches: 32 (originally 16)  Memory Usage: 3073kB
        ->  Hash Join  (cost=82863.28..207548.37 rows=652627 width=8) (actual time=1431.372..4681.184 rows=1327262 loops=1)
              Hash Cond: (mk.movie_id = t.id)
              ->  Seq Scan on movie_keyword mk  (cost=0.00..81003.12 rows=3029253 width=4) (actual time=0.015..1697.555 rows=3018123 loops=1)
                    Filter: (keyword_id > 2172)
                    Rows Removed by Filter: 1505807
              ->  Hash  (cost=73925.90..73925.90 rows=544750 width=4) (actual time=1430.417..1430.417 rows=420664 loops=1)
                    Buckets: 131072  Batches: 8  Memory Usage: 2891kB
                    ->  Seq Scan on title t  (cost=0.00..73925.90 rows=544750 width=4) (actual time=0.012..1298.005 rows=420664 loops=1)
                          Filter: ((production_year > 1971) AND (kind_id = 1))
                          Rows Removed by Filter: 2107648
Planning time: 1.810 ms
Execution time: 50016.559 ms
