Nested Loop  (cost=0.43..52284.21 rows=25 width=0) (actual time=1.935..924.105 rows=303 loops=1)
  ->  Seq Scan on movie_companies mc  (cost=0.00..51404.11 rows=104 width=4) (actual time=1.889..904.164 rows=303 loops=1)
        Filter: (company_id = 23583)
        Rows Removed by Filter: 2608826
  ->  Index Scan using title_pkey on title t  (cost=0.43..8.45 rows=1 width=4) (actual time=0.064..0.064 rows=1 loops=303)
        Index Cond: (id = mc.movie_id)
        Filter: ((kind_id < 6) AND (production_year < 2007))
Planning time: 7.658 ms
Execution time: 924.334 ms
