Hash Join  (cost=709678.15..1091465.08 rows=1874 width=0) (actual time=10493.166..17952.291 rows=606 loops=1)
  Hash Cond: (mi.movie_id = t.id)
  ->  Seq Scan on movie_info mi  (cost=0.00..346232.03 rows=9476311 width=4) (actual time=0.025..6043.634 rows=9565151 loops=1)
        Filter: (info_type_id < 16)
        Rows Removed by Filter: 5270569
  ->  Hash  (cost=709671.90..709671.90 rows=500 width=8) (actual time=10486.150..10486.150 rows=580 loops=1)
        Buckets: 1024  Batches: 1  Memory Usage: 31kB
        ->  Nested Loop  (cost=0.43..709671.90 rows=500 width=8) (actual time=3123.241..10485.901 rows=580 loops=1)
              ->  Seq Scan on cast_info ci  (cost=0.00..705507.15 rows=500 width=4) (actual time=3123.138..10479.394 rows=580 loops=1)
                    Filter: (person_id = 2135700)
                    Rows Removed by Filter: 36243764
              ->  Index Only Scan using title_pkey on title t  (cost=0.43..8.32 rows=1 width=4) (actual time=0.010..0.011 rows=1 loops=580)
                    Index Cond: (id = ci.movie_id)
                    Heap Fetches: 580
Planning time: 1.198 ms
Execution time: 17952.549 ms
