Hash Join  (cost=80267.30..121579.32 rows=210953 width=0) (actual time=1341.766..2638.566 rows=499293 loops=1)
  Hash Cond: (mi_idx.movie_id = t.id)
  ->  Seq Scan on movie_info_idx mi_idx  (cost=0.00..21735.35 rows=1380035 width=4) (actual time=0.017..519.659 rows=1380035 loops=1)
  ->  Hash  (cost=73925.90..73925.90 rows=386512 width=4) (actual time=1340.930..1340.930 rows=494694 loops=1)
        Buckets: 131072  Batches: 8  Memory Usage: 3209kB
        ->  Seq Scan on title t  (cost=0.00..73925.90 rows=386512 width=4) (actual time=0.010..1187.833 rows=494694 loops=1)
              Filter: ((kind_id < 4) AND (production_year < 2002))
              Rows Removed by Filter: 2033618
Planning time: 0.743 ms
Execution time: 2693.924 ms
