Hash Join  (cost=85727.72..173683.10 rows=321025 width=134) (actual time=1355.572..3881.490 rows=792832 loops=1)
  Hash Cond: (mc.movie_id = t.id)
  ->  Seq Scan on movie_companies mc  (cost=0.00..51404.11 rows=1216004 width=40) (actual time=0.027..1225.848 rows=1228829 loops=1)
        Filter: (company_id > 11930)
        Rows Removed by Filter: 1380300
  ->  Hash  (cost=67604.59..67604.59 rows=667531 width=94) (actual time=1354.853..1354.853 rows=662825 loops=1)
        Buckets: 32768  Batches: 32  Memory Usage: 2489kB
        ->  Seq Scan on title t  (cost=0.00..67604.59 rows=667531 width=94) (actual time=0.009..1100.320 rows=662825 loops=1)
              Filter: (kind_id = 1)
              Rows Removed by Filter: 1865487
Planning time: 0.950 ms
Execution time: 3925.982 ms
