Hash Join  (cost=74877.14..422661.56 rows=11533 width=0) (actual time=4193.995..6893.378 rows=62341 loops=1)
  Hash Cond: (mi.movie_id = t.id)
  ->  Seq Scan on movie_info mi  (cost=0.00..346232.03 rows=383217 width=4) (actual time=2915.935..5447.725 rows=368218 loops=1)
        Filter: (info_type_id = 17)
        Rows Removed by Filter: 14467502
  ->  Hash  (cost=73925.90..73925.90 rows=76099 width=4) (actual time=1151.931..1151.931 rows=202307 loops=1)
        Buckets: 131072 (originally 131072)  Batches: 4 (originally 1)  Memory Usage: 3073kB
        ->  Seq Scan on title t  (cost=0.00..73925.90 rows=76099 width=4) (actual time=0.043..1072.700 rows=202307 loops=1)
              Filter: ((production_year < 1964) AND (kind_id = 1))
              Rows Removed by Filter: 2326005
Planning time: 0.765 ms
Execution time: 6901.232 ms
