Seq Scan on movie_companies mc  (cost=0.00..51404.11 rows=404040 width=0) (actual time=0.026..843.014 rows=407730 loops=1)
  Filter: (company_id > 81283)
  Rows Removed by Filter: 2201399
Planning time: 0.344 ms
Execution time: 892.301 ms
