Hash Join  (cost=96356.06..199596.01 rows=1808301 width=0) (actual time=1888.432..4973.733 rows=1508127 loops=1)
  Hash Cond: (mc.movie_id = t.id)
  ->  Seq Scan on movie_companies mc  (cost=0.00..44881.29 rows=2609129 width=4) (actual time=0.023..881.274 rows=2609129 loops=1)
  ->  Hash  (cost=67604.59..67604.59 rows=1752438 width=4) (actual time=1887.557..1887.557 rows=1749032 loops=1)
        Buckets: 131072  Batches: 32  Memory Usage: 2950kB
        ->  Seq Scan on title t  (cost=0.00..67604.59 rows=1752438 width=4) (actual time=0.020..1338.115 rows=1749032 loops=1)
              Filter: (production_year > 1990)
              Rows Removed by Filter: 779280
Planning time: 0.776 ms
Execution time: 5145.374 ms
