Seq Scan on movie_keyword mk  (cost=0.00..81003.12 rows=2797374 width=0) (actual time=0.013..1472.998 rows=2787703 loops=1)
  Filter: (keyword_id < 8107)
  Rows Removed by Filter: 1736227
Planning time: 0.316 ms
Execution time: 1808.533 ms
