Seq Scan on cast_info ci  (cost=0.00..705507.15 rows=34174026 width=0) (actual time=0.023..13864.223 rows=34148186 loops=1)
  Filter: (person_id < 3652564)
  Rows Removed by Filter: 2096158
Planning time: 0.336 ms
Execution time: 18043.483 ms
