Hash Join  (cost=102767.86..223955.45 rows=1259475 width=0) (actual time=2047.837..5546.852 rows=1271637 loops=1)
  Hash Cond: (mk.movie_id = t.id)
  ->  Seq Scan on movie_keyword mk  (cost=0.00..81003.12 rows=1259475 width=4) (actual time=0.023..1362.244 rows=1271637 loops=1)
        Filter: (keyword_id < 1633)
        Rows Removed by Filter: 3252293
  ->  Hash  (cost=61283.27..61283.27 rows=2528527 width=4) (actual time=2045.856..2045.856 rows=2528312 loops=1)
        Buckets: 131072  Batches: 64  Memory Usage: 2425kB
        ->  Seq Scan on title t  (cost=0.00..61283.27 rows=2528527 width=4) (actual time=0.017..1180.259 rows=2528312 loops=1)
Planning time: 0.722 ms
Execution time: 5692.888 ms
