Hash Join  (cost=67697.55..432786.99 rows=43351 width=0) (actual time=1117.734..8775.027 rows=65159 loops=1)
  Hash Cond: (mi.movie_id = t.id)
  ->  Seq Scan on movie_info mi  (cost=0.00..309384.22 rows=14739122 width=4) (actual time=0.019..4550.379 rows=14835720 loops=1)
  ->  Hash  (cost=67604.59..67604.59 rows=7437 width=4) (actual time=1117.602..1117.602 rows=7199 loops=1)
        Buckets: 8192  Batches: 1  Memory Usage: 318kB
        ->  Seq Scan on title t  (cost=0.00..67604.59 rows=7437 width=4) (actual time=0.026..1113.786 rows=7199 loops=1)
              Filter: (production_year = 1954)
              Rows Removed by Filter: 2521113
Planning time: 0.841 ms
Execution time: 8785.481 ms
