Hash Join  (cost=197184.13..1327760.79 rows=9420450 width=0) (actual time=4583.739..38119.809 rows=15122733 loops=1)
  Hash Cond: (ci.movie_id = t.id)
  ->  Seq Scan on cast_info ci  (cost=0.00..614943.12 rows=36225612 width=4) (actual time=0.024..13399.119 rows=36244344 loops=1)
  ->  Hash  (cost=186395.85..186395.85 rows=657542 width=8) (actual time=4582.689..4582.689 rows=423692 loops=1)
        Buckets: 131072  Batches: 16  Memory Usage: 2061kB
        ->  Hash Join  (cost=102767.86..186395.85 rows=657542 width=8) (actual time=2704.050..4449.386 rows=423692 loops=1)
              Hash Cond: (mc.movie_id = t.id)
              ->  Seq Scan on movie_companies mc  (cost=0.00..57926.93 rows=657542 width=4) (actual time=63.070..1022.894 rows=423692 loops=1)
                    Filter: ((company_id > 11180) AND (company_type_id = 1))
                    Rows Removed by Filter: 2185437
              ->  Hash  (cost=61283.27..61283.27 rows=2528527 width=4) (actual time=2639.053..2639.053 rows=2528312 loops=1)
                    Buckets: 131072  Batches: 64  Memory Usage: 2415kB
                    ->  Seq Scan on title t  (cost=0.00..61283.27 rows=2528527 width=4) (actual time=0.020..1047.155 rows=2528312 loops=1)
Planning time: 1.135 ms
Execution time: 39895.150 ms
