Hash Join  (cost=227999.04..1138325.04 rows=1977313 width=0) (actual time=16423.710..51528.637 rows=372997 loops=1)
  Hash Cond: (ci.movie_id = t.id)
  ->  Seq Scan on cast_info ci  (cost=0.00..796071.18 rows=7161140 width=4) (actual time=4104.203..36944.239 rows=3923531 loops=1)
        Filter: ((person_id < 3045419) AND (role_id > 5))
        Rows Removed by Filter: 32320813
  ->  Hash  (cost=216543.93..216543.93 rows=698169 width=8) (actual time=12315.000..12315.000 rows=142322 loops=1)
        Buckets: 131072  Batches: 16  Memory Usage: 1352kB
        ->  Hash Join  (cost=81282.57..216543.93 rows=698169 width=8) (actual time=7065.638..12260.131 rows=142322 loops=1)
              Hash Cond: (mk.movie_id = t.id)
              ->  Seq Scan on movie_keyword mk  (cost=0.00..81003.12 rows=3937212 width=4) (actual time=0.038..5502.029 rows=3938371 loops=1)
                    Filter: (keyword_id < 31338)
                    Rows Removed by Filter: 585559
              ->  Hash  (cost=73925.90..73925.90 rows=448373 width=4) (actual time=4495.538..4495.538 rows=329492 loops=1)
                    Buckets: 131072  Batches: 8  Memory Usage: 2467kB
                    ->  Seq Scan on title t  (cost=0.00..73925.90 rows=448373 width=4) (actual time=149.513..4118.878 rows=329492 loops=1)
                          Filter: ((production_year < 1992) AND (kind_id = 7))
                          Rows Removed by Filter: 2198820
Planning time: 1.354 ms
Execution time: 51579.205 ms
