Hash Join  (cost=101765.68..188789.92 rows=36620 width=0) (actual time=5013.999..9775.472 rows=339095 loops=1)
  Hash Cond: (mk.movie_id = t.id)
  ->  Seq Scan on movie_keyword mk  (cost=0.00..69693.30 rows=4523930 width=4) (actual time=0.012..3580.933 rows=4523930 loops=1)
  ->  Hash  (cost=101509.83..101509.83 rows=20468 width=8) (actual time=5012.492..5012.492 rows=39660 loops=1)
        Buckets: 65536 (originally 32768)  Batches: 1 (originally 1)  Memory Usage: 2062kB
        ->  Hash Join  (cost=74394.67..101509.83 rows=20468 width=8) (actual time=3420.453..4996.390 rows=39660 loops=1)
              Hash Cond: (mi_idx.movie_id = t.id)
              ->  Seq Scan on movie_info_idx mi_idx  (cost=0.00..21735.35 rows=1380035 width=4) (actual time=0.017..1161.922 rows=1380035 loops=1)
              ->  Hash  (cost=73925.90..73925.90 rows=37501 width=4) (actual time=3420.068..3420.068 rows=32253 loops=1)
                    Buckets: 65536  Batches: 1  Memory Usage: 1646kB
                    ->  Seq Scan on title t  (cost=0.00..73925.90 rows=37501 width=4) (actual time=0.252..3403.550 rows=32253 loops=1)
                          Filter: ((kind_id < 7) AND (production_year = 2005))
                          Rows Removed by Filter: 2496059
Planning time: 1.130 ms
Execution time: 9823.242 ms
