Hash Join  (cost=365418.15..1332243.40 rows=12652173 width=0) (actual time=8263.446..41509.228 rows=50410933 loops=1)
  Hash Cond: (ci.movie_id = t.id)
  ->  Seq Scan on cast_info ci  (cost=0.00..705507.15 rows=7071586 width=4) (actual time=0.075..12766.343 rows=7141882 loops=1)
        Filter: (person_id > 2953199)
        Rows Removed by Filter: 29102462
  ->  Hash  (cost=291197.02..291197.02 rows=4523930 width=8) (actual time=8261.974..8261.974 rows=4523930 loops=1)
        Buckets: 131072  Batches: 64  Memory Usage: 3816kB
        ->  Hash Join  (cost=102767.86..291197.02 rows=4523930 width=8) (actual time=1872.207..7036.367 rows=4523930 loops=1)
              Hash Cond: (mk.movie_id = t.id)
              ->  Seq Scan on movie_keyword mk  (cost=0.00..69693.30 rows=4523930 width=4) (actual time=0.013..1541.007 rows=4523930 loops=1)
              ->  Hash  (cost=61283.27..61283.27 rows=2528527 width=4) (actual time=1870.783..1870.783 rows=2528312 loops=1)
                    Buckets: 131072  Batches: 64  Memory Usage: 2425kB
                    ->  Seq Scan on title t  (cost=0.00..61283.27 rows=2528527 width=4) (actual time=0.027..1042.946 rows=2528312 loops=1)
Planning time: 1.145 ms
Execution time: 48117.462 ms
