Seq Scan on cast_info ci  (cost=0.00..796071.18 rows=11841797 width=0) (actual time=19280.960..43906.163 rows=12670688 loops=1)
  Filter: ((person_id < 3563278) AND (role_id = 1))
  Rows Removed by Filter: 23573656
Planning time: 0.458 ms
Execution time: 46091.192 ms
