Seq Scan on movie_keyword mk  (cost=0.00..81003.12 rows=683182 width=0) (actual time=0.018..1330.806 rows=680183 loops=1)
  Filter: (keyword_id < 561)
  Rows Removed by Filter: 3843747
Planning time: 0.247 ms
Execution time: 1424.589 ms
