Hash Join  (cost=83072.35..481539.73 rows=27 width=0) (actual time=1350.509..8815.452 rows=719 loops=1)
  Hash Cond: (mi.movie_id = t.id)
  ->  Seq Scan on movie_info mi  (cost=0.00..346232.03 rows=13929354 width=4) (actual time=0.026..5760.765 rows=14033580 loops=1)
        Filter: (info_type_id > 1)
        Rows Removed by Filter: 802140
  ->  Hash  (cost=83072.29..83072.29 rows=5 width=8) (actual time=1292.704..1292.704 rows=18 loops=1)
        Buckets: 1024  Batches: 1  Memory Usage: 9kB
        ->  Nested Loop  (cost=0.43..83072.29 rows=5 width=8) (actual time=31.920..1292.662 rows=18 loops=1)
              ->  Seq Scan on movie_keyword mk  (cost=0.00..81003.12 rows=246 width=4) (actual time=3.224..1265.109 rows=1017 loops=1)
                    Filter: (keyword_id = 5889)
                    Rows Removed by Filter: 4522913
              ->  Index Scan using title_pkey on title t  (cost=0.43..8.40 rows=1 width=4) (actual time=0.026..0.026 rows=0 loops=1017)
                    Index Cond: (id = mk.movie_id)
                    Filter: (production_year = 1999)
                    Rows Removed by Filter: 1
Planning time: 1.238 ms
Execution time: 8815.808 ms
