Hash Join  (cost=213157.14..1360630.37 rows=11065311 width=0) (actual time=4522.311..42816.667 rows=40763684 loops=1)
  Hash Cond: (ci.movie_id = t.id)
  ->  Seq Scan on cast_info ci  (cost=0.00..614943.12 rows=36225612 width=4) (actual time=0.023..13234.644 rows=36244344 loops=1)
  ->  Hash  (cost=200485.74..200485.74 rows=772352 width=8) (actual time=4521.372..4521.372 rows=968384 loops=1)
        Buckets: 131072  Batches: 16  Memory Usage: 3403kB
        ->  Hash Join  (cost=89762.59..200485.74 rows=772352 width=8) (actual time=1766.375..4299.665 rows=968384 loops=1)
              Hash Cond: (mk.movie_id = t.id)
              ->  Seq Scan on movie_keyword mk  (cost=0.00..81003.12 rows=1446003 width=4) (actual time=0.025..1509.635 rows=1457490 loops=1)
                    Filter: (keyword_id > 11414)
                    Rows Removed by Filter: 3066440
              ->  Hash  (cost=67604.59..67604.59 rows=1350560 width=4) (actual time=1765.115..1765.115 rows=1348293 loops=1)
                    Buckets: 131072  Batches: 32  Memory Usage: 2513kB
                    ->  Seq Scan on title t  (cost=0.00..67604.59 rows=1350560 width=4) (actual time=0.016..1296.123 rows=1348293 loops=1)
                          Filter: (production_year < 2005)
                          Rows Removed by Filter: 1180019
Planning time: 1.198 ms
Execution time: 46910.451 ms
