Nested Loop  (cost=0.43..83071.67 rows=246 width=0) (actual time=0.224..3785.346 rows=3124 loops=1)
  ->  Seq Scan on movie_keyword mk  (cost=0.00..81003.12 rows=246 width=4) (actual time=0.175..3384.112 rows=3124 loops=1)
        Filter: (keyword_id = 7771)
        Rows Removed by Filter: 4520806
  ->  Index Only Scan using title_pkey on title t  (cost=0.43..8.40 rows=1 width=4) (actual time=0.127..0.127 rows=1 loops=3124)
        Index Cond: (id = mk.movie_id)
        Heap Fetches: 3124
Planning time: 0.726 ms
Execution time: 3786.547 ms
