Seq Scan on movie_companies mc  (cost=0.00..57926.93 rows=942200 width=0) (actual time=0.021..3169.487 rows=787014 loops=1)
  Filter: ((company_id > 1153) AND (company_type_id < 2))
  Rows Removed by Filter: 1822115
Planning time: 0.294 ms
Execution time: 3324.698 ms
