Hash Join  (cost=73962.22..167708.08 rows=3892 width=0) (actual time=3432.719..8610.862 rows=15118 loops=1)
  Hash Cond: (mk.movie_id = t.id)
  ->  Seq Scan on movie_keyword mk  (cost=0.00..81003.12 rows=3387685 width=4) (actual time=0.019..4543.847 rows=3377245 loops=1)
        Filter: (keyword_id < 16264)
        Rows Removed by Filter: 1146685
  ->  Hash  (cost=73925.90..73925.90 rows=2905 width=4) (actual time=3428.387..3428.387 rows=3172 loops=1)
        Buckets: 4096  Batches: 1  Memory Usage: 144kB
        ->  Seq Scan on title t  (cost=0.00..73925.90 rows=2905 width=4) (actual time=8.121..3426.406 rows=3172 loops=1)
              Filter: ((kind_id < 7) AND (production_year = 1953))
              Rows Removed by Filter: 2525140
Planning time: 2.245 ms
Execution time: 8613.251 ms
