Hash Join  (cost=74201.04..144664.27 rows=211408 width=0) (actual time=4764.096..8142.736 rows=333758 loops=1)
  Hash Cond: (mc.movie_id = t.id)
  ->  Seq Scan on movie_companies mc  (cost=0.00..51404.11 rows=1329612 width=4) (actual time=544.715..2961.324 rows=1334883 loops=1)
        Filter: (company_type_id > 1)
        Rows Removed by Filter: 1274246
  ->  Hash  (cost=67604.59..67604.59 rows=402036 width=4) (actual time=4218.272..4218.272 rows=395872 loops=1)
        Buckets: 131072  Batches: 8  Memory Usage: 2759kB
        ->  Seq Scan on title t  (cost=0.00..67604.59 rows=402036 width=4) (actual time=0.036..3738.411 rows=395872 loops=1)
              Filter: (production_year < 1972)
              Rows Removed by Filter: 2132440
Planning time: 1.250 ms
Execution time: 8181.053 ms
