Hash Join  (cost=202868.13..1369464.97 rows=12926868 width=0) (actual time=12048.121..86628.621 rows=16132797 loops=1)
  Hash Cond: (ci.movie_id = t.id)
  ->  Seq Scan on cast_info ci  (cost=0.00..614943.12 rows=36225612 width=4) (actual time=0.020..45711.828 rows=36244344 loops=1)
  ->  Hash  (cost=188064.53..188064.53 rows=902288 width=8) (actual time=12047.259..12047.259 rows=607176 loops=1)
        Buckets: 131072  Batches: 16  Memory Usage: 2492kB
        ->  Hash Join  (cost=98137.04..188064.53 rows=902288 width=8) (actual time=6296.045..11852.834 rows=607176 loops=1)
              Hash Cond: (mc.movie_id = t.id)
              ->  Seq Scan on movie_companies mc  (cost=0.00..57926.93 rows=1225935 width=4) (actual time=0.013..3695.456 rows=1274246 loops=1)
                    Filter: ((company_id < 152135) AND (company_type_id = 1))
                    Rows Removed by Filter: 1334883
              ->  Hash  (cost=67604.59..67604.59 rows=1860996 width=4) (actual time=6294.925..6294.925 rows=1865487 loops=1)
                    Buckets: 131072  Batches: 32  Memory Usage: 3079kB
                    ->  Seq Scan on title t  (cost=0.00..67604.59 rows=1860996 width=4) (actual time=0.021..4499.453 rows=1865487 loops=1)
                          Filter: (kind_id > 1)
                          Rows Removed by Filter: 662825
Planning time: 1.095 ms
Execution time: 88688.851 ms
