Seq Scan on movie_keyword mk  (cost=0.00..81003.12 rows=2769928 width=0) (actual time=0.025..4226.072 rows=2762187 loops=1)
  Filter: (keyword_id > 2862)
  Rows Removed by Filter: 1761743
Planning time: 0.340 ms
Execution time: 4680.620 ms
