Hash Join  (cost=705874.48..1811983.53 rows=16467372 width=0) (actual time=22237.792..42832.891 rows=35856327 loops=1)
  Hash Cond: (ci.movie_id = t.id)
  ->  Seq Scan on cast_info ci  (cost=0.00..796071.18 rows=6822215 width=4) (actual time=5872.232..13849.780 rows=4230929 loops=1)
        Filter: ((person_id < 1492560) AND (role_id > 2))
        Rows Removed by Filter: 32013415
  ->  Hash  (cost=605740.91..605740.91 rows=6103325 width=8) (actual time=16364.451..16364.451 rows=6083429 loops=1)
        Buckets: 131072  Batches: 128  Memory Usage: 2875kB
        ->  Hash Join  (cost=102767.86..605740.91 rows=6103325 width=8) (actual time=3235.020..14240.504 rows=6083429 loops=1)
              Hash Cond: (mi.movie_id = t.id)
              ->  Seq Scan on movie_info mi  (cost=0.00..346232.03 rows=6103325 width=4) (actual time=1197.926..6857.946 rows=6083429 loops=1)
                    Filter: (info_type_id > 9)
                    Rows Removed by Filter: 8752291
              ->  Hash  (cost=61283.27..61283.27 rows=2528527 width=4) (actual time=2036.197..2036.197 rows=2528312 loops=1)
                    Buckets: 131072  Batches: 64  Memory Usage: 2425kB
                    ->  Seq Scan on title t  (cost=0.00..61283.27 rows=2528527 width=4) (actual time=0.025..1168.652 rows=2528312 loops=1)
Planning time: 1.178 ms
Execution time: 46942.125 ms
