Seq Scan on movie_keyword mk  (cost=0.00..81003.12 rows=246 width=0) (actual time=9.250..3747.133 rows=740 loops=1)
  Filter: (keyword_id = 2563)
  Rows Removed by Filter: 4523190
Planning time: 0.421 ms
Execution time: 3747.620 ms
