Seq Scan on title t  (cost=0.00..73925.90 rows=677749 width=0) (actual time=0.008..3783.097 rows=567963 loops=1)
  Filter: ((kind_id < 3) AND (production_year > 1955))
  Rows Removed by Filter: 1960349
Planning time: 0.283 ms
Execution time: 3876.970 ms
