Hash Join  (cost=227099.13..834880.59 rows=10267063 width=0) (actual time=11459.341..52800.601 rows=42031831 loops=1)
  Hash Cond: (mi.movie_id = t.id)
  ->  Seq Scan on movie_info mi  (cost=0.00..309384.22 rows=14739122 width=4) (actual time=0.021..21825.870 rows=14835720 loops=1)
  ->  Hash  (cost=198201.43..198201.43 rows=1761336 width=8) (actual time=11456.415..11456.415 rows=1458199 loops=1)
        Buckets: 131072  Batches: 32  Memory Usage: 2844kB
        ->  Hash Join  (cost=95609.14..198201.43 rows=1761336 width=8) (actual time=5019.039..10982.139 rows=1458199 loops=1)
              Hash Cond: (mc.movie_id = t.id)
              ->  Seq Scan on movie_companies mc  (cost=0.00..44881.29 rows=2609129 width=4) (actual time=0.022..3445.087 rows=2609129 loops=1)
              ->  Hash  (cost=67604.59..67604.59 rows=1706924 width=4) (actual time=5017.710..5017.710 rows=1700316 loops=1)
                    Buckets: 131072  Batches: 32  Memory Usage: 2895kB
                    ->  Seq Scan on title t  (cost=0.00..67604.59 rows=1706924 width=4) (actual time=0.025..4334.677 rows=1700316 loops=1)
                          Filter: (production_year > 1992)
                          Rows Removed by Filter: 827996
Planning time: 1.183 ms
Execution time: 57606.679 ms
