Hash Join  (cost=124010.80..208554.59 rows=130 width=0) (actual time=6262.256..10537.700 rows=2582 loops=1)
  Hash Cond: (mk.movie_id = t.id)
  ->  Seq Scan on movie_keyword mk  (cost=0.00..81003.12 rows=943829 width=4) (actual time=0.021..4173.729 rows=946324 loops=1)
        Filter: (keyword_id < 889)
        Rows Removed by Filter: 3577606
  ->  Hash  (cost=124006.46..124006.46 rows=347 width=8) (actual time=6179.382..6179.382 rows=4910 loops=1)
        Buckets: 8192 (originally 1024)  Batches: 1 (originally 1)  Memory Usage: 256kB
        ->  Hash Join  (cost=67612.84..124006.46 rows=347 width=8) (actual time=4379.827..6177.163 rows=4910 loops=1)
              Hash Cond: (mc.movie_id = t.id)
              ->  Seq Scan on movie_companies mc  (cost=0.00..51404.11 rows=1329612 width=4) (actual time=1317.323..2799.364 rows=1334883 loops=1)
                    Filter: (company_type_id > 1)
                    Rows Removed by Filter: 1274246
              ->  Hash  (cost=67604.59..67604.59 rows=660 width=4) (actual time=3061.581..3061.581 rows=3515 loops=1)
                    Buckets: 4096 (originally 1024)  Batches: 1 (originally 1)  Memory Usage: 156kB
                    ->  Seq Scan on title t  (cost=0.00..67604.59 rows=660 width=4) (actual time=0.131..3059.498 rows=3515 loops=1)
                          Filter: (production_year > 2013)
                          Rows Removed by Filter: 2524797
Planning time: 0.765 ms
Execution time: 10538.367 ms
