Hash Join  (cost=81925.97..211492.38 rows=666925 width=0) (actual time=4367.329..11593.267 rows=227525 loops=1)
  Hash Cond: (mk.movie_id = t.id)
  ->  Seq Scan on movie_keyword mk  (cost=0.00..81003.12 rows=3458409 width=4) (actual time=8.527..5316.000 rows=3448438 loops=1)
        Filter: (keyword_id < 16430)
        Rows Removed by Filter: 1075492
  ->  Hash  (cost=73925.90..73925.90 rows=487605 width=4) (actual time=4357.369..4357.369 rows=501779 loops=1)
        Buckets: 131072  Batches: 8  Memory Usage: 3237kB
        ->  Seq Scan on title t  (cost=0.00..73925.90 rows=487605 width=4) (actual time=0.031..4141.426 rows=501779 loops=1)
              Filter: ((kind_id > 1) AND (production_year > 2008))
              Rows Removed by Filter: 2026533
Planning time: 1.818 ms
Execution time: 11638.826 ms
