Hash Join  (cost=102767.86..180022.56 rows=663790 width=0) (actual time=5297.953..9272.540 rows=668851 loops=1)
  Hash Cond: (mc.movie_id = t.id)
  ->  Seq Scan on movie_companies mc  (cost=0.00..51404.11 rows=663790 width=4) (actual time=0.017..2970.945 rows=668851 loops=1)
        Filter: (company_id > 50767)
        Rows Removed by Filter: 1940278
  ->  Hash  (cost=61283.27..61283.27 rows=2528527 width=4) (actual time=5296.712..5296.712 rows=2528312 loops=1)
        Buckets: 131072  Batches: 64  Memory Usage: 2415kB
        ->  Seq Scan on title t  (cost=0.00..61283.27 rows=2528527 width=4) (actual time=0.018..4195.875 rows=2528312 loops=1)
Planning time: 0.643 ms
Execution time: 9352.557 ms
