Seq Scan on title t  (cost=0.00..73925.90 rows=191094 width=0) (actual time=624.198..3575.179 rows=86918 loops=1)
  Filter: ((kind_id > 4) AND (production_year < 1966))
  Rows Removed by Filter: 2441394
Planning time: 0.274 ms
Execution time: 3588.707 ms
