Hash Join  (cost=150570.70..962039.94 rows=111805 width=0) (actual time=18425.554..46106.748 rows=406998 loops=1)
  Hash Cond: (ci.movie_id = t.id)
  ->  Seq Scan on cast_info ci  (cost=0.00..796071.18 rows=3808004 width=4) (actual time=10277.086..34251.281 rows=7710262 loops=1)
        Filter: ((person_id < 1051032) AND (role_id = 1))
        Rows Removed by Filter: 28534082
  ->  Hash  (cost=149642.71..149642.71 rows=74239 width=8) (actual time=8147.450..8147.450 rows=110386 loops=1)
        Buckets: 131072 (originally 131072)  Batches: 2 (originally 1)  Memory Usage: 3165kB
        ->  Hash Join  (cost=75580.59..149642.71 rows=74239 width=8) (actual time=3639.233..8084.303 rows=110386 loops=1)
              Hash Cond: (mc.movie_id = t.id)
              ->  Seq Scan on movie_companies mc  (cost=0.00..51404.11 rows=1861230 width=4) (actual time=0.038..3570.944 rows=1856690 loops=1)
                    Filter: (company_id < 36616)
                    Rows Removed by Filter: 752439
              ->  Hash  (cost=73925.90..73925.90 rows=100855 width=4) (actual time=3638.351..3638.351 rows=111586 loops=1)
                    Buckets: 131072  Batches: 2  Memory Usage: 2982kB
                    ->  Seq Scan on title t  (cost=0.00..73925.90 rows=100855 width=4) (actual time=0.025..3596.557 rows=111586 loops=1)
                          Filter: ((production_year < 2012) AND (kind_id = 4))
                          Rows Removed by Filter: 2416726
Planning time: 1.151 ms
Execution time: 46174.074 ms
