Hash Join  (cost=52284.00..860384.51 rows=5 width=0) (actual time=16716.484..42102.000 rows=168 loops=1)
  Hash Cond: (ci.movie_id = t.id)
  ->  Seq Scan on cast_info ci  (cost=0.00..796071.18 rows=3207808 width=4) (actual time=14152.828..38796.499 rows=5159754 loops=1)
        Filter: ((person_id > 2029134) AND (role_id = 2))
        Rows Removed by Filter: 31084590
  ->  Hash  (cost=52283.95..52283.95 rows=4 width=8) (actual time=2408.075..2408.075 rows=24 loops=1)
        Buckets: 1024  Batches: 1  Memory Usage: 9kB
        ->  Nested Loop  (cost=0.43..52283.95 rows=4 width=8) (actual time=348.079..2408.048 rows=24 loops=1)
              ->  Seq Scan on movie_companies mc  (cost=0.00..51404.11 rows=104 width=4) (actual time=5.278..2264.922 rows=1258 loops=1)
                    Filter: (company_id = 1877)
                    Rows Removed by Filter: 2607871
              ->  Index Scan using title_pkey on title t  (cost=0.43..8.45 rows=1 width=4) (actual time=0.113..0.113 rows=0 loops=1258)
                    Index Cond: (id = mc.movie_id)
                    Filter: (production_year = 2005)
                    Rows Removed by Filter: 1
Planning time: 2.521 ms
Execution time: 42102.216 ms
