Seq Scan on movie_keyword mk  (cost=0.00..81003.12 rows=246 width=0) (actual time=37.312..3472.784 rows=298 loops=1)
  Filter: (keyword_id = 1127)
  Rows Removed by Filter: 4523632
Planning time: 0.336 ms
Execution time: 3477.116 ms
