Hash Join  (cost=83580.70..172482.32 rows=1004810 width=0) (actual time=4416.596..9553.795 rows=1325835 loops=1)
  Hash Cond: (mc.movie_id = t.id)
  ->  Seq Scan on movie_companies mc  (cost=0.00..44881.29 rows=2609129 width=4) (actual time=0.019..3009.903 rows=2609129 loops=1)
  ->  Hash  (cost=67604.59..67604.59 rows=973769 width=4) (actual time=4415.339..4415.339 rows=971188 loops=1)
        Buckets: 131072  Batches: 16  Memory Usage: 3161kB
        ->  Seq Scan on title t  (cost=0.00..67604.59 rows=973769 width=4) (actual time=0.017..3998.388 rows=971188 loops=1)
              Filter: (production_year < 1999)
              Rows Removed by Filter: 1557124
Planning time: 17.920 ms
Execution time: 9717.142 ms
