Hash Join  (cost=455564.78..1534647.39 rows=4407739 width=0) (actual time=22637.485..81729.661 rows=1411533 loops=1)
  Hash Cond: (ci.movie_id = t.id)
  ->  Seq Scan on cast_info ci  (cost=0.00..614943.12 rows=36225612 width=4) (actual time=0.020..39342.676 rows=36244344 loops=1)
  ->  Hash  (cost=450517.06..450517.06 rows=307658 width=8) (actual time=22635.741..22635.741 rows=41395 loops=1)
        Buckets: 131072  Batches: 8  Memory Usage: 1223kB
        ->  Hash Join  (cost=83462.78..450517.06 rows=307658 width=8) (actual time=18767.179..22616.058 rows=41395 loops=1)
              Hash Cond: (mi.movie_id = t.id)
              ->  Seq Scan on movie_info mi  (cost=0.00..346232.03 rows=1338312 width=4) (actual time=14459.418..17335.288 rows=1401902 loops=1)
                    Filter: (info_type_id = 7)
                    Rows Removed by Filter: 13433818
              ->  Hash  (cost=73925.90..73925.90 rows=581270 width=4) (actual time=4306.944..4306.944 rows=602533 loops=1)
                    Buckets: 131072  Batches: 8  Memory Usage: 3675kB
                    ->  Seq Scan on title t  (cost=0.00..73925.90 rows=581270 width=4) (actual time=0.027..4074.337 rows=602533 loops=1)
                          Filter: ((kind_id > 1) AND (production_year > 2007))
                          Rows Removed by Filter: 1925779
Planning time: 1.101 ms
Execution time: 81939.164 ms
