Hash Join  (cost=92883.59..165738.54 rows=287116 width=0) (actual time=5625.552..8176.875 rows=136060 loops=1)
  Hash Cond: (mc.movie_id = t.id)
  ->  Seq Scan on movie_companies mc  (cost=0.00..57926.93 rows=471171 width=4) (actual time=719.768..2809.900 rows=268716 loops=1)
        Filter: ((company_id < 3223) AND (company_type_id > 1))
        Rows Removed by Filter: 2340413
  ->  Hash  (cost=67604.59..67604.59 rows=1540800 width=4) (actual time=4904.543..4904.543 rows=1543264 loops=1)
        Buckets: 131072  Batches: 32  Memory Usage: 2722kB
        ->  Seq Scan on title t  (cost=0.00..67604.59 rows=1540800 width=4) (actual time=0.260..4258.051 rows=1543264 loops=1)
              Filter: (kind_id = 7)
              Rows Removed by Filter: 985048
Planning time: 0.736 ms
Execution time: 8193.739 ms
