Hash Join  (cost=153934.73..640430.19 rows=626853 width=0) (actual time=3266.151..14273.476 rows=642912 loops=1)
  Hash Cond: (mi.movie_id = t.id)
  ->  Seq Scan on movie_info mi  (cost=0.00..309384.22 rows=14739122 width=4) (actual time=0.024..5836.059 rows=14835720 loops=1)
  ->  Hash  (cost=152169.51..152169.51 rows=107538 width=8) (actual time=3265.297..3265.297 rows=66403 loops=1)
        Buckets: 131072  Batches: 2  Memory Usage: 2325kB
        ->  Hash Join  (cost=75636.60..152169.51 rows=107538 width=8) (actual time=1417.020..3241.078 rows=66403 loops=1)
              Hash Cond: (mc.movie_id = t.id)
              ->  Seq Scan on movie_companies mc  (cost=0.00..44881.29 rows=2609129 width=4) (actual time=0.020..924.720 rows=2609129 loops=1)
              ->  Hash  (cost=73925.90..73925.90 rows=104216 width=4) (actual time=1416.294..1416.294 rows=108513 loops=1)
                    Buckets: 131072  Batches: 2  Memory Usage: 2931kB
                    ->  Seq Scan on title t  (cost=0.00..73925.90 rows=104216 width=4) (actual time=0.028..1376.062 rows=108513 loops=1)
                          Filter: ((kind_id > 1) AND (production_year = 2010))
                          Rows Removed by Filter: 2419799
Planning time: 16.518 ms
Execution time: 14351.811 ms
