Hash Join  (cost=167935.09..1029725.86 rows=222443 width=0) (actual time=8282.243..54267.391 rows=1812806 loops=1)
  Hash Cond: (ci.movie_id = t.id)
  ->  Seq Scan on cast_info ci  (cost=0.00..796071.18 rows=16932047 width=4) (actual time=0.016..39276.528 rows=13420117 loops=1)
        Filter: ((person_id < 2700727) AND (role_id > 1))
        Rows Removed by Filter: 22824227
  ->  Hash  (cost=167519.87..167519.87 rows=33218 width=8) (actual time=8281.691..8281.691 rows=88661 loops=1)
        Buckets: 131072 (originally 65536)  Batches: 2 (originally 1)  Memory Usage: 3073kB
        ->  Hash Join  (cost=74255.97..167519.87 rows=33218 width=8) (actual time=3343.268..8247.783 rows=88661 loops=1)
              Hash Cond: (mk.movie_id = t.id)
              ->  Seq Scan on movie_keyword mk  (cost=0.00..81003.12 rows=3180959 width=4) (actual time=0.015..4204.190 rows=3170298 loops=1)
                    Filter: (keyword_id < 12463)
                    Rows Removed by Filter: 1353632
              ->  Hash  (cost=73925.90..73925.90 rows=26405 width=4) (actual time=3343.034..3343.034 rows=23926 loops=1)
                    Buckets: 32768  Batches: 1  Memory Usage: 1098kB
                    ->  Seq Scan on title t  (cost=0.00..73925.90 rows=26405 width=4) (actual time=0.016..3332.453 rows=23926 loops=1)
                          Filter: ((kind_id < 7) AND (production_year = 2003))
                          Rows Removed by Filter: 2504386
Planning time: 1.272 ms
Execution time: 54513.443 ms
