Hash Join  (cost=1018504.83..3281876.56 rows=100114427 width=0) (actual time=45327.174..160122.643 rows=216053308 loops=1)
  Hash Cond: (ci.movie_id = t.id)
  ->  Seq Scan on cast_info ci  (cost=0.00..705507.15 rows=17174838 width=4) (actual time=0.021..39213.032 rows=17295985 loops=1)
        Filter: (person_id > 1889350)
        Rows Removed by Filter: 18948359
  ->  Hash  (cost=776690.81..776690.81 rows=14739122 width=8) (actual time=45322.557..45322.557 rows=14835720 loops=1)
        Buckets: 131072  Batches: 256  Memory Usage: 3268kB
        ->  Hash Join  (cost=102767.86..776690.81 rows=14739122 width=8) (actual time=5157.501..40615.964 rows=14835720 loops=1)
              Hash Cond: (mi.movie_id = t.id)
              ->  Seq Scan on movie_info mi  (cost=0.00..309384.22 rows=14739122 width=4) (actual time=0.026..20589.179 rows=14835720 loops=1)
              ->  Hash  (cost=61283.27..61283.27 rows=2528527 width=4) (actual time=5154.699..5154.699 rows=2528312 loops=1)
                    Buckets: 131072  Batches: 64  Memory Usage: 2425kB
                    ->  Seq Scan on title t  (cost=0.00..61283.27 rows=2528527 width=4) (actual time=0.012..4062.091 rows=2528312 loops=1)
Planning time: 1.102 ms
Execution time: 186069.904 ms
