Hash Join  (cost=128823.73..493870.84 rows=39119 width=0) (actual time=6568.022..27947.994 rows=75520 loops=1)
  Hash Cond: (mi.movie_id = t.id)
  ->  Seq Scan on movie_info mi  (cost=0.00..309384.22 rows=14739122 width=4) (actual time=0.021..16979.071 rows=14835720 loops=1)
  ->  Hash  (cost=128739.84..128739.84 rows=6711 width=8) (actual time=6565.921..6565.921 rows=8099 loops=1)
        Buckets: 8192  Batches: 1  Memory Usage: 381kB
        ->  Hash Join  (cost=74007.21..128739.84 rows=6711 width=8) (actual time=3440.133..6562.112 rows=8099 loops=1)
              Hash Cond: (mc.movie_id = t.id)
              ->  Seq Scan on movie_companies mc  (cost=0.00..44881.29 rows=2609129 width=4) (actual time=0.021..2475.761 rows=2609129 loops=1)
              ->  Hash  (cost=73925.90..73925.90 rows=6504 width=4) (actual time=3440.004..3440.004 rows=3580 loops=1)
                    Buckets: 8192  Batches: 1  Memory Usage: 190kB
                    ->  Seq Scan on title t  (cost=0.00..73925.90 rows=6504 width=4) (actual time=0.087..3438.158 rows=3580 loops=1)
                          Filter: ((kind_id = 3) AND (production_year = 2011))
                          Rows Removed by Filter: 2524732
Planning time: 11.695 ms
Execution time: 27963.688 ms
