Hash Join  (cost=197547.33..241481.60 rows=363779 width=0) (actual time=10104.277..13098.685 rows=1671220 loops=1)
  Hash Cond: (mi_idx.movie_id = t.id)
  ->  Seq Scan on movie_info_idx mi_idx  (cost=0.00..21735.35 rows=1380035 width=4) (actual time=0.025..1400.212 rows=1380035 loops=1)
  ->  Hash  (cost=186611.79..186611.79 rows=666523 width=8) (actual time=10103.583..10103.583 rows=906715 loops=1)
        Buckets: 131072  Batches: 16  Memory Usage: 3214kB
        ->  Hash Join  (cost=102767.86..186611.79 rows=666523 width=8) (actual time=5346.741..9802.273 rows=906715 loops=1)
              Hash Cond: (mc.movie_id = t.id)
              ->  Seq Scan on movie_companies mc  (cost=0.00..57926.93 rows=666523 width=4) (actual time=0.024..3119.152 rows=906715 loops=1)
                    Filter: ((company_id < 11527) AND (company_type_id = 1))
                    Rows Removed by Filter: 1702414
              ->  Hash  (cost=61283.27..61283.27 rows=2528527 width=4) (actual time=5345.176..5345.176 rows=2528312 loops=1)
                    Buckets: 131072  Batches: 64  Memory Usage: 2415kB
                    ->  Seq Scan on title t  (cost=0.00..61283.27 rows=2528527 width=4) (actual time=0.010..3886.064 rows=2528312 loops=1)
Planning time: 1.114 ms
Execution time: 13353.835 ms
