Hash Join  (cost=102767.86..240598.49 rows=1951108 width=0) (actual time=5382.471..12285.787 rows=1959155 loops=1)
  Hash Cond: (mk.movie_id = t.id)
  ->  Seq Scan on movie_keyword mk  (cost=0.00..81003.12 rows=1951108 width=4) (actual time=0.021..4744.820 rows=1959155 loops=1)
        Filter: (keyword_id > 6508)
        Rows Removed by Filter: 2564775
  ->  Hash  (cost=61283.27..61283.27 rows=2528527 width=4) (actual time=5380.845..5380.845 rows=2528312 loops=1)
        Buckets: 131072  Batches: 64  Memory Usage: 2425kB
        ->  Seq Scan on title t  (cost=0.00..61283.27 rows=2528527 width=4) (actual time=0.018..4207.079 rows=2528312 loops=1)
Planning time: 14.095 ms
Execution time: 12549.126 ms
