Seq Scan on movie_keyword mk  (cost=0.00..81003.12 rows=1267960 width=0) (actual time=0.023..3634.192 rows=1276469 loops=1)
  Filter: (keyword_id > 13899)
  Rows Removed by Filter: 3247461
Planning time: 0.293 ms
Execution time: 3858.420 ms
