Hash Join  (cost=113985.02..201912.52 rows=126946 width=0) (actual time=5961.718..11672.171 rows=688646 loops=1)
  Hash Cond: (mk.movie_id = t.id)
  ->  Seq Scan on movie_keyword mk  (cost=0.00..69693.30 rows=4523930 width=4) (actual time=0.011..3730.313 rows=4523930 loops=1)
  ->  Hash  (cost=113098.11..113098.11 rows=70953 width=8) (actual time=5960.839..5960.839 rows=91688 loops=1)
        Buckets: 131072 (originally 131072)  Batches: 2 (originally 1)  Memory Usage: 3073kB
        ->  Hash Join  (cost=80408.18..113098.11 rows=70953 width=8) (actual time=4036.246..5925.694 rows=91688 loops=1)
              Hash Cond: (mi_idx.movie_id = t.id)
              ->  Seq Scan on movie_info_idx mi_idx  (cost=0.00..25185.44 rows=454124 width=4) (actual time=0.031..1522.141 rows=459925 loops=1)
                    Filter: (info_type_id = 100)
                    Rows Removed by Filter: 920110
              ->  Hash  (cost=73925.90..73925.90 rows=395062 width=4) (actual time=4035.345..4035.345 rows=335993 loops=1)
                    Buckets: 131072  Batches: 8  Memory Usage: 2492kB
                    ->  Seq Scan on title t  (cost=0.00..73925.90 rows=395062 width=4) (actual time=0.019..3897.694 rows=335993 loops=1)
                          Filter: ((kind_id < 7) AND (production_year > 2005))
                          Rows Removed by Filter: 2192319
Planning time: 3.529 ms
Execution time: 11764.766 ms
