Hash Join  (cost=130166.98..497476.22 rows=265331 width=0) (actual time=4923.146..22983.825 rows=303922 loops=1)
  Hash Cond: (mi.movie_id = t.id)
  ->  Seq Scan on movie_info mi  (cost=0.00..309384.22 rows=14739122 width=4) (actual time=0.018..13701.390 rows=14835720 loops=1)
  ->  Hash  (cost=129598.01..129598.01 rows=45518 width=8) (actual time=4922.720..4922.720 rows=29877 loops=1)
        Buckets: 65536  Batches: 1  Memory Usage: 1680kB
        ->  Hash Join  (cost=74477.30..129598.01 rows=45518 width=8) (actual time=2575.642..4909.974 rows=29877 loops=1)
              Hash Cond: (mc.movie_id = t.id)
              ->  Seq Scan on movie_companies mc  (cost=0.00..44881.29 rows=2609129 width=4) (actual time=0.018..1739.147 rows=2609129 loops=1)
              ->  Hash  (cost=73925.90..73925.90 rows=44112 width=4) (actual time=2457.210..2457.210 rows=23586 loops=1)
                    Buckets: 65536  Batches: 1  Memory Usage: 1342kB
                    ->  Seq Scan on title t  (cost=0.00..73925.90 rows=44112 width=4) (actual time=851.033..2440.186 rows=23586 loops=1)
                          Filter: ((production_year < 1999) AND (kind_id = 4))
                          Rows Removed by Filter: 2504726
Planning time: 1.122 ms
Execution time: 23051.323 ms
