Seq Scan on movie_keyword mk  (cost=0.00..81003.12 rows=2013501 width=0) (actual time=0.016..4478.417 rows=2017220 loops=1)
  Filter: (keyword_id < 3608)
  Rows Removed by Filter: 2506710
Planning time: 0.291 ms
Execution time: 4814.259 ms
