Seq Scan on movie_companies mc  (cost=0.00..57926.93 rows=464532 width=0) (actual time=0.022..2775.065 rows=264906 loops=1)
  Filter: ((company_id < 3043) AND (company_type_id = 2))
  Rows Removed by Filter: 2344223
Planning time: 0.377 ms
Execution time: 2811.784 ms
