Hash Join  (cost=228444.03..315724.20 rows=887165 width=0) (actual time=7922.888..15497.049 rows=6993598 loops=1)
  Hash Cond: (mc.movie_id = t.id)
  ->  Seq Scan on movie_companies mc  (cost=0.00..44881.29 rows=2609129 width=4) (actual time=0.025..3208.253 rows=2609129 loops=1)
  ->  Hash  (cost=214338.05..214338.05 rows=859758 width=8) (actual time=7921.314..7921.314 rows=867383 loops=1)
        Buckets: 131072  Batches: 16  Memory Usage: 3184kB
        ->  Hash Join  (cost=102767.86..214338.05 rows=859758 width=8) (actual time=3810.649..7694.252 rows=867383 loops=1)
              Hash Cond: (mk.movie_id = t.id)
              ->  Seq Scan on movie_keyword mk  (cost=0.00..81003.12 rows=859758 width=4) (actual time=0.023..2794.373 rows=867383 loops=1)
                    Filter: (keyword_id > 21234)
                    Rows Removed by Filter: 3656547
              ->  Hash  (cost=61283.27..61283.27 rows=2528527 width=4) (actual time=3809.553..3809.553 rows=2528312 loops=1)
                    Buckets: 131072  Batches: 64  Memory Usage: 2425kB
                    ->  Seq Scan on title t  (cost=0.00..61283.27 rows=2528527 width=4) (actual time=0.027..2864.324 rows=2528312 loops=1)
Planning time: 1.147 ms
Execution time: 16428.739 ms
