Hash Join  (cost=92883.59..234314.26 rows=1753591 width=0) (actual time=5230.862..12453.935 rows=384672 loops=1)
  Hash Cond: (mk.movie_id = t.id)
  ->  Seq Scan on movie_keyword mk  (cost=0.00..81003.12 rows=2877728 width=4) (actual time=0.015..5293.016 rows=2871633 loops=1)
        Filter: (keyword_id < 8857)
        Rows Removed by Filter: 1652297
  ->  Hash  (cost=67604.59..67604.59 rows=1540800 width=4) (actual time=5229.996..5229.996 rows=1543264 loops=1)
        Buckets: 131072  Batches: 32  Memory Usage: 2728kB
        ->  Seq Scan on title t  (cost=0.00..67604.59 rows=1540800 width=4) (actual time=895.349..4538.954 rows=1543264 loops=1)
              Filter: (kind_id = 7)
              Rows Removed by Filter: 985048
Planning time: 0.672 ms
Execution time: 12502.180 ms
