Hash Join  (cost=98595.81..494273.66 rows=1549336 width=0) (actual time=3972.962..9737.766 rows=1438654 loops=1)
  Hash Cond: (mi.movie_id = t.id)
  ->  Seq Scan on movie_info mi  (cost=0.00..346232.03 rows=2073893 width=4) (actual time=1527.012..5470.067 rows=2091068 loops=1)
        Filter: (info_type_id < 3)
        Rows Removed by Filter: 12744652
  ->  Hash  (cost=67604.59..67604.59 rows=1888978 width=4) (actual time=2444.876..2444.876 rows=1887769 loops=1)
        Buckets: 131072  Batches: 32  Memory Usage: 3114kB
        ->  Seq Scan on title t  (cost=0.00..67604.59 rows=1888978 width=4) (actual time=0.032..1503.854 rows=1887769 loops=1)
              Filter: (production_year > 1983)
              Rows Removed by Filter: 640543
Planning time: 0.773 ms
Execution time: 9910.895 ms
