Hash Join  (cost=101234.48..159677.05 rows=473 width=0) (actual time=7321.444..8116.019 rows=444 loops=1)
  Hash Cond: (mc.movie_id = t.id)
  ->  Seq Scan on movie_companies mc  (cost=0.00..57926.93 rows=136245 width=4) (actual time=1536.612..2809.327 rows=61665 loops=1)
        Filter: ((company_id < 137) AND (company_type_id = 2))
        Rows Removed by Filter: 2547464
  ->  Hash  (cost=101124.88..101124.88 rows=8768 width=8) (actual time=5277.540..5277.540 rows=15031 loops=1)
        Buckets: 16384  Batches: 1  Memory Usage: 716kB
        ->  Hash Join  (cost=74126.72..101124.88 rows=8768 width=8) (actual time=3480.713..5272.229 rows=15031 loops=1)
              Hash Cond: (mi_idx.movie_id = t.id)
              ->  Seq Scan on movie_info_idx mi_idx  (cost=0.00..21735.35 rows=1380035 width=4) (actual time=0.010..1400.146 rows=1380035 loops=1)
              ->  Hash  (cost=73925.90..73925.90 rows=16065 width=4) (actual time=3480.539..3480.539 rows=9704 loops=1)
                    Buckets: 16384  Batches: 1  Memory Usage: 470kB
                    ->  Seq Scan on title t  (cost=0.00..73925.90 rows=16065 width=4) (actual time=579.540..3476.141 rows=9704 loops=1)
                          Filter: ((kind_id < 2) AND (production_year = 2002))
                          Rows Removed by Filter: 2518608
Planning time: 1.077 ms
Execution time: 8116.256 ms
