Seq Scan on cast_info ci  (cost=0.00..796071.18 rows=324 width=0) (actual time=755.174..38450.882 rows=51 loops=1)
  Filter: ((role_id > 1) AND (person_id = 918676))
  Rows Removed by Filter: 36244293
Planning time: 0.424 ms
Execution time: 38451.032 ms
