Seq Scan on movie_companies mc  (cost=0.00..51404.11 rows=1837358 width=0) (actual time=0.018..2329.767 rows=1832754 loops=1)
  Filter: (company_id < 33042)
  Rows Removed by Filter: 776375
Planning time: 6.207 ms
Execution time: 2615.756 ms
