Seq Scan on movie_companies mc  (cost=0.00..51404.11 rows=6349 width=0) (actual time=0.161..1555.297 rows=6067 loops=1)
  Filter: (company_id = 93)
  Rows Removed by Filter: 2603062
Planning time: 0.795 ms
Execution time: 1556.516 ms
