Hash Join  (cost=125421.47..492071.31 rows=199391 width=0) (actual time=4737.016..26430.364 rows=1638579 loops=1)
  Hash Cond: (mi.movie_id = t.id)
  ->  Seq Scan on movie_info mi  (cost=0.00..309384.22 rows=14739122 width=4) (actual time=0.014..16438.942 rows=14835720 loops=1)
  ->  Hash  (cost=124993.90..124993.90 rows=34206 width=8) (actual time=4736.623..4736.623 rows=33024 loops=1)
        Buckets: 65536  Batches: 1  Memory Usage: 1802kB
        ->  Hash Join  (cost=68449.54..124993.90 rows=34206 width=8) (actual time=2161.945..4720.554 rows=33024 loops=1)
              Hash Cond: (mc.movie_id = t.id)
              ->  Seq Scan on movie_companies mc  (cost=0.00..51404.11 rows=1279517 width=4) (actual time=0.026..2236.359 rows=1274246 loops=1)
                    Filter: (company_type_id = 1)
                    Rows Removed by Filter: 1334883
              ->  Hash  (cost=67604.59..67604.59 rows=67596 width=4) (actual time=2161.113..2161.113 rows=67777 loops=1)
                    Buckets: 131072  Batches: 1  Memory Usage: 3407kB
                    ->  Seq Scan on title t  (cost=0.00..67604.59 rows=67596 width=4) (actual time=0.023..2132.851 rows=67777 loops=1)
                          Filter: (production_year = 2003)
                          Rows Removed by Filter: 2460535
Planning time: 7.834 ms
Execution time: 26698.911 ms
