Hash Join  (cost=448830.53..575254.18 rows=362861 width=0) (actual time=17801.311..21648.582 rows=2409360 loops=1)
  Hash Cond: (mk.movie_id = t.id)
  ->  Seq Scan on movie_keyword mk  (cost=0.00..69693.30 rows=4523930 width=4) (actual time=0.025..1391.624 rows=4523930 loops=1)
  ->  Hash  (cost=445502.39..445502.39 rows=202811 width=8) (actual time=17800.333..17800.333 rows=434983 loops=1)
        Buckets: 131072 (originally 131072)  Batches: 8 (originally 4)  Memory Usage: 3166kB
        ->  Hash Join  (cost=80166.74..445502.39 rows=202811 width=8) (actual time=13258.778..17638.494 rows=434983 loops=1)
              Hash Cond: (mi.movie_id = t.id)
              ->  Seq Scan on movie_info mi  (cost=0.00..346232.03 rows=1348138 width=4) (actual time=9187.942..12326.293 rows=1298989 loops=1)
                    Filter: (info_type_id = 4)
                    Rows Removed by Filter: 13536731
              ->  Hash  (cost=73925.90..73925.90 rows=380387 width=4) (actual time=4069.786..4069.786 rows=484820 loops=1)
                    Buckets: 131072  Batches: 8  Memory Usage: 3174kB
                    ->  Seq Scan on title t  (cost=0.00..73925.90 rows=380387 width=4) (actual time=0.068..3887.537 rows=484820 loops=1)
                          Filter: ((kind_id < 7) AND (production_year < 1999))
                          Rows Removed by Filter: 2043492
Planning time: 18.590 ms
Execution time: 21931.101 ms
