Hash Join  (cost=120311.48..1153660.10 rows=2441706 width=0) (actual time=6305.815..71715.510 rows=3909030 loops=1)
  Hash Cond: (ci.movie_id = t.id)
  ->  Seq Scan on cast_info ci  (cost=0.00..705507.15 rows=26162240 width=4) (actual time=0.016..48186.748 rows=26383502 loops=1)
        Filter: (person_id > 970117)
        Rows Removed by Filter: 9860842
  ->  Hash  (cost=116439.65..116439.65 rows=235986 width=8) (actual time=6304.782..6304.782 rows=255474 loops=1)
        Buckets: 131072  Batches: 4  Memory Usage: 3529kB
        ->  Hash Join  (cost=74698.31..116439.65 rows=235986 width=8) (actual time=3685.183..6217.322 rows=255474 loops=1)
              Hash Cond: (mi_idx.movie_id = t.id)
              ->  Seq Scan on movie_info_idx mi_idx  (cost=0.00..21735.35 rows=1380035 width=4) (actual time=0.010..1575.202 rows=1380035 loops=1)
              ->  Hash  (cost=67604.59..67604.59 rows=432378 width=4) (actual time=3684.256..3684.256 rows=423779 loops=1)
                    Buckets: 131072  Batches: 8  Memory Usage: 2885kB
                    ->  Seq Scan on title t  (cost=0.00..67604.59 rows=432378 width=4) (actual time=0.016..3514.493 rows=423779 loops=1)
                          Filter: (production_year < 1974)
                          Rows Removed by Filter: 2104533
Planning time: 1.076 ms
Execution time: 72238.433 ms
