Seq Scan on cast_info ci  (cost=0.00..796071.18 rows=1131434 width=0) (actual time=4049.905..11995.192 rows=366530 loops=1)
  Filter: ((person_id < 916826) AND (role_id = 10))
  Rows Removed by Filter: 35877814
Planning time: 0.317 ms
Execution time: 12043.152 ms
