Seq Scan on cast_info ci  (cost=0.00..705507.15 rows=34018054 width=0) (actual time=299.699..39268.488 rows=34100435 loops=1)
  Filter: (person_id > 210553)
  Rows Removed by Filter: 2143909
Planning time: 0.303 ms
Execution time: 44443.772 ms
