Hash Join  (cost=94574.69..144053.12 rows=686895 width=0) (actual time=1966.758..3383.060 rows=370623 loops=1)
  Hash Cond: (mi_idx.movie_id = t.id)
  ->  Seq Scan on movie_info_idx mi_idx  (cost=0.00..21735.35 rows=1380035 width=4) (actual time=0.018..458.733 rows=1380035 loops=1)
  ->  Hash  (cost=73925.90..73925.90 rows=1258543 width=4) (actual time=1965.610..1965.610 rows=1221534 loops=1)
        Buckets: 131072  Batches: 32  Memory Usage: 2363kB
        ->  Seq Scan on title t  (cost=0.00..73925.90 rows=1258543 width=4) (actual time=0.022..1567.895 rows=1221534 loops=1)
              Filter: ((production_year < 2011) AND (kind_id = 7))
              Rows Removed by Filter: 1306778
Planning time: 0.816 ms
Execution time: 3431.028 ms
