Seq Scan on movie_companies mc  (cost=0.00..57926.93 rows=3014 width=0) (actual time=451.728..834.535 rows=2423 loops=1)
  Filter: ((company_id = 73) AND (company_type_id = 2))
  Rows Removed by Filter: 2606706
Planning time: 0.452 ms
Execution time: 835.058 ms
