Seq Scan on cast_info ci  (cost=0.00..705507.15 rows=11338057 width=0) (actual time=2496.746..11024.849 rows=11328350 loops=1)
  Filter: (person_id > 2567035)
  Rows Removed by Filter: 24915994
Planning time: 0.369 ms
Execution time: 12304.280 ms
