Hash Join  (cost=137810.06..260515.79 rows=494834 width=0) (actual time=2869.884..6160.980 rows=867330 loops=1)
  Hash Cond: (mk.movie_id = t.id)
  ->  Seq Scan on movie_keyword mk  (cost=0.00..81003.12 rows=3039538 width=4) (actual time=0.021..1609.162 rows=3023427 loops=1)
        Filter: (keyword_id < 10833)
        Rows Removed by Filter: 1500503
  ->  Hash  (cost=131056.53..131056.53 rows=411642 width=8) (actual time=2865.677..2865.677 rows=323790 loops=1)
        Buckets: 131072  Batches: 8  Memory Usage: 2623kB
        ->  Hash Join  (cost=86300.63..131056.53 rows=411642 width=8) (actual time=1537.046..2764.427 rows=323790 loops=1)
              Hash Cond: (mi_idx.movie_id = t.id)
              ->  Seq Scan on movie_info_idx mi_idx  (cost=0.00..21735.35 rows=1380035 width=4) (actual time=0.023..407.146 rows=1380035 loops=1)
              ->  Hash  (cost=73925.90..73925.90 rows=754218 width=4) (actual time=1535.844..1535.844 rows=647556 loops=1)
                    Buckets: 131072  Batches: 16  Memory Usage: 2451kB
                    ->  Seq Scan on title t  (cost=0.00..73925.90 rows=754218 width=4) (actual time=0.024..1323.060 rows=647556 loops=1)
                          Filter: ((kind_id > 1) AND (production_year < 2000))
                          Rows Removed by Filter: 1880756
Planning time: 1.250 ms
Execution time: 6250.481 ms
