Seq Scan on movie_keyword mk  (cost=0.00..81003.12 rows=2400505 width=0) (actual time=0.021..1473.221 rows=2401862 loops=1)
  Filter: (keyword_id < 5598)
  Rows Removed by Filter: 2122068
Planning time: 0.316 ms
Execution time: 1792.154 ms
