Hash Join  (cost=79971.87..447825.51 rows=225888 width=0) (actual time=1432.680..7120.701 rows=39373 loops=1)
  Hash Cond: (mi.movie_id = t.id)
  ->  Seq Scan on movie_info mi  (cost=0.00..346232.03 rows=1550064 width=4) (actual time=138.131..5128.663 rows=1533909 loops=1)
        Filter: (info_type_id = 3)
        Rows Removed by Filter: 13301811
  ->  Hash  (cost=73925.90..73925.90 rows=368477 width=4) (actual time=1293.520..1293.520 rows=228675 loops=1)
        Buckets: 131072  Batches: 8  Memory Usage: 2027kB
        ->  Seq Scan on title t  (cost=0.00..73925.90 rows=368477 width=4) (actual time=0.036..1212.285 rows=228675 loops=1)
              Filter: ((kind_id > 1) AND (production_year < 1979))
              Rows Removed by Filter: 2299637
Planning time: 0.718 ms
Execution time: 7125.970 ms
