Seq Scan on movie_keyword mk  (cost=0.00..81003.12 rows=246 width=0) (actual time=2.806..1198.258 rows=129 loops=1)
  Filter: (keyword_id = 6212)
  Rows Removed by Filter: 4523801
Planning time: 0.384 ms
Execution time: 1198.433 ms
