Seq Scan on movie_companies mc  (cost=0.00..51404.11 rows=1335782 width=0) (actual time=0.017..766.525 rows=1325898 loops=1)
  Filter: (company_id < 11387)
  Rows Removed by Filter: 1283231
Planning time: 0.244 ms
Execution time: 904.892 ms
