Seq Scan on movie_keyword mk  (cost=0.00..81003.12 rows=246 width=0) (actual time=13.007..1170.165 rows=87 loops=1)
  Filter: (keyword_id = 7266)
  Rows Removed by Filter: 4523843
Planning time: 0.354 ms
Execution time: 1170.332 ms
