Hash Join  (cost=102767.86..985917.02 rows=3208245 width=0) (actual time=9622.323..18556.311 rows=1141634 loops=1)
  Hash Cond: (ci.movie_id = t.id)
  ->  Seq Scan on cast_info ci  (cost=0.00..796071.18 rows=3208245 width=4) (actual time=7643.487..15270.291 rows=1141634 loops=1)
        Filter: ((person_id < 2770447) AND (role_id = 10))
        Rows Removed by Filter: 35102710
  ->  Hash  (cost=61283.27..61283.27 rows=2528527 width=4) (actual time=1977.423..1977.423 rows=2528312 loops=1)
        Buckets: 131072  Batches: 64  Memory Usage: 2415kB
        ->  Seq Scan on title t  (cost=0.00..61283.27 rows=2528527 width=4) (actual time=0.025..1120.960 rows=2528312 loops=1)
Planning time: 4.142 ms
Execution time: 18691.642 ms
