Hash Join  (cost=102767.86..185504.81 rows=891621 width=0) (actual time=1853.046..3865.805 rows=898861 loops=1)
  Hash Cond: (mc.movie_id = t.id)
  ->  Seq Scan on movie_companies mc  (cost=0.00..51404.11 rows=891621 width=4) (actual time=0.029..965.497 rows=898861 loops=1)
        Filter: (company_id > 21502)
        Rows Removed by Filter: 1710268
  ->  Hash  (cost=61283.27..61283.27 rows=2528527 width=4) (actual time=1850.277..1850.277 rows=2528312 loops=1)
        Buckets: 131072  Batches: 64  Memory Usage: 2415kB
        ->  Seq Scan on title t  (cost=0.00..61283.27 rows=2528527 width=4) (actual time=0.016..1051.750 rows=2528312 loops=1)
Planning time: 5.164 ms
Execution time: 3966.454 ms
