Hash Join  (cost=142747.43..657964.66 rows=740113 width=0) (actual time=2824.119..17198.273 rows=6228486 loops=1)
  Hash Cond: (mi.movie_id = t.id)
  ->  Seq Scan on movie_info mi  (cost=0.00..346232.03 rows=13929354 width=4) (actual time=0.020..7116.046 rows=14033580 loops=1)
        Filter: (info_type_id > 1)
        Rows Removed by Filter: 802140
  ->  Hash  (cost=140543.07..140543.07 rows=134349 width=8) (actual time=2817.869..2817.869 rows=274473 loops=1)
        Buckets: 131072 (originally 131072)  Batches: 4 (originally 2)  Memory Usage: 3740kB
        ->  Hash Join  (cost=71961.27..140543.07 rows=134349 width=8) (actual time=1089.330..2732.443 rows=274473 loops=1)
              Hash Cond: (mc.movie_id = t.id)
              ->  Seq Scan on movie_companies mc  (cost=0.00..51404.11 rows=1279517 width=4) (actual time=0.023..980.638 rows=1274246 loops=1)
                    Filter: (company_type_id = 1)
                    Rows Removed by Filter: 1334883
              ->  Hash  (cost=67604.59..67604.59 rows=265495 width=4) (actual time=1088.760..1088.760 rows=263594 loops=1)
                    Buckets: 131072  Batches: 4  Memory Usage: 3340kB
                    ->  Seq Scan on title t  (cost=0.00..67604.59 rows=265495 width=4) (actual time=0.025..1004.187 rows=263594 loops=1)
                          Filter: (production_year < 1962)
                          Rows Removed by Filter: 2264718
Planning time: 0.754 ms
Execution time: 17941.223 ms
