Hash Join  (cost=921194.86..1049917.36 rows=551547 width=0) (actual time=17436.837..21273.217 rows=1676998 loops=1)
  Hash Cond: (mk.movie_id = t.id)
  ->  Seq Scan on movie_keyword mk  (cost=0.00..69693.30 rows=4523930 width=4) (actual time=0.022..1593.991 rows=4523930 loops=1)
  ->  Hash  (cost=916136.46..916136.46 rows=308272 width=8) (actual time=17436.095..17436.095 rows=300609 loops=1)
        Buckets: 131072  Batches: 8  Memory Usage: 2501kB
        ->  Hash Join  (cost=102767.86..916136.46 rows=308272 width=8) (actual time=7034.188..17339.366 rows=300609 loops=1)
              Hash Cond: (ci.movie_id = t.id)
              ->  Seq Scan on cast_info ci  (cost=0.00..796071.18 rows=308272 width=4) (actual time=5065.615..14724.253 rows=300609 loops=1)
                    Filter: ((person_id > 404565) AND (role_id = 11))
                    Rows Removed by Filter: 35943735
              ->  Hash  (cost=61283.27..61283.27 rows=2528527 width=4) (actual time=1967.456..1967.456 rows=2528312 loops=1)
                    Buckets: 131072  Batches: 64  Memory Usage: 2415kB
                    ->  Seq Scan on title t  (cost=0.00..61283.27 rows=2528527 width=4) (actual time=0.017..1145.567 rows=2528312 loops=1)
Planning time: 1.040 ms
Execution time: 21467.268 ms
