Hash Join  (cost=156285.35..1287689.31 rows=4397447 width=0) (actual time=3422.238..43343.717 rows=28413213 loops=1)
  Hash Cond: (ci.movie_id = t.id)
  ->  Seq Scan on cast_info ci  (cost=0.00..705507.15 rows=32916893 width=4) (actual time=0.016..16911.680 rows=33055220 loops=1)
        Filter: (person_id > 308796)
        Rows Removed by Filter: 3189124
  ->  Hash  (cost=150742.95..150742.95 rows=337792 width=8) (actual time=3420.163..3420.163 rows=667070 loops=1)
        Buckets: 131072 (originally 131072)  Batches: 16 (originally 8)  Memory Usage: 3073kB
        ->  Hash Join  (cost=78556.72..150742.95 rows=337792 width=8) (actual time=1984.730..3234.513 rows=667070 loops=1)
              Hash Cond: (mc.movie_id = t.id)
              ->  Seq Scan on movie_companies mc  (cost=0.00..51404.11 rows=1279517 width=4) (actual time=302.496..1025.484 rows=1274246 loops=1)
                    Filter: (company_type_id < 2)
                    Rows Removed by Filter: 1334883
              ->  Hash  (cost=67604.59..67604.59 rows=667531 width=4) (actual time=1337.574..1337.574 rows=662825 loops=1)
                    Buckets: 131072  Batches: 16  Memory Usage: 2476kB
                    ->  Seq Scan on title t  (cost=0.00..67604.59 rows=667531 width=4) (actual time=429.833..1136.677 rows=662825 loops=1)
                          Filter: (kind_id = 1)
                          Rows Removed by Filter: 1865487
Planning time: 1.192 ms
Execution time: 46326.022 ms
