Seq Scan on cast_info ci  (cost=0.00..705507.15 rows=12733866 width=0) (actual time=0.061..12566.022 rows=12688476 loops=1)
  Filter: (person_id < 1251387)
  Rows Removed by Filter: 23555868
Planning time: 0.337 ms
Execution time: 14162.515 ms
