Hash Join  (cost=114817.98..170036.14 rows=55264 width=0) (actual time=2529.919..4611.447 rows=595224 loops=1)
  Hash Cond: (mc.movie_id = t.id)
  ->  Seq Scan on movie_companies mc  (cost=0.00..44881.29 rows=2609129 width=4) (actual time=0.027..763.444 rows=2609129 loops=1)
  ->  Hash  (cost=114148.53..114148.53 rows=53556 width=8) (actual time=2529.432..2529.432 rows=160758 loops=1)
        Buckets: 131072 (originally 65536)  Batches: 4 (originally 1)  Memory Usage: 3073kB
        ->  Hash Join  (cost=75536.49..114148.53 rows=53556 width=8) (actual time=1443.397..2482.270 rows=160758 loops=1)
              Hash Cond: (mi_idx.movie_id = t.id)
              ->  Seq Scan on movie_info_idx mi_idx  (cost=0.00..21735.35 rows=1380035 width=4) (actual time=0.019..455.182 rows=1380035 loops=1)
              ->  Hash  (cost=73925.90..73925.90 rows=98127 width=4) (actual time=1442.610..1442.610 rows=226456 loops=1)
                    Buckets: 131072 (originally 131072)  Batches: 4 (originally 2)  Memory Usage: 3073kB
                    ->  Seq Scan on title t  (cost=0.00..73925.90 rows=98127 width=4) (actual time=0.020..1110.949 rows=226456 loops=1)
                          Filter: ((production_year < 1970) AND (kind_id = 1))
                          Rows Removed by Filter: 2301856
Planning time: 1.153 ms
Execution time: 4686.686 ms
