Hash Join  (cost=709678.15..1074363.23 rows=2915 width=0) (actual time=11383.039..18474.712 rows=32 loops=1)
  Hash Cond: (mi.movie_id = t.id)
  ->  Seq Scan on movie_info mi  (cost=0.00..309384.22 rows=14739122 width=4) (actual time=0.011..4655.301 rows=14835720 loops=1)
  ->  Hash  (cost=709671.90..709671.90 rows=500 width=8) (actual time=11116.372..11116.372 rows=3 loops=1)
        Buckets: 1024  Batches: 1  Memory Usage: 9kB
        ->  Nested Loop  (cost=0.43..709671.90 rows=500 width=8) (actual time=215.222..11116.340 rows=3 loops=1)
              ->  Seq Scan on cast_info ci  (cost=0.00..705507.15 rows=500 width=4) (actual time=215.117..11116.039 rows=3 loops=1)
                    Filter: (person_id = 1344512)
                    Rows Removed by Filter: 36244341
              ->  Index Only Scan using title_pkey on title t  (cost=0.43..8.32 rows=1 width=4) (actual time=0.066..0.067 rows=1 loops=3)
                    Index Cond: (id = ci.movie_id)
                    Heap Fetches: 3
Planning time: 4.211 ms
Execution time: 18474.894 ms
