Seq Scan on cast_info ci  (cost=0.00..796071.18 rows=523571 width=0) (actual time=6139.488..14350.447 rows=312308 loops=1)
  Filter: ((person_id < 2704726) AND (role_id = 6))
  Rows Removed by Filter: 35932036
Planning time: 0.392 ms
Execution time: 14388.030 ms
