Seq Scan on movie_keyword mk  (cost=0.00..81003.12 rows=1880667 width=0) (actual time=0.022..1476.024 rows=1888320 loops=1)
  Filter: (keyword_id > 7240)
  Rows Removed by Filter: 2635610
Planning time: 0.286 ms
Execution time: 1713.882 ms
