Seq Scan on movie_companies mc  (cost=0.00..51404.11 rows=1900598 width=0) (actual time=0.023..973.681 rows=1910049 loops=1)
  Filter: (company_id > 1284)
  Rows Removed by Filter: 699080
Planning time: 0.307 ms
Execution time: 1209.538 ms
