Hash Join  (cost=196400.36..545933.10 rows=24268 width=0) (actual time=7077.201..9263.696 rows=72267 loops=1)
  Hash Cond: (mi.movie_id = t.id)
  ->  Seq Scan on movie_info mi  (cost=0.00..346232.03 rows=815474 width=4) (actual time=3304.014..5292.731 rows=872224 loops=1)
        Filter: (info_type_id > 97)
        Rows Removed by Filter: 13963496
  ->  Hash  (cost=195459.76..195459.76 rows=75248 width=8) (actual time=3743.069..3743.069 rows=72496 loops=1)
        Buckets: 131072  Batches: 1  Memory Usage: 3856kB
        ->  Hash Join  (cost=102767.86..195459.76 rows=75248 width=8) (actual time=2030.675..3715.129 rows=72496 loops=1)
              Hash Cond: (mk.movie_id = t.id)
              ->  Seq Scan on movie_keyword mk  (cost=0.00..81003.12 rows=75248 width=4) (actual time=0.035..1214.997 rows=72496 loops=1)
                    Filter: (keyword_id = 335)
                    Rows Removed by Filter: 4451434
              ->  Hash  (cost=61283.27..61283.27 rows=2528527 width=4) (actual time=2027.281..2027.281 rows=2528312 loops=1)
                    Buckets: 131072  Batches: 64  Memory Usage: 2425kB
                    ->  Seq Scan on title t  (cost=0.00..61283.27 rows=2528527 width=4) (actual time=0.019..1171.513 rows=2528312 loops=1)
Planning time: 1.153 ms
Execution time: 9274.159 ms
