Seq Scan on movie_keyword mk  (cost=0.00..81003.12 rows=3858020 width=0) (actual time=0.024..1731.781 rows=3858115 loops=1)
  Filter: (keyword_id > 519)
  Rows Removed by Filter: 665815
Planning time: 0.269 ms
Execution time: 2217.824 ms
