Seq Scan on movie_keyword mk  (cost=0.00..81003.12 rows=2785949 width=0) (actual time=0.024..1429.232 rows=2774943 loops=1)
  Filter: (keyword_id < 7984)
  Rows Removed by Filter: 1748987
Planning time: 0.282 ms
Execution time: 1783.836 ms
