Seq Scan on title t  (cost=0.00..73925.90 rows=40061 width=94) (actual time=177.347..1706.638 rows=40120 loops=1)
  Filter: ((kind_id = 7) AND (production_year = 2013))
  Rows Removed by Filter: 2488192
Planning time: 5.009 ms
Execution time: 1709.449 ms
