Seq Scan on movie_keyword mk  (cost=0.00..81003.12 rows=1404085 width=0) (actual time=0.016..1302.515 rows=1417511 loops=1)
  Filter: (keyword_id > 11777)
  Rows Removed by Filter: 3106419
Planning time: 0.218 ms
Execution time: 1483.930 ms
