Hash Join  (cost=83810.17..174284.75 rows=889166 width=0) (actual time=1691.781..4554.394 rows=1776051 loops=1)
  Hash Cond: (mc.movie_id = t.id)
  ->  Seq Scan on movie_companies mc  (cost=0.00..51404.11 rows=2276215 width=4) (actual time=0.015..1170.789 rows=2280116 loops=1)
        Filter: (company_id > 160)
        Rows Removed by Filter: 329013
  ->  Hash  (cost=67604.59..67604.59 rows=987727 width=4) (actual time=1690.528..1690.528 rows=985048 loops=1)
        Buckets: 131072  Batches: 16  Memory Usage: 3188kB
        ->  Seq Scan on title t  (cost=0.00..67604.59 rows=987727 width=4) (actual time=5.092..1360.532 rows=985048 loops=1)
              Filter: (kind_id < 7)
              Rows Removed by Filter: 1543264
Planning time: 0.725 ms
Execution time: 4741.479 ms
