Seq Scan on movie_companies mc  (cost=0.00..51404.11 rows=1323019 width=0) (actual time=0.024..896.215 rows=1329475 loops=1)
  Filter: (company_id > 11209)
  Rows Removed by Filter: 1279654
Planning time: 0.296 ms
Execution time: 1057.261 ms
