Hash Join  (cost=878765.15..1385084.24 rows=5203794 width=0) (actual time=15551.006..29031.164 rows=9675756 loops=1)
  Hash Cond: (mi.movie_id = t.id)
  ->  Seq Scan on movie_info mi  (cost=0.00..346232.03 rows=8841901 width=4) (actual time=0.019..6430.820 rows=8950757 loops=1)
        Filter: (info_type_id > 6)
        Rows Removed by Filter: 5884963
  ->  Hash  (cost=854349.47..854349.47 rows=1488134 width=8) (actual time=15547.096..15547.096 rows=1977192 loops=1)
        Buckets: 131072  Batches: 32  Memory Usage: 3416kB
        ->  Hash Join  (cost=94811.97..854349.47 rows=1488134 width=8) (actual time=8186.972..14994.637 rows=1977192 loops=1)
              Hash Cond: (ci.movie_id = t.id)
              ->  Seq Scan on cast_info ci  (cost=0.00..705507.15 rows=2955738 width=4) (actual time=6239.009..10754.643 rows=3021851 loops=1)
                    Filter: (person_id > 3501766)
                    Rows Removed by Filter: 33222493
              ->  Hash  (cost=73925.90..73925.90 rows=1273045 width=4) (actual time=1946.869..1946.869 rows=1394954 loops=1)
                    Buckets: 131072  Batches: 32  Memory Usage: 2564kB
                    ->  Seq Scan on title t  (cost=0.00..73925.90 rows=1273045 width=4) (actual time=0.019..1405.720 rows=1394954 loops=1)
                          Filter: ((kind_id > 1) AND (production_year > 1991))
                          Rows Removed by Filter: 1133358
Planning time: 1.201 ms
Execution time: 30106.743 ms
