Hash Join  (cost=1071474.72..1845553.50 rows=23459764 width=0) (actual time=20808.540..46600.495 rows=44924046 loops=1)
  Hash Cond: (mi.movie_id = t.id)
  ->  Seq Scan on movie_info mi  (cost=0.00..346232.03 rows=9476311 width=4) (actual time=0.020..6520.814 rows=9565151 loops=1)
        Filter: (info_type_id < 16)
        Rows Removed by Filter: 5270569
  ->  Hash  (cost=968776.76..968776.76 rows=6259677 width=8) (actual time=20805.064..20805.064 rows=6151474 loops=1)
        Buckets: 131072  Batches: 128  Memory Usage: 2955kB
        ->  Hash Join  (cost=102767.86..968776.76 rows=6259677 width=8) (actual time=1932.535..19112.633 rows=6151474 loops=1)
              Hash Cond: (ci.movie_id = t.id)
              ->  Seq Scan on cast_info ci  (cost=0.00..705507.15 rows=6259677 width=4) (actual time=0.017..11716.462 rows=6151474 loops=1)
                    Filter: (person_id < 593658)
                    Rows Removed by Filter: 30092870
              ->  Hash  (cost=61283.27..61283.27 rows=2528527 width=4) (actual time=1930.381..1930.381 rows=2528312 loops=1)
                    Buckets: 131072  Batches: 64  Memory Usage: 2415kB
                    ->  Seq Scan on title t  (cost=0.00..61283.27 rows=2528527 width=4) (actual time=0.027..1071.553 rows=2528312 loops=1)
Planning time: 1.226 ms
Execution time: 51681.546 ms
