Seq Scan on movie_keyword mk  (cost=0.00..81003.12 rows=246 width=0) (actual time=4.489..1160.549 rows=993 loops=1)
  Filter: (keyword_id = 4601)
  Rows Removed by Filter: 4522937
Planning time: 0.486 ms
Execution time: 1160.973 ms
