Hash Join  (cost=74434.21..958220.67 rows=360703 width=0) (actual time=1052.560..24135.515 rows=331611 loops=1)
  Hash Cond: (ci.movie_id = t.id)
  ->  Seq Scan on cast_info ci  (cost=0.00..796071.18 rows=22428868 width=4) (actual time=0.019..17013.345 rows=22267354 loops=1)
        Filter: ((person_id > 228103) AND (role_id < 4))
        Rows Removed by Filter: 13976990
  ->  Hash  (cost=73925.90..73925.90 rows=40664 width=4) (actual time=1051.335..1051.335 rows=40257 loops=1)
        Buckets: 65536  Batches: 1  Memory Usage: 1928kB
        ->  Seq Scan on title t  (cost=0.00..73925.90 rows=40664 width=4) (actual time=0.032..1034.437 rows=40257 loops=1)
              Filter: ((production_year > 2012) AND (kind_id = 7))
              Rows Removed by Filter: 2488055
Planning time: 0.796 ms
Execution time: 24183.428 ms
