Seq Scan on movie_companies mc  (cost=0.00..51404.11 rows=2151654 width=0) (actual time=0.027..1102.949 rows=2155464 loops=1)
  Filter: (company_id > 379)
  Rows Removed by Filter: 453665
Planning time: 0.321 ms
Execution time: 1371.705 ms
