Nested Loop  (cost=0.43..709673.15 rows=305 width=0) (actual time=4446.130..11017.025 rows=42 loops=1)
  ->  Seq Scan on cast_info ci  (cost=0.00..705507.15 rows=500 width=4) (actual time=4446.010..11015.798 rows=60 loops=1)
        Filter: (person_id = 540555)
        Rows Removed by Filter: 36244284
  ->  Index Scan using title_pkey on title t  (cost=0.43..8.32 rows=1 width=4) (actual time=0.019..0.019 rows=1 loops=60)
        Index Cond: (id = ci.movie_id)
        Filter: (kind_id = 7)
        Rows Removed by Filter: 0
Planning time: 0.753 ms
Execution time: 11017.187 ms
