Seq Scan on title t  (cost=0.00..73925.90 rows=208008 width=0) (actual time=0.029..1161.799 rows=104154 loops=1)
  Filter: ((production_year < 1968) AND (kind_id = 7))
  Rows Removed by Filter: 2424158
Planning time: 0.428 ms
Execution time: 1176.984 ms
