Seq Scan on movie_companies mc  (cost=0.00..51404.11 rows=104 width=0) (actual time=735.626..867.757 rows=40 loops=1)
  Filter: (company_id = 79228)
  Rows Removed by Filter: 2609089
Planning time: 0.387 ms
Execution time: 867.833 ms
