Seq Scan on cast_info ci  (cost=0.00..705507.15 rows=30299836 width=0) (actual time=0.025..11610.504 rows=30275203 loops=1)
  Filter: (person_id < 3048991)
  Rows Removed by Filter: 5969141
Planning time: 0.351 ms
Execution time: 15012.540 ms
