Hash Join  (cost=481673.35..567681.58 rows=794871 width=0) (actual time=8682.411..11004.803 rows=485002 loops=1)
  Hash Cond: (mc.movie_id = t.id)
  ->  Seq Scan on movie_companies mc  (cost=0.00..44881.29 rows=2609129 width=4) (actual time=0.015..1008.166 rows=2609129 loops=1)
  ->  Hash  (cost=469034.40..469034.40 rows=770316 width=8) (actual time=8680.689..8680.689 rows=352003 loops=1)
        Buckets: 131072  Batches: 16  Memory Usage: 1881kB
        ->  Hash Join  (cost=92883.59..469034.40 rows=770316 width=8) (actual time=5767.532..8579.389 rows=352003 loops=1)
              Hash Cond: (mi.movie_id = t.id)
              ->  Seq Scan on movie_info mi  (cost=0.00..346232.03 rows=1264125 width=4) (actual time=3920.749..5691.474 rows=1288928 loops=1)
                    Filter: (info_type_id = 2)
                    Rows Removed by Filter: 13546792
              ->  Hash  (cost=67604.59..67604.59 rows=1540800 width=4) (actual time=1845.620..1845.620 rows=1543264 loops=1)
                    Buckets: 131072  Batches: 32  Memory Usage: 2728kB
                    ->  Seq Scan on title t  (cost=0.00..67604.59 rows=1540800 width=4) (actual time=0.029..1342.009 rows=1543264 loops=1)
                          Filter: (kind_id = 7)
                          Rows Removed by Filter: 985048
Planning time: 1.215 ms
Execution time: 11061.334 ms
