Seq Scan on cast_info ci  (cost=0.00..796071.18 rows=9930080 width=0) (actual time=9219.017..15315.457 rows=7007289 loops=1)
  Filter: ((person_id > 763825) AND (role_id < 2))
  Rows Removed by Filter: 29237055
Planning time: 0.385 ms
Execution time: 16182.813 ms
