Hash Join  (cost=73982.55..874196.11 rows=1970 width=0) (actual time=1268.586..11956.031 rows=3850 loops=1)
  Hash Cond: (ci.movie_id = t.id)
  ->  Seq Scan on cast_info ci  (cost=0.00..796071.18 rows=1099380 width=4) (actual time=0.018..10467.126 rows=1157786 loops=1)
        Filter: ((person_id < 123523) AND (role_id < 9))
        Rows Removed by Filter: 35086558
  ->  Hash  (cost=73925.90..73925.90 rows=4532 width=4) (actual time=1267.603..1267.603 rows=7895 loops=1)
        Buckets: 8192  Batches: 1  Memory Usage: 342kB
        ->  Seq Scan on title t  (cost=0.00..73925.90 rows=4532 width=4) (actual time=222.572..1263.839 rows=7895 loops=1)
              Filter: ((kind_id = 7) AND (production_year = 1982))
              Rows Removed by Filter: 2520417
Planning time: 0.564 ms
Execution time: 11956.775 ms
