Seq Scan on movie_companies mc  (cost=0.00..57926.93 rows=400134 width=0) (actual time=512.886..978.756 rows=81546 loops=1)
  Filter: ((company_id > 28002) AND (company_type_id < 2))
  Rows Removed by Filter: 2527583
Planning time: 0.328 ms
Execution time: 989.058 ms
