Hash Join  (cost=220890.83..1108133.24 rows=5719415 width=0) (actual time=5879.342..26372.375 rows=10959889 loops=1)
  Hash Cond: (ci.movie_id = t.id)
  ->  Seq Scan on cast_info ci  (cost=0.00..705507.15 rows=10296561 width=4) (actual time=881.121..12899.201 rows=10135905 loops=1)
        Filter: (person_id < 996230)
        Rows Removed by Filter: 26108439
  ->  Hash  (cost=197847.37..197847.37 rows=1404517 width=8) (actual time=4956.103..4956.103 rows=1411206 loops=1)
        Buckets: 131072  Batches: 32  Memory Usage: 2739kB
        ->  Hash Join  (cost=102767.86..197847.37 rows=1404517 width=8) (actual time=2012.849..4537.393 rows=1411206 loops=1)
              Hash Cond: (mc.movie_id = t.id)
              ->  Seq Scan on movie_companies mc  (cost=0.00..51404.11 rows=1404517 width=4) (actual time=0.021..971.110 rows=1411206 loops=1)
                    Filter: (company_id > 10734)
                    Rows Removed by Filter: 1197923
              ->  Hash  (cost=61283.27..61283.27 rows=2528527 width=4) (actual time=2011.458..2011.458 rows=2528312 loops=1)
                    Buckets: 131072  Batches: 64  Memory Usage: 2415kB
                    ->  Seq Scan on title t  (cost=0.00..61283.27 rows=2528527 width=4) (actual time=0.014..1162.246 rows=2528312 loops=1)
Planning time: 1.239 ms
Execution time: 27587.909 ms
