Seq Scan on cast_info ci  (cost=0.00..705507.15 rows=500 width=0) (actual time=2083.083..10295.097 rows=1 loops=1)
  Filter: (person_id = 3414356)
  Rows Removed by Filter: 36244343
Planning time: 1.607 ms
Execution time: 10295.183 ms
