Seq Scan on cast_info ci  (cost=0.00..705507.15 rows=16448990 width=0) (actual time=0.015..12594.536 rows=16302570 loops=1)
  Filter: (person_id < 1614680)
  Rows Removed by Filter: 19941774
Planning time: 0.338 ms
Execution time: 14638.637 ms
