Hash Join  (cost=102767.86..190962.12 rows=847343 width=0) (actual time=1998.924..3965.365 rows=533633 loops=1)
  Hash Cond: (mc.movie_id = t.id)
  ->  Seq Scan on movie_companies mc  (cost=0.00..57926.93 rows=847343 width=4) (actual time=0.019..1159.055 rows=533633 loops=1)
        Filter: ((company_id < 18360) AND (company_type_id > 1))
        Rows Removed by Filter: 2075496
  ->  Hash  (cost=61283.27..61283.27 rows=2528527 width=4) (actual time=1996.596..1996.596 rows=2528312 loops=1)
        Buckets: 131072  Batches: 64  Memory Usage: 2415kB
        ->  Seq Scan on title t  (cost=0.00..61283.27 rows=2528527 width=4) (actual time=0.023..1186.588 rows=2528312 loops=1)
Planning time: 0.793 ms
Execution time: 4028.227 ms
