Hash Join  (cost=127292.85..215560.00 rows=4098 width=0) (actual time=2014.750..3695.824 rows=6337 loops=1)
  Hash Cond: (mk.movie_id = t.id)
  ->  Seq Scan on movie_keyword mk  (cost=0.00..81003.12 rows=1926145 width=4) (actual time=0.034..1398.982 rows=1937096 loops=1)
        Filter: (keyword_id > 6830)
        Rows Removed by Filter: 2586834
  ->  Hash  (cost=127225.60..127225.60 rows=5380 width=8) (actual time=2013.231..2013.231 rows=2664 loops=1)
        Buckets: 8192  Batches: 1  Memory Usage: 169kB
        ->  Hash Join  (cost=68237.77..127225.60 rows=5380 width=8) (actual time=1128.961..2011.919 rows=2664 loops=1)
              Hash Cond: (mc.movie_id = t.id)
              ->  Seq Scan on movie_companies mc  (cost=0.00..57926.93 rows=268558 width=4) (actual time=66.589..901.678 rows=140397 loops=1)
                    Filter: ((company_id < 487) AND (company_type_id > 1))
                    Rows Removed by Filter: 2468732
              ->  Hash  (cost=67604.59..67604.59 rows=50655 width=4) (actual time=1061.767..1061.767 rows=50564 loops=1)
                    Buckets: 65536  Batches: 1  Memory Usage: 2290kB
                    ->  Seq Scan on title t  (cost=0.00..67604.59 rows=50655 width=4) (actual time=0.032..1041.068 rows=50564 loops=1)
                          Filter: (production_year = 1999)
                          Rows Removed by Filter: 2477748
Planning time: 1.146 ms
Execution time: 3696.924 ms
