Hash Join  (cost=130923.27..217882.68 rows=30137 width=0) (actual time=2402.528..4551.287 rows=1004960 loops=1)
  Hash Cond: (mk.movie_id = t.id)
  ->  Seq Scan on movie_keyword mk  (cost=0.00..69693.30 rows=4523930 width=4) (actual time=0.017..1046.909 rows=4523930 loops=1)
  ->  Hash  (cost=130712.72..130712.72 rows=16844 width=8) (actual time=2402.235..2402.235 rows=30588 loops=1)
        Buckets: 32768  Batches: 1  Memory Usage: 1451kB
        ->  Hash Join  (cost=74341.98..130712.72 rows=16844 width=8) (actual time=1228.599..2391.004 rows=30588 loops=1)
              Hash Cond: (mc.movie_id = t.id)
              ->  Seq Scan on movie_companies mc  (cost=0.00..51404.11 rows=1279517 width=4) (actual time=0.013..899.027 rows=1274246 loops=1)
                    Filter: (company_type_id = 1)
                    Rows Removed by Filter: 1334883
              ->  Hash  (cost=73925.90..73925.90 rows=33286 width=4) (actual time=1228.309..1228.309 rows=28113 loops=1)
                    Buckets: 65536  Batches: 1  Memory Usage: 1501kB
                    ->  Seq Scan on title t  (cost=0.00..73925.90 rows=33286 width=4) (actual time=0.014..1216.022 rows=28113 loops=1)
                          Filter: ((kind_id < 7) AND (production_year = 2004))
                          Rows Removed by Filter: 2500199
Planning time: 0.776 ms
Execution time: 4673.029 ms
