Seq Scan on movie_keyword mk  (cost=0.00..81003.12 rows=246 width=0) (actual time=3.496..1414.473 rows=984 loops=1)
  Filter: (keyword_id = 2000)
  Rows Removed by Filter: 4522946
Planning time: 0.306 ms
Execution time: 1414.881 ms
