Hash Join  (cost=86355.48..1231653.34 rows=10853470 width=0) (actual time=1547.884..38328.654 rows=11987636 loops=1)
  Hash Cond: (ci.movie_id = t.id)
  ->  Seq Scan on cast_info ci  (cost=0.00..614943.12 rows=36225612 width=4) (actual time=0.015..13468.146 rows=36244344 loops=1)
  ->  Hash  (cost=73925.90..73925.90 rows=757566 width=4) (actual time=1546.636..1546.636 rows=773297 loops=1)
        Buckets: 131072  Batches: 16  Memory Usage: 2723kB
        ->  Seq Scan on title t  (cost=0.00..73925.90 rows=757566 width=4) (actual time=0.021..1311.199 rows=773297 loops=1)
              Filter: ((kind_id < 4) AND (production_year < 2012))
              Rows Removed by Filter: 1755015
Planning time: 0.761 ms
Execution time: 39806.722 ms
