Hash Join  (cost=191123.09..233570.90 rows=277132 width=0) (actual time=4120.275..5738.541 rows=1126389 loops=1)
  Hash Cond: (mi_idx.movie_id = t.id)
  ->  Seq Scan on movie_info_idx mi_idx  (cost=0.00..21735.35 rows=1380035 width=4) (actual time=0.012..463.147 rows=1380035 loops=1)
  ->  Hash  (cost=182792.01..182792.01 rows=507767 width=8) (actual time=4119.342..4119.342 rows=820228 loops=1)
        Buckets: 131072 (originally 131072)  Batches: 16 (originally 8)  Memory Usage: 3073kB
        ->  Hash Join  (cost=102767.86..182792.01 rows=507767 width=8) (actual time=2019.650..3870.749 rows=820228 loops=1)
              Hash Cond: (mc.movie_id = t.id)
              ->  Seq Scan on movie_companies mc  (cost=0.00..57926.93 rows=507767 width=4) (actual time=255.594..952.925 rows=820228 loops=1)
                    Filter: ((company_id > 16508) AND (company_type_id > 1))
                    Rows Removed by Filter: 1788901
              ->  Hash  (cost=61283.27..61283.27 rows=2528527 width=4) (actual time=1762.889..1762.889 rows=2528312 loops=1)
                    Buckets: 131072  Batches: 64  Memory Usage: 2415kB
                    ->  Seq Scan on title t  (cost=0.00..61283.27 rows=2528527 width=4) (actual time=0.018..949.701 rows=2528312 loops=1)
Planning time: 1.118 ms
Execution time: 5873.282 ms
