Hash Join  (cost=192641.92..237405.07 rows=412067 width=0) (actual time=4416.845..5325.292 rows=394812 loops=1)
  Hash Cond: (mi_idx.movie_id = t.id)
  ->  Seq Scan on movie_info_idx mi_idx  (cost=0.00..21735.35 rows=1380035 width=4) (actual time=0.009..497.854 rows=1380035 loops=1)
  ->  Hash  (cost=180254.44..180254.44 rows=754998 width=8) (actual time=4119.118..4119.118 rows=373039 loops=1)
        Buckets: 131072  Batches: 16  Memory Usage: 1922kB
        ->  Hash Join  (cost=92883.59..180254.44 rows=754998 width=8) (actual time=2602.991..4005.699 rows=373039 loops=1)
              Hash Cond: (mc.movie_id = t.id)
              ->  Seq Scan on movie_companies mc  (cost=0.00..57926.93 rows=1238988 width=4) (actual time=0.030..1223.337 rows=1296621 loops=1)
                    Filter: ((company_id > 34) AND (company_type_id = 2))
                    Rows Removed by Filter: 1312508
              ->  Hash  (cost=67604.59..67604.59 rows=1540800 width=4) (actual time=1766.948..1766.948 rows=1543264 loops=1)
                    Buckets: 131072  Batches: 32  Memory Usage: 2722kB
                    ->  Seq Scan on title t  (cost=0.00..67604.59 rows=1540800 width=4) (actual time=0.019..1275.872 rows=1543264 loops=1)
                          Filter: (kind_id = 7)
                          Rows Removed by Filter: 985048
Planning time: 1.220 ms
Execution time: 5367.641 ms
