Hash Join  (cost=798791.46..893704.22 rows=475 width=0) (actual time=13502.807..15219.928 rows=908 loops=1)
  Hash Cond: (mk.movie_id = t.id)
  ->  Seq Scan on movie_keyword mk  (cost=0.00..81003.12 rows=3707969 width=4) (actual time=0.027..1319.060 rows=3704871 loops=1)
        Filter: (keyword_id > 784)
        Rows Removed by Filter: 819059
  ->  Hash  (cost=798787.41..798787.41 rows=324 width=8) (actual time=13475.952..13475.952 rows=41 loops=1)
        Buckets: 1024  Batches: 1  Memory Usage: 10kB
        ->  Nested Loop  (cost=0.43..798787.41 rows=324 width=8) (actual time=5993.863..13475.922 rows=41 loops=1)
              ->  Seq Scan on cast_info ci  (cost=0.00..796071.18 rows=324 width=4) (actual time=5993.745..13475.161 rows=41 loops=1)
                    Filter: ((role_id > 1) AND (person_id = 3902085))
                    Rows Removed by Filter: 36244303
              ->  Index Only Scan using title_pkey on title t  (cost=0.43..8.37 rows=1 width=4) (actual time=0.016..0.017 rows=1 loops=41)
                    Index Cond: (id = ci.movie_id)
                    Heap Fetches: 41
Planning time: 1.151 ms
Execution time: 15220.116 ms
