Hash Join  (cost=208292.32..1379269.52 rows=13353304 width=0) (actual time=4638.613..44518.558 rows=30576130 loops=1)
  Hash Cond: (ci.movie_id = t.id)
  ->  Seq Scan on cast_info ci  (cost=0.00..614943.12 rows=36225612 width=4) (actual time=0.021..13880.825 rows=36244344 loops=1)
  ->  Hash  (cost=193000.65..193000.65 rows=932053 width=8) (actual time=4637.315..4637.315 rows=779937 loops=1)
        Buckets: 131072  Batches: 16  Memory Usage: 2910kB
        ->  Hash Join  (cost=102767.86..193000.65 rows=932053 width=8) (actual time=1951.069..4408.919 rows=779937 loops=1)
              Hash Cond: (mc.movie_id = t.id)
              ->  Seq Scan on movie_companies mc  (cost=0.00..57926.93 rows=932053 width=4) (actual time=0.038..1047.293 rows=779937 loops=1)
                    Filter: ((company_id > 1284) AND (company_type_id = 1))
                    Rows Removed by Filter: 1829192
              ->  Hash  (cost=61283.27..61283.27 rows=2528527 width=4) (actual time=1949.981..1949.981 rows=2528312 loops=1)
                    Buckets: 131072  Batches: 64  Memory Usage: 2415kB
                    ->  Seq Scan on title t  (cost=0.00..61283.27 rows=2528527 width=4) (actual time=0.015..1132.548 rows=2528312 loops=1)
Planning time: 1.173 ms
Execution time: 47950.119 ms
