Hash Join  (cost=178765.67..687472.20 rows=2708460 width=0) (actual time=4809.003..18720.868 rows=2349588 loops=1)
  Hash Cond: (mi.movie_id = t.id)
  ->  Seq Scan on movie_info mi  (cost=0.00..309384.22 rows=14739122 width=4) (actual time=0.013..5964.357 rows=14835720 loops=1)
  ->  Hash  (cost=171141.65..171141.65 rows=464642 width=8) (actual time=4505.765..4505.765 rows=238698 loops=1)
        Buckets: 131072  Batches: 8  Memory Usage: 2188kB
        ->  Hash Join  (cost=91879.05..171141.65 rows=464642 width=8) (actual time=2881.381..4431.085 rows=238698 loops=1)
              Hash Cond: (mc.movie_id = t.id)
              ->  Seq Scan on movie_companies mc  (cost=0.00..57926.93 rows=1073664 width=4) (actual time=0.019..1246.360 rows=1274246 loops=1)
                    Filter: ((company_id < 79775) AND (company_type_id = 1))
                    Rows Removed by Filter: 1334883
              ->  Hash  (cost=73925.90..73925.90 rows=1094252 width=4) (actual time=2343.490..2343.490 rows=1044222 loops=1)
                    Buckets: 131072  Batches: 16  Memory Usage: 3319kB
                    ->  Seq Scan on title t  (cost=0.00..73925.90 rows=1094252 width=4) (actual time=79.781..1332.950 rows=1044222 loops=1)
                          Filter: ((production_year < 2009) AND (kind_id = 7))
                          Rows Removed by Filter: 1484090
Planning time: 1.191 ms
Execution time: 18973.791 ms
