Seq Scan on movie_companies mc  (cost=0.00..57926.93 rows=411230 width=0) (actual time=128.083..918.582 rows=232536 loops=1)
  Filter: ((company_id < 1764) AND (company_type_id = 2))
  Rows Removed by Filter: 2376593
Planning time: 0.375 ms
Execution time: 947.177 ms
