Seq Scan on cast_info ci  (cost=0.00..705507.15 rows=17246522 width=0) (actual time=2.939..12686.488 rows=17123640 loops=1)
  Filter: (person_id < 1691921)
  Rows Removed by Filter: 19120704
Planning time: 0.972 ms
Execution time: 14856.353 ms
