Hash Join  (cost=200472.34..736255.19 rows=5246092 width=0) (actual time=4298.577..23314.495 rows=24492324 loops=1)
  Hash Cond: (mi.movie_id = t.id)
  ->  Seq Scan on movie_info mi  (cost=0.00..309384.22 rows=14739122 width=4) (actual time=0.020..6126.691 rows=14835720 loops=1)
  ->  Hash  (cost=185706.61..185706.61 rows=899978 width=8) (actual time=4297.149..4297.149 rows=895664 loops=1)
        Buckets: 131072  Batches: 16  Memory Usage: 3238kB
        ->  Hash Join  (cost=102767.86..185706.61 rows=899978 width=8) (actual time=1865.373..4014.742 rows=895664 loops=1)
              Hash Cond: (mc.movie_id = t.id)
              ->  Seq Scan on movie_companies mc  (cost=0.00..51404.11 rows=899978 width=4) (actual time=0.021..906.118 rows=895664 loops=1)
                    Filter: (company_id < 2825)
                    Rows Removed by Filter: 1713465
              ->  Hash  (cost=61283.27..61283.27 rows=2528527 width=4) (actual time=1862.826..1862.826 rows=2528312 loops=1)
                    Buckets: 131072  Batches: 64  Memory Usage: 2415kB
                    ->  Seq Scan on title t  (cost=0.00..61283.27 rows=2528527 width=4) (actual time=0.019..1033.883 rows=2528312 loops=1)
Planning time: 1.268 ms
Execution time: 25930.067 ms
