Seq Scan on cast_info ci  (cost=0.00..796071.18 rows=1196927 width=0) (actual time=8197.444..12315.021 rows=3305389 loops=1)
  Filter: ((person_id > 2711283) AND (role_id = 10))
  Rows Removed by Filter: 32938955
Planning time: 0.492 ms
Execution time: 12729.769 ms
