Seq Scan on movie_keyword mk  (cost=0.00..81003.12 rows=246 width=0) (actual time=0.057..1288.489 rows=909 loops=1)
  Filter: (keyword_id = 8087)
  Rows Removed by Filter: 4523021
Planning time: 0.335 ms
Execution time: 1288.910 ms
