Hash Join  (cost=1018504.83..4209691.82 rows=162027761 width=0) (actual time=28218.259..147295.726 rows=350303123 loops=1)
  Hash Cond: (ci.movie_id = t.id)
  ->  Seq Scan on cast_info ci  (cost=0.00..705507.15 rows=27796199 width=4) (actual time=823.774..15898.171 rows=27928293 loops=1)
        Filter: (person_id > 814247)
        Rows Removed by Filter: 8316051
  ->  Hash  (cost=776690.81..776690.81 rows=14739122 width=8) (actual time=27392.674..27392.674 rows=14835720 loops=1)
        Buckets: 131072  Batches: 256  Memory Usage: 3268kB
        ->  Hash Join  (cost=102767.86..776690.81 rows=14739122 width=8) (actual time=2726.059..22367.037 rows=14835720 loops=1)
              Hash Cond: (mi.movie_id = t.id)
              ->  Seq Scan on movie_info mi  (cost=0.00..309384.22 rows=14739122 width=4) (actual time=0.027..6043.292 rows=14835720 loops=1)
              ->  Hash  (cost=61283.27..61283.27 rows=2528527 width=4) (actual time=2725.212..2725.212 rows=2528312 loops=1)
                    Buckets: 131072  Batches: 64  Memory Usage: 2425kB
                    ->  Seq Scan on title t  (cost=0.00..61283.27 rows=2528527 width=4) (actual time=0.020..1106.827 rows=2528312 loops=1)
Planning time: 1.153 ms
Execution time: 185538.514 ms
