Seq Scan on title t  (cost=0.00..73925.90 rows=4532 width=0) (actual time=0.066..1157.249 rows=7945 loops=1)
  Filter: ((kind_id = 7) AND (production_year = 1977))
  Rows Removed by Filter: 2520367
Planning time: 0.430 ms
Execution time: 1159.199 ms
