Hash Join  (cost=102767.86..252099.53 rows=2429080 width=0) (actual time=1937.304..6477.538 rows=2420350 loops=1)
  Hash Cond: (mk.movie_id = t.id)
  ->  Seq Scan on movie_keyword mk  (cost=0.00..81003.12 rows=2429080 width=4) (actual time=0.020..1596.409 rows=2420350 loops=1)
        Filter: (keyword_id > 3791)
        Rows Removed by Filter: 2103580
  ->  Hash  (cost=61283.27..61283.27 rows=2528527 width=4) (actual time=1935.967..1935.967 rows=2528312 loops=1)
        Buckets: 131072  Batches: 64  Memory Usage: 2425kB
        ->  Seq Scan on title t  (cost=0.00..61283.27 rows=2528527 width=4) (actual time=0.017..1085.801 rows=2528312 loops=1)
Planning time: 0.748 ms
Execution time: 6768.846 ms
