Hash Join  (cost=95314.15..157737.89 rows=182743 width=0) (actual time=3125.486..3504.690 rows=12944 loops=1)
  Hash Cond: (mc.movie_id = t.id)
  ->  Seq Scan on movie_companies mc  (cost=0.00..51404.11 rows=354451 width=4) (actual time=0.015..918.287 rows=358885 loops=1)
        Filter: (company_id > 87159)
        Rows Removed by Filter: 2250244
  ->  Hash  (cost=73925.90..73925.90 rows=1303620 width=4) (actual time=2191.758..2191.758 rows=1383104 loops=1)
        Buckets: 131072  Batches: 32  Memory Usage: 2546kB
        ->  Seq Scan on title t  (cost=0.00..73925.90 rows=1303620 width=4) (actual time=0.014..1401.778 rows=1383104 loops=1)
              Filter: ((production_year > 1966) AND (kind_id = 7))
              Rows Removed by Filter: 1145208
Planning time: 0.810 ms
Execution time: 3506.252 ms
