Seq Scan on movie_companies mc  (cost=0.00..57926.93 rows=51 width=0) (actual time=241.689..797.659 rows=570 loops=1)
  Filter: ((company_id = 15121) AND (company_type_id = 1))
  Rows Removed by Filter: 2608559
Planning time: 0.424 ms
Execution time: 797.883 ms
