Nested Loop  (cost=0.43..58375.18 rows=53 width=0) (actual time=101.408..892.273 rows=616 loops=1)
  ->  Seq Scan on movie_companies mc  (cost=0.00..57926.93 rows=53 width=4) (actual time=101.332..861.959 rows=616 loops=1)
        Filter: ((company_type_id > 1) AND (company_id = 7))
        Rows Removed by Filter: 2608513
  ->  Index Only Scan using title_pkey on title t  (cost=0.43..8.45 rows=1 width=4) (actual time=0.048..0.048 rows=1 loops=616)
        Index Cond: (id = mc.movie_id)
        Heap Fetches: 616
Planning time: 0.722 ms
Execution time: 892.543 ms
