Hash Join  (cost=102431.42..157624.48 rows=13537 width=0) (actual time=1771.089..2911.385 rows=24203 loops=1)
  Hash Cond: (mc.movie_id = t.id)
  ->  Seq Scan on movie_companies mc  (cost=0.00..51404.11 rows=974288 width=4) (actual time=0.025..928.020 rows=975597 loops=1)
        Filter: (company_id < 4264)
        Rows Removed by Filter: 1633532
  ->  Hash  (cost=101992.28..101992.28 rows=35131 width=8) (actual time=1769.869..1769.869 rows=32067 loops=1)
        Buckets: 65536  Batches: 1  Memory Usage: 1765kB
        ->  Hash Join  (cost=74730.49..101992.28 rows=35131 width=8) (actual time=1118.200..1759.315 rows=32067 loops=1)
              Hash Cond: (mi_idx.movie_id = t.id)
              ->  Seq Scan on movie_info_idx mi_idx  (cost=0.00..21735.35 rows=1380035 width=4) (actual time=0.009..307.720 rows=1380035 loops=1)
              ->  Hash  (cost=73925.90..73925.90 rows=64367 width=4) (actual time=1117.832..1117.832 rows=53905 loops=1)
                    Buckets: 65536  Batches: 1  Memory Usage: 2408kB
                    ->  Seq Scan on title t  (cost=0.00..73925.90 rows=64367 width=4) (actual time=0.020..1093.012 rows=53905 loops=1)
                          Filter: ((kind_id < 7) AND (production_year = 2012))
                          Rows Removed by Filter: 2474407
Planning time: 1.234 ms
Execution time: 2915.098 ms
