Hash Join  (cost=122293.68..902031.72 rows=5327 width=0) (actual time=2306.486..18468.406 rows=53297 loops=1)
  Hash Cond: (ci.movie_id = t.id)
  ->  Seq Scan on cast_info ci  (cost=0.00..705507.15 rows=19780697 width=4) (actual time=0.026..12272.537 rows=19662641 loops=1)
        Filter: (person_id < 1970945)
        Rows Removed by Filter: 16581703
  ->  Hash  (cost=122285.17..122285.17 rows=681 width=8) (actual time=2302.351..2302.351 rows=6325 loops=1)
        Buckets: 8192 (originally 1024)  Batches: 1 (originally 1)  Memory Usage: 312kB
        ->  Hash Join  (cost=67612.84..122285.17 rows=681 width=8) (actual time=1191.701..2299.501 rows=6325 loops=1)
              Hash Cond: (mc.movie_id = t.id)
              ->  Seq Scan on movie_companies mc  (cost=0.00..44881.29 rows=2609129 width=4) (actual time=0.018..601.571 rows=2609129 loops=1)
              ->  Hash  (cost=67604.59..67604.59 rows=660 width=4) (actual time=1191.587..1191.587 rows=3515 loops=1)
                    Buckets: 4096 (originally 1024)  Batches: 1 (originally 1)  Memory Usage: 156kB
                    ->  Seq Scan on title t  (cost=0.00..67604.59 rows=660 width=4) (actual time=9.283..1189.569 rows=3515 loops=1)
                          Filter: (production_year > 2013)
                          Rows Removed by Filter: 2524797
Planning time: 1.347 ms
Execution time: 18477.998 ms
