Hash Join  (cost=128230.22..955747.01 rows=26602 width=0) (actual time=11117.423..15347.042 rows=383 loops=1)
  Hash Cond: (ci.movie_id = t.id)
  ->  Seq Scan on cast_info ci  (cost=0.00..796071.18 rows=8314559 width=4) (actual time=10006.071..13640.212 rows=4429780 loops=1)
        Filter: ((person_id > 2122746) AND (role_id < 3))
        Rows Removed by Filter: 31814564
  ->  Hash  (cost=128129.09..128129.09 rows=8090 width=8) (actual time=1095.738..1095.738 rows=193 loops=1)
        Buckets: 8192  Batches: 1  Memory Usage: 72kB
        ->  Nested Loop  (cost=0.43..128129.09 rows=8090 width=8) (actual time=8.587..1095.393 rows=193 loops=1)
              ->  Seq Scan on movie_companies mc  (cost=0.00..51404.11 rows=12263 width=4) (actual time=0.064..896.290 rows=10163 loops=1)
                    Filter: (company_id = 846)
                    Rows Removed by Filter: 2598966
              ->  Index Scan using title_pkey on title t  (cost=0.43..6.25 rows=1 width=4) (actual time=0.019..0.019 rows=0 loops=10163)
                    Index Cond: (id = mc.movie_id)
                    Filter: (kind_id > 3)
                    Rows Removed by Filter: 1
Planning time: 1.223 ms
Execution time: 15347.406 ms
