Hash Join  (cost=101351.65..193148.10 rows=6214 width=0) (actual time=666.035..2601.963 rows=57598 loops=1)
  Hash Cond: (mk.movie_id = t.id)
  ->  Seq Scan on movie_keyword mk  (cost=0.00..81003.12 rows=2861647 width=4) (actual time=0.006..1466.244 rows=2851547 loops=1)
        Filter: (keyword_id < 8712)
        Rows Removed by Filter: 1672383
  ->  Hash  (cost=101283.02..101283.02 rows=5491 width=8) (actual time=665.601..665.601 rows=7338 loops=1)
        Buckets: 8192  Batches: 1  Memory Usage: 351kB
        ->  Hash Join  (cost=74299.17..101283.02 rows=5491 width=8) (actual time=484.737..663.732 rows=7338 loops=1)
              Hash Cond: (mi_idx.movie_id = t.id)
              ->  Seq Scan on movie_info_idx mi_idx  (cost=0.00..25185.44 rows=464934 width=4) (actual time=0.016..194.951 rows=460185 loops=1)
                    Filter: (info_type_id > 100)
                    Rows Removed by Filter: 919850
              ->  Hash  (cost=73925.90..73925.90 rows=29861 width=4) (actual time=412.340..412.340 rows=17772 loops=1)
                    Buckets: 32768  Batches: 1  Memory Usage: 881kB
                    ->  Seq Scan on title t  (cost=0.00..73925.90 rows=29861 width=4) (actual time=207.432..407.488 rows=17772 loops=1)
                          Filter: ((kind_id = 1) AND (production_year = 2007))
                          Rows Removed by Filter: 2510540
Planning time: 0.773 ms
Execution time: 2609.448 ms
