Hash Join  (cost=135573.32..845575.11 rows=25887 width=0) (actual time=4478.305..15593.332 rows=55435 loops=1)
  Hash Cond: (ci.movie_id = t.id)
  ->  Seq Scan on cast_info ci  (cost=0.00..705507.15 rows=289805 width=4) (actual time=1797.335..12776.757 rows=276403 loops=1)
        Filter: (role_id = 7)
        Rows Removed by Filter: 35967941
  ->  Hash  (cost=131866.99..131866.99 rows=225866 width=8) (actual time=2679.976..2679.976 rows=124237 loops=1)
        Buckets: 131072  Batches: 4  Memory Usage: 2235kB
        ->  Hash Join  (cost=94252.23..131866.99 rows=225866 width=8) (actual time=1698.632..2643.279 rows=124237 loops=1)
              Hash Cond: (mi_idx.movie_id = t.id)
              ->  Seq Scan on movie_info_idx mi_idx  (cost=0.00..25185.44 rows=460978 width=4) (actual time=0.023..488.167 rows=459925 loops=1)
                    Filter: (info_type_id = 99)
                    Rows Removed by Filter: 920110
              ->  Hash  (cost=73925.90..73925.90 rows=1238906 width=4) (actual time=1697.152..1697.152 rows=1324576 loops=1)
                    Buckets: 131072  Batches: 32  Memory Usage: 2484kB
                    ->  Seq Scan on title t  (cost=0.00..73925.90 rows=1238906 width=4) (actual time=237.346..1280.348 rows=1324576 loops=1)
                          Filter: ((production_year > 1973) AND (kind_id = 7))
                          Rows Removed by Filter: 1203736
Planning time: 3.053 ms
Execution time: 15600.832 ms
