Hash Join  (cost=91592.35..596555.94 rows=4159221 width=0) (actual time=1760.923..13769.135 rows=2151220 loops=1)
  Hash Cond: (mi.movie_id = t.id)
  ->  Seq Scan on movie_info mi  (cost=0.00..346232.03 rows=9767026 width=4) (actual time=0.020..6817.851 rows=9911754 loops=1)
        Filter: (info_type_id > 4)
        Rows Removed by Filter: 4923966
  ->  Hash  (cost=73925.90..73925.90 rows=1076756 width=4) (actual time=1719.524..1719.524 rows=1171793 loops=1)
        Buckets: 131072  Batches: 16  Memory Usage: 3614kB
        ->  Seq Scan on title t  (cost=0.00..73925.90 rows=1076756 width=4) (actual time=0.026..1342.696 rows=1171793 loops=1)
              Filter: ((kind_id > 4) AND (production_year > 1990))
              Rows Removed by Filter: 1356519
Planning time: 0.616 ms
Execution time: 13998.415 ms
