Seq Scan on cast_info ci  (cost=0.00..796071.18 rows=130394 width=0) (actual time=2138.190..12986.134 rows=236860 loops=1)
  Filter: ((person_id > 2306680) AND (role_id > 10))
  Rows Removed by Filter: 36007484
Planning time: 0.358 ms
Execution time: 13012.871 ms
