Hash Join  (cost=83072.43..434044.99 rows=6 width=0) (actual time=5992.903..6537.454 rows=3 loops=1)
  Hash Cond: (mi.movie_id = t.id)
  ->  Seq Scan on movie_info mi  (cost=0.00..346232.03 rows=1264125 width=4) (actual time=4387.160..4995.549 rows=1288928 loops=1)
        Filter: (info_type_id = 2)
        Rows Removed by Filter: 13546792
  ->  Hash  (cost=83072.29..83072.29 rows=12 width=8) (actual time=1348.465..1348.465 rows=2 loops=1)
        Buckets: 1024  Batches: 1  Memory Usage: 9kB
        ->  Nested Loop  (cost=0.43..83072.29 rows=12 width=8) (actual time=62.307..1348.444 rows=2 loops=1)
              ->  Seq Scan on movie_keyword mk  (cost=0.00..81003.12 rows=246 width=4) (actual time=10.987..1336.266 rows=221 loops=1)
                    Filter: (keyword_id = 22224)
                    Rows Removed by Filter: 4523709
              ->  Index Scan using title_pkey on title t  (cost=0.43..8.40 rows=1 width=4) (actual time=0.053..0.053 rows=0 loops=221)
                    Index Cond: (id = mk.movie_id)
                    Filter: (production_year = 2009)
                    Rows Removed by Filter: 1
Planning time: 3.649 ms
Execution time: 6538.139 ms
