Hash Join  (cost=128753.29..493681.79 rows=27257 width=0) (actual time=2457.808..10503.649 rows=50445 loops=1)
  Hash Cond: (mi.movie_id = t.id)
  ->  Seq Scan on movie_info mi  (cost=0.00..309384.22 rows=14739122 width=4) (actual time=0.014..4872.815 rows=14835720 loops=1)
  ->  Hash  (cost=128694.84..128694.84 rows=4676 width=8) (actual time=2457.405..2457.405 rows=6687 loops=1)
        Buckets: 8192  Batches: 1  Memory Usage: 326kB
        ->  Hash Join  (cost=73982.55..128694.84 rows=4676 width=8) (actual time=1651.014..2454.771 rows=6687 loops=1)
              Hash Cond: (mc.movie_id = t.id)
              ->  Seq Scan on movie_companies mc  (cost=0.00..44881.29 rows=2609129 width=4) (actual time=0.029..708.530 rows=2609129 loops=1)
              ->  Hash  (cost=73925.90..73925.90 rows=4532 width=4) (actual time=1162.125..1162.125 rows=11996 loops=1)
                    Buckets: 16384 (originally 8192)  Batches: 1 (originally 1)  Memory Usage: 550kB
                    ->  Seq Scan on title t  (cost=0.00..73925.90 rows=4532 width=4) (actual time=0.021..1156.089 rows=11996 loops=1)
                          Filter: ((kind_id = 7) AND (production_year = 1987))
                          Rows Removed by Filter: 2516316
Planning time: 8.644 ms
Execution time: 10511.005 ms
