Hash Join  (cost=97665.33..251207.92 rows=2588755 width=0) (actual time=3035.199..5718.516 rows=635485 loops=1)
  Hash Cond: (mk.movie_id = t.id)
  ->  Seq Scan on movie_keyword mk  (cost=0.00..69693.30 rows=4523930 width=4) (actual time=0.014..1415.623 rows=4523930 loops=1)
  ->  Hash  (cost=73925.90..73925.90 rows=1446914 width=4) (actual time=1937.396..1937.396 rows=1478438 loops=1)
        Buckets: 131072  Batches: 32  Memory Usage: 2656kB
        ->  Seq Scan on title t  (cost=0.00..73925.90 rows=1446914 width=4) (actual time=0.013..1444.903 rows=1478438 loops=1)
              Filter: ((production_year > 1919) AND (kind_id = 7))
              Rows Removed by Filter: 1049874
Planning time: 1.197 ms
Execution time: 5798.468 ms
