Hash Join  (cost=88295.76..1147973.58 rows=7795689 width=0) (actual time=1838.712..34037.011 rows=9327537 loops=1)
  Hash Cond: (ci.movie_id = t.id)
  ->  Seq Scan on cast_info ci  (cost=0.00..796071.18 rows=15630067 width=4) (actual time=0.022..18773.439 rows=15791727 loops=1)
        Filter: ((person_id > 119899) AND (role_id > 2))
        Rows Removed by Filter: 20452617
  ->  Hash  (cost=67604.59..67604.59 rows=1261134 width=4) (actual time=1837.265..1837.265 rows=1260295 loops=1)
        Buckets: 131072  Batches: 32  Memory Usage: 2413kB
        ->  Seq Scan on title t  (cost=0.00..67604.59 rows=1261134 width=4) (actual time=0.021..1419.974 rows=1260295 loops=1)
              Filter: (production_year > 2002)
              Rows Removed by Filter: 1268017
Planning time: 0.822 ms
Execution time: 35056.834 ms
