Nested Loop  (cost=0.43..83072.29 rows=175 width=0) (actual time=761.381..1243.561 rows=3 loops=1)
  ->  Seq Scan on movie_keyword mk  (cost=0.00..81003.12 rows=246 width=4) (actual time=761.315..1243.380 rows=3 loops=1)
        Filter: (keyword_id = 105099)
        Rows Removed by Filter: 4523927
  ->  Index Scan using title_pkey on title t  (cost=0.43..8.40 rows=1 width=4) (actual time=0.052..0.053 rows=1 loops=3)
        Index Cond: (id = mk.movie_id)
        Filter: (production_year < 2009)
Planning time: 0.785 ms
Execution time: 1243.659 ms
