Seq Scan on cast_info ci  (cost=0.00..796071.18 rows=14318610 width=0) (actual time=0.028..15294.636 rows=9255744 loops=1)
  Filter: ((person_id < 2230846) AND (role_id > 1))
  Rows Removed by Filter: 26988600
Planning time: 0.323 ms
Execution time: 16464.315 ms
