Hash Join  (cost=84171.54..118322.69 rows=114821 width=0) (actual time=1377.646..2150.960 rows=62549 loops=1)
  Hash Cond: (mi_idx.movie_id = t.id)
  ->  Seq Scan on movie_info_idx mi_idx  (cost=0.00..25185.44 rows=464934 width=4) (actual time=0.021..497.836 rows=460185 loops=1)
        Filter: (info_type_id > 100)
        Rows Removed by Filter: 919850
  ->  Hash  (cost=73925.90..73925.90 rows=624451 width=4) (actual time=1376.483..1376.483 rows=521141 loops=1)
        Buckets: 131072  Batches: 16  Memory Usage: 2168kB
        ->  Seq Scan on title t  (cost=0.00..73925.90 rows=624451 width=4) (actual time=128.883..1208.870 rows=521141 loops=1)
              Filter: ((production_year < 2000) AND (kind_id = 7))
              Rows Removed by Filter: 2007171
Planning time: 0.830 ms
Execution time: 2158.006 ms
