Seq Scan on movie_keyword mk  (cost=0.00..81003.12 rows=4261429 width=0) (actual time=0.025..1598.903 rows=4243816 loops=1)
  Filter: (keyword_id > 231)
  Rows Removed by Filter: 280114
Planning time: 0.349 ms
Execution time: 2110.481 ms
