Hash Join  (cost=262238.31..935862.29 rows=14711125 width=0) (actual time=6803.646..38852.148 rows=67041737 loops=1)
  Hash Cond: (mi.movie_id = t.id)
  ->  Seq Scan on movie_info mi  (cost=0.00..309384.22 rows=14739122 width=4) (actual time=0.018..6452.554 rows=14835720 loops=1)
  ->  Hash  (cost=220832.76..220832.76 rows=2523724 width=8) (actual time=6802.609..6802.609 rows=2557536 loops=1)
        Buckets: 131072  Batches: 64  Memory Usage: 2659kB
        ->  Hash Join  (cost=107730.59..220832.76 rows=2523724 width=8) (actual time=2163.923..6073.817 rows=2557536 loops=1)
              Hash Cond: (mc.movie_id = t.id)
              ->  Seq Scan on movie_companies mc  (cost=0.00..44881.29 rows=2609129 width=4) (actual time=0.014..1024.210 rows=2609129 loops=1)
              ->  Hash  (cost=67604.59..67604.59 rows=2445760 width=4) (actual time=2162.505..2162.505 rows=2442366 loops=1)
                    Buckets: 131072  Batches: 32  Memory Usage: 3707kB
                    ->  Seq Scan on title t  (cost=0.00..67604.59 rows=2445760 width=4) (actual time=0.027..1394.176 rows=2442366 loops=1)
                          Filter: (production_year > 1903)
                          Rows Removed by Filter: 85946
Planning time: 1.107 ms
Execution time: 45954.670 ms
