Hash Join  (cost=157744.90..244715.17 rows=31223 width=0) (actual time=1229.308..2052.382 rows=301829 loops=1)
  Hash Cond: (mk.movie_id = t.id)
  ->  Seq Scan on movie_keyword mk  (cost=0.00..69693.30 rows=4523930 width=4) (actual time=0.017..525.746 rows=4523930 loops=1)
  ->  Hash  (cost=157526.77..157526.77 rows=17451 width=8) (actual time=929.265..929.265 rows=33124 loops=1)
        Buckets: 65536 (originally 32768)  Batches: 1 (originally 1)  Memory Usage: 1806kB
        ->  Nested Loop  (cost=0.43..157526.77 rows=17451 width=8) (actual time=432.518..913.273 rows=33124 loops=1)
              ->  Seq Scan on movie_companies mc  (cost=0.00..57926.93 rows=17451 width=4) (actual time=432.432..672.590 rows=33124 loops=1)
                    Filter: ((company_id > 205123) AND (company_type_id > 1))
                    Rows Removed by Filter: 2576005
              ->  Index Only Scan using title_pkey on title t  (cost=0.43..5.70 rows=1 width=4) (actual time=0.006..0.007 rows=1 loops=33124)
                    Index Cond: (id = mc.movie_id)
                    Heap Fetches: 33124
Planning time: 2.097 ms
Execution time: 2071.122 ms
