Hash Join  (cost=199255.52..706674.95 rows=2587848 width=0) (actual time=4337.457..29991.570 rows=53751227 loops=1)
  Hash Cond: (mi.movie_id = t.id)
  ->  Seq Scan on movie_info mi  (cost=0.00..309384.22 rows=14739122 width=4) (actual time=0.027..6212.516 rows=14835720 loops=1)
  ->  Hash  (cost=191971.13..191971.13 rows=443951 width=8) (actual time=4336.257..4336.257 rows=881707 loops=1)
        Buckets: 131072 (originally 131072)  Batches: 16 (originally 8)  Memory Usage: 3266kB
        ->  Hash Join  (cost=85935.55..191971.13 rows=443951 width=8) (actual time=1546.375..4056.567 rows=881707 loops=1)
              Hash Cond: (mk.movie_id = t.id)
              ->  Seq Scan on movie_keyword mk  (cost=0.00..81003.12 rows=1533585 width=4) (actual time=0.023..1444.960 rows=1544143 loops=1)
                    Filter: (keyword_id < 2276)
                    Rows Removed by Filter: 2979787
              ->  Hash  (cost=73925.90..73925.90 rows=731972 width=4) (actual time=1543.905..1543.905 rows=635910 loops=1)
                    Buckets: 131072  Batches: 16  Memory Usage: 2429kB
                    ->  Seq Scan on title t  (cost=0.00..73925.90 rows=731972 width=4) (actual time=0.020..1286.670 rows=635910 loops=1)
                          Filter: ((kind_id < 7) AND (production_year > 1984))
                          Rows Removed by Filter: 1892402
Planning time: 1.145 ms
Execution time: 35983.419 ms
