Hash Join  (cost=120673.43..607803.57 rows=686419 width=0) (actual time=2322.285..15626.359 rows=3980885 loops=1)
  Hash Cond: (mi.movie_id = t.id)
  ->  Seq Scan on movie_info mi  (cost=0.00..309384.22 rows=14739122 width=4) (actual time=0.013..5957.401 rows=14835720 loops=1)
  ->  Hash  (cost=118741.47..118741.47 rows=117757 width=8) (actual time=2321.567..2321.567 rows=198973 loops=1)
        Buckets: 131072 (originally 131072)  Batches: 4 (originally 2)  Memory Usage: 3073kB
        ->  Hash Join  (cost=84523.79..118741.47 rows=117757 width=8) (actual time=1397.476..2254.075 rows=198973 loops=1)
              Hash Cond: (mi_idx.movie_id = t.id)
              ->  Seq Scan on movie_info_idx mi_idx  (cost=0.00..25185.44 rows=460978 width=4) (actual time=0.020..487.234 rows=459925 loops=1)
                    Filter: (info_type_id < 100)
                    Rows Removed by Filter: 920110
              ->  Hash  (cost=73925.90..73925.90 rows=645911 width=4) (actual time=1396.633..1396.633 rows=531583 loops=1)
                    Buckets: 131072  Batches: 16  Memory Usage: 2192kB
                    ->  Seq Scan on title t  (cost=0.00..73925.90 rows=645911 width=4) (actual time=0.026..1219.990 rows=531583 loops=1)
                          Filter: ((kind_id < 3) AND (production_year > 1965))
                          Rows Removed by Filter: 1996729
Planning time: 1.121 ms
Execution time: 16102.645 ms
