Seq Scan on movie_companies mc  (cost=0.00..57926.93 rows=1258578 width=0) (actual time=382.420..1139.361 rows=1274246 loops=1)
  Filter: ((company_id < 197988) AND (company_type_id < 2))
  Rows Removed by Filter: 1334883
Planning time: 0.334 ms
Execution time: 1306.188 ms
