Hash Join  (cost=73952.40..204388.06 rows=692162 width=0) (actual time=1196.831..4640.749 rows=970875 loops=1)
  Hash Cond: (mk.movie_id = t.id)
  ->  Seq Scan on movie_keyword mk  (cost=0.00..69693.30 rows=4523930 width=4) (actual time=0.019..1355.345 rows=4523930 loops=1)
  ->  Hash  (cost=67604.59..67604.59 rows=386865 width=4) (actual time=1195.945..1195.945 rows=381430 loops=1)
        Buckets: 131072  Batches: 8  Memory Usage: 2699kB
        ->  Seq Scan on title t  (cost=0.00..67604.59 rows=386865 width=4) (actual time=0.018..1066.230 rows=381430 loops=1)
              Filter: (production_year < 1971)
              Rows Removed by Filter: 2146882
Planning time: 1.511 ms
Execution time: 4755.844 ms
