Hash Join  (cost=103450.92..469021.97 rows=91511 width=0) (actual time=1813.811..8923.297 rows=431379 loops=1)
  Hash Cond: (mi.movie_id = t.id)
  ->  Seq Scan on movie_info mi  (cost=0.00..309384.22 rows=14739122 width=4) (actual time=0.013..3752.375 rows=14835720 loops=1)
  ->  Hash  (cost=103254.68..103254.68 rows=15699 width=8) (actual time=1809.899..1809.899 rows=23033 loops=1)
        Buckets: 32768 (originally 16384)  Batches: 1 (originally 1)  Memory Usage: 1156kB
        ->  Hash Join  (cost=74465.79..103254.68 rows=15699 width=8) (actual time=1074.832..1800.661 rows=23033 loops=1)
              Hash Cond: (mi_idx.movie_id = t.id)
              ->  Seq Scan on movie_info_idx mi_idx  (cost=0.00..25185.44 rows=919057 width=4) (actual time=0.015..522.556 rows=920110 loops=1)
                    Filter: (info_type_id > 99)
                    Rows Removed by Filter: 459925
              ->  Hash  (cost=73925.90..73925.90 rows=43191 width=4) (actual time=1073.518..1073.518 rows=29779 loops=1)
                    Buckets: 65536  Batches: 1  Memory Usage: 1559kB
                    ->  Seq Scan on title t  (cost=0.00..73925.90 rows=43191 width=4) (actual time=0.027..1061.784 rows=29779 loops=1)
                          Filter: ((kind_id < 4) AND (production_year = 2008))
                          Rows Removed by Filter: 2498533
Planning time: 1.174 ms
Execution time: 8980.477 ms
