Hash Join  (cost=83810.17..207868.29 rows=989806 width=0) (actual time=1703.312..5121.197 rows=2187180 loops=1)
  Hash Cond: (mk.movie_id = t.id)
  ->  Seq Scan on movie_keyword mk  (cost=0.00..81003.12 rows=2533848 width=4) (actual time=0.017..1636.364 rows=2527471 loops=1)
        Filter: (keyword_id < 6271)
        Rows Removed by Filter: 1996459
  ->  Hash  (cost=67604.59..67604.59 rows=987727 width=4) (actual time=1702.468..1702.468 rows=985048 loops=1)
        Buckets: 131072  Batches: 16  Memory Usage: 3197kB
        ->  Seq Scan on title t  (cost=0.00..67604.59 rows=987727 width=4) (actual time=0.012..1258.020 rows=985048 loops=1)
              Filter: (kind_id < 7)
              Rows Removed by Filter: 1543264
Planning time: 0.740 ms
Execution time: 5354.110 ms
