Nested Loop  (cost=0.43..788364.22 rows=1 width=0) (actual time=8477.907..12155.927 rows=1 loops=1)
  ->  Nested Loop  (cost=0.00..788355.89 rows=1 width=8) (actual time=8477.817..12155.834 rows=1 loops=1)
        Join Filter: (ci.movie_id = mk.movie_id)
        Rows Removed by Join Filter: 268099
        ->  Seq Scan on cast_info ci  (cost=0.00..705507.15 rows=500 width=4) (actual time=7450.194..11067.811 rows=70 loops=1)
              Filter: (person_id = 3748426)
              Rows Removed by Filter: 36244274
        ->  Materialize  (cost=0.00..81004.35 rows=246 width=4) (actual time=0.009..14.814 rows=3830 loops=70)
              ->  Seq Scan on movie_keyword mk  (cost=0.00..81003.12 rows=246 width=4) (actual time=0.547..1011.354 rows=3830 loops=1)
                    Filter: (keyword_id = 141)
                    Rows Removed by Filter: 4520100
  ->  Index Scan using title_pkey on title t  (cost=0.43..8.32 rows=1 width=4) (actual time=0.074..0.075 rows=1 loops=1)
        Index Cond: (id = ci.movie_id)
        Filter: ((kind_id < 7) AND (production_year > 0))
Planning time: 1.199 ms
Execution time: 12156.258 ms
