Seq Scan on movie_keyword mk  (cost=0.00..81003.12 rows=246 width=0) (actual time=5.335..1231.368 rows=611 loops=1)
  Filter: (keyword_id = 10712)
  Rows Removed by Filter: 4523319
Planning time: 0.368 ms
Execution time: 1231.713 ms
