Hash Join  (cost=81206.46..172401.13 rows=111433 width=0) (actual time=1343.902..3222.558 rows=331792 loops=1)
  Hash Cond: (mk.movie_id = t.id)
  ->  Seq Scan on movie_keyword mk  (cost=0.00..81003.12 rows=634993 width=4) (actual time=0.023..1391.202 rows=644711 loops=1)
        Filter: (keyword_id > 29028)
        Rows Removed by Filter: 3879219
  ->  Hash  (cost=73925.90..73925.90 rows=443724 width=4) (actual time=1343.214..1343.214 rows=536860 loops=1)
        Buckets: 131072  Batches: 8  Memory Usage: 3402kB
        ->  Seq Scan on title t  (cost=0.00..73925.90 rows=443724 width=4) (actual time=0.041..1169.859 rows=536860 loops=1)
              Filter: ((kind_id < 7) AND (production_year < 2002))
              Rows Removed by Filter: 1991452
Planning time: 0.698 ms
Execution time: 3264.163 ms
