Hash Join  (cost=81152.82..200333.16 rows=477315 width=0) (actual time=1418.816..4608.875 rows=1433603 loops=1)
  Hash Cond: (mk.movie_id = t.id)
  ->  Seq Scan on movie_keyword mk  (cost=0.00..81003.12 rows=2740019 width=4) (actual time=0.020..1638.651 rows=2730124 loops=1)
        Filter: (keyword_id > 2897)
        Rows Removed by Filter: 1793806
  ->  Hash  (cost=73925.90..73925.90 rows=440473 width=4) (actual time=1417.438..1417.438 rows=473918 loops=1)
        Buckets: 131072  Batches: 8  Memory Usage: 3125kB
        ->  Seq Scan on title t  (cost=0.00..73925.90 rows=440473 width=4) (actual time=674.475..1266.982 rows=473918 loops=1)
              Filter: ((production_year < 2008) AND (kind_id = 1))
              Rows Removed by Filter: 2054394
Planning time: 0.742 ms
Execution time: 4781.859 ms
