Hash Join  (cost=76960.10..1137975.89 rows=2648962 width=0) (actual time=1263.364..29158.543 rows=770707 loops=1)
  Hash Cond: (ci.movie_id = t.id)
  ->  Seq Scan on cast_info ci  (cost=0.00..614943.12 rows=36225612 width=4) (actual time=0.016..13165.498 rows=36244344 loops=1)
  ->  Hash  (cost=73925.90..73925.90 rows=184896 width=4) (actual time=1253.212..1253.212 rows=79092 loops=1)
        Buckets: 131072  Batches: 4  Memory Usage: 1718kB
        ->  Seq Scan on title t  (cost=0.00..73925.90 rows=184896 width=4) (actual time=0.017..1224.316 rows=79092 loops=1)
              Filter: ((production_year < 1965) AND (kind_id = 7))
              Rows Removed by Filter: 2449220
Planning time: 0.786 ms
Execution time: 29262.580 ms
