Hash Join  (cost=76405.93..136233.67 rows=6431 width=0) (actual time=1454.574..2248.978 rows=34286 loops=1)
  Hash Cond: (mc.movie_id = t.id)
  ->  Seq Scan on movie_companies mc  (cost=0.00..57926.93 rows=107599 width=4) (actual time=248.938..888.421 rows=212275 loops=1)
        Filter: ((company_id > 109940) AND (company_type_id = 2))
        Rows Removed by Filter: 2396854
  ->  Hash  (cost=73925.90..73925.90 rows=151122 width=4) (actual time=1204.639..1204.639 rows=251875 loops=1)
        Buckets: 131072 (originally 131072)  Batches: 4 (originally 2)  Memory Usage: 3239kB
        ->  Seq Scan on title t  (cost=0.00..73925.90 rows=151122 width=4) (actual time=0.025..1112.421 rows=251875 loops=1)
              Filter: ((kind_id < 7) AND (production_year < 1971))
              Rows Removed by Filter: 2276437
Planning time: 0.766 ms
Execution time: 2253.244 ms
