Hash Join  (cost=931981.11..1473184.36 rows=3166615 width=0) (actual time=17024.435..32390.342 rows=6608701 loops=1)
  Hash Cond: (mi.movie_id = t.id)
  ->  Seq Scan on movie_info mi  (cost=0.00..346232.03 rows=13929354 width=4) (actual time=0.016..7191.133 rows=14033580 loops=1)
        Filter: (info_type_id > 1)
        Rows Removed by Filter: 802140
  ->  Hash  (cost=922549.86..922549.86 rows=574820 width=8) (actual time=17023.455..17023.455 rows=725189 loops=1)
        Buckets: 131072 (originally 131072)  Batches: 16 (originally 8)  Memory Usage: 3073kB
        ->  Hash Join  (cost=102767.86..922549.86 rows=574820 width=8) (actual time=11898.894..16802.328 rows=725189 loops=1)
              Hash Cond: (ci.movie_id = t.id)
              ->  Seq Scan on cast_info ci  (cost=0.00..796071.18 rows=574820 width=4) (actual time=9973.639..13731.155 rows=725189 loops=1)
                    Filter: ((person_id > 1278565) AND (role_id = 5))
                    Rows Removed by Filter: 35519155
              ->  Hash  (cost=61283.27..61283.27 rows=2528527 width=4) (actual time=1924.231..1924.231 rows=2528312 loops=1)
                    Buckets: 131072  Batches: 64  Memory Usage: 2415kB
                    ->  Seq Scan on title t  (cost=0.00..61283.27 rows=2528527 width=4) (actual time=0.020..1041.898 rows=2528312 loops=1)
Planning time: 1.270 ms
Execution time: 33080.966 ms
