Hash Join  (cost=84689.96..156773.26 rows=332000 width=0) (actual time=1358.534..3270.113 rows=495472 loops=1)
  Hash Cond: (mc.movie_id = t.id)
  ->  Seq Scan on movie_companies mc  (cost=0.00..51404.11 rows=1279517 width=4) (actual time=0.031..1080.862 rows=1274246 loops=1)
        Filter: (company_type_id < 2)
        Rows Removed by Filter: 1334883
  ->  Hash  (cost=73925.90..73925.90 rows=656084 width=4) (actual time=1357.394..1357.394 rows=555560 loops=1)
        Buckets: 131072  Batches: 16  Memory Usage: 2241kB
        ->  Seq Scan on title t  (cost=0.00..73925.90 rows=656084 width=4) (actual time=0.018..1180.936 rows=555560 loops=1)
              Filter: ((kind_id < 7) AND (production_year > 1993))
              Rows Removed by Filter: 1972752
Planning time: 0.827 ms
Execution time: 3334.016 ms
