Hash Join  (cost=102767.86..178331.14 rows=322360 width=0) (actual time=2568.777..3645.370 rows=175219 loops=1)
  Hash Cond: (mc.movie_id = t.id)
  ->  Seq Scan on movie_companies mc  (cost=0.00..57926.93 rows=322360 width=4) (actual time=257.544..889.192 rows=175219 loops=1)
        Filter: ((company_id < 812) AND (company_type_id = 2))
        Rows Removed by Filter: 2433910
  ->  Hash  (cost=61283.27..61283.27 rows=2528527 width=4) (actual time=2310.069..2310.069 rows=2528312 loops=1)
        Buckets: 131072  Batches: 64  Memory Usage: 2415kB
        ->  Seq Scan on title t  (cost=0.00..61283.27 rows=2528527 width=4) (actual time=0.022..1156.670 rows=2528312 loops=1)
Planning time: 0.827 ms
Execution time: 3663.365 ms
