Hash Join  (cost=116949.60..193191.48 rows=86436 width=0) (actual time=2505.236..4439.501 rows=246385 loops=1)
  Hash Cond: (mc.movie_id = t.id)
  ->  Seq Scan on movie_companies mc  (cost=0.00..44881.29 rows=2609129 width=4) (actual time=0.010..949.816 rows=2609129 loops=1)
  ->  Hash  (cost=115574.52..115574.52 rows=83766 width=8) (actual time=2504.585..2504.585 rows=76581 loops=1)
        Buckets: 131072  Batches: 2  Memory Usage: 2511kB
        ->  Hash Join  (cost=76444.38..115574.52 rows=83766 width=8) (actual time=1495.261..2480.533 rows=76581 loops=1)
              Hash Cond: (mi_idx.movie_id = t.id)
              ->  Seq Scan on movie_info_idx mi_idx  (cost=0.00..21735.35 rows=1380035 width=4) (actual time=0.020..418.356 rows=1380035 loops=1)
              ->  Hash  (cost=73925.90..73925.90 rows=153478 width=4) (actual time=1494.004..1494.004 rows=134760 loops=1)
                    Buckets: 131072  Batches: 4  Memory Usage: 2216kB
                    ->  Seq Scan on title t  (cost=0.00..73925.90 rows=153478 width=4) (actual time=0.107..1123.827 rows=134760 loops=1)
                          Filter: ((kind_id < 7) AND (production_year > 2010))
                          Rows Removed by Filter: 2393552
Planning time: 1.131 ms
Execution time: 4471.671 ms
