Hash Join  (cost=230379.59..1062478.25 rows=868296 width=0) (actual time=11019.057..20739.439 rows=3960039 loops=1)
  Hash Cond: (ci.movie_id = t.id)
  ->  Seq Scan on cast_info ci  (cost=0.00..796071.18 rows=1992672 width=4) (actual time=5026.838..12363.266 rows=1203645 loops=1)
        Filter: ((person_id < 417476) AND (role_id > 2))
        Rows Removed by Filter: 35040699
  ->  Hash  (cost=212303.19..212303.19 rows=1101792 width=8) (actual time=5991.303..5991.303 rows=2435522 loops=1)
        Buckets: 131072 (originally 131072)  Batches: 64 (originally 16)  Memory Usage: 3985kB
        ->  Hash Join  (cost=83810.17..212303.19 rows=1101792 width=8) (actual time=1421.342..5261.313 rows=2435522 loops=1)
              Hash Cond: (mk.movie_id = t.id)
              ->  Seq Scan on movie_keyword mk  (cost=0.00..81003.12 rows=2820526 width=4) (actual time=0.036..1715.700 rows=2811578 loops=1)
                    Filter: (keyword_id < 8355)
                    Rows Removed by Filter: 1712352
              ->  Hash  (cost=67604.59..67604.59 rows=987727 width=4) (actual time=1420.139..1420.139 rows=985048 loops=1)
                    Buckets: 131072  Batches: 16  Memory Usage: 3197kB
                    ->  Seq Scan on title t  (cost=0.00..67604.59 rows=987727 width=4) (actual time=0.021..1102.370 rows=985048 loops=1)
                          Filter: (kind_id < 7)
                          Rows Removed by Filter: 1543264
Planning time: 1.227 ms
Execution time: 21151.316 ms
