Hash Join  (cost=481967.81..638528.94 rows=515753 width=0) (actual time=11390.215..15340.982 rows=1608374 loops=1)
  Hash Cond: (mk.movie_id = t.id)
  ->  Seq Scan on movie_keyword mk  (cost=0.00..69693.30 rows=4523930 width=4) (actual time=0.012..1381.802 rows=4523930 loops=1)
  ->  Hash  (cost=477237.48..477237.48 rows=288266 width=8) (actual time=11385.188..11385.188 rows=304754 loops=1)
        Buckets: 131072  Batches: 4  Memory Usage: 4032kB
        ->  Hash Join  (cost=74563.83..477237.48 rows=288266 width=8) (actual time=1182.174..11252.076 rows=304754 loops=1)
              Hash Cond: (mi.movie_id = t.id)
              ->  Seq Scan on movie_info mi  (cost=0.00..346232.03 rows=14282391 width=4) (actual time=0.018..6641.807 rows=14308956 loops=1)
                    Filter: (info_type_id < 103)
                    Rows Removed by Filter: 526764
              ->  Hash  (cost=73925.90..73925.90 rows=51034 width=4) (actual time=1176.756..1176.756 rows=37844 loops=1)
                    Buckets: 65536  Batches: 1  Memory Usage: 1843kB
                    ->  Seq Scan on title t  (cost=0.00..73925.90 rows=51034 width=4) (actual time=52.451..1161.410 rows=37844 loops=1)
                          Filter: ((production_year > 2002) AND (kind_id = 3))
                          Rows Removed by Filter: 2490468
Planning time: 1.190 ms
Execution time: 15503.676 ms
