Hash Join  (cost=492558.75..621536.86 rows=1085885 width=0) (actual time=9186.914..13980.534 rows=7272809 loops=1)
  Hash Cond: (mk.movie_id = t.id)
  ->  Seq Scan on movie_keyword mk  (cost=0.00..81003.12 rows=2888836 width=4) (actual time=0.022..1648.565 rows=2878344 loops=1)
        Filter: (keyword_id > 2497)
        Rows Removed by Filter: 1645586
  ->  Hash  (cost=476965.15..476965.15 rows=950448 width=8) (actual time=9184.306..9184.306 rows=1278326 loops=1)
        Buckets: 131072 (originally 131072)  Batches: 32 (originally 16)  Memory Usage: 3073kB
        ->  Hash Join  (cost=97066.09..476965.15 rows=950448 width=8) (actual time=3951.073..8810.014 rows=1278326 loops=1)
              Hash Cond: (mi.movie_id = t.id)
              ->  Seq Scan on movie_info mi  (cost=0.00..346232.03 rows=1338312 width=4) (actual time=2068.309..5321.949 rows=1401902 loops=1)
                    Filter: (info_type_id = 7)
                    Rows Removed by Filter: 13433818
              ->  Hash  (cost=67604.59..67604.59 rows=1795720 width=4) (actual time=1881.544..1881.544 rows=1794153 loops=1)
                    Buckets: 131072  Batches: 32  Memory Usage: 3001kB
                    ->  Seq Scan on title t  (cost=0.00..67604.59 rows=1795720 width=4) (actual time=0.028..1276.757 rows=1794153 loops=1)
                          Filter: (production_year < 2009)
                          Rows Removed by Filter: 734159
Planning time: 2.435 ms
Execution time: 14807.025 ms
