Seq Scan on movie_keyword mk  (cost=0.00..81003.12 rows=246 width=0) (actual time=1.149..1269.898 rows=2754 loops=1)
  Filter: (keyword_id = 5810)
  Rows Removed by Filter: 4521176
Planning time: 0.379 ms
Execution time: 1270.539 ms
