Hash Join  (cost=102767.86..212236.76 rows=2002510 width=0) (actual time=1901.410..4857.357 rows=1997385 loops=1)
  Hash Cond: (mc.movie_id = t.id)
  ->  Seq Scan on movie_companies mc  (cost=0.00..51404.11 rows=2002510 width=4) (actual time=0.033..1128.265 rows=1997385 loops=1)
        Filter: (company_id < 64490)
        Rows Removed by Filter: 611744
  ->  Hash  (cost=61283.27..61283.27 rows=2528527 width=4) (actual time=1899.817..1899.817 rows=2528312 loops=1)
        Buckets: 131072  Batches: 64  Memory Usage: 2415kB
        ->  Seq Scan on title t  (cost=0.00..61283.27 rows=2528527 width=4) (actual time=0.018..1042.857 rows=2528312 loops=1)
Planning time: 0.729 ms
Execution time: 5042.418 ms
