Nested Loop  (cost=0.43..797488.46 rows=136 width=0) (actual time=1508.726..13164.945 rows=25 loops=1)
  ->  Seq Scan on cast_info ci  (cost=0.00..796071.18 rows=168 width=4) (actual time=1508.589..13163.671 rows=25 loops=1)
        Filter: ((role_id > 3) AND (person_id = 876691))
        Rows Removed by Filter: 36244319
  ->  Index Scan using title_pkey on title t  (cost=0.43..8.43 rows=1 width=4) (actual time=0.047..0.047 rows=1 loops=25)
        Index Cond: (id = ci.movie_id)
        Filter: (production_year > 1972)
Planning time: 4.242 ms
Execution time: 13165.077 ms
