Hash Join  (cost=473126.95..607959.51 rows=1053053 width=0) (actual time=8547.120..13723.342 rows=8772322 loops=1)
  Hash Cond: (mk.movie_id = t.id)
  ->  Seq Scan on movie_keyword mk  (cost=0.00..69693.30 rows=4523930 width=4) (actual time=0.014..1443.490 rows=4523930 loops=1)
  ->  Hash  (cost=463469.76..463469.76 rows=588575 width=8) (actual time=8545.978..8545.978 rows=1509343 loops=1)
        Buckets: 131072 (originally 131072)  Batches: 32 (originally 8)  Memory Usage: 3073kB
        ->  Hash Join  (cost=89678.24..463469.76 rows=588575 width=8) (actual time=2948.982..8143.818 rows=1509343 loops=1)
              Hash Cond: (mi.movie_id = t.id)
              ->  Seq Scan on movie_info mi  (cost=0.00..346232.03 rows=1550064 width=4) (actual time=1387.630..5360.351 rows=1533909 loops=1)
                    Filter: (info_type_id = 3)
                    Rows Removed by Filter: 13301811
              ->  Hash  (cost=73925.90..73925.90 rows=960107 width=4) (actual time=1560.552..1560.552 rows=977778 loops=1)
                    Buckets: 131072  Batches: 16  Memory Usage: 3181kB
                    ->  Seq Scan on title t  (cost=0.00..73925.90 rows=960107 width=4) (actual time=0.029..1256.250 rows=977778 loops=1)
                          Filter: ((kind_id < 7) AND (production_year > 0))
                          Rows Removed by Filter: 1550534
Planning time: 1.164 ms
Execution time: 14543.950 ms
