Hash Join  (cost=231924.70..1061211.74 rows=721515 width=0) (actual time=8748.984..18199.378 rows=1793781 loops=1)
  Hash Cond: (ci.movie_id = t.id)
  ->  Seq Scan on cast_info ci  (cost=0.00..796071.18 rows=1928991 width=4) (actual time=4069.198..12616.819 rows=658583 loops=1)
        Filter: ((person_id < 1172344) AND (role_id > 8))
        Rows Removed by Filter: 35585761
  ->  Hash  (cost=216407.65..216407.65 rows=945764 width=8) (actual time=4678.512..4678.512 rows=957164 loops=1)
        Buckets: 131072  Batches: 16  Memory Usage: 3409kB
        ->  Hash Join  (cost=102767.86..216407.65 rows=945764 width=8) (actual time=1726.922..4375.914 rows=957164 loops=1)
              Hash Cond: (mk.movie_id = t.id)
              ->  Seq Scan on movie_keyword mk  (cost=0.00..81003.12 rows=945764 width=4) (actual time=0.047..1428.318 rows=957164 loops=1)
                    Filter: (keyword_id > 19805)
                    Rows Removed by Filter: 3566766
              ->  Hash  (cost=61283.27..61283.27 rows=2528527 width=4) (actual time=1725.296..1725.296 rows=2528312 loops=1)
                    Buckets: 131072  Batches: 64  Memory Usage: 2425kB
                    ->  Seq Scan on title t  (cost=0.00..61283.27 rows=2528527 width=4) (actual time=0.043..907.349 rows=2528312 loops=1)
Planning time: 3.404 ms
Execution time: 18402.523 ms
