Hash Join  (cost=151080.28..1268067.90 rows=8097639 width=0) (actual time=3882.613..39599.335 rows=19071236 loops=1)
  Hash Cond: (ci.movie_id = t.id)
  ->  Seq Scan on cast_info ci  (cost=0.00..614943.12 rows=36225612 width=4) (actual time=0.018..13359.368 rows=36244344 loops=1)
  ->  Hash  (cost=141807.15..141807.15 rows=565211 width=8) (actual time=3881.566..3881.566 rows=673861 loops=1)
        Buckets: 131072 (originally 131072)  Batches: 16 (originally 8)  Memory Usage: 3073kB
        ->  Hash Join  (cost=93117.31..141807.15 rows=565211 width=8) (actual time=2242.700..3689.168 rows=673861 loops=1)
              Hash Cond: (mi_idx.movie_id = t.id)
              ->  Seq Scan on movie_info_idx mi_idx  (cost=0.00..25185.44 rows=919057 width=4) (actual time=0.020..526.084 rows=920110 loops=1)
                    Filter: (info_type_id > 99)
                    Rows Removed by Filter: 459925
              ->  Hash  (cost=67604.59..67604.59 rows=1555018 width=4) (actual time=2241.501..2241.501 rows=1551727 loops=1)
                    Buckets: 131072  Batches: 32  Memory Usage: 2728kB
                    ->  Seq Scan on title t  (cost=0.00..67604.59 rows=1555018 width=4) (actual time=0.020..1214.330 rows=1551727 loops=1)
                          Filter: (production_year < 2007)
                          Rows Removed by Filter: 976585
Planning time: 1.157 ms
Execution time: 41637.740 ms
