Hash Join  (cost=81575.34..881712.64 rows=30855 width=0) (actual time=9244.525..13642.713 rows=32984 loops=1)
  Hash Cond: (ci.movie_id = t.id)
  ->  Seq Scan on cast_info ci  (cost=0.00..796071.18 rows=167350 width=4) (actual time=7915.441..12219.979 rows=86532 loops=1)
        Filter: ((person_id < 647201) AND (role_id = 5))
        Rows Removed by Filter: 36157812
  ->  Hash  (cost=73925.90..73925.90 rows=466195 width=4) (actual time=1328.317..1328.317 rows=516974 loops=1)
        Buckets: 131072  Batches: 8  Memory Usage: 3310kB
        ->  Seq Scan on title t  (cost=0.00..73925.90 rows=466195 width=4) (actual time=0.022..1169.322 rows=516974 loops=1)
              Filter: ((kind_id < 3) AND (production_year < 2007))
              Rows Removed by Filter: 2011338
Planning time: 3.282 ms
Execution time: 13645.563 ms
