Hash Join  (cost=130013.29..484369.72 rows=34731 width=0) (actual time=3472.281..9253.696 rows=24317 loops=1)
  Hash Cond: (mi.movie_id = t.id)
  ->  Seq Scan on movie_info mi  (cost=0.00..346232.03 rows=2073893 width=4) (actual time=333.509..5633.615 rows=2091068 loops=1)
        Filter: (info_type_id < 3)
        Rows Removed by Filter: 12744652
  ->  Hash  (cost=129483.97..129483.97 rows=42345 width=8) (actual time=3138.306..3138.306 rows=26294 loops=1)
        Buckets: 65536  Batches: 1  Memory Usage: 1540kB
        ->  Hash Join  (cost=71408.55..129483.97 rows=42345 width=8) (actual time=1932.049..3127.412 rows=26294 loops=1)
              Hash Cond: (mc.movie_id = t.id)
              ->  Seq Scan on movie_companies mc  (cost=0.00..51404.11 rows=461830 width=4) (actual time=0.040..940.090 rows=458080 loops=1)
                    Filter: (company_id < 394)
                    Rows Removed by Filter: 2151049
              ->  Hash  (cost=67604.59..67604.59 rows=231837 width=4) (actual time=1930.728..1930.728 rows=231649 loops=1)
                    Buckets: 131072  Batches: 4  Memory Usage: 3076kB
                    ->  Seq Scan on title t  (cost=0.00..67604.59 rows=231837 width=4) (actual time=0.022..1136.614 rows=231649 loops=1)
                          Filter: (production_year > 2011)
                          Rows Removed by Filter: 2296663
Planning time: 1.111 ms
Execution time: 9257.842 ms
