Hash Join  (cost=52284.29..805515.52 rows=136 width=0) (actual time=9073.879..15392.518 rows=146 loops=1)
  Hash Cond: (ci.movie_id = t.id)
  ->  Seq Scan on cast_info ci  (cost=0.00..705507.15 rows=12726058 width=4) (actual time=8182.868..12993.669 rows=12670688 loops=1)
        Filter: (role_id < 2)
        Rows Removed by Filter: 23573656
  ->  Hash  (cost=52283.95..52283.95 rows=27 width=8) (actual time=848.998..848.998 rows=73 loops=1)
        Buckets: 1024  Batches: 1  Memory Usage: 11kB
        ->  Nested Loop  (cost=0.43..52283.95 rows=27 width=8) (actual time=19.008..848.845 rows=73 loops=1)
              ->  Seq Scan on movie_companies mc  (cost=0.00..51404.11 rows=104 width=4) (actual time=3.745..821.523 rows=339 loops=1)
                    Filter: (company_id = 6778)
                    Rows Removed by Filter: 2608790
              ->  Index Scan using title_pkey on title t  (cost=0.43..8.45 rows=1 width=4) (actual time=0.079..0.079 rows=0 loops=339)
                    Index Cond: (id = mc.movie_id)
                    Filter: (kind_id = 1)
                    Rows Removed by Filter: 1
Planning time: 1.168 ms
Execution time: 15392.769 ms
