Hash Join  (cost=185153.96..560658.93 rows=268713 width=0) (actual time=3711.863..10609.229 rows=2362738 loops=1)
  Hash Cond: (mi.movie_id = t.id)
  ->  Seq Scan on movie_info mi  (cost=0.00..346232.03 rows=2194617 width=4) (actual time=0.013..5370.646 rows=2233850 loops=1)
        Filter: (info_type_id > 16)
        Rows Removed by Filter: 12601870
  ->  Hash  (cost=180073.98..180073.98 rows=309598 width=8) (actual time=3711.166..3711.166 rows=187232 loops=1)
        Buckets: 131072  Batches: 8  Memory Usage: 1932kB
        ->  Hash Join  (cost=82423.69..180073.98 rows=309598 width=8) (actual time=1607.253..3654.819 rows=187232 loops=1)
              Hash Cond: (mk.movie_id = t.id)
              ->  Seq Scan on movie_keyword mk  (cost=0.00..81003.12 rows=866717 width=4) (actual time=0.020..1414.676 rows=866635 loops=1)
                    Filter: (keyword_id < 825)
                    Rows Removed by Filter: 3657295
              ->  Hash  (cost=67604.59..67604.59 rows=903208 width=4) (actual time=1606.518..1606.518 rows=904491 loops=1)
                    Buckets: 131072  Batches: 16  Memory Usage: 3017kB
                    ->  Seq Scan on title t  (cost=0.00..67604.59 rows=903208 width=4) (actual time=0.016..1316.304 rows=904491 loops=1)
                          Filter: (production_year > 2006)
                          Rows Removed by Filter: 1623821
Planning time: 1.075 ms
Execution time: 10877.481 ms
