Seq Scan on movie_companies mc  (cost=0.00..57926.93 rows=65376 width=0) (actual time=0.033..853.901 rows=127534 loops=1)
  Filter: ((company_id > 142475) AND (company_type_id > 1))
  Rows Removed by Filter: 2481595
Planning time: 0.311 ms
Execution time: 869.437 ms
