Seq Scan on cast_info ci  (cost=0.00..705507.15 rows=17534898 width=0) (actual time=0.033..10440.723 rows=17656480 loops=1)
  Filter: (person_id > 1850090)
  Rows Removed by Filter: 18587864
Planning time: 0.341 ms
Execution time: 12480.359 ms
