Hash Join  (cost=102917.37..156236.68 rows=191791 width=144) (actual time=2882.761..3743.826 rows=103160 loops=1)
  Hash Cond: (mi_idx.movie_id = t.id)
  ->  Seq Scan on movie_info_idx mi_idx  (cost=0.00..25185.44 rows=454124 width=50) (actual time=0.013..614.695 rows=459925 loops=1)
        Filter: (info_type_id = 100)
        Rows Removed by Filter: 920110
  ->  Hash  (cost=73925.90..73925.90 rows=1067877 width=94) (actual time=2589.501..2589.501 rows=1163273 loops=1)
        Buckets: 32768  Batches: 64  Memory Usage: 2328kB
        ->  Seq Scan on title t  (cost=0.00..73925.90 rows=1067877 width=94) (actual time=0.015..1787.770 rows=1163273 loops=1)
              Filter: ((production_year > 1990) AND (kind_id = 7))
              Rows Removed by Filter: 1365039
Planning time: 0.679 ms
Execution time: 3749.292 ms
