Seq Scan on cast_info ci  (cost=0.00..705507.15 rows=19026244 width=0) (actual time=0.030..11472.102 rows=18928642 loops=1)
  Filter: (person_id < 1886612)
  Rows Removed by Filter: 17315702
Planning time: 0.344 ms
Execution time: 13702.312 ms
