Hash Join  (cost=93408.25..1085429.09 rows=6203069 width=0) (actual time=12450.330..22106.781 rows=4291246 loops=1)
  Hash Cond: (ci.movie_id = t.id)
  ->  Seq Scan on cast_info ci  (cost=0.00..796071.18 rows=9972594 width=4) (actual time=10629.871..15370.286 rows=7091285 loops=1)
        Filter: ((person_id > 750697) AND (role_id = 1))
        Rows Removed by Filter: 29153059
  ->  Hash  (cost=67604.59..67604.59 rows=1572773 width=4) (actual time=1818.449..1818.449 rows=1570568 loops=1)
        Buckets: 131072  Batches: 32  Memory Usage: 2751kB
        ->  Seq Scan on title t  (cost=0.00..67604.59 rows=1572773 width=4) (actual time=0.037..1308.660 rows=1570568 loops=1)
              Filter: (production_year > 1996)
              Rows Removed by Filter: 957744
Planning time: 10.387 ms
Execution time: 22587.933 ms
