Seq Scan on movie_keyword mk  (cost=0.00..81003.12 rows=1279140 width=0) (actual time=0.015..1439.728 rows=1288578 loops=1)
  Filter: (keyword_id > 13720)
  Rows Removed by Filter: 3235352
Planning time: 0.295 ms
Execution time: 1603.598 ms
