Hash Join  (cost=102767.86..974417.66 rows=2730377 width=0) (actual time=6045.923..20497.531 rows=2724295 loops=1)
  Hash Cond: (ci.movie_id = t.id)
  ->  Seq Scan on cast_info ci  (cost=0.00..796071.18 rows=2730377 width=4) (actual time=3966.181..15869.644 rows=2724295 loops=1)
        Filter: ((person_id > 6508) AND (role_id = 4))
        Rows Removed by Filter: 33520049
  ->  Hash  (cost=61283.27..61283.27 rows=2528527 width=4) (actual time=2077.990..2077.990 rows=2528312 loops=1)
        Buckets: 131072  Batches: 64  Memory Usage: 2415kB
        ->  Seq Scan on title t  (cost=0.00..61283.27 rows=2528527 width=4) (actual time=0.018..993.342 rows=2528312 loops=1)
Planning time: 0.790 ms
Execution time: 20812.754 ms
