Seq Scan on cast_info ci  (cost=0.00..796071.18 rows=4443693 width=0) (actual time=200.937..12927.533 rows=2730708 loops=1)
  Filter: ((person_id < 956625) AND (role_id > 2))
  Rows Removed by Filter: 33513636
Planning time: 0.323 ms
Execution time: 13267.357 ms
