Seq Scan on cast_info ci  (cost=0.00..705507.15 rows=9282940 width=0) (actual time=404.616..11871.796 rows=9135315 loops=1)
  Filter: (person_id < 899534)
  Rows Removed by Filter: 27109029
Planning time: 0.398 ms
Execution time: 12994.650 ms
