Seq Scan on movie_keyword mk  (cost=0.00..81003.12 rows=246 width=0) (actual time=13.877..1184.807 rows=168 loops=1)
  Filter: (keyword_id = 5310)
  Rows Removed by Filter: 4523762
Planning time: 0.332 ms
Execution time: 1185.016 ms
