Hash Join  (cost=172757.58..938965.16 rows=410247 width=0) (actual time=3443.924..17412.406 rows=843371 loops=1)
  Hash Cond: (ci.movie_id = t.id)
  ->  Seq Scan on cast_info ci  (cost=0.00..705507.15 rows=4822121 width=4) (actual time=0.145..11617.554 rows=4708751 loops=1)
        Filter: (person_id < 456817)
        Rows Removed by Filter: 31535593
  ->  Hash  (cost=169227.62..169227.62 rows=215117 width=8) (actual time=3442.887..3442.887 rows=215203 loops=1)
        Buckets: 131072  Batches: 4  Memory Usage: 3135kB
        ->  Hash Join  (cost=102767.86..169227.62 rows=215117 width=8) (actual time=1969.092..3379.456 rows=215203 loops=1)
              Hash Cond: (mc.movie_id = t.id)
              ->  Seq Scan on movie_companies mc  (cost=0.00..51404.11 rows=215117 width=4) (actual time=0.033..853.093 rows=215203 loops=1)
                    Filter: (company_id < 73)
                    Rows Removed by Filter: 2393926
              ->  Hash  (cost=61283.27..61283.27 rows=2528527 width=4) (actual time=1968.278..1968.278 rows=2528312 loops=1)
                    Buckets: 131072  Batches: 64  Memory Usage: 2415kB
                    ->  Seq Scan on title t  (cost=0.00..61283.27 rows=2528527 width=4) (actual time=0.016..1119.395 rows=2528312 loops=1)
Planning time: 1.163 ms
Execution time: 17518.700 ms
