Nested Loop  (cost=0.43..709673.15 rows=21 width=0) (actual time=7526.145..10680.774 rows=30 loops=1)
  ->  Seq Scan on cast_info ci  (cost=0.00..705507.15 rows=500 width=4) (actual time=7525.908..10672.938 rows=103 loops=1)
        Filter: (person_id = 3835222)
        Rows Removed by Filter: 36244241
  ->  Index Scan using title_pkey on title t  (cost=0.43..8.32 rows=1 width=4) (actual time=0.075..0.075 rows=0 loops=103)
        Index Cond: (id = ci.movie_id)
        Filter: (production_year = 2006)
        Rows Removed by Filter: 1
Planning time: 0.858 ms
Execution time: 10680.899 ms
