Hash Join  (cost=108812.38..205112.01 rows=89370 width=0) (actual time=2079.496..4335.378 rows=349441 loops=1)
  Hash Cond: (mk.movie_id = t.id)
  ->  Seq Scan on movie_keyword mk  (cost=0.00..81003.12 rows=3840748 width=4) (actual time=0.010..1561.497 rows=3842277 loops=1)
        Filter: (keyword_id > 561)
        Rows Removed by Filter: 681653
  ->  Hash  (cost=108076.93..108076.93 rows=58836 width=8) (actual time=2078.037..2078.037 rows=61574 loops=1)
        Buckets: 65536  Batches: 1  Memory Usage: 2918kB
        ->  Hash Join  (cost=69374.09..108076.93 rows=58836 width=8) (actual time=1115.354..2057.225 rows=61574 loops=1)
              Hash Cond: (mi_idx.movie_id = t.id)
              ->  Seq Scan on movie_info_idx mi_idx  (cost=0.00..21735.35 rows=1380035 width=4) (actual time=0.010..445.016 rows=1380035 loops=1)
              ->  Hash  (cost=67604.59..67604.59 rows=107800 width=4) (actual time=1114.741..1114.741 rows=108429 loops=1)
                    Buckets: 131072  Batches: 2  Memory Usage: 2931kB
                    ->  Seq Scan on title t  (cost=0.00..67604.59 rows=107800 width=4) (actual time=0.009..1074.814 rows=108429 loops=1)
                          Filter: (production_year = 2006)
                          Rows Removed by Filter: 2419883
Planning time: 0.810 ms
Execution time: 4379.299 ms
