Seq Scan on movie_keyword mk  (cost=0.00..81003.12 rows=246 width=0) (actual time=0.077..1111.767 rows=1677 loops=1)
  Filter: (keyword_id = 51)
  Rows Removed by Filter: 4522253
Planning time: 0.356 ms
Execution time: 1112.334 ms
