Seq Scan on movie_keyword mk  (cost=0.00..81003.12 rows=1365156 width=0) (actual time=0.023..1347.242 rows=1382424 loops=1)
  Filter: (keyword_id > 12080)
  Rows Removed by Filter: 3141506
Planning time: 1.185 ms
Execution time: 1520.192 ms
