Seq Scan on movie_companies mc  (cost=0.00..51404.11 rows=1832195 width=0) (actual time=0.028..1057.243 rows=1841178 loops=1)
  Filter: (company_id > 1610)
  Rows Removed by Filter: 767951
Planning time: 0.342 ms
Execution time: 1293.460 ms
