Seq Scan on movie_companies mc  (cost=0.00..51404.11 rows=805268 width=0) (actual time=0.020..941.091 rows=800376 loops=1)
  Filter: (company_id < 1749)
  Rows Removed by Filter: 1808753
Planning time: 0.279 ms
Execution time: 1042.314 ms
