Hash Join  (cost=114570.55..872441.15 rows=708144 width=0) (actual time=2082.751..19391.253 rows=1147358 loops=1)
  Hash Cond: (ci.movie_id = t.id)
  ->  Seq Scan on cast_info ci  (cost=0.00..614943.12 rows=36225612 width=4) (actual time=0.020..8051.279 rows=36244344 loops=1)
  ->  Hash  (cost=113952.70..113952.70 rows=49428 width=8) (actual time=2082.375..2082.375 rows=38610 loops=1)
        Buckets: 65536  Batches: 1  Memory Usage: 2021kB
        ->  Hash Join  (cost=75411.94..113952.70 rows=49428 width=8) (actual time=1138.690..2069.302 rows=38610 loops=1)
              Hash Cond: (mi_idx.movie_id = t.id)
              ->  Seq Scan on movie_info_idx mi_idx  (cost=0.00..21735.35 rows=1380035 width=4) (actual time=0.015..475.849 rows=1380035 loops=1)
              ->  Hash  (cost=73925.90..73925.90 rows=90563 width=4) (actual time=1137.952..1137.952 rows=80990 loops=1)
                    Buckets: 131072  Batches: 2  Memory Usage: 2450kB
                    ->  Seq Scan on title t  (cost=0.00..73925.90 rows=90563 width=4) (actual time=0.033..1109.253 rows=80990 loops=1)
                          Filter: ((kind_id < 7) AND (production_year > 2011))
                          Rows Removed by Filter: 2447322
Planning time: 0.779 ms
Execution time: 19540.733 ms
