Hash Join  (cost=76067.34..158454.49 rows=532263 width=0) (actual time=1428.319..3939.014 rows=839922 loops=1)
  Hash Cond: (mc.movie_id = t.id)
  ->  Seq Scan on movie_companies mc  (cost=0.00..44881.29 rows=2609129 width=4) (actual time=0.018..880.848 rows=2609129 loops=1)
  ->  Hash  (cost=67604.59..67604.59 rows=515820 width=4) (actual time=1427.429..1427.429 rows=508955 loops=1)
        Buckets: 131072  Batches: 8  Memory Usage: 3255kB
        ->  Seq Scan on title t  (cost=0.00..67604.59 rows=515820 width=4) (actual time=0.019..1262.207 rows=508955 loops=1)
              Filter: (production_year < 1980)
              Rows Removed by Filter: 2019357
Planning time: 1.310 ms
Execution time: 4044.689 ms
