Nested Loop  (cost=0.43..83072.29 rows=9 width=0) (actual time=571.262..1355.095 rows=1 loops=1)
  ->  Seq Scan on movie_keyword mk  (cost=0.00..81003.12 rows=246 width=4) (actual time=354.954..1354.737 rows=5 loops=1)
        Filter: (keyword_id = 38331)
        Rows Removed by Filter: 4523925
  ->  Index Scan using title_pkey on title t  (cost=0.43..8.40 rows=1 width=4) (actual time=0.064..0.064 rows=0 loops=5)
        Index Cond: (id = mk.movie_id)
        Filter: (kind_id = 2)
        Rows Removed by Filter: 1
Planning time: 5.339 ms
Execution time: 1355.215 ms
