Hash Join  (cost=202589.17..242350.36 rows=120570 width=0) (actual time=3995.716..5414.731 rows=496769 loops=1)
  Hash Cond: (mi_idx.movie_id = t.id)
  ->  Seq Scan on movie_info_idx mi_idx  (cost=0.00..21735.35 rows=1380035 width=4) (actual time=0.019..497.982 rows=1380035 loops=1)
  ->  Hash  (cost=198964.79..198964.79 rows=220911 width=8) (actual time=3994.960..3994.960 rows=235503 loops=1)
        Buckets: 131072  Batches: 4  Memory Usage: 3339kB
        ->  Hash Join  (cost=102767.86..198964.79 rows=220911 width=8) (actual time=1998.836..3923.290 rows=235503 loops=1)
              Hash Cond: (mk.movie_id = t.id)
              ->  Seq Scan on movie_keyword mk  (cost=0.00..81003.12 rows=220911 width=4) (actual time=0.031..1321.344 rows=235503 loops=1)
                    Filter: (keyword_id < 189)
                    Rows Removed by Filter: 4288427
              ->  Hash  (cost=61283.27..61283.27 rows=2528527 width=4) (actual time=1996.864..1996.864 rows=2528312 loops=1)
                    Buckets: 131072  Batches: 64  Memory Usage: 2425kB
                    ->  Seq Scan on title t  (cost=0.00..61283.27 rows=2528527 width=4) (actual time=0.024..1116.744 rows=2528312 loops=1)
Planning time: 1.138 ms
Execution time: 5479.142 ms
