Hash Join  (cost=262749.00..1351470.90 rows=9870378 width=0) (actual time=5990.657..43862.507 rows=41359938 loops=1)
  Hash Cond: (ci.movie_id = t.id)
  ->  Seq Scan on cast_info ci  (cost=0.00..796071.18 rows=14616588 width=4) (actual time=0.017..17069.134 rows=19782654 loops=1)
        Filter: ((person_id > 1345421) AND (role_id > 1))
        Rows Removed by Filter: 16461690
  ->  Hash  (cost=234735.52..234735.52 rows=1707479 width=8) (actual time=5989.157..5989.157 rows=1714373 loops=1)
        Buckets: 131072  Batches: 32  Memory Usage: 3104kB
        ->  Hash Join  (cost=102767.86..234735.52 rows=1707479 width=8) (actual time=1958.039..5489.177 rows=1714373 loops=1)
              Hash Cond: (mk.movie_id = t.id)
              ->  Seq Scan on movie_keyword mk  (cost=0.00..81003.12 rows=1707479 width=4) (actual time=0.016..1611.338 rows=1714373 loops=1)
                    Filter: (keyword_id < 2738)
                    Rows Removed by Filter: 2809557
              ->  Hash  (cost=61283.27..61283.27 rows=2528527 width=4) (actual time=1956.608..1956.608 rows=2528312 loops=1)
                    Buckets: 131072  Batches: 64  Memory Usage: 2425kB
                    ->  Seq Scan on title t  (cost=0.00..61283.27 rows=2528527 width=4) (actual time=0.015..1103.483 rows=2528312 loops=1)
Planning time: 1.214 ms
Execution time: 48375.653 ms
