Nested Loop  (cost=0.43..83071.67 rows=246 width=0) (actual time=0.797..1254.177 rows=995 loops=1)
  ->  Seq Scan on movie_keyword mk  (cost=0.00..81003.12 rows=246 width=4) (actual time=0.740..1221.842 rows=995 loops=1)
        Filter: (keyword_id = 1780)
        Rows Removed by Filter: 4522935
  ->  Index Only Scan using title_pkey on title t  (cost=0.43..8.40 rows=1 width=4) (actual time=0.031..0.031 rows=1 loops=995)
        Index Cond: (id = mk.movie_id)
        Heap Fetches: 995
Planning time: 0.812 ms
Execution time: 1254.646 ms
