Hash Join  (cost=95545.94..817446.19 rows=19119 width=0) (actual time=1697.312..14701.656 rows=83524 loops=1)
  Hash Cond: (ci.movie_id = t.id)
  ->  Seq Scan on cast_info ci  (cost=0.00..705507.15 rows=4320508 width=4) (actual time=0.012..12085.392 rows=4323018 loops=1)
        Filter: (role_id = 10)
        Rows Removed by Filter: 31921326
  ->  Hash  (cost=95406.08..95406.08 rows=11189 width=8) (actual time=1696.898..1696.898 rows=13845 loops=1)
        Buckets: 16384  Batches: 1  Memory Usage: 669kB
        ->  Hash Join  (cost=68365.25..95406.08 rows=11189 width=8) (actual time=1050.206..1688.744 rows=13845 loops=1)
              Hash Cond: (mi_idx.movie_id = t.id)
              ->  Seq Scan on movie_info_idx mi_idx  (cost=0.00..25185.44 rows=464934 width=4) (actual time=0.010..477.792 rows=460185 loops=1)
                    Filter: (info_type_id > 100)
                    Rows Removed by Filter: 919850
              ->  Hash  (cost=67604.59..67604.59 rows=60853 width=4) (actual time=1049.800..1049.800 rows=62568 loops=1)
                    Buckets: 65536  Batches: 1  Memory Usage: 2712kB
                    ->  Seq Scan on title t  (cost=0.00..67604.59 rows=60853 width=4) (actual time=0.048..1024.159 rows=62568 loops=1)
                          Filter: (production_year = 2002)
                          Rows Removed by Filter: 2465744
Planning time: 0.794 ms
Execution time: 14714.575 ms
