Hash Join  (cost=128188.88..888254.89 rows=374596 width=0) (actual time=6059.124..18942.578 rows=1225615 loops=1)
  Hash Cond: (ci.movie_id = t.id)
  ->  Seq Scan on cast_info ci  (cost=0.00..705507.15 rows=4320508 width=4) (actual time=2538.782..12887.363 rows=4323018 loops=1)
        Filter: (role_id = 10)
        Rows Removed by Filter: 31921326
  ->  Hash  (cost=124591.53..124591.53 rows=219228 width=8) (actual time=3519.487..3519.487 rows=179890 loops=1)
        Buckets: 131072  Batches: 4  Memory Usage: 2772kB
        ->  Hash Join  (cost=87180.69..124591.53 rows=219228 width=8) (actual time=2438.474..3460.908 rows=179890 loops=1)
              Hash Cond: (mi_idx.movie_id = t.id)
              ->  Seq Scan on movie_info_idx mi_idx  (cost=0.00..25185.44 rows=464566 width=4) (actual time=0.030..487.617 rows=459925 loops=1)
                    Filter: (info_type_id = 101)
                    Rows Removed by Filter: 920110
              ->  Hash  (cost=67604.59..67604.59 rows=1193208 width=4) (actual time=2437.374..2437.374 rows=1192518 loops=1)
                    Buckets: 131072  Batches: 16  Memory Usage: 3646kB
                    ->  Seq Scan on title t  (cost=0.00..67604.59 rows=1193208 width=4) (actual time=0.016..1252.228 rows=1192518 loops=1)
                          Filter: (production_year > 2003)
                          Rows Removed by Filter: 1335794
Planning time: 1.217 ms
Execution time: 19080.478 ms
