Hash Join  (cost=28268.89..124107.53 rows=272 width=0) (actual time=463.424..2615.812 rows=23917 loops=1)
  Hash Cond: (mk.movie_id = t.id)
  ->  Seq Scan on movie_keyword mk  (cost=0.00..81003.12 rows=3955412 width=4) (actual time=0.019..1596.180 rows=3958347 loops=1)
        Filter: (keyword_id < 32490)
        Rows Removed by Filter: 565583
  ->  Hash  (cost=28266.72..28266.72 rows=174 width=8) (actual time=462.412..462.412 rows=196 loops=1)
        Buckets: 1024  Batches: 1  Memory Usage: 16kB
        ->  Nested Loop  (cost=0.43..28266.72 rows=174 width=8) (actual time=408.807..462.315 rows=196 loops=1)
              ->  Seq Scan on movie_info_idx mi_idx  (cost=0.00..25185.44 rows=368 width=4) (actual time=408.724..455.403 rows=260 loops=1)
                    Filter: (info_type_id > 101)
                    Rows Removed by Filter: 1379775
              ->  Index Scan using title_pkey on title t  (cost=0.43..8.36 rows=1 width=4) (actual time=0.026..0.026 rows=1 loops=260)
                    Index Cond: (id = mi_idx.movie_id)
                    Filter: (production_year < 2003)
                    Rows Removed by Filter: 0
Planning time: 1.172 ms
Execution time: 2618.991 ms
