Hash Join  (cost=178677.10..314725.69 rows=1152855 width=0) (actual time=4674.542..6919.043 rows=497848 loops=1)
  Hash Cond: (mk.movie_id = t.id)
  ->  Seq Scan on movie_keyword mk  (cost=0.00..69693.30 rows=4523930 width=4) (actual time=0.029..1387.320 rows=4523930 loops=1)
  ->  Hash  (cost=168104.64..168104.64 rows=644357 width=8) (actual time=3534.525..3534.525 rows=350975 loops=1)
        Buckets: 131072  Batches: 16  Memory Usage: 1880kB
        ->  Hash Join  (cost=84171.54..168104.64 rows=644357 width=8) (actual time=1433.946..3437.137 rows=350975 loops=1)
              Hash Cond: (mc.movie_id = t.id)
              ->  Seq Scan on movie_companies mc  (cost=0.00..44881.29 rows=2609129 width=4) (actual time=0.023..834.904 rows=2609129 loops=1)
              ->  Hash  (cost=73925.90..73925.90 rows=624451 width=4) (actual time=1340.375..1340.375 rows=521141 loops=1)
                    Buckets: 131072  Batches: 16  Memory Usage: 2168kB
                    ->  Seq Scan on title t  (cost=0.00..73925.90 rows=624451 width=4) (actual time=0.018..1174.290 rows=521141 loops=1)
                          Filter: ((production_year < 2000) AND (kind_id = 7))
                          Rows Removed by Filter: 2007171
Planning time: 1.360 ms
Execution time: 6979.502 ms
