Hash Join  (cost=450545.54..1515536.55 rows=3035978 width=0) (actual time=7923.772..45413.904 rows=32490494 loops=1)
  Hash Cond: (ci.movie_id = t.id)
  ->  Seq Scan on cast_info ci  (cost=0.00..614943.12 rows=36225612 width=4) (actual time=0.014..13463.115 rows=36244344 loops=1)
  ->  Hash  (cost=447068.66..447068.66 rows=211910 width=8) (actual time=7922.817..7922.817 rows=356697 loops=1)
        Buckets: 131072 (originally 131072)  Batches: 8 (originally 4)  Memory Usage: 3073kB
        ->  Hash Join  (cost=88195.18..447068.66 rows=211910 width=8) (actual time=3236.991..7822.617 rows=356697 loops=1)
              Hash Cond: (mi.movie_id = t.id)
              ->  Seq Scan on movie_info mi  (cost=0.00..346232.03 rows=616095 width=4) (actual time=1492.980..5664.607 rows=598457 loops=1)
                    Filter: (info_type_id = 15)
                    Rows Removed by Filter: 14237263
              ->  Hash  (cost=73925.90..73925.90 rows=869702 width=4) (actual time=1686.661..1686.661 rows=896788 loops=1)
                    Buckets: 131072  Batches: 16  Memory Usage: 3007kB
                    ->  Seq Scan on title t  (cost=0.00..73925.90 rows=869702 width=4) (actual time=0.031..1235.993 rows=896788 loops=1)
                          Filter: ((kind_id < 7) AND (production_year < 2012))
                          Rows Removed by Filter: 1631524
Planning time: 1.277 ms
Execution time: 49013.668 ms
