Hash Join  (cost=263115.61..440497.68 rows=3647582 width=0) (actual time=6039.670..15671.580 rows=27013703 loops=1)
  Hash Cond: (mk.movie_id = t.id)
  ->  Seq Scan on movie_keyword mk  (cost=0.00..81003.12 rows=3534900 width=4) (actual time=0.020..1897.789 rows=3525529 loops=1)
        Filter: (keyword_id < 18607)
        Rows Removed by Filter: 998401
  ->  Hash  (cost=220309.49..220309.49 rows=2609129 width=8) (actual time=6038.415..6038.415 rows=2609129 loops=1)
        Buckets: 131072  Batches: 64  Memory Usage: 2691kB
        ->  Hash Join  (cost=102767.86..220309.49 rows=2609129 width=8) (actual time=1850.740..5305.029 rows=2609129 loops=1)
              Hash Cond: (mc.movie_id = t.id)
              ->  Seq Scan on movie_companies mc  (cost=0.00..44881.29 rows=2609129 width=4) (actual time=0.013..896.117 rows=2609129 loops=1)
              ->  Hash  (cost=61283.27..61283.27 rows=2528527 width=4) (actual time=1849.229..1849.229 rows=2528312 loops=1)
                    Buckets: 131072  Batches: 64  Memory Usage: 2415kB
                    ->  Seq Scan on title t  (cost=0.00..61283.27 rows=2528527 width=4) (actual time=0.021..1012.309 rows=2528312 loops=1)
Planning time: 2.254 ms
Execution time: 18574.137 ms
