Nested Loop  (cost=0.43..797958.22 rows=136 width=0) (actual time=12908.000..13591.868 rows=1 loops=1)
  ->  Seq Scan on cast_info ci  (cost=0.00..796071.18 rows=224 width=4) (actual time=12907.926..13591.788 rows=1 loops=1)
        Filter: ((role_id > 2) AND (person_id = 3520948))
        Rows Removed by Filter: 36244343
  ->  Index Scan using title_pkey on title t  (cost=0.43..8.41 rows=1 width=4) (actual time=0.053..0.054 rows=1 loops=1)
        Index Cond: (id = ci.movie_id)
        Filter: (kind_id = 7)
Planning time: 0.870 ms
Execution time: 13592.000 ms
