Hash Join  (cost=156487.41..240898.88 rows=425014 width=0) (actual time=3680.632..6223.713 rows=1221072 loops=1)
  Hash Cond: (mc.movie_id = t.id)
  ->  Seq Scan on movie_companies mc  (cost=0.00..51404.11 rows=2331257 width=4) (actual time=0.022..1139.054 rows=2329050 loops=1)
        Filter: (company_id < 95948)
        Rows Removed by Filter: 280079
  ->  Hash  (cost=148924.19..148924.19 rows=460978 width=8) (actual time=3679.802..3679.802 rows=459925 loops=1)
        Buckets: 131072  Batches: 8  Memory Usage: 3275kB
        ->  Hash Join  (cost=102767.86..148924.19 rows=460978 width=8) (actual time=1974.741..3538.279 rows=459925 loops=1)
              Hash Cond: (mi_idx.movie_id = t.id)
              ->  Seq Scan on movie_info_idx mi_idx  (cost=0.00..25185.44 rows=460978 width=4) (actual time=0.014..467.958 rows=459925 loops=1)
                    Filter: (info_type_id < 100)
                    Rows Removed by Filter: 920110
              ->  Hash  (cost=61283.27..61283.27 rows=2528527 width=4) (actual time=1972.965..1972.965 rows=2528312 loops=1)
                    Buckets: 131072  Batches: 64  Memory Usage: 2415kB
                    ->  Seq Scan on title t  (cost=0.00..61283.27 rows=2528527 width=4) (actual time=0.018..1116.335 rows=2528312 loops=1)
Planning time: 1.138 ms
Execution time: 6358.685 ms
