Hash Join  (cost=75898.18..200520.46 rows=215024 width=0) (actual time=1193.234..3921.428 rows=10498 loops=1)
  Hash Cond: (mk.movie_id = t.id)
  ->  Seq Scan on movie_keyword mk  (cost=0.00..69693.30 rows=4523930 width=4) (actual time=0.016..1462.577 rows=4523930 loops=1)
  ->  Hash  (cost=73925.90..73925.90 rows=120182 width=4) (actual time=1188.122..1188.122 rows=17916 loops=1)
        Buckets: 131072  Batches: 2  Memory Usage: 1346kB
        ->  Seq Scan on title t  (cost=0.00..73925.90 rows=120182 width=4) (actual time=270.271..1179.412 rows=17916 loops=1)
              Filter: ((production_year < 1955) AND (kind_id = 7))
              Rows Removed by Filter: 2510396
Planning time: 0.776 ms
Execution time: 3922.957 ms
