Nested Loop  (cost=0.43..52283.95 rows=27 width=0) (actual time=298.384..795.672 rows=7 loops=1)
  ->  Seq Scan on movie_companies mc  (cost=0.00..51404.11 rows=104 width=4) (actual time=298.313..795.369 rows=7 loops=1)
        Filter: (company_id = 16295)
        Rows Removed by Filter: 2609122
  ->  Index Scan using title_pkey on title t  (cost=0.43..8.45 rows=1 width=4) (actual time=0.039..0.040 rows=1 loops=7)
        Index Cond: (id = mc.movie_id)
        Filter: (kind_id = 1)
Planning time: 0.811 ms
Execution time: 795.790 ms
