Hash Join  (cost=679261.13..2695659.86 rows=78019450 width=0) (actual time=14757.527..80475.096 rows=117094515 loops=1)
  Hash Cond: (ci.movie_id = t.id)
  ->  Seq Scan on cast_info ci  (cost=0.00..614943.12 rows=36225612 width=4) (actual time=0.036..14275.565 rows=36244344 loops=1)
  ->  Hash  (cost=589916.72..589916.72 rows=5445713 width=8) (actual time=14756.023..14756.023 rows=5410520 loops=1)
        Buckets: 131072  Batches: 128  Memory Usage: 2669kB
        ->  Hash Join  (cost=102767.86..589916.72 rows=5445713 width=8) (actual time=2012.486..13249.581 rows=5410520 loops=1)
              Hash Cond: (mi.movie_id = t.id)
              ->  Seq Scan on movie_info mi  (cost=0.00..346232.03 rows=5445713 width=4) (actual time=0.018..6187.350 rows=5410520 loops=1)
                    Filter: (info_type_id < 6)
                    Rows Removed by Filter: 9425200
              ->  Hash  (cost=61283.27..61283.27 rows=2528527 width=4) (actual time=2011.694..2011.694 rows=2528312 loops=1)
                    Buckets: 131072  Batches: 64  Memory Usage: 2425kB
                    ->  Seq Scan on title t  (cost=0.00..61283.27 rows=2528527 width=4) (actual time=0.022..1121.231 rows=2528312 loops=1)
Planning time: 1.195 ms
Execution time: 93470.419 ms
