Seq Scan on cast_info ci  (cost=0.00..796071.18 rows=176 width=0) (actual time=4161.184..10574.387 rows=5 loops=1)
  Filter: ((person_id = 654417) AND (role_id = 1))
  Rows Removed by Filter: 36244339
Planning time: 0.418 ms
Execution time: 10574.504 ms
