Hash Join  (cost=101272.94..899477.60 rows=2142 width=0) (actual time=3261.241..13089.230 rows=999 loops=1)
  Hash Cond: (ci.movie_id = t.id)
  ->  Seq Scan on cast_info ci  (cost=0.00..796071.18 rows=563217 width=4) (actual time=1344.045..11140.390 rows=191567 loops=1)
        Filter: ((person_id < 78795) AND (role_id > 1))
        Rows Removed by Filter: 36052777
  ->  Hash  (cost=101152.75..101152.75 rows=9615 width=8) (actual time=1915.082..1915.082 rows=4464 loops=1)
        Buckets: 16384  Batches: 1  Memory Usage: 303kB
        ->  Hash Join  (cost=74146.12..101152.75 rows=9615 width=8) (actual time=1255.049..1913.427 rows=4464 loops=1)
              Hash Cond: (mi_idx.movie_id = t.id)
              ->  Seq Scan on movie_info_idx mi_idx  (cost=0.00..21735.35 rows=1380035 width=4) (actual time=5.666..348.443 rows=1380035 loops=1)
              ->  Hash  (cost=73925.90..73925.90 rows=17617 width=4) (actual time=1248.525..1248.525 rows=22021 loops=1)
                    Buckets: 32768  Batches: 1  Memory Usage: 1031kB
                    ->  Seq Scan on title t  (cost=0.00..73925.90 rows=17617 width=4) (actual time=0.037..1238.837 rows=22021 loops=1)
                          Filter: ((kind_id < 2) AND (production_year > 2012))
                          Rows Removed by Filter: 2506291
Planning time: 2.254 ms
Execution time: 13089.687 ms
