Hash Join  (cost=94699.36..153761.27 rows=484 width=0) (actual time=1683.018..2603.164 rows=1552 loops=1)
  Hash Cond: (mc.movie_id = t.id)
  ->  Seq Scan on movie_companies mc  (cost=0.00..57926.93 rows=301370 width=4) (actual time=0.030..876.690 rows=162531 loops=1)
        Filter: ((company_id < 677) AND (company_type_id > 1))
        Rows Removed by Filter: 2446598
  ->  Hash  (cost=94648.62..94648.62 rows=4059 width=8) (actual time=1681.692..1681.692 rows=10706 loops=1)
        Buckets: 16384 (originally 4096)  Batches: 1 (originally 1)  Memory Usage: 547kB
        ->  Hash Join  (cost=67697.55..94648.62 rows=4059 width=8) (actual time=1054.979..1677.342 rows=10706 loops=1)
              Hash Cond: (mi_idx.movie_id = t.id)
              ->  Seq Scan on movie_info_idx mi_idx  (cost=0.00..21735.35 rows=1380035 width=4) (actual time=0.027..309.213 rows=1380035 loops=1)
              ->  Hash  (cost=67604.59..67604.59 rows=7437 width=4) (actual time=1054.801..1054.801 rows=14456 loops=1)
                    Buckets: 16384 (originally 8192)  Batches: 1 (originally 1)  Memory Usage: 637kB
                    ->  Seq Scan on title t  (cost=0.00..67604.59 rows=7437 width=4) (actual time=0.031..1047.980 rows=14456 loops=1)
                          Filter: (production_year = 1981)
                          Rows Removed by Filter: 2513856
Planning time: 1.258 ms
Execution time: 2603.688 ms
