Hash Join  (cost=101096.09..925648.03 rows=71381 width=0) (actual time=1744.184..22166.310 rows=209214 loops=1)
  Hash Cond: (ci.movie_id = t.id)
  ->  Seq Scan on cast_info ci  (cost=0.00..705507.15 rows=31554923 width=4) (actual time=0.015..15176.687 rows=31605208 loops=1)
        Filter: (role_id < 10)
        Rows Removed by Filter: 4639136
  ->  Hash  (cost=101024.59..101024.59 rows=5720 width=8) (actual time=1743.587..1743.587 rows=7646 loops=1)
        Buckets: 8192  Batches: 1  Memory Usage: 363kB
        ->  Hash Join  (cost=74056.90..101024.59 rows=5720 width=8) (actual time=1138.578..1740.750 rows=7646 loops=1)
              Hash Cond: (mi_idx.movie_id = t.id)
              ->  Seq Scan on movie_info_idx mi_idx  (cost=0.00..21735.35 rows=1380035 width=4) (actual time=0.026..316.350 rows=1380035 loops=1)
              ->  Hash  (cost=73925.90..73925.90 rows=10480 width=4) (actual time=1138.361..1138.361 rows=5587 loops=1)
                    Buckets: 16384  Batches: 1  Memory Usage: 325kB
                    ->  Seq Scan on title t  (cost=0.00..73925.90 rows=10480 width=4) (actual time=0.061..1135.719 rows=5587 loops=1)
                          Filter: ((kind_id < 2) AND (production_year = 1995))
                          Rows Removed by Filter: 2522725
Planning time: 4.396 ms
Execution time: 22198.746 ms
