Seq Scan on cast_info ci  (cost=0.00..796071.18 rows=5469333 width=0) (actual time=3199.284..15929.996 rows=7450394 loops=1)
  Filter: ((person_id > 880349) AND (role_id = 2))
  Rows Removed by Filter: 28793950
Planning time: 3.477 ms
Execution time: 16875.343 ms
