Seq Scan on movie_keyword mk  (cost=0.00..81003.12 rows=246 width=0) (actual time=32.024..1092.193 rows=81 loops=1)
  Filter: (keyword_id = 34708)
  Rows Removed by Filter: 4523849
Planning time: 0.358 ms
Execution time: 1092.365 ms
