Hash Join  (cost=83074.74..876728.08 rows=2286 width=0) (actual time=4612.440..19592.830 rows=5055 loops=1)
  Hash Cond: (ci.movie_id = t.id)
  ->  Seq Scan on cast_info ci  (cost=0.00..705507.15 rows=23499554 width=4) (actual time=3284.363..14948.138 rows=23573656 loops=1)
        Filter: (role_id > 1)
        Rows Removed by Filter: 12670688
  ->  Hash  (cost=83071.67..83071.67 rows=246 width=8) (actual time=1326.311..1326.311 rows=193 loops=1)
        Buckets: 1024  Batches: 1  Memory Usage: 16kB
        ->  Nested Loop  (cost=0.43..83071.67 rows=246 width=8) (actual time=0.763..1326.066 rows=193 loops=1)
              ->  Seq Scan on movie_keyword mk  (cost=0.00..81003.12 rows=246 width=4) (actual time=0.639..1318.395 rows=193 loops=1)
                    Filter: (keyword_id = 9913)
                    Rows Removed by Filter: 4523737
              ->  Index Only Scan using title_pkey on title t  (cost=0.43..8.40 rows=1 width=4) (actual time=0.036..0.036 rows=1 loops=193)
                    Index Cond: (id = mk.movie_id)
                    Heap Fetches: 193
Planning time: 1.206 ms
Execution time: 19595.027 ms
