Hash Join  (cost=214475.80..737647.46 rows=2337482 width=0) (actual time=4519.600..18207.309 rows=5390624 loops=1)
  Hash Cond: (mi.movie_id = t.id)
  ->  Seq Scan on movie_info mi  (cost=0.00..309384.22 rows=14739122 width=4) (actual time=0.023..5973.138 rows=14835720 loops=1)
  ->  Hash  (cost=207896.30..207896.30 rows=401000 width=8) (actual time=4518.648..4518.648 rows=147497 loops=1)
        Buckets: 131072  Batches: 8  Memory Usage: 1713kB
        ->  Hash Join  (cost=71408.55..207896.30 rows=401000 width=8) (actual time=1165.292..4476.206 rows=147497 loops=1)
              Hash Cond: (mk.movie_id = t.id)
              ->  Seq Scan on movie_keyword mk  (cost=0.00..81003.12 rows=4373499 width=4) (actual time=0.013..1806.642 rows=4360169 loops=1)
                    Filter: (keyword_id > 117)
                    Rows Removed by Filter: 163761
              ->  Hash  (cost=67604.59..67604.59 rows=231837 width=4) (actual time=1163.641..1163.641 rows=231649 loops=1)
                    Buckets: 131072  Batches: 4  Memory Usage: 3082kB
                    ->  Seq Scan on title t  (cost=0.00..67604.59 rows=231837 width=4) (actual time=0.012..1082.209 rows=231649 loops=1)
                          Filter: (production_year > 2011)
                          Rows Removed by Filter: 2296663
Planning time: 0.831 ms
Execution time: 18770.249 ms
