Seq Scan on movie_companies mc  (cost=0.00..51404.11 rows=104 width=0) (actual time=0.284..753.689 rows=84 loops=1)
  Filter: (company_id = 17761)
  Rows Removed by Filter: 2609045
Planning time: 0.374 ms
Execution time: 753.797 ms
