Hash Join  (cost=83074.74..110002.76 rows=45 width=0) (actual time=1269.367..1789.530 rows=248 loops=1)
  Hash Cond: (mi_idx.movie_id = t.id)
  ->  Seq Scan on movie_info_idx mi_idx  (cost=0.00..25185.44 rows=464566 width=4) (actual time=0.022..452.282 rows=459925 loops=1)
        Filter: (info_type_id = 101)
        Rows Removed by Filter: 920110
  ->  Hash  (cost=83071.67..83071.67 rows=246 width=8) (actual time=1265.820..1265.820 rows=384 loops=1)
        Buckets: 1024  Batches: 1  Memory Usage: 23kB
        ->  Nested Loop  (cost=0.43..83071.67 rows=246 width=8) (actual time=7.722..1265.475 rows=384 loops=1)
              ->  Seq Scan on movie_keyword mk  (cost=0.00..81003.12 rows=246 width=4) (actual time=7.633..1246.499 rows=384 loops=1)
                    Filter: (keyword_id = 10290)
                    Rows Removed by Filter: 4523546
              ->  Index Only Scan using title_pkey on title t  (cost=0.43..8.40 rows=1 width=4) (actual time=0.047..0.047 rows=1 loops=384)
                    Index Cond: (id = mk.movie_id)
                    Heap Fetches: 384
Planning time: 1.172 ms
Execution time: 1789.730 ms
