Seq Scan on cast_info ci  (cost=0.00..705507.15 rows=3047391 width=0) (actual time=0.025..9489.999 rows=2963296 loops=1)
  Filter: (person_id < 288476)
  Rows Removed by Filter: 33281048
Planning time: 0.303 ms
Execution time: 9850.007 ms
