Hash Join  (cost=102767.86..210124.92 rows=684673 width=0) (actual time=2461.780..4843.752 rows=690768 loops=1)
  Hash Cond: (mk.movie_id = t.id)
  ->  Seq Scan on movie_keyword mk  (cost=0.00..81003.12 rows=684673 width=4) (actual time=0.022..1403.945 rows=690768 loops=1)
        Filter: (keyword_id > 27274)
        Rows Removed by Filter: 3833162
  ->  Hash  (cost=61283.27..61283.27 rows=2528527 width=4) (actual time=2460.458..2460.458 rows=2528312 loops=1)
        Buckets: 131072  Batches: 64  Memory Usage: 2425kB
        ->  Seq Scan on title t  (cost=0.00..61283.27 rows=2528527 width=4) (actual time=0.019..1061.719 rows=2528312 loops=1)
Planning time: 0.755 ms
Execution time: 4935.049 ms
