Hash Join  (cost=73954.59..130168.50 rows=1161 width=0) (actual time=1681.361..2287.323 rows=2352 loops=1)
  Hash Cond: (mc.movie_id = t.id)
  ->  Seq Scan on movie_companies mc  (cost=0.00..51404.11 rows=1279517 width=4) (actual time=385.537..1054.088 rows=1274246 loops=1)
        Filter: (company_type_id < 2)
        Rows Removed by Filter: 1334883
  ->  Hash  (cost=73925.90..73925.90 rows=2295 width=4) (actual time=1022.848..1022.848 rows=3114 loops=1)
        Buckets: 4096  Batches: 1  Memory Usage: 142kB
        ->  Seq Scan on title t  (cost=0.00..73925.90 rows=2295 width=4) (actual time=267.166..1021.283 rows=3114 loops=1)
              Filter: ((kind_id = 4) AND (production_year = 1999))
              Rows Removed by Filter: 2525198
Planning time: 1.842 ms
Execution time: 2287.899 ms
