Hash Join  (cost=89289.29..534304.68 rows=2307670 width=0) (actual time=2390.891..11708.978 rows=3829323 loops=1)
  Hash Cond: (mi.movie_id = t.id)
  ->  Seq Scan on movie_info mi  (cost=0.00..346232.03 rows=6231111 width=4) (actual time=757.429..6021.274 rows=6223494 loops=1)
        Filter: (info_type_id > 8)
        Rows Removed by Filter: 8612226
  ->  Hash  (cost=73925.90..73925.90 rows=936431 width=4) (actual time=1632.269..1632.269 rows=910262 loops=1)
        Buckets: 131072  Batches: 16  Memory Usage: 3034kB
        ->  Seq Scan on title t  (cost=0.00..73925.90 rows=936431 width=4) (actual time=0.049..1341.555 rows=910262 loops=1)
              Filter: ((kind_id < 7) AND (production_year > 1915))
              Rows Removed by Filter: 1618050
Planning time: 0.732 ms
Execution time: 12144.182 ms
