Seq Scan on movie_companies mc  (cost=0.00..57926.93 rows=53 width=0) (actual time=4.233..877.892 rows=20 loops=1)
  Filter: ((company_type_id > 1) AND (company_id = 84361))
  Rows Removed by Filter: 2609109
Planning time: 0.363 ms
Execution time: 878.003 ms
