Nested Loop  (cost=0.43..52283.69 rows=104 width=0) (actual time=287.342..773.178 rows=173 loops=1)
  ->  Seq Scan on movie_companies mc  (cost=0.00..51404.11 rows=104 width=4) (actual time=287.181..767.694 rows=173 loops=1)
        Filter: (company_id = 14570)
        Rows Removed by Filter: 2608956
  ->  Index Only Scan using title_pkey on title t  (cost=0.43..8.45 rows=1 width=4) (actual time=0.030..0.030 rows=1 loops=173)
        Index Cond: (id = mc.movie_id)
        Heap Fetches: 173
Planning time: 0.732 ms
Execution time: 773.309 ms
