Nested Loop  (cost=25190.47..106244.60 rows=1 width=0) (actual time=751.916..1698.041 rows=33 loops=1)
  ->  Hash Join  (cost=25190.04..106236.22 rows=1 width=8) (actual time=751.849..1695.864 rows=33 loops=1)
        Hash Cond: (mk.movie_id = mi_idx.movie_id)
        ->  Seq Scan on movie_keyword mk  (cost=0.00..81003.12 rows=246 width=4) (actual time=0.034..1280.802 rows=5916 loops=1)
              Filter: (keyword_id = 807)
              Rows Removed by Filter: 4518014
        ->  Hash  (cost=25185.44..25185.44 rows=368 width=4) (actual time=412.943..412.943 rows=260 loops=1)
              Buckets: 1024  Batches: 1  Memory Usage: 18kB
              ->  Seq Scan on movie_info_idx mi_idx  (cost=0.00..25185.44 rows=368 width=4) (actual time=379.762..412.853 rows=260 loops=1)
                    Filter: (info_type_id > 101)
                    Rows Removed by Filter: 1379775
  ->  Index Scan using title_pkey on title t  (cost=0.43..8.36 rows=1 width=4) (actual time=0.059..0.060 rows=1 loops=33)
        Index Cond: (id = mi_idx.movie_id)
        Filter: (kind_id = 1)
Planning time: 0.927 ms
Execution time: 1698.196 ms
