Hash Join  (cost=156649.15..235139.52 rows=346686 width=0) (actual time=3545.137..6192.807 rows=1027525 loops=1)
  Hash Cond: (mc.movie_id = t.id)
  ->  Seq Scan on movie_companies mc  (cost=0.00..51404.11 rows=1885441 width=4) (actual time=0.025..1083.572 rows=1881370 loops=1)
        Filter: (company_id < 40969)
        Rows Removed by Filter: 727759
  ->  Hash  (cost=149020.47..149020.47 rows=464934 width=8) (actual time=3544.274..3544.274 rows=460185 loops=1)
        Buckets: 131072  Batches: 8  Memory Usage: 3276kB
        ->  Hash Join  (cost=102767.86..149020.47 rows=464934 width=8) (actual time=2111.043..3415.932 rows=460185 loops=1)
              Hash Cond: (mi_idx.movie_id = t.id)
              ->  Seq Scan on movie_info_idx mi_idx  (cost=0.00..25185.44 rows=464934 width=4) (actual time=0.016..523.571 rows=460185 loops=1)
                    Filter: (info_type_id > 100)
                    Rows Removed by Filter: 919850
              ->  Hash  (cost=61283.27..61283.27 rows=2528527 width=4) (actual time=2109.905..2109.905 rows=2528312 loops=1)
                    Buckets: 131072  Batches: 64  Memory Usage: 2415kB
                    ->  Seq Scan on title t  (cost=0.00..61283.27 rows=2528527 width=4) (actual time=0.012..1270.405 rows=2528312 loops=1)
Planning time: 1.273 ms
Execution time: 6329.646 ms
