Hash Join  (cost=337304.35..2029380.17 rows=50855961 width=0) (actual time=8024.204..80535.982 rows=174590044 loops=1)
  Hash Cond: (ci.movie_id = t.id)
  ->  Seq Scan on cast_info ci  (cost=0.00..614943.12 rows=36225612 width=4) (actual time=0.019..13967.217 rows=36244344 loops=1)
  ->  Hash  (cost=279065.88..279065.88 rows=3549717 width=8) (actual time=8022.813..8022.813 rows=3543931 loops=1)
        Buckets: 131072  Batches: 64  Memory Usage: 3208kB
        ->  Hash Join  (cost=102767.86..279065.88 rows=3549717 width=8) (actual time=1954.288..7009.809 rows=3543931 loops=1)
              Hash Cond: (mk.movie_id = t.id)
              ->  Seq Scan on movie_keyword mk  (cost=0.00..81003.12 rows=3549717 width=4) (actual time=0.016..1737.547 rows=3543931 loops=1)
                    Filter: (keyword_id > 917)
                    Rows Removed by Filter: 979999
              ->  Hash  (cost=61283.27..61283.27 rows=2528527 width=4) (actual time=1952.323..1952.323 rows=2528312 loops=1)
                    Buckets: 131072  Batches: 64  Memory Usage: 2425kB
                    ->  Seq Scan on title t  (cost=0.00..61283.27 rows=2528527 width=4) (actual time=0.022..1069.207 rows=2528312 loops=1)
Planning time: 1.131 ms
Execution time: 98822.162 ms
