Hash Join  (cost=890338.04..929134.34 rows=64282 width=0) (actual time=17190.334..18075.766 rows=106594 loops=1)
  Hash Cond: (mi_idx.movie_id = t.id)
  ->  Seq Scan on movie_info_idx mi_idx  (cost=0.00..21735.35 rows=1380035 width=4) (actual time=0.010..422.666 rows=1380035 loops=1)
  ->  Hash  (cost=888404.80..888404.80 rows=117779 width=8) (actual time=17189.738..17189.738 rows=54672 loops=1)
        Buckets: 131072  Batches: 2  Memory Usage: 2093kB
        ->  Hash Join  (cost=83810.17..888404.80 rows=117779 width=8) (actual time=3981.595..17172.493 rows=54672 loops=1)
              Hash Cond: (ci.movie_id = t.id)
              ->  Seq Scan on cast_info ci  (cost=0.00..796071.18 rows=301508 width=4) (actual time=2531.736..15479.333 rows=112884 loops=1)
                    Filter: ((person_id < 3159711) AND (role_id > 10))
                    Rows Removed by Filter: 36131460
              ->  Hash  (cost=67604.59..67604.59 rows=987727 width=4) (actual time=1448.818..1448.818 rows=985048 loops=1)
                    Buckets: 131072  Batches: 16  Memory Usage: 3188kB
                    ->  Seq Scan on title t  (cost=0.00..67604.59 rows=987727 width=4) (actual time=0.028..1146.696 rows=985048 loops=1)
                          Filter: (kind_id < 7)
                          Rows Removed by Filter: 1543264
Planning time: 0.889 ms
Execution time: 18090.036 ms
