Nested Loop  (cost=0.43..83071.67 rows=246 width=0) (actual time=1.302..1528.315 rows=2584 loops=1)
  ->  Seq Scan on movie_keyword mk  (cost=0.00..81003.12 rows=246 width=4) (actual time=1.259..1387.827 rows=2584 loops=1)
        Filter: (keyword_id = 3244)
        Rows Removed by Filter: 4521346
  ->  Index Only Scan using title_pkey on title t  (cost=0.43..8.40 rows=1 width=4) (actual time=0.053..0.053 rows=1 loops=2584)
        Index Cond: (id = mk.movie_id)
        Heap Fetches: 2584
Planning time: 0.570 ms
Execution time: 1529.271 ms
