Hash Join  (cost=1018504.83..4943205.78 rows=210975242 width=0) (actual time=25704.826..182254.913 rows=460032522 loops=1)
  Hash Cond: (ci.movie_id = t.id)
  ->  Seq Scan on cast_info ci  (cost=0.00..705507.15 rows=36193241 width=4) (actual time=0.012..17945.628 rows=36199776 loops=1)
        Filter: (person_id < 4055152)
        Rows Removed by Filter: 44568
  ->  Hash  (cost=776690.81..776690.81 rows=14739122 width=8) (actual time=25702.089..25702.089 rows=14835720 loops=1)
        Buckets: 131072  Batches: 256  Memory Usage: 3268kB
        ->  Hash Join  (cost=102767.86..776690.81 rows=14739122 width=8) (actual time=1891.944..20800.412 rows=14835720 loops=1)
              Hash Cond: (mi.movie_id = t.id)
              ->  Seq Scan on movie_info mi  (cost=0.00..309384.22 rows=14739122 width=4) (actual time=0.032..6280.754 rows=14835720 loops=1)
              ->  Hash  (cost=61283.27..61283.27 rows=2528527 width=4) (actual time=1890.387..1890.387 rows=2528312 loops=1)
                    Buckets: 131072  Batches: 64  Memory Usage: 2425kB
                    ->  Seq Scan on title t  (cost=0.00..61283.27 rows=2528527 width=4) (actual time=0.012..1048.575 rows=2528312 loops=1)
Planning time: 1.147 ms
Execution time: 232946.141 ms
