Seq Scan on cast_info ci  (cost=0.00..796071.18 rows=1132636 width=0) (actual time=3288.304..12638.305 rows=3723830 loops=1)
  Filter: ((person_id > 2955005) AND (role_id > 8))
  Rows Removed by Filter: 32520514
Planning time: 0.254 ms
Execution time: 13114.580 ms
