Hash Join  (cost=175609.72..716989.80 rows=3183097 width=0) (actual time=4098.227..25825.208 rows=29338143 loops=1)
  Hash Cond: (mi.movie_id = t.id)
  ->  Seq Scan on movie_info mi  (cost=0.00..346232.03 rows=13929354 width=4) (actual time=0.015..7331.550 rows=14033580 loops=1)
        Filter: (info_type_id > 1)
        Rows Removed by Filter: 802140
  ->  Hash  (cost=166129.07..166129.07 rows=577812 width=8) (actual time=4097.067..4097.067 rows=863703 loops=1)
        Buckets: 131072 (originally 131072)  Batches: 16 (originally 8)  Memory Usage: 3156kB
        ->  Hash Join  (cost=83113.43..166129.07 rows=577812 width=8) (actual time=1407.857..3833.978 rows=863703 loops=1)
              Hash Cond: (mc.movie_id = t.id)
              ->  Seq Scan on movie_companies mc  (cost=0.00..44881.29 rows=2609129 width=4) (actual time=0.021..830.987 rows=2609129 loops=1)
              ->  Hash  (cost=73925.90..73925.90 rows=559962 width=4) (actual time=1407.031..1407.031 rows=477167 loops=1)
                    Buckets: 131072  Batches: 8  Memory Usage: 3118kB
                    ->  Seq Scan on title t  (cost=0.00..73925.90 rows=559962 width=4) (actual time=0.025..1252.580 rows=477167 loops=1)
                          Filter: ((kind_id < 7) AND (production_year > 1999))
                          Rows Removed by Filter: 2051145
Planning time: 1.149 ms
Execution time: 29133.340 ms
