Hash Join  (cost=83751.15..167319.77 rows=617909 width=0) (actual time=1510.168..3918.087 rows=922607 loops=1)
  Hash Cond: (mc.movie_id = t.id)
  ->  Seq Scan on movie_companies mc  (cost=0.00..44881.29 rows=2609129 width=4) (actual time=0.020..923.130 rows=2609129 loops=1)
  ->  Hash  (cost=73925.90..73925.90 rows=598820 width=4) (actual time=1509.419..1509.419 rows=481913 loops=1)
        Buckets: 131072  Batches: 8  Memory Usage: 3155kB
        ->  Seq Scan on title t  (cost=0.00..73925.90 rows=598820 width=4) (actual time=215.945..1357.269 rows=481913 loops=1)
              Filter: ((production_year > 1954) AND (kind_id = 1))
              Rows Removed by Filter: 2046399
Planning time: 9.309 ms
Execution time: 4025.008 ms
