Hash Join  (cost=233027.64..786003.67 rows=6857407 width=0) (actual time=5455.953..36757.394 rows=73471567 loops=1)
  Hash Cond: (mi.movie_id = t.id)
  ->  Seq Scan on movie_info mi  (cost=0.00..309384.22 rows=14739122 width=4) (actual time=0.013..6073.851 rows=14835720 loops=1)
  ->  Hash  (cost=213726.60..213726.60 rows=1176403 width=8) (actual time=5454.742..5454.742 rows=1530617 loops=1)
        Buckets: 131072 (originally 131072)  Batches: 32 (originally 16)  Memory Usage: 3073kB
        ->  Hash Join  (cost=86241.46..213726.60 rows=1176403 width=8) (actual time=1573.343..4964.625 rows=1530617 loops=1)
              Hash Cond: (mk.movie_id = t.id)
              ->  Seq Scan on movie_keyword mk  (cost=0.00..81003.12 rows=2618663 width=4) (actual time=0.028..1572.186 rows=2608208 loops=1)
                    Filter: (keyword_id < 7078)
                    Rows Removed by Filter: 1915722
              ->  Hash  (cost=67604.59..67604.59 rows=1135910 width=4) (actual time=1572.358..1572.358 rows=1133355 loops=1)
                    Buckets: 131072  Batches: 16  Memory Usage: 3523kB
                    ->  Seq Scan on title t  (cost=0.00..67604.59 rows=1135910 width=4) (actual time=0.022..1203.986 rows=1133355 loops=1)
                          Filter: (production_year < 2002)
                          Rows Removed by Filter: 1394957
Planning time: 1.126 ms
Execution time: 44977.560 ms
