Hash Join  (cost=98137.04..902168.27 rows=25132 width=0) (actual time=10688.108..13342.518 rows=117988 loops=1)
  Hash Cond: (ci.movie_id = t.id)
  ->  Seq Scan on cast_info ci  (cost=0.00..796071.18 rows=34147 width=4) (actual time=8722.775..10966.883 rows=153213 loops=1)
        Filter: ((person_id > 4004648) AND (role_id = 10))
        Rows Removed by Filter: 36091131
  ->  Hash  (cost=67604.59..67604.59 rows=1860996 width=4) (actual time=1963.835..1963.835 rows=1865487 loops=1)
        Buckets: 131072  Batches: 32  Memory Usage: 3079kB
        ->  Seq Scan on title t  (cost=0.00..67604.59 rows=1860996 width=4) (actual time=0.029..1365.735 rows=1865487 loops=1)
              Filter: (kind_id > 1)
              Rows Removed by Filter: 662825
Planning time: 0.783 ms
Execution time: 13357.201 ms
