Hash Join  (cost=102767.86..179575.51 rows=374075 width=0) (actual time=1964.515..3667.064 rows=210442 loops=1)
  Hash Cond: (mc.movie_id = t.id)
  ->  Seq Scan on movie_companies mc  (cost=0.00..57926.93 rows=374075 width=4) (actual time=0.327..881.855 rows=210442 loops=1)
        Filter: ((company_id < 1427) AND (company_type_id = 2))
        Rows Removed by Filter: 2398687
  ->  Hash  (cost=61283.27..61283.27 rows=2528527 width=4) (actual time=1962.908..1962.908 rows=2528312 loops=1)
        Buckets: 131072  Batches: 64  Memory Usage: 2415kB
        ->  Seq Scan on title t  (cost=0.00..61283.27 rows=2528527 width=4) (actual time=0.013..1137.667 rows=2528312 loops=1)
Planning time: 0.881 ms
Execution time: 3693.488 ms
