Hash Join  (cost=171773.71..665390.71 rows=1294307 width=0) (actual time=3652.661..16520.619 rows=2839113 loops=1)
  Hash Cond: (mi.movie_id = t.id)
  ->  Seq Scan on movie_info mi  (cost=0.00..309384.22 rows=14739122 width=4) (actual time=0.023..5975.092 rows=14835720 loops=1)
  ->  Hash  (cost=168130.20..168130.20 rows=222041 width=8) (actual time=3651.820..3651.820 rows=277955 loops=1)
        Buckets: 131072  Batches: 4  Memory Usage: 3731kB
        ->  Hash Join  (cost=97835.13..168130.20 rows=222041 width=8) (actual time=2125.857..3563.940 rows=277955 loops=1)
              Hash Cond: (mc.movie_id = t.id)
              ->  Seq Scan on movie_companies mc  (cost=0.00..57926.93 rows=385259 width=4) (actual time=156.527..997.981 rows=542549 loops=1)
                    Filter: ((company_id < 1671) AND (company_type_id = 1))
                    Rows Removed by Filter: 2066580
              ->  Hash  (cost=73925.90..73925.90 rows=1457298 width=4) (actual time=1967.771..1967.771 rows=1438183 loops=1)
                    Buckets: 131072  Batches: 32  Memory Usage: 2604kB
                    ->  Seq Scan on title t  (cost=0.00..73925.90 rows=1457298 width=4) (actual time=0.027..1514.209 rows=1438183 loops=1)
                          Filter: ((production_year < 2013) AND (kind_id = 7))
                          Rows Removed by Filter: 1090129
Planning time: 1.289 ms
Execution time: 16809.180 ms
