Seq Scan on cast_info ci  (cost=0.00..705507.15 rows=29674270 width=0) (actual time=0.026..12298.178 rows=29774660 loops=1)
  Filter: (person_id > 624665)
  Rows Removed by Filter: 6469684
Planning time: 1.795 ms
Execution time: 15896.675 ms
