Seq Scan on title t  (cost=0.00..73925.90 rows=78896 width=0) (actual time=583.771..1167.911 rows=78341 loops=1)
  Filter: ((production_year > 1979) AND (kind_id = 3))
  Rows Removed by Filter: 2449971
Planning time: 0.430 ms
Execution time: 1177.846 ms
