Hash Join  (cost=93038.76..1242446.20 rows=9937885 width=0) (actual time=3389.238..32274.695 rows=10726736 loops=1)
  Hash Cond: (ci.movie_id = t.id)
  ->  Seq Scan on cast_info ci  (cost=0.00..796071.18 rows=21570243 width=4) (actual time=1701.504..16872.885 rows=20856281 loops=1)
        Filter: ((person_id > 870309) AND (role_id < 8))
        Rows Removed by Filter: 15388063
  ->  Hash  (cost=73925.90..73925.90 rows=1164948 width=4) (actual time=1686.511..1686.511 rows=1252934 loops=1)
        Buckets: 131072  Batches: 16  Memory Usage: 3788kB
        ->  Seq Scan on title t  (cost=0.00..73925.90 rows=1164948 width=4) (actual time=0.034..1316.232 rows=1252934 loops=1)
              Filter: ((production_year > 1982) AND (kind_id = 7))
              Rows Removed by Filter: 1275378
Planning time: 0.797 ms
Execution time: 33494.762 ms
