Seq Scan on movie_keyword mk  (cost=0.00..81003.12 rows=2461222 width=0) (actual time=0.015..1509.794 rows=2459819 loops=1)
  Filter: (keyword_id < 5894)
  Rows Removed by Filter: 2064111
Planning time: 0.220 ms
Execution time: 1809.871 ms
