Hash Join  (cost=156209.36..1035833.98 rows=1099474 width=0) (actual time=3410.407..21493.450 rows=1612082 loops=1)
  Hash Cond: (ci.movie_id = t.id)
  ->  Seq Scan on cast_info ci  (cost=0.00..796071.18 rows=6121787 width=4) (actual time=0.011..13919.568 rows=3786461 loops=1)
        Filter: ((person_id < 1344835) AND (role_id > 2))
        Rows Removed by Filter: 32457883
  ->  Hash  (cost=148758.81..148758.81 rows=454124 width=8) (actual time=3409.705..3409.705 rows=459925 loops=1)
        Buckets: 131072  Batches: 8  Memory Usage: 3275kB
        ->  Hash Join  (cost=102767.86..148758.81 rows=454124 width=8) (actual time=1995.518..3279.434 rows=459925 loops=1)
              Hash Cond: (mi_idx.movie_id = t.id)
              ->  Seq Scan on movie_info_idx mi_idx  (cost=0.00..25185.44 rows=454124 width=4) (actual time=0.022..525.278 rows=459925 loops=1)
                    Filter: (info_type_id = 100)
                    Rows Removed by Filter: 920110
              ->  Hash  (cost=61283.27..61283.27 rows=2528527 width=4) (actual time=1993.733..1993.733 rows=2528312 loops=1)
                    Buckets: 131072  Batches: 64  Memory Usage: 2415kB
                    ->  Seq Scan on title t  (cost=0.00..61283.27 rows=2528527 width=4) (actual time=0.012..1134.171 rows=2528312 loops=1)
Planning time: 1.015 ms
Execution time: 21689.131 ms
