Hash Join  (cost=108632.59..967850.35 rows=351225 width=0) (actual time=2060.374..23958.047 rows=1309887 loops=1)
  Hash Cond: (ci.movie_id = t.id)
  ->  Seq Scan on cast_info ci  (cost=0.00..796071.18 rows=15902496 width=4) (actual time=0.023..16160.587 rows=15431483 loops=1)
        Filter: ((person_id < 3928489) AND (role_id > 2))
        Rows Removed by Filter: 20812861
  ->  Hash  (cost=107934.53..107934.53 rows=55845 width=8) (actual time=2059.910..2059.910 rows=111147 loops=1)
        Buckets: 131072 (originally 65536)  Batches: 2 (originally 1)  Memory Usage: 3195kB
        ->  Hash Join  (cost=69283.60..107934.53 rows=55845 width=8) (actual time=1196.215..2020.355 rows=111147 loops=1)
              Hash Cond: (mi_idx.movie_id = t.id)
              ->  Seq Scan on movie_info_idx mi_idx  (cost=0.00..21735.35 rows=1380035 width=4) (actual time=0.015..424.476 rows=1380035 loops=1)
              ->  Hash  (cost=67604.59..67604.59 rows=102321 width=4) (actual time=1113.160..1113.160 rows=100537 loops=1)
                    Buckets: 131072  Batches: 2  Memory Usage: 2797kB
                    ->  Seq Scan on title t  (cost=0.00..67604.59 rows=102321 width=4) (actual time=514.283..1079.402 rows=100537 loops=1)
                          Filter: (kind_id = 3)
                          Rows Removed by Filter: 2427775
Planning time: 1.199 ms
Execution time: 24115.841 ms
