Seq Scan on movie_companies mc  (cost=0.00..57926.93 rows=551869 width=0) (actual time=0.028..988.564 rows=271498 loops=1)
  Filter: ((company_id > 13447) AND (company_type_id = 1))
  Rows Removed by Filter: 2337631
Planning time: 0.385 ms
Execution time: 1022.803 ms
