Hash Join  (cost=254044.01..430174.47 rows=3978651 width=0) (actual time=6053.368..17740.167 rows=32457326 loops=1)
  Hash Cond: (mk.movie_id = t.id)
  ->  Seq Scan on movie_keyword mk  (cost=0.00..69693.30 rows=4523930 width=4) (actual time=0.023..1563.329 rows=4523930 loops=1)
  ->  Hash  (cost=217560.04..217560.04 rows=2223758 width=8) (actual time=6052.437..6052.437 rows=2223482 loops=1)
        Buckets: 131072  Batches: 32  Memory Usage: 3794kB
        ->  Hash Join  (cost=102767.86..217560.04 rows=2223758 width=8) (actual time=1985.004..5405.659 rows=2223482 loops=1)
              Hash Cond: (mc.movie_id = t.id)
              ->  Seq Scan on movie_companies mc  (cost=0.00..51404.11 rows=2223758 width=4) (actual time=0.028..1117.752 rows=2223482 loops=1)
                    Filter: (company_id > 225)
                    Rows Removed by Filter: 385647
              ->  Hash  (cost=61283.27..61283.27 rows=2528527 width=4) (actual time=1983.785..1983.785 rows=2528312 loops=1)
                    Buckets: 131072  Batches: 64  Memory Usage: 2415kB
                    ->  Seq Scan on title t  (cost=0.00..61283.27 rows=2528527 width=4) (actual time=0.019..1110.153 rows=2528312 loops=1)
Planning time: 1.137 ms
Execution time: 21586.854 ms
