Nested Loop  (cost=0.43..83072.29 rows=150 width=0) (actual time=873.970..1273.501 rows=81 loops=1)
  ->  Seq Scan on movie_keyword mk  (cost=0.00..81003.12 rows=246 width=4) (actual time=2.260..1238.628 rows=635 loops=1)
        Filter: (keyword_id = 17174)
        Rows Removed by Filter: 4523295
  ->  Index Scan using title_pkey on title t  (cost=0.43..8.40 rows=1 width=4) (actual time=0.053..0.054 rows=0 loops=635)
        Index Cond: (id = mk.movie_id)
        Filter: (kind_id = 7)
        Rows Removed by Filter: 1
Planning time: 0.754 ms
Execution time: 1273.677 ms
