Hash Join  (cost=798791.33..1150043.00 rows=97 width=0) (actual time=17153.295..19622.473 rows=1 loops=1)
  Hash Cond: (mi.movie_id = t.id)
  ->  Seq Scan on movie_info mi  (cost=0.00..346232.03 rows=1338312 width=4) (actual time=2764.033..5140.600 rows=1401902 loops=1)
        Filter: (info_type_id = 7)
        Rows Removed by Filter: 13433818
  ->  Hash  (cost=798789.03..798789.03 rows=184 width=8) (actual time=14292.407..14292.407 rows=89 loops=1)
        Buckets: 1024  Batches: 1  Memory Usage: 12kB
        ->  Nested Loop  (cost=0.43..798789.03 rows=184 width=8) (actual time=10782.480..14292.320 rows=89 loops=1)
              ->  Seq Scan on cast_info ci  (cost=0.00..796071.18 rows=324 width=4) (actual time=6366.193..14290.096 rows=122 loops=1)
                    Filter: ((role_id > 1) AND (person_id = 2028551))
                    Rows Removed by Filter: 36244222
              ->  Index Scan using title_pkey on title t  (cost=0.43..8.38 rows=1 width=4) (actual time=0.016..0.017 rows=1 loops=122)
                    Index Cond: (id = ci.movie_id)
                    Filter: ((production_year > 1926) AND (kind_id = 7))
                    Rows Removed by Filter: 0
Planning time: 1.293 ms
Execution time: 19622.591 ms
