Hash Join  (cost=567370.11..1535775.18 rows=3360431 width=0) (actual time=16504.379..34662.919 rows=4941800 loops=1)
  Hash Cond: (ci.movie_id = t.id)
  ->  Seq Scan on cast_info ci  (cost=0.00..705507.15 rows=12726058 width=4) (actual time=3678.289..14375.269 rows=12670688 loops=1)
        Filter: (role_id = 1)
        Rows Removed by Filter: 23573656
  ->  Hash  (cost=556415.10..556415.10 rows=667681 width=8) (actual time=12825.154..12825.154 rows=882915 loops=1)
        Buckets: 131072  Batches: 16  Memory Usage: 3190kB
        ->  Hash Join  (cost=69484.36..556415.10 rows=667681 width=8) (actual time=1611.915..12551.707 rows=882915 loops=1)
              Hash Cond: (mi.movie_id = t.id)
              ->  Seq Scan on movie_info mi  (cost=0.00..309384.22 rows=14739122 width=4) (actual time=0.027..5892.231 rows=14835720 loops=1)
              ->  Hash  (cost=67604.59..67604.59 rows=114542 width=4) (actual time=1020.178..1020.178 rows=118234 loops=1)
                    Buckets: 131072  Batches: 2  Memory Usage: 3107kB
                    ->  Seq Scan on title t  (cost=0.00..67604.59 rows=114542 width=4) (actual time=0.021..975.942 rows=118234 loops=1)
                          Filter: (kind_id = 4)
                          Rows Removed by Filter: 2410078
Planning time: 1.252 ms
Execution time: 35235.033 ms
