Seq Scan on cast_info ci  (cost=0.00..796071.18 rows=83107 width=0) (actual time=4469.818..11035.634 rows=63657 loops=1)
  Filter: ((person_id < 385333) AND (role_id = 6))
  Rows Removed by Filter: 36180687
Planning time: 0.391 ms
Execution time: 11043.434 ms
