Nested Loop  (cost=0.43..83071.67 rows=246 width=0) (actual time=24.162..1298.238 rows=1572 loops=1)
  ->  Seq Scan on movie_keyword mk  (cost=0.00..81003.12 rows=246 width=4) (actual time=24.073..1247.237 rows=1572 loops=1)
        Filter: (keyword_id = 9980)
        Rows Removed by Filter: 4522358
  ->  Index Only Scan using title_pkey on title t  (cost=0.43..8.40 rows=1 width=4) (actual time=0.031..0.031 rows=1 loops=1572)
        Index Cond: (id = mk.movie_id)
        Heap Fetches: 1572
Planning time: 0.674 ms
Execution time: 1298.790 ms
