Hash Join  (cost=102767.86..246068.71 rows=2178445 width=0) (actual time=1789.495..5347.649 rows=2177976 loops=1)
  Hash Cond: (mk.movie_id = t.id)
  ->  Seq Scan on movie_keyword mk  (cost=0.00..81003.12 rows=2178445 width=4) (actual time=0.023..1620.128 rows=2177976 loops=1)
        Filter: (keyword_id < 4289)
        Rows Removed by Filter: 2345954
  ->  Hash  (cost=61283.27..61283.27 rows=2528527 width=4) (actual time=1786.951..1786.951 rows=2528312 loops=1)
        Buckets: 131072  Batches: 64  Memory Usage: 2425kB
        ->  Seq Scan on title t  (cost=0.00..61283.27 rows=2528527 width=4) (actual time=0.010..941.491 rows=2528312 loops=1)
Planning time: 0.693 ms
Execution time: 5580.558 ms
