Seq Scan on movie_companies mc  (cost=0.00..57926.93 rows=1535 width=0) (actual time=1.009..688.345 rows=1741 loops=1)
  Filter: ((company_id = 92) AND (company_type_id = 1))
  Rows Removed by Filter: 2607388
Planning time: 0.345 ms
Execution time: 688.676 ms
