Seq Scan on movie_companies mc  (cost=0.00..57926.93 rows=205750 width=0) (actual time=0.020..874.893 rows=322023 loops=1)
  Filter: ((company_id < 295) AND (company_type_id < 2))
  Rows Removed by Filter: 2287106
Planning time: 0.299 ms
Execution time: 915.962 ms
