Hash Join  (cost=74146.12..828262.65 rows=88666 width=0) (actual time=1877.328..18501.542 rows=127074 loops=1)
  Hash Cond: (ci.movie_id = t.id)
  ->  Seq Scan on cast_info ci  (cost=0.00..705507.15 rows=12726058 width=4) (actual time=699.395..14363.977 rows=12670688 loops=1)
        Filter: (role_id < 2)
        Rows Removed by Filter: 23573656
  ->  Hash  (cost=73925.90..73925.90 rows=17617 width=4) (actual time=1177.570..1177.570 rows=22021 loops=1)
        Buckets: 32768  Batches: 1  Memory Usage: 1031kB
        ->  Seq Scan on title t  (cost=0.00..73925.90 rows=17617 width=4) (actual time=0.042..1168.702 rows=22021 loops=1)
              Filter: ((kind_id < 2) AND (production_year > 2012))
              Rows Removed by Filter: 2506291
Planning time: 6.737 ms
Execution time: 18522.373 ms
