Seq Scan on movie_keyword mk  (cost=0.00..81003.12 rows=291463 width=0) (actual time=0.024..1338.738 rows=287302 loops=1)
  Filter: (keyword_id > 55641)
  Rows Removed by Filter: 4236628
Planning time: 0.274 ms
Execution time: 1375.251 ms
