Seq Scan on cast_info ci  (cost=0.00..796071.18 rows=276 width=0) (actual time=4730.146..14085.521 rows=6 loops=1)
  Filter: ((role_id < 3) AND (person_id = 1270355))
  Rows Removed by Filter: 36244338
Planning time: 0.283 ms
Execution time: 14085.645 ms
