Hash Join  (cost=426879.01..2423934.67 rows=46503447 width=148) (actual time=11441.331..127320.301 rows=155631205 loops=1)
  Hash Cond: (ci.movie_id = t.id)
  ->  Seq Scan on cast_info ci  (cost=0.00..614943.12 rows=36225612 width=42) (actual time=0.020..15786.194 rows=36244344 loops=1)
  ->  Hash  (cost=332417.08..332417.08 rows=3245914 width=106) (actual time=11438.595..11438.595 rows=3236421 loops=1)
        Buckets: 32768  Batches: 128  Memory Usage: 3470kB
        ->  Hash Join  (cost=129928.86..332417.08 rows=3245914 width=106) (actual time=2694.463..9165.837 rows=3236421 loops=1)
              Hash Cond: (mk.movie_id = t.id)
              ->  Seq Scan on movie_keyword mk  (cost=0.00..81003.12 rows=3245914 width=12) (actual time=0.021..2379.621 rows=3236421 loops=1)
                    Filter: (keyword_id < 13738)
                    Rows Removed by Filter: 1287509
              ->  Hash  (cost=61283.27..61283.27 rows=2528527 width=94) (actual time=2692.293..2692.293 rows=2528312 loops=1)
                    Buckets: 32768  Batches: 128  Memory Usage: 2470kB
                    ->  Seq Scan on title t  (cost=0.00..61283.27 rows=2528527 width=94) (actual time=0.016..1331.382 rows=2528312 loops=1)
Planning time: 7.038 ms
Execution time: 135485.576 ms
