Hash Join  (cost=73994.33..455277.83 rows=20119 width=0) (actual time=1204.354..9178.925 rows=40571 loops=1)
  Hash Cond: (mi.movie_id = t.id)
  ->  Seq Scan on movie_info mi  (cost=0.00..346232.03 rows=9293409 width=4) (actual time=0.010..6106.396 rows=9425200 loops=1)
        Filter: (info_type_id > 5)
        Rows Removed by Filter: 5410520
  ->  Hash  (cost=73925.90..73925.90 rows=5474 width=4) (actual time=1204.011..1204.011 rows=15001 loops=1)
        Buckets: 16384 (originally 8192)  Batches: 1 (originally 1)  Memory Usage: 656kB
        ->  Seq Scan on title t  (cost=0.00..73925.90 rows=5474 width=4) (actual time=0.024..1196.893 rows=15001 loops=1)
              Filter: ((kind_id > 1) AND (production_year = 1988))
              Rows Removed by Filter: 2513311
Planning time: 0.734 ms
Execution time: 9185.900 ms
