Seq Scan on title t  (cost=0.00..73925.90 rows=177791 width=0) (actual time=0.029..1117.507 rows=282025 loops=1)
  Filter: ((kind_id < 7) AND (production_year < 1976))
  Rows Removed by Filter: 2246287
Planning time: 0.291 ms
Execution time: 1156.063 ms
