Seq Scan on movie_keyword mk  (cost=0.00..81003.12 rows=114746 width=0) (actual time=0.040..1311.471 rows=113771 loops=1)
  Filter: (keyword_id > 79383)
  Rows Removed by Filter: 4410159
Planning time: 0.304 ms
Execution time: 1327.379 ms
