Hash Join  (cost=571452.59..1918908.31 rows=8492651 width=0) (actual time=11621.692..40202.577 rows=107250 loops=1)
  Hash Cond: (ci.movie_id = t.id)
  ->  Seq Scan on cast_info ci  (cost=0.00..614943.12 rows=36225612 width=4) (actual time=0.016..12768.127 rows=36244344 loops=1)
  ->  Hash  (cost=561726.81..561726.81 rows=592782 width=8) (actual time=11380.088..11380.088 rows=14962 loops=1)
        Buckets: 131072  Batches: 8  Memory Usage: 1097kB
        ->  Hash Join  (cost=75595.07..561726.81 rows=592782 width=8) (actual time=1087.563..11371.909 rows=14962 loops=1)
              Hash Cond: (mi.movie_id = t.id)
              ->  Seq Scan on movie_info mi  (cost=0.00..309384.22 rows=14739122 width=4) (actual time=0.029..5533.908 rows=14835720 loops=1)
              ->  Hash  (cost=73925.90..73925.90 rows=101693 width=4) (actual time=1083.572..1083.572 rows=4015 loops=1)
                    Buckets: 131072  Batches: 2  Memory Usage: 1101kB
                    ->  Seq Scan on title t  (cost=0.00..73925.90 rows=101693 width=4) (actual time=0.023..1081.171 rows=4015 loops=1)
                          Filter: ((production_year < 1951) AND (kind_id = 7))
                          Rows Removed by Filter: 2524297
Planning time: 1.159 ms
Execution time: 40216.594 ms
