Seq Scan on title t  (cost=0.00..73925.90 rows=62716 width=0) (actual time=0.030..1272.801 rows=71543 loops=1)
  Filter: ((kind_id > 1) AND (production_year = 2004))
  Rows Removed by Filter: 2456769
Planning time: 0.413 ms
Execution time: 1284.216 ms
