Seq Scan on movie_companies mc  (cost=0.00..51404.11 rows=2357644 width=0) (actual time=0.030..956.082 rows=2354551 loops=1)
  Filter: (company_id < 100357)
  Rows Removed by Filter: 254578
Planning time: 0.283 ms
Execution time: 1251.581 ms
