Hash Join  (cost=83074.74..137742.81 rows=254 width=0) (actual time=1350.134..2496.746 rows=293 loops=1)
  Hash Cond: (mc.movie_id = t.id)
  ->  Seq Scan on movie_companies mc  (cost=0.00..44881.29 rows=2609129 width=4) (actual time=0.019..693.727 rows=2609129 loops=1)
  ->  Hash  (cost=83071.67..83071.67 rows=246 width=8) (actual time=1343.019..1343.019 rows=40 loops=1)
        Buckets: 1024  Batches: 1  Memory Usage: 10kB
        ->  Nested Loop  (cost=0.43..83071.67 rows=246 width=8) (actual time=19.102..1342.952 rows=40 loops=1)
              ->  Seq Scan on movie_keyword mk  (cost=0.00..81003.12 rows=246 width=4) (actual time=19.014..1340.962 rows=40 loops=1)
                    Filter: (keyword_id = 22349)
                    Rows Removed by Filter: 4523890
              ->  Index Only Scan using title_pkey on title t  (cost=0.43..8.40 rows=1 width=4) (actual time=0.043..0.044 rows=1 loops=40)
                    Index Cond: (id = mk.movie_id)
                    Heap Fetches: 40
Planning time: 2.963 ms
Execution time: 2496.921 ms
