Hash Join  (cost=130953.72..199495.32 rows=101143 width=0) (actual time=2697.538..4257.050 rows=159097 loops=1)
  Hash Cond: (mc.movie_id = t.id)
  ->  Seq Scan on movie_companies mc  (cost=0.00..51404.11 rows=1329612 width=4) (actual time=0.029..963.278 rows=1334883 loops=1)
        Filter: (company_type_id = 2)
        Rows Removed by Filter: 1274246
  ->  Hash  (cost=127797.41..127797.41 rows=192345 width=8) (actual time=2696.729..2696.729 rows=142056 loops=1)
        Buckets: 131072  Batches: 4  Memory Usage: 2409kB
        ->  Hash Join  (cost=91235.85..127797.41 rows=192345 width=8) (actual time=1721.620..2649.436 rows=142056 loops=1)
              Hash Cond: (mi_idx.movie_id = t.id)
              ->  Seq Scan on movie_info_idx mi_idx  (cost=0.00..25185.44 rows=460978 width=4) (actual time=0.021..432.768 rows=459925 loops=1)
                    Filter: (info_type_id = 99)
                    Rows Removed by Filter: 920110
              ->  Hash  (cost=73925.90..73925.90 rows=1055036 width=4) (actual time=1720.610..1720.610 rows=1152351 loops=1)
                    Buckets: 131072  Batches: 16  Memory Usage: 3561kB
                    ->  Seq Scan on title t  (cost=0.00..73925.90 rows=1055036 width=4) (actual time=0.018..1371.315 rows=1152351 loops=1)
                          Filter: ((kind_id > 1) AND (production_year > 1999))
                          Rows Removed by Filter: 1375961
Planning time: 1.095 ms
Execution time: 4277.484 ms
