Hash Join  (cost=74373.12..101478.87 rows=19527 width=0) (actual time=508.176..725.899 rows=14163 loops=1)
  Hash Cond: (mi_idx.movie_id = t.id)
  ->  Seq Scan on movie_info_idx mi_idx  (cost=0.00..21735.35 rows=1380035 width=4) (actual time=0.015..112.340 rows=1380035 loops=1)
  ->  Hash  (cost=73925.90..73925.90 rows=35777 width=4) (actual time=460.275..460.275 rows=37357 loops=1)
        Buckets: 65536  Batches: 1  Memory Usage: 1826kB
        ->  Seq Scan on title t  (cost=0.00..73925.90 rows=35777 width=4) (actual time=212.963..452.652 rows=37357 loops=1)
              Filter: ((production_year > 2007) AND (kind_id = 4))
              Rows Removed by Filter: 2490955
Planning time: 0.576 ms
Execution time: 727.096 ms
