Hash Join  (cost=92883.59..213789.51 rows=1092092 width=0) (actual time=1779.313..4507.944 rows=234484 loops=1)
  Hash Cond: (mk.movie_id = t.id)
  ->  Seq Scan on movie_keyword mk  (cost=0.00..81003.12 rows=1792175 width=4) (actual time=0.022..1579.208 rows=1801355 loops=1)
        Filter: (keyword_id < 2918)
        Rows Removed by Filter: 2722575
  ->  Hash  (cost=67604.59..67604.59 rows=1540800 width=4) (actual time=1778.156..1778.156 rows=1543264 loops=1)
        Buckets: 131072  Batches: 32  Memory Usage: 2728kB
        ->  Seq Scan on title t  (cost=0.00..67604.59 rows=1540800 width=4) (actual time=0.023..1277.236 rows=1543264 loops=1)
              Filter: (kind_id = 7)
              Rows Removed by Filter: 985048
Planning time: 0.694 ms
Execution time: 4535.769 ms
