Seq Scan on movie_info mi  (cost=0.00..346232.03 rows=17937 width=0) (actual time=194.069..4328.549 rows=6621 loops=1)
  Filter: (info_type_id = 88)
  Rows Removed by Filter: 14829099
Planning time: 0.349 ms
Execution time: 4329.167 ms
