Hash Join  (cost=74547.79..162095.95 rows=89012 width=0) (actual time=1312.423..3371.900 rows=72761 loops=1)
  Hash Cond: (mk.movie_id = t.id)
  ->  Seq Scan on movie_keyword mk  (cost=0.00..69693.30 rows=4523930 width=4) (actual time=0.021..1140.991 rows=4523930 loops=1)
  ->  Hash  (cost=73925.90..73925.90 rows=49751 width=4) (actual time=1311.663..1311.663 rows=56995 loops=1)
        Buckets: 65536  Batches: 1  Memory Usage: 2516kB
        ->  Seq Scan on title t  (cost=0.00..73925.90 rows=49751 width=4) (actual time=0.072..1287.411 rows=56995 loops=1)
              Filter: ((kind_id > 1) AND (production_year = 2003))
              Rows Removed by Filter: 2471317
Planning time: 0.643 ms
Execution time: 3382.269 ms
