Hash Join  (cost=102767.86..1452610.22 rows=22603273 width=0) (actual time=1897.735..40436.527 rows=23212610 loops=1)
  Hash Cond: (ci.movie_id = t.id)
  ->  Seq Scan on cast_info ci  (cost=0.00..796071.18 rows=22603273 width=4) (actual time=0.018..19091.329 rows=23212610 loops=1)
        Filter: ((person_id > 130039) AND (role_id > 1))
        Rows Removed by Filter: 13031734
  ->  Hash  (cost=61283.27..61283.27 rows=2528527 width=4) (actual time=1895.901..1895.901 rows=2528312 loops=1)
        Buckets: 131072  Batches: 64  Memory Usage: 2415kB
        ->  Seq Scan on title t  (cost=0.00..61283.27 rows=2528527 width=4) (actual time=0.018..1071.964 rows=2528312 loops=1)
Planning time: 0.773 ms
Execution time: 43075.521 ms
