Hash Join  (cost=89472.60..996725.64 rows=2630830 width=0) (actual time=8938.498..16182.779 rows=366504 loops=1)
  Hash Cond: (ci.movie_id = t.id)
  ->  Seq Scan on cast_info ci  (cost=0.00..796071.18 rows=7020148 width=4) (actual time=7291.065..13774.858 rows=1052736 loops=1)
        Filter: ((person_id > 1596163) AND (role_id < 2))
        Rows Removed by Filter: 35191608
  ->  Hash  (cost=73925.90..73925.90 rows=947576 width=4) (actual time=1645.945..1645.945 rows=876037 loops=1)
        Buckets: 131072  Batches: 16  Memory Usage: 2949kB
        ->  Seq Scan on title t  (cost=0.00..73925.90 rows=947576 width=4) (actual time=0.051..1372.770 rows=876037 loops=1)
              Filter: ((production_year < 2007) AND (kind_id = 7))
              Rows Removed by Filter: 1652275
Planning time: 0.744 ms
Execution time: 16226.130 ms
