Seq Scan on cast_info ci  (cost=0.00..705507.15 rows=17323682 width=0) (actual time=0.023..10848.976 rows=17207670 loops=1)
  Filter: (person_id < 1699746)
  Rows Removed by Filter: 19036674
Planning time: 0.255 ms
Execution time: 12896.064 ms
