Hash Join  (cost=102767.86..194177.64 rows=980975 width=0) (actual time=2590.567..4620.802 rows=1142263 loops=1)
  Hash Cond: (mc.movie_id = t.id)
  ->  Seq Scan on movie_companies mc  (cost=0.00..57926.93 rows=980975 width=4) (actual time=525.990..1249.937 rows=1142263 loops=1)
        Filter: ((company_id > 1119) AND (company_type_id = 2))
        Rows Removed by Filter: 1466866
  ->  Hash  (cost=61283.27..61283.27 rows=2528527 width=4) (actual time=2063.313..2063.313 rows=2528312 loops=1)
        Buckets: 131072  Batches: 64  Memory Usage: 2415kB
        ->  Seq Scan on title t  (cost=0.00..61283.27 rows=2528527 width=4) (actual time=0.021..1252.570 rows=2528312 loops=1)
Planning time: 1.253 ms
Execution time: 4759.205 ms
