Seq Scan on title t  (cost=0.00..73925.90 rows=90254 width=0) (actual time=0.028..772.327 rows=98266 loops=1)
  Filter: ((production_year > 1958) AND (kind_id = 3))
  Rows Removed by Filter: 2430046
Planning time: 0.398 ms
Execution time: 782.778 ms
