Seq Scan on movie_keyword mk  (cost=0.00..81003.12 rows=246 width=0) (actual time=58.691..1364.082 rows=31 loops=1)
  Filter: (keyword_id = 27783)
  Rows Removed by Filter: 4523899
Planning time: 0.313 ms
Execution time: 1364.194 ms
