Seq Scan on cast_info ci  (cost=0.00..705507.15 rows=3522943 width=0) (actual time=2948.681..11130.841 rows=3399758 loops=1)
  Filter: (person_id < 326775)
  Rows Removed by Filter: 32844586
Planning time: 0.296 ms
Execution time: 11538.764 ms
