Hash Join  (cost=222972.34..1184748.17 rows=4589014 width=0) (actual time=6428.983..38115.814 rows=33927827 loops=1)
  Hash Cond: (ci.movie_id = t.id)
  ->  Seq Scan on cast_info ci  (cost=0.00..705507.15 rows=16201301 width=4) (actual time=0.022..13979.262 rows=16121683 loops=1)
        Filter: (role_id > 2)
        Rows Removed by Filter: 20122661
  ->  Hash  (cost=211221.78..211221.78 rows=716205 width=8) (actual time=6426.731..6426.731 rows=2175857 loops=1)
        Buckets: 131072 (originally 131072)  Batches: 32 (originally 16)  Memory Usage: 3642kB
        ->  Hash Join  (cost=80493.69..211221.78 rows=716205 width=8) (actual time=1453.287..5818.796 rows=2175857 loops=1)
              Hash Cond: (mk.movie_id = t.id)
              ->  Seq Scan on movie_keyword mk  (cost=0.00..69693.30 rows=4523930 width=4) (actual time=0.014..1441.604 rows=4523930 loops=1)
              ->  Hash  (cost=73925.90..73925.90 rows=400303 width=4) (actual time=1452.485..1452.485 rows=500611 loops=1)
                    Buckets: 131072  Batches: 8  Memory Usage: 3243kB
                    ->  Seq Scan on title t  (cost=0.00..73925.90 rows=400303 width=4) (actual time=0.022..1287.387 rows=500611 loops=1)
                          Filter: ((kind_id < 7) AND (production_year < 2000))
                          Rows Removed by Filter: 2027701
Planning time: 1.088 ms
Execution time: 41815.431 ms
