Hash Join  (cost=323793.17..1303497.65 rows=8147666 width=0) (actual time=17824.043..29426.120 rows=8781769 loops=1)
  Hash Cond: (ci.movie_id = t.id)
  ->  Seq Scan on cast_info ci  (cost=0.00..796071.18 rows=6365383 width=4) (actual time=11025.424..16092.614 rows=7451973 loops=1)
        Filter: ((person_id < 3215035) AND (role_id = 2))
        Rows Removed by Filter: 28792371
  ->  Hash  (cost=270693.85..270693.85 rows=3236505 width=8) (actual time=6796.985..6796.985 rows=1621697 loops=1)
        Buckets: 131072  Batches: 64  Memory Usage: 1989kB
        ->  Hash Join  (cost=103604.85..270693.85 rows=3236505 width=8) (actual time=2142.749..6304.076 rows=1621697 loops=1)
              Hash Cond: (mk.movie_id = t.id)
              ->  Seq Scan on movie_keyword mk  (cost=0.00..69693.30 rows=4523930 width=4) (actual time=0.025..1419.506 rows=4523930 loops=1)
              ->  Hash  (cost=73925.90..73925.90 rows=1808956 width=4) (actual time=2141.111..2141.111 rows=1799907 loops=1)
                    Buckets: 131072  Batches: 32  Memory Usage: 3013kB
                    ->  Seq Scan on title t  (cost=0.00..73925.90 rows=1808956 width=4) (actual time=0.027..1514.998 rows=1799907 loops=1)
                          Filter: ((kind_id > 1) AND (production_year > 0))
                          Rows Removed by Filter: 728405
Planning time: 1.279 ms
Execution time: 30302.194 ms
