Seq Scan on title t  (cost=0.00..73925.90 rows=693450 width=0) (actual time=0.024..1086.355 rows=595167 loops=1)
  Filter: ((kind_id < 7) AND (production_year > 1989))
  Rows Removed by Filter: 1933145
Planning time: 0.336 ms
Execution time: 1161.852 ms
