Hash Join  (cost=453612.62..1255655.54 rows=24634 width=0) (actual time=9580.809..21647.451 rows=19796 loops=1)
  Hash Cond: (ci.movie_id = t.id)
  ->  Seq Scan on cast_info ci  (cost=0.00..796071.18 rows=358785 width=4) (actual time=127.219..11825.403 rows=576897 loops=1)
        Filter: ((person_id > 2918938) AND (role_id = 8))
        Rows Removed by Filter: 35667447
  ->  Hash  (cost=450763.62..450763.62 rows=173600 width=8) (actual time=9451.349..9451.349 rows=110398 loops=1)
        Buckets: 131072  Batches: 4  Memory Usage: 2097kB
        ->  Hash Join  (cost=74657.14..450763.62 rows=173600 width=8) (actual time=1450.420..9397.312 rows=110398 loops=1)
              Hash Cond: (mi.movie_id = t.id)
              ->  Seq Scan on movie_info mi  (cost=0.00..346232.03 rows=7503588 width=4) (actual time=248.365..6233.944 rows=7548855 loops=1)
                    Filter: (info_type_id > 7)
                    Rows Removed by Filter: 7286865
              ->  Hash  (cost=73925.90..73925.90 rows=58499 width=4) (actual time=1201.702..1201.702 rows=62752 loops=1)
                    Buckets: 65536  Batches: 1  Memory Usage: 2719kB
                    ->  Seq Scan on title t  (cost=0.00..73925.90 rows=58499 width=4) (actual time=0.049..1176.547 rows=62752 loops=1)
                          Filter: ((kind_id = 7) AND (production_year = 2005))
                          Rows Removed by Filter: 2465560
Planning time: 1.262 ms
Execution time: 21649.945 ms
