Hash Join  (cost=567370.11..1659511.24 rows=3788715 width=0) (actual time=13098.749..41807.671 rows=6918561 loops=1)
  Hash Cond: (ci.movie_id = t.id)
  ->  Seq Scan on cast_info ci  (cost=0.00..796071.18 rows=14347978 width=4) (actual time=0.017..16991.054 rows=19675899 loops=1)
        Filter: ((person_id > 1386071) AND (role_id > 1))
        Rows Removed by Filter: 16568445
  ->  Hash  (cost=556415.10..556415.10 rows=667681 width=8) (actual time=13097.486..13097.486 rows=882915 loops=1)
        Buckets: 131072  Batches: 16  Memory Usage: 3190kB
        ->  Hash Join  (cost=69484.36..556415.10 rows=667681 width=8) (actual time=1104.059..12812.884 rows=882915 loops=1)
              Hash Cond: (mi.movie_id = t.id)
              ->  Seq Scan on movie_info mi  (cost=0.00..309384.22 rows=14739122 width=4) (actual time=0.014..5582.775 rows=14835720 loops=1)
              ->  Hash  (cost=67604.59..67604.59 rows=114542 width=4) (actual time=1103.286..1103.286 rows=118234 loops=1)
                    Buckets: 131072  Batches: 2  Memory Usage: 3107kB
                    ->  Seq Scan on title t  (cost=0.00..67604.59 rows=114542 width=4) (actual time=254.543..1060.494 rows=118234 loops=1)
                          Filter: (kind_id = 4)
                          Rows Removed by Filter: 2410078
Planning time: 1.207 ms
Execution time: 42583.103 ms
