Hash Join  (cost=120817.76..583435.20 rows=617123 width=0) (actual time=3498.491..13777.284 rows=922691 loops=1)
  Hash Cond: (mi.movie_id = t.id)
  ->  Seq Scan on movie_info mi  (cost=0.00..346232.03 rows=9476311 width=4) (actual time=393.094..6789.087 rows=9565151 loops=1)
        Filter: (info_type_id < 16)
        Rows Removed by Filter: 5270569
  ->  Hash  (cost=118115.44..118115.44 rows=164665 width=8) (actual time=3104.656..3104.656 rows=123044 loops=1)
        Buckets: 131072  Batches: 4  Memory Usage: 2224kB
        ->  Hash Join  (cost=82423.69..118115.44 rows=164665 width=8) (actual time=2275.167..3071.450 rows=123044 loops=1)
              Hash Cond: (mi_idx.movie_id = t.id)
              ->  Seq Scan on movie_info_idx mi_idx  (cost=0.00..25185.44 rows=460978 width=4) (actual time=0.027..454.866 rows=459925 loops=1)
                    Filter: (info_type_id = 99)
                    Rows Removed by Filter: 920110
              ->  Hash  (cost=67604.59..67604.59 rows=903208 width=4) (actual time=2274.287..2274.287 rows=904491 loops=1)
                    Buckets: 131072  Batches: 16  Memory Usage: 3010kB
                    ->  Seq Scan on title t  (cost=0.00..67604.59 rows=903208 width=4) (actual time=0.020..1289.252 rows=904491 loops=1)
                          Filter: (production_year > 2006)
                          Rows Removed by Filter: 1623821
Planning time: 0.681 ms
Execution time: 13882.074 ms
