Hash Join  (cost=171837.52..1278637.86 rows=7105918 width=0) (actual time=3580.265..44045.539 rows=33081540 loops=1)
  Hash Cond: (ci.movie_id = t.id)
  ->  Seq Scan on cast_info ci  (cost=0.00..614943.12 rows=36225612 width=4) (actual time=0.030..13136.705 rows=36244344 loops=1)
  ->  Hash  (cost=163699.66..163699.66 rows=495989 width=8) (actual time=3579.271..3579.271 rows=657776 loops=1)
        Buckets: 131072 (originally 131072)  Batches: 16 (originally 8)  Memory Usage: 3073kB
        ->  Hash Join  (cost=81812.24..163699.66 rows=495989 width=8) (actual time=1142.840..3383.706 rows=657776 loops=1)
              Hash Cond: (mc.movie_id = t.id)
              ->  Seq Scan on movie_companies mc  (cost=0.00..44881.29 rows=2609129 width=4) (actual time=0.025..852.955 rows=2609129 loops=1)
              ->  Hash  (cost=73925.90..73925.90 rows=480667 width=4) (actual time=1141.951..1141.951 rows=350545 loops=1)
                    Buckets: 131072  Batches: 8  Memory Usage: 2572kB
                    ->  Seq Scan on title t  (cost=0.00..73925.90 rows=480667 width=4) (actual time=146.481..1038.070 rows=350545 loops=1)
                          Filter: ((kind_id < 2) AND (production_year > 1987))
                          Rows Removed by Filter: 2177767
Planning time: 5.059 ms
Execution time: 47897.521 ms
