Hash Join  (cost=85777.42..446159.73 rows=269892 width=0) (actual time=5597.057..8050.104 rows=176874 loops=1)
  Hash Cond: (mi.movie_id = t.id)
  ->  Seq Scan on movie_info mi  (cost=0.00..346232.03 rows=616095 width=4) (actual time=3934.302..5968.997 rows=598457 loops=1)
        Filter: (info_type_id = 15)
        Rows Removed by Filter: 14237263
  ->  Hash  (cost=67604.59..67604.59 rows=1107667 width=4) (actual time=1579.359..1579.359 rows=1107925 loops=1)
        Buckets: 131072  Batches: 16  Memory Usage: 3466kB
        ->  Seq Scan on title t  (cost=0.00..67604.59 rows=1107667 width=4) (actual time=0.033..1216.691 rows=1107925 loops=1)
              Filter: (production_year > 2004)
              Rows Removed by Filter: 1420387
Planning time: 0.736 ms
Execution time: 8072.648 ms
