Seq Scan on movie_companies mc  (cost=0.00..51404.11 rows=968570 width=0) (actual time=0.025..895.780 rows=968873 loops=1)
  Filter: (company_id < 4125)
  Rows Removed by Filter: 1640256
Planning time: 0.304 ms
Execution time: 1016.034 ms
