Hash Join  (cost=219678.33..660517.36 rows=1947135 width=0) (actual time=5305.291..21068.735 rows=29693852 loops=1)
  Hash Cond: (mi.movie_id = t.id)
  ->  Seq Scan on movie_info mi  (cost=0.00..346232.03 rows=6231111 width=4) (actual time=546.803..6492.404 rows=6223494 loops=1)
        Filter: (info_type_id > 8)
        Rows Removed by Filter: 8612226
  ->  Hash  (cost=206714.72..206714.72 rows=790129 width=8) (actual time=4675.926..4675.926 rows=701581 loops=1)
        Buckets: 131072  Batches: 16  Memory Usage: 2871kB
        ->  Hash Join  (cost=96356.06..206714.72 rows=790129 width=8) (actual time=2003.477..4483.041 rows=701581 loops=1)
              Hash Cond: (mk.movie_id = t.id)
              ->  Seq Scan on movie_keyword mk  (cost=0.00..81003.12 rows=1140048 width=4) (actual time=0.027..1484.491 rows=1148631 loops=1)
                    Filter: (keyword_id > 16211)
                    Rows Removed by Filter: 3375299
              ->  Hash  (cost=67604.59..67604.59 rows=1752438 width=4) (actual time=2002.239..2002.239 rows=1749032 loops=1)
                    Buckets: 131072  Batches: 32  Memory Usage: 2958kB
                    ->  Seq Scan on title t  (cost=0.00..67604.59 rows=1752438 width=4) (actual time=0.022..1427.269 rows=1749032 loops=1)
                          Filter: (production_year > 1990)
                          Rows Removed by Filter: 779280
Planning time: 1.171 ms
Execution time: 24525.066 ms
