Seq Scan on movie_keyword mk  (cost=0.00..81003.12 rows=1913366 width=0) (actual time=0.030..1450.126 rows=1921594 loops=1)
  Filter: (keyword_id > 6999)
  Rows Removed by Filter: 2602336
Planning time: 0.322 ms
Execution time: 1695.349 ms
