Hash Join  (cost=196586.06..966199.47 rows=1433539 width=0) (actual time=13398.297..21266.014 rows=2461655 loops=1)
  Hash Cond: (ci.movie_id = t.id)
  ->  Seq Scan on cast_info ci  (cost=0.00..705507.15 rows=3998100 width=4) (actual time=8935.145..13737.882 rows=4008037 loops=1)
        Filter: (role_id = 3)
        Rows Removed by Filter: 32236307
  ->  Hash  (cost=181711.36..181711.36 rows=906616 width=8) (actual time=4461.583..4461.583 rows=506643 loops=1)
        Buckets: 131072  Batches: 16  Memory Usage: 2238kB
        ->  Hash Join  (cost=96754.97..181711.36 rows=906616 width=8) (actual time=2036.523..4315.073 rows=506643 loops=1)
              Hash Cond: (mc.movie_id = t.id)
              ->  Seq Scan on movie_companies mc  (cost=0.00..51404.11 rows=1647498 width=4) (actual time=0.030..1128.148 rows=1637884 loops=1)
                    Filter: (company_id < 17656)
                    Rows Removed by Filter: 971245
              ->  Hash  (cost=73925.90..73925.90 rows=1391445 width=4) (actual time=2035.593..2035.593 rows=1468207 loops=1)
                    Buckets: 131072  Batches: 32  Memory Usage: 2639kB
                    ->  Seq Scan on title t  (cost=0.00..73925.90 rows=1391445 width=4) (actual time=0.018..1562.940 rows=1468207 loops=1)
                          Filter: ((production_year > 1952) AND (kind_id = 7))
                          Rows Removed by Filter: 1060105
Planning time: 1.239 ms
Execution time: 21540.580 ms
