Seq Scan on movie_keyword mk  (cost=0.00..81003.12 rows=920370 width=0) (actual time=1.109..1227.353 rows=913533 loops=1)
  Filter: (keyword_id > 20335)
  Rows Removed by Filter: 3610397
Planning time: 0.362 ms
Execution time: 1337.580 ms
