Hash Join  (cost=199688.57..313224.86 rows=719990 width=0) (actual time=4320.966..7313.557 rows=778377 loops=1)
  Hash Cond: (mk.movie_id = t.id)
  ->  Seq Scan on movie_keyword mk  (cost=0.00..81003.12 rows=1860336 width=4) (actual time=0.017..1568.027 rows=1865836 loops=1)
        Filter: (keyword_id > 7384)
        Rows Removed by Filter: 2658094
  ->  Hash  (cost=183633.15..183633.15 rows=978594 width=8) (actual time=4320.000..4320.000 rows=694263 loops=1)
        Buckets: 131072  Batches: 16  Memory Usage: 2721kB
        ->  Hash Join  (cost=98137.04..183633.15 rows=978594 width=8) (actual time=1811.271..4097.597 rows=694263 loops=1)
              Hash Cond: (mc.movie_id = t.id)
              ->  Seq Scan on movie_companies mc  (cost=0.00..51404.11 rows=1329612 width=4) (actual time=0.275..1071.644 rows=1334883 loops=1)
                    Filter: (company_type_id > 1)
                    Rows Removed by Filter: 1274246
              ->  Hash  (cost=67604.59..67604.59 rows=1860996 width=4) (actual time=1810.184..1810.184 rows=1865487 loops=1)
                    Buckets: 131072  Batches: 32  Memory Usage: 3079kB
                    ->  Seq Scan on title t  (cost=0.00..67604.59 rows=1860996 width=4) (actual time=0.015..1221.750 rows=1865487 loops=1)
                          Filter: (kind_id > 1)
                          Rows Removed by Filter: 662825
Planning time: 1.152 ms
Execution time: 7404.814 ms
