Hash Join  (cost=74427.29..454484.90 rows=137283 width=0) (actual time=1152.026..9082.214 rows=104979 loops=1)
  Hash Cond: (mi.movie_id = t.id)
  ->  Seq Scan on movie_info mi  (cost=0.00..346232.03 rows=8654066 width=4) (actual time=0.021..6138.665 rows=8752291 loops=1)
        Filter: (info_type_id < 11)
        Rows Removed by Filter: 6083429
  ->  Hash  (cost=73925.90..73925.90 rows=40111 width=4) (actual time=1151.570..1151.570 rows=18554 loops=1)
        Buckets: 65536  Batches: 1  Memory Usage: 1165kB
        ->  Seq Scan on title t  (cost=0.00..73925.90 rows=40111 width=4) (actual time=356.828..1144.142 rows=18554 loops=1)
              Filter: ((production_year < 1997) AND (kind_id = 4))
              Rows Removed by Filter: 2509758
Planning time: 0.758 ms
Execution time: 9098.059 ms
