Hash Join  (cost=319208.47..1018017.77 rows=15864313 width=0) (actual time=8101.854..50238.824 rows=114094921 loops=1)
  Hash Cond: (mi.movie_id = t.id)
  ->  Seq Scan on movie_info mi  (cost=0.00..346232.03 rows=12928982 width=4) (actual time=0.021..7305.684 rows=12970088 loops=1)
        Filter: (info_type_id < 18)
        Rows Removed by Filter: 1865632
  ->  Hash  (cost=268306.09..268306.09 rows=3102591 width=8) (actual time=8098.968..8098.968 rows=3090000 loops=1)
        Buckets: 131072  Batches: 64  Memory Usage: 3008kB
        ->  Hash Join  (cost=102767.86..268306.09 rows=3102591 width=8) (actual time=2602.777..7135.066 rows=3090000 loops=1)
              Hash Cond: (mk.movie_id = t.id)
              ->  Seq Scan on movie_keyword mk  (cost=0.00..81003.12 rows=3102591 width=4) (actual time=0.020..1689.437 rows=3090000 loops=1)
                    Filter: (keyword_id < 11662)
                    Rows Removed by Filter: 1433930
              ->  Hash  (cost=61283.27..61283.27 rows=2528527 width=4) (actual time=2601.429..2601.429 rows=2528312 loops=1)
                    Buckets: 131072  Batches: 64  Memory Usage: 2425kB
                    ->  Seq Scan on title t  (cost=0.00..61283.27 rows=2528527 width=4) (actual time=0.024..952.846 rows=2528312 loops=1)
Planning time: 1.109 ms
Execution time: 62990.116 ms
