Seq Scan on movie_keyword mk  (cost=0.00..81003.12 rows=246 width=0) (actual time=1.257..1333.954 rows=342 loops=1)
  Filter: (keyword_id = 4078)
  Rows Removed by Filter: 4523588
Planning time: 0.247 ms
Execution time: 1334.205 ms
