Hash Join  (cost=202085.57..658874.17 rows=730213 width=0) (actual time=4226.943..15683.027 rows=4518936 loops=1)
  Hash Cond: (mi.movie_id = t.id)
  ->  Seq Scan on movie_info mi  (cost=0.00..346232.03 rows=8859586 width=4) (actual time=0.015..6367.408 rows=8966694 loops=1)
        Filter: (info_type_id < 15)
        Rows Removed by Filter: 5869026
  ->  Hash  (cost=198665.53..198665.53 rows=208403 width=8) (actual time=4224.166..4224.166 rows=210482 loops=1)
        Buckets: 131072  Batches: 4  Memory Usage: 3111kB
        ->  Hash Join  (cost=102767.86..198665.53 rows=208403 width=8) (actual time=1960.743..4146.037 rows=210482 loops=1)
              Hash Cond: (mk.movie_id = t.id)
              ->  Seq Scan on movie_keyword mk  (cost=0.00..81003.12 rows=208403 width=4) (actual time=0.023..1283.621 rows=210482 loops=1)
                    Filter: (keyword_id > 66628)
                    Rows Removed by Filter: 4313448
              ->  Hash  (cost=61283.27..61283.27 rows=2528527 width=4) (actual time=1959.790..1959.790 rows=2528312 loops=1)
                    Buckets: 131072  Batches: 64  Memory Usage: 2425kB
                    ->  Seq Scan on title t  (cost=0.00..61283.27 rows=2528527 width=4) (actual time=0.013..1074.640 rows=2528312 loops=1)
Planning time: 1.227 ms
Execution time: 16132.419 ms
