Hash Join  (cost=92883.59..1032903.95 rows=7364594 width=0) (actual time=4958.548..23244.235 rows=7284038 loops=1)
  Hash Cond: (ci.movie_id = t.id)
  ->  Seq Scan on cast_info ci  (cost=0.00..705507.15 rows=12085654 width=4) (actual time=3259.447..13035.554 rows=12144763 loops=1)
        Filter: (person_id > 2471831)
        Rows Removed by Filter: 24099581
  ->  Hash  (cost=67604.59..67604.59 rows=1540800 width=4) (actual time=1697.623..1697.623 rows=1543264 loops=1)
        Buckets: 131072  Batches: 32  Memory Usage: 2722kB
        ->  Seq Scan on title t  (cost=0.00..67604.59 rows=1540800 width=4) (actual time=0.035..1211.308 rows=1543264 loops=1)
              Filter: (kind_id = 7)
              Rows Removed by Filter: 985048
Planning time: 0.788 ms
Execution time: 24037.478 ms
