Hash Join  (cost=483811.61..1427882.65 rows=2534058 width=0) (actual time=8528.693..30308.283 rows=8829179 loops=1)
  Hash Cond: (ci.movie_id = t.id)
  ->  Seq Scan on cast_info ci  (cost=0.00..796071.18 rows=10400075 width=4) (actual time=0.008..15589.501 rows=7952844 loops=1)
        Filter: ((person_id > 632490) AND (role_id < 2))
        Rows Removed by Filter: 28291500
  ->  Hash  (cost=473703.43..473703.43 rows=616095 width=8) (actual time=8527.558..8527.558 rows=598457 loops=1)
        Buckets: 131072  Batches: 16  Memory Usage: 2474kB
        ->  Hash Join  (cost=102767.86..473703.43 rows=616095 width=8) (actual time=6682.840..8366.065 rows=598457 loops=1)
              Hash Cond: (mi.movie_id = t.id)
              ->  Seq Scan on movie_info mi  (cost=0.00..346232.03 rows=616095 width=4) (actual time=4665.259..5574.893 rows=598457 loops=1)
                    Filter: (info_type_id = 15)
                    Rows Removed by Filter: 14237263
              ->  Hash  (cost=61283.27..61283.27 rows=2528527 width=4) (actual time=1959.540..1959.540 rows=2528312 loops=1)
                    Buckets: 131072  Batches: 64  Memory Usage: 2425kB
                    ->  Seq Scan on title t  (cost=0.00..61283.27 rows=2528527 width=4) (actual time=0.023..1125.738 rows=2528312 loops=1)
Planning time: 1.200 ms
Execution time: 31386.574 ms
