Hash Join  (cost=212965.73..1027542.93 rows=277088 width=0) (actual time=5233.581..18594.805 rows=436856 loops=1)
  Hash Cond: (ci.movie_id = t.id)
  ->  Seq Scan on cast_info ci  (cost=0.00..796071.18 rows=1156035 width=4) (actual time=1146.487..13277.337 rows=2346138 loops=1)
        Filter: ((person_id > 2661441) AND (role_id = 3))
        Rows Removed by Filter: 33898206
  ->  Hash  (cost=203022.00..203022.00 rows=606059 width=8) (actual time=4086.200..4086.200 rows=332439 loops=1)
        Buckets: 131072  Batches: 8  Memory Usage: 2651kB
        ->  Hash Join  (cost=98137.04..203022.00 rows=606059 width=8) (actual time=1917.999..3994.648 rows=332439 loops=1)
              Hash Cond: (mk.movie_id = t.id)
              ->  Seq Scan on movie_keyword mk  (cost=0.00..81003.12 rows=823449 width=4) (actual time=0.030..1319.344 rows=823308 loops=1)
                    Filter: (keyword_id < 788)
                    Rows Removed by Filter: 3700622
              ->  Hash  (cost=67604.59..67604.59 rows=1860996 width=4) (actual time=1916.376..1916.376 rows=1865487 loops=1)
                    Buckets: 131072  Batches: 32  Memory Usage: 3085kB
                    ->  Seq Scan on title t  (cost=0.00..67604.59 rows=1860996 width=4) (actual time=0.024..1281.526 rows=1865487 loops=1)
                          Filter: (kind_id > 1)
                          Rows Removed by Filter: 662825
Planning time: 1.190 ms
Execution time: 18651.790 ms
