Hash Join  (cost=79788.29..581818.36 rows=2082814 width=0) (actual time=1392.839..13994.079 rows=1113816 loops=1)
  Hash Cond: (mi.movie_id = t.id)
  ->  Seq Scan on movie_info mi  (cost=0.00..309384.22 rows=14739122 width=4) (actual time=0.020..6072.890 rows=14835720 loops=1)
  ->  Hash  (cost=73925.90..73925.90 rows=357311 width=4) (actual time=1391.786..1391.786 rows=218528 loops=1)
        Buckets: 131072  Batches: 8  Memory Usage: 1985kB
        ->  Seq Scan on title t  (cost=0.00..73925.90 rows=357311 width=4) (actual time=0.019..1311.950 rows=218528 loops=1)
              Filter: ((kind_id > 1) AND (production_year < 1978))
              Rows Removed by Filter: 2309784
Planning time: 0.721 ms
Execution time: 14127.569 ms
