Seq Scan on title t  (cost=0.00..67604.59 rows=1679539 width=0) (actual time=0.018..1196.333 rows=1673541 loops=1)
  Filter: (production_year > 1993)
  Rows Removed by Filter: 854771
Planning time: 0.931 ms
Execution time: 1409.603 ms
