Hash Join  (cost=204600.22..736701.33 rows=4901019 width=0) (actual time=3941.909..18213.688 rows=7122016 loops=1)
  Hash Cond: (mi.movie_id = t.id)
  ->  Seq Scan on movie_info mi  (cost=0.00..309384.22 rows=14739122 width=4) (actual time=0.012..5770.707 rows=14835720 loops=1)
  ->  Hash  (cost=190805.47..190805.47 rows=840780 width=8) (actual time=3941.192..3941.192 rows=529513 loops=1)
        Buckets: 131072  Batches: 16  Memory Usage: 2316kB
        ->  Hash Join  (cost=102767.86..190805.47 rows=840780 width=8) (actual time=1856.465..3785.726 rows=529513 loops=1)
              Hash Cond: (mc.movie_id = t.id)
              ->  Seq Scan on movie_companies mc  (cost=0.00..57926.93 rows=840780 width=4) (actual time=0.024..1081.501 rows=529513 loops=1)
                    Filter: ((company_id < 17766) AND (company_type_id = 2))
                    Rows Removed by Filter: 2079616
              ->  Hash  (cost=61283.27..61283.27 rows=2528527 width=4) (actual time=1854.417..1854.417 rows=2528312 loops=1)
                    Buckets: 131072  Batches: 64  Memory Usage: 2415kB
                    ->  Seq Scan on title t  (cost=0.00..61283.27 rows=2528527 width=4) (actual time=0.010..1025.545 rows=2528312 loops=1)
Planning time: 1.143 ms
Execution time: 18986.499 ms
