Hash Join  (cost=78249.37..110275.82 rows=48035 width=0) (actual time=1449.124..1871.001 rows=17619 loops=1)
  Hash Cond: (mi_idx.movie_id = t.id)
  ->  Seq Scan on movie_info_idx mi_idx  (cost=0.00..25185.44 rows=460978 width=4) (actual time=0.017..523.811 rows=459925 loops=1)
        Filter: (info_type_id = 99)
        Rows Removed by Filter: 920110
  ->  Hash  (cost=73925.90..73925.90 rows=263477 width=4) (actual time=1141.105..1141.105 rows=153864 loops=1)
        Buckets: 131072  Batches: 4  Memory Usage: 2376kB
        ->  Seq Scan on title t  (cost=0.00..73925.90 rows=263477 width=4) (actual time=0.046..1087.809 rows=153864 loops=1)
              Filter: ((production_year < 1974) AND (kind_id = 7))
              Rows Removed by Filter: 2374448
Planning time: 0.742 ms
Execution time: 1873.425 ms
