Hash Join  (cost=103030.77..158075.86 rows=37957 width=0) (actual time=1924.401..3358.565 rows=135696 loops=1)
  Hash Cond: (mc.movie_id = t.id)
  ->  Seq Scan on movie_companies mc  (cost=0.00..44881.29 rows=2609129 width=4) (actual time=0.013..725.064 rows=2609129 loops=1)
  ->  Hash  (cost=102570.97..102570.97 rows=36784 width=8) (actual time=1924.010..1924.010 rows=36188 loops=1)
        Buckets: 65536  Batches: 1  Memory Usage: 1926kB
        ->  Hash Join  (cost=70965.72..102570.97 rows=36784 width=8) (actual time=1136.048..1909.393 rows=36188 loops=1)
              Hash Cond: (mi_idx.movie_id = t.id)
              ->  Seq Scan on movie_info_idx mi_idx  (cost=0.00..25185.44 rows=454124 width=4) (actual time=0.020..536.652 rows=459925 loops=1)
                    Filter: (info_type_id = 100)
                    Rows Removed by Filter: 920110
              ->  Hash  (cost=67604.59..67604.59 rows=204811 width=4) (actual time=1135.237..1135.237 rows=202996 loops=1)
                    Buckets: 131072  Batches: 4  Memory Usage: 2808kB
                    ->  Seq Scan on title t  (cost=0.00..67604.59 rows=204811 width=4) (actual time=0.020..1067.908 rows=202996 loops=1)
                          Filter: (production_year < 1956)
                          Rows Removed by Filter: 2325316
Planning time: 2.136 ms
Execution time: 3376.852 ms
