Seq Scan on title t  (cost=0.00..73925.90 rows=5474 width=0) (actual time=0.194..1221.299 rows=4487 loops=1)
  Filter: ((kind_id > 1) AND (production_year = 1954))
  Rows Removed by Filter: 2523825
Planning time: 0.424 ms
Execution time: 1222.607 ms
