Nested Loop  (cost=44377.22..145254.32 rows=4033 width=0) (actual time=924.417..2565.733 rows=18527 loops=1)
  ->  Hash Join  (cost=44376.79..132341.63 rows=21964 width=8) (actual time=924.356..2358.827 rows=18527 loops=1)
        Hash Cond: (mk.movie_id = mi_idx.movie_id)
        ->  Seq Scan on movie_keyword mk  (cost=0.00..81003.12 rows=7389 width=4) (actual time=0.069..1202.967 rows=7704 loops=1)
              Filter: (keyword_id = 797)
              Rows Removed by Filter: 4516226
        ->  Hash  (cost=21735.35..21735.35 rows=1380035 width=4) (actual time=920.937..920.937 rows=1380035 loops=1)
              Buckets: 131072  Batches: 32  Memory Usage: 2556kB
              ->  Seq Scan on movie_info_idx mi_idx  (cost=0.00..21735.35 rows=1380035 width=4) (actual time=0.015..480.347 rows=1380035 loops=1)
  ->  Index Only Scan using title_pkey on title t  (cost=0.43..0.58 rows=1 width=4) (actual time=0.010..0.011 rows=1 loops=18527)
        Index Cond: (id = mi_idx.movie_id)
        Heap Fetches: 18527
Planning time: 1.121 ms
Execution time: 2569.390 ms
