Hash Join  (cost=28269.39..779078.61 rows=2002 width=0) (actual time=436.648..16472.513 rows=32256 loops=1)
  Hash Cond: (ci.movie_id = t.id)
  ->  Seq Scan on cast_info ci  (cost=0.00..614943.12 rows=36225612 width=4) (actual time=0.016..9035.731 rows=36244344 loops=1)
  ->  Hash  (cost=28267.64..28267.64 rows=140 width=8) (actual time=432.814..432.814 rows=260 loops=1)
        Buckets: 1024  Batches: 1  Memory Usage: 19kB
        ->  Nested Loop  (cost=0.43..28267.64 rows=140 width=8) (actual time=194.378..432.689 rows=260 loops=1)
              ->  Seq Scan on movie_info_idx mi_idx  (cost=0.00..25185.44 rows=368 width=4) (actual time=194.307..415.122 rows=260 loops=1)
                    Filter: (info_type_id > 101)
                    Rows Removed by Filter: 1379775
              ->  Index Scan using title_pkey on title t  (cost=0.43..8.37 rows=1 width=4) (actual time=0.067..0.067 rows=1 loops=260)
                    Index Cond: (id = mi_idx.movie_id)
                    Filter: ((kind_id < 7) AND (production_year > 0))
Planning time: 0.832 ms
Execution time: 16480.439 ms
