Hash Join  (cost=100972.04..187683.54 rows=5346 width=0) (actual time=1850.095..3378.919 rows=17442 loops=1)
  Hash Cond: (mk.movie_id = t.id)
  ->  Seq Scan on movie_keyword mk  (cost=0.00..69693.30 rows=4523930 width=4) (actual time=0.012..813.528 rows=4523930 loops=1)
  ->  Hash  (cost=100934.69..100934.69 rows=2988 width=8) (actual time=1841.852..1841.852 rows=5946 loops=1)
        Buckets: 8192 (originally 4096)  Batches: 1 (originally 1)  Memory Usage: 297kB
        ->  Hash Join  (cost=73994.33..100934.69 rows=2988 width=8) (actual time=1233.620..1839.513 rows=5946 loops=1)
              Hash Cond: (mi_idx.movie_id = t.id)
              ->  Seq Scan on movie_info_idx mi_idx  (cost=0.00..21735.35 rows=1380035 width=4) (actual time=0.024..317.996 rows=1380035 loops=1)
              ->  Hash  (cost=73925.90..73925.90 rows=5474 width=4) (actual time=1233.452..1233.452 rows=10147 loops=1)
                    Buckets: 16384 (originally 8192)  Batches: 1 (originally 1)  Memory Usage: 485kB
                    ->  Seq Scan on title t  (cost=0.00..73925.90 rows=5474 width=4) (actual time=0.106..1228.367 rows=10147 loops=1)
                          Filter: ((kind_id > 1) AND (production_year = 1978))
                          Rows Removed by Filter: 2518165
Planning time: 1.164 ms
Execution time: 3381.364 ms
