Hash Join  (cost=146857.76..234809.58 rows=129379 width=0) (actual time=2384.039..4144.187 rows=270017 loops=1)
  Hash Cond: (mk.movie_id = t.id)
  ->  Seq Scan on movie_keyword mk  (cost=0.00..69693.30 rows=4523930 width=4) (actual time=0.012..894.704 rows=4523930 loops=1)
  ->  Hash  (cost=145953.84..145953.84 rows=72313 width=8) (actual time=2383.322..2383.322 rows=31462 loops=1)
        Buckets: 131072  Batches: 1  Memory Usage: 2253kB
        ->  Hash Join  (cost=80408.18..145953.84 rows=72313 width=8) (actual time=1434.341..2370.585 rows=31462 loops=1)
              Hash Cond: (mc.movie_id = t.id)
              ->  Seq Scan on movie_companies mc  (cost=0.00..57926.93 rows=462826 width=4) (actual time=204.253..949.905 rows=264036 loops=1)
                    Filter: ((company_id < 2980) AND (company_type_id = 2))
                    Rows Removed by Filter: 2345093
              ->  Hash  (cost=73925.90..73925.90 rows=395062 width=4) (actual time=1229.299..1229.299 rows=335993 loops=1)
                    Buckets: 131072  Batches: 8  Memory Usage: 2492kB
                    ->  Seq Scan on title t  (cost=0.00..73925.90 rows=395062 width=4) (actual time=0.034..1122.357 rows=335993 loops=1)
                          Filter: ((kind_id < 7) AND (production_year > 2005))
                          Rows Removed by Filter: 2192319
Planning time: 1.152 ms
Execution time: 4178.082 ms
