Seq Scan on cast_info ci  (cost=0.00..705507.15 rows=500 width=0) (actual time=1287.673..11015.718 rows=15 loops=1)
  Filter: (person_id = 1632501)
  Rows Removed by Filter: 36244329
Planning time: 0.353 ms
Execution time: 11015.823 ms
