Hash Join  (cost=90553.42..133947.38 rows=366790 width=0) (actual time=1639.480..2978.364 rows=198200 loops=1)
  Hash Cond: (mi_idx.movie_id = t.id)
  ->  Seq Scan on movie_info_idx mi_idx  (cost=0.00..25185.44 rows=915101 width=4) (actual time=0.026..485.625 rows=919850 loops=1)
        Filter: (info_type_id < 101)
        Rows Removed by Filter: 460185
  ->  Hash  (cost=73925.90..73925.90 rows=1013481 width=4) (actual time=1637.803..1637.803 rows=1106446 loops=1)
        Buckets: 131072  Batches: 16  Memory Usage: 3464kB
        ->  Seq Scan on title t  (cost=0.00..73925.90 rows=1013481 width=4) (actual time=0.018..1294.165 rows=1106446 loops=1)
              Filter: ((kind_id > 4) AND (production_year > 1994))
              Rows Removed by Filter: 1421866
Planning time: 0.784 ms
Execution time: 2998.644 ms
