Hash Join  (cost=106934.74..175046.81 rows=34840 width=0) (actual time=2335.680..3506.103 rows=70206 loops=1)
  Hash Cond: (mc.movie_id = t.id)
  ->  Seq Scan on movie_companies mc  (cost=0.00..57926.93 rows=36748 width=4) (actual time=168.766..838.158 rows=71353 loops=1)
        Filter: ((company_id > 175795) AND (company_type_id > 1))
        Rows Removed by Filter: 2537776
  ->  Hash  (cost=67604.59..67604.59 rows=2397212 width=4) (actual time=2165.803..2165.803 rows=2388701 loops=1)
        Buckets: 131072  Batches: 32  Memory Usage: 3650kB
        ->  Seq Scan on title t  (cost=0.00..67604.59 rows=2397212 width=4) (actual time=0.027..1426.184 rows=2388701 loops=1)
              Filter: (production_year > 1915)
              Rows Removed by Filter: 139611
Planning time: 0.705 ms
Execution time: 3515.238 ms
