Hash Join  (cost=101661.22..188644.30 rows=32504 width=0) (actual time=1896.169..3778.041 rows=316480 loops=1)
  Hash Cond: (mk.movie_id = t.id)
  ->  Seq Scan on movie_keyword mk  (cost=0.00..69693.30 rows=4523930 width=4) (actual time=0.022..970.563 rows=4523930 loops=1)
  ->  Hash  (cost=101434.13..101434.13 rows=18167 width=8) (actual time=1895.703..1895.703 rows=35988 loops=1)
        Buckets: 65536 (originally 32768)  Batches: 1 (originally 1)  Memory Usage: 1918kB
        ->  Hash Join  (cost=74341.98..101434.13 rows=18167 width=8) (actual time=1224.431..1882.646 rows=35988 loops=1)
              Hash Cond: (mi_idx.movie_id = t.id)
              ->  Seq Scan on movie_info_idx mi_idx  (cost=0.00..21735.35 rows=1380035 width=4) (actual time=0.014..339.213 rows=1380035 loops=1)
              ->  Hash  (cost=73925.90..73925.90 rows=33286 width=4) (actual time=1223.447..1223.447 rows=28113 loops=1)
                    Buckets: 65536  Batches: 1  Memory Usage: 1501kB
                    ->  Seq Scan on title t  (cost=0.00..73925.90 rows=33286 width=4) (actual time=0.048..1211.417 rows=28113 loops=1)
                          Filter: ((kind_id < 7) AND (production_year = 2004))
                          Rows Removed by Filter: 2500199
Planning time: 1.246 ms
Execution time: 3818.406 ms
