Hash Join  (cost=83074.74..833899.15 rows=3524 width=0) (actual time=1219.156..15630.853 rows=4049 loops=1)
  Hash Cond: (ci.movie_id = t.id)
  ->  Seq Scan on cast_info ci  (cost=0.00..614943.12 rows=36225612 width=4) (actual time=0.013..8116.787 rows=36244344 loops=1)
  ->  Hash  (cost=83071.67..83071.67 rows=246 width=8) (actual time=1205.678..1205.678 rows=67 loops=1)
        Buckets: 1024  Batches: 1  Memory Usage: 11kB
        ->  Nested Loop  (cost=0.43..83071.67 rows=246 width=8) (actual time=22.593..1205.571 rows=67 loops=1)
              ->  Seq Scan on movie_keyword mk  (cost=0.00..81003.12 rows=246 width=4) (actual time=22.482..1200.289 rows=67 loops=1)
                    Filter: (keyword_id = 11964)
                    Rows Removed by Filter: 4523863
              ->  Index Only Scan using title_pkey on title t  (cost=0.43..8.40 rows=1 width=4) (actual time=0.074..0.074 rows=1 loops=67)
                    Index Cond: (id = mk.movie_id)
                    Heap Fetches: 67
Planning time: 1.177 ms
Execution time: 15632.701 ms
