Hash Join  (cost=217858.32..671334.65 rows=3190186 width=0) (actual time=4986.127..17777.788 rows=9435589 loops=1)
  Hash Cond: (mi.movie_id = t.id)
  ->  Seq Scan on movie_info mi  (cost=0.00..346232.03 rows=6066786 width=4) (actual time=0.012..6308.081 rows=6065224 loops=1)
        Filter: (info_type_id > 11)
        Rows Removed by Filter: 8770496
  ->  Hash  (cost=196044.17..196044.17 rows=1329612 width=8) (actual time=4985.156..4985.156 rows=1334883 loops=1)
        Buckets: 131072  Batches: 32  Memory Usage: 2657kB
        ->  Hash Join  (cost=102767.86..196044.17 rows=1329612 width=8) (actual time=1937.908..4587.188 rows=1334883 loops=1)
              Hash Cond: (mc.movie_id = t.id)
              ->  Seq Scan on movie_companies mc  (cost=0.00..51404.11 rows=1329612 width=4) (actual time=0.015..1131.561 rows=1334883 loops=1)
                    Filter: (company_type_id > 1)
                    Rows Removed by Filter: 1274246
              ->  Hash  (cost=61283.27..61283.27 rows=2528527 width=4) (actual time=1936.742..1936.742 rows=2528312 loops=1)
                    Buckets: 131072  Batches: 64  Memory Usage: 2415kB
                    ->  Seq Scan on title t  (cost=0.00..61283.27 rows=2528527 width=4) (actual time=0.017..1102.980 rows=2528312 loops=1)
Planning time: 1.152 ms
Execution time: 18876.640 ms
