Nested Loop  (cost=0.43..83072.29 rows=1 width=0) (actual time=139.069..1302.721 rows=4 loops=1)
  ->  Seq Scan on movie_keyword mk  (cost=0.00..81003.12 rows=246 width=4) (actual time=1.142..1252.525 rows=836 loops=1)
        Filter: (keyword_id = 15222)
        Rows Removed by Filter: 4523094
  ->  Index Scan using title_pkey on title t  (cost=0.43..8.40 rows=1 width=4) (actual time=0.059..0.059 rows=0 loops=836)
        Index Cond: (id = mk.movie_id)
        Filter: (production_year = 1955)
        Rows Removed by Filter: 1
Planning time: 0.706 ms
Execution time: 1302.839 ms
