Seq Scan on movie_companies mc  (cost=0.00..57926.93 rows=840437 width=0) (actual time=190.935..1105.404 rows=642189 loops=1)
  Filter: ((company_id > 2787) AND (company_type_id < 2))
  Rows Removed by Filter: 1966940
Planning time: 0.321 ms
Execution time: 1180.771 ms
