Seq Scan on title t  (cost=0.00..73925.90 rows=1184696 width=0) (actual time=0.019..1359.394 rows=1143935 loops=1)
  Filter: ((kind_id > 3) AND (production_year < 2009))
  Rows Removed by Filter: 1384377
Planning time: 0.327 ms
Execution time: 1509.420 ms
