Hash Join  (cost=73950.44..423225.39 rows=629 width=0) (actual time=3332.697..6510.746 rows=2008 loops=1)
  Hash Cond: (mi.movie_id = t.id)
  ->  Seq Scan on movie_info mi  (cost=0.00..346232.03 rows=809768 width=4) (actual time=2258.193..5412.896 rows=802140 loops=1)
        Filter: (info_type_id < 2)
        Rows Removed by Filter: 14033580
  ->  Hash  (cost=73925.90..73925.90 rows=1963 width=4) (actual time=967.276..967.276 rows=2801 loops=1)
        Buckets: 4096 (originally 2048)  Batches: 1 (originally 1)  Memory Usage: 131kB
        ->  Seq Scan on title t  (cost=0.00..73925.90 rows=1963 width=4) (actual time=480.268..966.082 rows=2801 loops=1)
              Filter: ((kind_id = 1) AND (production_year = 1955))
              Rows Removed by Filter: 2525511
Planning time: 0.716 ms
Execution time: 6511.241 ms
