Seq Scan on movie_keyword mk  (cost=0.00..81003.12 rows=1039830 width=0) (actual time=0.024..1377.455 rows=1049752 loops=1)
  Filter: (keyword_id > 16892)
  Rows Removed by Filter: 3474178
Planning time: 0.314 ms
Execution time: 1511.509 ms
