Hash Join  (cost=28269.42..772511.94 rows=882 width=0) (actual time=3375.048..12605.607 rows=6977 loops=1)
  Hash Cond: (ci.movie_id = t.id)
  ->  Seq Scan on cast_info ci  (cost=0.00..705507.15 rows=10327081 width=4) (actual time=2997.652..10498.180 rows=10337012 loops=1)
        Filter: (person_id > 2677494)
        Rows Removed by Filter: 25907332
  ->  Hash  (cost=28266.72..28266.72 rows=216 width=8) (actual time=377.232..377.232 rows=84 loops=1)
        Buckets: 1024  Batches: 1  Memory Usage: 12kB
        ->  Nested Loop  (cost=0.43..28266.72 rows=216 width=8) (actual time=209.705..377.184 rows=84 loops=1)
              ->  Seq Scan on movie_info_idx mi_idx  (cost=0.00..25185.44 rows=368 width=4) (actual time=209.530..371.194 rows=260 loops=1)
                    Filter: (info_type_id > 101)
                    Rows Removed by Filter: 1379775
              ->  Index Scan using title_pkey on title t  (cost=0.43..8.36 rows=1 width=4) (actual time=0.022..0.022 rows=0 loops=260)
                    Index Cond: (id = mi_idx.movie_id)
                    Filter: (production_year > 1998)
                    Rows Removed by Filter: 1
Planning time: 1.204 ms
Execution time: 12607.548 ms
