Hash Join  (cost=74730.49..131350.79 rows=33158 width=0) (actual time=1162.354..2473.962 rows=22172 loops=1)
  Hash Cond: (mc.movie_id = t.id)
  ->  Seq Scan on movie_companies mc  (cost=0.00..51404.11 rows=1302562 width=4) (actual time=0.025..964.141 rows=1292536 loops=1)
        Filter: (company_id < 11256)
        Rows Removed by Filter: 1316593
  ->  Hash  (cost=73925.90..73925.90 rows=64367 width=4) (actual time=1161.764..1161.764 rows=53905 loops=1)
        Buckets: 65536  Batches: 1  Memory Usage: 2408kB
        ->  Seq Scan on title t  (cost=0.00..73925.90 rows=64367 width=4) (actual time=0.019..1140.101 rows=53905 loops=1)
              Filter: ((kind_id < 7) AND (production_year = 2012))
              Rows Removed by Filter: 2474407
Planning time: 0.748 ms
Execution time: 2477.795 ms
