Hash Join  (cost=102767.86..239686.24 rows=1913185 width=0) (actual time=2003.645..5416.013 rows=1921650 loops=1)
  Hash Cond: (mk.movie_id = t.id)
  ->  Seq Scan on movie_keyword mk  (cost=0.00..81003.12 rows=1913185 width=4) (actual time=0.020..1623.536 rows=1921650 loops=1)
        Filter: (keyword_id < 3311)
        Rows Removed by Filter: 2602280
  ->  Hash  (cost=61283.27..61283.27 rows=2528527 width=4) (actual time=2001.725..2001.725 rows=2528312 loops=1)
        Buckets: 131072  Batches: 64  Memory Usage: 2425kB
        ->  Seq Scan on title t  (cost=0.00..61283.27 rows=2528527 width=4) (actual time=0.015..1135.086 rows=2528312 loops=1)
Planning time: 0.710 ms
Execution time: 5633.222 ms
