Seq Scan on cast_info ci  (cost=0.00..796071.18 rows=2685079 width=0) (actual time=0.020..12391.049 rows=6076506 loops=1)
  Filter: ((person_id > 3041511) AND (role_id > 2))
  Rows Removed by Filter: 30167838
Planning time: 3.757 ms
Execution time: 13153.745 ms
