Hash Join  (cost=192984.04..1329438.48 rows=2471627 width=0) (actual time=4751.487..38320.478 rows=7226771 loops=1)
  Hash Cond: (ci.movie_id = t.id)
  ->  Seq Scan on cast_info ci  (cost=0.00..705507.15 rows=35073081 width=4) (actual time=0.016..16855.996 rows=35065274 loops=1)
        Filter: (person_id < 3833568)
        Rows Removed by Filter: 1179070
  ->  Hash  (cost=190059.70..190059.70 rows=178187 width=8) (actual time=4750.780..4750.780 rows=127353 loops=1)
        Buckets: 131072  Batches: 4  Memory Usage: 2230kB
        ->  Hash Join  (cost=69928.56..190059.70 rows=178187 width=8) (actual time=1153.978..4708.830 rows=127353 loops=1)
              Hash Cond: (mk.movie_id = t.id)
              ->  Seq Scan on movie_keyword mk  (cost=0.00..81003.12 rows=3181905 width=4) (actual time=0.010..1803.893 rows=3162416 loops=1)
                    Filter: (keyword_id > 1773)
                    Rows Removed by Filter: 1361514
              ->  Hash  (cost=67604.59..67604.59 rows=141598 width=4) (actual time=1152.884..1152.884 rows=141703 loops=1)
                    Buckets: 131072  Batches: 2  Memory Usage: 3517kB
                    ->  Seq Scan on title t  (cost=0.00..67604.59 rows=141598 width=4) (actual time=0.010..1100.789 rows=141703 loops=1)
                          Filter: (production_year = 2010)
                          Rows Removed by Filter: 2386609
Planning time: 0.795 ms
Execution time: 39164.459 ms
