Seq Scan on cast_info ci  (cost=0.00..705507.15 rows=24728201 width=0) (actual time=0.020..11922.386 rows=24726456 loops=1)
  Filter: (person_id < 2546260)
  Rows Removed by Filter: 11517888
Planning time: 0.324 ms
Execution time: 14812.602 ms
