Nested Loop  (cost=0.43..83071.67 rows=246 width=0) (actual time=1.309..1382.023 rows=1674 loops=1)
  ->  Seq Scan on movie_keyword mk  (cost=0.00..81003.12 rows=246 width=4) (actual time=1.265..1320.318 rows=1674 loops=1)
        Filter: (keyword_id = 1775)
        Rows Removed by Filter: 4522256
  ->  Index Only Scan using title_pkey on title t  (cost=0.43..8.40 rows=1 width=4) (actual time=0.035..0.036 rows=1 loops=1674)
        Index Cond: (id = mk.movie_id)
        Heap Fetches: 1674
Planning time: 0.719 ms
Execution time: 1382.645 ms
