Seq Scan on cast_info ci  (cost=0.00..796071.18 rows=526338 width=0) (actual time=5752.891..14362.027 rows=697136 loops=1)
  Filter: ((person_id > 1464304) AND (role_id = 5))
  Rows Removed by Filter: 35547208
Planning time: 0.434 ms
Execution time: 14450.840 ms
