Hash Join  (cost=192370.39..1423600.22 rows=19218562 width=0) (actual time=4357.958..48473.379 rows=40908066 loops=1)
  Hash Cond: (ci.movie_id = t.id)
  ->  Seq Scan on cast_info ci  (cost=0.00..614943.12 rows=36225612 width=4) (actual time=0.024..13471.457 rows=36244344 loops=1)
  ->  Hash  (cost=170361.33..170361.33 rows=1341445 width=8) (actual time=4356.727..4356.727 rows=1379855 loops=1)
        Buckets: 131072  Batches: 32  Memory Usage: 2708kB
        ->  Hash Join  (cost=107928.35..170361.33 rows=1341445 width=8) (actual time=2171.394..4021.526 rows=1379855 loops=1)
              Hash Cond: (mi_idx.movie_id = t.id)
              ->  Seq Scan on movie_info_idx mi_idx  (cost=0.00..21735.35 rows=1380035 width=4) (actual time=0.023..512.540 rows=1380035 loops=1)
              ->  Hash  (cost=67604.59..67604.59 rows=2457821 width=4) (actual time=2170.118..2170.118 rows=2456218 loops=1)
                    Buckets: 131072  Batches: 64  Memory Usage: 2375kB
                    ->  Seq Scan on title t  (cost=0.00..67604.59 rows=2457821 width=4) (actual time=0.024..1363.332 rows=2456218 loops=1)
                          Filter: (production_year > 0)
                          Rows Removed by Filter: 72094
Planning time: 1.222 ms
Execution time: 53122.205 ms
