Hash Join  (cost=177910.96..254601.67 rows=119018 width=0) (actual time=3095.444..4907.824 rows=36975 loops=1)
  Hash Cond: (mc.movie_id = t.id)
  ->  Seq Scan on movie_companies mc  (cost=0.00..44881.29 rows=2609129 width=4) (actual time=0.020..964.010 rows=2609129 loops=1)
  ->  Hash  (cost=176018.18..176018.18 rows=115342 width=8) (actual time=3093.776..3093.776 rows=16538 loops=1)
        Buckets: 131072  Batches: 2  Memory Usage: 1342kB
        ->  Hash Join  (cost=77490.57..176018.18 rows=115342 width=8) (actual time=2409.457..3087.664 rows=16538 loops=1)
              Hash Cond: (mk.movie_id = t.id)
              ->  Seq Scan on movie_keyword mk  (cost=0.00..81003.12 rows=1342419 width=4) (actual time=0.020..1411.571 rows=1361514 loops=1)
                    Filter: (keyword_id < 1774)
                    Rows Removed by Filter: 3162416
              ->  Hash  (cost=73925.90..73925.90 rows=217253 width=4) (actual time=1161.966..1161.966 rows=112299 loops=1)
                    Buckets: 131072  Batches: 4  Memory Usage: 2014kB
                    ->  Seq Scan on title t  (cost=0.00..73925.90 rows=217253 width=4) (actual time=179.160..1119.932 rows=112299 loops=1)
                          Filter: ((production_year < 1969) AND (kind_id = 7))
                          Rows Removed by Filter: 2416013
Planning time: 1.112 ms
Execution time: 4913.129 ms
