Seq Scan on movie_companies mc  (cost=0.00..51404.11 rows=104 width=0) (actual time=4.257..860.192 rows=444 loops=1)
  Filter: (company_id = 6941)
  Rows Removed by Filter: 2608685
Planning time: 0.369 ms
Execution time: 860.380 ms
