Hash Join  (cost=111952.53..872852.70 rows=160026 width=0) (actual time=5335.831..17722.334 rows=290238 loops=1)
  Hash Cond: (ci.movie_id = t.id)
  ->  Seq Scan on cast_info ci  (cost=0.00..705507.15 rows=14344745 width=4) (actual time=3414.323..12542.766 rows=14499682 loops=1)
        Filter: (person_id > 2210076)
        Rows Removed by Filter: 21744662
  ->  Hash  (cost=111599.94..111599.94 rows=28207 width=8) (actual time=1920.630..1920.630 rows=13746 loops=1)
        Buckets: 32768  Batches: 1  Memory Usage: 793kB
        ->  Hash Join  (cost=75199.97..111599.94 rows=28207 width=8) (actual time=1045.400..1915.756 rows=13746 loops=1)
              Hash Cond: (mi_idx.movie_id = t.id)
              ->  Seq Scan on movie_info_idx mi_idx  (cost=0.00..25185.44 rows=919057 width=4) (actual time=0.033..541.614 rows=920110 loops=1)
                    Filter: (info_type_id > 99)
                    Rows Removed by Filter: 459925
              ->  Hash  (cost=73925.90..73925.90 rows=77605 width=4) (actual time=1044.418..1044.418 rows=84684 loops=1)
                    Buckets: 131072  Batches: 2  Memory Usage: 2512kB
                    ->  Seq Scan on title t  (cost=0.00..73925.90 rows=77605 width=4) (actual time=332.568..989.116 rows=84684 loops=1)
                          Filter: ((kind_id = 7) AND (production_year = 2009))
                          Rows Removed by Filter: 2443628
Planning time: 1.157 ms
Execution time: 17761.366 ms
