Hash Join  (cost=78249.37..453174.04 rows=228683 width=0) (actual time=1109.340..7425.258 rows=85562 loops=1)
  Hash Cond: (mi.movie_id = t.id)
  ->  Seq Scan on movie_info mi  (cost=0.00..346232.03 rows=2194617 width=4) (actual time=0.022..5340.746 rows=2233850 loops=1)
        Filter: (info_type_id > 16)
        Rows Removed by Filter: 12601870
  ->  Hash  (cost=73925.90..73925.90 rows=263477 width=4) (actual time=1090.767..1090.767 rows=153864 loops=1)
        Buckets: 131072  Batches: 4  Memory Usage: 2382kB
        ->  Seq Scan on title t  (cost=0.00..73925.90 rows=263477 width=4) (actual time=0.025..1036.582 rows=153864 loops=1)
              Filter: ((production_year < 1974) AND (kind_id = 7))
              Rows Removed by Filter: 2374448
Planning time: 0.758 ms
Execution time: 7436.651 ms
