Seq Scan on movie_companies mc  (cost=0.00..51404.11 rows=2273810 width=0) (actual time=0.023..1062.600 rows=2271568 loops=1)
  Filter: (company_id < 89599)
  Rows Removed by Filter: 337561
Planning time: 0.315 ms
Execution time: 1353.707 ms
