Hash Join  (cost=102378.39..811918.60 rows=13946 width=0) (actual time=12091.930..13374.642 rows=11949 loops=1)
  Hash Cond: (ci.movie_id = t.id)
  ->  Seq Scan on cast_info ci  (cost=0.00..705507.15 rows=1038294 width=4) (actual time=9968.098..10803.739 rows=1068143 loops=1)
        Filter: (person_id > 3855478)
        Rows Removed by Filter: 35176201
  ->  Hash  (cost=101953.85..101953.85 rows=33963 width=8) (actual time=2120.467..2120.467 rows=82628 loops=1)
        Buckets: 131072 (originally 65536)  Batches: 2 (originally 1)  Memory Usage: 3073kB
        ->  Hash Join  (cost=74703.74..101953.85 rows=33963 width=8) (actual time=1197.804..2089.296 rows=82628 loops=1)
              Hash Cond: (mi_idx.movie_id = t.id)
              ->  Seq Scan on movie_info_idx mi_idx  (cost=0.00..21735.35 rows=1380035 width=4) (actual time=0.027..320.302 rows=1380035 loops=1)
              ->  Hash  (cost=73925.90..73925.90 rows=62227 width=4) (actual time=1197.325..1197.325 rows=162212 loops=1)
                    Buckets: 131072 (originally 65536)  Batches: 2 (originally 1)  Memory Usage: 3877kB
                    ->  Seq Scan on title t  (cost=0.00..73925.90 rows=62227 width=4) (actual time=3.589..1135.170 rows=162212 loops=1)
                          Filter: ((kind_id < 7) AND (production_year < 1950))
                          Rows Removed by Filter: 2366100
Planning time: 1.102 ms
Execution time: 13376.896 ms
