Seq Scan on movie_keyword mk  (cost=0.00..81003.12 rows=1996593 width=0) (actual time=0.026..1415.140 rows=2007165 loops=1)
  Filter: (keyword_id > 6234)
  Rows Removed by Filter: 2516765
Planning time: 0.316 ms
Execution time: 1664.057 ms
