Seq Scan on cast_info ci  (cost=0.00..705507.15 rows=13717294 width=0) (actual time=169.636..12503.007 rows=13881750 loops=1)
  Filter: (person_id > 2279590)
  Rows Removed by Filter: 22362594
Planning time: 0.302 ms
Execution time: 14245.842 ms
