Nested Loop  (cost=0.43..58358.27 rows=51 width=0) (actual time=6.035..901.134 rows=164 loops=1)
  ->  Seq Scan on movie_companies mc  (cost=0.00..57926.93 rows=51 width=4) (actual time=5.948..884.117 rows=164 loops=1)
        Filter: ((company_type_id < 2) AND (company_id = 8030))
        Rows Removed by Filter: 2608965
  ->  Index Only Scan using title_pkey on title t  (cost=0.43..8.45 rows=1 width=4) (actual time=0.101..0.102 rows=1 loops=164)
        Index Cond: (id = mc.movie_id)
        Heap Fetches: 164
Planning time: 0.743 ms
Execution time: 901.261 ms
