Seq Scan on cast_info ci  (cost=0.00..796071.18 rows=146286 width=0) (actual time=4450.443..11457.817 rows=57775 loops=1)
  Filter: ((person_id < 434454) AND (role_id = 9))
  Rows Removed by Filter: 36186569
Planning time: 0.391 ms
Execution time: 11465.484 ms
