Seq Scan on movie_keyword mk  (cost=0.00..81003.12 rows=1692638 width=0) (actual time=0.024..1463.113 rows=1699077 loops=1)
  Filter: (keyword_id < 2650)
  Rows Removed by Filter: 2824853
Planning time: 0.313 ms
Execution time: 1675.294 ms
