Seq Scan on movie_keyword mk  (cost=0.00..81003.12 rows=1500276 width=0) (actual time=0.016..1414.058 rows=1520909 loops=1)
  Filter: (keyword_id > 10616)
  Rows Removed by Filter: 3003021
Planning time: 0.236 ms
Execution time: 1599.681 ms
