Hash Join  (cost=148364.52..1200384.36 rows=1773267 width=0) (actual time=3306.848..37405.084 rows=13915660 loops=1)
  Hash Cond: (ci.movie_id = t.id)
  ->  Seq Scan on cast_info ci  (cost=0.00..614943.12 rows=36225612 width=4) (actual time=0.023..13917.463 rows=36244344 loops=1)
  ->  Hash  (cost=146333.36..146333.36 rows=123773 width=8) (actual time=3306.040..3306.040 rows=416150 loops=1)
        Buckets: 131072 (originally 131072)  Batches: 8 (originally 2)  Memory Usage: 3073kB
        ->  Hash Join  (cost=77939.33..146333.36 rows=123773 width=8) (actual time=1696.818..3170.397 rows=416150 loops=1)
              Hash Cond: (mc.movie_id = t.id)
              ->  Seq Scan on movie_companies mc  (cost=0.00..51404.11 rows=1279517 width=4) (actual time=23.125..1041.486 rows=1274246 loops=1)
                    Filter: (company_type_id = 1)
                    Rows Removed by Filter: 1334883
              ->  Hash  (cost=73925.90..73925.90 rows=244594 width=4) (actual time=1369.539..1369.539 rows=359543 loops=1)
                    Buckets: 131072 (originally 131072)  Batches: 8 (originally 4)  Memory Usage: 3073kB
                    ->  Seq Scan on title t  (cost=0.00..73925.90 rows=244594 width=4) (actual time=81.481..1245.829 rows=359543 loops=1)
                          Filter: ((kind_id < 2) AND (production_year < 1998))
                          Rows Removed by Filter: 2168769
Planning time: 1.175 ms
Execution time: 38966.714 ms
