Hash Join  (cost=561280.27..1593718.79 rows=9367279 width=0) (actual time=14397.445..34871.997 rows=11742219 loops=1)
  Hash Cond: (ci.movie_id = t.id)
  ->  Seq Scan on cast_info ci  (cost=0.00..796071.18 rows=9450970 width=4) (actual time=2629.963..15165.776 rows=5237000 loops=1)
        Filter: ((person_id < 2868881) AND (role_id > 3))
        Rows Removed by Filter: 31007344
  ->  Hash  (cost=520163.57..520163.57 rows=2506136 width=8) (actual time=11765.432..11765.432 rows=2599585 loops=1)
        Buckets: 131072  Batches: 64  Memory Usage: 2615kB
        ->  Hash Join  (cost=101489.21..520163.57 rows=2506136 width=8) (actual time=4185.574..10951.851 rows=2599585 loops=1)
              Hash Cond: (mi.movie_id = t.id)
              ->  Seq Scan on movie_info mi  (cost=0.00..346232.03 rows=3068194 width=4) (actual time=1728.447..5702.679 rows=3036719 loops=1)
                    Filter: (info_type_id = 16)
                    Rows Removed by Filter: 11799001
              ->  Hash  (cost=67604.59..67604.59 rows=2065330 width=4) (actual time=2455.617..2455.617 rows=2064552 loops=1)
                    Buckets: 131072  Batches: 32  Memory Usage: 3298kB
                    ->  Seq Scan on title t  (cost=0.00..67604.59 rows=2065330 width=4) (actual time=0.018..1507.616 rows=2064552 loops=1)
                          Filter: (production_year < 2011)
                          Rows Removed by Filter: 463760
Planning time: 1.640 ms
Execution time: 36230.516 ms
