Hash Join  (cost=459454.89..1538905.30 rows=21137223 width=181) (actual time=12481.336..120522.046 rows=193788159 loops=1)
  Hash Cond: (mi.movie_id = t.id)
  ->  Seq Scan on movie_info mi  (cost=0.00..346232.03 rows=13929354 width=75) (actual time=0.016..9610.786 rows=14033580 loops=1)
        Filter: (info_type_id > 1)
        Rows Removed by Filter: 802140
  ->  Hash  (cost=347793.19..347793.19 rows=3836936 width=106) (actual time=12478.198..12478.198 rows=3831762 loops=1)
        Buckets: 32768  Batches: 256  Memory Usage: 2266kB
        ->  Hash Join  (cost=129928.86..347793.19 rows=3836936 width=106) (actual time=2555.229..9578.538 rows=3831762 loops=1)
              Hash Cond: (mk.movie_id = t.id)
              ->  Seq Scan on movie_keyword mk  (cost=0.00..81003.12 rows=3836936 width=12) (actual time=0.023..2053.699 rows=3831762 loops=1)
                    Filter: (keyword_id < 27197)
                    Rows Removed by Filter: 692168
              ->  Hash  (cost=61283.27..61283.27 rows=2528527 width=94) (actual time=2551.043..2551.043 rows=2528312 loops=1)
                    Buckets: 32768  Batches: 128  Memory Usage: 2470kB
                    ->  Seq Scan on title t  (cost=0.00..61283.27 rows=2528527 width=94) (actual time=0.044..1264.390 rows=2528312 loops=1)
Planning time: 1.383 ms
Execution time: 131317.028 ms
