Hash Join  (cost=74467.58..464286.39 rows=190492 width=0) (actual time=1167.775..9528.774 rows=287166 loops=1)
  Hash Cond: (mi.movie_id = t.id)
  ->  Seq Scan on movie_info mi  (cost=0.00..346232.03 rows=11115165 width=4) (actual time=0.024..5904.498 rows=11210743 loops=1)
        Filter: (info_type_id > 3)
        Rows Removed by Filter: 3624977
  ->  Hash  (cost=73925.90..73925.90 rows=43334 width=4) (actual time=1167.388..1167.388 rows=35836 loops=1)
        Buckets: 65536  Batches: 1  Memory Usage: 1772kB
        ->  Seq Scan on title t  (cost=0.00..73925.90 rows=43334 width=4) (actual time=0.022..1152.249 rows=35836 loops=1)
              Filter: ((kind_id < 4) AND (production_year = 2009))
              Rows Removed by Filter: 2492476
Planning time: 0.926 ms
Execution time: 9568.791 ms
