Hash Join  (cost=137571.21..265661.04 rows=499679 width=0) (actual time=3078.675..7490.573 rows=2745660 loops=1)
  Hash Cond: (mk.movie_id = t.id)
  ->  Seq Scan on movie_keyword mk  (cost=0.00..69693.30 rows=4523930 width=4) (actual time=0.036..1556.774 rows=4523930 loops=1)
  ->  Hash  (cost=132989.19..132989.19 rows=279282 width=8) (actual time=3077.737..3077.737 rows=336821 loops=1)
        Buckets: 131072 (originally 131072)  Batches: 8 (originally 4)  Memory Usage: 3073kB
        ->  Hash Join  (cost=93117.31..132989.19 rows=279282 width=8) (actual time=1869.895..2966.216 rows=336821 loops=1)
              Hash Cond: (mi_idx.movie_id = t.id)
              ->  Seq Scan on movie_info_idx mi_idx  (cost=0.00..25185.44 rows=454124 width=4) (actual time=0.016..482.750 rows=459925 loops=1)
                    Filter: (info_type_id = 100)
                    Rows Removed by Filter: 920110
              ->  Hash  (cost=67604.59..67604.59 rows=1555018 width=4) (actual time=1868.866..1868.866 rows=1551727 loops=1)
                    Buckets: 131072  Batches: 32  Memory Usage: 2728kB
                    ->  Seq Scan on title t  (cost=0.00..67604.59 rows=1555018 width=4) (actual time=0.025..1353.896 rows=1551727 loops=1)
                          Filter: (production_year < 2007)
                          Rows Removed by Filter: 976585
Planning time: 1.486 ms
Execution time: 7821.732 ms
