Seq Scan on movie_keyword mk  (cost=0.00..81003.12 rows=3239981 width=0) (actual time=0.022..1244.880 rows=3229650 loops=1)
  Filter: (keyword_id < 13643)
  Rows Removed by Filter: 1294280
Planning time: 0.323 ms
Execution time: 1593.513 ms
