Seq Scan on movie_keyword mk  (cost=0.00..81003.12 rows=3530028 width=0) (actual time=0.021..1481.675 rows=3520335 loops=1)
  Filter: (keyword_id < 18406)
  Rows Removed by Filter: 1003595
Planning time: 4.640 ms
Execution time: 1911.790 ms
