Seq Scan on movie_companies mc  (cost=0.00..57926.93 rows=580489 width=0) (actual time=0.021..1040.271 rows=866561 loops=1)
  Filter: ((company_id > 13165) AND (company_type_id > 1))
  Rows Removed by Filter: 1742568
Planning time: 0.315 ms
Execution time: 1148.402 ms
