Seq Scan on movie_keyword mk  (cost=0.00..81003.12 rows=246 width=0) (actual time=17.115..1164.157 rows=105 loops=1)
  Filter: (keyword_id = 2307)
  Rows Removed by Filter: 4523825
Planning time: 0.243 ms
Execution time: 1164.320 ms
