Seq Scan on movie_keyword mk  (cost=0.00..81003.12 rows=246 width=0) (actual time=15.157..1265.276 rows=1 loops=1)
  Filter: (keyword_id = 29126)
  Rows Removed by Filter: 4523929
Planning time: 0.348 ms
Execution time: 1265.368 ms
