Hash Join  (cost=102191.01..186917.04 rows=11519 width=0) (actual time=1781.801..3373.973 rows=11030 loops=1)
  Hash Cond: (mk.movie_id = t.id)
  ->  Seq Scan on movie_keyword mk  (cost=0.00..81003.12 rows=962056 width=4) (actual time=0.023..1399.559 rows=966214 loops=1)
        Filter: (keyword_id < 910)
        Rows Removed by Filter: 3557716
  ->  Hash  (cost=101812.59..101812.59 rows=30274 width=8) (actual time=1779.834..1779.834 rows=18218 loops=1)
        Buckets: 32768  Batches: 1  Memory Usage: 968kB
        ->  Hash Join  (cost=70308.29..101812.59 rows=30274 width=8) (actual time=1092.911..1773.816 rows=18218 loops=1)
              Hash Cond: (mi_idx.movie_id = t.id)
              ->  Seq Scan on movie_info_idx mi_idx  (cost=0.00..25185.44 rows=464566 width=4) (actual time=0.018..478.541 rows=459925 loops=1)
                    Filter: (info_type_id = 101)
                    Rows Removed by Filter: 920110
              ->  Hash  (cost=67604.59..67604.59 rows=164776 width=4) (actual time=1092.082..1092.082 rows=164307 loops=1)
                    Buckets: 131072  Batches: 4  Memory Usage: 2482kB
                    ->  Seq Scan on title t  (cost=0.00..67604.59 rows=164776 width=4) (actual time=0.017..1035.870 rows=164307 loops=1)
                          Filter: (production_year = 2012)
                          Rows Removed by Filter: 2364005
Planning time: 1.108 ms
Execution time: 3375.943 ms
