Seq Scan on movie_keyword mk  (cost=0.00..81003.12 rows=246 width=0) (actual time=1.925..1165.289 rows=1016 loops=1)
  Filter: (keyword_id = 3046)
  Rows Removed by Filter: 4522914
Planning time: 0.358 ms
Execution time: 1165.713 ms
