Seq Scan on movie_keyword mk  (cost=0.00..81003.12 rows=736542 width=0) (actual time=0.033..1422.135 rows=739291 loops=1)
  Filter: (keyword_id < 664)
  Rows Removed by Filter: 3784639
Planning time: 0.338 ms
Execution time: 1517.360 ms
