Hash Join  (cost=805701.65..3397099.05 rows=120769117 width=0) (actual time=18770.797..88718.555 rows=122320377 loops=1)
  Hash Cond: (ci.movie_id = t.id)
  ->  Seq Scan on cast_info ci  (cost=0.00..614943.12 rows=36225612 width=4) (actual time=0.016..13544.263 rows=36244344 loops=1)
  ->  Hash  (cost=667402.46..667402.46 rows=8429615 width=8) (actual time=18768.421..18768.421 rows=5346171 loops=1)
        Buckets: 131072  Batches: 128  Memory Usage: 2660kB
        ->  Hash Join  (cost=97651.38..667402.46 rows=8429615 width=8) (actual time=2344.604..17196.833 rows=5346171 loops=1)
              Hash Cond: (mi.movie_id = t.id)
              ->  Seq Scan on movie_info mi  (cost=0.00..309384.22 rows=14739122 width=4) (actual time=0.021..5821.754 rows=14835720 loops=1)
              ->  Hash  (cost=73925.90..73925.90 rows=1446118 width=4) (actual time=2343.475..2343.475 rows=1571232 loops=1)
                    Buckets: 131072  Batches: 32  Memory Usage: 2767kB
                    ->  Seq Scan on title t  (cost=0.00..73925.90 rows=1446118 width=4) (actual time=0.018..1551.955 rows=1571232 loops=1)
                          Filter: ((kind_id > 1) AND (production_year > 1978))
                          Rows Removed by Filter: 957080
Planning time: 6.254 ms
Execution time: 103024.397 ms
