Seq Scan on movie_keyword mk  (cost=0.00..81003.12 rows=246 width=0) (actual time=2.427..1226.437 rows=305 loops=1)
  Filter: (keyword_id = 32958)
  Rows Removed by Filter: 4523625
Planning time: 0.366 ms
Execution time: 1226.680 ms
