Hash Join  (cost=209315.21..291800.83 rows=539409 width=0) (actual time=4422.972..6643.177 rows=696386 loops=1)
  Hash Cond: (mc.movie_id = t.id)
  ->  Seq Scan on movie_companies mc  (cost=0.00..44881.29 rows=2609129 width=4) (actual time=0.023..865.347 rows=2609129 loops=1)
  ->  Hash  (cost=200738.88..200738.88 rows=522746 width=8) (actual time=4421.521..4421.521 rows=236846 loops=1)
        Buckets: 131072  Batches: 8  Memory Usage: 2176kB
        ->  Hash Join  (cost=98137.04..200738.88 rows=522746 width=8) (actual time=1945.690..4344.834 rows=236846 loops=1)
              Hash Cond: (mk.movie_id = t.id)
              ->  Seq Scan on movie_keyword mk  (cost=0.00..81003.12 rows=710252 width=4) (actual time=0.025..1379.993 rows=715648 loops=1)
                    Filter: (keyword_id > 26330)
                    Rows Removed by Filter: 3808282
              ->  Hash  (cost=67604.59..67604.59 rows=1860996 width=4) (actual time=1943.670..1943.670 rows=1865487 loops=1)
                    Buckets: 131072  Batches: 32  Memory Usage: 3085kB
                    ->  Seq Scan on title t  (cost=0.00..67604.59 rows=1860996 width=4) (actual time=1.583..1298.123 rows=1865487 loops=1)
                          Filter: (kind_id > 1)
                          Rows Removed by Filter: 662825
Planning time: 1.100 ms
Execution time: 6736.482 ms
