Seq Scan on cast_info ci  (cost=0.00..796071.18 rows=4004090 width=0) (actual time=2222.865..13319.325 rows=6856758 loops=1)
  Filter: ((person_id > 2093734) AND (role_id > 4))
  Rows Removed by Filter: 29387586
Planning time: 0.328 ms
Execution time: 14159.250 ms
