Hash Join  (cost=263115.61..1060046.88 rows=3437902 width=0) (actual time=13237.774..22673.607 rows=11743822 loops=1)
  Hash Cond: (ci.movie_id = t.id)
  ->  Seq Scan on cast_info ci  (cost=0.00..705507.15 rows=3331697 width=4) (actual time=6795.753..10883.910 rows=3350783 loops=1)
        Filter: (person_id > 3446460)
        Rows Removed by Filter: 32893561
  ->  Hash  (cost=220309.49..220309.49 rows=2609129 width=8) (actual time=6440.727..6440.727 rows=2609129 loops=1)
        Buckets: 131072  Batches: 64  Memory Usage: 2610kB
        ->  Hash Join  (cost=102767.86..220309.49 rows=2609129 width=8) (actual time=1904.652..5724.329 rows=2609129 loops=1)
              Hash Cond: (mc.movie_id = t.id)
              ->  Seq Scan on movie_companies mc  (cost=0.00..44881.29 rows=2609129 width=4) (actual time=0.022..1024.878 rows=2609129 loops=1)
              ->  Hash  (cost=61283.27..61283.27 rows=2528527 width=4) (actual time=1903.370..1903.370 rows=2528312 loops=1)
                    Buckets: 131072  Batches: 64  Memory Usage: 2415kB
                    ->  Seq Scan on title t  (cost=0.00..61283.27 rows=2528527 width=4) (actual time=0.031..1065.401 rows=2528312 loops=1)
Planning time: 1.159 ms
Execution time: 24024.555 ms
