Hash Join  (cost=521607.22..1540068.79 rows=9931891 width=0) (actual time=10889.019..36776.792 rows=12162170 loops=1)
  Hash Cond: (ci.movie_id = t.id)
  ->  Seq Scan on cast_info ci  (cost=0.00..705507.15 rows=16201301 width=4) (actual time=1055.272..14107.225 rows=16121683 loops=1)
        Filter: (role_id > 2)
        Rows Removed by Filter: 20122661
  ->  Hash  (cost=496176.42..496176.42 rows=1550064 width=8) (actual time=9832.820..9832.820 rows=1533909 loops=1)
        Buckets: 131072  Batches: 32  Memory Usage: 2883kB
        ->  Hash Join  (cost=102767.86..496176.42 rows=1550064 width=8) (actual time=1963.929..9352.389 rows=1533909 loops=1)
              Hash Cond: (mi.movie_id = t.id)
              ->  Seq Scan on movie_info mi  (cost=0.00..346232.03 rows=1550064 width=4) (actual time=0.029..5644.671 rows=1533909 loops=1)
                    Filter: (info_type_id = 3)
                    Rows Removed by Filter: 13301811
              ->  Hash  (cost=61283.27..61283.27 rows=2528527 width=4) (actual time=1962.748..1962.748 rows=2528312 loops=1)
                    Buckets: 131072  Batches: 64  Memory Usage: 2425kB
                    ->  Seq Scan on title t  (cost=0.00..61283.27 rows=2528527 width=4) (actual time=0.036..1104.604 rows=2528312 loops=1)
Planning time: 1.163 ms
Execution time: 38142.499 ms
