Seq Scan on movie_companies mc  (cost=0.00..51404.11 rows=104 width=0) (actual time=26.997..643.079 rows=4 loops=1)
  Filter: (company_id = 129323)
  Rows Removed by Filter: 2609125
Planning time: 0.351 ms
Execution time: 643.148 ms
