Hash Join  (cost=72583.38..113117.90 rows=165604 width=0) (actual time=1134.106..2153.953 rows=170151 loops=1)
  Hash Cond: (mi_idx.movie_id = t.id)
  ->  Seq Scan on movie_info_idx mi_idx  (cost=0.00..21735.35 rows=1380035 width=4) (actual time=0.023..404.010 rows=1380035 loops=1)
  ->  Hash  (cost=67604.59..67604.59 rows=303423 width=4) (actual time=1133.150..1133.150 rows=296471 loops=1)
        Buckets: 131072  Batches: 4  Memory Usage: 3625kB
        ->  Seq Scan on title t  (cost=0.00..67604.59 rows=303423 width=4) (actual time=0.011..1033.121 rows=296471 loops=1)
              Filter: (production_year < 1965)
              Rows Removed by Filter: 2231841
Planning time: 8.207 ms
Execution time: 2173.151 ms
