Seq Scan on cast_info ci  (cost=0.00..705507.15 rows=500 width=0) (actual time=6928.782..10433.777 rows=102 loops=1)
  Filter: (person_id = 3691663)
  Rows Removed by Filter: 36244242
Planning time: 0.342 ms
Execution time: 10433.873 ms
