Nested Loop  (cost=0.43..797958.22 rows=138 width=0) (actual time=2155.918..13653.475 rows=78 loops=1)
  ->  Seq Scan on cast_info ci  (cost=0.00..796071.18 rows=224 width=4) (actual time=705.353..13651.936 rows=102 loops=1)
        Filter: ((role_id > 2) AND (person_id = 786425))
        Rows Removed by Filter: 36244242
  ->  Index Scan using title_pkey on title t  (cost=0.43..8.41 rows=1 width=4) (actual time=0.013..0.013 rows=1 loops=102)
        Index Cond: (id = ci.movie_id)
        Filter: (kind_id > 4)
        Rows Removed by Filter: 0
Planning time: 0.752 ms
Execution time: 13653.601 ms
