Seq Scan on movie_keyword mk  (cost=0.00..81003.12 rows=1635657 width=0) (actual time=0.024..1395.558 rows=1645753 loops=1)
  Filter: (keyword_id < 2499)
  Rows Removed by Filter: 2878177
Planning time: 0.265 ms
Execution time: 1599.598 ms
