Nested Loop  (cost=0.43..83071.67 rows=246 width=0) (actual time=37.776..1398.354 rows=1486 loops=1)
  ->  Seq Scan on movie_keyword mk  (cost=0.00..81003.12 rows=246 width=4) (actual time=37.685..1327.801 rows=1486 loops=1)
        Filter: (keyword_id = 856)
        Rows Removed by Filter: 4522444
  ->  Index Only Scan using title_pkey on title t  (cost=0.43..8.40 rows=1 width=4) (actual time=0.046..0.047 rows=1 loops=1486)
        Index Cond: (id = mk.movie_id)
        Heap Fetches: 1486
Planning time: 0.684 ms
Execution time: 1398.831 ms
