Hash Join  (cost=74430.83..161811.58 rows=72271 width=0) (actual time=1285.066..3047.927 rows=8991 loops=1)
  Hash Cond: (mk.movie_id = t.id)
  ->  Seq Scan on movie_keyword mk  (cost=0.00..69693.30 rows=4523930 width=4) (actual time=0.017..1023.186 rows=4523930 loops=1)
  ->  Hash  (cost=73925.90..73925.90 rows=40394 width=4) (actual time=1194.670..1194.670 rows=40264 loops=1)
        Buckets: 65536  Batches: 1  Memory Usage: 1928kB
        ->  Seq Scan on title t  (cost=0.00..73925.90 rows=40394 width=4) (actual time=0.041..1178.269 rows=40264 loops=1)
              Filter: ((kind_id > 4) AND (production_year = 2013))
              Rows Removed by Filter: 2488048
Planning time: 0.733 ms
Execution time: 3049.301 ms
