Seq Scan on movie_companies mc  (cost=0.00..51404.11 rows=927579 width=0) (actual time=0.021..819.748 rows=927648 loops=1)
  Filter: (company_id < 3270)
  Rows Removed by Filter: 1681481
Planning time: 0.306 ms
Execution time: 933.474 ms
