Seq Scan on movie_companies mc  (cost=0.00..57926.93 rows=819580 width=0) (actual time=0.023..1110.118 rows=1126014 loops=1)
  Filter: ((company_id < 18747) AND (company_type_id = 1))
  Rows Removed by Filter: 1483115
Planning time: 0.372 ms
Execution time: 1250.682 ms
