Hash Join  (cost=69460.45..146119.12 rows=116715 width=0) (actual time=1060.054..2953.145 rows=100506 loops=1)
  Hash Cond: (mc.movie_id = t.id)
  ->  Seq Scan on movie_companies mc  (cost=0.00..44881.29 rows=2609129 width=4) (actual time=0.021..871.066 rows=2609129 loops=1)
  ->  Hash  (cost=67604.59..67604.59 rows=113109 width=4) (actual time=1059.325..1059.325 rows=119565 loops=1)
        Buckets: 131072  Batches: 2  Memory Usage: 3115kB
        ->  Seq Scan on title t  (cost=0.00..67604.59 rows=113109 width=4) (actual time=0.011..1015.281 rows=119565 loops=1)
              Filter: (production_year = 2007)
              Rows Removed by Filter: 2408747
Planning time: 0.772 ms
Execution time: 2967.918 ms
