Hash Join  (cost=434268.12..1186061.17 rows=100385 width=0) (actual time=6900.791..36212.856 rows=16536793 loops=1)
  Hash Cond: (ci.movie_id = t.id)
  ->  Seq Scan on cast_info ci  (cost=0.00..614943.12 rows=36225612 width=4) (actual time=0.017..9933.412 rows=36244344 loops=1)
  ->  Hash  (cost=434180.53..434180.53 rows=7007 width=8) (actual time=6900.636..6900.636 rows=147342 loops=1)
        Buckets: 131072 (originally 8192)  Batches: 2 (originally 1)  Memory Usage: 3917kB
        ->  Hash Join  (cost=83810.17..434180.53 rows=7007 width=8) (actual time=6198.427..6854.789 rows=147342 loops=1)
              Hash Cond: (mi.movie_id = t.id)
              ->  Seq Scan on movie_info mi  (cost=0.00..346232.03 rows=17937 width=4) (actual time=4527.957..4926.640 rows=147487 loops=1)
                    Filter: (info_type_id = 107)
                    Rows Removed by Filter: 14688233
              ->  Hash  (cost=67604.59..67604.59 rows=987727 width=4) (actual time=1644.345..1644.345 rows=985048 loops=1)
                    Buckets: 131072  Batches: 16  Memory Usage: 3197kB
                    ->  Seq Scan on title t  (cost=0.00..67604.59 rows=987727 width=4) (actual time=0.027..1310.275 rows=985048 loops=1)
                          Filter: (kind_id < 7)
                          Rows Removed by Filter: 1543264
Planning time: 1.163 ms
Execution time: 38115.325 ms
