Hash Join  (cost=102767.86..183702.97 rows=816677 width=0) (actual time=1996.048..3950.686 rows=825392 loops=1)
  Hash Cond: (mc.movie_id = t.id)
  ->  Seq Scan on movie_companies mc  (cost=0.00..51404.11 rows=816677 width=4) (actual time=0.027..925.741 rows=825392 loops=1)
        Filter: (company_id > 27910)
        Rows Removed by Filter: 1783737
  ->  Hash  (cost=61283.27..61283.27 rows=2528527 width=4) (actual time=1994.382..1994.382 rows=2528312 loops=1)
        Buckets: 131072  Batches: 64  Memory Usage: 2415kB
        ->  Seq Scan on title t  (cost=0.00..61283.27 rows=2528527 width=4) (actual time=0.016..1138.140 rows=2528312 loops=1)
Planning time: 0.682 ms
Execution time: 4040.729 ms
