Hash Join  (cost=100889.27..851795.06 rows=11661 width=0) (actual time=1877.173..17385.319 rows=17238 loops=1)
  Hash Cond: (ci.movie_id = t.id)
  ->  Seq Scan on cast_info ci  (cost=0.00..614943.12 rows=36225612 width=4) (actual time=0.017..8505.589 rows=36244344 loops=1)
  ->  Hash  (cost=100879.10..100879.10 rows=814 width=8) (actual time=1865.705..1865.705 rows=733 loops=1)
        Buckets: 1024  Batches: 1  Memory Usage: 37kB
        ->  Hash Join  (cost=73982.55..100879.10 rows=814 width=8) (actual time=1417.180..1865.298 rows=733 loops=1)
              Hash Cond: (mi_idx.movie_id = t.id)
              ->  Seq Scan on movie_info_idx mi_idx  (cost=0.00..25185.44 rows=454124 width=4) (actual time=0.025..451.110 rows=459925 loops=1)
                    Filter: (info_type_id = 100)
                    Rows Removed by Filter: 920110
              ->  Hash  (cost=73925.90..73925.90 rows=4532 width=4) (actual time=1322.240..1322.240 rows=8768 loops=1)
                    Buckets: 16384 (originally 8192)  Batches: 1 (originally 1)  Memory Usage: 437kB
                    ->  Seq Scan on title t  (cost=0.00..73925.90 rows=4532 width=4) (actual time=0.029..1317.895 rows=8768 loops=1)
                          Filter: ((kind_id = 7) AND (production_year = 1970))
                          Rows Removed by Filter: 2519544
Planning time: 1.117 ms
Execution time: 17389.459 ms
