Seq Scan on movie_keyword mk  (cost=0.00..81003.12 rows=11792 width=0) (actual time=410.215..1239.005 rows=9311 loops=1)
  Filter: (keyword_id > 125685)
  Rows Removed by Filter: 4514619
Planning time: 0.269 ms
Execution time: 1240.606 ms
