Hash Join  (cost=103076.32..660198.68 rows=8102877 width=0) (actual time=3462.625..16537.416 rows=7207037 loops=1)
  Hash Cond: (mi.movie_id = t.id)
  ->  Seq Scan on movie_info mi  (cost=0.00..346232.03 rows=9476311 width=4) (actual time=640.874..6706.144 rows=9565151 loops=1)
        Filter: (info_type_id < 16)
        Rows Removed by Filter: 5270569
  ->  Hash  (cost=67604.59..67604.59 rows=2162059 width=4) (actual time=2820.818..2820.818 rows=2159747 loops=1)
        Buckets: 131072  Batches: 32  Memory Usage: 3409kB
        ->  Seq Scan on title t  (cost=0.00..67604.59 rows=2162059 width=4) (actual time=0.030..1369.286 rows=2159747 loops=1)
              Filter: (production_year > 1964)
              Rows Removed by Filter: 368565
Planning time: 0.712 ms
Execution time: 17322.784 ms
