Hash Join  (cost=206425.33..351690.28 rows=1909391 width=0) (actual time=4396.299..12694.561 rows=21494460 loops=1)
  Hash Cond: (mk.movie_id = t.id)
  ->  Seq Scan on movie_keyword mk  (cost=0.00..69693.30 rows=4523930 width=4) (actual time=0.014..1442.979 rows=4523930 loops=1)
  ->  Hash  (cost=188916.30..188916.30 rows=1067202 width=8) (actual time=4395.302..4395.302 rows=936411 loops=1)
        Buckets: 131072  Batches: 16  Memory Usage: 3354kB
        ->  Hash Join  (cost=102205.59..188916.30 rows=1067202 width=8) (actual time=1916.249..4130.458 rows=936411 loops=1)
              Hash Cond: (mc.movie_id = t.id)
              ->  Seq Scan on movie_companies mc  (cost=0.00..51404.11 rows=1279517 width=4) (actual time=0.025..977.325 rows=1274246 loops=1)
                    Filter: (company_type_id < 2)
                    Rows Removed by Filter: 1334883
              ->  Hash  (cost=67604.59..67604.59 rows=2108960 width=4) (actual time=1915.081..1915.081 rows=2104137 loops=1)
                    Buckets: 131072  Batches: 32  Memory Usage: 3341kB
                    ->  Seq Scan on title t  (cost=0.00..67604.59 rows=2108960 width=4) (actual time=0.014..1244.839 rows=2104137 loops=1)
                          Filter: (production_year > 1968)
                          Rows Removed by Filter: 424175
Planning time: 1.034 ms
Execution time: 14792.915 ms
