Seq Scan on movie_keyword mk  (cost=0.00..81003.12 rows=2855619 width=0) (actual time=0.021..1456.127 rows=2844540 loops=1)
  Filter: (keyword_id < 8658)
  Rows Removed by Filter: 1679390
Planning time: 0.297 ms
Execution time: 1797.237 ms
