Seq Scan on movie_companies mc  (cost=0.00..51404.11 rows=2361903 width=0) (actual time=0.021..941.603 rows=2365657 loops=1)
  Filter: (company_id > 109)
  Rows Removed by Filter: 243472
Planning time: 0.279 ms
Execution time: 1237.354 ms
