Hash Join  (cost=102767.86..915255.19 rows=271640 width=0) (actual time=3627.631..16612.375 rows=283251 loops=1)
  Hash Cond: (ci.movie_id = t.id)
  ->  Seq Scan on cast_info ci  (cost=0.00..796071.18 rows=271640 width=4) (actual time=1720.002..14102.419 rows=283251 loops=1)
        Filter: ((person_id > 782106) AND (role_id > 10))
        Rows Removed by Filter: 35961093
  ->  Hash  (cost=61283.27..61283.27 rows=2528527 width=4) (actual time=1906.422..1906.422 rows=2528312 loops=1)
        Buckets: 131072  Batches: 64  Memory Usage: 2415kB
        ->  Seq Scan on title t  (cost=0.00..61283.27 rows=2528527 width=4) (actual time=0.021..1085.583 rows=2528312 loops=1)
Planning time: 0.697 ms
Execution time: 16642.342 ms
