Seq Scan on cast_info ci  (cost=0.00..796071.18 rows=3328537 width=0) (actual time=94.358..13940.321 rows=5684778 loops=1)
  Filter: ((person_id > 1962621) AND (role_id = 2))
  Rows Removed by Filter: 30559566
Planning time: 0.598 ms
Execution time: 14643.895 ms
