Hash Join  (cost=156996.97..910601.29 rows=37444 width=0) (actual time=3147.307..17126.080 rows=73380 loops=1)
  Hash Cond: (ci.movie_id = t.id)
  ->  Seq Scan on cast_info ci  (cost=0.00..705507.15 rows=12726058 width=4) (actual time=629.217..12604.138 rows=12670688 loops=1)
        Filter: (role_id = 1)
        Rows Removed by Filter: 23573656
  ->  Hash  (cost=156903.97..156903.97 rows=7440 width=8) (actual time=2517.319..2517.319 rows=4495 loops=1)
        Buckets: 8192  Batches: 1  Memory Usage: 240kB
        ->  Hash Join  (cost=74730.49..156903.97 rows=7440 width=8) (actual time=1174.609..2514.889 rows=4495 loops=1)
              Hash Cond: (mk.movie_id = t.id)
              ->  Seq Scan on movie_keyword mk  (cost=0.00..81003.12 rows=292255 width=4) (actual time=0.028..1251.207 rows=311486 loops=1)
                    Filter: (keyword_id < 249)
                    Rows Removed by Filter: 4212444
              ->  Hash  (cost=73925.90..73925.90 rows=64367 width=4) (actual time=1174.278..1174.278 rows=53905 loops=1)
                    Buckets: 65536  Batches: 1  Memory Usage: 2408kB
                    ->  Seq Scan on title t  (cost=0.00..73925.90 rows=64367 width=4) (actual time=0.140..1152.143 rows=53905 loops=1)
                          Filter: ((kind_id < 7) AND (production_year = 2012))
                          Rows Removed by Filter: 2474407
Planning time: 1.118 ms
Execution time: 17137.953 ms
