Hash Join  (cost=83074.74..431752.25 rows=63 width=0) (actual time=5146.509..6723.184 rows=392 loops=1)
  Hash Cond: (mi.movie_id = t.id)
  ->  Seq Scan on movie_info mi  (cost=0.00..346232.03 rows=651960 width=4) (actual time=3833.148..5322.039 rows=660923 loops=1)
        Filter: (info_type_id = 18)
        Rows Removed by Filter: 14174797
  ->  Hash  (cost=83071.67..83071.67 rows=246 width=8) (actual time=1302.869..1302.869 rows=131 loops=1)
        Buckets: 1024  Batches: 1  Memory Usage: 14kB
        ->  Nested Loop  (cost=0.43..83071.67 rows=246 width=8) (actual time=19.909..1302.676 rows=131 loops=1)
              ->  Seq Scan on movie_keyword mk  (cost=0.00..81003.12 rows=246 width=4) (actual time=19.762..1297.689 rows=131 loops=1)
                    Filter: (keyword_id = 9357)
                    Rows Removed by Filter: 4523799
              ->  Index Only Scan using title_pkey on title t  (cost=0.43..8.40 rows=1 width=4) (actual time=0.032..0.033 rows=1 loops=131)
                    Index Cond: (id = mk.movie_id)
                    Heap Fetches: 131
Planning time: 2.637 ms
Execution time: 6723.356 ms
