Hash Join  (cost=83074.74..137742.81 rows=254 width=0) (actual time=4330.966..5461.894 rows=8879 loops=1)
  Hash Cond: (mc.movie_id = t.id)
  ->  Seq Scan on movie_companies mc  (cost=0.00..44881.29 rows=2609129 width=4) (actual time=0.023..639.955 rows=2609129 loops=1)
  ->  Hash  (cost=83071.67..83071.67 rows=246 width=8) (actual time=4329.300..4329.300 rows=635 loops=1)
        Buckets: 1024  Batches: 1  Memory Usage: 33kB
        ->  Nested Loop  (cost=0.43..83071.67 rows=246 width=8) (actual time=1.001..4328.796 rows=635 loops=1)
              ->  Seq Scan on movie_keyword mk  (cost=0.00..81003.12 rows=246 width=4) (actual time=0.923..1297.025 rows=635 loops=1)
                    Filter: (keyword_id = 5972)
                    Rows Removed by Filter: 4523295
              ->  Index Only Scan using title_pkey on title t  (cost=0.43..8.40 rows=1 width=4) (actual time=4.772..4.773 rows=1 loops=635)
                    Index Cond: (id = mk.movie_id)
                    Heap Fetches: 635
Planning time: 1.032 ms
Execution time: 5463.349 ms
