Hash Join  (cost=71408.55..925551.93 rows=420010 width=0) (actual time=2388.222..19863.561 rows=765815 loops=1)
  Hash Cond: (ci.movie_id = t.id)
  ->  Seq Scan on cast_info ci  (cost=0.00..796071.18 rows=4580828 width=4) (actual time=1195.044..14488.330 rows=9397328 loops=1)
        Filter: ((person_id < 1283933) AND (role_id = 1))
        Rows Removed by Filter: 26847016
  ->  Hash  (cost=67604.59..67604.59 rows=231837 width=4) (actual time=1192.245..1192.245 rows=231649 loops=1)
        Buckets: 131072  Batches: 4  Memory Usage: 3076kB
        ->  Seq Scan on title t  (cost=0.00..67604.59 rows=231837 width=4) (actual time=0.024..1110.677 rows=231649 loops=1)
              Filter: (production_year > 2011)
              Rows Removed by Filter: 2296663
Planning time: 0.698 ms
Execution time: 19955.935 ms
