Hash Join  (cost=83074.55..836313.53 rows=911 width=0) (actual time=1286.268..16039.961 rows=113 loops=1)
  Hash Cond: (ci.movie_id = t.id)
  ->  Seq Scan on cast_info ci  (cost=0.00..705507.15 rows=12726058 width=4) (actual time=0.024..13143.751 rows=12670688 loops=1)
        Filter: (role_id < 2)
        Rows Removed by Filter: 23573656
  ->  Hash  (cost=83072.29..83072.29 rows=181 width=8) (actual time=1242.919..1242.919 rows=11 loops=1)
        Buckets: 1024  Batches: 1  Memory Usage: 9kB
        ->  Nested Loop  (cost=0.43..83072.29 rows=181 width=8) (actual time=28.968..1242.892 rows=11 loops=1)
              ->  Seq Scan on movie_keyword mk  (cost=0.00..81003.12 rows=246 width=4) (actual time=28.904..1240.510 rows=24 loops=1)
                    Filter: (keyword_id = 14726)
                    Rows Removed by Filter: 4523906
              ->  Index Scan using title_pkey on title t  (cost=0.43..8.40 rows=1 width=4) (actual time=0.092..0.093 rows=0 loops=24)
                    Index Cond: (id = mk.movie_id)
                    Filter: (kind_id > 1)
                    Rows Removed by Filter: 1
Planning time: 1.040 ms
Execution time: 16040.197 ms
