Hash Join  (cost=95159.82..229977.62 rows=1613337 width=0) (actual time=1767.301..5221.191 rows=1344105 loops=1)
  Hash Cond: (mk.movie_id = t.id)
  ->  Seq Scan on movie_keyword mk  (cost=0.00..81003.12 rows=2428861 width=4) (actual time=0.021..1778.800 rows=2418345 loops=1)
        Filter: (keyword_id > 3792)
        Rows Removed by Filter: 2105585
  ->  Hash  (cost=67604.59..67604.59 rows=1679539 width=4) (actual time=1766.394..1766.394 rows=1673541 loops=1)
        Buckets: 131072  Batches: 32  Memory Usage: 2874kB
        ->  Seq Scan on title t  (cost=0.00..67604.59 rows=1679539 width=4) (actual time=0.024..1222.355 rows=1673541 loops=1)
              Filter: (production_year > 1993)
              Rows Removed by Filter: 854771
Planning time: 0.746 ms
Execution time: 5368.983 ms
