Seq Scan on cast_info ci  (cost=0.00..796071.18 rows=11577910 width=0) (actual time=0.022..14994.050 rows=17970673 loops=1)
  Filter: ((person_id > 1815645) AND (role_id > 1))
  Rows Removed by Filter: 18273671
Planning time: 0.343 ms
Execution time: 17225.205 ms
