Hash Join  (cost=227955.98..1054768.11 rows=2448172 width=0) (actual time=13752.362..29075.272 rows=22784371 loops=1)
  Hash Cond: (ci.movie_id = t.id)
  ->  Seq Scan on cast_info ci  (cost=0.00..705507.15 rows=7298253 width=4) (actual time=7628.923..13428.888 rows=7451973 loops=1)
        Filter: (role_id = 2)
        Rows Removed by Filter: 28792371
  ->  Hash  (cost=214039.67..214039.67 rows=848185 width=8) (actual time=6121.911..6121.911 rows=2498581 loops=1)
        Buckets: 131072 (originally 131072)  Batches: 64 (originally 16)  Memory Usage: 4060kB
        ->  Hash Join  (cost=81703.78..214039.67 rows=848185 width=8) (actual time=1272.396..5187.684 rows=2498581 loops=1)
              Hash Cond: (mk.movie_id = t.id)
              ->  Seq Scan on movie_keyword mk  (cost=0.00..69693.30 rows=4523930 width=4) (actual time=0.020..1309.619 rows=4523930 loops=1)
              ->  Hash  (cost=73925.90..73925.90 rows=474070 width=4) (actual time=1271.617..1271.617 rows=496025 loops=1)
                    Buckets: 131072  Batches: 8  Memory Usage: 3223kB
                    ->  Seq Scan on title t  (cost=0.00..73925.90 rows=474070 width=4) (actual time=0.016..1112.845 rows=496025 loops=1)
                          Filter: ((production_year < 2009) AND (kind_id = 1))
                          Rows Removed by Filter: 2032287
Planning time: 1.169 ms
Execution time: 31354.067 ms
