Seq Scan on cast_info ci  (cost=0.00..796071.18 rows=176 width=0) (actual time=10212.073..10373.274 rows=311 loops=1)
  Filter: ((person_id = 1536510) AND (role_id = 1))
  Rows Removed by Filter: 36244033
Planning time: 0.257 ms
Execution time: 10373.392 ms
