Hash Join  (cost=947613.98..1344741.15 rows=1166242 width=0) (actual time=17792.139..24742.388 rows=1580763 loops=1)
  Hash Cond: (mi.movie_id = t.id)
  ->  Seq Scan on movie_info mi  (cost=0.00..346232.03 rows=3068194 width=4) (actual time=1670.613..5966.166 rows=3036719 loops=1)
        Filter: (info_type_id = 16)
        Rows Removed by Filter: 11799001
  ->  Hash  (cost=931845.09..931845.09 rows=961111 width=8) (actual time=16120.260..16120.260 rows=885645 loops=1)
        Buckets: 131072  Batches: 16  Memory Usage: 3197kB
        ->  Hash Join  (cost=102767.86..931845.09 rows=961111 width=8) (actual time=8548.433..15847.254 rows=885645 loops=1)
              Hash Cond: (ci.movie_id = t.id)
              ->  Seq Scan on cast_info ci  (cost=0.00..796071.18 rows=961111 width=4) (actual time=6732.140..12823.996 rows=885645 loops=1)
                    Filter: ((person_id < 1250936) AND (role_id = 4))
                    Rows Removed by Filter: 35358699
              ->  Hash  (cost=61283.27..61283.27 rows=2528527 width=4) (actual time=1814.320..1814.320 rows=2528312 loops=1)
                    Buckets: 131072  Batches: 64  Memory Usage: 2415kB
                    ->  Seq Scan on title t  (cost=0.00..61283.27 rows=2528527 width=4) (actual time=0.021..983.597 rows=2528312 loops=1)
Planning time: 1.180 ms
Execution time: 24918.413 ms
