Hash Join  (cost=199639.75..1311996.45 rows=7646852 width=0) (actual time=4532.298..51515.656 rows=73931256 loops=1)
  Hash Cond: (ci.movie_id = t.id)
  ->  Seq Scan on cast_info ci  (cost=0.00..614943.12 rows=36225612 width=4) (actual time=0.021..13161.498 rows=36244344 loops=1)
  ->  Hash  (cost=190882.93..190882.93 rows=533746 width=8) (actual time=4531.399..4531.399 rows=1297553 loops=1)
        Buckets: 131072 (originally 131072)  Batches: 32 (originally 8)  Memory Usage: 3073kB
        ->  Hash Join  (cost=78556.72..190882.93 rows=533746 width=8) (actual time=1351.472..4220.187 rows=1297553 loops=1)
              Hash Cond: (mk.movie_id = t.id)
              ->  Seq Scan on movie_keyword mk  (cost=0.00..81003.12 rows=2021765 width=4) (actual time=0.026..1641.299 rows=2027533 loops=1)
                    Filter: (keyword_id < 3636)
                    Rows Removed by Filter: 2496397
              ->  Hash  (cost=67604.59..67604.59 rows=667531 width=4) (actual time=1350.511..1350.511 rows=662825 loops=1)
                    Buckets: 131072  Batches: 16  Memory Usage: 2486kB
                    ->  Seq Scan on title t  (cost=0.00..67604.59 rows=667531 width=4) (actual time=0.017..1132.942 rows=662825 loops=1)
                          Filter: (kind_id = 1)
                          Rows Removed by Filter: 1865487
Planning time: 7.269 ms
Execution time: 59410.608 ms
