Hash Join  (cost=73982.55..780809.16 rows=628 width=0) (actual time=2613.746..13725.904 rows=1130 loops=1)
  Hash Cond: (ci.movie_id = t.id)
  ->  Seq Scan on cast_info ci  (cost=0.00..705507.15 rows=350181 width=4) (actual time=1582.582..12641.840 rows=316118 loops=1)
        Filter: (role_id > 10)
        Rows Removed by Filter: 35928226
  ->  Hash  (cost=73925.90..73925.90 rows=4532 width=4) (actual time=1029.761..1029.761 rows=9242 loops=1)
        Buckets: 16384 (originally 8192)  Batches: 1 (originally 1)  Memory Usage: 453kB
        ->  Seq Scan on title t  (cost=0.00..73925.90 rows=4532 width=4) (actual time=69.458..1025.059 rows=9242 loops=1)
              Filter: ((kind_id = 7) AND (production_year = 1984))
              Rows Removed by Filter: 2519070
Planning time: 0.721 ms
Execution time: 13726.283 ms
