Hash Join  (cost=104282.02..159728.45 rows=18700 width=0) (actual time=2404.706..3570.591 rows=68788 loops=1)
  Hash Cond: (mc.movie_id = t.id)
  ->  Seq Scan on movie_companies mc  (cost=0.00..51404.11 rows=1028084 width=4) (actual time=0.027..870.637 rows=1026886 loops=1)
        Filter: (company_id < 5593)
        Rows Removed by Filter: 1582243
  ->  Hash  (cost=103707.12..103707.12 rows=45992 width=8) (actual time=2404.209..2404.209 rows=46498 loops=1)
        Buckets: 65536  Batches: 1  Memory Usage: 2329kB
        ->  Hash Join  (cost=71711.64..103707.12 rows=45992 width=8) (actual time=1672.645..2388.146 rows=46498 loops=1)
              Hash Cond: (mi_idx.movie_id = t.id)
              ->  Seq Scan on movie_info_idx mi_idx  (cost=0.00..25185.44 rows=464566 width=4) (actual time=0.016..471.290 rows=459925 loops=1)
                    Filter: (info_type_id = 101)
                    Rows Removed by Filter: 920110
              ->  Hash  (cost=67604.59..67604.59 rows=250324 width=4) (actual time=1671.594..1671.594 rows=252521 loops=1)
                    Buckets: 131072  Batches: 4  Memory Usage: 3244kB
                    ->  Seq Scan on title t  (cost=0.00..67604.59 rows=250324 width=4) (actual time=0.012..1107.332 rows=252521 loops=1)
                          Filter: (production_year < 1961)
                          Rows Removed by Filter: 2275791
Planning time: 1.132 ms
Execution time: 3580.121 ms
