Hash Join  (cost=87053.47..1032404.65 rows=3140415 width=0) (actual time=6955.825..21007.374 rows=2262235 loops=1)
  Hash Cond: (ci.movie_id = t.id)
  ->  Seq Scan on cast_info ci  (cost=0.00..796071.18 rows=9924228 width=4) (actual time=5524.935..15485.316 rows=6995579 loops=1)
        Filter: ((person_id > 765632) AND (role_id = 1))
        Rows Removed by Filter: 29248765
  ->  Hash  (cost=73925.90..73925.90 rows=800125 width=4) (actual time=1427.323..1427.323 rows=713741 loops=1)
        Buckets: 131072  Batches: 16  Memory Usage: 2592kB
        ->  Seq Scan on title t  (cost=0.00..73925.90 rows=800125 width=4) (actual time=0.032..1210.308 rows=713741 loops=1)
              Filter: ((kind_id < 7) AND (production_year > 1972))
              Rows Removed by Filter: 1814571
Planning time: 0.997 ms
Execution time: 21275.719 ms
