Hash Join  (cost=52285.10..79196.08 rows=50 width=0) (actual time=795.523..1366.439 rows=48 loops=1)
  Hash Cond: (mi_idx.movie_id = t.id)
  ->  Seq Scan on movie_info_idx mi_idx  (cost=0.00..21735.35 rows=1380035 width=4) (actual time=0.021..337.352 rows=1380035 loops=1)
  ->  Hash  (cost=52283.95..52283.95 rows=92 width=8) (actual time=779.641..779.641 rows=56 loops=1)
        Buckets: 1024  Batches: 1  Memory Usage: 11kB
        ->  Nested Loop  (cost=0.43..52283.95 rows=92 width=8) (actual time=20.270..779.559 rows=56 loops=1)
              ->  Seq Scan on movie_companies mc  (cost=0.00..51404.11 rows=104 width=4) (actual time=20.198..776.748 rows=63 loops=1)
                    Filter: (company_id = 10269)
                    Rows Removed by Filter: 2609066
              ->  Index Scan using title_pkey on title t  (cost=0.43..8.45 rows=1 width=4) (actual time=0.040..0.041 rows=1 loops=63)
                    Index Cond: (id = mc.movie_id)
                    Filter: (production_year < 2012)
                    Rows Removed by Filter: 0
Planning time: 1.226 ms
Execution time: 1366.605 ms
