Seq Scan on cast_info ci  (cost=0.00..705507.15 rows=15046442 width=0) (actual time=0.034..12122.647 rows=14936614 loops=1)
  Filter: (person_id < 1474525)
  Rows Removed by Filter: 21307730
Planning time: 1.318 ms
Execution time: 14025.265 ms
