Hash Join  (cost=105062.88..192601.15 rows=130 width=0) (actual time=720.683..2388.359 rows=1643 loops=1)
  Hash Cond: (mk.movie_id = t.id)
  ->  Seq Scan on movie_keyword mk  (cost=0.00..81003.12 rows=1742358 width=4) (actual time=0.023..1423.826 rows=1751800 loops=1)
        Filter: (keyword_id < 2860)
        Rows Removed by Filter: 2772130
  ->  Hash  (cost=105060.53..105060.53 rows=188 width=8) (actual time=718.793..718.793 rows=153 loops=1)
        Buckets: 1024  Batches: 1  Memory Usage: 14kB
        ->  Nested Loop  (cost=0.43..105060.53 rows=188 width=8) (actual time=4.054..718.618 rows=153 loops=1)
              ->  Seq Scan on movie_companies mc  (cost=0.00..51404.11 rows=7827 width=4) (actual time=0.173..619.823 rows=6686 loops=1)
                    Filter: (company_id = 302)
                    Rows Removed by Filter: 2602443
              ->  Index Scan using title_pkey on title t  (cost=0.43..6.85 rows=1 width=4) (actual time=0.014..0.014 rows=0 loops=6686)
                    Index Cond: (id = mc.movie_id)
                    Filter: (production_year = 2002)
                    Rows Removed by Filter: 1
Planning time: 1.113 ms
Execution time: 2388.802 ms
