Seq Scan on movie_keyword mk  (cost=0.00..81003.12 rows=233043 width=0) (actual time=0.018..1180.044 rows=243563 loops=1)
  Filter: (keyword_id < 211)
  Rows Removed by Filter: 4280367
Planning time: 0.304 ms
Execution time: 1212.824 ms
