Hash Join  (cost=72799.62..99711.84 rows=174 width=0) (actual time=949.559..1486.766 rows=267 loops=1)
  Hash Cond: (mi_idx.movie_id = t.id)
  ->  Seq Scan on movie_info_idx mi_idx  (cost=0.00..21735.35 rows=1380035 width=4) (actual time=0.027..289.453 rows=1380035 loops=1)
  ->  Hash  (cost=72795.65..72795.65 rows=318 width=8) (actual time=938.181..938.181 rows=435 loops=1)
        Buckets: 1024  Batches: 1  Memory Usage: 25kB
        ->  Nested Loop  (cost=0.43..72795.65 rows=318 width=8) (actual time=119.271..937.851 rows=435 loops=1)
              ->  Seq Scan on movie_companies mc  (cost=0.00..57926.93 rows=1861 width=4) (actual time=119.210..880.263 rows=1248 loops=1)
                    Filter: ((company_type_id > 1) AND (company_id = 133))
                    Rows Removed by Filter: 2607881
              ->  Index Scan using title_pkey on title t  (cost=0.43..7.98 rows=1 width=4) (actual time=0.039..0.039 rows=0 loops=1248)
                    Index Cond: (id = mc.movie_id)
                    Filter: ((kind_id < 7) AND (production_year > 2004))
                    Rows Removed by Filter: 1
Planning time: 1.208 ms
Execution time: 1486.958 ms
