Hash Join  (cost=114686.74..824845.91 rows=23908 width=0) (actual time=2903.691..12767.155 rows=42510 loops=1)
  Hash Cond: (ci.movie_id = t.id)
  ->  Seq Scan on cast_info ci  (cost=0.00..705507.15 rows=1176784 width=4) (actual time=508.315..9796.299 rows=1201423 loops=1)
        Filter: (person_id > 3828959)
        Rows Removed by Filter: 35042921
  ->  Hash  (cost=114044.61..114044.61 rows=51370 width=8) (actual time=2394.900..2394.900 rows=155455 loops=1)
        Buckets: 131072 (originally 65536)  Batches: 2 (originally 1)  Memory Usage: 4050kB
        ->  Hash Join  (cost=75470.43..114044.61 rows=51370 width=8) (actual time=1191.197..2339.409 rows=155455 loops=1)
              Hash Cond: (mi_idx.movie_id = t.id)
              ->  Seq Scan on movie_info_idx mi_idx  (cost=0.00..21735.35 rows=1380035 width=4) (actual time=0.017..502.141 rows=1380035 loops=1)
              ->  Hash  (cost=73925.90..73925.90 rows=94122 width=4) (actual time=1190.401..1190.401 rows=222154 loops=1)
                    Buckets: 131072 (originally 131072)  Batches: 4 (originally 2)  Memory Usage: 3073kB
                    ->  Seq Scan on title t  (cost=0.00..73925.90 rows=94122 width=4) (actual time=0.028..1111.698 rows=222154 loops=1)
                          Filter: ((production_year < 1969) AND (kind_id = 1))
                          Rows Removed by Filter: 2306158
Planning time: 1.206 ms
Execution time: 12772.246 ms
