Seq Scan on cast_info ci  (cost=0.00..796071.18 rows=11589068 width=0) (actual time=0.030..15828.954 rows=12670688 loops=1)
  Filter: ((person_id < 3459797) AND (role_id < 2))
  Rows Removed by Filter: 23573656
Planning time: 0.763 ms
Execution time: 17424.163 ms
