Hash Join  (cost=162562.34..968246.06 rows=961256 width=0) (actual time=3084.023..29860.791 rows=9339941 loops=1)
  Hash Cond: (ci.movie_id = t.id)
  ->  Seq Scan on cast_info ci  (cost=0.00..614943.12 rows=36225612 width=4) (actual time=0.021..9473.469 rows=36244344 loops=1)
  ->  Hash  (cost=161723.65..161723.65 rows=67095 width=8) (actual time=3083.214..3083.214 rows=146269 loops=1)
        Buckets: 131072 (originally 131072)  Batches: 2 (originally 1)  Memory Usage: 3906kB
        ->  Hash Join  (cost=74394.67..161723.65 rows=67095 width=8) (actual time=1173.457..3030.532 rows=146269 loops=1)
              Hash Cond: (mk.movie_id = t.id)
              ->  Seq Scan on movie_keyword mk  (cost=0.00..69693.30 rows=4523930 width=4) (actual time=0.029..958.366 rows=4523930 loops=1)
              ->  Hash  (cost=73925.90..73925.90 rows=37501 width=4) (actual time=1173.062..1173.062 rows=32253 loops=1)
                    Buckets: 65536  Batches: 1  Memory Usage: 1646kB
                    ->  Seq Scan on title t  (cost=0.00..73925.90 rows=37501 width=4) (actual time=0.019..1159.430 rows=32253 loops=1)
                          Filter: ((kind_id < 7) AND (production_year = 2005))
                          Rows Removed by Filter: 2496059
Planning time: 1.190 ms
Execution time: 31006.741 ms
