Seq Scan on movie_keyword mk  (cost=0.00..81003.12 rows=3549717 width=0) (actual time=0.021..1502.125 rows=3543931 loops=1)
  Filter: (keyword_id > 917)
  Rows Removed by Filter: 979999
Planning time: 0.328 ms
Execution time: 1918.068 ms
