Hash Join  (cost=85280.32..171683.24 rows=32061 width=0) (actual time=1513.596..3846.409 rows=30874 loops=1)
  Hash Cond: (mk.movie_id = t.id)
  ->  Seq Scan on movie_keyword mk  (cost=0.00..81003.12 rows=75248 width=4) (actual time=0.076..1342.320 rows=72496 loops=1)
        Filter: (keyword_id = 335)
        Rows Removed by Filter: 4451434
  ->  Hash  (cost=67604.59..67604.59 rows=1077339 width=4) (actual time=1512.546..1512.546 rows=1074765 loops=1)
        Buckets: 131072  Batches: 16  Memory Usage: 3396kB
        ->  Seq Scan on title t  (cost=0.00..67604.59 rows=1077339 width=4) (actual time=0.021..1147.303 rows=1074765 loops=1)
              Filter: (production_year < 2001)
              Rows Removed by Filter: 1453547
Planning time: 0.707 ms
Execution time: 3850.417 ms
