Seq Scan on movie_keyword mk  (cost=0.00..81003.12 rows=710159 width=0) (actual time=0.027..803.584 rows=715132 loops=1)
  Filter: (keyword_id > 26334)
  Rows Removed by Filter: 3808798
Planning time: 0.346 ms
Execution time: 868.624 ms
