Hash Join  (cost=440073.58..601975.06 rows=457247 width=0) (actual time=28123.510..37423.992 rows=5112309 loops=1)
  Hash Cond: (mk.movie_id = t.id)
  ->  Seq Scan on movie_keyword mk  (cost=0.00..81003.12 rows=4224889 width=4) (actual time=0.019..5531.969 rows=4206711 loops=1)
        Filter: (keyword_id > 249)
        Rows Removed by Filter: 317219
  ->  Hash  (cost=435583.89..435583.89 rows=273655 width=8) (actual time=28122.361..28122.361 rows=250661 loops=1)
        Buckets: 131072  Batches: 4  Memory Usage: 3465kB
        ->  Hash Join  (cost=68191.41..435583.89 rows=273655 width=8) (actual time=3085.358..26988.734 rows=250661 loops=1)
              Hash Cond: (mi.movie_id = t.id)
              ->  Seq Scan on movie_info mi  (cost=0.00..309384.22 rows=14739122 width=4) (actual time=0.020..17886.295 rows=14835720 loops=1)
              ->  Hash  (cost=67604.59..67604.59 rows=46946 width=4) (actual time=3084.990..3084.990 rows=46583 loops=1)
                    Buckets: 65536  Batches: 1  Memory Usage: 2150kB
                    ->  Seq Scan on title t  (cost=0.00..67604.59 rows=46946 width=4) (actual time=0.019..3064.448 rows=46583 loops=1)
                          Filter: (production_year = 1998)
                          Rows Removed by Filter: 2481729
Planning time: 1.097 ms
Execution time: 38142.631 ms
