Seq Scan on cast_info ci  (cost=0.00..705507.15 rows=500 width=0) (actual time=3550.225..11241.338 rows=255 loops=1)
  Filter: (person_id = 3059360)
  Rows Removed by Filter: 36244089
Planning time: 0.378 ms
Execution time: 11241.473 ms
