Seq Scan on cast_info ci  (cost=0.00..705507.15 rows=27098088 width=0) (actual time=0.014..12776.429 rows=27249873 loops=1)
  Filter: (person_id > 884722)
  Rows Removed by Filter: 8994471
Planning time: 0.312 ms
Execution time: 16177.710 ms
