Hash Join  (cost=86713.18..221834.62 rows=1074948 width=0) (actual time=1401.448..5193.673 rows=2168405 loops=1)
  Hash Cond: (mk.movie_id = t.id)
  ->  Seq Scan on movie_keyword mk  (cost=0.00..81003.12 rows=3487424 width=4) (actual time=0.015..1656.564 rows=3479050 loops=1)
        Filter: (keyword_id < 16986)
        Rows Removed by Filter: 1044880
  ->  Hash  (cost=73925.90..73925.90 rows=779382 width=4) (actual time=1400.597..1400.597 rows=689555 loops=1)
        Buckets: 131072  Batches: 16  Memory Usage: 2549kB
        ->  Seq Scan on title t  (cost=0.00..73925.90 rows=779382 width=4) (actual time=0.016..1186.606 rows=689555 loops=1)
              Filter: ((kind_id < 7) AND (production_year > 1976))
              Rows Removed by Filter: 1838757
Planning time: 0.726 ms
Execution time: 5451.864 ms
