Hash Join  (cost=156487.41..974295.03 rows=271496 width=0) (actual time=11962.150..17782.733 rows=1543230 loops=1)
  Hash Cond: (ci.movie_id = t.id)
  ->  Seq Scan on cast_info ci  (cost=0.00..796071.18 rows=1489194 width=4) (actual time=8712.980..12157.334 rows=3349557 loops=1)
        Filter: ((person_id > 3446727) AND (role_id > 2))
        Rows Removed by Filter: 32894787
  ->  Hash  (cost=148924.19..148924.19 rows=460978 width=8) (actual time=3247.758..3247.758 rows=459925 loops=1)
        Buckets: 131072  Batches: 8  Memory Usage: 3275kB
        ->  Hash Join  (cost=102767.86..148924.19 rows=460978 width=8) (actual time=1865.637..3121.125 rows=459925 loops=1)
              Hash Cond: (mi_idx.movie_id = t.id)
              ->  Seq Scan on movie_info_idx mi_idx  (cost=0.00..25185.44 rows=460978 width=4) (actual time=0.024..527.484 rows=459925 loops=1)
                    Filter: (info_type_id = 99)
                    Rows Removed by Filter: 920110
              ->  Hash  (cost=61283.27..61283.27 rows=2528527 width=4) (actual time=1863.949..1863.949 rows=2528312 loops=1)
                    Buckets: 131072  Batches: 64  Memory Usage: 2415kB
                    ->  Seq Scan on title t  (cost=0.00..61283.27 rows=2528527 width=4) (actual time=0.010..1051.971 rows=2528312 loops=1)
Planning time: 1.188 ms
Execution time: 17972.954 ms
