Seq Scan on movie_keyword mk  (cost=0.00..81003.12 rows=246 width=0) (actual time=0.355..1331.685 rows=1870 loops=1)
  Filter: (keyword_id = 4297)
  Rows Removed by Filter: 4522060
Planning time: 0.344 ms
Execution time: 1332.342 ms
