Seq Scan on movie_keyword mk  (cost=0.00..81003.12 rows=246 width=0) (actual time=2.064..3705.607 rows=3263 loops=1)
  Filter: (keyword_id = 213)
  Rows Removed by Filter: 4520667
Planning time: 0.326 ms
Execution time: 3706.591 ms
