Hash Join  (cost=83580.70..197295.14 rows=722249 width=0) (actual time=1637.331..4478.975 rows=964541 loops=1)
  Hash Cond: (mk.movie_id = t.id)
  ->  Seq Scan on movie_keyword mk  (cost=0.00..81003.12 rows=1875421 width=4) (actual time=0.017..1541.969 rows=1887403 loops=1)
        Filter: (keyword_id < 3226)
        Rows Removed by Filter: 2636527
  ->  Hash  (cost=67604.59..67604.59 rows=973769 width=4) (actual time=1636.050..1636.050 rows=971188 loops=1)
        Buckets: 131072  Batches: 16  Memory Usage: 3168kB
        ->  Seq Scan on title t  (cost=0.00..67604.59 rows=973769 width=4) (actual time=0.042..1304.706 rows=971188 loops=1)
              Filter: (production_year < 1999)
              Rows Removed by Filter: 1557124
Planning time: 0.689 ms
Execution time: 4600.019 ms
