Hash Join  (cost=67697.55..878800.65 rows=11698 width=0) (actual time=3067.090..49022.368 rows=37350 loops=1)
  Hash Cond: (ci.movie_id = t.id)
  ->  Seq Scan on cast_info ci  (cost=0.00..796071.18 rows=3977316 width=4) (actual time=0.022..44373.173 rows=4409911 loops=1)
        Filter: ((person_id > 511577) AND (role_id > 9))
        Rows Removed by Filter: 31834433
  ->  Hash  (cost=67604.59..67604.59 rows=7437 width=4) (actual time=3062.897..3062.897 rows=20122 loops=1)
        Buckets: 32768 (originally 8192)  Batches: 1 (originally 1)  Memory Usage: 964kB
        ->  Seq Scan on title t  (cost=0.00..67604.59 rows=7437 width=4) (actual time=0.019..3053.375 rows=20122 loops=1)
              Filter: (production_year = 1987)
              Rows Removed by Filter: 2508190
Planning time: 8.739 ms
Execution time: 49034.601 ms
