Seq Scan on cast_info ci  (cost=0.00..705507.15 rows=500 width=0) (actual time=18935.492..34045.716 rows=538 loops=1)
  Filter: (person_id = 1094904)
  Rows Removed by Filter: 36243806
Planning time: 0.285 ms
Execution time: 34045.862 ms
