Seq Scan on cast_info ci  (cost=0.00..705507.15 rows=500 width=0) (actual time=30144.101..33124.914 rows=16 loops=1)
  Filter: (person_id = 3299063)
  Rows Removed by Filter: 36244328
Planning time: 0.345 ms
Execution time: 33125.003 ms
