Seq Scan on movie_keyword mk  (cost=0.00..81003.12 rows=1559549 width=0) (actual time=0.026..4018.878 rows=1565115 loops=1)
  Filter: (keyword_id < 2354)
  Rows Removed by Filter: 2958815
Planning time: 14.202 ms
Execution time: 4274.839 ms
