Hash Join  (cost=92883.59..899595.28 rows=148941 width=0) (actual time=20225.719..41606.005 rows=1249736 loops=1)
  Hash Cond: (ci.movie_id = t.id)
  ->  Seq Scan on cast_info ci  (cost=0.00..796071.18 rows=244420 width=4) (actual time=15845.450..35010.693 rows=1937810 loops=1)
        Filter: ((person_id > 3681039) AND (role_id > 9))
        Rows Removed by Filter: 34306534
  ->  Hash  (cost=67604.59..67604.59 rows=1540800 width=4) (actual time=4378.870..4378.870 rows=1543264 loops=1)
        Buckets: 131072  Batches: 32  Memory Usage: 2722kB
        ->  Seq Scan on title t  (cost=0.00..67604.59 rows=1540800 width=4) (actual time=0.029..3714.816 rows=1543264 loops=1)
              Filter: (kind_id = 7)
              Rows Removed by Filter: 985048
Planning time: 0.679 ms
Execution time: 41789.285 ms
