Hash Join  (cost=73950.44..100871.63 rows=1071 width=0) (actual time=3645.293..5184.236 rows=3801 loops=1)
  Hash Cond: (mi_idx.movie_id = t.id)
  ->  Seq Scan on movie_info_idx mi_idx  (cost=0.00..21735.35 rows=1380035 width=4) (actual time=0.008..1119.277 rows=1380035 loops=1)
  ->  Hash  (cost=73925.90..73925.90 rows=1963 width=4) (actual time=3645.164..3645.164 rows=3050 loops=1)
        Buckets: 4096 (originally 2048)  Batches: 1 (originally 1)  Memory Usage: 140kB
        ->  Seq Scan on title t  (cost=0.00..73925.90 rows=1963 width=4) (actual time=1763.568..3643.503 rows=3050 loops=1)
              Filter: ((kind_id < 2) AND (production_year = 1957))
              Rows Removed by Filter: 2525262
Planning time: 0.658 ms
Execution time: 5184.959 ms
