Seq Scan on title t  (cost=0.00..73925.90 rows=257075 width=0) (actual time=38.037..3675.094 rows=366618 loops=1)
  Filter: ((production_year < 1999) AND (kind_id = 1))
  Rows Removed by Filter: 2161694
Planning time: 0.338 ms
Execution time: 3726.791 ms
