Hash Join  (cost=127771.65..492524.05 rows=9647 width=0) (actual time=6731.630..28361.818 rows=33173 loops=1)
  Hash Cond: (mi.movie_id = t.id)
  ->  Seq Scan on movie_info mi  (cost=0.00..309384.22 rows=14739122 width=4) (actual time=0.011..17182.856 rows=14835720 loops=1)
  ->  Hash  (cost=127750.96..127750.96 rows=1655 width=8) (actual time=6729.632..6729.632 rows=3081 loops=1)
        Buckets: 4096 (originally 2048)  Batches: 1 (originally 1)  Memory Usage: 153kB
        ->  Hash Join  (cost=67697.55..127750.96 rows=1655 width=8) (actual time=4629.017..6728.002 rows=3081 loops=1)
              Hash Cond: (mc.movie_id = t.id)
              ->  Seq Scan on movie_companies mc  (cost=0.00..57926.93 rows=562648 width=4) (actual time=1262.139..3209.692 rows=345985 loops=1)
                    Filter: ((company_id < 7447) AND (company_type_id > 1))
                    Rows Removed by Filter: 2263144
              ->  Hash  (cost=67604.59..67604.59 rows=7437 width=4) (actual time=3366.761..3366.761 rows=14926 loops=1)
                    Buckets: 16384 (originally 8192)  Batches: 1 (originally 1)  Memory Usage: 653kB
                    ->  Seq Scan on title t  (cost=0.00..67604.59 rows=7437 width=4) (actual time=0.040..3358.964 rows=14926 loops=1)
                          Filter: (production_year = 1979)
                          Rows Removed by Filter: 2513386
Planning time: 1.182 ms
Execution time: 28369.573 ms
