Nested Loop  (cost=0.43..709673.15 rows=440 width=0) (actual time=501.908..31637.851 rows=293 loops=1)
  ->  Seq Scan on cast_info ci  (cost=0.00..705507.15 rows=500 width=4) (actual time=501.833..31609.297 rows=311 loops=1)
        Filter: (person_id = 2327404)
        Rows Removed by Filter: 36244033
  ->  Index Scan using title_pkey on title t  (cost=0.43..8.32 rows=1 width=4) (actual time=0.091..0.091 rows=1 loops=311)
        Index Cond: (id = ci.movie_id)
        Filter: (production_year < 2012)
        Rows Removed by Filter: 0
Planning time: 0.855 ms
Execution time: 31638.018 ms
