Hash Join  (cost=796206.70..823117.27 rows=9 width=0) (actual time=30829.125..32080.060 rows=3 loops=1)
  Hash Cond: (mi_idx.movie_id = t.id)
  ->  Seq Scan on movie_info_idx mi_idx  (cost=0.00..21735.35 rows=1380035 width=4) (actual time=0.008..1115.851 rows=1380035 loops=1)
  ->  Hash  (cost=796206.50..796206.50 rows=16 width=8) (actual time=30619.996..30619.996 rows=2 loops=1)
        Buckets: 1024  Batches: 1  Memory Usage: 9kB
        ->  Nested Loop  (cost=0.43..796206.50 rows=16 width=8) (actual time=17997.968..30619.962 rows=2 loops=1)
              ->  Seq Scan on cast_info ci  (cost=0.00..796071.18 rows=16 width=4) (actual time=17997.794..30619.747 rows=2 loops=1)
                    Filter: ((person_id = 2896453) AND (role_id = 9))
                    Rows Removed by Filter: 36244342
              ->  Index Only Scan using title_pkey on title t  (cost=0.43..8.45 rows=1 width=4) (actual time=0.062..0.063 rows=1 loops=2)
                    Index Cond: (id = ci.movie_id)
                    Heap Fetches: 2
Planning time: 1.219 ms
Execution time: 32080.156 ms
