Hash Join  (cost=74242.71..101291.51 rows=13832 width=0) (actual time=3158.928..4637.657 rows=21510 loops=1)
  Hash Cond: (mi_idx.movie_id = t.id)
  ->  Seq Scan on movie_info_idx mi_idx  (cost=0.00..21735.35 rows=1380035 width=4) (actual time=0.019..1049.402 rows=1380035 loops=1)
  ->  Hash  (cost=73925.90..73925.90 rows=25344 width=4) (actual time=3158.715..3158.715 rows=15457 loops=1)
        Buckets: 32768  Batches: 1  Memory Usage: 800kB
        ->  Seq Scan on title t  (cost=0.00..73925.90 rows=25344 width=4) (actual time=1554.341..3150.092 rows=15457 loops=1)
              Filter: ((kind_id = 1) AND (production_year = 2005))
              Rows Removed by Filter: 2512855
Planning time: 0.683 ms
Execution time: 4640.956 ms
