Hash Join  (cost=102767.86..181491.79 rows=453723 width=0) (actual time=5304.588..9321.957 rows=777443 loops=1)
  Hash Cond: (mc.movie_id = t.id)
  ->  Seq Scan on movie_companies mc  (cost=0.00..57926.93 rows=453723 width=4) (actual time=0.016..2769.730 rows=777443 loops=1)
        Filter: ((company_id > 21594) AND (company_type_id > 1))
        Rows Removed by Filter: 1831686
  ->  Hash  (cost=61283.27..61283.27 rows=2528527 width=4) (actual time=5303.757..5303.757 rows=2528312 loops=1)
        Buckets: 131072  Batches: 64  Memory Usage: 2415kB
        ->  Seq Scan on title t  (cost=0.00..61283.27 rows=2528527 width=4) (actual time=0.014..4052.318 rows=2528312 loops=1)
Planning time: 0.728 ms
Execution time: 9431.347 ms
