Hash Join  (cost=91342.70..172114.70 rows=569133 width=0) (actual time=5522.707..9176.240 rows=890680 loops=1)
  Hash Cond: (mc.movie_id = t.id)
  ->  Seq Scan on movie_companies mc  (cost=0.00..57926.93 rows=994595 width=4) (actual time=834.083..3074.420 rows=1274246 loops=1)
        Filter: ((company_id < 70905) AND (company_type_id < 2))
        Rows Removed by Filter: 1334883
  ->  Hash  (cost=67604.59..67604.59 rows=1446889 width=4) (actual time=4687.378..4687.378 rows=1443298 loops=1)
        Buckets: 131072  Batches: 32  Memory Usage: 2608kB
        ->  Seq Scan on title t  (cost=0.00..67604.59 rows=1446889 width=4) (actual time=0.028..3847.213 rows=1443298 loops=1)
              Filter: (production_year < 2006)
              Rows Removed by Filter: 1085014
Planning time: 0.753 ms
Execution time: 9292.064 ms
