Seq Scan on movie_keyword mk  (cost=0.00..81003.12 rows=3790976 width=0) (actual time=0.020..4636.573 rows=3783267 loops=1)
  Filter: (keyword_id < 25358)
  Rows Removed by Filter: 740663
Planning time: 0.272 ms
Execution time: 5357.344 ms
