Seq Scan on movie_keyword mk  (cost=0.00..81003.12 rows=1175822 width=0) (actual time=0.020..4083.997 rows=1179544 loops=1)
  Filter: (keyword_id < 1396)
  Rows Removed by Filter: 3344386
Planning time: 4.251 ms
Execution time: 4251.632 ms
