Hash Join  (cost=69694.50..194473.08 rows=227854 width=0) (actual time=1235.002..4083.972 rows=208164 loops=1)
  Hash Cond: (mk.movie_id = t.id)
  ->  Seq Scan on movie_keyword mk  (cost=0.00..69693.30 rows=4523930 width=4) (actual time=0.018..1436.157 rows=4523930 loops=1)
  ->  Hash  (cost=67604.59..67604.59 rows=127353 width=4) (actual time=1234.158..1234.158 rows=128696 loops=1)
        Buckets: 131072  Batches: 2  Memory Usage: 3290kB
        ->  Seq Scan on title t  (cost=0.00..67604.59 rows=127353 width=4) (actual time=0.007..1184.072 rows=128696 loops=1)
              Filter: (production_year = 2009)
              Rows Removed by Filter: 2399616
Planning time: 0.629 ms
Execution time: 4111.369 ms
