Hash Join  (cost=455864.85..599589.82 rows=390519 width=0) (actual time=26652.112..35432.442 rows=3578437 loops=1)
  Hash Cond: (mk.movie_id = t.id)
  ->  Seq Scan on movie_keyword mk  (cost=0.00..69693.30 rows=4523930 width=4) (actual time=0.012..4686.199 rows=4523930 loops=1)
  ->  Hash  (cost=452283.48..452283.48 rows=218270 width=8) (actual time=26645.665..26645.665 rows=196922 loops=1)
        Buckets: 131072  Batches: 4  Memory Usage: 2926kB
        ->  Hash Join  (cost=68332.59..452283.48 rows=218270 width=8) (actual time=4331.860..26517.383 rows=196922 loops=1)
              Hash Cond: (mi.movie_id = t.id)
              ->  Seq Scan on movie_info mi  (cost=0.00..346232.03 rows=9476311 width=4) (actual time=984.689..19507.580 rows=9565151 loops=1)
                    Filter: (info_type_id < 16)
                    Rows Removed by Filter: 5270569
              ->  Hash  (cost=67604.59..67604.59 rows=58240 width=4) (actual time=3346.766..3346.766 rows=58590 loops=1)
                    Buckets: 65536  Batches: 1  Memory Usage: 2572kB
                    ->  Seq Scan on title t  (cost=0.00..67604.59 rows=58240 width=4) (actual time=0.039..3310.215 rows=58590 loops=1)
                          Filter: (production_year = 2001)
                          Rows Removed by Filter: 2469722
Planning time: 2.995 ms
Execution time: 35945.810 ms
