Hash Join  (cost=263115.61..444485.23 rows=3816329 width=0) (actual time=12828.127..28394.689 rows=28148951 loops=1)
  Hash Cond: (mk.movie_id = t.id)
  ->  Seq Scan on movie_keyword mk  (cost=0.00..81003.12 rows=3698434 width=4) (actual time=0.031..5006.297 rows=3690034 loops=1)
        Filter: (keyword_id < 22069)
        Rows Removed by Filter: 833896
  ->  Hash  (cost=220309.49..220309.49 rows=2609129 width=8) (actual time=12827.241..12827.241 rows=2609129 loops=1)
        Buckets: 131072  Batches: 64  Memory Usage: 2691kB
        ->  Hash Join  (cost=102767.86..220309.49 rows=2609129 width=8) (actual time=5360.023..11899.375 rows=2609129 loops=1)
              Hash Cond: (mc.movie_id = t.id)
              ->  Seq Scan on movie_companies mc  (cost=0.00..44881.29 rows=2609129 width=4) (actual time=0.021..3297.969 rows=2609129 loops=1)
              ->  Hash  (cost=61283.27..61283.27 rows=2528527 width=4) (actual time=5359.063..5359.063 rows=2528312 loops=1)
                    Buckets: 131072  Batches: 64  Memory Usage: 2415kB
                    ->  Seq Scan on title t  (cost=0.00..61283.27 rows=2528527 width=4) (actual time=0.014..3914.391 rows=2528312 loops=1)
Planning time: 10.655 ms
Execution time: 32165.161 ms
