Seq Scan on movie_keyword mk  (cost=0.00..81003.12 rows=182157 width=0) (actual time=0.035..3390.687 rows=183618 loops=1)
  Filter: (keyword_id > 71550)
  Rows Removed by Filter: 4340312
Planning time: 2.184 ms
Execution time: 3416.666 ms
