Hash Join  (cost=81417.85..213373.82 rows=816993 width=0) (actual time=5687.548..13353.559 rows=1442033 loops=1)
  Hash Cond: (mk.movie_id = t.id)
  ->  Seq Scan on movie_keyword mk  (cost=0.00..69693.30 rows=4523930 width=4) (actual time=0.021..4861.064 rows=4523930 loops=1)
  ->  Hash  (cost=73925.90..73925.90 rows=456636 width=4) (actual time=4567.247..4567.247 rows=330279 loops=1)
        Buckets: 131072  Batches: 8  Memory Usage: 2490kB
        ->  Seq Scan on title t  (cost=0.00..73925.90 rows=456636 width=4) (actual time=0.029..3765.937 rows=330279 loops=1)
              Filter: ((production_year > 1991) AND (kind_id = 1))
              Rows Removed by Filter: 2198033
Planning time: 0.716 ms
Execution time: 13571.289 ms
