Hash Join  (cost=204208.36..251193.44 rows=541560 width=0) (actual time=9218.806..11770.418 rows=1713795 loops=1)
  Hash Cond: (mi_idx.movie_id = t.id)
  ->  Seq Scan on movie_info_idx mi_idx  (cost=0.00..21735.35 rows=1380035 width=4) (actual time=0.018..1155.566 rows=1380035 loops=1)
  ->  Hash  (cost=187928.15..187928.15 rows=992257 width=8) (actual time=9217.777..9217.777 rows=994842 loops=1)
        Buckets: 131072  Batches: 16  Memory Usage: 3429kB
        ->  Hash Join  (cost=102767.86..187928.15 rows=992257 width=8) (actual time=4626.253..8886.102 rows=994842 loops=1)
              Hash Cond: (mc.movie_id = t.id)
              ->  Seq Scan on movie_companies mc  (cost=0.00..51404.11 rows=992257 width=4) (actual time=0.030..2752.326 rows=994842 loops=1)
                    Filter: (company_id < 4625)
                    Rows Removed by Filter: 1614287
              ->  Hash  (cost=61283.27..61283.27 rows=2528527 width=4) (actual time=4624.237..4624.237 rows=2528312 loops=1)
                    Buckets: 131072  Batches: 64  Memory Usage: 2415kB
                    ->  Seq Scan on title t  (cost=0.00..61283.27 rows=2528527 width=4) (actual time=0.015..3602.457 rows=2528312 loops=1)
Planning time: 1.098 ms
Execution time: 12009.352 ms
