Seq Scan on movie_keyword mk  (cost=0.00..81003.12 rows=3173294 width=12) (actual time=0.026..1042.319 rows=3161861 loops=1)
  Filter: (keyword_id < 12321)
  Rows Removed by Filter: 1362069
Planning time: 0.348 ms
Execution time: 1183.553 ms
