Hash Join  (cost=83073.49..447735.01 rows=560 width=0) (actual time=3172.179..22175.068 rows=5187 loops=1)
  Hash Cond: (mi.movie_id = t.id)
  ->  Seq Scan on movie_info mi  (cost=0.00..309384.22 rows=14739122 width=4) (actual time=0.021..15532.301 rows=14835720 loops=1)
  ->  Hash  (cost=83072.29..83072.29 rows=96 width=8) (actual time=3168.243..3168.243 rows=111 loops=1)
        Buckets: 1024  Batches: 1  Memory Usage: 13kB
        ->  Nested Loop  (cost=0.43..83072.29 rows=96 width=8) (actual time=29.046..3168.067 rows=111 loops=1)
              ->  Seq Scan on movie_keyword mk  (cost=0.00..81003.12 rows=246 width=4) (actual time=25.450..3137.259 rows=139 loops=1)
                    Filter: (keyword_id = 9015)
                    Rows Removed by Filter: 4523791
              ->  Index Scan using title_pkey on title t  (cost=0.43..8.40 rows=1 width=4) (actual time=0.216..0.217 rows=1 loops=139)
                    Index Cond: (id = mk.movie_id)
                    Filter: (kind_id < 7)
                    Rows Removed by Filter: 0
Planning time: 10.061 ms
Execution time: 22176.631 ms
