Hash Join  (cost=83072.94..457443.51 rows=8 width=0) (actual time=11244.277..22217.561 rows=2 loops=1)
  Hash Cond: (mi.movie_id = t.id)
  ->  Seq Scan on movie_info mi  (cost=0.00..346232.03 rows=7503588 width=4) (actual time=0.022..17659.918 rows=7548855 loops=1)
        Filter: (info_type_id > 7)
        Rows Removed by Filter: 7286865
  ->  Hash  (cost=83072.90..83072.90 rows=3 width=8) (actual time=3112.162..3112.162 rows=1 loops=1)
        Buckets: 1024  Batches: 1  Memory Usage: 9kB
        ->  Nested Loop  (cost=0.43..83072.90 rows=3 width=8) (actual time=1756.748..3112.151 rows=1 loops=1)
              ->  Seq Scan on movie_keyword mk  (cost=0.00..81003.12 rows=246 width=4) (actual time=99.360..3100.497 rows=24 loops=1)
                    Filter: (keyword_id = 27978)
                    Rows Removed by Filter: 4523906
              ->  Index Scan using title_pkey on title t  (cost=0.43..8.40 rows=1 width=4) (actual time=0.479..0.479 rows=0 loops=24)
                    Index Cond: (id = mk.movie_id)
                    Filter: ((kind_id < 7) AND (production_year > 2012))
                    Rows Removed by Filter: 1
Planning time: 3.913 ms
Execution time: 22217.787 ms
