Nested Loop  (cost=44377.22..860128.47 rows=7805 width=0) (actual time=5252.211..34276.835 rows=10263 loops=1)
  Join Filter: (ci.movie_id = t.id)
  ->  Hash Join  (cost=44376.79..848648.09 rows=19445 width=8) (actual time=5252.144..33798.536 rows=10263 loops=1)
        Hash Cond: (ci.movie_id = mi_idx.movie_id)
        ->  Seq Scan on cast_info ci  (cost=0.00..796071.18 rows=14301 width=4) (actual time=3166.137..31410.241 rows=5147 loops=1)
              Filter: ((person_id < 140918) AND (role_id > 10))
              Rows Removed by Filter: 36239197
        ->  Hash  (cost=21735.35..21735.35 rows=1380035 width=4) (actual time=2084.441..2084.441 rows=1380035 loops=1)
              Buckets: 131072  Batches: 32  Memory Usage: 2540kB
              ->  Seq Scan on movie_info_idx mi_idx  (cost=0.00..21735.35 rows=1380035 width=4) (actual time=0.018..1424.512 rows=1380035 loops=1)
  ->  Index Only Scan using title_pkey on title t  (cost=0.43..0.58 rows=1 width=4) (actual time=0.046..0.046 rows=1 loops=10263)
        Index Cond: (id = mi_idx.movie_id)
        Heap Fetches: 10263
Planning time: 1.110 ms
Execution time: 34278.989 ms
