Hash Join  (cost=466200.58..595447.17 rows=594555 width=0) (actual time=22616.596..30258.828 rows=517736 loops=1)
  Hash Cond: (mk.movie_id = t.id)
  ->  Seq Scan on movie_keyword mk  (cost=0.00..69693.30 rows=4523930 width=4) (actual time=0.021..4749.583 rows=4523930 loops=1)
  ->  Hash  (cost=460747.70..460747.70 rows=332310 width=8) (actual time=22615.697..22615.697 rows=179247 loops=1)
        Buckets: 131072  Batches: 8  Memory Usage: 1904kB
        ->  Hash Join  (cost=98137.04..460747.70 rows=332310 width=8) (actual time=11306.046..22548.658 rows=179247 loops=1)
              Hash Cond: (mi.movie_id = t.id)
              ->  Seq Scan on movie_info mi  (cost=0.00..346232.03 rows=451508 width=4) (actual time=5525.603..16055.023 rows=474443 loops=1)
                    Filter: (info_type_id = 6)
                    Rows Removed by Filter: 14361277
              ->  Hash  (cost=67604.59..67604.59 rows=1860996 width=4) (actual time=5779.537..5779.537 rows=1865487 loops=1)
                    Buckets: 131072  Batches: 32  Memory Usage: 3085kB
                    ->  Seq Scan on title t  (cost=0.00..67604.59 rows=1860996 width=4) (actual time=0.039..4036.258 rows=1865487 loops=1)
                          Filter: (kind_id > 1)
                          Rows Removed by Filter: 662825
Planning time: 1.024 ms
Execution time: 30328.258 ms
