Seq Scan on movie_keyword mk  (cost=0.00..81003.12 rows=3242604 width=0) (actual time=0.023..4350.903 rows=3232344 loops=1)
  Filter: (keyword_id < 13685)
  Rows Removed by Filter: 1291586
Planning time: 6.930 ms
Execution time: 4883.288 ms
