Seq Scan on movie_keyword mk  (cost=0.00..81003.12 rows=4334917 width=0) (actual time=0.021..4391.471 rows=4331589 loops=1)
  Filter: (keyword_id < 70335)
  Rows Removed by Filter: 192341
Planning time: 0.321 ms
Execution time: 5132.314 ms
