Seq Scan on cast_info ci  (cost=0.00..705507.15 rows=18427533 width=0) (actual time=0.015..37019.470 rows=18594881 loops=1)
  Filter: (person_id > 1747392)
  Rows Removed by Filter: 17649463
Planning time: 0.338 ms
Execution time: 40156.909 ms
