Seq Scan on cast_info ci  (cost=0.00..796071.18 rows=501074 width=0) (actual time=20556.853..34950.281 rows=805895 loops=1)
  Filter: ((person_id > 3907633) AND (role_id > 1))
  Rows Removed by Filter: 35438449
Planning time: 0.309 ms
Execution time: 35115.426 ms
