Hash Join  (cost=170407.34..247367.36 rows=138551 width=0) (actual time=9669.399..15804.308 rows=1346478 loops=1)
  Hash Cond: (mc.movie_id = t.id)
  ->  Seq Scan on movie_companies mc  (cost=0.00..44881.29 rows=2609129 width=4) (actual time=0.018..3809.056 rows=2609129 loops=1)
  ->  Hash  (cost=168203.96..168203.96 rows=134270 width=8) (actual time=9668.539..9668.539 rows=200332 loops=1)
        Buckets: 131072 (originally 131072)  Batches: 4 (originally 2)  Memory Usage: 3073kB
        ->  Hash Join  (cost=73454.11..168203.96 rows=134270 width=8) (actual time=4458.960..9583.109 rows=200332 loops=1)
              Hash Cond: (mk.movie_id = t.id)
              ->  Seq Scan on movie_keyword mk  (cost=0.00..81003.12 rows=952273 width=4) (actual time=0.021..4443.344 rows=966512 loops=1)
                    Filter: (keyword_id > 19734)
                    Rows Removed by Filter: 3557418
              ->  Hash  (cost=67604.59..67604.59 rows=356522 width=4) (actual time=4457.571..4457.571 rows=352081 loops=1)
                    Buckets: 131072  Batches: 8  Memory Usage: 2571kB
                    ->  Seq Scan on title t  (cost=0.00..67604.59 rows=356522 width=4) (actual time=0.033..4296.109 rows=352081 loops=1)
                          Filter: (production_year < 1969)
                          Rows Removed by Filter: 2176231
Planning time: 1.078 ms
Execution time: 16045.791 ms
