Hash Join  (cost=83891.93..157447.24 rows=228014 width=0) (actual time=5136.389..10401.669 rows=714326 loops=1)
  Hash Cond: (mc.movie_id = t.id)
  ->  Seq Scan on movie_companies mc  (cost=0.00..57926.93 rows=949129 width=4) (actual time=0.028..3851.034 rows=1246099 loops=1)
        Filter: ((company_id < 48934) AND (company_type_id = 1))
        Rows Removed by Filter: 1363030
  ->  Hash  (cost=73925.90..73925.90 rows=607442 width=4) (actual time=5134.813..5134.813 rows=675690 loops=1)
        Buckets: 131072  Batches: 8  Memory Usage: 4012kB
        ->  Seq Scan on title t  (cost=0.00..73925.90 rows=607442 width=4) (actual time=0.023..4655.562 rows=675690 loops=1)
              Filter: ((kind_id < 7) AND (production_year < 2007))
              Rows Removed by Filter: 1852622
Planning time: 0.830 ms
Execution time: 10541.738 ms
