Hash Join  (cost=85303.03..486086.61 rows=993872 width=0) (actual time=4642.051..26359.710 rows=1989763 loops=1)
  Hash Cond: (mi.movie_id = t.id)
  ->  Seq Scan on movie_info mi  (cost=0.00..346232.03 rows=3623957 width=4) (actual time=0.027..18318.302 rows=3624977 loops=1)
        Filter: (info_type_id < 4)
        Rows Removed by Filter: 11210743
  ->  Hash  (cost=73925.90..73925.90 rows=693450 width=4) (actual time=4641.000..4641.000 rows=595167 loops=1)
        Buckets: 131072  Batches: 16  Memory Usage: 2338kB
        ->  Seq Scan on title t  (cost=0.00..73925.90 rows=693450 width=4) (actual time=0.022..4335.403 rows=595167 loops=1)
              Filter: ((kind_id < 7) AND (production_year > 1989))
              Rows Removed by Filter: 1933145
Planning time: 13.140 ms
Execution time: 26641.214 ms
