Hash Join  (cost=252079.28..1209782.15 rows=5121448 width=0) (actual time=45979.975..59836.190 rows=1395687 loops=1)
  Hash Cond: (ci.movie_id = t.id)
  ->  Seq Scan on cast_info ci  (cost=0.00..796071.18 rows=9066986 width=4) (actual time=32502.091..42297.336 rows=5297221 loops=1)
        Filter: ((person_id > 1007114) AND (role_id = 1))
        Rows Removed by Filter: 30947123
  ->  Hash  (cost=228646.43..228646.43 rows=1428228 width=8) (actual time=13475.767..13475.767 rows=355721 loops=1)
        Buckets: 131072  Batches: 32  Memory Usage: 1445kB
        ->  Hash Join  (cost=93155.63..228646.43 rows=1428228 width=8) (actual time=5735.764..13353.078 rows=355721 loops=1)
              Hash Cond: (mk.movie_id = t.id)
              ->  Seq Scan on movie_keyword mk  (cost=0.00..81003.12 rows=3081172 width=4) (actual time=0.034..4867.104 rows=3062415 loops=1)
                    Filter: (keyword_id > 2069)
                    Rows Removed by Filter: 1461515
              ->  Hash  (cost=73925.90..73925.90 rows=1172058 width=4) (actual time=5734.668..5734.668 rows=1128906 loops=1)
                    Buckets: 131072  Batches: 16  Memory Usage: 3509kB
                    ->  Seq Scan on title t  (cost=0.00..73925.90 rows=1172058 width=4) (actual time=124.538..4475.642 rows=1128906 loops=1)
                          Filter: ((production_year < 2010) AND (kind_id = 7))
                          Rows Removed by Filter: 1399406
Planning time: 4.837 ms
Execution time: 60047.858 ms
