Hash Join  (cost=83074.16..880380.93 rows=20 width=0) (actual time=4249.335..44809.487 rows=1 loops=1)
  Hash Cond: (ci.movie_id = t.id)
  ->  Seq Scan on cast_info ci  (cost=0.00..796071.18 rows=329438 width=4) (actual time=440.486..41177.164 rows=308724 loops=1)
        Filter: ((person_id > 204629) AND (role_id > 10))
        Rows Removed by Filter: 35935620
  ->  Hash  (cost=83072.29..83072.29 rows=150 width=8) (actual time=3584.261..3584.261 rows=6 loops=1)
        Buckets: 1024  Batches: 1  Memory Usage: 9kB
        ->  Nested Loop  (cost=0.43..83072.29 rows=150 width=8) (actual time=3137.417..3584.209 rows=6 loops=1)
              ->  Seq Scan on movie_keyword mk  (cost=0.00..81003.12 rows=246 width=4) (actual time=1.130..3499.402 rows=599 loops=1)
                    Filter: (keyword_id = 53104)
                    Rows Removed by Filter: 4523331
              ->  Index Scan using title_pkey on title t  (cost=0.43..8.40 rows=1 width=4) (actual time=0.140..0.140 rows=0 loops=599)
                    Index Cond: (id = mk.movie_id)
                    Filter: (kind_id = 7)
                    Rows Removed by Filter: 1
Planning time: 1.212 ms
Execution time: 44809.638 ms
