Seq Scan on movie_keyword mk  (cost=0.00..81003.12 rows=3201854 width=0) (actual time=0.020..1537.120 rows=3184761 loops=1)
  Filter: (keyword_id > 1743)
  Rows Removed by Filter: 1339169
Planning time: 0.352 ms
Execution time: 1925.785 ms
