Nested Loop  (cost=0.43..83071.67 rows=246 width=0) (actual time=24.854..4056.431 rows=3527 loops=1)
  ->  Seq Scan on movie_keyword mk  (cost=0.00..81003.12 rows=246 width=4) (actual time=24.761..3492.076 rows=3527 loops=1)
        Filter: (keyword_id = 20329)
        Rows Removed by Filter: 4520403
  ->  Index Only Scan using title_pkey on title t  (cost=0.43..8.40 rows=1 width=4) (actual time=0.159..0.159 rows=1 loops=3527)
        Index Cond: (id = mk.movie_id)
        Heap Fetches: 3527
Planning time: 0.700 ms
Execution time: 4057.588 ms
