Seq Scan on cast_info ci  (cost=0.00..705507.15 rows=24229729 width=0) (actual time=0.049..41440.233 rows=24187362 loops=1)
  Filter: (person_id < 2481802)
  Rows Removed by Filter: 12056982
Planning time: 0.279 ms
Execution time: 45698.110 ms
