Nested Loop  (cost=0.43..122240.60 rows=5730 width=0) (actual time=0.404..4259.116 rows=4797 loops=1)
  ->  Seq Scan on movie_keyword mk  (cost=0.00..81003.12 rows=5730 width=4) (actual time=0.336..3629.600 rows=4797 loops=1)
        Filter: (keyword_id = 11662)
        Rows Removed by Filter: 4519133
  ->  Index Only Scan using title_pkey on title t  (cost=0.43..7.19 rows=1 width=4) (actual time=0.129..0.130 rows=1 loops=4797)
        Index Cond: (id = mk.movie_id)
        Heap Fetches: 4797
Planning time: 3.775 ms
Execution time: 4260.758 ms
