Seq Scan on cast_info ci  (cost=0.00..705507.15 rows=31720556 width=0) (actual time=0.020..36688.862 rows=31707671 loops=1)
  Filter: (person_id < 3233991)
  Rows Removed by Filter: 4536673
Planning time: 3.936 ms
Execution time: 42435.641 ms
