Hash Join  (cost=513437.85..1776952.19 rows=17444105 width=0) (actual time=25688.979..109587.894 rows=21715844 loops=1)
  Hash Cond: (ci.movie_id = t.id)
  ->  Seq Scan on cast_info ci  (cost=0.00..705507.15 rows=32717637 width=4) (actual time=0.013..52462.414 rows=32862638 loops=1)
        Filter: (person_id > 325375)
        Rows Removed by Filter: 3381706
  ->  Hash  (cost=491319.12..491319.12 rows=1348138 width=8) (actual time=25688.026..25688.026 rows=1298989 loops=1)
        Buckets: 131072  Batches: 32  Memory Usage: 2598kB
        ->  Hash Join  (cost=102767.86..491319.12 rows=1348138 width=8) (actual time=14905.405..25200.316 rows=1298989 loops=1)
              Hash Cond: (mi.movie_id = t.id)
              ->  Seq Scan on movie_info mi  (cost=0.00..346232.03 rows=1348138 width=4) (actual time=8635.375..17003.456 rows=1298989 loops=1)
                    Filter: (info_type_id = 4)
                    Rows Removed by Filter: 13536731
              ->  Hash  (cost=61283.27..61283.27 rows=2528527 width=4) (actual time=6268.689..6268.689 rows=2528312 loops=1)
                    Buckets: 131072  Batches: 64  Memory Usage: 2425kB
                    ->  Seq Scan on title t  (cost=0.00..61283.27 rows=2528527 width=4) (actual time=0.025..4375.045 rows=2528312 loops=1)
Planning time: 1.096 ms
Execution time: 112721.667 ms
