Hash Join  (cost=74281.64..440596.48 rows=165891 width=0) (actual time=3645.845..26128.243 rows=252628 loops=1)
  Hash Cond: (mi.movie_id = t.id)
  ->  Seq Scan on movie_info mi  (cost=0.00..309384.22 rows=14739122 width=4) (actual time=0.012..17567.660 rows=14835720 loops=1)
  ->  Hash  (cost=73925.90..73925.90 rows=28459 width=4) (actual time=3394.251..3394.251 rows=16117 loops=1)
        Buckets: 32768  Batches: 1  Memory Usage: 823kB
        ->  Seq Scan on title t  (cost=0.00..73925.90 rows=28459 width=4) (actual time=1770.599..3387.056 rows=16117 loops=1)
              Filter: ((kind_id < 2) AND (production_year = 2006))
              Rows Removed by Filter: 2512195
Planning time: 0.744 ms
Execution time: 26191.835 ms
