Seq Scan on movie_companies mc  (cost=0.00..57926.93 rows=51 width=0) (actual time=697.223..2541.110 rows=1334 loops=1)
  Filter: ((company_type_id < 2) AND (company_id = 699))
  Rows Removed by Filter: 2607795
Planning time: 3.847 ms
Execution time: 2541.608 ms
