Hash Join  (cost=299165.47..871097.92 rows=9117555 width=0) (actual time=14373.818..73408.504 rows=113761732 loops=1)
  Hash Cond: (mi.movie_id = t.id)
  ->  Seq Scan on movie_info mi  (cost=0.00..346232.03 rows=8841901 width=4) (actual time=1208.551..22550.089 rows=8950757 loops=1)
        Filter: (info_type_id > 6)
        Rows Removed by Filter: 5884963
  ->  Hash  (cost=256388.52..256388.52 rows=2607356 width=8) (actual time=13142.124..13142.124 rows=2590608 loops=1)
        Buckets: 131072  Batches: 64  Memory Usage: 2706kB
        ->  Hash Join  (cost=102767.86..256388.52 rows=2607356 width=8) (actual time=5044.956..12243.734 rows=2590608 loops=1)
              Hash Cond: (mk.movie_id = t.id)
              ->  Seq Scan on movie_keyword mk  (cost=0.00..81003.12 rows=2607356 width=4) (actual time=0.023..4321.249 rows=2590608 loops=1)
                    Filter: (keyword_id > 3321)
                    Rows Removed by Filter: 1933322
              ->  Hash  (cost=61283.27..61283.27 rows=2528527 width=4) (actual time=5043.730..5043.730 rows=2528312 loops=1)
                    Buckets: 131072  Batches: 64  Memory Usage: 2425kB
                    ->  Seq Scan on title t  (cost=0.00..61283.27 rows=2528527 width=4) (actual time=0.024..3900.952 rows=2528312 loops=1)
Planning time: 1.124 ms
Execution time: 88690.076 ms
