Seq Scan on cast_info ci  (cost=0.00..796071.18 rows=5139489 width=0) (actual time=0.032..39033.080 rows=10498187 loops=1)
  Filter: ((person_id < 1433465) AND (role_id < 2))
  Rows Removed by Filter: 25746157
Planning time: 0.327 ms
Execution time: 40950.086 ms
