Seq Scan on movie_keyword mk  (cost=0.00..81003.12 rows=246 width=0) (actual time=113.516..3492.849 rows=136 loops=1)
  Filter: (keyword_id = 23022)
  Rows Removed by Filter: 4523794
Planning time: 0.369 ms
Execution time: 3493.129 ms
