Seq Scan on movie_companies mc  (cost=0.00..57926.93 rows=24110 width=0) (actual time=0.308..921.634 rows=5188 loops=1)
  Filter: ((company_type_id > 1) AND (company_id = 19))
  Rows Removed by Filter: 2603941
Planning time: 0.417 ms
Execution time: 922.450 ms
