Hash Join  (cost=448026.41..1191817.93 rows=71078 width=0) (actual time=15560.530..53246.955 rows=513020 loops=1)
  Hash Cond: (ci.movie_id = t.id)
  ->  Seq Scan on cast_info ci  (cost=0.00..705507.15 rows=10019623 width=4) (actual time=0.028..33622.638 rows=10019489 loops=1)
        Filter: (person_id > 2713206)
        Rows Removed by Filter: 26224855
  ->  Hash  (cost=447802.20..447802.20 rows=17937 width=8) (actual time=15560.242..15560.242 rows=36985 loops=1)
        Buckets: 65536 (originally 32768)  Batches: 1 (originally 1)  Memory Usage: 1957kB
        ->  Nested Loop  (cost=0.43..447802.20 rows=17937 width=8) (actual time=655.314..15535.963 rows=36985 loops=1)
              ->  Seq Scan on movie_info mi  (cost=0.00..346232.03 rows=17937 width=4) (actual time=655.217..13084.246 rows=36985 loops=1)
                    Filter: (info_type_id = 104)
                    Rows Removed by Filter: 14798735
              ->  Index Only Scan using title_pkey on title t  (cost=0.43..5.65 rows=1 width=4) (actual time=0.065..0.066 rows=1 loops=36985)
                    Index Cond: (id = mi.movie_id)
                    Heap Fetches: 36985
Planning time: 1.211 ms
Execution time: 53336.912 ms
