Seq Scan on movie_companies mc  (cost=0.00..57926.93 rows=80343 width=0) (actual time=249.624..2478.852 rows=129553 loops=1)
  Filter: ((company_id < 34) AND (company_type_id < 2))
  Rows Removed by Filter: 2479576
Planning time: 0.324 ms
Execution time: 2513.609 ms
