Seq Scan on movie_keyword mk  (cost=0.00..81003.12 rows=2362336 width=0) (actual time=0.025..4735.370 rows=2364387 loops=1)
  Filter: (keyword_id < 5337)
  Rows Removed by Filter: 2159543
Planning time: 0.409 ms
Execution time: 5164.483 ms
