Hash Join  (cost=454308.60..1535539.20 rows=4616837 width=0) (actual time=24043.482..94721.748 rows=4622525 loops=1)
  Hash Cond: (ci.movie_id = t.id)
  ->  Seq Scan on cast_info ci  (cost=0.00..614943.12 rows=36225612 width=4) (actual time=0.018..45385.994 rows=36244344 loops=1)
  ->  Hash  (cost=449021.44..449021.44 rows=322253 width=8) (actual time=24042.487..24042.487 rows=264525 loops=1)
        Buckets: 131072  Batches: 8  Memory Usage: 2311kB
        ->  Hash Join  (cost=74050.79..449021.44 rows=322253 width=8) (actual time=8229.082..23239.896 rows=264525 loops=1)
              Hash Cond: (mi.movie_id = t.id)
              ->  Seq Scan on movie_info mi  (cost=0.00..346232.03 rows=2073893 width=4) (actual time=4414.900..17605.778 rows=2091068 loops=1)
                    Filter: (info_type_id < 3)
                    Rows Removed by Filter: 12744652
              ->  Hash  (cost=67604.59..67604.59 rows=392896 width=4) (actual time=3813.078..3813.078 rows=391666 loops=1)
                    Buckets: 131072  Batches: 8  Memory Usage: 2759kB
                    ->  Seq Scan on title t  (cost=0.00..67604.59 rows=392896 width=4) (actual time=0.025..3631.738 rows=391666 loops=1)
                          Filter: (production_year > 2010)
                          Rows Removed by Filter: 2136646
Planning time: 1.072 ms
Execution time: 95368.954 ms
