Seq Scan on movie_keyword mk  (cost=0.00..81003.12 rows=4456240 width=0) (actual time=0.027..5464.311 rows=4458019 loops=1)
  Filter: (keyword_id < 92727)
  Rows Removed by Filter: 65911
Planning time: 0.278 ms
Execution time: 6345.352 ms
