Hash Join  (cost=190230.21..279995.65 rows=1057229 width=0) (actual time=10068.257..16206.402 rows=3017626 loops=1)
  Hash Cond: (mc.movie_id = t.id)
  ->  Seq Scan on movie_companies mc  (cost=0.00..51404.11 rows=1937076 width=4) (actual time=0.034..3437.533 rows=1943594 loops=1)
        Filter: (company_id > 1010)
        Rows Removed by Filter: 665535
  ->  Hash  (cost=167588.78..167588.78 rows=1380035 width=8) (actual time=10067.152..10067.152 rows=1380035 loops=1)
        Buckets: 131072  Batches: 32  Memory Usage: 2708kB
        ->  Hash Join  (cost=102767.86..167588.78 rows=1380035 width=8) (actual time=5872.333..9558.901 rows=1380035 loops=1)
              Hash Cond: (mi_idx.movie_id = t.id)
              ->  Seq Scan on movie_info_idx mi_idx  (cost=0.00..21735.35 rows=1380035 width=4) (actual time=0.014..1645.844 rows=1380035 loops=1)
              ->  Hash  (cost=61283.27..61283.27 rows=2528527 width=4) (actual time=5871.458..5871.458 rows=2528312 loops=1)
                    Buckets: 131072  Batches: 64  Memory Usage: 2415kB
                    ->  Seq Scan on title t  (cost=0.00..61283.27 rows=2528527 width=4) (actual time=0.020..4711.736 rows=2528312 loops=1)
Planning time: 3.509 ms
Execution time: 16618.810 ms
