Seq Scan on title t  (cost=0.00..73925.90 rows=595254 width=0) (actual time=0.026..3790.439 rows=471078 loops=1)
  Filter: ((kind_id > 1) AND (production_year < 1995))
  Rows Removed by Filter: 2057234
Planning time: 0.351 ms
Execution time: 3884.184 ms
