Hash Join  (cost=102767.86..211609.77 rows=1976480 width=0) (actual time=5800.953..12098.759 rows=1972160 loops=1)
  Hash Cond: (mc.movie_id = t.id)
  ->  Seq Scan on movie_companies mc  (cost=0.00..51404.11 rows=1976480 width=4) (actual time=0.031..3659.446 rows=1972160 loops=1)
        Filter: (company_id < 57875)
        Rows Removed by Filter: 636969
  ->  Hash  (cost=61283.27..61283.27 rows=2528527 width=4) (actual time=5799.564..5799.564 rows=2528312 loops=1)
        Buckets: 131072  Batches: 64  Memory Usage: 2415kB
        ->  Seq Scan on title t  (cost=0.00..61283.27 rows=2528527 width=4) (actual time=0.016..4668.280 rows=2528312 loops=1)
Planning time: 0.744 ms
Execution time: 12365.016 ms
