Hash Join  (cost=123028.54..199193.20 rows=140665 width=0) (actual time=2659.344..4809.802 rows=881435 loops=1)
  Hash Cond: (mc.movie_id = t.id)
  ->  Seq Scan on movie_companies mc  (cost=0.00..51404.11 rows=1958369 width=4) (actual time=0.025..1095.068 rows=1966899 loops=1)
        Filter: (company_id > 846)
        Rows Removed by Filter: 642230
  ->  Hash  (cost=120048.30..120048.30 rows=181619 width=8) (actual time=2658.514..2658.514 rows=318279 loops=1)
        Buckets: 131072 (originally 131072)  Batches: 8 (originally 4)  Memory Usage: 3073kB
        ->  Hash Join  (cost=83810.17..120048.30 rows=181619 width=8) (actual time=1492.548..2552.480 rows=318279 loops=1)
              Hash Cond: (mi_idx.movie_id = t.id)
              ->  Seq Scan on movie_info_idx mi_idx  (cost=0.00..25185.44 rows=464934 width=4) (actual time=0.015..517.894 rows=460185 loops=1)
                    Filter: (info_type_id > 100)
                    Rows Removed by Filter: 919850
              ->  Hash  (cost=67604.59..67604.59 rows=987727 width=4) (actual time=1491.440..1491.440 rows=985048 loops=1)
                    Buckets: 131072  Batches: 16  Memory Usage: 3188kB
                    ->  Seq Scan on title t  (cost=0.00..67604.59 rows=987727 width=4) (actual time=0.025..1200.489 rows=985048 loops=1)
                          Filter: (kind_id < 7)
                          Rows Removed by Filter: 1543264
Planning time: 1.173 ms
Execution time: 4894.226 ms
