Hash Join  (cost=73982.55..840534.96 rows=29038 width=0) (actual time=3993.809..48993.826 rows=81631 loops=1)
  Hash Cond: (ci.movie_id = t.id)
  ->  Seq Scan on cast_info ci  (cost=0.00..705507.15 rows=16201301 width=4) (actual time=0.013..39996.186 rows=16121683 loops=1)
        Filter: (role_id > 2)
        Rows Removed by Filter: 20122661
  ->  Hash  (cost=73925.90..73925.90 rows=4532 width=4) (actual time=3990.658..3990.658 rows=11588 loops=1)
        Buckets: 16384 (originally 8192)  Batches: 1 (originally 1)  Memory Usage: 536kB
        ->  Seq Scan on title t  (cost=0.00..73925.90 rows=4532 width=4) (actual time=195.955..3984.904 rows=11588 loops=1)
              Filter: ((kind_id = 7) AND (production_year = 1986))
              Rows Removed by Filter: 2516724
Planning time: 9.508 ms
Execution time: 49007.759 ms
