Hash Join  (cost=130169.55..928037.25 rows=423722 width=0) (actual time=16346.029..63250.534 rows=1811023 loops=1)
  Hash Cond: (ci.movie_id = t.id)
  ->  Seq Scan on cast_info ci  (cost=0.00..705507.15 rows=23499554 width=4) (actual time=9549.349..47018.459 rows=23573656 loops=1)
        Filter: (role_id > 1)
        Rows Removed by Filter: 12670688
  ->  Hash  (cost=129599.65..129599.65 rows=45592 width=8) (actual time=6796.074..6796.074 rows=72198 loops=1)
        Buckets: 131072 (originally 65536)  Batches: 1 (originally 1)  Memory Usage: 3845kB
        ->  Hash Join  (cost=74478.21..129599.65 rows=45592 width=8) (actual time=3087.973..6762.830 rows=72198 loops=1)
              Hash Cond: (mc.movie_id = t.id)
              ->  Seq Scan on movie_companies mc  (cost=0.00..44881.29 rows=2609129 width=4) (actual time=0.029..2691.284 rows=2609129 loops=1)
              ->  Hash  (cost=73925.90..73925.90 rows=44184 width=4) (actual time=3087.589..3087.589 rows=35489 loops=1)
                    Buckets: 65536  Batches: 1  Memory Usage: 1760kB
                    ->  Seq Scan on title t  (cost=0.00..73925.90 rows=44184 width=4) (actual time=0.119..3072.015 rows=35489 loops=1)
                          Filter: ((kind_id < 7) AND (production_year = 2007))
                          Rows Removed by Filter: 2492823
Planning time: 18.419 ms
Execution time: 63580.887 ms
