Seq Scan on cast_info ci  (cost=0.00..705507.15 rows=25237924 width=0) (actual time=0.021..31944.309 rows=25264384 loops=1)
  Filter: (person_id < 2606206)
  Rows Removed by Filter: 10979960
Planning time: 0.713 ms
Execution time: 35678.237 ms
