Hash Join  (cost=76352.87..115430.66 rows=80731 width=0) (actual time=1078.730..1961.727 rows=11709 loops=1)
  Hash Cond: (mi_idx.movie_id = t.id)
  ->  Seq Scan on movie_info_idx mi_idx  (cost=0.00..21735.35 rows=1380035 width=4) (actual time=0.018..455.488 rows=1380035 loops=1)
  ->  Hash  (cost=73925.90..73925.90 rows=147917 width=4) (actual time=1077.329..1077.329 rows=46427 loops=1)
        Buckets: 131072  Batches: 2  Memory Usage: 1840kB
        ->  Seq Scan on title t  (cost=0.00..73925.90 rows=147917 width=4) (actual time=0.014..1058.291 rows=46427 loops=1)
              Filter: ((production_year < 1960) AND (kind_id = 7))
              Rows Removed by Filter: 2481885
Planning time: 0.735 ms
Execution time: 1963.253 ms
