Seq Scan on cast_info ci  (cost=0.00..796071.18 rows=70901 width=0) (actual time=27354.589..29773.184 rows=219139 loops=1)
  Filter: ((person_id > 2931322) AND (role_id = 11))
  Rows Removed by Filter: 36025205
Planning time: 0.377 ms
Execution time: 29801.441 ms
