Seq Scan on movie_keyword mk  (cost=0.00..81003.12 rows=2051495 width=0) (actual time=0.020..1356.339 rows=2059636 loops=1)
  Filter: (keyword_id < 3662)
  Rows Removed by Filter: 2464294
Planning time: 0.326 ms
Execution time: 1625.083 ms
