Hash Join  (cost=282509.96..392056.04 rows=2265714 width=0) (actual time=14112.119..24001.462 rows=17537914 loops=1)
  Hash Cond: (mc.movie_id = t.id)
  ->  Seq Scan on movie_companies mc  (cost=0.00..44881.29 rows=2609129 width=4) (actual time=0.014..3407.335 rows=2609129 loops=1)
  ->  Hash  (cost=246485.45..246485.45 rows=2195721 width=8) (actual time=14111.020..14111.020 rows=2194560 loops=1)
        Buckets: 131072  Batches: 32  Memory Usage: 3686kB
        ->  Hash Join  (cost=102767.86..246485.45 rows=2195721 width=8) (actual time=5442.917..13378.707 rows=2194560 loops=1)
              Hash Cond: (mk.movie_id = t.id)
              ->  Seq Scan on movie_keyword mk  (cost=0.00..81003.12 rows=2195721 width=4) (actual time=0.025..4394.518 rows=2194560 loops=1)
                    Filter: (keyword_id > 5117)
                    Rows Removed by Filter: 2329370
              ->  Hash  (cost=61283.27..61283.27 rows=2528527 width=4) (actual time=5440.312..5440.312 rows=2528312 loops=1)
                    Buckets: 131072  Batches: 64  Memory Usage: 2425kB
                    ->  Seq Scan on title t  (cost=0.00..61283.27 rows=2528527 width=4) (actual time=0.014..4135.015 rows=2528312 loops=1)
Planning time: 1.136 ms
Execution time: 26295.031 ms
