Seq Scan on movie_keyword mk  (cost=0.00..81003.12 rows=65975 width=0) (actual time=0.022..1347.786 rows=67545 loops=1)
  Filter: (keyword_id < 57)
  Rows Removed by Filter: 4456385
Planning time: 0.302 ms
Execution time: 1358.053 ms
