Hash Join  (cost=196610.85..610921.67 rows=364732 width=0) (actual time=3998.504..11644.825 rows=291565 loops=1)
  Hash Cond: (mi.movie_id = t.id)
  ->  Seq Scan on movie_info mi  (cost=0.00..346232.03 rows=4972096 width=4) (actual time=3.509..6000.216 rows=4923966 loops=1)
        Filter: (info_type_id < 5)
        Rows Removed by Filter: 9911754
  ->  Hash  (cost=193567.32..193567.32 rows=185482 width=8) (actual time=3845.356..3845.356 rows=69561 loops=1)
        Buckets: 131072  Batches: 4  Memory Usage: 1697kB
        ->  Hash Join  (cost=69305.46..193567.32 rows=185482 width=8) (actual time=1061.560..3820.087 rows=69561 loops=1)
              Hash Cond: (mk.movie_id = t.id)
              ->  Seq Scan on movie_keyword mk  (cost=0.00..69693.30 rows=4523930 width=4) (actual time=0.021..1409.981 rows=4523930 loops=1)
              ->  Hash  (cost=67604.59..67604.59 rows=103670 width=4) (actual time=1060.466..1060.466 rows=103980 loops=1)
                    Buckets: 131072  Batches: 2  Memory Usage: 2853kB
                    ->  Seq Scan on title t  (cost=0.00..67604.59 rows=103670 width=4) (actual time=1.231..1021.387 rows=103980 loops=1)
                          Filter: (production_year < 1926)
                          Rows Removed by Filter: 2424332
Planning time: 1.097 ms
Execution time: 11672.717 ms
