Nested Loop  (cost=0.43..798851.07 rows=332 width=0) (actual time=6678.404..14378.872 rows=143 loops=1)
  ->  Seq Scan on cast_info ci  (cost=0.00..796071.18 rows=332 width=4) (actual time=6678.309..14375.440 rows=143 loops=1)
        Filter: ((role_id < 4) AND (person_id = 765647))
        Rows Removed by Filter: 36244201
  ->  Index Only Scan using title_pkey on title t  (cost=0.43..8.36 rows=1 width=4) (actual time=0.023..0.023 rows=1 loops=143)
        Index Cond: (id = ci.movie_id)
        Heap Fetches: 143
Planning time: 1.587 ms
Execution time: 14379.002 ms
