Hash Join  (cost=973773.38..1074952.00 rows=1658768 width=0) (actual time=19168.621..22546.863 rows=2240050 loops=1)
  Hash Cond: (mc.movie_id = t.id)
  ->  Seq Scan on movie_companies mc  (cost=0.00..44881.29 rows=2609129 width=4) (actual time=0.023..913.577 rows=2609129 loops=1)
  ->  Hash  (cost=947399.32..947399.32 rows=1607525 width=8) (actual time=19167.711..19167.711 rows=1579698 loops=1)
        Buckets: 131072  Batches: 32  Memory Usage: 2935kB
        ->  Hash Join  (cost=102767.86..947399.32 rows=1607525 width=8) (actual time=15462.691..18789.337 rows=1579698 loops=1)
              Hash Cond: (ci.movie_id = t.id)
              ->  Seq Scan on cast_info ci  (cost=0.00..796071.18 rows=1607525 width=4) (actual time=13548.322..15336.474 rows=1579698 loops=1)
                    Filter: ((person_id > 253830) AND (role_id = 8))
                    Rows Removed by Filter: 34664646
              ->  Hash  (cost=61283.27..61283.27 rows=2528527 width=4) (actual time=1913.203..1913.203 rows=2528312 loops=1)
                    Buckets: 131072  Batches: 64  Memory Usage: 2415kB
                    ->  Seq Scan on title t  (cost=0.00..61283.27 rows=2528527 width=4) (actual time=0.021..1081.177 rows=2528312 loops=1)
Planning time: 12.854 ms
Execution time: 22816.647 ms
