Seq Scan on cast_info ci  (cost=0.00..705507.15 rows=19874495 width=0) (actual time=0.006..12024.176 rows=20018890 loops=1)
  Filter: (person_id > 1606454)
  Rows Removed by Filter: 16225454
Planning time: 0.357 ms
Execution time: 14411.796 ms
