Hash Join  (cost=150136.88..275568.54 rows=281463 width=0) (actual time=2641.453..6079.129 rows=1348809 loops=1)
  Hash Cond: (mk.movie_id = t.id)
  ->  Seq Scan on movie_keyword mk  (cost=0.00..69693.30 rows=4523930 width=4) (actual time=0.020..1490.471 rows=4523930 loops=1)
  ->  Hash  (cost=147555.43..147555.43 rows=157316 width=8) (actual time=2640.754..2640.754 rows=72386 loops=1)
        Buckets: 131072  Batches: 4  Memory Usage: 1742kB
        ->  Hash Join  (cost=78556.72..147555.43 rows=157316 width=8) (actual time=1629.848..2615.994 rows=72386 loops=1)
              Hash Cond: (mc.movie_id = t.id)
              ->  Seq Scan on movie_companies mc  (cost=0.00..57926.93 rows=595895 width=4) (actual time=67.859..1035.967 rows=380584 loops=1)
                    Filter: ((company_id < 9655) AND (company_type_id = 2))
                    Rows Removed by Filter: 2228545
              ->  Hash  (cost=67604.59..67604.59 rows=667531 width=4) (actual time=1244.779..1244.779 rows=662825 loops=1)
                    Buckets: 131072  Batches: 16  Memory Usage: 2476kB
                    ->  Seq Scan on title t  (cost=0.00..67604.59 rows=667531 width=4) (actual time=24.170..1039.527 rows=662825 loops=1)
                          Filter: (kind_id = 1)
                          Rows Removed by Filter: 1865487
Planning time: 0.909 ms
Execution time: 6239.701 ms
