Hash Join  (cost=122683.23..250642.08 rows=488882 width=0) (actual time=2670.143..6636.143 rows=3033776 loops=1)
  Hash Cond: (mk.movie_id = t.id)
  ->  Seq Scan on movie_keyword mk  (cost=0.00..69693.30 rows=4523930 width=4) (actual time=0.013..1458.694 rows=4523930 loops=1)
  ->  Hash  (cost=118199.64..118199.64 rows=273247 width=8) (actual time=2669.092..2669.092 rows=307019 loops=1)
        Buckets: 131072  Batches: 4  Memory Usage: 4035kB
        ->  Hash Join  (cost=75818.69..118199.64 rows=273247 width=8) (actual time=1341.599..2572.531 rows=307019 loops=1)
              Hash Cond: (mi_idx.movie_id = t.id)
              ->  Seq Scan on movie_info_idx mi_idx  (cost=0.00..21735.35 rows=1380035 width=4) (actual time=0.023..465.309 rows=1380035 loops=1)
              ->  Hash  (cost=67604.59..67604.59 rows=500648 width=4) (actual time=1340.824..1340.824 rows=494029 loops=1)
                    Buckets: 131072  Batches: 8  Memory Usage: 3188kB
                    ->  Seq Scan on title t  (cost=0.00..67604.59 rows=500648 width=4) (actual time=0.032..1182.425 rows=494029 loops=1)
                          Filter: (production_year < 1979)
                          Rows Removed by Filter: 2034283
Planning time: 1.159 ms
Execution time: 6964.029 ms
