Hash Join  (cost=182365.01..667041.97 rows=456505 width=0) (actual time=3550.823..14377.322 rows=190027 loops=1)
  Hash Cond: (mi.movie_id = t.id)
  ->  Seq Scan on movie_info mi  (cost=0.00..309384.22 rows=14739122 width=4) (actual time=0.007..5836.348 rows=14835720 loops=1)
  ->  Hash  (cost=181080.09..181080.09 rows=78314 width=8) (actual time=3548.540..3548.540 rows=19268 loops=1)
        Buckets: 131072  Batches: 2  Memory Usage: 1424kB
        ->  Hash Join  (cost=75533.21..181080.09 rows=78314 width=8) (actual time=1943.443..3540.879 rows=19268 loops=1)
              Hash Cond: (mk.movie_id = t.id)
              ->  Seq Scan on movie_keyword mk  (cost=0.00..81003.12 rows=2021765 width=4) (actual time=0.030..1569.332 rows=2027533 loops=1)
                    Filter: (keyword_id < 3636)
                    Rows Removed by Filter: 2496397
              ->  Hash  (cost=73925.90..73925.90 rows=97944 width=4) (actual time=1328.175..1328.175 rows=106247 loops=1)
                    Buckets: 131072  Batches: 2  Memory Usage: 2896kB
                    ->  Seq Scan on title t  (cost=0.00..73925.90 rows=97944 width=4) (actual time=118.947..1283.290 rows=106247 loops=1)
                          Filter: ((kind_id = 7) AND (production_year = 2011))
                          Rows Removed by Filter: 2422065
Planning time: 1.203 ms
Execution time: 14400.869 ms
