Hash Join  (cost=133762.60..1204404.25 rows=3301391 width=0) (actual time=2614.303..30850.650 rows=4777944 loops=1)
  Hash Cond: (ci.movie_id = t.id)
  ->  Seq Scan on cast_info ci  (cost=0.00..705507.15 rows=28625223 width=4) (actual time=0.017..15673.000 rows=28732023 loops=1)
        Filter: (person_id > 727790)
        Rows Removed by Filter: 7512321
  ->  Hash  (cost=128977.36..128977.36 rows=291619 width=8) (actual time=2613.481..2613.481 rows=143450 loops=1)
        Buckets: 131072  Batches: 4  Memory Usage: 2410kB
        ->  Hash Join  (cost=87146.10..128977.36 rows=291619 width=8) (actual time=1431.067..2559.593 rows=143450 loops=1)
              Hash Cond: (mi_idx.movie_id = t.id)
              ->  Seq Scan on movie_info_idx mi_idx  (cost=0.00..25185.44 rows=915101 width=4) (actual time=0.026..530.136 rows=919850 loops=1)
                    Filter: (info_type_id < 101)
                    Rows Removed by Filter: 460185
              ->  Hash  (cost=73925.90..73925.90 rows=805776 width=4) (actual time=1429.989..1429.989 rows=881945 loops=1)
                    Buckets: 131072  Batches: 16  Memory Usage: 2970kB
                    ->  Seq Scan on title t  (cost=0.00..73925.90 rows=805776 width=4) (actual time=0.021..1169.836 rows=881945 loops=1)
                          Filter: ((production_year > 2001) AND (kind_id = 7))
                          Rows Removed by Filter: 1646367
Planning time: 2.376 ms
Execution time: 31381.517 ms
