Seq Scan on cast_info ci  (cost=0.00..796071.18 rows=3077914 width=0) (actual time=7344.746..12282.008 rows=6237258 loops=1)
  Filter: ((person_id < 850592) AND (role_id = 1))
  Rows Removed by Filter: 30007086
Planning time: 0.391 ms
Execution time: 13039.916 ms
