Hash Join  (cost=74730.49..917125.70 rows=294474 width=0) (actual time=2715.071..21101.595 rows=204641 loops=1)
  Hash Cond: (ci.movie_id = t.id)
  ->  Seq Scan on cast_info ci  (cost=0.00..796071.18 rows=11567809 width=4) (actual time=1535.469..16732.681 rows=10381791 loops=1)
        Filter: ((person_id > 307839) AND (role_id < 2))
        Rows Removed by Filter: 25862553
  ->  Hash  (cost=73925.90..73925.90 rows=64367 width=4) (actual time=1179.022..1179.022 rows=53905 loops=1)
        Buckets: 65536  Batches: 1  Memory Usage: 2408kB
        ->  Seq Scan on title t  (cost=0.00..73925.90 rows=64367 width=4) (actual time=0.037..1157.484 rows=53905 loops=1)
              Filter: ((kind_id < 7) AND (production_year = 2012))
              Rows Removed by Filter: 2474407
Planning time: 0.781 ms
Execution time: 21133.841 ms
