Seq Scan on movie_keyword mk  (cost=0.00..81003.12 rows=1441294 width=0) (actual time=0.015..1540.811 rows=1458981 loops=1)
  Filter: (keyword_id < 2064)
  Rows Removed by Filter: 3064949
Planning time: 0.324 ms
Execution time: 1723.989 ms
