Hash Join  (cost=186829.05..321100.45 rows=1007036 width=0) (actual time=3890.850..8448.422 rows=5072287 loops=1)
  Hash Cond: (mk.movie_id = t.id)
  ->  Seq Scan on movie_keyword mk  (cost=0.00..69693.30 rows=4523930 width=4) (actual time=0.023..1327.524 rows=4523930 loops=1)
  ->  Hash  (cost=177594.36..177594.36 rows=562855 width=8) (actual time=3889.932..3889.932 rows=557993 loops=1)
        Buckets: 131072  Batches: 8  Memory Usage: 3766kB
        ->  Hash Join  (cost=102767.86..177594.36 rows=562855 width=8) (actual time=1984.586..3732.930 rows=557993 loops=1)
              Hash Cond: (mc.movie_id = t.id)
              ->  Seq Scan on movie_companies mc  (cost=0.00..51404.11 rows=562855 width=4) (actual time=0.013..925.803 rows=557993 loops=1)
                    Filter: (company_id < 594)
                    Rows Removed by Filter: 2051136
              ->  Hash  (cost=61283.27..61283.27 rows=2528527 width=4) (actual time=1983.548..1983.548 rows=2528312 loops=1)
                    Buckets: 131072  Batches: 64  Memory Usage: 2415kB
                    ->  Seq Scan on title t  (cost=0.00..61283.27 rows=2528527 width=4) (actual time=0.017..1131.024 rows=2528312 loops=1)
Planning time: 0.989 ms
Execution time: 9022.945 ms
