Hash Join  (cost=223031.38..1145988.35 rows=6523911 width=0) (actual time=12269.262..27679.215 rows=10326362 loops=1)
  Hash Cond: (ci.movie_id = t.id)
  ->  Seq Scan on cast_info ci  (cost=0.00..705507.15 rows=12726058 width=4) (actual time=7452.410..14112.286 rows=12670688 loops=1)
        Filter: (role_id < 2)
        Rows Removed by Filter: 23573656
  ->  Hash  (cost=201764.51..201764.51 rows=1296229 width=8) (actual time=4815.728..4815.728 rows=1270429 loops=1)
        Buckets: 131072  Batches: 32  Memory Usage: 2561kB
        ->  Hash Join  (cost=102767.86..201764.51 rows=1296229 width=8) (actual time=1892.447..4465.426 rows=1270429 loops=1)
              Hash Cond: (mc.movie_id = t.id)
              ->  Seq Scan on movie_companies mc  (cost=0.00..57926.93 rows=1296229 width=4) (actual time=0.025..1202.211 rows=1270429 loops=1)
                    Filter: ((company_id < 180560) AND (company_type_id = 2))
                    Rows Removed by Filter: 1338700
              ->  Hash  (cost=61283.27..61283.27 rows=2528527 width=4) (actual time=1891.187..1891.187 rows=2528312 loops=1)
                    Buckets: 131072  Batches: 64  Memory Usage: 2415kB
                    ->  Seq Scan on title t  (cost=0.00..61283.27 rows=2528527 width=4) (actual time=0.010..1086.132 rows=2528312 loops=1)
Planning time: 1.160 ms
Execution time: 28741.710 ms
