Hash Join  (cost=102767.86..238585.78 rows=1867495 width=0) (actual time=2036.460..6078.683 rows=1876507 loops=1)
  Hash Cond: (mk.movie_id = t.id)
  ->  Seq Scan on movie_keyword mk  (cost=0.00..81003.12 rows=1867495 width=4) (actual time=0.020..1534.206 rows=1876507 loops=1)
        Filter: (keyword_id < 3192)
        Rows Removed by Filter: 2647423
  ->  Hash  (cost=61283.27..61283.27 rows=2528527 width=4) (actual time=2035.063..2035.063 rows=2528312 loops=1)
        Buckets: 131072  Batches: 64  Memory Usage: 2425kB
        ->  Seq Scan on title t  (cost=0.00..61283.27 rows=2528527 width=4) (actual time=0.023..1164.100 rows=2528312 loops=1)
Planning time: 0.786 ms
Execution time: 6307.305 ms
