Hash Join  (cost=74201.27..161253.43 rows=39413 width=0) (actual time=1044.186..2832.725 rows=37359 loops=1)
  Hash Cond: (mk.movie_id = t.id)
  ->  Seq Scan on movie_keyword mk  (cost=0.00..69693.30 rows=4523930 width=4) (actual time=0.012..944.676 rows=4523930 loops=1)
  ->  Hash  (cost=73925.90..73925.90 rows=22029 width=4) (actual time=1043.766..1043.766 rows=81645 loops=1)
        Buckets: 131072 (originally 32768)  Batches: 1 (originally 1)  Memory Usage: 3895kB
        ->  Seq Scan on title t  (cost=0.00..73925.90 rows=22029 width=4) (actual time=374.355..1013.191 rows=81645 loops=1)
              Filter: ((production_year < 1919) AND (kind_id = 1))
              Rows Removed by Filter: 2446667
Planning time: 0.533 ms
Execution time: 2837.916 ms
