Hash Join  (cost=190230.21..776974.94 rows=7539508 width=0) (actual time=4427.340..23187.191 rows=18739965 loops=1)
  Hash Cond: (mi.movie_id = t.id)
  ->  Seq Scan on movie_info mi  (cost=0.00..346232.03 rows=13814033 width=4) (actual time=0.011..7336.072 rows=13856997 loops=1)
        Filter: (info_type_id < 91)
        Rows Removed by Filter: 978723
  ->  Hash  (cost=167588.78..167588.78 rows=1380035 width=8) (actual time=4426.335..4426.335 rows=1380035 loops=1)
        Buckets: 131072  Batches: 32  Memory Usage: 2726kB
        ->  Hash Join  (cost=102767.86..167588.78 rows=1380035 width=8) (actual time=2008.604..4009.875 rows=1380035 loops=1)
              Hash Cond: (mi_idx.movie_id = t.id)
              ->  Seq Scan on movie_info_idx mi_idx  (cost=0.00..21735.35 rows=1380035 width=4) (actual time=0.023..488.861 rows=1380035 loops=1)
              ->  Hash  (cost=61283.27..61283.27 rows=2528527 width=4) (actual time=2007.267..2007.267 rows=2528312 loops=1)
                    Buckets: 131072  Batches: 64  Memory Usage: 2415kB
                    ->  Seq Scan on title t  (cost=0.00..61283.27 rows=2528527 width=4) (actual time=0.014..1172.179 rows=2528312 loops=1)
Planning time: 1.123 ms
Execution time: 25165.600 ms
