Hash Join  (cost=78476.71..1153098.29 rows=3973442 width=0) (actual time=1562.371..30471.166 rows=1804092 loops=1)
  Hash Cond: (ci.movie_id = t.id)
  ->  Seq Scan on cast_info ci  (cost=0.00..614943.12 rows=36225612 width=4) (actual time=0.021..12893.014 rows=36244344 loops=1)
  ->  Hash  (cost=73925.90..73925.90 rows=277344 width=4) (actual time=1082.902..1082.902 rows=169544 loops=1)
        Buckets: 131072  Batches: 4  Memory Usage: 2513kB
        ->  Seq Scan on title t  (cost=0.00..73925.90 rows=277344 width=4) (actual time=197.916..1025.264 rows=169544 loops=1)
              Filter: ((production_year < 1976) AND (kind_id = 7))
              Rows Removed by Filter: 2358768
Planning time: 0.779 ms
Execution time: 30692.077 ms
