Hash Join  (cost=160737.19..544119.96 rows=30298 width=0) (actual time=2727.956..10457.597 rows=904754 loops=1)
  Hash Cond: (mi.movie_id = t.id)
  ->  Seq Scan on movie_info mi  (cost=0.00..309384.22 rows=14739122 width=4) (actual time=0.013..4452.338 rows=14835720 loops=1)
  ->  Hash  (cost=160672.23..160672.23 rows=5197 width=8) (actual time=2722.731..2722.731 rows=15557 loops=1)
        Buckets: 16384 (originally 8192)  Batches: 1 (originally 1)  Memory Usage: 736kB
        ->  Hash Join  (cost=73962.22..160672.23 rows=5197 width=8) (actual time=1060.704..2717.232 rows=15557 loops=1)
              Hash Cond: (mk.movie_id = t.id)
              ->  Seq Scan on movie_keyword mk  (cost=0.00..69693.30 rows=4523930 width=4) (actual time=0.014..886.149 rows=4523930 loops=1)
              ->  Hash  (cost=73925.90..73925.90 rows=2905 width=4) (actual time=1060.157..1060.157 rows=4593 loops=1)
                    Buckets: 8192 (originally 4096)  Batches: 1 (originally 1)  Memory Usage: 226kB
                    ->  Seq Scan on title t  (cost=0.00..73925.90 rows=2905 width=4) (actual time=0.261..1057.637 rows=4593 loops=1)
                          Filter: ((kind_id < 7) AND (production_year = 1963))
                          Rows Removed by Filter: 2523719
Planning time: 3.577 ms
Execution time: 10570.808 ms
