Hash Join  (cost=264346.01..897068.53 rows=10089705 width=0) (actual time=5944.606..32945.664 rows=66263004 loops=1)
  Hash Cond: (mi.movie_id = t.id)
  ->  Seq Scan on movie_info mi  (cost=0.00..346232.03 rows=13926693 width=4) (actual time=5.913..7514.245 rows=13963496 loops=1)
        Filter: (info_type_id < 98)
        Rows Removed by Filter: 872224
  ->  Hash  (cost=234291.46..234291.46 rows=1831884 width=8) (actual time=5937.110..5937.110 rows=1440729 loops=1)
        Buckets: 131072  Batches: 32  Memory Usage: 2934kB
        ->  Hash Join  (cost=89299.55..234291.46 rows=1831884 width=8) (actual time=1714.358..5551.600 rows=1440729 loops=1)
              Hash Cond: (mk.movie_id = t.id)
              ->  Seq Scan on movie_keyword mk  (cost=0.00..81003.12 rows=3502919 width=4) (actual time=0.025..1788.430 rows=3495574 loops=1)
                    Filter: (keyword_id > 1002)
                    Rows Removed by Filter: 1028356
              ->  Hash  (cost=67604.59..67604.59 rows=1322317 width=4) (actual time=1713.278..1713.278 rows=1322863 loops=1)
                    Buckets: 131072  Batches: 32  Memory Usage: 2489kB
                    ->  Seq Scan on title t  (cost=0.00..67604.59 rows=1322317 width=4) (actual time=0.014..1271.494 rows=1322863 loops=1)
                          Filter: (production_year > 2001)
                          Rows Removed by Filter: 1205449
Planning time: 1.169 ms
Execution time: 39563.754 ms
