Hash Join  (cost=73962.22..455839.28 rows=10887 width=0) (actual time=1425.851..9131.146 rows=22140 loops=1)
  Hash Cond: (mi.movie_id = t.id)
  ->  Seq Scan on movie_info mi  (cost=0.00..346232.03 rows=9476311 width=4) (actual time=4.561..6427.099 rows=9565151 loops=1)
        Filter: (info_type_id < 16)
        Rows Removed by Filter: 5270569
  ->  Hash  (cost=73925.90..73925.90 rows=2905 width=4) (actual time=1162.386..1162.386 rows=2614 loops=1)
        Buckets: 4096  Batches: 1  Memory Usage: 124kB
        ->  Seq Scan on title t  (cost=0.00..73925.90 rows=2905 width=4) (actual time=687.061..1161.069 rows=2614 loops=1)
              Filter: ((kind_id < 7) AND (production_year = 1923))
              Rows Removed by Filter: 2525698
Planning time: 1.245 ms
Execution time: 9135.560 ms
