Hash Join  (cost=52283.99..803073.59 rows=43 width=0) (actual time=793.470..15871.456 rows=143 loops=1)
  Hash Cond: (ci.movie_id = t.id)
  ->  Seq Scan on cast_info ci  (cost=0.00..614943.12 rows=36225612 width=4) (actual time=0.934..8534.805 rows=36244344 loops=1)
  ->  Hash  (cost=52283.95..52283.95 rows=3 width=8) (actual time=753.012..753.012 rows=6 loops=1)
        Buckets: 1024  Batches: 1  Memory Usage: 9kB
        ->  Nested Loop  (cost=0.43..52283.95 rows=3 width=8) (actual time=463.246..752.999 rows=6 loops=1)
              ->  Seq Scan on movie_companies mc  (cost=0.00..51404.11 rows=104 width=4) (actual time=75.387..747.883 rows=189 loops=1)
                    Filter: (company_id = 10278)
                    Rows Removed by Filter: 2608940
              ->  Index Scan using title_pkey on title t  (cost=0.43..8.45 rows=1 width=4) (actual time=0.026..0.026 rows=0 loops=189)
                    Index Cond: (id = mc.movie_id)
                    Filter: (production_year = 2003)
                    Rows Removed by Filter: 1
Planning time: 1.164 ms
Execution time: 15871.842 ms
