Seq Scan on movie_keyword mk  (cost=0.00..81003.12 rows=246 width=0) (actual time=13.641..1266.970 rows=160 loops=1)
  Filter: (keyword_id = 4633)
  Rows Removed by Filter: 4523770
Planning time: 0.401 ms
Execution time: 1267.175 ms
