Seq Scan on movie_keyword mk  (cost=0.00..81003.12 rows=1334226 width=0) (actual time=0.014..1427.051 rows=1347748 loops=1)
  Filter: (keyword_id > 12625)
  Rows Removed by Filter: 3176182
Planning time: 0.307 ms
Execution time: 1593.526 ms
