Hash Join  (cost=102767.86..177883.43 rows=303793 width=0) (actual time=2227.063..3530.874 rows=165296 loops=1)
  Hash Cond: (mc.movie_id = t.id)
  ->  Seq Scan on movie_companies mc  (cost=0.00..57926.93 rows=303793 width=4) (actual time=189.950..946.695 rows=165296 loops=1)
        Filter: ((company_id < 686) AND (company_type_id > 1))
        Rows Removed by Filter: 2443833
  ->  Hash  (cost=61283.27..61283.27 rows=2528527 width=4) (actual time=2035.837..2035.837 rows=2528312 loops=1)
        Buckets: 131072  Batches: 64  Memory Usage: 2415kB
        ->  Seq Scan on title t  (cost=0.00..61283.27 rows=2528527 width=4) (actual time=0.022..1201.753 rows=2528312 loops=1)
Planning time: 0.506 ms
Execution time: 3551.574 ms
