Seq Scan on movie_companies mc  (cost=0.00..57926.93 rows=53 width=0) (actual time=6.827..937.751 rows=184 loops=1)
  Filter: ((company_type_id > 1) AND (company_id = 58197))
  Rows Removed by Filter: 2608945
Planning time: 1.028 ms
Execution time: 937.898 ms
