Seq Scan on movie_keyword mk  (cost=0.00..81003.12 rows=726597 width=0) (actual time=0.018..1443.522 rows=719624 loops=1)
  Filter: (keyword_id < 639)
  Rows Removed by Filter: 3804306
Planning time: 2.296 ms
Execution time: 1532.823 ms
