Hash Join  (cost=87162.74..159416.45 rows=241660 width=0) (actual time=1958.133..3425.991 rows=651577 loops=1)
  Hash Cond: (mc.movie_id = t.id)
  ->  Seq Scan on movie_companies mc  (cost=0.00..57926.93 rows=757380 width=4) (actual time=445.228..1110.137 rows=974613 loops=1)
        Filter: ((company_id > 7851) AND (company_type_id = 2))
        Rows Removed by Filter: 1634516
  ->  Hash  (cost=73925.90..73925.90 rows=806787 width=4) (actual time=1512.021..1512.021 rows=843018 loops=1)
        Buckets: 131072  Batches: 16  Memory Usage: 2879kB
        ->  Seq Scan on title t  (cost=0.00..73925.90 rows=806787 width=4) (actual time=0.032..1250.333 rows=843018 loops=1)
              Filter: ((kind_id < 7) AND (production_year < 2011))
              Rows Removed by Filter: 1685294
Planning time: 8.537 ms
Execution time: 3502.933 ms
