Seq Scan on movie_companies mc  (cost=0.00..51404.11 rows=104 width=0) (actual time=7.272..910.990 rows=2058 loops=1)
  Filter: (company_id = 741)
  Rows Removed by Filter: 2607071
Planning time: 0.369 ms
Execution time: 911.347 ms
