Seq Scan on movie_keyword mk  (cost=0.00..81003.12 rows=191346 width=0) (actual time=0.030..1347.899 rows=194349 loops=1)
  Filter: (keyword_id > 69889)
  Rows Removed by Filter: 4329581
Planning time: 0.339 ms
Execution time: 1373.817 ms
