Seq Scan on movie_keyword mk  (cost=0.00..81003.12 rows=246 width=0) (actual time=2.610..1026.227 rows=488 loops=1)
  Filter: (keyword_id = 8430)
  Rows Removed by Filter: 4523442
Planning time: 0.550 ms
Execution time: 1026.539 ms
