Hash Join  (cost=107941.90..474111.19 rows=151336 width=0) (actual time=1928.541..9810.390 rows=492361 loops=1)
  Hash Cond: (mi.movie_id = t.id)
  ->  Seq Scan on movie_info mi  (cost=0.00..309384.22 rows=14739122 width=4) (actual time=0.015..4232.729 rows=14835720 loops=1)
  ->  Hash  (cost=107617.38..107617.38 rows=25962 width=8) (actual time=1922.539..1922.539 rows=26387 loops=1)
        Buckets: 32768  Batches: 1  Memory Usage: 1287kB
        ->  Hash Join  (cost=76242.82..107617.38 rows=25962 width=8) (actual time=1409.603..1913.298 rows=26387 loops=1)
              Hash Cond: (mi_idx.movie_id = t.id)
              ->  Seq Scan on movie_info_idx mi_idx  (cost=0.00..25185.44 rows=464934 width=4) (actual time=0.016..483.609 rows=460185 loops=1)
                    Filter: (info_type_id > 100)
                    Rows Removed by Filter: 919850
              ->  Hash  (cost=73925.90..73925.90 rows=141193 width=4) (actual time=1221.262..1221.262 rows=132182 loops=1)
                    Buckets: 131072  Batches: 2  Memory Usage: 3340kB
                    ->  Seq Scan on title t  (cost=0.00..73925.90 rows=141193 width=4) (actual time=0.014..1172.494 rows=132182 loops=1)
                          Filter: ((production_year > 2009) AND (kind_id = 1))
                          Rows Removed by Filter: 2396130
Planning time: 1.238 ms
Execution time: 9875.196 ms
