Hash Join  (cost=73987.23..100924.49 rows=2678 width=0) (actual time=1411.599..2018.532 rows=3636 loops=1)
  Hash Cond: (mi_idx.movie_id = t.id)
  ->  Seq Scan on movie_info_idx mi_idx  (cost=0.00..21735.35 rows=1380035 width=4) (actual time=0.020..325.414 rows=1380035 loops=1)
  ->  Hash  (cost=73925.90..73925.90 rows=4906 width=4) (actual time=1411.301..1411.301 rows=8273 loops=1)
        Buckets: 16384 (originally 8192)  Batches: 1 (originally 1)  Memory Usage: 419kB
        ->  Seq Scan on title t  (cost=0.00..73925.90 rows=4906 width=4) (actual time=0.024..1406.844 rows=8273 loops=1)
              Filter: ((kind_id > 3) AND (production_year = 1982))
              Rows Removed by Filter: 2520039
Planning time: 2.554 ms
Execution time: 2019.176 ms
