Hash Join  (cost=80408.18..136245.42 rows=34385 width=0) (actual time=1373.024..2367.649 rows=92874 loops=1)
  Hash Cond: (mc.movie_id = t.id)
  ->  Seq Scan on movie_companies mc  (cost=0.00..51404.11 rows=220073 width=4) (actual time=43.471..828.743 rows=221543 loops=1)
        Filter: (company_id > 107546)
        Rows Removed by Filter: 2387586
  ->  Hash  (cost=73925.90..73925.90 rows=395062 width=4) (actual time=1328.725..1328.725 rows=335993 loops=1)
        Buckets: 131072  Batches: 8  Memory Usage: 2492kB
        ->  Seq Scan on title t  (cost=0.00..73925.90 rows=395062 width=4) (actual time=0.031..1222.598 rows=335993 loops=1)
              Filter: ((kind_id < 7) AND (production_year > 2005))
              Rows Removed by Filter: 2192319
Planning time: 0.517 ms
Execution time: 2380.995 ms
