Seq Scan on cast_info ci  (cost=0.00..705507.15 rows=1736414 width=0) (actual time=1099.559..12306.706 rows=1703543 loops=1)
  Filter: (role_id = 8)
  Rows Removed by Filter: 34540801
Planning time: 0.250 ms
Execution time: 12516.063 ms
