Seq Scan on movie_keyword mk  (cost=0.00..81003.12 rows=730736 width=0) (actual time=0.023..1396.962 rows=739076 loops=1)
  Filter: (keyword_id > 25453)
  Rows Removed by Filter: 3784854
Planning time: 0.326 ms
Execution time: 1489.807 ms
