Hash Join  (cost=102767.86..1359650.15 rows=18740007 width=0) (actual time=1960.072..42000.914 rows=21540718 loops=1)
  Hash Cond: (ci.movie_id = t.id)
  ->  Seq Scan on cast_info ci  (cost=0.00..796071.18 rows=18740007 width=4) (actual time=0.023..17824.954 rows=21540718 loops=1)
        Filter: ((person_id > 703702) AND (role_id > 1))
        Rows Removed by Filter: 14703626
  ->  Hash  (cost=61283.27..61283.27 rows=2528527 width=4) (actual time=1958.044..1958.044 rows=2528312 loops=1)
        Buckets: 131072  Batches: 64  Memory Usage: 2415kB
        ->  Seq Scan on title t  (cost=0.00..61283.27 rows=2528527 width=4) (actual time=0.018..1107.035 rows=2528312 loops=1)
Planning time: 1.626 ms
Execution time: 44397.333 ms
