Seq Scan on movie_keyword mk  (cost=0.00..81003.12 rows=216641 width=0) (actual time=0.019..1229.694 rows=218368 loops=1)
  Filter: (keyword_id > 65053)
  Rows Removed by Filter: 4305562
Planning time: 0.329 ms
Execution time: 1258.276 ms
