Hash Join  (cost=80042.24..160299.28 rows=533088 width=0) (actual time=1448.531..3823.642 rows=971467 loops=1)
  Hash Cond: (mc.movie_id = t.id)
  ->  Seq Scan on movie_companies mc  (cost=0.00..51404.11 rows=1778147 width=4) (actual time=0.015..1106.459 rows=1769197 loops=1)
        Filter: (company_id < 26253)
        Rows Removed by Filter: 839932
  ->  Hash  (cost=67604.59..67604.59 rows=758052 width=4) (actual time=1447.476..1447.476 rows=753677 loops=1)
        Buckets: 131072  Batches: 16  Memory Usage: 2677kB
        ->  Seq Scan on title t  (cost=0.00..67604.59 rows=758052 width=4) (actual time=0.019..1223.637 rows=753677 loops=1)
              Filter: (kind_id < 3)
              Rows Removed by Filter: 1774635
Planning time: 0.764 ms
Execution time: 3945.026 ms
