Seq Scan on movie_keyword mk  (cost=0.00..81003.12 rows=1783350 width=0) (actual time=0.019..1438.062 rows=1792776 loops=1)
  Filter: (keyword_id > 7763)
  Rows Removed by Filter: 2731154
Planning time: 0.372 ms
Execution time: 1657.079 ms
