Hash Join  (cost=102767.86..948837.07 rows=1667325 width=0) (actual time=14962.358..20279.927 rows=1641671 loops=1)
  Hash Cond: (ci.movie_id = t.id)
  ->  Seq Scan on cast_info ci  (cost=0.00..796071.18 rows=1667325 width=4) (actual time=12553.856..16115.462 rows=1641671 loops=1)
        Filter: ((person_id > 136683) AND (role_id = 8))
        Rows Removed by Filter: 34602673
  ->  Hash  (cost=61283.27..61283.27 rows=2528527 width=4) (actual time=2330.253..2330.253 rows=2528312 loops=1)
        Buckets: 131072  Batches: 64  Memory Usage: 2415kB
        ->  Seq Scan on title t  (cost=0.00..61283.27 rows=2528527 width=4) (actual time=0.025..1192.003 rows=2528312 loops=1)
Planning time: 0.761 ms
Execution time: 20481.173 ms
