Hash Join  (cost=187370.58..701296.56 rows=3197705 width=0) (actual time=3598.834..16969.488 rows=2798923 loops=1)
  Hash Cond: (mi.movie_id = t.id)
  ->  Seq Scan on movie_info mi  (cost=0.00..309384.22 rows=14739122 width=4) (actual time=0.017..5874.900 rows=14835720 loops=1)
  ->  Hash  (cost=178370.42..178370.42 rows=548573 width=8) (actual time=3597.842..3597.842 rows=334904 loops=1)
        Buckets: 131072  Batches: 8  Memory Usage: 2661kB
        ->  Hash Join  (cost=98137.04..178370.42 rows=548573 width=8) (actual time=1915.972..3508.815 rows=334904 loops=1)
              Hash Cond: (mc.movie_id = t.id)
              ->  Seq Scan on movie_companies mc  (cost=0.00..57926.93 rows=745344 width=4) (actual time=43.477..1023.393 rows=466126 loops=1)
                    Filter: ((company_id < 13031) AND (company_type_id = 2))
                    Rows Removed by Filter: 2143003
              ->  Hash  (cost=67604.59..67604.59 rows=1860996 width=4) (actual time=1871.618..1871.618 rows=1865487 loops=1)
                    Buckets: 131072  Batches: 32  Memory Usage: 3079kB
                    ->  Seq Scan on title t  (cost=0.00..67604.59 rows=1860996 width=4) (actual time=0.027..1269.113 rows=1865487 loops=1)
                          Filter: (kind_id > 1)
                          Rows Removed by Filter: 662825
Planning time: 1.206 ms
Execution time: 17268.917 ms
