Hash Join  (cost=220052.80..304383.40 rows=673208 width=0) (actual time=4590.657..8067.766 rows=5230973 loops=1)
  Hash Cond: (mc.movie_id = t.id)
  ->  Seq Scan on movie_companies mc  (cost=0.00..44881.29 rows=2609129 width=4) (actual time=0.019..894.932 rows=2609129 loops=1)
  ->  Hash  (cost=209348.66..209348.66 rows=652411 width=8) (actual time=4589.920..4589.920 rows=662416 loops=1)
        Buckets: 131072  Batches: 16  Memory Usage: 2678kB
        ->  Hash Join  (cost=102767.86..209348.66 rows=652411 width=8) (actual time=1973.738..4396.343 rows=662416 loops=1)
              Hash Cond: (mk.movie_id = t.id)
              ->  Seq Scan on movie_keyword mk  (cost=0.00..81003.12 rows=652411 width=4) (actual time=0.023..1399.528 rows=662416 loops=1)
                    Filter: (keyword_id > 28386)
                    Rows Removed by Filter: 3861514
              ->  Hash  (cost=61283.27..61283.27 rows=2528527 width=4) (actual time=1972.465..1972.465 rows=2528312 loops=1)
                    Buckets: 131072  Batches: 64  Memory Usage: 2425kB
                    ->  Seq Scan on title t  (cost=0.00..61283.27 rows=2528527 width=4) (actual time=0.013..1126.655 rows=2528312 loops=1)
Planning time: 1.124 ms
Execution time: 8672.975 ms
