Hash Join  (cost=73990.99..100914.59 rows=949 width=0) (actual time=1297.344..1816.609 rows=2301 loops=1)
  Hash Cond: (mi_idx.movie_id = t.id)
  ->  Seq Scan on movie_info_idx mi_idx  (cost=0.00..25185.44 rows=460978 width=4) (actual time=0.021..414.976 rows=459925 loops=1)
        Filter: (info_type_id = 99)
        Rows Removed by Filter: 920110
  ->  Hash  (cost=73925.90..73925.90 rows=5207 width=4) (actual time=1297.171..1297.171 rows=12724 loops=1)
        Buckets: 16384 (originally 8192)  Batches: 1 (originally 1)  Memory Usage: 576kB
        ->  Seq Scan on title t  (cost=0.00..73925.90 rows=5207 width=4) (actual time=0.077..1290.389 rows=12724 loops=1)
              Filter: ((kind_id > 2) AND (production_year = 1985))
              Rows Removed by Filter: 2515588
Planning time: 0.882 ms
Execution time: 1817.204 ms
