Hash Join  (cost=647095.71..1938911.12 rows=28538768 width=0) (actual time=13750.961..44393.383 rows=17704822 loops=1)
  Hash Cond: (ci.movie_id = t.id)
  ->  Seq Scan on cast_info ci  (cost=0.00..705507.15 rows=18665675 width=4) (actual time=0.011..14758.580 rows=18561265 loops=1)
        Filter: (person_id < 1847269)
        Rows Removed by Filter: 17683079
  ->  Hash  (cost=583669.01..583669.01 rows=3865976 width=8) (actual time=13749.244..13749.244 rows=1512745 loops=1)
        Buckets: 131072  Batches: 64  Memory Usage: 1912kB
        ->  Hash Join  (cost=92027.78..583669.01 rows=3865976 width=8) (actual time=2631.107..13303.643 rows=1512745 loops=1)
              Hash Cond: (mi.movie_id = t.id)
              ->  Seq Scan on movie_info mi  (cost=0.00..346232.03 rows=8859586 width=4) (actual time=835.297..6423.735 rows=8966694 loops=1)
                    Filter: (info_type_id < 15)
                    Rows Removed by Filter: 5869026
              ->  Hash  (cost=73925.90..73925.90 rows=1103350 width=4) (actual time=1794.982..1794.982 rows=1054846 loops=1)
                    Buckets: 131072  Batches: 16  Memory Usage: 3350kB
                    ->  Seq Scan on title t  (cost=0.00..73925.90 rows=1103350 width=4) (actual time=0.027..1454.319 rows=1054846 loops=1)
                          Filter: ((kind_id > 4) AND (production_year < 2009))
                          Rows Removed by Filter: 1473466
Planning time: 0.943 ms
Execution time: 46771.934 ms
