Hash Join  (cost=100960.39..585074.25 rows=5010228 width=0) (actual time=2613.763..13496.658 rows=5104887 loops=1)
  Hash Cond: (mi.movie_id = t.id)
  ->  Seq Scan on movie_info mi  (cost=0.00..346232.03 rows=6231111 width=4) (actual time=523.336..6334.056 rows=6223494 loops=1)
        Filter: (info_type_id > 8)
        Rows Removed by Filter: 8612226
  ->  Hash  (cost=67604.59..67604.59 rows=2033104 width=4) (actual time=2089.551..2089.551 rows=2032439 loops=1)
        Buckets: 131072  Batches: 32  Memory Usage: 3270kB
        ->  Seq Scan on title t  (cost=0.00..67604.59 rows=2033104 width=4) (actual time=0.021..1419.088 rows=2032439 loops=1)
              Filter: (production_year > 1973)
              Rows Removed by Filter: 495873
Planning time: 0.748 ms
Execution time: 14095.479 ms
