Seq Scan on movie_keyword mk  (cost=0.00..81003.12 rows=715461 width=0) (actual time=0.028..1324.139 rows=718515 loops=1)
  Filter: (keyword_id > 26107)
  Rows Removed by Filter: 3805415
Planning time: 0.343 ms
Execution time: 1415.233 ms
