Hash Join  (cost=129928.86..284248.50 rows=1394432 width=106) (actual time=2650.151..6538.029 rows=1408364 loops=1)
  Hash Cond: (mk.movie_id = t.id)
  ->  Seq Scan on movie_keyword mk  (cost=0.00..81003.12 rows=1394432 width=12) (actual time=0.012..1902.553 rows=1408364 loops=1)
        Filter: (keyword_id > 11868)
        Rows Removed by Filter: 3115566
  ->  Hash  (cost=61283.27..61283.27 rows=2528527 width=94) (actual time=2647.271..2647.271 rows=2528312 loops=1)
        Buckets: 32768  Batches: 128  Memory Usage: 2470kB
        ->  Seq Scan on title t  (cost=0.00..61283.27 rows=2528527 width=94) (actual time=0.019..1332.819 rows=2528312 loops=1)
Planning time: 0.915 ms
Execution time: 6615.769 ms
