Seq Scan on movie_info mi  (cost=0.00..346232.03 rows=6231111 width=75) (actual time=0.011..5503.327 rows=6223494 loops=1)
  Filter: (info_type_id > 8)
  Rows Removed by Filter: 8612226
Planning time: 0.323 ms
Execution time: 5752.188 ms
