Hash Join  (cost=180697.97..543774.97 rows=125050 width=0) (actual time=4541.097..9907.570 rows=323562 loops=1)
  Hash Cond: (mi.movie_id = t.id)
  ->  Seq Scan on movie_info mi  (cost=0.00..346232.03 rows=1264125 width=4) (actual time=856.500..5425.824 rows=1288928 loops=1)
        Filter: (info_type_id = 2)
        Rows Removed by Filter: 13546792
  ->  Hash  (cost=176593.37..176593.37 rows=250128 width=8) (actual time=3683.737..3683.737 rows=371223 loops=1)
        Buckets: 131072 (originally 131072)  Batches: 8 (originally 4)  Memory Usage: 3073kB
        ->  Hash Join  (cost=102767.86..176593.37 rows=250128 width=8) (actual time=1948.125..3568.852 rows=371223 loops=1)
              Hash Cond: (mc.movie_id = t.id)
              ->  Seq Scan on movie_companies mc  (cost=0.00..57926.93 rows=250128 width=4) (actual time=0.022..947.459 rows=371223 loops=1)
                    Filter: ((company_id < 464) AND (company_type_id = 1))
                    Rows Removed by Filter: 2237906
              ->  Hash  (cost=61283.27..61283.27 rows=2528527 width=4) (actual time=1946.772..1946.772 rows=2528312 loops=1)
                    Buckets: 131072  Batches: 64  Memory Usage: 2415kB
                    ->  Seq Scan on title t  (cost=0.00..61283.27 rows=2528527 width=4) (actual time=0.023..1087.610 rows=2528312 loops=1)
Planning time: 1.162 ms
Execution time: 9948.359 ms
