Hash Join  (cost=190230.21..299454.27 rows=732029 width=0) (actual time=3965.246..7088.741 rows=3035634 loops=1)
  Hash Cond: (mk.movie_id = t.id)
  ->  Seq Scan on movie_keyword mk  (cost=0.00..81003.12 rows=1341238 width=4) (actual time=0.027..1418.047 rows=1359774 loops=1)
        Filter: (keyword_id < 1771)
        Rows Removed by Filter: 3164156
  ->  Hash  (cost=167588.78..167588.78 rows=1380035 width=8) (actual time=3964.156..3964.156 rows=1380035 loops=1)
        Buckets: 131072  Batches: 32  Memory Usage: 2726kB
        ->  Hash Join  (cost=102767.86..167588.78 rows=1380035 width=8) (actual time=1837.441..3599.582 rows=1380035 loops=1)
              Hash Cond: (mi_idx.movie_id = t.id)
              ->  Seq Scan on movie_info_idx mi_idx  (cost=0.00..21735.35 rows=1380035 width=4) (actual time=0.020..401.837 rows=1380035 loops=1)
              ->  Hash  (cost=61283.27..61283.27 rows=2528527 width=4) (actual time=1835.294..1835.294 rows=2528312 loops=1)
                    Buckets: 131072  Batches: 64  Memory Usage: 2415kB
                    ->  Seq Scan on title t  (cost=0.00..61283.27 rows=2528527 width=4) (actual time=0.018..990.814 rows=2528312 loops=1)
Planning time: 0.781 ms
Execution time: 7393.821 ms
