Hash Join  (cost=979952.38..1763702.62 rows=23305460 width=0) (actual time=46730.392..93537.939 rows=38850598 loops=1)
  Hash Cond: (mi.movie_id = t.id)
  ->  Seq Scan on movie_info mi  (cost=0.00..309384.22 rows=14739122 width=4) (actual time=0.015..22986.086 rows=14835720 loops=1)
  ->  Hash  (cost=914358.13..914358.13 rows=3998100 width=8) (actual time=46729.384..46729.384 rows=4008037 loops=1)
        Buckets: 131072  Batches: 64  Memory Usage: 3485kB
        ->  Hash Join  (cost=102767.86..914358.13 rows=3998100 width=8) (actual time=4862.464..45362.865 rows=4008037 loops=1)
              Hash Cond: (ci.movie_id = t.id)
              ->  Seq Scan on cast_info ci  (cost=0.00..705507.15 rows=3998100 width=4) (actual time=0.014..35596.925 rows=4008037 loops=1)
                    Filter: (role_id = 3)
                    Rows Removed by Filter: 32236307
              ->  Hash  (cost=61283.27..61283.27 rows=2528527 width=4) (actual time=4860.753..4860.753 rows=2528312 loops=1)
                    Buckets: 131072  Batches: 64  Memory Usage: 2415kB
                    ->  Seq Scan on title t  (cost=0.00..61283.27 rows=2528527 width=4) (actual time=0.011..3655.359 rows=2528312 loops=1)
Planning time: 1.051 ms
Execution time: 98732.098 ms
