Seq Scan on cast_info ci  (cost=0.00..796071.18 rows=4329643 width=0) (actual time=371.252..12245.196 rows=2670296 loops=1)
  Filter: ((person_id < 934263) AND (role_id > 2))
  Rows Removed by Filter: 33574048
Planning time: 0.365 ms
Execution time: 12583.975 ms
