Hash Join  (cost=70308.29..205980.07 rows=288234 width=0) (actual time=1170.277..4580.170 rows=105159 loops=1)
  Hash Cond: (mk.movie_id = t.id)
  ->  Seq Scan on movie_keyword mk  (cost=0.00..81003.12 rows=4423019 width=4) (actual time=0.027..1754.131 rows=4414069 loops=1)
        Filter: (keyword_id > 107)
        Rows Removed by Filter: 109861
  ->  Hash  (cost=67604.59..67604.59 rows=164776 width=4) (actual time=1168.489..1168.489 rows=164307 loops=1)
        Buckets: 131072  Batches: 4  Memory Usage: 2488kB
        ->  Seq Scan on title t  (cost=0.00..67604.59 rows=164776 width=4) (actual time=0.021..1105.670 rows=164307 loops=1)
              Filter: (production_year = 2012)
              Rows Removed by Filter: 2364005
Planning time: 1.123 ms
Execution time: 4594.080 ms
