Hash Join  (cost=74210.29..130527.72 rows=11513 width=0) (actual time=1201.546..2450.409 rows=20948 loops=1)
  Hash Cond: (mc.movie_id = t.id)
  ->  Seq Scan on movie_companies mc  (cost=0.00..51404.11 rows=1279517 width=4) (actual time=0.010..983.577 rows=1274246 loops=1)
        Filter: (company_type_id < 2)
        Rows Removed by Filter: 1334883
  ->  Hash  (cost=73925.90..73925.90 rows=22751 width=4) (actual time=1201.180..1201.180 rows=18892 loops=1)
        Buckets: 32768  Batches: 1  Memory Usage: 921kB
        ->  Seq Scan on title t  (cost=0.00..73925.90 rows=22751 width=4) (actual time=0.029..1192.734 rows=18892 loops=1)
              Filter: ((kind_id < 7) AND (production_year = 2001))
              Rows Removed by Filter: 2509420
Planning time: 0.611 ms
Execution time: 2453.610 ms
