Hash Join  (cost=124653.04..877480.48 rows=203827 width=0) (actual time=2245.766..20684.664 rows=397580 loops=1)
  Hash Cond: (ci.movie_id = t.id)
  ->  Seq Scan on cast_info ci  (cost=0.00..614943.12 rows=36225612 width=4) (actual time=0.018..9403.390 rows=36244344 loops=1)
  ->  Hash  (cost=124475.20..124475.20 rows=14227 width=8) (actual time=2245.147..2245.147 rows=13703 loops=1)
        Buckets: 16384  Batches: 1  Memory Usage: 664kB
        ->  Hash Join  (cost=67942.77..124475.20 rows=14227 width=8) (actual time=963.781..2239.726 rows=13703 loops=1)
              Hash Cond: (mc.movie_id = t.id)
              ->  Seq Scan on movie_companies mc  (cost=0.00..51404.11 rows=1329612 width=4) (actual time=0.019..958.214 rows=1334883 loops=1)
                    Filter: (company_type_id = 2)
                    Rows Removed by Filter: 1274246
              ->  Hash  (cost=67604.59..67604.59 rows=27055 width=4) (actual time=963.211..963.211 rows=26775 loops=1)
                    Buckets: 32768  Batches: 1  Memory Usage: 1198kB
                    ->  Seq Scan on title t  (cost=0.00..67604.59 rows=27055 width=4) (actual time=0.063..951.983 rows=26775 loops=1)
                          Filter: (production_year = 1993)
                          Rows Removed by Filter: 2501537
Planning time: 1.168 ms
Execution time: 20745.441 ms
