Hash Join  (cost=83074.74..878689.31 rows=2337 width=0) (actual time=1369.282..18456.390 rows=364 loops=1)
  Hash Cond: (ci.movie_id = t.id)
  ->  Seq Scan on cast_info ci  (cost=0.00..705507.15 rows=24022411 width=4) (actual time=0.026..13835.605 rows=24130698 loops=1)
        Filter: (role_id < 4)
        Rows Removed by Filter: 12113646
  ->  Hash  (cost=83071.67..83071.67 rows=246 width=8) (actual time=1344.676..1344.676 rows=13 loops=1)
        Buckets: 1024  Batches: 1  Memory Usage: 9kB
        ->  Nested Loop  (cost=0.43..83071.67 rows=246 width=8) (actual time=22.548..1344.651 rows=13 loops=1)
              ->  Seq Scan on movie_keyword mk  (cost=0.00..81003.12 rows=246 width=4) (actual time=22.442..1343.911 rows=13 loops=1)
                    Filter: (keyword_id = 4106)
                    Rows Removed by Filter: 4523917
              ->  Index Only Scan using title_pkey on title t  (cost=0.43..8.40 rows=1 width=4) (actual time=0.048..0.049 rows=1 loops=13)
                    Index Cond: (id = mk.movie_id)
                    Heap Fetches: 13
Planning time: 1.155 ms
Execution time: 18456.844 ms
