Seq Scan on movie_companies mc  (cost=0.00..57926.93 rows=1047163 width=0) (actual time=462.654..1108.497 rows=1191301 loops=1)
  Filter: ((company_id > 561) AND (company_type_id > 1))
  Rows Removed by Filter: 1417828
Planning time: 0.354 ms
Execution time: 1264.046 ms
