Nested Loop  (cost=0.43..58375.31 rows=40 width=0) (actual time=228.808..749.128 rows=2 loops=1)
  ->  Seq Scan on movie_companies mc  (cost=0.00..57926.93 rows=53 width=4) (actual time=228.750..749.026 rows=2 loops=1)
        Filter: ((company_id = 10455) AND (company_type_id = 2))
        Rows Removed by Filter: 2609127
  ->  Index Scan using title_pkey on title t  (cost=0.43..8.45 rows=1 width=4) (actual time=0.045..0.046 rows=1 loops=2)
        Index Cond: (id = mc.movie_id)
        Filter: (production_year > 1983)
Planning time: 0.801 ms
Execution time: 749.223 ms
