Hash Join  (cost=52284.85..416943.75 rows=297 width=0) (actual time=844.999..6874.151 rows=333 loops=1)
  Hash Cond: (mi.movie_id = t.id)
  ->  Seq Scan on movie_info mi  (cost=0.00..309384.22 rows=14739122 width=4) (actual time=0.008..3693.397 rows=14835720 loops=1)
  ->  Hash  (cost=52284.21..52284.21 rows=51 width=8) (actual time=843.224..843.224 rows=79 loops=1)
        Buckets: 1024  Batches: 1  Memory Usage: 12kB
        ->  Nested Loop  (cost=0.43..52284.21 rows=51 width=8) (actual time=4.389..843.130 rows=79 loops=1)
              ->  Seq Scan on movie_companies mc  (cost=0.00..51404.11 rows=104 width=4) (actual time=4.345..840.898 rows=79 loops=1)
                    Filter: (company_id = 20423)
                    Rows Removed by Filter: 2609050
              ->  Index Scan using title_pkey on title t  (cost=0.43..8.45 rows=1 width=4) (actual time=0.024..0.025 rows=1 loops=79)
                    Index Cond: (id = mc.movie_id)
                    Filter: ((kind_id > 1) AND (production_year < 2008))
Planning time: 1.242 ms
Execution time: 6874.410 ms
