Hash Join  (cost=69687.24..869552.91 rows=13725 width=0) (actual time=9954.832..13674.315 rows=26897 loops=1)
  Hash Cond: (ci.movie_id = t.id)
  ->  Seq Scan on cast_info ci  (cost=0.00..796071.18 rows=273397 width=4) (actual time=8880.899..12403.948 rows=468219 loops=1)
        Filter: ((person_id > 2287881) AND (role_id = 6))
        Rows Removed by Filter: 35776125
  ->  Hash  (cost=67604.59..67604.59 rows=126932 width=4) (actual time=1073.025..1073.025 rows=122861 loops=1)
        Buckets: 131072  Batches: 2  Memory Usage: 3191kB
        ->  Seq Scan on title t  (cost=0.00..67604.59 rows=126932 width=4) (actual time=0.044..1022.800 rows=122861 loops=1)
              Filter: (production_year = 2008)
              Rows Removed by Filter: 2405451
Planning time: 0.807 ms
Execution time: 13678.350 ms
