Hash Join  (cost=128695.20..493525.88 rows=17476 width=0) (actual time=2206.285..9610.470 rows=278773 loops=1)
  Hash Cond: (mi.movie_id = t.id)
  ->  Seq Scan on movie_info mi  (cost=0.00..309384.22 rows=14739122 width=4) (actual time=0.009..4245.367 rows=14835720 loops=1)
  ->  Hash  (cost=128657.72..128657.72 rows=2998 width=8) (actual time=2205.884..2205.884 rows=8419 loops=1)
        Buckets: 16384 (originally 4096)  Batches: 1 (originally 1)  Memory Usage: 457kB
        ->  Hash Join  (cost=73962.22..128657.72 rows=2998 width=8) (actual time=1020.255..2202.026 rows=8419 loops=1)
              Hash Cond: (mc.movie_id = t.id)
              ->  Seq Scan on movie_companies mc  (cost=0.00..44881.29 rows=2609129 width=4) (actual time=0.019..671.580 rows=2609129 loops=1)
              ->  Hash  (cost=73925.90..73925.90 rows=2905 width=4) (actual time=1020.205..1020.205 rows=4390 loops=1)
                    Buckets: 8192 (originally 4096)  Batches: 1 (originally 1)  Memory Usage: 219kB
                    ->  Seq Scan on title t  (cost=0.00..73925.90 rows=2905 width=4) (actual time=0.087..1017.817 rows=4390 loops=1)
                          Filter: ((kind_id < 7) AND (production_year = 1962))
                          Rows Removed by Filter: 2523922
Planning time: 1.181 ms
Execution time: 9647.040 ms
