Hash Join  (cost=98137.04..835725.16 rows=905171 width=0) (actual time=2330.147..14652.025 rows=786131 loops=1)
  Hash Cond: (ci.movie_id = t.id)
  ->  Seq Scan on cast_info ci  (cost=0.00..705507.15 rows=1229852 width=4) (actual time=397.428..11328.586 rows=1133129 loops=1)
        Filter: (person_id < 115698)
        Rows Removed by Filter: 35111215
  ->  Hash  (cost=67604.59..67604.59 rows=1860996 width=4) (actual time=1930.650..1930.650 rows=1865487 loops=1)
        Buckets: 131072  Batches: 32  Memory Usage: 3079kB
        ->  Seq Scan on title t  (cost=0.00..67604.59 rows=1860996 width=4) (actual time=0.024..1345.204 rows=1865487 loops=1)
              Filter: (kind_id > 1)
              Rows Removed by Filter: 662825
Planning time: 0.549 ms
Execution time: 14745.688 ms
