Nested Loop  (cost=0.43..797488.46 rows=66 width=0) (actual time=9082.474..13233.503 rows=2 loops=1)
  ->  Seq Scan on cast_info ci  (cost=0.00..796071.18 rows=168 width=4) (actual time=9082.322..13233.275 rows=2 loops=1)
        Filter: ((role_id > 3) AND (person_id = 1685591))
        Rows Removed by Filter: 36244342
  ->  Index Scan using title_pkey on title t  (cost=0.43..8.43 rows=1 width=4) (actual time=0.067..0.068 rows=1 loops=2)
        Index Cond: (id = ci.movie_id)
        Filter: (kind_id < 7)
Planning time: 0.824 ms
Execution time: 13233.602 ms
