Hash Join  (cost=74261.02..135834.74 rows=10027 width=0) (actual time=1129.609..2397.306 rows=14268 loops=1)
  Hash Cond: (mc.movie_id = t.id)
  ->  Seq Scan on movie_companies mc  (cost=0.00..57926.93 rows=945737 width=4) (actual time=0.015..1057.660 rows=1113041 loops=1)
        Filter: ((company_id > 1451) AND (company_type_id = 2))
        Rows Removed by Filter: 1496088
  ->  Hash  (cost=73925.90..73925.90 rows=26809 width=4) (actual time=1110.130..1110.130 rows=15183 loops=1)
        Buckets: 32768  Batches: 1  Memory Usage: 790kB
        ->  Seq Scan on title t  (cost=0.00..73925.90 rows=26809 width=4) (actual time=0.035..1103.820 rows=15183 loops=1)
              Filter: ((production_year > 2008) AND (kind_id = 3))
              Rows Removed by Filter: 2513129
Planning time: 0.734 ms
Execution time: 2399.619 ms
