Hash Join  (cost=162497.58..1174672.52 rows=3914537 width=0) (actual time=3556.650..30370.522 rows=6521581 loops=1)
  Hash Cond: (ci.movie_id = t.id)
  ->  Seq Scan on cast_info ci  (cost=0.00..705507.15 rows=22991578 width=4) (actual time=0.027..14444.861 rows=23046803 loops=1)
        Filter: (person_id > 1302401)
        Rows Removed by Filter: 13197541
  ->  Hash  (cost=155434.26..155434.26 rows=430506 width=8) (actual time=3555.532..3555.532 rows=711132 loops=1)
        Buckets: 131072 (originally 131072)  Batches: 16 (originally 8)  Memory Usage: 3073kB
        ->  Hash Join  (cost=74449.67..155434.26 rows=430506 width=8) (actual time=1118.226..3349.403 rows=711132 loops=1)
              Hash Cond: (mc.movie_id = t.id)
              ->  Seq Scan on movie_companies mc  (cost=0.00..44881.29 rows=2609129 width=4) (actual time=0.025..828.674 rows=2609129 loops=1)
              ->  Hash  (cost=67604.59..67604.59 rows=417207 width=4) (actual time=1116.777..1116.777 rows=409495 loops=1)
                    Buckets: 131072  Batches: 8  Memory Usage: 2821kB
                    ->  Seq Scan on title t  (cost=0.00..67604.59 rows=417207 width=4) (actual time=0.018..983.890 rows=409495 loops=1)
                          Filter: (production_year < 1973)
                          Rows Removed by Filter: 2118817
Planning time: 1.178 ms
Execution time: 31088.780 ms
