Seq Scan on cast_info ci  (cost=0.00..796071.18 rows=781734 width=0) (actual time=4013.412..34527.796 rows=727219 loops=1)
  Filter: ((person_id < 1602451) AND (role_id = 8))
  Rows Removed by Filter: 35517125
Planning time: 0.409 ms
Execution time: 34668.744 ms
