Hash Join  (cost=128102.33..502448.25 rows=188808 width=0) (actual time=3014.372..9170.530 rows=542527 loops=1)
  Hash Cond: (mi.movie_id = t.id)
  ->  Seq Scan on movie_info mi  (cost=0.00..346232.03 rows=2194617 width=4) (actual time=376.439..5495.836 rows=2233850 loops=1)
        Filter: (info_type_id > 16)
        Rows Removed by Filter: 12601870
  ->  Hash  (cost=124533.14..124533.14 rows=217535 width=8) (actual time=2637.088..2637.088 rows=179890 loops=1)
        Buckets: 131072  Batches: 4  Memory Usage: 2779kB
        ->  Hash Join  (cost=87180.69..124533.14 rows=217535 width=8) (actual time=1623.677..2580.317 rows=179890 loops=1)
              Hash Cond: (mi_idx.movie_id = t.id)
              ->  Seq Scan on movie_info_idx mi_idx  (cost=0.00..25185.44 rows=460978 width=4) (actual time=0.022..464.974 rows=459925 loops=1)
                    Filter: (info_type_id < 100)
                    Rows Removed by Filter: 920110
              ->  Hash  (cost=67604.59..67604.59 rows=1193208 width=4) (actual time=1622.986..1622.986 rows=1192518 loops=1)
                    Buckets: 131072  Batches: 16  Memory Usage: 3646kB
                    ->  Seq Scan on title t  (cost=0.00..67604.59 rows=1193208 width=4) (actual time=0.025..1247.117 rows=1192518 loops=1)
                          Filter: (production_year > 2003)
                          Rows Removed by Filter: 1335794
Planning time: 1.148 ms
Execution time: 9238.681 ms
