Seq Scan on movie_companies mc  (cost=0.00..57926.93 rows=53 width=0) (actual time=7.760..572.176 rows=688 loops=1)
  Filter: ((company_type_id > 1) AND (company_id = 323))
  Rows Removed by Filter: 2608441
Planning time: 0.367 ms
Execution time: 572.391 ms
