Hash Join  (cost=91342.70..155323.41 rows=13277 width=0) (actual time=1985.449..2866.641 rows=37051 loops=1)
  Hash Cond: (mc.movie_id = t.id)
  ->  Seq Scan on movie_companies mc  (cost=0.00..57926.93 rows=23202 width=4) (actual time=255.978..857.033 rows=42064 loops=1)
        Filter: ((company_id = 19) AND (company_type_id = 1))
        Rows Removed by Filter: 2567065
  ->  Hash  (cost=67604.59..67604.59 rows=1446889 width=4) (actual time=1728.741..1728.741 rows=1443298 loops=1)
        Buckets: 131072  Batches: 32  Memory Usage: 2608kB
        ->  Seq Scan on title t  (cost=0.00..67604.59 rows=1446889 width=4) (actual time=0.026..1273.360 rows=1443298 loops=1)
              Filter: (production_year < 2006)
              Rows Removed by Filter: 1085014
Planning time: 0.704 ms
Execution time: 2871.347 ms
