Hash Join  (cost=127316.29..878292.28 rows=18682 width=0) (actual time=2057.866..19123.187 rows=78053 loops=1)
  Hash Cond: (ci.movie_id = t.id)
  ->  Seq Scan on cast_info ci  (cost=0.00..614943.12 rows=36225612 width=4) (actual time=0.032..9502.569 rows=36244344 loops=1)
  ->  Hash  (cost=127299.99..127299.99 rows=1304 width=8) (actual time=2057.486..2057.486 rows=2946 loops=1)
        Buckets: 4096 (originally 2048)  Batches: 1 (originally 1)  Memory Usage: 148kB
        ->  Hash Join  (cost=67697.55..127299.99 rows=1304 width=8) (actual time=1018.641..2056.143 rows=2946 loops=1)
              Hash Cond: (mc.movie_id = t.id)
              ->  Seq Scan on movie_companies mc  (cost=0.00..57926.93 rows=443325 width=4) (actual time=0.068..971.107 rows=252961 loops=1)
                    Filter: ((company_id < 2561) AND (company_type_id = 2))
                    Rows Removed by Filter: 2356168
              ->  Hash  (cost=67604.59..67604.59 rows=7437 width=4) (actual time=1018.423..1018.423 rows=24917 loops=1)
                    Buckets: 32768 (originally 8192)  Batches: 1 (originally 1)  Memory Usage: 1132kB
                    ->  Seq Scan on title t  (cost=0.00..67604.59 rows=7437 width=4) (actual time=0.077..1007.015 rows=24917 loops=1)
                          Filter: (production_year = 1992)
                          Rows Removed by Filter: 2503395
Planning time: 1.218 ms
Execution time: 19139.051 ms
