Hash Join  (cost=130351.58..630488.83 rows=1905431 width=0) (actual time=2861.897..16190.474 rows=3277288 loops=1)
  Hash Cond: (mi.movie_id = t.id)
  ->  Seq Scan on movie_info mi  (cost=0.00..309384.22 rows=14739122 width=4) (actual time=0.021..6240.192 rows=14835720 loops=1)
  ->  Hash  (cost=124988.56..124988.56 rows=326881 width=8) (actual time=2861.108..2861.108 rows=246088 loops=1)
        Buckets: 131072  Batches: 8  Memory Usage: 2222kB
        ->  Hash Join  (cost=82423.69..124988.56 rows=326881 width=8) (actual time=1603.234..2789.189 rows=246088 loops=1)
              Hash Cond: (mi_idx.movie_id = t.id)
              ->  Seq Scan on movie_info_idx mi_idx  (cost=0.00..25185.44 rows=915101 width=4) (actual time=0.017..560.227 rows=919850 loops=1)
                    Filter: (info_type_id < 101)
                    Rows Removed by Filter: 460185
              ->  Hash  (cost=67604.59..67604.59 rows=903208 width=4) (actual time=1602.188..1602.188 rows=904491 loops=1)
                    Buckets: 131072  Batches: 16  Memory Usage: 3010kB
                    ->  Seq Scan on title t  (cost=0.00..67604.59 rows=903208 width=4) (actual time=0.015..1316.125 rows=904491 loops=1)
                          Filter: (production_year > 2006)
                          Rows Removed by Filter: 1623821
Planning time: 1.153 ms
Execution time: 16539.119 ms
