Seq Scan on cast_info ci  (cost=0.00..796071.18 rows=324 width=0) (actual time=2938.834..14041.739 rows=16 loops=1)
  Filter: ((role_id > 1) AND (person_id = 1325640))
  Rows Removed by Filter: 36244328
Planning time: 0.397 ms
Execution time: 14041.869 ms
