Hash Join  (cost=78473.92..148354.76 rows=172995 width=0) (actual time=1498.390..3302.934 rows=68952 loops=1)
  Hash Cond: (mc.movie_id = t.id)
  ->  Seq Scan on movie_companies mc  (cost=0.00..57926.93 rows=660252 width=4) (actual time=15.639..966.263 rows=426768 loops=1)
        Filter: ((company_id > 11156) AND (company_type_id < 2))
        Rows Removed by Filter: 2182361
  ->  Hash  (cost=67604.59..67604.59 rows=662507 width=4) (actual time=1481.499..1481.499 rows=662065 loops=1)
        Buckets: 131072  Batches: 16  Memory Usage: 2481kB
        ->  Seq Scan on title t  (cost=0.00..67604.59 rows=662507 width=4) (actual time=0.024..1273.512 rows=662065 loops=1)
              Filter: (production_year > 2008)
              Rows Removed by Filter: 1866247
Planning time: 1.020 ms
Execution time: 3311.391 ms
