Hash Join  (cost=85915.47..1227268.61 rows=10469498 width=0) (actual time=1650.344..38161.127 rows=12314000 loops=1)
  Hash Cond: (ci.movie_id = t.id)
  ->  Seq Scan on cast_info ci  (cost=0.00..614943.12 rows=36225612 width=4) (actual time=0.011..13364.631 rows=36244344 loops=1)
  ->  Hash  (cost=73925.90..73925.90 rows=730765 width=4) (actual time=1649.263..1649.263 rows=807803 loops=1)
        Buckets: 131072  Batches: 16  Memory Usage: 2806kB
        ->  Seq Scan on title t  (cost=0.00..73925.90 rows=730765 width=4) (actual time=0.020..1388.400 rows=807803 loops=1)
              Filter: ((kind_id > 3) AND (production_year > 2004))
              Rows Removed by Filter: 1720509
Planning time: 0.821 ms
Execution time: 39611.341 ms
