Seq Scan on cast_info ci  (cost=0.00..705507.15 rows=8723589 width=0) (actual time=0.037..11780.013 rows=8610885 loops=1)
  Filter: (person_id < 846375)
  Rows Removed by Filter: 27633459
Planning time: 0.371 ms
Execution time: 12812.387 ms
