Seq Scan on movie_keyword mk  (cost=0.00..81003.12 rows=3350087 width=0) (actual time=0.023..1556.272 rows=3348370 loops=1)
  Filter: (keyword_id > 1388)
  Rows Removed by Filter: 1175560
Planning time: 0.329 ms
Execution time: 1965.872 ms
