Hash Join  (cost=95920.39..146166.67 rows=731680 width=0) (actual time=1961.431..3333.574 rows=408186 loops=1)
  Hash Cond: (mi_idx.movie_id = t.id)
  ->  Seq Scan on movie_info_idx mi_idx  (cost=0.00..21735.35 rows=1380035 width=4) (actual time=0.023..481.069 rows=1380035 loops=1)
  ->  Hash  (cost=73925.90..73925.90 rows=1340599 width=4) (actual time=1960.268..1960.268 rows=1418280 loops=1)
        Buckets: 131072  Batches: 32  Memory Usage: 2584kB
        ->  Seq Scan on title t  (cost=0.00..73925.90 rows=1340599 width=4) (actual time=420.332..1518.731 rows=1418280 loops=1)
              Filter: ((production_year > 1961) AND (kind_id = 7))
              Rows Removed by Filter: 1110032
Planning time: 0.741 ms
Execution time: 3372.797 ms
