Nested Loop  (cost=0.43..83072.29 rows=150 width=0) (actual time=638.828..1277.733 rows=14 loops=1)
  ->  Seq Scan on movie_keyword mk  (cost=0.00..81003.12 rows=246 width=4) (actual time=4.141..1270.312 rows=124 loops=1)
        Filter: (keyword_id = 15065)
        Rows Removed by Filter: 4523806
  ->  Index Scan using title_pkey on title t  (cost=0.43..8.40 rows=1 width=4) (actual time=0.056..0.056 rows=0 loops=124)
        Index Cond: (id = mk.movie_id)
        Filter: (kind_id = 7)
        Rows Removed by Filter: 1
Planning time: 0.772 ms
Execution time: 1277.855 ms
