Hash Join  (cost=58358.67..145016.92 rows=21 width=0) (actual time=861.500..2702.355 rows=1729 loops=1)
  Hash Cond: (mk.movie_id = t.id)
  ->  Seq Scan on movie_keyword mk  (cost=0.00..69693.30 rows=4523930 width=4) (actual time=0.017..1096.546 rows=4523930 loops=1)
  ->  Hash  (cost=58358.52..58358.52 rows=12 width=8) (actual time=847.687..847.687 rows=88 loops=1)
        Buckets: 1024  Batches: 1  Memory Usage: 12kB
        ->  Nested Loop  (cost=0.43..58358.52 rows=12 width=8) (actual time=250.703..847.587 rows=88 loops=1)
              ->  Seq Scan on movie_companies mc  (cost=0.00..57926.93 rows=51 width=4) (actual time=250.642..844.197 rows=88 loops=1)
                    Filter: ((company_id = 17143) AND (company_type_id = 1))
                    Rows Removed by Filter: 2609041
              ->  Index Scan using title_pkey on title t  (cost=0.43..8.45 rows=1 width=4) (actual time=0.035..0.035 rows=1 loops=88)
                    Index Cond: (id = mc.movie_id)
                    Filter: ((kind_id < 7) AND (production_year < 2007))
Planning time: 1.184 ms
Execution time: 2702.786 ms
