Nested Loop  (cost=0.43..83071.67 rows=246 width=0) (actual time=0.502..3937.539 rows=1737 loops=1)
  ->  Seq Scan on movie_keyword mk  (cost=0.00..81003.12 rows=246 width=4) (actual time=0.446..3579.157 rows=1737 loops=1)
        Filter: (keyword_id = 2069)
        Rows Removed by Filter: 4522193
  ->  Index Only Scan using title_pkey on title t  (cost=0.43..8.40 rows=1 width=4) (actual time=0.197..0.199 rows=1 loops=1737)
        Index Cond: (id = mk.movie_id)
        Heap Fetches: 1737
Planning time: 0.724 ms
Execution time: 3938.288 ms
