Seq Scan on movie_companies mc  (cost=0.00..57926.93 rows=424298 width=0) (actual time=0.019..958.384 rows=105104 loops=1)
  Filter: ((company_id > 23486) AND (company_type_id = 1))
  Rows Removed by Filter: 2504025
Planning time: 10.813 ms
Execution time: 972.190 ms
