Seq Scan on movie_keyword mk  (cost=0.00..81003.12 rows=246 width=0) (actual time=11.118..1274.161 rows=15 loops=1)
  Filter: (keyword_id = 22208)
  Rows Removed by Filter: 4523915
Planning time: 0.359 ms
Execution time: 1274.254 ms
