Hash Join  (cost=97835.13..551936.93 rows=3398820 width=0) (actual time=2706.704..12233.518 rows=1057187 loops=1)
  Hash Cond: (mi.movie_id = t.id)
  ->  Seq Scan on movie_info mi  (cost=0.00..346232.03 rows=5897221 width=4) (actual time=290.819..6340.614 rows=5884963 loops=1)
        Filter: (info_type_id < 7)
        Rows Removed by Filter: 8950757
  ->  Hash  (cost=73925.90..73925.90 rows=1457298 width=4) (actual time=2412.387..2412.387 rows=1438183 loops=1)
        Buckets: 131072  Batches: 32  Memory Usage: 2610kB
        ->  Seq Scan on title t  (cost=0.00..73925.90 rows=1457298 width=4) (actual time=111.215..1275.900 rows=1438183 loops=1)
              Filter: ((production_year < 2013) AND (kind_id = 7))
              Rows Removed by Filter: 1090129
Planning time: 0.756 ms
Execution time: 12353.447 ms
