Seq Scan on movie_companies mc  (cost=0.00..57926.93 rows=378291 width=0) (actual time=0.015..955.330 rows=536186 loops=1)
  Filter: ((company_id < 1571) AND (company_type_id = 1))
  Rows Removed by Filter: 2072943
Planning time: 0.279 ms
Execution time: 1020.012 ms
