Hash Join  (cost=75607.01..114259.42 rows=55893 width=0) (actual time=1239.965..2090.881 rows=83541 loops=1)
  Hash Cond: (mi_idx.movie_id = t.id)
  ->  Seq Scan on movie_info_idx mi_idx  (cost=0.00..21735.35 rows=1380035 width=4) (actual time=0.019..395.879 rows=1380035 loops=1)
  ->  Hash  (cost=73925.90..73925.90 rows=102408 width=4) (actual time=1239.114..1239.114 rows=117918 loops=1)
        Buckets: 131072  Batches: 2  Memory Usage: 3095kB
        ->  Seq Scan on title t  (cost=0.00..73925.90 rows=102408 width=4) (actual time=400.605..1198.654 rows=117918 loops=1)
              Filter: ((production_year > 1955) AND (kind_id = 4))
              Rows Removed by Filter: 2410394
Planning time: 0.882 ms
Execution time: 2099.802 ms
