Hash Join  (cost=94555.35..655124.15 rows=6298216 width=0) (actual time=2201.360..17300.838 rows=2850411 loops=1)
  Hash Cond: (mi.movie_id = t.id)
  ->  Seq Scan on movie_info mi  (cost=0.00..346232.03 rows=12665229 width=4) (actual time=355.494..7375.545 rows=12744652 loops=1)
        Filter: (info_type_id > 2)
        Rows Removed by Filter: 2091068
  ->  Hash  (cost=73925.90..73925.90 rows=1257396 width=4) (actual time=1844.606..1844.606 rows=1340616 loops=1)
        Buckets: 131072  Batches: 32  Memory Usage: 2508kB
        ->  Seq Scan on title t  (cost=0.00..73925.90 rows=1257396 width=4) (actual time=0.027..1411.040 rows=1340616 loops=1)
              Filter: ((production_year > 1971) AND (kind_id = 7))
              Rows Removed by Filter: 1187696
Planning time: 0.734 ms
Execution time: 17604.971 ms
