Seq Scan on movie_companies mc  (cost=0.00..51404.11 rows=2083052 width=0) (actual time=0.013..990.477 rows=2081976 loops=1)
  Filter: (company_id > 483)
  Rows Removed by Filter: 527153
Planning time: 0.228 ms
Execution time: 1240.584 ms
