Hash Join  (cost=82778.48..216542.20 rows=965368 width=0) (actual time=1365.809..4579.168 rows=209923 loops=1)
  Hash Cond: (mk.movie_id = t.id)
  ->  Seq Scan on movie_keyword mk  (cost=0.00..69693.30 rows=4523930 width=4) (actual time=0.016..1440.321 rows=4523930 loops=1)
  ->  Hash  (cost=73925.90..73925.90 rows=539566 width=4) (actual time=1364.991..1364.991 rows=428248 loops=1)
        Buckets: 131072  Batches: 8  Memory Usage: 2896kB
        ->  Seq Scan on title t  (cost=0.00..73925.90 rows=539566 width=4) (actual time=0.025..1226.565 rows=428248 loops=1)
              Filter: ((production_year < 1997) AND (kind_id = 7))
              Rows Removed by Filter: 2100064
Planning time: 0.783 ms
Execution time: 4600.884 ms
