Hash Join  (cost=83074.17..447738.90 rows=882 width=0) (actual time=1341.148..8666.993 rows=18338 loops=1)
  Hash Cond: (mi.movie_id = t.id)
  ->  Seq Scan on movie_info mi  (cost=0.00..309384.22 rows=14739122 width=4) (actual time=0.015..4532.981 rows=14835720 loops=1)
  ->  Hash  (cost=83072.29..83072.29 rows=151 width=8) (actual time=1337.503..1337.503 rows=512 loops=1)
        Buckets: 1024  Batches: 1  Memory Usage: 28kB
        ->  Nested Loop  (cost=0.43..83072.29 rows=151 width=8) (actual time=9.488..1337.077 rows=512 loops=1)
              ->  Seq Scan on movie_keyword mk  (cost=0.00..81003.12 rows=246 width=4) (actual time=7.653..1273.439 rows=1525 loops=1)
                    Filter: (keyword_id = 2857)
                    Rows Removed by Filter: 4522405
              ->  Index Scan using title_pkey on title t  (cost=0.43..8.40 rows=1 width=4) (actual time=0.041..0.041 rows=0 loops=1525)
                    Index Cond: (id = mk.movie_id)
                    Filter: (production_year < 2007)
                    Rows Removed by Filter: 1
Planning time: 2.495 ms
Execution time: 8670.361 ms
