Hash Join  (cost=247547.46..810189.26 rows=7763287 width=0) (actual time=5421.348..32613.306 rows=62625898 loops=1)
  Hash Cond: (mi.movie_id = t.id)
  ->  Seq Scan on movie_info mi  (cost=0.00..309384.22 rows=14739122 width=4) (actual time=0.032..6346.513 rows=14835720 loops=1)
  ->  Hash  (cost=225696.86..225696.86 rows=1331808 width=8) (actual time=5420.185..5420.185 rows=1350624 loops=1)
        Buckets: 131072  Batches: 32  Memory Usage: 2745kB
        ->  Hash Join  (cost=102767.86..225696.86 rows=1331808 width=8) (actual time=1983.943..5025.925 rows=1350624 loops=1)
              Hash Cond: (mk.movie_id = t.id)
              ->  Seq Scan on movie_keyword mk  (cost=0.00..81003.12 rows=1331808 width=4) (actual time=0.013..1573.748 rows=1350624 loops=1)
                    Filter: (keyword_id < 1757)
                    Rows Removed by Filter: 3173306
              ->  Hash  (cost=61283.27..61283.27 rows=2528527 width=4) (actual time=1981.088..1981.088 rows=2528312 loops=1)
                    Buckets: 131072  Batches: 64  Memory Usage: 2425kB
                    ->  Seq Scan on title t  (cost=0.00..61283.27 rows=2528527 width=4) (actual time=0.052..1117.374 rows=2528312 loops=1)
Planning time: 1.096 ms
Execution time: 39309.847 ms
