Seq Scan on cast_info ci  (cost=0.00..796071.18 rows=8785530 width=0) (actual time=28.981..13155.170 rows=3733875 loops=1)
  Filter: ((person_id < 1330581) AND (role_id > 1))
  Rows Removed by Filter: 32510469
Planning time: 0.364 ms
Execution time: 13627.495 ms
