Seq Scan on movie_keyword mk  (cost=0.00..81003.12 rows=88478 width=0) (actual time=0.024..1171.511 rows=94902 loops=1)
  Filter: (keyword_id < 85)
  Rows Removed by Filter: 4429028
Planning time: 0.320 ms
Execution time: 1185.012 ms
