Hash Join  (cost=102767.86..663603.06 rows=8508011 width=0) (actual time=10230.903..35357.749 rows=8612226 loops=1)
  Hash Cond: (mi.movie_id = t.id)
  ->  Seq Scan on movie_info mi  (cost=0.00..346232.03 rows=8508011 width=4) (actual time=4664.785..19582.472 rows=8612226 loops=1)
        Filter: (info_type_id < 9)
        Rows Removed by Filter: 6223494
  ->  Hash  (cost=61283.27..61283.27 rows=2528527 width=4) (actual time=5565.054..5565.054 rows=2528312 loops=1)
        Buckets: 131072  Batches: 64  Memory Usage: 2425kB
        ->  Seq Scan on title t  (cost=0.00..61283.27 rows=2528527 width=4) (actual time=0.034..4177.510 rows=2528312 loops=1)
Planning time: 0.755 ms
Execution time: 36515.670 ms
