Hash Join  (cost=156649.15..283745.81 rows=607501 width=0) (actual time=8006.098..15649.782 rows=2594756 loops=1)
  Hash Cond: (mk.movie_id = t.id)
  ->  Seq Scan on movie_keyword mk  (cost=0.00..81003.12 rows=3303875 width=4) (actual time=0.016..5168.765 rows=3295054 loops=1)
        Filter: (keyword_id > 1558)
        Rows Removed by Filter: 1228876
  ->  Hash  (cost=149020.47..149020.47 rows=464934 width=8) (actual time=8005.140..8005.140 rows=460185 loops=1)
        Buckets: 131072  Batches: 8  Memory Usage: 3286kB
        ->  Hash Join  (cost=102767.86..149020.47 rows=464934 width=8) (actual time=5442.318..7861.065 rows=460185 loops=1)
              Hash Cond: (mi_idx.movie_id = t.id)
              ->  Seq Scan on movie_info_idx mi_idx  (cost=0.00..25185.44 rows=464934 width=4) (actual time=0.018..1552.311 rows=460185 loops=1)
                    Filter: (info_type_id > 100)
                    Rows Removed by Filter: 919850
              ->  Hash  (cost=61283.27..61283.27 rows=2528527 width=4) (actual time=5441.110..5441.110 rows=2528312 loops=1)
                    Buckets: 131072  Batches: 64  Memory Usage: 2415kB
                    ->  Seq Scan on title t  (cost=0.00..61283.27 rows=2528527 width=4) (actual time=0.005..4413.735 rows=2528312 loops=1)
Planning time: 2.117 ms
Execution time: 15996.569 ms
