Hash Join  (cost=83075.00..137742.76 rows=224 width=0) (actual time=3608.903..6754.615 rows=66 loops=1)
  Hash Cond: (mc.movie_id = t.id)
  ->  Seq Scan on movie_companies mc  (cost=0.00..44881.29 rows=2609129 width=4) (actual time=0.011..2574.586 rows=2609129 loops=1)
  ->  Hash  (cost=83072.29..83072.29 rows=217 width=8) (actual time=3592.853..3592.853 rows=12 loops=1)
        Buckets: 1024  Batches: 1  Memory Usage: 9kB
        ->  Nested Loop  (cost=0.43..83072.29 rows=217 width=8) (actual time=100.252..3592.815 rows=12 loops=1)
              ->  Seq Scan on movie_keyword mk  (cost=0.00..81003.12 rows=246 width=4) (actual time=100.201..3585.113 rows=14 loops=1)
                    Filter: (keyword_id = 7656)
                    Rows Removed by Filter: 4523916
              ->  Index Scan using title_pkey on title t  (cost=0.43..8.40 rows=1 width=4) (actual time=0.543..0.543 rows=1 loops=14)
                    Index Cond: (id = mk.movie_id)
                    Filter: (production_year < 2012)
                    Rows Removed by Filter: 0
Planning time: 6.748 ms
Execution time: 6754.798 ms
