Hash Join  (cost=436502.07..1193611.49 rows=133937 width=0) (actual time=29189.918..55643.774 rows=321544 loops=1)
  Hash Cond: (ci.movie_id = t.id)
  ->  Seq Scan on cast_info ci  (cost=0.00..705507.15 rows=4320508 width=4) (actual time=7500.141..31421.492 rows=4323018 loops=1)
        Filter: (role_id = 10)
        Rows Removed by Filter: 31921326
  ->  Hash  (cost=435215.26..435215.26 rows=78385 width=8) (actual time=21688.897..21688.897 rows=178780 loops=1)
        Buckets: 131072 (originally 131072)  Batches: 4 (originally 2)  Memory Usage: 3073kB
        ->  Hash Join  (cost=74609.54..435215.26 rows=78385 width=8) (actual time=3863.418..21225.003 rows=178780 loops=1)
              Hash Cond: (mi.movie_id = t.id)
              ->  Seq Scan on movie_info mi  (cost=0.00..346232.03 rows=3623957 width=4) (actual time=558.843..16595.972 rows=3624977 loops=1)
                    Filter: (info_type_id < 4)
                    Rows Removed by Filter: 11210743
              ->  Hash  (cost=73925.90..73925.90 rows=54691 width=4) (actual time=3304.185..3304.185 rows=46344 loops=1)
                    Buckets: 65536  Batches: 1  Memory Usage: 2142kB
                    ->  Seq Scan on title t  (cost=0.00..73925.90 rows=54691 width=4) (actual time=0.064..3278.709 rows=46344 loops=1)
                          Filter: ((kind_id < 4) AND (production_year = 2011))
                          Rows Removed by Filter: 2481968
Planning time: 5.449 ms
Execution time: 55708.689 ms
