Hash Join  (cost=161540.40..962258.75 rows=464723 width=0) (actual time=3077.790..19969.646 rows=275423 loops=1)
  Hash Cond: (ci.movie_id = t.id)
  ->  Seq Scan on cast_info ci  (cost=0.00..614943.12 rows=36225612 width=4) (actual time=0.019..9195.981 rows=36244344 loops=1)
  ->  Hash  (cost=161134.94..161134.94 rows=32437 width=8) (actual time=3076.700..3076.700 rows=9398 loops=1)
        Buckets: 32768  Batches: 1  Memory Usage: 624kB
        ->  Hash Join  (cost=74152.53..161134.94 rows=32437 width=8) (actual time=2511.134..3073.561 rows=9398 loops=1)
              Hash Cond: (mk.movie_id = t.id)
              ->  Seq Scan on movie_keyword mk  (cost=0.00..69693.30 rows=4523930 width=4) (actual time=0.017..952.605 rows=4523930 loops=1)
              ->  Hash  (cost=73925.90..73925.90 rows=18130 width=4) (actual time=1287.807..1287.807 rows=18886 loops=1)
                    Buckets: 32768  Batches: 1  Memory Usage: 920kB
                    ->  Seq Scan on title t  (cost=0.00..73925.90 rows=18130 width=4) (actual time=194.805..1279.602 rows=18886 loops=1)
                          Filter: ((kind_id = 7) AND (production_year = 1994))
                          Rows Removed by Filter: 2509426
Planning time: 1.179 ms
Execution time: 20006.698 ms
