Hash Join  (cost=210825.40..752493.60 rows=5797627 width=0) (actual time=5339.647..33999.351 rows=47903401 loops=1)
  Hash Cond: (mi.movie_id = t.id)
  ->  Seq Scan on movie_info mi  (cost=0.00..309384.22 rows=14739122 width=4) (actual time=0.019..6587.358 rows=14835720 loops=1)
  ->  Hash  (cost=194506.96..194506.96 rows=994595 width=8) (actual time=5335.237..5335.237 rows=1274246 loops=1)
        Buckets: 131072 (originally 131072)  Batches: 32 (originally 16)  Memory Usage: 3073kB
        ->  Hash Join  (cost=102767.86..194506.96 rows=994595 width=8) (actual time=2661.532..4945.763 rows=1274246 loops=1)
              Hash Cond: (mc.movie_id = t.id)
              ->  Seq Scan on movie_companies mc  (cost=0.00..57926.93 rows=994595 width=4) (actual time=405.786..1232.430 rows=1274246 loops=1)
                    Filter: ((company_id < 70905) AND (company_type_id = 1))
                    Rows Removed by Filter: 1334883
              ->  Hash  (cost=61283.27..61283.27 rows=2528527 width=4) (actual time=2254.589..2254.589 rows=2528312 loops=1)
                    Buckets: 131072  Batches: 64  Memory Usage: 2415kB
                    ->  Seq Scan on title t  (cost=0.00..61283.27 rows=2528527 width=4) (actual time=0.025..1094.448 rows=2528312 loops=1)
Planning time: 1.017 ms
Execution time: 40559.696 ms
