Seq Scan on cast_info ci  (cost=0.00..796071.18 rows=324 width=0) (actual time=14798.944..37727.385 rows=139 loops=1)
  Filter: ((role_id > 1) AND (person_id = 2928593))
  Rows Removed by Filter: 36244205
Planning time: 1.154 ms
Execution time: 37727.551 ms
