Seq Scan on cast_info ci  (cost=0.00..705507.15 rows=33680557 width=0) (actual time=0.022..41507.213 rows=33654375 loops=1)
  Filter: (person_id < 3559461)
  Rows Removed by Filter: 2589969
Planning time: 0.342 ms
Execution time: 47287.574 ms
