Seq Scan on movie_companies mc  (cost=0.00..51404.11 rows=104 width=0) (actual time=513.759..2156.697 rows=2 loops=1)
  Filter: (company_id = 40757)
  Rows Removed by Filter: 2609127
Planning time: 0.327 ms
Execution time: 2156.766 ms
