Hash Join  (cost=181121.13..712834.15 rows=4864709 width=0) (actual time=10691.420..50970.261 rows=27285896 loops=1)
  Hash Cond: (mi.movie_id = t.id)
  ->  Seq Scan on movie_info mi  (cost=0.00..309384.22 rows=14739122 width=4) (actual time=0.011..22560.154 rows=14835720 loops=1)
  ->  Hash  (cost=167429.25..167429.25 rows=834551 width=8) (actual time=10690.393..10690.393 rows=1181930 loops=1)
        Buckets: 131072  Batches: 16  Memory Usage: 3962kB
        ->  Hash Join  (cost=80874.21..167429.25 rows=834551 width=8) (actual time=4311.095..10292.213 rows=1181930 loops=1)
              Hash Cond: (mc.movie_id = t.id)
              ->  Seq Scan on movie_companies mc  (cost=0.00..44881.29 rows=2609129 width=4) (actual time=0.015..3684.149 rows=2609129 loops=1)
              ->  Hash  (cost=67604.59..67604.59 rows=808770 width=4) (actual time=4310.095..4310.095 rows=812704 loops=1)
                    Buckets: 131072  Batches: 16  Memory Usage: 2812kB
                    ->  Seq Scan on title t  (cost=0.00..67604.59 rows=808770 width=4) (actual time=0.009..3970.568 rows=812704 loops=1)
                          Filter: (production_year < 1995)
                          Rows Removed by Filter: 1715608
Planning time: 3.872 ms
Execution time: 54447.119 ms
