Seq Scan on cast_info ci  (cost=0.00..705507.15 rows=29091639 width=0) (actual time=0.026..35408.884 rows=29164678 loops=1)
  Filter: (person_id > 683934)
  Rows Removed by Filter: 7079666
Planning time: 1.702 ms
Execution time: 39732.717 ms
