Hash Join  (cost=123895.71..491289.23 rows=273759 width=0) (actual time=7441.596..34357.253 rows=938423 loops=1)
  Hash Cond: (mi.movie_id = t.id)
  ->  Seq Scan on movie_info mi  (cost=0.00..309384.22 rows=14739122 width=4) (actual time=0.010..19308.431 rows=14835720 loops=1)
  ->  Hash  (cost=123308.66..123308.66 rows=46964 width=8) (actual time=7107.803..7107.803 rows=83198 loops=1)
        Buckets: 131072 (originally 65536)  Batches: 2 (originally 1)  Memory Usage: 3073kB
        ->  Hash Join  (cost=68173.50..123308.66 rows=46964 width=8) (actual time=3368.748..7056.685 rows=83198 loops=1)
              Hash Cond: (mc.movie_id = t.id)
              ->  Seq Scan on movie_companies mc  (cost=0.00..44881.29 rows=2609129 width=4) (actual time=0.017..2726.399 rows=2609129 loops=1)
              ->  Hash  (cost=67604.59..67604.59 rows=45513 width=4) (actual time=3348.585..3348.585 rows=42820 loops=1)
                    Buckets: 65536  Batches: 1  Memory Usage: 2018kB
                    ->  Seq Scan on title t  (cost=0.00..67604.59 rows=45513 width=4) (actual time=362.914..3331.482 rows=42820 loops=1)
                          Filter: (production_year < 1913)
                          Rows Removed by Filter: 2485492
Planning time: 7.855 ms
Execution time: 34510.260 ms
