Hash Join  (cost=79310.28..120075.98 rows=179122 width=0) (actual time=3987.054..6383.236 rows=77940 loops=1)
  Hash Cond: (mi_idx.movie_id = t.id)
  ->  Seq Scan on movie_info_idx mi_idx  (cost=0.00..21735.35 rows=1380035 width=4) (actual time=0.018..1307.141 rows=1380035 loops=1)
  ->  Hash  (cost=73925.90..73925.90 rows=328190 width=4) (actual time=3982.657..3982.657 rows=217611 loops=1)
        Buckets: 131072  Batches: 8  Memory Usage: 1969kB
        ->  Seq Scan on title t  (cost=0.00..73925.90 rows=328190 width=4) (actual time=0.026..3878.466 rows=217611 loops=1)
              Filter: ((production_year < 1982) AND (kind_id = 7))
              Rows Removed by Filter: 2310701
Planning time: 0.716 ms
Execution time: 6395.935 ms
