Hash Join  (cost=75227.65..174432.62 rows=47269 width=0) (actual time=2835.213..6963.889 rows=31100 loops=1)
  Hash Cond: (mk.movie_id = t.id)
  ->  Seq Scan on movie_keyword mk  (cost=0.00..81003.12 rows=1506441 width=4) (actual time=0.024..3241.037 rows=1517580 loops=1)
        Filter: (keyword_id < 2199)
        Rows Removed by Filter: 3006350
  ->  Hash  (cost=73925.90..73925.90 rows=79340 width=4) (actual time=2834.342..2834.342 rows=92312 loops=1)
        Buckets: 131072  Batches: 2  Memory Usage: 2654kB
        ->  Seq Scan on title t  (cost=0.00..73925.90 rows=79340 width=4) (actual time=0.036..2790.121 rows=92312 loops=1)
              Filter: ((kind_id > 1) AND (production_year = 2006))
              Rows Removed by Filter: 2436000
Planning time: 0.732 ms
Execution time: 6968.800 ms
