Hash Join  (cost=95465.71..254127.73 rows=2247654 width=0) (actual time=5140.914..13000.740 rows=556740 loops=1)
  Hash Cond: (mk.movie_id = t.id)
  ->  Seq Scan on movie_keyword mk  (cost=0.00..81003.12 rows=4328897 width=4) (actual time=0.023..4748.959 rows=4315625 loops=1)
        Filter: (keyword_id > 137)
        Rows Removed by Filter: 208305
  ->  Hash  (cost=73925.90..73925.90 rows=1312864 width=4) (actual time=5138.603..5138.603 rows=1391524 loops=1)
        Buckets: 131072  Batches: 32  Memory Usage: 2561kB
        ->  Seq Scan on title t  (cost=0.00..73925.90 rows=1312864 width=4) (actual time=0.010..4311.358 rows=1391524 loops=1)
              Filter: ((production_year > 1965) AND (kind_id = 7))
              Rows Removed by Filter: 1136788
Planning time: 0.745 ms
Execution time: 13075.140 ms
