Hash Join  (cost=122535.74..1003037.86 rows=67783 width=0) (actual time=9360.067..56319.120 rows=562488 loops=1)
  Hash Cond: (ci.movie_id = t.id)
  ->  Seq Scan on cast_info ci  (cost=0.00..796071.18 rows=22334164 width=4) (actual time=3962.556..42797.418 rows=25360940 loops=1)
        Filter: ((person_id < 2881961) AND (role_id < 8))
        Rows Removed by Filter: 10883404
  ->  Hash  (cost=122439.81..122439.81 rows=7674 width=8) (actual time=5397.083..5397.083 rows=24927 loops=1)
        Buckets: 32768 (originally 8192)  Batches: 1 (originally 1)  Memory Usage: 1230kB
        ->  Hash Join  (cost=67697.55..122439.81 rows=7674 width=8) (actual time=2598.485..5383.075 rows=24927 loops=1)
              Hash Cond: (mc.movie_id = t.id)
              ->  Seq Scan on movie_companies mc  (cost=0.00..44881.29 rows=2609129 width=4) (actual time=0.029..1920.079 rows=2609129 loops=1)
              ->  Hash  (cost=67604.59..67604.59 rows=7437 width=4) (actual time=2598.291..2598.291 rows=23799 loops=1)
                    Buckets: 32768 (originally 8192)  Batches: 1 (originally 1)  Memory Usage: 1093kB
                    ->  Seq Scan on title t  (cost=0.00..67604.59 rows=7437 width=4) (actual time=0.096..2587.292 rows=23799 loops=1)
                          Filter: (production_year = 1991)
                          Rows Removed by Filter: 2504513
Planning time: 20.448 ms
Execution time: 56413.256 ms
