Hash Join  (cost=74452.28..132554.52 rows=28482 width=0) (actual time=2442.469..5107.771 rows=52485 loops=1)
  Hash Cond: (mc.movie_id = t.id)
  ->  Seq Scan on movie_companies mc  (cost=0.00..51404.11 rows=1710214 width=4) (actual time=0.020..2182.448 rows=1713840 loops=1)
        Filter: (company_id > 2805)
        Rows Removed by Filter: 895289
  ->  Hash  (cost=73925.90..73925.90 rows=42110 width=4) (actual time=2442.076..2442.076 rows=33905 loops=1)
        Buckets: 65536  Batches: 1  Memory Usage: 1704kB
        ->  Seq Scan on title t  (cost=0.00..73925.90 rows=42110 width=4) (actual time=0.019..2427.117 rows=33905 loops=1)
              Filter: ((kind_id < 7) AND (production_year = 2006))
              Rows Removed by Filter: 2494407
Planning time: 4.623 ms
Execution time: 5115.616 ms
