Hash Join  (cost=73962.22..100888.56 rows=1586 width=0) (actual time=3459.342..4467.769 rows=3163 loops=1)
  Hash Cond: (mi_idx.movie_id = t.id)
  ->  Seq Scan on movie_info_idx mi_idx  (cost=0.00..21735.35 rows=1380035 width=4) (actual time=0.010..726.140 rows=1380035 loops=1)
  ->  Hash  (cost=73925.90..73925.90 rows=2905 width=4) (actual time=3448.678..3448.678 rows=2651 loops=1)
        Buckets: 4096  Batches: 1  Memory Usage: 126kB
        ->  Seq Scan on title t  (cost=0.00..73925.90 rows=2905 width=4) (actual time=0.238..3446.936 rows=2651 loops=1)
              Filter: ((kind_id < 7) AND (production_year = 1949))
              Rows Removed by Filter: 2525661
Planning time: 0.811 ms
Execution time: 4468.358 ms
