Seq Scan on movie_keyword mk  (cost=0.00..81003.12 rows=1233527 width=0) (actual time=0.019..3527.097 rows=1246943 loops=1)
  Filter: (keyword_id < 1586)
  Rows Removed by Filter: 3276987
Planning time: 19.400 ms
Execution time: 3742.997 ms
