Hash Join  (cost=134616.01..222168.24 rows=20651 width=0) (actual time=7551.359..12400.664 rows=327706 loops=1)
  Hash Cond: (mk.movie_id = t.id)
  ->  Seq Scan on movie_keyword mk  (cost=0.00..81003.12 rows=1691359 width=4) (actual time=0.029..4632.291 rows=1700423 loops=1)
        Filter: (keyword_id > 8459)
        Rows Removed by Filter: 2823507
  ->  Hash  (cost=134230.10..134230.10 rows=30873 width=8) (actual time=6696.826..6696.826 rows=99141 loops=1)
        Buckets: 131072 (originally 32768)  Batches: 2 (originally 1)  Memory Usage: 3073kB
        ->  Hash Join  (cost=78556.72..134230.10 rows=30873 width=8) (actual time=3766.179..6651.465 rows=99141 loops=1)
              Hash Cond: (mc.movie_id = t.id)
              ->  Seq Scan on movie_companies mc  (cost=0.00..51404.11 rows=116942 width=4) (actual time=7.031..2673.268 rows=116846 loops=1)
                    Filter: (company_id > 148110)
                    Rows Removed by Filter: 2492283
              ->  Hash  (cost=67604.59..67604.59 rows=667531 width=4) (actual time=3758.080..3758.080 rows=662825 loops=1)
                    Buckets: 131072  Batches: 16  Memory Usage: 2476kB
                    ->  Seq Scan on title t  (cost=0.00..67604.59 rows=667531 width=4) (actual time=637.711..3456.296 rows=662825 loops=1)
                          Filter: (kind_id = 1)
                          Rows Removed by Filter: 1865487
Planning time: 3.883 ms
Execution time: 12453.850 ms
