Seq Scan on movie_keyword mk  (cost=0.00..81003.12 rows=3235922 width=0) (actual time=0.023..4668.145 rows=3224787 loops=1)
  Filter: (keyword_id < 13578)
  Rows Removed by Filter: 1299143
Planning time: 0.317 ms
Execution time: 5222.588 ms
