Hash Join  (cost=78576.13..165297.97 rows=6380 width=0) (actual time=2827.301..6666.813 rows=547 loops=1)
  Hash Cond: (mk.movie_id = t.id)
  ->  Seq Scan on movie_keyword mk  (cost=0.00..69693.30 rows=4523930 width=4) (actual time=0.018..2902.032 rows=4523930 loops=1)
  ->  Hash  (cost=78531.56..78531.56 rows=3566 width=8) (actual time=2788.590..2788.590 rows=3044 loops=1)
        Buckets: 4096  Batches: 1  Memory Usage: 151kB
        ->  Nested Loop  (cost=0.43..78531.56 rows=3566 width=8) (actual time=430.694..2786.745 rows=3044 loops=1)
              ->  Seq Scan on movie_companies mc  (cost=0.00..51404.11 rows=3566 width=4) (actual time=430.607..2483.485 rows=3044 loops=1)
                    Filter: (company_id = 11156)
                    Rows Removed by Filter: 2606085
              ->  Index Only Scan using title_pkey on title t  (cost=0.43..7.60 rows=1 width=4) (actual time=0.098..0.099 rows=1 loops=3044)
                    Index Cond: (id = mc.movie_id)
                    Heap Fetches: 3044
Planning time: 1.132 ms
Execution time: 6667.131 ms
