Hash Join  (cost=1172508.69..1940690.68 rows=22793758 width=0) (actual time=54449.346..92270.891 rows=42414538 loops=1)
  Hash Cond: (mi.movie_id = t.id)
  ->  Seq Scan on movie_info mi  (cost=0.00..346232.03 rows=8841901 width=4) (actual time=0.021..19401.109 rows=8950757 loops=1)
        Filter: (info_type_id > 6)
        Rows Removed by Filter: 5884963
  ->  Hash  (cost=1065566.27..1065566.27 rows=6518353 width=8) (actual time=54448.528..54448.528 rows=3084618 loops=1)
        Buckets: 131072  Batches: 128  Memory Usage: 2028kB
        ->  Hash Join  (cost=102767.86..1065566.27 rows=6518353 width=8) (actual time=33730.353..53394.857 rows=3084618 loops=1)
              Hash Cond: (ci.movie_id = t.id)
              ->  Seq Scan on cast_info ci  (cost=0.00..796071.18 rows=6518353 width=4) (actual time=28345.149..44198.296 rows=3084618 loops=1)
                    Filter: ((person_id < 2821522) AND (role_id > 5))
                    Rows Removed by Filter: 33159726
              ->  Hash  (cost=61283.27..61283.27 rows=2528527 width=4) (actual time=5382.467..5382.467 rows=2528312 loops=1)
                    Buckets: 131072  Batches: 64  Memory Usage: 2415kB
                    ->  Seq Scan on title t  (cost=0.00..61283.27 rows=2528527 width=4) (actual time=0.023..4350.842 rows=2528312 loops=1)
Planning time: 1.244 ms
Execution time: 97471.899 ms
