Hash Join  (cost=102767.86..1297415.81 rows=19917342 width=0) (actual time=7809.744..65103.856 rows=20068218 loops=1)
  Hash Cond: (ci.movie_id = t.id)
  ->  Seq Scan on cast_info ci  (cost=0.00..705507.15 rows=19917342 width=4) (actual time=3600.301..40834.658 rows=20068218 loops=1)
        Filter: (person_id > 1602403)
        Rows Removed by Filter: 16176126
  ->  Hash  (cost=61283.27..61283.27 rows=2528527 width=4) (actual time=4208.105..4208.105 rows=2528312 loops=1)
        Buckets: 131072  Batches: 64  Memory Usage: 2415kB
        ->  Seq Scan on title t  (cost=0.00..61283.27 rows=2528527 width=4) (actual time=0.030..3264.348 rows=2528312 loops=1)
Planning time: 0.731 ms
Execution time: 67605.071 ms
