Seq Scan on cast_info ci  (cost=0.00..705507.15 rows=500 width=0) (actual time=19931.036..31914.937 rows=469 loops=1)
  Filter: (person_id = 1490212)
  Rows Removed by Filter: 36243875
Planning time: 0.402 ms
Execution time: 31915.092 ms
