Hash Join  (cost=83074.74..833899.15 rows=3524 width=0) (actual time=4013.944..50766.112 rows=187407 loops=1)
  Hash Cond: (ci.movie_id = t.id)
  ->  Seq Scan on cast_info ci  (cost=0.00..614943.12 rows=36225612 width=4) (actual time=0.022..35621.643 rows=36244344 loops=1)
  ->  Hash  (cost=83071.67..83071.67 rows=246 width=8) (actual time=4013.783..4013.783 rows=3171 loops=1)
        Buckets: 4096 (originally 1024)  Batches: 1 (originally 1)  Memory Usage: 156kB
        ->  Nested Loop  (cost=0.43..83071.67 rows=246 width=8) (actual time=0.196..4011.257 rows=3171 loops=1)
              ->  Seq Scan on movie_keyword mk  (cost=0.00..81003.12 rows=246 width=4) (actual time=0.139..3418.370 rows=3171 loops=1)
                    Filter: (keyword_id = 769)
                    Rows Removed by Filter: 4520759
              ->  Index Only Scan using title_pkey on title t  (cost=0.43..8.40 rows=1 width=4) (actual time=0.182..0.183 rows=1 loops=3171)
                    Index Cond: (id = mk.movie_id)
                    Heap Fetches: 3171
Planning time: 1.149 ms
Execution time: 50834.645 ms
