Hash Join  (cost=169034.35..196268.82 rows=32399 width=0) (actual time=8726.878..10667.356 rows=243756 loops=1)
  Hash Cond: (mi_idx.movie_id = t.id)
  ->  Seq Scan on movie_info_idx mi_idx  (cost=0.00..21735.35 rows=1380035 width=4) (actual time=0.017..1225.454 rows=1380035 loops=1)
  ->  Hash  (cost=168292.33..168292.33 rows=59362 width=8) (actual time=8726.469..8726.469 rows=97268 loops=1)
        Buckets: 131072 (originally 65536)  Batches: 2 (originally 1)  Memory Usage: 3073kB
        ->  Hash Join  (cost=80976.84..168292.33 rows=59362 width=8) (actual time=4351.102..8691.272 rows=97268 loops=1)
              Hash Cond: (mk.movie_id = t.id)
              ->  Seq Scan on movie_keyword mk  (cost=0.00..81003.12 rows=349264 width=4) (actual time=0.021..4040.209 rows=363692 loops=1)
                    Filter: (keyword_id < 335)
                    Rows Removed by Filter: 4160238
              ->  Hash  (cost=73925.90..73925.90 rows=429755 width=4) (actual time=4350.150..4350.150 rows=333645 loops=1)
                    Buckets: 131072  Batches: 8  Memory Usage: 2501kB
                    ->  Seq Scan on title t  (cost=0.00..73925.90 rows=429755 width=4) (actual time=0.013..4190.648 rows=333645 loops=1)
                          Filter: ((kind_id < 3) AND (production_year > 1999))
                          Rows Removed by Filter: 2194667
Planning time: 9.332 ms
Execution time: 10700.453 ms
