Seq Scan on movie_keyword mk  (cost=0.00..81003.12 rows=1349826 width=0) (actual time=0.009..4669.580 rows=1360548 loops=1)
  Filter: (keyword_id > 12336)
  Rows Removed by Filter: 3163382
Planning time: 2.705 ms
Execution time: 4868.914 ms
