Seq Scan on movie_keyword mk  (cost=0.00..81003.12 rows=246 width=0) (actual time=74.714..3450.315 rows=40 loops=1)
  Filter: (keyword_id = 14269)
  Rows Removed by Filter: 4523890
Planning time: 0.423 ms
Execution time: 3450.451 ms
