Seq Scan on movie_companies mc  (cost=0.00..57926.93 rows=53 width=0) (actual time=1563.180..2212.014 rows=148 loops=1)
  Filter: ((company_id = 12808) AND (company_type_id = 2))
  Rows Removed by Filter: 2608981
Planning time: 0.357 ms
Execution time: 2212.336 ms
