Hash Join  (cost=74209.73..101244.14 rows=12393 width=0) (actual time=2680.282..4421.281 rows=6327 loops=1)
  Hash Cond: (mi_idx.movie_id = t.id)
  ->  Seq Scan on movie_info_idx mi_idx  (cost=0.00..21735.35 rows=1380035 width=4) (actual time=0.021..1334.196 rows=1380035 loops=1)
  ->  Hash  (cost=73925.90..73925.90 rows=22706 width=4) (actual time=2679.972..2679.972 rows=25785 loops=1)
        Buckets: 32768  Batches: 1  Memory Usage: 1163kB
        ->  Seq Scan on title t  (cost=0.00..73925.90 rows=22706 width=4) (actual time=0.098..2668.053 rows=25785 loops=1)
              Filter: ((kind_id < 4) AND (production_year > 2012))
              Rows Removed by Filter: 2502527
Planning time: 2.781 ms
Execution time: 4422.475 ms
