Hash Join  (cost=214801.17..1325525.18 rows=7487884 width=0) (actual time=12104.967..77435.607 rows=25074404 loops=1)
  Hash Cond: (ci.movie_id = t.id)
  ->  Seq Scan on cast_info ci  (cost=0.00..614943.12 rows=36225612 width=4) (actual time=0.015..37360.995 rows=36244344 loops=1)
  ->  Hash  (cost=206226.05..206226.05 rows=522650 width=8) (actual time=12104.022..12104.022 rows=513289 loops=1)
        Buckets: 131072  Batches: 8  Memory Usage: 3558kB
        ->  Hash Join  (cost=102767.86..206226.05 rows=522650 width=8) (actual time=5871.664..11813.935 rows=513289 loops=1)
              Hash Cond: (mk.movie_id = t.id)
              ->  Seq Scan on movie_keyword mk  (cost=0.00..81003.12 rows=522650 width=4) (actual time=0.018..3751.240 rows=513289 loops=1)
                    Filter: (keyword_id > 35304)
                    Rows Removed by Filter: 4010641
              ->  Hash  (cost=61283.27..61283.27 rows=2528527 width=4) (actual time=5870.268..5870.268 rows=2528312 loops=1)
                    Buckets: 131072  Batches: 64  Memory Usage: 2425kB
                    ->  Seq Scan on title t  (cost=0.00..61283.27 rows=2528527 width=4) (actual time=0.010..4255.568 rows=2528312 loops=1)
Planning time: 8.010 ms
Execution time: 80836.771 ms
