Hash Join  (cost=175252.63..1055502.56 rows=3112278 width=0) (actual time=9206.492..58741.603 rows=6364153 loops=1)
  Hash Cond: (ci.movie_id = t.id)
  ->  Seq Scan on cast_info ci  (cost=0.00..705507.15 rows=12203201 width=4) (actual time=0.026..40234.748 rows=12113646 loops=1)
        Filter: (role_id > 3)
        Rows Removed by Filter: 24130698
  ->  Hash  (cost=164671.75..164671.75 rows=644870 width=8) (actual time=9205.283..9205.283 rows=828340 loops=1)
        Buckets: 131072  Batches: 16  Memory Usage: 3056kB
        ->  Hash Join  (cost=84417.00..164671.75 rows=644870 width=8) (actual time=4392.367..8949.981 rows=828340 loops=1)
              Hash Cond: (mc.movie_id = t.id)
              ->  Seq Scan on movie_companies mc  (cost=0.00..51404.11 rows=1591184 width=4) (actual time=0.021..3067.122 rows=1591940 loops=1)
                    Filter: (company_id > 5297)
                    Rows Removed by Filter: 1017189
              ->  Hash  (cost=67604.59..67604.59 rows=1024753 width=4) (actual time=4391.447..4391.447 rows=1021752 loops=1)
                    Buckets: 131072  Batches: 16  Memory Usage: 3274kB
                    ->  Seq Scan on title t  (cost=0.00..67604.59 rows=1024753 width=4) (actual time=0.008..3969.711 rows=1021752 loops=1)
                          Filter: (production_year < 2000)
                          Rows Removed by Filter: 1506560
Planning time: 5.856 ms
Execution time: 59502.105 ms
