Hash Join  (cost=83356.77..148820.00 rows=86891 width=0) (actual time=3440.908..6622.290 rows=41808 loops=1)
  Hash Cond: (mc.movie_id = t.id)
  ->  Seq Scan on movie_companies mc  (cost=0.00..57926.93 rows=382236 width=4) (actual time=0.033..2573.469 rows=66559 loops=1)
        Filter: ((company_id > 32044) AND (company_type_id < 2))
        Rows Removed by Filter: 2542570
  ->  Hash  (cost=73925.90..73925.90 rows=574789 width=4) (actual time=3421.063..3421.063 rows=454004 loops=1)
        Buckets: 131072  Batches: 8  Memory Usage: 3032kB
        ->  Seq Scan on title t  (cost=0.00..73925.90 rows=574789 width=4) (actual time=557.477..3221.651 rows=454004 loops=1)
              Filter: ((production_year > 1963) AND (kind_id = 1))
              Rows Removed by Filter: 2074308
Planning time: 3.951 ms
Execution time: 6627.952 ms
