Hash Join  (cost=102910.37..189683.65 rows=11524 width=0) (actual time=4878.011..9483.969 rows=9910 loops=1)
  Hash Cond: (mk.movie_id = t.id)
  ->  Seq Scan on movie_keyword mk  (cost=0.00..69693.30 rows=4523930 width=4) (actual time=0.024..3580.252 rows=4523930 loops=1)
  ->  Hash  (cost=102829.86..102829.86 rows=6441 width=8) (actual time=4877.744..4877.744 rows=2298 loops=1)
        Buckets: 8192  Batches: 1  Memory Usage: 154kB
        ->  Hash Join  (cost=74148.38..102829.86 rows=6441 width=8) (actual time=3211.884..4876.608 rows=2298 loops=1)
              Hash Cond: (mi_idx.movie_id = t.id)
              ->  Seq Scan on movie_info_idx mi_idx  (cost=0.00..25185.44 rows=915101 width=4) (actual time=0.019..1427.372 rows=919850 loops=1)
                    Filter: (info_type_id < 101)
                    Rows Removed by Filter: 460185
              ->  Hash  (cost=73925.90..73925.90 rows=17798 width=4) (actual time=3210.959..3210.959 rows=13346 loops=1)
                    Buckets: 32768  Batches: 1  Memory Usage: 726kB
                    ->  Seq Scan on title t  (cost=0.00..73925.90 rows=17798 width=4) (actual time=120.663..3205.132 rows=13346 loops=1)
                          Filter: ((production_year > 2010) AND (kind_id = 4))
                          Rows Removed by Filter: 2514966
Planning time: 4.305 ms
Execution time: 9489.077 ms
