Hash Join  (cost=67608.71..154272.65 rows=590 width=0) (actual time=3599.774..8986.458 rows=1054 loops=1)
  Hash Cond: (mk.movie_id = t.id)
  ->  Seq Scan on movie_keyword mk  (cost=0.00..69693.30 rows=4523930 width=4) (actual time=0.023..4380.375 rows=4523930 loops=1)
  ->  Hash  (cost=67604.59..67604.59 rows=330 width=4) (actual time=3559.255..3559.255 rows=438 loops=1)
        Buckets: 1024  Batches: 1  Memory Usage: 24kB
        ->  Seq Scan on title t  (cost=0.00..67604.59 rows=330 width=4) (actual time=0.680..3558.846 rows=438 loops=1)
              Filter: (production_year > 2014)
              Rows Removed by Filter: 2527874
Planning time: 0.711 ms
Execution time: 8986.771 ms
