Hash Join  (cost=102767.86..217614.29 rows=2225989 width=0) (actual time=5224.378..11614.087 rows=2221623 loops=1)
  Hash Cond: (mc.movie_id = t.id)
  ->  Seq Scan on movie_companies mc  (cost=0.00..51404.11 rows=2225989 width=4) (actual time=0.019..3714.867 rows=2221623 loops=1)
        Filter: (company_id < 83503)
        Rows Removed by Filter: 387506
  ->  Hash  (cost=61283.27..61283.27 rows=2528527 width=4) (actual time=5223.461..5223.461 rows=2528312 loops=1)
        Buckets: 131072  Batches: 64  Memory Usage: 2415kB
        ->  Seq Scan on title t  (cost=0.00..61283.27 rows=2528527 width=4) (actual time=0.022..4139.538 rows=2528312 loops=1)
Planning time: 0.683 ms
Execution time: 11880.455 ms
