Seq Scan on movie_keyword mk  (cost=0.00..81003.12 rows=2187855 width=0) (actual time=0.335..4437.457 rows=2186775 loops=1)
  Filter: (keyword_id > 5166)
  Rows Removed by Filter: 2337155
Planning time: 0.316 ms
Execution time: 4791.187 ms
