Hash Join  (cost=83073.53..833869.85 rows=721 width=0) (actual time=4061.972..49173.787 rows=645 loops=1)
  Hash Cond: (ci.movie_id = t.id)
  ->  Seq Scan on cast_info ci  (cost=0.00..614943.12 rows=36225612 width=4) (actual time=0.016..36243.857 rows=36244344 loops=1)
  ->  Hash  (cost=83072.90..83072.90 rows=50 width=8) (actual time=4057.890..4057.890 rows=22 loops=1)
        Buckets: 1024  Batches: 1  Memory Usage: 9kB
        ->  Nested Loop  (cost=0.43..83072.90 rows=50 width=8) (actual time=1575.621..4057.840 rows=22 loops=1)
              ->  Seq Scan on movie_keyword mk  (cost=0.00..81003.12 rows=246 width=4) (actual time=3.498..3847.925 rows=836 loops=1)
                    Filter: (keyword_id = 1808)
                    Rows Removed by Filter: 4523094
              ->  Index Scan using title_pkey on title t  (cost=0.43..8.40 rows=1 width=4) (actual time=0.249..0.249 rows=0 loops=836)
                    Index Cond: (id = mk.movie_id)
                    Filter: ((production_year < 1996) AND (kind_id = 7))
                    Rows Removed by Filter: 1
Planning time: 1.116 ms
Execution time: 49174.504 ms
