Seq Scan on cast_info ci  (cost=0.00..705507.15 rows=34960158 width=0) (actual time=0.011..43389.537 rows=35074860 loops=1)
  Filter: (person_id > 118585)
  Rows Removed by Filter: 1169484
Planning time: 0.350 ms
Execution time: 49045.802 ms
