Hash Join  (cost=421957.65..1172825.76 rows=7887 width=0) (actual time=20559.193..54494.917 rows=28 loops=1)
  Hash Cond: (ci.movie_id = t.id)
  ->  Seq Scan on cast_info ci  (cost=0.00..614943.12 rows=36225612 width=4) (actual time=0.008..26293.630 rows=36244344 loops=1)
  ->  Hash  (cost=421950.77..421950.77 rows=551 width=8) (actual time=20254.167..20254.167 rows=1 loops=1)
        Buckets: 1024  Batches: 1  Memory Usage: 9kB
        ->  Hash Join  (cost=75199.97..421950.77 rows=551 width=8) (actual time=20253.824..20254.121 rows=1 loops=1)
              Hash Cond: (mi.movie_id = t.id)
              ->  Seq Scan on movie_info mi  (cost=0.00..346232.03 rows=17937 width=4) (actual time=1083.298..16403.637 rows=18214 loops=1)
                    Filter: (info_type_id = 108)
                    Rows Removed by Filter: 14817506
              ->  Hash  (cost=73925.90..73925.90 rows=77605 width=4) (actual time=3824.614..3824.614 rows=84684 loops=1)
                    Buckets: 131072  Batches: 2  Memory Usage: 2518kB
                    ->  Seq Scan on title t  (cost=0.00..73925.90 rows=77605 width=4) (actual time=0.033..3471.796 rows=84684 loops=1)
                          Filter: ((kind_id = 7) AND (production_year = 2009))
                          Rows Removed by Filter: 2443628
Planning time: 1.168 ms
Execution time: 54495.126 ms
