Hash Join  (cost=71214.36..198012.22 rows=393582 width=0) (actual time=3724.131..11423.310 rows=685297 loops=1)
  Hash Cond: (mk.movie_id = t.id)
  ->  Seq Scan on movie_keyword mk  (cost=0.00..69693.30 rows=4523930 width=4) (actual time=0.018..5213.893 rows=4523930 loops=1)
  ->  Hash  (cost=67604.59..67604.59 rows=219982 width=4) (actual time=3723.274..3723.274 rows=221115 loops=1)
        Buckets: 131072  Batches: 4  Memory Usage: 2973kB
        ->  Seq Scan on title t  (cost=0.00..67604.59 rows=219982 width=4) (actual time=0.014..3629.337 rows=221115 loops=1)
              Filter: (production_year < 1958)
              Rows Removed by Filter: 2307197
Planning time: 0.838 ms
Execution time: 11537.878 ms
