Hash Join  (cost=74483.34..888568.01 rows=487717 width=0) (actual time=3730.315..58521.660 rows=551762 loops=1)
  Hash Cond: (ci.movie_id = t.id)
  ->  Seq Scan on cast_info ci  (cost=0.00..705507.15 rows=27653425 width=4) (actual time=0.019..43575.132 rows=27758030 loops=1)
        Filter: (role_id < 6)
        Rows Removed by Filter: 8486314
  ->  Hash  (cost=73925.90..73925.90 rows=44595 width=4) (actual time=3729.775..3729.775 rows=50569 loops=1)
        Buckets: 65536  Batches: 1  Memory Usage: 2290kB
        ->  Seq Scan on title t  (cost=0.00..73925.90 rows=44595 width=4) (actual time=0.063..3703.921 rows=50569 loops=1)
              Filter: ((kind_id > 3) AND (production_year = 2003))
              Rows Removed by Filter: 2477743
Planning time: 5.470 ms
Execution time: 58634.616 ms
