Hash Join  (cost=73929.67..128598.30 rows=311 width=0) (actual time=2619.924..5647.082 rows=2581 loops=1)
  Hash Cond: (mc.movie_id = t.id)
  ->  Seq Scan on movie_companies mc  (cost=0.00..44881.29 rows=2609129 width=4) (actual time=0.018..2376.614 rows=2609129 loops=1)
  ->  Hash  (cost=73925.90..73925.90 rows=301 width=4) (actual time=2619.803..2619.803 rows=1286 loops=1)
        Buckets: 2048 (originally 1024)  Batches: 1 (originally 1)  Memory Usage: 62kB
        ->  Seq Scan on title t  (cost=0.00..73925.90 rows=301 width=4) (actual time=122.852..2616.057 rows=1286 loops=1)
              Filter: ((kind_id = 3) AND (production_year = 1988))
              Rows Removed by Filter: 2527026
Planning time: 0.683 ms
Execution time: 5647.760 ms
