Hash Join  (cost=74174.82..456689.30 rows=74629 width=0) (actual time=3412.773..25335.954 rows=61138 loops=1)
  Hash Cond: (mi.movie_id = t.id)
  ->  Seq Scan on movie_info mi  (cost=0.00..346232.03 rows=9476311 width=4) (actual time=0.021..19096.530 rows=9565151 loops=1)
        Filter: (info_type_id < 16)
        Rows Removed by Filter: 5270569
  ->  Hash  (cost=73925.90..73925.90 rows=19913 width=4) (actual time=3411.650..3411.650 rows=21707 loops=1)
        Buckets: 32768  Batches: 1  Memory Usage: 1020kB
        ->  Seq Scan on title t  (cost=0.00..73925.90 rows=19913 width=4) (actual time=0.091..3400.742 rows=21707 loops=1)
              Filter: ((kind_id > 1) AND (production_year = 1993))
              Rows Removed by Filter: 2506605
Planning time: 0.718 ms
Execution time: 25346.688 ms
