Seq Scan on movie_companies mc  (cost=0.00..51404.11 rows=104 width=0) (actual time=359.390..2576.383 rows=129 loops=1)
  Filter: (company_id = 48771)
  Rows Removed by Filter: 2609000
Planning time: 15.028 ms
Execution time: 2576.481 ms
