Hash Join  (cost=83074.74..447745.01 rows=1434 width=181) (actual time=1673.281..8106.986 rows=118 loops=1)
  Hash Cond: (mi.movie_id = t.id)
  ->  Seq Scan on movie_info mi  (cost=0.00..309384.22 rows=14739122 width=75) (actual time=0.018..4352.101 rows=14835720 loops=1)
  ->  Hash  (cost=83071.67..83071.67 rows=246 width=106) (actual time=1528.443..1528.443 rows=10 loops=1)
        Buckets: 1024  Batches: 1  Memory Usage: 10kB
        ->  Nested Loop  (cost=0.43..83071.67 rows=246 width=106) (actual time=722.848..1528.424 rows=10 loops=1)
              ->  Seq Scan on movie_keyword mk  (cost=0.00..81003.12 rows=246 width=12) (actual time=722.787..1528.161 rows=10 loops=1)
                    Filter: (keyword_id = 72112)
                    Rows Removed by Filter: 4523920
              ->  Index Scan using title_pkey on title t  (cost=0.43..8.40 rows=1 width=94) (actual time=0.023..0.023 rows=1 loops=10)
                    Index Cond: (id = mk.movie_id)
Planning time: 1.321 ms
Execution time: 8107.127 ms
