Seq Scan on movie_keyword mk  (cost=0.00..81003.12 rows=3165737 width=0) (actual time=0.021..1524.602 rows=3152791 loops=1)
  Filter: (keyword_id < 12181)
  Rows Removed by Filter: 1371139
Planning time: 5.162 ms
Execution time: 1910.165 ms
