Seq Scan on cast_info ci  (cost=0.00..796071.18 rows=5769125 width=0) (actual time=21293.314..36805.311 rows=7450551 loops=1)
  Filter: ((person_id > 726848) AND (role_id = 2))
  Rows Removed by Filter: 28793793
Planning time: 0.383 ms
Execution time: 38013.862 ms
