Hash Join  (cost=709678.15..1079289.16 rows=1232 width=0) (actual time=35418.819..52115.905 rows=1390 loops=1)
  Hash Cond: (mi.movie_id = t.id)
  ->  Seq Scan on movie_info mi  (cost=0.00..346232.03 rows=6231111 width=4) (actual time=0.012..16890.880 rows=6223494 loops=1)
        Filter: (info_type_id > 8)
        Rows Removed by Filter: 8612226
  ->  Hash  (cost=709671.90..709671.90 rows=500 width=8) (actual time=34185.611..34185.611 rows=129 loops=1)
        Buckets: 1024  Batches: 1  Memory Usage: 14kB
        ->  Nested Loop  (cost=0.43..709671.90 rows=500 width=8) (actual time=5022.376..34185.518 rows=129 loops=1)
              ->  Seq Scan on cast_info ci  (cost=0.00..705507.15 rows=500 width=4) (actual time=5022.185..34182.799 rows=129 loops=1)
                    Filter: (person_id = 274631)
                    Rows Removed by Filter: 36244215
              ->  Index Only Scan using title_pkey on title t  (cost=0.43..8.32 rows=1 width=4) (actual time=0.019..0.020 rows=1 loops=129)
                    Index Cond: (id = ci.movie_id)
                    Heap Fetches: 129
Planning time: 2.413 ms
Execution time: 52116.374 ms
