Hash Join  (cost=69140.02..554765.40 rows=545345 width=0) (actual time=1233.473..12749.132 rows=1004784 loops=1)
  Hash Cond: (mi.movie_id = t.id)
  ->  Seq Scan on movie_info mi  (cost=0.00..309384.22 rows=14739122 width=4) (actual time=0.016..5801.282 rows=14835720 loops=1)
  ->  Hash  (cost=67604.59..67604.59 rows=93555 width=4) (actual time=1214.088..1214.088 rows=92899 loops=1)
        Buckets: 131072  Batches: 2  Memory Usage: 2662kB
        ->  Seq Scan on title t  (cost=0.00..67604.59 rows=93555 width=4) (actual time=220.493..1179.914 rows=92899 loops=1)
              Filter: (production_year < 1922)
              Rows Removed by Filter: 2435413
Planning time: 0.786 ms
Execution time: 12877.718 ms
