Hash Join  (cost=432786.57..520465.44 rows=102084 width=0) (actual time=19536.509..24000.176 rows=494937 loops=1)
  Hash Cond: (mk.movie_id = t.id)
  ->  Seq Scan on movie_keyword mk  (cost=0.00..69693.30 rows=4523930 width=4) (actual time=0.023..3176.750 rows=4523930 loops=1)
  ->  Hash  (cost=432073.35..432073.35 rows=57057 width=8) (actual time=19535.517..19535.517 rows=21557 loops=1)
        Buckets: 65536  Batches: 1  Memory Usage: 1355kB
        ->  Hash Join  (cost=69374.09..432073.35 rows=57057 width=8) (actual time=3397.533..19517.653 rows=21557 loops=1)
              Hash Cond: (mi.movie_id = t.id)
              ->  Seq Scan on movie_info mi  (cost=0.00..346232.03 rows=1338312 width=4) (actual time=0.025..15504.350 rows=1401902 loops=1)
                    Filter: (info_type_id = 7)
                    Rows Removed by Filter: 13433818
              ->  Hash  (cost=67604.59..67604.59 rows=107800 width=4) (actual time=3389.030..3389.030 rows=108429 loops=1)
                    Buckets: 131072  Batches: 2  Memory Usage: 2938kB
                    ->  Seq Scan on title t  (cost=0.00..67604.59 rows=107800 width=4) (actual time=0.033..3068.647 rows=108429 loops=1)
                          Filter: (production_year = 2006)
                          Rows Removed by Filter: 2419883
Planning time: 1.107 ms
Execution time: 24106.008 ms
