Seq Scan on title t  (cost=0.00..67604.59 rows=7437 width=0) (actual time=2.521..1124.707 rows=3077 loops=1)
  Filter: (production_year = 2014)
  Rows Removed by Filter: 2525235
Planning time: 0.422 ms
Execution time: 1125.694 ms
