Hash Join  (cost=98137.04..271457.89 rows=3102974 width=0) (actual time=5134.462..12620.891 rows=1557497 loops=1)
  Hash Cond: (mk.movie_id = t.id)
  ->  Seq Scan on movie_keyword mk  (cost=0.00..81003.12 rows=4215997 width=4) (actual time=0.020..4538.906 rows=4220087 loops=1)
        Filter: (keyword_id < 53294)
        Rows Removed by Filter: 303843
  ->  Hash  (cost=67604.59..67604.59 rows=1860996 width=4) (actual time=5132.293..5132.293 rows=1865487 loops=1)
        Buckets: 131072  Batches: 32  Memory Usage: 3085kB
        ->  Seq Scan on title t  (cost=0.00..67604.59 rows=1860996 width=4) (actual time=0.019..4044.515 rows=1865487 loops=1)
              Filter: (kind_id > 1)
              Rows Removed by Filter: 662825
Planning time: 0.662 ms
Execution time: 12805.415 ms
