Hash Join  (cost=128605.79..493285.91 rows=2419 width=0) (actual time=6709.425..21041.485 rows=63 loops=1)
  Hash Cond: (mi.movie_id = t.id)
  ->  Seq Scan on movie_info mi  (cost=0.00..309384.22 rows=14739122 width=4) (actual time=0.020..12575.127 rows=14835720 loops=1)
  ->  Hash  (cost=128600.60..128600.60 rows=415 width=8) (actual time=5511.981..5511.981 rows=10 loops=1)
        Buckets: 1024  Batches: 1  Memory Usage: 9kB
        ->  Hash Join  (cost=73930.93..128600.60 rows=415 width=8) (actual time=3585.457..5511.939 rows=10 loops=1)
              Hash Cond: (mc.movie_id = t.id)
              ->  Seq Scan on movie_companies mc  (cost=0.00..44881.29 rows=2609129 width=4) (actual time=0.021..2074.005 rows=2609129 loops=1)
              ->  Hash  (cost=73925.90..73925.90 rows=402 width=4) (actual time=2870.998..2870.998 rows=137 loops=1)
                    Buckets: 1024  Batches: 1  Memory Usage: 13kB
                    ->  Seq Scan on title t  (cost=0.00..73925.90 rows=402 width=4) (actual time=390.470..2870.782 rows=137 loops=1)
                          Filter: ((production_year > 2013) AND (kind_id = 7))
                          Rows Removed by Filter: 2528175
Planning time: 1.112 ms
Execution time: 21041.621 ms
