Hash Join  (cost=908695.88..2827514.19 rows=69751661 width=0) (actual time=51820.488..143718.096 rows=218858604 loops=1)
  Hash Cond: (ci.movie_id = t.id)
  ->  Seq Scan on cast_info ci  (cost=0.00..796071.18 rows=15867417 width=4) (actual time=10400.078..34386.618 rows=20324867 loops=1)
        Filter: ((person_id > 1146551) AND (role_id > 1))
        Rows Removed by Filter: 15919477
  ->  Hash  (cost=726337.31..726337.31 rows=11115165 width=8) (actual time=41419.012..41419.012 rows=11210743 loops=1)
        Buckets: 131072  Batches: 256  Memory Usage: 2722kB
        ->  Hash Join  (cost=102767.86..726337.31 rows=11115165 width=8) (actual time=5457.153..37681.759 rows=11210743 loops=1)
              Hash Cond: (mi.movie_id = t.id)
              ->  Seq Scan on movie_info mi  (cost=0.00..346232.03 rows=11115165 width=4) (actual time=0.021..20930.001 rows=11210743 loops=1)
                    Filter: (info_type_id > 3)
                    Rows Removed by Filter: 3624977
              ->  Hash  (cost=61283.27..61283.27 rows=2528527 width=4) (actual time=5455.739..5455.739 rows=2528312 loops=1)
                    Buckets: 131072  Batches: 64  Memory Usage: 2425kB
                    ->  Seq Scan on title t  (cost=0.00..61283.27 rows=2528527 width=4) (actual time=0.016..3851.919 rows=2528312 loops=1)
Planning time: 1.174 ms
Execution time: 167697.975 ms
