Nested Loop  (cost=0.43..58358.27 rows=51 width=0) (actual time=104.726..850.339 rows=354 loops=1)
  ->  Seq Scan on movie_companies mc  (cost=0.00..57926.93 rows=51 width=4) (actual time=104.615..841.584 rows=354 loops=1)
        Filter: ((company_type_id < 2) AND (company_id = 11371))
        Rows Removed by Filter: 2608775
  ->  Index Only Scan using title_pkey on title t  (cost=0.43..8.45 rows=1 width=4) (actual time=0.023..0.023 rows=1 loops=354)
        Index Cond: (id = mc.movie_id)
        Heap Fetches: 354
Planning time: 0.777 ms
Execution time: 850.553 ms
