Hash Join  (cost=190230.21..1374747.82 rows=12283303 width=0) (actual time=5597.205..41634.171 rows=24174865 loops=1)
  Hash Cond: (ci.movie_id = t.id)
  ->  Seq Scan on cast_info ci  (cost=0.00..796071.18 rows=22505707 width=4) (actual time=1116.376..19263.888 rows=22035849 loops=1)
        Filter: ((person_id < 3757798) AND (role_id > 1))
        Rows Removed by Filter: 14208495
  ->  Hash  (cost=167588.78..167588.78 rows=1380035 width=8) (actual time=4480.027..4480.027 rows=1380035 loops=1)
        Buckets: 131072  Batches: 32  Memory Usage: 2708kB
        ->  Hash Join  (cost=102767.86..167588.78 rows=1380035 width=8) (actual time=1978.295..4123.436 rows=1380035 loops=1)
              Hash Cond: (mi_idx.movie_id = t.id)
              ->  Seq Scan on movie_info_idx mi_idx  (cost=0.00..21735.35 rows=1380035 width=4) (actual time=0.022..397.507 rows=1380035 loops=1)
              ->  Hash  (cost=61283.27..61283.27 rows=2528527 width=4) (actual time=1977.022..1977.022 rows=2528312 loops=1)
                    Buckets: 131072  Batches: 64  Memory Usage: 2415kB
                    ->  Seq Scan on title t  (cost=0.00..61283.27 rows=2528527 width=4) (actual time=0.013..1130.351 rows=2528312 loops=1)
Planning time: 1.170 ms
Execution time: 44271.724 ms
