Hash Join  (cost=709678.15..766070.94 rows=263 width=0) (actual time=11517.691..12176.844 rows=818 loops=1)
  Hash Cond: (mc.movie_id = t.id)
  ->  Seq Scan on movie_companies mc  (cost=0.00..51404.11 rows=1329612 width=4) (actual time=441.715..905.091 rows=1334883 loops=1)
        Filter: (company_type_id > 1)
        Rows Removed by Filter: 1274246
  ->  Hash  (cost=709671.90..709671.90 rows=500 width=8) (actual time=11074.683..11074.683 rows=730 loops=1)
        Buckets: 1024  Batches: 1  Memory Usage: 37kB
        ->  Nested Loop  (cost=0.43..709671.90 rows=500 width=8) (actual time=2797.928..11074.395 rows=730 loops=1)
              ->  Seq Scan on cast_info ci  (cost=0.00..705507.15 rows=500 width=4) (actual time=2797.832..11065.611 rows=730 loops=1)
                    Filter: (person_id = 3001462)
                    Rows Removed by Filter: 36243614
              ->  Index Only Scan using title_pkey on title t  (cost=0.43..8.32 rows=1 width=4) (actual time=0.011..0.011 rows=1 loops=730)
                    Index Cond: (id = ci.movie_id)
                    Heap Fetches: 730
Planning time: 0.820 ms
Execution time: 12177.032 ms
