Hash Join  (cost=67697.55..432786.99 rows=43351 width=0) (actual time=1017.093..9353.857 rows=101717 loops=1)
  Hash Cond: (mi.movie_id = t.id)
  ->  Seq Scan on movie_info mi  (cost=0.00..309384.22 rows=14739122 width=4) (actual time=0.014..4841.880 rows=14835720 loops=1)
  ->  Hash  (cost=67604.59..67604.59 rows=7437 width=4) (actual time=1015.000..1015.000 rows=14770 loops=1)
        Buckets: 16384 (originally 8192)  Batches: 1 (originally 1)  Memory Usage: 648kB
        ->  Seq Scan on title t  (cost=0.00..67604.59 rows=7437 width=4) (actual time=0.042..1008.000 rows=14770 loops=1)
              Filter: (production_year = 1982)
              Rows Removed by Filter: 2513542
Planning time: 0.709 ms
Execution time: 9371.270 ms
