Hash Join  (cost=101896.68..833595.81 rows=31447 width=0) (actual time=1855.912..14886.905 rows=67837 loops=1)
  Hash Cond: (ci.movie_id = t.id)
  ->  Seq Scan on cast_info ci  (cost=0.00..705507.15 rows=6900665 width=4) (actual time=0.019..11505.119 rows=6981511 loops=1)
        Filter: (person_id > 2967240)
        Rows Removed by Filter: 29262833
  ->  Hash  (cost=101752.64..101752.64 rows=11523 width=8) (actual time=1855.750..1855.750 rows=10536 loops=1)
        Buckets: 16384  Batches: 1  Memory Usage: 540kB
        ->  Hash Join  (cost=74709.85..101752.64 rows=11523 width=8) (actual time=1222.638..1851.187 rows=10536 loops=1)
              Hash Cond: (mi_idx.movie_id = t.id)
              ->  Seq Scan on movie_info_idx mi_idx  (cost=0.00..25185.44 rows=464566 width=4) (actual time=0.019..477.670 rows=459925 loops=1)
                    Filter: (info_type_id = 101)
                    Rows Removed by Filter: 920110
              ->  Hash  (cost=73925.90..73925.90 rows=62716 width=4) (actual time=1222.096..1222.096 rows=71543 loops=1)
                    Buckets: 131072 (originally 65536)  Batches: 1 (originally 1)  Memory Usage: 3540kB
                    ->  Seq Scan on title t  (cost=0.00..73925.90 rows=62716 width=4) (actual time=0.013..1190.572 rows=71543 loops=1)
                          Filter: ((kind_id > 1) AND (production_year = 2004))
                          Rows Removed by Filter: 2456769
Planning time: 1.135 ms
Execution time: 14898.092 ms
