Hash Join  (cost=177523.46..561988.22 rows=208401 width=0) (actual time=4968.194..11349.238 rows=980307 loops=1)
  Hash Cond: (mi.movie_id = t.id)
  ->  Seq Scan on movie_info mi  (cost=0.00..346232.03 rows=3068194 width=4) (actual time=81.208..5654.229 rows=3036719 loops=1)
        Filter: (info_type_id = 16)
        Rows Removed by Filter: 11799001
  ->  Hash  (cost=174705.65..174705.65 rows=171745 width=8) (actual time=3725.049..3725.049 rows=339480 loops=1)
        Buckets: 131072 (originally 131072)  Batches: 8 (originally 4)  Memory Usage: 3073kB
        ->  Hash Join  (cost=102767.86..174705.65 rows=171745 width=8) (actual time=2475.172..3606.242 rows=339480 loops=1)
              Hash Cond: (mc.movie_id = t.id)
              ->  Seq Scan on movie_companies mc  (cost=0.00..57926.93 rows=171745 width=4) (actual time=528.203..976.817 rows=339480 loops=1)
                    Filter: ((company_id > 89390) AND (company_type_id = 2))
                    Rows Removed by Filter: 2269649
              ->  Hash  (cost=61283.27..61283.27 rows=2528527 width=4) (actual time=1944.122..1944.122 rows=2528312 loops=1)
                    Buckets: 131072  Batches: 64  Memory Usage: 2415kB
                    ->  Seq Scan on title t  (cost=0.00..61283.27 rows=2528527 width=4) (actual time=0.023..1089.543 rows=2528312 loops=1)
Planning time: 1.191 ms
Execution time: 11469.287 ms
