Hash Join  (cost=98137.04..250392.04 rows=2334351 width=0) (actual time=2484.478..6091.075 rows=1125200 loops=1)
  Hash Cond: (mk.movie_id = t.id)
  ->  Seq Scan on movie_keyword mk  (cost=0.00..81003.12 rows=3171673 width=4) (actual time=0.013..1672.455 rows=3155572 loops=1)
        Filter: (keyword_id > 1799)
        Rows Removed by Filter: 1368358
  ->  Hash  (cost=67604.59..67604.59 rows=1860996 width=4) (actual time=2482.751..2482.751 rows=1865487 loops=1)
        Buckets: 131072  Batches: 32  Memory Usage: 3085kB
        ->  Seq Scan on title t  (cost=0.00..67604.59 rows=1860996 width=4) (actual time=0.019..1370.876 rows=1865487 loops=1)
              Filter: (kind_id > 1)
              Rows Removed by Filter: 662825
Planning time: 0.754 ms
Execution time: 6218.673 ms
