Hash Join  (cost=74199.63..134139.15 rows=4543 width=0) (actual time=1247.298..2415.112 rows=5969 loops=1)
  Hash Cond: (mc.movie_id = t.id)
  ->  Seq Scan on movie_companies mc  (cost=0.00..57926.93 rows=524575 width=4) (actual time=0.005..999.597 rows=735165 loops=1)
        Filter: ((company_id < 6482) AND (company_type_id < 2))
        Rows Removed by Filter: 1873964
  ->  Hash  (cost=73925.90..73925.90 rows=21898 width=4) (actual time=1246.528..1246.528 rows=24691 loops=1)
        Buckets: 32768  Batches: 1  Memory Usage: 1125kB
        ->  Seq Scan on title t  (cost=0.00..73925.90 rows=21898 width=4) (actual time=0.030..1235.771 rows=24691 loops=1)
              Filter: ((kind_id > 1) AND (production_year = 1994))
              Rows Removed by Filter: 2503621
Planning time: 0.595 ms
Execution time: 2416.293 ms
