Seq Scan on cast_info ci  (cost=0.00..705507.15 rows=500 width=0) (actual time=5640.660..32868.892 rows=3 loops=1)
  Filter: (person_id = 2164165)
  Rows Removed by Filter: 36244341
Planning time: 0.414 ms
Execution time: 32869.012 ms
