Hash Join  (cost=102767.86..1096367.29 rows=11562110 width=0) (actual time=1993.979..24887.572 rows=11472514 loops=1)
  Hash Cond: (ci.movie_id = t.id)
  ->  Seq Scan on cast_info ci  (cost=0.00..705507.15 rows=11562110 width=4) (actual time=94.492..13176.990 rows=11472514 loops=1)
        Filter: (person_id < 1127843)
        Rows Removed by Filter: 24771830
  ->  Hash  (cost=61283.27..61283.27 rows=2528527 width=4) (actual time=1897.997..1897.997 rows=2528312 loops=1)
        Buckets: 131072  Batches: 64  Memory Usage: 2415kB
        ->  Seq Scan on title t  (cost=0.00..61283.27 rows=2528527 width=4) (actual time=0.022..1083.477 rows=2528312 loops=1)
Planning time: 0.792 ms
Execution time: 26266.152 ms
