Hash Join  (cost=532159.52..1390293.18 rows=1971538 width=0) (actual time=13161.033..29615.064 rows=15198351 loops=1)
  Hash Cond: (ci.movie_id = t.id)
  ->  Seq Scan on cast_info ci  (cost=0.00..796071.18 rows=2753020 width=4) (actual time=3028.912..12763.390 rows=5578199 loops=1)
        Filter: ((person_id < 750560) AND (role_id < 2))
        Rows Removed by Filter: 30666145
  ->  Hash  (cost=502450.90..502450.90 rows=1810770 width=8) (actual time=10129.869..10129.869 rows=1865632 loops=1)
        Buckets: 131072  Batches: 32  Memory Usage: 3181kB
        ->  Hash Join  (cost=102767.86..502450.90 rows=1810770 width=8) (actual time=1907.448..9597.257 rows=1865632 loops=1)
              Hash Cond: (mi.movie_id = t.id)
              ->  Seq Scan on movie_info mi  (cost=0.00..346232.03 rows=1810770 width=4) (actual time=0.051..5562.318 rows=1865632 loops=1)
                    Filter: (info_type_id > 17)
                    Rows Removed by Filter: 12970088
              ->  Hash  (cost=61283.27..61283.27 rows=2528527 width=4) (actual time=1905.596..1905.596 rows=2528312 loops=1)
                    Buckets: 131072  Batches: 64  Memory Usage: 2425kB
                    ->  Seq Scan on title t  (cost=0.00..61283.27 rows=2528527 width=4) (actual time=0.014..1048.406 rows=2528312 loops=1)
Planning time: 1.178 ms
Execution time: 31290.567 ms
