Seq Scan on cast_info ci  (cost=0.00..705507.15 rows=30561036 width=0) (actual time=0.025..13658.501 rows=30519263 loops=1)
  Filter: (person_id < 3074854)
  Rows Removed by Filter: 5725081
Planning time: 0.333 ms
Execution time: 17495.138 ms
