Hash Join  (cost=195364.02..1296887.21 rows=2184198 width=0) (actual time=3810.123..29331.515 rows=8560493 loops=1)
  Hash Cond: (ci.movie_id = t.id)
  ->  Seq Scan on cast_info ci  (cost=0.00..614943.12 rows=36225612 width=4) (actual time=0.027..11701.742 rows=36244344 loops=1)
  ->  Hash  (cost=192862.32..192862.32 rows=152456 width=8) (actual time=3807.791..3807.791 rows=154184 loops=1)
        Buckets: 131072  Batches: 2  Memory Usage: 3998kB
        ->  Hash Join  (cost=69002.72..192862.32 rows=152456 width=8) (actual time=1081.836..3759.534 rows=154184 loops=1)
              Hash Cond: (mk.movie_id = t.id)
              ->  Seq Scan on movie_keyword mk  (cost=0.00..69693.30 rows=4523930 width=4) (actual time=0.026..1312.232 rows=4523930 loops=1)
              ->  Hash  (cost=67604.59..67604.59 rows=85211 width=4) (actual time=717.363..717.363 rows=84593 loops=1)
                    Buckets: 131072  Batches: 2  Memory Usage: 2524kB
                    ->  Seq Scan on title t  (cost=0.00..67604.59 rows=85211 width=4) (actual time=0.028..631.179 rows=84593 loops=1)
                          Filter: (production_year = 2004)
                          Rows Removed by Filter: 2443719
Planning time: 1.176 ms
Execution time: 30267.605 ms
