Hash Join  (cost=102767.86..1602988.55 rows=32616464 width=0) (actual time=1963.876..45670.922 rows=32752721 loops=1)
  Hash Cond: (ci.movie_id = t.id)
  ->  Seq Scan on cast_info ci  (cost=0.00..705507.15 rows=32616464 width=4) (actual time=0.021..17081.476 rows=32752721 loops=1)
        Filter: (person_id > 334838)
        Rows Removed by Filter: 3491623
  ->  Hash  (cost=61283.27..61283.27 rows=2528527 width=4) (actual time=1962.441..1962.441 rows=2528312 loops=1)
        Buckets: 131072  Batches: 64  Memory Usage: 2415kB
        ->  Seq Scan on title t  (cost=0.00..61283.27 rows=2528527 width=4) (actual time=0.018..1122.104 rows=2528312 loops=1)
Planning time: 3.783 ms
Execution time: 49489.197 ms
