Nested Loop  (cost=0.43..83072.90 rows=1 width=0) (actual time=32.105..1311.561 rows=11 loops=1)
  ->  Seq Scan on movie_keyword mk  (cost=0.00..81003.12 rows=246 width=4) (actual time=0.878..1268.439 rows=970 loops=1)
        Filter: (keyword_id = 3624)
        Rows Removed by Filter: 4522960
  ->  Index Scan using title_pkey on title t  (cost=0.43..8.40 rows=1 width=4) (actual time=0.043..0.043 rows=0 loops=970)
        Index Cond: (id = mk.movie_id)
        Filter: ((kind_id = 1) AND (production_year = 1997))
        Rows Removed by Filter: 1
Planning time: 0.791 ms
Execution time: 1311.687 ms
