Seq Scan on movie_keyword mk  (cost=0.00..81003.12 rows=6046 width=0) (actual time=69.678..3447.541 rows=4668 loops=1)
  Filter: (keyword_id > 129807)
  Rows Removed by Filter: 4519262
Planning time: 0.364 ms
Execution time: 3448.431 ms
