Seq Scan on movie_keyword mk  (cost=0.00..81003.12 rows=2771676 width=0) (actual time=0.023..1456.323 rows=2766993 loops=1)
  Filter: (keyword_id < 7897)
  Rows Removed by Filter: 1756937
Planning time: 0.270 ms
Execution time: 1804.218 ms
