Seq Scan on movie_keyword mk  (cost=0.00..81003.12 rows=246 width=0) (actual time=16.413..1379.025 rows=529 loops=1)
  Filter: (keyword_id = 3067)
  Rows Removed by Filter: 4523401
Planning time: 0.811 ms
Execution time: 1379.403 ms
