Seq Scan on cast_info ci  (cost=0.00..796071.18 rows=168 width=0) (actual time=8030.115..13690.345 rows=38 loops=1)
  Filter: ((role_id > 3) AND (person_id = 3197261))
  Rows Removed by Filter: 36244306
Planning time: 0.366 ms
Execution time: 13690.494 ms
