Hash Join  (cost=74369.53..441094.22 rows=206876 width=0) (actual time=1033.170..9358.174 rows=98525 loops=1)
  Hash Cond: (mi.movie_id = t.id)
  ->  Seq Scan on movie_info mi  (cost=0.00..309384.22 rows=14739122 width=4) (actual time=0.021..4387.432 rows=14835720 loops=1)
  ->  Hash  (cost=73925.90..73925.90 rows=35490 width=4) (actual time=1032.792..1032.792 rows=39698 loops=1)
        Buckets: 65536  Batches: 1  Memory Usage: 1908kB
        ->  Seq Scan on title t  (cost=0.00..73925.90 rows=35490 width=4) (actual time=0.024..1018.495 rows=39698 loops=1)
              Filter: ((kind_id = 7) AND (production_year = 2001))
              Rows Removed by Filter: 2488614
Planning time: 0.762 ms
Execution time: 9371.888 ms
