Hash Join  (cost=199549.11..1228524.39 rows=4966482 width=0) (actual time=6126.130..33913.116 rows=15324479 loops=1)
  Hash Cond: (ci.movie_id = t.id)
  ->  Seq Scan on cast_info ci  (cost=0.00..705507.15 rows=23499554 width=4) (actual time=1665.937..14776.799 rows=23573656 loops=1)
        Filter: (role_id > 1)
        Rows Removed by Filter: 12670688
  ->  Hash  (cost=190781.26..190781.26 rows=534388 width=8) (actual time=4458.783..4458.783 rows=684599 loops=1)
        Buckets: 131072 (originally 131072)  Batches: 16 (originally 8)  Memory Usage: 3073kB
        ->  Hash Join  (cost=86241.46..190781.26 rows=534388 width=8) (actual time=1674.628..4247.579 rows=684599 loops=1)
              Hash Cond: (mk.movie_id = t.id)
              ->  Seq Scan on movie_keyword mk  (cost=0.00..81003.12 rows=1189544 width=4) (actual time=0.041..1610.844 rows=1198349 loops=1)
                    Filter: (keyword_id > 15358)
                    Rows Removed by Filter: 3325581
              ->  Hash  (cost=67604.59..67604.59 rows=1135910 width=4) (actual time=1673.557..1673.557 rows=1133355 loops=1)
                    Buckets: 131072  Batches: 16  Memory Usage: 3523kB
                    ->  Seq Scan on title t  (cost=0.00..67604.59 rows=1135910 width=4) (actual time=0.021..1303.347 rows=1133355 loops=1)
                          Filter: (production_year < 2002)
                          Rows Removed by Filter: 1394957
Planning time: 1.104 ms
Execution time: 35617.925 ms
