Seq Scan on movie_companies mc  (cost=0.00..57926.93 rows=831362 width=0) (actual time=376.857..1010.058 rows=521231 loops=1)
  Filter: ((company_id < 17089) AND (company_type_id > 1))
  Rows Removed by Filter: 2087898
Planning time: 0.296 ms
Execution time: 1076.870 ms
