Nested Loop  (cost=0.43..709673.15 rows=10 width=0) (actual time=2953.377..10696.766 rows=1 loops=1)
  ->  Seq Scan on cast_info ci  (cost=0.00..705507.15 rows=500 width=4) (actual time=1959.432..10694.385 rows=120 loops=1)
        Filter: (person_id = 3453110)
        Rows Removed by Filter: 36244224
  ->  Index Scan using title_pkey on title t  (cost=0.43..8.32 rows=1 width=4) (actual time=0.019..0.019 rows=0 loops=120)
        Index Cond: (id = ci.movie_id)
        Filter: (production_year = 1999)
        Rows Removed by Filter: 1
Planning time: 0.688 ms
Execution time: 10696.854 ms
