Nested Loop  (cost=0.43..83072.29 rows=16 width=0) (actual time=43.628..1332.127 rows=53 loops=1)
  ->  Seq Scan on movie_keyword mk  (cost=0.00..81003.12 rows=246 width=4) (actual time=0.037..1261.949 rows=1674 loops=1)
        Filter: (keyword_id = 1775)
        Rows Removed by Filter: 4522256
  ->  Index Scan using title_pkey on title t  (cost=0.43..8.40 rows=1 width=4) (actual time=0.041..0.041 rows=0 loops=1674)
        Index Cond: (id = mk.movie_id)
        Filter: (production_year = 2011)
        Rows Removed by Filter: 1
Planning time: 0.818 ms
Execution time: 1332.266 ms
