Hash Join  (cost=156649.15..216875.42 rows=96109 width=0) (actual time=3443.045..4843.527 rows=264266 loops=1)
  Hash Cond: (mc.movie_id = t.id)
  ->  Seq Scan on movie_companies mc  (cost=0.00..51404.11 rows=522686 width=4) (actual time=0.022..1038.928 rows=523736 loops=1)
        Filter: (company_id < 483)
        Rows Removed by Filter: 2085393
  ->  Hash  (cost=149020.47..149020.47 rows=464934 width=8) (actual time=3442.383..3442.383 rows=460185 loops=1)
        Buckets: 131072  Batches: 8  Memory Usage: 3276kB
        ->  Hash Join  (cost=102767.86..149020.47 rows=464934 width=8) (actual time=1948.248..3298.202 rows=460185 loops=1)
              Hash Cond: (mi_idx.movie_id = t.id)
              ->  Seq Scan on movie_info_idx mi_idx  (cost=0.00..25185.44 rows=464934 width=4) (actual time=0.014..487.723 rows=460185 loops=1)
                    Filter: (info_type_id > 100)
                    Rows Removed by Filter: 919850
              ->  Hash  (cost=61283.27..61283.27 rows=2528527 width=4) (actual time=1946.772..1946.772 rows=2528312 loops=1)
                    Buckets: 131072  Batches: 64  Memory Usage: 2415kB
                    ->  Seq Scan on title t  (cost=0.00..61283.27 rows=2528527 width=4) (actual time=0.019..1111.520 rows=2528312 loops=1)
Planning time: 1.176 ms
Execution time: 4872.028 ms
