Hash Join  (cost=162743.51..870978.90 rows=679 width=0) (actual time=14343.601..15979.126 rows=12169 loops=1)
  Hash Cond: (ci.movie_id = t.id)
  ->  Seq Scan on cast_info ci  (cost=0.00..705507.15 rows=725720 width=4) (actual time=11210.403..12722.425 rows=773674 loops=1)
        Filter: (role_id = 6)
        Rows Removed by Filter: 35470670
  ->  Hash  (cost=162713.93..162713.93 rows=2367 width=8) (actual time=3132.877..3132.877 rows=14224 loops=1)
        Buckets: 16384 (originally 4096)  Batches: 1 (originally 1)  Memory Usage: 684kB
        ->  Hash Join  (cost=73962.22..162713.93 rows=2367 width=8) (actual time=1184.984..3127.553 rows=14224 loops=1)
              Hash Cond: (mk.movie_id = t.id)
              ->  Seq Scan on movie_keyword mk  (cost=0.00..81003.12 rows=2059977 width=4) (actual time=0.035..1599.914 rows=2074639 loops=1)
                    Filter: (keyword_id < 3673)
                    Rows Removed by Filter: 2449291
              ->  Hash  (cost=73925.90..73925.90 rows=2905 width=4) (actual time=1184.685..1184.685 rows=6735 loops=1)
                    Buckets: 8192 (originally 4096)  Batches: 1 (originally 1)  Memory Usage: 301kB
                    ->  Seq Scan on title t  (cost=0.00..73925.90 rows=2905 width=4) (actual time=0.497..1181.334 rows=6735 loops=1)
                          Filter: ((kind_id < 7) AND (production_year = 1980))
                          Rows Removed by Filter: 2521577
Planning time: 1.236 ms
Execution time: 15980.899 ms
