Seq Scan on cast_info ci  (cost=0.00..796071.18 rows=9127302 width=0) (actual time=0.022..14186.918 rows=14242235 loops=1)
  Filter: ((person_id > 2239633) AND (role_id > 1))
  Rows Removed by Filter: 22002109
Planning time: 0.878 ms
Execution time: 15951.850 ms
