Hash Join  (cost=102767.86..224334.06 rows=1275143 width=0) (actual time=1962.661..4648.061 rows=1282682 loops=1)
  Hash Cond: (mk.movie_id = t.id)
  ->  Seq Scan on movie_keyword mk  (cost=0.00..81003.12 rows=1275143 width=4) (actual time=0.024..1309.242 rows=1282682 loops=1)
        Filter: (keyword_id > 13784)
        Rows Removed by Filter: 3241248
  ->  Hash  (cost=61283.27..61283.27 rows=2528527 width=4) (actual time=1961.855..1961.855 rows=2528312 loops=1)
        Buckets: 131072  Batches: 64  Memory Usage: 2425kB
        ->  Seq Scan on title t  (cost=0.00..61283.27 rows=2528527 width=4) (actual time=0.022..1073.281 rows=2528312 loops=1)
Planning time: 0.733 ms
Execution time: 4799.772 ms
