Nested Loop  (cost=0.43..796985.13 rows=24 width=0) (actual time=3117.305..13061.946 rows=31 loops=1)
  ->  Seq Scan on cast_info ci  (cost=0.00..796071.18 rows=108 width=4) (actual time=3116.940..13061.248 rows=38 loops=1)
        Filter: ((role_id > 6) AND (person_id = 3571311))
        Rows Removed by Filter: 36244306
  ->  Index Scan using title_pkey on title t  (cost=0.43..8.45 rows=1 width=4) (actual time=0.016..0.016 rows=1 loops=38)
        Index Cond: (id = ci.movie_id)
        Filter: ((production_year > 2006) AND (kind_id = 7))
        Rows Removed by Filter: 0
Planning time: 0.779 ms
Execution time: 13062.065 ms
