Hash Join  (cost=102767.86..1329906.03 rows=21267632 width=0) (actual time=2096.482..37947.595 rows=21391591 loops=1)
  Hash Cond: (ci.movie_id = t.id)
  ->  Seq Scan on cast_info ci  (cost=0.00..705507.15 rows=21267632 width=4) (actual time=72.132..15216.806 rows=21391591 loops=1)
        Filter: (person_id > 1465604)
        Rows Removed by Filter: 14852753
  ->  Hash  (cost=61283.27..61283.27 rows=2528527 width=4) (actual time=2022.124..2022.124 rows=2528312 loops=1)
        Buckets: 131072  Batches: 64  Memory Usage: 2415kB
        ->  Seq Scan on title t  (cost=0.00..61283.27 rows=2528527 width=4) (actual time=0.024..1171.507 rows=2528312 loops=1)
Planning time: 0.737 ms
Execution time: 40345.232 ms
