Seq Scan on movie_keyword mk  (cost=0.00..81003.12 rows=2964381 width=0) (actual time=0.021..1477.400 rows=2957743 loops=1)
  Filter: (keyword_id > 2354)
  Rows Removed by Filter: 1566187
Planning time: 0.319 ms
Execution time: 1840.940 ms
