Hash Join  (cost=212104.68..736977.95 rows=2496947 width=0) (actual time=4341.889..16497.258 rows=703141 loops=1)
  Hash Cond: (mi.movie_id = t.id)
  ->  Seq Scan on movie_info mi  (cost=0.00..309384.22 rows=14739122 width=4) (actual time=0.013..5999.352 rows=14835720 loops=1)
  ->  Hash  (cost=205076.23..205076.23 rows=428356 width=8) (actual time=4339.502..4339.502 rows=84368 loops=1)
        Buckets: 131072  Batches: 8  Memory Usage: 1473kB
        ->  Hash Join  (cost=77854.63..205076.23 rows=428356 width=8) (actual time=2275.029..4311.319 rows=84368 loops=1)
              Hash Cond: (mk.movie_id = t.id)
              ->  Seq Scan on movie_keyword mk  (cost=0.00..69693.30 rows=4523930 width=4) (actual time=0.024..1381.601 rows=4523930 loops=1)
              ->  Hash  (cost=73925.90..73925.90 rows=239418 width=4) (actual time=1220.544..1220.544 rows=256906 loops=1)
                    Buckets: 131072  Batches: 4  Memory Usage: 3302kB
                    ->  Seq Scan on title t  (cost=0.00..73925.90 rows=239418 width=4) (actual time=350.317..1131.744 rows=256906 loops=1)
                          Filter: ((production_year > 2010) AND (kind_id = 7))
                          Rows Removed by Filter: 2271406
Planning time: 1.182 ms
Execution time: 16582.213 ms
