Nested Loop  (cost=0.43..83071.67 rows=246 width=0) (actual time=0.261..1328.547 rows=366 loops=1)
  ->  Seq Scan on movie_keyword mk  (cost=0.00..81003.12 rows=246 width=4) (actual time=0.207..1313.327 rows=366 loops=1)
        Filter: (keyword_id = 5489)
        Rows Removed by Filter: 4523564
  ->  Index Only Scan using title_pkey on title t  (cost=0.43..8.40 rows=1 width=4) (actual time=0.038..0.039 rows=1 loops=366)
        Index Cond: (id = mk.movie_id)
        Heap Fetches: 366
Planning time: 0.754 ms
Execution time: 1328.833 ms
