Hash Join  (cost=67976.49..95049.35 rows=16238 width=0) (actual time=2378.944..3697.474 rows=21438 loops=1)
  Hash Cond: (mi_idx.movie_id = t.id)
  ->  Seq Scan on movie_info_idx mi_idx  (cost=0.00..21735.35 rows=1380035 width=4) (actual time=0.011..883.957 rows=1380035 loops=1)
  ->  Hash  (cost=67604.59..67604.59 rows=29752 width=4) (actual time=2378.712..2378.712 rows=30027 loops=1)
        Buckets: 32768  Batches: 1  Memory Usage: 1312kB
        ->  Seq Scan on title t  (cost=0.00..67604.59 rows=29752 width=4) (actual time=0.095..2365.163 rows=30027 loops=1)
              Filter: (production_year = 1994)
              Rows Removed by Filter: 2498285
Planning time: 9.882 ms
Execution time: 3700.780 ms
