Hash Join  (cost=83074.74..447745.01 rows=1434 width=0) (actual time=1299.952..8479.024 rows=41238 loops=1)
  Hash Cond: (mi.movie_id = t.id)
  ->  Seq Scan on movie_info mi  (cost=0.00..309384.22 rows=14739122 width=4) (actual time=0.007..4445.404 rows=14835720 loops=1)
  ->  Hash  (cost=83071.67..83071.67 rows=246 width=8) (actual time=1299.807..1299.807 rows=403 loops=1)
        Buckets: 1024  Batches: 1  Memory Usage: 24kB
        ->  Nested Loop  (cost=0.43..83071.67 rows=246 width=8) (actual time=0.179..1299.376 rows=403 loops=1)
              ->  Seq Scan on movie_keyword mk  (cost=0.00..81003.12 rows=246 width=4) (actual time=0.107..1283.321 rows=403 loops=1)
                    Filter: (keyword_id = 16687)
                    Rows Removed by Filter: 4523527
              ->  Index Only Scan using title_pkey on title t  (cost=0.43..8.40 rows=1 width=4) (actual time=0.037..0.037 rows=1 loops=403)
                    Index Cond: (id = mk.movie_id)
                    Heap Fetches: 403
Planning time: 1.165 ms
Execution time: 8485.591 ms
