Hash Join  (cost=150473.50..650792.45 rows=1922404 width=0) (actual time=3565.987..16216.655 rows=2415131 loops=1)
  Hash Cond: (mi.movie_id = t.id)
  ->  Seq Scan on movie_info mi  (cost=0.00..309384.22 rows=14739122 width=4) (actual time=0.024..6022.199 rows=14835720 loops=1)
  ->  Hash  (cost=145062.10..145062.10 rows=329792 width=8) (actual time=3564.949..3564.949 rows=249986 loops=1)
        Buckets: 131072  Batches: 8  Memory Usage: 2254kB
        ->  Hash Join  (cost=103604.85..145062.10 rows=329792 width=8) (actual time=2313.097..3481.026 rows=249986 loops=1)
              Hash Cond: (mi_idx.movie_id = t.id)
              ->  Seq Scan on movie_info_idx mi_idx  (cost=0.00..25185.44 rows=460978 width=4) (actual time=0.017..497.170 rows=459925 loops=1)
                    Filter: (info_type_id = 99)
                    Rows Removed by Filter: 920110
              ->  Hash  (cost=73925.90..73925.90 rows=1808956 width=4) (actual time=2311.904..2311.904 rows=1799907 loops=1)
                    Buckets: 131072  Batches: 32  Memory Usage: 3007kB
                    ->  Seq Scan on title t  (cost=0.00..73925.90 rows=1808956 width=4) (actual time=0.022..1449.300 rows=1799907 loops=1)
                          Filter: ((kind_id > 1) AND (production_year > 0))
                          Rows Removed by Filter: 728405
Planning time: 1.205 ms
Execution time: 16457.165 ms
