Hash Join  (cost=174251.31..545671.32 rows=81689 width=0) (actual time=5160.062..10437.648 rows=469015 loops=1)
  Hash Cond: (mi.movie_id = t.id)
  ->  Seq Scan on movie_info mi  (cost=0.00..346232.03 rows=2073893 width=4) (actual time=1953.629..5743.159 rows=2091068 loops=1)
        Filter: (info_type_id < 3)
        Rows Removed by Filter: 12744652
  ->  Hash  (cost=172616.36..172616.36 rows=99596 width=8) (actual time=3205.416..3205.416 rows=232074 loops=1)
        Buckets: 131072 (originally 131072)  Batches: 4 (originally 2)  Memory Usage: 3316kB
        ->  Hash Join  (cost=83810.17..172616.36 rows=99596 width=8) (actual time=1415.913..3118.739 rows=232074 loops=1)
              Hash Cond: (mk.movie_id = t.id)
              ->  Seq Scan on movie_keyword mk  (cost=0.00..81003.12 rows=254961 width=4) (actual time=0.036..1288.694 rows=272446 loops=1)
                    Filter: (keyword_id < 231)
                    Rows Removed by Filter: 4251484
              ->  Hash  (cost=67604.59..67604.59 rows=987727 width=4) (actual time=1415.112..1415.112 rows=985048 loops=1)
                    Buckets: 131072  Batches: 16  Memory Usage: 3197kB
                    ->  Seq Scan on title t  (cost=0.00..67604.59 rows=987727 width=4) (actual time=0.018..1092.141 rows=985048 loops=1)
                          Filter: (kind_id < 7)
                          Rows Removed by Filter: 1543264
Planning time: 1.143 ms
Execution time: 10488.568 ms
