Seq Scan on movie_keyword mk  (cost=0.00..81003.12 rows=2555820 width=0) (actual time=0.015..1264.751 rows=2550010 loops=1)
  Filter: (keyword_id > 3460)
  Rows Removed by Filter: 1973920
Planning time: 0.210 ms
Execution time: 1555.074 ms
