Seq Scan on movie_keyword mk  (cost=0.00..81003.12 rows=246 width=0) (actual time=14.496..1238.454 rows=116 loops=1)
  Filter: (keyword_id = 5719)
  Rows Removed by Filter: 4523814
Planning time: 0.354 ms
Execution time: 1238.616 ms
