Hash Join  (cost=102767.86..790312.80 rows=13773841 width=0) (actual time=1938.631..21024.183 rows=13809504 loops=1)
  Hash Cond: (mi.movie_id = t.id)
  ->  Seq Scan on movie_info mi  (cost=0.00..346232.03 rows=13773841 width=4) (actual time=0.022..7482.595 rows=13809504 loops=1)
        Filter: (info_type_id < 85)
        Rows Removed by Filter: 1026216
  ->  Hash  (cost=61283.27..61283.27 rows=2528527 width=4) (actual time=1937.679..1937.679 rows=2528312 loops=1)
        Buckets: 131072  Batches: 64  Memory Usage: 2425kB
        ->  Seq Scan on title t  (cost=0.00..61283.27 rows=2528527 width=4) (actual time=0.020..1090.947 rows=2528312 loops=1)
Planning time: 0.691 ms
Execution time: 22617.025 ms
