Hash Join  (cost=95609.14..268273.54 rows=2932856 width=0) (actual time=1932.631..6896.936 rows=2533251 loops=1)
  Hash Cond: (mk.movie_id = t.id)
  ->  Seq Scan on movie_keyword mk  (cost=0.00..81003.12 rows=4344543 width=4) (actual time=0.016..1800.148 rows=4347276 loops=1)
        Filter: (keyword_id < 71762)
        Rows Removed by Filter: 176654
  ->  Hash  (cost=67604.59..67604.59 rows=1706924 width=4) (actual time=1931.635..1931.635 rows=1700316 loops=1)
        Buckets: 131072  Batches: 32  Memory Usage: 2903kB
        ->  Seq Scan on title t  (cost=0.00..67604.59 rows=1706924 width=4) (actual time=0.023..1352.016 rows=1700316 loops=1)
              Filter: (production_year > 1992)
              Rows Removed by Filter: 827996
Planning time: 0.745 ms
Execution time: 7194.327 ms
