Hash Join  (cost=93038.76..1070145.32 rows=5028523 width=0) (actual time=1785.597..25250.634 rows=5605289 loops=1)
  Hash Cond: (ci.movie_id = t.id)
  ->  Seq Scan on cast_info ci  (cost=0.00..796071.18 rows=10914441 width=4) (actual time=0.128..14232.797 rows=11922919 loops=1)
        Filter: ((person_id < 1228728) AND (role_id < 10))
        Rows Removed by Filter: 24321425
  ->  Hash  (cost=73925.90..73925.90 rows=1164948 width=4) (actual time=1784.368..1784.368 rows=1252934 loops=1)
        Buckets: 131072  Batches: 16  Memory Usage: 3788kB
        ->  Seq Scan on title t  (cost=0.00..73925.90 rows=1164948 width=4) (actual time=156.436..1394.764 rows=1252934 loops=1)
              Filter: ((production_year > 1982) AND (kind_id = 7))
              Rows Removed by Filter: 1275378
Planning time: 0.794 ms
Execution time: 25789.399 ms
