Hash Join  (cost=190230.21..341270.27 rows=2072924 width=0) (actual time=4401.976..10058.227 rows=8735346 loops=1)
  Hash Cond: (mk.movie_id = t.id)
  ->  Seq Scan on movie_keyword mk  (cost=0.00..81003.12 rows=3798052 width=4) (actual time=0.047..1777.618 rows=3790622 loops=1)
        Filter: (keyword_id < 25661)
        Rows Removed by Filter: 733308
  ->  Hash  (cost=167588.78..167588.78 rows=1380035 width=8) (actual time=4401.252..4401.252 rows=1380035 loops=1)
        Buckets: 131072  Batches: 32  Memory Usage: 2726kB
        ->  Hash Join  (cost=102767.86..167588.78 rows=1380035 width=8) (actual time=1974.702..3983.809 rows=1380035 loops=1)
              Hash Cond: (mi_idx.movie_id = t.id)
              ->  Seq Scan on movie_info_idx mi_idx  (cost=0.00..21735.35 rows=1380035 width=4) (actual time=0.020..492.974 rows=1380035 loops=1)
              ->  Hash  (cost=61283.27..61283.27 rows=2528527 width=4) (actual time=1972.997..1972.997 rows=2528312 loops=1)
                    Buckets: 131072  Batches: 64  Memory Usage: 2415kB
                    ->  Seq Scan on title t  (cost=0.00..61283.27 rows=2528527 width=4) (actual time=0.015..1109.119 rows=2528312 loops=1)
Planning time: 1.131 ms
Execution time: 11028.436 ms
