Hash Join  (cost=73950.44..100881.61 rows=361 width=0) (actual time=981.186..1482.763 rows=2264 loops=1)
  Hash Cond: (mi_idx.movie_id = t.id)
  ->  Seq Scan on movie_info_idx mi_idx  (cost=0.00..25185.44 rows=464566 width=4) (actual time=0.009..416.130 rows=459925 loops=1)
        Filter: (info_type_id = 101)
        Rows Removed by Filter: 920110
  ->  Hash  (cost=73925.90..73925.90 rows=1963 width=4) (actual time=981.053..981.053 rows=4682 loops=1)
        Buckets: 8192 (originally 2048)  Batches: 1 (originally 1)  Memory Usage: 229kB
        ->  Seq Scan on title t  (cost=0.00..73925.90 rows=1963 width=4) (actual time=0.471..979.101 rows=4682 loops=1)
              Filter: ((kind_id = 1) AND (production_year = 1987))
              Rows Removed by Filter: 2523630
Planning time: 0.809 ms
Execution time: 1483.409 ms
