Seq Scan on cast_info ci  (cost=0.00..705507.15 rows=31147953 width=0) (actual time=0.018..13199.997 rows=31283412 loops=1)
  Filter: (person_id > 481230)
  Rows Removed by Filter: 4960932
Planning time: 0.330 ms
Execution time: 17073.128 ms
