Hash Join  (cost=130446.04..506406.55 rows=159003 width=0) (actual time=3034.905..9928.869 rows=106765 loops=1)
  Hash Cond: (mi.movie_id = t.id)
  ->  Seq Scan on movie_info mi  (cost=0.00..346232.03 rows=7503588 width=4) (actual time=431.772..5852.279 rows=7548855 loops=1)
        Filter: (info_type_id > 7)
        Rows Removed by Filter: 7286865
  ->  Hash  (cost=129776.29..129776.29 rows=53580 width=8) (actual time=2602.087..2602.087 rows=16601 loops=1)
        Buckets: 65536  Batches: 1  Memory Usage: 1161kB
        ->  Hash Join  (cost=74574.97..129776.29 rows=53580 width=8) (actual time=1330.908..2595.641 rows=16601 loops=1)
              Hash Cond: (mc.movie_id = t.id)
              ->  Seq Scan on movie_companies mc  (cost=0.00..44881.29 rows=2609129 width=4) (actual time=0.035..679.608 rows=2609129 loops=1)
              ->  Hash  (cost=73925.90..73925.90 rows=51925 width=4) (actual time=1170.552..1170.552 rows=56480 loops=1)
                    Buckets: 65536  Batches: 1  Memory Usage: 2498kB
                    ->  Seq Scan on title t  (cost=0.00..73925.90 rows=51925 width=4) (actual time=0.034..1147.297 rows=56480 loops=1)
                          Filter: ((kind_id = 7) AND (production_year = 2004))
                          Rows Removed by Filter: 2471832
Planning time: 1.213 ms
Execution time: 9943.454 ms
