Seq Scan on movie_companies mc  (cost=0.00..51404.11 rows=2070584 width=0) (actual time=0.030..1000.019 rows=2072116 loops=1)
  Filter: (company_id > 521)
  Rows Removed by Filter: 537013
Planning time: 0.743 ms
Execution time: 1248.414 ms
