Hash Join  (cost=83072.47..137738.15 rows=15 width=0) (actual time=1349.500..2460.958 rows=1473 loops=1)
  Hash Cond: (mc.movie_id = t.id)
  ->  Seq Scan on movie_companies mc  (cost=0.00..44881.29 rows=2609129 width=4) (actual time=0.019..650.618 rows=2609129 loops=1)
  ->  Hash  (cost=83072.29..83072.29 rows=15 width=8) (actual time=1348.902..1348.902 rows=177 loops=1)
        Buckets: 1024  Batches: 1  Memory Usage: 15kB
        ->  Nested Loop  (cost=0.43..83072.29 rows=15 width=8) (actual time=16.463..1348.649 rows=177 loops=1)
              ->  Seq Scan on movie_keyword mk  (cost=0.00..81003.12 rows=246 width=4) (actual time=0.248..1273.012 rows=1535 loops=1)
                    Filter: (keyword_id = 2193)
                    Rows Removed by Filter: 4522395
              ->  Index Scan using title_pkey on title t  (cost=0.43..8.40 rows=1 width=4) (actual time=0.048..0.048 rows=0 loops=1535)
                    Index Cond: (id = mk.movie_id)
                    Filter: (production_year < 1948)
                    Rows Removed by Filter: 1
Planning time: 1.114 ms
Execution time: 2461.396 ms
