Seq Scan on movie_keyword mk  (cost=0.00..81003.12 rows=2969703 width=0) (actual time=0.020..1468.648 rows=2955259 loops=1)
  Filter: (keyword_id < 9987)
  Rows Removed by Filter: 1568671
Planning time: 0.262 ms
Execution time: 1827.703 ms
