Hash Join  (cost=93569.21..230132.68 rows=1478358 width=0) (actual time=7668.368..11070.532 rows=349198 loops=1)
  Hash Cond: (mk.movie_id = t.id)
  ->  Seq Scan on movie_keyword mk  (cost=0.00..81003.12 rows=3122072 width=4) (actual time=0.020..4133.520 rows=3108096 loops=1)
        Filter: (keyword_id < 11798)
        Rows Removed by Filter: 1415834
  ->  Hash  (cost=73925.90..73925.90 rows=1197304 width=4) (actual time=4872.127..4872.127 rows=1285057 loops=1)
        Buckets: 131072  Batches: 16  Memory Usage: 3864kB
        ->  Seq Scan on title t  (cost=0.00..73925.90 rows=1197304 width=4) (actual time=688.824..4038.331 rows=1285057 loops=1)
              Filter: ((production_year > 1978) AND (kind_id = 7))
              Rows Removed by Filter: 1243255
Planning time: 4.646 ms
Execution time: 11117.156 ms
