Seq Scan on cast_info ci  (cost=0.00..796071.18 rows=7995949 width=0) (actual time=0.075..13189.228 rows=4926184 loops=1)
  Filter: ((person_id < 1755816) AND (role_id > 2))
  Rows Removed by Filter: 31318160
Planning time: 0.400 ms
Execution time: 13800.835 ms
