Seq Scan on cast_info ci  (cost=0.00..705507.15 rows=500 width=0) (actual time=3915.732..10692.309 rows=53 loops=1)
  Filter: (person_id = 3278270)
  Rows Removed by Filter: 36244291
Planning time: 0.375 ms
Execution time: 10692.411 ms
