Seq Scan on movie_keyword mk  (cost=0.00..81003.12 rows=2066992 width=0) (actual time=0.014..4004.984 rows=2082451 loops=1)
  Filter: (keyword_id < 3696)
  Rows Removed by Filter: 2441479
Planning time: 1.343 ms
Execution time: 4367.693 ms
