Hash Join  (cost=200429.18..584826.25 rows=203232 width=0) (actual time=7869.172..10880.552 rows=965589 loops=1)
  Hash Cond: (mi.movie_id = t.id)
  ->  Seq Scan on movie_info mi  (cost=0.00..346232.03 rows=3068194 width=4) (actual time=3983.988..5500.143 rows=3036719 loops=1)
        Filter: (info_type_id = 16)
        Rows Removed by Filter: 11799001
  ->  Hash  (cost=197680.61..197680.61 rows=167485 width=8) (actual time=3884.257..3884.257 rows=182426 loops=1)
        Buckets: 131072  Batches: 4  Memory Usage: 2838kB
        ->  Hash Join  (cost=102767.86..197680.61 rows=167485 width=8) (actual time=1958.550..3824.307 rows=182426 loops=1)
              Hash Cond: (mk.movie_id = t.id)
              ->  Seq Scan on movie_keyword mk  (cost=0.00..81003.12 rows=167485 width=4) (actual time=0.036..1297.779 rows=182426 loops=1)
                    Filter: (keyword_id < 135)
                    Rows Removed by Filter: 4341504
              ->  Hash  (cost=61283.27..61283.27 rows=2528527 width=4) (actual time=1957.290..1957.290 rows=2528312 loops=1)
                    Buckets: 131072  Batches: 64  Memory Usage: 2425kB
                    ->  Seq Scan on title t  (cost=0.00..61283.27 rows=2528527 width=4) (actual time=0.020..1069.656 rows=2528312 loops=1)
Planning time: 1.187 ms
Execution time: 10996.571 ms
