Seq Scan on movie_companies mc  (cost=0.00..57926.93 rows=488506 width=0) (actual time=544.043..904.690 rows=184579 loops=1)
  Filter: ((company_id > 16516) AND (company_type_id < 2))
  Rows Removed by Filter: 2424550
Planning time: 0.387 ms
Execution time: 927.674 ms
