Seq Scan on cast_info ci  (cost=0.00..705507.15 rows=3279196 width=0) (actual time=0.026..11453.854 rows=3305662 loops=1)
  Filter: (person_id > 3453817)
  Rows Removed by Filter: 32938682
Planning time: 0.344 ms
Execution time: 11864.233 ms
