Hash Join  (cost=69928.56..1010469.38 rows=1083177 width=0) (actual time=1032.908..23377.000 rows=1337818 loops=1)
  Hash Cond: (ci.movie_id = t.id)
  ->  Seq Scan on cast_info ci  (cost=0.00..705507.15 rows=19342372 width=4) (actual time=0.019..14281.257 rows=19493341 loops=1)
        Filter: (person_id > 1657149)
        Rows Removed by Filter: 16751003
  ->  Hash  (cost=67604.59..67604.59 rows=141598 width=4) (actual time=1031.963..1031.963 rows=141703 loops=1)
        Buckets: 131072  Batches: 2  Memory Usage: 3511kB
        ->  Seq Scan on title t  (cost=0.00..67604.59 rows=141598 width=4) (actual time=0.018..979.519 rows=141703 loops=1)
              Filter: (production_year = 2010)
              Rows Removed by Filter: 2386609
Planning time: 2.096 ms
Execution time: 23548.012 ms
