Hash Join  (cost=132809.63..521623.32 rows=89980 width=0) (actual time=2121.716..10897.303 rows=528522 loops=1)
  Hash Cond: (mi.movie_id = t.id)
  ->  Seq Scan on movie_info mi  (cost=0.00..346232.03 rows=11115165 width=4) (actual time=0.027..6128.447 rows=11210743 loops=1)
        Filter: (info_type_id > 3)
        Rows Removed by Filter: 3624977
  ->  Hash  (cost=132553.77..132553.77 rows=20469 width=8) (actual time=2087.727..2087.727 rows=48158 loops=1)
        Buckets: 65536 (originally 32768)  Batches: 1 (originally 1)  Memory Usage: 2394kB
        ->  Hash Join  (cost=76444.38..132553.77 rows=20469 width=8) (actual time=1065.066..2071.160 rows=48158 loops=1)
              Hash Cond: (mc.movie_id = t.id)
              ->  Seq Scan on movie_companies mc  (cost=0.00..51404.11 rows=337223 width=4) (actual time=0.019..826.185 rows=339635 loops=1)
                    Filter: (company_id > 89365)
                    Rows Removed by Filter: 2269494
              ->  Hash  (cost=73925.90..73925.90 rows=153478 width=4) (actual time=1064.252..1064.252 rows=134760 loops=1)
                    Buckets: 131072  Batches: 4  Memory Usage: 2216kB
                    ->  Seq Scan on title t  (cost=0.00..73925.90 rows=153478 width=4) (actual time=0.027..1018.388 rows=134760 loops=1)
                          Filter: ((kind_id < 7) AND (production_year > 2010))
                          Rows Removed by Filter: 2393552
Planning time: 1.315 ms
Execution time: 10965.107 ms
