Hash Join  (cost=52284.99..79196.04 rows=57 width=0) (actual time=883.755..1460.097 rows=666 loops=1)
  Hash Cond: (mi_idx.movie_id = t.id)
  ->  Seq Scan on movie_info_idx mi_idx  (cost=0.00..21735.35 rows=1380035 width=4) (actual time=0.026..344.189 rows=1380035 loops=1)
  ->  Hash  (cost=52283.69..52283.69 rows=104 width=8) (actual time=854.898..854.898 rows=288 loops=1)
        Buckets: 1024  Batches: 1  Memory Usage: 20kB
        ->  Nested Loop  (cost=0.43..52283.69 rows=104 width=8) (actual time=109.960..854.692 rows=288 loops=1)
              ->  Seq Scan on movie_companies mc  (cost=0.00..51404.11 rows=104 width=4) (actual time=109.867..843.522 rows=288 loops=1)
                    Filter: (company_id = 48654)
                    Rows Removed by Filter: 2608841
              ->  Index Only Scan using title_pkey on title t  (cost=0.43..8.45 rows=1 width=4) (actual time=0.037..0.037 rows=1 loops=288)
                    Index Cond: (id = mc.movie_id)
                    Heap Fetches: 288
Planning time: 2.544 ms
Execution time: 1460.354 ms
