Hash Join  (cost=101489.21..187075.57 rows=762679 width=0) (actual time=2296.628..4148.453 rows=542721 loops=1)
  Hash Cond: (mc.movie_id = t.id)
  ->  Seq Scan on movie_companies mc  (cost=0.00..57926.93 rows=933727 width=4) (actual time=0.016..1025.471 rows=617593 loops=1)
        Filter: ((company_id < 32380) AND (company_type_id > 1))
        Rows Removed by Filter: 1991536
  ->  Hash  (cost=67604.59..67604.59 rows=2065330 width=4) (actual time=2295.355..2295.355 rows=2064552 loops=1)
        Buckets: 131072  Batches: 32  Memory Usage: 3289kB
        ->  Seq Scan on title t  (cost=0.00..67604.59 rows=2065330 width=4) (actual time=0.035..1372.311 rows=2064552 loops=1)
              Filter: (production_year < 2011)
              Rows Removed by Filter: 463760
Planning time: 0.797 ms
Execution time: 4204.317 ms
