Hash Join  (cost=119785.54..246751.60 rows=407402 width=0) (actual time=2549.858..6054.164 rows=2506988 loops=1)
  Hash Cond: (mk.movie_id = t.id)
  ->  Seq Scan on movie_keyword mk  (cost=0.00..69693.30 rows=4523930 width=4) (actual time=0.023..1390.459 rows=4523930 loops=1)
  ->  Hash  (cost=116049.22..116049.22 rows=227706 width=8) (actual time=2548.862..2548.862 rows=245859 loops=1)
        Buckets: 131072  Batches: 4  Memory Usage: 3440kB
        ->  Hash Join  (cost=74449.67..116049.22 rows=227706 width=8) (actual time=1285.816..2477.066 rows=245859 loops=1)
              Hash Cond: (mi_idx.movie_id = t.id)
              ->  Seq Scan on movie_info_idx mi_idx  (cost=0.00..21735.35 rows=1380035 width=4) (actual time=0.024..481.559 rows=1380035 loops=1)
              ->  Hash  (cost=67604.59..67604.59 rows=417207 width=4) (actual time=1284.943..1284.943 rows=409495 loops=1)
                    Buckets: 131072  Batches: 8  Memory Usage: 2821kB
                    ->  Seq Scan on title t  (cost=0.00..67604.59 rows=417207 width=4) (actual time=0.016..1152.014 rows=409495 loops=1)
                          Filter: (production_year < 1973)
                          Rows Removed by Filter: 2118817
Planning time: 6.272 ms
Execution time: 6308.042 ms
