Hash Join  (cost=156869.74..523257.74 rows=173206 width=0) (actual time=3127.353..11555.781 rows=1810447 loops=1)
  Hash Cond: (mi.movie_id = t.id)
  ->  Seq Scan on movie_info mi  (cost=0.00..309384.22 rows=14739122 width=4) (actual time=0.018..4514.739 rows=14835720 loops=1)
  ->  Hash  (cost=156498.32..156498.32 rows=29714 width=8) (actual time=3126.852..3126.852 rows=32363 loops=1)
        Buckets: 32768  Batches: 1  Memory Usage: 1521kB
        ->  Hash Join  (cost=68100.81..156498.32 rows=29714 width=8) (actual time=1272.806..3115.589 rows=32363 loops=1)
              Hash Cond: (mk.movie_id = t.id)
              ->  Seq Scan on movie_keyword mk  (cost=0.00..81003.12 rows=1892598 width=4) (actual time=0.026..1480.938 rows=1905665 loops=1)
                    Filter: (keyword_id < 3266)
                    Rows Removed by Filter: 2618265
              ->  Hash  (cost=67604.59..67604.59 rows=39698 width=4) (actual time=1271.929..1271.929 rows=36437 loops=1)
                    Buckets: 65536  Batches: 1  Memory Usage: 1793kB
                    ->  Seq Scan on title t  (cost=0.00..67604.59 rows=39698 width=4) (actual time=0.053..1256.241 rows=36437 loops=1)
                          Filter: (production_year = 1995)
                          Rows Removed by Filter: 2491875
Planning time: 1.612 ms
Execution time: 11789.629 ms
