Seq Scan on cast_info ci  (cost=0.00..705507.15 rows=27466100 width=0) (actual time=0.016..14056.339 rows=27601739 loops=1)
  Filter: (person_id > 850371)
  Rows Removed by Filter: 8642605
Planning time: 0.250 ms
Execution time: 17521.867 ms
