Seq Scan on movie_keyword mk  (cost=0.00..81003.12 rows=1894507 width=0) (actual time=0.017..1383.830 rows=1900465 loops=1)
  Filter: (keyword_id > 7105)
  Rows Removed by Filter: 2623465
Planning time: 0.334 ms
Execution time: 1620.899 ms
