Hash Join  (cost=78917.17..431230.27 rows=46101 width=0) (actual time=3152.900..6873.984 rows=158140 loops=1)
  Hash Cond: (mi.movie_id = t.id)
  ->  Seq Scan on movie_info mi  (cost=0.00..346232.03 rows=383217 width=4) (actual time=1794.804..5274.017 rows=368218 loops=1)
        Filter: (info_type_id = 17)
        Rows Removed by Filter: 14467502
  ->  Hash  (cost=73925.90..73925.90 rows=304181 width=4) (actual time=1304.724..1304.724 rows=422218 loops=1)
        Buckets: 131072 (originally 131072)  Batches: 8 (originally 4)  Memory Usage: 3073kB
        ->  Seq Scan on title t  (cost=0.00..73925.90 rows=304181 width=4) (actual time=0.062..1165.746 rows=422218 loops=1)
              Filter: ((kind_id < 7) AND (production_year < 1994))
              Rows Removed by Filter: 2106094
Planning time: 0.806 ms
Execution time: 6894.424 ms
