Hash Join  (cost=103088.83..855215.26 rows=133732 width=0) (actual time=1925.956..18554.942 rows=139908 loops=1)
  Hash Cond: (ci.movie_id = t.id)
  ->  Seq Scan on cast_info ci  (cost=0.00..614943.12 rows=36225612 width=4) (actual time=0.005..9135.233 rows=36244344 loops=1)
  ->  Hash  (cost=102972.16..102972.16 rows=9334 width=8) (actual time=1925.762..1925.762 rows=4360 loops=1)
        Buckets: 16384  Batches: 1  Memory Usage: 299kB
        ->  Hash Join  (cost=74246.92..102972.16 rows=9334 width=8) (actual time=1208.664..1923.846 rows=4360 loops=1)
              Hash Cond: (mi_idx.movie_id = t.id)
              ->  Seq Scan on movie_info_idx mi_idx  (cost=0.00..25185.44 rows=919057 width=4) (actual time=0.020..525.375 rows=920110 loops=1)
                    Filter: (info_type_id > 99)
                    Rows Removed by Filter: 459925
              ->  Hash  (cost=73925.90..73925.90 rows=25681 width=4) (actual time=1208.281..1208.281 rows=23707 loops=1)
                    Buckets: 32768  Batches: 1  Memory Usage: 1090kB
                    ->  Seq Scan on title t  (cost=0.00..73925.90 rows=25681 width=4) (actual time=0.788..1198.752 rows=23707 loops=1)
                          Filter: ((kind_id < 7) AND (production_year = 2013))
                          Rows Removed by Filter: 2504605
Planning time: 2.466 ms
Execution time: 18581.388 ms
