Hash Join  (cost=81987.19..959456.80 rows=1143441 width=0) (actual time=30603.720..51321.926 rows=598776 loops=1)
  Hash Cond: (ci.movie_id = t.id)
  ->  Seq Scan on cast_info ci  (cost=0.00..796071.18 rows=5884804 width=4) (actual time=27254.867..43013.280 rows=7155821 loops=1)
        Filter: ((person_id > 1106940) AND (role_id > 5))
        Rows Removed by Filter: 29088523
  ->  Hash  (cost=73925.90..73925.90 rows=491303 width=4) (actual time=3346.193..3346.193 rows=352208 loops=1)
        Buckets: 131072  Batches: 8  Memory Usage: 2561kB
        ->  Seq Scan on title t  (cost=0.00..73925.90 rows=491303 width=4) (actual time=0.048..3205.120 rows=352208 loops=1)
              Filter: ((kind_id > 1) AND (production_year < 1989))
              Rows Removed by Filter: 2176104
Planning time: 1.351 ms
Execution time: 51410.298 ms
