Hash Join  (cost=85777.42..200210.76 rows=799621 width=0) (actual time=1615.015..4566.482 rows=593271 loops=1)
  Hash Cond: (mk.movie_id = t.id)
  ->  Seq Scan on movie_keyword mk  (cost=0.00..81003.12 rows=1825334 width=4) (actual time=0.015..1550.738 rows=1831442 loops=1)
        Filter: (keyword_id > 7619)
        Rows Removed by Filter: 2692488
  ->  Hash  (cost=67604.59..67604.59 rows=1107667 width=4) (actual time=1613.889..1613.889 rows=1107925 loops=1)
        Buckets: 131072  Batches: 16  Memory Usage: 3467kB
        ->  Seq Scan on title t  (cost=0.00..67604.59 rows=1107667 width=4) (actual time=0.017..1261.584 rows=1107925 loops=1)
              Filter: (production_year > 2004)
              Rows Removed by Filter: 1420387
Planning time: 0.680 ms
Execution time: 4632.710 ms
