Hash Join  (cost=102767.86..209230.34 rows=1877561 width=0) (actual time=1914.806..5486.067 rows=1883116 loops=1)
  Hash Cond: (mc.movie_id = t.id)
  ->  Seq Scan on movie_companies mc  (cost=0.00..51404.11 rows=1877561 width=4) (actual time=0.025..1083.652 rows=1883116 loops=1)
        Filter: (company_id > 1408)
        Rows Removed by Filter: 726013
  ->  Hash  (cost=61283.27..61283.27 rows=2528527 width=4) (actual time=1913.652..1913.652 rows=2528312 loops=1)
        Buckets: 131072  Batches: 64  Memory Usage: 2415kB
        ->  Seq Scan on title t  (cost=0.00..61283.27 rows=2528527 width=4) (actual time=0.008..1081.853 rows=2528312 loops=1)
Planning time: 0.746 ms
Execution time: 5696.350 ms
