Hash Join  (cost=223536.75..268145.03 rows=403080 width=0) (actual time=4509.813..6145.495 rows=1547014 loops=1)
  Hash Cond: (mi_idx.movie_id = t.id)
  ->  Seq Scan on movie_info_idx mi_idx  (cost=0.00..21735.35 rows=1380035 width=4) (actual time=0.024..458.955 rows=1380035 loops=1)
  ->  Hash  (cost=211420.11..211420.11 rows=738531 width=8) (actual time=4508.789..4508.789 rows=741695 loops=1)
        Buckets: 131072  Batches: 16  Memory Usage: 2859kB
        ->  Hash Join  (cost=102767.86..211420.11 rows=738531 width=8) (actual time=2058.230..4341.303 rows=741695 loops=1)
              Hash Cond: (mk.movie_id = t.id)
              ->  Seq Scan on movie_keyword mk  (cost=0.00..81003.12 rows=738531 width=4) (actual time=0.027..1414.058 rows=741695 loops=1)
                    Filter: (keyword_id < 669)
                    Rows Removed by Filter: 3782235
              ->  Hash  (cost=61283.27..61283.27 rows=2528527 width=4) (actual time=2057.173..2057.173 rows=2528312 loops=1)
                    Buckets: 131072  Batches: 64  Memory Usage: 2425kB
                    ->  Seq Scan on title t  (cost=0.00..61283.27 rows=2528527 width=4) (actual time=0.024..1215.335 rows=2528312 loops=1)
Planning time: 1.144 ms
Execution time: 6333.052 ms
