Hash Join  (cost=102767.86..195851.73 rows=1050519 width=0) (actual time=1944.138..4123.939 rows=928588 loops=1)
  Hash Cond: (mc.movie_id = t.id)
  ->  Seq Scan on movie_companies mc  (cost=0.00..57926.93 rows=1050519 width=4) (actual time=0.031..1129.920 rows=928588 loops=1)
        Filter: ((company_id > 394) AND (company_type_id = 1))
        Rows Removed by Filter: 1680541
  ->  Hash  (cost=61283.27..61283.27 rows=2528527 width=4) (actual time=1942.334..1942.334 rows=2528312 loops=1)
        Buckets: 131072  Batches: 64  Memory Usage: 2415kB
        ->  Seq Scan on title t  (cost=0.00..61283.27 rows=2528527 width=4) (actual time=0.037..1119.355 rows=2528312 loops=1)
Planning time: 0.712 ms
Execution time: 4222.798 ms
