Hash Join  (cost=216082.07..1227781.81 rows=3401905 width=0) (actual time=6655.987..34575.979 rows=11701607 loops=1)
  Hash Cond: (ci.movie_id = t.id)
  ->  Seq Scan on cast_info ci  (cost=0.00..796071.18 rows=15519336 width=4) (actual time=2304.916..17640.897 rows=20180204 loops=1)
        Filter: ((person_id > 1203303) AND (role_id > 1))
        Rows Removed by Filter: 16064140
  ->  Hash  (cost=206987.77..206987.77 rows=554264 width=8) (actual time=4349.961..4349.961 rows=555726 loops=1)
        Buckets: 131072  Batches: 8  Memory Usage: 3773kB
        ->  Hash Join  (cost=102767.86..206987.77 rows=554264 width=8) (actual time=2003.313..4175.794 rows=555726 loops=1)
              Hash Cond: (mk.movie_id = t.id)
              ->  Seq Scan on movie_keyword mk  (cost=0.00..81003.12 rows=554264 width=4) (actual time=0.029..1274.666 rows=555726 loops=1)
                    Filter: (keyword_id < 398)
                    Rows Removed by Filter: 3968204
              ->  Hash  (cost=61283.27..61283.27 rows=2528527 width=4) (actual time=2001.651..2001.651 rows=2528312 loops=1)
                    Buckets: 131072  Batches: 64  Memory Usage: 2425kB
                    ->  Seq Scan on title t  (cost=0.00..61283.27 rows=2528527 width=4) (actual time=0.014..1162.027 rows=2528312 loops=1)
Planning time: 1.127 ms
Execution time: 35835.436 ms
