Hash Join  (cost=189212.60..749366.57 rows=7530103 width=0) (actual time=4585.292..23388.210 rows=20668251 loops=1)
  Hash Cond: (mi.movie_id = t.id)
  ->  Seq Scan on movie_info mi  (cost=0.00..309384.22 rows=14739122 width=4) (actual time=0.016..6200.707 rows=14835720 loops=1)
  ->  Hash  (cost=168018.04..168018.04 rows=1291805 width=8) (actual time=4584.244..4584.244 rows=1362247 loops=1)
        Buckets: 131072  Batches: 32  Memory Usage: 2705kB
        ->  Hash Join  (cost=106436.46..168018.04 rows=1291805 width=8) (actual time=2266.519..4185.366 rows=1362247 loops=1)
              Hash Cond: (mi_idx.movie_id = t.id)
              ->  Seq Scan on movie_info_idx mi_idx  (cost=0.00..21735.35 rows=1380035 width=4) (actual time=0.018..451.604 rows=1380035 loops=1)
              ->  Hash  (cost=67604.59..67604.59 rows=2366870 width=4) (actual time=2265.331..2265.331 rows=2363319 loops=1)
                    Buckets: 131072  Batches: 32  Memory Usage: 3623kB
                    ->  Seq Scan on title t  (cost=0.00..67604.59 rows=2366870 width=4) (actual time=0.024..1534.696 rows=2363319 loops=1)
                          Filter: (production_year > 1921)
                          Rows Removed by Filter: 164993
Planning time: 1.186 ms
Execution time: 25702.364 ms
