Hash Join  (cost=219765.47..1391755.07 rows=9043849 width=0) (actual time=5116.082..49202.735 rows=52068598 loops=1)
  Hash Cond: (ci.movie_id = t.id)
  ->  Seq Scan on cast_info ci  (cost=0.00..614943.12 rows=36225612 width=4) (actual time=0.024..13690.129 rows=36244344 loops=1)
  ->  Hash  (cost=209408.78..209408.78 rows=631255 width=8) (actual time=5114.359..5114.359 rows=821807 loops=1)
        Buckets: 131072  Batches: 16  Memory Usage: 3076kB
        ->  Hash Join  (cost=79715.19..209408.78 rows=631255 width=8) (actual time=1256.887..4919.113 rows=821807 loops=1)
              Hash Cond: (mk.movie_id = t.id)
              ->  Seq Scan on movie_keyword mk  (cost=0.00..69693.30 rows=4523930 width=4) (actual time=0.013..1411.728 rows=4523930 loops=1)
              ->  Hash  (cost=73925.90..73925.90 rows=352823 width=4) (actual time=1256.068..1256.068 rows=302088 loops=1)
                    Buckets: 131072  Batches: 8  Memory Usage: 2349kB
                    ->  Seq Scan on title t  (cost=0.00..73925.90 rows=352823 width=4) (actual time=0.063..1156.456 rows=302088 loops=1)
                          Filter: ((kind_id < 7) AND (production_year > 2006))
                          Rows Removed by Filter: 2226224
Planning time: 2.470 ms
Execution time: 54985.532 ms
