Seq Scan on movie_companies mc  (cost=0.00..57926.93 rows=638215 width=0) (actual time=1008.031..2607.958 rows=868762 loops=1)
  Filter: ((company_id < 11250) AND (company_type_id < 2))
  Rows Removed by Filter: 1740367
Planning time: 0.346 ms
Execution time: 2745.690 ms
