Seq Scan on movie_keyword mk  (cost=0.00..81003.12 rows=2703163 width=0) (actual time=0.034..1541.795 rows=2696861 loops=1)
  Filter: (keyword_id > 3001)
  Rows Removed by Filter: 1827069
Planning time: 0.360 ms
Execution time: 1878.588 ms
