Seq Scan on cast_info ci  (cost=0.00..705507.15 rows=31448706 width=0) (actual time=0.016..13413.302 rows=31431329 loops=1)
  Filter: (person_id < 3195205)
  Rows Removed by Filter: 4813015
Planning time: 0.316 ms
Execution time: 17337.178 ms
