Seq Scan on movie_companies mc  (cost=0.00..51404.11 rows=131143 width=0) (actual time=0.022..693.592 rows=134807 loops=1)
  Filter: (company_id < 27)
  Rows Removed by Filter: 2474322
Planning time: 0.297 ms
Execution time: 712.089 ms
