Hash Join  (cost=337905.82..1090707.09 rows=20404962 width=0) (actual time=8439.770..72927.165 rows=213882346 loops=1)
  Hash Cond: (mi.movie_id = t.id)
  ->  Seq Scan on movie_info mi  (cost=0.00..309384.22 rows=14739122 width=4) (actual time=0.007..6071.250 rows=14835720 loops=1)
  ->  Hash  (cost=280475.39..280475.39 rows=3500514 width=8) (actual time=8437.427..8437.427 rows=3960333 loops=1)
        Buckets: 131072  Batches: 64  Memory Usage: 3538kB
        ->  Hash Join  (cost=101489.21..280475.39 rows=3500514 width=8) (actual time=1978.070..7241.819 rows=3960333 loops=1)
              Hash Cond: (mk.movie_id = t.id)
              ->  Seq Scan on movie_keyword mk  (cost=0.00..81003.12 rows=4285583 width=4) (actual time=0.017..1796.653 rows=4269783 loops=1)
                    Filter: (keyword_id > 221)
                    Rows Removed by Filter: 254147
              ->  Hash  (cost=67604.59..67604.59 rows=2065330 width=4) (actual time=1976.102..1976.102 rows=2064552 loops=1)
                    Buckets: 131072  Batches: 32  Memory Usage: 3298kB
                    ->  Seq Scan on title t  (cost=0.00..67604.59 rows=2065330 width=4) (actual time=0.007..1292.732 rows=2064552 loops=1)
                          Filter: (production_year < 2011)
                          Rows Removed by Filter: 463760
Planning time: 0.767 ms
Execution time: 97162.439 ms
