Hash Join  (cost=102583.48..470946.65 rows=1657 width=0) (actual time=2285.137..7249.235 rows=29706 loops=1)
  Hash Cond: (mi.movie_id = t.id)
  ->  Seq Scan on movie_info mi  (cost=0.00..346232.03 rows=5897221 width=4) (actual time=1129.787..5211.845 rows=5884963 loops=1)
        Filter: (info_type_id < 7)
        Rows Removed by Filter: 8950757
  ->  Hash  (cost=102574.61..102574.61 rows=710 width=8) (actual time=1086.279..1086.279 rows=4282 loops=1)
        Buckets: 8192 (originally 1024)  Batches: 1 (originally 1)  Memory Usage: 232kB
        ->  Hash Join  (cost=73950.44..102574.61 rows=710 width=8) (actual time=733.335..1085.111 rows=4282 loops=1)
              Hash Cond: (mi_idx.movie_id = t.id)
              ->  Seq Scan on movie_info_idx mi_idx  (cost=0.00..25185.44 rows=915101 width=4) (actual time=0.027..255.851 rows=919850 loops=1)
                    Filter: (info_type_id < 101)
                    Rows Removed by Filter: 460185
              ->  Hash  (cost=73925.90..73925.90 rows=1963 width=4) (actual time=732.890..732.890 rows=5006 loops=1)
                    Buckets: 8192 (originally 2048)  Batches: 1 (originally 1)  Memory Usage: 240kB
                    ->  Seq Scan on title t  (cost=0.00..73925.90 rows=1963 width=4) (actual time=463.764..731.437 rows=5006 loops=1)
                          Filter: ((kind_id = 1) AND (production_year = 1991))
                          Rows Removed by Filter: 2523306
Planning time: 5.555 ms
Execution time: 7253.870 ms
