Hash Join  (cost=83074.74..136749.94 rows=59 width=0) (actual time=1340.627..2294.737 rows=4339 loops=1)
  Hash Cond: (mc.movie_id = t.id)
  ->  Seq Scan on movie_companies mc  (cost=0.00..51404.11 rows=605465 width=4) (actual time=0.016..847.991 rows=601170 loops=1)
        Filter: (company_id < 689)
        Rows Removed by Filter: 2007959
  ->  Hash  (cost=83071.67..83071.67 rows=246 width=8) (actual time=1340.340..1340.340 rows=2773 loops=1)
        Buckets: 4096 (originally 1024)  Batches: 1 (originally 1)  Memory Usage: 141kB
        ->  Nested Loop  (cost=0.43..83071.67 rows=246 width=8) (actual time=0.076..1338.324 rows=2773 loops=1)
              ->  Seq Scan on movie_keyword mk  (cost=0.00..81003.12 rows=246 width=4) (actual time=0.027..1244.700 rows=2773 loops=1)
                    Filter: (keyword_id = 2215)
                    Rows Removed by Filter: 4521157
              ->  Index Only Scan using title_pkey on title t  (cost=0.43..8.40 rows=1 width=4) (actual time=0.032..0.033 rows=1 loops=2773)
                    Index Cond: (id = mk.movie_id)
                    Heap Fetches: 2773
Planning time: 1.051 ms
Execution time: 2295.563 ms
