Seq Scan on movie_keyword mk  (cost=0.00..81003.12 rows=4436989 width=0) (actual time=0.024..1565.797 rows=4438919 loops=1)
  Filter: (keyword_id < 86338)
  Rows Removed by Filter: 85011
Planning time: 0.353 ms
Execution time: 2107.080 ms
