Seq Scan on cast_info ci  (cost=0.00..705507.15 rows=11804756 width=0) (actual time=3018.171..12159.376 rows=11876553 loops=1)
  Filter: (person_id > 2502226)
  Rows Removed by Filter: 24367791
Planning time: 0.314 ms
Execution time: 13658.405 ms
