Hash Join  (cost=83074.74..111707.54 rows=89 width=0) (actual time=1322.708..1745.313 rows=62 loops=1)
  Hash Cond: (mi_idx.movie_id = t.id)
  ->  Seq Scan on movie_info_idx mi_idx  (cost=0.00..25185.44 rows=919057 width=4) (actual time=0.030..335.091 rows=920110 loops=1)
        Filter: (info_type_id > 99)
        Rows Removed by Filter: 459925
  ->  Hash  (cost=83071.67..83071.67 rows=246 width=8) (actual time=1313.481..1313.481 rows=78 loops=1)
        Buckets: 1024  Batches: 1  Memory Usage: 12kB
        ->  Nested Loop  (cost=0.43..83071.67 rows=246 width=8) (actual time=12.831..1313.388 rows=78 loops=1)
              ->  Seq Scan on movie_keyword mk  (cost=0.00..81003.12 rows=246 width=4) (actual time=12.751..1310.038 rows=78 loops=1)
                    Filter: (keyword_id = 22997)
                    Rows Removed by Filter: 4523852
              ->  Index Only Scan using title_pkey on title t  (cost=0.43..8.40 rows=1 width=4) (actual time=0.039..0.040 rows=1 loops=78)
                    Index Cond: (id = mk.movie_id)
                    Heap Fetches: 78
Planning time: 1.102 ms
Execution time: 1745.430 ms
