Hash Join  (cost=129928.86..224897.69 rows=915101 width=144) (actual time=2680.124..4829.389 rows=919850 loops=1)
  Hash Cond: (mi_idx.movie_id = t.id)
  ->  Seq Scan on movie_info_idx mi_idx  (cost=0.00..25185.44 rows=915101 width=50) (actual time=0.027..510.221 rows=919850 loops=1)
        Filter: (info_type_id < 101)
        Rows Removed by Filter: 460185
  ->  Hash  (cost=61283.27..61283.27 rows=2528527 width=94) (actual time=2678.473..2678.473 rows=2528312 loops=1)
        Buckets: 32768  Batches: 128  Memory Usage: 2453kB
        ->  Seq Scan on title t  (cost=0.00..61283.27 rows=2528527 width=94) (actual time=0.019..728.677 rows=2528312 loops=1)
Planning time: 0.929 ms
Execution time: 4882.132 ms
