Hash Join  (cost=249583.66..836193.22 rows=8282874 width=0) (actual time=16581.989..102916.389 rows=187890036 loops=1)
  Hash Cond: (mi.movie_id = t.id)
  ->  Seq Scan on movie_info mi  (cost=0.00..309384.22 rows=14739122 width=4) (actual time=0.012..23178.620 rows=14835720 loops=1)
  ->  Hash  (cost=226270.86..226270.86 rows=1420944 width=8) (actual time=16576.115..16576.115 rows=2872213 loops=1)
        Buckets: 131072 (originally 131072)  Batches: 64 (originally 32)  Memory Usage: 3073kB
        ->  Hash Join  (cost=86956.38..226270.86 rows=1420944 width=8) (actual time=5170.153..15384.627 rows=2872213 loops=1)
              Hash Cond: (mk.movie_id = t.id)
              ->  Seq Scan on movie_keyword mk  (cost=0.00..69693.30 rows=4523930 width=4) (actual time=0.014..5230.221 rows=4523930 loops=1)
              ->  Hash  (cost=73925.90..73925.90 rows=794198 width=4) (actual time=5169.081..5169.081 rows=707863 loops=1)
                    Buckets: 131072  Batches: 16  Memory Usage: 2588kB
                    ->  Seq Scan on title t  (cost=0.00..73925.90 rows=794198 width=4) (actual time=0.015..4136.503 rows=707863 loops=1)
                          Filter: ((kind_id < 7) AND (production_year > 1973))
                          Rows Removed by Filter: 1820449
Planning time: 1.055 ms
Execution time: 129140.217 ms
