Hash Join  (cost=102767.86..1026945.22 rows=4913365 width=0) (actual time=1933.258..18741.663 rows=2082723 loops=1)
  Hash Cond: (ci.movie_id = t.id)
  ->  Seq Scan on cast_info ci  (cost=0.00..796071.18 rows=4913365 width=4) (actual time=0.036..14605.721 rows=2082723 loops=1)
        Filter: ((person_id < 2300395) AND (role_id > 6))
        Rows Removed by Filter: 34161621
  ->  Hash  (cost=61283.27..61283.27 rows=2528527 width=4) (actual time=1930.656..1930.656 rows=2528312 loops=1)
        Buckets: 131072  Batches: 64  Memory Usage: 2415kB
        ->  Seq Scan on title t  (cost=0.00..61283.27 rows=2528527 width=4) (actual time=0.023..1087.018 rows=2528312 loops=1)
Planning time: 0.743 ms
Execution time: 18990.016 ms
