Hash Join  (cost=95269.53..847266.73 rows=120796 width=0) (actual time=1640.855..19063.389 rows=297234 loops=1)
  Hash Cond: (ci.movie_id = t.id)
  ->  Seq Scan on cast_info ci  (cost=0.00..614943.12 rows=36225612 width=4) (actual time=0.020..9023.491 rows=36244344 loops=1)
  ->  Hash  (cost=95164.13..95164.13 rows=8432 width=8) (actual time=1640.669..1640.669 rows=9593 loops=1)
        Buckets: 16384  Batches: 1  Memory Usage: 503kB
        ->  Hash Join  (cost=68191.41..95164.13 rows=8432 width=8) (actual time=1077.015..1635.825 rows=9593 loops=1)
              Hash Cond: (mi_idx.movie_id = t.id)
              ->  Seq Scan on movie_info_idx mi_idx  (cost=0.00..25185.44 rows=454124 width=4) (actual time=0.021..410.707 rows=459925 loops=1)
                    Filter: (info_type_id = 100)
                    Rows Removed by Filter: 920110
              ->  Hash  (cost=67604.59..67604.59 rows=46946 width=4) (actual time=1076.615..1076.615 rows=46583 loops=1)
                    Buckets: 65536  Batches: 1  Memory Usage: 2150kB
                    ->  Seq Scan on title t  (cost=0.00..67604.59 rows=46946 width=4) (actual time=0.017..1057.965 rows=46583 loops=1)
                          Filter: (production_year = 1998)
                          Rows Removed by Filter: 2481729
Planning time: 3.190 ms
Execution time: 19112.667 ms
