Hash Join  (cost=263115.61..1279024.98 rows=8872696 width=0) (actual time=6206.190..33403.928 rows=24028960 loops=1)
  Hash Cond: (ci.movie_id = t.id)
  ->  Seq Scan on cast_info ci  (cost=0.00..796071.18 rows=8598598 width=4) (actual time=0.023..14911.931 rows=11111436 loops=1)
        Filter: ((person_id < 1521605) AND (role_id < 3))
        Rows Removed by Filter: 25132908
  ->  Hash  (cost=220309.49..220309.49 rows=2609129 width=8) (actual time=6205.047..6205.047 rows=2609129 loops=1)
        Buckets: 131072  Batches: 64  Memory Usage: 2610kB
        ->  Hash Join  (cost=102767.86..220309.49 rows=2609129 width=8) (actual time=1941.213..5542.257 rows=2609129 loops=1)
              Hash Cond: (mc.movie_id = t.id)
              ->  Seq Scan on movie_companies mc  (cost=0.00..44881.29 rows=2609129 width=4) (actual time=0.013..896.656 rows=2609129 loops=1)
              ->  Hash  (cost=61283.27..61283.27 rows=2528527 width=4) (actual time=1940.433..1940.433 rows=2528312 loops=1)
                    Buckets: 131072  Batches: 64  Memory Usage: 2415kB
                    ->  Seq Scan on title t  (cost=0.00..61283.27 rows=2528527 width=4) (actual time=0.025..1096.703 rows=2528312 loops=1)
Planning time: 1.173 ms
Execution time: 35951.325 ms
