Hash Join  (cost=94206.67..1133968.41 rows=9789443 width=0) (actual time=1943.081..32036.625 rows=10753056 loops=1)
  Hash Cond: (ci.movie_id = t.id)
  ->  Seq Scan on cast_info ci  (cost=0.00..705507.15 rows=20024311 width=4) (actual time=0.023..15356.655 rows=20122661 loops=1)
        Filter: (role_id < 3)
        Rows Removed by Filter: 16121683
  ->  Hash  (cost=73925.90..73925.90 rows=1236141 width=4) (actual time=1941.771..1941.771 rows=1353520 loops=1)
        Buckets: 131072  Batches: 32  Memory Usage: 2519kB
        ->  Seq Scan on title t  (cost=0.00..73925.90 rows=1236141 width=4) (actual time=0.018..1483.799 rows=1353520 loops=1)
              Filter: ((kind_id > 1) AND (production_year > 1993))
              Rows Removed by Filter: 1174792
Planning time: 0.770 ms
Execution time: 33265.547 ms
