Hash Join  (cost=171645.95..1048651.46 rows=1984465 width=0) (actual time=13262.593..22188.826 rows=2905452 loops=1)
  Hash Cond: (ci.movie_id = t.id)
  ->  Seq Scan on cast_info ci  (cost=0.00..796071.18 rows=4940183 width=4) (actual time=9507.326..14912.461 rows=6033619 loops=1)
        Filter: ((person_id < 2515755) AND (role_id = 2))
        Rows Removed by Filter: 30210725
  ->  Hash  (cost=154981.62..154981.62 rows=1015706 width=8) (actual time=3754.196..3754.196 rows=750135 loops=1)
        Buckets: 131072  Batches: 16  Memory Usage: 2867kB
        ->  Hash Join  (cost=98137.04..154981.62 rows=1015706 width=8) (actual time=1883.458..3525.829 rows=750135 loops=1)
              Hash Cond: (mi_idx.movie_id = t.id)
              ->  Seq Scan on movie_info_idx mi_idx  (cost=0.00..21735.35 rows=1380035 width=4) (actual time=0.037..451.062 rows=1380035 loops=1)
              ->  Hash  (cost=67604.59..67604.59 rows=1860996 width=4) (actual time=1882.030..1882.030 rows=1865487 loops=1)
                    Buckets: 131072  Batches: 32  Memory Usage: 3079kB
                    ->  Seq Scan on title t  (cost=0.00..67604.59 rows=1860996 width=4) (actual time=0.026..1293.383 rows=1865487 loops=1)
                          Filter: (kind_id > 1)
                          Rows Removed by Filter: 662825
Planning time: 1.181 ms
Execution time: 22454.037 ms
