Seq Scan on movie_keyword mk  (cost=0.00..81003.12 rows=2866965 width=0) (actual time=0.020..1438.633 rows=2854695 loops=1)
  Filter: (keyword_id > 2554)
  Rows Removed by Filter: 1669235
Planning time: 0.308 ms
Execution time: 1791.767 ms
