Hash Join  (cost=248375.37..812289.17 rows=7882487 width=0) (actual time=5417.640..35428.020 rows=64014079 loops=1)
  Hash Cond: (mi.movie_id = t.id)
  ->  Seq Scan on movie_info mi  (cost=0.00..309384.22 rows=14739122 width=4) (actual time=0.019..6465.581 rows=14835720 loops=1)
  ->  Hash  (cost=226189.16..226189.16 rows=1352257 width=8) (actual time=5416.080..5416.080 rows=1367380 loops=1)
        Buckets: 131072  Batches: 32  Memory Usage: 2765kB
        ->  Hash Join  (cost=102767.86..226189.16 rows=1352257 width=8) (actual time=1977.106..5010.574 rows=1367380 loops=1)
              Hash Cond: (mk.movie_id = t.id)
              ->  Seq Scan on movie_keyword mk  (cost=0.00..81003.12 rows=1352257 width=4) (actual time=0.017..1547.116 rows=1367380 loops=1)
                    Filter: (keyword_id < 1799)
                    Rows Removed by Filter: 3156550
              ->  Hash  (cost=61283.27..61283.27 rows=2528527 width=4) (actual time=1974.448..1974.448 rows=2528312 loops=1)
                    Buckets: 131072  Batches: 64  Memory Usage: 2425kB
                    ->  Seq Scan on title t  (cost=0.00..61283.27 rows=2528527 width=4) (actual time=0.018..1109.994 rows=2528312 loops=1)
Planning time: 1.146 ms
Execution time: 42714.143 ms
