Hash Join  (cost=66222.46..430883.29 rows=490 width=0) (actual time=949.965..8218.976 rows=1642 loops=1)
  Hash Cond: (mi.movie_id = t.id)
  ->  Seq Scan on movie_info mi  (cost=0.00..309384.22 rows=14739122 width=4) (actual time=0.019..4629.450 rows=14835720 loops=1)
  ->  Hash  (cost=66221.41..66221.41 rows=84 width=8) (actual time=943.098..943.098 rows=189 loops=1)
        Buckets: 1024  Batches: 1  Memory Usage: 16kB
        ->  Nested Loop  (cost=0.43..66221.41 rows=84 width=8) (actual time=8.578..942.937 rows=189 loops=1)
              ->  Seq Scan on movie_companies mc  (cost=0.00..51404.11 rows=1855 width=4) (actual time=7.695..812.124 rows=4712 loops=1)
                    Filter: (company_id < 6)
                    Rows Removed by Filter: 2604417
              ->  Index Scan using title_pkey on title t  (cost=0.43..7.98 rows=1 width=4) (actual time=0.027..0.027 rows=0 loops=4712)
                    Index Cond: (id = mc.movie_id)
                    Filter: (kind_id = 4)
                    Rows Removed by Filter: 1
Planning time: 1.204 ms
Execution time: 8219.833 ms
