Seq Scan on movie_keyword mk  (cost=0.00..81003.12 rows=2733358 width=0) (actual time=0.027..1395.582 rows=2725825 loops=1)
  Filter: (keyword_id < 7753)
  Rows Removed by Filter: 1798105
Planning time: 0.306 ms
Execution time: 1701.640 ms
