Hash Join  (cost=87344.71..191141.63 rows=428416 width=0) (actual time=1468.120..3956.053 rows=915474 loops=1)
  Hash Cond: (mk.movie_id = t.id)
  ->  Seq Scan on movie_keyword mk  (cost=0.00..81003.12 rows=1324437 width=4) (actual time=0.021..1480.700 rows=1340785 loops=1)
        Filter: (keyword_id < 1749)
        Rows Removed by Filter: 3183145
  ->  Hash  (cost=73925.90..73925.90 rows=817904 width=4) (actual time=1467.197..1467.197 rows=732135 loops=1)
        Buckets: 131072  Batches: 16  Memory Usage: 2644kB
        ->  Seq Scan on title t  (cost=0.00..73925.90 rows=817904 width=4) (actual time=0.010..1234.949 rows=732135 loops=1)
              Filter: ((kind_id < 7) AND (production_year > 1969))
              Rows Removed by Filter: 1796177
Planning time: 0.651 ms
Execution time: 4069.633 ms
