Seq Scan on title t  (cost=0.00..73925.90 rows=11652 width=0) (actual time=993.934..1156.295 rows=1 loops=1)
  Filter: ((kind_id > 4) AND (production_year < 1907))
  Rows Removed by Filter: 2528311
Planning time: 0.215 ms
Execution time: 1156.397 ms
