Hash Join  (cost=78350.52..206230.99 rows=482444 width=0) (actual time=1495.778..5188.272 rows=1554249 loops=1)
  Hash Cond: (mk.movie_id = t.id)
  ->  Seq Scan on movie_keyword mk  (cost=0.00..69693.30 rows=4523930 width=4) (actual time=0.009..1441.621 rows=4523930 loops=1)
  ->  Hash  (cost=73925.90..73925.90 rows=269649 width=4) (actual time=1495.049..1495.049 rows=382611 loops=1)
        Buckets: 131072 (originally 131072)  Batches: 8 (originally 4)  Memory Usage: 3073kB
        ->  Seq Scan on title t  (cost=0.00..73925.90 rows=269649 width=4) (actual time=0.013..1359.416 rows=382611 loops=1)
              Filter: ((kind_id < 7) AND (production_year < 1990))
              Rows Removed by Filter: 2145701
Planning time: 0.488 ms
Execution time: 5369.355 ms
