Seq Scan on cast_info ci  (cost=0.00..796071.18 rows=176 width=0) (actual time=2145.162..11056.085 rows=106 loops=1)
  Filter: ((person_id = 1502329) AND (role_id = 1))
  Rows Removed by Filter: 36244238
Planning time: 0.408 ms
Execution time: 11056.219 ms
