Hash Join  (cost=147850.50..202621.84 rows=10581 width=0) (actual time=1417.041..1892.058 rows=16875 loops=1)
  Hash Cond: (mc.movie_id = t.id)
  ->  Seq Scan on movie_companies mc  (cost=0.00..44881.29 rows=2609129 width=4) (actual time=0.026..218.548 rows=2609129 loops=1)
  ->  Hash  (cost=147722.33..147722.33 rows=10254 width=8) (actual time=1414.901..1414.901 rows=8567 loops=1)
        Buckets: 16384  Batches: 1  Memory Usage: 463kB
        ->  Nested Loop  (cost=0.43..147722.33 rows=10254 width=8) (actual time=0.248..1410.107 rows=8567 loops=1)
              ->  Seq Scan on movie_keyword mk  (cost=0.00..81003.12 rows=10254 width=4) (actual time=0.172..1188.468 rows=8567 loops=1)
                    Filter: (keyword_id = 3636)
                    Rows Removed by Filter: 4515363
              ->  Index Only Scan using title_pkey on title t  (cost=0.43..6.50 rows=1 width=4) (actual time=0.025..0.025 rows=1 loops=8567)
                    Index Cond: (id = mk.movie_id)
                    Heap Fetches: 8567
Planning time: 1.278 ms
Execution time: 1893.935 ms
