Hash Join  (cost=102767.86..246365.04 rows=2190773 width=0) (actual time=1977.518..6195.211 rows=2191021 loops=1)
  Hash Cond: (mk.movie_id = t.id)
  ->  Seq Scan on movie_keyword mk  (cost=0.00..81003.12 rows=2190773 width=4) (actual time=0.029..1550.298 rows=2191021 loops=1)
        Filter: (keyword_id < 4334)
        Rows Removed by Filter: 2332909
  ->  Hash  (cost=61283.27..61283.27 rows=2528527 width=4) (actual time=1975.728..1975.728 rows=2528312 loops=1)
        Buckets: 131072  Batches: 64  Memory Usage: 2425kB
        ->  Seq Scan on title t  (cost=0.00..61283.27 rows=2528527 width=4) (actual time=0.017..1105.946 rows=2528312 loops=1)
Planning time: 2.164 ms
Execution time: 6438.613 ms
