Nested Loop  (cost=0.43..75508.54 rows=3131 width=0) (actual time=0.452..3338.307 rows=3681 loops=1)
  ->  Seq Scan on movie_companies mc  (cost=0.00..51404.11 rows=3131 width=4) (actual time=0.391..748.427 rows=3681 loops=1)
        Filter: (company_id = 67)
        Rows Removed by Filter: 2605448
  ->  Index Only Scan using title_pkey on title t  (cost=0.43..7.69 rows=1 width=4) (actual time=0.703..0.703 rows=1 loops=3681)
        Index Cond: (id = mc.movie_id)
        Heap Fetches: 3681
Planning time: 0.778 ms
Execution time: 3339.202 ms
