Seq Scan on movie_keyword mk  (cost=0.00..81003.12 rows=2625842 width=0) (actual time=0.022..1491.085 rows=2615210 loops=1)
  Filter: (keyword_id > 3278)
  Rows Removed by Filter: 1908720
Planning time: 0.286 ms
Execution time: 1819.918 ms
