Hash Join  (cost=128310.40..1196073.85 rows=2974479 width=0) (actual time=7322.865..86234.711 rows=8597913 loops=1)
  Hash Cond: (ci.movie_id = t.id)
  ->  Seq Scan on cast_info ci  (cost=0.00..705507.15 rows=28668949 width=4) (actual time=0.025..55267.665 rows=28808107 loops=1)
        Filter: (role_id < 8)
        Rows Removed by Filter: 7436237
  ->  Hash  (cost=124006.13..124006.13 rows=262341 width=8) (actual time=7322.091..7322.091 rows=366689 loops=1)
        Buckets: 131072 (originally 131072)  Batches: 8 (originally 4)  Memory Usage: 3073kB
        ->  Hash Join  (cost=81812.24..124006.13 rows=262341 width=8) (actual time=4201.327..6840.943 rows=366689 loops=1)
              Hash Cond: (mi_idx.movie_id = t.id)
              ->  Seq Scan on movie_info_idx mi_idx  (cost=0.00..21735.35 rows=1380035 width=4) (actual time=0.018..1550.333 rows=1380035 loops=1)
              ->  Hash  (cost=73925.90..73925.90 rows=480667 width=4) (actual time=4200.520..4200.520 rows=350545 loops=1)
                    Buckets: 131072  Batches: 8  Memory Usage: 2572kB
                    ->  Seq Scan on title t  (cost=0.00..73925.90 rows=480667 width=4) (actual time=0.014..4029.213 rows=350545 loops=1)
                          Filter: ((production_year > 1987) AND (kind_id = 1))
                          Rows Removed by Filter: 2177767
Planning time: 2.846 ms
Execution time: 87566.358 ms
