Hash Join  (cost=212821.89..1335335.07 rows=8635502 width=0) (actual time=4076.070..36071.389 rows=8191769 loops=1)
  Hash Cond: (ci.movie_id = t.id)
  ->  Seq Scan on cast_info ci  (cost=0.00..614943.12 rows=36225612 width=4) (actual time=0.013..13618.799 rows=36244344 loops=1)
  ->  Hash  (cost=202932.48..202932.48 rows=602753 width=8) (actual time=4074.845..4074.845 rows=277088 loops=1)
        Buckets: 131072  Batches: 8  Memory Usage: 2375kB
        ->  Hash Join  (cost=98137.04..202932.48 rows=602753 width=8) (actual time=1856.627..4004.249 rows=277088 loops=1)
              Hash Cond: (mk.movie_id = t.id)
              ->  Seq Scan on movie_keyword mk  (cost=0.00..81003.12 rows=818958 width=4) (actual time=0.017..1455.612 rows=826696 loops=1)
                    Filter: (keyword_id > 22233)
                    Rows Removed by Filter: 3697234
              ->  Hash  (cost=67604.59..67604.59 rows=1860996 width=4) (actual time=1855.835..1855.835 rows=1865487 loops=1)
                    Buckets: 131072  Batches: 32  Memory Usage: 3085kB
                    ->  Seq Scan on title t  (cost=0.00..67604.59 rows=1860996 width=4) (actual time=0.007..1233.803 rows=1865487 loops=1)
                          Filter: (kind_id > 1)
                          Rows Removed by Filter: 662825
Planning time: 0.730 ms
Execution time: 37041.723 ms
