Hash Join  (cost=217020.70..745494.97 rows=4561133 width=0) (actual time=5167.250..17398.769 rows=2052217 loops=1)
  Hash Cond: (mi.movie_id = t.id)
  ->  Seq Scan on movie_info mi  (cost=0.00..309384.22 rows=14739122 width=4) (actual time=0.037..6232.611 rows=14835720 loops=1)
  ->  Hash  (cost=204182.80..204182.80 rows=782472 width=8) (actual time=4180.202..4180.202 rows=204109 loops=1)
        Buckets: 131072  Batches: 16  Memory Usage: 1539kB
        ->  Hash Join  (cost=92883.59..204182.80 rows=782472 width=8) (actual time=1875.780..4118.820 rows=204109 loops=1)
              Hash Cond: (mk.movie_id = t.id)
              ->  Seq Scan on movie_keyword mk  (cost=0.00..81003.12 rows=1284074 width=4) (actual time=0.024..1382.388 rows=1294326 loops=1)
                    Filter: (keyword_id > 13641)
                    Rows Removed by Filter: 3229604
              ->  Hash  (cost=67604.59..67604.59 rows=1540800 width=4) (actual time=1874.941..1874.941 rows=1543264 loops=1)
                    Buckets: 131072  Batches: 32  Memory Usage: 2728kB
                    ->  Seq Scan on title t  (cost=0.00..67604.59 rows=1540800 width=4) (actual time=0.020..1355.778 rows=1543264 loops=1)
                          Filter: (kind_id = 7)
                          Rows Removed by Filter: 985048
Planning time: 1.115 ms
Execution time: 17657.915 ms
