Seq Scan on cast_info ci  (cost=0.00..796071.18 rows=3559818 width=0) (actual time=4464.580..13202.903 rows=1596355 loops=1)
  Filter: ((person_id < 3009387) AND (role_id = 10))
  Rows Removed by Filter: 34647989
Planning time: 0.396 ms
Execution time: 13400.933 ms
