Seq Scan on movie_companies mc  (cost=0.00..51404.11 rows=104 width=0) (actual time=37.063..796.305 rows=499 loops=1)
  Filter: (company_id = 3115)
  Rows Removed by Filter: 2608630
Planning time: 0.365 ms
Execution time: 796.449 ms
