Hash Join  (cost=175027.18..273972.13 rows=343200 width=0) (actual time=4146.503..6475.796 rows=1469610 loops=1)
  Hash Cond: (mk.movie_id = t.id)
  ->  Seq Scan on movie_keyword mk  (cost=0.00..81003.12 rows=944219 width=4) (actual time=0.027..1354.663 rows=955333 loops=1)
        Filter: (keyword_id > 19850)
        Rows Removed by Filter: 3568597
  ->  Hash  (cost=159947.97..159947.97 rows=919057 width=8) (actual time=4145.338..4145.338 rows=920110 loops=1)
        Buckets: 131072  Batches: 16  Memory Usage: 3283kB
        ->  Hash Join  (cost=102767.86..159947.97 rows=919057 width=8) (actual time=2295.985..3895.377 rows=920110 loops=1)
              Hash Cond: (mi_idx.movie_id = t.id)
              ->  Seq Scan on movie_info_idx mi_idx  (cost=0.00..25185.44 rows=919057 width=4) (actual time=0.025..510.870 rows=920110 loops=1)
                    Filter: (info_type_id > 99)
                    Rows Removed by Filter: 459925
              ->  Hash  (cost=61283.27..61283.27 rows=2528527 width=4) (actual time=2295.033..2295.033 rows=2528312 loops=1)
                    Buckets: 131072  Batches: 64  Memory Usage: 2415kB
                    ->  Seq Scan on title t  (cost=0.00..61283.27 rows=2528527 width=4) (actual time=0.013..1153.105 rows=2528312 loops=1)
Planning time: 1.130 ms
Execution time: 6651.242 ms
