Nested Loop  (cost=0.43..127762.13 rows=10866 width=0) (actual time=210.633..1051.284 rows=19911 loops=1)
  ->  Seq Scan on movie_companies mc  (cost=0.00..57926.93 rows=10866 width=4) (actual time=210.556..836.049 rows=19911 loops=1)
        Filter: ((company_id > 216423) AND (company_type_id = 2))
        Rows Removed by Filter: 2589218
  ->  Index Only Scan using title_pkey on title t  (cost=0.43..6.42 rows=1 width=4) (actual time=0.010..0.010 rows=1 loops=19911)
        Index Cond: (id = mc.movie_id)
        Heap Fetches: 19911
Planning time: 0.792 ms
Execution time: 1054.874 ms
