Seq Scan on movie_keyword mk  (cost=0.00..81003.12 rows=9048 width=0) (actual time=0.014..3895.743 rows=9942 loops=1)
  Filter: (keyword_id = 56)
  Rows Removed by Filter: 4513988
Planning time: 0.402 ms
Execution time: 3898.175 ms
