Hash Join  (cost=274629.96..781352.42 rows=5964278 width=0) (actual time=6067.620..15037.330 rows=1456671 loops=1)
  Hash Cond: (mi.movie_id = t.id)
  ->  Seq Scan on movie_info mi  (cost=0.00..346232.03 rows=7235534 width=4) (actual time=0.021..6174.242 rows=7286865 loops=1)
        Filter: (info_type_id < 8)
        Rows Removed by Filter: 7548855
  ->  Hash  (cost=240434.53..240434.53 rows=2084274 width=8) (actual time=5235.659..5235.659 rows=519159 loops=1)
        Buckets: 131072  Batches: 32  Memory Usage: 1674kB
        ->  Hash Join  (cost=93038.76..240434.53 rows=2084274 width=8) (actual time=1749.560..5094.315 rows=519159 loops=1)
              Hash Cond: (mk.movie_id = t.id)
              ->  Seq Scan on movie_keyword mk  (cost=0.00..69693.30 rows=4523930 width=4) (actual time=0.014..1343.306 rows=4523930 loops=1)
              ->  Hash  (cost=73925.90..73925.90 rows=1164948 width=4) (actual time=1610.504..1610.504 rows=1252934 loops=1)
                    Buckets: 131072  Batches: 16  Memory Usage: 3794kB
                    ->  Seq Scan on title t  (cost=0.00..73925.90 rows=1164948 width=4) (actual time=0.021..1219.380 rows=1252934 loops=1)
                          Filter: ((production_year > 1982) AND (kind_id = 7))
                          Rows Removed by Filter: 1275378
Planning time: 1.123 ms
Execution time: 15199.660 ms
