Hash Join  (cost=161360.66..288175.51 rows=394981 width=0) (actual time=3347.864..6656.945 rows=870360 loops=1)
  Hash Cond: (mk.movie_id = t.id)
  ->  Seq Scan on movie_keyword mk  (cost=0.00..69693.30 rows=4523930 width=4) (actual time=0.023..1441.972 rows=4523930 loops=1)
  ->  Hash  (cost=157738.11..157738.11 rows=220764 width=8) (actual time=3345.569..3345.569 rows=307097 loops=1)
        Buckets: 131072  Batches: 4  Memory Usage: 4035kB
        ->  Hash Join  (cost=94072.72..157738.11 rows=220764 width=8) (actual time=1842.652..3268.731 rows=307097 loops=1)
              Hash Cond: (mc.movie_id = t.id)
              ->  Seq Scan on movie_companies mc  (cost=0.00..51404.11 rows=454572 width=4) (actual time=0.015..973.033 rows=450066 loops=1)
                    Filter: (company_id < 369)
                    Rows Removed by Filter: 2159063
              ->  Hash  (cost=73925.90..73925.90 rows=1227985 width=4) (actual time=1841.619..1841.619 rows=1197374 loops=1)
                    Buckets: 131072  Batches: 32  Memory Usage: 2340kB
                    ->  Seq Scan on title t  (cost=0.00..73925.90 rows=1227985 width=4) (actual time=0.013..1448.994 rows=1197374 loops=1)
                          Filter: ((kind_id > 1) AND (production_year < 2008))
                          Rows Removed by Filter: 1330938
Planning time: 1.407 ms
Execution time: 6765.455 ms
