Hash Join  (cost=102392.25..189663.40 rows=61311 width=0) (actual time=1695.313..3524.394 rows=224149 loops=1)
  Hash Cond: (mk.movie_id = t.id)
  ->  Seq Scan on movie_keyword mk  (cost=0.00..69693.30 rows=4523930 width=4) (actual time=0.017..977.435 rows=4523930 loops=1)
  ->  Hash  (cost=101963.90..101963.90 rows=34268 width=8) (actual time=1694.392..1694.392 rows=37971 loops=1)
        Buckets: 65536  Batches: 1  Memory Usage: 1996kB
        ->  Hash Join  (cost=74710.74..101963.90 rows=34268 width=8) (actual time=1096.125..1682.291 rows=37971 loops=1)
              Hash Cond: (mi_idx.movie_id = t.id)
              ->  Seq Scan on movie_info_idx mi_idx  (cost=0.00..21735.35 rows=1380035 width=4) (actual time=0.024..265.388 rows=1380035 loops=1)
              ->  Hash  (cost=73925.90..73925.90 rows=62787 width=4) (actual time=1095.652..1095.652 rows=53770 loops=1)
                    Buckets: 65536  Batches: 1  Memory Usage: 2403kB
                    ->  Seq Scan on title t  (cost=0.00..73925.90 rows=62787 width=4) (actual time=0.019..1074.494 rows=53770 loops=1)
                          Filter: ((kind_id < 7) AND (production_year = 2011))
                          Rows Removed by Filter: 2474542
Planning time: 1.108 ms
Execution time: 3551.020 ms
