Hash Join  (cost=233111.07..1146344.11 rows=4752488 width=0) (actual time=6685.873..25884.965 rows=4433175 loops=1)
  Hash Cond: (ci.movie_id = t.id)
  ->  Seq Scan on cast_info ci  (cost=0.00..705507.15 rows=12203201 width=4) (actual time=1266.048..13588.884 rows=12113646 loops=1)
        Filter: (role_id > 3)
        Rows Removed by Filter: 24130698
  ->  Hash  (cost=216955.01..216955.01 rows=984725 width=8) (actual time=5418.422..5418.422 rows=247643 loops=1)
        Buckets: 131072  Batches: 16  Memory Usage: 1646kB
        ->  Hash Join  (cost=82955.72..216955.01 rows=984725 width=8) (actual time=2224.029..5351.609 rows=247643 loops=1)
              Hash Cond: (mk.movie_id = t.id)
              ->  Seq Scan on movie_keyword mk  (cost=0.00..69693.30 rows=4523930 width=4) (actual time=0.024..1345.842 rows=4523930 loops=1)
              ->  Hash  (cost=73925.90..73925.90 rows=550385 width=4) (actual time=2136.085..2136.085 rows=602403 loops=1)
                    Buckets: 131072  Batches: 8  Memory Usage: 3678kB
                    ->  Seq Scan on title t  (cost=0.00..73925.90 rows=550385 width=4) (actual time=0.022..1272.377 rows=602403 loops=1)
                          Filter: ((kind_id > 6) AND (production_year > 2006))
                          Rows Removed by Filter: 1925909
Planning time: 1.161 ms
Execution time: 26417.073 ms
