Seq Scan on movie_companies mc  (cost=0.00..57926.93 rows=786810 width=0) (actual time=0.019..1041.918 rows=1005050 loops=1)
  Filter: ((company_id > 6348) AND (company_type_id > 1))
  Rows Removed by Filter: 1604079
Planning time: 0.343 ms
Execution time: 1166.200 ms
