Hash Join  (cost=80599.54..553235.53 rows=1524480 width=0) (actual time=1232.934..12347.861 rows=763748 loops=1)
  Hash Cond: (mi.movie_id = t.id)
  ->  Seq Scan on movie_info mi  (cost=0.00..346232.03 rows=9476311 width=4) (actual time=0.012..6721.311 rows=9565151 loops=1)
        Filter: (info_type_id < 16)
        Rows Removed by Filter: 5270569
  ->  Hash  (cost=73925.90..73925.90 rows=406771 width=4) (actual time=1231.727..1231.727 rows=288892 loops=1)
        Buckets: 131072  Batches: 8  Memory Usage: 2287kB
        ->  Seq Scan on title t  (cost=0.00..73925.90 rows=406771 width=4) (actual time=0.014..1123.163 rows=288892 loops=1)
              Filter: ((production_year < 1989) AND (kind_id = 7))
              Rows Removed by Filter: 2239420
Planning time: 0.847 ms
Execution time: 12413.111 ms
