Hash Join  (cost=717078.80..2812685.17 rows=81322011 width=0) (actual time=20433.600..103568.138 rows=192111710 loops=1)
  Hash Cond: (ci.movie_id = t.id)
  ->  Seq Scan on cast_info ci  (cost=0.00..614943.12 rows=36225612 width=4) (actual time=0.018..13564.066 rows=36244344 loops=1)
  ->  Hash  (cost=623952.93..623952.93 rows=5676230 width=8) (actual time=20431.541..20431.541 rows=7212844 loops=1)
        Buckets: 131072  Batches: 128  Memory Usage: 3213kB
        ->  Hash Join  (cost=83580.70..623952.93 rows=5676230 width=8) (actual time=1586.785..17208.900 rows=7212844 loops=1)
              Hash Cond: (mi.movie_id = t.id)
              ->  Seq Scan on movie_info mi  (cost=0.00..309384.22 rows=14739122 width=4) (actual time=0.020..5967.539 rows=14835720 loops=1)
              ->  Hash  (cost=67604.59..67604.59 rows=973769 width=4) (actual time=1585.779..1585.779 rows=971188 loops=1)
                    Buckets: 131072  Batches: 16  Memory Usage: 3169kB
                    ->  Seq Scan on title t  (cost=0.00..67604.59 rows=973769 width=4) (actual time=0.022..1281.551 rows=971188 loops=1)
                          Filter: (production_year < 1999)
                          Rows Removed by Filter: 1557124
Planning time: 2.756 ms
Execution time: 124874.077 ms
