Nested Loop  (cost=0.43..52283.95 rows=49 width=0) (actual time=99.720..878.495 rows=603 loops=1)
  ->  Seq Scan on movie_companies mc  (cost=0.00..51404.11 rows=104 width=4) (actual time=22.711..829.135 rows=2248 loops=1)
        Filter: (company_id = 21)
        Rows Removed by Filter: 2606881
  ->  Index Scan using title_pkey on title t  (cost=0.43..8.45 rows=1 width=4) (actual time=0.021..0.021 rows=0 loops=2248)
        Index Cond: (id = mc.movie_id)
        Filter: (production_year > 2003)
        Rows Removed by Filter: 1
Planning time: 0.780 ms
Execution time: 878.774 ms
