Hash Join  (cost=102767.86..1367454.40 rows=19064330 width=0) (actual time=1898.844..40042.059 rows=21677769 loops=1)
  Hash Cond: (ci.movie_id = t.id)
  ->  Seq Scan on cast_info ci  (cost=0.00..796071.18 rows=19064330 width=4) (actual time=0.021..17974.486 rows=21677769 loops=1)
        Filter: ((person_id > 654240) AND (role_id > 1))
        Rows Removed by Filter: 14566575
  ->  Hash  (cost=61283.27..61283.27 rows=2528527 width=4) (actual time=1896.860..1896.860 rows=2528312 loops=1)
        Buckets: 131072  Batches: 64  Memory Usage: 2415kB
        ->  Seq Scan on title t  (cost=0.00..61283.27 rows=2528527 width=4) (actual time=0.022..1010.238 rows=2528312 loops=1)
Planning time: 0.765 ms
Execution time: 42570.828 ms
