Seq Scan on movie_keyword mk  (cost=0.00..81003.12 rows=1649751 width=0) (actual time=0.024..1398.005 rows=1655650 loops=1)
  Filter: (keyword_id > 8825)
  Rows Removed by Filter: 2868280
Planning time: 0.327 ms
Execution time: 1608.172 ms
