Hash Join  (cost=102767.86..297547.35 rows=4317807 width=0) (actual time=1927.878..7155.315 rows=4301821 loops=1)
  Hash Cond: (mk.movie_id = t.id)
  ->  Seq Scan on movie_keyword mk  (cost=0.00..81003.12 rows=4317807 width=4) (actual time=0.022..1695.108 rows=4301821 loops=1)
        Filter: (keyword_id > 177)
        Rows Removed by Filter: 222109
  ->  Hash  (cost=61283.27..61283.27 rows=2528527 width=4) (actual time=1926.597..1926.597 rows=2528312 loops=1)
        Buckets: 131072  Batches: 64  Memory Usage: 2425kB
        ->  Seq Scan on title t  (cost=0.00..61283.27 rows=2528527 width=4) (actual time=0.016..1048.292 rows=2528312 loops=1)
Planning time: 0.776 ms
Execution time: 7662.165 ms
