Seq Scan on movie_companies mc  (cost=0.00..51404.11 rows=1763603 width=0) (actual time=0.023..919.920 rows=1754268 loops=1)
  Filter: (company_id < 24761)
  Rows Removed by Filter: 854861
Planning time: 0.352 ms
Execution time: 1132.134 ms
