Seq Scan on cast_info ci  (cost=0.00..796071.18 rows=1407658 width=0) (actual time=0.019..11589.285 rows=4224931 loops=1)
  Filter: ((person_id > 3285636) AND (role_id > 3))
  Rows Removed by Filter: 32019413
Planning time: 0.339 ms
Execution time: 12125.733 ms
