Hash Join  (cost=102767.86..1215248.86 rows=12738943 width=0) (actual time=1726.026..31601.027 rows=15425936 loops=1)
  Hash Cond: (ci.movie_id = t.id)
  ->  Seq Scan on cast_info ci  (cost=0.00..796071.18 rows=12738943 width=4) (actual time=0.017..16171.824 rows=15425936 loops=1)
        Filter: ((person_id < 1908157) AND (role_id < 4))
        Rows Removed by Filter: 20818408
  ->  Hash  (cost=61283.27..61283.27 rows=2528527 width=4) (actual time=1724.817..1724.817 rows=2528312 loops=1)
        Buckets: 131072  Batches: 64  Memory Usage: 2415kB
        ->  Seq Scan on title t  (cost=0.00..61283.27 rows=2528527 width=4) (actual time=0.003..908.287 rows=2528312 loops=1)
Planning time: 0.767 ms
Execution time: 33452.266 ms
