Seq Scan on movie_companies mc  (cost=0.00..57926.93 rows=901918 width=0) (actual time=0.014..1042.447 rows=580141 loops=1)
  Filter: ((company_id < 25356) AND (company_type_id = 2))
  Rows Removed by Filter: 2028988
Planning time: 0.270 ms
Execution time: 1109.845 ms
