Seq Scan on cast_info ci  (cost=0.00..796071.18 rows=8690793 width=0) (actual time=2265.221..12917.015 rows=3701648 loops=1)
  Filter: ((person_id < 1317620) AND (role_id > 1))
  Rows Removed by Filter: 32542696
Planning time: 0.354 ms
Execution time: 13388.641 ms
