Hash Join  (cost=74851.90..907934.88 rows=924486 width=0) (actual time=2531.911..30608.906 rows=1632668 loops=1)
  Hash Cond: (ci.movie_id = t.id)
  ->  Seq Scan on cast_info ci  (cost=0.00..705507.15 rows=31554923 width=4) (actual time=1194.417..15984.515 rows=31605208 loops=1)
        Filter: (role_id < 10)
        Rows Removed by Filter: 4639136
  ->  Hash  (cost=73925.90..73925.90 rows=74080 width=4) (actual time=1336.569..1336.569 rows=173895 loops=1)
        Buckets: 131072 (originally 131072)  Batches: 2 (originally 1)  Memory Usage: 4084kB
        ->  Seq Scan on title t  (cost=0.00..73925.90 rows=74080 width=4) (actual time=0.033..1266.994 rows=173895 loops=1)
              Filter: ((kind_id < 7) AND (production_year < 1954))
              Rows Removed by Filter: 2354417
Planning time: 0.847 ms
Execution time: 30813.450 ms
