Hash Join  (cost=160479.02..688049.26 rows=4476433 width=0) (actual time=3925.925..17965.064 rows=5860482 loops=1)
  Hash Cond: (mi.movie_id = t.id)
  ->  Seq Scan on movie_info mi  (cost=0.00..309384.22 rows=14739122 width=4) (actual time=0.013..5996.464 rows=14835720 loops=1)
  ->  Hash  (cost=147879.76..147879.76 rows=767941 width=8) (actual time=3924.929..3924.929 rows=630237 loops=1)
        Buckets: 131072  Batches: 16  Memory Usage: 2586kB
        ->  Hash Join  (cost=97010.87..147879.76 rows=767941 width=8) (actual time=2212.357..3736.341 rows=630237 loops=1)
              Hash Cond: (mi_idx.movie_id = t.id)
              ->  Seq Scan on movie_info_idx mi_idx  (cost=0.00..21735.35 rows=1380035 width=4) (actual time=0.010..438.215 rows=1380035 loops=1)
              ->  Hash  (cost=73925.90..73925.90 rows=1407037 width=4) (actual time=2210.682..2210.682 rows=1529626 loops=1)
                    Buckets: 131072  Batches: 32  Memory Usage: 2715kB
                    ->  Seq Scan on title t  (cost=0.00..73925.90 rows=1407037 width=4) (actual time=0.018..1438.226 rows=1529626 loops=1)
                          Filter: ((kind_id > 1) AND (production_year > 1982))
                          Rows Removed by Filter: 998686
Planning time: 0.670 ms
Execution time: 18616.027 ms
