Hash Join  (cost=156487.41..249263.18 rows=135811 width=0) (actual time=3356.961..5232.127 rows=522057 loops=1)
  Hash Cond: (mk.movie_id = t.id)
  ->  Seq Scan on movie_keyword mk  (cost=0.00..81003.12 rows=744943 width=4) (actual time=0.027..1294.537 rows=750555 loops=1)
        Filter: (keyword_id < 683)
        Rows Removed by Filter: 3773375
  ->  Hash  (cost=148924.19..148924.19 rows=460978 width=8) (actual time=3355.988..3355.988 rows=459925 loops=1)
        Buckets: 131072  Batches: 8  Memory Usage: 3284kB
        ->  Hash Join  (cost=102767.86..148924.19 rows=460978 width=8) (actual time=1895.131..3208.506 rows=459925 loops=1)
              Hash Cond: (mi_idx.movie_id = t.id)
              ->  Seq Scan on movie_info_idx mi_idx  (cost=0.00..25185.44 rows=460978 width=4) (actual time=0.014..488.027 rows=459925 loops=1)
                    Filter: (info_type_id = 99)
                    Rows Removed by Filter: 920110
              ->  Hash  (cost=61283.27..61283.27 rows=2528527 width=4) (actual time=1893.497..1893.497 rows=2528312 loops=1)
                    Buckets: 131072  Batches: 64  Memory Usage: 2415kB
                    ->  Seq Scan on title t  (cost=0.00..61283.27 rows=2528527 width=4) (actual time=0.017..1075.499 rows=2528312 loops=1)
Planning time: 2.303 ms
Execution time: 5298.766 ms
