Seq Scan on title t  (cost=0.00..73925.90 rows=58985 width=0) (actual time=0.343..3749.288 rows=63200 loops=1)
  Filter: ((kind_id > 4) AND (production_year = 2005))
  Rows Removed by Filter: 2465112
Planning time: 2.488 ms
Execution time: 3759.912 ms
