Nested Loop  (cost=0.43..132143.59 rows=7389 width=0) (actual time=0.245..1290.971 rows=7328 loops=1)
  ->  Seq Scan on movie_keyword mk  (cost=0.00..81003.12 rows=7389 width=4) (actual time=0.187..1107.540 rows=7328 loops=1)
        Filter: (keyword_id = 229)
        Rows Removed by Filter: 4516602
  ->  Index Only Scan using title_pkey on title t  (cost=0.43..6.91 rows=1 width=4) (actual time=0.024..0.024 rows=1 loops=7328)
        Index Cond: (id = mk.movie_id)
        Heap Fetches: 7328
Planning time: 0.542 ms
Execution time: 1293.023 ms
