Hash Join  (cost=225029.81..270044.73 rows=426744 width=0) (actual time=4480.850..5769.123 rows=723564 loops=1)
  Hash Cond: (mi_idx.movie_id = t.id)
  ->  Seq Scan on movie_info_idx mi_idx  (cost=0.00..21735.35 rows=1380035 width=4) (actual time=0.013..483.340 rows=1380035 loops=1)
  ->  Hash  (cost=212201.21..212201.21 rows=781888 width=8) (actual time=4479.635..4479.635 rows=449011 loops=1)
        Buckets: 131072  Batches: 16  Memory Usage: 2149kB
        ->  Hash Join  (cost=101846.64..212201.21 rows=781888 width=8) (actual time=2071.464..4368.185 rows=449011 loops=1)
              Hash Cond: (mk.movie_id = t.id)
              ->  Seq Scan on movie_keyword mk  (cost=0.00..81003.12 rows=1161713 width=4) (actual time=0.020..1385.700 rows=1174960 loops=1)
                    Filter: (keyword_id > 15855)
                    Rows Removed by Filter: 3348970
              ->  Hash  (cost=73925.90..73925.90 rows=1701819 width=4) (actual time=2070.497..2070.497 rows=1799540 loops=1)
                    Buckets: 131072  Batches: 32  Memory Usage: 3012kB
                    ->  Seq Scan on title t  (cost=0.00..73925.90 rows=1701819 width=4) (actual time=0.016..1472.998 rows=1799540 loops=1)
                          Filter: ((kind_id > 1) AND (production_year > 1943))
                          Rows Removed by Filter: 728772
Planning time: 1.192 ms
Execution time: 5847.126 ms
