Seq Scan on movie_keyword mk  (cost=0.00..81003.12 rows=2288360 width=0) (actual time=0.021..1427.489 rows=2289367 loops=1)
  Filter: (keyword_id < 4880)
  Rows Removed by Filter: 2234563
Planning time: 0.345 ms
Execution time: 1710.435 ms
