Hash Join  (cost=114811.45..915481.26 rows=507866 width=0) (actual time=2199.345..21255.441 rows=563475 loops=1)
  Hash Cond: (ci.movie_id = t.id)
  ->  Seq Scan on cast_info ci  (cost=0.00..705507.15 rows=24022411 width=4) (actual time=0.024..14165.451 rows=24130698 loops=1)
        Filter: (role_id < 4)
        Rows Removed by Filter: 12113646
  ->  Hash  (cost=114143.25..114143.25 rows=53456 width=8) (actual time=2198.588..2198.588 rows=24084 loops=1)
        Buckets: 65536  Batches: 1  Memory Usage: 1453kB
        ->  Hash Join  (cost=75533.21..114143.25 rows=53456 width=8) (actual time=1245.060..2190.502 rows=24084 loops=1)
              Hash Cond: (mi_idx.movie_id = t.id)
              ->  Seq Scan on movie_info_idx mi_idx  (cost=0.00..21735.35 rows=1380035 width=4) (actual time=0.034..485.612 rows=1380035 loops=1)
              ->  Hash  (cost=73925.90..73925.90 rows=97944 width=4) (actual time=1244.371..1244.371 rows=106247 loops=1)
                    Buckets: 131072  Batches: 2  Memory Usage: 2890kB
                    ->  Seq Scan on title t  (cost=0.00..73925.90 rows=97944 width=4) (actual time=291.992..1203.679 rows=106247 loops=1)
                          Filter: ((kind_id = 7) AND (production_year = 2011))
                          Rows Removed by Filter: 2422065
Planning time: 1.693 ms
Execution time: 21326.219 ms
