Seq Scan on cast_info ci  (cost=0.00..796071.18 rows=4501734 width=0) (actual time=1363.076..13389.853 rows=6976438 loops=1)
  Filter: ((person_id > 1883882) AND (role_id > 4))
  Rows Removed by Filter: 29267906
Planning time: 0.419 ms
Execution time: 14152.463 ms
