Hash Join  (cost=135174.28..1085852.61 rows=2114174 width=0) (actual time=3057.410..29324.257 rows=10639832 loops=1)
  Hash Cond: (ci.movie_id = t.id)
  ->  Seq Scan on cast_info ci  (cost=0.00..796071.18 rows=11384106 width=4) (actual time=0.026..15841.599 rows=17670477 loops=1)
        Filter: ((person_id > 1848489) AND (role_id > 1))
        Rows Removed by Filter: 18573867
  ->  Hash  (cost=127469.53..127469.53 rows=469580 width=8) (actual time=3056.387..3056.387 rows=854105 loops=1)
        Buckets: 131072 (originally 131072)  Batches: 16 (originally 8)  Memory Usage: 3104kB
        ->  Hash Join  (cost=81720.25..127469.53 rows=469580 width=8) (actual time=1413.894..2832.417 rows=854105 loops=1)
              Hash Cond: (mi_idx.movie_id = t.id)
              ->  Seq Scan on movie_info_idx mi_idx  (cost=0.00..21735.35 rows=1380035 width=4) (actual time=0.020..450.794 rows=1380035 loops=1)
              ->  Hash  (cost=67604.59..67604.59 rows=860373 width=4) (actual time=1412.834..1412.834 rows=854214 loops=1)
                    Buckets: 131072  Batches: 16  Memory Usage: 2897kB
                    ->  Seq Scan on title t  (cost=0.00..67604.59 rows=860373 width=4) (actual time=0.018..1143.485 rows=854214 loops=1)
                          Filter: (kind_id < 4)
                          Rows Removed by Filter: 1674098
Planning time: 1.182 ms
Execution time: 30430.701 ms
