Seq Scan on cast_info ci  (cost=0.00..796071.18 rows=324 width=0) (actual time=8595.727..13584.275 rows=59 loops=1)
  Filter: ((role_id > 1) AND (person_id = 1053041))
  Rows Removed by Filter: 36244285
Planning time: 0.416 ms
Execution time: 13584.410 ms
