Hash Join  (cost=124175.70..210903.71 rows=6997 width=0) (actual time=1971.462..3300.510 rows=38411 loops=1)
  Hash Cond: (mk.movie_id = t.id)
  ->  Seq Scan on movie_keyword mk  (cost=0.00..69693.30 rows=4523930 width=4) (actual time=0.019..686.469 rows=4523930 loops=1)
  ->  Hash  (cost=124126.82..124126.82 rows=3911 width=8) (actual time=1971.024..1971.024 rows=10484 loops=1)
        Buckets: 16384 (originally 4096)  Batches: 1 (originally 1)  Memory Usage: 538kB
        ->  Hash Join  (cost=67697.55..124126.82 rows=3911 width=8) (actual time=979.088..1967.642 rows=10484 loops=1)
              Hash Cond: (mc.movie_id = t.id)
              ->  Seq Scan on movie_companies mc  (cost=0.00..51404.11 rows=1329612 width=4) (actual time=0.023..781.173 rows=1334883 loops=1)
                    Filter: (company_type_id > 1)
                    Rows Removed by Filter: 1274246
              ->  Hash  (cost=67604.59..67604.59 rows=7437 width=4) (actual time=978.951..978.951 rows=13711 loops=1)
                    Buckets: 16384 (originally 8192)  Batches: 1 (originally 1)  Memory Usage: 611kB
                    ->  Seq Scan on title t  (cost=0.00..67604.59 rows=7437 width=4) (actual time=0.022..972.589 rows=13711 loops=1)
                          Filter: (production_year = 1966)
                          Rows Removed by Filter: 2514601
Planning time: 1.112 ms
Execution time: 3304.547 ms
