Hash Join  (cost=92883.59..245388.67 rows=2110544 width=0) (actual time=1670.609..5527.709 rows=468679 loops=1)
  Hash Cond: (mk.movie_id = t.id)
  ->  Seq Scan on movie_keyword mk  (cost=0.00..81003.12 rows=3463504 width=4) (actual time=0.015..1809.872 rows=3455780 loops=1)
        Filter: (keyword_id < 16501)
        Rows Removed by Filter: 1068150
  ->  Hash  (cost=67604.59..67604.59 rows=1540800 width=4) (actual time=1669.640..1669.640 rows=1543264 loops=1)
        Buckets: 131072  Batches: 32  Memory Usage: 2728kB
        ->  Seq Scan on title t  (cost=0.00..67604.59 rows=1540800 width=4) (actual time=0.018..1178.974 rows=1543264 loops=1)
              Filter: (kind_id = 7)
              Rows Removed by Filter: 985048
Planning time: 0.718 ms
Execution time: 5584.986 ms
