Hash Join  (cost=171645.95..304779.57 rows=1241792 width=0) (actual time=3899.004..7296.210 rows=1966902 loops=1)
  Hash Cond: (mk.movie_id = t.id)
  ->  Seq Scan on movie_keyword mk  (cost=0.00..81003.12 rows=3091353 width=4) (actual time=0.021..1661.409 rows=3077136 loops=1)
        Filter: (keyword_id < 11549)
        Rows Removed by Filter: 1446794
  ->  Hash  (cost=154981.62..154981.62 rows=1015706 width=8) (actual time=3897.821..3897.821 rows=750135 loops=1)
        Buckets: 131072  Batches: 16  Memory Usage: 2873kB
        ->  Hash Join  (cost=98137.04..154981.62 rows=1015706 width=8) (actual time=2062.773..3680.747 rows=750135 loops=1)
              Hash Cond: (mi_idx.movie_id = t.id)
              ->  Seq Scan on movie_info_idx mi_idx  (cost=0.00..21735.35 rows=1380035 width=4) (actual time=0.023..477.292 rows=1380035 loops=1)
              ->  Hash  (cost=67604.59..67604.59 rows=1860996 width=4) (actual time=2061.388..2061.388 rows=1865487 loops=1)
                    Buckets: 131072  Batches: 32  Memory Usage: 3079kB
                    ->  Seq Scan on title t  (cost=0.00..67604.59 rows=1860996 width=4) (actual time=0.017..1446.211 rows=1865487 loops=1)
                          Filter: (kind_id > 1)
                          Rows Removed by Filter: 662825
Planning time: 1.142 ms
Execution time: 7493.183 ms
