Seq Scan on movie_keyword mk  (cost=0.00..81003.12 rows=1209137 width=0) (actual time=0.018..1395.561 rows=1218621 loops=1)
  Filter: (keyword_id > 14972)
  Rows Removed by Filter: 3305309
Planning time: 0.320 ms
Execution time: 1547.563 ms
