Hash Join  (cost=176145.07..1253927.62 rows=4281138 width=0) (actual time=3372.522..37099.501 rows=8124236 loops=1)
  Hash Cond: (ci.movie_id = t.id)
  ->  Seq Scan on cast_info ci  (cost=0.00..614943.12 rows=36225612 width=4) (actual time=0.018..13505.781 rows=36244344 loops=1)
  ->  Hash  (cost=171241.81..171241.81 rows=298821 width=8) (actual time=3371.723..3371.723 rows=292877 loops=1)
        Buckets: 131072  Batches: 4  Memory Usage: 3886kB
        ->  Hash Join  (cost=102767.86..171241.81 rows=298821 width=8) (actual time=1858.712..3289.917 rows=292877 loops=1)
              Hash Cond: (mc.movie_id = t.id)
              ->  Seq Scan on movie_companies mc  (cost=0.00..51404.11 rows=298821 width=4) (actual time=0.022..829.493 rows=292877 loops=1)
                    Filter: (company_id < 160)
                    Rows Removed by Filter: 2316252
              ->  Hash  (cost=61283.27..61283.27 rows=2528527 width=4) (actual time=1857.438..1857.438 rows=2528312 loops=1)
                    Buckets: 131072  Batches: 64  Memory Usage: 2415kB
                    ->  Seq Scan on title t  (cost=0.00..61283.27 rows=2528527 width=4) (actual time=0.018..1025.399 rows=2528312 loops=1)
Planning time: 1.134 ms
Execution time: 38034.612 ms
