Seq Scan on cast_info ci  (cost=0.00..796071.18 rows=1489238 width=0) (actual time=0.044..35676.611 rows=2458898 loops=1)
  Filter: ((person_id > 2306143) AND (role_id = 3))
  Rows Removed by Filter: 33785446
Planning time: 0.364 ms
Execution time: 36065.824 ms
