Hash Join  (cost=102603.93..911438.28 rows=1090 width=0) (actual time=2443.785..13951.433 rows=5050 loops=1)
  Hash Cond: (ci.movie_id = t.id)
  ->  Seq Scan on cast_info ci  (cost=0.00..796071.18 rows=3400603 width=4) (actual time=907.372..11647.225 rows=5311866 loops=1)
        Filter: ((person_id > 3129478) AND (role_id > 1))
        Rows Removed by Filter: 30932478
  ->  Hash  (cost=102593.79..102593.79 rows=811 width=8) (actual time=1536.251..1536.251 rows=1961 loops=1)
        Buckets: 2048 (originally 1024)  Batches: 1 (originally 1)  Memory Usage: 93kB
        ->  Hash Join  (cost=73953.78..102593.79 rows=811 width=8) (actual time=1086.715..1535.432 rows=1961 loops=1)
              Hash Cond: (mi_idx.movie_id = t.id)
              ->  Seq Scan on movie_info_idx mi_idx  (cost=0.00..25185.44 rows=919057 width=4) (actual time=0.017..411.670 rows=920110 loops=1)
                    Filter: (info_type_id > 99)
                    Rows Removed by Filter: 459925
              ->  Hash  (cost=73925.90..73925.90 rows=2230 width=4) (actual time=987.647..987.647 rows=2493 loops=1)
                    Buckets: 4096  Batches: 1  Memory Usage: 120kB
                    ->  Seq Scan on title t  (cost=0.00..73925.90 rows=2230 width=4) (actual time=386.988..986.333 rows=2493 loops=1)
                          Filter: ((kind_id < 3) AND (production_year = 1934))
                          Rows Removed by Filter: 2525819
Planning time: 1.230 ms
Execution time: 13952.606 ms
