Seq Scan on cast_info ci  (cost=0.00..705507.15 rows=500 width=0) (actual time=1236.239..11262.253 rows=1001 loops=1)
  Filter: (person_id = 1559227)
  Rows Removed by Filter: 36243343
Planning time: 0.386 ms
Execution time: 11262.475 ms
