Hash Join  (cost=709676.99..1074350.81 rows=1790 width=0) (actual time=11307.156..18870.173 rows=2345 loops=1)
  Hash Cond: (mi.movie_id = t.id)
  ->  Seq Scan on movie_info mi  (cost=0.00..309384.22 rows=14739122 width=4) (actual time=0.018..4781.889 rows=14835720 loops=1)
  ->  Hash  (cost=709673.15..709673.15 rows=307 width=8) (actual time=11217.310..11217.310 rows=713 loops=1)
        Buckets: 1024  Batches: 1  Memory Usage: 36kB
        ->  Nested Loop  (cost=0.43..709673.15 rows=307 width=8) (actual time=5407.081..11216.923 rows=713 loops=1)
              ->  Seq Scan on cast_info ci  (cost=0.00..705507.15 rows=500 width=4) (actual time=5406.970..11186.240 rows=728 loops=1)
                    Filter: (person_id = 3049826)
                    Rows Removed by Filter: 36243616
              ->  Index Scan using title_pkey on title t  (cost=0.43..8.32 rows=1 width=4) (actual time=0.041..0.041 rows=1 loops=728)
                    Index Cond: (id = ci.movie_id)
                    Filter: (kind_id > 4)
                    Rows Removed by Filter: 0
Planning time: 1.263 ms
Execution time: 18870.672 ms
