Seq Scan on movie_companies mc  (cost=0.00..57926.93 rows=847462 width=0) (actual time=316.354..1059.855 rows=1056356 loops=1)
  Filter: ((company_id > 3612) AND (company_type_id = 2))
  Rows Removed by Filter: 1552773
Planning time: 0.407 ms
Execution time: 1180.067 ms
