Seq Scan on movie_info mi  (cost=0.00..346232.03 rows=1084031 width=0) (actual time=3720.971..5503.526 rows=1141235 loops=1)
  Filter: (info_type_id > 54)
  Rows Removed by Filter: 13694485
Planning time: 0.335 ms
Execution time: 5647.370 ms
