Hash Join  (cost=190230.21..1290922.94 rows=9595296 width=0) (actual time=8550.084..38131.815 rows=23287309 loops=1)
  Hash Cond: (ci.movie_id = t.id)
  ->  Seq Scan on cast_info ci  (cost=0.00..796071.18 rows=17580689 width=4) (actual time=4129.208..17870.673 rows=21065751 loops=1)
        Filter: ((person_id > 884387) AND (role_id > 1))
        Rows Removed by Filter: 15178593
  ->  Hash  (cost=167588.78..167588.78 rows=1380035 width=8) (actual time=4419.934..4419.934 rows=1380035 loops=1)
        Buckets: 131072  Batches: 32  Memory Usage: 2708kB
        ->  Hash Join  (cost=102767.86..167588.78 rows=1380035 width=8) (actual time=1983.527..4008.945 rows=1380035 loops=1)
              Hash Cond: (mi_idx.movie_id = t.id)
              ->  Seq Scan on movie_info_idx mi_idx  (cost=0.00..21735.35 rows=1380035 width=4) (actual time=0.021..491.831 rows=1380035 loops=1)
              ->  Hash  (cost=61283.27..61283.27 rows=2528527 width=4) (actual time=1982.871..1982.871 rows=2528312 loops=1)
                    Buckets: 131072  Batches: 64  Memory Usage: 2415kB
                    ->  Seq Scan on title t  (cost=0.00..61283.27 rows=2528527 width=4) (actual time=0.015..1125.236 rows=2528312 loops=1)
Planning time: 1.173 ms
Execution time: 40612.013 ms
