Seq Scan on cast_info ci  (cost=0.00..796071.18 rows=1872033 width=0) (actual time=6116.877..14097.800 rows=1410223 loops=1)
  Filter: ((person_id < 2556120) AND (role_id = 4))
  Rows Removed by Filter: 34834121
Planning time: 0.406 ms
Execution time: 14274.345 ms
