Hash Join  (cost=67697.55..149805.23 rows=860 width=0) (actual time=1091.663..2442.091 rows=2493 loops=1)
  Hash Cond: (mk.movie_id = t.id)
  ->  Seq Scan on movie_keyword mk  (cost=0.00..81003.12 rows=292255 width=4) (actual time=0.010..1279.470 rows=311486 loops=1)
        Filter: (keyword_id < 249)
        Rows Removed by Filter: 4212444
  ->  Hash  (cost=67604.59..67604.59 rows=7437 width=4) (actual time=1088.336..1088.336 rows=13736 loops=1)
        Buckets: 16384 (originally 8192)  Batches: 1 (originally 1)  Memory Usage: 611kB
        ->  Seq Scan on title t  (cost=0.00..67604.59 rows=7437 width=4) (actual time=0.043..1081.751 rows=13736 loops=1)
              Filter: (production_year = 1974)
              Rows Removed by Filter: 2514576
Planning time: 0.774 ms
Execution time: 2442.859 ms
