Hash Join  (cost=190066.81..316117.57 rows=1232970 width=0) (actual time=4481.766..8818.138 rows=5556512 loops=1)
  Hash Cond: (mk.movie_id = t.id)
  ->  Seq Scan on movie_keyword mk  (cost=0.00..81003.12 rows=2388515 width=4) (actual time=0.026..1727.317 rows=2383784 loops=1)
        Filter: (keyword_id > 3991)
        Rows Removed by Filter: 2140146
  ->  Hash  (cost=168652.25..168652.25 rows=1305245 width=8) (actual time=4480.168..4480.168 rows=1365044 loops=1)
        Buckets: 131072  Batches: 32  Memory Usage: 2709kB
        ->  Hash Join  (cost=106840.27..168652.25 rows=1305245 width=8) (actual time=2173.902..4077.757 rows=1365044 loops=1)
              Hash Cond: (mi_idx.movie_id = t.id)
              ->  Seq Scan on movie_info_idx mi_idx  (cost=0.00..21735.35 rows=1380035 width=4) (actual time=0.020..457.576 rows=1380035 loops=1)
              ->  Hash  (cost=67604.59..67604.59 rows=2391495 width=4) (actual time=2172.514..2172.514 rows=2388876 loops=1)
                    Buckets: 131072  Batches: 32  Memory Usage: 3646kB
                    ->  Seq Scan on title t  (cost=0.00..67604.59 rows=2391495 width=4) (actual time=0.021..1408.444 rows=2388876 loops=1)
                          Filter: (production_year < 2013)
                          Rows Removed by Filter: 139436
Planning time: 1.122 ms
Execution time: 9464.663 ms
