Seq Scan on title t  (cost=0.00..73925.90 rows=1356688 width=0) (actual time=0.011..1037.213 rows=1327781 loops=1)
  Filter: ((kind_id > 6) AND (production_year < 2012))
  Rows Removed by Filter: 1200531
Planning time: 0.343 ms
Execution time: 1195.203 ms
