Hash Join  (cost=118038.10..243203.28 rows=259614 width=0) (actual time=2261.084..4991.429 rows=583950 loops=1)
  Hash Cond: (mk.movie_id = t.id)
  ->  Seq Scan on movie_keyword mk  (cost=0.00..69693.30 rows=4523930 width=4) (actual time=0.018..1310.217 rows=4523930 loops=1)
  ->  Hash  (cost=115657.30..115657.30 rows=145104 width=8) (actual time=2260.056..2260.056 rows=103705 loops=1)
        Buckets: 131072  Batches: 2  Memory Usage: 3054kB
        ->  Hash Join  (cost=80562.70..115657.30 rows=145104 width=8) (actual time=1362.626..2225.211 rows=103705 loops=1)
              Hash Cond: (mi_idx.movie_id = t.id)
              ->  Seq Scan on movie_info_idx mi_idx  (cost=0.00..25185.44 rows=464566 width=4) (actual time=0.022..478.629 rows=459925 loops=1)
                    Filter: (info_type_id = 101)
                    Rows Removed by Filter: 920110
              ->  Hash  (cost=67604.59..67604.59 rows=789769 width=4) (actual time=1361.479..1361.479 rows=784926 loops=1)
                    Buckets: 131072  Batches: 16  Memory Usage: 2749kB
                    ->  Seq Scan on title t  (cost=0.00..67604.59 rows=789769 width=4) (actual time=0.027..1085.934 rows=784926 loops=1)
                          Filter: (production_year > 2007)
                          Rows Removed by Filter: 1743386
Planning time: 1.192 ms
Execution time: 5061.446 ms
