Hash Join  (cost=767826.32..2635419.40 rows=68531895 width=0) (actual time=22714.325..94500.833 rows=159417188 loops=1)
  Hash Cond: (ci.movie_id = t.id)
  ->  Seq Scan on cast_info ci  (cost=0.00..705507.15 rows=23499554 width=4) (actual time=0.014..16797.900 rows=23573656 loops=1)
        Filter: (role_id > 1)
        Rows Removed by Filter: 12670688
  ->  Hash  (cost=646846.83..646846.83 rows=7373959 width=8) (actual time=22710.814..22710.814 rows=8867937 loops=1)
        Buckets: 131072  Batches: 128  Memory Usage: 3697kB
        ->  Hash Join  (cost=88359.31..646846.83 rows=7373959 width=8) (actual time=1736.932..20107.739 rows=8867937 loops=1)
              Hash Cond: (mi.movie_id = t.id)
              ->  Seq Scan on movie_info mi  (cost=0.00..309384.22 rows=14739122 width=4) (actual time=0.013..6135.724 rows=14835720 loops=1)
              ->  Hash  (cost=67604.59..67604.59 rows=1265018 width=4) (actual time=1735.845..1735.845 rows=1263700 loops=1)
                    Buckets: 131072  Batches: 32  Memory Usage: 2419kB
                    ->  Seq Scan on title t  (cost=0.00..67604.59 rows=1265018 width=4) (actual time=0.006..1294.259 rows=1263700 loops=1)
                          Filter: (production_year < 2004)
                          Rows Removed by Filter: 1264612
Planning time: 1.162 ms
Execution time: 112144.732 ms
