Nested Loop  (cost=32749.09..121171.73 rows=990 width=0) (actual time=615.906..2014.161 rows=3209 loops=1)
  ->  Hash Join  (cost=32748.66..116600.77 rows=5391 width=8) (actual time=615.836..1915.181 rows=3209 loops=1)
        Hash Cond: (mk.movie_id = mi_idx.movie_id)
        ->  Seq Scan on movie_keyword mk  (cost=0.00..81003.12 rows=5429 width=4) (actual time=0.026..1219.075 rows=6326 loops=1)
              Filter: (keyword_id = 498)
              Rows Removed by Filter: 4517604
        ->  Hash  (cost=25185.44..25185.44 rows=460978 width=4) (actual time=613.545..613.545 rows=459925 loops=1)
              Buckets: 131072  Batches: 8  Memory Usage: 3059kB
              ->  Seq Scan on movie_info_idx mi_idx  (cost=0.00..25185.44 rows=460978 width=4) (actual time=0.022..465.555 rows=459925 loops=1)
                    Filter: (info_type_id = 99)
                    Rows Removed by Filter: 920110
  ->  Index Only Scan using title_pkey on title t  (cost=0.43..0.84 rows=1 width=4) (actual time=0.030..0.030 rows=1 loops=3209)
        Index Cond: (id = mi_idx.movie_id)
        Heap Fetches: 3209
Planning time: 2.482 ms
Execution time: 2015.204 ms
