Hash Join  (cost=58358.90..809155.38 rows=731 width=0) (actual time=772.305..14806.825 rows=1655 loops=1)
  Hash Cond: (ci.movie_id = t.id)
  ->  Seq Scan on cast_info ci  (cost=0.00..614943.12 rows=36225612 width=4) (actual time=0.014..7777.883 rows=36244344 loops=1)
  ->  Hash  (cost=58358.27..58358.27 rows=51 width=8) (actual time=744.679..744.679 rows=68 loops=1)
        Buckets: 1024  Batches: 1  Memory Usage: 11kB
        ->  Nested Loop  (cost=0.43..58358.27 rows=51 width=8) (actual time=352.608..744.614 rows=68 loops=1)
              ->  Seq Scan on movie_companies mc  (cost=0.00..57926.93 rows=51 width=4) (actual time=352.505..741.596 rows=68 loops=1)
                    Filter: ((company_id = 2879) AND (company_type_id = 1))
                    Rows Removed by Filter: 2609061
              ->  Index Only Scan using title_pkey on title t  (cost=0.43..8.45 rows=1 width=4) (actual time=0.042..0.043 rows=1 loops=68)
                    Index Cond: (id = mc.movie_id)
                    Heap Fetches: 68
Planning time: 1.180 ms
Execution time: 14807.812 ms
