Hash Join  (cost=127794.00..218664.65 rows=9917 width=0) (actual time=1987.846..3987.581 rows=63288 loops=1)
  Hash Cond: (mk.movie_id = t.id)
  ->  Seq Scan on movie_keyword mk  (cost=0.00..81003.12 rows=2604893 width=4) (actual time=0.039..1540.539 rows=2593063 loops=1)
        Filter: (keyword_id < 6924)
        Rows Removed by Filter: 1930867
  ->  Hash  (cost=127673.68..127673.68 rows=9626 width=8) (actual time=1987.681..1987.681 rows=25018 loops=1)
        Buckets: 32768 (originally 16384)  Batches: 1 (originally 1)  Memory Usage: 1234kB
        ->  Hash Join  (cost=74700.71..127673.68 rows=9626 width=8) (actual time=1005.337..1976.876 rows=25018 loops=1)
              Hash Cond: (mc.movie_id = t.id)
              ->  Seq Scan on movie_companies mc  (cost=0.00..51404.11 rows=392693 width=4) (actual time=0.021..841.529 rows=393040 loops=1)
                    Filter: (company_id < 240)
                    Rows Removed by Filter: 2216089
              ->  Hash  (cost=73925.90..73925.90 rows=61984 width=4) (actual time=1004.990..1004.990 rows=51290 loops=1)
                    Buckets: 65536  Batches: 1  Memory Usage: 2316kB
                    ->  Seq Scan on title t  (cost=0.00..73925.90 rows=61984 width=4) (actual time=630.296..989.325 rows=51290 loops=1)
                          Filter: ((production_year > 1997) AND (kind_id = 3))
                          Rows Removed by Filter: 2477022
Planning time: 1.163 ms
Execution time: 3996.098 ms
