Hash Join  (cost=83810.17..997780.28 rows=2879822 width=0) (actual time=27435.942..44866.548 rows=775378 loops=1)
  Hash Cond: (ci.movie_id = t.id)
  ->  Seq Scan on cast_info ci  (cost=0.00..796071.18 rows=7372187 width=4) (actual time=23624.308..39502.141 rows=1785374 loops=1)
        Filter: ((person_id > 1491245) AND (role_id < 2))
        Rows Removed by Filter: 34458970
  ->  Hash  (cost=67604.59..67604.59 rows=987727 width=4) (actual time=3810.337..3810.337 rows=985048 loops=1)
        Buckets: 131072  Batches: 16  Memory Usage: 3188kB
        ->  Seq Scan on title t  (cost=0.00..67604.59 rows=987727 width=4) (actual time=6.193..3150.324 rows=985048 loops=1)
              Filter: (kind_id < 7)
              Rows Removed by Filter: 1543264
Planning time: 0.719 ms
Execution time: 44972.379 ms
