Hash Join  (cost=214976.03..303128.29 rows=496611 width=0) (actual time=4450.695..7579.048 rows=3795453 loops=1)
  Hash Cond: (mc.movie_id = t.id)
  ->  Seq Scan on movie_companies mc  (cost=0.00..51404.11 rows=2584543 width=4) (actual time=1.063..1189.333 rows=2585931 loops=1)
        Filter: (company_id < 213569)
        Rows Removed by Filter: 23198
  ->  Hash  (cost=207004.93..207004.93 rows=485848 width=8) (actual time=4448.777..4448.777 rows=451475 loops=1)
        Buckets: 131072  Batches: 8  Memory Usage: 3260kB
        ->  Hash Join  (cost=105316.09..207004.93 rows=485848 width=8) (actual time=2072.901..4321.720 rows=451475 loops=1)
              Hash Cond: (mk.movie_id = t.id)
              ->  Seq Scan on movie_keyword mk  (cost=0.00..81003.12 rows=534447 width=4) (actual time=0.308..1229.404 rows=525080 loops=1)
                    Filter: (keyword_id > 34601)
                    Rows Removed by Filter: 3998850
              ->  Hash  (cost=67604.59..67604.59 rows=2298600 width=4) (actual time=2071.486..2071.486 rows=2287271 loops=1)
                    Buckets: 131072  Batches: 32  Memory Usage: 3550kB
                    ->  Seq Scan on title t  (cost=0.00..67604.59 rows=2298600 width=4) (actual time=0.022..1328.570 rows=2287271 loops=1)
                          Filter: (production_year > 1950)
                          Rows Removed by Filter: 241041
Planning time: 2.324 ms
Execution time: 7954.239 ms
