Nested Loop  (cost=0.43..58375.18 rows=53 width=0) (actual time=149.614..914.469 rows=302 loops=1)
  ->  Seq Scan on movie_companies mc  (cost=0.00..57926.93 rows=53 width=4) (actual time=149.527..908.189 rows=302 loops=1)
        Filter: ((company_type_id > 1) AND (company_id = 85087))
        Rows Removed by Filter: 2608827
  ->  Index Only Scan using title_pkey on title t  (cost=0.43..8.45 rows=1 width=4) (actual time=0.020..0.020 rows=1 loops=302)
        Index Cond: (id = mc.movie_id)
        Heap Fetches: 302
Planning time: 8.829 ms
Execution time: 914.615 ms
