Seq Scan on movie_companies mc  (cost=0.00..57926.93 rows=1015044 width=0) (actual time=474.486..1135.179 rows=1162352 loops=1)
  Filter: ((company_id > 741) AND (company_type_id = 2))
  Rows Removed by Filter: 1446777
Planning time: 0.389 ms
Execution time: 1281.216 ms
