Hash Join  (cost=194899.66..561547.99 rows=199240 width=0) (actual time=3704.818..12203.229 rows=543120 loops=1)
  Hash Cond: (mi.movie_id = t.id)
  ->  Seq Scan on movie_info mi  (cost=0.00..309384.22 rows=14739122 width=4) (actual time=0.014..4619.278 rows=14835720 loops=1)
  ->  Hash  (cost=194472.41..194472.41 rows=34180 width=8) (actual time=3704.395..3704.395 rows=27507 loops=1)
        Buckets: 65536  Batches: 1  Memory Usage: 1587kB
        ->  Hash Join  (cost=102767.86..194472.41 rows=34180 width=8) (actual time=1998.839..3694.170 rows=27507 loops=1)
              Hash Cond: (mk.movie_id = t.id)
              ->  Seq Scan on movie_keyword mk  (cost=0.00..81003.12 rows=34180 width=4) (actual time=0.019..1301.613 rows=27507 loops=1)
                    Filter: (keyword_id < 28)
                    Rows Removed by Filter: 4496423
              ->  Hash  (cost=61283.27..61283.27 rows=2528527 width=4) (actual time=1992.444..1992.444 rows=2528312 loops=1)
                    Buckets: 131072  Batches: 64  Memory Usage: 2425kB
                    ->  Seq Scan on title t  (cost=0.00..61283.27 rows=2528527 width=4) (actual time=0.022..1129.762 rows=2528312 loops=1)
Planning time: 1.210 ms
Execution time: 12280.144 ms
