Seq Scan on cast_info ci  (cost=0.00..796071.18 rows=6979933 width=0) (actual time=2673.409..15178.920 rows=8145108 loops=1)
  Filter: ((person_id > 919850) AND (role_id > 4))
  Rows Removed by Filter: 28099236
Planning time: 0.248 ms
Execution time: 16193.835 ms
