Hash Join  (cost=200395.70..1077554.42 rows=1574407 width=0) (actual time=13094.053..25156.395 rows=5609219 loops=1)
  Hash Cond: (ci.movie_id = t.id)
  ->  Seq Scan on cast_info ci  (cost=0.00..796071.18 rows=5402260 width=4) (actual time=7611.474..14197.802 rows=7345980 loops=1)
        Filter: ((person_id > 1521694) AND (role_id > 4))
        Rows Removed by Filter: 28898364
  ->  Hash  (cost=188305.43..188305.43 rows=736901 width=8) (actual time=5481.585..5481.585 rows=957008 loops=1)
        Buckets: 131072  Batches: 16  Memory Usage: 3362kB
        ->  Hash Join  (cost=102767.86..188305.43 rows=736901 width=8) (actual time=2116.678..5191.904 rows=957008 loops=1)
              Hash Cond: (mc.movie_id = t.id)
              ->  Seq Scan on movie_companies mc  (cost=0.00..57926.93 rows=736901 width=4) (actual time=0.034..1089.741 rows=957008 loops=1)
                    Filter: ((company_id > 9374) AND (company_type_id = 2))
                    Rows Removed by Filter: 1652121
              ->  Hash  (cost=61283.27..61283.27 rows=2528527 width=4) (actual time=2115.578..2115.578 rows=2528312 loops=1)
                    Buckets: 131072  Batches: 64  Memory Usage: 2415kB
                    ->  Seq Scan on title t  (cost=0.00..61283.27 rows=2528527 width=4) (actual time=0.014..1021.655 rows=2528312 loops=1)
Planning time: 1.175 ms
Execution time: 25715.657 ms
