Hash Join  (cost=219664.98..689009.42 rows=3471216 width=0) (actual time=7157.758..17817.380 rows=8246650 loops=1)
  Hash Cond: (mi.movie_id = t.id)
  ->  Seq Scan on movie_info mi  (cost=0.00..346232.03 rows=7235534 width=4) (actual time=2078.527..6476.214 rows=7286865 loops=1)
        Filter: (info_type_id < 8)
        Rows Removed by Filter: 7548855
  ->  Hash  (cost=199762.86..199762.86 rows=1213050 width=8) (actual time=5077.226..5077.226 rows=1282947 loops=1)
        Buckets: 131072 (originally 131072)  Batches: 32 (originally 16)  Memory Usage: 3073kB
        ->  Hash Join  (cost=102767.86..199762.86 rows=1213050 width=8) (actual time=2057.823..4738.095 rows=1282947 loops=1)
              Hash Cond: (mc.movie_id = t.id)
              ->  Seq Scan on movie_companies mc  (cost=0.00..57926.93 rows=1213050 width=4) (actual time=72.952..1153.093 rows=1282947 loops=1)
                    Filter: ((company_id > 82) AND (company_type_id = 2))
                    Rows Removed by Filter: 1326182
              ->  Hash  (cost=61283.27..61283.27 rows=2528527 width=4) (actual time=1983.797..1983.797 rows=2528312 loops=1)
                    Buckets: 131072  Batches: 64  Memory Usage: 2415kB
                    ->  Seq Scan on title t  (cost=0.00..61283.27 rows=2528527 width=4) (actual time=0.025..1138.396 rows=2528312 loops=1)
Planning time: 1.212 ms
Execution time: 18764.250 ms
