Seq Scan on movie_companies mc  (cost=0.00..51404.11 rows=509358 width=0) (actual time=0.017..831.904 rows=506288 loops=1)
  Filter: (company_id < 461)
  Rows Removed by Filter: 2102841
Planning time: 0.233 ms
Execution time: 895.014 ms
