Seq Scan on cast_info ci  (cost=0.00..796071.18 rows=22725845 width=0) (actual time=0.016..18004.833 rows=22356140 loops=1)
  Filter: ((person_id < 3825933) AND (role_id > 1))
  Rows Removed by Filter: 13888204
Planning time: 0.371 ms
Execution time: 20759.435 ms
