Seq Scan on movie_keyword mk  (cost=0.00..81003.12 rows=167485 width=0) (actual time=0.031..514.591 rows=182426 loops=1)
  Filter: (keyword_id < 135)
  Rows Removed by Filter: 4341504
Planning time: 0.224 ms
Execution time: 528.270 ms
