Hash Join  (cost=190230.21..303508.31 rows=862078 width=0) (actual time=4332.133..7650.881 rows=3601334 loops=1)
  Hash Cond: (mk.movie_id = t.id)
  ->  Seq Scan on movie_keyword mk  (cost=0.00..81003.12 rows=1579517 width=4) (actual time=0.012..1484.864 rows=1587016 loops=1)
        Filter: (keyword_id < 2426)
        Rows Removed by Filter: 2936914
  ->  Hash  (cost=167588.78..167588.78 rows=1380035 width=8) (actual time=4330.972..4330.972 rows=1380035 loops=1)
        Buckets: 131072  Batches: 32  Memory Usage: 2726kB
        ->  Hash Join  (cost=102767.86..167588.78 rows=1380035 width=8) (actual time=1988.511..3915.684 rows=1380035 loops=1)
              Hash Cond: (mi_idx.movie_id = t.id)
              ->  Seq Scan on movie_info_idx mi_idx  (cost=0.00..21735.35 rows=1380035 width=4) (actual time=0.014..467.348 rows=1380035 loops=1)
              ->  Hash  (cost=61283.27..61283.27 rows=2528527 width=4) (actual time=1986.773..1986.773 rows=2528312 loops=1)
                    Buckets: 131072  Batches: 64  Memory Usage: 2415kB
                    ->  Seq Scan on title t  (cost=0.00..61283.27 rows=2528527 width=4) (actual time=0.012..1127.459 rows=2528312 loops=1)
Planning time: 0.772 ms
Execution time: 8077.812 ms
