Nested Loop  (cost=0.43..798787.41 rows=324 width=0) (actual time=10265.864..14325.580 rows=4 loops=1)
  ->  Seq Scan on cast_info ci  (cost=0.00..796071.18 rows=324 width=4) (actual time=10265.756..14325.367 rows=4 loops=1)
        Filter: ((role_id > 1) AND (person_id = 2551608))
        Rows Removed by Filter: 36244340
  ->  Index Only Scan using title_pkey on title t  (cost=0.43..8.37 rows=1 width=4) (actual time=0.038..0.039 rows=1 loops=4)
        Index Cond: (id = ci.movie_id)
        Heap Fetches: 4
Planning time: 0.784 ms
Execution time: 14325.663 ms
