Hash Join  (cost=208239.99..1094485.46 rows=1641000 width=0) (actual time=5414.129..32214.819 rows=26749752 loops=1)
  Hash Cond: (ci.movie_id = t.id)
  ->  Seq Scan on cast_info ci  (cost=0.00..705507.15 rows=12726058 width=4) (actual time=0.009..13945.873 rows=12670688 loops=1)
        Filter: (role_id < 2)
        Rows Removed by Filter: 23573656
  ->  Hash  (cost=202890.38..202890.38 rows=326049 width=8) (actual time=5412.330..5412.330 rows=1376482 loops=1)
        Buckets: 131072 (originally 131072)  Batches: 32 (originally 8)  Memory Usage: 3073kB
        ->  Hash Join  (cost=76915.85..202890.38 rows=326049 width=8) (actual time=1408.769..4976.097 rows=1376482 loops=1)
              Hash Cond: (mk.movie_id = t.id)
              ->  Seq Scan on movie_keyword mk  (cost=0.00..69693.30 rows=4523930 width=4) (actual time=0.010..1407.306 rows=4523930 loops=1)
              ->  Hash  (cost=73925.90..73925.90 rows=182236 width=4) (actual time=1408.290..1408.290 rows=315565 loops=1)
                    Buckets: 131072  Batches: 4  Memory Usage: 3805kB
                    ->  Seq Scan on title t  (cost=0.00..73925.90 rows=182236 width=4) (actual time=0.010..1121.552 rows=315565 loops=1)
                          Filter: ((production_year < 1990) AND (kind_id = 1))
                          Rows Removed by Filter: 2212747
Planning time: 0.701 ms
Execution time: 35146.569 ms
