Hash Join  (cost=249173.30..1806636.14 rows=14951068 width=176) (actual time=5465.679..59017.223 rows=31153282 loops=1)
  Hash Cond: (ci.movie_id = t.id)
  ->  Seq Scan on cast_info ci  (cost=0.00..614943.12 rows=36225612 width=42) (actual time=0.020..10259.599 rows=36244344 loops=1)
  ->  Hash  (cost=215745.60..215745.60 rows=1043576 width=134) (actual time=5463.632..5463.632 rows=829639 loops=1)
        Buckets: 32768  Batches: 64  Memory Usage: 2126kB
        ->  Hash Join  (cost=95061.31..215745.60 rows=1043576 width=134) (actual time=2225.168..4940.395 rows=829639 loops=1)
              Hash Cond: (mc.movie_id = t.id)
              ->  Seq Scan on movie_companies mc  (cost=0.00..44881.29 rows=2609129 width=40) (actual time=0.021..606.426 rows=2609129 loops=1)
              ->  Hash  (cost=67604.59..67604.59 rows=1011338 width=94) (actual time=2223.542..2223.542 rows=1012920 loops=1)
                    Buckets: 32768  Batches: 64  Memory Usage: 2052kB
                    ->  Seq Scan on title t  (cost=0.00..67604.59 rows=1011338 width=94) (actual time=0.017..1069.478 rows=1012920 loops=1)
                          Filter: (production_year > 2005)
                          Rows Removed by Filter: 1515392
Planning time: 1.380 ms
Execution time: 60848.059 ms
