Hash Join  (cost=155341.69..506345.55 rows=4 width=0) (actual time=4508.481..8006.502 rows=101 loops=1)
  Hash Cond: (mi.movie_id = t.id)
  ->  Seq Scan on movie_info mi  (cost=0.00..346232.03 rows=1272478 width=4) (actual time=1874.014..5383.168 rows=1325361 loops=1)
        Filter: (info_type_id = 8)
        Rows Removed by Filter: 13510359
  ->  Hash  (cost=155341.59..155341.59 rows=8 width=8) (actual time=2438.710..2438.710 rows=106 loops=1)
        Buckets: 1024  Batches: 1  Memory Usage: 13kB
        ->  Hash Join  (cost=73928.08..155341.59 rows=8 width=8) (actual time=1134.928..2438.582 rows=106 loops=1)
              Hash Cond: (mk.movie_id = t.id)
              ->  Seq Scan on movie_keyword mk  (cost=0.00..81003.12 rows=109414 width=4) (actual time=0.098..1277.786 rows=121921 loops=1)
                    Filter: (keyword_id < 117)
                    Rows Removed by Filter: 4402009
              ->  Hash  (cost=73925.90..73925.90 rows=174 width=4) (actual time=1130.373..1130.373 rows=3217 loops=1)
                    Buckets: 4096 (originally 1024)  Batches: 1 (originally 1)  Memory Usage: 146kB
                    ->  Seq Scan on title t  (cost=0.00..73925.90 rows=174 width=4) (actual time=558.546..1128.824 rows=3217 loops=1)
                          Filter: ((production_year > 2013) AND (kind_id = 1))
                          Rows Removed by Filter: 2525095
Planning time: 1.251 ms
Execution time: 8006.662 ms
