Seq Scan on cast_info ci  (cost=0.00..796071.18 rows=4713785 width=0) (actual time=6049.991..12875.829 rows=2816557 loops=1)
  Filter: ((person_id < 1376646) AND (role_id > 3))
  Rows Removed by Filter: 33427787
Planning time: 0.472 ms
Execution time: 13255.659 ms
