Hash Join  (cost=101276.54..160300.89 rows=18351 width=0) (actual time=1704.017..3101.303 rows=49435 loops=1)
  Hash Cond: (mc.movie_id = t.id)
  ->  Seq Scan on movie_companies mc  (cost=0.00..51404.11 rows=1983126 width=4) (actual time=0.041..978.305 rows=1978816 loops=1)
        Filter: (company_id < 59690)
        Rows Removed by Filter: 630313
  ->  Hash  (cost=100984.05..100984.05 rows=23399 width=8) (actual time=1703.697..1703.697 rows=20111 loops=1)
        Buckets: 32768  Batches: 1  Memory Usage: 1042kB
        ->  Hash Join  (cost=69694.50..100984.05 rows=23399 width=8) (actual time=1008.504..1695.856 rows=20111 loops=1)
              Hash Cond: (mi_idx.movie_id = t.id)
              ->  Seq Scan on movie_info_idx mi_idx  (cost=0.00..25185.44 rows=464566 width=4) (actual time=0.016..482.042 rows=459925 loops=1)
                    Filter: (info_type_id = 101)
                    Rows Removed by Filter: 920110
              ->  Hash  (cost=67604.59..67604.59 rows=127353 width=4) (actual time=1007.682..1007.682 rows=128696 loops=1)
                    Buckets: 131072  Batches: 2  Memory Usage: 3284kB
                    ->  Seq Scan on title t  (cost=0.00..67604.59 rows=127353 width=4) (actual time=0.015..960.998 rows=128696 loops=1)
                          Filter: (production_year = 2009)
                          Rows Removed by Filter: 2399616
Planning time: 1.208 ms
Execution time: 3108.403 ms
