Nested Loop  (cost=0.43..796536.34 rows=55 width=0) (actual time=4127.643..9669.983 rows=6 loops=1)
  ->  Seq Scan on cast_info ci  (cost=0.00..796071.18 rows=55 width=4) (actual time=4127.521..9669.745 rows=6 loops=1)
        Filter: ((person_id = 3425) AND (role_id = 3))
        Rows Removed by Filter: 36244338
  ->  Index Only Scan using title_pkey on title t  (cost=0.43..8.45 rows=1 width=4) (actual time=0.030..0.030 rows=1 loops=6)
        Index Cond: (id = ci.movie_id)
        Heap Fetches: 6
Planning time: 0.788 ms
Execution time: 9670.062 ms
