Seq Scan on cast_info ci  (cost=0.00..796071.18 rows=168 width=0) (actual time=4783.920..13387.796 rows=2 loops=1)
  Filter: ((role_id > 3) AND (person_id = 3059244))
  Rows Removed by Filter: 36244342
Planning time: 0.266 ms
Execution time: 13387.885 ms
