Hash Join  (cost=79677.10..165194.18 rows=759256 width=0) (actual time=1431.194..4138.650 rows=1101353 loops=1)
  Hash Cond: (mc.movie_id = t.id)
  ->  Seq Scan on movie_companies mc  (cost=0.00..44881.29 rows=2609129 width=4) (actual time=0.023..1008.353 rows=2609129 loops=1)
  ->  Hash  (cost=67604.59..67604.59 rows=735801 width=4) (actual time=1430.372..1430.372 rows=730985 loops=1)
        Buckets: 131072  Batches: 16  Memory Usage: 2631kB
        ->  Seq Scan on title t  (cost=0.00..67604.59 rows=735801 width=4) (actual time=0.024..1193.428 rows=730985 loops=1)
              Filter: (production_year < 1992)
              Rows Removed by Filter: 1797327
Planning time: 0.761 ms
Execution time: 4277.034 ms
