Hash Join  (cost=190230.21..1335694.51 rows=13935073 width=0) (actual time=4201.027..40627.297 rows=28441678 loops=1)
  Hash Cond: (ci.movie_id = t.id)
  ->  Seq Scan on cast_info ci  (cost=0.00..705507.15 rows=25532112 width=4) (actual time=0.020..15720.454 rows=25709325 loops=1)
        Filter: (person_id > 1033956)
        Rows Removed by Filter: 10535019
  ->  Hash  (cost=167588.78..167588.78 rows=1380035 width=8) (actual time=4199.392..4199.392 rows=1380035 loops=1)
        Buckets: 131072  Batches: 32  Memory Usage: 2708kB
        ->  Hash Join  (cost=102767.86..167588.78 rows=1380035 width=8) (actual time=1889.039..3815.933 rows=1380035 loops=1)
              Hash Cond: (mi_idx.movie_id = t.id)
              ->  Seq Scan on movie_info_idx mi_idx  (cost=0.00..21735.35 rows=1380035 width=4) (actual time=0.028..485.810 rows=1380035 loops=1)
              ->  Hash  (cost=61283.27..61283.27 rows=2528527 width=4) (actual time=1887.947..1887.947 rows=2528312 loops=1)
                    Buckets: 131072  Batches: 64  Memory Usage: 2415kB
                    ->  Seq Scan on title t  (cost=0.00..61283.27 rows=2528527 width=4) (actual time=0.008..1045.801 rows=2528312 loops=1)
Planning time: 1.105 ms
Execution time: 43880.052 ms
