Hash Join  (cost=177316.51..1301612.95 rows=8809127 width=0) (actual time=4217.514..36364.978 rows=10915963 loops=1)
  Hash Cond: (ci.movie_id = t.id)
  ->  Seq Scan on cast_info ci  (cost=0.00..614943.12 rows=36225612 width=4) (actual time=0.024..13407.328 rows=36244344 loops=1)
  ->  Hash  (cost=167228.61..167228.61 rows=614872 width=8) (actual time=4216.561..4216.561 rows=302721 loops=1)
        Buckets: 131072  Batches: 16  Memory Usage: 1747kB
        ->  Hash Join  (cost=83702.37..167228.61 rows=614872 width=8) (actual time=1615.006..4134.425 rows=302721 loops=1)
              Hash Cond: (mc.movie_id = t.id)
              ->  Seq Scan on movie_companies mc  (cost=0.00..44881.29 rows=2609129 width=4) (actual time=0.027..924.041 rows=2609129 loops=1)
              ->  Hash  (cost=73925.90..73925.90 rows=595877 width=4) (actual time=1614.121..1614.121 rows=651538 loops=1)
                    Buckets: 131072  Batches: 8  Memory Usage: 3887kB
                    ->  Seq Scan on title t  (cost=0.00..73925.90 rows=595877 width=4) (actual time=0.072..1399.651 rows=651538 loops=1)
                          Filter: ((kind_id > 3) AND (production_year > 2006))
                          Rows Removed by Filter: 1876774
Planning time: 1.187 ms
Execution time: 37624.631 ms
