Hash Join  (cost=71408.55..198464.52 rows=414793 width=0) (actual time=3918.334..11124.855 rows=151801 loops=1)
  Hash Cond: (mk.movie_id = t.id)
  ->  Seq Scan on movie_keyword mk  (cost=0.00..69693.30 rows=4523930 width=4) (actual time=0.017..4946.781 rows=4523930 loops=1)
  ->  Hash  (cost=67604.59..67604.59 rows=231837 width=4) (actual time=3896.622..3896.622 rows=231649 loops=1)
        Buckets: 131072  Batches: 4  Memory Usage: 3082kB
        ->  Seq Scan on title t  (cost=0.00..67604.59 rows=231837 width=4) (actual time=0.013..3618.288 rows=231649 loops=1)
              Filter: (production_year > 2011)
              Rows Removed by Filter: 2296663
Planning time: 0.693 ms
Execution time: 11146.230 ms
