Seq Scan on cast_info ci  (cost=0.00..796071.18 rows=706130 width=0) (actual time=2269.367..11461.764 rows=417101 loops=1)
  Filter: ((person_id < 199863) AND (role_id > 3))
  Rows Removed by Filter: 35827243
Planning time: 0.411 ms
Execution time: 11510.273 ms
