Seq Scan on cast_info ci  (cost=0.00..796071.18 rows=17657625 width=0) (actual time=0.031..15223.291 rows=14558977 loops=1)
  Filter: ((person_id < 2795053) AND (role_id > 1))
  Rows Removed by Filter: 21685367
Planning time: 0.369 ms
Execution time: 17002.772 ms
