Hash Join  (cost=455440.79..1232584.58 rows=62537 width=0) (actual time=12856.144..24189.622 rows=40838 loops=1)
  Hash Cond: (ci.movie_id = t.id)
  ->  Seq Scan on cast_info ci  (cost=0.00..705507.15 rows=9468168 width=4) (actual time=4199.048..13652.323 rows=9384703 loops=1)
        Filter: (role_id > 4)
        Rows Removed by Filter: 26859641
  ->  Hash  (cost=455232.02..455232.02 rows=16701 width=8) (actual time=8656.385..8656.385 rows=14850 loops=1)
        Buckets: 32768  Batches: 1  Memory Usage: 837kB
        ->  Hash Join  (cost=73982.71..455232.02 rows=16701 width=8) (actual time=1194.728..8649.060 rows=14850 loops=1)
              Hash Cond: (mi.movie_id = t.id)
              ->  Seq Scan on movie_info mi  (cost=0.00..346232.03 rows=9293409 width=4) (actual time=158.538..6094.367 rows=9425200 loops=1)
                    Filter: (info_type_id > 5)
                    Rows Removed by Filter: 5410520
              ->  Hash  (cost=73925.90..73925.90 rows=4544 width=4) (actual time=1035.948..1035.948 rows=4032 loops=1)
                    Buckets: 8192  Batches: 1  Memory Usage: 206kB
                    ->  Seq Scan on title t  (cost=0.00..73925.90 rows=4544 width=4) (actual time=0.460..1033.694 rows=4032 loops=1)
                          Filter: ((kind_id = 2) AND (production_year = 2008))
                          Rows Removed by Filter: 2524280
Planning time: 1.309 ms
Execution time: 24197.386 ms
