Hash Join  (cost=134657.42..221325.71 rows=1025 width=0) (actual time=2103.281..3869.177 rows=47880 loops=1)
  Hash Cond: (mk.movie_id = t.id)
  ->  Seq Scan on movie_keyword mk  (cost=0.00..69693.30 rows=4523930 width=4) (actual time=0.027..948.954 rows=4523930 loops=1)
  ->  Hash  (cost=134650.26..134650.26 rows=573 width=8) (actual time=2102.791..2102.791 rows=1910 loops=1)
        Buckets: 2048 (originally 1024)  Batches: 1 (originally 1)  Memory Usage: 91kB
        ->  Hash Join  (cost=73950.44..134650.26 rows=573 width=8) (actual time=1590.331..2101.858 rows=1910 loops=1)
              Hash Cond: (mc.movie_id = t.id)
              ->  Seq Scan on movie_companies mc  (cost=0.00..57926.93 rows=737907 width=4) (actual time=430.583..915.540 rows=524226 loops=1)
                    Filter: ((company_id > 7457) AND (company_type_id < 2))
                    Rows Removed by Filter: 2084903
              ->  Hash  (cost=73925.90..73925.90 rows=1963 width=4) (actual time=1096.761..1096.761 rows=3692 loops=1)
                    Buckets: 4096 (originally 2048)  Batches: 1 (originally 1)  Memory Usage: 162kB
                    ->  Seq Scan on title t  (cost=0.00..73925.90 rows=1963 width=4) (actual time=28.477..1094.724 rows=3692 loops=1)
                          Filter: ((kind_id = 1) AND (production_year = 1964))
                          Rows Removed by Filter: 2524620
Planning time: 2.228 ms
Execution time: 3875.323 ms
