Hash Join  (cost=165545.48..206573.95 rows=194399 width=0) (actual time=3881.567..5494.537 rows=1785135 loops=1)
  Hash Cond: (mi_idx.movie_id = t.id)
  ->  Seq Scan on movie_info_idx mi_idx  (cost=0.00..21735.35 rows=1380035 width=4) (actual time=0.024..455.287 rows=1380035 loops=1)
  ->  Hash  (cost=159701.20..159701.20 rows=356182 width=8) (actual time=3880.588..3880.588 rows=903763 loops=1)
        Buckets: 131072 (originally 131072)  Batches: 16 (originally 8)  Memory Usage: 3219kB
        ->  Hash Join  (cost=83810.17..159701.20 rows=356182 width=8) (actual time=1434.473..3626.699 rows=903763 loops=1)
              Hash Cond: (mc.movie_id = t.id)
              ->  Seq Scan on movie_companies mc  (cost=0.00..57926.93 rows=911806 width=4) (actual time=0.023..1186.255 rows=1220602 loops=1)
                    Filter: ((company_id < 36299) AND (company_type_id = 1))
                    Rows Removed by Filter: 1388527
              ->  Hash  (cost=67604.59..67604.59 rows=987727 width=4) (actual time=1433.638..1433.638 rows=985048 loops=1)
                    Buckets: 131072  Batches: 16  Memory Usage: 3188kB
                    ->  Seq Scan on title t  (cost=0.00..67604.59 rows=987727 width=4) (actual time=0.019..1141.755 rows=985048 loops=1)
                          Filter: (kind_id < 7)
                          Rows Removed by Filter: 1543264
Planning time: 1.188 ms
Execution time: 5697.878 ms
