Hash Join  (cost=102767.86..282245.47 rows=3681876 width=0) (actual time=5472.581..14638.896 rows=3676355 loops=1)
  Hash Cond: (mk.movie_id = t.id)
  ->  Seq Scan on movie_keyword mk  (cost=0.00..81003.12 rows=3681876 width=4) (actual time=0.027..5397.905 rows=3676355 loops=1)
        Filter: (keyword_id > 807)
        Rows Removed by Filter: 847575
  ->  Hash  (cost=61283.27..61283.27 rows=2528527 width=4) (actual time=5470.229..5470.229 rows=2528312 loops=1)
        Buckets: 131072  Batches: 64  Memory Usage: 2425kB
        ->  Seq Scan on title t  (cost=0.00..61283.27 rows=2528527 width=4) (actual time=0.017..4291.036 rows=2528312 loops=1)
Planning time: 4.502 ms
Execution time: 15123.491 ms
