Hash Join  (cost=85855.67..167441.04 rows=544524 width=0) (actual time=1530.394..3563.271 rows=153124 loops=1)
  Hash Cond: (mc.movie_id = t.id)
  ->  Seq Scan on movie_companies mc  (cost=0.00..51404.11 rows=1893606 width=4) (actual time=0.025..1051.502 rows=1904688 loops=1)
        Filter: (company_id > 1310)
        Rows Removed by Filter: 704441
  ->  Hash  (cost=73925.90..73925.90 rows=727101 width=4) (actual time=1529.448..1529.448 rows=796159 loops=1)
        Buckets: 131072  Batches: 16  Memory Usage: 2780kB
        ->  Seq Scan on title t  (cost=0.00..73925.90 rows=727101 width=4) (actual time=110.573..1273.712 rows=796159 loops=1)
              Filter: ((production_year > 2003) AND (kind_id = 7))
              Rows Removed by Filter: 1732153
Planning time: 3.575 ms
Execution time: 3579.789 ms
