Hash Join  (cost=126008.10..508013.68 rows=23738 width=0) (actual time=1455.571..9112.871 rows=149470 loops=1)
  Hash Cond: (mi.movie_id = t.id)
  ->  Seq Scan on movie_info mi  (cost=0.00..346232.03 rows=9476311 width=4) (actual time=0.014..6037.408 rows=9565151 loops=1)
        Filter: (info_type_id < 16)
        Rows Removed by Filter: 5270569
  ->  Hash  (cost=125928.93..125928.93 rows=6334 width=8) (actual time=1455.317..1455.317 rows=5403 loops=1)
        Buckets: 8192  Batches: 1  Memory Usage: 276kB
        ->  Nested Loop  (cost=0.43..125928.93 rows=6334 width=8) (actual time=0.113..1452.000 rows=5403 loops=1)
              ->  Seq Scan on movie_keyword mk  (cost=0.00..81003.12 rows=6334 width=4) (actual time=0.050..1261.411 rows=5403 loops=1)
                    Filter: (keyword_id = 107)
                    Rows Removed by Filter: 4518527
              ->  Index Only Scan using title_pkey on title t  (cost=0.43..7.08 rows=1 width=4) (actual time=0.033..0.034 rows=1 loops=5403)
                    Index Cond: (id = mk.movie_id)
                    Heap Fetches: 5403
Planning time: 1.146 ms
Execution time: 9134.817 ms
