Hash Join  (cost=97151.21..161631.99 rows=246176 width=0) (actual time=1868.005..3237.759 rows=111748 loops=1)
  Hash Cond: (mc.movie_id = t.id)
  ->  Seq Scan on movie_companies mc  (cost=0.00..51404.11 rows=439709 width=4) (actual time=0.025..878.747 rows=445083 loops=1)
        Filter: (company_id > 77737)
        Rows Removed by Filter: 2164046
  ->  Hash  (cost=73925.90..73925.90 rows=1415624 width=4) (actual time=1866.719..1866.719 rows=1398720 loops=1)
        Buckets: 131072  Batches: 32  Memory Usage: 2560kB
        ->  Seq Scan on title t  (cost=0.00..73925.90 rows=1415624 width=4) (actual time=0.025..1412.590 rows=1398720 loops=1)
              Filter: ((kind_id > 1) AND (production_year < 2010))
              Rows Removed by Filter: 1129592
Planning time: 0.815 ms
Execution time: 3251.345 ms
