Hash Join  (cost=263115.61..1145741.97 rows=3231826 width=0) (actual time=7137.733..19879.158 rows=3125571 loops=1)
  Hash Cond: (ci.movie_id = t.id)
  ->  Seq Scan on cast_info ci  (cost=0.00..796071.18 rows=3131987 width=4) (actual time=983.837..11787.948 rows=1307821 loops=1)
        Filter: ((person_id < 457388) AND (role_id > 1))
        Rows Removed by Filter: 34936523
  ->  Hash  (cost=220309.49..220309.49 rows=2609129 width=8) (actual time=6152.092..6152.092 rows=2609129 loops=1)
        Buckets: 131072  Batches: 64  Memory Usage: 2610kB
        ->  Hash Join  (cost=102767.86..220309.49 rows=2609129 width=8) (actual time=1855.226..5400.966 rows=2609129 loops=1)
              Hash Cond: (mc.movie_id = t.id)
              ->  Seq Scan on movie_companies mc  (cost=0.00..44881.29 rows=2609129 width=4) (actual time=0.020..971.845 rows=2609129 loops=1)
              ->  Hash  (cost=61283.27..61283.27 rows=2528527 width=4) (actual time=1854.372..1854.372 rows=2528312 loops=1)
                    Buckets: 131072  Batches: 64  Memory Usage: 2415kB
                    ->  Seq Scan on title t  (cost=0.00..61283.27 rows=2528527 width=4) (actual time=0.011..1035.022 rows=2528312 loops=1)
Planning time: 1.184 ms
Execution time: 20259.309 ms
