Hash Join  (cost=28267.77..392928.60 rows=489 width=0) (actual time=543.958..7455.127 rows=37528 loops=1)
  Hash Cond: (mi.movie_id = t.id)
  ->  Seq Scan on movie_info mi  (cost=0.00..309384.22 rows=14739122 width=4) (actual time=0.013..4325.952 rows=14835720 loops=1)
  ->  Hash  (cost=28266.72..28266.72 rows=84 width=8) (actual time=406.126..406.126 rows=120 loops=1)
        Buckets: 1024  Batches: 1  Memory Usage: 13kB
        ->  Nested Loop  (cost=0.43..28266.72 rows=84 width=8) (actual time=7.615..406.056 rows=120 loops=1)
              ->  Seq Scan on movie_info_idx mi_idx  (cost=0.00..25185.44 rows=368 width=4) (actual time=7.525..398.508 rows=260 loops=1)
                    Filter: (info_type_id > 101)
                    Rows Removed by Filter: 1379775
              ->  Index Scan using title_pkey on title t  (cost=0.43..8.36 rows=1 width=4) (actual time=0.028..0.028 rows=0 loops=260)
                    Index Cond: (id = mi_idx.movie_id)
                    Filter: (production_year < 1984)
                    Rows Removed by Filter: 1
Planning time: 1.152 ms
Execution time: 7460.799 ms
