Hash Join  (cost=184606.88..222983.88 rows=125493 width=0) (actual time=3461.315..4481.925 rows=164720 loops=1)
  Hash Cond: (mi_idx.movie_id = t.id)
  ->  Seq Scan on movie_info_idx mi_idx  (cost=0.00..25185.44 rows=915101 width=4) (actual time=0.021..538.644 rows=919850 loops=1)
        Filter: (info_type_id < 101)
        Rows Removed by Filter: 460185
  ->  Hash  (cost=178917.50..178917.50 rows=346751 width=8) (actual time=3460.323..3460.323 rows=190938 loops=1)
        Buckets: 131072  Batches: 8  Memory Usage: 1966kB
        ->  Hash Join  (cost=102767.86..178917.50 rows=346751 width=8) (actual time=2030.604..3400.491 rows=190938 loops=1)
              Hash Cond: (mc.movie_id = t.id)
              ->  Seq Scan on movie_companies mc  (cost=0.00..57926.93 rows=346751 width=4) (actual time=209.744..916.199 rows=190938 loops=1)
                    Filter: ((company_id < 1085) AND (company_type_id > 1))
                    Rows Removed by Filter: 2418191
              ->  Hash  (cost=61283.27..61283.27 rows=2528527 width=4) (actual time=1819.640..1819.640 rows=2528312 loops=1)
                    Buckets: 131072  Batches: 64  Memory Usage: 2415kB
                    ->  Seq Scan on title t  (cost=0.00..61283.27 rows=2528527 width=4) (actual time=0.023..1000.664 rows=2528312 loops=1)
Planning time: 1.126 ms
Execution time: 4502.118 ms
