Hash Join  (cost=135671.36..486683.82 rows=3996 width=0) (actual time=2227.383..5572.675 rows=7599 loops=1)
  Hash Cond: (mi.movie_id = t.id)
  ->  Seq Scan on movie_info mi  (cost=0.00..346232.03 rows=1264125 width=4) (actual time=853.799..3961.812 rows=1288928 loops=1)
        Filter: (info_type_id = 2)
        Rows Removed by Filter: 13546792
  ->  Hash  (cost=135571.46..135571.46 rows=7992 width=8) (actual time=1368.179..1368.179 rows=7673 loops=1)
        Buckets: 8192  Batches: 1  Memory Usage: 364kB
        ->  Nested Loop  (cost=0.43..135571.46 rows=7992 width=8) (actual time=0.359..1363.714 rows=7673 loops=1)
              ->  Seq Scan on movie_keyword mk  (cost=0.00..81003.12 rows=7992 width=4) (actual time=0.282..1180.778 rows=7673 loops=1)
                    Filter: (keyword_id = 7078)
                    Rows Removed by Filter: 4516257
              ->  Index Only Scan using title_pkey on title t  (cost=0.43..6.82 rows=1 width=4) (actual time=0.023..0.023 rows=1 loops=7673)
                    Index Cond: (id = mk.movie_id)
                    Heap Fetches: 7673
Planning time: 1.167 ms
Execution time: 5574.064 ms
