Hash Join  (cost=135030.73..500159.11 rows=47245 width=0) (actual time=2452.486..10077.144 rows=44816 loops=1)
  Hash Cond: (mi.movie_id = t.id)
  ->  Seq Scan on movie_info mi  (cost=0.00..309384.22 rows=14739122 width=4) (actual time=0.017..4558.107 rows=14835720 loops=1)
  ->  Hash  (cost=134929.42..134929.42 rows=8105 width=8) (actual time=2446.060..2446.060 rows=5012 loops=1)
        Buckets: 8192  Batches: 1  Memory Usage: 260kB
        ->  Hash Join  (cost=74291.13..134929.42 rows=8105 width=8) (actual time=1490.016..2443.794 rows=5012 loops=1)
              Hash Cond: (mc.movie_id = t.id)
              ->  Seq Scan on movie_companies mc  (cost=0.00..57926.93 rows=701414 width=4) (actual time=242.720..1057.086 rows=443203 loops=1)
                    Filter: ((company_id < 11722) AND (company_type_id = 2))
                    Rows Removed by Filter: 2165926
              ->  Hash  (cost=73925.90..73925.90 rows=29218 width=4) (actual time=1246.658..1246.658 rows=30850 loops=1)
                    Buckets: 32768  Batches: 1  Memory Usage: 1341kB
                    ->  Seq Scan on title t  (cost=0.00..73925.90 rows=29218 width=4) (actual time=0.032..1232.999 rows=30850 loops=1)
                          Filter: ((kind_id > 1) AND (production_year = 1995))
                          Rows Removed by Filter: 2497462
Planning time: 1.981 ms
Execution time: 10085.694 ms
