Seq Scan on movie_companies mc  (cost=0.00..51404.11 rows=556581 width=0) (actual time=120.742..846.130 rows=562311 loops=1)
  Filter: (company_id > 71607)
  Rows Removed by Filter: 2046818
Planning time: 0.313 ms
Execution time: 917.750 ms
