Seq Scan on movie_companies mc  (cost=0.00..57926.93 rows=565312 width=0) (actual time=93.843..823.956 rows=351050 loops=1)
  Filter: ((company_id < 7613) AND (company_type_id = 2))
  Rows Removed by Filter: 2258079
Planning time: 0.362 ms
Execution time: 859.092 ms
