Nested Loop  (cost=0.43..83072.29 rows=160 width=0) (actual time=10.529..4037.173 rows=112 loops=1)
  ->  Seq Scan on movie_keyword mk  (cost=0.00..81003.12 rows=246 width=4) (actual time=10.469..3949.610 rows=241 loops=1)
        Filter: (keyword_id = 8854)
        Rows Removed by Filter: 4523689
  ->  Index Scan using title_pkey on title t  (cost=0.43..8.40 rows=1 width=4) (actual time=0.359..0.360 rows=0 loops=241)
        Index Cond: (id = mk.movie_id)
        Filter: (production_year > 1994)
        Rows Removed by Filter: 1
Planning time: 0.719 ms
Execution time: 4038.233 ms
