Hash Join  (cost=214747.55..1367177.16 rows=7139741 width=0) (actual time=5263.754..53088.912 rows=58882413 loops=1)
  Hash Cond: (ci.movie_id = t.id)
  ->  Seq Scan on cast_info ci  (cost=0.00..614943.12 rows=36225612 width=4) (actual time=0.021..13711.629 rows=36244344 loops=1)
  ->  Hash  (cost=206571.18..206571.18 rows=498350 width=8) (actual time=5262.700..5262.700 rows=1600655 loops=1)
        Buckets: 131072 (originally 131072)  Batches: 32 (originally 8)  Memory Usage: 3073kB
        ->  Hash Join  (cost=78496.64..206571.18 rows=498350 width=8) (actual time=1274.173..4862.563 rows=1600655 loops=1)
              Hash Cond: (mk.movie_id = t.id)
              ->  Seq Scan on movie_keyword mk  (cost=0.00..69693.30 rows=4523930 width=4) (actual time=0.014..1445.450 rows=4523930 loops=1)
              ->  Hash  (cost=73925.90..73925.90 rows=278539 width=4) (actual time=1273.464..1273.464 rows=392019 loops=1)
                    Buckets: 131072 (originally 131072)  Batches: 8 (originally 4)  Memory Usage: 3073kB
                    ->  Seq Scan on title t  (cost=0.00..73925.90 rows=278539 width=4) (actual time=0.067..1135.557 rows=392019 loops=1)
                          Filter: ((kind_id < 7) AND (production_year < 1991))
                          Rows Removed by Filter: 2136293
Planning time: 0.677 ms
Execution time: 59915.716 ms
