Hash Join  (cost=254879.21..820360.51 rows=8859872 width=0) (actual time=7266.433..25733.014 rows=30929700 loops=1)
  Hash Cond: (mi.movie_id = t.id)
  ->  Seq Scan on movie_info mi  (cost=0.00..346232.03 rows=9476311 width=4) (actual time=325.766..6301.217 rows=9565151 loops=1)
        Filter: (info_type_id < 16)
        Rows Removed by Filter: 5270569
  ->  Hash  (cost=216093.65..216093.65 rows=2364045 width=8) (actual time=6939.734..6939.734 rows=2219977 loops=1)
        Buckets: 131072  Batches: 32  Memory Usage: 3780kB
        ->  Hash Join  (cost=105192.26..216093.65 rows=2364045 width=8) (actual time=2104.807..5485.925 rows=2219977 loops=1)
              Hash Cond: (mc.movie_id = t.id)
              ->  Seq Scan on movie_companies mc  (cost=0.00..44881.29 rows=2609129 width=4) (actual time=0.015..888.840 rows=2609129 loops=1)
              ->  Hash  (cost=67604.59..67604.59 rows=2291014 width=4) (actual time=2103.512..2103.512 rows=2281608 loops=1)
                    Buckets: 131072  Batches: 32  Memory Usage: 3535kB
                    ->  Seq Scan on title t  (cost=0.00..67604.59 rows=2291014 width=4) (actual time=0.033..1372.036 rows=2281608 loops=1)
                          Filter: (production_year > 1951)
                          Rows Removed by Filter: 246704
Planning time: 1.742 ms
Execution time: 29158.124 ms
