Hash Join  (cost=83810.17..169593.82 rows=23241 width=0) (actual time=1498.079..2922.695 rows=56318 loops=1)
  Hash Cond: (mk.movie_id = t.id)
  ->  Seq Scan on movie_keyword mk  (cost=0.00..81003.12 rows=59496 width=4) (actual time=0.063..1207.661 rows=56318 loops=1)
        Filter: (keyword_id > 96723)
        Rows Removed by Filter: 4467612
  ->  Hash  (cost=67604.59..67604.59 rows=987727 width=4) (actual time=1496.948..1496.948 rows=985048 loops=1)
        Buckets: 131072  Batches: 16  Memory Usage: 3197kB
        ->  Seq Scan on title t  (cost=0.00..67604.59 rows=987727 width=4) (actual time=0.027..1179.622 rows=985048 loops=1)
              Filter: (kind_id < 7)
              Rows Removed by Filter: 1543264
Planning time: 0.729 ms
Execution time: 2930.121 ms
