Hash Join  (cost=156487.41..990111.00 rows=1720403 width=0) (actual time=6962.318..21275.138 rows=3678249 loops=1)
  Hash Cond: (ci.movie_id = t.id)
  ->  Seq Scan on cast_info ci  (cost=0.00..705507.15 rows=9436642 width=4) (actual time=3606.534..12401.483 rows=9429105 loops=1)
        Filter: (person_id > 2762102)
        Rows Removed by Filter: 26815239
  ->  Hash  (cost=148924.19..148924.19 rows=460978 width=8) (actual time=3354.706..3354.706 rows=459925 loops=1)
        Buckets: 131072  Batches: 8  Memory Usage: 3275kB
        ->  Hash Join  (cost=102767.86..148924.19 rows=460978 width=8) (actual time=1929.178..3210.972 rows=459925 loops=1)
              Hash Cond: (mi_idx.movie_id = t.id)
              ->  Seq Scan on movie_info_idx mi_idx  (cost=0.00..25185.44 rows=460978 width=4) (actual time=0.036..458.433 rows=459925 loops=1)
                    Filter: (info_type_id < 100)
                    Rows Removed by Filter: 920110
              ->  Hash  (cost=61283.27..61283.27 rows=2528527 width=4) (actual time=1927.188..1927.188 rows=2528312 loops=1)
                    Buckets: 131072  Batches: 64  Memory Usage: 2415kB
                    ->  Seq Scan on title t  (cost=0.00..61283.27 rows=2528527 width=4) (actual time=0.024..1073.516 rows=2528312 loops=1)
Planning time: 6.620 ms
Execution time: 21660.451 ms
