Hash Join  (cost=224174.93..347523.36 rows=1231165 width=0) (actual time=5126.828..9564.958 rows=8783933 loops=1)
  Hash Cond: (mk.movie_id = t.id)
  ->  Seq Scan on movie_keyword mk  (cost=0.00..81003.12 rows=2095376 width=4) (actual time=0.008..1500.286 rows=2092386 loops=1)
        Filter: (keyword_id > 5761)
        Rows Removed by Filter: 2431544
  ->  Hash  (cost=199800.08..199800.08 rows=1485668 width=8) (actual time=5125.754..5125.754 rows=1487664 loops=1)
        Buckets: 131072  Batches: 32  Memory Usage: 2881kB
        ->  Hash Join  (cost=102767.86..199800.08 rows=1485668 width=8) (actual time=1955.338..4672.348 rows=1487664 loops=1)
              Hash Cond: (mc.movie_id = t.id)
              ->  Seq Scan on movie_companies mc  (cost=0.00..51404.11 rows=1485668 width=4) (actual time=0.015..1028.595 rows=1487664 loops=1)
                    Filter: (company_id > 7870)
                    Rows Removed by Filter: 1121465
              ->  Hash  (cost=61283.27..61283.27 rows=2528527 width=4) (actual time=1953.919..1953.919 rows=2528312 loops=1)
                    Buckets: 131072  Batches: 64  Memory Usage: 2415kB
                    ->  Seq Scan on title t  (cost=0.00..61283.27 rows=2528527 width=4) (actual time=0.024..1096.293 rows=2528312 loops=1)
Planning time: 2.448 ms
Execution time: 10464.340 ms
