Seq Scan on movie_companies mc  (cost=0.00..51404.11 rows=4175 width=0) (actual time=88.033..718.409 rows=3401 loops=1)
  Filter: (company_id = 11147)
  Rows Removed by Filter: 2605728
Planning time: 0.364 ms
Execution time: 719.184 ms
