Seq Scan on cast_info ci  (cost=0.00..705507.15 rows=24362974 width=0) (actual time=0.025..36493.964 rows=24307784 loops=1)
  Filter: (person_id < 2495797)
  Rows Removed by Filter: 11936560
Planning time: 0.293 ms
Execution time: 40445.228 ms
