Hash Join  (cost=98137.04..244629.69 rows=2124130 width=0) (actual time=2048.903..5699.169 rows=1019562 loops=1)
  Hash Cond: (mk.movie_id = t.id)
  ->  Seq Scan on movie_keyword mk  (cost=0.00..81003.12 rows=2886046 width=4) (actual time=0.026..1718.464 rows=2877143 loops=1)
        Filter: (keyword_id < 8932)
        Rows Removed by Filter: 1646787
  ->  Hash  (cost=67604.59..67604.59 rows=1860996 width=4) (actual time=2047.323..2047.323 rows=1865487 loops=1)
        Buckets: 131072  Batches: 32  Memory Usage: 3085kB
        ->  Seq Scan on title t  (cost=0.00..67604.59 rows=1860996 width=4) (actual time=0.019..1221.244 rows=1865487 loops=1)
              Filter: (kind_id > 1)
              Rows Removed by Filter: 662825
Planning time: 0.731 ms
Execution time: 5826.786 ms
