Hash Join  (cost=81703.78..508810.61 rows=1102582 width=0) (actual time=1654.995..11026.156 rows=2322543 loops=1)
  Hash Cond: (mi.movie_id = t.id)
  ->  Seq Scan on movie_info mi  (cost=0.00..346232.03 rows=5880796 width=4) (actual time=80.506..6343.586 rows=5869026 loops=1)
        Filter: (info_type_id > 13)
        Rows Removed by Filter: 8966694
  ->  Hash  (cost=73925.90..73925.90 rows=474070 width=4) (actual time=1293.295..1293.295 rows=496025 loops=1)
        Buckets: 131072  Batches: 8  Memory Usage: 3223kB
        ->  Seq Scan on title t  (cost=0.00..73925.90 rows=474070 width=4) (actual time=0.033..1142.327 rows=496025 loops=1)
              Filter: ((kind_id < 2) AND (production_year < 2009))
              Rows Removed by Filter: 2032287
Planning time: 0.789 ms
Execution time: 11305.596 ms
