Hash Join  (cost=148691.77..273669.39 rows=186355 width=0) (actual time=2957.504..5997.565 rows=1324113 loops=1)
  Hash Cond: (mk.movie_id = t.id)
  ->  Seq Scan on movie_keyword mk  (cost=0.00..81003.12 rows=3597587 width=4) (actual time=0.028..1654.759 rows=3589443 loops=1)
        Filter: (keyword_id < 20319)
        Rows Removed by Filter: 934487
  ->  Hash  (cost=146542.54..146542.54 rows=130978 width=8) (actual time=2956.142..2956.142 rows=105763 loops=1)
        Buckets: 131072  Batches: 2  Memory Usage: 3105kB
        ->  Hash Join  (cost=69687.24..146542.54 rows=130978 width=8) (actual time=1152.858..2917.911 rows=105763 loops=1)
              Hash Cond: (mc.movie_id = t.id)
              ->  Seq Scan on movie_companies mc  (cost=0.00..44881.29 rows=2609129 width=4) (actual time=0.009..822.781 rows=2609129 loops=1)
              ->  Hash  (cost=67604.59..67604.59 rows=126932 width=4) (actual time=935.853..935.853 rows=122861 loops=1)
                    Buckets: 131072  Batches: 2  Memory Usage: 3191kB
                    ->  Seq Scan on title t  (cost=0.00..67604.59 rows=126932 width=4) (actual time=0.016..889.782 rows=122861 loops=1)
                          Filter: (production_year = 2008)
                          Rows Removed by Filter: 2405451
Planning time: 1.169 ms
Execution time: 6161.917 ms
