Hash Join  (cost=455516.11..1469365.59 rows=2937429 width=0) (actual time=8118.804..36676.035 rows=6016975 loops=1)
  Hash Cond: (ci.movie_id = t.id)
  ->  Seq Scan on cast_info ci  (cost=0.00..705507.15 rows=24022411 width=4) (actual time=0.020..15562.492 rows=24130698 loops=1)
        Filter: (role_id < 4)
        Rows Removed by Filter: 12113646
  ->  Hash  (cost=450443.30..450443.30 rows=309185 width=8) (actual time=8117.944..8117.944 rows=555186 loops=1)
        Buckets: 131072  Batches: 8  Memory Usage: 3725kB
        ->  Hash Join  (cost=84005.63..450443.30 rows=309185 width=8) (actual time=5334.085..7961.842 rows=555186 loops=1)
              Hash Cond: (mi.movie_id = t.id)
              ->  Seq Scan on movie_info mi  (cost=0.00..346232.03 rows=1272478 width=4) (actual time=3858.233..5621.471 rows=1325361 loops=1)
                    Filter: (info_type_id = 8)
                    Rows Removed by Filter: 13510359
              ->  Hash  (cost=73925.90..73925.90 rows=614378 width=4) (actual time=1474.964..1474.964 rows=520376 loops=1)
                    Buckets: 131072  Batches: 16  Memory Usage: 2170kB
                    ->  Seq Scan on title t  (cost=0.00..73925.90 rows=614378 width=4) (actual time=0.016..1069.707 rows=520376 loops=1)
                          Filter: ((kind_id < 7) AND (production_year > 1996))
                          Rows Removed by Filter: 2007936
Planning time: 1.160 ms
Execution time: 37381.938 ms
