Hash Join  (cost=69283.60..136401.68 rows=51778 width=0) (actual time=1607.213..2511.526 rows=88090 loops=1)
  Hash Cond: (mc.movie_id = t.id)
  ->  Seq Scan on movie_companies mc  (cost=0.00..51404.11 rows=1279517 width=4) (actual time=222.770..923.751 rows=1274246 loops=1)
        Filter: (company_type_id < 2)
        Rows Removed by Filter: 1334883
  ->  Hash  (cost=67604.59..67604.59 rows=102321 width=4) (actual time=1096.687..1096.687 rows=100537 loops=1)
        Buckets: 131072  Batches: 2  Memory Usage: 2797kB
        ->  Seq Scan on title t  (cost=0.00..67604.59 rows=102321 width=4) (actual time=221.807..1059.126 rows=100537 loops=1)
              Filter: (kind_id = 3)
              Rows Removed by Filter: 2427775
Planning time: 0.715 ms
Execution time: 2522.787 ms
