Hash Join  (cost=102767.86..178368.30 rows=323908 width=0) (actual time=2201.892..3772.910 rows=623852 loops=1)
  Hash Cond: (mc.movie_id = t.id)
  ->  Seq Scan on movie_companies mc  (cost=0.00..57926.93 rows=323908 width=4) (actual time=384.893..1018.072 rows=623852 loops=1)
        Filter: ((company_id > 57066) AND (company_type_id = 2))
        Rows Removed by Filter: 1985277
  ->  Hash  (cost=61283.27..61283.27 rows=2528527 width=4) (actual time=1815.657..1815.657 rows=2528312 loops=1)
        Buckets: 131072  Batches: 64  Memory Usage: 2415kB
        ->  Seq Scan on title t  (cost=0.00..61283.27 rows=2528527 width=4) (actual time=0.025..979.952 rows=2528312 loops=1)
Planning time: 0.678 ms
Execution time: 3850.193 ms
