Seq Scan on cast_info ci  (cost=0.00..796071.18 rows=2714422 width=0) (actual time=10906.786..15667.273 rows=2728943 loops=1)
  Filter: ((person_id < 4007295) AND (role_id = 4))
  Rows Removed by Filter: 33515401
Planning time: 0.421 ms
Execution time: 16012.044 ms
