Seq Scan on movie_keyword mk  (cost=0.00..81003.12 rows=750185 width=0) (actual time=0.026..1469.587 rows=756413 loops=1)
  Filter: (keyword_id > 24736)
  Rows Removed by Filter: 3767517
Planning time: 0.327 ms
Execution time: 1563.773 ms
