Hash Join  (cost=102767.86..950031.42 rows=5480641 width=0) (actual time=1904.297..18443.605 rows=5402295 loops=1)
  Hash Cond: (ci.movie_id = t.id)
  ->  Seq Scan on cast_info ci  (cost=0.00..705507.15 rows=5480641 width=4) (actual time=0.026..11943.002 rows=5402295 loops=1)
        Filter: (person_id < 521305)
        Rows Removed by Filter: 30842049
  ->  Hash  (cost=61283.27..61283.27 rows=2528527 width=4) (actual time=1903.087..1903.087 rows=2528312 loops=1)
        Buckets: 131072  Batches: 64  Memory Usage: 2415kB
        ->  Seq Scan on title t  (cost=0.00..61283.27 rows=2528527 width=4) (actual time=0.021..1070.881 rows=2528312 loops=1)
Planning time: 0.734 ms
Execution time: 18986.166 ms
