Seq Scan on cast_info ci  (cost=0.00..796071.18 rows=13615166 width=0) (actual time=112.803..15415.979 rows=11702502 loops=1)
  Filter: ((person_id > 1537602) AND (role_id < 4))
  Rows Removed by Filter: 24541842
Planning time: 0.371 ms
Execution time: 16879.851 ms
