Hash Join  (cost=1153687.87..2102115.19 rows=35285588 width=0) (actual time=21371.272..48877.084 rows=52741220 loops=1)
  Hash Cond: (mi.movie_id = t.id)
  ->  Seq Scan on movie_info mi  (cost=0.00..309384.22 rows=14739122 width=4) (actual time=0.011..6354.305 rows=14835720 loops=1)
  ->  Hash  (cost=1054375.42..1054375.42 rows=6053316 width=8) (actual time=21368.696..21368.696 rows=3729865 loops=1)
        Buckets: 131072  Batches: 128  Memory Usage: 2214kB
        ->  Hash Join  (cost=102767.86..1054375.42 rows=6053316 width=8) (actual time=2033.199..19638.283 rows=3729865 loops=1)
              Hash Cond: (ci.movie_id = t.id)
              ->  Seq Scan on cast_info ci  (cost=0.00..796071.18 rows=6053316 width=4) (actual time=0.030..13276.093 rows=3729865 loops=1)
                    Filter: ((person_id < 1329782) AND (role_id > 2))
                    Rows Removed by Filter: 32514479
              ->  Hash  (cost=61283.27..61283.27 rows=2528527 width=4) (actual time=2031.085..2031.085 rows=2528312 loops=1)
                    Buckets: 131072  Batches: 64  Memory Usage: 2415kB
                    ->  Seq Scan on title t  (cost=0.00..61283.27 rows=2528527 width=4) (actual time=0.015..1190.330 rows=2528312 loops=1)
Planning time: 1.255 ms
Execution time: 54413.230 ms
