Hash Join  (cost=158347.36..653952.11 rows=1480582 width=0) (actual time=3166.109..21122.870 rows=20228102 loops=1)
  Hash Cond: (mi.movie_id = t.id)
  ->  Seq Scan on movie_info mi  (cost=0.00..309384.22 rows=14739122 width=4) (actual time=0.021..6189.600 rows=14835720 loops=1)
  ->  Hash  (cost=154179.40..154179.40 rows=253997 width=8) (actual time=3165.224..3165.224 rows=443307 loops=1)
        Buckets: 131072 (originally 131072)  Batches: 8 (originally 4)  Memory Usage: 3220kB
        ->  Hash Join  (cost=81720.25..154179.40 rows=253997 width=8) (actual time=1482.169..3015.763 rows=443307 loops=1)
              Hash Cond: (mc.movie_id = t.id)
              ->  Seq Scan on movie_companies mc  (cost=0.00..57926.93 rows=746465 width=4) (actual time=0.023..966.251 rows=531587 loops=1)
                    Filter: ((company_id > 6926) AND (company_type_id < 2))
                    Rows Removed by Filter: 2077542
              ->  Hash  (cost=67604.59..67604.59 rows=860373 width=4) (actual time=1481.031..1481.031 rows=854214 loops=1)
                    Buckets: 131072  Batches: 16  Memory Usage: 2897kB
                    ->  Seq Scan on title t  (cost=0.00..67604.59 rows=860373 width=4) (actual time=0.017..1214.011 rows=854214 loops=1)
                          Filter: (kind_id < 4)
                          Rows Removed by Filter: 1674098
Planning time: 1.169 ms
Execution time: 23413.744 ms
