Hash Join  (cost=131166.39..892613.37 rows=1065782 width=0) (actual time=3501.981..35274.391 rows=7472917 loops=1)
  Hash Cond: (ci.movie_id = t.id)
  ->  Seq Scan on cast_info ci  (cost=0.00..614943.12 rows=36225612 width=4) (actual time=0.040..9738.108 rows=36244344 loops=1)
  ->  Hash  (cost=130236.50..130236.50 rows=74391 width=8) (actual time=3500.678..3500.678 rows=425506 loops=1)
        Buckets: 131072 (originally 131072)  Batches: 2 (originally 1)  Memory Usage: 9372kB
        ->  Hash Join  (cost=74827.07..130236.50 rows=74391 width=8) (actual time=1268.748..3355.439 rows=425506 loops=1)
              Hash Cond: (mc.movie_id = t.id)
              ->  Seq Scan on movie_companies mc  (cost=0.00..44881.29 rows=2609129 width=4) (actual time=0.013..771.797 rows=2609129 loops=1)
              ->  Hash  (cost=73925.90..73925.90 rows=72093 width=4) (actual time=1175.212..1175.212 rows=198946 loops=1)
                    Buckets: 131072 (originally 131072)  Batches: 4 (originally 1)  Memory Usage: 3073kB
                    ->  Seq Scan on title t  (cost=0.00..73925.90 rows=72093 width=4) (actual time=22.863..1090.288 rows=198946 loops=1)
                          Filter: ((production_year < 1963) AND (kind_id = 1))
                          Rows Removed by Filter: 2329366
Planning time: 0.896 ms
Execution time: 36184.292 ms
