Seq Scan on movie_keyword mk  (cost=0.00..81003.12 rows=4038963 width=0) (actual time=0.028..1735.292 rows=4043665 loops=1)
  Filter: (keyword_id < 37259)
  Rows Removed by Filter: 480265
Planning time: 0.332 ms
Execution time: 2236.069 ms
