Hash Join  (cost=102767.86..233636.08 rows=1661729 width=0) (actual time=2022.570..5160.968 rows=1667627 loops=1)
  Hash Cond: (mk.movie_id = t.id)
  ->  Seq Scan on movie_keyword mk  (cost=0.00..81003.12 rows=1661729 width=4) (actual time=0.012..1487.825 rows=1667627 loops=1)
        Filter: (keyword_id > 8717)
        Rows Removed by Filter: 2856303
  ->  Hash  (cost=61283.27..61283.27 rows=2528527 width=4) (actual time=2021.069..2021.069 rows=2528312 loops=1)
        Buckets: 131072  Batches: 64  Memory Usage: 2425kB
        ->  Seq Scan on title t  (cost=0.00..61283.27 rows=2528527 width=4) (actual time=0.042..1173.574 rows=2528312 loops=1)
Planning time: 0.708 ms
Execution time: 5359.641 ms
