Seq Scan on movie_keyword mk  (cost=0.00..81003.12 rows=823822 width=0) (actual time=0.024..3865.037 rows=832537 loops=1)
  Filter: (keyword_id > 22111)
  Rows Removed by Filter: 3691393
Planning time: 8.571 ms
Execution time: 3999.631 ms
