Hash Join  (cost=184710.40..1332617.41 rows=11107484 width=0) (actual time=5758.996..51815.504 rows=49413495 loops=1)
  Hash Cond: (ci.movie_id = t.id)
  ->  Seq Scan on cast_info ci  (cost=0.00..614943.12 rows=36225612 width=4) (actual time=0.024..13353.988 rows=36244344 loops=1)
  ->  Hash  (cost=171990.20..171990.20 rows=775296 width=8) (actual time=5758.271..5758.271 rows=1616417 loops=1)
        Buckets: 131072 (originally 131072)  Batches: 32 (originally 16)  Memory Usage: 3073kB
        ->  Hash Join  (cost=86252.72..171990.20 rows=775296 width=8) (actual time=1482.874..5120.970 rows=1616417 loops=1)
              Hash Cond: (mc.movie_id = t.id)
              ->  Seq Scan on movie_companies mc  (cost=0.00..44881.29 rows=2609129 width=4) (actual time=0.028..900.667 rows=2609129 loops=1)
              ->  Hash  (cost=73925.90..73925.90 rows=751345 width=4) (actual time=1481.808..1481.808 rows=793943 loops=1)
                    Buckets: 131072  Batches: 16  Memory Usage: 2771kB
                    ->  Seq Scan on title t  (cost=0.00..73925.90 rows=751345 width=4) (actual time=0.032..1249.651 rows=793943 loops=1)
                          Filter: ((kind_id < 7) AND (production_year < 2010))
                          Rows Removed by Filter: 1734369
Planning time: 1.247 ms
Execution time: 57372.599 ms
