Hash Join  (cost=709678.15..1074363.23 rows=2915 width=0) (actual time=11026.230..18312.099 rows=219 loops=1)
  Hash Cond: (mi.movie_id = t.id)
  ->  Seq Scan on movie_info mi  (cost=0.00..309384.22 rows=14739122 width=4) (actual time=0.023..4621.315 rows=14835720 loops=1)
  ->  Hash  (cost=709671.90..709671.90 rows=500 width=8) (actual time=11018.145..11018.145 rows=48 loops=1)
        Buckets: 1024  Batches: 1  Memory Usage: 10kB
        ->  Nested Loop  (cost=0.43..709671.90 rows=500 width=8) (actual time=12.959..11018.081 rows=48 loops=1)
              ->  Seq Scan on cast_info ci  (cost=0.00..705507.15 rows=500 width=4) (actual time=12.856..11016.681 rows=48 loops=1)
                    Filter: (person_id = 3191291)
                    Rows Removed by Filter: 36244296
              ->  Index Only Scan using title_pkey on title t  (cost=0.43..8.32 rows=1 width=4) (actual time=0.026..0.026 rows=1 loops=48)
                    Index Cond: (id = ci.movie_id)
                    Heap Fetches: 48
Planning time: 1.203 ms
Execution time: 18312.342 ms
