Hash Join  (cost=28268.81..114928.53 rows=168 width=0) (actual time=442.077..2149.194 rows=22490 loops=1)
  Hash Cond: (mk.movie_id = t.id)
  ->  Seq Scan on movie_keyword mk  (cost=0.00..69693.30 rows=4523930 width=4) (actual time=0.018..953.721 rows=4523930 loops=1)
  ->  Hash  (cost=28267.64..28267.64 rows=94 width=8) (actual time=441.306..441.306 rows=140 loops=1)
        Buckets: 1024  Batches: 1  Memory Usage: 14kB
        ->  Nested Loop  (cost=0.43..28267.64 rows=94 width=8) (actual time=245.725..441.223 rows=140 loops=1)
              ->  Seq Scan on movie_info_idx mi_idx  (cost=0.00..25185.44 rows=368 width=4) (actual time=245.638..433.154 rows=260 loops=1)
                    Filter: (info_type_id > 101)
                    Rows Removed by Filter: 1379775
              ->  Index Scan using title_pkey on title t  (cost=0.43..8.37 rows=1 width=4) (actual time=0.030..0.030 rows=1 loops=260)
                    Index Cond: (id = mi_idx.movie_id)
                    Filter: ((kind_id < 4) AND (production_year > 1983))
                    Rows Removed by Filter: 0
Planning time: 1.200 ms
Execution time: 2152.149 ms
