Hash Join  (cost=80562.70..178294.14 rows=290117 width=0) (actual time=1498.052..3576.812 rows=198684 loops=1)
  Hash Cond: (mk.movie_id = t.id)
  ->  Seq Scan on movie_keyword mk  (cost=0.00..81003.12 rows=928838 width=4) (actual time=0.025..1495.113 rows=935534 loops=1)
        Filter: (keyword_id > 20298)
        Rows Removed by Filter: 3588396
  ->  Hash  (cost=67604.59..67604.59 rows=789769 width=4) (actual time=1496.570..1496.570 rows=784926 loops=1)
        Buckets: 131072  Batches: 16  Memory Usage: 2756kB
        ->  Seq Scan on title t  (cost=0.00..67604.59 rows=789769 width=4) (actual time=0.019..1237.530 rows=784926 loops=1)
              Filter: (production_year > 2007)
              Rows Removed by Filter: 1743386
Planning time: 0.783 ms
Execution time: 3600.669 ms
