Seq Scan on movie_companies mc  (cost=0.00..51404.11 rows=104 width=0) (actual time=1.944..789.526 rows=571 loops=1)
  Filter: (company_id = 120)
  Rows Removed by Filter: 2608558
Planning time: 0.314 ms
Execution time: 789.762 ms
