Hash Join  (cost=667767.05..2489448.37 rows=54656511 width=0) (actual time=21633.102..127789.817 rows=300156598 loops=1)
  Hash Cond: (ci.movie_id = t.id)
  ->  Seq Scan on cast_info ci  (cost=0.00..614943.12 rows=36225612 width=4) (actual time=0.013..13405.407 rows=36244344 loops=1)
  ->  Hash  (cost=605176.64..605176.64 rows=3814993 width=8) (actual time=21630.204..21630.204 rows=8242946 loops=1)
        Buckets: 131072 (originally 131072)  Batches: 128 (originally 64)  Memory Usage: 3525kB
        ->  Hash Join  (cost=84663.78..605176.64 rows=3814993 width=8) (actual time=1483.034..17911.947 rows=8242946 loops=1)
              Hash Cond: (mi.movie_id = t.id)
              ->  Seq Scan on movie_info mi  (cost=0.00..309384.22 rows=14739122 width=4) (actual time=0.020..6267.049 rows=14835720 loops=1)
              ->  Hash  (cost=73925.90..73925.90 rows=654470 width=4) (actual time=1481.663..1481.663 rows=686054 loops=1)
                    Buckets: 131072  Batches: 16  Memory Usage: 2540kB
                    ->  Seq Scan on title t  (cost=0.00..73925.90 rows=654470 width=4) (actual time=0.007..1261.622 rows=686054 loops=1)
                          Filter: ((kind_id < 4) AND (production_year < 2010))
                          Rows Removed by Filter: 1842258
Planning time: 1.021 ms
Execution time: 160715.086 ms
