Hash Join  (cost=160526.42..1082128.16 rows=4753839 width=0) (actual time=17031.098..60931.662 rows=6528744 loops=1)
  Hash Cond: (ci.movie_id = t.id)
  ->  Seq Scan on cast_info ci  (cost=0.00..705507.15 rows=14293656 width=4) (actual time=8543.916..40963.856 rows=14442727 loops=1)
        Filter: (person_id > 2216514)
        Rows Removed by Filter: 21801617
  ->  Hash  (cost=146729.58..146729.58 rows=840947 width=8) (actual time=8485.391..8485.391 rows=425718 loops=1)
        Buckets: 131072  Batches: 16  Memory Usage: 2062kB
        ->  Hash Join  (cost=92883.59..146729.58 rows=840947 width=8) (actual time=5654.721..8350.680 rows=425718 loops=1)
              Hash Cond: (mi_idx.movie_id = t.id)
              ->  Seq Scan on movie_info_idx mi_idx  (cost=0.00..21735.35 rows=1380035 width=4) (actual time=0.030..1444.987 rows=1380035 loops=1)
              ->  Hash  (cost=67604.59..67604.59 rows=1540800 width=4) (actual time=5264.083..5264.083 rows=1543264 loops=1)
                    Buckets: 131072  Batches: 32  Memory Usage: 2722kB
                    ->  Seq Scan on title t  (cost=0.00..67604.59 rows=1540800 width=4) (actual time=447.879..4591.646 rows=1543264 loops=1)
                          Filter: (kind_id = 7)
                          Rows Removed by Filter: 985048
Planning time: 6.691 ms
Execution time: 61840.995 ms
