Hash Join  (cost=228238.35..315446.23 rows=881936 width=0) (actual time=4655.074..8415.570 rows=6964434 loops=1)
  Hash Cond: (mc.movie_id = t.id)
  ->  Seq Scan on movie_companies mc  (cost=0.00..44881.29 rows=2609129 width=4) (actual time=0.022..1022.199 rows=2609129 loops=1)
  ->  Hash  (cost=214215.71..214215.71 rows=854691 width=8) (actual time=4635.366..4635.366 rows=862232 loops=1)
        Buckets: 131072  Batches: 16  Memory Usage: 3171kB
        ->  Hash Join  (cost=102767.86..214215.71 rows=854691 width=8) (actual time=2010.186..4406.819 rows=862232 loops=1)
              Hash Cond: (mk.movie_id = t.id)
              ->  Seq Scan on movie_keyword mk  (cost=0.00..81003.12 rows=854691 width=4) (actual time=0.028..1381.970 rows=862232 loops=1)
                    Filter: (keyword_id > 21346)
                    Rows Removed by Filter: 3661698
              ->  Hash  (cost=61283.27..61283.27 rows=2528527 width=4) (actual time=2009.146..2009.146 rows=2528312 loops=1)
                    Buckets: 131072  Batches: 64  Memory Usage: 2425kB
                    ->  Seq Scan on title t  (cost=0.00..61283.27 rows=2528527 width=4) (actual time=0.023..1154.428 rows=2528312 loops=1)
Planning time: 2.757 ms
Execution time: 9148.736 ms
