Seq Scan on cast_info ci  (cost=0.00..796071.18 rows=168 width=0) (actual time=1525.036..12396.044 rows=32 loops=1)
  Filter: ((role_id > 3) AND (person_id = 1460977))
  Rows Removed by Filter: 36244312
Planning time: 0.340 ms
Execution time: 12396.203 ms
