Hash Join  (cost=102767.86..175326.17 rows=197500 width=0) (actual time=6109.384..9016.789 rows=307213 loops=1)
  Hash Cond: (mc.movie_id = t.id)
  ->  Seq Scan on movie_companies mc  (cost=0.00..57926.93 rows=197500 width=4) (actual time=554.007..2763.159 rows=307213 loops=1)
        Filter: ((company_id < 253) AND (company_type_id = 1))
        Rows Removed by Filter: 2301916
  ->  Hash  (cost=61283.27..61283.27 rows=2528527 width=4) (actual time=5553.989..5553.989 rows=2528312 loops=1)
        Buckets: 131072  Batches: 64  Memory Usage: 2415kB
        ->  Seq Scan on title t  (cost=0.00..61283.27 rows=2528527 width=4) (actual time=0.022..4226.984 rows=2528312 loops=1)
Planning time: 17.085 ms
Execution time: 9061.514 ms
