Hash Join  (cost=73950.44..100842.38 rows=353 width=0) (actual time=1154.395..1593.840 rows=1765 loops=1)
  Hash Cond: (mi_idx.movie_id = t.id)
  ->  Seq Scan on movie_info_idx mi_idx  (cost=0.00..25185.44 rows=454124 width=4) (actual time=0.021..392.468 rows=459925 loops=1)
        Filter: (info_type_id = 100)
        Rows Removed by Filter: 920110
  ->  Hash  (cost=73925.90..73925.90 rows=1963 width=4) (actual time=1120.490..1120.490 rows=4142 loops=1)
        Buckets: 8192 (originally 2048)  Batches: 1 (originally 1)  Memory Usage: 210kB
        ->  Seq Scan on title t  (cost=0.00..73925.90 rows=1963 width=4) (actual time=3.393..1118.186 rows=4142 loops=1)
              Filter: ((kind_id = 1) AND (production_year = 1973))
              Rows Removed by Filter: 2524170
Planning time: 0.725 ms
Execution time: 1594.367 ms
