Seq Scan on movie_keyword mk  (cost=0.00..81003.12 rows=4358825 width=0) (actual time=0.028..1524.803 rows=4363934 loops=1)
  Filter: (keyword_id < 72855)
  Rows Removed by Filter: 159996
Planning time: 0.286 ms
Execution time: 2073.760 ms
