Seq Scan on movie_keyword mk  (cost=0.00..81003.12 rows=3250265 width=0) (actual time=0.013..1542.224 rows=3239832 loops=1)
  Filter: (keyword_id > 1659)
  Rows Removed by Filter: 1284098
Planning time: 0.278 ms
Execution time: 1950.146 ms
