Seq Scan on movie_keyword mk  (cost=0.00..81003.12 rows=3119951 width=0) (actual time=0.028..1447.882 rows=3106419 loops=1)
  Filter: (keyword_id < 11778)
  Rows Removed by Filter: 1417511
Planning time: 0.337 ms
Execution time: 1847.311 ms
