Hash Join  (cost=163982.45..1000297.54 rows=176877 width=0) (actual time=5096.610..19960.562 rows=1155011 loops=1)
  Hash Cond: (ci.movie_id = t.id)
  ->  Seq Scan on cast_info ci  (cost=0.00..796071.18 rows=10260040 width=4) (actual time=2547.180..14292.884 rows=12451353 loops=1)
        Filter: ((person_id > 1306710) AND (role_id > 2))
        Rows Removed by Filter: 23792991
  ->  Hash  (cost=163437.58..163437.58 rows=43590 width=8) (actual time=2548.850..2548.850 rows=31006 loops=1)
        Buckets: 65536  Batches: 1  Memory Usage: 1724kB
        ->  Hash Join  (cost=74626.76..163437.58 rows=43590 width=8) (actual time=1205.512..2539.558 rows=31006 loops=1)
              Hash Cond: (mk.movie_id = t.id)
              ->  Seq Scan on movie_keyword mk  (cost=0.00..81003.12 rows=1965813 width=4) (actual time=0.025..1059.587 rows=1975457 loops=1)
                    Filter: (keyword_id > 6418)
                    Rows Removed by Filter: 2548473
              ->  Hash  (cost=73925.90..73925.90 rows=56068 width=4) (actual time=1204.968..1204.968 rows=48342 loops=1)
                    Buckets: 65536  Batches: 1  Memory Usage: 2212kB
                    ->  Seq Scan on title t  (cost=0.00..73925.90 rows=56068 width=4) (actual time=0.054..1184.804 rows=48342 loops=1)
                          Filter: ((kind_id < 4) AND (production_year = 2012))
                          Rows Removed by Filter: 2479970
Planning time: 1.481 ms
Execution time: 20108.232 ms
