Seq Scan on movie_companies mc  (cost=0.00..57926.93 rows=962080 width=0) (actual time=0.028..1030.043 rows=651575 loops=1)
  Filter: ((company_id < 41427) AND (company_type_id = 2))
  Rows Removed by Filter: 1957554
Planning time: 0.314 ms
Execution time: 1111.555 ms
