Hash Join  (cost=477484.44..1221385.23 rows=497326 width=0) (actual time=8572.641..22729.462 rows=1180202 loops=1)
  Hash Cond: (ci.movie_id = t.id)
  ->  Seq Scan on cast_info ci  (cost=0.00..705507.15 rows=2735034 width=4) (actual time=619.321..12974.005 rows=2728943 loops=1)
        Filter: (role_id = 4)
        Rows Removed by Filter: 33515401
  ->  Hash  (cost=469941.24..469941.24 rows=459776 width=8) (actual time=7952.333..7952.333 rows=526764 loops=1)
        Buckets: 131072  Batches: 8  Memory Usage: 3595kB
        ->  Hash Join  (cost=102767.86..469941.24 rows=459776 width=8) (actual time=5902.856..7799.468 rows=526764 loops=1)
              Hash Cond: (mi.movie_id = t.id)
              ->  Seq Scan on movie_info mi  (cost=0.00..346232.03 rows=459776 width=4) (actual time=3931.712..4308.343 rows=526764 loops=1)
                    Filter: (info_type_id > 102)
                    Rows Removed by Filter: 14308956
              ->  Hash  (cost=61283.27..61283.27 rows=2528527 width=4) (actual time=1968.713..1968.713 rows=2528312 loops=1)
                    Buckets: 131072  Batches: 64  Memory Usage: 2425kB
                    ->  Seq Scan on title t  (cost=0.00..61283.27 rows=2528527 width=4) (actual time=0.012..1104.004 rows=2528312 loops=1)
Planning time: 1.131 ms
Execution time: 22860.169 ms
