Seq Scan on movie_companies mc  (cost=0.00..57926.93 rows=902177 width=0) (actual time=341.503..2978.616 rows=580466 loops=1)
  Filter: ((company_id < 25411) AND (company_type_id > 1))
  Rows Removed by Filter: 2028663
Planning time: 0.400 ms
Execution time: 3102.699 ms
