Hash Join  (cost=75342.47..106402.07 rows=15866 width=0) (actual time=1543.969..2187.858 rows=7101 loops=1)
  Hash Cond: (mi_idx.movie_id = t.id)
  ->  Seq Scan on movie_info_idx mi_idx  (cost=0.00..25185.44 rows=464934 width=4) (actual time=0.019..509.880 rows=460185 loops=1)
        Filter: (info_type_id > 100)
        Rows Removed by Filter: 919850
  ->  Hash  (cost=73925.90..73925.90 rows=86285 width=4) (actual time=1251.262..1251.262 rows=92628 loops=1)
        Buckets: 131072  Batches: 2  Memory Usage: 2653kB
        ->  Seq Scan on title t  (cost=0.00..73925.90 rows=86285 width=4) (actual time=143.359..1216.524 rows=92628 loops=1)
              Filter: ((kind_id = 7) AND (production_year = 2010))
              Rows Removed by Filter: 2435684
Planning time: 2.892 ms
Execution time: 2189.365 ms
