Hash Join  (cost=75536.49..114148.53 rows=53556 width=0) (actual time=1219.968..2241.999 rows=160758 loops=1)
  Hash Cond: (mi_idx.movie_id = t.id)
  ->  Seq Scan on movie_info_idx mi_idx  (cost=0.00..21735.35 rows=1380035 width=4) (actual time=0.021..426.281 rows=1380035 loops=1)
  ->  Hash  (cost=73925.90..73925.90 rows=98127 width=4) (actual time=1219.177..1219.177 rows=226456 loops=1)
        Buckets: 131072 (originally 131072)  Batches: 4 (originally 2)  Memory Usage: 3073kB
        ->  Seq Scan on title t  (cost=0.00..73925.90 rows=98127 width=4) (actual time=0.034..1138.233 rows=226456 loops=1)
              Filter: ((production_year < 1970) AND (kind_id = 1))
              Rows Removed by Filter: 2301856
Planning time: 0.693 ms
Execution time: 2261.418 ms
