Hash Join  (cost=128725.37..257423.50 rows=549609 width=0) (actual time=2749.303..6822.534 rows=3370804 loops=1)
  Hash Cond: (mk.movie_id = t.id)
  ->  Seq Scan on movie_keyword mk  (cost=0.00..69693.30 rows=4523930 width=4) (actual time=0.030..1377.192 rows=4523930 loops=1)
  ->  Hash  (cost=123685.51..123685.51 rows=307189 width=8) (actual time=2748.234..2748.234 rows=379490 loops=1)
        Buckets: 131072  Batches: 8  Memory Usage: 2893kB
        ->  Hash Join  (cost=81530.55..123685.51 rows=307189 width=8) (actual time=1508.746..2646.179 rows=379490 loops=1)
              Hash Cond: (mi_idx.movie_id = t.id)
              ->  Seq Scan on movie_info_idx mi_idx  (cost=0.00..25185.44 rows=915101 width=4) (actual time=0.018..484.710 rows=919850 loops=1)
                    Filter: (info_type_id < 101)
                    Rows Removed by Filter: 460185
              ->  Hash  (cost=67604.59..67604.59 rows=848797 width=4) (actual time=1507.429..1507.429 rows=849141 loops=1)
                    Buckets: 131072  Batches: 16  Memory Usage: 2892kB
                    ->  Seq Scan on title t  (cost=0.00..67604.59 rows=848797 width=4) (actual time=0.034..1226.361 rows=849141 loops=1)
                          Filter: (production_year < 1996)
                          Rows Removed by Filter: 1679171
Planning time: 1.981 ms
Execution time: 7227.514 ms
