Hash Join  (cost=127857.20..1199222.57 rows=3656516 width=0) (actual time=3040.102..36464.746 rows=15195209 loops=1)
  Hash Cond: (ci.movie_id = t.id)
  ->  Seq Scan on cast_info ci  (cost=0.00..614943.12 rows=36225612 width=4) (actual time=0.022..12676.947 rows=36244344 loops=1)
  ->  Hash  (cost=123669.92..123669.92 rows=255223 width=8) (actual time=3033.668..3033.668 rows=571729 loops=1)
        Buckets: 131072 (originally 131072)  Batches: 8 (originally 4)  Memory Usage: 3835kB
        ->  Hash Join  (cost=81598.21..123669.92 rows=255223 width=8) (actual time=1490.752..2851.393 rows=571729 loops=1)
              Hash Cond: (mi_idx.movie_id = t.id)
              ->  Seq Scan on movie_info_idx mi_idx  (cost=0.00..21735.35 rows=1380035 width=4) (actual time=0.016..453.855 rows=1380035 loops=1)
              ->  Hash  (cost=73925.90..73925.90 rows=467624 width=4) (actual time=1489.974..1489.974 rows=557493 loops=1)
                    Buckets: 131072  Batches: 8  Memory Usage: 3486kB
                    ->  Seq Scan on title t  (cost=0.00..73925.90 rows=467624 width=4) (actual time=0.016..1282.387 rows=557493 loops=1)
                          Filter: ((kind_id < 7) AND (production_year < 2003))
                          Rows Removed by Filter: 1970819
Planning time: 1.116 ms
Execution time: 38197.500 ms
