Hash Join  (cost=149225.45..222945.19 rows=374772 width=0) (actual time=4160.999..6988.478 rows=1401482 loops=1)
  Hash Cond: (mc.movie_id = t.id)
  ->  Seq Scan on movie_companies mc  (cost=0.00..51404.11 rows=1372510 width=4) (actual time=0.024..1007.236 rows=1359067 loops=1)
        Filter: (company_id < 11675)
        Rows Removed by Filter: 1250062
  ->  Hash  (cost=137898.08..137898.08 rows=690429 width=8) (actual time=4159.997..4159.997 rows=840130 loops=1)
        Buckets: 131072  Batches: 16  Memory Usage: 3083kB
        ->  Hash Join  (cost=88359.31..137898.08 rows=690429 width=8) (actual time=2263.780..3913.346 rows=840130 loops=1)
              Hash Cond: (mi_idx.movie_id = t.id)
              ->  Seq Scan on movie_info_idx mi_idx  (cost=0.00..21735.35 rows=1380035 width=4) (actual time=0.028..514.153 rows=1380035 loops=1)
              ->  Hash  (cost=67604.59..67604.59 rows=1265018 width=4) (actual time=2262.554..2262.554 rows=1263700 loops=1)
                    Buckets: 131072  Batches: 32  Memory Usage: 2410kB
                    ->  Seq Scan on title t  (cost=0.00..67604.59 rows=1265018 width=4) (actual time=0.015..1243.202 rows=1263700 loops=1)
                          Filter: (production_year < 2004)
                          Rows Removed by Filter: 1264612
Planning time: 1.018 ms
Execution time: 7171.520 ms
