Hash Join  (cost=86907.34..121956.96 rows=144251 width=0) (actual time=1422.089..2860.127 rows=248139 loops=1)
  Hash Cond: (mi_idx.movie_id = t.id)
  ->  Seq Scan on movie_info_idx mi_idx  (cost=0.00..25185.44 rows=460978 width=4) (actual time=0.019..496.963 rows=459925 loops=1)
        Filter: (info_type_id = 99)
        Rows Removed by Filter: 920110
  ->  Hash  (cost=73925.90..73925.90 rows=791235 width=4) (actual time=1420.955..1420.955 rows=701949 loops=1)
        Buckets: 131072  Batches: 16  Memory Usage: 2566kB
        ->  Seq Scan on title t  (cost=0.00..73925.90 rows=791235 width=4) (actual time=0.025..1211.142 rows=701949 loops=1)
              Filter: ((kind_id < 7) AND (production_year > 1974))
              Rows Removed by Filter: 1826363
Planning time: 0.653 ms
Execution time: 2889.095 ms
