Nested Loop  (cost=0.43..52283.95 rows=41 width=0) (actual time=3.055..798.198 rows=256 loops=1)
  ->  Seq Scan on movie_companies mc  (cost=0.00..51404.11 rows=104 width=4) (actual time=3.022..775.477 rows=376 loops=1)
        Filter: (company_id = 567)
        Rows Removed by Filter: 2608753
  ->  Index Scan using title_pkey on title t  (cost=0.43..8.45 rows=1 width=4) (actual time=0.059..0.059 rows=1 loops=376)
        Index Cond: (id = mc.movie_id)
        Filter: (kind_id < 7)
        Rows Removed by Filter: 0
Planning time: 0.706 ms
Execution time: 798.405 ms
