Seq Scan on movie_companies mc  (cost=0.00..57926.93 rows=70882 width=0) (actual time=274.423..843.244 rows=138070 loops=1)
  Filter: ((company_id > 137227) AND (company_type_id > 1))
  Rows Removed by Filter: 2471059
Planning time: 1.099 ms
Execution time: 861.071 ms
