Hash Join  (cost=83074.74..109986.57 rows=134 width=0) (actual time=1467.483..2032.083 rows=4679 loops=1)
  Hash Cond: (mi_idx.movie_id = t.id)
  ->  Seq Scan on movie_info_idx mi_idx  (cost=0.00..21735.35 rows=1380035 width=4) (actual time=0.016..301.130 rows=1380035 loops=1)
  ->  Hash  (cost=83071.67..83071.67 rows=246 width=8) (actual time=1466.761..1466.761 rows=2048 loops=1)
        Buckets: 2048 (originally 1024)  Batches: 1 (originally 1)  Memory Usage: 96kB
        ->  Nested Loop  (cost=0.43..83071.67 rows=246 width=8) (actual time=1.015..1465.185 rows=2048 loops=1)
              ->  Seq Scan on movie_keyword mk  (cost=0.00..81003.12 rows=246 width=4) (actual time=0.961..1363.330 rows=2048 loops=1)
                    Filter: (keyword_id = 724)
                    Rows Removed by Filter: 4521882
              ->  Index Only Scan using title_pkey on title t  (cost=0.43..8.40 rows=1 width=4) (actual time=0.048..0.049 rows=1 loops=2048)
                    Index Cond: (id = mk.movie_id)
                    Heap Fetches: 2048
Planning time: 1.066 ms
Execution time: 2032.911 ms
