Hash Join  (cost=130426.33..958257.83 rows=30665 width=0) (actual time=2518.906..22187.422 rows=49889 loops=1)
  Hash Cond: (ci.movie_id = t.id)
  ->  Seq Scan on cast_info ci  (cost=0.00..705507.15 rows=32538054 width=4) (actual time=0.018..13653.943 rows=32662912 loops=1)
        Filter: (person_id > 342172)
        Rows Removed by Filter: 3581432
  ->  Hash  (cost=130396.54..130396.54 rows=2383 width=8) (actual time=2515.420..2515.420 rows=2868 loops=1)
        Buckets: 4096  Batches: 1  Memory Usage: 145kB
        ->  Hash Join  (cost=73982.55..130396.54 rows=2383 width=8) (actual time=1908.464..2514.240 rows=2868 loops=1)
              Hash Cond: (mc.movie_id = t.id)
              ->  Seq Scan on movie_companies mc  (cost=0.00..51404.11 rows=1329612 width=4) (actual time=0.024..1100.107 rows=1334883 loops=1)
                    Filter: (company_type_id > 1)
                    Rows Removed by Filter: 1274246
              ->  Hash  (cost=73925.90..73925.90 rows=4532 width=4) (actual time=1170.386..1170.386 rows=7822 loops=1)
                    Buckets: 8192  Batches: 1  Memory Usage: 339kB
                    ->  Seq Scan on title t  (cost=0.00..73925.90 rows=4532 width=4) (actual time=287.400..1166.471 rows=7822 loops=1)
                          Filter: ((kind_id = 7) AND (production_year = 1974))
                          Rows Removed by Filter: 2520490
Planning time: 1.353 ms
Execution time: 22196.493 ms
