Hash Join  (cost=79863.89..1088444.58 rows=3322937 width=0) (actual time=3816.854..67520.781 rows=3770713 loops=1)
  Hash Cond: (ci.movie_id = t.id)
  ->  Seq Scan on cast_info ci  (cost=0.00..705507.15 rows=23215512 width=4) (actual time=0.014..45467.363 rows=23280868 loops=1)
        Filter: (person_id > 1281036)
        Rows Removed by Filter: 12963476
  ->  Hash  (cost=73925.90..73925.90 rows=361919 width=4) (actual time=3816.027..3816.027 rows=470371 loops=1)
        Buckets: 131072  Batches: 8  Memory Usage: 3103kB
        ->  Seq Scan on title t  (cost=0.00..73925.90 rows=361919 width=4) (actual time=0.024..3605.733 rows=470371 loops=1)
              Filter: ((kind_id < 7) AND (production_year < 1998))
              Rows Removed by Filter: 2057941
Planning time: 2.507 ms
Execution time: 68087.528 ms
