Hash Join  (cost=170796.11..1294454.33 rows=8747006 width=0) (actual time=4770.680..42403.716 rows=18456448 loops=1)
  Hash Cond: (ci.movie_id = t.id)
  ->  Seq Scan on cast_info ci  (cost=0.00..614943.12 rows=36225612 width=4) (actual time=0.020..13491.850 rows=36244344 loops=1)
  ->  Hash  (cost=160779.41..160779.41 rows=610536 width=8) (actual time=4769.406..4769.406 rows=936326 loops=1)
        Buckets: 131072 (originally 131072)  Batches: 16 (originally 8)  Memory Usage: 3322kB
        ->  Hash Join  (cost=77312.52..160779.41 rows=610536 width=8) (actual time=1247.135..4492.496 rows=936326 loops=1)
              Hash Cond: (mc.movie_id = t.id)
              ->  Seq Scan on movie_companies mc  (cost=0.00..44881.29 rows=2609129 width=4) (actual time=0.020..918.844 rows=2609129 loops=1)
              ->  Hash  (cost=67604.59..67604.59 rows=591675 width=4) (actual time=1246.347..1246.347 rows=585020 loops=1)
                    Buckets: 131072  Batches: 8  Memory Usage: 3586kB
                    ->  Seq Scan on title t  (cost=0.00..67604.59 rows=591675 width=4) (actual time=0.023..1055.359 rows=585020 loops=1)
                          Filter: (production_year < 1985)
                          Rows Removed by Filter: 1943292
Planning time: 2.586 ms
Execution time: 44412.813 ms
