Seq Scan on cast_info ci  (cost=0.00..796071.18 rows=8667955 width=0) (actual time=0.030..13294.313 rows=3692096 loops=1)
  Filter: ((person_id < 1314214) AND (role_id > 1))
  Rows Removed by Filter: 32552248
Planning time: 0.325 ms
Execution time: 13761.386 ms
