Hash Join  (cost=70308.29..184874.39 rows=175632 width=0) (actual time=1274.393..4177.283 rows=59541 loops=1)
  Hash Cond: (mk.movie_id = t.id)
  ->  Seq Scan on movie_keyword mk  (cost=0.00..81003.12 rows=2695110 width=4) (actual time=0.033..1669.729 rows=2689693 loops=1)
        Filter: (keyword_id < 7601)
        Rows Removed by Filter: 1834237
  ->  Hash  (cost=67604.59..67604.59 rows=164776 width=4) (actual time=1272.111..1272.111 rows=164307 loops=1)
        Buckets: 131072  Batches: 4  Memory Usage: 2488kB
        ->  Seq Scan on title t  (cost=0.00..67604.59 rows=164776 width=4) (actual time=0.027..1199.635 rows=164307 loops=1)
              Filter: (production_year = 2012)
              Rows Removed by Filter: 2364005
Planning time: 0.739 ms
Execution time: 4184.488 ms
