Hash Join  (cost=102767.86..200910.13 rows=1531825 width=0) (actual time=1910.558..4544.124 rows=1518591 loops=1)
  Hash Cond: (mc.movie_id = t.id)
  ->  Seq Scan on movie_companies mc  (cost=0.00..51404.11 rows=1531825 width=4) (actual time=0.027..1016.652 rows=1518591 loops=1)
        Filter: (company_id < 14222)
        Rows Removed by Filter: 1090538
  ->  Hash  (cost=61283.27..61283.27 rows=2528527 width=4) (actual time=1909.159..1909.159 rows=2528312 loops=1)
        Buckets: 131072  Batches: 64  Memory Usage: 2415kB
        ->  Seq Scan on title t  (cost=0.00..61283.27 rows=2528527 width=4) (actual time=0.028..1106.538 rows=2528312 loops=1)
Planning time: 0.662 ms
Execution time: 4708.014 ms
