Seq Scan on movie_companies mc  (cost=0.00..51404.11 rows=5740 width=0) (actual time=6.765..836.788 rows=6354 loops=1)
  Filter: (company_id = 1284)
  Rows Removed by Filter: 2602775
Planning time: 2.352 ms
Execution time: 837.760 ms
