Hash Join  (cost=148469.06..901662.98 rows=240475 width=0) (actual time=1066.950..19136.790 rows=998196 loops=1)
  Hash Cond: (ci.movie_id = t.id)
  ->  Seq Scan on cast_info ci  (cost=0.00..614943.12 rows=36225612 width=4) (actual time=0.013..9111.394 rows=36244344 loops=1)
  ->  Hash  (cost=148259.25..148259.25 rows=16785 width=8) (actual time=1065.212..1065.212 rows=16220 loops=1)
        Buckets: 32768  Batches: 1  Memory Usage: 890kB
        ->  Nested Loop  (cost=0.43..148259.25 rows=16785 width=8) (actual time=3.561..1057.104 rows=16220 loops=1)
              ->  Seq Scan on movie_companies mc  (cost=0.00..51404.11 rows=16785 width=4) (actual time=3.503..817.321 rows=16220 loops=1)
                    Filter: (company_id = 166)
                    Rows Removed by Filter: 2592909
              ->  Index Only Scan using title_pkey on title t  (cost=0.43..5.76 rows=1 width=4) (actual time=0.014..0.014 rows=1 loops=16220)
                    Index Cond: (id = mc.movie_id)
                    Heap Fetches: 16220
Planning time: 1.111 ms
Execution time: 19262.161 ms
