Hash Join  (cost=103947.06..224966.09 rows=1273603 width=0) (actual time=2123.240..5054.896 rows=1225204 loops=1)
  Hash Cond: (mk.movie_id = t.id)
  ->  Seq Scan on movie_keyword mk  (cost=0.00..81003.12 rows=1453774 width=4) (actual time=0.021..1561.433 rows=1464255 loops=1)
        Filter: (keyword_id > 11304)
        Rows Removed by Filter: 3059675
  ->  Hash  (cost=67604.59..67604.59 rows=2215158 width=4) (actual time=2121.018..2121.018 rows=2203697 loops=1)
        Buckets: 131072  Batches: 32  Memory Usage: 3457kB
        ->  Seq Scan on title t  (cost=0.00..67604.59 rows=2215158 width=4) (actual time=0.010..1421.330 rows=2203697 loops=1)
              Filter: (production_year > 1960)
              Rows Removed by Filter: 324615
Planning time: 0.707 ms
Execution time: 5194.141 ms
