Seq Scan on cast_info ci  (cost=0.00..796071.18 rows=12935015 width=0) (actual time=0.018..13526.646 rows=15706264 loops=1)
  Filter: ((person_id < 1942401) AND (role_id < 4))
  Rows Removed by Filter: 20538080
Planning time: 0.333 ms
Execution time: 15309.835 ms
