Hash Join  (cost=83810.17..224324.63 rows=1405338 width=0) (actual time=1565.603..6600.513 rows=3093829 loops=1)
  Hash Cond: (mk.movie_id = t.id)
  ->  Seq Scan on movie_keyword mk  (cost=0.00..81003.12 rows=3597587 width=4) (actual time=0.031..1762.719 rows=3589443 loops=1)
        Filter: (keyword_id < 20319)
        Rows Removed by Filter: 934487
  ->  Hash  (cost=67604.59..67604.59 rows=987727 width=4) (actual time=1564.732..1564.732 rows=985048 loops=1)
        Buckets: 131072  Batches: 16  Memory Usage: 3197kB
        ->  Seq Scan on title t  (cost=0.00..67604.59 rows=987727 width=4) (actual time=0.043..1252.537 rows=985048 loops=1)
              Filter: (kind_id < 7)
              Rows Removed by Filter: 1543264
Planning time: 0.738 ms
Execution time: 6950.116 ms
