Hash Join  (cost=75199.97..151354.28 rows=80079 width=0) (actual time=1243.748..2950.216 rows=35914 loops=1)
  Hash Cond: (mc.movie_id = t.id)
  ->  Seq Scan on movie_companies mc  (cost=0.00..44881.29 rows=2609129 width=4) (actual time=0.021..804.236 rows=2609129 loops=1)
  ->  Hash  (cost=73925.90..73925.90 rows=77605 width=4) (actual time=1242.750..1242.750 rows=84684 loops=1)
        Buckets: 131072  Batches: 2  Memory Usage: 2512kB
        ->  Seq Scan on title t  (cost=0.00..73925.90 rows=77605 width=4) (actual time=212.079..1210.511 rows=84684 loops=1)
              Filter: ((kind_id = 7) AND (production_year = 2009))
              Rows Removed by Filter: 2443628
Planning time: 0.760 ms
Execution time: 2955.099 ms
