Seq Scan on cast_info ci  (cost=0.00..796071.18 rows=3896389 width=0) (actual time=3525.226..16439.173 rows=3953620 loops=1)
  Filter: ((person_id > 84267) AND (role_id = 3))
  Rows Removed by Filter: 32290724
Planning time: 0.392 ms
Execution time: 16939.159 ms
