Hash Join  (cost=260527.05..758394.86 rows=4903985 width=0) (actual time=5394.940..33552.866 rows=67636754 loops=1)
  Hash Cond: (mi.movie_id = t.id)
  ->  Seq Scan on movie_info mi  (cost=0.00..346232.03 rows=7503588 width=4) (actual time=0.014..6288.660 rows=7548855 loops=1)
        Filter: (info_type_id > 7)
        Rows Removed by Filter: 7286865
  ->  Hash  (cost=233414.50..233414.50 rows=1652524 width=8) (actual time=5393.674..5393.674 rows=1659899 loops=1)
        Buckets: 131072  Batches: 32  Memory Usage: 3122kB
        ->  Hash Join  (cost=102767.86..233414.50 rows=1652524 width=8) (actual time=1950.932..4963.664 rows=1659899 loops=1)
              Hash Cond: (mk.movie_id = t.id)
              ->  Seq Scan on movie_keyword mk  (cost=0.00..81003.12 rows=1652524 width=4) (actual time=0.024..1477.421 rows=1659899 loops=1)
                    Filter: (keyword_id > 8800)
                    Rows Removed by Filter: 2864031
              ->  Hash  (cost=61283.27..61283.27 rows=2528527 width=4) (actual time=1949.013..1949.013 rows=2528312 loops=1)
                    Buckets: 131072  Batches: 64  Memory Usage: 2425kB
                    ->  Seq Scan on title t  (cost=0.00..61283.27 rows=2528527 width=4) (actual time=0.015..1097.252 rows=2528312 loops=1)
Planning time: 1.178 ms
Execution time: 41613.699 ms
