Hash Join  (cost=102767.86..1382167.61 rows=23439545 width=0) (actual time=4492.772..71206.887 rows=23336776 loops=1)
  Hash Cond: (ci.movie_id = t.id)
  ->  Seq Scan on cast_info ci  (cost=0.00..705507.15 rows=23439545 width=4) (actual time=0.067..40861.928 rows=23336776 loops=1)
        Filter: (person_id < 2387867)
        Rows Removed by Filter: 12907568
  ->  Hash  (cost=61283.27..61283.27 rows=2528527 width=4) (actual time=4491.388..4491.388 rows=2528312 loops=1)
        Buckets: 131072  Batches: 64  Memory Usage: 2415kB
        ->  Seq Scan on title t  (cost=0.00..61283.27 rows=2528527 width=4) (actual time=0.022..3479.341 rows=2528312 loops=1)
Planning time: 9.346 ms
Execution time: 74533.074 ms
