Hash Join  (cost=70965.72..130733.35 rows=49497 width=0) (actual time=1752.622..2869.308 rows=66352 loops=1)
  Hash Cond: (mc.movie_id = t.id)
  ->  Seq Scan on movie_companies mc  (cost=0.00..51404.11 rows=611079 width=4) (actual time=0.020..789.286 rows=615593 loops=1)
        Filter: (company_id > 63425)
        Rows Removed by Filter: 1993536
  ->  Hash  (cost=67604.59..67604.59 rows=204811 width=4) (actual time=1751.861..1751.861 rows=202996 loops=1)
        Buckets: 131072  Batches: 4  Memory Usage: 2808kB
        ->  Seq Scan on title t  (cost=0.00..67604.59 rows=204811 width=4) (actual time=0.015..1006.198 rows=202996 loops=1)
              Filter: (production_year < 1956)
              Rows Removed by Filter: 2325316
Planning time: 0.723 ms
Execution time: 2878.387 ms
