Seq Scan on title t  (cost=0.00..67604.59 rows=1668458 width=94) (actual time=0.018..397.186 rows=1671292 loops=1)
  Filter: (production_year < 2008)
  Rows Removed by Filter: 857020
Planning time: 0.330 ms
Execution time: 444.754 ms
