Seq Scan on cast_info ci  (cost=0.00..705507.15 rows=7033667 width=0) (actual time=6666.178..11788.611 rows=7106010 loops=1)
  Filter: (person_id > 2956314)
  Rows Removed by Filter: 29138334
Planning time: 0.311 ms
Execution time: 12682.945 ms
