Hash Join  (cost=74146.12..828979.87 rows=89974 width=0) (actual time=1114.460..16222.779 rows=160198 loops=1)
  Hash Cond: (ci.movie_id = t.id)
  ->  Seq Scan on cast_info ci  (cost=0.00..705507.15 rows=12913829 width=4) (actual time=0.016..11767.083 rows=13040494 loops=1)
        Filter: (person_id > 2372881)
        Rows Removed by Filter: 23203850
  ->  Hash  (cost=73925.90..73925.90 rows=17617 width=4) (actual time=1114.199..1114.199 rows=22021 loops=1)
        Buckets: 32768  Batches: 1  Memory Usage: 1031kB
        ->  Seq Scan on title t  (cost=0.00..73925.90 rows=17617 width=4) (actual time=0.020..1105.178 rows=22021 loops=1)
              Filter: ((production_year > 2012) AND (kind_id = 1))
              Rows Removed by Filter: 2506291
Planning time: 0.757 ms
Execution time: 16248.618 ms
