Seq Scan on movie_keyword mk  (cost=0.00..81003.12 rows=246 width=0) (actual time=7.730..1306.991 rows=36 loops=1)
  Filter: (keyword_id = 17809)
  Rows Removed by Filter: 4523894
Planning time: 0.378 ms
Execution time: 1307.109 ms
