Seq Scan on cast_info ci  (cost=0.00..796071.18 rows=10109222 width=0) (actual time=0.025..14360.092 rows=15702057 loops=1)
  Filter: ((person_id > 2067088) AND (role_id > 1))
  Rows Removed by Filter: 20542287
Planning time: 0.384 ms
Execution time: 16301.177 ms
