Nested Loop  (cost=0.43..83071.67 rows=246 width=0) (actual time=0.608..1331.369 rows=990 loops=1)
  ->  Seq Scan on movie_keyword mk  (cost=0.00..81003.12 rows=246 width=4) (actual time=0.554..1272.691 rows=990 loops=1)
        Filter: (keyword_id = 4668)
        Rows Removed by Filter: 4522940
  ->  Index Only Scan using title_pkey on title t  (cost=0.43..8.40 rows=1 width=4) (actual time=0.057..0.058 rows=1 loops=990)
        Index Cond: (id = mk.movie_id)
        Heap Fetches: 990
Planning time: 0.715 ms
Execution time: 1331.868 ms
