Seq Scan on movie_companies mc  (cost=0.00..51404.11 rows=104 width=0) (actual time=68.487..851.719 rows=26 loops=1)
  Filter: (company_id = 20880)
  Rows Removed by Filter: 2609103
Planning time: 0.343 ms
Execution time: 851.815 ms
