Hash Join  (cost=83073.90..447734.49 rows=464 width=0) (actual time=1454.613..8212.785 rows=30668 loops=1)
  Hash Cond: (mi.movie_id = t.id)
  ->  Seq Scan on movie_info mi  (cost=0.00..309384.22 rows=14739122 width=4) (actual time=0.022..3842.802 rows=14835720 loops=1)
  ->  Hash  (cost=83072.90..83072.90 rows=80 width=8) (actual time=1380.309..1380.309 rows=3849 loops=1)
        Buckets: 4096 (originally 1024)  Batches: 1 (originally 1)  Memory Usage: 183kB
        ->  Nested Loop  (cost=0.43..83072.90 rows=80 width=8) (actual time=0.262..1378.063 rows=3849 loops=1)
              ->  Seq Scan on movie_keyword mk  (cost=0.00..81003.12 rows=246 width=4) (actual time=0.204..1252.159 rows=4196 loops=1)
                    Filter: (keyword_id = 1578)
                    Rows Removed by Filter: 4519734
              ->  Index Scan using title_pkey on title t  (cost=0.43..8.40 rows=1 width=4) (actual time=0.028..0.029 rows=1 loops=4196)
                    Index Cond: (id = mk.movie_id)
                    Filter: ((kind_id < 7) AND (production_year > 1969))
                    Rows Removed by Filter: 0
Planning time: 1.178 ms
Execution time: 8229.185 ms
