Hash Join  (cost=1354230.89..2879037.03 rows=77216838 width=0) (actual time=31103.358..89720.441 rows=172953176 loops=1)
  Hash Cond: (mi.movie_id = t.id)
  ->  Seq Scan on movie_info mi  (cost=0.00..309384.22 rows=14739122 width=4) (actual time=0.017..5923.465 rows=14835720 loops=1)
  ->  Hash  (cost=1136902.03..1136902.03 rows=13246709 width=8) (actual time=31101.829..31101.829 rows=13211176 loops=1)
        Buckets: 131072  Batches: 256  Memory Usage: 3115kB
        ->  Hash Join  (cost=102767.86..1136902.03 rows=13246709 width=8) (actual time=2104.650..27435.791 rows=13211176 loops=1)
              Hash Cond: (ci.movie_id = t.id)
              ->  Seq Scan on cast_info ci  (cost=0.00..705507.15 rows=13246709 width=4) (actual time=156.363..13512.666 rows=13211176 loops=1)
                    Filter: (person_id < 1303640)
                    Rows Removed by Filter: 23033168
              ->  Hash  (cost=61283.27..61283.27 rows=2528527 width=4) (actual time=1894.342..1894.342 rows=2528312 loops=1)
                    Buckets: 131072  Batches: 64  Memory Usage: 2415kB
                    ->  Seq Scan on title t  (cost=0.00..61283.27 rows=2528527 width=4) (actual time=0.015..1073.691 rows=2528312 loops=1)
Planning time: 1.259 ms
Execution time: 108636.901 ms
