Hash Join  (cost=148590.17..633359.68 rows=465159 width=0) (actual time=2714.389..14950.630 rows=6613598 loops=1)
  Hash Cond: (mi.movie_id = t.id)
  ->  Seq Scan on movie_info mi  (cost=0.00..309384.22 rows=14739122 width=4) (actual time=0.019..5922.124 rows=14835720 loops=1)
  ->  Hash  (cost=147280.68..147280.68 rows=79799 width=8) (actual time=2647.939..2647.939 rows=107251 loops=1)
        Buckets: 131072  Batches: 2  Memory Usage: 3110kB
        ->  Hash Join  (cost=77838.49..147280.68 rows=79799 width=8) (actual time=1224.663..2611.874 rows=107251 loops=1)
              Hash Cond: (mc.movie_id = t.id)
              ->  Seq Scan on movie_companies mc  (cost=0.00..57926.93 rows=846203 width=4) (actual time=0.016..1059.957 rows=650914 loops=1)
                    Filter: ((company_id > 2610) AND (company_type_id < 2))
                    Rows Removed by Filter: 1958215
              ->  Hash  (cost=73925.90..73925.90 rows=238447 width=4) (actual time=1223.995..1223.995 rows=200165 loops=1)
                    Buckets: 131072  Batches: 4  Memory Usage: 2784kB
                    ->  Seq Scan on title t  (cost=0.00..73925.90 rows=238447 width=4) (actual time=145.581..1158.741 rows=200165 loops=1)
                          Filter: ((production_year > 2006) AND (kind_id = 1))
                          Rows Removed by Filter: 2328147
Planning time: 1.222 ms
Execution time: 15658.985 ms
