Seq Scan on movie_companies mc  (cost=0.00..51404.11 rows=104 width=0) (actual time=9.668..916.923 rows=517 loops=1)
  Filter: (company_id = 19562)
  Rows Removed by Filter: 2608612
Planning time: 0.255 ms
Execution time: 917.123 ms
