Hash Join  (cost=74409.87..165097.99 rows=37995 width=0) (actual time=1467.148..3360.902 rows=57052 loops=1)
  Hash Cond: (mk.movie_id = t.id)
  ->  Seq Scan on movie_keyword mk  (cost=0.00..81003.12 rows=2481345 width=4) (actual time=0.019..1439.335 rows=2473213 loops=1)
        Filter: (keyword_id > 3658)
        Rows Removed by Filter: 2050717
  ->  Hash  (cost=73925.90..73925.90 rows=38717 width=4) (actual time=1180.493..1180.493 rows=117854 loops=1)
        Buckets: 131072 (originally 65536)  Batches: 2 (originally 1)  Memory Usage: 3091kB
        ->  Seq Scan on title t  (cost=0.00..73925.90 rows=38717 width=4) (actual time=226.152..1131.413 rows=117854 loops=1)
              Filter: ((kind_id < 4) AND (production_year < 1931))
              Rows Removed by Filter: 2410458
Planning time: 0.717 ms
Execution time: 3369.124 ms
