Seq Scan on movie_keyword mk  (cost=0.00..81003.12 rows=1730147 width=0) (actual time=0.020..1413.476 rows=1740189 loops=1)
  Filter: (keyword_id < 2842)
  Rows Removed by Filter: 2783741
Planning time: 0.238 ms
Execution time: 1641.886 ms
