Hash Join  (cost=217858.32..1177218.75 rows=4942230 width=0) (actual time=10269.875..23698.713 rows=5083264 loops=1)
  Hash Cond: (ci.movie_id = t.id)
  ->  Seq Scan on cast_info ci  (cost=0.00..796071.18 rows=9398654 width=4) (actual time=4936.656..14250.138 rows=5164814 loops=1)
        Filter: ((person_id < 2854468) AND (role_id > 3))
        Rows Removed by Filter: 31079530
  ->  Hash  (cost=196044.17..196044.17 rows=1329612 width=8) (actual time=5332.221..5332.221 rows=1334883 loops=1)
        Buckets: 131072  Batches: 32  Memory Usage: 2639kB
        ->  Hash Join  (cost=102767.86..196044.17 rows=1329612 width=8) (actual time=2004.777..4975.179 rows=1334883 loops=1)
              Hash Cond: (mc.movie_id = t.id)
              ->  Seq Scan on movie_companies mc  (cost=0.00..51404.11 rows=1329612 width=4) (actual time=64.387..936.126 rows=1334883 loops=1)
                    Filter: (company_type_id > 1)
                    Rows Removed by Filter: 1274246
              ->  Hash  (cost=61283.27..61283.27 rows=2528527 width=4) (actual time=1939.077..1939.077 rows=2528312 loops=1)
                    Buckets: 131072  Batches: 64  Memory Usage: 2415kB
                    ->  Seq Scan on title t  (cost=0.00..61283.27 rows=2528527 width=4) (actual time=0.016..1071.645 rows=2528312 loops=1)
Planning time: 1.229 ms
Execution time: 24248.591 ms
