Hash Join  (cost=102767.86..1018503.58 rows=4562495 width=0) (actual time=23076.547..54035.716 rows=7105872 loops=1)
  Hash Cond: (ci.movie_id = t.id)
  ->  Seq Scan on cast_info ci  (cost=0.00..796071.18 rows=4562495 width=4) (actual time=16868.604..39776.992 rows=7105872 loops=1)
        Filter: ((person_id > 2956345) AND (role_id > 1))
        Rows Removed by Filter: 29138472
  ->  Hash  (cost=61283.27..61283.27 rows=2528527 width=4) (actual time=6206.845..6206.845 rows=2528312 loops=1)
        Buckets: 131072  Batches: 64  Memory Usage: 2415kB
        ->  Seq Scan on title t  (cost=0.00..61283.27 rows=2528527 width=4) (actual time=0.031..4317.635 rows=2528312 loops=1)
Planning time: 0.694 ms
Execution time: 55071.521 ms
