Hash Join  (cost=82581.58..154993.33 rows=189892 width=0) (actual time=1356.333..2987.353 rows=490828 loops=1)
  Hash Cond: (mc.movie_id = t.id)
  ->  Seq Scan on movie_companies mc  (cost=0.00..57926.93 rows=910105 width=4) (actual time=0.027..1057.462 rows=748371 loops=1)
        Filter: ((company_id > 1451) AND (company_type_id = 1))
        Rows Removed by Filter: 1860758
  ->  Hash  (cost=73925.90..73925.90 rows=527574 width=4) (actual time=1355.530..1355.530 rows=609532 loops=1)
        Buckets: 131072  Batches: 8  Memory Usage: 3715kB
        ->  Seq Scan on title t  (cost=0.00..73925.90 rows=527574 width=4) (actual time=0.014..1162.786 rows=609532 loops=1)
              Filter: ((kind_id < 7) AND (production_year < 2005))
              Rows Removed by Filter: 1918780
Planning time: 3.199 ms
Execution time: 3045.378 ms
