Seq Scan on cast_info ci  (cost=0.00..796071.18 rows=2178013 width=0) (actual time=0.019..12657.176 rows=704464 loops=1)
  Filter: ((person_id < 1801379) AND (role_id = 10))
  Rows Removed by Filter: 35539880
Planning time: 0.408 ms
Execution time: 12746.108 ms
