Hash Join  (cost=195335.91..581329.13 rows=992038 width=0) (actual time=4434.101..13108.552 rows=6282560 loops=1)
  Hash Cond: (mi.movie_id = t.id)
  ->  Seq Scan on movie_info mi  (cost=0.00..346232.03 rows=2194617 width=4) (actual time=0.014..5733.604 rows=2233850 loops=1)
        Filter: (info_type_id > 16)
        Rows Removed by Filter: 12601870
  ->  Hash  (cost=176583.71..176583.71 rows=1142976 width=8) (actual time=4432.838..4432.838 rows=917132 loops=1)
        Buckets: 131072  Batches: 16  Memory Usage: 3263kB
        ->  Hash Join  (cost=85777.42..176583.71 rows=1142976 width=8) (actual time=1532.271..4161.063 rows=917132 loops=1)
              Hash Cond: (mc.movie_id = t.id)
              ->  Seq Scan on movie_companies mc  (cost=0.00..44881.29 rows=2609129 width=4) (actual time=0.012..880.388 rows=2609129 loops=1)
              ->  Hash  (cost=67604.59..67604.59 rows=1107667 width=4) (actual time=1531.115..1531.115 rows=1107925 loops=1)
                    Buckets: 131072  Batches: 16  Memory Usage: 3460kB
                    ->  Seq Scan on title t  (cost=0.00..67604.59 rows=1107667 width=4) (actual time=0.022..1179.135 rows=1107925 loops=1)
                          Filter: (production_year > 2004)
                          Rows Removed by Filter: 1420387
Planning time: 1.209 ms
Execution time: 13735.495 ms
