Hash Join  (cost=52284.99..79214.12 rows=19 width=0) (actual time=743.377..1270.820 rows=35 loops=1)
  Hash Cond: (mi_idx.movie_id = t.id)
  ->  Seq Scan on movie_info_idx mi_idx  (cost=0.00..25185.44 rows=464934 width=4) (actual time=0.043..468.335 rows=460185 loops=1)
        Filter: (info_type_id > 100)
        Rows Removed by Filter: 919850
  ->  Hash  (cost=52283.69..52283.69 rows=104 width=8) (actual time=738.172..738.172 rows=95 loops=1)
        Buckets: 1024  Batches: 1  Memory Usage: 12kB
        ->  Nested Loop  (cost=0.43..52283.69 rows=104 width=8) (actual time=132.882..738.088 rows=95 loops=1)
              ->  Seq Scan on movie_companies mc  (cost=0.00..51404.11 rows=104 width=4) (actual time=132.816..735.300 rows=95 loops=1)
                    Filter: (company_id = 81)
                    Rows Removed by Filter: 2609034
              ->  Index Only Scan using title_pkey on title t  (cost=0.43..8.45 rows=1 width=4) (actual time=0.027..0.027 rows=1 loops=95)
                    Index Cond: (id = mc.movie_id)
                    Heap Fetches: 95
Planning time: 3.650 ms
Execution time: 1270.949 ms
