Seq Scan on cast_info ci  (cost=0.00..705507.15 rows=22922384 width=0) (actual time=0.029..12844.010 rows=22799623 loops=1)
  Filter: (person_id < 2327628)
  Rows Removed by Filter: 13444721
Planning time: 0.344 ms
Execution time: 15712.189 ms
