Hash Join  (cost=797958.85..884617.00 rows=11 width=0) (actual time=13903.240..15351.311 rows=6 loops=1)
  Hash Cond: (mk.movie_id = t.id)
  ->  Seq Scan on movie_keyword mk  (cost=0.00..69693.30 rows=4523930 width=4) (actual time=0.012..1051.350 rows=4523930 loops=1)
  ->  Hash  (cost=797958.78..797958.78 rows=6 width=8) (actual time=13517.978..13517.978 rows=54 loops=1)
        Buckets: 1024  Batches: 1  Memory Usage: 11kB
        ->  Nested Loop  (cost=0.43..797958.78 rows=6 width=8) (actual time=6154.044..13517.937 rows=54 loops=1)
              ->  Seq Scan on cast_info ci  (cost=0.00..796071.18 rows=224 width=4) (actual time=6152.997..13514.867 rows=215 loops=1)
                    Filter: ((role_id > 2) AND (person_id = 1900543))
                    Rows Removed by Filter: 36244129
              ->  Index Scan using title_pkey on title t  (cost=0.43..8.42 rows=1 width=4) (actual time=0.014..0.014 rows=0 loops=215)
                    Index Cond: (id = ci.movie_id)
                    Filter: ((kind_id = 7) AND (production_year = 2006))
                    Rows Removed by Filter: 1
Planning time: 0.761 ms
Execution time: 15351.424 ms
