Hash Join  (cost=71463.00..169428.74 rows=119422 width=0) (actual time=1128.334..3676.191 rows=195364 loops=1)
  Hash Cond: (mk.movie_id = t.id)
  ->  Seq Scan on movie_keyword mk  (cost=0.00..81003.12 rows=1284105 width=4) (actual time=0.020..1489.113 rows=1297042 loops=1)
        Filter: (keyword_id < 1684)
        Rows Removed by Filter: 3226888
  ->  Hash  (cost=67604.59..67604.59 rows=235153 width=4) (actual time=1127.376..1127.376 rows=230883 loops=1)
        Buckets: 131072  Batches: 4  Memory Usage: 3058kB
        ->  Seq Scan on title t  (cost=0.00..67604.59 rows=235153 width=4) (actual time=0.022..1048.697 rows=230883 loops=1)
              Filter: (production_year < 1959)
              Rows Removed by Filter: 2297429
Planning time: 0.720 ms
Execution time: 3700.737 ms
