Nested Loop  (cost=0.43..799265.94 rows=382 width=0) (actual time=40115.870..41116.740 rows=282 loops=1)
  ->  Seq Scan on cast_info ci  (cost=0.00..796071.18 rows=382 width=4) (actual time=40115.709..41096.096 rows=282 loops=1)
        Filter: ((role_id < 6) AND (person_id = 313647))
        Rows Removed by Filter: 36244062
  ->  Index Only Scan using title_pkey on title t  (cost=0.43..8.35 rows=1 width=4) (actual time=0.072..0.072 rows=1 loops=282)
        Index Cond: (id = ci.movie_id)
        Heap Fetches: 282
Planning time: 0.766 ms
Execution time: 41116.881 ms
