Hash Join  (cost=102767.86..177332.99 rows=280874 width=0) (actual time=2331.240..3759.961 rows=555378 loops=1)
  Hash Cond: (mc.movie_id = t.id)
  ->  Seq Scan on movie_companies mc  (cost=0.00..57926.93 rows=280874 width=4) (actual time=328.451..981.777 rows=555378 loops=1)
        Filter: ((company_id > 71740) AND (company_type_id > 1))
        Rows Removed by Filter: 2053751
  ->  Hash  (cost=61283.27..61283.27 rows=2528527 width=4) (actual time=1999.982..1999.982 rows=2528312 loops=1)
        Buckets: 131072  Batches: 64  Memory Usage: 2415kB
        ->  Seq Scan on title t  (cost=0.00..61283.27 rows=2528527 width=4) (actual time=0.023..1167.428 rows=2528312 loops=1)
Planning time: 12.414 ms
Execution time: 3820.371 ms
