Hash Join  (cost=103175.28..468463.90 rows=63268 width=0) (actual time=1454.446..8820.540 rows=345935 loops=1)
  Hash Cond: (mi.movie_id = t.id)
  ->  Seq Scan on movie_info mi  (cost=0.00..309384.22 rows=14739122 width=4) (actual time=0.015..4074.173 rows=14835720 loops=1)
  ->  Hash  (cost=103039.61..103039.61 rows=10854 width=8) (actual time=1454.279..1454.279 rows=14669 loops=1)
        Buckets: 16384  Batches: 1  Memory Usage: 702kB
        ->  Hash Join  (cost=74299.17..103039.61 rows=10854 width=8) (actual time=1259.340..1451.091 rows=14669 loops=1)
              Hash Cond: (mi_idx.movie_id = t.id)
              ->  Seq Scan on movie_info_idx mi_idx  (cost=0.00..25185.44 rows=919057 width=4) (actual time=0.016..230.840 rows=920110 loops=1)
                    Filter: (info_type_id > 99)
                    Rows Removed by Filter: 459925
              ->  Hash  (cost=73925.90..73925.90 rows=29861 width=4) (actual time=1097.703..1097.703 rows=17772 loops=1)
                    Buckets: 32768  Batches: 1  Memory Usage: 881kB
                    ->  Seq Scan on title t  (cost=0.00..73925.90 rows=29861 width=4) (actual time=300.128..1090.466 rows=17772 loops=1)
                          Filter: ((kind_id = 1) AND (production_year = 2007))
                          Rows Removed by Filter: 2510540
Planning time: 1.209 ms
Execution time: 8865.525 ms
