Seq Scan on title t  (cost=0.00..73925.90 rows=1359088 width=0) (actual time=332.785..1333.563 rows=1438695 loops=1)
  Filter: ((production_year > 1958) AND (kind_id = 7))
  Rows Removed by Filter: 1089617
Planning time: 14.693 ms
Execution time: 1518.622 ms
