Nested Loop  (cost=0.43..83071.67 rows=246 width=0) (actual time=14.682..530.360 rows=506 loops=1)
  ->  Seq Scan on movie_keyword mk  (cost=0.00..81003.12 rows=246 width=4) (actual time=14.617..521.292 rows=506 loops=1)
        Filter: (keyword_id = 11058)
        Rows Removed by Filter: 4523424
  ->  Index Only Scan using title_pkey on title t  (cost=0.43..8.40 rows=1 width=4) (actual time=0.017..0.017 rows=1 loops=506)
        Index Cond: (id = mk.movie_id)
        Heap Fetches: 506
Planning time: 0.449 ms
Execution time: 530.550 ms
