Hash Join  (cost=83073.56..109984.33 rows=29 width=0) (actual time=1154.341..1779.097 rows=553 loops=1)
  Hash Cond: (mi_idx.movie_id = t.id)
  ->  Seq Scan on movie_info_idx mi_idx  (cost=0.00..21735.35 rows=1380035 width=4) (actual time=0.020..373.980 rows=1380035 loops=1)
  ->  Hash  (cost=83072.90..83072.90 rows=53 width=8) (actual time=1151.978..1151.978 rows=183 loops=1)
        Buckets: 1024  Batches: 1  Memory Usage: 16kB
        ->  Nested Loop  (cost=0.43..83072.90 rows=53 width=8) (actual time=156.044..1151.774 rows=183 loops=1)
              ->  Seq Scan on movie_keyword mk  (cost=0.00..81003.12 rows=246 width=4) (actual time=5.221..1139.936 rows=212 loops=1)
                    Filter: (keyword_id = 12931)
                    Rows Removed by Filter: 4523718
              ->  Index Scan using title_pkey on title t  (cost=0.43..8.40 rows=1 width=4) (actual time=0.052..0.053 rows=1 loops=212)
                    Index Cond: (id = mk.movie_id)
                    Filter: ((kind_id < 2) AND (production_year < 2011))
                    Rows Removed by Filter: 0
Planning time: 0.760 ms
Execution time: 1779.348 ms
