Hash Join  (cost=83074.74..437085.89 rows=202 width=0) (actual time=1344.372..6727.432 rows=339 loops=1)
  Hash Cond: (mi.movie_id = t.id)
  ->  Seq Scan on movie_info mi  (cost=0.00..346232.03 rows=2073893 width=4) (actual time=85.529..5190.575 rows=2091068 loops=1)
        Filter: (info_type_id < 3)
        Rows Removed by Filter: 12744652
  ->  Hash  (cost=83071.67..83071.67 rows=246 width=8) (actual time=1257.658..1257.658 rows=156 loops=1)
        Buckets: 1024  Batches: 1  Memory Usage: 15kB
        ->  Nested Loop  (cost=0.43..83071.67 rows=246 width=8) (actual time=11.149..1257.451 rows=156 loops=1)
              ->  Seq Scan on movie_keyword mk  (cost=0.00..81003.12 rows=246 width=4) (actual time=11.091..1251.021 rows=156 loops=1)
                    Filter: (keyword_id = 1929)
                    Rows Removed by Filter: 4523774
              ->  Index Only Scan using title_pkey on title t  (cost=0.43..8.40 rows=1 width=4) (actual time=0.037..0.038 rows=1 loops=156)
                    Index Cond: (id = mk.movie_id)
                    Heap Fetches: 156
Planning time: 1.151 ms
Execution time: 6727.704 ms
