Nested Loop  (cost=0.43..58358.27 rows=51 width=0) (actual time=41.377..959.777 rows=22 loops=1)
  ->  Seq Scan on movie_companies mc  (cost=0.00..57926.93 rows=51 width=4) (actual time=41.257..958.726 rows=22 loops=1)
        Filter: ((company_type_id < 2) AND (company_id = 11637))
        Rows Removed by Filter: 2609107
  ->  Index Only Scan using title_pkey on title t  (cost=0.43..8.45 rows=1 width=4) (actual time=0.042..0.043 rows=1 loops=22)
        Index Cond: (id = mc.movie_id)
        Heap Fetches: 22
Planning time: 0.719 ms
Execution time: 959.867 ms
