Nested Loop  (cost=0.43..83071.67 rows=246 width=0) (actual time=0.299..1325.793 rows=1546 loops=1)
  ->  Seq Scan on movie_keyword mk  (cost=0.00..81003.12 rows=246 width=4) (actual time=0.233..1276.905 rows=1546 loops=1)
        Filter: (keyword_id = 3573)
        Rows Removed by Filter: 4522384
  ->  Index Only Scan using title_pkey on title t  (cost=0.43..8.40 rows=1 width=4) (actual time=0.030..0.030 rows=1 loops=1546)
        Index Cond: (id = mk.movie_id)
        Heap Fetches: 1546
Planning time: 0.674 ms
Execution time: 1326.413 ms
