Hash Join  (cost=106743.76..909332.54 rows=11852 width=0) (actual time=2059.188..16941.709 rows=34832 loops=1)
  Hash Cond: (ci.movie_id = t.id)
  ->  Seq Scan on cast_info ci  (cost=0.00..796071.18 rows=1706420 width=4) (actual time=0.025..14496.745 rows=1344519 loops=1)
        Filter: ((person_id < 2290608) AND (role_id = 4))
        Rows Removed by Filter: 34899825
  ->  Hash  (cost=106524.24..106524.24 rows=17562 width=8) (actual time=2058.703..2058.703 rows=41659 loops=1)
        Buckets: 65536 (originally 32768)  Batches: 1 (originally 1)  Memory Usage: 2140kB
        ->  Hash Join  (cost=75530.22..106524.24 rows=17562 width=8) (actual time=1278.639..2043.334 rows=41659 loops=1)
              Hash Cond: (mi_idx.movie_id = t.id)
              ->  Seq Scan on movie_info_idx mi_idx  (cost=0.00..25185.44 rows=454124 width=4) (actual time=0.015..509.741 rows=459925 loops=1)
                    Filter: (info_type_id = 100)
                    Rows Removed by Filter: 920110
              ->  Hash  (cost=73925.90..73925.90 rows=97785 width=4) (actual time=1277.569..1277.569 rows=199095 loops=1)
                    Buckets: 131072 (originally 131072)  Batches: 4 (originally 2)  Memory Usage: 3073kB
                    ->  Seq Scan on title t  (cost=0.00..73925.90 rows=97785 width=4) (actual time=0.056..1205.084 rows=199095 loops=1)
                          Filter: ((kind_id < 7) AND (production_year < 1961))
                          Rows Removed by Filter: 2329217
Planning time: 1.163 ms
Execution time: 16946.955 ms
