Hash Join  (cost=709678.15..766070.94 rows=263 width=0) (actual time=10970.183..11896.832 rows=50 loops=1)
  Hash Cond: (mc.movie_id = t.id)
  ->  Seq Scan on movie_companies mc  (cost=0.00..51404.11 rows=1329612 width=4) (actual time=226.410..1026.488 rows=1334883 loops=1)
        Filter: (company_type_id = 2)
        Rows Removed by Filter: 1274246
  ->  Hash  (cost=709671.90..709671.90 rows=500 width=8) (actual time=10683.091..10683.091 rows=342 loops=1)
        Buckets: 1024  Batches: 1  Memory Usage: 22kB
        ->  Nested Loop  (cost=0.43..709671.90 rows=500 width=8) (actual time=4826.282..10682.923 rows=342 loops=1)
              ->  Seq Scan on cast_info ci  (cost=0.00..705507.15 rows=500 width=4) (actual time=4826.154..10677.624 rows=342 loops=1)
                    Filter: (person_id = 3690903)
                    Rows Removed by Filter: 36244002
              ->  Index Only Scan using title_pkey on title t  (cost=0.43..8.32 rows=1 width=4) (actual time=0.014..0.015 rows=1 loops=342)
                    Index Cond: (id = ci.movie_id)
                    Heap Fetches: 342
Planning time: 1.186 ms
Execution time: 11896.964 ms
