Hash Join  (cost=78556.72..182553.81 rows=378935 width=0) (actual time=1220.356..4391.359 rows=899631 loops=1)
  Hash Cond: (mk.movie_id = t.id)
  ->  Seq Scan on movie_keyword mk  (cost=0.00..81003.12 rows=1435362 width=4) (actual time=0.023..1504.448 rows=1450628 loops=1)
        Filter: (keyword_id > 11521)
        Rows Removed by Filter: 3073302
  ->  Hash  (cost=67604.59..67604.59 rows=667531 width=4) (actual time=1219.301..1219.301 rows=662825 loops=1)
        Buckets: 131072  Batches: 16  Memory Usage: 2486kB
        ->  Seq Scan on title t  (cost=0.00..67604.59 rows=667531 width=4) (actual time=128.797..1017.378 rows=662825 loops=1)
              Filter: (kind_id < 2)
              Rows Removed by Filter: 1865487
Planning time: 1.295 ms
Execution time: 4497.163 ms
