Hash Join  (cost=100915.24..866161.73 rows=5201 width=0) (actual time=4691.373..17163.424 rows=13082 loops=1)
  Hash Cond: (ci.movie_id = t.id)
  ->  Seq Scan on cast_info ci  (cost=0.00..705507.15 rows=15916623 width=4) (actual time=2864.306..12549.534 rows=16042476 loops=1)
        Filter: (person_id > 2029803)
        Rows Removed by Filter: 20201868
  ->  Hash  (cost=100904.92..100904.92 rows=826 width=8) (actual time=1821.314..1821.314 rows=1092 loops=1)
        Buckets: 2048 (originally 1024)  Batches: 1 (originally 1)  Memory Usage: 59kB
        ->  Hash Join  (cost=73982.55..100904.92 rows=826 width=8) (actual time=1354.708..1820.743 rows=1092 loops=1)
              Hash Cond: (mi_idx.movie_id = t.id)
              ->  Seq Scan on movie_info_idx mi_idx  (cost=0.00..25185.44 rows=460978 width=4) (actual time=0.032..510.938 rows=459925 loops=1)
                    Filter: (info_type_id = 99)
                    Rows Removed by Filter: 920110
              ->  Hash  (cost=73925.90..73925.90 rows=4532 width=4) (actual time=1214.494..1214.494 rows=9242 loops=1)
                    Buckets: 16384 (originally 8192)  Batches: 1 (originally 1)  Memory Usage: 453kB
                    ->  Seq Scan on title t  (cost=0.00..73925.90 rows=4532 width=4) (actual time=0.210..1209.898 rows=9242 loops=1)
                          Filter: ((kind_id = 7) AND (production_year = 1984))
                          Rows Removed by Filter: 2519070
Planning time: 1.227 ms
Execution time: 17166.573 ms
