Hash Join  (cost=74299.17..454732.52 rows=104420 width=0) (actual time=1328.898..9175.845 rows=167516 loops=1)
  Hash Cond: (mi.movie_id = t.id)
  ->  Seq Scan on movie_info mi  (cost=0.00..346232.03 rows=8841901 width=4) (actual time=0.021..6112.888 rows=8950757 loops=1)
        Filter: (info_type_id > 6)
        Rows Removed by Filter: 5884963
  ->  Hash  (cost=73925.90..73925.90 rows=29861 width=4) (actual time=1328.613..1328.613 rows=17772 loops=1)
        Buckets: 32768  Batches: 1  Memory Usage: 881kB
        ->  Seq Scan on title t  (cost=0.00..73925.90 rows=29861 width=4) (actual time=0.029..1321.132 rows=17772 loops=1)
              Filter: ((kind_id = 1) AND (production_year = 2007))
              Rows Removed by Filter: 2510540
Planning time: 0.668 ms
Execution time: 9199.505 ms
