Seq Scan on title t  (cost=0.00..73925.90 rows=1963 width=0) (actual time=427.730..1223.041 rows=1309 loops=1)
  Filter: ((kind_id = 1) AND (production_year = 1897))
  Rows Removed by Filter: 2527003
Planning time: 0.376 ms
Execution time: 1223.525 ms
