Hash Join  (cost=108395.98..195582.13 rows=52811 width=0) (actual time=1977.753..3748.605 rows=11608 loops=1)
  Hash Cond: (mk.movie_id = t.id)
  ->  Seq Scan on movie_keyword mk  (cost=0.00..69693.30 rows=4523930 width=4) (actual time=0.025..956.557 rows=4523930 loops=1)
  ->  Hash  (cost=108027.02..108027.02 rows=29517 width=8) (actual time=1977.526..1977.526 rows=3428 loops=1)
        Buckets: 32768  Batches: 1  Memory Usage: 390kB
        ->  Hash Join  (cost=76582.74..108027.02 rows=29517 width=8) (actual time=1277.641..1975.680 rows=3428 loops=1)
              Hash Cond: (mi_idx.movie_id = t.id)
              ->  Seq Scan on movie_info_idx mi_idx  (cost=0.00..25185.44 rows=460978 width=4) (actual time=0.014..511.154 rows=459925 loops=1)
                    Filter: (info_type_id < 100)
                    Rows Removed by Filter: 920110
              ->  Hash  (cost=73925.90..73925.90 rows=161907 width=4) (actual time=1274.946..1274.946 rows=37938 loops=1)
                    Buckets: 131072  Batches: 4  Memory Usage: 1360kB
                    ->  Seq Scan on title t  (cost=0.00..73925.90 rows=161907 width=4) (actual time=0.132..1260.017 rows=37938 loops=1)
                          Filter: ((kind_id > 1) AND (production_year < 1958))
                          Rows Removed by Filter: 2490374
Planning time: 0.696 ms
Execution time: 3750.314 ms
