Hash Join  (cost=316010.17..1313354.43 rows=8706835 width=0) (actual time=18327.116..38055.000 rows=46083116 loops=1)
  Hash Cond: (ci.movie_id = t.id)
  ->  Seq Scan on cast_info ci  (cost=0.00..796071.18 rows=7281237 width=4) (actual time=11149.382..15911.511 rows=7444822 loops=1)
        Filter: ((person_id > 247339) AND (role_id > 6))
        Rows Removed by Filter: 28799522
  ->  Hash  (cost=266404.30..266404.30 rows=3023589 width=8) (actual time=7176.461..7176.461 rows=3013312 loops=1)
        Buckets: 131072  Batches: 64  Memory Usage: 2890kB
        ->  Hash Join  (cost=102767.86..266404.30 rows=3023589 width=8) (actual time=2027.285..6307.738 rows=3013312 loops=1)
              Hash Cond: (mk.movie_id = t.id)
              ->  Seq Scan on movie_keyword mk  (cost=0.00..81003.12 rows=3023589 width=4) (actual time=0.038..1625.223 rows=3013312 loops=1)
                    Filter: (keyword_id > 2185)
                    Rows Removed by Filter: 1510618
              ->  Hash  (cost=61283.27..61283.27 rows=2528527 width=4) (actual time=2024.806..2024.806 rows=2528312 loops=1)
                    Buckets: 131072  Batches: 64  Memory Usage: 2425kB
                    ->  Seq Scan on title t  (cost=0.00..61283.27 rows=2528527 width=4) (actual time=0.017..1144.604 rows=2528312 loops=1)
Planning time: 1.188 ms
Execution time: 43235.450 ms
