Hash Join  (cost=139597.14..247746.97 rows=389820 width=0) (actual time=3161.732..6595.341 rows=3766430 loops=1)
  Hash Cond: (mk.movie_id = t.id)
  ->  Seq Scan on movie_keyword mk  (cost=0.00..81003.12 rows=1828403 width=4) (actual time=0.014..1565.101 rows=1835121 loops=1)
        Filter: (keyword_id < 3030)
        Rows Removed by Filter: 2688809
  ->  Hash  (cost=130752.54..130752.54 rows=539088 width=8) (actual time=3160.619..3160.619 rows=954317 loops=1)
        Buckets: 131072 (originally 131072)  Batches: 16 (originally 8)  Memory Usage: 3370kB
        ->  Hash Join  (cost=83810.17..130752.54 rows=539088 width=8) (actual time=1596.259..2934.607 rows=954317 loops=1)
              Hash Cond: (mi_idx.movie_id = t.id)
              ->  Seq Scan on movie_info_idx mi_idx  (cost=0.00..21735.35 rows=1380035 width=4) (actual time=0.016..428.763 rows=1380035 loops=1)
              ->  Hash  (cost=67604.59..67604.59 rows=987727 width=4) (actual time=1595.633..1595.633 rows=985048 loops=1)
                    Buckets: 131072  Batches: 16  Memory Usage: 3188kB
                    ->  Seq Scan on title t  (cost=0.00..67604.59 rows=987727 width=4) (actual time=0.008..1284.433 rows=985048 loops=1)
                          Filter: (kind_id < 7)
                          Rows Removed by Filter: 1543264
Planning time: 5.675 ms
Execution time: 7031.946 ms
