Hash Join  (cost=263115.61..771463.48 rows=6429740 width=0) (actual time=10383.770..29081.055 rows=42723186 loops=1)
  Hash Cond: (mi.movie_id = t.id)
  ->  Seq Scan on movie_info mi  (cost=0.00..346232.03 rows=6231111 width=4) (actual time=3623.966..8597.274 rows=6223494 loops=1)
        Filter: (info_type_id > 8)
        Rows Removed by Filter: 8612226
  ->  Hash  (cost=220309.49..220309.49 rows=2609129 width=8) (actual time=6758.783..6758.783 rows=2609129 loops=1)
        Buckets: 131072  Batches: 64  Memory Usage: 2692kB
        ->  Hash Join  (cost=102767.86..220309.49 rows=2609129 width=8) (actual time=2394.169..5977.184 rows=2609129 loops=1)
              Hash Cond: (mc.movie_id = t.id)
              ->  Seq Scan on movie_companies mc  (cost=0.00..44881.29 rows=2609129 width=4) (actual time=0.021..928.110 rows=2609129 loops=1)
              ->  Hash  (cost=61283.27..61283.27 rows=2528527 width=4) (actual time=2393.495..2393.495 rows=2528312 loops=1)
                    Buckets: 131072  Batches: 64  Memory Usage: 2415kB
                    ->  Seq Scan on title t  (cost=0.00..61283.27 rows=2528527 width=4) (actual time=0.019..1355.952 rows=2528312 loops=1)
Planning time: 1.216 ms
Execution time: 34031.156 ms
