Hash Join  (cost=74710.74..130024.15 rows=64788 width=0) (actual time=1162.193..2664.999 rows=79358 loops=1)
  Hash Cond: (mc.movie_id = t.id)
  ->  Seq Scan on movie_companies mc  (cost=0.00..44881.29 rows=2609129 width=4) (actual time=0.018..741.234 rows=2609129 loops=1)
  ->  Hash  (cost=73925.90..73925.90 rows=62787 width=4) (actual time=1161.703..1161.703 rows=53770 loops=1)
        Buckets: 65536  Batches: 1  Memory Usage: 2403kB
        ->  Seq Scan on title t  (cost=0.00..73925.90 rows=62787 width=4) (actual time=0.071..1140.817 rows=53770 loops=1)
              Filter: ((kind_id < 7) AND (production_year = 2011))
              Rows Removed by Filter: 2474542
Planning time: 1.323 ms
Execution time: 2675.998 ms
