Hash Join  (cost=952594.49..1097714.08 rows=1897456 width=0) (actual time=18069.671..22171.216 rows=2667785 loops=1)
  Hash Cond: (mk.movie_id = t.id)
  ->  Seq Scan on movie_keyword mk  (cost=0.00..69693.30 rows=4523930 width=4) (actual time=0.017..1502.495 rows=4523930 loops=1)
  ->  Hash  (cost=935194.85..935194.85 rows=1060531 width=8) (actual time=18068.917..18068.917 rows=760409 loops=1)
        Buckets: 131072  Batches: 16  Memory Usage: 2883kB
        ->  Hash Join  (cost=104445.35..935194.85 rows=1060531 width=8) (actual time=12238.598..17843.434 rows=760409 loops=1)
              Hash Cond: (ci.movie_id = t.id)
              ->  Seq Scan on cast_info ci  (cost=0.00..796071.18 rows=1194202 width=4) (actual time=10150.677..14538.505 rows=870100 loops=1)
                    Filter: ((person_id < 2569994) AND (role_id = 8))
                    Rows Removed by Filter: 35374244
              ->  Hash  (cost=67604.59..67604.59 rows=2245501 width=4) (actual time=2086.932..2086.932 rows=2235103 loops=1)
                    Buckets: 131072  Batches: 32  Memory Usage: 3482kB
                    ->  Seq Scan on title t  (cost=0.00..67604.59 rows=2245501 width=4) (actual time=0.028..1394.390 rows=2235103 loops=1)
                          Filter: (production_year > 1957)
                          Rows Removed by Filter: 293209
Planning time: 1.218 ms
Execution time: 22422.563 ms
