Hash Join  (cost=372321.32..1182002.38 rows=25735643 width=0) (actual time=8874.349..75312.332 rows=227809346 loops=1)
  Hash Cond: (mi.movie_id = t.id)
  ->  Seq Scan on movie_info mi  (cost=0.00..309384.22 rows=14739122 width=4) (actual time=0.017..6473.650 rows=14835720 loops=1)
  ->  Hash  (cost=299886.78..299886.78 rows=4415003 width=8) (actual time=8873.093..8873.093 rows=4415321 loops=1)
        Buckets: 131072  Batches: 64  Memory Usage: 3820kB
        ->  Hash Join  (cost=102767.86..299886.78 rows=4415003 width=8) (actual time=1941.319..7597.848 rows=4415321 loops=1)
              Hash Cond: (mk.movie_id = t.id)
              ->  Seq Scan on movie_keyword mk  (cost=0.00..81003.12 rows=4415003 width=4) (actual time=0.032..1742.880 rows=4415321 loops=1)
                    Filter: (keyword_id < 80414)
                    Rows Removed by Filter: 108609
              ->  Hash  (cost=61283.27..61283.27 rows=2528527 width=4) (actual time=1940.237..1940.237 rows=2528312 loops=1)
                    Buckets: 131072  Batches: 64  Memory Usage: 2425kB
                    ->  Seq Scan on title t  (cost=0.00..61283.27 rows=2528527 width=4) (actual time=0.012..1083.278 rows=2528312 loops=1)
Planning time: 1.115 ms
Execution time: 101073.509 ms
