Seq Scan on cast_info ci  (cost=0.00..705507.15 rows=500 width=0) (actual time=3163.745..10781.889 rows=219 loops=1)
  Filter: (person_id = 400259)
  Rows Removed by Filter: 36244125
Planning time: 0.557 ms
Execution time: 10782.004 ms
