Seq Scan on title t  (cost=0.00..67604.59 rows=7437 width=0) (actual time=1.391..1028.834 rows=6346 loops=1)
  Filter: (production_year = 1952)
  Rows Removed by Filter: 2521966
Planning time: 0.341 ms
Execution time: 1030.608 ms
