Hash Join  (cost=173647.73..694603.42 rows=896269 width=0) (actual time=3910.885..18552.760 rows=7288029 loops=1)
  Hash Cond: (mi.movie_id = t.id)
  ->  Seq Scan on movie_info mi  (cost=0.00..346232.03 rows=14282391 width=4) (actual time=0.016..6815.477 rows=14308956 loops=1)
        Filter: (info_type_id < 103)
        Rows Removed by Filter: 526764
  ->  Hash  (cost=171044.31..171044.31 rows=158674 width=8) (actual time=3908.928..3908.928 rows=229935 loops=1)
        Buckets: 131072  Batches: 4  Memory Usage: 3299kB
        ->  Hash Join  (cost=72956.84..171044.31 rows=158674 width=8) (actual time=1223.952..3832.718 rows=229935 loops=1)
              Hash Cond: (mk.movie_id = t.id)
              ->  Seq Scan on movie_keyword mk  (cost=0.00..81003.12 rows=1230028 width=4) (actual time=0.020..1455.660 rows=1239299 loops=1)
                    Filter: (keyword_id < 1576)
                    Rows Removed by Filter: 3284631
              ->  Hash  (cost=67604.59..67604.59 rows=326180 width=4) (actual time=1222.821..1222.821 rows=323245 loops=1)
                    Buckets: 131072  Batches: 8  Memory Usage: 2443kB
                    ->  Seq Scan on title t  (cost=0.00..67604.59 rows=326180 width=4) (actual time=0.013..1115.736 rows=323245 loops=1)
                          Filter: (production_year < 1967)
                          Rows Removed by Filter: 2205067
Planning time: 1.247 ms
Execution time: 19342.638 ms
