Hash Join  (cost=74383.87..425539.52 rows=18316 width=0) (actual time=5745.293..6696.516 rows=12757 loops=1)
  Hash Cond: (mi.movie_id = t.id)
  ->  Seq Scan on movie_info mi  (cost=0.00..346232.03 rows=1264125 width=4) (actual time=4372.286..5341.794 rows=1288928 loops=1)
        Filter: (info_type_id = 2)
        Rows Removed by Filter: 13546792
  ->  Hash  (cost=73925.90..73925.90 rows=36637 width=4) (actual time=1097.707..1097.707 rows=13887 loops=1)
        Buckets: 65536  Batches: 1  Memory Usage: 1001kB
        ->  Seq Scan on title t  (cost=0.00..73925.90 rows=36637 width=4) (actual time=465.708..1091.654 rows=13887 loops=1)
              Filter: ((production_year < 1995) AND (kind_id = 4))
              Rows Removed by Filter: 2514425
Planning time: 0.836 ms
Execution time: 6698.602 ms
