Hash Join  (cost=107928.35..287179.20 rows=3824045 width=0) (actual time=2694.036..7593.642 rows=3913676 loops=1)
  Hash Cond: (mk.movie_id = t.id)
  ->  Seq Scan on movie_keyword mk  (cost=0.00..81003.12 rows=3934054 width=4) (actual time=0.020..1746.677 rows=3934520 loops=1)
        Filter: (keyword_id < 31158)
        Rows Removed by Filter: 589410
  ->  Hash  (cost=67604.59..67604.59 rows=2457821 width=4) (actual time=2692.346..2692.346 rows=2456218 loops=1)
        Buckets: 131072  Batches: 64  Memory Usage: 2385kB
        ->  Seq Scan on title t  (cost=0.00..67604.59 rows=2457821 width=4) (actual time=0.012..1250.943 rows=2456218 loops=1)
              Filter: (production_year > 0)
              Rows Removed by Filter: 72094
Planning time: 0.718 ms
Execution time: 8048.832 ms
