Nested Loop  (cost=0.43..128657.65 rows=4 width=0) (actual time=262.211..1323.668 rows=2 loops=1)
  ->  Seq Scan on movie_keyword mk  (cost=0.00..81003.12 rows=6786 width=4) (actual time=4.117..1191.724 rows=6560 loops=1)
        Filter: (keyword_id = 12015)
        Rows Removed by Filter: 4517370
  ->  Index Scan using title_pkey on title t  (cost=0.43..7.01 rows=1 width=4) (actual time=0.020..0.020 rows=0 loops=6560)
        Index Cond: (id = mk.movie_id)
        Filter: ((kind_id = 3) AND (production_year = 1995))
        Rows Removed by Filter: 1
Planning time: 0.875 ms
Execution time: 1323.788 ms
