Hash Join  (cost=83073.95..447734.78 rows=491 width=0) (actual time=1376.380..8100.824 rows=716 loops=1)
  Hash Cond: (mi.movie_id = t.id)
  ->  Seq Scan on movie_info mi  (cost=0.00..309384.22 rows=14739122 width=4) (actual time=0.007..4194.052 rows=14835720 loops=1)
  ->  Hash  (cost=83072.90..83072.90 rows=84 width=8) (actual time=1242.907..1242.907 rows=6 loops=1)
        Buckets: 1024  Batches: 1  Memory Usage: 9kB
        ->  Nested Loop  (cost=0.43..83072.90 rows=84 width=8) (actual time=8.518..1242.890 rows=6 loops=1)
              ->  Seq Scan on movie_keyword mk  (cost=0.00..81003.12 rows=246 width=4) (actual time=8.463..1242.520 rows=6 loops=1)
                    Filter: (keyword_id = 30629)
                    Rows Removed by Filter: 4523924
              ->  Index Scan using title_pkey on title t  (cost=0.43..8.40 rows=1 width=4) (actual time=0.053..0.054 rows=1 loops=6)
                    Index Cond: (id = mk.movie_id)
                    Filter: ((kind_id < 7) AND (production_year > 1960))
Planning time: 1.265 ms
Execution time: 8101.161 ms
