Hash Join  (cost=147783.42..1051947.57 rows=394595 width=0) (actual time=4657.376..23287.477 rows=1081523 loops=1)
  Hash Cond: (ci.movie_id = t.id)
  ->  Seq Scan on cast_info ci  (cost=0.00..796071.18 rows=8969605 width=4) (actual time=1479.321..15100.586 rows=12670688 loops=1)
        Filter: ((person_id < 2638119) AND (role_id = 1))
        Rows Removed by Filter: 23573656
  ->  Hash  (cost=145957.97..145957.97 rows=111236 width=8) (actual time=3177.225..3177.225 rows=98794 loops=1)
        Buckets: 131072  Batches: 2  Memory Usage: 2927kB
        ->  Hash Join  (cost=69374.09..145957.97 rows=111236 width=8) (actual time=1123.848..3141.922 rows=98794 loops=1)
              Hash Cond: (mc.movie_id = t.id)
              ->  Seq Scan on movie_companies mc  (cost=0.00..44881.29 rows=2609129 width=4) (actual time=0.023..1025.171 rows=2609129 loops=1)
              ->  Hash  (cost=67604.59..67604.59 rows=107800 width=4) (actual time=1123.061..1123.061 rows=108429 loops=1)
                    Buckets: 131072  Batches: 2  Memory Usage: 2931kB
                    ->  Seq Scan on title t  (cost=0.00..67604.59 rows=107800 width=4) (actual time=0.019..1081.859 rows=108429 loops=1)
                          Filter: (production_year = 2006)
                          Rows Removed by Filter: 2419883
Planning time: 1.188 ms
Execution time: 23428.527 ms
