Hash Join  (cost=102767.86..257631.72 rows=2658999 width=0) (actual time=1998.352..6277.901 rows=2648499 loops=1)
  Hash Cond: (mk.movie_id = t.id)
  ->  Seq Scan on movie_keyword mk  (cost=0.00..81003.12 rows=2658999 width=4) (actual time=0.032..1626.447 rows=2648499 loops=1)
        Filter: (keyword_id > 3181)
        Rows Removed by Filter: 1875431
  ->  Hash  (cost=61283.27..61283.27 rows=2528527 width=4) (actual time=1996.629..1996.629 rows=2528312 loops=1)
        Buckets: 131072  Batches: 64  Memory Usage: 2425kB
        ->  Seq Scan on title t  (cost=0.00..61283.27 rows=2528527 width=4) (actual time=0.024..1111.346 rows=2528312 loops=1)
Planning time: 0.696 ms
Execution time: 6585.756 ms
