Hash Join  (cost=138477.94..225785.96 rows=64998 width=0) (actual time=2850.863..5286.831 rows=301684 loops=1)
  Hash Cond: (mk.movie_id = t.id)
  ->  Seq Scan on movie_keyword mk  (cost=0.00..69693.30 rows=4523930 width=4) (actual time=0.024..965.379 rows=4523930 loops=1)
  ->  Hash  (cost=138023.83..138023.83 rows=36329 width=8) (actual time=2831.952..2831.952 rows=83144 loops=1)
        Buckets: 131072 (originally 65536)  Batches: 2 (originally 1)  Memory Usage: 3073kB
        ->  Hash Join  (cost=74798.38..138023.83 rows=36329 width=8) (actual time=1744.661..2797.134 rows=83144 loops=1)
              Hash Cond: (mc.movie_id = t.id)
              ->  Seq Scan on movie_companies mc  (cost=0.00..57926.93 rows=1316060 width=4) (actual time=0.025..1172.364 rows=1309669 loops=1)
                    Filter: ((company_id < 211814) AND (company_type_id = 2))
                    Rows Removed by Filter: 1299460
              ->  Hash  (cost=73925.90..73925.90 rows=69798 width=4) (actual time=1238.968..1238.968 rows=76323 loops=1)
                    Buckets: 131072  Batches: 1  Memory Usage: 3708kB
                    ->  Seq Scan on title t  (cost=0.00..73925.90 rows=69798 width=4) (actual time=35.916..1207.685 rows=76323 loops=1)
                          Filter: ((production_year > 1979) AND (kind_id = 2))
                          Rows Removed by Filter: 2451989
Planning time: 1.208 ms
Execution time: 5325.779 ms
