Seq Scan on cast_info ci  (cost=0.00..705507.15 rows=500 width=0) (actual time=1666.907..10136.950 rows=629 loops=1)
  Filter: (person_id = 293471)
  Rows Removed by Filter: 36243715
Planning time: 0.347 ms
Execution time: 10137.174 ms
