Hash Join  (cost=438681.37..1496242.51 rows=2312697 width=0) (actual time=6556.334..35663.659 rows=6671934 loops=1)
  Hash Cond: (ci.movie_id = t.id)
  ->  Seq Scan on cast_info ci  (cost=0.00..614943.12 rows=36225612 width=4) (actual time=0.020..13146.632 rows=36244344 loops=1)
  ->  Hash  (cost=436032.56..436032.56 rows=161425 width=8) (actual time=6555.302..6555.302 rows=75244 loops=1)
        Buckets: 131072  Batches: 4  Memory Usage: 1751kB
        ->  Hash Join  (cost=78473.92..436032.56 rows=161425 width=8) (actual time=2724.688..6530.723 rows=75244 loops=1)
              Hash Cond: (mi.movie_id = t.id)
              ->  Seq Scan on movie_info mi  (cost=0.00..346232.03 rows=616095 width=4) (actual time=732.052..4206.657 rows=598457 loops=1)
                    Filter: (info_type_id = 15)
                    Rows Removed by Filter: 14237263
              ->  Hash  (cost=67604.59..67604.59 rows=662507 width=4) (actual time=1433.017..1433.017 rows=662065 loops=1)
                    Buckets: 131072  Batches: 16  Memory Usage: 2487kB
                    ->  Seq Scan on title t  (cost=0.00..67604.59 rows=662507 width=4) (actual time=0.020..1215.098 rows=662065 loops=1)
                          Filter: (production_year > 2008)
                          Rows Removed by Filter: 1866247
Planning time: 1.191 ms
Execution time: 36419.287 ms
