Hash Join  (cost=76656.98..566813.94 rows=970003 width=0) (actual time=1685.421..12912.083 rows=382315 loops=1)
  Hash Cond: (mi.movie_id = t.id)
  ->  Seq Scan on movie_info mi  (cost=0.00..309384.22 rows=14739122 width=4) (actual time=0.021..6175.264 rows=14835720 loops=1)
  ->  Hash  (cost=73925.90..73925.90 rows=166406 width=4) (actual time=1114.579..1114.579 rows=66078 loops=1)
        Buckets: 131072  Batches: 4  Memory Usage: 1610kB
        ->  Seq Scan on title t  (cost=0.00..73925.90 rows=166406 width=4) (actual time=0.026..1088.432 rows=66078 loops=1)
              Filter: ((production_year < 1963) AND (kind_id = 7))
              Rows Removed by Filter: 2462234
Planning time: 0.819 ms
Execution time: 12956.368 ms
