Hash Join  (cost=102767.86..187737.22 rows=713257 width=0) (actual time=2032.390..4390.570 rows=983303 loops=1)
  Hash Cond: (mc.movie_id = t.id)
  ->  Seq Scan on movie_companies mc  (cost=0.00..57926.93 rows=713257 width=4) (actual time=20.387..1102.878 rows=983303 loops=1)
        Filter: ((company_id < 12929) AND (company_type_id < 2))
        Rows Removed by Filter: 1625826
  ->  Hash  (cost=61283.27..61283.27 rows=2528527 width=4) (actual time=2010.586..2010.586 rows=2528312 loops=1)
        Buckets: 131072  Batches: 64  Memory Usage: 2415kB
        ->  Seq Scan on title t  (cost=0.00..61283.27 rows=2528527 width=4) (actual time=0.021..1154.965 rows=2528312 loops=1)
Planning time: 2.259 ms
Execution time: 4512.342 ms
