Seq Scan on movie_keyword mk  (cost=0.00..81003.12 rows=246 width=0) (actual time=140.332..1301.257 rows=27 loops=1)
  Filter: (keyword_id = 27643)
  Rows Removed by Filter: 4523903
Planning time: 0.347 ms
Execution time: 1301.368 ms
