Seq Scan on movie_companies mc  (cost=0.00..51404.11 rows=1318397 width=0) (actual time=0.024..968.018 rows=1308373 loops=1)
  Filter: (company_id < 11339)
  Rows Removed by Filter: 1300756
Planning time: 0.332 ms
Execution time: 1136.493 ms
