Seq Scan on movie_keyword mk  (cost=0.00..81003.12 rows=246 width=0) (actual time=43.005..1244.905 rows=62 loops=1)
  Filter: (keyword_id = 4624)
  Rows Removed by Filter: 4523868
Planning time: 9.493 ms
Execution time: 1245.054 ms
