Hash Join  (cost=886882.05..942285.83 rows=73825 width=0) (actual time=14689.640..16654.437 rows=679308 loops=1)
  Hash Cond: (mc.movie_id = t.id)
  ->  Seq Scan on movie_companies mc  (cost=0.00..44881.29 rows=2609129 width=4) (actual time=0.022..654.011 rows=2609129 loops=1)
  ->  Hash  (cost=885987.73..885987.73 rows=71545 width=8) (actual time=14688.812..14688.812 rows=194475 loops=1)
        Buckets: 131072 (originally 131072)  Batches: 2 (originally 1)  Memory Usage: 4854kB
        ->  Hash Join  (cost=69374.09..885987.73 rows=71545 width=8) (actual time=1164.575..14609.540 rows=194475 loops=1)
              Hash Cond: (ci.movie_id = t.id)
              ->  Seq Scan on cast_info ci  (cost=0.00..796071.18 rows=1678138 width=4) (actual time=0.021..11804.947 rows=3777798 loops=1)
                    Filter: ((person_id > 3370826) AND (role_id > 2))
                    Rows Removed by Filter: 32466546
              ->  Hash  (cost=67604.59..67604.59 rows=107800 width=4) (actual time=1163.677..1163.677 rows=108429 loops=1)
                    Buckets: 131072  Batches: 2  Memory Usage: 2931kB
                    ->  Seq Scan on title t  (cost=0.00..67604.59 rows=107800 width=4) (actual time=0.032..1121.619 rows=108429 loops=1)
                          Filter: (production_year = 2006)
                          Rows Removed by Filter: 2419883
Planning time: 1.245 ms
Execution time: 16753.853 ms
