Seq Scan on cast_info ci  (cost=0.00..705507.15 rows=23192014 width=0) (actual time=37.281..13171.313 rows=23257300 loops=1)
  Filter: (person_id > 1283340)
  Rows Removed by Filter: 12987044
Planning time: 0.327 ms
Execution time: 16022.120 ms
