Seq Scan on title t  (cost=0.00..67604.59 rows=7437 width=0) (actual time=2.106..1105.590 rows=19861 loops=1)
  Filter: (production_year = 1988)
  Rows Removed by Filter: 2508451
Planning time: 0.346 ms
Execution time: 1110.008 ms
