Seq Scan on movie_keyword mk  (cost=0.00..81003.12 rows=1637651 width=0) (actual time=0.021..1365.852 rows=1647379 loops=1)
  Filter: (keyword_id < 2506)
  Rows Removed by Filter: 2876551
Planning time: 0.293 ms
Execution time: 1569.302 ms
