Seq Scan on title t  (cost=0.00..73925.90 rows=1963 width=0) (actual time=0.045..1118.214 rows=4189 loops=1)
  Filter: ((kind_id = 1) AND (production_year = 1981))
  Rows Removed by Filter: 2524123
Planning time: 0.328 ms
Execution time: 1119.232 ms
