Nested Loop  (cost=0.43..83071.67 rows=246 width=0) (actual time=4.733..1400.742 rows=914 loops=1)
  ->  Seq Scan on movie_keyword mk  (cost=0.00..81003.12 rows=246 width=4) (actual time=4.655..1344.178 rows=914 loops=1)
        Filter: (keyword_id = 27125)
        Rows Removed by Filter: 4523016
  ->  Index Only Scan using title_pkey on title t  (cost=0.43..8.40 rows=1 width=4) (actual time=0.060..0.060 rows=1 loops=914)
        Index Cond: (id = mk.movie_id)
        Heap Fetches: 914
Planning time: 0.718 ms
Execution time: 1401.140 ms
