Seq Scan on movie_companies mc  (cost=0.00..57926.93 rows=956872 width=0) (actual time=370.774..1114.671 rows=1124577 loops=1)
  Filter: ((company_id > 1407) AND (company_type_id = 2))
  Rows Removed by Filter: 1484552
Planning time: 0.304 ms
Execution time: 1257.211 ms
