Hash Join  (cost=279947.75..929931.37 rows=11698482 width=0) (actual time=6958.714..46767.543 rows=120721345 loops=1)
  Hash Cond: (mi.movie_id = t.id)
  ->  Seq Scan on movie_info mi  (cost=0.00..346232.03 rows=13929354 width=4) (actual time=0.010..7183.557 rows=14033580 loops=1)
        Filter: (info_type_id > 1)
        Rows Removed by Filter: 802140
  ->  Hash  (cost=245107.15..245107.15 rows=2123568 width=8) (actual time=6957.096..6957.096 rows=2413212 loops=1)
        Buckets: 131072  Batches: 32  Memory Usage: 4032kB
        ->  Hash Join  (cost=101489.21..245107.15 rows=2123568 width=8) (actual time=2559.447..6305.846 rows=2413212 loops=1)
              Hash Cond: (mk.movie_id = t.id)
              ->  Seq Scan on movie_keyword mk  (cost=0.00..81003.12 rows=2599826 width=4) (actual time=0.024..1608.806 rows=2588940 loops=1)
                    Filter: (keyword_id < 6857)
                    Rows Removed by Filter: 1934990
              ->  Hash  (cost=67604.59..67604.59 rows=2065330 width=4) (actual time=2557.647..2557.647 rows=2064552 loops=1)
                    Buckets: 131072  Batches: 32  Memory Usage: 3298kB
                    ->  Seq Scan on title t  (cost=0.00..67604.59 rows=2065330 width=4) (actual time=0.024..1431.030 rows=2064552 loops=1)
                          Filter: (production_year < 2011)
                          Rows Removed by Filter: 463760
Planning time: 1.263 ms
Execution time: 59581.165 ms
