Hash Join  (cost=128695.20..215406.87 rows=5364 width=0) (actual time=2306.738..4236.521 rows=18179 loops=1)
  Hash Cond: (mk.movie_id = t.id)
  ->  Seq Scan on movie_keyword mk  (cost=0.00..69693.30 rows=4523930 width=4) (actual time=0.018..1057.378 rows=4523930 loops=1)
  ->  Hash  (cost=128657.72..128657.72 rows=2998 width=8) (actual time=2306.262..2306.262 rows=14869 loops=1)
        Buckets: 16384 (originally 4096)  Batches: 1 (originally 1)  Memory Usage: 709kB
        ->  Hash Join  (cost=73962.22..128657.72 rows=2998 width=8) (actual time=1267.432..2300.499 rows=14869 loops=1)
              Hash Cond: (mc.movie_id = t.id)
              ->  Seq Scan on movie_companies mc  (cost=0.00..44881.29 rows=2609129 width=4) (actual time=0.014..613.095 rows=2609129 loops=1)
              ->  Hash  (cost=73925.90..73925.90 rows=2905 width=4) (actual time=1167.660..1167.660 rows=7670 loops=1)
                    Buckets: 8192 (originally 4096)  Batches: 1 (originally 1)  Memory Usage: 334kB
                    ->  Seq Scan on title t  (cost=0.00..73925.90 rows=2905 width=4) (actual time=0.022..1164.182 rows=7670 loops=1)
                          Filter: ((kind_id < 7) AND (production_year = 1915))
                          Rows Removed by Filter: 2520642
Planning time: 1.204 ms
Execution time: 4239.352 ms
