Hash Join  (cost=477150.74..1483840.74 rows=2793965 width=0) (actual time=8076.988..36973.669 rows=5662017 loops=1)
  Hash Cond: (ci.movie_id = t.id)
  ->  Seq Scan on cast_info ci  (cost=0.00..796071.18 rows=15646712 width=4) (actual time=0.019..17817.223 rows=20122661 loops=1)
        Filter: ((person_id < 2888684) AND (role_id < 3))
        Rows Removed by Filter: 16121683
  ->  Hash  (cost=469742.89..469742.89 rows=451508 width=8) (actual time=8075.959..8075.959 rows=474443 loops=1)
        Buckets: 131072  Batches: 8  Memory Usage: 3338kB
        ->  Hash Join  (cost=102767.86..469742.89 rows=451508 width=8) (actual time=2336.755..7925.336 rows=474443 loops=1)
              Hash Cond: (mi.movie_id = t.id)
              ->  Seq Scan on movie_info mi  (cost=0.00..346232.03 rows=451508 width=4) (actual time=474.267..5230.658 rows=474443 loops=1)
                    Filter: (info_type_id = 6)
                    Rows Removed by Filter: 14361277
              ->  Hash  (cost=61283.27..61283.27 rows=2528527 width=4) (actual time=1861.130..1861.130 rows=2528312 loops=1)
                    Buckets: 131072  Batches: 64  Memory Usage: 2425kB
                    ->  Seq Scan on title t  (cost=0.00..61283.27 rows=2528527 width=4) (actual time=0.024..994.022 rows=2528312 loops=1)
Planning time: 0.826 ms
Execution time: 37629.990 ms
