Hash Join  (cost=871177.78..3815930.06 rows=146350702 width=0) (actual time=21488.378..139142.302 rows=329923364 loops=1)
  Hash Cond: (ci.movie_id = t.id)
  ->  Seq Scan on cast_info ci  (cost=0.00..614943.12 rows=36225612 width=4) (actual time=0.014..13981.962 rows=36244344 loops=1)
  ->  Hash  (cost=703583.84..703583.84 rows=10215195 width=8) (actual time=21485.241..21485.241 rows=9092685 loops=1)
        Buckets: 131072  Batches: 256  Memory Usage: 2391kB
        ->  Hash Join  (cost=96356.06..703583.84 rows=10215195 width=8) (actual time=2076.744..18477.219 rows=9092685 loops=1)
              Hash Cond: (mi.movie_id = t.id)
              ->  Seq Scan on movie_info mi  (cost=0.00..309384.22 rows=14739122 width=4) (actual time=0.028..6054.676 rows=14835720 loops=1)
              ->  Hash  (cost=67604.59..67604.59 rows=1752438 width=4) (actual time=2074.741..2074.741 rows=1749032 loops=1)
                    Buckets: 131072  Batches: 32  Memory Usage: 2958kB
                    ->  Seq Scan on title t  (cost=0.00..67604.59 rows=1752438 width=4) (actual time=0.024..1246.840 rows=1749032 loops=1)
                          Filter: (production_year > 1990)
                          Rows Removed by Filter: 779280
Planning time: 0.777 ms
Execution time: 175595.084 ms
