Hash Join  (cost=152973.11..657419.44 rows=2309240 width=0) (actual time=3382.709..18883.619 rows=5909309 loops=1)
  Hash Cond: (mi.movie_id = t.id)
  ->  Seq Scan on movie_info mi  (cost=0.00..309384.22 rows=14739122 width=4) (actual time=0.012..6067.209 rows=14835720 loops=1)
  ->  Hash  (cost=146473.17..146473.17 rows=396155 width=8) (actual time=3381.865..3381.865 rows=400254 loops=1)
        Buckets: 131072  Batches: 8  Memory Usage: 2994kB
        ->  Hash Join  (cost=102951.51..146473.17 rows=396155 width=8) (actual time=2099.940..3265.583 rows=400254 loops=1)
              Hash Cond: (mi_idx.movie_id = t.id)
              ->  Seq Scan on movie_info_idx mi_idx  (cost=0.00..25185.44 rows=464934 width=4) (actual time=0.008..444.879 rows=460185 loops=1)
                    Filter: (info_type_id > 100)
                    Rows Removed by Filter: 919850
              ->  Hash  (cost=67604.59..67604.59 rows=2154474 width=4) (actual time=2098.652..2098.652 rows=2146684 loops=1)
                    Buckets: 131072  Batches: 32  Memory Usage: 3385kB
                    ->  Seq Scan on title t  (cost=0.00..67604.59 rows=2154474 width=4) (actual time=0.009..1425.414 rows=2146684 loops=1)
                          Filter: (production_year > 1965)
                          Rows Removed by Filter: 381628
Planning time: 0.763 ms
Execution time: 19611.983 ms
