Nested Loop  (cost=0.43..83071.67 rows=246 width=0) (actual time=44.061..1247.168 rows=217 loops=1)
  ->  Seq Scan on movie_keyword mk  (cost=0.00..81003.12 rows=246 width=4) (actual time=43.969..1238.911 rows=217 loops=1)
        Filter: (keyword_id = 16666)
        Rows Removed by Filter: 4523713
  ->  Index Only Scan using title_pkey on title t  (cost=0.43..8.40 rows=1 width=4) (actual time=0.035..0.035 rows=1 loops=217)
        Index Cond: (id = mk.movie_id)
        Heap Fetches: 217
Planning time: 0.503 ms
Execution time: 1247.355 ms
