Hash Join  (cost=139599.66..869922.47 rows=302011 width=0) (actual time=13271.922..15410.374 rows=195888 loops=1)
  Hash Cond: (ci.movie_id = t.id)
  ->  Seq Scan on cast_info ci  (cost=0.00..705507.15 rows=1736414 width=4) (actual time=10409.757..11777.330 rows=1703543 loops=1)
        Filter: (role_id = 8)
        Rows Removed by Filter: 34540801
  ->  Hash  (cost=132384.40..132384.40 rows=439781 width=8) (actual time=2860.614..2860.614 rows=215175 loops=1)
        Buckets: 131072  Batches: 8  Memory Usage: 2066kB
        ->  Hash Join  (cost=87146.10..132384.40 rows=439781 width=8) (actual time=2080.247..2798.711 rows=215175 loops=1)
              Hash Cond: (mi_idx.movie_id = t.id)
              ->  Seq Scan on movie_info_idx mi_idx  (cost=0.00..21735.35 rows=1380035 width=4) (actual time=0.030..386.781 rows=1380035 loops=1)
              ->  Hash  (cost=73925.90..73925.90 rows=805776 width=4) (actual time=1635.070..1635.070 rows=881945 loops=1)
                    Buckets: 131072  Batches: 16  Memory Usage: 2970kB
                    ->  Seq Scan on title t  (cost=0.00..73925.90 rows=805776 width=4) (actual time=195.113..1365.175 rows=881945 loops=1)
                          Filter: ((production_year > 2001) AND (kind_id = 7))
                          Rows Removed by Filter: 1646367
Planning time: 1.070 ms
Execution time: 15433.426 ms
