Hash Join  (cost=210251.34..1432341.73 rows=14381652 width=0) (actual time=4505.334..47615.853 rows=32587852 loops=1)
  Hash Cond: (ci.movie_id = t.id)
  ->  Seq Scan on cast_info ci  (cost=0.00..705507.15 rows=31853523 width=4) (actual time=0.022..16028.439 rows=31826014 loops=1)
        Filter: (person_id < 3254122)
        Rows Removed by Filter: 4418330
  ->  Hash  (cost=191521.18..191521.18 rows=1141613 width=8) (actual time=4504.430..4504.430 rows=1137918 loops=1)
        Buckets: 131072  Batches: 16  Memory Usage: 3777kB
        ->  Hash Join  (cost=102767.86..191521.18 rows=1141613 width=8) (actual time=1884.848..4200.762 rows=1137918 loops=1)
              Hash Cond: (mc.movie_id = t.id)
              ->  Seq Scan on movie_companies mc  (cost=0.00..51404.11 rows=1141613 width=4) (actual time=0.026..1026.864 rows=1137918 loops=1)
                    Filter: (company_id < 8510)
                    Rows Removed by Filter: 1471211
              ->  Hash  (cost=61283.27..61283.27 rows=2528527 width=4) (actual time=1883.828..1883.828 rows=2528312 loops=1)
                    Buckets: 131072  Batches: 64  Memory Usage: 2415kB
                    ->  Seq Scan on title t  (cost=0.00..61283.27 rows=2528527 width=4) (actual time=0.036..1051.369 rows=2528312 loops=1)
Planning time: 1.124 ms
Execution time: 51305.571 ms
