Hash Join  (cost=175252.07..721757.40 rows=6251042 width=0) (actual time=3884.576..20822.341 rows=15567338 loops=1)
  Hash Cond: (mi.movie_id = t.id)
  ->  Seq Scan on movie_info mi  (cost=0.00..309384.22 rows=14739122 width=4) (actual time=0.018..5848.939 rows=14835720 loops=1)
  ->  Hash  (cost=157658.33..157658.33 rows=1072379 width=8) (actual time=3883.716..3883.716 rows=1072836 loops=1)
        Buckets: 131072  Batches: 16  Memory Usage: 3669kB
        ->  Hash Join  (cost=99841.01..157658.33 rows=1072379 width=8) (actual time=1932.809..3621.787 rows=1072836 loops=1)
              Hash Cond: (mi_idx.movie_id = t.id)
              ->  Seq Scan on movie_info_idx mi_idx  (cost=0.00..21735.35 rows=1380035 width=4) (actual time=0.016..502.343 rows=1380035 loops=1)
              ->  Hash  (cost=67604.59..67604.59 rows=1964834 width=4) (actual time=1932.013..1932.013 rows=1962189 loops=1)
                    Buckets: 131072  Batches: 32  Memory Usage: 3187kB
                    ->  Seq Scan on title t  (cost=0.00..67604.59 rows=1964834 width=4) (actual time=0.010..1300.939 rows=1962189 loops=1)
                          Filter: (production_year > 1978)
                          Rows Removed by Filter: 566123
Planning time: 0.712 ms
Execution time: 22563.237 ms
