Seq Scan on cast_info ci  (cost=0.00..796071.18 rows=4811545 width=0) (actual time=3218.204..13335.294 rows=2370979 loops=1)
  Filter: ((person_id < 1819186) AND (role_id > 4))
  Rows Removed by Filter: 33873365
Planning time: 0.335 ms
Execution time: 13617.718 ms
