Hash Join  (cost=160766.31..571726.37 rows=603667 width=0) (actual time=3272.770..11829.848 rows=739089 loops=1)
  Hash Cond: (mi.movie_id = t.id)
  ->  Seq Scan on movie_info mi  (cost=0.00..346232.03 rows=4972096 width=4) (actual time=0.024..5895.558 rows=4923966 loops=1)
        Filter: (info_type_id < 5)
        Rows Removed by Filter: 9911754
  ->  Hash  (cost=155728.92..155728.92 rows=306991 width=8) (actual time=3271.881..3271.881 rows=245291 loops=1)
        Buckets: 131072  Batches: 8  Memory Usage: 2222kB
        ->  Hash Join  (cost=89299.55..155728.92 rows=306991 width=8) (actual time=1695.574..3193.090 rows=245291 loops=1)
              Hash Cond: (mc.movie_id = t.id)
              ->  Seq Scan on movie_companies mc  (cost=0.00..51404.11 rows=587027 width=4) (actual time=0.019..895.666 rows=583032 loops=1)
                    Filter: (company_id < 657)
                    Rows Removed by Filter: 2026097
              ->  Hash  (cost=67604.59..67604.59 rows=1322317 width=4) (actual time=1694.760..1694.760 rows=1322863 loops=1)
                    Buckets: 131072  Batches: 32  Memory Usage: 2481kB
                    ->  Seq Scan on title t  (cost=0.00..67604.59 rows=1322317 width=4) (actual time=0.017..1254.803 rows=1322863 loops=1)
                          Filter: (production_year > 2001)
                          Rows Removed by Filter: 1205449
Planning time: 1.131 ms
Execution time: 11923.016 ms
