Hash Join  (cost=160799.95..518696.32 rows=15862 width=0) (actual time=6579.034..8726.978 rows=124932 loops=1)
  Hash Cond: (mi.movie_id = t.id)
  ->  Seq Scan on movie_info mi  (cost=0.00..346232.03 rows=3068194 width=4) (actual time=3016.863..5555.879 rows=3036719 loops=1)
        Filter: (info_type_id = 16)
        Rows Removed by Filter: 11799001
  ->  Hash  (cost=160636.55..160636.55 rows=13072 width=8) (actual time=2620.651..2620.651 rows=9465 loops=1)
        Buckets: 16384  Batches: 1  Memory Usage: 498kB
        ->  Hash Join  (cost=76242.82..160636.55 rows=13072 width=8) (actual time=1169.112..2616.923 rows=9465 loops=1)
              Hash Cond: (mk.movie_id = t.id)
              ->  Seq Scan on movie_keyword mk  (cost=0.00..81003.12 rows=234104 width=4) (actual time=0.044..1328.057 rows=246484 loops=1)
                    Filter: (keyword_id < 213)
                    Rows Removed by Filter: 4277446
              ->  Hash  (cost=73925.90..73925.90 rows=141193 width=4) (actual time=1167.473..1167.473 rows=132182 loops=1)
                    Buckets: 131072  Batches: 2  Memory Usage: 3346kB
                    ->  Seq Scan on title t  (cost=0.00..73925.90 rows=141193 width=4) (actual time=230.512..1118.044 rows=132182 loops=1)
                          Filter: ((production_year > 2009) AND (kind_id = 1))
                          Rows Removed by Filter: 2396130
Planning time: 0.977 ms
Execution time: 8743.217 ms
