Hash Join  (cost=108425.96..866721.63 rows=750657 width=0) (actual time=1911.802..22076.812 rows=1756832 loops=1)
  Hash Cond: (ci.movie_id = t.id)
  ->  Seq Scan on cast_info ci  (cost=0.00..614943.12 rows=36225612 width=4) (actual time=0.014..8908.295 rows=36244344 loops=1)
  ->  Hash  (cost=107771.02..107771.02 rows=52395 width=8) (actual time=1911.408..1911.408 rows=57870 loops=1)
        Buckets: 65536  Batches: 1  Memory Usage: 2773kB
        ->  Hash Join  (cost=69179.59..107771.02 rows=52395 width=8) (actual time=1143.826..1894.360 rows=57870 loops=1)
              Hash Cond: (mi_idx.movie_id = t.id)
              ->  Seq Scan on movie_info_idx mi_idx  (cost=0.00..21735.35 rows=1380035 width=4) (actual time=0.022..336.524 rows=1380035 loops=1)
              ->  Hash  (cost=67604.59..67604.59 rows=96000 width=4) (actual time=1143.055..1143.055 rows=95005 loops=1)
                    Buckets: 131072  Batches: 2  Memory Usage: 2716kB
                    ->  Seq Scan on title t  (cost=0.00..67604.59 rows=96000 width=4) (actual time=0.081..1105.751 rows=95005 loops=1)
                          Filter: (production_year = 2005)
                          Rows Removed by Filter: 2433307
Planning time: 1.082 ms
Execution time: 22315.251 ms
