Hash Join  (cost=126049.53..252372.39 rows=354582 width=0) (actual time=2711.610..7149.960 rows=4822429 loops=1)
  Hash Cond: (mk.movie_id = t.id)
  ->  Seq Scan on movie_keyword mk  (cost=0.00..69693.30 rows=4523930 width=4) (actual time=0.018..1514.061 rows=4523930 loops=1)
  ->  Hash  (cost=122797.23..122797.23 rows=198184 width=8) (actual time=2708.746..2708.746 rows=384954 loops=1)
        Buckets: 131072 (originally 131072)  Batches: 8 (originally 4)  Memory Usage: 3073kB
        ->  Hash Join  (cost=82871.49..122797.23 rows=198184 width=8) (actual time=1464.559..2597.266 rows=384954 loops=1)
              Hash Cond: (mi_idx.movie_id = t.id)
              ->  Seq Scan on movie_info_idx mi_idx  (cost=0.00..25185.44 rows=919057 width=4) (actual time=0.016..538.068 rows=920110 loops=1)
                    Filter: (info_type_id > 99)
                    Rows Removed by Filter: 459925
              ->  Hash  (cost=73925.90..73925.90 rows=545247 width=4) (actual time=1463.790..1463.790 rows=557319 loops=1)
                    Buckets: 131072  Batches: 8  Memory Usage: 3485kB
                    ->  Seq Scan on title t  (cost=0.00..73925.90 rows=545247 width=4) (actual time=580.883..1288.101 rows=557319 loops=1)
                          Filter: ((production_year < 2011) AND (kind_id = 1))
                          Rows Removed by Filter: 1970993
Planning time: 1.090 ms
Execution time: 7684.860 ms
