Seq Scan on movie_keyword mk  (cost=0.00..81003.12 rows=246 width=0) (actual time=0.651..1226.780 rows=1376 loops=1)
  Filter: (keyword_id = 7076)
  Rows Removed by Filter: 4522554
Planning time: 0.318 ms
Execution time: 1227.274 ms
