Hash Join  (cost=175935.79..696651.26 rows=3833955 width=0) (actual time=4053.860..20253.737 rows=12681524 loops=1)
  Hash Cond: (mi.movie_id = t.id)
  ->  Seq Scan on movie_info mi  (cost=0.00..309384.22 rows=14739122 width=4) (actual time=0.010..6089.330 rows=14835720 loops=1)
  ->  Hash  (cost=165144.25..165144.25 rows=657723 width=8) (actual time=4053.044..4053.044 rows=529667 loops=1)
        Buckets: 131072  Batches: 16  Memory Usage: 2328kB
        ->  Hash Join  (cost=84197.31..165144.25 rows=657723 width=8) (actual time=1629.471..3892.924 rows=529667 loops=1)
              Hash Cond: (mc.movie_id = t.id)
              ->  Seq Scan on movie_companies mc  (cost=0.00..51404.11 rows=1644425 width=4) (actual time=0.014..1100.082 rows=1642688 loops=1)
                    Filter: (company_id > 4031)
                    Rows Removed by Filter: 966441
              ->  Hash  (cost=67604.59..67604.59 rows=1011338 width=4) (actual time=1628.679..1628.679 rows=1012920 loops=1)
                    Buckets: 131072  Batches: 16  Memory Usage: 3250kB
                    ->  Seq Scan on title t  (cost=0.00..67604.59 rows=1011338 width=4) (actual time=0.008..1294.100 rows=1012920 loops=1)
                          Filter: (production_year > 2005)
                          Rows Removed by Filter: 1515392
Planning time: 1.044 ms
Execution time: 21691.789 ms
