Seq Scan on movie_keyword mk  (cost=0.00..81003.12 rows=2319228 width=12) (actual time=0.032..1361.524 rows=2320119 loops=1)
  Filter: (keyword_id > 4436)
  Rows Removed by Filter: 2203811
Planning time: 0.340 ms
Execution time: 1477.594 ms
