Hash Join  (cost=81925.97..471457.47 rows=591675 width=0) (actual time=5426.632..10124.579 rows=560610 loops=1)
  Hash Cond: (mi.movie_id = t.id)
  ->  Seq Scan on movie_info mi  (cost=0.00..346232.03 rows=3068194 width=4) (actual time=3703.406..6782.915 rows=3036719 loops=1)
        Filter: (info_type_id = 16)
        Rows Removed by Filter: 11799001
  ->  Hash  (cost=73925.90..73925.90 rows=487605 width=4) (actual time=1722.411..1722.411 rows=501779 loops=1)
        Buckets: 131072  Batches: 8  Memory Usage: 3237kB
        ->  Seq Scan on title t  (cost=0.00..73925.90 rows=487605 width=4) (actual time=0.028..1529.149 rows=501779 loops=1)
              Filter: ((kind_id > 1) AND (production_year > 2008))
              Rows Removed by Filter: 2026533
Planning time: 0.795 ms
Execution time: 10190.288 ms
