Seq Scan on movie_keyword mk  (cost=0.00..81003.12 rows=246 width=0) (actual time=0.172..3887.933 rows=770 loops=1)
  Filter: (keyword_id = 3397)
  Rows Removed by Filter: 4523160
Planning time: 0.325 ms
Execution time: 3888.387 ms
