Hash Join  (cost=98439.97..150124.40 rows=815495 width=0) (actual time=4489.100..7141.788 rows=425568 loops=1)
  Hash Cond: (mi_idx.movie_id = t.id)
  ->  Seq Scan on movie_info_idx mi_idx  (cost=0.00..21735.35 rows=1380035 width=4) (actual time=0.022..1478.280 rows=1380035 loops=1)
  ->  Hash  (cost=73925.90..73925.90 rows=1494165 width=4) (actual time=4488.171..4488.171 rows=1478440 loops=1)
        Buckets: 131072  Batches: 32  Memory Usage: 2651kB
        ->  Seq Scan on title t  (cost=0.00..73925.90 rows=1494165 width=4) (actual time=0.015..3819.392 rows=1478440 loops=1)
              Filter: ((production_year > 1898) AND (kind_id = 7))
              Rows Removed by Filter: 1049872
Planning time: 0.715 ms
Execution time: 7195.485 ms
