Seq Scan on movie_keyword mk  (cost=0.00..81003.12 rows=246 width=0) (actual time=3.074..1291.848 rows=165 loops=1)
  Filter: (keyword_id = 9024)
  Rows Removed by Filter: 4523765
Planning time: 0.339 ms
Execution time: 1292.052 ms
