Hash Join  (cost=73930.12..160594.18 rows=603 width=0) (actual time=3706.007..7456.855 rows=75 loops=1)
  Hash Cond: (mk.movie_id = t.id)
  ->  Seq Scan on movie_keyword mk  (cost=0.00..69693.30 rows=4523930 width=4) (actual time=0.023..3241.300 rows=4523930 loops=1)
  ->  Hash  (cost=73925.90..73925.90 rows=337 width=4) (actual time=3254.103..3254.103 rows=26 loops=1)
        Buckets: 1024  Batches: 1  Memory Usage: 9kB
        ->  Seq Scan on title t  (cost=0.00..73925.90 rows=337 width=4) (actual time=971.398..3254.042 rows=26 loops=1)
              Filter: ((kind_id = 4) AND (production_year = 1979))
              Rows Removed by Filter: 2528286
Planning time: 0.690 ms
Execution time: 7456.939 ms
