Hash Join  (cost=178057.44..287597.40 rows=165424 width=0) (actual time=9822.930..16721.619 rows=992815 loops=1)
  Hash Cond: (mk.movie_id = t.id)
  ->  Seq Scan on movie_keyword mk  (cost=0.00..81003.12 rows=2262292 width=4) (actual time=0.026..5294.336 rows=2265558 loops=1)
        Filter: (keyword_id < 4725)
        Rows Removed by Filter: 2258372
  ->  Hash  (cost=175023.29..175023.29 rows=184892 width=8) (actual time=9820.744..9820.744 rows=289588 loops=1)
        Buckets: 131072  Batches: 4  Memory Usage: 3864kB
        ->  Hash Join  (cost=102767.86..175023.29 rows=184892 width=8) (actual time=6113.974..9717.107 rows=289588 loops=1)
              Hash Cond: (mc.movie_id = t.id)
              ->  Seq Scan on movie_companies mc  (cost=0.00..57926.93 rows=184892 width=4) (actual time=0.030..2828.735 rows=289588 loops=1)
                    Filter: ((company_id < 225) AND (company_type_id < 2))
                    Rows Removed by Filter: 2319541
              ->  Hash  (cost=61283.27..61283.27 rows=2528527 width=4) (actual time=6112.591..6112.591 rows=2528312 loops=1)
                    Buckets: 131072  Batches: 64  Memory Usage: 2415kB
                    ->  Seq Scan on title t  (cost=0.00..61283.27 rows=2528527 width=4) (actual time=0.023..4777.981 rows=2528312 loops=1)
Planning time: 1.117 ms
Execution time: 16907.940 ms
