Hash Join  (cost=439232.89..1420216.97 rows=378480 width=0) (actual time=24823.880..77836.943 rows=958929 loops=1)
  Hash Cond: (ci.movie_id = t.id)
  ->  Seq Scan on cast_info ci  (cost=0.00..614943.12 rows=36225612 width=4) (actual time=0.022..37369.287 rows=36244344 loops=1)
  ->  Hash  (cost=438902.66..438902.66 rows=26418 width=8) (actual time=24816.220..24816.220 rows=41052 loops=1)
        Buckets: 65536 (originally 32768)  Batches: 1 (originally 1)  Memory Usage: 2116kB
        ->  Hash Join  (cost=73982.55..438902.66 rows=26418 width=8) (actual time=4114.083..24785.785 rows=41052 loops=1)
              Hash Cond: (mi.movie_id = t.id)
              ->  Seq Scan on movie_info mi  (cost=0.00..309384.22 rows=14739122 width=4) (actual time=4.236..16421.726 rows=14835720 loops=1)
              ->  Hash  (cost=73925.90..73925.90 rows=4532 width=4) (actual time=3810.098..3810.098 rows=12643 loops=1)
                    Buckets: 16384 (originally 8192)  Batches: 1 (originally 1)  Memory Usage: 573kB
                    ->  Seq Scan on title t  (cost=0.00..73925.90 rows=4532 width=4) (actual time=249.839..3800.312 rows=12643 loops=1)
                          Filter: ((kind_id = 7) AND (production_year = 1989))
                          Rows Removed by Filter: 2515669
Planning time: 1.166 ms
Execution time: 78046.460 ms
