Hash Join  (cost=170748.88..238647.59 rows=64254 width=0) (actual time=3738.916..4806.506 rows=546389 loops=1)
  Hash Cond: (mc.movie_id = t.id)
  ->  Seq Scan on movie_companies mc  (cost=0.00..51404.11 rows=1329612 width=4) (actual time=390.334..1082.752 rows=1334883 loops=1)
        Filter: (company_type_id = 2)
        Rows Removed by Filter: 1274246
  ->  Hash  (cost=168743.47..168743.47 rows=122193 width=8) (actual time=2998.741..2998.741 rows=259219 loops=1)
        Buckets: 131072 (originally 131072)  Batches: 4 (originally 2)  Memory Usage: 3570kB
        ->  Hash Join  (cost=78556.72..168743.47 rows=122193 width=8) (actual time=1355.487..2928.015 rows=259219 loops=1)
              Hash Cond: (mk.movie_id = t.id)
              ->  Seq Scan on movie_keyword mk  (cost=0.00..81003.12 rows=462851 width=4) (actual time=0.023..1209.446 rows=472545 loops=1)
                    Filter: (keyword_id < 359)
                    Rows Removed by Filter: 4051385
              ->  Hash  (cost=67604.59..67604.59 rows=667531 width=4) (actual time=1327.472..1327.472 rows=662825 loops=1)
                    Buckets: 131072  Batches: 16  Memory Usage: 2486kB
                    ->  Seq Scan on title t  (cost=0.00..67604.59 rows=667531 width=4) (actual time=303.884..1103.762 rows=662825 loops=1)
                          Filter: (kind_id = 1)
                          Rows Removed by Filter: 1865487
Planning time: 3.062 ms
Execution time: 4870.936 ms
