Hash Join  (cost=132849.69..913514.93 rows=6692 width=0) (actual time=6491.996..54035.571 rows=10215 loops=1)
  Hash Cond: (ci.movie_id = t.id)
  ->  Seq Scan on cast_info ci  (cost=0.00..705507.15 rows=20024311 width=4) (actual time=0.014..43053.133 rows=20122661 loops=1)
        Filter: (role_id < 3)
        Rows Removed by Filter: 16121683
  ->  Hash  (cost=132839.13..132839.13 rows=845 width=8) (actual time=6487.845..6487.845 rows=644 loops=1)
        Buckets: 1024  Batches: 1  Memory Usage: 34kB
        ->  Hash Join  (cost=74787.47..132839.13 rows=845 width=8) (actual time=4770.192..6487.530 rows=644 loops=1)
              Hash Cond: (mc.movie_id = t.id)
              ->  Seq Scan on movie_companies mc  (cost=0.00..57926.93 rows=31007 width=4) (actual time=1032.662..2723.746 rows=55497 loops=1)
                    Filter: ((company_type_id < 2) AND (company_id = 6))
                    Rows Removed by Filter: 2553632
              ->  Hash  (cost=73925.90..73925.90 rows=68925 width=4) (actual time=3724.833..3724.833 rows=84076 loops=1)
                    Buckets: 131072  Batches: 1  Memory Usage: 3980kB
                    ->  Seq Scan on title t  (cost=0.00..73925.90 rows=68925 width=4) (actual time=0.034..3685.243 rows=84076 loops=1)
                          Filter: ((kind_id = 7) AND (production_year = 2007))
                          Rows Removed by Filter: 2444236
Planning time: 1.114 ms
Execution time: 54039.233 ms
