Hash Join  (cost=81043.97..107966.45 rows=1200 width=0) (actual time=830.598..1377.131 rows=402 loops=1)
  Hash Cond: (mi_idx.movie_id = t.id)
  ->  Seq Scan on movie_info_idx mi_idx  (cost=0.00..21735.35 rows=1380035 width=4) (actual time=0.028..305.059 rows=1380035 loops=1)
  ->  Hash  (cost=81016.49..81016.49 rows=2198 width=8) (actual time=816.280..816.280 rows=152 loops=1)
        Buckets: 4096  Batches: 1  Memory Usage: 38kB
        ->  Nested Loop  (cost=0.43..81016.49 rows=2198 width=8) (actual time=1.249..816.137 rows=152 loops=1)
              ->  Seq Scan on movie_companies mc  (cost=0.00..57926.93 rows=2986 width=4) (actual time=1.203..801.663 rows=206 loops=1)
                    Filter: ((company_id = 687) AND (company_type_id = 1))
                    Rows Removed by Filter: 2608923
              ->  Index Scan using title_pkey on title t  (cost=0.43..7.72 rows=1 width=4) (actual time=0.068..0.068 rows=1 loops=206)
                    Index Cond: (id = mc.movie_id)
                    Filter: (kind_id > 1)
                    Rows Removed by Filter: 0
Planning time: 1.914 ms
Execution time: 1377.373 ms
