Seq Scan on movie_keyword mk  (cost=0.00..81003.12 rows=246 width=0) (actual time=7.286..3760.945 rows=644 loops=1)
  Filter: (keyword_id = 6257)
  Rows Removed by Filter: 4523286
Planning time: 4.657 ms
Execution time: 3761.387 ms
