Hash Join  (cost=73962.22..130179.22 rows=1470 width=0) (actual time=3682.470..6828.653 rows=6923 loops=1)
  Hash Cond: (mc.movie_id = t.id)
  ->  Seq Scan on movie_companies mc  (cost=0.00..51404.11 rows=1279517 width=4) (actual time=0.026..2840.635 rows=1274246 loops=1)
        Filter: (company_type_id < 2)
        Rows Removed by Filter: 1334883
  ->  Hash  (cost=73925.90..73925.90 rows=2905 width=4) (actual time=3682.311..3682.311 rows=7085 loops=1)
        Buckets: 8192 (originally 4096)  Batches: 1 (originally 1)  Memory Usage: 314kB
        ->  Seq Scan on title t  (cost=0.00..73925.90 rows=2905 width=4) (actual time=28.473..3678.361 rows=7085 loops=1)
              Filter: ((kind_id < 7) AND (production_year = 1983))
              Rows Removed by Filter: 2521227
Planning time: 9.029 ms
Execution time: 6838.081 ms
