Hash Join  (cost=74050.79..215786.47 rows=701291 width=0) (actual time=4040.786..11486.543 rows=298730 loops=1)
  Hash Cond: (mk.movie_id = t.id)
  ->  Seq Scan on movie_keyword mk  (cost=0.00..81003.12 rows=4513239 width=4) (actual time=0.025..4748.949 rows=4515520 loops=1)
        Filter: (keyword_id < 126475)
        Rows Removed by Filter: 8410
  ->  Hash  (cost=67604.59..67604.59 rows=392896 width=4) (actual time=4039.756..4039.756 rows=391666 loops=1)
        Buckets: 131072  Batches: 8  Memory Usage: 2759kB
        ->  Seq Scan on title t  (cost=0.00..67604.59 rows=392896 width=4) (actual time=0.033..3869.848 rows=391666 loops=1)
              Filter: (production_year > 2010)
              Rows Removed by Filter: 2136646
Planning time: 0.690 ms
Execution time: 11529.434 ms
