Seq Scan on movie_companies mc  (cost=0.00..57926.93 rows=292259 width=0) (actual time=0.027..2530.272 rows=427565 loops=1)
  Filter: ((company_id < 685) AND (company_type_id < 2))
  Rows Removed by Filter: 2181564
Planning time: 0.295 ms
Execution time: 2651.080 ms
