Seq Scan on cast_info ci  (cost=0.00..796071.18 rows=16182497 width=0) (actual time=6873.081..43023.688 rows=14629907 loops=1)
  Filter: ((person_id > 1663342) AND (role_id < 9))
  Rows Removed by Filter: 21614437
Planning time: 0.320 ms
Execution time: 45668.081 ms
