Seq Scan on cast_info ci  (cost=0.00..705507.15 rows=500 width=0) (actual time=19099.831..34075.274 rows=17 loops=1)
  Filter: (person_id = 1332787)
  Rows Removed by Filter: 36244327
Planning time: 0.294 ms
Execution time: 34075.375 ms
