Hash Join  (cost=709678.15..766070.94 rows=263 width=0) (actual time=34972.656..36531.944 rows=6 loops=1)
  Hash Cond: (mc.movie_id = t.id)
  ->  Seq Scan on movie_companies mc  (cost=0.00..51404.11 rows=1329612 width=4) (actual time=0.015..2877.735 rows=1334883 loops=1)
        Filter: (company_type_id > 1)
        Rows Removed by Filter: 1274246
  ->  Hash  (cost=709671.90..709671.90 rows=500 width=8) (actual time=33353.190..33353.190 rows=132 loops=1)
        Buckets: 1024  Batches: 1  Memory Usage: 14kB
        ->  Nested Loop  (cost=0.43..709671.90 rows=500 width=8) (actual time=23975.579..33353.123 rows=132 loops=1)
              ->  Seq Scan on cast_info ci  (cost=0.00..705507.15 rows=500 width=4) (actual time=23975.468..33341.046 rows=132 loops=1)
                    Filter: (person_id = 2880527)
                    Rows Removed by Filter: 36244212
              ->  Index Only Scan using title_pkey on title t  (cost=0.43..8.32 rows=1 width=4) (actual time=0.090..0.091 rows=1 loops=132)
                    Index Cond: (id = ci.movie_id)
                    Heap Fetches: 132
Planning time: 13.164 ms
Execution time: 36532.109 ms
