Seq Scan on movie_keyword mk  (cost=0.00..81003.12 rows=868489 width=0) (actual time=0.018..4419.188 rows=876727 loops=1)
  Filter: (keyword_id > 21041)
  Rows Removed by Filter: 3647203
Planning time: 0.325 ms
Execution time: 4577.249 ms
