Hash Join  (cost=74437.47..129525.29 rows=42230 width=0) (actual time=2981.843..6327.309 rows=60701 loops=1)
  Hash Cond: (mc.movie_id = t.id)
  ->  Seq Scan on movie_companies mc  (cost=0.00..44881.29 rows=2609129 width=4) (actual time=0.028..2533.273 rows=2609129 loops=1)
  ->  Hash  (cost=73925.90..73925.90 rows=40925 width=4) (actual time=2981.447..2981.447 rows=26947 loops=1)
        Buckets: 65536  Batches: 1  Memory Usage: 1460kB
        ->  Seq Scan on title t  (cost=0.00..73925.90 rows=40925 width=4) (actual time=850.287..2970.395 rows=26947 loops=1)
              Filter: ((production_year > 2005) AND (kind_id = 3))
              Rows Removed by Filter: 2501365
Planning time: 0.760 ms
Execution time: 6336.118 ms
