Seq Scan on movie_keyword mk  (cost=0.00..81003.12 rows=166412 width=0) (actual time=549.228..3848.713 rows=161053 loops=1)
  Filter: (keyword_id > 72755)
  Rows Removed by Filter: 4362877
Planning time: 0.259 ms
Execution time: 3880.394 ms
