Hash Join  (cost=155501.54..276874.12 rows=662092 width=0) (actual time=8447.138..15256.182 rows=2344570 loops=1)
  Hash Cond: (mk.movie_id = t.id)
  ->  Seq Scan on movie_keyword mk  (cost=0.00..81003.12 rows=2710007 width=4) (actual time=0.022..4490.597 rows=2708545 loops=1)
        Filter: (keyword_id < 7649)
        Rows Removed by Filter: 1815385
  ->  Hash  (cost=145365.62..145365.62 rows=617754 width=8) (actual time=8443.051..8443.051 rows=583278 loops=1)
        Buckets: 131072  Batches: 16  Memory Usage: 2459kB
        ->  Hash Join  (cost=95609.14..145365.62 rows=617754 width=8) (actual time=5187.463..8224.678 rows=583278 loops=1)
              Hash Cond: (mi_idx.movie_id = t.id)
              ->  Seq Scan on movie_info_idx mi_idx  (cost=0.00..25185.44 rows=915101 width=4) (actual time=0.026..1620.892 rows=919850 loops=1)
                    Filter: (info_type_id < 101)
                    Rows Removed by Filter: 460185
              ->  Hash  (cost=67604.59..67604.59 rows=1706924 width=4) (actual time=5186.367..5186.367 rows=1700316 loops=1)
                    Buckets: 131072  Batches: 32  Memory Usage: 2895kB
                    ->  Seq Scan on title t  (cost=0.00..67604.59 rows=1706924 width=4) (actual time=0.026..4430.900 rows=1700316 loops=1)
                          Filter: (production_year > 1992)
                          Rows Removed by Filter: 827996
Planning time: 1.104 ms
Execution time: 15571.226 ms
