Hash Join  (cost=101562.22..188362.16 rows=14190 width=0) (actual time=4388.835..8906.892 rows=41813 loops=1)
  Hash Cond: (mk.movie_id = t.id)
  ->  Seq Scan on movie_keyword mk  (cost=0.00..69693.30 rows=4523930 width=4) (actual time=0.013..3397.847 rows=4523930 loops=1)
  ->  Hash  (cost=101463.08..101463.08 rows=7931 width=8) (actual time=4388.310..4388.310 rows=7463 loops=1)
        Buckets: 8192  Batches: 1  Memory Usage: 356kB
        ->  Hash Join  (cost=74469.67..101463.08 rows=7931 width=8) (actual time=3280.817..4380.538 rows=7463 loops=1)
              Hash Cond: (mi_idx.movie_id = t.id)
              ->  Seq Scan on movie_info_idx mi_idx  (cost=0.00..25185.44 rows=460978 width=4) (actual time=0.019..958.010 rows=459925 loops=1)
                    Filter: (info_type_id < 100)
                    Rows Removed by Filter: 920110
              ->  Hash  (cost=73925.90..73925.90 rows=43501 width=4) (actual time=3280.455..3280.455 rows=39560 loops=1)
                    Buckets: 65536  Batches: 1  Memory Usage: 1903kB
                    ->  Seq Scan on title t  (cost=0.00..73925.90 rows=43501 width=4) (actual time=23.201..3263.636 rows=39560 loops=1)
                          Filter: ((kind_id < 2) AND (production_year = 2012))
                          Rows Removed by Filter: 2488752
Planning time: 1.196 ms
Execution time: 8914.143 ms
