Hash Join  (cost=52284.99..416946.98 rows=606 width=0) (actual time=2317.772..19647.185 rows=5421 loops=1)
  Hash Cond: (mi.movie_id = t.id)
  ->  Seq Scan on movie_info mi  (cost=0.00..309384.22 rows=14739122 width=4) (actual time=0.011..13668.129 rows=14835720 loops=1)
  ->  Hash  (cost=52283.69..52283.69 rows=104 width=8) (actual time=2268.078..2268.078 rows=1206 loops=1)
        Buckets: 2048 (originally 1024)  Batches: 1 (originally 1)  Memory Usage: 64kB
        ->  Nested Loop  (cost=0.43..52283.69 rows=104 width=8) (actual time=0.175..2267.298 rows=1206 loops=1)
              ->  Seq Scan on movie_companies mc  (cost=0.00..51404.11 rows=104 width=4) (actual time=0.115..2139.028 rows=1206 loops=1)
                    Filter: (company_id = 317)
                    Rows Removed by Filter: 2607923
              ->  Index Only Scan using title_pkey on title t  (cost=0.43..8.45 rows=1 width=4) (actual time=0.105..0.105 rows=1 loops=1206)
                    Index Cond: (id = mc.movie_id)
                    Heap Fetches: 1206
Planning time: 8.367 ms
Execution time: 19648.780 ms
