Hash Join  (cost=199404.20..755790.99 rows=7177086 width=0) (actual time=10755.647..47994.910 rows=24893856 loops=1)
  Hash Cond: (mi.movie_id = t.id)
  ->  Seq Scan on movie_info mi  (cost=0.00..309384.22 rows=14739122 width=4) (actual time=0.024..19928.848 rows=14835720 loops=1)
  ->  Hash  (cost=179203.65..179203.65 rows=1231244 width=8) (actual time=10754.353..10754.353 rows=992855 loops=1)
        Buckets: 131072  Batches: 32  Memory Usage: 2251kB
        ->  Hash Join  (cost=87180.69..179203.65 rows=1231244 width=8) (actual time=4743.116..10393.328 rows=992855 loops=1)
              Hash Cond: (mc.movie_id = t.id)
              ->  Seq Scan on movie_companies mc  (cost=0.00..44881.29 rows=2609129 width=4) (actual time=0.008..3154.468 rows=2609129 loops=1)
              ->  Hash  (cost=67604.59..67604.59 rows=1193208 width=4) (actual time=4742.344..4742.344 rows=1192518 loops=1)
                    Buckets: 131072  Batches: 16  Memory Usage: 3646kB
                    ->  Seq Scan on title t  (cost=0.00..67604.59 rows=1193208 width=4) (actual time=0.025..4233.448 rows=1192518 loops=1)
                          Filter: (production_year > 2003)
                          Rows Removed by Filter: 1335794
Planning time: 1.110 ms
Execution time: 51370.632 ms
