Hash Join  (cost=144959.02..1026033.42 rows=2637354 width=0) (actual time=7751.236..59746.955 rows=10119047 loops=1)
  Hash Cond: (ci.movie_id = t.id)
  ->  Seq Scan on cast_info ci  (cost=0.00..705507.15 rows=12726058 width=4) (actual time=0.025..40288.473 rows=12670688 loops=1)
        Filter: (role_id = 1)
        Rows Removed by Filter: 23573656
  ->  Hash  (cost=136361.85..136361.85 rows=524013 width=8) (actual time=7750.122..7750.122 rows=954287 loops=1)
        Buckets: 131072 (originally 131072)  Batches: 16 (originally 8)  Memory Usage: 3354kB
        ->  Hash Join  (cost=89678.24..136361.85 rows=524013 width=8) (actual time=4579.962..7414.201 rows=954287 loops=1)
              Hash Cond: (mi_idx.movie_id = t.id)
              ->  Seq Scan on movie_info_idx mi_idx  (cost=0.00..21735.35 rows=1380035 width=4) (actual time=0.030..1448.082 rows=1380035 loops=1)
              ->  Hash  (cost=73925.90..73925.90 rows=960107 width=4) (actual time=4578.954..4578.954 rows=977778 loops=1)
                    Buckets: 131072  Batches: 16  Memory Usage: 3172kB
                    ->  Seq Scan on title t  (cost=0.00..73925.90 rows=960107 width=4) (actual time=0.022..4123.930 rows=977778 loops=1)
                          Filter: ((kind_id < 7) AND (production_year > 0))
                          Rows Removed by Filter: 1550534
Planning time: 12.168 ms
Execution time: 61211.391 ms
