Hash Join  (cost=132317.94..223398.25 rows=3751 width=0) (actual time=6545.397..10718.474 rows=18059 loops=1)
  Hash Cond: (mk.movie_id = t.id)
  ->  Seq Scan on movie_keyword mk  (cost=0.00..81003.12 rows=2677246 width=4) (actual time=0.026..3681.061 rows=2674453 loops=1)
        Filter: (keyword_id < 7478)
        Rows Removed by Filter: 1849477
  ->  Hash  (cost=132273.65..132273.65 rows=3543 width=8) (actual time=6511.758..6511.758 rows=6294 loops=1)
        Buckets: 8192 (originally 4096)  Batches: 1 (originally 1)  Memory Usage: 310kB
        ->  Hash Join  (cost=73987.23..132273.65 rows=3543 width=8) (actual time=3039.432..6508.688 rows=6294 loops=1)
              Hash Cond: (mc.movie_id = t.id)
              ->  Seq Scan on movie_companies mc  (cost=0.00..51404.11 rows=1825835 width=4) (actual time=0.018..2953.512 rows=1817063 loops=1)
                    Filter: (company_id < 31575)
                    Rows Removed by Filter: 792066
              ->  Hash  (cost=73925.90..73925.90 rows=4906 width=4) (actual time=3036.955..3036.955 rows=14894 loops=1)
                    Buckets: 16384 (originally 8192)  Batches: 1 (originally 1)  Memory Usage: 652kB
                    ->  Seq Scan on title t  (cost=0.00..73925.90 rows=4906 width=4) (actual time=0.079..3028.370 rows=14894 loops=1)
                          Filter: ((kind_id > 3) AND (production_year = 1990))
                          Rows Removed by Filter: 2513418
Planning time: 4.548 ms
Execution time: 10721.637 ms
