Hash Join  (cost=74085.44..425153.49 rows=6423 width=0) (actual time=4286.871..14035.282 rows=7387 loops=1)
  Hash Cond: (mi.movie_id = t.id)
  ->  Seq Scan on movie_info mi  (cost=0.00..346232.03 rows=1272478 width=4) (actual time=1663.151..11134.305 rows=1325361 loops=1)
        Filter: (info_type_id = 8)
        Rows Removed by Filter: 13510359
  ->  Hash  (cost=73925.90..73925.90 rows=12763 width=4) (actual time=2623.418..2623.418 rows=7226 loops=1)
        Buckets: 16384  Batches: 1  Memory Usage: 383kB
        ->  Seq Scan on title t  (cost=0.00..73925.90 rows=12763 width=4) (actual time=0.027..2619.508 rows=7226 loops=1)
              Filter: ((production_year < 1969) AND (kind_id = 2))
              Rows Removed by Filter: 2521086
Planning time: 3.383 ms
Execution time: 14036.468 ms
