Seq Scan on cast_info ci  (cost=0.00..705507.15 rows=22568300 width=0) (actual time=0.026..38220.400 rows=22617099 loops=1)
  Filter: (person_id > 1341466)
  Rows Removed by Filter: 13627245
Planning time: 0.313 ms
Execution time: 42048.937 ms
