Hash Join  (cost=71587.82..152779.92 rows=221085 width=0) (actual time=3804.181..9543.915 rows=423298 loops=1)
  Hash Cond: (mc.movie_id = t.id)
  ->  Seq Scan on movie_companies mc  (cost=0.00..51404.11 rows=2302968 width=4) (actual time=0.893..3461.092 rows=2302449 loops=1)
        Filter: (company_id < 93126)
        Rows Removed by Filter: 306680
  ->  Hash  (cost=67604.59..67604.59 rows=242739 width=4) (actual time=3802.476..3802.476 rows=241400 loops=1)
        Buckets: 131072  Batches: 4  Memory Usage: 3146kB
        ->  Seq Scan on title t  (cost=0.00..67604.59 rows=242739 width=4) (actual time=0.017..3705.823 rows=241400 loops=1)
              Filter: (production_year < 1960)
              Rows Removed by Filter: 2286912
Planning time: 6.436 ms
Execution time: 9612.082 ms
