Nested Loop  (cost=32814.54..120251.29 rows=3415 width=0) (actual time=2416.063..6277.278 rows=11836 loops=1)
  Join Filter: (mc.movie_id = t.id)
  ->  Hash Join  (cost=32814.11..92594.09 rows=32459 width=8) (actual time=2394.469..4934.512 rows=16939 loops=1)
        Hash Cond: (mc.movie_id = mi_idx.movie_id)
        ->  Seq Scan on movie_companies mc  (cost=0.00..51404.11 rows=34093 width=4) (actual time=0.501..2387.018 rows=36136 loops=1)
              Filter: (company_id = 160)
              Rows Removed by Filter: 2572993
        ->  Hash  (cost=25185.44..25185.44 rows=464934 width=4) (actual time=2392.984..2392.984 rows=460185 loops=1)
              Buckets: 131072  Batches: 8  Memory Usage: 3051kB
              ->  Seq Scan on movie_info_idx mi_idx  (cost=0.00..25185.44 rows=464934 width=4) (actual time=0.029..1501.362 rows=460185 loops=1)
                    Filter: (info_type_id > 100)
                    Rows Removed by Filter: 919850
  ->  Index Scan using title_pkey on title t  (cost=0.43..0.84 rows=1 width=4) (actual time=0.078..0.079 rows=1 loops=16939)
        Index Cond: (id = mi_idx.movie_id)
        Filter: ((production_year > 1955) AND (kind_id = 7))
        Rows Removed by Filter: 0
Planning time: 1.237 ms
Execution time: 6280.500 ms
