Hash Join  (cost=73929.67..824761.95 rows=4312 width=0) (actual time=2816.103..47856.749 rows=12816 loops=1)
  Hash Cond: (ci.movie_id = t.id)
  ->  Seq Scan on cast_info ci  (cost=0.00..614943.12 rows=36225612 width=4) (actual time=0.019..34349.780 rows=36244344 loops=1)
  ->  Hash  (cost=73925.90..73925.90 rows=301 width=4) (actual time=2814.388..2814.388 rows=992 loops=1)
        Buckets: 1024  Batches: 1  Memory Usage: 43kB
        ->  Seq Scan on title t  (cost=0.00..73925.90 rows=301 width=4) (actual time=1048.590..2813.752 rows=992 loops=1)
              Filter: ((kind_id = 3) AND (production_year = 1966))
              Rows Removed by Filter: 2527320
Planning time: 0.738 ms
Execution time: 47861.300 ms
