Seq Scan on movie_keyword mk  (cost=0.00..81003.12 rows=201436 width=0) (actual time=0.023..4186.623 rows=203318 loops=1)
  Filter: (keyword_id > 67960)
  Rows Removed by Filter: 4320612
Planning time: 0.301 ms
Execution time: 4233.088 ms
