Hash Join  (cost=154654.97..538510.42 rows=77562 width=0) (actual time=7211.963..31119.399 rows=1762567 loops=1)
  Hash Cond: (mi.movie_id = t.id)
  ->  Seq Scan on movie_info mi  (cost=0.00..309384.22 rows=14739122 width=4) (actual time=0.013..18410.563 rows=14835720 loops=1)
  ->  Hash  (cost=154488.65..154488.65 rows=13306 width=8) (actual time=7209.606..7209.606 rows=35550 loops=1)
        Buckets: 65536 (originally 16384)  Batches: 1 (originally 1)  Memory Usage: 1901kB
        ->  Hash Join  (cost=67697.55..154488.65 rows=13306 width=8) (actual time=2679.619..7177.733 rows=35550 loops=1)
              Hash Cond: (mk.movie_id = t.id)
              ->  Seq Scan on movie_keyword mk  (cost=0.00..69693.30 rows=4523930 width=4) (actual time=0.017..3363.462 rows=4523930 loops=1)
              ->  Hash  (cost=67604.59..67604.59 rows=7437 width=4) (actual time=2679.508..2679.508 rows=14442 loops=1)
                    Buckets: 16384 (originally 8192)  Batches: 1 (originally 1)  Memory Usage: 636kB
                    ->  Seq Scan on title t  (cost=0.00..67604.59 rows=7437 width=4) (actual time=0.108..2671.955 rows=14442 loops=1)
                          Filter: (production_year = 1971)
                          Rows Removed by Filter: 2513870
Planning time: 1.083 ms
Execution time: 31502.178 ms
