Seq Scan on cast_info ci  (cost=0.00..796071.18 rows=334276 width=0) (actual time=22581.280..38383.244 rows=837396 loops=1)
  Filter: ((person_id > 2655101) AND (role_id = 9))
  Rows Removed by Filter: 35406948
Planning time: 0.334 ms
Execution time: 38527.977 ms
