Nested Loop  (cost=0.43..58375.31 rows=40 width=0) (actual time=790.614..1796.035 rows=26 loops=1)
  ->  Seq Scan on movie_companies mc  (cost=0.00..57926.93 rows=53 width=4) (actual time=790.555..1794.739 rows=26 loops=1)
        Filter: ((company_type_id > 1) AND (company_id = 14568))
        Rows Removed by Filter: 2609103
  ->  Index Scan using title_pkey on title t  (cost=0.43..8.45 rows=1 width=4) (actual time=0.043..0.044 rows=1 loops=26)
        Index Cond: (id = mc.movie_id)
        Filter: (production_year < 2010)
Planning time: 0.693 ms
Execution time: 1796.151 ms
