Hash Join  (cost=217858.32..1292631.66 rows=11381344 width=0) (actual time=10991.882..82697.839 rows=19786671 loops=1)
  Hash Cond: (ci.movie_id = t.id)
  ->  Seq Scan on cast_info ci  (cost=0.00..705507.15 rows=21643934 width=4) (actual time=0.088..47056.492 rows=21739227 loops=1)
        Filter: (person_id > 1428749)
        Rows Removed by Filter: 14505117
  ->  Hash  (cost=196044.17..196044.17 rows=1329612 width=8) (actual time=10990.799..10990.799 rows=1334883 loops=1)
        Buckets: 131072  Batches: 32  Memory Usage: 2639kB
        ->  Hash Join  (cost=102767.86..196044.17 rows=1329612 width=8) (actual time=6498.561..10489.119 rows=1334883 loops=1)
              Hash Cond: (mc.movie_id = t.id)
              ->  Seq Scan on movie_companies mc  (cost=0.00..51404.11 rows=1329612 width=4) (actual time=1123.407..3243.941 rows=1334883 loops=1)
                    Filter: (company_type_id > 1)
                    Rows Removed by Filter: 1274246
              ->  Hash  (cost=61283.27..61283.27 rows=2528527 width=4) (actual time=5373.809..5373.809 rows=2528312 loops=1)
                    Buckets: 131072  Batches: 64  Memory Usage: 2415kB
                    ->  Seq Scan on title t  (cost=0.00..61283.27 rows=2528527 width=4) (actual time=0.026..4247.709 rows=2528312 loops=1)
Planning time: 14.835 ms
Execution time: 85474.358 ms
