Seq Scan on movie_keyword mk  (cost=0.00..81003.12 rows=2809543 width=0) (actual time=0.025..4129.586 rows=2803282 loops=1)
  Filter: (keyword_id < 8238)
  Rows Removed by Filter: 1720648
Planning time: 0.340 ms
Execution time: 4609.539 ms
