Seq Scan on cast_info ci  (cost=0.00..705507.15 rows=500 width=0) (actual time=13254.967..31782.240 rows=16 loops=1)
  Filter: (person_id = 2125711)
  Rows Removed by Filter: 36244328
Planning time: 0.306 ms
Execution time: 31782.370 ms
