Hash Join  (cost=123160.77..238146.84 rows=250471 width=0) (actual time=5744.847..11141.961 rows=549462 loops=1)
  Hash Cond: (mk.movie_id = t.id)
  ->  Seq Scan on movie_keyword mk  (cost=0.00..81003.12 rows=2641396 width=4) (actual time=0.012..3645.388 rows=2626515 loops=1)
        Filter: (keyword_id > 3244)
        Rows Removed by Filter: 1897415
  ->  Hash  (cost=119226.67..119226.67 rows=239768 width=8) (actual time=5743.267..5743.267 rows=168348 loops=1)
        Buckets: 131072  Batches: 4  Memory Usage: 2663kB
        ->  Hash Join  (cost=78473.92..119226.67 rows=239768 width=8) (actual time=3702.494..5687.096 rows=168348 loops=1)
              Hash Cond: (mi_idx.movie_id = t.id)
              ->  Seq Scan on movie_info_idx mi_idx  (cost=0.00..25185.44 rows=915101 width=4) (actual time=0.019..1275.587 rows=919850 loops=1)
                    Filter: (info_type_id < 101)
                    Rows Removed by Filter: 460185
              ->  Hash  (cost=67604.59..67604.59 rows=662507 width=4) (actual time=3700.771..3700.771 rows=662065 loops=1)
                    Buckets: 131072  Batches: 16  Memory Usage: 2481kB
                    ->  Seq Scan on title t  (cost=0.00..67604.59 rows=662507 width=4) (actual time=0.018..3435.161 rows=662065 loops=1)
                          Filter: (production_year > 2008)
                          Rows Removed by Filter: 1866247
Planning time: 1.093 ms
Execution time: 11232.093 ms
