Hash Join  (cost=709678.15..1074363.23 rows=2915 width=0) (actual time=33916.581..54132.553 rows=1622 loops=1)
  Hash Cond: (mi.movie_id = t.id)
  ->  Seq Scan on movie_info mi  (cost=0.00..309384.22 rows=14739122 width=4) (actual time=0.011..16695.661 rows=14835720 loops=1)
  ->  Hash  (cost=709671.90..709671.90 rows=500 width=8) (actual time=33867.770..33867.770 rows=84 loops=1)
        Buckets: 1024  Batches: 1  Memory Usage: 12kB
        ->  Nested Loop  (cost=0.43..709671.90 rows=500 width=8) (actual time=23280.094..33867.697 rows=84 loops=1)
              ->  Seq Scan on cast_info ci  (cost=0.00..705507.15 rows=500 width=4) (actual time=23279.877..33840.378 rows=84 loops=1)
                    Filter: (person_id = 312366)
                    Rows Removed by Filter: 36244260
              ->  Index Only Scan using title_pkey on title t  (cost=0.43..8.32 rows=1 width=4) (actual time=0.322..0.323 rows=1 loops=84)
                    Index Cond: (id = ci.movie_id)
                    Heap Fetches: 84
Planning time: 1.082 ms
Execution time: 54133.146 ms
