Hash Join  (cost=464728.57..1470116.93 rows=4740589 width=0) (actual time=23963.490..85525.162 rows=5273399 loops=1)
  Hash Cond: (ci.movie_id = t.id)
  ->  Seq Scan on cast_info ci  (cost=0.00..705507.15 rows=21648617 width=4) (actual time=0.018..43885.572 rows=21513394 loops=1)
        Filter: (person_id < 2180809)
        Rows Removed by Filter: 14730950
  ->  Hash  (cost=455644.39..455644.39 rows=553694 width=8) (actual time=23962.721..23962.721 rows=580851 loops=1)
        Buckets: 131072  Batches: 8  Memory Usage: 3847kB
        ->  Hash Join  (cost=82423.69..455644.39 rows=553694 width=8) (actual time=15157.404..23753.263 rows=580851 loops=1)
              Hash Cond: (mi.movie_id = t.id)
              ->  Seq Scan on movie_info mi  (cost=0.00..346232.03 rows=1550064 width=4) (actual time=10013.659..17214.636 rows=1533909 loops=1)
                    Filter: (info_type_id = 3)
                    Rows Removed by Filter: 13301811
              ->  Hash  (cost=67604.59..67604.59 rows=903208 width=4) (actual time=5142.831..5142.831 rows=904491 loops=1)
                    Buckets: 131072  Batches: 16  Memory Usage: 3017kB
                    ->  Seq Scan on title t  (cost=0.00..67604.59 rows=903208 width=4) (actual time=0.026..4531.179 rows=904491 loops=1)
                          Filter: (production_year > 2006)
                          Rows Removed by Filter: 1623821
Planning time: 1.099 ms
Execution time: 86331.139 ms
