Hash Join  (cost=188774.29..1147854.06 rows=4823529 width=0) (actual time=8582.161..67479.837 rows=14045793 loops=1)
  Hash Cond: (ci.movie_id = t.id)
  ->  Seq Scan on cast_info ci  (cost=0.00..796071.18 rows=9492085 width=4) (actual time=0.410..44783.087 rows=11964282 loops=1)
        Filter: ((person_id > 1470003) AND (role_id > 2))
        Rows Removed by Filter: 24280062
  ->  Hash  (cost=167692.99..167692.99 rows=1284904 width=8) (actual time=8580.578..8580.578 rows=1357579 loops=1)
        Buckets: 131072  Batches: 32  Memory Usage: 2683kB
        ->  Hash Join  (cost=106229.42..167692.99 rows=1284904 width=8) (actual time=4709.041..8065.466 rows=1357579 loops=1)
              Hash Cond: (mi_idx.movie_id = t.id)
              ->  Seq Scan on movie_info_idx mi_idx  (cost=0.00..21735.35 rows=1380035 width=4) (actual time=0.013..1391.748 rows=1380035 loops=1)
              ->  Hash  (cost=67604.59..67604.59 rows=2354227 width=4) (actual time=4707.939..4707.939 rows=2349391 loops=1)
                    Buckets: 131072  Batches: 32  Memory Usage: 3609kB
                    ->  Seq Scan on title t  (cost=0.00..67604.59 rows=2354227 width=4) (actual time=0.027..3657.522 rows=2349391 loops=1)
                          Filter: (production_year > 1926)
                          Rows Removed by Filter: 178921
Planning time: 7.625 ms
Execution time: 69476.619 ms
