Hash Join  (cost=128661.55..493435.58 rows=11810 width=0) (actual time=6467.602..28494.747 rows=333483 loops=1)
  Hash Cond: (mi.movie_id = t.id)
  ->  Seq Scan on movie_info mi  (cost=0.00..309384.22 rows=14739122 width=4) (actual time=0.021..17722.254 rows=14835720 loops=1)
  ->  Hash  (cost=128636.23..128636.23 rows=2026 width=8) (actual time=6456.657..6456.657 rows=9251 loops=1)
        Buckets: 16384 (originally 2048)  Batches: 1 (originally 1)  Memory Usage: 490kB
        ->  Hash Join  (cost=73950.44..128636.23 rows=2026 width=8) (actual time=3901.012..6452.406 rows=9251 loops=1)
              Hash Cond: (mc.movie_id = t.id)
              ->  Seq Scan on movie_companies mc  (cost=0.00..44881.29 rows=2609129 width=4) (actual time=0.013..2168.677 rows=2609129 loops=1)
              ->  Hash  (cost=73925.90..73925.90 rows=1963 width=4) (actual time=3585.862..3585.862 rows=4585 loops=1)
                    Buckets: 8192 (originally 2048)  Batches: 1 (originally 1)  Memory Usage: 226kB
                    ->  Seq Scan on title t  (cost=0.00..73925.90 rows=1963 width=4) (actual time=2177.976..3583.563 rows=4585 loops=1)
                          Filter: ((kind_id = 1) AND (production_year = 1971))
                          Rows Removed by Filter: 2523727
Planning time: 9.834 ms
Execution time: 28555.098 ms
