Hash Join  (cost=80655.82..211599.14 rows=733828 width=0) (actual time=4382.942..12036.582 rows=170359 loops=1)
  Hash Cond: (mk.movie_id = t.id)
  ->  Seq Scan on movie_keyword mk  (cost=0.00..69693.30 rows=4523930 width=4) (actual time=0.019..4623.262 rows=4523930 loops=1)
  ->  Hash  (cost=73925.90..73925.90 rows=410153 width=4) (actual time=4381.933..4381.933 rows=292158 loops=1)
        Buckets: 131072  Batches: 8  Memory Usage: 2302kB
        ->  Seq Scan on title t  (cost=0.00..73925.90 rows=410153 width=4) (actual time=0.019..4255.933 rows=292158 loops=1)
              Filter: ((kind_id > 4) AND (production_year < 1989))
              Rows Removed by Filter: 2236154
Planning time: 0.634 ms
Execution time: 12063.599 ms
