Hash Join  (cost=478047.37..1328897.56 rows=2000445 width=0) (actual time=23383.973..71504.120 rows=8593786 loops=1)
  Hash Cond: (ci.movie_id = t.id)
  ->  Seq Scan on cast_info ci  (cost=0.00..705507.15 rows=10679891 width=4) (actual time=0.020..38075.311 rows=10514444 loops=1)
        Filter: (person_id < 1032176)
        Rows Removed by Filter: 25729900
  ->  Hash  (cost=470276.16..470276.16 rows=473617 width=8) (actual time=23383.150..23383.150 rows=486554 loops=1)
        Buckets: 131072  Batches: 8  Memory Usage: 3382kB
        ->  Hash Join  (cost=102767.86..470276.16 rows=473617 width=8) (actual time=8136.528..23193.762 rows=486554 loops=1)
              Hash Cond: (mi.movie_id = t.id)
              ->  Seq Scan on movie_info mi  (cost=0.00..346232.03 rows=473617 width=4) (actual time=2125.155..15799.260 rows=486554 loops=1)
                    Filter: (info_type_id = 5)
                    Rows Removed by Filter: 14349166
              ->  Hash  (cost=61283.27..61283.27 rows=2528527 width=4) (actual time=6010.524..6010.524 rows=2528312 loops=1)
                    Buckets: 131072  Batches: 64  Memory Usage: 2425kB
                    ->  Seq Scan on title t  (cost=0.00..61283.27 rows=2528527 width=4) (actual time=0.028..4911.041 rows=2528312 loops=1)
Planning time: 1.094 ms
Execution time: 72752.304 ms
