Hash Join  (cost=73929.23..100841.16 rows=145 width=0) (actual time=3078.978..4549.850 rows=483 loops=1)
  Hash Cond: (mi_idx.movie_id = t.id)
  ->  Seq Scan on movie_info_idx mi_idx  (cost=0.00..21735.35 rows=1380035 width=4) (actual time=0.022..1054.781 rows=1380035 loops=1)
  ->  Hash  (cost=73925.90..73925.90 rows=266 width=4) (actual time=3076.257..3076.257 rows=501 loops=1)
        Buckets: 1024  Batches: 1  Memory Usage: 26kB
        ->  Seq Scan on title t  (cost=0.00..73925.90 rows=266 width=4) (actual time=0.262..3075.781 rows=501 loops=1)
              Filter: ((kind_id = 2) AND (production_year = 1965))
              Rows Removed by Filter: 2527811
Planning time: 21.909 ms
Execution time: 4550.071 ms
