Seq Scan on movie_companies mc  (cost=0.00..57926.93 rows=544918 width=0) (actual time=0.020..2534.637 rows=755245 loops=1)
  Filter: ((company_id < 7676) AND (company_type_id = 1))
  Rows Removed by Filter: 1853884
Planning time: 1.088 ms
Execution time: 2684.394 ms
