Hash Join  (cost=171645.95..994824.54 rows=2931698 width=0) (actual time=29406.869..56987.927 rows=3624486 loops=1)
  Hash Cond: (ci.movie_id = t.id)
  ->  Seq Scan on cast_info ci  (cost=0.00..705507.15 rows=7298253 width=4) (actual time=20719.171..41625.486 rows=7451973 loops=1)
        Filter: (role_id = 2)
        Rows Removed by Filter: 28792371
  ->  Hash  (cost=154981.62..154981.62 rows=1015706 width=8) (actual time=8677.051..8677.051 rows=750135 loops=1)
        Buckets: 131072  Batches: 16  Memory Usage: 2867kB
        ->  Hash Join  (cost=98137.04..154981.62 rows=1015706 width=8) (actual time=5373.871..8419.238 rows=750135 loops=1)
              Hash Cond: (mi_idx.movie_id = t.id)
              ->  Seq Scan on movie_info_idx mi_idx  (cost=0.00..21735.35 rows=1380035 width=4) (actual time=0.017..1604.958 rows=1380035 loops=1)
              ->  Hash  (cost=67604.59..67604.59 rows=1860996 width=4) (actual time=5372.632..5372.632 rows=1865487 loops=1)
                    Buckets: 131072  Batches: 32  Memory Usage: 3079kB
                    ->  Seq Scan on title t  (cost=0.00..67604.59 rows=1860996 width=4) (actual time=0.035..4497.195 rows=1865487 loops=1)
                          Filter: (kind_id > 1)
                          Rows Removed by Filter: 662825
Planning time: 1.086 ms
Execution time: 57494.027 ms
