Hash Join  (cost=190230.21..347066.04 rows=2258793 width=0) (actual time=9696.020..21319.991 rows=9533455 loops=1)
  Hash Cond: (mk.movie_id = t.id)
  ->  Seq Scan on movie_keyword mk  (cost=0.00..81003.12 rows=4138605 width=4) (actual time=0.020..4857.942 rows=4140498 loops=1)
        Filter: (keyword_id < 44736)
        Rows Removed by Filter: 383432
  ->  Hash  (cost=167588.78..167588.78 rows=1380035 width=8) (actual time=9695.059..9695.059 rows=1380035 loops=1)
        Buckets: 131072  Batches: 32  Memory Usage: 2726kB
        ->  Hash Join  (cost=102767.86..167588.78 rows=1380035 width=8) (actual time=5437.736..9176.805 rows=1380035 loops=1)
              Hash Cond: (mi_idx.movie_id = t.id)
              ->  Seq Scan on movie_info_idx mi_idx  (cost=0.00..21735.35 rows=1380035 width=4) (actual time=0.023..1684.206 rows=1380035 loops=1)
              ->  Hash  (cost=61283.27..61283.27 rows=2528527 width=4) (actual time=5436.045..5436.045 rows=2528312 loops=1)
                    Buckets: 131072  Batches: 64  Memory Usage: 2415kB
                    ->  Seq Scan on title t  (cost=0.00..61283.27 rows=2528527 width=4) (actual time=0.010..4255.181 rows=2528312 loops=1)
Planning time: 1.142 ms
Execution time: 22634.831 ms
