Hash Join  (cost=85692.35..158323.70 rows=362904 width=0) (actual time=4360.736..9120.443 rows=562220 loops=1)
  Hash Cond: (mc.movie_id = t.id)
  ->  Seq Scan on movie_companies mc  (cost=0.00..51404.11 rows=1279517 width=4) (actual time=0.017..3581.892 rows=1274246 loops=1)
        Filter: (company_type_id < 2)
        Rows Removed by Filter: 1334883
  ->  Hash  (cost=73925.90..73925.90 rows=717156 width=4) (actual time=4359.523..4359.523 rows=620281 loops=1)
        Buckets: 131072  Batches: 16  Memory Usage: 2386kB
        ->  Seq Scan on title t  (cost=0.00..73925.90 rows=717156 width=4) (actual time=0.011..4073.236 rows=620281 loops=1)
              Filter: ((kind_id < 7) AND (production_year > 1986))
              Rows Removed by Filter: 1908031
Planning time: 0.748 ms
Execution time: 9241.626 ms
