Hash Join  (cost=128551.33..256354.82 rows=476145 width=0) (actual time=8281.339..16351.960 rows=494370 loops=1)
  Hash Cond: (mk.movie_id = t.id)
  ->  Seq Scan on movie_keyword mk  (cost=0.00..69693.30 rows=4523930 width=4) (actual time=0.019..5086.385 rows=4523930 loops=1)
  ->  Hash  (cost=124184.73..124184.73 rows=266128 width=8) (actual time=8278.121..8278.121 rows=147537 loops=1)
        Buckets: 131072  Batches: 4  Memory Usage: 2453kB
        ->  Hash Join  (cost=81925.97..124184.73 rows=266128 width=8) (actual time=4855.924..8218.930 rows=147537 loops=1)
              Hash Cond: (mi_idx.movie_id = t.id)
              ->  Seq Scan on movie_info_idx mi_idx  (cost=0.00..21735.35 rows=1380035 width=4) (actual time=0.023..1662.897 rows=1380035 loops=1)
              ->  Hash  (cost=73925.90..73925.90 rows=487605 width=4) (actual time=4855.004..4855.004 rows=501779 loops=1)
                    Buckets: 131072  Batches: 8  Memory Usage: 3231kB
                    ->  Seq Scan on title t  (cost=0.00..73925.90 rows=487605 width=4) (actual time=0.018..4613.919 rows=501779 loops=1)
                          Filter: ((kind_id > 1) AND (production_year > 2008))
                          Rows Removed by Filter: 2026533
Planning time: 20.608 ms
Execution time: 16447.877 ms
