Hash Join  (cost=190230.21..1482112.75 rows=18630175 width=0) (actual time=10313.019..90753.457 rows=38523492 loops=1)
  Hash Cond: (ci.movie_id = t.id)
  ->  Seq Scan on cast_info ci  (cost=0.00..705507.15 rows=34134569 width=4) (actual time=0.020..44637.084 rows=34212808 loops=1)
        Filter: (person_id > 199371)
        Rows Removed by Filter: 2031536
  ->  Hash  (cost=167588.78..167588.78 rows=1380035 width=8) (actual time=10311.794..10311.794 rows=1380035 loops=1)
        Buckets: 131072  Batches: 32  Memory Usage: 2708kB
        ->  Hash Join  (cost=102767.86..167588.78 rows=1380035 width=8) (actual time=5919.210..9869.334 rows=1380035 loops=1)
              Hash Cond: (mi_idx.movie_id = t.id)
              ->  Seq Scan on movie_info_idx mi_idx  (cost=0.00..21735.35 rows=1380035 width=4) (actual time=0.020..1536.689 rows=1380035 loops=1)
              ->  Hash  (cost=61283.27..61283.27 rows=2528527 width=4) (actual time=5917.420..5917.420 rows=2528312 loops=1)
                    Buckets: 131072  Batches: 64  Memory Usage: 2415kB
                    ->  Seq Scan on title t  (cost=0.00..61283.27 rows=2528527 width=4) (actual time=0.022..4028.461 rows=2528312 loops=1)
Planning time: 1.183 ms
Execution time: 96133.119 ms
