Hash Join  (cost=140844.63..649221.03 rows=2677545 width=0) (actual time=7211.439..41750.952 rows=14282635 loops=1)
  Hash Cond: (mi.movie_id = t.id)
  ->  Seq Scan on movie_info mi  (cost=0.00..309384.22 rows=14739122 width=4) (actual time=0.006..21554.106 rows=14835720 loops=1)
  ->  Hash  (cost=133307.89..133307.89 rows=459339 width=8) (actual time=7210.509..7210.509 rows=804424 loops=1)
        Buckets: 131072 (originally 131072)  Batches: 16 (originally 8)  Memory Usage: 3073kB
        ->  Hash Join  (cost=87734.02..133307.89 rows=459339 width=8) (actual time=4055.771..6925.474 rows=804424 loops=1)
              Hash Cond: (mi_idx.movie_id = t.id)
              ->  Seq Scan on movie_info_idx mi_idx  (cost=0.00..21735.35 rows=1380035 width=4) (actual time=0.019..1647.320 rows=1380035 loops=1)
              ->  Hash  (cost=73925.90..73925.90 rows=841609 width=4) (actual time=4054.069..4054.069 rows=755160 loops=1)
                    Buckets: 131072  Batches: 16  Memory Usage: 2686kB
                    ->  Seq Scan on title t  (cost=0.00..73925.90 rows=841609 width=4) (actual time=0.013..3534.207 rows=755160 loops=1)
                          Filter: ((kind_id < 7) AND (production_year > 1965))
                          Rows Removed by Filter: 1773152
Planning time: 1.075 ms
Execution time: 43684.539 ms
