Seq Scan on movie_companies mc  (cost=0.00..57926.93 rows=765497 width=0) (actual time=0.424..2526.740 rows=548483 loops=1)
  Filter: ((company_id > 6077) AND (company_type_id = 1))
  Rows Removed by Filter: 2060646
Planning time: 1.388 ms
Execution time: 2600.761 ms
