Hash Join  (cost=129145.29..210372.67 rows=372 width=0) (actual time=6256.355..9350.359 rows=1442 loops=1)
  Hash Cond: (mk.movie_id = t.id)
  ->  Seq Scan on movie_keyword mk  (cost=0.00..81003.12 rows=58811 width=4) (actual time=0.576..3084.031 rows=58448 loops=1)
        Filter: (keyword_id = 16264)
        Rows Removed by Filter: 4465482
  ->  Hash  (cost=128945.28..128945.28 rows=16001 width=8) (actual time=6247.217..6247.217 rows=24107 loops=1)
        Buckets: 32768 (originally 16384)  Batches: 1 (originally 1)  Memory Usage: 1198kB
        ->  Hash Join  (cost=74119.74..128945.28 rows=16001 width=8) (actual time=3078.477..6236.011 rows=24107 loops=1)
              Hash Cond: (mc.movie_id = t.id)
              ->  Seq Scan on movie_companies mc  (cost=0.00..44881.29 rows=2609129 width=4) (actual time=0.011..2434.297 rows=2609129 loops=1)
              ->  Hash  (cost=73925.90..73925.90 rows=15507 width=4) (actual time=3078.331..3078.331 rows=11835 loops=1)
                    Buckets: 16384  Batches: 1  Memory Usage: 545kB
                    ->  Seq Scan on title t  (cost=0.00..73925.90 rows=15507 width=4) (actual time=0.024..3072.526 rows=11835 loops=1)
                          Filter: ((kind_id < 7) AND (production_year = 1995))
                          Rows Removed by Filter: 2516477
Planning time: 1.263 ms
Execution time: 9350.927 ms
