Nested Loop  (cost=0.43..709671.90 rows=500 width=0) (actual time=4611.455..10956.282 rows=479 loops=1)
  ->  Seq Scan on cast_info ci  (cost=0.00..705507.15 rows=500 width=4) (actual time=4611.292..10931.696 rows=479 loops=1)
        Filter: (person_id = 1436784)
        Rows Removed by Filter: 36243865
  ->  Index Only Scan using title_pkey on title t  (cost=0.43..8.32 rows=1 width=4) (actual time=0.050..0.050 rows=1 loops=479)
        Index Cond: (id = ci.movie_id)
        Heap Fetches: 479
Planning time: 0.758 ms
Execution time: 10956.497 ms
