Hash Join  (cost=166498.44..193774.26 rows=36534 width=0) (actual time=3750.151..4462.879 rows=80224 loops=1)
  Hash Cond: (mi_idx.movie_id = t.id)
  ->  Seq Scan on movie_info_idx mi_idx  (cost=0.00..21735.35 rows=1380035 width=4) (actual time=0.012..352.370 rows=1380035 loops=1)
  ->  Hash  (cost=165661.71..165661.71 rows=66938 width=8) (actual time=3749.441..3749.441 rows=69928 loops=1)
        Buckets: 131072  Batches: 1  Memory Usage: 3756kB
        ->  Hash Join  (cost=102767.86..165661.71 rows=66938 width=8) (actual time=1998.723..3722.942 rows=69928 loops=1)
              Hash Cond: (mc.movie_id = t.id)
              ->  Seq Scan on movie_companies mc  (cost=0.00..51404.11 rows=66938 width=4) (actual time=0.155..944.301 rows=69928 loops=1)
                    Filter: (company_id < 11)
                    Rows Removed by Filter: 2539201
              ->  Hash  (cost=61283.27..61283.27 rows=2528527 width=4) (actual time=1994.868..1994.868 rows=2528312 loops=1)
                    Buckets: 131072  Batches: 64  Memory Usage: 2415kB
                    ->  Seq Scan on title t  (cost=0.00..61283.27 rows=2528527 width=4) (actual time=0.019..1152.568 rows=2528312 loops=1)
Planning time: 1.097 ms
Execution time: 4473.792 ms
