Hash Join  (cost=102767.86..195890.77 rows=1323249 width=0) (actual time=4685.761..9285.793 rows=1330518 loops=1)
  Hash Cond: (mc.movie_id = t.id)
  ->  Seq Scan on movie_companies mc  (cost=0.00..51404.11 rows=1323249 width=4) (actual time=0.022..2903.411 rows=1330518 loops=1)
        Filter: (company_id > 11208)
        Rows Removed by Filter: 1278611
  ->  Hash  (cost=61283.27..61283.27 rows=2528527 width=4) (actual time=4683.637..4683.637 rows=2528312 loops=1)
        Buckets: 131072  Batches: 64  Memory Usage: 2415kB
        ->  Seq Scan on title t  (cost=0.00..61283.27 rows=2528527 width=4) (actual time=0.014..3756.253 rows=2528312 loops=1)
Planning time: 0.773 ms
Execution time: 9452.184 ms
