Hash Join  (cost=150960.59..1207971.63 rows=2259188 width=0) (actual time=7018.230..67847.453 rows=7974808 loops=1)
  Hash Cond: (ci.movie_id = t.id)
  ->  Seq Scan on cast_info ci  (cost=0.00..614943.12 rows=36225612 width=4) (actual time=0.019..36908.340 rows=36244344 loops=1)
  ->  Hash  (cost=148373.46..148373.46 rows=157690 width=8) (actual time=7017.334..7017.334 rows=378278 loops=1)
        Buckets: 131072 (originally 131072)  Batches: 8 (originally 4)  Memory Usage: 3073kB
        ->  Hash Join  (cost=78846.40..148373.46 rows=157690 width=8) (actual time=4260.704..6900.108 rows=378278 loops=1)
              Hash Cond: (mc.movie_id = t.id)
              ->  Seq Scan on movie_companies mc  (cost=0.00..51404.11 rows=1329612 width=4) (actual time=32.884..2505.855 rows=1334883 loops=1)
                    Filter: (company_type_id > 1)
                    Rows Removed by Filter: 1274246
              ->  Hash  (cost=73925.90..73925.90 rows=299880 width=4) (actual time=3522.382..3522.382 rows=391036 loops=1)
                    Buckets: 131072 (originally 131072)  Batches: 8 (originally 4)  Memory Usage: 3073kB
                    ->  Seq Scan on title t  (cost=0.00..73925.90 rows=299880 width=4) (actual time=987.769..3343.721 rows=391036 loops=1)
                          Filter: ((production_year < 2002) AND (kind_id = 1))
                          Rows Removed by Filter: 2137276
Planning time: 1.062 ms
Execution time: 68872.960 ms
