Hash Join  (cost=468538.12..1574955.40 rows=7068615 width=0) (actual time=16576.126..45832.608 rows=3880496 loops=1)
  Hash Cond: (ci.movie_id = t.id)
  ->  Seq Scan on cast_info ci  (cost=0.00..614943.12 rows=36225612 width=4) (actual time=0.024..13040.961 rows=36244344 loops=1)
  ->  Hash  (cost=460442.81..460442.81 rows=493385 width=8) (actual time=16575.201..16575.201 rows=169038 loops=1)
        Buckets: 131072  Batches: 8  Memory Usage: 1839kB
        ->  Hash Join  (cost=92883.59..460442.81 rows=493385 width=8) (actual time=9060.524..16521.754 rows=169038 loops=1)
              Hash Cond: (mi.movie_id = t.id)
              ->  Seq Scan on movie_info mi  (cost=0.00..346232.03 rows=809669 width=4) (actual time=4815.861..11126.687 rows=802140 loops=1)
                    Filter: (info_type_id = 1)
                    Rows Removed by Filter: 14033580
              ->  Hash  (cost=67604.59..67604.59 rows=1540800 width=4) (actual time=4243.494..4243.494 rows=1543264 loops=1)
                    Buckets: 131072  Batches: 32  Memory Usage: 2728kB
                    ->  Seq Scan on title t  (cost=0.00..67604.59 rows=1540800 width=4) (actual time=0.026..3583.083 rows=1543264 loops=1)
                          Filter: (kind_id = 7)
                          Rows Removed by Filter: 985048
Planning time: 3.183 ms
Execution time: 46284.221 ms
