Seq Scan on cast_info ci  (cost=0.00..705507.15 rows=500 width=0) (actual time=8227.868..11288.971 rows=253 loops=1)
  Filter: (person_id = 942233)
  Rows Removed by Filter: 36244091
Planning time: 0.404 ms
Execution time: 11289.084 ms
