Seq Scan on cast_info ci  (cost=0.00..796071.18 rows=3763265 width=0) (actual time=4265.235..12479.413 rows=5831833 loops=1)
  Filter: ((person_id > 3060937) AND (role_id > 1))
  Rows Removed by Filter: 30412511
Planning time: 0.408 ms
Execution time: 13192.521 ms
