Hash Join  (cost=58358.64..152186.03 rows=27 width=0) (actual time=2572.771..2827.596 rows=18 loops=1)
  Hash Cond: (mk.movie_id = t.id)
  ->  Seq Scan on movie_keyword mk  (cost=0.00..81003.12 rows=3419730 width=4) (actual time=0.027..1460.682 rows=3410700 loops=1)
        Filter: (keyword_id > 1148)
        Rows Removed by Filter: 1113230
  ->  Hash  (cost=58358.39..58358.39 rows=20 width=8) (actual time=913.653..913.653 rows=22 loops=1)
        Buckets: 1024  Batches: 1  Memory Usage: 9kB
        ->  Nested Loop  (cost=0.43..58358.39 rows=20 width=8) (actual time=29.392..913.622 rows=22 loops=1)
              ->  Seq Scan on movie_companies mc  (cost=0.00..57926.93 rows=51 width=4) (actual time=29.350..913.133 rows=22 loops=1)
                    Filter: ((company_type_id < 2) AND (company_id = 1597))
                    Rows Removed by Filter: 2609107
              ->  Index Scan using title_pkey on title t  (cost=0.43..8.45 rows=1 width=4) (actual time=0.019..0.020 rows=1 loops=22)
                    Index Cond: (id = mc.movie_id)
                    Filter: (kind_id < 7)
Planning time: 6.956 ms
Execution time: 2827.739 ms
