Hash Join  (cost=258974.92..1148197.68 rows=2943425 width=0) (actual time=7743.747..24138.281 rows=2759777 loops=1)
  Hash Cond: (ci.movie_id = t.id)
  ->  Seq Scan on cast_info ci  (cost=0.00..796071.18 rows=4464664 width=4) (actual time=2652.902..14369.078 rows=9154985 loops=1)
        Filter: ((person_id < 1249354) AND (role_id = 1))
        Rows Removed by Filter: 27089359
  ->  Hash  (cost=231625.59..231625.59 rows=1666986 width=8) (actual time=5088.463..5088.463 rows=366834 loops=1)
        Buckets: 131072  Batches: 32  Memory Usage: 1463kB
        ->  Hash Join  (cost=92883.59..231625.59 rows=1666986 width=8) (actual time=3410.290..4982.802 rows=366834 loops=1)
              Hash Cond: (mk.movie_id = t.id)
              ->  Seq Scan on movie_keyword mk  (cost=0.00..81003.12 rows=2735604 width=4) (actual time=0.028..1702.245 rows=2727118 loops=1)
                    Filter: (keyword_id < 7763)
                    Rows Removed by Filter: 1796812
              ->  Hash  (cost=67604.59..67604.59 rows=1540800 width=4) (actual time=1750.586..1750.586 rows=1543264 loops=1)
                    Buckets: 131072  Batches: 32  Memory Usage: 2728kB
                    ->  Seq Scan on title t  (cost=0.00..67604.59 rows=1540800 width=4) (actual time=0.027..1254.165 rows=1543264 loops=1)
                          Filter: (kind_id = 7)
                          Rows Removed by Filter: 985048
Planning time: 1.187 ms
Execution time: 24448.084 ms
