Hash Join  (cost=190002.71..683046.79 rows=1240614 width=0) (actual time=3689.092..15361.403 rows=465887 loops=1)
  Hash Cond: (mi.movie_id = t.id)
  ->  Seq Scan on movie_info mi  (cost=0.00..309384.22 rows=14739122 width=4) (actual time=0.016..5411.276 rows=14835720 loops=1)
  ->  Hash  (cost=186510.33..186510.33 rows=212830 width=8) (actual time=3594.228..3594.228 rows=52179 loops=1)
        Buckets: 131072  Batches: 4  Memory Usage: 1554kB
        ->  Hash Join  (cost=92883.59..186510.33 rows=212830 width=8) (actual time=2651.206..3577.769 rows=52179 loops=1)
              Hash Cond: (mk.movie_id = t.id)
              ->  Seq Scan on movie_keyword mk  (cost=0.00..81003.12 rows=349264 width=4) (actual time=0.038..1392.974 rows=363692 loops=1)
                    Filter: (keyword_id < 335)
                    Rows Removed by Filter: 4160238
              ->  Hash  (cost=67604.59..67604.59 rows=1540800 width=4) (actual time=1736.241..1736.241 rows=1543264 loops=1)
                    Buckets: 131072  Batches: 32  Memory Usage: 2728kB
                    ->  Seq Scan on title t  (cost=0.00..67604.59 rows=1540800 width=4) (actual time=296.800..1231.932 rows=1543264 loops=1)
                          Filter: (kind_id = 7)
                          Rows Removed by Filter: 985048
Planning time: 1.192 ms
Execution time: 15421.600 ms
