Hash Join  (cost=136662.72..207959.07 rows=259219 width=0) (actual time=3688.808..5215.358 rows=511316 loops=1)
  Hash Cond: (mc.movie_id = t.id)
  ->  Seq Scan on movie_companies mc  (cost=0.00..51404.11 rows=1329612 width=4) (actual time=175.767..946.520 rows=1334883 loops=1)
        Filter: (company_type_id = 2)
        Rows Removed by Filter: 1274246
  ->  Hash  (cost=128574.75..128574.75 rows=492958 width=8) (actual time=3512.304..3512.304 rows=369173 loops=1)
        Buckets: 131072  Batches: 8  Memory Usage: 2811kB
        ->  Hash Join  (cost=82423.69..128574.75 rows=492958 width=8) (actual time=2031.064..3396.992 rows=369173 loops=1)
              Hash Cond: (mi_idx.movie_id = t.id)
              ->  Seq Scan on movie_info_idx mi_idx  (cost=0.00..21735.35 rows=1380035 width=4) (actual time=0.024..486.285 rows=1380035 loops=1)
              ->  Hash  (cost=67604.59..67604.59 rows=903208 width=4) (actual time=2030.014..2030.014 rows=904491 loops=1)
                    Buckets: 131072  Batches: 16  Memory Usage: 3010kB
                    ->  Seq Scan on title t  (cost=0.00..67604.59 rows=903208 width=4) (actual time=0.019..1217.957 rows=904491 loops=1)
                          Filter: (production_year > 2006)
                          Rows Removed by Filter: 1623821
Planning time: 1.228 ms
Execution time: 5273.858 ms
