Hash Join  (cost=106653.54..859808.20 rows=236544 width=0) (actual time=2025.572..19831.526 rows=381620 loops=1)
  Hash Cond: (ci.movie_id = t.id)
  ->  Seq Scan on cast_info ci  (cost=0.00..614943.12 rows=36225612 width=4) (actual time=0.014..9157.058 rows=36244344 loops=1)
  ->  Hash  (cost=106447.16..106447.16 rows=16511 width=8) (actual time=2025.269..2025.269 rows=12868 loops=1)
        Buckets: 32768  Batches: 1  Memory Usage: 759kB
        ->  Hash Join  (cost=75411.94..106447.16 rows=16511 width=8) (actual time=1324.616..2019.751 rows=12868 loops=1)
              Hash Cond: (mi_idx.movie_id = t.id)
              ->  Seq Scan on movie_info_idx mi_idx  (cost=0.00..25185.44 rows=460978 width=4) (actual time=0.020..508.671 rows=459925 loops=1)
                    Filter: (info_type_id < 100)
                    Rows Removed by Filter: 920110
              ->  Hash  (cost=73925.90..73925.90 rows=90563 width=4) (actual time=1323.397..1323.397 rows=80990 loops=1)
                    Buckets: 131072  Batches: 2  Memory Usage: 2450kB
                    ->  Seq Scan on title t  (cost=0.00..73925.90 rows=90563 width=4) (actual time=0.020..1293.307 rows=80990 loops=1)
                          Filter: ((kind_id < 7) AND (production_year > 2011))
                          Rows Removed by Filter: 2447322
Planning time: 1.200 ms
Execution time: 19896.813 ms
