Nested Loop  (cost=0.43..52283.69 rows=104 width=0) (actual time=19.050..776.641 rows=1040 loops=1)
  ->  Seq Scan on movie_companies mc  (cost=0.00..51404.11 rows=104 width=4) (actual time=18.945..754.431 rows=1040 loops=1)
        Filter: (company_id = 1374)
        Rows Removed by Filter: 2608089
  ->  Index Only Scan using title_pkey on title t  (cost=0.43..8.45 rows=1 width=4) (actual time=0.020..0.021 rows=1 loops=1040)
        Index Cond: (id = mc.movie_id)
        Heap Fetches: 1040
Planning time: 2.258 ms
Execution time: 776.954 ms
