Seq Scan on cast_info ci  (cost=0.00..796071.18 rows=9519787 width=0) (actual time=0.020..15400.840 rows=12670688 loops=1)
  Filter: ((person_id < 2785704) AND (role_id = 1))
  Rows Removed by Filter: 23573656
Planning time: 0.364 ms
Execution time: 16878.194 ms
