Hash Join  (cost=102767.86..187423.43 rows=700224 width=0) (actual time=2073.362..4132.875 rows=962104 loops=1)
  Hash Cond: (mc.movie_id = t.id)
  ->  Seq Scan on movie_companies mc  (cost=0.00..57926.93 rows=700224 width=4) (actual time=60.494..1054.595 rows=962104 loops=1)
        Filter: ((company_id < 12468) AND (company_type_id < 2))
        Rows Removed by Filter: 1647025
  ->  Hash  (cost=61283.27..61283.27 rows=2528527 width=4) (actual time=2011.594..2011.594 rows=2528312 loops=1)
        Buckets: 131072  Batches: 64  Memory Usage: 2415kB
        ->  Seq Scan on title t  (cost=0.00..61283.27 rows=2528527 width=4) (actual time=0.017..1156.021 rows=2528312 loops=1)
Planning time: 0.517 ms
Execution time: 4236.365 ms
