Hash Join  (cost=28268.52..125192.43 rows=242 width=0) (actual time=419.556..2657.685 rows=36050 loops=1)
  Hash Cond: (mk.movie_id = t.id)
  ->  Seq Scan on movie_keyword mk  (cost=0.00..81003.12 rows=4244899 width=4) (actual time=0.023..1647.773 rows=4245952 loops=1)
        Filter: (keyword_id < 57170)
        Rows Removed by Filter: 277978
  ->  Hash  (cost=28266.72..28266.72 rows=144 width=8) (actual time=418.760..418.760 rows=260 loops=1)
        Buckets: 1024  Batches: 1  Memory Usage: 19kB
        ->  Nested Loop  (cost=0.43..28266.72 rows=144 width=8) (actual time=250.525..418.671 rows=260 loops=1)
              ->  Seq Scan on movie_info_idx mi_idx  (cost=0.00..25185.44 rows=368 width=4) (actual time=250.462..413.495 rows=260 loops=1)
                    Filter: (info_type_id > 101)
                    Rows Removed by Filter: 1379775
              ->  Index Scan using title_pkey on title t  (cost=0.43..8.36 rows=1 width=4) (actual time=0.019..0.019 rows=1 loops=260)
                    Index Cond: (id = mi_idx.movie_id)
                    Filter: (kind_id < 7)
Planning time: 1.444 ms
Execution time: 2662.276 ms
