Seq Scan on movie_keyword mk  (cost=0.00..81003.12 rows=246 width=0) (actual time=18.965..1281.034 rows=19 loops=1)
  Filter: (keyword_id = 51023)
  Rows Removed by Filter: 4523911
Planning time: 0.364 ms
Execution time: 1281.128 ms
