Hash Join  (cost=267170.81..746010.07 rows=4554869 width=0) (actual time=12034.803..51308.995 rows=66320509 loops=1)
  Hash Cond: (mi.movie_id = t.id)
  ->  Seq Scan on movie_info mi  (cost=0.00..346232.03 rows=6231111 width=4) (actual time=0.012..19210.087 rows=6223494 loops=1)
        Filter: (info_type_id > 8)
        Rows Removed by Filter: 8612226
  ->  Hash  (cost=236845.78..236845.78 rows=1848323 width=8) (actual time=12033.938..12033.938 rows=1609109 loops=1)
        Buckets: 131072  Batches: 32  Memory Usage: 3060kB
        ->  Hash Join  (cost=95982.60..236845.78 rows=1848323 width=8) (actual time=5189.605..11531.571 rows=1609109 loops=1)
              Hash Cond: (mk.movie_id = t.id)
              ->  Seq Scan on movie_keyword mk  (cost=0.00..81003.12 rows=2701964 width=4) (actual time=0.018..4112.070 rows=2697560 loops=1)
                    Filter: (keyword_id < 7634)
                    Rows Removed by Filter: 1826370
              ->  Hash  (cost=67604.59..67604.59 rows=1729681 width=4) (actual time=5188.075..5188.075 rows=1725233 loops=1)
                    Buckets: 131072  Batches: 32  Memory Usage: 2931kB
                    ->  Seq Scan on title t  (cost=0.00..67604.59 rows=1729681 width=4) (actual time=0.017..4446.918 rows=1725233 loops=1)
                          Filter: (production_year > 1991)
                          Rows Removed by Filter: 803079
Planning time: 1.116 ms
Execution time: 59055.769 ms
