Nested Loop  (cost=0.43..797069.17 rows=118 width=0) (actual time=2710.524..12510.138 rows=157 loops=1)
  ->  Seq Scan on cast_info ci  (cost=0.00..796071.18 rows=118 width=4) (actual time=2710.377..12508.314 rows=157 loops=1)
        Filter: ((role_id > 5) AND (person_id = 1665888))
        Rows Removed by Filter: 36244187
  ->  Index Only Scan using title_pkey on title t  (cost=0.43..8.45 rows=1 width=4) (actual time=0.011..0.011 rows=1 loops=157)
        Index Cond: (id = ci.movie_id)
        Heap Fetches: 157
Planning time: 0.743 ms
Execution time: 12510.238 ms
