Nested Loop  (cost=0.43..709671.90 rows=500 width=0) (actual time=2255.887..10291.625 rows=26 loops=1)
  ->  Seq Scan on cast_info ci  (cost=0.00..705507.15 rows=500 width=4) (actual time=2255.687..10286.515 rows=26 loops=1)
        Filter: (person_id = 1120089)
        Rows Removed by Filter: 36244318
  ->  Index Only Scan using title_pkey on title t  (cost=0.43..8.32 rows=1 width=4) (actual time=0.191..0.191 rows=1 loops=26)
        Index Cond: (id = ci.movie_id)
        Heap Fetches: 26
Planning time: 0.776 ms
Execution time: 10291.715 ms
