Hash Join  (cost=221573.94..582073.63 rows=220941 width=0) (actual time=9824.362..10919.893 rows=632232 loops=1)
  Hash Cond: (mi.movie_id = t.id)
  ->  Seq Scan on movie_info mi  (cost=0.00..346232.03 rows=809669 width=4) (actual time=5176.571..5607.302 rows=802140 loops=1)
        Filter: (info_type_id = 1)
        Rows Removed by Filter: 14033580
  ->  Hash  (cost=210253.17..210253.17 rows=689981 width=8) (actual time=4646.859..4646.859 rows=685221 loops=1)
        Buckets: 131072  Batches: 16  Memory Usage: 2771kB
        ->  Hash Join  (cost=102767.86..210253.17 rows=689981 width=8) (actual time=2042.235..4451.541 rows=685221 loops=1)
              Hash Cond: (mk.movie_id = t.id)
              ->  Seq Scan on movie_keyword mk  (cost=0.00..81003.12 rows=689981 width=4) (actual time=0.036..1454.241 rows=685221 loops=1)
                    Filter: (keyword_id < 568)
                    Rows Removed by Filter: 3838709
              ->  Hash  (cost=61283.27..61283.27 rows=2528527 width=4) (actual time=2041.386..2041.386 rows=2528312 loops=1)
                    Buckets: 131072  Batches: 64  Memory Usage: 2425kB
                    ->  Seq Scan on title t  (cost=0.00..61283.27 rows=2528527 width=4) (actual time=0.023..1169.304 rows=2528312 loops=1)
Planning time: 1.040 ms
Execution time: 10992.947 ms
