Hash Join  (cost=200356.82..244941.10 rows=401680 width=0) (actual time=5865.776..7460.190 rows=1882559 loops=1)
  Hash Cond: (mi_idx.movie_id = t.id)
  ->  Seq Scan on movie_info_idx mi_idx  (cost=0.00..21735.35 rows=1380035 width=4) (actual time=0.021..425.045 rows=1380035 loops=1)
  ->  Hash  (cost=188282.24..188282.24 rows=735966 width=8) (actual time=5864.850..5864.850 rows=1013622 loops=1)
        Buckets: 131072  Batches: 16  Memory Usage: 3474kB
        ->  Hash Join  (cost=102767.86..188282.24 rows=735966 width=8) (actual time=2585.083..5543.567 rows=1013622 loops=1)
              Hash Cond: (mc.movie_id = t.id)
              ->  Seq Scan on movie_companies mc  (cost=0.00..57926.93 rows=735966 width=4) (actual time=0.030..1108.650 rows=1013622 loops=1)
                    Filter: ((company_id < 13746) AND (company_type_id < 2))
                    Rows Removed by Filter: 1595507
              ->  Hash  (cost=61283.27..61283.27 rows=2528527 width=4) (actual time=2583.095..2583.095 rows=2528312 loops=1)
                    Buckets: 131072  Batches: 64  Memory Usage: 2415kB
                    ->  Seq Scan on title t  (cost=0.00..61283.27 rows=2528527 width=4) (actual time=0.012..1131.996 rows=2528312 loops=1)
Planning time: 1.158 ms
Execution time: 7659.413 ms
