Hash Join  (cost=210944.68..354692.27 rows=1784855 width=0) (actual time=4321.577..9032.134 rows=4182992 loops=1)
  Hash Cond: (mk.movie_id = t.id)
  ->  Seq Scan on movie_keyword mk  (cost=0.00..69693.30 rows=4523930 width=4) (actual time=0.023..1443.507 rows=4523930 loops=1)
  ->  Hash  (cost=194577.73..194577.73 rows=997596 width=8) (actual time=4320.671..4320.671 rows=700007 loops=1)
        Buckets: 131072  Batches: 16  Memory Usage: 2731kB
        ->  Hash Join  (cost=102767.86..194577.73 rows=997596 width=8) (actual time=1929.956..4092.326 rows=700007 loops=1)
              Hash Cond: (mc.movie_id = t.id)
              ->  Seq Scan on movie_companies mc  (cost=0.00..57926.93 rows=997596 width=4) (actual time=0.019..1086.110 rows=700007 loops=1)
                    Filter: ((company_id < 53326) AND (company_type_id = 2))
                    Rows Removed by Filter: 1909122
              ->  Hash  (cost=61283.27..61283.27 rows=2528527 width=4) (actual time=1928.976..1928.976 rows=2528312 loops=1)
                    Buckets: 131072  Batches: 64  Memory Usage: 2415kB
                    ->  Seq Scan on title t  (cost=0.00..61283.27 rows=2528527 width=4) (actual time=0.019..1088.254 rows=2528312 loops=1)
Planning time: 1.139 ms
Execution time: 9508.821 ms
