Hash Join  (cost=58358.90..85287.93 rows=9 width=0) (actual time=1008.457..1589.751 rows=181 loops=1)
  Hash Cond: (mi_idx.movie_id = t.id)
  ->  Seq Scan on movie_info_idx mi_idx  (cost=0.00..25185.44 rows=464934 width=4) (actual time=0.023..518.801 rows=460185 loops=1)
        Filter: (info_type_id > 100)
        Rows Removed by Filter: 919850
  ->  Hash  (cost=58358.27..58358.27 rows=51 width=8) (actual time=1006.428..1006.428 rows=199 loops=1)
        Buckets: 1024  Batches: 1  Memory Usage: 16kB
        ->  Nested Loop  (cost=0.43..58358.27 rows=51 width=8) (actual time=0.592..1006.254 rows=199 loops=1)
              ->  Seq Scan on movie_companies mc  (cost=0.00..57926.93 rows=51 width=4) (actual time=0.527..998.737 rows=199 loops=1)
                    Filter: ((company_type_id < 2) AND (company_id = 15657))
                    Rows Removed by Filter: 2608930
              ->  Index Only Scan using title_pkey on title t  (cost=0.43..8.45 rows=1 width=4) (actual time=0.036..0.036 rows=1 loops=199)
                    Index Cond: (id = mc.movie_id)
                    Heap Fetches: 199
Planning time: 1.159 ms
Execution time: 1589.950 ms
