Hash Join  (cost=263115.61..449442.58 rows=4026167 width=0) (actual time=6112.803..16668.591 rows=29805955 loops=1)
  Hash Cond: (mk.movie_id = t.id)
  ->  Seq Scan on movie_keyword mk  (cost=0.00..81003.12 rows=3901789 width=4) (actual time=0.024..1842.443 rows=3898864 loops=1)
        Filter: (keyword_id < 29319)
        Rows Removed by Filter: 625066
  ->  Hash  (cost=220309.49..220309.49 rows=2609129 width=8) (actual time=6112.005..6112.005 rows=2609129 loops=1)
        Buckets: 131072  Batches: 64  Memory Usage: 2691kB
        ->  Hash Join  (cost=102767.86..220309.49 rows=2609129 width=8) (actual time=1902.417..5388.359 rows=2609129 loops=1)
              Hash Cond: (mc.movie_id = t.id)
              ->  Seq Scan on movie_companies mc  (cost=0.00..44881.29 rows=2609129 width=4) (actual time=0.020..964.216 rows=2609129 loops=1)
              ->  Hash  (cost=61283.27..61283.27 rows=2528527 width=4) (actual time=1901.270..1901.270 rows=2528312 loops=1)
                    Buckets: 131072  Batches: 64  Memory Usage: 2415kB
                    ->  Seq Scan on title t  (cost=0.00..61283.27 rows=2528527 width=4) (actual time=0.022..1063.950 rows=2528312 loops=1)
Planning time: 1.113 ms
Execution time: 19980.617 ms
