Seq Scan on title t  (cost=0.00..73925.90 rows=325904 width=0) (actual time=4.353..3147.055 rows=349534 loops=1)
  Filter: ((production_year > 2009) AND (kind_id = 7))
  Rows Removed by Filter: 2178778
Planning time: 0.348 ms
Execution time: 3202.904 ms
