Hash Join  (cost=904481.88..959923.65 rows=77625 width=0) (actual time=13921.185..15305.549 rows=38545 loops=1)
  Hash Cond: (mc.movie_id = t.id)
  ->  Seq Scan on movie_companies mc  (cost=0.00..44881.29 rows=2609129 width=4) (actual time=0.006..747.519 rows=2609129 loops=1)
  ->  Hash  (cost=903541.54..903541.54 rows=75227 width=8) (actual time=13919.507..13919.507 rows=20157 loops=1)
        Buckets: 131072  Batches: 1  Memory Usage: 1812kB
        ->  Hash Join  (cost=98137.04..903541.54 rows=75227 width=8) (actual time=4636.630..13911.384 rows=20157 loops=1)
              Hash Cond: (ci.movie_id = t.id)
              ->  Seq Scan on cast_info ci  (cost=0.00..796071.18 rows=102211 width=4) (actual time=2480.144..11444.404 rows=27092 loops=1)
                    Filter: ((person_id < 77643) AND (role_id = 10))
                    Rows Removed by Filter: 36217252
              ->  Hash  (cost=67604.59..67604.59 rows=1860996 width=4) (actual time=2155.447..2155.447 rows=1865487 loops=1)
                    Buckets: 131072  Batches: 32  Memory Usage: 3079kB
                    ->  Seq Scan on title t  (cost=0.00..67604.59 rows=1860996 width=4) (actual time=0.022..1386.544 rows=1865487 loops=1)
                          Filter: (kind_id > 1)
                          Rows Removed by Filter: 662825
Planning time: 1.212 ms
Execution time: 15311.237 ms
