Hash Join  (cost=102065.08..468298.49 rows=157750 width=0) (actual time=1696.814..9907.537 rows=706731 loops=1)
  Hash Cond: (mi.movie_id = t.id)
  ->  Seq Scan on movie_info mi  (cost=0.00..309384.22 rows=14739122 width=4) (actual time=0.016..4364.700 rows=14835720 loops=1)
  ->  Hash  (cost=101726.81..101726.81 rows=27062 width=8) (actual time=1696.484..1696.484 rows=39613 loops=1)
        Buckets: 65536 (originally 32768)  Batches: 1 (originally 1)  Memory Usage: 2060kB
        ->  Hash Join  (cost=74545.71..101726.81 rows=27062 width=8) (actual time=1068.919..1682.384 rows=39613 loops=1)
              Hash Cond: (mi_idx.movie_id = t.id)
              ->  Seq Scan on movie_info_idx mi_idx  (cost=0.00..21735.35 rows=1380035 width=4) (actual time=0.024..299.427 rows=1380035 loops=1)
              ->  Hash  (cost=73925.90..73925.90 rows=49584 width=4) (actual time=1068.548..1068.548 rows=38752 loops=1)
                    Buckets: 65536  Batches: 1  Memory Usage: 1875kB
                    ->  Seq Scan on title t  (cost=0.00..73925.90 rows=49584 width=4) (actual time=0.030..1052.807 rows=38752 loops=1)
                          Filter: ((kind_id < 7) AND (production_year = 2008))
                          Rows Removed by Filter: 2489560
Planning time: 1.190 ms
Execution time: 9998.941 ms
