Hash Join  (cost=70308.29..129860.87 rows=5236 width=0) (actual time=1487.568..2052.732 rows=2728 loops=1)
  Hash Cond: (mc.movie_id = t.id)
  ->  Seq Scan on movie_companies mc  (cost=0.00..57926.93 rows=80343 width=4) (actual time=347.272..831.556 rows=129553 loops=1)
        Filter: ((company_id < 34) AND (company_type_id = 1))
        Rows Removed by Filter: 2479576
  ->  Hash  (cost=67604.59..67604.59 rows=164776 width=4) (actual time=1138.851..1138.851 rows=164307 loops=1)
        Buckets: 131072  Batches: 4  Memory Usage: 2482kB
        ->  Seq Scan on title t  (cost=0.00..67604.59 rows=164776 width=4) (actual time=0.025..1082.107 rows=164307 loops=1)
              Filter: (production_year = 2012)
              Rows Removed by Filter: 2364005
Planning time: 0.534 ms
Execution time: 2053.239 ms
