Hash Join  (cost=797959.87..824871.07 rows=72 width=0) (actual time=13983.170..14398.292 rows=21 loops=1)
  Hash Cond: (mi_idx.movie_id = t.id)
  ->  Seq Scan on movie_info_idx mi_idx  (cost=0.00..21735.35 rows=1380035 width=4) (actual time=0.025..339.968 rows=1380035 loops=1)
  ->  Hash  (cost=797958.22..797958.22 rows=132 width=8) (actual time=13821.067..13821.067 rows=7 loops=1)
        Buckets: 1024  Batches: 1  Memory Usage: 9kB
        ->  Nested Loop  (cost=0.43..797958.22 rows=132 width=8) (actual time=2044.896..13821.008 rows=7 loops=1)
              ->  Seq Scan on cast_info ci  (cost=0.00..796071.18 rows=224 width=4) (actual time=2044.752..13818.783 rows=7 loops=1)
                    Filter: ((role_id > 2) AND (person_id = 2534188))
                    Rows Removed by Filter: 36244337
              ->  Index Scan using title_pkey on title t  (cost=0.43..8.41 rows=1 width=4) (actual time=0.297..0.298 rows=1 loops=7)
                    Index Cond: (id = ci.movie_id)
                    Filter: (production_year > 1998)
Planning time: 1.189 ms
Execution time: 14398.439 ms
