Hash Join  (cost=583046.46..1428869.30 rows=5944134 width=0) (actual time=11664.265..29199.980 rows=11078989 loops=1)
  Hash Cond: (ci.movie_id = t.id)
  ->  Seq Scan on cast_info ci  (cost=0.00..705507.15 rows=4898616 width=4) (actual time=190.974..11836.240 rows=4782393 loops=1)
        Filter: (person_id < 464125)
        Rows Removed by Filter: 31461951
  ->  Hash  (cost=532708.04..532708.04 rows=3068194 width=8) (actual time=11471.880..11471.880 rows=3036719 loops=1)
        Buckets: 131072  Batches: 64  Memory Usage: 2881kB
        ->  Hash Join  (cost=102767.86..532708.04 rows=3068194 width=8) (actual time=2949.297..10626.369 rows=3036719 loops=1)
              Hash Cond: (mi.movie_id = t.id)
              ->  Seq Scan on movie_info mi  (cost=0.00..346232.03 rows=3068194 width=4) (actual time=931.324..5819.087 rows=3036719 loops=1)
                    Filter: (info_type_id = 16)
                    Rows Removed by Filter: 11799001
              ->  Hash  (cost=61283.27..61283.27 rows=2528527 width=4) (actual time=2016.051..2016.051 rows=2528312 loops=1)
                    Buckets: 131072  Batches: 64  Memory Usage: 2425kB
                    ->  Seq Scan on title t  (cost=0.00..61283.27 rows=2528527 width=4) (actual time=0.033..1164.481 rows=2528312 loops=1)
Planning time: 1.174 ms
Execution time: 30426.138 ms
