Hash Join  (cost=508355.39..1315087.78 rows=627037 width=211) (actual time=11209.796..30814.525 rows=731593 loops=1)
  Hash Cond: (ci.movie_id = t.id)
  ->  Seq Scan on cast_info ci  (cost=0.00..705507.15 rows=3998100 width=42) (actual time=0.013..16661.995 rows=4008037 loops=1)
        Filter: (role_id = 3)
        Rows Removed by Filter: 32236307
  ->  Hash  (cost=493716.42..493716.42 rows=396558 width=169) (actual time=11209.047..11209.047 rows=450835 loops=1)
        Buckets: 32768 (originally 32768)  Batches: 64 (originally 32)  Memory Usage: 3841kB
        ->  Hash Join  (cost=82638.42..493716.42 rows=396558 width=169) (actual time=1902.934..10845.811 rows=450835 loops=1)
              Hash Cond: (mi.movie_id = t.id)
              ->  Seq Scan on movie_info mi  (cost=0.00..346232.03 rows=1810770 width=75) (actual time=0.339..6994.551 rows=1865632 loops=1)
                    Filter: (info_type_id > 17)
                    Rows Removed by Filter: 12970088
              ->  Hash  (cost=67604.59..67604.59 rows=553747 width=94) (actual time=1897.042..1897.042 rows=552960 loops=1)
                    Buckets: 32768  Batches: 32  Memory Usage: 2182kB
                    ->  Seq Scan on title t  (cost=0.00..67604.59 rows=553747 width=94) (actual time=0.024..1626.999 rows=552960 loops=1)
                          Filter: (production_year < 1983)
                          Rows Removed by Filter: 1975352
Planning time: 1.560 ms
Execution time: 30856.673 ms
