Nested Loop  (cost=0.43..709671.90 rows=500 width=0) (actual time=1952.250..11138.477 rows=78 loops=1)
  ->  Seq Scan on cast_info ci  (cost=0.00..705507.15 rows=500 width=4) (actual time=1952.111..11136.393 rows=78 loops=1)
        Filter: (person_id = 3763234)
        Rows Removed by Filter: 36244266
  ->  Index Only Scan using title_pkey on title t  (cost=0.43..8.32 rows=1 width=4) (actual time=0.025..0.026 rows=1 loops=78)
        Index Cond: (id = ci.movie_id)
        Heap Fetches: 78
Planning time: 0.532 ms
Execution time: 11138.563 ms
