Seq Scan on movie_companies mc  (cost=0.00..57926.93 rows=96897 width=0) (actual time=325.151..712.363 rows=190866 loops=1)
  Filter: ((company_id > 116395) AND (company_type_id = 2))
  Rows Removed by Filter: 2418263
Planning time: 2.711 ms
Execution time: 742.721 ms
