Seq Scan on movie_keyword mk  (cost=0.00..81003.12 rows=1458415 width=0) (actual time=0.024..1408.774 rows=1475406 loops=1)
  Filter: (keyword_id < 2105)
  Rows Removed by Filter: 3048524
Planning time: 0.232 ms
Execution time: 1587.534 ms
