Nested Loop  (cost=0.43..709671.90 rows=500 width=0) (actual time=158.499..9180.512 rows=94 loops=1)
  ->  Seq Scan on cast_info ci  (cost=0.00..705507.15 rows=500 width=4) (actual time=158.399..9177.953 rows=94 loops=1)
        Filter: (person_id = 774705)
        Rows Removed by Filter: 36244250
  ->  Index Only Scan using title_pkey on title t  (cost=0.43..8.32 rows=1 width=4) (actual time=0.025..0.026 rows=1 loops=94)
        Index Cond: (id = ci.movie_id)
        Heap Fetches: 94
Planning time: 0.755 ms
Execution time: 9180.601 ms
