Hash Join  (cost=74498.58..161976.30 rows=81968 width=0) (actual time=1307.365..3214.795 rows=175014 loops=1)
  Hash Cond: (mk.movie_id = t.id)
  ->  Seq Scan on movie_keyword mk  (cost=0.00..69693.30 rows=4523930 width=4) (actual time=0.022..981.227 rows=4523930 loops=1)
  ->  Hash  (cost=73925.90..73925.90 rows=45814 width=4) (actual time=1306.993..1306.993 rows=55711 loops=1)
        Buckets: 65536  Batches: 1  Memory Usage: 2471kB
        ->  Seq Scan on title t  (cost=0.00..73925.90 rows=45814 width=4) (actual time=176.771..1285.617 rows=55711 loops=1)
              Filter: ((production_year > 2005) AND (kind_id = 4))
              Rows Removed by Filter: 2472601
Planning time: 0.827 ms
Execution time: 3238.175 ms
