Seq Scan on movie_keyword mk  (cost=0.00..81003.12 rows=640555 width=0) (actual time=0.031..1320.537 rows=652158 loops=1)
  Filter: (keyword_id > 28823)
  Rows Removed by Filter: 3871772
Planning time: 0.318 ms
Execution time: 1409.245 ms
