Hash Join  (cost=832324.71..912355.68 rows=361344 width=0) (actual time=37438.273..41907.403 rows=795689 loops=1)
  Hash Cond: (mc.movie_id = t.id)
  ->  Seq Scan on movie_companies mc  (cost=0.00..44881.29 rows=2609129 width=4) (actual time=0.025..2899.871 rows=2609129 loops=1)
  ->  Hash  (cost=826579.45..826579.45 rows=350181 width=8) (actual time=37437.405..37437.405 rows=316118 loops=1)
        Buckets: 131072  Batches: 8  Memory Usage: 2568kB
        ->  Hash Join  (cost=102767.86..826579.45 rows=350181 width=8) (actual time=21388.641..37343.879 rows=316118 loops=1)
              Hash Cond: (ci.movie_id = t.id)
              ->  Seq Scan on cast_info ci  (cost=0.00..705507.15 rows=350181 width=4) (actual time=17460.102..32727.843 rows=316118 loops=1)
                    Filter: (role_id > 10)
                    Rows Removed by Filter: 35928226
              ->  Hash  (cost=61283.27..61283.27 rows=2528527 width=4) (actual time=3927.472..3927.472 rows=2528312 loops=1)
                    Buckets: 131072  Batches: 64  Memory Usage: 2415kB
                    ->  Seq Scan on title t  (cost=0.00..61283.27 rows=2528527 width=4) (actual time=0.025..3049.914 rows=2528312 loops=1)
Planning time: 1.334 ms
Execution time: 42013.309 ms
