Hash Join  (cost=102767.86..245762.32 rows=2165744 width=0) (actual time=1961.028..5487.459 rows=2169032 loops=1)
  Hash Cond: (mk.movie_id = t.id)
  ->  Seq Scan on movie_keyword mk  (cost=0.00..81003.12 rows=2165744 width=4) (actual time=0.023..1644.645 rows=2169032 loops=1)
        Filter: (keyword_id < 4196)
        Rows Removed by Filter: 2354898
  ->  Hash  (cost=61283.27..61283.27 rows=2528527 width=4) (actual time=1959.168..1959.168 rows=2528312 loops=1)
        Buckets: 131072  Batches: 64  Memory Usage: 2425kB
        ->  Seq Scan on title t  (cost=0.00..61283.27 rows=2528527 width=4) (actual time=0.017..1094.704 rows=2528312 loops=1)
Planning time: 0.732 ms
Execution time: 5719.163 ms
