Hash Join  (cost=95693.05..222979.08 rows=1282911 width=0) (actual time=2178.298..5481.927 rows=301196 loops=1)
  Hash Cond: (mk.movie_id = t.id)
  ->  Seq Scan on movie_keyword mk  (cost=0.00..81003.12 rows=2445011 width=4) (actual time=0.020..1574.444 rows=2445213 loops=1)
        Filter: (keyword_id < 5828)
        Rows Removed by Filter: 2078717
  ->  Hash  (cost=73925.90..73925.90 rows=1326732 width=4) (actual time=1993.058..1993.058 rows=1405802 loops=1)
        Buckets: 131072  Batches: 32  Memory Usage: 2576kB
        ->  Seq Scan on title t  (cost=0.00..73925.90 rows=1326732 width=4) (actual time=0.013..1516.236 rows=1405802 loops=1)
              Filter: ((production_year > 1963) AND (kind_id = 7))
              Rows Removed by Filter: 1122510
Planning time: 0.585 ms
Execution time: 5516.349 ms
