Seq Scan on movie_keyword mk  (cost=0.00..81003.12 rows=2181859 width=0) (actual time=0.018..1494.022 rows=2182183 loops=1)
  Filter: (keyword_id < 4314)
  Rows Removed by Filter: 2341747
Planning time: 0.244 ms
Execution time: 1770.617 ms
