Hash Join  (cost=126016.11..251896.96 rows=375785 width=0) (actual time=2804.614..7115.387 rows=4058194 loops=1)
  Hash Cond: (mk.movie_id = t.id)
  ->  Seq Scan on movie_keyword mk  (cost=0.00..81003.12 rows=3463432 width=4) (actual time=0.013..1766.079 rows=3455492 loops=1)
        Filter: (keyword_id < 16500)
        Rows Removed by Filter: 1068438
  ->  Hash  (cost=121514.77..121514.77 rows=274347 width=8) (actual time=2803.817..2803.817 rows=495132 loops=1)
        Buckets: 131072 (originally 131072)  Batches: 8 (originally 4)  Memory Usage: 3466kB
        ->  Hash Join  (cost=80042.24..121514.77 rows=274347 width=8) (actual time=1415.065..2654.441 rows=495132 loops=1)
              Hash Cond: (mi_idx.movie_id = t.id)
              ->  Seq Scan on movie_info_idx mi_idx  (cost=0.00..25185.44 rows=915101 width=4) (actual time=0.014..535.189 rows=919850 loops=1)
                    Filter: (info_type_id < 101)
                    Rows Removed by Filter: 460185
              ->  Hash  (cost=67604.59..67604.59 rows=758052 width=4) (actual time=1413.286..1413.286 rows=753677 loops=1)
                    Buckets: 131072  Batches: 16  Memory Usage: 2677kB
                    ->  Seq Scan on title t  (cost=0.00..67604.59 rows=758052 width=4) (actual time=0.023..1185.506 rows=753677 loops=1)
                          Filter: (kind_id < 3)
                          Rows Removed by Filter: 1774635
Planning time: 0.801 ms
Execution time: 7597.372 ms
