Hash Join  (cost=158071.34..284928.17 rows=398479 width=0) (actual time=3021.827..8038.274 rows=6054085 loops=1)
  Hash Cond: (mk.movie_id = t.id)
  ->  Seq Scan on movie_keyword mk  (cost=0.00..69693.30 rows=4523930 width=4) (actual time=0.013..1508.485 rows=4523930 loops=1)
  ->  Hash  (cost=154417.35..154417.35 rows=222719 width=8) (actual time=3020.983..3020.983 rows=295613 loops=1)
        Buckets: 131072  Batches: 4  Memory Usage: 3940kB
        ->  Hash Join  (cost=83810.17..154417.35 rows=222719 width=8) (actual time=1544.625..2927.819 rows=295613 loops=1)
              Hash Cond: (mc.movie_id = t.id)
              ->  Seq Scan on movie_companies mc  (cost=0.00..57926.93 rows=570148 width=4) (actual time=89.425..1045.004 rows=295613 loops=1)
                    Filter: ((company_id > 12788) AND (company_type_id < 2))
                    Rows Removed by Filter: 2313516
              ->  Hash  (cost=67604.59..67604.59 rows=987727 width=4) (actual time=1454.357..1454.357 rows=985048 loops=1)
                    Buckets: 131072  Batches: 16  Memory Usage: 3188kB
                    ->  Seq Scan on title t  (cost=0.00..67604.59 rows=987727 width=4) (actual time=0.027..1142.249 rows=985048 loops=1)
                          Filter: (kind_id < 7)
                          Rows Removed by Filter: 1543264
Planning time: 1.175 ms
Execution time: 8798.600 ms
