Hash Join  (cost=101955.95..720984.73 rows=10388208 width=0) (actual time=2091.606..17968.806 rows=9478820 loops=1)
  Hash Cond: (mi.movie_id = t.id)
  ->  Seq Scan on movie_info mi  (cost=0.00..346232.03 rows=12545135 width=4) (actual time=0.015..6971.956 rows=12601870 loops=1)
        Filter: (info_type_id < 17)
        Rows Removed by Filter: 2233850
  ->  Hash  (cost=67604.59..67604.59 rows=2093789 width=4) (actual time=2090.098..2090.098 rows=2089788 loops=1)
        Buckets: 131072  Batches: 32  Memory Usage: 3333kB
        ->  Seq Scan on title t  (cost=0.00..67604.59 rows=2093789 width=4) (actual time=0.015..1380.067 rows=2089788 loops=1)
              Filter: (production_year > 1969)
              Rows Removed by Filter: 438524
Planning time: 1.210 ms
Execution time: 18921.226 ms
