Seq Scan on cast_info ci  (cost=0.00..796071.18 rows=18370938 width=0) (actual time=0.024..16476.958 rows=21029044 loops=1)
  Filter: ((person_id < 2361204) AND (role_id < 8))
  Rows Removed by Filter: 15215300
Planning time: 0.341 ms
Execution time: 19121.122 ms
