Seq Scan on movie_keyword mk  (cost=0.00..81003.12 rows=3136003 width=0) (actual time=0.026..1565.962 rows=3122230 loops=1)
  Filter: (keyword_id > 1904)
  Rows Removed by Filter: 1401700
Planning time: 0.347 ms
Execution time: 1978.491 ms
