Hash Join  (cost=156209.36..249487.27 rows=141154 width=0) (actual time=3181.791..5486.154 rows=610838 loops=1)
  Hash Cond: (mk.movie_id = t.id)
  ->  Seq Scan on movie_keyword mk  (cost=0.00..81003.12 rows=785933 width=4) (actual time=0.021..1434.357 rows=792191 loops=1)
        Filter: (keyword_id > 23608)
        Rows Removed by Filter: 3731739
  ->  Hash  (cost=148758.81..148758.81 rows=454124 width=8) (actual time=3180.984..3180.984 rows=459925 loops=1)
        Buckets: 131072  Batches: 8  Memory Usage: 3284kB
        ->  Hash Join  (cost=102767.86..148758.81 rows=454124 width=8) (actual time=1943.914..3058.675 rows=459925 loops=1)
              Hash Cond: (mi_idx.movie_id = t.id)
              ->  Seq Scan on movie_info_idx mi_idx  (cost=0.00..25185.44 rows=454124 width=4) (actual time=0.020..427.927 rows=459925 loops=1)
                    Filter: (info_type_id = 100)
                    Rows Removed by Filter: 920110
              ->  Hash  (cost=61283.27..61283.27 rows=2528527 width=4) (actual time=1942.496..1942.496 rows=2528312 loops=1)
                    Buckets: 131072  Batches: 64  Memory Usage: 2415kB
                    ->  Seq Scan on title t  (cost=0.00..61283.27 rows=2528527 width=4) (actual time=0.012..1095.116 rows=2528312 loops=1)
Planning time: 1.133 ms
Execution time: 5557.610 ms
