Seq Scan on title t  (cost=0.00..73925.90 rows=258797 width=0) (actual time=0.021..2502.002 rows=227847 loops=1)
  Filter: ((kind_id < 7) AND (production_year > 2008))
  Rows Removed by Filter: 2300465
Planning time: 0.331 ms
Execution time: 2548.696 ms
