Hash Join  (cost=102767.86..222863.31 rows=1214051 width=0) (actual time=2033.186..4798.621 rows=1221463 loops=1)
  Hash Cond: (mk.movie_id = t.id)
  ->  Seq Scan on movie_keyword mk  (cost=0.00..81003.12 rows=1214051 width=4) (actual time=9.856..1508.115 rows=1221463 loops=1)
        Filter: (keyword_id < 1537)
        Rows Removed by Filter: 3302467
  ->  Hash  (cost=61283.27..61283.27 rows=2528527 width=4) (actual time=2021.554..2021.554 rows=2528312 loops=1)
        Buckets: 131072  Batches: 64  Memory Usage: 2425kB
        ->  Seq Scan on title t  (cost=0.00..61283.27 rows=2528527 width=4) (actual time=0.021..1157.937 rows=2528312 loops=1)
Planning time: 0.599 ms
Execution time: 4922.658 ms
