Hash Join  (cost=755313.42..2288512.45 rows=41935068 width=0) (actual time=19695.722..59795.709 rows=61146455 loops=1)
  Hash Cond: (ci.movie_id = t.id)
  ->  Seq Scan on cast_info ci  (cost=0.00..796071.18 rows=15244906 width=4) (actual time=1057.469..15598.354 rows=13589338 loops=1)
        Filter: ((person_id > 1302634) AND (role_id < 4))
        Rows Removed by Filter: 22655006
  ->  Hash  (cost=641201.30..641201.30 rows=6955369 width=8) (actual time=18637.403..18637.403 rows=5911438 loops=1)
        Buckets: 131072  Batches: 128  Memory Usage: 2844kB
        ->  Hash Join  (cost=87180.69..641201.30 rows=6955369 width=8) (actual time=1551.171..16952.951 rows=5911438 loops=1)
              Hash Cond: (mi.movie_id = t.id)
              ->  Seq Scan on movie_info mi  (cost=0.00..309384.22 rows=14739122 width=4) (actual time=0.028..6200.256 rows=14835720 loops=1)
              ->  Hash  (cost=67604.59..67604.59 rows=1193208 width=4) (actual time=1550.377..1550.377 rows=1192518 loops=1)
                    Buckets: 131072  Batches: 16  Memory Usage: 3653kB
                    ->  Seq Scan on title t  (cost=0.00..67604.59 rows=1193208 width=4) (actual time=0.023..1162.088 rows=1192518 loops=1)
                          Filter: (production_year > 2003)
                          Rows Removed by Filter: 1335794
Planning time: 1.195 ms
Execution time: 66541.973 ms
