Hash Join  (cost=84005.63..155714.88 rows=310895 width=0) (actual time=1258.696..3094.331 rows=458924 loops=1)
  Hash Cond: (mc.movie_id = t.id)
  ->  Seq Scan on movie_companies mc  (cost=0.00..51404.11 rows=1279517 width=4) (actual time=37.929..1060.371 rows=1274246 loops=1)
        Filter: (company_type_id < 2)
        Rows Removed by Filter: 1334883
  ->  Hash  (cost=73925.90..73925.90 rows=614378 width=4) (actual time=1219.859..1219.859 rows=520376 loops=1)
        Buckets: 131072  Batches: 16  Memory Usage: 2162kB
        ->  Seq Scan on title t  (cost=0.00..73925.90 rows=614378 width=4) (actual time=0.030..1049.001 rows=520376 loops=1)
              Filter: ((kind_id < 7) AND (production_year > 1996))
              Rows Removed by Filter: 2007936
Planning time: 0.778 ms
Execution time: 3150.842 ms
