Hash Join  (cost=83810.17..214837.86 rows=1165806 width=0) (actual time=1497.614..5130.236 rows=2567208 loops=1)
  Hash Cond: (mk.movie_id = t.id)
  ->  Seq Scan on movie_keyword mk  (cost=0.00..81003.12 rows=2984400 width=4) (actual time=0.020..1709.502 rows=2969279 loops=1)
        Filter: (keyword_id < 10140)
        Rows Removed by Filter: 1554651
  ->  Hash  (cost=67604.59..67604.59 rows=987727 width=4) (actual time=1496.637..1496.637 rows=985048 loops=1)
        Buckets: 131072  Batches: 16  Memory Usage: 3197kB
        ->  Seq Scan on title t  (cost=0.00..67604.59 rows=987727 width=4) (actual time=0.014..1187.427 rows=985048 loops=1)
              Filter: (kind_id < 7)
              Rows Removed by Filter: 1543264
Planning time: 0.609 ms
Execution time: 5382.473 ms
