Hash Join  (cost=181261.96..678018.21 rows=1588530 width=0) (actual time=3538.013..19254.589 rows=13874052 loops=1)
  Hash Cond: (mi.movie_id = t.id)
  ->  Seq Scan on movie_info mi  (cost=0.00..309384.22 rows=14739122 width=4) (actual time=0.011..6418.938 rows=14835720 loops=1)
  ->  Hash  (cost=176790.51..176790.51 rows=272516 width=8) (actual time=3537.187..3537.187 rows=376357 loops=1)
        Buckets: 131072 (originally 131072)  Batches: 8 (originally 4)  Memory Usage: 3073kB
        ->  Hash Join  (cost=77561.16..176790.51 rows=272516 width=8) (actual time=1244.905..3427.076 rows=376357 loops=1)
              Hash Cond: (mk.movie_id = t.id)
              ->  Seq Scan on movie_keyword mk  (cost=0.00..81003.12 rows=1135483 width=4) (actual time=0.022..1460.912 rows=1142414 loops=1)
                    Filter: (keyword_id < 1301)
                    Rows Removed by Filter: 3381516
              ->  Hash  (cost=67604.59..67604.59 rows=606846 width=4) (actual time=1244.151..1244.151 rows=603411 loops=1)
                    Buckets: 131072  Batches: 8  Memory Usage: 3675kB
                    ->  Seq Scan on title t  (cost=0.00..67604.59 rows=606846 width=4) (actual time=0.014..1050.701 rows=603411 loops=1)
                          Filter: (production_year < 1986)
                          Rows Removed by Filter: 1924901
Planning time: 1.261 ms
Execution time: 20724.193 ms
