Hash Join  (cost=217382.33..1421409.30 rows=16570480 width=0) (actual time=5222.762..44102.165 rows=24272711 loops=1)
  Hash Cond: (ci.movie_id = t.id)
  ->  Seq Scan on cast_info ci  (cost=0.00..614943.12 rows=36225612 width=4) (actual time=0.025..12737.651 rows=36244344 loops=1)
  ->  Hash  (cost=198405.71..198405.71 rows=1156610 width=8) (actual time=5221.779..5221.779 rows=992897 loops=1)
        Buckets: 131072  Batches: 16  Memory Usage: 3435kB
        ->  Hash Join  (cost=102767.86..198405.71 rows=1156610 width=8) (actual time=2657.408..4930.185 rows=992897 loops=1)
              Hash Cond: (mc.movie_id = t.id)
              ->  Seq Scan on movie_companies mc  (cost=0.00..57926.93 rows=1156610 width=4) (actual time=58.857..1085.786 rows=992897 loops=1)
                    Filter: ((company_id < 89087) AND (company_type_id = 2))
                    Rows Removed by Filter: 1616232
              ->  Hash  (cost=61283.27..61283.27 rows=2528527 width=4) (actual time=2597.143..2597.143 rows=2528312 loops=1)
                    Buckets: 131072  Batches: 64  Memory Usage: 2415kB
                    ->  Seq Scan on title t  (cost=0.00..61283.27 rows=2528527 width=4) (actual time=0.037..1033.418 rows=2528312 loops=1)
Planning time: 1.203 ms
Execution time: 46913.562 ms
