Seq Scan on movie_companies mc  (cost=0.00..51404.11 rows=698345 width=0) (actual time=0.016..850.319 rows=703122 loops=1)
  Filter: (company_id > 44916)
  Rows Removed by Filter: 1906007
Planning time: 0.301 ms
Execution time: 939.348 ms
