Hash Join  (cost=83074.74..137742.81 rows=254 width=0) (actual time=1467.531..2618.317 rows=25059 loops=1)
  Hash Cond: (mc.movie_id = t.id)
  ->  Seq Scan on movie_companies mc  (cost=0.00..44881.29 rows=2609129 width=4) (actual time=0.022..654.835 rows=2609129 loops=1)
  ->  Hash  (cost=83071.67..83071.67 rows=246 width=8) (actual time=1467.375..1467.375 rows=2237 loops=1)
        Buckets: 4096 (originally 1024)  Batches: 1 (originally 1)  Memory Usage: 120kB
        ->  Nested Loop  (cost=0.43..83071.67 rows=246 width=8) (actual time=1.686..1465.739 rows=2237 loops=1)
              ->  Seq Scan on movie_keyword mk  (cost=0.00..81003.12 rows=246 width=4) (actual time=0.246..1370.827 rows=2237 loops=1)
                    Filter: (keyword_id = 1941)
                    Rows Removed by Filter: 4521693
              ->  Index Only Scan using title_pkey on title t  (cost=0.43..8.40 rows=1 width=4) (actual time=0.041..0.041 rows=1 loops=2237)
                    Index Cond: (id = mk.movie_id)
                    Heap Fetches: 2237
Planning time: 1.096 ms
Execution time: 2621.884 ms
