Hash Join  (cost=174865.45..1037677.97 rows=1505787 width=0) (actual time=3755.754..23472.764 rows=6433324 loops=1)
  Hash Cond: (ci.movie_id = t.id)
  ->  Seq Scan on cast_info ci  (cost=0.00..796071.18 rows=4160658 width=4) (actual time=0.023..13535.609 rows=8020354 loops=1)
        Filter: ((person_id > 2439419) AND (role_id > 3))
        Rows Removed by Filter: 28223990
  ->  Hash  (cost=159851.69..159851.69 rows=915101 width=8) (actual time=3754.949..3754.949 rows=919850 loops=1)
        Buckets: 131072  Batches: 16  Memory Usage: 3269kB
        ->  Hash Join  (cost=102767.86..159851.69 rows=915101 width=8) (actual time=1975.420..3524.951 rows=919850 loops=1)
              Hash Cond: (mi_idx.movie_id = t.id)
              ->  Seq Scan on movie_info_idx mi_idx  (cost=0.00..25185.44 rows=915101 width=4) (actual time=0.014..510.878 rows=919850 loops=1)
                    Filter: (info_type_id < 101)
                    Rows Removed by Filter: 460185
              ->  Hash  (cost=61283.27..61283.27 rows=2528527 width=4) (actual time=1973.875..1973.875 rows=2528312 loops=1)
                    Buckets: 131072  Batches: 64  Memory Usage: 2415kB
                    ->  Seq Scan on title t  (cost=0.00..61283.27 rows=2528527 width=4) (actual time=0.016..1125.740 rows=2528312 loops=1)
Planning time: 3.743 ms
Execution time: 24139.780 ms
