Seq Scan on movie_keyword mk  (cost=0.00..81003.12 rows=246 width=0) (actual time=4.985..1228.395 rows=218 loops=1)
  Filter: (keyword_id = 11426)
  Rows Removed by Filter: 4523712
Planning time: 0.375 ms
Execution time: 1228.617 ms
