Hash Join  (cost=238552.57..787368.67 rows=6467517 width=0) (actual time=5029.378..29249.498 rows=49413318 loops=1)
  Hash Cond: (mi.movie_id = t.id)
  ->  Seq Scan on movie_info mi  (cost=0.00..309384.22 rows=14739122 width=4) (actual time=0.014..6031.669 rows=14835720 loops=1)
  ->  Hash  (cost=220348.62..220348.62 rows=1109516 width=8) (actual time=5027.528..5027.528 rows=1118298 loops=1)
        Buckets: 131072  Batches: 16  Memory Usage: 3864kB
        ->  Hash Join  (cost=102767.86..220348.62 rows=1109516 width=8) (actual time=1995.224..4723.140 rows=1118298 loops=1)
              Hash Cond: (mk.movie_id = t.id)
              ->  Seq Scan on movie_keyword mk  (cost=0.00..81003.12 rows=1109516 width=4) (actual time=0.021..1483.034 rows=1118298 loops=1)
                    Filter: (keyword_id < 1174)
                    Rows Removed by Filter: 3405632
              ->  Hash  (cost=61283.27..61283.27 rows=2528527 width=4) (actual time=1994.117..1994.117 rows=2528312 loops=1)
                    Buckets: 131072  Batches: 64  Memory Usage: 2425kB
                    ->  Seq Scan on title t  (cost=0.00..61283.27 rows=2528527 width=4) (actual time=0.015..1135.494 rows=2528312 loops=1)
Planning time: 1.122 ms
Execution time: 34307.348 ms
