Hash Join  (cost=102767.86..164871.98 rows=34093 width=0) (actual time=5470.977..8093.614 rows=36136 loops=1)
  Hash Cond: (mc.movie_id = t.id)
  ->  Seq Scan on movie_companies mc  (cost=0.00..51404.11 rows=34093 width=4) (actual time=0.132..1887.726 rows=36136 loops=1)
        Filter: (company_id = 160)
        Rows Removed by Filter: 2572993
  ->  Hash  (cost=61283.27..61283.27 rows=2528527 width=4) (actual time=5312.698..5312.698 rows=2528312 loops=1)
        Buckets: 131072  Batches: 64  Memory Usage: 2415kB
        ->  Seq Scan on title t  (cost=0.00..61283.27 rows=2528527 width=4) (actual time=0.011..3769.862 rows=2528312 loops=1)
Planning time: 0.656 ms
Execution time: 8097.924 ms
