Hash Join  (cost=144899.60..215790.85 rows=264695 width=0) (actual time=3319.191..4670.615 rows=298869 loops=1)
  Hash Cond: (mc.movie_id = t.id)
  ->  Seq Scan on movie_companies mc  (cost=0.00..51404.11 rows=1279517 width=4) (actual time=287.292..1006.110 rows=1274246 loops=1)
        Filter: (company_type_id < 2)
        Rows Removed by Filter: 1334883
  ->  Hash  (cost=136317.11..136317.11 rows=523079 width=8) (actual time=3030.951..3030.951 rows=267702 loops=1)
        Buckets: 131072  Batches: 8  Memory Usage: 2326kB
        ->  Hash Join  (cost=89649.84..136317.11 rows=523079 width=8) (actual time=1880.340..2950.292 rows=267702 loops=1)
              Hash Cond: (mi_idx.movie_id = t.id)
              ->  Seq Scan on movie_info_idx mi_idx  (cost=0.00..21735.35 rows=1380035 width=4) (actual time=0.030..447.512 rows=1380035 loops=1)
              ->  Hash  (cost=73925.90..73925.90 rows=958395 width=4) (actual time=1618.888..1618.888 rows=1050192 loops=1)
                    Buckets: 131072  Batches: 16  Memory Usage: 3340kB
                    ->  Seq Scan on title t  (cost=0.00..73925.90 rows=958395 width=4) (actual time=0.026..1289.939 rows=1050192 loops=1)
                          Filter: ((production_year > 1996) AND (kind_id = 7))
                          Rows Removed by Filter: 1478120
Planning time: 1.216 ms
Execution time: 4707.032 ms
