Hash Join  (cost=127531.10..255914.04 rows=523691 width=0) (actual time=2717.031..6575.645 rows=3252042 loops=1)
  Hash Cond: (mk.movie_id = t.id)
  ->  Seq Scan on movie_keyword mk  (cost=0.00..69693.30 rows=4523930 width=4) (actual time=0.018..1427.591 rows=4523930 loops=1)
  ->  Hash  (cost=122728.31..122728.31 rows=292703 width=8) (actual time=2716.216..2716.216 rows=363858 loops=1)
        Buckets: 131072 (originally 131072)  Batches: 8 (originally 4)  Memory Usage: 3073kB
        ->  Hash Join  (cost=80874.21..122728.31 rows=292703 width=8) (actual time=1399.814..2600.804 rows=363858 loops=1)
              Hash Cond: (mi_idx.movie_id = t.id)
              ->  Seq Scan on movie_info_idx mi_idx  (cost=0.00..25185.44 rows=915101 width=4) (actual time=0.017..523.380 rows=919850 loops=1)
                    Filter: (info_type_id < 101)
                    Rows Removed by Filter: 460185
              ->  Hash  (cost=67604.59..67604.59 rows=808770 width=4) (actual time=1399.124..1399.124 rows=812704 loops=1)
                    Buckets: 131072  Batches: 16  Memory Usage: 2812kB
                    ->  Seq Scan on title t  (cost=0.00..67604.59 rows=808770 width=4) (actual time=0.023..1134.252 rows=812704 loops=1)
                          Filter: (production_year < 1995)
                          Rows Removed by Filter: 1715608
Planning time: 0.944 ms
Execution time: 6896.255 ms
