Hash Join  (cost=100948.70..187651.00 rows=4426 width=0) (actual time=3083.255..3427.602 rows=8655 loops=1)
  Hash Cond: (mk.movie_id = t.id)
  ->  Seq Scan on movie_keyword mk  (cost=0.00..69693.30 rows=4523930 width=4) (actual time=0.019..943.837 rows=4523930 loops=1)
  ->  Hash  (cost=100917.78..100917.78 rows=2474 width=8) (actual time=1677.168..1677.168 rows=4131 loops=1)
        Buckets: 8192 (originally 4096)  Batches: 1 (originally 1)  Memory Usage: 226kB
        ->  Hash Join  (cost=73982.55..100917.78 rows=2474 width=8) (actual time=1462.101..1675.531 rows=4131 loops=1)
              Hash Cond: (mi_idx.movie_id = t.id)
              ->  Seq Scan on movie_info_idx mi_idx  (cost=0.00..21735.35 rows=1380035 width=4) (actual time=0.016..269.983 rows=1380035 loops=1)
              ->  Hash  (cost=73925.90..73925.90 rows=4532 width=4) (actual time=1129.745..1129.745 rows=11588 loops=1)
                    Buckets: 16384 (originally 8192)  Batches: 1 (originally 1)  Memory Usage: 536kB
                    ->  Seq Scan on title t  (cost=0.00..73925.90 rows=4532 width=4) (actual time=0.172..1124.094 rows=11588 loops=1)
                          Filter: ((kind_id = 7) AND (production_year = 1986))
                          Rows Removed by Filter: 2516724
Planning time: 1.163 ms
Execution time: 3428.827 ms
