Hash Join  (cost=102767.86..258171.38 rows=2681378 width=0) (actual time=2025.699..6390.585 rows=2669259 loops=1)
  Hash Cond: (mk.movie_id = t.id)
  ->  Seq Scan on movie_keyword mk  (cost=0.00..81003.12 rows=2681378 width=4) (actual time=0.028..1722.340 rows=2669259 loops=1)
        Filter: (keyword_id > 3085)
        Rows Removed by Filter: 1854671
  ->  Hash  (cost=61283.27..61283.27 rows=2528527 width=4) (actual time=2022.340..2022.340 rows=2528312 loops=1)
        Buckets: 131072  Batches: 64  Memory Usage: 2425kB
        ->  Seq Scan on title t  (cost=0.00..61283.27 rows=2528527 width=4) (actual time=0.016..1154.898 rows=2528312 loops=1)
Planning time: 0.711 ms
Execution time: 6694.840 ms
