Hash Join  (cost=80380.17..1228786.00 rows=11156066 width=0) (actual time=1353.948..35509.097 rows=10235401 loops=1)
  Hash Cond: (ci.movie_id = t.id)
  ->  Seq Scan on cast_info ci  (cost=0.00..614943.12 rows=36225612 width=4) (actual time=0.012..13648.535 rows=36244344 loops=1)
  ->  Hash  (cost=67604.59..67604.59 rows=778687 width=4) (actual time=1353.041..1353.041 rows=782677 loops=1)
        Buckets: 131072  Batches: 16  Memory Usage: 2744kB
        ->  Seq Scan on title t  (cost=0.00..67604.59 rows=778687 width=4) (actual time=0.019..1103.450 rows=782677 loops=1)
              Filter: (production_year < 1994)
              Rows Removed by Filter: 1745635
Planning time: 0.765 ms
Execution time: 36692.675 ms
