Seq Scan on movie_companies mc  (cost=0.00..57926.93 rows=551664 width=0) (actual time=450.590..941.192 rows=270824 loops=1)
  Filter: ((company_id > 13456) AND (company_type_id = 1))
  Rows Removed by Filter: 2338305
Planning time: 0.414 ms
Execution time: 975.390 ms
