Seq Scan on movie_keyword mk  (cost=0.00..81003.12 rows=4121345 width=0) (actual time=0.026..1601.296 rows=4126932 loops=1)
  Filter: (keyword_id < 43566)
  Rows Removed by Filter: 396998
Planning time: 0.349 ms
Execution time: 2106.290 ms
