Seq Scan on cast_info ci  (cost=0.00..796071.18 rows=171402 width=0) (actual time=6818.492..13940.880 rows=243457 loops=1)
  Filter: ((person_id > 1828787) AND (role_id > 10))
  Rows Removed by Filter: 36000887
Planning time: 0.344 ms
Execution time: 13967.108 ms
