Seq Scan on movie_companies mc  (cost=0.00..57926.93 rows=1197447 width=0) (actual time=513.109..1153.332 rows=1275291 loops=1)
  Filter: ((company_id > 122) AND (company_type_id = 2))
  Rows Removed by Filter: 1333838
Planning time: 0.325 ms
Execution time: 1318.030 ms
