Hash Join  (cost=77406.83..204033.64 rows=379577 width=0) (actual time=3713.250..9215.652 rows=60957 loops=1)
  Hash Cond: (mk.movie_id = t.id)
  ->  Seq Scan on movie_keyword mk  (cost=0.00..69693.30 rows=4523930 width=4) (actual time=0.016..3720.004 rows=4523930 loops=1)
  ->  Hash  (cost=73925.90..73925.90 rows=212154 width=4) (actual time=3709.899..3709.899 rows=82748 loops=1)
        Buckets: 131072  Batches: 4  Memory Usage: 1757kB
        ->  Seq Scan on title t  (cost=0.00..73925.90 rows=212154 width=4) (actual time=0.053..3404.759 rows=82748 loops=1)
              Filter: ((kind_id > 1) AND (production_year < 1964))
              Rows Removed by Filter: 2445564
Planning time: 0.641 ms
Execution time: 9224.666 ms
