Hash Join  (cost=137771.32..1033224.41 rows=868698 width=0) (actual time=5667.562..20276.679 rows=1436249 loops=1)
  Hash Cond: (ci.movie_id = t.id)
  ->  Seq Scan on cast_info ci  (cost=0.00..796071.18 rows=7747978 width=4) (actual time=2673.624..14236.906 rows=4806631 loops=1)
        Filter: ((person_id < 1699803) AND (role_id > 2))
        Rows Removed by Filter: 31437713
  ->  Hash  (cost=133119.61..133119.61 rows=283497 width=8) (actual time=2993.103..2993.103 rows=336821 loops=1)
        Buckets: 131072 (originally 131072)  Batches: 8 (originally 4)  Memory Usage: 3073kB
        ->  Hash Join  (cost=93117.31..133119.61 rows=283497 width=8) (actual time=1768.687..2886.736 rows=336821 loops=1)
              Hash Cond: (mi_idx.movie_id = t.id)
              ->  Seq Scan on movie_info_idx mi_idx  (cost=0.00..25185.44 rows=460978 width=4) (actual time=0.032..516.071 rows=459925 loops=1)
                    Filter: (info_type_id = 99)
                    Rows Removed by Filter: 920110
              ->  Hash  (cost=67604.59..67604.59 rows=1555018 width=4) (actual time=1767.715..1767.715 rows=1551727 loops=1)
                    Buckets: 131072  Batches: 32  Memory Usage: 2728kB
                    ->  Seq Scan on title t  (cost=0.00..67604.59 rows=1555018 width=4) (actual time=0.014..1267.109 rows=1551727 loops=1)
                          Filter: (production_year < 2007)
                          Rows Removed by Filter: 976585
Planning time: 2.601 ms
Execution time: 20452.125 ms
