Hash Join  (cost=148951.65..1008551.77 rows=644525 width=0) (actual time=8062.280..22191.780 rows=905584 loops=1)
  Hash Cond: (ci.movie_id = t.id)
  ->  Seq Scan on cast_info ci  (cost=0.00..705507.15 rows=12726058 width=4) (actual time=5368.654..14589.653 rows=12670688 loops=1)
        Filter: (role_id < 2)
        Rows Removed by Filter: 23573656
  ->  Hash  (cost=146849.90..146849.90 rows=128060 width=8) (actual time=2692.631..2692.631 rows=111111 loops=1)
        Buckets: 131072  Batches: 2  Memory Usage: 3200kB
        ->  Hash Join  (cost=79677.10..146849.90 rows=128060 width=8) (actual time=1691.204..2657.081 rows=111111 loops=1)
              Hash Cond: (mc.movie_id = t.id)
              ->  Seq Scan on movie_companies mc  (cost=0.00..57926.93 rows=440070 width=4) (actual time=260.266..969.970 rows=251286 loops=1)
                    Filter: ((company_id < 2473) AND (company_type_id > 1))
                    Rows Removed by Filter: 2357843
              ->  Hash  (cost=67604.59..67604.59 rows=735801 width=4) (actual time=1429.906..1429.906 rows=730985 loops=1)
                    Buckets: 131072  Batches: 16  Memory Usage: 2631kB
                    ->  Seq Scan on title t  (cost=0.00..67604.59 rows=735801 width=4) (actual time=0.025..1201.011 rows=730985 loops=1)
                          Filter: (production_year < 1992)
                          Rows Removed by Filter: 1797327
Planning time: 5.318 ms
Execution time: 22299.303 ms
