Seq Scan on movie_keyword mk  (cost=0.00..81003.12 rows=4115904 width=0) (actual time=0.014..1574.993 rows=4120992 loops=1)
  Filter: (keyword_id < 43084)
  Rows Removed by Filter: 402938
Planning time: 6.361 ms
Execution time: 2087.627 ms
