Seq Scan on movie_keyword mk  (cost=0.00..81003.12 rows=540756 width=0) (actual time=0.026..2126.768 rows=536883 loops=1)
  Filter: (keyword_id > 34225)
  Rows Removed by Filter: 3987047
Planning time: 0.276 ms
Execution time: 2198.329 ms
