Seq Scan on cast_info ci  (cost=0.00..796071.18 rows=3320909 width=0) (actual time=768.333..10023.628 rows=1384314 loops=1)
  Filter: ((person_id < 485211) AND (role_id > 1))
  Rows Removed by Filter: 34860030
Planning time: 0.387 ms
Execution time: 10183.646 ms
