Hash Join  (cost=52284.99..416946.98 rows=606 width=0) (actual time=865.553..8203.051 rows=8031 loops=1)
  Hash Cond: (mi.movie_id = t.id)
  ->  Seq Scan on movie_info mi  (cost=0.00..309384.22 rows=14739122 width=4) (actual time=0.015..4611.316 rows=14835720 loops=1)
  ->  Hash  (cost=52283.69..52283.69 rows=104 width=8) (actual time=863.880..863.880 rows=299 loops=1)
        Buckets: 1024  Batches: 1  Memory Usage: 20kB
        ->  Nested Loop  (cost=0.43..52283.69 rows=104 width=8) (actual time=321.063..863.668 rows=299 loops=1)
              ->  Seq Scan on movie_companies mc  (cost=0.00..51404.11 rows=104 width=4) (actual time=320.949..842.142 rows=299 loops=1)
                    Filter: (company_id = 74077)
                    Rows Removed by Filter: 2608830
              ->  Index Only Scan using title_pkey on title t  (cost=0.43..8.45 rows=1 width=4) (actual time=0.070..0.071 rows=1 loops=299)
                    Index Cond: (id = mc.movie_id)
                    Heap Fetches: 299
Planning time: 1.169 ms
Execution time: 8204.763 ms
