Seq Scan on movie_companies mc  (cost=0.00..57926.93 rows=3711 width=0) (actual time=5.223..865.556 rows=96 loops=1)
  Filter: ((company_type_id < 2) AND (company_id = 596))
  Rows Removed by Filter: 2609033
Planning time: 0.350 ms
Execution time: 865.693 ms
