Seq Scan on cast_info ci  (cost=0.00..796071.18 rows=2193747 width=0) (actual time=446.960..13877.343 rows=708991 loops=1)
  Filter: ((person_id < 1817435) AND (role_id = 10))
  Rows Removed by Filter: 35535353
Planning time: 0.648 ms
Execution time: 13970.171 ms
