Hash Join  (cost=97190.75..153479.02 rows=8598 width=0) (actual time=1247.537..1893.584 rows=27076 loops=1)
  Hash Cond: (mc.movie_id = t.id)
  ->  Seq Scan on movie_companies mc  (cost=0.00..51404.11 rows=1279517 width=4) (actual time=0.011..519.492 rows=1274246 loops=1)
        Filter: (company_type_id < 2)
        Rows Removed by Filter: 1334883
  ->  Hash  (cost=96978.38..96978.38 rows=16990 width=8) (actual time=1247.259..1247.259 rows=19186 loops=1)
        Buckets: 32768  Batches: 1  Memory Usage: 1006kB
        ->  Hash Join  (cost=68191.41..96978.38 rows=16990 width=8) (actual time=927.964..1242.892 rows=19186 loops=1)
              Hash Cond: (mi_idx.movie_id = t.id)
              ->  Seq Scan on movie_info_idx mi_idx  (cost=0.00..25185.44 rows=915101 width=4) (actual time=0.024..198.357 rows=919850 loops=1)
                    Filter: (info_type_id < 101)
                    Rows Removed by Filter: 460185
              ->  Hash  (cost=67604.59..67604.59 rows=46946 width=4) (actual time=927.545..927.545 rows=46583 loops=1)
                    Buckets: 65536  Batches: 1  Memory Usage: 2150kB
                    ->  Seq Scan on title t  (cost=0.00..67604.59 rows=46946 width=4) (actual time=0.015..910.617 rows=46583 loops=1)
                          Filter: (production_year = 1998)
                          Rows Removed by Filter: 2481729
Planning time: 3.421 ms
Execution time: 1896.063 ms
