Hash Join  (cost=165180.17..969563.20 rows=311990 width=0) (actual time=3406.405..24186.347 rows=572348 loops=1)
  Hash Cond: (ci.movie_id = t.id)
  ->  Seq Scan on cast_info ci  (cost=0.00..705507.15 rows=25534926 width=4) (actual time=0.023..13595.759 rows=25712357 loops=1)
        Filter: (person_id > 1033588)
        Rows Removed by Filter: 10531987
  ->  Hash  (cost=164794.00..164794.00 rows=30894 width=8) (actual time=3406.161..3406.161 rows=29589 loops=1)
        Buckets: 32768  Batches: 1  Memory Usage: 1412kB
        ->  Hash Join  (cost=102767.86..164794.00 rows=30894 width=8) (actual time=2844.348..3395.392 rows=29589 loops=1)
              Hash Cond: (mc.movie_id = t.id)
              ->  Seq Scan on movie_companies mc  (cost=0.00..51404.11 rows=30894 width=4) (actual time=710.538..833.963 rows=29589 loops=1)
                    Filter: (company_id > 208053)
                    Rows Removed by Filter: 2579540
              ->  Hash  (cost=61283.27..61283.27 rows=2528527 width=4) (actual time=2132.208..2132.208 rows=2528312 loops=1)
                    Buckets: 131072  Batches: 64  Memory Usage: 2415kB
                    ->  Seq Scan on title t  (cost=0.00..61283.27 rows=2528527 width=4) (actual time=0.020..1109.842 rows=2528312 loops=1)
Planning time: 1.283 ms
Execution time: 24270.460 ms
