Seq Scan on title t  (cost=0.00..73925.90 rows=25436 width=0) (actual time=0.049..1122.920 rows=28946 loops=1)
  Filter: ((kind_id > 2) AND (production_year = 1996))
  Rows Removed by Filter: 2499366
Planning time: 0.367 ms
Execution time: 1128.452 ms
