Hash Join  (cost=142963.03..230956.38 rows=133532 width=0) (actual time=2788.771..5941.770 rows=1604149 loops=1)
  Hash Cond: (mk.movie_id = t.id)
  ->  Seq Scan on movie_keyword mk  (cost=0.00..69693.30 rows=4523930 width=4) (actual time=0.018..1090.734 rows=4523930 loops=1)
  ->  Hash  (cost=142030.10..142030.10 rows=74634 width=8) (actual time=2787.957..2787.957 rows=191924 loops=1)
        Buckets: 131072 (originally 131072)  Batches: 4 (originally 1)  Memory Usage: 3073kB
        ->  Hash Join  (cost=83810.17..142030.10 rows=74634 width=8) (actual time=1713.102..2719.519 rows=191924 loops=1)
              Hash Cond: (mc.movie_id = t.id)
              ->  Seq Scan on movie_companies mc  (cost=0.00..51404.11 rows=191060 width=4) (actual time=267.503..954.282 rows=191924 loops=1)
                    Filter: (company_id > 116075)
                    Rows Removed by Filter: 2417205
              ->  Hash  (cost=67604.59..67604.59 rows=987727 width=4) (actual time=1444.768..1444.768 rows=985048 loops=1)
                    Buckets: 131072  Batches: 16  Memory Usage: 3188kB
                    ->  Seq Scan on title t  (cost=0.00..67604.59 rows=987727 width=4) (actual time=0.028..1136.149 rows=985048 loops=1)
                          Filter: (kind_id < 7)
                          Rows Removed by Filter: 1543264
Planning time: 1.125 ms
Execution time: 6119.544 ms
