Seq Scan on title t  (cost=0.00..67604.59 rows=7437 width=0) (actual time=287.167..1140.353 rows=8125 loops=1)
  Filter: (production_year = 1914)
  Rows Removed by Filter: 2520187
Planning time: 1.049 ms
Execution time: 1141.895 ms
