Seq Scan on movie_keyword mk  (cost=0.00..81003.12 rows=2016124 width=0) (actual time=0.016..1216.099 rows=2020338 loops=1)
  Filter: (keyword_id > 6123)
  Rows Removed by Filter: 2503592
Planning time: 0.315 ms
Execution time: 1438.760 ms
