Seq Scan on movie_keyword mk  (cost=0.00..81003.12 rows=2735379 width=0) (actual time=0.024..1548.493 rows=2727017 loops=1)
  Filter: (keyword_id < 7762)
  Rows Removed by Filter: 1796913
Planning time: 0.329 ms
Execution time: 1884.144 ms
