Seq Scan on cast_info ci  (cost=0.00..796071.18 rows=7276815 width=0) (actual time=689.917..14765.048 rows=12670688 loops=1)
  Filter: ((person_id < 2074528) AND (role_id = 1))
  Rows Removed by Filter: 23573656
Planning time: 0.431 ms
Execution time: 16271.045 ms
