Seq Scan on movie_keyword mk  (cost=0.00..81003.12 rows=246 width=0) (actual time=0.218..1520.509 rows=537 loops=1)
  Filter: (keyword_id = 1048)
  Rows Removed by Filter: 4523393
Planning time: 0.354 ms
Execution time: 1520.844 ms
