Hash Join  (cost=375523.51..2206593.59 rows=64386487 width=0) (actual time=8488.970..93487.975 rows=214079290 loops=1)
  Hash Cond: (ci.movie_id = t.id)
  ->  Seq Scan on cast_info ci  (cost=0.00..614943.12 rows=36225612 width=4) (actual time=0.021..13860.286 rows=36244344 loops=1)
  ->  Hash  (cost=301790.76..301790.76 rows=4494140 width=8) (actual time=8487.344..8487.344 rows=4497430 loops=1)
        Buckets: 131072  Batches: 64  Memory Usage: 3799kB
        ->  Hash Join  (cost=102767.86..301790.76 rows=4494140 width=8) (actual time=1879.080..7257.955 rows=4497430 loops=1)
              Hash Cond: (mk.movie_id = t.id)
              ->  Seq Scan on movie_keyword mk  (cost=0.00..81003.12 rows=4494140 width=4) (actual time=0.009..1806.121 rows=4497430 loops=1)
                    Filter: (keyword_id < 112774)
                    Rows Removed by Filter: 26500
              ->  Hash  (cost=61283.27..61283.27 rows=2528527 width=4) (actual time=1878.053..1878.053 rows=2528312 loops=1)
                    Buckets: 131072  Batches: 64  Memory Usage: 2425kB
                    ->  Seq Scan on title t  (cost=0.00..61283.27 rows=2528527 width=4) (actual time=0.022..1020.280 rows=2528312 loops=1)
Planning time: 1.128 ms
Execution time: 117470.476 ms
