Hash Join  (cost=102767.86..258148.21 rows=2680445 width=0) (actual time=1996.909..6220.184 rows=2666711 loops=1)
  Hash Cond: (mk.movie_id = t.id)
  ->  Seq Scan on movie_keyword mk  (cost=0.00..81003.12 rows=2680445 width=4) (actual time=0.028..1725.165 rows=2666711 loops=1)
        Filter: (keyword_id > 3089)
        Rows Removed by Filter: 1857219
  ->  Hash  (cost=61283.27..61283.27 rows=2528527 width=4) (actual time=1995.929..1995.929 rows=2528312 loops=1)
        Buckets: 131072  Batches: 64  Memory Usage: 2425kB
        ->  Seq Scan on title t  (cost=0.00..61283.27 rows=2528527 width=4) (actual time=0.022..1165.317 rows=2528312 loops=1)
Planning time: 0.694 ms
Execution time: 6530.309 ms
