Hash Join  (cost=131483.37..259240.81 rows=472341 width=0) (actual time=5971.758..9649.307 rows=339348 loops=1)
  Hash Cond: (mk.movie_id = t.id)
  ->  Seq Scan on movie_keyword mk  (cost=0.00..69693.30 rows=4523930 width=4) (actual time=0.019..4371.143 rows=4523930 loops=1)
  ->  Hash  (cost=127151.34..127151.34 rows=264002 width=8) (actual time=2952.831..2952.831 rows=148728 loops=1)
        Buckets: 131072  Batches: 4  Memory Usage: 2491kB
        ->  Hash Join  (cost=85894.26..127151.34 rows=264002 width=8) (actual time=1747.931..2904.595 rows=148728 loops=1)
              Hash Cond: (mi_idx.movie_id = t.id)
              ->  Seq Scan on movie_info_idx mi_idx  (cost=0.00..25185.44 rows=915101 width=4) (actual time=0.024..589.877 rows=919850 loops=1)
                    Filter: (info_type_id < 101)
                    Rows Removed by Filter: 460185
              ->  Hash  (cost=73925.90..73925.90 rows=729468 width=4) (actual time=1746.923..1746.923 rows=638430 loops=1)
                    Buckets: 131072  Batches: 16  Memory Usage: 2425kB
                    ->  Seq Scan on title t  (cost=0.00..73925.90 rows=729468 width=4) (actual time=0.012..1291.866 rows=638430 loops=1)
                          Filter: ((production_year < 2003) AND (kind_id = 7))
                          Rows Removed by Filter: 1889882
Planning time: 0.795 ms
Execution time: 9695.539 ms
