Hash Join  (cost=74449.67..183021.10 rows=323898 width=0) (actual time=1368.474..3844.437 rows=438139 loops=1)
  Hash Cond: (mk.movie_id = t.id)
  ->  Seq Scan on movie_keyword mk  (cost=0.00..81003.12 rows=1963018 width=4) (actual time=0.024..1498.541 rows=1969485 loops=1)
        Filter: (keyword_id < 3444)
        Rows Removed by Filter: 2554445
  ->  Hash  (cost=67604.59..67604.59 rows=417207 width=4) (actual time=1367.431..1367.431 rows=409495 loops=1)
        Buckets: 131072  Batches: 8  Memory Usage: 2827kB
        ->  Seq Scan on title t  (cost=0.00..67604.59 rows=417207 width=4) (actual time=0.020..1229.158 rows=409495 loops=1)
              Filter: (production_year < 1973)
              Rows Removed by Filter: 2118817
Planning time: 0.725 ms
Execution time: 3894.837 ms
