Seq Scan on movie_companies mc  (cost=0.00..57926.93 rows=53 width=0) (actual time=399.290..2774.066 rows=695 loops=1)
  Filter: ((company_type_id > 1) AND (company_id = 11205))
  Rows Removed by Filter: 2608434
Planning time: 3.245 ms
Execution time: 2774.380 ms
