Seq Scan on movie_companies mc  (cost=0.00..51404.11 rows=1647000 width=0) (actual time=0.030..1855.376 rows=1636910 loops=1)
  Filter: (company_id < 17633)
  Rows Removed by Filter: 972219
Planning time: 10.347 ms
Execution time: 2079.517 ms
