Seq Scan on movie_keyword mk  (cost=0.00..81003.12 rows=408839 width=0) (actual time=0.027..1255.466 rows=404415 loops=1)
  Filter: (keyword_id > 43012)
  Rows Removed by Filter: 4119515
Planning time: 0.294 ms
Execution time: 1305.573 ms
