Hash Join  (cost=67697.55..123726.86 rows=3599 width=0) (actual time=2365.955..4991.041 rows=3673 loops=1)
  Hash Cond: (mc.movie_id = t.id)
  ->  Seq Scan on movie_companies mc  (cost=0.00..51404.11 rows=1223789 width=4) (actual time=0.027..2368.197 rows=1235559 loops=1)
        Filter: (company_id > 11830)
        Rows Removed by Filter: 1373570
  ->  Hash  (cost=67604.59..67604.59 rows=7437 width=4) (actual time=2360.112..2360.112 rows=4763 loops=1)
        Buckets: 8192  Batches: 1  Memory Usage: 232kB
        ->  Seq Scan on title t  (cost=0.00..67604.59 rows=7437 width=4) (actual time=0.132..2357.159 rows=4763 loops=1)
              Filter: (production_year = 1950)
              Rows Removed by Filter: 2523549
Planning time: 0.732 ms
Execution time: 4991.929 ms
