Hash Join  (cost=184838.01..227340.84 rows=280335 width=0) (actual time=10143.835..12496.558 rows=715936 loops=1)
  Hash Cond: (mi_idx.movie_id = t.id)
  ->  Seq Scan on movie_info_idx mi_idx  (cost=0.00..21735.35 rows=1380035 width=4) (actual time=0.030..1406.890 rows=1380035 loops=1)
  ->  Hash  (cost=176410.55..176410.55 rows=513636 width=8) (actual time=10142.967..10142.967 rows=519163 loops=1)
        Buckets: 131072  Batches: 8  Memory Usage: 3566kB
        ->  Hash Join  (cost=102767.86..176410.55 rows=513636 width=8) (actual time=5732.473..9998.838 rows=519163 loops=1)
              Hash Cond: (mc.movie_id = t.id)
              ->  Seq Scan on movie_companies mc  (cost=0.00..51404.11 rows=513636 width=4) (actual time=0.013..2683.027 rows=519163 loops=1)
                    Filter: (company_id > 73385)
                    Rows Removed by Filter: 2089966
              ->  Hash  (cost=61283.27..61283.27 rows=2528527 width=4) (actual time=5731.060..5731.060 rows=2528312 loops=1)
                    Buckets: 131072  Batches: 64  Memory Usage: 2415kB
                    ->  Seq Scan on title t  (cost=0.00..61283.27 rows=2528527 width=4) (actual time=0.009..3960.953 rows=2528312 loops=1)
Planning time: 1.195 ms
Execution time: 12579.036 ms
