Seq Scan on movie_keyword mk  (cost=0.00..81003.12 rows=246 width=0) (actual time=49.540..1814.397 rows=60 loops=1)
  Filter: (keyword_id = 27384)
  Rows Removed by Filter: 4523870
Planning time: 0.399 ms
Execution time: 1814.544 ms
