Hash Join  (cost=93569.21..465080.56 rows=598586 width=0) (actual time=19273.473..22396.073 rows=264944 loops=1)
  Hash Cond: (mi.movie_id = t.id)
  ->  Seq Scan on movie_info mi  (cost=0.00..346232.03 rows=1264125 width=4) (actual time=14044.496..16000.609 rows=1288928 loops=1)
        Filter: (info_type_id = 2)
        Rows Removed by Filter: 13546792
  ->  Hash  (cost=73925.90..73925.90 rows=1197304 width=4) (actual time=5226.801..5226.801 rows=1285057 loops=1)
        Buckets: 131072  Batches: 16  Memory Usage: 3864kB
        ->  Seq Scan on title t  (cost=0.00..73925.90 rows=1197304 width=4) (actual time=0.034..4650.949 rows=1285057 loops=1)
              Filter: ((production_year > 1978) AND (kind_id = 7))
              Rows Removed by Filter: 1243255
Planning time: 18.367 ms
Execution time: 22430.059 ms
