Seq Scan on cast_info ci  (cost=0.00..796071.18 rows=176 width=0) (actual time=20958.074..28812.451 rows=10 loops=1)
  Filter: ((person_id = 923513) AND (role_id = 1))
  Rows Removed by Filter: 36244334
Planning time: 0.379 ms
Execution time: 28812.593 ms
