Hash Join  (cost=73931.97..438616.17 rows=2827 width=0) (actual time=3363.179..23238.210 rows=1199 loops=1)
  Hash Cond: (mi.movie_id = t.id)
  ->  Seq Scan on movie_info mi  (cost=0.00..309384.22 rows=14739122 width=4) (actual time=0.018..16641.678 rows=14835720 loops=1)
  ->  Hash  (cost=73925.90..73925.90 rows=485 width=4) (actual time=3307.232..3307.232 rows=298 loops=1)
        Buckets: 1024  Batches: 1  Memory Usage: 19kB
        ->  Seq Scan on title t  (cost=0.00..73925.90 rows=485 width=4) (actual time=6.285..3306.842 rows=298 loops=1)
              Filter: ((kind_id > 1) AND (production_year > 2013))
              Rows Removed by Filter: 2528014
Planning time: 0.794 ms
Execution time: 23238.943 ms
