Hash Join  (cost=678447.79..2367317.69 rows=51144879 width=0) (actual time=30327.645..112700.492 rows=45653408 loops=1)
  Hash Cond: (ci.movie_id = t.id)
  ->  Seq Scan on cast_info ci  (cost=0.00..705507.15 rows=27378851 width=4) (actual time=0.019..46032.525 rows=27390846 loops=1)
        Filter: (person_id < 2807082)
        Rows Removed by Filter: 8853498
  ->  Hash  (cost=600954.32..600954.32 rows=4723398 width=8) (actual time=30326.311..30326.311 rows=2565292 loops=1)
        Buckets: 131072  Batches: 64  Memory Usage: 2554kB
        ->  Hash Join  (cost=95011.03..600954.32 rows=4723398 width=8) (actual time=8236.857..29110.916 rows=2565292 loops=1)
              Hash Cond: (mi.movie_id = t.id)
              ->  Seq Scan on movie_info mi  (cost=0.00..346232.03 rows=9293409 width=4) (actual time=0.009..16937.992 rows=9425200 loops=1)
                    Filter: (info_type_id > 5)
                    Rows Removed by Filter: 5410520
              ->  Hash  (cost=73925.90..73925.90 rows=1285130 width=4) (actual time=5405.445..5405.445 rows=1366141 loops=1)
                    Buckets: 131072  Batches: 32  Memory Usage: 2535kB
                    ->  Seq Scan on title t  (cost=0.00..73925.90 rows=1285130 width=4) (actual time=0.013..4779.427 rows=1366141 loops=1)
                          Filter: ((production_year > 1968) AND (kind_id = 7))
                          Rows Removed by Filter: 1162171
Planning time: 9.362 ms
Execution time: 119073.384 ms
