Seq Scan on movie_keyword mk  (cost=0.00..81003.12 rows=246 width=0) (actual time=4.756..3945.806 rows=487 loops=1)
  Filter: (keyword_id = 15078)
  Rows Removed by Filter: 4523443
Planning time: 0.382 ms
Execution time: 3946.246 ms
