Hash Join  (cost=82423.69..187722.08 rows=490107 width=0) (actual time=4133.072..9613.522 rows=345967 loops=1)
  Hash Cond: (mk.movie_id = t.id)
  ->  Seq Scan on movie_keyword mk  (cost=0.00..81003.12 rows=1372052 width=4) (actual time=0.015..4487.670 rows=1387924 loops=1)
        Filter: (keyword_id > 12015)
        Rows Removed by Filter: 3136006
  ->  Hash  (cost=67604.59..67604.59 rows=903208 width=4) (actual time=4122.894..4122.894 rows=904491 loops=1)
        Buckets: 131072  Batches: 16  Memory Usage: 3017kB
        ->  Seq Scan on title t  (cost=0.00..67604.59 rows=903208 width=4) (actual time=0.022..3766.637 rows=904491 loops=1)
              Filter: (production_year > 2006)
              Rows Removed by Filter: 1623821
Planning time: 4.755 ms
Execution time: 9653.667 ms
