Hash Join  (cost=204873.82..283868.90 rows=286156 width=0) (actual time=11453.752..16626.623 rows=1899276 loops=1)
  Hash Cond: (mc.movie_id = t.id)
  ->  Seq Scan on movie_companies mc  (cost=0.00..44881.29 rows=2609129 width=4) (actual time=0.030..3184.110 rows=2609129 loops=1)
  ->  Hash  (cost=200323.37..200323.37 rows=277316 width=8) (actual time=11452.747..11452.747 rows=297845 loops=1)
        Buckets: 131072  Batches: 4  Memory Usage: 3948kB
        ->  Hash Join  (cost=102767.86..200323.37 rows=277316 width=8) (actual time=6192.877..11324.798 rows=297845 loops=1)
              Hash Cond: (mk.movie_id = t.id)
              ->  Seq Scan on movie_keyword mk  (cost=0.00..81003.12 rows=277316 width=4) (actual time=0.053..4200.009 rows=297845 loops=1)
                    Filter: (keyword_id < 245)
                    Rows Removed by Filter: 4226085
              ->  Hash  (cost=61283.27..61283.27 rows=2528527 width=4) (actual time=6191.495..6191.495 rows=2528312 loops=1)
                    Buckets: 131072  Batches: 64  Memory Usage: 2425kB
                    ->  Seq Scan on title t  (cost=0.00..61283.27 rows=2528527 width=4) (actual time=0.019..4365.792 rows=2528312 loops=1)
Planning time: 16.907 ms
Execution time: 16940.479 ms
