Hash Join  (cost=83810.17..1107304.80 rows=7932658 width=0) (actual time=4124.734..59805.683 rows=8488096 loops=1)
  Hash Cond: (ci.movie_id = t.id)
  ->  Seq Scan on cast_info ci  (cost=0.00..705507.15 rows=20307171 width=4) (actual time=0.014..39883.891 rows=20197016 loops=1)
        Filter: (person_id < 2029588)
        Rows Removed by Filter: 16047328
  ->  Hash  (cost=67604.59..67604.59 rows=987727 width=4) (actual time=4123.827..4123.827 rows=985048 loops=1)
        Buckets: 131072  Batches: 16  Memory Usage: 3188kB
        ->  Seq Scan on title t  (cost=0.00..67604.59 rows=987727 width=4) (actual time=0.027..3711.445 rows=985048 loops=1)
              Filter: (kind_id < 7)
              Rows Removed by Filter: 1543264
Planning time: 0.715 ms
Execution time: 61020.947 ms
