Hash Join  (cost=166457.01..664853.40 rows=1742246 width=0) (actual time=3875.867..25595.490 rows=40726477 loops=1)
  Hash Cond: (mi.movie_id = t.id)
  ->  Seq Scan on movie_info mi  (cost=0.00..309384.22 rows=14739122 width=4) (actual time=0.006..5780.614 rows=14835720 loops=1)
  ->  Hash  (cost=161552.94..161552.94 rows=298886 width=8) (actual time=3874.005..3874.005 rows=780402 loops=1)
        Buckets: 131072 (originally 131072)  Batches: 16 (originally 4)  Memory Usage: 3073kB
        ->  Hash Join  (cost=85456.44..161552.94 rows=298886 width=8) (actual time=1464.523..3648.601 rows=780402 loops=1)
              Hash Cond: (mc.movie_id = t.id)
              ->  Seq Scan on movie_companies mc  (cost=0.00..57926.93 rows=1075387 width=4) (actual time=0.023..1228.284 rows=1274246 loops=1)
                    Filter: ((company_id < 80112) AND (company_type_id = 1))
                    Rows Removed by Filter: 1334883
              ->  Hash  (cost=73925.90..73925.90 rows=702763 width=4) (actual time=1463.076..1463.076 rows=726953 loops=1)
                    Buckets: 131072  Batches: 16  Memory Usage: 2621kB
                    ->  Seq Scan on title t  (cost=0.00..73925.90 rows=702763 width=4) (actual time=0.019..1240.516 rows=726953 loops=1)
                          Filter: ((kind_id < 4) AND (production_year < 2011))
                          Rows Removed by Filter: 1801359
Planning time: 1.158 ms
Execution time: 29990.664 ms
