Hash Join  (cost=245370.94..295031.65 rows=697523 width=0) (actual time=12191.066..16412.925 rows=2875550 loops=1)
  Hash Cond: (mi_idx.movie_id = t.id)
  ->  Seq Scan on movie_info_idx mi_idx  (cost=0.00..21735.35 rows=1380035 width=4) (actual time=0.028..1479.797 rows=1380035 loops=1)
  ->  Hash  (cost=224402.74..224402.74 rows=1278016 width=8) (actual time=12189.608..12189.608 rows=1287115 loops=1)
        Buckets: 131072  Batches: 32  Memory Usage: 2586kB
        ->  Hash Join  (cost=102767.86..224402.74 rows=1278016 width=8) (actual time=5275.566..11694.733 rows=1287115 loops=1)
              Hash Cond: (mk.movie_id = t.id)
              ->  Seq Scan on movie_keyword mk  (cost=0.00..81003.12 rows=1278016 width=4) (actual time=0.014..4603.046 rows=1287115 loops=1)
                    Filter: (keyword_id > 13738)
                    Rows Removed by Filter: 3236815
              ->  Hash  (cost=61283.27..61283.27 rows=2528527 width=4) (actual time=5274.408..5274.408 rows=2528312 loops=1)
                    Buckets: 131072  Batches: 64  Memory Usage: 2425kB
                    ->  Seq Scan on title t  (cost=0.00..61283.27 rows=2528527 width=4) (actual time=0.008..4171.667 rows=2528312 loops=1)
Planning time: 4.850 ms
Execution time: 16847.561 ms
