Hash Join  (cost=302960.37..987614.32 rows=15744822 width=0) (actual time=13851.723..77386.516 rows=147054464 loops=1)
  Hash Cond: (mi.movie_id = t.id)
  ->  Seq Scan on movie_info mi  (cost=0.00..309384.22 rows=14739122 width=4) (actual time=0.018..17370.147 rows=14835720 loops=1)
  ->  Hash  (cost=258645.16..258645.16 rows=2701057 width=8) (actual time=13850.328..13850.328 rows=2692831 loops=1)
        Buckets: 131072  Batches: 64  Memory Usage: 2772kB
        ->  Hash Join  (cost=102767.86..258645.16 rows=2701057 width=8) (actual time=5288.863..13034.018 rows=2692831 loops=1)
              Hash Cond: (mk.movie_id = t.id)
              ->  Seq Scan on movie_keyword mk  (cost=0.00..81003.12 rows=2701057 width=4) (actual time=0.009..4897.812 rows=2692831 loops=1)
                    Filter: (keyword_id > 3009)
                    Rows Removed by Filter: 1831099
              ->  Hash  (cost=61283.27..61283.27 rows=2528527 width=4) (actual time=5288.010..5288.010 rows=2528312 loops=1)
                    Buckets: 131072  Batches: 64  Memory Usage: 2425kB
                    ->  Seq Scan on title t  (cost=0.00..61283.27 rows=2528527 width=4) (actual time=0.021..3810.892 rows=2528312 loops=1)
Planning time: 1.124 ms
Execution time: 95517.887 ms
