Hash Join  (cost=101042.06..187781.15 rows=8105 width=0) (actual time=4633.362..8995.266 rows=10596 loops=1)
  Hash Cond: (mk.movie_id = t.id)
  ->  Seq Scan on movie_keyword mk  (cost=0.00..69693.30 rows=4523930 width=4) (actual time=0.011..3966.257 rows=4523930 loops=1)
  ->  Hash  (cost=100985.44..100985.44 rows=4530 width=8) (actual time=3876.402..3876.402 rows=6162 loops=1)
        Buckets: 8192  Batches: 1  Memory Usage: 305kB
        ->  Hash Join  (cost=74029.65..100985.44 rows=4530 width=8) (actual time=2909.261..3874.078 rows=6162 loops=1)
              Hash Cond: (mi_idx.movie_id = t.id)
              ->  Seq Scan on movie_info_idx mi_idx  (cost=0.00..21735.35 rows=1380035 width=4) (actual time=0.032..1037.451 rows=1380035 loops=1)
              ->  Hash  (cost=73925.90..73925.90 rows=8300 width=4) (actual time=2486.282..2486.282 rows=7850 loops=1)
                    Buckets: 16384  Batches: 1  Memory Usage: 404kB
                    ->  Seq Scan on title t  (cost=0.00..73925.90 rows=8300 width=4) (actual time=49.500..2482.030 rows=7850 loops=1)
                          Filter: ((production_year > 2011) AND (kind_id = 2))
                          Rows Removed by Filter: 2520462
Planning time: 4.895 ms
Execution time: 8996.880 ms
