Seq Scan on movie_keyword mk  (cost=0.00..81003.12 rows=870288 width=0) (actual time=0.023..1334.343 rows=871950 loops=1)
  Filter: (keyword_id < 829)
  Rows Removed by Filter: 3651980
Planning time: 0.768 ms
Execution time: 1443.214 ms
