Seq Scan on movie_keyword mk  (cost=0.00..81003.12 rows=3295306 width=0) (actual time=0.014..3884.793 rows=3284573 loops=1)
  Filter: (keyword_id < 14598)
  Rows Removed by Filter: 1239357
Planning time: 0.812 ms
Execution time: 4476.486 ms
