Hash Join  (cost=910058.98..998926.50 rows=29273 width=0) (actual time=40157.557..45130.702 rows=70468 loops=1)
  Hash Cond: (mk.movie_id = t.id)
  ->  Seq Scan on movie_keyword mk  (cost=0.00..81003.12 rows=2019109 width=4) (actual time=0.016..4518.287 rows=2023603 loops=1)
        Filter: (keyword_id < 3627)
        Rows Removed by Filter: 2500327
  ->  Hash  (cost=909600.75..909600.75 rows=36659 width=8) (actual time=40157.125..40157.125 rows=13403 loops=1)
        Buckets: 65536  Batches: 1  Memory Usage: 1036kB
        ->  Hash Join  (cost=102767.86..909600.75 rows=36659 width=8) (actual time=11962.462..40151.333 rows=13403 loops=1)
              Hash Cond: (ci.movie_id = t.id)
              ->  Seq Scan on cast_info ci  (cost=0.00..796071.18 rows=36659 width=4) (actual time=6346.854..34106.231 rows=13403 loops=1)
                    Filter: ((person_id < 351687) AND (role_id > 10))
                    Rows Removed by Filter: 36230941
              ->  Hash  (cost=61283.27..61283.27 rows=2528527 width=4) (actual time=5613.457..5613.457 rows=2528312 loops=1)
                    Buckets: 131072  Batches: 64  Memory Usage: 2415kB
                    ->  Seq Scan on title t  (cost=0.00..61283.27 rows=2528527 width=4) (actual time=0.026..4524.180 rows=2528312 loops=1)
Planning time: 7.027 ms
Execution time: 45140.588 ms
