Hash Join  (cost=73982.55..100917.78 rows=2474 width=0) (actual time=3879.072..5154.877 rows=4077 loops=1)
  Hash Cond: (mi_idx.movie_id = t.id)
  ->  Seq Scan on movie_info_idx mi_idx  (cost=0.00..21735.35 rows=1380035 width=4) (actual time=0.015..1037.161 rows=1380035 loops=1)
  ->  Hash  (cost=73925.90..73925.90 rows=4532 width=4) (actual time=3709.595..3709.595 rows=11542 loops=1)
        Buckets: 16384 (originally 8192)  Batches: 1 (originally 1)  Memory Usage: 534kB
        ->  Seq Scan on title t  (cost=0.00..73925.90 rows=4532 width=4) (actual time=0.033..3703.463 rows=11542 loops=1)
              Filter: ((kind_id = 7) AND (production_year = 1988))
              Rows Removed by Filter: 2516770
Planning time: 0.756 ms
Execution time: 5155.635 ms
