Hash Join  (cost=102454.22..145571.22 rows=381494 width=0) (actual time=4508.079..6185.792 rows=393167 loops=1)
  Hash Cond: (mi_idx.movie_id = t.id)
  ->  Seq Scan on movie_info_idx mi_idx  (cost=0.00..25185.44 rows=454124 width=4) (actual time=0.015..950.263 rows=459925 loops=1)
        Filter: (info_type_id = 100)
        Rows Removed by Filter: 920110
  ->  Hash  (cost=67604.59..67604.59 rows=2124131 width=4) (actual time=4506.624..4506.624 rows=2118372 loops=1)
        Buckets: 131072  Batches: 32  Memory Usage: 3356kB
        ->  Seq Scan on title t  (cost=0.00..67604.59 rows=2124131 width=4) (actual time=0.027..3449.915 rows=2118372 loops=1)
              Filter: (production_year > 1967)
              Rows Removed by Filter: 409940
Planning time: 2.135 ms
Execution time: 6228.260 ms
