Hash Join  (cost=83257.67..153147.72 rows=158643 width=0) (actual time=3868.373..5691.260 rows=264215 loops=1)
  Hash Cond: (mc.movie_id = t.id)
  ->  Seq Scan on movie_companies mc  (cost=0.00..57926.93 rows=705250 width=4) (actual time=290.790..2085.779 rows=972665 loops=1)
        Filter: ((company_id < 12640) AND (company_type_id < 2))
        Rows Removed by Filter: 1636464
  ->  Hash  (cost=73925.90..73925.90 rows=568781 width=4) (actual time=3026.688..3026.688 rows=446559 loops=1)
        Buckets: 131072  Batches: 8  Memory Usage: 3000kB
        ->  Seq Scan on title t  (cost=0.00..73925.90 rows=568781 width=4) (actual time=1343.133..2863.274 rows=446559 loops=1)
              Filter: ((production_year > 1965) AND (kind_id = 1))
              Rows Removed by Filter: 2081753
Planning time: 0.833 ms
Execution time: 5721.410 ms
