Nested Loop  (cost=0.43..798788.22 rows=238 width=0) (actual time=14373.083..39459.089 rows=478 loops=1)
  ->  Seq Scan on cast_info ci  (cost=0.00..796071.18 rows=324 width=4) (actual time=14372.907..39433.853 rows=486 loops=1)
        Filter: ((role_id > 1) AND (person_id = 2126))
        Rows Removed by Filter: 36243858
  ->  Index Scan using title_pkey on title t  (cost=0.43..8.38 rows=1 width=4) (actual time=0.051..0.051 rows=1 loops=486)
        Index Cond: (id = ci.movie_id)
        Filter: (kind_id > 1)
        Rows Removed by Filter: 0
Planning time: 0.880 ms
Execution time: 39459.326 ms
