Hash Join  (cost=132007.83..258330.29 rows=354543 width=0) (actual time=7241.951..14210.671 rows=311531 loops=1)
  Hash Cond: (mk.movie_id = t.id)
  ->  Seq Scan on movie_keyword mk  (cost=0.00..69693.30 rows=4523930 width=4) (actual time=0.017..4731.662 rows=4523930 loops=1)
  ->  Hash  (cost=128755.80..128755.80 rows=198162 width=8) (actual time=7241.160..7241.160 rows=114326 loops=1)
        Buckets: 131072  Batches: 4  Memory Usage: 2148kB
        ->  Hash Join  (cost=92027.78..128755.80 rows=198162 width=8) (actual time=5316.237..7200.724 rows=114326 loops=1)
              Hash Cond: (mi_idx.movie_id = t.id)
              ->  Seq Scan on movie_info_idx mi_idx  (cost=0.00..25185.44 rows=454124 width=4) (actual time=0.024..1357.165 rows=459925 loops=1)
                    Filter: (info_type_id = 100)
                    Rows Removed by Filter: 920110
              ->  Hash  (cost=73925.90..73925.90 rows=1103350 width=4) (actual time=5315.560..5315.560 rows=1054846 loops=1)
                    Buckets: 131072  Batches: 16  Memory Usage: 3343kB
                    ->  Seq Scan on title t  (cost=0.00..73925.90 rows=1103350 width=4) (actual time=0.018..4421.006 rows=1054846 loops=1)
                          Filter: ((kind_id > 4) AND (production_year < 2009))
                          Rows Removed by Filter: 1473466
Planning time: 15.735 ms
Execution time: 14251.598 ms
