Seq Scan on movie_keyword mk  (cost=0.00..81003.12 rows=3788184 width=0) (actual time=0.015..4159.873 rows=3785271 loops=1)
  Filter: (keyword_id > 662)
  Rows Removed by Filter: 738659
Planning time: 0.288 ms
Execution time: 4836.698 ms
