Seq Scan on movie_info mi  (cost=0.00..346232.03 rows=17937 width=75) (actual time=1304.381..6335.496 rows=6536 loops=1)
  Filter: (info_type_id = 66)
  Rows Removed by Filter: 14829184
Planning time: 2.695 ms
Execution time: 6335.913 ms
