Hash Join  (cost=1018618.72..1804062.45 rows=23464210 width=0) (actual time=48449.318..108493.049 rows=112762796 loops=1)
  Hash Cond: (mi.movie_id = t.id)
  ->  Seq Scan on movie_info mi  (cost=0.00..309384.22 rows=14739122 width=4) (actual time=0.013..19864.013 rows=14835720 loops=1)
  ->  Hash  (cost=952578.04..952578.04 rows=4025334 width=8) (actual time=48447.254..48447.254 rows=4157225 loops=1)
        Buckets: 131072  Batches: 64  Memory Usage: 3622kB
        ->  Hash Join  (cost=83810.17..952578.04 rows=4025334 width=8) (actual time=16543.551..46680.952 rows=4157225 loops=1)
              Hash Cond: (ci.movie_id = t.id)
              ->  Seq Scan on cast_info ci  (cost=0.00..705507.15 rows=10304634 width=4) (actual time=11992.440..33504.961 rows=10315217 loops=1)
                    Filter: (person_id > 2680175)
                    Rows Removed by Filter: 25929127
              ->  Hash  (cost=67604.59..67604.59 rows=987727 width=4) (actual time=4549.864..4549.864 rows=985048 loops=1)
                    Buckets: 131072  Batches: 16  Memory Usage: 3188kB
                    ->  Seq Scan on title t  (cost=0.00..67604.59 rows=987727 width=4) (actual time=0.042..3860.925 rows=985048 loops=1)
                          Filter: (kind_id < 7)
                          Rows Removed by Filter: 1543264
Planning time: 4.799 ms
Execution time: 121710.670 ms
