Hash Join  (cost=75545.59..139550.79 rows=39888 width=0) (actual time=1217.608..2590.958 rows=123352 loops=1)
  Hash Cond: (mc.movie_id = t.id)
  ->  Seq Scan on movie_companies mc  (cost=0.00..51404.11 rows=1021921 width=4) (actual time=0.029..943.315 rows=1022051 loops=1)
        Filter: (company_id < 5427)
        Rows Removed by Filter: 1587078
  ->  Hash  (cost=73925.90..73925.90 rows=98695 width=4) (actual time=1216.832..1216.832 rows=100458 loops=1)
        Buckets: 131072  Batches: 2  Memory Usage: 2795kB
        ->  Seq Scan on title t  (cost=0.00..73925.90 rows=98695 width=4) (actual time=0.013..1181.072 rows=100458 loops=1)
              Filter: ((production_year > 1907) AND (kind_id = 3))
              Rows Removed by Filter: 2427854
Planning time: 1.585 ms
Execution time: 2607.087 ms
