Hash Join  (cost=102767.86..208621.37 rows=1852271 width=0) (actual time=6044.203..11692.663 rows=1858175 loops=1)
  Hash Cond: (mc.movie_id = t.id)
  ->  Seq Scan on movie_companies mc  (cost=0.00..51404.11 rows=1852271 width=4) (actual time=0.016..3483.727 rows=1858175 loops=1)
        Filter: (company_id > 1461)
        Rows Removed by Filter: 750954
  ->  Hash  (cost=61283.27..61283.27 rows=2528527 width=4) (actual time=6040.902..6040.902 rows=2528312 loops=1)
        Buckets: 131072  Batches: 64  Memory Usage: 2415kB
        ->  Seq Scan on title t  (cost=0.00..61283.27 rows=2528527 width=4) (actual time=0.014..4823.163 rows=2528312 loops=1)
Planning time: 0.761 ms
Execution time: 11936.908 ms
