Nested Loop  (cost=0.43..798787.41 rows=324 width=0) (actual time=12774.585..38043.007 rows=37 loops=1)
  ->  Seq Scan on cast_info ci  (cost=0.00..796071.18 rows=324 width=4) (actual time=12774.443..38035.638 rows=37 loops=1)
        Filter: ((role_id > 1) AND (person_id = 3469630))
        Rows Removed by Filter: 36244307
  ->  Index Only Scan using title_pkey on title t  (cost=0.43..8.37 rows=1 width=4) (actual time=0.197..0.198 rows=1 loops=37)
        Index Cond: (id = ci.movie_id)
        Heap Fetches: 37
Planning time: 0.766 ms
Execution time: 38043.094 ms
