Hash Join  (cost=102767.86..1069164.38 rows=6667898 width=0) (actual time=5441.123..44183.482 rows=2831896 loops=1)
  Hash Cond: (ci.movie_id = t.id)
  ->  Seq Scan on cast_info ci  (cost=0.00..796071.18 rows=6667898 width=4) (actual time=0.052..35425.641 rows=2831896 loops=1)
        Filter: ((person_id < 994312) AND (role_id > 1))
        Rows Removed by Filter: 33412448
  ->  Hash  (cost=61283.27..61283.27 rows=2528527 width=4) (actual time=5439.881..5439.881 rows=2528312 loops=1)
        Buckets: 131072  Batches: 64  Memory Usage: 2415kB
        ->  Seq Scan on title t  (cost=0.00..61283.27 rows=2528527 width=4) (actual time=0.016..4400.996 rows=2528312 loops=1)
Planning time: 0.716 ms
Execution time: 44546.206 ms
