Nested Loop  (cost=65102.18..949651.84 rows=18209 width=0) (actual time=9434.769..38270.862 rows=52567 loops=1)
  ->  Hash Join  (cost=65101.75..910227.01 rows=45365 width=8) (actual time=9434.677..33626.846 rows=52567 loops=1)
        Hash Cond: (ci.movie_id = mc.movie_id)
        ->  Seq Scan on cast_info ci  (cost=0.00..796071.18 rows=105297 width=4) (actual time=7451.398..30748.019 rows=233137 loops=1)
              Filter: ((person_id > 2616485) AND (role_id > 10))
              Rows Removed by Filter: 36011207
        ->  Hash  (cost=57926.93..57926.93 rows=437265 width=4) (actual time=1982.067..1982.067 rows=249901 loops=1)
              Buckets: 131072  Batches: 8  Memory Usage: 2129kB
              ->  Seq Scan on movie_companies mc  (cost=0.00..57926.93 rows=437265 width=4) (actual time=841.918..1899.489 rows=249901 loops=1)
                    Filter: ((company_id < 2394) AND (company_type_id = 2))
                    Rows Removed by Filter: 2359228
  ->  Index Only Scan using title_pkey on title t  (cost=0.43..0.86 rows=1 width=4) (actual time=0.087..0.088 rows=1 loops=52567)
        Index Cond: (id = mc.movie_id)
        Heap Fetches: 52567
Planning time: 1.053 ms
Execution time: 38284.050 ms
