Nested Loop  (cost=44377.22..468163.61 rows=12152 width=0) (actual time=18614.559..21100.581 rows=21 loops=1)
  Join Filter: (mi.movie_id = t.id)
  ->  Hash Join  (cost=44376.79..403766.10 rows=108614 width=8) (actual time=17802.033..18681.991 rows=94220 loops=1)
        Hash Cond: (mi.movie_id = mi_idx.movie_id)
        ->  Seq Scan on movie_info mi  (cost=0.00..346232.03 rows=36538 width=4) (actual time=14878.467..15565.862 rows=32053 loops=1)
              Filter: (info_type_id > 108)
              Rows Removed by Filter: 14803667
        ->  Hash  (cost=21735.35..21735.35 rows=1380035 width=4) (actual time=2775.118..2775.118 rows=1380035 loops=1)
              Buckets: 131072  Batches: 32  Memory Usage: 2557kB
              ->  Seq Scan on movie_info_idx mi_idx  (cost=0.00..21735.35 rows=1380035 width=4) (actual time=0.015..1889.066 rows=1380035 loops=1)
  ->  Index Scan using title_pkey on title t  (cost=0.43..0.58 rows=1 width=4) (actual time=0.025..0.025 rows=0 loops=94220)
        Index Cond: (id = mi_idx.movie_id)
        Filter: (kind_id = 7)
        Rows Removed by Filter: 1
Planning time: 1.176 ms
Execution time: 21100.713 ms
