Hash Join  (cost=177197.39..608290.44 rows=1428045 width=0) (actual time=15044.165..31498.943 rows=1070984 loops=1)
  Hash Cond: (mi.movie_id = t.id)
  ->  Seq Scan on movie_info mi  (cost=0.00..346232.03 rows=5897221 width=4) (actual time=5776.325..18314.466 rows=5884963 loops=1)
        Filter: (info_type_id < 7)
        Rows Removed by Filter: 8950757
  ->  Hash  (cost=167151.67..167151.67 rows=612297 width=8) (actual time=9266.804..9266.804 rows=341035 loops=1)
        Buckets: 131072  Batches: 8  Memory Usage: 2690kB
        ->  Hash Join  (cost=83661.18..167151.67 rows=612297 width=8) (actual time=4046.233..9145.565 rows=341035 loops=1)
              Hash Cond: (mc.movie_id = t.id)
              ->  Seq Scan on movie_companies mc  (cost=0.00..44881.29 rows=2609129 width=4) (actual time=0.027..3173.507 rows=2609129 loops=1)
              ->  Hash  (cost=73925.90..73925.90 rows=593382 width=4) (actual time=4045.324..4045.324 rows=486368 loops=1)
                    Buckets: 131072  Batches: 8  Memory Usage: 3147kB
                    ->  Seq Scan on title t  (cost=0.00..73925.90 rows=593382 width=4) (actual time=743.258..3865.184 rows=486368 loops=1)
                          Filter: ((production_year < 1999) AND (kind_id = 7))
                          Rows Removed by Filter: 2041944
Planning time: 10.234 ms
Execution time: 31637.244 ms
