Hash Join  (cost=83073.23..109983.85 rows=14 width=0) (actual time=3650.650..5039.387 rows=186 loops=1)
  Hash Cond: (mi_idx.movie_id = t.id)
  ->  Seq Scan on movie_info_idx mi_idx  (cost=0.00..21735.35 rows=1380035 width=4) (actual time=0.009..1083.871 rows=1380035 loops=1)
  ->  Hash  (cost=83072.90..83072.90 rows=26 width=8) (actual time=3650.217..3650.217 rows=67 loops=1)
        Buckets: 1024  Batches: 1  Memory Usage: 11kB
        ->  Nested Loop  (cost=0.43..83072.90 rows=26 width=8) (actual time=32.026..3650.073 rows=67 loops=1)
              ->  Seq Scan on movie_keyword mk  (cost=0.00..81003.12 rows=246 width=4) (actual time=17.554..3586.183 rows=310 loops=1)
                    Filter: (keyword_id = 8582)
                    Rows Removed by Filter: 4523620
              ->  Index Scan using title_pkey on title t  (cost=0.43..8.40 rows=1 width=4) (actual time=0.202..0.202 rows=0 loops=310)
                    Index Cond: (id = mk.movie_id)
                    Filter: ((kind_id < 2) AND (production_year > 2005))
                    Rows Removed by Filter: 1
Planning time: 0.840 ms
Execution time: 5039.531 ms
