Hash Join  (cost=796926.13..1151388.31 rows=34 width=0) (actual time=32611.424..48875.425 rows=1086 loops=1)
  Hash Cond: (mi.movie_id = t.id)
  ->  Seq Scan on movie_info mi  (cost=0.00..346232.03 rows=2194617 width=4) (actual time=0.009..16227.987 rows=2233850 loops=1)
        Filter: (info_type_id > 16)
        Rows Removed by Filter: 12601870
  ->  Hash  (cost=796925.64..796925.64 rows=39 width=8) (actual time=32245.385..32245.385 rows=46 loops=1)
        Buckets: 1024  Batches: 1  Memory Usage: 10kB
        ->  Nested Loop  (cost=0.43..796925.64 rows=39 width=8) (actual time=11999.858..32244.756 rows=46 loops=1)
              ->  Seq Scan on cast_info ci  (cost=0.00..796071.18 rows=101 width=4) (actual time=11999.007..32213.202 rows=350 loops=1)
                    Filter: ((person_id = 2299532) AND (role_id = 2))
                    Rows Removed by Filter: 36243994
              ->  Index Scan using title_pkey on title t  (cost=0.43..8.45 rows=1 width=4) (actual time=0.087..0.087 rows=0 loops=350)
                    Index Cond: (id = ci.movie_id)
                    Filter: (kind_id < 7)
                    Rows Removed by Filter: 1
Planning time: 1.146 ms
Execution time: 48875.799 ms
