Nested Loop  (cost=0.43..709673.15 rows=305 width=0) (actual time=4606.683..31507.241 rows=235 loops=1)
  ->  Seq Scan on cast_info ci  (cost=0.00..705507.15 rows=500 width=4) (actual time=4606.497..31498.148 rows=247 loops=1)
        Filter: (person_id = 591390)
        Rows Removed by Filter: 36244097
  ->  Index Scan using title_pkey on title t  (cost=0.43..8.32 rows=1 width=4) (actual time=0.035..0.036 rows=1 loops=247)
        Index Cond: (id = ci.movie_id)
        Filter: (kind_id = 7)
        Rows Removed by Filter: 0
Planning time: 0.805 ms
Execution time: 31507.402 ms
