Hash Join  (cost=1113504.78..1956342.92 rows=28191207 width=0) (actual time=50420.686..100111.592 rows=59562614 loops=1)
  Hash Cond: (mi.movie_id = t.id)
  ->  Seq Scan on movie_info mi  (cost=0.00..346232.03 rows=9767026 width=4) (actual time=0.012..24041.502 rows=9911754 loops=1)
        Filter: (info_type_id > 4)
        Rows Removed by Filter: 4923966
  ->  Hash  (cost=993767.62..993767.62 rows=7298253 width=8) (actual time=49854.470..49854.470 rows=7451973 loops=1)
        Buckets: 131072  Batches: 128  Memory Usage: 3317kB
        ->  Hash Join  (cost=102767.86..993767.62 rows=7298253 width=8) (actual time=21537.910..47055.260 rows=7451973 loops=1)
              Hash Cond: (ci.movie_id = t.id)
              ->  Seq Scan on cast_info ci  (cost=0.00..705507.15 rows=7298253 width=4) (actual time=15874.639..34179.250 rows=7451973 loops=1)
                    Filter: (role_id = 2)
                    Rows Removed by Filter: 28792371
              ->  Hash  (cost=61283.27..61283.27 rows=2528527 width=4) (actual time=5661.939..5661.939 rows=2528312 loops=1)
                    Buckets: 131072  Batches: 64  Memory Usage: 2415kB
                    ->  Seq Scan on title t  (cost=0.00..61283.27 rows=2528527 width=4) (actual time=0.023..4478.997 rows=2528312 loops=1)
Planning time: 1.178 ms
Execution time: 107467.944 ms
