Hash Join  (cost=456979.43..1292863.63 rows=15857 width=0) (actual time=45721.592..67620.170 rows=175904 loops=1)
  Hash Cond: (ci.movie_id = t.id)
  ->  Seq Scan on cast_info ci  (cost=0.00..796071.18 rows=5287261 width=4) (actual time=20880.027..39906.482 rows=8312356 loops=1)
        Filter: ((person_id > 2055583) AND (role_id > 3))
        Rows Removed by Filter: 27931988
  ->  Hash  (cost=456884.65..456884.65 rows=7583 width=8) (actual time=24841.116..24841.116 rows=32401 loops=1)
        Buckets: 32768 (originally 8192)  Batches: 1 (originally 1)  Memory Usage: 1522kB
        ->  Hash Join  (cost=73950.44..456884.65 rows=7583 width=8) (actual time=4073.243..24817.590 rows=32401 loops=1)
              Hash Cond: (mi.movie_id = t.id)
              ->  Seq Scan on movie_info mi  (cost=0.00..346232.03 rows=9767026 width=4) (actual time=0.041..19046.810 rows=9911754 loops=1)
                    Filter: (info_type_id > 4)
                    Rows Removed by Filter: 4923966
              ->  Hash  (cost=73925.90..73925.90 rows=1963 width=4) (actual time=3534.580..3534.580 rows=4557 loops=1)
                    Buckets: 8192 (originally 2048)  Batches: 1 (originally 1)  Memory Usage: 225kB
                    ->  Seq Scan on title t  (cost=0.00..73925.90 rows=1963 width=4) (actual time=1301.851..3531.913 rows=4557 loops=1)
                          Filter: ((kind_id = 1) AND (production_year = 1968))
                          Rows Removed by Filter: 2523755
Planning time: 1.142 ms
Execution time: 67648.848 ms
