Hash Join  (cost=135058.39..637778.38 rows=2147406 width=0) (actual time=6352.886..35737.625 rows=1362105 loops=1)
  Hash Cond: (mi.movie_id = t.id)
  ->  Seq Scan on movie_info mi  (cost=0.00..309384.22 rows=14739122 width=4) (actual time=0.024..21231.374 rows=14835720 loops=1)
  ->  Hash  (cost=129013.49..129013.49 rows=368392 width=8) (actual time=5221.227..5221.227 rows=173847 loops=1)
        Buckets: 131072  Batches: 8  Memory Usage: 1872kB
        ->  Hash Join  (cost=85000.09..129013.49 rows=368392 width=8) (actual time=3258.860..5168.916 rows=173847 loops=1)
              Hash Cond: (mi_idx.movie_id = t.id)
              ->  Seq Scan on movie_info_idx mi_idx  (cost=0.00..21735.35 rows=1380035 width=4) (actual time=0.014..1052.371 rows=1380035 loops=1)
              ->  Hash  (cost=73925.90..73925.90 rows=674975 width=4) (actual time=3257.658..3257.658 rows=739679 loops=1)
                    Buckets: 131072  Batches: 16  Memory Usage: 2654kB
                    ->  Seq Scan on title t  (cost=0.00..73925.90 rows=674975 width=4) (actual time=433.065..2868.027 rows=739679 loops=1)
                          Filter: ((production_year > 2004) AND (kind_id = 7))
                          Rows Removed by Filter: 1788633
Planning time: 1.433 ms
Execution time: 35919.756 ms
