Seq Scan on movie_companies mc  (cost=0.00..51404.11 rows=758438 width=0) (actual time=403.998..2669.293 rows=763954 loops=1)
  Filter: (company_id > 34875)
  Rows Removed by Filter: 1845175
Planning time: 0.301 ms
Execution time: 2791.557 ms
