Hash Join  (cost=81925.97..124184.73 rows=266128 width=0) (actual time=4416.034..6853.218 rows=147537 loops=1)
  Hash Cond: (mi_idx.movie_id = t.id)
  ->  Seq Scan on movie_info_idx mi_idx  (cost=0.00..21735.35 rows=1380035 width=4) (actual time=0.013..1549.958 rows=1380035 loops=1)
  ->  Hash  (cost=73925.90..73925.90 rows=487605 width=4) (actual time=4413.741..4413.741 rows=501779 loops=1)
        Buckets: 131072  Batches: 8  Memory Usage: 3231kB
        ->  Seq Scan on title t  (cost=0.00..73925.90 rows=487605 width=4) (actual time=0.012..4200.702 rows=501779 loops=1)
              Filter: ((kind_id > 1) AND (production_year > 2008))
              Rows Removed by Filter: 2026533
Planning time: 0.659 ms
Execution time: 6871.888 ms
