Hash Join  (cost=83189.08..146153.65 rows=151389 width=0) (actual time=4101.408..7408.684 rows=180699 loops=1)
  Hash Cond: (mc.movie_id = t.id)
  ->  Seq Scan on movie_companies mc  (cost=0.00..51404.11 rows=678017 width=4) (actual time=0.015..2872.691 rows=669597 loops=1)
        Filter: (company_id < 1063)
        Rows Removed by Filter: 1939532
  ->  Hash  (cost=73925.90..73925.90 rows=564574 width=4) (actual time=4100.351..4100.351 rows=454234 loops=1)
        Buckets: 131072  Batches: 8  Memory Usage: 3004kB
        ->  Seq Scan on title t  (cost=0.00..73925.90 rows=564574 width=4) (actual time=35.800..3925.763 rows=454234 loops=1)
              Filter: ((production_year < 1998) AND (kind_id = 7))
              Rows Removed by Filter: 2074078
Planning time: 0.693 ms
Execution time: 7429.264 ms
