Hash Join  (cost=73962.22..171735.72 rows=5122 width=0) (actual time=3283.362..7400.887 rows=30623 loops=1)
  Hash Cond: (mk.movie_id = t.id)
  ->  Seq Scan on movie_keyword mk  (cost=0.00..81003.12 rows=4458443 width=4) (actual time=0.025..3356.977 rows=4456385 loops=1)
        Filter: (keyword_id > 56)
        Rows Removed by Filter: 67545
  ->  Hash  (cost=73925.90..73925.90 rows=2905 width=4) (actual time=3282.970..3282.970 rows=6735 loops=1)
        Buckets: 8192 (originally 4096)  Batches: 1 (originally 1)  Memory Usage: 301kB
        ->  Seq Scan on title t  (cost=0.00..73925.90 rows=2905 width=4) (actual time=0.058..3279.181 rows=6735 loops=1)
              Filter: ((kind_id < 7) AND (production_year = 1980))
              Rows Removed by Filter: 2521577
Planning time: 0.864 ms
Execution time: 7405.430 ms
