Hash Join  (cost=466350.34..547182.02 rows=419415 width=0) (actual time=22844.194..27551.201 rows=845285 loops=1)
  Hash Cond: (mc.movie_id = t.id)
  ->  Seq Scan on movie_companies mc  (cost=0.00..44881.29 rows=2609129 width=4) (actual time=0.110..3117.059 rows=2609129 loops=1)
  ->  Hash  (cost=459681.60..459681.60 rows=406459 width=8) (actual time=22824.785..22824.785 rows=262326 loops=1)
        Buckets: 131072  Batches: 8  Memory Usage: 2259kB
        ->  Hash Join  (cost=94973.51..459681.60 rows=406459 width=8) (actual time=18997.657..22739.837 rows=262326 loops=1)
              Hash Cond: (mi.movie_id = t.id)
              ->  Seq Scan on movie_info mi  (cost=0.00..346232.03 rows=616095 width=4) (actual time=13736.123..16961.742 rows=598457 loops=1)
                    Filter: (info_type_id = 15)
                    Rows Removed by Filter: 14237263
              ->  Hash  (cost=67604.59..67604.59 rows=1668154 width=4) (actual time=5045.485..5045.485 rows=1674098 loops=1)
                    Buckets: 131072  Batches: 32  Memory Usage: 2875kB
                    ->  Seq Scan on title t  (cost=0.00..67604.59 rows=1668154 width=4) (actual time=0.039..4282.131 rows=1674098 loops=1)
                          Filter: (kind_id > 3)
                          Rows Removed by Filter: 854214
Planning time: 6.292 ms
Execution time: 27660.751 ms
