Seq Scan on movie_keyword mk  (cost=0.00..81003.12 rows=2444765 width=0) (actual time=0.018..4146.852 rows=2445005 loops=1)
  Filter: (keyword_id < 5827)
  Rows Removed by Filter: 2078925
Planning time: 0.286 ms
Execution time: 4526.739 ms
