Seq Scan on movie_companies mc  (cost=0.00..51404.11 rows=104 width=0) (actual time=1082.231..2526.718 rows=77 loops=1)
  Filter: (company_id = 71928)
  Rows Removed by Filter: 2609052
Planning time: 0.366 ms
Execution time: 2526.826 ms
