Seq Scan on movie_keyword mk  (cost=0.00..81003.12 rows=246 width=0) (actual time=6.659..3111.135 rows=544 loops=1)
  Filter: (keyword_id = 24807)
  Rows Removed by Filter: 4523386
Planning time: 0.457 ms
Execution time: 3111.521 ms
