Seq Scan on movie_companies mc  (cost=0.00..57926.93 rows=811777 width=0) (actual time=0.014..2029.392 rows=602229 loops=1)
  Filter: ((company_id > 3776) AND (company_type_id = 1))
  Rows Removed by Filter: 2006900
Planning time: 0.387 ms
Execution time: 2117.666 ms
