Seq Scan on movie_keyword mk  (cost=0.00..81003.12 rows=3553791 width=0) (actual time=0.023..1636.645 rows=3548434 loops=1)
  Filter: (keyword_id < 19206)
  Rows Removed by Filter: 975496
Planning time: 0.321 ms
Execution time: 2076.821 ms
