Seq Scan on movie_keyword mk  (cost=0.00..81003.12 rows=1879331 width=0) (actual time=0.019..3850.688 rows=1893516 loops=1)
  Filter: (keyword_id < 3237)
  Rows Removed by Filter: 2630414
Planning time: 0.291 ms
Execution time: 4126.490 ms
