Seq Scan on movie_companies mc  (cost=0.00..51404.11 rows=104 width=0) (actual time=1110.892..2246.863 rows=1 loops=1)
  Filter: (company_id = 122879)
  Rows Removed by Filter: 2609128
Planning time: 41.613 ms
Execution time: 2246.959 ms
