Hash Join  (cost=156487.41..958967.47 rows=62739 width=0) (actual time=33395.737..44016.161 rows=77651 loops=1)
  Hash Cond: (ci.movie_id = t.id)
  ->  Seq Scan on cast_info ci  (cost=0.00..796071.18 rows=344130 width=4) (actual time=27554.539..37939.512 rows=151912 loops=1)
        Filter: ((person_id < 3935622) AND (role_id > 10))
        Rows Removed by Filter: 36092432
  ->  Hash  (cost=148924.19..148924.19 rows=460978 width=8) (actual time=5840.293..5840.293 rows=459925 loops=1)
        Buckets: 131072  Batches: 8  Memory Usage: 3275kB
        ->  Hash Join  (cost=102767.86..148924.19 rows=460978 width=8) (actual time=3866.928..5677.371 rows=459925 loops=1)
              Hash Cond: (mi_idx.movie_id = t.id)
              ->  Seq Scan on movie_info_idx mi_idx  (cost=0.00..25185.44 rows=460978 width=4) (actual time=0.024..995.777 rows=459925 loops=1)
                    Filter: (info_type_id = 99)
                    Rows Removed by Filter: 920110
              ->  Hash  (cost=61283.27..61283.27 rows=2528527 width=4) (actual time=3864.696..3864.696 rows=2528312 loops=1)
                    Buckets: 131072  Batches: 64  Memory Usage: 2415kB
                    ->  Seq Scan on title t  (cost=0.00..61283.27 rows=2528527 width=4) (actual time=0.015..2925.596 rows=2528312 loops=1)
Planning time: 39.008 ms
Execution time: 44040.850 ms
