Seq Scan on movie_keyword mk  (cost=0.00..81003.12 rows=1843485 width=0) (actual time=0.023..3648.648 rows=1855843 loops=1)
  Filter: (keyword_id < 3089)
  Rows Removed by Filter: 2668087
Planning time: 0.427 ms
Execution time: 3930.529 ms
