Hash Join  (cost=441219.74..1493707.44 rows=1818850 width=0) (actual time=9074.353..33857.132 rows=3197130 loops=1)
  Hash Cond: (ci.movie_id = t.id)
  ->  Seq Scan on cast_info ci  (cost=0.00..614943.12 rows=36225612 width=4) (actual time=0.015..12440.136 rows=36244344 loops=1)
  ->  Hash  (cost=439136.80..439136.80 rows=126955 width=8) (actual time=9073.598..9073.598 rows=57917 loops=1)
        Buckets: 131072  Batches: 2  Memory Usage: 2172kB
        ->  Hash Join  (cost=82474.87..439136.80 rows=126955 width=8) (actual time=8102.861..9054.814 rows=57917 loops=1)
              Hash Cond: (mi.movie_id = t.id)
              ->  Seq Scan on movie_info mi  (cost=0.00..346232.03 rows=616095 width=4) (actual time=6610.288..7247.824 rows=598457 loops=1)
                    Filter: (info_type_id = 15)
                    Rows Removed by Filter: 14237263
              ->  Hash  (cost=73925.90..73925.90 rows=521037 width=4) (actual time=1450.325..1450.325 rows=557941 loops=1)
                    Buckets: 131072  Batches: 8  Memory Usage: 3482kB
                    ->  Seq Scan on title t  (cost=0.00..73925.90 rows=521037 width=4) (actual time=0.026..1270.544 rows=557941 loops=1)
                          Filter: ((kind_id > 3) AND (production_year > 2007))
                          Rows Removed by Filter: 1970371
Planning time: 1.175 ms
Execution time: 34205.793 ms
