Seq Scan on movie_keyword mk  (cost=0.00..81003.12 rows=246 width=0) (actual time=13.642..1195.609 rows=74 loops=1)
  Filter: (keyword_id = 28194)
  Rows Removed by Filter: 4523856
Planning time: 0.405 ms
Execution time: 1195.771 ms
