Seq Scan on cast_info ci  (cost=0.00..705507.15 rows=500 width=0) (actual time=5341.277..11531.949 rows=101 loops=1)
  Filter: (person_id = 2743726)
  Rows Removed by Filter: 36244243
Planning time: 0.290 ms
Execution time: 11532.040 ms
