Hash Join  (cost=235409.37..779397.65 rows=6015136 width=0) (actual time=4994.339..29568.271 rows=56190782 loops=1)
  Hash Cond: (mi.movie_id = t.id)
  ->  Seq Scan on movie_info mi  (cost=0.00..309384.22 rows=14739122 width=4) (actual time=0.024..5844.177 rows=14835720 loops=1)
  ->  Hash  (cost=218479.50..218479.50 rows=1031909 width=8) (actual time=4992.611..4992.611 rows=1036382 loops=1)
        Buckets: 131072  Batches: 16  Memory Usage: 3692kB
        ->  Hash Join  (cost=102767.86..218479.50 rows=1031909 width=8) (actual time=1979.647..4672.993 rows=1036382 loops=1)
              Hash Cond: (mk.movie_id = t.id)
              ->  Seq Scan on movie_keyword mk  (cost=0.00..81003.12 rows=1031909 width=4) (actual time=0.015..1424.350 rows=1036382 loops=1)
                    Filter: (keyword_id > 17116)
                    Rows Removed by Filter: 3487548
              ->  Hash  (cost=61283.27..61283.27 rows=2528527 width=4) (actual time=1978.505..1978.505 rows=2528312 loops=1)
                    Buckets: 131072  Batches: 64  Memory Usage: 2425kB
                    ->  Seq Scan on title t  (cost=0.00..61283.27 rows=2528527 width=4) (actual time=0.022..1120.234 rows=2528312 loops=1)
Planning time: 1.100 ms
Execution time: 35324.000 ms
