Hash Join  (cost=69283.60..196495.84 rows=154897 width=0) (actual time=1007.241..3997.566 rows=215024 loops=1)
  Hash Cond: (mk.movie_id = t.id)
  ->  Seq Scan on movie_keyword mk  (cost=0.00..81003.12 rows=3827771 width=4) (actual time=0.021..1791.482 rows=3823004 loops=1)
        Filter: (keyword_id < 26893)
        Rows Removed by Filter: 700926
  ->  Hash  (cost=67604.59..67604.59 rows=102321 width=4) (actual time=1006.405..1006.405 rows=100537 loops=1)
        Buckets: 131072  Batches: 2  Memory Usage: 2803kB
        ->  Seq Scan on title t  (cost=0.00..67604.59 rows=102321 width=4) (actual time=0.020..969.999 rows=100537 loops=1)
              Filter: (kind_id = 3)
              Rows Removed by Filter: 2427775
Planning time: 0.686 ms
Execution time: 4024.800 ms
