Seq Scan on cast_info ci  (cost=0.00..705507.15 rows=500 width=0) (actual time=3572.277..10969.875 rows=59 loops=1)
  Filter: (person_id = 531796)
  Rows Removed by Filter: 36244285
Planning time: 0.364 ms
Execution time: 10969.983 ms
