Hash Join  (cost=947198.60..1486145.09 rows=5542556 width=0) (actual time=17472.448..32207.934 rows=5199735 loops=1)
  Hash Cond: (mi.movie_id = t.id)
  ->  Seq Scan on movie_info mi  (cost=0.00..309384.22 rows=14739122 width=4) (actual time=0.012..6301.419 rows=14835720 loops=1)
  ->  Hash  (cost=931598.14..931598.14 rows=950837 width=8) (actual time=17471.389..17471.389 rows=454343 loops=1)
        Buckets: 131072  Batches: 16  Memory Usage: 2147kB
        ->  Hash Join  (cost=102767.86..931598.14 rows=950837 width=8) (actual time=2377.015..17349.227 rows=454343 loops=1)
              Hash Cond: (ci.movie_id = t.id)
              ->  Seq Scan on cast_info ci  (cost=0.00..796071.18 rows=950837 width=4) (actual time=560.644..14500.260 rows=454343 loops=1)
                    Filter: ((person_id < 3019388) AND (role_id = 9))
                    Rows Removed by Filter: 35790001
              ->  Hash  (cost=61283.27..61283.27 rows=2528527 width=4) (actual time=1815.230..1815.230 rows=2528312 loops=1)
                    Buckets: 131072  Batches: 64  Memory Usage: 2415kB
                    ->  Seq Scan on title t  (cost=0.00..61283.27 rows=2528527 width=4) (actual time=0.023..966.970 rows=2528312 loops=1)
Planning time: 1.206 ms
Execution time: 32781.934 ms
