Seq Scan on movie_keyword mk  (cost=0.00..81003.12 rows=3230054 width=0) (actual time=0.021..1673.408 rows=3218155 loops=1)
  Filter: (keyword_id < 13458)
  Rows Removed by Filter: 1305775
Planning time: 0.328 ms
Execution time: 2071.089 ms
