Seq Scan on movie_companies mc  (cost=0.00..51404.11 rows=1435332 width=0) (actual time=0.019..902.803 rows=1426444 loops=1)
  Filter: (company_id < 12591)
  Rows Removed by Filter: 1182685
Planning time: 0.335 ms
Execution time: 1076.957 ms
