Hash Join  (cost=252810.60..423151.73 rows=3260664 width=0) (actual time=6131.094..15756.603 rows=27354770 loops=1)
  Hash Cond: (mk.movie_id = t.id)
  ->  Seq Scan on movie_keyword mk  (cost=0.00..81003.12 rows=3759073 width=4) (actual time=0.025..1771.551 rows=3758910 loops=1)
        Filter: (keyword_id > 720)
        Rows Removed by Filter: 765020
  ->  Hash  (cost=216826.67..216826.67 rows=2193274 width=8) (actual time=6129.221..6129.221 rows=2190351 loops=1)
        Buckets: 131072  Batches: 32  Memory Usage: 3735kB
        ->  Hash Join  (cost=102767.86..216826.67 rows=2193274 width=8) (actual time=1966.000..5499.346 rows=2190351 loops=1)
              Hash Cond: (mc.movie_id = t.id)
              ->  Seq Scan on movie_companies mc  (cost=0.00..51404.11 rows=2193274 width=4) (actual time=0.024..1101.086 rows=2190351 loops=1)
                    Filter: (company_id < 80150)
                    Rows Removed by Filter: 418778
              ->  Hash  (cost=61283.27..61283.27 rows=2528527 width=4) (actual time=1964.779..1964.779 rows=2528312 loops=1)
                    Buckets: 131072  Batches: 64  Memory Usage: 2415kB
                    ->  Seq Scan on title t  (cost=0.00..61283.27 rows=2528527 width=4) (actual time=0.020..1146.779 rows=2528312 loops=1)
Planning time: 1.171 ms
Execution time: 18760.532 ms
