Seq Scan on movie_keyword mk  (cost=0.00..81003.12 rows=2224322 width=0) (actual time=0.010..1445.179 rows=2220659 loops=1)
  Filter: (keyword_id < 4531)
  Rows Removed by Filter: 2303271
Planning time: 0.341 ms
Execution time: 1722.279 ms
