Hash Join  (cost=102767.86..1130969.77 rows=9236476 width=0) (actual time=3362.736..24847.922 rows=10309593 loops=1)
  Hash Cond: (ci.movie_id = t.id)
  ->  Seq Scan on cast_info ci  (cost=0.00..796071.18 rows=9236476 width=4) (actual time=1361.602..14508.575 rows=10309593 loops=1)
        Filter: ((person_id < 1072586) AND (role_id < 9))
        Rows Removed by Filter: 25934751
  ->  Hash  (cost=61283.27..61283.27 rows=2528527 width=4) (actual time=1960.833..1960.833 rows=2528312 loops=1)
        Buckets: 131072  Batches: 64  Memory Usage: 2415kB
        ->  Seq Scan on title t  (cost=0.00..61283.27 rows=2528527 width=4) (actual time=0.023..1128.919 rows=2528312 loops=1)
Planning time: 2.920 ms
Execution time: 26021.983 ms
