Hash Join  (cost=865366.54..1425342.44 rows=7513497 width=0) (actual time=14595.503..41424.122 rows=60458529 loops=1)
  Hash Cond: (mi.movie_id = t.id)
  ->  Seq Scan on movie_info mi  (cost=0.00..309384.22 rows=14739122 width=4) (actual time=0.009..6015.772 rows=14835720 loops=1)
  ->  Hash  (cost=844219.59..844219.59 rows=1288956 width=8) (actual time=14594.420..14594.420 rows=1194798 loops=1)
        Buckets: 131072  Batches: 32  Memory Usage: 2542kB
        ->  Hash Join  (cost=83810.17..844219.59 rows=1288956 width=8) (actual time=3753.887..14230.255 rows=1194798 loops=1)
              Hash Cond: (ci.movie_id = t.id)
              ->  Seq Scan on cast_info ci  (cost=0.00..705507.15 rows=3299656 width=4) (actual time=2338.830..10082.530 rows=3320773 loops=1)
                    Filter: (person_id > 3450950)
                    Rows Removed by Filter: 32923571
              ->  Hash  (cost=67604.59..67604.59 rows=987727 width=4) (actual time=1414.284..1414.284 rows=985048 loops=1)
                    Buckets: 131072  Batches: 16  Memory Usage: 3188kB
                    ->  Seq Scan on title t  (cost=0.00..67604.59 rows=987727 width=4) (actual time=0.016..1084.699 rows=985048 loops=1)
                          Filter: (kind_id < 7)
                          Rows Removed by Filter: 1543264
Planning time: 0.788 ms
Execution time: 47516.808 ms
