Hash Join  (cost=345671.01..2011316.70 rows=47899627 width=0) (actual time=8704.326..76580.367 rows=147255076 loops=1)
  Hash Cond: (ci.movie_id = t.id)
  ->  Seq Scan on cast_info ci  (cost=0.00..705507.15 rows=30405364 width=4) (actual time=399.656..17342.154 rows=30511650 loops=1)
        Filter: (role_id < 9)
        Rows Removed by Filter: 5732694
  ->  Hash  (cost=280319.01..280319.01 rows=3983360 width=8) (actual time=8302.495..8302.495 rows=4348171 loops=1)
        Buckets: 131072  Batches: 64  Memory Usage: 3716kB
        ->  Hash Join  (cost=104131.46..280319.01 rows=3983360 width=8) (actual time=2063.043..7034.119 rows=4348171 loops=1)
              Hash Cond: (mk.movie_id = t.id)
              ->  Seq Scan on movie_keyword mk  (cost=0.00..69693.30 rows=4523930 width=4) (actual time=0.029..1353.447 rows=4523930 loops=1)
              ->  Hash  (cost=67604.59..67604.59 rows=2226390 width=4) (actual time=2061.205..2061.205 rows=2224569 loops=1)
                    Buckets: 131072  Batches: 32  Memory Usage: 3472kB
                    ->  Seq Scan on title t  (cost=0.00..67604.59 rows=2226390 width=4) (actual time=0.017..1313.193 rows=2224569 loops=1)
                          Filter: (production_year < 2012)
                          Rows Removed by Filter: 303743
Planning time: 1.216 ms
Execution time: 92402.083 ms
