Hash Join  (cost=102767.86..1256730.41 rows=18226548 width=0) (actual time=2008.997..31834.618 rows=18104029 loops=1)
  Hash Cond: (ci.movie_id = t.id)
  ->  Seq Scan on cast_info ci  (cost=0.00..705507.15 rows=18226548 width=4) (actual time=0.025..14691.456 rows=18104029 loops=1)
        Filter: (person_id < 1796897)
        Rows Removed by Filter: 18140315
  ->  Hash  (cost=61283.27..61283.27 rows=2528527 width=4) (actual time=2008.113..2008.113 rows=2528312 loops=1)
        Buckets: 131072  Batches: 64  Memory Usage: 2415kB
        ->  Seq Scan on title t  (cost=0.00..61283.27 rows=2528527 width=4) (actual time=0.012..1152.394 rows=2528312 loops=1)
Planning time: 0.738 ms
Execution time: 33871.279 ms
