Seq Scan on movie_keyword mk  (cost=0.00..81003.12 rows=2825052 width=0) (actual time=0.024..1554.315 rows=2817008 loops=1)
  Filter: (keyword_id > 2687)
  Rows Removed by Filter: 1706922
Planning time: 0.301 ms
Execution time: 1908.430 ms
