Hash Join  (cost=472182.42..1218096.39 rows=451156 width=0) (actual time=9562.530..24520.511 rows=3069765 loops=1)
  Hash Cond: (ci.movie_id = t.id)
  ->  Seq Scan on cast_info ci  (cost=0.00..705507.15 rows=2974734 width=4) (actual time=0.026..12539.149 rows=3044871 loops=1)
        Filter: (person_id > 3498899)
        Rows Removed by Filter: 33199473
  ->  Hash  (cost=465890.89..465890.89 rows=383483 width=8) (actual time=9561.539..9561.539 rows=591878 loops=1)
        Buckets: 131072  Batches: 8  Memory Usage: 3929kB
        ->  Hash Join  (cost=79111.30..465890.89 rows=383483 width=8) (actual time=4992.106..9382.697 rows=591878 loops=1)
              Hash Cond: (mi.movie_id = t.id)
              ->  Seq Scan on movie_info mi  (cost=0.00..346232.03 rows=3068194 width=4) (actual time=1967.007..6123.307 rows=3036719 loops=1)
                    Filter: (info_type_id = 16)
                    Rows Removed by Filter: 11799001
              ->  Hash  (cost=73925.90..73925.90 rows=316032 width=4) (actual time=1421.000..1421.000 rows=400740 loops=1)
                    Buckets: 131072  Batches: 8  Memory Usage: 2801kB
                    ->  Seq Scan on title t  (cost=0.00..73925.90 rows=316032 width=4) (actual time=191.804..1292.484 rows=400740 loops=1)
                          Filter: ((production_year < 2003) AND (kind_id = 1))
                          Rows Removed by Filter: 2127572
Planning time: 1.142 ms
Execution time: 24862.822 ms
