Hash Join  (cost=82257.13..451508.73 rows=311283 width=0) (actual time=2737.200..8096.974 rows=799950 loops=1)
  Hash Cond: (mi.movie_id = t.id)
  ->  Seq Scan on movie_info mi  (cost=0.00..346232.03 rows=1550064 width=4) (actual time=1303.852..5074.806 rows=1533909 loops=1)
        Filter: (info_type_id = 3)
        Rows Removed by Filter: 13301811
  ->  Hash  (cost=73925.90..73925.90 rows=507778 width=4) (actual time=1344.710..1344.710 rows=524129 loops=1)
        Buckets: 131072  Batches: 8  Memory Usage: 3348kB
        ->  Seq Scan on title t  (cost=0.00..73925.90 rows=507778 width=4) (actual time=180.065..1175.406 rows=524129 loops=1)
              Filter: ((kind_id < 2) AND (production_year < 2010))
              Rows Removed by Filter: 2004183
Planning time: 0.747 ms
Execution time: 8199.045 ms
