Hash Join  (cost=988092.14..1602210.21 rows=10860924 width=0) (actual time=20893.146..45292.614 rows=42528040 loops=1)
  Hash Cond: (mi.movie_id = t.id)
  ->  Seq Scan on movie_info mi  (cost=0.00..309384.22 rows=14739122 width=4) (actual time=0.014..5981.361 rows=14835720 loops=1)
  ->  Hash  (cost=957522.96..957522.96 rows=1863214 width=8) (actual time=20892.162..20892.162 rows=1999917 loops=1)
        Buckets: 131072  Batches: 32  Memory Usage: 3517kB
        ->  Hash Join  (cost=83810.17..957522.96 rows=1863214 width=8) (actual time=11526.363..20292.665 rows=1999917 loops=1)
              Hash Cond: (ci.movie_id = t.id)
              ->  Seq Scan on cast_info ci  (cost=0.00..796071.18 rows=4769725 width=4) (actual time=10003.978..15454.396 rows=5255776 loops=1)
                    Filter: ((person_id < 2415129) AND (role_id = 2))
                    Rows Removed by Filter: 30988568
              ->  Hash  (cost=67604.59..67604.59 rows=987727 width=4) (actual time=1521.073..1521.073 rows=985048 loops=1)
                    Buckets: 131072  Batches: 16  Memory Usage: 3188kB
                    ->  Seq Scan on title t  (cost=0.00..67604.59 rows=987727 width=4) (actual time=0.029..1230.641 rows=985048 loops=1)
                          Filter: (kind_id < 7)
                          Rows Removed by Filter: 1543264
Planning time: 1.189 ms
Execution time: 49856.381 ms
