Seq Scan on cast_info ci  (cost=0.00..705507.15 rows=27989316 width=0) (actual time=0.024..13058.006 rows=28126398 loops=1)
  Filter: (person_id > 793851)
  Rows Removed by Filter: 8117946
Planning time: 0.347 ms
Execution time: 16544.392 ms
