Hash Join  (cost=73950.44..825020.84 rows=28123 width=0) (actual time=1112.251..16983.698 rows=68790 loops=1)
  Hash Cond: (ci.movie_id = t.id)
  ->  Seq Scan on cast_info ci  (cost=0.00..614943.12 rows=36225612 width=4) (actual time=0.025..8582.517 rows=36244344 loops=1)
  ->  Hash  (cost=73925.90..73925.90 rows=1963 width=4) (actual time=1112.028..1112.028 rows=4252 loops=1)
        Buckets: 8192 (originally 2048)  Batches: 1 (originally 1)  Memory Usage: 214kB
        ->  Seq Scan on title t  (cost=0.00..73925.90 rows=1963 width=4) (actual time=0.069..1109.883 rows=4252 loops=1)
              Filter: ((kind_id = 1) AND (production_year = 1972))
              Rows Removed by Filter: 2524060
Planning time: 0.756 ms
Execution time: 16997.808 ms
