Nested Loop  (cost=81448.40..107305.50 rows=5 width=0) (actual time=1136.208..1442.916 rows=33 loops=1)
  Join Filter: (mi_idx.movie_id = t.id)
  ->  Hash Join  (cost=81447.98..107189.37 rows=28 width=8) (actual time=1136.153..1442.275 rows=33 loops=1)
        Hash Cond: (mi_idx.movie_id = mk.movie_id)
        ->  Seq Scan on movie_info_idx mi_idx  (cost=0.00..25185.44 rows=368 width=4) (actual time=92.373..398.419 rows=260 loops=1)
              Filter: (info_type_id > 101)
              Rows Removed by Filter: 1379775
        ->  Hash  (cost=81003.12..81003.12 rows=35588 width=4) (actual time=1043.376..1043.376 rows=34710 loops=1)
              Buckets: 65536  Batches: 1  Memory Usage: 1733kB
              ->  Seq Scan on movie_keyword mk  (cost=0.00..81003.12 rows=35588 width=4) (actual time=0.047..1029.395 rows=34710 loops=1)
                    Filter: (keyword_id = 2488)
                    Rows Removed by Filter: 4489220
  ->  Index Only Scan using title_pkey on title t  (cost=0.43..4.14 rows=1 width=4) (actual time=0.018..0.019 rows=1 loops=33)
        Index Cond: (id = mk.movie_id)
        Heap Fetches: 33
Planning time: 1.134 ms
Execution time: 1443.236 ms
