Hash Join  (cost=1001382.95..1177827.78 rows=4004488 width=0) (actual time=18445.398..24068.935 rows=7321872 loops=1)
  Hash Cond: (mk.movie_id = t.id)
  ->  Seq Scan on movie_keyword mk  (cost=0.00..69693.30 rows=4523930 width=4) (actual time=0.015..1416.867 rows=4523930 loops=1)
  ->  Hash  (cost=964662.46..964662.46 rows=2238199 width=8) (actual time=18444.132..18444.132 rows=1474676 loops=1)
        Buckets: 131072  Batches: 32  Memory Usage: 2824kB
        ->  Hash Join  (cost=106187.82..964662.46 rows=2238199 width=8) (actual time=12722.081..17937.581 rows=1474676 loops=1)
              Hash Cond: (ci.movie_id = t.id)
              ->  Seq Scan on cast_info ci  (cost=0.00..796071.18 rows=2406493 width=4) (actual time=9723.704..12577.334 rows=1516627 loops=1)
                    Filter: ((person_id < 2200456) AND (role_id = 3))
                    Rows Removed by Filter: 34727717
              ->  Hash  (cost=67604.59..67604.59 rows=2351699 width=4) (actual time=2997.524..2997.524 rows=2346476 loops=1)
                    Buckets: 131072  Batches: 32  Memory Usage: 3606kB
                    ->  Seq Scan on title t  (cost=0.00..67604.59 rows=2351699 width=4) (actual time=0.017..1484.947 rows=2346476 loops=1)
                          Filter: (production_year > 1927)
                          Rows Removed by Filter: 181836
Planning time: 1.061 ms
Execution time: 24900.245 ms
