Nested Loop  (cost=349263.58..1059006.47 rows=37 width=0) (actual time=15704.913..17281.239 rows=2 loops=1)
  Join Filter: (ci.movie_id = t.id)
  ->  Hash Join  (cost=349263.15..1058875.96 rows=91 width=8) (actual time=15704.773..17281.030 rows=2 loops=1)
        Hash Cond: (ci.movie_id = mi.movie_id)
        ->  Seq Scan on cast_info ci  (cost=0.00..705507.15 rows=500 width=4) (actual time=523.121..11683.811 rows=242 loops=1)
              Filter: (person_id = 1886571)
              Rows Removed by Filter: 36244102
        ->  Hash  (cost=346232.03..346232.03 rows=184730 width=4) (actual time=5574.200..5574.200 rows=180112 loops=1)
              Buckets: 131072  Batches: 4  Memory Usage: 2577kB
              ->  Seq Scan on movie_info mi  (cost=0.00..346232.03 rows=184730 width=4) (actual time=3912.377..5520.201 rows=180112 loops=1)
                    Filter: (info_type_id = 13)
                    Rows Removed by Filter: 14655608
  ->  Index Only Scan using title_pkey on title t  (cost=0.43..1.42 rows=1 width=4) (actual time=0.073..0.074 rows=1 loops=2)
        Index Cond: (id = mi.movie_id)
        Heap Fetches: 2
Planning time: 1.203 ms
Execution time: 17281.610 ms
