Hash Join  (cost=88391.98..221641.59 rows=1130725 width=0) (actual time=1499.203..4966.987 rows=269565 loops=1)
  Hash Cond: (mk.movie_id = t.id)
  ->  Seq Scan on movie_keyword mk  (cost=0.00..81003.12 rows=3242730 width=4) (actual time=0.030..1649.950 rows=3230475 loops=1)
        Filter: (keyword_id > 1679)
        Rows Removed by Filter: 1293455
  ->  Hash  (cost=73925.90..73925.90 rows=881686 width=4) (actual time=1498.186..1498.186 rows=801513 loops=1)
        Buckets: 131072  Batches: 16  Memory Usage: 2792kB
        ->  Seq Scan on title t  (cost=0.00..73925.90 rows=881686 width=4) (actual time=416.288..1235.166 rows=801513 loops=1)
              Filter: ((production_year < 2006) AND (kind_id = 7))
              Rows Removed by Filter: 1726799
Planning time: 0.713 ms
Execution time: 5000.561 ms
