Seq Scan on movie_keyword mk  (cost=0.00..81003.12 rows=246 width=0) (actual time=19.472..1038.219 rows=141 loops=1)
  Filter: (keyword_id = 72980)
  Rows Removed by Filter: 4523789
Planning time: 0.325 ms
Execution time: 1038.409 ms
