Hash Join  (cost=915098.34..1288690.75 rows=136857 width=0) (actual time=17036.089..23188.551 rows=536595 loops=1)
  Hash Cond: (mi.movie_id = t.id)
  ->  Seq Scan on movie_info mi  (cost=0.00..346232.03 rows=2194617 width=4) (actual time=1131.247..6118.477 rows=2233850 loops=1)
        Filter: (info_type_id > 16)
        Rows Removed by Filter: 12601870
  ->  Hash  (cost=912511.34..912511.34 rows=157680 width=8) (actual time=15903.948..15903.948 rows=241497 loops=1)
        Buckets: 131072  Batches: 4  Memory Usage: 3390kB
        ->  Hash Join  (cost=102767.86..912511.34 rows=157680 width=8) (actual time=7256.229..15832.320 rows=241497 loops=1)
              Hash Cond: (ci.movie_id = t.id)
              ->  Seq Scan on cast_info ci  (cost=0.00..796071.18 rows=157680 width=4) (actual time=5161.629..13162.338 rows=241497 loops=1)
                    Filter: ((person_id > 1985665) AND (role_id = 11))
                    Rows Removed by Filter: 36002847
              ->  Hash  (cost=61283.27..61283.27 rows=2528527 width=4) (actual time=2093.492..2093.492 rows=2528312 loops=1)
                    Buckets: 131072  Batches: 64  Memory Usage: 2415kB
                    ->  Seq Scan on title t  (cost=0.00..61283.27 rows=2528527 width=4) (actual time=0.025..1234.786 rows=2528312 loops=1)
Planning time: 0.776 ms
Execution time: 23260.637 ms
