Seq Scan on cast_info ci  (cost=0.00..796071.18 rows=1662279 width=0) (actual time=10399.657..16019.495 rows=1637242 loops=1)
  Filter: ((person_id > 147622) AND (role_id = 8))
  Rows Removed by Filter: 34607102
Planning time: 0.371 ms
Execution time: 16221.820 ms
