Hash Join  (cost=796579.17..823489.75 rows=10 width=0) (actual time=11229.620..11727.027 rows=33 loops=1)
  Hash Cond: (mi_idx.movie_id = t.id)
  ->  Seq Scan on movie_info_idx mi_idx  (cost=0.00..21735.35 rows=1380035 width=4) (actual time=0.011..305.998 rows=1380035 loops=1)
  ->  Hash  (cost=796578.93..796578.93 rows=19 width=8) (actual time=11167.211..11167.211 rows=11 loops=1)
        Buckets: 1024  Batches: 1  Memory Usage: 9kB
        ->  Nested Loop  (cost=0.43..796578.93 rows=19 width=8) (actual time=3184.249..11167.176 rows=11 loops=1)
              ->  Seq Scan on cast_info ci  (cost=0.00..796071.18 rows=60 width=4) (actual time=3184.137..11166.761 rows=11 loops=1)
                    Filter: ((person_id = 49815) AND (role_id = 10))
                    Rows Removed by Filter: 36244333
              ->  Index Scan using title_pkey on title t  (cost=0.43..8.45 rows=1 width=4) (actual time=0.033..0.033 rows=1 loops=11)
                    Index Cond: (id = ci.movie_id)
                    Filter: ((kind_id < 7) AND (production_year < 2011))
Planning time: 1.432 ms
Execution time: 11727.196 ms
