Seq Scan on movie_keyword mk  (cost=0.00..81003.12 rows=1314601 width=0) (actual time=0.018..1389.093 rows=1326704 loops=1)
  Filter: (keyword_id > 13018)
  Rows Removed by Filter: 3197226
Planning time: 0.207 ms
Execution time: 1559.305 ms
