Seq Scan on movie_keyword mk  (cost=0.00..81003.12 rows=246 width=0) (actual time=3.020..1312.643 rows=717 loops=1)
  Filter: (keyword_id = 3642)
  Rows Removed by Filter: 4523213
Planning time: 0.336 ms
Execution time: 1312.969 ms
