Hash Join  (cost=322323.87..1036738.47 rows=18533987 width=0) (actual time=7282.565..55089.435 rows=171671621 loops=1)
  Hash Cond: (mi.movie_id = t.id)
  ->  Seq Scan on movie_info mi  (cost=0.00..309384.22 rows=14739122 width=4) (actual time=0.019..6096.980 rows=14835720 loops=1)
  ->  Hash  (cost=270158.57..270158.57 rows=3179544 width=8) (actual time=7280.519..7280.519 rows=3159855 loops=1)
        Buckets: 131072  Batches: 64  Memory Usage: 3057kB
        ->  Hash Join  (cost=102767.86..270158.57 rows=3179544 width=8) (actual time=1968.785..6402.304 rows=3159855 loops=1)
              Hash Cond: (mk.movie_id = t.id)
              ->  Seq Scan on movie_keyword mk  (cost=0.00..81003.12 rows=3179544 width=4) (actual time=0.017..1751.498 rows=3159855 loops=1)
                    Filter: (keyword_id > 1779)
                    Rows Removed by Filter: 1364075
              ->  Hash  (cost=61283.27..61283.27 rows=2528527 width=4) (actual time=1967.388..1967.388 rows=2528312 loops=1)
                    Buckets: 131072  Batches: 64  Memory Usage: 2425kB
                    ->  Seq Scan on title t  (cost=0.00..61283.27 rows=2528527 width=4) (actual time=0.025..1101.665 rows=2528312 loops=1)
Planning time: 5.561 ms
Execution time: 72432.569 ms
