Seq Scan on movie_companies mc  (cost=0.00..51404.11 rows=104 width=0) (actual time=299.059..879.229 rows=1 loops=1)
  Filter: (company_id = 165045)
  Rows Removed by Filter: 2609128
Planning time: 0.354 ms
Execution time: 879.301 ms
