Hash Join  (cost=52284.99..889638.27 rows=1446 width=0) (actual time=834.124..20585.312 rows=21459 loops=1)
  Hash Cond: (ci.movie_id = t.id)
  ->  Seq Scan on cast_info ci  (cost=0.00..705507.15 rows=35155111 width=4) (actual time=0.008..13618.717 rows=35148679 loops=1)
        Filter: (person_id < 3849160)
        Rows Removed by Filter: 1095665
  ->  Hash  (cost=52283.69..52283.69 rows=104 width=8) (actual time=823.951..823.951 rows=504 loops=1)
        Buckets: 1024  Batches: 1  Memory Usage: 28kB
        ->  Nested Loop  (cost=0.43..52283.69 rows=104 width=8) (actual time=476.938..823.703 rows=504 loops=1)
              ->  Seq Scan on movie_companies mc  (cost=0.00..51404.11 rows=104 width=4) (actual time=476.831..805.865 rows=504 loops=1)
                    Filter: (company_id = 76202)
                    Rows Removed by Filter: 2608625
              ->  Index Only Scan using title_pkey on title t  (cost=0.43..8.45 rows=1 width=4) (actual time=0.034..0.035 rows=1 loops=504)
                    Index Cond: (id = mc.movie_id)
                    Heap Fetches: 504
Planning time: 1.142 ms
Execution time: 20589.020 ms
