Seq Scan on cast_info ci  (cost=0.00..796071.18 rows=17504957 width=0) (actual time=0.043..15570.605 rows=21031932 loops=1)
  Filter: ((person_id > 895743) AND (role_id > 1))
  Rows Removed by Filter: 15212412
Planning time: 0.375 ms
Execution time: 18042.488 ms
