Hash Join  (cost=102767.86..218223.25 rows=2251279 width=0) (actual time=1718.048..5263.536 rows=2254196 loops=1)
  Hash Cond: (mc.movie_id = t.id)
  ->  Seq Scan on movie_companies mc  (cost=0.00..51404.11 rows=2251279 width=4) (actual time=0.017..1094.239 rows=2254196 loops=1)
        Filter: (company_id > 171)
        Rows Removed by Filter: 354933
  ->  Hash  (cost=61283.27..61283.27 rows=2528527 width=4) (actual time=1716.676..1716.676 rows=2528312 loops=1)
        Buckets: 131072  Batches: 64  Memory Usage: 2415kB
        ->  Seq Scan on title t  (cost=0.00..61283.27 rows=2528527 width=4) (actual time=0.018..909.411 rows=2528312 loops=1)
Planning time: 0.693 ms
Execution time: 5532.537 ms
