Nested Loop  (cost=0.43..83072.90 rows=130 width=0) (actual time=117.828..1283.392 rows=87 loops=1)
  ->  Seq Scan on movie_keyword mk  (cost=0.00..81003.12 rows=246 width=4) (actual time=0.284..1237.594 rows=1572 loops=1)
        Filter: (keyword_id = 9980)
        Rows Removed by Filter: 4522358
  ->  Index Scan using title_pkey on title t  (cost=0.43..8.40 rows=1 width=4) (actual time=0.028..0.028 rows=0 loops=1572)
        Index Cond: (id = mk.movie_id)
        Filter: ((production_year > 1961) AND (kind_id = 7))
        Rows Removed by Filter: 1
Planning time: 0.746 ms
Execution time: 1283.538 ms
