Hash Join  (cost=79422.14..878213.33 rows=14489 width=0) (actual time=10763.627..13962.682 rows=1072 loops=1)
  Hash Cond: (ci.movie_id = t.id)
  ->  Seq Scan on cast_info ci  (cost=0.00..796071.18 rows=109364 width=4) (actual time=9449.344..12609.630 rows=16955 loops=1)
        Filter: ((person_id < 1342905) AND (role_id = 7))
        Rows Removed by Filter: 36227389
  ->  Hash  (cost=73925.90..73925.90 rows=334979 width=4) (actual time=1312.449..1312.449 rows=198988 loops=1)
        Buckets: 131072  Batches: 8  Memory Usage: 1894kB
        ->  Seq Scan on title t  (cost=0.00..73925.90 rows=334979 width=4) (actual time=0.061..1243.803 rows=198988 loops=1)
              Filter: ((kind_id > 1) AND (production_year < 1976))
              Rows Removed by Filter: 2329324
Planning time: 0.566 ms
Execution time: 13963.140 ms
