Hash Join  (cost=83074.74..447745.01 rows=1434 width=0) (actual time=1284.347..8439.838 rows=12927 loops=1)
  Hash Cond: (mi.movie_id = t.id)
  ->  Seq Scan on movie_info mi  (cost=0.00..309384.22 rows=14739122 width=4) (actual time=0.009..4465.438 rows=14835720 loops=1)
  ->  Hash  (cost=83071.67..83071.67 rows=246 width=8) (actual time=1280.919..1280.919 rows=123 loops=1)
        Buckets: 1024  Batches: 1  Memory Usage: 13kB
        ->  Nested Loop  (cost=0.43..83071.67 rows=246 width=8) (actual time=11.340..1280.740 rows=123 loops=1)
              ->  Seq Scan on movie_keyword mk  (cost=0.00..81003.12 rows=246 width=4) (actual time=11.248..1272.524 rows=123 loops=1)
                    Filter: (keyword_id = 1505)
                    Rows Removed by Filter: 4523807
              ->  Index Only Scan using title_pkey on title t  (cost=0.43..8.40 rows=1 width=4) (actual time=0.061..0.062 rows=1 loops=123)
                    Index Cond: (id = mk.movie_id)
                    Heap Fetches: 123
Planning time: 1.149 ms
Execution time: 8442.278 ms
