Seq Scan on movie_keyword mk  (cost=0.00..81003.12 rows=2733807 width=0) (actual time=0.023..1393.371 rows=2726078 loops=1)
  Filter: (keyword_id < 7755)
  Rows Removed by Filter: 1797852
Planning time: 0.330 ms
Execution time: 1721.592 ms
