Hash Join  (cost=102767.86..1021787.71 rows=4698995 width=0) (actual time=2386.652..16046.044 rows=2013831 loops=1)
  Hash Cond: (ci.movie_id = t.id)
  ->  Seq Scan on cast_info ci  (cost=0.00..796071.18 rows=4698995 width=4) (actual time=431.740..12021.888 rows=2013831 loops=1)
        Filter: ((person_id < 695011) AND (role_id > 1))
        Rows Removed by Filter: 34230513
  ->  Hash  (cost=61283.27..61283.27 rows=2528527 width=4) (actual time=1925.109..1925.109 rows=2528312 loops=1)
        Buckets: 131072  Batches: 64  Memory Usage: 2415kB
        ->  Seq Scan on title t  (cost=0.00..61283.27 rows=2528527 width=4) (actual time=0.030..1071.183 rows=2528312 loops=1)
Planning time: 0.775 ms
Execution time: 16298.410 ms
