Hash Join  (cost=797556.94..824467.58 rows=16 width=0) (actual time=12309.450..12821.237 rows=276 loops=1)
  Hash Cond: (mi_idx.movie_id = t.id)
  ->  Seq Scan on movie_info_idx mi_idx  (cost=0.00..21735.35 rows=1380035 width=4) (actual time=0.021..281.882 rows=1380035 loops=1)
  ->  Hash  (cost=797556.58..797556.58 rows=29 width=8) (actual time=12308.310..12308.310 rows=93 loops=1)
        Buckets: 1024  Batches: 1  Memory Usage: 12kB
        ->  Nested Loop  (cost=0.43..797556.58 rows=29 width=8) (actual time=12049.837..12308.244 rows=93 loops=1)
              ->  Seq Scan on cast_info ci  (cost=0.00..796071.18 rows=176 width=4) (actual time=12049.682..12291.969 rows=379 loops=1)
                    Filter: ((role_id = 1) AND (person_id = 214808))
                    Rows Removed by Filter: 36243965
              ->  Index Scan using title_pkey on title t  (cost=0.43..8.43 rows=1 width=4) (actual time=0.042..0.042 rows=0 loops=379)
                    Index Cond: (id = ci.movie_id)
                    Filter: ((production_year < 2007) AND (kind_id = 1))
                    Rows Removed by Filter: 1
Planning time: 1.252 ms
Execution time: 12821.466 ms
