Seq Scan on cast_info ci  (cost=0.00..796071.18 rows=435 width=0) (actual time=7124.689..13541.618 rows=48 loops=1)
  Filter: ((role_id < 10) AND (person_id = 3545332))
  Rows Removed by Filter: 36244296
Planning time: 0.404 ms
Execution time: 13541.744 ms
