Seq Scan on movie_keyword mk  (cost=0.00..81003.12 rows=3307020 width=0) (actual time=0.021..1491.311 rows=3300461 loops=1)
  Filter: (keyword_id > 1547)
  Rows Removed by Filter: 1223469
Planning time: 0.330 ms
Execution time: 1898.205 ms
