Hash Join  (cost=86302.32..172082.84 rows=778400 width=0) (actual time=1471.561..3972.058 rows=520074 loops=1)
  Hash Cond: (mc.movie_id = t.id)
  ->  Seq Scan on movie_companies mc  (cost=0.00..44881.29 rows=2609129 width=4) (actual time=0.018..975.746 rows=2609129 loops=1)
  ->  Hash  (cost=73925.90..73925.90 rows=754353 width=4) (actual time=1470.486..1470.486 rows=651007 loops=1)
        Buckets: 131072  Batches: 16  Memory Usage: 2455kB
        ->  Seq Scan on title t  (cost=0.00..73925.90 rows=754353 width=4) (actual time=0.013..1254.299 rows=651007 loops=1)
              Filter: ((kind_id > 2) AND (production_year < 2001))
              Rows Removed by Filter: 1877305
Planning time: 0.683 ms
Execution time: 4037.402 ms
