Seq Scan on movie_companies mc  (cost=0.00..51404.11 rows=1188618 width=0) (actual time=0.026..974.900 rows=1183484 loops=1)
  Filter: (company_id < 10295)
  Rows Removed by Filter: 1425645
Planning time: 0.326 ms
Execution time: 1123.171 ms
