Hash Join  (cost=74126.72..161072.18 rows=28743 width=0) (actual time=1277.785..2993.868 rows=68834 loops=1)
  Hash Cond: (mk.movie_id = t.id)
  ->  Seq Scan on movie_keyword mk  (cost=0.00..69693.30 rows=4523930 width=4) (actual time=0.023..1012.887 rows=4523930 loops=1)
  ->  Hash  (cost=73925.90..73925.90 rows=16065 width=4) (actual time=1119.042..1119.042 rows=9704 loops=1)
        Buckets: 16384  Batches: 1  Memory Usage: 470kB
        ->  Seq Scan on title t  (cost=0.00..73925.90 rows=16065 width=4) (actual time=51.994..1114.654 rows=9704 loops=1)
              Filter: ((kind_id = 1) AND (production_year = 2002))
              Rows Removed by Filter: 2518608
Planning time: 0.827 ms
Execution time: 3002.990 ms
