Hash Join  (cost=180899.15..707154.58 rows=4353150 width=0) (actual time=4390.864..31107.314 rows=51743540 loops=1)
  Hash Cond: (mi.movie_id = t.id)
  ->  Seq Scan on movie_info mi  (cost=0.00..309384.22 rows=14739122 width=4) (actual time=0.024..6213.596 rows=14835720 loops=1)
  ->  Hash  (cost=168646.26..168646.26 rows=746792 width=8) (actual time=4389.675..4389.675 rows=1370391 loops=1)
        Buckets: 131072 (originally 131072)  Batches: 32 (originally 16)  Memory Usage: 3073kB
        ->  Hash Join  (cost=83810.17..168646.26 rows=746792 width=8) (actual time=1472.738..4010.045 rows=1370391 loops=1)
              Hash Cond: (mc.movie_id = t.id)
              ->  Seq Scan on movie_companies mc  (cost=0.00..51404.11 rows=1911746 width=4) (actual time=0.023..1052.789 rows=1906543 loops=1)
                    Filter: (company_id < 45064)
                    Rows Removed by Filter: 702586
              ->  Hash  (cost=67604.59..67604.59 rows=987727 width=4) (actual time=1471.898..1471.898 rows=985048 loops=1)
                    Buckets: 131072  Batches: 16  Memory Usage: 3188kB
                    ->  Seq Scan on title t  (cost=0.00..67604.59 rows=987727 width=4) (actual time=0.018..1160.918 rows=985048 loops=1)
                          Filter: (kind_id < 7)
                          Rows Removed by Filter: 1543264
Planning time: 9.458 ms
Execution time: 37114.581 ms
