Hash Join  (cost=160593.12..895208.67 rows=717 width=0) (actual time=3312.118..16740.861 rows=20701 loops=1)
  Hash Cond: (ci.movie_id = t.id)
  ->  Seq Scan on cast_info ci  (cost=0.00..705507.15 rows=5820248 width=4) (actual time=709.960..13251.902 rows=5732694 loops=1)
        Filter: (role_id > 8)
        Rows Removed by Filter: 30511650
  ->  Hash  (cost=160589.23..160589.23 rows=311 width=8) (actual time=2599.791..2599.791 rows=5453 loops=1)
        Buckets: 8192 (originally 1024)  Batches: 1 (originally 1)  Memory Usage: 278kB
        ->  Hash Join  (cost=73928.08..160589.23 rows=311 width=8) (actual time=843.525..2597.508 rows=5453 loops=1)
              Hash Cond: (mk.movie_id = t.id)
              ->  Seq Scan on movie_keyword mk  (cost=0.00..69693.30 rows=4523930 width=4) (actual time=0.020..933.115 rows=4523930 loops=1)
              ->  Hash  (cost=73925.90..73925.90 rows=174 width=4) (actual time=842.536..842.536 rows=3217 loops=1)
                    Buckets: 4096 (originally 1024)  Batches: 1 (originally 1)  Memory Usage: 146kB
                    ->  Seq Scan on title t  (cost=0.00..73925.90 rows=174 width=4) (actual time=60.516..840.976 rows=3217 loops=1)
                          Filter: ((production_year > 2013) AND (kind_id = 1))
                          Rows Removed by Filter: 2525095
Planning time: 1.374 ms
Execution time: 16744.037 ms
