Seq Scan on cast_info ci  (cost=0.00..705507.15 rows=500 width=0) (actual time=2519.391..10949.584 rows=9 loops=1)
  Filter: (person_id = 2606714)
  Rows Removed by Filter: 36244335
Planning time: 0.459 ms
Execution time: 10949.713 ms
