Seq Scan on movie_companies mc  (cost=0.00..57926.93 rows=1322 width=0) (actual time=0.335..868.620 rows=2727 loops=1)
  Filter: ((company_type_id < 2) AND (company_id = 31))
  Rows Removed by Filter: 2606402
Planning time: 0.395 ms
Execution time: 869.264 ms
