Hash Join  (cost=175441.13..214281.07 rows=66847 width=0) (actual time=3238.892..4366.216 rows=369093 loops=1)
  Hash Cond: (mi_idx.movie_id = t.id)
  ->  Seq Scan on movie_info_idx mi_idx  (cost=0.00..21735.35 rows=1380035 width=4) (actual time=0.020..486.900 rows=1380035 loops=1)
  ->  Hash  (cost=173431.16..173431.16 rows=122477 width=8) (actual time=3237.886..3237.886 rows=191003 loops=1)
        Buckets: 131072 (originally 131072)  Batches: 4 (originally 2)  Memory Usage: 3073kB
        ->  Hash Join  (cost=82008.92..173431.16 rows=122477 width=8) (actual time=1371.922..3172.628 rows=191003 loops=1)
              Hash Cond: (mk.movie_id = t.id)
              ->  Seq Scan on movie_keyword mk  (cost=0.00..81003.12 rows=628627 width=4) (actual time=0.015..1382.826 rows=625964 loops=1)
                    Filter: (keyword_id < 486)
                    Rows Removed by Filter: 3897966
              ->  Hash  (cost=73925.90..73925.90 rows=492641 width=4) (actual time=1371.120..1371.120 rows=420285 loops=1)
                    Buckets: 131072  Batches: 8  Memory Usage: 2876kB
                    ->  Seq Scan on title t  (cost=0.00..73925.90 rows=492641 width=4) (actual time=0.015..1233.543 rows=420285 loops=1)
                          Filter: ((kind_id < 7) AND (production_year > 2002))
                          Rows Removed by Filter: 2108027
Planning time: 1.127 ms
Execution time: 4407.641 ms
