Seq Scan on movie_keyword mk  (cost=0.00..81003.12 rows=3279779 width=0) (actual time=0.024..1566.743 rows=3267050 loops=1)
  Filter: (keyword_id < 14304)
  Rows Removed by Filter: 1256880
Planning time: 0.320 ms
Execution time: 1973.465 ms
