Nested Loop  (cost=0.43..83072.29 rows=65 width=0) (actual time=0.181..1322.847 rows=299 loops=1)
  ->  Seq Scan on movie_keyword mk  (cost=0.00..81003.12 rows=246 width=4) (actual time=0.136..1300.127 rows=360 loops=1)
        Filter: (keyword_id = 12093)
        Rows Removed by Filter: 4523570
  ->  Index Scan using title_pkey on title t  (cost=0.43..8.40 rows=1 width=4) (actual time=0.060..0.061 rows=1 loops=360)
        Index Cond: (id = mk.movie_id)
        Filter: (kind_id = 1)
        Rows Removed by Filter: 0
Planning time: 0.785 ms
Execution time: 1323.149 ms
