Seq Scan on movie_companies mc  (cost=0.00..51404.11 rows=1711010 width=0) (actual time=0.029..966.223 rows=1702471 loops=1)
  Filter: (company_id < 21031)
  Rows Removed by Filter: 906658
Planning time: 0.328 ms
Execution time: 1199.005 ms
