Hash Join  (cost=69687.24..202751.20 rows=214552 width=0) (actual time=1161.520..4255.604 rows=192321 loops=1)
  Hash Cond: (mk.movie_id = t.id)
  ->  Seq Scan on movie_keyword mk  (cost=0.00..81003.12 rows=4273951 width=4) (actual time=0.021..1830.796 rows=4255669 loops=1)
        Filter: (keyword_id > 229)
        Rows Removed by Filter: 268261
  ->  Hash  (cost=67604.59..67604.59 rows=126932 width=4) (actual time=1160.078..1160.078 rows=122861 loops=1)
        Buckets: 131072  Batches: 2  Memory Usage: 3197kB
        ->  Seq Scan on title t  (cost=0.00..67604.59 rows=126932 width=4) (actual time=0.016..1112.931 rows=122861 loops=1)
              Filter: (production_year = 2008)
              Rows Removed by Filter: 2405451
Planning time: 0.582 ms
Execution time: 4277.800 ms
