Seq Scan on cast_info ci  (cost=0.00..796071.18 rows=101 width=0) (actual time=8212.284..11201.741 rows=31 loops=1)
  Filter: ((person_id = 2480560) AND (role_id = 2))
  Rows Removed by Filter: 36244313
Planning time: 0.465 ms
Execution time: 11201.865 ms
