Hash Join  (cost=232595.03..1429879.62 rows=15914141 width=0) (actual time=4710.092..35268.894 rows=8284361 loops=1)
  Hash Cond: (ci.movie_id = t.id)
  ->  Seq Scan on cast_info ci  (cost=0.00..614943.12 rows=36225612 width=4) (actual time=0.020..13265.505 rows=36244344 loops=1)
  ->  Hash  (cost=214370.06..214370.06 rows=1110798 width=8) (actual time=4708.703..4708.703 rows=242000 loops=1)
        Buckets: 131072  Batches: 16  Memory Usage: 1612kB
        ->  Hash Join  (cost=92883.59..214370.06 rows=1110798 width=8) (actual time=1955.671..4636.412 rows=242000 loops=1)
              Hash Cond: (mk.movie_id = t.id)
              ->  Seq Scan on movie_keyword mk  (cost=0.00..81003.12 rows=1822873 width=4) (actual time=0.026..1611.965 rows=1828715 loops=1)
                    Filter: (keyword_id < 3009)
                    Rows Removed by Filter: 2695215
              ->  Hash  (cost=67604.59..67604.59 rows=1540800 width=4) (actual time=1873.671..1873.671 rows=1543264 loops=1)
                    Buckets: 131072  Batches: 32  Memory Usage: 2728kB
                    ->  Seq Scan on title t  (cost=0.00..67604.59 rows=1540800 width=4) (actual time=325.916..1365.090 rows=1543264 loops=1)
                          Filter: (kind_id = 7)
                          Rows Removed by Filter: 985048
Planning time: 3.272 ms
Execution time: 36192.323 ms
