Seq Scan on cast_info ci  (cost=0.00..796071.18 rows=2270171 width=0) (actual time=0.020..12780.029 rows=3660747 loops=1)
  Filter: ((person_id > 1686404) AND (role_id = 10))
  Rows Removed by Filter: 32583597
Planning time: 0.399 ms
Execution time: 13240.943 ms
