Hash Join  (cost=102767.86..1528237.73 rows=29509952 width=0) (actual time=1862.331..45118.856 rows=29447380 loops=1)
  Hash Cond: (ci.movie_id = t.id)
  ->  Seq Scan on cast_info ci  (cost=0.00..705507.15 rows=29509952 width=4) (actual time=0.022..16464.772 rows=29447380 loops=1)
        Filter: (person_id < 2982313)
        Rows Removed by Filter: 6796964
  ->  Hash  (cost=61283.27..61283.27 rows=2528527 width=4) (actual time=1861.363..1861.363 rows=2528312 loops=1)
        Buckets: 131072  Batches: 64  Memory Usage: 2415kB
        ->  Seq Scan on title t  (cost=0.00..61283.27 rows=2528527 width=4) (actual time=0.022..1030.205 rows=2528312 loops=1)
Planning time: 0.887 ms
Execution time: 48484.233 ms
