Seq Scan on movie_keyword mk  (cost=0.00..81003.12 rows=58811 width=12) (actual time=0.022..1553.208 rows=58448 loops=1)
  Filter: (keyword_id = 16264)
  Rows Removed by Filter: 4465482
Planning time: 0.332 ms
Execution time: 1557.168 ms
