Seq Scan on movie_companies mc  (cost=0.00..51404.11 rows=104 width=0) (actual time=31.603..845.827 rows=45 loops=1)
  Filter: (company_id = 32174)
  Rows Removed by Filter: 2609084
Planning time: 0.365 ms
Execution time: 845.930 ms
