Hash Join  (cost=102767.86..1098691.24 rows=7895028 width=0) (actual time=1834.051..27103.205 rows=12239838 loops=1)
  Hash Cond: (ci.movie_id = t.id)
  ->  Seq Scan on cast_info ci  (cost=0.00..796071.18 rows=7895028 width=4) (actual time=0.023..14728.867 rows=12239838 loops=1)
        Filter: ((person_id > 2461892) AND (role_id > 1))
        Rows Removed by Filter: 24004506
  ->  Hash  (cost=61283.27..61283.27 rows=2528527 width=4) (actual time=1832.713..1832.713 rows=2528312 loops=1)
        Buckets: 131072  Batches: 64  Memory Usage: 2415kB
        ->  Seq Scan on title t  (cost=0.00..61283.27 rows=2528527 width=4) (actual time=0.018..1011.412 rows=2528312 loops=1)
Planning time: 0.754 ms
Execution time: 28487.452 ms
