Nested Loop  (cost=0.43..52284.21 rows=15 width=0) (actual time=173.803..765.730 rows=5 loops=1)
  ->  Seq Scan on movie_companies mc  (cost=0.00..51404.11 rows=104 width=4) (actual time=173.746..763.913 rows=93 loops=1)
        Filter: (company_id = 71416)
        Rows Removed by Filter: 2609036
  ->  Index Scan using title_pkey on title t  (cost=0.43..8.45 rows=1 width=4) (actual time=0.019..0.019 rows=0 loops=93)
        Index Cond: (id = mc.movie_id)
        Filter: ((kind_id < 7) AND (production_year > 2006))
        Rows Removed by Filter: 1
Planning time: 0.523 ms
Execution time: 765.807 ms
