Hash Join  (cost=172132.61..307001.38 rows=1056073 width=0) (actual time=4457.577..12035.039 rows=18475222 loops=1)
  Hash Cond: (mk.movie_id = t.id)
  ->  Seq Scan on movie_keyword mk  (cost=0.00..69693.30 rows=4523930 width=4) (actual time=0.018..1407.222 rows=4523930 loops=1)
  ->  Hash  (cost=162448.32..162448.32 rows=590263 width=8) (actual time=4456.261..4456.261 rows=1287816 loops=1)
        Buckets: 131072 (originally 131072)  Batches: 16 (originally 8)  Memory Usage: 4228kB
        ->  Hash Join  (cost=83810.17..162448.32 rows=590263 width=8) (actual time=1513.684..4073.959 rows=1287816 loops=1)
              Hash Cond: (mc.movie_id = t.id)
              ->  Seq Scan on movie_companies mc  (cost=0.00..51404.11 rows=1511041 width=4) (actual time=0.101..1150.295 rows=1518311 loops=1)
                    Filter: (company_id > 7264)
                    Rows Removed by Filter: 1090818
              ->  Hash  (cost=67604.59..67604.59 rows=987727 width=4) (actual time=1512.320..1512.320 rows=985048 loops=1)
                    Buckets: 131072  Batches: 16  Memory Usage: 3188kB
                    ->  Seq Scan on title t  (cost=0.00..67604.59 rows=987727 width=4) (actual time=0.019..1215.020 rows=985048 loops=1)
                          Filter: (kind_id < 7)
                          Rows Removed by Filter: 1543264
Planning time: 0.744 ms
Execution time: 14107.267 ms
