Seq Scan on movie_keyword mk  (cost=0.00..81003.12 rows=246 width=0) (actual time=55.204..1307.521 rows=67 loops=1)
  Filter: (keyword_id = 11242)
  Rows Removed by Filter: 4523863
Planning time: 0.378 ms
Execution time: 1307.664 ms
