Hash Join  (cost=176914.56..1081975.36 rows=406563 width=0) (actual time=6988.096..21494.326 rows=2379962 loops=1)
  Hash Cond: (ci.movie_id = t.id)
  ->  Seq Scan on cast_info ci  (cost=0.00..796071.18 rows=9035997 width=4) (actual time=3372.601..13635.662 rows=5532502 loops=1)
        Filter: ((person_id > 1981782) AND (role_id < 3))
        Rows Removed by Filter: 30711842
  ->  Hash  (cost=175047.46..175047.46 rows=113768 width=8) (actual time=3614.471..3614.471 rows=431078 loops=1)
        Buckets: 131072 (originally 131072)  Batches: 8 (originally 2)  Memory Usage: 3168kB
        ->  Hash Join  (cost=77761.90..175047.46 rows=113768 width=8) (actual time=1333.583..3480.836 rows=431078 loops=1)
              Hash Cond: (mk.movie_id = t.id)
              ->  Seq Scan on movie_keyword mk  (cost=0.00..81003.12 rows=1230599 width=4) (actual time=0.044..1401.579 rows=1239555 loops=1)
                    Filter: (keyword_id < 1578)
                    Rows Removed by Filter: 3284375
              ->  Hash  (cost=73925.90..73925.90 rows=233760 width=4) (actual time=1332.378..1332.378 rows=353075 loops=1)
                    Buckets: 131072 (originally 131072)  Batches: 8 (originally 4)  Memory Usage: 3073kB
                    ->  Seq Scan on title t  (cost=0.00..73925.90 rows=233760 width=4) (actual time=589.516..1207.870 rows=353075 loops=1)
                          Filter: ((production_year < 1997) AND (kind_id = 1))
                          Rows Removed by Filter: 2175237
Planning time: 0.796 ms
Execution time: 21780.560 ms
