Seq Scan on movie_keyword mk  (cost=0.00..81003.12 rows=3461638 width=0) (actual time=0.021..1477.724 rows=3452225 loops=1)
  Filter: (keyword_id < 16475)
  Rows Removed by Filter: 1071705
Planning time: 0.306 ms
Execution time: 1921.298 ms
