Nested Loop  (cost=0.43..83072.90 rows=4 width=0) (actual time=746.665..1241.645 rows=1 loops=1)
  ->  Seq Scan on movie_keyword mk  (cost=0.00..81003.12 rows=246 width=4) (actual time=18.225..1222.259 rows=286 loops=1)
        Filter: (keyword_id = 677)
        Rows Removed by Filter: 4523644
  ->  Index Scan using title_pkey on title t  (cost=0.43..8.40 rows=1 width=4) (actual time=0.066..0.066 rows=0 loops=286)
        Index Cond: (id = mk.movie_id)
        Filter: ((production_year < 1944) AND (kind_id = 1))
        Rows Removed by Filter: 1
Planning time: 2.167 ms
Execution time: 1241.736 ms
