Nested Loop  (cost=0.43..80404.93 rows=1767 width=0) (actual time=299.430..1081.674 rows=142 loops=1)
  ->  Seq Scan on movie_companies mc  (cost=0.00..57926.93 rows=2900 width=4) (actual time=285.978..970.533 rows=3254 loops=1)
        Filter: ((company_type_id < 2) AND (company_id = 73))
        Rows Removed by Filter: 2605875
  ->  Index Scan using title_pkey on title t  (cost=0.43..7.74 rows=1 width=4) (actual time=0.034..0.034 rows=0 loops=3254)
        Index Cond: (id = mc.movie_id)
        Filter: (kind_id = 7)
        Rows Removed by Filter: 1
Planning time: 0.761 ms
Execution time: 1081.833 ms
