Seq Scan on movie_companies mc  (cost=0.00..51404.11 rows=581492 width=0) (actual time=0.020..856.265 rows=577000 loops=1)
  Filter: (company_id < 636)
  Rows Removed by Filter: 2032129
Planning time: 0.364 ms
Execution time: 928.579 ms
