Hash Join  (cost=73982.55..130635.86 rows=2497 width=0) (actual time=1256.482..2125.413 rows=4735 loops=1)
  Hash Cond: (mc.movie_id = t.id)
  ->  Seq Scan on movie_companies mc  (cost=0.00..51404.11 rows=1393125 width=4) (actual time=0.020..748.565 rows=1379962 loops=1)
        Filter: (company_id < 11930)
        Rows Removed by Filter: 1229167
  ->  Hash  (cost=73925.90..73925.90 rows=4532 width=4) (actual time=1159.723..1159.723 rows=8404 loops=1)
        Buckets: 16384 (originally 8192)  Batches: 1 (originally 1)  Memory Usage: 424kB
        ->  Seq Scan on title t  (cost=0.00..73925.90 rows=4532 width=4) (actual time=0.151..1155.566 rows=8404 loops=1)
              Filter: ((kind_id = 7) AND (production_year = 1983))
              Rows Removed by Filter: 2519908
Planning time: 0.803 ms
Execution time: 2126.171 ms
