Hash Join  (cost=79993.30..1168220.70 rows=5297923 width=0) (actual time=1359.614..32173.429 rows=3011211 loops=1)
  Hash Cond: (ci.movie_id = t.id)
  ->  Seq Scan on cast_info ci  (cost=0.00..614943.12 rows=36225612 width=4) (actual time=0.017..13580.771 rows=36244344 loops=1)
  ->  Hash  (cost=73925.90..73925.90 rows=369792 width=4) (actual time=1357.759..1357.759 rows=253766 loops=1)
        Buckets: 131072  Batches: 8  Memory Usage: 2127kB
        ->  Seq Scan on title t  (cost=0.00..73925.90 rows=369792 width=4) (actual time=0.027..1274.312 rows=253766 loops=1)
              Filter: ((production_year < 1986) AND (kind_id = 7))
              Rows Removed by Filter: 2274546
Planning time: 0.750 ms
Execution time: 32557.294 ms
