Seq Scan on movie_keyword mk  (cost=0.00..81003.12 rows=246 width=0) (actual time=84.694..1239.438 rows=14 loops=1)
  Filter: (keyword_id = 24688)
  Rows Removed by Filter: 4523916
Planning time: 0.367 ms
Execution time: 1239.542 ms
