Hash Join  (cost=74401.58..101519.75 rows=20769 width=0) (actual time=1166.217..1797.365 rows=30226 loops=1)
  Hash Cond: (mi_idx.movie_id = t.id)
  ->  Seq Scan on movie_info_idx mi_idx  (cost=0.00..21735.35 rows=1380035 width=4) (actual time=0.030..318.263 rows=1380035 loops=1)
  ->  Hash  (cost=73925.90..73925.90 rows=38054 width=4) (actual time=1165.827..1165.827 rows=26139 loops=1)
        Buckets: 65536  Batches: 1  Memory Usage: 1431kB
        ->  Seq Scan on title t  (cost=0.00..73925.90 rows=38054 width=4) (actual time=0.023..1154.379 rows=26139 loops=1)
              Filter: ((kind_id < 3) AND (production_year = 2008))
              Rows Removed by Filter: 2502173
Planning time: 0.747 ms
Execution time: 1801.399 ms
