Hash Join  (cost=139597.14..216107.20 rows=256521 width=0) (actual time=3767.603..5389.539 rows=957269 loops=1)
  Hash Cond: (mc.movie_id = t.id)
  ->  Seq Scan on movie_companies mc  (cost=0.00..57926.93 rows=1203179 width=4) (actual time=421.526..1223.198 rows=1083571 loops=1)
        Filter: ((company_id < 100990) AND (company_type_id = 2))
        Rows Removed by Filter: 1525558
  ->  Hash  (cost=130752.54..130752.54 rows=539088 width=8) (actual time=3345.256..3345.256 rows=954317 loops=1)
        Buckets: 131072 (originally 131072)  Batches: 16 (originally 8)  Memory Usage: 3354kB
        ->  Hash Join  (cost=83810.17..130752.54 rows=539088 width=8) (actual time=1495.902..3115.728 rows=954317 loops=1)
              Hash Cond: (mi_idx.movie_id = t.id)
              ->  Seq Scan on movie_info_idx mi_idx  (cost=0.00..21735.35 rows=1380035 width=4) (actual time=0.033..448.084 rows=1380035 loops=1)
              ->  Hash  (cost=67604.59..67604.59 rows=987727 width=4) (actual time=1494.806..1494.806 rows=985048 loops=1)
                    Buckets: 131072  Batches: 16  Memory Usage: 3188kB
                    ->  Seq Scan on title t  (cost=0.00..67604.59 rows=987727 width=4) (actual time=0.022..1191.669 rows=985048 loops=1)
                          Filter: (kind_id < 7)
                          Rows Removed by Filter: 1543264
Planning time: 1.125 ms
Execution time: 5489.647 ms
