Hash Join  (cost=102767.86..218978.37 rows=1052639 width=0) (actual time=1959.641..4596.514 rows=1059720 loops=1)
  Hash Cond: (mk.movie_id = t.id)
  ->  Seq Scan on movie_keyword mk  (cost=0.00..81003.12 rows=1052639 width=4) (actual time=0.020..1507.464 rows=1059720 loops=1)
        Filter: (keyword_id < 1057)
        Rows Removed by Filter: 3464210
  ->  Hash  (cost=61283.27..61283.27 rows=2528527 width=4) (actual time=1957.390..1957.390 rows=2528312 loops=1)
        Buckets: 131072  Batches: 64  Memory Usage: 2425kB
        ->  Seq Scan on title t  (cost=0.00..61283.27 rows=2528527 width=4) (actual time=0.013..1093.756 rows=2528312 loops=1)
Planning time: 0.617 ms
Execution time: 4713.925 ms
