Hash Join  (cost=80193.64..210522.88 rows=683420 width=0) (actual time=1436.258..5205.634 rows=2195920 loops=1)
  Hash Cond: (mk.movie_id = t.id)
  ->  Seq Scan on movie_keyword mk  (cost=0.00..69693.30 rows=4523930 width=4) (actual time=0.033..1456.231 rows=4523930 loops=1)
  ->  Hash  (cost=73925.90..73925.90 rows=381979 width=4) (actual time=1423.369..1423.369 rows=440029 loops=1)
        Buckets: 131072  Batches: 8  Memory Usage: 2976kB
        ->  Seq Scan on title t  (cost=0.00..73925.90 rows=381979 width=4) (actual time=0.018..1277.449 rows=440029 loops=1)
              Filter: ((production_year < 2006) AND (kind_id = 1))
              Rows Removed by Filter: 2088283
Planning time: 0.721 ms
Execution time: 5437.879 ms
