Seq Scan on movie_companies mc  (cost=0.00..51404.11 rows=104 width=0) (actual time=0.333..675.100 rows=255 loops=1)
  Filter: (company_id = 11256)
  Rows Removed by Filter: 2608874
Planning time: 0.391 ms
Execution time: 675.253 ms
