Hash Join  (cost=75384.88..899051.90 rows=80386 width=0) (actual time=8807.562..14462.807 rows=240283 loops=1)
  Hash Cond: (ci.movie_id = t.id)
  ->  Seq Scan on cast_info ci  (cost=0.00..796071.18 rows=2286927 width=4) (actual time=7720.100..11642.039 rows=4569901 loops=1)
        Filter: ((person_id > 2222223) AND (role_id > 8))
        Rows Removed by Filter: 31674443
  ->  Hash  (cost=73925.90..73925.90 rows=88878 width=4) (actual time=1086.346..1086.346 rows=96722 loops=1)
        Buckets: 131072  Batches: 2  Memory Usage: 2730kB
        ->  Seq Scan on title t  (cost=0.00..73925.90 rows=88878 width=4) (actual time=0.032..1049.085 rows=96722 loops=1)
              Filter: ((kind_id > 2) AND (production_year = 2008))
              Rows Removed by Filter: 2431590
Planning time: 0.744 ms
Execution time: 14493.764 ms
