Nested Loop  (cost=0.43..52283.69 rows=104 width=0) (actual time=677.518..836.080 rows=10 loops=1)
  ->  Seq Scan on movie_companies mc  (cost=0.00..51404.11 rows=104 width=4) (actual time=677.424..835.839 rows=10 loops=1)
        Filter: (company_id = 72368)
        Rows Removed by Filter: 2609119
  ->  Index Only Scan using title_pkey on title t  (cost=0.43..8.45 rows=1 width=4) (actual time=0.022..0.022 rows=1 loops=10)
        Index Cond: (id = mc.movie_id)
        Heap Fetches: 10
Planning time: 0.496 ms
Execution time: 836.138 ms
