Seq Scan on movie_keyword mk  (cost=0.00..81003.12 rows=2236522 width=0) (actual time=0.023..1342.358 rows=2228873 loops=1)
  Filter: (keyword_id < 4584)
  Rows Removed by Filter: 2295057
Planning time: 0.307 ms
Execution time: 1621.893 ms
