Hash Join  (cost=83810.17..145955.75 rows=9063 width=0) (actual time=1353.678..2344.054 rows=6309 loops=1)
  Hash Cond: (mc.movie_id = t.id)
  ->  Seq Scan on movie_companies mc  (cost=0.00..57926.93 rows=23202 width=4) (actual time=0.077..808.295 rows=42064 loops=1)
        Filter: ((company_id = 19) AND (company_type_id = 1))
        Rows Removed by Filter: 2567065
  ->  Hash  (cost=67604.59..67604.59 rows=987727 width=4) (actual time=1350.796..1350.796 rows=985048 loops=1)
        Buckets: 131072  Batches: 16  Memory Usage: 3188kB
        ->  Seq Scan on title t  (cost=0.00..67604.59 rows=987727 width=4) (actual time=0.019..1043.057 rows=985048 loops=1)
              Filter: (kind_id < 7)
              Rows Removed by Filter: 1543264
Planning time: 0.775 ms
Execution time: 2345.019 ms
