Hash Join  (cost=156209.36..232577.48 rows=224069 width=0) (actual time=3320.263..5327.598 rows=749112 loops=1)
  Hash Cond: (mc.movie_id = t.id)
  ->  Seq Scan on movie_companies mc  (cost=0.00..57926.93 rows=1247600 width=4) (actual time=0.019..1204.805 rows=1214780 loops=1)
        Filter: ((company_id > 6) AND (company_type_id < 2))
        Rows Removed by Filter: 1394349
  ->  Hash  (cost=148758.81..148758.81 rows=454124 width=8) (actual time=3319.421..3319.421 rows=459925 loops=1)
        Buckets: 131072  Batches: 8  Memory Usage: 3275kB
        ->  Hash Join  (cost=102767.86..148758.81 rows=454124 width=8) (actual time=1866.232..3183.586 rows=459925 loops=1)
              Hash Cond: (mi_idx.movie_id = t.id)
              ->  Seq Scan on movie_info_idx mi_idx  (cost=0.00..25185.44 rows=454124 width=4) (actual time=0.048..493.730 rows=459925 loops=1)
                    Filter: (info_type_id = 100)
                    Rows Removed by Filter: 920110
              ->  Hash  (cost=61283.27..61283.27 rows=2528527 width=4) (actual time=1865.204..1865.204 rows=2528312 loops=1)
                    Buckets: 131072  Batches: 64  Memory Usage: 2415kB
                    ->  Seq Scan on title t  (cost=0.00..61283.27 rows=2528527 width=4) (actual time=0.011..1013.159 rows=2528312 loops=1)
Planning time: 1.216 ms
Execution time: 5409.741 ms
