Hash Join  (cost=73934.87..100849.26 rows=391 width=0) (actual time=2378.760..2826.241 rows=627 loops=1)
  Hash Cond: (mi_idx.movie_id = t.id)
  ->  Seq Scan on movie_info_idx mi_idx  (cost=0.00..21735.35 rows=1380035 width=4) (actual time=0.014..1529.879 rows=1380035 loops=1)
  ->  Hash  (cost=73925.90..73925.90 rows=717 width=4) (actual time=1042.264..1042.264 rows=440 loops=1)
        Buckets: 1024  Batches: 1  Memory Usage: 24kB
        ->  Seq Scan on title t  (cost=0.00..73925.90 rows=717 width=4) (actual time=286.156..1041.952 rows=440 loops=1)
              Filter: ((kind_id = 6) AND (production_year = 2010))
              Rows Removed by Filter: 2527872
Planning time: 0.766 ms
Execution time: 2826.448 ms
