Hash Join  (cost=452681.68..580406.17 rows=469645 width=0) (actual time=8041.530..12378.391 rows=3118108 loops=1)
  Hash Cond: (mk.movie_id = t.id)
  ->  Seq Scan on movie_keyword mk  (cost=0.00..69693.30 rows=4523930 width=4) (actual time=0.025..1383.168 rows=4523930 loops=1)
  ->  Hash  (cost=448374.50..448374.50 rows=262495 width=8) (actual time=8040.748..8040.748 rows=526881 loops=1)
        Buckets: 131072 (originally 131072)  Batches: 8 (originally 4)  Memory Usage: 3621kB
        ->  Hash Join  (cost=82004.01..448374.50 rows=262495 width=8) (actual time=6053.287..7867.948 rows=526881 loops=1)
              Hash Cond: (mi.movie_id = t.id)
              ->  Seq Scan on movie_info mi  (cost=0.00..346232.03 rows=1348138 width=4) (actual time=4668.306..5564.045 rows=1298989 loops=1)
                    Filter: (info_type_id = 4)
                    Rows Removed by Filter: 13536731
              ->  Hash  (cost=73925.90..73925.90 rows=492328 width=4) (actual time=1370.592..1370.592 rows=570276 loops=1)
                    Buckets: 131072  Batches: 8  Memory Usage: 3554kB
                    ->  Seq Scan on title t  (cost=0.00..73925.90 rows=492328 width=4) (actual time=0.056..1183.793 rows=570276 loops=1)
                          Filter: ((kind_id < 4) AND (production_year < 2006))
                          Rows Removed by Filter: 1958036
Planning time: 1.179 ms
Execution time: 12748.215 ms
