Seq Scan on movie_companies mc  (cost=0.00..57926.93 rows=200116 width=0) (actual time=0.258..828.160 rows=92911 loops=1)
  Filter: ((company_id < 240) AND (company_type_id > 1))
  Rows Removed by Filter: 2516218
Planning time: 0.242 ms
Execution time: 839.116 ms
