Hash Join  (cost=102767.86..191420.53 rows=866322 width=0) (actual time=1955.407..3788.661 rows=547150 loops=1)
  Hash Cond: (mc.movie_id = t.id)
  ->  Seq Scan on movie_companies mc  (cost=0.00..57926.93 rows=866322 width=4) (actual time=0.016..1003.068 rows=547150 loops=1)
        Filter: ((company_id < 20291) AND (company_type_id = 2))
        Rows Removed by Filter: 2061979
  ->  Hash  (cost=61283.27..61283.27 rows=2528527 width=4) (actual time=1954.474..1954.474 rows=2528312 loops=1)
        Buckets: 131072  Batches: 64  Memory Usage: 2415kB
        ->  Seq Scan on title t  (cost=0.00..61283.27 rows=2528527 width=4) (actual time=0.009..1124.866 rows=2528312 loops=1)
Planning time: 0.720 ms
Execution time: 3853.341 ms
