Hash Join  (cost=102767.86..280870.54 rows=3624711 width=0) (actual time=2099.761..7232.964 rows=3624136 loops=1)
  Hash Cond: (mk.movie_id = t.id)
  ->  Seq Scan on movie_keyword mk  (cost=0.00..81003.12 rows=3624711 width=4) (actual time=0.007..1714.054 rows=3624136 loops=1)
        Filter: (keyword_id < 20513)
        Rows Removed by Filter: 899794
  ->  Hash  (cost=61283.27..61283.27 rows=2528527 width=4) (actual time=2057.804..2057.804 rows=2528312 loops=1)
        Buckets: 131072  Batches: 64  Memory Usage: 2425kB
        ->  Seq Scan on title t  (cost=0.00..61283.27 rows=2528527 width=4) (actual time=0.011..969.814 rows=2528312 loops=1)
Planning time: 0.500 ms
Execution time: 7665.619 ms
