Hash Join  (cost=171645.95..1294772.58 rows=8330409 width=0) (actual time=4932.267..32431.144 rows=10742418 loops=1)
  Hash Cond: (ci.movie_id = t.id)
  ->  Seq Scan on cast_info ci  (cost=0.00..796071.18 rows=20737958 width=4) (actual time=1293.152..17052.826 rows=19790091 loops=1)
        Filter: ((person_id > 1216238) AND (role_id < 10))
        Rows Removed by Filter: 16454253
  ->  Hash  (cost=154981.62..154981.62 rows=1015706 width=8) (actual time=3638.286..3638.286 rows=750135 loops=1)
        Buckets: 131072  Batches: 16  Memory Usage: 2867kB
        ->  Hash Join  (cost=98137.04..154981.62 rows=1015706 width=8) (actual time=1933.998..3461.245 rows=750135 loops=1)
              Hash Cond: (mi_idx.movie_id = t.id)
              ->  Seq Scan on movie_info_idx mi_idx  (cost=0.00..21735.35 rows=1380035 width=4) (actual time=0.021..478.876 rows=1380035 loops=1)
              ->  Hash  (cost=67604.59..67604.59 rows=1860996 width=4) (actual time=1932.776..1932.776 rows=1865487 loops=1)
                    Buckets: 131072  Batches: 32  Memory Usage: 3079kB
                    ->  Seq Scan on title t  (cost=0.00..67604.59 rows=1860996 width=4) (actual time=0.015..1336.017 rows=1865487 loops=1)
                          Filter: (kind_id > 1)
                          Rows Removed by Filter: 662825
Planning time: 1.140 ms
Execution time: 33651.826 ms
