Seq Scan on movie_companies mc  (cost=0.00..57926.93 rows=1111049 width=0) (actual time=0.024..941.495 rows=1233347 loops=1)
  Filter: ((company_id > 302) AND (company_type_id > 1))
  Rows Removed by Filter: 1375782
Planning time: 0.334 ms
Execution time: 1079.016 ms
