Hash Join  (cost=202758.75..247898.89 rows=434065 width=0) (actual time=4764.080..6263.351 rows=1323430 loops=1)
  Hash Cond: (mi_idx.movie_id = t.id)
  ->  Seq Scan on movie_info_idx mi_idx  (cost=0.00..21735.35 rows=1380035 width=4) (actual time=0.009..454.623 rows=1380035 loops=1)
  ->  Hash  (cost=189710.47..189710.47 rows=795303 width=8) (actual time=4763.088..4763.088 rows=1014166 loops=1)
        Buckets: 131072  Batches: 16  Memory Usage: 3502kB
        ->  Hash Join  (cost=102767.86..189710.47 rows=795303 width=8) (actual time=2556.903..4472.696 rows=1014166 loops=1)
              Hash Cond: (mc.movie_id = t.id)
              ->  Seq Scan on movie_companies mc  (cost=0.00..57926.93 rows=795303 width=4) (actual time=474.869..1175.124 rows=1014166 loops=1)
                    Filter: ((company_id > 6083) AND (company_type_id > 1))
                    Rows Removed by Filter: 1594963
              ->  Hash  (cost=61283.27..61283.27 rows=2528527 width=4) (actual time=2080.815..2080.815 rows=2528312 loops=1)
                    Buckets: 131072  Batches: 64  Memory Usage: 2415kB
                    ->  Seq Scan on title t  (cost=0.00..61283.27 rows=2528527 width=4) (actual time=0.027..1224.499 rows=2528312 loops=1)
Planning time: 1.153 ms
Execution time: 6399.298 ms
