Hash Join  (cost=133891.48..1219213.06 rows=5015042 width=0) (actual time=2778.122..37461.428 rows=16345411 loops=1)
  Hash Cond: (ci.movie_id = t.id)
  ->  Seq Scan on cast_info ci  (cost=0.00..614943.12 rows=36225612 width=4) (actual time=0.015..13171.818 rows=36244344 loops=1)
  ->  Hash  (cost=128147.89..128147.89 rows=350047 width=8) (actual time=2777.242..2777.242 rows=591975 loops=1)
        Buckets: 131072  Batches: 8  Memory Usage: 3936kB
        ->  Hash Join  (cost=84448.94..128147.89 rows=350047 width=8) (actual time=1343.168..2619.269 rows=591975 loops=1)
              Hash Cond: (mi_idx.movie_id = t.id)
              ->  Seq Scan on movie_info_idx mi_idx  (cost=0.00..21735.35 rows=1380035 width=4) (actual time=0.033..449.343 rows=1380035 loops=1)
              ->  Hash  (cost=73925.90..73925.90 rows=641363 width=4) (actual time=1341.221..1341.221 rows=527286 loops=1)
                    Buckets: 131072  Batches: 16  Memory Usage: 2182kB
                    ->  Seq Scan on title t  (cost=0.00..73925.90 rows=641363 width=4) (actual time=0.017..1165.086 rows=527286 loops=1)
                          Filter: ((kind_id < 3) AND (production_year > 1966))
                          Rows Removed by Filter: 2001026
Planning time: 1.137 ms
Execution time: 39253.859 ms
