Seq Scan on movie_keyword mk  (cost=0.00..81003.12 rows=462108 width=0) (actual time=0.022..1288.712 rows=458696 loops=1)
  Filter: (keyword_id > 38686)
  Rows Removed by Filter: 4065234
Planning time: 0.252 ms
Execution time: 1349.055 ms
