Seq Scan on title t  (cost=0.00..67604.59 rows=2275843 width=0) (actual time=0.021..1227.344 rows=2268428 loops=1)
  Filter: (production_year > 1953)
  Rows Removed by Filter: 259884
Planning time: 0.315 ms
Execution time: 1521.887 ms
