Hash Join  (cost=83072.49..447729.34 rows=93 width=0) (actual time=1701.351..8224.657 rows=928 loops=1)
  Hash Cond: (mi.movie_id = t.id)
  ->  Seq Scan on movie_info mi  (cost=0.00..309384.22 rows=14739122 width=4) (actual time=0.015..4040.484 rows=14835720 loops=1)
  ->  Hash  (cost=83072.29..83072.29 rows=16 width=8) (actual time=1414.372..1414.372 rows=176 loops=1)
        Buckets: 1024  Batches: 1  Memory Usage: 15kB
        ->  Nested Loop  (cost=0.43..83072.29 rows=16 width=8) (actual time=0.991..1414.172 rows=176 loops=1)
              ->  Seq Scan on movie_keyword mk  (cost=0.00..81003.12 rows=246 width=4) (actual time=0.551..1315.110 rows=3190 loops=1)
                    Filter: (keyword_id = 6427)
                    Rows Removed by Filter: 4520740
              ->  Index Scan using title_pkey on title t  (cost=0.43..8.40 rows=1 width=4) (actual time=0.030..0.030 rows=0 loops=3190)
                    Index Cond: (id = mk.movie_id)
                    Filter: (production_year = 2012)
                    Rows Removed by Filter: 1
Planning time: 0.990 ms
Execution time: 8225.144 ms
