Nested Loop  (cost=0.43..83072.29 rows=51 width=0) (actual time=78.530..1230.974 rows=16 loops=1)
  ->  Seq Scan on movie_keyword mk  (cost=0.00..81003.12 rows=246 width=4) (actual time=67.970..1218.671 rows=56 loops=1)
        Filter: (keyword_id = 2855)
        Rows Removed by Filter: 4523874
  ->  Index Scan using title_pkey on title t  (cost=0.43..8.40 rows=1 width=4) (actual time=0.215..0.215 rows=0 loops=56)
        Index Cond: (id = mk.movie_id)
        Filter: (production_year < 1981)
        Rows Removed by Filter: 1
Planning time: 0.736 ms
Execution time: 1231.088 ms
