Seq Scan on movie_companies mc  (cost=0.00..57926.93 rows=584408 width=0) (actual time=0.016..951.367 rows=372102 loops=1)
  Filter: ((company_id < 8701) AND (company_type_id = 2))
  Rows Removed by Filter: 2237027
Planning time: 0.601 ms
Execution time: 992.914 ms
