Hash Join  (cost=129737.67..192330.20 rows=74272 width=0) (actual time=2698.664..4119.865 rows=278992 loops=1)
  Hash Cond: (mc.movie_id = t.id)
  ->  Seq Scan on movie_companies mc  (cost=0.00..51404.11 rows=826587 width=4) (actual time=0.013..969.700 rows=819528 loops=1)
        Filter: (company_id < 1940)
        Rows Removed by Filter: 1789601
  ->  Hash  (cost=126009.70..126009.70 rows=227198 width=8) (actual time=2697.905..2697.905 rows=279975 loops=1)
        Buckets: 131072  Batches: 4  Memory Usage: 3767kB
        ->  Hash Join  (cost=88359.31..126009.70 rows=227198 width=8) (actual time=1571.645..2611.669 rows=279975 loops=1)
              Hash Cond: (mi_idx.movie_id = t.id)
              ->  Seq Scan on movie_info_idx mi_idx  (cost=0.00..25185.44 rows=454124 width=4) (actual time=0.023..477.838 rows=459925 loops=1)
                    Filter: (info_type_id = 100)
                    Rows Removed by Filter: 920110
              ->  Hash  (cost=67604.59..67604.59 rows=1265018 width=4) (actual time=1570.248..1570.248 rows=1263700 loops=1)
                    Buckets: 131072  Batches: 32  Memory Usage: 2410kB
                    ->  Seq Scan on title t  (cost=0.00..67604.59 rows=1265018 width=4) (actual time=0.023..1157.606 rows=1263700 loops=1)
                          Filter: (production_year < 2004)
                          Rows Removed by Filter: 1264612
Planning time: 1.153 ms
Execution time: 4151.002 ms
