Seq Scan on movie_companies mc  (cost=0.00..57926.93 rows=51456 width=0) (actual time=389.460..965.194 rows=101801 loops=1)
  Filter: ((company_id > 156478) AND (company_type_id > 1))
  Rows Removed by Filter: 2507328
Planning time: 0.319 ms
Execution time: 977.811 ms
