Seq Scan on movie_companies mc  (cost=0.00..57926.93 rows=51 width=0) (actual time=33.909..957.226 rows=38 loops=1)
  Filter: ((company_type_id < 2) AND (company_id = 6620))
  Rows Removed by Filter: 2609091
Planning time: 0.390 ms
Execution time: 957.358 ms
