Hash Join  (cost=76242.82..591864.07 rows=777815 width=0) (actual time=1168.636..14622.390 rows=1283133 loops=1)
  Hash Cond: (mi.movie_id = t.id)
  ->  Seq Scan on movie_info mi  (cost=0.00..346232.03 rows=13929354 width=4) (actual time=0.015..7537.442 rows=14033580 loops=1)
        Filter: (info_type_id > 1)
        Rows Removed by Filter: 802140
  ->  Hash  (cost=73925.90..73925.90 rows=141193 width=4) (actual time=1150.500..1150.500 rows=132182 loops=1)
        Buckets: 131072  Batches: 2  Memory Usage: 3346kB
        ->  Seq Scan on title t  (cost=0.00..73925.90 rows=141193 width=4) (actual time=588.597..1103.931 rows=132182 loops=1)
              Filter: ((production_year > 2009) AND (kind_id = 1))
              Rows Removed by Filter: 2396130
Planning time: 0.739 ms
Execution time: 14784.701 ms
