Hash Join  (cost=679493.85..2231521.45 rows=41067197 width=0) (actual time=20207.585..102307.389 rows=213218966 loops=1)
  Hash Cond: (ci.movie_id = t.id)
  ->  Seq Scan on cast_info ci  (cost=0.00..705507.15 rows=23499554 width=4) (actual time=0.039..15957.820 rows=23573656 loops=1)
        Filter: (role_id > 1)
        Rows Removed by Filter: 12670688
  ->  Hash  (cost=606998.02..606998.02 rows=4418786 width=8) (actual time=20205.383..20205.383 rows=9070626 loops=1)
        Buckets: 131072 (originally 131072)  Batches: 128 (originally 64)  Memory Usage: 3789kB
        ->  Hash Join  (cost=80042.24..606998.02 rows=4418786 width=8) (actual time=1360.805..17662.302 rows=9070626 loops=1)
              Hash Cond: (mi.movie_id = t.id)
              ->  Seq Scan on movie_info mi  (cost=0.00..309384.22 rows=14739122 width=4) (actual time=0.016..6130.310 rows=14835720 loops=1)
              ->  Hash  (cost=67604.59..67604.59 rows=758052 width=4) (actual time=1359.922..1359.922 rows=753677 loops=1)
                    Buckets: 131072  Batches: 16  Memory Usage: 2686kB
                    ->  Seq Scan on title t  (cost=0.00..67604.59 rows=758052 width=4) (actual time=0.027..1114.907 rows=753677 loops=1)
                          Filter: (kind_id < 3)
                          Rows Removed by Filter: 1774635
Planning time: 1.158 ms
Execution time: 124584.462 ms
