Hash Join  (cost=89367.26..125330.99 rows=172917 width=0) (actual time=1728.691..2925.228 rows=89888 loops=1)
  Hash Cond: (mi_idx.movie_id = t.id)
  ->  Seq Scan on movie_info_idx mi_idx  (cost=0.00..25185.44 rows=464566 width=4) (actual time=0.013..482.908 rows=459925 loops=1)
        Filter: (info_type_id = 101)
        Rows Removed by Filter: 920110
  ->  Hash  (cost=73925.90..73925.90 rows=941148 width=4) (actual time=1727.242..1727.242 rows=1030674 loops=1)
        Buckets: 131072  Batches: 16  Memory Usage: 3299kB
        ->  Seq Scan on title t  (cost=0.00..73925.90 rows=941148 width=4) (actual time=0.024..1408.840 rows=1030674 loops=1)
              Filter: ((kind_id > 4) AND (production_year > 1997))
              Rows Removed by Filter: 1497638
Planning time: 1.091 ms
Execution time: 2936.127 ms
