Hash Join  (cost=253340.88..888803.54 rows=12861383 width=0) (actual time=5935.432..33754.411 rows=60532757 loops=1)
  Hash Cond: (mi.movie_id = t.id)
  ->  Seq Scan on movie_info mi  (cost=0.00..309384.22 rows=14739122 width=4) (actual time=0.017..5993.707 rows=14835720 loops=1)
  ->  Hash  (cost=217141.92..217141.92 rows=2206397 width=8) (actual time=5934.448..5934.448 rows=2205767 loops=1)
        Buckets: 131072  Batches: 32  Memory Usage: 3773kB
        ->  Hash Join  (cost=102767.86..217141.92 rows=2206397 width=8) (actual time=2001.968..5306.793 rows=2205767 loops=1)
              Hash Cond: (mc.movie_id = t.id)
              ->  Seq Scan on movie_companies mc  (cost=0.00..51404.11 rows=2206397 width=4) (actual time=0.020..1111.525 rows=2205767 loops=1)
                    Filter: (company_id > 253)
                    Rows Removed by Filter: 403362
              ->  Hash  (cost=61283.27..61283.27 rows=2528527 width=4) (actual time=2000.415..2000.415 rows=2528312 loops=1)
                    Buckets: 131072  Batches: 64  Memory Usage: 2415kB
                    ->  Seq Scan on title t  (cost=0.00..61283.27 rows=2528527 width=4) (actual time=0.011..1137.477 rows=2528312 loops=1)
Planning time: 1.126 ms
Execution time: 40366.061 ms
