Hash Join  (cost=68257.79..920887.04 rows=295416 width=0) (actual time=1506.492..20234.580 rows=284852 loops=1)
  Hash Cond: (ci.movie_id = t.id)
  ->  Seq Scan on cast_info ci  (cost=0.00..796071.18 rows=14294376 width=4) (actual time=373.369..15413.616 rows=12778941 loops=1)
        Filter: ((person_id > 1002318) AND (role_id < 3))
        Rows Removed by Filter: 23465403
  ->  Hash  (cost=67604.59..67604.59 rows=52256 width=4) (actual time=1132.623..1132.623 rows=53013 loops=1)
        Buckets: 65536  Batches: 1  Memory Usage: 2376kB
        ->  Seq Scan on title t  (cost=0.00..67604.59 rows=52256 width=4) (actual time=0.031..1107.895 rows=53013 loops=1)
              Filter: (production_year = 2000)
              Rows Removed by Filter: 2475299
Planning time: 0.778 ms
Execution time: 20275.308 ms
