Hash Join  (cost=75666.39..199980.63 rows=189720 width=0) (actual time=1298.844..4176.965 rows=58585 loops=1)
  Hash Cond: (mk.movie_id = t.id)
  ->  Seq Scan on movie_keyword mk  (cost=0.00..69693.30 rows=4523930 width=4) (actual time=0.022..1549.107 rows=4523930 loops=1)
  ->  Hash  (cost=73925.90..73925.90 rows=106039 width=4) (actual time=1297.553..1297.553 rows=113673 loops=1)
        Buckets: 131072  Batches: 2  Memory Usage: 3028kB
        ->  Seq Scan on title t  (cost=0.00..73925.90 rows=106039 width=4) (actual time=0.033..1252.812 rows=113673 loops=1)
              Filter: ((kind_id > 3) AND (production_year = 2011))
              Rows Removed by Filter: 2414639
Planning time: 0.732 ms
Execution time: 4184.350 ms
