Nested Loop  (cost=0.43..52283.69 rows=104 width=0) (actual time=1.175..806.558 rows=170 loops=1)
  ->  Seq Scan on movie_companies mc  (cost=0.00..51404.11 rows=104 width=4) (actual time=1.122..802.215 rows=170 loops=1)
        Filter: (company_id = 15275)
        Rows Removed by Filter: 2608959
  ->  Index Only Scan using title_pkey on title t  (cost=0.43..8.45 rows=1 width=4) (actual time=0.023..0.024 rows=1 loops=170)
        Index Cond: (id = mc.movie_id)
        Heap Fetches: 170
Planning time: 0.716 ms
Execution time: 806.701 ms
