Hash Join  (cost=102030.36..854680.86 rows=186132 width=0) (actual time=1728.836..19687.930 rows=374652 loops=1)
  Hash Cond: (ci.movie_id = t.id)
  ->  Seq Scan on cast_info ci  (cost=0.00..614943.12 rows=36225612 width=4) (actual time=0.016..9020.949 rows=36244344 loops=1)
  ->  Hash  (cost=101867.96..101867.96 rows=12992 width=8) (actual time=1728.383..1728.383 rows=12120 loops=1)
        Buckets: 16384  Batches: 1  Memory Usage: 602kB
        ->  Hash Join  (cost=74809.10..101867.96 rows=12992 width=8) (actual time=1172.719..1723.487 rows=12120 loops=1)
              Hash Cond: (mi_idx.movie_id = t.id)
              ->  Seq Scan on movie_info_idx mi_idx  (cost=0.00..25185.44 rows=464934 width=4) (actual time=0.018..409.159 rows=460185 loops=1)
                    Filter: (info_type_id > 100)
                    Rows Removed by Filter: 919850
              ->  Hash  (cost=73925.90..73925.90 rows=70656 width=4) (actual time=1171.889..1171.889 rows=79548 loops=1)
                    Buckets: 131072  Batches: 1  Memory Usage: 3821kB
                    ->  Seq Scan on title t  (cost=0.00..73925.90 rows=70656 width=4) (actual time=0.037..1138.575 rows=79548 loops=1)
                          Filter: ((kind_id > 1) AND (production_year = 2005))
                          Rows Removed by Filter: 2448764
Planning time: 1.170 ms
Execution time: 19752.604 ms
