Seq Scan on title t  (cost=0.00..73925.90 rows=174 width=0) (actual time=0.033..1057.912 rows=3217 loops=1)
  Filter: ((production_year > 2013) AND (kind_id = 1))
  Rows Removed by Filter: 2525095
Planning time: 0.455 ms
Execution time: 1058.771 ms
