Seq Scan on movie_keyword mk  (cost=0.00..81003.12 rows=485192 width=0) (actual time=0.028..1254.947 rows=480389 loops=1)
  Filter: (keyword_id > 37248)
  Rows Removed by Filter: 4043541
Planning time: 0.282 ms
Execution time: 1317.550 ms
