Seq Scan on cast_info ci  (cost=0.00..796071.18 rows=16871458 width=0) (actual time=0.008..16188.605 rows=20758742 loops=1)
  Filter: ((person_id > 987423) AND (role_id > 1))
  Rows Removed by Filter: 15485602
Planning time: 0.344 ms
Execution time: 18693.821 ms
