Hash Join  (cost=106021.40..749892.35 rows=13649412 width=0) (actual time=2308.082..21778.990 rows=13439219 loops=1)
  Hash Cond: (mi.movie_id = t.id)
  ->  Seq Scan on movie_info mi  (cost=0.00..309384.22 rows=14739122 width=4) (actual time=0.020..6175.512 rows=14835720 loops=1)
  ->  Hash  (cost=67604.59..67604.59 rows=2341585 width=4) (actual time=2306.810..2306.810 rows=2333286 loops=1)
        Buckets: 131072  Batches: 32  Memory Usage: 3601kB
        ->  Seq Scan on title t  (cost=0.00..67604.59 rows=2341585 width=4) (actual time=0.025..1550.211 rows=2333286 loops=1)
              Filter: (production_year > 1932)
              Rows Removed by Filter: 195026
Planning time: 0.743 ms
Execution time: 23387.295 ms
