Seq Scan on cast_info ci  (cost=0.00..705507.15 rows=22590829 width=0) (actual time=0.020..12989.124 rows=22644398 loops=1)
  Filter: (person_id > 1339003)
  Rows Removed by Filter: 13599946
Planning time: 15.737 ms
Execution time: 15839.204 ms
