Seq Scan on cast_info ci  (cost=0.00..796071.18 rows=3738260 width=0) (actual time=0.021..12740.320 rows=6795491 loops=1)
  Filter: ((person_id > 2215369) AND (role_id > 4))
  Rows Removed by Filter: 29448853
Planning time: 0.353 ms
Execution time: 13454.885 ms
