Nested Loop  (cost=0.43..83072.29 rows=163 width=0) (actual time=3.085..1546.345 rows=2370 loops=1)
  ->  Seq Scan on movie_keyword mk  (cost=0.00..81003.12 rows=246 width=4) (actual time=3.048..1426.779 rows=3190 loops=1)
        Filter: (keyword_id = 6427)
        Rows Removed by Filter: 4520740
  ->  Index Scan using title_pkey on title t  (cost=0.43..8.40 rows=1 width=4) (actual time=0.036..0.037 rows=1 loops=3190)
        Index Cond: (id = mk.movie_id)
        Filter: (production_year > 1993)
        Rows Removed by Filter: 0
Planning time: 0.746 ms
Execution time: 1547.120 ms
