Hash Join  (cost=58375.85..85304.88 rows=10 width=0) (actual time=987.400..1524.857 rows=5 loops=1)
  Hash Cond: (mi_idx.movie_id = t.id)
  ->  Seq Scan on movie_info_idx mi_idx  (cost=0.00..25185.44 rows=464934 width=4) (actual time=0.024..490.427 rows=460185 loops=1)
        Filter: (info_type_id > 100)
        Rows Removed by Filter: 919850
  ->  Hash  (cost=58375.18..58375.18 rows=53 width=8) (actual time=961.919..961.919 rows=26 loops=1)
        Buckets: 1024  Batches: 1  Memory Usage: 10kB
        ->  Nested Loop  (cost=0.43..58375.18 rows=53 width=8) (actual time=464.168..961.884 rows=26 loops=1)
              ->  Seq Scan on movie_companies mc  (cost=0.00..57926.93 rows=53 width=4) (actual time=464.059..959.321 rows=26 loops=1)
                    Filter: ((company_id = 11232) AND (company_type_id = 2))
                    Rows Removed by Filter: 2609103
              ->  Index Only Scan using title_pkey on title t  (cost=0.43..8.45 rows=1 width=4) (actual time=0.095..0.095 rows=1 loops=26)
                    Index Cond: (id = mc.movie_id)
                    Heap Fetches: 26
Planning time: 1.174 ms
Execution time: 1524.999 ms
