Hash Join  (cost=205314.93..763988.78 rows=6122422 width=0) (actual time=4788.928..20347.541 rows=7361255 loops=1)
  Hash Cond: (mi.movie_id = t.id)
  ->  Seq Scan on movie_info mi  (cost=0.00..346232.03 rows=12665229 width=4) (actual time=0.008..7574.422 rows=12744652 loops=1)
        Filter: (info_type_id > 2)
        Rows Removed by Filter: 2091068
  ->  Hash  (cost=185261.18..185261.18 rows=1222300 width=8) (actual time=4787.742..4787.742 rows=802216 loops=1)
        Buckets: 131072  Batches: 16  Memory Usage: 2962kB
        ->  Hash Join  (cost=93360.65..185261.18 rows=1222300 width=8) (actual time=2079.009..4564.583 rows=802216 loops=1)
              Hash Cond: (mc.movie_id = t.id)
              ->  Seq Scan on movie_companies mc  (cost=0.00..44881.29 rows=2609129 width=4) (actual time=0.023..851.388 rows=2609129 loops=1)
              ->  Hash  (cost=73925.90..73925.90 rows=1184540 width=4) (actual time=2077.891..2077.891 rows=1297979 loops=1)
                    Buckets: 131072  Batches: 16  Memory Usage: 3882kB
                    ->  Seq Scan on title t  (cost=0.00..73925.90 rows=1184540 width=4) (actual time=0.021..1379.162 rows=1297979 loops=1)
                          Filter: ((kind_id > 1) AND (production_year > 1995))
                          Rows Removed by Filter: 1230333
Planning time: 0.989 ms
Execution time: 21113.886 ms
