Seq Scan on movie_companies mc  (cost=0.00..57926.93 rows=201828 width=0) (actual time=414.255..949.675 rows=315847 loops=1)
  Filter: ((company_id < 272) AND (company_type_id < 2))
  Rows Removed by Filter: 2293282
Planning time: 0.285 ms
Execution time: 992.157 ms
