Hash Join  (cost=156209.36..228768.31 rows=172865 width=0) (actual time=3821.844..5234.754 rows=493847 loops=1)
  Hash Cond: (mc.movie_id = t.id)
  ->  Seq Scan on movie_companies mc  (cost=0.00..57926.93 rows=962497 width=4) (actual time=372.886..1075.587 rows=1127999 loops=1)
        Filter: ((company_id > 1347) AND (company_type_id = 2))
        Rows Removed by Filter: 1481130
  ->  Hash  (cost=148758.81..148758.81 rows=454124 width=8) (actual time=3448.099..3448.099 rows=459925 loops=1)
        Buckets: 131072  Batches: 8  Memory Usage: 3275kB
        ->  Hash Join  (cost=102767.86..148758.81 rows=454124 width=8) (actual time=2020.294..3321.805 rows=459925 loops=1)
              Hash Cond: (mi_idx.movie_id = t.id)
              ->  Seq Scan on movie_info_idx mi_idx  (cost=0.00..25185.44 rows=454124 width=4) (actual time=0.031..542.274 rows=459925 loops=1)
                    Filter: (info_type_id = 100)
                    Rows Removed by Filter: 920110
              ->  Hash  (cost=61283.27..61283.27 rows=2528527 width=4) (actual time=2018.265..2018.265 rows=2528312 loops=1)
                    Buckets: 131072  Batches: 64  Memory Usage: 2415kB
                    ->  Seq Scan on title t  (cost=0.00..61283.27 rows=2528527 width=4) (actual time=0.020..1179.310 rows=2528312 loops=1)
Planning time: 1.147 ms
Execution time: 5292.290 ms
