Hash Join  (cost=432802.32..1188564.88 rows=497337 width=0) (actual time=7673.995..27362.487 rows=469484 loops=1)
  Hash Cond: (ci.movie_id = t.id)
  ->  Seq Scan on cast_info ci  (cost=0.00..614943.12 rows=36225612 width=4) (actual time=0.016..9403.170 rows=36244344 loops=1)
  ->  Hash  (cost=432368.40..432368.40 rows=34714 width=8) (actual time=7672.954..7672.954 rows=33750 loops=1)
        Buckets: 65536  Batches: 1  Memory Usage: 1831kB
        ->  Hash Join  (cost=74283.51..432368.40 rows=34714 width=8) (actual time=1475.702..7659.691 rows=33750 loops=1)
              Hash Cond: (mi.movie_id = t.id)
              ->  Seq Scan on movie_info mi  (cost=0.00..346232.03 rows=3068194 width=4) (actual time=239.698..5744.303 rows=3036719 loops=1)
                    Filter: (info_type_id = 16)
                    Rows Removed by Filter: 11799001
              ->  Hash  (cost=73925.90..73925.90 rows=28608 width=4) (actual time=1234.637..1234.637 rows=32134 loops=1)
                    Buckets: 32768  Batches: 1  Memory Usage: 1386kB
                    ->  Seq Scan on title t  (cost=0.00..73925.90 rows=28608 width=4) (actual time=0.040..1220.856 rows=32134 loops=1)
                          Filter: ((kind_id = 7) AND (production_year = 1998))
                          Rows Removed by Filter: 2496178
Planning time: 1.195 ms
Execution time: 27429.815 ms
