Hash Join  (cost=75458.62..106552.81 rows=17163 width=0) (actual time=1386.243..2070.004 rows=8283 loops=1)
  Hash Cond: (mi_idx.movie_id = t.id)
  ->  Seq Scan on movie_info_idx mi_idx  (cost=0.00..25185.44 rows=464566 width=4) (actual time=0.040..503.367 rows=459925 loops=1)
        Filter: (info_type_id = 101)
        Rows Removed by Filter: 920110
  ->  Hash  (cost=73925.90..73925.90 rows=93417 width=4) (actual time=1385.346..1385.346 rows=100804 loops=1)
        Buckets: 131072  Batches: 2  Memory Usage: 2798kB
        ->  Seq Scan on title t  (cost=0.00..73925.90 rows=93417 width=4) (actual time=0.103..1346.952 rows=100804 loops=1)
              Filter: ((kind_id > 3) AND (production_year = 2010))
              Rows Removed by Filter: 2427508
Planning time: 0.726 ms
Execution time: 2071.427 ms
