Seq Scan on movie_companies mc  (cost=0.00..51404.11 rows=2101153 width=0) (actual time=0.024..1018.577 rows=2103818 loops=1)
  Filter: (company_id > 455)
  Rows Removed by Filter: 505311
Planning time: 0.316 ms
Execution time: 1290.825 ms
