Seq Scan on movie_keyword mk  (cost=0.00..81003.12 rows=246 width=0) (actual time=14.336..1296.548 rows=363 loops=1)
  Filter: (keyword_id = 2533)
  Rows Removed by Filter: 4523567
Planning time: 0.259 ms
Execution time: 1296.796 ms
