Seq Scan on movie_keyword mk  (cost=0.00..81003.12 rows=2810658 width=0) (actual time=0.019..1435.425 rows=2803563 loops=1)
  Filter: (keyword_id < 8250)
  Rows Removed by Filter: 1720367
Planning time: 0.337 ms
Execution time: 1780.441 ms
