Seq Scan on cast_info ci  (cost=0.00..705507.15 rows=29917907 width=0) (actual time=0.020..13272.478 rows=29858301 loops=1)
  Filter: (person_id < 3015464)
  Rows Removed by Filter: 6386043
Planning time: 0.376 ms
Execution time: 16998.251 ms
