Seq Scan on cast_info ci  (cost=0.00..796071.18 rows=10514359 width=0) (actual time=6703.487..15984.191 rows=8201832 loops=1)
  Filter: ((person_id > 597339) AND (role_id < 2))
  Rows Removed by Filter: 28042512
Planning time: 0.342 ms
Execution time: 17005.277 ms
