Hash Join  (cost=154639.43..659691.51 rows=2366017 width=0) (actual time=3516.552..19115.323 rows=6682390 loops=1)
  Hash Cond: (mi.movie_id = t.id)
  ->  Seq Scan on movie_info mi  (cost=0.00..309384.22 rows=14739122 width=4) (actual time=0.018..6225.810 rows=14835720 loops=1)
  ->  Hash  (cost=147979.74..147979.74 rows=405895 width=8) (actual time=3515.597..3515.597 rows=436710 loops=1)
        Buckets: 131072  Batches: 8  Memory Usage: 3172kB
        ->  Hash Join  (cost=104131.46..147979.74 rows=405895 width=8) (actual time=2123.255..3379.330 rows=436710 loops=1)
              Hash Cond: (mi_idx.movie_id = t.id)
              ->  Seq Scan on movie_info_idx mi_idx  (cost=0.00..25185.44 rows=460978 width=4) (actual time=0.021..468.918 rows=459925 loops=1)
                    Filter: (info_type_id < 100)
                    Rows Removed by Filter: 920110
              ->  Hash  (cost=67604.59..67604.59 rows=2226390 width=4) (actual time=2122.161..2122.161 rows=2224569 loops=1)
                    Buckets: 131072  Batches: 32  Memory Usage: 3463kB
                    ->  Seq Scan on title t  (cost=0.00..67604.59 rows=2226390 width=4) (actual time=0.027..1401.537 rows=2224569 loops=1)
                          Filter: (production_year < 2012)
                          Rows Removed by Filter: 303743
Planning time: 1.118 ms
Execution time: 19850.870 ms
