Seq Scan on movie_companies mc  (cost=0.00..51404.11 rows=1726343 width=0) (actual time=0.030..960.208 rows=1719030 loops=1)
  Filter: (company_id < 22146)
  Rows Removed by Filter: 890099
Planning time: 0.330 ms
Execution time: 1180.507 ms
