Seq Scan on title t  (cost=0.00..73925.90 rows=301 width=0) (actual time=0.659..1055.861 rows=1248 loops=1)
  Filter: ((kind_id = 3) AND (production_year = 1985))
  Rows Removed by Filter: 2527064
Planning time: 0.413 ms
Execution time: 1056.309 ms
