Seq Scan on movie_keyword mk  (cost=0.00..81003.12 rows=1502764 width=0) (actual time=0.025..1395.756 rows=1521741 loops=1)
  Filter: (keyword_id > 10582)
  Rows Removed by Filter: 3002189
Planning time: 0.335 ms
Execution time: 1588.048 ms
