Hash Join  (cost=159526.76..1235925.01 rows=4146409 width=0) (actual time=2973.089..33397.270 rows=4835147 loops=1)
  Hash Cond: (ci.movie_id = t.id)
  ->  Seq Scan on cast_info ci  (cost=0.00..614943.12 rows=36225612 width=4) (actual time=0.024..13252.537 rows=36244344 loops=1)
  ->  Hash  (cost=154778.04..154778.04 rows=289417 width=8) (actual time=2972.221..2972.221 rows=134502 loops=1)
        Buckets: 131072  Batches: 4  Memory Usage: 2332kB
        ->  Hash Join  (cost=82955.72..154778.04 rows=289417 width=8) (actual time=2136.764..2928.597 rows=134502 loops=1)
              Hash Cond: (mc.movie_id = t.id)
              ->  Seq Scan on movie_companies mc  (cost=0.00..51404.11 rows=1329612 width=4) (actual time=0.025..989.108 rows=1334883 loops=1)
                    Filter: (company_type_id = 2)
                    Rows Removed by Filter: 1274246
              ->  Hash  (cost=73925.90..73925.90 rows=550385 width=4) (actual time=1148.399..1148.399 rows=602403 loops=1)
                    Buckets: 131072  Batches: 8  Memory Usage: 3672kB
                    ->  Seq Scan on title t  (cost=0.00..73925.90 rows=550385 width=4) (actual time=296.023..975.211 rows=602403 loops=1)
                          Filter: ((production_year > 2006) AND (kind_id = 7))
                          Rows Removed by Filter: 1925909
Planning time: 11.778 ms
Execution time: 33966.211 ms
