Hash Join  (cost=355332.61..1150557.81 rows=22009202 width=0) (actual time=8495.707..66376.806 rows=202337836 loops=1)
  Hash Cond: (mi.movie_id = t.id)
  ->  Seq Scan on movie_info mi  (cost=0.00..346232.03 rows=13929354 width=4) (actual time=0.018..7827.499 rows=14033580 loops=1)
        Filter: (info_type_id > 1)
        Rows Removed by Filter: 802140
  ->  Hash  (cost=289785.34..289785.34 rows=3995222 width=8) (actual time=8494.627..8494.627 rows=4005965 loops=1)
        Buckets: 131072  Batches: 64  Memory Usage: 3569kB
        ->  Hash Join  (cost=102767.86..289785.34 rows=3995222 width=8) (actual time=2034.126..7161.291 rows=4005965 loops=1)
              Hash Cond: (mk.movie_id = t.id)
              ->  Seq Scan on movie_keyword mk  (cost=0.00..81003.12 rows=3995222 width=4) (actual time=0.027..1901.181 rows=4005965 loops=1)
                    Filter: (keyword_id < 34943)
                    Rows Removed by Filter: 517965
              ->  Hash  (cost=61283.27..61283.27 rows=2528527 width=4) (actual time=2032.673..2032.673 rows=2528312 loops=1)
                    Buckets: 131072  Batches: 64  Memory Usage: 2425kB
                    ->  Seq Scan on title t  (cost=0.00..61283.27 rows=2528527 width=4) (actual time=0.017..1154.113 rows=2528312 loops=1)
Planning time: 1.087 ms
Execution time: 87412.863 ms
