Hash Join  (cost=73982.55..438902.66 rows=26418 width=0) (actual time=783.172..7921.044 rows=42170 loops=1)
  Hash Cond: (mi.movie_id = t.id)
  ->  Seq Scan on movie_info mi  (cost=0.00..309384.22 rows=14739122 width=4) (actual time=0.021..3810.877 rows=14835720 loops=1)
  ->  Hash  (cost=73925.90..73925.90 rows=4532 width=4) (actual time=759.848..759.848 rows=13632 loops=1)
        Buckets: 16384 (originally 8192)  Batches: 1 (originally 1)  Memory Usage: 608kB
        ->  Seq Scan on title t  (cost=0.00..73925.90 rows=4532 width=4) (actual time=0.040..754.206 rows=13632 loops=1)
              Filter: ((kind_id = 7) AND (production_year = 1990))
              Rows Removed by Filter: 2514680
Planning time: 1.391 ms
Execution time: 7927.319 ms
