Hash Join  (cost=167295.89..298197.34 rows=730441 width=0) (actual time=4146.748..12307.648 rows=24165767 loops=1)
  Hash Cond: (mk.movie_id = t.id)
  ->  Seq Scan on movie_keyword mk  (cost=0.00..69693.30 rows=4523930 width=4) (actual time=0.015..1459.270 rows=4523930 loops=1)
  ->  Hash  (cost=160597.64..160597.64 rows=408260 width=8) (actual time=4146.035..4146.035 rows=878289 loops=1)
        Buckets: 131072 (originally 131072)  Batches: 16 (originally 8)  Memory Usage: 3243kB
        ->  Hash Join  (cost=87162.74..160597.64 rows=408260 width=8) (actual time=1866.645..3893.296 rows=878289 loops=1)
              Hash Cond: (mc.movie_id = t.id)
              ->  Seq Scan on movie_companies mc  (cost=0.00..51404.11 rows=1279517 width=4) (actual time=0.017..1028.125 rows=1274246 loops=1)
                    Filter: (company_type_id < 2)
                    Rows Removed by Filter: 1334883
              ->  Hash  (cost=73925.90..73925.90 rows=806787 width=4) (actual time=1865.774..1865.774 rows=843018 loops=1)
                    Buckets: 131072  Batches: 16  Memory Usage: 2879kB
                    ->  Seq Scan on title t  (cost=0.00..73925.90 rows=806787 width=4) (actual time=0.031..1228.905 rows=843018 loops=1)
                          Filter: ((kind_id < 7) AND (production_year < 2011))
                          Rows Removed by Filter: 1685294
Planning time: 1.170 ms
Execution time: 14458.004 ms
