Hash Join  (cost=976102.94..1141042.99 rows=3060110 width=0) (actual time=18782.937..21290.232 rows=1136862 loops=1)
  Hash Cond: (mk.movie_id = t.id)
  ->  Seq Scan on movie_keyword mk  (cost=0.00..69693.30 rows=4523930 width=4) (actual time=0.009..1483.634 rows=4523930 loops=1)
  ->  Hash  (cost=948041.37..948041.37 rows=1710365 width=8) (actual time=17512.890..17512.890 rows=580608 loops=1)
        Buckets: 131072  Batches: 32  Memory Usage: 1730kB
        ->  Hash Join  (cost=92883.59..948041.37 rows=1710365 width=8) (actual time=12536.540..17336.899 rows=580608 loops=1)
              Hash Cond: (ci.movie_id = t.id)
              ->  Seq Scan on cast_info ci  (cost=0.00..796071.18 rows=2806791 width=4) (actual time=10564.935..14453.318 rows=899015 loops=1)
                    Filter: ((person_id < 2398773) AND (role_id = 10))
                    Rows Removed by Filter: 35345329
              ->  Hash  (cost=67604.59..67604.59 rows=1540800 width=4) (actual time=1970.573..1970.573 rows=1543264 loops=1)
                    Buckets: 131072  Batches: 32  Memory Usage: 2722kB
                    ->  Seq Scan on title t  (cost=0.00..67604.59 rows=1540800 width=4) (actual time=0.027..1234.461 rows=1543264 loops=1)
                          Filter: (kind_id = 7)
                          Rows Removed by Filter: 985048
Planning time: 8.641 ms
Execution time: 21415.063 ms
