Hash Join  (cost=106840.27..257176.83 rows=2547701 width=0) (actual time=2253.834..6395.956 rows=2644588 loops=1)
  Hash Cond: (mk.movie_id = t.id)
  ->  Seq Scan on movie_keyword mk  (cost=0.00..81003.12 rows=2693684 width=4) (actual time=0.020..1806.069 rows=2684807 loops=1)
        Filter: (keyword_id > 3037)
        Rows Removed by Filter: 1839123
  ->  Hash  (cost=67604.59..67604.59 rows=2391495 width=4) (actual time=2253.109..2253.109 rows=2388876 loops=1)
        Buckets: 131072  Batches: 32  Memory Usage: 3656kB
        ->  Seq Scan on title t  (cost=0.00..67604.59 rows=2391495 width=4) (actual time=0.018..1475.188 rows=2388876 loops=1)
              Filter: (production_year < 2013)
              Rows Removed by Filter: 139436
Planning time: 0.721 ms
Execution time: 6641.284 ms
