Hash Join  (cost=142723.96..511023.73 rows=364385 width=0) (actual time=2691.171..11547.241 rows=1663026 loops=1)
  Hash Cond: (mi.movie_id = t.id)
  ->  Seq Scan on movie_info mi  (cost=0.00..309384.22 rows=14739122 width=4) (actual time=0.016..4510.044 rows=14835720 loops=1)
  ->  Hash  (cost=141942.57..141942.57 rows=62511 width=8) (actual time=2690.733..2690.733 rows=44066 loops=1)
        Buckets: 65536  Batches: 1  Memory Usage: 2234kB
        ->  Hash Join  (cost=69928.56..141942.57 rows=62511 width=8) (actual time=1119.519..2674.461 rows=44066 loops=1)
              Hash Cond: (mc.movie_id = t.id)
              ->  Seq Scan on movie_companies mc  (cost=0.00..57926.93 rows=1116256 width=4) (actual time=0.018..1154.525 rows=1014345 loops=1)
                    Filter: ((company_id > 160) AND (company_type_id < 2))
                    Rows Removed by Filter: 1594784
              ->  Hash  (cost=67604.59..67604.59 rows=141598 width=4) (actual time=1118.839..1118.839 rows=141703 loops=1)
                    Buckets: 131072  Batches: 2  Memory Usage: 3511kB
                    ->  Seq Scan on title t  (cost=0.00..67604.59 rows=141598 width=4) (actual time=0.039..1067.226 rows=141703 loops=1)
                          Filter: (production_year = 2010)
                          Rows Removed by Filter: 2386609
Planning time: 1.231 ms
Execution time: 11764.893 ms
