Hash Join  (cost=93117.31..1457252.12 rows=21163599 width=0) (actual time=2159.596..45220.611 rows=20406010 loops=1)
  Hash Cond: (ci.movie_id = t.id)
  ->  Seq Scan on cast_info ci  (cost=0.00..705507.15 rows=34412934 width=4) (actual time=0.020..16453.455 rows=34507990 loops=1)
        Filter: (person_id > 173157)
        Rows Removed by Filter: 1736354
  ->  Hash  (cost=67604.59..67604.59 rows=1555018 width=4) (actual time=2158.480..2158.480 rows=1551727 loops=1)
        Buckets: 131072  Batches: 32  Memory Usage: 2728kB
        ->  Seq Scan on title t  (cost=0.00..67604.59 rows=1555018 width=4) (actual time=0.018..1367.368 rows=1551727 loops=1)
              Filter: (production_year < 2007)
              Rows Removed by Filter: 976585
Planning time: 0.830 ms
Execution time: 47651.392 ms
