Seq Scan on cast_info ci  (cost=0.00..705507.15 rows=13554876 width=0) (actual time=78.179..11501.817 rows=13712038 loops=1)
  Filter: (person_id > 2298801)
  Rows Removed by Filter: 22532306
Planning time: 0.345 ms
Execution time: 13221.753 ms
