Seq Scan on cast_info ci  (cost=0.00..796071.18 rows=435 width=0) (actual time=3349.574..14712.276 rows=4 loops=1)
  Filter: ((role_id < 10) AND (person_id = 3232164))
  Rows Removed by Filter: 36244340
Planning time: 0.385 ms
Execution time: 14712.396 ms
