Hash Join  (cost=211013.61..1433172.28 rows=18335551 width=0) (actual time=4654.583..36640.404 rows=12242169 loops=1)
  Hash Cond: (ci.movie_id = t.id)
  ->  Seq Scan on cast_info ci  (cost=0.00..614943.12 rows=36225612 width=4) (actual time=0.024..13272.328 rows=36244344 loops=1)
  ->  Hash  (cost=190015.97..190015.97 rows=1279811 width=8) (actual time=4653.307..4653.307 rows=418529 loops=1)
        Buckets: 131072  Batches: 32  Memory Usage: 1520kB
        ->  Hash Join  (cost=92883.59..190015.97 rows=1279811 width=8) (actual time=2074.044..4528.097 rows=418529 loops=1)
              Hash Cond: (mc.movie_id = t.id)
              ->  Seq Scan on movie_companies mc  (cost=0.00..51404.11 rows=2100232 width=4) (actual time=0.024..1085.344 rows=2103046 loops=1)
                    Filter: (company_id > 459)
                    Rows Removed by Filter: 506083
              ->  Hash  (cost=67604.59..67604.59 rows=1540800 width=4) (actual time=2072.848..2072.848 rows=1543264 loops=1)
                    Buckets: 131072  Batches: 32  Memory Usage: 2722kB
                    ->  Seq Scan on title t  (cost=0.00..67604.59 rows=1540800 width=4) (actual time=147.271..1291.466 rows=1543264 loops=1)
                          Filter: (kind_id = 7)
                          Rows Removed by Filter: 985048
Planning time: 0.840 ms
Execution time: 37904.329 ms
