Seq Scan on cast_info ci  (cost=0.00..705507.15 rows=20199063 width=0) (actual time=0.024..12296.311 rows=20083159 loops=1)
  Filter: (person_id < 2016801)
  Rows Removed by Filter: 16161185
Planning time: 0.349 ms
Execution time: 14716.083 ms
