Hash Join  (cost=132056.69..1202097.50 rows=3527562 width=0) (actual time=2879.212..35607.171 rows=8299924 loops=1)
  Hash Cond: (ci.movie_id = t.id)
  ->  Seq Scan on cast_info ci  (cost=0.00..614943.12 rows=36225612 width=4) (actual time=0.011..13464.058 rows=36244344 loops=1)
  ->  Hash  (cost=128016.91..128016.91 rows=246222 width=8) (actual time=2877.804..2877.804 rows=297009 loops=1)
        Buckets: 131072  Batches: 4  Memory Usage: 3930kB
        ->  Hash Join  (cost=89762.59..128016.91 rows=246222 width=8) (actual time=1840.245..2793.830 rows=297009 loops=1)
              Hash Cond: (mi_idx.movie_id = t.id)
              ->  Seq Scan on movie_info_idx mi_idx  (cost=0.00..25185.44 rows=460978 width=4) (actual time=0.016..437.394 rows=459925 loops=1)
                    Filter: (info_type_id = 99)
                    Rows Removed by Filter: 920110
              ->  Hash  (cost=67604.59..67604.59 rows=1350560 width=4) (actual time=1839.121..1839.121 rows=1348293 loops=1)
                    Buckets: 131072  Batches: 32  Memory Usage: 2505kB
                    ->  Seq Scan on title t  (cost=0.00..67604.59 rows=1350560 width=4) (actual time=0.010..1398.956 rows=1348293 loops=1)
                          Filter: (production_year < 2005)
                          Rows Removed by Filter: 1180019
Planning time: 0.858 ms
Execution time: 36585.627 ms
