Seq Scan on movie_companies mc  (cost=0.00..51404.11 rows=4436 width=0) (actual time=0.129..769.647 rows=5067 loops=1)
  Filter: (company_id = 11146)
  Rows Removed by Filter: 2604062
Planning time: 0.274 ms
Execution time: 770.661 ms
