Hash Join  (cost=92883.59..946164.78 rows=1649910 width=0) (actual time=10280.466..18618.753 rows=2066788 loops=1)
  Hash Cond: (ci.movie_id = t.id)
  ->  Seq Scan on cast_info ci  (cost=0.00..796071.18 rows=2707582 width=4) (actual time=7882.724..13706.465 rows=3116549 loops=1)
        Filter: ((person_id > 1140259) AND (role_id = 3))
        Rows Removed by Filter: 33127795
  ->  Hash  (cost=67604.59..67604.59 rows=1540800 width=4) (actual time=2396.100..2396.100 rows=1543264 loops=1)
        Buckets: 131072  Batches: 32  Memory Usage: 2722kB
        ->  Seq Scan on title t  (cost=0.00..67604.59 rows=1540800 width=4) (actual time=0.031..1221.271 rows=1543264 loops=1)
              Filter: (kind_id = 7)
              Rows Removed by Filter: 985048
Planning time: 0.730 ms
Execution time: 18868.872 ms
