Hash Join  (cost=127873.98..527877.58 rows=238000 width=0) (actual time=2551.799..12652.859 rows=1160637 loops=1)
  Hash Cond: (mi.movie_id = t.id)
  ->  Seq Scan on movie_info mi  (cost=0.00..346232.03 rows=13704418 width=4) (actual time=0.029..6880.042 rows=13739936 loops=1)
        Filter: (info_type_id < 67)
        Rows Removed by Filter: 1095784
  ->  Hash  (cost=127325.08..127325.08 rows=43912 width=8) (actual time=2551.001..2551.001 rows=37868 loops=1)
        Buckets: 65536  Batches: 1  Memory Usage: 1992kB
        ->  Hash Join  (cost=68332.59..127325.08 rows=43912 width=8) (actual time=1080.203..2535.602 rows=37868 loops=1)
              Hash Cond: (mc.movie_id = t.id)
              ->  Seq Scan on movie_companies mc  (cost=0.00..51404.11 rows=1906470 width=4) (actual time=0.014..942.841 rows=1916403 loops=1)
                    Filter: (company_id > 1283)
                    Rows Removed by Filter: 692726
              ->  Hash  (cost=67604.59..67604.59 rows=58240 width=4) (actual time=1079.836..1079.836 rows=58590 loops=1)
                    Buckets: 65536  Batches: 1  Memory Usage: 2572kB
                    ->  Seq Scan on title t  (cost=0.00..67604.59 rows=58240 width=4) (actual time=0.015..1056.940 rows=58590 loops=1)
                          Filter: (production_year = 2001)
                          Rows Removed by Filter: 2469722
Planning time: 1.186 ms
Execution time: 12817.272 ms
