Hash Join  (cost=137503.20..266859.42 rows=603618 width=0) (actual time=2979.837..6249.462 rows=867840 loops=1)
  Hash Cond: (mk.movie_id = t.id)
  ->  Seq Scan on movie_keyword mk  (cost=0.00..69693.30 rows=4523930 width=4) (actual time=0.017..1379.215 rows=4523930 loops=1)
  ->  Hash  (cost=131968.00..131968.00 rows=337376 width=8) (actual time=2978.607..2978.607 rows=235758 loops=1)
        Buckets: 131072  Batches: 8  Memory Usage: 2176kB
        ->  Hash Join  (cost=89154.34..131968.00 rows=337376 width=8) (actual time=1705.093..2898.190 rows=235758 loops=1)
              Hash Cond: (mi_idx.movie_id = t.id)
              ->  Seq Scan on movie_info_idx mi_idx  (cost=0.00..25185.44 rows=919057 width=4) (actual time=0.014..519.691 rows=920110 loops=1)
                    Filter: (info_type_id > 99)
                    Rows Removed by Filter: 459925
              ->  Hash  (cost=73925.90..73925.90 rows=928195 width=4) (actual time=1704.243..1704.243 rows=1004724 loops=1)
                    Buckets: 131072  Batches: 16  Memory Usage: 3239kB
                    ->  Seq Scan on title t  (cost=0.00..73925.90 rows=928195 width=4) (actual time=0.010..1385.009 rows=1004724 loops=1)
                          Filter: ((kind_id > 1) AND (production_year > 2002))
                          Rows Removed by Filter: 1523588
Planning time: 0.777 ms
Execution time: 6353.481 ms
