Hash Join  (cost=127948.89..1047391.44 rows=12956672 width=169) (actual time=2888.363..28856.132 rows=12196589 loops=1)
  Hash Cond: (mi.movie_id = t.id)
  ->  Seq Scan on movie_info mi  (cost=0.00..309384.22 rows=14739122 width=75) (actual time=0.021..7286.378 rows=14835720 loops=1)
  ->  Hash  (cost=67604.59..67604.59 rows=2222744 width=94) (actual time=2886.740..2886.740 rows=2214818 loops=1)
        Buckets: 32768  Batches: 128  Memory Usage: 2201kB
        ->  Seq Scan on title t  (cost=0.00..67604.59 rows=2222744 width=94) (actual time=0.015..1409.852 rows=2214818 loops=1)
              Filter: (production_year > 1959)
              Rows Removed by Filter: 313494
Planning time: 0.954 ms
Execution time: 29479.794 ms
