Hash Join  (cost=83073.10..447732.81 rows=379 width=0) (actual time=1398.269..8454.985 rows=130422 loops=1)
  Hash Cond: (mi.movie_id = t.id)
  ->  Seq Scan on movie_info mi  (cost=0.00..309384.22 rows=14739122 width=4) (actual time=0.013..4231.251 rows=14835720 loops=1)
  ->  Hash  (cost=83072.29..83072.29 rows=65 width=8) (actual time=1397.802..1397.802 rows=2214 loops=1)
        Buckets: 4096 (originally 1024)  Batches: 1 (originally 1)  Memory Usage: 119kB
        ->  Nested Loop  (cost=0.43..83072.29 rows=65 width=8) (actual time=1.289..1396.150 rows=2214 loops=1)
              ->  Seq Scan on movie_keyword mk  (cost=0.00..81003.12 rows=246 width=4) (actual time=1.211..1293.552 rows=3050 loops=1)
                    Filter: (keyword_id = 2273)
                    Rows Removed by Filter: 4520880
              ->  Index Scan using title_pkey on title t  (cost=0.43..8.40 rows=1 width=4) (actual time=0.032..0.033 rows=1 loops=3050)
                    Index Cond: (id = mk.movie_id)
                    Filter: (kind_id = 1)
                    Rows Removed by Filter: 0
Planning time: 1.200 ms
Execution time: 8473.629 ms
