Hash Join  (cost=214025.78..760612.30 rows=6258560 width=0) (actual time=5319.282..30837.437 rows=47903401 loops=1)
  Hash Cond: (mi.movie_id = t.id)
  ->  Seq Scan on movie_info mi  (cost=0.00..309384.22 rows=14739122 width=4) (actual time=0.017..6375.214 rows=14835720 loops=1)
  ->  Hash  (cost=196409.91..196409.91 rows=1073669 width=8) (actual time=5316.941..5316.941 rows=1274246 loops=1)
        Buckets: 131072 (originally 131072)  Batches: 32 (originally 16)  Memory Usage: 3073kB
        ->  Hash Join  (cost=102767.86..196409.91 rows=1073669 width=8) (actual time=2279.065..4943.563 rows=1274246 loops=1)
              Hash Cond: (mc.movie_id = t.id)
              ->  Seq Scan on movie_companies mc  (cost=0.00..57926.93 rows=1073669 width=4) (actual time=0.023..1205.265 rows=1274246 loops=1)
                    Filter: ((company_id < 79776) AND (company_type_id < 2))
                    Rows Removed by Filter: 1334883
              ->  Hash  (cost=61283.27..61283.27 rows=2528527 width=4) (actual time=2277.694..2277.694 rows=2528312 loops=1)
                    Buckets: 131072  Batches: 64  Memory Usage: 2415kB
                    ->  Seq Scan on title t  (cost=0.00..61283.27 rows=2528527 width=4) (actual time=0.017..1146.888 rows=2528312 loops=1)
Planning time: 1.225 ms
Execution time: 35983.586 ms
