Hash Join  (cost=101560.42..194162.08 rows=19184 width=0) (actual time=1877.445..4026.734 rows=43005 loops=1)
  Hash Cond: (mk.movie_id = t.id)
  ->  Seq Scan on movie_keyword mk  (cost=0.00..81003.12 rows=3041787 width=4) (actual time=0.023..1662.006 rows=3027959 loops=1)
        Filter: (keyword_id > 2144)
        Rows Removed by Filter: 1495971
  ->  Hash  (cost=101361.08..101361.08 rows=15947 width=8) (actual time=1873.214..1873.214 rows=15810 loops=1)
        Buckets: 16384  Batches: 1  Memory Usage: 746kB
        ->  Hash Join  (cost=74291.13..101361.08 rows=15947 width=8) (actual time=1169.713..1867.488 rows=15810 loops=1)
              Hash Cond: (mi_idx.movie_id = t.id)
              ->  Seq Scan on movie_info_idx mi_idx  (cost=0.00..21735.35 rows=1380035 width=4) (actual time=0.013..358.173 rows=1380035 loops=1)
              ->  Hash  (cost=73925.90..73925.90 rows=29218 width=4) (actual time=1169.299..1169.299 rows=30850 loops=1)
                    Buckets: 32768  Batches: 1  Memory Usage: 1341kB
                    ->  Seq Scan on title t  (cost=0.00..73925.90 rows=29218 width=4) (actual time=0.031..1156.356 rows=30850 loops=1)
                          Filter: ((kind_id > 1) AND (production_year = 1995))
                          Rows Removed by Filter: 2497462
Planning time: 1.203 ms
Execution time: 4032.645 ms
