Hash Join  (cost=155547.81..280657.89 rows=255105 width=0) (actual time=3632.119..8944.881 rows=8414765 loops=1)
  Hash Cond: (mk.movie_id = t.id)
  ->  Seq Scan on movie_keyword mk  (cost=0.00..69693.30 rows=4523930 width=4) (actual time=0.019..1376.922 rows=4523930 loops=1)
  ->  Hash  (cost=153208.51..153208.51 rows=142584 width=8) (actual time=3631.196..3631.196 rows=576397 loops=1)
        Buckets: 131072 (originally 131072)  Batches: 4 (originally 2)  Memory Usage: 6706kB
        ->  Hash Join  (cost=76193.14..153208.51 rows=142584 width=8) (actual time=1160.310..3460.076 rows=576397 loops=1)
              Hash Cond: (mc.movie_id = t.id)
              ->  Seq Scan on movie_companies mc  (cost=0.00..44881.29 rows=2609129 width=4) (actual time=0.032..951.644 rows=2609129 loops=1)
              ->  Hash  (cost=73925.90..73925.90 rows=138179 width=4) (actual time=1159.638..1159.638 rows=274202 loops=1)
                    Buckets: 131072 (originally 131072)  Batches: 4 (originally 2)  Memory Usage: 3435kB
                    ->  Seq Scan on title t  (cost=0.00..73925.90 rows=138179 width=4) (actual time=352.462..1062.955 rows=274202 loops=1)
                          Filter: ((production_year < 1981) AND (kind_id = 1))
                          Rows Removed by Filter: 2254110
Planning time: 1.170 ms
Execution time: 9902.680 ms
