Hash Join  (cost=287879.30..887427.12 rows=10185098 width=0) (actual time=7002.835..42438.871 rows=94961334 loops=1)
  Hash Cond: (mi.movie_id = t.id)
  ->  Seq Scan on movie_info mi  (cost=0.00..346232.03 rows=11115165 width=4) (actual time=272.691..7366.117 rows=11210743 loops=1)
        Filter: (info_type_id > 3)
        Rows Removed by Filter: 3624977
  ->  Hash  (cost=249866.41..249866.41 rows=2316951 width=8) (actual time=6728.630..6728.630 rows=1814139 loops=1)
        Buckets: 131072  Batches: 32  Memory Usage: 3399kB
        ->  Hash Join  (cost=89299.55..249866.41 rows=2316951 width=8) (actual time=1692.443..6170.009 rows=1814139 loops=1)
              Hash Cond: (mk.movie_id = t.id)
              ->  Seq Scan on movie_keyword mk  (cost=0.00..81003.12 rows=4430461 width=4) (actual time=0.030..1834.717 rows=4419636 loops=1)
                    Filter: (keyword_id > 103)
                    Rows Removed by Filter: 104294
              ->  Hash  (cost=67604.59..67604.59 rows=1322317 width=4) (actual time=1690.509..1690.509 rows=1322863 loops=1)
                    Buckets: 131072  Batches: 32  Memory Usage: 2489kB
                    ->  Seq Scan on title t  (cost=0.00..67604.59 rows=1322317 width=4) (actual time=0.022..1260.504 rows=1322863 loops=1)
                          Filter: (production_year > 2001)
                          Rows Removed by Filter: 1205449
Planning time: 1.223 ms
Execution time: 52784.501 ms
