Seq Scan on movie_companies mc  (cost=0.00..57926.93 rows=877854 width=0) (actual time=175.457..931.916 rows=1077177 loops=1)
  Filter: ((company_id > 2650) AND (company_type_id > 1))
  Rows Removed by Filter: 1531952
Planning time: 0.337 ms
Execution time: 1063.638 ms
