Nested Loop  (cost=0.43..83072.90 rows=7 width=0) (actual time=128.671..1387.377 rows=3 loops=1)
  ->  Seq Scan on movie_keyword mk  (cost=0.00..81003.12 rows=246 width=4) (actual time=28.381..1373.926 rows=310 loops=1)
        Filter: (keyword_id = 5973)
        Rows Removed by Filter: 4523620
  ->  Index Scan using title_pkey on title t  (cost=0.43..8.40 rows=1 width=4) (actual time=0.041..0.041 rows=0 loops=310)
        Index Cond: (id = mk.movie_id)
        Filter: ((kind_id > 1) AND (production_year = 2005))
        Rows Removed by Filter: 1
Planning time: 0.816 ms
Execution time: 1387.489 ms
