Seq Scan on movie_keyword mk  (cost=0.00..81003.12 rows=246 width=0) (actual time=0.234..1270.135 rows=137 loops=1)
  Filter: (keyword_id = 30229)
  Rows Removed by Filter: 4523793
Planning time: 0.381 ms
Execution time: 1270.312 ms
