Hash Join  (cost=67764.72..433167.42 rows=74677 width=0) (actual time=1073.681..8371.749 rows=115135 loops=1)
  Hash Cond: (mi.movie_id = t.id)
  ->  Seq Scan on movie_info mi  (cost=0.00..309384.22 rows=14739122 width=4) (actual time=0.023..4135.865 rows=14835720 loops=1)
  ->  Hash  (cost=67604.59..67604.59 rows=12811 width=4) (actual time=1073.308..1073.308 rows=12600 loops=1)
        Buckets: 16384  Batches: 1  Memory Usage: 571kB
        ->  Seq Scan on title t  (cost=0.00..67604.59 rows=12811 width=4) (actual time=0.014..1068.181 rows=12600 loops=1)
              Filter: (kind_id = 6)
              Rows Removed by Filter: 2515712
Planning time: 5.397 ms
Execution time: 8389.798 ms
