Seq Scan on cast_info ci  (cost=0.00..796071.18 rows=10071899 width=0) (actual time=10358.734..15180.226 rows=7277959 loops=1)
  Filter: ((person_id > 723704) AND (role_id = 1))
  Rows Removed by Filter: 28966385
Planning time: 0.416 ms
Execution time: 16120.583 ms
