Hash Join  (cost=298071.05..1802184.03 rows=36966578 width=0) (actual time=6669.308..64497.328 rows=124597122 loops=1)
  Hash Cond: (ci.movie_id = t.id)
  ->  Seq Scan on cast_info ci  (cost=0.00..614943.12 rows=36225612 width=4) (actual time=0.022..13118.333 rows=36244344 loops=1)
  ->  Hash  (cost=255737.98..255737.98 rows=2580246 width=8) (actual time=6667.452..6667.452 rows=2568803 loops=1)
        Buckets: 131072  Batches: 64  Memory Usage: 2614kB
        ->  Hash Join  (cost=102767.86..255737.98 rows=2580246 width=8) (actual time=1971.545..5771.344 rows=2568803 loops=1)
              Hash Cond: (mk.movie_id = t.id)
              ->  Seq Scan on movie_keyword mk  (cost=0.00..81003.12 rows=2580246 width=4) (actual time=0.021..1550.670 rows=2568803 loops=1)
                    Filter: (keyword_id > 3401)
                    Rows Removed by Filter: 1955127
              ->  Hash  (cost=61283.27..61283.27 rows=2528527 width=4) (actual time=1970.333..1970.333 rows=2528312 loops=1)
                    Buckets: 131072  Batches: 64  Memory Usage: 2425kB
                    ->  Seq Scan on title t  (cost=0.00..61283.27 rows=2528527 width=4) (actual time=0.015..1122.676 rows=2528312 loops=1)
Planning time: 1.141 ms
Execution time: 77275.493 ms
