Seq Scan on movie_companies mc  (cost=0.00..57926.93 rows=801754 width=0) (actual time=0.019..1023.206 rows=1101517 loops=1)
  Filter: ((company_id < 17206) AND (company_type_id < 2))
  Rows Removed by Filter: 1507612
Planning time: 0.372 ms
Execution time: 1156.619 ms
