Hash Join  (cost=67667.80..432618.51 rows=29478 width=0) (actual time=1060.460..8220.417 rows=7957 loops=1)
  Hash Cond: (mi.movie_id = t.id)
  ->  Seq Scan on movie_info mi  (cost=0.00..309384.22 rows=14739122 width=4) (actual time=0.010..4399.623 rows=14835720 loops=1)
  ->  Hash  (cost=67604.59..67604.59 rows=5057 width=4) (actual time=1055.487..1055.487 rows=1036 loops=1)
        Buckets: 8192  Batches: 1  Memory Usage: 101kB
        ->  Seq Scan on title t  (cost=0.00..67604.59 rows=5057 width=4) (actual time=156.974..1054.788 rows=1036 loops=1)
              Filter: (production_year < 1897)
              Rows Removed by Filter: 2527276
Planning time: 0.551 ms
Execution time: 8222.370 ms
