Hash Join  (cost=74626.76..101615.86 rows=10070 width=0) (actual time=1138.326..1678.443 rows=10083 loops=1)
  Hash Cond: (mi_idx.movie_id = t.id)
  ->  Seq Scan on movie_info_idx mi_idx  (cost=0.00..25185.44 rows=454124 width=4) (actual time=0.017..404.056 rows=459925 loops=1)
        Filter: (info_type_id = 100)
        Rows Removed by Filter: 920110
  ->  Hash  (cost=73925.90..73925.90 rows=56068 width=4) (actual time=1137.953..1137.953 rows=48342 loops=1)
        Buckets: 65536  Batches: 1  Memory Usage: 2212kB
        ->  Seq Scan on title t  (cost=0.00..73925.90 rows=56068 width=4) (actual time=0.027..1119.151 rows=48342 loops=1)
              Filter: ((kind_id < 4) AND (production_year = 2012))
              Rows Removed by Filter: 2479970
Planning time: 0.850 ms
Execution time: 1680.323 ms
