Nested Loop  (cost=0.43..83071.67 rows=246 width=0) (actual time=3.753..1240.191 rows=88 loops=1)
  ->  Seq Scan on movie_keyword mk  (cost=0.00..81003.12 rows=246 width=4) (actual time=3.678..1234.938 rows=88 loops=1)
        Filter: (keyword_id = 27039)
        Rows Removed by Filter: 4523842
  ->  Index Only Scan using title_pkey on title t  (cost=0.43..8.40 rows=1 width=4) (actual time=0.055..0.055 rows=1 loops=88)
        Index Cond: (id = mk.movie_id)
        Heap Fetches: 88
Planning time: 0.764 ms
Execution time: 1240.317 ms
