Hash Join  (cost=926916.50..1433664.91 rows=2524948 width=0) (actual time=20137.575..34667.759 rows=2791403 loops=1)
  Hash Cond: (mi.movie_id = t.id)
  ->  Seq Scan on movie_info mi  (cost=0.00..309384.22 rows=14739122 width=4) (actual time=0.011..5843.435 rows=14835720 loops=1)
  ->  Hash  (cost=919809.00..919809.00 rows=433160 width=8) (actual time=20121.031..20121.031 rows=764409 loops=1)
        Buckets: 131072 (originally 131072)  Batches: 16 (originally 8)  Memory Usage: 3073kB
        ->  Hash Join  (cost=79273.71..919809.00 rows=433160 width=8) (actual time=7813.205..19874.235 rows=764409 loops=1)
              Hash Cond: (ci.movie_id = t.id)
              ->  Seq Scan on cast_info ci  (cost=0.00..796071.18 rows=3360671 width=4) (actual time=6489.592..16013.894 rows=4005409 loops=1)
                    Filter: ((person_id < 3063401) AND (role_id = 3))
                    Rows Removed by Filter: 32238935
              ->  Hash  (cost=73925.90..73925.90 rows=325904 width=4) (actual time=1322.608..1322.608 rows=349534 loops=1)
                    Buckets: 131072  Batches: 8  Memory Usage: 2566kB
                    ->  Seq Scan on title t  (cost=0.00..73925.90 rows=325904 width=4) (actual time=0.031..1207.351 rows=349534 loops=1)
                          Filter: ((production_year > 2009) AND (kind_id = 7))
                          Rows Removed by Filter: 2178778
Planning time: 1.231 ms
Execution time: 34976.305 ms
