Hash Join  (cost=99811.77..1411101.34 rows=22604039 width=0) (actual time=2025.442..40876.995 rows=22112480 loops=1)
  Hash Cond: (ci.movie_id = t.id)
  ->  Seq Scan on cast_info ci  (cost=0.00..614943.12 rows=36225612 width=4) (actual time=0.026..13101.792 rows=36244344 loops=1)
  ->  Hash  (cost=73925.90..73925.90 rows=1577749 width=4) (actual time=2024.267..2024.267 rows=1567237 loops=1)
        Buckets: 131072  Batches: 32  Memory Usage: 2749kB
        ->  Seq Scan on title t  (cost=0.00..73925.90 rows=1577749 width=4) (actual time=0.014..1511.691 rows=1567237 loops=1)
              Filter: ((kind_id > 3) AND (production_year < 2013))
              Rows Removed by Filter: 961075
Planning time: 0.694 ms
Execution time: 43249.548 ms
