Seq Scan on cast_info ci  (cost=0.00..705507.15 rows=21597181 width=0) (actual time=223.548..12675.467 rows=21697941 loops=1)
  Filter: (person_id > 1433320)
  Rows Removed by Filter: 14546403
Planning time: 0.315 ms
Execution time: 15353.199 ms
