Hash Join  (cost=263115.61..1294800.06 rows=9540388 width=0) (actual time=6375.127..29474.918 rows=12856886 loops=1)
  Hash Cond: (ci.movie_id = t.id)
  ->  Seq Scan on cast_info ci  (cost=0.00..796071.18 rows=9245663 width=4) (actual time=0.028..15020.655 rows=5279212 loops=1)
        Filter: ((person_id < 2070307) AND (role_id > 2))
        Rows Removed by Filter: 30965132
  ->  Hash  (cost=220309.49..220309.49 rows=2609129 width=8) (actual time=6373.941..6373.941 rows=2609129 loops=1)
        Buckets: 131072  Batches: 64  Memory Usage: 2610kB
        ->  Hash Join  (cost=102767.86..220309.49 rows=2609129 width=8) (actual time=1924.341..5575.498 rows=2609129 loops=1)
              Hash Cond: (mc.movie_id = t.id)
              ->  Seq Scan on movie_companies mc  (cost=0.00..44881.29 rows=2609129 width=4) (actual time=0.009..1010.997 rows=2609129 loops=1)
              ->  Hash  (cost=61283.27..61283.27 rows=2528527 width=4) (actual time=1922.381..1922.381 rows=2528312 loops=1)
                    Buckets: 131072  Batches: 64  Memory Usage: 2415kB
                    ->  Seq Scan on title t  (cost=0.00..61283.27 rows=2528527 width=4) (actual time=0.021..1081.025 rows=2528312 loops=1)
Planning time: 1.189 ms
Execution time: 31029.524 ms
