Hash Join  (cost=82955.72..596994.32 rows=3208268 width=0) (actual time=1661.778..14762.639 rows=1233867 loops=1)
  Hash Cond: (mi.movie_id = t.id)
  ->  Seq Scan on movie_info mi  (cost=0.00..309384.22 rows=14739122 width=4) (actual time=0.020..6029.341 rows=14835720 loops=1)
  ->  Hash  (cost=73925.90..73925.90 rows=550385 width=4) (actual time=1410.180..1410.180 rows=602403 loops=1)
        Buckets: 131072  Batches: 8  Memory Usage: 3678kB
        ->  Seq Scan on title t  (cost=0.00..73925.90 rows=550385 width=4) (actual time=227.267..1208.335 rows=602403 loops=1)
              Filter: ((production_year > 2006) AND (kind_id = 7))
              Rows Removed by Filter: 1925909
Planning time: 0.805 ms
Execution time: 14915.667 ms
