Hash Join  (cost=156632.57..228744.68 rows=259023 width=0) (actual time=3355.152..5301.771 rows=666783 loops=1)
  Hash Cond: (mc.movie_id = t.id)
  ->  Seq Scan on movie_companies mc  (cost=0.00..51404.11 rows=1409805 width=4) (actual time=0.014..1053.912 rows=1415687 loops=1)
        Filter: (company_id > 10584)
        Rows Removed by Filter: 1193442
  ->  Hash  (cost=149010.49..149010.49 rows=464566 width=8) (actual time=3354.380..3354.380 rows=459925 loops=1)
        Buckets: 131072  Batches: 8  Memory Usage: 3275kB
        ->  Hash Join  (cost=102767.86..149010.49 rows=464566 width=8) (actual time=2002.564..3233.751 rows=459925 loops=1)
              Hash Cond: (mi_idx.movie_id = t.id)
              ->  Seq Scan on movie_info_idx mi_idx  (cost=0.00..25185.44 rows=464566 width=4) (actual time=0.016..437.569 rows=459925 loops=1)
                    Filter: (info_type_id = 101)
                    Rows Removed by Filter: 920110
              ->  Hash  (cost=61283.27..61283.27 rows=2528527 width=4) (actual time=2001.080..2001.080 rows=2528312 loops=1)
                    Buckets: 131072  Batches: 64  Memory Usage: 2415kB
                    ->  Seq Scan on title t  (cost=0.00..61283.27 rows=2528527 width=4) (actual time=0.022..1155.405 rows=2528312 loops=1)
Planning time: 1.090 ms
Execution time: 5376.043 ms
