Hash Join  (cost=77934.62..918713.78 rows=748595 width=0) (actual time=11371.083..17197.830 rows=500027 loops=1)
  Hash Cond: (ci.movie_id = t.id)
  ->  Seq Scan on cast_info ci  (cost=0.00..796071.18 rows=3006407 width=4) (actual time=9918.378..13361.711 rows=4764205 loops=1)
        Filter: ((person_id > 1719070) AND (role_id > 8))
        Rows Removed by Filter: 31480139
  ->  Hash  (cost=67604.59..67604.59 rows=629603 width=4) (actual time=1451.410..1451.410 rows=622851 loops=1)
        Buckets: 131072  Batches: 16  Memory Usage: 2387kB
        ->  Seq Scan on title t  (cost=0.00..67604.59 rows=629603 width=4) (actual time=0.028..1230.589 rows=622851 loops=1)
              Filter: (production_year < 1987)
              Rows Removed by Filter: 1905461
Planning time: 1.160 ms
Execution time: 17260.589 ms
