Hash Join  (cost=123311.50..195507.67 rows=151477 width=0) (actual time=2819.821..4982.919 rows=892828 loops=1)
  Hash Cond: (mc.movie_id = t.id)
  ->  Seq Scan on movie_companies mc  (cost=0.00..51404.11 rows=1585411 width=4) (actual time=0.022..1167.935 rows=1575468 loops=1)
        Filter: (company_id < 15455)
        Rows Removed by Filter: 1033661
  ->  Hash  (cost=119347.66..119347.66 rows=241587 width=8) (actual time=2818.981..2818.981 rows=419760 loops=1)
        Buckets: 131072 (originally 131072)  Batches: 8 (originally 4)  Memory Usage: 3078kB
        ->  Hash Join  (cost=78556.72..119347.66 rows=241587 width=8) (actual time=1646.535..2695.711 rows=419760 loops=1)
              Hash Cond: (mi_idx.movie_id = t.id)
              ->  Seq Scan on movie_info_idx mi_idx  (cost=0.00..25185.44 rows=915101 width=4) (actual time=0.024..554.578 rows=919850 loops=1)
                    Filter: (info_type_id < 101)
                    Rows Removed by Filter: 460185
              ->  Hash  (cost=67604.59..67604.59 rows=667531 width=4) (actual time=1456.724..1456.724 rows=662825 loops=1)
                    Buckets: 131072  Batches: 16  Memory Usage: 2476kB
                    ->  Seq Scan on title t  (cost=0.00..67604.59 rows=667531 width=4) (actual time=469.846..1251.715 rows=662825 loops=1)
                          Filter: (kind_id < 2)
                          Rows Removed by Filter: 1865487
Planning time: 1.205 ms
Execution time: 5085.641 ms
