Seq Scan on movie_companies mc  (cost=0.00..57926.93 rows=53 width=0) (actual time=551.107..819.217 rows=270 loops=1)
  Filter: ((company_type_id > 1) AND (company_id = 93316))
  Rows Removed by Filter: 2608859
Planning time: 2.066 ms
Execution time: 819.404 ms
