Seq Scan on movie_keyword mk  (cost=0.00..81003.12 rows=2013308 width=0) (actual time=0.016..1364.974 rows=2018993 loops=1)
  Filter: (keyword_id > 6139)
  Rows Removed by Filter: 2504937
Planning time: 0.349 ms
Execution time: 1602.503 ms
