Hash Join  (cost=75533.21..1207653.11 rows=1381626 width=0) (actual time=1292.707..32060.815 rows=1629268 loops=1)
  Hash Cond: (ci.movie_id = t.id)
  ->  Seq Scan on cast_info ci  (cost=0.00..705507.15 rows=35668131 width=4) (actual time=0.026..16582.593 rows=35662877 loops=1)
        Filter: (person_id < 3949614)
        Rows Removed by Filter: 581467
  ->  Hash  (cost=73925.90..73925.90 rows=97944 width=4) (actual time=1291.808..1291.808 rows=106247 loops=1)
        Buckets: 131072  Batches: 2  Memory Usage: 2890kB
        ->  Seq Scan on title t  (cost=0.00..73925.90 rows=97944 width=4) (actual time=0.018..1253.166 rows=106247 loops=1)
              Filter: ((kind_id = 7) AND (production_year = 2011))
              Rows Removed by Filter: 2422065
Planning time: 0.819 ms
Execution time: 32284.475 ms
