Seq Scan on cast_info ci  (cost=0.00..796071.18 rows=3918165 width=0) (actual time=6738.801..13705.058 rows=4193577 loops=1)
  Filter: ((person_id > 314715) AND (role_id = 10))
  Rows Removed by Filter: 32050767
Planning time: 0.447 ms
Execution time: 14099.281 ms
