Seq Scan on movie_keyword mk  (cost=0.00..81003.12 rows=246 width=0) (actual time=58.556..961.658 rows=10 loops=1)
  Filter: (keyword_id = 2209)
  Rows Removed by Filter: 4523920
Planning time: 0.533 ms
Execution time: 961.754 ms
