Seq Scan on movie_keyword mk  (cost=0.00..81003.12 rows=246 width=0) (actual time=0.383..1265.981 rows=1022 loops=1)
  Filter: (keyword_id = 6043)
  Rows Removed by Filter: 4522908
Planning time: 0.378 ms
Execution time: 1266.438 ms
