Hash Join  (cost=76308.85..535901.73 rows=533657 width=0) (actual time=1249.849..13073.405 rows=1852608 loops=1)
  Hash Cond: (mi.movie_id = t.id)
  ->  Seq Scan on movie_info mi  (cost=0.00..346232.03 rows=9293409 width=4) (actual time=0.015..6616.261 rows=9425200 loops=1)
        Filter: (info_type_id > 5)
        Rows Removed by Filter: 5410520
  ->  Hash  (cost=73925.90..73925.90 rows=145196 width=4) (actual time=1249.219..1249.219 rows=245643 loops=1)
        Buckets: 131072 (originally 131072)  Batches: 4 (originally 2)  Memory Usage: 3190kB
        ->  Seq Scan on title t  (cost=0.00..73925.90 rows=145196 width=4) (actual time=11.488..1159.679 rows=245643 loops=1)
              Filter: ((kind_id < 7) AND (production_year < 1970))
              Rows Removed by Filter: 2282669
Planning time: 2.568 ms
Execution time: 13303.467 ms
