Hash Join  (cost=67612.84..164890.01 rows=1132 width=0) (actual time=1071.086..3338.182 rows=5227 loops=1)
  Hash Cond: (mk.movie_id = t.id)
  ->  Seq Scan on movie_keyword mk  (cost=0.00..81003.12 rows=4336726 width=4) (actual time=0.019..1623.049 rows=4332650 loops=1)
        Filter: (keyword_id < 70681)
        Rows Removed by Filter: 191280
  ->  Hash  (cost=67604.59..67604.59 rows=660 width=4) (actual time=1070.954..1070.954 rows=3515 loops=1)
        Buckets: 4096 (originally 1024)  Batches: 1 (originally 1)  Memory Usage: 156kB
        ->  Seq Scan on title t  (cost=0.00..67604.59 rows=660 width=4) (actual time=0.048..1069.300 rows=3515 loops=1)
              Filter: (production_year > 2013)
              Rows Removed by Filter: 2524797
Planning time: 0.726 ms
Execution time: 3339.192 ms
