Hash Join  (cost=430693.35..518278.33 rows=92694 width=0) (actual time=6539.781..8873.589 rows=2363889 loops=1)
  Hash Cond: (mk.movie_id = t.id)
  ->  Seq Scan on movie_keyword mk  (cost=0.00..69693.30 rows=4523930 width=4) (actual time=0.024..933.231 rows=4523930 loops=1)
  ->  Hash  (cost=430045.74..430045.74 rows=51809 width=8) (actual time=6539.358..6539.358 rows=50181 loops=1)
        Buckets: 65536  Batches: 1  Memory Usage: 2473kB
        ->  Hash Join  (cost=69460.45..430045.74 rows=51809 width=8) (actual time=2972.456..6520.487 rows=50181 loops=1)
              Hash Cond: (mi.movie_id = t.id)
              ->  Seq Scan on movie_info mi  (cost=0.00..346232.03 rows=1158179 width=4) (actual time=1882.345..5117.002 rows=1204709 loops=1)
                    Filter: (info_type_id > 18)
                    Rows Removed by Filter: 13631011
              ->  Hash  (cost=67604.59..67604.59 rows=113109 width=4) (actual time=946.697..946.697 rows=119565 loops=1)
                    Buckets: 131072  Batches: 2  Memory Usage: 3121kB
                    ->  Seq Scan on title t  (cost=0.00..67604.59 rows=113109 width=4) (actual time=0.034..900.289 rows=119565 loops=1)
                          Filter: (production_year = 2007)
                          Rows Removed by Filter: 2408747
Planning time: 1.149 ms
Execution time: 9161.874 ms
