Hash Join  (cost=190230.21..321406.80 rows=1435998 width=0) (actual time=4855.441..9424.274 rows=6042374 loops=1)
  Hash Cond: (mk.movie_id = t.id)
  ->  Seq Scan on movie_keyword mk  (cost=0.00..81003.12 rows=2631063 width=4) (actual time=0.018..1630.778 rows=2624565 loops=1)
        Filter: (keyword_id < 7121)
        Rows Removed by Filter: 1899365
  ->  Hash  (cost=167588.78..167588.78 rows=1380035 width=8) (actual time=4854.400..4854.400 rows=1380035 loops=1)
        Buckets: 131072  Batches: 32  Memory Usage: 2726kB
        ->  Hash Join  (cost=102767.86..167588.78 rows=1380035 width=8) (actual time=2451.731..4432.735 rows=1380035 loops=1)
              Hash Cond: (mi_idx.movie_id = t.id)
              ->  Seq Scan on movie_info_idx mi_idx  (cost=0.00..21735.35 rows=1380035 width=4) (actual time=0.013..475.227 rows=1380035 loops=1)
              ->  Hash  (cost=61283.27..61283.27 rows=2528527 width=4) (actual time=2450.693..2450.693 rows=2528312 loops=1)
                    Buckets: 131072  Batches: 64  Memory Usage: 2415kB
                    ->  Seq Scan on title t  (cost=0.00..61283.27 rows=2528527 width=4) (actual time=0.010..1230.938 rows=2528312 loops=1)
Planning time: 1.146 ms
Execution time: 10170.641 ms
