Hash Join  (cost=83073.49..110002.60 rows=18 width=0) (actual time=1287.368..1722.625 rows=150 loops=1)
  Hash Cond: (mi_idx.movie_id = t.id)
  ->  Seq Scan on movie_info_idx mi_idx  (cost=0.00..25185.44 rows=464934 width=4) (actual time=0.022..378.203 rows=460185 loops=1)
        Filter: (info_type_id > 100)
        Rows Removed by Filter: 919850
  ->  Hash  (cost=83072.29..83072.29 rows=96 width=8) (actual time=1287.047..1287.047 rows=211 loops=1)
        Buckets: 1024  Batches: 1  Memory Usage: 17kB
        ->  Nested Loop  (cost=0.43..83072.29 rows=96 width=8) (actual time=3.748..1286.832 rows=211 loops=1)
              ->  Seq Scan on movie_keyword mk  (cost=0.00..81003.12 rows=246 width=4) (actual time=3.705..1279.032 rows=224 loops=1)
                    Filter: (keyword_id = 5813)
                    Rows Removed by Filter: 4523706
              ->  Index Scan using title_pkey on title t  (cost=0.43..8.40 rows=1 width=4) (actual time=0.032..0.032 rows=1 loops=224)
                    Index Cond: (id = mk.movie_id)
                    Filter: (kind_id < 7)
                    Rows Removed by Filter: 0
Planning time: 1.141 ms
Execution time: 1722.822 ms
