Hash Join  (cost=77810.57..572343.30 rows=1380181 width=0) (actual time=1260.003..14500.959 rows=2252841 loops=1)
  Hash Cond: (mi.movie_id = t.id)
  ->  Seq Scan on movie_info mi  (cost=0.00..309384.22 rows=14739122 width=4) (actual time=0.015..6205.490 rows=14835720 loops=1)
  ->  Hash  (cost=73925.90..73925.90 rows=236773 width=4) (actual time=1259.160..1259.160 rows=208162 loops=1)
        Buckets: 131072  Batches: 4  Memory Usage: 2863kB
        ->  Seq Scan on title t  (cost=0.00..73925.90 rows=236773 width=4) (actual time=0.052..1185.995 rows=208162 loops=1)
              Filter: ((kind_id < 3) AND (production_year > 2007))
              Rows Removed by Filter: 2320150
Planning time: 3.174 ms
Execution time: 14764.231 ms
