Hash Join  (cost=320987.28..884554.42 rows=9880868 width=0) (actual time=6619.074..20685.593 rows=15046836 loops=1)
  Hash Cond: (mi.movie_id = t.id)
  ->  Seq Scan on movie_info mi  (cost=0.00..346232.03 rows=7503588 width=4) (actual time=0.005..6705.377 rows=7548855 loops=1)
        Filter: (info_type_id > 7)
        Rows Removed by Filter: 7286865
  ->  Hash  (cost=266360.12..266360.12 rows=3329613 width=8) (actual time=6617.380..6617.380 rows=1637255 loops=1)
        Buckets: 131072  Batches: 64  Memory Usage: 2032kB
        ->  Hash Join  (cost=98137.04..266360.12 rows=3329613 width=8) (actual time=1987.408..6123.486 rows=1637255 loops=1)
              Hash Cond: (mk.movie_id = t.id)
              ->  Seq Scan on movie_keyword mk  (cost=0.00..69693.30 rows=4523930 width=4) (actual time=0.014..1396.592 rows=4523930 loops=1)
              ->  Hash  (cost=67604.59..67604.59 rows=1860996 width=4) (actual time=1986.296..1986.296 rows=1865487 loops=1)
                    Buckets: 131072  Batches: 32  Memory Usage: 3085kB
                    ->  Seq Scan on title t  (cost=0.00..67604.59 rows=1860996 width=4) (actual time=0.025..1353.432 rows=1865487 loops=1)
                          Filter: (kind_id > 1)
                          Rows Removed by Filter: 662825
Planning time: 1.207 ms
Execution time: 22408.771 ms
