Hash Join  (cost=74674.67..424135.15 rows=19183 width=0) (actual time=1394.777..6951.835 rows=52104 loops=1)
  Hash Cond: (mi.movie_id = t.id)
  ->  Seq Scan on movie_info mi  (cost=0.00..346232.03 rows=809768 width=4) (actual time=73.798..5555.072 rows=802140 loops=1)
        Filter: (info_type_id < 2)
        Rows Removed by Filter: 14033580
  ->  Hash  (cost=73925.90..73925.90 rows=59901 width=4) (actual time=1165.110..1165.110 rows=83315 loops=1)
        Buckets: 131072 (originally 65536)  Batches: 1 (originally 1)  Memory Usage: 3954kB
        ->  Seq Scan on title t  (cost=0.00..73925.90 rows=59901 width=4) (actual time=366.607..1128.220 rows=83315 loops=1)
              Filter: ((production_year > 2001) AND (kind_id = 4))
              Rows Removed by Filter: 2444997
Planning time: 0.876 ms
Execution time: 6958.967 ms
