Hash Join  (cost=123395.53..250866.28 rows=206305 width=0) (actual time=2668.906..5697.675 rows=347326 loops=1)
  Hash Cond: (mk.movie_id = t.id)
  ->  Seq Scan on movie_keyword mk  (cost=0.00..81003.12 rows=3793753 width=4) (actual time=0.023..1780.998 rows=3794102 loops=1)
        Filter: (keyword_id > 648)
        Rows Removed by Filter: 729828
  ->  Hash  (cost=121138.76..121138.76 rows=137502 width=8) (actual time=2668.026..2668.026 rows=107930 loops=1)
        Buckets: 131072  Batches: 2  Memory Usage: 3142kB
        ->  Hash Join  (cost=86300.63..121138.76 rows=137502 width=8) (actual time=1868.373..2631.074 rows=107930 loops=1)
              Hash Cond: (mi_idx.movie_id = t.id)
              ->  Seq Scan on movie_info_idx mi_idx  (cost=0.00..25185.44 rows=460978 width=4) (actual time=0.025..431.759 rows=459925 loops=1)
                    Filter: (info_type_id < 100)
                    Rows Removed by Filter: 920110
              ->  Hash  (cost=73925.90..73925.90 rows=754218 width=4) (actual time=1867.203..1867.203 rows=647556 loops=1)
                    Buckets: 131072  Batches: 16  Memory Usage: 2451kB
                    ->  Seq Scan on title t  (cost=0.00..73925.90 rows=754218 width=4) (actual time=0.036..1379.756 rows=647556 loops=1)
                          Filter: ((kind_id > 1) AND (production_year < 2000))
                          Rows Removed by Filter: 1880756
Planning time: 1.158 ms
Execution time: 5743.449 ms
