Hash Join  (cost=74545.71..130241.12 rows=21325 width=0) (actual time=1214.496..2439.429 rows=40256 loops=1)
  Hash Cond: (mc.movie_id = t.id)
  ->  Seq Scan on movie_companies mc  (cost=0.00..51404.11 rows=1087480 width=4) (actual time=0.020..941.506 rows=1104018 loops=1)
        Filter: (company_id > 14048)
        Rows Removed by Filter: 1505111
  ->  Hash  (cost=73925.90..73925.90 rows=49584 width=4) (actual time=1214.087..1214.087 rows=38752 loops=1)
        Buckets: 65536  Batches: 1  Memory Usage: 1875kB
        ->  Seq Scan on title t  (cost=0.00..73925.90 rows=49584 width=4) (actual time=0.289..1198.646 rows=38752 loops=1)
              Filter: ((kind_id < 7) AND (production_year = 2008))
              Rows Removed by Filter: 2489560
Planning time: 1.181 ms
Execution time: 2445.821 ms
