Hash Join  (cost=256989.30..1017317.32 rows=1586547 width=0) (actual time=6004.991..20210.463 rows=5186525 loops=1)
  Hash Cond: (ci.movie_id = t.id)
  ->  Seq Scan on cast_info ci  (cost=0.00..705507.15 rows=2563080 width=4) (actual time=0.021..11317.965 rows=2511465 loops=1)
        Filter: (person_id < 243415)
        Rows Removed by Filter: 33732879
  ->  Hash  (cost=231310.82..231310.82 rows=1565159 width=8) (actual time=6003.700..6003.700 rows=1572372 loops=1)
        Buckets: 131072  Batches: 32  Memory Usage: 2925kB
        ->  Hash Join  (cost=102767.86..231310.82 rows=1565159 width=8) (actual time=1934.645..5055.136 rows=1572372 loops=1)
              Hash Cond: (mk.movie_id = t.id)
              ->  Seq Scan on movie_keyword mk  (cost=0.00..81003.12 rows=1565159 width=4) (actual time=0.022..1489.678 rows=1572372 loops=1)
                    Filter: (keyword_id < 2375)
                    Rows Removed by Filter: 2951558
              ->  Hash  (cost=61283.27..61283.27 rows=2528527 width=4) (actual time=1933.372..1933.372 rows=2528312 loops=1)
                    Buckets: 131072  Batches: 64  Memory Usage: 2425kB
                    ->  Seq Scan on title t  (cost=0.00..61283.27 rows=2528527 width=4) (actual time=0.022..1066.928 rows=2528312 loops=1)
Planning time: 1.700 ms
Execution time: 20793.565 ms
