Hash Join  (cost=75570.05..1091318.40 rows=3101330 width=0) (actual time=1386.281..25614.009 rows=2080714 loops=1)
  Hash Cond: (ci.movie_id = t.id)
  ->  Seq Scan on cast_info ci  (cost=0.00..796071.18 rows=16152766 width=4) (actual time=0.023..16584.480 rows=14723565 loops=1)
        Filter: ((person_id > 1157768) AND (role_id < 4))
        Rows Removed by Filter: 21520779
  ->  Hash  (cost=67604.59..67604.59 rows=485477 width=4) (actual time=1383.711..1383.711 rows=479601 loops=1)
        Buckets: 131072  Batches: 8  Memory Usage: 3125kB
        ->  Seq Scan on title t  (cost=0.00..67604.59 rows=485477 width=4) (actual time=0.013..1227.956 rows=479601 loops=1)
              Filter: (production_year < 1978)
              Rows Removed by Filter: 2048711
Planning time: 0.811 ms
Execution time: 25872.432 ms
