Seq Scan on movie_companies mc  (cost=0.00..51404.11 rows=104 width=0) (actual time=87.555..822.422 rows=453 loops=1)
  Filter: (company_id = 814)
  Rows Removed by Filter: 2608676
Planning time: 0.410 ms
Execution time: 822.646 ms
