Hash Join  (cost=202229.22..341282.14 rows=1399489 width=0) (actual time=3944.943..10753.050 rows=13492786 loops=1)
  Hash Cond: (mk.movie_id = t.id)
  ->  Seq Scan on movie_keyword mk  (cost=0.00..69693.30 rows=4523930 width=4) (actual time=1.144..1492.163 rows=4523930 loops=1)
  ->  Hash  (cost=189395.64..189395.64 rows=782206 width=8) (actual time=3942.411..3942.411 rows=567993 loops=1)
        Buckets: 131072  Batches: 16  Memory Usage: 2452kB
        ->  Hash Join  (cost=102767.86..189395.64 rows=782206 width=8) (actual time=1870.986..3770.712 rows=567993 loops=1)
              Hash Cond: (mc.movie_id = t.id)
              ->  Seq Scan on movie_companies mc  (cost=0.00..57926.93 rows=782206 width=4) (actual time=2.027..1049.788 rows=567993 loops=1)
                    Filter: ((company_id > 5171) AND (company_type_id < 2))
                    Rows Removed by Filter: 2041136
              ->  Hash  (cost=61283.27..61283.27 rows=2528527 width=4) (actual time=1867.020..1867.020 rows=2528312 loops=1)
                    Buckets: 131072  Batches: 64  Memory Usage: 2415kB
                    ->  Seq Scan on title t  (cost=0.00..61283.27 rows=2528527 width=4) (actual time=0.023..1057.431 rows=2528312 loops=1)
Planning time: 1.167 ms
Execution time: 12290.509 ms
