Hash Join  (cost=920713.03..989571.30 rows=149997 width=0) (actual time=16979.162..18615.146 rows=220241 loops=1)
  Hash Cond: (mc.movie_id = t.id)
  ->  Seq Scan on movie_companies mc  (cost=0.00..51404.11 rows=1279517 width=4) (actual time=0.009..1071.917 rows=1274246 loops=1)
        Filter: (company_type_id < 2)
        Rows Removed by Filter: 1334883
  ->  Hash  (cost=915849.81..915849.81 rows=296417 width=8) (actual time=16978.371..16978.371 rows=109818 loops=1)
        Buckets: 131072  Batches: 4  Memory Usage: 2093kB
        ->  Hash Join  (cost=102767.86..915849.81 rows=296417 width=8) (actual time=14672.413..16944.228 rows=109818 loops=1)
              Hash Cond: (ci.movie_id = t.id)
              ->  Seq Scan on cast_info ci  (cost=0.00..796071.18 rows=296417 width=4) (actual time=12595.175..14383.139 rows=109818 loops=1)
                    Filter: ((person_id < 3087643) AND (role_id > 10))
                    Rows Removed by Filter: 36134526
              ->  Hash  (cost=61283.27..61283.27 rows=2528527 width=4) (actual time=2075.639..2075.639 rows=2528312 loops=1)
                    Buckets: 131072  Batches: 64  Memory Usage: 2415kB
                    ->  Seq Scan on title t  (cost=0.00..61283.27 rows=2528527 width=4) (actual time=0.023..1201.266 rows=2528312 loops=1)
Planning time: 2.240 ms
Execution time: 18642.469 ms
