Hash Join  (cost=204380.13..1344248.55 rows=3603187 width=0) (actual time=4111.575..39275.829 rows=10951618 loops=1)
  Hash Cond: (ci.movie_id = t.id)
  ->  Seq Scan on cast_info ci  (cost=0.00..705507.15 rows=34360374 width=4) (actual time=0.024..16965.897 rows=34449435 loops=1)
        Filter: (person_id > 178280)
        Rows Removed by Filter: 1794909
  ->  Hash  (cost=200029.72..200029.72 rows=265153 width=8) (actual time=4110.764..4110.764 rows=283847 loops=1)
        Buckets: 131072  Batches: 4  Memory Usage: 3813kB
        ->  Hash Join  (cost=102767.86..200029.72 rows=265153 width=8) (actual time=2034.456..4019.143 rows=283847 loops=1)
              Hash Cond: (mk.movie_id = t.id)
              ->  Seq Scan on movie_keyword mk  (cost=0.00..81003.12 rows=265153 width=4) (actual time=0.020..1300.251 rows=283847 loops=1)
                    Filter: (keyword_id < 236)
                    Rows Removed by Filter: 4240083
              ->  Hash  (cost=61283.27..61283.27 rows=2528527 width=4) (actual time=2033.354..2033.354 rows=2528312 loops=1)
                    Buckets: 131072  Batches: 64  Memory Usage: 2425kB
                    ->  Seq Scan on title t  (cost=0.00..61283.27 rows=2528527 width=4) (actual time=0.017..1166.084 rows=2528312 loops=1)
Planning time: 0.790 ms
Execution time: 40485.599 ms
