Hash Join  (cost=93117.31..154614.60 rows=130289 width=0) (actual time=1980.632..3052.628 rows=130077 loops=1)
  Hash Cond: (mc.movie_id = t.id)
  ->  Seq Scan on movie_companies mc  (cost=0.00..51404.11 rows=211856 width=4) (actual time=167.221..842.879 rows=213231 loops=1)
        Filter: (company_id > 109749)
        Rows Removed by Filter: 2395898
  ->  Hash  (cost=67604.59..67604.59 rows=1555018 width=4) (actual time=1812.614..1812.614 rows=1551727 loops=1)
        Buckets: 131072  Batches: 32  Memory Usage: 2728kB
        ->  Seq Scan on title t  (cost=0.00..67604.59 rows=1555018 width=4) (actual time=0.023..1299.725 rows=1551727 loops=1)
              Filter: (production_year < 2007)
              Rows Removed by Filter: 976585
Planning time: 0.780 ms
Execution time: 3067.182 ms
