Seq Scan on movie_keyword mk  (cost=0.00..81003.12 rows=343064 width=0) (actual time=145.184..1326.873 rows=341188 loops=1)
  Filter: (keyword_id > 48648)
  Rows Removed by Filter: 4182742
Planning time: 0.322 ms
Execution time: 1371.262 ms
