Hash Join  (cost=79273.71..160347.27 rows=284784 width=0) (actual time=1546.553..3486.467 rows=105200 loops=1)
  Hash Cond: (mc.movie_id = t.id)
  ->  Seq Scan on movie_companies mc  (cost=0.00..51404.11 rows=2209496 width=4) (actual time=0.026..1182.492 rows=2210295 loops=1)
        Filter: (company_id > 250)
        Rows Removed by Filter: 398834
  ->  Hash  (cost=73925.90..73925.90 rows=325904 width=4) (actual time=1251.212..1251.212 rows=349534 loops=1)
        Buckets: 131072  Batches: 8  Memory Usage: 2566kB
        ->  Seq Scan on title t  (cost=0.00..73925.90 rows=325904 width=4) (actual time=0.026..1140.067 rows=349534 loops=1)
              Filter: ((production_year > 2009) AND (kind_id = 7))
              Rows Removed by Filter: 2178778
Planning time: 0.780 ms
Execution time: 3500.413 ms
