Seq Scan on movie_keyword mk  (cost=0.00..81003.12 rows=1442172 width=0) (actual time=0.020..1316.953 rows=1459634 loops=1)
  Filter: (keyword_id < 2067)
  Rows Removed by Filter: 3064296
Planning time: 0.337 ms
Execution time: 1499.220 ms
