Hash Join  (cost=223635.38..749525.40 rows=4318910 width=0) (actual time=4567.706..25468.581 rows=29645927 loops=1)
  Hash Cond: (mi.movie_id = t.id)
  ->  Seq Scan on movie_info mi  (cost=0.00..309384.22 rows=14739122 width=4) (actual time=0.022..6387.711 rows=14835720 loops=1)
  ->  Hash  (cost=211478.90..211478.90 rows=740918 width=8) (actual time=4565.644..4565.644 rows=743279 loops=1)
        Buckets: 131072  Batches: 16  Memory Usage: 2915kB
        ->  Hash Join  (cost=102767.86..211478.90 rows=740918 width=8) (actual time=1996.651..4366.583 rows=743279 loops=1)
              Hash Cond: (mk.movie_id = t.id)
              ->  Seq Scan on movie_keyword mk  (cost=0.00..81003.12 rows=740918 width=4) (actual time=0.038..1422.457 rows=743279 loops=1)
                    Filter: (keyword_id < 675)
                    Rows Removed by Filter: 3780651
              ->  Hash  (cost=61283.27..61283.27 rows=2528527 width=4) (actual time=1995.357..1995.357 rows=2528312 loops=1)
                    Buckets: 131072  Batches: 64  Memory Usage: 2425kB
                    ->  Seq Scan on title t  (cost=0.00..61283.27 rows=2528527 width=4) (actual time=0.014..1128.390 rows=2528312 loops=1)
Planning time: 3.012 ms
Execution time: 28743.891 ms
