Seq Scan on cast_info ci  (cost=0.00..796071.18 rows=55 width=0) (actual time=2174.082..10947.751 rows=2 loops=1)
  Filter: ((person_id = 2733804) AND (role_id = 3))
  Rows Removed by Filter: 36244342
Planning time: 0.386 ms
Execution time: 10947.854 ms
