Seq Scan on cast_info ci  (cost=0.00..705507.15 rows=500 width=0) (actual time=4324.634..11186.488 rows=192 loops=1)
  Filter: (person_id = 572230)
  Rows Removed by Filter: 36244152
Planning time: 0.381 ms
Execution time: 11186.615 ms
