Hash Join  (cost=84689.96..605302.89 rows=3824401 width=0) (actual time=1434.820..16004.004 rows=6120743 loops=1)
  Hash Cond: (mi.movie_id = t.id)
  ->  Seq Scan on movie_info mi  (cost=0.00..309384.22 rows=14739122 width=4) (actual time=0.016..6165.507 rows=14835720 loops=1)
  ->  Hash  (cost=73925.90..73925.90 rows=656084 width=4) (actual time=1432.502..1432.502 rows=555560 loops=1)
        Buckets: 131072  Batches: 16  Memory Usage: 2249kB
        ->  Seq Scan on title t  (cost=0.00..73925.90 rows=656084 width=4) (actual time=0.013..1245.032 rows=555560 loops=1)
              Filter: ((kind_id < 7) AND (production_year > 1993))
              Rows Removed by Filter: 1972752
Planning time: 1.100 ms
Execution time: 16644.731 ms
