Hash Join  (cost=798791.46..885455.30 rows=580 width=0) (actual time=13241.846..14523.465 rows=324 loops=1)
  Hash Cond: (mk.movie_id = t.id)
  ->  Seq Scan on movie_keyword mk  (cost=0.00..69693.30 rows=4523930 width=4) (actual time=0.019..1042.164 rows=4523930 loops=1)
  ->  Hash  (cost=798787.41..798787.41 rows=324 width=8) (actual time=12704.564..12704.564 rows=1030 loops=1)
        Buckets: 2048 (originally 1024)  Batches: 1 (originally 1)  Memory Usage: 57kB
        ->  Nested Loop  (cost=0.43..798787.41 rows=324 width=8) (actual time=10336.719..12704.277 rows=1030 loops=1)
              ->  Seq Scan on cast_info ci  (cost=0.00..796071.18 rows=324 width=4) (actual time=10336.530..12697.720 rows=1030 loops=1)
                    Filter: ((role_id > 1) AND (person_id = 1016197))
                    Rows Removed by Filter: 36243314
              ->  Index Only Scan using title_pkey on title t  (cost=0.43..8.37 rows=1 width=4) (actual time=0.006..0.006 rows=1 loops=1030)
                    Index Cond: (id = ci.movie_id)
                    Heap Fetches: 1030
Planning time: 1.058 ms
Execution time: 14523.590 ms
