Hash Join  (cost=569601.48..1939070.61 rows=10635581 width=0) (actual time=13690.714..50610.331 rows=23931903 loops=1)
  Hash Cond: (ci.movie_id = t.id)
  ->  Seq Scan on cast_info ci  (cost=0.00..614943.12 rows=36225612 width=4) (actual time=0.022..13386.814 rows=36244344 loops=1)
  ->  Hash  (cost=557422.01..557422.01 rows=742358 width=8) (actual time=13689.033..13689.033 rows=687357 loops=1)
        Buckets: 131072  Batches: 16  Memory Usage: 2716kB
        ->  Hash Join  (cost=69694.50..557422.01 rows=742358 width=8) (actual time=1616.742..13426.000 rows=687357 loops=1)
              Hash Cond: (mi.movie_id = t.id)
              ->  Seq Scan on movie_info mi  (cost=0.00..309384.22 rows=14739122 width=4) (actual time=0.006..6095.351 rows=14835720 loops=1)
              ->  Hash  (cost=67604.59..67604.59 rows=127353 width=4) (actual time=1236.958..1236.958 rows=128696 loops=1)
                    Buckets: 131072  Batches: 2  Memory Usage: 3290kB
                    ->  Seq Scan on title t  (cost=0.00..67604.59 rows=127353 width=4) (actual time=0.027..1062.344 rows=128696 loops=1)
                          Filter: (production_year = 2009)
                          Rows Removed by Filter: 2399616
Planning time: 1.082 ms
Execution time: 53487.931 ms
