Hash Join  (cost=1037377.36..1692092.81 rows=13975664 width=0) (actual time=21841.299..58094.659 rows=92834519 loops=1)
  Hash Cond: (mi.movie_id = t.id)
  ->  Seq Scan on movie_info mi  (cost=0.00..346232.03 rows=11115165 width=4) (actual time=231.279..7011.950 rows=11210743 loops=1)
        Filter: (info_type_id > 3)
        Rows Removed by Filter: 3624977
  ->  Hash  (cost=985217.78..985217.78 rows=3179246 width=8) (actual time=21608.751..21608.751 rows=3953399 loops=1)
        Buckets: 131072  Batches: 64  Memory Usage: 3478kB
        ->  Hash Join  (cost=102767.86..985217.78 rows=3179246 width=8) (actual time=5013.746..20412.997 rows=3953399 loops=1)
              Hash Cond: (ci.movie_id = t.id)
              ->  Seq Scan on cast_info ci  (cost=0.00..796071.18 rows=3179246 width=4) (actual time=3097.270..14285.209 rows=3953399 loops=1)
                    Filter: ((person_id > 924264) AND (role_id = 10))
                    Rows Removed by Filter: 32290945
              ->  Hash  (cost=61283.27..61283.27 rows=2528527 width=4) (actual time=1914.638..1914.638 rows=2528312 loops=1)
                    Buckets: 131072  Batches: 64  Memory Usage: 2415kB
                    ->  Seq Scan on title t  (cost=0.00..61283.27 rows=2528527 width=4) (actual time=0.021..1073.975 rows=2528312 loops=1)
Planning time: 1.195 ms
Execution time: 68633.955 ms
