Hash Join  (cost=919073.17..1023803.85 rows=320114 width=0) (actual time=13281.706..15502.191 rows=162729 loops=1)
  Hash Cond: (mk.movie_id = t.id)
  ->  Seq Scan on movie_keyword mk  (cost=0.00..81003.12 rows=1604644 width=4) (actual time=0.020..1518.591 rows=1616332 loops=1)
        Filter: (keyword_id > 9336)
        Rows Removed by Filter: 2907598
  ->  Hash  (cost=910796.90..910796.90 rows=504422 width=8) (actual time=13240.141..13240.141 rows=296638 loops=1)
        Buckets: 131072  Batches: 8  Memory Usage: 2470kB
        ->  Hash Join  (cost=93093.72..910796.90 rows=504422 width=8) (actual time=5901.221..13144.658 rows=296638 loops=1)
              Hash Cond: (ci.movie_id = t.id)
              ->  Seq Scan on cast_info ci  (cost=0.00..796071.18 rows=820955 width=4) (actual time=4070.306..10691.637 rows=497653 loops=1)
                    Filter: ((person_id < 175411) AND (role_id > 2))
                    Rows Removed by Filter: 35746691
              ->  Hash  (cost=67604.59..67604.59 rows=1553611 width=4) (actual time=1829.883..1829.883 rows=1555864 loops=1)
                    Buckets: 131072  Batches: 32  Memory Usage: 2734kB
                    ->  Seq Scan on title t  (cost=0.00..67604.59 rows=1553611 width=4) (actual time=3.353..1330.447 rows=1555864 loops=1)
                          Filter: (kind_id > 4)
                          Rows Removed by Filter: 972448
Planning time: 0.964 ms
Execution time: 15522.276 ms
