Seq Scan on cast_info ci  (cost=0.00..796071.18 rows=224 width=0) (actual time=10788.281..13271.409 rows=11 loops=1)
  Filter: ((role_id > 2) AND (person_id = 3687737))
  Rows Removed by Filter: 36244333
Planning time: 0.393 ms
Execution time: 13271.511 ms
