Hash Join  (cost=75580.59..588790.64 rows=555492 width=0) (actual time=1184.832..13578.711 rows=802159 loops=1)
  Hash Cond: (mi.movie_id = t.id)
  ->  Seq Scan on movie_info mi  (cost=0.00..346232.03 rows=13926693 width=4) (actual time=0.014..7129.696 rows=13963496 loops=1)
        Filter: (info_type_id < 98)
        Rows Removed by Filter: 872224
  ->  Hash  (cost=73925.90..73925.90 rows=100855 width=4) (actual time=1184.033..1184.033 rows=111586 loops=1)
        Buckets: 131072  Batches: 2  Memory Usage: 2988kB
        ->  Seq Scan on title t  (cost=0.00..73925.90 rows=100855 width=4) (actual time=287.414..1143.124 rows=111586 loops=1)
              Filter: ((production_year < 2012) AND (kind_id = 4))
              Rows Removed by Filter: 2416726
Planning time: 0.825 ms
Execution time: 13681.128 ms
