Nested Loop  (cost=51405.84..400036.79 rows=1 width=0) (actual time=2805.711..6116.445 rows=1 loops=1)
  Join Filter: (mc.movie_id = t.id)
  ->  Hash Join  (cost=51405.41..400014.13 rows=4 width=8) (actual time=2805.595..6116.327 rows=1 loops=1)
        Hash Cond: (mi.movie_id = mc.movie_id)
        ->  Seq Scan on movie_info mi  (cost=0.00..346232.03 rows=17937 width=4) (actual time=1980.120..5306.380 rows=6598 loops=1)
              Filter: (info_type_id = 40)
              Rows Removed by Filter: 14829122
        ->  Hash  (cost=51404.11..51404.11 rows=104 width=4) (actual time=808.720..808.720 rows=479 loops=1)
              Buckets: 1024  Batches: 1  Memory Usage: 25kB
              ->  Seq Scan on movie_companies mc  (cost=0.00..51404.11 rows=104 width=4) (actual time=326.087..808.501 rows=479 loops=1)
                    Filter: (company_id = 72220)
                    Rows Removed by Filter: 2608650
  ->  Index Only Scan using title_pkey on title t  (cost=0.43..5.65 rows=1 width=4) (actual time=0.092..0.093 rows=1 loops=1)
        Index Cond: (id = mi.movie_id)
        Heap Fetches: 1
Planning time: 1.436 ms
Execution time: 6116.542 ms
