Seq Scan on movie_keyword mk  (cost=0.00..81003.12 rows=3117471 width=0) (actual time=0.026..1250.466 rows=3103316 loops=1)
  Filter: (keyword_id < 11754)
  Rows Removed by Filter: 1420614
Planning time: 0.332 ms
Execution time: 1569.864 ms
