Hash Join  (cost=83810.17..182167.53 rows=340781 width=0) (actual time=1503.566..3611.755 rows=735093 loops=1)
  Hash Cond: (mk.movie_id = t.id)
  ->  Seq Scan on movie_keyword mk  (cost=0.00..81003.12 rows=872380 width=4) (actual time=0.028..1344.768 rows=880340 loops=1)
        Filter: (keyword_id > 20955)
        Rows Removed by Filter: 3643590
  ->  Hash  (cost=67604.59..67604.59 rows=987727 width=4) (actual time=1502.496..1502.496 rows=985048 loops=1)
        Buckets: 131072  Batches: 16  Memory Usage: 3197kB
        ->  Seq Scan on title t  (cost=0.00..67604.59 rows=987727 width=4) (actual time=0.018..1190.144 rows=985048 loops=1)
              Filter: (kind_id < 7)
              Rows Removed by Filter: 1543264
Planning time: 0.764 ms
Execution time: 3695.203 ms
