Hash Join  (cost=762348.14..3095006.43 rows=99990004 width=0) (actual time=17285.713..68428.981 rows=76445925 loops=1)
  Hash Cond: (ci.movie_id = t.id)
  ->  Seq Scan on cast_info ci  (cost=0.00..614943.12 rows=36225612 width=4) (actual time=0.017..13220.802 rows=36244344 loops=1)
  ->  Hash  (cost=647844.58..647844.58 rows=6979245 width=8) (actual time=17283.125..17283.125 rows=3051274 loops=1)
        Buckets: 131072  Batches: 128  Memory Usage: 1940kB
        ->  Hash Join  (cost=93569.21..647844.58 rows=6979245 width=8) (actual time=2041.351..16350.631 rows=3051274 loops=1)
              Hash Cond: (mi.movie_id = t.id)
              ->  Seq Scan on movie_info mi  (cost=0.00..309384.22 rows=14739122 width=4) (actual time=0.021..6093.507 rows=14835720 loops=1)
              ->  Hash  (cost=73925.90..73925.90 rows=1197304 width=4) (actual time=1828.954..1828.954 rows=1285057 loops=1)
                    Buckets: 131072  Batches: 16  Memory Usage: 3864kB
                    ->  Seq Scan on title t  (cost=0.00..73925.90 rows=1197304 width=4) (actual time=0.016..1421.639 rows=1285057 loops=1)
                          Filter: ((production_year > 1978) AND (kind_id = 7))
                          Rows Removed by Filter: 1243255
Planning time: 1.140 ms
Execution time: 76626.484 ms
