Hash Join  (cost=435667.03..1250120.28 rows=126741 width=0) (actual time=13298.614..18454.497 rows=34095 loops=1)
  Hash Cond: (ci.movie_id = t.id)
  ->  Seq Scan on cast_info ci  (cost=0.00..796071.18 rows=4563908 width=4) (actual time=6798.999..11500.647 rows=1090765 loops=1)
        Filter: ((person_id > 3026594) AND (role_id < 5))
        Rows Removed by Filter: 35153579
  ->  Hash  (cost=434789.31..434789.31 rows=70218 width=8) (actual time=6498.754..6498.754 rows=170102 loops=1)
        Buckets: 131072 (originally 131072)  Batches: 2 (originally 1)  Memory Usage: 4353kB
        ->  Hash Join  (cost=69484.36..434789.31 rows=70218 width=8) (actual time=1650.171..6437.739 rows=170102 loops=1)
              Hash Cond: (mi.movie_id = t.id)
              ->  Seq Scan on movie_info mi  (cost=0.00..346232.03 rows=1550064 width=4) (actual time=483.667..4728.375 rows=1533909 loops=1)
                    Filter: (info_type_id = 3)
                    Rows Removed by Filter: 13301811
              ->  Hash  (cost=67604.59..67604.59 rows=114542 width=4) (actual time=1078.079..1078.079 rows=118234 loops=1)
                    Buckets: 131072  Batches: 2  Memory Usage: 3107kB
                    ->  Seq Scan on title t  (cost=0.00..67604.59 rows=114542 width=4) (actual time=127.120..1035.224 rows=118234 loops=1)
                          Filter: (kind_id = 4)
                          Rows Removed by Filter: 2410078
Planning time: 1.151 ms
Execution time: 18459.798 ms
