Seq Scan on movie_companies mc  (cost=0.00..51404.11 rows=1381284 width=0) (actual time=0.034..943.998 rows=1369560 loops=1)
  Filter: (company_id < 11781)
  Rows Removed by Filter: 1239569
Planning time: 0.348 ms
Execution time: 1120.790 ms
