Hash Join  (cost=74045.78..101008.60 rows=5234 width=0) (actual time=894.054..1436.635 rows=8252 loops=1)
  Hash Cond: (mi_idx.movie_id = t.id)
  ->  Seq Scan on movie_info_idx mi_idx  (cost=0.00..21735.35 rows=1380035 width=4) (actual time=0.027..276.701 rows=1380035 loops=1)
  ->  Hash  (cost=73925.90..73925.90 rows=9590 width=4) (actual time=893.748..893.748 rows=5862 loops=1)
        Buckets: 16384  Batches: 1  Memory Usage: 335kB
        ->  Seq Scan on title t  (cost=0.00..73925.90 rows=9590 width=4) (actual time=287.951..890.906 rows=5862 loops=1)
              Filter: ((kind_id = 1) AND (production_year = 1996))
              Rows Removed by Filter: 2522450
Planning time: 1.298 ms
Execution time: 1437.981 ms
