Hash Join  (cost=190230.21..337867.89 rows=1963837 width=0) (actual time=5025.833..11056.107 rows=8282993 loops=1)
  Hash Cond: (mk.movie_id = t.id)
  ->  Seq Scan on movie_keyword mk  (cost=0.00..81003.12 rows=3598181 width=4) (actual time=0.015..1766.064 rows=3597693 loops=1)
        Filter: (keyword_id < 20324)
        Rows Removed by Filter: 926237
  ->  Hash  (cost=167588.78..167588.78 rows=1380035 width=8) (actual time=5025.017..5025.017 rows=1380035 loops=1)
        Buckets: 131072  Batches: 32  Memory Usage: 2726kB
        ->  Hash Join  (cost=102767.86..167588.78 rows=1380035 width=8) (actual time=2013.821..4598.706 rows=1380035 loops=1)
              Hash Cond: (mi_idx.movie_id = t.id)
              ->  Seq Scan on movie_info_idx mi_idx  (cost=0.00..21735.35 rows=1380035 width=4) (actual time=0.027..447.805 rows=1380035 loops=1)
              ->  Hash  (cost=61283.27..61283.27 rows=2528527 width=4) (actual time=2012.263..2012.263 rows=2528312 loops=1)
                    Buckets: 131072  Batches: 64  Memory Usage: 2415kB
                    ->  Seq Scan on title t  (cost=0.00..61283.27 rows=2528527 width=4) (actual time=0.011..1180.653 rows=2528312 loops=1)
Planning time: 3.533 ms
Execution time: 11939.289 ms
