Hash Join  (cost=500123.31..592493.46 rows=1256361 width=0) (actual time=9289.302..12565.958 rows=2040597 loops=1)
  Hash Cond: (mc.movie_id = t.id)
  ->  Seq Scan on movie_companies mc  (cost=0.00..44881.29 rows=2609129 width=4) (actual time=0.027..990.661 rows=2609129 loops=1)
  ->  Hash  (cost=480146.94..480146.94 rows=1217550 width=8) (actual time=9288.352..9288.352 rows=1096704 loops=1)
        Buckets: 131072  Batches: 16  Memory Usage: 3687kB
        ->  Hash Join  (cost=91959.31..480146.94 rows=1217550 width=8) (actual time=3979.074..8995.312 rows=1096704 loops=1)
              Hash Cond: (mi.movie_id = t.id)
              ->  Seq Scan on movie_info mi  (cost=0.00..346232.03 rows=2073893 width=4) (actual time=2163.405..5591.472 rows=2091068 loops=1)
                    Filter: (info_type_id < 3)
                    Rows Removed by Filter: 12744652
              ->  Hash  (cost=67604.59..67604.59 rows=1484458 width=4) (actual time=1814.889..1814.889 rows=1485030 loops=1)
                    Buckets: 131072  Batches: 32  Memory Usage: 2663kB
                    ->  Seq Scan on title t  (cost=0.00..67604.59 rows=1484458 width=4) (actual time=0.025..1318.154 rows=1485030 loops=1)
                          Filter: (production_year > 1998)
                          Rows Removed by Filter: 1043282
Planning time: 1.211 ms
Execution time: 12815.091 ms
