Seq Scan on cast_info ci  (cost=0.00..705507.15 rows=9406371 width=0) (actual time=0.020..11710.080 rows=9395447 loops=1)
  Filter: (person_id > 2764382)
  Rows Removed by Filter: 26848897
Planning time: 0.338 ms
Execution time: 12890.428 ms
