Seq Scan on cast_info ci  (cost=0.00..705507.15 rows=16886478 width=0) (actual time=0.022..12580.808 rows=16997183 loops=1)
  Filter: (person_id > 1923454)
  Rows Removed by Filter: 19247161
Planning time: 0.346 ms
Execution time: 14739.027 ms
