Seq Scan on movie_companies mc  (cost=0.00..57926.93 rows=53 width=0) (actual time=94.324..287.296 rows=695 loops=1)
  Filter: ((company_id = 11205) AND (company_type_id = 2))
  Rows Removed by Filter: 2608434
Planning time: 0.278 ms
Execution time: 287.447 ms
