Hash Join  (cost=199331.27..1205646.15 rows=2791844 width=0) (actual time=7676.267..29109.531 rows=659832 loops=1)
  Hash Cond: (ci.movie_id = t.id)
  ->  Seq Scan on cast_info ci  (cost=0.00..705507.15 rows=23499554 width=4) (actual time=3781.151..16147.966 rows=23573656 loops=1)
        Filter: (role_id > 1)
        Rows Removed by Filter: 12670688
  ->  Hash  (cost=194402.29..194402.29 rows=300399 width=8) (actual time=3885.217..3885.217 rows=61840 loops=1)
        Buckets: 131072  Batches: 4  Memory Usage: 1621kB
        ->  Hash Join  (cost=78628.27..194402.29 rows=300399 width=8) (actual time=1920.135..3867.418 rows=61840 loops=1)
              Hash Cond: (mk.movie_id = t.id)
              ->  Seq Scan on movie_keyword mk  (cost=0.00..81003.12 rows=2650374 width=4) (actual time=0.027..1755.200 rows=2642837 loops=1)
                    Filter: (keyword_id > 3218)
                    Rows Removed by Filter: 1881093
              ->  Hash  (cost=73925.90..73925.90 rows=286589 width=4) (actual time=1159.845..1159.845 rows=177340 loops=1)
                    Buckets: 131072  Batches: 4  Memory Usage: 2587kB
                    ->  Seq Scan on title t  (cost=0.00..73925.90 rows=286589 width=4) (actual time=0.028..1091.474 rows=177340 loops=1)
                          Filter: ((production_year < 1977) AND (kind_id = 7))
                          Rows Removed by Filter: 2350972
Planning time: 1.150 ms
Execution time: 29184.205 ms
