Hash Join  (cost=28270.40..835916.71 rows=449 width=0) (actual time=11855.909..16171.641 rows=11251 loops=1)
  Hash Cond: (ci.movie_id = t.id)
  ->  Seq Scan on cast_info ci  (cost=0.00..796071.18 rows=3085506 width=4) (actual time=11459.130..15272.823 rows=3926606 loops=1)
        Filter: ((person_id > 1001265) AND (role_id = 10))
        Rows Removed by Filter: 32317738
  ->  Hash  (cost=28265.80..28265.80 rows=368 width=8) (actual time=396.600..396.600 rows=260 loops=1)
        Buckets: 1024  Batches: 1  Memory Usage: 19kB
        ->  Nested Loop  (cost=0.43..28265.80 rows=368 width=8) (actual time=71.981..396.481 rows=260 loops=1)
              ->  Seq Scan on movie_info_idx mi_idx  (cost=0.00..25185.44 rows=368 width=4) (actual time=71.876..392.057 rows=260 loops=1)
                    Filter: (info_type_id > 101)
                    Rows Removed by Filter: 1379775
              ->  Index Only Scan using title_pkey on title t  (cost=0.43..8.36 rows=1 width=4) (actual time=0.016..0.016 rows=1 loops=260)
                    Index Cond: (id = mi_idx.movie_id)
                    Heap Fetches: 260
Planning time: 1.246 ms
Execution time: 16173.995 ms
