Hash Join  (cost=264615.09..1611415.71 rows=26060942 width=0) (actual time=5523.373..39467.041 rows=12448067 loops=1)
  Hash Cond: (ci.movie_id = t.id)
  ->  Seq Scan on cast_info ci  (cost=0.00..614943.12 rows=36225612 width=4) (actual time=0.015..14015.760 rows=36244344 loops=1)
  ->  Hash  (cost=234771.11..234771.11 rows=1819039 width=8) (actual time=5521.942..5521.942 rows=416730 loops=1)
        Buckets: 131072  Batches: 32  Memory Usage: 1514kB
        ->  Hash Join  (cost=90606.68..234771.11 rows=1819039 width=8) (actual time=3199.822..5402.126 rows=416730 loops=1)
              Hash Cond: (mk.movie_id = t.id)
              ->  Seq Scan on movie_keyword mk  (cost=0.00..69693.30 rows=4523930 width=4) (actual time=0.026..1461.786 rows=4523930 loops=1)
              ->  Hash  (cost=73925.90..73925.90 rows=1016702 width=4) (actual time=1791.489..1791.489 rows=960113 loops=1)
                    Buckets: 131072  Batches: 16  Memory Usage: 3141kB
                    ->  Seq Scan on title t  (cost=0.00..73925.90 rows=1016702 width=4) (actual time=0.035..1491.466 rows=960113 loops=1)
                          Filter: ((production_year < 2008) AND (kind_id = 7))
                          Rows Removed by Filter: 1568199
Planning time: 1.177 ms
Execution time: 40923.200 ms
