Seq Scan on movie_companies mc  (cost=0.00..51404.11 rows=104 width=0) (actual time=129.039..757.590 rows=55 loops=1)
  Filter: (company_id = 21142)
  Rows Removed by Filter: 2609074
Planning time: 0.472 ms
Execution time: 757.683 ms
