Hash Join  (cost=190230.21..1166158.65 rows=5594526 width=0) (actual time=7211.919..22204.350 rows=5640807 loops=1)
  Hash Cond: (ci.movie_id = t.id)
  ->  Seq Scan on cast_info ci  (cost=0.00..796071.18 rows=10250399 width=4) (actual time=2565.277..14038.445 rows=4385593 loops=1)
        Filter: ((person_id < 1550009) AND (role_id > 1))
        Rows Removed by Filter: 31858751
  ->  Hash  (cost=167588.78..167588.78 rows=1380035 width=8) (actual time=4293.503..4293.503 rows=1380035 loops=1)
        Buckets: 131072  Batches: 32  Memory Usage: 2708kB
        ->  Hash Join  (cost=102767.86..167588.78 rows=1380035 width=8) (actual time=1945.219..3913.743 rows=1380035 loops=1)
              Hash Cond: (mi_idx.movie_id = t.id)
              ->  Seq Scan on movie_info_idx mi_idx  (cost=0.00..21735.35 rows=1380035 width=4) (actual time=0.029..535.264 rows=1380035 loops=1)
              ->  Hash  (cost=61283.27..61283.27 rows=2528527 width=4) (actual time=1944.259..1944.259 rows=2528312 loops=1)
                    Buckets: 131072  Batches: 64  Memory Usage: 2415kB
                    ->  Seq Scan on title t  (cost=0.00..61283.27 rows=2528527 width=4) (actual time=0.023..1097.944 rows=2528312 loops=1)
Planning time: 1.330 ms
Execution time: 22874.857 ms
