Seq Scan on movie_companies mc  (cost=0.00..51404.11 rows=81034 width=0) (actual time=0.025..853.434 rows=80997 loops=1)
  Filter: (company_id > 169417)
  Rows Removed by Filter: 2528132
Planning time: 0.332 ms
Execution time: 864.185 ms
