Seq Scan on movie_keyword mk  (cost=0.00..81003.12 rows=246 width=0) (actual time=6.494..758.592 rows=2144 loops=1)
  Filter: (keyword_id = 3639)
  Rows Removed by Filter: 4521786
Planning time: 0.215 ms
Execution time: 759.132 ms
