Seq Scan on movie_companies mc  (cost=0.00..51404.11 rows=7827 width=0) (actual time=0.085..833.930 rows=7560 loops=1)
  Filter: (company_id = 159)
  Rows Removed by Filter: 2601569
Planning time: 0.331 ms
Execution time: 835.539 ms
