Nested Loop  (cost=0.43..69059.54 rows=1374 width=0) (actual time=12.490..772.569 rows=31 loops=1)
  ->  Seq Scan on movie_companies mc  (cost=0.00..57926.93 rows=1374 width=4) (actual time=12.404..771.221 rows=31 loops=1)
        Filter: ((company_id = 774) AND (company_type_id = 2))
        Rows Removed by Filter: 2609098
  ->  Index Only Scan using title_pkey on title t  (cost=0.43..8.09 rows=1 width=4) (actual time=0.039..0.040 rows=1 loops=31)
        Index Cond: (id = mc.movie_id)
        Heap Fetches: 31
Planning time: 0.801 ms
Execution time: 772.670 ms
