Hash Join  (cost=76831.80..1136701.39 rows=2537442 width=0) (actual time=1174.787..29697.821 rows=694055 loops=1)
  Hash Cond: (ci.movie_id = t.id)
  ->  Seq Scan on cast_info ci  (cost=0.00..614943.12 rows=36225612 width=4) (actual time=0.022..12968.105 rows=36244344 loops=1)
  ->  Hash  (cost=73925.90..73925.90 rows=177112 width=4) (actual time=1173.735..1173.735 rows=72640 loops=1)
        Buckets: 131072  Batches: 4  Memory Usage: 1661kB
        ->  Seq Scan on title t  (cost=0.00..73925.90 rows=177112 width=4) (actual time=0.040..1148.132 rows=72640 loops=1)
              Filter: ((kind_id > 4) AND (production_year < 1964))
              Rows Removed by Filter: 2455672
Planning time: 0.978 ms
Execution time: 29786.190 ms
