Seq Scan on title t  (cost=0.00..73925.90 rows=1294375 width=0) (actual time=0.025..1416.252 rows=1374286 loops=1)
  Filter: ((production_year > 1967) AND (kind_id = 7))
  Rows Removed by Filter: 1154026
Planning time: 0.366 ms
Execution time: 1593.168 ms
