Hash Join  (cost=147269.54..276875.10 rows=624052 width=0) (actual time=3341.955..6906.041 rows=2400263 loops=1)
  Hash Cond: (mk.movie_id = t.id)
  ->  Seq Scan on movie_keyword mk  (cost=0.00..69693.30 rows=4523930 width=4) (actual time=0.019..1417.893 rows=4523930 loops=1)
  ->  Hash  (cost=141546.58..141546.58 rows=348797 width=8) (actual time=3340.690..3340.690 rows=350323 loops=1)
        Buckets: 131072  Batches: 8  Memory Usage: 2747kB
        ->  Hash Join  (cost=99467.55..141546.58 rows=348797 width=8) (actual time=2013.713..3230.068 rows=350323 loops=1)
              Hash Cond: (mi_idx.movie_id = t.id)
              ->  Seq Scan on movie_info_idx mi_idx  (cost=0.00..25185.44 rows=454124 width=4) (actual time=0.034..497.268 rows=459925 loops=1)
                    Filter: (info_type_id = 100)
                    Rows Removed by Filter: 920110
              ->  Hash  (cost=67604.59..67604.59 rows=1942077 width=4) (actual time=2012.454..2012.454 rows=1932484 loops=1)
                    Buckets: 131072  Batches: 32  Memory Usage: 3155kB
                    ->  Seq Scan on title t  (cost=0.00..67604.59 rows=1942077 width=4) (actual time=0.016..1390.430 rows=1932484 loops=1)
                          Filter: (production_year > 1980)
                          Rows Removed by Filter: 595828
Planning time: 1.118 ms
Execution time: 7128.664 ms
