Seq Scan on movie_keyword mk  (cost=0.00..81003.12 rows=246 width=0) (actual time=0.899..1329.669 rows=342 loops=1)
  Filter: (keyword_id = 16710)
  Rows Removed by Filter: 4523588
Planning time: 0.349 ms
Execution time: 1329.931 ms
