Hash Join  (cost=1340745.70..2668785.97 rows=62229331 width=0) (actual time=32344.960..90529.890 rows=160233289 loops=1)
  Hash Cond: (mi.movie_id = t.id)
  ->  Seq Scan on movie_info mi  (cost=0.00..309384.22 rows=14739122 width=4) (actual time=0.006..6114.372 rows=14835720 loops=1)
  ->  Hash  (cost=1165599.07..1165599.07 rows=10675571 width=8) (actual time=32339.744..32339.744 rows=12670688 loops=1)
        Buckets: 131072  Batches: 256  Memory Usage: 3036kB
        ->  Hash Join  (cost=102767.86..1165599.07 rows=10675571 width=8) (actual time=1874.369..27683.752 rows=12670688 loops=1)
              Hash Cond: (ci.movie_id = t.id)
              ->  Seq Scan on cast_info ci  (cost=0.00..796071.18 rows=10675571 width=4) (actual time=0.026..14250.778 rows=12670688 loops=1)
                    Filter: ((person_id < 3057521) AND (role_id = 1))
                    Rows Removed by Filter: 23573656
              ->  Hash  (cost=61283.27..61283.27 rows=2528527 width=4) (actual time=1872.822..1872.822 rows=2528312 loops=1)
                    Buckets: 131072  Batches: 64  Memory Usage: 2415kB
                    ->  Seq Scan on title t  (cost=0.00..61283.27 rows=2528527 width=4) (actual time=0.017..1033.031 rows=2528312 loops=1)
Planning time: 1.114 ms
Execution time: 108430.991 ms
