Seq Scan on movie_keyword mk  (cost=0.00..81003.12 rows=1532133 width=0) (actual time=0.025..1401.356 rows=1545631 loops=1)
  Filter: (keyword_id > 10217)
  Rows Removed by Filter: 2978299
Planning time: 5.460 ms
Execution time: 1588.134 ms
