Nested Loop  (cost=0.43..83072.29 rows=9 width=0) (actual time=0.928..801.617 rows=22 loops=1)
  ->  Seq Scan on movie_keyword mk  (cost=0.00..81003.12 rows=246 width=4) (actual time=0.883..788.600 rows=551 loops=1)
        Filter: (keyword_id = 5768)
        Rows Removed by Filter: 4523379
  ->  Index Scan using title_pkey on title t  (cost=0.43..8.40 rows=1 width=4) (actual time=0.023..0.023 rows=0 loops=551)
        Index Cond: (id = mk.movie_id)
        Filter: (production_year = 2005)
        Rows Removed by Filter: 1
Planning time: 0.730 ms
Execution time: 801.748 ms
