Seq Scan on movie_companies mc  (cost=0.00..57926.93 rows=1108134 width=40) (actual time=180.120..1327.831 rows=1231696 loops=1)
  Filter: ((company_id > 312) AND (company_type_id = 2))
  Rows Removed by Filter: 1377433
Planning time: 0.518 ms
Execution time: 1399.403 ms
