Hash Join  (cost=75673.49..165892.29 rows=49111 width=134) (actual time=1365.904..2963.231 rows=41746 loops=1)
  Hash Cond: (mc.movie_id = t.id)
  ->  Seq Scan on movie_companies mc  (cost=0.00..51404.11 rows=1929220 width=40) (actual time=0.022..909.933 rows=1923492 loops=1)
        Filter: (company_id < 47789)
        Rows Removed by Filter: 685637
  ->  Hash  (cost=73925.90..73925.90 rows=64367 width=94) (actual time=1365.574..1365.574 rows=53905 loops=1)
        Buckets: 32768  Batches: 4  Memory Usage: 1723kB
        ->  Seq Scan on title t  (cost=0.00..73925.90 rows=64367 width=94) (actual time=0.178..1341.721 rows=53905 loops=1)
              Filter: ((kind_id < 7) AND (production_year = 2012))
              Rows Removed by Filter: 2474407
Planning time: 1.026 ms
Execution time: 2967.050 ms
