Hash Join  (cost=102767.86..1455394.46 rows=22718980 width=0) (actual time=2081.156..38923.359 rows=22343529 loops=1)
  Hash Cond: (ci.movie_id = t.id)
  ->  Seq Scan on cast_info ci  (cost=0.00..796071.18 rows=22718980 width=4) (actual time=0.026..18944.459 rows=22343529 loops=1)
        Filter: ((person_id < 3823922) AND (role_id > 1))
        Rows Removed by Filter: 13900815
  ->  Hash  (cost=61283.27..61283.27 rows=2528527 width=4) (actual time=2079.413..2079.413 rows=2528312 loops=1)
        Buckets: 131072  Batches: 64  Memory Usage: 2415kB
        ->  Seq Scan on title t  (cost=0.00..61283.27 rows=2528527 width=4) (actual time=0.017..1215.892 rows=2528312 loops=1)
Planning time: 0.721 ms
Execution time: 41282.996 ms
