Seq Scan on movie_keyword mk  (cost=0.00..81003.12 rows=246 width=0) (actual time=7.022..1437.682 rows=255 loops=1)
  Filter: (keyword_id = 11399)
  Rows Removed by Filter: 4523675
Planning time: 0.356 ms
Execution time: 1437.936 ms
