Seq Scan on cast_info ci  (cost=0.00..796071.18 rows=168 width=0) (actual time=11466.993..13703.970 rows=1 loops=1)
  Filter: ((role_id > 3) AND (person_id = 106464))
  Rows Removed by Filter: 36244343
Planning time: 6.594 ms
Execution time: 13704.130 ms
