Hash Join  (cost=87162.74..523551.84 rows=1881649 width=0) (actual time=1500.340..11869.369 rows=4117469 loops=1)
  Hash Cond: (mi.movie_id = t.id)
  ->  Seq Scan on movie_info mi  (cost=0.00..346232.03 rows=5897221 width=4) (actual time=0.029..5889.446 rows=5884963 loops=1)
        Filter: (info_type_id < 7)
        Rows Removed by Filter: 8950757
  ->  Hash  (cost=73925.90..73925.90 rows=806787 width=4) (actual time=1499.493..1499.493 rows=843018 loops=1)
        Buckets: 131072  Batches: 16  Memory Usage: 2888kB
        ->  Seq Scan on title t  (cost=0.00..73925.90 rows=806787 width=4) (actual time=0.020..1223.484 rows=843018 loops=1)
              Filter: ((kind_id < 7) AND (production_year < 2011))
              Rows Removed by Filter: 1685294
Planning time: 1.569 ms
Execution time: 12333.258 ms
