Seq Scan on movie_companies mc  (cost=0.00..51404.11 rows=72521 width=0) (actual time=424.884..883.966 rows=71752 loops=1)
  Filter: (company_id > 175499)
  Rows Removed by Filter: 2537377
Planning time: 0.333 ms
Execution time: 893.237 ms
