Seq Scan on title t  (cost=0.00..73925.90 rows=76441 width=0) (actual time=0.020..1283.744 rows=72987 loops=1)
  Filter: ((production_year > 1983) AND (kind_id = 3))
  Rows Removed by Filter: 2455325
Planning time: 0.274 ms
Execution time: 1297.016 ms
