Seq Scan on movie_info mi  (cost=0.00..346232.03 rows=968935 width=0) (actual time=1244.352..5392.503 rows=1026216 loops=1)
  Filter: (info_type_id > 84)
  Rows Removed by Filter: 13809504
Planning time: 0.371 ms
Execution time: 5507.951 ms
