Hash Join  (cost=78414.48..1226386.40 rows=3776787 width=0) (actual time=1355.628..32875.375 rows=1405159 loops=1)
  Hash Cond: (ci.movie_id = t.id)
  ->  Seq Scan on cast_info ci  (cost=0.00..705507.15 rows=34908239 width=4) (actual time=0.017..17180.251 rows=34904429 loops=1)
        Filter: (person_id < 3802242)
        Rows Removed by Filter: 1339915
  ->  Hash  (cost=73925.90..73925.90 rows=273566 width=4) (actual time=1354.958..1354.958 rows=139974 loops=1)
        Buckets: 131072  Batches: 4  Memory Usage: 2253kB
        ->  Seq Scan on title t  (cost=0.00..73925.90 rows=273566 width=4) (actual time=0.024..1305.513 rows=139974 loops=1)
              Filter: ((kind_id > 1) AND (production_year < 1970))
              Rows Removed by Filter: 2388338
Planning time: 0.487 ms
Execution time: 33049.182 ms
