Seq Scan on cast_info ci  (cost=0.00..796071.18 rows=237300 width=0) (actual time=11780.773..14096.911 rows=82010 loops=1)
  Filter: ((person_id < 2519760) AND (role_id > 10))
  Rows Removed by Filter: 36162334
Planning time: 0.355 ms
Execution time: 14107.387 ms
