Hash Join  (cost=128331.06..624475.03 rows=1531106 width=0) (actual time=2534.629..14451.457 rows=862161 loops=1)
  Hash Cond: (mi.movie_id = t.id)
  ->  Seq Scan on movie_info mi  (cost=0.00..309384.22 rows=14739122 width=4) (actual time=0.020..6082.572 rows=14835720 loops=1)
  ->  Hash  (cost=124020.76..124020.76 rows=262664 width=8) (actual time=2447.807..2447.807 rows=115854 loops=1)
        Buckets: 131072  Batches: 4  Memory Usage: 2155kB
        ->  Hash Join  (cost=81821.64..124020.76 rows=262664 width=8) (actual time=1313.455..2413.112 rows=115854 loops=1)
              Hash Cond: (mi_idx.movie_id = t.id)
              ->  Seq Scan on movie_info_idx mi_idx  (cost=0.00..21735.35 rows=1380035 width=4) (actual time=0.012..429.779 rows=1380035 loops=1)
              ->  Hash  (cost=73925.90..73925.90 rows=481259 width=4) (actual time=1312.083..1312.083 rows=518327 loops=1)
                    Buckets: 131072  Batches: 8  Memory Usage: 3301kB
                    ->  Seq Scan on title t  (cost=0.00..73925.90 rows=481259 width=4) (actual time=0.021..1147.870 rows=518327 loops=1)
                          Filter: ((production_year > 2007) AND (kind_id = 7))
                          Rows Removed by Filter: 2009985
Planning time: 1.173 ms
Execution time: 14549.477 ms
