Seq Scan on movie_info mi  (cost=0.00..346232.03 rows=17937 width=0) (actual time=1498.015..5318.496 rows=6614 loops=1)
  Filter: (info_type_id = 41)
  Rows Removed by Filter: 14829106
Planning time: 0.361 ms
Execution time: 5319.498 ms
