Seq Scan on cast_info ci  (cost=0.00..705507.15 rows=27944775 width=0) (actual time=0.016..12210.487 rows=28002866 loops=1)
  Filter: (person_id < 2858204)
  Rows Removed by Filter: 8241478
Planning time: 2.176 ms
Execution time: 15444.523 ms
