Seq Scan on movie_companies mc  (cost=0.00..57926.93 rows=53 width=0) (actual time=541.623..801.668 rows=3 loops=1)
  Filter: ((company_id = 113552) AND (company_type_id = 2))
  Rows Removed by Filter: 2609126
Planning time: 0.388 ms
Execution time: 801.760 ms
