Hash Join  (cost=102767.86..191506.67 rows=869900 width=0) (actual time=1967.928..4335.285 rows=1072997 loops=1)
  Hash Cond: (mc.movie_id = t.id)
  ->  Seq Scan on movie_companies mc  (cost=0.00..57926.93 rows=869900 width=4) (actual time=0.018..1069.127 rows=1072997 loops=1)
        Filter: ((company_id > 2865) AND (company_type_id > 1))
        Rows Removed by Filter: 1536132
  ->  Hash  (cost=61283.27..61283.27 rows=2528527 width=4) (actual time=1966.551..1966.551 rows=2528312 loops=1)
        Buckets: 131072  Batches: 64  Memory Usage: 2415kB
        ->  Seq Scan on title t  (cost=0.00..61283.27 rows=2528527 width=4) (actual time=0.017..1118.471 rows=2528312 loops=1)
Planning time: 0.743 ms
Execution time: 4466.412 ms
