Hash Join  (cost=78144.34..118244.90 rows=140308 width=0) (actual time=1494.578..2652.630 rows=346340 loops=1)
  Hash Cond: (mi_idx.movie_id = t.id)
  ->  Seq Scan on movie_info_idx mi_idx  (cost=0.00..21735.35 rows=1380035 width=4) (actual time=0.022..420.458 rows=1380035 loops=1)
  ->  Hash  (cost=73925.90..73925.90 rows=257075 width=4) (actual time=1493.733..1493.733 rows=366618 loops=1)
        Buckets: 131072 (originally 131072)  Batches: 8 (originally 4)  Memory Usage: 3073kB
        ->  Seq Scan on title t  (cost=0.00..73925.90 rows=257075 width=4) (actual time=577.307..1373.205 rows=366618 loops=1)
              Filter: ((production_year < 1999) AND (kind_id = 1))
              Rows Removed by Filter: 2161694
Planning time: 2.657 ms
Execution time: 2694.294 ms
