Hash Join  (cost=181130.57..704327.40 rows=4066491 width=0) (actual time=3718.971..17051.640 rows=3520320 loops=1)
  Hash Cond: (mi.movie_id = t.id)
  ->  Seq Scan on movie_info mi  (cost=0.00..309384.22 rows=14739122 width=4) (actual time=0.019..5869.664 rows=14835720 loops=1)
  ->  Hash  (cost=169684.38..169684.38 rows=697615 width=8) (actual time=3715.356..3715.356 rows=400790 loops=1)
        Buckets: 131072  Batches: 16  Memory Usage: 2007kB
        ->  Hash Join  (cost=85017.71..169684.38 rows=697615 width=8) (actual time=1506.112..3618.356 rows=400790 loops=1)
              Hash Cond: (mc.movie_id = t.id)
              ->  Seq Scan on movie_companies mc  (cost=0.00..44881.29 rows=2609129 width=4) (actual time=0.023..874.086 rows=2609129 loops=1)
              ->  Hash  (cost=73925.90..73925.90 rows=676064 width=4) (actual time=1505.429..1505.429 rows=554532 loops=1)
                    Buckets: 131072  Batches: 16  Memory Usage: 2243kB
                    ->  Seq Scan on title t  (cost=0.00..73925.90 rows=676064 width=4) (actual time=0.028..1323.686 rows=554532 loops=1)
                          Filter: ((kind_id > 3) AND (production_year < 2000))
                          Rows Removed by Filter: 1973780
Planning time: 1.177 ms
Execution time: 17447.708 ms
