Nested Loop  (cost=0.43..52283.95 rows=7 width=0) (actual time=94.183..516.797 rows=1 loops=1)
  ->  Seq Scan on movie_companies mc  (cost=0.00..51404.11 rows=104 width=4) (actual time=0.684..499.957 rows=562 loops=1)
        Filter: (company_id = 903)
        Rows Removed by Filter: 2608567
  ->  Index Scan using title_pkey on title t  (cost=0.43..8.45 rows=1 width=4) (actual time=0.029..0.029 rows=0 loops=562)
        Index Cond: (id = mc.movie_id)
        Filter: (production_year = 2011)
        Rows Removed by Filter: 1
Planning time: 4.642 ms
Execution time: 516.884 ms
