Hash Join  (cost=107894.78..830346.62 rows=74280 width=0) (actual time=6213.144..15651.192 rows=801 loops=1)
  Hash Cond: (ci.movie_id = t.id)
  ->  Seq Scan on cast_info ci  (cost=0.00..705507.15 rows=4320508 width=4) (actual time=4105.572..12730.575 rows=4323018 loops=1)
        Filter: (role_id = 10)
        Rows Removed by Filter: 31921326
  ->  Hash  (cost=107351.39..107351.39 rows=43471 width=8) (actual time=2101.700..2101.700 rows=14961 loops=1)
        Buckets: 65536  Batches: 1  Memory Usage: 1097kB
        ->  Hash Join  (cost=68912.20..107351.39 rows=43471 width=8) (actual time=1325.024..2096.817 rows=14961 loops=1)
              Hash Cond: (mi_idx.movie_id = t.id)
              ->  Seq Scan on movie_info_idx mi_idx  (cost=0.00..21735.35 rows=1380035 width=4) (actual time=0.027..522.964 rows=1380035 loops=1)
              ->  Hash  (cost=67604.59..67604.59 rows=79649 width=4) (actual time=1130.349..1130.349 rows=77866 loops=1)
                    Buckets: 131072  Batches: 2  Memory Usage: 2389kB
                    ->  Seq Scan on title t  (cost=0.00..67604.59 rows=79649 width=4) (actual time=0.031..1101.833 rows=77866 loops=1)
                          Filter: (production_year < 1918)
                          Rows Removed by Filter: 2450446
Planning time: 1.151 ms
Execution time: 15652.026 ms
