Seq Scan on movie_companies mc  (cost=0.00..51404.11 rows=2386763 width=0) (actual time=0.018..976.199 rows=2386778 loops=1)
  Filter: (company_id > 77)
  Rows Removed by Filter: 222351
Planning time: 0.328 ms
Execution time: 1276.480 ms
