Seq Scan on movie_keyword mk  (cost=0.00..81003.12 rows=246 width=0) (actual time=18.823..1169.176 rows=32 loops=1)
  Filter: (keyword_id = 69860)
  Rows Removed by Filter: 4523898
Planning time: 0.317 ms
Execution time: 1169.302 ms
