Nested Loop  (cost=0.43..797555.70 rows=176 width=0) (actual time=7513.337..12968.950 rows=28 loops=1)
  ->  Seq Scan on cast_info ci  (cost=0.00..796071.18 rows=176 width=4) (actual time=7513.137..12968.084 rows=28 loops=1)
        Filter: ((role_id < 2) AND (person_id = 371932))
        Rows Removed by Filter: 36244316
  ->  Index Only Scan using title_pkey on title t  (cost=0.43..8.42 rows=1 width=4) (actual time=0.027..0.027 rows=1 loops=28)
        Index Cond: (id = ci.movie_id)
        Heap Fetches: 28
Planning time: 0.748 ms
Execution time: 12969.039 ms
