Hash Join  (cost=83074.74..447745.01 rows=1434 width=0) (actual time=1240.716..8438.506 rows=28791 loops=1)
  Hash Cond: (mi.movie_id = t.id)
  ->  Seq Scan on movie_info mi  (cost=0.00..309384.22 rows=14739122 width=4) (actual time=0.023..4560.237 rows=14835720 loops=1)
  ->  Hash  (cost=83071.67..83071.67 rows=246 width=8) (actual time=1214.942..1214.942 rows=332 loops=1)
        Buckets: 1024  Batches: 1  Memory Usage: 21kB
        ->  Nested Loop  (cost=0.43..83071.67 rows=246 width=8) (actual time=6.238..1214.605 rows=332 loops=1)
              ->  Seq Scan on movie_keyword mk  (cost=0.00..81003.12 rows=246 width=4) (actual time=6.172..1198.135 rows=332 loops=1)
                    Filter: (keyword_id = 10285)
                    Rows Removed by Filter: 4523598
              ->  Index Only Scan using title_pkey on title t  (cost=0.43..8.40 rows=1 width=4) (actual time=0.047..0.047 rows=1 loops=332)
                    Index Cond: (id = mk.movie_id)
                    Heap Fetches: 332
Planning time: 1.353 ms
Execution time: 8443.150 ms
