Seq Scan on movie_keyword mk  (cost=0.00..81003.12 rows=1927506 width=0) (actual time=0.040..1389.055 rows=1939439 loops=1)
  Filter: (keyword_id > 6812)
  Rows Removed by Filter: 2584491
Planning time: 0.282 ms
Execution time: 1627.958 ms
