Seq Scan on movie_companies mc  (cost=0.00..51404.11 rows=1586206 width=0) (actual time=2.064..1033.025 rows=1585794 loops=1)
  Filter: (company_id > 5458)
  Rows Removed by Filter: 1023335
Planning time: 0.285 ms
Execution time: 1228.279 ms
