Hash Join  (cost=183645.13..986351.61 rows=53443 width=0) (actual time=5507.566..15477.038 rows=14166 loops=1)
  Hash Cond: (ci.movie_id = t.id)
  ->  Seq Scan on cast_info ci  (cost=0.00..796071.18 rows=418365 width=4) (actual time=2379.834..12012.945 rows=847129 loops=1)
        Filter: ((person_id > 2341904) AND (role_id = 9))
        Rows Removed by Filter: 35397215
  ->  Hash  (cost=178345.59..178345.59 rows=323003 width=8) (actual time=3125.746..3125.746 rows=23864 loops=1)
        Buckets: 131072  Batches: 8  Memory Usage: 1147kB
        ->  Hash Join  (cost=102767.86..178345.59 rows=323003 width=8) (actual time=1817.837..3117.421 rows=23864 loops=1)
              Hash Cond: (mc.movie_id = t.id)
              ->  Seq Scan on movie_companies mc  (cost=0.00..57926.93 rows=323003 width=4) (actual time=0.032..863.771 rows=23864 loops=1)
                    Filter: ((company_id > 51790) AND (company_type_id < 2))
                    Rows Removed by Filter: 2585265
              ->  Hash  (cost=61283.27..61283.27 rows=2528527 width=4) (actual time=1816.675..1816.675 rows=2528312 loops=1)
                    Buckets: 131072  Batches: 64  Memory Usage: 2415kB
                    ->  Seq Scan on title t  (cost=0.00..61283.27 rows=2528527 width=4) (actual time=0.024..961.853 rows=2528312 loops=1)
Planning time: 0.737 ms
Execution time: 15479.362 ms
