Seq Scan on cast_info ci  (cost=0.00..796071.18 rows=18645373 width=0) (actual time=4443.338..16274.832 rows=21507357 loops=1)
  Filter: ((person_id > 717159) AND (role_id > 1))
  Rows Removed by Filter: 14736987
Planning time: 0.311 ms
Execution time: 18869.830 ms
