Seq Scan on movie_keyword mk  (cost=0.00..81003.12 rows=3033174 width=0) (actual time=0.026..1527.132 rows=3021685 loops=1)
  Filter: (keyword_id > 2163)
  Rows Removed by Filter: 1502245
Planning time: 4.731 ms
Execution time: 1919.543 ms
