Seq Scan on cast_info ci  (cost=0.00..796071.18 rows=726739 width=0) (actual time=7730.672..11899.055 rows=665015 loops=1)
  Filter: ((person_id < 929327) AND (role_id = 4))
  Rows Removed by Filter: 35579329
Planning time: 0.366 ms
Execution time: 11969.271 ms
