Nested Loop  (cost=0.43..58358.27 rows=51 width=0) (actual time=401.696..548.288 rows=2 loops=1)
  ->  Seq Scan on movie_companies mc  (cost=0.00..57926.93 rows=51 width=4) (actual time=401.609..548.195 rows=2 loops=1)
        Filter: ((company_type_id < 2) AND (company_id = 61312))
        Rows Removed by Filter: 2609127
  ->  Index Only Scan using title_pkey on title t  (cost=0.43..8.45 rows=1 width=4) (actual time=0.038..0.039 rows=1 loops=2)
        Index Cond: (id = mc.movie_id)
        Heap Fetches: 2
Planning time: 0.719 ms
Execution time: 548.352 ms
