Seq Scan on movie_companies mc  (cost=0.00..57926.93 rows=192752 width=0) (actual time=248.811..870.723 rows=381702 loops=1)
  Filter: ((company_id > 84083) AND (company_type_id > 1))
  Rows Removed by Filter: 2227427
Planning time: 0.235 ms
Execution time: 919.489 ms
