Hash Join  (cost=78171.87..205815.18 rows=463028 width=0) (actual time=1268.366..4424.931 rows=507228 loops=1)
  Hash Cond: (mk.movie_id = t.id)
  ->  Seq Scan on movie_keyword mk  (cost=0.00..69693.30 rows=4523930 width=4) (actual time=0.024..1400.323 rows=4523930 loops=1)
  ->  Hash  (cost=73925.90..73925.90 rows=258797 width=4) (actual time=1267.298..1267.298 rows=227847 loops=1)
        Buckets: 131072  Batches: 4  Memory Usage: 3038kB
        ->  Seq Scan on title t  (cost=0.00..73925.90 rows=258797 width=4) (actual time=0.029..1189.825 rows=227847 loops=1)
              Filter: ((kind_id < 7) AND (production_year > 2008))
              Rows Removed by Filter: 2300465
Planning time: 0.754 ms
Execution time: 4483.955 ms
