Seq Scan on cast_info ci  (cost=0.00..796071.18 rows=435 width=0) (actual time=2426.676..14432.414 rows=30 loops=1)
  Filter: ((role_id < 10) AND (person_id = 2827656))
  Rows Removed by Filter: 36244314
Planning time: 0.337 ms
Execution time: 14432.566 ms
