Seq Scan on movie_keyword mk  (cost=0.00..81003.12 rows=324152 width=0) (actual time=0.025..1284.442 rows=320889 loops=1)
  Filter: (keyword_id > 50955)
  Rows Removed by Filter: 4203041
Planning time: 0.190 ms
Execution time: 1326.181 ms
