Hash Join  (cost=97151.21..665005.75 rows=8251862 width=0) (actual time=1958.397..18106.324 rows=5459611 loops=1)
  Hash Cond: (mi.movie_id = t.id)
  ->  Seq Scan on movie_info mi  (cost=0.00..309384.22 rows=14739122 width=4) (actual time=0.025..6449.544 rows=14835720 loops=1)
  ->  Hash  (cost=73925.90..73925.90 rows=1415624 width=4) (actual time=1951.052..1951.052 rows=1398720 loops=1)
        Buckets: 131072  Batches: 32  Memory Usage: 2566kB
        ->  Seq Scan on title t  (cost=0.00..73925.90 rows=1415624 width=4) (actual time=0.018..1475.840 rows=1398720 loops=1)
              Filter: ((kind_id > 1) AND (production_year < 2010))
              Rows Removed by Filter: 1129592
Planning time: 0.775 ms
Execution time: 18738.263 ms
