Hash Join  (cost=78556.72..502152.13 rows=1389548 width=0) (actual time=2325.029..10805.313 rows=2629509 loops=1)
  Hash Cond: (mi.movie_id = t.id)
  ->  Seq Scan on movie_info mi  (cost=0.00..346232.03 rows=5263441 width=4) (actual time=236.814..5630.732 rows=5270569 loops=1)
        Filter: (info_type_id > 15)
        Rows Removed by Filter: 9565151
  ->  Hash  (cost=67604.59..67604.59 rows=667531 width=4) (actual time=1918.566..1918.566 rows=662825 loops=1)
        Buckets: 131072  Batches: 16  Memory Usage: 2485kB
        ->  Seq Scan on title t  (cost=0.00..67604.59 rows=667531 width=4) (actual time=16.845..1064.108 rows=662825 loops=1)
              Filter: (kind_id = 1)
              Rows Removed by Filter: 1865487
Planning time: 0.697 ms
Execution time: 11108.337 ms
