Hash Join  (cost=79601.51..455563.45 rows=300211 width=0) (actual time=1770.843..8196.152 rows=781869 loops=1)
  Hash Cond: (mi.movie_id = t.id)
  ->  Seq Scan on movie_info mi  (cost=0.00..346232.03 rows=2194617 width=4) (actual time=281.692..5488.889 rows=2233850 loops=1)
        Filter: (info_type_id > 16)
        Rows Removed by Filter: 12601870
  ->  Hash  (cost=73925.90..73925.90 rows=345888 width=4) (actual time=1418.824..1418.824 rows=457402 loops=1)
        Buckets: 131072  Batches: 8  Memory Usage: 3055kB
        ->  Seq Scan on title t  (cost=0.00..73925.90 rows=345888 width=4) (actual time=0.038..1258.348 rows=457402 loops=1)
              Filter: ((kind_id < 7) AND (production_year < 1997))
              Rows Removed by Filter: 2070910
Planning time: 0.616 ms
Execution time: 8288.041 ms
