Hash Join  (cost=584690.86..1774004.67 rows=16776612 width=0) (actual time=14799.971..43378.684 rows=14453111 loops=1)
  Hash Cond: (ci.movie_id = t.id)
  ->  Seq Scan on cast_info ci  (cost=0.00..705507.15 rows=21936725 width=4) (actual time=0.014..14146.451 rows=21807806 loops=1)
        Filter: (person_id < 2217115)
        Rows Removed by Filter: 14436538
  ->  Hash  (cost=552965.00..552965.00 rows=1933749 width=8) (actual time=14798.501..14798.501 rows=1034018 loops=1)
        Buckets: 131072  Batches: 32  Memory Usage: 2273kB
        ->  Hash Join  (cost=82999.35..552965.00 rows=1933749 width=8) (actual time=1641.574..13831.551 rows=1034018 loops=1)
              Hash Cond: (mi.movie_id = t.id)
              ->  Seq Scan on movie_info mi  (cost=0.00..346232.03 rows=8841901 width=4) (actual time=0.021..6612.109 rows=8950757 loops=1)
                    Filter: (info_type_id > 6)
                    Rows Removed by Filter: 5884963
              ->  Hash  (cost=73925.90..73925.90 rows=552996 width=4) (actual time=1640.504..1640.504 rows=576764 loops=1)
                    Buckets: 131072  Batches: 8  Memory Usage: 3560kB
                    ->  Seq Scan on title t  (cost=0.00..73925.90 rows=552996 width=4) (actual time=0.023..1442.229 rows=576764 loops=1)
                          Filter: ((kind_id > 2) AND (production_year > 2007))
                          Rows Removed by Filter: 1951548
Planning time: 1.185 ms
Execution time: 44904.423 ms
