Hash Join  (cost=126545.88..153549.57 rows=9321 width=0) (actual time=2332.346..2941.750 rows=26455 loops=1)
  Hash Cond: (mi_idx.movie_id = t.id)
  ->  Seq Scan on movie_info_idx mi_idx  (cost=0.00..21735.35 rows=1380035 width=4) (actual time=0.013..348.559 rows=1380035 loops=1)
  ->  Hash  (cost=126332.39..126332.39 rows=17079 width=8) (actual time=2286.680..2286.680 rows=15508 loops=1)
        Buckets: 32768  Batches: 1  Memory Usage: 862kB
        ->  Hash Join  (cost=69179.59..126332.39 rows=17079 width=8) (actual time=1605.061..2280.361 rows=15508 loops=1)
              Hash Cond: (mc.movie_id = t.id)
              ->  Seq Scan on movie_companies mc  (cost=0.00..51404.11 rows=449841 width=4) (actual time=405.475..893.335 rows=452789 loops=1)
                    Filter: (company_id > 77043)
                    Rows Removed by Filter: 2156340
              ->  Hash  (cost=67604.59..67604.59 rows=96000 width=4) (actual time=1198.748..1198.748 rows=95005 loops=1)
                    Buckets: 131072  Batches: 2  Memory Usage: 2716kB
                    ->  Seq Scan on title t  (cost=0.00..67604.59 rows=96000 width=4) (actual time=0.034..1162.066 rows=95005 loops=1)
                          Filter: (production_year = 2005)
                          Rows Removed by Filter: 2433307
Planning time: 1.156 ms
Execution time: 2945.865 ms
