Hash Join  (cost=102767.86..228674.47 rows=1455599 width=0) (actual time=2043.437..5072.969 rows=1469644 loops=1)
  Hash Cond: (mk.movie_id = t.id)
  ->  Seq Scan on movie_keyword mk  (cost=0.00..81003.12 rows=1455599 width=4) (actual time=0.024..1539.052 rows=1469644 loops=1)
        Filter: (keyword_id < 2099)
        Rows Removed by Filter: 3054286
  ->  Hash  (cost=61283.27..61283.27 rows=2528527 width=4) (actual time=2041.074..2041.074 rows=2528312 loops=1)
        Buckets: 131072  Batches: 64  Memory Usage: 2425kB
        ->  Seq Scan on title t  (cost=0.00..61283.27 rows=2528527 width=4) (actual time=0.012..1147.595 rows=2528312 loops=1)
Planning time: 0.719 ms
Execution time: 5240.925 ms
