Seq Scan on cast_info ci  (cost=0.00..796071.18 rows=598631 width=0) (actual time=7141.430..13006.547 rows=873029 loops=1)
  Filter: ((person_id > 1703563) AND (role_id = 9))
  Rows Removed by Filter: 35371315
Planning time: 0.182 ms
Execution time: 13113.958 ms
