Hash Join  (cost=73961.74..438784.79 rows=16712 width=0) (actual time=1162.985..8437.136 rows=18982 loops=1)
  Hash Cond: (mi.movie_id = t.id)
  ->  Seq Scan on movie_info mi  (cost=0.00..309384.22 rows=14739122 width=4) (actual time=0.021..4485.142 rows=14835720 loops=1)
  ->  Hash  (cost=73925.90..73925.90 rows=2867 width=4) (actual time=1134.532..1134.532 rows=1799 loops=1)
        Buckets: 4096  Batches: 1  Memory Usage: 96kB
        ->  Seq Scan on title t  (cost=0.00..73925.90 rows=2867 width=4) (actual time=0.069..1133.605 rows=1799 loops=1)
              Filter: ((kind_id < 6) AND (production_year = 1902))
              Rows Removed by Filter: 2526513
Planning time: 0.666 ms
Execution time: 8440.694 ms
