Hash Join  (cost=79110.05..207999.61 rows=565252 width=0) (actual time=1312.273..5197.131 rows=1809180 loops=1)
  Hash Cond: (mk.movie_id = t.id)
  ->  Seq Scan on movie_keyword mk  (cost=0.00..69693.30 rows=4523930 width=4) (actual time=0.020..1386.046 rows=4523930 loops=1)
  ->  Hash  (cost=73925.90..73925.90 rows=315932 width=4) (actual time=1311.062..1311.062 rows=433359 loops=1)
        Buckets: 131072  Batches: 8  Memory Usage: 2946kB
        ->  Seq Scan on title t  (cost=0.00..73925.90 rows=315932 width=4) (actual time=0.074..1172.127 rows=433359 loops=1)
              Filter: ((kind_id < 7) AND (production_year < 1995))
              Rows Removed by Filter: 2094953
Planning time: 0.705 ms
Execution time: 5423.253 ms
