Hash Join  (cost=102767.86..178464.00 rows=599017 width=0) (actual time=2546.812..4355.175 rows=595912 loops=1)
  Hash Cond: (mc.movie_id = t.id)
  ->  Seq Scan on movie_companies mc  (cost=0.00..51404.11 rows=599017 width=4) (actual time=0.017..895.434 rows=595912 loops=1)
        Filter: (company_id < 687)
        Rows Removed by Filter: 2013217
  ->  Hash  (cost=61283.27..61283.27 rows=2528527 width=4) (actual time=2544.081..2544.081 rows=2528312 loops=1)
        Buckets: 131072  Batches: 64  Memory Usage: 2415kB
        ->  Seq Scan on title t  (cost=0.00..61283.27 rows=2528527 width=4) (actual time=0.027..1174.067 rows=2528312 loops=1)
Planning time: 0.656 ms
Execution time: 4429.317 ms
