Hash Join  (cost=1018504.83..3699943.53 rows=128012084 width=0) (actual time=24451.364..125859.228 rows=275169073 loops=1)
  Hash Cond: (ci.movie_id = t.id)
  ->  Seq Scan on cast_info ci  (cost=0.00..705507.15 rows=21960739 width=4) (actual time=0.023..14959.692 rows=22036626 loops=1)
        Filter: (person_id > 1399016)
        Rows Removed by Filter: 14207718
  ->  Hash  (cost=776690.81..776690.81 rows=14739122 width=8) (actual time=24447.640..24447.640 rows=14835720 loops=1)
        Buckets: 131072  Batches: 256  Memory Usage: 3268kB
        ->  Hash Join  (cost=102767.86..776690.81 rows=14739122 width=8) (actual time=1893.576..20251.412 rows=14835720 loops=1)
              Hash Cond: (mi.movie_id = t.id)
              ->  Seq Scan on movie_info mi  (cost=0.00..309384.22 rows=14739122 width=4) (actual time=0.017..6400.365 rows=14835720 loops=1)
              ->  Hash  (cost=61283.27..61283.27 rows=2528527 width=4) (actual time=1892.197..1892.197 rows=2528312 loops=1)
                    Buckets: 131072  Batches: 64  Memory Usage: 2425kB
                    ->  Seq Scan on title t  (cost=0.00..61283.27 rows=2528527 width=4) (actual time=0.012..1070.341 rows=2528312 loops=1)
Planning time: 0.949 ms
Execution time: 155976.102 ms
