Seq Scan on cast_info ci  (cost=0.00..705507.15 rows=2583119 width=0) (actual time=5910.468..10787.935 rows=2626380 loops=1)
  Filter: (person_id > 3554262)
  Rows Removed by Filter: 33617964
Planning time: 0.312 ms
Execution time: 11029.142 ms
