Seq Scan on movie_keyword mk  (cost=0.00..81003.12 rows=246 width=0) (actual time=1.124..1266.291 rows=534 loops=1)
  Filter: (keyword_id = 151)
  Rows Removed by Filter: 4523396
Planning time: 0.243 ms
Execution time: 1266.580 ms
