Seq Scan on movie_keyword mk  (cost=0.00..81003.12 rows=246 width=0) (actual time=0.725..1255.599 rows=559 loops=1)
  Filter: (keyword_id = 3325)
  Rows Removed by Filter: 4523371
Planning time: 0.332 ms
Execution time: 1255.918 ms
