Hash Join  (cost=69223.25..440631.19 rows=80882 width=0) (actual time=3069.398..7508.975 rows=107290 loops=1)
  Hash Cond: (mi.movie_id = t.id)
  ->  Seq Scan on movie_info mi  (cost=0.00..346232.03 rows=2073893 width=4) (actual time=1605.467..5609.816 rows=2091068 loops=1)
        Filter: (info_type_id < 3)
        Rows Removed by Filter: 12744652
  ->  Hash  (cost=67604.59..67604.59 rows=98613 width=4) (actual time=1121.402..1121.402 rows=98579 loops=1)
        Buckets: 131072  Batches: 2  Memory Usage: 2760kB
        ->  Seq Scan on title t  (cost=0.00..67604.59 rows=98613 width=4) (actual time=0.039..1084.208 rows=98579 loops=1)
              Filter: (production_year < 1924)
              Rows Removed by Filter: 2429733
Planning time: 0.570 ms
Execution time: 7520.416 ms
