Hash Join  (cost=73962.22..100881.62 rows=530 width=0) (actual time=1145.972..1730.429 rows=2304 loops=1)
  Hash Cond: (mi_idx.movie_id = t.id)
  ->  Seq Scan on movie_info_idx mi_idx  (cost=0.00..25185.44 rows=460978 width=4) (actual time=0.022..491.904 rows=459925 loops=1)
        Filter: (info_type_id < 100)
        Rows Removed by Filter: 920110
  ->  Hash  (cost=73925.90..73925.90 rows=2905 width=4) (actual time=1145.895..1145.895 rows=6173 loops=1)
        Buckets: 8192 (originally 4096)  Batches: 1 (originally 1)  Memory Usage: 282kB
        ->  Seq Scan on title t  (cost=0.00..73925.90 rows=2905 width=4) (actual time=0.211..1142.437 rows=6173 loops=1)
              Filter: ((kind_id < 7) AND (production_year = 1971))
              Rows Removed by Filter: 2522139
Planning time: 0.771 ms
Execution time: 1731.064 ms
