Hash Join  (cost=102767.86..197896.12 rows=1135466 width=0) (actual time=1959.094..4847.557 rows=1274246 loops=1)
  Hash Cond: (mc.movie_id = t.id)
  ->  Seq Scan on movie_companies mc  (cost=0.00..57926.93 rows=1135466 width=4) (actual time=0.017..1192.129 rows=1274246 loops=1)
        Filter: ((company_id < 94388) AND (company_type_id < 2))
        Rows Removed by Filter: 1334883
  ->  Hash  (cost=61283.27..61283.27 rows=2528527 width=4) (actual time=1957.346..1957.346 rows=2528312 loops=1)
        Buckets: 131072  Batches: 64  Memory Usage: 2415kB
        ->  Seq Scan on title t  (cost=0.00..61283.27 rows=2528527 width=4) (actual time=0.015..1118.019 rows=2528312 loops=1)
Planning time: 2.180 ms
Execution time: 5001.134 ms
