Hash Join  (cost=218905.57..370454.60 rows=2425200 width=0) (actual time=4909.743..13134.617 rows=19911375 loops=1)
  Hash Cond: (mk.movie_id = t.id)
  ->  Seq Scan on movie_keyword mk  (cost=0.00..69693.30 rows=4523930 width=4) (actual time=0.016..1519.759 rows=4523930 loops=1)
  ->  Hash  (cost=196666.83..196666.83 rows=1355499 width=8) (actual time=4907.250..4907.250 rows=1343104 loops=1)
        Buckets: 131072  Batches: 32  Memory Usage: 2689kB
        ->  Hash Join  (cost=102767.86..196666.83 rows=1355499 width=8) (actual time=1862.812..4501.847 rows=1343104 loops=1)
              Hash Cond: (mc.movie_id = t.id)
              ->  Seq Scan on movie_companies mc  (cost=0.00..51404.11 rows=1355499 width=4) (actual time=0.014..1077.340 rows=1343104 loops=1)
                    Filter: (company_id < 11487)
                    Rows Removed by Filter: 1266025
              ->  Hash  (cost=61283.27..61283.27 rows=2528527 width=4) (actual time=1861.883..1861.883 rows=2528312 loops=1)
                    Buckets: 131072  Batches: 64  Memory Usage: 2415kB
                    ->  Seq Scan on title t  (cost=0.00..61283.27 rows=2528527 width=4) (actual time=0.019..1033.147 rows=2528312 loops=1)
Planning time: 1.094 ms
Execution time: 15419.819 ms
