Seq Scan on cast_info ci  (cost=0.00..796071.18 rows=1857492 width=0) (actual time=4794.508..12706.059 rows=5138082 loops=1)
  Filter: ((person_id > 2894196) AND (role_id > 5))
  Rows Removed by Filter: 31106262
Planning time: 0.318 ms
Execution time: 13335.439 ms
