Seq Scan on movie_companies mc  (cost=0.00..57926.93 rows=53 width=0) (actual time=205.183..849.696 rows=230 loops=1)
  Filter: ((company_id = 13662) AND (company_type_id = 2))
  Rows Removed by Filter: 2608899
Planning time: 0.355 ms
Execution time: 849.856 ms
