Hash Join  (cost=215282.04..333420.33 rows=900025 width=0) (actual time=5083.321..9985.914 rows=10387194 loops=1)
  Hash Cond: (mk.movie_id = t.id)
  ->  Seq Scan on movie_keyword mk  (cost=0.00..81003.12 rows=2059977 width=4) (actual time=0.016..1612.515 rows=2074639 loops=1)
        Filter: (keyword_id < 3673)
        Rows Removed by Filter: 2449291
  ->  Hash  (cost=197156.80..197156.80 rows=1104739 width=8) (actual time=5082.230..5082.230 rows=1001060 loops=1)
        Buckets: 131072  Batches: 16  Memory Usage: 3523kB
        ->  Hash Join  (cost=102767.86..197156.80 rows=1104739 width=8) (actual time=1959.459..4761.689 rows=1001060 loops=1)
              Hash Cond: (mc.movie_id = t.id)
              ->  Seq Scan on movie_companies mc  (cost=0.00..57926.93 rows=1104739 width=4) (actual time=0.013..1236.218 rows=1001060 loops=1)
                    Filter: ((company_id > 166) AND (company_type_id = 1))
                    Rows Removed by Filter: 1608069
              ->  Hash  (cost=61283.27..61283.27 rows=2528527 width=4) (actual time=1958.469..1958.469 rows=2528312 loops=1)
                    Buckets: 131072  Batches: 64  Memory Usage: 2415kB
                    ->  Seq Scan on title t  (cost=0.00..61283.27 rows=2528527 width=4) (actual time=0.008..1113.104 rows=2528312 loops=1)
Planning time: 0.718 ms
Execution time: 11112.600 ms
