Nested Loop  (cost=0.43..83071.67 rows=246 width=0) (actual time=36.902..1171.944 rows=7 loops=1)
  ->  Seq Scan on movie_keyword mk  (cost=0.00..81003.12 rows=246 width=4) (actual time=34.208..1168.903 rows=7 loops=1)
        Filter: (keyword_id = 44540)
        Rows Removed by Filter: 4523923
  ->  Index Only Scan using title_pkey on title t  (cost=0.43..8.40 rows=1 width=4) (actual time=0.426..0.427 rows=1 loops=7)
        Index Cond: (id = mk.movie_id)
        Heap Fetches: 7
Planning time: 0.658 ms
Execution time: 1171.999 ms
