Hash Join  (cost=77945.24..205287.48 rows=438320 width=0) (actual time=1187.081..4266.503 rows=76321 loops=1)
  Hash Cond: (mk.movie_id = t.id)
  ->  Seq Scan on movie_keyword mk  (cost=0.00..69693.30 rows=4523930 width=4) (actual time=0.012..1421.172 rows=4523930 loops=1)
  ->  Hash  (cost=73925.90..73925.90 rows=244987 width=4) (actual time=1185.419..1185.419 rows=137824 loops=1)
        Buckets: 131072  Batches: 4  Memory Usage: 2239kB
        ->  Seq Scan on title t  (cost=0.00..73925.90 rows=244987 width=4) (actual time=0.022..1136.039 rows=137824 loops=1)
              Filter: ((production_year < 1972) AND (kind_id = 7))
              Rows Removed by Filter: 2390488
Planning time: 0.834 ms
Execution time: 4276.030 ms
