Hash Join  (cost=261292.85..1220507.69 rows=8412340 width=0) (actual time=8898.824..34251.775 rows=29400914 loops=1)
  Hash Cond: (ci.movie_id = t.id)
  ->  Seq Scan on cast_info ci  (cost=0.00..705507.15 rows=12726058 width=4) (actual time=3090.472..13812.519 rows=12670688 loops=1)
        Filter: (role_id = 1)
        Rows Removed by Filter: 23573656
  ->  Hash  (cost=233869.87..233869.87 rows=1671439 width=8) (actual time=5807.321..5807.321 rows=1682643 loops=1)
        Buckets: 131072  Batches: 32  Memory Usage: 3067kB
        ->  Hash Join  (cost=102767.86..233869.87 rows=1671439 width=8) (actual time=2085.356..5339.457 rows=1682643 loops=1)
              Hash Cond: (mk.movie_id = t.id)
              ->  Seq Scan on movie_keyword mk  (cost=0.00..81003.12 rows=1671439 width=4) (actual time=0.037..1580.629 rows=1682643 loops=1)
                    Filter: (keyword_id > 8631)
                    Rows Removed by Filter: 2841287
              ->  Hash  (cost=61283.27..61283.27 rows=2528527 width=4) (actual time=2081.698..2081.698 rows=2528312 loops=1)
                    Buckets: 131072  Batches: 64  Memory Usage: 2425kB
                    ->  Seq Scan on title t  (cost=0.00..61283.27 rows=2528527 width=4) (actual time=0.019..1220.431 rows=2528312 loops=1)
Planning time: 1.185 ms
Execution time: 37583.080 ms
