Hash Join  (cost=98137.04..1349301.49 rows=19643180 width=0) (actual time=1820.640..39221.183 rows=19090018 loops=1)
  Hash Cond: (ci.movie_id = t.id)
  ->  Seq Scan on cast_info ci  (cost=0.00..705507.15 rows=26689101 width=4) (actual time=0.026..16376.474 rows=26731911 loops=1)
        Filter: (person_id < 2754580)
        Rows Removed by Filter: 9512433
  ->  Hash  (cost=67604.59..67604.59 rows=1860996 width=4) (actual time=1819.470..1819.470 rows=1865487 loops=1)
        Buckets: 131072  Batches: 32  Memory Usage: 3079kB
        ->  Seq Scan on title t  (cost=0.00..67604.59 rows=1860996 width=4) (actual time=0.020..1214.693 rows=1865487 loops=1)
              Filter: (kind_id > 1)
              Rows Removed by Filter: 662825
Planning time: 0.799 ms
Execution time: 41392.868 ms
