Hash Join  (cost=356825.28..1128028.75 rows=21432026 width=0) (actual time=8498.470..75829.268 rows=225474732 loops=1)
  Hash Cond: (mi.movie_id = t.id)
  ->  Seq Scan on movie_info mi  (cost=0.00..346232.03 rows=12665229 width=4) (actual time=0.018..7193.242 rows=12744652 loops=1)
        Filter: (info_type_id > 2)
        Rows Removed by Filter: 2091068
  ->  Hash  (cost=286626.81..286626.81 rows=4278758 width=8) (actual time=8496.552..8496.552 rows=4455749 loops=1)
        Buckets: 131072  Batches: 64  Memory Usage: 3851kB
        ->  Hash Join  (cost=106840.27..286626.81 rows=4278758 width=8) (actual time=2108.983..7153.626 rows=4455749 loops=1)
              Hash Cond: (mk.movie_id = t.id)
              ->  Seq Scan on movie_keyword mk  (cost=0.00..69693.30 rows=4523930 width=4) (actual time=0.019..1383.608 rows=4523930 loops=1)
              ->  Hash  (cost=67604.59..67604.59 rows=2391495 width=4) (actual time=2107.019..2107.019 rows=2388876 loops=1)
                    Buckets: 131072  Batches: 32  Memory Usage: 3656kB
                    ->  Seq Scan on title t  (cost=0.00..67604.59 rows=2391495 width=4) (actual time=0.017..1328.144 rows=2388876 loops=1)
                          Filter: (production_year < 2013)
                          Rows Removed by Filter: 139436
Planning time: 1.204 ms
Execution time: 101445.451 ms
