Seq Scan on cast_info ci  (cost=0.00..705507.15 rows=500 width=0) (actual time=3250.471..10660.704 rows=21 loops=1)
  Filter: (person_id = 2945874)
  Rows Removed by Filter: 36244323
Planning time: 0.368 ms
Execution time: 10660.797 ms
