Hash Join  (cost=195928.41..236784.28 rows=184339 width=0) (actual time=3670.969..4598.594 rows=90849 loops=1)
  Hash Cond: (mi_idx.movie_id = t.id)
  ->  Seq Scan on movie_info_idx mi_idx  (cost=0.00..21735.35 rows=1380035 width=4) (actual time=0.031..394.613 rows=1380035 loops=1)
  ->  Hash  (cost=190386.53..190386.53 rows=337750 width=8) (actual time=3661.205..3661.205 rows=65345 loops=1)
        Buckets: 131072  Batches: 8  Memory Usage: 1351kB
        ->  Hash Join  (cost=92883.59..190386.53 rows=337750 width=8) (actual time=2747.586..3640.802 rows=65345 loops=1)
              Hash Cond: (mk.movie_id = t.id)
              ->  Seq Scan on movie_keyword mk  (cost=0.00..81003.12 rows=554264 width=4) (actual time=0.015..1331.095 rows=555726 loops=1)
                    Filter: (keyword_id < 398)
                    Rows Removed by Filter: 3968204
              ->  Hash  (cost=67604.59..67604.59 rows=1540800 width=4) (actual time=1752.700..1752.700 rows=1543264 loops=1)
                    Buckets: 131072  Batches: 32  Memory Usage: 2728kB
                    ->  Seq Scan on title t  (cost=0.00..67604.59 rows=1540800 width=4) (actual time=0.025..1234.763 rows=1543264 loops=1)
                          Filter: (kind_id = 7)
                          Rows Removed by Filter: 985048
Planning time: 1.066 ms
Execution time: 4609.667 ms
