Hash Join  (cost=958409.64..4468511.40 rows=188161137 width=0) (actual time=23294.254..164492.172 rows=421888222 loops=1)
  Hash Cond: (ci.movie_id = t.id)
  ->  Seq Scan on cast_info ci  (cost=0.00..614943.12 rows=36225612 width=4) (actual time=0.016..13126.838 rows=36244344 loops=1)
  ->  Hash  (cost=742937.39..742937.39 rows=13133540 width=8) (actual time=23289.768..23289.768 rows=12435193 loops=1)
        Buckets: 131072  Batches: 256  Memory Usage: 2875kB
        ->  Hash Join  (cost=104570.16..742937.39 rows=13133540 width=8) (actual time=2153.730..19947.269 rows=12435193 loops=1)
              Hash Cond: (mi.movie_id = t.id)
              ->  Seq Scan on movie_info mi  (cost=0.00..309384.22 rows=14739122 width=4) (actual time=0.015..6277.156 rows=14835720 loops=1)
              ->  Hash  (cost=67604.59..67604.59 rows=2253086 width=4) (actual time=2152.478..2152.478 rows=2244594 loops=1)
                    Buckets: 131072  Batches: 32  Memory Usage: 3502kB
                    ->  Seq Scan on title t  (cost=0.00..67604.59 rows=2253086 width=4) (actual time=0.013..1421.319 rows=2244594 loops=1)
                          Filter: (production_year > 1956)
                          Rows Removed by Filter: 283718
Planning time: 6.164 ms
Execution time: 209558.119 ms
