Hash Join  (cost=87428.23..238238.67 rows=1462743 width=0) (actual time=1568.157..5287.591 rows=326301 loops=1)
  Hash Cond: (mk.movie_id = t.id)
  ->  Seq Scan on movie_keyword mk  (cost=0.00..81003.12 rows=4494104 width=4) (actual time=0.017..1774.273 rows=4497393 loops=1)
        Filter: (keyword_id < 112748)
        Rows Removed by Filter: 26537
  ->  Hash  (cost=73925.90..73925.90 rows=822986 width=4) (actual time=1567.043..1567.043 rows=738761 loops=1)
        Buckets: 131072  Batches: 16  Memory Usage: 2654kB
        ->  Seq Scan on title t  (cost=0.00..73925.90 rows=822986 width=4) (actual time=0.016..1326.650 rows=738761 loops=1)
              Filter: ((production_year < 2005) AND (kind_id = 7))
              Rows Removed by Filter: 1789551
Planning time: 0.510 ms
Execution time: 5320.196 ms
