Seq Scan on cast_info ci  (cost=0.00..705507.15 rows=2414390 width=0) (actual time=0.007..11578.132 rows=2355433 loops=1)
  Filter: (person_id < 229188)
  Rows Removed by Filter: 33888911
Planning time: 0.363 ms
Execution time: 11881.276 ms
