Hash Join  (cost=83074.74..969203.87 rows=2336 width=0) (actual time=1562.571..21899.243 rows=15856 loops=1)
  Hash Cond: (ci.movie_id = t.id)
  ->  Seq Scan on cast_info ci  (cost=0.00..796071.18 rows=24009222 width=4) (actual time=248.774..16779.648 rows=26778136 loops=1)
        Filter: ((person_id < 3052619) AND (role_id < 8))
        Rows Removed by Filter: 9466208
  ->  Hash  (cost=83071.67..83071.67 rows=246 width=8) (actual time=1311.043..1311.043 rows=404 loops=1)
        Buckets: 1024  Batches: 1  Memory Usage: 24kB
        ->  Nested Loop  (cost=0.43..83071.67 rows=246 width=8) (actual time=0.943..1310.610 rows=404 loops=1)
              ->  Seq Scan on movie_keyword mk  (cost=0.00..81003.12 rows=246 width=4) (actual time=0.879..1288.043 rows=404 loops=1)
                    Filter: (keyword_id = 579)
                    Rows Removed by Filter: 4523526
              ->  Index Only Scan using title_pkey on title t  (cost=0.43..8.40 rows=1 width=4) (actual time=0.053..0.053 rows=1 loops=404)
                    Index Cond: (id = mk.movie_id)
                    Heap Fetches: 404
Planning time: 1.133 ms
Execution time: 21903.914 ms
