Hash Join  (cost=190023.90..232217.40 rows=262302 width=0) (actual time=4336.328..5934.419 rows=1098239 loops=1)
  Hash Cond: (mi_idx.movie_id = t.id)
  ->  Seq Scan on movie_info_idx mi_idx  (cost=0.00..21735.35 rows=1380035 width=4) (actual time=0.009..438.137 rows=1380035 loops=1)
  ->  Hash  (cost=182138.46..182138.46 rows=480595 width=8) (actual time=4335.281..4335.281 rows=800425 loops=1)
        Buckets: 131072 (originally 131072)  Batches: 16 (originally 8)  Memory Usage: 3073kB
        ->  Hash Join  (cost=102767.86..182138.46 rows=480595 width=8) (actual time=2047.147..4092.772 rows=800425 loops=1)
              Hash Cond: (mc.movie_id = t.id)
              ->  Seq Scan on movie_companies mc  (cost=0.00..57926.93 rows=480595 width=4) (actual time=38.619..994.082 rows=800425 loops=1)
                    Filter: ((company_id > 18511) AND (company_type_id = 2))
                    Rows Removed by Filter: 1808704
              ->  Hash  (cost=61283.27..61283.27 rows=2528527 width=4) (actual time=2007.369..2007.369 rows=2528312 loops=1)
                    Buckets: 131072  Batches: 64  Memory Usage: 2415kB
                    ->  Seq Scan on title t  (cost=0.00..61283.27 rows=2528527 width=4) (actual time=0.020..1172.128 rows=2528312 loops=1)
Planning time: 1.122 ms
Execution time: 6075.190 ms
