Seq Scan on cast_info ci  (cost=0.00..705507.15 rows=30107548 width=0) (actual time=0.017..13209.228 rows=30053061 loops=1)
  Filter: (person_id < 3031845)
  Rows Removed by Filter: 6191283
Planning time: 0.318 ms
Execution time: 16858.132 ms
