Seq Scan on movie_keyword mk  (cost=0.00..81003.12 rows=3977435 width=0) (actual time=0.018..1674.441 rows=3981821 loops=1)
  Filter: (keyword_id < 33883)
  Rows Removed by Filter: 542109
Planning time: 0.234 ms
Execution time: 2163.980 ms
