Seq Scan on movie_keyword mk  (cost=0.00..81003.12 rows=276255 width=0) (actual time=0.026..1309.650 rows=297420 loops=1)
  Filter: (keyword_id < 243)
  Rows Removed by Filter: 4226510
Planning time: 0.308 ms
Execution time: 1347.965 ms
