Hash Join  (cost=96552.93..191221.29 rows=1423084 width=0) (actual time=2076.818..4958.804 rows=961262 loops=1)
  Hash Cond: (mc.movie_id = t.id)
  ->  Seq Scan on movie_companies mc  (cost=0.00..44881.29 rows=2609129 width=4) (actual time=0.014..935.502 rows=2609129 loops=1)
  ->  Hash  (cost=73925.90..73925.90 rows=1379122 width=4) (actual time=2075.423..2075.423 rows=1506535 loops=1)
        Buckets: 131072  Batches: 32  Memory Usage: 2690kB
        ->  Seq Scan on title t  (cost=0.00..73925.90 rows=1379122 width=4) (actual time=0.015..1581.726 rows=1506535 loops=1)
              Filter: ((kind_id > 1) AND (production_year > 1984))
              Rows Removed by Filter: 1021777
Planning time: 0.803 ms
Execution time: 5060.690 ms
