Seq Scan on cast_info ci  (cost=0.00..705507.15 rows=500 width=0) (actual time=950.819..10632.014 rows=279 loops=1)
  Filter: (person_id = 1602965)
  Rows Removed by Filter: 36244065
Planning time: 0.383 ms
Execution time: 10632.150 ms
