Hash Join  (cost=102767.86..212725.11 rows=792746 width=0) (actual time=1962.785..4372.870 rows=790656 loops=1)
  Hash Cond: (mk.movie_id = t.id)
  ->  Seq Scan on movie_keyword mk  (cost=0.00..81003.12 rows=792746 width=4) (actual time=0.018..1399.231 rows=790656 loops=1)
        Filter: (keyword_id < 760)
        Rows Removed by Filter: 3733274
  ->  Hash  (cost=61283.27..61283.27 rows=2528527 width=4) (actual time=1961.671..1961.671 rows=2528312 loops=1)
        Buckets: 131072  Batches: 64  Memory Usage: 2425kB
        ->  Seq Scan on title t  (cost=0.00..61283.27 rows=2528527 width=4) (actual time=0.021..1116.694 rows=2528312 loops=1)
Planning time: 0.716 ms
Execution time: 4465.804 ms
