Hash Join  (cost=245879.10..339287.80 rows=1331718 width=0) (actual time=5280.203..10432.456 rows=9971668 loops=1)
  Hash Cond: (mc.movie_id = t.id)
  ->  Seq Scan on movie_companies mc  (cost=0.00..44881.29 rows=2609129 width=4) (actual time=0.014..927.004 rows=2609129 loops=1)
  ->  Hash  (cost=224704.88..224704.88 rows=1290578 width=8) (actual time=5278.901..5278.901 rows=1302446 loops=1)
        Buckets: 131072  Batches: 32  Memory Usage: 2605kB
        ->  Hash Join  (cost=102767.86..224704.88 rows=1290578 width=8) (actual time=2015.735..4908.030 rows=1302446 loops=1)
              Hash Cond: (mk.movie_id = t.id)
              ->  Seq Scan on movie_keyword mk  (cost=0.00..81003.12 rows=1290578 width=4) (actual time=0.035..1455.157 rows=1302446 loops=1)
                    Filter: (keyword_id > 13528)
                    Rows Removed by Filter: 3221484
              ->  Hash  (cost=61283.27..61283.27 rows=2528527 width=4) (actual time=2012.838..2012.838 rows=2528312 loops=1)
                    Buckets: 131072  Batches: 64  Memory Usage: 2425kB
                    ->  Seq Scan on title t  (cost=0.00..61283.27 rows=2528527 width=4) (actual time=0.015..1146.128 rows=2528312 loops=1)
Planning time: 8.660 ms
Execution time: 11498.338 ms
