Nested Loop  (cost=0.43..709671.90 rows=500 width=0) (actual time=296.120..10254.952 rows=24 loops=1)
  ->  Seq Scan on cast_info ci  (cost=0.00..705507.15 rows=500 width=4) (actual time=296.042..10254.575 rows=24 loops=1)
        Filter: (person_id = 3158911)
        Rows Removed by Filter: 36244320
  ->  Index Only Scan using title_pkey on title t  (cost=0.43..8.32 rows=1 width=4) (actual time=0.015..0.015 rows=1 loops=24)
        Index Cond: (id = ci.movie_id)
        Heap Fetches: 24
Planning time: 0.754 ms
Execution time: 10255.038 ms
