Hash Join  (cost=102053.45..453159.96 rows=13401 width=0) (actual time=5442.575..7525.861 rows=5487 loops=1)
  Hash Cond: (mi.movie_id = t.id)
  ->  Seq Scan on movie_info mi  (cost=0.00..346232.03 rows=1264125 width=4) (actual time=3495.702..5337.118 rows=1288928 loops=1)
        Filter: (info_type_id = 2)
        Rows Removed by Filter: 13546792
  ->  Hash  (cost=101718.37..101718.37 rows=26806 width=8) (actual time=1945.843..1945.843 rows=10347 loops=1)
        Buckets: 32768  Batches: 1  Memory Usage: 661kB
        ->  Hash Join  (cost=74539.83..101718.37 rows=26806 width=8) (actual time=1259.732..1941.722 rows=10347 loops=1)
              Hash Cond: (mi_idx.movie_id = t.id)
              ->  Seq Scan on movie_info_idx mi_idx  (cost=0.00..21735.35 rows=1380035 width=4) (actual time=0.040..344.641 rows=1380035 loops=1)
              ->  Hash  (cost=73925.90..73925.90 rows=49114 width=4) (actual time=1258.948..1258.948 rows=45321 loops=1)
                    Buckets: 65536  Batches: 1  Memory Usage: 2106kB
                    ->  Seq Scan on title t  (cost=0.00..73925.90 rows=49114 width=4) (actual time=0.307..1238.817 rows=45321 loops=1)
                          Filter: ((kind_id > 1) AND (production_year > 2012))
                          Rows Removed by Filter: 2482991
Planning time: 1.162 ms
Execution time: 7526.906 ms
