Hash Join  (cost=143179.63..1217732.03 rows=3966723 width=0) (actual time=3127.694..32415.091 rows=7001615 loops=1)
  Hash Cond: (ci.movie_id = t.id)
  ->  Seq Scan on cast_info ci  (cost=0.00..614943.12 rows=36225612 width=4) (actual time=0.016..11836.334 rows=36244344 loops=1)
  ->  Hash  (cost=138636.70..138636.70 rows=276875 width=8) (actual time=3126.789..3126.789 rows=228371 loops=1)
        Buckets: 131072  Batches: 4  Memory Usage: 3252kB
        ->  Hash Join  (cost=98842.62..138636.70 rows=276875 width=8) (actual time=1993.068..3054.376 rows=228371 loops=1)
              Hash Cond: (mi_idx.movie_id = t.id)
              ->  Seq Scan on movie_info_idx mi_idx  (cost=0.00..25185.44 rows=460978 width=4) (actual time=0.021..459.911 rows=459925 loops=1)
                    Filter: (info_type_id = 99)
                    Rows Removed by Filter: 920110
              ->  Hash  (cost=73925.90..73925.90 rows=1518697 width=4) (actual time=1992.179..1992.179 rows=1639682 loops=1)
                    Buckets: 131072  Batches: 32  Memory Usage: 2832kB
                    ->  Seq Scan on title t  (cost=0.00..73925.90 rows=1518697 width=4) (actual time=0.008..1471.187 rows=1639682 loops=1)
                          Filter: ((kind_id > 1) AND (production_year > 1971))
                          Rows Removed by Filter: 888630
Planning time: 1.237 ms
Execution time: 33256.410 ms
