Seq Scan on cast_info ci  (cost=0.00..796071.18 rows=4307192 width=0) (actual time=12872.087..15929.132 rows=4520397 loops=1)
  Filter: ((person_id > 267116) AND (role_id > 9))
  Rows Removed by Filter: 31723947
Planning time: 0.379 ms
Execution time: 16467.081 ms
