Hash Join  (cost=79993.30..210056.50 rows=661616 width=0) (actual time=3175.833..4498.357 rows=129208 loops=1)
  Hash Cond: (mk.movie_id = t.id)
  ->  Seq Scan on movie_keyword mk  (cost=0.00..69693.30 rows=4523930 width=4) (actual time=0.025..1481.632 rows=4523930 loops=1)
  ->  Hash  (cost=73925.90..73925.90 rows=369792 width=4) (actual time=1175.057..1175.057 rows=253766 loops=1)
        Buckets: 131072  Batches: 8  Memory Usage: 2133kB
        ->  Seq Scan on title t  (cost=0.00..73925.90 rows=369792 width=4) (actual time=0.023..1090.318 rows=253766 loops=1)
              Filter: ((production_year < 1986) AND (kind_id = 7))
              Rows Removed by Filter: 2274546
Planning time: 3.935 ms
Execution time: 4514.410 ms
