Hash Join  (cost=460709.11..1530447.59 rows=2961092 width=0) (actual time=8100.715..35756.917 rows=1451590 loops=1)
  Hash Cond: (ci.movie_id = t.id)
  ->  Seq Scan on cast_info ci  (cost=0.00..705507.15 rows=28852383 width=4) (actual time=0.024..16121.677 rows=28926569 loops=1)
        Filter: (person_id > 707229)
        Rows Removed by Filter: 7317775
  ->  Hash  (cost=456451.36..456451.36 rows=259500 width=8) (actual time=8099.861..8099.861 rows=64343 loops=1)
        Buckets: 131072  Batches: 4  Memory Usage: 1646kB
        ->  Hash Join  (cost=96735.51..456451.36 rows=259500 width=8) (actual time=5198.924..8078.750 rows=64343 loops=1)
              Hash Cond: (mi.movie_id = t.id)
              ->  Seq Scan on movie_info mi  (cost=0.00..346232.03 rows=471955 width=4) (actual time=3026.135..5548.030 rows=543367 loops=1)
                    Filter: (info_type_id > 98)
                    Rows Removed by Filter: 14292353
              ->  Hash  (cost=73925.90..73925.90 rows=1390288 width=4) (actual time=2018.096..2018.096 rows=1518592 loops=1)
                    Buckets: 131072  Batches: 32  Memory Usage: 2709kB
                    ->  Seq Scan on title t  (cost=0.00..73925.90 rows=1390288 width=4) (actual time=0.019..1517.907 rows=1518592 loops=1)
                          Filter: ((kind_id > 1) AND (production_year > 1983))
                          Rows Removed by Filter: 1009720
Planning time: 1.186 ms
Execution time: 35929.202 ms
