Hash Join  (cost=80042.24..159183.29 rows=375777 width=0) (actual time=1521.766..3958.507 rows=613215 loops=1)
  Hash Cond: (mc.movie_id = t.id)
  ->  Seq Scan on movie_companies mc  (cost=0.00..57926.93 rows=1253427 width=4) (actual time=0.370..1194.013 rows=1186659 loops=1)
        Filter: ((company_id < 132820) AND (company_type_id = 2))
        Rows Removed by Filter: 1422470
  ->  Hash  (cost=67604.59..67604.59 rows=758052 width=4) (actual time=1520.581..1520.581 rows=753677 loops=1)
        Buckets: 131072  Batches: 16  Memory Usage: 2677kB
        ->  Seq Scan on title t  (cost=0.00..67604.59 rows=758052 width=4) (actual time=0.020..1289.128 rows=753677 loops=1)
              Filter: (kind_id < 3)
              Rows Removed by Filter: 1774635
Planning time: 0.729 ms
Execution time: 4033.499 ms
