Seq Scan on cast_info ci  (cost=0.00..705507.15 rows=500 width=0) (actual time=502.033..10611.238 rows=84 loops=1)
  Filter: (person_id = 2939546)
  Rows Removed by Filter: 36244260
Planning time: 0.363 ms
Execution time: 10611.372 ms
