Hash Join  (cost=915278.98..1405167.06 rows=944815 width=0) (actual time=13295.967..25656.702 rows=1416482 loops=1)
  Hash Cond: (mi.movie_id = t.id)
  ->  Seq Scan on movie_info mi  (cost=0.00..309384.22 rows=14739122 width=4) (actual time=0.028..5921.516 rows=14835720 loops=1)
  ->  Hash  (cost=912618.92..912618.92 rows=162085 width=8) (actual time=13295.173..13295.173 rows=65533 loops=1)
        Buckets: 131072  Batches: 4  Memory Usage: 1669kB
        ->  Hash Join  (cost=102767.86..912618.92 rows=162085 width=8) (actual time=3885.521..13271.540 rows=65533 loops=1)
              Hash Cond: (ci.movie_id = t.id)
              ->  Seq Scan on cast_info ci  (cost=0.00..796071.18 rows=162085 width=4) (actual time=1902.970..10840.704 rows=65533 loops=1)
                    Filter: ((person_id < 1645723) AND (role_id > 10))
                    Rows Removed by Filter: 36178811
              ->  Hash  (cost=61283.27..61283.27 rows=2528527 width=4) (actual time=1980.264..1980.264 rows=2528312 loops=1)
                    Buckets: 131072  Batches: 64  Memory Usage: 2415kB
                    ->  Seq Scan on title t  (cost=0.00..61283.27 rows=2528527 width=4) (actual time=2.009..1133.146 rows=2528312 loops=1)
Planning time: 1.169 ms
Execution time: 25825.895 ms
