Hash Join  (cost=154297.45..974731.62 rows=2274 width=0) (actual time=2932.376..17928.088 rows=32065 loops=1)
  Hash Cond: (ci.movie_id = t.id)
  ->  Seq Scan on cast_info ci  (cost=0.00..796071.18 rows=4868050 width=4) (actual time=0.022..13405.437 rows=10241003 loops=1)
        Filter: ((person_id > 2617355) AND (role_id > 2))
        Rows Removed by Filter: 26003341
  ->  Hash  (cost=154282.68..154282.68 rows=1181 width=8) (actual time=2931.620..2931.620 rows=5598 loops=1)
        Buckets: 8192 (originally 2048)  Batches: 1 (originally 1)  Memory Usage: 283kB
        ->  Hash Join  (cost=67612.84..154282.68 rows=1181 width=8) (actual time=1101.920..2929.204 rows=5598 loops=1)
              Hash Cond: (mk.movie_id = t.id)
              ->  Seq Scan on movie_keyword mk  (cost=0.00..69693.30 rows=4523930 width=4) (actual time=0.020..1004.326 rows=4523930 loops=1)
              ->  Hash  (cost=67604.59..67604.59 rows=660 width=4) (actual time=1100.675..1100.675 rows=3515 loops=1)
                    Buckets: 4096 (originally 1024)  Batches: 1 (originally 1)  Memory Usage: 156kB
                    ->  Seq Scan on title t  (cost=0.00..67604.59 rows=660 width=4) (actual time=0.160..1098.769 rows=3515 loops=1)
                          Filter: (production_year > 2013)
                          Rows Removed by Filter: 2524797
Planning time: 1.162 ms
Execution time: 17933.193 ms
