Hash Join  (cost=202713.11..1097560.79 rows=515268 width=0) (actual time=4056.658..23978.777 rows=472756 loops=1)
  Hash Cond: (ci.movie_id = t.id)
  ->  Seq Scan on cast_info ci  (cost=0.00..796071.18 rows=7252366 width=4) (actual time=0.022..15091.812 rows=10936732 loops=1)
        Filter: ((person_id > 1995455) AND (role_id > 2))
        Rows Removed by Filter: 25307612
  ->  Hash  (cost=199765.53..199765.53 rows=179647 width=8) (actual time=4055.376..4055.376 rows=30858 loops=1)
        Buckets: 131072  Batches: 4  Memory Usage: 1318kB
        ->  Hash Join  (cost=75574.02..199765.53 rows=179647 width=8) (actual time=2760.693..4044.129 rows=30858 loops=1)
              Hash Cond: (mk.movie_id = t.id)
              ->  Seq Scan on movie_keyword mk  (cost=0.00..69693.30 rows=4523930 width=4) (actual time=0.016..1369.060 rows=4523930 loops=1)
              ->  Hash  (cost=73925.90..73925.90 rows=100409 width=4) (actual time=1317.108..1317.108 rows=110402 loops=1)
                    Buckets: 131072  Batches: 2  Memory Usage: 2970kB
                    ->  Seq Scan on title t  (cost=0.00..73925.90 rows=100409 width=4) (actual time=206.001..1271.746 rows=110402 loops=1)
                          Filter: ((kind_id = 7) AND (production_year = 2012))
                          Rows Removed by Filter: 2417910
Planning time: 1.476 ms
Execution time: 24038.057 ms
