Seq Scan on movie_keyword mk  (cost=0.00..81003.12 rows=246 width=0) (actual time=15.814..1297.526 rows=1213 loops=1)
  Filter: (keyword_id = 59190)
  Rows Removed by Filter: 4522717
Planning time: 0.327 ms
Execution time: 1297.913 ms
