Hash Join  (cost=198461.41..560103.09 rows=272303 width=0) (actual time=5125.440..10284.175 rows=625611 loops=1)
  Hash Cond: (mi.movie_id = t.id)
  ->  Seq Scan on movie_info mi  (cost=0.00..346232.03 rows=809768 width=4) (actual time=857.492..5299.373 rows=802140 loops=1)
        Filter: (info_type_id < 2)
        Rows Removed by Filter: 14033580
  ->  Hash  (cost=184510.96..184510.96 rows=850276 width=8) (actual time=4267.135..4267.135 rows=844154 loops=1)
        Buckets: 131072  Batches: 16  Memory Usage: 3113kB
        ->  Hash Join  (cost=102767.86..184510.96 rows=850276 width=8) (actual time=1932.702..4005.453 rows=844154 loops=1)
              Hash Cond: (mc.movie_id = t.id)
              ->  Seq Scan on movie_companies mc  (cost=0.00..51404.11 rows=850276 width=4) (actual time=0.032..922.665 rows=844154 loops=1)
                    Filter: (company_id < 2281)
                    Rows Removed by Filter: 1764975
              ->  Hash  (cost=61283.27..61283.27 rows=2528527 width=4) (actual time=1930.681..1930.681 rows=2528312 loops=1)
                    Buckets: 131072  Batches: 64  Memory Usage: 2415kB
                    ->  Seq Scan on title t  (cost=0.00..61283.27 rows=2528527 width=4) (actual time=0.015..1060.135 rows=2528312 loops=1)
Planning time: 1.198 ms
Execution time: 10363.083 ms
