Seq Scan on title t  (cost=0.00..73925.90 rows=539421 width=0) (actual time=0.027..970.024 rows=459810 loops=1)
  Filter: ((kind_id < 7) AND (production_year > 2000))
  Rows Removed by Filter: 2068502
Planning time: 0.335 ms
Execution time: 1020.501 ms
