Seq Scan on movie_companies mc  (cost=0.00..57926.93 rows=1108338 width=0) (actual time=0.024..1113.569 rows=1274246 loops=1)
  Filter: ((company_id < 87856) AND (company_type_id < 2))
  Rows Removed by Filter: 1334883
Planning time: 0.344 ms
Execution time: 1268.767 ms
