Hash Join  (cost=73961.74..160671.08 rows=5130 width=106) (actual time=1392.416..3409.897 rows=19643 loops=1)
  Hash Cond: (mk.movie_id = t.id)
  ->  Seq Scan on movie_keyword mk  (cost=0.00..69693.30 rows=4523930 width=12) (actual time=0.023..1158.978 rows=4523930 loops=1)
  ->  Hash  (cost=73925.90..73925.90 rows=2867 width=94) (actual time=1391.982..1391.982 rows=3043 loops=1)
        Buckets: 4096  Batches: 1  Memory Usage: 365kB
        ->  Seq Scan on title t  (cost=0.00..73925.90 rows=2867 width=94) (actual time=0.141..1390.075 rows=3043 loops=1)
              Filter: ((kind_id < 6) AND (production_year = 1952))
              Rows Removed by Filter: 2525269
Planning time: 5.284 ms
Execution time: 3411.208 ms
