Hash Join  (cost=205616.99..1092688.62 rows=2002057 width=0) (actual time=8784.806..28235.916 rows=8090692 loops=1)
  Hash Cond: (ci.movie_id = t.id)
  ->  Seq Scan on cast_info ci  (cost=0.00..796071.18 rows=5846101 width=4) (actual time=3562.536..14608.808 rows=11903321 loops=1)
        Filter: ((person_id < 1633292) AND (role_id = 1))
        Rows Removed by Filter: 24341023
  ->  Hash  (cost=191409.99..191409.99 rows=865920 width=8) (actual time=5221.181..5221.181 rows=1070548 loops=1)
        Buckets: 131072  Batches: 16  Memory Usage: 3635kB
        ->  Hash Join  (cost=102767.86..191409.99 rows=865920 width=8) (actual time=2524.922..4943.070 rows=1070548 loops=1)
              Hash Cond: (mc.movie_id = t.id)
              ->  Seq Scan on movie_companies mc  (cost=0.00..57926.93 rows=865920 width=4) (actual time=0.041..1214.913 rows=1070548 loops=1)
                    Filter: ((company_id > 3012) AND (company_type_id = 2))
                    Rows Removed by Filter: 1538581
              ->  Hash  (cost=61283.27..61283.27 rows=2528527 width=4) (actual time=2465.965..2465.965 rows=2528312 loops=1)
                    Buckets: 131072  Batches: 64  Memory Usage: 2415kB
                    ->  Seq Scan on title t  (cost=0.00..61283.27 rows=2528527 width=4) (actual time=0.019..1016.657 rows=2528312 loops=1)
Planning time: 1.169 ms
Execution time: 29134.175 ms
