Hash Join  (cost=163484.99..917120.17 rows=284608 width=0) (actual time=2785.843..20483.326 rows=530429 loops=1)
  Hash Cond: (ci.movie_id = t.id)
  ->  Seq Scan on cast_info ci  (cost=0.00..614943.12 rows=36225612 width=4) (actual time=0.025..8716.866 rows=36244344 loops=1)
  ->  Hash  (cost=163236.68..163236.68 rows=19865 width=8) (actual time=2785.494..2785.494 rows=17488 loops=1)
        Buckets: 32768  Batches: 1  Memory Usage: 940kB
        ->  Hash Join  (cost=78556.72..163236.68 rows=19865 width=8) (actual time=1509.021..2778.499 rows=17488 loops=1)
              Hash Cond: (mk.movie_id = t.id)
              ->  Seq Scan on movie_keyword mk  (cost=0.00..81003.12 rows=75248 width=4) (actual time=0.049..1121.159 rows=72496 loops=1)
                    Filter: (keyword_id = 335)
                    Rows Removed by Filter: 4451434
              ->  Hash  (cost=67604.59..67604.59 rows=667531 width=4) (actual time=1506.518..1506.518 rows=662825 loops=1)
                    Buckets: 131072  Batches: 16  Memory Usage: 2486kB
                    ->  Seq Scan on title t  (cost=0.00..67604.59 rows=667531 width=4) (actual time=0.016..803.571 rows=662825 loops=1)
                          Filter: (kind_id < 2)
                          Rows Removed by Filter: 1865487
Planning time: 1.130 ms
Execution time: 20564.891 ms
