Hash Join  (cost=94699.36..954309.50 rows=27084 width=0) (actual time=2676.828..20873.480 rows=63113 loops=1)
  Hash Cond: (ci.movie_id = t.id)
  ->  Seq Scan on cast_info ci  (cost=0.00..796071.18 rows=16871498 width=4) (actual time=1190.272..16057.256 rows=20760301 loops=1)
        Filter: ((person_id > 987416) AND (role_id > 1))
        Rows Removed by Filter: 15484043
  ->  Hash  (cost=94648.62..94648.62 rows=4059 width=8) (actual time=1485.932..1485.932 rows=5458 loops=1)
        Buckets: 8192 (originally 4096)  Batches: 1 (originally 1)  Memory Usage: 278kB
        ->  Hash Join  (cost=67697.55..94648.62 rows=4059 width=8) (actual time=907.438..1483.719 rows=5458 loops=1)
              Hash Cond: (mi_idx.movie_id = t.id)
              ->  Seq Scan on movie_info_idx mi_idx  (cost=0.00..21735.35 rows=1380035 width=4) (actual time=0.019..284.155 rows=1380035 loops=1)
              ->  Hash  (cost=67604.59..67604.59 rows=7437 width=4) (actual time=907.081..907.081 rows=8628 loops=1)
                    Buckets: 16384 (originally 8192)  Batches: 1 (originally 1)  Memory Usage: 432kB
                    ->  Seq Scan on title t  (cost=0.00..67604.59 rows=7437 width=4) (actual time=0.156..902.464 rows=8628 loops=1)
                          Filter: (production_year = 1956)
                          Rows Removed by Filter: 2519684
Planning time: 1.196 ms
Execution time: 20884.027 ms
