Seq Scan on cast_info ci  (cost=0.00..705507.15 rows=13526180 width=0) (actual time=0.020..11686.063 rows=13479376 loops=1)
  Filter: (person_id < 1328926)
  Rows Removed by Filter: 22764968
Planning time: 0.324 ms
Execution time: 13312.568 ms
