Hash Join  (cost=52284.60..803081.22 rows=745 width=0) (actual time=11933.148..15863.367 rows=2 loops=1)
  Hash Cond: (ci.movie_id = t.id)
  ->  Seq Scan on cast_info ci  (cost=0.00..614943.12 rows=36225612 width=4) (actual time=0.021..8219.255 rows=36244344 loops=1)
  ->  Hash  (cost=52283.95..52283.95 rows=52 width=8) (actual time=780.666..780.666 rows=16 loops=1)
        Buckets: 1024  Batches: 1  Memory Usage: 9kB
        ->  Nested Loop  (cost=0.43..52283.95 rows=52 width=8) (actual time=3.906..780.633 rows=16 loops=1)
              ->  Seq Scan on movie_companies mc  (cost=0.00..51404.11 rows=104 width=4) (actual time=3.879..780.048 rows=16 loops=1)
                    Filter: (company_id = 29577)
                    Rows Removed by Filter: 2609113
              ->  Index Scan using title_pkey on title t  (cost=0.43..8.45 rows=1 width=4) (actual time=0.030..0.031 rows=1 loops=16)
                    Index Cond: (id = mc.movie_id)
                    Filter: (production_year < 2004)
Planning time: 0.941 ms
Execution time: 15863.497 ms
