Hash Join  (cost=150774.17..237629.99 rows=19779 width=0) (actual time=2447.689..4141.604 rows=101908 loops=1)
  Hash Cond: (mk.movie_id = t.id)
  ->  Seq Scan on movie_keyword mk  (cost=0.00..69693.30 rows=4523930 width=4) (actual time=0.014..905.934 rows=4523930 loops=1)
  ->  Hash  (cost=150635.98..150635.98 rows=11055 width=8) (actual time=2446.885..2446.885 rows=5954 loops=1)
        Buckets: 16384  Batches: 1  Memory Usage: 361kB
        ->  Hash Join  (cost=88716.22..150635.98 rows=11055 width=8) (actual time=1582.342..2444.555 rows=5954 loops=1)
              Hash Cond: (mc.movie_id = t.id)
              ->  Seq Scan on movie_companies mc  (cost=0.00..57926.93 rows=31007 width=4) (actual time=88.248..788.997 rows=55497 loops=1)
                    Filter: ((company_id = 6) AND (company_type_id = 1))
                    Rows Removed by Filter: 2553632
              ->  Hash  (cost=73925.90..73925.90 rows=901465 width=4) (actual time=1493.430..1493.430 rows=822656 loops=1)
                    Buckets: 131072  Batches: 16  Memory Usage: 2832kB
                    ->  Seq Scan on title t  (cost=0.00..73925.90 rows=901465 width=4) (actual time=0.029..1220.618 rows=822656 loops=1)
                          Filter: ((kind_id < 7) AND (production_year > 1946))
                          Rows Removed by Filter: 1705656
Planning time: 1.087 ms
Execution time: 4154.126 ms
