Seq Scan on movie_companies mc  (cost=0.00..57926.93 rows=125816 width=0) (actual time=0.121..937.762 rows=55374 loops=1)
  Filter: ((company_id < 108) AND (company_type_id = 2))
  Rows Removed by Filter: 2553755
Planning time: 0.350 ms
Execution time: 945.287 ms
