Seq Scan on movie_keyword mk  (cost=0.00..81003.12 rows=246 width=0) (actual time=8.084..970.107 rows=361 loops=1)
  Filter: (keyword_id = 4919)
  Rows Removed by Filter: 4523569
Planning time: 0.352 ms
Execution time: 970.321 ms
