Hash Join  (cost=102767.86..283572.65 rows=3737087 width=0) (actual time=2050.019..6916.609 rows=3733700 loops=1)
  Hash Cond: (mk.movie_id = t.id)
  ->  Seq Scan on movie_keyword mk  (cost=0.00..81003.12 rows=3737087 width=4) (actual time=0.025..1771.177 rows=3733700 loops=1)
        Filter: (keyword_id > 750)
        Rows Removed by Filter: 790230
  ->  Hash  (cost=61283.27..61283.27 rows=2528527 width=4) (actual time=2047.638..2047.638 rows=2528312 loops=1)
        Buckets: 131072  Batches: 64  Memory Usage: 2425kB
        ->  Seq Scan on title t  (cost=0.00..61283.27 rows=2528527 width=4) (actual time=0.025..1158.942 rows=2528312 loops=1)
Planning time: 1.433 ms
Execution time: 7359.365 ms
