Seq Scan on movie_companies mc  (cost=0.00..57926.93 rows=463059 width=0) (actual time=0.024..979.200 rows=787623 loops=1)
  Filter: ((company_id > 20319) AND (company_type_id > 1))
  Rows Removed by Filter: 1821506
Planning time: 0.325 ms
Execution time: 1079.997 ms
