Seq Scan on cast_info ci  (cost=0.00..705507.15 rows=500 width=0) (actual time=4716.444..11197.066 rows=1 loops=1)
  Filter: (person_id = 2975581)
  Rows Removed by Filter: 36244343
Planning time: 1.284 ms
Execution time: 11197.149 ms
