Seq Scan on movie_keyword mk  (cost=0.00..81003.12 rows=246 width=0) (actual time=3.677..1250.835 rows=231 loops=1)
  Filter: (keyword_id = 9443)
  Rows Removed by Filter: 4523699
Planning time: 0.337 ms
Execution time: 1251.049 ms
