Seq Scan on movie_companies mc  (cost=0.00..57926.93 rows=786631 width=0) (actual time=0.022..899.599 rows=571156 loops=1)
  Filter: ((company_id > 4876) AND (company_type_id < 2))
  Rows Removed by Filter: 2037973
Planning time: 0.290 ms
Execution time: 973.095 ms
