Hash Join  (cost=450792.15..489548.68 rows=62005 width=0) (actual time=7650.227..8762.763 rows=431897 loops=1)
  Hash Cond: (mi_idx.movie_id = t.id)
  ->  Seq Scan on movie_info_idx mi_idx  (cost=0.00..21735.35 rows=1380035 width=4) (actual time=0.024..444.576 rows=1380035 loops=1)
  ->  Hash  (cost=448928.06..448928.06 rows=113607 width=8) (actual time=7649.349..7649.349 rows=143557 loops=1)
        Buckets: 131072  Batches: 2  Memory Usage: 3822kB
        ->  Hash Join  (cost=93117.31..448928.06 rows=113607 width=8) (actual time=6225.280..7602.110 rows=143557 loops=1)
              Hash Cond: (mi.movie_id = t.id)
              ->  Seq Scan on movie_info mi  (cost=0.00..346232.03 rows=184730 width=4) (actual time=4201.949..5197.175 rows=180112 loops=1)
                    Filter: (info_type_id = 13)
                    Rows Removed by Filter: 14655608
              ->  Hash  (cost=67604.59..67604.59 rows=1555018 width=4) (actual time=2014.453..2014.453 rows=1551727 loops=1)
                    Buckets: 131072  Batches: 32  Memory Usage: 2737kB
                    ->  Seq Scan on title t  (cost=0.00..67604.59 rows=1555018 width=4) (actual time=0.029..1467.641 rows=1551727 loops=1)
                          Filter: (production_year < 2007)
                          Rows Removed by Filter: 976585
Planning time: 1.161 ms
Execution time: 8815.541 ms
