Hash Join  (cost=74467.58..101460.68 rows=7900 width=0) (actual time=1097.281..1726.633 rows=11858 loops=1)
  Hash Cond: (mi_idx.movie_id = t.id)
  ->  Seq Scan on movie_info_idx mi_idx  (cost=0.00..25185.44 rows=460978 width=4) (actual time=0.019..492.535 rows=459925 loops=1)
        Filter: (info_type_id < 100)
        Rows Removed by Filter: 920110
  ->  Hash  (cost=73925.90..73925.90 rows=43334 width=4) (actual time=1096.925..1096.925 rows=35836 loops=1)
        Buckets: 65536  Batches: 1  Memory Usage: 1772kB
        ->  Seq Scan on title t  (cost=0.00..73925.90 rows=43334 width=4) (actual time=0.026..1082.277 rows=35836 loops=1)
              Filter: ((kind_id < 4) AND (production_year = 2009))
              Rows Removed by Filter: 2492476
Planning time: 1.675 ms
Execution time: 1728.829 ms
