Hash Join  (cost=141871.66..228868.52 rows=33883 width=0) (actual time=2246.795..4122.175 rows=53286 loops=1)
  Hash Cond: (mk.movie_id = t.id)
  ->  Seq Scan on movie_keyword mk  (cost=0.00..69693.30 rows=4523930 width=4) (actual time=0.013..1033.609 rows=4523930 loops=1)
  ->  Hash  (cost=141634.93..141634.93 rows=18938 width=8) (actual time=2246.380..2246.380 rows=8768 loops=1)
        Buckets: 32768  Batches: 1  Memory Usage: 599kB
        ->  Hash Join  (cost=80569.13..141634.93 rows=18938 width=8) (actual time=1301.385..2242.924 rows=8768 loops=1)
              Hash Cond: (mc.movie_id = t.id)
              ->  Seq Scan on movie_companies mc  (cost=0.00..57926.93 rows=118263 width=4) (actual time=0.030..841.589 rows=53070 loops=1)
                    Filter: ((company_id < 92) AND (company_type_id = 2))
                    Rows Removed by Filter: 2556059
              ->  Hash  (cost=73925.90..73925.90 rows=404898 width=4) (actual time=1296.961..1296.961 rows=477683 loops=1)
                    Buckets: 131072  Batches: 8  Memory Usage: 3135kB
                    ->  Seq Scan on title t  (cost=0.00..73925.90 rows=404898 width=4) (actual time=0.027..1145.461 rows=477683 loops=1)
                          Filter: ((kind_id < 3) AND (production_year < 2005))
                          Rows Removed by Filter: 2050629
Planning time: 1.118 ms
Execution time: 4129.599 ms
