Hash Join  (cost=74465.79..932307.60 rows=269111 width=0) (actual time=1040.211..20795.510 rows=230770 loops=1)
  Hash Cond: (ci.movie_id = t.id)
  ->  Seq Scan on cast_info ci  (cost=0.00..796071.18 rows=15754537 width=4) (actual time=0.026..15360.725 rows=17901570 loops=1)
        Filter: ((person_id < 1984927) AND (role_id < 8))
        Rows Removed by Filter: 18342774
  ->  Hash  (cost=73925.90..73925.90 rows=43191 width=4) (actual time=1037.336..1037.336 rows=29779 loops=1)
        Buckets: 65536  Batches: 1  Memory Usage: 1559kB
        ->  Seq Scan on title t  (cost=0.00..73925.90 rows=43191 width=4) (actual time=7.991..1024.307 rows=29779 loops=1)
              Filter: ((kind_id < 4) AND (production_year = 2008))
              Rows Removed by Filter: 2498533
Planning time: 0.754 ms
Execution time: 20832.690 ms
