Hash Join  (cost=158758.68..506728.64 rows=4478 width=0) (actual time=12755.427..24592.150 rows=18006 loops=1)
  Hash Cond: (mi.movie_id = t.id)
  ->  Seq Scan on movie_info mi  (cost=0.00..346232.03 rows=451508 width=4) (actual time=5056.848..16778.370 rows=474443 loops=1)
        Filter: (info_type_id = 6)
        Rows Removed by Filter: 14361277
  ->  Hash  (cost=158445.23..158445.23 rows=25076 width=8) (actual time=7670.731..7670.731 rows=23016 loops=1)
        Buckets: 32768  Batches: 1  Memory Usage: 1156kB
        ->  Hash Join  (cost=69179.59..158445.23 rows=25076 width=8) (actual time=3216.573..7662.251 rows=23016 loops=1)
              Hash Cond: (mk.movie_id = t.id)
              ->  Seq Scan on movie_keyword mk  (cost=0.00..81003.12 rows=660468 width=4) (actual time=0.033..4111.072 rows=667172 loops=1)
                    Filter: (keyword_id > 28089)
                    Rows Removed by Filter: 3856758
              ->  Hash  (cost=67604.59..67604.59 rows=96000 width=4) (actual time=3208.799..3208.799 rows=95005 loops=1)
                    Buckets: 131072  Batches: 2  Memory Usage: 2722kB
                    ->  Seq Scan on title t  (cost=0.00..67604.59 rows=96000 width=4) (actual time=0.023..3163.722 rows=95005 loops=1)
                          Filter: (production_year = 2005)
                          Rows Removed by Filter: 2433307
Planning time: 7.042 ms
Execution time: 24595.098 ms
