Seq Scan on cast_info ci  (cost=0.00..796071.18 rows=435 width=0) (actual time=6546.350..14776.959 rows=8 loops=1)
  Filter: ((role_id < 10) AND (person_id = 690120))
  Rows Removed by Filter: 36244336
Planning time: 0.252 ms
Execution time: 14777.062 ms
