Hash Join  (cost=83810.17..167068.69 rows=706916 width=0) (actual time=3935.663..8576.813 rows=1276936 loops=1)
  Hash Cond: (mc.movie_id = t.id)
  ->  Seq Scan on movie_companies mc  (cost=0.00..51404.11 rows=1809665 width=4) (actual time=0.022..2891.446 rows=1803130 loops=1)
        Filter: (company_id < 29733)
        Rows Removed by Filter: 805999
  ->  Hash  (cost=67604.59..67604.59 rows=987727 width=4) (actual time=3934.963..3934.963 rows=985048 loops=1)
        Buckets: 131072  Batches: 16  Memory Usage: 3188kB
        ->  Seq Scan on title t  (cost=0.00..67604.59 rows=987727 width=4) (actual time=0.025..3542.052 rows=985048 loops=1)
              Filter: (kind_id < 7)
              Rows Removed by Filter: 1543264
Planning time: 10.890 ms
Execution time: 8763.621 ms
