Hash Join  (cost=539508.61..710794.58 rows=3581002 width=0) (actual time=11024.665..20884.329 rows=26370360 loops=1)
  Hash Cond: (mk.movie_id = t.id)
  ->  Seq Scan on movie_keyword mk  (cost=0.00..69693.30 rows=4523930 width=4) (actual time=0.017..1450.548 rows=4523930 loops=1)
  ->  Hash  (cost=506670.83..506670.83 rows=2001503 width=8) (actual time=11023.718..11023.718 rows=2109178 loops=1)
        Buckets: 131072  Batches: 32  Memory Usage: 3673kB
        ->  Hash Join  (cost=94666.80..506670.83 rows=2001503 width=8) (actual time=1840.738..10381.600 rows=2109178 loops=1)
              Hash Cond: (mi.movie_id = t.id)
              ->  Seq Scan on movie_info mi  (cost=0.00..346232.03 rows=3068194 width=4) (actual time=0.023..5923.176 rows=3036719 loops=1)
                    Filter: (info_type_id = 16)
                    Rows Removed by Filter: 11799001
              ->  Hash  (cost=67604.59..67604.59 rows=1649457 width=4) (actual time=1839.937..1839.937 rows=1643514 loops=1)
                    Buckets: 131072  Batches: 32  Memory Usage: 2839kB
                    ->  Seq Scan on title t  (cost=0.00..67604.59 rows=1649457 width=4) (actual time=0.010..1280.017 rows=1643514 loops=1)
                          Filter: (production_year > 1994)
                          Rows Removed by Filter: 884798
Planning time: 1.114 ms
Execution time: 23910.851 ms
