Seq Scan on movie_companies mc  (cost=0.00..51404.11 rows=581019 width=0) (actual time=28.150..879.937 rows=587364 loops=1)
  Filter: (company_id > 70900)
  Rows Removed by Filter: 2021765
Planning time: 0.271 ms
Execution time: 952.831 ms
