Hash Join  (cost=209080.36..1240625.68 rows=6400229 width=0) (actual time=11025.505..78598.718 rows=20064947 loops=1)
  Hash Cond: (ci.movie_id = t.id)
  ->  Seq Scan on cast_info ci  (cost=0.00..705507.15 rows=22418628 width=4) (actual time=0.019..46521.153 rows=22451590 loops=1)
        Filter: (person_id > 1357829)
        Rows Removed by Filter: 13792754
  ->  Hash  (cost=197237.09..197237.09 rows=721862 width=8) (actual time=11023.217..11023.217 rows=941201 loops=1)
        Buckets: 131072  Batches: 16  Memory Usage: 3355kB
        ->  Hash Join  (cost=84417.00..197237.09 rows=721862 width=8) (actual time=4971.436..10719.810 rows=941201 loops=1)
              Hash Cond: (mk.movie_id = t.id)
              ->  Seq Scan on movie_keyword mk  (cost=0.00..81003.12 rows=1781158 width=4) (actual time=0.014..4278.906 rows=1783062 loops=1)
                    Filter: (keyword_id > 7773)
                    Rows Removed by Filter: 2740868
              ->  Hash  (cost=67604.59..67604.59 rows=1024753 width=4) (actual time=4967.530..4967.530 rows=1021752 loops=1)
                    Buckets: 131072  Batches: 16  Memory Usage: 3281kB
                    ->  Seq Scan on title t  (cost=0.00..67604.59 rows=1024753 width=4) (actual time=15.414..4502.541 rows=1021752 loops=1)
                          Filter: (production_year < 2000)
                          Rows Removed by Filter: 1506560
Planning time: 1.174 ms
Execution time: 81442.053 ms
