Seq Scan on cast_info ci  (cost=0.00..796071.18 rows=324 width=0) (actual time=9488.211..13480.103 rows=143 loops=1)
  Filter: ((role_id > 1) AND (person_id = 3364307))
  Rows Removed by Filter: 36244201
Planning time: 0.406 ms
Execution time: 13480.275 ms
