Hash Join  (cost=70342.62..998524.90 rows=709854 width=0) (actual time=21017.585..50185.290 rows=484739 loops=1)
  Hash Cond: (ci.movie_id = t.id)
  ->  Seq Scan on cast_info ci  (cost=0.00..796071.18 rows=10755348 width=4) (actual time=17725.184..41815.818 rows=8671339 loops=1)
        Filter: ((person_id > 534239) AND (role_id < 2))
        Rows Removed by Filter: 27573005
  ->  Hash  (cost=67604.59..67604.59 rows=166883 width=4) (actual time=3291.027..3291.027 rows=168947 loops=1)
        Buckets: 131072  Batches: 4  Memory Usage: 2507kB
        ->  Seq Scan on title t  (cost=0.00..67604.59 rows=166883 width=4) (actual time=0.052..3209.348 rows=168947 loops=1)
              Filter: (production_year < 1951)
              Rows Removed by Filter: 2359365
Planning time: 0.829 ms
Execution time: 50257.500 ms
