Hash Join  (cost=970253.08..1416031.84 rows=2990026 width=0) (actual time=45665.662..65318.950 rows=4778103 loops=1)
  Hash Cond: (mi.movie_id = t.id)
  ->  Seq Scan on movie_info mi  (cost=0.00..346232.03 rows=4972096 width=4) (actual time=3691.860..16777.839 rows=4923966 loops=1)
        Filter: (info_type_id < 5)
        Rows Removed by Filter: 9911754
  ->  Hash  (cost=945306.10..945306.10 rows=1520558 width=8) (actual time=41972.691..41972.691 rows=1952062 loops=1)
        Buckets: 131072  Batches: 32  Memory Usage: 3418kB
        ->  Hash Join  (cost=102767.86..945306.10 rows=1520558 width=8) (actual time=12855.323..41294.600 rows=1952062 loops=1)
              Hash Cond: (ci.movie_id = t.id)
              ->  Seq Scan on cast_info ci  (cost=0.00..796071.18 rows=1520558 width=4) (actual time=7744.876..33850.131 rows=1952062 loops=1)
                    Filter: ((person_id < 260138) AND (role_id < 3))
                    Rows Removed by Filter: 34292282
              ->  Hash  (cost=61283.27..61283.27 rows=2528527 width=4) (actual time=5109.238..5109.238 rows=2528312 loops=1)
                    Buckets: 131072  Batches: 64  Memory Usage: 2415kB
                    ->  Seq Scan on title t  (cost=0.00..61283.27 rows=2528527 width=4) (actual time=0.014..3910.588 rows=2528312 loops=1)
Planning time: 12.541 ms
Execution time: 65978.901 ms
