Hash Join  (cost=102767.86..188332.06 rows=1009113 width=0) (actual time=4976.323..9502.938 rows=1018322 loops=1)
  Hash Cond: (mc.movie_id = t.id)
  ->  Seq Scan on movie_companies mc  (cost=0.00..51404.11 rows=1009113 width=4) (actual time=0.024..2884.138 rows=1018322 loops=1)
        Filter: (company_id > 16066)
        Rows Removed by Filter: 1590807
  ->  Hash  (cost=61283.27..61283.27 rows=2528527 width=4) (actual time=4975.119..4975.119 rows=2528312 loops=1)
        Buckets: 131072  Batches: 64  Memory Usage: 2415kB
        ->  Seq Scan on title t  (cost=0.00..61283.27 rows=2528527 width=4) (actual time=0.021..3867.674 rows=2528312 loops=1)
Planning time: 0.720 ms
Execution time: 9646.663 ms
