Seq Scan on movie_companies mc  (cost=0.00..57926.93 rows=597749 width=0) (actual time=0.021..2832.393 rows=806930 loops=1)
  Filter: ((company_id < 11137) AND (company_type_id = 1))
  Rows Removed by Filter: 1802199
Planning time: 0.350 ms
Execution time: 2961.718 ms
