Nested Loop  (cost=72397.51..166515.68 rows=775 width=0) (actual time=4410.997..8897.453 rows=13881 loops=1)
  ->  Hash Join  (cost=72397.08..160250.94 rows=10430 width=8) (actual time=4410.859..8264.826 rows=14128 loops=1)
        Hash Cond: (mk.movie_id = mc.movie_id)
        ->  Seq Scan on movie_keyword mk  (cost=0.00..81003.12 rows=3921 width=4) (actual time=0.510..3404.503 rows=3195 loops=1)
              Filter: (keyword_id = 438)
              Rows Removed by Filter: 4520735
        ->  Hash  (cost=51404.11..51404.11 rows=1279517 width=4) (actual time=4388.007..4388.007 rows=1274246 loops=1)
              Buckets: 131072  Batches: 32  Memory Usage: 2474kB
              ->  Seq Scan on movie_companies mc  (cost=0.00..51404.11 rows=1279517 width=4) (actual time=0.015..3318.362 rows=1274246 loops=1)
                    Filter: (company_type_id = 1)
                    Rows Removed by Filter: 1334883
  ->  Index Scan using title_pkey on title t  (cost=0.43..0.59 rows=1 width=4) (actual time=0.044..0.044 rows=1 loops=14128)
        Index Cond: (id = mc.movie_id)
        Filter: (kind_id < 7)
        Rows Removed by Filter: 0
Planning time: 1.224 ms
Execution time: 8900.200 ms
