Seq Scan on title t  (cost=0.00..67604.59 rows=7437 width=0) (actual time=0.026..850.861 rows=23799 loops=1)
  Filter: (production_year = 1991)
  Rows Removed by Filter: 2504513
Planning time: 0.336 ms
Execution time: 854.975 ms
