Seq Scan on cast_info ci  (cost=0.00..796071.18 rows=101 width=0) (actual time=19639.459..31204.769 rows=1 loops=1)
  Filter: ((person_id = 2124218) AND (role_id = 2))
  Rows Removed by Filter: 36244343
Planning time: 0.428 ms
Execution time: 31204.866 ms
