Hash Join  (cost=467813.85..1438757.31 rows=2959764 width=0) (actual time=23460.434..79748.904 rows=8769358 loops=1)
  Hash Cond: (ci.movie_id = t.id)
  ->  Seq Scan on cast_info ci  (cost=0.00..796071.18 rows=12359636 width=4) (actual time=1562.850..46990.071 rows=11990427 loops=1)
        Filter: ((person_id > 95489) AND (role_id = 1))
        Rows Removed by Filter: 24253917
  ->  Hash  (cost=457879.01..457879.01 rows=605507 width=8) (actual time=21896.274..21896.274 rows=1519569 loops=1)
        Buckets: 131072 (originally 131072)  Batches: 32 (originally 8)  Memory Usage: 3073kB
        ->  Hash Join  (cost=83810.17..457879.01 rows=605507 width=8) (actual time=7873.328..21367.988 rows=1519569 loops=1)
              Hash Cond: (mi.movie_id = t.id)
              ->  Seq Scan on movie_info mi  (cost=0.00..346232.03 rows=1550064 width=4) (actual time=3913.682..15107.892 rows=1533909 loops=1)
                    Filter: (info_type_id = 3)
                    Rows Removed by Filter: 13301811
              ->  Hash  (cost=67604.59..67604.59 rows=987727 width=4) (actual time=3958.729..3958.729 rows=985048 loops=1)
                    Buckets: 131072  Batches: 16  Memory Usage: 3197kB
                    ->  Seq Scan on title t  (cost=0.00..67604.59 rows=987727 width=4) (actual time=0.039..3491.407 rows=985048 loops=1)
                          Filter: (kind_id < 7)
                          Rows Removed by Filter: 1543264
Planning time: 1.308 ms
Execution time: 80929.922 ms
