Hash Join  (cost=83074.74..850002.19 rows=1593 width=0) (actual time=12701.133..42840.237 rows=1009 loops=1)
  Hash Cond: (ci.movie_id = t.id)
  ->  Seq Scan on cast_info ci  (cost=0.00..705507.15 rows=16374496 width=4) (actual time=9223.111..35705.726 rows=16507524 loops=1)
        Filter: (person_id > 1978723)
        Rows Removed by Filter: 19736820
  ->  Hash  (cost=83071.67..83071.67 rows=246 width=8) (actual time=3475.732..3475.732 rows=49 loops=1)
        Buckets: 1024  Batches: 1  Memory Usage: 10kB
        ->  Nested Loop  (cost=0.43..83071.67 rows=246 width=8) (actual time=289.575..3475.648 rows=49 loops=1)
              ->  Seq Scan on movie_keyword mk  (cost=0.00..81003.12 rows=246 width=4) (actual time=289.430..3470.021 rows=49 loops=1)
                    Filter: (keyword_id = 3813)
                    Rows Removed by Filter: 4523881
              ->  Index Only Scan using title_pkey on title t  (cost=0.43..8.40 rows=1 width=4) (actual time=0.107..0.108 rows=1 loops=49)
                    Index Cond: (id = mk.movie_id)
                    Heap Fetches: 49
Planning time: 11.865 ms
Execution time: 42841.103 ms
