Hash Join  (cost=263115.61..1313962.15 rows=10351383 width=0) (actual time=12500.128..61152.738 rows=13412593 loops=1)
  Hash Cond: (ci.movie_id = t.id)
  ->  Seq Scan on cast_info ci  (cost=0.00..796071.18 rows=10031605 width=4) (actual time=0.033..40529.484 rows=5498604 loops=1)
        Filter: ((person_id < 2270381) AND (role_id > 2))
        Rows Removed by Filter: 30745740
  ->  Hash  (cost=220309.49..220309.49 rows=2609129 width=8) (actual time=12497.487..12497.487 rows=2609129 loops=1)
        Buckets: 131072  Batches: 64  Memory Usage: 2610kB
        ->  Hash Join  (cost=102767.86..220309.49 rows=2609129 width=8) (actual time=5524.517..11645.255 rows=2609129 loops=1)
              Hash Cond: (mc.movie_id = t.id)
              ->  Seq Scan on movie_companies mc  (cost=0.00..44881.29 rows=2609129 width=4) (actual time=0.021..3069.870 rows=2609129 loops=1)
              ->  Hash  (cost=61283.27..61283.27 rows=2528527 width=4) (actual time=5523.018..5523.018 rows=2528312 loops=1)
                    Buckets: 131072  Batches: 64  Memory Usage: 2415kB
                    ->  Seq Scan on title t  (cost=0.00..61283.27 rows=2528527 width=4) (actual time=0.010..4289.986 rows=2528312 loops=1)
Planning time: 6.929 ms
Execution time: 62960.630 ms
