Seq Scan on movie_keyword mk  (cost=0.00..81003.12 rows=3786600 width=0) (actual time=0.035..4895.869 rows=3778970 loops=1)
  Filter: (keyword_id < 25174)
  Rows Removed by Filter: 744960
Planning time: 0.364 ms
Execution time: 5563.452 ms
