Seq Scan on movie_keyword mk  (cost=0.00..81003.12 rows=134371 width=0) (actual time=0.035..3038.257 rows=131103 loops=1)
  Filter: (keyword_id > 76223)
  Rows Removed by Filter: 4392827
Planning time: 2.261 ms
Execution time: 3058.672 ms
