Seq Scan on movie_info mi  (cost=0.00..346232.03 rows=1066676 width=0) (actual time=7903.626..17755.413 rows=1121972 loops=1)
  Filter: (info_type_id > 62)
  Rows Removed by Filter: 13713748
Planning time: 0.284 ms
Execution time: 17911.375 ms
