Hash Join  (cost=73987.23..160733.05 rows=8778 width=0) (actual time=5520.825..7867.247 rows=3577 loops=1)
  Hash Cond: (mk.movie_id = t.id)
  ->  Seq Scan on movie_keyword mk  (cost=0.00..69693.30 rows=4523930 width=4) (actual time=0.016..3440.019 rows=4523930 loops=1)
  ->  Hash  (cost=73925.90..73925.90 rows=4906 width=4) (actual time=3291.505..3291.505 rows=5845 loops=1)
        Buckets: 8192  Batches: 1  Memory Usage: 270kB
        ->  Seq Scan on title t  (cost=0.00..73925.90 rows=4906 width=4) (actual time=0.105..3288.333 rows=5845 loops=1)
              Filter: ((kind_id > 3) AND (production_year = 1957))
              Rows Removed by Filter: 2522467
Planning time: 0.637 ms
Execution time: 7867.819 ms
