Seq Scan on movie_companies mc  (cost=0.00..57926.93 rows=420369 width=0) (actual time=0.024..984.304 rows=747715 loops=1)
  Filter: ((company_id > 26911) AND (company_type_id > 1))
  Rows Removed by Filter: 1861414
Planning time: 0.332 ms
Execution time: 1077.113 ms
