Hash Join  (cost=111622.37..939965.53 rows=103685 width=0) (actual time=26058.612..52517.265 rows=464680 loops=1)
  Hash Cond: (ci.movie_id = t.id)
  ->  Seq Scan on cast_info ci  (cost=0.00..796071.18 rows=2668036 width=4) (actual time=19779.565..43329.979 rows=4671402 loops=1)
        Filter: ((person_id > 1953440) AND (role_id > 8))
        Rows Removed by Filter: 31572942
  ->  Hash  (cost=110010.08..110010.08 rows=98263 width=8) (actual time=6277.729..6277.729 rows=64063 loops=1)
        Buckets: 131072  Batches: 2  Memory Usage: 2272kB
        ->  Hash Join  (cost=76379.89..110010.08 rows=98263 width=8) (actual time=4076.089..6254.434 rows=64063 loops=1)
              Hash Cond: (mi_idx.movie_id = t.id)
              ->  Seq Scan on movie_info_idx mi_idx  (cost=0.00..25185.44 rows=464566 width=4) (actual time=0.028..1730.124 rows=459925 loops=1)
                    Filter: (info_type_id = 101)
                    Rows Removed by Filter: 920110
              ->  Hash  (cost=67604.59..67604.59 rows=534824 width=4) (actual time=4075.098..4075.098 rows=533369 loops=1)
                    Buckets: 131072  Batches: 8  Memory Usage: 3369kB
                    ->  Seq Scan on title t  (cost=0.00..67604.59 rows=534824 width=4) (actual time=0.027..3845.526 rows=533369 loops=1)
                          Filter: (production_year > 2009)
                          Rows Removed by Filter: 1994943
Planning time: 1.092 ms
Execution time: 52606.140 ms
