Seq Scan on cast_info ci  (cost=0.00..796071.18 rows=2767050 width=0) (actual time=6334.320..42230.851 rows=3818371 loops=1)
  Filter: ((person_id > 1282505) AND (role_id = 10))
  Rows Removed by Filter: 32425973
Planning time: 5.336 ms
Execution time: 42912.036 ms
