Seq Scan on cast_info ci  (cost=0.00..796071.18 rows=603171 width=0) (actual time=7251.846..35394.329 rows=1367780 loops=1)
  Filter: ((person_id > 3796294) AND (role_id > 2))
  Rows Removed by Filter: 34876564
Planning time: 0.295 ms
Execution time: 35657.739 ms
