Hash Join  (cost=74530.73..101705.29 rows=26408 width=0) (actual time=3766.012..5664.779 rows=10347 loops=1)
  Hash Cond: (mi_idx.movie_id = t.id)
  ->  Seq Scan on movie_info_idx mi_idx  (cost=0.00..21735.35 rows=1380035 width=4) (actual time=0.008..1426.536 rows=1380035 loops=1)
  ->  Hash  (cost=73925.90..73925.90 rows=48386 width=4) (actual time=3765.658..3765.658 rows=45023 loops=1)
        Buckets: 65536  Batches: 1  Memory Usage: 2095kB
        ->  Seq Scan on title t  (cost=0.00..73925.90 rows=48386 width=4) (actual time=0.023..3742.352 rows=45023 loops=1)
              Filter: ((kind_id > 1) AND (production_year = 2013))
              Rows Removed by Filter: 2483289
Planning time: 0.661 ms
Execution time: 5666.471 ms
