Nested Loop  (cost=0.43..114572.17 rows=2757 width=0) (actual time=3132.381..4361.705 rows=176 loops=1)
  ->  Seq Scan on movie_keyword mk  (cost=0.00..81003.12 rows=4524 width=4) (actual time=0.047..3391.381 rows=5235 loops=1)
        Filter: (keyword_id = 816)
        Rows Removed by Filter: 4518695
  ->  Index Scan using title_pkey on title t  (cost=0.43..7.41 rows=1 width=4) (actual time=0.185..0.185 rows=0 loops=5235)
        Index Cond: (id = mk.movie_id)
        Filter: (kind_id = 7)
        Rows Removed by Filter: 1
Planning time: 14.679 ms
Execution time: 4361.898 ms
