Nested Loop  (cost=0.43..52284.21 rows=52 width=0) (actual time=418.179..2552.788 rows=59 loops=1)
  ->  Seq Scan on movie_companies mc  (cost=0.00..51404.11 rows=104 width=4) (actual time=143.726..2522.869 rows=125 loops=1)
        Filter: (company_id = 584)
        Rows Removed by Filter: 2609004
  ->  Index Scan using title_pkey on title t  (cost=0.43..8.45 rows=1 width=4) (actual time=0.235..0.235 rows=0 loops=125)
        Index Cond: (id = mc.movie_id)
        Filter: ((kind_id > 1) AND (production_year > 1992))
        Rows Removed by Filter: 1
Planning time: 24.468 ms
Execution time: 2552.974 ms
