Seq Scan on cast_info ci  (cost=0.00..796071.18 rows=8120803 width=0) (actual time=9448.253..38809.610 rows=4959139 loops=1)
  Filter: ((person_id < 1788142) AND (role_id > 2))
  Rows Removed by Filter: 31285205
Planning time: 6.392 ms
Execution time: 39643.469 ms
