Hash Join  (cost=160834.05..522509.96 rows=10293 width=0) (actual time=22857.768..25607.401 rows=3246 loops=1)
  Hash Cond: (mi.movie_id = t.id)
  ->  Seq Scan on movie_info mi  (cost=0.00..346232.03 rows=3068194 width=4) (actual time=12296.168..16797.652 rows=3036719 loops=1)
        Filter: (info_type_id = 16)
        Rows Removed by Filter: 11799001
  ->  Hash  (cost=160728.03..160728.03 rows=8482 width=8) (actual time=8137.835..8137.835 rows=3443 loops=1)
        Buckets: 16384  Batches: 1  Memory Usage: 263kB
        ->  Hash Join  (cost=73985.17..160728.03 rows=8482 width=8) (actual time=3376.430..8132.785 rows=3443 loops=1)
              Hash Cond: (mk.movie_id = t.id)
              ->  Seq Scan on movie_keyword mk  (cost=0.00..69693.30 rows=4523930 width=4) (actual time=0.031..3530.025 rows=4523930 loops=1)
              ->  Hash  (cost=73925.90..73925.90 rows=4741 width=4) (actual time=3373.402..3373.402 rows=11233 loops=1)
                    Buckets: 16384 (originally 8192)  Batches: 1 (originally 1)  Memory Usage: 523kB
                    ->  Seq Scan on title t  (cost=0.00..73925.90 rows=4741 width=4) (actual time=1674.558..3368.225 rows=11233 loops=1)
                          Filter: ((kind_id < 7) AND (production_year < 1903))
                          Rows Removed by Filter: 2517079
Planning time: 40.953 ms
Execution time: 25608.261 ms
