Hash Join  (cost=128036.11..621214.56 rows=1253253 width=0) (actual time=7463.592..36651.277 rows=4221179 loops=1)
  Hash Cond: (mi.movie_id = t.id)
  ->  Seq Scan on movie_info mi  (cost=0.00..309384.22 rows=14739122 width=4) (actual time=0.023..18912.829 rows=14835720 loops=1)
  ->  Hash  (cost=124508.63..124508.63 rows=214998 width=8) (actual time=7462.737..7462.737 rows=264875 loops=1)
        Buckets: 131072  Batches: 4  Memory Usage: 3627kB
        ->  Hash Join  (cost=87245.25..124508.63 rows=214998 width=8) (actual time=4864.228..7347.319 rows=264875 loops=1)
              Hash Cond: (mi_idx.movie_id = t.id)
              ->  Seq Scan on movie_info_idx mi_idx  (cost=0.00..25185.44 rows=454124 width=4) (actual time=0.016..1761.007 rows=459925 loops=1)
                    Filter: (info_type_id = 100)
                    Rows Removed by Filter: 920110
              ->  Hash  (cost=67604.59..67604.59 rows=1197093 width=4) (actual time=4862.934..4862.934 rows=1195923 loops=1)
                    Buckets: 131072  Batches: 16  Memory Usage: 3653kB
                    ->  Seq Scan on title t  (cost=0.00..67604.59 rows=1197093 width=4) (actual time=0.022..4303.673 rows=1195923 loops=1)
                          Filter: (production_year < 2003)
                          Rows Removed by Filter: 1332389
Planning time: 1.093 ms
Execution time: 37355.694 ms
