Hash Join  (cost=83810.17..150109.57 rows=113953 width=0) (actual time=4216.299..7610.451 rows=417565 loops=1)
  Hash Cond: (mc.movie_id = t.id)
  ->  Seq Scan on movie_companies mc  (cost=0.00..57926.93 rows=291714 width=4) (actual time=5.734..2697.591 rows=574952 loops=1)
        Filter: ((company_id > 71168) AND (company_type_id = 2))
        Rows Removed by Filter: 2034177
  ->  Hash  (cost=67604.59..67604.59 rows=987727 width=4) (actual time=4201.653..4201.653 rows=985048 loops=1)
        Buckets: 131072  Batches: 16  Memory Usage: 3188kB
        ->  Seq Scan on title t  (cost=0.00..67604.59 rows=987727 width=4) (actual time=0.028..3769.772 rows=985048 loops=1)
              Filter: (kind_id < 7)
              Rows Removed by Filter: 1543264
Planning time: 6.212 ms
Execution time: 7662.734 ms
