Seq Scan on movie_keyword mk  (cost=0.00..81003.12 rows=246 width=0) (actual time=16.906..3647.791 rows=245 loops=1)
  Filter: (keyword_id = 4907)
  Rows Removed by Filter: 4523685
Planning time: 0.407 ms
Execution time: 3648.063 ms
