Hash Join  (cost=82581.58..1184102.86 rows=4637832 width=0) (actual time=4407.864..71778.907 rows=4919530 loops=1)
  Hash Cond: (ci.movie_id = t.id)
  ->  Seq Scan on cast_info ci  (cost=0.00..796071.18 rows=22227941 width=4) (actual time=0.019..48837.786 rows=21574607 loops=1)
        Filter: ((person_id < 3669249) AND (role_id > 1))
        Rows Removed by Filter: 14669737
  ->  Hash  (cost=73925.90..73925.90 rows=527574 width=4) (actual time=4406.903..4406.903 rows=609532 loops=1)
        Buckets: 131072  Batches: 8  Memory Usage: 3715kB
        ->  Seq Scan on title t  (cost=0.00..73925.90 rows=527574 width=4) (actual time=0.021..4113.907 rows=609532 loops=1)
              Filter: ((kind_id < 7) AND (production_year < 2005))
              Rows Removed by Filter: 1918780
Planning time: 0.901 ms
Execution time: 72524.121 ms
