Seq Scan on movie_keyword mk  (cost=0.00..81003.12 rows=1222076 width=0) (actual time=0.027..3940.346 rows=1231193 loops=1)
  Filter: (keyword_id > 14722)
  Rows Removed by Filter: 3292737
Planning time: 0.268 ms
Execution time: 4179.269 ms
