Seq Scan on movie_keyword mk  (cost=0.00..81003.12 rows=246 width=0) (actual time=0.451..3605.340 rows=1529 loops=1)
  Filter: (keyword_id = 41)
  Rows Removed by Filter: 4522401
Planning time: 0.308 ms
Execution time: 3605.884 ms
