Seq Scan on cast_info ci  (cost=0.00..796071.18 rows=15533187 width=0) (actual time=0.021..14933.565 rows=11203171 loops=1)
  Filter: ((person_id < 2448201) AND (role_id > 1))
  Rows Removed by Filter: 25041173
Planning time: 0.353 ms
Execution time: 16336.472 ms
