Seq Scan on cast_info ci  (cost=0.00..796071.18 rows=16611625 width=0) (actual time=0.025..41731.063 rows=16647184 loops=1)
  Filter: ((person_id > 1936527) AND (role_id < 11))
  Rows Removed by Filter: 19597160
Planning time: 0.293 ms
Execution time: 44624.174 ms
