Seq Scan on movie_keyword mk  (cost=0.00..81003.12 rows=1657736 width=0) (actual time=0.024..4033.642 rows=1664109 loops=1)
  Filter: (keyword_id > 8753)
  Rows Removed by Filter: 2859821
Planning time: 4.113 ms
Execution time: 4318.929 ms
