Hash Join  (cost=178046.12..312796.15 rows=1046299 width=0) (actual time=11954.104..15367.847 rows=1073320 loops=1)
  Hash Cond: (mk.movie_id = t.id)
  ->  Seq Scan on movie_keyword mk  (cost=0.00..69693.30 rows=4523930 width=4) (actual time=0.007..4097.163 rows=4523930 loops=1)
  ->  Hash  (cost=168451.12..168451.12 rows=584800 width=8) (actual time=8171.668..8171.668 rows=447515 loops=1)
        Buckets: 131072  Batches: 8  Memory Usage: 3199kB
        ->  Hash Join  (cost=92883.59..168451.12 rows=584800 width=8) (actual time=4675.474..7794.496 rows=447515 loops=1)
              Hash Cond: (mc.movie_id = t.id)
              ->  Seq Scan on movie_companies mc  (cost=0.00..51404.11 rows=959685 width=4) (actual time=0.019..2354.275 rows=960106 loops=1)
                    Filter: (company_id < 3909)
                    Rows Removed by Filter: 1649023
              ->  Hash  (cost=67604.59..67604.59 rows=1540800 width=4) (actual time=4252.744..4252.744 rows=1543264 loops=1)
                    Buckets: 131072  Batches: 32  Memory Usage: 2722kB
                    ->  Seq Scan on title t  (cost=0.00..67604.59 rows=1540800 width=4) (actual time=0.024..3561.947 rows=1543264 loops=1)
                          Filter: (kind_id = 7)
                          Rows Removed by Filter: 985048
Planning time: 1.094 ms
Execution time: 15525.371 ms
