Nested Loop  (cost=32636.42..830504.59 rows=5 width=0) (actual time=34473.483..34551.043 rows=3 loops=1)
  Join Filter: (ci.movie_id = t.id)
  ->  Hash Join  (cost=32635.99..830489.99 rows=17 width=8) (actual time=34457.610..34544.298 rows=15 loops=1)
        Hash Cond: (ci.movie_id = mi_idx.movie_id)
        ->  Seq Scan on cast_info ci  (cost=0.00..796071.18 rows=38 width=4) (actual time=33064.517..33068.355 rows=30 loops=1)
              Filter: ((person_id = 337078) AND (role_id = 4))
              Rows Removed by Filter: 36244314
        ->  Hash  (cost=25185.44..25185.44 rows=454124 width=4) (actual time=1392.319..1392.319 rows=459925 loops=1)
              Buckets: 131072  Batches: 8  Memory Usage: 3050kB
              ->  Seq Scan on movie_info_idx mi_idx  (cost=0.00..25185.44 rows=454124 width=4) (actual time=0.015..1221.574 rows=459925 loops=1)
                    Filter: (info_type_id = 100)
                    Rows Removed by Filter: 920110
  ->  Index Scan using title_pkey on title t  (cost=0.43..0.85 rows=1 width=4) (actual time=0.446..0.446 rows=0 loops=15)
        Index Cond: (id = mi_idx.movie_id)
        Filter: (production_year < 2009)
        Rows Removed by Filter: 1
Planning time: 1.236 ms
Execution time: 34551.199 ms
