Hash Join  (cost=1018504.83..3912503.85 rows=142196290 width=0) (actual time=51557.716..216153.313 rows=305987203 loops=1)
  Hash Cond: (ci.movie_id = t.id)
  ->  Seq Scan on cast_info ci  (cost=0.00..705507.15 rows=24394069 width=4) (actual time=2453.741..49029.279 rows=24496580 loops=1)
        Filter: (person_id > 1153799)
        Rows Removed by Filter: 11747764
  ->  Hash  (cost=776690.81..776690.81 rows=14739122 width=8) (actual time=49080.285..49080.285 rows=14835720 loops=1)
        Buckets: 131072  Batches: 256  Memory Usage: 3268kB
        ->  Hash Join  (cost=102767.86..776690.81 rows=14739122 width=8) (actual time=4878.426..43856.560 rows=14835720 loops=1)
              Hash Cond: (mi.movie_id = t.id)
              ->  Seq Scan on movie_info mi  (cost=0.00..309384.22 rows=14739122 width=4) (actual time=0.025..22228.586 rows=14835720 loops=1)
              ->  Hash  (cost=61283.27..61283.27 rows=2528527 width=4) (actual time=4877.350..4877.350 rows=2528312 loops=1)
                    Buckets: 131072  Batches: 64  Memory Usage: 2425kB
                    ->  Seq Scan on title t  (cost=0.00..61283.27 rows=2528527 width=4) (actual time=0.015..3328.447 rows=2528312 loops=1)
Planning time: 1.173 ms
Execution time: 257799.852 ms
