Hash Join  (cost=223202.07..1408591.47 rows=10348226 width=0) (actual time=11641.862..87320.366 rows=7671058 loops=1)
  Hash Cond: (ci.movie_id = t.id)
  ->  Seq Scan on cast_info ci  (cost=0.00..614943.12 rows=36225612 width=4) (actual time=0.019..47733.059 rows=36244344 loops=1)
  ->  Hash  (cost=211351.32..211351.32 rows=722300 width=8) (actual time=11639.998..11639.998 rows=176814 loops=1)
        Buckets: 131072  Batches: 16  Memory Usage: 1458kB
        ->  Hash Join  (cost=80549.28..211351.32 rows=722300 width=8) (actual time=8397.170..11312.559 rows=176814 loops=1)
              Hash Cond: (mk.movie_id = t.id)
              ->  Seq Scan on movie_keyword mk  (cost=0.00..69693.30 rows=4523930 width=4) (actual time=0.024..4840.176 rows=4523930 loops=1)
              ->  Hash  (cost=73925.90..73925.90 rows=403710 width=4) (actual time=3746.356..3746.356 rows=434218 loops=1)
                    Buckets: 131072  Batches: 8  Memory Usage: 2941kB
                    ->  Seq Scan on title t  (cost=0.00..73925.90 rows=403710 width=4) (actual time=567.693..3552.282 rows=434218 loops=1)
                          Filter: ((production_year > 2008) AND (kind_id = 7))
                          Rows Removed by Filter: 2094094
Planning time: 7.283 ms
Execution time: 88452.657 ms
