Seq Scan on movie_keyword mk  (cost=0.00..81003.12 rows=3921 width=0) (actual time=0.254..1202.459 rows=3129 loops=1)
  Filter: (keyword_id = 1767)
  Rows Removed by Filter: 4520801
Planning time: 0.365 ms
Execution time: 1203.357 ms
