Hash Join  (cost=139597.14..215183.24 rows=343688 width=0) (actual time=7781.908..13198.687 rows=2063599 loops=1)
  Hash Cond: (mc.movie_id = t.id)
  ->  Seq Scan on movie_companies mc  (cost=0.00..51404.11 rows=1612029 width=4) (actual time=0.091..3580.125 rows=1607239 loops=1)
        Filter: (company_id > 4670)
        Rows Removed by Filter: 1001890
  ->  Hash  (cost=130752.54..130752.54 rows=539088 width=8) (actual time=7780.850..7780.850 rows=954317 loops=1)
        Buckets: 131072 (originally 131072)  Batches: 16 (originally 8)  Memory Usage: 3354kB
        ->  Hash Join  (cost=83810.17..130752.54 rows=539088 width=8) (actual time=4497.000..7454.961 rows=954317 loops=1)
              Hash Cond: (mi_idx.movie_id = t.id)
              ->  Seq Scan on movie_info_idx mi_idx  (cost=0.00..21735.35 rows=1380035 width=4) (actual time=0.021..1499.703 rows=1380035 loops=1)
              ->  Hash  (cost=67604.59..67604.59 rows=987727 width=4) (actual time=4496.118..4496.118 rows=985048 loops=1)
                    Buckets: 131072  Batches: 16  Memory Usage: 3188kB
                    ->  Seq Scan on title t  (cost=0.00..67604.59 rows=987727 width=4) (actual time=0.012..4093.742 rows=985048 loops=1)
                          Filter: (kind_id < 7)
                          Rows Removed by Filter: 1543264
Planning time: 1.111 ms
Execution time: 13501.664 ms
