Hash Join  (cost=131756.90..211309.21 rows=326579 width=0) (actual time=6622.536..11669.786 rows=1587252 loops=1)
  Hash Cond: (mc.movie_id = t.id)
  ->  Seq Scan on movie_companies mc  (cost=0.00..44881.29 rows=2609129 width=4) (actual time=0.024..3199.355 rows=2609129 loops=1)
  ->  Hash  (cost=126563.77..126563.77 rows=316490 width=8) (actual time=6621.617..6621.617 rows=481644 loops=1)
        Buckets: 131072  Batches: 8  Memory Usage: 3385kB
        ->  Hash Join  (cost=83440.39..126563.77 rows=316490 width=8) (actual time=4073.442..6468.177 rows=481644 loops=1)
              Hash Cond: (mi_idx.movie_id = t.id)
              ->  Seq Scan on movie_info_idx mi_idx  (cost=0.00..21735.35 rows=1380035 width=4) (actual time=0.007..1390.229 rows=1380035 loops=1)
              ->  Hash  (cost=73925.90..73925.90 rows=579879 width=4) (actual time=4072.598..4072.598 rows=492958 loops=1)
                    Buckets: 131072  Batches: 8  Memory Usage: 3188kB
                    ->  Seq Scan on title t  (cost=0.00..73925.90 rows=579879 width=4) (actual time=0.012..3890.140 rows=492958 loops=1)
                          Filter: ((kind_id < 7) AND (production_year > 1998))
                          Rows Removed by Filter: 2035354
Planning time: 1.115 ms
Execution time: 11852.567 ms
