Hash Join  (cost=165587.13..291613.61 rows=330244 width=0) (actual time=7897.486..14260.616 rows=317517 loops=1)
  Hash Cond: (mk.movie_id = t.id)
  ->  Seq Scan on movie_keyword mk  (cost=0.00..69693.30 rows=4523930 width=4) (actual time=0.020..4077.602 rows=4523930 loops=1)
  ->  Hash  (cost=162557.87..162557.87 rows=184581 width=8) (actual time=7896.334..7896.334 rows=168521 loops=1)
        Buckets: 131072  Batches: 4  Memory Usage: 2678kB
        ->  Hash Join  (cost=92883.59..162557.87 rows=184581 width=8) (actual time=5643.780..7840.043 rows=168521 loops=1)
              Hash Cond: (mc.movie_id = t.id)
              ->  Seq Scan on movie_companies mc  (cost=0.00..57926.93 rows=302907 width=4) (actual time=1127.209..2657.294 rows=597097 loops=1)
                    Filter: ((company_id > 67505) AND (company_type_id > 1))
                    Rows Removed by Filter: 2012032
              ->  Hash  (cost=67604.59..67604.59 rows=1540800 width=4) (actual time=4515.491..4515.491 rows=1543264 loops=1)
                    Buckets: 131072  Batches: 32  Memory Usage: 2722kB
                    ->  Seq Scan on title t  (cost=0.00..67604.59 rows=1540800 width=4) (actual time=0.032..3958.949 rows=1543264 loops=1)
                          Filter: (kind_id = 7)
                          Rows Removed by Filter: 985048
Planning time: 19.971 ms
Execution time: 14297.949 ms
