Seq Scan on movie_companies mc  (cost=0.00..57926.93 rows=51 width=0) (actual time=351.650..2606.271 rows=285 loops=1)
  Filter: ((company_type_id < 2) AND (company_id = 13638))
  Rows Removed by Filter: 2608844
Planning time: 20.656 ms
Execution time: 2606.452 ms
