Seq Scan on movie_companies mc  (cost=0.00..57926.93 rows=2172 width=0) (actual time=22.162..1903.932 rows=3133 loops=1)
  Filter: ((company_id = 11387) AND (company_type_id = 2))
  Rows Removed by Filter: 2605996
Planning time: 0.359 ms
Execution time: 1904.641 ms
