Seq Scan on movie_info mi  (cost=0.00..346232.03 rows=13681581 width=0) (actual time=379.391..20512.652 rows=13720340 loops=1)
  Filter: (info_type_id < 64)
  Rows Removed by Filter: 1115380
Planning time: 0.304 ms
Execution time: 22994.807 ms
