Seq Scan on movie_keyword mk  (cost=0.00..81003.12 rows=2654197 width=0) (actual time=0.026..4472.134 rows=2646705 loops=1)
  Filter: (keyword_id < 7304)
  Rows Removed by Filter: 1877225
Planning time: 0.312 ms
Execution time: 4891.977 ms
