Nested Loop  (cost=0.43..709674.40 rows=19 width=0) (actual time=3470.125..31269.380 rows=15 loops=1)
  ->  Seq Scan on cast_info ci  (cost=0.00..705507.15 rows=500 width=4) (actual time=3470.041..31253.703 rows=73 loops=1)
        Filter: (person_id = 3270632)
        Rows Removed by Filter: 36244271
  ->  Index Scan using title_pkey on title t  (cost=0.43..8.32 rows=1 width=4) (actual time=0.214..0.214 rows=0 loops=73)
        Index Cond: (id = ci.movie_id)
        Filter: ((production_year > 1913) AND (kind_id = 3))
        Rows Removed by Filter: 1
Planning time: 0.787 ms
Execution time: 31269.489 ms
