Seq Scan on cast_info ci  (cost=0.00..796071.18 rows=1074288 width=0) (actual time=12315.498..15016.634 rows=2143821 loops=1)
  Filter: ((person_id < 289348) AND (role_id < 2))
  Rows Removed by Filter: 34100523
Planning time: 0.312 ms
Execution time: 15266.839 ms
