Seq Scan on movie_companies mc  (cost=0.00..51404.11 rows=104 width=0) (actual time=236.339..1850.565 rows=151 loops=1)
  Filter: (company_id = 48992)
  Rows Removed by Filter: 2608978
Planning time: 0.313 ms
Execution time: 1850.707 ms
