Hash Join  (cost=709675.59..736587.13 rows=106 width=0) (actual time=27662.301..28634.257 rows=24 loops=1)
  Hash Cond: (mi_idx.movie_id = t.id)
  ->  Seq Scan on movie_info_idx mi_idx  (cost=0.00..21735.35 rows=1380035 width=4) (actual time=0.020..892.250 rows=1380035 loops=1)
  ->  Hash  (cost=709673.15..709673.15 rows=195 width=8) (actual time=27455.281..27455.281 rows=12 loops=1)
        Buckets: 1024  Batches: 1  Memory Usage: 9kB
        ->  Nested Loop  (cost=0.43..709673.15 rows=195 width=8) (actual time=4712.405..27455.194 rows=12 loops=1)
              ->  Seq Scan on cast_info ci  (cost=0.00..705507.15 rows=500 width=4) (actual time=4712.255..27452.052 rows=214 loops=1)
                    Filter: (person_id = 56015)
                    Rows Removed by Filter: 36244130
              ->  Index Scan using title_pkey on title t  (cost=0.43..8.32 rows=1 width=4) (actual time=0.014..0.014 rows=0 loops=214)
                    Index Cond: (id = ci.movie_id)
                    Filter: (kind_id < 7)
                    Rows Removed by Filter: 1
Planning time: 1.162 ms
Execution time: 28634.399 ms
