Hash Join  (cost=74078.47..160954.88 rows=21837 width=0) (actual time=1071.902..2842.574 rows=50498 loops=1)
  Hash Cond: (mk.movie_id = t.id)
  ->  Seq Scan on movie_keyword mk  (cost=0.00..69693.30 rows=4523930 width=4) (actual time=0.024..915.155 rows=4523930 loops=1)
  ->  Hash  (cost=73925.90..73925.90 rows=12205 width=4) (actual time=1070.758..1070.758 rows=8293 loops=1)
        Buckets: 16384  Batches: 1  Memory Usage: 420kB
        ->  Seq Scan on title t  (cost=0.00..73925.90 rows=12205 width=4) (actual time=0.316..1066.779 rows=8293 loops=1)
              Filter: ((kind_id < 3) AND (production_year = 1997))
              Rows Removed by Filter: 2520019
Planning time: 0.735 ms
Execution time: 2849.463 ms
