Hash Join  (cost=74394.67..432587.47 rows=45505 width=0) (actual time=3193.941..7952.679 rows=60958 loops=1)
  Hash Cond: (mi.movie_id = t.id)
  ->  Seq Scan on movie_info mi  (cost=0.00..346232.03 rows=3068194 width=4) (actual time=1924.120..5975.030 rows=3036719 loops=1)
        Filter: (info_type_id = 16)
        Rows Removed by Filter: 11799001
  ->  Hash  (cost=73925.90..73925.90 rows=37501 width=4) (actual time=1268.494..1268.494 rows=32253 loops=1)
        Buckets: 65536  Batches: 1  Memory Usage: 1646kB
        ->  Seq Scan on title t  (cost=0.00..73925.90 rows=37501 width=4) (actual time=0.028..1254.313 rows=32253 loops=1)
              Filter: ((kind_id < 7) AND (production_year = 2005))
              Rows Removed by Filter: 2496059
Planning time: 0.807 ms
Execution time: 7961.760 ms
