Hash Join  (cost=303449.07..895223.41 rows=10168237 width=0) (actual time=7046.540..34082.546 rows=66174840 loops=1)
  Hash Cond: (mi.movie_id = t.id)
  ->  Seq Scan on movie_info mi  (cost=0.00..346232.03 rows=9476311 width=4) (actual time=528.711..6667.620 rows=9565151 loops=1)
        Filter: (info_type_id < 16)
        Rows Removed by Filter: 5270569
  ->  Hash  (cost=258935.69..258935.69 rows=2713151 width=8) (actual time=6517.130..6517.130 rows=2710357 loops=1)
        Buckets: 131072  Batches: 64  Memory Usage: 2775kB
        ->  Hash Join  (cost=102767.86..258935.69 rows=2713151 width=8) (actual time=1994.930..5879.437 rows=2710357 loops=1)
              Hash Cond: (mk.movie_id = t.id)
              ->  Seq Scan on movie_keyword mk  (cost=0.00..81003.12 rows=2713151 width=4) (actual time=0.025..1688.697 rows=2710357 loops=1)
                    Filter: (keyword_id < 7663)
                    Rows Removed by Filter: 1813573
              ->  Hash  (cost=61283.27..61283.27 rows=2528527 width=4) (actual time=1993.929..1993.929 rows=2528312 loops=1)
                    Buckets: 131072  Batches: 64  Memory Usage: 2425kB
                    ->  Seq Scan on title t  (cost=0.00..61283.27 rows=2528527 width=4) (actual time=0.010..1115.701 rows=2528312 loops=1)
Planning time: 0.831 ms
Execution time: 41241.516 ms
