Hash Join  (cost=433328.88..1498729.29 rows=606632 width=0) (actual time=7590.321..30202.503 rows=1258951 loops=1)
  Hash Cond: (ci.movie_id = t.id)
  ->  Seq Scan on cast_info ci  (cost=0.00..705507.15 rows=35382699 width=4) (actual time=0.022..13524.762 rows=35370234 loops=1)
        Filter: (person_id < 3893806)
        Rows Removed by Filter: 874110
  ->  Hash  (cost=432786.99..432786.99 rows=43351 width=8) (actual time=7588.910..7588.910 rows=34409 loops=1)
        Buckets: 65536  Batches: 1  Memory Usage: 1857kB
        ->  Hash Join  (cost=67697.55..432786.99 rows=43351 width=8) (actual time=1208.360..7568.618 rows=34409 loops=1)
              Hash Cond: (mi.movie_id = t.id)
              ->  Seq Scan on movie_info mi  (cost=0.00..309384.22 rows=14739122 width=4) (actual time=0.016..3837.001 rows=14835720 loops=1)
              ->  Hash  (cost=67604.59..67604.59 rows=7437 width=4) (actual time=1070.251..1070.251 rows=2181 loops=1)
                    Buckets: 8192  Batches: 1  Memory Usage: 141kB
                    ->  Seq Scan on title t  (cost=0.00..67604.59 rows=7437 width=4) (actual time=0.075..1069.052 rows=2181 loops=1)
                          Filter: (production_year = 1942)
                          Rows Removed by Filter: 2526131
Planning time: 1.195 ms
Execution time: 30369.033 ms
