Hash Join  (cost=546924.59..1394820.54 rows=1975128 width=0) (actual time=28436.006..69598.496 rows=5687469 loops=1)
  Hash Cond: (ci.movie_id = t.id)
  ->  Seq Scan on cast_info ci  (cost=0.00..705507.15 rows=7846468 width=4) (actual time=0.016..34259.552 rows=7712640 loops=1)
        Filter: (role_id > 6)
        Rows Removed by Filter: 28531704
  ->  Hash  (cost=536481.52..536481.52 rows=636486 width=8) (actual time=28434.752..28434.752 rows=409786 loops=1)
        Buckets: 131072  Batches: 16  Memory Usage: 1990kB
        ->  Hash Join  (cost=70308.29..536481.52 rows=636486 width=8) (actual time=2849.402..27548.498 rows=409786 loops=1)
              Hash Cond: (mi.movie_id = t.id)
              ->  Seq Scan on movie_info mi  (cost=0.00..346232.03 rows=9767026 width=4) (actual time=0.015..19005.239 rows=9911754 loops=1)
                    Filter: (info_type_id > 4)
                    Rows Removed by Filter: 4923966
              ->  Hash  (cost=67604.59..67604.59 rows=164776 width=4) (actual time=2848.652..2848.652 rows=164307 loops=1)
                    Buckets: 131072  Batches: 4  Memory Usage: 2488kB
                    ->  Seq Scan on title t  (cost=0.00..67604.59 rows=164776 width=4) (actual time=0.018..2759.411 rows=164307 loops=1)
                          Filter: (production_year = 2012)
                          Rows Removed by Filter: 2364005
Planning time: 1.104 ms
Execution time: 70348.569 ms
