Seq Scan on title t  (cost=0.00..73925.90 rows=2229 width=0) (actual time=3.498..1065.758 rows=132 loops=1)
  Filter: ((production_year < 1975) AND (kind_id = 6))
  Rows Removed by Filter: 2528180
Planning time: 0.384 ms
Execution time: 1065.964 ms
