Hash Join  (cost=1058951.29..1278838.68 rows=6641862 width=0) (actual time=19202.010..27646.809 rows=20313947 loops=1)
  Hash Cond: (mk.movie_id = t.id)
  ->  Seq Scan on movie_keyword mk  (cost=0.00..69693.30 rows=4523930 width=4) (actual time=0.018..1458.925 rows=4523930 loops=1)
  ->  Hash  (cost=998045.70..998045.70 rows=3712287 width=8) (actual time=19201.232..19201.232 rows=1536298 loops=1)
        Buckets: 131072  Batches: 64  Memory Usage: 2016kB
        ->  Hash Join  (cost=102767.86..998045.70 rows=3712287 width=8) (actual time=2454.339..18718.595 rows=1536298 loops=1)
              Hash Cond: (ci.movie_id = t.id)
              ->  Seq Scan on cast_info ci  (cost=0.00..796071.18 rows=3712287 width=4) (actual time=571.684..15021.267 rows=1536298 loops=1)
                    Filter: ((person_id < 2923082) AND (role_id > 9))
                    Rows Removed by Filter: 34708046
              ->  Hash  (cost=61283.27..61283.27 rows=2528527 width=4) (actual time=1881.508..1881.508 rows=2528312 loops=1)
                    Buckets: 131072  Batches: 64  Memory Usage: 2415kB
                    ->  Seq Scan on title t  (cost=0.00..61283.27 rows=2528527 width=4) (actual time=0.019..1050.054 rows=2528312 loops=1)
Planning time: 1.397 ms
Execution time: 29904.661 ms
