Seq Scan on movie_companies mc  (cost=0.00..51404.11 rows=104 width=0) (actual time=39.457..819.473 rows=197 loops=1)
  Filter: (company_id = 3458)
  Rows Removed by Filter: 2608932
Planning time: 2.496 ms
Execution time: 819.613 ms
