Seq Scan on movie_companies mc  (cost=0.00..51404.11 rows=384739 width=0) (actual time=244.828..883.865 rows=389064 loops=1)
  Filter: (company_id > 83330)
  Rows Removed by Filter: 2220065
Planning time: 0.763 ms
Execution time: 936.185 ms
