Seq Scan on movie_companies mc  (cost=0.00..51404.11 rows=262543 width=0) (actual time=0.012..916.867 rows=259406 loops=1)
  Filter: (company_id < 133)
  Rows Removed by Filter: 2349723
Planning time: 0.320 ms
Execution time: 951.452 ms
