Hash Join  (cost=242895.33..335255.23 rows=1255637 width=0) (actual time=5164.214..9478.129 rows=9328085 loops=1)
  Hash Cond: (mc.movie_id = t.id)
  ->  Seq Scan on movie_companies mc  (cost=0.00..44881.29 rows=2609129 width=4) (actual time=0.019..913.900 rows=2609129 loops=1)
  ->  Hash  (cost=222930.75..222930.75 rows=1216847 width=8) (actual time=5163.353..5163.353 rows=1226374 loops=1)
        Buckets: 131072  Batches: 16  Memory Usage: 4085kB
        ->  Hash Join  (cost=102767.86..222930.75 rows=1216847 width=8) (actual time=1920.111..4794.629 rows=1226374 loops=1)
              Hash Cond: (mk.movie_id = t.id)
              ->  Seq Scan on movie_keyword mk  (cost=0.00..81003.12 rows=1216847 width=4) (actual time=0.012..1477.823 rows=1226374 loops=1)
                    Filter: (keyword_id > 14821)
                    Rows Removed by Filter: 3297556
              ->  Hash  (cost=61283.27..61283.27 rows=2528527 width=4) (actual time=1919.319..1919.319 rows=2528312 loops=1)
                    Buckets: 131072  Batches: 64  Memory Usage: 2425kB
                    ->  Seq Scan on title t  (cost=0.00..61283.27 rows=2528527 width=4) (actual time=0.016..1074.893 rows=2528312 loops=1)
Planning time: 0.892 ms
Execution time: 10457.623 ms
