Hash Join  (cost=439564.87..1310175.08 rows=115761 width=0) (actual time=7967.368..25118.463 rows=1219378 loops=1)
  Hash Cond: (ci.movie_id = t.id)
  ->  Seq Scan on cast_info ci  (cost=0.00..796071.18 rows=7338140 width=4) (actual time=0.023..13765.823 rows=11305385 loops=1)
        Filter: ((person_id > 2569964) AND (role_id > 1))
        Rows Removed by Filter: 24938959
  ->  Hash  (cost=439066.26..439066.26 rows=39889 width=8) (actual time=7966.260..7966.260 rows=76992 loops=1)
        Buckets: 131072 (originally 65536)  Batches: 1 (originally 1)  Memory Usage: 4032kB
        ->  Hash Join  (cost=74011.44..439066.26 rows=39889 width=8) (actual time=596.509..7931.524 rows=76992 loops=1)
              Hash Cond: (mi.movie_id = t.id)
              ->  Seq Scan on movie_info mi  (cost=0.00..309384.22 rows=14739122 width=4) (actual time=0.018..4166.640 rows=14835720 loops=1)
              ->  Hash  (cost=73925.90..73925.90 rows=6843 width=4) (actual time=596.377..596.377 rows=8852 loops=1)
                    Buckets: 16384 (originally 8192)  Batches: 1 (originally 1)  Memory Usage: 440kB
                    ->  Seq Scan on title t  (cost=0.00..73925.90 rows=6843 width=4) (actual time=119.023..593.824 rows=8852 loops=1)
                          Filter: ((production_year < 2005) AND (kind_id = 6))
                          Rows Removed by Filter: 2519460
Planning time: 1.285 ms
Execution time: 25267.101 ms
