Seq Scan on title t  (cost=0.00..67604.59 rows=2323885 width=0) (actual time=0.022..1161.216 rows=2317570 loops=1)
  Filter: (production_year > 1938)
  Rows Removed by Filter: 210742
Planning time: 0.313 ms
Execution time: 1451.889 ms
