Hash Join  (cost=189152.94..293360.61 rows=292690 width=0) (actual time=3874.273..6231.912 rows=513188 loops=1)
  Hash Cond: (mk.movie_id = t.id)
  ->  Seq Scan on movie_keyword mk  (cost=0.00..81003.12 rows=1596972 width=4) (actual time=0.024..1608.838 rows=1606189 loops=1)
        Filter: (keyword_id < 2488)
        Rows Removed by Filter: 2917741
  ->  Hash  (cost=181549.14..181549.14 rows=463424 width=8) (actual time=3873.475..3873.475 rows=275161 loops=1)
        Buckets: 131072  Batches: 8  Memory Usage: 2378kB
        ->  Hash Join  (cost=103574.60..181549.14 rows=463424 width=8) (actual time=2193.322..3781.085 rows=275161 loops=1)
              Hash Cond: (mc.movie_id = t.id)
              ->  Seq Scan on movie_companies mc  (cost=0.00..57926.93 rows=534473 width=4) (actual time=83.506..1015.770 rows=321786 loops=1)
                    Filter: ((company_id < 6089) AND (company_type_id = 2))
                    Rows Removed by Filter: 2287343
              ->  Hash  (cost=67604.59..67604.59 rows=2192401 width=4) (actual time=2108.915..2108.915 rows=2182316 loops=1)
                    Buckets: 131072  Batches: 32  Memory Usage: 3425kB
                    ->  Seq Scan on title t  (cost=0.00..67604.59 rows=2192401 width=4) (actual time=0.027..1416.697 rows=2182316 loops=1)
                          Filter: (production_year > 1962)
                          Rows Removed by Filter: 345996
Planning time: 1.137 ms
Execution time: 6280.921 ms
