Hash Join  (cost=201734.09..340520.51 rows=1377638 width=0) (actual time=4529.776..13416.457 rows=22486557 loops=1)
  Hash Cond: (mk.movie_id = t.id)
  ->  Seq Scan on movie_keyword mk  (cost=0.00..69693.30 rows=4523930 width=4) (actual time=0.013..1380.434 rows=4523930 loops=1)
  ->  Hash  (cost=189101.18..189101.18 rows=769993 width=8) (actual time=4528.980..4528.980 rows=1060339 loops=1)
        Buckets: 131072  Batches: 16  Memory Usage: 3657kB
        ->  Hash Join  (cost=102767.86..189101.18 rows=769993 width=8) (actual time=2030.120..4213.558 rows=1060339 loops=1)
              Hash Cond: (mc.movie_id = t.id)
              ->  Seq Scan on movie_companies mc  (cost=0.00..57926.93 rows=769993 width=4) (actual time=106.995..1074.311 rows=1060339 loops=1)
                    Filter: ((company_id < 15019) AND (company_type_id = 1))
                    Rows Removed by Filter: 1548790
              ->  Hash  (cost=61283.27..61283.27 rows=2528527 width=4) (actual time=1921.814..1921.814 rows=2528312 loops=1)
                    Buckets: 131072  Batches: 64  Memory Usage: 2415kB
                    ->  Seq Scan on title t  (cost=0.00..61283.27 rows=2528527 width=4) (actual time=0.021..1065.890 rows=2528312 loops=1)
Planning time: 1.112 ms
Execution time: 16099.477 ms
