Hash Join  (cost=142489.93..771995.57 rows=460645 width=219) (actual time=3489.331..18046.155 rows=3393339 loops=1)
  Hash Cond: (mi.movie_id = t.id)
  ->  Seq Scan on movie_info mi  (cost=0.00..346232.03 rows=9476311 width=75) (actual time=127.773..8009.828 rows=9565151 loops=1)
        Filter: (info_type_id < 16)
        Rows Removed by Filter: 5270569
  ->  Hash  (cost=138432.53..138432.53 rows=122912 width=144) (actual time=3330.554..3330.554 rows=278727 loops=1)
        Buckets: 32768 (originally 32768)  Batches: 16 (originally 8)  Memory Usage: 3841kB
        ->  Hash Join  (cost=80039.93..138432.53 rows=122912 width=144) (actual time=1836.906..3169.213 rows=278727 loops=1)
              Hash Cond: (mi_idx.movie_id = t.id)
              ->  Seq Scan on movie_info_idx mi_idx  (cost=0.00..21735.35 rows=1380035 width=50) (actual time=0.017..416.066 rows=1380035 loops=1)
              ->  Hash  (cost=73925.90..73925.90 rows=225202 width=94) (actual time=1836.434..1836.434 rows=334539 loops=1)
                    Buckets: 32768 (originally 32768)  Batches: 16 (originally 8)  Memory Usage: 3841kB
                    ->  Seq Scan on title t  (cost=0.00..73925.90 rows=225202 width=94) (actual time=0.066..1475.861 rows=334539 loops=1)
                          Filter: ((kind_id < 7) AND (production_year < 1984))
                          Rows Removed by Filter: 2193773
Planning time: 2.696 ms
Execution time: 18237.311 ms
