Hash Join  (cost=58358.83..809151.58 rows=358 width=0) (actual time=905.188..15561.708 rows=36641 loops=1)
  Hash Cond: (ci.movie_id = t.id)
  ->  Seq Scan on cast_info ci  (cost=0.00..614943.12 rows=36225612 width=4) (actual time=0.006..7972.017 rows=36244344 loops=1)
  ->  Hash  (cost=58358.52..58358.52 rows=25 width=8) (actual time=901.410..901.410 rows=696 loops=1)
        Buckets: 1024  Batches: 1  Memory Usage: 36kB
        ->  Nested Loop  (cost=0.43..58358.52 rows=25 width=8) (actual time=6.014..901.050 rows=696 loops=1)
              ->  Seq Scan on movie_companies mc  (cost=0.00..57926.93 rows=51 width=4) (actual time=4.148..872.220 rows=814 loops=1)
                    Filter: ((company_type_id < 2) AND (company_id = 465))
                    Rows Removed by Filter: 2608315
              ->  Index Scan using title_pkey on title t  (cost=0.43..8.45 rows=1 width=4) (actual time=0.034..0.035 rows=1 loops=814)
                    Index Cond: (id = mc.movie_id)
                    Filter: ((production_year > 1975) AND (kind_id = 7))
                    Rows Removed by Filter: 0
Planning time: 1.194 ms
Execution time: 15568.016 ms
