Hash Join  (cost=102767.86..253018.74 rows=2467308 width=0) (actual time=1920.251..5746.876 rows=2459956 loops=1)
  Hash Cond: (mk.movie_id = t.id)
  ->  Seq Scan on movie_keyword mk  (cost=0.00..81003.12 rows=2467308 width=4) (actual time=0.025..1629.176 rows=2459956 loops=1)
        Filter: (keyword_id > 3662)
        Rows Removed by Filter: 2063974
  ->  Hash  (cost=61283.27..61283.27 rows=2528527 width=4) (actual time=1918.484..1918.484 rows=2528312 loops=1)
        Buckets: 131072  Batches: 64  Memory Usage: 2425kB
        ->  Seq Scan on title t  (cost=0.00..61283.27 rows=2528527 width=4) (actual time=0.019..1081.173 rows=2528312 loops=1)
Planning time: 0.728 ms
Execution time: 6028.521 ms
