Hash Join  (cost=79993.30..582799.90 rows=2155567 width=0) (actual time=1385.549..13566.108 rows=1093299 loops=1)
  Hash Cond: (mi.movie_id = t.id)
  ->  Seq Scan on movie_info mi  (cost=0.00..309384.22 rows=14739122 width=4) (actual time=0.011..5846.155 rows=14835720 loops=1)
  ->  Hash  (cost=73925.90..73925.90 rows=369792 width=4) (actual time=1295.514..1295.514 rows=253766 loops=1)
        Buckets: 131072  Batches: 8  Memory Usage: 2133kB
        ->  Seq Scan on title t  (cost=0.00..73925.90 rows=369792 width=4) (actual time=151.251..1209.411 rows=253766 loops=1)
              Filter: ((production_year < 1986) AND (kind_id = 7))
              Rows Removed by Filter: 2274546
Planning time: 0.532 ms
Execution time: 13677.851 ms
