Nested Loop  (cost=0.43..83072.90 rows=1 width=0) (actual time=99.473..1425.183 rows=4 loops=1)
  ->  Seq Scan on movie_keyword mk  (cost=0.00..81003.12 rows=246 width=4) (actual time=0.050..1286.772 rows=3040 loops=1)
        Filter: (keyword_id = 580)
        Rows Removed by Filter: 4520890
  ->  Index Scan using title_pkey on title t  (cost=0.43..8.40 rows=1 width=4) (actual time=0.045..0.045 rows=0 loops=3040)
        Index Cond: (id = mk.movie_id)
        Filter: ((kind_id < 3) AND (production_year = 1915))
        Rows Removed by Filter: 1
Planning time: 0.747 ms
Execution time: 1425.286 ms
