Nested Loop  (cost=0.43..709673.15 rows=195 width=0) (actual time=224.324..10168.733 rows=165 loops=1)
  ->  Seq Scan on cast_info ci  (cost=0.00..705507.15 rows=500 width=4) (actual time=224.262..10165.888 rows=165 loops=1)
        Filter: (person_id = 1657492)
        Rows Removed by Filter: 36244179
  ->  Index Scan using title_pkey on title t  (cost=0.43..8.32 rows=1 width=4) (actual time=0.015..0.015 rows=1 loops=165)
        Index Cond: (id = ci.movie_id)
        Filter: (kind_id < 7)
Planning time: 0.825 ms
Execution time: 10168.905 ms
