Hash Join  (cost=171906.19..1218258.64 rows=1221523 width=0) (actual time=3287.724..34458.162 rows=10267552 loops=1)
  Hash Cond: (ci.movie_id = t.id)
  ->  Seq Scan on cast_info ci  (cost=0.00..614943.12 rows=36225612 width=4) (actual time=0.015..13526.620 rows=36244344 loops=1)
  ->  Hash  (cost=170506.41..170506.41 rows=85262 width=8) (actual time=3286.847..3286.847 rows=285477 loops=1)
        Buckets: 131072 (originally 131072)  Batches: 4 (originally 2)  Memory Usage: 3838kB
        ->  Hash Join  (cost=78350.52..170506.41 rows=85262 width=8) (actual time=1253.683..3191.135 rows=285477 loops=1)
              Hash Cond: (mk.movie_id = t.id)
              ->  Seq Scan on movie_keyword mk  (cost=0.00..81003.12 rows=799507 width=4) (actual time=0.030..1395.915 rows=805183 loops=1)
                    Filter: (keyword_id > 23012)
                    Rows Removed by Filter: 3718747
              ->  Hash  (cost=73925.90..73925.90 rows=269649 width=4) (actual time=1252.930..1252.930 rows=382611 loops=1)
                    Buckets: 131072 (originally 131072)  Batches: 8 (originally 4)  Memory Usage: 3073kB
                    ->  Seq Scan on title t  (cost=0.00..73925.90 rows=269649 width=4) (actual time=0.088..1121.609 rows=382611 loops=1)
                          Filter: ((kind_id < 7) AND (production_year < 1990))
                          Rows Removed by Filter: 2145701
Planning time: 1.219 ms
Execution time: 35603.047 ms
