Hash Join  (cost=74777.82..994767.66 rows=830956 width=0) (actual time=1171.087..33232.173 rows=1494752 loops=1)
  Hash Cond: (ci.movie_id = t.id)
  ->  Seq Scan on cast_info ci  (cost=0.00..796071.18 rows=30829093 width=4) (actual time=0.022..18818.209 rows=30925096 loops=1)
        Filter: ((person_id > 75209) AND (role_id < 10))
        Rows Removed by Filter: 5319248
  ->  Hash  (cost=73925.90..73925.90 rows=68153 width=4) (actual time=1168.302..1168.302 rows=167680 loops=1)
        Buckets: 131072 (originally 131072)  Batches: 2 (originally 1)  Memory Usage: 3974kB
        ->  Seq Scan on title t  (cost=0.00..73925.90 rows=68153 width=4) (actual time=0.019..1095.853 rows=167680 loops=1)
              Filter: ((kind_id < 7) AND (production_year < 1952))
              Rows Removed by Filter: 2360632
Planning time: 0.751 ms
Execution time: 33414.607 ms
