Hash Join  (cost=797557.90..882814.51 rows=79 width=0) (actual time=14633.002..15547.116 rows=22 loops=1)
  Hash Cond: (mk.movie_id = t.id)
  ->  Seq Scan on movie_keyword mk  (cost=0.00..81003.12 rows=1134052 width=4) (actual time=0.025..1427.768 rows=1140927 loops=1)
        Filter: (keyword_id < 1294)
        Rows Removed by Filter: 3383003
  ->  Hash  (cost=797555.70..797555.70 rows=176 width=8) (actual time=13970.315..13970.315 rows=14 loops=1)
        Buckets: 1024  Batches: 1  Memory Usage: 9kB
        ->  Nested Loop  (cost=0.43..797555.70 rows=176 width=8) (actual time=3539.788..13970.265 rows=14 loops=1)
              ->  Seq Scan on cast_info ci  (cost=0.00..796071.18 rows=176 width=4) (actual time=3539.628..13969.862 rows=14 loops=1)
                    Filter: ((role_id < 2) AND (person_id = 390348))
                    Rows Removed by Filter: 36244330
              ->  Index Only Scan using title_pkey on title t  (cost=0.43..8.42 rows=1 width=4) (actual time=0.022..0.022 rows=1 loops=14)
                    Index Cond: (id = ci.movie_id)
                    Heap Fetches: 14
Planning time: 1.132 ms
Execution time: 15547.225 ms
