Hash Join  (cost=190230.21..350896.80 rows=2381654 width=0) (actual time=4531.629..10536.023 rows=10044991 loops=1)
  Hash Cond: (mk.movie_id = t.id)
  ->  Seq Scan on movie_keyword mk  (cost=0.00..81003.12 rows=4363712 width=4) (actual time=0.020..1764.729 rows=4367407 loops=1)
        Filter: (keyword_id < 73229)
        Rows Removed by Filter: 156523
  ->  Hash  (cost=167588.78..167588.78 rows=1380035 width=8) (actual time=4530.615..4530.615 rows=1380035 loops=1)
        Buckets: 131072  Batches: 32  Memory Usage: 2726kB
        ->  Hash Join  (cost=102767.86..167588.78 rows=1380035 width=8) (actual time=1933.466..3837.800 rows=1380035 loops=1)
              Hash Cond: (mi_idx.movie_id = t.id)
              ->  Seq Scan on movie_info_idx mi_idx  (cost=0.00..21735.35 rows=1380035 width=4) (actual time=0.024..459.321 rows=1380035 loops=1)
              ->  Hash  (cost=61283.27..61283.27 rows=2528527 width=4) (actual time=1931.817..1931.817 rows=2528312 loops=1)
                    Buckets: 131072  Batches: 64  Memory Usage: 2415kB
                    ->  Seq Scan on title t  (cost=0.00..61283.27 rows=2528527 width=4) (actual time=1.540..1054.103 rows=2528312 loops=1)
Planning time: 1.138 ms
Execution time: 11613.455 ms
