Hash Join  (cost=202769.17..1308513.99 rows=2595169 width=0) (actual time=3925.260..31603.618 rows=1258689 loops=1)
  Hash Cond: (ci.movie_id = t.id)
  ->  Seq Scan on cast_info ci  (cost=0.00..614943.12 rows=36225612 width=4) (actual time=0.023..13144.678 rows=36244344 loops=1)
  ->  Hash  (cost=199796.90..199796.90 rows=181141 width=8) (actual time=3923.027..3923.027 rows=31744 loops=1)
        Buckets: 131072  Batches: 4  Memory Usage: 1323kB
        ->  Hash Join  (cost=75587.46..199796.90 rows=181141 width=8) (actual time=1478.662..3912.870 rows=31744 loops=1)
              Hash Cond: (mk.movie_id = t.id)
              ->  Seq Scan on movie_keyword mk  (cost=0.00..69693.30 rows=4523930 width=4) (actual time=0.016..1320.525 rows=4523930 loops=1)
              ->  Hash  (cost=73925.90..73925.90 rows=101244 width=4) (actual time=1319.224..1319.224 rows=110779 loops=1)
                    Buckets: 131072  Batches: 2  Memory Usage: 2976kB
                    ->  Seq Scan on title t  (cost=0.00..73925.90 rows=101244 width=4) (actual time=0.026..1272.397 rows=110779 loops=1)
                          Filter: ((kind_id > 4) AND (production_year = 2012))
                          Rows Removed by Filter: 2417533
Planning time: 1.114 ms
Execution time: 31759.087 ms
