Seq Scan on movie_companies mc  (cost=0.00..51404.11 rows=104 width=0) (actual time=122.088..850.620 rows=111 loops=1)
  Filter: (company_id = 15807)
  Rows Removed by Filter: 2609018
Planning time: 0.372 ms
Execution time: 850.743 ms
