Seq Scan on movie_companies mc  (cost=0.00..57926.93 rows=687201 width=0) (actual time=0.016..983.601 rows=436585 loops=1)
  Filter: ((company_id < 11428) AND (company_type_id > 1))
  Rows Removed by Filter: 2172544
Planning time: 0.349 ms
Execution time: 1038.424 ms
