Hash Join  (cost=199277.80..733223.20 rows=5073847 width=0) (actual time=4334.936..21244.938 rows=14398955 loops=1)
  Hash Cond: (mi.movie_id = t.id)
  ->  Seq Scan on movie_info mi  (cost=0.00..309384.22 rows=14739122 width=4) (actual time=0.018..6263.192 rows=14835720 loops=1)
  ->  Hash  (cost=184996.44..184996.44 rows=870429 width=8) (actual time=4334.191..4334.191 rows=877119 loops=1)
        Buckets: 131072  Batches: 16  Memory Usage: 3190kB
        ->  Hash Join  (cost=102767.86..184996.44 rows=870429 width=8) (actual time=2047.335..4083.802 rows=877119 loops=1)
              Hash Cond: (mc.movie_id = t.id)
              ->  Seq Scan on movie_companies mc  (cost=0.00..51404.11 rows=870429 width=4) (actual time=0.013..964.731 rows=877119 loops=1)
                    Filter: (company_id > 23088)
                    Rows Removed by Filter: 1732010
              ->  Hash  (cost=61283.27..61283.27 rows=2528527 width=4) (actual time=2045.537..2045.537 rows=2528312 loops=1)
                    Buckets: 131072  Batches: 64  Memory Usage: 2415kB
                    ->  Seq Scan on title t  (cost=0.00..61283.27 rows=2528527 width=4) (actual time=1.052..1213.494 rows=2528312 loops=1)
Planning time: 1.190 ms
Execution time: 22789.781 ms
