Hash Join  (cost=102767.86..279626.44 rows=3573013 width=0) (actual time=2070.873..6665.909 rows=3570111 loops=1)
  Hash Cond: (mk.movie_id = t.id)
  ->  Seq Scan on movie_keyword mk  (cost=0.00..81003.12 rows=3573013 width=4) (actual time=0.013..1710.218 rows=3570111 loops=1)
        Filter: (keyword_id > 889)
        Rows Removed by Filter: 953819
  ->  Hash  (cost=61283.27..61283.27 rows=2528527 width=4) (actual time=2069.507..2069.507 rows=2528312 loops=1)
        Buckets: 131072  Batches: 64  Memory Usage: 2425kB
        ->  Seq Scan on title t  (cost=0.00..61283.27 rows=2528527 width=4) (actual time=0.024..1226.627 rows=2528312 loops=1)
Planning time: 9.330 ms
Execution time: 7060.902 ms
