Hash Join  (cost=69374.09..903239.60 rows=132896 width=0) (actual time=5525.926..17762.986 rows=208786 loops=1)
  Hash Cond: (ci.movie_id = t.id)
  ->  Seq Scan on cast_info ci  (cost=0.00..796071.18 rows=3117165 width=4) (actual time=4345.049..15149.077 rows=3936277 loops=1)
        Filter: ((person_id > 973052) AND (role_id = 10))
        Rows Removed by Filter: 32308067
  ->  Hash  (cost=67604.59..67604.59 rows=107800 width=4) (actual time=1180.075..1180.075 rows=108429 loops=1)
        Buckets: 131072  Batches: 2  Memory Usage: 2931kB
        ->  Seq Scan on title t  (cost=0.00..67604.59 rows=107800 width=4) (actual time=0.021..1137.321 rows=108429 loops=1)
              Filter: (production_year = 2006)
              Rows Removed by Filter: 2419883
Planning time: 10.207 ms
Execution time: 17787.679 ms
