Hash Join  (cost=68457.96..159220.91 rows=65551 width=0) (actual time=1114.358..2865.545 rows=13735 loops=1)
  Hash Cond: (mk.movie_id = t.id)
  ->  Seq Scan on movie_keyword mk  (cost=0.00..81003.12 rows=2427817 width=4) (actual time=0.019..1368.520 rows=2427400 loops=1)
        Filter: (keyword_id < 5758)
        Rows Removed by Filter: 2096530
  ->  Hash  (cost=67604.59..67604.59 rows=68270 width=4) (actual time=1113.275..1113.275 rows=67517 loops=1)
        Buckets: 131072  Batches: 1  Memory Usage: 3398kB
        ->  Seq Scan on title t  (cost=0.00..67604.59 rows=68270 width=4) (actual time=240.322..1087.418 rows=67517 loops=1)
              Filter: (production_year < 1916)
              Rows Removed by Filter: 2460795
Planning time: 0.529 ms
Execution time: 2867.765 ms
