Hash Join  (cost=74357.80..101456.87 rows=18858 width=0) (actual time=1255.587..1885.224 rows=18822 loops=1)
  Hash Cond: (mi_idx.movie_id = t.id)
  ->  Seq Scan on movie_info_idx mi_idx  (cost=0.00..21735.35 rows=1380035 width=4) (actual time=0.017..308.152 rows=1380035 loops=1)
  ->  Hash  (cost=73925.90..73925.90 rows=34552 width=4) (actual time=1255.289..1255.289 rows=39508 loops=1)
        Buckets: 65536  Batches: 1  Memory Usage: 1901kB
        ->  Seq Scan on title t  (cost=0.00..73925.90 rows=34552 width=4) (actual time=0.019..1238.620 rows=39508 loops=1)
              Filter: ((kind_id > 1) AND (production_year = 1998))
              Rows Removed by Filter: 2488804
Planning time: 0.586 ms
Execution time: 1887.935 ms
