Seq Scan on movie_companies mc  (cost=0.00..51404.11 rows=104 width=0) (actual time=265.363..839.337 rows=3 loops=1)
  Filter: (company_id = 172270)
  Rows Removed by Filter: 2609126
Planning time: 0.438 ms
Execution time: 839.409 ms
