Hash Join  (cost=102767.86..1013989.88 rows=4374944 width=0) (actual time=11301.977..22206.617 rows=4543649 loops=1)
  Hash Cond: (ci.movie_id = t.id)
  ->  Seq Scan on cast_info ci  (cost=0.00..796071.18 rows=4374944 width=4) (actual time=9329.699..16271.506 rows=4543649 loops=1)
        Filter: ((person_id > 218226) AND (role_id > 9))
        Rows Removed by Filter: 31700695
  ->  Hash  (cost=61283.27..61283.27 rows=2528527 width=4) (actual time=1970.343..1970.343 rows=2528312 loops=1)
        Buckets: 131072  Batches: 64  Memory Usage: 2415kB
        ->  Seq Scan on title t  (cost=0.00..61283.27 rows=2528527 width=4) (actual time=0.011..1129.313 rows=2528312 loops=1)
Planning time: 0.674 ms
Execution time: 22750.225 ms
