Hash Join  (cost=777652.84..3185657.00 rows=107324582 width=0) (actual time=18081.279..71076.745 rows=81915944 loops=1)
  Hash Cond: (ci.movie_id = t.id)
  ->  Seq Scan on cast_info ci  (cost=0.00..614943.12 rows=36225612 width=4) (actual time=0.024..13583.373 rows=36244344 loops=1)
  ->  Hash  (cost=654749.91..654749.91 rows=7491195 width=8) (actual time=18078.514..18078.514 rows=3338016 loops=1)
        Buckets: 131072  Batches: 128  Memory Usage: 2011kB
        ->  Hash Join  (cost=95011.03..654749.91 rows=7491195 width=8) (actual time=2327.194..16533.374 rows=3338016 loops=1)
              Hash Cond: (mi.movie_id = t.id)
              ->  Seq Scan on movie_info mi  (cost=0.00..309384.22 rows=14739122 width=4) (actual time=0.012..6117.489 rows=14835720 loops=1)
              ->  Hash  (cost=73925.90..73925.90 rows=1285130 width=4) (actual time=1821.030..1821.030 rows=1366141 loops=1)
                    Buckets: 131072  Batches: 32  Memory Usage: 2535kB
                    ->  Seq Scan on title t  (cost=0.00..73925.90 rows=1285130 width=4) (actual time=0.034..1358.424 rows=1366141 loops=1)
                          Filter: ((production_year > 1968) AND (kind_id = 7))
                          Rows Removed by Filter: 1162171
Planning time: 1.297 ms
Execution time: 79849.213 ms
