Hash Join  (cost=111082.34..235134.90 rows=168252 width=0) (actual time=2092.421..5192.377 rows=1032818 loops=1)
  Hash Cond: (mk.movie_id = t.id)
  ->  Seq Scan on movie_keyword mk  (cost=0.00..69693.30 rows=4523930 width=4) (actual time=0.020..1538.028 rows=4523930 loops=1)
  ->  Hash  (cost=109538.84..109538.84 rows=94040 width=8) (actual time=2091.531..2091.531 rows=106101 loops=1)
        Buckets: 131072  Batches: 2  Memory Usage: 3107kB
        ->  Hash Join  (cost=76067.34..109538.84 rows=94040 width=8) (actual time=1234.862..2055.676 rows=106101 loops=1)
              Hash Cond: (mi_idx.movie_id = t.id)
              ->  Seq Scan on movie_info_idx mi_idx  (cost=0.00..25185.44 rows=460978 width=4) (actual time=0.026..494.142 rows=459925 loops=1)
                    Filter: (info_type_id = 99)
                    Rows Removed by Filter: 920110
              ->  Hash  (cost=67604.59..67604.59 rows=515820 width=4) (actual time=1234.025..1234.025 rows=508955 loops=1)
                    Buckets: 131072  Batches: 8  Memory Usage: 3255kB
                    ->  Seq Scan on title t  (cost=0.00..67604.59 rows=515820 width=4) (actual time=0.014..1079.911 rows=508955 loops=1)
                          Filter: (production_year < 1980)
                          Rows Removed by Filter: 2019357
Planning time: 1.124 ms
Execution time: 5316.403 ms
