Seq Scan on cast_info ci  (cost=0.00..796071.18 rows=3828035 width=0) (actual time=0.014..13228.468 rows=7758257 loops=1)
  Filter: ((person_id < 1058490) AND (role_id = 1))
  Rows Removed by Filter: 28486087
Planning time: 0.448 ms
Execution time: 14221.318 ms
