Hash Join  (cost=102767.86..296822.19 rows=4287705 width=0) (actual time=1806.512..7560.395 rows=4270213 loops=1)
  Hash Cond: (mk.movie_id = t.id)
  ->  Seq Scan on movie_keyword mk  (cost=0.00..81003.12 rows=4287705 width=4) (actual time=0.023..1701.679 rows=4270213 loops=1)
        Filter: (keyword_id > 217)
        Rows Removed by Filter: 253717
  ->  Hash  (cost=61283.27..61283.27 rows=2528527 width=4) (actual time=1804.638..1804.638 rows=2528312 loops=1)
        Buckets: 131072  Batches: 64  Memory Usage: 2425kB
        ->  Seq Scan on title t  (cost=0.00..61283.27 rows=2528527 width=4) (actual time=0.004..913.273 rows=2528312 loops=1)
Planning time: 1.936 ms
Execution time: 8070.010 ms
