Seq Scan on movie_keyword mk  (cost=0.00..81003.12 rows=385502 width=0) (actual time=0.028..1294.266 rows=383566 loops=1)
  Filter: (keyword_id > 44724)
  Rows Removed by Filter: 4140364
Planning time: 0.347 ms
Execution time: 1343.682 ms
