Hash Join  (cost=102767.86..215614.99 rows=2142955 width=0) (actual time=2391.541..5743.757 rows=2138119 loops=1)
  Hash Cond: (mc.movie_id = t.id)
  ->  Seq Scan on movie_companies mc  (cost=0.00..51404.11 rows=2142955 width=4) (actual time=0.025..1062.781 rows=2138119 loops=1)
        Filter: (company_id < 75976)
        Rows Removed by Filter: 471010
  ->  Hash  (cost=61283.27..61283.27 rows=2528527 width=4) (actual time=2390.689..2390.689 rows=2528312 loops=1)
        Buckets: 131072  Batches: 64  Memory Usage: 2415kB
        ->  Seq Scan on title t  (cost=0.00..61283.27 rows=2528527 width=4) (actual time=0.023..1246.462 rows=2528312 loops=1)
Planning time: 0.754 ms
Execution time: 5999.596 ms
