Seq Scan on cast_info ci  (cost=0.00..796071.18 rows=246024 width=0) (actual time=592.576..11962.578 rows=464929 loops=1)
  Filter: ((person_id > 2448172) AND (role_id = 6))
  Rows Removed by Filter: 35779415
Planning time: 0.393 ms
Execution time: 12002.325 ms
