Hash Join  (cost=68449.54..166734.78 rows=115004 width=0) (actual time=1056.205..3316.112 rows=139099 loops=1)
  Hash Cond: (mk.movie_id = t.id)
  ->  Seq Scan on movie_keyword mk  (cost=0.00..81003.12 rows=4301888 width=4) (actual time=0.024..1560.595 rows=4299875 loops=1)
        Filter: (keyword_id < 64187)
        Rows Removed by Filter: 224055
  ->  Hash  (cost=67604.59..67604.59 rows=67596 width=4) (actual time=1055.160..1055.160 rows=67777 loops=1)
        Buckets: 131072  Batches: 1  Memory Usage: 3407kB
        ->  Seq Scan on title t  (cost=0.00..67604.59 rows=67596 width=4) (actual time=0.025..1026.466 rows=67777 loops=1)
              Filter: (production_year = 2003)
              Rows Removed by Filter: 2460535
Planning time: 0.800 ms
Execution time: 3333.748 ms
