Hash Join  (cost=67697.55..94625.21 rows=1356 width=0) (actual time=1035.904..1567.856 rows=1369 loops=1)
  Hash Cond: (mi_idx.movie_id = t.id)
  ->  Seq Scan on movie_info_idx mi_idx  (cost=0.00..25185.44 rows=460978 width=4) (actual time=0.017..440.160 rows=459925 loops=1)
        Filter: (info_type_id < 100)
        Rows Removed by Filter: 920110
  ->  Hash  (cost=67604.59..67604.59 rows=7437 width=4) (actual time=1034.637..1034.637 rows=6346 loops=1)
        Buckets: 8192  Batches: 1  Memory Usage: 288kB
        ->  Seq Scan on title t  (cost=0.00..67604.59 rows=7437 width=4) (actual time=0.049..1031.206 rows=6346 loops=1)
              Filter: (production_year = 1952)
              Rows Removed by Filter: 2521966
Planning time: 0.775 ms
Execution time: 1568.306 ms
