Hash Join  (cost=174403.47..993021.39 rows=378601 width=0) (actual time=4287.945..17813.294 rows=2201107 loops=1)
  Hash Cond: (ci.movie_id = t.id)
  ->  Seq Scan on cast_info ci  (cost=0.00..796071.18 rows=1389794 width=4) (actual time=0.005..11613.457 rows=2759465 loops=1)
        Filter: ((person_id < 367150) AND (role_id = 1))
        Rows Removed by Filter: 33484879
  ->  Hash  (cost=163102.35..163102.35 rows=688810 width=8) (actual time=4286.837..4286.837 rows=1027288 loops=1)
        Buckets: 131072  Batches: 16  Memory Usage: 3549kB
        ->  Hash Join  (cost=78556.72..163102.35 rows=688810 width=8) (actual time=1363.175..3985.312 rows=1027288 loops=1)
              Hash Cond: (mc.movie_id = t.id)
              ->  Seq Scan on movie_companies mc  (cost=0.00..44881.29 rows=2609129 width=4) (actual time=0.023..972.166 rows=2609129 loops=1)
              ->  Hash  (cost=67604.59..67604.59 rows=667531 width=4) (actual time=1362.022..1362.022 rows=662834 loops=1)
                    Buckets: 131072  Batches: 16  Memory Usage: 2478kB
                    ->  Seq Scan on title t  (cost=0.00..67604.59 rows=667531 width=4) (actual time=0.025..1150.654 rows=662834 loops=1)
                          Filter: (production_year < 1989)
                          Rows Removed by Filter: 1865478
Planning time: 1.065 ms
Execution time: 18033.093 ms
