Hash Join  (cost=71408.55..147860.92 rows=177375 width=0) (actual time=1078.621..3020.718 rows=103488 loops=1)
  Hash Cond: (mc.movie_id = t.id)
  ->  Seq Scan on movie_companies mc  (cost=0.00..51404.11 rows=1934535 width=4) (actual time=0.025..1057.730 rows=1928644 loops=1)
        Filter: (company_id < 48771)
        Rows Removed by Filter: 680485
  ->  Hash  (cost=67604.59..67604.59 rows=231837 width=4) (actual time=1077.727..1077.727 rows=231649 loops=1)
        Buckets: 131072  Batches: 4  Memory Usage: 3076kB
        ->  Seq Scan on title t  (cost=0.00..67604.59 rows=231837 width=4) (actual time=0.029..999.965 rows=231649 loops=1)
              Filter: (production_year > 2011)
              Rows Removed by Filter: 2296663
Planning time: 0.854 ms
Execution time: 3034.697 ms
