Hash Join  (cost=148454.59..516307.45 rows=319693 width=0) (actual time=2538.799..10381.783 rows=349397 loops=1)
  Hash Cond: (mi.movie_id = t.id)
  ->  Seq Scan on movie_info mi  (cost=0.00..309384.22 rows=14739122 width=4) (actual time=0.014..4094.780 rows=14835720 loops=1)
  ->  Hash  (cost=147769.04..147769.04 rows=54844 width=8) (actual time=2538.243..2538.243 rows=28534 loops=1)
        Buckets: 65536  Batches: 1  Memory Usage: 1627kB
        ->  Hash Join  (cost=83810.17..147769.04 rows=54844 width=8) (actual time=1484.132..2528.806 rows=28534 loops=1)
              Hash Cond: (mc.movie_id = t.id)
              ->  Seq Scan on movie_companies mc  (cost=0.00..57926.93 rows=140398 width=4) (actual time=0.016..859.443 rows=64010 loops=1)
                    Filter: ((company_id < 145) AND (company_type_id = 2))
                    Rows Removed by Filter: 2545119
              ->  Hash  (cost=67604.59..67604.59 rows=987727 width=4) (actual time=1483.474..1483.474 rows=985048 loops=1)
                    Buckets: 131072  Batches: 16  Memory Usage: 3188kB
                    ->  Seq Scan on title t  (cost=0.00..67604.59 rows=987727 width=4) (actual time=0.020..1174.456 rows=985048 loops=1)
                          Filter: (kind_id < 7)
                          Rows Removed by Filter: 1543264
Planning time: 1.455 ms
Execution time: 10432.477 ms
