Hash Join  (cost=102767.86..1514949.50 rows=25193998 width=0) (actual time=1968.952..43525.659 rows=27323570 loops=1)
  Hash Cond: (ci.movie_id = t.id)
  ->  Seq Scan on cast_info ci  (cost=0.00..796071.18 rows=25193998 width=4) (actual time=0.026..18851.346 rows=27323570 loops=1)
        Filter: ((person_id < 2933999) AND (role_id < 10))
        Rows Removed by Filter: 8920774
  ->  Hash  (cost=61283.27..61283.27 rows=2528527 width=4) (actual time=1967.855..1967.855 rows=2528312 loops=1)
        Buckets: 131072  Batches: 64  Memory Usage: 2415kB
        ->  Seq Scan on title t  (cost=0.00..61283.27 rows=2528527 width=4) (actual time=0.010..1104.886 rows=2528312 loops=1)
Planning time: 0.822 ms
Execution time: 46440.580 ms
