Nested Loop  (cost=0.43..83072.29 rows=39 width=0) (actual time=156.794..1163.943 rows=6 loops=1)
  ->  Seq Scan on movie_keyword mk  (cost=0.00..81003.12 rows=246 width=4) (actual time=156.735..1163.692 rows=6 loops=1)
        Filter: (keyword_id = 82437)
        Rows Removed by Filter: 4523924
  ->  Index Scan using title_pkey on title t  (cost=0.43..8.40 rows=1 width=4) (actual time=0.037..0.037 rows=1 loops=6)
        Index Cond: (id = mk.movie_id)
        Filter: (production_year < 1972)
Planning time: 0.902 ms
Execution time: 1164.038 ms
