Hash Join  (cost=100831.63..160186.21 rows=16883 width=0) (actual time=1761.505..3108.825 rows=53748 loops=1)
  Hash Cond: (mc.movie_id = t.id)
  ->  Seq Scan on movie_companies mc  (cost=0.00..51404.11 rows=2075103 width=4) (actual time=0.019..973.651 rows=2076935 loops=1)
        Filter: (company_id > 517)
        Rows Removed by Filter: 532194
  ->  Hash  (cost=100574.48..100574.48 rows=20572 width=8) (actual time=1640.015..1640.015 rows=27850 loops=1)
        Buckets: 32768  Batches: 1  Memory Usage: 1344kB
        ->  Hash Join  (cost=69484.36..100574.48 rows=20572 width=8) (actual time=1193.131..1628.701 rows=27850 loops=1)
              Hash Cond: (mi_idx.movie_id = t.id)
              ->  Seq Scan on movie_info_idx mi_idx  (cost=0.00..25185.44 rows=454124 width=4) (actual time=0.016..458.284 rows=459925 loops=1)
                    Filter: (info_type_id = 100)
                    Rows Removed by Filter: 920110
              ->  Hash  (cost=67604.59..67604.59 rows=114542 width=4) (actual time=942.612..942.612 rows=118234 loops=1)
                    Buckets: 131072  Batches: 2  Memory Usage: 3101kB
                    ->  Seq Scan on title t  (cost=0.00..67604.59 rows=114542 width=4) (actual time=0.025..901.037 rows=118234 loops=1)
                          Filter: (kind_id = 4)
                          Rows Removed by Filter: 2410078
Planning time: 1.130 ms
Execution time: 3116.709 ms
