Hash Join  (cost=83072.91..109961.33 rows=1 width=0) (actual time=1345.668..1760.263 rows=2 loops=1)
  Hash Cond: (mi_idx.movie_id = t.id)
  ->  Seq Scan on movie_info_idx mi_idx  (cost=0.00..25185.44 rows=454124 width=4) (actual time=0.022..460.087 rows=459925 loops=1)
        Filter: (info_type_id = 100)
        Rows Removed by Filter: 920110
  ->  Hash  (cost=83072.90..83072.90 rows=1 width=8) (actual time=1233.675..1233.675 rows=2 loops=1)
        Buckets: 1024  Batches: 1  Memory Usage: 9kB
        ->  Nested Loop  (cost=0.43..83072.90 rows=1 width=8) (actual time=880.288..1233.663 rows=2 loops=1)
              ->  Seq Scan on movie_keyword mk  (cost=0.00..81003.12 rows=246 width=4) (actual time=2.368..1218.714 rows=426 loops=1)
                    Filter: (keyword_id = 1132)
                    Rows Removed by Filter: 4523504
              ->  Index Scan using title_pkey on title t  (cost=0.43..8.40 rows=1 width=4) (actual time=0.033..0.033 rows=0 loops=426)
                    Index Cond: (id = mk.movie_id)
                    Filter: ((kind_id < 7) AND (production_year = 1977))
                    Rows Removed by Filter: 1
Planning time: 1.227 ms
Execution time: 1760.407 ms
