Hash Join  (cost=222139.79..1163802.48 rows=4720437 width=0) (actual time=6717.404..20788.340 rows=1835831 loops=1)
  Hash Cond: (ci.movie_id = t.id)
  ->  Seq Scan on cast_info ci  (cost=0.00..796071.18 rows=8005372 width=4) (actual time=1178.377..13151.891 rows=2979389 loops=1)
        Filter: ((person_id > 1321540) AND (role_id < 2))
        Rows Removed by Filter: 33264955
  ->  Hash  (cost=197677.69..197677.69 rows=1490968 width=8) (actual time=5537.974..5537.974 rows=1028281 loops=1)
        Buckets: 131072  Batches: 32  Memory Usage: 2254kB
        ->  Hash Join  (cost=98137.04..197677.69 rows=1490968 width=8) (actual time=1874.416..5222.791 rows=1028281 loops=1)
              Hash Cond: (mc.movie_id = t.id)
              ->  Seq Scan on movie_companies mc  (cost=0.00..51404.11 rows=2025772 width=4) (actual time=0.026..1052.052 rows=2018307 loops=1)
                    Filter: (company_id < 70307)
                    Rows Removed by Filter: 590822
              ->  Hash  (cost=67604.59..67604.59 rows=1860996 width=4) (actual time=1872.962..1872.962 rows=1865487 loops=1)
                    Buckets: 131072  Batches: 32  Memory Usage: 3079kB
                    ->  Seq Scan on title t  (cost=0.00..67604.59 rows=1860996 width=4) (actual time=0.017..1285.387 rows=1865487 loops=1)
                          Filter: (kind_id > 1)
                          Rows Removed by Filter: 662825
Planning time: 1.248 ms
Execution time: 21012.683 ms
