Hash Join  (cost=107460.10..461652.44 rows=18322 width=0) (actual time=2913.504..7636.493 rows=98125 loops=1)
  Hash Cond: (mi.movie_id = t.id)
  ->  Seq Scan on movie_info mi  (cost=0.00..346232.03 rows=2073893 width=4) (actual time=931.388..5048.620 rows=2091068 loops=1)
        Filter: (info_type_id < 3)
        Rows Removed by Filter: 12744652
  ->  Hash  (cost=107180.86..107180.86 rows=22339 width=8) (actual time=1981.754..1981.754 rows=50003 loops=1)
        Buckets: 65536 (originally 32768)  Batches: 1 (originally 1)  Memory Usage: 2466kB
        ->  Hash Join  (cost=75919.53..107180.86 rows=22339 width=8) (actual time=1218.432..1963.393 rows=50003 loops=1)
              Hash Cond: (mi_idx.movie_id = t.id)
              ->  Seq Scan on movie_info_idx mi_idx  (cost=0.00..25185.44 rows=464934 width=4) (actual time=0.030..454.403 rows=460185 loops=1)
                    Filter: (info_type_id > 100)
                    Rows Removed by Filter: 919850
              ->  Hash  (cost=73925.90..73925.90 rows=121490 width=4) (actual time=1217.565..1217.565 rows=222618 loops=1)
                    Buckets: 131072 (originally 131072)  Batches: 4 (originally 2)  Memory Usage: 3073kB
                    ->  Seq Scan on title t  (cost=0.00..73925.90 rows=121490 width=4) (actual time=0.284..1128.524 rows=222618 loops=1)
                          Filter: ((kind_id < 7) AND (production_year < 1966))
                          Rows Removed by Filter: 2305694
Planning time: 1.078 ms
Execution time: 7649.814 ms
