Hash Join  (cost=190230.21..1032775.66 rows=1317379 width=0) (actual time=4664.080..18590.144 rows=2972447 loops=1)
  Hash Cond: (ci.movie_id = t.id)
  ->  Seq Scan on cast_info ci  (cost=0.00..796071.18 rows=2413727 width=4) (actual time=1.371..11953.151 rows=2616979 loops=1)
        Filter: ((person_id < 262196) AND (role_id < 10))
        Rows Removed by Filter: 33627365
  ->  Hash  (cost=167588.78..167588.78 rows=1380035 width=8) (actual time=4355.096..4355.096 rows=1380035 loops=1)
        Buckets: 131072  Batches: 32  Memory Usage: 2708kB
        ->  Hash Join  (cost=102767.86..167588.78 rows=1380035 width=8) (actual time=2087.802..3969.516 rows=1380035 loops=1)
              Hash Cond: (mi_idx.movie_id = t.id)
              ->  Seq Scan on movie_info_idx mi_idx  (cost=0.00..21735.35 rows=1380035 width=4) (actual time=0.025..421.837 rows=1380035 loops=1)
              ->  Hash  (cost=61283.27..61283.27 rows=2528527 width=4) (actual time=2086.278..2086.278 rows=2528312 loops=1)
                    Buckets: 131072  Batches: 64  Memory Usage: 2415kB
                    ->  Seq Scan on title t  (cost=0.00..61283.27 rows=2528527 width=4) (actual time=0.015..1197.264 rows=2528312 loops=1)
Planning time: 1.136 ms
Execution time: 18939.327 ms
