Hash Join  (cost=183575.52..279177.88 rows=180087 width=0) (actual time=3667.655..5754.952 rows=599557 loops=1)
  Hash Cond: (mk.movie_id = t.id)
  ->  Seq Scan on movie_keyword mk  (cost=0.00..81003.12 rows=943829 width=4) (actual time=0.020..1436.904 rows=946324 loops=1)
        Filter: (keyword_id < 889)
        Rows Removed by Filter: 3577606
  ->  Hash  (cost=175659.85..175659.85 rows=482454 width=8) (actual time=3666.632..3666.632 rows=477152 loops=1)
        Buckets: 131072  Batches: 8  Memory Usage: 3373kB
        ->  Hash Join  (cost=102767.86..175659.85 rows=482454 width=8) (actual time=1876.265..3523.046 rows=477152 loops=1)
              Hash Cond: (mc.movie_id = t.id)
              ->  Seq Scan on movie_companies mc  (cost=0.00..51404.11 rows=482454 width=4) (actual time=0.025..815.375 rows=477152 loops=1)
                    Filter: (company_id < 424)
                    Rows Removed by Filter: 2131977
              ->  Hash  (cost=61283.27..61283.27 rows=2528527 width=4) (actual time=1874.129..1874.129 rows=2528312 loops=1)
                    Buckets: 131072  Batches: 64  Memory Usage: 2415kB
                    ->  Seq Scan on title t  (cost=0.00..61283.27 rows=2528527 width=4) (actual time=0.016..1071.845 rows=2528312 loops=1)
Planning time: 1.182 ms
Execution time: 5829.491 ms
