Seq Scan on movie_keyword mk  (cost=0.00..81003.12 rows=597053 width=0) (actual time=0.035..1180.334 rows=601045 loops=1)
  Filter: (keyword_id < 444)
  Rows Removed by Filter: 3922885
Planning time: 0.344 ms
Execution time: 1257.909 ms
