Hash Join  (cost=967483.55..1128462.56 rows=2735006 width=0) (actual time=18535.693..23920.592 rows=4179114 loops=1)
  Hash Cond: (mk.movie_id = t.id)
  ->  Seq Scan on movie_keyword mk  (cost=0.00..69693.30 rows=4523930 width=4) (actual time=0.019..1407.516 rows=4523930 loops=1)
  ->  Hash  (cost=942403.33..942403.33 rows=1528657 width=8) (actual time=18534.438..18534.438 rows=2521476 loops=1)
        Buckets: 131072 (originally 131072)  Batches: 64 (originally 32)  Memory Usage: 4071kB
        ->  Hash Join  (cost=92883.59..942403.33 rows=1528657 width=8) (actual time=6692.435..17812.889 rows=2521476 loops=1)
              Hash Cond: (ci.movie_id = t.id)
              ->  Seq Scan on cast_info ci  (cost=0.00..796071.18 rows=2508599 width=4) (actual time=4911.234..13248.245 rows=3732929 loops=1)
                    Filter: ((person_id > 1486760) AND (role_id = 10))
                    Rows Removed by Filter: 32511415
              ->  Hash  (cost=67604.59..67604.59 rows=1540800 width=4) (actual time=1779.467..1779.467 rows=1543264 loops=1)
                    Buckets: 131072  Batches: 32  Memory Usage: 2722kB
                    ->  Seq Scan on title t  (cost=0.00..67604.59 rows=1540800 width=4) (actual time=99.310..1271.178 rows=1543264 loops=1)
                          Filter: (kind_id = 7)
                          Rows Removed by Filter: 985048
Planning time: 1.836 ms
Execution time: 24413.365 ms
