Seq Scan on title t  (cost=0.00..73925.90 rows=1226 width=0) (actual time=73.561..1031.228 rows=2260 loops=1)
  Filter: ((kind_id = 4) AND (production_year = 1993))
  Rows Removed by Filter: 2526052
Planning time: 0.297 ms
Execution time: 1031.941 ms
