Seq Scan on movie_keyword mk  (cost=0.00..81003.12 rows=2906138 width=0) (actual time=0.019..1544.896 rows=2896447 loops=1)
  Filter: (keyword_id < 9165)
  Rows Removed by Filter: 1627483
Planning time: 0.587 ms
Execution time: 1909.307 ms
