Hash Join  (cost=184207.13..332653.19 rows=2170502 width=0) (actual time=4494.009..9870.224 rows=8732774 loops=1)
  Hash Cond: (mk.movie_id = t.id)
  ->  Seq Scan on movie_keyword mk  (cost=0.00..69693.30 rows=4523930 width=4) (actual time=0.019..1481.037 rows=4523930 loops=1)
  ->  Hash  (cost=164303.84..164303.84 rows=1213143 width=8) (actual time=4492.931..4492.931 rows=1247330 loops=1)
        Buckets: 131072  Batches: 16  Memory Usage: 4091kB
        ->  Hash Join  (cost=104071.89..164303.84 rows=1213143 width=8) (actual time=2238.806..4133.460 rows=1247330 loops=1)
              Hash Cond: (mi_idx.movie_id = t.id)
              ->  Seq Scan on movie_info_idx mi_idx  (cost=0.00..21735.35 rows=1380035 width=4) (actual time=0.021..491.319 rows=1380035 loops=1)
              ->  Hash  (cost=67604.59..67604.59 rows=2222744 width=4) (actual time=2237.994..2237.994 rows=2214818 loops=1)
                    Buckets: 131072  Batches: 32  Memory Usage: 3459kB
                    ->  Seq Scan on title t  (cost=0.00..67604.59 rows=2222744 width=4) (actual time=0.013..1509.506 rows=2214818 loops=1)
                          Filter: (production_year > 1959)
                          Rows Removed by Filter: 313494
Planning time: 1.159 ms
Execution time: 10774.030 ms
