Hash Join  (cost=74338.09..161586.10 rows=58997 width=0) (actual time=1150.559..3546.695 rows=94229 loops=1)
  Hash Cond: (mk.movie_id = t.id)
  ->  Seq Scan on movie_keyword mk  (cost=0.00..69693.30 rows=4523930 width=4) (actual time=0.011..1021.003 rows=4523930 loops=1)
  ->  Hash  (cost=73925.90..73925.90 rows=32975 width=4) (actual time=1150.064..1150.064 rows=112511 loops=1)
        Buckets: 131072 (originally 65536)  Batches: 2 (originally 1)  Memory Usage: 3073kB
        ->  Seq Scan on title t  (cost=0.00..73925.90 rows=32975 width=4) (actual time=0.010..1104.998 rows=112511 loops=1)
              Filter: ((kind_id < 3) AND (production_year < 1929))
              Rows Removed by Filter: 2415801
Planning time: 1.123 ms
Execution time: 3559.516 ms
