Hash Join  (cost=190230.21..1060308.37 rows=2200247 width=0) (actual time=4563.411..22127.533 rows=3258626 loops=1)
  Hash Cond: (ci.movie_id = t.id)
  ->  Seq Scan on cast_info ci  (cost=0.00..796071.18 rows=4031335 width=4) (actual time=0.156..15427.358 rows=2028182 loops=1)
        Filter: ((person_id < 3579913) AND (role_id = 10))
        Rows Removed by Filter: 34216162
  ->  Hash  (cost=167588.78..167588.78 rows=1380035 width=8) (actual time=4562.026..4562.026 rows=1380035 loops=1)
        Buckets: 131072  Batches: 32  Memory Usage: 2708kB
        ->  Hash Join  (cost=102767.86..167588.78 rows=1380035 width=8) (actual time=2288.388..4183.235 rows=1380035 loops=1)
              Hash Cond: (mi_idx.movie_id = t.id)
              ->  Seq Scan on movie_info_idx mi_idx  (cost=0.00..21735.35 rows=1380035 width=4) (actual time=0.021..421.016 rows=1380035 loops=1)
              ->  Hash  (cost=61283.27..61283.27 rows=2528527 width=4) (actual time=2287.616..2287.616 rows=2528312 loops=1)
                    Buckets: 131072  Batches: 64  Memory Usage: 2415kB
                    ->  Seq Scan on title t  (cost=0.00..61283.27 rows=2528527 width=4) (actual time=0.008..1179.099 rows=2528312 loops=1)
Planning time: 1.153 ms
Execution time: 22464.934 ms
