Hash Join  (cost=102767.86..248606.57 rows=2283913 width=0) (actual time=1892.145..6200.517 rows=2287129 loops=1)
  Hash Cond: (mk.movie_id = t.id)
  ->  Seq Scan on movie_keyword mk  (cost=0.00..81003.12 rows=2283913 width=4) (actual time=0.018..1660.897 rows=2287129 loops=1)
        Filter: (keyword_id < 4854)
        Rows Removed by Filter: 2236801
  ->  Hash  (cost=61283.27..61283.27 rows=2528527 width=4) (actual time=1890.820..1890.820 rows=2528312 loops=1)
        Buckets: 131072  Batches: 64  Memory Usage: 2425kB
        ->  Seq Scan on title t  (cost=0.00..61283.27 rows=2528527 width=4) (actual time=0.019..1047.187 rows=2528312 loops=1)
Planning time: 0.760 ms
Execution time: 6448.380 ms
