Nested Loop  (cost=0.43..66989.07 rows=3 width=0) (actual time=80.198..853.312 rows=4 loops=1)
  ->  Seq Scan on movie_companies mc  (cost=0.00..57926.93 rows=1109 width=4) (actual time=0.562..806.873 rows=1448 loops=1)
        Filter: ((company_id = 554) AND (company_type_id = 1))
        Rows Removed by Filter: 2607681
  ->  Index Scan using title_pkey on title t  (cost=0.43..8.16 rows=1 width=4) (actual time=0.031..0.031 rows=0 loops=1448)
        Index Cond: (id = mc.movie_id)
        Filter: (production_year = 1981)
        Rows Removed by Filter: 1
Planning time: 0.804 ms
Execution time: 853.417 ms
