Hash Join  (cost=233075.61..1410257.98 rows=13957321 width=0) (actual time=4789.869..45747.884 rows=41003223 loops=1)
  Hash Cond: (ci.movie_id = t.id)
  ->  Seq Scan on cast_info ci  (cost=0.00..614943.12 rows=36225612 width=4) (actual time=0.017..13537.667 rows=36244344 loops=1)
  ->  Hash  (cost=217091.94..217091.94 rows=974213 width=8) (actual time=4788.910..4788.910 rows=975999 loops=1)
        Buckets: 131072  Batches: 16  Memory Usage: 3434kB
        ->  Hash Join  (cost=102767.86..217091.94 rows=974213 width=8) (actual time=1892.458..4508.927 rows=975999 loops=1)
              Hash Cond: (mk.movie_id = t.id)
              ->  Seq Scan on movie_keyword mk  (cost=0.00..81003.12 rows=974213 width=4) (actual time=0.015..1422.743 rows=975999 loops=1)
                    Filter: (keyword_id < 917)
                    Rows Removed by Filter: 3547931
              ->  Hash  (cost=61283.27..61283.27 rows=2528527 width=4) (actual time=1890.866..1890.866 rows=2528312 loops=1)
                    Buckets: 131072  Batches: 64  Memory Usage: 2425kB
                    ->  Seq Scan on title t  (cost=0.00..61283.27 rows=2528527 width=4) (actual time=0.014..1042.313 rows=2528312 loops=1)
Planning time: 0.730 ms
Execution time: 49986.448 ms
