Hash Join  (cost=52284.64..79195.31 rows=19 width=0) (actual time=1034.307..1544.607 rows=36 loops=1)
  Hash Cond: (mi_idx.movie_id = t.id)
  ->  Seq Scan on movie_info_idx mi_idx  (cost=0.00..21735.35 rows=1380035 width=4) (actual time=0.021..336.162 rows=1380035 loops=1)
  ->  Hash  (cost=52284.21..52284.21 rows=34 width=8) (actual time=962.630..962.630 rows=20 loops=1)
        Buckets: 1024  Batches: 1  Memory Usage: 9kB
        ->  Nested Loop  (cost=0.43..52284.21 rows=34 width=8) (actual time=89.853..962.604 rows=20 loops=1)
              ->  Seq Scan on movie_companies mc  (cost=0.00..51404.11 rows=104 width=4) (actual time=71.237..928.460 rows=1596 loops=1)
                    Filter: (company_id = 376)
                    Rows Removed by Filter: 2607533
              ->  Index Scan using title_pkey on title t  (cost=0.43..8.45 rows=1 width=4) (actual time=0.021..0.021 rows=0 loops=1596)
                    Index Cond: (id = mc.movie_id)
                    Filter: ((kind_id > 1) AND (production_year < 2002))
                    Rows Removed by Filter: 1
Planning time: 1.172 ms
Execution time: 1544.751 ms
