Hash Join  (cost=82261.55..593667.51 rows=2961503 width=0) (actual time=1618.919..15177.079 rows=1772290 loops=1)
  Hash Cond: (mi.movie_id = t.id)
  ->  Seq Scan on movie_info mi  (cost=0.00..309384.22 rows=14739122 width=4) (actual time=0.006..6195.798 rows=14835720 loops=1)
  ->  Hash  (cost=73925.90..73925.90 rows=508052 width=4) (actual time=1617.875..1617.875 rows=368581 loops=1)
        Buckets: 131072  Batches: 8  Memory Usage: 2640kB
        ->  Seq Scan on title t  (cost=0.00..73925.90 rows=508052 width=4) (actual time=0.018..1489.829 rows=368581 loops=1)
              Filter: ((kind_id > 1) AND (production_year < 1990))
              Rows Removed by Filter: 2159731
Planning time: 0.788 ms
Execution time: 15401.601 ms
