Hash Join  (cost=77934.62..910244.97 rows=598524 width=0) (actual time=12380.027..16159.368 rows=236167 loops=1)
  Hash Cond: (ci.movie_id = t.id)
  ->  Seq Scan on cast_info ci  (cost=0.00..796071.18 rows=2403713 width=4) (actual time=11106.724..14041.777 rows=1516278 loops=1)
        Filter: ((person_id < 2197282) AND (role_id = 3))
        Rows Removed by Filter: 34728066
  ->  Hash  (cost=67604.59..67604.59 rows=629603 width=4) (actual time=1271.695..1271.695 rows=622851 loops=1)
        Buckets: 131072  Batches: 16  Memory Usage: 2387kB
        ->  Seq Scan on title t  (cost=0.00..67604.59 rows=629603 width=4) (actual time=0.026..1070.247 rows=622851 loops=1)
              Filter: (production_year < 1987)
              Rows Removed by Filter: 1905461
Planning time: 0.808 ms
Execution time: 16186.682 ms
