Hash Join  (cost=101425.44..854073.35 rows=185874 width=0) (actual time=1434.727..19918.609 rows=788382 loops=1)
  Hash Cond: (ci.movie_id = t.id)
  ->  Seq Scan on cast_info ci  (cost=0.00..614943.12 rows=36225612 width=4) (actual time=0.018..8960.734 rows=36244344 loops=1)
  ->  Hash  (cost=101263.26..101263.26 rows=12974 width=8) (actual time=1434.476..1434.476 rows=28828 loops=1)
        Buckets: 32768 (originally 16384)  Batches: 1 (originally 1)  Memory Usage: 1383kB
        ->  Hash Join  (cost=74223.04..101263.26 rows=12974 width=8) (actual time=813.796..1423.810 rows=28828 loops=1)
              Hash Cond: (mi_idx.movie_id = t.id)
              ->  Seq Scan on movie_info_idx mi_idx  (cost=0.00..21735.35 rows=1380035 width=4) (actual time=0.012..295.327 rows=1380035 loops=1)
              ->  Hash  (cost=73925.90..73925.90 rows=23771 width=4) (actual time=813.591..813.591 rows=20633 loops=1)
                    Buckets: 32768  Batches: 1  Memory Usage: 982kB
                    ->  Seq Scan on title t  (cost=0.00..73925.90 rows=23771 width=4) (actual time=0.372..805.013 rows=20633 loops=1)
                          Filter: ((kind_id < 7) AND (production_year = 2002))
                          Rows Removed by Filter: 2507679
Planning time: 1.200 ms
Execution time: 20029.863 ms
