Seq Scan on movie_companies mc  (cost=0.00..57926.93 rows=551824 width=0) (actual time=48.850..914.657 rows=271202 loops=1)
  Filter: ((company_id > 13449) AND (company_type_id < 2))
  Rows Removed by Filter: 2337927
Planning time: 0.359 ms
Execution time: 950.288 ms
