Hash Join  (cost=94252.23..139343.03 rows=448373 width=0) (actual time=1874.813..3111.085 rows=248474 loops=1)
  Hash Cond: (mi_idx.movie_id = t.id)
  ->  Seq Scan on movie_info_idx mi_idx  (cost=0.00..25185.44 rows=915101 width=4) (actual time=0.029..502.684 rows=919850 loops=1)
        Filter: (info_type_id < 101)
        Rows Removed by Filter: 460185
  ->  Hash  (cost=73925.90..73925.90 rows=1238906 width=4) (actual time=1873.682..1873.682 rows=1324576 loops=1)
        Buckets: 131072  Batches: 32  Memory Usage: 2484kB
        ->  Seq Scan on title t  (cost=0.00..73925.90 rows=1238906 width=4) (actual time=107.054..1454.125 rows=1324576 loops=1)
              Filter: ((production_year > 1973) AND (kind_id = 7))
              Rows Removed by Filter: 1203736
Planning time: 0.771 ms
Execution time: 3140.203 ms
