Hash Join  (cost=82423.69..1089934.11 rows=4907099 width=0) (actual time=4242.088..25089.741 rows=5132531 loops=1)
  Hash Cond: (ci.movie_id = t.id)
  ->  Seq Scan on cast_info ci  (cost=0.00..796071.18 rows=13737402 width=4) (actual time=2646.172..15489.622 rows=12105906 loops=1)
        Filter: ((person_id > 2047053) AND (role_id < 10))
        Rows Removed by Filter: 24138438
  ->  Hash  (cost=67604.59..67604.59 rows=903208 width=4) (actual time=1594.797..1594.797 rows=904491 loops=1)
        Buckets: 131072  Batches: 16  Memory Usage: 3010kB
        ->  Seq Scan on title t  (cost=0.00..67604.59 rows=903208 width=4) (actual time=0.032..1308.873 rows=904491 loops=1)
              Filter: (production_year > 2006)
              Rows Removed by Filter: 1623821
Planning time: 0.787 ms
Execution time: 25649.093 ms
