Hash Join  (cost=107553.40..861670.67 rows=332804 width=0) (actual time=1949.050..20984.539 rows=1289697 loops=1)
  Hash Cond: (ci.movie_id = t.id)
  ->  Seq Scan on cast_info ci  (cost=0.00..614943.12 rows=36225612 width=4) (actual time=0.027..8291.565 rows=36244344 loops=1)
  ->  Hash  (cost=107263.02..107263.02 rows=23230 width=8) (actual time=1948.761..1948.761 rows=51927 loops=1)
        Buckets: 65536 (originally 32768)  Batches: 1 (originally 1)  Memory Usage: 2541kB
        ->  Hash Join  (cost=76016.62..107263.02 rows=23230 width=8) (actual time=1179.397..1932.939 rows=51927 loops=1)
              Hash Cond: (mi_idx.movie_id = t.id)
              ->  Seq Scan on movie_info_idx mi_idx  (cost=0.00..25185.44 rows=460978 width=4) (actual time=0.013..515.538 rows=459925 loops=1)
                    Filter: (info_type_id < 100)
                    Rows Removed by Filter: 920110
              ->  Hash  (cost=73925.90..73925.90 rows=127417 width=4) (actual time=1175.630..1175.630 rows=227909 loops=1)
                    Buckets: 131072 (originally 131072)  Batches: 4 (originally 2)  Memory Usage: 3073kB
                    ->  Seq Scan on title t  (cost=0.00..73925.90 rows=127417 width=4) (actual time=0.223..1091.170 rows=227909 loops=1)
                          Filter: ((kind_id < 7) AND (production_year < 1967))
                          Rows Removed by Filter: 2300403
Planning time: 1.180 ms
Execution time: 21147.451 ms
