Hash Join  (cost=135978.91..266326.76 rows=684982 width=0) (actual time=3045.405..8669.566 rows=8284064 loops=1)
  Hash Cond: (mk.movie_id = t.id)
  ->  Seq Scan on movie_keyword mk  (cost=0.00..69693.30 rows=4523930 width=4) (actual time=0.013..1578.901 rows=4523930 loops=1)
  ->  Hash  (cost=129697.26..129697.26 rows=382852 width=8) (actual time=3043.891..3043.891 rows=798605 loops=1)
        Buckets: 131072 (originally 131072)  Batches: 16 (originally 8)  Memory Usage: 3073kB
        ->  Hash Join  (cost=85435.26..129697.26 rows=382852 width=8) (actual time=1330.034..2777.519 rows=798605 loops=1)
              Hash Cond: (mi_idx.movie_id = t.id)
              ->  Seq Scan on movie_info_idx mi_idx  (cost=0.00..21735.35 rows=1380035 width=4) (actual time=0.011..409.019 rows=1380035 loops=1)
              ->  Hash  (cost=73925.90..73925.90 rows=701468 width=4) (actual time=1329.025..1329.025 rows=749931 loops=1)
                    Buckets: 131072  Batches: 16  Memory Usage: 2673kB
                    ->  Seq Scan on title t  (cost=0.00..73925.90 rows=701468 width=4) (actual time=0.017..1104.816 rows=749931 loops=1)
                          Filter: ((kind_id < 7) AND (production_year < 2009))
                          Rows Removed by Filter: 1778381
Planning time: 1.168 ms
Execution time: 9664.142 ms
