Seq Scan on cast_info ci  (cost=0.00..705507.15 rows=24013498 width=0) (actual time=0.025..12573.363 rows=24124517 loops=1)
  Filter: (person_id > 1193313)
  Rows Removed by Filter: 12119827
Planning time: 4.160 ms
Execution time: 15459.860 ms
