Nested Loop  (cost=0.43..798787.41 rows=324 width=0) (actual time=3796.496..14958.611 rows=155 loops=1)
  ->  Seq Scan on cast_info ci  (cost=0.00..796071.18 rows=324 width=4) (actual time=3796.308..14955.747 rows=155 loops=1)
        Filter: ((role_id > 1) AND (person_id = 2625558))
        Rows Removed by Filter: 36244189
  ->  Index Only Scan using title_pkey on title t  (cost=0.43..8.37 rows=1 width=4) (actual time=0.017..0.017 rows=1 loops=155)
        Index Cond: (id = ci.movie_id)
        Heap Fetches: 155
Planning time: 3.421 ms
Execution time: 14958.734 ms
