Hash Join  (cost=207540.81..1331881.65 rows=4405359 width=0) (actual time=4867.146..42250.246 rows=34772408 loops=1)
  Hash Cond: (ci.movie_id = t.id)
  ->  Seq Scan on cast_info ci  (cost=0.00..614943.12 rows=36225612 width=4) (actual time=0.019..13646.669 rows=36244344 loops=1)
  ->  Hash  (cost=202495.16..202495.16 rows=307492 width=8) (actual time=4866.066..4866.066 rows=1022131 loops=1)
        Buckets: 131072 (originally 131072)  Batches: 16 (originally 8)  Memory Usage: 3615kB
        ->  Hash Join  (cost=76746.21..202495.16 rows=307492 width=8) (actual time=1300.330..4597.454 rows=1022131 loops=1)
              Hash Cond: (mk.movie_id = t.id)
              ->  Seq Scan on movie_keyword mk  (cost=0.00..69693.30 rows=4523930 width=4) (actual time=0.013..1464.156 rows=4523930 loops=1)
              ->  Hash  (cost=73925.90..73925.90 rows=171864 width=4) (actual time=1299.309..1299.309 rows=275829 loops=1)
                    Buckets: 131072  Batches: 4  Memory Usage: 3460kB
                    ->  Seq Scan on title t  (cost=0.00..73925.90 rows=171864 width=4) (actual time=0.044..1203.543 rows=275829 loops=1)
                          Filter: ((kind_id < 7) AND (production_year < 1975))
                          Rows Removed by Filter: 2252483
Planning time: 2.238 ms
Execution time: 45983.898 ms
