Hash Join  (cost=102767.86..220343.30 rows=1109312 width=0) (actual time=2003.669..4708.264 rows=1118185 loops=1)
  Hash Cond: (mk.movie_id = t.id)
  ->  Seq Scan on movie_keyword mk  (cost=0.00..81003.12 rows=1109312 width=4) (actual time=0.017..1436.837 rows=1118185 loops=1)
        Filter: (keyword_id < 1173)
        Rows Removed by Filter: 3405745
  ->  Hash  (cost=61283.27..61283.27 rows=2528527 width=4) (actual time=2002.898..2002.898 rows=2528312 loops=1)
        Buckets: 131072  Batches: 64  Memory Usage: 2425kB
        ->  Seq Scan on title t  (cost=0.00..61283.27 rows=2528527 width=4) (actual time=0.018..1137.682 rows=2528312 loops=1)
Planning time: 0.741 ms
Execution time: 4836.990 ms
