Seq Scan on movie_keyword mk  (cost=0.00..81003.12 rows=246 width=0) (actual time=86.339..1292.970 rows=6 loops=1)
  Filter: (keyword_id = 79260)
  Rows Removed by Filter: 4523924
Planning time: 2.019 ms
Execution time: 1293.075 ms
