Seq Scan on movie_keyword mk  (cost=0.00..81003.12 rows=246 width=0) (actual time=216.491..1380.510 rows=8 loops=1)
  Filter: (keyword_id = 50005)
  Rows Removed by Filter: 4523922
Planning time: 0.411 ms
Execution time: 1380.603 ms
