Hash Join  (cost=116601.65..186215.78 rows=33317 width=0) (actual time=5666.166..6670.265 rows=19136 loops=1)
  Hash Cond: (mc.movie_id = t.id)
  ->  Seq Scan on movie_companies mc  (cost=0.00..57926.93 rows=952003 width=4) (actual time=0.034..2116.435 rows=639496 loops=1)
        Filter: ((company_id < 37761) AND (company_type_id > 1))
        Rows Removed by Filter: 1969633
  ->  Hash  (cost=115149.50..115149.50 rows=88492 width=8) (actual time=4316.462..4316.462 rows=38618 loops=1)
        Buckets: 131072  Batches: 2  Memory Usage: 1780kB
        ->  Hash Join  (cost=81821.64..115149.50 rows=88492 width=8) (actual time=2979.082..4296.620 rows=38618 loops=1)
              Hash Cond: (mi_idx.movie_id = t.id)
              ->  Seq Scan on movie_info_idx mi_idx  (cost=0.00..25185.44 rows=464934 width=4) (actual time=0.029..1002.700 rows=460185 loops=1)
                    Filter: (info_type_id > 100)
                    Rows Removed by Filter: 919850
              ->  Hash  (cost=73925.90..73925.90 rows=481259 width=4) (actual time=2978.079..2978.079 rows=518327 loops=1)
                    Buckets: 131072  Batches: 8  Memory Usage: 3301kB
                    ->  Seq Scan on title t  (cost=0.00..73925.90 rows=481259 width=4) (actual time=0.033..2645.704 rows=518327 loops=1)
                          Filter: ((production_year > 2007) AND (kind_id = 7))
                          Rows Removed by Filter: 2009985
Planning time: 1.394 ms
Execution time: 6673.188 ms
