Seq Scan on cast_info ci  (cost=0.00..796071.18 rows=15992385 width=0) (actual time=0.012..15851.140 rows=11970639 loops=1)
  Filter: ((person_id < 2535180) AND (role_id > 1))
  Rows Removed by Filter: 24273705
Planning time: 0.391 ms
Execution time: 17341.710 ms
