Hash Join  (cost=185613.21..1441041.24 rows=13204947 width=0) (actual time=10570.334..86040.944 rows=26855020 loops=1)
  Hash Cond: (ci.movie_id = t.id)
  ->  Seq Scan on cast_info ci  (cost=0.00..705507.15 rows=35825176 width=4) (actual time=0.020..45334.002 rows=35818624 loops=1)
        Filter: (person_id < 3981701)
        Rows Removed by Filter: 425720
  ->  Hash  (cost=170322.21..170322.21 rows=932000 width=8) (actual time=10569.117..10569.117 rows=730845 loops=1)
        Buckets: 131072  Batches: 16  Memory Usage: 2780kB
        ->  Hash Join  (cost=82423.69..170322.21 rows=932000 width=8) (actual time=4294.811..10286.562 rows=730845 loops=1)
              Hash Cond: (mc.movie_id = t.id)
              ->  Seq Scan on movie_companies mc  (cost=0.00..44881.29 rows=2609129 width=4) (actual time=0.021..3517.161 rows=2609129 loops=1)
              ->  Hash  (cost=67604.59..67604.59 rows=903208 width=4) (actual time=4293.558..4293.558 rows=904491 loops=1)
                    Buckets: 131072  Batches: 16  Memory Usage: 3010kB
                    ->  Seq Scan on title t  (cost=0.00..67604.59 rows=903208 width=4) (actual time=0.017..3909.015 rows=904491 loops=1)
                          Filter: (production_year > 2006)
                          Rows Removed by Filter: 1623821
Planning time: 2.743 ms
Execution time: 89913.860 ms
