Hash Join  (cost=150943.55..516128.82 rows=52934 width=0) (actual time=6980.266..25782.192 rows=51034 loops=1)
  Hash Cond: (mi.movie_id = t.id)
  ->  Seq Scan on movie_info mi  (cost=0.00..309384.22 rows=14739122 width=4) (actual time=0.018..15216.561 rows=14835720 loops=1)
  ->  Hash  (cost=150830.04..150830.04 rows=9081 width=8) (actual time=6979.506..6979.506 rows=2888 loops=1)
        Buckets: 16384  Batches: 1  Memory Usage: 241kB
        ->  Hash Join  (cost=68426.36..150830.04 rows=9081 width=8) (actual time=3285.788..6977.593 rows=2888 loops=1)
              Hash Cond: (mk.movie_id = t.id)
              ->  Seq Scan on movie_keyword mk  (cost=0.00..81003.12 rows=349264 width=4) (actual time=0.019..3578.448 rows=363692 loops=1)
                    Filter: (keyword_id < 335)
                    Rows Removed by Filter: 4160238
              ->  Hash  (cost=67604.59..67604.59 rows=65742 width=4) (actual time=3284.600..3284.600 rows=63827 loops=1)
                    Buckets: 131072  Batches: 1  Memory Usage: 3268kB
                    ->  Seq Scan on title t  (cost=0.00..67604.59 rows=65742 width=4) (actual time=0.043..3241.713 rows=63827 loops=1)
                          Filter: (production_year = 2013)
                          Rows Removed by Filter: 2464485
Planning time: 1.209 ms
Execution time: 25791.744 ms
