Seq Scan on movie_keyword mk  (cost=0.00..81003.12 rows=246 width=0) (actual time=28.439..1191.917 rows=13 loops=1)
  Filter: (keyword_id = 39578)
  Rows Removed by Filter: 4523917
Planning time: 0.386 ms
Execution time: 1192.019 ms
