Seq Scan on movie_keyword mk  (cost=0.00..81003.12 rows=4335795 width=0) (actual time=0.022..1651.455 rows=4332276 loops=1)
  Filter: (keyword_id < 70503)
  Rows Removed by Filter: 191654
Planning time: 0.367 ms
Execution time: 2200.411 ms
