Hash Join  (cost=84417.00..202637.60 rows=862023 width=0) (actual time=1769.568..4620.725 rows=1141734 loops=1)
  Hash Cond: (mk.movie_id = t.id)
  ->  Seq Scan on movie_keyword mk  (cost=0.00..81003.12 rows=2127000 width=4) (actual time=0.017..1588.052 rows=2126394 loops=1)
        Filter: (keyword_id > 5577)
        Rows Removed by Filter: 2397536
  ->  Hash  (cost=67604.59..67604.59 rows=1024753 width=4) (actual time=1768.106..1768.106 rows=1021752 loops=1)
        Buckets: 131072  Batches: 16  Memory Usage: 3281kB
        ->  Seq Scan on title t  (cost=0.00..67604.59 rows=1024753 width=4) (actual time=0.022..1246.238 rows=1021752 loops=1)
              Filter: (production_year < 2000)
              Rows Removed by Filter: 1506560
Planning time: 0.760 ms
Execution time: 4733.292 ms
