Seq Scan on movie_keyword mk  (cost=0.00..81003.12 rows=3192565 width=0) (actual time=0.025..1525.196 rows=3177931 loops=1)
  Filter: (keyword_id < 12678)
  Rows Removed by Filter: 1345999
Planning time: 0.335 ms
Execution time: 1919.020 ms
