Hash Join  (cost=52284.29..416941.79 rows=157 width=0) (actual time=912.148..19543.466 rows=42900 loops=1)
  Hash Cond: (mi.movie_id = t.id)
  ->  Seq Scan on movie_info mi  (cost=0.00..309384.22 rows=14739122 width=4) (actual time=0.016..14918.182 rows=14835720 loops=1)
  ->  Hash  (cost=52283.95..52283.95 rows=27 width=8) (actual time=908.874..908.874 rows=323 loops=1)
        Buckets: 1024  Batches: 1  Memory Usage: 21kB
        ->  Nested Loop  (cost=0.43..52283.95 rows=27 width=8) (actual time=187.062..908.642 rows=323 loops=1)
              ->  Seq Scan on movie_companies mc  (cost=0.00..51404.11 rows=104 width=4) (actual time=186.996..891.378 rows=324 loops=1)
                    Filter: (company_id = 12209)
                    Rows Removed by Filter: 2608805
              ->  Index Scan using title_pkey on title t  (cost=0.43..8.45 rows=1 width=4) (actual time=0.051..0.052 rows=1 loops=324)
                    Index Cond: (id = mc.movie_id)
                    Filter: (kind_id = 1)
                    Rows Removed by Filter: 0
Planning time: 1.159 ms
Execution time: 19550.257 ms
