Hash Join  (cost=205321.50..353971.28 rows=2187174 width=0) (actual time=4530.966..8315.319 rows=2135448 loops=1)
  Hash Cond: (mk.movie_id = t.id)
  ->  Seq Scan on movie_keyword mk  (cost=0.00..69693.30 rows=4523930 width=4) (actual time=0.011..1402.331 rows=4523930 loops=1)
  ->  Hash  (cost=185264.74..185264.74 rows=1222461 width=8) (actual time=4528.403..4528.403 rows=673681 loops=1)
        Buckets: 131072  Batches: 16  Memory Usage: 2671kB
        ->  Hash Join  (cost=93362.60..185264.74 rows=1222461 width=8) (actual time=1720.348..4320.237 rows=673681 loops=1)
              Hash Cond: (mc.movie_id = t.id)
              ->  Seq Scan on movie_companies mc  (cost=0.00..44881.29 rows=2609129 width=4) (actual time=0.018..948.031 rows=2609129 loops=1)
              ->  Hash  (cost=73925.90..73925.90 rows=1184696 width=4) (actual time=1719.496..1719.496 rows=1143935 loops=1)
                    Buckets: 131072  Batches: 16  Memory Usage: 3541kB
                    ->  Seq Scan on title t  (cost=0.00..73925.90 rows=1184696 width=4) (actual time=0.010..1365.261 rows=1143935 loops=1)
                          Filter: ((kind_id > 3) AND (production_year < 2009))
                          Rows Removed by Filter: 1384377
Planning time: 0.945 ms
Execution time: 8552.287 ms
