Hash Join  (cost=202754.16..696553.48 rows=1311439 width=0) (actual time=11554.641..44609.623 rows=13735908 loops=1)
  Hash Cond: (mi.movie_id = t.id)
  ->  Seq Scan on movie_info mi  (cost=0.00..309384.22 rows=14739122 width=4) (actual time=0.016..20456.319 rows=14835720 loops=1)
  ->  Hash  (cost=199062.91..199062.91 rows=224980 width=8) (actual time=11400.696..11400.696 rows=227176 loops=1)
        Buckets: 131072  Batches: 4  Memory Usage: 3274kB
        ->  Hash Join  (cost=102767.86..199062.91 rows=224980 width=8) (actual time=6244.541..11327.267 rows=227176 loops=1)
              Hash Cond: (mk.movie_id = t.id)
              ->  Seq Scan on movie_keyword mk  (cost=0.00..81003.12 rows=224980 width=4) (actual time=0.015..3594.969 rows=227176 loops=1)
                    Filter: (keyword_id > 63825)
                    Rows Removed by Filter: 4296754
              ->  Hash  (cost=61283.27..61283.27 rows=2528527 width=4) (actual time=6243.179..6243.179 rows=2528312 loops=1)
                    Buckets: 131072  Batches: 64  Memory Usage: 2425kB
                    ->  Seq Scan on title t  (cost=0.00..61283.27 rows=2528527 width=4) (actual time=0.010..4340.289 rows=2528312 loops=1)
Planning time: 2.224 ms
Execution time: 46442.897 ms
