Hash Join  (cost=73994.33..100918.42 rows=998 width=0) (actual time=3855.207..5348.743 rows=3368 loops=1)
  Hash Cond: (mi_idx.movie_id = t.id)
  ->  Seq Scan on movie_info_idx mi_idx  (cost=0.00..25185.44 rows=460978 width=4) (actual time=0.018..1319.939 rows=459925 loops=1)
        Filter: (info_type_id < 100)
        Rows Removed by Filter: 920110
  ->  Hash  (cost=73925.90..73925.90 rows=5474 width=4) (actual time=3838.593..3838.593 rows=16373 loops=1)
        Buckets: 16384 (originally 8192)  Batches: 1 (originally 1)  Memory Usage: 704kB
        ->  Seq Scan on title t  (cost=0.00..73925.90 rows=5474 width=4) (actual time=0.023..3829.528 rows=16373 loops=1)
              Filter: ((kind_id > 1) AND (production_year = 1989))
              Rows Removed by Filter: 2511939
Planning time: 1.579 ms
Execution time: 5349.616 ms
