Hash Join  (cost=428031.99..1294824.74 rows=160334 width=0) (actual time=31107.787..68483.959 rows=25434 loops=1)
  Hash Cond: (ci.movie_id = t.id)
  ->  Seq Scan on cast_info ci  (cost=0.00..796071.18 rows=18431534 width=4) (actual time=10594.981..43026.375 rows=22728817 loops=1)
        Filter: ((person_id < 2843893) AND (role_id < 4))
        Rows Removed by Filter: 13515527
  ->  Hash  (cost=427757.06..427757.06 rows=21995 width=8) (actual time=20497.774..20497.774 rows=2713 loops=1)
        Buckets: 32768  Batches: 1  Memory Usage: 362kB
        ->  Hash Join  (cost=76307.02..427757.06 rows=21995 width=8) (actual time=3833.686..20486.023 rows=2713 loops=1)
              Hash Cond: (mi.movie_id = t.id)
              ->  Seq Scan on movie_info mi  (cost=0.00..346232.03 rows=383217 width=4) (actual time=37.147..16673.654 rows=368218 loops=1)
                    Filter: (info_type_id = 17)
                    Rows Removed by Filter: 14467502
              ->  Hash  (cost=73925.90..73925.90 rows=145129 width=4) (actual time=3669.970..3669.970 rows=33655 loops=1)
                    Buckets: 131072  Batches: 2  Memory Usage: 1623kB
                    ->  Seq Scan on title t  (cost=0.00..73925.90 rows=145129 width=4) (actual time=330.155..3651.778 rows=33655 loops=1)
                          Filter: ((kind_id > 3) AND (production_year < 1958))
                          Rows Removed by Filter: 2494657
Planning time: 2.464 ms
Execution time: 68489.970 ms
