Hash Join  (cost=83073.10..137739.29 rows=67 width=0) (actual time=2793.986..5252.947 rows=3538 loops=1)
  Hash Cond: (mc.movie_id = t.id)
  ->  Seq Scan on movie_companies mc  (cost=0.00..44881.29 rows=2609129 width=4) (actual time=0.016..1898.111 rows=2609129 loops=1)
  ->  Hash  (cost=83072.29..83072.29 rows=65 width=8) (actual time=2793.548..2793.548 rows=286 loops=1)
        Buckets: 1024  Batches: 1  Memory Usage: 20kB
        ->  Nested Loop  (cost=0.43..83072.29 rows=65 width=8) (actual time=31.011..2793.223 rows=286 loops=1)
              ->  Seq Scan on movie_keyword mk  (cost=0.00..81003.12 rows=246 width=4) (actual time=30.947..2732.641 rows=404 loops=1)
                    Filter: (keyword_id = 579)
                    Rows Removed by Filter: 4523526
              ->  Index Scan using title_pkey on title t  (cost=0.43..8.40 rows=1 width=4) (actual time=0.146..0.147 rows=1 loops=404)
                    Index Cond: (id = mk.movie_id)
                    Filter: (kind_id = 1)
                    Rows Removed by Filter: 0
Planning time: 11.318 ms
Execution time: 5264.258 ms
