Seq Scan on movie_companies mc  (cost=0.00..51404.11 rows=104 width=0) (actual time=412.588..1260.338 rows=62 loops=1)
  Filter: (company_id = 18455)
  Rows Removed by Filter: 2609067
Planning time: 0.353 ms
Execution time: 1260.458 ms
