Hash Join  (cost=90234.05..196494.18 rows=542297 width=0) (actual time=3634.617..8416.614 rows=306841 loops=1)
  Hash Cond: (mk.movie_id = t.id)
  ->  Seq Scan on movie_keyword mk  (cost=0.00..81003.12 rows=1379474 width=4) (actual time=0.015..3790.406 rows=1394857 loops=1)
        Filter: (keyword_id > 12009)
        Rows Removed by Filter: 3129073
  ->  Hash  (cost=73925.90..73925.90 rows=994012 width=4) (actual time=3633.292..3633.292 rows=923721 loops=1)
        Buckets: 131072  Batches: 16  Memory Usage: 3063kB
        ->  Seq Scan on title t  (cost=0.00..73925.90 rows=994012 width=4) (actual time=0.030..3272.176 rows=923721 loops=1)
              Filter: ((kind_id > 1) AND (production_year < 2005))
              Rows Removed by Filter: 1604591
Planning time: 0.854 ms
Execution time: 8460.031 ms
