Nested Loop  (cost=0.43..118469.54 rows=3383 width=0) (actual time=1.270..3964.231 rows=4580 loops=1)
  ->  Seq Scan on movie_keyword mk  (cost=0.00..81003.12 rows=5127 width=4) (actual time=1.223..3332.461 rows=4676 loops=1)
        Filter: (keyword_id = 2849)
        Rows Removed by Filter: 4519254
  ->  Index Scan using title_pkey on title t  (cost=0.43..7.30 rows=1 width=4) (actual time=0.134..0.134 rows=1 loops=4676)
        Index Cond: (id = mk.movie_id)
        Filter: (production_year < 2008)
        Rows Removed by Filter: 0
Planning time: 0.752 ms
Execution time: 3965.781 ms
