Hash Join  (cost=200661.55..1057195.29 rows=1345273 width=0) (actual time=25990.593..56104.424 rows=3897485 loops=1)
  Hash Cond: (ci.movie_id = t.id)
  ->  Seq Scan on cast_info ci  (cost=0.00..796071.18 rows=3759955 width=4) (actual time=16354.754..42734.287 rows=4143211 loops=1)
        Filter: ((person_id > 444373) AND (role_id = 10))
        Rows Removed by Filter: 32101133
  ->  Hash  (cost=185819.04..185819.04 rows=904681 width=8) (actual time=9635.009..9635.009 rows=913430 loops=1)
        Buckets: 131072  Batches: 16  Memory Usage: 3262kB
        ->  Hash Join  (cost=102767.86..185819.04 rows=904681 width=8) (actual time=5267.141..9342.680 rows=913430 loops=1)
              Hash Cond: (mc.movie_id = t.id)
              ->  Seq Scan on movie_companies mc  (cost=0.00..51404.11 rows=904681 width=4) (actual time=0.053..2784.444 rows=913430 loops=1)
                    Filter: (company_id > 20565)
                    Rows Removed by Filter: 1695699
              ->  Hash  (cost=61283.27..61283.27 rows=2528527 width=4) (actual time=5265.738..5265.738 rows=2528312 loops=1)
                    Buckets: 131072  Batches: 64  Memory Usage: 2415kB
                    ->  Seq Scan on title t  (cost=0.00..61283.27 rows=2528527 width=4) (actual time=0.016..4084.835 rows=2528312 loops=1)
Planning time: 1.128 ms
Execution time: 56641.269 ms
