Hash Join  (cost=139576.92..946885.12 rows=10336 width=0) (actual time=12538.449..38631.083 rows=56 loops=1)
  Hash Cond: (ci.movie_id = t.id)
  ->  Seq Scan on cast_info ci  (cost=0.00..796071.18 rows=2968976 width=4) (actual time=6335.175..32602.847 rows=2652 loops=1)
        Filter: ((person_id < 1443300) AND (role_id = 2))
        Rows Removed by Filter: 36241692
  ->  Hash  (cost=139466.88..139466.88 rows=8803 width=8) (actual time=6026.244..6026.244 rows=20456 loops=1)
        Buckets: 32768 (originally 16384)  Batches: 1 (originally 1)  Memory Usage: 1056kB
        ->  Hash Join  (cost=78473.92..139466.88 rows=8803 width=8) (actual time=3810.738..6018.680 rows=20456 loops=1)
              Hash Cond: (mc.movie_id = t.id)
              ->  Seq Scan on movie_companies mc  (cost=0.00..57926.93 rows=33597 width=4) (actual time=0.047..1458.495 rows=64854 loops=1)
                    Filter: ((company_id > 180257) AND (company_type_id = 2))
                    Rows Removed by Filter: 2544275
              ->  Hash  (cost=67604.59..67604.59 rows=662507 width=4) (actual time=3809.894..3809.894 rows=662065 loops=1)
                    Buckets: 131072  Batches: 16  Memory Usage: 2481kB
                    ->  Seq Scan on title t  (cost=0.00..67604.59 rows=662507 width=4) (actual time=0.027..3007.768 rows=662065 loops=1)
                          Filter: (production_year > 2008)
                          Rows Removed by Filter: 1866247
Planning time: 1.389 ms
Execution time: 38631.325 ms
