Hash Join  (cost=67697.55..126883.88 rows=980 width=0) (actual time=2478.732..4474.038 rows=1 loops=1)
  Hash Cond: (mc.movie_id = t.id)
  ->  Seq Scan on movie_companies mc  (cost=0.00..57926.93 rows=333225 width=4) (actual time=0.015..1968.557 rows=182228 loops=1)
        Filter: ((company_id < 864) AND (company_type_id = 2))
        Rows Removed by Filter: 2426901
  ->  Hash  (cost=67604.59..67604.59 rows=7437 width=4) (actual time=2456.787..2456.787 rows=8125 loops=1)
        Buckets: 8192  Batches: 1  Memory Usage: 350kB
        ->  Seq Scan on title t  (cost=0.00..67604.59 rows=7437 width=4) (actual time=0.130..2453.052 rows=8125 loops=1)
              Filter: (production_year = 1914)
              Rows Removed by Filter: 2520187
Planning time: 0.681 ms
Execution time: 4474.123 ms
