Seq Scan on movie_keyword mk  (cost=0.00..81003.12 rows=1831579 width=0) (actual time=0.023..1396.032 rows=1836895 loops=1)
  Filter: (keyword_id > 7582)
  Rows Removed by Filter: 2687035
Planning time: 0.361 ms
Execution time: 1624.630 ms
