Hash Join  (cost=263115.61..418158.76 rows=2702138 width=0) (actual time=10257.612..23252.971 rows=19586260 loops=1)
  Hash Cond: (mk.movie_id = t.id)
  ->  Seq Scan on movie_keyword mk  (cost=0.00..81003.12 rows=2618663 width=4) (actual time=0.022..4845.706 rows=2608208 loops=1)
        Filter: (keyword_id < 7078)
        Rows Removed by Filter: 1915722
  ->  Hash  (cost=220309.49..220309.49 rows=2609129 width=8) (actual time=10256.175..10256.175 rows=2609129 loops=1)
        Buckets: 131072  Batches: 64  Memory Usage: 2691kB
        ->  Hash Join  (cost=102767.86..220309.49 rows=2609129 width=8) (actual time=4123.591..9451.614 rows=2609129 loops=1)
              Hash Cond: (mc.movie_id = t.id)
              ->  Seq Scan on movie_companies mc  (cost=0.00..44881.29 rows=2609129 width=4) (actual time=0.012..2495.914 rows=2609129 loops=1)
              ->  Hash  (cost=61283.27..61283.27 rows=2528527 width=4) (actual time=4122.159..4122.159 rows=2528312 loops=1)
                    Buckets: 131072  Batches: 64  Memory Usage: 2415kB
                    ->  Seq Scan on title t  (cost=0.00..61283.27 rows=2528527 width=4) (actual time=0.021..2853.036 rows=2528312 loops=1)
Planning time: 1.102 ms
Execution time: 25768.440 ms
