Seq Scan on cast_info ci  (cost=0.00..796071.18 rows=420 width=0) (actual time=29391.944..40165.776 rows=53 loops=1)
  Filter: ((role_id < 9) AND (person_id = 2388690))
  Rows Removed by Filter: 36244291
Planning time: 0.426 ms
Execution time: 40165.896 ms
