Hash Join  (cost=320024.76..1906035.03 rows=44939001 width=0) (actual time=15311.518..91022.946 rows=46730565 loops=1)
  Hash Cond: (ci.movie_id = t.id)
  ->  Seq Scan on cast_info ci  (cost=0.00..614943.12 rows=36225612 width=4) (actual time=0.019..42008.219 rows=36244344 loops=1)
  ->  Hash  (cost=268562.80..268562.80 rows=3136717 width=8) (actual time=15309.667..15309.667 rows=1621697 loops=1)
        Buckets: 131072  Batches: 64  Memory Usage: 1989kB
        ->  Hash Join  (cost=102689.68..268562.80 rows=3136717 width=8) (actual time=6514.047..14764.066 rows=1621697 loops=1)
              Hash Cond: (mk.movie_id = t.id)
              ->  Seq Scan on movie_keyword mk  (cost=0.00..69693.30 rows=4523930 width=4) (actual time=0.017..4785.202 rows=4523930 loops=1)
              ->  Hash  (cost=73925.90..73925.90 rows=1753182 width=4) (actual time=6512.551..6512.551 rows=1799905 loops=1)
                    Buckets: 131072  Batches: 32  Memory Usage: 3013kB
                    ->  Seq Scan on title t  (cost=0.00..73925.90 rows=1753182 width=4) (actual time=0.028..5190.252 rows=1799905 loops=1)
                          Filter: ((kind_id > 1) AND (production_year > 1917))
                          Rows Removed by Filter: 728407
Planning time: 1.143 ms
Execution time: 96817.698 ms
