Seq Scan on movie_companies mc  (cost=0.00..57926.93 rows=582463 width=0) (actual time=8.661..2587.820 rows=868204 loops=1)
  Filter: ((company_id > 13095) AND (company_type_id = 2))
  Rows Removed by Filter: 1740925
Planning time: 2.641 ms
Execution time: 2739.916 ms
