Hash Join  (cost=121292.64..246608.61 rows=271993 width=0) (actual time=7083.127..16429.754 rows=4044175 loops=1)
  Hash Cond: (mk.movie_id = t.id)
  ->  Seq Scan on movie_keyword mk  (cost=0.00..69693.30 rows=4523930 width=4) (actual time=0.017..5632.736 rows=4523930 loops=1)
  ->  Hash  (cost=118798.35..118798.35 rows=152023 width=8) (actual time=7082.372..7082.372 rows=353189 loops=1)
        Buckets: 131072 (originally 131072)  Batches: 8 (originally 2)  Memory Usage: 3073kB
        ->  Hash Join  (cost=78496.64..118798.35 rows=152023 width=8) (actual time=4420.888..6953.751 rows=353189 loops=1)
              Hash Cond: (mi_idx.movie_id = t.id)
              ->  Seq Scan on movie_info_idx mi_idx  (cost=0.00..21735.35 rows=1380035 width=4) (actual time=0.009..1578.933 rows=1380035 loops=1)
              ->  Hash  (cost=73925.90..73925.90 rows=278539 width=4) (actual time=4420.017..4420.017 rows=392019 loops=1)
                    Buckets: 131072 (originally 131072)  Batches: 8 (originally 4)  Memory Usage: 3073kB
                    ->  Seq Scan on title t  (cost=0.00..73925.90 rows=278539 width=4) (actual time=0.025..3968.747 rows=392019 loops=1)
                          Filter: ((kind_id < 7) AND (production_year < 1991))
                          Rows Removed by Filter: 2136293
Planning time: 1.077 ms
Execution time: 16994.444 ms
