Nested Loop  (cost=0.43..83072.90 rows=59 width=0) (actual time=32.966..3674.739 rows=145 loops=1)
  ->  Seq Scan on movie_keyword mk  (cost=0.00..81003.12 rows=246 width=4) (actual time=26.791..3575.034 rows=186 loops=1)
        Filter: (keyword_id = 2555)
        Rows Removed by Filter: 4523744
  ->  Index Scan using title_pkey on title t  (cost=0.43..8.40 rows=1 width=4) (actual time=0.531..0.532 rows=1 loops=186)
        Index Cond: (id = mk.movie_id)
        Filter: ((kind_id < 7) AND (production_year < 2007))
        Rows Removed by Filter: 0
Planning time: 0.797 ms
Execution time: 3674.988 ms
