Hash Join  (cost=83073.96..137740.37 rows=87 width=0) (actual time=4065.097..6830.849 rows=2762 loops=1)
  Hash Cond: (mc.movie_id = t.id)
  ->  Seq Scan on movie_companies mc  (cost=0.00..44881.29 rows=2609129 width=4) (actual time=0.018..2564.270 rows=2609129 loops=1)
  ->  Hash  (cost=83072.90..83072.90 rows=85 width=8) (actual time=3677.646..3677.646 rows=265 loops=1)
        Buckets: 1024  Batches: 1  Memory Usage: 19kB
        ->  Nested Loop  (cost=0.43..83072.90 rows=85 width=8) (actual time=0.129..3677.296 rows=265 loops=1)
              ->  Seq Scan on movie_keyword mk  (cost=0.00..81003.12 rows=246 width=4) (actual time=0.100..3642.425 rows=283 loops=1)
                    Filter: (keyword_id = 7575)
                    Rows Removed by Filter: 4523647
              ->  Index Scan using title_pkey on title t  (cost=0.43..8.40 rows=1 width=4) (actual time=0.119..0.119 rows=1 loops=283)
                    Index Cond: (id = mk.movie_id)
                    Filter: ((kind_id < 7) AND (production_year < 2012))
                    Rows Removed by Filter: 0
Planning time: 15.818 ms
Execution time: 6831.523 ms
