Hash Join  (cost=83072.30..447728.28 rows=4 width=0) (actual time=6902.091..24506.462 rows=13 loops=1)
  Hash Cond: (mi.movie_id = t.id)
  ->  Seq Scan on movie_info mi  (cost=0.00..309384.22 rows=14739122 width=4) (actual time=0.009..17612.734 rows=14835720 loops=1)
  ->  Hash  (cost=83072.29..83072.29 rows=1 width=8) (actual time=3670.995..3670.995 rows=2 loops=1)
        Buckets: 1024  Batches: 1  Memory Usage: 9kB
        ->  Nested Loop  (cost=0.43..83072.29 rows=1 width=8) (actual time=1093.758..3670.974 rows=2 loops=1)
              ->  Seq Scan on movie_keyword mk  (cost=0.00..81003.12 rows=246 width=4) (actual time=22.833..3614.852 rows=238 loops=1)
                    Filter: (keyword_id = 7075)
                    Rows Removed by Filter: 4523692
              ->  Index Scan using title_pkey on title t  (cost=0.43..8.40 rows=1 width=4) (actual time=0.232..0.232 rows=0 loops=238)
                    Index Cond: (id = mk.movie_id)
                    Filter: (production_year = 1982)
                    Rows Removed by Filter: 1
Planning time: 4.804 ms
Execution time: 24506.590 ms
