Hash Join  (cost=82213.80..115679.52 rows=92878 width=0) (actual time=3939.278..5908.311 rows=137541 loops=1)
  Hash Cond: (mi_idx.movie_id = t.id)
  ->  Seq Scan on movie_info_idx mi_idx  (cost=0.00..25185.44 rows=464934 width=4) (actual time=0.022..1544.661 rows=460185 loops=1)
        Filter: (info_type_id > 100)
        Rows Removed by Filter: 919850
  ->  Hash  (cost=73925.90..73925.90 rows=505112 width=4) (actual time=3938.304..3938.304 rows=392485 loops=1)
        Buckets: 131072  Batches: 8  Memory Usage: 2748kB
        ->  Seq Scan on title t  (cost=0.00..73925.90 rows=505112 width=4) (actual time=0.014..3737.802 rows=392485 loops=1)
              Filter: ((kind_id < 4) AND (production_year > 1998))
              Rows Removed by Filter: 2135827
Planning time: 0.784 ms
Execution time: 5930.640 ms
