Hash Join  (cost=101124.38..161365.03 rows=1537 width=0) (actual time=5244.891..8528.681 rows=16880 loops=1)
  Hash Cond: (mc.movie_id = t.id)
  ->  Seq Scan on movie_companies mc  (cost=0.00..57926.93 rows=612893 width=4) (actual time=0.021..3003.053 rows=836247 loops=1)
        Filter: ((company_id < 11147) AND (company_type_id < 2))
        Rows Removed by Filter: 1772882
  ->  Hash  (cost=101045.09..101045.09 rows=6343 width=8) (actual time=5244.748..5244.748 rows=14217 loops=1)
        Buckets: 16384 (originally 8192)  Batches: 1 (originally 1)  Memory Usage: 684kB
        ->  Hash Join  (cost=74071.18..101045.09 rows=6343 width=8) (actual time=3353.818..5238.886 rows=14217 loops=1)
              Hash Cond: (mi_idx.movie_id = t.id)
              ->  Seq Scan on movie_info_idx mi_idx  (cost=0.00..21735.35 rows=1380035 width=4) (actual time=0.008..1445.115 rows=1380035 loops=1)
              ->  Hash  (cost=73925.90..73925.90 rows=11622 width=4) (actual time=3353.695..3353.695 rows=11141 loops=1)
                    Buckets: 16384  Batches: 1  Memory Usage: 520kB
                    ->  Seq Scan on title t  (cost=0.00..73925.90 rows=11622 width=4) (actual time=0.126..3348.174 rows=11141 loops=1)
                          Filter: ((kind_id < 7) AND (production_year = 1994))
                          Rows Removed by Filter: 2517171
Planning time: 1.152 ms
Execution time: 8531.499 ms
