Nested Loop  (cost=0.43..797958.22 rows=171 width=0) (actual time=716.334..37722.565 rows=110 loops=1)
  ->  Seq Scan on cast_info ci  (cost=0.00..796071.18 rows=224 width=4) (actual time=716.263..37708.488 rows=110 loops=1)
        Filter: ((role_id > 2) AND (person_id = 1053291))
        Rows Removed by Filter: 36244234
  ->  Index Scan using title_pkey on title t  (cost=0.43..8.41 rows=1 width=4) (actual time=0.126..0.127 rows=1 loops=110)
        Index Cond: (id = ci.movie_id)
        Filter: (production_year > 1981)
Planning time: 2.367 ms
Execution time: 37722.673 ms
