Hash Join  (cost=365418.15..1695832.78 rows=31532935 width=0) (actual time=16266.587..95715.540 rows=108824724 loops=1)
  Hash Cond: (ci.movie_id = t.id)
  ->  Seq Scan on cast_info ci  (cost=0.00..705507.15 rows=17624472 width=4) (actual time=0.016..37780.909 rows=17482386 loops=1)
        Filter: (person_id < 1730387)
        Rows Removed by Filter: 18761958
  ->  Hash  (cost=291197.02..291197.02 rows=4523930 width=8) (actual time=16247.275..16247.275 rows=4523930 loops=1)
        Buckets: 131072  Batches: 64  Memory Usage: 3816kB
        ->  Hash Join  (cost=102767.86..291197.02 rows=4523930 width=8) (actual time=5555.624..14850.549 rows=4523930 loops=1)
              Hash Cond: (mk.movie_id = t.id)
              ->  Seq Scan on movie_keyword mk  (cost=0.00..69693.30 rows=4523930 width=4) (actual time=0.017..4665.784 rows=4523930 loops=1)
              ->  Hash  (cost=61283.27..61283.27 rows=2528527 width=4) (actual time=5554.559..5554.559 rows=2528312 loops=1)
                    Buckets: 131072  Batches: 64  Memory Usage: 2425kB
                    ->  Seq Scan on title t  (cost=0.00..61283.27 rows=2528527 width=4) (actual time=0.011..4413.838 rows=2528312 loops=1)
Planning time: 1.096 ms
Execution time: 109188.915 ms
