Seq Scan on title t  (cost=0.00..67604.59 rows=713045 width=0) (actual time=0.037..1101.172 rows=707186 loops=1)
  Filter: (production_year < 1991)
  Rows Removed by Filter: 1821126
Planning time: 0.353 ms
Execution time: 1196.131 ms
