Hash Join  (cost=461157.40..1453932.90 rows=2315496 width=0) (actual time=17472.460..63706.677 rows=1483815 loops=1)
  Hash Cond: (ci.movie_id = t.id)
  ->  Seq Scan on cast_info ci  (cost=0.00..796071.18 rows=14876636 width=4) (actual time=0.016..38452.681 rows=13526526 loops=1)
        Filter: ((person_id > 901663) AND (role_id < 3))
        Rows Removed by Filter: 22717818
  ->  Hash  (cost=454699.95..454699.95 rows=393556 width=8) (actual time=17471.423..17471.423 rows=198556 loops=1)
        Buckets: 131072  Batches: 8  Memory Usage: 1998kB
        ->  Hash Join  (cost=86840.89..454699.95 rows=393556 width=8) (actual time=10142.193..17400.169 rows=198556 loops=1)
              Hash Cond: (mi.movie_id = t.id)
              ->  Seq Scan on movie_info mi  (cost=0.00..346232.03 rows=1264125 width=4) (actual time=5686.140..11985.291 rows=1288928 loops=1)
                    Filter: (info_type_id = 2)
                    Rows Removed by Filter: 13546792
              ->  Hash  (cost=73925.90..73925.90 rows=787199 width=4) (actual time=4454.908..4454.908 rows=872440 loops=1)
                    Buckets: 131072  Batches: 16  Memory Usage: 2956kB
                    ->  Seq Scan on title t  (cost=0.00..73925.90 rows=787199 width=4) (actual time=0.041..4081.761 rows=872440 loops=1)
                          Filter: ((kind_id > 3) AND (production_year > 2003))
                          Rows Removed by Filter: 1655872
Planning time: 1.158 ms
Execution time: 63932.367 ms
