Hash Join  (cost=231570.64..1151327.10 rows=4750704 width=0) (actual time=12417.308..73264.372 rows=50721907 loops=1)
  Hash Cond: (ci.movie_id = t.id)
  ->  Seq Scan on cast_info ci  (cost=0.00..705507.15 rows=12726058 width=4) (actual time=0.020..38824.502 rows=12670688 loops=1)
        Filter: (role_id = 1)
        Rows Removed by Filter: 23573656
  ->  Hash  (cost=216083.74..216083.74 rows=943912 width=8) (actual time=12414.600..12414.600 rows=2745381 loops=1)
        Buckets: 131072 (originally 131072)  Batches: 64 (originally 16)  Memory Usage: 3073kB
        ->  Hash Join  (cost=82581.58..216083.74 rows=943912 width=8) (actual time=4247.014..11535.956 rows=2745381 loops=1)
              Hash Cond: (mk.movie_id = t.id)
              ->  Seq Scan on movie_keyword mk  (cost=0.00..69693.30 rows=4523930 width=4) (actual time=0.011..3965.778 rows=4523930 loops=1)
              ->  Hash  (cost=73925.90..73925.90 rows=527574 width=4) (actual time=4236.951..4236.951 rows=609532 loops=1)
                    Buckets: 131072  Batches: 8  Memory Usage: 3723kB
                    ->  Seq Scan on title t  (cost=0.00..73925.90 rows=527574 width=4) (actual time=0.014..3997.622 rows=609532 loops=1)
                          Filter: ((kind_id < 7) AND (production_year < 2005))
                          Rows Removed by Filter: 1918780
Planning time: 1.127 ms
Execution time: 79624.499 ms
