Hash Join  (cost=130819.81..210162.50 rows=311418 width=0) (actual time=6460.000..11293.221 rows=492003 loops=1)
  Hash Cond: (mc.movie_id = t.id)
  ->  Seq Scan on movie_companies mc  (cost=0.00..44881.29 rows=2609129 width=4) (actual time=0.020..3418.437 rows=2609129 loops=1)
  ->  Hash  (cost=125868.34..125868.34 rows=301797 width=8) (actual time=6459.202..6459.202 rows=207759 loops=1)
        Buckets: 131072  Batches: 4  Memory Usage: 3065kB
        ->  Hash Join  (cost=82997.89..125868.34 rows=301797 width=8) (actual time=3941.952..6390.083 rows=207759 loops=1)
              Hash Cond: (mi_idx.movie_id = t.id)
              ->  Seq Scan on movie_info_idx mi_idx  (cost=0.00..21735.35 rows=1380035 width=4) (actual time=0.012..1603.276 rows=1380035 loops=1)
              ->  Hash  (cost=73925.90..73925.90 rows=552959 width=4) (actual time=3937.936..3937.936 rows=424680 loops=1)
                    Buckets: 131072  Batches: 8  Memory Usage: 2881kB
                    ->  Seq Scan on title t  (cost=0.00..73925.90 rows=552959 width=4) (actual time=0.020..3778.603 rows=424680 loops=1)
                          Filter: ((kind_id > 1) AND (production_year < 1993))
                          Rows Removed by Filter: 2103632
Planning time: 7.407 ms
Execution time: 11366.276 ms
