Hash Join  (cost=219208.77..959820.17 rows=885817 width=0) (actual time=16696.339..47758.827 rows=5165868 loops=1)
  Hash Cond: (ci.movie_id = t.id)
  ->  Seq Scan on cast_info ci  (cost=0.00..705507.15 rows=1863756 width=4) (actual time=5201.353..32486.198 rows=1905428 loops=1)
        Filter: (person_id > 3686876)
        Rows Removed by Filter: 34338916
  ->  Hash  (cost=199491.60..199491.60 rows=1201773 width=8) (actual time=11494.037..11494.037 rows=1274246 loops=1)
        Buckets: 131072 (originally 131072)  Batches: 32 (originally 16)  Memory Usage: 3073kB
        ->  Hash Join  (cost=102767.86..199491.60 rows=1201773 width=8) (actual time=5597.603..11066.063 rows=1274246 loops=1)
              Hash Cond: (mc.movie_id = t.id)
              ->  Seq Scan on movie_companies mc  (cost=0.00..57926.93 rows=1201773 width=4) (actual time=0.025..3692.130 rows=1274246 loops=1)
                    Filter: ((company_id < 129063) AND (company_type_id = 1))
                    Rows Removed by Filter: 1334883
              ->  Hash  (cost=61283.27..61283.27 rows=2528527 width=4) (actual time=5596.538..5596.538 rows=2528312 loops=1)
                    Buckets: 131072  Batches: 64  Memory Usage: 2415kB
                    ->  Seq Scan on title t  (cost=0.00..61283.27 rows=2528527 width=4) (actual time=0.024..4241.444 rows=2528312 loops=1)
Planning time: 1.200 ms
Execution time: 48444.996 ms
