Hash Join  (cost=28268.74..392929.79 rows=513 width=0) (actual time=1230.898..19856.345 rows=84968 loops=1)
  Hash Cond: (mi.movie_id = t.id)
  ->  Seq Scan on movie_info mi  (cost=0.00..309384.22 rows=14739122 width=4) (actual time=0.007..15206.016 rows=14835720 loops=1)
  ->  Hash  (cost=28267.64..28267.64 rows=88 width=8) (actual time=1226.639..1226.639 rows=225 loops=1)
        Buckets: 1024  Batches: 1  Memory Usage: 17kB
        ->  Nested Loop  (cost=0.43..28267.64 rows=88 width=8) (actual time=676.233..1226.545 rows=225 loops=1)
              ->  Seq Scan on movie_info_idx mi_idx  (cost=0.00..25185.44 rows=368 width=4) (actual time=676.142..1206.287 rows=260 loops=1)
                    Filter: (info_type_id > 101)
                    Rows Removed by Filter: 1379775
              ->  Index Scan using title_pkey on title t  (cost=0.43..8.37 rows=1 width=4) (actual time=0.077..0.077 rows=1 loops=260)
                    Index Cond: (id = mi_idx.movie_id)
                    Filter: ((production_year > 1951) AND (kind_id = 1))
                    Rows Removed by Filter: 0
Planning time: 10.737 ms
Execution time: 19868.565 ms
