Hash Join  (cost=174051.61..669226.33 rows=1440280 width=0) (actual time=3969.303..18724.285 rows=4445129 loops=1)
  Hash Cond: (mi.movie_id = t.id)
  ->  Seq Scan on movie_info mi  (cost=0.00..309384.22 rows=14739122 width=4) (actual time=0.014..6500.162 rows=14835720 loops=1)
  ->  Hash  (cost=169997.07..169997.07 rows=247083 width=8) (actual time=3968.502..3968.502 rows=250077 loops=1)
        Buckets: 131072  Batches: 4  Memory Usage: 3473kB
        ->  Hash Join  (cost=102767.86..169997.07 rows=247083 width=8) (actual time=2467.168..3891.172 rows=250077 loops=1)
              Hash Cond: (mc.movie_id = t.id)
              ->  Seq Scan on movie_companies mc  (cost=0.00..51404.11 rows=247083 width=4) (actual time=23.166..841.449 rows=250077 loops=1)
                    Filter: (company_id > 101181)
                    Rows Removed by Filter: 2359052
              ->  Hash  (cost=61283.27..61283.27 rows=2528527 width=4) (actual time=2442.135..2442.135 rows=2528312 loops=1)
                    Buckets: 131072  Batches: 64  Memory Usage: 2415kB
                    ->  Seq Scan on title t  (cost=0.00..61283.27 rows=2528527 width=4) (actual time=0.022..1116.789 rows=2528312 loops=1)
Planning time: 1.142 ms
Execution time: 19242.111 ms
