Seq Scan on cast_info ci  (cost=0.00..796071.18 rows=1429580 width=0) (actual time=3788.340..26397.381 rows=1360 loops=1)
  Filter: ((person_id < 680087) AND (role_id = 2))
  Rows Removed by Filter: 36242984
Planning time: 0.444 ms
Execution time: 26397.746 ms
