Seq Scan on cast_info ci  (cost=0.00..796071.18 rows=267228 width=0) (actual time=17184.597..40108.395 rows=282040 loops=1)
  Filter: ((person_id > 831225) AND (role_id > 10))
  Rows Removed by Filter: 35962304
Planning time: 0.304 ms
Execution time: 40167.148 ms
