Hash Join  (cost=124180.26..211019.70 rows=18140 width=0) (actual time=5324.845..8720.476 rows=164291 loops=1)
  Hash Cond: (mk.movie_id = t.id)
  ->  Seq Scan on movie_keyword mk  (cost=0.00..69693.30 rows=4523930 width=4) (actual time=0.016..4068.896 rows=4523930 loops=1)
  ->  Hash  (cost=124053.53..124053.53 rows=10139 width=8) (actual time=3497.974..3497.974 rows=18478 loops=1)
        Buckets: 32768 (originally 16384)  Batches: 1 (originally 1)  Memory Usage: 978kB
        ->  Nested Loop  (cost=0.43..124053.53 rows=10139 width=8) (actual time=1841.980..3488.840 rows=18478 loops=1)
              ->  Seq Scan on movie_companies mc  (cost=0.00..57926.93 rows=10139 width=4) (actual time=1841.894..2570.159 rows=18478 loops=1)
                    Filter: ((company_id > 217670) AND (company_type_id = 2))
                    Rows Removed by Filter: 2590651
              ->  Index Only Scan using title_pkey on title t  (cost=0.43..6.51 rows=1 width=4) (actual time=0.049..0.049 rows=1 loops=18478)
                    Index Cond: (id = mc.movie_id)
                    Heap Fetches: 18478
Planning time: 1.057 ms
Execution time: 8751.398 ms
