Nested Loop  (cost=0.43..52283.69 rows=104 width=0) (actual time=9.375..2632.811 rows=1440 loops=1)
  ->  Seq Scan on movie_companies mc  (cost=0.00..51404.11 rows=104 width=4) (actual time=9.284..2447.907 rows=1440 loops=1)
        Filter: (company_id = 239)
        Rows Removed by Filter: 2607689
  ->  Index Only Scan using title_pkey on title t  (cost=0.43..8.45 rows=1 width=4) (actual time=0.127..0.128 rows=1 loops=1440)
        Index Cond: (id = mc.movie_id)
        Heap Fetches: 1440
Planning time: 15.979 ms
Execution time: 2633.306 ms
