Seq Scan on movie_keyword mk  (cost=0.00..81003.12 rows=3222612 width=0) (actual time=0.025..5121.833 rows=3207981 loops=1)
  Filter: (keyword_id < 13300)
  Rows Removed by Filter: 1315949
Planning time: 0.682 ms
Execution time: 5638.625 ms
