Nested Loop  (cost=0.43..83072.29 rows=157 width=0) (actual time=1174.740..3338.961 rows=3 loops=1)
  ->  Seq Scan on movie_keyword mk  (cost=0.00..81003.12 rows=246 width=4) (actual time=331.977..3328.056 rows=7 loops=1)
        Filter: (keyword_id = 35771)
        Rows Removed by Filter: 4523923
  ->  Index Scan using title_pkey on title t  (cost=0.43..8.40 rows=1 width=4) (actual time=1.550..1.551 rows=0 loops=7)
        Index Cond: (id = mk.movie_id)
        Filter: (production_year > 1995)
        Rows Removed by Filter: 1
Planning time: 12.572 ms
Execution time: 3339.057 ms
