Hash Join  (cost=160823.02..971492.70 rows=67016 width=0) (actual time=7398.710..51053.472 rows=45779 loops=1)
  Hash Cond: (ci.movie_id = t.id)
  ->  Seq Scan on cast_info ci  (cost=0.00..705507.15 rows=20898479 width=4) (actual time=0.034..38629.356 rows=20780690 loops=1)
        Filter: (person_id < 2092947)
        Rows Removed by Filter: 15463654
  ->  Hash  (cost=160721.67..160721.67 rows=8108 width=8) (actual time=7366.042..7366.042 rows=3874 loops=1)
        Buckets: 8192  Batches: 1  Memory Usage: 216kB
        ->  Hash Join  (cost=73982.55..160721.67 rows=8108 width=8) (actual time=4634.913..7364.541 rows=3874 loops=1)
              Hash Cond: (mk.movie_id = t.id)
              ->  Seq Scan on movie_keyword mk  (cost=0.00..69693.30 rows=4523930 width=4) (actual time=0.030..3207.344 rows=4523930 loops=1)
              ->  Hash  (cost=73925.90..73925.90 rows=4532 width=4) (actual time=3122.336..3122.336 rows=11542 loops=1)
                    Buckets: 16384 (originally 8192)  Batches: 1 (originally 1)  Memory Usage: 534kB
                    ->  Seq Scan on title t  (cost=0.00..73925.90 rows=4532 width=4) (actual time=92.963..3116.311 rows=11542 loops=1)
                          Filter: ((kind_id = 7) AND (production_year = 1988))
                          Rows Removed by Filter: 2516770
Planning time: 10.184 ms
Execution time: 51061.694 ms
