Seq Scan on cast_info ci  (cost=0.00..796071.18 rows=7699486 width=0) (actual time=1264.874..38835.328 rows=12670688 loops=1)
  Filter: ((person_id < 2214645) AND (role_id = 1))
  Rows Removed by Filter: 23573656
Planning time: 0.378 ms
Execution time: 40843.405 ms
