Seq Scan on movie_companies mc  (cost=0.00..51404.11 rows=2531233 width=0) (actual time=0.021..2076.098 rows=2528534 loops=1)
  Filter: (company_id > 11)
  Rows Removed by Filter: 80595
Planning time: 0.342 ms
Execution time: 2454.939 ms
