Seq Scan on movie_companies mc  (cost=0.00..51404.11 rows=1216132 width=0) (actual time=0.023..951.522 rows=1229168 loops=1)
  Filter: (company_id > 11928)
  Rows Removed by Filter: 1379961
Planning time: 0.337 ms
Execution time: 1103.127 ms
