Hash Join  (cost=121571.11..189173.93 rows=79152 width=0) (actual time=7522.640..8696.972 rows=76797 loops=1)
  Hash Cond: (mc.movie_id = t.id)
  ->  Seq Scan on movie_companies mc  (cost=0.00..51404.11 rows=1279517 width=4) (actual time=0.015..2739.078 rows=1274246 loops=1)
        Filter: (company_type_id < 2)
        Rows Removed by Filter: 1334883
  ->  Hash  (cost=119004.91..119004.91 rows=156416 width=8) (actual time=5336.565..5336.565 rows=61761 loops=1)
        Buckets: 131072  Batches: 4  Memory Usage: 1624kB
        ->  Hash Join  (cost=78628.27..119004.91 rows=156416 width=8) (actual time=3373.824..5316.687 rows=61761 loops=1)
              Hash Cond: (mi_idx.movie_id = t.id)
              ->  Seq Scan on movie_info_idx mi_idx  (cost=0.00..21735.35 rows=1380035 width=4) (actual time=0.027..1292.564 rows=1380035 loops=1)
              ->  Hash  (cost=73925.90..73925.90 rows=286589 width=4) (actual time=3372.772..3372.772 rows=177340 loops=1)
                    Buckets: 131072  Batches: 4  Memory Usage: 2581kB
                    ->  Seq Scan on title t  (cost=0.00..73925.90 rows=286589 width=4) (actual time=0.025..3308.909 rows=177340 loops=1)
                          Filter: ((production_year < 1977) AND (kind_id = 7))
                          Rows Removed by Filter: 2350972
Planning time: 33.332 ms
Execution time: 8707.228 ms
