Hash Join  (cost=1244357.87..2295682.51 rows=41543125 width=0) (actual time=52212.842..95027.160 rows=40853247 loops=1)
  Hash Cond: (mi.movie_id = t.id)
  ->  Seq Scan on movie_info mi  (cost=0.00..346232.03 rows=12665229 width=4) (actual time=0.011..21191.429 rows=12744652 loops=1)
        Filter: (info_type_id > 2)
        Rows Removed by Filter: 2091068
  ->  Hash  (cost=1108287.34..1108287.34 rows=8293803 width=8) (actual time=52211.075..52211.075 rows=3586128 loops=1)
        Buckets: 131072  Batches: 128  Memory Usage: 2169kB
        ->  Hash Join  (cost=102767.86..1108287.34 rows=8293803 width=8) (actual time=22291.262..50996.999 rows=3586128 loops=1)
              Hash Cond: (ci.movie_id = t.id)
              ->  Seq Scan on cast_info ci  (cost=0.00..796071.18 rows=8293803 width=4) (actual time=16821.028..41486.881 rows=3586128 loops=1)
                    Filter: ((person_id > 1238724) AND (role_id < 2))
                    Rows Removed by Filter: 32658216
              ->  Hash  (cost=61283.27..61283.27 rows=2528527 width=4) (actual time=5468.229..5468.229 rows=2528312 loops=1)
                    Buckets: 131072  Batches: 64  Memory Usage: 2415kB
                    ->  Seq Scan on title t  (cost=0.00..61283.27 rows=2528527 width=4) (actual time=0.018..4424.042 rows=2528312 loops=1)
Planning time: 13.004 ms
Execution time: 100559.945 ms
