Hash Join  (cost=365418.15..1822221.66 rows=33393230 width=0) (actual time=8526.448..55573.586 rows=85042031 loops=1)
  Hash Cond: (ci.movie_id = t.id)
  ->  Seq Scan on cast_info ci  (cost=0.00..796071.18 rows=18664233 width=4) (actual time=0.014..17499.485 rows=16065161 loops=1)
        Filter: ((person_id < 2921368) AND (role_id > 1))
        Rows Removed by Filter: 20179183
  ->  Hash  (cost=291197.02..291197.02 rows=4523930 width=8) (actual time=8525.184..8525.184 rows=4523930 loops=1)
        Buckets: 131072  Batches: 64  Memory Usage: 3816kB
        ->  Hash Join  (cost=102767.86..291197.02 rows=4523930 width=8) (actual time=2246.264..7280.777 rows=4523930 loops=1)
              Hash Cond: (mk.movie_id = t.id)
              ->  Seq Scan on movie_keyword mk  (cost=0.00..69693.30 rows=4523930 width=4) (actual time=0.017..1422.900 rows=4523930 loops=1)
              ->  Hash  (cost=61283.27..61283.27 rows=2528527 width=4) (actual time=2245.376..2245.376 rows=2528312 loops=1)
                    Buckets: 131072  Batches: 64  Memory Usage: 2425kB
                    ->  Seq Scan on title t  (cost=0.00..61283.27 rows=2528527 width=4) (actual time=0.014..1084.511 rows=2528312 loops=1)
Planning time: 1.140 ms
Execution time: 65062.988 ms
