Seq Scan on movie_keyword mk  (cost=0.00..81003.12 rows=3141008 width=0) (actual time=0.013..3590.676 rows=3125529 loops=1)
  Filter: (keyword_id > 1888)
  Rows Removed by Filter: 1398401
Planning time: 0.284 ms
Execution time: 4052.906 ms
