Hash Join  (cost=118204.69..492366.28 rows=176075 width=0) (actual time=6129.842..21906.948 rows=828279 loops=1)
  Hash Cond: (mi.movie_id = t.id)
  ->  Seq Scan on movie_info mi  (cost=0.00..346232.03 rows=2194617 width=4) (actual time=0.017..14434.476 rows=2233850 loops=1)
        Filter: (info_type_id > 16)
        Rows Removed by Filter: 12601870
  ->  Hash  (cost=114875.88..114875.88 rows=202865 width=8) (actual time=6128.987..6128.987 rows=218781 loops=1)
        Buckets: 131072  Batches: 4  Memory Usage: 3173kB
        ->  Hash Join  (cost=73702.75..114875.88 rows=202865 width=8) (actual time=3721.611..6057.045 rows=218781 loops=1)
              Hash Cond: (mi_idx.movie_id = t.id)
              ->  Seq Scan on movie_info_idx mi_idx  (cost=0.00..21735.35 rows=1380035 width=4) (actual time=0.021..1459.573 rows=1380035 loops=1)
              ->  Hash  (cost=67604.59..67604.59 rows=371693 width=4) (actual time=3720.343..3720.343 rows=366430 loops=1)
                    Buckets: 131072  Batches: 8  Memory Usage: 2627kB
                    ->  Seq Scan on title t  (cost=0.00..67604.59 rows=371693 width=4) (actual time=0.020..3559.564 rows=366430 loops=1)
                          Filter: (production_year < 1970)
                          Rows Removed by Filter: 2161882
Planning time: 1.224 ms
Execution time: 22020.514 ms
