Hash Join  (cost=129928.18..217277.17 rows=69095 width=0) (actual time=3158.998..5683.749 rows=353600 loops=1)
  Hash Cond: (mk.movie_id = t.id)
  ->  Seq Scan on movie_keyword mk  (cost=0.00..69693.30 rows=4523930 width=4) (actual time=0.014..1103.438 rows=4523930 loops=1)
  ->  Hash  (cost=129445.44..129445.44 rows=38619 width=8) (actual time=3064.963..3064.963 rows=213312 loops=1)
        Buckets: 131072 (originally 65536)  Batches: 2 (originally 1)  Memory Usage: 5186kB
        ->  Hash Join  (cost=74393.73..129445.44 rows=38619 width=8) (actual time=1176.737..2993.439 rows=213312 loops=1)
              Hash Cond: (mc.movie_id = t.id)
              ->  Seq Scan on movie_companies mc  (cost=0.00..44881.29 rows=2609129 width=4) (actual time=0.021..687.955 rows=2609129 loops=1)
              ->  Hash  (cost=73925.90..73925.90 rows=37426 width=4) (actual time=1176.290..1176.290 rows=112512 loops=1)
                    Buckets: 131072 (originally 65536)  Batches: 2 (originally 1)  Memory Usage: 3073kB
                    ->  Seq Scan on title t  (cost=0.00..73925.90 rows=37426 width=4) (actual time=278.138..1127.573 rows=112512 loops=1)
                          Filter: ((kind_id < 4) AND (production_year < 1929))
                          Rows Removed by Filter: 2415800
Planning time: 5.838 ms
Execution time: 5728.880 ms
