Nested Loop  (cost=0.43..709674.40 rows=245 width=0) (actual time=6938.968..11592.368 rows=48 loops=1)
  ->  Seq Scan on cast_info ci  (cost=0.00..705507.15 rows=500 width=4) (actual time=1539.229..11589.457 rows=139 loops=1)
        Filter: (person_id = 78988)
        Rows Removed by Filter: 36244205
  ->  Index Scan using title_pkey on title t  (cost=0.43..8.32 rows=1 width=4) (actual time=0.020..0.020 rows=0 loops=139)
        Index Cond: (id = ci.movie_id)
        Filter: ((production_year > 1973) AND (kind_id = 7))
        Rows Removed by Filter: 1
Planning time: 1.007 ms
Execution time: 11592.480 ms
