Seq Scan on movie_keyword mk  (cost=0.00..81003.12 rows=4453563 width=0) (actual time=0.012..1469.940 rows=4449218 loops=1)
  Filter: (keyword_id > 66)
  Rows Removed by Filter: 74712
Planning time: 0.245 ms
Execution time: 1975.892 ms
