Hash Join  (cost=124186.80..1187061.62 rows=2829971 width=0) (actual time=2731.562..35930.330 rows=11867727 loops=1)
  Hash Cond: (ci.movie_id = t.id)
  ->  Seq Scan on cast_info ci  (cost=0.00..614943.12 rows=36225612 width=4) (actual time=0.023..13452.441 rows=36244344 loops=1)
  ->  Hash  (cost=120945.67..120945.67 rows=197530 width=8) (actual time=2730.640..2730.640 rows=453658 loops=1)
        Buckets: 131072 (originally 131072)  Batches: 8 (originally 4)  Memory Usage: 3247kB
        ->  Hash Join  (cost=79863.89..120945.67 rows=197530 width=8) (actual time=1359.301..2586.221 rows=453658 loops=1)
              Hash Cond: (mi_idx.movie_id = t.id)
              ->  Seq Scan on movie_info_idx mi_idx  (cost=0.00..21735.35 rows=1380035 width=4) (actual time=0.009..399.709 rows=1380035 loops=1)
              ->  Hash  (cost=73925.90..73925.90 rows=361919 width=4) (actual time=1358.700..1358.700 rows=470371 loops=1)
                    Buckets: 131072  Batches: 8  Memory Usage: 3103kB
                    ->  Seq Scan on title t  (cost=0.00..73925.90 rows=361919 width=4) (actual time=0.019..1211.825 rows=470371 loops=1)
                          Filter: ((kind_id < 7) AND (production_year < 1998))
                          Rows Removed by Filter: 2057941
Planning time: 0.759 ms
Execution time: 37237.433 ms
