Hash Join  (cost=89472.60..178001.95 rows=977782 width=0) (actual time=1914.061..4454.292 rows=465794 loops=1)
  Hash Cond: (mc.movie_id = t.id)
  ->  Seq Scan on movie_companies mc  (cost=0.00..44881.29 rows=2609129 width=4) (actual time=0.020..884.277 rows=2609129 loops=1)
  ->  Hash  (cost=73925.90..73925.90 rows=947576 width=4) (actual time=1543.980..1543.980 rows=876037 loops=1)
        Buckets: 131072  Batches: 16  Memory Usage: 2949kB
        ->  Seq Scan on title t  (cost=0.00..73925.90 rows=947576 width=4) (actual time=127.528..1261.730 rows=876037 loops=1)
              Filter: ((production_year < 2007) AND (kind_id = 7))
              Rows Removed by Filter: 1652275
Planning time: 0.758 ms
Execution time: 4513.423 ms
