Nested Loop  (cost=0.43..83071.67 rows=246 width=0) (actual time=35.734..1320.193 rows=132 loops=1)
  ->  Seq Scan on movie_keyword mk  (cost=0.00..81003.12 rows=246 width=4) (actual time=35.643..1311.607 rows=132 loops=1)
        Filter: (keyword_id = 7550)
        Rows Removed by Filter: 4523798
  ->  Index Only Scan using title_pkey on title t  (cost=0.43..8.40 rows=1 width=4) (actual time=0.057..0.058 rows=1 loops=132)
        Index Cond: (id = mk.movie_id)
        Heap Fetches: 132
Planning time: 0.785 ms
Execution time: 1320.360 ms
