Hash Join  (cost=84197.31..482129.96 rows=1227189 width=0) (actual time=4537.981..9542.382 rows=1283187 loops=1)
  Hash Cond: (mi.movie_id = t.id)
  ->  Seq Scan on movie_info mi  (cost=0.00..346232.03 rows=3068194 width=4) (actual time=2898.445..5786.554 rows=3036719 loops=1)
        Filter: (info_type_id = 16)
        Rows Removed by Filter: 11799001
  ->  Hash  (cost=67604.59..67604.59 rows=1011338 width=4) (actual time=1638.384..1638.384 rows=1012920 loops=1)
        Buckets: 131072  Batches: 16  Memory Usage: 3256kB
        ->  Seq Scan on title t  (cost=0.00..67604.59 rows=1011338 width=4) (actual time=0.025..1299.155 rows=1012920 loops=1)
              Filter: (production_year > 2005)
              Rows Removed by Filter: 1515392
Planning time: 1.781 ms
Execution time: 9702.820 ms
