Hash Join  (cost=93117.31..913554.01 rows=593182 width=0) (actual time=7003.854..14299.091 rows=173063 loops=1)
  Hash Cond: (ci.movie_id = t.id)
  ->  Seq Scan on cast_info ci  (cost=0.00..796071.18 rows=964539 width=4) (actual time=4772.273..11635.974 rows=310423 loops=1)
        Filter: ((person_id < 777797) AND (role_id = 10))
        Rows Removed by Filter: 35933921
  ->  Hash  (cost=67604.59..67604.59 rows=1555018 width=4) (actual time=2229.917..2229.917 rows=1551727 loops=1)
        Buckets: 131072  Batches: 32  Memory Usage: 2728kB
        ->  Seq Scan on title t  (cost=0.00..67604.59 rows=1555018 width=4) (actual time=0.020..1298.875 rows=1551727 loops=1)
              Filter: (production_year < 2007)
              Rows Removed by Filter: 976585
Planning time: 0.726 ms
Execution time: 14319.591 ms
