Hash Join  (cost=910614.88..1291888.50 rows=181815 width=0) (actual time=14606.382..25307.297 rows=1082787 loops=1)
  Hash Cond: (mi.movie_id = t.id)
  ->  Seq Scan on movie_info mi  (cost=0.00..346232.03 rows=8859586 width=4) (actual time=0.013..6508.649 rows=8966694 loops=1)
        Filter: (info_type_id < 15)
        Rows Removed by Filter: 5869026
  ->  Hash  (cost=909966.25..909966.25 rows=51890 width=8) (actual time=14605.977..14605.977 rows=205272 loops=1)
        Buckets: 131072 (originally 65536)  Batches: 4 (originally 1)  Memory Usage: 3073kB
        ->  Hash Join  (cost=102767.86..909966.25 rows=51890 width=8) (actual time=10156.515..14531.478 rows=205272 loops=1)
              Hash Cond: (ci.movie_id = t.id)
              ->  Seq Scan on cast_info ci  (cost=0.00..796071.18 rows=51890 width=4) (actual time=8249.331..12010.892 rows=205272 loops=1)
                    Filter: ((person_id > 3111756) AND (role_id > 10))
                    Rows Removed by Filter: 36039072
              ->  Hash  (cost=61283.27..61283.27 rows=2528527 width=4) (actual time=1906.215..1906.215 rows=2528312 loops=1)
                    Buckets: 131072  Batches: 64  Memory Usage: 2415kB
                    ->  Seq Scan on title t  (cost=0.00..61283.27 rows=2528527 width=4) (actual time=0.008..1058.054 rows=2528312 loops=1)
Planning time: 2.976 ms
Execution time: 25447.553 ms
