Seq Scan on cast_info ci  (cost=0.00..796071.18 rows=168 width=0) (actual time=10232.383..13437.456 rows=1610 loops=1)
  Filter: ((role_id > 3) AND (person_id = 3164938))
  Rows Removed by Filter: 36242734
Planning time: 0.412 ms
Execution time: 13437.767 ms
