Seq Scan on cast_info ci  (cost=0.00..796071.18 rows=1739057 width=0) (actual time=1291.187..12350.857 rows=5218837 loops=1)
  Filter: ((person_id > 3141119) AND (role_id > 3))
  Rows Removed by Filter: 31025507
Planning time: 0.332 ms
Execution time: 12996.833 ms
