Hash Join  (cost=469224.60..1425364.76 rows=1620308 width=0) (actual time=12777.028..36316.691 rows=2815798 loops=1)
  Hash Cond: (ci.movie_id = t.id)
  ->  Seq Scan on cast_info ci  (cost=0.00..796071.18 rows=12330113 width=4) (actual time=3625.566..16498.387 rows=18801616 loops=1)
        Filter: ((person_id > 1689096) AND (role_id > 1))
        Rows Removed by Filter: 17442728
  ->  Hash  (cost=463773.16..463773.16 rows=332275 width=8) (actual time=9150.187..9150.187 rows=314366 loops=1)
        Buckets: 131072  Batches: 8  Memory Usage: 2560kB
        ->  Hash Join  (cost=71408.55..463773.16 rows=332275 width=8) (actual time=1585.725..9051.949 rows=314366 loops=1)
              Hash Cond: (mi.movie_id = t.id)
              ->  Seq Scan on movie_info mi  (cost=0.00..346232.03 rows=3623957 width=4) (actual time=340.433..6130.660 rows=3624977 loops=1)
                    Filter: (info_type_id < 4)
                    Rows Removed by Filter: 11210743
              ->  Hash  (cost=67604.59..67604.59 rows=231837 width=4) (actual time=1244.253..1244.253 rows=231649 loops=1)
                    Buckets: 131072  Batches: 4  Memory Usage: 3082kB
                    ->  Seq Scan on title t  (cost=0.00..67604.59 rows=231837 width=4) (actual time=0.033..1154.701 rows=231649 loops=1)
                          Filter: (production_year > 2011)
                          Rows Removed by Filter: 2296663
Planning time: 1.545 ms
Execution time: 36604.628 ms
