Hash Join  (cost=799584.58..1164264.99 rows=2448 width=0) (actual time=15111.178..21948.829 rows=490 loops=1)
  Hash Cond: (mi.movie_id = t.id)
  ->  Seq Scan on movie_info mi  (cost=0.00..309384.22 rows=14739122 width=4) (actual time=0.013..4280.186 rows=14835720 loops=1)
  ->  Hash  (cost=799579.33..799579.33 rows=420 width=8) (actual time=15070.696..15070.696 rows=253 loops=1)
        Buckets: 1024  Batches: 1  Memory Usage: 18kB
        ->  Nested Loop  (cost=0.43..799579.33 rows=420 width=8) (actual time=326.651..15070.538 rows=253 loops=1)
              ->  Seq Scan on cast_info ci  (cost=0.00..796071.18 rows=420 width=4) (actual time=326.569..15065.943 rows=253 loops=1)
                    Filter: ((role_id < 9) AND (person_id = 1678121))
                    Rows Removed by Filter: 36244091
              ->  Index Only Scan using title_pkey on title t  (cost=0.43..8.34 rows=1 width=4) (actual time=0.017..0.017 rows=1 loops=253)
                    Index Cond: (id = ci.movie_id)
                    Heap Fetches: 253
Planning time: 1.171 ms
Execution time: 21949.113 ms
