Seq Scan on cast_info ci  (cost=0.00..705507.15 rows=22714304 width=0) (actual time=0.024..13616.273 rows=22585688 loops=1)
  Filter: (person_id < 2304017)
  Rows Removed by Filter: 13658656
Planning time: 0.342 ms
Execution time: 16439.790 ms
