Hash Join  (cost=58375.94..809172.27 rows=716 width=0) (actual time=885.683..16431.470 rows=409 loops=1)
  Hash Cond: (ci.movie_id = t.id)
  ->  Seq Scan on cast_info ci  (cost=0.00..614943.12 rows=36225612 width=4) (actual time=0.016..8843.967 rows=36244344 loops=1)
  ->  Hash  (cost=58375.31..58375.31 rows=50 width=8) (actual time=874.118..874.118 rows=3 loops=1)
        Buckets: 1024  Batches: 1  Memory Usage: 9kB
        ->  Nested Loop  (cost=0.43..58375.31 rows=50 width=8) (actual time=553.872..874.104 rows=3 loops=1)
              ->  Seq Scan on movie_companies mc  (cost=0.00..57926.93 rows=53 width=4) (actual time=553.835..873.987 rows=3 loops=1)
                    Filter: ((company_type_id > 1) AND (company_id = 89822))
                    Rows Removed by Filter: 2609126
              ->  Index Scan using title_pkey on title t  (cost=0.43..8.45 rows=1 width=4) (actual time=0.032..0.033 rows=1 loops=3)
                    Index Cond: (id = mc.movie_id)
                    Filter: (production_year < 2013)
Planning time: 1.166 ms
Execution time: 16431.955 ms
