Hash Join  (cost=83074.74..110004.13 rows=45 width=0) (actual time=1353.025..1808.170 rows=7 loops=1)
  Hash Cond: (mi_idx.movie_id = t.id)
  ->  Seq Scan on movie_info_idx mi_idx  (cost=0.00..25185.44 rows=464934 width=4) (actual time=0.024..439.109 rows=460185 loops=1)
        Filter: (info_type_id > 100)
        Rows Removed by Filter: 919850
  ->  Hash  (cost=83071.67..83071.67 rows=246 width=8) (actual time=1306.212..1306.212 rows=9 loops=1)
        Buckets: 1024  Batches: 1  Memory Usage: 9kB
        ->  Nested Loop  (cost=0.43..83071.67 rows=246 width=8) (actual time=211.035..1306.192 rows=9 loops=1)
              ->  Seq Scan on movie_keyword mk  (cost=0.00..81003.12 rows=246 width=4) (actual time=210.939..1305.735 rows=9 loops=1)
                    Filter: (keyword_id = 34295)
                    Rows Removed by Filter: 4523921
              ->  Index Only Scan using title_pkey on title t  (cost=0.43..8.40 rows=1 width=4) (actual time=0.042..0.042 rows=1 loops=9)
                    Index Cond: (id = mk.movie_id)
                    Heap Fetches: 9
Planning time: 1.157 ms
Execution time: 1808.298 ms
