Seq Scan on movie_companies mc  (cost=0.00..57926.93 rows=51 width=0) (actual time=64.061..790.426 rows=6 loops=1)
  Filter: ((company_id = 29859) AND (company_type_id = 1))
  Rows Removed by Filter: 2609123
Planning time: 0.659 ms
Execution time: 790.513 ms
