Seq Scan on cast_info ci  (cost=0.00..796071.18 rows=2522786 width=0) (actual time=6346.351..13334.381 rows=2167 loops=1)
  Filter: ((person_id < 1227821) AND (role_id = 2))
  Rows Removed by Filter: 36242177
Planning time: 0.355 ms
Execution time: 13334.938 ms
