Hash Join  (cost=170969.16..956035.98 rows=446848 width=0) (actual time=6010.144..20324.989 rows=1506722 loops=1)
  Hash Cond: (ci.movie_id = t.id)
  ->  Seq Scan on cast_info ci  (cost=0.00..705507.15 rows=20024311 width=4) (actual time=2938.383..12801.705 rows=20122661 loops=1)
        Filter: (role_id < 3)
        Rows Removed by Filter: 16121683
  ->  Hash  (cost=170263.85..170263.85 rows=56425 width=8) (actual time=3071.164..3071.164 rows=56457 loops=1)
        Buckets: 65536  Batches: 1  Memory Usage: 2718kB
        ->  Hash Join  (cost=69002.72..170263.85 rows=56425 width=8) (actual time=1105.386..3056.110 rows=56457 loops=1)
              Hash Cond: (mk.movie_id = t.id)
              ->  Seq Scan on movie_keyword mk  (cost=0.00..81003.12 rows=1674334 width=4) (actual time=0.043..1174.875 rows=1685685 loops=1)
                    Filter: (keyword_id > 8606)
                    Rows Removed by Filter: 2838245
              ->  Hash  (cost=67604.59..67604.59 rows=85211 width=4) (actual time=1103.427..1103.427 rows=84593 loops=1)
                    Buckets: 131072  Batches: 2  Memory Usage: 2524kB
                    ->  Seq Scan on title t  (cost=0.00..67604.59 rows=85211 width=4) (actual time=0.031..1068.203 rows=84593 loops=1)
                          Filter: (production_year = 2004)
                          Rows Removed by Filter: 2443719
Planning time: 1.113 ms
Execution time: 20500.344 ms
