Hash Join  (cost=102767.86..185951.39 rows=639052 width=0) (actual time=2007.576..3750.966 rows=404942 loops=1)
  Hash Cond: (mc.movie_id = t.id)
  ->  Seq Scan on movie_companies mc  (cost=0.00..57926.93 rows=639052 width=4) (actual time=0.025..1024.719 rows=404942 loops=1)
        Filter: ((company_id < 11149) AND (company_type_id = 2))
        Rows Removed by Filter: 2204187
  ->  Hash  (cost=61283.27..61283.27 rows=2528527 width=4) (actual time=2005.504..2005.504 rows=2528312 loops=1)
        Buckets: 131072  Batches: 64  Memory Usage: 2415kB
        ->  Seq Scan on title t  (cost=0.00..61283.27 rows=2528527 width=4) (actual time=0.022..1143.041 rows=2528312 loops=1)
Planning time: 0.939 ms
Execution time: 3799.781 ms
