Seq Scan on movie_keyword mk  (cost=0.00..81003.12 rows=2495599 width=0) (actual time=0.021..1599.463 rows=2488472 loops=1)
  Filter: (keyword_id < 6058)
  Rows Removed by Filter: 2035458
Planning time: 0.215 ms
Execution time: 1913.893 ms
