Nested Loop  (cost=0.43..709671.90 rows=500 width=0) (actual time=2663.975..10936.414 rows=35 loops=1)
  ->  Seq Scan on cast_info ci  (cost=0.00..705507.15 rows=500 width=4) (actual time=2663.796..10935.715 rows=35 loops=1)
        Filter: (person_id = 2998637)
        Rows Removed by Filter: 36244309
  ->  Index Only Scan using title_pkey on title t  (cost=0.43..8.32 rows=1 width=4) (actual time=0.016..0.017 rows=1 loops=35)
        Index Cond: (id = ci.movie_id)
        Heap Fetches: 35
Planning time: 0.784 ms
Execution time: 10936.495 ms
