Seq Scan on movie_companies mc  (cost=0.00..57926.93 rows=51 width=0) (actual time=156.920..813.465 rows=8 loops=1)
  Filter: ((company_id = 17255) AND (company_type_id = 1))
  Rows Removed by Filter: 2609121
Planning time: 3.439 ms
Execution time: 813.563 ms
