Hash Join  (cost=74456.32..831324.76 rows=607928 width=0) (actual time=1106.997..21202.514 rows=612453 loops=1)
  Hash Cond: (ci.movie_id = t.id)
  ->  Seq Scan on cast_info ci  (cost=0.00..614943.12 rows=36225612 width=4) (actual time=0.022..9393.582 rows=36244344 loops=1)
  ->  Hash  (cost=73925.90..73925.90 rows=42433 width=4) (actual time=1106.580..1106.580 rows=37411 loops=1)
        Buckets: 65536  Batches: 1  Memory Usage: 1828kB
        ->  Seq Scan on title t  (cost=0.00..73925.90 rows=42433 width=4) (actual time=0.025..1091.753 rows=37411 loops=1)
              Filter: ((kind_id = 1) AND (production_year = 2011))
              Rows Removed by Filter: 2490901
Planning time: 1.187 ms
Execution time: 21302.231 ms
