Seq Scan on cast_info ci  (cost=0.00..705507.15 rows=6196253 width=0) (actual time=126.666..11436.385 rows=6090364 loops=1)
  Filter: (person_id < 587802)
  Rows Removed by Filter: 30153980
Planning time: 0.349 ms
Execution time: 12149.169 ms
