Seq Scan on movie_info mi  (cost=0.00..346232.03 rows=1071243 width=0) (actual time=3565.876..5253.142 rows=1128585 loops=1)
  Filter: (info_type_id > 61)
  Rows Removed by Filter: 13707135
Planning time: 1.946 ms
Execution time: 5403.451 ms
