Hash Join  (cost=134310.16..886504.36 rows=140503 width=0) (actual time=2294.284..18764.650 rows=248169 loops=1)
  Hash Cond: (ci.movie_id = t.id)
  ->  Seq Scan on cast_info ci  (cost=0.00..614943.12 rows=36225612 width=4) (actual time=0.023..8665.875 rows=36244344 loops=1)
  ->  Hash  (cost=134187.57..134187.57 rows=9807 width=8) (actual time=2293.517..2293.517 rows=6760 loops=1)
        Buckets: 16384  Batches: 1  Memory Usage: 393kB
        ->  Hash Join  (cost=74747.02..134187.57 rows=9807 width=8) (actual time=1204.075..2290.937 rows=6760 loops=1)
              Hash Cond: (mc.movie_id = t.id)
              ->  Seq Scan on movie_companies mc  (cost=0.00..57926.93 rows=377480 width=4) (actual time=0.293..887.389 rows=695153 loops=1)
                    Filter: ((company_id > 37808) AND (company_type_id > 1))
                    Rows Removed by Filter: 1913976
              ->  Hash  (cost=73925.90..73925.90 rows=65689 width=4) (actual time=1203.066..1203.066 rows=74524 loops=1)
                    Buckets: 131072  Batches: 1  Memory Usage: 3644kB
                    ->  Seq Scan on title t  (cost=0.00..73925.90 rows=65689 width=4) (actual time=0.030..1174.357 rows=74524 loops=1)
                          Filter: ((kind_id = 7) AND (production_year = 2006))
                          Rows Removed by Filter: 2453788
Planning time: 1.135 ms
Execution time: 18801.936 ms
