Seq Scan on movie_keyword mk  (cost=0.00..81003.12 rows=246 width=0) (actual time=21.633..1224.642 rows=139 loops=1)
  Filter: (keyword_id = 19141)
  Rows Removed by Filter: 4523791
Planning time: 0.913 ms
Execution time: 1224.822 ms
