Hash Join  (cost=117067.82..240937.14 rows=153229 width=0) (actual time=2425.100..6225.322 rows=2924894 loops=1)
  Hash Cond: (mk.movie_id = t.id)
  ->  Seq Scan on movie_keyword mk  (cost=0.00..69693.30 rows=4523930 width=4) (actual time=0.029..1469.478 rows=4523930 loops=1)
  ->  Hash  (cost=115662.28..115662.28 rows=85643 width=8) (actual time=2423.958..2423.958 rows=236195 loops=1)
        Buckets: 131072 (originally 131072)  Batches: 4 (originally 2)  Memory Usage: 3344kB
        ->  Hash Join  (cost=76500.37..115662.28 rows=85643 width=8) (actual time=1273.871..2353.139 rows=236195 loops=1)
              Hash Cond: (mi_idx.movie_id = t.id)
              ->  Seq Scan on movie_info_idx mi_idx  (cost=0.00..21735.35 rows=1380035 width=4) (actual time=0.045..447.269 rows=1380035 loops=1)
              ->  Hash  (cost=73925.90..73925.90 rows=156917 width=4) (actual time=1273.115..1273.115 rows=289293 loops=1)
                    Buckets: 131072  Batches: 4  Memory Usage: 3570kB
                    ->  Seq Scan on title t  (cost=0.00..73925.90 rows=156917 width=4) (actual time=0.036..1179.921 rows=289293 loops=1)
                          Filter: ((kind_id < 3) AND (production_year < 1981))
                          Rows Removed by Filter: 2239019
Planning time: 2.392 ms
Execution time: 6575.962 ms
