Seq Scan on movie_keyword mk  (cost=0.00..81003.12 rows=1034066 width=0) (actual time=0.022..1347.229 rows=1039253 loops=1)
  Filter: (keyword_id > 17055)
  Rows Removed by Filter: 3484677
Planning time: 0.295 ms
Execution time: 1479.536 ms
