Seq Scan on cast_info ci  (cost=0.00..705507.15 rows=14259922 width=0) (actual time=2599.724..12268.062 rows=14413351 loops=1)
  Filter: (person_id > 2219467)
  Rows Removed by Filter: 21830993
Planning time: 0.310 ms
Execution time: 14059.316 ms
