Hash Join  (cost=76805.85..148515.47 rows=74171 width=0) (actual time=1361.748..3494.667 rows=180550 loops=1)
  Hash Cond: (mc.movie_id = t.id)
  ->  Seq Scan on movie_companies mc  (cost=0.00..57926.93 rows=1068525 width=4) (actual time=186.377..1158.465 rows=816553 loops=1)
        Filter: ((company_id < 73455) AND (company_type_id = 2))
        Rows Removed by Filter: 1792576
  ->  Hash  (cost=73925.90..73925.90 rows=175516 width=4) (actual time=1174.208..1174.208 rows=306185 loops=1)
        Buckets: 131072  Batches: 4  Memory Usage: 3718kB
        ->  Seq Scan on title t  (cost=0.00..73925.90 rows=175516 width=4) (actual time=0.030..1060.143 rows=306185 loops=1)
              Filter: ((kind_id < 4) AND (production_year < 1980))
              Rows Removed by Filter: 2222127
Planning time: 0.526 ms
Execution time: 3517.415 ms
